<?xml version="1.0" encoding="utf-8"?>
<testsuite failures="0" name="docker_plugin_update" skipped="0" tests="1" time="41.17" timestamp="2022-04-04T09:07:05">
	<testcase classname="DockerPluginUpdateTest" name="docker_plugin_update"/>
</testsuite>
