<?xml version="1.0" encoding="utf-8"?>
<testsuite failures="0" name="docker_plugin_install" skipped="0" tests="1" time="20.22" timestamp="2022-02-24T14:01:23">
	<testcase classname="DockerPluginInstallTest" name="docker_plugin_install"/>
</testsuite>
