<?xml version="1.0" encoding="utf-8"?>
<testsuite name="docker_plugin_update" tests="1" failures="0" skipped="1" time="0.02" timestamp="2022-05-10T13:10:42">
	<testcase classname="DockerPluginUpdateTest" name="docker_plugin_update">
		<skipped message="SKIPPED: Testing the docker plugin is not supported on this platform.To run it, all the test with -XmyPlatform='container'"/>
		<system-out>13:10:42 INFO  ==============================================================
13:10:42 INFO  Id:    docker_plugin_update
13:10:42 INFO  Dir:   plugin_docker/
13:10:42 INFO  Title: Validate docker plugin install updates existing containers
13:10:42 INFO  ==============================================================
13:10:42 INFO  Testing the docker plugin is not supported on this platform.To run it, all the test with -XmyPlatform='container' ... skipped
13:10:42 WARN  Aborted test due to SKIPPED outcome
13:10:42 INFO  
13:10:42 INFO  Test duration: 0.02 secs
13:10:42 INFO  Test final outcome:  SKIPPED
13:10:42 INFO  Test outcome reason: Testing the docker plugin is not supported on this platform.To run it, all the test with -XmyPlatform='container'
13:10:42 INFO  
</system-out>
	</testcase>
</testsuite>
