<?xml version="1.0" encoding="utf-8"?>
<testsuite name="SoftwareManagement.sm_apt_install_download_path" tests="1" failures="0" skipped="1" time="0.13" timestamp="2022-05-03T08:04:44">
	<testcase classname="AptInstallWithDownloadPath" name="SoftwareManagement.sm_apt_install_download_path">
		<skipped message="SKIPPED: Testing the apt plugin is not supported on this platform.Use parameter -XmyPlatform='container' to enable it"/>
		<system-out>08:04:44 INFO  ==============================================================
08:04:44 INFO  Id:    SoftwareManagement.sm_apt_install_download_path
08:04:44 INFO  Dir:   software_management_end_to_end/
08:04:44 INFO  Title: Install package to directory specified in tedge config set tmp.path
08:04:44 INFO  ==============================================================
08:04:44 INFO  Testing the apt plugin is not supported on this platform.Use parameter -XmyPlatform='container' to enable it ... skipped
08:04:44 WARN  Aborted test due to SKIPPED outcome
08:04:44 INFO  
08:04:44 INFO  Test duration: 0.13 secs
08:04:44 INFO  Test final outcome:  SKIPPED
08:04:44 INFO  Test outcome reason: Testing the apt plugin is not supported on this platform.Use parameter -XmyPlatform='container' to enable it
08:04:44 INFO  
</system-out>
	</testcase>
</testsuite>
