<?xml version="1.0" encoding="utf-8"?>
<testsuite name="agent_init_session" tests="1" failures="1" skipped="0" time="6.16" timestamp="2022-05-09T07:12:29">
	<testcase classname="AgentInitSession" name="agent_init_session">
		<failure message="FAILED: Grep on sub_resp.out contains &quot;Ld3KgqpcLDlrYH6sfpG7w&quot;" type="FAILED"/>
		<system-out>07:12:23 INFO  ==============================================================
07:12:23 INFO  Id:    agent_init_session
07:12:23 INFO  Dir:   tedge_agent/
07:12:23 INFO  Title: Validate tedge agent init session feature
07:12:23 INFO  ==============================================================
07:12:24 INFO  Executed sudo&lt;remove_lock&gt;, exit status 0
07:12:24 INFO  Executed sudo&lt;agent_clear&gt;, exit status 0
07:12:25 INFO  Executed sudo&lt;agent_init&gt;, exit status 0
07:12:25 INFO  Executed sudo&lt;pub_req&gt;, exit status 0
07:12:25 INFO  Started sudo&lt;sub_resp&gt; with process id 12361
07:12:26 INFO  Executed sudo&lt;agent_start&gt;, exit status 0
07:12:26 INFO  Waiting for 2.0 seconds
07:12:28 INFO  Executed sudo&lt;agent_stop&gt;, exit status 0
07:12:29 INFO  Executed sudo&lt;sub_stop&gt;, exit status 0
07:12:29 WARN  Grep on sub_resp.out contains &quot;Ld3KgqpcLDlrYH6sfpG7w&quot; ... failed [run.py:87]
07:12:29 INFO  
07:12:29 INFO  Test duration: 6.16 secs
07:12:29 INFO  Test final outcome:  FAILED
07:12:29 INFO  Test outcome reason: Grep on sub_resp.out contains &quot;Ld3KgqpcLDlrYH6sfpG7w&quot;
07:12:29 INFO  
</system-out>
	</testcase>
</testsuite>
