<?xml version="1.0" encoding="utf-8"?>
<testsuite name="call_tedge_config_help" tests="1" failures="0" skipped="0" time="0.5" timestamp="2022-05-09T07:11:26">
	<testcase classname="PySysTest" name="call_tedge_config_help"/>
</testsuite>
