<?xml version="1.0" encoding="utf-8"?>
<testsuite name="smoketest_json" tests="1" failures="0" skipped="0" time="50.14" timestamp="2022-05-10T13:14:13">
	<testcase classname="SmokeTestJson" name="smoketest_json"/>
</testsuite>
