<?xml version="1.0" encoding="utf-8"?>
<testsuite name="mqtt_port_change_connection_works" tests="1" failures="0" skipped="1" time="0.02" timestamp="2022-05-30T09:07:54">
	<testcase classname="MqttPortChangeConnectionWorks" name="mqtt_port_change_connection_works">
		<skipped message="SKIPPED: failing intermitently"/>
		<system-out>09:07:54 INFO  ==============================================================
09:07:54 INFO  Id:    mqtt_port_change_connection_works
09:07:54 INFO  Dir:   misc_features/
09:07:54 INFO  Title: mqtt port change connection works for all the thin-edge services that use the mosquitto broker
09:07:54 INFO  ==============================================================
09:07:54 INFO  failing intermitently ... skipped
09:07:54 INFO  
09:07:54 INFO  Test duration: 0.02 secs
09:07:54 INFO  Test final outcome:  SKIPPED
09:07:54 INFO  Test outcome reason: failing intermitently
09:07:54 INFO  
</system-out>
	</testcase>
</testsuite>
