<?xml version="1.0" encoding="utf-8"?>
<testsuite name="SoftwareManagement.Plugin.apama_plugin_update" tests="1" failures="0" skipped="1" time="0.02" timestamp="2022-05-16T07:22:58">
	<testcase classname="ApamaPluginUpdateTest" name="SoftwareManagement.Plugin.apama_plugin_update">
		<skipped message="SKIPPED: Test execution disabled due to #1052"/>
		<system-out>07:22:57 INFO  ==============================================================
07:22:57 INFO  Id:    SoftwareManagement.Plugin.apama_plugin_update
07:22:57 INFO  Dir:   plugin_apama/
07:22:57 INFO  Title: Validate apama plugin updating one project with another
07:22:57 INFO  ==============================================================
07:22:58 INFO  Test execution disabled due to #1052 ... skipped
07:22:58 INFO  
07:22:58 INFO  Test duration: 0.02 secs
07:22:58 INFO  Test final outcome:  SKIPPED
07:22:58 INFO  Test outcome reason: Test execution disabled due to #1052
07:22:58 INFO  
</system-out>
	</testcase>
</testsuite>
