<?xml version="1.0" encoding="utf-8"?>
<testsuite name="runtime_start_two_mappers" tests="1" failures="1" skipped="0" time="1.84" timestamp="2022-05-03T08:08:48">
	<testcase classname="RuntimeMultiMappers" name="runtime_start_two_mappers">
		<failure message="FAILED: Grep on tedge_mapper2.err contains &quot;Error: Couldn't acquire file lock.&quot;" type="FAILED"/>
		<system-out>08:08:47 INFO  ==============================================================
08:08:47 INFO  Id:    runtime_start_two_mappers
08:08:47 INFO  Dir:   tedge_mapper_c8y/
08:08:47 INFO  Title: Validate two mappers can't be started at the same time
08:08:47 INFO  ==============================================================
08:08:47 INFO  Executed sudo&lt;tedge_mapper1&gt;, exit status 0
08:08:47 INFO  Waiting for 0.1 seconds
08:08:48 INFO  Executed sudo&lt;tedge_mapper2&gt;, exit status 1
08:08:48 INFO  Executed sudo&lt;tedge_mapper1&gt;, exit status 0
08:08:48 WARN  Grep on tedge_mapper2.err contains &quot;Error: Couldn't acquire file lock.&quot; ... failed [run.py:45]
08:08:48 INFO  
08:08:48 INFO  Test duration: 1.84 secs
08:08:48 INFO  Test final outcome:  FAILED
08:08:48 INFO  Test outcome reason: Grep on tedge_mapper2.err contains &quot;Error: Couldn't acquire file lock.&quot;
08:08:48 INFO  
</system-out>
	</testcase>
</testsuite>
