<?xml version="1.0" encoding="utf-8"?>
<testsuite name="SoftwareManagement.sm_apt_install_remove_multiple" tests="1" failures="0" skipped="1" time="0.02" timestamp="2022-05-02T15:17:26">
	<testcase classname="PySysTest" name="SoftwareManagement.sm_apt_install_remove_multiple">
		<skipped message="SKIPPED: Testing the apt plugin is not supported on this platform.Use parameter -XmyPlatform='container' to enable it"/>
		<system-out>15:17:26 INFO  ==============================================================
15:17:26 INFO  Id:    SoftwareManagement.sm_apt_install_remove_multiple
15:17:26 INFO  Dir:   software_management_end_to_end/
15:17:26 INFO  Title: Validate end to end behaviour for the apt plugin for multiple packages
15:17:26 INFO  ==============================================================
15:17:26 INFO  Testing the apt plugin is not supported on this platform.Use parameter -XmyPlatform='container' to enable it ... skipped
15:17:26 WARN  Aborted test due to SKIPPED outcome
15:17:26 INFO  
15:17:26 INFO  Test duration: 0.02 secs
15:17:26 INFO  Test final outcome:  SKIPPED
15:17:26 INFO  Test outcome reason: Testing the apt plugin is not supported on this platform.Use parameter -XmyPlatform='container' to enable it
15:17:26 INFO  
</system-out>
	</testcase>
</testsuite>
