<?xml version="1.0" encoding="utf-8"?>
<testsuite name="apt_install" tests="1" failures="0" skipped="1" time="0.04" timestamp="2022-05-03T07:54:22">
	<testcase classname="AptPluginInstallDense" name="apt_install">
		<skipped message="SKIPPED: Testing the apt plugin is not supported on this platform.To run the tests call PySys with -XmyPlatform='container'"/>
		<system-out>07:54:22 INFO  ==============================================================
07:54:22 INFO  Id:    apt_install
07:54:22 INFO  Dir:   plugin_apt/
07:54:22 INFO  Title: Validate apt plugin prepare - dense version
07:54:22 INFO  ==============================================================
07:54:22 INFO  Testing the apt plugin is not supported on this platform.To run the tests call PySys with -XmyPlatform='container' ... skipped
07:54:22 WARN  Aborted test due to SKIPPED outcome
07:54:22 INFO  
07:54:22 INFO  Test duration: 0.04 secs
07:54:22 INFO  Test final outcome:  SKIPPED
07:54:22 INFO  Test outcome reason: Testing the apt plugin is not supported on this platform.To run the tests call PySys with -XmyPlatform='container'
07:54:22 INFO  
</system-out>
	</testcase>
</testsuite>
