<?xml version="1.0" encoding="utf-8"?>
<testsuite name="SoftwareManagement.Plugin.apama_plugin_update" tests="1" failures="0" skipped="1" time="0.02" timestamp="2022-05-10T19:28:54">
	<testcase classname="ApamaPluginUpdateTest" name="SoftwareManagement.Plugin.apama_plugin_update">
		<skipped message="SKIPPED: Test execution disabled due to #1052"/>
		<system-out>19:28:54 INFO  ==============================================================
19:28:54 INFO  Id:    SoftwareManagement.Plugin.apama_plugin_update
19:28:54 INFO  Dir:   plugin_apama/
19:28:54 INFO  Title: Validate apama plugin updating one project with another
19:28:54 INFO  ==============================================================
19:28:54 INFO  Test execution disabled due to #1052 ... skipped
19:28:54 INFO  
19:28:54 INFO  Test duration: 0.02 secs
19:28:54 INFO  Test final outcome:  SKIPPED
19:28:54 INFO  Test outcome reason: Test execution disabled due to #1052
19:28:54 INFO  
</system-out>
	</testcase>
</testsuite>
