<?xml version="1.0" encoding="utf-8"?>
<testsuite name="tedge_connect_test_negative" tests="1" failures="0" skipped="0" time="0.66" timestamp="2022-05-02T15:19:03">
	<testcase classname="TedgeConnectTestNegative" name="tedge_connect_test_negative"/>
</testsuite>
