<?xml version="1.0" encoding="utf-8"?>
<testsuite name="SoftwareManagement.Plugin.apama_plugin_update" tests="1" failures="0" skipped="1" time="0.02" timestamp="2022-05-02T15:06:55">
	<testcase classname="ApamaPluginUpdateTest" name="SoftwareManagement.Plugin.apama_plugin_update">
		<skipped message="SKIPPED: Apama plugin tests are disabled by default. Execute `pysys run` with `-XmyPlatform=container` to run these tests"/>
		<system-out>15:06:55 INFO  ==============================================================
15:06:55 INFO  Id:    SoftwareManagement.Plugin.apama_plugin_update
15:06:55 INFO  Dir:   plugin_apama/
15:06:55 INFO  Title: Validate apama plugin updating one project with another
15:06:55 INFO  ==============================================================
15:06:55 INFO  Apama plugin tests are disabled by default. Execute `pysys run` with `-XmyPlatform=container` to run these tests ... skipped
15:06:55 WARN  Aborted test due to SKIPPED outcome
15:06:55 INFO  
15:06:55 INFO  Test duration: 0.02 secs
15:06:55 INFO  Test final outcome:  SKIPPED
15:06:55 INFO  Test outcome reason: Apama plugin tests are disabled by default. Execute `pysys run` with `-XmyPlatform=container` to run these tests
15:06:55 INFO  
</system-out>
	</testcase>
</testsuite>
