<?xml version="1.0" encoding="utf-8"?>
<testsuite name="agent_init_session" tests="1" failures="1" skipped="0" time="6.23" timestamp="2022-05-02T15:18:33">
	<testcase classname="AgentInitSession" name="agent_init_session">
		<failure message="FAILED: Grep on sub_resp.out contains &quot;Ld3KgqpcLDlrYH6sfpG7w&quot;" type="FAILED"/>
		<system-out>15:18:27 INFO  ==============================================================
15:18:27 INFO  Id:    agent_init_session
15:18:27 INFO  Dir:   tedge_agent/
15:18:27 INFO  Title: Validate tedge agent init session feature
15:18:27 INFO  ==============================================================
15:18:28 INFO  Executed sudo&lt;remove_lock&gt;, exit status 0
15:18:28 INFO  Executed sudo&lt;agent_clear&gt;, exit status 0
15:18:29 INFO  Executed sudo&lt;agent_init&gt;, exit status 0
15:18:29 INFO  Executed sudo&lt;pub_req&gt;, exit status 0
15:18:29 INFO  Started sudo&lt;sub_resp&gt; with process id 955
15:18:30 INFO  Executed sudo&lt;agent_start&gt;, exit status 0
15:18:30 INFO  Waiting for 2.0 seconds
15:18:33 INFO  Executed sudo&lt;agent_stop&gt;, exit status 0
15:18:33 INFO  Executed sudo&lt;sub_stop&gt;, exit status 0
15:18:33 WARN  Grep on sub_resp.out contains &quot;Ld3KgqpcLDlrYH6sfpG7w&quot; ... failed [run.py:87]
15:18:33 INFO  
15:18:33 INFO  Test duration: 6.23 secs
15:18:33 INFO  Test final outcome:  FAILED
15:18:33 INFO  Test outcome reason: Grep on sub_resp.out contains &quot;Ld3KgqpcLDlrYH6sfpG7w&quot;
15:18:33 INFO  
</system-out>
	</testcase>
</testsuite>
