<?xml version="1.0" encoding="utf-8"?>
<testsuite name="log_request_num_lines" tests="1" failures="1" skipped="0" time="40.64" timestamp="2022-05-04T07:58:20">
	<testcase classname="LogRequestVerifyNumberOfLines" name="log_request_num_lines">
		<failure message="FAILED: Assert that (True == value) with value=False" type="FAILED"/>
		<system-out>07:57:40 INFO  ==============================================================
07:57:40 INFO  Id:    log_request_num_lines
07:57:40 INFO  Dir:   log_request_end_to_end/
07:57:40 INFO  Title: Validate end to end behaviour for the log request operation check for number of lines
07:57:40 INFO  ==============================================================
07:57:40 INFO  EnvironmentC8y Setup
07:57:40 INFO  Executed systemctl&lt;serv_mapper1&gt;, exit status 3
07:57:40 INFO  Restarting mosquitto too frequently in the last 10 seconds. It was only up for 2 seconds
07:57:40 INFO  Delaying execution by 9 seconds
07:58:07 INFO  Executed sudo&lt;tedge_connect_c8y&gt;, exit status 0, duration 17 secs
07:58:07 INFO  Executed sudo&lt;tedge_connect_c8y_test&gt;, exit status 0
07:58:08 INFO  Executed systemctl&lt;serv_mosq2&gt;, exit status 0
07:58:09 INFO  Executed systemctl&lt;serv_mapper3&gt;, exit status 0
07:58:09 INFO  Executed sudo&lt;rm_logs&gt;, exit status 0
07:58:10 INFO  Executed sudo&lt;move_logs&gt;, exit status 0
07:58:10 INFO  log response None
07:58:10 WARN  retry, retrying in 1 seconds...
07:58:12 INFO  log response https://thin-edge-io.eu-latest.cumulocity.com/event/events/18349358/binaries
07:58:12 INFO  nlines 0
07:58:13 WARN  Assert that (True == value) with value=False ... failed [run.py:44]
07:58:13 INFO  
07:58:13 INFO  cleanup:
07:58:13 INFO  Executed sudo&lt;rm_logs&gt;, exit status 0
07:58:14 INFO  Executed sudo&lt;rm_tmp_logs&gt;, exit status 0
07:58:14 INFO  Executed sudo&lt;send_failed&gt;, exit status 0
07:58:20 INFO  Executed sudo&lt;tedge_disconnect_c8y&gt;, exit status 0
07:58:20 INFO  Executed systemctl&lt;serv_mapper5&gt;, exit status 3
07:58:20 INFO  
07:58:20 INFO  Test duration: 40.64 secs
07:58:20 INFO  Test final outcome:  FAILED
07:58:20 INFO  Test outcome reason: Assert that (True == value) with value=False
07:58:20 INFO  
</system-out>
	</testcase>
</testsuite>
