<?xml version="1.0" encoding="utf-8"?>
<testsuite name="docker_plugin_finalize" tests="1" failures="0" skipped="1" time="0.05" timestamp="2022-05-04T08:00:05">
	<testcase classname="DockerPluginFinalizeTest" name="docker_plugin_finalize">
		<skipped message="SKIPPED: Testing the docker plugin is not supported on this platform.To run it, all the test with -XmyPlatform='container'"/>
		<system-out>08:00:04 INFO  ==============================================================
08:00:04 INFO  Id:    docker_plugin_finalize
08:00:04 INFO  Dir:   plugin_docker/
08:00:04 INFO  Title: Validate docker plugin finalize command
08:00:04 INFO  ==============================================================
08:00:05 INFO  Testing the docker plugin is not supported on this platform.To run it, all the test with -XmyPlatform='container' ... skipped
08:00:05 WARN  Aborted test due to SKIPPED outcome
08:00:05 INFO  
08:00:05 INFO  Test duration: 0.05 secs
08:00:05 INFO  Test final outcome:  SKIPPED
08:00:05 INFO  Test outcome reason: Testing the docker plugin is not supported on this platform.To run it, all the test with -XmyPlatform='container'
08:00:05 INFO  
</system-out>
	</testcase>
</testsuite>
