<?xml version="1.0" encoding="utf-8"?>
<testsuite name="apt_finalize" tests="1" failures="0" skipped="1" time="0.02" timestamp="2022-05-10T19:28:54">
	<testcase classname="AptPluginFinalize" name="apt_finalize">
		<skipped message="SKIPPED: Testing the apt plugin is not supported on this platform.To run the tests call PySys with -XmyPlatform='container'"/>
		<system-out>19:28:54 INFO  ==============================================================
19:28:54 INFO  Id:    apt_finalize
19:28:54 INFO  Dir:   plugin_apt/
19:28:54 INFO  Title: Validate apt plugin finalize - dense version
19:28:54 INFO  ==============================================================
19:28:54 INFO  Testing the apt plugin is not supported on this platform.To run the tests call PySys with -XmyPlatform='container' ... skipped
19:28:54 WARN  Aborted test due to SKIPPED outcome
19:28:54 INFO  
19:28:54 INFO  Test duration: 0.02 secs
19:28:54 INFO  Test final outcome:  SKIPPED
19:28:54 INFO  Test outcome reason: Testing the apt plugin is not supported on this platform.To run the tests call PySys with -XmyPlatform='container'
19:28:54 INFO  
</system-out>
	</testcase>
</testsuite>
