<?xml version="1.0" encoding="utf-8"?>
<testsuite name="pysys_block" tests="1" failures="0" skipped="1" time="0.04" timestamp="2022-05-02T15:06:19">
	<testcase classname="Fail" name="pysys_block">
		<skipped message="SKIPPED: Enable this to observe a blocking test"/>
		<system-out>15:06:19 INFO  ==============================================================
15:06:19 INFO  Id:    pysys_block
15:06:19 INFO  Dir:   misc_features/
15:06:19 INFO  Title: fail
15:06:19 INFO  ==============================================================
15:06:19 INFO  Enable this to observe a blocking test ... skipped
15:06:19 INFO  
15:06:19 INFO  Test duration: 0.04 secs
15:06:19 INFO  Test final outcome:  SKIPPED
15:06:19 INFO  Test outcome reason: Enable this to observe a blocking test
15:06:19 INFO  
</system-out>
	</testcase>
</testsuite>
