<?xml version="1.0" encoding="utf-8"?>
<testsuite name="apt_wrong_option" tests="1" failures="0" skipped="1" time="0.02" timestamp="2022-05-16T07:23:02">
	<testcase classname="AptPluginWrongOption" name="apt_wrong_option">
		<skipped message="SKIPPED: Testing the apt plugin is not supported on this platform.To run the tests call PySys with -XmyPlatform='container'"/>
		<system-out>07:23:02 INFO  ==============================================================
07:23:02 INFO  Id:    apt_wrong_option
07:23:02 INFO  Dir:   plugin_apt/
07:23:02 INFO  Title: Validate apt plugin install
07:23:02 INFO  ==============================================================
07:23:02 INFO  Testing the apt plugin is not supported on this platform.To run the tests call PySys with -XmyPlatform='container' ... skipped
07:23:02 WARN  Aborted test due to SKIPPED outcome
07:23:02 INFO  
07:23:02 INFO  Test duration: 0.02 secs
07:23:02 INFO  Test final outcome:  SKIPPED
07:23:02 INFO  Test outcome reason: Testing the apt plugin is not supported on this platform.To run the tests call PySys with -XmyPlatform='container'
07:23:02 INFO  
</system-out>
	</testcase>
</testsuite>
