<?xml version="1.0" encoding="utf-8"?>
<testsuite name="publish_sawmill" tests="1" failures="0" skipped="0" time="82.82" timestamp="2022-05-09T07:03:42">
	<testcase classname="PublishSawmill" name="publish_sawmill"/>
</testsuite>
