<?xml version="1.0" encoding="utf-8"?>
<testsuite name="smoketest_json" tests="1" failures="0" skipped="0" time="50.26" timestamp="2022-05-23T09:18:40">
	<testcase classname="SmokeTestJson" name="smoketest_json"/>
</testsuite>
