<?xml version="1.0" encoding="utf-8"?>
<testsuite name="invalid_device_id" tests="1" failures="0" skipped="0" time="4.47" timestamp="2022-05-30T09:07:52">
	<testcase classname="InvalidDeviceId" name="invalid_device_id"/>
</testsuite>
