<?xml version="1.0" encoding="utf-8"?>
<testsuite name="pysys_fail" tests="1" failures="0" skipped="1" time="0.01" timestamp="2022-05-03T07:53:47">
	<testcase classname="Fail" name="pysys_fail">
		<skipped message="SKIPPED: Enable this to observe a failing test"/>
		<system-out>07:53:47 INFO  ==============================================================
07:53:47 INFO  Id:    pysys_fail
07:53:47 INFO  Dir:   misc_features/
07:53:47 INFO  Title: fail
07:53:47 INFO  ==============================================================
07:53:47 INFO  Enable this to observe a failing test ... skipped
07:53:47 INFO  
07:53:47 INFO  Test duration: 0.01 secs
07:53:47 INFO  Test final outcome:  SKIPPED
07:53:47 INFO  Test outcome reason: Enable this to observe a failing test
07:53:47 INFO  
</system-out>
	</testcase>
</testsuite>
