<?xml version="1.0" encoding="utf-8"?>
<testsuite name="docker_plugin_install_with_version" tests="1" failures="0" skipped="1" time="0.04" timestamp="2022-05-09T07:01:01">
	<testcase classname="DockerPluginInstallWithVersionTest" name="docker_plugin_install_with_version">
		<skipped message="SKIPPED: Testing the docker plugin is not supported on this platform.To run it, all the test with -XmyPlatform='container'"/>
		<system-out>07:01:01 INFO  ==============================================================
07:01:01 INFO  Id:    docker_plugin_install_with_version
07:01:01 INFO  Dir:   plugin_docker/
07:01:01 INFO  Title: Validate docker plugin install
07:01:01 INFO  ==============================================================
07:01:01 INFO  Testing the docker plugin is not supported on this platform.To run it, all the test with -XmyPlatform='container' ... skipped
07:01:01 WARN  Aborted test due to SKIPPED outcome
07:01:01 INFO  
07:01:01 INFO  Test duration: 0.04 secs
07:01:01 INFO  Test final outcome:  SKIPPED
07:01:01 INFO  Test outcome reason: Testing the docker plugin is not supported on this platform.To run it, all the test with -XmyPlatform='container'
07:01:01 INFO  
</system-out>
	</testcase>
</testsuite>
