<?xml version="1.0" encoding="utf-8"?>
<testsuite name="publish_flux" tests="1" failures="0" skipped="0" time="78.4" timestamp="2022-05-10T13:12:00">
	<testcase classname="PublishFlux" name="publish_flux"/>
</testsuite>
