<?xml version="1.0" encoding="utf-8"?>
<testsuite name="mqtt_port_change_connection_fails" tests="1" failures="0" skipped="0" time="1.72" timestamp="2022-05-04T07:58:56">
	<testcase classname="MqttPortChangeConnectionFails" name="mqtt_port_change_connection_fails"/>
</testsuite>
