<?xml version="1.0" encoding="utf-8"?>
<testsuite name="monitoring_smaller_interval" tests="1" failures="0" skipped="1" time="0.06" timestamp="2022-05-09T07:00:55">
	<testcase classname="MonitoringSmallInterval" name="monitoring_smaller_interval">
		<skipped message="SKIPPED: Fails due to retained message"/>
		<system-out>07:00:55 INFO  ==============================================================
07:00:55 INFO  Id:    monitoring_smaller_interval
07:00:55 INFO  Dir:   monitoring/
07:00:55 INFO  Title: Validate the tedge dm agent messages that are produced with smaller sampling interval than the batching window. Here the simulated collectd messages are used
07:00:55 INFO  ==============================================================
07:00:55 INFO  Fails due to retained message ... skipped
07:00:55 INFO  
07:00:55 INFO  Test duration: 0.06 secs
07:00:55 INFO  Test final outcome:  SKIPPED
07:00:55 INFO  Test outcome reason: Fails due to retained message
07:00:55 INFO  
</system-out>
	</testcase>
</testsuite>
