<?xml version="1.0" encoding="utf-8"?>
<testsuite name="call_tedge_config_list" tests="1" failures="0" skipped="0" time="25.57" timestamp="2022-05-10T13:21:29">
	<testcase classname="PySysTest" name="call_tedge_config_list"/>
</testsuite>
