<?xml version="1.0" encoding="utf-8"?>
<testsuite name="monitoring_with_collectd" tests="1" failures="0" skipped="1" time="0.04" timestamp="2022-05-23T09:14:59">
	<testcase classname="MonitoringWithCollectd" name="monitoring_with_collectd">
		<skipped message="SKIPPED: Test execution disabled due to #792 (instable)"/>
		<system-out>09:14:59 INFO  ==============================================================
09:14:59 INFO  Id:    monitoring_with_collectd
09:14:59 INFO  Dir:   monitoring/
09:14:59 INFO  Title: Validate tedge dm agent messages that are produced by batching the collectd messages
09:14:59 INFO  ==============================================================
09:14:59 INFO  Test execution disabled due to #792 (instable) ... skipped
09:14:59 INFO  
09:14:59 INFO  Test duration: 0.04 secs
09:14:59 INFO  Test final outcome:  SKIPPED
09:14:59 INFO  Test outcome reason: Test execution disabled due to #792 (instable)
09:14:59 INFO  
</system-out>
	</testcase>
</testsuite>
