<?xml version="1.0" encoding="utf-8"?>
<testsuite name="monitoring_smaller_interval" tests="1" failures="0" skipped="1" time="0.06" timestamp="2022-05-23T09:14:59">
	<testcase classname="MonitoringSmallInterval" name="monitoring_smaller_interval">
		<skipped message="SKIPPED: Fails due to retained message"/>
		<system-out>09:14:59 INFO  ==============================================================
09:14:59 INFO  Id:    monitoring_smaller_interval
09:14:59 INFO  Dir:   monitoring/
09:14:59 INFO  Title: Validate the tedge dm agent messages that are produced with smaller sampling interval than the batching window. Here the simulated collectd messages are used
09:14:59 INFO  ==============================================================
09:14:59 INFO  Fails due to retained message ... skipped
09:14:59 INFO  
09:14:59 INFO  Test duration: 0.06 secs
09:14:59 INFO  Test final outcome:  SKIPPED
09:14:59 INFO  Test outcome reason: Fails due to retained message
09:14:59 INFO  
</system-out>
	</testcase>
</testsuite>
