<?xml version="1.0" encoding="utf-8"?>
<testsuite name="SoftwareManagement.Plugin.apama_plugin_update" tests="1" failures="0" skipped="1" time="0.02" timestamp="2022-05-30T09:08:57">
	<testcase classname="ApamaPluginUpdateTest" name="SoftwareManagement.Plugin.apama_plugin_update">
		<skipped message="SKIPPED: Test execution disabled due to #1052"/>
		<system-out>09:08:57 INFO  ==============================================================
09:08:57 INFO  Id:    SoftwareManagement.Plugin.apama_plugin_update
09:08:57 INFO  Dir:   plugin_apama/
09:08:57 INFO  Title: Validate apama plugin updating one project with another
09:08:57 INFO  ==============================================================
09:08:57 INFO  Test execution disabled due to #1052 ... skipped
09:08:57 INFO  
09:08:57 INFO  Test duration: 0.02 secs
09:08:57 INFO  Test final outcome:  SKIPPED
09:08:57 INFO  Test outcome reason: Test execution disabled due to #1052
09:08:57 INFO  
</system-out>
	</testcase>
</testsuite>
