<?xml version="1.0" encoding="utf-8"?>
<testsuite name="smoketest_smartrest" tests="1" failures="0" skipped="0" time="53.02" timestamp="2022-05-23T09:21:38">
	<testcase classname="SmoketestSmartRest" name="smoketest_smartrest"/>
</testsuite>
