<?xml version="1.0" encoding="utf-8"?>
<testsuite name="log_request_num_lines" tests="1" failures="0" skipped="1" time="0.03" timestamp="2022-05-23T09:13:19">
	<testcase classname="LogRequestVerifyNumberOfLines" name="log_request_num_lines">
		<skipped message="SKIPPED: Test execution disabled due to #1123"/>
		<system-out>09:13:19 INFO  ==============================================================
09:13:19 INFO  Id:    log_request_num_lines
09:13:19 INFO  Dir:   log_request_end_to_end/
09:13:19 INFO  Title: Validate end to end behaviour for the log request operation check for number of lines
09:13:19 INFO  ==============================================================
09:13:19 INFO  Test execution disabled due to #1123 ... skipped
09:13:19 INFO  
09:13:19 INFO  Test duration: 0.03 secs
09:13:19 INFO  Test final outcome:  SKIPPED
09:13:19 INFO  Test outcome reason: Test execution disabled due to #1123
09:13:19 INFO  
</system-out>
	</testcase>
</testsuite>
