<?xml version="1.0" encoding="utf-8"?>
<testsuite name="apt_prepare" tests="1" failures="0" skipped="1" time="0.02" timestamp="2022-05-03T07:54:26">
	<testcase classname="AptPluginPrepare" name="apt_prepare">
		<skipped message="SKIPPED: Testing the apt plugin is not supported on this platform.To run the tests call PySys with -XmyPlatform='container'"/>
		<system-out>07:54:26 INFO  ==============================================================
07:54:26 INFO  Id:    apt_prepare
07:54:26 INFO  Dir:   plugin_apt/
07:54:26 INFO  Title: Validate apt plugin install - dense version
07:54:26 INFO  ==============================================================
07:54:26 INFO  Testing the apt plugin is not supported on this platform.To run the tests call PySys with -XmyPlatform='container' ... skipped
07:54:26 WARN  Aborted test due to SKIPPED outcome
07:54:26 INFO  
07:54:26 INFO  Test duration: 0.02 secs
07:54:26 INFO  Test final outcome:  SKIPPED
07:54:26 INFO  Test outcome reason: Testing the apt plugin is not supported on this platform.To run the tests call PySys with -XmyPlatform='container'
07:54:26 INFO  
</system-out>
	</testcase>
</testsuite>
