<?xml version="1.0" encoding="utf-8"?>
<testsuite name="monitoring_smaller_interval" tests="1" failures="0" skipped="1" time="0.07" timestamp="2022-05-16T07:22:57">
	<testcase classname="MonitoringSmallInterval" name="monitoring_smaller_interval">
		<skipped message="SKIPPED: Fails due to retained message"/>
		<system-out>07:22:57 INFO  ==============================================================
07:22:57 INFO  Id:    monitoring_smaller_interval
07:22:57 INFO  Dir:   monitoring/
07:22:57 INFO  Title: Validate the tedge dm agent messages that are produced with smaller sampling interval than the batching window. Here the simulated collectd messages are used
07:22:57 INFO  ==============================================================
07:22:57 INFO  Fails due to retained message ... skipped
07:22:57 INFO  
07:22:57 INFO  Test duration: 0.07 secs
07:22:57 INFO  Test final outcome:  SKIPPED
07:22:57 INFO  Test outcome reason: Fails due to retained message
07:22:57 INFO  
</system-out>
	</testcase>
</testsuite>
