<?xml version="1.0" encoding="utf-8"?>
<testsuite name="local_mqtt_pub_sub_retain" tests="1" failures="0" skipped="0" time="5.82" timestamp="2022-05-30T09:07:12">
	<testcase classname="MqttPublishWithRetain" name="local_mqtt_pub_sub_retain"/>
</testsuite>
