<?xml version="1.0" encoding="utf-8"?>
<testsuite name="SoftwareManagement.Plugin.apama_plugin_mon_support" tests="1" failures="0" skipped="1" time="0.06" timestamp="2022-05-16T07:22:57">
	<testcase classname="ApamaPluginMonSupportTest" name="SoftwareManagement.Plugin.apama_plugin_mon_support">
		<skipped message="SKIPPED: Apama plugin tests are disabled by default. Execute `pysys run` with `-XmyPlatform=container` to run these tests"/>
		<system-out>07:22:57 INFO  ==============================================================
07:22:57 INFO  Id:    SoftwareManagement.Plugin.apama_plugin_mon_support
07:22:57 INFO  Dir:   plugin_apama/
07:22:57 INFO  Title: Validate mon file support of apama plugin
07:22:57 INFO  ==============================================================
07:22:57 INFO  Apama plugin tests are disabled by default. Execute `pysys run` with `-XmyPlatform=container` to run these tests ... skipped
07:22:57 WARN  Aborted test due to SKIPPED outcome
07:22:57 INFO  
07:22:57 INFO  Test duration: 0.06 secs
07:22:57 INFO  Test final outcome:  SKIPPED
07:22:57 INFO  Test outcome reason: Apama plugin tests are disabled by default. Execute `pysys run` with `-XmyPlatform=container` to run these tests
07:22:57 INFO  
</system-out>
	</testcase>
</testsuite>
