<?xml version="1.0" encoding="utf-8"?>
<testsuite name="apt_prepare" tests="1" failures="0" skipped="1" time="0.02" timestamp="2022-05-02T15:06:58">
	<testcase classname="AptPluginPrepare" name="apt_prepare">
		<skipped message="SKIPPED: Testing the apt plugin is not supported on this platform.To run the tests call PySys with -XmyPlatform='container'"/>
		<system-out>15:06:58 INFO  ==============================================================
15:06:58 INFO  Id:    apt_prepare
15:06:58 INFO  Dir:   plugin_apt/
15:06:58 INFO  Title: Validate apt plugin install - dense version
15:06:58 INFO  ==============================================================
15:06:58 INFO  Testing the apt plugin is not supported on this platform.To run the tests call PySys with -XmyPlatform='container' ... skipped
15:06:58 WARN  Aborted test due to SKIPPED outcome
15:06:58 INFO  
15:06:58 INFO  Test duration: 0.02 secs
15:06:58 INFO  Test final outcome:  SKIPPED
15:06:58 INFO  Test outcome reason: Testing the apt plugin is not supported on this platform.To run the tests call PySys with -XmyPlatform='container'
15:06:58 INFO  
</system-out>
	</testcase>
</testsuite>
