<?xml version="1.0" encoding="utf-8"?>
<testsuite name="docker_plugin_install" tests="1" failures="0" skipped="1" time="0.03" timestamp="2022-05-11T11:33:08">
	<testcase classname="DockerPluginInstallTest" name="docker_plugin_install">
		<skipped message="SKIPPED: Testing the docker plugin is not supported on this platform.To run it, all the test with -XmyPlatform='container'"/>
		<system-out>11:33:08 INFO  ==============================================================
11:33:08 INFO  Id:    docker_plugin_install
11:33:08 INFO  Dir:   plugin_docker/
11:33:08 INFO  Title: Validate docker plugin install
11:33:08 INFO  ==============================================================
11:33:08 INFO  Testing the docker plugin is not supported on this platform.To run it, all the test with -XmyPlatform='container' ... skipped
11:33:08 WARN  Aborted test due to SKIPPED outcome
11:33:08 INFO  
11:33:08 INFO  Test duration: 0.03 secs
11:33:08 INFO  Test final outcome:  SKIPPED
11:33:08 INFO  Test outcome reason: Testing the docker plugin is not supported on this platform.To run it, all the test with -XmyPlatform='container'
11:33:08 INFO  
</system-out>
	</testcase>
</testsuite>
