<?xml version="1.0" encoding="utf-8"?>
<testsuite name="docker_plugin_update" tests="1" failures="0" skipped="1" time="0.02" timestamp="2022-05-02T15:07:00">
	<testcase classname="DockerPluginUpdateTest" name="docker_plugin_update">
		<skipped message="SKIPPED: Testing the docker plugin is not supported on this platform.To run it, all the test with -XmyPlatform='container'"/>
		<system-out>15:07:00 INFO  ==============================================================
15:07:00 INFO  Id:    docker_plugin_update
15:07:00 INFO  Dir:   plugin_docker/
15:07:00 INFO  Title: Validate docker plugin install updates existing containers
15:07:00 INFO  ==============================================================
15:07:00 INFO  Testing the docker plugin is not supported on this platform.To run it, all the test with -XmyPlatform='container' ... skipped
15:07:00 WARN  Aborted test due to SKIPPED outcome
15:07:00 INFO  
15:07:00 INFO  Test duration: 0.02 secs
15:07:00 INFO  Test final outcome:  SKIPPED
15:07:00 INFO  Test outcome reason: Testing the docker plugin is not supported on this platform.To run it, all the test with -XmyPlatform='container'
15:07:00 INFO  
</system-out>
	</testcase>
</testsuite>
