<?xml version="1.0" encoding="utf-8"?>
<testsuite name="SoftwareManagement.sm_apt_install_remove_with_version" tests="1" failures="0" skipped="1" time="0.04" timestamp="2022-05-03T08:04:45">
	<testcase classname="PySysTest" name="SoftwareManagement.sm_apt_install_remove_with_version">
		<skipped message="SKIPPED: Testing the apt plugin is not supported on this platform.Use parameter -XmyPlatform='container' to enable it"/>
		<system-out>08:04:45 INFO  ==============================================================
08:04:45 INFO  Id:    SoftwareManagement.sm_apt_install_remove_with_version
08:04:45 INFO  Dir:   software_management_end_to_end/
08:04:45 INFO  Title: Validate end to end behaviour for the apt plugin for packages with version
08:04:45 INFO  ==============================================================
08:04:45 INFO  Testing the apt plugin is not supported on this platform.Use parameter -XmyPlatform='container' to enable it ... skipped
08:04:45 WARN  Aborted test due to SKIPPED outcome
08:04:45 INFO  
08:04:45 INFO  Test duration: 0.04 secs
08:04:45 INFO  Test final outcome:  SKIPPED
08:04:45 INFO  Test outcome reason: Testing the apt plugin is not supported on this platform.Use parameter -XmyPlatform='container' to enable it
08:04:45 INFO  
</system-out>
	</testcase>
</testsuite>
