<?xml version="1.0" encoding="utf-8"?>
<testsuite name="agent_init_session" tests="1" failures="1" skipped="0" time="6.09" timestamp="2022-05-03T08:05:52">
	<testcase classname="AgentInitSession" name="agent_init_session">
		<failure message="FAILED: Grep on sub_resp.out contains &quot;Ld3KgqpcLDlrYH6sfpG7w&quot;" type="FAILED"/>
		<system-out>08:05:45 INFO  ==============================================================
08:05:45 INFO  Id:    agent_init_session
08:05:45 INFO  Dir:   tedge_agent/
08:05:45 INFO  Title: Validate tedge agent init session feature
08:05:45 INFO  ==============================================================
08:05:46 INFO  Executed sudo&lt;remove_lock&gt;, exit status 0
08:05:47 INFO  Executed sudo&lt;agent_clear&gt;, exit status 0
08:05:47 INFO  Executed sudo&lt;agent_init&gt;, exit status 0
08:05:48 INFO  Executed sudo&lt;pub_req&gt;, exit status 0
08:05:48 INFO  Started sudo&lt;sub_resp&gt; with process id 25546
08:05:48 INFO  Executed sudo&lt;agent_start&gt;, exit status 0
08:05:48 INFO  Waiting for 2.0 seconds
08:05:51 INFO  Executed sudo&lt;agent_stop&gt;, exit status 0
08:05:52 INFO  Executed sudo&lt;sub_stop&gt;, exit status 0
08:05:52 WARN  Grep on sub_resp.out contains &quot;Ld3KgqpcLDlrYH6sfpG7w&quot; ... failed [run.py:87]
08:05:52 INFO  
08:05:52 INFO  Test duration: 6.09 secs
08:05:52 INFO  Test final outcome:  FAILED
08:05:52 INFO  Test outcome reason: Grep on sub_resp.out contains &quot;Ld3KgqpcLDlrYH6sfpG7w&quot;
08:05:52 INFO  
</system-out>
	</testcase>
</testsuite>
