<?xml version="1.0" encoding="utf-8"?>
<testsuite name="apt_sequence_remove" tests="1" failures="0" skipped="1" time="0.06" timestamp="2022-05-02T15:06:59">
	<testcase classname="AptPluginInstallPrepareRemoveFinalize" name="apt_sequence_remove">
		<skipped message="SKIPPED: Testing the apt plugin is not supported on this platform.To run the tests call PySys with -XmyPlatform='container'"/>
		<system-out>15:06:59 INFO  ==============================================================
15:06:59 INFO  Id:    apt_sequence_remove
15:06:59 INFO  Dir:   plugin_apt/
15:06:59 INFO  Title: Validate apt plugin prepare install remove finalize use case
15:06:59 INFO  ==============================================================
15:06:59 INFO  Testing the apt plugin is not supported on this platform.To run the tests call PySys with -XmyPlatform='container' ... skipped
15:06:59 WARN  Aborted test due to SKIPPED outcome
15:06:59 INFO  
15:06:59 INFO  Test duration: 0.06 secs
15:06:59 INFO  Test final outcome:  SKIPPED
15:06:59 INFO  Test outcome reason: Testing the apt plugin is not supported on this platform.To run the tests call PySys with -XmyPlatform='container'
15:06:59 INFO  
</system-out>
	</testcase>
</testsuite>
