<?xml version="1.0" encoding="utf-8"?>
<testsuite name="SoftwareManagement.Plugin.apama_plugin_mon_support" tests="1" failures="0" skipped="1" time="0.04" timestamp="2022-05-09T07:00:55">
	<testcase classname="ApamaPluginMonSupportTest" name="SoftwareManagement.Plugin.apama_plugin_mon_support">
		<skipped message="SKIPPED: Apama plugin tests are disabled by default. Execute `pysys run` with `-XmyPlatform=container` to run these tests"/>
		<system-out>07:00:55 INFO  ==============================================================
07:00:55 INFO  Id:    SoftwareManagement.Plugin.apama_plugin_mon_support
07:00:55 INFO  Dir:   plugin_apama/
07:00:55 INFO  Title: Validate mon file support of apama plugin
07:00:55 INFO  ==============================================================
07:00:55 INFO  Apama plugin tests are disabled by default. Execute `pysys run` with `-XmyPlatform=container` to run these tests ... skipped
07:00:55 WARN  Aborted test due to SKIPPED outcome
07:00:55 INFO  
07:00:55 INFO  Test duration: 0.04 secs
07:00:55 INFO  Test final outcome:  SKIPPED
07:00:55 INFO  Test outcome reason: Apama plugin tests are disabled by default. Execute `pysys run` with `-XmyPlatform=container` to run these tests
07:00:55 INFO  
</system-out>
	</testcase>
</testsuite>
