<?xml version="1.0" encoding="utf-8"?>
<testsuite name="SoftwareManagement.sm_fake_install_remove" tests="1" failures="0" skipped="1" time="0.02" timestamp="2022-05-02T15:17:27">
	<testcase classname="PySysTest" name="SoftwareManagement.sm_fake_install_remove">
		<skipped message="SKIPPED: Testing the fake plugin is not enabled.Use parameter -Xfakeplugin=fakeplugin to enable it"/>
		<system-out>15:17:27 INFO  ==============================================================
15:17:27 INFO  Id:    SoftwareManagement.sm_fake_install_remove
15:17:27 INFO  Dir:   software_management_end_to_end/
15:17:27 INFO  Title: Validate end to end behaviour for the dummy plugin for installation and removal of packages
15:17:27 INFO  ==============================================================
15:17:27 INFO  Testing the fake plugin is not enabled.Use parameter -Xfakeplugin=fakeplugin to enable it ... skipped
15:17:27 WARN  Aborted test due to SKIPPED outcome
15:17:27 INFO  
15:17:27 INFO  Test duration: 0.02 secs
15:17:27 INFO  Test final outcome:  SKIPPED
15:17:27 INFO  Test outcome reason: Testing the fake plugin is not enabled.Use parameter -Xfakeplugin=fakeplugin to enable it
15:17:27 INFO  
</system-out>
	</testcase>
</testsuite>
