<?xml version="1.0" encoding="utf-8"?>
<testsuite name="docker_plugin_install_with_version" tests="1" failures="0" skipped="1" time="0.02" timestamp="2022-05-02T15:06:59">
	<testcase classname="DockerPluginInstallWithVersionTest" name="docker_plugin_install_with_version">
		<skipped message="SKIPPED: Testing the docker plugin is not supported on this platform.To run it, all the test with -XmyPlatform='container'"/>
		<system-out>15:06:59 INFO  ==============================================================
15:06:59 INFO  Id:    docker_plugin_install_with_version
15:06:59 INFO  Dir:   plugin_docker/
15:06:59 INFO  Title: Validate docker plugin install
15:06:59 INFO  ==============================================================
15:06:59 INFO  Testing the docker plugin is not supported on this platform.To run it, all the test with -XmyPlatform='container' ... skipped
15:06:59 WARN  Aborted test due to SKIPPED outcome
15:06:59 INFO  
15:06:59 INFO  Test duration: 0.02 secs
15:06:59 INFO  Test final outcome:  SKIPPED
15:06:59 INFO  Test outcome reason: Testing the docker plugin is not supported on this platform.To run it, all the test with -XmyPlatform='container'
15:06:59 INFO  
</system-out>
	</testcase>
</testsuite>
