<?xml version="1.0" encoding="utf-8"?>
<testsuite name="SoftwareManagement.Plugin.apama_plugin_mon_support" tests="1" failures="0" skipped="1" time="0.03" timestamp="2022-05-11T11:33:03">
	<testcase classname="ApamaPluginMonSupportTest" name="SoftwareManagement.Plugin.apama_plugin_mon_support">
		<skipped message="SKIPPED: Apama plugin tests are disabled by default. Execute `pysys run` with `-XmyPlatform=container` to run these tests"/>
		<system-out>11:33:03 INFO  ==============================================================
11:33:03 INFO  Id:    SoftwareManagement.Plugin.apama_plugin_mon_support
11:33:03 INFO  Dir:   plugin_apama/
11:33:03 INFO  Title: Validate mon file support of apama plugin
11:33:03 INFO  ==============================================================
11:33:03 INFO  Apama plugin tests are disabled by default. Execute `pysys run` with `-XmyPlatform=container` to run these tests ... skipped
11:33:03 WARN  Aborted test due to SKIPPED outcome
11:33:03 INFO  
11:33:03 INFO  Test duration: 0.03 secs
11:33:03 INFO  Test final outcome:  SKIPPED
11:33:03 INFO  Test outcome reason: Apama plugin tests are disabled by default. Execute `pysys run` with `-XmyPlatform=container` to run these tests
11:33:03 INFO  
</system-out>
	</testcase>
</testsuite>
