<?xml version="1.0" encoding="utf-8"?>
<testsuite name="apt_install_local_file" tests="1" failures="0" skipped="1" time="0.02" timestamp="2022-05-11T11:33:04">
	<testcase classname="AptPluginInstallFromLocalFile" name="apt_install_local_file">
		<skipped message="SKIPPED: Testing the apt plugin is not supported on this platform.To run the tests call PySys with -XmyPlatform='container'"/>
		<system-out>11:33:04 INFO  ==============================================================
11:33:04 INFO  Id:    apt_install_local_file
11:33:04 INFO  Dir:   plugin_apt/
11:33:04 INFO  Title: Validate apt plugin install from local file - SUCCESS case
11:33:04 INFO  ==============================================================
11:33:04 INFO  Testing the apt plugin is not supported on this platform.To run the tests call PySys with -XmyPlatform='container' ... skipped
11:33:04 WARN  Aborted test due to SKIPPED outcome
11:33:04 INFO  
11:33:04 INFO  Test duration: 0.02 secs
11:33:04 INFO  Test final outcome:  SKIPPED
11:33:04 INFO  Test outcome reason: Testing the apt plugin is not supported on this platform.To run the tests call PySys with -XmyPlatform='container'
11:33:04 INFO  
</system-out>
	</testcase>
</testsuite>
