<?xml version="1.0" encoding="utf-8"?>
<testsuite name="apt_sequence_install_with_version_fail" tests="1" failures="0" skipped="1" time="0.02" timestamp="2022-05-30T09:09:01">
	<testcase classname="AptPluginInstallWithVersionFails" name="apt_sequence_install_with_version_fail">
		<skipped message="SKIPPED: Testing the apt plugin is not supported on this platform.To run the tests call PySys with -XmyPlatform='container'"/>
		<system-out>09:09:01 INFO  ==============================================================
09:09:01 INFO  Id:    apt_sequence_install_with_version_fail
09:09:01 INFO  Dir:   plugin_apt/
09:09:01 INFO  Title: Validate apt plugin install with version fails use case
09:09:01 INFO  ==============================================================
09:09:01 INFO  Testing the apt plugin is not supported on this platform.To run the tests call PySys with -XmyPlatform='container' ... skipped
09:09:01 WARN  Aborted test due to SKIPPED outcome
09:09:01 INFO  
09:09:01 INFO  Test duration: 0.02 secs
09:09:01 INFO  Test final outcome:  SKIPPED
09:09:01 INFO  Test outcome reason: Testing the apt plugin is not supported on this platform.To run the tests call PySys with -XmyPlatform='container'
09:09:01 INFO  
</system-out>
	</testcase>
</testsuite>
