<?xml version="1.0" encoding="utf-8"?>
<testsuite name="apt_fail_noarg" tests="1" failures="0" skipped="1" time="0.06" timestamp="2022-05-09T07:00:56">
	<testcase classname="AptPluginFailNoArg" name="apt_fail_noarg">
		<skipped message="SKIPPED: Testing the apt plugin is not supported on this platform.To run the tests call PySys with -XmyPlatform='container'"/>
		<system-out>07:00:56 INFO  ==============================================================
07:00:56 INFO  Id:    apt_fail_noarg
07:00:56 INFO  Dir:   plugin_apt/
07:00:56 INFO  Title: Validate apt plugin fetures(prepare, list, install, remove finalize) without arguments
07:00:56 INFO  ==============================================================
07:00:56 INFO  Testing the apt plugin is not supported on this platform.To run the tests call PySys with -XmyPlatform='container' ... skipped
07:00:56 WARN  Aborted test due to SKIPPED outcome
07:00:56 INFO  
07:00:56 INFO  Test duration: 0.06 secs
07:00:56 INFO  Test final outcome:  SKIPPED
07:00:56 INFO  Test outcome reason: Testing the apt plugin is not supported on this platform.To run the tests call PySys with -XmyPlatform='container'
07:00:56 INFO  
</system-out>
	</testcase>
</testsuite>
