<?xml version="1.0" encoding="utf-8"?>
<testsuite name="monitoring_smaller_interval" tests="1" failures="0" skipped="1" time="0.02" timestamp="2022-05-10T13:10:36">
	<testcase classname="MonitoringSmallInterval" name="monitoring_smaller_interval">
		<skipped message="SKIPPED: Fails due to retained message"/>
		<system-out>13:10:36 INFO  ==============================================================
13:10:36 INFO  Id:    monitoring_smaller_interval
13:10:36 INFO  Dir:   monitoring/
13:10:36 INFO  Title: Validate the tedge dm agent messages that are produced with smaller sampling interval than the batching window. Here the simulated collectd messages are used
13:10:36 INFO  ==============================================================
13:10:36 INFO  Fails due to retained message ... skipped
13:10:36 INFO  
13:10:36 INFO  Test duration: 0.02 secs
13:10:36 INFO  Test final outcome:  SKIPPED
13:10:36 INFO  Test outcome reason: Fails due to retained message
13:10:36 INFO  
</system-out>
	</testcase>
</testsuite>
