<?xml version="1.0" encoding="utf-8"?>
<testsuite name="SoftwareManagement.sm_apt_install_download_path" tests="1" failures="0" skipped="1" time="0.07" timestamp="2022-05-30T09:19:24">
	<testcase classname="AptInstallWithDownloadPath" name="SoftwareManagement.sm_apt_install_download_path">
		<skipped message="SKIPPED: Testing the apt plugin is not supported on this platform.Use parameter -XmyPlatform='container' to enable it"/>
		<system-out>09:19:24 INFO  ==============================================================
09:19:24 INFO  Id:    SoftwareManagement.sm_apt_install_download_path
09:19:24 INFO  Dir:   software_management_end_to_end/
09:19:24 INFO  Title: Install package to directory specified in tedge config set tmp.path
09:19:24 INFO  ==============================================================
09:19:24 INFO  Testing the apt plugin is not supported on this platform.Use parameter -XmyPlatform='container' to enable it ... skipped
09:19:24 WARN  Aborted test due to SKIPPED outcome
09:19:24 INFO  
09:19:24 INFO  Test duration: 0.07 secs
09:19:24 INFO  Test final outcome:  SKIPPED
09:19:24 INFO  Test outcome reason: Testing the apt plugin is not supported on this platform.Use parameter -XmyPlatform='container' to enable it
09:19:24 INFO  
</system-out>
	</testcase>
</testsuite>
