<?xml version="1.0" encoding="utf-8"?>
<testsuite name="call_tedge_-V" tests="1" failures="0" skipped="0" time="0.56" timestamp="2022-05-04T08:10:27">
	<testcase classname="PySysTest" name="call_tedge_-V"/>
</testsuite>
