<?xml version="1.0" encoding="utf-8"?>
<testsuite name="SoftwareManagement.sm_apt_install_download_path" tests="1" failures="0" skipped="1" time="0.08" timestamp="2022-05-10T13:21:01">
	<testcase classname="AptInstallWithDownloadPath" name="SoftwareManagement.sm_apt_install_download_path">
		<skipped message="SKIPPED: Testing the apt plugin is not supported on this platform.Use parameter -XmyPlatform='container' to enable it"/>
		<system-out>13:21:01 INFO  ==============================================================
13:21:01 INFO  Id:    SoftwareManagement.sm_apt_install_download_path
13:21:01 INFO  Dir:   software_management_end_to_end/
13:21:01 INFO  Title: Install package to directory specified in tedge config set tmp.path
13:21:01 INFO  ==============================================================
13:21:01 INFO  Testing the apt plugin is not supported on this platform.Use parameter -XmyPlatform='container' to enable it ... skipped
13:21:01 WARN  Aborted test due to SKIPPED outcome
13:21:01 INFO  
13:21:01 INFO  Test duration: 0.08 secs
13:21:01 INFO  Test final outcome:  SKIPPED
13:21:01 INFO  Test outcome reason: Testing the apt plugin is not supported on this platform.Use parameter -XmyPlatform='container' to enable it
13:21:01 INFO  
</system-out>
	</testcase>
</testsuite>
