<?xml version="1.0" encoding="utf-8"?>
<testsuite name="mqtt_port_change_connection_works" tests="1" failures="0" skipped="1" time="0.02" timestamp="2022-05-11T11:32:00">
	<testcase classname="MqttPortChangeConnectionWorks" name="mqtt_port_change_connection_works">
		<skipped message="SKIPPED: failing intermitently"/>
		<system-out>11:32:00 INFO  ==============================================================
11:32:00 INFO  Id:    mqtt_port_change_connection_works
11:32:00 INFO  Dir:   misc_features/
11:32:00 INFO  Title: mqtt port change connection works for all the thin-edge services that use the mosquitto broker
11:32:00 INFO  ==============================================================
11:32:00 INFO  failing intermitently ... skipped
11:32:00 INFO  
11:32:00 INFO  Test duration: 0.02 secs
11:32:00 INFO  Test final outcome:  SKIPPED
11:32:00 INFO  Test outcome reason: failing intermitently
11:32:00 INFO  
</system-out>
	</testcase>
</testsuite>
