<?xml version="1.0" encoding="utf-8"?>
<testsuite name="SoftwareManagement.sm_apt_install_download_path" tests="1" failures="0" skipped="1" time="0.14" timestamp="2022-05-16T07:33:25">
	<testcase classname="AptInstallWithDownloadPath" name="SoftwareManagement.sm_apt_install_download_path">
		<skipped message="SKIPPED: Testing the apt plugin is not supported on this platform.Use parameter -XmyPlatform='container' to enable it"/>
		<system-out>07:33:24 INFO  ==============================================================
07:33:24 INFO  Id:    SoftwareManagement.sm_apt_install_download_path
07:33:24 INFO  Dir:   software_management_end_to_end/
07:33:24 INFO  Title: Install package to directory specified in tedge config set tmp.path
07:33:24 INFO  ==============================================================
07:33:25 INFO  Testing the apt plugin is not supported on this platform.Use parameter -XmyPlatform='container' to enable it ... skipped
07:33:25 WARN  Aborted test due to SKIPPED outcome
07:33:25 INFO  
07:33:25 INFO  Test duration: 0.14 secs
07:33:25 INFO  Test final outcome:  SKIPPED
07:33:25 INFO  Test outcome reason: Testing the apt plugin is not supported on this platform.Use parameter -XmyPlatform='container' to enable it
07:33:25 INFO  
</system-out>
	</testcase>
</testsuite>
