<?xml version="1.0" encoding="utf-8"?>
<testsuite name="SoftwareManagement.Plugin.apama_plugin_update" tests="1" failures="0" skipped="1" time="0.03" timestamp="2022-05-04T08:00:00">
	<testcase classname="ApamaPluginUpdateTest" name="SoftwareManagement.Plugin.apama_plugin_update">
		<skipped message="SKIPPED: Test execution disabled due to #1052"/>
		<system-out>08:00:00 INFO  ==============================================================
08:00:00 INFO  Id:    SoftwareManagement.Plugin.apama_plugin_update
08:00:00 INFO  Dir:   plugin_apama/
08:00:00 INFO  Title: Validate apama plugin updating one project with another
08:00:00 INFO  ==============================================================
08:00:00 INFO  Test execution disabled due to #1052 ... skipped
08:00:00 INFO  
08:00:00 INFO  Test duration: 0.03 secs
08:00:00 INFO  Test final outcome:  SKIPPED
08:00:00 INFO  Test outcome reason: Test execution disabled due to #1052
08:00:00 INFO  
</system-out>
	</testcase>
</testsuite>
