<?xml version="1.0" encoding="utf-8"?>
<testsuite name="smoketest_smartrest_200_samples_20ms" tests="1" failures="1" skipped="0" time="116.2" timestamp="2022-05-09T07:11:22">
	<testcase classname="SmoketestSmartRest200Samples20ms" name="smoketest_smartrest_200_samples_20ms">
		<failure message="BLOCKED: python3&lt;stdout&gt; returned non-zero exit code 1" type="BLOCKED"/>
		<system-out>07:09:26 INFO  ==============================================================
07:09:26 INFO  Id:    smoketest_smartrest_200_samples_20ms
07:09:26 INFO  Dir:   smoketests/
07:09:26 INFO  Title: Smoketest SmartRest 200 Samples 20ms Delay
07:09:26 INFO  ==============================================================
07:09:26 INFO  EnvironmentC8y Setup
07:09:27 INFO  Executed systemctl&lt;serv_mapper1&gt;, exit status 3
07:09:27 INFO  Restarting mosquitto too frequently in the last 10 seconds. It was only up for 6 seconds
07:09:27 INFO  Delaying execution by 5 seconds
07:09:49 INFO  Executed sudo&lt;tedge_connect_c8y&gt;, exit status 0, duration 17 secs
07:09:50 INFO  Executed sudo&lt;tedge_connect_c8y_test&gt;, exit status 0
07:09:50 INFO  Executed systemctl&lt;serv_mosq2&gt;, exit status 0
07:09:51 INFO  Executed systemctl&lt;serv_mapper3&gt;, exit status 0
07:11:15 WARN  Executed python3&lt;stdout&gt;, exit status 1, duration 44 secs
07:11:15 INFO  Contents of stdout.out: 
  Act: Publishing values with tedge pub
  Waiting 3s for values to arrive in C8y
  Assert: Retrieving data via REST interface
  Gathering values from 2022-05-09 07:10:35+00:00 to 2022-05-09 07:11:15+00:00
  Found 191 recorded values:
  Retrieved values:
      9    10    11    12    13    14    15    16    17    18    19
     20    21    22    23    24    25    26    27    28    29    30    31    32    33    34    35    36    37    38    39
     40    41    42    43    44    45    46    47    48    49    50    51    52    53    54    55    56    57    58    59
     60    61    62    63    64    65    66    67    68    69    70    71    72    73    74    75    76    77    78    79
     80    81    82    83    84    85    86    87    88    89    90    91    92    93    94    95    96    97    98    99
    100   101   102   103   104   105   106   107   108   109   110   111   112   113   114   115   116   117   118   119
    120   121   122   123   124   125   126   127   128   129   130   131   132   133   134   135   136   137   138   139
    140   141   142   143   144   145   146   147   148   149   150   151   152   153   154   155   156   157   158   159
    160   161   162   163   164   165   166   167   168   169   170   171   172   173   174   175   176   177   178   179
    180   181   182   183   184   185   186   187   188   189   190   191   192   193   194   195   196   197   198   199
  Expected:  0.0  ...  199.0
  Data verification FAILED
  -----

07:11:16 WARN  python3&lt;stdout&gt; returned non-zero exit code 1 ... blocked 
07:11:16 WARN  Aborted test due to BLOCKED outcome
07:11:16 INFO  
07:11:16 INFO  cleanup:
07:11:22 INFO  Executed sudo&lt;tedge_disconnect_c8y&gt;, exit status 0
07:11:22 INFO  Executed systemctl&lt;serv_mapper5&gt;, exit status 3
07:11:22 INFO  
07:11:22 INFO  Test duration: 116.20 secs
07:11:22 INFO  Test final outcome:  BLOCKED
07:11:22 INFO  Test outcome reason: python3&lt;stdout&gt; returned non-zero exit code 1
07:11:22 INFO  
</system-out>
	</testcase>
</testsuite>
