<?xml version="1.0" encoding="utf-8"?>
<testsuite name="SoftwareManagement.Plugin.apama_plugin_remove" tests="1" failures="0" skipped="1" time="0.04" timestamp="2022-05-10T13:10:36">
	<testcase classname="ApamaPluginRemoveTest" name="SoftwareManagement.Plugin.apama_plugin_remove">
		<skipped message="SKIPPED: Apama plugin tests are disabled by default. Execute `pysys run` with `-XmyPlatform=container` to run these tests"/>
		<system-out>13:10:36 INFO  ==============================================================
13:10:36 INFO  Id:    SoftwareManagement.Plugin.apama_plugin_remove
13:10:36 INFO  Dir:   plugin_apama/
13:10:36 INFO  Title: Validate apama plugin remove
13:10:36 INFO  ==============================================================
13:10:36 INFO  Apama plugin tests are disabled by default. Execute `pysys run` with `-XmyPlatform=container` to run these tests ... skipped
13:10:36 WARN  Aborted test due to SKIPPED outcome
13:10:36 INFO  
13:10:36 INFO  Test duration: 0.04 secs
13:10:36 INFO  Test final outcome:  SKIPPED
13:10:36 INFO  Test outcome reason: Apama plugin tests are disabled by default. Execute `pysys run` with `-XmyPlatform=container` to run these tests
13:10:36 INFO  
</system-out>
	</testcase>
</testsuite>
