<?xml version="1.0" encoding="utf-8"?>
<testsuite name="SoftwareManagement.Plugin.apama_plugin_update" tests="1" failures="0" skipped="1" time="0.02" timestamp="2022-05-11T11:33:03">
	<testcase classname="ApamaPluginUpdateTest" name="SoftwareManagement.Plugin.apama_plugin_update">
		<skipped message="SKIPPED: Test execution disabled due to #1052"/>
		<system-out>11:33:03 INFO  ==============================================================
11:33:03 INFO  Id:    SoftwareManagement.Plugin.apama_plugin_update
11:33:03 INFO  Dir:   plugin_apama/
11:33:03 INFO  Title: Validate apama plugin updating one project with another
11:33:03 INFO  ==============================================================
11:33:03 INFO  Test execution disabled due to #1052 ... skipped
11:33:03 INFO  
11:33:03 INFO  Test duration: 0.02 secs
11:33:03 INFO  Test final outcome:  SKIPPED
11:33:03 INFO  Test outcome reason: Test execution disabled due to #1052
11:33:03 INFO  
</system-out>
	</testcase>
</testsuite>
