<?xml version="1.0" encoding="utf-8"?>
<testsuite name="apt_finalize" tests="1" failures="0" skipped="1" time="0.02" timestamp="2022-05-11T11:33:03">
	<testcase classname="AptPluginFinalize" name="apt_finalize">
		<skipped message="SKIPPED: Testing the apt plugin is not supported on this platform.To run the tests call PySys with -XmyPlatform='container'"/>
		<system-out>11:33:03 INFO  ==============================================================
11:33:03 INFO  Id:    apt_finalize
11:33:03 INFO  Dir:   plugin_apt/
11:33:03 INFO  Title: Validate apt plugin finalize - dense version
11:33:03 INFO  ==============================================================
11:33:03 INFO  Testing the apt plugin is not supported on this platform.To run the tests call PySys with -XmyPlatform='container' ... skipped
11:33:03 WARN  Aborted test due to SKIPPED outcome
11:33:03 INFO  
11:33:03 INFO  Test duration: 0.02 secs
11:33:03 INFO  Test final outcome:  SKIPPED
11:33:03 INFO  Test outcome reason: Testing the apt plugin is not supported on this platform.To run the tests call PySys with -XmyPlatform='container'
11:33:03 INFO  
</system-out>
	</testcase>
</testsuite>
