<?xml version="1.0" encoding="utf-8"?>
<testsuite name="tedge_agent_user_sudo_access" tests="1" failures="0" skipped="1" time="0.02" timestamp="2022-05-16T07:33:53">
	<testcase classname="TedgeAgentUserSudoAccess" name="tedge_agent_user_sudo_access">
		<skipped message="SKIPPED: #955 Observation: Exit code of the apt plugin when called with no arguments"/>
		<system-out>07:33:53 INFO  ==============================================================
07:33:53 INFO  Id:    tedge_agent_user_sudo_access
07:33:53 INFO  Dir:   tedge/
07:33:53 INFO  Title: Validate tedge-agent user has a limited sudo right
07:33:53 INFO  ==============================================================
07:33:53 INFO  #955 Observation: Exit code of the apt plugin when called with no arguments ... skipped
07:33:53 INFO  
07:33:53 INFO  Test duration: 0.02 secs
07:33:53 INFO  Test final outcome:  SKIPPED
07:33:53 INFO  Test outcome reason: #955 Observation: Exit code of the apt plugin when called with no arguments
07:33:53 INFO  
</system-out>
	</testcase>
</testsuite>
