<?xml version="1.0" encoding="utf-8"?>
<testsuite name="agent_init_session" tests="1" failures="1" skipped="0" time="6.24" timestamp="2022-05-23T09:26:36">
	<testcase classname="AgentInitSession" name="agent_init_session">
		<failure message="FAILED: Grep on sub_resp.out contains &quot;Ld3KgqpcLDlrYH6sfpG7w&quot;" type="FAILED"/>
		<system-out>09:26:29 INFO  ==============================================================
09:26:29 INFO  Id:    agent_init_session
09:26:29 INFO  Dir:   tedge_agent/
09:26:29 INFO  Title: Validate tedge agent init session feature
09:26:29 INFO  ==============================================================
09:26:30 INFO  Executed sudo&lt;remove_lock&gt;, exit status 0
09:26:31 INFO  Executed sudo&lt;agent_clear&gt;, exit status 0
09:26:31 INFO  Executed sudo&lt;agent_init&gt;, exit status 0
09:26:32 INFO  Executed sudo&lt;pub_req&gt;, exit status 0
09:26:32 INFO  Started sudo&lt;sub_resp&gt; with process id 702
09:26:32 INFO  Executed sudo&lt;agent_start&gt;, exit status 0
09:26:32 INFO  Waiting for 2.0 seconds
09:26:35 INFO  Executed sudo&lt;agent_stop&gt;, exit status 0
09:26:36 INFO  Executed sudo&lt;sub_stop&gt;, exit status 0
09:26:36 WARN  Grep on sub_resp.out contains &quot;Ld3KgqpcLDlrYH6sfpG7w&quot; ... failed [run.py:87]
09:26:36 INFO  
09:26:36 INFO  Test duration: 6.24 secs
09:26:36 INFO  Test final outcome:  FAILED
09:26:36 INFO  Test outcome reason: Grep on sub_resp.out contains &quot;Ld3KgqpcLDlrYH6sfpG7w&quot;
09:26:36 INFO  
</system-out>
	</testcase>
</testsuite>
