<?xml version="1.0" encoding="utf-8"?>
<testsuite name="monitoring_with_simulated_messages" tests="1" failures="0" skipped="1" time="0.05" timestamp="2022-05-09T07:00:55">
	<testcase classname="MonitoringWithSimulatedMessages" name="monitoring_with_simulated_messages">
		<skipped message="SKIPPED: Fails due to retained message"/>
		<system-out>07:00:55 INFO  ==============================================================
07:00:55 INFO  Id:    monitoring_with_simulated_messages
07:00:55 INFO  Dir:   monitoring/
07:00:55 INFO  Title: Validate the tedge dm agent messages that are produced from the simulated collectd messages
07:00:55 INFO  ==============================================================
07:00:55 INFO  Fails due to retained message ... skipped
07:00:55 INFO  
07:00:55 INFO  Test duration: 0.05 secs
07:00:55 INFO  Test final outcome:  SKIPPED
07:00:55 INFO  Test outcome reason: Fails due to retained message
07:00:55 INFO  
</system-out>
	</testcase>
</testsuite>
