<?xml version="1.0" encoding="utf-8"?>
<testsuite name="apt_install_fail" tests="1" failures="0" skipped="1" time="0.03" timestamp="2022-05-02T15:06:55">
	<testcase classname="AptPluginInstallFail" name="apt_install_fail">
		<skipped message="SKIPPED: Testing the apt plugin is not supported on this platform.To run the tests call PySys with -XmyPlatform='container'"/>
		<system-out>15:06:55 INFO  ==============================================================
15:06:55 INFO  Id:    apt_install_fail
15:06:55 INFO  Dir:   plugin_apt/
15:06:55 INFO  Title: Validate apt plugin prepare - failing
15:06:55 INFO  ==============================================================
15:06:55 INFO  Testing the apt plugin is not supported on this platform.To run the tests call PySys with -XmyPlatform='container' ... skipped
15:06:55 WARN  Aborted test due to SKIPPED outcome
15:06:55 INFO  
15:06:55 INFO  Test duration: 0.03 secs
15:06:55 INFO  Test final outcome:  SKIPPED
15:06:55 INFO  Test outcome reason: Testing the apt plugin is not supported on this platform.To run the tests call PySys with -XmyPlatform='container'
15:06:55 INFO  
</system-out>
	</testcase>
</testsuite>
