<?xml version="1.0" encoding="utf-8"?>
<testsuite name="local_mqtt_pub_sub_with_sudo" tests="1" failures="0" skipped="0" time="2.94" timestamp="2022-05-02T15:03:54">
	<testcase classname="PySysTest" name="local_mqtt_pub_sub_with_sudo"/>
</testsuite>
