<?xml version="1.0" encoding="utf-8"?>
<testsuite name="apt_install_local_file_with_version_fail" tests="1" failures="0" skipped="1" time="0.02" timestamp="2022-05-30T09:08:58">
	<testcase classname="AptPluginInstallFromLocalFileWithVersionFail" name="apt_install_local_file_with_version_fail">
		<skipped message="SKIPPED: Testing the apt plugin is not supported on this platform.To run the tests call PySys with -XmyPlatform='container'"/>
		<system-out>09:08:58 INFO  ==============================================================
09:08:58 INFO  Id:    apt_install_local_file_with_version_fail
09:08:58 INFO  Dir:   plugin_apt/
09:08:58 INFO  Title: Validate apt plugin install from local file AND with a version - FAIL case
09:08:58 INFO  ==============================================================
09:08:58 INFO  Testing the apt plugin is not supported on this platform.To run the tests call PySys with -XmyPlatform='container' ... skipped
09:08:58 WARN  Aborted test due to SKIPPED outcome
09:08:58 INFO  
09:08:58 INFO  Test duration: 0.02 secs
09:08:58 INFO  Test final outcome:  SKIPPED
09:08:58 INFO  Test outcome reason: Testing the apt plugin is not supported on this platform.To run the tests call PySys with -XmyPlatform='container'
09:08:58 INFO  
</system-out>
	</testcase>
</testsuite>
