<?xml version="1.0" encoding="utf-8"?>
<testsuite name="apt_sequence_remove_with_version_fail" tests="1" failures="0" skipped="1" time="0.02" timestamp="2022-05-03T07:54:27">
	<testcase classname="AptPluginRemoveWithVersionFails" name="apt_sequence_remove_with_version_fail">
		<skipped message="SKIPPED: Testing the apt plugin is not supported on this platform.To run the tests call PySys with -XmyPlatform='container'"/>
		<system-out>07:54:27 INFO  ==============================================================
07:54:27 INFO  Id:    apt_sequence_remove_with_version_fail
07:54:27 INFO  Dir:   plugin_apt/
07:54:27 INFO  Title: Validate apt plugin remove with version fails when the version not found
07:54:27 INFO  ==============================================================
07:54:27 INFO  Testing the apt plugin is not supported on this platform.To run the tests call PySys with -XmyPlatform='container' ... skipped
07:54:27 WARN  Aborted test due to SKIPPED outcome
07:54:27 INFO  
07:54:27 INFO  Test duration: 0.02 secs
07:54:27 INFO  Test final outcome:  SKIPPED
07:54:27 INFO  Test outcome reason: Testing the apt plugin is not supported on this platform.To run the tests call PySys with -XmyPlatform='container'
07:54:27 INFO  
</system-out>
	</testcase>
</testsuite>
