<?xml version="1.0" encoding="utf-8"?>
<testsuite name="mqtt_port_set" tests="1" failures="0" skipped="0" time="25.36" timestamp="2022-05-10T19:28:15">
	<testcase classname="MqttPortSet" name="mqtt_port_set"/>
</testsuite>
