<?xml version="1.0" encoding="utf-8"?>
<testsuite name="SoftwareManagement.sm_apt_install_remove" tests="1" failures="0" skipped="1" time="0.02" timestamp="2022-05-23T09:25:28">
	<testcase classname="PySysTest" name="SoftwareManagement.sm_apt_install_remove">
		<skipped message="SKIPPED: Testing the apt plugin is not supported on this platform.Use parameter -XmyPlatform='container' to enable it"/>
		<system-out>09:25:28 INFO  ==============================================================
09:25:28 INFO  Id:    SoftwareManagement.sm_apt_install_remove
09:25:28 INFO  Dir:   software_management_end_to_end/
09:25:28 INFO  Title: Validate end to end behaviour for the apt plugin for installation and removal of packages
09:25:28 INFO  ==============================================================
09:25:28 INFO  Testing the apt plugin is not supported on this platform.Use parameter -XmyPlatform='container' to enable it ... skipped
09:25:28 WARN  Aborted test due to SKIPPED outcome
09:25:28 INFO  
09:25:28 INFO  Test duration: 0.02 secs
09:25:28 INFO  Test final outcome:  SKIPPED
09:25:28 INFO  Test outcome reason: Testing the apt plugin is not supported on this platform.Use parameter -XmyPlatform='container' to enable it
09:25:28 INFO  
</system-out>
	</testcase>
</testsuite>
