<?xml version="1.0" encoding="utf-8"?>
<testsuite name="smoketest_smartrest" tests="1" failures="0" skipped="0" time="53.53" timestamp="2022-05-11T11:39:40">
	<testcase classname="SmoketestSmartRest" name="smoketest_smartrest"/>
</testsuite>
