<?xml version="1.0" encoding="utf-8"?>
<testsuite name="SoftwareManagement.sm_docker_install_remove_multiple" tests="1" failures="0" skipped="1" time="0.04" timestamp="2022-05-04T08:10:24">
	<testcase classname="SMDockerInstallRemove" name="SoftwareManagement.sm_docker_install_remove_multiple">
		<skipped message="SKIPPED: Testing the apt plugin is not supported on this platform.Use parameter -XmyPlatform='container' to enable it"/>
		<system-out>08:10:24 INFO  ==============================================================
08:10:24 INFO  Id:    SoftwareManagement.sm_docker_install_remove_multiple
08:10:24 INFO  Dir:   software_management_end_to_end/
08:10:24 INFO  Title: Validate end to end behaviour for the docker plugin for multiple docker images with mixed versions
08:10:24 INFO  ==============================================================
08:10:24 INFO  Testing the apt plugin is not supported on this platform.Use parameter -XmyPlatform='container' to enable it ... skipped
08:10:24 WARN  Aborted test due to SKIPPED outcome
08:10:24 INFO  
08:10:24 INFO  Test duration: 0.04 secs
08:10:24 INFO  Test final outcome:  SKIPPED
08:10:24 INFO  Test outcome reason: Testing the apt plugin is not supported on this platform.Use parameter -XmyPlatform='container' to enable it
08:10:24 INFO  
</system-out>
	</testcase>
</testsuite>
