<?xml version="1.0" encoding="utf-8"?>
<testsuite name="SoftwareManagement.sm_apt_install_fail" tests="1" failures="0" skipped="1" time="0.02" timestamp="2022-05-11T11:43:30">
	<testcase classname="PySysTest" name="SoftwareManagement.sm_apt_install_fail">
		<skipped message="SKIPPED: Testing the apt plugin is not supported on this platform.Use parameter -XmyPlatform='container' to enable it"/>
		<system-out>11:43:30 INFO  ==============================================================
11:43:30 INFO  Id:    SoftwareManagement.sm_apt_install_fail
11:43:30 INFO  Dir:   software_management_end_to_end/
11:43:30 INFO  Title: Validate end to end behaviour for a failing installation
11:43:30 INFO  ==============================================================
11:43:30 INFO  Testing the apt plugin is not supported on this platform.Use parameter -XmyPlatform='container' to enable it ... skipped
11:43:30 WARN  Aborted test due to SKIPPED outcome
11:43:30 INFO  
11:43:30 INFO  Test duration: 0.02 secs
11:43:30 INFO  Test final outcome:  SKIPPED
11:43:30 INFO  Test outcome reason: Testing the apt plugin is not supported on this platform.Use parameter -XmyPlatform='container' to enable it
11:43:30 INFO  
</system-out>
	</testcase>
</testsuite>
