<?xml version="1.0" encoding="utf-8"?>
<testsuite name="SoftwareManagement.sm_docker_install_remove_multiple" tests="1" failures="0" skipped="1" time="0.03" timestamp="2022-05-02T15:17:27">
	<testcase classname="SMDockerInstallRemove" name="SoftwareManagement.sm_docker_install_remove_multiple">
		<skipped message="SKIPPED: Testing the apt plugin is not supported on this platform.Use parameter -XmyPlatform='container' to enable it"/>
		<system-out>15:17:27 INFO  ==============================================================
15:17:27 INFO  Id:    SoftwareManagement.sm_docker_install_remove_multiple
15:17:27 INFO  Dir:   software_management_end_to_end/
15:17:27 INFO  Title: Validate end to end behaviour for the docker plugin for multiple docker images with mixed versions
15:17:27 INFO  ==============================================================
15:17:27 INFO  Testing the apt plugin is not supported on this platform.Use parameter -XmyPlatform='container' to enable it ... skipped
15:17:27 WARN  Aborted test due to SKIPPED outcome
15:17:27 INFO  
15:17:27 INFO  Test duration: 0.03 secs
15:17:27 INFO  Test final outcome:  SKIPPED
15:17:27 INFO  Test outcome reason: Testing the apt plugin is not supported on this platform.Use parameter -XmyPlatform='container' to enable it
15:17:27 INFO  
</system-out>
	</testcase>
</testsuite>
