<?xml version="1.0" encoding="utf-8"?>
<testsuite name="pysys_fail" tests="1" failures="0" skipped="1" time="0.02" timestamp="2022-05-11T11:32:28">
	<testcase classname="Fail" name="pysys_fail">
		<skipped message="SKIPPED: Enable this to observe a failing test"/>
		<system-out>11:32:28 INFO  ==============================================================
11:32:28 INFO  Id:    pysys_fail
11:32:28 INFO  Dir:   misc_features/
11:32:28 INFO  Title: fail
11:32:28 INFO  ==============================================================
11:32:28 INFO  Enable this to observe a failing test ... skipped
11:32:28 INFO  
11:32:28 INFO  Test duration: 0.02 secs
11:32:28 INFO  Test final outcome:  SKIPPED
11:32:28 INFO  Test outcome reason: Enable this to observe a failing test
11:32:28 INFO  
</system-out>
	</testcase>
</testsuite>
