<?xml version="1.0" encoding="utf-8"?>
<testsuite name="runtime_start_two_mappers" tests="1" failures="0" skipped="1" time="0.02" timestamp="2022-05-10T19:43:24">
	<testcase classname="RuntimeMultiMappers" name="runtime_start_two_mappers">
		<skipped message="SKIPPED: Test execution disabled due to #1124"/>
		<system-out>19:43:24 INFO  ==============================================================
19:43:24 INFO  Id:    runtime_start_two_mappers
19:43:24 INFO  Dir:   tedge_mapper_c8y/
19:43:24 INFO  Title: Validate two mappers can't be started at the same time
19:43:24 INFO  ==============================================================
19:43:24 INFO  Test execution disabled due to #1124 ... skipped
19:43:24 INFO  
19:43:24 INFO  Test duration: 0.02 secs
19:43:24 INFO  Test final outcome:  SKIPPED
19:43:24 INFO  Test outcome reason: Test execution disabled due to #1124
19:43:24 INFO  
</system-out>
	</testcase>
</testsuite>
