<?xml version="1.0" encoding="utf-8"?>
<testsuite name="SoftwareManagement.Plugin.apama_plugin_update" tests="1" failures="0" skipped="1" time="0.05" timestamp="2022-05-09T07:00:56">
	<testcase classname="ApamaPluginUpdateTest" name="SoftwareManagement.Plugin.apama_plugin_update">
		<skipped message="SKIPPED: Test execution disabled due to #1052"/>
		<system-out>07:00:56 INFO  ==============================================================
07:00:56 INFO  Id:    SoftwareManagement.Plugin.apama_plugin_update
07:00:56 INFO  Dir:   plugin_apama/
07:00:56 INFO  Title: Validate apama plugin updating one project with another
07:00:56 INFO  ==============================================================
07:00:56 INFO  Test execution disabled due to #1052 ... skipped
07:00:56 INFO  
07:00:56 INFO  Test duration: 0.05 secs
07:00:56 INFO  Test final outcome:  SKIPPED
07:00:56 INFO  Test outcome reason: Test execution disabled due to #1052
07:00:56 INFO  
</system-out>
	</testcase>
</testsuite>
