<?xml version="1.0" encoding="utf-8"?>
<testsuite name="mqtt_port_unset" tests="1" failures="0" skipped="0" time="1.87" timestamp="2022-05-30T09:08:21">
	<testcase classname="MqttPortUnSet" name="mqtt_port_unset"/>
</testsuite>
