<?xml version="1.0" encoding="utf-8"?>
<testsuite name="log_request_error_messages" tests="1" failures="0" skipped="1" time="1.6" timestamp="2022-05-16T07:21:19">
	<testcase classname="LogRequestVerifySearchTextError" name="log_request_error_messages">
		<skipped message="SKIPPED: Test execution disabled due to #1123"/>
		<system-out>07:21:17 INFO  ==============================================================
07:21:17 INFO  Id:    log_request_error_messages
07:21:17 INFO  Dir:   log_request_end_to_end/
07:21:17 INFO  Title: Validate end to end behaviour for the log request operation check for error messages
07:21:17 INFO  ==============================================================
07:21:19 INFO  Test execution disabled due to #1123 ... skipped
07:21:19 INFO  
07:21:19 INFO  Test duration: 1.60 secs
07:21:19 INFO  Test final outcome:  SKIPPED
07:21:19 INFO  Test outcome reason: Test execution disabled due to #1123
07:21:19 INFO  
</system-out>
	</testcase>
</testsuite>
