<?xml version="1.0" encoding="utf-8"?>
<testsuite name="apt_install_local_file" tests="1" failures="0" skipped="1" time="0.02" timestamp="2022-05-16T07:22:58">
	<testcase classname="AptPluginInstallFromLocalFile" name="apt_install_local_file">
		<skipped message="SKIPPED: Testing the apt plugin is not supported on this platform.To run the tests call PySys with -XmyPlatform='container'"/>
		<system-out>07:22:58 INFO  ==============================================================
07:22:58 INFO  Id:    apt_install_local_file
07:22:58 INFO  Dir:   plugin_apt/
07:22:58 INFO  Title: Validate apt plugin install from local file - SUCCESS case
07:22:58 INFO  ==============================================================
07:22:58 INFO  Testing the apt plugin is not supported on this platform.To run the tests call PySys with -XmyPlatform='container' ... skipped
07:22:58 WARN  Aborted test due to SKIPPED outcome
07:22:58 INFO  
07:22:58 INFO  Test duration: 0.02 secs
07:22:58 INFO  Test final outcome:  SKIPPED
07:22:58 INFO  Test outcome reason: Testing the apt plugin is not supported on this platform.To run the tests call PySys with -XmyPlatform='container'
07:22:58 INFO  
</system-out>
	</testcase>
</testsuite>
