<?xml version="1.0" encoding="utf-8"?>
<testsuite name="apt_list_format" tests="1" failures="0" skipped="0" time="3.27" timestamp="2022-05-04T08:00:04">
	<testcase classname="AptPluginListFormat" name="apt_list_format"/>
</testsuite>
