<?xml version="1.0" encoding="utf-8"?>
<testsuite name="local_mqtt_pub_fail_noqos" tests="1" failures="0" skipped="0" time="1.96" timestamp="2022-05-10T13:08:37">
	<testcase classname="PySysTest" name="local_mqtt_pub_fail_noqos"/>
</testsuite>
