<?xml version="1.0" encoding="utf-8"?>
<testsuite name="publish_flux" tests="1" failures="0" skipped="0" time="79.74" timestamp="2022-05-16T07:24:22">
	<testcase classname="PublishFlux" name="publish_flux"/>
</testsuite>
