<?xml version="1.0" encoding="utf-8"?>
<testsuite name="docker_plugin_install" tests="1" failures="0" skipped="1" time="0.02" timestamp="2022-05-10T19:28:59">
	<testcase classname="DockerPluginInstallTest" name="docker_plugin_install">
		<skipped message="SKIPPED: Testing the docker plugin is not supported on this platform.To run it, all the test with -XmyPlatform='container'"/>
		<system-out>19:28:59 INFO  ==============================================================
19:28:59 INFO  Id:    docker_plugin_install
19:28:59 INFO  Dir:   plugin_docker/
19:28:59 INFO  Title: Validate docker plugin install
19:28:59 INFO  ==============================================================
19:28:59 INFO  Testing the docker plugin is not supported on this platform.To run it, all the test with -XmyPlatform='container' ... skipped
19:28:59 WARN  Aborted test due to SKIPPED outcome
19:28:59 INFO  
19:28:59 INFO  Test duration: 0.02 secs
19:28:59 INFO  Test final outcome:  SKIPPED
19:28:59 INFO  Test outcome reason: Testing the docker plugin is not supported on this platform.To run it, all the test with -XmyPlatform='container'
19:28:59 INFO  
</system-out>
	</testcase>
</testsuite>
