<?xml version="1.0" encoding="utf-8"?>
<testsuite name="local_mqtt_pub_sub_retain" tests="1" failures="1" skipped="0" time="6.16" timestamp="2022-05-23T09:13:12">
	<testcase classname="MqttPublishWithRetain" name="local_mqtt_pub_sub_retain">
		<failure message="FAILED: Grep on temp_sensor_sub.out contains &quot;\[test/alarms/temp_sensor\] alarm msg 2&quot; (+1 other failures)" type="FAILED"/>
		<system-out>09:13:06 INFO  ==============================================================
09:13:06 INFO  Id:    local_mqtt_pub_sub_retain
09:13:06 INFO  Dir:   local_mqtt/
09:13:06 INFO  Title: Validate local publishing with retain flag
09:13:06 INFO  ==============================================================
09:13:07 INFO  Executed tedge&lt;pub_to_set_alarm&gt;, exit status 0
09:13:07 INFO  Executed tedge&lt;pub_to_set_alarm&gt;, exit status 0
09:13:08 INFO  Started tedge&lt;temp_sensor_sub&gt; with process id 29456
09:13:09 INFO  Executed tedge&lt;pub_to_clear_alarm&gt;, exit status 0
09:13:10 INFO  Executed sudo&lt;kill_out&gt;, exit status 0
09:13:10 INFO  Executed tedge&lt;pub_to_clear_alarm&gt;, exit status 0
09:13:10 INFO  Started tedge&lt;temp_sensor_empty_message&gt; with process id 29461
09:13:12 INFO  Executed sudo&lt;kill_out&gt;, exit status 0
09:13:12 WARN  Grep on temp_sensor_sub.out contains &quot;\[test/alarms/temp_sensor\] alarm msg 2&quot; ... failed [run.py:136]
09:13:12 WARN  Grep on temp_sensor_sub.out contains &quot;\[test/alarms/temp_sensor\] &quot; ... failed [run.py:141]
09:13:12 INFO  Grep on file temp_sensor_empty_message.out ... passed
09:13:12 INFO  
09:13:12 INFO  Test duration: 6.16 secs
09:13:12 INFO  Test final outcome:  FAILED
09:13:12 INFO  Test outcome reason: Grep on temp_sensor_sub.out contains &quot;\[test/alarms/temp_sensor\] alarm msg 2&quot; (+1 other failures)
09:13:12 INFO  
</system-out>
	</testcase>
</testsuite>
