<?xml version="1.0" encoding="utf-8"?>
<testsuite name="mqtt_port_change_connection_works" tests="1" failures="0" skipped="1" time="0.02" timestamp="2022-05-03T07:53:20">
	<testcase classname="MqttPortChangeConnectionWorks" name="mqtt_port_change_connection_works">
		<skipped message="SKIPPED: failing intermitently"/>
		<system-out>07:53:20 INFO  ==============================================================
07:53:20 INFO  Id:    mqtt_port_change_connection_works
07:53:20 INFO  Dir:   misc_features/
07:53:20 INFO  Title: mqtt port change connection works for all the thin-edge services that use the mosquitto broker
07:53:20 INFO  ==============================================================
07:53:20 INFO  failing intermitently ... skipped
07:53:20 INFO  
07:53:20 INFO  Test duration: 0.02 secs
07:53:20 INFO  Test final outcome:  SKIPPED
07:53:20 INFO  Test outcome reason: failing intermitently
07:53:20 INFO  
</system-out>
	</testcase>
</testsuite>
