<?xml version="1.0" encoding="utf-8"?>
<testsuite name="sm_tedge_mapper_init_session" tests="1" failures="0" skipped="0" time="44.31" timestamp="2022-05-10T13:25:52">
	<testcase classname="TedgeSMMapperInitSession" name="sm_tedge_mapper_init_session"/>
</testsuite>
