<?xml version="1.0" encoding="utf-8"?>
<testsuite name="apt_wrong_option" tests="1" failures="0" skipped="1" time="0.02" timestamp="2022-05-10T13:10:41">
	<testcase classname="AptPluginWrongOption" name="apt_wrong_option">
		<skipped message="SKIPPED: Testing the apt plugin is not supported on this platform.To run the tests call PySys with -XmyPlatform='container'"/>
		<system-out>13:10:41 INFO  ==============================================================
13:10:41 INFO  Id:    apt_wrong_option
13:10:41 INFO  Dir:   plugin_apt/
13:10:41 INFO  Title: Validate apt plugin install
13:10:41 INFO  ==============================================================
13:10:41 INFO  Testing the apt plugin is not supported on this platform.To run the tests call PySys with -XmyPlatform='container' ... skipped
13:10:41 WARN  Aborted test due to SKIPPED outcome
13:10:41 INFO  
13:10:41 INFO  Test duration: 0.02 secs
13:10:41 INFO  Test final outcome:  SKIPPED
13:10:41 INFO  Test outcome reason: Testing the apt plugin is not supported on this platform.To run the tests call PySys with -XmyPlatform='container'
13:10:41 INFO  
</system-out>
	</testcase>
</testsuite>
