<?xml version="1.0" encoding="utf-8"?>
<testsuite name="agent_init_session" tests="1" failures="1" skipped="0" time="6.93" timestamp="2022-05-10T19:40:25">
	<testcase classname="AgentInitSession" name="agent_init_session">
		<failure message="FAILED: Grep on sub_resp.out contains &quot;Ld3KgqpcLDlrYH6sfpG7w&quot;" type="FAILED"/>
		<system-out>19:40:18 INFO  ==============================================================
19:40:18 INFO  Id:    agent_init_session
19:40:18 INFO  Dir:   tedge_agent/
19:40:18 INFO  Title: Validate tedge agent init session feature
19:40:18 INFO  ==============================================================
19:40:18 INFO  Executed sudo&lt;remove_lock&gt;, exit status 0
19:40:19 INFO  Executed sudo&lt;agent_clear&gt;, exit status 0
19:40:20 INFO  Executed sudo&lt;agent_init&gt;, exit status 0
19:40:20 INFO  Executed sudo&lt;pub_req&gt;, exit status 0
19:40:20 INFO  Started sudo&lt;sub_resp&gt; with process id 19525
19:40:21 INFO  Executed sudo&lt;agent_start&gt;, exit status 0
19:40:21 INFO  Waiting for 2.0 seconds
19:40:23 INFO  Executed sudo&lt;agent_stop&gt;, exit status 0
19:40:24 INFO  Executed sudo&lt;sub_stop&gt;, exit status 0
19:40:25 WARN  Grep on sub_resp.out contains &quot;Ld3KgqpcLDlrYH6sfpG7w&quot; ... failed [run.py:87]
19:40:25 INFO  
19:40:25 INFO  Test duration: 6.93 secs
19:40:25 INFO  Test final outcome:  FAILED
19:40:25 INFO  Test outcome reason: Grep on sub_resp.out contains &quot;Ld3KgqpcLDlrYH6sfpG7w&quot;
19:40:25 INFO  
</system-out>
	</testcase>
</testsuite>
