<?xml version="1.0" encoding="utf-8"?>
<testsuite name="apt_list_format" tests="1" failures="0" skipped="0" time="3.37" timestamp="2022-05-30T09:09:01">
	<testcase classname="AptPluginListFormat" name="apt_list_format"/>
</testsuite>
