<?xml version="1.0" encoding="utf-8"?>
<testsuite name="mqtt_port_change_connection_fails" tests="1" failures="0" skipped="0" time="1.84" timestamp="2022-05-09T06:59:46">
	<testcase classname="MqttPortChangeConnectionFails" name="mqtt_port_change_connection_fails"/>
</testsuite>
