<?xml version="1.0" encoding="utf-8"?>
<testsuite name="tedge_mapper_c8y_child_device_measurement" tests="1" failures="0" skipped="1" time="0.07" timestamp="2022-05-10T13:26:28">
	<testcase classname="TedgeMapperC8yChildDevice" name="tedge_mapper_c8y_child_device_measurement">
		<skipped message="SKIPPED: Test execution disabled due to #1088"/>
		<system-out>13:26:28 INFO  ==============================================================
13:26:28 INFO  Id:    tedge_mapper_c8y_child_device_measurement
13:26:28 INFO  Dir:   tedge_mapper_c8y/
13:26:28 INFO  Title: Validate that measurements sent to tedge/measurements/child topic gets mapped as the child device's measurement in Cumulocity
13:26:28 INFO  ==============================================================
13:26:28 INFO  Test execution disabled due to #1088 ... skipped
13:26:28 INFO  
13:26:28 INFO  Test duration: 0.07 secs
13:26:28 INFO  Test final outcome:  SKIPPED
13:26:28 INFO  Test outcome reason: Test execution disabled due to #1088
13:26:28 INFO  
</system-out>
	</testcase>
</testsuite>
