<?xml version="1.0" encoding="utf-8"?>
<testsuite name="runtime_start_two_mappers" tests="1" failures="0" skipped="1" time="0.02" timestamp="2022-05-10T13:25:07">
	<testcase classname="RuntimeMultiMappers" name="runtime_start_two_mappers">
		<skipped message="SKIPPED: Test execution disabled due to #1124"/>
		<system-out>13:25:07 INFO  ==============================================================
13:25:07 INFO  Id:    runtime_start_two_mappers
13:25:07 INFO  Dir:   tedge_mapper_c8y/
13:25:07 INFO  Title: Validate two mappers can't be started at the same time
13:25:07 INFO  ==============================================================
13:25:07 INFO  Test execution disabled due to #1124 ... skipped
13:25:07 INFO  
13:25:07 INFO  Test duration: 0.02 secs
13:25:07 INFO  Test final outcome:  SKIPPED
13:25:07 INFO  Test outcome reason: Test execution disabled due to #1124
13:25:07 INFO  
</system-out>
	</testcase>
</testsuite>
