<?xml version="1.0" encoding="utf-8"?>
<testsuite name="docker_plugin_finalize" tests="1" failures="0" skipped="1" time="0.05" timestamp="2022-05-10T13:10:41">
	<testcase classname="DockerPluginFinalizeTest" name="docker_plugin_finalize">
		<skipped message="SKIPPED: Testing the docker plugin is not supported on this platform.To run it, all the test with -XmyPlatform='container'"/>
		<system-out>13:10:41 INFO  ==============================================================
13:10:41 INFO  Id:    docker_plugin_finalize
13:10:41 INFO  Dir:   plugin_docker/
13:10:41 INFO  Title: Validate docker plugin finalize command
13:10:41 INFO  ==============================================================
13:10:41 INFO  Testing the docker plugin is not supported on this platform.To run it, all the test with -XmyPlatform='container' ... skipped
13:10:41 WARN  Aborted test due to SKIPPED outcome
13:10:41 INFO  
13:10:41 INFO  Test duration: 0.05 secs
13:10:41 INFO  Test final outcome:  SKIPPED
13:10:41 INFO  Test outcome reason: Testing the docker plugin is not supported on this platform.To run it, all the test with -XmyPlatform='container'
13:10:41 INFO  
</system-out>
	</testcase>
</testsuite>
