<?xml version="1.0" encoding="utf-8"?>
<testsuite name="apt_remove" tests="1" failures="0" skipped="1" time="0.02" timestamp="2022-05-23T09:15:03">
	<testcase classname="AptPluginRemoveDense" name="apt_remove">
		<skipped message="SKIPPED: Testing the apt plugin is not supported on this platform.To run the tests call PySys with -XmyPlatform='container'"/>
		<system-out>09:15:03 INFO  ==============================================================
09:15:03 INFO  Id:    apt_remove
09:15:03 INFO  Dir:   plugin_apt/
09:15:03 INFO  Title: Validate apt plugin prepare - dense version
09:15:03 INFO  ==============================================================
09:15:03 INFO  Testing the apt plugin is not supported on this platform.To run the tests call PySys with -XmyPlatform='container' ... skipped
09:15:03 WARN  Aborted test due to SKIPPED outcome
09:15:03 INFO  
09:15:03 INFO  Test duration: 0.02 secs
09:15:03 INFO  Test final outcome:  SKIPPED
09:15:03 INFO  Test outcome reason: Testing the apt plugin is not supported on this platform.To run the tests call PySys with -XmyPlatform='container'
09:15:03 INFO  
</system-out>
	</testcase>
</testsuite>
