<?xml version="1.0" encoding="utf-8"?>
<testsuite name="log_request_num_lines" tests="1" failures="1" skipped="0" time="36.75" timestamp="2022-05-02T15:05:15">
	<testcase classname="LogRequestVerifyNumberOfLines" name="log_request_num_lines">
		<failure message="FAILED: Assert that (True == value) with value=False" type="FAILED"/>
		<system-out>15:04:38 INFO  ==============================================================
15:04:38 INFO  Id:    log_request_num_lines
15:04:38 INFO  Dir:   log_request_end_to_end/
15:04:38 INFO  Title: Validate end to end behaviour for the log request operation check for number of lines
15:04:38 INFO  ==============================================================
15:04:38 INFO  EnvironmentC8y Setup
15:04:39 INFO  Executed systemctl&lt;serv_mapper1&gt;, exit status 3
15:04:39 INFO  Restarting mosquitto too frequently in the last 10 seconds. It was only up for 6 seconds
15:04:39 INFO  Delaying execution by 5 seconds
15:05:02 INFO  Executed sudo&lt;tedge_connect_c8y&gt;, exit status 0, duration 17 secs
15:05:03 INFO  Executed sudo&lt;tedge_connect_c8y_test&gt;, exit status 0
15:05:03 INFO  Executed systemctl&lt;serv_mosq2&gt;, exit status 0
15:05:04 INFO  Executed systemctl&lt;serv_mapper3&gt;, exit status 0
15:05:04 INFO  Executed sudo&lt;rm_logs&gt;, exit status 0
15:05:05 INFO  Executed sudo&lt;move_logs&gt;, exit status 0
15:05:06 INFO  log response None
15:05:06 WARN  retry, retrying in 1 seconds...
15:05:07 INFO  log response https://thin-edge-io.eu-latest.cumulocity.com/event/events/18176935/binaries
15:05:07 INFO  nlines 0
15:05:07 WARN  Assert that (True == value) with value=False ... failed [run.py:44]
15:05:07 INFO  
15:05:07 INFO  cleanup:
15:05:08 INFO  Executed sudo&lt;rm_logs&gt;, exit status 0
15:05:08 INFO  Executed sudo&lt;rm_tmp_logs&gt;, exit status 0
15:05:09 INFO  Executed sudo&lt;send_failed&gt;, exit status 0
15:05:14 INFO  Executed sudo&lt;tedge_disconnect_c8y&gt;, exit status 0
15:05:15 INFO  Executed systemctl&lt;serv_mapper5&gt;, exit status 3
15:05:15 INFO  
15:05:15 INFO  Test duration: 36.75 secs
15:05:15 INFO  Test final outcome:  FAILED
15:05:15 INFO  Test outcome reason: Assert that (True == value) with value=False
15:05:15 INFO  
</system-out>
	</testcase>
</testsuite>
