<?xml version="1.0" encoding="utf-8"?>
<testsuite name="sm_tedge_mapper_init_session" tests="1" failures="0" skipped="0" time="42.52" timestamp="2022-05-03T08:09:31">
	<testcase classname="TedgeSMMapperInitSession" name="sm_tedge_mapper_init_session"/>
</testsuite>
