<?xml version="1.0" encoding="utf-8"?>
<testsuite name="tedge_mapper_az_without_timestamp" tests="1" failures="0" skipped="0" time="3.81" timestamp="2022-05-16T07:36:56">
	<testcase classname="TedgeMapperAzWithoutTimestamp" name="tedge_mapper_az_without_timestamp"/>
</testsuite>
