<?xml version="1.0" encoding="utf-8"?>
<testsuite name="sm_tedge_mapper_init_session" tests="1" failures="0" skipped="0" time="42.7" timestamp="2022-05-30T09:24:16">
	<testcase classname="TedgeSMMapperInitSession" name="sm_tedge_mapper_init_session"/>
</testsuite>
