<?xml version="1.0" encoding="utf-8"?>
<testsuite name="publish_flux" tests="1" failures="0" skipped="0" time="77.83" timestamp="2022-05-10T19:30:17">
	<testcase classname="PublishFlux" name="publish_flux"/>
</testsuite>
