<?xml version="1.0" encoding="utf-8"?>
<testsuite name="monitoring_with_collectd" tests="1" failures="0" skipped="1" time="0.02" timestamp="2022-05-09T07:00:55">
	<testcase classname="MonitoringWithCollectd" name="monitoring_with_collectd">
		<skipped message="SKIPPED: Test execution disabled due to #792 (instable)"/>
		<system-out>07:00:55 INFO  ==============================================================
07:00:55 INFO  Id:    monitoring_with_collectd
07:00:55 INFO  Dir:   monitoring/
07:00:55 INFO  Title: Validate tedge dm agent messages that are produced by batching the collectd messages
07:00:55 INFO  ==============================================================
07:00:55 INFO  Test execution disabled due to #792 (instable) ... skipped
07:00:55 INFO  
07:00:55 INFO  Test duration: 0.02 secs
07:00:55 INFO  Test final outcome:  SKIPPED
07:00:55 INFO  Test outcome reason: Test execution disabled due to #792 (instable)
07:00:55 INFO  
</system-out>
	</testcase>
</testsuite>
