<?xml version="1.0" encoding="utf-8"?>
<testsuite name="local_mqtt_pub_sub" tests="1" failures="0" skipped="0" time="2.1" timestamp="2022-05-10T19:27:03">
	<testcase classname="PySysTest" name="local_mqtt_pub_sub"/>
</testsuite>
