<?xml version="1.0" encoding="utf-8"?>
<testsuite name="c8y_restart_bridge" tests="1" failures="0" skipped="0" time="28.42" timestamp="2022-05-02T15:19:02">
	<testcase classname="RestartBridge" name="c8y_restart_bridge"/>
</testsuite>
