<?xml version="1.0" encoding="utf-8"?>
<testsuite name="SoftwareManagement.sm_apt_install_remove" tests="1" failures="0" skipped="1" time="0.04" timestamp="2022-05-10T19:39:18">
	<testcase classname="PySysTest" name="SoftwareManagement.sm_apt_install_remove">
		<skipped message="SKIPPED: Testing the apt plugin is not supported on this platform.Use parameter -XmyPlatform='container' to enable it"/>
		<system-out>19:39:17 INFO  ==============================================================
19:39:17 INFO  Id:    SoftwareManagement.sm_apt_install_remove
19:39:17 INFO  Dir:   software_management_end_to_end/
19:39:17 INFO  Title: Validate end to end behaviour for the apt plugin for installation and removal of packages
19:39:17 INFO  ==============================================================
19:39:17 INFO  Testing the apt plugin is not supported on this platform.Use parameter -XmyPlatform='container' to enable it ... skipped
19:39:17 WARN  Aborted test due to SKIPPED outcome
19:39:18 INFO  
19:39:18 INFO  Test duration: 0.04 secs
19:39:18 INFO  Test final outcome:  SKIPPED
19:39:18 INFO  Test outcome reason: Testing the apt plugin is not supported on this platform.Use parameter -XmyPlatform='container' to enable it
19:39:18 INFO  
</system-out>
	</testcase>
</testsuite>
