<?xml version="1.0" encoding="utf-8"?>
<testsuite name="apt_install_local_file_with_version_fail" tests="1" failures="0" skipped="1" time="0.03" timestamp="2022-05-04T08:00:00">
	<testcase classname="AptPluginInstallFromLocalFileWithVersionFail" name="apt_install_local_file_with_version_fail">
		<skipped message="SKIPPED: Testing the apt plugin is not supported on this platform.To run the tests call PySys with -XmyPlatform='container'"/>
		<system-out>08:00:00 INFO  ==============================================================
08:00:00 INFO  Id:    apt_install_local_file_with_version_fail
08:00:00 INFO  Dir:   plugin_apt/
08:00:00 INFO  Title: Validate apt plugin install from local file AND with a version - FAIL case
08:00:00 INFO  ==============================================================
08:00:00 INFO  Testing the apt plugin is not supported on this platform.To run the tests call PySys with -XmyPlatform='container' ... skipped
08:00:00 WARN  Aborted test due to SKIPPED outcome
08:00:00 INFO  
08:00:00 INFO  Test duration: 0.03 secs
08:00:00 INFO  Test final outcome:  SKIPPED
08:00:00 INFO  Test outcome reason: Testing the apt plugin is not supported on this platform.To run the tests call PySys with -XmyPlatform='container'
08:00:00 INFO  
</system-out>
	</testcase>
</testsuite>
