<?xml version="1.0" encoding="utf-8"?>
<testsuite name="call_tedge_config_help" tests="1" failures="0" skipped="0" time="0.44" timestamp="2022-05-10T19:39:21">
	<testcase classname="PySysTest" name="call_tedge_config_help"/>
</testsuite>
