<?xml version="1.0" encoding="utf-8"?>
<testsuite name="tedge_connect_test_positive" tests="1" failures="0" skipped="0" time="34.96" timestamp="2022-05-02T15:19:38">
	<testcase classname="TedgeConnectTestPositive" name="tedge_connect_test_positive"/>
</testsuite>
