<?xml version="1.0" encoding="utf-8"?>
<testsuite name="agent_init_session" tests="1" failures="1" skipped="0" time="7.03" timestamp="2022-05-10T13:22:09">
	<testcase classname="AgentInitSession" name="agent_init_session">
		<failure message="FAILED: Grep on sub_resp.out contains &quot;Ld3KgqpcLDlrYH6sfpG7w&quot;" type="FAILED"/>
		<system-out>13:22:02 INFO  ==============================================================
13:22:02 INFO  Id:    agent_init_session
13:22:02 INFO  Dir:   tedge_agent/
13:22:02 INFO  Title: Validate tedge agent init session feature
13:22:02 INFO  ==============================================================
13:22:02 INFO  Executed sudo&lt;remove_lock&gt;, exit status 0
13:22:03 INFO  Executed sudo&lt;agent_clear&gt;, exit status 0
13:22:03 INFO  Executed sudo&lt;agent_init&gt;, exit status 0
13:22:04 INFO  Executed sudo&lt;pub_req&gt;, exit status 0
13:22:04 INFO  Started sudo&lt;sub_resp&gt; with process id 380
13:22:04 INFO  Executed sudo&lt;agent_start&gt;, exit status 0
13:22:04 INFO  Waiting for 2.0 seconds
13:22:07 INFO  Executed sudo&lt;agent_stop&gt;, exit status 0
13:22:08 INFO  Executed sudo&lt;sub_stop&gt;, exit status 0
13:22:09 WARN  Grep on sub_resp.out contains &quot;Ld3KgqpcLDlrYH6sfpG7w&quot; ... failed [run.py:87]
13:22:09 INFO  
13:22:09 INFO  Test duration: 7.03 secs
13:22:09 INFO  Test final outcome:  FAILED
13:22:09 INFO  Test outcome reason: Grep on sub_resp.out contains &quot;Ld3KgqpcLDlrYH6sfpG7w&quot;
13:22:09 INFO  
</system-out>
	</testcase>
</testsuite>
