<?xml version="1.0" encoding="utf-8"?>
<testsuite name="publish_flux" tests="1" failures="0" skipped="0" time="77.92" timestamp="2022-05-02T15:08:18">
	<testcase classname="PublishFlux" name="publish_flux"/>
</testsuite>
