<?xml version="1.0" encoding="utf-8"?>
<testsuite name="monitoring_with_simulated_messages" tests="1" failures="0" skipped="1" time="0.03" timestamp="2022-05-11T11:33:03">
	<testcase classname="MonitoringWithSimulatedMessages" name="monitoring_with_simulated_messages">
		<skipped message="SKIPPED: Fails due to retained message"/>
		<system-out>11:33:03 INFO  ==============================================================
11:33:03 INFO  Id:    monitoring_with_simulated_messages
11:33:03 INFO  Dir:   monitoring/
11:33:03 INFO  Title: Validate the tedge dm agent messages that are produced from the simulated collectd messages
11:33:03 INFO  ==============================================================
11:33:03 INFO  Fails due to retained message ... skipped
11:33:03 INFO  
11:33:03 INFO  Test duration: 0.03 secs
11:33:03 INFO  Test final outcome:  SKIPPED
11:33:03 INFO  Test outcome reason: Fails due to retained message
11:33:03 INFO  
</system-out>
	</testcase>
</testsuite>
