<?xml version="1.0" encoding="utf-8"?>
<testsuite name="apt_fail_noarg" tests="1" failures="0" skipped="1" time="0.08" timestamp="2022-05-04T08:00:00">
	<testcase classname="AptPluginFailNoArg" name="apt_fail_noarg">
		<skipped message="SKIPPED: Testing the apt plugin is not supported on this platform.To run the tests call PySys with -XmyPlatform='container'"/>
		<system-out>08:00:00 INFO  ==============================================================
08:00:00 INFO  Id:    apt_fail_noarg
08:00:00 INFO  Dir:   plugin_apt/
08:00:00 INFO  Title: Validate apt plugin fetures(prepare, list, install, remove finalize) without arguments
08:00:00 INFO  ==============================================================
08:00:00 INFO  Testing the apt plugin is not supported on this platform.To run the tests call PySys with -XmyPlatform='container' ... skipped
08:00:00 WARN  Aborted test due to SKIPPED outcome
08:00:00 INFO  
08:00:00 INFO  Test duration: 0.08 secs
08:00:00 INFO  Test final outcome:  SKIPPED
08:00:00 INFO  Test outcome reason: Testing the apt plugin is not supported on this platform.To run the tests call PySys with -XmyPlatform='container'
08:00:00 INFO  
</system-out>
	</testcase>
</testsuite>
