<?xml version="1.0" encoding="utf-8"?>
<testsuite name="smoketest_smartrest_200_samples_20ms" tests="1" failures="1" skipped="0" time="118.32" timestamp="2022-05-02T15:17:26">
	<testcase classname="SmoketestSmartRest200Samples20ms" name="smoketest_smartrest_200_samples_20ms">
		<failure message="BLOCKED: python3&lt;stdout&gt; returned non-zero exit code 1" type="BLOCKED"/>
		<system-out>15:15:28 INFO  ==============================================================
15:15:28 INFO  Id:    smoketest_smartrest_200_samples_20ms
15:15:28 INFO  Dir:   smoketests/
15:15:28 INFO  Title: Smoketest SmartRest 200 Samples 20ms Delay
15:15:28 INFO  ==============================================================
15:15:28 INFO  EnvironmentC8y Setup
15:15:28 INFO  Executed systemctl&lt;serv_mapper1&gt;, exit status 3
15:15:28 INFO  Restarting mosquitto too frequently in the last 10 seconds. It was only up for 6 seconds
15:15:28 INFO  Delaying execution by 5 seconds
15:15:52 INFO  Executed sudo&lt;tedge_connect_c8y&gt;, exit status 0, duration 18 secs
15:15:53 INFO  Executed sudo&lt;tedge_connect_c8y_test&gt;, exit status 0
15:15:53 INFO  Executed systemctl&lt;serv_mosq2&gt;, exit status 0
15:15:54 INFO  Executed systemctl&lt;serv_mapper3&gt;, exit status 0
15:17:19 WARN  Executed python3&lt;stdout&gt;, exit status 1, duration 45 secs
15:17:19 INFO  Contents of stdout.out: 
  Act: Publishing values with tedge pub
  Waiting 3s for values to arrive in C8y
  Assert: Retrieving data via REST interface
  Gathering values from 2022-05-02 15:16:39+00:00 to 2022-05-02 15:17:19+00:00
  Found 186 recorded values:
  Retrieved values:
     14    15    16    17    18    19
     20    21    22    23    24    25    26    27    28    29    30    31    32    33    34    35    36    37    38    39
     40    41    42    43    44    45    46    47    48    49    50    51    52    53    54    55    56    57    58    59
     60    61    62    63    64    65    66    67    68    69    70    71    72    73    74    75    76    77    78    79
     80    81    82    83    84    85    86    87    88    89    90    91    92    93    94    95    96    97    98    99
    100   101   102   103   104   105   106   107   108   109   110   111   112   113   114   115   116   117   118   119
    120   121   122   123   124   125   126   127   128   129   130   131   132   133   134   135   136   137   138   139
    140   141   142   143   144   145   146   147   148   149   150   151   152   153   154   155   156   157   158   159
    160   161   162   163   164   165   166   167   168   169   170   171   172   173   174   175   176   177   178   179
    180   181   182   183   184   185   186   187   188   189   190   191   192   193   194   195   196   197   198   199
  Expected:  0.0  ...  199.0
  Data verification FAILED
  -----

15:17:20 WARN  python3&lt;stdout&gt; returned non-zero exit code 1 ... blocked 
15:17:20 WARN  Aborted test due to BLOCKED outcome
15:17:20 INFO  
15:17:20 INFO  cleanup:
15:17:25 INFO  Executed sudo&lt;tedge_disconnect_c8y&gt;, exit status 0
15:17:26 INFO  Executed systemctl&lt;serv_mapper5&gt;, exit status 3
15:17:26 INFO  
15:17:26 INFO  Test duration: 118.32 secs
15:17:26 INFO  Test final outcome:  BLOCKED
15:17:26 INFO  Test outcome reason: python3&lt;stdout&gt; returned non-zero exit code 1
15:17:26 INFO  
</system-out>
	</testcase>
</testsuite>
