<?xml version="1.0" encoding="utf-8"?>
<testsuite name="monitoring_with_collectd" tests="1" failures="0" skipped="1" time="0.02" timestamp="2022-05-10T13:10:36">
	<testcase classname="MonitoringWithCollectd" name="monitoring_with_collectd">
		<skipped message="SKIPPED: Test execution disabled due to #792 (instable)"/>
		<system-out>13:10:36 INFO  ==============================================================
13:10:36 INFO  Id:    monitoring_with_collectd
13:10:36 INFO  Dir:   monitoring/
13:10:36 INFO  Title: Validate tedge dm agent messages that are produced by batching the collectd messages
13:10:36 INFO  ==============================================================
13:10:36 INFO  Test execution disabled due to #792 (instable) ... skipped
13:10:36 INFO  
13:10:36 INFO  Test duration: 0.02 secs
13:10:36 INFO  Test final outcome:  SKIPPED
13:10:36 INFO  Test outcome reason: Test execution disabled due to #792 (instable)
13:10:36 INFO  
</system-out>
	</testcase>
</testsuite>
