<?xml version="1.0" encoding="utf-8"?>
<testsuite name="invalid_device_id" tests="1" failures="0" skipped="0" time="4.45" timestamp="2022-05-02T15:05:49">
	<testcase classname="InvalidDeviceId" name="invalid_device_id"/>
</testsuite>
