<?xml version="1.0" encoding="utf-8"?>
<testsuite name="SoftwareManagement.Plugin.apama_plugin_remove" tests="1" failures="0" skipped="1" time="0.05" timestamp="2022-05-09T07:00:56">
	<testcase classname="ApamaPluginRemoveTest" name="SoftwareManagement.Plugin.apama_plugin_remove">
		<skipped message="SKIPPED: Apama plugin tests are disabled by default. Execute `pysys run` with `-XmyPlatform=container` to run these tests"/>
		<system-out>07:00:56 INFO  ==============================================================
07:00:56 INFO  Id:    SoftwareManagement.Plugin.apama_plugin_remove
07:00:56 INFO  Dir:   plugin_apama/
07:00:56 INFO  Title: Validate apama plugin remove
07:00:56 INFO  ==============================================================
07:00:56 INFO  Apama plugin tests are disabled by default. Execute `pysys run` with `-XmyPlatform=container` to run these tests ... skipped
07:00:56 WARN  Aborted test due to SKIPPED outcome
07:00:56 INFO  
07:00:56 INFO  Test duration: 0.05 secs
07:00:56 INFO  Test final outcome:  SKIPPED
07:00:56 INFO  Test outcome reason: Apama plugin tests are disabled by default. Execute `pysys run` with `-XmyPlatform=container` to run these tests
07:00:56 INFO  
</system-out>
	</testcase>
</testsuite>
