<?xml version="1.0" encoding="utf-8"?>
<testsuite name="publish_flux" tests="1" failures="0" skipped="0" time="79.65" timestamp="2022-05-11T11:34:28">
	<testcase classname="PublishFlux" name="publish_flux"/>
</testsuite>
