<?xml version="1.0" encoding="utf-8"?>
<testsuite name="monitoring_with_simulated_messages" tests="1" failures="0" skipped="1" time="0.02" timestamp="2022-05-10T19:28:54">
	<testcase classname="MonitoringWithSimulatedMessages" name="monitoring_with_simulated_messages">
		<skipped message="SKIPPED: Fails due to retained message"/>
		<system-out>19:28:54 INFO  ==============================================================
19:28:54 INFO  Id:    monitoring_with_simulated_messages
19:28:54 INFO  Dir:   monitoring/
19:28:54 INFO  Title: Validate the tedge dm agent messages that are produced from the simulated collectd messages
19:28:54 INFO  ==============================================================
19:28:54 INFO  Fails due to retained message ... skipped
19:28:54 INFO  
19:28:54 INFO  Test duration: 0.02 secs
19:28:54 INFO  Test final outcome:  SKIPPED
19:28:54 INFO  Test outcome reason: Fails due to retained message
19:28:54 INFO  
</system-out>
	</testcase>
</testsuite>
