<?xml version="1.0" encoding="utf-8"?>
<testsuite name="smoketest_json" tests="1" failures="0" skipped="0" time="49.84" timestamp="2022-05-03T07:57:58">
	<testcase classname="SmokeTestJson" name="smoketest_json"/>
</testsuite>
