<?xml version="1.0" encoding="utf-8"?>
<testsuite name="apt_fail_noarg" tests="1" failures="0" skipped="1" time="0.04" timestamp="2022-05-10T13:10:37">
	<testcase classname="AptPluginFailNoArg" name="apt_fail_noarg">
		<skipped message="SKIPPED: Testing the apt plugin is not supported on this platform.To run the tests call PySys with -XmyPlatform='container'"/>
		<system-out>13:10:37 INFO  ==============================================================
13:10:37 INFO  Id:    apt_fail_noarg
13:10:37 INFO  Dir:   plugin_apt/
13:10:37 INFO  Title: Validate apt plugin fetures(prepare, list, install, remove finalize) without arguments
13:10:37 INFO  ==============================================================
13:10:37 INFO  Testing the apt plugin is not supported on this platform.To run the tests call PySys with -XmyPlatform='container' ... skipped
13:10:37 WARN  Aborted test due to SKIPPED outcome
13:10:37 INFO  
13:10:37 INFO  Test duration: 0.04 secs
13:10:37 INFO  Test final outcome:  SKIPPED
13:10:37 INFO  Test outcome reason: Testing the apt plugin is not supported on this platform.To run the tests call PySys with -XmyPlatform='container'
13:10:37 INFO  
</system-out>
	</testcase>
</testsuite>
