<?xml version="1.0" encoding="utf-8"?>
<testsuite name="docker_plugin_finalize" tests="1" failures="0" skipped="1" time="0.05" timestamp="2022-05-23T09:15:04">
	<testcase classname="DockerPluginFinalizeTest" name="docker_plugin_finalize">
		<skipped message="SKIPPED: Testing the docker plugin is not supported on this platform.To run it, all the test with -XmyPlatform='container'"/>
		<system-out>09:15:04 INFO  ==============================================================
09:15:04 INFO  Id:    docker_plugin_finalize
09:15:04 INFO  Dir:   plugin_docker/
09:15:04 INFO  Title: Validate docker plugin finalize command
09:15:04 INFO  ==============================================================
09:15:04 INFO  Testing the docker plugin is not supported on this platform.To run it, all the test with -XmyPlatform='container' ... skipped
09:15:04 WARN  Aborted test due to SKIPPED outcome
09:15:04 INFO  
09:15:04 INFO  Test duration: 0.05 secs
09:15:04 INFO  Test final outcome:  SKIPPED
09:15:04 INFO  Test outcome reason: Testing the docker plugin is not supported on this platform.To run it, all the test with -XmyPlatform='container'
09:15:04 INFO  
</system-out>
	</testcase>
</testsuite>
