<?xml version="1.0" encoding="utf-8"?>
<testsuite name="SoftwareManagement.sm_apt_install_remove_multiple_mixed" tests="1" failures="1" skipped="0" time="185.98" timestamp="2022-05-10T14:04:41">
	<testcase classname="PySysTest" name="SoftwareManagement.sm_apt_install_remove_multiple_mixed">
		<failure message="BLOCKED: SystemError: Timeout while waiting for status SUCCESSFUL or False" type="BLOCKED"/>
		<system-out>14:01:35 INFO  ==============================================================
14:01:35 INFO  Id:    SoftwareManagement.sm_apt_install_remove_multiple_mixed
14:01:35 INFO  Dir:   software_management_end_to_end/
14:01:35 INFO  Title: Validate end to end behaviour for the apt plugin for multiple packages with mixed versions
14:01:35 INFO  ==============================================================
14:01:35 INFO  Using sw id database: {'asciijump': '5475369', 'robotfindskitten': '5474869', 'squirrel3': '5475279', 'rolldice': '5152439', 'moon-buggy': '5439204', 'apple': '5495053', 'banana': '5494888', 'cherry': '5495382', 'watermelon': '5494510', 'registry': '8018911', 'hello-world': '8021526', 'docker/getting-started': '8021973', 'alpine': '7991792'}
14:01:35 INFO  EnvironmentC8y Setup
14:01:35 INFO  Executed systemctl&lt;serv_mapper1&gt;, exit status 3
14:01:35 INFO  Restarting mosquitto too frequently in the last 10 seconds. It was only up for 5 seconds
14:01:35 INFO  Delaying execution by 6 seconds
14:01:59 INFO  Executed sudo&lt;tedge_connect_c8y&gt;, exit status 0, duration 17 secs
14:02:00 INFO  Executed sudo&lt;tedge_connect_c8y_test&gt;, exit status 0
14:02:00 INFO  Executed systemctl&lt;serv_mosq2&gt;, exit status 0
14:02:01 INFO  Executed systemctl&lt;serv_mapper3&gt;, exit status 0
14:02:03 INFO  State of current operation: SUCCESSFUL
14:02:03 INFO  Assert that (False == value) with value=False ... passed
14:02:03 INFO  Assert that (False == value) with value=False ... passed
14:02:04 INFO  Assert that (False == value) with value=False ... passed
14:02:04 INFO  Assert that (False == value) with value=False ... passed
14:02:04 INFO  Assert that (False == value) with value=False ... passed
14:02:06 INFO  Response status: 201
14:02:06 INFO  Response to action: {
    &quot;creationTime&quot;: &quot;2022-05-10T14:02:06.496Z&quot;,
    &quot;deviceName&quot;: &quot;m32sd11f&quot;,
    &quot;deviceId&quot;: &quot;18651604&quot;,
    &quot;self&quot;: &quot;https://t493319102.eu-latest.cumulocity.com/devicecontrol/operations/18685533&quot;,
    &quot;id&quot;: &quot;18685533&quot;,
    &quot;status&quot;: &quot;PENDING&quot;,
    &quot;description&quot;: &quot;Apply software changes, triggered from PySys: [{'action': 'install', 'id': '5475369', 'name': 'asciijump', 'url': ' ', 'version': '::apt'}, {'action': 'install', 'id': '5474869', 'name': 'robotfindskitten', 'url': ' ', 'version': ' '}, {'action': 'install', 'id': '5475279', 'name': 'squirrel3', 'url': ' ', 'version': '3.1-8::apt'}, {'action': 'install', 'id': '5152439', 'name': 'rolldice', 'url': ' ', 'version': '1.16-1+b2'}, {'action': 'install', 'id': '5439204', 'name': 'moon-buggy', 'url': ' ', 'version': '1:1.0.51-13'}, {'action': 'install', 'id': '5475369', 'name': 'asciijump', 'url': ' ', 'version': '::apt'}]&quot;,
    &quot;c8y_SoftwareUpdate&quot;: [
        {
            &quot;name&quot;: &quot;asciijump&quot;,
            &quot;action&quot;: &quot;install&quot;,
            &quot;id&quot;: &quot;5475369&quot;,
            &quot;version&quot;: &quot;::apt&quot;,
            &quot;url&quot;: &quot; &quot;
        },
        {
            &quot;name&quot;: &quot;robotfindskitten&quot;,
            &quot;action&quot;: &quot;install&quot;,
            &quot;id&quot;: &quot;5474869&quot;,
            &quot;version&quot;: &quot; &quot;,
            &quot;url&quot;: &quot; &quot;
        },
        {
            &quot;name&quot;: &quot;squirrel3&quot;,
            &quot;action&quot;: &quot;install&quot;,
            &quot;id&quot;: &quot;5475279&quot;,
            &quot;version&quot;: &quot;3.1-8::apt&quot;,
            &quot;url&quot;: &quot; &quot;
        },
        {
            &quot;name&quot;: &quot;rolldice&quot;,
            &quot;action&quot;: &quot;install&quot;,
            &quot;id&quot;: &quot;5152439&quot;,
            &quot;version&quot;: &quot;1.16-1+b2&quot;,
            &quot;url&quot;: &quot; &quot;
        },
        {
            &quot;name&quot;: &quot;moon-buggy&quot;,
            &quot;action&quot;: &quot;install&quot;,
            &quot;id&quot;: &quot;5439204&quot;,
            &quot;version&quot;: &quot;1:1.0.51-13&quot;,
            &quot;url&quot;: &quot; &quot;
        },
        {
            &quot;name&quot;: &quot;asciijump&quot;,
            &quot;action&quot;: &quot;install&quot;,
            &quot;id&quot;: &quot;5475369&quot;,
            &quot;version&quot;: &quot;::apt&quot;,
            &quot;url&quot;: &quot; &quot;
        }
    ]
}
14:02:06 INFO  Started operation: {'creationTime': '2022-05-10T14:02:06.496Z', 'deviceName': 'm32sd11f', 'deviceId': '18651604', 'self': 'https://t493319102.eu-latest.cumulocity.com/devicecontrol/operations/18685533', 'id': '18685533', 'status': 'PENDING', 'description': &quot;Apply software changes, triggered from PySys: [{'action': 'install', 'id': '5475369', 'name': 'asciijump', 'url': ' ', 'version': '::apt'}, {'action': 'install', 'id': '5474869', 'name': 'robotfindskitten', 'url': ' ', 'version': ' '}, {'action': 'install', 'id': '5475279', 'name': 'squirrel3', 'url': ' ', 'version': '3.1-8::apt'}, {'action': 'install', 'id': '5152439', 'name': 'rolldice', 'url': ' ', 'version': '1.16-1+b2'}, {'action': 'install', 'id': '5439204', 'name': 'moon-buggy', 'url': ' ', 'version': '1:1.0.51-13'}, {'action': 'install', 'id': '5475369', 'name': 'asciijump', 'url': ' ', 'version': '::apt'}]&quot;, 'c8y_SoftwareUpdate': [{'name': 'asciijump', 'action': 'install', 'id': '5475369', 'version': '::apt', 'url': ' '}, {'name': 'robotfindskitten', 'action': 'install', 'id': '5474869', 'version': ' ', 'url': ' '}, {'name': 'squirrel3', 'action': 'install', 'id': '5475279', 'version': '3.1-8::apt', 'url': ' '}, {'name': 'rolldice', 'action': 'install', 'id': '5152439', 'version': '1.16-1+b2', 'url': ' '}, {'name': 'moon-buggy', 'action': 'install', 'id': '5439204', 'version': '1:1.0.51-13', 'url': ' '}, {'name': 'asciijump', 'action': 'install', 'id': '5475369', 'version': '::apt', 'url': ' '}]}
14:02:08 INFO  State of operation 18685533 : PENDING
14:02:11 INFO  State of operation 18685533 : EXECUTING
14:02:13 INFO  State of operation 18685533 : EXECUTING
14:02:15 INFO  State of operation 18685533 : EXECUTING
14:02:17 INFO  State of operation 18685533 : EXECUTING
14:02:19 INFO  State of operation 18685533 : EXECUTING
14:02:22 INFO  State of operation 18685533 : EXECUTING
14:02:24 INFO  State of operation 18685533 : EXECUTING
14:02:27 INFO  State of operation 18685533 : EXECUTING
14:02:29 INFO  State of operation 18685533 : EXECUTING
14:02:32 INFO  State of operation 18685533 : EXECUTING
14:02:34 INFO  State of operation 18685533 : EXECUTING
14:02:36 INFO  State of operation 18685533 : EXECUTING
14:02:39 INFO  State of operation 18685533 : EXECUTING
14:02:41 INFO  State of operation 18685533 : EXECUTING
14:02:43 INFO  State of operation 18685533 : EXECUTING
14:02:45 INFO  State of operation 18685533 : EXECUTING
14:02:48 INFO  State of operation 18685533 : EXECUTING
14:02:50 INFO  State of operation 18685533 : EXECUTING
14:02:52 INFO  State of operation 18685533 : EXECUTING
14:02:55 INFO  State of operation 18685533 : EXECUTING
14:02:58 INFO  State of operation 18685533 : EXECUTING
14:03:00 INFO  State of operation 18685533 : EXECUTING
14:03:02 INFO  State of operation 18685533 : EXECUTING
14:03:04 INFO  State of operation 18685533 : EXECUTING
14:03:07 INFO  State of operation 18685533 : EXECUTING
14:03:09 INFO  State of operation 18685533 : EXECUTING
14:03:12 INFO  State of operation 18685533 : EXECUTING
14:03:14 INFO  State of operation 18685533 : EXECUTING
14:03:17 INFO  State of operation 18685533 : EXECUTING
14:03:20 INFO  State of operation 18685533 : EXECUTING
14:03:22 INFO  State of operation 18685533 : EXECUTING
14:03:25 INFO  State of operation 18685533 : EXECUTING
14:03:27 INFO  State of operation 18685533 : EXECUTING
14:03:29 INFO  State of operation 18685533 : EXECUTING
14:03:31 INFO  State of operation 18685533 : EXECUTING
14:03:34 INFO  State of operation 18685533 : EXECUTING
14:03:36 INFO  State of operation 18685533 : EXECUTING
14:03:38 INFO  State of operation 18685533 : EXECUTING
14:03:40 INFO  State of operation 18685533 : EXECUTING
14:03:43 INFO  State of operation 18685533 : EXECUTING
14:03:45 INFO  State of operation 18685533 : EXECUTING
14:03:47 INFO  State of operation 18685533 : EXECUTING
14:03:50 INFO  State of operation 18685533 : EXECUTING
14:03:53 INFO  State of operation 18685533 : EXECUTING
14:03:56 INFO  State of operation 18685533 : EXECUTING
14:03:58 INFO  State of operation 18685533 : EXECUTING
14:04:00 INFO  State of operation 18685533 : EXECUTING
14:04:03 INFO  State of operation 18685533 : EXECUTING
14:04:05 INFO  State of operation 18685533 : EXECUTING
14:04:07 INFO  State of operation 18685533 : EXECUTING
14:04:09 INFO  State of operation 18685533 : EXECUTING
14:04:12 INFO  State of operation 18685533 : EXECUTING
14:04:14 INFO  State of operation 18685533 : EXECUTING
14:04:16 INFO  State of operation 18685533 : EXECUTING
14:04:19 INFO  State of operation 18685533 : EXECUTING
14:04:22 INFO  State of operation 18685533 : EXECUTING
14:04:24 INFO  State of operation 18685533 : EXECUTING
14:04:26 INFO  State of operation 18685533 : EXECUTING
14:04:28 INFO  State of operation 18685533 : EXECUTING
14:04:31 INFO  State of operation 18685533 : EXECUTING
14:04:33 WARN  SystemError occurred while running test - Timeout while waiting for status SUCCESSFUL or False
Traceback (most recent call last):
  File &quot;/home/pi/env-pysys/lib/python3.9/site-packages/pysys/baserunner.py&quot;, line 1294, in __call__
    self.testObj.execute()
  File &quot;/home/pi/actions-runner/_work/thin-edge.io/thin-edge.io/tests/PySys/software_management_end_to_end/sm_apt_install_remove_multiple_mixed/run.py&quot;, line 89, in execute
    self.wait_until_succcess()
  File &quot;/home/pi/actions-runner/_work/thin-edge.io/thin-edge.io/tests/PySys/software_management_end_to_end/environment_sm_management.py&quot;, line 324, in wait_until_succcess
    self.wait_until_status(&quot;SUCCESSFUL&quot;)
  File &quot;/home/pi/actions-runner/_work/thin-edge.io/thin-edge.io/tests/PySys/software_management_end_to_end/environment_sm_management.py&quot;, line 380, in wait_until_status
    raise SystemError(
SystemError: Timeout while waiting for status SUCCESSFUL or False
14:04:33 WARN  SystemError: Timeout while waiting for status SUCCESSFUL or False ... blocked 
14:04:33 INFO  
14:04:33 INFO  cleanup:
14:04:40 INFO  Executed sudo&lt;tedge_disconnect_c8y&gt;, exit status 0
14:04:41 INFO  Executed systemctl&lt;serv_mapper5&gt;, exit status 3
14:04:41 INFO  
14:04:41 INFO  Test duration: 185.98 secs
14:04:41 INFO  Test final outcome:  BLOCKED
14:04:41 INFO  Test outcome reason: SystemError: Timeout while waiting for status SUCCESSFUL or False
14:04:41 INFO  
</system-out>
	</testcase>
</testsuite>
