<?xml version="1.0" encoding="utf-8"?>
<testsuite name="apt_finalize" tests="1" failures="0" skipped="0" time="158.61" timestamp="2022-05-16T07:42:26">
	<testcase classname="AptPluginFinalize" name="apt_finalize"/>
</testsuite>
