<?xml version="1.0" encoding="utf-8"?>
<testsuite name="apt_remove" tests="1" failures="0" skipped="0" time="75.07" timestamp="2022-05-16T07:50:30">
	<testcase classname="AptPluginRemoveDense" name="apt_remove"/>
</testsuite>
