<?xml version="1.0" encoding="utf-8"?>
<testsuite name="SoftwareManagement.sm_apt_install_remove_multiple" tests="1" failures="1" skipped="0" time="204.06" timestamp="2022-05-02T15:57:27">
	<testcase classname="PySysTest" name="SoftwareManagement.sm_apt_install_remove_multiple">
		<failure message="FAILED: Assert that (False == value) with value=True" type="FAILED"/>
		<system-out>15:54:03 INFO  ==============================================================
15:54:03 INFO  Id:    SoftwareManagement.sm_apt_install_remove_multiple
15:54:03 INFO  Dir:   software_management_end_to_end/
15:54:03 INFO  Title: Validate end to end behaviour for the apt plugin for multiple packages
15:54:03 INFO  ==============================================================
15:54:03 INFO  Using sw id database: {'asciijump': '5475369', 'robotfindskitten': '5474869', 'squirrel3': '5475279', 'rolldice': '5152439', 'moon-buggy': '5439204', 'apple': '5495053', 'banana': '5494888', 'cherry': '5495382', 'watermelon': '5494510', 'registry': '8018911', 'hello-world': '8021526', 'docker/getting-started': '8021973', 'alpine': '7991792'}
15:54:03 INFO  EnvironmentC8y Setup
15:54:03 INFO  Executed systemctl&lt;serv_mapper1&gt;, exit status 3
15:54:03 INFO  Restarting mosquitto too frequently in the last 10 seconds. It was only up for 6 seconds
15:54:03 INFO  Delaying execution by 5 seconds
15:54:26 INFO  Executed sudo&lt;tedge_connect_c8y&gt;, exit status 0, duration 17 secs
15:54:26 INFO  Executed sudo&lt;tedge_connect_c8y_test&gt;, exit status 0
15:54:27 INFO  Executed systemctl&lt;serv_mosq2&gt;, exit status 0
15:54:28 INFO  Executed systemctl&lt;serv_mapper3&gt;, exit status 0
15:54:30 INFO  State of current operation: SUCCESSFUL
15:54:30 INFO  Assert that (False == value) with value=False ... passed
15:54:30 INFO  Assert that (False == value) with value=False ... passed
15:54:30 INFO  Assert that (False == value) with value=False ... passed
15:54:31 INFO  Package robotfindskitten is installed
15:54:31 WARN  Assert that (False == value) with value=True ... failed 
15:54:31 INFO  Response status: 201
15:54:31 INFO  Response to action: {
    &quot;creationTime&quot;: &quot;2022-05-02T15:54:31.454Z&quot;,
    &quot;deviceName&quot;: &quot;m32sd11f&quot;,
    &quot;deviceId&quot;: &quot;18168342&quot;,
    &quot;self&quot;: &quot;https://t493319102.eu-latest.cumulocity.com/devicecontrol/operations/18211948&quot;,
    &quot;id&quot;: &quot;18211948&quot;,
    &quot;status&quot;: &quot;PENDING&quot;,
    &quot;description&quot;: &quot;Apply software changes, triggered from PySys: [{'action': 'install', 'id': '5475369', 'name': 'asciijump', 'url': ' ', 'version': '::apt'}, {'action': 'install', 'id': '5474869', 'name': 'robotfindskitten', 'url': ' ', 'version': '::apt'}, {'action': 'install', 'id': '5475279', 'name': 'squirrel3', 'url': ' ', 'version': '::apt'}]&quot;,
    &quot;c8y_SoftwareUpdate&quot;: [
        {
            &quot;name&quot;: &quot;asciijump&quot;,
            &quot;action&quot;: &quot;install&quot;,
            &quot;id&quot;: &quot;5475369&quot;,
            &quot;version&quot;: &quot;::apt&quot;,
            &quot;url&quot;: &quot; &quot;
        },
        {
            &quot;name&quot;: &quot;robotfindskitten&quot;,
            &quot;action&quot;: &quot;install&quot;,
            &quot;id&quot;: &quot;5474869&quot;,
            &quot;version&quot;: &quot;::apt&quot;,
            &quot;url&quot;: &quot; &quot;
        },
        {
            &quot;name&quot;: &quot;squirrel3&quot;,
            &quot;action&quot;: &quot;install&quot;,
            &quot;id&quot;: &quot;5475279&quot;,
            &quot;version&quot;: &quot;::apt&quot;,
            &quot;url&quot;: &quot; &quot;
        }
    ]
}
15:54:31 INFO  Started operation: {'creationTime': '2022-05-02T15:54:31.454Z', 'deviceName': 'm32sd11f', 'deviceId': '18168342', 'self': 'https://t493319102.eu-latest.cumulocity.com/devicecontrol/operations/18211948', 'id': '18211948', 'status': 'PENDING', 'description': &quot;Apply software changes, triggered from PySys: [{'action': 'install', 'id': '5475369', 'name': 'asciijump', 'url': ' ', 'version': '::apt'}, {'action': 'install', 'id': '5474869', 'name': 'robotfindskitten', 'url': ' ', 'version': '::apt'}, {'action': 'install', 'id': '5475279', 'name': 'squirrel3', 'url': ' ', 'version': '::apt'}]&quot;, 'c8y_SoftwareUpdate': [{'name': 'asciijump', 'action': 'install', 'id': '5475369', 'version': '::apt', 'url': ' '}, {'name': 'robotfindskitten', 'action': 'install', 'id': '5474869', 'version': '::apt', 'url': ' '}, {'name': 'squirrel3', 'action': 'install', 'id': '5475279', 'version': '::apt', 'url': ' '}]}
15:54:33 INFO  State of operation 18211948 : PENDING
15:54:35 INFO  State of operation 18211948 : EXECUTING
15:54:38 INFO  State of operation 18211948 : EXECUTING
15:54:40 INFO  State of operation 18211948 : EXECUTING
15:54:42 INFO  State of operation 18211948 : EXECUTING
15:54:44 INFO  State of operation 18211948 : EXECUTING
15:54:47 INFO  State of operation 18211948 : EXECUTING
15:54:49 INFO  State of operation 18211948 : EXECUTING
15:54:52 INFO  State of operation 18211948 : EXECUTING
15:54:55 INFO  State of operation 18211948 : EXECUTING
15:54:57 INFO  State of operation 18211948 : EXECUTING
15:54:59 INFO  State of operation 18211948 : EXECUTING
15:55:02 INFO  State of operation 18211948 : EXECUTING
15:55:04 INFO  State of operation 18211948 : EXECUTING
15:55:06 INFO  State of operation 18211948 : EXECUTING
15:55:08 INFO  State of operation 18211948 : EXECUTING
15:55:11 INFO  State of operation 18211948 : EXECUTING
15:55:13 INFO  State of operation 18211948 : EXECUTING
15:55:16 INFO  State of operation 18211948 : EXECUTING
15:55:18 INFO  State of operation 18211948 : EXECUTING
15:55:21 INFO  State of operation 18211948 : EXECUTING
15:55:23 INFO  State of operation 18211948 : EXECUTING
15:55:25 INFO  State of operation 18211948 : EXECUTING
15:55:28 INFO  State of operation 18211948 : EXECUTING
15:55:30 INFO  State of operation 18211948 : EXECUTING
15:55:33 INFO  State of operation 18211948 : EXECUTING
15:55:35 INFO  State of operation 18211948 : EXECUTING
15:55:38 INFO  State of operation 18211948 : EXECUTING
15:55:40 INFO  State of operation 18211948 : EXECUTING
15:55:42 INFO  State of operation 18211948 : EXECUTING
15:55:45 INFO  State of operation 18211948 : EXECUTING
15:55:47 INFO  State of operation 18211948 : EXECUTING
15:55:49 INFO  State of operation 18211948 : EXECUTING
15:55:51 INFO  State of operation 18211948 : EXECUTING
15:55:54 INFO  State of operation 18211948 : EXECUTING
15:55:56 INFO  State of operation 18211948 : EXECUTING
15:55:58 INFO  State of operation 18211948 : EXECUTING
15:56:00 INFO  State of operation 18211948 : EXECUTING
15:56:03 INFO  State of operation 18211948 : SUCCESSFUL
15:56:03 INFO  Assert that (False == value) with value=False ... passed
15:56:03 INFO  Package asciijump is installed
15:56:03 INFO  Assert that (True == value) with value=True ... passed
15:56:03 INFO  Package squirrel3 is installed
15:56:03 INFO  Assert that (True == value) with value=True ... passed
15:56:04 INFO  Package robotfindskitten is installed
15:56:04 INFO  Assert that (True == value) with value=True ... passed
15:56:04 INFO  Response status: 201
15:56:04 INFO  Response to action: {
    &quot;creationTime&quot;: &quot;2022-05-02T15:56:04.231Z&quot;,
    &quot;deviceName&quot;: &quot;m32sd11f&quot;,
    &quot;deviceId&quot;: &quot;18168342&quot;,
    &quot;self&quot;: &quot;https://t493319102.eu-latest.cumulocity.com/devicecontrol/operations/18211952&quot;,
    &quot;id&quot;: &quot;18211952&quot;,
    &quot;status&quot;: &quot;PENDING&quot;,
    &quot;description&quot;: &quot;Apply software changes, triggered from PySys: [{'action': 'delete', 'id': '5475369', 'name': 'asciijump', 'url': ' ', 'version': '::apt'}, {'action': 'delete', 'id': '5474869', 'name': 'robotfindskitten', 'url': ' ', 'version': '::apt'}, {'action': 'delete', 'id': '5475279', 'name': 'squirrel3', 'url': ' ', 'version': '::apt'}]&quot;,
    &quot;c8y_SoftwareUpdate&quot;: [
        {
            &quot;name&quot;: &quot;asciijump&quot;,
            &quot;action&quot;: &quot;delete&quot;,
            &quot;id&quot;: &quot;5475369&quot;,
            &quot;version&quot;: &quot;::apt&quot;,
            &quot;url&quot;: &quot; &quot;
        },
        {
            &quot;name&quot;: &quot;robotfindskitten&quot;,
            &quot;action&quot;: &quot;delete&quot;,
            &quot;id&quot;: &quot;5474869&quot;,
            &quot;version&quot;: &quot;::apt&quot;,
            &quot;url&quot;: &quot; &quot;
        },
        {
            &quot;name&quot;: &quot;squirrel3&quot;,
            &quot;action&quot;: &quot;delete&quot;,
            &quot;id&quot;: &quot;5475279&quot;,
            &quot;version&quot;: &quot;::apt&quot;,
            &quot;url&quot;: &quot; &quot;
        }
    ]
}
15:56:04 INFO  Started operation: {'creationTime': '2022-05-02T15:56:04.231Z', 'deviceName': 'm32sd11f', 'deviceId': '18168342', 'self': 'https://t493319102.eu-latest.cumulocity.com/devicecontrol/operations/18211952', 'id': '18211952', 'status': 'PENDING', 'description': &quot;Apply software changes, triggered from PySys: [{'action': 'delete', 'id': '5475369', 'name': 'asciijump', 'url': ' ', 'version': '::apt'}, {'action': 'delete', 'id': '5474869', 'name': 'robotfindskitten', 'url': ' ', 'version': '::apt'}, {'action': 'delete', 'id': '5475279', 'name': 'squirrel3', 'url': ' ', 'version': '::apt'}]&quot;, 'c8y_SoftwareUpdate': [{'name': 'asciijump', 'action': 'delete', 'id': '5475369', 'version': '::apt', 'url': ' '}, {'name': 'robotfindskitten', 'action': 'delete', 'id': '5474869', 'version': '::apt', 'url': ' '}, {'name': 'squirrel3', 'action': 'delete', 'id': '5475279', 'version': '::apt', 'url': ' '}]}
15:56:06 INFO  State of operation 18211952 : PENDING
15:56:08 INFO  State of operation 18211952 : EXECUTING
15:56:10 INFO  State of operation 18211952 : EXECUTING
15:56:13 INFO  State of operation 18211952 : EXECUTING
15:56:15 INFO  State of operation 18211952 : EXECUTING
15:56:17 INFO  State of operation 18211952 : EXECUTING
15:56:19 INFO  State of operation 18211952 : EXECUTING
15:56:22 INFO  State of operation 18211952 : EXECUTING
15:56:25 INFO  State of operation 18211952 : EXECUTING
15:56:27 INFO  State of operation 18211952 : EXECUTING
15:56:30 INFO  State of operation 18211952 : EXECUTING
15:56:32 INFO  State of operation 18211952 : EXECUTING
15:56:34 INFO  State of operation 18211952 : EXECUTING
15:56:37 INFO  State of operation 18211952 : EXECUTING
15:56:39 INFO  State of operation 18211952 : EXECUTING
15:56:41 INFO  State of operation 18211952 : EXECUTING
15:56:43 INFO  State of operation 18211952 : EXECUTING
15:56:46 INFO  State of operation 18211952 : EXECUTING
15:56:48 INFO  State of operation 18211952 : EXECUTING
15:56:51 INFO  State of operation 18211952 : EXECUTING
15:56:53 INFO  State of operation 18211952 : EXECUTING
15:56:56 INFO  State of operation 18211952 : EXECUTING
15:56:58 INFO  State of operation 18211952 : EXECUTING
15:57:00 INFO  State of operation 18211952 : EXECUTING
15:57:02 INFO  State of operation 18211952 : EXECUTING
15:57:05 INFO  State of operation 18211952 : EXECUTING
15:57:07 INFO  State of operation 18211952 : EXECUTING
15:57:10 INFO  State of operation 18211952 : EXECUTING
15:57:13 INFO  State of operation 18211952 : EXECUTING
15:57:15 INFO  State of operation 18211952 : EXECUTING
15:57:17 INFO  State of operation 18211952 : EXECUTING
15:57:20 INFO  State of operation 18211952 : SUCCESSFUL
15:57:20 INFO  Assert that (False == value) with value=False ... passed
15:57:20 INFO  Assert that (False == value) with value=False ... passed
15:57:20 INFO  Assert that (False == value) with value=False ... passed
15:57:20 INFO  Assert that (False == value) with value=False ... passed
15:57:20 INFO  
15:57:20 INFO  cleanup:
15:57:26 INFO  Executed sudo&lt;tedge_disconnect_c8y&gt;, exit status 0
15:57:27 INFO  Executed systemctl&lt;serv_mapper5&gt;, exit status 3
15:57:27 INFO  
15:57:27 INFO  Test duration: 204.06 secs
15:57:27 INFO  Test final outcome:  FAILED
15:57:27 INFO  Test outcome reason: Assert that (False == value) with value=True
15:57:27 INFO  
</system-out>
	</testcase>
</testsuite>
