<?xml version="1.0" encoding="utf-8"?>
<testsuite name="apt_sequence_install_with_version" tests="1" failures="1" skipped="0" time="106.6" timestamp="2022-05-03T08:24:39">
	<testcase classname="AptPluginPrepInstallWithVersionFinalize" name="apt_sequence_install_with_version">
		<failure message="FAILED: Grep on outp_check_1.out contains 'rolldice\t1.16-1(\\+b|build)(1|3)'" type="FAILED"/>
		<system-out>08:22:52 INFO  ==============================================================
08:22:52 INFO  Id:    apt_sequence_install_with_version
08:22:52 INFO  Dir:   plugin_apt/
08:22:52 INFO  Title: Validate apt plugin install with version use case
08:22:52 INFO  ==============================================================
08:22:58 INFO  Executed sudo, exit status 0
08:23:01 INFO  Executed sudo&lt;outp_check_0&gt;, exit status 0
08:23:01 INFO  Assert that (value==0) with value=0 ... passed
08:23:01 INFO  Grep on file outp_check_0.out ... passed
08:23:22 INFO  Executed sudo&lt;outp_prepare&gt;, exit status 0, duration 20 secs
08:23:22 INFO  Assert that (value==0) with value=0 ... passed
08:24:11 INFO  Executed sudo&lt;outp_install&gt;, exit status 0, duration 49 secs
08:24:11 INFO  Assert that (value==0) with value=0 ... passed
08:24:19 INFO  Executed sudo&lt;outp_finalize&gt;, exit status 0
08:24:19 INFO  Assert that (value==0) with value=0 ... passed
08:24:22 INFO  Executed sudo&lt;outp_check_1&gt;, exit status 0
08:24:22 INFO  Assert that (value==0) with value=0 ... passed
08:24:22 INFO  Grep on file outp_check_1.out ... passed
08:24:23 WARN  Grep on outp_check_1.out contains 'rolldice\t1.16-1(\\+b|build)(1|3)' ... failed [run.py:61]
08:24:23 INFO  
08:24:23 INFO  cleanup:
08:24:39 INFO  Executed sudo, exit status 0, duration 15 secs
08:24:39 INFO  
08:24:39 INFO  Test duration: 106.60 secs
08:24:39 INFO  Test final outcome:  FAILED
08:24:39 INFO  Test outcome reason: Grep on outp_check_1.out contains 'rolldice\t1.16-1(\\+b|build)(1|3)'
08:24:39 INFO  
</system-out>
	</testcase>
</testsuite>
