<?xml version="1.0" encoding="utf-8"?>
<testsuite name="apt_list_format" tests="1" failures="0" skipped="0" time="3.19" timestamp="2022-05-10T19:53:11">
	<testcase classname="AptPluginListFormat" name="apt_list_format"/>
</testsuite>
