<?xml version="1.0" encoding="utf-8"?>
<testsuite name="apt_sequence_install_with_version" tests="1" failures="1" skipped="0" time="107.63" timestamp="2022-05-30T09:38:59">
	<testcase classname="AptPluginPrepInstallWithVersionFinalize" name="apt_sequence_install_with_version">
		<failure message="FAILED: Grep on outp_check_1.out contains 'rolldice\t1.16-1(\\+b|build)(1|3)'" type="FAILED"/>
		<system-out>09:37:12 INFO  ==============================================================
09:37:12 INFO  Id:    apt_sequence_install_with_version
09:37:12 INFO  Dir:   plugin_apt/
09:37:12 INFO  Title: Validate apt plugin install with version use case
09:37:12 INFO  ==============================================================
09:37:18 INFO  Executed sudo, exit status 0
09:37:20 INFO  Executed sudo&lt;outp_check_0&gt;, exit status 0
09:37:20 INFO  Assert that (value==0) with value=0 ... passed
09:37:20 INFO  Grep on file outp_check_0.out ... passed
09:37:41 INFO  Executed sudo&lt;outp_prepare&gt;, exit status 0, duration 20 secs
09:37:41 INFO  Assert that (value==0) with value=0 ... passed
09:38:32 INFO  Executed sudo&lt;outp_install&gt;, exit status 0, duration 50 secs
09:38:32 INFO  Assert that (value==0) with value=0 ... passed
09:38:40 INFO  Executed sudo&lt;outp_finalize&gt;, exit status 0
09:38:40 INFO  Assert that (value==0) with value=0 ... passed
09:38:43 INFO  Executed sudo&lt;outp_check_1&gt;, exit status 0
09:38:43 INFO  Assert that (value==0) with value=0 ... passed
09:38:43 INFO  Grep on file outp_check_1.out ... passed
09:38:43 WARN  Grep on outp_check_1.out contains 'rolldice\t1.16-1(\\+b|build)(1|3)' ... failed [run.py:61]
09:38:43 INFO  
09:38:43 INFO  cleanup:
09:38:59 INFO  Executed sudo, exit status 0, duration 16 secs
09:38:59 INFO  
09:38:59 INFO  Test duration: 107.63 secs
09:38:59 INFO  Test final outcome:  FAILED
09:38:59 INFO  Test outcome reason: Grep on outp_check_1.out contains 'rolldice\t1.16-1(\\+b|build)(1|3)'
09:38:59 INFO  
</system-out>
	</testcase>
</testsuite>
