<?xml version="1.0" encoding="utf-8"?>
<testsuite name="SoftwareManagement.sm_apt_install_remove_multiple_mixed" tests="1" failures="1" skipped="0" time="185.78" timestamp="2022-05-16T08:16:12">
	<testcase classname="PySysTest" name="SoftwareManagement.sm_apt_install_remove_multiple_mixed">
		<failure message="BLOCKED: SystemError: Timeout while waiting for status SUCCESSFUL or False" type="BLOCKED"/>
		<system-out>08:13:07 INFO  ==============================================================
08:13:07 INFO  Id:    SoftwareManagement.sm_apt_install_remove_multiple_mixed
08:13:07 INFO  Dir:   software_management_end_to_end/
08:13:07 INFO  Title: Validate end to end behaviour for the apt plugin for multiple packages with mixed versions
08:13:07 INFO  ==============================================================
08:13:07 INFO  Using sw id database: {'asciijump': '5475369', 'robotfindskitten': '5474869', 'squirrel3': '5475279', 'rolldice': '5152439', 'moon-buggy': '5439204', 'apple': '5495053', 'banana': '5494888', 'cherry': '5495382', 'watermelon': '5494510', 'registry': '8018911', 'hello-world': '8021526', 'docker/getting-started': '8021973', 'alpine': '7991792'}
08:13:07 INFO  EnvironmentC8y Setup
08:13:07 INFO  Executed systemctl&lt;serv_mapper1&gt;, exit status 3
08:13:07 INFO  Restarting mosquitto too frequently in the last 10 seconds. It was only up for 6 seconds
08:13:07 INFO  Delaying execution by 5 seconds
08:13:30 INFO  Executed sudo&lt;tedge_connect_c8y&gt;, exit status 0, duration 17 secs
08:13:31 INFO  Executed sudo&lt;tedge_connect_c8y_test&gt;, exit status 0
08:13:31 INFO  Executed systemctl&lt;serv_mosq2&gt;, exit status 0
08:13:32 INFO  Executed systemctl&lt;serv_mapper3&gt;, exit status 0
08:13:34 INFO  State of current operation: SUCCESSFUL
08:13:34 INFO  Assert that (False == value) with value=False ... passed
08:13:34 INFO  Assert that (False == value) with value=False ... passed
08:13:35 INFO  Assert that (False == value) with value=False ... passed
08:13:35 INFO  Assert that (False == value) with value=False ... passed
08:13:35 INFO  Assert that (False == value) with value=False ... passed
08:13:38 INFO  Response status: 201
08:13:38 INFO  Response to action: {
    &quot;creationTime&quot;: &quot;2022-05-16T08:13:38.217Z&quot;,
    &quot;deviceId&quot;: &quot;19051705&quot;,
    &quot;deviceName&quot;: &quot;m32sd11f&quot;,
    &quot;self&quot;: &quot;https://t493319102.eu-latest.cumulocity.com/devicecontrol/operations/19119067&quot;,
    &quot;id&quot;: &quot;19119067&quot;,
    &quot;status&quot;: &quot;PENDING&quot;,
    &quot;description&quot;: &quot;Apply software changes, triggered from PySys: [{'action': 'install', 'id': '5475369', 'name': 'asciijump', 'url': ' ', 'version': '::apt'}, {'action': 'install', 'id': '5474869', 'name': 'robotfindskitten', 'url': ' ', 'version': ' '}, {'action': 'install', 'id': '5475279', 'name': 'squirrel3', 'url': ' ', 'version': '3.1-8::apt'}, {'action': 'install', 'id': '5152439', 'name': 'rolldice', 'url': ' ', 'version': '1.16-1+b2'}, {'action': 'install', 'id': '5439204', 'name': 'moon-buggy', 'url': ' ', 'version': '1:1.0.51-13'}, {'action': 'install', 'id': '5475369', 'name': 'asciijump', 'url': ' ', 'version': '::apt'}]&quot;,
    &quot;c8y_SoftwareUpdate&quot;: [
        {
            &quot;name&quot;: &quot;asciijump&quot;,
            &quot;action&quot;: &quot;install&quot;,
            &quot;id&quot;: &quot;5475369&quot;,
            &quot;version&quot;: &quot;::apt&quot;,
            &quot;url&quot;: &quot; &quot;
        },
        {
            &quot;name&quot;: &quot;robotfindskitten&quot;,
            &quot;action&quot;: &quot;install&quot;,
            &quot;id&quot;: &quot;5474869&quot;,
            &quot;version&quot;: &quot; &quot;,
            &quot;url&quot;: &quot; &quot;
        },
        {
            &quot;name&quot;: &quot;squirrel3&quot;,
            &quot;action&quot;: &quot;install&quot;,
            &quot;id&quot;: &quot;5475279&quot;,
            &quot;version&quot;: &quot;3.1-8::apt&quot;,
            &quot;url&quot;: &quot; &quot;
        },
        {
            &quot;name&quot;: &quot;rolldice&quot;,
            &quot;action&quot;: &quot;install&quot;,
            &quot;id&quot;: &quot;5152439&quot;,
            &quot;version&quot;: &quot;1.16-1+b2&quot;,
            &quot;url&quot;: &quot; &quot;
        },
        {
            &quot;name&quot;: &quot;moon-buggy&quot;,
            &quot;action&quot;: &quot;install&quot;,
            &quot;id&quot;: &quot;5439204&quot;,
            &quot;version&quot;: &quot;1:1.0.51-13&quot;,
            &quot;url&quot;: &quot; &quot;
        },
        {
            &quot;name&quot;: &quot;asciijump&quot;,
            &quot;action&quot;: &quot;install&quot;,
            &quot;id&quot;: &quot;5475369&quot;,
            &quot;version&quot;: &quot;::apt&quot;,
            &quot;url&quot;: &quot; &quot;
        }
    ]
}
08:13:38 INFO  Started operation: {'creationTime': '2022-05-16T08:13:38.217Z', 'deviceId': '19051705', 'deviceName': 'm32sd11f', 'self': 'https://t493319102.eu-latest.cumulocity.com/devicecontrol/operations/19119067', 'id': '19119067', 'status': 'PENDING', 'description': &quot;Apply software changes, triggered from PySys: [{'action': 'install', 'id': '5475369', 'name': 'asciijump', 'url': ' ', 'version': '::apt'}, {'action': 'install', 'id': '5474869', 'name': 'robotfindskitten', 'url': ' ', 'version': ' '}, {'action': 'install', 'id': '5475279', 'name': 'squirrel3', 'url': ' ', 'version': '3.1-8::apt'}, {'action': 'install', 'id': '5152439', 'name': 'rolldice', 'url': ' ', 'version': '1.16-1+b2'}, {'action': 'install', 'id': '5439204', 'name': 'moon-buggy', 'url': ' ', 'version': '1:1.0.51-13'}, {'action': 'install', 'id': '5475369', 'name': 'asciijump', 'url': ' ', 'version': '::apt'}]&quot;, 'c8y_SoftwareUpdate': [{'name': 'asciijump', 'action': 'install', 'id': '5475369', 'version': '::apt', 'url': ' '}, {'name': 'robotfindskitten', 'action': 'install', 'id': '5474869', 'version': ' ', 'url': ' '}, {'name': 'squirrel3', 'action': 'install', 'id': '5475279', 'version': '3.1-8::apt', 'url': ' '}, {'name': 'rolldice', 'action': 'install', 'id': '5152439', 'version': '1.16-1+b2', 'url': ' '}, {'name': 'moon-buggy', 'action': 'install', 'id': '5439204', 'version': '1:1.0.51-13', 'url': ' '}, {'name': 'asciijump', 'action': 'install', 'id': '5475369', 'version': '::apt', 'url': ' '}]}
08:13:40 INFO  State of operation 19119067 : PENDING
08:13:42 INFO  State of operation 19119067 : EXECUTING
08:13:45 INFO  State of operation 19119067 : EXECUTING
08:13:47 INFO  State of operation 19119067 : EXECUTING
08:13:49 INFO  State of operation 19119067 : EXECUTING
08:13:51 INFO  State of operation 19119067 : EXECUTING
08:13:54 INFO  State of operation 19119067 : EXECUTING
08:13:57 INFO  State of operation 19119067 : EXECUTING
08:14:00 INFO  State of operation 19119067 : EXECUTING
08:14:02 INFO  State of operation 19119067 : EXECUTING
08:14:05 INFO  State of operation 19119067 : EXECUTING
08:14:07 INFO  State of operation 19119067 : EXECUTING
08:14:09 INFO  State of operation 19119067 : EXECUTING
08:14:11 INFO  State of operation 19119067 : EXECUTING
08:14:14 INFO  State of operation 19119067 : EXECUTING
08:14:16 INFO  State of operation 19119067 : EXECUTING
08:14:18 INFO  State of operation 19119067 : EXECUTING
08:14:21 INFO  State of operation 19119067 : EXECUTING
08:14:23 INFO  State of operation 19119067 : EXECUTING
08:14:25 INFO  State of operation 19119067 : EXECUTING
08:14:28 INFO  State of operation 19119067 : EXECUTING
08:14:30 INFO  State of operation 19119067 : EXECUTING
08:14:32 INFO  State of operation 19119067 : EXECUTING
08:14:35 INFO  State of operation 19119067 : EXECUTING
08:14:37 INFO  State of operation 19119067 : EXECUTING
08:14:39 INFO  State of operation 19119067 : EXECUTING
08:14:42 INFO  State of operation 19119067 : EXECUTING
08:14:44 INFO  State of operation 19119067 : EXECUTING
08:14:47 INFO  State of operation 19119067 : EXECUTING
08:14:49 INFO  State of operation 19119067 : EXECUTING
08:14:51 INFO  State of operation 19119067 : EXECUTING
08:14:53 INFO  State of operation 19119067 : EXECUTING
08:14:56 INFO  State of operation 19119067 : EXECUTING
08:14:58 INFO  State of operation 19119067 : EXECUTING
08:15:00 INFO  State of operation 19119067 : EXECUTING
08:15:03 INFO  State of operation 19119067 : EXECUTING
08:15:05 INFO  State of operation 19119067 : EXECUTING
08:15:07 INFO  State of operation 19119067 : EXECUTING
08:15:09 INFO  State of operation 19119067 : EXECUTING
08:15:12 INFO  State of operation 19119067 : EXECUTING
08:15:14 INFO  State of operation 19119067 : EXECUTING
08:15:16 INFO  State of operation 19119067 : EXECUTING
08:15:18 INFO  State of operation 19119067 : EXECUTING
08:15:21 INFO  State of operation 19119067 : EXECUTING
08:15:24 INFO  State of operation 19119067 : EXECUTING
08:15:27 INFO  State of operation 19119067 : EXECUTING
08:15:29 INFO  State of operation 19119067 : EXECUTING
08:15:32 INFO  State of operation 19119067 : EXECUTING
08:15:34 INFO  State of operation 19119067 : EXECUTING
08:15:36 INFO  State of operation 19119067 : EXECUTING
08:15:38 INFO  State of operation 19119067 : EXECUTING
08:15:41 INFO  State of operation 19119067 : EXECUTING
08:15:43 INFO  State of operation 19119067 : EXECUTING
08:15:45 INFO  State of operation 19119067 : EXECUTING
08:15:48 INFO  State of operation 19119067 : EXECUTING
08:15:50 INFO  State of operation 19119067 : EXECUTING
08:15:53 INFO  State of operation 19119067 : EXECUTING
08:15:55 INFO  State of operation 19119067 : EXECUTING
08:15:57 INFO  State of operation 19119067 : EXECUTING
08:15:59 INFO  State of operation 19119067 : EXECUTING
08:16:02 INFO  State of operation 19119067 : EXECUTING
08:16:04 WARN  SystemError occurred while running test - Timeout while waiting for status SUCCESSFUL or False
Traceback (most recent call last):
  File &quot;/home/pi/env-pysys/lib/python3.9/site-packages/pysys/baserunner.py&quot;, line 1294, in __call__
    self.testObj.execute()
  File &quot;/home/pi/actions-runner/_work/thin-edge.io/thin-edge.io/tests/PySys/software_management_end_to_end/sm_apt_install_remove_multiple_mixed/run.py&quot;, line 89, in execute
    self.wait_until_succcess()
  File &quot;/home/pi/actions-runner/_work/thin-edge.io/thin-edge.io/tests/PySys/software_management_end_to_end/environment_sm_management.py&quot;, line 324, in wait_until_succcess
    self.wait_until_status(&quot;SUCCESSFUL&quot;)
  File &quot;/home/pi/actions-runner/_work/thin-edge.io/thin-edge.io/tests/PySys/software_management_end_to_end/environment_sm_management.py&quot;, line 380, in wait_until_status
    raise SystemError(
SystemError: Timeout while waiting for status SUCCESSFUL or False
08:16:04 WARN  SystemError: Timeout while waiting for status SUCCESSFUL or False ... blocked 
08:16:04 INFO  
08:16:04 INFO  cleanup:
08:16:12 INFO  Executed sudo&lt;tedge_disconnect_c8y&gt;, exit status 0
08:16:12 INFO  Executed systemctl&lt;serv_mapper5&gt;, exit status 3
08:16:12 INFO  
08:16:12 INFO  Test duration: 185.78 secs
08:16:12 INFO  Test final outcome:  BLOCKED
08:16:12 INFO  Test outcome reason: SystemError: Timeout while waiting for status SUCCESSFUL or False
08:16:12 INFO  
</system-out>
	</testcase>
</testsuite>
