<?xml version="1.0" encoding="utf-8"?>
<testsuite name="apt_finalize" tests="1" failures="0" skipped="0" time="171.59" timestamp="2022-05-03T08:14:44">
	<testcase classname="AptPluginFinalize" name="apt_finalize"/>
</testsuite>
