<?xml version="1.0" encoding="utf-8"?>
<testsuite name="apt_sequence_install_with_version" tests="1" failures="1" skipped="0" time="107.03" timestamp="2022-05-10T13:41:41">
	<testcase classname="AptPluginPrepInstallWithVersionFinalize" name="apt_sequence_install_with_version">
		<failure message="FAILED: Grep on outp_check_1.out contains 'rolldice\t1.16-1(\\+b|build)(1|3)'" type="FAILED"/>
		<system-out>13:39:54 INFO  ==============================================================
13:39:54 INFO  Id:    apt_sequence_install_with_version
13:39:54 INFO  Dir:   plugin_apt/
13:39:54 INFO  Title: Validate apt plugin install with version use case
13:39:54 INFO  ==============================================================
13:39:59 INFO  Executed sudo, exit status 0
13:40:02 INFO  Executed sudo&lt;outp_check_0&gt;, exit status 0
13:40:02 INFO  Assert that (value==0) with value=0 ... passed
13:40:02 INFO  Grep on file outp_check_0.out ... passed
13:40:23 INFO  Executed sudo&lt;outp_prepare&gt;, exit status 0, duration 20 secs
13:40:23 INFO  Assert that (value==0) with value=0 ... passed
13:41:13 INFO  Executed sudo&lt;outp_install&gt;, exit status 0, duration 49 secs
13:41:13 INFO  Assert that (value==0) with value=0 ... passed
13:41:21 INFO  Executed sudo&lt;outp_finalize&gt;, exit status 0
13:41:21 INFO  Assert that (value==0) with value=0 ... passed
13:41:24 INFO  Executed sudo&lt;outp_check_1&gt;, exit status 0
13:41:24 INFO  Assert that (value==0) with value=0 ... passed
13:41:24 INFO  Grep on file outp_check_1.out ... passed
13:41:24 WARN  Grep on outp_check_1.out contains 'rolldice\t1.16-1(\\+b|build)(1|3)' ... failed [run.py:61]
13:41:24 INFO  
13:41:24 INFO  cleanup:
13:41:41 INFO  Executed sudo, exit status 0, duration 16 secs
13:41:41 INFO  
13:41:41 INFO  Test duration: 107.03 secs
13:41:41 INFO  Test final outcome:  FAILED
13:41:41 INFO  Test outcome reason: Grep on outp_check_1.out contains 'rolldice\t1.16-1(\\+b|build)(1|3)'
13:41:41 INFO  
</system-out>
	</testcase>
</testsuite>
