<?xml version="1.0" encoding="utf-8"?>
<testsuite name="apt_sequence_install_with_version" tests="1" failures="1" skipped="0" time="107.84" timestamp="2022-05-04T08:30:10">
	<testcase classname="AptPluginPrepInstallWithVersionFinalize" name="apt_sequence_install_with_version">
		<failure message="FAILED: Grep on outp_check_1.out contains 'rolldice\t1.16-1(\\+b|build)(1|3)'" type="FAILED"/>
		<system-out>08:28:22 INFO  ==============================================================
08:28:22 INFO  Id:    apt_sequence_install_with_version
08:28:22 INFO  Dir:   plugin_apt/
08:28:22 INFO  Title: Validate apt plugin install with version use case
08:28:22 INFO  ==============================================================
08:28:28 INFO  Executed sudo, exit status 0
08:28:31 INFO  Executed sudo&lt;outp_check_0&gt;, exit status 0
08:28:31 INFO  Assert that (value==0) with value=0 ... passed
08:28:31 INFO  Grep on file outp_check_0.out ... passed
08:28:52 INFO  Executed sudo&lt;outp_prepare&gt;, exit status 0, duration 20 secs
08:28:52 INFO  Assert that (value==0) with value=0 ... passed
08:29:42 INFO  Executed sudo&lt;outp_install&gt;, exit status 0, duration 50 secs
08:29:42 INFO  Assert that (value==0) with value=0 ... passed
08:29:50 INFO  Executed sudo&lt;outp_finalize&gt;, exit status 0
08:29:50 INFO  Assert that (value==0) with value=0 ... passed
08:29:53 INFO  Executed sudo&lt;outp_check_1&gt;, exit status 0
08:29:53 INFO  Assert that (value==0) with value=0 ... passed
08:29:53 INFO  Grep on file outp_check_1.out ... passed
08:29:53 WARN  Grep on outp_check_1.out contains 'rolldice\t1.16-1(\\+b|build)(1|3)' ... failed [run.py:61]
08:29:53 INFO  
08:29:53 INFO  cleanup:
08:30:10 INFO  Executed sudo, exit status 0, duration 16 secs
08:30:10 INFO  
08:30:10 INFO  Test duration: 107.84 secs
08:30:10 INFO  Test final outcome:  FAILED
08:30:10 INFO  Test outcome reason: Grep on outp_check_1.out contains 'rolldice\t1.16-1(\\+b|build)(1|3)'
08:30:10 INFO  
</system-out>
	</testcase>
</testsuite>
