<?xml version="1.0" encoding="utf-8"?>
<testsuite name="apt_wrong_option" tests="1" failures="0" skipped="0" time="0.58" timestamp="2022-05-04T08:38:02">
	<testcase classname="AptPluginWrongOption" name="apt_wrong_option"/>
</testsuite>
