<?xml version="1.0" encoding="utf-8"?>
<testsuite name="apt_sequence_install_with_version" tests="1" failures="1" skipped="0" time="107.64" timestamp="2022-05-23T09:44:35">
	<testcase classname="AptPluginPrepInstallWithVersionFinalize" name="apt_sequence_install_with_version">
		<failure message="FAILED: Grep on outp_check_1.out contains 'rolldice\t1.16-1(\\+b|build)(1|3)'" type="FAILED"/>
		<system-out>09:42:48 INFO  ==============================================================
09:42:48 INFO  Id:    apt_sequence_install_with_version
09:42:48 INFO  Dir:   plugin_apt/
09:42:48 INFO  Title: Validate apt plugin install with version use case
09:42:48 INFO  ==============================================================
09:42:54 INFO  Executed sudo, exit status 0
09:42:57 INFO  Executed sudo&lt;outp_check_0&gt;, exit status 0
09:42:57 INFO  Assert that (value==0) with value=0 ... passed
09:42:57 INFO  Grep on file outp_check_0.out ... passed
09:43:18 INFO  Executed sudo&lt;outp_prepare&gt;, exit status 0, duration 20 secs
09:43:18 INFO  Assert that (value==0) with value=0 ... passed
09:44:08 INFO  Executed sudo&lt;outp_install&gt;, exit status 0, duration 49 secs
09:44:08 INFO  Assert that (value==0) with value=0 ... passed
09:44:16 INFO  Executed sudo&lt;outp_finalize&gt;, exit status 0
09:44:16 INFO  Assert that (value==0) with value=0 ... passed
09:44:19 INFO  Executed sudo&lt;outp_check_1&gt;, exit status 0
09:44:19 INFO  Assert that (value==0) with value=0 ... passed
09:44:19 INFO  Grep on file outp_check_1.out ... passed
09:44:19 WARN  Grep on outp_check_1.out contains 'rolldice\t1.16-1(\\+b|build)(1|3)' ... failed [run.py:61]
09:44:19 INFO  
09:44:19 INFO  cleanup:
09:44:35 INFO  Executed sudo, exit status 0, duration 16 secs
09:44:35 INFO  
09:44:35 INFO  Test duration: 107.64 secs
09:44:35 INFO  Test final outcome:  FAILED
09:44:35 INFO  Test outcome reason: Grep on outp_check_1.out contains 'rolldice\t1.16-1(\\+b|build)(1|3)'
09:44:35 INFO  
</system-out>
	</testcase>
</testsuite>
