<?xml version="1.0" encoding="utf-8"?>
<testsuite name="SoftwareManagement.sm_apt_install_remove_multiple_mixed" tests="1" failures="1" skipped="0" time="184.14" timestamp="2022-05-04T08:53:33">
	<testcase classname="PySysTest" name="SoftwareManagement.sm_apt_install_remove_multiple_mixed">
		<failure message="BLOCKED: SystemError: Timeout while waiting for status SUCCESSFUL or False" type="BLOCKED"/>
		<system-out>08:50:29 INFO  ==============================================================
08:50:29 INFO  Id:    SoftwareManagement.sm_apt_install_remove_multiple_mixed
08:50:29 INFO  Dir:   software_management_end_to_end/
08:50:29 INFO  Title: Validate end to end behaviour for the apt plugin for multiple packages with mixed versions
08:50:29 INFO  ==============================================================
08:50:29 INFO  Using sw id database: {'asciijump': '5475369', 'robotfindskitten': '5474869', 'squirrel3': '5475279', 'rolldice': '5152439', 'moon-buggy': '5439204', 'apple': '5495053', 'banana': '5494888', 'cherry': '5495382', 'watermelon': '5494510', 'registry': '8018911', 'hello-world': '8021526', 'docker/getting-started': '8021973', 'alpine': '7991792'}
08:50:29 INFO  EnvironmentC8y Setup
08:50:30 INFO  Executed systemctl&lt;serv_mapper1&gt;, exit status 3
08:50:30 INFO  Restarting mosquitto too frequently in the last 10 seconds. It was only up for 6 seconds
08:50:30 INFO  Delaying execution by 5 seconds
08:50:52 INFO  Executed sudo&lt;tedge_connect_c8y&gt;, exit status 0, duration 16 secs
08:50:52 INFO  Executed sudo&lt;tedge_connect_c8y_test&gt;, exit status 0
08:50:53 INFO  Executed systemctl&lt;serv_mosq2&gt;, exit status 0
08:50:53 INFO  Executed systemctl&lt;serv_mapper3&gt;, exit status 0
08:50:56 INFO  State of current operation: SUCCESSFUL
08:50:56 INFO  Assert that (False == value) with value=False ... passed
08:50:56 INFO  Assert that (False == value) with value=False ... passed
08:50:56 INFO  Assert that (False == value) with value=False ... passed
08:50:57 INFO  Assert that (False == value) with value=False ... passed
08:50:57 INFO  Assert that (False == value) with value=False ... passed
08:50:59 INFO  Response status: 201
08:50:59 INFO  Response to action: {
    &quot;creationTime&quot;: &quot;2022-05-04T08:50:59.345Z&quot;,
    &quot;deviceName&quot;: &quot;m32sd11f&quot;,
    &quot;deviceId&quot;: &quot;18336924&quot;,
    &quot;self&quot;: &quot;https://t493319102.eu-latest.cumulocity.com/devicecontrol/operations/18370085&quot;,
    &quot;id&quot;: &quot;18370085&quot;,
    &quot;status&quot;: &quot;PENDING&quot;,
    &quot;description&quot;: &quot;Apply software changes, triggered from PySys: [{'action': 'install', 'id': '5475369', 'name': 'asciijump', 'url': ' ', 'version': '::apt'}, {'action': 'install', 'id': '5474869', 'name': 'robotfindskitten', 'url': ' ', 'version': ' '}, {'action': 'install', 'id': '5475279', 'name': 'squirrel3', 'url': ' ', 'version': '3.1-8::apt'}, {'action': 'install', 'id': '5152439', 'name': 'rolldice', 'url': ' ', 'version': '1.16-1+b2'}, {'action': 'install', 'id': '5439204', 'name': 'moon-buggy', 'url': ' ', 'version': '1:1.0.51-13'}, {'action': 'install', 'id': '5475369', 'name': 'asciijump', 'url': ' ', 'version': '::apt'}]&quot;,
    &quot;c8y_SoftwareUpdate&quot;: [
        {
            &quot;name&quot;: &quot;asciijump&quot;,
            &quot;action&quot;: &quot;install&quot;,
            &quot;id&quot;: &quot;5475369&quot;,
            &quot;version&quot;: &quot;::apt&quot;,
            &quot;url&quot;: &quot; &quot;
        },
        {
            &quot;name&quot;: &quot;robotfindskitten&quot;,
            &quot;action&quot;: &quot;install&quot;,
            &quot;id&quot;: &quot;5474869&quot;,
            &quot;version&quot;: &quot; &quot;,
            &quot;url&quot;: &quot; &quot;
        },
        {
            &quot;name&quot;: &quot;squirrel3&quot;,
            &quot;action&quot;: &quot;install&quot;,
            &quot;id&quot;: &quot;5475279&quot;,
            &quot;version&quot;: &quot;3.1-8::apt&quot;,
            &quot;url&quot;: &quot; &quot;
        },
        {
            &quot;name&quot;: &quot;rolldice&quot;,
            &quot;action&quot;: &quot;install&quot;,
            &quot;id&quot;: &quot;5152439&quot;,
            &quot;version&quot;: &quot;1.16-1+b2&quot;,
            &quot;url&quot;: &quot; &quot;
        },
        {
            &quot;name&quot;: &quot;moon-buggy&quot;,
            &quot;action&quot;: &quot;install&quot;,
            &quot;id&quot;: &quot;5439204&quot;,
            &quot;version&quot;: &quot;1:1.0.51-13&quot;,
            &quot;url&quot;: &quot; &quot;
        },
        {
            &quot;name&quot;: &quot;asciijump&quot;,
            &quot;action&quot;: &quot;install&quot;,
            &quot;id&quot;: &quot;5475369&quot;,
            &quot;version&quot;: &quot;::apt&quot;,
            &quot;url&quot;: &quot; &quot;
        }
    ]
}
08:50:59 INFO  Started operation: {'creationTime': '2022-05-04T08:50:59.345Z', 'deviceName': 'm32sd11f', 'deviceId': '18336924', 'self': 'https://t493319102.eu-latest.cumulocity.com/devicecontrol/operations/18370085', 'id': '18370085', 'status': 'PENDING', 'description': &quot;Apply software changes, triggered from PySys: [{'action': 'install', 'id': '5475369', 'name': 'asciijump', 'url': ' ', 'version': '::apt'}, {'action': 'install', 'id': '5474869', 'name': 'robotfindskitten', 'url': ' ', 'version': ' '}, {'action': 'install', 'id': '5475279', 'name': 'squirrel3', 'url': ' ', 'version': '3.1-8::apt'}, {'action': 'install', 'id': '5152439', 'name': 'rolldice', 'url': ' ', 'version': '1.16-1+b2'}, {'action': 'install', 'id': '5439204', 'name': 'moon-buggy', 'url': ' ', 'version': '1:1.0.51-13'}, {'action': 'install', 'id': '5475369', 'name': 'asciijump', 'url': ' ', 'version': '::apt'}]&quot;, 'c8y_SoftwareUpdate': [{'name': 'asciijump', 'action': 'install', 'id': '5475369', 'version': '::apt', 'url': ' '}, {'name': 'robotfindskitten', 'action': 'install', 'id': '5474869', 'version': ' ', 'url': ' '}, {'name': 'squirrel3', 'action': 'install', 'id': '5475279', 'version': '3.1-8::apt', 'url': ' '}, {'name': 'rolldice', 'action': 'install', 'id': '5152439', 'version': '1.16-1+b2', 'url': ' '}, {'name': 'moon-buggy', 'action': 'install', 'id': '5439204', 'version': '1:1.0.51-13', 'url': ' '}, {'name': 'asciijump', 'action': 'install', 'id': '5475369', 'version': '::apt', 'url': ' '}]}
08:51:01 INFO  State of operation 18370085 : PENDING
08:51:03 INFO  State of operation 18370085 : EXECUTING
08:51:06 INFO  State of operation 18370085 : EXECUTING
08:51:08 INFO  State of operation 18370085 : EXECUTING
08:51:10 INFO  State of operation 18370085 : EXECUTING
08:51:12 INFO  State of operation 18370085 : EXECUTING
08:51:14 INFO  State of operation 18370085 : EXECUTING
08:51:17 INFO  State of operation 18370085 : EXECUTING
08:51:22 INFO  State of operation 18370085 : EXECUTING
08:51:24 INFO  State of operation 18370085 : EXECUTING
08:51:26 INFO  State of operation 18370085 : EXECUTING
08:51:29 INFO  State of operation 18370085 : EXECUTING
08:51:31 INFO  State of operation 18370085 : EXECUTING
08:51:33 INFO  State of operation 18370085 : EXECUTING
08:51:35 INFO  State of operation 18370085 : EXECUTING
08:51:38 INFO  State of operation 18370085 : EXECUTING
08:51:40 INFO  State of operation 18370085 : EXECUTING
08:51:42 INFO  State of operation 18370085 : EXECUTING
08:51:45 INFO  State of operation 18370085 : EXECUTING
08:51:47 INFO  State of operation 18370085 : EXECUTING
08:51:50 INFO  State of operation 18370085 : EXECUTING
08:51:52 INFO  State of operation 18370085 : EXECUTING
08:51:54 INFO  State of operation 18370085 : EXECUTING
08:51:57 INFO  State of operation 18370085 : EXECUTING
08:51:59 INFO  State of operation 18370085 : EXECUTING
08:52:01 INFO  State of operation 18370085 : EXECUTING
08:52:03 INFO  State of operation 18370085 : EXECUTING
08:52:06 INFO  State of operation 18370085 : EXECUTING
08:52:09 INFO  State of operation 18370085 : EXECUTING
08:52:11 INFO  State of operation 18370085 : EXECUTING
08:52:13 INFO  State of operation 18370085 : EXECUTING
08:52:15 INFO  State of operation 18370085 : EXECUTING
08:52:17 INFO  State of operation 18370085 : EXECUTING
08:52:20 INFO  State of operation 18370085 : EXECUTING
08:52:22 INFO  State of operation 18370085 : EXECUTING
08:52:24 INFO  State of operation 18370085 : EXECUTING
08:52:27 INFO  State of operation 18370085 : EXECUTING
08:52:29 INFO  State of operation 18370085 : EXECUTING
08:52:31 INFO  State of operation 18370085 : EXECUTING
08:52:33 INFO  State of operation 18370085 : EXECUTING
08:52:35 INFO  State of operation 18370085 : EXECUTING
08:52:38 INFO  State of operation 18370085 : EXECUTING
08:52:40 INFO  State of operation 18370085 : EXECUTING
08:52:43 INFO  State of operation 18370085 : EXECUTING
08:52:46 INFO  State of operation 18370085 : EXECUTING
08:52:48 INFO  State of operation 18370085 : EXECUTING
08:52:51 INFO  State of operation 18370085 : EXECUTING
08:52:53 INFO  State of operation 18370085 : EXECUTING
08:52:55 INFO  State of operation 18370085 : EXECUTING
08:52:57 INFO  State of operation 18370085 : EXECUTING
08:53:00 INFO  State of operation 18370085 : EXECUTING
08:53:02 INFO  State of operation 18370085 : EXECUTING
08:53:04 INFO  State of operation 18370085 : EXECUTING
08:53:06 INFO  State of operation 18370085 : EXECUTING
08:53:09 INFO  State of operation 18370085 : EXECUTING
08:53:12 INFO  State of operation 18370085 : EXECUTING
08:53:14 INFO  State of operation 18370085 : EXECUTING
08:53:16 INFO  State of operation 18370085 : EXECUTING
08:53:18 INFO  State of operation 18370085 : EXECUTING
08:53:21 INFO  State of operation 18370085 : EXECUTING
08:53:24 INFO  State of operation 18370085 : EXECUTING
08:53:26 WARN  SystemError occurred while running test - Timeout while waiting for status SUCCESSFUL or False
Traceback (most recent call last):
  File &quot;/home/pi/env-pysys/lib/python3.9/site-packages/pysys/baserunner.py&quot;, line 1294, in __call__
    self.testObj.execute()
  File &quot;/home/pi/actions-runner/_work/thin-edge.io/thin-edge.io/tests/PySys/software_management_end_to_end/sm_apt_install_remove_multiple_mixed/run.py&quot;, line 89, in execute
    self.wait_until_succcess()
  File &quot;/home/pi/actions-runner/_work/thin-edge.io/thin-edge.io/tests/PySys/software_management_end_to_end/environment_sm_management.py&quot;, line 324, in wait_until_succcess
    self.wait_until_status(&quot;SUCCESSFUL&quot;)
  File &quot;/home/pi/actions-runner/_work/thin-edge.io/thin-edge.io/tests/PySys/software_management_end_to_end/environment_sm_management.py&quot;, line 380, in wait_until_status
    raise SystemError(
SystemError: Timeout while waiting for status SUCCESSFUL or False
08:53:26 WARN  SystemError: Timeout while waiting for status SUCCESSFUL or False ... blocked 
08:53:26 INFO  
08:53:26 INFO  cleanup:
08:53:33 INFO  Executed sudo&lt;tedge_disconnect_c8y&gt;, exit status 0
08:53:33 INFO  Executed systemctl&lt;serv_mapper5&gt;, exit status 3
08:53:33 INFO  
08:53:33 INFO  Test duration: 184.14 secs
08:53:33 INFO  Test final outcome:  BLOCKED
08:53:33 INFO  Test outcome reason: SystemError: Timeout while waiting for status SUCCESSFUL or False
08:53:33 INFO  
</system-out>
	</testcase>
</testsuite>
