<?xml version="1.0" encoding="utf-8"?>
<testsuite name="apt_sequence_install_with_version_fail" tests="1" failures="0" skipped="0" time="18.1" timestamp="2022-05-11T12:03:01">
	<testcase classname="AptPluginInstallWithVersionFails" name="apt_sequence_install_with_version_fail"/>
</testsuite>
