<?xml version="1.0" encoding="utf-8"?>
<testsuite name="apt_sequence_install_with_version" tests="1" failures="1" skipped="0" time="107.72" timestamp="2022-05-16T07:52:28">
	<testcase classname="AptPluginPrepInstallWithVersionFinalize" name="apt_sequence_install_with_version">
		<failure message="FAILED: Grep on outp_check_1.out contains 'rolldice\t1.16-1(\\+b|build)(1|3)'" type="FAILED"/>
		<system-out>07:50:40 INFO  ==============================================================
07:50:40 INFO  Id:    apt_sequence_install_with_version
07:50:40 INFO  Dir:   plugin_apt/
07:50:40 INFO  Title: Validate apt plugin install with version use case
07:50:40 INFO  ==============================================================
07:50:46 INFO  Executed sudo, exit status 0
07:50:49 INFO  Executed sudo&lt;outp_check_0&gt;, exit status 0
07:50:49 INFO  Assert that (value==0) with value=0 ... passed
07:50:49 INFO  Grep on file outp_check_0.out ... passed
07:51:10 INFO  Executed sudo&lt;outp_prepare&gt;, exit status 0, duration 21 secs
07:51:10 INFO  Assert that (value==0) with value=0 ... passed
07:52:00 INFO  Executed sudo&lt;outp_install&gt;, exit status 0, duration 50 secs
07:52:00 INFO  Assert that (value==0) with value=0 ... passed
07:52:08 INFO  Executed sudo&lt;outp_finalize&gt;, exit status 0
07:52:08 INFO  Assert that (value==0) with value=0 ... passed
07:52:11 INFO  Executed sudo&lt;outp_check_1&gt;, exit status 0
07:52:11 INFO  Assert that (value==0) with value=0 ... passed
07:52:11 INFO  Grep on file outp_check_1.out ... passed
07:52:11 WARN  Grep on outp_check_1.out contains 'rolldice\t1.16-1(\\+b|build)(1|3)' ... failed [run.py:61]
07:52:11 INFO  
07:52:11 INFO  cleanup:
07:52:28 INFO  Executed sudo, exit status 0, duration 16 secs
07:52:28 INFO  
07:52:28 INFO  Test duration: 107.72 secs
07:52:28 INFO  Test final outcome:  FAILED
07:52:28 INFO  Test outcome reason: Grep on outp_check_1.out contains 'rolldice\t1.16-1(\\+b|build)(1|3)'
07:52:28 INFO  
</system-out>
	</testcase>
</testsuite>
