<?xml version="1.0" encoding="utf-8"?>
<testsuite name="apt_sequence_install_with_version" tests="1" failures="1" skipped="0" time="108.66" timestamp="2022-05-02T15:37:45">
	<testcase classname="AptPluginPrepInstallWithVersionFinalize" name="apt_sequence_install_with_version">
		<failure message="FAILED: Grep on outp_check_1.out contains 'rolldice\t1.16-1(\\+b|build)(1|3)'" type="FAILED"/>
		<system-out>15:35:56 INFO  ==============================================================
15:35:56 INFO  Id:    apt_sequence_install_with_version
15:35:56 INFO  Dir:   plugin_apt/
15:35:56 INFO  Title: Validate apt plugin install with version use case
15:35:56 INFO  ==============================================================
15:36:02 INFO  Executed sudo, exit status 0
15:36:05 INFO  Executed sudo&lt;outp_check_0&gt;, exit status 0
15:36:05 INFO  Assert that (value==0) with value=0 ... passed
15:36:05 INFO  Grep on file outp_check_0.out ... passed
15:36:26 INFO  Executed sudo&lt;outp_prepare&gt;, exit status 0, duration 20 secs
15:36:26 INFO  Assert that (value==0) with value=0 ... passed
15:37:17 INFO  Executed sudo&lt;outp_install&gt;, exit status 0, duration 51 secs
15:37:17 INFO  Assert that (value==0) with value=0 ... passed
15:37:25 INFO  Executed sudo&lt;outp_finalize&gt;, exit status 0
15:37:25 INFO  Assert that (value==0) with value=0 ... passed
15:37:28 INFO  Executed sudo&lt;outp_check_1&gt;, exit status 0
15:37:28 INFO  Assert that (value==0) with value=0 ... passed
15:37:28 INFO  Grep on file outp_check_1.out ... passed
15:37:29 WARN  Grep on outp_check_1.out contains 'rolldice\t1.16-1(\\+b|build)(1|3)' ... failed [run.py:61]
15:37:29 INFO  
15:37:29 INFO  cleanup:
15:37:45 INFO  Executed sudo, exit status 0, duration 16 secs
15:37:45 INFO  
15:37:45 INFO  Test duration: 108.66 secs
15:37:45 INFO  Test final outcome:  FAILED
15:37:45 INFO  Test outcome reason: Grep on outp_check_1.out contains 'rolldice\t1.16-1(\\+b|build)(1|3)'
15:37:45 INFO  
</system-out>
	</testcase>
</testsuite>
