<?xml version="1.0" encoding="utf-8"?>
<testsuite name="apt_finalize" tests="1" failures="0" skipped="0" time="157.3" timestamp="2022-05-11T11:52:45">
	<testcase classname="AptPluginFinalize" name="apt_finalize"/>
</testsuite>
