<?xml version="1.0" encoding="utf-8"?>
<testsuite name="SoftwareManagement.sm_apt_install_remove_multiple" tests="1" failures="1" skipped="0" time="202.03" timestamp="2022-05-09T07:46:48">
	<testcase classname="PySysTest" name="SoftwareManagement.sm_apt_install_remove_multiple">
		<failure message="FAILED: Assert that (False == value) with value=True" type="FAILED"/>
		<system-out>07:43:26 INFO  ==============================================================
07:43:26 INFO  Id:    SoftwareManagement.sm_apt_install_remove_multiple
07:43:26 INFO  Dir:   software_management_end_to_end/
07:43:26 INFO  Title: Validate end to end behaviour for the apt plugin for multiple packages
07:43:26 INFO  ==============================================================
07:43:26 INFO  Using sw id database: {'asciijump': '5475369', 'robotfindskitten': '5474869', 'squirrel3': '5475279', 'rolldice': '5152439', 'moon-buggy': '5439204', 'apple': '5495053', 'banana': '5494888', 'cherry': '5495382', 'watermelon': '5494510', 'registry': '8018911', 'hello-world': '8021526', 'docker/getting-started': '8021973', 'alpine': '7991792'}
07:43:26 INFO  EnvironmentC8y Setup
07:43:26 INFO  Executed systemctl&lt;serv_mapper1&gt;, exit status 3
07:43:27 INFO  Restarting mosquitto too frequently in the last 10 seconds. It was only up for 6 seconds
07:43:27 INFO  Delaying execution by 5 seconds
07:43:48 INFO  Executed sudo&lt;tedge_connect_c8y&gt;, exit status 0, duration 16 secs
07:43:49 INFO  Executed sudo&lt;tedge_connect_c8y_test&gt;, exit status 0
07:43:49 INFO  Executed systemctl&lt;serv_mosq2&gt;, exit status 0
07:43:50 INFO  Executed systemctl&lt;serv_mapper3&gt;, exit status 0
07:43:52 INFO  State of current operation: SUCCESSFUL
07:43:53 INFO  Assert that (False == value) with value=False ... passed
07:43:53 INFO  Assert that (False == value) with value=False ... passed
07:43:53 INFO  Assert that (False == value) with value=False ... passed
07:43:53 INFO  Package robotfindskitten is installed
07:43:53 WARN  Assert that (False == value) with value=True ... failed 
07:43:53 INFO  Response status: 201
07:43:53 INFO  Response to action: {
    &quot;creationTime&quot;: &quot;2022-05-09T07:43:53.914Z&quot;,
    &quot;deviceName&quot;: &quot;m32sd11f&quot;,
    &quot;deviceId&quot;: &quot;18457340&quot;,
    &quot;self&quot;: &quot;https://t493319102.eu-latest.cumulocity.com/devicecontrol/operations/18523401&quot;,
    &quot;id&quot;: &quot;18523401&quot;,
    &quot;status&quot;: &quot;PENDING&quot;,
    &quot;description&quot;: &quot;Apply software changes, triggered from PySys: [{'action': 'install', 'id': '5475369', 'name': 'asciijump', 'url': ' ', 'version': '::apt'}, {'action': 'install', 'id': '5474869', 'name': 'robotfindskitten', 'url': ' ', 'version': '::apt'}, {'action': 'install', 'id': '5475279', 'name': 'squirrel3', 'url': ' ', 'version': '::apt'}]&quot;,
    &quot;c8y_SoftwareUpdate&quot;: [
        {
            &quot;name&quot;: &quot;asciijump&quot;,
            &quot;action&quot;: &quot;install&quot;,
            &quot;id&quot;: &quot;5475369&quot;,
            &quot;version&quot;: &quot;::apt&quot;,
            &quot;url&quot;: &quot; &quot;
        },
        {
            &quot;name&quot;: &quot;robotfindskitten&quot;,
            &quot;action&quot;: &quot;install&quot;,
            &quot;id&quot;: &quot;5474869&quot;,
            &quot;version&quot;: &quot;::apt&quot;,
            &quot;url&quot;: &quot; &quot;
        },
        {
            &quot;name&quot;: &quot;squirrel3&quot;,
            &quot;action&quot;: &quot;install&quot;,
            &quot;id&quot;: &quot;5475279&quot;,
            &quot;version&quot;: &quot;::apt&quot;,
            &quot;url&quot;: &quot; &quot;
        }
    ]
}
07:43:53 INFO  Started operation: {'creationTime': '2022-05-09T07:43:53.914Z', 'deviceName': 'm32sd11f', 'deviceId': '18457340', 'self': 'https://t493319102.eu-latest.cumulocity.com/devicecontrol/operations/18523401', 'id': '18523401', 'status': 'PENDING', 'description': &quot;Apply software changes, triggered from PySys: [{'action': 'install', 'id': '5475369', 'name': 'asciijump', 'url': ' ', 'version': '::apt'}, {'action': 'install', 'id': '5474869', 'name': 'robotfindskitten', 'url': ' ', 'version': '::apt'}, {'action': 'install', 'id': '5475279', 'name': 'squirrel3', 'url': ' ', 'version': '::apt'}]&quot;, 'c8y_SoftwareUpdate': [{'name': 'asciijump', 'action': 'install', 'id': '5475369', 'version': '::apt', 'url': ' '}, {'name': 'robotfindskitten', 'action': 'install', 'id': '5474869', 'version': '::apt', 'url': ' '}, {'name': 'squirrel3', 'action': 'install', 'id': '5475279', 'version': '::apt', 'url': ' '}]}
07:43:56 INFO  State of operation 18523401 : PENDING
07:43:58 INFO  State of operation 18523401 : EXECUTING
07:44:00 INFO  State of operation 18523401 : EXECUTING
07:44:02 INFO  State of operation 18523401 : EXECUTING
07:44:05 INFO  State of operation 18523401 : EXECUTING
07:44:07 INFO  State of operation 18523401 : EXECUTING
07:44:09 INFO  State of operation 18523401 : EXECUTING
07:44:12 INFO  State of operation 18523401 : EXECUTING
07:44:15 INFO  State of operation 18523401 : EXECUTING
07:44:18 INFO  State of operation 18523401 : EXECUTING
07:44:20 INFO  State of operation 18523401 : EXECUTING
07:44:22 INFO  State of operation 18523401 : EXECUTING
07:44:24 INFO  State of operation 18523401 : EXECUTING
07:44:27 INFO  State of operation 18523401 : EXECUTING
07:44:29 INFO  State of operation 18523401 : EXECUTING
07:44:31 INFO  State of operation 18523401 : EXECUTING
07:44:33 INFO  State of operation 18523401 : EXECUTING
07:44:36 INFO  State of operation 18523401 : EXECUTING
07:44:38 INFO  State of operation 18523401 : EXECUTING
07:44:40 INFO  State of operation 18523401 : EXECUTING
07:44:43 INFO  State of operation 18523401 : EXECUTING
07:44:45 INFO  State of operation 18523401 : EXECUTING
07:44:48 INFO  State of operation 18523401 : EXECUTING
07:44:50 INFO  State of operation 18523401 : EXECUTING
07:44:52 INFO  State of operation 18523401 : EXECUTING
07:44:55 INFO  State of operation 18523401 : EXECUTING
07:44:57 INFO  State of operation 18523401 : EXECUTING
07:45:01 INFO  State of operation 18523401 : EXECUTING
07:45:03 INFO  State of operation 18523401 : EXECUTING
07:45:06 INFO  State of operation 18523401 : EXECUTING
07:45:08 INFO  State of operation 18523401 : EXECUTING
07:45:11 INFO  State of operation 18523401 : EXECUTING
07:45:13 INFO  State of operation 18523401 : EXECUTING
07:45:16 INFO  State of operation 18523401 : EXECUTING
07:45:18 INFO  State of operation 18523401 : EXECUTING
07:45:20 INFO  State of operation 18523401 : EXECUTING
07:45:22 INFO  State of operation 18523401 : EXECUTING
07:45:24 INFO  State of operation 18523401 : SUCCESSFUL
07:45:25 INFO  Assert that (False == value) with value=False ... passed
07:45:25 INFO  Package asciijump is installed
07:45:25 INFO  Assert that (True == value) with value=True ... passed
07:45:25 INFO  Package squirrel3 is installed
07:45:25 INFO  Assert that (True == value) with value=True ... passed
07:45:26 INFO  Package robotfindskitten is installed
07:45:26 INFO  Assert that (True == value) with value=True ... passed
07:45:26 INFO  Response status: 201
07:45:26 INFO  Response to action: {
    &quot;creationTime&quot;: &quot;2022-05-09T07:45:26.370Z&quot;,
    &quot;deviceName&quot;: &quot;m32sd11f&quot;,
    &quot;deviceId&quot;: &quot;18457340&quot;,
    &quot;self&quot;: &quot;https://t493319102.eu-latest.cumulocity.com/devicecontrol/operations/18523411&quot;,
    &quot;id&quot;: &quot;18523411&quot;,
    &quot;status&quot;: &quot;PENDING&quot;,
    &quot;description&quot;: &quot;Apply software changes, triggered from PySys: [{'action': 'delete', 'id': '5475369', 'name': 'asciijump', 'url': ' ', 'version': '::apt'}, {'action': 'delete', 'id': '5474869', 'name': 'robotfindskitten', 'url': ' ', 'version': '::apt'}, {'action': 'delete', 'id': '5475279', 'name': 'squirrel3', 'url': ' ', 'version': '::apt'}]&quot;,
    &quot;c8y_SoftwareUpdate&quot;: [
        {
            &quot;name&quot;: &quot;asciijump&quot;,
            &quot;action&quot;: &quot;delete&quot;,
            &quot;id&quot;: &quot;5475369&quot;,
            &quot;version&quot;: &quot;::apt&quot;,
            &quot;url&quot;: &quot; &quot;
        },
        {
            &quot;name&quot;: &quot;robotfindskitten&quot;,
            &quot;action&quot;: &quot;delete&quot;,
            &quot;id&quot;: &quot;5474869&quot;,
            &quot;version&quot;: &quot;::apt&quot;,
            &quot;url&quot;: &quot; &quot;
        },
        {
            &quot;name&quot;: &quot;squirrel3&quot;,
            &quot;action&quot;: &quot;delete&quot;,
            &quot;id&quot;: &quot;5475279&quot;,
            &quot;version&quot;: &quot;::apt&quot;,
            &quot;url&quot;: &quot; &quot;
        }
    ]
}
07:45:26 INFO  Started operation: {'creationTime': '2022-05-09T07:45:26.370Z', 'deviceName': 'm32sd11f', 'deviceId': '18457340', 'self': 'https://t493319102.eu-latest.cumulocity.com/devicecontrol/operations/18523411', 'id': '18523411', 'status': 'PENDING', 'description': &quot;Apply software changes, triggered from PySys: [{'action': 'delete', 'id': '5475369', 'name': 'asciijump', 'url': ' ', 'version': '::apt'}, {'action': 'delete', 'id': '5474869', 'name': 'robotfindskitten', 'url': ' ', 'version': '::apt'}, {'action': 'delete', 'id': '5475279', 'name': 'squirrel3', 'url': ' ', 'version': '::apt'}]&quot;, 'c8y_SoftwareUpdate': [{'name': 'asciijump', 'action': 'delete', 'id': '5475369', 'version': '::apt', 'url': ' '}, {'name': 'robotfindskitten', 'action': 'delete', 'id': '5474869', 'version': '::apt', 'url': ' '}, {'name': 'squirrel3', 'action': 'delete', 'id': '5475279', 'version': '::apt', 'url': ' '}]}
07:45:28 INFO  State of operation 18523411 : PENDING
07:45:30 INFO  State of operation 18523411 : EXECUTING
07:45:33 INFO  State of operation 18523411 : EXECUTING
07:45:35 INFO  State of operation 18523411 : EXECUTING
07:45:37 INFO  State of operation 18523411 : EXECUTING
07:45:39 INFO  State of operation 18523411 : EXECUTING
07:45:42 INFO  State of operation 18523411 : EXECUTING
07:45:45 INFO  State of operation 18523411 : EXECUTING
07:45:48 INFO  State of operation 18523411 : EXECUTING
07:45:50 INFO  State of operation 18523411 : EXECUTING
07:45:52 INFO  State of operation 18523411 : EXECUTING
07:45:54 INFO  State of operation 18523411 : EXECUTING
07:45:57 INFO  State of operation 18523411 : EXECUTING
07:45:59 INFO  State of operation 18523411 : EXECUTING
07:46:01 INFO  State of operation 18523411 : EXECUTING
07:46:03 INFO  State of operation 18523411 : EXECUTING
07:46:06 INFO  State of operation 18523411 : EXECUTING
07:46:08 INFO  State of operation 18523411 : EXECUTING
07:46:10 INFO  State of operation 18523411 : EXECUTING
07:46:13 INFO  State of operation 18523411 : EXECUTING
07:46:16 INFO  State of operation 18523411 : EXECUTING
07:46:18 INFO  State of operation 18523411 : EXECUTING
07:46:20 INFO  State of operation 18523411 : EXECUTING
07:46:22 INFO  State of operation 18523411 : EXECUTING
07:46:25 INFO  State of operation 18523411 : EXECUTING
07:46:27 INFO  State of operation 18523411 : EXECUTING
07:46:29 INFO  State of operation 18523411 : EXECUTING
07:46:32 INFO  State of operation 18523411 : EXECUTING
07:46:34 INFO  State of operation 18523411 : EXECUTING
07:46:36 INFO  State of operation 18523411 : EXECUTING
07:46:39 INFO  State of operation 18523411 : EXECUTING
07:46:41 INFO  State of operation 18523411 : SUCCESSFUL
07:46:41 INFO  Assert that (False == value) with value=False ... passed
07:46:41 INFO  Assert that (False == value) with value=False ... passed
07:46:42 INFO  Assert that (False == value) with value=False ... passed
07:46:42 INFO  Assert that (False == value) with value=False ... passed
07:46:42 INFO  
07:46:42 INFO  cleanup:
07:46:47 INFO  Executed sudo&lt;tedge_disconnect_c8y&gt;, exit status 0
07:46:48 INFO  Executed systemctl&lt;serv_mapper5&gt;, exit status 3
07:46:48 INFO  
07:46:48 INFO  Test duration: 202.03 secs
07:46:48 INFO  Test final outcome:  FAILED
07:46:48 INFO  Test outcome reason: Assert that (False == value) with value=True
07:46:48 INFO  
</system-out>
	</testcase>
</testsuite>
