<?xml version="1.0" encoding="utf-8"?>
<testsuite name="SoftwareManagement.sm_apt_install_remove_multiple" tests="1" failures="1" skipped="0" time="202.2" timestamp="2022-05-03T08:44:05">
	<testcase classname="PySysTest" name="SoftwareManagement.sm_apt_install_remove_multiple">
		<failure message="FAILED: Assert that (False == value) with value=True" type="FAILED"/>
		<system-out>08:40:42 INFO  ==============================================================
08:40:42 INFO  Id:    SoftwareManagement.sm_apt_install_remove_multiple
08:40:42 INFO  Dir:   software_management_end_to_end/
08:40:42 INFO  Title: Validate end to end behaviour for the apt plugin for multiple packages
08:40:42 INFO  ==============================================================
08:40:42 INFO  Using sw id database: {'asciijump': '5475369', 'robotfindskitten': '5474869', 'squirrel3': '5475279', 'rolldice': '5152439', 'moon-buggy': '5439204', 'apple': '5495053', 'banana': '5494888', 'cherry': '5495382', 'watermelon': '5494510', 'registry': '8018911', 'hello-world': '8021526', 'docker/getting-started': '8021973', 'alpine': '7991792'}
08:40:42 INFO  EnvironmentC8y Setup
08:40:43 INFO  Executed systemctl&lt;serv_mapper1&gt;, exit status 3
08:40:43 INFO  Restarting mosquitto too frequently in the last 10 seconds. It was only up for 6 seconds
08:40:43 INFO  Delaying execution by 5 seconds
08:41:05 INFO  Executed sudo&lt;tedge_connect_c8y&gt;, exit status 0, duration 17 secs
08:41:06 INFO  Executed sudo&lt;tedge_connect_c8y_test&gt;, exit status 0
08:41:06 INFO  Executed systemctl&lt;serv_mosq2&gt;, exit status 0
08:41:07 INFO  Executed systemctl&lt;serv_mapper3&gt;, exit status 0
08:41:09 INFO  State of current operation: SUCCESSFUL
08:41:09 INFO  Assert that (False == value) with value=False ... passed
08:41:10 INFO  Assert that (False == value) with value=False ... passed
08:41:10 INFO  Assert that (False == value) with value=False ... passed
08:41:10 INFO  Package robotfindskitten is installed
08:41:10 WARN  Assert that (False == value) with value=True ... failed 
08:41:10 INFO  Response status: 201
08:41:10 INFO  Response to action: {
    &quot;creationTime&quot;: &quot;2022-05-03T08:41:10.801Z&quot;,
    &quot;deviceName&quot;: &quot;m32sd11f&quot;,
    &quot;deviceId&quot;: &quot;18247100&quot;,
    &quot;self&quot;: &quot;https://t493319102.eu-latest.cumulocity.com/devicecontrol/operations/18263634&quot;,
    &quot;id&quot;: &quot;18263634&quot;,
    &quot;status&quot;: &quot;PENDING&quot;,
    &quot;description&quot;: &quot;Apply software changes, triggered from PySys: [{'action': 'install', 'id': '5475369', 'name': 'asciijump', 'url': ' ', 'version': '::apt'}, {'action': 'install', 'id': '5474869', 'name': 'robotfindskitten', 'url': ' ', 'version': '::apt'}, {'action': 'install', 'id': '5475279', 'name': 'squirrel3', 'url': ' ', 'version': '::apt'}]&quot;,
    &quot;c8y_SoftwareUpdate&quot;: [
        {
            &quot;name&quot;: &quot;asciijump&quot;,
            &quot;action&quot;: &quot;install&quot;,
            &quot;id&quot;: &quot;5475369&quot;,
            &quot;version&quot;: &quot;::apt&quot;,
            &quot;url&quot;: &quot; &quot;
        },
        {
            &quot;name&quot;: &quot;robotfindskitten&quot;,
            &quot;action&quot;: &quot;install&quot;,
            &quot;id&quot;: &quot;5474869&quot;,
            &quot;version&quot;: &quot;::apt&quot;,
            &quot;url&quot;: &quot; &quot;
        },
        {
            &quot;name&quot;: &quot;squirrel3&quot;,
            &quot;action&quot;: &quot;install&quot;,
            &quot;id&quot;: &quot;5475279&quot;,
            &quot;version&quot;: &quot;::apt&quot;,
            &quot;url&quot;: &quot; &quot;
        }
    ]
}
08:41:10 INFO  Started operation: {'creationTime': '2022-05-03T08:41:10.801Z', 'deviceName': 'm32sd11f', 'deviceId': '18247100', 'self': 'https://t493319102.eu-latest.cumulocity.com/devicecontrol/operations/18263634', 'id': '18263634', 'status': 'PENDING', 'description': &quot;Apply software changes, triggered from PySys: [{'action': 'install', 'id': '5475369', 'name': 'asciijump', 'url': ' ', 'version': '::apt'}, {'action': 'install', 'id': '5474869', 'name': 'robotfindskitten', 'url': ' ', 'version': '::apt'}, {'action': 'install', 'id': '5475279', 'name': 'squirrel3', 'url': ' ', 'version': '::apt'}]&quot;, 'c8y_SoftwareUpdate': [{'name': 'asciijump', 'action': 'install', 'id': '5475369', 'version': '::apt', 'url': ' '}, {'name': 'robotfindskitten', 'action': 'install', 'id': '5474869', 'version': '::apt', 'url': ' '}, {'name': 'squirrel3', 'action': 'install', 'id': '5475279', 'version': '::apt', 'url': ' '}]}
08:41:13 INFO  State of operation 18263634 : PENDING
08:41:15 INFO  State of operation 18263634 : EXECUTING
08:41:17 INFO  State of operation 18263634 : EXECUTING
08:41:19 INFO  State of operation 18263634 : EXECUTING
08:41:21 INFO  State of operation 18263634 : EXECUTING
08:41:24 INFO  State of operation 18263634 : EXECUTING
08:41:26 INFO  State of operation 18263634 : EXECUTING
08:41:29 INFO  State of operation 18263634 : EXECUTING
08:41:32 INFO  State of operation 18263634 : EXECUTING
08:41:34 INFO  State of operation 18263634 : EXECUTING
08:41:37 INFO  State of operation 18263634 : EXECUTING
08:41:39 INFO  State of operation 18263634 : EXECUTING
08:41:41 INFO  State of operation 18263634 : EXECUTING
08:41:43 INFO  State of operation 18263634 : EXECUTING
08:41:46 INFO  State of operation 18263634 : EXECUTING
08:41:48 INFO  State of operation 18263634 : EXECUTING
08:41:50 INFO  State of operation 18263634 : EXECUTING
08:41:52 INFO  State of operation 18263634 : EXECUTING
08:41:55 INFO  State of operation 18263634 : EXECUTING
08:41:57 INFO  State of operation 18263634 : EXECUTING
08:42:00 INFO  State of operation 18263634 : EXECUTING
08:42:02 INFO  State of operation 18263634 : EXECUTING
08:42:04 INFO  State of operation 18263634 : EXECUTING
08:42:06 INFO  State of operation 18263634 : EXECUTING
08:42:09 INFO  State of operation 18263634 : EXECUTING
08:42:11 INFO  State of operation 18263634 : EXECUTING
08:42:14 INFO  State of operation 18263634 : EXECUTING
08:42:17 INFO  State of operation 18263634 : EXECUTING
08:42:20 INFO  State of operation 18263634 : EXECUTING
08:42:23 INFO  State of operation 18263634 : EXECUTING
08:42:25 INFO  State of operation 18263634 : EXECUTING
08:42:28 INFO  State of operation 18263634 : EXECUTING
08:42:30 INFO  State of operation 18263634 : EXECUTING
08:42:32 INFO  State of operation 18263634 : EXECUTING
08:42:35 INFO  State of operation 18263634 : EXECUTING
08:42:37 INFO  State of operation 18263634 : EXECUTING
08:42:39 INFO  State of operation 18263634 : EXECUTING
08:42:41 INFO  State of operation 18263634 : SUCCESSFUL
08:42:42 INFO  Assert that (False == value) with value=False ... passed
08:42:42 INFO  Package asciijump is installed
08:42:42 INFO  Assert that (True == value) with value=True ... passed
08:42:42 INFO  Package squirrel3 is installed
08:42:42 INFO  Assert that (True == value) with value=True ... passed
08:42:42 INFO  Package robotfindskitten is installed
08:42:42 INFO  Assert that (True == value) with value=True ... passed
08:42:43 INFO  Response status: 201
08:42:43 INFO  Response to action: {
    &quot;creationTime&quot;: &quot;2022-05-03T08:42:42.960Z&quot;,
    &quot;deviceName&quot;: &quot;m32sd11f&quot;,
    &quot;deviceId&quot;: &quot;18247100&quot;,
    &quot;self&quot;: &quot;https://t493319102.eu-latest.cumulocity.com/devicecontrol/operations/18263638&quot;,
    &quot;id&quot;: &quot;18263638&quot;,
    &quot;status&quot;: &quot;PENDING&quot;,
    &quot;description&quot;: &quot;Apply software changes, triggered from PySys: [{'action': 'delete', 'id': '5475369', 'name': 'asciijump', 'url': ' ', 'version': '::apt'}, {'action': 'delete', 'id': '5474869', 'name': 'robotfindskitten', 'url': ' ', 'version': '::apt'}, {'action': 'delete', 'id': '5475279', 'name': 'squirrel3', 'url': ' ', 'version': '::apt'}]&quot;,
    &quot;c8y_SoftwareUpdate&quot;: [
        {
            &quot;name&quot;: &quot;asciijump&quot;,
            &quot;action&quot;: &quot;delete&quot;,
            &quot;id&quot;: &quot;5475369&quot;,
            &quot;version&quot;: &quot;::apt&quot;,
            &quot;url&quot;: &quot; &quot;
        },
        {
            &quot;name&quot;: &quot;robotfindskitten&quot;,
            &quot;action&quot;: &quot;delete&quot;,
            &quot;id&quot;: &quot;5474869&quot;,
            &quot;version&quot;: &quot;::apt&quot;,
            &quot;url&quot;: &quot; &quot;
        },
        {
            &quot;name&quot;: &quot;squirrel3&quot;,
            &quot;action&quot;: &quot;delete&quot;,
            &quot;id&quot;: &quot;5475279&quot;,
            &quot;version&quot;: &quot;::apt&quot;,
            &quot;url&quot;: &quot; &quot;
        }
    ]
}
08:42:43 INFO  Started operation: {'creationTime': '2022-05-03T08:42:42.960Z', 'deviceName': 'm32sd11f', 'deviceId': '18247100', 'self': 'https://t493319102.eu-latest.cumulocity.com/devicecontrol/operations/18263638', 'id': '18263638', 'status': 'PENDING', 'description': &quot;Apply software changes, triggered from PySys: [{'action': 'delete', 'id': '5475369', 'name': 'asciijump', 'url': ' ', 'version': '::apt'}, {'action': 'delete', 'id': '5474869', 'name': 'robotfindskitten', 'url': ' ', 'version': '::apt'}, {'action': 'delete', 'id': '5475279', 'name': 'squirrel3', 'url': ' ', 'version': '::apt'}]&quot;, 'c8y_SoftwareUpdate': [{'name': 'asciijump', 'action': 'delete', 'id': '5475369', 'version': '::apt', 'url': ' '}, {'name': 'robotfindskitten', 'action': 'delete', 'id': '5474869', 'version': '::apt', 'url': ' '}, {'name': 'squirrel3', 'action': 'delete', 'id': '5475279', 'version': '::apt', 'url': ' '}]}
08:42:45 INFO  State of operation 18263638 : PENDING
08:42:47 INFO  State of operation 18263638 : EXECUTING
08:42:49 INFO  State of operation 18263638 : EXECUTING
08:42:51 INFO  State of operation 18263638 : EXECUTING
08:42:54 INFO  State of operation 18263638 : EXECUTING
08:42:56 INFO  State of operation 18263638 : EXECUTING
08:42:58 INFO  State of operation 18263638 : EXECUTING
08:43:01 INFO  State of operation 18263638 : EXECUTING
08:43:04 INFO  State of operation 18263638 : EXECUTING
08:43:06 INFO  State of operation 18263638 : EXECUTING
08:43:09 INFO  State of operation 18263638 : EXECUTING
08:43:11 INFO  State of operation 18263638 : EXECUTING
08:43:13 INFO  State of operation 18263638 : EXECUTING
08:43:15 INFO  State of operation 18263638 : EXECUTING
08:43:18 INFO  State of operation 18263638 : EXECUTING
08:43:20 INFO  State of operation 18263638 : EXECUTING
08:43:22 INFO  State of operation 18263638 : EXECUTING
08:43:25 INFO  State of operation 18263638 : EXECUTING
08:43:27 INFO  State of operation 18263638 : EXECUTING
08:43:29 INFO  State of operation 18263638 : EXECUTING
08:43:32 INFO  State of operation 18263638 : EXECUTING
08:43:34 INFO  State of operation 18263638 : EXECUTING
08:43:37 INFO  State of operation 18263638 : EXECUTING
08:43:39 INFO  State of operation 18263638 : EXECUTING
08:43:41 INFO  State of operation 18263638 : EXECUTING
08:43:43 INFO  State of operation 18263638 : EXECUTING
08:43:46 INFO  State of operation 18263638 : EXECUTING
08:43:48 INFO  State of operation 18263638 : EXECUTING
08:43:51 INFO  State of operation 18263638 : EXECUTING
08:43:53 INFO  State of operation 18263638 : EXECUTING
08:43:55 INFO  State of operation 18263638 : EXECUTING
08:43:58 INFO  State of operation 18263638 : SUCCESSFUL
08:43:58 INFO  Assert that (False == value) with value=False ... passed
08:43:58 INFO  Assert that (False == value) with value=False ... passed
08:43:58 INFO  Assert that (False == value) with value=False ... passed
08:43:59 INFO  Assert that (False == value) with value=False ... passed
08:43:59 INFO  
08:43:59 INFO  cleanup:
08:44:04 INFO  Executed sudo&lt;tedge_disconnect_c8y&gt;, exit status 0
08:44:05 INFO  Executed systemctl&lt;serv_mapper5&gt;, exit status 3
08:44:05 INFO  
08:44:05 INFO  Test duration: 202.20 secs
08:44:05 INFO  Test final outcome:  FAILED
08:44:05 INFO  Test outcome reason: Assert that (False == value) with value=True
08:44:05 INFO  
</system-out>
	</testcase>
</testsuite>
