<?xml version="1.0" encoding="utf-8"?>
<testsuite name="apt_install" tests="1" failures="0" skipped="0" time="74.23" timestamp="2022-05-04T08:21:02">
	<testcase classname="AptPluginInstallDense" name="apt_install"/>
</testsuite>
