<?xml version="1.0" encoding="utf-8"?>
<testsuite name="apt_prepare" tests="1" failures="0" skipped="0" time="21.4" timestamp="2022-05-23T09:39:34">
	<testcase classname="AptPluginPrepare" name="apt_prepare"/>
</testsuite>
