<?xml version="1.0" encoding="utf-8"?>
<testsuite name="SoftwareManagement.sm_apt_install_remove_multiple_mixed" tests="1" failures="1" skipped="0" time="185.44" timestamp="2022-05-10T20:22:24">
	<testcase classname="PySysTest" name="SoftwareManagement.sm_apt_install_remove_multiple_mixed">
		<failure message="BLOCKED: SystemError: Timeout while waiting for status SUCCESSFUL or False" type="BLOCKED"/>
		<system-out>20:19:18 INFO  ==============================================================
20:19:18 INFO  Id:    SoftwareManagement.sm_apt_install_remove_multiple_mixed
20:19:18 INFO  Dir:   software_management_end_to_end/
20:19:18 INFO  Title: Validate end to end behaviour for the apt plugin for multiple packages with mixed versions
20:19:18 INFO  ==============================================================
20:19:18 INFO  Using sw id database: {'asciijump': '5475369', 'robotfindskitten': '5474869', 'squirrel3': '5475279', 'rolldice': '5152439', 'moon-buggy': '5439204', 'apple': '5495053', 'banana': '5494888', 'cherry': '5495382', 'watermelon': '5494510', 'registry': '8018911', 'hello-world': '8021526', 'docker/getting-started': '8021973', 'alpine': '7991792'}
20:19:18 INFO  EnvironmentC8y Setup
20:19:19 INFO  Executed systemctl&lt;serv_mapper1&gt;, exit status 3
20:19:19 INFO  Restarting mosquitto too frequently in the last 10 seconds. It was only up for 6 seconds
20:19:19 INFO  Delaying execution by 5 seconds
20:19:41 INFO  Executed sudo&lt;tedge_connect_c8y&gt;, exit status 0, duration 17 secs
20:19:42 INFO  Executed sudo&lt;tedge_connect_c8y_test&gt;, exit status 0
20:19:42 INFO  Executed systemctl&lt;serv_mosq2&gt;, exit status 0
20:19:43 INFO  Executed systemctl&lt;serv_mapper3&gt;, exit status 0
20:19:45 INFO  State of current operation: SUCCESSFUL
20:19:45 INFO  Assert that (False == value) with value=False ... passed
20:19:45 INFO  Assert that (False == value) with value=False ... passed
20:19:46 INFO  Assert that (False == value) with value=False ... passed
20:19:46 INFO  Assert that (False == value) with value=False ... passed
20:19:46 INFO  Assert that (False == value) with value=False ... passed
20:19:48 INFO  Response status: 201
20:19:48 INFO  Response to action: {
    &quot;delivery&quot;: {
        &quot;time&quot;: &quot;2022-05-10T20:19:48.823Z&quot;,
        &quot;log&quot;: [],
        &quot;status&quot;: &quot;PENDING&quot;
    },
    &quot;creationTime&quot;: &quot;2022-05-10T20:19:48.809Z&quot;,
    &quot;deviceName&quot;: &quot;m32sd11f&quot;,
    &quot;deviceId&quot;: &quot;18733333&quot;,
    &quot;self&quot;: &quot;https://t493319102.eu-latest.cumulocity.com/devicecontrol/operations/18751710&quot;,
    &quot;id&quot;: &quot;18751710&quot;,
    &quot;status&quot;: &quot;PENDING&quot;,
    &quot;description&quot;: &quot;Apply software changes, triggered from PySys: [{'action': 'install', 'id': '5475369', 'name': 'asciijump', 'url': ' ', 'version': '::apt'}, {'action': 'install', 'id': '5474869', 'name': 'robotfindskitten', 'url': ' ', 'version': ' '}, {'action': 'install', 'id': '5475279', 'name': 'squirrel3', 'url': ' ', 'version': '3.1-8::apt'}, {'action': 'install', 'id': '5152439', 'name': 'rolldice', 'url': ' ', 'version': '1.16-1+b2'}, {'action': 'install', 'id': '5439204', 'name': 'moon-buggy', 'url': ' ', 'version': '1:1.0.51-13'}, {'action': 'install', 'id': '5475369', 'name': 'asciijump', 'url': ' ', 'version': '::apt'}]&quot;,
    &quot;c8y_SoftwareUpdate&quot;: [
        {
            &quot;name&quot;: &quot;asciijump&quot;,
            &quot;action&quot;: &quot;install&quot;,
            &quot;id&quot;: &quot;5475369&quot;,
            &quot;version&quot;: &quot;::apt&quot;,
            &quot;url&quot;: &quot; &quot;
        },
        {
            &quot;name&quot;: &quot;robotfindskitten&quot;,
            &quot;action&quot;: &quot;install&quot;,
            &quot;id&quot;: &quot;5474869&quot;,
            &quot;version&quot;: &quot; &quot;,
            &quot;url&quot;: &quot; &quot;
        },
        {
            &quot;name&quot;: &quot;squirrel3&quot;,
            &quot;action&quot;: &quot;install&quot;,
            &quot;id&quot;: &quot;5475279&quot;,
            &quot;version&quot;: &quot;3.1-8::apt&quot;,
            &quot;url&quot;: &quot; &quot;
        },
        {
            &quot;name&quot;: &quot;rolldice&quot;,
            &quot;action&quot;: &quot;install&quot;,
            &quot;id&quot;: &quot;5152439&quot;,
            &quot;version&quot;: &quot;1.16-1+b2&quot;,
            &quot;url&quot;: &quot; &quot;
        },
        {
            &quot;name&quot;: &quot;moon-buggy&quot;,
            &quot;action&quot;: &quot;install&quot;,
            &quot;id&quot;: &quot;5439204&quot;,
            &quot;version&quot;: &quot;1:1.0.51-13&quot;,
            &quot;url&quot;: &quot; &quot;
        },
        {
            &quot;name&quot;: &quot;asciijump&quot;,
            &quot;action&quot;: &quot;install&quot;,
            &quot;id&quot;: &quot;5475369&quot;,
            &quot;version&quot;: &quot;::apt&quot;,
            &quot;url&quot;: &quot; &quot;
        }
    ]
}
20:19:48 INFO  Started operation: {'delivery': {'time': '2022-05-10T20:19:48.823Z', 'log': [], 'status': 'PENDING'}, 'creationTime': '2022-05-10T20:19:48.809Z', 'deviceName': 'm32sd11f', 'deviceId': '18733333', 'self': 'https://t493319102.eu-latest.cumulocity.com/devicecontrol/operations/18751710', 'id': '18751710', 'status': 'PENDING', 'description': &quot;Apply software changes, triggered from PySys: [{'action': 'install', 'id': '5475369', 'name': 'asciijump', 'url': ' ', 'version': '::apt'}, {'action': 'install', 'id': '5474869', 'name': 'robotfindskitten', 'url': ' ', 'version': ' '}, {'action': 'install', 'id': '5475279', 'name': 'squirrel3', 'url': ' ', 'version': '3.1-8::apt'}, {'action': 'install', 'id': '5152439', 'name': 'rolldice', 'url': ' ', 'version': '1.16-1+b2'}, {'action': 'install', 'id': '5439204', 'name': 'moon-buggy', 'url': ' ', 'version': '1:1.0.51-13'}, {'action': 'install', 'id': '5475369', 'name': 'asciijump', 'url': ' ', 'version': '::apt'}]&quot;, 'c8y_SoftwareUpdate': [{'name': 'asciijump', 'action': 'install', 'id': '5475369', 'version': '::apt', 'url': ' '}, {'name': 'robotfindskitten', 'action': 'install', 'id': '5474869', 'version': ' ', 'url': ' '}, {'name': 'squirrel3', 'action': 'install', 'id': '5475279', 'version': '3.1-8::apt', 'url': ' '}, {'name': 'rolldice', 'action': 'install', 'id': '5152439', 'version': '1.16-1+b2', 'url': ' '}, {'name': 'moon-buggy', 'action': 'install', 'id': '5439204', 'version': '1:1.0.51-13', 'url': ' '}, {'name': 'asciijump', 'action': 'install', 'id': '5475369', 'version': '::apt', 'url': ' '}]}
20:19:51 INFO  State of operation 18751710 : PENDING
20:19:53 INFO  State of operation 18751710 : EXECUTING
20:19:55 INFO  State of operation 18751710 : EXECUTING
20:19:57 INFO  State of operation 18751710 : EXECUTING
20:19:59 INFO  State of operation 18751710 : EXECUTING
20:20:02 INFO  State of operation 18751710 : EXECUTING
20:20:04 INFO  State of operation 18751710 : EXECUTING
20:20:08 INFO  State of operation 18751710 : EXECUTING
20:20:10 INFO  State of operation 18751710 : EXECUTING
20:20:13 INFO  State of operation 18751710 : EXECUTING
20:20:15 INFO  State of operation 18751710 : EXECUTING
20:20:17 INFO  State of operation 18751710 : EXECUTING
20:20:20 INFO  State of operation 18751710 : EXECUTING
20:20:22 INFO  State of operation 18751710 : EXECUTING
20:20:24 INFO  State of operation 18751710 : EXECUTING
20:20:26 INFO  State of operation 18751710 : EXECUTING
20:20:29 INFO  State of operation 18751710 : EXECUTING
20:20:31 INFO  State of operation 18751710 : EXECUTING
20:20:33 INFO  State of operation 18751710 : EXECUTING
20:20:36 INFO  State of operation 18751710 : EXECUTING
20:20:38 INFO  State of operation 18751710 : EXECUTING
20:20:41 INFO  State of operation 18751710 : EXECUTING
20:20:43 INFO  State of operation 18751710 : EXECUTING
20:20:45 INFO  State of operation 18751710 : EXECUTING
20:20:47 INFO  State of operation 18751710 : EXECUTING
20:20:50 INFO  State of operation 18751710 : EXECUTING
20:20:52 INFO  State of operation 18751710 : EXECUTING
20:20:55 INFO  State of operation 18751710 : EXECUTING
20:20:57 INFO  State of operation 18751710 : EXECUTING
20:21:00 INFO  State of operation 18751710 : EXECUTING
20:21:02 INFO  State of operation 18751710 : EXECUTING
20:21:04 INFO  State of operation 18751710 : EXECUTING
20:21:06 INFO  State of operation 18751710 : EXECUTING
20:21:09 INFO  State of operation 18751710 : EXECUTING
20:21:11 INFO  State of operation 18751710 : EXECUTING
20:21:13 INFO  State of operation 18751710 : EXECUTING
20:21:16 INFO  State of operation 18751710 : EXECUTING
20:21:18 INFO  State of operation 18751710 : EXECUTING
20:21:20 INFO  State of operation 18751710 : EXECUTING
20:21:22 INFO  State of operation 18751710 : EXECUTING
20:21:24 INFO  State of operation 18751710 : EXECUTING
20:21:27 INFO  State of operation 18751710 : EXECUTING
20:21:29 INFO  State of operation 18751710 : EXECUTING
20:21:32 INFO  State of operation 18751710 : EXECUTING
20:21:35 INFO  State of operation 18751710 : EXECUTING
20:21:37 INFO  State of operation 18751710 : EXECUTING
20:21:40 INFO  State of operation 18751710 : EXECUTING
20:21:42 INFO  State of operation 18751710 : EXECUTING
20:21:44 INFO  State of operation 18751710 : EXECUTING
20:21:47 INFO  State of operation 18751710 : EXECUTING
20:21:49 INFO  State of operation 18751710 : EXECUTING
20:21:51 INFO  State of operation 18751710 : EXECUTING
20:21:53 INFO  State of operation 18751710 : EXECUTING
20:21:56 INFO  State of operation 18751710 : EXECUTING
20:21:58 INFO  State of operation 18751710 : EXECUTING
20:22:00 INFO  State of operation 18751710 : EXECUTING
20:22:03 INFO  State of operation 18751710 : EXECUTING
20:22:05 INFO  State of operation 18751710 : EXECUTING
20:22:08 INFO  State of operation 18751710 : EXECUTING
20:22:10 INFO  State of operation 18751710 : EXECUTING
20:22:13 INFO  State of operation 18751710 : EXECUTING
20:22:15 WARN  SystemError occurred while running test - Timeout while waiting for status SUCCESSFUL or False
Traceback (most recent call last):
  File &quot;/home/pi/env-pysys/lib/python3.9/site-packages/pysys/baserunner.py&quot;, line 1294, in __call__
    self.testObj.execute()
  File &quot;/home/pi/actions-runner/_work/thin-edge.io/thin-edge.io/tests/PySys/software_management_end_to_end/sm_apt_install_remove_multiple_mixed/run.py&quot;, line 89, in execute
    self.wait_until_succcess()
  File &quot;/home/pi/actions-runner/_work/thin-edge.io/thin-edge.io/tests/PySys/software_management_end_to_end/environment_sm_management.py&quot;, line 324, in wait_until_succcess
    self.wait_until_status(&quot;SUCCESSFUL&quot;)
  File &quot;/home/pi/actions-runner/_work/thin-edge.io/thin-edge.io/tests/PySys/software_management_end_to_end/environment_sm_management.py&quot;, line 380, in wait_until_status
    raise SystemError(
SystemError: Timeout while waiting for status SUCCESSFUL or False
20:22:15 WARN  SystemError: Timeout while waiting for status SUCCESSFUL or False ... blocked 
20:22:15 INFO  
20:22:15 INFO  cleanup:
20:22:23 INFO  Executed sudo&lt;tedge_disconnect_c8y&gt;, exit status 0
20:22:24 INFO  Executed systemctl&lt;serv_mapper5&gt;, exit status 3
20:22:24 INFO  
20:22:24 INFO  Test duration: 185.44 secs
20:22:24 INFO  Test final outcome:  BLOCKED
20:22:24 INFO  Test outcome reason: SystemError: Timeout while waiting for status SUCCESSFUL or False
20:22:24 INFO  
</system-out>
	</testcase>
</testsuite>
