<?xml version="1.0" encoding="utf-8"?>
<testsuite name="apt_list_format" tests="1" failures="0" skipped="0" time="3.24" timestamp="2022-05-16T07:47:03">
	<testcase classname="AptPluginListFormat" name="apt_list_format"/>
</testsuite>
