<?xml version="1.0" encoding="utf-8"?>
<testsuite name="apt_sequence_install_with_version" tests="1" failures="1" skipped="0" time="107.04" timestamp="2022-05-11T12:02:43">
	<testcase classname="AptPluginPrepInstallWithVersionFinalize" name="apt_sequence_install_with_version">
		<failure message="FAILED: Grep on outp_check_1.out contains 'rolldice\t1.16-1(\\+b|build)(1|3)'" type="FAILED"/>
		<system-out>12:00:56 INFO  ==============================================================
12:00:56 INFO  Id:    apt_sequence_install_with_version
12:00:56 INFO  Dir:   plugin_apt/
12:00:56 INFO  Title: Validate apt plugin install with version use case
12:00:56 INFO  ==============================================================
12:01:01 INFO  Executed sudo, exit status 0
12:01:04 INFO  Executed sudo&lt;outp_check_0&gt;, exit status 0
12:01:04 INFO  Assert that (value==0) with value=0 ... passed
12:01:04 INFO  Grep on file outp_check_0.out ... passed
12:01:25 INFO  Executed sudo&lt;outp_prepare&gt;, exit status 0, duration 20 secs
12:01:25 INFO  Assert that (value==0) with value=0 ... passed
12:02:15 INFO  Executed sudo&lt;outp_install&gt;, exit status 0, duration 50 secs
12:02:15 INFO  Assert that (value==0) with value=0 ... passed
12:02:23 INFO  Executed sudo&lt;outp_finalize&gt;, exit status 0
12:02:23 INFO  Assert that (value==0) with value=0 ... passed
12:02:26 INFO  Executed sudo&lt;outp_check_1&gt;, exit status 0
12:02:26 INFO  Assert that (value==0) with value=0 ... passed
12:02:26 INFO  Grep on file outp_check_1.out ... passed
12:02:27 WARN  Grep on outp_check_1.out contains 'rolldice\t1.16-1(\\+b|build)(1|3)' ... failed [run.py:61]
12:02:27 INFO  
12:02:27 INFO  cleanup:
12:02:43 INFO  Executed sudo, exit status 0, duration 16 secs
12:02:43 INFO  
12:02:43 INFO  Test duration: 107.04 secs
12:02:43 INFO  Test final outcome:  FAILED
12:02:43 INFO  Test outcome reason: Grep on outp_check_1.out contains 'rolldice\t1.16-1(\\+b|build)(1|3)'
12:02:43 INFO  
</system-out>
	</testcase>
</testsuite>
