<?xml version="1.0" encoding="utf-8"?>
<testsuite name="apt_install" tests="1" failures="0" skipped="0" time="74.9" timestamp="2022-05-09T07:17:57">
	<testcase classname="AptPluginInstallDense" name="apt_install"/>
</testsuite>
