<?xml version="1.0" encoding="utf-8"?>
<testsuite name="apt_prepare" tests="1" failures="0" skipped="0" time="20.93" timestamp="2022-05-02T15:32:40">
	<testcase classname="AptPluginPrepare" name="apt_prepare"/>
</testsuite>
