<?xml version="1.0" encoding="utf-8"?>
<testsuite name="apt_remove" tests="1" failures="0" skipped="0" time="74.65" timestamp="2022-05-11T12:00:46">
	<testcase classname="AptPluginRemoveDense" name="apt_remove"/>
</testsuite>
