<?xml version="1.0" encoding="utf-8"?>
<testsuite name="apt_sequence_install_with_version_fail" tests="1" failures="0" skipped="0" time="17.32" timestamp="2022-05-23T09:44:53">
	<testcase classname="AptPluginInstallWithVersionFails" name="apt_sequence_install_with_version_fail"/>
</testsuite>
