<?xml version="1.0" encoding="utf-8"?>
<testsuite name="apt_sequence_install_with_version" tests="1" failures="1" skipped="0" time="107.9" timestamp="2022-05-10T19:58:36">
	<testcase classname="AptPluginPrepInstallWithVersionFinalize" name="apt_sequence_install_with_version">
		<failure message="FAILED: Grep on outp_check_1.out contains 'rolldice\t1.16-1(\\+b|build)(1|3)'" type="FAILED"/>
		<system-out>19:56:48 INFO  ==============================================================
19:56:48 INFO  Id:    apt_sequence_install_with_version
19:56:48 INFO  Dir:   plugin_apt/
19:56:48 INFO  Title: Validate apt plugin install with version use case
19:56:48 INFO  ==============================================================
19:56:54 INFO  Executed sudo, exit status 0
19:56:57 INFO  Executed sudo&lt;outp_check_0&gt;, exit status 0
19:56:57 INFO  Assert that (value==0) with value=0 ... passed
19:56:57 INFO  Grep on file outp_check_0.out ... passed
19:57:18 INFO  Executed sudo&lt;outp_prepare&gt;, exit status 0, duration 21 secs
19:57:18 INFO  Assert that (value==0) with value=0 ... passed
19:58:08 INFO  Executed sudo&lt;outp_install&gt;, exit status 0, duration 50 secs
19:58:08 INFO  Assert that (value==0) with value=0 ... passed
19:58:16 INFO  Executed sudo&lt;outp_finalize&gt;, exit status 0
19:58:16 INFO  Assert that (value==0) with value=0 ... passed
19:58:19 INFO  Executed sudo&lt;outp_check_1&gt;, exit status 0
19:58:19 INFO  Assert that (value==0) with value=0 ... passed
19:58:19 INFO  Grep on file outp_check_1.out ... passed
19:58:20 WARN  Grep on outp_check_1.out contains 'rolldice\t1.16-1(\\+b|build)(1|3)' ... failed [run.py:61]
19:58:20 INFO  
19:58:20 INFO  cleanup:
19:58:36 INFO  Executed sudo, exit status 0, duration 16 secs
19:58:36 INFO  
19:58:36 INFO  Test duration: 107.90 secs
19:58:36 INFO  Test final outcome:  FAILED
19:58:36 INFO  Test outcome reason: Grep on outp_check_1.out contains 'rolldice\t1.16-1(\\+b|build)(1|3)'
19:58:36 INFO  
</system-out>
	</testcase>
</testsuite>
