<?xml version="1.0" encoding="utf-8"?>
<testsuite name="SoftwareManagement.sm_apt_install_remove_multiple_mixed" tests="1" failures="1" skipped="0" time="184.21" timestamp="2022-05-30T10:02:03">
	<testcase classname="PySysTest" name="SoftwareManagement.sm_apt_install_remove_multiple_mixed">
		<failure message="BLOCKED: SystemError: Timeout while waiting for status SUCCESSFUL or False" type="BLOCKED"/>
		<system-out>09:58:59 INFO  ==============================================================
09:58:59 INFO  Id:    SoftwareManagement.sm_apt_install_remove_multiple_mixed
09:58:59 INFO  Dir:   software_management_end_to_end/
09:58:59 INFO  Title: Validate end to end behaviour for the apt plugin for multiple packages with mixed versions
09:58:59 INFO  ==============================================================
09:58:59 INFO  Using sw id database: {'asciijump': '5475369', 'robotfindskitten': '5474869', 'squirrel3': '5475279', 'rolldice': '5152439', 'moon-buggy': '5439204', 'apple': '5495053', 'banana': '5494888', 'cherry': '5495382', 'watermelon': '5494510', 'registry': '8018911', 'hello-world': '8021526', 'docker/getting-started': '8021973', 'alpine': '7991792'}
09:58:59 INFO  EnvironmentC8y Setup
09:59:00 INFO  Executed systemctl&lt;serv_mapper1&gt;, exit status 3
09:59:00 INFO  Restarting mosquitto too frequently in the last 10 seconds. It was only up for 6 seconds
09:59:00 INFO  Delaying execution by 5 seconds
09:59:22 INFO  Executed sudo&lt;tedge_connect_c8y&gt;, exit status 0, duration 17 secs
09:59:23 INFO  Executed sudo&lt;tedge_connect_c8y_test&gt;, exit status 0
09:59:23 INFO  Executed systemctl&lt;serv_mosq2&gt;, exit status 0
09:59:24 INFO  Executed systemctl&lt;serv_mapper3&gt;, exit status 0
09:59:26 INFO  State of current operation: SUCCESSFUL
09:59:26 INFO  Assert that (False == value) with value=False ... passed
09:59:26 INFO  Assert that (False == value) with value=False ... passed
09:59:27 INFO  Assert that (False == value) with value=False ... passed
09:59:27 INFO  Assert that (False == value) with value=False ... passed
09:59:27 INFO  Assert that (False == value) with value=False ... passed
09:59:29 INFO  Response status: 201
09:59:29 INFO  Response to action: {
    &quot;creationTime&quot;: &quot;2022-05-30T09:59:29.660Z&quot;,
    &quot;deviceId&quot;: &quot;19786602&quot;,
    &quot;deviceName&quot;: &quot;m32sd11f&quot;,
    &quot;self&quot;: &quot;https://t493319102.eu-latest.cumulocity.com/devicecontrol/operations/19797895&quot;,
    &quot;id&quot;: &quot;19797895&quot;,
    &quot;status&quot;: &quot;PENDING&quot;,
    &quot;description&quot;: &quot;Apply software changes, triggered from PySys: [{'action': 'install', 'id': '5475369', 'name': 'asciijump', 'url': ' ', 'version': '::apt'}, {'action': 'install', 'id': '5474869', 'name': 'robotfindskitten', 'url': ' ', 'version': ' '}, {'action': 'install', 'id': '5475279', 'name': 'squirrel3', 'url': ' ', 'version': '3.1-8::apt'}, {'action': 'install', 'id': '5152439', 'name': 'rolldice', 'url': ' ', 'version': '1.16-1+b2'}, {'action': 'install', 'id': '5439204', 'name': 'moon-buggy', 'url': ' ', 'version': '1:1.0.51-13'}, {'action': 'install', 'id': '5475369', 'name': 'asciijump', 'url': ' ', 'version': '::apt'}]&quot;,
    &quot;c8y_SoftwareUpdate&quot;: [
        {
            &quot;name&quot;: &quot;asciijump&quot;,
            &quot;action&quot;: &quot;install&quot;,
            &quot;id&quot;: &quot;5475369&quot;,
            &quot;version&quot;: &quot;::apt&quot;,
            &quot;url&quot;: &quot; &quot;
        },
        {
            &quot;name&quot;: &quot;robotfindskitten&quot;,
            &quot;action&quot;: &quot;install&quot;,
            &quot;id&quot;: &quot;5474869&quot;,
            &quot;version&quot;: &quot; &quot;,
            &quot;url&quot;: &quot; &quot;
        },
        {
            &quot;name&quot;: &quot;squirrel3&quot;,
            &quot;action&quot;: &quot;install&quot;,
            &quot;id&quot;: &quot;5475279&quot;,
            &quot;version&quot;: &quot;3.1-8::apt&quot;,
            &quot;url&quot;: &quot; &quot;
        },
        {
            &quot;name&quot;: &quot;rolldice&quot;,
            &quot;action&quot;: &quot;install&quot;,
            &quot;id&quot;: &quot;5152439&quot;,
            &quot;version&quot;: &quot;1.16-1+b2&quot;,
            &quot;url&quot;: &quot; &quot;
        },
        {
            &quot;name&quot;: &quot;moon-buggy&quot;,
            &quot;action&quot;: &quot;install&quot;,
            &quot;id&quot;: &quot;5439204&quot;,
            &quot;version&quot;: &quot;1:1.0.51-13&quot;,
            &quot;url&quot;: &quot; &quot;
        },
        {
            &quot;name&quot;: &quot;asciijump&quot;,
            &quot;action&quot;: &quot;install&quot;,
            &quot;id&quot;: &quot;5475369&quot;,
            &quot;version&quot;: &quot;::apt&quot;,
            &quot;url&quot;: &quot; &quot;
        }
    ]
}
09:59:29 INFO  Started operation: {'creationTime': '2022-05-30T09:59:29.660Z', 'deviceId': '19786602', 'deviceName': 'm32sd11f', 'self': 'https://t493319102.eu-latest.cumulocity.com/devicecontrol/operations/19797895', 'id': '19797895', 'status': 'PENDING', 'description': &quot;Apply software changes, triggered from PySys: [{'action': 'install', 'id': '5475369', 'name': 'asciijump', 'url': ' ', 'version': '::apt'}, {'action': 'install', 'id': '5474869', 'name': 'robotfindskitten', 'url': ' ', 'version': ' '}, {'action': 'install', 'id': '5475279', 'name': 'squirrel3', 'url': ' ', 'version': '3.1-8::apt'}, {'action': 'install', 'id': '5152439', 'name': 'rolldice', 'url': ' ', 'version': '1.16-1+b2'}, {'action': 'install', 'id': '5439204', 'name': 'moon-buggy', 'url': ' ', 'version': '1:1.0.51-13'}, {'action': 'install', 'id': '5475369', 'name': 'asciijump', 'url': ' ', 'version': '::apt'}]&quot;, 'c8y_SoftwareUpdate': [{'name': 'asciijump', 'action': 'install', 'id': '5475369', 'version': '::apt', 'url': ' '}, {'name': 'robotfindskitten', 'action': 'install', 'id': '5474869', 'version': ' ', 'url': ' '}, {'name': 'squirrel3', 'action': 'install', 'id': '5475279', 'version': '3.1-8::apt', 'url': ' '}, {'name': 'rolldice', 'action': 'install', 'id': '5152439', 'version': '1.16-1+b2', 'url': ' '}, {'name': 'moon-buggy', 'action': 'install', 'id': '5439204', 'version': '1:1.0.51-13', 'url': ' '}, {'name': 'asciijump', 'action': 'install', 'id': '5475369', 'version': '::apt', 'url': ' '}]}
09:59:31 INFO  State of operation 19797895 : PENDING
09:59:34 INFO  State of operation 19797895 : EXECUTING
09:59:36 INFO  State of operation 19797895 : EXECUTING
09:59:38 INFO  State of operation 19797895 : EXECUTING
09:59:40 INFO  State of operation 19797895 : EXECUTING
09:59:43 INFO  State of operation 19797895 : EXECUTING
09:59:45 INFO  State of operation 19797895 : EXECUTING
09:59:48 INFO  State of operation 19797895 : EXECUTING
09:59:51 INFO  State of operation 19797895 : EXECUTING
09:59:53 INFO  State of operation 19797895 : EXECUTING
09:59:56 INFO  State of operation 19797895 : EXECUTING
09:59:58 INFO  State of operation 19797895 : EXECUTING
10:00:00 INFO  State of operation 19797895 : EXECUTING
10:00:02 INFO  State of operation 19797895 : EXECUTING
10:00:05 INFO  State of operation 19797895 : EXECUTING
10:00:07 INFO  State of operation 19797895 : EXECUTING
10:00:09 INFO  State of operation 19797895 : EXECUTING
10:00:12 INFO  State of operation 19797895 : EXECUTING
10:00:14 INFO  State of operation 19797895 : EXECUTING
10:00:16 INFO  State of operation 19797895 : EXECUTING
10:00:19 INFO  State of operation 19797895 : EXECUTING
10:00:22 INFO  State of operation 19797895 : EXECUTING
10:00:24 INFO  State of operation 19797895 : EXECUTING
10:00:26 INFO  State of operation 19797895 : EXECUTING
10:00:28 INFO  State of operation 19797895 : EXECUTING
10:00:31 INFO  State of operation 19797895 : EXECUTING
10:00:34 INFO  State of operation 19797895 : EXECUTING
10:00:37 INFO  State of operation 19797895 : EXECUTING
10:00:39 INFO  State of operation 19797895 : EXECUTING
10:00:41 INFO  State of operation 19797895 : EXECUTING
10:00:43 INFO  State of operation 19797895 : EXECUTING
10:00:45 INFO  State of operation 19797895 : EXECUTING
10:00:48 INFO  State of operation 19797895 : EXECUTING
10:00:50 INFO  State of operation 19797895 : EXECUTING
10:00:52 INFO  State of operation 19797895 : EXECUTING
10:00:54 INFO  State of operation 19797895 : EXECUTING
10:00:57 INFO  State of operation 19797895 : EXECUTING
10:00:59 INFO  State of operation 19797895 : EXECUTING
10:01:01 INFO  State of operation 19797895 : EXECUTING
10:01:03 INFO  State of operation 19797895 : EXECUTING
10:01:06 INFO  State of operation 19797895 : EXECUTING
10:01:08 INFO  State of operation 19797895 : EXECUTING
10:01:10 INFO  State of operation 19797895 : EXECUTING
10:01:13 INFO  State of operation 19797895 : EXECUTING
10:01:16 INFO  State of operation 19797895 : EXECUTING
10:01:18 INFO  State of operation 19797895 : EXECUTING
10:01:21 INFO  State of operation 19797895 : EXECUTING
10:01:23 INFO  State of operation 19797895 : EXECUTING
10:01:25 INFO  State of operation 19797895 : EXECUTING
10:01:27 INFO  State of operation 19797895 : EXECUTING
10:01:30 INFO  State of operation 19797895 : EXECUTING
10:01:32 INFO  State of operation 19797895 : EXECUTING
10:01:34 INFO  State of operation 19797895 : EXECUTING
10:01:36 INFO  State of operation 19797895 : EXECUTING
10:01:39 INFO  State of operation 19797895 : EXECUTING
10:01:41 INFO  State of operation 19797895 : EXECUTING
10:01:45 INFO  State of operation 19797895 : EXECUTING
10:01:47 INFO  State of operation 19797895 : EXECUTING
10:01:49 INFO  State of operation 19797895 : EXECUTING
10:01:51 INFO  State of operation 19797895 : EXECUTING
10:01:54 INFO  State of operation 19797895 : EXECUTING
10:01:56 WARN  SystemError occurred while running test - Timeout while waiting for status SUCCESSFUL or False
Traceback (most recent call last):
  File &quot;/home/pi/env-pysys/lib/python3.9/site-packages/pysys/baserunner.py&quot;, line 1294, in __call__
    self.testObj.execute()
  File &quot;/home/pi/actions-runner/_work/thin-edge.io/thin-edge.io/tests/PySys/software_management_end_to_end/sm_apt_install_remove_multiple_mixed/run.py&quot;, line 89, in execute
    self.wait_until_succcess()
  File &quot;/home/pi/actions-runner/_work/thin-edge.io/thin-edge.io/tests/PySys/software_management_end_to_end/environment_sm_management.py&quot;, line 324, in wait_until_succcess
    self.wait_until_status(&quot;SUCCESSFUL&quot;)
  File &quot;/home/pi/actions-runner/_work/thin-edge.io/thin-edge.io/tests/PySys/software_management_end_to_end/environment_sm_management.py&quot;, line 380, in wait_until_status
    raise SystemError(
SystemError: Timeout while waiting for status SUCCESSFUL or False
10:01:56 WARN  SystemError: Timeout while waiting for status SUCCESSFUL or False ... blocked 
10:01:56 INFO  
10:01:56 INFO  cleanup:
10:02:03 INFO  Executed sudo&lt;tedge_disconnect_c8y&gt;, exit status 0
10:02:03 INFO  Executed systemctl&lt;serv_mapper5&gt;, exit status 3
10:02:03 INFO  
10:02:03 INFO  Test duration: 184.21 secs
10:02:03 INFO  Test final outcome:  BLOCKED
10:02:03 INFO  Test outcome reason: SystemError: Timeout while waiting for status SUCCESSFUL or False
10:02:03 INFO  
</system-out>
	</testcase>
</testsuite>
