<?xml version="1.0" encoding="utf-8"?>
<testsuite name="apt_install" tests="1" failures="0" skipped="0" time="74.3" timestamp="2022-05-30T09:29:53">
	<testcase classname="AptPluginInstallDense" name="apt_install"/>
</testsuite>
