<?xml version="1.0" encoding="utf-8"?>
<testsuite name="apt_prepare" tests="1" failures="0" skipped="0" time="22.75" timestamp="2022-05-09T07:21:39">
	<testcase classname="AptPluginPrepare" name="apt_prepare"/>
</testsuite>
