<?xml version="1.0" encoding="utf-8"?>
<testsuite name="SoftwareManagement.sm_apt_install_remove_multiple" tests="1" failures="1" skipped="0" time="203.89" timestamp="2022-05-04T08:50:29">
	<testcase classname="PySysTest" name="SoftwareManagement.sm_apt_install_remove_multiple">
		<failure message="FAILED: Assert that (False == value) with value=True" type="FAILED"/>
		<system-out>08:47:05 INFO  ==============================================================
08:47:05 INFO  Id:    SoftwareManagement.sm_apt_install_remove_multiple
08:47:05 INFO  Dir:   software_management_end_to_end/
08:47:05 INFO  Title: Validate end to end behaviour for the apt plugin for multiple packages
08:47:05 INFO  ==============================================================
08:47:05 INFO  Using sw id database: {'asciijump': '5475369', 'robotfindskitten': '5474869', 'squirrel3': '5475279', 'rolldice': '5152439', 'moon-buggy': '5439204', 'apple': '5495053', 'banana': '5494888', 'cherry': '5495382', 'watermelon': '5494510', 'registry': '8018911', 'hello-world': '8021526', 'docker/getting-started': '8021973', 'alpine': '7991792'}
08:47:05 INFO  EnvironmentC8y Setup
08:47:06 INFO  Executed systemctl&lt;serv_mapper1&gt;, exit status 3
08:47:06 INFO  Restarting mosquitto too frequently in the last 10 seconds. It was only up for 6 seconds
08:47:06 INFO  Delaying execution by 5 seconds
08:47:28 INFO  Executed sudo&lt;tedge_connect_c8y&gt;, exit status 0, duration 17 secs
08:47:28 INFO  Executed sudo&lt;tedge_connect_c8y_test&gt;, exit status 0
08:47:29 INFO  Executed systemctl&lt;serv_mosq2&gt;, exit status 0
08:47:30 INFO  Executed systemctl&lt;serv_mapper3&gt;, exit status 0
08:47:32 INFO  State of current operation: SUCCESSFUL
08:47:32 INFO  Assert that (False == value) with value=False ... passed
08:47:32 INFO  Assert that (False == value) with value=False ... passed
08:47:33 INFO  Assert that (False == value) with value=False ... passed
08:47:33 INFO  Package robotfindskitten is installed
08:47:33 WARN  Assert that (False == value) with value=True ... failed 
08:47:33 INFO  Response status: 201
08:47:33 INFO  Response to action: {
    &quot;delivery&quot;: {
        &quot;time&quot;: &quot;2022-05-04T08:47:33.495Z&quot;,
        &quot;log&quot;: [],
        &quot;status&quot;: &quot;PENDING&quot;
    },
    &quot;creationTime&quot;: &quot;2022-05-04T08:47:33.482Z&quot;,
    &quot;deviceName&quot;: &quot;m32sd11f&quot;,
    &quot;deviceId&quot;: &quot;18336924&quot;,
    &quot;self&quot;: &quot;https://t493319102.eu-latest.cumulocity.com/devicecontrol/operations/18370024&quot;,
    &quot;id&quot;: &quot;18370024&quot;,
    &quot;status&quot;: &quot;PENDING&quot;,
    &quot;description&quot;: &quot;Apply software changes, triggered from PySys: [{'action': 'install', 'id': '5475369', 'name': 'asciijump', 'url': ' ', 'version': '::apt'}, {'action': 'install', 'id': '5474869', 'name': 'robotfindskitten', 'url': ' ', 'version': '::apt'}, {'action': 'install', 'id': '5475279', 'name': 'squirrel3', 'url': ' ', 'version': '::apt'}]&quot;,
    &quot;c8y_SoftwareUpdate&quot;: [
        {
            &quot;name&quot;: &quot;asciijump&quot;,
            &quot;action&quot;: &quot;install&quot;,
            &quot;id&quot;: &quot;5475369&quot;,
            &quot;version&quot;: &quot;::apt&quot;,
            &quot;url&quot;: &quot; &quot;
        },
        {
            &quot;name&quot;: &quot;robotfindskitten&quot;,
            &quot;action&quot;: &quot;install&quot;,
            &quot;id&quot;: &quot;5474869&quot;,
            &quot;version&quot;: &quot;::apt&quot;,
            &quot;url&quot;: &quot; &quot;
        },
        {
            &quot;name&quot;: &quot;squirrel3&quot;,
            &quot;action&quot;: &quot;install&quot;,
            &quot;id&quot;: &quot;5475279&quot;,
            &quot;version&quot;: &quot;::apt&quot;,
            &quot;url&quot;: &quot; &quot;
        }
    ]
}
08:47:33 INFO  Started operation: {'delivery': {'time': '2022-05-04T08:47:33.495Z', 'log': [], 'status': 'PENDING'}, 'creationTime': '2022-05-04T08:47:33.482Z', 'deviceName': 'm32sd11f', 'deviceId': '18336924', 'self': 'https://t493319102.eu-latest.cumulocity.com/devicecontrol/operations/18370024', 'id': '18370024', 'status': 'PENDING', 'description': &quot;Apply software changes, triggered from PySys: [{'action': 'install', 'id': '5475369', 'name': 'asciijump', 'url': ' ', 'version': '::apt'}, {'action': 'install', 'id': '5474869', 'name': 'robotfindskitten', 'url': ' ', 'version': '::apt'}, {'action': 'install', 'id': '5475279', 'name': 'squirrel3', 'url': ' ', 'version': '::apt'}]&quot;, 'c8y_SoftwareUpdate': [{'name': 'asciijump', 'action': 'install', 'id': '5475369', 'version': '::apt', 'url': ' '}, {'name': 'robotfindskitten', 'action': 'install', 'id': '5474869', 'version': '::apt', 'url': ' '}, {'name': 'squirrel3', 'action': 'install', 'id': '5475279', 'version': '::apt', 'url': ' '}]}
08:47:35 INFO  State of operation 18370024 : PENDING
08:47:37 INFO  State of operation 18370024 : EXECUTING
08:47:40 INFO  State of operation 18370024 : EXECUTING
08:47:42 INFO  State of operation 18370024 : EXECUTING
08:47:44 INFO  State of operation 18370024 : EXECUTING
08:47:46 INFO  State of operation 18370024 : EXECUTING
08:47:49 INFO  State of operation 18370024 : EXECUTING
08:47:51 INFO  State of operation 18370024 : EXECUTING
08:47:56 INFO  State of operation 18370024 : EXECUTING
08:47:58 INFO  State of operation 18370024 : EXECUTING
08:48:00 INFO  State of operation 18370024 : EXECUTING
08:48:03 INFO  State of operation 18370024 : EXECUTING
08:48:05 INFO  State of operation 18370024 : EXECUTING
08:48:07 INFO  State of operation 18370024 : EXECUTING
08:48:09 INFO  State of operation 18370024 : EXECUTING
08:48:12 INFO  State of operation 18370024 : EXECUTING
08:48:14 INFO  State of operation 18370024 : EXECUTING
08:48:16 INFO  State of operation 18370024 : EXECUTING
08:48:19 INFO  State of operation 18370024 : EXECUTING
08:48:21 INFO  State of operation 18370024 : EXECUTING
08:48:24 INFO  State of operation 18370024 : EXECUTING
08:48:26 INFO  State of operation 18370024 : EXECUTING
08:48:29 INFO  State of operation 18370024 : EXECUTING
08:48:31 INFO  State of operation 18370024 : EXECUTING
08:48:34 INFO  State of operation 18370024 : EXECUTING
08:48:36 INFO  State of operation 18370024 : EXECUTING
08:48:39 INFO  State of operation 18370024 : EXECUTING
08:48:41 INFO  State of operation 18370024 : EXECUTING
08:48:43 INFO  State of operation 18370024 : EXECUTING
08:48:46 INFO  State of operation 18370024 : EXECUTING
08:48:48 INFO  State of operation 18370024 : EXECUTING
08:48:51 INFO  State of operation 18370024 : EXECUTING
08:48:53 INFO  State of operation 18370024 : EXECUTING
08:48:56 INFO  State of operation 18370024 : EXECUTING
08:48:58 INFO  State of operation 18370024 : EXECUTING
08:49:00 INFO  State of operation 18370024 : EXECUTING
08:49:03 INFO  State of operation 18370024 : EXECUTING
08:49:05 INFO  State of operation 18370024 : SUCCESSFUL
08:49:05 INFO  Assert that (False == value) with value=False ... passed
08:49:05 INFO  Package asciijump is installed
08:49:05 INFO  Assert that (True == value) with value=True ... passed
08:49:06 INFO  Package squirrel3 is installed
08:49:06 INFO  Assert that (True == value) with value=True ... passed
08:49:06 INFO  Package robotfindskitten is installed
08:49:06 INFO  Assert that (True == value) with value=True ... passed
08:49:06 INFO  Response status: 201
08:49:06 INFO  Response to action: {
    &quot;delivery&quot;: {
        &quot;time&quot;: &quot;2022-05-04T08:49:06.482Z&quot;,
        &quot;log&quot;: [],
        &quot;status&quot;: &quot;PENDING&quot;
    },
    &quot;creationTime&quot;: &quot;2022-05-04T08:49:06.471Z&quot;,
    &quot;deviceName&quot;: &quot;m32sd11f&quot;,
    &quot;deviceId&quot;: &quot;18336924&quot;,
    &quot;self&quot;: &quot;https://t493319102.eu-latest.cumulocity.com/devicecontrol/operations/18370044&quot;,
    &quot;id&quot;: &quot;18370044&quot;,
    &quot;status&quot;: &quot;PENDING&quot;,
    &quot;description&quot;: &quot;Apply software changes, triggered from PySys: [{'action': 'delete', 'id': '5475369', 'name': 'asciijump', 'url': ' ', 'version': '::apt'}, {'action': 'delete', 'id': '5474869', 'name': 'robotfindskitten', 'url': ' ', 'version': '::apt'}, {'action': 'delete', 'id': '5475279', 'name': 'squirrel3', 'url': ' ', 'version': '::apt'}]&quot;,
    &quot;c8y_SoftwareUpdate&quot;: [
        {
            &quot;name&quot;: &quot;asciijump&quot;,
            &quot;action&quot;: &quot;delete&quot;,
            &quot;id&quot;: &quot;5475369&quot;,
            &quot;version&quot;: &quot;::apt&quot;,
            &quot;url&quot;: &quot; &quot;
        },
        {
            &quot;name&quot;: &quot;robotfindskitten&quot;,
            &quot;action&quot;: &quot;delete&quot;,
            &quot;id&quot;: &quot;5474869&quot;,
            &quot;version&quot;: &quot;::apt&quot;,
            &quot;url&quot;: &quot; &quot;
        },
        {
            &quot;name&quot;: &quot;squirrel3&quot;,
            &quot;action&quot;: &quot;delete&quot;,
            &quot;id&quot;: &quot;5475279&quot;,
            &quot;version&quot;: &quot;::apt&quot;,
            &quot;url&quot;: &quot; &quot;
        }
    ]
}
08:49:06 INFO  Started operation: {'delivery': {'time': '2022-05-04T08:49:06.482Z', 'log': [], 'status': 'PENDING'}, 'creationTime': '2022-05-04T08:49:06.471Z', 'deviceName': 'm32sd11f', 'deviceId': '18336924', 'self': 'https://t493319102.eu-latest.cumulocity.com/devicecontrol/operations/18370044', 'id': '18370044', 'status': 'PENDING', 'description': &quot;Apply software changes, triggered from PySys: [{'action': 'delete', 'id': '5475369', 'name': 'asciijump', 'url': ' ', 'version': '::apt'}, {'action': 'delete', 'id': '5474869', 'name': 'robotfindskitten', 'url': ' ', 'version': '::apt'}, {'action': 'delete', 'id': '5475279', 'name': 'squirrel3', 'url': ' ', 'version': '::apt'}]&quot;, 'c8y_SoftwareUpdate': [{'name': 'asciijump', 'action': 'delete', 'id': '5475369', 'version': '::apt', 'url': ' '}, {'name': 'robotfindskitten', 'action': 'delete', 'id': '5474869', 'version': '::apt', 'url': ' '}, {'name': 'squirrel3', 'action': 'delete', 'id': '5475279', 'version': '::apt', 'url': ' '}]}
08:49:08 INFO  State of operation 18370044 : PENDING
08:49:10 INFO  State of operation 18370044 : EXECUTING
08:49:13 INFO  State of operation 18370044 : EXECUTING
08:49:15 INFO  State of operation 18370044 : EXECUTING
08:49:17 INFO  State of operation 18370044 : EXECUTING
08:49:19 INFO  State of operation 18370044 : EXECUTING
08:49:22 INFO  State of operation 18370044 : EXECUTING
08:49:25 INFO  State of operation 18370044 : EXECUTING
08:49:28 INFO  State of operation 18370044 : EXECUTING
08:49:30 INFO  State of operation 18370044 : EXECUTING
08:49:33 INFO  State of operation 18370044 : EXECUTING
08:49:35 INFO  State of operation 18370044 : EXECUTING
08:49:37 INFO  State of operation 18370044 : EXECUTING
08:49:39 INFO  State of operation 18370044 : EXECUTING
08:49:42 INFO  State of operation 18370044 : EXECUTING
08:49:44 INFO  State of operation 18370044 : EXECUTING
08:49:46 INFO  State of operation 18370044 : EXECUTING
08:49:49 INFO  State of operation 18370044 : EXECUTING
08:49:51 INFO  State of operation 18370044 : EXECUTING
08:49:54 INFO  State of operation 18370044 : EXECUTING
08:49:56 INFO  State of operation 18370044 : EXECUTING
08:49:58 INFO  State of operation 18370044 : EXECUTING
08:50:01 INFO  State of operation 18370044 : EXECUTING
08:50:03 INFO  State of operation 18370044 : EXECUTING
08:50:05 INFO  State of operation 18370044 : EXECUTING
08:50:07 INFO  State of operation 18370044 : EXECUTING
08:50:10 INFO  State of operation 18370044 : EXECUTING
08:50:12 INFO  State of operation 18370044 : EXECUTING
08:50:15 INFO  State of operation 18370044 : EXECUTING
08:50:17 INFO  State of operation 18370044 : EXECUTING
08:50:19 INFO  State of operation 18370044 : EXECUTING
08:50:22 INFO  State of operation 18370044 : SUCCESSFUL
08:50:22 INFO  Assert that (False == value) with value=False ... passed
08:50:22 INFO  Assert that (False == value) with value=False ... passed
08:50:22 INFO  Assert that (False == value) with value=False ... passed
08:50:23 INFO  Assert that (False == value) with value=False ... passed
08:50:23 INFO  
08:50:23 INFO  cleanup:
08:50:28 INFO  Executed sudo&lt;tedge_disconnect_c8y&gt;, exit status 0
08:50:29 INFO  Executed systemctl&lt;serv_mapper5&gt;, exit status 3
08:50:29 INFO  
08:50:29 INFO  Test duration: 203.89 secs
08:50:29 INFO  Test final outcome:  FAILED
08:50:29 INFO  Test outcome reason: Assert that (False == value) with value=True
08:50:29 INFO  
</system-out>
	</testcase>
</testsuite>
