<?xml version="1.0" encoding="utf-8"?>
<testsuite name="apt_install_local_file_with_version_fail" tests="1" failures="0" skipped="0" time="32.86" timestamp="2022-05-02T15:32:16">
	<testcase classname="AptPluginInstallFromLocalFileWithVersionFail" name="apt_install_local_file_with_version_fail"/>
</testsuite>
