<?xml version="1.0" encoding="utf-8"?>
<testsuite failures="0" name="SoftwareManagement.Plugin.apama_plugin_update" skipped="1" tests="1" time="0.07" timestamp="2022-05-10T14:11:17">
	<testcase classname="ApamaPluginUpdateTest" name="SoftwareManagement.Plugin.apama_plugin_update">
		<skipped message="SKIPPED: Test execution disabled due to #1052"/>
		<system-out>14:11:17 INFO  ==============================================================
14:11:17 INFO  Id:    SoftwareManagement.Plugin.apama_plugin_update
14:11:17 INFO  Dir:   plugin_apama/
14:11:17 INFO  Title: Validate apama plugin updating one project with another
14:11:17 INFO  ==============================================================
14:11:17 INFO  Test execution disabled due to #1052 ... skipped
14:11:17 INFO  
14:11:17 INFO  Test duration: 0.07 secs
14:11:17 INFO  Test final outcome:  SKIPPED
14:11:17 INFO  Test outcome reason: Test execution disabled due to #1052
14:11:17 INFO  
</system-out>
	</testcase>
</testsuite>
