<?xml version="1.0" encoding="utf-8"?>
<testsuite failures="1" name="SoftwareManagement.sm_fake_install_remove" skipped="0" tests="1" time="165.92" timestamp="2022-04-19T14:50:28">
	<testcase classname="PySysTest" name="SoftwareManagement.sm_fake_install_remove">
		<failure message="BLOCKED: SystemError: Timeout while waiting for status FAILED or SUCCESSFUL" type="BLOCKED"/>
		<system-out>14:47:42 INFO  ==============================================================
14:47:42 INFO  Id:    SoftwareManagement.sm_fake_install_remove
14:47:42 INFO  Dir:   software_management_end_to_end/
14:47:42 INFO  Title: Validate end to end behaviour for the dummy plugin for installation and removal of packages
14:47:42 INFO  ==============================================================
14:47:42 INFO  Using sw id database: {'asciijump': '5475369', 'robotfindskitten': '5474869', 'squirrel3': '5475279', 'rolldice': '5152439', 'moon-buggy': '5439204', 'apple': '5495053', 'banana': '5494888', 'cherry': '5495382', 'watermelon': '5494510', 'registry': '8018911', 'hello-world': '8021526', 'docker/getting-started': '8021973', 'alpine': '7991792'}
14:47:42 INFO  EnvironmentC8y Setup
14:47:43 INFO  Executed systemctl&lt;serv_mapper1&gt;, exit status 3
14:47:43 INFO  Restarting mosquitto too frequently in the last 10 seconds. It was only up for 5 seconds
14:47:43 INFO  Delaying execution by 6 seconds
14:48:03 INFO  Executed sudo&lt;tedge_connect_c8y&gt;, exit status 0, duration 14 secs
14:48:04 INFO  Executed sudo&lt;tedge_connect_c8y_test&gt;, exit status 0
14:48:04 INFO  Executed systemctl&lt;serv_mosq2&gt;, exit status 0
14:48:05 INFO  Executed systemctl&lt;serv_mapper3&gt;, exit status 0
14:48:07 INFO  State of current operation: PENDING
14:48:09 INFO  State of current operation: PENDING
14:48:12 INFO  State of current operation: PENDING
14:48:14 INFO  State of current operation: PENDING
14:48:16 INFO  State of current operation: PENDING
14:48:18 INFO  State of current operation: PENDING
14:48:21 INFO  State of current operation: PENDING
14:48:23 INFO  State of current operation: PENDING
14:48:25 INFO  State of current operation: PENDING
14:48:27 INFO  State of current operation: PENDING
14:48:29 INFO  State of current operation: PENDING
14:48:32 INFO  State of current operation: PENDING
14:48:34 INFO  State of current operation: PENDING
14:48:36 INFO  State of current operation: PENDING
14:48:38 INFO  State of current operation: PENDING
14:48:41 INFO  State of current operation: PENDING
14:48:43 INFO  State of current operation: PENDING
14:48:45 INFO  State of current operation: PENDING
14:48:47 INFO  State of current operation: PENDING
14:48:50 INFO  State of current operation: PENDING
14:48:52 INFO  State of current operation: PENDING
14:48:54 INFO  State of current operation: PENDING
14:48:56 INFO  State of current operation: PENDING
14:48:59 INFO  State of current operation: PENDING
14:49:01 INFO  State of current operation: PENDING
14:49:03 INFO  State of current operation: PENDING
14:49:05 INFO  State of current operation: PENDING
14:49:07 INFO  State of current operation: PENDING
14:49:10 INFO  State of current operation: PENDING
14:49:12 INFO  State of current operation: PENDING
14:49:14 INFO  State of current operation: PENDING
14:49:16 INFO  State of current operation: PENDING
14:49:19 INFO  State of current operation: PENDING
14:49:21 INFO  State of current operation: PENDING
14:49:23 INFO  State of current operation: PENDING
14:49:25 INFO  State of current operation: PENDING
14:49:28 INFO  State of current operation: PENDING
14:49:30 INFO  State of current operation: PENDING
14:49:32 INFO  State of current operation: PENDING
14:49:34 INFO  State of current operation: PENDING
14:49:37 INFO  State of current operation: PENDING
14:49:39 INFO  State of current operation: PENDING
14:49:41 INFO  State of current operation: PENDING
14:49:43 INFO  State of current operation: PENDING
14:49:45 INFO  State of current operation: PENDING
14:49:48 INFO  State of current operation: PENDING
14:49:50 INFO  State of current operation: PENDING
14:49:52 INFO  State of current operation: PENDING
14:49:54 INFO  State of current operation: PENDING
14:49:57 INFO  State of current operation: PENDING
14:49:59 INFO  State of current operation: PENDING
14:50:01 INFO  State of current operation: PENDING
14:50:03 INFO  State of current operation: PENDING
14:50:06 INFO  State of current operation: PENDING
14:50:08 INFO  State of current operation: PENDING
14:50:10 INFO  State of current operation: PENDING
14:50:12 INFO  State of current operation: PENDING
14:50:15 INFO  State of current operation: PENDING
14:50:17 INFO  State of current operation: PENDING
14:50:19 INFO  State of current operation: PENDING
14:50:21 INFO  State of current operation: PENDING
14:50:23 WARN  SystemError occurred while running test - Timeout while waiting for status FAILED or SUCCESSFUL
Traceback (most recent call last):
  File &quot;/home/pi/env-pysys/lib/python3.7/site-packages/pysys/baserunner.py&quot;, line 1292, in __call__
    self.testObj.setup()
  File &quot;/home/pi/actions-runner/_work/thin-edge.io/thin-edge.io/tests/PySys/software_management_end_to_end/sm_fake_install_remove/run.py&quot;, line 38, in setup
    super().setup()
  File &quot;/home/pi/actions-runner/_work/thin-edge.io/thin-edge.io/tests/PySys/software_management_end_to_end/environment_sm_management.py&quot;, line 151, in setup
    self.wait_until_end()
  File &quot;/home/pi/actions-runner/_work/thin-edge.io/thin-edge.io/tests/PySys/software_management_end_to_end/environment_sm_management.py&quot;, line 332, in wait_until_end
    self.wait_until_status(&quot;FAILED&quot;, &quot;SUCCESSFUL&quot;)
  File &quot;/home/pi/actions-runner/_work/thin-edge.io/thin-edge.io/tests/PySys/software_management_end_to_end/environment_sm_management.py&quot;, line 381, in wait_until_status
    &quot;Timeout while waiting for status %s or %s&quot; % (status, status2)
SystemError: Timeout while waiting for status FAILED or SUCCESSFUL
14:50:23 WARN  SystemError: Timeout while waiting for status FAILED or SUCCESSFUL ... blocked 
14:50:23 INFO  
14:50:23 INFO  cleanup:
14:50:27 INFO  Executed sudo&lt;tedge_disconnect_c8y&gt;, exit status 0
14:50:28 INFO  Executed systemctl&lt;serv_mapper5&gt;, exit status 3
14:50:28 INFO  
14:50:28 INFO  Test duration: 165.92 secs
14:50:28 INFO  Test final outcome:  BLOCKED
14:50:28 INFO  Test outcome reason: SystemError: Timeout while waiting for status FAILED or SUCCESSFUL
14:50:28 INFO  
</system-out>
	</testcase>
</testsuite>
