<?xml version="1.0" encoding="utf-8"?>
<testsuite failures="1" name="SoftwareManagement.sm_apt_install_download_path" skipped="0" tests="1" time="188.57" timestamp="2022-04-19T14:28:19">
	<testcase classname="AptInstallWithDownloadPath" name="SoftwareManagement.sm_apt_install_download_path">
		<failure message="BLOCKED: SystemError: Timeout while waiting for status FAILED or SUCCESSFUL" type="BLOCKED"/>
		<system-out>14:25:11 INFO  ==============================================================
14:25:11 INFO  Id:    SoftwareManagement.sm_apt_install_download_path
14:25:11 INFO  Dir:   software_management_end_to_end/
14:25:11 INFO  Title: Install package to directory specified in tedge config set tmp.path
14:25:11 INFO  ==============================================================
14:25:12 INFO  Using sw id database: {'asciijump': '5475369', 'robotfindskitten': '5474869', 'squirrel3': '5475279', 'rolldice': '5152439', 'moon-buggy': '5439204', 'apple': '5495053', 'banana': '5494888', 'cherry': '5495382', 'watermelon': '5494510', 'registry': '8018911', 'hello-world': '8021526', 'docker/getting-started': '8021973', 'alpine': '7991792'}
14:25:12 INFO  EnvironmentC8y Setup
14:25:13 INFO  Executed systemctl&lt;serv_mapper1&gt;, exit status 3
14:25:27 INFO  Executed sudo&lt;tedge_connect_c8y&gt;, exit status 0, duration 14 secs
14:25:28 INFO  Executed sudo&lt;tedge_connect_c8y_test&gt;, exit status 0
14:25:28 INFO  Executed systemctl&lt;serv_mosq2&gt;, exit status 0
14:25:29 INFO  Executed systemctl&lt;serv_mapper3&gt;, exit status 0
14:25:31 INFO  State of current operation: PENDING
14:25:33 INFO  State of current operation: PENDING
14:25:36 INFO  State of current operation: PENDING
14:25:38 INFO  State of current operation: PENDING
14:25:40 INFO  State of current operation: PENDING
14:25:42 INFO  State of current operation: PENDING
14:25:45 INFO  State of current operation: PENDING
14:25:47 INFO  State of current operation: PENDING
14:25:49 INFO  State of current operation: PENDING
14:25:51 INFO  State of current operation: PENDING
14:25:54 INFO  State of current operation: PENDING
14:25:56 INFO  State of current operation: PENDING
14:25:58 INFO  State of current operation: PENDING
14:26:00 INFO  State of current operation: PENDING
14:26:02 INFO  State of current operation: PENDING
14:26:05 INFO  State of current operation: PENDING
14:26:07 INFO  State of current operation: PENDING
14:26:09 INFO  State of current operation: PENDING
14:26:11 INFO  State of current operation: PENDING
14:26:14 INFO  State of current operation: PENDING
14:26:16 INFO  State of current operation: PENDING
14:26:18 INFO  State of current operation: PENDING
14:26:20 INFO  State of current operation: PENDING
14:26:22 INFO  State of current operation: PENDING
14:26:25 INFO  State of current operation: PENDING
14:26:27 INFO  State of current operation: PENDING
14:26:29 INFO  State of current operation: PENDING
14:26:31 INFO  State of current operation: PENDING
14:26:34 INFO  State of current operation: PENDING
14:26:36 INFO  State of current operation: PENDING
14:26:38 INFO  State of current operation: PENDING
14:26:40 INFO  State of current operation: PENDING
14:26:43 INFO  State of current operation: PENDING
14:26:45 INFO  State of current operation: PENDING
14:26:47 INFO  State of current operation: PENDING
14:26:49 INFO  State of current operation: PENDING
14:26:52 INFO  State of current operation: PENDING
14:26:54 INFO  State of current operation: PENDING
14:26:56 INFO  State of current operation: PENDING
14:26:58 INFO  State of current operation: PENDING
14:27:01 INFO  State of current operation: PENDING
14:27:03 INFO  State of current operation: PENDING
14:27:05 INFO  State of current operation: PENDING
14:27:07 INFO  State of current operation: PENDING
14:27:09 INFO  State of current operation: PENDING
14:27:12 INFO  State of current operation: PENDING
14:27:14 INFO  State of current operation: PENDING
14:27:16 INFO  State of current operation: PENDING
14:27:18 INFO  State of current operation: PENDING
14:27:21 INFO  State of current operation: PENDING
14:27:23 INFO  State of current operation: PENDING
14:27:25 INFO  State of current operation: PENDING
14:27:27 INFO  State of current operation: PENDING
14:27:29 INFO  State of current operation: PENDING
14:27:32 INFO  State of current operation: PENDING
14:27:34 INFO  State of current operation: PENDING
14:27:36 INFO  State of current operation: PENDING
14:27:38 INFO  State of current operation: PENDING
14:27:41 INFO  State of current operation: PENDING
14:27:43 INFO  State of current operation: PENDING
14:27:45 INFO  State of current operation: PENDING
14:27:47 WARN  SystemError occurred while running test - Timeout while waiting for status FAILED or SUCCESSFUL
Traceback (most recent call last):
  File &quot;/home/pi/env-pysys/lib/python3.7/site-packages/pysys/baserunner.py&quot;, line 1292, in __call__
    self.testObj.setup()
  File &quot;/home/pi/actions-runner/_work/thin-edge.io/thin-edge.io/tests/PySys/software_management_end_to_end/sm_apt_install_download_path/run.py&quot;, line 48, in setup
    super().setup()
  File &quot;/home/pi/actions-runner/_work/thin-edge.io/thin-edge.io/tests/PySys/software_management_end_to_end/environment_sm_management.py&quot;, line 151, in setup
    self.wait_until_end()
  File &quot;/home/pi/actions-runner/_work/thin-edge.io/thin-edge.io/tests/PySys/software_management_end_to_end/environment_sm_management.py&quot;, line 332, in wait_until_end
    self.wait_until_status(&quot;FAILED&quot;, &quot;SUCCESSFUL&quot;)
  File &quot;/home/pi/actions-runner/_work/thin-edge.io/thin-edge.io/tests/PySys/software_management_end_to_end/environment_sm_management.py&quot;, line 381, in wait_until_status
    &quot;Timeout while waiting for status %s or %s&quot; % (status, status2)
SystemError: Timeout while waiting for status FAILED or SUCCESSFUL
14:27:47 WARN  SystemError: Timeout while waiting for status FAILED or SUCCESSFUL ... blocked 
14:27:47 INFO  
14:27:47 INFO  cleanup:
14:27:48 INFO  Executed sudo, exit status 0
14:27:48 INFO  Executed sudo, exit status 0
14:27:53 INFO  Executed sudo&lt;tedge_disconnect_c8y&gt;, exit status 0
14:27:53 INFO  Restarting mosquitto too frequently in the last 10 seconds. It was only up for 4 seconds
14:27:53 INFO  Delaying execution by 7 seconds
14:28:14 INFO  Executed sudo&lt;tedge_connect_c8y&gt;, exit status 0, duration 14 secs
14:28:19 INFO  Executed sudo&lt;tedge_disconnect_c8y&gt;, exit status 0
14:28:19 INFO  Executed systemctl&lt;serv_mapper5&gt;, exit status 3
14:28:19 INFO  
14:28:19 INFO  Test duration: 188.57 secs
14:28:19 INFO  Test final outcome:  BLOCKED
14:28:19 INFO  Test outcome reason: SystemError: Timeout while waiting for status FAILED or SUCCESSFUL
14:28:19 INFO  
</system-out>
	</testcase>
</testsuite>
