<?xml version="1.0" encoding="utf-8"?>
<testsuite failures="1" name="SoftwareManagement.sm_mixed_install_remove_multiple" skipped="0" tests="1" time="168.78" timestamp="2022-05-10T20:53:14">
	<testcase classname="PySysTest" name="SoftwareManagement.sm_mixed_install_remove_multiple">
		<failure message="FAILED: Assert that (False == value) with value=True" type="FAILED"/>
		<system-out>20:50:26 INFO  ==============================================================
20:50:26 INFO  Id:    SoftwareManagement.sm_mixed_install_remove_multiple
20:50:26 INFO  Dir:   software_management_end_to_end/
20:50:26 INFO  Title: Validate end to end behaviour for the dummy-plugin for multiple packages with mixed versions
20:50:26 INFO  ==============================================================
20:50:26 INFO  Using sw id database: {'asciijump': '5475369', 'robotfindskitten': '5474869', 'squirrel3': '5475279', 'rolldice': '5152439', 'moon-buggy': '5439204', 'apple': '5495053', 'banana': '5494888', 'cherry': '5495382', 'watermelon': '5494510', 'registry': '8018911', 'hello-world': '8021526', 'docker/getting-started': '8021973', 'alpine': '7991792'}
20:50:26 INFO  EnvironmentC8y Setup
20:50:26 INFO  Executed systemctl&lt;serv_mapper1&gt;, exit status 3
20:50:26 INFO  Restarting mosquitto too frequently in the last 10 seconds. It was only up for 4 seconds
20:50:26 INFO  Delaying execution by 7 seconds
20:50:48 INFO  Executed sudo&lt;tedge_connect_c8y&gt;, exit status 0, duration 14 secs
20:50:48 INFO  Executed sudo&lt;tedge_connect_c8y_test&gt;, exit status 0
20:50:49 INFO  Executed systemctl&lt;serv_mosq2&gt;, exit status 0
20:50:49 INFO  Executed systemctl&lt;serv_mapper3&gt;, exit status 0
20:50:52 INFO  State of current operation: SUCCESSFUL
20:50:52 INFO  Package apple is installed
20:50:52 INFO  Assert that (True == value) with value=True ... passed
20:50:52 INFO  Package banana is installed
20:50:52 INFO  Assert that (True == value) with value=True ... passed
20:50:52 INFO  Package cherry is installed
20:50:52 INFO  Assert that (True == value) with value=True ... passed
20:50:53 INFO  Package asciijump is installed
20:50:53 WARN  Assert that (False == value) with value=True ... failed 
20:50:53 INFO  Assert that (False == value) with value=False ... passed
20:50:53 INFO  Response status: 201
20:50:53 INFO  Response to action: {
    &quot;creationTime&quot;: &quot;2022-05-10T20:50:53.627Z&quot;,
    &quot;deviceName&quot;: &quot;mythicb&quot;,
    &quot;deviceId&quot;: &quot;18730395&quot;,
    &quot;self&quot;: &quot;https://t493319102.eu-latest.cumulocity.com/devicecontrol/operations/18752039&quot;,
    &quot;id&quot;: &quot;18752039&quot;,
    &quot;status&quot;: &quot;PENDING&quot;,
    &quot;description&quot;: &quot;Apply software changes, triggered from PySys: [{'action': 'install', 'id': '5495053', 'name': 'apple', 'url': ' ', 'version': '::fruits'}, {'action': 'install', 'id': '5494888', 'name': 'banana', 'url': ' ', 'version': '::fruits'}, {'action': 'install', 'id': '5475369', 'name': 'asciijump', 'url': ' ', 'version': '::apt'}, {'action': 'install', 'id': '5495382', 'name': 'cherry', 'url': ' ', 'version': '::fruits'}, {'action': 'install', 'id': '8018911', 'name': 'registry', 'url': ' ', 'version': '::docker'}]&quot;,
    &quot;c8y_SoftwareUpdate&quot;: [
        {
            &quot;name&quot;: &quot;apple&quot;,
            &quot;action&quot;: &quot;install&quot;,
            &quot;id&quot;: &quot;5495053&quot;,
            &quot;version&quot;: &quot;::fruits&quot;,
            &quot;url&quot;: &quot; &quot;
        },
        {
            &quot;name&quot;: &quot;banana&quot;,
            &quot;action&quot;: &quot;install&quot;,
            &quot;id&quot;: &quot;5494888&quot;,
            &quot;version&quot;: &quot;::fruits&quot;,
            &quot;url&quot;: &quot; &quot;
        },
        {
            &quot;name&quot;: &quot;asciijump&quot;,
            &quot;action&quot;: &quot;install&quot;,
            &quot;id&quot;: &quot;5475369&quot;,
            &quot;version&quot;: &quot;::apt&quot;,
            &quot;url&quot;: &quot; &quot;
        },
        {
            &quot;name&quot;: &quot;cherry&quot;,
            &quot;action&quot;: &quot;install&quot;,
            &quot;id&quot;: &quot;5495382&quot;,
            &quot;version&quot;: &quot;::fruits&quot;,
            &quot;url&quot;: &quot; &quot;
        },
        {
            &quot;name&quot;: &quot;registry&quot;,
            &quot;action&quot;: &quot;install&quot;,
            &quot;id&quot;: &quot;8018911&quot;,
            &quot;version&quot;: &quot;::docker&quot;,
            &quot;url&quot;: &quot; &quot;
        }
    ]
}
20:50:53 INFO  Started operation: {'creationTime': '2022-05-10T20:50:53.627Z', 'deviceName': 'mythicb', 'deviceId': '18730395', 'self': 'https://t493319102.eu-latest.cumulocity.com/devicecontrol/operations/18752039', 'id': '18752039', 'status': 'PENDING', 'description': &quot;Apply software changes, triggered from PySys: [{'action': 'install', 'id': '5495053', 'name': 'apple', 'url': ' ', 'version': '::fruits'}, {'action': 'install', 'id': '5494888', 'name': 'banana', 'url': ' ', 'version': '::fruits'}, {'action': 'install', 'id': '5475369', 'name': 'asciijump', 'url': ' ', 'version': '::apt'}, {'action': 'install', 'id': '5495382', 'name': 'cherry', 'url': ' ', 'version': '::fruits'}, {'action': 'install', 'id': '8018911', 'name': 'registry', 'url': ' ', 'version': '::docker'}]&quot;, 'c8y_SoftwareUpdate': [{'name': 'apple', 'action': 'install', 'id': '5495053', 'version': '::fruits', 'url': ' '}, {'name': 'banana', 'action': 'install', 'id': '5494888', 'version': '::fruits', 'url': ' '}, {'name': 'asciijump', 'action': 'install', 'id': '5475369', 'version': '::apt', 'url': ' '}, {'name': 'cherry', 'action': 'install', 'id': '5495382', 'version': '::fruits', 'url': ' '}, {'name': 'registry', 'action': 'install', 'id': '8018911', 'version': '::docker', 'url': ' '}]}
20:50:55 INFO  State of operation 18752039 : PENDING
20:50:58 INFO  State of operation 18752039 : EXECUTING
20:51:00 INFO  State of operation 18752039 : EXECUTING
20:51:02 INFO  State of operation 18752039 : EXECUTING
20:51:04 INFO  State of operation 18752039 : EXECUTING
20:51:07 INFO  State of operation 18752039 : EXECUTING
20:51:09 INFO  State of operation 18752039 : EXECUTING
20:51:12 INFO  State of operation 18752039 : EXECUTING
20:51:15 INFO  State of operation 18752039 : EXECUTING
20:51:17 INFO  State of operation 18752039 : EXECUTING
20:51:20 INFO  State of operation 18752039 : EXECUTING
20:51:22 INFO  State of operation 18752039 : EXECUTING
20:51:24 INFO  State of operation 18752039 : EXECUTING
20:51:26 INFO  State of operation 18752039 : EXECUTING
20:51:29 INFO  State of operation 18752039 : EXECUTING
20:51:31 INFO  State of operation 18752039 : EXECUTING
20:51:33 INFO  State of operation 18752039 : EXECUTING
20:51:35 INFO  State of operation 18752039 : EXECUTING
20:51:38 INFO  State of operation 18752039 : EXECUTING
20:51:41 INFO  State of operation 18752039 : EXECUTING
20:51:43 INFO  State of operation 18752039 : EXECUTING
20:51:46 INFO  State of operation 18752039 : EXECUTING
20:51:48 INFO  State of operation 18752039 : EXECUTING
20:51:50 INFO  State of operation 18752039 : EXECUTING
20:51:52 INFO  State of operation 18752039 : EXECUTING
20:51:54 INFO  State of operation 18752039 : SUCCESSFUL
20:51:55 INFO  Package apple is installed
20:51:55 INFO  Assert that (True == value) with value=True ... passed
20:51:55 INFO  Package banana is installed
20:51:55 INFO  Assert that (True == value) with value=True ... passed
20:51:55 INFO  Package cherry is installed
20:51:55 INFO  Assert that (True == value) with value=True ... passed
20:51:56 INFO  Package asciijump is installed
20:51:56 INFO  Assert that (True == value) with value=True ... passed
20:51:56 INFO  Package registry is installed
20:51:56 INFO  Assert that (True == value) with value=True ... passed
20:51:56 INFO  Response status: 201
20:51:56 INFO  Response to action: {
    &quot;creationTime&quot;: &quot;2022-05-10T20:51:56.438Z&quot;,
    &quot;deviceName&quot;: &quot;mythicb&quot;,
    &quot;deviceId&quot;: &quot;18730395&quot;,
    &quot;self&quot;: &quot;https://t493319102.eu-latest.cumulocity.com/devicecontrol/operations/18752060&quot;,
    &quot;id&quot;: &quot;18752060&quot;,
    &quot;status&quot;: &quot;PENDING&quot;,
    &quot;description&quot;: &quot;Apply software changes, triggered from PySys: [{'action': 'delete', 'id': '5495053', 'name': 'apple', 'url': ' ', 'version': '::fruits'}, {'action': 'delete', 'id': '5494888', 'name': 'banana', 'url': ' ', 'version': '::fruits'}, {'action': 'delete', 'id': '5475369', 'name': 'asciijump', 'url': ' ', 'version': '::apt'}, {'action': 'delete', 'id': '5495382', 'name': 'cherry', 'url': ' ', 'version': '::fruits'}, {'action': 'delete', 'id': '8018911', 'name': 'registry', 'url': ' ', 'version': '::docker'}]&quot;,
    &quot;c8y_SoftwareUpdate&quot;: [
        {
            &quot;name&quot;: &quot;apple&quot;,
            &quot;action&quot;: &quot;delete&quot;,
            &quot;id&quot;: &quot;5495053&quot;,
            &quot;version&quot;: &quot;::fruits&quot;,
            &quot;url&quot;: &quot; &quot;
        },
        {
            &quot;name&quot;: &quot;banana&quot;,
            &quot;action&quot;: &quot;delete&quot;,
            &quot;id&quot;: &quot;5494888&quot;,
            &quot;version&quot;: &quot;::fruits&quot;,
            &quot;url&quot;: &quot; &quot;
        },
        {
            &quot;name&quot;: &quot;asciijump&quot;,
            &quot;action&quot;: &quot;delete&quot;,
            &quot;id&quot;: &quot;5475369&quot;,
            &quot;version&quot;: &quot;::apt&quot;,
            &quot;url&quot;: &quot; &quot;
        },
        {
            &quot;name&quot;: &quot;cherry&quot;,
            &quot;action&quot;: &quot;delete&quot;,
            &quot;id&quot;: &quot;5495382&quot;,
            &quot;version&quot;: &quot;::fruits&quot;,
            &quot;url&quot;: &quot; &quot;
        },
        {
            &quot;name&quot;: &quot;registry&quot;,
            &quot;action&quot;: &quot;delete&quot;,
            &quot;id&quot;: &quot;8018911&quot;,
            &quot;version&quot;: &quot;::docker&quot;,
            &quot;url&quot;: &quot; &quot;
        }
    ]
}
20:51:56 INFO  Started operation: {'creationTime': '2022-05-10T20:51:56.438Z', 'deviceName': 'mythicb', 'deviceId': '18730395', 'self': 'https://t493319102.eu-latest.cumulocity.com/devicecontrol/operations/18752060', 'id': '18752060', 'status': 'PENDING', 'description': &quot;Apply software changes, triggered from PySys: [{'action': 'delete', 'id': '5495053', 'name': 'apple', 'url': ' ', 'version': '::fruits'}, {'action': 'delete', 'id': '5494888', 'name': 'banana', 'url': ' ', 'version': '::fruits'}, {'action': 'delete', 'id': '5475369', 'name': 'asciijump', 'url': ' ', 'version': '::apt'}, {'action': 'delete', 'id': '5495382', 'name': 'cherry', 'url': ' ', 'version': '::fruits'}, {'action': 'delete', 'id': '8018911', 'name': 'registry', 'url': ' ', 'version': '::docker'}]&quot;, 'c8y_SoftwareUpdate': [{'name': 'apple', 'action': 'delete', 'id': '5495053', 'version': '::fruits', 'url': ' '}, {'name': 'banana', 'action': 'delete', 'id': '5494888', 'version': '::fruits', 'url': ' '}, {'name': 'asciijump', 'action': 'delete', 'id': '5475369', 'version': '::apt', 'url': ' '}, {'name': 'cherry', 'action': 'delete', 'id': '5495382', 'version': '::fruits', 'url': ' '}, {'name': 'registry', 'action': 'delete', 'id': '8018911', 'version': '::docker', 'url': ' '}]}
20:51:58 INFO  State of operation 18752060 : PENDING
20:52:00 INFO  State of operation 18752060 : EXECUTING
20:52:03 INFO  State of operation 18752060 : EXECUTING
20:52:05 INFO  State of operation 18752060 : EXECUTING
20:52:07 INFO  State of operation 18752060 : EXECUTING
20:52:09 INFO  State of operation 18752060 : EXECUTING
20:52:12 INFO  State of operation 18752060 : EXECUTING
20:52:15 INFO  State of operation 18752060 : EXECUTING
20:52:17 INFO  State of operation 18752060 : EXECUTING
20:52:20 INFO  State of operation 18752060 : EXECUTING
20:52:22 INFO  State of operation 18752060 : EXECUTING
20:52:24 INFO  State of operation 18752060 : EXECUTING
20:52:27 INFO  State of operation 18752060 : EXECUTING
20:52:29 INFO  State of operation 18752060 : EXECUTING
20:52:31 INFO  State of operation 18752060 : EXECUTING
20:52:34 INFO  State of operation 18752060 : EXECUTING
20:52:38 INFO  State of operation 18752060 : EXECUTING
20:52:40 INFO  State of operation 18752060 : EXECUTING
20:52:43 INFO  State of operation 18752060 : EXECUTING
20:52:45 INFO  State of operation 18752060 : EXECUTING
20:52:47 INFO  State of operation 18752060 : EXECUTING
20:52:49 INFO  State of operation 18752060 : EXECUTING
20:52:52 INFO  State of operation 18752060 : EXECUTING
20:52:54 INFO  State of operation 18752060 : EXECUTING
20:52:57 INFO  State of operation 18752060 : EXECUTING
20:52:59 INFO  State of operation 18752060 : EXECUTING
20:53:01 INFO  State of operation 18752060 : EXECUTING
20:53:03 INFO  State of operation 18752060 : EXECUTING
20:53:06 INFO  State of operation 18752060 : EXECUTING
20:53:08 INFO  State of operation 18752060 : SUCCESSFUL
20:53:08 INFO  Package apple is installed
20:53:08 INFO  Assert that (True == value) with value=True ... passed
20:53:08 INFO  Package banana is installed
20:53:08 INFO  Assert that (True == value) with value=True ... passed
20:53:09 INFO  Package cherry is installed
20:53:09 INFO  Assert that (True == value) with value=True ... passed
20:53:09 INFO  Assert that (False == value) with value=False ... passed
20:53:09 INFO  Assert that (False == value) with value=False ... passed
20:53:09 INFO  
20:53:09 INFO  cleanup:
20:53:14 INFO  Executed sudo&lt;tedge_disconnect_c8y&gt;, exit status 0
20:53:14 INFO  Executed systemctl&lt;serv_mapper5&gt;, exit status 3
20:53:14 INFO  
20:53:14 INFO  Test duration: 168.78 secs
20:53:14 INFO  Test final outcome:  FAILED
20:53:14 INFO  Test outcome reason: Assert that (False == value) with value=True
20:53:14 INFO  
</system-out>
	</testcase>
</testsuite>
