<?xml version="1.0" encoding="utf-8"?>
<testsuite failures="1" name="SoftwareManagement.sm_apt_install_remove_multiple" skipped="0" tests="1" time="140.48" timestamp="2022-05-10T20:40:33">
	<testcase classname="PySysTest" name="SoftwareManagement.sm_apt_install_remove_multiple">
		<failure message="FAILED: Assert that (False == value) with value=True (+2 other failures)" type="FAILED"/>
		<system-out>20:38:12 INFO  ==============================================================
20:38:12 INFO  Id:    SoftwareManagement.sm_apt_install_remove_multiple
20:38:12 INFO  Dir:   software_management_end_to_end/
20:38:12 INFO  Title: Validate end to end behaviour for the apt plugin for multiple packages
20:38:12 INFO  ==============================================================
20:38:12 INFO  Using sw id database: {'asciijump': '5475369', 'robotfindskitten': '5474869', 'squirrel3': '5475279', 'rolldice': '5152439', 'moon-buggy': '5439204', 'apple': '5495053', 'banana': '5494888', 'cherry': '5495382', 'watermelon': '5494510', 'registry': '8018911', 'hello-world': '8021526', 'docker/getting-started': '8021973', 'alpine': '7991792'}
20:38:12 INFO  EnvironmentC8y Setup
20:38:13 INFO  Executed systemctl&lt;serv_mapper1&gt;, exit status 3
20:38:13 INFO  Restarting mosquitto too frequently in the last 10 seconds. It was only up for 4 seconds
20:38:13 INFO  Delaying execution by 7 seconds
20:38:34 INFO  Executed sudo&lt;tedge_connect_c8y&gt;, exit status 0, duration 14 secs
20:38:35 INFO  Executed sudo&lt;tedge_connect_c8y_test&gt;, exit status 0
20:38:36 INFO  Executed systemctl&lt;serv_mosq2&gt;, exit status 0
20:38:36 INFO  Executed systemctl&lt;serv_mapper3&gt;, exit status 0
20:38:38 INFO  State of current operation: SUCCESSFUL
20:38:38 INFO  Assert that (False == value) with value=False ... passed
20:38:39 INFO  Package asciijump is installed
20:38:39 WARN  Assert that (False == value) with value=True ... failed 
20:38:39 INFO  Package squirrel3 is installed
20:38:39 WARN  Assert that (False == value) with value=True ... failed 
20:38:39 INFO  Package robotfindskitten is installed
20:38:39 WARN  Assert that (False == value) with value=True ... failed 
20:38:40 INFO  Response status: 201
20:38:40 INFO  Response to action: {
    &quot;creationTime&quot;: &quot;2022-05-10T20:38:39.978Z&quot;,
    &quot;deviceName&quot;: &quot;mythicb&quot;,
    &quot;deviceId&quot;: &quot;18730395&quot;,
    &quot;self&quot;: &quot;https://t493319102.eu-latest.cumulocity.com/devicecontrol/operations/18751852&quot;,
    &quot;id&quot;: &quot;18751852&quot;,
    &quot;status&quot;: &quot;PENDING&quot;,
    &quot;description&quot;: &quot;Apply software changes, triggered from PySys: [{'action': 'install', 'id': '5475369', 'name': 'asciijump', 'url': ' ', 'version': '::apt'}, {'action': 'install', 'id': '5474869', 'name': 'robotfindskitten', 'url': ' ', 'version': '::apt'}, {'action': 'install', 'id': '5475279', 'name': 'squirrel3', 'url': ' ', 'version': '::apt'}]&quot;,
    &quot;c8y_SoftwareUpdate&quot;: [
        {
            &quot;name&quot;: &quot;asciijump&quot;,
            &quot;action&quot;: &quot;install&quot;,
            &quot;id&quot;: &quot;5475369&quot;,
            &quot;version&quot;: &quot;::apt&quot;,
            &quot;url&quot;: &quot; &quot;
        },
        {
            &quot;name&quot;: &quot;robotfindskitten&quot;,
            &quot;action&quot;: &quot;install&quot;,
            &quot;id&quot;: &quot;5474869&quot;,
            &quot;version&quot;: &quot;::apt&quot;,
            &quot;url&quot;: &quot; &quot;
        },
        {
            &quot;name&quot;: &quot;squirrel3&quot;,
            &quot;action&quot;: &quot;install&quot;,
            &quot;id&quot;: &quot;5475279&quot;,
            &quot;version&quot;: &quot;::apt&quot;,
            &quot;url&quot;: &quot; &quot;
        }
    ]
}
20:38:40 INFO  Started operation: {'creationTime': '2022-05-10T20:38:39.978Z', 'deviceName': 'mythicb', 'deviceId': '18730395', 'self': 'https://t493319102.eu-latest.cumulocity.com/devicecontrol/operations/18751852', 'id': '18751852', 'status': 'PENDING', 'description': &quot;Apply software changes, triggered from PySys: [{'action': 'install', 'id': '5475369', 'name': 'asciijump', 'url': ' ', 'version': '::apt'}, {'action': 'install', 'id': '5474869', 'name': 'robotfindskitten', 'url': ' ', 'version': '::apt'}, {'action': 'install', 'id': '5475279', 'name': 'squirrel3', 'url': ' ', 'version': '::apt'}]&quot;, 'c8y_SoftwareUpdate': [{'name': 'asciijump', 'action': 'install', 'id': '5475369', 'version': '::apt', 'url': ' '}, {'name': 'robotfindskitten', 'action': 'install', 'id': '5474869', 'version': '::apt', 'url': ' '}, {'name': 'squirrel3', 'action': 'install', 'id': '5475279', 'version': '::apt', 'url': ' '}]}
20:38:42 INFO  State of operation 18751852 : PENDING
20:38:44 INFO  State of operation 18751852 : EXECUTING
20:38:46 INFO  State of operation 18751852 : EXECUTING
20:38:48 INFO  State of operation 18751852 : EXECUTING
20:38:51 INFO  State of operation 18751852 : EXECUTING
20:38:53 INFO  State of operation 18751852 : EXECUTING
20:38:56 INFO  State of operation 18751852 : EXECUTING
20:38:59 INFO  State of operation 18751852 : EXECUTING
20:39:01 INFO  State of operation 18751852 : EXECUTING
20:39:04 INFO  State of operation 18751852 : EXECUTING
20:39:06 INFO  State of operation 18751852 : EXECUTING
20:39:08 INFO  State of operation 18751852 : EXECUTING
20:39:10 INFO  State of operation 18751852 : EXECUTING
20:39:13 INFO  State of operation 18751852 : EXECUTING
20:39:15 INFO  State of operation 18751852 : EXECUTING
20:39:17 INFO  State of operation 18751852 : SUCCESSFUL
20:39:17 INFO  Assert that (False == value) with value=False ... passed
20:39:18 INFO  Package asciijump is installed
20:39:18 INFO  Assert that (True == value) with value=True ... passed
20:39:18 INFO  Package squirrel3 is installed
20:39:18 INFO  Assert that (True == value) with value=True ... passed
20:39:18 INFO  Package robotfindskitten is installed
20:39:18 INFO  Assert that (True == value) with value=True ... passed
20:39:18 INFO  Response status: 201
20:39:18 INFO  Response to action: {
    &quot;creationTime&quot;: &quot;2022-05-10T20:39:18.673Z&quot;,
    &quot;deviceName&quot;: &quot;mythicb&quot;,
    &quot;deviceId&quot;: &quot;18730395&quot;,
    &quot;self&quot;: &quot;https://t493319102.eu-latest.cumulocity.com/devicecontrol/operations/18751870&quot;,
    &quot;id&quot;: &quot;18751870&quot;,
    &quot;status&quot;: &quot;PENDING&quot;,
    &quot;description&quot;: &quot;Apply software changes, triggered from PySys: [{'action': 'delete', 'id': '5475369', 'name': 'asciijump', 'url': ' ', 'version': '::apt'}, {'action': 'delete', 'id': '5474869', 'name': 'robotfindskitten', 'url': ' ', 'version': '::apt'}, {'action': 'delete', 'id': '5475279', 'name': 'squirrel3', 'url': ' ', 'version': '::apt'}]&quot;,
    &quot;c8y_SoftwareUpdate&quot;: [
        {
            &quot;name&quot;: &quot;asciijump&quot;,
            &quot;action&quot;: &quot;delete&quot;,
            &quot;id&quot;: &quot;5475369&quot;,
            &quot;version&quot;: &quot;::apt&quot;,
            &quot;url&quot;: &quot; &quot;
        },
        {
            &quot;name&quot;: &quot;robotfindskitten&quot;,
            &quot;action&quot;: &quot;delete&quot;,
            &quot;id&quot;: &quot;5474869&quot;,
            &quot;version&quot;: &quot;::apt&quot;,
            &quot;url&quot;: &quot; &quot;
        },
        {
            &quot;name&quot;: &quot;squirrel3&quot;,
            &quot;action&quot;: &quot;delete&quot;,
            &quot;id&quot;: &quot;5475279&quot;,
            &quot;version&quot;: &quot;::apt&quot;,
            &quot;url&quot;: &quot; &quot;
        }
    ]
}
20:39:18 INFO  Started operation: {'creationTime': '2022-05-10T20:39:18.673Z', 'deviceName': 'mythicb', 'deviceId': '18730395', 'self': 'https://t493319102.eu-latest.cumulocity.com/devicecontrol/operations/18751870', 'id': '18751870', 'status': 'PENDING', 'description': &quot;Apply software changes, triggered from PySys: [{'action': 'delete', 'id': '5475369', 'name': 'asciijump', 'url': ' ', 'version': '::apt'}, {'action': 'delete', 'id': '5474869', 'name': 'robotfindskitten', 'url': ' ', 'version': '::apt'}, {'action': 'delete', 'id': '5475279', 'name': 'squirrel3', 'url': ' ', 'version': '::apt'}]&quot;, 'c8y_SoftwareUpdate': [{'name': 'asciijump', 'action': 'delete', 'id': '5475369', 'version': '::apt', 'url': ' '}, {'name': 'robotfindskitten', 'action': 'delete', 'id': '5474869', 'version': '::apt', 'url': ' '}, {'name': 'squirrel3', 'action': 'delete', 'id': '5475279', 'version': '::apt', 'url': ' '}]}
20:39:20 INFO  State of operation 18751870 : PENDING
20:39:23 INFO  State of operation 18751870 : EXECUTING
20:39:25 INFO  State of operation 18751870 : EXECUTING
20:39:27 INFO  State of operation 18751870 : EXECUTING
20:39:29 INFO  State of operation 18751870 : EXECUTING
20:39:32 INFO  State of operation 18751870 : EXECUTING
20:39:34 INFO  State of operation 18751870 : EXECUTING
20:39:37 INFO  State of operation 18751870 : EXECUTING
20:39:40 INFO  State of operation 18751870 : EXECUTING
20:39:42 INFO  State of operation 18751870 : EXECUTING
20:39:45 INFO  State of operation 18751870 : EXECUTING
20:39:47 INFO  State of operation 18751870 : EXECUTING
20:39:49 INFO  State of operation 18751870 : EXECUTING
20:39:51 INFO  State of operation 18751870 : EXECUTING
20:39:54 INFO  State of operation 18751870 : EXECUTING
20:39:56 INFO  State of operation 18751870 : EXECUTING
20:39:58 INFO  State of operation 18751870 : EXECUTING
20:40:01 INFO  State of operation 18751870 : EXECUTING
20:40:04 INFO  State of operation 18751870 : EXECUTING
20:40:06 INFO  State of operation 18751870 : EXECUTING
20:40:09 INFO  State of operation 18751870 : EXECUTING
20:40:11 INFO  State of operation 18751870 : EXECUTING
20:40:13 INFO  State of operation 18751870 : EXECUTING
20:40:15 INFO  State of operation 18751870 : EXECUTING
20:40:18 INFO  State of operation 18751870 : EXECUTING
20:40:20 INFO  State of operation 18751870 : EXECUTING
20:40:23 INFO  State of operation 18751870 : EXECUTING
20:40:25 INFO  State of operation 18751870 : EXECUTING
20:40:27 INFO  State of operation 18751870 : SUCCESSFUL
20:40:28 INFO  Assert that (False == value) with value=False ... passed
20:40:28 INFO  Assert that (False == value) with value=False ... passed
20:40:28 INFO  Assert that (False == value) with value=False ... passed
20:40:28 INFO  Assert that (False == value) with value=False ... passed
20:40:28 INFO  
20:40:28 INFO  cleanup:
20:40:32 INFO  Executed sudo&lt;tedge_disconnect_c8y&gt;, exit status 0
20:40:33 INFO  Executed systemctl&lt;serv_mapper5&gt;, exit status 3
20:40:33 INFO  
20:40:33 INFO  Test duration: 140.48 secs
20:40:33 INFO  Test final outcome:  FAILED
20:40:33 INFO  Test outcome reason: Assert that (False == value) with value=True (+2 other failures)
20:40:33 INFO  
</system-out>
	</testcase>
</testsuite>
