<?xml version="1.0" encoding="utf-8"?>
<testsuite failures="1" name="SoftwareManagement.sm_docker_install_remove_multiple" skipped="0" tests="1" time="49.21" timestamp="2022-05-23T10:33:28">
	<testcase classname="SMDockerInstallRemove" name="SoftwareManagement.sm_docker_install_remove_multiple">
		<failure message="BLOCKED: SystemError: The operation has failed" type="BLOCKED"/>
		<system-out>10:32:39 INFO  ==============================================================
10:32:39 INFO  Id:    SoftwareManagement.sm_docker_install_remove_multiple
10:32:39 INFO  Dir:   software_management_end_to_end/
10:32:39 INFO  Title: Validate end to end behaviour for the docker plugin for multiple docker images with mixed versions
10:32:39 INFO  ==============================================================
10:32:39 INFO  Using sw id database: {'asciijump': '5475369', 'robotfindskitten': '5474869', 'squirrel3': '5475279', 'rolldice': '5152439', 'moon-buggy': '5439204', 'apple': '5495053', 'banana': '5494888', 'cherry': '5495382', 'watermelon': '5494510', 'registry': '8018911', 'hello-world': '8021526', 'docker/getting-started': '8021973', 'alpine': '7991792'}
10:32:39 INFO  EnvironmentC8y Setup
10:32:39 INFO  Executed systemctl&lt;serv_mapper1&gt;, exit status 3
10:32:39 INFO  Restarting mosquitto too frequently in the last 10 seconds. It was only up for 4 seconds
10:32:39 INFO  Delaying execution by 7 seconds
10:33:01 INFO  Executed sudo&lt;tedge_connect_c8y&gt;, exit status 0, duration 14 secs
10:33:01 INFO  Executed sudo&lt;tedge_connect_c8y_test&gt;, exit status 0
10:33:02 INFO  Executed systemctl&lt;serv_mosq2&gt;, exit status 0
10:33:02 INFO  Executed systemctl&lt;serv_mapper3&gt;, exit status 0
10:33:04 INFO  State of current operation: SUCCESSFUL
10:33:05 INFO  Response status: 201
10:33:05 INFO  Response to action: {
    &quot;creationTime&quot;: &quot;2022-05-23T10:33:05.172Z&quot;,
    &quot;deviceId&quot;: &quot;19484862&quot;,
    &quot;deviceName&quot;: &quot;mythicb&quot;,
    &quot;self&quot;: &quot;https://t493319102.eu-latest.cumulocity.com/devicecontrol/operations/19512904&quot;,
    &quot;id&quot;: &quot;19512904&quot;,
    &quot;status&quot;: &quot;PENDING&quot;,
    &quot;description&quot;: &quot;Apply software changes, triggered from PySys: [{'action': 'install', 'id': '8021526', 'name': 'hello-world', 'url': '', 'version': '::docker'}, {'action': 'install', 'id': '8018911', 'name': 'registry', 'url': '', 'version': '2.6.2::docker'}]&quot;,
    &quot;c8y_SoftwareUpdate&quot;: [
        {
            &quot;name&quot;: &quot;hello-world&quot;,
            &quot;action&quot;: &quot;install&quot;,
            &quot;id&quot;: &quot;8021526&quot;,
            &quot;version&quot;: &quot;::docker&quot;,
            &quot;url&quot;: &quot;&quot;
        },
        {
            &quot;name&quot;: &quot;registry&quot;,
            &quot;action&quot;: &quot;install&quot;,
            &quot;id&quot;: &quot;8018911&quot;,
            &quot;version&quot;: &quot;2.6.2::docker&quot;,
            &quot;url&quot;: &quot;&quot;
        }
    ]
}
10:33:05 INFO  Started operation: {'creationTime': '2022-05-23T10:33:05.172Z', 'deviceId': '19484862', 'deviceName': 'mythicb', 'self': 'https://t493319102.eu-latest.cumulocity.com/devicecontrol/operations/19512904', 'id': '19512904', 'status': 'PENDING', 'description': &quot;Apply software changes, triggered from PySys: [{'action': 'install', 'id': '8021526', 'name': 'hello-world', 'url': '', 'version': '::docker'}, {'action': 'install', 'id': '8018911', 'name': 'registry', 'url': '', 'version': '2.6.2::docker'}]&quot;, 'c8y_SoftwareUpdate': [{'name': 'hello-world', 'action': 'install', 'id': '8021526', 'version': '::docker', 'url': ''}, {'name': 'registry', 'action': 'install', 'id': '8018911', 'version': '2.6.2::docker', 'url': ''}]}
10:33:07 INFO  State of operation 19512904 : PENDING
10:33:09 INFO  State of operation 19512904 : EXECUTING
10:33:11 INFO  State of operation 19512904 : EXECUTING
10:33:14 INFO  State of operation 19512904 : EXECUTING
10:33:16 INFO  State of operation 19512904 : EXECUTING
10:33:18 INFO  State of operation 19512904 : EXECUTING
10:33:21 INFO  State of operation 19512904 : EXECUTING
10:33:23 INFO  State of operation 19512904 : FAILED
10:33:23 ERROR Stopping as the operation has failed
10:33:23 WARN  SystemError occurred while running test - The operation has failed
Traceback (most recent call last):
  File &quot;/home/pi/env-pysys/lib/python3.7/site-packages/pysys/baserunner.py&quot;, line 1292, in __call__
    self.testObj.setup()
  File &quot;/home/pi/actions-runner/_work/thin-edge.io/thin-edge.io/tests/PySys/software_management_end_to_end/sm_docker_install_remove_multiple/run.py&quot;, line 55, in setup
    self.wait_until_succcess()
  File &quot;/home/pi/actions-runner/_work/thin-edge.io/thin-edge.io/tests/PySys/software_management_end_to_end/environment_sm_management.py&quot;, line 324, in wait_until_succcess
    self.wait_until_status(&quot;SUCCESSFUL&quot;)
  File &quot;/home/pi/actions-runner/_work/thin-edge.io/thin-edge.io/tests/PySys/software_management_end_to_end/environment_sm_management.py&quot;, line 361, in wait_until_status
    raise SystemError(&quot;The operation has failed&quot;)
SystemError: The operation has failed
10:33:23 WARN  SystemError: The operation has failed ... blocked 
10:33:23 INFO  
10:33:23 INFO  cleanup:
10:33:27 INFO  Executed sudo&lt;tedge_disconnect_c8y&gt;, exit status 0
10:33:28 INFO  Executed systemctl&lt;serv_mapper5&gt;, exit status 3
10:33:28 INFO  
10:33:28 INFO  Test duration: 49.21 secs
10:33:28 INFO  Test final outcome:  BLOCKED
10:33:28 INFO  Test outcome reason: SystemError: The operation has failed
10:33:28 INFO  
</system-out>
	</testcase>
</testsuite>
