<?xml version="1.0" encoding="utf-8"?>
<testsuite failures="1" name="SoftwareManagement.sm_apt_install_remove_multiple" skipped="0" tests="1" time="140.74" timestamp="2022-05-30T10:20:14">
	<testcase classname="PySysTest" name="SoftwareManagement.sm_apt_install_remove_multiple">
		<failure message="FAILED: Assert that (False == value) with value=True (+2 other failures)" type="FAILED"/>
		<system-out>10:17:53 INFO  ==============================================================
10:17:53 INFO  Id:    SoftwareManagement.sm_apt_install_remove_multiple
10:17:53 INFO  Dir:   software_management_end_to_end/
10:17:53 INFO  Title: Validate end to end behaviour for the apt plugin for multiple packages
10:17:53 INFO  ==============================================================
10:17:53 INFO  Using sw id database: {'asciijump': '5475369', 'robotfindskitten': '5474869', 'squirrel3': '5475279', 'rolldice': '5152439', 'moon-buggy': '5439204', 'apple': '5495053', 'banana': '5494888', 'cherry': '5495382', 'watermelon': '5494510', 'registry': '8018911', 'hello-world': '8021526', 'docker/getting-started': '8021973', 'alpine': '7991792'}
10:17:53 INFO  EnvironmentC8y Setup
10:17:54 INFO  Executed systemctl&lt;serv_mapper1&gt;, exit status 3
10:17:54 INFO  Restarting mosquitto too frequently in the last 10 seconds. It was only up for 5 seconds
10:17:54 INFO  Delaying execution by 6 seconds
10:18:14 INFO  Executed sudo&lt;tedge_connect_c8y&gt;, exit status 0, duration 14 secs
10:18:15 INFO  Executed sudo&lt;tedge_connect_c8y_test&gt;, exit status 0
10:18:15 INFO  Executed systemctl&lt;serv_mosq2&gt;, exit status 0
10:18:16 INFO  Executed systemctl&lt;serv_mapper3&gt;, exit status 0
10:18:18 INFO  State of current operation: SUCCESSFUL
10:18:18 INFO  Assert that (False == value) with value=False ... passed
10:18:18 INFO  Package asciijump is installed
10:18:18 WARN  Assert that (False == value) with value=True ... failed 
10:18:19 INFO  Package squirrel3 is installed
10:18:19 WARN  Assert that (False == value) with value=True ... failed 
10:18:19 INFO  Package robotfindskitten is installed
10:18:19 WARN  Assert that (False == value) with value=True ... failed 
10:18:19 INFO  Response status: 201
10:18:19 INFO  Response to action: {
    &quot;delivery&quot;: {
        &quot;log&quot;: [],
        &quot;time&quot;: &quot;2022-05-30T10:18:19.804Z&quot;,
        &quot;status&quot;: &quot;PENDING&quot;
    },
    &quot;creationTime&quot;: &quot;2022-05-30T10:18:19.772Z&quot;,
    &quot;deviceId&quot;: &quot;19787672&quot;,
    &quot;deviceName&quot;: &quot;mythicb&quot;,
    &quot;self&quot;: &quot;https://t493319102.eu-latest.cumulocity.com/devicecontrol/operations/19798040&quot;,
    &quot;id&quot;: &quot;19798040&quot;,
    &quot;status&quot;: &quot;PENDING&quot;,
    &quot;description&quot;: &quot;Apply software changes, triggered from PySys: [{'action': 'install', 'id': '5475369', 'name': 'asciijump', 'url': ' ', 'version': '::apt'}, {'action': 'install', 'id': '5474869', 'name': 'robotfindskitten', 'url': ' ', 'version': '::apt'}, {'action': 'install', 'id': '5475279', 'name': 'squirrel3', 'url': ' ', 'version': '::apt'}]&quot;,
    &quot;c8y_SoftwareUpdate&quot;: [
        {
            &quot;name&quot;: &quot;asciijump&quot;,
            &quot;action&quot;: &quot;install&quot;,
            &quot;id&quot;: &quot;5475369&quot;,
            &quot;version&quot;: &quot;::apt&quot;,
            &quot;url&quot;: &quot; &quot;
        },
        {
            &quot;name&quot;: &quot;robotfindskitten&quot;,
            &quot;action&quot;: &quot;install&quot;,
            &quot;id&quot;: &quot;5474869&quot;,
            &quot;version&quot;: &quot;::apt&quot;,
            &quot;url&quot;: &quot; &quot;
        },
        {
            &quot;name&quot;: &quot;squirrel3&quot;,
            &quot;action&quot;: &quot;install&quot;,
            &quot;id&quot;: &quot;5475279&quot;,
            &quot;version&quot;: &quot;::apt&quot;,
            &quot;url&quot;: &quot; &quot;
        }
    ]
}
10:18:19 INFO  Started operation: {'delivery': {'log': [], 'time': '2022-05-30T10:18:19.804Z', 'status': 'PENDING'}, 'creationTime': '2022-05-30T10:18:19.772Z', 'deviceId': '19787672', 'deviceName': 'mythicb', 'self': 'https://t493319102.eu-latest.cumulocity.com/devicecontrol/operations/19798040', 'id': '19798040', 'status': 'PENDING', 'description': &quot;Apply software changes, triggered from PySys: [{'action': 'install', 'id': '5475369', 'name': 'asciijump', 'url': ' ', 'version': '::apt'}, {'action': 'install', 'id': '5474869', 'name': 'robotfindskitten', 'url': ' ', 'version': '::apt'}, {'action': 'install', 'id': '5475279', 'name': 'squirrel3', 'url': ' ', 'version': '::apt'}]&quot;, 'c8y_SoftwareUpdate': [{'name': 'asciijump', 'action': 'install', 'id': '5475369', 'version': '::apt', 'url': ' '}, {'name': 'robotfindskitten', 'action': 'install', 'id': '5474869', 'version': '::apt', 'url': ' '}, {'name': 'squirrel3', 'action': 'install', 'id': '5475279', 'version': '::apt', 'url': ' '}]}
10:18:22 INFO  State of operation 19798040 : PENDING
10:18:24 INFO  State of operation 19798040 : EXECUTING
10:18:26 INFO  State of operation 19798040 : EXECUTING
10:18:28 INFO  State of operation 19798040 : EXECUTING
10:18:30 INFO  State of operation 19798040 : EXECUTING
10:18:33 INFO  State of operation 19798040 : EXECUTING
10:18:36 INFO  State of operation 19798040 : EXECUTING
10:18:38 INFO  State of operation 19798040 : EXECUTING
10:18:41 INFO  State of operation 19798040 : EXECUTING
10:18:43 INFO  State of operation 19798040 : EXECUTING
10:18:45 INFO  State of operation 19798040 : EXECUTING
10:18:47 INFO  State of operation 19798040 : EXECUTING
10:18:50 INFO  State of operation 19798040 : EXECUTING
10:18:52 INFO  State of operation 19798040 : EXECUTING
10:18:54 INFO  State of operation 19798040 : EXECUTING
10:18:56 INFO  State of operation 19798040 : SUCCESSFUL
10:18:56 INFO  Assert that (False == value) with value=False ... passed
10:18:57 INFO  Package asciijump is installed
10:18:57 INFO  Assert that (True == value) with value=True ... passed
10:18:57 INFO  Package squirrel3 is installed
10:18:57 INFO  Assert that (True == value) with value=True ... passed
10:18:57 INFO  Package robotfindskitten is installed
10:18:57 INFO  Assert that (True == value) with value=True ... passed
10:18:57 INFO  Response status: 201
10:18:57 INFO  Response to action: {
    &quot;delivery&quot;: {
        &quot;log&quot;: [],
        &quot;time&quot;: &quot;2022-05-30T10:18:57.881Z&quot;,
        &quot;status&quot;: &quot;PENDING&quot;
    },
    &quot;creationTime&quot;: &quot;2022-05-30T10:18:57.864Z&quot;,
    &quot;deviceId&quot;: &quot;19787672&quot;,
    &quot;deviceName&quot;: &quot;mythicb&quot;,
    &quot;self&quot;: &quot;https://t493319102.eu-latest.cumulocity.com/devicecontrol/operations/19798055&quot;,
    &quot;id&quot;: &quot;19798055&quot;,
    &quot;status&quot;: &quot;PENDING&quot;,
    &quot;description&quot;: &quot;Apply software changes, triggered from PySys: [{'action': 'delete', 'id': '5475369', 'name': 'asciijump', 'url': ' ', 'version': '::apt'}, {'action': 'delete', 'id': '5474869', 'name': 'robotfindskitten', 'url': ' ', 'version': '::apt'}, {'action': 'delete', 'id': '5475279', 'name': 'squirrel3', 'url': ' ', 'version': '::apt'}]&quot;,
    &quot;c8y_SoftwareUpdate&quot;: [
        {
            &quot;name&quot;: &quot;asciijump&quot;,
            &quot;action&quot;: &quot;delete&quot;,
            &quot;id&quot;: &quot;5475369&quot;,
            &quot;version&quot;: &quot;::apt&quot;,
            &quot;url&quot;: &quot; &quot;
        },
        {
            &quot;name&quot;: &quot;robotfindskitten&quot;,
            &quot;action&quot;: &quot;delete&quot;,
            &quot;id&quot;: &quot;5474869&quot;,
            &quot;version&quot;: &quot;::apt&quot;,
            &quot;url&quot;: &quot; &quot;
        },
        {
            &quot;name&quot;: &quot;squirrel3&quot;,
            &quot;action&quot;: &quot;delete&quot;,
            &quot;id&quot;: &quot;5475279&quot;,
            &quot;version&quot;: &quot;::apt&quot;,
            &quot;url&quot;: &quot; &quot;
        }
    ]
}
10:18:57 INFO  Started operation: {'delivery': {'log': [], 'time': '2022-05-30T10:18:57.881Z', 'status': 'PENDING'}, 'creationTime': '2022-05-30T10:18:57.864Z', 'deviceId': '19787672', 'deviceName': 'mythicb', 'self': 'https://t493319102.eu-latest.cumulocity.com/devicecontrol/operations/19798055', 'id': '19798055', 'status': 'PENDING', 'description': &quot;Apply software changes, triggered from PySys: [{'action': 'delete', 'id': '5475369', 'name': 'asciijump', 'url': ' ', 'version': '::apt'}, {'action': 'delete', 'id': '5474869', 'name': 'robotfindskitten', 'url': ' ', 'version': '::apt'}, {'action': 'delete', 'id': '5475279', 'name': 'squirrel3', 'url': ' ', 'version': '::apt'}]&quot;, 'c8y_SoftwareUpdate': [{'name': 'asciijump', 'action': 'delete', 'id': '5475369', 'version': '::apt', 'url': ' '}, {'name': 'robotfindskitten', 'action': 'delete', 'id': '5474869', 'version': '::apt', 'url': ' '}, {'name': 'squirrel3', 'action': 'delete', 'id': '5475279', 'version': '::apt', 'url': ' '}]}
10:19:00 INFO  State of operation 19798055 : PENDING
10:19:02 INFO  State of operation 19798055 : EXECUTING
10:19:04 INFO  State of operation 19798055 : EXECUTING
10:19:06 INFO  State of operation 19798055 : EXECUTING
10:19:09 INFO  State of operation 19798055 : EXECUTING
10:19:11 INFO  State of operation 19798055 : EXECUTING
10:19:14 INFO  State of operation 19798055 : EXECUTING
10:19:16 INFO  State of operation 19798055 : EXECUTING
10:19:19 INFO  State of operation 19798055 : EXECUTING
10:19:21 INFO  State of operation 19798055 : EXECUTING
10:19:23 INFO  State of operation 19798055 : EXECUTING
10:19:25 INFO  State of operation 19798055 : EXECUTING
10:19:28 INFO  State of operation 19798055 : EXECUTING
10:19:30 INFO  State of operation 19798055 : EXECUTING
10:19:32 INFO  State of operation 19798055 : EXECUTING
10:19:35 INFO  State of operation 19798055 : EXECUTING
10:19:37 INFO  State of operation 19798055 : EXECUTING
10:19:39 INFO  State of operation 19798055 : EXECUTING
10:19:42 INFO  State of operation 19798055 : EXECUTING
10:19:45 INFO  State of operation 19798055 : EXECUTING
10:19:47 INFO  State of operation 19798055 : EXECUTING
10:19:49 INFO  State of operation 19798055 : EXECUTING
10:19:51 INFO  State of operation 19798055 : EXECUTING
10:19:54 INFO  State of operation 19798055 : EXECUTING
10:19:56 INFO  State of operation 19798055 : EXECUTING
10:19:59 INFO  State of operation 19798055 : EXECUTING
10:20:01 INFO  State of operation 19798055 : EXECUTING
10:20:04 INFO  State of operation 19798055 : EXECUTING
10:20:06 INFO  State of operation 19798055 : EXECUTING
10:20:08 INFO  State of operation 19798055 : SUCCESSFUL
10:20:09 INFO  Assert that (False == value) with value=False ... passed
10:20:09 INFO  Assert that (False == value) with value=False ... passed
10:20:09 INFO  Assert that (False == value) with value=False ... passed
10:20:09 INFO  Assert that (False == value) with value=False ... passed
10:20:09 INFO  
10:20:09 INFO  cleanup:
10:20:13 INFO  Executed sudo&lt;tedge_disconnect_c8y&gt;, exit status 0
10:20:14 INFO  Executed systemctl&lt;serv_mapper5&gt;, exit status 3
10:20:14 INFO  
10:20:14 INFO  Test duration: 140.74 secs
10:20:14 INFO  Test final outcome:  FAILED
10:20:14 INFO  Test outcome reason: Assert that (False == value) with value=True (+2 other failures)
10:20:14 INFO  
</system-out>
	</testcase>
</testsuite>
