<?xml version="1.0" encoding="utf-8"?>
<testsuite failures="1" name="SoftwareManagement.sm_apt_install_remove_multiple_mixed" skipped="0" tests="1" time="180.34" timestamp="2022-04-21T14:50:58">
	<testcase classname="PySysTest" name="SoftwareManagement.sm_apt_install_remove_multiple_mixed">
		<failure message="BLOCKED: SystemError: Timeout while waiting for status SUCCESSFUL or False (+1 other failures)" type="BLOCKED"/>
		<system-out>14:47:57 INFO  ==============================================================
14:47:57 INFO  Id:    SoftwareManagement.sm_apt_install_remove_multiple_mixed
14:47:57 INFO  Dir:   software_management_end_to_end/
14:47:57 INFO  Title: Validate end to end behaviour for the apt plugin for multiple packages with mixed versions
14:47:57 INFO  ==============================================================
14:47:57 INFO  Using sw id database: {'asciijump': '5475369', 'robotfindskitten': '5474869', 'squirrel3': '5475279', 'rolldice': '5152439', 'moon-buggy': '5439204', 'apple': '5495053', 'banana': '5494888', 'cherry': '5495382', 'watermelon': '5494510', 'registry': '8018911', 'hello-world': '8021526', 'docker/getting-started': '8021973', 'alpine': '7991792'}
14:47:57 INFO  EnvironmentC8y Setup
14:47:58 INFO  Executed systemctl&lt;serv_mapper1&gt;, exit status 3
14:47:58 INFO  Restarting mosquitto too frequently in the last 10 seconds. It was only up for 5 seconds
14:47:58 INFO  Delaying execution by 6 seconds
14:48:18 INFO  Executed sudo&lt;tedge_connect_c8y&gt;, exit status 0, duration 14 secs
14:48:19 INFO  Executed sudo&lt;tedge_connect_c8y_test&gt;, exit status 0
14:48:20 INFO  Executed systemctl&lt;serv_mosq2&gt;, exit status 0
14:48:20 INFO  Executed systemctl&lt;serv_mapper3&gt;, exit status 0
14:48:22 INFO  State of current operation: SUCCESSFUL
14:48:23 INFO  Assert that (False == value) with value=False ... passed
14:48:23 INFO  Assert that (False == value) with value=False ... passed
14:48:23 INFO  Assert that (False == value) with value=False ... passed
14:48:23 INFO  Assert that (False == value) with value=False ... passed
14:48:24 INFO  Package moon-buggy is installed
14:48:24 WARN  Assert that (False == value) with value=True ... failed 
14:48:25 INFO  Response status: 201
14:48:25 INFO  Response to action: {
    &quot;creationTime&quot;: &quot;2022-04-21T14:48:25.463Z&quot;,
    &quot;deviceName&quot;: &quot;mythicb&quot;,
    &quot;deviceId&quot;: &quot;17564065&quot;,
    &quot;self&quot;: &quot;https://t493319102.eu-latest.cumulocity.com/devicecontrol/operations/17588865&quot;,
    &quot;id&quot;: &quot;17588865&quot;,
    &quot;status&quot;: &quot;PENDING&quot;,
    &quot;description&quot;: &quot;Apply software changes, triggered from PySys: [{'action': 'install', 'id': '5475369', 'name': 'asciijump', 'url': ' ', 'version': '::apt'}, {'action': 'install', 'id': '5474869', 'name': 'robotfindskitten', 'url': ' ', 'version': ' '}, {'action': 'install', 'id': '5475279', 'name': 'squirrel3', 'url': ' ', 'version': '3.1-7::apt'}, {'action': 'install', 'id': '5152439', 'name': 'rolldice', 'url': ' ', 'version': '1.16-1+b1'}, {'action': 'install', 'id': '5439204', 'name': 'moon-buggy', 'url': ' ', 'version': '1:1.0.51-12'}, {'action': 'install', 'id': '5475369', 'name': 'asciijump', 'url': ' ', 'version': '::apt'}]&quot;,
    &quot;c8y_SoftwareUpdate&quot;: [
        {
            &quot;name&quot;: &quot;asciijump&quot;,
            &quot;action&quot;: &quot;install&quot;,
            &quot;id&quot;: &quot;5475369&quot;,
            &quot;version&quot;: &quot;::apt&quot;,
            &quot;url&quot;: &quot; &quot;
        },
        {
            &quot;name&quot;: &quot;robotfindskitten&quot;,
            &quot;action&quot;: &quot;install&quot;,
            &quot;id&quot;: &quot;5474869&quot;,
            &quot;version&quot;: &quot; &quot;,
            &quot;url&quot;: &quot; &quot;
        },
        {
            &quot;name&quot;: &quot;squirrel3&quot;,
            &quot;action&quot;: &quot;install&quot;,
            &quot;id&quot;: &quot;5475279&quot;,
            &quot;version&quot;: &quot;3.1-7::apt&quot;,
            &quot;url&quot;: &quot; &quot;
        },
        {
            &quot;name&quot;: &quot;rolldice&quot;,
            &quot;action&quot;: &quot;install&quot;,
            &quot;id&quot;: &quot;5152439&quot;,
            &quot;version&quot;: &quot;1.16-1+b1&quot;,
            &quot;url&quot;: &quot; &quot;
        },
        {
            &quot;name&quot;: &quot;moon-buggy&quot;,
            &quot;action&quot;: &quot;install&quot;,
            &quot;id&quot;: &quot;5439204&quot;,
            &quot;version&quot;: &quot;1:1.0.51-12&quot;,
            &quot;url&quot;: &quot; &quot;
        },
        {
            &quot;name&quot;: &quot;asciijump&quot;,
            &quot;action&quot;: &quot;install&quot;,
            &quot;id&quot;: &quot;5475369&quot;,
            &quot;version&quot;: &quot;::apt&quot;,
            &quot;url&quot;: &quot; &quot;
        }
    ]
}
14:48:25 INFO  Started operation: {'creationTime': '2022-04-21T14:48:25.463Z', 'deviceName': 'mythicb', 'deviceId': '17564065', 'self': 'https://t493319102.eu-latest.cumulocity.com/devicecontrol/operations/17588865', 'id': '17588865', 'status': 'PENDING', 'description': &quot;Apply software changes, triggered from PySys: [{'action': 'install', 'id': '5475369', 'name': 'asciijump', 'url': ' ', 'version': '::apt'}, {'action': 'install', 'id': '5474869', 'name': 'robotfindskitten', 'url': ' ', 'version': ' '}, {'action': 'install', 'id': '5475279', 'name': 'squirrel3', 'url': ' ', 'version': '3.1-7::apt'}, {'action': 'install', 'id': '5152439', 'name': 'rolldice', 'url': ' ', 'version': '1.16-1+b1'}, {'action': 'install', 'id': '5439204', 'name': 'moon-buggy', 'url': ' ', 'version': '1:1.0.51-12'}, {'action': 'install', 'id': '5475369', 'name': 'asciijump', 'url': ' ', 'version': '::apt'}]&quot;, 'c8y_SoftwareUpdate': [{'name': 'asciijump', 'action': 'install', 'id': '5475369', 'version': '::apt', 'url': ' '}, {'name': 'robotfindskitten', 'action': 'install', 'id': '5474869', 'version': ' ', 'url': ' '}, {'name': 'squirrel3', 'action': 'install', 'id': '5475279', 'version': '3.1-7::apt', 'url': ' '}, {'name': 'rolldice', 'action': 'install', 'id': '5152439', 'version': '1.16-1+b1', 'url': ' '}, {'name': 'moon-buggy', 'action': 'install', 'id': '5439204', 'version': '1:1.0.51-12', 'url': ' '}, {'name': 'asciijump', 'action': 'install', 'id': '5475369', 'version': '::apt', 'url': ' '}]}
14:48:27 INFO  State of operation 17588865 : PENDING
14:48:30 INFO  State of operation 17588865 : EXECUTING
14:48:32 INFO  State of operation 17588865 : EXECUTING
14:48:34 INFO  State of operation 17588865 : EXECUTING
14:48:36 INFO  State of operation 17588865 : EXECUTING
14:48:38 INFO  State of operation 17588865 : EXECUTING
14:48:42 INFO  State of operation 17588865 : EXECUTING
14:48:45 INFO  State of operation 17588865 : EXECUTING
14:48:47 INFO  State of operation 17588865 : EXECUTING
14:48:50 INFO  State of operation 17588865 : EXECUTING
14:48:52 INFO  State of operation 17588865 : EXECUTING
14:48:54 INFO  State of operation 17588865 : EXECUTING
14:48:56 INFO  State of operation 17588865 : EXECUTING
14:48:58 INFO  State of operation 17588865 : EXECUTING
14:49:01 INFO  State of operation 17588865 : EXECUTING
14:49:03 INFO  State of operation 17588865 : EXECUTING
14:49:05 INFO  State of operation 17588865 : EXECUTING
14:49:08 INFO  State of operation 17588865 : EXECUTING
14:49:11 INFO  State of operation 17588865 : EXECUTING
14:49:13 INFO  State of operation 17588865 : EXECUTING
14:49:15 INFO  State of operation 17588865 : EXECUTING
14:49:17 INFO  State of operation 17588865 : EXECUTING
14:49:20 INFO  State of operation 17588865 : EXECUTING
14:49:22 INFO  State of operation 17588865 : EXECUTING
14:49:25 INFO  State of operation 17588865 : EXECUTING
14:49:27 INFO  State of operation 17588865 : EXECUTING
14:49:30 INFO  State of operation 17588865 : EXECUTING
14:49:32 INFO  State of operation 17588865 : EXECUTING
14:49:34 INFO  State of operation 17588865 : EXECUTING
14:49:36 INFO  State of operation 17588865 : EXECUTING
14:49:39 INFO  State of operation 17588865 : EXECUTING
14:49:41 INFO  State of operation 17588865 : EXECUTING
14:49:43 INFO  State of operation 17588865 : EXECUTING
14:49:45 INFO  State of operation 17588865 : EXECUTING
14:49:47 INFO  State of operation 17588865 : EXECUTING
14:49:50 INFO  State of operation 17588865 : EXECUTING
14:49:52 INFO  State of operation 17588865 : EXECUTING
14:49:54 INFO  State of operation 17588865 : EXECUTING
14:49:57 INFO  State of operation 17588865 : EXECUTING
14:50:00 INFO  State of operation 17588865 : EXECUTING
14:50:02 INFO  State of operation 17588865 : EXECUTING
14:50:05 INFO  State of operation 17588865 : EXECUTING
14:50:07 INFO  State of operation 17588865 : EXECUTING
14:50:09 INFO  State of operation 17588865 : EXECUTING
14:50:11 INFO  State of operation 17588865 : EXECUTING
14:50:14 INFO  State of operation 17588865 : EXECUTING
14:50:16 INFO  State of operation 17588865 : EXECUTING
14:50:18 INFO  State of operation 17588865 : EXECUTING
14:50:20 INFO  State of operation 17588865 : EXECUTING
14:50:23 INFO  State of operation 17588865 : EXECUTING
14:50:25 INFO  State of operation 17588865 : EXECUTING
14:50:28 INFO  State of operation 17588865 : EXECUTING
14:50:30 INFO  State of operation 17588865 : EXECUTING
14:50:33 INFO  State of operation 17588865 : EXECUTING
14:50:35 INFO  State of operation 17588865 : EXECUTING
14:50:38 INFO  State of operation 17588865 : EXECUTING
14:50:40 INFO  State of operation 17588865 : EXECUTING
14:50:43 INFO  State of operation 17588865 : EXECUTING
14:50:45 INFO  State of operation 17588865 : EXECUTING
14:50:48 INFO  State of operation 17588865 : EXECUTING
14:50:50 INFO  State of operation 17588865 : EXECUTING
14:50:52 WARN  SystemError occurred while running test - Timeout while waiting for status SUCCESSFUL or False
Traceback (most recent call last):
  File &quot;/home/pi/env-pysys/lib/python3.7/site-packages/pysys/baserunner.py&quot;, line 1294, in __call__
    self.testObj.execute()
  File &quot;/home/pi/actions-runner/_work/thin-edge.io/thin-edge.io/tests/PySys/software_management_end_to_end/sm_apt_install_remove_multiple_mixed/run.py&quot;, line 89, in execute
    self.wait_until_succcess()
  File &quot;/home/pi/actions-runner/_work/thin-edge.io/thin-edge.io/tests/PySys/software_management_end_to_end/environment_sm_management.py&quot;, line 324, in wait_until_succcess
    self.wait_until_status(&quot;SUCCESSFUL&quot;)
  File &quot;/home/pi/actions-runner/_work/thin-edge.io/thin-edge.io/tests/PySys/software_management_end_to_end/environment_sm_management.py&quot;, line 381, in wait_until_status
    &quot;Timeout while waiting for status %s or %s&quot; % (status, status2)
SystemError: Timeout while waiting for status SUCCESSFUL or False
14:50:52 WARN  SystemError: Timeout while waiting for status SUCCESSFUL or False ... blocked 
14:50:52 INFO  
14:50:52 INFO  cleanup:
14:50:57 INFO  Executed sudo&lt;tedge_disconnect_c8y&gt;, exit status 0
14:50:58 INFO  Executed systemctl&lt;serv_mapper5&gt;, exit status 3
14:50:58 INFO  
14:50:58 INFO  Test duration: 180.34 secs
14:50:58 INFO  Test final outcome:  BLOCKED
14:50:58 INFO  Test outcome reason: SystemError: Timeout while waiting for status SUCCESSFUL or False (+1 other failures)
14:50:58 INFO  
</system-out>
	</testcase>
</testsuite>
