<?xml version="1.0" encoding="utf-8"?>
<testsuite failures="1" name="SoftwareManagement.sm_apt_install_remove_multiple_mixed" skipped="0" tests="1" time="186.29" timestamp="2022-05-11T12:47:33">
	<testcase classname="PySysTest" name="SoftwareManagement.sm_apt_install_remove_multiple_mixed">
		<failure message="BLOCKED: SystemError: Timeout while waiting for status SUCCESSFUL or False (+1 other failures)" type="BLOCKED"/>
		<system-out>12:44:26 INFO  ==============================================================
12:44:26 INFO  Id:    SoftwareManagement.sm_apt_install_remove_multiple_mixed
12:44:26 INFO  Dir:   software_management_end_to_end/
12:44:26 INFO  Title: Validate end to end behaviour for the apt plugin for multiple packages with mixed versions
12:44:26 INFO  ==============================================================
12:44:26 INFO  Using sw id database: {'asciijump': '5475369', 'robotfindskitten': '5474869', 'squirrel3': '5475279', 'rolldice': '5152439', 'moon-buggy': '5439204', 'apple': '5495053', 'banana': '5494888', 'cherry': '5495382', 'watermelon': '5494510', 'registry': '8018911', 'hello-world': '8021526', 'docker/getting-started': '8021973', 'alpine': '7991792'}
12:44:26 INFO  EnvironmentC8y Setup
12:44:27 INFO  Executed systemctl&lt;serv_mapper1&gt;, exit status 3
12:44:27 INFO  Restarting mosquitto too frequently in the last 10 seconds. It was only up for 4 seconds
12:44:27 INFO  Delaying execution by 7 seconds
12:44:48 INFO  Executed sudo&lt;tedge_connect_c8y&gt;, exit status 0, duration 13 secs
12:44:49 INFO  Executed sudo&lt;tedge_connect_c8y_test&gt;, exit status 0
12:44:49 INFO  Executed systemctl&lt;serv_mosq2&gt;, exit status 0
12:44:50 INFO  Executed systemctl&lt;serv_mapper3&gt;, exit status 0
12:44:52 INFO  State of current operation: SUCCESSFUL
12:44:52 INFO  Assert that (False == value) with value=False ... passed
12:44:52 INFO  Assert that (False == value) with value=False ... passed
12:44:53 INFO  Assert that (False == value) with value=False ... passed
12:44:53 INFO  Assert that (False == value) with value=False ... passed
12:44:53 INFO  Package moon-buggy is installed
12:44:53 WARN  Assert that (False == value) with value=True ... failed 
12:44:54 INFO  Response status: 201
12:44:54 INFO  Response to action: {
    &quot;creationTime&quot;: &quot;2022-05-11T12:44:54.908Z&quot;,
    &quot;deviceName&quot;: &quot;mythicb&quot;,
    &quot;deviceId&quot;: &quot;18811612&quot;,
    &quot;self&quot;: &quot;https://t493319102.eu-latest.cumulocity.com/devicecontrol/operations/18841078&quot;,
    &quot;id&quot;: &quot;18841078&quot;,
    &quot;status&quot;: &quot;PENDING&quot;,
    &quot;description&quot;: &quot;Apply software changes, triggered from PySys: [{'action': 'install', 'id': '5475369', 'name': 'asciijump', 'url': ' ', 'version': '::apt'}, {'action': 'install', 'id': '5474869', 'name': 'robotfindskitten', 'url': ' ', 'version': ' '}, {'action': 'install', 'id': '5475279', 'name': 'squirrel3', 'url': ' ', 'version': '3.1-7::apt'}, {'action': 'install', 'id': '5152439', 'name': 'rolldice', 'url': ' ', 'version': '1.16-1+b1'}, {'action': 'install', 'id': '5439204', 'name': 'moon-buggy', 'url': ' ', 'version': '1:1.0.51-12'}, {'action': 'install', 'id': '5475369', 'name': 'asciijump', 'url': ' ', 'version': '::apt'}]&quot;,
    &quot;c8y_SoftwareUpdate&quot;: [
        {
            &quot;name&quot;: &quot;asciijump&quot;,
            &quot;action&quot;: &quot;install&quot;,
            &quot;id&quot;: &quot;5475369&quot;,
            &quot;version&quot;: &quot;::apt&quot;,
            &quot;url&quot;: &quot; &quot;
        },
        {
            &quot;name&quot;: &quot;robotfindskitten&quot;,
            &quot;action&quot;: &quot;install&quot;,
            &quot;id&quot;: &quot;5474869&quot;,
            &quot;version&quot;: &quot; &quot;,
            &quot;url&quot;: &quot; &quot;
        },
        {
            &quot;name&quot;: &quot;squirrel3&quot;,
            &quot;action&quot;: &quot;install&quot;,
            &quot;id&quot;: &quot;5475279&quot;,
            &quot;version&quot;: &quot;3.1-7::apt&quot;,
            &quot;url&quot;: &quot; &quot;
        },
        {
            &quot;name&quot;: &quot;rolldice&quot;,
            &quot;action&quot;: &quot;install&quot;,
            &quot;id&quot;: &quot;5152439&quot;,
            &quot;version&quot;: &quot;1.16-1+b1&quot;,
            &quot;url&quot;: &quot; &quot;
        },
        {
            &quot;name&quot;: &quot;moon-buggy&quot;,
            &quot;action&quot;: &quot;install&quot;,
            &quot;id&quot;: &quot;5439204&quot;,
            &quot;version&quot;: &quot;1:1.0.51-12&quot;,
            &quot;url&quot;: &quot; &quot;
        },
        {
            &quot;name&quot;: &quot;asciijump&quot;,
            &quot;action&quot;: &quot;install&quot;,
            &quot;id&quot;: &quot;5475369&quot;,
            &quot;version&quot;: &quot;::apt&quot;,
            &quot;url&quot;: &quot; &quot;
        }
    ]
}
12:44:54 INFO  Started operation: {'creationTime': '2022-05-11T12:44:54.908Z', 'deviceName': 'mythicb', 'deviceId': '18811612', 'self': 'https://t493319102.eu-latest.cumulocity.com/devicecontrol/operations/18841078', 'id': '18841078', 'status': 'PENDING', 'description': &quot;Apply software changes, triggered from PySys: [{'action': 'install', 'id': '5475369', 'name': 'asciijump', 'url': ' ', 'version': '::apt'}, {'action': 'install', 'id': '5474869', 'name': 'robotfindskitten', 'url': ' ', 'version': ' '}, {'action': 'install', 'id': '5475279', 'name': 'squirrel3', 'url': ' ', 'version': '3.1-7::apt'}, {'action': 'install', 'id': '5152439', 'name': 'rolldice', 'url': ' ', 'version': '1.16-1+b1'}, {'action': 'install', 'id': '5439204', 'name': 'moon-buggy', 'url': ' ', 'version': '1:1.0.51-12'}, {'action': 'install', 'id': '5475369', 'name': 'asciijump', 'url': ' ', 'version': '::apt'}]&quot;, 'c8y_SoftwareUpdate': [{'name': 'asciijump', 'action': 'install', 'id': '5475369', 'version': '::apt', 'url': ' '}, {'name': 'robotfindskitten', 'action': 'install', 'id': '5474869', 'version': ' ', 'url': ' '}, {'name': 'squirrel3', 'action': 'install', 'id': '5475279', 'version': '3.1-7::apt', 'url': ' '}, {'name': 'rolldice', 'action': 'install', 'id': '5152439', 'version': '1.16-1+b1', 'url': ' '}, {'name': 'moon-buggy', 'action': 'install', 'id': '5439204', 'version': '1:1.0.51-12', 'url': ' '}, {'name': 'asciijump', 'action': 'install', 'id': '5475369', 'version': '::apt', 'url': ' '}]}
12:44:57 INFO  State of operation 18841078 : PENDING
12:44:59 INFO  State of operation 18841078 : EXECUTING
12:45:02 INFO  State of operation 18841078 : EXECUTING
12:45:04 INFO  State of operation 18841078 : EXECUTING
12:45:06 INFO  State of operation 18841078 : EXECUTING
12:45:08 INFO  State of operation 18841078 : EXECUTING
12:45:10 INFO  State of operation 18841078 : EXECUTING
12:45:13 INFO  State of operation 18841078 : EXECUTING
12:45:16 INFO  State of operation 18841078 : EXECUTING
12:45:18 INFO  State of operation 18841078 : EXECUTING
12:45:21 INFO  State of operation 18841078 : EXECUTING
12:45:23 INFO  State of operation 18841078 : EXECUTING
12:45:25 INFO  State of operation 18841078 : EXECUTING
12:45:28 INFO  State of operation 18841078 : EXECUTING
12:45:30 INFO  State of operation 18841078 : EXECUTING
12:45:32 INFO  State of operation 18841078 : EXECUTING
12:45:34 INFO  State of operation 18841078 : EXECUTING
12:45:37 INFO  State of operation 18841078 : EXECUTING
12:45:39 INFO  State of operation 18841078 : EXECUTING
12:45:42 INFO  State of operation 18841078 : EXECUTING
12:45:44 INFO  State of operation 18841078 : EXECUTING
12:45:46 INFO  State of operation 18841078 : EXECUTING
12:45:49 INFO  State of operation 18841078 : EXECUTING
12:45:51 INFO  State of operation 18841078 : EXECUTING
12:45:54 INFO  State of operation 18841078 : EXECUTING
12:45:56 INFO  State of operation 18841078 : EXECUTING
12:45:59 INFO  State of operation 18841078 : EXECUTING
12:46:02 INFO  State of operation 18841078 : EXECUTING
12:46:04 INFO  State of operation 18841078 : EXECUTING
12:46:07 INFO  State of operation 18841078 : EXECUTING
12:46:09 INFO  State of operation 18841078 : EXECUTING
12:46:11 INFO  State of operation 18841078 : EXECUTING
12:46:14 INFO  State of operation 18841078 : EXECUTING
12:46:16 INFO  State of operation 18841078 : EXECUTING
12:46:18 INFO  State of operation 18841078 : EXECUTING
12:46:20 INFO  State of operation 18841078 : EXECUTING
12:46:22 INFO  State of operation 18841078 : EXECUTING
12:46:25 INFO  State of operation 18841078 : EXECUTING
12:46:27 INFO  State of operation 18841078 : EXECUTING
12:46:30 INFO  State of operation 18841078 : EXECUTING
12:46:33 INFO  State of operation 18841078 : EXECUTING
12:46:35 INFO  State of operation 18841078 : EXECUTING
12:46:42 INFO  State of operation 18841078 : EXECUTING
12:46:44 INFO  State of operation 18841078 : EXECUTING
12:46:47 INFO  State of operation 18841078 : EXECUTING
12:46:49 INFO  State of operation 18841078 : EXECUTING
12:46:51 INFO  State of operation 18841078 : EXECUTING
12:46:53 INFO  State of operation 18841078 : EXECUTING
12:46:57 INFO  State of operation 18841078 : EXECUTING
12:46:59 INFO  State of operation 18841078 : EXECUTING
12:47:01 INFO  State of operation 18841078 : EXECUTING
12:47:04 INFO  State of operation 18841078 : EXECUTING
12:47:07 INFO  State of operation 18841078 : EXECUTING
12:47:09 INFO  State of operation 18841078 : EXECUTING
12:47:11 INFO  State of operation 18841078 : EXECUTING
12:47:14 INFO  State of operation 18841078 : EXECUTING
12:47:16 INFO  State of operation 18841078 : EXECUTING
12:47:18 INFO  State of operation 18841078 : EXECUTING
12:47:21 INFO  State of operation 18841078 : EXECUTING
12:47:23 INFO  State of operation 18841078 : EXECUTING
12:47:25 INFO  State of operation 18841078 : EXECUTING
12:47:27 WARN  SystemError occurred while running test - Timeout while waiting for status SUCCESSFUL or False
Traceback (most recent call last):
  File &quot;/home/pi/env-pysys/lib/python3.7/site-packages/pysys/baserunner.py&quot;, line 1294, in __call__
    self.testObj.execute()
  File &quot;/home/pi/actions-runner/_work/thin-edge.io/thin-edge.io/tests/PySys/software_management_end_to_end/sm_apt_install_remove_multiple_mixed/run.py&quot;, line 89, in execute
    self.wait_until_succcess()
  File &quot;/home/pi/actions-runner/_work/thin-edge.io/thin-edge.io/tests/PySys/software_management_end_to_end/environment_sm_management.py&quot;, line 324, in wait_until_succcess
    self.wait_until_status(&quot;SUCCESSFUL&quot;)
  File &quot;/home/pi/actions-runner/_work/thin-edge.io/thin-edge.io/tests/PySys/software_management_end_to_end/environment_sm_management.py&quot;, line 381, in wait_until_status
    &quot;Timeout while waiting for status %s or %s&quot; % (status, status2)
SystemError: Timeout while waiting for status SUCCESSFUL or False
12:47:27 WARN  SystemError: Timeout while waiting for status SUCCESSFUL or False ... blocked 
12:47:27 INFO  
12:47:27 INFO  cleanup:
12:47:32 INFO  Executed sudo&lt;tedge_disconnect_c8y&gt;, exit status 0
12:47:33 INFO  Executed systemctl&lt;serv_mapper5&gt;, exit status 3
12:47:33 INFO  
12:47:33 INFO  Test duration: 186.29 secs
12:47:33 INFO  Test final outcome:  BLOCKED
12:47:33 INFO  Test outcome reason: SystemError: Timeout while waiting for status SUCCESSFUL or False (+1 other failures)
12:47:33 INFO  
</system-out>
	</testcase>
</testsuite>
