<?xml version="1.0" encoding="utf-8"?>
<testsuite failures="1" name="SoftwareManagement.sm_docker_install_remove_multiple" skipped="0" tests="1" time="43.3" timestamp="2022-05-02T16:20:32">
	<testcase classname="SMDockerInstallRemove" name="SoftwareManagement.sm_docker_install_remove_multiple">
		<failure message="BLOCKED: SystemError: The operation has failed" type="BLOCKED"/>
		<system-out>16:19:49 INFO  ==============================================================
16:19:49 INFO  Id:    SoftwareManagement.sm_docker_install_remove_multiple
16:19:49 INFO  Dir:   software_management_end_to_end/
16:19:49 INFO  Title: Validate end to end behaviour for the docker plugin for multiple docker images with mixed versions
16:19:49 INFO  ==============================================================
16:19:49 INFO  Using sw id database: {'asciijump': '5475369', 'robotfindskitten': '5474869', 'squirrel3': '5475279', 'rolldice': '5152439', 'moon-buggy': '5439204', 'apple': '5495053', 'banana': '5494888', 'cherry': '5495382', 'watermelon': '5494510', 'registry': '8018911', 'hello-world': '8021526', 'docker/getting-started': '8021973', 'alpine': '7991792'}
16:19:49 INFO  EnvironmentC8y Setup
16:19:50 INFO  Executed systemctl&lt;serv_mapper1&gt;, exit status 3
16:19:50 INFO  Restarting mosquitto too frequently in the last 10 seconds. It was only up for 5 seconds
16:19:50 INFO  Delaying execution by 6 seconds
16:20:10 INFO  Executed sudo&lt;tedge_connect_c8y&gt;, exit status 0, duration 14 secs
16:20:11 INFO  Executed sudo&lt;tedge_connect_c8y_test&gt;, exit status 0
16:20:11 INFO  Executed systemctl&lt;serv_mosq2&gt;, exit status 0
16:20:12 INFO  Executed systemctl&lt;serv_mapper3&gt;, exit status 0
16:20:14 INFO  State of current operation: SUCCESSFUL
16:20:14 INFO  Response status: 201
16:20:14 INFO  Response to action: {
    &quot;creationTime&quot;: &quot;2022-05-02T16:20:14.502Z&quot;,
    &quot;deviceName&quot;: &quot;mythicb&quot;,
    &quot;deviceId&quot;: &quot;18179538&quot;,
    &quot;self&quot;: &quot;https://t493319102.eu-latest.cumulocity.com/devicecontrol/operations/18214201&quot;,
    &quot;id&quot;: &quot;18214201&quot;,
    &quot;status&quot;: &quot;PENDING&quot;,
    &quot;description&quot;: &quot;Apply software changes, triggered from PySys: [{'action': 'install', 'id': '8021526', 'name': 'hello-world', 'url': '', 'version': '::docker'}, {'action': 'install', 'id': '8018911', 'name': 'registry', 'url': '', 'version': '2.6.2::docker'}]&quot;,
    &quot;c8y_SoftwareUpdate&quot;: [
        {
            &quot;name&quot;: &quot;hello-world&quot;,
            &quot;action&quot;: &quot;install&quot;,
            &quot;id&quot;: &quot;8021526&quot;,
            &quot;version&quot;: &quot;::docker&quot;,
            &quot;url&quot;: &quot;&quot;
        },
        {
            &quot;name&quot;: &quot;registry&quot;,
            &quot;action&quot;: &quot;install&quot;,
            &quot;id&quot;: &quot;8018911&quot;,
            &quot;version&quot;: &quot;2.6.2::docker&quot;,
            &quot;url&quot;: &quot;&quot;
        }
    ]
}
16:20:14 INFO  Started operation: {'creationTime': '2022-05-02T16:20:14.502Z', 'deviceName': 'mythicb', 'deviceId': '18179538', 'self': 'https://t493319102.eu-latest.cumulocity.com/devicecontrol/operations/18214201', 'id': '18214201', 'status': 'PENDING', 'description': &quot;Apply software changes, triggered from PySys: [{'action': 'install', 'id': '8021526', 'name': 'hello-world', 'url': '', 'version': '::docker'}, {'action': 'install', 'id': '8018911', 'name': 'registry', 'url': '', 'version': '2.6.2::docker'}]&quot;, 'c8y_SoftwareUpdate': [{'name': 'hello-world', 'action': 'install', 'id': '8021526', 'version': '::docker', 'url': ''}, {'name': 'registry', 'action': 'install', 'id': '8018911', 'version': '2.6.2::docker', 'url': ''}]}
16:20:16 INFO  State of operation 18214201 : PENDING
16:20:18 INFO  State of operation 18214201 : EXECUTING
16:20:21 INFO  State of operation 18214201 : EXECUTING
16:20:23 INFO  State of operation 18214201 : EXECUTING
16:20:25 INFO  State of operation 18214201 : EXECUTING
16:20:27 INFO  State of operation 18214201 : FAILED
16:20:27 ERROR Stopping as the operation has failed
16:20:27 WARN  SystemError occurred while running test - The operation has failed
Traceback (most recent call last):
  File &quot;/home/pi/env-pysys/lib/python3.7/site-packages/pysys/baserunner.py&quot;, line 1292, in __call__
    self.testObj.setup()
  File &quot;/home/pi/actions-runner/_work/thin-edge.io/thin-edge.io/tests/PySys/software_management_end_to_end/sm_docker_install_remove_multiple/run.py&quot;, line 55, in setup
    self.wait_until_succcess()
  File &quot;/home/pi/actions-runner/_work/thin-edge.io/thin-edge.io/tests/PySys/software_management_end_to_end/environment_sm_management.py&quot;, line 324, in wait_until_succcess
    self.wait_until_status(&quot;SUCCESSFUL&quot;)
  File &quot;/home/pi/actions-runner/_work/thin-edge.io/thin-edge.io/tests/PySys/software_management_end_to_end/environment_sm_management.py&quot;, line 361, in wait_until_status
    raise SystemError(&quot;The operation has failed&quot;)
SystemError: The operation has failed
16:20:28 WARN  SystemError: The operation has failed ... blocked 
16:20:28 INFO  
16:20:28 INFO  cleanup:
16:20:32 INFO  Executed sudo&lt;tedge_disconnect_c8y&gt;, exit status 0
16:20:32 INFO  Executed systemctl&lt;serv_mapper5&gt;, exit status 3
16:20:32 INFO  
16:20:32 INFO  Test duration: 43.30 secs
16:20:32 INFO  Test final outcome:  BLOCKED
16:20:32 INFO  Test outcome reason: SystemError: The operation has failed
16:20:32 INFO  
</system-out>
	</testcase>
</testsuite>
