<?xml version="1.0" encoding="utf-8"?>
<testsuite failures="1" name="SoftwareManagement.sm_mixed_install_remove_multiple" skipped="0" tests="1" time="168.11" timestamp="2022-05-16T08:46:19">
	<testcase classname="PySysTest" name="SoftwareManagement.sm_mixed_install_remove_multiple">
		<failure message="FAILED: Assert that (False == value) with value=True" type="FAILED"/>
		<system-out>08:43:31 INFO  ==============================================================
08:43:31 INFO  Id:    SoftwareManagement.sm_mixed_install_remove_multiple
08:43:31 INFO  Dir:   software_management_end_to_end/
08:43:31 INFO  Title: Validate end to end behaviour for the dummy-plugin for multiple packages with mixed versions
08:43:31 INFO  ==============================================================
08:43:31 INFO  Using sw id database: {'asciijump': '5475369', 'robotfindskitten': '5474869', 'squirrel3': '5475279', 'rolldice': '5152439', 'moon-buggy': '5439204', 'apple': '5495053', 'banana': '5494888', 'cherry': '5495382', 'watermelon': '5494510', 'registry': '8018911', 'hello-world': '8021526', 'docker/getting-started': '8021973', 'alpine': '7991792'}
08:43:31 INFO  EnvironmentC8y Setup
08:43:31 INFO  Executed systemctl&lt;serv_mapper1&gt;, exit status 3
08:43:31 INFO  Restarting mosquitto too frequently in the last 10 seconds. It was only up for 4 seconds
08:43:31 INFO  Delaying execution by 7 seconds
08:43:53 INFO  Executed sudo&lt;tedge_connect_c8y&gt;, exit status 0, duration 14 secs
08:43:53 INFO  Executed sudo&lt;tedge_connect_c8y_test&gt;, exit status 0
08:43:54 INFO  Executed systemctl&lt;serv_mosq2&gt;, exit status 0
08:43:54 INFO  Executed systemctl&lt;serv_mapper3&gt;, exit status 0
08:43:57 INFO  State of current operation: SUCCESSFUL
08:43:57 INFO  Package apple is installed
08:43:57 INFO  Assert that (True == value) with value=True ... passed
08:43:57 INFO  Package banana is installed
08:43:57 INFO  Assert that (True == value) with value=True ... passed
08:43:57 INFO  Package cherry is installed
08:43:57 INFO  Assert that (True == value) with value=True ... passed
08:43:58 INFO  Package asciijump is installed
08:43:58 WARN  Assert that (False == value) with value=True ... failed 
08:43:58 INFO  Assert that (False == value) with value=False ... passed
08:43:58 INFO  Response status: 201
08:43:58 INFO  Response to action: {
    &quot;creationTime&quot;: &quot;2022-05-16T08:43:58.528Z&quot;,
    &quot;deviceId&quot;: &quot;19054946&quot;,
    &quot;deviceName&quot;: &quot;mythicb&quot;,
    &quot;self&quot;: &quot;https://t493319102.eu-latest.cumulocity.com/devicecontrol/operations/19133424&quot;,
    &quot;id&quot;: &quot;19133424&quot;,
    &quot;status&quot;: &quot;PENDING&quot;,
    &quot;description&quot;: &quot;Apply software changes, triggered from PySys: [{'action': 'install', 'id': '5495053', 'name': 'apple', 'url': ' ', 'version': '::fruits'}, {'action': 'install', 'id': '5494888', 'name': 'banana', 'url': ' ', 'version': '::fruits'}, {'action': 'install', 'id': '5475369', 'name': 'asciijump', 'url': ' ', 'version': '::apt'}, {'action': 'install', 'id': '5495382', 'name': 'cherry', 'url': ' ', 'version': '::fruits'}, {'action': 'install', 'id': '8018911', 'name': 'registry', 'url': ' ', 'version': '::docker'}]&quot;,
    &quot;c8y_SoftwareUpdate&quot;: [
        {
            &quot;name&quot;: &quot;apple&quot;,
            &quot;action&quot;: &quot;install&quot;,
            &quot;id&quot;: &quot;5495053&quot;,
            &quot;version&quot;: &quot;::fruits&quot;,
            &quot;url&quot;: &quot; &quot;
        },
        {
            &quot;name&quot;: &quot;banana&quot;,
            &quot;action&quot;: &quot;install&quot;,
            &quot;id&quot;: &quot;5494888&quot;,
            &quot;version&quot;: &quot;::fruits&quot;,
            &quot;url&quot;: &quot; &quot;
        },
        {
            &quot;name&quot;: &quot;asciijump&quot;,
            &quot;action&quot;: &quot;install&quot;,
            &quot;id&quot;: &quot;5475369&quot;,
            &quot;version&quot;: &quot;::apt&quot;,
            &quot;url&quot;: &quot; &quot;
        },
        {
            &quot;name&quot;: &quot;cherry&quot;,
            &quot;action&quot;: &quot;install&quot;,
            &quot;id&quot;: &quot;5495382&quot;,
            &quot;version&quot;: &quot;::fruits&quot;,
            &quot;url&quot;: &quot; &quot;
        },
        {
            &quot;name&quot;: &quot;registry&quot;,
            &quot;action&quot;: &quot;install&quot;,
            &quot;id&quot;: &quot;8018911&quot;,
            &quot;version&quot;: &quot;::docker&quot;,
            &quot;url&quot;: &quot; &quot;
        }
    ]
}
08:43:58 INFO  Started operation: {'creationTime': '2022-05-16T08:43:58.528Z', 'deviceId': '19054946', 'deviceName': 'mythicb', 'self': 'https://t493319102.eu-latest.cumulocity.com/devicecontrol/operations/19133424', 'id': '19133424', 'status': 'PENDING', 'description': &quot;Apply software changes, triggered from PySys: [{'action': 'install', 'id': '5495053', 'name': 'apple', 'url': ' ', 'version': '::fruits'}, {'action': 'install', 'id': '5494888', 'name': 'banana', 'url': ' ', 'version': '::fruits'}, {'action': 'install', 'id': '5475369', 'name': 'asciijump', 'url': ' ', 'version': '::apt'}, {'action': 'install', 'id': '5495382', 'name': 'cherry', 'url': ' ', 'version': '::fruits'}, {'action': 'install', 'id': '8018911', 'name': 'registry', 'url': ' ', 'version': '::docker'}]&quot;, 'c8y_SoftwareUpdate': [{'name': 'apple', 'action': 'install', 'id': '5495053', 'version': '::fruits', 'url': ' '}, {'name': 'banana', 'action': 'install', 'id': '5494888', 'version': '::fruits', 'url': ' '}, {'name': 'asciijump', 'action': 'install', 'id': '5475369', 'version': '::apt', 'url': ' '}, {'name': 'cherry', 'action': 'install', 'id': '5495382', 'version': '::fruits', 'url': ' '}, {'name': 'registry', 'action': 'install', 'id': '8018911', 'version': '::docker', 'url': ' '}]}
08:44:00 INFO  State of operation 19133424 : PENDING
08:44:03 INFO  State of operation 19133424 : EXECUTING
08:44:05 INFO  State of operation 19133424 : EXECUTING
08:44:07 INFO  State of operation 19133424 : EXECUTING
08:44:09 INFO  State of operation 19133424 : EXECUTING
08:44:11 INFO  State of operation 19133424 : EXECUTING
08:44:14 INFO  State of operation 19133424 : EXECUTING
08:44:17 INFO  State of operation 19133424 : EXECUTING
08:44:20 INFO  State of operation 19133424 : EXECUTING
08:44:22 INFO  State of operation 19133424 : EXECUTING
08:44:24 INFO  State of operation 19133424 : EXECUTING
08:44:27 INFO  State of operation 19133424 : EXECUTING
08:44:29 INFO  State of operation 19133424 : EXECUTING
08:44:31 INFO  State of operation 19133424 : EXECUTING
08:44:33 INFO  State of operation 19133424 : EXECUTING
08:44:36 INFO  State of operation 19133424 : EXECUTING
08:44:38 INFO  State of operation 19133424 : EXECUTING
08:44:40 INFO  State of operation 19133424 : EXECUTING
08:44:42 INFO  State of operation 19133424 : EXECUTING
08:44:44 INFO  State of operation 19133424 : EXECUTING
08:44:47 INFO  State of operation 19133424 : EXECUTING
08:44:50 INFO  State of operation 19133424 : EXECUTING
08:44:52 INFO  State of operation 19133424 : EXECUTING
08:44:54 INFO  State of operation 19133424 : EXECUTING
08:44:56 INFO  State of operation 19133424 : EXECUTING
08:44:58 INFO  State of operation 19133424 : SUCCESSFUL
08:44:59 INFO  Package apple is installed
08:44:59 INFO  Assert that (True == value) with value=True ... passed
08:44:59 INFO  Package banana is installed
08:44:59 INFO  Assert that (True == value) with value=True ... passed
08:44:59 INFO  Package cherry is installed
08:44:59 INFO  Assert that (True == value) with value=True ... passed
08:44:59 INFO  Package asciijump is installed
08:44:59 INFO  Assert that (True == value) with value=True ... passed
08:45:00 INFO  Package registry is installed
08:45:00 INFO  Assert that (True == value) with value=True ... passed
08:45:00 INFO  Response status: 201
08:45:00 INFO  Response to action: {
    &quot;creationTime&quot;: &quot;2022-05-16T08:45:00.396Z&quot;,
    &quot;deviceId&quot;: &quot;19054946&quot;,
    &quot;deviceName&quot;: &quot;mythicb&quot;,
    &quot;self&quot;: &quot;https://t493319102.eu-latest.cumulocity.com/devicecontrol/operations/19133441&quot;,
    &quot;id&quot;: &quot;19133441&quot;,
    &quot;status&quot;: &quot;PENDING&quot;,
    &quot;description&quot;: &quot;Apply software changes, triggered from PySys: [{'action': 'delete', 'id': '5495053', 'name': 'apple', 'url': ' ', 'version': '::fruits'}, {'action': 'delete', 'id': '5494888', 'name': 'banana', 'url': ' ', 'version': '::fruits'}, {'action': 'delete', 'id': '5475369', 'name': 'asciijump', 'url': ' ', 'version': '::apt'}, {'action': 'delete', 'id': '5495382', 'name': 'cherry', 'url': ' ', 'version': '::fruits'}, {'action': 'delete', 'id': '8018911', 'name': 'registry', 'url': ' ', 'version': '::docker'}]&quot;,
    &quot;c8y_SoftwareUpdate&quot;: [
        {
            &quot;name&quot;: &quot;apple&quot;,
            &quot;action&quot;: &quot;delete&quot;,
            &quot;id&quot;: &quot;5495053&quot;,
            &quot;version&quot;: &quot;::fruits&quot;,
            &quot;url&quot;: &quot; &quot;
        },
        {
            &quot;name&quot;: &quot;banana&quot;,
            &quot;action&quot;: &quot;delete&quot;,
            &quot;id&quot;: &quot;5494888&quot;,
            &quot;version&quot;: &quot;::fruits&quot;,
            &quot;url&quot;: &quot; &quot;
        },
        {
            &quot;name&quot;: &quot;asciijump&quot;,
            &quot;action&quot;: &quot;delete&quot;,
            &quot;id&quot;: &quot;5475369&quot;,
            &quot;version&quot;: &quot;::apt&quot;,
            &quot;url&quot;: &quot; &quot;
        },
        {
            &quot;name&quot;: &quot;cherry&quot;,
            &quot;action&quot;: &quot;delete&quot;,
            &quot;id&quot;: &quot;5495382&quot;,
            &quot;version&quot;: &quot;::fruits&quot;,
            &quot;url&quot;: &quot; &quot;
        },
        {
            &quot;name&quot;: &quot;registry&quot;,
            &quot;action&quot;: &quot;delete&quot;,
            &quot;id&quot;: &quot;8018911&quot;,
            &quot;version&quot;: &quot;::docker&quot;,
            &quot;url&quot;: &quot; &quot;
        }
    ]
}
08:45:00 INFO  Started operation: {'creationTime': '2022-05-16T08:45:00.396Z', 'deviceId': '19054946', 'deviceName': 'mythicb', 'self': 'https://t493319102.eu-latest.cumulocity.com/devicecontrol/operations/19133441', 'id': '19133441', 'status': 'PENDING', 'description': &quot;Apply software changes, triggered from PySys: [{'action': 'delete', 'id': '5495053', 'name': 'apple', 'url': ' ', 'version': '::fruits'}, {'action': 'delete', 'id': '5494888', 'name': 'banana', 'url': ' ', 'version': '::fruits'}, {'action': 'delete', 'id': '5475369', 'name': 'asciijump', 'url': ' ', 'version': '::apt'}, {'action': 'delete', 'id': '5495382', 'name': 'cherry', 'url': ' ', 'version': '::fruits'}, {'action': 'delete', 'id': '8018911', 'name': 'registry', 'url': ' ', 'version': '::docker'}]&quot;, 'c8y_SoftwareUpdate': [{'name': 'apple', 'action': 'delete', 'id': '5495053', 'version': '::fruits', 'url': ' '}, {'name': 'banana', 'action': 'delete', 'id': '5494888', 'version': '::fruits', 'url': ' '}, {'name': 'asciijump', 'action': 'delete', 'id': '5475369', 'version': '::apt', 'url': ' '}, {'name': 'cherry', 'action': 'delete', 'id': '5495382', 'version': '::fruits', 'url': ' '}, {'name': 'registry', 'action': 'delete', 'id': '8018911', 'version': '::docker', 'url': ' '}]}
08:45:02 INFO  State of operation 19133441 : PENDING
08:45:04 INFO  State of operation 19133441 : EXECUTING
08:45:07 INFO  State of operation 19133441 : EXECUTING
08:45:09 INFO  State of operation 19133441 : EXECUTING
08:45:11 INFO  State of operation 19133441 : EXECUTING
08:45:13 INFO  State of operation 19133441 : EXECUTING
08:45:16 INFO  State of operation 19133441 : EXECUTING
08:45:19 INFO  State of operation 19133441 : EXECUTING
08:45:22 INFO  State of operation 19133441 : EXECUTING
08:45:24 INFO  State of operation 19133441 : EXECUTING
08:45:26 INFO  State of operation 19133441 : EXECUTING
08:45:28 INFO  State of operation 19133441 : EXECUTING
08:45:30 INFO  State of operation 19133441 : EXECUTING
08:45:33 INFO  State of operation 19133441 : EXECUTING
08:45:35 INFO  State of operation 19133441 : EXECUTING
08:45:37 INFO  State of operation 19133441 : EXECUTING
08:45:40 INFO  State of operation 19133441 : EXECUTING
08:45:43 INFO  State of operation 19133441 : EXECUTING
08:45:45 INFO  State of operation 19133441 : EXECUTING
08:45:47 INFO  State of operation 19133441 : EXECUTING
08:45:50 INFO  State of operation 19133441 : EXECUTING
08:45:52 INFO  State of operation 19133441 : EXECUTING
08:45:54 INFO  State of operation 19133441 : EXECUTING
08:45:57 INFO  State of operation 19133441 : EXECUTING
08:45:59 INFO  State of operation 19133441 : EXECUTING
08:46:01 INFO  State of operation 19133441 : EXECUTING
08:46:04 INFO  State of operation 19133441 : EXECUTING
08:46:06 INFO  State of operation 19133441 : EXECUTING
08:46:08 INFO  State of operation 19133441 : EXECUTING
08:46:11 INFO  State of operation 19133441 : EXECUTING
08:46:13 INFO  State of operation 19133441 : SUCCESSFUL
08:46:13 INFO  Package apple is installed
08:46:13 INFO  Assert that (True == value) with value=True ... passed
08:46:13 INFO  Package banana is installed
08:46:13 INFO  Assert that (True == value) with value=True ... passed
08:46:13 INFO  Package cherry is installed
08:46:13 INFO  Assert that (True == value) with value=True ... passed
08:46:14 INFO  Assert that (False == value) with value=False ... passed
08:46:14 INFO  Assert that (False == value) with value=False ... passed
08:46:14 INFO  
08:46:14 INFO  cleanup:
08:46:18 INFO  Executed sudo&lt;tedge_disconnect_c8y&gt;, exit status 0
08:46:19 INFO  Executed systemctl&lt;serv_mapper5&gt;, exit status 3
08:46:19 INFO  
08:46:19 INFO  Test duration: 168.11 secs
08:46:19 INFO  Test final outcome:  FAILED
08:46:19 INFO  Test outcome reason: Assert that (False == value) with value=True
08:46:19 INFO  
</system-out>
	</testcase>
</testsuite>
