<?xml version="1.0" encoding="utf-8"?>
<testsuite failures="1" name="SoftwareManagement.sm_apt_install_remove_multiple_mixed" skipped="0" tests="1" time="181.69" timestamp="2022-04-29T10:23:18">
	<testcase classname="PySysTest" name="SoftwareManagement.sm_apt_install_remove_multiple_mixed">
		<failure message="BLOCKED: SystemError: Timeout while waiting for status SUCCESSFUL or False (+1 other failures)" type="BLOCKED"/>
		<system-out>10:20:16 INFO  ==============================================================
10:20:16 INFO  Id:    SoftwareManagement.sm_apt_install_remove_multiple_mixed
10:20:16 INFO  Dir:   software_management_end_to_end/
10:20:16 INFO  Title: Validate end to end behaviour for the apt plugin for multiple packages with mixed versions
10:20:16 INFO  ==============================================================
10:20:16 INFO  Using sw id database: {'asciijump': '5475369', 'robotfindskitten': '5474869', 'squirrel3': '5475279', 'rolldice': '5152439', 'moon-buggy': '5439204', 'apple': '5495053', 'banana': '5494888', 'cherry': '5495382', 'watermelon': '5494510', 'registry': '8018911', 'hello-world': '8021526', 'docker/getting-started': '8021973', 'alpine': '7991792'}
10:20:16 INFO  EnvironmentC8y Setup
10:20:17 INFO  Executed systemctl&lt;serv_mapper1&gt;, exit status 3
10:20:17 INFO  Restarting mosquitto too frequently in the last 10 seconds. It was only up for 4 seconds
10:20:17 INFO  Delaying execution by 7 seconds
10:20:38 INFO  Executed sudo&lt;tedge_connect_c8y&gt;, exit status 0, duration 13 secs
10:20:38 INFO  Executed sudo&lt;tedge_connect_c8y_test&gt;, exit status 0
10:20:39 INFO  Executed systemctl&lt;serv_mosq2&gt;, exit status 0
10:20:39 INFO  Executed systemctl&lt;serv_mapper3&gt;, exit status 0
10:20:42 INFO  State of current operation: SUCCESSFUL
10:20:42 INFO  Assert that (False == value) with value=False ... passed
10:20:42 INFO  Assert that (False == value) with value=False ... passed
10:20:42 INFO  Assert that (False == value) with value=False ... passed
10:20:43 INFO  Assert that (False == value) with value=False ... passed
10:20:43 INFO  Package moon-buggy is installed
10:20:43 WARN  Assert that (False == value) with value=True ... failed 
10:20:44 INFO  Response status: 201
10:20:44 INFO  Response to action: {
    &quot;creationTime&quot;: &quot;2022-04-29T10:20:44.597Z&quot;,
    &quot;deviceName&quot;: &quot;mythicb&quot;,
    &quot;deviceId&quot;: &quot;17927032&quot;,
    &quot;self&quot;: &quot;https://t493319102.eu-latest.cumulocity.com/devicecontrol/operations/17963008&quot;,
    &quot;id&quot;: &quot;17963008&quot;,
    &quot;status&quot;: &quot;PENDING&quot;,
    &quot;description&quot;: &quot;Apply software changes, triggered from PySys: [{'action': 'install', 'id': '5475369', 'name': 'asciijump', 'url': ' ', 'version': '::apt'}, {'action': 'install', 'id': '5474869', 'name': 'robotfindskitten', 'url': ' ', 'version': ' '}, {'action': 'install', 'id': '5475279', 'name': 'squirrel3', 'url': ' ', 'version': '3.1-7::apt'}, {'action': 'install', 'id': '5152439', 'name': 'rolldice', 'url': ' ', 'version': '1.16-1+b1'}, {'action': 'install', 'id': '5439204', 'name': 'moon-buggy', 'url': ' ', 'version': '1:1.0.51-12'}, {'action': 'install', 'id': '5475369', 'name': 'asciijump', 'url': ' ', 'version': '::apt'}]&quot;,
    &quot;c8y_SoftwareUpdate&quot;: [
        {
            &quot;name&quot;: &quot;asciijump&quot;,
            &quot;action&quot;: &quot;install&quot;,
            &quot;id&quot;: &quot;5475369&quot;,
            &quot;version&quot;: &quot;::apt&quot;,
            &quot;url&quot;: &quot; &quot;
        },
        {
            &quot;name&quot;: &quot;robotfindskitten&quot;,
            &quot;action&quot;: &quot;install&quot;,
            &quot;id&quot;: &quot;5474869&quot;,
            &quot;version&quot;: &quot; &quot;,
            &quot;url&quot;: &quot; &quot;
        },
        {
            &quot;name&quot;: &quot;squirrel3&quot;,
            &quot;action&quot;: &quot;install&quot;,
            &quot;id&quot;: &quot;5475279&quot;,
            &quot;version&quot;: &quot;3.1-7::apt&quot;,
            &quot;url&quot;: &quot; &quot;
        },
        {
            &quot;name&quot;: &quot;rolldice&quot;,
            &quot;action&quot;: &quot;install&quot;,
            &quot;id&quot;: &quot;5152439&quot;,
            &quot;version&quot;: &quot;1.16-1+b1&quot;,
            &quot;url&quot;: &quot; &quot;
        },
        {
            &quot;name&quot;: &quot;moon-buggy&quot;,
            &quot;action&quot;: &quot;install&quot;,
            &quot;id&quot;: &quot;5439204&quot;,
            &quot;version&quot;: &quot;1:1.0.51-12&quot;,
            &quot;url&quot;: &quot; &quot;
        },
        {
            &quot;name&quot;: &quot;asciijump&quot;,
            &quot;action&quot;: &quot;install&quot;,
            &quot;id&quot;: &quot;5475369&quot;,
            &quot;version&quot;: &quot;::apt&quot;,
            &quot;url&quot;: &quot; &quot;
        }
    ]
}
10:20:44 INFO  Started operation: {'creationTime': '2022-04-29T10:20:44.597Z', 'deviceName': 'mythicb', 'deviceId': '17927032', 'self': 'https://t493319102.eu-latest.cumulocity.com/devicecontrol/operations/17963008', 'id': '17963008', 'status': 'PENDING', 'description': &quot;Apply software changes, triggered from PySys: [{'action': 'install', 'id': '5475369', 'name': 'asciijump', 'url': ' ', 'version': '::apt'}, {'action': 'install', 'id': '5474869', 'name': 'robotfindskitten', 'url': ' ', 'version': ' '}, {'action': 'install', 'id': '5475279', 'name': 'squirrel3', 'url': ' ', 'version': '3.1-7::apt'}, {'action': 'install', 'id': '5152439', 'name': 'rolldice', 'url': ' ', 'version': '1.16-1+b1'}, {'action': 'install', 'id': '5439204', 'name': 'moon-buggy', 'url': ' ', 'version': '1:1.0.51-12'}, {'action': 'install', 'id': '5475369', 'name': 'asciijump', 'url': ' ', 'version': '::apt'}]&quot;, 'c8y_SoftwareUpdate': [{'name': 'asciijump', 'action': 'install', 'id': '5475369', 'version': '::apt', 'url': ' '}, {'name': 'robotfindskitten', 'action': 'install', 'id': '5474869', 'version': ' ', 'url': ' '}, {'name': 'squirrel3', 'action': 'install', 'id': '5475279', 'version': '3.1-7::apt', 'url': ' '}, {'name': 'rolldice', 'action': 'install', 'id': '5152439', 'version': '1.16-1+b1', 'url': ' '}, {'name': 'moon-buggy', 'action': 'install', 'id': '5439204', 'version': '1:1.0.51-12', 'url': ' '}, {'name': 'asciijump', 'action': 'install', 'id': '5475369', 'version': '::apt', 'url': ' '}]}
10:20:46 INFO  State of operation 17963008 : PENDING
10:20:49 INFO  State of operation 17963008 : EXECUTING
10:20:51 INFO  State of operation 17963008 : EXECUTING
10:20:53 INFO  State of operation 17963008 : EXECUTING
10:20:55 INFO  State of operation 17963008 : EXECUTING
10:20:58 INFO  State of operation 17963008 : EXECUTING
10:21:00 INFO  State of operation 17963008 : EXECUTING
10:21:03 INFO  State of operation 17963008 : EXECUTING
10:21:06 INFO  State of operation 17963008 : EXECUTING
10:21:09 INFO  State of operation 17963008 : EXECUTING
10:21:11 INFO  State of operation 17963008 : EXECUTING
10:21:13 INFO  State of operation 17963008 : EXECUTING
10:21:15 INFO  State of operation 17963008 : EXECUTING
10:21:18 INFO  State of operation 17963008 : EXECUTING
10:21:20 INFO  State of operation 17963008 : EXECUTING
10:21:22 INFO  State of operation 17963008 : EXECUTING
10:21:24 INFO  State of operation 17963008 : EXECUTING
10:21:27 INFO  State of operation 17963008 : EXECUTING
10:21:30 INFO  State of operation 17963008 : EXECUTING
10:21:32 INFO  State of operation 17963008 : EXECUTING
10:21:34 INFO  State of operation 17963008 : EXECUTING
10:21:36 INFO  State of operation 17963008 : EXECUTING
10:21:38 INFO  State of operation 17963008 : EXECUTING
10:21:41 INFO  State of operation 17963008 : EXECUTING
10:21:44 INFO  State of operation 17963008 : EXECUTING
10:21:46 INFO  State of operation 17963008 : EXECUTING
10:21:50 INFO  State of operation 17963008 : EXECUTING
10:21:52 INFO  State of operation 17963008 : EXECUTING
10:21:54 INFO  State of operation 17963008 : EXECUTING
10:21:57 INFO  State of operation 17963008 : EXECUTING
10:21:59 INFO  State of operation 17963008 : EXECUTING
10:22:01 INFO  State of operation 17963008 : EXECUTING
10:22:03 INFO  State of operation 17963008 : EXECUTING
10:22:06 INFO  State of operation 17963008 : EXECUTING
10:22:08 INFO  State of operation 17963008 : EXECUTING
10:22:10 INFO  State of operation 17963008 : EXECUTING
10:22:12 INFO  State of operation 17963008 : EXECUTING
10:22:15 INFO  State of operation 17963008 : EXECUTING
10:22:18 INFO  State of operation 17963008 : EXECUTING
10:22:20 INFO  State of operation 17963008 : EXECUTING
10:22:23 INFO  State of operation 17963008 : EXECUTING
10:22:25 INFO  State of operation 17963008 : EXECUTING
10:22:28 INFO  State of operation 17963008 : EXECUTING
10:22:30 INFO  State of operation 17963008 : EXECUTING
10:22:32 INFO  State of operation 17963008 : EXECUTING
10:22:34 INFO  State of operation 17963008 : EXECUTING
10:22:36 INFO  State of operation 17963008 : EXECUTING
10:22:39 INFO  State of operation 17963008 : EXECUTING
10:22:41 INFO  State of operation 17963008 : EXECUTING
10:22:45 INFO  State of operation 17963008 : EXECUTING
10:22:47 INFO  State of operation 17963008 : EXECUTING
10:22:49 INFO  State of operation 17963008 : EXECUTING
10:22:52 INFO  State of operation 17963008 : EXECUTING
10:22:55 INFO  State of operation 17963008 : EXECUTING
10:22:57 INFO  State of operation 17963008 : EXECUTING
10:23:00 INFO  State of operation 17963008 : EXECUTING
10:23:02 INFO  State of operation 17963008 : EXECUTING
10:23:04 INFO  State of operation 17963008 : EXECUTING
10:23:06 INFO  State of operation 17963008 : EXECUTING
10:23:08 INFO  State of operation 17963008 : EXECUTING
10:23:11 INFO  State of operation 17963008 : EXECUTING
10:23:13 WARN  SystemError occurred while running test - Timeout while waiting for status SUCCESSFUL or False
Traceback (most recent call last):
  File &quot;/home/pi/env-pysys/lib/python3.7/site-packages/pysys/baserunner.py&quot;, line 1294, in __call__
    self.testObj.execute()
  File &quot;/home/pi/actions-runner/_work/thin-edge.io/thin-edge.io/tests/PySys/software_management_end_to_end/sm_apt_install_remove_multiple_mixed/run.py&quot;, line 89, in execute
    self.wait_until_succcess()
  File &quot;/home/pi/actions-runner/_work/thin-edge.io/thin-edge.io/tests/PySys/software_management_end_to_end/environment_sm_management.py&quot;, line 324, in wait_until_succcess
    self.wait_until_status(&quot;SUCCESSFUL&quot;)
  File &quot;/home/pi/actions-runner/_work/thin-edge.io/thin-edge.io/tests/PySys/software_management_end_to_end/environment_sm_management.py&quot;, line 381, in wait_until_status
    &quot;Timeout while waiting for status %s or %s&quot; % (status, status2)
SystemError: Timeout while waiting for status SUCCESSFUL or False
10:23:13 WARN  SystemError: Timeout while waiting for status SUCCESSFUL or False ... blocked 
10:23:13 INFO  
10:23:13 INFO  cleanup:
10:23:18 INFO  Executed sudo&lt;tedge_disconnect_c8y&gt;, exit status 0
10:23:18 INFO  Executed systemctl&lt;serv_mapper5&gt;, exit status 3
10:23:18 INFO  
10:23:18 INFO  Test duration: 181.69 secs
10:23:18 INFO  Test final outcome:  BLOCKED
10:23:18 INFO  Test outcome reason: SystemError: Timeout while waiting for status SUCCESSFUL or False (+1 other failures)
10:23:18 INFO  
</system-out>
	</testcase>
</testsuite>
