<?xml version="1.0" encoding="utf-8"?>
<testsuite failures="1" name="SoftwareManagement.sm_apt_install_remove_default" skipped="0" tests="1" time="165.5" timestamp="2022-04-19T14:36:38">
	<testcase classname="PySysTest" name="SoftwareManagement.sm_apt_install_remove_default">
		<failure message="BLOCKED: SystemError: Timeout while waiting for status FAILED or SUCCESSFUL" type="BLOCKED"/>
		<system-out>14:33:53 INFO  ==============================================================
14:33:53 INFO  Id:    SoftwareManagement.sm_apt_install_remove_default
14:33:53 INFO  Dir:   software_management_end_to_end/
14:33:53 INFO  Title: Validate end to end behaviour for the default plugin for installation and removal of packages
14:33:53 INFO  ==============================================================
14:33:53 INFO  Using sw id database: {'asciijump': '5475369', 'robotfindskitten': '5474869', 'squirrel3': '5475279', 'rolldice': '5152439', 'moon-buggy': '5439204', 'apple': '5495053', 'banana': '5494888', 'cherry': '5495382', 'watermelon': '5494510', 'registry': '8018911', 'hello-world': '8021526', 'docker/getting-started': '8021973', 'alpine': '7991792'}
14:33:53 INFO  EnvironmentC8y Setup
14:33:53 INFO  Executed systemctl&lt;serv_mapper1&gt;, exit status 3
14:33:54 INFO  Restarting mosquitto too frequently in the last 10 seconds. It was only up for 5 seconds
14:33:54 INFO  Delaying execution by 6 seconds
14:34:14 INFO  Executed sudo&lt;tedge_connect_c8y&gt;, exit status 0, duration 14 secs
14:34:14 INFO  Executed sudo&lt;tedge_connect_c8y_test&gt;, exit status 0
14:34:15 INFO  Executed systemctl&lt;serv_mosq2&gt;, exit status 0
14:34:15 INFO  Executed systemctl&lt;serv_mapper3&gt;, exit status 0
14:34:18 INFO  State of current operation: PENDING
14:34:20 INFO  State of current operation: PENDING
14:34:22 INFO  State of current operation: PENDING
14:34:24 INFO  State of current operation: PENDING
14:34:26 INFO  State of current operation: PENDING
14:34:29 INFO  State of current operation: PENDING
14:34:31 INFO  State of current operation: PENDING
14:34:33 INFO  State of current operation: PENDING
14:34:35 INFO  State of current operation: PENDING
14:34:38 INFO  State of current operation: PENDING
14:34:40 INFO  State of current operation: PENDING
14:34:42 INFO  State of current operation: PENDING
14:34:44 INFO  State of current operation: PENDING
14:34:46 INFO  State of current operation: PENDING
14:34:49 INFO  State of current operation: PENDING
14:34:51 INFO  State of current operation: PENDING
14:34:53 INFO  State of current operation: PENDING
14:34:55 INFO  State of current operation: PENDING
14:34:58 INFO  State of current operation: PENDING
14:35:00 INFO  State of current operation: PENDING
14:35:02 INFO  State of current operation: PENDING
14:35:04 INFO  State of current operation: PENDING
14:35:06 INFO  State of current operation: PENDING
14:35:09 INFO  State of current operation: PENDING
14:35:11 INFO  State of current operation: PENDING
14:35:13 INFO  State of current operation: PENDING
14:35:15 INFO  State of current operation: PENDING
14:35:18 INFO  State of current operation: PENDING
14:35:20 INFO  State of current operation: PENDING
14:35:22 INFO  State of current operation: PENDING
14:35:24 INFO  State of current operation: PENDING
14:35:26 INFO  State of current operation: PENDING
14:35:29 INFO  State of current operation: PENDING
14:35:31 INFO  State of current operation: PENDING
14:35:33 INFO  State of current operation: PENDING
14:35:36 INFO  State of current operation: PENDING
14:35:38 INFO  State of current operation: PENDING
14:35:40 INFO  State of current operation: PENDING
14:35:42 INFO  State of current operation: PENDING
14:35:44 INFO  State of current operation: PENDING
14:35:47 INFO  State of current operation: PENDING
14:35:49 INFO  State of current operation: PENDING
14:35:51 INFO  State of current operation: PENDING
14:35:53 INFO  State of current operation: PENDING
14:35:56 INFO  State of current operation: PENDING
14:35:58 INFO  State of current operation: PENDING
14:36:00 INFO  State of current operation: PENDING
14:36:02 INFO  State of current operation: PENDING
14:36:04 INFO  State of current operation: PENDING
14:36:07 INFO  State of current operation: PENDING
14:36:09 INFO  State of current operation: PENDING
14:36:11 INFO  State of current operation: PENDING
14:36:13 INFO  State of current operation: PENDING
14:36:16 INFO  State of current operation: PENDING
14:36:18 INFO  State of current operation: PENDING
14:36:20 INFO  State of current operation: PENDING
14:36:22 INFO  State of current operation: PENDING
14:36:25 INFO  State of current operation: PENDING
14:36:27 INFO  State of current operation: PENDING
14:36:29 INFO  State of current operation: PENDING
14:36:31 INFO  State of current operation: PENDING
14:36:33 WARN  SystemError occurred while running test - Timeout while waiting for status FAILED or SUCCESSFUL
Traceback (most recent call last):
  File &quot;/home/pi/env-pysys/lib/python3.7/site-packages/pysys/baserunner.py&quot;, line 1292, in __call__
    self.testObj.setup()
  File &quot;/home/pi/actions-runner/_work/thin-edge.io/thin-edge.io/tests/PySys/software_management_end_to_end/sm_apt_install_remove_default/run.py&quot;, line 26, in setup
    super().setup()
  File &quot;/home/pi/actions-runner/_work/thin-edge.io/thin-edge.io/tests/PySys/software_management_end_to_end/environment_sm_management.py&quot;, line 151, in setup
    self.wait_until_end()
  File &quot;/home/pi/actions-runner/_work/thin-edge.io/thin-edge.io/tests/PySys/software_management_end_to_end/environment_sm_management.py&quot;, line 332, in wait_until_end
    self.wait_until_status(&quot;FAILED&quot;, &quot;SUCCESSFUL&quot;)
  File &quot;/home/pi/actions-runner/_work/thin-edge.io/thin-edge.io/tests/PySys/software_management_end_to_end/environment_sm_management.py&quot;, line 381, in wait_until_status
    &quot;Timeout while waiting for status %s or %s&quot; % (status, status2)
SystemError: Timeout while waiting for status FAILED or SUCCESSFUL
14:36:34 WARN  SystemError: Timeout while waiting for status FAILED or SUCCESSFUL ... blocked 
14:36:34 INFO  
14:36:34 INFO  cleanup:
14:36:38 INFO  Executed sudo&lt;tedge_disconnect_c8y&gt;, exit status 0
14:36:38 INFO  Executed systemctl&lt;serv_mapper5&gt;, exit status 3
14:36:38 INFO  
14:36:38 INFO  Test duration: 165.50 secs
14:36:38 INFO  Test final outcome:  BLOCKED
14:36:38 INFO  Test outcome reason: SystemError: Timeout while waiting for status FAILED or SUCCESSFUL
14:36:38 INFO  
</system-out>
	</testcase>
</testsuite>
