<?xml version="1.0" encoding="utf-8"?>
<testsuite failures="1" name="SoftwareManagement.sm_apt_install_remove_multiple" skipped="0" tests="1" time="141.04" timestamp="2022-05-03T09:06:03">
	<testcase classname="PySysTest" name="SoftwareManagement.sm_apt_install_remove_multiple">
		<failure message="FAILED: Assert that (False == value) with value=True (+2 other failures)" type="FAILED"/>
		<system-out>09:03:42 INFO  ==============================================================
09:03:42 INFO  Id:    SoftwareManagement.sm_apt_install_remove_multiple
09:03:42 INFO  Dir:   software_management_end_to_end/
09:03:42 INFO  Title: Validate end to end behaviour for the apt plugin for multiple packages
09:03:42 INFO  ==============================================================
09:03:42 INFO  Using sw id database: {'asciijump': '5475369', 'robotfindskitten': '5474869', 'squirrel3': '5475279', 'rolldice': '5152439', 'moon-buggy': '5439204', 'apple': '5495053', 'banana': '5494888', 'cherry': '5495382', 'watermelon': '5494510', 'registry': '8018911', 'hello-world': '8021526', 'docker/getting-started': '8021973', 'alpine': '7991792'}
09:03:42 INFO  EnvironmentC8y Setup
09:03:42 INFO  Executed systemctl&lt;serv_mapper1&gt;, exit status 3
09:03:43 INFO  Restarting mosquitto too frequently in the last 10 seconds. It was only up for 5 seconds
09:03:43 INFO  Delaying execution by 6 seconds
09:04:03 INFO  Executed sudo&lt;tedge_connect_c8y&gt;, exit status 0, duration 14 secs
09:04:03 INFO  Executed sudo&lt;tedge_connect_c8y_test&gt;, exit status 0
09:04:04 INFO  Executed systemctl&lt;serv_mosq2&gt;, exit status 0
09:04:04 INFO  Executed systemctl&lt;serv_mapper3&gt;, exit status 0
09:04:07 INFO  State of current operation: SUCCESSFUL
09:04:07 INFO  Assert that (False == value) with value=False ... passed
09:04:07 INFO  Package asciijump is installed
09:04:07 WARN  Assert that (False == value) with value=True ... failed 
09:04:08 INFO  Package squirrel3 is installed
09:04:08 WARN  Assert that (False == value) with value=True ... failed 
09:04:08 INFO  Package robotfindskitten is installed
09:04:08 WARN  Assert that (False == value) with value=True ... failed 
09:04:08 INFO  Response status: 201
09:04:08 INFO  Response to action: {
    &quot;creationTime&quot;: &quot;2022-05-03T09:04:08.490Z&quot;,
    &quot;deviceName&quot;: &quot;mythicb&quot;,
    &quot;deviceId&quot;: &quot;18233696&quot;,
    &quot;self&quot;: &quot;https://t493319102.eu-latest.cumulocity.com/devicecontrol/operations/18273996&quot;,
    &quot;id&quot;: &quot;18273996&quot;,
    &quot;status&quot;: &quot;PENDING&quot;,
    &quot;description&quot;: &quot;Apply software changes, triggered from PySys: [{'action': 'install', 'id': '5475369', 'name': 'asciijump', 'url': ' ', 'version': '::apt'}, {'action': 'install', 'id': '5474869', 'name': 'robotfindskitten', 'url': ' ', 'version': '::apt'}, {'action': 'install', 'id': '5475279', 'name': 'squirrel3', 'url': ' ', 'version': '::apt'}]&quot;,
    &quot;c8y_SoftwareUpdate&quot;: [
        {
            &quot;name&quot;: &quot;asciijump&quot;,
            &quot;action&quot;: &quot;install&quot;,
            &quot;id&quot;: &quot;5475369&quot;,
            &quot;version&quot;: &quot;::apt&quot;,
            &quot;url&quot;: &quot; &quot;
        },
        {
            &quot;name&quot;: &quot;robotfindskitten&quot;,
            &quot;action&quot;: &quot;install&quot;,
            &quot;id&quot;: &quot;5474869&quot;,
            &quot;version&quot;: &quot;::apt&quot;,
            &quot;url&quot;: &quot; &quot;
        },
        {
            &quot;name&quot;: &quot;squirrel3&quot;,
            &quot;action&quot;: &quot;install&quot;,
            &quot;id&quot;: &quot;5475279&quot;,
            &quot;version&quot;: &quot;::apt&quot;,
            &quot;url&quot;: &quot; &quot;
        }
    ]
}
09:04:08 INFO  Started operation: {'creationTime': '2022-05-03T09:04:08.490Z', 'deviceName': 'mythicb', 'deviceId': '18233696', 'self': 'https://t493319102.eu-latest.cumulocity.com/devicecontrol/operations/18273996', 'id': '18273996', 'status': 'PENDING', 'description': &quot;Apply software changes, triggered from PySys: [{'action': 'install', 'id': '5475369', 'name': 'asciijump', 'url': ' ', 'version': '::apt'}, {'action': 'install', 'id': '5474869', 'name': 'robotfindskitten', 'url': ' ', 'version': '::apt'}, {'action': 'install', 'id': '5475279', 'name': 'squirrel3', 'url': ' ', 'version': '::apt'}]&quot;, 'c8y_SoftwareUpdate': [{'name': 'asciijump', 'action': 'install', 'id': '5475369', 'version': '::apt', 'url': ' '}, {'name': 'robotfindskitten', 'action': 'install', 'id': '5474869', 'version': '::apt', 'url': ' '}, {'name': 'squirrel3', 'action': 'install', 'id': '5475279', 'version': '::apt', 'url': ' '}]}
09:04:10 INFO  State of operation 18273996 : PENDING
09:04:12 INFO  State of operation 18273996 : EXECUTING
09:04:15 INFO  State of operation 18273996 : EXECUTING
09:04:17 INFO  State of operation 18273996 : EXECUTING
09:04:19 INFO  State of operation 18273996 : EXECUTING
09:04:21 INFO  State of operation 18273996 : EXECUTING
09:04:24 INFO  State of operation 18273996 : EXECUTING
09:04:28 INFO  State of operation 18273996 : EXECUTING
09:04:31 INFO  State of operation 18273996 : EXECUTING
09:04:33 INFO  State of operation 18273996 : EXECUTING
09:04:35 INFO  State of operation 18273996 : EXECUTING
09:04:37 INFO  State of operation 18273996 : EXECUTING
09:04:40 INFO  State of operation 18273996 : EXECUTING
09:04:42 INFO  State of operation 18273996 : EXECUTING
09:04:44 INFO  State of operation 18273996 : EXECUTING
09:04:46 INFO  State of operation 18273996 : SUCCESSFUL
09:04:47 INFO  Assert that (False == value) with value=False ... passed
09:04:47 INFO  Package asciijump is installed
09:04:47 INFO  Assert that (True == value) with value=True ... passed
09:04:47 INFO  Package squirrel3 is installed
09:04:47 INFO  Assert that (True == value) with value=True ... passed
09:04:47 INFO  Package robotfindskitten is installed
09:04:47 INFO  Assert that (True == value) with value=True ... passed
09:04:47 INFO  Response status: 201
09:04:47 INFO  Response to action: {
    &quot;creationTime&quot;: &quot;2022-05-03T09:04:47.890Z&quot;,
    &quot;deviceName&quot;: &quot;mythicb&quot;,
    &quot;deviceId&quot;: &quot;18233696&quot;,
    &quot;self&quot;: &quot;https://t493319102.eu-latest.cumulocity.com/devicecontrol/operations/18274005&quot;,
    &quot;id&quot;: &quot;18274005&quot;,
    &quot;status&quot;: &quot;PENDING&quot;,
    &quot;description&quot;: &quot;Apply software changes, triggered from PySys: [{'action': 'delete', 'id': '5475369', 'name': 'asciijump', 'url': ' ', 'version': '::apt'}, {'action': 'delete', 'id': '5474869', 'name': 'robotfindskitten', 'url': ' ', 'version': '::apt'}, {'action': 'delete', 'id': '5475279', 'name': 'squirrel3', 'url': ' ', 'version': '::apt'}]&quot;,
    &quot;c8y_SoftwareUpdate&quot;: [
        {
            &quot;name&quot;: &quot;asciijump&quot;,
            &quot;action&quot;: &quot;delete&quot;,
            &quot;id&quot;: &quot;5475369&quot;,
            &quot;version&quot;: &quot;::apt&quot;,
            &quot;url&quot;: &quot; &quot;
        },
        {
            &quot;name&quot;: &quot;robotfindskitten&quot;,
            &quot;action&quot;: &quot;delete&quot;,
            &quot;id&quot;: &quot;5474869&quot;,
            &quot;version&quot;: &quot;::apt&quot;,
            &quot;url&quot;: &quot; &quot;
        },
        {
            &quot;name&quot;: &quot;squirrel3&quot;,
            &quot;action&quot;: &quot;delete&quot;,
            &quot;id&quot;: &quot;5475279&quot;,
            &quot;version&quot;: &quot;::apt&quot;,
            &quot;url&quot;: &quot; &quot;
        }
    ]
}
09:04:47 INFO  Started operation: {'creationTime': '2022-05-03T09:04:47.890Z', 'deviceName': 'mythicb', 'deviceId': '18233696', 'self': 'https://t493319102.eu-latest.cumulocity.com/devicecontrol/operations/18274005', 'id': '18274005', 'status': 'PENDING', 'description': &quot;Apply software changes, triggered from PySys: [{'action': 'delete', 'id': '5475369', 'name': 'asciijump', 'url': ' ', 'version': '::apt'}, {'action': 'delete', 'id': '5474869', 'name': 'robotfindskitten', 'url': ' ', 'version': '::apt'}, {'action': 'delete', 'id': '5475279', 'name': 'squirrel3', 'url': ' ', 'version': '::apt'}]&quot;, 'c8y_SoftwareUpdate': [{'name': 'asciijump', 'action': 'delete', 'id': '5475369', 'version': '::apt', 'url': ' '}, {'name': 'robotfindskitten', 'action': 'delete', 'id': '5474869', 'version': '::apt', 'url': ' '}, {'name': 'squirrel3', 'action': 'delete', 'id': '5475279', 'version': '::apt', 'url': ' '}]}
09:04:50 INFO  State of operation 18274005 : PENDING
09:04:52 INFO  State of operation 18274005 : EXECUTING
09:04:54 INFO  State of operation 18274005 : EXECUTING
09:04:56 INFO  State of operation 18274005 : EXECUTING
09:04:59 INFO  State of operation 18274005 : EXECUTING
09:05:01 INFO  State of operation 18274005 : EXECUTING
09:05:04 INFO  State of operation 18274005 : EXECUTING
09:05:08 INFO  State of operation 18274005 : EXECUTING
09:05:10 INFO  State of operation 18274005 : EXECUTING
09:05:12 INFO  State of operation 18274005 : EXECUTING
09:05:15 INFO  State of operation 18274005 : EXECUTING
09:05:17 INFO  State of operation 18274005 : EXECUTING
09:05:19 INFO  State of operation 18274005 : EXECUTING
09:05:21 INFO  State of operation 18274005 : EXECUTING
09:05:24 INFO  State of operation 18274005 : EXECUTING
09:05:26 INFO  State of operation 18274005 : EXECUTING
09:05:29 INFO  State of operation 18274005 : EXECUTING
09:05:31 INFO  State of operation 18274005 : EXECUTING
09:05:34 INFO  State of operation 18274005 : EXECUTING
09:05:36 INFO  State of operation 18274005 : EXECUTING
09:05:38 INFO  State of operation 18274005 : EXECUTING
09:05:41 INFO  State of operation 18274005 : EXECUTING
09:05:43 INFO  State of operation 18274005 : EXECUTING
09:05:45 INFO  State of operation 18274005 : EXECUTING
09:05:47 INFO  State of operation 18274005 : EXECUTING
09:05:50 INFO  State of operation 18274005 : EXECUTING
09:05:53 INFO  State of operation 18274005 : EXECUTING
09:05:55 INFO  State of operation 18274005 : EXECUTING
09:05:57 INFO  State of operation 18274005 : SUCCESSFUL
09:05:57 INFO  Assert that (False == value) with value=False ... passed
09:05:58 INFO  Assert that (False == value) with value=False ... passed
09:05:58 INFO  Assert that (False == value) with value=False ... passed
09:05:58 INFO  Assert that (False == value) with value=False ... passed
09:05:58 INFO  
09:05:58 INFO  cleanup:
09:06:02 INFO  Executed sudo&lt;tedge_disconnect_c8y&gt;, exit status 0
09:06:03 INFO  Executed systemctl&lt;serv_mapper5&gt;, exit status 3
09:06:03 INFO  
09:06:03 INFO  Test duration: 141.04 secs
09:06:03 INFO  Test final outcome:  FAILED
09:06:03 INFO  Test outcome reason: Assert that (False == value) with value=True (+2 other failures)
09:06:03 INFO  
</system-out>
	</testcase>
</testsuite>
