<?xml version="1.0" encoding="utf-8"?>
<testsuite failures="1" name="SoftwareManagement.sm_docker_install_remove_multiple" skipped="0" tests="1" time="110.84" timestamp="2022-04-28T16:45:54">
	<testcase classname="SMDockerInstallRemove" name="SoftwareManagement.sm_docker_install_remove_multiple">
		<failure message="BLOCKED: SystemError: The operation has failed" type="BLOCKED"/>
		<system-out>16:44:03 INFO  ==============================================================
16:44:03 INFO  Id:    SoftwareManagement.sm_docker_install_remove_multiple
16:44:03 INFO  Dir:   software_management_end_to_end/
16:44:03 INFO  Title: Validate end to end behaviour for the docker plugin for multiple docker images with mixed versions
16:44:03 INFO  ==============================================================
16:44:03 INFO  Using sw id database: {'asciijump': '5475369', 'robotfindskitten': '5474869', 'squirrel3': '5475279', 'rolldice': '5152439', 'moon-buggy': '5439204', 'apple': '5495053', 'banana': '5494888', 'cherry': '5495382', 'watermelon': '5494510', 'registry': '8018911', 'hello-world': '8021526', 'docker/getting-started': '8021973', 'alpine': '7991792'}
16:44:03 INFO  EnvironmentC8y Setup
16:44:04 INFO  Executed systemctl&lt;serv_mapper1&gt;, exit status 3
16:44:04 INFO  Restarting mosquitto too frequently in the last 10 seconds. It was only up for 5 seconds
16:44:04 INFO  Delaying execution by 6 seconds
16:44:24 INFO  Executed sudo&lt;tedge_connect_c8y&gt;, exit status 0, duration 13 secs
16:44:24 INFO  Executed sudo&lt;tedge_connect_c8y_test&gt;, exit status 0
16:44:25 INFO  Executed systemctl&lt;serv_mosq2&gt;, exit status 0
16:44:25 INFO  Executed systemctl&lt;serv_mapper3&gt;, exit status 0
16:44:28 INFO  State of current operation: SUCCESSFUL
16:44:28 INFO  Response status: 201
16:44:28 INFO  Response to action: {
    &quot;creationTime&quot;: &quot;2022-04-28T16:44:28.386Z&quot;,
    &quot;deviceName&quot;: &quot;mythicb&quot;,
    &quot;deviceId&quot;: &quot;17908757&quot;,
    &quot;self&quot;: &quot;https://t493319102.eu-latest.cumulocity.com/devicecontrol/operations/17923752&quot;,
    &quot;id&quot;: &quot;17923752&quot;,
    &quot;status&quot;: &quot;PENDING&quot;,
    &quot;description&quot;: &quot;Apply software changes, triggered from PySys: [{'action': 'install', 'id': '8021526', 'name': 'hello-world', 'url': '', 'version': '::docker'}, {'action': 'install', 'id': '8018911', 'name': 'registry', 'url': '', 'version': '2.6.2::docker'}]&quot;,
    &quot;c8y_SoftwareUpdate&quot;: [
        {
            &quot;name&quot;: &quot;hello-world&quot;,
            &quot;action&quot;: &quot;install&quot;,
            &quot;id&quot;: &quot;8021526&quot;,
            &quot;version&quot;: &quot;::docker&quot;,
            &quot;url&quot;: &quot;&quot;
        },
        {
            &quot;name&quot;: &quot;registry&quot;,
            &quot;action&quot;: &quot;install&quot;,
            &quot;id&quot;: &quot;8018911&quot;,
            &quot;version&quot;: &quot;2.6.2::docker&quot;,
            &quot;url&quot;: &quot;&quot;
        }
    ]
}
16:44:28 INFO  Started operation: {'creationTime': '2022-04-28T16:44:28.386Z', 'deviceName': 'mythicb', 'deviceId': '17908757', 'self': 'https://t493319102.eu-latest.cumulocity.com/devicecontrol/operations/17923752', 'id': '17923752', 'status': 'PENDING', 'description': &quot;Apply software changes, triggered from PySys: [{'action': 'install', 'id': '8021526', 'name': 'hello-world', 'url': '', 'version': '::docker'}, {'action': 'install', 'id': '8018911', 'name': 'registry', 'url': '', 'version': '2.6.2::docker'}]&quot;, 'c8y_SoftwareUpdate': [{'name': 'hello-world', 'action': 'install', 'id': '8021526', 'version': '::docker', 'url': ''}, {'name': 'registry', 'action': 'install', 'id': '8018911', 'version': '2.6.2::docker', 'url': ''}]}
16:44:30 INFO  State of operation 17923752 : PENDING
16:44:32 INFO  State of operation 17923752 : EXECUTING
16:44:35 INFO  State of operation 17923752 : EXECUTING
16:44:37 INFO  State of operation 17923752 : EXECUTING
16:44:39 INFO  State of operation 17923752 : EXECUTING
16:44:41 INFO  State of operation 17923752 : EXECUTING
16:44:44 INFO  State of operation 17923752 : EXECUTING
16:44:46 INFO  State of operation 17923752 : EXECUTING
16:44:48 INFO  State of operation 17923752 : EXECUTING
16:44:50 INFO  State of operation 17923752 : EXECUTING
16:44:53 INFO  State of operation 17923752 : EXECUTING
16:44:55 INFO  State of operation 17923752 : EXECUTING
16:44:57 INFO  State of operation 17923752 : EXECUTING
16:45:00 INFO  State of operation 17923752 : EXECUTING
16:45:02 INFO  State of operation 17923752 : EXECUTING
16:45:04 INFO  State of operation 17923752 : EXECUTING
16:45:06 INFO  State of operation 17923752 : SUCCESSFUL
16:45:08 INFO  Package hello-world is installed
16:45:08 INFO  Package hello-world is installed
16:45:08 INFO  Assert that (True == value) with value=True ... passed
16:45:08 INFO  Package registry is installed
16:45:08 INFO  Assert that (True == value) with value=True ... passed
16:45:08 INFO  Assert that (False == value) with value=False ... passed
16:45:09 INFO  Response status: 201
16:45:09 INFO  Response to action: {
    &quot;creationTime&quot;: &quot;2022-04-28T16:45:08.969Z&quot;,
    &quot;deviceName&quot;: &quot;mythicb&quot;,
    &quot;deviceId&quot;: &quot;17908757&quot;,
    &quot;self&quot;: &quot;https://t493319102.eu-latest.cumulocity.com/devicecontrol/operations/17923761&quot;,
    &quot;id&quot;: &quot;17923761&quot;,
    &quot;status&quot;: &quot;PENDING&quot;,
    &quot;description&quot;: &quot;Apply software changes, triggered from PySys: [{'action': 'install', 'id': '8018911', 'name': 'registry', 'url': '', 'version': '2.7.1::docker'}, {'action': 'install', 'id': '7991792', 'name': 'alpine', 'url': '', 'version': '::docker'}]&quot;,
    &quot;c8y_SoftwareUpdate&quot;: [
        {
            &quot;name&quot;: &quot;registry&quot;,
            &quot;action&quot;: &quot;install&quot;,
            &quot;id&quot;: &quot;8018911&quot;,
            &quot;version&quot;: &quot;2.7.1::docker&quot;,
            &quot;url&quot;: &quot;&quot;
        },
        {
            &quot;name&quot;: &quot;alpine&quot;,
            &quot;action&quot;: &quot;install&quot;,
            &quot;id&quot;: &quot;7991792&quot;,
            &quot;version&quot;: &quot;::docker&quot;,
            &quot;url&quot;: &quot;&quot;
        }
    ]
}
16:45:09 INFO  Started operation: {'creationTime': '2022-04-28T16:45:08.969Z', 'deviceName': 'mythicb', 'deviceId': '17908757', 'self': 'https://t493319102.eu-latest.cumulocity.com/devicecontrol/operations/17923761', 'id': '17923761', 'status': 'PENDING', 'description': &quot;Apply software changes, triggered from PySys: [{'action': 'install', 'id': '8018911', 'name': 'registry', 'url': '', 'version': '2.7.1::docker'}, {'action': 'install', 'id': '7991792', 'name': 'alpine', 'url': '', 'version': '::docker'}]&quot;, 'c8y_SoftwareUpdate': [{'name': 'registry', 'action': 'install', 'id': '8018911', 'version': '2.7.1::docker', 'url': ''}, {'name': 'alpine', 'action': 'install', 'id': '7991792', 'version': '::docker', 'url': ''}]}
16:45:11 INFO  State of operation 17923761 : PENDING
16:45:13 INFO  State of operation 17923761 : EXECUTING
16:45:15 INFO  State of operation 17923761 : EXECUTING
16:45:18 INFO  State of operation 17923761 : EXECUTING
16:45:20 INFO  State of operation 17923761 : EXECUTING
16:45:22 INFO  State of operation 17923761 : EXECUTING
16:45:24 INFO  State of operation 17923761 : EXECUTING
16:45:27 INFO  State of operation 17923761 : FAILED
16:45:27 ERROR Stopping as the operation has failed
16:45:27 WARN  SystemError occurred while running test - The operation has failed
Traceback (most recent call last):
  File &quot;/home/pi/env-pysys/lib/python3.7/site-packages/pysys/baserunner.py&quot;, line 1294, in __call__
    self.testObj.execute()
  File &quot;/home/pi/actions-runner/_work/thin-edge.io/thin-edge.io/tests/PySys/software_management_end_to_end/sm_docker_install_remove_multiple/run.py&quot;, line 91, in execute
    self.wait_until_succcess()
  File &quot;/home/pi/actions-runner/_work/thin-edge.io/thin-edge.io/tests/PySys/software_management_end_to_end/environment_sm_management.py&quot;, line 324, in wait_until_succcess
    self.wait_until_status(&quot;SUCCESSFUL&quot;)
  File &quot;/home/pi/actions-runner/_work/thin-edge.io/thin-edge.io/tests/PySys/software_management_end_to_end/environment_sm_management.py&quot;, line 361, in wait_until_status
    raise SystemError(&quot;The operation has failed&quot;)
SystemError: The operation has failed
16:45:27 WARN  SystemError: The operation has failed ... blocked 
16:45:27 INFO  
16:45:27 INFO  cleanup:
16:45:27 INFO  Response status: 201
16:45:27 INFO  Response to action: {
    &quot;creationTime&quot;: &quot;2022-04-28T16:45:27.225Z&quot;,
    &quot;deviceName&quot;: &quot;mythicb&quot;,
    &quot;deviceId&quot;: &quot;17908757&quot;,
    &quot;self&quot;: &quot;https://t493319102.eu-latest.cumulocity.com/devicecontrol/operations/17923763&quot;,
    &quot;id&quot;: &quot;17923763&quot;,
    &quot;status&quot;: &quot;PENDING&quot;,
    &quot;description&quot;: &quot;Apply software changes, triggered from PySys: [{'action': 'delete', 'id': '8018911', 'name': 'registry', 'url': '', 'version': '2.7.1::docker'}, {'action': 'delete', 'id': '7991792', 'name': 'alpine', 'url': '', 'version': '::docker'}, {'action': 'delete', 'id': '8021526', 'name': 'hello-world', 'url': '', 'version': '::docker'}]&quot;,
    &quot;c8y_SoftwareUpdate&quot;: [
        {
            &quot;name&quot;: &quot;registry&quot;,
            &quot;action&quot;: &quot;delete&quot;,
            &quot;id&quot;: &quot;8018911&quot;,
            &quot;version&quot;: &quot;2.7.1::docker&quot;,
            &quot;url&quot;: &quot;&quot;
        },
        {
            &quot;name&quot;: &quot;alpine&quot;,
            &quot;action&quot;: &quot;delete&quot;,
            &quot;id&quot;: &quot;7991792&quot;,
            &quot;version&quot;: &quot;::docker&quot;,
            &quot;url&quot;: &quot;&quot;
        },
        {
            &quot;name&quot;: &quot;hello-world&quot;,
            &quot;action&quot;: &quot;delete&quot;,
            &quot;id&quot;: &quot;8021526&quot;,
            &quot;version&quot;: &quot;::docker&quot;,
            &quot;url&quot;: &quot;&quot;
        }
    ]
}
16:45:27 INFO  Started operation: {'creationTime': '2022-04-28T16:45:27.225Z', 'deviceName': 'mythicb', 'deviceId': '17908757', 'self': 'https://t493319102.eu-latest.cumulocity.com/devicecontrol/operations/17923763', 'id': '17923763', 'status': 'PENDING', 'description': &quot;Apply software changes, triggered from PySys: [{'action': 'delete', 'id': '8018911', 'name': 'registry', 'url': '', 'version': '2.7.1::docker'}, {'action': 'delete', 'id': '7991792', 'name': 'alpine', 'url': '', 'version': '::docker'}, {'action': 'delete', 'id': '8021526', 'name': 'hello-world', 'url': '', 'version': '::docker'}]&quot;, 'c8y_SoftwareUpdate': [{'name': 'registry', 'action': 'delete', 'id': '8018911', 'version': '2.7.1::docker', 'url': ''}, {'name': 'alpine', 'action': 'delete', 'id': '7991792', 'version': '::docker', 'url': ''}, {'name': 'hello-world', 'action': 'delete', 'id': '8021526', 'version': '::docker', 'url': ''}]}
16:45:29 INFO  State of operation 17923763 : PENDING
16:45:31 INFO  State of operation 17923763 : EXECUTING
16:45:33 INFO  State of operation 17923763 : EXECUTING
16:45:36 INFO  State of operation 17923763 : EXECUTING
16:45:38 INFO  State of operation 17923763 : SUCCESSFUL
16:45:49 INFO  Assert that (False == value) with value=False ... passed
16:45:49 INFO  Assert that (False == value) with value=False ... passed
16:45:50 INFO  Assert that (False == value) with value=False ... passed
16:45:54 INFO  Executed sudo&lt;tedge_disconnect_c8y&gt;, exit status 0
16:45:54 INFO  Executed systemctl&lt;serv_mapper5&gt;, exit status 3
16:45:54 INFO  
16:45:54 INFO  Test duration: 110.84 secs
16:45:54 INFO  Test final outcome:  BLOCKED
16:45:54 INFO  Test outcome reason: SystemError: The operation has failed
16:45:54 INFO  
</system-out>
	</testcase>
</testsuite>
