<?xml version="1.0" encoding="utf-8"?>
<testsuite failures="1" name="SoftwareManagement.sm_apt_install_remove_multiple" skipped="0" tests="1" time="139.92" timestamp="2022-05-11T12:44:26">
	<testcase classname="PySysTest" name="SoftwareManagement.sm_apt_install_remove_multiple">
		<failure message="FAILED: Assert that (False == value) with value=True (+2 other failures)" type="FAILED"/>
		<system-out>12:42:06 INFO  ==============================================================
12:42:06 INFO  Id:    SoftwareManagement.sm_apt_install_remove_multiple
12:42:06 INFO  Dir:   software_management_end_to_end/
12:42:06 INFO  Title: Validate end to end behaviour for the apt plugin for multiple packages
12:42:06 INFO  ==============================================================
12:42:06 INFO  Using sw id database: {'asciijump': '5475369', 'robotfindskitten': '5474869', 'squirrel3': '5475279', 'rolldice': '5152439', 'moon-buggy': '5439204', 'apple': '5495053', 'banana': '5494888', 'cherry': '5495382', 'watermelon': '5494510', 'registry': '8018911', 'hello-world': '8021526', 'docker/getting-started': '8021973', 'alpine': '7991792'}
12:42:06 INFO  EnvironmentC8y Setup
12:42:07 INFO  Executed systemctl&lt;serv_mapper1&gt;, exit status 3
12:42:07 INFO  Restarting mosquitto too frequently in the last 10 seconds. It was only up for 4 seconds
12:42:07 INFO  Delaying execution by 7 seconds
12:42:28 INFO  Executed sudo&lt;tedge_connect_c8y&gt;, exit status 0, duration 13 secs
12:42:29 INFO  Executed sudo&lt;tedge_connect_c8y_test&gt;, exit status 0
12:42:29 INFO  Executed systemctl&lt;serv_mosq2&gt;, exit status 0
12:42:30 INFO  Executed systemctl&lt;serv_mapper3&gt;, exit status 0
12:42:32 INFO  State of current operation: SUCCESSFUL
12:42:32 INFO  Assert that (False == value) with value=False ... passed
12:42:32 INFO  Package asciijump is installed
12:42:33 WARN  Assert that (False == value) with value=True ... failed 
12:42:33 INFO  Package squirrel3 is installed
12:42:33 WARN  Assert that (False == value) with value=True ... failed 
12:42:33 INFO  Package robotfindskitten is installed
12:42:33 WARN  Assert that (False == value) with value=True ... failed 
12:42:33 INFO  Response status: 201
12:42:33 INFO  Response to action: {
    &quot;creationTime&quot;: &quot;2022-05-11T12:42:33.698Z&quot;,
    &quot;deviceName&quot;: &quot;mythicb&quot;,
    &quot;deviceId&quot;: &quot;18811612&quot;,
    &quot;self&quot;: &quot;https://t493319102.eu-latest.cumulocity.com/devicecontrol/operations/18840987&quot;,
    &quot;id&quot;: &quot;18840987&quot;,
    &quot;status&quot;: &quot;PENDING&quot;,
    &quot;description&quot;: &quot;Apply software changes, triggered from PySys: [{'action': 'install', 'id': '5475369', 'name': 'asciijump', 'url': ' ', 'version': '::apt'}, {'action': 'install', 'id': '5474869', 'name': 'robotfindskitten', 'url': ' ', 'version': '::apt'}, {'action': 'install', 'id': '5475279', 'name': 'squirrel3', 'url': ' ', 'version': '::apt'}]&quot;,
    &quot;c8y_SoftwareUpdate&quot;: [
        {
            &quot;name&quot;: &quot;asciijump&quot;,
            &quot;action&quot;: &quot;install&quot;,
            &quot;id&quot;: &quot;5475369&quot;,
            &quot;version&quot;: &quot;::apt&quot;,
            &quot;url&quot;: &quot; &quot;
        },
        {
            &quot;name&quot;: &quot;robotfindskitten&quot;,
            &quot;action&quot;: &quot;install&quot;,
            &quot;id&quot;: &quot;5474869&quot;,
            &quot;version&quot;: &quot;::apt&quot;,
            &quot;url&quot;: &quot; &quot;
        },
        {
            &quot;name&quot;: &quot;squirrel3&quot;,
            &quot;action&quot;: &quot;install&quot;,
            &quot;id&quot;: &quot;5475279&quot;,
            &quot;version&quot;: &quot;::apt&quot;,
            &quot;url&quot;: &quot; &quot;
        }
    ]
}
12:42:33 INFO  Started operation: {'creationTime': '2022-05-11T12:42:33.698Z', 'deviceName': 'mythicb', 'deviceId': '18811612', 'self': 'https://t493319102.eu-latest.cumulocity.com/devicecontrol/operations/18840987', 'id': '18840987', 'status': 'PENDING', 'description': &quot;Apply software changes, triggered from PySys: [{'action': 'install', 'id': '5475369', 'name': 'asciijump', 'url': ' ', 'version': '::apt'}, {'action': 'install', 'id': '5474869', 'name': 'robotfindskitten', 'url': ' ', 'version': '::apt'}, {'action': 'install', 'id': '5475279', 'name': 'squirrel3', 'url': ' ', 'version': '::apt'}]&quot;, 'c8y_SoftwareUpdate': [{'name': 'asciijump', 'action': 'install', 'id': '5475369', 'version': '::apt', 'url': ' '}, {'name': 'robotfindskitten', 'action': 'install', 'id': '5474869', 'version': '::apt', 'url': ' '}, {'name': 'squirrel3', 'action': 'install', 'id': '5475279', 'version': '::apt', 'url': ' '}]}
12:42:35 INFO  State of operation 18840987 : PENDING
12:42:38 INFO  State of operation 18840987 : EXECUTING
12:42:40 INFO  State of operation 18840987 : EXECUTING
12:42:42 INFO  State of operation 18840987 : EXECUTING
12:42:44 INFO  State of operation 18840987 : EXECUTING
12:42:47 INFO  State of operation 18840987 : EXECUTING
12:42:50 INFO  State of operation 18840987 : EXECUTING
12:42:53 INFO  State of operation 18840987 : EXECUTING
12:42:55 INFO  State of operation 18840987 : EXECUTING
12:42:57 INFO  State of operation 18840987 : EXECUTING
12:43:00 INFO  State of operation 18840987 : EXECUTING
12:43:02 INFO  State of operation 18840987 : EXECUTING
12:43:04 INFO  State of operation 18840987 : EXECUTING
12:43:06 INFO  State of operation 18840987 : EXECUTING
12:43:08 INFO  State of operation 18840987 : EXECUTING
12:43:11 INFO  State of operation 18840987 : SUCCESSFUL
12:43:11 INFO  Assert that (False == value) with value=False ... passed
12:43:11 INFO  Package asciijump is installed
12:43:11 INFO  Assert that (True == value) with value=True ... passed
12:43:11 INFO  Package squirrel3 is installed
12:43:11 INFO  Assert that (True == value) with value=True ... passed
12:43:12 INFO  Package robotfindskitten is installed
12:43:12 INFO  Assert that (True == value) with value=True ... passed
12:43:12 INFO  Response status: 201
12:43:12 INFO  Response to action: {
    &quot;creationTime&quot;: &quot;2022-05-11T12:43:12.314Z&quot;,
    &quot;deviceName&quot;: &quot;mythicb&quot;,
    &quot;deviceId&quot;: &quot;18811612&quot;,
    &quot;self&quot;: &quot;https://t493319102.eu-latest.cumulocity.com/devicecontrol/operations/18841010&quot;,
    &quot;id&quot;: &quot;18841010&quot;,
    &quot;status&quot;: &quot;PENDING&quot;,
    &quot;description&quot;: &quot;Apply software changes, triggered from PySys: [{'action': 'delete', 'id': '5475369', 'name': 'asciijump', 'url': ' ', 'version': '::apt'}, {'action': 'delete', 'id': '5474869', 'name': 'robotfindskitten', 'url': ' ', 'version': '::apt'}, {'action': 'delete', 'id': '5475279', 'name': 'squirrel3', 'url': ' ', 'version': '::apt'}]&quot;,
    &quot;c8y_SoftwareUpdate&quot;: [
        {
            &quot;name&quot;: &quot;asciijump&quot;,
            &quot;action&quot;: &quot;delete&quot;,
            &quot;id&quot;: &quot;5475369&quot;,
            &quot;version&quot;: &quot;::apt&quot;,
            &quot;url&quot;: &quot; &quot;
        },
        {
            &quot;name&quot;: &quot;robotfindskitten&quot;,
            &quot;action&quot;: &quot;delete&quot;,
            &quot;id&quot;: &quot;5474869&quot;,
            &quot;version&quot;: &quot;::apt&quot;,
            &quot;url&quot;: &quot; &quot;
        },
        {
            &quot;name&quot;: &quot;squirrel3&quot;,
            &quot;action&quot;: &quot;delete&quot;,
            &quot;id&quot;: &quot;5475279&quot;,
            &quot;version&quot;: &quot;::apt&quot;,
            &quot;url&quot;: &quot; &quot;
        }
    ]
}
12:43:12 INFO  Started operation: {'creationTime': '2022-05-11T12:43:12.314Z', 'deviceName': 'mythicb', 'deviceId': '18811612', 'self': 'https://t493319102.eu-latest.cumulocity.com/devicecontrol/operations/18841010', 'id': '18841010', 'status': 'PENDING', 'description': &quot;Apply software changes, triggered from PySys: [{'action': 'delete', 'id': '5475369', 'name': 'asciijump', 'url': ' ', 'version': '::apt'}, {'action': 'delete', 'id': '5474869', 'name': 'robotfindskitten', 'url': ' ', 'version': '::apt'}, {'action': 'delete', 'id': '5475279', 'name': 'squirrel3', 'url': ' ', 'version': '::apt'}]&quot;, 'c8y_SoftwareUpdate': [{'name': 'asciijump', 'action': 'delete', 'id': '5475369', 'version': '::apt', 'url': ' '}, {'name': 'robotfindskitten', 'action': 'delete', 'id': '5474869', 'version': '::apt', 'url': ' '}, {'name': 'squirrel3', 'action': 'delete', 'id': '5475279', 'version': '::apt', 'url': ' '}]}
12:43:14 INFO  State of operation 18841010 : PENDING
12:43:16 INFO  State of operation 18841010 : EXECUTING
12:43:19 INFO  State of operation 18841010 : EXECUTING
12:43:21 INFO  State of operation 18841010 : EXECUTING
12:43:23 INFO  State of operation 18841010 : EXECUTING
12:43:26 INFO  State of operation 18841010 : EXECUTING
12:43:28 INFO  State of operation 18841010 : EXECUTING
12:43:31 INFO  State of operation 18841010 : EXECUTING
12:43:34 INFO  State of operation 18841010 : EXECUTING
12:43:36 INFO  State of operation 18841010 : EXECUTING
12:43:39 INFO  State of operation 18841010 : EXECUTING
12:43:41 INFO  State of operation 18841010 : EXECUTING
12:43:43 INFO  State of operation 18841010 : EXECUTING
12:43:45 INFO  State of operation 18841010 : EXECUTING
12:43:48 INFO  State of operation 18841010 : EXECUTING
12:43:50 INFO  State of operation 18841010 : EXECUTING
12:43:52 INFO  State of operation 18841010 : EXECUTING
12:43:54 INFO  State of operation 18841010 : EXECUTING
12:43:57 INFO  State of operation 18841010 : EXECUTING
12:44:00 INFO  State of operation 18841010 : EXECUTING
12:44:02 INFO  State of operation 18841010 : EXECUTING
12:44:04 INFO  State of operation 18841010 : EXECUTING
12:44:07 INFO  State of operation 18841010 : EXECUTING
12:44:09 INFO  State of operation 18841010 : EXECUTING
12:44:11 INFO  State of operation 18841010 : EXECUTING
12:44:14 INFO  State of operation 18841010 : EXECUTING
12:44:16 INFO  State of operation 18841010 : EXECUTING
12:44:19 INFO  State of operation 18841010 : EXECUTING
12:44:21 INFO  State of operation 18841010 : SUCCESSFUL
12:44:21 INFO  Assert that (False == value) with value=False ... passed
12:44:21 INFO  Assert that (False == value) with value=False ... passed
12:44:22 INFO  Assert that (False == value) with value=False ... passed
12:44:22 INFO  Assert that (False == value) with value=False ... passed
12:44:22 INFO  
12:44:22 INFO  cleanup:
12:44:26 INFO  Executed sudo&lt;tedge_disconnect_c8y&gt;, exit status 0
12:44:26 INFO  Executed systemctl&lt;serv_mapper5&gt;, exit status 3
12:44:26 INFO  
12:44:26 INFO  Test duration: 139.92 secs
12:44:26 INFO  Test final outcome:  FAILED
12:44:26 INFO  Test outcome reason: Assert that (False == value) with value=True (+2 other failures)
12:44:26 INFO  
</system-out>
	</testcase>
</testsuite>
