<?xml version="1.0" encoding="utf-8"?>
<testsuite failures="1" name="SoftwareManagement.sm_apt_install_remove_multiple" skipped="0" tests="1" time="141.74" timestamp="2022-05-23T10:26:58">
	<testcase classname="PySysTest" name="SoftwareManagement.sm_apt_install_remove_multiple">
		<failure message="FAILED: Assert that (False == value) with value=True (+2 other failures)" type="FAILED"/>
		<system-out>10:24:36 INFO  ==============================================================
10:24:36 INFO  Id:    SoftwareManagement.sm_apt_install_remove_multiple
10:24:36 INFO  Dir:   software_management_end_to_end/
10:24:36 INFO  Title: Validate end to end behaviour for the apt plugin for multiple packages
10:24:36 INFO  ==============================================================
10:24:36 INFO  Using sw id database: {'asciijump': '5475369', 'robotfindskitten': '5474869', 'squirrel3': '5475279', 'rolldice': '5152439', 'moon-buggy': '5439204', 'apple': '5495053', 'banana': '5494888', 'cherry': '5495382', 'watermelon': '5494510', 'registry': '8018911', 'hello-world': '8021526', 'docker/getting-started': '8021973', 'alpine': '7991792'}
10:24:36 INFO  EnvironmentC8y Setup
10:24:37 INFO  Executed systemctl&lt;serv_mapper1&gt;, exit status 3
10:24:37 INFO  Restarting mosquitto too frequently in the last 10 seconds. It was only up for 5 seconds
10:24:37 INFO  Delaying execution by 6 seconds
10:24:58 INFO  Executed sudo&lt;tedge_connect_c8y&gt;, exit status 0, duration 14 secs
10:24:59 INFO  Executed sudo&lt;tedge_connect_c8y_test&gt;, exit status 0
10:24:59 INFO  Executed systemctl&lt;serv_mosq2&gt;, exit status 0
10:25:00 INFO  Executed systemctl&lt;serv_mapper3&gt;, exit status 0
10:25:02 INFO  State of current operation: SUCCESSFUL
10:25:02 INFO  Assert that (False == value) with value=False ... passed
10:25:02 INFO  Package asciijump is installed
10:25:02 WARN  Assert that (False == value) with value=True ... failed 
10:25:03 INFO  Package squirrel3 is installed
10:25:03 WARN  Assert that (False == value) with value=True ... failed 
10:25:03 INFO  Package robotfindskitten is installed
10:25:03 WARN  Assert that (False == value) with value=True ... failed 
10:25:03 INFO  Response status: 201
10:25:03 INFO  Response to action: {
    &quot;creationTime&quot;: &quot;2022-05-23T10:25:03.531Z&quot;,
    &quot;deviceId&quot;: &quot;19484862&quot;,
    &quot;deviceName&quot;: &quot;mythicb&quot;,
    &quot;self&quot;: &quot;https://t493319102.eu-latest.cumulocity.com/devicecontrol/operations/19512791&quot;,
    &quot;id&quot;: &quot;19512791&quot;,
    &quot;status&quot;: &quot;PENDING&quot;,
    &quot;description&quot;: &quot;Apply software changes, triggered from PySys: [{'action': 'install', 'id': '5475369', 'name': 'asciijump', 'url': ' ', 'version': '::apt'}, {'action': 'install', 'id': '5474869', 'name': 'robotfindskitten', 'url': ' ', 'version': '::apt'}, {'action': 'install', 'id': '5475279', 'name': 'squirrel3', 'url': ' ', 'version': '::apt'}]&quot;,
    &quot;c8y_SoftwareUpdate&quot;: [
        {
            &quot;name&quot;: &quot;asciijump&quot;,
            &quot;action&quot;: &quot;install&quot;,
            &quot;id&quot;: &quot;5475369&quot;,
            &quot;version&quot;: &quot;::apt&quot;,
            &quot;url&quot;: &quot; &quot;
        },
        {
            &quot;name&quot;: &quot;robotfindskitten&quot;,
            &quot;action&quot;: &quot;install&quot;,
            &quot;id&quot;: &quot;5474869&quot;,
            &quot;version&quot;: &quot;::apt&quot;,
            &quot;url&quot;: &quot; &quot;
        },
        {
            &quot;name&quot;: &quot;squirrel3&quot;,
            &quot;action&quot;: &quot;install&quot;,
            &quot;id&quot;: &quot;5475279&quot;,
            &quot;version&quot;: &quot;::apt&quot;,
            &quot;url&quot;: &quot; &quot;
        }
    ]
}
10:25:03 INFO  Started operation: {'creationTime': '2022-05-23T10:25:03.531Z', 'deviceId': '19484862', 'deviceName': 'mythicb', 'self': 'https://t493319102.eu-latest.cumulocity.com/devicecontrol/operations/19512791', 'id': '19512791', 'status': 'PENDING', 'description': &quot;Apply software changes, triggered from PySys: [{'action': 'install', 'id': '5475369', 'name': 'asciijump', 'url': ' ', 'version': '::apt'}, {'action': 'install', 'id': '5474869', 'name': 'robotfindskitten', 'url': ' ', 'version': '::apt'}, {'action': 'install', 'id': '5475279', 'name': 'squirrel3', 'url': ' ', 'version': '::apt'}]&quot;, 'c8y_SoftwareUpdate': [{'name': 'asciijump', 'action': 'install', 'id': '5475369', 'version': '::apt', 'url': ' '}, {'name': 'robotfindskitten', 'action': 'install', 'id': '5474869', 'version': '::apt', 'url': ' '}, {'name': 'squirrel3', 'action': 'install', 'id': '5475279', 'version': '::apt', 'url': ' '}]}
10:25:05 INFO  State of operation 19512791 : PENDING
10:25:08 INFO  State of operation 19512791 : EXECUTING
10:25:10 INFO  State of operation 19512791 : EXECUTING
10:25:12 INFO  State of operation 19512791 : EXECUTING
10:25:14 INFO  State of operation 19512791 : EXECUTING
10:25:17 INFO  State of operation 19512791 : EXECUTING
10:25:19 INFO  State of operation 19512791 : EXECUTING
10:25:21 INFO  State of operation 19512791 : EXECUTING
10:25:24 INFO  State of operation 19512791 : EXECUTING
10:25:27 INFO  State of operation 19512791 : EXECUTING
10:25:29 INFO  State of operation 19512791 : EXECUTING
10:25:31 INFO  State of operation 19512791 : EXECUTING
10:25:33 INFO  State of operation 19512791 : EXECUTING
10:25:36 INFO  State of operation 19512791 : EXECUTING
10:25:38 INFO  State of operation 19512791 : EXECUTING
10:25:40 INFO  State of operation 19512791 : SUCCESSFUL
10:25:41 INFO  Assert that (False == value) with value=False ... passed
10:25:41 INFO  Package asciijump is installed
10:25:41 INFO  Assert that (True == value) with value=True ... passed
10:25:41 INFO  Package squirrel3 is installed
10:25:41 INFO  Assert that (True == value) with value=True ... passed
10:25:41 INFO  Package robotfindskitten is installed
10:25:41 INFO  Assert that (True == value) with value=True ... passed
10:25:41 INFO  Response status: 201
10:25:41 INFO  Response to action: {
    &quot;creationTime&quot;: &quot;2022-05-23T10:25:41.914Z&quot;,
    &quot;deviceId&quot;: &quot;19484862&quot;,
    &quot;deviceName&quot;: &quot;mythicb&quot;,
    &quot;self&quot;: &quot;https://t493319102.eu-latest.cumulocity.com/devicecontrol/operations/19512803&quot;,
    &quot;id&quot;: &quot;19512803&quot;,
    &quot;status&quot;: &quot;PENDING&quot;,
    &quot;description&quot;: &quot;Apply software changes, triggered from PySys: [{'action': 'delete', 'id': '5475369', 'name': 'asciijump', 'url': ' ', 'version': '::apt'}, {'action': 'delete', 'id': '5474869', 'name': 'robotfindskitten', 'url': ' ', 'version': '::apt'}, {'action': 'delete', 'id': '5475279', 'name': 'squirrel3', 'url': ' ', 'version': '::apt'}]&quot;,
    &quot;c8y_SoftwareUpdate&quot;: [
        {
            &quot;name&quot;: &quot;asciijump&quot;,
            &quot;action&quot;: &quot;delete&quot;,
            &quot;id&quot;: &quot;5475369&quot;,
            &quot;version&quot;: &quot;::apt&quot;,
            &quot;url&quot;: &quot; &quot;
        },
        {
            &quot;name&quot;: &quot;robotfindskitten&quot;,
            &quot;action&quot;: &quot;delete&quot;,
            &quot;id&quot;: &quot;5474869&quot;,
            &quot;version&quot;: &quot;::apt&quot;,
            &quot;url&quot;: &quot; &quot;
        },
        {
            &quot;name&quot;: &quot;squirrel3&quot;,
            &quot;action&quot;: &quot;delete&quot;,
            &quot;id&quot;: &quot;5475279&quot;,
            &quot;version&quot;: &quot;::apt&quot;,
            &quot;url&quot;: &quot; &quot;
        }
    ]
}
10:25:41 INFO  Started operation: {'creationTime': '2022-05-23T10:25:41.914Z', 'deviceId': '19484862', 'deviceName': 'mythicb', 'self': 'https://t493319102.eu-latest.cumulocity.com/devicecontrol/operations/19512803', 'id': '19512803', 'status': 'PENDING', 'description': &quot;Apply software changes, triggered from PySys: [{'action': 'delete', 'id': '5475369', 'name': 'asciijump', 'url': ' ', 'version': '::apt'}, {'action': 'delete', 'id': '5474869', 'name': 'robotfindskitten', 'url': ' ', 'version': '::apt'}, {'action': 'delete', 'id': '5475279', 'name': 'squirrel3', 'url': ' ', 'version': '::apt'}]&quot;, 'c8y_SoftwareUpdate': [{'name': 'asciijump', 'action': 'delete', 'id': '5475369', 'version': '::apt', 'url': ' '}, {'name': 'robotfindskitten', 'action': 'delete', 'id': '5474869', 'version': '::apt', 'url': ' '}, {'name': 'squirrel3', 'action': 'delete', 'id': '5475279', 'version': '::apt', 'url': ' '}]}
10:25:44 INFO  State of operation 19512803 : PENDING
10:25:46 INFO  State of operation 19512803 : EXECUTING
10:25:48 INFO  State of operation 19512803 : EXECUTING
10:25:50 INFO  State of operation 19512803 : EXECUTING
10:25:53 INFO  State of operation 19512803 : EXECUTING
10:25:55 INFO  State of operation 19512803 : EXECUTING
10:25:58 INFO  State of operation 19512803 : EXECUTING
10:26:01 INFO  State of operation 19512803 : EXECUTING
10:26:03 INFO  State of operation 19512803 : EXECUTING
10:26:05 INFO  State of operation 19512803 : EXECUTING
10:26:07 INFO  State of operation 19512803 : EXECUTING
10:26:10 INFO  State of operation 19512803 : EXECUTING
10:26:12 INFO  State of operation 19512803 : EXECUTING
10:26:14 INFO  State of operation 19512803 : EXECUTING
10:26:16 INFO  State of operation 19512803 : EXECUTING
10:26:19 INFO  State of operation 19512803 : EXECUTING
10:26:21 INFO  State of operation 19512803 : EXECUTING
10:26:23 INFO  State of operation 19512803 : EXECUTING
10:26:26 INFO  State of operation 19512803 : EXECUTING
10:26:29 INFO  State of operation 19512803 : EXECUTING
10:26:31 INFO  State of operation 19512803 : EXECUTING
10:26:33 INFO  State of operation 19512803 : EXECUTING
10:26:35 INFO  State of operation 19512803 : EXECUTING
10:26:38 INFO  State of operation 19512803 : EXECUTING
10:26:40 INFO  State of operation 19512803 : EXECUTING
10:26:43 INFO  State of operation 19512803 : EXECUTING
10:26:45 INFO  State of operation 19512803 : EXECUTING
10:26:48 INFO  State of operation 19512803 : EXECUTING
10:26:50 INFO  State of operation 19512803 : EXECUTING
10:26:52 INFO  State of operation 19512803 : SUCCESSFUL
10:26:52 INFO  Assert that (False == value) with value=False ... passed
10:26:53 INFO  Assert that (False == value) with value=False ... passed
10:26:53 INFO  Assert that (False == value) with value=False ... passed
10:26:53 INFO  Assert that (False == value) with value=False ... passed
10:26:53 INFO  
10:26:53 INFO  cleanup:
10:26:58 INFO  Executed sudo&lt;tedge_disconnect_c8y&gt;, exit status 0
10:26:58 INFO  Executed systemctl&lt;serv_mapper5&gt;, exit status 3
10:26:58 INFO  
10:26:58 INFO  Test duration: 141.74 secs
10:26:58 INFO  Test final outcome:  FAILED
10:26:58 INFO  Test outcome reason: Assert that (False == value) with value=True (+2 other failures)
10:26:58 INFO  
</system-out>
	</testcase>
</testsuite>
