<?xml version="1.0" encoding="utf-8"?>
<testsuite failures="1" name="SoftwareManagement.sm_apt_install_remove_multiple" skipped="0" tests="1" time="140.87" timestamp="2022-04-27T15:34:56">
	<testcase classname="PySysTest" name="SoftwareManagement.sm_apt_install_remove_multiple">
		<failure message="FAILED: Assert that (False == value) with value=True (+2 other failures)" type="FAILED"/>
		<system-out>15:32:35 INFO  ==============================================================
15:32:35 INFO  Id:    SoftwareManagement.sm_apt_install_remove_multiple
15:32:35 INFO  Dir:   software_management_end_to_end/
15:32:35 INFO  Title: Validate end to end behaviour for the apt plugin for multiple packages
15:32:35 INFO  ==============================================================
15:32:35 INFO  Using sw id database: {'asciijump': '5475369', 'robotfindskitten': '5474869', 'squirrel3': '5475279', 'rolldice': '5152439', 'moon-buggy': '5439204', 'apple': '5495053', 'banana': '5494888', 'cherry': '5495382', 'watermelon': '5494510', 'registry': '8018911', 'hello-world': '8021526', 'docker/getting-started': '8021973', 'alpine': '7991792'}
15:32:35 INFO  EnvironmentC8y Setup
15:32:36 INFO  Executed systemctl&lt;serv_mapper1&gt;, exit status 3
15:32:36 INFO  Restarting mosquitto too frequently in the last 10 seconds. It was only up for 5 seconds
15:32:36 INFO  Delaying execution by 6 seconds
15:32:56 INFO  Executed sudo&lt;tedge_connect_c8y&gt;, exit status 0, duration 14 secs
15:32:57 INFO  Executed sudo&lt;tedge_connect_c8y_test&gt;, exit status 0
15:32:57 INFO  Executed systemctl&lt;serv_mosq2&gt;, exit status 0
15:32:58 INFO  Executed systemctl&lt;serv_mapper3&gt;, exit status 0
15:33:00 INFO  State of current operation: SUCCESSFUL
15:33:00 INFO  Assert that (False == value) with value=False ... passed
15:33:00 INFO  Package asciijump is installed
15:33:01 WARN  Assert that (False == value) with value=True ... failed 
15:33:01 INFO  Package squirrel3 is installed
15:33:01 WARN  Assert that (False == value) with value=True ... failed 
15:33:01 INFO  Package robotfindskitten is installed
15:33:01 WARN  Assert that (False == value) with value=True ... failed 
15:33:01 INFO  Response status: 201
15:33:01 INFO  Response to action: {
    &quot;delivery&quot;: {
        &quot;time&quot;: &quot;2022-04-27T15:33:01.807Z&quot;,
        &quot;log&quot;: [],
        &quot;status&quot;: &quot;PENDING&quot;
    },
    &quot;creationTime&quot;: &quot;2022-04-27T15:33:01.792Z&quot;,
    &quot;deviceName&quot;: &quot;mythicb&quot;,
    &quot;deviceId&quot;: &quot;17785278&quot;,
    &quot;self&quot;: &quot;https://t493319102.eu-latest.cumulocity.com/devicecontrol/operations/17799232&quot;,
    &quot;id&quot;: &quot;17799232&quot;,
    &quot;status&quot;: &quot;PENDING&quot;,
    &quot;description&quot;: &quot;Apply software changes, triggered from PySys: [{'action': 'install', 'id': '5475369', 'name': 'asciijump', 'url': ' ', 'version': '::apt'}, {'action': 'install', 'id': '5474869', 'name': 'robotfindskitten', 'url': ' ', 'version': '::apt'}, {'action': 'install', 'id': '5475279', 'name': 'squirrel3', 'url': ' ', 'version': '::apt'}]&quot;,
    &quot;c8y_SoftwareUpdate&quot;: [
        {
            &quot;name&quot;: &quot;asciijump&quot;,
            &quot;action&quot;: &quot;install&quot;,
            &quot;id&quot;: &quot;5475369&quot;,
            &quot;version&quot;: &quot;::apt&quot;,
            &quot;url&quot;: &quot; &quot;
        },
        {
            &quot;name&quot;: &quot;robotfindskitten&quot;,
            &quot;action&quot;: &quot;install&quot;,
            &quot;id&quot;: &quot;5474869&quot;,
            &quot;version&quot;: &quot;::apt&quot;,
            &quot;url&quot;: &quot; &quot;
        },
        {
            &quot;name&quot;: &quot;squirrel3&quot;,
            &quot;action&quot;: &quot;install&quot;,
            &quot;id&quot;: &quot;5475279&quot;,
            &quot;version&quot;: &quot;::apt&quot;,
            &quot;url&quot;: &quot; &quot;
        }
    ]
}
15:33:01 INFO  Started operation: {'delivery': {'time': '2022-04-27T15:33:01.807Z', 'log': [], 'status': 'PENDING'}, 'creationTime': '2022-04-27T15:33:01.792Z', 'deviceName': 'mythicb', 'deviceId': '17785278', 'self': 'https://t493319102.eu-latest.cumulocity.com/devicecontrol/operations/17799232', 'id': '17799232', 'status': 'PENDING', 'description': &quot;Apply software changes, triggered from PySys: [{'action': 'install', 'id': '5475369', 'name': 'asciijump', 'url': ' ', 'version': '::apt'}, {'action': 'install', 'id': '5474869', 'name': 'robotfindskitten', 'url': ' ', 'version': '::apt'}, {'action': 'install', 'id': '5475279', 'name': 'squirrel3', 'url': ' ', 'version': '::apt'}]&quot;, 'c8y_SoftwareUpdate': [{'name': 'asciijump', 'action': 'install', 'id': '5475369', 'version': '::apt', 'url': ' '}, {'name': 'robotfindskitten', 'action': 'install', 'id': '5474869', 'version': '::apt', 'url': ' '}, {'name': 'squirrel3', 'action': 'install', 'id': '5475279', 'version': '::apt', 'url': ' '}]}
15:33:04 INFO  State of operation 17799232 : PENDING
15:33:06 INFO  State of operation 17799232 : EXECUTING
15:33:08 INFO  State of operation 17799232 : EXECUTING
15:33:10 INFO  State of operation 17799232 : EXECUTING
15:33:12 INFO  State of operation 17799232 : EXECUTING
15:33:15 INFO  State of operation 17799232 : EXECUTING
15:33:17 INFO  State of operation 17799232 : EXECUTING
15:33:20 INFO  State of operation 17799232 : EXECUTING
15:33:23 INFO  State of operation 17799232 : EXECUTING
15:33:25 INFO  State of operation 17799232 : EXECUTING
15:33:27 INFO  State of operation 17799232 : EXECUTING
15:33:29 INFO  State of operation 17799232 : EXECUTING
15:33:32 INFO  State of operation 17799232 : EXECUTING
15:33:34 INFO  State of operation 17799232 : EXECUTING
15:33:36 INFO  State of operation 17799232 : EXECUTING
15:33:38 INFO  State of operation 17799232 : SUCCESSFUL
15:33:39 INFO  Assert that (False == value) with value=False ... passed
15:33:39 INFO  Package asciijump is installed
15:33:39 INFO  Assert that (True == value) with value=True ... passed
15:33:39 INFO  Package squirrel3 is installed
15:33:39 INFO  Assert that (True == value) with value=True ... passed
15:33:39 INFO  Package robotfindskitten is installed
15:33:39 INFO  Assert that (True == value) with value=True ... passed
15:33:39 INFO  Response status: 201
15:33:39 INFO  Response to action: {
    &quot;delivery&quot;: {
        &quot;time&quot;: &quot;2022-04-27T15:33:39.935Z&quot;,
        &quot;log&quot;: [],
        &quot;status&quot;: &quot;PENDING&quot;
    },
    &quot;creationTime&quot;: &quot;2022-04-27T15:33:39.920Z&quot;,
    &quot;deviceName&quot;: &quot;mythicb&quot;,
    &quot;deviceId&quot;: &quot;17785278&quot;,
    &quot;self&quot;: &quot;https://t493319102.eu-latest.cumulocity.com/devicecontrol/operations/17799242&quot;,
    &quot;id&quot;: &quot;17799242&quot;,
    &quot;status&quot;: &quot;PENDING&quot;,
    &quot;description&quot;: &quot;Apply software changes, triggered from PySys: [{'action': 'delete', 'id': '5475369', 'name': 'asciijump', 'url': ' ', 'version': '::apt'}, {'action': 'delete', 'id': '5474869', 'name': 'robotfindskitten', 'url': ' ', 'version': '::apt'}, {'action': 'delete', 'id': '5475279', 'name': 'squirrel3', 'url': ' ', 'version': '::apt'}]&quot;,
    &quot;c8y_SoftwareUpdate&quot;: [
        {
            &quot;name&quot;: &quot;asciijump&quot;,
            &quot;action&quot;: &quot;delete&quot;,
            &quot;id&quot;: &quot;5475369&quot;,
            &quot;version&quot;: &quot;::apt&quot;,
            &quot;url&quot;: &quot; &quot;
        },
        {
            &quot;name&quot;: &quot;robotfindskitten&quot;,
            &quot;action&quot;: &quot;delete&quot;,
            &quot;id&quot;: &quot;5474869&quot;,
            &quot;version&quot;: &quot;::apt&quot;,
            &quot;url&quot;: &quot; &quot;
        },
        {
            &quot;name&quot;: &quot;squirrel3&quot;,
            &quot;action&quot;: &quot;delete&quot;,
            &quot;id&quot;: &quot;5475279&quot;,
            &quot;version&quot;: &quot;::apt&quot;,
            &quot;url&quot;: &quot; &quot;
        }
    ]
}
15:33:39 INFO  Started operation: {'delivery': {'time': '2022-04-27T15:33:39.935Z', 'log': [], 'status': 'PENDING'}, 'creationTime': '2022-04-27T15:33:39.920Z', 'deviceName': 'mythicb', 'deviceId': '17785278', 'self': 'https://t493319102.eu-latest.cumulocity.com/devicecontrol/operations/17799242', 'id': '17799242', 'status': 'PENDING', 'description': &quot;Apply software changes, triggered from PySys: [{'action': 'delete', 'id': '5475369', 'name': 'asciijump', 'url': ' ', 'version': '::apt'}, {'action': 'delete', 'id': '5474869', 'name': 'robotfindskitten', 'url': ' ', 'version': '::apt'}, {'action': 'delete', 'id': '5475279', 'name': 'squirrel3', 'url': ' ', 'version': '::apt'}]&quot;, 'c8y_SoftwareUpdate': [{'name': 'asciijump', 'action': 'delete', 'id': '5475369', 'version': '::apt', 'url': ' '}, {'name': 'robotfindskitten', 'action': 'delete', 'id': '5474869', 'version': '::apt', 'url': ' '}, {'name': 'squirrel3', 'action': 'delete', 'id': '5475279', 'version': '::apt', 'url': ' '}]}
15:33:42 INFO  State of operation 17799242 : PENDING
15:33:44 INFO  State of operation 17799242 : EXECUTING
15:33:46 INFO  State of operation 17799242 : EXECUTING
15:33:48 INFO  State of operation 17799242 : EXECUTING
15:33:51 INFO  State of operation 17799242 : EXECUTING
15:33:53 INFO  State of operation 17799242 : EXECUTING
15:33:55 INFO  State of operation 17799242 : EXECUTING
15:33:58 INFO  State of operation 17799242 : EXECUTING
15:34:01 INFO  State of operation 17799242 : EXECUTING
15:34:03 INFO  State of operation 17799242 : EXECUTING
15:34:06 INFO  State of operation 17799242 : EXECUTING
15:34:08 INFO  State of operation 17799242 : EXECUTING
15:34:10 INFO  State of operation 17799242 : EXECUTING
15:34:12 INFO  State of operation 17799242 : EXECUTING
15:34:15 INFO  State of operation 17799242 : EXECUTING
15:34:17 INFO  State of operation 17799242 : EXECUTING
15:34:19 INFO  State of operation 17799242 : EXECUTING
15:34:21 INFO  State of operation 17799242 : EXECUTING
15:34:24 INFO  State of operation 17799242 : EXECUTING
15:34:27 INFO  State of operation 17799242 : EXECUTING
15:34:29 INFO  State of operation 17799242 : EXECUTING
15:34:31 INFO  State of operation 17799242 : EXECUTING
15:34:33 INFO  State of operation 17799242 : EXECUTING
15:34:36 INFO  State of operation 17799242 : EXECUTING
15:34:38 INFO  State of operation 17799242 : EXECUTING
15:34:41 INFO  State of operation 17799242 : EXECUTING
15:34:43 INFO  State of operation 17799242 : EXECUTING
15:34:46 INFO  State of operation 17799242 : EXECUTING
15:34:48 INFO  State of operation 17799242 : EXECUTING
15:34:50 INFO  State of operation 17799242 : SUCCESSFUL
15:34:50 INFO  Assert that (False == value) with value=False ... passed
15:34:50 INFO  Assert that (False == value) with value=False ... passed
15:34:51 INFO  Assert that (False == value) with value=False ... passed
15:34:51 INFO  Assert that (False == value) with value=False ... passed
15:34:51 INFO  
15:34:51 INFO  cleanup:
15:34:55 INFO  Executed sudo&lt;tedge_disconnect_c8y&gt;, exit status 0
15:34:56 INFO  Executed systemctl&lt;serv_mapper5&gt;, exit status 3
15:34:56 INFO  
15:34:56 INFO  Test duration: 140.87 secs
15:34:56 INFO  Test final outcome:  FAILED
15:34:56 INFO  Test outcome reason: Assert that (False == value) with value=True (+2 other failures)
15:34:56 INFO  
</system-out>
	</testcase>
</testsuite>
