<?xml version="1.0" encoding="utf-8"?>
<testsuite failures="1" name="SoftwareManagement.sm_apt_install_remove_multiple" skipped="0" tests="1" time="139.12" timestamp="2022-05-09T08:11:58">
	<testcase classname="PySysTest" name="SoftwareManagement.sm_apt_install_remove_multiple">
		<failure message="FAILED: Assert that (False == value) with value=True (+2 other failures)" type="FAILED"/>
		<system-out>08:09:39 INFO  ==============================================================
08:09:39 INFO  Id:    SoftwareManagement.sm_apt_install_remove_multiple
08:09:39 INFO  Dir:   software_management_end_to_end/
08:09:39 INFO  Title: Validate end to end behaviour for the apt plugin for multiple packages
08:09:39 INFO  ==============================================================
08:09:39 INFO  Using sw id database: {'asciijump': '5475369', 'robotfindskitten': '5474869', 'squirrel3': '5475279', 'rolldice': '5152439', 'moon-buggy': '5439204', 'apple': '5495053', 'banana': '5494888', 'cherry': '5495382', 'watermelon': '5494510', 'registry': '8018911', 'hello-world': '8021526', 'docker/getting-started': '8021973', 'alpine': '7991792'}
08:09:39 INFO  EnvironmentC8y Setup
08:09:39 INFO  Executed systemctl&lt;serv_mapper1&gt;, exit status 3
08:09:40 INFO  Restarting mosquitto too frequently in the last 10 seconds. It was only up for 5 seconds
08:09:40 INFO  Delaying execution by 6 seconds
08:10:00 INFO  Executed sudo&lt;tedge_connect_c8y&gt;, exit status 0, duration 14 secs
08:10:01 INFO  Executed sudo&lt;tedge_connect_c8y_test&gt;, exit status 0
08:10:01 INFO  Executed systemctl&lt;serv_mosq2&gt;, exit status 0
08:10:02 INFO  Executed systemctl&lt;serv_mapper3&gt;, exit status 0
08:10:04 INFO  State of current operation: SUCCESSFUL
08:10:04 INFO  Assert that (False == value) with value=False ... passed
08:10:04 INFO  Package asciijump is installed
08:10:04 WARN  Assert that (False == value) with value=True ... failed 
08:10:05 INFO  Package squirrel3 is installed
08:10:05 WARN  Assert that (False == value) with value=True ... failed 
08:10:05 INFO  Package robotfindskitten is installed
08:10:05 WARN  Assert that (False == value) with value=True ... failed 
08:10:05 INFO  Response status: 201
08:10:05 INFO  Response to action: {
    &quot;creationTime&quot;: &quot;2022-05-09T08:10:05.534Z&quot;,
    &quot;deviceName&quot;: &quot;mythicb&quot;,
    &quot;deviceId&quot;: &quot;18508457&quot;,
    &quot;self&quot;: &quot;https://t493319102.eu-latest.cumulocity.com/devicecontrol/operations/18523608&quot;,
    &quot;id&quot;: &quot;18523608&quot;,
    &quot;status&quot;: &quot;PENDING&quot;,
    &quot;description&quot;: &quot;Apply software changes, triggered from PySys: [{'action': 'install', 'id': '5475369', 'name': 'asciijump', 'url': ' ', 'version': '::apt'}, {'action': 'install', 'id': '5474869', 'name': 'robotfindskitten', 'url': ' ', 'version': '::apt'}, {'action': 'install', 'id': '5475279', 'name': 'squirrel3', 'url': ' ', 'version': '::apt'}]&quot;,
    &quot;c8y_SoftwareUpdate&quot;: [
        {
            &quot;name&quot;: &quot;asciijump&quot;,
            &quot;action&quot;: &quot;install&quot;,
            &quot;id&quot;: &quot;5475369&quot;,
            &quot;version&quot;: &quot;::apt&quot;,
            &quot;url&quot;: &quot; &quot;
        },
        {
            &quot;name&quot;: &quot;robotfindskitten&quot;,
            &quot;action&quot;: &quot;install&quot;,
            &quot;id&quot;: &quot;5474869&quot;,
            &quot;version&quot;: &quot;::apt&quot;,
            &quot;url&quot;: &quot; &quot;
        },
        {
            &quot;name&quot;: &quot;squirrel3&quot;,
            &quot;action&quot;: &quot;install&quot;,
            &quot;id&quot;: &quot;5475279&quot;,
            &quot;version&quot;: &quot;::apt&quot;,
            &quot;url&quot;: &quot; &quot;
        }
    ]
}
08:10:05 INFO  Started operation: {'creationTime': '2022-05-09T08:10:05.534Z', 'deviceName': 'mythicb', 'deviceId': '18508457', 'self': 'https://t493319102.eu-latest.cumulocity.com/devicecontrol/operations/18523608', 'id': '18523608', 'status': 'PENDING', 'description': &quot;Apply software changes, triggered from PySys: [{'action': 'install', 'id': '5475369', 'name': 'asciijump', 'url': ' ', 'version': '::apt'}, {'action': 'install', 'id': '5474869', 'name': 'robotfindskitten', 'url': ' ', 'version': '::apt'}, {'action': 'install', 'id': '5475279', 'name': 'squirrel3', 'url': ' ', 'version': '::apt'}]&quot;, 'c8y_SoftwareUpdate': [{'name': 'asciijump', 'action': 'install', 'id': '5475369', 'version': '::apt', 'url': ' '}, {'name': 'robotfindskitten', 'action': 'install', 'id': '5474869', 'version': '::apt', 'url': ' '}, {'name': 'squirrel3', 'action': 'install', 'id': '5475279', 'version': '::apt', 'url': ' '}]}
08:10:07 INFO  State of operation 18523608 : PENDING
08:10:10 INFO  State of operation 18523608 : EXECUTING
08:10:12 INFO  State of operation 18523608 : EXECUTING
08:10:14 INFO  State of operation 18523608 : EXECUTING
08:10:16 INFO  State of operation 18523608 : EXECUTING
08:10:18 INFO  State of operation 18523608 : EXECUTING
08:10:21 INFO  State of operation 18523608 : EXECUTING
08:10:23 INFO  State of operation 18523608 : EXECUTING
08:10:26 INFO  State of operation 18523608 : EXECUTING
08:10:29 INFO  State of operation 18523608 : EXECUTING
08:10:31 INFO  State of operation 18523608 : EXECUTING
08:10:33 INFO  State of operation 18523608 : EXECUTING
08:10:35 INFO  State of operation 18523608 : EXECUTING
08:10:38 INFO  State of operation 18523608 : EXECUTING
08:10:40 INFO  State of operation 18523608 : EXECUTING
08:10:42 INFO  State of operation 18523608 : SUCCESSFUL
08:10:42 INFO  Assert that (False == value) with value=False ... passed
08:10:43 INFO  Package asciijump is installed
08:10:43 INFO  Assert that (True == value) with value=True ... passed
08:10:43 INFO  Package squirrel3 is installed
08:10:43 INFO  Assert that (True == value) with value=True ... passed
08:10:43 INFO  Package robotfindskitten is installed
08:10:43 INFO  Assert that (True == value) with value=True ... passed
08:10:43 INFO  Response status: 201
08:10:43 INFO  Response to action: {
    &quot;creationTime&quot;: &quot;2022-05-09T08:10:43.785Z&quot;,
    &quot;deviceName&quot;: &quot;mythicb&quot;,
    &quot;deviceId&quot;: &quot;18508457&quot;,
    &quot;self&quot;: &quot;https://t493319102.eu-latest.cumulocity.com/devicecontrol/operations/18523612&quot;,
    &quot;id&quot;: &quot;18523612&quot;,
    &quot;status&quot;: &quot;PENDING&quot;,
    &quot;description&quot;: &quot;Apply software changes, triggered from PySys: [{'action': 'delete', 'id': '5475369', 'name': 'asciijump', 'url': ' ', 'version': '::apt'}, {'action': 'delete', 'id': '5474869', 'name': 'robotfindskitten', 'url': ' ', 'version': '::apt'}, {'action': 'delete', 'id': '5475279', 'name': 'squirrel3', 'url': ' ', 'version': '::apt'}]&quot;,
    &quot;c8y_SoftwareUpdate&quot;: [
        {
            &quot;name&quot;: &quot;asciijump&quot;,
            &quot;action&quot;: &quot;delete&quot;,
            &quot;id&quot;: &quot;5475369&quot;,
            &quot;version&quot;: &quot;::apt&quot;,
            &quot;url&quot;: &quot; &quot;
        },
        {
            &quot;name&quot;: &quot;robotfindskitten&quot;,
            &quot;action&quot;: &quot;delete&quot;,
            &quot;id&quot;: &quot;5474869&quot;,
            &quot;version&quot;: &quot;::apt&quot;,
            &quot;url&quot;: &quot; &quot;
        },
        {
            &quot;name&quot;: &quot;squirrel3&quot;,
            &quot;action&quot;: &quot;delete&quot;,
            &quot;id&quot;: &quot;5475279&quot;,
            &quot;version&quot;: &quot;::apt&quot;,
            &quot;url&quot;: &quot; &quot;
        }
    ]
}
08:10:43 INFO  Started operation: {'creationTime': '2022-05-09T08:10:43.785Z', 'deviceName': 'mythicb', 'deviceId': '18508457', 'self': 'https://t493319102.eu-latest.cumulocity.com/devicecontrol/operations/18523612', 'id': '18523612', 'status': 'PENDING', 'description': &quot;Apply software changes, triggered from PySys: [{'action': 'delete', 'id': '5475369', 'name': 'asciijump', 'url': ' ', 'version': '::apt'}, {'action': 'delete', 'id': '5474869', 'name': 'robotfindskitten', 'url': ' ', 'version': '::apt'}, {'action': 'delete', 'id': '5475279', 'name': 'squirrel3', 'url': ' ', 'version': '::apt'}]&quot;, 'c8y_SoftwareUpdate': [{'name': 'asciijump', 'action': 'delete', 'id': '5475369', 'version': '::apt', 'url': ' '}, {'name': 'robotfindskitten', 'action': 'delete', 'id': '5474869', 'version': '::apt', 'url': ' '}, {'name': 'squirrel3', 'action': 'delete', 'id': '5475279', 'version': '::apt', 'url': ' '}]}
08:10:46 INFO  State of operation 18523612 : PENDING
08:10:48 INFO  State of operation 18523612 : EXECUTING
08:10:50 INFO  State of operation 18523612 : EXECUTING
08:10:52 INFO  State of operation 18523612 : EXECUTING
08:10:54 INFO  State of operation 18523612 : EXECUTING
08:10:57 INFO  State of operation 18523612 : EXECUTING
08:11:00 INFO  State of operation 18523612 : EXECUTING
08:11:02 INFO  State of operation 18523612 : EXECUTING
08:11:05 INFO  State of operation 18523612 : EXECUTING
08:11:07 INFO  State of operation 18523612 : EXECUTING
08:11:09 INFO  State of operation 18523612 : EXECUTING
08:11:12 INFO  State of operation 18523612 : EXECUTING
08:11:14 INFO  State of operation 18523612 : EXECUTING
08:11:16 INFO  State of operation 18523612 : EXECUTING
08:11:18 INFO  State of operation 18523612 : EXECUTING
08:11:21 INFO  State of operation 18523612 : EXECUTING
08:11:23 INFO  State of operation 18523612 : EXECUTING
08:11:25 INFO  State of operation 18523612 : EXECUTING
08:11:29 INFO  State of operation 18523612 : EXECUTING
08:11:31 INFO  State of operation 18523612 : EXECUTING
08:11:34 INFO  State of operation 18523612 : EXECUTING
08:11:36 INFO  State of operation 18523612 : EXECUTING
08:11:38 INFO  State of operation 18523612 : EXECUTING
08:11:40 INFO  State of operation 18523612 : EXECUTING
08:11:43 INFO  State of operation 18523612 : EXECUTING
08:11:45 INFO  State of operation 18523612 : EXECUTING
08:11:48 INFO  State of operation 18523612 : EXECUTING
08:11:50 INFO  State of operation 18523612 : EXECUTING
08:11:52 INFO  State of operation 18523612 : SUCCESSFUL
08:11:52 INFO  Assert that (False == value) with value=False ... passed
08:11:53 INFO  Assert that (False == value) with value=False ... passed
08:11:53 INFO  Assert that (False == value) with value=False ... passed
08:11:53 INFO  Assert that (False == value) with value=False ... passed
08:11:53 INFO  
08:11:53 INFO  cleanup:
08:11:57 INFO  Executed sudo&lt;tedge_disconnect_c8y&gt;, exit status 0
08:11:58 INFO  Executed systemctl&lt;serv_mapper5&gt;, exit status 3
08:11:58 INFO  
08:11:58 INFO  Test duration: 139.12 secs
08:11:58 INFO  Test final outcome:  FAILED
08:11:58 INFO  Test outcome reason: Assert that (False == value) with value=True (+2 other failures)
08:11:58 INFO  
</system-out>
	</testcase>
</testsuite>
