<?xml version="1.0" encoding="utf-8"?>
<testsuite failures="1" name="SoftwareManagement.sm_mixed_install_remove_multiple" skipped="0" tests="1" time="170.24" timestamp="2022-05-03T09:18:42">
	<testcase classname="PySysTest" name="SoftwareManagement.sm_mixed_install_remove_multiple">
		<failure message="FAILED: Assert that (False == value) with value=True" type="FAILED"/>
		<system-out>09:15:51 INFO  ==============================================================
09:15:51 INFO  Id:    SoftwareManagement.sm_mixed_install_remove_multiple
09:15:51 INFO  Dir:   software_management_end_to_end/
09:15:51 INFO  Title: Validate end to end behaviour for the dummy-plugin for multiple packages with mixed versions
09:15:51 INFO  ==============================================================
09:15:51 INFO  Using sw id database: {'asciijump': '5475369', 'robotfindskitten': '5474869', 'squirrel3': '5475279', 'rolldice': '5152439', 'moon-buggy': '5439204', 'apple': '5495053', 'banana': '5494888', 'cherry': '5495382', 'watermelon': '5494510', 'registry': '8018911', 'hello-world': '8021526', 'docker/getting-started': '8021973', 'alpine': '7991792'}
09:15:51 INFO  EnvironmentC8y Setup
09:15:52 INFO  Executed systemctl&lt;serv_mapper1&gt;, exit status 3
09:15:52 INFO  Restarting mosquitto too frequently in the last 10 seconds. It was only up for 5 seconds
09:15:52 INFO  Delaying execution by 6 seconds
09:16:13 INFO  Executed sudo&lt;tedge_connect_c8y&gt;, exit status 0, duration 14 secs
09:16:13 INFO  Executed sudo&lt;tedge_connect_c8y_test&gt;, exit status 0
09:16:14 INFO  Executed systemctl&lt;serv_mosq2&gt;, exit status 0
09:16:14 INFO  Executed systemctl&lt;serv_mapper3&gt;, exit status 0
09:16:16 INFO  State of current operation: SUCCESSFUL
09:16:17 INFO  Package apple is installed
09:16:17 INFO  Assert that (True == value) with value=True ... passed
09:16:17 INFO  Package banana is installed
09:16:17 INFO  Assert that (True == value) with value=True ... passed
09:16:17 INFO  Package cherry is installed
09:16:17 INFO  Assert that (True == value) with value=True ... passed
09:16:17 INFO  Package asciijump is installed
09:16:17 WARN  Assert that (False == value) with value=True ... failed 
09:16:18 INFO  Assert that (False == value) with value=False ... passed
09:16:18 INFO  Response status: 201
09:16:18 INFO  Response to action: {
    &quot;creationTime&quot;: &quot;2022-05-03T09:16:18.271Z&quot;,
    &quot;deviceName&quot;: &quot;mythicb&quot;,
    &quot;deviceId&quot;: &quot;18233696&quot;,
    &quot;self&quot;: &quot;https://t493319102.eu-latest.cumulocity.com/devicecontrol/operations/18277172&quot;,
    &quot;id&quot;: &quot;18277172&quot;,
    &quot;status&quot;: &quot;PENDING&quot;,
    &quot;description&quot;: &quot;Apply software changes, triggered from PySys: [{'action': 'install', 'id': '5495053', 'name': 'apple', 'url': ' ', 'version': '::fruits'}, {'action': 'install', 'id': '5494888', 'name': 'banana', 'url': ' ', 'version': '::fruits'}, {'action': 'install', 'id': '5475369', 'name': 'asciijump', 'url': ' ', 'version': '::apt'}, {'action': 'install', 'id': '5495382', 'name': 'cherry', 'url': ' ', 'version': '::fruits'}, {'action': 'install', 'id': '8018911', 'name': 'registry', 'url': ' ', 'version': '::docker'}]&quot;,
    &quot;c8y_SoftwareUpdate&quot;: [
        {
            &quot;name&quot;: &quot;apple&quot;,
            &quot;action&quot;: &quot;install&quot;,
            &quot;id&quot;: &quot;5495053&quot;,
            &quot;version&quot;: &quot;::fruits&quot;,
            &quot;url&quot;: &quot; &quot;
        },
        {
            &quot;name&quot;: &quot;banana&quot;,
            &quot;action&quot;: &quot;install&quot;,
            &quot;id&quot;: &quot;5494888&quot;,
            &quot;version&quot;: &quot;::fruits&quot;,
            &quot;url&quot;: &quot; &quot;
        },
        {
            &quot;name&quot;: &quot;asciijump&quot;,
            &quot;action&quot;: &quot;install&quot;,
            &quot;id&quot;: &quot;5475369&quot;,
            &quot;version&quot;: &quot;::apt&quot;,
            &quot;url&quot;: &quot; &quot;
        },
        {
            &quot;name&quot;: &quot;cherry&quot;,
            &quot;action&quot;: &quot;install&quot;,
            &quot;id&quot;: &quot;5495382&quot;,
            &quot;version&quot;: &quot;::fruits&quot;,
            &quot;url&quot;: &quot; &quot;
        },
        {
            &quot;name&quot;: &quot;registry&quot;,
            &quot;action&quot;: &quot;install&quot;,
            &quot;id&quot;: &quot;8018911&quot;,
            &quot;version&quot;: &quot;::docker&quot;,
            &quot;url&quot;: &quot; &quot;
        }
    ]
}
09:16:18 INFO  Started operation: {'creationTime': '2022-05-03T09:16:18.271Z', 'deviceName': 'mythicb', 'deviceId': '18233696', 'self': 'https://t493319102.eu-latest.cumulocity.com/devicecontrol/operations/18277172', 'id': '18277172', 'status': 'PENDING', 'description': &quot;Apply software changes, triggered from PySys: [{'action': 'install', 'id': '5495053', 'name': 'apple', 'url': ' ', 'version': '::fruits'}, {'action': 'install', 'id': '5494888', 'name': 'banana', 'url': ' ', 'version': '::fruits'}, {'action': 'install', 'id': '5475369', 'name': 'asciijump', 'url': ' ', 'version': '::apt'}, {'action': 'install', 'id': '5495382', 'name': 'cherry', 'url': ' ', 'version': '::fruits'}, {'action': 'install', 'id': '8018911', 'name': 'registry', 'url': ' ', 'version': '::docker'}]&quot;, 'c8y_SoftwareUpdate': [{'name': 'apple', 'action': 'install', 'id': '5495053', 'version': '::fruits', 'url': ' '}, {'name': 'banana', 'action': 'install', 'id': '5494888', 'version': '::fruits', 'url': ' '}, {'name': 'asciijump', 'action': 'install', 'id': '5475369', 'version': '::apt', 'url': ' '}, {'name': 'cherry', 'action': 'install', 'id': '5495382', 'version': '::fruits', 'url': ' '}, {'name': 'registry', 'action': 'install', 'id': '8018911', 'version': '::docker', 'url': ' '}]}
09:16:20 INFO  State of operation 18277172 : PENDING
09:16:22 INFO  State of operation 18277172 : EXECUTING
09:16:24 INFO  State of operation 18277172 : EXECUTING
09:16:27 INFO  State of operation 18277172 : EXECUTING
09:16:29 INFO  State of operation 18277172 : EXECUTING
09:16:31 INFO  State of operation 18277172 : EXECUTING
09:16:34 INFO  State of operation 18277172 : EXECUTING
09:16:37 INFO  State of operation 18277172 : EXECUTING
09:16:39 INFO  State of operation 18277172 : EXECUTING
09:16:42 INFO  State of operation 18277172 : EXECUTING
09:16:44 INFO  State of operation 18277172 : EXECUTING
09:16:46 INFO  State of operation 18277172 : EXECUTING
09:16:49 INFO  State of operation 18277172 : EXECUTING
09:16:51 INFO  State of operation 18277172 : EXECUTING
09:16:53 INFO  State of operation 18277172 : EXECUTING
09:16:55 INFO  State of operation 18277172 : EXECUTING
09:16:58 INFO  State of operation 18277172 : EXECUTING
09:17:00 INFO  State of operation 18277172 : EXECUTING
09:17:02 INFO  State of operation 18277172 : EXECUTING
09:17:05 INFO  State of operation 18277172 : EXECUTING
09:17:07 INFO  State of operation 18277172 : EXECUTING
09:17:09 INFO  State of operation 18277172 : EXECUTING
09:17:11 INFO  State of operation 18277172 : EXECUTING
09:17:14 INFO  State of operation 18277172 : EXECUTING
09:17:16 INFO  State of operation 18277172 : EXECUTING
09:17:18 INFO  State of operation 18277172 : EXECUTING
09:17:20 INFO  State of operation 18277172 : SUCCESSFUL
09:17:21 INFO  Package apple is installed
09:17:21 INFO  Assert that (True == value) with value=True ... passed
09:17:21 INFO  Package banana is installed
09:17:21 INFO  Assert that (True == value) with value=True ... passed
09:17:21 INFO  Package cherry is installed
09:17:21 INFO  Assert that (True == value) with value=True ... passed
09:17:21 INFO  Package asciijump is installed
09:17:21 INFO  Assert that (True == value) with value=True ... passed
09:17:22 INFO  Package registry is installed
09:17:22 INFO  Assert that (True == value) with value=True ... passed
09:17:22 INFO  Response status: 201
09:17:22 INFO  Response to action: {
    &quot;creationTime&quot;: &quot;2022-05-03T09:17:22.193Z&quot;,
    &quot;deviceName&quot;: &quot;mythicb&quot;,
    &quot;deviceId&quot;: &quot;18233696&quot;,
    &quot;self&quot;: &quot;https://t493319102.eu-latest.cumulocity.com/devicecontrol/operations/18277186&quot;,
    &quot;id&quot;: &quot;18277186&quot;,
    &quot;status&quot;: &quot;PENDING&quot;,
    &quot;description&quot;: &quot;Apply software changes, triggered from PySys: [{'action': 'delete', 'id': '5495053', 'name': 'apple', 'url': ' ', 'version': '::fruits'}, {'action': 'delete', 'id': '5494888', 'name': 'banana', 'url': ' ', 'version': '::fruits'}, {'action': 'delete', 'id': '5475369', 'name': 'asciijump', 'url': ' ', 'version': '::apt'}, {'action': 'delete', 'id': '5495382', 'name': 'cherry', 'url': ' ', 'version': '::fruits'}, {'action': 'delete', 'id': '8018911', 'name': 'registry', 'url': ' ', 'version': '::docker'}]&quot;,
    &quot;c8y_SoftwareUpdate&quot;: [
        {
            &quot;name&quot;: &quot;apple&quot;,
            &quot;action&quot;: &quot;delete&quot;,
            &quot;id&quot;: &quot;5495053&quot;,
            &quot;version&quot;: &quot;::fruits&quot;,
            &quot;url&quot;: &quot; &quot;
        },
        {
            &quot;name&quot;: &quot;banana&quot;,
            &quot;action&quot;: &quot;delete&quot;,
            &quot;id&quot;: &quot;5494888&quot;,
            &quot;version&quot;: &quot;::fruits&quot;,
            &quot;url&quot;: &quot; &quot;
        },
        {
            &quot;name&quot;: &quot;asciijump&quot;,
            &quot;action&quot;: &quot;delete&quot;,
            &quot;id&quot;: &quot;5475369&quot;,
            &quot;version&quot;: &quot;::apt&quot;,
            &quot;url&quot;: &quot; &quot;
        },
        {
            &quot;name&quot;: &quot;cherry&quot;,
            &quot;action&quot;: &quot;delete&quot;,
            &quot;id&quot;: &quot;5495382&quot;,
            &quot;version&quot;: &quot;::fruits&quot;,
            &quot;url&quot;: &quot; &quot;
        },
        {
            &quot;name&quot;: &quot;registry&quot;,
            &quot;action&quot;: &quot;delete&quot;,
            &quot;id&quot;: &quot;8018911&quot;,
            &quot;version&quot;: &quot;::docker&quot;,
            &quot;url&quot;: &quot; &quot;
        }
    ]
}
09:17:22 INFO  Started operation: {'creationTime': '2022-05-03T09:17:22.193Z', 'deviceName': 'mythicb', 'deviceId': '18233696', 'self': 'https://t493319102.eu-latest.cumulocity.com/devicecontrol/operations/18277186', 'id': '18277186', 'status': 'PENDING', 'description': &quot;Apply software changes, triggered from PySys: [{'action': 'delete', 'id': '5495053', 'name': 'apple', 'url': ' ', 'version': '::fruits'}, {'action': 'delete', 'id': '5494888', 'name': 'banana', 'url': ' ', 'version': '::fruits'}, {'action': 'delete', 'id': '5475369', 'name': 'asciijump', 'url': ' ', 'version': '::apt'}, {'action': 'delete', 'id': '5495382', 'name': 'cherry', 'url': ' ', 'version': '::fruits'}, {'action': 'delete', 'id': '8018911', 'name': 'registry', 'url': ' ', 'version': '::docker'}]&quot;, 'c8y_SoftwareUpdate': [{'name': 'apple', 'action': 'delete', 'id': '5495053', 'version': '::fruits', 'url': ' '}, {'name': 'banana', 'action': 'delete', 'id': '5494888', 'version': '::fruits', 'url': ' '}, {'name': 'asciijump', 'action': 'delete', 'id': '5475369', 'version': '::apt', 'url': ' '}, {'name': 'cherry', 'action': 'delete', 'id': '5495382', 'version': '::fruits', 'url': ' '}, {'name': 'registry', 'action': 'delete', 'id': '8018911', 'version': '::docker', 'url': ' '}]}
09:17:24 INFO  State of operation 18277186 : PENDING
09:17:26 INFO  State of operation 18277186 : EXECUTING
09:17:28 INFO  State of operation 18277186 : EXECUTING
09:17:31 INFO  State of operation 18277186 : EXECUTING
09:17:33 INFO  State of operation 18277186 : EXECUTING
09:17:35 INFO  State of operation 18277186 : EXECUTING
09:17:38 INFO  State of operation 18277186 : EXECUTING
09:17:41 INFO  State of operation 18277186 : EXECUTING
09:17:43 INFO  State of operation 18277186 : EXECUTING
09:17:46 INFO  State of operation 18277186 : EXECUTING
09:17:48 INFO  State of operation 18277186 : EXECUTING
09:17:50 INFO  State of operation 18277186 : EXECUTING
09:17:52 INFO  State of operation 18277186 : EXECUTING
09:17:55 INFO  State of operation 18277186 : EXECUTING
09:17:57 INFO  State of operation 18277186 : EXECUTING
09:17:59 INFO  State of operation 18277186 : EXECUTING
09:18:03 INFO  State of operation 18277186 : EXECUTING
09:18:06 INFO  State of operation 18277186 : EXECUTING
09:18:08 INFO  State of operation 18277186 : EXECUTING
09:18:10 INFO  State of operation 18277186 : EXECUTING
09:18:12 INFO  State of operation 18277186 : EXECUTING
09:18:15 INFO  State of operation 18277186 : EXECUTING
09:18:17 INFO  State of operation 18277186 : EXECUTING
09:18:20 INFO  State of operation 18277186 : EXECUTING
09:18:22 INFO  State of operation 18277186 : EXECUTING
09:18:24 INFO  State of operation 18277186 : EXECUTING
09:18:26 INFO  State of operation 18277186 : EXECUTING
09:18:29 INFO  State of operation 18277186 : EXECUTING
09:18:31 INFO  State of operation 18277186 : EXECUTING
09:18:33 INFO  State of operation 18277186 : EXECUTING
09:18:35 INFO  State of operation 18277186 : SUCCESSFUL
09:18:36 INFO  Package apple is installed
09:18:36 INFO  Assert that (True == value) with value=True ... passed
09:18:36 INFO  Package banana is installed
09:18:36 INFO  Assert that (True == value) with value=True ... passed
09:18:36 INFO  Package cherry is installed
09:18:36 INFO  Assert that (True == value) with value=True ... passed
09:18:36 INFO  Assert that (False == value) with value=False ... passed
09:18:37 INFO  Assert that (False == value) with value=False ... passed
09:18:37 INFO  
09:18:37 INFO  cleanup:
09:18:41 INFO  Executed sudo&lt;tedge_disconnect_c8y&gt;, exit status 0
09:18:42 INFO  Executed systemctl&lt;serv_mapper5&gt;, exit status 3
09:18:42 INFO  
09:18:42 INFO  Test duration: 170.24 secs
09:18:42 INFO  Test final outcome:  FAILED
09:18:42 INFO  Test outcome reason: Assert that (False == value) with value=True
09:18:42 INFO  
</system-out>
	</testcase>
</testsuite>
