<?xml version="1.0" encoding="utf-8"?>
<testsuite failures="1" name="SoftwareManagement.sm_apt_install_remove_multiple_mixed" skipped="0" tests="1" time="166.34" timestamp="2022-04-19T14:42:10">
	<testcase classname="PySysTest" name="SoftwareManagement.sm_apt_install_remove_multiple_mixed">
		<failure message="BLOCKED: SystemError: Timeout while waiting for status FAILED or SUCCESSFUL" type="BLOCKED"/>
		<system-out>14:39:24 INFO  ==============================================================
14:39:24 INFO  Id:    SoftwareManagement.sm_apt_install_remove_multiple_mixed
14:39:24 INFO  Dir:   software_management_end_to_end/
14:39:24 INFO  Title: Validate end to end behaviour for the apt plugin for multiple packages with mixed versions
14:39:24 INFO  ==============================================================
14:39:24 INFO  Using sw id database: {'asciijump': '5475369', 'robotfindskitten': '5474869', 'squirrel3': '5475279', 'rolldice': '5152439', 'moon-buggy': '5439204', 'apple': '5495053', 'banana': '5494888', 'cherry': '5495382', 'watermelon': '5494510', 'registry': '8018911', 'hello-world': '8021526', 'docker/getting-started': '8021973', 'alpine': '7991792'}
14:39:24 INFO  EnvironmentC8y Setup
14:39:25 INFO  Executed systemctl&lt;serv_mapper1&gt;, exit status 3
14:39:25 INFO  Restarting mosquitto too frequently in the last 10 seconds. It was only up for 5 seconds
14:39:25 INFO  Delaying execution by 6 seconds
14:39:45 INFO  Executed sudo&lt;tedge_connect_c8y&gt;, exit status 0, duration 14 secs
14:39:46 INFO  Executed sudo&lt;tedge_connect_c8y_test&gt;, exit status 0
14:39:47 INFO  Executed systemctl&lt;serv_mosq2&gt;, exit status 0
14:39:47 INFO  Executed systemctl&lt;serv_mapper3&gt;, exit status 0
14:39:49 INFO  State of current operation: PENDING
14:39:52 INFO  State of current operation: PENDING
14:39:54 INFO  State of current operation: PENDING
14:39:56 INFO  State of current operation: PENDING
14:39:58 INFO  State of current operation: PENDING
14:40:00 INFO  State of current operation: PENDING
14:40:03 INFO  State of current operation: PENDING
14:40:05 INFO  State of current operation: PENDING
14:40:07 INFO  State of current operation: PENDING
14:40:09 INFO  State of current operation: PENDING
14:40:12 INFO  State of current operation: PENDING
14:40:14 INFO  State of current operation: PENDING
14:40:16 INFO  State of current operation: PENDING
14:40:18 INFO  State of current operation: PENDING
14:40:20 INFO  State of current operation: PENDING
14:40:23 INFO  State of current operation: PENDING
14:40:25 INFO  State of current operation: PENDING
14:40:27 INFO  State of current operation: PENDING
14:40:29 INFO  State of current operation: PENDING
14:40:32 INFO  State of current operation: PENDING
14:40:34 INFO  State of current operation: PENDING
14:40:36 INFO  State of current operation: PENDING
14:40:38 INFO  State of current operation: PENDING
14:40:41 INFO  State of current operation: PENDING
14:40:43 INFO  State of current operation: PENDING
14:40:45 INFO  State of current operation: PENDING
14:40:47 INFO  State of current operation: PENDING
14:40:50 INFO  State of current operation: PENDING
14:40:52 INFO  State of current operation: PENDING
14:40:54 INFO  State of current operation: PENDING
14:40:56 INFO  State of current operation: PENDING
14:40:58 INFO  State of current operation: PENDING
14:41:01 INFO  State of current operation: PENDING
14:41:03 INFO  State of current operation: PENDING
14:41:05 INFO  State of current operation: PENDING
14:41:07 INFO  State of current operation: PENDING
14:41:10 INFO  State of current operation: PENDING
14:41:12 INFO  State of current operation: PENDING
14:41:14 INFO  State of current operation: PENDING
14:41:16 INFO  State of current operation: PENDING
14:41:18 INFO  State of current operation: PENDING
14:41:21 INFO  State of current operation: PENDING
14:41:23 INFO  State of current operation: PENDING
14:41:26 INFO  State of current operation: PENDING
14:41:28 INFO  State of current operation: PENDING
14:41:30 INFO  State of current operation: PENDING
14:41:32 INFO  State of current operation: PENDING
14:41:34 INFO  State of current operation: PENDING
14:41:37 INFO  State of current operation: PENDING
14:41:39 INFO  State of current operation: PENDING
14:41:41 INFO  State of current operation: PENDING
14:41:43 INFO  State of current operation: PENDING
14:41:46 INFO  State of current operation: PENDING
14:41:48 INFO  State of current operation: PENDING
14:41:50 INFO  State of current operation: PENDING
14:41:52 INFO  State of current operation: PENDING
14:41:55 INFO  State of current operation: PENDING
14:41:57 INFO  State of current operation: PENDING
14:41:59 INFO  State of current operation: PENDING
14:42:01 INFO  State of current operation: PENDING
14:42:04 INFO  State of current operation: PENDING
14:42:06 WARN  SystemError occurred while running test - Timeout while waiting for status FAILED or SUCCESSFUL
Traceback (most recent call last):
  File &quot;/home/pi/env-pysys/lib/python3.7/site-packages/pysys/baserunner.py&quot;, line 1292, in __call__
    self.testObj.setup()
  File &quot;/home/pi/actions-runner/_work/thin-edge.io/thin-edge.io/tests/PySys/software_management_end_to_end/sm_apt_install_remove_multiple_mixed/run.py&quot;, line 73, in setup
    super().setup()
  File &quot;/home/pi/actions-runner/_work/thin-edge.io/thin-edge.io/tests/PySys/software_management_end_to_end/environment_sm_management.py&quot;, line 151, in setup
    self.wait_until_end()
  File &quot;/home/pi/actions-runner/_work/thin-edge.io/thin-edge.io/tests/PySys/software_management_end_to_end/environment_sm_management.py&quot;, line 332, in wait_until_end
    self.wait_until_status(&quot;FAILED&quot;, &quot;SUCCESSFUL&quot;)
  File &quot;/home/pi/actions-runner/_work/thin-edge.io/thin-edge.io/tests/PySys/software_management_end_to_end/environment_sm_management.py&quot;, line 381, in wait_until_status
    &quot;Timeout while waiting for status %s or %s&quot; % (status, status2)
SystemError: Timeout while waiting for status FAILED or SUCCESSFUL
14:42:06 WARN  SystemError: Timeout while waiting for status FAILED or SUCCESSFUL ... blocked 
14:42:06 INFO  
14:42:06 INFO  cleanup:
14:42:10 INFO  Executed sudo&lt;tedge_disconnect_c8y&gt;, exit status 0
14:42:10 INFO  Executed systemctl&lt;serv_mapper5&gt;, exit status 3
14:42:10 INFO  
14:42:10 INFO  Test duration: 166.34 secs
14:42:10 INFO  Test final outcome:  BLOCKED
14:42:10 INFO  Test outcome reason: SystemError: Timeout while waiting for status FAILED or SUCCESSFUL
14:42:10 INFO  
</system-out>
	</testcase>
</testsuite>
