<?xml version="1.0" encoding="utf-8"?>
<testsuite failures="1" name="SoftwareManagement.sm_mixed_install_remove_multiple" skipped="0" tests="1" time="171.67" timestamp="2022-04-21T09:44:25">
	<testcase classname="PySysTest" name="SoftwareManagement.sm_mixed_install_remove_multiple">
		<failure message="FAILED: Assert that (False == value) with value=True" type="FAILED"/>
		<system-out>09:41:33 INFO  ==============================================================
09:41:33 INFO  Id:    SoftwareManagement.sm_mixed_install_remove_multiple
09:41:33 INFO  Dir:   software_management_end_to_end/
09:41:33 INFO  Title: Validate end to end behaviour for the dummy-plugin for multiple packages with mixed versions
09:41:33 INFO  ==============================================================
09:41:33 INFO  Using sw id database: {'asciijump': '5475369', 'robotfindskitten': '5474869', 'squirrel3': '5475279', 'rolldice': '5152439', 'moon-buggy': '5439204', 'apple': '5495053', 'banana': '5494888', 'cherry': '5495382', 'watermelon': '5494510', 'registry': '8018911', 'hello-world': '8021526', 'docker/getting-started': '8021973', 'alpine': '7991792'}
09:41:33 INFO  EnvironmentC8y Setup
09:41:34 INFO  Executed systemctl&lt;serv_mapper1&gt;, exit status 3
09:41:34 INFO  Restarting mosquitto too frequently in the last 10 seconds. It was only up for 5 seconds
09:41:34 INFO  Delaying execution by 6 seconds
09:41:55 INFO  Executed sudo&lt;tedge_connect_c8y&gt;, exit status 0, duration 14 secs
09:41:55 INFO  Executed sudo&lt;tedge_connect_c8y_test&gt;, exit status 0
09:41:56 INFO  Executed systemctl&lt;serv_mosq2&gt;, exit status 0
09:41:56 INFO  Executed systemctl&lt;serv_mapper3&gt;, exit status 0
09:41:58 INFO  State of current operation: SUCCESSFUL
09:41:59 INFO  Package apple is installed
09:41:59 INFO  Assert that (True == value) with value=True ... passed
09:41:59 INFO  Package banana is installed
09:41:59 INFO  Assert that (True == value) with value=True ... passed
09:41:59 INFO  Package cherry is installed
09:41:59 INFO  Assert that (True == value) with value=True ... passed
09:41:59 INFO  Package asciijump is installed
09:41:59 WARN  Assert that (False == value) with value=True ... failed 
09:42:00 INFO  Assert that (False == value) with value=False ... passed
09:42:00 INFO  Response status: 201
09:42:00 INFO  Response to action: {
    &quot;creationTime&quot;: &quot;2022-04-21T09:42:00.242Z&quot;,
    &quot;deviceName&quot;: &quot;mythicb&quot;,
    &quot;deviceId&quot;: &quot;17501602&quot;,
    &quot;self&quot;: &quot;https://t493319102.eu-latest.cumulocity.com/devicecontrol/operations/17537753&quot;,
    &quot;id&quot;: &quot;17537753&quot;,
    &quot;status&quot;: &quot;PENDING&quot;,
    &quot;description&quot;: &quot;Apply software changes, triggered from PySys: [{'action': 'install', 'id': '5495053', 'name': 'apple', 'url': ' ', 'version': '::fruits'}, {'action': 'install', 'id': '5494888', 'name': 'banana', 'url': ' ', 'version': '::fruits'}, {'action': 'install', 'id': '5475369', 'name': 'asciijump', 'url': ' ', 'version': '::apt'}, {'action': 'install', 'id': '5495382', 'name': 'cherry', 'url': ' ', 'version': '::fruits'}, {'action': 'install', 'id': '8018911', 'name': 'registry', 'url': ' ', 'version': '::docker'}]&quot;,
    &quot;c8y_SoftwareUpdate&quot;: [
        {
            &quot;name&quot;: &quot;apple&quot;,
            &quot;action&quot;: &quot;install&quot;,
            &quot;id&quot;: &quot;5495053&quot;,
            &quot;version&quot;: &quot;::fruits&quot;,
            &quot;url&quot;: &quot; &quot;
        },
        {
            &quot;name&quot;: &quot;banana&quot;,
            &quot;action&quot;: &quot;install&quot;,
            &quot;id&quot;: &quot;5494888&quot;,
            &quot;version&quot;: &quot;::fruits&quot;,
            &quot;url&quot;: &quot; &quot;
        },
        {
            &quot;name&quot;: &quot;asciijump&quot;,
            &quot;action&quot;: &quot;install&quot;,
            &quot;id&quot;: &quot;5475369&quot;,
            &quot;version&quot;: &quot;::apt&quot;,
            &quot;url&quot;: &quot; &quot;
        },
        {
            &quot;name&quot;: &quot;cherry&quot;,
            &quot;action&quot;: &quot;install&quot;,
            &quot;id&quot;: &quot;5495382&quot;,
            &quot;version&quot;: &quot;::fruits&quot;,
            &quot;url&quot;: &quot; &quot;
        },
        {
            &quot;name&quot;: &quot;registry&quot;,
            &quot;action&quot;: &quot;install&quot;,
            &quot;id&quot;: &quot;8018911&quot;,
            &quot;version&quot;: &quot;::docker&quot;,
            &quot;url&quot;: &quot; &quot;
        }
    ]
}
09:42:00 INFO  Started operation: {'creationTime': '2022-04-21T09:42:00.242Z', 'deviceName': 'mythicb', 'deviceId': '17501602', 'self': 'https://t493319102.eu-latest.cumulocity.com/devicecontrol/operations/17537753', 'id': '17537753', 'status': 'PENDING', 'description': &quot;Apply software changes, triggered from PySys: [{'action': 'install', 'id': '5495053', 'name': 'apple', 'url': ' ', 'version': '::fruits'}, {'action': 'install', 'id': '5494888', 'name': 'banana', 'url': ' ', 'version': '::fruits'}, {'action': 'install', 'id': '5475369', 'name': 'asciijump', 'url': ' ', 'version': '::apt'}, {'action': 'install', 'id': '5495382', 'name': 'cherry', 'url': ' ', 'version': '::fruits'}, {'action': 'install', 'id': '8018911', 'name': 'registry', 'url': ' ', 'version': '::docker'}]&quot;, 'c8y_SoftwareUpdate': [{'name': 'apple', 'action': 'install', 'id': '5495053', 'version': '::fruits', 'url': ' '}, {'name': 'banana', 'action': 'install', 'id': '5494888', 'version': '::fruits', 'url': ' '}, {'name': 'asciijump', 'action': 'install', 'id': '5475369', 'version': '::apt', 'url': ' '}, {'name': 'cherry', 'action': 'install', 'id': '5495382', 'version': '::fruits', 'url': ' '}, {'name': 'registry', 'action': 'install', 'id': '8018911', 'version': '::docker', 'url': ' '}]}
09:42:02 INFO  State of operation 17537753 : PENDING
09:42:04 INFO  State of operation 17537753 : EXECUTING
09:42:06 INFO  State of operation 17537753 : EXECUTING
09:42:09 INFO  State of operation 17537753 : EXECUTING
09:42:11 INFO  State of operation 17537753 : EXECUTING
09:42:13 INFO  State of operation 17537753 : EXECUTING
09:42:16 INFO  State of operation 17537753 : EXECUTING
09:42:19 INFO  State of operation 17537753 : EXECUTING
09:42:22 INFO  State of operation 17537753 : EXECUTING
09:42:24 INFO  State of operation 17537753 : EXECUTING
09:42:26 INFO  State of operation 17537753 : EXECUTING
09:42:29 INFO  State of operation 17537753 : EXECUTING
09:42:31 INFO  State of operation 17537753 : EXECUTING
09:42:33 INFO  State of operation 17537753 : EXECUTING
09:42:35 INFO  State of operation 17537753 : EXECUTING
09:42:38 INFO  State of operation 17537753 : EXECUTING
09:42:40 INFO  State of operation 17537753 : EXECUTING
09:42:42 INFO  State of operation 17537753 : EXECUTING
09:42:44 INFO  State of operation 17537753 : EXECUTING
09:42:47 INFO  State of operation 17537753 : EXECUTING
09:42:49 INFO  State of operation 17537753 : EXECUTING
09:42:52 INFO  State of operation 17537753 : EXECUTING
09:42:54 INFO  State of operation 17537753 : EXECUTING
09:42:56 INFO  State of operation 17537753 : EXECUTING
09:42:58 INFO  State of operation 17537753 : EXECUTING
09:43:01 INFO  State of operation 17537753 : EXECUTING
09:43:03 INFO  State of operation 17537753 : SUCCESSFUL
09:43:03 INFO  Package apple is installed
09:43:03 INFO  Assert that (True == value) with value=True ... passed
09:43:03 INFO  Package banana is installed
09:43:03 INFO  Assert that (True == value) with value=True ... passed
09:43:04 INFO  Package cherry is installed
09:43:04 INFO  Assert that (True == value) with value=True ... passed
09:43:04 INFO  Package asciijump is installed
09:43:04 INFO  Assert that (True == value) with value=True ... passed
09:43:04 INFO  Package registry is installed
09:43:04 INFO  Assert that (True == value) with value=True ... passed
09:43:04 INFO  Response status: 201
09:43:04 INFO  Response to action: {
    &quot;creationTime&quot;: &quot;2022-04-21T09:43:04.664Z&quot;,
    &quot;deviceName&quot;: &quot;mythicb&quot;,
    &quot;deviceId&quot;: &quot;17501602&quot;,
    &quot;self&quot;: &quot;https://t493319102.eu-latest.cumulocity.com/devicecontrol/operations/17537761&quot;,
    &quot;id&quot;: &quot;17537761&quot;,
    &quot;status&quot;: &quot;PENDING&quot;,
    &quot;description&quot;: &quot;Apply software changes, triggered from PySys: [{'action': 'delete', 'id': '5495053', 'name': 'apple', 'url': ' ', 'version': '::fruits'}, {'action': 'delete', 'id': '5494888', 'name': 'banana', 'url': ' ', 'version': '::fruits'}, {'action': 'delete', 'id': '5475369', 'name': 'asciijump', 'url': ' ', 'version': '::apt'}, {'action': 'delete', 'id': '5495382', 'name': 'cherry', 'url': ' ', 'version': '::fruits'}, {'action': 'delete', 'id': '8018911', 'name': 'registry', 'url': ' ', 'version': '::docker'}]&quot;,
    &quot;c8y_SoftwareUpdate&quot;: [
        {
            &quot;name&quot;: &quot;apple&quot;,
            &quot;action&quot;: &quot;delete&quot;,
            &quot;id&quot;: &quot;5495053&quot;,
            &quot;version&quot;: &quot;::fruits&quot;,
            &quot;url&quot;: &quot; &quot;
        },
        {
            &quot;name&quot;: &quot;banana&quot;,
            &quot;action&quot;: &quot;delete&quot;,
            &quot;id&quot;: &quot;5494888&quot;,
            &quot;version&quot;: &quot;::fruits&quot;,
            &quot;url&quot;: &quot; &quot;
        },
        {
            &quot;name&quot;: &quot;asciijump&quot;,
            &quot;action&quot;: &quot;delete&quot;,
            &quot;id&quot;: &quot;5475369&quot;,
            &quot;version&quot;: &quot;::apt&quot;,
            &quot;url&quot;: &quot; &quot;
        },
        {
            &quot;name&quot;: &quot;cherry&quot;,
            &quot;action&quot;: &quot;delete&quot;,
            &quot;id&quot;: &quot;5495382&quot;,
            &quot;version&quot;: &quot;::fruits&quot;,
            &quot;url&quot;: &quot; &quot;
        },
        {
            &quot;name&quot;: &quot;registry&quot;,
            &quot;action&quot;: &quot;delete&quot;,
            &quot;id&quot;: &quot;8018911&quot;,
            &quot;version&quot;: &quot;::docker&quot;,
            &quot;url&quot;: &quot; &quot;
        }
    ]
}
09:43:04 INFO  Started operation: {'creationTime': '2022-04-21T09:43:04.664Z', 'deviceName': 'mythicb', 'deviceId': '17501602', 'self': 'https://t493319102.eu-latest.cumulocity.com/devicecontrol/operations/17537761', 'id': '17537761', 'status': 'PENDING', 'description': &quot;Apply software changes, triggered from PySys: [{'action': 'delete', 'id': '5495053', 'name': 'apple', 'url': ' ', 'version': '::fruits'}, {'action': 'delete', 'id': '5494888', 'name': 'banana', 'url': ' ', 'version': '::fruits'}, {'action': 'delete', 'id': '5475369', 'name': 'asciijump', 'url': ' ', 'version': '::apt'}, {'action': 'delete', 'id': '5495382', 'name': 'cherry', 'url': ' ', 'version': '::fruits'}, {'action': 'delete', 'id': '8018911', 'name': 'registry', 'url': ' ', 'version': '::docker'}]&quot;, 'c8y_SoftwareUpdate': [{'name': 'apple', 'action': 'delete', 'id': '5495053', 'version': '::fruits', 'url': ' '}, {'name': 'banana', 'action': 'delete', 'id': '5494888', 'version': '::fruits', 'url': ' '}, {'name': 'asciijump', 'action': 'delete', 'id': '5475369', 'version': '::apt', 'url': ' '}, {'name': 'cherry', 'action': 'delete', 'id': '5495382', 'version': '::fruits', 'url': ' '}, {'name': 'registry', 'action': 'delete', 'id': '8018911', 'version': '::docker', 'url': ' '}]}
09:43:06 INFO  State of operation 17537761 : PENDING
09:43:09 INFO  State of operation 17537761 : EXECUTING
09:43:11 INFO  State of operation 17537761 : EXECUTING
09:43:13 INFO  State of operation 17537761 : EXECUTING
09:43:15 INFO  State of operation 17537761 : EXECUTING
09:43:18 INFO  State of operation 17537761 : EXECUTING
09:43:20 INFO  State of operation 17537761 : EXECUTING
09:43:23 INFO  State of operation 17537761 : EXECUTING
09:43:26 INFO  State of operation 17537761 : EXECUTING
09:43:28 INFO  State of operation 17537761 : EXECUTING
09:43:31 INFO  State of operation 17537761 : EXECUTING
09:43:33 INFO  State of operation 17537761 : EXECUTING
09:43:35 INFO  State of operation 17537761 : EXECUTING
09:43:37 INFO  State of operation 17537761 : EXECUTING
09:43:40 INFO  State of operation 17537761 : EXECUTING
09:43:42 INFO  State of operation 17537761 : EXECUTING
09:43:47 INFO  State of operation 17537761 : EXECUTING
09:43:49 INFO  State of operation 17537761 : EXECUTING
09:43:51 INFO  State of operation 17537761 : EXECUTING
09:43:53 INFO  State of operation 17537761 : EXECUTING
09:43:56 INFO  State of operation 17537761 : EXECUTING
09:43:58 INFO  State of operation 17537761 : EXECUTING
09:44:00 INFO  State of operation 17537761 : EXECUTING
09:44:03 INFO  State of operation 17537761 : EXECUTING
09:44:05 INFO  State of operation 17537761 : EXECUTING
09:44:07 INFO  State of operation 17537761 : EXECUTING
09:44:10 INFO  State of operation 17537761 : EXECUTING
09:44:12 INFO  State of operation 17537761 : EXECUTING
09:44:14 INFO  State of operation 17537761 : EXECUTING
09:44:16 INFO  State of operation 17537761 : EXECUTING
09:44:19 INFO  State of operation 17537761 : SUCCESSFUL
09:44:19 INFO  Package apple is installed
09:44:19 INFO  Assert that (True == value) with value=True ... passed
09:44:19 INFO  Package banana is installed
09:44:19 INFO  Assert that (True == value) with value=True ... passed
09:44:19 INFO  Package cherry is installed
09:44:19 INFO  Assert that (True == value) with value=True ... passed
09:44:20 INFO  Assert that (False == value) with value=False ... passed
09:44:20 INFO  Assert that (False == value) with value=False ... passed
09:44:20 INFO  
09:44:20 INFO  cleanup:
09:44:24 INFO  Executed sudo&lt;tedge_disconnect_c8y&gt;, exit status 0
09:44:25 INFO  Executed systemctl&lt;serv_mapper5&gt;, exit status 3
09:44:25 INFO  
09:44:25 INFO  Test duration: 171.67 secs
09:44:25 INFO  Test final outcome:  FAILED
09:44:25 INFO  Test outcome reason: Assert that (False == value) with value=True
09:44:25 INFO  
</system-out>
	</testcase>
</testsuite>
