<?xml version="1.0" encoding="utf-8"?>
<testsuite failures="1" name="SoftwareManagement.sm_docker_install_remove_multiple" skipped="0" tests="1" time="165.86" timestamp="2022-04-19T14:47:42">
	<testcase classname="SMDockerInstallRemove" name="SoftwareManagement.sm_docker_install_remove_multiple">
		<failure message="BLOCKED: SystemError: Timeout while waiting for status FAILED or SUCCESSFUL" type="BLOCKED"/>
		<system-out>14:44:56 INFO  ==============================================================
14:44:56 INFO  Id:    SoftwareManagement.sm_docker_install_remove_multiple
14:44:56 INFO  Dir:   software_management_end_to_end/
14:44:56 INFO  Title: Validate end to end behaviour for the docker plugin for multiple docker images with mixed versions
14:44:56 INFO  ==============================================================
14:44:56 INFO  Using sw id database: {'asciijump': '5475369', 'robotfindskitten': '5474869', 'squirrel3': '5475279', 'rolldice': '5152439', 'moon-buggy': '5439204', 'apple': '5495053', 'banana': '5494888', 'cherry': '5495382', 'watermelon': '5494510', 'registry': '8018911', 'hello-world': '8021526', 'docker/getting-started': '8021973', 'alpine': '7991792'}
14:44:56 INFO  EnvironmentC8y Setup
14:44:57 INFO  Executed systemctl&lt;serv_mapper1&gt;, exit status 3
14:44:57 INFO  Restarting mosquitto too frequently in the last 10 seconds. It was only up for 5 seconds
14:44:57 INFO  Delaying execution by 6 seconds
14:45:17 INFO  Executed sudo&lt;tedge_connect_c8y&gt;, exit status 0, duration 14 secs
14:45:18 INFO  Executed sudo&lt;tedge_connect_c8y_test&gt;, exit status 0
14:45:18 INFO  Executed systemctl&lt;serv_mosq2&gt;, exit status 0
14:45:19 INFO  Executed systemctl&lt;serv_mapper3&gt;, exit status 0
14:45:21 INFO  State of current operation: PENDING
14:45:23 INFO  State of current operation: PENDING
14:45:25 INFO  State of current operation: PENDING
14:45:28 INFO  State of current operation: PENDING
14:45:30 INFO  State of current operation: PENDING
14:45:32 INFO  State of current operation: PENDING
14:45:34 INFO  State of current operation: PENDING
14:45:37 INFO  State of current operation: PENDING
14:45:39 INFO  State of current operation: PENDING
14:45:41 INFO  State of current operation: PENDING
14:45:43 INFO  State of current operation: PENDING
14:45:46 INFO  State of current operation: PENDING
14:45:48 INFO  State of current operation: PENDING
14:45:50 INFO  State of current operation: PENDING
14:45:52 INFO  State of current operation: PENDING
14:45:54 INFO  State of current operation: PENDING
14:45:57 INFO  State of current operation: PENDING
14:45:59 INFO  State of current operation: PENDING
14:46:01 INFO  State of current operation: PENDING
14:46:03 INFO  State of current operation: PENDING
14:46:06 INFO  State of current operation: PENDING
14:46:08 INFO  State of current operation: PENDING
14:46:10 INFO  State of current operation: PENDING
14:46:12 INFO  State of current operation: PENDING
14:46:15 INFO  State of current operation: PENDING
14:46:17 INFO  State of current operation: PENDING
14:46:19 INFO  State of current operation: PENDING
14:46:21 INFO  State of current operation: PENDING
14:46:24 INFO  State of current operation: PENDING
14:46:26 INFO  State of current operation: PENDING
14:46:28 INFO  State of current operation: PENDING
14:46:30 INFO  State of current operation: PENDING
14:46:32 INFO  State of current operation: PENDING
14:46:35 INFO  State of current operation: PENDING
14:46:37 INFO  State of current operation: PENDING
14:46:39 INFO  State of current operation: PENDING
14:46:41 INFO  State of current operation: PENDING
14:46:44 INFO  State of current operation: PENDING
14:46:46 INFO  State of current operation: PENDING
14:46:48 INFO  State of current operation: PENDING
14:46:50 INFO  State of current operation: PENDING
14:46:53 INFO  State of current operation: PENDING
14:46:55 INFO  State of current operation: PENDING
14:46:57 INFO  State of current operation: PENDING
14:46:59 INFO  State of current operation: PENDING
14:47:01 INFO  State of current operation: PENDING
14:47:04 INFO  State of current operation: PENDING
14:47:06 INFO  State of current operation: PENDING
14:47:08 INFO  State of current operation: PENDING
14:47:10 INFO  State of current operation: PENDING
14:47:13 INFO  State of current operation: PENDING
14:47:15 INFO  State of current operation: PENDING
14:47:17 INFO  State of current operation: PENDING
14:47:19 INFO  State of current operation: PENDING
14:47:22 INFO  State of current operation: PENDING
14:47:24 INFO  State of current operation: PENDING
14:47:26 INFO  State of current operation: PENDING
14:47:28 INFO  State of current operation: PENDING
14:47:31 INFO  State of current operation: PENDING
14:47:33 INFO  State of current operation: PENDING
14:47:35 INFO  State of current operation: PENDING
14:47:37 WARN  SystemError occurred while running test - Timeout while waiting for status FAILED or SUCCESSFUL
Traceback (most recent call last):
  File &quot;/home/pi/env-pysys/lib/python3.7/site-packages/pysys/baserunner.py&quot;, line 1292, in __call__
    self.testObj.setup()
  File &quot;/home/pi/actions-runner/_work/thin-edge.io/thin-edge.io/tests/PySys/software_management_end_to_end/sm_docker_install_remove_multiple/run.py&quot;, line 29, in setup
    super().setup()
  File &quot;/home/pi/actions-runner/_work/thin-edge.io/thin-edge.io/tests/PySys/software_management_end_to_end/environment_sm_management.py&quot;, line 151, in setup
    self.wait_until_end()
  File &quot;/home/pi/actions-runner/_work/thin-edge.io/thin-edge.io/tests/PySys/software_management_end_to_end/environment_sm_management.py&quot;, line 332, in wait_until_end
    self.wait_until_status(&quot;FAILED&quot;, &quot;SUCCESSFUL&quot;)
  File &quot;/home/pi/actions-runner/_work/thin-edge.io/thin-edge.io/tests/PySys/software_management_end_to_end/environment_sm_management.py&quot;, line 381, in wait_until_status
    &quot;Timeout while waiting for status %s or %s&quot; % (status, status2)
SystemError: Timeout while waiting for status FAILED or SUCCESSFUL
14:47:37 WARN  SystemError: Timeout while waiting for status FAILED or SUCCESSFUL ... blocked 
14:47:37 INFO  
14:47:37 INFO  cleanup:
14:47:41 INFO  Executed sudo&lt;tedge_disconnect_c8y&gt;, exit status 0
14:47:42 INFO  Executed systemctl&lt;serv_mapper5&gt;, exit status 3
14:47:42 INFO  
14:47:42 INFO  Test duration: 165.86 secs
14:47:42 INFO  Test final outcome:  BLOCKED
14:47:42 INFO  Test outcome reason: SystemError: Timeout while waiting for status FAILED or SUCCESSFUL
14:47:42 INFO  
</system-out>
	</testcase>
</testsuite>
