<?xml version="1.0" encoding="utf-8"?>
<testsuite failures="1" name="SoftwareManagement.sm_apt_install_remove_multiple" skipped="0" tests="1" time="142.62" timestamp="2022-05-10T14:21:48">
	<testcase classname="PySysTest" name="SoftwareManagement.sm_apt_install_remove_multiple">
		<failure message="FAILED: Assert that (False == value) with value=True (+2 other failures)" type="FAILED"/>
		<system-out>14:19:26 INFO  ==============================================================
14:19:26 INFO  Id:    SoftwareManagement.sm_apt_install_remove_multiple
14:19:26 INFO  Dir:   software_management_end_to_end/
14:19:26 INFO  Title: Validate end to end behaviour for the apt plugin for multiple packages
14:19:26 INFO  ==============================================================
14:19:26 INFO  Using sw id database: {'asciijump': '5475369', 'robotfindskitten': '5474869', 'squirrel3': '5475279', 'rolldice': '5152439', 'moon-buggy': '5439204', 'apple': '5495053', 'banana': '5494888', 'cherry': '5495382', 'watermelon': '5494510', 'registry': '8018911', 'hello-world': '8021526', 'docker/getting-started': '8021973', 'alpine': '7991792'}
14:19:26 INFO  EnvironmentC8y Setup
14:19:26 INFO  Executed systemctl&lt;serv_mapper1&gt;, exit status 3
14:19:26 INFO  Restarting mosquitto too frequently in the last 10 seconds. It was only up for 4 seconds
14:19:26 INFO  Delaying execution by 7 seconds
14:19:47 INFO  Executed sudo&lt;tedge_connect_c8y&gt;, exit status 0, duration 13 secs
14:19:48 INFO  Executed sudo&lt;tedge_connect_c8y_test&gt;, exit status 0
14:19:49 INFO  Executed systemctl&lt;serv_mosq2&gt;, exit status 0
14:19:49 INFO  Executed systemctl&lt;serv_mapper3&gt;, exit status 0
14:19:51 INFO  State of current operation: SUCCESSFUL
14:19:52 INFO  Assert that (False == value) with value=False ... passed
14:19:52 INFO  Package asciijump is installed
14:19:52 WARN  Assert that (False == value) with value=True ... failed 
14:19:52 INFO  Package squirrel3 is installed
14:19:52 WARN  Assert that (False == value) with value=True ... failed 
14:19:52 INFO  Package robotfindskitten is installed
14:19:52 WARN  Assert that (False == value) with value=True ... failed 
14:19:53 INFO  Response status: 201
14:19:53 INFO  Response to action: {
    &quot;creationTime&quot;: &quot;2022-05-10T14:19:52.979Z&quot;,
    &quot;deviceName&quot;: &quot;mythicb&quot;,
    &quot;deviceId&quot;: &quot;18672401&quot;,
    &quot;self&quot;: &quot;https://t493319102.eu-latest.cumulocity.com/devicecontrol/operations/18685681&quot;,
    &quot;id&quot;: &quot;18685681&quot;,
    &quot;status&quot;: &quot;PENDING&quot;,
    &quot;description&quot;: &quot;Apply software changes, triggered from PySys: [{'action': 'install', 'id': '5475369', 'name': 'asciijump', 'url': ' ', 'version': '::apt'}, {'action': 'install', 'id': '5474869', 'name': 'robotfindskitten', 'url': ' ', 'version': '::apt'}, {'action': 'install', 'id': '5475279', 'name': 'squirrel3', 'url': ' ', 'version': '::apt'}]&quot;,
    &quot;c8y_SoftwareUpdate&quot;: [
        {
            &quot;name&quot;: &quot;asciijump&quot;,
            &quot;action&quot;: &quot;install&quot;,
            &quot;id&quot;: &quot;5475369&quot;,
            &quot;version&quot;: &quot;::apt&quot;,
            &quot;url&quot;: &quot; &quot;
        },
        {
            &quot;name&quot;: &quot;robotfindskitten&quot;,
            &quot;action&quot;: &quot;install&quot;,
            &quot;id&quot;: &quot;5474869&quot;,
            &quot;version&quot;: &quot;::apt&quot;,
            &quot;url&quot;: &quot; &quot;
        },
        {
            &quot;name&quot;: &quot;squirrel3&quot;,
            &quot;action&quot;: &quot;install&quot;,
            &quot;id&quot;: &quot;5475279&quot;,
            &quot;version&quot;: &quot;::apt&quot;,
            &quot;url&quot;: &quot; &quot;
        }
    ]
}
14:19:53 INFO  Started operation: {'creationTime': '2022-05-10T14:19:52.979Z', 'deviceName': 'mythicb', 'deviceId': '18672401', 'self': 'https://t493319102.eu-latest.cumulocity.com/devicecontrol/operations/18685681', 'id': '18685681', 'status': 'PENDING', 'description': &quot;Apply software changes, triggered from PySys: [{'action': 'install', 'id': '5475369', 'name': 'asciijump', 'url': ' ', 'version': '::apt'}, {'action': 'install', 'id': '5474869', 'name': 'robotfindskitten', 'url': ' ', 'version': '::apt'}, {'action': 'install', 'id': '5475279', 'name': 'squirrel3', 'url': ' ', 'version': '::apt'}]&quot;, 'c8y_SoftwareUpdate': [{'name': 'asciijump', 'action': 'install', 'id': '5475369', 'version': '::apt', 'url': ' '}, {'name': 'robotfindskitten', 'action': 'install', 'id': '5474869', 'version': '::apt', 'url': ' '}, {'name': 'squirrel3', 'action': 'install', 'id': '5475279', 'version': '::apt', 'url': ' '}]}
14:19:55 INFO  State of operation 18685681 : PENDING
14:19:57 INFO  State of operation 18685681 : EXECUTING
14:19:59 INFO  State of operation 18685681 : EXECUTING
14:20:01 INFO  State of operation 18685681 : EXECUTING
14:20:04 INFO  State of operation 18685681 : EXECUTING
14:20:06 INFO  State of operation 18685681 : EXECUTING
14:20:09 INFO  State of operation 18685681 : EXECUTING
14:20:12 INFO  State of operation 18685681 : EXECUTING
14:20:15 INFO  State of operation 18685681 : EXECUTING
14:20:17 INFO  State of operation 18685681 : EXECUTING
14:20:19 INFO  State of operation 18685681 : EXECUTING
14:20:21 INFO  State of operation 18685681 : EXECUTING
14:20:24 INFO  State of operation 18685681 : EXECUTING
14:20:26 INFO  State of operation 18685681 : EXECUTING
14:20:28 INFO  State of operation 18685681 : EXECUTING
14:20:31 INFO  State of operation 18685681 : SUCCESSFUL
14:20:31 INFO  Assert that (False == value) with value=False ... passed
14:20:31 INFO  Package asciijump is installed
14:20:31 INFO  Assert that (True == value) with value=True ... passed
14:20:31 INFO  Package squirrel3 is installed
14:20:31 INFO  Assert that (True == value) with value=True ... passed
14:20:31 INFO  Package robotfindskitten is installed
14:20:31 INFO  Assert that (True == value) with value=True ... passed
14:20:32 INFO  Response status: 201
14:20:32 INFO  Response to action: {
    &quot;creationTime&quot;: &quot;2022-05-10T14:20:32.160Z&quot;,
    &quot;deviceName&quot;: &quot;mythicb&quot;,
    &quot;deviceId&quot;: &quot;18672401&quot;,
    &quot;self&quot;: &quot;https://t493319102.eu-latest.cumulocity.com/devicecontrol/operations/18685689&quot;,
    &quot;id&quot;: &quot;18685689&quot;,
    &quot;status&quot;: &quot;PENDING&quot;,
    &quot;description&quot;: &quot;Apply software changes, triggered from PySys: [{'action': 'delete', 'id': '5475369', 'name': 'asciijump', 'url': ' ', 'version': '::apt'}, {'action': 'delete', 'id': '5474869', 'name': 'robotfindskitten', 'url': ' ', 'version': '::apt'}, {'action': 'delete', 'id': '5475279', 'name': 'squirrel3', 'url': ' ', 'version': '::apt'}]&quot;,
    &quot;c8y_SoftwareUpdate&quot;: [
        {
            &quot;name&quot;: &quot;asciijump&quot;,
            &quot;action&quot;: &quot;delete&quot;,
            &quot;id&quot;: &quot;5475369&quot;,
            &quot;version&quot;: &quot;::apt&quot;,
            &quot;url&quot;: &quot; &quot;
        },
        {
            &quot;name&quot;: &quot;robotfindskitten&quot;,
            &quot;action&quot;: &quot;delete&quot;,
            &quot;id&quot;: &quot;5474869&quot;,
            &quot;version&quot;: &quot;::apt&quot;,
            &quot;url&quot;: &quot; &quot;
        },
        {
            &quot;name&quot;: &quot;squirrel3&quot;,
            &quot;action&quot;: &quot;delete&quot;,
            &quot;id&quot;: &quot;5475279&quot;,
            &quot;version&quot;: &quot;::apt&quot;,
            &quot;url&quot;: &quot; &quot;
        }
    ]
}
14:20:32 INFO  Started operation: {'creationTime': '2022-05-10T14:20:32.160Z', 'deviceName': 'mythicb', 'deviceId': '18672401', 'self': 'https://t493319102.eu-latest.cumulocity.com/devicecontrol/operations/18685689', 'id': '18685689', 'status': 'PENDING', 'description': &quot;Apply software changes, triggered from PySys: [{'action': 'delete', 'id': '5475369', 'name': 'asciijump', 'url': ' ', 'version': '::apt'}, {'action': 'delete', 'id': '5474869', 'name': 'robotfindskitten', 'url': ' ', 'version': '::apt'}, {'action': 'delete', 'id': '5475279', 'name': 'squirrel3', 'url': ' ', 'version': '::apt'}]&quot;, 'c8y_SoftwareUpdate': [{'name': 'asciijump', 'action': 'delete', 'id': '5475369', 'version': '::apt', 'url': ' '}, {'name': 'robotfindskitten', 'action': 'delete', 'id': '5474869', 'version': '::apt', 'url': ' '}, {'name': 'squirrel3', 'action': 'delete', 'id': '5475279', 'version': '::apt', 'url': ' '}]}
14:20:34 INFO  State of operation 18685689 : PENDING
14:20:36 INFO  State of operation 18685689 : EXECUTING
14:20:38 INFO  State of operation 18685689 : EXECUTING
14:20:41 INFO  State of operation 18685689 : EXECUTING
14:20:43 INFO  State of operation 18685689 : EXECUTING
14:20:45 INFO  State of operation 18685689 : EXECUTING
14:20:48 INFO  State of operation 18685689 : EXECUTING
14:20:51 INFO  State of operation 18685689 : EXECUTING
14:20:53 INFO  State of operation 18685689 : EXECUTING
14:20:56 INFO  State of operation 18685689 : EXECUTING
14:20:58 INFO  State of operation 18685689 : EXECUTING
14:21:00 INFO  State of operation 18685689 : EXECUTING
14:21:03 INFO  State of operation 18685689 : EXECUTING
14:21:05 INFO  State of operation 18685689 : EXECUTING
14:21:07 INFO  State of operation 18685689 : EXECUTING
14:21:09 INFO  State of operation 18685689 : EXECUTING
14:21:12 INFO  State of operation 18685689 : EXECUTING
14:21:14 INFO  State of operation 18685689 : EXECUTING
14:21:17 INFO  State of operation 18685689 : EXECUTING
14:21:19 INFO  State of operation 18685689 : EXECUTING
14:21:22 INFO  State of operation 18685689 : EXECUTING
14:21:24 INFO  State of operation 18685689 : EXECUTING
14:21:26 INFO  State of operation 18685689 : EXECUTING
14:21:28 INFO  State of operation 18685689 : EXECUTING
14:21:31 INFO  State of operation 18685689 : EXECUTING
14:21:34 INFO  State of operation 18685689 : EXECUTING
14:21:36 INFO  State of operation 18685689 : EXECUTING
14:21:38 INFO  State of operation 18685689 : EXECUTING
14:21:40 INFO  State of operation 18685689 : EXECUTING
14:21:43 INFO  State of operation 18685689 : SUCCESSFUL
14:21:43 INFO  Assert that (False == value) with value=False ... passed
14:21:43 INFO  Assert that (False == value) with value=False ... passed
14:21:43 INFO  Assert that (False == value) with value=False ... passed
14:21:44 INFO  Assert that (False == value) with value=False ... passed
14:21:44 INFO  
14:21:44 INFO  cleanup:
14:21:48 INFO  Executed sudo&lt;tedge_disconnect_c8y&gt;, exit status 0
14:21:48 INFO  Executed systemctl&lt;serv_mapper5&gt;, exit status 3
14:21:48 INFO  
14:21:48 INFO  Test duration: 142.62 secs
14:21:48 INFO  Test final outcome:  FAILED
14:21:48 INFO  Test outcome reason: Assert that (False == value) with value=True (+2 other failures)
14:21:48 INFO  
</system-out>
	</testcase>
</testsuite>
