<?xml version="1.0" encoding="utf-8"?>
<testsuite failures="1" name="SoftwareManagement.sm_apt_install_remove_multiple" skipped="0" tests="1" time="140.32" timestamp="2022-05-04T09:11:25">
	<testcase classname="PySysTest" name="SoftwareManagement.sm_apt_install_remove_multiple">
		<failure message="FAILED: Assert that (False == value) with value=True (+2 other failures)" type="FAILED"/>
		<system-out>09:09:04 INFO  ==============================================================
09:09:04 INFO  Id:    SoftwareManagement.sm_apt_install_remove_multiple
09:09:04 INFO  Dir:   software_management_end_to_end/
09:09:04 INFO  Title: Validate end to end behaviour for the apt plugin for multiple packages
09:09:04 INFO  ==============================================================
09:09:04 INFO  Using sw id database: {'asciijump': '5475369', 'robotfindskitten': '5474869', 'squirrel3': '5475279', 'rolldice': '5152439', 'moon-buggy': '5439204', 'apple': '5495053', 'banana': '5494888', 'cherry': '5495382', 'watermelon': '5494510', 'registry': '8018911', 'hello-world': '8021526', 'docker/getting-started': '8021973', 'alpine': '7991792'}
09:09:04 INFO  EnvironmentC8y Setup
09:09:05 INFO  Executed systemctl&lt;serv_mapper1&gt;, exit status 3
09:09:05 INFO  Restarting mosquitto too frequently in the last 10 seconds. It was only up for 5 seconds
09:09:05 INFO  Delaying execution by 6 seconds
09:09:25 INFO  Executed sudo&lt;tedge_connect_c8y&gt;, exit status 0, duration 13 secs
09:09:25 INFO  Executed sudo&lt;tedge_connect_c8y_test&gt;, exit status 0
09:09:26 INFO  Executed systemctl&lt;serv_mosq2&gt;, exit status 0
09:09:27 INFO  Executed systemctl&lt;serv_mapper3&gt;, exit status 0
09:09:29 INFO  State of current operation: SUCCESSFUL
09:09:29 INFO  Assert that (False == value) with value=False ... passed
09:09:29 INFO  Package asciijump is installed
09:09:29 WARN  Assert that (False == value) with value=True ... failed 
09:09:30 INFO  Package squirrel3 is installed
09:09:30 WARN  Assert that (False == value) with value=True ... failed 
09:09:30 INFO  Package robotfindskitten is installed
09:09:30 WARN  Assert that (False == value) with value=True ... failed 
09:09:30 INFO  Response status: 201
09:09:30 INFO  Response to action: {
    &quot;creationTime&quot;: &quot;2022-05-04T09:09:30.639Z&quot;,
    &quot;deviceName&quot;: &quot;mythicb&quot;,
    &quot;deviceId&quot;: &quot;18347006&quot;,
    &quot;self&quot;: &quot;https://t493319102.eu-latest.cumulocity.com/devicecontrol/operations/18389321&quot;,
    &quot;id&quot;: &quot;18389321&quot;,
    &quot;status&quot;: &quot;PENDING&quot;,
    &quot;description&quot;: &quot;Apply software changes, triggered from PySys: [{'action': 'install', 'id': '5475369', 'name': 'asciijump', 'url': ' ', 'version': '::apt'}, {'action': 'install', 'id': '5474869', 'name': 'robotfindskitten', 'url': ' ', 'version': '::apt'}, {'action': 'install', 'id': '5475279', 'name': 'squirrel3', 'url': ' ', 'version': '::apt'}]&quot;,
    &quot;c8y_SoftwareUpdate&quot;: [
        {
            &quot;name&quot;: &quot;asciijump&quot;,
            &quot;action&quot;: &quot;install&quot;,
            &quot;id&quot;: &quot;5475369&quot;,
            &quot;version&quot;: &quot;::apt&quot;,
            &quot;url&quot;: &quot; &quot;
        },
        {
            &quot;name&quot;: &quot;robotfindskitten&quot;,
            &quot;action&quot;: &quot;install&quot;,
            &quot;id&quot;: &quot;5474869&quot;,
            &quot;version&quot;: &quot;::apt&quot;,
            &quot;url&quot;: &quot; &quot;
        },
        {
            &quot;name&quot;: &quot;squirrel3&quot;,
            &quot;action&quot;: &quot;install&quot;,
            &quot;id&quot;: &quot;5475279&quot;,
            &quot;version&quot;: &quot;::apt&quot;,
            &quot;url&quot;: &quot; &quot;
        }
    ]
}
09:09:30 INFO  Started operation: {'creationTime': '2022-05-04T09:09:30.639Z', 'deviceName': 'mythicb', 'deviceId': '18347006', 'self': 'https://t493319102.eu-latest.cumulocity.com/devicecontrol/operations/18389321', 'id': '18389321', 'status': 'PENDING', 'description': &quot;Apply software changes, triggered from PySys: [{'action': 'install', 'id': '5475369', 'name': 'asciijump', 'url': ' ', 'version': '::apt'}, {'action': 'install', 'id': '5474869', 'name': 'robotfindskitten', 'url': ' ', 'version': '::apt'}, {'action': 'install', 'id': '5475279', 'name': 'squirrel3', 'url': ' ', 'version': '::apt'}]&quot;, 'c8y_SoftwareUpdate': [{'name': 'asciijump', 'action': 'install', 'id': '5475369', 'version': '::apt', 'url': ' '}, {'name': 'robotfindskitten', 'action': 'install', 'id': '5474869', 'version': '::apt', 'url': ' '}, {'name': 'squirrel3', 'action': 'install', 'id': '5475279', 'version': '::apt', 'url': ' '}]}
09:09:32 INFO  State of operation 18389321 : PENDING
09:09:35 INFO  State of operation 18389321 : EXECUTING
09:09:37 INFO  State of operation 18389321 : EXECUTING
09:09:39 INFO  State of operation 18389321 : EXECUTING
09:09:41 INFO  State of operation 18389321 : EXECUTING
09:09:44 INFO  State of operation 18389321 : EXECUTING
09:09:47 INFO  State of operation 18389321 : EXECUTING
09:09:51 INFO  State of operation 18389321 : EXECUTING
09:09:53 INFO  State of operation 18389321 : EXECUTING
09:09:55 INFO  State of operation 18389321 : EXECUTING
09:09:58 INFO  State of operation 18389321 : EXECUTING
09:10:00 INFO  State of operation 18389321 : EXECUTING
09:10:02 INFO  State of operation 18389321 : EXECUTING
09:10:04 INFO  State of operation 18389321 : EXECUTING
09:10:07 INFO  State of operation 18389321 : SUCCESSFUL
09:10:07 INFO  Assert that (False == value) with value=False ... passed
09:10:07 INFO  Package asciijump is installed
09:10:07 INFO  Assert that (True == value) with value=True ... passed
09:10:07 INFO  Package squirrel3 is installed
09:10:07 INFO  Assert that (True == value) with value=True ... passed
09:10:08 INFO  Package robotfindskitten is installed
09:10:08 INFO  Assert that (True == value) with value=True ... passed
09:10:08 INFO  Response status: 201
09:10:08 INFO  Response to action: {
    &quot;creationTime&quot;: &quot;2022-05-04T09:10:08.282Z&quot;,
    &quot;deviceName&quot;: &quot;mythicb&quot;,
    &quot;deviceId&quot;: &quot;18347006&quot;,
    &quot;self&quot;: &quot;https://t493319102.eu-latest.cumulocity.com/devicecontrol/operations/18389335&quot;,
    &quot;id&quot;: &quot;18389335&quot;,
    &quot;status&quot;: &quot;PENDING&quot;,
    &quot;description&quot;: &quot;Apply software changes, triggered from PySys: [{'action': 'delete', 'id': '5475369', 'name': 'asciijump', 'url': ' ', 'version': '::apt'}, {'action': 'delete', 'id': '5474869', 'name': 'robotfindskitten', 'url': ' ', 'version': '::apt'}, {'action': 'delete', 'id': '5475279', 'name': 'squirrel3', 'url': ' ', 'version': '::apt'}]&quot;,
    &quot;c8y_SoftwareUpdate&quot;: [
        {
            &quot;name&quot;: &quot;asciijump&quot;,
            &quot;action&quot;: &quot;delete&quot;,
            &quot;id&quot;: &quot;5475369&quot;,
            &quot;version&quot;: &quot;::apt&quot;,
            &quot;url&quot;: &quot; &quot;
        },
        {
            &quot;name&quot;: &quot;robotfindskitten&quot;,
            &quot;action&quot;: &quot;delete&quot;,
            &quot;id&quot;: &quot;5474869&quot;,
            &quot;version&quot;: &quot;::apt&quot;,
            &quot;url&quot;: &quot; &quot;
        },
        {
            &quot;name&quot;: &quot;squirrel3&quot;,
            &quot;action&quot;: &quot;delete&quot;,
            &quot;id&quot;: &quot;5475279&quot;,
            &quot;version&quot;: &quot;::apt&quot;,
            &quot;url&quot;: &quot; &quot;
        }
    ]
}
09:10:08 INFO  Started operation: {'creationTime': '2022-05-04T09:10:08.282Z', 'deviceName': 'mythicb', 'deviceId': '18347006', 'self': 'https://t493319102.eu-latest.cumulocity.com/devicecontrol/operations/18389335', 'id': '18389335', 'status': 'PENDING', 'description': &quot;Apply software changes, triggered from PySys: [{'action': 'delete', 'id': '5475369', 'name': 'asciijump', 'url': ' ', 'version': '::apt'}, {'action': 'delete', 'id': '5474869', 'name': 'robotfindskitten', 'url': ' ', 'version': '::apt'}, {'action': 'delete', 'id': '5475279', 'name': 'squirrel3', 'url': ' ', 'version': '::apt'}]&quot;, 'c8y_SoftwareUpdate': [{'name': 'asciijump', 'action': 'delete', 'id': '5475369', 'version': '::apt', 'url': ' '}, {'name': 'robotfindskitten', 'action': 'delete', 'id': '5474869', 'version': '::apt', 'url': ' '}, {'name': 'squirrel3', 'action': 'delete', 'id': '5475279', 'version': '::apt', 'url': ' '}]}
09:10:10 INFO  State of operation 18389335 : PENDING
09:10:12 INFO  State of operation 18389335 : EXECUTING
09:10:14 INFO  State of operation 18389335 : EXECUTING
09:10:17 INFO  State of operation 18389335 : EXECUTING
09:10:19 INFO  State of operation 18389335 : EXECUTING
09:10:21 INFO  State of operation 18389335 : EXECUTING
09:10:24 INFO  State of operation 18389335 : EXECUTING
09:10:27 INFO  State of operation 18389335 : EXECUTING
09:10:29 INFO  State of operation 18389335 : EXECUTING
09:10:32 INFO  State of operation 18389335 : EXECUTING
09:10:34 INFO  State of operation 18389335 : EXECUTING
09:10:36 INFO  State of operation 18389335 : EXECUTING
09:10:38 INFO  State of operation 18389335 : EXECUTING
09:10:41 INFO  State of operation 18389335 : EXECUTING
09:10:43 INFO  State of operation 18389335 : EXECUTING
09:10:45 INFO  State of operation 18389335 : EXECUTING
09:10:48 INFO  State of operation 18389335 : EXECUTING
09:10:50 INFO  State of operation 18389335 : EXECUTING
09:10:53 INFO  State of operation 18389335 : EXECUTING
09:10:56 INFO  State of operation 18389335 : EXECUTING
09:10:58 INFO  State of operation 18389335 : EXECUTING
09:11:00 INFO  State of operation 18389335 : EXECUTING
09:11:02 INFO  State of operation 18389335 : EXECUTING
09:11:05 INFO  State of operation 18389335 : EXECUTING
09:11:07 INFO  State of operation 18389335 : EXECUTING
09:11:10 INFO  State of operation 18389335 : EXECUTING
09:11:12 INFO  State of operation 18389335 : EXECUTING
09:11:14 INFO  State of operation 18389335 : EXECUTING
09:11:17 INFO  State of operation 18389335 : EXECUTING
09:11:19 INFO  State of operation 18389335 : SUCCESSFUL
09:11:19 INFO  Assert that (False == value) with value=False ... passed
09:11:19 INFO  Assert that (False == value) with value=False ... passed
09:11:20 INFO  Assert that (False == value) with value=False ... passed
09:11:20 INFO  Assert that (False == value) with value=False ... passed
09:11:20 INFO  
09:11:20 INFO  cleanup:
09:11:24 INFO  Executed sudo&lt;tedge_disconnect_c8y&gt;, exit status 0
09:11:24 INFO  Executed systemctl&lt;serv_mapper5&gt;, exit status 3
09:11:24 INFO  
09:11:24 INFO  Test duration: 140.32 secs
09:11:24 INFO  Test final outcome:  FAILED
09:11:24 INFO  Test outcome reason: Assert that (False == value) with value=True (+2 other failures)
09:11:24 INFO  
</system-out>
	</testcase>
</testsuite>
