<?xml version="1.0" encoding="utf-8"?>
<testsuite failures="1" name="SoftwareManagement.sm_mixed_install_remove_multiple" skipped="0" tests="1" time="170.96" timestamp="2022-04-27T15:47:37">
	<testcase classname="PySysTest" name="SoftwareManagement.sm_mixed_install_remove_multiple">
		<failure message="FAILED: Assert that (False == value) with value=True" type="FAILED"/>
		<system-out>15:44:46 INFO  ==============================================================
15:44:46 INFO  Id:    SoftwareManagement.sm_mixed_install_remove_multiple
15:44:46 INFO  Dir:   software_management_end_to_end/
15:44:46 INFO  Title: Validate end to end behaviour for the dummy-plugin for multiple packages with mixed versions
15:44:46 INFO  ==============================================================
15:44:46 INFO  Using sw id database: {'asciijump': '5475369', 'robotfindskitten': '5474869', 'squirrel3': '5475279', 'rolldice': '5152439', 'moon-buggy': '5439204', 'apple': '5495053', 'banana': '5494888', 'cherry': '5495382', 'watermelon': '5494510', 'registry': '8018911', 'hello-world': '8021526', 'docker/getting-started': '8021973', 'alpine': '7991792'}
15:44:46 INFO  EnvironmentC8y Setup
15:44:46 INFO  Executed systemctl&lt;serv_mapper1&gt;, exit status 3
15:44:46 INFO  Restarting mosquitto too frequently in the last 10 seconds. It was only up for 5 seconds
15:44:46 INFO  Delaying execution by 6 seconds
15:45:07 INFO  Executed sudo&lt;tedge_connect_c8y&gt;, exit status 0, duration 14 secs
15:45:08 INFO  Executed sudo&lt;tedge_connect_c8y_test&gt;, exit status 0
15:45:08 INFO  Executed systemctl&lt;serv_mosq2&gt;, exit status 0
15:45:09 INFO  Executed systemctl&lt;serv_mapper3&gt;, exit status 0
15:45:11 INFO  State of current operation: SUCCESSFUL
15:45:11 INFO  Package apple is installed
15:45:11 INFO  Assert that (True == value) with value=True ... passed
15:45:11 INFO  Package banana is installed
15:45:11 INFO  Assert that (True == value) with value=True ... passed
15:45:11 INFO  Package cherry is installed
15:45:11 INFO  Assert that (True == value) with value=True ... passed
15:45:12 INFO  Package asciijump is installed
15:45:12 WARN  Assert that (False == value) with value=True ... failed 
15:45:12 INFO  Assert that (False == value) with value=False ... passed
15:45:12 INFO  Response status: 201
15:45:12 INFO  Response to action: {
    &quot;creationTime&quot;: &quot;2022-04-27T15:45:12.830Z&quot;,
    &quot;deviceName&quot;: &quot;mythicb&quot;,
    &quot;deviceId&quot;: &quot;17785278&quot;,
    &quot;self&quot;: &quot;https://t493319102.eu-latest.cumulocity.com/devicecontrol/operations/17799318&quot;,
    &quot;id&quot;: &quot;17799318&quot;,
    &quot;status&quot;: &quot;PENDING&quot;,
    &quot;description&quot;: &quot;Apply software changes, triggered from PySys: [{'action': 'install', 'id': '5495053', 'name': 'apple', 'url': ' ', 'version': '::fruits'}, {'action': 'install', 'id': '5494888', 'name': 'banana', 'url': ' ', 'version': '::fruits'}, {'action': 'install', 'id': '5475369', 'name': 'asciijump', 'url': ' ', 'version': '::apt'}, {'action': 'install', 'id': '5495382', 'name': 'cherry', 'url': ' ', 'version': '::fruits'}, {'action': 'install', 'id': '8018911', 'name': 'registry', 'url': ' ', 'version': '::docker'}]&quot;,
    &quot;c8y_SoftwareUpdate&quot;: [
        {
            &quot;name&quot;: &quot;apple&quot;,
            &quot;action&quot;: &quot;install&quot;,
            &quot;id&quot;: &quot;5495053&quot;,
            &quot;version&quot;: &quot;::fruits&quot;,
            &quot;url&quot;: &quot; &quot;
        },
        {
            &quot;name&quot;: &quot;banana&quot;,
            &quot;action&quot;: &quot;install&quot;,
            &quot;id&quot;: &quot;5494888&quot;,
            &quot;version&quot;: &quot;::fruits&quot;,
            &quot;url&quot;: &quot; &quot;
        },
        {
            &quot;name&quot;: &quot;asciijump&quot;,
            &quot;action&quot;: &quot;install&quot;,
            &quot;id&quot;: &quot;5475369&quot;,
            &quot;version&quot;: &quot;::apt&quot;,
            &quot;url&quot;: &quot; &quot;
        },
        {
            &quot;name&quot;: &quot;cherry&quot;,
            &quot;action&quot;: &quot;install&quot;,
            &quot;id&quot;: &quot;5495382&quot;,
            &quot;version&quot;: &quot;::fruits&quot;,
            &quot;url&quot;: &quot; &quot;
        },
        {
            &quot;name&quot;: &quot;registry&quot;,
            &quot;action&quot;: &quot;install&quot;,
            &quot;id&quot;: &quot;8018911&quot;,
            &quot;version&quot;: &quot;::docker&quot;,
            &quot;url&quot;: &quot; &quot;
        }
    ]
}
15:45:12 INFO  Started operation: {'creationTime': '2022-04-27T15:45:12.830Z', 'deviceName': 'mythicb', 'deviceId': '17785278', 'self': 'https://t493319102.eu-latest.cumulocity.com/devicecontrol/operations/17799318', 'id': '17799318', 'status': 'PENDING', 'description': &quot;Apply software changes, triggered from PySys: [{'action': 'install', 'id': '5495053', 'name': 'apple', 'url': ' ', 'version': '::fruits'}, {'action': 'install', 'id': '5494888', 'name': 'banana', 'url': ' ', 'version': '::fruits'}, {'action': 'install', 'id': '5475369', 'name': 'asciijump', 'url': ' ', 'version': '::apt'}, {'action': 'install', 'id': '5495382', 'name': 'cherry', 'url': ' ', 'version': '::fruits'}, {'action': 'install', 'id': '8018911', 'name': 'registry', 'url': ' ', 'version': '::docker'}]&quot;, 'c8y_SoftwareUpdate': [{'name': 'apple', 'action': 'install', 'id': '5495053', 'version': '::fruits', 'url': ' '}, {'name': 'banana', 'action': 'install', 'id': '5494888', 'version': '::fruits', 'url': ' '}, {'name': 'asciijump', 'action': 'install', 'id': '5475369', 'version': '::apt', 'url': ' '}, {'name': 'cherry', 'action': 'install', 'id': '5495382', 'version': '::fruits', 'url': ' '}, {'name': 'registry', 'action': 'install', 'id': '8018911', 'version': '::docker', 'url': ' '}]}
15:45:15 INFO  State of operation 17799318 : PENDING
15:45:17 INFO  State of operation 17799318 : EXECUTING
15:45:19 INFO  State of operation 17799318 : EXECUTING
15:45:21 INFO  State of operation 17799318 : EXECUTING
15:45:23 INFO  State of operation 17799318 : EXECUTING
15:45:26 INFO  State of operation 17799318 : EXECUTING
15:45:29 INFO  State of operation 17799318 : EXECUTING
15:45:32 INFO  State of operation 17799318 : EXECUTING
15:45:34 INFO  State of operation 17799318 : EXECUTING
15:45:36 INFO  State of operation 17799318 : EXECUTING
15:45:39 INFO  State of operation 17799318 : EXECUTING
15:45:41 INFO  State of operation 17799318 : EXECUTING
15:45:43 INFO  State of operation 17799318 : EXECUTING
15:45:45 INFO  State of operation 17799318 : EXECUTING
15:45:47 INFO  State of operation 17799318 : EXECUTING
15:45:50 INFO  State of operation 17799318 : EXECUTING
15:45:52 INFO  State of operation 17799318 : EXECUTING
15:45:55 INFO  State of operation 17799318 : EXECUTING
15:45:57 INFO  State of operation 17799318 : EXECUTING
15:45:59 INFO  State of operation 17799318 : EXECUTING
15:46:01 INFO  State of operation 17799318 : EXECUTING
15:46:04 INFO  State of operation 17799318 : EXECUTING
15:46:06 INFO  State of operation 17799318 : EXECUTING
15:46:08 INFO  State of operation 17799318 : EXECUTING
15:46:10 INFO  State of operation 17799318 : EXECUTING
15:46:13 INFO  State of operation 17799318 : EXECUTING
15:46:15 INFO  State of operation 17799318 : SUCCESSFUL
15:46:15 INFO  Package apple is installed
15:46:15 INFO  Assert that (True == value) with value=True ... passed
15:46:15 INFO  Package banana is installed
15:46:15 INFO  Assert that (True == value) with value=True ... passed
15:46:15 INFO  Package cherry is installed
15:46:15 INFO  Assert that (True == value) with value=True ... passed
15:46:16 INFO  Package asciijump is installed
15:46:16 INFO  Assert that (True == value) with value=True ... passed
15:46:16 INFO  Package registry is installed
15:46:16 INFO  Assert that (True == value) with value=True ... passed
15:46:16 INFO  Response status: 201
15:46:16 INFO  Response to action: {
    &quot;creationTime&quot;: &quot;2022-04-27T15:46:16.592Z&quot;,
    &quot;deviceName&quot;: &quot;mythicb&quot;,
    &quot;deviceId&quot;: &quot;17785278&quot;,
    &quot;self&quot;: &quot;https://t493319102.eu-latest.cumulocity.com/devicecontrol/operations/17799324&quot;,
    &quot;id&quot;: &quot;17799324&quot;,
    &quot;status&quot;: &quot;PENDING&quot;,
    &quot;description&quot;: &quot;Apply software changes, triggered from PySys: [{'action': 'delete', 'id': '5495053', 'name': 'apple', 'url': ' ', 'version': '::fruits'}, {'action': 'delete', 'id': '5494888', 'name': 'banana', 'url': ' ', 'version': '::fruits'}, {'action': 'delete', 'id': '5475369', 'name': 'asciijump', 'url': ' ', 'version': '::apt'}, {'action': 'delete', 'id': '5495382', 'name': 'cherry', 'url': ' ', 'version': '::fruits'}, {'action': 'delete', 'id': '8018911', 'name': 'registry', 'url': ' ', 'version': '::docker'}]&quot;,
    &quot;c8y_SoftwareUpdate&quot;: [
        {
            &quot;name&quot;: &quot;apple&quot;,
            &quot;action&quot;: &quot;delete&quot;,
            &quot;id&quot;: &quot;5495053&quot;,
            &quot;version&quot;: &quot;::fruits&quot;,
            &quot;url&quot;: &quot; &quot;
        },
        {
            &quot;name&quot;: &quot;banana&quot;,
            &quot;action&quot;: &quot;delete&quot;,
            &quot;id&quot;: &quot;5494888&quot;,
            &quot;version&quot;: &quot;::fruits&quot;,
            &quot;url&quot;: &quot; &quot;
        },
        {
            &quot;name&quot;: &quot;asciijump&quot;,
            &quot;action&quot;: &quot;delete&quot;,
            &quot;id&quot;: &quot;5475369&quot;,
            &quot;version&quot;: &quot;::apt&quot;,
            &quot;url&quot;: &quot; &quot;
        },
        {
            &quot;name&quot;: &quot;cherry&quot;,
            &quot;action&quot;: &quot;delete&quot;,
            &quot;id&quot;: &quot;5495382&quot;,
            &quot;version&quot;: &quot;::fruits&quot;,
            &quot;url&quot;: &quot; &quot;
        },
        {
            &quot;name&quot;: &quot;registry&quot;,
            &quot;action&quot;: &quot;delete&quot;,
            &quot;id&quot;: &quot;8018911&quot;,
            &quot;version&quot;: &quot;::docker&quot;,
            &quot;url&quot;: &quot; &quot;
        }
    ]
}
15:46:16 INFO  Started operation: {'creationTime': '2022-04-27T15:46:16.592Z', 'deviceName': 'mythicb', 'deviceId': '17785278', 'self': 'https://t493319102.eu-latest.cumulocity.com/devicecontrol/operations/17799324', 'id': '17799324', 'status': 'PENDING', 'description': &quot;Apply software changes, triggered from PySys: [{'action': 'delete', 'id': '5495053', 'name': 'apple', 'url': ' ', 'version': '::fruits'}, {'action': 'delete', 'id': '5494888', 'name': 'banana', 'url': ' ', 'version': '::fruits'}, {'action': 'delete', 'id': '5475369', 'name': 'asciijump', 'url': ' ', 'version': '::apt'}, {'action': 'delete', 'id': '5495382', 'name': 'cherry', 'url': ' ', 'version': '::fruits'}, {'action': 'delete', 'id': '8018911', 'name': 'registry', 'url': ' ', 'version': '::docker'}]&quot;, 'c8y_SoftwareUpdate': [{'name': 'apple', 'action': 'delete', 'id': '5495053', 'version': '::fruits', 'url': ' '}, {'name': 'banana', 'action': 'delete', 'id': '5494888', 'version': '::fruits', 'url': ' '}, {'name': 'asciijump', 'action': 'delete', 'id': '5475369', 'version': '::apt', 'url': ' '}, {'name': 'cherry', 'action': 'delete', 'id': '5495382', 'version': '::fruits', 'url': ' '}, {'name': 'registry', 'action': 'delete', 'id': '8018911', 'version': '::docker', 'url': ' '}]}
15:46:18 INFO  State of operation 17799324 : PENDING
15:46:21 INFO  State of operation 17799324 : EXECUTING
15:46:23 INFO  State of operation 17799324 : EXECUTING
15:46:25 INFO  State of operation 17799324 : EXECUTING
15:46:27 INFO  State of operation 17799324 : EXECUTING
15:46:30 INFO  State of operation 17799324 : EXECUTING
15:46:32 INFO  State of operation 17799324 : EXECUTING
15:46:34 INFO  State of operation 17799324 : EXECUTING
15:46:37 INFO  State of operation 17799324 : EXECUTING
15:46:40 INFO  State of operation 17799324 : EXECUTING
15:46:42 INFO  State of operation 17799324 : EXECUTING
15:46:44 INFO  State of operation 17799324 : EXECUTING
15:46:47 INFO  State of operation 17799324 : EXECUTING
15:46:49 INFO  State of operation 17799324 : EXECUTING
15:46:51 INFO  State of operation 17799324 : EXECUTING
15:46:54 INFO  State of operation 17799324 : EXECUTING
15:46:58 INFO  State of operation 17799324 : EXECUTING
15:47:00 INFO  State of operation 17799324 : EXECUTING
15:47:03 INFO  State of operation 17799324 : EXECUTING
15:47:05 INFO  State of operation 17799324 : EXECUTING
15:47:07 INFO  State of operation 17799324 : EXECUTING
15:47:09 INFO  State of operation 17799324 : EXECUTING
15:47:12 INFO  State of operation 17799324 : EXECUTING
15:47:15 INFO  State of operation 17799324 : EXECUTING
15:47:17 INFO  State of operation 17799324 : EXECUTING
15:47:19 INFO  State of operation 17799324 : EXECUTING
15:47:21 INFO  State of operation 17799324 : EXECUTING
15:47:24 INFO  State of operation 17799324 : EXECUTING
15:47:26 INFO  State of operation 17799324 : EXECUTING
15:47:28 INFO  State of operation 17799324 : EXECUTING
15:47:31 INFO  State of operation 17799324 : SUCCESSFUL
15:47:31 INFO  Package apple is installed
15:47:31 INFO  Assert that (True == value) with value=True ... passed
15:47:31 INFO  Package banana is installed
15:47:31 INFO  Assert that (True == value) with value=True ... passed
15:47:31 INFO  Package cherry is installed
15:47:31 INFO  Assert that (True == value) with value=True ... passed
15:47:32 INFO  Assert that (False == value) with value=False ... passed
15:47:32 INFO  Assert that (False == value) with value=False ... passed
15:47:32 INFO  
15:47:32 INFO  cleanup:
15:47:36 INFO  Executed sudo&lt;tedge_disconnect_c8y&gt;, exit status 0
15:47:37 INFO  Executed systemctl&lt;serv_mapper5&gt;, exit status 3
15:47:37 INFO  
15:47:37 INFO  Test duration: 170.96 secs
15:47:37 INFO  Test final outcome:  FAILED
15:47:37 INFO  Test outcome reason: Assert that (False == value) with value=True
15:47:37 INFO  
</system-out>
	</testcase>
</testsuite>
