<?xml version="1.0" encoding="utf-8"?>
<testsuite failures="1" name="SoftwareManagement.sm_apt_install_fail" skipped="0" tests="1" time="166.18" timestamp="2022-04-19T14:31:06">
	<testcase classname="PySysTest" name="SoftwareManagement.sm_apt_install_fail">
		<failure message="BLOCKED: SystemError: Timeout while waiting for status FAILED or SUCCESSFUL" type="BLOCKED"/>
		<system-out>14:28:19 INFO  ==============================================================
14:28:19 INFO  Id:    SoftwareManagement.sm_apt_install_fail
14:28:19 INFO  Dir:   software_management_end_to_end/
14:28:19 INFO  Title: Validate end to end behaviour for a failing installation
14:28:19 INFO  ==============================================================
14:28:19 INFO  Using sw id database: {'asciijump': '5475369', 'robotfindskitten': '5474869', 'squirrel3': '5475279', 'rolldice': '5152439', 'moon-buggy': '5439204', 'apple': '5495053', 'banana': '5494888', 'cherry': '5495382', 'watermelon': '5494510', 'registry': '8018911', 'hello-world': '8021526', 'docker/getting-started': '8021973', 'alpine': '7991792'}
14:28:19 INFO  EnvironmentC8y Setup
14:28:20 INFO  Executed systemctl&lt;serv_mapper1&gt;, exit status 3
14:28:20 INFO  Restarting mosquitto too frequently in the last 10 seconds. It was only up for 5 seconds
14:28:20 INFO  Delaying execution by 6 seconds
14:28:40 INFO  Executed sudo&lt;tedge_connect_c8y&gt;, exit status 0, duration 13 secs
14:28:41 INFO  Executed sudo&lt;tedge_connect_c8y_test&gt;, exit status 0
14:28:41 INFO  Executed systemctl&lt;serv_mosq2&gt;, exit status 0
14:28:42 INFO  Executed systemctl&lt;serv_mapper3&gt;, exit status 0
14:28:44 INFO  State of current operation: PENDING
14:28:46 INFO  State of current operation: PENDING
14:28:49 INFO  State of current operation: PENDING
14:28:51 INFO  State of current operation: PENDING
14:28:53 INFO  State of current operation: PENDING
14:28:55 INFO  State of current operation: PENDING
14:28:58 INFO  State of current operation: PENDING
14:29:00 INFO  State of current operation: PENDING
14:29:02 INFO  State of current operation: PENDING
14:29:04 INFO  State of current operation: PENDING
14:29:06 INFO  State of current operation: PENDING
14:29:09 INFO  State of current operation: PENDING
14:29:11 INFO  State of current operation: PENDING
14:29:13 INFO  State of current operation: PENDING
14:29:15 INFO  State of current operation: PENDING
14:29:18 INFO  State of current operation: PENDING
14:29:20 INFO  State of current operation: PENDING
14:29:22 INFO  State of current operation: PENDING
14:29:24 INFO  State of current operation: PENDING
14:29:27 INFO  State of current operation: PENDING
14:29:29 INFO  State of current operation: PENDING
14:29:31 INFO  State of current operation: PENDING
14:29:33 INFO  State of current operation: PENDING
14:29:35 INFO  State of current operation: PENDING
14:29:38 INFO  State of current operation: PENDING
14:29:40 INFO  State of current operation: PENDING
14:29:42 INFO  State of current operation: PENDING
14:29:44 INFO  State of current operation: PENDING
14:29:47 INFO  State of current operation: PENDING
14:29:49 INFO  State of current operation: PENDING
14:29:52 INFO  State of current operation: PENDING
14:29:54 INFO  State of current operation: PENDING
14:29:56 INFO  State of current operation: PENDING
14:29:58 INFO  State of current operation: PENDING
14:30:00 INFO  State of current operation: PENDING
14:30:03 INFO  State of current operation: PENDING
14:30:05 INFO  State of current operation: PENDING
14:30:07 INFO  State of current operation: PENDING
14:30:09 INFO  State of current operation: PENDING
14:30:12 INFO  State of current operation: PENDING
14:30:14 INFO  State of current operation: PENDING
14:30:16 INFO  State of current operation: PENDING
14:30:18 INFO  State of current operation: PENDING
14:30:21 INFO  State of current operation: PENDING
14:30:23 INFO  State of current operation: PENDING
14:30:25 INFO  State of current operation: PENDING
14:30:27 INFO  State of current operation: PENDING
14:30:29 INFO  State of current operation: PENDING
14:30:32 INFO  State of current operation: PENDING
14:30:34 INFO  State of current operation: PENDING
14:30:36 INFO  State of current operation: PENDING
14:30:38 INFO  State of current operation: PENDING
14:30:41 INFO  State of current operation: PENDING
14:30:43 INFO  State of current operation: PENDING
14:30:45 INFO  State of current operation: PENDING
14:30:47 INFO  State of current operation: PENDING
14:30:50 INFO  State of current operation: PENDING
14:30:52 INFO  State of current operation: PENDING
14:30:54 INFO  State of current operation: PENDING
14:30:56 INFO  State of current operation: PENDING
14:30:58 INFO  State of current operation: PENDING
14:31:00 WARN  SystemError occurred while running test - Timeout while waiting for status FAILED or SUCCESSFUL
Traceback (most recent call last):
  File &quot;/home/pi/env-pysys/lib/python3.7/site-packages/pysys/baserunner.py&quot;, line 1292, in __call__
    self.testObj.setup()
  File &quot;/home/pi/actions-runner/_work/thin-edge.io/thin-edge.io/tests/PySys/software_management_end_to_end/sm_apt_install_fail/run.py&quot;, line 20, in setup
    super().setup()
  File &quot;/home/pi/actions-runner/_work/thin-edge.io/thin-edge.io/tests/PySys/software_management_end_to_end/environment_sm_management.py&quot;, line 151, in setup
    self.wait_until_end()
  File &quot;/home/pi/actions-runner/_work/thin-edge.io/thin-edge.io/tests/PySys/software_management_end_to_end/environment_sm_management.py&quot;, line 332, in wait_until_end
    self.wait_until_status(&quot;FAILED&quot;, &quot;SUCCESSFUL&quot;)
  File &quot;/home/pi/actions-runner/_work/thin-edge.io/thin-edge.io/tests/PySys/software_management_end_to_end/environment_sm_management.py&quot;, line 381, in wait_until_status
    &quot;Timeout while waiting for status %s or %s&quot; % (status, status2)
SystemError: Timeout while waiting for status FAILED or SUCCESSFUL
14:31:00 WARN  SystemError: Timeout while waiting for status FAILED or SUCCESSFUL ... blocked 
14:31:00 INFO  
14:31:00 INFO  cleanup:
14:31:05 INFO  Executed sudo&lt;tedge_disconnect_c8y&gt;, exit status 0
14:31:06 INFO  Executed systemctl&lt;serv_mapper5&gt;, exit status 3
14:31:06 INFO  
14:31:06 INFO  Test duration: 166.18 secs
14:31:06 INFO  Test final outcome:  BLOCKED
14:31:06 INFO  Test outcome reason: SystemError: Timeout while waiting for status FAILED or SUCCESSFUL
14:31:06 INFO  
</system-out>
	</testcase>
</testsuite>
