<?xml version="1.0" encoding="utf-8"?>
<testsuite failures="1" name="SoftwareManagement.sm_apt_install_remove_multiple" skipped="0" tests="1" time="139.71" timestamp="2022-04-28T16:38:26">
	<testcase classname="PySysTest" name="SoftwareManagement.sm_apt_install_remove_multiple">
		<failure message="FAILED: Assert that (False == value) with value=True (+2 other failures)" type="FAILED"/>
		<system-out>16:36:06 INFO  ==============================================================
16:36:06 INFO  Id:    SoftwareManagement.sm_apt_install_remove_multiple
16:36:06 INFO  Dir:   software_management_end_to_end/
16:36:06 INFO  Title: Validate end to end behaviour for the apt plugin for multiple packages
16:36:06 INFO  ==============================================================
16:36:06 INFO  Using sw id database: {'asciijump': '5475369', 'robotfindskitten': '5474869', 'squirrel3': '5475279', 'rolldice': '5152439', 'moon-buggy': '5439204', 'apple': '5495053', 'banana': '5494888', 'cherry': '5495382', 'watermelon': '5494510', 'registry': '8018911', 'hello-world': '8021526', 'docker/getting-started': '8021973', 'alpine': '7991792'}
16:36:06 INFO  EnvironmentC8y Setup
16:36:07 INFO  Executed systemctl&lt;serv_mapper1&gt;, exit status 3
16:36:07 INFO  Restarting mosquitto too frequently in the last 10 seconds. It was only up for 5 seconds
16:36:07 INFO  Delaying execution by 6 seconds
16:36:27 INFO  Executed sudo&lt;tedge_connect_c8y&gt;, exit status 0, duration 13 secs
16:36:28 INFO  Executed sudo&lt;tedge_connect_c8y_test&gt;, exit status 0
16:36:28 INFO  Executed systemctl&lt;serv_mosq2&gt;, exit status 0
16:36:29 INFO  Executed systemctl&lt;serv_mapper3&gt;, exit status 0
16:36:31 INFO  State of current operation: SUCCESSFUL
16:36:31 INFO  Assert that (False == value) with value=False ... passed
16:36:31 INFO  Package asciijump is installed
16:36:32 WARN  Assert that (False == value) with value=True ... failed 
16:36:32 INFO  Package squirrel3 is installed
16:36:32 WARN  Assert that (False == value) with value=True ... failed 
16:36:32 INFO  Package robotfindskitten is installed
16:36:32 WARN  Assert that (False == value) with value=True ... failed 
16:36:32 INFO  Response status: 201
16:36:32 INFO  Response to action: {
    &quot;creationTime&quot;: &quot;2022-04-28T16:36:32.745Z&quot;,
    &quot;deviceName&quot;: &quot;mythicb&quot;,
    &quot;deviceId&quot;: &quot;17908757&quot;,
    &quot;self&quot;: &quot;https://t493319102.eu-latest.cumulocity.com/devicecontrol/operations/17923688&quot;,
    &quot;id&quot;: &quot;17923688&quot;,
    &quot;status&quot;: &quot;PENDING&quot;,
    &quot;description&quot;: &quot;Apply software changes, triggered from PySys: [{'action': 'install', 'id': '5475369', 'name': 'asciijump', 'url': ' ', 'version': '::apt'}, {'action': 'install', 'id': '5474869', 'name': 'robotfindskitten', 'url': ' ', 'version': '::apt'}, {'action': 'install', 'id': '5475279', 'name': 'squirrel3', 'url': ' ', 'version': '::apt'}]&quot;,
    &quot;c8y_SoftwareUpdate&quot;: [
        {
            &quot;name&quot;: &quot;asciijump&quot;,
            &quot;action&quot;: &quot;install&quot;,
            &quot;id&quot;: &quot;5475369&quot;,
            &quot;version&quot;: &quot;::apt&quot;,
            &quot;url&quot;: &quot; &quot;
        },
        {
            &quot;name&quot;: &quot;robotfindskitten&quot;,
            &quot;action&quot;: &quot;install&quot;,
            &quot;id&quot;: &quot;5474869&quot;,
            &quot;version&quot;: &quot;::apt&quot;,
            &quot;url&quot;: &quot; &quot;
        },
        {
            &quot;name&quot;: &quot;squirrel3&quot;,
            &quot;action&quot;: &quot;install&quot;,
            &quot;id&quot;: &quot;5475279&quot;,
            &quot;version&quot;: &quot;::apt&quot;,
            &quot;url&quot;: &quot; &quot;
        }
    ]
}
16:36:32 INFO  Started operation: {'creationTime': '2022-04-28T16:36:32.745Z', 'deviceName': 'mythicb', 'deviceId': '17908757', 'self': 'https://t493319102.eu-latest.cumulocity.com/devicecontrol/operations/17923688', 'id': '17923688', 'status': 'PENDING', 'description': &quot;Apply software changes, triggered from PySys: [{'action': 'install', 'id': '5475369', 'name': 'asciijump', 'url': ' ', 'version': '::apt'}, {'action': 'install', 'id': '5474869', 'name': 'robotfindskitten', 'url': ' ', 'version': '::apt'}, {'action': 'install', 'id': '5475279', 'name': 'squirrel3', 'url': ' ', 'version': '::apt'}]&quot;, 'c8y_SoftwareUpdate': [{'name': 'asciijump', 'action': 'install', 'id': '5475369', 'version': '::apt', 'url': ' '}, {'name': 'robotfindskitten', 'action': 'install', 'id': '5474869', 'version': '::apt', 'url': ' '}, {'name': 'squirrel3', 'action': 'install', 'id': '5475279', 'version': '::apt', 'url': ' '}]}
16:36:35 INFO  State of operation 17923688 : PENDING
16:36:37 INFO  State of operation 17923688 : EXECUTING
16:36:39 INFO  State of operation 17923688 : EXECUTING
16:36:41 INFO  State of operation 17923688 : EXECUTING
16:36:44 INFO  State of operation 17923688 : EXECUTING
16:36:46 INFO  State of operation 17923688 : EXECUTING
16:36:49 INFO  State of operation 17923688 : EXECUTING
16:36:52 INFO  State of operation 17923688 : EXECUTING
16:36:54 INFO  State of operation 17923688 : EXECUTING
16:36:57 INFO  State of operation 17923688 : EXECUTING
16:36:59 INFO  State of operation 17923688 : EXECUTING
16:37:01 INFO  State of operation 17923688 : EXECUTING
16:37:03 INFO  State of operation 17923688 : EXECUTING
16:37:06 INFO  State of operation 17923688 : EXECUTING
16:37:08 INFO  State of operation 17923688 : EXECUTING
16:37:10 INFO  State of operation 17923688 : SUCCESSFUL
16:37:10 INFO  Assert that (False == value) with value=False ... passed
16:37:11 INFO  Package asciijump is installed
16:37:11 INFO  Assert that (True == value) with value=True ... passed
16:37:11 INFO  Package squirrel3 is installed
16:37:11 INFO  Assert that (True == value) with value=True ... passed
16:37:11 INFO  Package robotfindskitten is installed
16:37:11 INFO  Assert that (True == value) with value=True ... passed
16:37:11 INFO  Response status: 201
16:37:11 INFO  Response to action: {
    &quot;creationTime&quot;: &quot;2022-04-28T16:37:11.702Z&quot;,
    &quot;deviceName&quot;: &quot;mythicb&quot;,
    &quot;deviceId&quot;: &quot;17908757&quot;,
    &quot;self&quot;: &quot;https://t493319102.eu-latest.cumulocity.com/devicecontrol/operations/17923695&quot;,
    &quot;id&quot;: &quot;17923695&quot;,
    &quot;status&quot;: &quot;PENDING&quot;,
    &quot;description&quot;: &quot;Apply software changes, triggered from PySys: [{'action': 'delete', 'id': '5475369', 'name': 'asciijump', 'url': ' ', 'version': '::apt'}, {'action': 'delete', 'id': '5474869', 'name': 'robotfindskitten', 'url': ' ', 'version': '::apt'}, {'action': 'delete', 'id': '5475279', 'name': 'squirrel3', 'url': ' ', 'version': '::apt'}]&quot;,
    &quot;c8y_SoftwareUpdate&quot;: [
        {
            &quot;name&quot;: &quot;asciijump&quot;,
            &quot;action&quot;: &quot;delete&quot;,
            &quot;id&quot;: &quot;5475369&quot;,
            &quot;version&quot;: &quot;::apt&quot;,
            &quot;url&quot;: &quot; &quot;
        },
        {
            &quot;name&quot;: &quot;robotfindskitten&quot;,
            &quot;action&quot;: &quot;delete&quot;,
            &quot;id&quot;: &quot;5474869&quot;,
            &quot;version&quot;: &quot;::apt&quot;,
            &quot;url&quot;: &quot; &quot;
        },
        {
            &quot;name&quot;: &quot;squirrel3&quot;,
            &quot;action&quot;: &quot;delete&quot;,
            &quot;id&quot;: &quot;5475279&quot;,
            &quot;version&quot;: &quot;::apt&quot;,
            &quot;url&quot;: &quot; &quot;
        }
    ]
}
16:37:11 INFO  Started operation: {'creationTime': '2022-04-28T16:37:11.702Z', 'deviceName': 'mythicb', 'deviceId': '17908757', 'self': 'https://t493319102.eu-latest.cumulocity.com/devicecontrol/operations/17923695', 'id': '17923695', 'status': 'PENDING', 'description': &quot;Apply software changes, triggered from PySys: [{'action': 'delete', 'id': '5475369', 'name': 'asciijump', 'url': ' ', 'version': '::apt'}, {'action': 'delete', 'id': '5474869', 'name': 'robotfindskitten', 'url': ' ', 'version': '::apt'}, {'action': 'delete', 'id': '5475279', 'name': 'squirrel3', 'url': ' ', 'version': '::apt'}]&quot;, 'c8y_SoftwareUpdate': [{'name': 'asciijump', 'action': 'delete', 'id': '5475369', 'version': '::apt', 'url': ' '}, {'name': 'robotfindskitten', 'action': 'delete', 'id': '5474869', 'version': '::apt', 'url': ' '}, {'name': 'squirrel3', 'action': 'delete', 'id': '5475279', 'version': '::apt', 'url': ' '}]}
16:37:13 INFO  State of operation 17923695 : PENDING
16:37:16 INFO  State of operation 17923695 : EXECUTING
16:37:18 INFO  State of operation 17923695 : EXECUTING
16:37:20 INFO  State of operation 17923695 : EXECUTING
16:37:22 INFO  State of operation 17923695 : EXECUTING
16:37:25 INFO  State of operation 17923695 : EXECUTING
16:37:27 INFO  State of operation 17923695 : EXECUTING
16:37:30 INFO  State of operation 17923695 : EXECUTING
16:37:33 INFO  State of operation 17923695 : EXECUTING
16:37:35 INFO  State of operation 17923695 : EXECUTING
16:37:37 INFO  State of operation 17923695 : EXECUTING
16:37:39 INFO  State of operation 17923695 : EXECUTING
16:37:42 INFO  State of operation 17923695 : EXECUTING
16:37:44 INFO  State of operation 17923695 : EXECUTING
16:37:46 INFO  State of operation 17923695 : EXECUTING
16:37:48 INFO  State of operation 17923695 : EXECUTING
16:37:51 INFO  State of operation 17923695 : EXECUTING
16:37:53 INFO  State of operation 17923695 : EXECUTING
16:37:57 INFO  State of operation 17923695 : EXECUTING
16:37:59 INFO  State of operation 17923695 : EXECUTING
16:38:01 INFO  State of operation 17923695 : EXECUTING
16:38:04 INFO  State of operation 17923695 : EXECUTING
16:38:06 INFO  State of operation 17923695 : EXECUTING
16:38:08 INFO  State of operation 17923695 : EXECUTING
16:38:10 INFO  State of operation 17923695 : EXECUTING
16:38:13 INFO  State of operation 17923695 : EXECUTING
16:38:15 INFO  State of operation 17923695 : EXECUTING
16:38:18 INFO  State of operation 17923695 : EXECUTING
16:38:20 INFO  State of operation 17923695 : SUCCESSFUL
16:38:20 INFO  Assert that (False == value) with value=False ... passed
16:38:21 INFO  Assert that (False == value) with value=False ... passed
16:38:21 INFO  Assert that (False == value) with value=False ... passed
16:38:21 INFO  Assert that (False == value) with value=False ... passed
16:38:21 INFO  
16:38:21 INFO  cleanup:
16:38:25 INFO  Executed sudo&lt;tedge_disconnect_c8y&gt;, exit status 0
16:38:26 INFO  Executed systemctl&lt;serv_mapper5&gt;, exit status 3
16:38:26 INFO  
16:38:26 INFO  Test duration: 139.71 secs
16:38:26 INFO  Test final outcome:  FAILED
16:38:26 INFO  Test outcome reason: Assert that (False == value) with value=True (+2 other failures)
16:38:26 INFO  
</system-out>
	</testcase>
</testsuite>
