<?xml version="1.0" encoding="utf-8"?>
<testsuite failures="1" name="SoftwareManagement.sm_apt_install_remove_multiple" skipped="0" tests="1" time="143.24" timestamp="2022-05-02T16:14:03">
	<testcase classname="PySysTest" name="SoftwareManagement.sm_apt_install_remove_multiple">
		<failure message="FAILED: Assert that (False == value) with value=True (+2 other failures)" type="FAILED"/>
		<system-out>16:11:40 INFO  ==============================================================
16:11:40 INFO  Id:    SoftwareManagement.sm_apt_install_remove_multiple
16:11:40 INFO  Dir:   software_management_end_to_end/
16:11:40 INFO  Title: Validate end to end behaviour for the apt plugin for multiple packages
16:11:40 INFO  ==============================================================
16:11:40 INFO  Using sw id database: {'asciijump': '5475369', 'robotfindskitten': '5474869', 'squirrel3': '5475279', 'rolldice': '5152439', 'moon-buggy': '5439204', 'apple': '5495053', 'banana': '5494888', 'cherry': '5495382', 'watermelon': '5494510', 'registry': '8018911', 'hello-world': '8021526', 'docker/getting-started': '8021973', 'alpine': '7991792'}
16:11:40 INFO  EnvironmentC8y Setup
16:11:40 INFO  Executed systemctl&lt;serv_mapper1&gt;, exit status 3
16:11:40 INFO  Restarting mosquitto too frequently in the last 10 seconds. It was only up for 4 seconds
16:11:40 INFO  Delaying execution by 7 seconds
16:12:01 INFO  Executed sudo&lt;tedge_connect_c8y&gt;, exit status 0, duration 13 secs
16:12:02 INFO  Executed sudo&lt;tedge_connect_c8y_test&gt;, exit status 0
16:12:03 INFO  Executed systemctl&lt;serv_mosq2&gt;, exit status 0
16:12:03 INFO  Executed systemctl&lt;serv_mapper3&gt;, exit status 0
16:12:05 INFO  State of current operation: SUCCESSFUL
16:12:06 INFO  Assert that (False == value) with value=False ... passed
16:12:06 INFO  Package asciijump is installed
16:12:06 WARN  Assert that (False == value) with value=True ... failed 
16:12:06 INFO  Package squirrel3 is installed
16:12:07 WARN  Assert that (False == value) with value=True ... failed 
16:12:07 INFO  Package robotfindskitten is installed
16:12:07 WARN  Assert that (False == value) with value=True ... failed 
16:12:07 INFO  Response status: 201
16:12:07 INFO  Response to action: {
    &quot;delivery&quot;: {
        &quot;time&quot;: &quot;2022-05-02T16:12:07.443Z&quot;,
        &quot;log&quot;: [],
        &quot;status&quot;: &quot;PENDING&quot;
    },
    &quot;creationTime&quot;: &quot;2022-05-02T16:12:07.429Z&quot;,
    &quot;deviceName&quot;: &quot;mythicb&quot;,
    &quot;deviceId&quot;: &quot;18179538&quot;,
    &quot;self&quot;: &quot;https://t493319102.eu-latest.cumulocity.com/devicecontrol/operations/18214107&quot;,
    &quot;id&quot;: &quot;18214107&quot;,
    &quot;status&quot;: &quot;PENDING&quot;,
    &quot;description&quot;: &quot;Apply software changes, triggered from PySys: [{'action': 'install', 'id': '5475369', 'name': 'asciijump', 'url': ' ', 'version': '::apt'}, {'action': 'install', 'id': '5474869', 'name': 'robotfindskitten', 'url': ' ', 'version': '::apt'}, {'action': 'install', 'id': '5475279', 'name': 'squirrel3', 'url': ' ', 'version': '::apt'}]&quot;,
    &quot;c8y_SoftwareUpdate&quot;: [
        {
            &quot;name&quot;: &quot;asciijump&quot;,
            &quot;action&quot;: &quot;install&quot;,
            &quot;id&quot;: &quot;5475369&quot;,
            &quot;version&quot;: &quot;::apt&quot;,
            &quot;url&quot;: &quot; &quot;
        },
        {
            &quot;name&quot;: &quot;robotfindskitten&quot;,
            &quot;action&quot;: &quot;install&quot;,
            &quot;id&quot;: &quot;5474869&quot;,
            &quot;version&quot;: &quot;::apt&quot;,
            &quot;url&quot;: &quot; &quot;
        },
        {
            &quot;name&quot;: &quot;squirrel3&quot;,
            &quot;action&quot;: &quot;install&quot;,
            &quot;id&quot;: &quot;5475279&quot;,
            &quot;version&quot;: &quot;::apt&quot;,
            &quot;url&quot;: &quot; &quot;
        }
    ]
}
16:12:07 INFO  Started operation: {'delivery': {'time': '2022-05-02T16:12:07.443Z', 'log': [], 'status': 'PENDING'}, 'creationTime': '2022-05-02T16:12:07.429Z', 'deviceName': 'mythicb', 'deviceId': '18179538', 'self': 'https://t493319102.eu-latest.cumulocity.com/devicecontrol/operations/18214107', 'id': '18214107', 'status': 'PENDING', 'description': &quot;Apply software changes, triggered from PySys: [{'action': 'install', 'id': '5475369', 'name': 'asciijump', 'url': ' ', 'version': '::apt'}, {'action': 'install', 'id': '5474869', 'name': 'robotfindskitten', 'url': ' ', 'version': '::apt'}, {'action': 'install', 'id': '5475279', 'name': 'squirrel3', 'url': ' ', 'version': '::apt'}]&quot;, 'c8y_SoftwareUpdate': [{'name': 'asciijump', 'action': 'install', 'id': '5475369', 'version': '::apt', 'url': ' '}, {'name': 'robotfindskitten', 'action': 'install', 'id': '5474869', 'version': '::apt', 'url': ' '}, {'name': 'squirrel3', 'action': 'install', 'id': '5475279', 'version': '::apt', 'url': ' '}]}
16:12:09 INFO  State of operation 18214107 : PENDING
16:12:11 INFO  State of operation 18214107 : EXECUTING
16:12:14 INFO  State of operation 18214107 : EXECUTING
16:12:16 INFO  State of operation 18214107 : EXECUTING
16:12:18 INFO  State of operation 18214107 : EXECUTING
16:12:20 INFO  State of operation 18214107 : EXECUTING
16:12:23 INFO  State of operation 18214107 : EXECUTING
16:12:26 INFO  State of operation 18214107 : EXECUTING
16:12:29 INFO  State of operation 18214107 : EXECUTING
16:12:31 INFO  State of operation 18214107 : EXECUTING
16:12:34 INFO  State of operation 18214107 : EXECUTING
16:12:36 INFO  State of operation 18214107 : EXECUTING
16:12:38 INFO  State of operation 18214107 : EXECUTING
16:12:40 INFO  State of operation 18214107 : EXECUTING
16:12:43 INFO  State of operation 18214107 : EXECUTING
16:12:45 INFO  State of operation 18214107 : SUCCESSFUL
16:12:45 INFO  Assert that (False == value) with value=False ... passed
16:12:45 INFO  Package asciijump is installed
16:12:45 INFO  Assert that (True == value) with value=True ... passed
16:12:45 INFO  Package squirrel3 is installed
16:12:45 INFO  Assert that (True == value) with value=True ... passed
16:12:46 INFO  Package robotfindskitten is installed
16:12:46 INFO  Assert that (True == value) with value=True ... passed
16:12:46 INFO  Response status: 201
16:12:46 INFO  Response to action: {
    &quot;delivery&quot;: {
        &quot;time&quot;: &quot;2022-05-02T16:12:46.381Z&quot;,
        &quot;log&quot;: [],
        &quot;status&quot;: &quot;PENDING&quot;
    },
    &quot;creationTime&quot;: &quot;2022-05-02T16:12:46.368Z&quot;,
    &quot;deviceName&quot;: &quot;mythicb&quot;,
    &quot;deviceId&quot;: &quot;18179538&quot;,
    &quot;self&quot;: &quot;https://t493319102.eu-latest.cumulocity.com/devicecontrol/operations/18214122&quot;,
    &quot;id&quot;: &quot;18214122&quot;,
    &quot;status&quot;: &quot;PENDING&quot;,
    &quot;description&quot;: &quot;Apply software changes, triggered from PySys: [{'action': 'delete', 'id': '5475369', 'name': 'asciijump', 'url': ' ', 'version': '::apt'}, {'action': 'delete', 'id': '5474869', 'name': 'robotfindskitten', 'url': ' ', 'version': '::apt'}, {'action': 'delete', 'id': '5475279', 'name': 'squirrel3', 'url': ' ', 'version': '::apt'}]&quot;,
    &quot;c8y_SoftwareUpdate&quot;: [
        {
            &quot;name&quot;: &quot;asciijump&quot;,
            &quot;action&quot;: &quot;delete&quot;,
            &quot;id&quot;: &quot;5475369&quot;,
            &quot;version&quot;: &quot;::apt&quot;,
            &quot;url&quot;: &quot; &quot;
        },
        {
            &quot;name&quot;: &quot;robotfindskitten&quot;,
            &quot;action&quot;: &quot;delete&quot;,
            &quot;id&quot;: &quot;5474869&quot;,
            &quot;version&quot;: &quot;::apt&quot;,
            &quot;url&quot;: &quot; &quot;
        },
        {
            &quot;name&quot;: &quot;squirrel3&quot;,
            &quot;action&quot;: &quot;delete&quot;,
            &quot;id&quot;: &quot;5475279&quot;,
            &quot;version&quot;: &quot;::apt&quot;,
            &quot;url&quot;: &quot; &quot;
        }
    ]
}
16:12:46 INFO  Started operation: {'delivery': {'time': '2022-05-02T16:12:46.381Z', 'log': [], 'status': 'PENDING'}, 'creationTime': '2022-05-02T16:12:46.368Z', 'deviceName': 'mythicb', 'deviceId': '18179538', 'self': 'https://t493319102.eu-latest.cumulocity.com/devicecontrol/operations/18214122', 'id': '18214122', 'status': 'PENDING', 'description': &quot;Apply software changes, triggered from PySys: [{'action': 'delete', 'id': '5475369', 'name': 'asciijump', 'url': ' ', 'version': '::apt'}, {'action': 'delete', 'id': '5474869', 'name': 'robotfindskitten', 'url': ' ', 'version': '::apt'}, {'action': 'delete', 'id': '5475279', 'name': 'squirrel3', 'url': ' ', 'version': '::apt'}]&quot;, 'c8y_SoftwareUpdate': [{'name': 'asciijump', 'action': 'delete', 'id': '5475369', 'version': '::apt', 'url': ' '}, {'name': 'robotfindskitten', 'action': 'delete', 'id': '5474869', 'version': '::apt', 'url': ' '}, {'name': 'squirrel3', 'action': 'delete', 'id': '5475279', 'version': '::apt', 'url': ' '}]}
16:12:48 INFO  State of operation 18214122 : PENDING
16:12:50 INFO  State of operation 18214122 : EXECUTING
16:12:53 INFO  State of operation 18214122 : EXECUTING
16:12:55 INFO  State of operation 18214122 : EXECUTING
16:12:57 INFO  State of operation 18214122 : EXECUTING
16:12:59 INFO  State of operation 18214122 : EXECUTING
16:13:02 INFO  State of operation 18214122 : EXECUTING
16:13:04 INFO  State of operation 18214122 : EXECUTING
16:13:07 INFO  State of operation 18214122 : EXECUTING
16:13:10 INFO  State of operation 18214122 : EXECUTING
16:13:12 INFO  State of operation 18214122 : EXECUTING
16:13:14 INFO  State of operation 18214122 : EXECUTING
16:13:16 INFO  State of operation 18214122 : EXECUTING
16:13:18 INFO  State of operation 18214122 : EXECUTING
16:13:21 INFO  State of operation 18214122 : EXECUTING
16:13:23 INFO  State of operation 18214122 : EXECUTING
16:13:25 INFO  State of operation 18214122 : EXECUTING
16:13:28 INFO  State of operation 18214122 : EXECUTING
16:13:31 INFO  State of operation 18214122 : EXECUTING
16:13:34 INFO  State of operation 18214122 : EXECUTING
16:13:36 INFO  State of operation 18214122 : EXECUTING
16:13:38 INFO  State of operation 18214122 : EXECUTING
16:13:40 INFO  State of operation 18214122 : EXECUTING
16:13:43 INFO  State of operation 18214122 : EXECUTING
16:13:45 INFO  State of operation 18214122 : EXECUTING
16:13:48 INFO  State of operation 18214122 : EXECUTING
16:13:51 INFO  State of operation 18214122 : EXECUTING
16:13:53 INFO  State of operation 18214122 : EXECUTING
16:13:55 INFO  State of operation 18214122 : EXECUTING
16:13:57 INFO  State of operation 18214122 : SUCCESSFUL
16:13:58 INFO  Assert that (False == value) with value=False ... passed
16:13:58 INFO  Assert that (False == value) with value=False ... passed
16:13:58 INFO  Assert that (False == value) with value=False ... passed
16:13:58 INFO  Assert that (False == value) with value=False ... passed
16:13:58 INFO  
16:13:58 INFO  cleanup:
16:14:02 INFO  Executed sudo&lt;tedge_disconnect_c8y&gt;, exit status 0
16:14:03 INFO  Executed systemctl&lt;serv_mapper5&gt;, exit status 3
16:14:03 INFO  
16:14:03 INFO  Test duration: 143.24 secs
16:14:03 INFO  Test final outcome:  FAILED
16:14:03 INFO  Test outcome reason: Assert that (False == value) with value=True (+2 other failures)
16:14:03 INFO  
</system-out>
	</testcase>
</testsuite>
