<?xml version="1.0" encoding="utf-8"?>
<testsuite failures="1" name="SoftwareManagement.sm_apt_install_remove_multiple" skipped="0" tests="1" time="141.63" timestamp="2022-04-21T09:31:40">
	<testcase classname="PySysTest" name="SoftwareManagement.sm_apt_install_remove_multiple">
		<failure message="FAILED: Assert that (False == value) with value=True (+2 other failures)" type="FAILED"/>
		<system-out>09:29:19 INFO  ==============================================================
09:29:19 INFO  Id:    SoftwareManagement.sm_apt_install_remove_multiple
09:29:19 INFO  Dir:   software_management_end_to_end/
09:29:19 INFO  Title: Validate end to end behaviour for the apt plugin for multiple packages
09:29:19 INFO  ==============================================================
09:29:19 INFO  Using sw id database: {'asciijump': '5475369', 'robotfindskitten': '5474869', 'squirrel3': '5475279', 'rolldice': '5152439', 'moon-buggy': '5439204', 'apple': '5495053', 'banana': '5494888', 'cherry': '5495382', 'watermelon': '5494510', 'registry': '8018911', 'hello-world': '8021526', 'docker/getting-started': '8021973', 'alpine': '7991792'}
09:29:19 INFO  EnvironmentC8y Setup
09:29:19 INFO  Executed systemctl&lt;serv_mapper1&gt;, exit status 3
09:29:19 INFO  Restarting mosquitto too frequently in the last 10 seconds. It was only up for 4 seconds
09:29:19 INFO  Delaying execution by 7 seconds
09:29:40 INFO  Executed sudo&lt;tedge_connect_c8y&gt;, exit status 0, duration 14 secs
09:29:41 INFO  Executed sudo&lt;tedge_connect_c8y_test&gt;, exit status 0
09:29:42 INFO  Executed systemctl&lt;serv_mosq2&gt;, exit status 0
09:29:42 INFO  Executed systemctl&lt;serv_mapper3&gt;, exit status 0
09:29:44 INFO  State of current operation: SUCCESSFUL
09:29:45 INFO  Assert that (False == value) with value=False ... passed
09:29:45 INFO  Package asciijump is installed
09:29:45 WARN  Assert that (False == value) with value=True ... failed 
09:29:45 INFO  Package squirrel3 is installed
09:29:45 WARN  Assert that (False == value) with value=True ... failed 
09:29:46 INFO  Package robotfindskitten is installed
09:29:46 WARN  Assert that (False == value) with value=True ... failed 
09:29:46 INFO  Response status: 201
09:29:46 INFO  Response to action: {
    &quot;delivery&quot;: {
        &quot;time&quot;: &quot;2022-04-21T09:29:46.313Z&quot;,
        &quot;log&quot;: [],
        &quot;status&quot;: &quot;PENDING&quot;
    },
    &quot;creationTime&quot;: &quot;2022-04-21T09:29:46.300Z&quot;,
    &quot;deviceName&quot;: &quot;mythicb&quot;,
    &quot;deviceId&quot;: &quot;17501602&quot;,
    &quot;self&quot;: &quot;https://t493319102.eu-latest.cumulocity.com/devicecontrol/operations/17537617&quot;,
    &quot;id&quot;: &quot;17537617&quot;,
    &quot;status&quot;: &quot;PENDING&quot;,
    &quot;description&quot;: &quot;Apply software changes, triggered from PySys: [{'action': 'install', 'id': '5475369', 'name': 'asciijump', 'url': ' ', 'version': '::apt'}, {'action': 'install', 'id': '5474869', 'name': 'robotfindskitten', 'url': ' ', 'version': '::apt'}, {'action': 'install', 'id': '5475279', 'name': 'squirrel3', 'url': ' ', 'version': '::apt'}]&quot;,
    &quot;c8y_SoftwareUpdate&quot;: [
        {
            &quot;name&quot;: &quot;asciijump&quot;,
            &quot;action&quot;: &quot;install&quot;,
            &quot;id&quot;: &quot;5475369&quot;,
            &quot;version&quot;: &quot;::apt&quot;,
            &quot;url&quot;: &quot; &quot;
        },
        {
            &quot;name&quot;: &quot;robotfindskitten&quot;,
            &quot;action&quot;: &quot;install&quot;,
            &quot;id&quot;: &quot;5474869&quot;,
            &quot;version&quot;: &quot;::apt&quot;,
            &quot;url&quot;: &quot; &quot;
        },
        {
            &quot;name&quot;: &quot;squirrel3&quot;,
            &quot;action&quot;: &quot;install&quot;,
            &quot;id&quot;: &quot;5475279&quot;,
            &quot;version&quot;: &quot;::apt&quot;,
            &quot;url&quot;: &quot; &quot;
        }
    ]
}
09:29:46 INFO  Started operation: {'delivery': {'time': '2022-04-21T09:29:46.313Z', 'log': [], 'status': 'PENDING'}, 'creationTime': '2022-04-21T09:29:46.300Z', 'deviceName': 'mythicb', 'deviceId': '17501602', 'self': 'https://t493319102.eu-latest.cumulocity.com/devicecontrol/operations/17537617', 'id': '17537617', 'status': 'PENDING', 'description': &quot;Apply software changes, triggered from PySys: [{'action': 'install', 'id': '5475369', 'name': 'asciijump', 'url': ' ', 'version': '::apt'}, {'action': 'install', 'id': '5474869', 'name': 'robotfindskitten', 'url': ' ', 'version': '::apt'}, {'action': 'install', 'id': '5475279', 'name': 'squirrel3', 'url': ' ', 'version': '::apt'}]&quot;, 'c8y_SoftwareUpdate': [{'name': 'asciijump', 'action': 'install', 'id': '5475369', 'version': '::apt', 'url': ' '}, {'name': 'robotfindskitten', 'action': 'install', 'id': '5474869', 'version': '::apt', 'url': ' '}, {'name': 'squirrel3', 'action': 'install', 'id': '5475279', 'version': '::apt', 'url': ' '}]}
09:29:48 INFO  State of operation 17537617 : PENDING
09:29:50 INFO  State of operation 17537617 : EXECUTING
09:29:53 INFO  State of operation 17537617 : EXECUTING
09:29:55 INFO  State of operation 17537617 : EXECUTING
09:29:57 INFO  State of operation 17537617 : EXECUTING
09:29:59 INFO  State of operation 17537617 : EXECUTING
09:30:02 INFO  State of operation 17537617 : EXECUTING
09:30:06 INFO  State of operation 17537617 : EXECUTING
09:30:09 INFO  State of operation 17537617 : EXECUTING
09:30:11 INFO  State of operation 17537617 : EXECUTING
09:30:14 INFO  State of operation 17537617 : EXECUTING
09:30:16 INFO  State of operation 17537617 : EXECUTING
09:30:18 INFO  State of operation 17537617 : EXECUTING
09:30:20 INFO  State of operation 17537617 : EXECUTING
09:30:22 INFO  State of operation 17537617 : SUCCESSFUL
09:30:23 INFO  Assert that (False == value) with value=False ... passed
09:30:23 INFO  Package asciijump is installed
09:30:23 INFO  Assert that (True == value) with value=True ... passed
09:30:23 INFO  Package squirrel3 is installed
09:30:23 INFO  Assert that (True == value) with value=True ... passed
09:30:24 INFO  Package robotfindskitten is installed
09:30:24 INFO  Assert that (True == value) with value=True ... passed
09:30:24 INFO  Response status: 201
09:30:24 INFO  Response to action: {
    &quot;delivery&quot;: {
        &quot;time&quot;: &quot;2022-04-21T09:30:24.207Z&quot;,
        &quot;log&quot;: [],
        &quot;status&quot;: &quot;PENDING&quot;
    },
    &quot;creationTime&quot;: &quot;2022-04-21T09:30:24.194Z&quot;,
    &quot;deviceName&quot;: &quot;mythicb&quot;,
    &quot;deviceId&quot;: &quot;17501602&quot;,
    &quot;self&quot;: &quot;https://t493319102.eu-latest.cumulocity.com/devicecontrol/operations/17537623&quot;,
    &quot;id&quot;: &quot;17537623&quot;,
    &quot;status&quot;: &quot;PENDING&quot;,
    &quot;description&quot;: &quot;Apply software changes, triggered from PySys: [{'action': 'delete', 'id': '5475369', 'name': 'asciijump', 'url': ' ', 'version': '::apt'}, {'action': 'delete', 'id': '5474869', 'name': 'robotfindskitten', 'url': ' ', 'version': '::apt'}, {'action': 'delete', 'id': '5475279', 'name': 'squirrel3', 'url': ' ', 'version': '::apt'}]&quot;,
    &quot;c8y_SoftwareUpdate&quot;: [
        {
            &quot;name&quot;: &quot;asciijump&quot;,
            &quot;action&quot;: &quot;delete&quot;,
            &quot;id&quot;: &quot;5475369&quot;,
            &quot;version&quot;: &quot;::apt&quot;,
            &quot;url&quot;: &quot; &quot;
        },
        {
            &quot;name&quot;: &quot;robotfindskitten&quot;,
            &quot;action&quot;: &quot;delete&quot;,
            &quot;id&quot;: &quot;5474869&quot;,
            &quot;version&quot;: &quot;::apt&quot;,
            &quot;url&quot;: &quot; &quot;
        },
        {
            &quot;name&quot;: &quot;squirrel3&quot;,
            &quot;action&quot;: &quot;delete&quot;,
            &quot;id&quot;: &quot;5475279&quot;,
            &quot;version&quot;: &quot;::apt&quot;,
            &quot;url&quot;: &quot; &quot;
        }
    ]
}
09:30:24 INFO  Started operation: {'delivery': {'time': '2022-04-21T09:30:24.207Z', 'log': [], 'status': 'PENDING'}, 'creationTime': '2022-04-21T09:30:24.194Z', 'deviceName': 'mythicb', 'deviceId': '17501602', 'self': 'https://t493319102.eu-latest.cumulocity.com/devicecontrol/operations/17537623', 'id': '17537623', 'status': 'PENDING', 'description': &quot;Apply software changes, triggered from PySys: [{'action': 'delete', 'id': '5475369', 'name': 'asciijump', 'url': ' ', 'version': '::apt'}, {'action': 'delete', 'id': '5474869', 'name': 'robotfindskitten', 'url': ' ', 'version': '::apt'}, {'action': 'delete', 'id': '5475279', 'name': 'squirrel3', 'url': ' ', 'version': '::apt'}]&quot;, 'c8y_SoftwareUpdate': [{'name': 'asciijump', 'action': 'delete', 'id': '5475369', 'version': '::apt', 'url': ' '}, {'name': 'robotfindskitten', 'action': 'delete', 'id': '5474869', 'version': '::apt', 'url': ' '}, {'name': 'squirrel3', 'action': 'delete', 'id': '5475279', 'version': '::apt', 'url': ' '}]}
09:30:26 INFO  State of operation 17537623 : PENDING
09:30:28 INFO  State of operation 17537623 : EXECUTING
09:30:30 INFO  State of operation 17537623 : EXECUTING
09:30:33 INFO  State of operation 17537623 : EXECUTING
09:30:35 INFO  State of operation 17537623 : EXECUTING
09:30:37 INFO  State of operation 17537623 : EXECUTING
09:30:40 INFO  State of operation 17537623 : EXECUTING
09:30:42 INFO  State of operation 17537623 : EXECUTING
09:30:45 INFO  State of operation 17537623 : EXECUTING
09:30:47 INFO  State of operation 17537623 : EXECUTING
09:30:50 INFO  State of operation 17537623 : EXECUTING
09:30:52 INFO  State of operation 17537623 : EXECUTING
09:30:54 INFO  State of operation 17537623 : EXECUTING
09:30:56 INFO  State of operation 17537623 : EXECUTING
09:30:59 INFO  State of operation 17537623 : EXECUTING
09:31:01 INFO  State of operation 17537623 : EXECUTING
09:31:03 INFO  State of operation 17537623 : EXECUTING
09:31:05 INFO  State of operation 17537623 : EXECUTING
09:31:09 INFO  State of operation 17537623 : EXECUTING
09:31:11 INFO  State of operation 17537623 : EXECUTING
09:31:13 INFO  State of operation 17537623 : EXECUTING
09:31:16 INFO  State of operation 17537623 : EXECUTING
09:31:18 INFO  State of operation 17537623 : EXECUTING
09:31:20 INFO  State of operation 17537623 : EXECUTING
09:31:22 INFO  State of operation 17537623 : EXECUTING
09:31:25 INFO  State of operation 17537623 : EXECUTING
09:31:28 INFO  State of operation 17537623 : EXECUTING
09:31:30 INFO  State of operation 17537623 : EXECUTING
09:31:32 INFO  State of operation 17537623 : EXECUTING
09:31:35 INFO  State of operation 17537623 : SUCCESSFUL
09:31:35 INFO  Assert that (False == value) with value=False ... passed
09:31:35 INFO  Assert that (False == value) with value=False ... passed
09:31:35 INFO  Assert that (False == value) with value=False ... passed
09:31:36 INFO  Assert that (False == value) with value=False ... passed
09:31:36 INFO  
09:31:36 INFO  cleanup:
09:31:40 INFO  Executed sudo&lt;tedge_disconnect_c8y&gt;, exit status 0
09:31:40 INFO  Executed systemctl&lt;serv_mapper5&gt;, exit status 3
09:31:40 INFO  
09:31:40 INFO  Test duration: 141.63 secs
09:31:40 INFO  Test final outcome:  FAILED
09:31:40 INFO  Test outcome reason: Assert that (False == value) with value=True (+2 other failures)
09:31:40 INFO  
</system-out>
	</testcase>
</testsuite>
