<?xml version="1.0" encoding="utf-8"?>
<testsuite name="local_mqtt_pub_fail_qos0" tests="1" failures="0" skipped="0" time="1.9" timestamp="2022-05-16T07:20:39">
	<testcase classname="PySysTest" name="local_mqtt_pub_fail_qos0"/>
</testsuite>
