<?xml version="1.0" encoding="utf-8"?>
<testsuite name="SoftwareManagement.Plugin.apama_plugin_mon_support" tests="1" failures="0" skipped="1" time="0.02" timestamp="2022-05-09T06:56:36">
	<testcase classname="ApamaPluginMonSupportTest" name="SoftwareManagement.Plugin.apama_plugin_mon_support">
		<skipped message="SKIPPED: Apama plugin tests are disabled by default. Execute `pysys run` with `-XmyPlatform=container` to run these tests"/>
		<system-out>06:56:36 INFO  ==============================================================
06:56:36 INFO  Id:    SoftwareManagement.Plugin.apama_plugin_mon_support
06:56:36 INFO  Dir:   plugin_apama/
06:56:36 INFO  Title: Validate mon file support of apama plugin
06:56:36 INFO  ==============================================================
06:56:36 INFO  Apama plugin tests are disabled by default. Execute `pysys run` with `-XmyPlatform=container` to run these tests ... skipped
06:56:36 WARN  Aborted test due to SKIPPED outcome
06:56:36 INFO  
06:56:36 INFO  Test duration: 0.02 secs
06:56:36 INFO  Test final outcome:  SKIPPED
06:56:36 INFO  Test outcome reason: Apama plugin tests are disabled by default. Execute `pysys run` with `-XmyPlatform=container` to run these tests
06:56:36 INFO  
</system-out>
	</testcase>
</testsuite>
