<?xml version="1.0" encoding="utf-8"?>
<testsuite name="apt_install_local_file_with_version" tests="1" failures="0" skipped="1" time="0.02" timestamp="2022-05-09T06:56:37">
	<testcase classname="AptPluginInstallFromLocalFileWithVersion" name="apt_install_local_file_with_version">
		<skipped message="SKIPPED: Testing the apt plugin is not supported on this platform.To run the tests call PySys with -XmyPlatform='container'"/>
		<system-out>06:56:37 INFO  ==============================================================
06:56:37 INFO  Id:    apt_install_local_file_with_version
06:56:37 INFO  Dir:   plugin_apt/
06:56:37 INFO  Title: Validate apt plugin install from local file AND with a version - SUCCESS case
06:56:37 INFO  ==============================================================
06:56:37 INFO  Testing the apt plugin is not supported on this platform.To run the tests call PySys with -XmyPlatform='container' ... skipped
06:56:37 WARN  Aborted test due to SKIPPED outcome
06:56:37 INFO  
06:56:37 INFO  Test duration: 0.02 secs
06:56:37 INFO  Test final outcome:  SKIPPED
06:56:37 INFO  Test outcome reason: Testing the apt plugin is not supported on this platform.To run the tests call PySys with -XmyPlatform='container'
06:56:37 INFO  
</system-out>
	</testcase>
</testsuite>
