<?xml version="1.0" encoding="utf-8"?>
<testsuite name="monitoring_with_collectd" tests="1" failures="0" skipped="1" time="0.02" timestamp="2022-05-11T11:32:57">
	<testcase classname="MonitoringWithCollectd" name="monitoring_with_collectd">
		<skipped message="SKIPPED: Test execution disabled due to #792 (instable)"/>
		<system-out>11:32:57 INFO  ==============================================================
11:32:57 INFO  Id:    monitoring_with_collectd
11:32:57 INFO  Dir:   monitoring/
11:32:57 INFO  Title: Validate tedge dm agent messages that are produced by batching the collectd messages
11:32:57 INFO  ==============================================================
11:32:57 INFO  Test execution disabled due to #792 (instable) ... skipped
11:32:57 INFO  
11:32:57 INFO  Test duration: 0.02 secs
11:32:57 INFO  Test final outcome:  SKIPPED
11:32:57 INFO  Test outcome reason: Test execution disabled due to #792 (instable)
11:32:57 INFO  
</system-out>
	</testcase>
</testsuite>
