<?xml version="1.0" encoding="utf-8"?>
<testsuite name="log_request_error_messages" tests="1" failures="0" skipped="1" time="1.49" timestamp="2022-05-04T07:57:30">
	<testcase classname="LogRequestVerifySearchTextError" name="log_request_error_messages">
		<skipped message="SKIPPED: Test execution disabled due to #1123"/>
		<system-out>07:57:28 INFO  ==============================================================
07:57:28 INFO  Id:    log_request_error_messages
07:57:28 INFO  Dir:   log_request_end_to_end/
07:57:28 INFO  Title: Validate end to end behaviour for the log request operation check for error messages
07:57:28 INFO  ==============================================================
07:57:30 INFO  Test execution disabled due to #1123 ... skipped
07:57:30 INFO  
07:57:30 INFO  Test duration: 1.49 secs
07:57:30 INFO  Test final outcome:  SKIPPED
07:57:30 INFO  Test outcome reason: Test execution disabled due to #1123
07:57:30 INFO  
</system-out>
	</testcase>
</testsuite>
