<?xml version="1.0" encoding="utf-8"?>
<testsuite name="docker_plugin_finalize" tests="1" failures="0" skipped="1" time="0.05" timestamp="2022-05-02T15:06:50">
	<testcase classname="DockerPluginFinalizeTest" name="docker_plugin_finalize">
		<skipped message="SKIPPED: Testing the docker plugin is not supported on this platform.To run it, all the test with -XmyPlatform='container'"/>
		<system-out>15:06:50 INFO  ==============================================================
15:06:50 INFO  Id:    docker_plugin_finalize
15:06:50 INFO  Dir:   plugin_docker/
15:06:50 INFO  Title: Validate docker plugin finalize command
15:06:50 INFO  ==============================================================
15:06:50 INFO  Testing the docker plugin is not supported on this platform.To run it, all the test with -XmyPlatform='container' ... skipped
15:06:50 WARN  Aborted test due to SKIPPED outcome
15:06:50 INFO  
15:06:50 INFO  Test duration: 0.05 secs
15:06:50 INFO  Test final outcome:  SKIPPED
15:06:50 INFO  Test outcome reason: Testing the docker plugin is not supported on this platform.To run it, all the test with -XmyPlatform='container'
15:06:50 INFO  
</system-out>
	</testcase>
</testsuite>
