<?xml version="1.0" encoding="utf-8"?>
<testsuite name="tedge_connect_test_negative" tests="1" failures="0" skipped="0" time="0.59" timestamp="2022-05-30T09:20:42">
	<testcase classname="TedgeConnectTestNegative" name="tedge_connect_test_negative"/>
</testsuite>
