<?xml version="1.0" encoding="utf-8"?>
<testsuite name="smoketest_smartrest" tests="1" failures="0" skipped="0" time="52.39" timestamp="2022-05-16T07:29:09">
	<testcase classname="SmoketestSmartRest" name="smoketest_smartrest"/>
</testsuite>
