<?xml version="1.0" encoding="utf-8"?>
<testsuite name="SoftwareManagement.sm_apt_install_download_path" tests="1" failures="0" skipped="1" time="0.11" timestamp="2022-05-23T09:25:10">
	<testcase classname="AptInstallWithDownloadPath" name="SoftwareManagement.sm_apt_install_download_path">
		<skipped message="SKIPPED: Testing the apt plugin is not supported on this platform.Use parameter -XmyPlatform='container' to enable it"/>
		<system-out>09:25:10 INFO  ==============================================================
09:25:10 INFO  Id:    SoftwareManagement.sm_apt_install_download_path
09:25:10 INFO  Dir:   software_management_end_to_end/
09:25:10 INFO  Title: Install package to directory specified in tedge config set tmp.path
09:25:10 INFO  ==============================================================
09:25:10 INFO  Testing the apt plugin is not supported on this platform.Use parameter -XmyPlatform='container' to enable it ... skipped
09:25:10 WARN  Aborted test due to SKIPPED outcome
09:25:10 INFO  
09:25:10 INFO  Test duration: 0.11 secs
09:25:10 INFO  Test final outcome:  SKIPPED
09:25:10 INFO  Test outcome reason: Testing the apt plugin is not supported on this platform.Use parameter -XmyPlatform='container' to enable it
09:25:10 INFO  
</system-out>
	</testcase>
</testsuite>
