<?xml version="1.0" encoding="utf-8"?>
<testsuite name="agent_init_session" tests="1" failures="1" skipped="0" time="6.5" timestamp="2022-05-11T11:44:24">
	<testcase classname="AgentInitSession" name="agent_init_session">
		<failure message="FAILED: Grep on sub_resp.out contains &quot;Ld3KgqpcLDlrYH6sfpG7w&quot;" type="FAILED"/>
		<system-out>11:44:18 INFO  ==============================================================
11:44:18 INFO  Id:    agent_init_session
11:44:18 INFO  Dir:   tedge_agent/
11:44:18 INFO  Title: Validate tedge agent init session feature
11:44:18 INFO  ==============================================================
11:44:18 INFO  Executed sudo&lt;remove_lock&gt;, exit status 0
11:44:19 INFO  Executed sudo&lt;agent_clear&gt;, exit status 0
11:44:20 INFO  Executed sudo&lt;agent_init&gt;, exit status 0
11:44:20 INFO  Executed sudo&lt;pub_req&gt;, exit status 0
11:44:20 INFO  Started sudo&lt;sub_resp&gt; with process id 24642
11:44:21 INFO  Executed sudo&lt;agent_start&gt;, exit status 0
11:44:21 INFO  Waiting for 2.0 seconds
11:44:23 INFO  Executed sudo&lt;agent_stop&gt;, exit status 0
11:44:24 INFO  Executed sudo&lt;sub_stop&gt;, exit status 0
11:44:24 WARN  Grep on sub_resp.out contains &quot;Ld3KgqpcLDlrYH6sfpG7w&quot; ... failed [run.py:87]
11:44:24 INFO  
11:44:24 INFO  Test duration: 6.50 secs
11:44:24 INFO  Test final outcome:  FAILED
11:44:24 INFO  Test outcome reason: Grep on sub_resp.out contains &quot;Ld3KgqpcLDlrYH6sfpG7w&quot;
11:44:24 INFO  
</system-out>
	</testcase>
</testsuite>
