<?xml version="1.0" encoding="utf-8"?>
<testsuite name="SoftwareManagement.sm_mixed_install_remove_multiple" tests="1" failures="0" skipped="1" time="0.03" timestamp="2022-05-16T07:32:55">
	<testcase classname="PySysTest" name="SoftwareManagement.sm_mixed_install_remove_multiple">
		<skipped message="SKIPPED: Testing the fake plugin is not enabled.Use parameter -Xfakeplugin=fakeplugin to enable it"/>
		<system-out>07:32:55 INFO  ==============================================================
07:32:55 INFO  Id:    SoftwareManagement.sm_mixed_install_remove_multiple
07:32:55 INFO  Dir:   software_management_end_to_end/
07:32:55 INFO  Title: Validate end to end behaviour for the dummy-plugin for multiple packages with mixed versions
07:32:55 INFO  ==============================================================
07:32:55 INFO  Testing the fake plugin is not enabled.Use parameter -Xfakeplugin=fakeplugin to enable it ... skipped
07:32:55 WARN  Aborted test due to SKIPPED outcome
07:32:55 INFO  
07:32:55 INFO  Test duration: 0.03 secs
07:32:55 INFO  Test final outcome:  SKIPPED
07:32:55 INFO  Test outcome reason: Testing the fake plugin is not enabled.Use parameter -Xfakeplugin=fakeplugin to enable it
07:32:55 INFO  
</system-out>
	</testcase>
</testsuite>
