<?xml version="1.0" encoding="utf-8"?>
<testsuite name="smoketest_json" tests="1" failures="0" skipped="0" time="49.92" timestamp="2022-05-16T07:26:12">
	<testcase classname="SmokeTestJson" name="smoketest_json"/>
</testsuite>
