<?xml version="1.0" encoding="utf-8"?>
<testsuite name="agent_init_session" tests="1" failures="1" skipped="0" time="6.97" timestamp="2022-05-10T19:40:12">
	<testcase classname="AgentInitSession" name="agent_init_session">
		<failure message="FAILED: Grep on sub_resp.out contains &quot;Ld3KgqpcLDlrYH6sfpG7w&quot;" type="FAILED"/>
		<system-out>19:40:05 INFO  ==============================================================
19:40:05 INFO  Id:    agent_init_session
19:40:05 INFO  Dir:   tedge_agent/
19:40:05 INFO  Title: Validate tedge agent init session feature
19:40:05 INFO  ==============================================================
19:40:06 INFO  Executed sudo&lt;remove_lock&gt;, exit status 0
19:40:06 INFO  Executed sudo&lt;agent_clear&gt;, exit status 0
19:40:07 INFO  Executed sudo&lt;agent_init&gt;, exit status 0
19:40:07 INFO  Executed sudo&lt;pub_req&gt;, exit status 0
19:40:07 INFO  Started sudo&lt;sub_resp&gt; with process id 8447
19:40:08 INFO  Executed sudo&lt;agent_start&gt;, exit status 0
19:40:08 INFO  Waiting for 2.0 seconds
19:40:11 INFO  Executed sudo&lt;agent_stop&gt;, exit status 0
19:40:11 INFO  Executed sudo&lt;sub_stop&gt;, exit status 0
19:40:12 WARN  Grep on sub_resp.out contains &quot;Ld3KgqpcLDlrYH6sfpG7w&quot; ... failed [run.py:87]
19:40:12 INFO  
19:40:12 INFO  Test duration: 6.97 secs
19:40:12 INFO  Test final outcome:  FAILED
19:40:12 INFO  Test outcome reason: Grep on sub_resp.out contains &quot;Ld3KgqpcLDlrYH6sfpG7w&quot;
19:40:12 INFO  
</system-out>
	</testcase>
</testsuite>
