<?xml version="1.0" encoding="utf-8"?>
<testsuite name="SoftwareManagement.Plugin.apama_plugin_install" tests="1" failures="0" skipped="1" time="0.05" timestamp="2022-05-04T07:59:52">
	<testcase classname="ApamaPluginInstallTest" name="SoftwareManagement.Plugin.apama_plugin_install">
		<skipped message="SKIPPED: Apama plugin tests are disabled by default. Execute `pysys run` with `-XmyPlatform=container` to run these tests"/>
		<system-out>07:59:52 INFO  ==============================================================
07:59:52 INFO  Id:    SoftwareManagement.Plugin.apama_plugin_install
07:59:52 INFO  Dir:   plugin_apama/
07:59:52 INFO  Title: Validate apama plugin install
07:59:52 INFO  ==============================================================
07:59:52 INFO  Apama plugin tests are disabled by default. Execute `pysys run` with `-XmyPlatform=container` to run these tests ... skipped
07:59:52 WARN  Aborted test due to SKIPPED outcome
07:59:52 INFO  
07:59:52 INFO  Test duration: 0.05 secs
07:59:52 INFO  Test final outcome:  SKIPPED
07:59:52 INFO  Test outcome reason: Apama plugin tests are disabled by default. Execute `pysys run` with `-XmyPlatform=container` to run these tests
07:59:52 INFO  
</system-out>
	</testcase>
</testsuite>
