<?xml version="1.0" encoding="utf-8"?>
<testsuite name="mqtt_port_set" tests="1" failures="0" skipped="0" time="24.56" timestamp="2022-05-16T07:21:57">
	<testcase classname="MqttPortSet" name="mqtt_port_set"/>
</testsuite>
