<?xml version="1.0" encoding="utf-8"?>
<testsuite name="apt_install_fail" tests="1" failures="0" skipped="1" time="0.02" timestamp="2022-05-09T06:56:36">
	<testcase classname="AptPluginInstallFail" name="apt_install_fail">
		<skipped message="SKIPPED: Testing the apt plugin is not supported on this platform.To run the tests call PySys with -XmyPlatform='container'"/>
		<system-out>06:56:36 INFO  ==============================================================
06:56:36 INFO  Id:    apt_install_fail
06:56:36 INFO  Dir:   plugin_apt/
06:56:36 INFO  Title: Validate apt plugin prepare - failing
06:56:36 INFO  ==============================================================
06:56:36 INFO  Testing the apt plugin is not supported on this platform.To run the tests call PySys with -XmyPlatform='container' ... skipped
06:56:36 WARN  Aborted test due to SKIPPED outcome
06:56:36 INFO  
06:56:36 INFO  Test duration: 0.02 secs
06:56:36 INFO  Test final outcome:  SKIPPED
06:56:36 INFO  Test outcome reason: Testing the apt plugin is not supported on this platform.To run the tests call PySys with -XmyPlatform='container'
06:56:36 INFO  
</system-out>
	</testcase>
</testsuite>
