<?xml version="1.0" encoding="utf-8"?>
<testsuite name="SoftwareManagement.Plugin.apama_plugin_mon_support" tests="1" failures="0" skipped="1" time="0.03" timestamp="2022-05-10T19:28:46">
	<testcase classname="ApamaPluginMonSupportTest" name="SoftwareManagement.Plugin.apama_plugin_mon_support">
		<skipped message="SKIPPED: Apama plugin tests are disabled by default. Execute `pysys run` with `-XmyPlatform=container` to run these tests"/>
		<system-out>19:28:46 INFO  ==============================================================
19:28:46 INFO  Id:    SoftwareManagement.Plugin.apama_plugin_mon_support
19:28:46 INFO  Dir:   plugin_apama/
19:28:46 INFO  Title: Validate mon file support of apama plugin
19:28:46 INFO  ==============================================================
19:28:46 INFO  Apama plugin tests are disabled by default. Execute `pysys run` with `-XmyPlatform=container` to run these tests ... skipped
19:28:46 WARN  Aborted test due to SKIPPED outcome
19:28:46 INFO  
19:28:46 INFO  Test duration: 0.03 secs
19:28:46 INFO  Test final outcome:  SKIPPED
19:28:46 INFO  Test outcome reason: Apama plugin tests are disabled by default. Execute `pysys run` with `-XmyPlatform=container` to run these tests
19:28:46 INFO  
</system-out>
	</testcase>
</testsuite>
