<?xml version="1.0" encoding="utf-8"?>
<testsuite name="apt_prepare_install_finalize" tests="1" failures="0" skipped="1" time="0.02" timestamp="2022-05-10T13:11:43">
	<testcase classname="AptPluginPrepareInstallFinalize" name="apt_prepare_install_finalize">
		<skipped message="SKIPPED: Testing the apt plugin is not supported on this platform.To run the tests call PySys with -XmyPlatform='container'"/>
		<system-out>13:11:43 INFO  ==============================================================
13:11:43 INFO  Id:    apt_prepare_install_finalize
13:11:43 INFO  Dir:   plugin_apt/
13:11:43 INFO  Title: Validate apt plugin install use case
13:11:43 INFO  ==============================================================
13:11:43 INFO  Testing the apt plugin is not supported on this platform.To run the tests call PySys with -XmyPlatform='container' ... skipped
13:11:43 WARN  Aborted test due to SKIPPED outcome
13:11:43 INFO  
13:11:43 INFO  Test duration: 0.02 secs
13:11:43 INFO  Test final outcome:  SKIPPED
13:11:43 INFO  Test outcome reason: Testing the apt plugin is not supported on this platform.To run the tests call PySys with -XmyPlatform='container'
13:11:43 INFO  
</system-out>
	</testcase>
</testsuite>
