<?xml version="1.0" encoding="utf-8"?>
<testsuite name="local_mqtt_pub_sub_retain" tests="1" failures="0" skipped="0" time="5.83" timestamp="2022-05-23T09:12:56">
	<testcase classname="MqttPublishWithRetain" name="local_mqtt_pub_sub_retain"/>
</testsuite>
