<?xml version="1.0" encoding="utf-8"?>
<testsuite name="publish_sawmill" tests="1" failures="0" skipped="0" time="84.29" timestamp="2022-05-02T15:09:32">
	<testcase classname="PublishSawmill" name="publish_sawmill"/>
</testsuite>
