<?xml version="1.0" encoding="utf-8"?>
<testsuite name="mqtt_port_unset" tests="1" failures="0" skipped="0" time="1.69" timestamp="2022-05-10T13:11:03">
	<testcase classname="MqttPortUnSet" name="mqtt_port_unset"/>
</testsuite>
