<?xml version="1.0" encoding="utf-8"?>
<testsuite name="SoftwareManagement.sm_apt_install_remove_default" tests="1" failures="0" skipped="1" time="0.03" timestamp="2022-05-02T15:17:08">
	<testcase classname="PySysTest" name="SoftwareManagement.sm_apt_install_remove_default">
		<skipped message="SKIPPED: Testing the apt plugin is not supported on this platform.Use parameter -XmyPlatform='container' to enable it"/>
		<system-out>15:17:08 INFO  ==============================================================
15:17:08 INFO  Id:    SoftwareManagement.sm_apt_install_remove_default
15:17:08 INFO  Dir:   software_management_end_to_end/
15:17:08 INFO  Title: Validate end to end behaviour for the default plugin for installation and removal of packages
15:17:08 INFO  ==============================================================
15:17:08 INFO  Testing the apt plugin is not supported on this platform.Use parameter -XmyPlatform='container' to enable it ... skipped
15:17:08 WARN  Aborted test due to SKIPPED outcome
15:17:08 INFO  
15:17:08 INFO  Test duration: 0.03 secs
15:17:08 INFO  Test final outcome:  SKIPPED
15:17:08 INFO  Test outcome reason: Testing the apt plugin is not supported on this platform.Use parameter -XmyPlatform='container' to enable it
15:17:08 INFO  
</system-out>
	</testcase>
</testsuite>
