<?xml version="1.0" encoding="utf-8"?>
<testsuite name="apt_remove" tests="1" failures="0" skipped="1" time="0.02" timestamp="2022-05-09T06:56:40">
	<testcase classname="AptPluginRemoveDense" name="apt_remove">
		<skipped message="SKIPPED: Testing the apt plugin is not supported on this platform.To run the tests call PySys with -XmyPlatform='container'"/>
		<system-out>06:56:40 INFO  ==============================================================
06:56:40 INFO  Id:    apt_remove
06:56:40 INFO  Dir:   plugin_apt/
06:56:40 INFO  Title: Validate apt plugin prepare - dense version
06:56:40 INFO  ==============================================================
06:56:40 INFO  Testing the apt plugin is not supported on this platform.To run the tests call PySys with -XmyPlatform='container' ... skipped
06:56:40 WARN  Aborted test due to SKIPPED outcome
06:56:40 INFO  
06:56:40 INFO  Test duration: 0.02 secs
06:56:40 INFO  Test final outcome:  SKIPPED
06:56:40 INFO  Test outcome reason: Testing the apt plugin is not supported on this platform.To run the tests call PySys with -XmyPlatform='container'
06:56:40 INFO  
</system-out>
	</testcase>
</testsuite>
