<?xml version="1.0" encoding="utf-8"?>
<testsuite name="tedge_mapper_c8y_packet_threshold_size" tests="1" failures="0" skipped="0" time="33.27" timestamp="2022-05-02T15:23:48">
	<testcase classname="TedgeMapperC8yThresholdPacketSize" name="tedge_mapper_c8y_packet_threshold_size"/>
</testsuite>
