<?xml version="1.0" encoding="utf-8"?>
<testsuite name="apt_install_local_file_with_version_fail" tests="1" failures="0" skipped="1" time="0.02" timestamp="2022-05-16T07:22:35">
	<testcase classname="AptPluginInstallFromLocalFileWithVersionFail" name="apt_install_local_file_with_version_fail">
		<skipped message="SKIPPED: Testing the apt plugin is not supported on this platform.To run the tests call PySys with -XmyPlatform='container'"/>
		<system-out>07:22:35 INFO  ==============================================================
07:22:35 INFO  Id:    apt_install_local_file_with_version_fail
07:22:35 INFO  Dir:   plugin_apt/
07:22:35 INFO  Title: Validate apt plugin install from local file AND with a version - FAIL case
07:22:35 INFO  ==============================================================
07:22:35 INFO  Testing the apt plugin is not supported on this platform.To run the tests call PySys with -XmyPlatform='container' ... skipped
07:22:35 WARN  Aborted test due to SKIPPED outcome
07:22:35 INFO  
07:22:35 INFO  Test duration: 0.02 secs
07:22:35 INFO  Test final outcome:  SKIPPED
07:22:35 INFO  Test outcome reason: Testing the apt plugin is not supported on this platform.To run the tests call PySys with -XmyPlatform='container'
07:22:35 INFO  
</system-out>
	</testcase>
</testsuite>
