<?xml version="1.0" encoding="utf-8"?>
<testsuite name="local_mqtt_pub_fail_noqos" tests="1" failures="0" skipped="0" time="2.08" timestamp="2022-05-23T09:12:42">
	<testcase classname="PySysTest" name="local_mqtt_pub_fail_noqos"/>
</testsuite>
