<?xml version="1.0" encoding="utf-8"?>
<testsuite name="SoftwareManagement.Plugin.apama_plugin_install" tests="1" failures="0" skipped="1" time="0.05" timestamp="2022-05-11T11:32:57">
	<testcase classname="ApamaPluginInstallTest" name="SoftwareManagement.Plugin.apama_plugin_install">
		<skipped message="SKIPPED: Apama plugin tests are disabled by default. Execute `pysys run` with `-XmyPlatform=container` to run these tests"/>
		<system-out>11:32:57 INFO  ==============================================================
11:32:57 INFO  Id:    SoftwareManagement.Plugin.apama_plugin_install
11:32:57 INFO  Dir:   plugin_apama/
11:32:57 INFO  Title: Validate apama plugin install
11:32:57 INFO  ==============================================================
11:32:57 INFO  Apama plugin tests are disabled by default. Execute `pysys run` with `-XmyPlatform=container` to run these tests ... skipped
11:32:57 WARN  Aborted test due to SKIPPED outcome
11:32:57 INFO  
11:32:57 INFO  Test duration: 0.05 secs
11:32:57 INFO  Test final outcome:  SKIPPED
11:32:57 INFO  Test outcome reason: Apama plugin tests are disabled by default. Execute `pysys run` with `-XmyPlatform=container` to run these tests
11:32:57 INFO  
</system-out>
	</testcase>
</testsuite>
