<?xml version="1.0" encoding="utf-8"?>
<testsuite name="agent_init_session" tests="1" failures="1" skipped="0" time="6.77" timestamp="2022-05-09T07:08:03">
	<testcase classname="AgentInitSession" name="agent_init_session">
		<failure message="FAILED: Grep on sub_resp.out contains &quot;Ld3KgqpcLDlrYH6sfpG7w&quot;" type="FAILED"/>
		<system-out>07:07:56 INFO  ==============================================================
07:07:56 INFO  Id:    agent_init_session
07:07:56 INFO  Dir:   tedge_agent/
07:07:56 INFO  Title: Validate tedge agent init session feature
07:07:56 INFO  ==============================================================
07:07:56 INFO  Executed sudo&lt;remove_lock&gt;, exit status 0
07:07:57 INFO  Executed sudo&lt;agent_clear&gt;, exit status 0
07:07:57 INFO  Executed sudo&lt;agent_init&gt;, exit status 0
07:07:58 INFO  Executed sudo&lt;pub_req&gt;, exit status 0
07:07:58 INFO  Started sudo&lt;sub_resp&gt; with process id 25877
07:07:59 INFO  Executed sudo&lt;agent_start&gt;, exit status 0
07:07:59 INFO  Waiting for 2.0 seconds
07:08:01 INFO  Executed sudo&lt;agent_stop&gt;, exit status 0
07:08:02 INFO  Executed sudo&lt;sub_stop&gt;, exit status 0
07:08:03 WARN  Grep on sub_resp.out contains &quot;Ld3KgqpcLDlrYH6sfpG7w&quot; ... failed [run.py:87]
07:08:03 INFO  
07:08:03 INFO  Test duration: 6.77 secs
07:08:03 INFO  Test final outcome:  FAILED
07:08:03 INFO  Test outcome reason: Grep on sub_resp.out contains &quot;Ld3KgqpcLDlrYH6sfpG7w&quot;
07:08:03 INFO  
</system-out>
	</testcase>
</testsuite>
