<?xml version="1.0" encoding="utf-8"?>
<testsuite name="local_mqtt_pub_fail_qos2" tests="1" failures="0" skipped="0" time="2.26" timestamp="2022-05-30T09:06:58">
	<testcase classname="PySysTest" name="local_mqtt_pub_fail_qos2"/>
</testsuite>
