<?xml version="1.0" encoding="utf-8"?>
<testsuite name="monitoring_with_collectd" tests="1" failures="0" skipped="1" time="0.04" timestamp="2022-05-10T19:28:46">
	<testcase classname="MonitoringWithCollectd" name="monitoring_with_collectd">
		<skipped message="SKIPPED: Test execution disabled due to #792 (instable)"/>
		<system-out>19:28:46 INFO  ==============================================================
19:28:46 INFO  Id:    monitoring_with_collectd
19:28:46 INFO  Dir:   monitoring/
19:28:46 INFO  Title: Validate tedge dm agent messages that are produced by batching the collectd messages
19:28:46 INFO  ==============================================================
19:28:46 INFO  Test execution disabled due to #792 (instable) ... skipped
19:28:46 INFO  
19:28:46 INFO  Test duration: 0.04 secs
19:28:46 INFO  Test final outcome:  SKIPPED
19:28:46 INFO  Test outcome reason: Test execution disabled due to #792 (instable)
19:28:46 INFO  
</system-out>
	</testcase>
</testsuite>
