<?xml version="1.0" encoding="utf-8"?>
<testsuite name="mqtt_port_set" tests="1" failures="0" skipped="0" time="24.79" timestamp="2022-05-10T13:11:01">
	<testcase classname="MqttPortSet" name="mqtt_port_set"/>
</testsuite>
