<?xml version="1.0" encoding="utf-8"?>
<testsuite name="SoftwareManagement.sm_apt_install_fail" tests="1" failures="0" skipped="1" time="0.06" timestamp="2022-05-30T09:19:07">
	<testcase classname="PySysTest" name="SoftwareManagement.sm_apt_install_fail">
		<skipped message="SKIPPED: Testing the apt plugin is not supported on this platform.Use parameter -XmyPlatform='container' to enable it"/>
		<system-out>09:19:07 INFO  ==============================================================
09:19:07 INFO  Id:    SoftwareManagement.sm_apt_install_fail
09:19:07 INFO  Dir:   software_management_end_to_end/
09:19:07 INFO  Title: Validate end to end behaviour for a failing installation
09:19:07 INFO  ==============================================================
09:19:07 INFO  Testing the apt plugin is not supported on this platform.Use parameter -XmyPlatform='container' to enable it ... skipped
09:19:07 WARN  Aborted test due to SKIPPED outcome
09:19:07 INFO  
09:19:07 INFO  Test duration: 0.06 secs
09:19:07 INFO  Test final outcome:  SKIPPED
09:19:07 INFO  Test outcome reason: Testing the apt plugin is not supported on this platform.Use parameter -XmyPlatform='container' to enable it
09:19:07 INFO  
</system-out>
	</testcase>
</testsuite>
