<?xml version="1.0" encoding="utf-8"?>
<testsuite name="docker_plugin_remove" tests="1" failures="0" skipped="1" time="0.02" timestamp="2022-05-11T11:33:02">
	<testcase classname="DockerPluginRemoveTest" name="docker_plugin_remove">
		<skipped message="SKIPPED: Testing the docker plugin is not supported on this platform.To run it, all the test with -XmyPlatform='container'"/>
		<system-out>11:33:02 INFO  ==============================================================
11:33:02 INFO  Id:    docker_plugin_remove
11:33:02 INFO  Dir:   plugin_docker/
11:33:02 INFO  Title: Validate docker plugin remove
11:33:02 INFO  ==============================================================
11:33:02 INFO  Testing the docker plugin is not supported on this platform.To run it, all the test with -XmyPlatform='container' ... skipped
11:33:02 WARN  Aborted test due to SKIPPED outcome
11:33:02 INFO  
11:33:02 INFO  Test duration: 0.02 secs
11:33:02 INFO  Test final outcome:  SKIPPED
11:33:02 INFO  Test outcome reason: Testing the docker plugin is not supported on this platform.To run it, all the test with -XmyPlatform='container'
11:33:02 INFO  
</system-out>
	</testcase>
</testsuite>
