<?xml version="1.0" encoding="utf-8"?>
<testsuite name="c8y_restart_bridge" tests="1" failures="0" skipped="0" time="26.1" timestamp="2022-05-30T09:20:41">
	<testcase classname="RestartBridge" name="c8y_restart_bridge"/>
</testsuite>
