<?xml version="1.0" encoding="utf-8"?>
<testsuite name="pysys_fail" tests="1" failures="0" skipped="1" time="0.01" timestamp="2022-05-10T19:28:12">
	<testcase classname="Fail" name="pysys_fail">
		<skipped message="SKIPPED: Enable this to observe a failing test"/>
		<system-out>19:28:12 INFO  ==============================================================
19:28:12 INFO  Id:    pysys_fail
19:28:12 INFO  Dir:   misc_features/
19:28:12 INFO  Title: fail
19:28:12 INFO  ==============================================================
19:28:12 INFO  Enable this to observe a failing test ... skipped
19:28:12 INFO  
19:28:12 INFO  Test duration: 0.01 secs
19:28:12 INFO  Test final outcome:  SKIPPED
19:28:12 INFO  Test outcome reason: Enable this to observe a failing test
19:28:12 INFO  
</system-out>
	</testcase>
</testsuite>
