<?xml version="1.0" encoding="utf-8"?>
<testsuite name="docker_plugin_update" tests="1" failures="0" skipped="1" time="0.02" timestamp="2022-05-10T19:28:51">
	<testcase classname="DockerPluginUpdateTest" name="docker_plugin_update">
		<skipped message="SKIPPED: Testing the docker plugin is not supported on this platform.To run it, all the test with -XmyPlatform='container'"/>
		<system-out>19:28:51 INFO  ==============================================================
19:28:51 INFO  Id:    docker_plugin_update
19:28:51 INFO  Dir:   plugin_docker/
19:28:51 INFO  Title: Validate docker plugin install updates existing containers
19:28:51 INFO  ==============================================================
19:28:51 INFO  Testing the docker plugin is not supported on this platform.To run it, all the test with -XmyPlatform='container' ... skipped
19:28:51 WARN  Aborted test due to SKIPPED outcome
19:28:51 INFO  
19:28:51 INFO  Test duration: 0.02 secs
19:28:51 INFO  Test final outcome:  SKIPPED
19:28:51 INFO  Test outcome reason: Testing the docker plugin is not supported on this platform.To run it, all the test with -XmyPlatform='container'
19:28:51 INFO  
</system-out>
	</testcase>
</testsuite>
