<?xml version="1.0" encoding="utf-8"?>
<testsuite name="docker_plugin_install_with_version" tests="1" failures="0" skipped="1" time="0.02" timestamp="2022-05-03T07:54:19">
	<testcase classname="DockerPluginInstallWithVersionTest" name="docker_plugin_install_with_version">
		<skipped message="SKIPPED: Testing the docker plugin is not supported on this platform.To run it, all the test with -XmyPlatform='container'"/>
		<system-out>07:54:19 INFO  ==============================================================
07:54:19 INFO  Id:    docker_plugin_install_with_version
07:54:19 INFO  Dir:   plugin_docker/
07:54:19 INFO  Title: Validate docker plugin install
07:54:19 INFO  ==============================================================
07:54:19 INFO  Testing the docker plugin is not supported on this platform.To run it, all the test with -XmyPlatform='container' ... skipped
07:54:19 WARN  Aborted test due to SKIPPED outcome
07:54:19 INFO  
07:54:19 INFO  Test duration: 0.02 secs
07:54:19 INFO  Test final outcome:  SKIPPED
07:54:19 INFO  Test outcome reason: Testing the docker plugin is not supported on this platform.To run it, all the test with -XmyPlatform='container'
07:54:19 INFO  
</system-out>
	</testcase>
</testsuite>
