<?xml version="1.0" encoding="utf-8"?>
<testsuite name="c8y_jwt_token_retrieval" tests="1" failures="0" skipped="0" time="25.21" timestamp="2022-05-09T06:54:34">
	<testcase classname="ValidateJWTTokenRetrieval" name="c8y_jwt_token_retrieval"/>
</testsuite>
