<?xml version="1.0" encoding="utf-8"?>
<testsuite name="tedge_agent_user_sudo_access" tests="1" failures="0" skipped="1" time="0.02" timestamp="2022-05-02T15:17:36">
	<testcase classname="TedgeAgentUserSudoAccess" name="tedge_agent_user_sudo_access">
		<skipped message="SKIPPED: #955 Observation: Exit code of the apt plugin when called with no arguments"/>
		<system-out>15:17:36 INFO  ==============================================================
15:17:36 INFO  Id:    tedge_agent_user_sudo_access
15:17:36 INFO  Dir:   tedge/
15:17:36 INFO  Title: Validate tedge-agent user has a limited sudo right
15:17:36 INFO  ==============================================================
15:17:36 INFO  #955 Observation: Exit code of the apt plugin when called with no arguments ... skipped
15:17:36 INFO  
15:17:36 INFO  Test duration: 0.02 secs
15:17:36 INFO  Test final outcome:  SKIPPED
15:17:36 INFO  Test outcome reason: #955 Observation: Exit code of the apt plugin when called with no arguments
15:17:36 INFO  
</system-out>
	</testcase>
</testsuite>
