<?xml version="1.0" encoding="utf-8"?>
<testsuite name="apt_fail_noarg" tests="1" failures="0" skipped="1" time="0.04" timestamp="2022-05-02T15:06:45">
	<testcase classname="AptPluginFailNoArg" name="apt_fail_noarg">
		<skipped message="SKIPPED: Testing the apt plugin is not supported on this platform.To run the tests call PySys with -XmyPlatform='container'"/>
		<system-out>15:06:45 INFO  ==============================================================
15:06:45 INFO  Id:    apt_fail_noarg
15:06:45 INFO  Dir:   plugin_apt/
15:06:45 INFO  Title: Validate apt plugin fetures(prepare, list, install, remove finalize) without arguments
15:06:45 INFO  ==============================================================
15:06:45 INFO  Testing the apt plugin is not supported on this platform.To run the tests call PySys with -XmyPlatform='container' ... skipped
15:06:45 WARN  Aborted test due to SKIPPED outcome
15:06:45 INFO  
15:06:45 INFO  Test duration: 0.04 secs
15:06:45 INFO  Test final outcome:  SKIPPED
15:06:45 INFO  Test outcome reason: Testing the apt plugin is not supported on this platform.To run the tests call PySys with -XmyPlatform='container'
15:06:45 INFO  
</system-out>
	</testcase>
</testsuite>
