<?xml version="1.0" encoding="utf-8"?>
<testsuite name="agent_init_session" tests="1" failures="1" skipped="0" time="7.23" timestamp="2022-05-16T07:34:01">
	<testcase classname="AgentInitSession" name="agent_init_session">
		<failure message="FAILED: Grep on sub_resp.out contains &quot;Ld3KgqpcLDlrYH6sfpG7w&quot;" type="FAILED"/>
		<system-out>07:33:54 INFO  ==============================================================
07:33:54 INFO  Id:    agent_init_session
07:33:54 INFO  Dir:   tedge_agent/
07:33:54 INFO  Title: Validate tedge agent init session feature
07:33:54 INFO  ==============================================================
07:33:55 INFO  Executed sudo&lt;remove_lock&gt;, exit status 0
07:33:55 INFO  Executed sudo&lt;agent_clear&gt;, exit status 0
07:33:56 INFO  Executed sudo&lt;agent_init&gt;, exit status 0
07:33:56 INFO  Executed sudo&lt;pub_req&gt;, exit status 0
07:33:56 INFO  Started sudo&lt;sub_resp&gt; with process id 19562
07:33:57 INFO  Executed sudo&lt;agent_start&gt;, exit status 0
07:33:57 INFO  Waiting for 2.0 seconds
07:34:00 INFO  Executed sudo&lt;agent_stop&gt;, exit status 0
07:34:00 INFO  Executed sudo&lt;sub_stop&gt;, exit status 0
07:34:01 WARN  Grep on sub_resp.out contains &quot;Ld3KgqpcLDlrYH6sfpG7w&quot; ... failed [run.py:87]
07:34:01 INFO  
07:34:01 INFO  Test duration: 7.23 secs
07:34:01 INFO  Test final outcome:  FAILED
07:34:01 INFO  Test outcome reason: Grep on sub_resp.out contains &quot;Ld3KgqpcLDlrYH6sfpG7w&quot;
07:34:01 INFO  
</system-out>
	</testcase>
</testsuite>
