<?xml version="1.0" encoding="utf-8"?>
<testsuite name="apt_finalize" tests="1" failures="0" skipped="1" time="0.02" timestamp="2022-05-04T07:59:53">
	<testcase classname="AptPluginFinalize" name="apt_finalize">
		<skipped message="SKIPPED: Testing the apt plugin is not supported on this platform.To run the tests call PySys with -XmyPlatform='container'"/>
		<system-out>07:59:52 INFO  ==============================================================
07:59:52 INFO  Id:    apt_finalize
07:59:52 INFO  Dir:   plugin_apt/
07:59:53 INFO  Title: Validate apt plugin finalize - dense version
07:59:53 INFO  ==============================================================
07:59:53 INFO  Testing the apt plugin is not supported on this platform.To run the tests call PySys with -XmyPlatform='container' ... skipped
07:59:53 WARN  Aborted test due to SKIPPED outcome
07:59:53 INFO  
07:59:53 INFO  Test duration: 0.02 secs
07:59:53 INFO  Test final outcome:  SKIPPED
07:59:53 INFO  Test outcome reason: Testing the apt plugin is not supported on this platform.To run the tests call PySys with -XmyPlatform='container'
07:59:53 INFO  
</system-out>
	</testcase>
</testsuite>
