<?xml version="1.0" encoding="utf-8"?>
<testsuite name="pysys_fail" tests="1" failures="0" skipped="1" time="0.02" timestamp="2022-05-09T06:56:00">
	<testcase classname="Fail" name="pysys_fail">
		<skipped message="SKIPPED: Enable this to observe a failing test"/>
		<system-out>06:56:00 INFO  ==============================================================
06:56:00 INFO  Id:    pysys_fail
06:56:00 INFO  Dir:   misc_features/
06:56:00 INFO  Title: fail
06:56:00 INFO  ==============================================================
06:56:00 INFO  Enable this to observe a failing test ... skipped
06:56:00 INFO  
06:56:00 INFO  Test duration: 0.02 secs
06:56:00 INFO  Test final outcome:  SKIPPED
06:56:00 INFO  Test outcome reason: Enable this to observe a failing test
06:56:00 INFO  
</system-out>
	</testcase>
</testsuite>
