<?xml version="1.0" encoding="utf-8"?>
<testsuite name="valid_device_id" tests="1" failures="0" skipped="0" time="39.4" timestamp="2022-05-02T15:06:45">
	<testcase classname="ValidateValidDeviceId" name="valid_device_id"/>
</testsuite>
