<?xml version="1.0" encoding="utf-8"?>
<testsuite name="SoftwareManagement.sm_apt_install_remove_default" tests="1" failures="0" skipped="1" time="0.02" timestamp="2022-05-10T13:21:56">
	<testcase classname="PySysTest" name="SoftwareManagement.sm_apt_install_remove_default">
		<skipped message="SKIPPED: Testing the apt plugin is not supported on this platform.Use parameter -XmyPlatform='container' to enable it"/>
		<system-out>13:21:56 INFO  ==============================================================
13:21:56 INFO  Id:    SoftwareManagement.sm_apt_install_remove_default
13:21:56 INFO  Dir:   software_management_end_to_end/
13:21:56 INFO  Title: Validate end to end behaviour for the default plugin for installation and removal of packages
13:21:56 INFO  ==============================================================
13:21:56 INFO  Testing the apt plugin is not supported on this platform.Use parameter -XmyPlatform='container' to enable it ... skipped
13:21:56 WARN  Aborted test due to SKIPPED outcome
13:21:56 INFO  
13:21:56 INFO  Test duration: 0.02 secs
13:21:56 INFO  Test final outcome:  SKIPPED
13:21:56 INFO  Test outcome reason: Testing the apt plugin is not supported on this platform.Use parameter -XmyPlatform='container' to enable it
13:21:56 INFO  
</system-out>
	</testcase>
</testsuite>
