<?xml version="1.0" encoding="utf-8"?>
<testsuite name="tedge_mapper_c8y_child_device_measurement" tests="1" failures="0" skipped="1" time="0.09" timestamp="2022-05-30T09:24:31">
	<testcase classname="TedgeMapperC8yChildDevice" name="tedge_mapper_c8y_child_device_measurement">
		<skipped message="SKIPPED: Test execution disabled due to #1088"/>
		<system-out>09:24:31 INFO  ==============================================================
09:24:31 INFO  Id:    tedge_mapper_c8y_child_device_measurement
09:24:31 INFO  Dir:   tedge_mapper_c8y/
09:24:31 INFO  Title: Validate that measurements sent to tedge/measurements/child topic gets mapped as the child device's measurement in Cumulocity
09:24:31 INFO  ==============================================================
09:24:31 INFO  Test execution disabled due to #1088 ... skipped
09:24:31 INFO  
09:24:31 INFO  Test duration: 0.09 secs
09:24:31 INFO  Test final outcome:  SKIPPED
09:24:31 INFO  Test outcome reason: Test execution disabled due to #1088
09:24:31 INFO  
</system-out>
	</testcase>
</testsuite>
