<?xml version="1.0" encoding="utf-8"?>
<testsuite name="SoftwareManagement.Plugin.apama_plugin_update" tests="1" failures="0" skipped="1" time="0.03" timestamp="2022-05-10T13:11:39">
	<testcase classname="ApamaPluginUpdateTest" name="SoftwareManagement.Plugin.apama_plugin_update">
		<skipped message="SKIPPED: Test execution disabled due to #1052"/>
		<system-out>13:11:39 INFO  ==============================================================
13:11:39 INFO  Id:    SoftwareManagement.Plugin.apama_plugin_update
13:11:39 INFO  Dir:   plugin_apama/
13:11:39 INFO  Title: Validate apama plugin updating one project with another
13:11:39 INFO  ==============================================================
13:11:39 INFO  Test execution disabled due to #1052 ... skipped
13:11:39 INFO  
13:11:39 INFO  Test duration: 0.03 secs
13:11:39 INFO  Test final outcome:  SKIPPED
13:11:39 INFO  Test outcome reason: Test execution disabled due to #1052
13:11:39 INFO  
</system-out>
	</testcase>
</testsuite>
