<?xml version="1.0" encoding="utf-8"?>
<testsuite name="apt_prepare_install_finalize" tests="1" failures="0" skipped="1" time="0.03" timestamp="2022-05-23T09:14:50">
	<testcase classname="AptPluginPrepareInstallFinalize" name="apt_prepare_install_finalize">
		<skipped message="SKIPPED: Testing the apt plugin is not supported on this platform.To run the tests call PySys with -XmyPlatform='container'"/>
		<system-out>09:14:50 INFO  ==============================================================
09:14:50 INFO  Id:    apt_prepare_install_finalize
09:14:50 INFO  Dir:   plugin_apt/
09:14:50 INFO  Title: Validate apt plugin install use case
09:14:50 INFO  ==============================================================
09:14:50 INFO  Testing the apt plugin is not supported on this platform.To run the tests call PySys with -XmyPlatform='container' ... skipped
09:14:50 WARN  Aborted test due to SKIPPED outcome
09:14:50 INFO  
09:14:50 INFO  Test duration: 0.03 secs
09:14:50 INFO  Test final outcome:  SKIPPED
09:14:50 INFO  Test outcome reason: Testing the apt plugin is not supported on this platform.To run the tests call PySys with -XmyPlatform='container'
09:14:50 INFO  
</system-out>
	</testcase>
</testsuite>
