<?xml version="1.0" encoding="utf-8"?>
<testsuite name="local_mqtt_pub_fail_qos1" tests="1" failures="0" skipped="0" time="2.01" timestamp="2022-05-10T19:26:53">
	<testcase classname="PySysTest" name="local_mqtt_pub_fail_qos1"/>
</testsuite>
