<?xml version="1.0" encoding="utf-8"?>
<testsuite name="SoftwareManagement.sm_apt_install_remove_multiple" tests="1" failures="0" skipped="1" time="0.06" timestamp="2022-05-04T08:10:07">
	<testcase classname="PySysTest" name="SoftwareManagement.sm_apt_install_remove_multiple">
		<skipped message="SKIPPED: Testing the apt plugin is not supported on this platform.Use parameter -XmyPlatform='container' to enable it"/>
		<system-out>08:10:07 INFO  ==============================================================
08:10:07 INFO  Id:    SoftwareManagement.sm_apt_install_remove_multiple
08:10:07 INFO  Dir:   software_management_end_to_end/
08:10:07 INFO  Title: Validate end to end behaviour for the apt plugin for multiple packages
08:10:07 INFO  ==============================================================
08:10:07 INFO  Testing the apt plugin is not supported on this platform.Use parameter -XmyPlatform='container' to enable it ... skipped
08:10:07 WARN  Aborted test due to SKIPPED outcome
08:10:07 INFO  
08:10:07 INFO  Test duration: 0.06 secs
08:10:07 INFO  Test final outcome:  SKIPPED
08:10:07 INFO  Test outcome reason: Testing the apt plugin is not supported on this platform.Use parameter -XmyPlatform='container' to enable it
08:10:07 INFO  
</system-out>
	</testcase>
</testsuite>
