<?xml version="1.0" encoding="utf-8"?>
<testsuite name="runtime_start_two_mappers" tests="1" failures="0" skipped="1" time="0.02" timestamp="2022-05-04T08:14:05">
	<testcase classname="RuntimeMultiMappers" name="runtime_start_two_mappers">
		<skipped message="SKIPPED: Test execution disabled due to #1124"/>
		<system-out>08:14:05 INFO  ==============================================================
08:14:05 INFO  Id:    runtime_start_two_mappers
08:14:05 INFO  Dir:   tedge_mapper_c8y/
08:14:05 INFO  Title: Validate two mappers can't be started at the same time
08:14:05 INFO  ==============================================================
08:14:05 INFO  Test execution disabled due to #1124 ... skipped
08:14:05 INFO  
08:14:05 INFO  Test duration: 0.02 secs
08:14:05 INFO  Test final outcome:  SKIPPED
08:14:05 INFO  Test outcome reason: Test execution disabled due to #1124
08:14:05 INFO  
</system-out>
	</testcase>
</testsuite>
