<?xml version="1.0" encoding="utf-8"?>
<testsuite name="c8y_restart_bridge" tests="1" failures="0" skipped="0" time="26.06" timestamp="2022-05-03T08:06:01">
	<testcase classname="RestartBridge" name="c8y_restart_bridge"/>
</testsuite>
