<?xml version="1.0" encoding="utf-8"?>
<testsuite name="tedge_mapper_c8y_packet_threshold_size" tests="1" failures="0" skipped="0" time="33.58" timestamp="2022-05-10T13:27:51">
	<testcase classname="TedgeMapperC8yThresholdPacketSize" name="tedge_mapper_c8y_packet_threshold_size"/>
</testsuite>
