<?xml version="1.0" encoding="utf-8"?>
<testsuite name="pysys_fail" tests="1" failures="0" skipped="1" time="0.01" timestamp="2022-05-10T13:11:03">
	<testcase classname="Fail" name="pysys_fail">
		<skipped message="SKIPPED: Enable this to observe a failing test"/>
		<system-out>13:11:03 INFO  ==============================================================
13:11:03 INFO  Id:    pysys_fail
13:11:03 INFO  Dir:   misc_features/
13:11:03 INFO  Title: fail
13:11:03 INFO  ==============================================================
13:11:03 INFO  Enable this to observe a failing test ... skipped
13:11:03 INFO  
13:11:03 INFO  Test duration: 0.01 secs
13:11:03 INFO  Test final outcome:  SKIPPED
13:11:03 INFO  Test outcome reason: Enable this to observe a failing test
13:11:03 INFO  
</system-out>
	</testcase>
</testsuite>
