<?xml version="1.0" encoding="utf-8"?>
<testsuite name="tedge_mapper_c8y_packet_threshold_size" tests="1" failures="0" skipped="0" time="34.77" timestamp="2022-05-16T07:38:51">
	<testcase classname="TedgeMapperC8yThresholdPacketSize" name="tedge_mapper_c8y_packet_threshold_size"/>
</testsuite>
