<?xml version="1.0" encoding="utf-8"?>
<testsuite name="SoftwareManagement.Plugin.apama_plugin_install" tests="1" failures="0" skipped="1" time="0.1" timestamp="2022-05-30T09:08:50">
	<testcase classname="ApamaPluginInstallTest" name="SoftwareManagement.Plugin.apama_plugin_install">
		<skipped message="SKIPPED: Apama plugin tests are disabled by default. Execute `pysys run` with `-XmyPlatform=container` to run these tests"/>
		<system-out>09:08:49 INFO  ==============================================================
09:08:49 INFO  Id:    SoftwareManagement.Plugin.apama_plugin_install
09:08:49 INFO  Dir:   plugin_apama/
09:08:49 INFO  Title: Validate apama plugin install
09:08:49 INFO  ==============================================================
09:08:50 INFO  Apama plugin tests are disabled by default. Execute `pysys run` with `-XmyPlatform=container` to run these tests ... skipped
09:08:50 WARN  Aborted test due to SKIPPED outcome
09:08:50 INFO  
09:08:50 INFO  Test duration: 0.10 secs
09:08:50 INFO  Test final outcome:  SKIPPED
09:08:50 INFO  Test outcome reason: Apama plugin tests are disabled by default. Execute `pysys run` with `-XmyPlatform=container` to run these tests
09:08:50 INFO  
</system-out>
	</testcase>
</testsuite>
