<?xml version="1.0" encoding="utf-8"?>
<testsuite name="publish_flux" tests="1" failures="0" skipped="0" time="78.26" timestamp="2022-05-10T19:30:09">
	<testcase classname="PublishFlux" name="publish_flux"/>
</testsuite>
