<?xml version="1.0" encoding="utf-8"?>
<testsuite name="apt_sequence_remove" tests="1" failures="0" skipped="1" time="0.02" timestamp="2022-05-16T07:22:39">
	<testcase classname="AptPluginInstallPrepareRemoveFinalize" name="apt_sequence_remove">
		<skipped message="SKIPPED: Testing the apt plugin is not supported on this platform.To run the tests call PySys with -XmyPlatform='container'"/>
		<system-out>07:22:39 INFO  ==============================================================
07:22:39 INFO  Id:    apt_sequence_remove
07:22:39 INFO  Dir:   plugin_apt/
07:22:39 INFO  Title: Validate apt plugin prepare install remove finalize use case
07:22:39 INFO  ==============================================================
07:22:39 INFO  Testing the apt plugin is not supported on this platform.To run the tests call PySys with -XmyPlatform='container' ... skipped
07:22:39 WARN  Aborted test due to SKIPPED outcome
07:22:39 INFO  
07:22:39 INFO  Test duration: 0.02 secs
07:22:39 INFO  Test final outcome:  SKIPPED
07:22:39 INFO  Test outcome reason: Testing the apt plugin is not supported on this platform.To run the tests call PySys with -XmyPlatform='container'
07:22:39 INFO  
</system-out>
	</testcase>
</testsuite>
