<?xml version="1.0" encoding="utf-8"?>
<testsuite name="tedge_agent_user_sudo_access" tests="1" failures="0" skipped="1" time="0.02" timestamp="2022-05-10T13:22:24">
	<testcase classname="TedgeAgentUserSudoAccess" name="tedge_agent_user_sudo_access">
		<skipped message="SKIPPED: #955 Observation: Exit code of the apt plugin when called with no arguments"/>
		<system-out>13:22:24 INFO  ==============================================================
13:22:24 INFO  Id:    tedge_agent_user_sudo_access
13:22:24 INFO  Dir:   tedge/
13:22:24 INFO  Title: Validate tedge-agent user has a limited sudo right
13:22:24 INFO  ==============================================================
13:22:24 INFO  #955 Observation: Exit code of the apt plugin when called with no arguments ... skipped
13:22:24 INFO  
13:22:24 INFO  Test duration: 0.02 secs
13:22:24 INFO  Test final outcome:  SKIPPED
13:22:24 INFO  Test outcome reason: #955 Observation: Exit code of the apt plugin when called with no arguments
13:22:24 INFO  
</system-out>
	</testcase>
</testsuite>
