<?xml version="1.0" encoding="utf-8"?>
<testsuite name="log_request_error_messages" tests="1" failures="0" skipped="1" time="1.47" timestamp="2022-05-09T06:54:58">
	<testcase classname="LogRequestVerifySearchTextError" name="log_request_error_messages">
		<skipped message="SKIPPED: Test execution disabled due to #1123"/>
		<system-out>06:54:56 INFO  ==============================================================
06:54:56 INFO  Id:    log_request_error_messages
06:54:56 INFO  Dir:   log_request_end_to_end/
06:54:56 INFO  Title: Validate end to end behaviour for the log request operation check for error messages
06:54:56 INFO  ==============================================================
06:54:58 INFO  Test execution disabled due to #1123 ... skipped
06:54:58 INFO  
06:54:58 INFO  Test duration: 1.47 secs
06:54:58 INFO  Test final outcome:  SKIPPED
06:54:58 INFO  Test outcome reason: Test execution disabled due to #1123
06:54:58 INFO  
</system-out>
	</testcase>
</testsuite>
