<?xml version="1.0" encoding="utf-8"?>
<testsuite name="docker_plugin_remove" tests="1" failures="0" skipped="1" time="0.02" timestamp="2022-05-04T07:59:57">
	<testcase classname="DockerPluginRemoveTest" name="docker_plugin_remove">
		<skipped message="SKIPPED: Testing the docker plugin is not supported on this platform.To run it, all the test with -XmyPlatform='container'"/>
		<system-out>07:59:57 INFO  ==============================================================
07:59:57 INFO  Id:    docker_plugin_remove
07:59:57 INFO  Dir:   plugin_docker/
07:59:57 INFO  Title: Validate docker plugin remove
07:59:57 INFO  ==============================================================
07:59:57 INFO  Testing the docker plugin is not supported on this platform.To run it, all the test with -XmyPlatform='container' ... skipped
07:59:57 WARN  Aborted test due to SKIPPED outcome
07:59:57 INFO  
07:59:57 INFO  Test duration: 0.02 secs
07:59:57 INFO  Test final outcome:  SKIPPED
07:59:57 INFO  Test outcome reason: Testing the docker plugin is not supported on this platform.To run it, all the test with -XmyPlatform='container'
07:59:57 INFO  
</system-out>
	</testcase>
</testsuite>
