<?xml version="1.0" encoding="utf-8"?>
<testsuite name="docker_plugin_remove" tests="1" failures="0" skipped="1" time="0.4" timestamp="2022-05-30T09:08:55">
	<testcase classname="DockerPluginRemoveTest" name="docker_plugin_remove">
		<skipped message="SKIPPED: Testing the docker plugin is not supported on this platform.To run it, all the test with -XmyPlatform='container'"/>
		<system-out>09:08:55 INFO  ==============================================================
09:08:55 INFO  Id:    docker_plugin_remove
09:08:55 INFO  Dir:   plugin_docker/
09:08:55 INFO  Title: Validate docker plugin remove
09:08:55 INFO  ==============================================================
09:08:55 INFO  Testing the docker plugin is not supported on this platform.To run it, all the test with -XmyPlatform='container' ... skipped
09:08:55 WARN  Aborted test due to SKIPPED outcome
09:08:55 INFO  
09:08:55 INFO  Test duration: 0.40 secs
09:08:55 INFO  Test final outcome:  SKIPPED
09:08:55 INFO  Test outcome reason: Testing the docker plugin is not supported on this platform.To run it, all the test with -XmyPlatform='container'
09:08:55 INFO  
</system-out>
	</testcase>
</testsuite>
