<?xml version="1.0" encoding="utf-8"?>
<testsuite name="apt_sequence_remove_with_version_fail" tests="1" failures="0" skipped="1" time="0.02" timestamp="2022-05-10T19:28:51">
	<testcase classname="AptPluginRemoveWithVersionFails" name="apt_sequence_remove_with_version_fail">
		<skipped message="SKIPPED: Testing the apt plugin is not supported on this platform.To run the tests call PySys with -XmyPlatform='container'"/>
		<system-out>19:28:51 INFO  ==============================================================
19:28:51 INFO  Id:    apt_sequence_remove_with_version_fail
19:28:51 INFO  Dir:   plugin_apt/
19:28:51 INFO  Title: Validate apt plugin remove with version fails when the version not found
19:28:51 INFO  ==============================================================
19:28:51 INFO  Testing the apt plugin is not supported on this platform.To run the tests call PySys with -XmyPlatform='container' ... skipped
19:28:51 WARN  Aborted test due to SKIPPED outcome
19:28:51 INFO  
19:28:51 INFO  Test duration: 0.02 secs
19:28:51 INFO  Test final outcome:  SKIPPED
19:28:51 INFO  Test outcome reason: Testing the apt plugin is not supported on this platform.To run the tests call PySys with -XmyPlatform='container'
19:28:51 INFO  
</system-out>
	</testcase>
</testsuite>
