<?xml version="1.0" encoding="utf-8"?>
<testsuite name="smoketest_json" tests="1" failures="0" skipped="0" time="50.58" timestamp="2022-05-11T11:36:34">
	<testcase classname="SmokeTestJson" name="smoketest_json"/>
</testsuite>
