<?xml version="1.0" encoding="utf-8"?>
<testsuite name="tedge_mapper_c8y_child_device_measurement" tests="1" failures="0" skipped="1" time="0.04" timestamp="2022-05-11T11:48:38">
	<testcase classname="TedgeMapperC8yChildDevice" name="tedge_mapper_c8y_child_device_measurement">
		<skipped message="SKIPPED: Test execution disabled due to #1088"/>
		<system-out>11:48:38 INFO  ==============================================================
11:48:38 INFO  Id:    tedge_mapper_c8y_child_device_measurement
11:48:38 INFO  Dir:   tedge_mapper_c8y/
11:48:38 INFO  Title: Validate that measurements sent to tedge/measurements/child topic gets mapped as the child device's measurement in Cumulocity
11:48:38 INFO  ==============================================================
11:48:38 INFO  Test execution disabled due to #1088 ... skipped
11:48:38 INFO  
11:48:38 INFO  Test duration: 0.04 secs
11:48:38 INFO  Test final outcome:  SKIPPED
11:48:38 INFO  Test outcome reason: Test execution disabled due to #1088
11:48:38 INFO  
</system-out>
	</testcase>
</testsuite>
