<?xml version="1.0" encoding="utf-8"?>
<testsuite name="runtime_start_two_mappers" tests="1" failures="0" skipped="1" time="0.02" timestamp="2022-05-09T07:10:58">
	<testcase classname="RuntimeMultiMappers" name="runtime_start_two_mappers">
		<skipped message="SKIPPED: Test execution disabled due to #1124"/>
		<system-out>07:10:58 INFO  ==============================================================
07:10:58 INFO  Id:    runtime_start_two_mappers
07:10:58 INFO  Dir:   tedge_mapper_c8y/
07:10:58 INFO  Title: Validate two mappers can't be started at the same time
07:10:58 INFO  ==============================================================
07:10:58 INFO  Test execution disabled due to #1124 ... skipped
07:10:58 INFO  
07:10:58 INFO  Test duration: 0.02 secs
07:10:58 INFO  Test final outcome:  SKIPPED
07:10:58 INFO  Test outcome reason: Test execution disabled due to #1124
07:10:58 INFO  
</system-out>
	</testcase>
</testsuite>
