<?xml version="1.0" encoding="utf-8"?>
<testsuite name="call_tedge_-h_-V" tests="1" failures="0" skipped="0" time="0.47" timestamp="2022-05-09T07:06:57">
	<testcase classname="PySysTest" name="call_tedge_-h_-V"/>
</testsuite>
