<?xml version="1.0" encoding="utf-8"?>
<testsuite name="log_request_error_messages" tests="1" failures="0" skipped="1" time="1.43" timestamp="2022-05-16T07:20:57">
	<testcase classname="LogRequestVerifySearchTextError" name="log_request_error_messages">
		<skipped message="SKIPPED: Test execution disabled due to #1123"/>
		<system-out>07:20:56 INFO  ==============================================================
07:20:56 INFO  Id:    log_request_error_messages
07:20:56 INFO  Dir:   log_request_end_to_end/
07:20:56 INFO  Title: Validate end to end behaviour for the log request operation check for error messages
07:20:56 INFO  ==============================================================
07:20:57 INFO  Test execution disabled due to #1123 ... skipped
07:20:57 INFO  
07:20:57 INFO  Test duration: 1.43 secs
07:20:57 INFO  Test final outcome:  SKIPPED
07:20:57 INFO  Test outcome reason: Test execution disabled due to #1123
07:20:57 INFO  
</system-out>
	</testcase>
</testsuite>
