<?xml version="1.0" encoding="utf-8"?>
<testsuite name="pysys_fail" tests="1" failures="0" skipped="1" time="0.02" timestamp="2022-05-02T15:06:05">
	<testcase classname="Fail" name="pysys_fail">
		<skipped message="SKIPPED: Enable this to observe a failing test"/>
		<system-out>15:06:05 INFO  ==============================================================
15:06:05 INFO  Id:    pysys_fail
15:06:05 INFO  Dir:   misc_features/
15:06:05 INFO  Title: fail
15:06:05 INFO  ==============================================================
15:06:05 INFO  Enable this to observe a failing test ... skipped
15:06:05 INFO  
15:06:05 INFO  Test duration: 0.02 secs
15:06:05 INFO  Test final outcome:  SKIPPED
15:06:05 INFO  Test outcome reason: Enable this to observe a failing test
15:06:05 INFO  
</system-out>
	</testcase>
</testsuite>
