<?xml version="1.0" encoding="utf-8"?>
<testsuite name="apt_sequence_install_with_version" tests="1" failures="0" skipped="1" time="0.02" timestamp="2022-05-02T15:06:49">
	<testcase classname="AptPluginPrepInstallWithVersionFinalize" name="apt_sequence_install_with_version">
		<skipped message="SKIPPED: Testing the apt plugin is not supported on this platform.To run the tests call PySys with -XmyPlatform='container'"/>
		<system-out>15:06:49 INFO  ==============================================================
15:06:49 INFO  Id:    apt_sequence_install_with_version
15:06:49 INFO  Dir:   plugin_apt/
15:06:49 INFO  Title: Validate apt plugin install with version use case
15:06:49 INFO  ==============================================================
15:06:49 INFO  Testing the apt plugin is not supported on this platform.To run the tests call PySys with -XmyPlatform='container' ... skipped
15:06:49 WARN  Aborted test due to SKIPPED outcome
15:06:49 INFO  
15:06:49 INFO  Test duration: 0.02 secs
15:06:49 INFO  Test final outcome:  SKIPPED
15:06:49 INFO  Test outcome reason: Testing the apt plugin is not supported on this platform.To run the tests call PySys with -XmyPlatform='container'
15:06:49 INFO  
</system-out>
	</testcase>
</testsuite>
