<?xml version="1.0" encoding="utf-8"?>
<testsuite name="tedge_agent_user_sudo_access" tests="1" failures="0" skipped="1" time="0.03" timestamp="2022-05-30T09:19:37">
	<testcase classname="TedgeAgentUserSudoAccess" name="tedge_agent_user_sudo_access">
		<skipped message="SKIPPED: #955 Observation: Exit code of the apt plugin when called with no arguments"/>
		<system-out>09:19:37 INFO  ==============================================================
09:19:37 INFO  Id:    tedge_agent_user_sudo_access
09:19:37 INFO  Dir:   tedge/
09:19:37 INFO  Title: Validate tedge-agent user has a limited sudo right
09:19:37 INFO  ==============================================================
09:19:37 INFO  #955 Observation: Exit code of the apt plugin when called with no arguments ... skipped
09:19:37 INFO  
09:19:37 INFO  Test duration: 0.03 secs
09:19:37 INFO  Test final outcome:  SKIPPED
09:19:37 INFO  Test outcome reason: #955 Observation: Exit code of the apt plugin when called with no arguments
09:19:37 INFO  
</system-out>
	</testcase>
</testsuite>
