<?xml version="1.0" encoding="utf-8"?>
<testsuite name="SoftwareManagement.Plugin.apama_plugin_mon_support" tests="1" failures="0" skipped="1" time="0.08" timestamp="2022-05-11T11:32:57">
	<testcase classname="ApamaPluginMonSupportTest" name="SoftwareManagement.Plugin.apama_plugin_mon_support">
		<skipped message="SKIPPED: Apama plugin tests are disabled by default. Execute `pysys run` with `-XmyPlatform=container` to run these tests"/>
		<system-out>11:32:57 INFO  ==============================================================
11:32:57 INFO  Id:    SoftwareManagement.Plugin.apama_plugin_mon_support
11:32:57 INFO  Dir:   plugin_apama/
11:32:57 INFO  Title: Validate mon file support of apama plugin
11:32:57 INFO  ==============================================================
11:32:57 INFO  Apama plugin tests are disabled by default. Execute `pysys run` with `-XmyPlatform=container` to run these tests ... skipped
11:32:57 WARN  Aborted test due to SKIPPED outcome
11:32:58 INFO  
11:32:58 INFO  Test duration: 0.08 secs
11:32:58 INFO  Test final outcome:  SKIPPED
11:32:58 INFO  Test outcome reason: Apama plugin tests are disabled by default. Execute `pysys run` with `-XmyPlatform=container` to run these tests
11:32:58 INFO  
</system-out>
	</testcase>
</testsuite>
