<?xml version="1.0" encoding="utf-8"?>
<testsuite name="docker_plugin_update" tests="1" failures="0" skipped="1" time="0.02" timestamp="2022-05-10T13:11:44">
	<testcase classname="DockerPluginUpdateTest" name="docker_plugin_update">
		<skipped message="SKIPPED: Testing the docker plugin is not supported on this platform.To run it, all the test with -XmyPlatform='container'"/>
		<system-out>13:11:44 INFO  ==============================================================
13:11:44 INFO  Id:    docker_plugin_update
13:11:44 INFO  Dir:   plugin_docker/
13:11:44 INFO  Title: Validate docker plugin install updates existing containers
13:11:44 INFO  ==============================================================
13:11:44 INFO  Testing the docker plugin is not supported on this platform.To run it, all the test with -XmyPlatform='container' ... skipped
13:11:44 WARN  Aborted test due to SKIPPED outcome
13:11:44 INFO  
13:11:44 INFO  Test duration: 0.02 secs
13:11:44 INFO  Test final outcome:  SKIPPED
13:11:44 INFO  Test outcome reason: Testing the docker plugin is not supported on this platform.To run it, all the test with -XmyPlatform='container'
13:11:44 INFO  
</system-out>
	</testcase>
</testsuite>
