<?xml version="1.0" encoding="utf-8"?>
<testsuite name="publish_sawmill" tests="1" failures="0" skipped="0" time="82.9" timestamp="2022-05-11T11:35:44">
	<testcase classname="PublishSawmill" name="publish_sawmill"/>
</testsuite>
