<?xml version="1.0" encoding="utf-8"?>
<testsuite name="apt_update_list" tests="1" failures="0" skipped="1" time="0.03" timestamp="2022-05-09T06:56:41">
	<testcase classname="AptPluginUpdateList" name="apt_update_list">
		<skipped message="SKIPPED: Testing the apt plugin is not supported on this platform.To run the tests call PySys with -XmyPlatform='container'"/>
		<system-out>06:56:41 INFO  ==============================================================
06:56:41 INFO  Id:    apt_update_list
06:56:41 INFO  Dir:   plugin_apt/
06:56:41 INFO  Title: Validate apt plugin update-list command use case
06:56:41 INFO  ==============================================================
06:56:41 INFO  Testing the apt plugin is not supported on this platform.To run the tests call PySys with -XmyPlatform='container' ... skipped
06:56:41 WARN  Aborted test due to SKIPPED outcome
06:56:41 INFO  
06:56:41 INFO  Test duration: 0.03 secs
06:56:41 INFO  Test final outcome:  SKIPPED
06:56:41 INFO  Test outcome reason: Testing the apt plugin is not supported on this platform.To run the tests call PySys with -XmyPlatform='container'
06:56:41 INFO  
</system-out>
	</testcase>
</testsuite>
