<?xml version="1.0" encoding="utf-8"?>
<testsuite name="tedge_mapper_c8y_alarms" tests="1" failures="0" skipped="0" time="34.62" timestamp="2022-05-23T09:30:33">
	<testcase classname="TedgeMapperC8yAlarm" name="tedge_mapper_c8y_alarms"/>
</testsuite>
