<?xml version="1.0" encoding="utf-8"?>
<testsuite name="publish_sawmill" tests="1" failures="0" skipped="0" time="81.89" timestamp="2022-05-03T07:56:58">
	<testcase classname="PublishSawmill" name="publish_sawmill"/>
</testsuite>
