<?xml version="1.0" encoding="utf-8"?>
<testsuite name="SoftwareManagement.Plugin.apama_plugin_install" tests="1" failures="0" skipped="1" time="0.06" timestamp="2022-05-23T09:14:46">
	<testcase classname="ApamaPluginInstallTest" name="SoftwareManagement.Plugin.apama_plugin_install">
		<skipped message="SKIPPED: Apama plugin tests are disabled by default. Execute `pysys run` with `-XmyPlatform=container` to run these tests"/>
		<system-out>09:14:46 INFO  ==============================================================
09:14:46 INFO  Id:    SoftwareManagement.Plugin.apama_plugin_install
09:14:46 INFO  Dir:   plugin_apama/
09:14:46 INFO  Title: Validate apama plugin install
09:14:46 INFO  ==============================================================
09:14:46 INFO  Apama plugin tests are disabled by default. Execute `pysys run` with `-XmyPlatform=container` to run these tests ... skipped
09:14:46 WARN  Aborted test due to SKIPPED outcome
09:14:46 INFO  
09:14:46 INFO  Test duration: 0.06 secs
09:14:46 INFO  Test final outcome:  SKIPPED
09:14:46 INFO  Test outcome reason: Apama plugin tests are disabled by default. Execute `pysys run` with `-XmyPlatform=container` to run these tests
09:14:46 INFO  
</system-out>
	</testcase>
</testsuite>
