<?xml version="1.0" encoding="utf-8"?>
<testsuite name="mqtt_port_change_connection_works" tests="1" failures="0" skipped="1" time="0.04" timestamp="2022-05-02T15:05:37">
	<testcase classname="MqttPortChangeConnectionWorks" name="mqtt_port_change_connection_works">
		<skipped message="SKIPPED: failing intermitently"/>
		<system-out>15:05:37 INFO  ==============================================================
15:05:37 INFO  Id:    mqtt_port_change_connection_works
15:05:37 INFO  Dir:   misc_features/
15:05:37 INFO  Title: mqtt port change connection works for all the thin-edge services that use the mosquitto broker
15:05:37 INFO  ==============================================================
15:05:37 INFO  failing intermitently ... skipped
15:05:37 INFO  
15:05:37 INFO  Test duration: 0.04 secs
15:05:37 INFO  Test final outcome:  SKIPPED
15:05:37 INFO  Test outcome reason: failing intermitently
15:05:37 INFO  
</system-out>
	</testcase>
</testsuite>
