<?xml version="1.0" encoding="utf-8"?>
<testsuite name="agent_init_session" tests="1" failures="1" skipped="0" time="6.9" timestamp="2022-05-10T13:23:03">
	<testcase classname="AgentInitSession" name="agent_init_session">
		<failure message="FAILED: Grep on sub_resp.out contains &quot;Ld3KgqpcLDlrYH6sfpG7w&quot;" type="FAILED"/>
		<system-out>13:22:56 INFO  ==============================================================
13:22:56 INFO  Id:    agent_init_session
13:22:56 INFO  Dir:   tedge_agent/
13:22:56 INFO  Title: Validate tedge agent init session feature
13:22:56 INFO  ==============================================================
13:22:57 INFO  Executed sudo&lt;remove_lock&gt;, exit status 0
13:22:57 INFO  Executed sudo&lt;agent_clear&gt;, exit status 0
13:22:58 INFO  Executed sudo&lt;agent_init&gt;, exit status 0
13:22:58 INFO  Executed sudo&lt;pub_req&gt;, exit status 0
13:22:58 INFO  Started sudo&lt;sub_resp&gt; with process id 20683
13:22:59 INFO  Executed sudo&lt;agent_start&gt;, exit status 0
13:22:59 INFO  Waiting for 2.0 seconds
13:23:02 INFO  Executed sudo&lt;agent_stop&gt;, exit status 0
13:23:02 INFO  Executed sudo&lt;sub_stop&gt;, exit status 0
13:23:03 WARN  Grep on sub_resp.out contains &quot;Ld3KgqpcLDlrYH6sfpG7w&quot; ... failed [run.py:87]
13:23:03 INFO  
13:23:03 INFO  Test duration: 6.90 secs
13:23:03 INFO  Test final outcome:  FAILED
13:23:03 INFO  Test outcome reason: Grep on sub_resp.out contains &quot;Ld3KgqpcLDlrYH6sfpG7w&quot;
13:23:03 INFO  
</system-out>
	</testcase>
</testsuite>
