<?xml version="1.0" encoding="utf-8"?>
<testsuite name="mqtt_port_change_connection_works" tests="1" failures="0" skipped="1" time="0.02" timestamp="2022-05-10T13:10:36">
	<testcase classname="MqttPortChangeConnectionWorks" name="mqtt_port_change_connection_works">
		<skipped message="SKIPPED: failing intermitently"/>
		<system-out>13:10:36 INFO  ==============================================================
13:10:36 INFO  Id:    mqtt_port_change_connection_works
13:10:36 INFO  Dir:   misc_features/
13:10:36 INFO  Title: mqtt port change connection works for all the thin-edge services that use the mosquitto broker
13:10:36 INFO  ==============================================================
13:10:36 INFO  failing intermitently ... skipped
13:10:36 INFO  
13:10:36 INFO  Test duration: 0.02 secs
13:10:36 INFO  Test final outcome:  SKIPPED
13:10:36 INFO  Test outcome reason: failing intermitently
13:10:36 INFO  
</system-out>
	</testcase>
</testsuite>
