<?xml version="1.0" encoding="utf-8"?>
<testsuite name="local_mqtt_sub_fail" tests="1" failures="0" skipped="0" time="2.01" timestamp="2022-05-09T06:54:56">
	<testcase classname="PySysTest" name="local_mqtt_sub_fail"/>
</testsuite>
