<?xml version="1.0" encoding="utf-8"?>
<testsuite name="publish_flux" tests="1" failures="0" skipped="0" time="77.05" timestamp="2022-05-03T07:55:36">
	<testcase classname="PublishFlux" name="publish_flux"/>
</testsuite>
