<?xml version="1.0" encoding="utf-8"?>
<testsuite name="log_request_error_messages" tests="1" failures="0" skipped="1" time="1.53" timestamp="2022-05-23T09:13:03">
	<testcase classname="LogRequestVerifySearchTextError" name="log_request_error_messages">
		<skipped message="SKIPPED: Test execution disabled due to #1123"/>
		<system-out>09:13:01 INFO  ==============================================================
09:13:01 INFO  Id:    log_request_error_messages
09:13:01 INFO  Dir:   log_request_end_to_end/
09:13:01 INFO  Title: Validate end to end behaviour for the log request operation check for error messages
09:13:01 INFO  ==============================================================
09:13:03 INFO  Test execution disabled due to #1123 ... skipped
09:13:03 INFO  
09:13:03 INFO  Test duration: 1.53 secs
09:13:03 INFO  Test final outcome:  SKIPPED
09:13:03 INFO  Test outcome reason: Test execution disabled due to #1123
09:13:03 INFO  
</system-out>
	</testcase>
</testsuite>
