<?xml version="1.0" encoding="utf-8"?>
<testsuite name="apt_sequence_remove" tests="1" failures="0" skipped="1" time="0.02" timestamp="2022-05-30T09:08:54">
	<testcase classname="AptPluginInstallPrepareRemoveFinalize" name="apt_sequence_remove">
		<skipped message="SKIPPED: Testing the apt plugin is not supported on this platform.To run the tests call PySys with -XmyPlatform='container'"/>
		<system-out>09:08:54 INFO  ==============================================================
09:08:54 INFO  Id:    apt_sequence_remove
09:08:54 INFO  Dir:   plugin_apt/
09:08:54 INFO  Title: Validate apt plugin prepare install remove finalize use case
09:08:54 INFO  ==============================================================
09:08:54 INFO  Testing the apt plugin is not supported on this platform.To run the tests call PySys with -XmyPlatform='container' ... skipped
09:08:54 WARN  Aborted test due to SKIPPED outcome
09:08:54 INFO  
09:08:54 INFO  Test duration: 0.02 secs
09:08:54 INFO  Test final outcome:  SKIPPED
09:08:54 INFO  Test outcome reason: Testing the apt plugin is not supported on this platform.To run the tests call PySys with -XmyPlatform='container'
09:08:54 INFO  
</system-out>
	</testcase>
</testsuite>
