<?xml version="1.0" encoding="utf-8"?>
<testsuite name="local_mqtt_sub_fail" tests="1" failures="0" skipped="0" time="2.09" timestamp="2022-05-10T19:27:08">
	<testcase classname="PySysTest" name="local_mqtt_sub_fail"/>
</testsuite>
