<?xml version="1.0" encoding="utf-8"?>
<testsuite name="apt_install_local_file_with_version" tests="1" failures="0" skipped="1" time="0.03" timestamp="2022-05-10T19:28:47">
	<testcase classname="AptPluginInstallFromLocalFileWithVersion" name="apt_install_local_file_with_version">
		<skipped message="SKIPPED: Testing the apt plugin is not supported on this platform.To run the tests call PySys with -XmyPlatform='container'"/>
		<system-out>19:28:47 INFO  ==============================================================
19:28:47 INFO  Id:    apt_install_local_file_with_version
19:28:47 INFO  Dir:   plugin_apt/
19:28:47 INFO  Title: Validate apt plugin install from local file AND with a version - SUCCESS case
19:28:47 INFO  ==============================================================
19:28:47 INFO  Testing the apt plugin is not supported on this platform.To run the tests call PySys with -XmyPlatform='container' ... skipped
19:28:47 WARN  Aborted test due to SKIPPED outcome
19:28:47 INFO  
19:28:47 INFO  Test duration: 0.03 secs
19:28:47 INFO  Test final outcome:  SKIPPED
19:28:47 INFO  Test outcome reason: Testing the apt plugin is not supported on this platform.To run the tests call PySys with -XmyPlatform='container'
19:28:47 INFO  
</system-out>
	</testcase>
</testsuite>
