<?xml version="1.0" encoding="utf-8"?>
<testsuite name="apt_fail_noarg" tests="1" failures="0" skipped="1" time="0.04" timestamp="2022-05-11T11:32:58">
	<testcase classname="AptPluginFailNoArg" name="apt_fail_noarg">
		<skipped message="SKIPPED: Testing the apt plugin is not supported on this platform.To run the tests call PySys with -XmyPlatform='container'"/>
		<system-out>11:32:58 INFO  ==============================================================
11:32:58 INFO  Id:    apt_fail_noarg
11:32:58 INFO  Dir:   plugin_apt/
11:32:58 INFO  Title: Validate apt plugin fetures(prepare, list, install, remove finalize) without arguments
11:32:58 INFO  ==============================================================
11:32:58 INFO  Testing the apt plugin is not supported on this platform.To run the tests call PySys with -XmyPlatform='container' ... skipped
11:32:58 WARN  Aborted test due to SKIPPED outcome
11:32:58 INFO  
11:32:58 INFO  Test duration: 0.04 secs
11:32:58 INFO  Test final outcome:  SKIPPED
11:32:58 INFO  Test outcome reason: Testing the apt plugin is not supported on this platform.To run the tests call PySys with -XmyPlatform='container'
11:32:58 INFO  
</system-out>
	</testcase>
</testsuite>
