<?xml version="1.0" encoding="utf-8"?>
<testsuite name="apt_sequence_remove_with_version" tests="1" failures="0" skipped="1" time="0.02" timestamp="2022-05-09T06:56:41">
	<testcase classname="AptPluginRemoveWithVersion" name="apt_sequence_remove_with_version">
		<skipped message="SKIPPED: Testing the apt plugin is not supported on this platform.To run the tests call PySys with -XmyPlatform='container'"/>
		<system-out>06:56:41 INFO  ==============================================================
06:56:41 INFO  Id:    apt_sequence_remove_with_version
06:56:41 INFO  Dir:   plugin_apt/
06:56:41 INFO  Title: Validate apt plugin remove with version use case
06:56:41 INFO  ==============================================================
06:56:41 INFO  Testing the apt plugin is not supported on this platform.To run the tests call PySys with -XmyPlatform='container' ... skipped
06:56:41 WARN  Aborted test due to SKIPPED outcome
06:56:41 INFO  
06:56:41 INFO  Test duration: 0.02 secs
06:56:41 INFO  Test final outcome:  SKIPPED
06:56:41 INFO  Test outcome reason: Testing the apt plugin is not supported on this platform.To run the tests call PySys with -XmyPlatform='container'
06:56:41 INFO  
</system-out>
	</testcase>
</testsuite>
