<?xml version="1.0" encoding="utf-8"?>
<testsuite name="apt_prepare_install_finalize" tests="1" failures="0" skipped="1" time="0.04" timestamp="2022-05-04T07:59:56">
	<testcase classname="AptPluginPrepareInstallFinalize" name="apt_prepare_install_finalize">
		<skipped message="SKIPPED: Testing the apt plugin is not supported on this platform.To run the tests call PySys with -XmyPlatform='container'"/>
		<system-out>07:59:56 INFO  ==============================================================
07:59:56 INFO  Id:    apt_prepare_install_finalize
07:59:56 INFO  Dir:   plugin_apt/
07:59:56 INFO  Title: Validate apt plugin install use case
07:59:56 INFO  ==============================================================
07:59:56 INFO  Testing the apt plugin is not supported on this platform.To run the tests call PySys with -XmyPlatform='container' ... skipped
07:59:56 WARN  Aborted test due to SKIPPED outcome
07:59:56 INFO  
07:59:56 INFO  Test duration: 0.04 secs
07:59:56 INFO  Test final outcome:  SKIPPED
07:59:56 INFO  Test outcome reason: Testing the apt plugin is not supported on this platform.To run the tests call PySys with -XmyPlatform='container'
07:59:56 INFO  
</system-out>
	</testcase>
</testsuite>
