<?xml version="1.0" encoding="utf-8"?>
<testsuite name="SoftwareManagement.Plugin.apama_plugin_install" tests="1" failures="0" skipped="1" time="0.06" timestamp="2022-05-10T13:11:38">
	<testcase classname="ApamaPluginInstallTest" name="SoftwareManagement.Plugin.apama_plugin_install">
		<skipped message="SKIPPED: Apama plugin tests are disabled by default. Execute `pysys run` with `-XmyPlatform=container` to run these tests"/>
		<system-out>13:11:38 INFO  ==============================================================
13:11:38 INFO  Id:    SoftwareManagement.Plugin.apama_plugin_install
13:11:38 INFO  Dir:   plugin_apama/
13:11:38 INFO  Title: Validate apama plugin install
13:11:38 INFO  ==============================================================
13:11:38 INFO  Apama plugin tests are disabled by default. Execute `pysys run` with `-XmyPlatform=container` to run these tests ... skipped
13:11:38 WARN  Aborted test due to SKIPPED outcome
13:11:38 INFO  
13:11:38 INFO  Test duration: 0.06 secs
13:11:38 INFO  Test final outcome:  SKIPPED
13:11:38 INFO  Test outcome reason: Apama plugin tests are disabled by default. Execute `pysys run` with `-XmyPlatform=container` to run these tests
13:11:38 INFO  
</system-out>
	</testcase>
</testsuite>
