<?xml version="1.0" encoding="utf-8"?>
<testsuite name="log_request_error_messages" tests="1" failures="1" skipped="0" time="42.15" timestamp="2022-05-02T15:04:26">
	<testcase classname="LogRequestVerifySearchTextError" name="log_request_error_messages">
		<failure message="FAILED: Assert that (True == value) with value=False" type="FAILED"/>
		<system-out>15:03:44 INFO  ==============================================================
15:03:44 INFO  Id:    log_request_error_messages
15:03:44 INFO  Dir:   log_request_end_to_end/
15:03:44 INFO  Title: Validate end to end behaviour for the log request operation check for error messages
15:03:44 INFO  ==============================================================
15:03:45 INFO  EnvironmentC8y Setup
15:03:46 INFO  Executed systemctl&lt;serv_mapper1&gt;, exit status 3
15:03:46 INFO  Restarting mosquitto too frequently in the last 10 seconds. It was only up for 2 seconds
15:03:46 INFO  Delaying execution by 9 seconds
15:04:13 INFO  Executed sudo&lt;tedge_connect_c8y&gt;, exit status 0, duration 17 secs
15:04:13 INFO  Executed sudo&lt;tedge_connect_c8y_test&gt;, exit status 0
15:04:14 INFO  Executed systemctl&lt;serv_mosq2&gt;, exit status 0
15:04:14 INFO  Executed systemctl&lt;serv_mapper3&gt;, exit status 0
15:04:15 INFO  Executed sudo&lt;rm_logs&gt;, exit status 0
15:04:15 INFO  Executed sudo&lt;move_logs&gt;, exit status 0
15:04:16 INFO  log response None
15:04:16 WARN  retry, retrying in 1 seconds...
15:04:17 INFO  log response https://thin-edge-io.eu-latest.cumulocity.com/event/events/18180059/binaries
15:04:18 WARN  Assert that (True == value) with value=False ... failed [run.py:43]
15:04:18 INFO  
15:04:18 INFO  cleanup:
15:04:19 INFO  Executed sudo&lt;rm_logs&gt;, exit status 0
15:04:19 INFO  Executed sudo&lt;rm_tmp_logs&gt;, exit status 0
15:04:20 INFO  Executed sudo&lt;send_failed&gt;, exit status 0
15:04:26 INFO  Executed sudo&lt;tedge_disconnect_c8y&gt;, exit status 0
15:04:26 INFO  Executed systemctl&lt;serv_mapper5&gt;, exit status 3
15:04:26 INFO  
15:04:26 INFO  Test duration: 42.15 secs
15:04:26 INFO  Test final outcome:  FAILED
15:04:26 INFO  Test outcome reason: Assert that (True == value) with value=False
15:04:26 INFO  
</system-out>
	</testcase>
</testsuite>
