<?xml version="1.0" encoding="utf-8"?>
<testsuite name="smoketest_json" tests="1" failures="0" skipped="0" time="48.9" timestamp="2022-05-30T09:12:27">
	<testcase classname="SmokeTestJson" name="smoketest_json"/>
</testsuite>
