<?xml version="1.0" encoding="utf-8"?>
<testsuite name="tedge_mapper_c8y_alarms" tests="1" failures="0" skipped="0" time="35.74" timestamp="2022-05-10T13:27:17">
	<testcase classname="TedgeMapperC8yAlarm" name="tedge_mapper_c8y_alarms"/>
</testsuite>
