<?xml version="1.0" encoding="utf-8"?>
<testsuite name="SoftwareManagement.Plugin.apama_plugin_remove" tests="1" failures="0" skipped="1" time="0.02" timestamp="2022-05-16T07:22:35">
	<testcase classname="ApamaPluginRemoveTest" name="SoftwareManagement.Plugin.apama_plugin_remove">
		<skipped message="SKIPPED: Apama plugin tests are disabled by default. Execute `pysys run` with `-XmyPlatform=container` to run these tests"/>
		<system-out>07:22:35 INFO  ==============================================================
07:22:35 INFO  Id:    SoftwareManagement.Plugin.apama_plugin_remove
07:22:35 INFO  Dir:   plugin_apama/
07:22:35 INFO  Title: Validate apama plugin remove
07:22:35 INFO  ==============================================================
07:22:35 INFO  Apama plugin tests are disabled by default. Execute `pysys run` with `-XmyPlatform=container` to run these tests ... skipped
07:22:35 WARN  Aborted test due to SKIPPED outcome
07:22:35 INFO  
07:22:35 INFO  Test duration: 0.02 secs
07:22:35 INFO  Test final outcome:  SKIPPED
07:22:35 INFO  Test outcome reason: Apama plugin tests are disabled by default. Execute `pysys run` with `-XmyPlatform=container` to run these tests
07:22:35 INFO  
</system-out>
	</testcase>
</testsuite>
