<?xml version="1.0" encoding="utf-8"?>
<testsuite name="log_request_num_lines" tests="1" failures="0" skipped="1" time="0.02" timestamp="2022-05-10T13:10:01">
	<testcase classname="LogRequestVerifyNumberOfLines" name="log_request_num_lines">
		<skipped message="SKIPPED: Test execution disabled due to #1123"/>
		<system-out>13:10:01 INFO  ==============================================================
13:10:01 INFO  Id:    log_request_num_lines
13:10:01 INFO  Dir:   log_request_end_to_end/
13:10:01 INFO  Title: Validate end to end behaviour for the log request operation check for number of lines
13:10:01 INFO  ==============================================================
13:10:01 INFO  Test execution disabled due to #1123 ... skipped
13:10:01 INFO  
13:10:01 INFO  Test duration: 0.02 secs
13:10:01 INFO  Test final outcome:  SKIPPED
13:10:01 INFO  Test outcome reason: Test execution disabled due to #1123
13:10:01 INFO  
</system-out>
	</testcase>
</testsuite>
