<?xml version="1.0" encoding="utf-8"?>
<testsuite name="SoftwareManagement.Plugin.apama_plugin_remove" tests="1" failures="0" skipped="1" time="0.02" timestamp="2022-05-02T15:06:45">
	<testcase classname="ApamaPluginRemoveTest" name="SoftwareManagement.Plugin.apama_plugin_remove">
		<skipped message="SKIPPED: Apama plugin tests are disabled by default. Execute `pysys run` with `-XmyPlatform=container` to run these tests"/>
		<system-out>15:06:45 INFO  ==============================================================
15:06:45 INFO  Id:    SoftwareManagement.Plugin.apama_plugin_remove
15:06:45 INFO  Dir:   plugin_apama/
15:06:45 INFO  Title: Validate apama plugin remove
15:06:45 INFO  ==============================================================
15:06:45 INFO  Apama plugin tests are disabled by default. Execute `pysys run` with `-XmyPlatform=container` to run these tests ... skipped
15:06:45 WARN  Aborted test due to SKIPPED outcome
15:06:45 INFO  
15:06:45 INFO  Test duration: 0.02 secs
15:06:45 INFO  Test final outcome:  SKIPPED
15:06:45 INFO  Test outcome reason: Apama plugin tests are disabled by default. Execute `pysys run` with `-XmyPlatform=container` to run these tests
15:06:45 INFO  
</system-out>
	</testcase>
</testsuite>
