<?xml version="1.0" encoding="utf-8"?>
<testsuite name="docker_plugin_install" tests="1" failures="0" skipped="1" time="0.02" timestamp="2022-05-09T06:56:41">
	<testcase classname="DockerPluginInstallTest" name="docker_plugin_install">
		<skipped message="SKIPPED: Testing the docker plugin is not supported on this platform.To run it, all the test with -XmyPlatform='container'"/>
		<system-out>06:56:41 INFO  ==============================================================
06:56:41 INFO  Id:    docker_plugin_install
06:56:41 INFO  Dir:   plugin_docker/
06:56:41 INFO  Title: Validate docker plugin install
06:56:41 INFO  ==============================================================
06:56:41 INFO  Testing the docker plugin is not supported on this platform.To run it, all the test with -XmyPlatform='container' ... skipped
06:56:41 WARN  Aborted test due to SKIPPED outcome
06:56:41 INFO  
06:56:41 INFO  Test duration: 0.02 secs
06:56:41 INFO  Test final outcome:  SKIPPED
06:56:41 INFO  Test outcome reason: Testing the docker plugin is not supported on this platform.To run it, all the test with -XmyPlatform='container'
06:56:41 INFO  
</system-out>
	</testcase>
</testsuite>
