<?xml version="1.0" encoding="utf-8"?>
<testsuite name="smoketest_json" tests="1" failures="0" skipped="0" time="48.79" timestamp="2022-05-04T08:03:25">
	<testcase classname="SmokeTestJson" name="smoketest_json"/>
</testsuite>
