<?xml version="1.0" encoding="utf-8"?>
<testsuite name="SoftwareManagement.sm_apt_install_fail" tests="1" failures="0" skipped="1" time="0.02" timestamp="2022-05-03T08:04:29">
	<testcase classname="PySysTest" name="SoftwareManagement.sm_apt_install_fail">
		<skipped message="SKIPPED: Testing the apt plugin is not supported on this platform.Use parameter -XmyPlatform='container' to enable it"/>
		<system-out>08:04:29 INFO  ==============================================================
08:04:29 INFO  Id:    SoftwareManagement.sm_apt_install_fail
08:04:29 INFO  Dir:   software_management_end_to_end/
08:04:29 INFO  Title: Validate end to end behaviour for a failing installation
08:04:29 INFO  ==============================================================
08:04:29 INFO  Testing the apt plugin is not supported on this platform.Use parameter -XmyPlatform='container' to enable it ... skipped
08:04:29 WARN  Aborted test due to SKIPPED outcome
08:04:29 INFO  
08:04:29 INFO  Test duration: 0.02 secs
08:04:29 INFO  Test final outcome:  SKIPPED
08:04:29 INFO  Test outcome reason: Testing the apt plugin is not supported on this platform.Use parameter -XmyPlatform='container' to enable it
08:04:29 INFO  
</system-out>
	</testcase>
</testsuite>
