<?xml version="1.0" encoding="utf-8"?>
<testsuite name="apt_finalize" tests="1" failures="0" skipped="1" time="0.02" timestamp="2022-05-30T09:08:50">
	<testcase classname="AptPluginFinalize" name="apt_finalize">
		<skipped message="SKIPPED: Testing the apt plugin is not supported on this platform.To run the tests call PySys with -XmyPlatform='container'"/>
		<system-out>09:08:50 INFO  ==============================================================
09:08:50 INFO  Id:    apt_finalize
09:08:50 INFO  Dir:   plugin_apt/
09:08:50 INFO  Title: Validate apt plugin finalize - dense version
09:08:50 INFO  ==============================================================
09:08:50 INFO  Testing the apt plugin is not supported on this platform.To run the tests call PySys with -XmyPlatform='container' ... skipped
09:08:50 WARN  Aborted test due to SKIPPED outcome
09:08:50 INFO  
09:08:50 INFO  Test duration: 0.02 secs
09:08:50 INFO  Test final outcome:  SKIPPED
09:08:50 INFO  Test outcome reason: Testing the apt plugin is not supported on this platform.To run the tests call PySys with -XmyPlatform='container'
09:08:50 INFO  
</system-out>
	</testcase>
</testsuite>
