<?xml version="1.0" encoding="utf-8"?>
<testsuite name="apt_sequence_install_with_version" tests="1" failures="0" skipped="1" time="0.03" timestamp="2022-05-04T07:59:57">
	<testcase classname="AptPluginPrepInstallWithVersionFinalize" name="apt_sequence_install_with_version">
		<skipped message="SKIPPED: Testing the apt plugin is not supported on this platform.To run the tests call PySys with -XmyPlatform='container'"/>
		<system-out>07:59:57 INFO  ==============================================================
07:59:57 INFO  Id:    apt_sequence_install_with_version
07:59:57 INFO  Dir:   plugin_apt/
07:59:57 INFO  Title: Validate apt plugin install with version use case
07:59:57 INFO  ==============================================================
07:59:57 INFO  Testing the apt plugin is not supported on this platform.To run the tests call PySys with -XmyPlatform='container' ... skipped
07:59:57 WARN  Aborted test due to SKIPPED outcome
07:59:57 INFO  
07:59:57 INFO  Test duration: 0.03 secs
07:59:57 INFO  Test final outcome:  SKIPPED
07:59:57 INFO  Test outcome reason: Testing the apt plugin is not supported on this platform.To run the tests call PySys with -XmyPlatform='container'
07:59:57 INFO  
</system-out>
	</testcase>
</testsuite>
