<?xml version="1.0" encoding="utf-8"?>
<testsuite name="monitoring_with_simulated_messages" tests="1" failures="0" skipped="1" time="0.02" timestamp="2022-05-09T06:56:36">
	<testcase classname="MonitoringWithSimulatedMessages" name="monitoring_with_simulated_messages">
		<skipped message="SKIPPED: Fails due to retained message"/>
		<system-out>06:56:36 INFO  ==============================================================
06:56:36 INFO  Id:    monitoring_with_simulated_messages
06:56:36 INFO  Dir:   monitoring/
06:56:36 INFO  Title: Validate the tedge dm agent messages that are produced from the simulated collectd messages
06:56:36 INFO  ==============================================================
06:56:36 INFO  Fails due to retained message ... skipped
06:56:36 INFO  
06:56:36 INFO  Test duration: 0.02 secs
06:56:36 INFO  Test final outcome:  SKIPPED
06:56:36 INFO  Test outcome reason: Fails due to retained message
06:56:36 INFO  
</system-out>
	</testcase>
</testsuite>
