<?xml version="1.0" encoding="utf-8"?>
<testsuite name="smoketest_smartrest_200_samples_1Xms" tests="1" failures="0" skipped="0" time="113.3" timestamp="2022-05-10T19:37:12">
	<testcase classname="SmoketestSmartRest200Samples1Xms" name="smoketest_smartrest_200_samples_1Xms"/>
</testsuite>
