<?xml version="1.0" encoding="utf-8"?>
<testsuite name="monitoring_with_collectd" tests="1" failures="0" skipped="1" time="0.02" timestamp="2022-05-02T15:06:45">
	<testcase classname="MonitoringWithCollectd" name="monitoring_with_collectd">
		<skipped message="SKIPPED: Test execution disabled due to #792 (instable)"/>
		<system-out>15:06:45 INFO  ==============================================================
15:06:45 INFO  Id:    monitoring_with_collectd
15:06:45 INFO  Dir:   monitoring/
15:06:45 INFO  Title: Validate tedge dm agent messages that are produced by batching the collectd messages
15:06:45 INFO  ==============================================================
15:06:45 INFO  Test execution disabled due to #792 (instable) ... skipped
15:06:45 INFO  
15:06:45 INFO  Test duration: 0.02 secs
15:06:45 INFO  Test final outcome:  SKIPPED
15:06:45 INFO  Test outcome reason: Test execution disabled due to #792 (instable)
15:06:45 INFO  
</system-out>
	</testcase>
</testsuite>
