<?xml version="1.0" encoding="utf-8"?>
<testsuite name="monitoring_with_collectd" tests="1" failures="0" skipped="1" time="0.03" timestamp="2022-05-10T13:11:38">
	<testcase classname="MonitoringWithCollectd" name="monitoring_with_collectd">
		<skipped message="SKIPPED: Test execution disabled due to #792 (instable)"/>
		<system-out>13:11:38 INFO  ==============================================================
13:11:38 INFO  Id:    monitoring_with_collectd
13:11:38 INFO  Dir:   monitoring/
13:11:38 INFO  Title: Validate tedge dm agent messages that are produced by batching the collectd messages
13:11:38 INFO  ==============================================================
13:11:38 INFO  Test execution disabled due to #792 (instable) ... skipped
13:11:38 INFO  
13:11:38 INFO  Test duration: 0.03 secs
13:11:38 INFO  Test final outcome:  SKIPPED
13:11:38 INFO  Test outcome reason: Test execution disabled due to #792 (instable)
13:11:38 INFO  
</system-out>
	</testcase>
</testsuite>
