<?xml version="1.0" encoding="utf-8"?>
<testsuite name="apt_prepare" tests="1" failures="0" skipped="1" time="0.02" timestamp="2022-05-11T11:33:02">
	<testcase classname="AptPluginPrepare" name="apt_prepare">
		<skipped message="SKIPPED: Testing the apt plugin is not supported on this platform.To run the tests call PySys with -XmyPlatform='container'"/>
		<system-out>11:33:01 INFO  ==============================================================
11:33:01 INFO  Id:    apt_prepare
11:33:01 INFO  Dir:   plugin_apt/
11:33:01 INFO  Title: Validate apt plugin install - dense version
11:33:01 INFO  ==============================================================
11:33:02 INFO  Testing the apt plugin is not supported on this platform.To run the tests call PySys with -XmyPlatform='container' ... skipped
11:33:02 WARN  Aborted test due to SKIPPED outcome
11:33:02 INFO  
11:33:02 INFO  Test duration: 0.02 secs
11:33:02 INFO  Test final outcome:  SKIPPED
11:33:02 INFO  Test outcome reason: Testing the apt plugin is not supported on this platform.To run the tests call PySys with -XmyPlatform='container'
11:33:02 INFO  
</system-out>
	</testcase>
</testsuite>
