<?xml version="1.0" encoding="utf-8"?>
<testsuite name="log_request_error_messages" tests="1" failures="0" skipped="1" time="1.41" timestamp="2022-05-10T19:27:09">
	<testcase classname="LogRequestVerifySearchTextError" name="log_request_error_messages">
		<skipped message="SKIPPED: Test execution disabled due to #1123"/>
		<system-out>19:27:08 INFO  ==============================================================
19:27:08 INFO  Id:    log_request_error_messages
19:27:08 INFO  Dir:   log_request_end_to_end/
19:27:08 INFO  Title: Validate end to end behaviour for the log request operation check for error messages
19:27:08 INFO  ==============================================================
19:27:09 INFO  Test execution disabled due to #1123 ... skipped
19:27:09 INFO  
19:27:09 INFO  Test duration: 1.41 secs
19:27:09 INFO  Test final outcome:  SKIPPED
19:27:09 INFO  Test outcome reason: Test execution disabled due to #1123
19:27:09 INFO  
</system-out>
	</testcase>
</testsuite>
