<?xml version="1.0" encoding="utf-8"?>
<testsuite name="custom_init_system" tests="1" failures="0" skipped="0" time="29.11" timestamp="2022-05-11T11:31:49">
	<testcase classname="CustomInitSystem" name="custom_init_system"/>
</testsuite>
