<?xml version="1.0" encoding="utf-8"?>
<testsuite name="valid_device_id" tests="1" failures="0" skipped="0" time="40.5" timestamp="2022-05-04T07:59:52">
	<testcase classname="ValidateValidDeviceId" name="valid_device_id"/>
</testsuite>
