<?xml version="1.0" encoding="utf-8"?>
<testsuite name="SoftwareManagement.sm_docker_install_remove_multiple" tests="1" failures="0" skipped="1" time="0.03" timestamp="2022-05-30T09:19:08">
	<testcase classname="SMDockerInstallRemove" name="SoftwareManagement.sm_docker_install_remove_multiple">
		<skipped message="SKIPPED: Testing the apt plugin is not supported on this platform.Use parameter -XmyPlatform='container' to enable it"/>
		<system-out>09:19:08 INFO  ==============================================================
09:19:08 INFO  Id:    SoftwareManagement.sm_docker_install_remove_multiple
09:19:08 INFO  Dir:   software_management_end_to_end/
09:19:08 INFO  Title: Validate end to end behaviour for the docker plugin for multiple docker images with mixed versions
09:19:08 INFO  ==============================================================
09:19:08 INFO  Testing the apt plugin is not supported on this platform.Use parameter -XmyPlatform='container' to enable it ... skipped
09:19:08 WARN  Aborted test due to SKIPPED outcome
09:19:08 INFO  
09:19:08 INFO  Test duration: 0.03 secs
09:19:08 INFO  Test final outcome:  SKIPPED
09:19:08 INFO  Test outcome reason: Testing the apt plugin is not supported on this platform.Use parameter -XmyPlatform='container' to enable it
09:19:08 INFO  
</system-out>
	</testcase>
</testsuite>
