<?xml version="1.0" encoding="utf-8"?>
<testsuite name="SoftwareManagement.Plugin.apama_plugin_update" tests="1" failures="0" skipped="1" time="0.03" timestamp="2022-05-03T07:54:14">
	<testcase classname="ApamaPluginUpdateTest" name="SoftwareManagement.Plugin.apama_plugin_update">
		<skipped message="SKIPPED: Apama plugin tests are disabled by default. Execute `pysys run` with `-XmyPlatform=container` to run these tests"/>
		<system-out>07:54:14 INFO  ==============================================================
07:54:14 INFO  Id:    SoftwareManagement.Plugin.apama_plugin_update
07:54:14 INFO  Dir:   plugin_apama/
07:54:14 INFO  Title: Validate apama plugin updating one project with another
07:54:14 INFO  ==============================================================
07:54:14 INFO  Apama plugin tests are disabled by default. Execute `pysys run` with `-XmyPlatform=container` to run these tests ... skipped
07:54:14 WARN  Aborted test due to SKIPPED outcome
07:54:14 INFO  
07:54:14 INFO  Test duration: 0.03 secs
07:54:14 INFO  Test final outcome:  SKIPPED
07:54:14 INFO  Test outcome reason: Apama plugin tests are disabled by default. Execute `pysys run` with `-XmyPlatform=container` to run these tests
07:54:14 INFO  
</system-out>
	</testcase>
</testsuite>
