<?xml version="1.0" encoding="utf-8"?>
<testsuite name="SoftwareManagement.Plugin.apama_plugin_remove" tests="1" failures="0" skipped="1" time="0.02" timestamp="2022-05-11T11:32:58">
	<testcase classname="ApamaPluginRemoveTest" name="SoftwareManagement.Plugin.apama_plugin_remove">
		<skipped message="SKIPPED: Apama plugin tests are disabled by default. Execute `pysys run` with `-XmyPlatform=container` to run these tests"/>
		<system-out>11:32:58 INFO  ==============================================================
11:32:58 INFO  Id:    SoftwareManagement.Plugin.apama_plugin_remove
11:32:58 INFO  Dir:   plugin_apama/
11:32:58 INFO  Title: Validate apama plugin remove
11:32:58 INFO  ==============================================================
11:32:58 INFO  Apama plugin tests are disabled by default. Execute `pysys run` with `-XmyPlatform=container` to run these tests ... skipped
11:32:58 WARN  Aborted test due to SKIPPED outcome
11:32:58 INFO  
11:32:58 INFO  Test duration: 0.02 secs
11:32:58 INFO  Test final outcome:  SKIPPED
11:32:58 INFO  Test outcome reason: Apama plugin tests are disabled by default. Execute `pysys run` with `-XmyPlatform=container` to run these tests
11:32:58 INFO  
</system-out>
	</testcase>
</testsuite>
