<?xml version="1.0" encoding="utf-8"?>
<testsuite name="mqtt_port_change_connection_works" tests="1" failures="0" skipped="1" time="0.04" timestamp="2022-05-09T06:55:33">
	<testcase classname="MqttPortChangeConnectionWorks" name="mqtt_port_change_connection_works">
		<skipped message="SKIPPED: failing intermitently"/>
		<system-out>06:55:33 INFO  ==============================================================
06:55:33 INFO  Id:    mqtt_port_change_connection_works
06:55:33 INFO  Dir:   misc_features/
06:55:33 INFO  Title: mqtt port change connection works for all the thin-edge services that use the mosquitto broker
06:55:33 INFO  ==============================================================
06:55:33 INFO  failing intermitently ... skipped
06:55:33 INFO  
06:55:33 INFO  Test duration: 0.04 secs
06:55:33 INFO  Test final outcome:  SKIPPED
06:55:33 INFO  Test outcome reason: failing intermitently
06:55:33 INFO  
</system-out>
	</testcase>
</testsuite>
