<?xml version="1.0" encoding="utf-8"?>
<testsuite name="smoketest_json_400_samples_20ms" tests="1" failures="0" skipped="0" time="62.03" timestamp="2022-05-16T07:28:16">
	<testcase classname="SmoketestJson400Samples20ms" name="smoketest_json_400_samples_20ms"/>
</testsuite>
