<?xml version="1.0" encoding="utf-8"?>
<testsuite name="docker_plugin_remove_with_version" tests="1" failures="0" skipped="1" time="0.02" timestamp="2022-05-10T13:11:43">
	<testcase classname="DockerPluginRemoveWithVersionTest" name="docker_plugin_remove_with_version">
		<skipped message="SKIPPED: Testing the docker plugin is not supported on this platform.To run it, all the test with -XmyPlatform='container'"/>
		<system-out>13:11:43 INFO  ==============================================================
13:11:43 INFO  Id:    docker_plugin_remove_with_version
13:11:43 INFO  Dir:   plugin_docker/
13:11:43 INFO  Title: Validate docker plugin remove with version
13:11:43 INFO  ==============================================================
13:11:43 INFO  Testing the docker plugin is not supported on this platform.To run it, all the test with -XmyPlatform='container' ... skipped
13:11:43 WARN  Aborted test due to SKIPPED outcome
13:11:44 INFO  
13:11:44 INFO  Test duration: 0.02 secs
13:11:44 INFO  Test final outcome:  SKIPPED
13:11:44 INFO  Test outcome reason: Testing the docker plugin is not supported on this platform.To run it, all the test with -XmyPlatform='container'
13:11:44 INFO  
</system-out>
	</testcase>
</testsuite>
