<?xml version="1.0" encoding="utf-8"?>
<testsuite name="apt_remove" tests="1" failures="0" skipped="1" time="0.02" timestamp="2022-05-03T07:54:18">
	<testcase classname="AptPluginRemoveDense" name="apt_remove">
		<skipped message="SKIPPED: Testing the apt plugin is not supported on this platform.To run the tests call PySys with -XmyPlatform='container'"/>
		<system-out>07:54:18 INFO  ==============================================================
07:54:18 INFO  Id:    apt_remove
07:54:18 INFO  Dir:   plugin_apt/
07:54:18 INFO  Title: Validate apt plugin prepare - dense version
07:54:18 INFO  ==============================================================
07:54:18 INFO  Testing the apt plugin is not supported on this platform.To run the tests call PySys with -XmyPlatform='container' ... skipped
07:54:18 WARN  Aborted test due to SKIPPED outcome
07:54:18 INFO  
07:54:18 INFO  Test duration: 0.02 secs
07:54:18 INFO  Test final outcome:  SKIPPED
07:54:18 INFO  Test outcome reason: Testing the apt plugin is not supported on this platform.To run the tests call PySys with -XmyPlatform='container'
07:54:18 INFO  
</system-out>
	</testcase>
</testsuite>
