<?xml version="1.0" encoding="utf-8"?>
<testsuite name="monitoring_with_collectd" tests="1" failures="0" skipped="1" time="0.02" timestamp="2022-05-09T06:56:36">
	<testcase classname="MonitoringWithCollectd" name="monitoring_with_collectd">
		<skipped message="SKIPPED: Test execution disabled due to #792 (instable)"/>
		<system-out>06:56:36 INFO  ==============================================================
06:56:36 INFO  Id:    monitoring_with_collectd
06:56:36 INFO  Dir:   monitoring/
06:56:36 INFO  Title: Validate tedge dm agent messages that are produced by batching the collectd messages
06:56:36 INFO  ==============================================================
06:56:36 INFO  Test execution disabled due to #792 (instable) ... skipped
06:56:36 INFO  
06:56:36 INFO  Test duration: 0.02 secs
06:56:36 INFO  Test final outcome:  SKIPPED
06:56:36 INFO  Test outcome reason: Test execution disabled due to #792 (instable)
06:56:36 INFO  
</system-out>
	</testcase>
</testsuite>
