<?xml version="1.0" encoding="utf-8"?>
<testsuite name="tedge_software_update" tests="1" failures="0" skipped="0" time="31.86" timestamp="2022-05-30T09:20:09">
	<testcase classname="PySysTest" name="tedge_software_update"/>
</testsuite>
