<?xml version="1.0" encoding="utf-8"?>
<testsuite name="docker_plugin_install_with_version" tests="1" failures="0" skipped="1" time="0.11" timestamp="2022-05-30T09:08:54">
	<testcase classname="DockerPluginInstallWithVersionTest" name="docker_plugin_install_with_version">
		<skipped message="SKIPPED: Testing the docker plugin is not supported on this platform.To run it, all the test with -XmyPlatform='container'"/>
		<system-out>09:08:54 INFO  ==============================================================
09:08:54 INFO  Id:    docker_plugin_install_with_version
09:08:54 INFO  Dir:   plugin_docker/
09:08:54 INFO  Title: Validate docker plugin install
09:08:54 INFO  ==============================================================
09:08:54 INFO  Testing the docker plugin is not supported on this platform.To run it, all the test with -XmyPlatform='container' ... skipped
09:08:54 WARN  Aborted test due to SKIPPED outcome
09:08:54 INFO  
09:08:54 INFO  Test duration: 0.11 secs
09:08:54 INFO  Test final outcome:  SKIPPED
09:08:54 INFO  Test outcome reason: Testing the docker plugin is not supported on this platform.To run it, all the test with -XmyPlatform='container'
09:08:54 INFO  
</system-out>
	</testcase>
</testsuite>
