<?xml version="1.0" encoding="utf-8"?>
<testsuite name="pysys_fail" tests="1" failures="0" skipped="1" time="0.01" timestamp="2022-05-30T09:08:14">
	<testcase classname="Fail" name="pysys_fail">
		<skipped message="SKIPPED: Enable this to observe a failing test"/>
		<system-out>09:08:14 INFO  ==============================================================
09:08:14 INFO  Id:    pysys_fail
09:08:14 INFO  Dir:   misc_features/
09:08:14 INFO  Title: fail
09:08:14 INFO  ==============================================================
09:08:14 INFO  Enable this to observe a failing test ... skipped
09:08:14 INFO  
09:08:14 INFO  Test duration: 0.01 secs
09:08:14 INFO  Test final outcome:  SKIPPED
09:08:14 INFO  Test outcome reason: Enable this to observe a failing test
09:08:14 INFO  
</system-out>
	</testcase>
</testsuite>
