<?xml version="1.0" encoding="utf-8"?>
<testsuite name="tedge_mapper_c8y_child_device_measurement" tests="1" failures="0" skipped="0" time="36.67" timestamp="2022-05-03T08:10:23">
	<testcase classname="TedgeMapperC8yChildDevice" name="tedge_mapper_c8y_child_device_measurement"/>
</testsuite>
