<?xml version="1.0" encoding="utf-8"?>
<testsuite failures="0" name="docker_plugin_update" skipped="0" tests="1" time="64.97" timestamp="2022-05-16T08:19:29">
	<testcase classname="DockerPluginUpdateTest" name="docker_plugin_update"/>
</testsuite>
