<?xml version="1.0" encoding="utf-8"?>
<testsuite failures="1" name="SoftwareManagement.sm_docker_install_remove_multiple" skipped="0" tests="1" time="41.25" timestamp="2022-04-21T14:35:26">
	<testcase classname="SMDockerInstallRemove" name="SoftwareManagement.sm_docker_install_remove_multiple">
		<failure message="BLOCKED: SystemError: The operation has failed" type="BLOCKED"/>
		<system-out>14:34:45 INFO  ==============================================================
14:34:45 INFO  Id:    SoftwareManagement.sm_docker_install_remove_multiple
14:34:45 INFO  Dir:   software_management_end_to_end/
14:34:45 INFO  Title: Validate end to end behaviour for the docker plugin for multiple docker images with mixed versions
14:34:45 INFO  ==============================================================
14:34:47 INFO  Using sw id database: {'asciijump': '5475369', 'robotfindskitten': '5474869', 'squirrel3': '5475279', 'rolldice': '5152439', 'moon-buggy': '5439204', 'apple': '5495053', 'banana': '5494888', 'cherry': '5495382', 'watermelon': '5494510', 'registry': '8018911', 'hello-world': '8021526', 'docker/getting-started': '8021973', 'alpine': '7991792'}
14:34:47 INFO  EnvironmentC8y Setup
14:34:48 INFO  Executed systemctl&lt;serv_mapper1&gt;, exit status 3
14:35:03 INFO  Executed sudo&lt;tedge_connect_c8y&gt;, exit status 0, duration 15 secs
14:35:04 INFO  Executed sudo&lt;tedge_connect_c8y_test&gt;, exit status 0
14:35:04 INFO  Executed systemctl&lt;serv_mosq2&gt;, exit status 0
14:35:05 INFO  Executed systemctl&lt;serv_mapper3&gt;, exit status 0
14:35:08 INFO  State of current operation: SUCCESSFUL
14:35:08 INFO  Response status: 201
14:35:08 INFO  Response to action: {
    &quot;creationTime&quot;: &quot;2022-04-21T14:35:08.338Z&quot;,
    &quot;deviceName&quot;: &quot;mythica&quot;,
    &quot;deviceId&quot;: &quot;17556832&quot;,
    &quot;self&quot;: &quot;https://t493319102.eu-latest.cumulocity.com/devicecontrol/operations/17588771&quot;,
    &quot;id&quot;: &quot;17588771&quot;,
    &quot;status&quot;: &quot;PENDING&quot;,
    &quot;description&quot;: &quot;Apply software changes, triggered from PySys: [{'action': 'install', 'id': '8021526', 'name': 'hello-world', 'url': '', 'version': '::docker'}, {'action': 'install', 'id': '8018911', 'name': 'registry', 'url': '', 'version': '2.6.2::docker'}]&quot;,
    &quot;c8y_SoftwareUpdate&quot;: [
        {
            &quot;name&quot;: &quot;hello-world&quot;,
            &quot;action&quot;: &quot;install&quot;,
            &quot;id&quot;: &quot;8021526&quot;,
            &quot;version&quot;: &quot;::docker&quot;,
            &quot;url&quot;: &quot;&quot;
        },
        {
            &quot;name&quot;: &quot;registry&quot;,
            &quot;action&quot;: &quot;install&quot;,
            &quot;id&quot;: &quot;8018911&quot;,
            &quot;version&quot;: &quot;2.6.2::docker&quot;,
            &quot;url&quot;: &quot;&quot;
        }
    ]
}
14:35:08 INFO  Started operation: {'creationTime': '2022-04-21T14:35:08.338Z', 'deviceName': 'mythica', 'deviceId': '17556832', 'self': 'https://t493319102.eu-latest.cumulocity.com/devicecontrol/operations/17588771', 'id': '17588771', 'status': 'PENDING', 'description': &quot;Apply software changes, triggered from PySys: [{'action': 'install', 'id': '8021526', 'name': 'hello-world', 'url': '', 'version': '::docker'}, {'action': 'install', 'id': '8018911', 'name': 'registry', 'url': '', 'version': '2.6.2::docker'}]&quot;, 'c8y_SoftwareUpdate': [{'name': 'hello-world', 'action': 'install', 'id': '8021526', 'version': '::docker', 'url': ''}, {'name': 'registry', 'action': 'install', 'id': '8018911', 'version': '2.6.2::docker', 'url': ''}]}
14:35:10 INFO  State of operation 17588771 : PENDING
14:35:12 INFO  State of operation 17588771 : EXECUTING
14:35:15 INFO  State of operation 17588771 : EXECUTING
14:35:17 INFO  State of operation 17588771 : EXECUTING
14:35:19 INFO  State of operation 17588771 : EXECUTING
14:35:21 INFO  State of operation 17588771 : FAILED
14:35:21 ERROR Stopping as the operation has failed
14:35:21 WARN  SystemError occurred while running test - The operation has failed
Traceback (most recent call last):
  File &quot;/home/pi/env-pysys/lib/python3.7/site-packages/pysys/baserunner.py&quot;, line 1292, in __call__
    self.testObj.setup()
  File &quot;/home/pi/actions-runner/_work/thin-edge.io/thin-edge.io/tests/PySys/software_management_end_to_end/sm_docker_install_remove_multiple/run.py&quot;, line 55, in setup
    self.wait_until_succcess()
  File &quot;/home/pi/actions-runner/_work/thin-edge.io/thin-edge.io/tests/PySys/software_management_end_to_end/environment_sm_management.py&quot;, line 324, in wait_until_succcess
    self.wait_until_status(&quot;SUCCESSFUL&quot;)
  File &quot;/home/pi/actions-runner/_work/thin-edge.io/thin-edge.io/tests/PySys/software_management_end_to_end/environment_sm_management.py&quot;, line 361, in wait_until_status
    raise SystemError(&quot;The operation has failed&quot;)
SystemError: The operation has failed
14:35:21 WARN  SystemError: The operation has failed ... blocked 
14:35:21 INFO  
14:35:21 INFO  cleanup:
14:35:25 INFO  Executed sudo&lt;tedge_disconnect_c8y&gt;, exit status 0
14:35:26 INFO  Executed systemctl&lt;serv_mapper5&gt;, exit status 3
14:35:26 INFO  
14:35:26 INFO  Test duration: 41.25 secs
14:35:26 INFO  Test final outcome:  BLOCKED
14:35:26 INFO  Test outcome reason: SystemError: The operation has failed
14:35:26 INFO  
</system-out>
	</testcase>
</testsuite>
