<?xml version="1.0" encoding="utf-8"?>
<testsuite failures="1" name="SoftwareManagement.sm_docker_install_remove_multiple" skipped="0" tests="1" time="112.83" timestamp="2022-04-28T16:26:22">
	<testcase classname="SMDockerInstallRemove" name="SoftwareManagement.sm_docker_install_remove_multiple">
		<failure message="BLOCKED: SystemError: The operation has failed" type="BLOCKED"/>
		<system-out>16:24:29 INFO  ==============================================================
16:24:29 INFO  Id:    SoftwareManagement.sm_docker_install_remove_multiple
16:24:29 INFO  Dir:   software_management_end_to_end/
16:24:29 INFO  Title: Validate end to end behaviour for the docker plugin for multiple docker images with mixed versions
16:24:29 INFO  ==============================================================
16:24:31 INFO  Using sw id database: {'asciijump': '5475369', 'robotfindskitten': '5474869', 'squirrel3': '5475279', 'rolldice': '5152439', 'moon-buggy': '5439204', 'apple': '5495053', 'banana': '5494888', 'cherry': '5495382', 'watermelon': '5494510', 'registry': '8018911', 'hello-world': '8021526', 'docker/getting-started': '8021973', 'alpine': '7991792'}
16:24:31 INFO  EnvironmentC8y Setup
16:24:32 INFO  Executed systemctl&lt;serv_mapper1&gt;, exit status 3
16:24:49 INFO  Executed sudo&lt;tedge_connect_c8y&gt;, exit status 0, duration 16 secs
16:24:50 INFO  Executed sudo&lt;tedge_connect_c8y_test&gt;, exit status 0
16:24:51 INFO  Executed systemctl&lt;serv_mosq2&gt;, exit status 0
16:24:51 INFO  Executed systemctl&lt;serv_mapper3&gt;, exit status 0
16:24:53 INFO  State of current operation: SUCCESSFUL
16:24:54 INFO  Response status: 201
16:24:54 INFO  Response to action: {
    &quot;creationTime&quot;: &quot;2022-04-28T16:24:53.967Z&quot;,
    &quot;deviceName&quot;: &quot;mythica&quot;,
    &quot;deviceId&quot;: &quot;17915176&quot;,
    &quot;self&quot;: &quot;https://t493319102.eu-latest.cumulocity.com/devicecontrol/operations/17923474&quot;,
    &quot;id&quot;: &quot;17923474&quot;,
    &quot;status&quot;: &quot;PENDING&quot;,
    &quot;description&quot;: &quot;Apply software changes, triggered from PySys: [{'action': 'install', 'id': '8021526', 'name': 'hello-world', 'url': '', 'version': '::docker'}, {'action': 'install', 'id': '8018911', 'name': 'registry', 'url': '', 'version': '2.6.2::docker'}]&quot;,
    &quot;c8y_SoftwareUpdate&quot;: [
        {
            &quot;name&quot;: &quot;hello-world&quot;,
            &quot;action&quot;: &quot;install&quot;,
            &quot;id&quot;: &quot;8021526&quot;,
            &quot;version&quot;: &quot;::docker&quot;,
            &quot;url&quot;: &quot;&quot;
        },
        {
            &quot;name&quot;: &quot;registry&quot;,
            &quot;action&quot;: &quot;install&quot;,
            &quot;id&quot;: &quot;8018911&quot;,
            &quot;version&quot;: &quot;2.6.2::docker&quot;,
            &quot;url&quot;: &quot;&quot;
        }
    ]
}
16:24:54 INFO  Started operation: {'creationTime': '2022-04-28T16:24:53.967Z', 'deviceName': 'mythica', 'deviceId': '17915176', 'self': 'https://t493319102.eu-latest.cumulocity.com/devicecontrol/operations/17923474', 'id': '17923474', 'status': 'PENDING', 'description': &quot;Apply software changes, triggered from PySys: [{'action': 'install', 'id': '8021526', 'name': 'hello-world', 'url': '', 'version': '::docker'}, {'action': 'install', 'id': '8018911', 'name': 'registry', 'url': '', 'version': '2.6.2::docker'}]&quot;, 'c8y_SoftwareUpdate': [{'name': 'hello-world', 'action': 'install', 'id': '8021526', 'version': '::docker', 'url': ''}, {'name': 'registry', 'action': 'install', 'id': '8018911', 'version': '2.6.2::docker', 'url': ''}]}
16:24:56 INFO  State of operation 17923474 : PENDING
16:24:58 INFO  State of operation 17923474 : EXECUTING
16:25:00 INFO  State of operation 17923474 : EXECUTING
16:25:02 INFO  State of operation 17923474 : EXECUTING
16:25:05 INFO  State of operation 17923474 : EXECUTING
16:25:07 INFO  State of operation 17923474 : EXECUTING
16:25:09 INFO  State of operation 17923474 : EXECUTING
16:25:12 INFO  State of operation 17923474 : EXECUTING
16:25:14 INFO  State of operation 17923474 : EXECUTING
16:25:16 INFO  State of operation 17923474 : EXECUTING
16:25:19 INFO  State of operation 17923474 : EXECUTING
16:25:22 INFO  State of operation 17923474 : EXECUTING
16:25:24 INFO  State of operation 17923474 : EXECUTING
16:25:26 INFO  State of operation 17923474 : EXECUTING
16:25:28 INFO  State of operation 17923474 : EXECUTING
16:25:31 INFO  State of operation 17923474 : EXECUTING
16:25:33 INFO  State of operation 17923474 : SUCCESSFUL
16:25:34 INFO  Package hello-world is installed
16:25:34 INFO  Package hello-world is installed
16:25:34 INFO  Assert that (True == value) with value=True ... passed
16:25:34 INFO  Package registry is installed
16:25:34 INFO  Assert that (True == value) with value=True ... passed
16:25:35 INFO  Assert that (False == value) with value=False ... passed
16:25:35 INFO  Response status: 201
16:25:35 INFO  Response to action: {
    &quot;creationTime&quot;: &quot;2022-04-28T16:25:35.401Z&quot;,
    &quot;deviceName&quot;: &quot;mythica&quot;,
    &quot;deviceId&quot;: &quot;17915176&quot;,
    &quot;self&quot;: &quot;https://t493319102.eu-latest.cumulocity.com/devicecontrol/operations/17923486&quot;,
    &quot;id&quot;: &quot;17923486&quot;,
    &quot;status&quot;: &quot;PENDING&quot;,
    &quot;description&quot;: &quot;Apply software changes, triggered from PySys: [{'action': 'install', 'id': '8018911', 'name': 'registry', 'url': '', 'version': '2.7.1::docker'}, {'action': 'install', 'id': '7991792', 'name': 'alpine', 'url': '', 'version': '::docker'}]&quot;,
    &quot;c8y_SoftwareUpdate&quot;: [
        {
            &quot;name&quot;: &quot;registry&quot;,
            &quot;action&quot;: &quot;install&quot;,
            &quot;id&quot;: &quot;8018911&quot;,
            &quot;version&quot;: &quot;2.7.1::docker&quot;,
            &quot;url&quot;: &quot;&quot;
        },
        {
            &quot;name&quot;: &quot;alpine&quot;,
            &quot;action&quot;: &quot;install&quot;,
            &quot;id&quot;: &quot;7991792&quot;,
            &quot;version&quot;: &quot;::docker&quot;,
            &quot;url&quot;: &quot;&quot;
        }
    ]
}
16:25:35 INFO  Started operation: {'creationTime': '2022-04-28T16:25:35.401Z', 'deviceName': 'mythica', 'deviceId': '17915176', 'self': 'https://t493319102.eu-latest.cumulocity.com/devicecontrol/operations/17923486', 'id': '17923486', 'status': 'PENDING', 'description': &quot;Apply software changes, triggered from PySys: [{'action': 'install', 'id': '8018911', 'name': 'registry', 'url': '', 'version': '2.7.1::docker'}, {'action': 'install', 'id': '7991792', 'name': 'alpine', 'url': '', 'version': '::docker'}]&quot;, 'c8y_SoftwareUpdate': [{'name': 'registry', 'action': 'install', 'id': '8018911', 'version': '2.7.1::docker', 'url': ''}, {'name': 'alpine', 'action': 'install', 'id': '7991792', 'version': '::docker', 'url': ''}]}
16:25:37 INFO  State of operation 17923486 : PENDING
16:25:39 INFO  State of operation 17923486 : EXECUTING
16:25:42 INFO  State of operation 17923486 : EXECUTING
16:25:44 INFO  State of operation 17923486 : EXECUTING
16:25:46 INFO  State of operation 17923486 : EXECUTING
16:25:48 INFO  State of operation 17923486 : EXECUTING
16:25:51 INFO  State of operation 17923486 : EXECUTING
16:25:53 INFO  State of operation 17923486 : FAILED
16:25:53 ERROR Stopping as the operation has failed
16:25:53 WARN  SystemError occurred while running test - The operation has failed
Traceback (most recent call last):
  File &quot;/home/pi/env-pysys/lib/python3.7/site-packages/pysys/baserunner.py&quot;, line 1294, in __call__
    self.testObj.execute()
  File &quot;/home/pi/actions-runner/_work/thin-edge.io/thin-edge.io/tests/PySys/software_management_end_to_end/sm_docker_install_remove_multiple/run.py&quot;, line 91, in execute
    self.wait_until_succcess()
  File &quot;/home/pi/actions-runner/_work/thin-edge.io/thin-edge.io/tests/PySys/software_management_end_to_end/environment_sm_management.py&quot;, line 324, in wait_until_succcess
    self.wait_until_status(&quot;SUCCESSFUL&quot;)
  File &quot;/home/pi/actions-runner/_work/thin-edge.io/thin-edge.io/tests/PySys/software_management_end_to_end/environment_sm_management.py&quot;, line 361, in wait_until_status
    raise SystemError(&quot;The operation has failed&quot;)
SystemError: The operation has failed
16:25:53 WARN  SystemError: The operation has failed ... blocked 
16:25:53 INFO  
16:25:53 INFO  cleanup:
16:25:54 INFO  Response status: 201
16:25:54 INFO  Response to action: {
    &quot;creationTime&quot;: &quot;2022-04-28T16:25:54.168Z&quot;,
    &quot;deviceName&quot;: &quot;mythica&quot;,
    &quot;deviceId&quot;: &quot;17915176&quot;,
    &quot;self&quot;: &quot;https://t493319102.eu-latest.cumulocity.com/devicecontrol/operations/17923498&quot;,
    &quot;id&quot;: &quot;17923498&quot;,
    &quot;status&quot;: &quot;PENDING&quot;,
    &quot;description&quot;: &quot;Apply software changes, triggered from PySys: [{'action': 'delete', 'id': '8018911', 'name': 'registry', 'url': '', 'version': '2.7.1::docker'}, {'action': 'delete', 'id': '7991792', 'name': 'alpine', 'url': '', 'version': '::docker'}, {'action': 'delete', 'id': '8021526', 'name': 'hello-world', 'url': '', 'version': '::docker'}]&quot;,
    &quot;c8y_SoftwareUpdate&quot;: [
        {
            &quot;name&quot;: &quot;registry&quot;,
            &quot;action&quot;: &quot;delete&quot;,
            &quot;id&quot;: &quot;8018911&quot;,
            &quot;version&quot;: &quot;2.7.1::docker&quot;,
            &quot;url&quot;: &quot;&quot;
        },
        {
            &quot;name&quot;: &quot;alpine&quot;,
            &quot;action&quot;: &quot;delete&quot;,
            &quot;id&quot;: &quot;7991792&quot;,
            &quot;version&quot;: &quot;::docker&quot;,
            &quot;url&quot;: &quot;&quot;
        },
        {
            &quot;name&quot;: &quot;hello-world&quot;,
            &quot;action&quot;: &quot;delete&quot;,
            &quot;id&quot;: &quot;8021526&quot;,
            &quot;version&quot;: &quot;::docker&quot;,
            &quot;url&quot;: &quot;&quot;
        }
    ]
}
16:25:54 INFO  Started operation: {'creationTime': '2022-04-28T16:25:54.168Z', 'deviceName': 'mythica', 'deviceId': '17915176', 'self': 'https://t493319102.eu-latest.cumulocity.com/devicecontrol/operations/17923498', 'id': '17923498', 'status': 'PENDING', 'description': &quot;Apply software changes, triggered from PySys: [{'action': 'delete', 'id': '8018911', 'name': 'registry', 'url': '', 'version': '2.7.1::docker'}, {'action': 'delete', 'id': '7991792', 'name': 'alpine', 'url': '', 'version': '::docker'}, {'action': 'delete', 'id': '8021526', 'name': 'hello-world', 'url': '', 'version': '::docker'}]&quot;, 'c8y_SoftwareUpdate': [{'name': 'registry', 'action': 'delete', 'id': '8018911', 'version': '2.7.1::docker', 'url': ''}, {'name': 'alpine', 'action': 'delete', 'id': '7991792', 'version': '::docker', 'url': ''}, {'name': 'hello-world', 'action': 'delete', 'id': '8021526', 'version': '::docker', 'url': ''}]}
16:25:56 INFO  State of operation 17923498 : PENDING
16:25:58 INFO  State of operation 17923498 : EXECUTING
16:26:01 INFO  State of operation 17923498 : EXECUTING
16:26:03 INFO  State of operation 17923498 : EXECUTING
16:26:05 INFO  State of operation 17923498 : SUCCESSFUL
16:26:16 INFO  Assert that (False == value) with value=False ... passed
16:26:17 INFO  Assert that (False == value) with value=False ... passed
16:26:17 INFO  Assert that (False == value) with value=False ... passed
16:26:21 INFO  Executed sudo&lt;tedge_disconnect_c8y&gt;, exit status 0
16:26:22 INFO  Executed systemctl&lt;serv_mapper5&gt;, exit status 3
16:26:22 INFO  
16:26:22 INFO  Test duration: 112.83 secs
16:26:22 INFO  Test final outcome:  BLOCKED
16:26:22 INFO  Test outcome reason: SystemError: The operation has failed
16:26:22 INFO  
</system-out>
	</testcase>
</testsuite>
