<?xml version="1.0" encoding="utf-8"?>
<testsuite failures="1" name="docker_plugin_remove_with_version" skipped="0" tests="1" time="4.66" timestamp="2022-05-02T16:01:06">
	<testcase classname="DockerPluginRemoveWithVersionTest" name="docker_plugin_remove_with_version">
		<failure message="BLOCKED: sudo&lt;docker_run&gt; returned non-zero exit code 125" type="BLOCKED"/>
		<system-out>16:01:02 INFO  ==============================================================
16:01:02 INFO  Id:    docker_plugin_remove_with_version
16:01:02 INFO  Dir:   plugin_docker/
16:01:02 INFO  Title: Validate docker plugin remove with version
16:01:02 INFO  ==============================================================
16:01:02 INFO  Executed sudo&lt;docker_images&gt;, exit status 0
16:01:02 INFO  Grep on file /home/pi/actions-runner/_work/thin-edge.io/thin-edge.io/tests/PySys/plugin_docker/docker_plugin_remove_with_version/Output/linux/docker_images.out ... passed
16:01:05 WARN  Executed sudo&lt;docker_run&gt;, exit status 125
16:01:05 INFO  Contents of docker_run.err: 
  Unable to find image 'registry:2.7.1' locally
  docker: Error response from daemon: toomanyrequests: You have reached your pull rate limit. You may increase the limit by authenticating and upgrading: https://www.docker.com/increase-rate-limit.
  See 'docker run --help'.
  -----

16:01:05 WARN  sudo&lt;docker_run&gt; returned non-zero exit code 125 ... blocked 
16:01:05 WARN  Aborted test due to BLOCKED outcome
16:01:05 INFO  
16:01:05 INFO  cleanup:
16:01:05 INFO  Removing containers scheduled to be cleaned up: ['', '']
16:01:05 WARN  Executed sudo&lt;containers_for_cleanup&gt;, exit status 1
16:01:05 INFO  Removing images scheduled to be cleaned up: ['registry', 'registry:2.7.1']
16:01:06 INFO  Executed sudo&lt;containers_for_cleanup&gt;, exit status 0
16:01:06 INFO  
16:01:06 INFO  Test duration: 4.66 secs
16:01:06 INFO  Test final outcome:  BLOCKED
16:01:06 INFO  Test outcome reason: sudo&lt;docker_run&gt; returned non-zero exit code 125
16:01:06 INFO  
</system-out>
	</testcase>
</testsuite>
