<?xml version="1.0" encoding="utf-8"?>
<testsuite failures="0" name="docker_plugin_update" skipped="0" tests="1" time="66.22" timestamp="2022-05-23T10:11:16">
	<testcase classname="DockerPluginUpdateTest" name="docker_plugin_update"/>
</testsuite>
