<?xml version="1.0" encoding="utf-8"?>
<testsuite failures="0" name="docker_plugin_update" skipped="0" tests="1" time="65.12" timestamp="2022-04-27T15:19:04">
	<testcase classname="DockerPluginUpdateTest" name="docker_plugin_update"/>
</testsuite>
