<?xml version="1.0" encoding="utf-8"?>
<testsuite failures="1" name="docker_plugin_update" skipped="0" tests="1" time="4.66" timestamp="2022-04-21T14:34:42">
	<testcase classname="DockerPluginUpdateTest" name="docker_plugin_update">
		<failure message="BLOCKED: sudo&lt;docker_run&gt; returned non-zero exit code 125" type="BLOCKED"/>
		<system-out>14:34:38 INFO  ==============================================================
14:34:38 INFO  Id:    docker_plugin_update
14:34:38 INFO  Dir:   plugin_docker/
14:34:38 INFO  Title: Validate docker plugin install updates existing containers
14:34:38 INFO  ==============================================================
14:34:38 INFO  Executed sudo&lt;docker_images&gt;, exit status 0
14:34:39 INFO  Grep on file /home/pi/actions-runner/_work/thin-edge.io/thin-edge.io/tests/PySys/plugin_docker/docker_plugin_update/Output/linux/docker_images.out ... passed
14:34:41 WARN  Executed sudo&lt;docker_run&gt;, exit status 125
14:34:41 INFO  Contents of docker_run.err: 
  Unable to find image 'registry:2.6.2' locally
  docker: Error response from daemon: toomanyrequests: You have reached your pull rate limit. You may increase the limit by authenticating and upgrading: https://www.docker.com/increase-rate-limit.
  See 'docker run --help'.
  -----

14:34:41 WARN  sudo&lt;docker_run&gt; returned non-zero exit code 125 ... blocked 
14:34:41 WARN  Aborted test due to BLOCKED outcome
14:34:41 INFO  
14:34:41 INFO  cleanup:
14:34:41 INFO  Removing containers scheduled to be cleaned up: ['ed62a48ea166', '']
14:34:42 WARN  Executed sudo&lt;containers_for_cleanup&gt;, exit status 1
14:34:42 INFO  Removing images scheduled to be cleaned up: ['registry', 'registry', 'registry:2.7.1']
14:34:42 INFO  Executed sudo&lt;containers_for_cleanup&gt;, exit status 0
14:34:42 INFO  
14:34:42 INFO  Test duration: 4.66 secs
14:34:42 INFO  Test final outcome:  BLOCKED
14:34:42 INFO  Test outcome reason: sudo&lt;docker_run&gt; returned non-zero exit code 125
14:34:42 INFO  
</system-out>
	</testcase>
</testsuite>
