<?xml version="1.0" encoding="utf-8"?>
<testsuite failures="1" name="docker_plugin_install_with_version" skipped="0" tests="1" time="7.76" timestamp="2022-04-21T14:34:28">
	<testcase classname="DockerPluginInstallWithVersionTest" name="docker_plugin_install_with_version">
		<failure message="BLOCKED: sudo&lt;plugin_install&gt; returned non-zero exit code 2 (+1 other failures)" type="BLOCKED"/>
		<system-out>14:34:20 INFO  ==============================================================
14:34:20 INFO  Id:    docker_plugin_install_with_version
14:34:20 INFO  Dir:   plugin_docker/
14:34:20 INFO  Title: Validate docker plugin install
14:34:20 INFO  ==============================================================
14:34:21 INFO  Executed sudo&lt;docker_images&gt;, exit status 0
14:34:21 INFO  Grep on file /home/pi/actions-runner/_work/thin-edge.io/thin-edge.io/tests/PySys/plugin_docker/docker_plugin_install_with_version/Output/linux/docker_images.out ... passed
14:34:24 WARN  Executed sudo&lt;plugin_install&gt;, exit status 2
14:34:24 WARN  sudo&lt;plugin_install&gt; returned non-zero exit code 2 ... blocked [environment_docker_plugin.py:136,environment_docker_plugin.py:144,run.py:24]
14:34:25 INFO  Executed sudo&lt;docker_ps_latest&gt;, exit status 0
14:34:26 INFO  Executed sudo&lt;docker_ps&gt;, exit status 0
14:34:26 WARN  Grep on /home/pi/actions-runner/_work/thin-edge.io/thin-edge.io/tests/PySys/plugin_docker/docker_plugin_install_with_version/Output/linux/docker_ps.out contains &quot;registry:2.7.1&quot; ... failed [environment_docker_plugin.py:49,run.py:28]
14:34:26 INFO  
14:34:26 INFO  cleanup:
14:34:26 INFO  Removing containers scheduled to be cleaned up: ['ed62a48ea166', '']
14:34:27 WARN  Executed sudo&lt;containers_for_cleanup&gt;, exit status 1
14:34:27 INFO  Removing images scheduled to be cleaned up: ['registry', 'registry', 'registry:2.7.1']
14:34:28 INFO  Executed sudo&lt;containers_for_cleanup&gt;, exit status 0
14:34:28 INFO  
14:34:28 INFO  Test duration: 7.76 secs
14:34:28 INFO  Test final outcome:  BLOCKED
14:34:28 INFO  Test outcome reason: sudo&lt;plugin_install&gt; returned non-zero exit code 2 (+1 other failures)
14:34:28 INFO  
</system-out>
	</testcase>
</testsuite>
