<?xml version="1.0" encoding="utf-8"?>
<testsuite failures="1" name="docker_plugin_install" skipped="0" tests="1" time="6.93" timestamp="2022-05-02T16:00:52">
	<testcase classname="DockerPluginInstallTest" name="docker_plugin_install">
		<failure message="BLOCKED: sudo&lt;plugin_install&gt; returned non-zero exit code 2 (+1 other failures)" type="BLOCKED"/>
		<system-out>16:00:45 INFO  ==============================================================
16:00:45 INFO  Id:    docker_plugin_install
16:00:45 INFO  Dir:   plugin_docker/
16:00:45 INFO  Title: Validate docker plugin install
16:00:45 INFO  ==============================================================
16:00:46 INFO  Executed sudo&lt;docker_images&gt;, exit status 0
16:00:46 INFO  Grep on file /home/pi/actions-runner/_work/thin-edge.io/thin-edge.io/tests/PySys/plugin_docker/docker_plugin_install/Output/linux/docker_images.out ... passed
16:00:49 WARN  Executed sudo&lt;plugin_install&gt;, exit status 2
16:00:49 WARN  sudo&lt;plugin_install&gt; returned non-zero exit code 2 ... blocked [environment_docker_plugin.py:136,environment_docker_plugin.py:144,run.py:23]
16:00:49 INFO  Executed sudo&lt;docker_ps_latest&gt;, exit status 0
16:00:50 INFO  Executed sudo&lt;docker_ps&gt;, exit status 0
16:00:50 WARN  Grep on /home/pi/actions-runner/_work/thin-edge.io/thin-edge.io/tests/PySys/plugin_docker/docker_plugin_install/Output/linux/docker_ps.out contains &quot;registry&quot; ... failed [environment_docker_plugin.py:49,run.py:26]
16:00:50 INFO  
16:00:50 INFO  cleanup:
16:00:50 INFO  Removing containers scheduled to be cleaned up: ['']
16:00:51 WARN  Executed sudo&lt;containers_for_cleanup&gt;, exit status 1
16:00:51 INFO  Removing images scheduled to be cleaned up: ['registry']
16:00:52 INFO  Executed sudo&lt;containers_for_cleanup&gt;, exit status 0
16:00:52 INFO  
16:00:52 INFO  Test duration: 6.93 secs
16:00:52 INFO  Test final outcome:  BLOCKED
16:00:52 INFO  Test outcome reason: sudo&lt;plugin_install&gt; returned non-zero exit code 2 (+1 other failures)
16:00:52 INFO  
</system-out>
	</testcase>
</testsuite>
