<?xml version="1.0" encoding="utf-8"?>
<testsuite failures="1" name="docker_plugin_remove" skipped="0" tests="1" time="4.6" timestamp="2022-05-02T16:01:04">
	<testcase classname="DockerPluginRemoveTest" name="docker_plugin_remove">
		<failure message="BLOCKED: sudo&lt;docker_run&gt; returned non-zero exit code 125" type="BLOCKED"/>
		<system-out>16:00:59 INFO  ==============================================================
16:00:59 INFO  Id:    docker_plugin_remove
16:00:59 INFO  Dir:   plugin_docker/
16:00:59 INFO  Title: Validate docker plugin remove
16:00:59 INFO  ==============================================================
16:01:00 INFO  Executed sudo&lt;docker_images&gt;, exit status 0
16:01:00 INFO  Grep on file /home/pi/actions-runner/_work/thin-edge.io/thin-edge.io/tests/PySys/plugin_docker/docker_plugin_remove/Output/linux/docker_images.out ... passed
16:01:02 WARN  Executed sudo&lt;docker_run&gt;, exit status 125
16:01:02 INFO  Contents of docker_run.err: 
  Unable to find image 'registry:latest' locally
  docker: Error response from daemon: toomanyrequests: You have reached your pull rate limit. You may increase the limit by authenticating and upgrading: https://www.docker.com/increase-rate-limit.
  See 'docker run --help'.
  -----

16:01:02 WARN  sudo&lt;docker_run&gt; returned non-zero exit code 125 ... blocked 
16:01:02 WARN  Aborted test due to BLOCKED outcome
16:01:02 INFO  
16:01:02 INFO  cleanup:
16:01:02 INFO  Removing containers scheduled to be cleaned up: ['', '']
16:01:03 WARN  Executed sudo&lt;containers_for_cleanup&gt;, exit status 1
16:01:03 INFO  Removing images scheduled to be cleaned up: ['registry', 'registry:2.7.1']
16:01:04 INFO  Executed sudo&lt;containers_for_cleanup&gt;, exit status 0
16:01:04 INFO  
16:01:04 INFO  Test duration: 4.60 secs
16:01:04 INFO  Test final outcome:  BLOCKED
16:01:04 INFO  Test outcome reason: sudo&lt;docker_run&gt; returned non-zero exit code 125
16:01:04 INFO  
</system-out>
	</testcase>
</testsuite>
