<?xml version="1.0" encoding="utf-8"?>
<testsuite failures="1" name="SoftwareManagement.sm_docker_install_remove_multiple" skipped="0" tests="1" time="107.43" timestamp="2022-03-28T19:03:12">
	<testcase classname="SMDockerInstallRemove" name="SoftwareManagement.sm_docker_install_remove_multiple">
		<failure message="BLOCKED: SystemError: The operation has failed" type="BLOCKED"/>
		<system-out>19:01:25 INFO  ==============================================================
19:01:25 INFO  Id:    SoftwareManagement.sm_docker_install_remove_multiple
19:01:25 INFO  Dir:   software_management_end_to_end/
19:01:25 INFO  Title: Validate end to end behaviour for the docker plugin for multiple docker images with mixed versions
19:01:25 DEBUG Execution order hint: 0.0
19:01:25 INFO  ==============================================================
19:01:25 INFO  Using sw id database: {'asciijump': '5475369', 'robotfindskitten': '5474869', 'squirrel3': '5475279', 'rolldice': '5152439', 'moon-buggy': '5439204', 'apple': '5495053', 'banana': '5494888', 'cherry': '5495382', 'watermelon': '5494510', 'registry': '8018911', 'hello-world': '8021526', 'docker/getting-started': '8021973', 'alpine': '7991792'}
19:01:25 DEBUG EnvironmentC8y Setup
19:01:25 INFO  EnvironmentC8y Setup
19:01:25 DEBUG Process parameters for systemctl&lt;serv_mapper1&gt;
  command line : /usr/bin/systemctl status tedge-mapper-c8y
    arg #1     : status
    arg #2     : tedge-mapper-c8y
  working dir  : /home/pi/actions-runner/_work/thin-edge.io/thin-edge.io/tests/PySys/software_management_end_to_end/sm_docker_install_remove_multiple/Output/linux
  stdout       : /home/pi/actions-runner/_work/thin-edge.io/thin-edge.io/tests/PySys/software_management_end_to_end/sm_docker_install_remove_multiple/Output/linux/serv_mapper1.out
  stderr       : /home/pi/actions-runner/_work/thin-edge.io/thin-edge.io/tests/PySys/software_management_end_to_end/sm_docker_install_remove_multiple/Output/linux/serv_mapper1.err
  environment  : LD_LIBRARY_PATH=/usr/lib
  environment  : PATH=/bin:/usr/bin:/usr/sbin:/usr/local/bin
                   #1  /bin
                   #2  /usr/bin
                   #3  /usr/sbin
                   #4  /usr/local/bin
19:01:25 DEBUG Waiting up to 600 secs for process systemctl&lt;serv_mapper1&gt; (pid 1771)
19:01:25 INFO  Executed systemctl&lt;serv_mapper1&gt;, exit status 3
19:01:25 INFO  Restarting mosquitto too frequently in the last 10 seconds. It was only up for 2 seconds
19:01:25 INFO  Delaying execution by 9 seconds
19:01:34 DEBUG Process parameters for sudo&lt;tedge_connect_c8y&gt;
  command line : /usr/bin/sudo /usr/bin/tedge connect c8y
    arg #1     : /usr/bin/tedge
    arg #2     : connect
    arg #3     : c8y
  working dir  : /home/pi/actions-runner/_work/thin-edge.io/thin-edge.io/tests/PySys/software_management_end_to_end/sm_docker_install_remove_multiple/Output/linux
  stdout       : /home/pi/actions-runner/_work/thin-edge.io/thin-edge.io/tests/PySys/software_management_end_to_end/sm_docker_install_remove_multiple/Output/linux/tedge_connect_c8y.out
  stderr       : /home/pi/actions-runner/_work/thin-edge.io/thin-edge.io/tests/PySys/software_management_end_to_end/sm_docker_install_remove_multiple/Output/linux/tedge_connect_c8y.err
  environment  : LD_LIBRARY_PATH=/usr/lib
  environment  : PATH=/bin:/usr/bin:/usr/sbin:/usr/local/bin
                   #1  /bin
                   #2  /usr/bin
                   #3  /usr/sbin
                   #4  /usr/local/bin
19:01:34 DEBUG Waiting up to 600 secs for process sudo&lt;tedge_connect_c8y&gt; (pid 1781)
19:01:45 INFO  Executed sudo&lt;tedge_connect_c8y&gt;, exit status 0
19:01:45 DEBUG Process parameters for sudo&lt;tedge_connect_c8y_test&gt;
  command line : /usr/bin/sudo /usr/bin/tedge connect c8y --test
    arg #1     : /usr/bin/tedge
    arg #2     : connect
    arg #3     : c8y
    arg #4     : --test
  working dir  : /home/pi/actions-runner/_work/thin-edge.io/thin-edge.io/tests/PySys/software_management_end_to_end/sm_docker_install_remove_multiple/Output/linux
  stdout       : /home/pi/actions-runner/_work/thin-edge.io/thin-edge.io/tests/PySys/software_management_end_to_end/sm_docker_install_remove_multiple/Output/linux/tedge_connect_c8y_test.out
  stderr       : /home/pi/actions-runner/_work/thin-edge.io/thin-edge.io/tests/PySys/software_management_end_to_end/sm_docker_install_remove_multiple/Output/linux/tedge_connect_c8y_test.err
  environment  : LD_LIBRARY_PATH=/usr/lib
  environment  : PATH=/bin:/usr/bin:/usr/sbin:/usr/local/bin
                   #1  /bin
                   #2  /usr/bin
                   #3  /usr/sbin
                   #4  /usr/local/bin
19:01:45 DEBUG Waiting up to 600 secs for process sudo&lt;tedge_connect_c8y_test&gt; (pid 1888)
19:01:45 INFO  Executed sudo&lt;tedge_connect_c8y_test&gt;, exit status 0
19:01:45 DEBUG Process parameters for systemctl&lt;serv_mosq2&gt;
  command line : /usr/bin/systemctl status mosquitto
    arg #1     : status
    arg #2     : mosquitto
  working dir  : /home/pi/actions-runner/_work/thin-edge.io/thin-edge.io/tests/PySys/software_management_end_to_end/sm_docker_install_remove_multiple/Output/linux
  stdout       : /home/pi/actions-runner/_work/thin-edge.io/thin-edge.io/tests/PySys/software_management_end_to_end/sm_docker_install_remove_multiple/Output/linux/serv_mosq2.out
  stderr       : /home/pi/actions-runner/_work/thin-edge.io/thin-edge.io/tests/PySys/software_management_end_to_end/sm_docker_install_remove_multiple/Output/linux/serv_mosq2.err
  environment  : LD_LIBRARY_PATH=/usr/lib
  environment  : PATH=/bin:/usr/bin:/usr/sbin:/usr/local/bin
                   #1  /bin
                   #2  /usr/bin
                   #3  /usr/sbin
                   #4  /usr/local/bin
19:01:45 DEBUG Waiting up to 600 secs for process systemctl&lt;serv_mosq2&gt; (pid 1911)
19:01:45 INFO  Executed systemctl&lt;serv_mosq2&gt;, exit status 0
19:01:45 DEBUG Process parameters for systemctl&lt;serv_mapper3&gt;
  command line : /usr/bin/systemctl status tedge-mapper-c8y
    arg #1     : status
    arg #2     : tedge-mapper-c8y
  working dir  : /home/pi/actions-runner/_work/thin-edge.io/thin-edge.io/tests/PySys/software_management_end_to_end/sm_docker_install_remove_multiple/Output/linux
  stdout       : /home/pi/actions-runner/_work/thin-edge.io/thin-edge.io/tests/PySys/software_management_end_to_end/sm_docker_install_remove_multiple/Output/linux/serv_mapper3.out
  stderr       : /home/pi/actions-runner/_work/thin-edge.io/thin-edge.io/tests/PySys/software_management_end_to_end/sm_docker_install_remove_multiple/Output/linux/serv_mapper3.err
  environment  : LD_LIBRARY_PATH=/usr/lib
  environment  : PATH=/bin:/usr/bin:/usr/sbin:/usr/local/bin
                   #1  /bin
                   #2  /usr/bin
                   #3  /usr/sbin
                   #4  /usr/local/bin
19:01:45 DEBUG Waiting up to 600 secs for process systemctl&lt;serv_mapper3&gt; (pid 1923)
19:01:45 INFO  Executed systemctl&lt;serv_mapper3&gt;, exit status 0
19:01:47 DEBUG Starting new HTTPS connection (1): thin-edge-io.eu-latest.cumulocity.com:443
19:01:48 DEBUG https://thin-edge-io.eu-latest.cumulocity.com:443 &quot;GET /devicecontrol/operations?deviceId=16236951&amp;pageSize=1&amp;revert=true&amp;dateFrom=1970-01-01T00%3A00%3A00.000Z HTTP/1.1&quot; 200 1056
19:01:48 DEBUG Final URL of the request: https://thin-edge-io.eu-latest.cumulocity.com/devicecontrol/operations?deviceId=16236951&amp;pageSize=1&amp;revert=true&amp;dateFrom=1970-01-01T00%3A00%3A00.000Z
19:01:48 INFO  State of current operation: SUCCESSFUL
19:01:48 DEBUG Starting new HTTPS connection (1): thin-edge-io.eu-latest.cumulocity.com:443
19:01:48 DEBUG https://thin-edge-io.eu-latest.cumulocity.com:443 &quot;POST /devicecontrol/operations HTTP/1.1&quot; 201 669
19:01:48 INFO  Response status: 201
19:01:48 INFO  Response to action: {
    &quot;creationTime&quot;: &quot;2022-03-28T19:01:48.250Z&quot;,
    &quot;deviceId&quot;: &quot;16236951&quot;,
    &quot;deviceName&quot;: &quot;offsiteb&quot;,
    &quot;self&quot;: &quot;https://t493319102.eu-latest.cumulocity.com/devicecontrol/operations/16285419&quot;,
    &quot;id&quot;: &quot;16285419&quot;,
    &quot;status&quot;: &quot;PENDING&quot;,
    &quot;description&quot;: &quot;Apply software changes, triggered from PySys: [{'action': 'install', 'id': '8021526', 'name': 'hello-world', 'url': '', 'version': '::docker'}, {'action': 'install', 'id': '8018911', 'name': 'registry', 'url': '', 'version': '2.6.2::docker'}]&quot;,
    &quot;c8y_SoftwareUpdate&quot;: [
        {
            &quot;name&quot;: &quot;hello-world&quot;,
            &quot;action&quot;: &quot;install&quot;,
            &quot;id&quot;: &quot;8021526&quot;,
            &quot;version&quot;: &quot;::docker&quot;,
            &quot;url&quot;: &quot;&quot;
        },
        {
            &quot;name&quot;: &quot;registry&quot;,
            &quot;action&quot;: &quot;install&quot;,
            &quot;id&quot;: &quot;8018911&quot;,
            &quot;version&quot;: &quot;2.6.2::docker&quot;,
            &quot;url&quot;: &quot;&quot;
        }
    ]
}
19:01:48 INFO  Started operation: {'creationTime': '2022-03-28T19:01:48.250Z', 'deviceId': '16236951', 'deviceName': 'offsiteb', 'self': 'https://t493319102.eu-latest.cumulocity.com/devicecontrol/operations/16285419', 'id': '16285419', 'status': 'PENDING', 'description': &quot;Apply software changes, triggered from PySys: [{'action': 'install', 'id': '8021526', 'name': 'hello-world', 'url': '', 'version': '::docker'}, {'action': 'install', 'id': '8018911', 'name': 'registry', 'url': '', 'version': '2.6.2::docker'}]&quot;, 'c8y_SoftwareUpdate': [{'name': 'hello-world', 'action': 'install', 'id': '8021526', 'version': '::docker', 'url': ''}, {'name': 'registry', 'action': 'install', 'id': '8018911', 'version': '2.6.2::docker', 'url': ''}]}
19:01:50 DEBUG Starting new HTTPS connection (1): thin-edge-io.eu-latest.cumulocity.com:443
19:01:50 DEBUG https://thin-edge-io.eu-latest.cumulocity.com:443 &quot;GET /devicecontrol/operations/16285419 HTTP/1.1&quot; 200 830
19:01:50 INFO  State of operation 16285419 : EXECUTING
19:01:52 DEBUG Starting new HTTPS connection (1): thin-edge-io.eu-latest.cumulocity.com:443
19:01:52 DEBUG https://thin-edge-io.eu-latest.cumulocity.com:443 &quot;GET /devicecontrol/operations/16285419 HTTP/1.1&quot; 200 830
19:01:52 INFO  State of operation 16285419 : EXECUTING
19:01:54 DEBUG Starting new HTTPS connection (1): thin-edge-io.eu-latest.cumulocity.com:443
19:01:54 DEBUG https://thin-edge-io.eu-latest.cumulocity.com:443 &quot;GET /devicecontrol/operations/16285419 HTTP/1.1&quot; 200 830
19:01:54 INFO  State of operation 16285419 : EXECUTING
19:01:56 DEBUG Starting new HTTPS connection (1): thin-edge-io.eu-latest.cumulocity.com:443
19:01:57 DEBUG https://thin-edge-io.eu-latest.cumulocity.com:443 &quot;GET /devicecontrol/operations/16285419 HTTP/1.1&quot; 200 830
19:01:57 INFO  State of operation 16285419 : EXECUTING
19:01:59 DEBUG Starting new HTTPS connection (1): thin-edge-io.eu-latest.cumulocity.com:443
19:01:59 DEBUG https://thin-edge-io.eu-latest.cumulocity.com:443 &quot;GET /devicecontrol/operations/16285419 HTTP/1.1&quot; 200 830
19:01:59 INFO  State of operation 16285419 : EXECUTING
19:02:01 DEBUG Starting new HTTPS connection (1): thin-edge-io.eu-latest.cumulocity.com:443
19:02:01 DEBUG https://thin-edge-io.eu-latest.cumulocity.com:443 &quot;GET /devicecontrol/operations/16285419 HTTP/1.1&quot; 200 830
19:02:01 INFO  State of operation 16285419 : EXECUTING
19:02:03 DEBUG Starting new HTTPS connection (1): thin-edge-io.eu-latest.cumulocity.com:443
19:02:03 DEBUG https://thin-edge-io.eu-latest.cumulocity.com:443 &quot;GET /devicecontrol/operations/16285419 HTTP/1.1&quot; 200 830
19:02:03 INFO  State of operation 16285419 : EXECUTING
19:02:05 DEBUG Starting new HTTPS connection (1): thin-edge-io.eu-latest.cumulocity.com:443
19:02:05 DEBUG https://thin-edge-io.eu-latest.cumulocity.com:443 &quot;GET /devicecontrol/operations/16285419 HTTP/1.1&quot; 200 830
19:02:05 INFO  State of operation 16285419 : EXECUTING
19:02:07 DEBUG Starting new HTTPS connection (1): thin-edge-io.eu-latest.cumulocity.com:443
19:02:08 DEBUG https://thin-edge-io.eu-latest.cumulocity.com:443 &quot;GET /devicecontrol/operations/16285419 HTTP/1.1&quot; 200 830
19:02:08 INFO  State of operation 16285419 : EXECUTING
19:02:10 DEBUG Starting new HTTPS connection (1): thin-edge-io.eu-latest.cumulocity.com:443
19:02:10 DEBUG https://thin-edge-io.eu-latest.cumulocity.com:443 &quot;GET /devicecontrol/operations/16285419 HTTP/1.1&quot; 200 830
19:02:10 INFO  State of operation 16285419 : EXECUTING
19:02:12 DEBUG Starting new HTTPS connection (1): thin-edge-io.eu-latest.cumulocity.com:443
19:02:12 DEBUG https://thin-edge-io.eu-latest.cumulocity.com:443 &quot;GET /devicecontrol/operations/16285419 HTTP/1.1&quot; 200 830
19:02:12 INFO  State of operation 16285419 : EXECUTING
19:02:14 DEBUG Starting new HTTPS connection (1): thin-edge-io.eu-latest.cumulocity.com:443
19:02:14 DEBUG https://thin-edge-io.eu-latest.cumulocity.com:443 &quot;GET /devicecontrol/operations/16285419 HTTP/1.1&quot; 200 830
19:02:14 INFO  State of operation 16285419 : EXECUTING
19:02:16 DEBUG Starting new HTTPS connection (1): thin-edge-io.eu-latest.cumulocity.com:443
19:02:16 DEBUG https://thin-edge-io.eu-latest.cumulocity.com:443 &quot;GET /devicecontrol/operations/16285419 HTTP/1.1&quot; 200 831
19:02:16 INFO  State of operation 16285419 : SUCCESSFUL
19:02:17 DEBUG Starting new HTTPS connection (1): thin-edge-io.eu-latest.cumulocity.com:443
19:02:18 DEBUG https://thin-edge-io.eu-latest.cumulocity.com:443 &quot;GET /inventory/managedObjects/16236951 HTTP/1.1&quot; 200 None
19:02:18 INFO  Package hello-world is installed
19:02:18 DEBUG Starting new HTTPS connection (1): thin-edge-io.eu-latest.cumulocity.com:443
19:02:18 DEBUG https://thin-edge-io.eu-latest.cumulocity.com:443 &quot;GET /inventory/managedObjects/16236951 HTTP/1.1&quot; 200 None
19:02:18 INFO  Package hello-world is installed
19:02:18 INFO  Assert that (True == value) with value=True ... passed
19:02:18 DEBUG Starting new HTTPS connection (1): thin-edge-io.eu-latest.cumulocity.com:443
19:02:18 DEBUG https://thin-edge-io.eu-latest.cumulocity.com:443 &quot;GET /inventory/managedObjects/16236951 HTTP/1.1&quot; 200 None
19:02:18 INFO  Package registry is installed
19:02:18 INFO  Assert that (True == value) with value=True ... passed
19:02:18 DEBUG Starting new HTTPS connection (1): thin-edge-io.eu-latest.cumulocity.com:443
19:02:18 DEBUG https://thin-edge-io.eu-latest.cumulocity.com:443 &quot;GET /inventory/managedObjects/16236951 HTTP/1.1&quot; 200 None
19:02:18 INFO  Assert that (False == value) with value=False ... passed
19:02:18 DEBUG --- test execute
19:02:18 DEBUG Starting new HTTPS connection (1): thin-edge-io.eu-latest.cumulocity.com:443
19:02:18 DEBUG https://thin-edge-io.eu-latest.cumulocity.com:443 &quot;POST /devicecontrol/operations HTTP/1.1&quot; 201 659
19:02:18 INFO  Response status: 201
19:02:18 INFO  Response to action: {
    &quot;creationTime&quot;: &quot;2022-03-28T19:02:18.711Z&quot;,
    &quot;deviceId&quot;: &quot;16236951&quot;,
    &quot;deviceName&quot;: &quot;offsiteb&quot;,
    &quot;self&quot;: &quot;https://t493319102.eu-latest.cumulocity.com/devicecontrol/operations/16285425&quot;,
    &quot;id&quot;: &quot;16285425&quot;,
    &quot;status&quot;: &quot;PENDING&quot;,
    &quot;description&quot;: &quot;Apply software changes, triggered from PySys: [{'action': 'install', 'id': '8018911', 'name': 'registry', 'url': '', 'version': '2.7.1::docker'}, {'action': 'install', 'id': '7991792', 'name': 'alpine', 'url': '', 'version': '::docker'}]&quot;,
    &quot;c8y_SoftwareUpdate&quot;: [
        {
            &quot;name&quot;: &quot;registry&quot;,
            &quot;action&quot;: &quot;install&quot;,
            &quot;id&quot;: &quot;8018911&quot;,
            &quot;version&quot;: &quot;2.7.1::docker&quot;,
            &quot;url&quot;: &quot;&quot;
        },
        {
            &quot;name&quot;: &quot;alpine&quot;,
            &quot;action&quot;: &quot;install&quot;,
            &quot;id&quot;: &quot;7991792&quot;,
            &quot;version&quot;: &quot;::docker&quot;,
            &quot;url&quot;: &quot;&quot;
        }
    ]
}
19:02:18 INFO  Started operation: {'creationTime': '2022-03-28T19:02:18.711Z', 'deviceId': '16236951', 'deviceName': 'offsiteb', 'self': 'https://t493319102.eu-latest.cumulocity.com/devicecontrol/operations/16285425', 'id': '16285425', 'status': 'PENDING', 'description': &quot;Apply software changes, triggered from PySys: [{'action': 'install', 'id': '8018911', 'name': 'registry', 'url': '', 'version': '2.7.1::docker'}, {'action': 'install', 'id': '7991792', 'name': 'alpine', 'url': '', 'version': '::docker'}]&quot;, 'c8y_SoftwareUpdate': [{'name': 'registry', 'action': 'install', 'id': '8018911', 'version': '2.7.1::docker', 'url': ''}, {'name': 'alpine', 'action': 'install', 'id': '7991792', 'version': '::docker', 'url': ''}]}
19:02:20 DEBUG Starting new HTTPS connection (1): thin-edge-io.eu-latest.cumulocity.com:443
19:02:20 DEBUG https://thin-edge-io.eu-latest.cumulocity.com:443 &quot;GET /devicecontrol/operations/16285425 HTTP/1.1&quot; 200 820
19:02:20 INFO  State of operation 16285425 : EXECUTING
19:02:22 DEBUG Starting new HTTPS connection (1): thin-edge-io.eu-latest.cumulocity.com:443
19:02:23 DEBUG https://thin-edge-io.eu-latest.cumulocity.com:443 &quot;GET /devicecontrol/operations/16285425 HTTP/1.1&quot; 200 820
19:02:23 INFO  State of operation 16285425 : EXECUTING
19:02:25 DEBUG Starting new HTTPS connection (1): thin-edge-io.eu-latest.cumulocity.com:443
19:02:25 DEBUG https://thin-edge-io.eu-latest.cumulocity.com:443 &quot;GET /devicecontrol/operations/16285425 HTTP/1.1&quot; 200 820
19:02:25 INFO  State of operation 16285425 : EXECUTING
19:02:27 DEBUG Starting new HTTPS connection (1): thin-edge-io.eu-latest.cumulocity.com:443
19:02:27 DEBUG https://thin-edge-io.eu-latest.cumulocity.com:443 &quot;GET /devicecontrol/operations/16285425 HTTP/1.1&quot; 200 820
19:02:27 INFO  State of operation 16285425 : EXECUTING
19:02:29 DEBUG Starting new HTTPS connection (1): thin-edge-io.eu-latest.cumulocity.com:443
19:02:29 DEBUG https://thin-edge-io.eu-latest.cumulocity.com:443 &quot;GET /devicecontrol/operations/16285425 HTTP/1.1&quot; 200 820
19:02:29 INFO  State of operation 16285425 : EXECUTING
19:02:31 DEBUG Starting new HTTPS connection (1): thin-edge-io.eu-latest.cumulocity.com:443
19:02:31 DEBUG https://thin-edge-io.eu-latest.cumulocity.com:443 &quot;GET /devicecontrol/operations/16285425 HTTP/1.1&quot; 200 820
19:02:31 INFO  State of operation 16285425 : EXECUTING
19:02:33 DEBUG Starting new HTTPS connection (1): thin-edge-io.eu-latest.cumulocity.com:443
19:02:34 DEBUG https://thin-edge-io.eu-latest.cumulocity.com:443 &quot;GET /devicecontrol/operations/16285425 HTTP/1.1&quot; 200 820
19:02:34 INFO  State of operation 16285425 : EXECUTING
19:02:36 DEBUG Starting new HTTPS connection (1): thin-edge-io.eu-latest.cumulocity.com:443
19:02:36 DEBUG https://thin-edge-io.eu-latest.cumulocity.com:443 &quot;GET /devicecontrol/operations/16285425 HTTP/1.1&quot; 200 820
19:02:36 INFO  State of operation 16285425 : EXECUTING
19:02:38 DEBUG Starting new HTTPS connection (1): thin-edge-io.eu-latest.cumulocity.com:443
19:02:38 DEBUG https://thin-edge-io.eu-latest.cumulocity.com:443 &quot;GET /devicecontrol/operations/16285425 HTTP/1.1&quot; 200 820
19:02:38 INFO  State of operation 16285425 : EXECUTING
19:02:40 DEBUG Starting new HTTPS connection (1): thin-edge-io.eu-latest.cumulocity.com:443
19:02:40 DEBUG https://thin-edge-io.eu-latest.cumulocity.com:443 &quot;GET /devicecontrol/operations/16285425 HTTP/1.1&quot; 200 820
19:02:40 INFO  State of operation 16285425 : EXECUTING
19:02:42 DEBUG Starting new HTTPS connection (1): thin-edge-io.eu-latest.cumulocity.com:443
19:02:43 DEBUG https://thin-edge-io.eu-latest.cumulocity.com:443 &quot;GET /devicecontrol/operations/16285425 HTTP/1.1&quot; 200 820
19:02:43 INFO  State of operation 16285425 : EXECUTING
19:02:45 DEBUG Starting new HTTPS connection (1): thin-edge-io.eu-latest.cumulocity.com:443
19:02:45 DEBUG https://thin-edge-io.eu-latest.cumulocity.com:443 &quot;GET /devicecontrol/operations/16285425 HTTP/1.1&quot; 200 820
19:02:45 INFO  State of operation 16285425 : EXECUTING
19:02:47 DEBUG Starting new HTTPS connection (1): thin-edge-io.eu-latest.cumulocity.com:443
19:02:47 DEBUG https://thin-edge-io.eu-latest.cumulocity.com:443 &quot;GET /devicecontrol/operations/16285425 HTTP/1.1&quot; 200 936
19:02:47 INFO  State of operation 16285425 : FAILED
19:02:47 ERROR Stopping as the operation has failed
19:02:47 WARN  SystemError occurred while running test - The operation has failed
Traceback (most recent call last):
  File &quot;/home/pi/env-pysys/lib/python3.7/site-packages/pysys/baserunner.py&quot;, line 1294, in __call__
    self.testObj.execute()
  File &quot;/home/pi/actions-runner/_work/thin-edge.io/thin-edge.io/tests/PySys/software_management_end_to_end/sm_docker_install_remove_multiple/run.py&quot;, line 88, in execute
    self.wait_until_succcess()
  File &quot;/home/pi/actions-runner/_work/thin-edge.io/thin-edge.io/tests/PySys/software_management_end_to_end/environment_sm_management.py&quot;, line 324, in wait_until_succcess
    self.wait_until_status(&quot;SUCCESSFUL&quot;)
  File &quot;/home/pi/actions-runner/_work/thin-edge.io/thin-edge.io/tests/PySys/software_management_end_to_end/environment_sm_management.py&quot;, line 361, in wait_until_status
    raise SystemError(&quot;The operation has failed&quot;)
SystemError: The operation has failed
19:02:47 WARN  SystemError: The operation has failed ... blocked 
19:02:47 DEBUG --- test cleanup
19:02:47 INFO  
19:02:47 INFO  cleanup:
19:02:47 DEBUG Running registered cleanup function: &lt;bound method SMDockerInstallRemove.docker_cleanup of &lt;SMDockerInstallRemove object at 0x75d239d0&gt;&gt;
19:02:47 DEBUG Starting new HTTPS connection (1): thin-edge-io.eu-latest.cumulocity.com:443
19:02:47 DEBUG https://thin-edge-io.eu-latest.cumulocity.com:443 &quot;POST /devicecontrol/operations HTTP/1.1&quot; 201 837
19:02:47 INFO  Response status: 201
19:02:47 INFO  Response to action: {
    &quot;creationTime&quot;: &quot;2022-03-28T19:02:47.548Z&quot;,
    &quot;deviceId&quot;: &quot;16236951&quot;,
    &quot;deviceName&quot;: &quot;offsiteb&quot;,
    &quot;self&quot;: &quot;https://t493319102.eu-latest.cumulocity.com/devicecontrol/operations/16285431&quot;,
    &quot;id&quot;: &quot;16285431&quot;,
    &quot;status&quot;: &quot;PENDING&quot;,
    &quot;description&quot;: &quot;Apply software changes, triggered from PySys: [{'action': 'delete', 'id': '8018911', 'name': 'registry', 'url': '', 'version': '2.7.1::docker'}, {'action': 'delete', 'id': '7991792', 'name': 'alpine', 'url': '', 'version': '::docker'}, {'action': 'delete', 'id': '8021526', 'name': 'hello-world', 'url': '', 'version': '::docker'}]&quot;,
    &quot;c8y_SoftwareUpdate&quot;: [
        {
            &quot;name&quot;: &quot;registry&quot;,
            &quot;action&quot;: &quot;delete&quot;,
            &quot;id&quot;: &quot;8018911&quot;,
            &quot;version&quot;: &quot;2.7.1::docker&quot;,
            &quot;url&quot;: &quot;&quot;
        },
        {
            &quot;name&quot;: &quot;alpine&quot;,
            &quot;action&quot;: &quot;delete&quot;,
            &quot;id&quot;: &quot;7991792&quot;,
            &quot;version&quot;: &quot;::docker&quot;,
            &quot;url&quot;: &quot;&quot;
        },
        {
            &quot;name&quot;: &quot;hello-world&quot;,
            &quot;action&quot;: &quot;delete&quot;,
            &quot;id&quot;: &quot;8021526&quot;,
            &quot;version&quot;: &quot;::docker&quot;,
            &quot;url&quot;: &quot;&quot;
        }
    ]
}
19:02:47 INFO  Started operation: {'creationTime': '2022-03-28T19:02:47.548Z', 'deviceId': '16236951', 'deviceName': 'offsiteb', 'self': 'https://t493319102.eu-latest.cumulocity.com/devicecontrol/operations/16285431', 'id': '16285431', 'status': 'PENDING', 'description': &quot;Apply software changes, triggered from PySys: [{'action': 'delete', 'id': '8018911', 'name': 'registry', 'url': '', 'version': '2.7.1::docker'}, {'action': 'delete', 'id': '7991792', 'name': 'alpine', 'url': '', 'version': '::docker'}, {'action': 'delete', 'id': '8021526', 'name': 'hello-world', 'url': '', 'version': '::docker'}]&quot;, 'c8y_SoftwareUpdate': [{'name': 'registry', 'action': 'delete', 'id': '8018911', 'version': '2.7.1::docker', 'url': ''}, {'name': 'alpine', 'action': 'delete', 'id': '7991792', 'version': '::docker', 'url': ''}, {'name': 'hello-world', 'action': 'delete', 'id': '8021526', 'version': '::docker', 'url': ''}]}
19:02:49 DEBUG Starting new HTTPS connection (1): thin-edge-io.eu-latest.cumulocity.com:443
19:02:49 DEBUG https://thin-edge-io.eu-latest.cumulocity.com:443 &quot;GET /devicecontrol/operations/16285431 HTTP/1.1&quot; 200 998
19:02:49 INFO  State of operation 16285431 : EXECUTING
19:02:51 DEBUG Starting new HTTPS connection (1): thin-edge-io.eu-latest.cumulocity.com:443
19:02:51 DEBUG https://thin-edge-io.eu-latest.cumulocity.com:443 &quot;GET /devicecontrol/operations/16285431 HTTP/1.1&quot; 200 998
19:02:52 INFO  State of operation 16285431 : EXECUTING
19:02:54 DEBUG Starting new HTTPS connection (1): thin-edge-io.eu-latest.cumulocity.com:443
19:02:54 DEBUG https://thin-edge-io.eu-latest.cumulocity.com:443 &quot;GET /devicecontrol/operations/16285431 HTTP/1.1&quot; 200 998
19:02:54 INFO  State of operation 16285431 : EXECUTING
19:02:56 DEBUG Starting new HTTPS connection (1): thin-edge-io.eu-latest.cumulocity.com:443
19:02:56 DEBUG https://thin-edge-io.eu-latest.cumulocity.com:443 &quot;GET /devicecontrol/operations/16285431 HTTP/1.1&quot; 200 998
19:02:56 INFO  State of operation 16285431 : EXECUTING
19:02:58 DEBUG Starting new HTTPS connection (1): thin-edge-io.eu-latest.cumulocity.com:443
19:02:58 DEBUG https://thin-edge-io.eu-latest.cumulocity.com:443 &quot;GET /devicecontrol/operations/16285431 HTTP/1.1&quot; 200 999
19:02:58 INFO  State of operation 16285431 : SUCCESSFUL
19:02:59 DEBUG Starting new HTTPS connection (1): thin-edge-io.eu-latest.cumulocity.com:443
19:02:59 DEBUG https://thin-edge-io.eu-latest.cumulocity.com:443 &quot;GET /inventory/managedObjects/16236951 HTTP/1.1&quot; 200 None
19:03:00 DEBUG Starting new HTTPS connection (1): thin-edge-io.eu-latest.cumulocity.com:443
19:03:00 DEBUG https://thin-edge-io.eu-latest.cumulocity.com:443 &quot;GET /inventory/managedObjects/16236951 HTTP/1.1&quot; 200 None
19:03:01 DEBUG Starting new HTTPS connection (1): thin-edge-io.eu-latest.cumulocity.com:443
19:03:02 DEBUG https://thin-edge-io.eu-latest.cumulocity.com:443 &quot;GET /inventory/managedObjects/16236951 HTTP/1.1&quot; 200 None
19:03:03 DEBUG Starting new HTTPS connection (1): thin-edge-io.eu-latest.cumulocity.com:443
19:03:03 DEBUG https://thin-edge-io.eu-latest.cumulocity.com:443 &quot;GET /inventory/managedObjects/16236951 HTTP/1.1&quot; 200 None
19:03:04 DEBUG Starting new HTTPS connection (1): thin-edge-io.eu-latest.cumulocity.com:443
19:03:04 DEBUG https://thin-edge-io.eu-latest.cumulocity.com:443 &quot;GET /inventory/managedObjects/16236951 HTTP/1.1&quot; 200 None
19:03:05 DEBUG Starting new HTTPS connection (1): thin-edge-io.eu-latest.cumulocity.com:443
19:03:05 DEBUG https://thin-edge-io.eu-latest.cumulocity.com:443 &quot;GET /inventory/managedObjects/16236951 HTTP/1.1&quot; 200 None
19:03:06 DEBUG Starting new HTTPS connection (1): thin-edge-io.eu-latest.cumulocity.com:443
19:03:06 DEBUG https://thin-edge-io.eu-latest.cumulocity.com:443 &quot;GET /inventory/managedObjects/16236951 HTTP/1.1&quot; 200 None
19:03:07 DEBUG Starting new HTTPS connection (1): thin-edge-io.eu-latest.cumulocity.com:443
19:03:08 DEBUG https://thin-edge-io.eu-latest.cumulocity.com:443 &quot;GET /inventory/managedObjects/16236951 HTTP/1.1&quot; 200 None
19:03:09 DEBUG Starting new HTTPS connection (1): thin-edge-io.eu-latest.cumulocity.com:443
19:03:09 DEBUG https://thin-edge-io.eu-latest.cumulocity.com:443 &quot;GET /inventory/managedObjects/16236951 HTTP/1.1&quot; 200 None
19:03:09 DEBUG Starting new HTTPS connection (1): thin-edge-io.eu-latest.cumulocity.com:443
19:03:09 DEBUG https://thin-edge-io.eu-latest.cumulocity.com:443 &quot;GET /inventory/managedObjects/16236951 HTTP/1.1&quot; 200 None
19:03:09 INFO  Assert that (False == value) with value=False ... passed
19:03:09 DEBUG Starting new HTTPS connection (1): thin-edge-io.eu-latest.cumulocity.com:443
19:03:09 DEBUG https://thin-edge-io.eu-latest.cumulocity.com:443 &quot;GET /inventory/managedObjects/16236951 HTTP/1.1&quot; 200 None
19:03:09 INFO  Assert that (False == value) with value=False ... passed
19:03:09 DEBUG Starting new HTTPS connection (1): thin-edge-io.eu-latest.cumulocity.com:443
19:03:09 DEBUG https://thin-edge-io.eu-latest.cumulocity.com:443 &quot;GET /inventory/managedObjects/16236951 HTTP/1.1&quot; 200 None
19:03:09 INFO  Assert that (False == value) with value=False ... passed
19:03:09 DEBUG Running registered cleanup function: &lt;bound method SoftwareManagement.mysmcleanup of &lt;SMDockerInstallRemove object at 0x75d239d0&gt;&gt;
19:03:09 DEBUG Running registered cleanup function: &lt;bound method EnvironmentC8y.myenvcleanup of &lt;SMDockerInstallRemove object at 0x75d239d0&gt;&gt;
19:03:09 DEBUG EnvironmentC8y Cleanup
19:03:09 DEBUG Process parameters for sudo&lt;tedge_disconnect_c8y&gt;
  command line : /usr/bin/sudo /usr/bin/tedge disconnect c8y
    arg #1     : /usr/bin/tedge
    arg #2     : disconnect
    arg #3     : c8y
  working dir  : /home/pi/actions-runner/_work/thin-edge.io/thin-edge.io/tests/PySys/software_management_end_to_end/sm_docker_install_remove_multiple/Output/linux
  stdout       : /home/pi/actions-runner/_work/thin-edge.io/thin-edge.io/tests/PySys/software_management_end_to_end/sm_docker_install_remove_multiple/Output/linux/tedge_disconnect_c8y.out
  stderr       : /home/pi/actions-runner/_work/thin-edge.io/thin-edge.io/tests/PySys/software_management_end_to_end/sm_docker_install_remove_multiple/Output/linux/tedge_disconnect_c8y.err
  environment  : LD_LIBRARY_PATH=/usr/lib
  environment  : PATH=/bin:/usr/bin:/usr/sbin:/usr/local/bin
                   #1  /bin
                   #2  /usr/bin
                   #3  /usr/sbin
                   #4  /usr/local/bin
19:03:09 DEBUG Waiting up to 600 secs for process sudo&lt;tedge_disconnect_c8y&gt; (pid 3155)
19:03:12 INFO  Executed sudo&lt;tedge_disconnect_c8y&gt;, exit status 0
19:03:12 DEBUG Process parameters for systemctl&lt;serv_mapper5&gt;
  command line : /usr/bin/systemctl status tedge-mapper-c8y
    arg #1     : status
    arg #2     : tedge-mapper-c8y
  working dir  : /home/pi/actions-runner/_work/thin-edge.io/thin-edge.io/tests/PySys/software_management_end_to_end/sm_docker_install_remove_multiple/Output/linux
  stdout       : /home/pi/actions-runner/_work/thin-edge.io/thin-edge.io/tests/PySys/software_management_end_to_end/sm_docker_install_remove_multiple/Output/linux/serv_mapper5.out
  stderr       : /home/pi/actions-runner/_work/thin-edge.io/thin-edge.io/tests/PySys/software_management_end_to_end/sm_docker_install_remove_multiple/Output/linux/serv_mapper5.err
  environment  : LD_LIBRARY_PATH=/usr/lib
  environment  : PATH=/bin:/usr/bin:/usr/sbin:/usr/local/bin
                   #1  /bin
                   #2  /usr/bin
                   #3  /usr/sbin
                   #4  /usr/local/bin
19:03:12 DEBUG Waiting up to 600 secs for process systemctl&lt;serv_mapper5&gt; (pid 3197)
19:03:12 INFO  Executed systemctl&lt;serv_mapper5&gt;, exit status 3
19:03:12 DEBUG ProcessUser cleanup function done.
19:03:12 INFO  
19:03:12 INFO  Test duration: 107.43 secs
19:03:12 INFO  Test final outcome:  BLOCKED
19:03:12 INFO  Test outcome reason: SystemError: The operation has failed
19:03:12 INFO  
</system-out>
	</testcase>
</testsuite>
