<?xml version="1.0" encoding="utf-8"?>
<testsuite failures="0" name="SoftwareManagement.sm_mapper_fail_and_reconnect" skipped="1" tests="1" time="0.02" timestamp="2022-03-30T09:25:14">
	<testcase classname="MapperC8yReceiveLastMessageOnRestart" name="SoftwareManagement.sm_mapper_fail_and_reconnect">
		<skipped message="SKIPPED: instable https://github.com/thin-edge/thin-edge.io/issues/752"/>
		<system-out>09:25:14 INFO  ==============================================================
09:25:14 INFO  Id:    SoftwareManagement.sm_mapper_fail_and_reconnect
09:25:14 INFO  Dir:   software_management_end_to_end/
09:25:14 INFO  Title: Validate the tedge-mapper-sm-c8y for receiving the last message on restart
09:25:14 DEBUG Execution order hint: 0.0
09:25:14 INFO  ==============================================================
09:25:14 INFO  instable https://github.com/thin-edge/thin-edge.io/issues/752 ... skipped
09:25:14 DEBUG --- test cleanup
09:25:14 DEBUG ProcessUser cleanup function done.
09:25:14 INFO  
09:25:14 INFO  Test duration: 0.02 secs
09:25:14 INFO  Test final outcome:  SKIPPED
09:25:14 INFO  Test outcome reason: instable https://github.com/thin-edge/thin-edge.io/issues/752
09:25:14 INFO  
</system-out>
	</testcase>
</testsuite>
