<?xml version="1.0" encoding="utf-8"?>
<testsuite failures="0" name="SoftwareManagement.sm_apt_install_remove_multiple_mixed" skipped="0" tests="1" time="243.89" timestamp="2022-03-21T17:50:18">
	<testcase classname="PySysTest" name="SoftwareManagement.sm_apt_install_remove_multiple_mixed"/>
</testsuite>
