<?xml version="1.0" encoding="utf-8"?>
<testsuite failures="0" name="SoftwareManagement.sm_apt_install_remove_multiple_mixed" skipped="0" tests="1" time="228.43" timestamp="2022-02-07T14:44:36">
	<testcase classname="PySysTest" name="SoftwareManagement.sm_apt_install_remove_multiple_mixed"/>
</testsuite>
