<?xml version="1.0" encoding="utf-8"?>
<testsuite failures="0" name="SoftwareManagement.sm_apt_install_remove_with_version" skipped="0" tests="1" time="150.62" timestamp="2022-03-28T19:01:25">
	<testcase classname="PySysTest" name="SoftwareManagement.sm_apt_install_remove_with_version"/>
</testsuite>
