<?xml version="1.0" encoding="utf-8"?>
<testsuite failures="1" name="SoftwareManagement.sm_mixed_install_remove_multiple" skipped="0" tests="1" time="142.73" timestamp="2022-02-15T22:08:20">
	<testcase classname="PySysTest" name="SoftwareManagement.sm_mixed_install_remove_multiple">
		<failure message="FAILED: Assert that (False == value) with value=True" type="FAILED"/>
		<system-out>22:05:57 INFO  ==============================================================
22:05:57 INFO  Id:    SoftwareManagement.sm_mixed_install_remove_multiple
22:05:57 INFO  Dir:   software_management_end_to_end/
22:05:57 INFO  Title: Validate end to end behaviour for the dummy-plugin for multiple packages with mixed versions
22:05:57 DEBUG Execution order hint: 0.0
22:05:57 INFO  ==============================================================
22:05:57 INFO  Using sw id database: {'asciijump': '5475369', 'robotfindskitten': '5474869', 'squirrel3': '5475279', 'rolldice': '5152439', 'moon-buggy': '5439204', 'apple': '5495053', 'banana': '5494888', 'cherry': '5495382', 'watermelon': '5494510', 'registry': '8018911', 'hello-world': '8021526', 'docker/getting-started': '8021973', 'alpine': '7991792'}
22:05:57 DEBUG EnvironmentC8y Setup
22:05:57 INFO  EnvironmentC8y Setup
22:05:57 DEBUG Process parameters for systemctl&lt;serv_mapper1&gt;
  command line : /usr/bin/systemctl status tedge-mapper-c8y
    arg #1     : status
    arg #2     : tedge-mapper-c8y
  working dir  : /home/pi/actions-runner/_work/thin-edge.io/thin-edge.io/tests/PySys/software_management_end_to_end/sm_mixed_install_remove_multiple/Output/linux
  stdout       : /home/pi/actions-runner/_work/thin-edge.io/thin-edge.io/tests/PySys/software_management_end_to_end/sm_mixed_install_remove_multiple/Output/linux/serv_mapper1.out
  stderr       : /home/pi/actions-runner/_work/thin-edge.io/thin-edge.io/tests/PySys/software_management_end_to_end/sm_mixed_install_remove_multiple/Output/linux/serv_mapper1.err
  environment  : LD_LIBRARY_PATH=/usr/lib
  environment  : PATH=/bin:/usr/bin:/usr/sbin:/usr/local/bin
                   #1  /bin
                   #2  /usr/bin
                   #3  /usr/sbin
                   #4  /usr/local/bin
22:05:57 DEBUG Waiting up to 600 secs for process systemctl&lt;serv_mapper1&gt; (pid 25920)
22:05:57 INFO  Executed systemctl&lt;serv_mapper1&gt;, exit status 3
22:05:57 INFO  Restarting mosquitto too frequently in the last 10 seconds. It was only up for 3 seconds
22:05:57 INFO  Delaying execution by 8 seconds
22:06:05 DEBUG Process parameters for sudo&lt;tedge_connect_c8y&gt;
  command line : /usr/bin/sudo /usr/bin/tedge connect c8y
    arg #1     : /usr/bin/tedge
    arg #2     : connect
    arg #3     : c8y
  working dir  : /home/pi/actions-runner/_work/thin-edge.io/thin-edge.io/tests/PySys/software_management_end_to_end/sm_mixed_install_remove_multiple/Output/linux
  stdout       : /home/pi/actions-runner/_work/thin-edge.io/thin-edge.io/tests/PySys/software_management_end_to_end/sm_mixed_install_remove_multiple/Output/linux/tedge_connect_c8y.out
  stderr       : /home/pi/actions-runner/_work/thin-edge.io/thin-edge.io/tests/PySys/software_management_end_to_end/sm_mixed_install_remove_multiple/Output/linux/tedge_connect_c8y.err
  environment  : LD_LIBRARY_PATH=/usr/lib
  environment  : PATH=/bin:/usr/bin:/usr/sbin:/usr/local/bin
                   #1  /bin
                   #2  /usr/bin
                   #3  /usr/sbin
                   #4  /usr/local/bin
22:06:05 DEBUG Waiting up to 600 secs for process sudo&lt;tedge_connect_c8y&gt; (pid 25927)
22:06:17 INFO  Executed sudo&lt;tedge_connect_c8y&gt;, exit status 0, duration 11 secs
22:06:17 DEBUG Process parameters for sudo&lt;tedge_connect_c8y_test&gt;
  command line : /usr/bin/sudo /usr/bin/tedge connect c8y --test
    arg #1     : /usr/bin/tedge
    arg #2     : connect
    arg #3     : c8y
    arg #4     : --test
  working dir  : /home/pi/actions-runner/_work/thin-edge.io/thin-edge.io/tests/PySys/software_management_end_to_end/sm_mixed_install_remove_multiple/Output/linux
  stdout       : /home/pi/actions-runner/_work/thin-edge.io/thin-edge.io/tests/PySys/software_management_end_to_end/sm_mixed_install_remove_multiple/Output/linux/tedge_connect_c8y_test.out
  stderr       : /home/pi/actions-runner/_work/thin-edge.io/thin-edge.io/tests/PySys/software_management_end_to_end/sm_mixed_install_remove_multiple/Output/linux/tedge_connect_c8y_test.err
  environment  : LD_LIBRARY_PATH=/usr/lib
  environment  : PATH=/bin:/usr/bin:/usr/sbin:/usr/local/bin
                   #1  /bin
                   #2  /usr/bin
                   #3  /usr/sbin
                   #4  /usr/local/bin
22:06:17 DEBUG Waiting up to 600 secs for process sudo&lt;tedge_connect_c8y_test&gt; (pid 26074)
22:06:17 INFO  Executed sudo&lt;tedge_connect_c8y_test&gt;, exit status 0
22:06:17 DEBUG Process parameters for systemctl&lt;serv_mosq2&gt;
  command line : /usr/bin/systemctl status mosquitto
    arg #1     : status
    arg #2     : mosquitto
  working dir  : /home/pi/actions-runner/_work/thin-edge.io/thin-edge.io/tests/PySys/software_management_end_to_end/sm_mixed_install_remove_multiple/Output/linux
  stdout       : /home/pi/actions-runner/_work/thin-edge.io/thin-edge.io/tests/PySys/software_management_end_to_end/sm_mixed_install_remove_multiple/Output/linux/serv_mosq2.out
  stderr       : /home/pi/actions-runner/_work/thin-edge.io/thin-edge.io/tests/PySys/software_management_end_to_end/sm_mixed_install_remove_multiple/Output/linux/serv_mosq2.err
  environment  : LD_LIBRARY_PATH=/usr/lib
  environment  : PATH=/bin:/usr/bin:/usr/sbin:/usr/local/bin
                   #1  /bin
                   #2  /usr/bin
                   #3  /usr/sbin
                   #4  /usr/local/bin
22:06:17 DEBUG Waiting up to 600 secs for process systemctl&lt;serv_mosq2&gt; (pid 26091)
22:06:17 INFO  Executed systemctl&lt;serv_mosq2&gt;, exit status 0
22:06:17 DEBUG Process parameters for systemctl&lt;serv_mapper3&gt;
  command line : /usr/bin/systemctl status tedge-mapper-c8y
    arg #1     : status
    arg #2     : tedge-mapper-c8y
  working dir  : /home/pi/actions-runner/_work/thin-edge.io/thin-edge.io/tests/PySys/software_management_end_to_end/sm_mixed_install_remove_multiple/Output/linux
  stdout       : /home/pi/actions-runner/_work/thin-edge.io/thin-edge.io/tests/PySys/software_management_end_to_end/sm_mixed_install_remove_multiple/Output/linux/serv_mapper3.out
  stderr       : /home/pi/actions-runner/_work/thin-edge.io/thin-edge.io/tests/PySys/software_management_end_to_end/sm_mixed_install_remove_multiple/Output/linux/serv_mapper3.err
  environment  : LD_LIBRARY_PATH=/usr/lib
  environment  : PATH=/bin:/usr/bin:/usr/sbin:/usr/local/bin
                   #1  /bin
                   #2  /usr/bin
                   #3  /usr/sbin
                   #4  /usr/local/bin
22:06:17 DEBUG Waiting up to 600 secs for process systemctl&lt;serv_mapper3&gt; (pid 26097)
22:06:18 INFO  Executed systemctl&lt;serv_mapper3&gt;, exit status 0
22:06:20 DEBUG Final URL of the request: https://thin-edge-io.eu-latest.cumulocity.com/devicecontrol/operations?deviceId=14251852&amp;pageSize=1&amp;revert=true&amp;dateFrom=1970-01-01T00%3A00%3A00.000Z
22:06:20 INFO  State of current operation: SUCCESSFUL
22:06:20 INFO  Package apple is installed
22:06:20 INFO  Assert that (True == value) with value=True ... passed
22:06:20 INFO  Package banana is installed
22:06:20 INFO  Assert that (True == value) with value=True ... passed
22:06:20 INFO  Package cherry is installed
22:06:20 INFO  Assert that (True == value) with value=True ... passed
22:06:21 INFO  Assert that (False == value) with value=False ... passed
22:06:21 INFO  Package registry is installed
22:06:21 WARN  Assert that (False == value) with value=True ... failed 
22:06:21 DEBUG --- test execute
22:06:21 INFO  Response status: 201
22:06:21 INFO  Response to action: {
    &quot;creationTime&quot;: &quot;2022-02-15T22:06:21.352Z&quot;,
    &quot;deviceId&quot;: &quot;14251852&quot;,
    &quot;deviceName&quot;: &quot;offsiteb&quot;,
    &quot;self&quot;: &quot;https://t493319102.eu-latest.cumulocity.com/devicecontrol/operations/14256966&quot;,
    &quot;id&quot;: &quot;14256966&quot;,
    &quot;status&quot;: &quot;PENDING&quot;,
    &quot;description&quot;: &quot;Apply software changes, triggered from PySys: [{'action': 'install', 'id': '5495053', 'name': 'apple', 'url': ' ', 'version': '::fruits'}, {'action': 'install', 'id': '5494888', 'name': 'banana', 'url': ' ', 'version': '::fruits'}, {'action': 'install', 'id': '5475369', 'name': 'asciijump', 'url': ' ', 'version': '::apt'}, {'action': 'install', 'id': '5495382', 'name': 'cherry', 'url': ' ', 'version': '::fruits'}, {'action': 'install', 'id': '8018911', 'name': 'registry', 'url': ' ', 'version': '::docker'}]&quot;,
    &quot;c8y_SoftwareUpdate&quot;: [
        {
            &quot;name&quot;: &quot;apple&quot;,
            &quot;action&quot;: &quot;install&quot;,
            &quot;id&quot;: &quot;5495053&quot;,
            &quot;version&quot;: &quot;::fruits&quot;,
            &quot;url&quot;: &quot; &quot;
        },
        {
            &quot;name&quot;: &quot;banana&quot;,
            &quot;action&quot;: &quot;install&quot;,
            &quot;id&quot;: &quot;5494888&quot;,
            &quot;version&quot;: &quot;::fruits&quot;,
            &quot;url&quot;: &quot; &quot;
        },
        {
            &quot;name&quot;: &quot;asciijump&quot;,
            &quot;action&quot;: &quot;install&quot;,
            &quot;id&quot;: &quot;5475369&quot;,
            &quot;version&quot;: &quot;::apt&quot;,
            &quot;url&quot;: &quot; &quot;
        },
        {
            &quot;name&quot;: &quot;cherry&quot;,
            &quot;action&quot;: &quot;install&quot;,
            &quot;id&quot;: &quot;5495382&quot;,
            &quot;version&quot;: &quot;::fruits&quot;,
            &quot;url&quot;: &quot; &quot;
        },
        {
            &quot;name&quot;: &quot;registry&quot;,
            &quot;action&quot;: &quot;install&quot;,
            &quot;id&quot;: &quot;8018911&quot;,
            &quot;version&quot;: &quot;::docker&quot;,
            &quot;url&quot;: &quot; &quot;
        }
    ]
}
22:06:21 INFO  Started operation: {'creationTime': '2022-02-15T22:06:21.352Z', 'deviceId': '14251852', 'deviceName': 'offsiteb', 'self': 'https://t493319102.eu-latest.cumulocity.com/devicecontrol/operations/14256966', 'id': '14256966', 'status': 'PENDING', 'description': &quot;Apply software changes, triggered from PySys: [{'action': 'install', 'id': '5495053', 'name': 'apple', 'url': ' ', 'version': '::fruits'}, {'action': 'install', 'id': '5494888', 'name': 'banana', 'url': ' ', 'version': '::fruits'}, {'action': 'install', 'id': '5475369', 'name': 'asciijump', 'url': ' ', 'version': '::apt'}, {'action': 'install', 'id': '5495382', 'name': 'cherry', 'url': ' ', 'version': '::fruits'}, {'action': 'install', 'id': '8018911', 'name': 'registry', 'url': ' ', 'version': '::docker'}]&quot;, 'c8y_SoftwareUpdate': [{'name': 'apple', 'action': 'install', 'id': '5495053', 'version': '::fruits', 'url': ' '}, {'name': 'banana', 'action': 'install', 'id': '5494888', 'version': '::fruits', 'url': ' '}, {'name': 'asciijump', 'action': 'install', 'id': '5475369', 'version': '::apt', 'url': ' '}, {'name': 'cherry', 'action': 'install', 'id': '5495382', 'version': '::fruits', 'url': ' '}, {'name': 'registry', 'action': 'install', 'id': '8018911', 'version': '::docker', 'url': ' '}]}
22:06:23 INFO  State of operation 14256966 : EXECUTING
22:06:25 INFO  State of operation 14256966 : EXECUTING
22:06:27 INFO  State of operation 14256966 : EXECUTING
22:06:30 INFO  State of operation 14256966 : EXECUTING
22:06:32 INFO  State of operation 14256966 : EXECUTING
22:06:34 INFO  State of operation 14256966 : EXECUTING
22:06:37 INFO  State of operation 14256966 : EXECUTING
22:06:39 INFO  State of operation 14256966 : EXECUTING
22:06:41 INFO  State of operation 14256966 : EXECUTING
22:06:43 INFO  State of operation 14256966 : EXECUTING
22:06:46 INFO  State of operation 14256966 : EXECUTING
22:06:48 INFO  State of operation 14256966 : EXECUTING
22:06:51 INFO  State of operation 14256966 : EXECUTING
22:06:53 INFO  State of operation 14256966 : EXECUTING
22:06:55 INFO  State of operation 14256966 : EXECUTING
22:06:57 INFO  State of operation 14256966 : EXECUTING
22:07:00 INFO  State of operation 14256966 : EXECUTING
22:07:02 INFO  State of operation 14256966 : EXECUTING
22:07:04 INFO  State of operation 14256966 : EXECUTING
22:07:07 INFO  State of operation 14256966 : EXECUTING
22:07:09 INFO  State of operation 14256966 : EXECUTING
22:07:11 INFO  State of operation 14256966 : EXECUTING
22:07:13 INFO  State of operation 14256966 : EXECUTING
22:07:15 INFO  State of operation 14256966 : EXECUTING
22:07:18 INFO  State of operation 14256966 : EXECUTING
22:07:20 INFO  State of operation 14256966 : EXECUTING
22:07:22 INFO  State of operation 14256966 : EXECUTING
22:07:24 INFO  State of operation 14256966 : EXECUTING
22:07:27 INFO  State of operation 14256966 : EXECUTING
22:07:29 INFO  State of operation 14256966 : EXECUTING
22:07:31 INFO  State of operation 14256966 : SUCCESSFUL
22:07:31 INFO  Package apple is installed
22:07:31 INFO  Assert that (True == value) with value=True ... passed
22:07:31 INFO  Package banana is installed
22:07:31 INFO  Assert that (True == value) with value=True ... passed
22:07:31 INFO  Package cherry is installed
22:07:31 INFO  Assert that (True == value) with value=True ... passed
22:07:32 INFO  Package asciijump is installed
22:07:32 INFO  Assert that (True == value) with value=True ... passed
22:07:32 INFO  Package registry is installed
22:07:32 INFO  Assert that (True == value) with value=True ... passed
22:07:32 INFO  Response status: 201
22:07:32 INFO  Response to action: {
    &quot;creationTime&quot;: &quot;2022-02-15T22:07:32.475Z&quot;,
    &quot;deviceId&quot;: &quot;14251852&quot;,
    &quot;deviceName&quot;: &quot;offsiteb&quot;,
    &quot;self&quot;: &quot;https://t493319102.eu-latest.cumulocity.com/devicecontrol/operations/14256968&quot;,
    &quot;id&quot;: &quot;14256968&quot;,
    &quot;status&quot;: &quot;PENDING&quot;,
    &quot;description&quot;: &quot;Apply software changes, triggered from PySys: [{'action': 'delete', 'id': '5495053', 'name': 'apple', 'url': ' ', 'version': '::fruits'}, {'action': 'delete', 'id': '5494888', 'name': 'banana', 'url': ' ', 'version': '::fruits'}, {'action': 'delete', 'id': '5475369', 'name': 'asciijump', 'url': ' ', 'version': '::apt'}, {'action': 'delete', 'id': '5495382', 'name': 'cherry', 'url': ' ', 'version': '::fruits'}, {'action': 'delete', 'id': '8018911', 'name': 'registry', 'url': ' ', 'version': '::docker'}]&quot;,
    &quot;c8y_SoftwareUpdate&quot;: [
        {
            &quot;name&quot;: &quot;apple&quot;,
            &quot;action&quot;: &quot;delete&quot;,
            &quot;id&quot;: &quot;5495053&quot;,
            &quot;version&quot;: &quot;::fruits&quot;,
            &quot;url&quot;: &quot; &quot;
        },
        {
            &quot;name&quot;: &quot;banana&quot;,
            &quot;action&quot;: &quot;delete&quot;,
            &quot;id&quot;: &quot;5494888&quot;,
            &quot;version&quot;: &quot;::fruits&quot;,
            &quot;url&quot;: &quot; &quot;
        },
        {
            &quot;name&quot;: &quot;asciijump&quot;,
            &quot;action&quot;: &quot;delete&quot;,
            &quot;id&quot;: &quot;5475369&quot;,
            &quot;version&quot;: &quot;::apt&quot;,
            &quot;url&quot;: &quot; &quot;
        },
        {
            &quot;name&quot;: &quot;cherry&quot;,
            &quot;action&quot;: &quot;delete&quot;,
            &quot;id&quot;: &quot;5495382&quot;,
            &quot;version&quot;: &quot;::fruits&quot;,
            &quot;url&quot;: &quot; &quot;
        },
        {
            &quot;name&quot;: &quot;registry&quot;,
            &quot;action&quot;: &quot;delete&quot;,
            &quot;id&quot;: &quot;8018911&quot;,
            &quot;version&quot;: &quot;::docker&quot;,
            &quot;url&quot;: &quot; &quot;
        }
    ]
}
22:07:32 INFO  Started operation: {'creationTime': '2022-02-15T22:07:32.475Z', 'deviceId': '14251852', 'deviceName': 'offsiteb', 'self': 'https://t493319102.eu-latest.cumulocity.com/devicecontrol/operations/14256968', 'id': '14256968', 'status': 'PENDING', 'description': &quot;Apply software changes, triggered from PySys: [{'action': 'delete', 'id': '5495053', 'name': 'apple', 'url': ' ', 'version': '::fruits'}, {'action': 'delete', 'id': '5494888', 'name': 'banana', 'url': ' ', 'version': '::fruits'}, {'action': 'delete', 'id': '5475369', 'name': 'asciijump', 'url': ' ', 'version': '::apt'}, {'action': 'delete', 'id': '5495382', 'name': 'cherry', 'url': ' ', 'version': '::fruits'}, {'action': 'delete', 'id': '8018911', 'name': 'registry', 'url': ' ', 'version': '::docker'}]&quot;, 'c8y_SoftwareUpdate': [{'name': 'apple', 'action': 'delete', 'id': '5495053', 'version': '::fruits', 'url': ' '}, {'name': 'banana', 'action': 'delete', 'id': '5494888', 'version': '::fruits', 'url': ' '}, {'name': 'asciijump', 'action': 'delete', 'id': '5475369', 'version': '::apt', 'url': ' '}, {'name': 'cherry', 'action': 'delete', 'id': '5495382', 'version': '::fruits', 'url': ' '}, {'name': 'registry', 'action': 'delete', 'id': '8018911', 'version': '::docker', 'url': ' '}]}
22:07:34 INFO  State of operation 14256968 : EXECUTING
22:07:36 INFO  State of operation 14256968 : EXECUTING
22:07:39 INFO  State of operation 14256968 : EXECUTING
22:07:41 INFO  State of operation 14256968 : EXECUTING
22:07:43 INFO  State of operation 14256968 : EXECUTING
22:07:46 INFO  State of operation 14256968 : EXECUTING
22:07:48 INFO  State of operation 14256968 : EXECUTING
22:07:50 INFO  State of operation 14256968 : EXECUTING
22:07:52 INFO  State of operation 14256968 : EXECUTING
22:07:55 INFO  State of operation 14256968 : EXECUTING
22:07:57 INFO  State of operation 14256968 : EXECUTING
22:07:59 INFO  State of operation 14256968 : EXECUTING
22:08:02 INFO  State of operation 14256968 : EXECUTING
22:08:04 INFO  State of operation 14256968 : EXECUTING
22:08:06 INFO  State of operation 14256968 : EXECUTING
22:08:08 INFO  State of operation 14256968 : EXECUTING
22:08:11 INFO  State of operation 14256968 : EXECUTING
22:08:13 INFO  State of operation 14256968 : EXECUTING
22:08:15 INFO  State of operation 14256968 : SUCCESSFUL
22:08:15 DEBUG --- test validate
22:08:15 INFO  Package apple is installed
22:08:15 INFO  Assert that (True == value) with value=True ... passed
22:08:15 INFO  Package banana is installed
22:08:15 INFO  Assert that (True == value) with value=True ... passed
22:08:15 INFO  Package cherry is installed
22:08:15 INFO  Assert that (True == value) with value=True ... passed
22:08:16 INFO  Assert that (False == value) with value=False ... passed
22:08:16 INFO  Assert that (False == value) with value=False ... passed
22:08:16 DEBUG --- test cleanup
22:08:16 INFO  
22:08:16 INFO  cleanup:
22:08:16 DEBUG Running registered cleanup function: &lt;bound method SoftwareManagement.mysmcleanup of &lt;PySysTest object at 0x75c11c70&gt;&gt;
22:08:16 DEBUG Running registered cleanup function: &lt;bound method EnvironmentC8y.myenvcleanup of &lt;PySysTest object at 0x75c11c70&gt;&gt;
22:08:16 DEBUG EnvironmentC8y Cleanup
22:08:16 DEBUG Process parameters for sudo&lt;tedge_disconnect_c8y&gt;
  command line : /usr/bin/sudo /usr/bin/tedge disconnect c8y
    arg #1     : /usr/bin/tedge
    arg #2     : disconnect
    arg #3     : c8y
  working dir  : /home/pi/actions-runner/_work/thin-edge.io/thin-edge.io/tests/PySys/software_management_end_to_end/sm_mixed_install_remove_multiple/Output/linux
  stdout       : /home/pi/actions-runner/_work/thin-edge.io/thin-edge.io/tests/PySys/software_management_end_to_end/sm_mixed_install_remove_multiple/Output/linux/tedge_disconnect_c8y.out
  stderr       : /home/pi/actions-runner/_work/thin-edge.io/thin-edge.io/tests/PySys/software_management_end_to_end/sm_mixed_install_remove_multiple/Output/linux/tedge_disconnect_c8y.err
  environment  : LD_LIBRARY_PATH=/usr/lib
  environment  : PATH=/bin:/usr/bin:/usr/sbin:/usr/local/bin
                   #1  /bin
                   #2  /usr/bin
                   #3  /usr/sbin
                   #4  /usr/local/bin
22:08:16 DEBUG Waiting up to 600 secs for process sudo&lt;tedge_disconnect_c8y&gt; (pid 27073)
22:08:19 INFO  Executed sudo&lt;tedge_disconnect_c8y&gt;, exit status 0
22:08:19 DEBUG Process parameters for systemctl&lt;serv_mapper5&gt;
  command line : /usr/bin/systemctl status tedge-mapper-c8y
    arg #1     : status
    arg #2     : tedge-mapper-c8y
  working dir  : /home/pi/actions-runner/_work/thin-edge.io/thin-edge.io/tests/PySys/software_management_end_to_end/sm_mixed_install_remove_multiple/Output/linux
  stdout       : /home/pi/actions-runner/_work/thin-edge.io/thin-edge.io/tests/PySys/software_management_end_to_end/sm_mixed_install_remove_multiple/Output/linux/serv_mapper5.out
  stderr       : /home/pi/actions-runner/_work/thin-edge.io/thin-edge.io/tests/PySys/software_management_end_to_end/sm_mixed_install_remove_multiple/Output/linux/serv_mapper5.err
  environment  : LD_LIBRARY_PATH=/usr/lib
  environment  : PATH=/bin:/usr/bin:/usr/sbin:/usr/local/bin
                   #1  /bin
                   #2  /usr/bin
                   #3  /usr/sbin
                   #4  /usr/local/bin
22:08:19 DEBUG Waiting up to 600 secs for process systemctl&lt;serv_mapper5&gt; (pid 27132)
22:08:20 INFO  Executed systemctl&lt;serv_mapper5&gt;, exit status 3
22:08:20 DEBUG ProcessUser cleanup function done.
22:08:20 INFO  
22:08:20 INFO  Test duration: 142.73 secs
22:08:20 INFO  Test final outcome:  FAILED
22:08:20 INFO  Test outcome reason: Assert that (False == value) with value=True
22:08:20 INFO  
</system-out>
	</testcase>
</testsuite>
