<?xml version="1.0" encoding="utf-8"?>
<testsuite failures="1" name="SoftwareManagement.sm_apt_install_remove_default" skipped="0" tests="1" time="156.61" timestamp="2022-02-24T14:14:08">
	<testcase classname="PySysTest" name="SoftwareManagement.sm_apt_install_remove_default">
		<failure message="BLOCKED: SystemError: Timeout while waiting for status FAILED or SUCCESSFUL" type="BLOCKED"/>
		<system-out>14:11:31 INFO  ==============================================================
14:11:31 INFO  Id:    SoftwareManagement.sm_apt_install_remove_default
14:11:31 INFO  Dir:   software_management_end_to_end/
14:11:31 INFO  Title: Validate end to end behaviour for the default plugin for installation and removal of packages
14:11:31 DEBUG Execution order hint: 0.0
14:11:31 INFO  ==============================================================
14:11:31 INFO  Using sw id database: {'asciijump': '5475369', 'robotfindskitten': '5474869', 'squirrel3': '5475279', 'rolldice': '5152439', 'moon-buggy': '5439204', 'apple': '5495053', 'banana': '5494888', 'cherry': '5495382', 'watermelon': '5494510', 'registry': '8018911', 'hello-world': '8021526', 'docker/getting-started': '8021973', 'alpine': '7991792'}
14:11:31 DEBUG EnvironmentC8y Setup
14:11:31 INFO  EnvironmentC8y Setup
14:11:31 DEBUG Process parameters for systemctl&lt;serv_mapper1&gt;
  command line : /usr/bin/systemctl status tedge-mapper-c8y
    arg #1     : status
    arg #2     : tedge-mapper-c8y
  working dir  : /home/pi/actions-runner/_work/thin-edge.io/thin-edge.io/tests/PySys/software_management_end_to_end/sm_apt_install_remove_default/Output/linux
  stdout       : /home/pi/actions-runner/_work/thin-edge.io/thin-edge.io/tests/PySys/software_management_end_to_end/sm_apt_install_remove_default/Output/linux/serv_mapper1.out
  stderr       : /home/pi/actions-runner/_work/thin-edge.io/thin-edge.io/tests/PySys/software_management_end_to_end/sm_apt_install_remove_default/Output/linux/serv_mapper1.err
  environment  : LD_LIBRARY_PATH=/usr/lib
  environment  : PATH=/bin:/usr/bin:/usr/sbin:/usr/local/bin
                   #1  /bin
                   #2  /usr/bin
                   #3  /usr/sbin
                   #4  /usr/local/bin
14:11:31 DEBUG Waiting up to 600 secs for process systemctl&lt;serv_mapper1&gt; (pid 795)
14:11:32 INFO  Executed systemctl&lt;serv_mapper1&gt;, exit status 3
14:11:32 INFO  Restarting mosquitto too frequently in the last 10 seconds. It was only up for 3 seconds
14:11:32 INFO  Delaying execution by 8 seconds
14:11:40 DEBUG Process parameters for sudo&lt;tedge_connect_c8y&gt;
  command line : /usr/bin/sudo /usr/bin/tedge connect c8y
    arg #1     : /usr/bin/tedge
    arg #2     : connect
    arg #3     : c8y
  working dir  : /home/pi/actions-runner/_work/thin-edge.io/thin-edge.io/tests/PySys/software_management_end_to_end/sm_apt_install_remove_default/Output/linux
  stdout       : /home/pi/actions-runner/_work/thin-edge.io/thin-edge.io/tests/PySys/software_management_end_to_end/sm_apt_install_remove_default/Output/linux/tedge_connect_c8y.out
  stderr       : /home/pi/actions-runner/_work/thin-edge.io/thin-edge.io/tests/PySys/software_management_end_to_end/sm_apt_install_remove_default/Output/linux/tedge_connect_c8y.err
  environment  : LD_LIBRARY_PATH=/usr/lib
  environment  : PATH=/bin:/usr/bin:/usr/sbin:/usr/local/bin
                   #1  /bin
                   #2  /usr/bin
                   #3  /usr/sbin
                   #4  /usr/local/bin
14:11:40 DEBUG Waiting up to 600 secs for process sudo&lt;tedge_connect_c8y&gt; (pid 800)
14:11:50 INFO  Executed sudo&lt;tedge_connect_c8y&gt;, exit status 0
14:11:50 DEBUG Process parameters for sudo&lt;tedge_connect_c8y_test&gt;
  command line : /usr/bin/sudo /usr/bin/tedge connect c8y --test
    arg #1     : /usr/bin/tedge
    arg #2     : connect
    arg #3     : c8y
    arg #4     : --test
  working dir  : /home/pi/actions-runner/_work/thin-edge.io/thin-edge.io/tests/PySys/software_management_end_to_end/sm_apt_install_remove_default/Output/linux
  stdout       : /home/pi/actions-runner/_work/thin-edge.io/thin-edge.io/tests/PySys/software_management_end_to_end/sm_apt_install_remove_default/Output/linux/tedge_connect_c8y_test.out
  stderr       : /home/pi/actions-runner/_work/thin-edge.io/thin-edge.io/tests/PySys/software_management_end_to_end/sm_apt_install_remove_default/Output/linux/tedge_connect_c8y_test.err
  environment  : LD_LIBRARY_PATH=/usr/lib
  environment  : PATH=/bin:/usr/bin:/usr/sbin:/usr/local/bin
                   #1  /bin
                   #2  /usr/bin
                   #3  /usr/sbin
                   #4  /usr/local/bin
14:11:50 DEBUG Waiting up to 600 secs for process sudo&lt;tedge_connect_c8y_test&gt; (pid 911)
14:11:50 INFO  Executed sudo&lt;tedge_connect_c8y_test&gt;, exit status 0
14:11:50 DEBUG Process parameters for systemctl&lt;serv_mosq2&gt;
  command line : /usr/bin/systemctl status mosquitto
    arg #1     : status
    arg #2     : mosquitto
  working dir  : /home/pi/actions-runner/_work/thin-edge.io/thin-edge.io/tests/PySys/software_management_end_to_end/sm_apt_install_remove_default/Output/linux
  stdout       : /home/pi/actions-runner/_work/thin-edge.io/thin-edge.io/tests/PySys/software_management_end_to_end/sm_apt_install_remove_default/Output/linux/serv_mosq2.out
  stderr       : /home/pi/actions-runner/_work/thin-edge.io/thin-edge.io/tests/PySys/software_management_end_to_end/sm_apt_install_remove_default/Output/linux/serv_mosq2.err
  environment  : LD_LIBRARY_PATH=/usr/lib
  environment  : PATH=/bin:/usr/bin:/usr/sbin:/usr/local/bin
                   #1  /bin
                   #2  /usr/bin
                   #3  /usr/sbin
                   #4  /usr/local/bin
14:11:50 DEBUG Waiting up to 600 secs for process systemctl&lt;serv_mosq2&gt; (pid 930)
14:11:51 INFO  Executed systemctl&lt;serv_mosq2&gt;, exit status 0
14:11:51 DEBUG Process parameters for systemctl&lt;serv_mapper3&gt;
  command line : /usr/bin/systemctl status tedge-mapper-c8y
    arg #1     : status
    arg #2     : tedge-mapper-c8y
  working dir  : /home/pi/actions-runner/_work/thin-edge.io/thin-edge.io/tests/PySys/software_management_end_to_end/sm_apt_install_remove_default/Output/linux
  stdout       : /home/pi/actions-runner/_work/thin-edge.io/thin-edge.io/tests/PySys/software_management_end_to_end/sm_apt_install_remove_default/Output/linux/serv_mapper3.out
  stderr       : /home/pi/actions-runner/_work/thin-edge.io/thin-edge.io/tests/PySys/software_management_end_to_end/sm_apt_install_remove_default/Output/linux/serv_mapper3.err
  environment  : LD_LIBRARY_PATH=/usr/lib
  environment  : PATH=/bin:/usr/bin:/usr/sbin:/usr/local/bin
                   #1  /bin
                   #2  /usr/bin
                   #3  /usr/sbin
                   #4  /usr/local/bin
14:11:51 DEBUG Waiting up to 600 secs for process systemctl&lt;serv_mapper3&gt; (pid 933)
14:11:51 INFO  Executed systemctl&lt;serv_mapper3&gt;, exit status 0
14:11:53 DEBUG Final URL of the request: https://thin-edge-io.eu-latest.cumulocity.com/devicecontrol/operations?deviceId=14255019&amp;pageSize=1&amp;revert=true&amp;dateFrom=1970-01-01T00%3A00%3A00.000Z
14:11:53 INFO  State of current operation: PENDING
14:11:53 DEBUG Final URL of the request: https://thin-edge-io.eu-latest.cumulocity.com/devicecontrol/operations?deviceId=14255019&amp;pageSize=1&amp;revert=true&amp;dateFrom=1970-01-01T00%3A00%3A00.000Z
14:11:53 DEBUG State of current operation: {
    &quot;creationTime&quot;: &quot;2022-02-24T13:33:12.290Z&quot;,
    &quot;deviceId&quot;: &quot;14255019&quot;,
    &quot;deviceName&quot;: &quot;offsitea&quot;,
    &quot;self&quot;: &quot;https://t493319102.eu-latest.cumulocity.com/devicecontrol/operations/14605032&quot;,
    &quot;id&quot;: &quot;14605032&quot;,
    &quot;status&quot;: &quot;PENDING&quot;,
    &quot;c8y_LogfileRequest&quot;: {
        &quot;searchText&quot;: &quot;&quot;,
        &quot;logFile&quot;: &quot;software-management&quot;,
        &quot;dateTo&quot;: &quot;2021-11-21T18:55:49+0530&quot;,
        &quot;dateFrom&quot;: &quot;2021-11-15T18:55:49+0530&quot;,
        &quot;maximumLines&quot;: 300
    },
    &quot;description&quot;: &quot;Log file request&quot;
}
14:11:55 DEBUG Final URL of the request: https://thin-edge-io.eu-latest.cumulocity.com/devicecontrol/operations?deviceId=14255019&amp;pageSize=1&amp;revert=true&amp;dateFrom=1970-01-01T00%3A00%3A00.000Z
14:11:55 INFO  State of current operation: PENDING
14:11:55 DEBUG Final URL of the request: https://thin-edge-io.eu-latest.cumulocity.com/devicecontrol/operations?deviceId=14255019&amp;pageSize=1&amp;revert=true&amp;dateFrom=1970-01-01T00%3A00%3A00.000Z
14:11:55 DEBUG State of current operation: {
    &quot;creationTime&quot;: &quot;2022-02-24T13:33:12.290Z&quot;,
    &quot;deviceId&quot;: &quot;14255019&quot;,
    &quot;deviceName&quot;: &quot;offsitea&quot;,
    &quot;self&quot;: &quot;https://t493319102.eu-latest.cumulocity.com/devicecontrol/operations/14605032&quot;,
    &quot;id&quot;: &quot;14605032&quot;,
    &quot;status&quot;: &quot;PENDING&quot;,
    &quot;c8y_LogfileRequest&quot;: {
        &quot;searchText&quot;: &quot;&quot;,
        &quot;logFile&quot;: &quot;software-management&quot;,
        &quot;dateTo&quot;: &quot;2021-11-21T18:55:49+0530&quot;,
        &quot;dateFrom&quot;: &quot;2021-11-15T18:55:49+0530&quot;,
        &quot;maximumLines&quot;: 300
    },
    &quot;description&quot;: &quot;Log file request&quot;
}
14:11:57 DEBUG Final URL of the request: https://thin-edge-io.eu-latest.cumulocity.com/devicecontrol/operations?deviceId=14255019&amp;pageSize=1&amp;revert=true&amp;dateFrom=1970-01-01T00%3A00%3A00.000Z
14:11:57 INFO  State of current operation: PENDING
14:11:57 DEBUG Final URL of the request: https://thin-edge-io.eu-latest.cumulocity.com/devicecontrol/operations?deviceId=14255019&amp;pageSize=1&amp;revert=true&amp;dateFrom=1970-01-01T00%3A00%3A00.000Z
14:11:57 DEBUG State of current operation: {
    &quot;creationTime&quot;: &quot;2022-02-24T13:33:12.290Z&quot;,
    &quot;deviceId&quot;: &quot;14255019&quot;,
    &quot;deviceName&quot;: &quot;offsitea&quot;,
    &quot;self&quot;: &quot;https://t493319102.eu-latest.cumulocity.com/devicecontrol/operations/14605032&quot;,
    &quot;id&quot;: &quot;14605032&quot;,
    &quot;status&quot;: &quot;PENDING&quot;,
    &quot;c8y_LogfileRequest&quot;: {
        &quot;searchText&quot;: &quot;&quot;,
        &quot;logFile&quot;: &quot;software-management&quot;,
        &quot;dateTo&quot;: &quot;2021-11-21T18:55:49+0530&quot;,
        &quot;dateFrom&quot;: &quot;2021-11-15T18:55:49+0530&quot;,
        &quot;maximumLines&quot;: 300
    },
    &quot;description&quot;: &quot;Log file request&quot;
}
14:12:00 DEBUG Final URL of the request: https://thin-edge-io.eu-latest.cumulocity.com/devicecontrol/operations?deviceId=14255019&amp;pageSize=1&amp;revert=true&amp;dateFrom=1970-01-01T00%3A00%3A00.000Z
14:12:00 INFO  State of current operation: PENDING
14:12:00 DEBUG Final URL of the request: https://thin-edge-io.eu-latest.cumulocity.com/devicecontrol/operations?deviceId=14255019&amp;pageSize=1&amp;revert=true&amp;dateFrom=1970-01-01T00%3A00%3A00.000Z
14:12:00 DEBUG State of current operation: {
    &quot;creationTime&quot;: &quot;2022-02-24T13:33:12.290Z&quot;,
    &quot;deviceId&quot;: &quot;14255019&quot;,
    &quot;deviceName&quot;: &quot;offsitea&quot;,
    &quot;self&quot;: &quot;https://t493319102.eu-latest.cumulocity.com/devicecontrol/operations/14605032&quot;,
    &quot;id&quot;: &quot;14605032&quot;,
    &quot;status&quot;: &quot;PENDING&quot;,
    &quot;c8y_LogfileRequest&quot;: {
        &quot;searchText&quot;: &quot;&quot;,
        &quot;logFile&quot;: &quot;software-management&quot;,
        &quot;dateTo&quot;: &quot;2021-11-21T18:55:49+0530&quot;,
        &quot;dateFrom&quot;: &quot;2021-11-15T18:55:49+0530&quot;,
        &quot;maximumLines&quot;: 300
    },
    &quot;description&quot;: &quot;Log file request&quot;
}
14:12:02 DEBUG Final URL of the request: https://thin-edge-io.eu-latest.cumulocity.com/devicecontrol/operations?deviceId=14255019&amp;pageSize=1&amp;revert=true&amp;dateFrom=1970-01-01T00%3A00%3A00.000Z
14:12:02 INFO  State of current operation: PENDING
14:12:02 DEBUG Final URL of the request: https://thin-edge-io.eu-latest.cumulocity.com/devicecontrol/operations?deviceId=14255019&amp;pageSize=1&amp;revert=true&amp;dateFrom=1970-01-01T00%3A00%3A00.000Z
14:12:02 DEBUG State of current operation: {
    &quot;creationTime&quot;: &quot;2022-02-24T13:33:12.290Z&quot;,
    &quot;deviceId&quot;: &quot;14255019&quot;,
    &quot;deviceName&quot;: &quot;offsitea&quot;,
    &quot;self&quot;: &quot;https://t493319102.eu-latest.cumulocity.com/devicecontrol/operations/14605032&quot;,
    &quot;id&quot;: &quot;14605032&quot;,
    &quot;status&quot;: &quot;PENDING&quot;,
    &quot;c8y_LogfileRequest&quot;: {
        &quot;searchText&quot;: &quot;&quot;,
        &quot;logFile&quot;: &quot;software-management&quot;,
        &quot;dateTo&quot;: &quot;2021-11-21T18:55:49+0530&quot;,
        &quot;dateFrom&quot;: &quot;2021-11-15T18:55:49+0530&quot;,
        &quot;maximumLines&quot;: 300
    },
    &quot;description&quot;: &quot;Log file request&quot;
}
14:12:04 DEBUG Final URL of the request: https://thin-edge-io.eu-latest.cumulocity.com/devicecontrol/operations?deviceId=14255019&amp;pageSize=1&amp;revert=true&amp;dateFrom=1970-01-01T00%3A00%3A00.000Z
14:12:04 INFO  State of current operation: PENDING
14:12:04 DEBUG Final URL of the request: https://thin-edge-io.eu-latest.cumulocity.com/devicecontrol/operations?deviceId=14255019&amp;pageSize=1&amp;revert=true&amp;dateFrom=1970-01-01T00%3A00%3A00.000Z
14:12:04 DEBUG State of current operation: {
    &quot;creationTime&quot;: &quot;2022-02-24T13:33:12.290Z&quot;,
    &quot;deviceId&quot;: &quot;14255019&quot;,
    &quot;deviceName&quot;: &quot;offsitea&quot;,
    &quot;self&quot;: &quot;https://t493319102.eu-latest.cumulocity.com/devicecontrol/operations/14605032&quot;,
    &quot;id&quot;: &quot;14605032&quot;,
    &quot;status&quot;: &quot;PENDING&quot;,
    &quot;c8y_LogfileRequest&quot;: {
        &quot;searchText&quot;: &quot;&quot;,
        &quot;logFile&quot;: &quot;software-management&quot;,
        &quot;dateTo&quot;: &quot;2021-11-21T18:55:49+0530&quot;,
        &quot;dateFrom&quot;: &quot;2021-11-15T18:55:49+0530&quot;,
        &quot;maximumLines&quot;: 300
    },
    &quot;description&quot;: &quot;Log file request&quot;
}
14:12:06 DEBUG Final URL of the request: https://thin-edge-io.eu-latest.cumulocity.com/devicecontrol/operations?deviceId=14255019&amp;pageSize=1&amp;revert=true&amp;dateFrom=1970-01-01T00%3A00%3A00.000Z
14:12:06 INFO  State of current operation: PENDING
14:12:06 DEBUG Final URL of the request: https://thin-edge-io.eu-latest.cumulocity.com/devicecontrol/operations?deviceId=14255019&amp;pageSize=1&amp;revert=true&amp;dateFrom=1970-01-01T00%3A00%3A00.000Z
14:12:06 DEBUG State of current operation: {
    &quot;creationTime&quot;: &quot;2022-02-24T13:33:12.290Z&quot;,
    &quot;deviceId&quot;: &quot;14255019&quot;,
    &quot;deviceName&quot;: &quot;offsitea&quot;,
    &quot;self&quot;: &quot;https://t493319102.eu-latest.cumulocity.com/devicecontrol/operations/14605032&quot;,
    &quot;id&quot;: &quot;14605032&quot;,
    &quot;status&quot;: &quot;PENDING&quot;,
    &quot;c8y_LogfileRequest&quot;: {
        &quot;searchText&quot;: &quot;&quot;,
        &quot;logFile&quot;: &quot;software-management&quot;,
        &quot;dateTo&quot;: &quot;2021-11-21T18:55:49+0530&quot;,
        &quot;dateFrom&quot;: &quot;2021-11-15T18:55:49+0530&quot;,
        &quot;maximumLines&quot;: 300
    },
    &quot;description&quot;: &quot;Log file request&quot;
}
14:12:08 DEBUG Final URL of the request: https://thin-edge-io.eu-latest.cumulocity.com/devicecontrol/operations?deviceId=14255019&amp;pageSize=1&amp;revert=true&amp;dateFrom=1970-01-01T00%3A00%3A00.000Z
14:12:08 INFO  State of current operation: PENDING
14:12:08 DEBUG Final URL of the request: https://thin-edge-io.eu-latest.cumulocity.com/devicecontrol/operations?deviceId=14255019&amp;pageSize=1&amp;revert=true&amp;dateFrom=1970-01-01T00%3A00%3A00.000Z
14:12:08 DEBUG State of current operation: {
    &quot;creationTime&quot;: &quot;2022-02-24T13:33:12.290Z&quot;,
    &quot;deviceId&quot;: &quot;14255019&quot;,
    &quot;deviceName&quot;: &quot;offsitea&quot;,
    &quot;self&quot;: &quot;https://t493319102.eu-latest.cumulocity.com/devicecontrol/operations/14605032&quot;,
    &quot;id&quot;: &quot;14605032&quot;,
    &quot;status&quot;: &quot;PENDING&quot;,
    &quot;c8y_LogfileRequest&quot;: {
        &quot;searchText&quot;: &quot;&quot;,
        &quot;logFile&quot;: &quot;software-management&quot;,
        &quot;dateTo&quot;: &quot;2021-11-21T18:55:49+0530&quot;,
        &quot;dateFrom&quot;: &quot;2021-11-15T18:55:49+0530&quot;,
        &quot;maximumLines&quot;: 300
    },
    &quot;description&quot;: &quot;Log file request&quot;
}
14:12:10 DEBUG Final URL of the request: https://thin-edge-io.eu-latest.cumulocity.com/devicecontrol/operations?deviceId=14255019&amp;pageSize=1&amp;revert=true&amp;dateFrom=1970-01-01T00%3A00%3A00.000Z
14:12:10 INFO  State of current operation: PENDING
14:12:10 DEBUG Final URL of the request: https://thin-edge-io.eu-latest.cumulocity.com/devicecontrol/operations?deviceId=14255019&amp;pageSize=1&amp;revert=true&amp;dateFrom=1970-01-01T00%3A00%3A00.000Z
14:12:10 DEBUG State of current operation: {
    &quot;creationTime&quot;: &quot;2022-02-24T13:33:12.290Z&quot;,
    &quot;deviceId&quot;: &quot;14255019&quot;,
    &quot;deviceName&quot;: &quot;offsitea&quot;,
    &quot;self&quot;: &quot;https://t493319102.eu-latest.cumulocity.com/devicecontrol/operations/14605032&quot;,
    &quot;id&quot;: &quot;14605032&quot;,
    &quot;status&quot;: &quot;PENDING&quot;,
    &quot;c8y_LogfileRequest&quot;: {
        &quot;searchText&quot;: &quot;&quot;,
        &quot;logFile&quot;: &quot;software-management&quot;,
        &quot;dateTo&quot;: &quot;2021-11-21T18:55:49+0530&quot;,
        &quot;dateFrom&quot;: &quot;2021-11-15T18:55:49+0530&quot;,
        &quot;maximumLines&quot;: 300
    },
    &quot;description&quot;: &quot;Log file request&quot;
}
14:12:13 DEBUG Final URL of the request: https://thin-edge-io.eu-latest.cumulocity.com/devicecontrol/operations?deviceId=14255019&amp;pageSize=1&amp;revert=true&amp;dateFrom=1970-01-01T00%3A00%3A00.000Z
14:12:13 INFO  State of current operation: PENDING
14:12:13 DEBUG Final URL of the request: https://thin-edge-io.eu-latest.cumulocity.com/devicecontrol/operations?deviceId=14255019&amp;pageSize=1&amp;revert=true&amp;dateFrom=1970-01-01T00%3A00%3A00.000Z
14:12:13 DEBUG State of current operation: {
    &quot;creationTime&quot;: &quot;2022-02-24T13:33:12.290Z&quot;,
    &quot;deviceId&quot;: &quot;14255019&quot;,
    &quot;deviceName&quot;: &quot;offsitea&quot;,
    &quot;self&quot;: &quot;https://t493319102.eu-latest.cumulocity.com/devicecontrol/operations/14605032&quot;,
    &quot;id&quot;: &quot;14605032&quot;,
    &quot;status&quot;: &quot;PENDING&quot;,
    &quot;c8y_LogfileRequest&quot;: {
        &quot;searchText&quot;: &quot;&quot;,
        &quot;logFile&quot;: &quot;software-management&quot;,
        &quot;dateTo&quot;: &quot;2021-11-21T18:55:49+0530&quot;,
        &quot;dateFrom&quot;: &quot;2021-11-15T18:55:49+0530&quot;,
        &quot;maximumLines&quot;: 300
    },
    &quot;description&quot;: &quot;Log file request&quot;
}
14:12:15 DEBUG Final URL of the request: https://thin-edge-io.eu-latest.cumulocity.com/devicecontrol/operations?deviceId=14255019&amp;pageSize=1&amp;revert=true&amp;dateFrom=1970-01-01T00%3A00%3A00.000Z
14:12:15 INFO  State of current operation: PENDING
14:12:15 DEBUG Final URL of the request: https://thin-edge-io.eu-latest.cumulocity.com/devicecontrol/operations?deviceId=14255019&amp;pageSize=1&amp;revert=true&amp;dateFrom=1970-01-01T00%3A00%3A00.000Z
14:12:15 DEBUG State of current operation: {
    &quot;creationTime&quot;: &quot;2022-02-24T13:33:12.290Z&quot;,
    &quot;deviceId&quot;: &quot;14255019&quot;,
    &quot;deviceName&quot;: &quot;offsitea&quot;,
    &quot;self&quot;: &quot;https://t493319102.eu-latest.cumulocity.com/devicecontrol/operations/14605032&quot;,
    &quot;id&quot;: &quot;14605032&quot;,
    &quot;status&quot;: &quot;PENDING&quot;,
    &quot;c8y_LogfileRequest&quot;: {
        &quot;searchText&quot;: &quot;&quot;,
        &quot;logFile&quot;: &quot;software-management&quot;,
        &quot;dateTo&quot;: &quot;2021-11-21T18:55:49+0530&quot;,
        &quot;dateFrom&quot;: &quot;2021-11-15T18:55:49+0530&quot;,
        &quot;maximumLines&quot;: 300
    },
    &quot;description&quot;: &quot;Log file request&quot;
}
14:12:17 DEBUG Final URL of the request: https://thin-edge-io.eu-latest.cumulocity.com/devicecontrol/operations?deviceId=14255019&amp;pageSize=1&amp;revert=true&amp;dateFrom=1970-01-01T00%3A00%3A00.000Z
14:12:17 INFO  State of current operation: PENDING
14:12:17 DEBUG Final URL of the request: https://thin-edge-io.eu-latest.cumulocity.com/devicecontrol/operations?deviceId=14255019&amp;pageSize=1&amp;revert=true&amp;dateFrom=1970-01-01T00%3A00%3A00.000Z
14:12:17 DEBUG State of current operation: {
    &quot;creationTime&quot;: &quot;2022-02-24T13:33:12.290Z&quot;,
    &quot;deviceId&quot;: &quot;14255019&quot;,
    &quot;deviceName&quot;: &quot;offsitea&quot;,
    &quot;self&quot;: &quot;https://t493319102.eu-latest.cumulocity.com/devicecontrol/operations/14605032&quot;,
    &quot;id&quot;: &quot;14605032&quot;,
    &quot;status&quot;: &quot;PENDING&quot;,
    &quot;c8y_LogfileRequest&quot;: {
        &quot;searchText&quot;: &quot;&quot;,
        &quot;logFile&quot;: &quot;software-management&quot;,
        &quot;dateTo&quot;: &quot;2021-11-21T18:55:49+0530&quot;,
        &quot;dateFrom&quot;: &quot;2021-11-15T18:55:49+0530&quot;,
        &quot;maximumLines&quot;: 300
    },
    &quot;description&quot;: &quot;Log file request&quot;
}
14:12:19 DEBUG Final URL of the request: https://thin-edge-io.eu-latest.cumulocity.com/devicecontrol/operations?deviceId=14255019&amp;pageSize=1&amp;revert=true&amp;dateFrom=1970-01-01T00%3A00%3A00.000Z
14:12:19 INFO  State of current operation: PENDING
14:12:19 DEBUG Final URL of the request: https://thin-edge-io.eu-latest.cumulocity.com/devicecontrol/operations?deviceId=14255019&amp;pageSize=1&amp;revert=true&amp;dateFrom=1970-01-01T00%3A00%3A00.000Z
14:12:19 DEBUG State of current operation: {
    &quot;creationTime&quot;: &quot;2022-02-24T13:33:12.290Z&quot;,
    &quot;deviceId&quot;: &quot;14255019&quot;,
    &quot;deviceName&quot;: &quot;offsitea&quot;,
    &quot;self&quot;: &quot;https://t493319102.eu-latest.cumulocity.com/devicecontrol/operations/14605032&quot;,
    &quot;id&quot;: &quot;14605032&quot;,
    &quot;status&quot;: &quot;PENDING&quot;,
    &quot;c8y_LogfileRequest&quot;: {
        &quot;searchText&quot;: &quot;&quot;,
        &quot;logFile&quot;: &quot;software-management&quot;,
        &quot;dateTo&quot;: &quot;2021-11-21T18:55:49+0530&quot;,
        &quot;dateFrom&quot;: &quot;2021-11-15T18:55:49+0530&quot;,
        &quot;maximumLines&quot;: 300
    },
    &quot;description&quot;: &quot;Log file request&quot;
}
14:12:21 DEBUG Final URL of the request: https://thin-edge-io.eu-latest.cumulocity.com/devicecontrol/operations?deviceId=14255019&amp;pageSize=1&amp;revert=true&amp;dateFrom=1970-01-01T00%3A00%3A00.000Z
14:12:21 INFO  State of current operation: PENDING
14:12:21 DEBUG Final URL of the request: https://thin-edge-io.eu-latest.cumulocity.com/devicecontrol/operations?deviceId=14255019&amp;pageSize=1&amp;revert=true&amp;dateFrom=1970-01-01T00%3A00%3A00.000Z
14:12:21 DEBUG State of current operation: {
    &quot;creationTime&quot;: &quot;2022-02-24T13:33:12.290Z&quot;,
    &quot;deviceId&quot;: &quot;14255019&quot;,
    &quot;deviceName&quot;: &quot;offsitea&quot;,
    &quot;self&quot;: &quot;https://t493319102.eu-latest.cumulocity.com/devicecontrol/operations/14605032&quot;,
    &quot;id&quot;: &quot;14605032&quot;,
    &quot;status&quot;: &quot;PENDING&quot;,
    &quot;c8y_LogfileRequest&quot;: {
        &quot;searchText&quot;: &quot;&quot;,
        &quot;logFile&quot;: &quot;software-management&quot;,
        &quot;dateTo&quot;: &quot;2021-11-21T18:55:49+0530&quot;,
        &quot;dateFrom&quot;: &quot;2021-11-15T18:55:49+0530&quot;,
        &quot;maximumLines&quot;: 300
    },
    &quot;description&quot;: &quot;Log file request&quot;
}
14:12:23 DEBUG Final URL of the request: https://thin-edge-io.eu-latest.cumulocity.com/devicecontrol/operations?deviceId=14255019&amp;pageSize=1&amp;revert=true&amp;dateFrom=1970-01-01T00%3A00%3A00.000Z
14:12:23 INFO  State of current operation: PENDING
14:12:23 DEBUG Final URL of the request: https://thin-edge-io.eu-latest.cumulocity.com/devicecontrol/operations?deviceId=14255019&amp;pageSize=1&amp;revert=true&amp;dateFrom=1970-01-01T00%3A00%3A00.000Z
14:12:23 DEBUG State of current operation: {
    &quot;creationTime&quot;: &quot;2022-02-24T13:33:12.290Z&quot;,
    &quot;deviceId&quot;: &quot;14255019&quot;,
    &quot;deviceName&quot;: &quot;offsitea&quot;,
    &quot;self&quot;: &quot;https://t493319102.eu-latest.cumulocity.com/devicecontrol/operations/14605032&quot;,
    &quot;id&quot;: &quot;14605032&quot;,
    &quot;status&quot;: &quot;PENDING&quot;,
    &quot;c8y_LogfileRequest&quot;: {
        &quot;searchText&quot;: &quot;&quot;,
        &quot;logFile&quot;: &quot;software-management&quot;,
        &quot;dateTo&quot;: &quot;2021-11-21T18:55:49+0530&quot;,
        &quot;dateFrom&quot;: &quot;2021-11-15T18:55:49+0530&quot;,
        &quot;maximumLines&quot;: 300
    },
    &quot;description&quot;: &quot;Log file request&quot;
}
14:12:26 DEBUG Final URL of the request: https://thin-edge-io.eu-latest.cumulocity.com/devicecontrol/operations?deviceId=14255019&amp;pageSize=1&amp;revert=true&amp;dateFrom=1970-01-01T00%3A00%3A00.000Z
14:12:26 INFO  State of current operation: PENDING
14:12:26 DEBUG Final URL of the request: https://thin-edge-io.eu-latest.cumulocity.com/devicecontrol/operations?deviceId=14255019&amp;pageSize=1&amp;revert=true&amp;dateFrom=1970-01-01T00%3A00%3A00.000Z
14:12:26 DEBUG State of current operation: {
    &quot;creationTime&quot;: &quot;2022-02-24T13:33:12.290Z&quot;,
    &quot;deviceId&quot;: &quot;14255019&quot;,
    &quot;deviceName&quot;: &quot;offsitea&quot;,
    &quot;self&quot;: &quot;https://t493319102.eu-latest.cumulocity.com/devicecontrol/operations/14605032&quot;,
    &quot;id&quot;: &quot;14605032&quot;,
    &quot;status&quot;: &quot;PENDING&quot;,
    &quot;c8y_LogfileRequest&quot;: {
        &quot;searchText&quot;: &quot;&quot;,
        &quot;logFile&quot;: &quot;software-management&quot;,
        &quot;dateTo&quot;: &quot;2021-11-21T18:55:49+0530&quot;,
        &quot;dateFrom&quot;: &quot;2021-11-15T18:55:49+0530&quot;,
        &quot;maximumLines&quot;: 300
    },
    &quot;description&quot;: &quot;Log file request&quot;
}
14:12:28 DEBUG Final URL of the request: https://thin-edge-io.eu-latest.cumulocity.com/devicecontrol/operations?deviceId=14255019&amp;pageSize=1&amp;revert=true&amp;dateFrom=1970-01-01T00%3A00%3A00.000Z
14:12:28 INFO  State of current operation: PENDING
14:12:28 DEBUG Final URL of the request: https://thin-edge-io.eu-latest.cumulocity.com/devicecontrol/operations?deviceId=14255019&amp;pageSize=1&amp;revert=true&amp;dateFrom=1970-01-01T00%3A00%3A00.000Z
14:12:28 DEBUG State of current operation: {
    &quot;creationTime&quot;: &quot;2022-02-24T13:33:12.290Z&quot;,
    &quot;deviceId&quot;: &quot;14255019&quot;,
    &quot;deviceName&quot;: &quot;offsitea&quot;,
    &quot;self&quot;: &quot;https://t493319102.eu-latest.cumulocity.com/devicecontrol/operations/14605032&quot;,
    &quot;id&quot;: &quot;14605032&quot;,
    &quot;status&quot;: &quot;PENDING&quot;,
    &quot;c8y_LogfileRequest&quot;: {
        &quot;searchText&quot;: &quot;&quot;,
        &quot;logFile&quot;: &quot;software-management&quot;,
        &quot;dateTo&quot;: &quot;2021-11-21T18:55:49+0530&quot;,
        &quot;dateFrom&quot;: &quot;2021-11-15T18:55:49+0530&quot;,
        &quot;maximumLines&quot;: 300
    },
    &quot;description&quot;: &quot;Log file request&quot;
}
14:12:30 DEBUG Final URL of the request: https://thin-edge-io.eu-latest.cumulocity.com/devicecontrol/operations?deviceId=14255019&amp;pageSize=1&amp;revert=true&amp;dateFrom=1970-01-01T00%3A00%3A00.000Z
14:12:30 INFO  State of current operation: PENDING
14:12:30 DEBUG Final URL of the request: https://thin-edge-io.eu-latest.cumulocity.com/devicecontrol/operations?deviceId=14255019&amp;pageSize=1&amp;revert=true&amp;dateFrom=1970-01-01T00%3A00%3A00.000Z
14:12:30 DEBUG State of current operation: {
    &quot;creationTime&quot;: &quot;2022-02-24T13:33:12.290Z&quot;,
    &quot;deviceId&quot;: &quot;14255019&quot;,
    &quot;deviceName&quot;: &quot;offsitea&quot;,
    &quot;self&quot;: &quot;https://t493319102.eu-latest.cumulocity.com/devicecontrol/operations/14605032&quot;,
    &quot;id&quot;: &quot;14605032&quot;,
    &quot;status&quot;: &quot;PENDING&quot;,
    &quot;c8y_LogfileRequest&quot;: {
        &quot;searchText&quot;: &quot;&quot;,
        &quot;logFile&quot;: &quot;software-management&quot;,
        &quot;dateTo&quot;: &quot;2021-11-21T18:55:49+0530&quot;,
        &quot;dateFrom&quot;: &quot;2021-11-15T18:55:49+0530&quot;,
        &quot;maximumLines&quot;: 300
    },
    &quot;description&quot;: &quot;Log file request&quot;
}
14:12:32 DEBUG Final URL of the request: https://thin-edge-io.eu-latest.cumulocity.com/devicecontrol/operations?deviceId=14255019&amp;pageSize=1&amp;revert=true&amp;dateFrom=1970-01-01T00%3A00%3A00.000Z
14:12:32 INFO  State of current operation: PENDING
14:12:32 DEBUG Final URL of the request: https://thin-edge-io.eu-latest.cumulocity.com/devicecontrol/operations?deviceId=14255019&amp;pageSize=1&amp;revert=true&amp;dateFrom=1970-01-01T00%3A00%3A00.000Z
14:12:32 DEBUG State of current operation: {
    &quot;creationTime&quot;: &quot;2022-02-24T13:33:12.290Z&quot;,
    &quot;deviceId&quot;: &quot;14255019&quot;,
    &quot;deviceName&quot;: &quot;offsitea&quot;,
    &quot;self&quot;: &quot;https://t493319102.eu-latest.cumulocity.com/devicecontrol/operations/14605032&quot;,
    &quot;id&quot;: &quot;14605032&quot;,
    &quot;status&quot;: &quot;PENDING&quot;,
    &quot;c8y_LogfileRequest&quot;: {
        &quot;searchText&quot;: &quot;&quot;,
        &quot;logFile&quot;: &quot;software-management&quot;,
        &quot;dateTo&quot;: &quot;2021-11-21T18:55:49+0530&quot;,
        &quot;dateFrom&quot;: &quot;2021-11-15T18:55:49+0530&quot;,
        &quot;maximumLines&quot;: 300
    },
    &quot;description&quot;: &quot;Log file request&quot;
}
14:12:34 DEBUG Final URL of the request: https://thin-edge-io.eu-latest.cumulocity.com/devicecontrol/operations?deviceId=14255019&amp;pageSize=1&amp;revert=true&amp;dateFrom=1970-01-01T00%3A00%3A00.000Z
14:12:34 INFO  State of current operation: PENDING
14:12:34 DEBUG Final URL of the request: https://thin-edge-io.eu-latest.cumulocity.com/devicecontrol/operations?deviceId=14255019&amp;pageSize=1&amp;revert=true&amp;dateFrom=1970-01-01T00%3A00%3A00.000Z
14:12:34 DEBUG State of current operation: {
    &quot;creationTime&quot;: &quot;2022-02-24T13:33:12.290Z&quot;,
    &quot;deviceId&quot;: &quot;14255019&quot;,
    &quot;deviceName&quot;: &quot;offsitea&quot;,
    &quot;self&quot;: &quot;https://t493319102.eu-latest.cumulocity.com/devicecontrol/operations/14605032&quot;,
    &quot;id&quot;: &quot;14605032&quot;,
    &quot;status&quot;: &quot;PENDING&quot;,
    &quot;c8y_LogfileRequest&quot;: {
        &quot;searchText&quot;: &quot;&quot;,
        &quot;logFile&quot;: &quot;software-management&quot;,
        &quot;dateTo&quot;: &quot;2021-11-21T18:55:49+0530&quot;,
        &quot;dateFrom&quot;: &quot;2021-11-15T18:55:49+0530&quot;,
        &quot;maximumLines&quot;: 300
    },
    &quot;description&quot;: &quot;Log file request&quot;
}
14:12:36 DEBUG Final URL of the request: https://thin-edge-io.eu-latest.cumulocity.com/devicecontrol/operations?deviceId=14255019&amp;pageSize=1&amp;revert=true&amp;dateFrom=1970-01-01T00%3A00%3A00.000Z
14:12:36 INFO  State of current operation: PENDING
14:12:36 DEBUG Final URL of the request: https://thin-edge-io.eu-latest.cumulocity.com/devicecontrol/operations?deviceId=14255019&amp;pageSize=1&amp;revert=true&amp;dateFrom=1970-01-01T00%3A00%3A00.000Z
14:12:36 DEBUG State of current operation: {
    &quot;creationTime&quot;: &quot;2022-02-24T13:33:12.290Z&quot;,
    &quot;deviceId&quot;: &quot;14255019&quot;,
    &quot;deviceName&quot;: &quot;offsitea&quot;,
    &quot;self&quot;: &quot;https://t493319102.eu-latest.cumulocity.com/devicecontrol/operations/14605032&quot;,
    &quot;id&quot;: &quot;14605032&quot;,
    &quot;status&quot;: &quot;PENDING&quot;,
    &quot;c8y_LogfileRequest&quot;: {
        &quot;searchText&quot;: &quot;&quot;,
        &quot;logFile&quot;: &quot;software-management&quot;,
        &quot;dateTo&quot;: &quot;2021-11-21T18:55:49+0530&quot;,
        &quot;dateFrom&quot;: &quot;2021-11-15T18:55:49+0530&quot;,
        &quot;maximumLines&quot;: 300
    },
    &quot;description&quot;: &quot;Log file request&quot;
}
14:12:39 DEBUG Final URL of the request: https://thin-edge-io.eu-latest.cumulocity.com/devicecontrol/operations?deviceId=14255019&amp;pageSize=1&amp;revert=true&amp;dateFrom=1970-01-01T00%3A00%3A00.000Z
14:12:39 INFO  State of current operation: PENDING
14:12:39 DEBUG Final URL of the request: https://thin-edge-io.eu-latest.cumulocity.com/devicecontrol/operations?deviceId=14255019&amp;pageSize=1&amp;revert=true&amp;dateFrom=1970-01-01T00%3A00%3A00.000Z
14:12:39 DEBUG State of current operation: {
    &quot;creationTime&quot;: &quot;2022-02-24T13:33:12.290Z&quot;,
    &quot;deviceId&quot;: &quot;14255019&quot;,
    &quot;deviceName&quot;: &quot;offsitea&quot;,
    &quot;self&quot;: &quot;https://t493319102.eu-latest.cumulocity.com/devicecontrol/operations/14605032&quot;,
    &quot;id&quot;: &quot;14605032&quot;,
    &quot;status&quot;: &quot;PENDING&quot;,
    &quot;c8y_LogfileRequest&quot;: {
        &quot;searchText&quot;: &quot;&quot;,
        &quot;logFile&quot;: &quot;software-management&quot;,
        &quot;dateTo&quot;: &quot;2021-11-21T18:55:49+0530&quot;,
        &quot;dateFrom&quot;: &quot;2021-11-15T18:55:49+0530&quot;,
        &quot;maximumLines&quot;: 300
    },
    &quot;description&quot;: &quot;Log file request&quot;
}
14:12:41 DEBUG Final URL of the request: https://thin-edge-io.eu-latest.cumulocity.com/devicecontrol/operations?deviceId=14255019&amp;pageSize=1&amp;revert=true&amp;dateFrom=1970-01-01T00%3A00%3A00.000Z
14:12:41 INFO  State of current operation: PENDING
14:12:41 DEBUG Final URL of the request: https://thin-edge-io.eu-latest.cumulocity.com/devicecontrol/operations?deviceId=14255019&amp;pageSize=1&amp;revert=true&amp;dateFrom=1970-01-01T00%3A00%3A00.000Z
14:12:41 DEBUG State of current operation: {
    &quot;creationTime&quot;: &quot;2022-02-24T13:33:12.290Z&quot;,
    &quot;deviceId&quot;: &quot;14255019&quot;,
    &quot;deviceName&quot;: &quot;offsitea&quot;,
    &quot;self&quot;: &quot;https://t493319102.eu-latest.cumulocity.com/devicecontrol/operations/14605032&quot;,
    &quot;id&quot;: &quot;14605032&quot;,
    &quot;status&quot;: &quot;PENDING&quot;,
    &quot;c8y_LogfileRequest&quot;: {
        &quot;searchText&quot;: &quot;&quot;,
        &quot;logFile&quot;: &quot;software-management&quot;,
        &quot;dateTo&quot;: &quot;2021-11-21T18:55:49+0530&quot;,
        &quot;dateFrom&quot;: &quot;2021-11-15T18:55:49+0530&quot;,
        &quot;maximumLines&quot;: 300
    },
    &quot;description&quot;: &quot;Log file request&quot;
}
14:12:43 DEBUG Final URL of the request: https://thin-edge-io.eu-latest.cumulocity.com/devicecontrol/operations?deviceId=14255019&amp;pageSize=1&amp;revert=true&amp;dateFrom=1970-01-01T00%3A00%3A00.000Z
14:12:43 INFO  State of current operation: PENDING
14:12:43 DEBUG Final URL of the request: https://thin-edge-io.eu-latest.cumulocity.com/devicecontrol/operations?deviceId=14255019&amp;pageSize=1&amp;revert=true&amp;dateFrom=1970-01-01T00%3A00%3A00.000Z
14:12:43 DEBUG State of current operation: {
    &quot;creationTime&quot;: &quot;2022-02-24T13:33:12.290Z&quot;,
    &quot;deviceId&quot;: &quot;14255019&quot;,
    &quot;deviceName&quot;: &quot;offsitea&quot;,
    &quot;self&quot;: &quot;https://t493319102.eu-latest.cumulocity.com/devicecontrol/operations/14605032&quot;,
    &quot;id&quot;: &quot;14605032&quot;,
    &quot;status&quot;: &quot;PENDING&quot;,
    &quot;c8y_LogfileRequest&quot;: {
        &quot;searchText&quot;: &quot;&quot;,
        &quot;logFile&quot;: &quot;software-management&quot;,
        &quot;dateTo&quot;: &quot;2021-11-21T18:55:49+0530&quot;,
        &quot;dateFrom&quot;: &quot;2021-11-15T18:55:49+0530&quot;,
        &quot;maximumLines&quot;: 300
    },
    &quot;description&quot;: &quot;Log file request&quot;
}
14:12:45 DEBUG Final URL of the request: https://thin-edge-io.eu-latest.cumulocity.com/devicecontrol/operations?deviceId=14255019&amp;pageSize=1&amp;revert=true&amp;dateFrom=1970-01-01T00%3A00%3A00.000Z
14:12:45 INFO  State of current operation: PENDING
14:12:45 DEBUG Final URL of the request: https://thin-edge-io.eu-latest.cumulocity.com/devicecontrol/operations?deviceId=14255019&amp;pageSize=1&amp;revert=true&amp;dateFrom=1970-01-01T00%3A00%3A00.000Z
14:12:45 DEBUG State of current operation: {
    &quot;creationTime&quot;: &quot;2022-02-24T13:33:12.290Z&quot;,
    &quot;deviceId&quot;: &quot;14255019&quot;,
    &quot;deviceName&quot;: &quot;offsitea&quot;,
    &quot;self&quot;: &quot;https://t493319102.eu-latest.cumulocity.com/devicecontrol/operations/14605032&quot;,
    &quot;id&quot;: &quot;14605032&quot;,
    &quot;status&quot;: &quot;PENDING&quot;,
    &quot;c8y_LogfileRequest&quot;: {
        &quot;searchText&quot;: &quot;&quot;,
        &quot;logFile&quot;: &quot;software-management&quot;,
        &quot;dateTo&quot;: &quot;2021-11-21T18:55:49+0530&quot;,
        &quot;dateFrom&quot;: &quot;2021-11-15T18:55:49+0530&quot;,
        &quot;maximumLines&quot;: 300
    },
    &quot;description&quot;: &quot;Log file request&quot;
}
14:12:47 DEBUG Final URL of the request: https://thin-edge-io.eu-latest.cumulocity.com/devicecontrol/operations?deviceId=14255019&amp;pageSize=1&amp;revert=true&amp;dateFrom=1970-01-01T00%3A00%3A00.000Z
14:12:47 INFO  State of current operation: PENDING
14:12:47 DEBUG Final URL of the request: https://thin-edge-io.eu-latest.cumulocity.com/devicecontrol/operations?deviceId=14255019&amp;pageSize=1&amp;revert=true&amp;dateFrom=1970-01-01T00%3A00%3A00.000Z
14:12:47 DEBUG State of current operation: {
    &quot;creationTime&quot;: &quot;2022-02-24T13:33:12.290Z&quot;,
    &quot;deviceId&quot;: &quot;14255019&quot;,
    &quot;deviceName&quot;: &quot;offsitea&quot;,
    &quot;self&quot;: &quot;https://t493319102.eu-latest.cumulocity.com/devicecontrol/operations/14605032&quot;,
    &quot;id&quot;: &quot;14605032&quot;,
    &quot;status&quot;: &quot;PENDING&quot;,
    &quot;c8y_LogfileRequest&quot;: {
        &quot;searchText&quot;: &quot;&quot;,
        &quot;logFile&quot;: &quot;software-management&quot;,
        &quot;dateTo&quot;: &quot;2021-11-21T18:55:49+0530&quot;,
        &quot;dateFrom&quot;: &quot;2021-11-15T18:55:49+0530&quot;,
        &quot;maximumLines&quot;: 300
    },
    &quot;description&quot;: &quot;Log file request&quot;
}
14:12:49 DEBUG Final URL of the request: https://thin-edge-io.eu-latest.cumulocity.com/devicecontrol/operations?deviceId=14255019&amp;pageSize=1&amp;revert=true&amp;dateFrom=1970-01-01T00%3A00%3A00.000Z
14:12:49 INFO  State of current operation: PENDING
14:12:49 DEBUG Final URL of the request: https://thin-edge-io.eu-latest.cumulocity.com/devicecontrol/operations?deviceId=14255019&amp;pageSize=1&amp;revert=true&amp;dateFrom=1970-01-01T00%3A00%3A00.000Z
14:12:49 DEBUG State of current operation: {
    &quot;creationTime&quot;: &quot;2022-02-24T13:33:12.290Z&quot;,
    &quot;deviceId&quot;: &quot;14255019&quot;,
    &quot;deviceName&quot;: &quot;offsitea&quot;,
    &quot;self&quot;: &quot;https://t493319102.eu-latest.cumulocity.com/devicecontrol/operations/14605032&quot;,
    &quot;id&quot;: &quot;14605032&quot;,
    &quot;status&quot;: &quot;PENDING&quot;,
    &quot;c8y_LogfileRequest&quot;: {
        &quot;searchText&quot;: &quot;&quot;,
        &quot;logFile&quot;: &quot;software-management&quot;,
        &quot;dateTo&quot;: &quot;2021-11-21T18:55:49+0530&quot;,
        &quot;dateFrom&quot;: &quot;2021-11-15T18:55:49+0530&quot;,
        &quot;maximumLines&quot;: 300
    },
    &quot;description&quot;: &quot;Log file request&quot;
}
14:12:52 DEBUG Final URL of the request: https://thin-edge-io.eu-latest.cumulocity.com/devicecontrol/operations?deviceId=14255019&amp;pageSize=1&amp;revert=true&amp;dateFrom=1970-01-01T00%3A00%3A00.000Z
14:12:52 INFO  State of current operation: PENDING
14:12:52 DEBUG Final URL of the request: https://thin-edge-io.eu-latest.cumulocity.com/devicecontrol/operations?deviceId=14255019&amp;pageSize=1&amp;revert=true&amp;dateFrom=1970-01-01T00%3A00%3A00.000Z
14:12:52 DEBUG State of current operation: {
    &quot;creationTime&quot;: &quot;2022-02-24T13:33:12.290Z&quot;,
    &quot;deviceId&quot;: &quot;14255019&quot;,
    &quot;deviceName&quot;: &quot;offsitea&quot;,
    &quot;self&quot;: &quot;https://t493319102.eu-latest.cumulocity.com/devicecontrol/operations/14605032&quot;,
    &quot;id&quot;: &quot;14605032&quot;,
    &quot;status&quot;: &quot;PENDING&quot;,
    &quot;c8y_LogfileRequest&quot;: {
        &quot;searchText&quot;: &quot;&quot;,
        &quot;logFile&quot;: &quot;software-management&quot;,
        &quot;dateTo&quot;: &quot;2021-11-21T18:55:49+0530&quot;,
        &quot;dateFrom&quot;: &quot;2021-11-15T18:55:49+0530&quot;,
        &quot;maximumLines&quot;: 300
    },
    &quot;description&quot;: &quot;Log file request&quot;
}
14:12:54 DEBUG Final URL of the request: https://thin-edge-io.eu-latest.cumulocity.com/devicecontrol/operations?deviceId=14255019&amp;pageSize=1&amp;revert=true&amp;dateFrom=1970-01-01T00%3A00%3A00.000Z
14:12:54 INFO  State of current operation: PENDING
14:12:54 DEBUG Final URL of the request: https://thin-edge-io.eu-latest.cumulocity.com/devicecontrol/operations?deviceId=14255019&amp;pageSize=1&amp;revert=true&amp;dateFrom=1970-01-01T00%3A00%3A00.000Z
14:12:54 DEBUG State of current operation: {
    &quot;creationTime&quot;: &quot;2022-02-24T13:33:12.290Z&quot;,
    &quot;deviceId&quot;: &quot;14255019&quot;,
    &quot;deviceName&quot;: &quot;offsitea&quot;,
    &quot;self&quot;: &quot;https://t493319102.eu-latest.cumulocity.com/devicecontrol/operations/14605032&quot;,
    &quot;id&quot;: &quot;14605032&quot;,
    &quot;status&quot;: &quot;PENDING&quot;,
    &quot;c8y_LogfileRequest&quot;: {
        &quot;searchText&quot;: &quot;&quot;,
        &quot;logFile&quot;: &quot;software-management&quot;,
        &quot;dateTo&quot;: &quot;2021-11-21T18:55:49+0530&quot;,
        &quot;dateFrom&quot;: &quot;2021-11-15T18:55:49+0530&quot;,
        &quot;maximumLines&quot;: 300
    },
    &quot;description&quot;: &quot;Log file request&quot;
}
14:12:56 DEBUG Final URL of the request: https://thin-edge-io.eu-latest.cumulocity.com/devicecontrol/operations?deviceId=14255019&amp;pageSize=1&amp;revert=true&amp;dateFrom=1970-01-01T00%3A00%3A00.000Z
14:12:56 INFO  State of current operation: PENDING
14:12:56 DEBUG Final URL of the request: https://thin-edge-io.eu-latest.cumulocity.com/devicecontrol/operations?deviceId=14255019&amp;pageSize=1&amp;revert=true&amp;dateFrom=1970-01-01T00%3A00%3A00.000Z
14:12:56 DEBUG State of current operation: {
    &quot;creationTime&quot;: &quot;2022-02-24T13:33:12.290Z&quot;,
    &quot;deviceId&quot;: &quot;14255019&quot;,
    &quot;deviceName&quot;: &quot;offsitea&quot;,
    &quot;self&quot;: &quot;https://t493319102.eu-latest.cumulocity.com/devicecontrol/operations/14605032&quot;,
    &quot;id&quot;: &quot;14605032&quot;,
    &quot;status&quot;: &quot;PENDING&quot;,
    &quot;c8y_LogfileRequest&quot;: {
        &quot;searchText&quot;: &quot;&quot;,
        &quot;logFile&quot;: &quot;software-management&quot;,
        &quot;dateTo&quot;: &quot;2021-11-21T18:55:49+0530&quot;,
        &quot;dateFrom&quot;: &quot;2021-11-15T18:55:49+0530&quot;,
        &quot;maximumLines&quot;: 300
    },
    &quot;description&quot;: &quot;Log file request&quot;
}
14:12:58 DEBUG Final URL of the request: https://thin-edge-io.eu-latest.cumulocity.com/devicecontrol/operations?deviceId=14255019&amp;pageSize=1&amp;revert=true&amp;dateFrom=1970-01-01T00%3A00%3A00.000Z
14:12:58 INFO  State of current operation: PENDING
14:12:58 DEBUG Final URL of the request: https://thin-edge-io.eu-latest.cumulocity.com/devicecontrol/operations?deviceId=14255019&amp;pageSize=1&amp;revert=true&amp;dateFrom=1970-01-01T00%3A00%3A00.000Z
14:12:58 DEBUG State of current operation: {
    &quot;creationTime&quot;: &quot;2022-02-24T13:33:12.290Z&quot;,
    &quot;deviceId&quot;: &quot;14255019&quot;,
    &quot;deviceName&quot;: &quot;offsitea&quot;,
    &quot;self&quot;: &quot;https://t493319102.eu-latest.cumulocity.com/devicecontrol/operations/14605032&quot;,
    &quot;id&quot;: &quot;14605032&quot;,
    &quot;status&quot;: &quot;PENDING&quot;,
    &quot;c8y_LogfileRequest&quot;: {
        &quot;searchText&quot;: &quot;&quot;,
        &quot;logFile&quot;: &quot;software-management&quot;,
        &quot;dateTo&quot;: &quot;2021-11-21T18:55:49+0530&quot;,
        &quot;dateFrom&quot;: &quot;2021-11-15T18:55:49+0530&quot;,
        &quot;maximumLines&quot;: 300
    },
    &quot;description&quot;: &quot;Log file request&quot;
}
14:13:00 DEBUG Final URL of the request: https://thin-edge-io.eu-latest.cumulocity.com/devicecontrol/operations?deviceId=14255019&amp;pageSize=1&amp;revert=true&amp;dateFrom=1970-01-01T00%3A00%3A00.000Z
14:13:00 INFO  State of current operation: PENDING
14:13:00 DEBUG Final URL of the request: https://thin-edge-io.eu-latest.cumulocity.com/devicecontrol/operations?deviceId=14255019&amp;pageSize=1&amp;revert=true&amp;dateFrom=1970-01-01T00%3A00%3A00.000Z
14:13:00 DEBUG State of current operation: {
    &quot;creationTime&quot;: &quot;2022-02-24T13:33:12.290Z&quot;,
    &quot;deviceId&quot;: &quot;14255019&quot;,
    &quot;deviceName&quot;: &quot;offsitea&quot;,
    &quot;self&quot;: &quot;https://t493319102.eu-latest.cumulocity.com/devicecontrol/operations/14605032&quot;,
    &quot;id&quot;: &quot;14605032&quot;,
    &quot;status&quot;: &quot;PENDING&quot;,
    &quot;c8y_LogfileRequest&quot;: {
        &quot;searchText&quot;: &quot;&quot;,
        &quot;logFile&quot;: &quot;software-management&quot;,
        &quot;dateTo&quot;: &quot;2021-11-21T18:55:49+0530&quot;,
        &quot;dateFrom&quot;: &quot;2021-11-15T18:55:49+0530&quot;,
        &quot;maximumLines&quot;: 300
    },
    &quot;description&quot;: &quot;Log file request&quot;
}
14:13:02 DEBUG Final URL of the request: https://thin-edge-io.eu-latest.cumulocity.com/devicecontrol/operations?deviceId=14255019&amp;pageSize=1&amp;revert=true&amp;dateFrom=1970-01-01T00%3A00%3A00.000Z
14:13:02 INFO  State of current operation: PENDING
14:13:02 DEBUG Final URL of the request: https://thin-edge-io.eu-latest.cumulocity.com/devicecontrol/operations?deviceId=14255019&amp;pageSize=1&amp;revert=true&amp;dateFrom=1970-01-01T00%3A00%3A00.000Z
14:13:02 DEBUG State of current operation: {
    &quot;creationTime&quot;: &quot;2022-02-24T13:33:12.290Z&quot;,
    &quot;deviceId&quot;: &quot;14255019&quot;,
    &quot;deviceName&quot;: &quot;offsitea&quot;,
    &quot;self&quot;: &quot;https://t493319102.eu-latest.cumulocity.com/devicecontrol/operations/14605032&quot;,
    &quot;id&quot;: &quot;14605032&quot;,
    &quot;status&quot;: &quot;PENDING&quot;,
    &quot;c8y_LogfileRequest&quot;: {
        &quot;searchText&quot;: &quot;&quot;,
        &quot;logFile&quot;: &quot;software-management&quot;,
        &quot;dateTo&quot;: &quot;2021-11-21T18:55:49+0530&quot;,
        &quot;dateFrom&quot;: &quot;2021-11-15T18:55:49+0530&quot;,
        &quot;maximumLines&quot;: 300
    },
    &quot;description&quot;: &quot;Log file request&quot;
}
14:13:05 DEBUG Final URL of the request: https://thin-edge-io.eu-latest.cumulocity.com/devicecontrol/operations?deviceId=14255019&amp;pageSize=1&amp;revert=true&amp;dateFrom=1970-01-01T00%3A00%3A00.000Z
14:13:05 INFO  State of current operation: PENDING
14:13:05 DEBUG Final URL of the request: https://thin-edge-io.eu-latest.cumulocity.com/devicecontrol/operations?deviceId=14255019&amp;pageSize=1&amp;revert=true&amp;dateFrom=1970-01-01T00%3A00%3A00.000Z
14:13:05 DEBUG State of current operation: {
    &quot;creationTime&quot;: &quot;2022-02-24T13:33:12.290Z&quot;,
    &quot;deviceId&quot;: &quot;14255019&quot;,
    &quot;deviceName&quot;: &quot;offsitea&quot;,
    &quot;self&quot;: &quot;https://t493319102.eu-latest.cumulocity.com/devicecontrol/operations/14605032&quot;,
    &quot;id&quot;: &quot;14605032&quot;,
    &quot;status&quot;: &quot;PENDING&quot;,
    &quot;c8y_LogfileRequest&quot;: {
        &quot;searchText&quot;: &quot;&quot;,
        &quot;logFile&quot;: &quot;software-management&quot;,
        &quot;dateTo&quot;: &quot;2021-11-21T18:55:49+0530&quot;,
        &quot;dateFrom&quot;: &quot;2021-11-15T18:55:49+0530&quot;,
        &quot;maximumLines&quot;: 300
    },
    &quot;description&quot;: &quot;Log file request&quot;
}
14:13:07 DEBUG Final URL of the request: https://thin-edge-io.eu-latest.cumulocity.com/devicecontrol/operations?deviceId=14255019&amp;pageSize=1&amp;revert=true&amp;dateFrom=1970-01-01T00%3A00%3A00.000Z
14:13:07 INFO  State of current operation: PENDING
14:13:07 DEBUG Final URL of the request: https://thin-edge-io.eu-latest.cumulocity.com/devicecontrol/operations?deviceId=14255019&amp;pageSize=1&amp;revert=true&amp;dateFrom=1970-01-01T00%3A00%3A00.000Z
14:13:07 DEBUG State of current operation: {
    &quot;creationTime&quot;: &quot;2022-02-24T13:33:12.290Z&quot;,
    &quot;deviceId&quot;: &quot;14255019&quot;,
    &quot;deviceName&quot;: &quot;offsitea&quot;,
    &quot;self&quot;: &quot;https://t493319102.eu-latest.cumulocity.com/devicecontrol/operations/14605032&quot;,
    &quot;id&quot;: &quot;14605032&quot;,
    &quot;status&quot;: &quot;PENDING&quot;,
    &quot;c8y_LogfileRequest&quot;: {
        &quot;searchText&quot;: &quot;&quot;,
        &quot;logFile&quot;: &quot;software-management&quot;,
        &quot;dateTo&quot;: &quot;2021-11-21T18:55:49+0530&quot;,
        &quot;dateFrom&quot;: &quot;2021-11-15T18:55:49+0530&quot;,
        &quot;maximumLines&quot;: 300
    },
    &quot;description&quot;: &quot;Log file request&quot;
}
14:13:09 DEBUG Final URL of the request: https://thin-edge-io.eu-latest.cumulocity.com/devicecontrol/operations?deviceId=14255019&amp;pageSize=1&amp;revert=true&amp;dateFrom=1970-01-01T00%3A00%3A00.000Z
14:13:09 INFO  State of current operation: PENDING
14:13:09 DEBUG Final URL of the request: https://thin-edge-io.eu-latest.cumulocity.com/devicecontrol/operations?deviceId=14255019&amp;pageSize=1&amp;revert=true&amp;dateFrom=1970-01-01T00%3A00%3A00.000Z
14:13:09 DEBUG State of current operation: {
    &quot;creationTime&quot;: &quot;2022-02-24T13:33:12.290Z&quot;,
    &quot;deviceId&quot;: &quot;14255019&quot;,
    &quot;deviceName&quot;: &quot;offsitea&quot;,
    &quot;self&quot;: &quot;https://t493319102.eu-latest.cumulocity.com/devicecontrol/operations/14605032&quot;,
    &quot;id&quot;: &quot;14605032&quot;,
    &quot;status&quot;: &quot;PENDING&quot;,
    &quot;c8y_LogfileRequest&quot;: {
        &quot;searchText&quot;: &quot;&quot;,
        &quot;logFile&quot;: &quot;software-management&quot;,
        &quot;dateTo&quot;: &quot;2021-11-21T18:55:49+0530&quot;,
        &quot;dateFrom&quot;: &quot;2021-11-15T18:55:49+0530&quot;,
        &quot;maximumLines&quot;: 300
    },
    &quot;description&quot;: &quot;Log file request&quot;
}
14:13:11 DEBUG Final URL of the request: https://thin-edge-io.eu-latest.cumulocity.com/devicecontrol/operations?deviceId=14255019&amp;pageSize=1&amp;revert=true&amp;dateFrom=1970-01-01T00%3A00%3A00.000Z
14:13:11 INFO  State of current operation: PENDING
14:13:11 DEBUG Final URL of the request: https://thin-edge-io.eu-latest.cumulocity.com/devicecontrol/operations?deviceId=14255019&amp;pageSize=1&amp;revert=true&amp;dateFrom=1970-01-01T00%3A00%3A00.000Z
14:13:11 DEBUG State of current operation: {
    &quot;creationTime&quot;: &quot;2022-02-24T13:33:12.290Z&quot;,
    &quot;deviceId&quot;: &quot;14255019&quot;,
    &quot;deviceName&quot;: &quot;offsitea&quot;,
    &quot;self&quot;: &quot;https://t493319102.eu-latest.cumulocity.com/devicecontrol/operations/14605032&quot;,
    &quot;id&quot;: &quot;14605032&quot;,
    &quot;status&quot;: &quot;PENDING&quot;,
    &quot;c8y_LogfileRequest&quot;: {
        &quot;searchText&quot;: &quot;&quot;,
        &quot;logFile&quot;: &quot;software-management&quot;,
        &quot;dateTo&quot;: &quot;2021-11-21T18:55:49+0530&quot;,
        &quot;dateFrom&quot;: &quot;2021-11-15T18:55:49+0530&quot;,
        &quot;maximumLines&quot;: 300
    },
    &quot;description&quot;: &quot;Log file request&quot;
}
14:13:13 DEBUG Final URL of the request: https://thin-edge-io.eu-latest.cumulocity.com/devicecontrol/operations?deviceId=14255019&amp;pageSize=1&amp;revert=true&amp;dateFrom=1970-01-01T00%3A00%3A00.000Z
14:13:13 INFO  State of current operation: PENDING
14:13:13 DEBUG Final URL of the request: https://thin-edge-io.eu-latest.cumulocity.com/devicecontrol/operations?deviceId=14255019&amp;pageSize=1&amp;revert=true&amp;dateFrom=1970-01-01T00%3A00%3A00.000Z
14:13:13 DEBUG State of current operation: {
    &quot;creationTime&quot;: &quot;2022-02-24T13:33:12.290Z&quot;,
    &quot;deviceId&quot;: &quot;14255019&quot;,
    &quot;deviceName&quot;: &quot;offsitea&quot;,
    &quot;self&quot;: &quot;https://t493319102.eu-latest.cumulocity.com/devicecontrol/operations/14605032&quot;,
    &quot;id&quot;: &quot;14605032&quot;,
    &quot;status&quot;: &quot;PENDING&quot;,
    &quot;c8y_LogfileRequest&quot;: {
        &quot;searchText&quot;: &quot;&quot;,
        &quot;logFile&quot;: &quot;software-management&quot;,
        &quot;dateTo&quot;: &quot;2021-11-21T18:55:49+0530&quot;,
        &quot;dateFrom&quot;: &quot;2021-11-15T18:55:49+0530&quot;,
        &quot;maximumLines&quot;: 300
    },
    &quot;description&quot;: &quot;Log file request&quot;
}
14:13:15 DEBUG Final URL of the request: https://thin-edge-io.eu-latest.cumulocity.com/devicecontrol/operations?deviceId=14255019&amp;pageSize=1&amp;revert=true&amp;dateFrom=1970-01-01T00%3A00%3A00.000Z
14:13:15 INFO  State of current operation: PENDING
14:13:15 DEBUG Final URL of the request: https://thin-edge-io.eu-latest.cumulocity.com/devicecontrol/operations?deviceId=14255019&amp;pageSize=1&amp;revert=true&amp;dateFrom=1970-01-01T00%3A00%3A00.000Z
14:13:15 DEBUG State of current operation: {
    &quot;creationTime&quot;: &quot;2022-02-24T13:33:12.290Z&quot;,
    &quot;deviceId&quot;: &quot;14255019&quot;,
    &quot;deviceName&quot;: &quot;offsitea&quot;,
    &quot;self&quot;: &quot;https://t493319102.eu-latest.cumulocity.com/devicecontrol/operations/14605032&quot;,
    &quot;id&quot;: &quot;14605032&quot;,
    &quot;status&quot;: &quot;PENDING&quot;,
    &quot;c8y_LogfileRequest&quot;: {
        &quot;searchText&quot;: &quot;&quot;,
        &quot;logFile&quot;: &quot;software-management&quot;,
        &quot;dateTo&quot;: &quot;2021-11-21T18:55:49+0530&quot;,
        &quot;dateFrom&quot;: &quot;2021-11-15T18:55:49+0530&quot;,
        &quot;maximumLines&quot;: 300
    },
    &quot;description&quot;: &quot;Log file request&quot;
}
14:13:18 DEBUG Final URL of the request: https://thin-edge-io.eu-latest.cumulocity.com/devicecontrol/operations?deviceId=14255019&amp;pageSize=1&amp;revert=true&amp;dateFrom=1970-01-01T00%3A00%3A00.000Z
14:13:18 INFO  State of current operation: PENDING
14:13:18 DEBUG Final URL of the request: https://thin-edge-io.eu-latest.cumulocity.com/devicecontrol/operations?deviceId=14255019&amp;pageSize=1&amp;revert=true&amp;dateFrom=1970-01-01T00%3A00%3A00.000Z
14:13:18 DEBUG State of current operation: {
    &quot;creationTime&quot;: &quot;2022-02-24T13:33:12.290Z&quot;,
    &quot;deviceId&quot;: &quot;14255019&quot;,
    &quot;deviceName&quot;: &quot;offsitea&quot;,
    &quot;self&quot;: &quot;https://t493319102.eu-latest.cumulocity.com/devicecontrol/operations/14605032&quot;,
    &quot;id&quot;: &quot;14605032&quot;,
    &quot;status&quot;: &quot;PENDING&quot;,
    &quot;c8y_LogfileRequest&quot;: {
        &quot;searchText&quot;: &quot;&quot;,
        &quot;logFile&quot;: &quot;software-management&quot;,
        &quot;dateTo&quot;: &quot;2021-11-21T18:55:49+0530&quot;,
        &quot;dateFrom&quot;: &quot;2021-11-15T18:55:49+0530&quot;,
        &quot;maximumLines&quot;: 300
    },
    &quot;description&quot;: &quot;Log file request&quot;
}
14:13:20 DEBUG Final URL of the request: https://thin-edge-io.eu-latest.cumulocity.com/devicecontrol/operations?deviceId=14255019&amp;pageSize=1&amp;revert=true&amp;dateFrom=1970-01-01T00%3A00%3A00.000Z
14:13:20 INFO  State of current operation: PENDING
14:13:20 DEBUG Final URL of the request: https://thin-edge-io.eu-latest.cumulocity.com/devicecontrol/operations?deviceId=14255019&amp;pageSize=1&amp;revert=true&amp;dateFrom=1970-01-01T00%3A00%3A00.000Z
14:13:20 DEBUG State of current operation: {
    &quot;creationTime&quot;: &quot;2022-02-24T13:33:12.290Z&quot;,
    &quot;deviceId&quot;: &quot;14255019&quot;,
    &quot;deviceName&quot;: &quot;offsitea&quot;,
    &quot;self&quot;: &quot;https://t493319102.eu-latest.cumulocity.com/devicecontrol/operations/14605032&quot;,
    &quot;id&quot;: &quot;14605032&quot;,
    &quot;status&quot;: &quot;PENDING&quot;,
    &quot;c8y_LogfileRequest&quot;: {
        &quot;searchText&quot;: &quot;&quot;,
        &quot;logFile&quot;: &quot;software-management&quot;,
        &quot;dateTo&quot;: &quot;2021-11-21T18:55:49+0530&quot;,
        &quot;dateFrom&quot;: &quot;2021-11-15T18:55:49+0530&quot;,
        &quot;maximumLines&quot;: 300
    },
    &quot;description&quot;: &quot;Log file request&quot;
}
14:13:22 DEBUG Final URL of the request: https://thin-edge-io.eu-latest.cumulocity.com/devicecontrol/operations?deviceId=14255019&amp;pageSize=1&amp;revert=true&amp;dateFrom=1970-01-01T00%3A00%3A00.000Z
14:13:22 INFO  State of current operation: PENDING
14:13:22 DEBUG Final URL of the request: https://thin-edge-io.eu-latest.cumulocity.com/devicecontrol/operations?deviceId=14255019&amp;pageSize=1&amp;revert=true&amp;dateFrom=1970-01-01T00%3A00%3A00.000Z
14:13:22 DEBUG State of current operation: {
    &quot;creationTime&quot;: &quot;2022-02-24T13:33:12.290Z&quot;,
    &quot;deviceId&quot;: &quot;14255019&quot;,
    &quot;deviceName&quot;: &quot;offsitea&quot;,
    &quot;self&quot;: &quot;https://t493319102.eu-latest.cumulocity.com/devicecontrol/operations/14605032&quot;,
    &quot;id&quot;: &quot;14605032&quot;,
    &quot;status&quot;: &quot;PENDING&quot;,
    &quot;c8y_LogfileRequest&quot;: {
        &quot;searchText&quot;: &quot;&quot;,
        &quot;logFile&quot;: &quot;software-management&quot;,
        &quot;dateTo&quot;: &quot;2021-11-21T18:55:49+0530&quot;,
        &quot;dateFrom&quot;: &quot;2021-11-15T18:55:49+0530&quot;,
        &quot;maximumLines&quot;: 300
    },
    &quot;description&quot;: &quot;Log file request&quot;
}
14:13:24 DEBUG Final URL of the request: https://thin-edge-io.eu-latest.cumulocity.com/devicecontrol/operations?deviceId=14255019&amp;pageSize=1&amp;revert=true&amp;dateFrom=1970-01-01T00%3A00%3A00.000Z
14:13:24 INFO  State of current operation: PENDING
14:13:24 DEBUG Final URL of the request: https://thin-edge-io.eu-latest.cumulocity.com/devicecontrol/operations?deviceId=14255019&amp;pageSize=1&amp;revert=true&amp;dateFrom=1970-01-01T00%3A00%3A00.000Z
14:13:24 DEBUG State of current operation: {
    &quot;creationTime&quot;: &quot;2022-02-24T13:33:12.290Z&quot;,
    &quot;deviceId&quot;: &quot;14255019&quot;,
    &quot;deviceName&quot;: &quot;offsitea&quot;,
    &quot;self&quot;: &quot;https://t493319102.eu-latest.cumulocity.com/devicecontrol/operations/14605032&quot;,
    &quot;id&quot;: &quot;14605032&quot;,
    &quot;status&quot;: &quot;PENDING&quot;,
    &quot;c8y_LogfileRequest&quot;: {
        &quot;searchText&quot;: &quot;&quot;,
        &quot;logFile&quot;: &quot;software-management&quot;,
        &quot;dateTo&quot;: &quot;2021-11-21T18:55:49+0530&quot;,
        &quot;dateFrom&quot;: &quot;2021-11-15T18:55:49+0530&quot;,
        &quot;maximumLines&quot;: 300
    },
    &quot;description&quot;: &quot;Log file request&quot;
}
14:13:26 DEBUG Final URL of the request: https://thin-edge-io.eu-latest.cumulocity.com/devicecontrol/operations?deviceId=14255019&amp;pageSize=1&amp;revert=true&amp;dateFrom=1970-01-01T00%3A00%3A00.000Z
14:13:26 INFO  State of current operation: PENDING
14:13:26 DEBUG Final URL of the request: https://thin-edge-io.eu-latest.cumulocity.com/devicecontrol/operations?deviceId=14255019&amp;pageSize=1&amp;revert=true&amp;dateFrom=1970-01-01T00%3A00%3A00.000Z
14:13:26 DEBUG State of current operation: {
    &quot;creationTime&quot;: &quot;2022-02-24T13:33:12.290Z&quot;,
    &quot;deviceId&quot;: &quot;14255019&quot;,
    &quot;deviceName&quot;: &quot;offsitea&quot;,
    &quot;self&quot;: &quot;https://t493319102.eu-latest.cumulocity.com/devicecontrol/operations/14605032&quot;,
    &quot;id&quot;: &quot;14605032&quot;,
    &quot;status&quot;: &quot;PENDING&quot;,
    &quot;c8y_LogfileRequest&quot;: {
        &quot;searchText&quot;: &quot;&quot;,
        &quot;logFile&quot;: &quot;software-management&quot;,
        &quot;dateTo&quot;: &quot;2021-11-21T18:55:49+0530&quot;,
        &quot;dateFrom&quot;: &quot;2021-11-15T18:55:49+0530&quot;,
        &quot;maximumLines&quot;: 300
    },
    &quot;description&quot;: &quot;Log file request&quot;
}
14:13:28 DEBUG Final URL of the request: https://thin-edge-io.eu-latest.cumulocity.com/devicecontrol/operations?deviceId=14255019&amp;pageSize=1&amp;revert=true&amp;dateFrom=1970-01-01T00%3A00%3A00.000Z
14:13:28 INFO  State of current operation: PENDING
14:13:28 DEBUG Final URL of the request: https://thin-edge-io.eu-latest.cumulocity.com/devicecontrol/operations?deviceId=14255019&amp;pageSize=1&amp;revert=true&amp;dateFrom=1970-01-01T00%3A00%3A00.000Z
14:13:28 DEBUG State of current operation: {
    &quot;creationTime&quot;: &quot;2022-02-24T13:33:12.290Z&quot;,
    &quot;deviceId&quot;: &quot;14255019&quot;,
    &quot;deviceName&quot;: &quot;offsitea&quot;,
    &quot;self&quot;: &quot;https://t493319102.eu-latest.cumulocity.com/devicecontrol/operations/14605032&quot;,
    &quot;id&quot;: &quot;14605032&quot;,
    &quot;status&quot;: &quot;PENDING&quot;,
    &quot;c8y_LogfileRequest&quot;: {
        &quot;searchText&quot;: &quot;&quot;,
        &quot;logFile&quot;: &quot;software-management&quot;,
        &quot;dateTo&quot;: &quot;2021-11-21T18:55:49+0530&quot;,
        &quot;dateFrom&quot;: &quot;2021-11-15T18:55:49+0530&quot;,
        &quot;maximumLines&quot;: 300
    },
    &quot;description&quot;: &quot;Log file request&quot;
}
14:13:31 DEBUG Final URL of the request: https://thin-edge-io.eu-latest.cumulocity.com/devicecontrol/operations?deviceId=14255019&amp;pageSize=1&amp;revert=true&amp;dateFrom=1970-01-01T00%3A00%3A00.000Z
14:13:31 INFO  State of current operation: PENDING
14:13:31 DEBUG Final URL of the request: https://thin-edge-io.eu-latest.cumulocity.com/devicecontrol/operations?deviceId=14255019&amp;pageSize=1&amp;revert=true&amp;dateFrom=1970-01-01T00%3A00%3A00.000Z
14:13:31 DEBUG State of current operation: {
    &quot;creationTime&quot;: &quot;2022-02-24T13:33:12.290Z&quot;,
    &quot;deviceId&quot;: &quot;14255019&quot;,
    &quot;deviceName&quot;: &quot;offsitea&quot;,
    &quot;self&quot;: &quot;https://t493319102.eu-latest.cumulocity.com/devicecontrol/operations/14605032&quot;,
    &quot;id&quot;: &quot;14605032&quot;,
    &quot;status&quot;: &quot;PENDING&quot;,
    &quot;c8y_LogfileRequest&quot;: {
        &quot;searchText&quot;: &quot;&quot;,
        &quot;logFile&quot;: &quot;software-management&quot;,
        &quot;dateTo&quot;: &quot;2021-11-21T18:55:49+0530&quot;,
        &quot;dateFrom&quot;: &quot;2021-11-15T18:55:49+0530&quot;,
        &quot;maximumLines&quot;: 300
    },
    &quot;description&quot;: &quot;Log file request&quot;
}
14:13:33 DEBUG Final URL of the request: https://thin-edge-io.eu-latest.cumulocity.com/devicecontrol/operations?deviceId=14255019&amp;pageSize=1&amp;revert=true&amp;dateFrom=1970-01-01T00%3A00%3A00.000Z
14:13:33 INFO  State of current operation: PENDING
14:13:33 DEBUG Final URL of the request: https://thin-edge-io.eu-latest.cumulocity.com/devicecontrol/operations?deviceId=14255019&amp;pageSize=1&amp;revert=true&amp;dateFrom=1970-01-01T00%3A00%3A00.000Z
14:13:33 DEBUG State of current operation: {
    &quot;creationTime&quot;: &quot;2022-02-24T13:33:12.290Z&quot;,
    &quot;deviceId&quot;: &quot;14255019&quot;,
    &quot;deviceName&quot;: &quot;offsitea&quot;,
    &quot;self&quot;: &quot;https://t493319102.eu-latest.cumulocity.com/devicecontrol/operations/14605032&quot;,
    &quot;id&quot;: &quot;14605032&quot;,
    &quot;status&quot;: &quot;PENDING&quot;,
    &quot;c8y_LogfileRequest&quot;: {
        &quot;searchText&quot;: &quot;&quot;,
        &quot;logFile&quot;: &quot;software-management&quot;,
        &quot;dateTo&quot;: &quot;2021-11-21T18:55:49+0530&quot;,
        &quot;dateFrom&quot;: &quot;2021-11-15T18:55:49+0530&quot;,
        &quot;maximumLines&quot;: 300
    },
    &quot;description&quot;: &quot;Log file request&quot;
}
14:13:35 DEBUG Final URL of the request: https://thin-edge-io.eu-latest.cumulocity.com/devicecontrol/operations?deviceId=14255019&amp;pageSize=1&amp;revert=true&amp;dateFrom=1970-01-01T00%3A00%3A00.000Z
14:13:35 INFO  State of current operation: PENDING
14:13:35 DEBUG Final URL of the request: https://thin-edge-io.eu-latest.cumulocity.com/devicecontrol/operations?deviceId=14255019&amp;pageSize=1&amp;revert=true&amp;dateFrom=1970-01-01T00%3A00%3A00.000Z
14:13:35 DEBUG State of current operation: {
    &quot;creationTime&quot;: &quot;2022-02-24T13:33:12.290Z&quot;,
    &quot;deviceId&quot;: &quot;14255019&quot;,
    &quot;deviceName&quot;: &quot;offsitea&quot;,
    &quot;self&quot;: &quot;https://t493319102.eu-latest.cumulocity.com/devicecontrol/operations/14605032&quot;,
    &quot;id&quot;: &quot;14605032&quot;,
    &quot;status&quot;: &quot;PENDING&quot;,
    &quot;c8y_LogfileRequest&quot;: {
        &quot;searchText&quot;: &quot;&quot;,
        &quot;logFile&quot;: &quot;software-management&quot;,
        &quot;dateTo&quot;: &quot;2021-11-21T18:55:49+0530&quot;,
        &quot;dateFrom&quot;: &quot;2021-11-15T18:55:49+0530&quot;,
        &quot;maximumLines&quot;: 300
    },
    &quot;description&quot;: &quot;Log file request&quot;
}
14:13:37 DEBUG Final URL of the request: https://thin-edge-io.eu-latest.cumulocity.com/devicecontrol/operations?deviceId=14255019&amp;pageSize=1&amp;revert=true&amp;dateFrom=1970-01-01T00%3A00%3A00.000Z
14:13:37 INFO  State of current operation: PENDING
14:13:37 DEBUG Final URL of the request: https://thin-edge-io.eu-latest.cumulocity.com/devicecontrol/operations?deviceId=14255019&amp;pageSize=1&amp;revert=true&amp;dateFrom=1970-01-01T00%3A00%3A00.000Z
14:13:37 DEBUG State of current operation: {
    &quot;creationTime&quot;: &quot;2022-02-24T13:33:12.290Z&quot;,
    &quot;deviceId&quot;: &quot;14255019&quot;,
    &quot;deviceName&quot;: &quot;offsitea&quot;,
    &quot;self&quot;: &quot;https://t493319102.eu-latest.cumulocity.com/devicecontrol/operations/14605032&quot;,
    &quot;id&quot;: &quot;14605032&quot;,
    &quot;status&quot;: &quot;PENDING&quot;,
    &quot;c8y_LogfileRequest&quot;: {
        &quot;searchText&quot;: &quot;&quot;,
        &quot;logFile&quot;: &quot;software-management&quot;,
        &quot;dateTo&quot;: &quot;2021-11-21T18:55:49+0530&quot;,
        &quot;dateFrom&quot;: &quot;2021-11-15T18:55:49+0530&quot;,
        &quot;maximumLines&quot;: 300
    },
    &quot;description&quot;: &quot;Log file request&quot;
}
14:13:39 DEBUG Final URL of the request: https://thin-edge-io.eu-latest.cumulocity.com/devicecontrol/operations?deviceId=14255019&amp;pageSize=1&amp;revert=true&amp;dateFrom=1970-01-01T00%3A00%3A00.000Z
14:13:39 INFO  State of current operation: PENDING
14:13:39 DEBUG Final URL of the request: https://thin-edge-io.eu-latest.cumulocity.com/devicecontrol/operations?deviceId=14255019&amp;pageSize=1&amp;revert=true&amp;dateFrom=1970-01-01T00%3A00%3A00.000Z
14:13:39 DEBUG State of current operation: {
    &quot;creationTime&quot;: &quot;2022-02-24T13:33:12.290Z&quot;,
    &quot;deviceId&quot;: &quot;14255019&quot;,
    &quot;deviceName&quot;: &quot;offsitea&quot;,
    &quot;self&quot;: &quot;https://t493319102.eu-latest.cumulocity.com/devicecontrol/operations/14605032&quot;,
    &quot;id&quot;: &quot;14605032&quot;,
    &quot;status&quot;: &quot;PENDING&quot;,
    &quot;c8y_LogfileRequest&quot;: {
        &quot;searchText&quot;: &quot;&quot;,
        &quot;logFile&quot;: &quot;software-management&quot;,
        &quot;dateTo&quot;: &quot;2021-11-21T18:55:49+0530&quot;,
        &quot;dateFrom&quot;: &quot;2021-11-15T18:55:49+0530&quot;,
        &quot;maximumLines&quot;: 300
    },
    &quot;description&quot;: &quot;Log file request&quot;
}
14:13:41 DEBUG Final URL of the request: https://thin-edge-io.eu-latest.cumulocity.com/devicecontrol/operations?deviceId=14255019&amp;pageSize=1&amp;revert=true&amp;dateFrom=1970-01-01T00%3A00%3A00.000Z
14:13:41 INFO  State of current operation: PENDING
14:13:41 DEBUG Final URL of the request: https://thin-edge-io.eu-latest.cumulocity.com/devicecontrol/operations?deviceId=14255019&amp;pageSize=1&amp;revert=true&amp;dateFrom=1970-01-01T00%3A00%3A00.000Z
14:13:41 DEBUG State of current operation: {
    &quot;creationTime&quot;: &quot;2022-02-24T13:33:12.290Z&quot;,
    &quot;deviceId&quot;: &quot;14255019&quot;,
    &quot;deviceName&quot;: &quot;offsitea&quot;,
    &quot;self&quot;: &quot;https://t493319102.eu-latest.cumulocity.com/devicecontrol/operations/14605032&quot;,
    &quot;id&quot;: &quot;14605032&quot;,
    &quot;status&quot;: &quot;PENDING&quot;,
    &quot;c8y_LogfileRequest&quot;: {
        &quot;searchText&quot;: &quot;&quot;,
        &quot;logFile&quot;: &quot;software-management&quot;,
        &quot;dateTo&quot;: &quot;2021-11-21T18:55:49+0530&quot;,
        &quot;dateFrom&quot;: &quot;2021-11-15T18:55:49+0530&quot;,
        &quot;maximumLines&quot;: 300
    },
    &quot;description&quot;: &quot;Log file request&quot;
}
14:13:44 DEBUG Final URL of the request: https://thin-edge-io.eu-latest.cumulocity.com/devicecontrol/operations?deviceId=14255019&amp;pageSize=1&amp;revert=true&amp;dateFrom=1970-01-01T00%3A00%3A00.000Z
14:13:44 INFO  State of current operation: PENDING
14:13:44 DEBUG Final URL of the request: https://thin-edge-io.eu-latest.cumulocity.com/devicecontrol/operations?deviceId=14255019&amp;pageSize=1&amp;revert=true&amp;dateFrom=1970-01-01T00%3A00%3A00.000Z
14:13:44 DEBUG State of current operation: {
    &quot;creationTime&quot;: &quot;2022-02-24T13:33:12.290Z&quot;,
    &quot;deviceId&quot;: &quot;14255019&quot;,
    &quot;deviceName&quot;: &quot;offsitea&quot;,
    &quot;self&quot;: &quot;https://t493319102.eu-latest.cumulocity.com/devicecontrol/operations/14605032&quot;,
    &quot;id&quot;: &quot;14605032&quot;,
    &quot;status&quot;: &quot;PENDING&quot;,
    &quot;c8y_LogfileRequest&quot;: {
        &quot;searchText&quot;: &quot;&quot;,
        &quot;logFile&quot;: &quot;software-management&quot;,
        &quot;dateTo&quot;: &quot;2021-11-21T18:55:49+0530&quot;,
        &quot;dateFrom&quot;: &quot;2021-11-15T18:55:49+0530&quot;,
        &quot;maximumLines&quot;: 300
    },
    &quot;description&quot;: &quot;Log file request&quot;
}
14:13:46 DEBUG Final URL of the request: https://thin-edge-io.eu-latest.cumulocity.com/devicecontrol/operations?deviceId=14255019&amp;pageSize=1&amp;revert=true&amp;dateFrom=1970-01-01T00%3A00%3A00.000Z
14:13:46 INFO  State of current operation: PENDING
14:13:46 DEBUG Final URL of the request: https://thin-edge-io.eu-latest.cumulocity.com/devicecontrol/operations?deviceId=14255019&amp;pageSize=1&amp;revert=true&amp;dateFrom=1970-01-01T00%3A00%3A00.000Z
14:13:46 DEBUG State of current operation: {
    &quot;creationTime&quot;: &quot;2022-02-24T13:33:12.290Z&quot;,
    &quot;deviceId&quot;: &quot;14255019&quot;,
    &quot;deviceName&quot;: &quot;offsitea&quot;,
    &quot;self&quot;: &quot;https://t493319102.eu-latest.cumulocity.com/devicecontrol/operations/14605032&quot;,
    &quot;id&quot;: &quot;14605032&quot;,
    &quot;status&quot;: &quot;PENDING&quot;,
    &quot;c8y_LogfileRequest&quot;: {
        &quot;searchText&quot;: &quot;&quot;,
        &quot;logFile&quot;: &quot;software-management&quot;,
        &quot;dateTo&quot;: &quot;2021-11-21T18:55:49+0530&quot;,
        &quot;dateFrom&quot;: &quot;2021-11-15T18:55:49+0530&quot;,
        &quot;maximumLines&quot;: 300
    },
    &quot;description&quot;: &quot;Log file request&quot;
}
14:13:48 DEBUG Final URL of the request: https://thin-edge-io.eu-latest.cumulocity.com/devicecontrol/operations?deviceId=14255019&amp;pageSize=1&amp;revert=true&amp;dateFrom=1970-01-01T00%3A00%3A00.000Z
14:13:48 INFO  State of current operation: PENDING
14:13:48 DEBUG Final URL of the request: https://thin-edge-io.eu-latest.cumulocity.com/devicecontrol/operations?deviceId=14255019&amp;pageSize=1&amp;revert=true&amp;dateFrom=1970-01-01T00%3A00%3A00.000Z
14:13:48 DEBUG State of current operation: {
    &quot;creationTime&quot;: &quot;2022-02-24T13:33:12.290Z&quot;,
    &quot;deviceId&quot;: &quot;14255019&quot;,
    &quot;deviceName&quot;: &quot;offsitea&quot;,
    &quot;self&quot;: &quot;https://t493319102.eu-latest.cumulocity.com/devicecontrol/operations/14605032&quot;,
    &quot;id&quot;: &quot;14605032&quot;,
    &quot;status&quot;: &quot;PENDING&quot;,
    &quot;c8y_LogfileRequest&quot;: {
        &quot;searchText&quot;: &quot;&quot;,
        &quot;logFile&quot;: &quot;software-management&quot;,
        &quot;dateTo&quot;: &quot;2021-11-21T18:55:49+0530&quot;,
        &quot;dateFrom&quot;: &quot;2021-11-15T18:55:49+0530&quot;,
        &quot;maximumLines&quot;: 300
    },
    &quot;description&quot;: &quot;Log file request&quot;
}
14:13:50 DEBUG Final URL of the request: https://thin-edge-io.eu-latest.cumulocity.com/devicecontrol/operations?deviceId=14255019&amp;pageSize=1&amp;revert=true&amp;dateFrom=1970-01-01T00%3A00%3A00.000Z
14:13:50 INFO  State of current operation: PENDING
14:13:50 DEBUG Final URL of the request: https://thin-edge-io.eu-latest.cumulocity.com/devicecontrol/operations?deviceId=14255019&amp;pageSize=1&amp;revert=true&amp;dateFrom=1970-01-01T00%3A00%3A00.000Z
14:13:50 DEBUG State of current operation: {
    &quot;creationTime&quot;: &quot;2022-02-24T13:33:12.290Z&quot;,
    &quot;deviceId&quot;: &quot;14255019&quot;,
    &quot;deviceName&quot;: &quot;offsitea&quot;,
    &quot;self&quot;: &quot;https://t493319102.eu-latest.cumulocity.com/devicecontrol/operations/14605032&quot;,
    &quot;id&quot;: &quot;14605032&quot;,
    &quot;status&quot;: &quot;PENDING&quot;,
    &quot;c8y_LogfileRequest&quot;: {
        &quot;searchText&quot;: &quot;&quot;,
        &quot;logFile&quot;: &quot;software-management&quot;,
        &quot;dateTo&quot;: &quot;2021-11-21T18:55:49+0530&quot;,
        &quot;dateFrom&quot;: &quot;2021-11-15T18:55:49+0530&quot;,
        &quot;maximumLines&quot;: 300
    },
    &quot;description&quot;: &quot;Log file request&quot;
}
14:13:52 DEBUG Final URL of the request: https://thin-edge-io.eu-latest.cumulocity.com/devicecontrol/operations?deviceId=14255019&amp;pageSize=1&amp;revert=true&amp;dateFrom=1970-01-01T00%3A00%3A00.000Z
14:13:52 INFO  State of current operation: PENDING
14:13:52 DEBUG Final URL of the request: https://thin-edge-io.eu-latest.cumulocity.com/devicecontrol/operations?deviceId=14255019&amp;pageSize=1&amp;revert=true&amp;dateFrom=1970-01-01T00%3A00%3A00.000Z
14:13:52 DEBUG State of current operation: {
    &quot;creationTime&quot;: &quot;2022-02-24T13:33:12.290Z&quot;,
    &quot;deviceId&quot;: &quot;14255019&quot;,
    &quot;deviceName&quot;: &quot;offsitea&quot;,
    &quot;self&quot;: &quot;https://t493319102.eu-latest.cumulocity.com/devicecontrol/operations/14605032&quot;,
    &quot;id&quot;: &quot;14605032&quot;,
    &quot;status&quot;: &quot;PENDING&quot;,
    &quot;c8y_LogfileRequest&quot;: {
        &quot;searchText&quot;: &quot;&quot;,
        &quot;logFile&quot;: &quot;software-management&quot;,
        &quot;dateTo&quot;: &quot;2021-11-21T18:55:49+0530&quot;,
        &quot;dateFrom&quot;: &quot;2021-11-15T18:55:49+0530&quot;,
        &quot;maximumLines&quot;: 300
    },
    &quot;description&quot;: &quot;Log file request&quot;
}
14:13:54 DEBUG Final URL of the request: https://thin-edge-io.eu-latest.cumulocity.com/devicecontrol/operations?deviceId=14255019&amp;pageSize=1&amp;revert=true&amp;dateFrom=1970-01-01T00%3A00%3A00.000Z
14:13:54 INFO  State of current operation: PENDING
14:13:54 DEBUG Final URL of the request: https://thin-edge-io.eu-latest.cumulocity.com/devicecontrol/operations?deviceId=14255019&amp;pageSize=1&amp;revert=true&amp;dateFrom=1970-01-01T00%3A00%3A00.000Z
14:13:54 DEBUG State of current operation: {
    &quot;creationTime&quot;: &quot;2022-02-24T13:33:12.290Z&quot;,
    &quot;deviceId&quot;: &quot;14255019&quot;,
    &quot;deviceName&quot;: &quot;offsitea&quot;,
    &quot;self&quot;: &quot;https://t493319102.eu-latest.cumulocity.com/devicecontrol/operations/14605032&quot;,
    &quot;id&quot;: &quot;14605032&quot;,
    &quot;status&quot;: &quot;PENDING&quot;,
    &quot;c8y_LogfileRequest&quot;: {
        &quot;searchText&quot;: &quot;&quot;,
        &quot;logFile&quot;: &quot;software-management&quot;,
        &quot;dateTo&quot;: &quot;2021-11-21T18:55:49+0530&quot;,
        &quot;dateFrom&quot;: &quot;2021-11-15T18:55:49+0530&quot;,
        &quot;maximumLines&quot;: 300
    },
    &quot;description&quot;: &quot;Log file request&quot;
}
14:13:57 DEBUG Final URL of the request: https://thin-edge-io.eu-latest.cumulocity.com/devicecontrol/operations?deviceId=14255019&amp;pageSize=1&amp;revert=true&amp;dateFrom=1970-01-01T00%3A00%3A00.000Z
14:13:57 INFO  State of current operation: PENDING
14:13:57 DEBUG Final URL of the request: https://thin-edge-io.eu-latest.cumulocity.com/devicecontrol/operations?deviceId=14255019&amp;pageSize=1&amp;revert=true&amp;dateFrom=1970-01-01T00%3A00%3A00.000Z
14:13:57 DEBUG State of current operation: {
    &quot;creationTime&quot;: &quot;2022-02-24T13:33:12.290Z&quot;,
    &quot;deviceId&quot;: &quot;14255019&quot;,
    &quot;deviceName&quot;: &quot;offsitea&quot;,
    &quot;self&quot;: &quot;https://t493319102.eu-latest.cumulocity.com/devicecontrol/operations/14605032&quot;,
    &quot;id&quot;: &quot;14605032&quot;,
    &quot;status&quot;: &quot;PENDING&quot;,
    &quot;c8y_LogfileRequest&quot;: {
        &quot;searchText&quot;: &quot;&quot;,
        &quot;logFile&quot;: &quot;software-management&quot;,
        &quot;dateTo&quot;: &quot;2021-11-21T18:55:49+0530&quot;,
        &quot;dateFrom&quot;: &quot;2021-11-15T18:55:49+0530&quot;,
        &quot;maximumLines&quot;: 300
    },
    &quot;description&quot;: &quot;Log file request&quot;
}
14:13:59 DEBUG Final URL of the request: https://thin-edge-io.eu-latest.cumulocity.com/devicecontrol/operations?deviceId=14255019&amp;pageSize=1&amp;revert=true&amp;dateFrom=1970-01-01T00%3A00%3A00.000Z
14:13:59 INFO  State of current operation: PENDING
14:13:59 DEBUG Final URL of the request: https://thin-edge-io.eu-latest.cumulocity.com/devicecontrol/operations?deviceId=14255019&amp;pageSize=1&amp;revert=true&amp;dateFrom=1970-01-01T00%3A00%3A00.000Z
14:13:59 DEBUG State of current operation: {
    &quot;creationTime&quot;: &quot;2022-02-24T13:33:12.290Z&quot;,
    &quot;deviceId&quot;: &quot;14255019&quot;,
    &quot;deviceName&quot;: &quot;offsitea&quot;,
    &quot;self&quot;: &quot;https://t493319102.eu-latest.cumulocity.com/devicecontrol/operations/14605032&quot;,
    &quot;id&quot;: &quot;14605032&quot;,
    &quot;status&quot;: &quot;PENDING&quot;,
    &quot;c8y_LogfileRequest&quot;: {
        &quot;searchText&quot;: &quot;&quot;,
        &quot;logFile&quot;: &quot;software-management&quot;,
        &quot;dateTo&quot;: &quot;2021-11-21T18:55:49+0530&quot;,
        &quot;dateFrom&quot;: &quot;2021-11-15T18:55:49+0530&quot;,
        &quot;maximumLines&quot;: 300
    },
    &quot;description&quot;: &quot;Log file request&quot;
}
14:14:01 DEBUG Final URL of the request: https://thin-edge-io.eu-latest.cumulocity.com/devicecontrol/operations?deviceId=14255019&amp;pageSize=1&amp;revert=true&amp;dateFrom=1970-01-01T00%3A00%3A00.000Z
14:14:01 INFO  State of current operation: PENDING
14:14:01 DEBUG Final URL of the request: https://thin-edge-io.eu-latest.cumulocity.com/devicecontrol/operations?deviceId=14255019&amp;pageSize=1&amp;revert=true&amp;dateFrom=1970-01-01T00%3A00%3A00.000Z
14:14:01 DEBUG State of current operation: {
    &quot;creationTime&quot;: &quot;2022-02-24T13:33:12.290Z&quot;,
    &quot;deviceId&quot;: &quot;14255019&quot;,
    &quot;deviceName&quot;: &quot;offsitea&quot;,
    &quot;self&quot;: &quot;https://t493319102.eu-latest.cumulocity.com/devicecontrol/operations/14605032&quot;,
    &quot;id&quot;: &quot;14605032&quot;,
    &quot;status&quot;: &quot;PENDING&quot;,
    &quot;c8y_LogfileRequest&quot;: {
        &quot;searchText&quot;: &quot;&quot;,
        &quot;logFile&quot;: &quot;software-management&quot;,
        &quot;dateTo&quot;: &quot;2021-11-21T18:55:49+0530&quot;,
        &quot;dateFrom&quot;: &quot;2021-11-15T18:55:49+0530&quot;,
        &quot;maximumLines&quot;: 300
    },
    &quot;description&quot;: &quot;Log file request&quot;
}
14:14:03 DEBUG Final URL of the request: https://thin-edge-io.eu-latest.cumulocity.com/devicecontrol/operations?deviceId=14255019&amp;pageSize=1&amp;revert=true&amp;dateFrom=1970-01-01T00%3A00%3A00.000Z
14:14:03 INFO  State of current operation: PENDING
14:14:03 DEBUG Final URL of the request: https://thin-edge-io.eu-latest.cumulocity.com/devicecontrol/operations?deviceId=14255019&amp;pageSize=1&amp;revert=true&amp;dateFrom=1970-01-01T00%3A00%3A00.000Z
14:14:03 DEBUG State of current operation: {
    &quot;creationTime&quot;: &quot;2022-02-24T13:33:12.290Z&quot;,
    &quot;deviceId&quot;: &quot;14255019&quot;,
    &quot;deviceName&quot;: &quot;offsitea&quot;,
    &quot;self&quot;: &quot;https://t493319102.eu-latest.cumulocity.com/devicecontrol/operations/14605032&quot;,
    &quot;id&quot;: &quot;14605032&quot;,
    &quot;status&quot;: &quot;PENDING&quot;,
    &quot;c8y_LogfileRequest&quot;: {
        &quot;searchText&quot;: &quot;&quot;,
        &quot;logFile&quot;: &quot;software-management&quot;,
        &quot;dateTo&quot;: &quot;2021-11-21T18:55:49+0530&quot;,
        &quot;dateFrom&quot;: &quot;2021-11-15T18:55:49+0530&quot;,
        &quot;maximumLines&quot;: 300
    },
    &quot;description&quot;: &quot;Log file request&quot;
}
14:14:05 WARN  caught &lt;class 'SystemError'&gt; while running test: Timeout while waiting for status FAILED or SUCCESSFUL
Traceback (most recent call last):
  File &quot;/home/pi/env-pysys/lib/python3.7/site-packages/pysys/baserunner.py&quot;, line 1207, in __call__
    self.testObj.setup()
  File &quot;/home/pi/actions-runner/_work/thin-edge.io/thin-edge.io/tests/PySys/software_management_end_to_end/sm_apt_install_remove_default/run.py&quot;, line 26, in setup
    super().setup()
  File &quot;/home/pi/actions-runner/_work/thin-edge.io/thin-edge.io/tests/PySys/software_management_end_to_end/environment_sm_management.py&quot;, line 150, in setup
    self.wait_until_end()
  File &quot;/home/pi/actions-runner/_work/thin-edge.io/thin-edge.io/tests/PySys/software_management_end_to_end/environment_sm_management.py&quot;, line 332, in wait_until_end
    self.wait_until_status(&quot;FAILED&quot;, &quot;SUCCESSFUL&quot;)
  File &quot;/home/pi/actions-runner/_work/thin-edge.io/thin-edge.io/tests/PySys/software_management_end_to_end/environment_sm_management.py&quot;, line 378, in wait_until_status
    status, status2)
SystemError: Timeout while waiting for status FAILED or SUCCESSFUL
14:14:05 WARN  SystemError: Timeout while waiting for status FAILED or SUCCESSFUL ... blocked 
14:14:05 DEBUG --- test cleanup
14:14:05 INFO  
14:14:05 INFO  cleanup:
14:14:05 DEBUG Running registered cleanup function: &lt;bound method SoftwareManagement.mysmcleanup of &lt;PySysTest object at 0x75c55bb0&gt;&gt;
14:14:05 DEBUG Running registered cleanup function: &lt;bound method EnvironmentC8y.myenvcleanup of &lt;PySysTest object at 0x75c55bb0&gt;&gt;
14:14:05 DEBUG EnvironmentC8y Cleanup
14:14:05 DEBUG Process parameters for sudo&lt;tedge_disconnect_c8y&gt;
  command line : /usr/bin/sudo /usr/bin/tedge disconnect c8y
    arg #1     : /usr/bin/tedge
    arg #2     : disconnect
    arg #3     : c8y
  working dir  : /home/pi/actions-runner/_work/thin-edge.io/thin-edge.io/tests/PySys/software_management_end_to_end/sm_apt_install_remove_default/Output/linux
  stdout       : /home/pi/actions-runner/_work/thin-edge.io/thin-edge.io/tests/PySys/software_management_end_to_end/sm_apt_install_remove_default/Output/linux/tedge_disconnect_c8y.out
  stderr       : /home/pi/actions-runner/_work/thin-edge.io/thin-edge.io/tests/PySys/software_management_end_to_end/sm_apt_install_remove_default/Output/linux/tedge_disconnect_c8y.err
  environment  : LD_LIBRARY_PATH=/usr/lib
  environment  : PATH=/bin:/usr/bin:/usr/sbin:/usr/local/bin
                   #1  /bin
                   #2  /usr/bin
                   #3  /usr/sbin
                   #4  /usr/local/bin
14:14:05 DEBUG Waiting up to 600 secs for process sudo&lt;tedge_disconnect_c8y&gt; (pid 960)
14:14:08 INFO  Executed sudo&lt;tedge_disconnect_c8y&gt;, exit status 0
14:14:08 DEBUG Process parameters for systemctl&lt;serv_mapper5&gt;
  command line : /usr/bin/systemctl status tedge-mapper-c8y
    arg #1     : status
    arg #2     : tedge-mapper-c8y
  working dir  : /home/pi/actions-runner/_work/thin-edge.io/thin-edge.io/tests/PySys/software_management_end_to_end/sm_apt_install_remove_default/Output/linux
  stdout       : /home/pi/actions-runner/_work/thin-edge.io/thin-edge.io/tests/PySys/software_management_end_to_end/sm_apt_install_remove_default/Output/linux/serv_mapper5.out
  stderr       : /home/pi/actions-runner/_work/thin-edge.io/thin-edge.io/tests/PySys/software_management_end_to_end/sm_apt_install_remove_default/Output/linux/serv_mapper5.err
  environment  : LD_LIBRARY_PATH=/usr/lib
  environment  : PATH=/bin:/usr/bin:/usr/sbin:/usr/local/bin
                   #1  /bin
                   #2  /usr/bin
                   #3  /usr/sbin
                   #4  /usr/local/bin
14:14:08 DEBUG Waiting up to 600 secs for process systemctl&lt;serv_mapper5&gt; (pid 1001)
14:14:08 INFO  Executed systemctl&lt;serv_mapper5&gt;, exit status 3
14:14:08 DEBUG ProcessUser cleanup function done.
14:14:08 INFO  
14:14:08 INFO  Test duration: 156.61 secs
14:14:08 INFO  Test final outcome:  BLOCKED
14:14:08 INFO  Test outcome reason: SystemError: Timeout while waiting for status FAILED or SUCCESSFUL
14:14:08 INFO  
</system-out>
	</testcase>
</testsuite>
