<?xml version="1.0" encoding="utf-8"?>
<testsuite failures="1" name="SoftwareManagement.sm_docker_install_remove_multiple" skipped="0" tests="1" time="87.3" timestamp="2022-03-28T19:03:15">
	<testcase classname="SMDockerInstallRemove" name="SoftwareManagement.sm_docker_install_remove_multiple">
		<failure message="BLOCKED: SystemError: The operation has failed" type="BLOCKED"/>
		<system-out>19:01:48 INFO  ==============================================================
19:01:48 INFO  Id:    SoftwareManagement.sm_docker_install_remove_multiple
19:01:48 INFO  Dir:   software_management_end_to_end/
19:01:48 INFO  Title: Validate end to end behaviour for the docker plugin for multiple docker images with mixed versions
19:01:48 DEBUG Execution order hint: 0.0
19:01:48 INFO  ==============================================================
19:01:48 INFO  Using sw id database: {'asciijump': '5475369', 'robotfindskitten': '5474869', 'squirrel3': '5475279', 'rolldice': '5152439', 'moon-buggy': '5439204', 'apple': '5495053', 'banana': '5494888', 'cherry': '5495382', 'watermelon': '5494510', 'registry': '8018911', 'hello-world': '8021526', 'docker/getting-started': '8021973', 'alpine': '7991792'}
19:01:48 DEBUG EnvironmentC8y Setup
19:01:48 INFO  EnvironmentC8y Setup
19:01:48 DEBUG Process parameters for systemctl&lt;serv_mapper1&gt;
  command line : /usr/bin/systemctl status tedge-mapper-c8y
    arg #1     : status
    arg #2     : tedge-mapper-c8y
  working dir  : /home/pi/actions-runner/_work/thin-edge.io/thin-edge.io/tests/PySys/software_management_end_to_end/sm_docker_install_remove_multiple/Output/linux
  stdout       : /home/pi/actions-runner/_work/thin-edge.io/thin-edge.io/tests/PySys/software_management_end_to_end/sm_docker_install_remove_multiple/Output/linux/serv_mapper1.out
  stderr       : /home/pi/actions-runner/_work/thin-edge.io/thin-edge.io/tests/PySys/software_management_end_to_end/sm_docker_install_remove_multiple/Output/linux/serv_mapper1.err
  environment  : LD_LIBRARY_PATH=/usr/lib
  environment  : PATH=/bin:/usr/bin:/usr/sbin:/usr/local/bin
                   #1  /bin
                   #2  /usr/bin
                   #3  /usr/sbin
                   #4  /usr/local/bin
19:01:48 DEBUG Waiting up to 600 secs for process systemctl&lt;serv_mapper1&gt; (pid 27620)
19:01:48 INFO  Executed systemctl&lt;serv_mapper1&gt;, exit status 3
19:01:48 INFO  Restarting mosquitto too frequently in the last 10 seconds. It was only up for 3 seconds
19:01:48 INFO  Delaying execution by 8 seconds
19:01:56 DEBUG Process parameters for sudo&lt;tedge_connect_c8y&gt;
  command line : /usr/bin/sudo /usr/bin/tedge connect c8y
    arg #1     : /usr/bin/tedge
    arg #2     : connect
    arg #3     : c8y
  working dir  : /home/pi/actions-runner/_work/thin-edge.io/thin-edge.io/tests/PySys/software_management_end_to_end/sm_docker_install_remove_multiple/Output/linux
  stdout       : /home/pi/actions-runner/_work/thin-edge.io/thin-edge.io/tests/PySys/software_management_end_to_end/sm_docker_install_remove_multiple/Output/linux/tedge_connect_c8y.out
  stderr       : /home/pi/actions-runner/_work/thin-edge.io/thin-edge.io/tests/PySys/software_management_end_to_end/sm_docker_install_remove_multiple/Output/linux/tedge_connect_c8y.err
  environment  : LD_LIBRARY_PATH=/usr/lib
  environment  : PATH=/bin:/usr/bin:/usr/sbin:/usr/local/bin
                   #1  /bin
                   #2  /usr/bin
                   #3  /usr/sbin
                   #4  /usr/local/bin
19:01:56 DEBUG Waiting up to 600 secs for process sudo&lt;tedge_connect_c8y&gt; (pid 27624)
19:02:07 INFO  Executed sudo&lt;tedge_connect_c8y&gt;, exit status 0
19:02:07 DEBUG Process parameters for sudo&lt;tedge_connect_c8y_test&gt;
  command line : /usr/bin/sudo /usr/bin/tedge connect c8y --test
    arg #1     : /usr/bin/tedge
    arg #2     : connect
    arg #3     : c8y
    arg #4     : --test
  working dir  : /home/pi/actions-runner/_work/thin-edge.io/thin-edge.io/tests/PySys/software_management_end_to_end/sm_docker_install_remove_multiple/Output/linux
  stdout       : /home/pi/actions-runner/_work/thin-edge.io/thin-edge.io/tests/PySys/software_management_end_to_end/sm_docker_install_remove_multiple/Output/linux/tedge_connect_c8y_test.out
  stderr       : /home/pi/actions-runner/_work/thin-edge.io/thin-edge.io/tests/PySys/software_management_end_to_end/sm_docker_install_remove_multiple/Output/linux/tedge_connect_c8y_test.err
  environment  : LD_LIBRARY_PATH=/usr/lib
  environment  : PATH=/bin:/usr/bin:/usr/sbin:/usr/local/bin
                   #1  /bin
                   #2  /usr/bin
                   #3  /usr/sbin
                   #4  /usr/local/bin
19:02:07 DEBUG Waiting up to 600 secs for process sudo&lt;tedge_connect_c8y_test&gt; (pid 27734)
19:02:07 INFO  Executed sudo&lt;tedge_connect_c8y_test&gt;, exit status 0
19:02:07 DEBUG Process parameters for systemctl&lt;serv_mosq2&gt;
  command line : /usr/bin/systemctl status mosquitto
    arg #1     : status
    arg #2     : mosquitto
  working dir  : /home/pi/actions-runner/_work/thin-edge.io/thin-edge.io/tests/PySys/software_management_end_to_end/sm_docker_install_remove_multiple/Output/linux
  stdout       : /home/pi/actions-runner/_work/thin-edge.io/thin-edge.io/tests/PySys/software_management_end_to_end/sm_docker_install_remove_multiple/Output/linux/serv_mosq2.out
  stderr       : /home/pi/actions-runner/_work/thin-edge.io/thin-edge.io/tests/PySys/software_management_end_to_end/sm_docker_install_remove_multiple/Output/linux/serv_mosq2.err
  environment  : LD_LIBRARY_PATH=/usr/lib
  environment  : PATH=/bin:/usr/bin:/usr/sbin:/usr/local/bin
                   #1  /bin
                   #2  /usr/bin
                   #3  /usr/sbin
                   #4  /usr/local/bin
19:02:07 DEBUG Waiting up to 600 secs for process systemctl&lt;serv_mosq2&gt; (pid 27757)
19:02:07 INFO  Executed systemctl&lt;serv_mosq2&gt;, exit status 0
19:02:07 DEBUG Process parameters for systemctl&lt;serv_mapper3&gt;
  command line : /usr/bin/systemctl status tedge-mapper-c8y
    arg #1     : status
    arg #2     : tedge-mapper-c8y
  working dir  : /home/pi/actions-runner/_work/thin-edge.io/thin-edge.io/tests/PySys/software_management_end_to_end/sm_docker_install_remove_multiple/Output/linux
  stdout       : /home/pi/actions-runner/_work/thin-edge.io/thin-edge.io/tests/PySys/software_management_end_to_end/sm_docker_install_remove_multiple/Output/linux/serv_mapper3.out
  stderr       : /home/pi/actions-runner/_work/thin-edge.io/thin-edge.io/tests/PySys/software_management_end_to_end/sm_docker_install_remove_multiple/Output/linux/serv_mapper3.err
  environment  : LD_LIBRARY_PATH=/usr/lib
  environment  : PATH=/bin:/usr/bin:/usr/sbin:/usr/local/bin
                   #1  /bin
                   #2  /usr/bin
                   #3  /usr/sbin
                   #4  /usr/local/bin
19:02:07 DEBUG Waiting up to 600 secs for process systemctl&lt;serv_mapper3&gt; (pid 27771)
19:02:08 INFO  Executed systemctl&lt;serv_mapper3&gt;, exit status 0
19:02:10 DEBUG Starting new HTTPS connection (1): thin-edge-io.eu-latest.cumulocity.com:443
19:02:10 DEBUG https://thin-edge-io.eu-latest.cumulocity.com:443 &quot;GET /devicecontrol/operations?deviceId=16246359&amp;pageSize=1&amp;revert=true&amp;dateFrom=1970-01-01T00%3A00%3A00.000Z HTTP/1.1&quot; 200 1056
19:02:10 DEBUG Final URL of the request: https://thin-edge-io.eu-latest.cumulocity.com/devicecontrol/operations?deviceId=16246359&amp;pageSize=1&amp;revert=true&amp;dateFrom=1970-01-01T00%3A00%3A00.000Z
19:02:10 INFO  State of current operation: SUCCESSFUL
19:02:10 DEBUG Starting new HTTPS connection (1): thin-edge-io.eu-latest.cumulocity.com:443
19:02:10 DEBUG https://thin-edge-io.eu-latest.cumulocity.com:443 &quot;POST /devicecontrol/operations HTTP/1.1&quot; 201 669
19:02:10 INFO  Response status: 201
19:02:10 INFO  Response to action: {
    &quot;creationTime&quot;: &quot;2022-03-28T19:02:10.593Z&quot;,
    &quot;deviceId&quot;: &quot;16246359&quot;,
    &quot;deviceName&quot;: &quot;offsitea&quot;,
    &quot;self&quot;: &quot;https://t493319102.eu-latest.cumulocity.com/devicecontrol/operations/16285423&quot;,
    &quot;id&quot;: &quot;16285423&quot;,
    &quot;status&quot;: &quot;PENDING&quot;,
    &quot;description&quot;: &quot;Apply software changes, triggered from PySys: [{'action': 'install', 'id': '8021526', 'name': 'hello-world', 'url': '', 'version': '::docker'}, {'action': 'install', 'id': '8018911', 'name': 'registry', 'url': '', 'version': '2.6.2::docker'}]&quot;,
    &quot;c8y_SoftwareUpdate&quot;: [
        {
            &quot;name&quot;: &quot;hello-world&quot;,
            &quot;action&quot;: &quot;install&quot;,
            &quot;id&quot;: &quot;8021526&quot;,
            &quot;version&quot;: &quot;::docker&quot;,
            &quot;url&quot;: &quot;&quot;
        },
        {
            &quot;name&quot;: &quot;registry&quot;,
            &quot;action&quot;: &quot;install&quot;,
            &quot;id&quot;: &quot;8018911&quot;,
            &quot;version&quot;: &quot;2.6.2::docker&quot;,
            &quot;url&quot;: &quot;&quot;
        }
    ]
}
19:02:10 INFO  Started operation: {'creationTime': '2022-03-28T19:02:10.593Z', 'deviceId': '16246359', 'deviceName': 'offsitea', 'self': 'https://t493319102.eu-latest.cumulocity.com/devicecontrol/operations/16285423', 'id': '16285423', 'status': 'PENDING', 'description': &quot;Apply software changes, triggered from PySys: [{'action': 'install', 'id': '8021526', 'name': 'hello-world', 'url': '', 'version': '::docker'}, {'action': 'install', 'id': '8018911', 'name': 'registry', 'url': '', 'version': '2.6.2::docker'}]&quot;, 'c8y_SoftwareUpdate': [{'name': 'hello-world', 'action': 'install', 'id': '8021526', 'version': '::docker', 'url': ''}, {'name': 'registry', 'action': 'install', 'id': '8018911', 'version': '2.6.2::docker', 'url': ''}]}
19:02:12 DEBUG Starting new HTTPS connection (1): thin-edge-io.eu-latest.cumulocity.com:443
19:02:12 DEBUG https://thin-edge-io.eu-latest.cumulocity.com:443 &quot;GET /devicecontrol/operations/16285423 HTTP/1.1&quot; 200 830
19:02:12 INFO  State of operation 16285423 : EXECUTING
19:02:14 DEBUG Starting new HTTPS connection (1): thin-edge-io.eu-latest.cumulocity.com:443
19:02:14 DEBUG https://thin-edge-io.eu-latest.cumulocity.com:443 &quot;GET /devicecontrol/operations/16285423 HTTP/1.1&quot; 200 830
19:02:15 INFO  State of operation 16285423 : EXECUTING
19:02:17 DEBUG Starting new HTTPS connection (1): thin-edge-io.eu-latest.cumulocity.com:443
19:02:17 DEBUG https://thin-edge-io.eu-latest.cumulocity.com:443 &quot;GET /devicecontrol/operations/16285423 HTTP/1.1&quot; 200 830
19:02:17 INFO  State of operation 16285423 : EXECUTING
19:02:19 DEBUG Starting new HTTPS connection (1): thin-edge-io.eu-latest.cumulocity.com:443
19:02:19 DEBUG https://thin-edge-io.eu-latest.cumulocity.com:443 &quot;GET /devicecontrol/operations/16285423 HTTP/1.1&quot; 200 830
19:02:19 INFO  State of operation 16285423 : EXECUTING
19:02:21 DEBUG Starting new HTTPS connection (1): thin-edge-io.eu-latest.cumulocity.com:443
19:02:21 DEBUG https://thin-edge-io.eu-latest.cumulocity.com:443 &quot;GET /devicecontrol/operations/16285423 HTTP/1.1&quot; 200 830
19:02:21 INFO  State of operation 16285423 : EXECUTING
19:02:23 DEBUG Starting new HTTPS connection (1): thin-edge-io.eu-latest.cumulocity.com:443
19:02:23 DEBUG https://thin-edge-io.eu-latest.cumulocity.com:443 &quot;GET /devicecontrol/operations/16285423 HTTP/1.1&quot; 200 830
19:02:23 INFO  State of operation 16285423 : EXECUTING
19:02:25 DEBUG Starting new HTTPS connection (1): thin-edge-io.eu-latest.cumulocity.com:443
19:02:25 DEBUG https://thin-edge-io.eu-latest.cumulocity.com:443 &quot;GET /devicecontrol/operations/16285423 HTTP/1.1&quot; 200 830
19:02:25 INFO  State of operation 16285423 : EXECUTING
19:02:28 DEBUG Starting new HTTPS connection (1): thin-edge-io.eu-latest.cumulocity.com:443
19:02:28 DEBUG https://thin-edge-io.eu-latest.cumulocity.com:443 &quot;GET /devicecontrol/operations/16285423 HTTP/1.1&quot; 200 830
19:02:28 INFO  State of operation 16285423 : EXECUTING
19:02:30 DEBUG Starting new HTTPS connection (1): thin-edge-io.eu-latest.cumulocity.com:443
19:02:31 DEBUG https://thin-edge-io.eu-latest.cumulocity.com:443 &quot;GET /devicecontrol/operations/16285423 HTTP/1.1&quot; 200 830
19:02:31 INFO  State of operation 16285423 : EXECUTING
19:02:33 DEBUG Starting new HTTPS connection (1): thin-edge-io.eu-latest.cumulocity.com:443
19:02:33 DEBUG https://thin-edge-io.eu-latest.cumulocity.com:443 &quot;GET /devicecontrol/operations/16285423 HTTP/1.1&quot; 200 830
19:02:33 INFO  State of operation 16285423 : EXECUTING
19:02:35 DEBUG Starting new HTTPS connection (1): thin-edge-io.eu-latest.cumulocity.com:443
19:02:35 DEBUG https://thin-edge-io.eu-latest.cumulocity.com:443 &quot;GET /devicecontrol/operations/16285423 HTTP/1.1&quot; 200 830
19:02:35 INFO  State of operation 16285423 : EXECUTING
19:02:37 DEBUG Starting new HTTPS connection (1): thin-edge-io.eu-latest.cumulocity.com:443
19:02:37 DEBUG https://thin-edge-io.eu-latest.cumulocity.com:443 &quot;GET /devicecontrol/operations/16285423 HTTP/1.1&quot; 200 831
19:02:37 INFO  State of operation 16285423 : SUCCESSFUL
19:02:38 DEBUG Starting new HTTPS connection (1): thin-edge-io.eu-latest.cumulocity.com:443
19:02:38 DEBUG https://thin-edge-io.eu-latest.cumulocity.com:443 &quot;GET /inventory/managedObjects/16246359 HTTP/1.1&quot; 200 None
19:02:38 INFO  Package hello-world is installed
19:02:38 DEBUG Starting new HTTPS connection (1): thin-edge-io.eu-latest.cumulocity.com:443
19:02:38 DEBUG https://thin-edge-io.eu-latest.cumulocity.com:443 &quot;GET /inventory/managedObjects/16246359 HTTP/1.1&quot; 200 None
19:02:38 INFO  Package hello-world is installed
19:02:38 INFO  Assert that (True == value) with value=True ... passed
19:02:38 DEBUG Starting new HTTPS connection (1): thin-edge-io.eu-latest.cumulocity.com:443
19:02:39 DEBUG https://thin-edge-io.eu-latest.cumulocity.com:443 &quot;GET /inventory/managedObjects/16246359 HTTP/1.1&quot; 200 None
19:02:39 INFO  Package registry is installed
19:02:39 INFO  Assert that (True == value) with value=True ... passed
19:02:39 DEBUG Starting new HTTPS connection (1): thin-edge-io.eu-latest.cumulocity.com:443
19:02:39 DEBUG https://thin-edge-io.eu-latest.cumulocity.com:443 &quot;GET /inventory/managedObjects/16246359 HTTP/1.1&quot; 200 None
19:02:39 INFO  Assert that (False == value) with value=False ... passed
19:02:39 DEBUG --- test execute
19:02:39 DEBUG Starting new HTTPS connection (1): thin-edge-io.eu-latest.cumulocity.com:443
19:02:39 DEBUG https://thin-edge-io.eu-latest.cumulocity.com:443 &quot;POST /devicecontrol/operations HTTP/1.1&quot; 201 659
19:02:39 INFO  Response status: 201
19:02:39 INFO  Response to action: {
    &quot;creationTime&quot;: &quot;2022-03-28T19:02:39.443Z&quot;,
    &quot;deviceId&quot;: &quot;16246359&quot;,
    &quot;deviceName&quot;: &quot;offsitea&quot;,
    &quot;self&quot;: &quot;https://t493319102.eu-latest.cumulocity.com/devicecontrol/operations/16285429&quot;,
    &quot;id&quot;: &quot;16285429&quot;,
    &quot;status&quot;: &quot;PENDING&quot;,
    &quot;description&quot;: &quot;Apply software changes, triggered from PySys: [{'action': 'install', 'id': '8018911', 'name': 'registry', 'url': '', 'version': '2.7.1::docker'}, {'action': 'install', 'id': '7991792', 'name': 'alpine', 'url': '', 'version': '::docker'}]&quot;,
    &quot;c8y_SoftwareUpdate&quot;: [
        {
            &quot;name&quot;: &quot;registry&quot;,
            &quot;action&quot;: &quot;install&quot;,
            &quot;id&quot;: &quot;8018911&quot;,
            &quot;version&quot;: &quot;2.7.1::docker&quot;,
            &quot;url&quot;: &quot;&quot;
        },
        {
            &quot;name&quot;: &quot;alpine&quot;,
            &quot;action&quot;: &quot;install&quot;,
            &quot;id&quot;: &quot;7991792&quot;,
            &quot;version&quot;: &quot;::docker&quot;,
            &quot;url&quot;: &quot;&quot;
        }
    ]
}
19:02:39 INFO  Started operation: {'creationTime': '2022-03-28T19:02:39.443Z', 'deviceId': '16246359', 'deviceName': 'offsitea', 'self': 'https://t493319102.eu-latest.cumulocity.com/devicecontrol/operations/16285429', 'id': '16285429', 'status': 'PENDING', 'description': &quot;Apply software changes, triggered from PySys: [{'action': 'install', 'id': '8018911', 'name': 'registry', 'url': '', 'version': '2.7.1::docker'}, {'action': 'install', 'id': '7991792', 'name': 'alpine', 'url': '', 'version': '::docker'}]&quot;, 'c8y_SoftwareUpdate': [{'name': 'registry', 'action': 'install', 'id': '8018911', 'version': '2.7.1::docker', 'url': ''}, {'name': 'alpine', 'action': 'install', 'id': '7991792', 'version': '::docker', 'url': ''}]}
19:02:41 DEBUG Starting new HTTPS connection (1): thin-edge-io.eu-latest.cumulocity.com:443
19:02:41 DEBUG https://thin-edge-io.eu-latest.cumulocity.com:443 &quot;GET /devicecontrol/operations/16285429 HTTP/1.1&quot; 200 820
19:02:41 INFO  State of operation 16285429 : EXECUTING
19:02:43 DEBUG Starting new HTTPS connection (1): thin-edge-io.eu-latest.cumulocity.com:443
19:02:43 DEBUG https://thin-edge-io.eu-latest.cumulocity.com:443 &quot;GET /devicecontrol/operations/16285429 HTTP/1.1&quot; 200 820
19:02:43 INFO  State of operation 16285429 : EXECUTING
19:02:45 DEBUG Starting new HTTPS connection (1): thin-edge-io.eu-latest.cumulocity.com:443
19:02:45 DEBUG https://thin-edge-io.eu-latest.cumulocity.com:443 &quot;GET /devicecontrol/operations/16285429 HTTP/1.1&quot; 200 820
19:02:45 INFO  State of operation 16285429 : EXECUTING
19:02:47 DEBUG Starting new HTTPS connection (1): thin-edge-io.eu-latest.cumulocity.com:443
19:02:48 DEBUG https://thin-edge-io.eu-latest.cumulocity.com:443 &quot;GET /devicecontrol/operations/16285429 HTTP/1.1&quot; 200 820
19:02:48 INFO  State of operation 16285429 : EXECUTING
19:02:50 DEBUG Starting new HTTPS connection (1): thin-edge-io.eu-latest.cumulocity.com:443
19:02:50 DEBUG https://thin-edge-io.eu-latest.cumulocity.com:443 &quot;GET /devicecontrol/operations/16285429 HTTP/1.1&quot; 200 820
19:02:50 INFO  State of operation 16285429 : EXECUTING
19:02:52 DEBUG Starting new HTTPS connection (1): thin-edge-io.eu-latest.cumulocity.com:443
19:02:52 DEBUG https://thin-edge-io.eu-latest.cumulocity.com:443 &quot;GET /devicecontrol/operations/16285429 HTTP/1.1&quot; 200 936
19:02:52 INFO  State of operation 16285429 : FAILED
19:02:52 ERROR Stopping as the operation has failed
19:02:52 WARN  SystemError occurred while running test - The operation has failed
Traceback (most recent call last):
  File &quot;/home/pi/env-pysys/lib/python3.7/site-packages/pysys/baserunner.py&quot;, line 1294, in __call__
    self.testObj.execute()
  File &quot;/home/pi/actions-runner/_work/thin-edge.io/thin-edge.io/tests/PySys/software_management_end_to_end/sm_docker_install_remove_multiple/run.py&quot;, line 88, in execute
    self.wait_until_succcess()
  File &quot;/home/pi/actions-runner/_work/thin-edge.io/thin-edge.io/tests/PySys/software_management_end_to_end/environment_sm_management.py&quot;, line 324, in wait_until_succcess
    self.wait_until_status(&quot;SUCCESSFUL&quot;)
  File &quot;/home/pi/actions-runner/_work/thin-edge.io/thin-edge.io/tests/PySys/software_management_end_to_end/environment_sm_management.py&quot;, line 361, in wait_until_status
    raise SystemError(&quot;The operation has failed&quot;)
SystemError: The operation has failed
19:02:52 WARN  SystemError: The operation has failed ... blocked 
19:02:52 DEBUG --- test cleanup
19:02:52 INFO  
19:02:52 INFO  cleanup:
19:02:52 DEBUG Running registered cleanup function: &lt;bound method SMDockerInstallRemove.docker_cleanup of &lt;SMDockerInstallRemove object at 0x7603d770&gt;&gt;
19:02:52 DEBUG Starting new HTTPS connection (1): thin-edge-io.eu-latest.cumulocity.com:443
19:02:52 DEBUG https://thin-edge-io.eu-latest.cumulocity.com:443 &quot;POST /devicecontrol/operations HTTP/1.1&quot; 201 837
19:02:52 INFO  Response status: 201
19:02:52 INFO  Response to action: {
    &quot;creationTime&quot;: &quot;2022-03-28T19:02:52.596Z&quot;,
    &quot;deviceId&quot;: &quot;16246359&quot;,
    &quot;deviceName&quot;: &quot;offsitea&quot;,
    &quot;self&quot;: &quot;https://t493319102.eu-latest.cumulocity.com/devicecontrol/operations/16285435&quot;,
    &quot;id&quot;: &quot;16285435&quot;,
    &quot;status&quot;: &quot;PENDING&quot;,
    &quot;description&quot;: &quot;Apply software changes, triggered from PySys: [{'action': 'delete', 'id': '8018911', 'name': 'registry', 'url': '', 'version': '2.7.1::docker'}, {'action': 'delete', 'id': '7991792', 'name': 'alpine', 'url': '', 'version': '::docker'}, {'action': 'delete', 'id': '8021526', 'name': 'hello-world', 'url': '', 'version': '::docker'}]&quot;,
    &quot;c8y_SoftwareUpdate&quot;: [
        {
            &quot;name&quot;: &quot;registry&quot;,
            &quot;action&quot;: &quot;delete&quot;,
            &quot;id&quot;: &quot;8018911&quot;,
            &quot;version&quot;: &quot;2.7.1::docker&quot;,
            &quot;url&quot;: &quot;&quot;
        },
        {
            &quot;name&quot;: &quot;alpine&quot;,
            &quot;action&quot;: &quot;delete&quot;,
            &quot;id&quot;: &quot;7991792&quot;,
            &quot;version&quot;: &quot;::docker&quot;,
            &quot;url&quot;: &quot;&quot;
        },
        {
            &quot;name&quot;: &quot;hello-world&quot;,
            &quot;action&quot;: &quot;delete&quot;,
            &quot;id&quot;: &quot;8021526&quot;,
            &quot;version&quot;: &quot;::docker&quot;,
            &quot;url&quot;: &quot;&quot;
        }
    ]
}
19:02:52 INFO  Started operation: {'creationTime': '2022-03-28T19:02:52.596Z', 'deviceId': '16246359', 'deviceName': 'offsitea', 'self': 'https://t493319102.eu-latest.cumulocity.com/devicecontrol/operations/16285435', 'id': '16285435', 'status': 'PENDING', 'description': &quot;Apply software changes, triggered from PySys: [{'action': 'delete', 'id': '8018911', 'name': 'registry', 'url': '', 'version': '2.7.1::docker'}, {'action': 'delete', 'id': '7991792', 'name': 'alpine', 'url': '', 'version': '::docker'}, {'action': 'delete', 'id': '8021526', 'name': 'hello-world', 'url': '', 'version': '::docker'}]&quot;, 'c8y_SoftwareUpdate': [{'name': 'registry', 'action': 'delete', 'id': '8018911', 'version': '2.7.1::docker', 'url': ''}, {'name': 'alpine', 'action': 'delete', 'id': '7991792', 'version': '::docker', 'url': ''}, {'name': 'hello-world', 'action': 'delete', 'id': '8021526', 'version': '::docker', 'url': ''}]}
19:02:54 DEBUG Starting new HTTPS connection (1): thin-edge-io.eu-latest.cumulocity.com:443
19:02:54 DEBUG https://thin-edge-io.eu-latest.cumulocity.com:443 &quot;GET /devicecontrol/operations/16285435 HTTP/1.1&quot; 200 998
19:02:54 INFO  State of operation 16285435 : EXECUTING
19:02:56 DEBUG Starting new HTTPS connection (1): thin-edge-io.eu-latest.cumulocity.com:443
19:02:56 DEBUG https://thin-edge-io.eu-latest.cumulocity.com:443 &quot;GET /devicecontrol/operations/16285435 HTTP/1.1&quot; 200 998
19:02:57 INFO  State of operation 16285435 : EXECUTING
19:02:59 DEBUG Starting new HTTPS connection (1): thin-edge-io.eu-latest.cumulocity.com:443
19:02:59 DEBUG https://thin-edge-io.eu-latest.cumulocity.com:443 &quot;GET /devicecontrol/operations/16285435 HTTP/1.1&quot; 200 998
19:02:59 INFO  State of operation 16285435 : EXECUTING
19:03:01 DEBUG Starting new HTTPS connection (1): thin-edge-io.eu-latest.cumulocity.com:443
19:03:01 DEBUG https://thin-edge-io.eu-latest.cumulocity.com:443 &quot;GET /devicecontrol/operations/16285435 HTTP/1.1&quot; 200 999
19:03:01 INFO  State of operation 16285435 : SUCCESSFUL
19:03:02 DEBUG Starting new HTTPS connection (1): thin-edge-io.eu-latest.cumulocity.com:443
19:03:02 DEBUG https://thin-edge-io.eu-latest.cumulocity.com:443 &quot;GET /inventory/managedObjects/16246359 HTTP/1.1&quot; 200 None
19:03:03 DEBUG Starting new HTTPS connection (1): thin-edge-io.eu-latest.cumulocity.com:443
19:03:03 DEBUG https://thin-edge-io.eu-latest.cumulocity.com:443 &quot;GET /inventory/managedObjects/16246359 HTTP/1.1&quot; 200 None
19:03:04 DEBUG Starting new HTTPS connection (1): thin-edge-io.eu-latest.cumulocity.com:443
19:03:04 DEBUG https://thin-edge-io.eu-latest.cumulocity.com:443 &quot;GET /inventory/managedObjects/16246359 HTTP/1.1&quot; 200 None
19:03:05 DEBUG Starting new HTTPS connection (1): thin-edge-io.eu-latest.cumulocity.com:443
19:03:06 DEBUG https://thin-edge-io.eu-latest.cumulocity.com:443 &quot;GET /inventory/managedObjects/16246359 HTTP/1.1&quot; 200 None
19:03:07 DEBUG Starting new HTTPS connection (1): thin-edge-io.eu-latest.cumulocity.com:443
19:03:07 DEBUG https://thin-edge-io.eu-latest.cumulocity.com:443 &quot;GET /inventory/managedObjects/16246359 HTTP/1.1&quot; 200 None
19:03:08 DEBUG Starting new HTTPS connection (1): thin-edge-io.eu-latest.cumulocity.com:443
19:03:08 DEBUG https://thin-edge-io.eu-latest.cumulocity.com:443 &quot;GET /inventory/managedObjects/16246359 HTTP/1.1&quot; 200 None
19:03:09 DEBUG Starting new HTTPS connection (1): thin-edge-io.eu-latest.cumulocity.com:443
19:03:09 DEBUG https://thin-edge-io.eu-latest.cumulocity.com:443 &quot;GET /inventory/managedObjects/16246359 HTTP/1.1&quot; 200 None
19:03:10 DEBUG Starting new HTTPS connection (1): thin-edge-io.eu-latest.cumulocity.com:443
19:03:10 DEBUG https://thin-edge-io.eu-latest.cumulocity.com:443 &quot;GET /inventory/managedObjects/16246359 HTTP/1.1&quot; 200 None
19:03:11 DEBUG Starting new HTTPS connection (1): thin-edge-io.eu-latest.cumulocity.com:443
19:03:11 DEBUG https://thin-edge-io.eu-latest.cumulocity.com:443 &quot;GET /inventory/managedObjects/16246359 HTTP/1.1&quot; 200 None
19:03:11 DEBUG Starting new HTTPS connection (1): thin-edge-io.eu-latest.cumulocity.com:443
19:03:12 DEBUG https://thin-edge-io.eu-latest.cumulocity.com:443 &quot;GET /inventory/managedObjects/16246359 HTTP/1.1&quot; 200 None
19:03:12 INFO  Assert that (False == value) with value=False ... passed
19:03:12 DEBUG Starting new HTTPS connection (1): thin-edge-io.eu-latest.cumulocity.com:443
19:03:12 DEBUG https://thin-edge-io.eu-latest.cumulocity.com:443 &quot;GET /inventory/managedObjects/16246359 HTTP/1.1&quot; 200 None
19:03:12 INFO  Assert that (False == value) with value=False ... passed
19:03:12 DEBUG Starting new HTTPS connection (1): thin-edge-io.eu-latest.cumulocity.com:443
19:03:12 DEBUG https://thin-edge-io.eu-latest.cumulocity.com:443 &quot;GET /inventory/managedObjects/16246359 HTTP/1.1&quot; 200 None
19:03:12 INFO  Assert that (False == value) with value=False ... passed
19:03:12 DEBUG Running registered cleanup function: &lt;bound method SoftwareManagement.mysmcleanup of &lt;SMDockerInstallRemove object at 0x7603d770&gt;&gt;
19:03:12 DEBUG Running registered cleanup function: &lt;bound method EnvironmentC8y.myenvcleanup of &lt;SMDockerInstallRemove object at 0x7603d770&gt;&gt;
19:03:12 DEBUG EnvironmentC8y Cleanup
19:03:12 DEBUG Process parameters for sudo&lt;tedge_disconnect_c8y&gt;
  command line : /usr/bin/sudo /usr/bin/tedge disconnect c8y
    arg #1     : /usr/bin/tedge
    arg #2     : disconnect
    arg #3     : c8y
  working dir  : /home/pi/actions-runner/_work/thin-edge.io/thin-edge.io/tests/PySys/software_management_end_to_end/sm_docker_install_remove_multiple/Output/linux
  stdout       : /home/pi/actions-runner/_work/thin-edge.io/thin-edge.io/tests/PySys/software_management_end_to_end/sm_docker_install_remove_multiple/Output/linux/tedge_disconnect_c8y.out
  stderr       : /home/pi/actions-runner/_work/thin-edge.io/thin-edge.io/tests/PySys/software_management_end_to_end/sm_docker_install_remove_multiple/Output/linux/tedge_disconnect_c8y.err
  environment  : LD_LIBRARY_PATH=/usr/lib
  environment  : PATH=/bin:/usr/bin:/usr/sbin:/usr/local/bin
                   #1  /bin
                   #2  /usr/bin
                   #3  /usr/sbin
                   #4  /usr/local/bin
19:03:12 DEBUG Waiting up to 600 secs for process sudo&lt;tedge_disconnect_c8y&gt; (pid 28688)
19:03:15 INFO  Executed sudo&lt;tedge_disconnect_c8y&gt;, exit status 0
19:03:15 DEBUG Process parameters for systemctl&lt;serv_mapper5&gt;
  command line : /usr/bin/systemctl status tedge-mapper-c8y
    arg #1     : status
    arg #2     : tedge-mapper-c8y
  working dir  : /home/pi/actions-runner/_work/thin-edge.io/thin-edge.io/tests/PySys/software_management_end_to_end/sm_docker_install_remove_multiple/Output/linux
  stdout       : /home/pi/actions-runner/_work/thin-edge.io/thin-edge.io/tests/PySys/software_management_end_to_end/sm_docker_install_remove_multiple/Output/linux/serv_mapper5.out
  stderr       : /home/pi/actions-runner/_work/thin-edge.io/thin-edge.io/tests/PySys/software_management_end_to_end/sm_docker_install_remove_multiple/Output/linux/serv_mapper5.err
  environment  : LD_LIBRARY_PATH=/usr/lib
  environment  : PATH=/bin:/usr/bin:/usr/sbin:/usr/local/bin
                   #1  /bin
                   #2  /usr/bin
                   #3  /usr/sbin
                   #4  /usr/local/bin
19:03:15 DEBUG Waiting up to 600 secs for process systemctl&lt;serv_mapper5&gt; (pid 28728)
19:03:15 INFO  Executed systemctl&lt;serv_mapper5&gt;, exit status 3
19:03:15 DEBUG ProcessUser cleanup function done.
19:03:15 INFO  
19:03:15 INFO  Test duration: 87.30 secs
19:03:15 INFO  Test final outcome:  BLOCKED
19:03:15 INFO  Test outcome reason: SystemError: The operation has failed
19:03:15 INFO  
</system-out>
	</testcase>
</testsuite>
