<?xml version="1.0" encoding="utf-8"?>
<testsuite failures="1" name="SoftwareManagement.sm_apt_install_remove" skipped="0" tests="1" time="0.04" timestamp="2022-02-09T11:42:07">
	<testcase classname="PySysTest" name="SoftwareManagement.sm_apt_install_remove">
		<failure message="FAILED: Device ID is not set. Set with the env variable C8YDEVICEID" type="FAILED"/>
		<system-out>11:42:07 INFO  ==============================================================
11:42:07 INFO  Id:    SoftwareManagement.sm_apt_install_remove
11:42:07 INFO  Dir:   software_management_end_to_end/
11:42:07 INFO  Title: Validate end to end behaviour for the apt plugin for installation and removal of packages
11:42:07 DEBUG Execution order hint: 0.0
11:42:07 INFO  ==============================================================
11:42:07 INFO  Using sw id database: {'asciijump': '5475369', 'robotfindskitten': '5474869', 'squirrel3': '5475279', 'rolldice': '5152439', 'moon-buggy': '5439204', 'apple': '5495053', 'banana': '5494888', 'cherry': '5495382', 'watermelon': '5494510', 'registry': '8018911', 'hello-world': '8021526', 'docker/getting-started': '8021973', 'alpine': '7991792'}
11:42:07 DEBUG EnvironmentC8y Setup
11:42:07 WARN  Device ID is not set. Set with the env variable C8YDEVICEID ... failed 
11:42:07 WARN  Aborted test due to FAILED outcome
11:42:07 DEBUG --- test cleanup
11:42:07 DEBUG ProcessUser cleanup function done.
11:42:07 INFO  
11:42:07 INFO  Test duration: 0.04 secs
11:42:07 INFO  Test final outcome:  FAILED
11:42:07 INFO  Test outcome reason: Device ID is not set. Set with the env variable C8YDEVICEID
11:42:07 INFO  
</system-out>
	</testcase>
</testsuite>
