<?xml version="1.0" encoding="utf-8"?>
<testsuite failures="1" name="SoftwareManagement.sm_docker_install_remove_multiple" skipped="0" tests="1" time="84.33" timestamp="2022-03-15T18:29:11">
	<testcase classname="SMDockerInstallRemove" name="SoftwareManagement.sm_docker_install_remove_multiple">
		<failure message="BLOCKED: SystemError: The operation has failed" type="BLOCKED"/>
		<system-out>18:27:47 INFO  ==============================================================
18:27:47 INFO  Id:    SoftwareManagement.sm_docker_install_remove_multiple
18:27:47 INFO  Dir:   software_management_end_to_end/
18:27:47 INFO  Title: Validate end to end behaviour for the docker plugin for multiple docker images with mixed versions
18:27:47 DEBUG Execution order hint: 0.0
18:27:47 INFO  ==============================================================
18:27:47 INFO  Using sw id database: {'asciijump': '5475369', 'robotfindskitten': '5474869', 'squirrel3': '5475279', 'rolldice': '5152439', 'moon-buggy': '5439204', 'apple': '5495053', 'banana': '5494888', 'cherry': '5495382', 'watermelon': '5494510', 'registry': '8018911', 'hello-world': '8021526', 'docker/getting-started': '8021973', 'alpine': '7991792'}
18:27:47 DEBUG EnvironmentC8y Setup
18:27:47 INFO  EnvironmentC8y Setup
18:27:47 DEBUG Process parameters for systemctl&lt;serv_mapper1&gt;
  command line : /usr/bin/systemctl status tedge-mapper-c8y
    arg #1     : status
    arg #2     : tedge-mapper-c8y
  working dir  : /home/pi/actions-runner/_work/thin-edge.io/thin-edge.io/tests/PySys/software_management_end_to_end/sm_docker_install_remove_multiple/Output/linux
  stdout       : /home/pi/actions-runner/_work/thin-edge.io/thin-edge.io/tests/PySys/software_management_end_to_end/sm_docker_install_remove_multiple/Output/linux/serv_mapper1.out
  stderr       : /home/pi/actions-runner/_work/thin-edge.io/thin-edge.io/tests/PySys/software_management_end_to_end/sm_docker_install_remove_multiple/Output/linux/serv_mapper1.err
  environment  : LD_LIBRARY_PATH=/usr/lib
  environment  : PATH=/bin:/usr/bin:/usr/sbin:/usr/local/bin
                   #1  /bin
                   #2  /usr/bin
                   #3  /usr/sbin
                   #4  /usr/local/bin
18:27:47 DEBUG Waiting up to 600 secs for process systemctl&lt;serv_mapper1&gt; (pid 12986)
18:27:47 INFO  Executed systemctl&lt;serv_mapper1&gt;, exit status 3
18:27:47 INFO  Restarting mosquitto too frequently in the last 10 seconds. It was only up for 3 seconds
18:27:47 INFO  Delaying execution by 8 seconds
18:27:55 DEBUG Process parameters for sudo&lt;tedge_connect_c8y&gt;
  command line : /usr/bin/sudo /usr/bin/tedge connect c8y
    arg #1     : /usr/bin/tedge
    arg #2     : connect
    arg #3     : c8y
  working dir  : /home/pi/actions-runner/_work/thin-edge.io/thin-edge.io/tests/PySys/software_management_end_to_end/sm_docker_install_remove_multiple/Output/linux
  stdout       : /home/pi/actions-runner/_work/thin-edge.io/thin-edge.io/tests/PySys/software_management_end_to_end/sm_docker_install_remove_multiple/Output/linux/tedge_connect_c8y.out
  stderr       : /home/pi/actions-runner/_work/thin-edge.io/thin-edge.io/tests/PySys/software_management_end_to_end/sm_docker_install_remove_multiple/Output/linux/tedge_connect_c8y.err
  environment  : LD_LIBRARY_PATH=/usr/lib
  environment  : PATH=/bin:/usr/bin:/usr/sbin:/usr/local/bin
                   #1  /bin
                   #2  /usr/bin
                   #3  /usr/sbin
                   #4  /usr/local/bin
18:27:55 DEBUG Waiting up to 600 secs for process sudo&lt;tedge_connect_c8y&gt; (pid 12990)
18:28:06 INFO  Executed sudo&lt;tedge_connect_c8y&gt;, exit status 0
18:28:06 DEBUG Process parameters for sudo&lt;tedge_connect_c8y_test&gt;
  command line : /usr/bin/sudo /usr/bin/tedge connect c8y --test
    arg #1     : /usr/bin/tedge
    arg #2     : connect
    arg #3     : c8y
    arg #4     : --test
  working dir  : /home/pi/actions-runner/_work/thin-edge.io/thin-edge.io/tests/PySys/software_management_end_to_end/sm_docker_install_remove_multiple/Output/linux
  stdout       : /home/pi/actions-runner/_work/thin-edge.io/thin-edge.io/tests/PySys/software_management_end_to_end/sm_docker_install_remove_multiple/Output/linux/tedge_connect_c8y_test.out
  stderr       : /home/pi/actions-runner/_work/thin-edge.io/thin-edge.io/tests/PySys/software_management_end_to_end/sm_docker_install_remove_multiple/Output/linux/tedge_connect_c8y_test.err
  environment  : LD_LIBRARY_PATH=/usr/lib
  environment  : PATH=/bin:/usr/bin:/usr/sbin:/usr/local/bin
                   #1  /bin
                   #2  /usr/bin
                   #3  /usr/sbin
                   #4  /usr/local/bin
18:28:06 DEBUG Waiting up to 600 secs for process sudo&lt;tedge_connect_c8y_test&gt; (pid 13101)
18:28:06 INFO  Executed sudo&lt;tedge_connect_c8y_test&gt;, exit status 0
18:28:06 DEBUG Process parameters for systemctl&lt;serv_mosq2&gt;
  command line : /usr/bin/systemctl status mosquitto
    arg #1     : status
    arg #2     : mosquitto
  working dir  : /home/pi/actions-runner/_work/thin-edge.io/thin-edge.io/tests/PySys/software_management_end_to_end/sm_docker_install_remove_multiple/Output/linux
  stdout       : /home/pi/actions-runner/_work/thin-edge.io/thin-edge.io/tests/PySys/software_management_end_to_end/sm_docker_install_remove_multiple/Output/linux/serv_mosq2.out
  stderr       : /home/pi/actions-runner/_work/thin-edge.io/thin-edge.io/tests/PySys/software_management_end_to_end/sm_docker_install_remove_multiple/Output/linux/serv_mosq2.err
  environment  : LD_LIBRARY_PATH=/usr/lib
  environment  : PATH=/bin:/usr/bin:/usr/sbin:/usr/local/bin
                   #1  /bin
                   #2  /usr/bin
                   #3  /usr/sbin
                   #4  /usr/local/bin
18:28:06 DEBUG Waiting up to 600 secs for process systemctl&lt;serv_mosq2&gt; (pid 13119)
18:28:06 INFO  Executed systemctl&lt;serv_mosq2&gt;, exit status 0
18:28:06 DEBUG Process parameters for systemctl&lt;serv_mapper3&gt;
  command line : /usr/bin/systemctl status tedge-mapper-c8y
    arg #1     : status
    arg #2     : tedge-mapper-c8y
  working dir  : /home/pi/actions-runner/_work/thin-edge.io/thin-edge.io/tests/PySys/software_management_end_to_end/sm_docker_install_remove_multiple/Output/linux
  stdout       : /home/pi/actions-runner/_work/thin-edge.io/thin-edge.io/tests/PySys/software_management_end_to_end/sm_docker_install_remove_multiple/Output/linux/serv_mapper3.out
  stderr       : /home/pi/actions-runner/_work/thin-edge.io/thin-edge.io/tests/PySys/software_management_end_to_end/sm_docker_install_remove_multiple/Output/linux/serv_mapper3.err
  environment  : LD_LIBRARY_PATH=/usr/lib
  environment  : PATH=/bin:/usr/bin:/usr/sbin:/usr/local/bin
                   #1  /bin
                   #2  /usr/bin
                   #3  /usr/sbin
                   #4  /usr/local/bin
18:28:06 DEBUG Waiting up to 600 secs for process systemctl&lt;serv_mapper3&gt; (pid 13122)
18:28:07 INFO  Executed systemctl&lt;serv_mapper3&gt;, exit status 0
18:28:09 DEBUG Final URL of the request: https://thin-edge-io.eu-latest.cumulocity.com/devicecontrol/operations?deviceId=15639535&amp;pageSize=1&amp;revert=true&amp;dateFrom=1970-01-01T00%3A00%3A00.000Z
18:28:09 INFO  State of current operation: SUCCESSFUL
18:28:09 INFO  Response status: 201
18:28:09 INFO  Response to action: {
    &quot;creationTime&quot;: &quot;2022-03-15T18:28:09.506Z&quot;,
    &quot;deviceId&quot;: &quot;15639535&quot;,
    &quot;deviceName&quot;: &quot;offsitea&quot;,
    &quot;self&quot;: &quot;https://t493319102.eu-latest.cumulocity.com/devicecontrol/operations/15666327&quot;,
    &quot;id&quot;: &quot;15666327&quot;,
    &quot;status&quot;: &quot;PENDING&quot;,
    &quot;description&quot;: &quot;Apply software changes, triggered from PySys: [{'action': 'install', 'id': '8021526', 'name': 'hello-world', 'url': '', 'version': '::docker'}, {'action': 'install', 'id': '8018911', 'name': 'registry', 'url': '', 'version': '2.6.2::docker'}]&quot;,
    &quot;c8y_SoftwareUpdate&quot;: [
        {
            &quot;name&quot;: &quot;hello-world&quot;,
            &quot;action&quot;: &quot;install&quot;,
            &quot;id&quot;: &quot;8021526&quot;,
            &quot;version&quot;: &quot;::docker&quot;,
            &quot;url&quot;: &quot;&quot;
        },
        {
            &quot;name&quot;: &quot;registry&quot;,
            &quot;action&quot;: &quot;install&quot;,
            &quot;id&quot;: &quot;8018911&quot;,
            &quot;version&quot;: &quot;2.6.2::docker&quot;,
            &quot;url&quot;: &quot;&quot;
        }
    ]
}
18:28:09 INFO  Started operation: {'creationTime': '2022-03-15T18:28:09.506Z', 'deviceId': '15639535', 'deviceName': 'offsitea', 'self': 'https://t493319102.eu-latest.cumulocity.com/devicecontrol/operations/15666327', 'id': '15666327', 'status': 'PENDING', 'description': &quot;Apply software changes, triggered from PySys: [{'action': 'install', 'id': '8021526', 'name': 'hello-world', 'url': '', 'version': '::docker'}, {'action': 'install', 'id': '8018911', 'name': 'registry', 'url': '', 'version': '2.6.2::docker'}]&quot;, 'c8y_SoftwareUpdate': [{'name': 'hello-world', 'action': 'install', 'id': '8021526', 'version': '::docker', 'url': ''}, {'name': 'registry', 'action': 'install', 'id': '8018911', 'version': '2.6.2::docker', 'url': ''}]}
18:28:11 INFO  State of operation 15666327 : EXECUTING
18:28:13 INFO  State of operation 15666327 : EXECUTING
18:28:16 INFO  State of operation 15666327 : EXECUTING
18:28:18 INFO  State of operation 15666327 : EXECUTING
18:28:20 INFO  State of operation 15666327 : EXECUTING
18:28:22 INFO  State of operation 15666327 : EXECUTING
18:28:25 INFO  State of operation 15666327 : EXECUTING
18:28:27 INFO  State of operation 15666327 : EXECUTING
18:28:29 INFO  State of operation 15666327 : EXECUTING
18:28:32 INFO  State of operation 15666327 : EXECUTING
18:28:34 INFO  State of operation 15666327 : EXECUTING
18:28:36 INFO  State of operation 15666327 : SUCCESSFUL
18:28:37 INFO  Package hello-world is installed
18:28:37 INFO  Package hello-world is installed
18:28:37 INFO  Assert that (True == value) with value=True ... passed
18:28:37 INFO  Package registry is installed
18:28:37 INFO  Assert that (True == value) with value=True ... passed
18:28:38 INFO  Assert that (False == value) with value=False ... passed
18:28:38 DEBUG --- test execute
18:28:38 INFO  Response status: 201
18:28:38 INFO  Response to action: {
    &quot;creationTime&quot;: &quot;2022-03-15T18:28:38.209Z&quot;,
    &quot;deviceId&quot;: &quot;15639535&quot;,
    &quot;deviceName&quot;: &quot;offsitea&quot;,
    &quot;self&quot;: &quot;https://t493319102.eu-latest.cumulocity.com/devicecontrol/operations/15666333&quot;,
    &quot;id&quot;: &quot;15666333&quot;,
    &quot;status&quot;: &quot;PENDING&quot;,
    &quot;description&quot;: &quot;Apply software changes, triggered from PySys: [{'action': 'install', 'id': '8018911', 'name': 'registry', 'url': '', 'version': '2.7.1::docker'}, {'action': 'install', 'id': '7991792', 'name': 'alpine', 'url': '', 'version': '::docker'}]&quot;,
    &quot;c8y_SoftwareUpdate&quot;: [
        {
            &quot;name&quot;: &quot;registry&quot;,
            &quot;action&quot;: &quot;install&quot;,
            &quot;id&quot;: &quot;8018911&quot;,
            &quot;version&quot;: &quot;2.7.1::docker&quot;,
            &quot;url&quot;: &quot;&quot;
        },
        {
            &quot;name&quot;: &quot;alpine&quot;,
            &quot;action&quot;: &quot;install&quot;,
            &quot;id&quot;: &quot;7991792&quot;,
            &quot;version&quot;: &quot;::docker&quot;,
            &quot;url&quot;: &quot;&quot;
        }
    ]
}
18:28:38 INFO  Started operation: {'creationTime': '2022-03-15T18:28:38.209Z', 'deviceId': '15639535', 'deviceName': 'offsitea', 'self': 'https://t493319102.eu-latest.cumulocity.com/devicecontrol/operations/15666333', 'id': '15666333', 'status': 'PENDING', 'description': &quot;Apply software changes, triggered from PySys: [{'action': 'install', 'id': '8018911', 'name': 'registry', 'url': '', 'version': '2.7.1::docker'}, {'action': 'install', 'id': '7991792', 'name': 'alpine', 'url': '', 'version': '::docker'}]&quot;, 'c8y_SoftwareUpdate': [{'name': 'registry', 'action': 'install', 'id': '8018911', 'version': '2.7.1::docker', 'url': ''}, {'name': 'alpine', 'action': 'install', 'id': '7991792', 'version': '::docker', 'url': ''}]}
18:28:40 INFO  State of operation 15666333 : EXECUTING
18:28:42 INFO  State of operation 15666333 : EXECUTING
18:28:44 INFO  State of operation 15666333 : EXECUTING
18:28:46 INFO  State of operation 15666333 : EXECUTING
18:28:49 INFO  State of operation 15666333 : EXECUTING
18:28:51 INFO  State of operation 15666333 : FAILED
18:28:51 ERROR Stopping as the operation has failed
18:28:51 WARN  caught &lt;class 'SystemError'&gt; while running test: The operation has failed
Traceback (most recent call last):
  File &quot;/home/pi/env-pysys/lib/python3.7/site-packages/pysys/baserunner.py&quot;, line 1209, in __call__
    self.testObj.execute()
  File &quot;/home/pi/actions-runner/_work/thin-edge.io/thin-edge.io/tests/PySys/software_management_end_to_end/sm_docker_install_remove_multiple/run.py&quot;, line 88, in execute
    self.wait_until_succcess()
  File &quot;/home/pi/actions-runner/_work/thin-edge.io/thin-edge.io/tests/PySys/software_management_end_to_end/environment_sm_management.py&quot;, line 324, in wait_until_succcess
    self.wait_until_status(&quot;SUCCESSFUL&quot;)
  File &quot;/home/pi/actions-runner/_work/thin-edge.io/thin-edge.io/tests/PySys/software_management_end_to_end/environment_sm_management.py&quot;, line 361, in wait_until_status
    raise SystemError(&quot;The operation has failed&quot;)
SystemError: The operation has failed
18:28:51 WARN  SystemError: The operation has failed ... blocked 
18:28:51 DEBUG --- test cleanup
18:28:51 INFO  
18:28:51 INFO  cleanup:
18:28:51 DEBUG Running registered cleanup function: &lt;bound method SMDockerInstallRemove.docker_cleanup of &lt;SMDockerInstallRemove object at 0x75c42f50&gt;&gt;
18:28:51 INFO  Response status: 201
18:28:51 INFO  Response to action: {
    &quot;creationTime&quot;: &quot;2022-03-15T18:28:51.352Z&quot;,
    &quot;deviceId&quot;: &quot;15639535&quot;,
    &quot;deviceName&quot;: &quot;offsitea&quot;,
    &quot;self&quot;: &quot;https://t493319102.eu-latest.cumulocity.com/devicecontrol/operations/15666342&quot;,
    &quot;id&quot;: &quot;15666342&quot;,
    &quot;status&quot;: &quot;PENDING&quot;,
    &quot;description&quot;: &quot;Apply software changes, triggered from PySys: [{'action': 'delete', 'id': '8018911', 'name': 'registry', 'url': '', 'version': '2.7.1::docker'}, {'action': 'delete', 'id': '7991792', 'name': 'alpine', 'url': '', 'version': '::docker'}, {'action': 'delete', 'id': '8021526', 'name': 'hello-world', 'url': '', 'version': '::docker'}]&quot;,
    &quot;c8y_SoftwareUpdate&quot;: [
        {
            &quot;name&quot;: &quot;registry&quot;,
            &quot;action&quot;: &quot;delete&quot;,
            &quot;id&quot;: &quot;8018911&quot;,
            &quot;version&quot;: &quot;2.7.1::docker&quot;,
            &quot;url&quot;: &quot;&quot;
        },
        {
            &quot;name&quot;: &quot;alpine&quot;,
            &quot;action&quot;: &quot;delete&quot;,
            &quot;id&quot;: &quot;7991792&quot;,
            &quot;version&quot;: &quot;::docker&quot;,
            &quot;url&quot;: &quot;&quot;
        },
        {
            &quot;name&quot;: &quot;hello-world&quot;,
            &quot;action&quot;: &quot;delete&quot;,
            &quot;id&quot;: &quot;8021526&quot;,
            &quot;version&quot;: &quot;::docker&quot;,
            &quot;url&quot;: &quot;&quot;
        }
    ]
}
18:28:51 INFO  Started operation: {'creationTime': '2022-03-15T18:28:51.352Z', 'deviceId': '15639535', 'deviceName': 'offsitea', 'self': 'https://t493319102.eu-latest.cumulocity.com/devicecontrol/operations/15666342', 'id': '15666342', 'status': 'PENDING', 'description': &quot;Apply software changes, triggered from PySys: [{'action': 'delete', 'id': '8018911', 'name': 'registry', 'url': '', 'version': '2.7.1::docker'}, {'action': 'delete', 'id': '7991792', 'name': 'alpine', 'url': '', 'version': '::docker'}, {'action': 'delete', 'id': '8021526', 'name': 'hello-world', 'url': '', 'version': '::docker'}]&quot;, 'c8y_SoftwareUpdate': [{'name': 'registry', 'action': 'delete', 'id': '8018911', 'version': '2.7.1::docker', 'url': ''}, {'name': 'alpine', 'action': 'delete', 'id': '7991792', 'version': '::docker', 'url': ''}, {'name': 'hello-world', 'action': 'delete', 'id': '8021526', 'version': '::docker', 'url': ''}]}
18:28:53 INFO  State of operation 15666342 : EXECUTING
18:28:55 INFO  State of operation 15666342 : EXECUTING
18:28:57 INFO  State of operation 15666342 : SUCCESSFUL
18:29:08 INFO  Assert that (False == value) with value=False ... passed
18:29:08 INFO  Assert that (False == value) with value=False ... passed
18:29:08 INFO  Assert that (False == value) with value=False ... passed
18:29:08 DEBUG Running registered cleanup function: &lt;bound method SoftwareManagement.mysmcleanup of &lt;SMDockerInstallRemove object at 0x75c42f50&gt;&gt;
18:29:08 DEBUG Running registered cleanup function: &lt;bound method EnvironmentC8y.myenvcleanup of &lt;SMDockerInstallRemove object at 0x75c42f50&gt;&gt;
18:29:08 DEBUG EnvironmentC8y Cleanup
18:29:09 DEBUG Process parameters for sudo&lt;tedge_disconnect_c8y&gt;
  command line : /usr/bin/sudo /usr/bin/tedge disconnect c8y
    arg #1     : /usr/bin/tedge
    arg #2     : disconnect
    arg #3     : c8y
  working dir  : /home/pi/actions-runner/_work/thin-edge.io/thin-edge.io/tests/PySys/software_management_end_to_end/sm_docker_install_remove_multiple/Output/linux
  stdout       : /home/pi/actions-runner/_work/thin-edge.io/thin-edge.io/tests/PySys/software_management_end_to_end/sm_docker_install_remove_multiple/Output/linux/tedge_disconnect_c8y.out
  stderr       : /home/pi/actions-runner/_work/thin-edge.io/thin-edge.io/tests/PySys/software_management_end_to_end/sm_docker_install_remove_multiple/Output/linux/tedge_disconnect_c8y.err
  environment  : LD_LIBRARY_PATH=/usr/lib
  environment  : PATH=/bin:/usr/bin:/usr/sbin:/usr/local/bin
                   #1  /bin
                   #2  /usr/bin
                   #3  /usr/sbin
                   #4  /usr/local/bin
18:29:09 DEBUG Waiting up to 600 secs for process sudo&lt;tedge_disconnect_c8y&gt; (pid 13920)
18:29:11 INFO  Executed sudo&lt;tedge_disconnect_c8y&gt;, exit status 0
18:29:11 DEBUG Process parameters for systemctl&lt;serv_mapper5&gt;
  command line : /usr/bin/systemctl status tedge-mapper-c8y
    arg #1     : status
    arg #2     : tedge-mapper-c8y
  working dir  : /home/pi/actions-runner/_work/thin-edge.io/thin-edge.io/tests/PySys/software_management_end_to_end/sm_docker_install_remove_multiple/Output/linux
  stdout       : /home/pi/actions-runner/_work/thin-edge.io/thin-edge.io/tests/PySys/software_management_end_to_end/sm_docker_install_remove_multiple/Output/linux/serv_mapper5.out
  stderr       : /home/pi/actions-runner/_work/thin-edge.io/thin-edge.io/tests/PySys/software_management_end_to_end/sm_docker_install_remove_multiple/Output/linux/serv_mapper5.err
  environment  : LD_LIBRARY_PATH=/usr/lib
  environment  : PATH=/bin:/usr/bin:/usr/sbin:/usr/local/bin
                   #1  /bin
                   #2  /usr/bin
                   #3  /usr/sbin
                   #4  /usr/local/bin
18:29:11 DEBUG Waiting up to 600 secs for process systemctl&lt;serv_mapper5&gt; (pid 13960)
18:29:11 INFO  Executed systemctl&lt;serv_mapper5&gt;, exit status 3
18:29:11 DEBUG ProcessUser cleanup function done.
18:29:11 INFO  
18:29:11 INFO  Test duration: 84.33 secs
18:29:11 INFO  Test final outcome:  BLOCKED
18:29:11 INFO  Test outcome reason: SystemError: The operation has failed
18:29:11 INFO  
</system-out>
	</testcase>
</testsuite>
