<?xml version="1.0" encoding="utf-8"?>
<testsuite failures="0" name="SoftwareManagement.sm_apt_install_remove_default" skipped="0" tests="1" time="118.9" timestamp="2022-03-21T13:40:27">
	<testcase classname="PySysTest" name="SoftwareManagement.sm_apt_install_remove_default"/>
</testsuite>
