<?xml version="1.0" encoding="utf-8"?>
<testsuite failures="1" name="SoftwareManagement.sm_mixed_install_remove_multiple" skipped="0" tests="1" time="0.04" timestamp="2022-02-09T11:43:52">
	<testcase classname="PySysTest" name="SoftwareManagement.sm_mixed_install_remove_multiple">
		<failure message="FAILED: Device ID is not set. Set with the env variable C8YDEVICEID" type="FAILED"/>
		<system-out>11:43:51 INFO  ==============================================================
11:43:51 INFO  Id:    SoftwareManagement.sm_mixed_install_remove_multiple
11:43:51 INFO  Dir:   software_management_end_to_end/
11:43:51 INFO  Title: Validate end to end behaviour for the dummy-plugin for multiple packages with mixed versions
11:43:51 DEBUG Execution order hint: 0.0
11:43:51 INFO  ==============================================================
11:43:51 INFO  Using sw id database: {'asciijump': '5475369', 'robotfindskitten': '5474869', 'squirrel3': '5475279', 'rolldice': '5152439', 'moon-buggy': '5439204', 'apple': '5495053', 'banana': '5494888', 'cherry': '5495382', 'watermelon': '5494510', 'registry': '8018911', 'hello-world': '8021526', 'docker/getting-started': '8021973', 'alpine': '7991792'}
11:43:51 DEBUG EnvironmentC8y Setup
11:43:52 WARN  Device ID is not set. Set with the env variable C8YDEVICEID ... failed 
11:43:52 WARN  Aborted test due to FAILED outcome
11:43:52 DEBUG --- test cleanup
11:43:52 DEBUG ProcessUser cleanup function done.
11:43:52 INFO  
11:43:52 INFO  Test duration: 0.04 secs
11:43:52 INFO  Test final outcome:  FAILED
11:43:52 INFO  Test outcome reason: Device ID is not set. Set with the env variable C8YDEVICEID
11:43:52 INFO  
</system-out>
	</testcase>
</testsuite>
