<?xml version="1.0" encoding="utf-8"?>
<testsuite failures="0" name="SoftwareManagement.Plugin.apama_plugin_remove" skipped="1" tests="1" time="0.04" timestamp="2022-02-09T11:42:06">
	<testcase classname="ApamaPluginRemoveTest" name="SoftwareManagement.Plugin.apama_plugin_remove"/>
</testsuite>
