<?xml version="1.0" encoding="utf-8"?>
<testsuite failures="1" name="mapper_awaits_before_reconnect" skipped="0" tests="1" time="6.27" timestamp="2022-03-22T17:23:39">
	<testcase classname="MapperReconnectAwait" name="mapper_awaits_before_reconnect">
		<failure message="FAILED: Line count on tedge_mapper_journal.out for &quot;tedge_mapper::mapper: MQTT connection error:&quot; expected &gt;=2 but got 0" type="FAILED"/>
		<system-out>17:23:32 INFO  ==============================================================
17:23:32 INFO  Id:    mapper_awaits_before_reconnect
17:23:32 INFO  Dir:   tedge_mapper_c8y/
17:23:32 INFO  Title: Validate mapper doesn't reconnect too often
17:23:32 DEBUG Execution order hint: 0.0
17:23:32 INFO  ==============================================================
17:23:32 DEBUG --- test execute
17:23:32 DEBUG Process parameters for mosquitto_sub
  command line : /usr/bin/mosquitto_sub -i tedge-mapper-c8y -t test
    arg #1     : -i
    arg #2     : tedge-mapper-c8y
    arg #3     : -t
    arg #4     : test
  working dir  : /home/pi/actions-runner/_work/thin-edge.io/thin-edge.io/tests/PySys/tedge_mapper_c8y/mapper_awaits_before_reconnect/Output/linux
  stdout       : /home/pi/actions-runner/_work/thin-edge.io/thin-edge.io/tests/PySys/tedge_mapper_c8y/mapper_awaits_before_reconnect/Output/linux/mosquitto_sub.out
  stderr       : /home/pi/actions-runner/_work/thin-edge.io/thin-edge.io/tests/PySys/tedge_mapper_c8y/mapper_awaits_before_reconnect/Output/linux/mosquitto_sub.err
  environment  : LD_LIBRARY_PATH=/usr/lib
  environment  : PATH=/bin:/usr/bin:/usr/sbin:/usr/local/bin
                   #1  /bin
                   #2  /usr/bin
                   #3  /usr/sbin
                   #4  /usr/local/bin
17:23:32 INFO  Started mosquitto_sub with process id 10631
17:23:32 INFO  Waiting for 0.1 seconds
17:23:33 DEBUG Process parameters for sudo&lt;tedge_mapper&gt;
  command line : /usr/bin/sudo systemctl start tedge-mapper-c8y
    arg #1     : systemctl
    arg #2     : start
    arg #3     : tedge-mapper-c8y
  working dir  : /home/pi/actions-runner/_work/thin-edge.io/thin-edge.io/tests/PySys/tedge_mapper_c8y/mapper_awaits_before_reconnect/Output/linux
  stdout       : /home/pi/actions-runner/_work/thin-edge.io/thin-edge.io/tests/PySys/tedge_mapper_c8y/mapper_awaits_before_reconnect/Output/linux/tedge_mapper.out
  stderr       : /home/pi/actions-runner/_work/thin-edge.io/thin-edge.io/tests/PySys/tedge_mapper_c8y/mapper_awaits_before_reconnect/Output/linux/tedge_mapper.err
  environment  : LD_LIBRARY_PATH=/usr/lib
  environment  : PATH=/bin:/usr/bin:/usr/sbin:/usr/local/bin
                   #1  /bin
                   #2  /usr/bin
                   #3  /usr/sbin
                   #4  /usr/local/bin
17:23:33 DEBUG Waiting up to 600 secs for process sudo&lt;tedge_mapper&gt; (pid 10632)
17:23:33 INFO  Executed sudo&lt;tedge_mapper&gt;, exit status 0
17:23:33 INFO  Waiting for 5.0 seconds
17:23:38 DEBUG Process parameters for sudo&lt;tedge_mapper&gt;
  command line : /usr/bin/sudo systemctl stop tedge-mapper-c8y
    arg #1     : systemctl
    arg #2     : stop
    arg #3     : tedge-mapper-c8y
  working dir  : /home/pi/actions-runner/_work/thin-edge.io/thin-edge.io/tests/PySys/tedge_mapper_c8y/mapper_awaits_before_reconnect/Output/linux
  stdout       : /home/pi/actions-runner/_work/thin-edge.io/thin-edge.io/tests/PySys/tedge_mapper_c8y/mapper_awaits_before_reconnect/Output/linux/tedge_mapper.out
  stderr       : /home/pi/actions-runner/_work/thin-edge.io/thin-edge.io/tests/PySys/tedge_mapper_c8y/mapper_awaits_before_reconnect/Output/linux/tedge_mapper.err
  environment  : LD_LIBRARY_PATH=/usr/lib
  environment  : PATH=/bin:/usr/bin:/usr/sbin:/usr/local/bin
                   #1  /bin
                   #2  /usr/bin
                   #3  /usr/sbin
                   #4  /usr/local/bin
17:23:38 DEBUG Waiting up to 600 secs for process sudo&lt;tedge_mapper&gt; (pid 10640)
17:23:38 INFO  Executed sudo&lt;tedge_mapper&gt;, exit status 0
17:23:38 DEBUG --- test validate
17:23:38 DEBUG Process parameters for sudo&lt;tedge_mapper_journal&gt;
  command line : /usr/bin/sudo journalctl -u tedge-mapper-c8y.service --since '2022-03-22 17:23:33' --until '2022-03-22 17:23:38'
    arg #1     : journalctl
    arg #2     : -u
    arg #3     : tedge-mapper-c8y.service
    arg #4     : --since
    arg #5     : 2022-03-22 17:23:33
    arg #6     : --until
    arg #7     : 2022-03-22 17:23:38
  working dir  : /home/pi/actions-runner/_work/thin-edge.io/thin-edge.io/tests/PySys/tedge_mapper_c8y/mapper_awaits_before_reconnect/Output/linux
  stdout       : /home/pi/actions-runner/_work/thin-edge.io/thin-edge.io/tests/PySys/tedge_mapper_c8y/mapper_awaits_before_reconnect/Output/linux/tedge_mapper_journal.out
  stderr       : /home/pi/actions-runner/_work/thin-edge.io/thin-edge.io/tests/PySys/tedge_mapper_c8y/mapper_awaits_before_reconnect/Output/linux/tedge_mapper_journal.err
  environment  : LD_LIBRARY_PATH=/usr/lib
  environment  : PATH=/bin:/usr/bin:/usr/sbin:/usr/local/bin
                   #1  /bin
                   #2  /usr/bin
                   #3  /usr/sbin
                   #4  /usr/local/bin
17:23:38 DEBUG Waiting up to 600 secs for process sudo&lt;tedge_mapper_journal&gt; (pid 10642)
17:23:39 INFO  Executed sudo&lt;tedge_mapper_journal&gt;, exit status 0
17:23:39 DEBUG Performing regex contains=True grep on file: /home/pi/actions-runner/_work/thin-edge.io/thin-edge.io/tests/PySys/tedge_mapper_c8y/mapper_awaits_before_reconnect/Output/linux/tedge_mapper_journal.out
17:23:39 WARN  Grep on tedge_mapper_journal.out contains &quot;ERROR&quot; ... failed [run.py:59]
17:23:39 DEBUG Number of matching lines in /home/pi/actions-runner/_work/thin-edge.io/thin-edge.io/tests/PySys/tedge_mapper_c8y/mapper_awaits_before_reconnect/Output/linux/tedge_mapper_journal.out is 0
17:23:39 INFO  Line count on input file tedge_mapper_journal.out ... passed
17:23:39 DEBUG Number of matching lines in /home/pi/actions-runner/_work/thin-edge.io/thin-edge.io/tests/PySys/tedge_mapper_c8y/mapper_awaits_before_reconnect/Output/linux/tedge_mapper_journal.out is 0
17:23:39 WARN  Line count on tedge_mapper_journal.out for &quot;tedge_mapper::mapper: MQTT connection error:&quot; expected &gt;=2 but got 0 ... failed [run.py:70]
17:23:39 WARN  Aborted test due to FAILED outcome
17:23:39 DEBUG --- test cleanup
17:23:39 DEBUG Failed to kill process group (but process itself was killed fine) for mosquitto_sub: name 'SIGTERM' is not defined
17:23:39 DEBUG Waiting up to 30 secs for process mosquitto_sub (pid 10631)
17:23:39 DEBUG ProcessUser cleanup function done.
17:23:39 INFO  
17:23:39 INFO  Test duration: 6.27 secs
17:23:39 INFO  Test final outcome:  FAILED
17:23:39 INFO  Test outcome reason: Line count on tedge_mapper_journal.out for &quot;tedge_mapper::mapper: MQTT connection error:&quot; expected &gt;=2 but got 0
17:23:39 INFO  
</system-out>
	</testcase>
</testsuite>
