<?xml version="1.0" encoding="utf-8"?>
<testsuite failures="0" name="c8y_restart_bridge" skipped="0" tests="1" time="16.45" timestamp="2022-02-04T16:43:17">
	<testcase classname="RestartBridge" name="c8y_restart_bridge"/>
</testsuite>
