<?xml version="1.0" encoding="utf-8"?>
<testsuite failures="0" name="smoketest_smartrest" skipped="0" tests="1" time="41.63" timestamp="2022-02-14T13:39:26">
	<testcase classname="SmoketestSmartRest" name="smoketest_smartrest"/>
</testsuite>
