<?xml version="1.0" encoding="utf-8"?>
<testsuite failures="0" name="apt_install" skipped="1" tests="1" time="0.03" timestamp="2022-03-16T05:50:06">
	<testcase classname="AptPluginInstallDense" name="apt_install"/>
</testsuite>
