<?xml version="1.0" encoding="utf-8"?>
<testsuite failures="0" name="apt_remove" skipped="1" tests="1" time="0.01" timestamp="2022-02-25T15:49:16">
	<testcase classname="AptPluginRemoveDense" name="apt_remove"/>
</testsuite>
