<?xml version="1.0" encoding="utf-8"?>
<testsuite failures="0" name="publish_sawmill" skipped="0" tests="1" time="74.75" timestamp="2022-02-15T19:31:30">
	<testcase classname="PublishSawmill" name="publish_sawmill"/>
</testsuite>
