<?xml version="1.0" encoding="utf-8"?>
<testsuite failures="0" name="apt_install_fail" skipped="1" tests="1" time="0.01" timestamp="2022-02-22T11:10:20">
	<testcase classname="AptPluginInstallFail" name="apt_install_fail"/>
</testsuite>
