<?xml version="1.0" encoding="utf-8"?>
<testsuite failures="0" name="smoketest_json" skipped="0" tests="1" time="40.05" timestamp="2022-03-22T17:14:20">
	<testcase classname="SmokeTestJson" name="smoketest_json"/>
</testsuite>
