<?xml version="1.0" encoding="utf-8"?>
<testsuite failures="0" name="local_mqtt_sub_fail" skipped="0" tests="1" time="1.0" timestamp="2022-02-09T06:55:41">
	<testcase classname="PySysTest" name="local_mqtt_sub_fail"/>
</testsuite>
