<?xml version="1.0" encoding="utf-8"?>
<testsuite failures="1" name="sm_tedge_mapper_init_session" skipped="0" tests="1" time="24.2" timestamp="2022-02-18T15:25:11">
	<testcase classname="TedgeSMMapperInitSession" name="sm_tedge_mapper_init_session">
		<failure message="BLOCKED: sudo&lt;stop_tedge_mapper&gt; returned non-zero exit code 5" type="BLOCKED"/>
		<system-out>15:24:46 INFO  ==============================================================
15:24:46 INFO  Id:    sm_tedge_mapper_init_session
15:24:46 INFO  Dir:   tedge_mapper_c8y/
15:24:46 INFO  Title: Validate tedge_mapper_sm_c8y init session feature
15:24:46 DEBUG Execution order hint: 0.0
15:24:46 INFO  ==============================================================
15:24:47 DEBUG EnvironmentC8y Setup
15:24:47 INFO  EnvironmentC8y Setup
15:24:47 DEBUG Process parameters for systemctl&lt;serv_mapper1&gt;
  command line : /usr/bin/systemctl status tedge-mapper-c8y
    arg #1     : status
    arg #2     : tedge-mapper-c8y
  working dir  : /home/pi/actions-runner/_work/thin-edge.io/thin-edge.io/tests/PySys/tedge_mapper_c8y/sm_tedge_mapper_init_session/Output/linux
  stdout       : /home/pi/actions-runner/_work/thin-edge.io/thin-edge.io/tests/PySys/tedge_mapper_c8y/sm_tedge_mapper_init_session/Output/linux/serv_mapper1.out
  stderr       : /home/pi/actions-runner/_work/thin-edge.io/thin-edge.io/tests/PySys/tedge_mapper_c8y/sm_tedge_mapper_init_session/Output/linux/serv_mapper1.err
  environment  : LD_LIBRARY_PATH=/usr/lib
  environment  : PATH=/bin:/usr/bin:/usr/sbin:/usr/local/bin
                   #1  /bin
                   #2  /usr/bin
                   #3  /usr/sbin
                   #4  /usr/local/bin
15:24:47 DEBUG Waiting up to 600 secs for process systemctl&lt;serv_mapper1&gt; (pid 29836)
15:24:47 INFO  Executed systemctl&lt;serv_mapper1&gt;, exit status 3
15:24:47 DEBUG Process parameters for sudo&lt;tedge_connect_c8y&gt;
  command line : /usr/bin/sudo /usr/bin/tedge connect c8y
    arg #1     : /usr/bin/tedge
    arg #2     : connect
    arg #3     : c8y
  working dir  : /home/pi/actions-runner/_work/thin-edge.io/thin-edge.io/tests/PySys/tedge_mapper_c8y/sm_tedge_mapper_init_session/Output/linux
  stdout       : /home/pi/actions-runner/_work/thin-edge.io/thin-edge.io/tests/PySys/tedge_mapper_c8y/sm_tedge_mapper_init_session/Output/linux/tedge_connect_c8y.out
  stderr       : /home/pi/actions-runner/_work/thin-edge.io/thin-edge.io/tests/PySys/tedge_mapper_c8y/sm_tedge_mapper_init_session/Output/linux/tedge_connect_c8y.err
  environment  : LD_LIBRARY_PATH=/usr/lib
  environment  : PATH=/bin:/usr/bin:/usr/sbin:/usr/local/bin
                   #1  /bin
                   #2  /usr/bin
                   #3  /usr/sbin
                   #4  /usr/local/bin
15:24:47 DEBUG Waiting up to 600 secs for process sudo&lt;tedge_connect_c8y&gt; (pid 29840)
15:24:57 INFO  Executed sudo&lt;tedge_connect_c8y&gt;, exit status 0
15:24:57 DEBUG Process parameters for sudo&lt;tedge_connect_c8y_test&gt;
  command line : /usr/bin/sudo /usr/bin/tedge connect c8y --test
    arg #1     : /usr/bin/tedge
    arg #2     : connect
    arg #3     : c8y
    arg #4     : --test
  working dir  : /home/pi/actions-runner/_work/thin-edge.io/thin-edge.io/tests/PySys/tedge_mapper_c8y/sm_tedge_mapper_init_session/Output/linux
  stdout       : /home/pi/actions-runner/_work/thin-edge.io/thin-edge.io/tests/PySys/tedge_mapper_c8y/sm_tedge_mapper_init_session/Output/linux/tedge_connect_c8y_test.out
  stderr       : /home/pi/actions-runner/_work/thin-edge.io/thin-edge.io/tests/PySys/tedge_mapper_c8y/sm_tedge_mapper_init_session/Output/linux/tedge_connect_c8y_test.err
  environment  : LD_LIBRARY_PATH=/usr/lib
  environment  : PATH=/bin:/usr/bin:/usr/sbin:/usr/local/bin
                   #1  /bin
                   #2  /usr/bin
                   #3  /usr/sbin
                   #4  /usr/local/bin
15:24:57 DEBUG Waiting up to 600 secs for process sudo&lt;tedge_connect_c8y_test&gt; (pid 29934)
15:24:58 INFO  Executed sudo&lt;tedge_connect_c8y_test&gt;, exit status 0
15:24:58 DEBUG Process parameters for systemctl&lt;serv_mosq2&gt;
  command line : /usr/bin/systemctl status mosquitto
    arg #1     : status
    arg #2     : mosquitto
  working dir  : /home/pi/actions-runner/_work/thin-edge.io/thin-edge.io/tests/PySys/tedge_mapper_c8y/sm_tedge_mapper_init_session/Output/linux
  stdout       : /home/pi/actions-runner/_work/thin-edge.io/thin-edge.io/tests/PySys/tedge_mapper_c8y/sm_tedge_mapper_init_session/Output/linux/serv_mosq2.out
  stderr       : /home/pi/actions-runner/_work/thin-edge.io/thin-edge.io/tests/PySys/tedge_mapper_c8y/sm_tedge_mapper_init_session/Output/linux/serv_mosq2.err
  environment  : LD_LIBRARY_PATH=/usr/lib
  environment  : PATH=/bin:/usr/bin:/usr/sbin:/usr/local/bin
                   #1  /bin
                   #2  /usr/bin
                   #3  /usr/sbin
                   #4  /usr/local/bin
15:24:58 DEBUG Waiting up to 600 secs for process systemctl&lt;serv_mosq2&gt; (pid 29937)
15:24:58 INFO  Executed systemctl&lt;serv_mosq2&gt;, exit status 0
15:24:58 DEBUG Process parameters for systemctl&lt;serv_mapper3&gt;
  command line : /usr/bin/systemctl status tedge-mapper-c8y
    arg #1     : status
    arg #2     : tedge-mapper-c8y
  working dir  : /home/pi/actions-runner/_work/thin-edge.io/thin-edge.io/tests/PySys/tedge_mapper_c8y/sm_tedge_mapper_init_session/Output/linux
  stdout       : /home/pi/actions-runner/_work/thin-edge.io/thin-edge.io/tests/PySys/tedge_mapper_c8y/sm_tedge_mapper_init_session/Output/linux/serv_mapper3.out
  stderr       : /home/pi/actions-runner/_work/thin-edge.io/thin-edge.io/tests/PySys/tedge_mapper_c8y/sm_tedge_mapper_init_session/Output/linux/serv_mapper3.err
  environment  : LD_LIBRARY_PATH=/usr/lib
  environment  : PATH=/bin:/usr/bin:/usr/sbin:/usr/local/bin
                   #1  /bin
                   #2  /usr/bin
                   #3  /usr/sbin
                   #4  /usr/local/bin
15:24:58 DEBUG Waiting up to 600 secs for process systemctl&lt;serv_mapper3&gt; (pid 29938)
15:24:58 INFO  Executed systemctl&lt;serv_mapper3&gt;, exit status 0
15:24:58 DEBUG --- test execute
15:24:58 DEBUG Process parameters for sudo&lt;stop_tedge_mapper&gt;
  command line : /usr/bin/sudo systemctl stop tedge-mapper-sm-c8y
    arg #1     : systemctl
    arg #2     : stop
    arg #3     : tedge-mapper-sm-c8y
  working dir  : /home/pi/actions-runner/_work/thin-edge.io/thin-edge.io/tests/PySys/tedge_mapper_c8y/sm_tedge_mapper_init_session/Output/linux
  stdout       : /home/pi/actions-runner/_work/thin-edge.io/thin-edge.io/tests/PySys/tedge_mapper_c8y/sm_tedge_mapper_init_session/Output/linux/stop_tedge_mapper.out
  stderr       : /home/pi/actions-runner/_work/thin-edge.io/thin-edge.io/tests/PySys/tedge_mapper_c8y/sm_tedge_mapper_init_session/Output/linux/stop_tedge_mapper.err
  environment  : LD_LIBRARY_PATH=/usr/lib
  environment  : PATH=/bin:/usr/bin:/usr/sbin:/usr/local/bin
                   #1  /bin
                   #2  /usr/bin
                   #3  /usr/sbin
                   #4  /usr/local/bin
15:24:58 DEBUG Waiting up to 600 secs for process sudo&lt;stop_tedge_mapper&gt; (pid 29939)
15:24:58 WARN  Executed sudo&lt;stop_tedge_mapper&gt;, exit status 5
15:24:58 DEBUG Opening file using encoding=UTF-8: /home/pi/actions-runner/_work/thin-edge.io/thin-edge.io/tests/PySys/tedge_mapper_c8y/sm_tedge_mapper_init_session/Output/linux/stop_tedge_mapper.err
15:24:58 INFO  Contents of stop_tedge_mapper.err: 
15:24:58 INFO    Failed to stop tedge-mapper-sm-c8y.service: Unit tedge-mapper-sm-c8y.service not loaded.
15:24:58 INFO    -----
15:24:58 INFO  
15:24:58 WARN  sudo&lt;stop_tedge_mapper&gt; returned non-zero exit code 5 ... blocked [run.py:39]
15:24:58 WARN  Aborted test due to BLOCKED outcome
15:24:58 DEBUG --- test cleanup
15:24:58 INFO  
15:24:58 INFO  cleanup:
15:24:58 DEBUG Running registered cleanup function: &lt;bound method TedgeSMMapperInitSession.init_cleanup of &lt;TedgeSMMapperInitSession object at 0x75ffdd30&gt;&gt;
15:24:58 DEBUG EnvironmentC8y Cleanup
15:24:58 DEBUG Process parameters for sudo&lt;tedge_disconnect_c8y&gt;
  command line : /usr/bin/sudo /usr/bin/tedge disconnect c8y
    arg #1     : /usr/bin/tedge
    arg #2     : disconnect
    arg #3     : c8y
  working dir  : /home/pi/actions-runner/_work/thin-edge.io/thin-edge.io/tests/PySys/tedge_mapper_c8y/sm_tedge_mapper_init_session/Output/linux
  stdout       : /home/pi/actions-runner/_work/thin-edge.io/thin-edge.io/tests/PySys/tedge_mapper_c8y/sm_tedge_mapper_init_session/Output/linux/tedge_disconnect_c8y.out
  stderr       : /home/pi/actions-runner/_work/thin-edge.io/thin-edge.io/tests/PySys/tedge_mapper_c8y/sm_tedge_mapper_init_session/Output/linux/tedge_disconnect_c8y.err
  environment  : LD_LIBRARY_PATH=/usr/lib
  environment  : PATH=/bin:/usr/bin:/usr/sbin:/usr/local/bin
                   #1  /bin
                   #2  /usr/bin
                   #3  /usr/sbin
                   #4  /usr/local/bin
15:24:58 DEBUG Waiting up to 600 secs for process sudo&lt;tedge_disconnect_c8y&gt; (pid 29944)
15:25:01 INFO  Executed sudo&lt;tedge_disconnect_c8y&gt;, exit status 0
15:25:01 DEBUG Process parameters for systemctl&lt;serv_mapper5&gt;
  command line : /usr/bin/systemctl status tedge-mapper-c8y
    arg #1     : status
    arg #2     : tedge-mapper-c8y
  working dir  : /home/pi/actions-runner/_work/thin-edge.io/thin-edge.io/tests/PySys/tedge_mapper_c8y/sm_tedge_mapper_init_session/Output/linux
  stdout       : /home/pi/actions-runner/_work/thin-edge.io/thin-edge.io/tests/PySys/tedge_mapper_c8y/sm_tedge_mapper_init_session/Output/linux/serv_mapper5.out
  stderr       : /home/pi/actions-runner/_work/thin-edge.io/thin-edge.io/tests/PySys/tedge_mapper_c8y/sm_tedge_mapper_init_session/Output/linux/serv_mapper5.err
  environment  : LD_LIBRARY_PATH=/usr/lib
  environment  : PATH=/bin:/usr/bin:/usr/sbin:/usr/local/bin
                   #1  /bin
                   #2  /usr/bin
                   #3  /usr/sbin
                   #4  /usr/local/bin
15:25:01 DEBUG Waiting up to 600 secs for process systemctl&lt;serv_mapper5&gt; (pid 29983)
15:25:01 INFO  Executed systemctl&lt;serv_mapper5&gt;, exit status 3
15:25:01 DEBUG Running registered cleanup function: &lt;bound method EnvironmentC8y.myenvcleanup of &lt;TedgeSMMapperInitSession object at 0x75ffdd30&gt;&gt;
15:25:01 DEBUG EnvironmentC8y Cleanup
15:25:01 INFO  Restarting mosquitto too frequently in the last 10 seconds. It was only up for 2 seconds
15:25:01 INFO  Delaying execution by 9 seconds
15:25:10 DEBUG Process parameters for sudo&lt;tedge_disconnect_c8y&gt;
  command line : /usr/bin/sudo /usr/bin/tedge disconnect c8y
    arg #1     : /usr/bin/tedge
    arg #2     : disconnect
    arg #3     : c8y
  working dir  : /home/pi/actions-runner/_work/thin-edge.io/thin-edge.io/tests/PySys/tedge_mapper_c8y/sm_tedge_mapper_init_session/Output/linux
  stdout       : /home/pi/actions-runner/_work/thin-edge.io/thin-edge.io/tests/PySys/tedge_mapper_c8y/sm_tedge_mapper_init_session/Output/linux/tedge_disconnect_c8y.out
  stderr       : /home/pi/actions-runner/_work/thin-edge.io/thin-edge.io/tests/PySys/tedge_mapper_c8y/sm_tedge_mapper_init_session/Output/linux/tedge_disconnect_c8y.err
  environment  : LD_LIBRARY_PATH=/usr/lib
  environment  : PATH=/bin:/usr/bin:/usr/sbin:/usr/local/bin
                   #1  /bin
                   #2  /usr/bin
                   #3  /usr/sbin
                   #4  /usr/local/bin
15:25:10 DEBUG Waiting up to 600 secs for process sudo&lt;tedge_disconnect_c8y&gt; (pid 29990)
15:25:10 INFO  Executed sudo&lt;tedge_disconnect_c8y&gt;, exit status 0
15:25:10 DEBUG Process parameters for systemctl&lt;serv_mapper5&gt;
  command line : /usr/bin/systemctl status tedge-mapper-c8y
    arg #1     : status
    arg #2     : tedge-mapper-c8y
  working dir  : /home/pi/actions-runner/_work/thin-edge.io/thin-edge.io/tests/PySys/tedge_mapper_c8y/sm_tedge_mapper_init_session/Output/linux
  stdout       : /home/pi/actions-runner/_work/thin-edge.io/thin-edge.io/tests/PySys/tedge_mapper_c8y/sm_tedge_mapper_init_session/Output/linux/serv_mapper5.out
  stderr       : /home/pi/actions-runner/_work/thin-edge.io/thin-edge.io/tests/PySys/tedge_mapper_c8y/sm_tedge_mapper_init_session/Output/linux/serv_mapper5.err
  environment  : LD_LIBRARY_PATH=/usr/lib
  environment  : PATH=/bin:/usr/bin:/usr/sbin:/usr/local/bin
                   #1  /bin
                   #2  /usr/bin
                   #3  /usr/sbin
                   #4  /usr/local/bin
15:25:10 DEBUG Waiting up to 600 secs for process systemctl&lt;serv_mapper5&gt; (pid 29992)
15:25:11 INFO  Executed systemctl&lt;serv_mapper5&gt;, exit status 3
15:25:11 DEBUG ProcessUser cleanup function done.
15:25:11 INFO  
15:25:11 INFO  Test duration: 24.20 secs
15:25:11 INFO  Test final outcome:  BLOCKED
15:25:11 INFO  Test outcome reason: sudo&lt;stop_tedge_mapper&gt; returned non-zero exit code 5
15:25:11 INFO  
</system-out>
	</testcase>
</testsuite>
