<?xml version="1.0" encoding="utf-8"?>
<testsuite failures="1" name="SoftwareManagement.sm_mapper_fail_and_reconnect" skipped="0" tests="1" time="0.03" timestamp="2022-02-22T11:20:14">
	<testcase classname="SmMapperC8yReceiveLastMessageOnRestart" name="SoftwareManagement.sm_mapper_fail_and_reconnect">
		<failure message="BLOCKED: Failed to set up test: name 'BaseTest' is not defined" type="BLOCKED"/>
		<system-out>11:20:14 INFO  ==============================================================
11:20:14 INFO  Id:    SoftwareManagement.sm_mapper_fail_and_reconnect
11:20:14 INFO  Dir:   software_management_end_to_end/
11:20:14 INFO  Title: Validate the tedge-mapper-sm-c8y for receiving the last message on restart
11:20:14 DEBUG Execution order hint: 0.0
11:20:14 INFO  ==============================================================
11:20:14 WARN  Failed to set up test: name 'BaseTest' is not defined ... blocked 
11:20:14 WARN  caught &lt;class 'NameError'&gt; while setting up test SoftwareManagement.sm_mapper_fail_and_reconnect: name 'BaseTest' is not defined
Traceback (most recent call last):
  File &quot;/home/pi/env-pysys/lib/python3.7/site-packages/pysys/baserunner.py&quot;, line 1143, in __call__
    exec(runpycode, runpy_namespace)
  File &quot;/home/pi/actions-runner/_work/thin-edge.io/thin-edge.io/tests/PySys/software_management_end_to_end/sm_mapper_fail_and_reconnect/run.py&quot;, line 27, in &lt;module&gt;
    class SmMapperC8yReceiveLastMessageOnRestart(BaseTest):
NameError: name 'BaseTest' is not defined
11:20:14 DEBUG --- test cleanup
11:20:14 DEBUG ProcessUser cleanup function done.
11:20:14 INFO  
11:20:14 INFO  Test duration: 0.03 secs
11:20:14 INFO  Test final outcome:  BLOCKED
11:20:14 INFO  Test outcome reason: Failed to set up test: name 'BaseTest' is not defined
11:20:14 INFO  
</system-out>
	</testcase>
</testsuite>
