<?xml version="1.0" encoding="utf-8"?>
<testsuite failures="0" name="tedge_mapper_c8y_child_device_measurement" skipped="0" tests="1" time="27.72" timestamp="2022-02-25T16:02:28">
	<testcase classname="TedgeMapperC8yChildDevice" name="tedge_mapper_c8y_child_device_measurement"/>
</testsuite>
