<?xml version="1.0" encoding="utf-8"?>
<testsuite failures="0" name="publish_sawmill" skipped="0" tests="1" time="73.06" timestamp="2022-02-18T15:15:08">
	<testcase classname="PublishSawmill" name="publish_sawmill"/>
</testsuite>
