<?xml version="1.0" encoding="utf-8"?>
<testsuite failures="0" name="apt_update_list" skipped="1" tests="1" time="0.02" timestamp="2022-03-02T12:40:44">
	<testcase classname="AptPluginUpdateList" name="apt_update_list"/>
</testsuite>
