<?xml version="1.0" encoding="utf-8"?>
<testsuite failures="0" name="apt_remove" skipped="1" tests="1" time="0.01" timestamp="2022-03-16T13:42:43">
	<testcase classname="AptPluginRemoveDense" name="apt_remove"/>
</testsuite>
