<?xml version="1.0" encoding="utf-8"?>
<testsuite failures="0" name="call_tedge_config_list" skipped="0" tests="1" time="14.28" timestamp="2022-03-16T06:00:17">
	<testcase classname="PySysTest" name="call_tedge_config_list"/>
</testsuite>
