<?xml version="1.0" encoding="utf-8"?>
<testsuite failures="0" name="c8y_restart_bridge" skipped="0" tests="1" time="16.3" timestamp="2022-02-14T13:45:48">
	<testcase classname="RestartBridge" name="c8y_restart_bridge"/>
</testsuite>
