<?xml version="1.0" encoding="utf-8"?>
<testsuite failures="0" name="mqtt_port_set" skipped="0" tests="1" time="14.7" timestamp="2022-02-25T15:48:18">
	<testcase classname="MqttPortSet" name="mqtt_port_set"/>
</testsuite>
