<?xml version="1.0" encoding="utf-8"?>
<testsuite failures="1" name="smoketest_json_400_samples_20ms" skipped="0" tests="1" time="50.99" timestamp="2022-02-18T15:17:29">
	<testcase classname="SmoketestJson400Samples20ms" name="smoketest_json_400_samples_20ms">
		<failure message="BLOCKED: python3&lt;stdout&gt; returned non-zero exit code 1" type="BLOCKED"/>
		<system-out>15:16:38 INFO  ==============================================================
15:16:38 INFO  Id:    smoketest_json_400_samples_20ms
15:16:38 INFO  Dir:   smoketests/
15:16:38 INFO  Title: Smoketest Json 400 Samples 20ms Delay
15:16:38 DEBUG Execution order hint: 0.0
15:16:38 INFO  ==============================================================
15:16:38 DEBUG EnvironmentC8y Setup
15:16:38 INFO  EnvironmentC8y Setup
15:16:38 DEBUG Process parameters for systemctl&lt;serv_mapper1&gt;
  command line : /usr/bin/systemctl status tedge-mapper-c8y
    arg #1     : status
    arg #2     : tedge-mapper-c8y
  working dir  : /home/pi/actions-runner/_work/thin-edge.io/thin-edge.io/tests/PySys/smoketests/smoketest_json_400_samples_20ms/Output/linux
  stdout       : /home/pi/actions-runner/_work/thin-edge.io/thin-edge.io/tests/PySys/smoketests/smoketest_json_400_samples_20ms/Output/linux/serv_mapper1.out
  stderr       : /home/pi/actions-runner/_work/thin-edge.io/thin-edge.io/tests/PySys/smoketests/smoketest_json_400_samples_20ms/Output/linux/serv_mapper1.err
  environment  : LD_LIBRARY_PATH=/usr/lib
  environment  : PATH=/bin:/usr/bin:/usr/sbin:/usr/local/bin
                   #1  /bin
                   #2  /usr/bin
                   #3  /usr/sbin
                   #4  /usr/local/bin
15:16:38 DEBUG Waiting up to 600 secs for process systemctl&lt;serv_mapper1&gt; (pid 25073)
15:16:38 INFO  Executed systemctl&lt;serv_mapper1&gt;, exit status 3
15:16:38 INFO  Restarting mosquitto too frequently in the last 10 seconds. It was only up for 3 seconds
15:16:38 INFO  Delaying execution by 8 seconds
15:16:47 DEBUG Process parameters for sudo&lt;tedge_connect_c8y&gt;
  command line : /usr/bin/sudo /usr/bin/tedge connect c8y
    arg #1     : /usr/bin/tedge
    arg #2     : connect
    arg #3     : c8y
  working dir  : /home/pi/actions-runner/_work/thin-edge.io/thin-edge.io/tests/PySys/smoketests/smoketest_json_400_samples_20ms/Output/linux
  stdout       : /home/pi/actions-runner/_work/thin-edge.io/thin-edge.io/tests/PySys/smoketests/smoketest_json_400_samples_20ms/Output/linux/tedge_connect_c8y.out
  stderr       : /home/pi/actions-runner/_work/thin-edge.io/thin-edge.io/tests/PySys/smoketests/smoketest_json_400_samples_20ms/Output/linux/tedge_connect_c8y.err
  environment  : LD_LIBRARY_PATH=/usr/lib
  environment  : PATH=/bin:/usr/bin:/usr/sbin:/usr/local/bin
                   #1  /bin
                   #2  /usr/bin
                   #3  /usr/sbin
                   #4  /usr/local/bin
15:16:47 DEBUG Waiting up to 600 secs for process sudo&lt;tedge_connect_c8y&gt; (pid 25078)
15:16:57 INFO  Executed sudo&lt;tedge_connect_c8y&gt;, exit status 0
15:16:57 DEBUG Process parameters for sudo&lt;tedge_connect_c8y_test&gt;
  command line : /usr/bin/sudo /usr/bin/tedge connect c8y --test
    arg #1     : /usr/bin/tedge
    arg #2     : connect
    arg #3     : c8y
    arg #4     : --test
  working dir  : /home/pi/actions-runner/_work/thin-edge.io/thin-edge.io/tests/PySys/smoketests/smoketest_json_400_samples_20ms/Output/linux
  stdout       : /home/pi/actions-runner/_work/thin-edge.io/thin-edge.io/tests/PySys/smoketests/smoketest_json_400_samples_20ms/Output/linux/tedge_connect_c8y_test.out
  stderr       : /home/pi/actions-runner/_work/thin-edge.io/thin-edge.io/tests/PySys/smoketests/smoketest_json_400_samples_20ms/Output/linux/tedge_connect_c8y_test.err
  environment  : LD_LIBRARY_PATH=/usr/lib
  environment  : PATH=/bin:/usr/bin:/usr/sbin:/usr/local/bin
                   #1  /bin
                   #2  /usr/bin
                   #3  /usr/sbin
                   #4  /usr/local/bin
15:16:57 DEBUG Waiting up to 600 secs for process sudo&lt;tedge_connect_c8y_test&gt; (pid 25170)
15:16:57 INFO  Executed sudo&lt;tedge_connect_c8y_test&gt;, exit status 0
15:16:57 DEBUG Process parameters for systemctl&lt;serv_mosq2&gt;
  command line : /usr/bin/systemctl status mosquitto
    arg #1     : status
    arg #2     : mosquitto
  working dir  : /home/pi/actions-runner/_work/thin-edge.io/thin-edge.io/tests/PySys/smoketests/smoketest_json_400_samples_20ms/Output/linux
  stdout       : /home/pi/actions-runner/_work/thin-edge.io/thin-edge.io/tests/PySys/smoketests/smoketest_json_400_samples_20ms/Output/linux/serv_mosq2.out
  stderr       : /home/pi/actions-runner/_work/thin-edge.io/thin-edge.io/tests/PySys/smoketests/smoketest_json_400_samples_20ms/Output/linux/serv_mosq2.err
  environment  : LD_LIBRARY_PATH=/usr/lib
  environment  : PATH=/bin:/usr/bin:/usr/sbin:/usr/local/bin
                   #1  /bin
                   #2  /usr/bin
                   #3  /usr/sbin
                   #4  /usr/local/bin
15:16:57 DEBUG Waiting up to 600 secs for process systemctl&lt;serv_mosq2&gt; (pid 25173)
15:16:57 INFO  Executed systemctl&lt;serv_mosq2&gt;, exit status 0
15:16:57 DEBUG Process parameters for systemctl&lt;serv_mapper3&gt;
  command line : /usr/bin/systemctl status tedge-mapper-c8y
    arg #1     : status
    arg #2     : tedge-mapper-c8y
  working dir  : /home/pi/actions-runner/_work/thin-edge.io/thin-edge.io/tests/PySys/smoketests/smoketest_json_400_samples_20ms/Output/linux
  stdout       : /home/pi/actions-runner/_work/thin-edge.io/thin-edge.io/tests/PySys/smoketests/smoketest_json_400_samples_20ms/Output/linux/serv_mapper3.out
  stderr       : /home/pi/actions-runner/_work/thin-edge.io/thin-edge.io/tests/PySys/smoketests/smoketest_json_400_samples_20ms/Output/linux/serv_mapper3.err
  environment  : LD_LIBRARY_PATH=/usr/lib
  environment  : PATH=/bin:/usr/bin:/usr/sbin:/usr/local/bin
                   #1  /bin
                   #2  /usr/bin
                   #3  /usr/sbin
                   #4  /usr/local/bin
15:16:57 DEBUG Waiting up to 600 secs for process systemctl&lt;serv_mapper3&gt; (pid 25174)
15:16:58 INFO  Executed systemctl&lt;serv_mapper3&gt;, exit status 0
15:16:58 DEBUG C8y Roundtrip Setup
15:16:58 DEBUG --- test execute
15:16:58 DEBUG EnvironmentC8y Execute
15:16:58 DEBUG C8y Roundtrip Execute
15:17:18 DEBUG Process parameters for python3&lt;stdout&gt;
  command line : /home/pi/env-pysys/bin/python3 /home/pi/actions-runner/_work/thin-edge.io/thin-edge.io/ci/roundtrip_local_to_c8y.py -m JSON -pub /home/pi/examples -u octocat -t t493319102 -id 14382422 -o 20 -d 10 -s 400
    arg #1     : /home/pi/actions-runner/_work/thin-edge.io/thin-edge.io/ci/roundtrip_local_to_c8y.py
    arg #2     : -m
    arg #3     : JSON
    arg #4     : -pub
    arg #5     : /home/pi/examples
    arg #6     : -u
    arg #7     : octocat
    arg #8     : -t
    arg #9     : t493319102
    arg #10    : -id
    arg #11    : 14382422
    arg #12    : -o
    arg #13    : 20
    arg #14    : -d
    arg #15    : 10
    arg #16    : -s
    arg #17    : 400
  working dir  : /home/pi/actions-runner/_work/thin-edge.io/thin-edge.io/tests/PySys/smoketests/smoketest_json_400_samples_20ms/Output/linux
  stdout       : /home/pi/actions-runner/_work/thin-edge.io/thin-edge.io/tests/PySys/smoketests/smoketest_json_400_samples_20ms/Output/linux/stdout.out
  stderr       : /home/pi/actions-runner/_work/thin-edge.io/thin-edge.io/tests/PySys/smoketests/smoketest_json_400_samples_20ms/Output/linux/stdout.err
  environment  : C8YPASS=CsiqG9s25z//
15:17:18 DEBUG Waiting up to 600 secs for process python3&lt;stdout&gt; (pid 25183)
15:17:26 WARN  Executed python3&lt;stdout&gt;, exit status 1
15:17:26 DEBUG Opening file using encoding=UTF-8: /home/pi/actions-runner/_work/thin-edge.io/thin-edge.io/tests/PySys/smoketests/smoketest_json_400_samples_20ms/Output/linux/stdout.err
15:17:26 DEBUG Opening file using encoding=UTF-8: /home/pi/actions-runner/_work/thin-edge.io/thin-edge.io/tests/PySys/smoketests/smoketest_json_400_samples_20ms/Output/linux/stdout.out
15:17:26 INFO  Contents of stdout.out: 
15:17:26 INFO    Publishing sawtooth with delay 10ms height 400 iterations 1 template flux will cause 400 publishs.
15:17:26 INFO    Iteraton: 0
15:17:26 INFO    Execution took 4 s 4201 ms
15:17:26 INFO    Publish rate: 10.502 ms/pub
15:17:26 INFO    Publish per second: 95.215 pub/s
15:17:26 INFO    Act: Publishing values with temperature_publisher
15:17:26 INFO    Waiting 3s for values to arrive in C8y
15:17:26 INFO    Assert: Retrieving data via REST interface
15:17:26 INFO    Gathering values from 2022-02-18 15:17:06+00:00 to 2022-02-18 15:17:26+00:00
15:17:26 INFO    Found 0 recorded values:
15:17:26 INFO    Retrieved values:
15:17:26 INFO    Expected:  0.0  ...  399.0
15:17:26 INFO    Data verification FAILED
15:17:26 INFO    -----
15:17:26 INFO  
15:17:26 WARN  python3&lt;stdout&gt; returned non-zero exit code 1 ... blocked 
15:17:26 WARN  Aborted test due to BLOCKED outcome
15:17:26 DEBUG --- test cleanup
15:17:26 INFO  
15:17:26 INFO  cleanup:
15:17:26 DEBUG Running registered cleanup function: &lt;bound method Environment_roundtrip_c8y.myenvroundtripcleanup of &lt;SmoketestJson400Samples20ms object at 0x75bca2f0&gt;&gt;
15:17:26 DEBUG C8y Roundtrip MyCleanup
15:17:26 DEBUG Running registered cleanup function: &lt;bound method EnvironmentC8y.myenvcleanup of &lt;SmoketestJson400Samples20ms object at 0x75bca2f0&gt;&gt;
15:17:26 DEBUG EnvironmentC8y Cleanup
15:17:27 DEBUG Process parameters for sudo&lt;tedge_disconnect_c8y&gt;
  command line : /usr/bin/sudo /usr/bin/tedge disconnect c8y
    arg #1     : /usr/bin/tedge
    arg #2     : disconnect
    arg #3     : c8y
  working dir  : /home/pi/actions-runner/_work/thin-edge.io/thin-edge.io/tests/PySys/smoketests/smoketest_json_400_samples_20ms/Output/linux
  stdout       : /home/pi/actions-runner/_work/thin-edge.io/thin-edge.io/tests/PySys/smoketests/smoketest_json_400_samples_20ms/Output/linux/tedge_disconnect_c8y.out
  stderr       : /home/pi/actions-runner/_work/thin-edge.io/thin-edge.io/tests/PySys/smoketests/smoketest_json_400_samples_20ms/Output/linux/tedge_disconnect_c8y.err
  environment  : LD_LIBRARY_PATH=/usr/lib
  environment  : PATH=/bin:/usr/bin:/usr/sbin:/usr/local/bin
                   #1  /bin
                   #2  /usr/bin
                   #3  /usr/sbin
                   #4  /usr/local/bin
15:17:27 DEBUG Waiting up to 600 secs for process sudo&lt;tedge_disconnect_c8y&gt; (pid 25191)
15:17:29 INFO  Executed sudo&lt;tedge_disconnect_c8y&gt;, exit status 0
15:17:29 DEBUG Process parameters for systemctl&lt;serv_mapper5&gt;
  command line : /usr/bin/systemctl status tedge-mapper-c8y
    arg #1     : status
    arg #2     : tedge-mapper-c8y
  working dir  : /home/pi/actions-runner/_work/thin-edge.io/thin-edge.io/tests/PySys/smoketests/smoketest_json_400_samples_20ms/Output/linux
  stdout       : /home/pi/actions-runner/_work/thin-edge.io/thin-edge.io/tests/PySys/smoketests/smoketest_json_400_samples_20ms/Output/linux/serv_mapper5.out
  stderr       : /home/pi/actions-runner/_work/thin-edge.io/thin-edge.io/tests/PySys/smoketests/smoketest_json_400_samples_20ms/Output/linux/serv_mapper5.err
  environment  : LD_LIBRARY_PATH=/usr/lib
  environment  : PATH=/bin:/usr/bin:/usr/sbin:/usr/local/bin
                   #1  /bin
                   #2  /usr/bin
                   #3  /usr/sbin
                   #4  /usr/local/bin
15:17:29 DEBUG Waiting up to 600 secs for process systemctl&lt;serv_mapper5&gt; (pid 25227)
15:17:29 INFO  Executed systemctl&lt;serv_mapper5&gt;, exit status 3
15:17:29 DEBUG ProcessUser cleanup function done.
15:17:29 INFO  
15:17:29 INFO  Test duration: 50.99 secs
15:17:29 INFO  Test final outcome:  BLOCKED
15:17:29 INFO  Test outcome reason: python3&lt;stdout&gt; returned non-zero exit code 1
15:17:29 INFO  
</system-out>
	</testcase>
</testsuite>
