<?xml version="1.0" encoding="utf-8"?>
<testsuite failures="1" name="tedge_software_update" skipped="0" tests="1" time="0.03" timestamp="2022-02-18T15:22:58">
	<testcase classname="PySysTest" name="tedge_software_update">
		<failure message="BLOCKED: Failed to set up test: No module named 'environments'" type="BLOCKED"/>
		<system-out>15:22:58 INFO  ==============================================================
15:22:58 INFO  Id:    tedge_software_update
15:22:58 INFO  Dir:   tedge/
15:22:58 INFO  Title: Software install from download path
15:22:58 DEBUG Execution order hint: 0.0
15:22:58 INFO  ==============================================================
15:22:58 WARN  Failed to set up test: No module named 'environments' ... blocked 
15:22:58 WARN  caught &lt;class 'ModuleNotFoundError'&gt; while setting up test tedge_software_update: No module named 'environments'
Traceback (most recent call last):
  File &quot;/home/pi/env-pysys/lib/python3.7/site-packages/pysys/baserunner.py&quot;, line 1143, in __call__
    exec(runpycode, runpy_namespace)
  File &quot;/home/pi/actions-runner/_work/thin-edge.io/thin-edge.io/tests/PySys/tedge/tedge_software_update/run.py&quot;, line 1, in &lt;module&gt;
    from environments.environment_c8y import EnvironmentC8y
ModuleNotFoundError: No module named 'environments'
15:22:58 DEBUG --- test cleanup
15:22:58 DEBUG ProcessUser cleanup function done.
15:22:58 INFO  
15:22:58 INFO  Test duration: 0.03 secs
15:22:58 INFO  Test final outcome:  BLOCKED
15:22:58 INFO  Test outcome reason: Failed to set up test: No module named 'environments'
15:22:58 INFO  
</system-out>
	</testcase>
</testsuite>
