<?xml version="1.0" encoding="utf-8"?>
<testsuite failures="0" name="mqtt_port_set" skipped="0" tests="1" time="15.32" timestamp="2022-02-14T13:32:58">
	<testcase classname="MqttPortSet" name="mqtt_port_set"/>
</testsuite>
