<?xml version="1.0" encoding="utf-8"?>
<testsuite failures="0" name="smoketest_json" skipped="0" tests="1" time="39.25" timestamp="2022-02-22T11:13:21">
	<testcase classname="SmokeTestJson" name="smoketest_json"/>
</testsuite>
