<?xml version="1.0" encoding="utf-8"?>
<testsuite failures="0" name="publish_sawmill" skipped="0" tests="1" time="73.19" timestamp="2022-03-16T13:45:01">
	<testcase classname="PublishSawmill" name="publish_sawmill"/>
</testsuite>
