<?xml version="1.0" encoding="utf-8"?>
<testsuite failures="0" name="smoketest_smartrest" skipped="0" tests="1" time="42.61" timestamp="2022-02-15T19:34:40">
	<testcase classname="SmoketestSmartRest" name="smoketest_smartrest"/>
</testsuite>
