<?xml version="1.0" encoding="utf-8"?>
<testsuite failures="1" name="call_tedge_-h" skipped="0" tests="1" time="0.33" timestamp="2022-02-25T15:59:10">
	<testcase classname="PySysTest" name="call_tedge_-h">
		<failure message="FAILED: Grep on tedge.out contains &quot;FLAGS:&quot;" type="FAILED"/>
		<system-out>15:59:09 INFO  ==============================================================
15:59:09 INFO  Id:    call_tedge_-h
15:59:09 INFO  Dir:   tedge/
15:59:09 INFO  Title: Validate command line option -h
15:59:09 DEBUG Execution order hint: 0.0
15:59:09 INFO  ==============================================================
15:59:09 DEBUG --- test execute
15:59:09 DEBUG Process parameters for tedge
  command line : /usr/bin/tedge -h
    arg #1     : -h
  working dir  : /home/pi/actions-runner/_work/thin-edge.io/thin-edge.io/tests/PySys/tedge/call_tedge_-h/Output/linux
  stdout       : /home/pi/actions-runner/_work/thin-edge.io/thin-edge.io/tests/PySys/tedge/call_tedge_-h/Output/linux/tedge.out
  stderr       : /home/pi/actions-runner/_work/thin-edge.io/thin-edge.io/tests/PySys/tedge/call_tedge_-h/Output/linux/tedge.err
  environment  : LD_LIBRARY_PATH=/usr/lib
  environment  : PATH=/bin:/usr/bin:/usr/sbin:/usr/local/bin
                   #1  /bin
                   #2  /usr/bin
                   #3  /usr/sbin
                   #4  /usr/local/bin
15:59:09 DEBUG Waiting up to 600 secs for process tedge (pid 31879)
15:59:09 INFO  Executed tedge, exit status 0
15:59:09 DEBUG --- test validate
15:59:10 DEBUG Performing regex contains=True grep on file: /home/pi/actions-runner/_work/thin-edge.io/thin-edge.io/tests/PySys/tedge/call_tedge_-h/Output/linux/tedge.out
15:59:10 DEBUG Grep on input file tedge.out successfully matched expression &quot;USAGE:&quot; with line: 'USAGE:\n'
15:59:10 INFO  Grep on input file tedge.out ... passed
15:59:10 DEBUG Performing regex contains=True grep on file: /home/pi/actions-runner/_work/thin-edge.io/thin-edge.io/tests/PySys/tedge/call_tedge_-h/Output/linux/tedge.out
15:59:10 WARN  Grep on tedge.out contains &quot;FLAGS:&quot; ... failed [run.py:30]
15:59:10 DEBUG Performing regex contains=True grep on file: /home/pi/actions-runner/_work/thin-edge.io/thin-edge.io/tests/PySys/tedge/call_tedge_-h/Output/linux/tedge.out
15:59:10 DEBUG Grep on input file tedge.out successfully matched expression &quot;SUBCOMMANDS:&quot; with line: 'SUBCOMMANDS:\n'
15:59:10 INFO  Grep on input file tedge.out ... passed
15:59:10 DEBUG --- test cleanup
15:59:10 DEBUG ProcessUser cleanup function done.
15:59:10 INFO  
15:59:10 INFO  Test duration: 0.33 secs
15:59:10 INFO  Test final outcome:  FAILED
15:59:10 INFO  Test outcome reason: Grep on tedge.out contains &quot;FLAGS:&quot;
15:59:10 INFO  
</system-out>
	</testcase>
</testsuite>
