<?xml version="1.0" encoding="utf-8"?>
<testsuite failures="1" name="tedge_connect_test_sm_services" skipped="0" tests="1" time="23.11" timestamp="2022-03-16T06:01:44">
	<testcase classname="TedgeConnectTestSMServices" name="tedge_connect_test_sm_services">
		<failure message="BLOCKED: Grep on tedge_connect.out contains &quot;tedge-mapper-c8y service successfully started and enabled!&quot; failed due to &lt;class 'pysys.exceptions.FileNotFoundException'&gt;: unable to find file &quot;/home/pi/actions-runner/_work/thin-edge.io/thin-edge.io/tests/PySys/tedge_connect/tedge_connect_test_sm_services/Output/linux/tedge_connect.out&quot;" type="BLOCKED"/>
		<system-out>06:01:21 INFO  ==============================================================
06:01:21 INFO  Id:    tedge_connect_test_sm_services
06:01:21 INFO  Dir:   tedge_connect/
06:01:21 INFO  Title: Validate Software Management Services started and enabled on tedge connect c8y
06:01:21 DEBUG Execution order hint: 0.0
06:01:21 INFO  ==============================================================
06:01:21 DEBUG EnvironmentC8y Setup
06:01:21 INFO  EnvironmentC8y Setup
06:01:21 DEBUG Process parameters for systemctl&lt;serv_mapper1&gt;
  command line : /usr/bin/systemctl status tedge-mapper-c8y
    arg #1     : status
    arg #2     : tedge-mapper-c8y
  working dir  : /home/pi/actions-runner/_work/thin-edge.io/thin-edge.io/tests/PySys/tedge_connect/tedge_connect_test_sm_services/Output/linux
  stdout       : /home/pi/actions-runner/_work/thin-edge.io/thin-edge.io/tests/PySys/tedge_connect/tedge_connect_test_sm_services/Output/linux/serv_mapper1.out
  stderr       : /home/pi/actions-runner/_work/thin-edge.io/thin-edge.io/tests/PySys/tedge_connect/tedge_connect_test_sm_services/Output/linux/serv_mapper1.err
  environment  : LD_LIBRARY_PATH=/usr/lib
  environment  : PATH=/bin:/usr/bin:/usr/sbin:/usr/local/bin
                   #1  /bin
                   #2  /usr/bin
                   #3  /usr/sbin
                   #4  /usr/local/bin
06:01:21 DEBUG Waiting up to 600 secs for process systemctl&lt;serv_mapper1&gt; (pid 7801)
06:01:21 INFO  Executed systemctl&lt;serv_mapper1&gt;, exit status 3
06:01:21 INFO  Restarting mosquitto too frequently in the last 10 seconds. It was only up for 3 seconds
06:01:21 INFO  Delaying execution by 8 seconds
06:01:29 DEBUG Process parameters for sudo&lt;tedge_connect_c8y&gt;
  command line : /usr/bin/sudo /usr/bin/tedge connect c8y
    arg #1     : /usr/bin/tedge
    arg #2     : connect
    arg #3     : c8y
  working dir  : /home/pi/actions-runner/_work/thin-edge.io/thin-edge.io/tests/PySys/tedge_connect/tedge_connect_test_sm_services/Output/linux
  stdout       : /home/pi/actions-runner/_work/thin-edge.io/thin-edge.io/tests/PySys/tedge_connect/tedge_connect_test_sm_services/Output/linux/tedge_connect_c8y.out
  stderr       : /home/pi/actions-runner/_work/thin-edge.io/thin-edge.io/tests/PySys/tedge_connect/tedge_connect_test_sm_services/Output/linux/tedge_connect_c8y.err
  environment  : LD_LIBRARY_PATH=/usr/lib
  environment  : PATH=/bin:/usr/bin:/usr/sbin:/usr/local/bin
                   #1  /bin
                   #2  /usr/bin
                   #3  /usr/sbin
                   #4  /usr/local/bin
06:01:30 DEBUG Waiting up to 600 secs for process sudo&lt;tedge_connect_c8y&gt; (pid 7805)
06:01:40 INFO  Executed sudo&lt;tedge_connect_c8y&gt;, exit status 0
06:01:40 DEBUG Process parameters for sudo&lt;tedge_connect_c8y_test&gt;
  command line : /usr/bin/sudo /usr/bin/tedge connect c8y --test
    arg #1     : /usr/bin/tedge
    arg #2     : connect
    arg #3     : c8y
    arg #4     : --test
  working dir  : /home/pi/actions-runner/_work/thin-edge.io/thin-edge.io/tests/PySys/tedge_connect/tedge_connect_test_sm_services/Output/linux
  stdout       : /home/pi/actions-runner/_work/thin-edge.io/thin-edge.io/tests/PySys/tedge_connect/tedge_connect_test_sm_services/Output/linux/tedge_connect_c8y_test.out
  stderr       : /home/pi/actions-runner/_work/thin-edge.io/thin-edge.io/tests/PySys/tedge_connect/tedge_connect_test_sm_services/Output/linux/tedge_connect_c8y_test.err
  environment  : LD_LIBRARY_PATH=/usr/lib
  environment  : PATH=/bin:/usr/bin:/usr/sbin:/usr/local/bin
                   #1  /bin
                   #2  /usr/bin
                   #3  /usr/sbin
                   #4  /usr/local/bin
06:01:40 DEBUG Waiting up to 600 secs for process sudo&lt;tedge_connect_c8y_test&gt; (pid 7904)
06:01:40 INFO  Executed sudo&lt;tedge_connect_c8y_test&gt;, exit status 0
06:01:40 DEBUG Process parameters for systemctl&lt;serv_mosq2&gt;
  command line : /usr/bin/systemctl status mosquitto
    arg #1     : status
    arg #2     : mosquitto
  working dir  : /home/pi/actions-runner/_work/thin-edge.io/thin-edge.io/tests/PySys/tedge_connect/tedge_connect_test_sm_services/Output/linux
  stdout       : /home/pi/actions-runner/_work/thin-edge.io/thin-edge.io/tests/PySys/tedge_connect/tedge_connect_test_sm_services/Output/linux/serv_mosq2.out
  stderr       : /home/pi/actions-runner/_work/thin-edge.io/thin-edge.io/tests/PySys/tedge_connect/tedge_connect_test_sm_services/Output/linux/serv_mosq2.err
  environment  : LD_LIBRARY_PATH=/usr/lib
  environment  : PATH=/bin:/usr/bin:/usr/sbin:/usr/local/bin
                   #1  /bin
                   #2  /usr/bin
                   #3  /usr/sbin
                   #4  /usr/local/bin
06:01:40 DEBUG Waiting up to 600 secs for process systemctl&lt;serv_mosq2&gt; (pid 7908)
06:01:41 INFO  Executed systemctl&lt;serv_mosq2&gt;, exit status 0
06:01:41 DEBUG Process parameters for systemctl&lt;serv_mapper3&gt;
  command line : /usr/bin/systemctl status tedge-mapper-c8y
    arg #1     : status
    arg #2     : tedge-mapper-c8y
  working dir  : /home/pi/actions-runner/_work/thin-edge.io/thin-edge.io/tests/PySys/tedge_connect/tedge_connect_test_sm_services/Output/linux
  stdout       : /home/pi/actions-runner/_work/thin-edge.io/thin-edge.io/tests/PySys/tedge_connect/tedge_connect_test_sm_services/Output/linux/serv_mapper3.out
  stderr       : /home/pi/actions-runner/_work/thin-edge.io/thin-edge.io/tests/PySys/tedge_connect/tedge_connect_test_sm_services/Output/linux/serv_mapper3.err
  environment  : LD_LIBRARY_PATH=/usr/lib
  environment  : PATH=/bin:/usr/bin:/usr/sbin:/usr/local/bin
                   #1  /bin
                   #2  /usr/bin
                   #3  /usr/sbin
                   #4  /usr/local/bin
06:01:41 DEBUG Waiting up to 600 secs for process systemctl&lt;serv_mapper3&gt; (pid 7909)
06:01:41 INFO  Executed systemctl&lt;serv_mapper3&gt;, exit status 0
06:01:41 DEBUG --- test execute
06:01:41 DEBUG EnvironmentC8y Execute
06:01:41 DEBUG --- test validate
06:01:41 DEBUG EnvironmentC8y Validate
06:01:41 DEBUG Process parameters for systemctl&lt;serv_mosq&gt;
  command line : /usr/bin/systemctl status mosquitto
    arg #1     : status
    arg #2     : mosquitto
  working dir  : /home/pi/actions-runner/_work/thin-edge.io/thin-edge.io/tests/PySys/tedge_connect/tedge_connect_test_sm_services/Output/linux
  stdout       : /home/pi/actions-runner/_work/thin-edge.io/thin-edge.io/tests/PySys/tedge_connect/tedge_connect_test_sm_services/Output/linux/serv_mosq.out
  stderr       : /home/pi/actions-runner/_work/thin-edge.io/thin-edge.io/tests/PySys/tedge_connect/tedge_connect_test_sm_services/Output/linux/serv_mosq.err
  environment  : LD_LIBRARY_PATH=/usr/lib
  environment  : PATH=/bin:/usr/bin:/usr/sbin:/usr/local/bin
                   #1  /bin
                   #2  /usr/bin
                   #3  /usr/sbin
                   #4  /usr/local/bin
06:01:41 DEBUG Waiting up to 600 secs for process systemctl&lt;serv_mosq&gt; (pid 7910)
06:01:41 INFO  Executed systemctl&lt;serv_mosq&gt;, exit status 0
06:01:41 DEBUG Process parameters for systemctl&lt;serv_mapper4&gt;
  command line : /usr/bin/systemctl status tedge-mapper-c8y
    arg #1     : status
    arg #2     : tedge-mapper-c8y
  working dir  : /home/pi/actions-runner/_work/thin-edge.io/thin-edge.io/tests/PySys/tedge_connect/tedge_connect_test_sm_services/Output/linux
  stdout       : /home/pi/actions-runner/_work/thin-edge.io/thin-edge.io/tests/PySys/tedge_connect/tedge_connect_test_sm_services/Output/linux/serv_mapper4.out
  stderr       : /home/pi/actions-runner/_work/thin-edge.io/thin-edge.io/tests/PySys/tedge_connect/tedge_connect_test_sm_services/Output/linux/serv_mapper4.err
  environment  : LD_LIBRARY_PATH=/usr/lib
  environment  : PATH=/bin:/usr/bin:/usr/sbin:/usr/local/bin
                   #1  /bin
                   #2  /usr/bin
                   #3  /usr/sbin
                   #4  /usr/local/bin
06:01:41 DEBUG Waiting up to 600 secs for process systemctl&lt;serv_mapper4&gt; (pid 7911)
06:01:41 INFO  Executed systemctl&lt;serv_mapper4&gt;, exit status 0
06:01:41 INFO  Validate
06:01:41 DEBUG Performing regex contains=True grep on file: /home/pi/actions-runner/_work/thin-edge.io/thin-edge.io/tests/PySys/tedge_connect/tedge_connect_test_sm_services/Output/linux/tedge_connect_c8y.out
06:01:41 DEBUG Grep on input file tedge_connect_c8y.out successfully matched expression &quot;tedge-agent service successfully started and enabled!&quot; with line: 'tedge-agent service successfully started and enabled!\n'
06:01:41 INFO  Grep on input file tedge_connect_c8y.out ... passed
06:01:41 DEBUG Performing regex contains=True grep on file: /home/pi/actions-runner/_work/thin-edge.io/thin-edge.io/tests/PySys/tedge_connect/tedge_connect_test_sm_services/Output/linux/tedge_connect.out
06:01:41 WARN  caught &lt;class 'pysys.exceptions.FileNotFoundException'&gt;: unable to find file &quot;/home/pi/actions-runner/_work/thin-edge.io/thin-edge.io/tests/PySys/tedge_connect/tedge_connect_test_sm_services/Output/linux/tedge_connect.out&quot;
Traceback (most recent call last):
  File &quot;/home/pi/env-pysys/lib/python3.7/site-packages/pysys/basetest.py&quot;, line 1203, in assertGrep
    result = getmatches(f, expr, ignores=ignores, returnFirstOnly=(contains==True), encoding=encoding or self.getDefaultFileEncoding(f), flags=reFlags, mappers=mappers)
  File &quot;/home/pi/env-pysys/lib/python3.7/site-packages/pysys/utils/filegrep.py&quot;, line 59, in getmatches
    raise FileNotFoundException(&quot;unable to find file \&quot;%s\&quot;&quot; % (file))
pysys.exceptions.FileNotFoundException: unable to find file &quot;/home/pi/actions-runner/_work/thin-edge.io/thin-edge.io/tests/PySys/tedge_connect/tedge_connect_test_sm_services/Output/linux/tedge_connect.out&quot;
06:01:42 WARN  Grep on tedge_connect.out contains &quot;tedge-mapper-c8y service successfully started and enabled!&quot; failed due to &lt;class 'pysys.exceptions.FileNotFoundException'&gt;: unable to find file &quot;/home/pi/actions-runner/_work/thin-edge.io/thin-edge.io/tests/PySys/tedge_connect/tedge_connect_test_sm_services/Output/linux/tedge_connect.out&quot; ... blocked [run.py:37]
06:01:42 DEBUG --- test cleanup
06:01:42 INFO  
06:01:42 INFO  cleanup:
06:01:42 DEBUG Running registered cleanup function: &lt;bound method EnvironmentC8y.myenvcleanup of &lt;TedgeConnectTestSMServices object at 0x75b8f6b0&gt;&gt;
06:01:42 DEBUG EnvironmentC8y Cleanup
06:01:42 DEBUG Process parameters for sudo&lt;tedge_disconnect_c8y&gt;
  command line : /usr/bin/sudo /usr/bin/tedge disconnect c8y
    arg #1     : /usr/bin/tedge
    arg #2     : disconnect
    arg #3     : c8y
  working dir  : /home/pi/actions-runner/_work/thin-edge.io/thin-edge.io/tests/PySys/tedge_connect/tedge_connect_test_sm_services/Output/linux
  stdout       : /home/pi/actions-runner/_work/thin-edge.io/thin-edge.io/tests/PySys/tedge_connect/tedge_connect_test_sm_services/Output/linux/tedge_disconnect_c8y.out
  stderr       : /home/pi/actions-runner/_work/thin-edge.io/thin-edge.io/tests/PySys/tedge_connect/tedge_connect_test_sm_services/Output/linux/tedge_disconnect_c8y.err
  environment  : LD_LIBRARY_PATH=/usr/lib
  environment  : PATH=/bin:/usr/bin:/usr/sbin:/usr/local/bin
                   #1  /bin
                   #2  /usr/bin
                   #3  /usr/sbin
                   #4  /usr/local/bin
06:01:42 DEBUG Waiting up to 600 secs for process sudo&lt;tedge_disconnect_c8y&gt; (pid 7918)
06:01:44 INFO  Executed sudo&lt;tedge_disconnect_c8y&gt;, exit status 0
06:01:44 DEBUG Process parameters for systemctl&lt;serv_mapper5&gt;
  command line : /usr/bin/systemctl status tedge-mapper-c8y
    arg #1     : status
    arg #2     : tedge-mapper-c8y
  working dir  : /home/pi/actions-runner/_work/thin-edge.io/thin-edge.io/tests/PySys/tedge_connect/tedge_connect_test_sm_services/Output/linux
  stdout       : /home/pi/actions-runner/_work/thin-edge.io/thin-edge.io/tests/PySys/tedge_connect/tedge_connect_test_sm_services/Output/linux/serv_mapper5.out
  stderr       : /home/pi/actions-runner/_work/thin-edge.io/thin-edge.io/tests/PySys/tedge_connect/tedge_connect_test_sm_services/Output/linux/serv_mapper5.err
  environment  : LD_LIBRARY_PATH=/usr/lib
  environment  : PATH=/bin:/usr/bin:/usr/sbin:/usr/local/bin
                   #1  /bin
                   #2  /usr/bin
                   #3  /usr/sbin
                   #4  /usr/local/bin
06:01:44 DEBUG Waiting up to 600 secs for process systemctl&lt;serv_mapper5&gt; (pid 7956)
06:01:44 INFO  Executed systemctl&lt;serv_mapper5&gt;, exit status 3
06:01:44 DEBUG ProcessUser cleanup function done.
06:01:44 INFO  
06:01:44 INFO  Test duration: 23.11 secs
06:01:44 INFO  Test final outcome:  BLOCKED
06:01:44 INFO  Test outcome reason: Grep on tedge_connect.out contains &quot;tedge-mapper-c8y service successfully started and enabled!&quot; failed due to &lt;class 'pysys.exceptions.FileNotFoundException'&gt;: unable to find file &quot;/home/pi/actions-runner/_work/thin-edge.io/thin-edge.io/tests/PySys/tedge_connect/tedge_connect_test_sm_services/Output/linux/tedge_connect.out&quot;
06:01:44 INFO  
</system-out>
	</testcase>
</testsuite>
