<?xml version="1.0" encoding="utf-8"?>
<testsuite failures="0" name="apt_update_list" skipped="1" tests="1" time="0.03" timestamp="2022-02-22T11:10:22">
	<testcase classname="AptPluginUpdateList" name="apt_update_list"/>
</testsuite>
