<?xml version="1.0" encoding="utf-8"?>
<testsuite failures="0" name="monitoring_with_collectd" skipped="0" tests="1" time="13.89" timestamp="2022-02-15T19:29:03">
	<testcase classname="MonitoringWithCollectd" name="monitoring_with_collectd"/>
</testsuite>
