<?xml version="1.0" encoding="utf-8"?>
<testsuite failures="0" name="mqtt_port_change_connection_works" skipped="1" tests="1" time="0.02" timestamp="2022-02-22T11:09:10">
	<testcase classname="MqttPortChangeConnectionWorks" name="mqtt_port_change_connection_works"/>
</testsuite>
