<?xml version="1.0" encoding="utf-8"?>
<testsuite failures="0" name="smoketest_json" skipped="0" tests="1" time="40.01" timestamp="2022-03-16T13:45:41">
	<testcase classname="SmokeTestJson" name="smoketest_json"/>
</testsuite>
