<?xml version="1.0" encoding="utf-8"?>
<testsuite failures="0" name="smoketest_smartrest" skipped="0" tests="1" time="41.88" timestamp="2022-02-22T11:15:46">
	<testcase classname="SmoketestSmartRest" name="smoketest_smartrest"/>
</testsuite>
