<?xml version="1.0" encoding="utf-8"?>
<testsuite failures="0" name="smoketest_json" skipped="0" tests="1" time="40.3" timestamp="2022-02-15T19:32:11">
	<testcase classname="SmokeTestJson" name="smoketest_json"/>
</testsuite>
