<?xml version="1.0" encoding="utf-8"?>
<testsuite failures="0" name="local_mqtt_pub_sub_retain" skipped="0" tests="1" time="4.77" timestamp="2022-03-16T05:47:43">
	<testcase classname="MqttPublishWithRetain" name="local_mqtt_pub_sub_retain"/>
</testsuite>
