<?xml version="1.0" encoding="utf-8"?>
<testsuite failures="0" name="mqtt_port_set" skipped="0" tests="1" time="15.44" timestamp="2022-02-09T06:57:25">
	<testcase classname="MqttPortSet" name="mqtt_port_set"/>
</testsuite>
