<?xml version="1.0" encoding="utf-8"?>
<testsuite failures="1" name="smoketest_json" skipped="0" tests="1" time="38.87" timestamp="2022-02-18T15:15:47">
	<testcase classname="SmokeTestJson" name="smoketest_json">
		<failure message="BLOCKED: python3&lt;stdout&gt; returned non-zero exit code 1" type="BLOCKED"/>
		<system-out>15:15:08 INFO  ==============================================================
15:15:08 INFO  Id:    smoketest_json
15:15:08 INFO  Dir:   smoketests/
15:15:08 INFO  Title: Smoke Test Json
15:15:08 DEBUG Execution order hint: 0.0
15:15:08 INFO  ==============================================================
15:15:08 DEBUG EnvironmentC8y Setup
15:15:08 INFO  EnvironmentC8y Setup
15:15:08 DEBUG Process parameters for systemctl&lt;serv_mapper1&gt;
  command line : /usr/bin/systemctl status tedge-mapper-c8y
    arg #1     : status
    arg #2     : tedge-mapper-c8y
  working dir  : /home/pi/actions-runner/_work/thin-edge.io/thin-edge.io/tests/PySys/smoketests/smoketest_json/Output/linux
  stdout       : /home/pi/actions-runner/_work/thin-edge.io/thin-edge.io/tests/PySys/smoketests/smoketest_json/Output/linux/serv_mapper1.out
  stderr       : /home/pi/actions-runner/_work/thin-edge.io/thin-edge.io/tests/PySys/smoketests/smoketest_json/Output/linux/serv_mapper1.err
  environment  : LD_LIBRARY_PATH=/usr/lib
  environment  : PATH=/bin:/usr/bin:/usr/sbin:/usr/local/bin
                   #1  /bin
                   #2  /usr/bin
                   #3  /usr/sbin
                   #4  /usr/local/bin
15:15:09 DEBUG Waiting up to 600 secs for process systemctl&lt;serv_mapper1&gt; (pid 24751)
15:15:09 INFO  Executed systemctl&lt;serv_mapper1&gt;, exit status 3
15:15:09 INFO  Restarting mosquitto too frequently in the last 10 seconds. It was only up for 3 seconds
15:15:09 INFO  Delaying execution by 8 seconds
15:15:17 DEBUG Process parameters for sudo&lt;tedge_connect_c8y&gt;
  command line : /usr/bin/sudo /usr/bin/tedge connect c8y
    arg #1     : /usr/bin/tedge
    arg #2     : connect
    arg #3     : c8y
  working dir  : /home/pi/actions-runner/_work/thin-edge.io/thin-edge.io/tests/PySys/smoketests/smoketest_json/Output/linux
  stdout       : /home/pi/actions-runner/_work/thin-edge.io/thin-edge.io/tests/PySys/smoketests/smoketest_json/Output/linux/tedge_connect_c8y.out
  stderr       : /home/pi/actions-runner/_work/thin-edge.io/thin-edge.io/tests/PySys/smoketests/smoketest_json/Output/linux/tedge_connect_c8y.err
  environment  : LD_LIBRARY_PATH=/usr/lib
  environment  : PATH=/bin:/usr/bin:/usr/sbin:/usr/local/bin
                   #1  /bin
                   #2  /usr/bin
                   #3  /usr/sbin
                   #4  /usr/local/bin
15:15:17 DEBUG Waiting up to 600 secs for process sudo&lt;tedge_connect_c8y&gt; (pid 24755)
15:15:27 INFO  Executed sudo&lt;tedge_connect_c8y&gt;, exit status 0
15:15:27 DEBUG Process parameters for sudo&lt;tedge_connect_c8y_test&gt;
  command line : /usr/bin/sudo /usr/bin/tedge connect c8y --test
    arg #1     : /usr/bin/tedge
    arg #2     : connect
    arg #3     : c8y
    arg #4     : --test
  working dir  : /home/pi/actions-runner/_work/thin-edge.io/thin-edge.io/tests/PySys/smoketests/smoketest_json/Output/linux
  stdout       : /home/pi/actions-runner/_work/thin-edge.io/thin-edge.io/tests/PySys/smoketests/smoketest_json/Output/linux/tedge_connect_c8y_test.out
  stderr       : /home/pi/actions-runner/_work/thin-edge.io/thin-edge.io/tests/PySys/smoketests/smoketest_json/Output/linux/tedge_connect_c8y_test.err
  environment  : LD_LIBRARY_PATH=/usr/lib
  environment  : PATH=/bin:/usr/bin:/usr/sbin:/usr/local/bin
                   #1  /bin
                   #2  /usr/bin
                   #3  /usr/sbin
                   #4  /usr/local/bin
15:15:27 DEBUG Waiting up to 600 secs for process sudo&lt;tedge_connect_c8y_test&gt; (pid 24847)
15:15:28 INFO  Executed sudo&lt;tedge_connect_c8y_test&gt;, exit status 0
15:15:28 DEBUG Process parameters for systemctl&lt;serv_mosq2&gt;
  command line : /usr/bin/systemctl status mosquitto
    arg #1     : status
    arg #2     : mosquitto
  working dir  : /home/pi/actions-runner/_work/thin-edge.io/thin-edge.io/tests/PySys/smoketests/smoketest_json/Output/linux
  stdout       : /home/pi/actions-runner/_work/thin-edge.io/thin-edge.io/tests/PySys/smoketests/smoketest_json/Output/linux/serv_mosq2.out
  stderr       : /home/pi/actions-runner/_work/thin-edge.io/thin-edge.io/tests/PySys/smoketests/smoketest_json/Output/linux/serv_mosq2.err
  environment  : LD_LIBRARY_PATH=/usr/lib
  environment  : PATH=/bin:/usr/bin:/usr/sbin:/usr/local/bin
                   #1  /bin
                   #2  /usr/bin
                   #3  /usr/sbin
                   #4  /usr/local/bin
15:15:28 DEBUG Waiting up to 600 secs for process systemctl&lt;serv_mosq2&gt; (pid 24850)
15:15:28 INFO  Executed systemctl&lt;serv_mosq2&gt;, exit status 0
15:15:28 DEBUG Process parameters for systemctl&lt;serv_mapper3&gt;
  command line : /usr/bin/systemctl status tedge-mapper-c8y
    arg #1     : status
    arg #2     : tedge-mapper-c8y
  working dir  : /home/pi/actions-runner/_work/thin-edge.io/thin-edge.io/tests/PySys/smoketests/smoketest_json/Output/linux
  stdout       : /home/pi/actions-runner/_work/thin-edge.io/thin-edge.io/tests/PySys/smoketests/smoketest_json/Output/linux/serv_mapper3.out
  stderr       : /home/pi/actions-runner/_work/thin-edge.io/thin-edge.io/tests/PySys/smoketests/smoketest_json/Output/linux/serv_mapper3.err
  environment  : LD_LIBRARY_PATH=/usr/lib
  environment  : PATH=/bin:/usr/bin:/usr/sbin:/usr/local/bin
                   #1  /bin
                   #2  /usr/bin
                   #3  /usr/sbin
                   #4  /usr/local/bin
15:15:28 DEBUG Waiting up to 600 secs for process systemctl&lt;serv_mapper3&gt; (pid 24851)
15:15:28 INFO  Executed systemctl&lt;serv_mapper3&gt;, exit status 0
15:15:28 DEBUG C8y Roundtrip Setup
15:15:28 DEBUG --- test execute
15:15:28 DEBUG EnvironmentC8y Execute
15:15:28 DEBUG C8y Roundtrip Execute
15:15:38 DEBUG Process parameters for python3&lt;stdout&gt;
  command line : /home/pi/env-pysys/bin/python3 /home/pi/actions-runner/_work/thin-edge.io/thin-edge.io/ci/roundtrip_local_to_c8y.py -m JSON -pub /home/pi/examples -u octocat -t t493319102 -id 14382422 -o 10 -d 100 -s 20
    arg #1     : /home/pi/actions-runner/_work/thin-edge.io/thin-edge.io/ci/roundtrip_local_to_c8y.py
    arg #2     : -m
    arg #3     : JSON
    arg #4     : -pub
    arg #5     : /home/pi/examples
    arg #6     : -u
    arg #7     : octocat
    arg #8     : -t
    arg #9     : t493319102
    arg #10    : -id
    arg #11    : 14382422
    arg #12    : -o
    arg #13    : 10
    arg #14    : -d
    arg #15    : 100
    arg #16    : -s
    arg #17    : 20
  working dir  : /home/pi/actions-runner/_work/thin-edge.io/thin-edge.io/tests/PySys/smoketests/smoketest_json/Output/linux
  stdout       : /home/pi/actions-runner/_work/thin-edge.io/thin-edge.io/tests/PySys/smoketests/smoketest_json/Output/linux/stdout.out
  stderr       : /home/pi/actions-runner/_work/thin-edge.io/thin-edge.io/tests/PySys/smoketests/smoketest_json/Output/linux/stdout.err
  environment  : C8YPASS=CsiqG9s25z//
15:15:38 DEBUG Waiting up to 600 secs for process python3&lt;stdout&gt; (pid 24852)
15:15:45 WARN  Executed python3&lt;stdout&gt;, exit status 1
15:15:45 DEBUG Opening file using encoding=UTF-8: /home/pi/actions-runner/_work/thin-edge.io/thin-edge.io/tests/PySys/smoketests/smoketest_json/Output/linux/stdout.err
15:15:45 DEBUG Opening file using encoding=UTF-8: /home/pi/actions-runner/_work/thin-edge.io/thin-edge.io/tests/PySys/smoketests/smoketest_json/Output/linux/stdout.out
15:15:45 INFO  Contents of stdout.out: 
15:15:45 INFO    Publishing sawtooth with delay 100ms height 20 iterations 1 template flux will cause 20 publishs.
15:15:45 INFO    Iteraton: 0
15:15:45 INFO    Execution took 2 s 2019 ms
15:15:45 INFO    Publish rate: 100.950 ms/pub
15:15:45 INFO    Publish per second: 9.906 pub/s
15:15:45 INFO    Act: Publishing values with temperature_publisher
15:15:45 INFO    Waiting 3s for values to arrive in C8y
15:15:45 INFO    Assert: Retrieving data via REST interface
15:15:45 INFO    Gathering values from 2022-02-18 15:15:34+00:00 to 2022-02-18 15:15:44+00:00
15:15:45 INFO    Found 0 recorded values:
15:15:45 INFO    Retrieved values:
15:15:45 INFO    Expected:  0.0  ...  19.0
15:15:45 INFO    Data verification FAILED
15:15:45 INFO    -----
15:15:45 INFO  
15:15:45 WARN  python3&lt;stdout&gt; returned non-zero exit code 1 ... blocked 
15:15:45 WARN  Aborted test due to BLOCKED outcome
15:15:45 DEBUG --- test cleanup
15:15:45 INFO  
15:15:45 INFO  cleanup:
15:15:45 DEBUG Running registered cleanup function: &lt;bound method Environment_roundtrip_c8y.myenvroundtripcleanup of &lt;SmokeTestJson object at 0x75c0bf10&gt;&gt;
15:15:45 DEBUG C8y Roundtrip MyCleanup
15:15:45 DEBUG Running registered cleanup function: &lt;bound method EnvironmentC8y.myenvcleanup of &lt;SmokeTestJson object at 0x75c0bf10&gt;&gt;
15:15:45 DEBUG EnvironmentC8y Cleanup
15:15:45 DEBUG Process parameters for sudo&lt;tedge_disconnect_c8y&gt;
  command line : /usr/bin/sudo /usr/bin/tedge disconnect c8y
    arg #1     : /usr/bin/tedge
    arg #2     : disconnect
    arg #3     : c8y
  working dir  : /home/pi/actions-runner/_work/thin-edge.io/thin-edge.io/tests/PySys/smoketests/smoketest_json/Output/linux
  stdout       : /home/pi/actions-runner/_work/thin-edge.io/thin-edge.io/tests/PySys/smoketests/smoketest_json/Output/linux/tedge_disconnect_c8y.out
  stderr       : /home/pi/actions-runner/_work/thin-edge.io/thin-edge.io/tests/PySys/smoketests/smoketest_json/Output/linux/tedge_disconnect_c8y.err
  environment  : LD_LIBRARY_PATH=/usr/lib
  environment  : PATH=/bin:/usr/bin:/usr/sbin:/usr/local/bin
                   #1  /bin
                   #2  /usr/bin
                   #3  /usr/sbin
                   #4  /usr/local/bin
15:15:45 DEBUG Waiting up to 600 secs for process sudo&lt;tedge_disconnect_c8y&gt; (pid 24861)
15:15:47 INFO  Executed sudo&lt;tedge_disconnect_c8y&gt;, exit status 0
15:15:47 DEBUG Process parameters for systemctl&lt;serv_mapper5&gt;
  command line : /usr/bin/systemctl status tedge-mapper-c8y
    arg #1     : status
    arg #2     : tedge-mapper-c8y
  working dir  : /home/pi/actions-runner/_work/thin-edge.io/thin-edge.io/tests/PySys/smoketests/smoketest_json/Output/linux
  stdout       : /home/pi/actions-runner/_work/thin-edge.io/thin-edge.io/tests/PySys/smoketests/smoketest_json/Output/linux/serv_mapper5.out
  stderr       : /home/pi/actions-runner/_work/thin-edge.io/thin-edge.io/tests/PySys/smoketests/smoketest_json/Output/linux/serv_mapper5.err
  environment  : LD_LIBRARY_PATH=/usr/lib
  environment  : PATH=/bin:/usr/bin:/usr/sbin:/usr/local/bin
                   #1  /bin
                   #2  /usr/bin
                   #3  /usr/sbin
                   #4  /usr/local/bin
15:15:47 DEBUG Waiting up to 600 secs for process systemctl&lt;serv_mapper5&gt; (pid 24897)
15:15:47 INFO  Executed systemctl&lt;serv_mapper5&gt;, exit status 3
15:15:47 DEBUG ProcessUser cleanup function done.
15:15:47 INFO  
15:15:47 INFO  Test duration: 38.87 secs
15:15:47 INFO  Test final outcome:  BLOCKED
15:15:47 INFO  Test outcome reason: python3&lt;stdout&gt; returned non-zero exit code 1
15:15:47 INFO  
</system-out>
	</testcase>
</testsuite>
