<?xml version="1.0" encoding="utf-8"?>
<testsuite failures="0" name="smoketest_smartrest" skipped="0" tests="1" time="34.71" timestamp="2022-02-04T16:37:18">
	<testcase classname="SmoketestSmartRest" name="smoketest_smartrest"/>
</testsuite>
