<?xml version="1.0" encoding="utf-8"?>
<testsuite failures="0" name="mqtt_port_unset" skipped="0" tests="1" time="1.11" timestamp="2022-02-14T13:32:59">
	<testcase classname="MqttPortUnSet" name="mqtt_port_unset"/>
</testsuite>
