<?xml version="1.0" encoding="utf-8"?>
<testsuite failures="1" name="call_tedge_config_help" skipped="0" tests="1" time="0.33" timestamp="2022-02-22T11:20:15">
	<testcase classname="PySysTest" name="call_tedge_config_help">
		<failure message="FAILED: Grep on tedge.out contains &quot;FLAGS:&quot;" type="FAILED"/>
		<system-out>11:20:15 INFO  ==============================================================
11:20:15 INFO  Id:    call_tedge_config_help
11:20:15 INFO  Dir:   tedge/
11:20:15 INFO  Title: Validate command line option help
11:20:15 DEBUG Execution order hint: 0.0
11:20:15 INFO  ==============================================================
11:20:15 DEBUG --- test execute
11:20:15 DEBUG Process parameters for tedge
  command line : /usr/bin/tedge config help
    arg #1     : config
    arg #2     : help
  working dir  : /home/pi/actions-runner/_work/thin-edge.io/thin-edge.io/tests/PySys/tedge/call_tedge_config_help/Output/linux
  stdout       : /home/pi/actions-runner/_work/thin-edge.io/thin-edge.io/tests/PySys/tedge/call_tedge_config_help/Output/linux/tedge.out
  stderr       : /home/pi/actions-runner/_work/thin-edge.io/thin-edge.io/tests/PySys/tedge/call_tedge_config_help/Output/linux/tedge.err
  environment  : LD_LIBRARY_PATH=/usr/lib
  environment  : PATH=/bin:/usr/bin:/usr/sbin:/usr/local/bin
                   #1  /bin
                   #2  /usr/bin
                   #3  /usr/sbin
                   #4  /usr/local/bin
11:20:15 DEBUG Waiting up to 600 secs for process tedge (pid 8430)
11:20:15 INFO  Executed tedge, exit status 0
11:20:15 DEBUG --- test validate
11:20:15 DEBUG Performing regex contains=True grep on file: /home/pi/actions-runner/_work/thin-edge.io/thin-edge.io/tests/PySys/tedge/call_tedge_config_help/Output/linux/tedge.out
11:20:15 DEBUG Grep on input file tedge.out successfully matched expression &quot;USAGE:&quot; with line: 'USAGE:\n'
11:20:15 INFO  Grep on input file tedge.out ... passed
11:20:15 DEBUG Performing regex contains=True grep on file: /home/pi/actions-runner/_work/thin-edge.io/thin-edge.io/tests/PySys/tedge/call_tedge_config_help/Output/linux/tedge.out
11:20:15 WARN  Grep on tedge.out contains &quot;FLAGS:&quot; ... failed [run.py:30]
11:20:15 DEBUG Performing regex contains=True grep on file: /home/pi/actions-runner/_work/thin-edge.io/thin-edge.io/tests/PySys/tedge/call_tedge_config_help/Output/linux/tedge.out
11:20:15 DEBUG Grep on input file tedge.out successfully matched expression &quot;SUBCOMMANDS:&quot; with line: 'SUBCOMMANDS:\n'
11:20:15 INFO  Grep on input file tedge.out ... passed
11:20:15 DEBUG --- test cleanup
11:20:15 DEBUG ProcessUser cleanup function done.
11:20:15 INFO  
11:20:15 INFO  Test duration: 0.33 secs
11:20:15 INFO  Test final outcome:  FAILED
11:20:15 INFO  Test outcome reason: Grep on tedge.out contains &quot;FLAGS:&quot;
11:20:15 INFO  
</system-out>
	</testcase>
</testsuite>
