<?xml version="1.0" encoding="utf-8"?>
<testsuite failures="0" name="c8y_restart_bridge" skipped="0" tests="1" time="15.72" timestamp="2022-02-22T11:20:51">
	<testcase classname="RestartBridge" name="c8y_restart_bridge"/>
</testsuite>
