<?xml version="1.0" encoding="utf-8"?>
<testsuite failures="0" name="tedge_mapper_az_negative" skipped="0" tests="1" time="1.49" timestamp="2022-03-02T12:52:33">
	<testcase classname="TedgeMapperAzError" name="tedge_mapper_az_negative"/>
</testsuite>
