<?xml version="1.0" encoding="utf-8"?>
<testsuite failures="0" name="agent_init_session" skipped="0" tests="1" time="4.35" timestamp="2022-03-16T06:00:39">
	<testcase classname="AgentInitSession" name="agent_init_session"/>
</testsuite>
