<?xml version="1.0" encoding="utf-8"?>
<testsuite failures="1" name="tedge_agent_user_sudo_access" skipped="0" tests="1" time="1.09" timestamp="2022-02-25T15:59:26">
	<testcase classname="TedgeAgentUserSudoAccess" name="tedge_agent_user_sudo_access">
		<failure message="BLOCKED: sudo&lt;apt&gt; returned exit code 2 (expected ==1)" type="BLOCKED"/>
		<system-out>15:59:25 INFO  ==============================================================
15:59:25 INFO  Id:    tedge_agent_user_sudo_access
15:59:25 INFO  Dir:   tedge/
15:59:25 INFO  Title: Validate tedge-agent user has a limited sudo right
15:59:25 DEBUG Execution order hint: 0.0
15:59:25 INFO  ==============================================================
15:59:25 INFO  Copy apt plugin 'deb'
15:59:25 DEBUG Process parameters for sudo&lt;copy_apt_plugin&gt;
  command line : /usr/bin/sudo cp /etc/tedge/sm-plugins/apt /etc/tedge/sm-plugins/deb
    arg #1     : cp
    arg #2     : /etc/tedge/sm-plugins/apt
    arg #3     : /etc/tedge/sm-plugins/deb
  working dir  : /home/pi/actions-runner/_work/thin-edge.io/thin-edge.io/tests/PySys/tedge/tedge_agent_user_sudo_access/Output/linux
  stdout       : /home/pi/actions-runner/_work/thin-edge.io/thin-edge.io/tests/PySys/tedge/tedge_agent_user_sudo_access/Output/linux/copy_apt_plugin.out
  stderr       : /home/pi/actions-runner/_work/thin-edge.io/thin-edge.io/tests/PySys/tedge/tedge_agent_user_sudo_access/Output/linux/copy_apt_plugin.err
  environment  : LD_LIBRARY_PATH=/usr/lib
  environment  : PATH=/bin:/usr/bin:/usr/sbin:/usr/local/bin
                   #1  /bin
                   #2  /usr/bin
                   #3  /usr/sbin
                   #4  /usr/local/bin
15:59:25 DEBUG Waiting up to 600 secs for process sudo&lt;copy_apt_plugin&gt; (pid 31973)
15:59:25 INFO  Executed sudo&lt;copy_apt_plugin&gt;, exit status 0
15:59:25 DEBUG --- test execute
15:59:25 DEBUG Process parameters for sudo&lt;apt&gt;
  command line : /usr/bin/sudo -u tedge-agent /usr/bin/sudo /etc/tedge/sm-plugins/apt
    arg #1     : -u
    arg #2     : tedge-agent
    arg #3     : /usr/bin/sudo
    arg #4     : /etc/tedge/sm-plugins/apt
  working dir  : /home/pi/actions-runner/_work/thin-edge.io/thin-edge.io/tests/PySys/tedge/tedge_agent_user_sudo_access/Output/linux
  stdout       : /home/pi/actions-runner/_work/thin-edge.io/thin-edge.io/tests/PySys/tedge/tedge_agent_user_sudo_access/Output/linux/apt.out
  stderr       : /home/pi/actions-runner/_work/thin-edge.io/thin-edge.io/tests/PySys/tedge/tedge_agent_user_sudo_access/Output/linux/apt.err
  environment  : LD_LIBRARY_PATH=/usr/lib
  environment  : PATH=/bin:/usr/bin:/usr/sbin:/usr/local/bin
                   #1  /bin
                   #2  /usr/bin
                   #3  /usr/sbin
                   #4  /usr/local/bin
15:59:25 DEBUG Waiting up to 600 secs for process sudo&lt;apt&gt; (pid 31976)
15:59:26 WARN  Executed sudo&lt;apt&gt;, exit status 2
15:59:26 DEBUG Opening file using encoding=UTF-8: /home/pi/actions-runner/_work/thin-edge.io/thin-edge.io/tests/PySys/tedge/tedge_agent_user_sudo_access/Output/linux/apt.err
15:59:26 INFO  Contents of apt.err: 
15:59:26 INFO    tedge_apt_plugin
15:59:26 INFO    USAGE:
15:59:26 INFO        apt &lt;SUBCOMMAND&gt;
15:59:26 INFO    OPTIONS:
15:59:26 INFO        -h, --help    Print help information
15:59:26 INFO    SUBCOMMANDS:
15:59:26 INFO        finalize       Finalize a sequences of install/remove commands
15:59:26 INFO        help           Print this message or the help of the given subcommand(s)
15:59:26 INFO        install        Install a module
15:59:26 INFO        list           List all the installed modules
15:59:26 INFO        prepare        Prepare a sequences of install/remove commands
15:59:26 INFO        remove         Uninstall a module
15:59:26 INFO        update-list    Install or remove multiple modules at once
15:59:26 INFO    -----
15:59:26 INFO  
15:59:26 WARN  sudo&lt;apt&gt; returned exit code 2 (expected ==1) ... blocked [run.py:35]
15:59:26 WARN  Aborted test due to BLOCKED outcome
15:59:26 DEBUG --- test cleanup
15:59:26 INFO  
15:59:26 INFO  cleanup:
15:59:26 DEBUG Running registered cleanup function: &lt;bound method TedgeAgentUserSudoAccess.mycleanup of &lt;TedgeAgentUserSudoAccess object at 0x75bce2d0&gt;&gt;
15:59:26 INFO  Remove the copied apt 'deb' plugin
15:59:26 DEBUG Process parameters for sudo&lt;remove_copied_apt_plugin&gt;
  command line : /usr/bin/sudo rm /etc/tedge/sm-plugins/deb
    arg #1     : rm
    arg #2     : /etc/tedge/sm-plugins/deb
  working dir  : /home/pi/actions-runner/_work/thin-edge.io/thin-edge.io/tests/PySys/tedge/tedge_agent_user_sudo_access/Output/linux
  stdout       : /home/pi/actions-runner/_work/thin-edge.io/thin-edge.io/tests/PySys/tedge/tedge_agent_user_sudo_access/Output/linux/remove_copied_apt_plugin.out
  stderr       : /home/pi/actions-runner/_work/thin-edge.io/thin-edge.io/tests/PySys/tedge/tedge_agent_user_sudo_access/Output/linux/remove_copied_apt_plugin.err
  environment  : LD_LIBRARY_PATH=/usr/lib
  environment  : PATH=/bin:/usr/bin:/usr/sbin:/usr/local/bin
                   #1  /bin
                   #2  /usr/bin
                   #3  /usr/sbin
                   #4  /usr/local/bin
15:59:26 DEBUG Waiting up to 600 secs for process sudo&lt;remove_copied_apt_plugin&gt; (pid 31979)
15:59:26 INFO  Executed sudo&lt;remove_copied_apt_plugin&gt;, exit status 0
15:59:26 DEBUG ProcessUser cleanup function done.
15:59:26 INFO  
15:59:26 INFO  Test duration: 1.09 secs
15:59:26 INFO  Test final outcome:  BLOCKED
15:59:26 INFO  Test outcome reason: sudo&lt;apt&gt; returned exit code 2 (expected ==1)
15:59:26 INFO  
</system-out>
	</testcase>
</testsuite>
