<?xml version="1.0" encoding="utf-8"?>
<testsuite failures="0" name="smoketest_json" skipped="0" tests="1" time="32.67" timestamp="2022-02-04T16:35:13">
	<testcase classname="SmokeTestJson" name="smoketest_json"/>
</testsuite>
