<?xml version="1.0" encoding="utf-8"?>
<testsuite failures="0" name="call_tedge_config_list" skipped="0" tests="1" time="15.04" timestamp="2022-02-04T16:42:54">
	<testcase classname="PySysTest" name="call_tedge_config_list"/>
</testsuite>
