<?xml version="1.0" encoding="utf-8"?>
<testsuite failures="0" name="apt_install" skipped="0" tests="1" time="58.76" timestamp="2022-02-09T07:15:36">
	<testcase classname="AptPluginInstallDense" name="apt_install"/>
</testsuite>
