<?xml version="1.0" encoding="utf-8"?>
<testsuite failures="0" name="apt_update_list" skipped="0" tests="1" time="115.44" timestamp="2022-03-04T13:10:55">
	<testcase classname="AptPluginUpdateList" name="apt_update_list"/>
</testsuite>
