<?xml version="1.0" encoding="utf-8"?>
<testsuite failures="0" name="apt_install_local_file" skipped="0" tests="1" time="43.24" timestamp="2022-02-15T19:47:15">
	<testcase classname="AptPluginInstallFromLocalFile" name="apt_install_local_file"/>
</testsuite>
