<?xml version="1.0" encoding="utf-8"?>
<testsuite failures="0" name="apt_finalize" skipped="0" tests="1" time="68.73" timestamp="2022-03-16T06:05:27">
	<testcase classname="AptPluginFinalize" name="apt_finalize"/>
</testsuite>
