<?xml version="1.0" encoding="utf-8"?>
<testsuite failures="0" name="apt_install" skipped="0" tests="1" time="45.88" timestamp="2022-02-18T15:28:30">
	<testcase classname="AptPluginInstallDense" name="apt_install"/>
</testsuite>
