<?xml version="1.0" encoding="utf-8"?>
<testsuite failures="0" name="apt_remove" skipped="0" tests="1" time="46.58" timestamp="2022-02-14T13:55:17">
	<testcase classname="AptPluginRemoveDense" name="apt_remove"/>
</testsuite>
