<?xml version="1.0" encoding="utf-8"?>
<testsuite failures="0" name="apt_finalize" skipped="0" tests="1" time="74.6" timestamp="2022-02-04T16:46:57">
	<testcase classname="AptPluginFinalize" name="apt_finalize"/>
</testsuite>
