<?xml version="1.0" encoding="utf-8"?>
<testsuite failures="1" name="apt_fail_noarg" skipped="0" tests="1" time="1.07" timestamp="2022-02-25T16:02:55">
	<testcase classname="AptPluginFailNoArg" name="apt_fail_noarg">
		<failure message="BLOCKED: sudo&lt;outp_install&gt; returned exit code 2 (expected ==1)" type="BLOCKED"/>
		<system-out>16:02:54 INFO  ==============================================================
16:02:54 INFO  Id:    apt_fail_noarg
16:02:54 INFO  Dir:   plugin_apt/
16:02:54 INFO  Title: Validate apt plugin fetures(prepare, list, install, remove finalize) without arguments
16:02:54 DEBUG Execution order hint: 0.0
16:02:54 INFO  ==============================================================
16:02:55 DEBUG --- test execute
16:02:55 DEBUG Process parameters for sudo&lt;outp_install&gt;
  command line : /usr/bin/sudo /etc/tedge/sm-plugins/apt install
    arg #1     : /etc/tedge/sm-plugins/apt
    arg #2     : install
  working dir  : /home/pi/actions-runner/_work/thin-edge.io/thin-edge.io/tests/PySys/plugin_apt/apt_fail_noarg/Output/linux
  stdout       : /home/pi/actions-runner/_work/thin-edge.io/thin-edge.io/tests/PySys/plugin_apt/apt_fail_noarg/Output/linux/outp_install.out
  stderr       : /home/pi/actions-runner/_work/thin-edge.io/thin-edge.io/tests/PySys/plugin_apt/apt_fail_noarg/Output/linux/outp_install.err
  environment  : LD_LIBRARY_PATH=/usr/lib
  environment  : PATH=/bin:/usr/bin:/usr/sbin:/usr/local/bin
                   #1  /bin
                   #2  /usr/bin
                   #3  /usr/sbin
                   #4  /usr/local/bin
16:02:55 DEBUG Waiting up to 600 secs for process sudo&lt;outp_install&gt; (pid 990)
16:02:55 WARN  Executed sudo&lt;outp_install&gt;, exit status 2
16:02:55 DEBUG Opening file using encoding=UTF-8: /home/pi/actions-runner/_work/thin-edge.io/thin-edge.io/tests/PySys/plugin_apt/apt_fail_noarg/Output/linux/outp_install.err
16:02:55 INFO  Contents of outp_install.err: 
16:02:55 INFO    error: The following required arguments were not provided:
16:02:55 INFO        &lt;MODULE&gt;
16:02:55 INFO    USAGE:
16:02:55 INFO        apt install [OPTIONS] &lt;MODULE&gt;
16:02:55 INFO    For more information try --help
16:02:55 INFO    -----
16:02:55 INFO  
16:02:55 WARN  sudo&lt;outp_install&gt; returned exit code 2 (expected ==1) ... blocked [environment_apt_plugin.py:70,run.py:20]
16:02:55 WARN  Aborted test due to BLOCKED outcome
16:02:55 DEBUG --- test cleanup
16:02:55 DEBUG ProcessUser cleanup function done.
16:02:55 INFO  
16:02:55 INFO  Test duration: 1.07 secs
16:02:55 INFO  Test final outcome:  BLOCKED
16:02:55 INFO  Test outcome reason: sudo&lt;outp_install&gt; returned exit code 2 (expected ==1)
16:02:55 INFO  
</system-out>
	</testcase>
</testsuite>
