<?xml version="1.0" encoding="utf-8"?>
<testsuite failures="0" name="apt_prepare" skipped="0" tests="1" time="13.83" timestamp="2022-03-16T06:08:34">
	<testcase classname="AptPluginPrepare" name="apt_prepare"/>
</testsuite>
