<?xml version="1.0" encoding="utf-8"?>
<testsuite failures="0" name="apt_finalize" skipped="0" tests="1" time="78.05" timestamp="2022-02-18T15:27:44">
	<testcase classname="AptPluginFinalize" name="apt_finalize"/>
</testsuite>
