<?xml version="1.0" encoding="utf-8"?>
<testsuite failures="0" name="apt_finalize" skipped="0" tests="1" time="76.38" timestamp="2022-02-25T16:04:12">
	<testcase classname="AptPluginFinalize" name="apt_finalize"/>
</testsuite>
