<?xml version="1.0" encoding="utf-8"?>
<testsuite failures="0" name="apt_finalize" skipped="0" tests="1" time="68.89" timestamp="2022-02-09T07:14:37">
	<testcase classname="AptPluginFinalize" name="apt_finalize"/>
</testsuite>
