<?xml version="1.0" encoding="utf-8"?>
<testsuite failures="0" name="apt_remove" skipped="0" tests="1" time="51.46" timestamp="2022-02-04T16:52:10">
	<testcase classname="AptPluginRemoveDense" name="apt_remove"/>
</testsuite>
