<?xml version="1.0" encoding="utf-8"?>
<testsuite failures="0" name="apt_prepare" skipped="0" tests="1" time="12.67" timestamp="2022-02-15T19:48:42">
	<testcase classname="AptPluginPrepare" name="apt_prepare"/>
</testsuite>
