<?xml version="1.0" encoding="utf-8"?>
<testsuite failures="0" name="apt_remove" skipped="0" tests="1" time="46.06" timestamp="2022-03-02T13:00:33">
	<testcase classname="AptPluginRemoveDense" name="apt_remove"/>
</testsuite>
