<?xml version="1.0" encoding="utf-8"?>
<testsuite failures="0" name="apt_install" skipped="0" tests="1" time="49.27" timestamp="2022-02-22T11:26:06">
	<testcase classname="AptPluginInstallDense" name="apt_install"/>
</testsuite>
