<?xml version="1.0" encoding="utf-8"?>
<testsuite failures="0" name="apt_install" skipped="0" tests="1" time="58.61" timestamp="2022-02-14T13:51:07">
	<testcase classname="AptPluginInstallDense" name="apt_install"/>
</testsuite>
