<?xml version="1.0" encoding="utf-8"?>
<testsuite failures="0" name="apt_install" skipped="0" tests="1" time="51.22" timestamp="2022-03-16T06:06:19">
	<testcase classname="AptPluginInstallDense" name="apt_install"/>
</testsuite>
