<?xml version="1.0" encoding="utf-8"?>
<testsuite failures="0" name="apt_install" skipped="0" tests="1" time="43.75" timestamp="2022-03-04T13:00:09">
	<testcase classname="AptPluginInstallDense" name="apt_install"/>
</testsuite>
