<?xml version="1.0" encoding="utf-8"?>
<testsuite failures="0" name="apt_wrong_option" skipped="0" tests="1" time="0.33" timestamp="2022-02-18T15:39:11">
	<testcase classname="AptPluginWrongOption" name="apt_wrong_option"/>
</testsuite>
