<?xml version="1.0" encoding="utf-8"?>
<testsuite failures="0" name="apt_fail_noarg" skipped="0" tests="1" time="3.96" timestamp="2022-02-18T15:26:26">
	<testcase classname="AptPluginFailNoArg" name="apt_fail_noarg"/>
</testsuite>
