<?xml version="1.0" encoding="utf-8"?>
<testsuite failures="1" name="apt_wrong_option" skipped="0" tests="1" time="0.36" timestamp="2022-02-25T16:15:06">
	<testcase classname="AptPluginWrongOption" name="apt_wrong_option">
		<failure message="BLOCKED: sudo&lt;outp&gt; returned exit code 2 (expected ==1)" type="BLOCKED"/>
		<system-out>16:15:06 INFO  ==============================================================
16:15:06 INFO  Id:    apt_wrong_option
16:15:06 INFO  Dir:   plugin_apt/
16:15:06 INFO  Title: Validate apt plugin install
16:15:06 DEBUG Execution order hint: 0.0
16:15:06 INFO  ==============================================================
16:15:06 DEBUG --- test execute
16:15:06 DEBUG Process parameters for sudo&lt;outp&gt;
  command line : /usr/bin/sudo /etc/tedge/sm-plugins/apt nonsense
    arg #1     : /etc/tedge/sm-plugins/apt
    arg #2     : nonsense
  working dir  : /home/pi/actions-runner/_work/thin-edge.io/thin-edge.io/tests/PySys/plugin_apt/apt_wrong_option/Output/linux
  stdout       : /home/pi/actions-runner/_work/thin-edge.io/thin-edge.io/tests/PySys/plugin_apt/apt_wrong_option/Output/linux/outp.out
  stderr       : /home/pi/actions-runner/_work/thin-edge.io/thin-edge.io/tests/PySys/plugin_apt/apt_wrong_option/Output/linux/outp.err
  environment  : LD_LIBRARY_PATH=/usr/lib
  environment  : PATH=/bin:/usr/bin:/usr/sbin:/usr/local/bin
                   #1  /bin
                   #2  /usr/bin
                   #3  /usr/sbin
                   #4  /usr/local/bin
16:15:06 DEBUG Waiting up to 600 secs for process sudo&lt;outp&gt; (pid 3934)
16:15:06 WARN  Executed sudo&lt;outp&gt;, exit status 2
16:15:06 DEBUG Opening file using encoding=UTF-8: /home/pi/actions-runner/_work/thin-edge.io/thin-edge.io/tests/PySys/plugin_apt/apt_wrong_option/Output/linux/outp.err
16:15:06 INFO  Contents of outp.err: 
16:15:06 INFO    error: Found argument 'nonsense' which wasn't expected, or isn't valid in this context
16:15:06 INFO    USAGE:
16:15:06 INFO        apt &lt;SUBCOMMAND&gt;
16:15:06 INFO    For more information try --help
16:15:06 INFO    -----
16:15:06 INFO  
16:15:06 WARN  sudo&lt;outp&gt; returned exit code 2 (expected ==1) ... blocked [environment_apt_plugin.py:70,run.py:17]
16:15:06 WARN  Aborted test due to BLOCKED outcome
16:15:06 DEBUG --- test cleanup
16:15:06 DEBUG ProcessUser cleanup function done.
16:15:06 INFO  
16:15:06 INFO  Test duration: 0.36 secs
16:15:06 INFO  Test final outcome:  BLOCKED
16:15:06 INFO  Test outcome reason: sudo&lt;outp&gt; returned exit code 2 (expected ==1)
16:15:06 INFO  
</system-out>
	</testcase>
</testsuite>
