<?xml version="1.0" encoding="utf-8"?>
<testsuite failures="0" name="apt_fail_noarg" skipped="0" tests="1" time="3.8" timestamp="2022-02-15T19:44:20">
	<testcase classname="AptPluginFailNoArg" name="apt_fail_noarg"/>
</testsuite>
