<?xml version="1.0" encoding="utf-8"?>
<testsuite failures="0" name="apt_prepare" skipped="0" tests="1" time="16.43" timestamp="2022-02-18T15:30:52">
	<testcase classname="AptPluginPrepare" name="apt_prepare"/>
</testsuite>
