<?xml version="1.0" encoding="utf-8"?>
<testsuite failures="0" name="apt_install" skipped="0" tests="1" time="50.0" timestamp="2022-02-25T16:05:02">
	<testcase classname="AptPluginInstallDense" name="apt_install"/>
</testsuite>
