<?xml version="1.0" encoding="utf-8"?>
<testsuite failures="0" name="apt_finalize" skipped="0" tests="1" time="77.21" timestamp="2022-02-22T11:25:17">
	<testcase classname="AptPluginFinalize" name="apt_finalize"/>
</testsuite>
