<?xml version="1.0" encoding="utf-8"?>
<testsuite failures="0" name="apt_prepare" skipped="0" tests="1" time="12.56" timestamp="2022-02-04T16:50:12">
	<testcase classname="AptPluginPrepare" name="apt_prepare"/>
</testsuite>
