<?xml version="1.0" encoding="utf-8"?>
<testsuite failures="0" name="apt_sequence_install_with_version" skipped="0" tests="1" time="64.81" timestamp="2022-02-09T07:21:00">
	<testcase classname="AptPluginPrepInstallWithVersionFinalize" name="apt_sequence_install_with_version"/>
</testsuite>
