<?xml version="1.0" encoding="utf-8"?>
<testsuite failures="0" name="apt_update_list" skipped="0" tests="1" time="109.21" timestamp="2022-02-14T14:01:07">
	<testcase classname="AptPluginUpdateList" name="apt_update_list"/>
</testsuite>
