<?xml version="1.0" encoding="utf-8"?>
<testsuite failures="0" name="apt_install" skipped="0" tests="1" time="54.04" timestamp="2022-02-15T19:46:24">
	<testcase classname="AptPluginInstallDense" name="apt_install"/>
</testsuite>
