<?xml version="1.0" encoding="utf-8"?>
<testsuite failures="0" name="apt_fail_noarg" skipped="0" tests="1" time="3.79" timestamp="2022-02-14T13:48:59">
	<testcase classname="AptPluginFailNoArg" name="apt_fail_noarg"/>
</testsuite>
