<?xml version="1.0" encoding="utf-8"?>
<testsuite failures="0" name="apt_finalize" skipped="0" tests="1" time="69.03" timestamp="2022-02-14T13:50:08">
	<testcase classname="AptPluginFinalize" name="apt_finalize"/>
</testsuite>
