<?xml version="1.0" encoding="utf-8"?>
<testsuite failures="0" name="apt_install_fail" skipped="0" tests="1" time="7.69" timestamp="2022-02-14T13:51:15">
	<testcase classname="AptPluginInstallFail" name="apt_install_fail"/>
</testsuite>
