<?xml version="1.0" encoding="utf-8"?>
<testsuite failures="0" name="apt_finalize" skipped="0" tests="1" time="69.87" timestamp="2022-02-15T19:45:30">
	<testcase classname="AptPluginFinalize" name="apt_finalize"/>
</testsuite>
