<?xml version="1.0" encoding="utf-8"?>
<testsuite failures="0" name="SoftwareManagement.Plugin.apama_plugin_update" skipped="1" tests="1" time="0.02" timestamp="2022-05-11T12:26:06">
	<testcase classname="ApamaPluginUpdateTest" name="SoftwareManagement.Plugin.apama_plugin_update">
		<skipped message="SKIPPED: Test execution disabled due to #1052"/>
		<system-out>12:26:06 INFO  ==============================================================
12:26:06 INFO  Id:    SoftwareManagement.Plugin.apama_plugin_update
12:26:06 INFO  Dir:   plugin_apama/
12:26:06 INFO  Title: Validate apama plugin updating one project with another
12:26:06 INFO  ==============================================================
12:26:06 INFO  Test execution disabled due to #1052 ... skipped
12:26:06 INFO  
12:26:06 INFO  Test duration: 0.02 secs
12:26:06 INFO  Test final outcome:  SKIPPED
12:26:06 INFO  Test outcome reason: Test execution disabled due to #1052
12:26:06 INFO  
</system-out>
	</testcase>
</testsuite>
