<?xml version="1.0" encoding="utf-8"?>
<testsuite failures="1" name="SoftwareManagement.Plugin.apama_plugin_update" skipped="0" tests="1" time="22.61" timestamp="2022-05-02T16:00:34">
	<testcase classname="ApamaPluginUpdateTest" name="SoftwareManagement.Plugin.apama_plugin_update">
		<failure message="BLOCKED: sudo&lt;plugin_install&gt; returned non-zero exit code 2" type="BLOCKED"/>
		<system-out>16:00:11 INFO  ==============================================================
16:00:11 INFO  Id:    SoftwareManagement.Plugin.apama_plugin_update
16:00:11 INFO  Dir:   plugin_apama/
16:00:11 INFO  Title: Validate apama plugin updating one project with another
16:00:11 INFO  ==============================================================
16:00:11 INFO  Assertion that path exists=False for &quot;/etc/tedge/apama/project&quot; ... passed
16:00:12 INFO  Executed sudo&lt;create_project_dir&gt;, exit status 0
16:00:13 INFO  Executed sudo&lt;unzip_apama_project&gt;, exit status 0
16:00:13 INFO  Executed sudo&lt;move_apama_project&gt;, exit status 0
16:00:14 INFO  Executed sudo&lt;restart_apama_service&gt;, exit status 0
16:00:15 INFO  Executed sudo&lt;apama_correlator_wait&gt;, exit status 0
16:00:15 INFO  Assertion that path exists=True for &quot;/etc/tedge/apama/project&quot; ... passed
16:00:15 INFO  Executed sudo&lt;apama_list_monitors&gt;, exit status 0
16:00:15 INFO  Grep on file /home/pi/actions-runner/_work/thin-edge.io/thin-edge.io/tests/PySys/plugin_apama/apama_plugin_update/Output/linux/apama_list_monitors.out ... passed
16:00:16 WARN  Executed sudo&lt;plugin_install&gt;, exit status 2
16:00:16 INFO  Contents of plugin_install.err: 
  ERROR: Directory not empty (os error 39)
  -----

16:00:16 WARN  sudo&lt;plugin_install&gt; returned non-zero exit code 2 ... blocked [run.py:35]
16:00:16 WARN  Aborted test due to BLOCKED outcome
16:00:16 INFO  
16:00:16 INFO  cleanup:
16:00:16 INFO  Removing apama project
16:00:33 INFO  Executed sudo&lt;stop_apama_service&gt;, exit status 0, duration 16 secs
16:00:33 INFO  Executed sudo&lt;remove_apama_project&gt;, exit status 0
16:00:34 INFO  Executed sudo&lt;remove_apama_tmp_dir&gt;, exit status 0
16:00:34 INFO  
16:00:34 INFO  Test duration: 22.61 secs
16:00:34 INFO  Test final outcome:  BLOCKED
16:00:34 INFO  Test outcome reason: sudo&lt;plugin_install&gt; returned non-zero exit code 2
16:00:34 INFO  
</system-out>
	</testcase>
</testsuite>
