<?xml version="1.0" encoding="utf-8"?>
<testsuite failures="1" name="SoftwareManagement.Plugin.apama_plugin_update" skipped="0" tests="1" time="22.1" timestamp="2022-04-28T16:20:23">
	<testcase classname="ApamaPluginUpdateTest" name="SoftwareManagement.Plugin.apama_plugin_update">
		<failure message="BLOCKED: sudo&lt;plugin_install&gt; returned non-zero exit code 2" type="BLOCKED"/>
		<system-out>16:20:01 INFO  ==============================================================
16:20:01 INFO  Id:    SoftwareManagement.Plugin.apama_plugin_update
16:20:01 INFO  Dir:   plugin_apama/
16:20:01 INFO  Title: Validate apama plugin updating one project with another
16:20:01 INFO  ==============================================================
16:20:01 INFO  Assertion that path exists=False for &quot;/etc/tedge/apama/project&quot; ... passed
16:20:01 INFO  Executed sudo&lt;create_project_dir&gt;, exit status 0
16:20:02 INFO  Executed sudo&lt;unzip_apama_project&gt;, exit status 0
16:20:02 INFO  Executed sudo&lt;move_apama_project&gt;, exit status 0
16:20:03 INFO  Executed sudo&lt;restart_apama_service&gt;, exit status 0
16:20:04 INFO  Executed sudo&lt;apama_correlator_wait&gt;, exit status 0
16:20:04 INFO  Assertion that path exists=True for &quot;/etc/tedge/apama/project&quot; ... passed
16:20:05 INFO  Executed sudo&lt;apama_list_monitors&gt;, exit status 0
16:20:05 INFO  Grep on file /home/pi/actions-runner/_work/thin-edge.io/thin-edge.io/tests/PySys/plugin_apama/apama_plugin_update/Output/linux/apama_list_monitors.out ... passed
16:20:06 WARN  Executed sudo&lt;plugin_install&gt;, exit status 2
16:20:06 INFO  Contents of plugin_install.err: 
  ERROR: Directory not empty (os error 39)
  -----

16:20:06 WARN  sudo&lt;plugin_install&gt; returned non-zero exit code 2 ... blocked [run.py:35]
16:20:06 WARN  Aborted test due to BLOCKED outcome
16:20:06 INFO  
16:20:06 INFO  cleanup:
16:20:06 INFO  Removing apama project
16:20:22 INFO  Executed sudo&lt;stop_apama_service&gt;, exit status 0, duration 15 secs
16:20:22 INFO  Executed sudo&lt;remove_apama_project&gt;, exit status 0
16:20:23 INFO  Executed sudo&lt;remove_apama_tmp_dir&gt;, exit status 0
16:20:23 INFO  
16:20:23 INFO  Test duration: 22.10 secs
16:20:23 INFO  Test final outcome:  BLOCKED
16:20:23 INFO  Test outcome reason: sudo&lt;plugin_install&gt; returned non-zero exit code 2
16:20:23 INFO  
</system-out>
	</testcase>
</testsuite>
