<?xml version="1.0" encoding="utf-8"?>
<testsuite failures="1" name="SoftwareManagement.Plugin.apama_plugin_install" skipped="0" tests="1" time="0.63" timestamp="2022-03-28T18:11:07">
	<testcase classname="ApamaPluginInstallTest" name="SoftwareManagement.Plugin.apama_plugin_install">
		<failure message="BLOCKED: sudo&lt;plugin_install&gt; returned non-zero exit code 2" type="BLOCKED"/>
		<system-out>20:11:06 INFO  ==============================================================
20:11:06 INFO  Id:    SoftwareManagement.Plugin.apama_plugin_install
20:11:06 INFO  Dir:   plugin_apama/
20:11:06 INFO  Title: Validate apama plugin install
20:11:06 DEBUG Execution order hint: 0.0
20:11:06 INFO  ==============================================================
20:11:06 INFO  Assertion that path exists=False for &quot;/etc/tedge/apama/project&quot; ... passed
20:11:06 DEBUG --- test execute
20:11:06 DEBUG Process parameters for sudo&lt;plugin_install&gt;
  command line : /usr/bin/sudo /etc/tedge/sm-plugins/apama install QuickStart::project --file /home/pi/actions-runner/_work/thin-edge.io/thin-edge.io/tests/PySys/plugin_apama/Input/quickstart.zip
    arg #1     : /etc/tedge/sm-plugins/apama
    arg #2     : install
    arg #3     : QuickStart::project
    arg #4     : --file
    arg #5     : /home/pi/actions-runner/_work/thin-edge.io/thin-edge.io/tests/PySys/plugin_apama/Input/quickstart.zip
  working dir  : /home/pi/actions-runner/_work/thin-edge.io/thin-edge.io/tests/PySys/plugin_apama/apama_plugin_install/Output/linux
  stdout       : /home/pi/actions-runner/_work/thin-edge.io/thin-edge.io/tests/PySys/plugin_apama/apama_plugin_install/Output/linux/plugin_install.out
  stderr       : /home/pi/actions-runner/_work/thin-edge.io/thin-edge.io/tests/PySys/plugin_apama/apama_plugin_install/Output/linux/plugin_install.err
  environment  : LD_LIBRARY_PATH=/usr/lib
  environment  : PATH=/bin:/usr/bin:/usr/sbin:/usr/local/bin
                   #1  /bin
                   #2  /usr/bin
                   #3  /usr/sbin
                   #4  /usr/local/bin
20:11:06 DEBUG Waiting up to 600 secs for process sudo&lt;plugin_install&gt; (pid 31309)
20:11:06 WARN  Executed sudo&lt;plugin_install&gt;, exit status 2
20:11:06 DEBUG Opening file using encoding=UTF-8: /home/pi/actions-runner/_work/thin-edge.io/thin-edge.io/tests/PySys/plugin_apama/apama_plugin_install/Output/linux/plugin_install.err
20:11:06 INFO  Contents of plugin_install.err: 
  ERROR: Apama not installed at /opt/softwareag/Apama
  -----

20:11:06 WARN  sudo&lt;plugin_install&gt; returned non-zero exit code 2 ... blocked [run.py:25]
20:11:06 WARN  Aborted test due to BLOCKED outcome
20:11:06 DEBUG --- test cleanup
20:11:06 INFO  
20:11:06 INFO  cleanup:
20:11:06 DEBUG Running registered cleanup function: &lt;bound method ApamaPlugin.cleanup_project of &lt;ApamaPluginInstallTest object at 0x7572cfb0&gt;&gt;
20:11:06 DEBUG Process parameters for sudo&lt;remove_apama_tmp_dir&gt;
  command line : /usr/bin/sudo rm -rf /tmp/tedge_apama_project
    arg #1     : rm
    arg #2     : -rf
    arg #3     : /tmp/tedge_apama_project
  working dir  : /home/pi/actions-runner/_work/thin-edge.io/thin-edge.io/tests/PySys/plugin_apama/apama_plugin_install/Output/linux
  stdout       : /home/pi/actions-runner/_work/thin-edge.io/thin-edge.io/tests/PySys/plugin_apama/apama_plugin_install/Output/linux/remove_apama_tmp_dir.out
  stderr       : /home/pi/actions-runner/_work/thin-edge.io/thin-edge.io/tests/PySys/plugin_apama/apama_plugin_install/Output/linux/remove_apama_tmp_dir.err
  environment  : LD_LIBRARY_PATH=/usr/lib
  environment  : PATH=/bin:/usr/bin:/usr/sbin:/usr/local/bin
                   #1  /bin
                   #2  /usr/bin
                   #3  /usr/sbin
                   #4  /usr/local/bin
20:11:06 DEBUG Waiting up to 600 secs for process sudo&lt;remove_apama_tmp_dir&gt; (pid 31311)
20:11:07 INFO  Executed sudo&lt;remove_apama_tmp_dir&gt;, exit status 0
20:11:07 DEBUG ProcessUser cleanup function done.
20:11:07 INFO  
20:11:07 INFO  Test duration: 0.63 secs
20:11:07 INFO  Test final outcome:  BLOCKED
20:11:07 INFO  Test outcome reason: sudo&lt;plugin_install&gt; returned non-zero exit code 2
20:11:07 INFO  
</system-out>
	</testcase>
</testsuite>
