<?xml version="1.0" encoding="utf-8"?>
<testsuite failures="1" name="SoftwareManagement.sm_mixed_install_remove_multiple" skipped="0" tests="1" time="171.67" timestamp="2022-04-14T11:34:32">
	<testcase classname="PySysTest" name="SoftwareManagement.sm_mixed_install_remove_multiple">
		<failure message="FAILED: Assert that (False == value) with value=True" type="FAILED"/>
		<system-out>11:31:40 INFO  ==============================================================
11:31:40 INFO  Id:    SoftwareManagement.sm_mixed_install_remove_multiple
11:31:40 INFO  Dir:   software_management_end_to_end/
11:31:40 INFO  Title: Validate end to end behaviour for the dummy-plugin for multiple packages with mixed versions
11:31:40 INFO  ==============================================================
11:31:40 INFO  Using sw id database: {'asciijump': '5475369', 'robotfindskitten': '5474869', 'squirrel3': '5475279', 'rolldice': '5152439', 'moon-buggy': '5439204', 'apple': '5495053', 'banana': '5494888', 'cherry': '5495382', 'watermelon': '5494510', 'registry': '8018911', 'hello-world': '8021526', 'docker/getting-started': '8021973', 'alpine': '7991792'}
11:31:40 INFO  EnvironmentC8y Setup
11:31:41 INFO  Executed systemctl&lt;serv_mapper1&gt;, exit status 3
11:31:41 INFO  Restarting mosquitto too frequently in the last 10 seconds. It was only up for 4 seconds
11:31:41 INFO  Delaying execution by 7 seconds
11:32:02 INFO  Executed sudo&lt;tedge_connect_c8y&gt;, exit status 0, duration 14 secs
11:32:03 INFO  Executed sudo&lt;tedge_connect_c8y_test&gt;, exit status 0
11:32:04 INFO  Executed systemctl&lt;serv_mosq2&gt;, exit status 0
11:32:04 INFO  Executed systemctl&lt;serv_mapper3&gt;, exit status 0
11:32:06 INFO  State of current operation: SUCCESSFUL
11:32:07 INFO  Package apple is installed
11:32:07 INFO  Assert that (True == value) with value=True ... passed
11:32:07 INFO  Package banana is installed
11:32:07 INFO  Assert that (True == value) with value=True ... passed
11:32:07 INFO  Package cherry is installed
11:32:07 INFO  Assert that (True == value) with value=True ... passed
11:32:07 INFO  Package asciijump is installed
11:32:07 WARN  Assert that (False == value) with value=True ... failed 
11:32:07 INFO  Assert that (False == value) with value=False ... passed
11:32:08 INFO  Response status: 201
11:32:08 INFO  Response to action: {
    &quot;creationTime&quot;: &quot;2022-04-14T11:32:08.156Z&quot;,
    &quot;deviceName&quot;: &quot;mythicd&quot;,
    &quot;deviceId&quot;: &quot;17331100&quot;,
    &quot;self&quot;: &quot;https://t493319102.eu-latest.cumulocity.com/devicecontrol/operations/17330429&quot;,
    &quot;id&quot;: &quot;17330429&quot;,
    &quot;status&quot;: &quot;PENDING&quot;,
    &quot;description&quot;: &quot;Apply software changes, triggered from PySys: [{'action': 'install', 'id': '5495053', 'name': 'apple', 'url': ' ', 'version': '::fruits'}, {'action': 'install', 'id': '5494888', 'name': 'banana', 'url': ' ', 'version': '::fruits'}, {'action': 'install', 'id': '5475369', 'name': 'asciijump', 'url': ' ', 'version': '::apt'}, {'action': 'install', 'id': '5495382', 'name': 'cherry', 'url': ' ', 'version': '::fruits'}, {'action': 'install', 'id': '8018911', 'name': 'registry', 'url': ' ', 'version': '::docker'}]&quot;,
    &quot;c8y_SoftwareUpdate&quot;: [
        {
            &quot;name&quot;: &quot;apple&quot;,
            &quot;action&quot;: &quot;install&quot;,
            &quot;id&quot;: &quot;5495053&quot;,
            &quot;version&quot;: &quot;::fruits&quot;,
            &quot;url&quot;: &quot; &quot;
        },
        {
            &quot;name&quot;: &quot;banana&quot;,
            &quot;action&quot;: &quot;install&quot;,
            &quot;id&quot;: &quot;5494888&quot;,
            &quot;version&quot;: &quot;::fruits&quot;,
            &quot;url&quot;: &quot; &quot;
        },
        {
            &quot;name&quot;: &quot;asciijump&quot;,
            &quot;action&quot;: &quot;install&quot;,
            &quot;id&quot;: &quot;5475369&quot;,
            &quot;version&quot;: &quot;::apt&quot;,
            &quot;url&quot;: &quot; &quot;
        },
        {
            &quot;name&quot;: &quot;cherry&quot;,
            &quot;action&quot;: &quot;install&quot;,
            &quot;id&quot;: &quot;5495382&quot;,
            &quot;version&quot;: &quot;::fruits&quot;,
            &quot;url&quot;: &quot; &quot;
        },
        {
            &quot;name&quot;: &quot;registry&quot;,
            &quot;action&quot;: &quot;install&quot;,
            &quot;id&quot;: &quot;8018911&quot;,
            &quot;version&quot;: &quot;::docker&quot;,
            &quot;url&quot;: &quot; &quot;
        }
    ]
}
11:32:08 INFO  Started operation: {'creationTime': '2022-04-14T11:32:08.156Z', 'deviceName': 'mythicd', 'deviceId': '17331100', 'self': 'https://t493319102.eu-latest.cumulocity.com/devicecontrol/operations/17330429', 'id': '17330429', 'status': 'PENDING', 'description': &quot;Apply software changes, triggered from PySys: [{'action': 'install', 'id': '5495053', 'name': 'apple', 'url': ' ', 'version': '::fruits'}, {'action': 'install', 'id': '5494888', 'name': 'banana', 'url': ' ', 'version': '::fruits'}, {'action': 'install', 'id': '5475369', 'name': 'asciijump', 'url': ' ', 'version': '::apt'}, {'action': 'install', 'id': '5495382', 'name': 'cherry', 'url': ' ', 'version': '::fruits'}, {'action': 'install', 'id': '8018911', 'name': 'registry', 'url': ' ', 'version': '::docker'}]&quot;, 'c8y_SoftwareUpdate': [{'name': 'apple', 'action': 'install', 'id': '5495053', 'version': '::fruits', 'url': ' '}, {'name': 'banana', 'action': 'install', 'id': '5494888', 'version': '::fruits', 'url': ' '}, {'name': 'asciijump', 'action': 'install', 'id': '5475369', 'version': '::apt', 'url': ' '}, {'name': 'cherry', 'action': 'install', 'id': '5495382', 'version': '::fruits', 'url': ' '}, {'name': 'registry', 'action': 'install', 'id': '8018911', 'version': '::docker', 'url': ' '}]}
11:32:10 INFO  State of operation 17330429 : PENDING
11:32:12 INFO  State of operation 17330429 : EXECUTING
11:32:14 INFO  State of operation 17330429 : EXECUTING
11:32:17 INFO  State of operation 17330429 : EXECUTING
11:32:19 INFO  State of operation 17330429 : EXECUTING
11:32:21 INFO  State of operation 17330429 : EXECUTING
11:32:24 INFO  State of operation 17330429 : EXECUTING
11:32:26 INFO  State of operation 17330429 : EXECUTING
11:32:29 INFO  State of operation 17330429 : EXECUTING
11:32:32 INFO  State of operation 17330429 : EXECUTING
11:32:34 INFO  State of operation 17330429 : EXECUTING
11:32:36 INFO  State of operation 17330429 : EXECUTING
11:32:38 INFO  State of operation 17330429 : EXECUTING
11:32:41 INFO  State of operation 17330429 : EXECUTING
11:32:43 INFO  State of operation 17330429 : EXECUTING
11:32:45 INFO  State of operation 17330429 : EXECUTING
11:32:47 INFO  State of operation 17330429 : EXECUTING
11:32:50 INFO  State of operation 17330429 : EXECUTING
11:32:52 INFO  State of operation 17330429 : EXECUTING
11:32:54 INFO  State of operation 17330429 : EXECUTING
11:32:56 INFO  State of operation 17330429 : EXECUTING
11:32:59 INFO  State of operation 17330429 : EXECUTING
11:33:01 INFO  State of operation 17330429 : EXECUTING
11:33:03 INFO  State of operation 17330429 : EXECUTING
11:33:06 INFO  State of operation 17330429 : EXECUTING
11:33:08 INFO  State of operation 17330429 : EXECUTING
11:33:10 INFO  State of operation 17330429 : SUCCESSFUL
11:33:10 INFO  Package apple is installed
11:33:10 INFO  Assert that (True == value) with value=True ... passed
11:33:11 INFO  Package banana is installed
11:33:11 INFO  Assert that (True == value) with value=True ... passed
11:33:11 INFO  Package cherry is installed
11:33:11 INFO  Assert that (True == value) with value=True ... passed
11:33:11 INFO  Package asciijump is installed
11:33:11 INFO  Assert that (True == value) with value=True ... passed
11:33:11 INFO  Package registry is installed
11:33:11 INFO  Assert that (True == value) with value=True ... passed
11:33:12 INFO  Response status: 201
11:33:12 INFO  Response to action: {
    &quot;creationTime&quot;: &quot;2022-04-14T11:33:12.117Z&quot;,
    &quot;deviceName&quot;: &quot;mythicd&quot;,
    &quot;deviceId&quot;: &quot;17331100&quot;,
    &quot;self&quot;: &quot;https://t493319102.eu-latest.cumulocity.com/devicecontrol/operations/17330431&quot;,
    &quot;id&quot;: &quot;17330431&quot;,
    &quot;status&quot;: &quot;PENDING&quot;,
    &quot;description&quot;: &quot;Apply software changes, triggered from PySys: [{'action': 'delete', 'id': '5495053', 'name': 'apple', 'url': ' ', 'version': '::fruits'}, {'action': 'delete', 'id': '5494888', 'name': 'banana', 'url': ' ', 'version': '::fruits'}, {'action': 'delete', 'id': '5475369', 'name': 'asciijump', 'url': ' ', 'version': '::apt'}, {'action': 'delete', 'id': '5495382', 'name': 'cherry', 'url': ' ', 'version': '::fruits'}, {'action': 'delete', 'id': '8018911', 'name': 'registry', 'url': ' ', 'version': '::docker'}]&quot;,
    &quot;c8y_SoftwareUpdate&quot;: [
        {
            &quot;name&quot;: &quot;apple&quot;,
            &quot;action&quot;: &quot;delete&quot;,
            &quot;id&quot;: &quot;5495053&quot;,
            &quot;version&quot;: &quot;::fruits&quot;,
            &quot;url&quot;: &quot; &quot;
        },
        {
            &quot;name&quot;: &quot;banana&quot;,
            &quot;action&quot;: &quot;delete&quot;,
            &quot;id&quot;: &quot;5494888&quot;,
            &quot;version&quot;: &quot;::fruits&quot;,
            &quot;url&quot;: &quot; &quot;
        },
        {
            &quot;name&quot;: &quot;asciijump&quot;,
            &quot;action&quot;: &quot;delete&quot;,
            &quot;id&quot;: &quot;5475369&quot;,
            &quot;version&quot;: &quot;::apt&quot;,
            &quot;url&quot;: &quot; &quot;
        },
        {
            &quot;name&quot;: &quot;cherry&quot;,
            &quot;action&quot;: &quot;delete&quot;,
            &quot;id&quot;: &quot;5495382&quot;,
            &quot;version&quot;: &quot;::fruits&quot;,
            &quot;url&quot;: &quot; &quot;
        },
        {
            &quot;name&quot;: &quot;registry&quot;,
            &quot;action&quot;: &quot;delete&quot;,
            &quot;id&quot;: &quot;8018911&quot;,
            &quot;version&quot;: &quot;::docker&quot;,
            &quot;url&quot;: &quot; &quot;
        }
    ]
}
11:33:12 INFO  Started operation: {'creationTime': '2022-04-14T11:33:12.117Z', 'deviceName': 'mythicd', 'deviceId': '17331100', 'self': 'https://t493319102.eu-latest.cumulocity.com/devicecontrol/operations/17330431', 'id': '17330431', 'status': 'PENDING', 'description': &quot;Apply software changes, triggered from PySys: [{'action': 'delete', 'id': '5495053', 'name': 'apple', 'url': ' ', 'version': '::fruits'}, {'action': 'delete', 'id': '5494888', 'name': 'banana', 'url': ' ', 'version': '::fruits'}, {'action': 'delete', 'id': '5475369', 'name': 'asciijump', 'url': ' ', 'version': '::apt'}, {'action': 'delete', 'id': '5495382', 'name': 'cherry', 'url': ' ', 'version': '::fruits'}, {'action': 'delete', 'id': '8018911', 'name': 'registry', 'url': ' ', 'version': '::docker'}]&quot;, 'c8y_SoftwareUpdate': [{'name': 'apple', 'action': 'delete', 'id': '5495053', 'version': '::fruits', 'url': ' '}, {'name': 'banana', 'action': 'delete', 'id': '5494888', 'version': '::fruits', 'url': ' '}, {'name': 'asciijump', 'action': 'delete', 'id': '5475369', 'version': '::apt', 'url': ' '}, {'name': 'cherry', 'action': 'delete', 'id': '5495382', 'version': '::fruits', 'url': ' '}, {'name': 'registry', 'action': 'delete', 'id': '8018911', 'version': '::docker', 'url': ' '}]}
11:33:14 INFO  State of operation 17330431 : PENDING
11:33:16 INFO  State of operation 17330431 : EXECUTING
11:33:18 INFO  State of operation 17330431 : EXECUTING
11:33:21 INFO  State of operation 17330431 : EXECUTING
11:33:23 INFO  State of operation 17330431 : EXECUTING
11:33:25 INFO  State of operation 17330431 : EXECUTING
11:33:28 INFO  State of operation 17330431 : EXECUTING
11:33:30 INFO  State of operation 17330431 : EXECUTING
11:33:33 INFO  State of operation 17330431 : EXECUTING
11:33:35 INFO  State of operation 17330431 : EXECUTING
11:33:37 INFO  State of operation 17330431 : EXECUTING
11:33:40 INFO  State of operation 17330431 : EXECUTING
11:33:42 INFO  State of operation 17330431 : EXECUTING
11:33:44 INFO  State of operation 17330431 : EXECUTING
11:33:46 INFO  State of operation 17330431 : EXECUTING
11:33:49 INFO  State of operation 17330431 : EXECUTING
11:33:53 INFO  State of operation 17330431 : EXECUTING
11:33:56 INFO  State of operation 17330431 : EXECUTING
11:33:58 INFO  State of operation 17330431 : EXECUTING
11:34:00 INFO  State of operation 17330431 : EXECUTING
11:34:03 INFO  State of operation 17330431 : EXECUTING
11:34:05 INFO  State of operation 17330431 : EXECUTING
11:34:08 INFO  State of operation 17330431 : EXECUTING
11:34:10 INFO  State of operation 17330431 : EXECUTING
11:34:12 INFO  State of operation 17330431 : EXECUTING
11:34:14 INFO  State of operation 17330431 : EXECUTING
11:34:17 INFO  State of operation 17330431 : EXECUTING
11:34:19 INFO  State of operation 17330431 : EXECUTING
11:34:21 INFO  State of operation 17330431 : EXECUTING
11:34:23 INFO  State of operation 17330431 : EXECUTING
11:34:26 INFO  State of operation 17330431 : SUCCESSFUL
11:34:26 INFO  Package apple is installed
11:34:26 INFO  Assert that (True == value) with value=True ... passed
11:34:26 INFO  Package banana is installed
11:34:26 INFO  Assert that (True == value) with value=True ... passed
11:34:26 INFO  Package cherry is installed
11:34:26 INFO  Assert that (True == value) with value=True ... passed
11:34:27 INFO  Assert that (False == value) with value=False ... passed
11:34:27 INFO  Assert that (False == value) with value=False ... passed
11:34:27 INFO  
11:34:27 INFO  cleanup:
11:34:31 INFO  Executed sudo&lt;tedge_disconnect_c8y&gt;, exit status 0
11:34:32 INFO  Executed systemctl&lt;serv_mapper5&gt;, exit status 3
11:34:32 INFO  
11:34:32 INFO  Test duration: 171.67 secs
11:34:32 INFO  Test final outcome:  FAILED
11:34:32 INFO  Test outcome reason: Assert that (False == value) with value=True
11:34:32 INFO  
</system-out>
	</testcase>
</testsuite>
