<?xml version="1.0" encoding="utf-8"?>
<testsuite failures="1" name="SoftwareManagement.sm_apt_install_remove_multiple_mixed" skipped="0" tests="1" time="179.98" timestamp="2022-04-14T11:24:42">
	<testcase classname="PySysTest" name="SoftwareManagement.sm_apt_install_remove_multiple_mixed">
		<failure message="BLOCKED: SystemError: Timeout while waiting for status SUCCESSFUL or False (+1 other failures)" type="BLOCKED"/>
		<system-out>11:21:42 INFO  ==============================================================
11:21:42 INFO  Id:    SoftwareManagement.sm_apt_install_remove_multiple_mixed
11:21:42 INFO  Dir:   software_management_end_to_end/
11:21:42 INFO  Title: Validate end to end behaviour for the apt plugin for multiple packages with mixed versions
11:21:42 INFO  ==============================================================
11:21:42 INFO  Using sw id database: {'asciijump': '5475369', 'robotfindskitten': '5474869', 'squirrel3': '5475279', 'rolldice': '5152439', 'moon-buggy': '5439204', 'apple': '5495053', 'banana': '5494888', 'cherry': '5495382', 'watermelon': '5494510', 'registry': '8018911', 'hello-world': '8021526', 'docker/getting-started': '8021973', 'alpine': '7991792'}
11:21:42 INFO  EnvironmentC8y Setup
11:21:43 INFO  Executed systemctl&lt;serv_mapper1&gt;, exit status 3
11:21:43 INFO  Restarting mosquitto too frequently in the last 10 seconds. It was only up for 5 seconds
11:21:43 INFO  Delaying execution by 6 seconds
11:22:03 INFO  Executed sudo&lt;tedge_connect_c8y&gt;, exit status 0, duration 13 secs
11:22:04 INFO  Executed sudo&lt;tedge_connect_c8y_test&gt;, exit status 0
11:22:04 INFO  Executed systemctl&lt;serv_mosq2&gt;, exit status 0
11:22:05 INFO  Executed systemctl&lt;serv_mapper3&gt;, exit status 0
11:22:07 INFO  State of current operation: SUCCESSFUL
11:22:07 INFO  Assert that (False == value) with value=False ... passed
11:22:07 INFO  Assert that (False == value) with value=False ... passed
11:22:08 INFO  Assert that (False == value) with value=False ... passed
11:22:08 INFO  Assert that (False == value) with value=False ... passed
11:22:08 INFO  Package moon-buggy is installed
11:22:08 WARN  Assert that (False == value) with value=True ... failed 
11:22:10 INFO  Response status: 201
11:22:10 INFO  Response to action: {
    &quot;creationTime&quot;: &quot;2022-04-14T11:22:10.042Z&quot;,
    &quot;deviceName&quot;: &quot;mythicd&quot;,
    &quot;deviceId&quot;: &quot;17331100&quot;,
    &quot;self&quot;: &quot;https://t493319102.eu-latest.cumulocity.com/devicecontrol/operations/17330407&quot;,
    &quot;id&quot;: &quot;17330407&quot;,
    &quot;status&quot;: &quot;PENDING&quot;,
    &quot;description&quot;: &quot;Apply software changes, triggered from PySys: [{'action': 'install', 'id': '5475369', 'name': 'asciijump', 'url': ' ', 'version': '::apt'}, {'action': 'install', 'id': '5474869', 'name': 'robotfindskitten', 'url': ' ', 'version': ' '}, {'action': 'install', 'id': '5475279', 'name': 'squirrel3', 'url': ' ', 'version': '3.1-7::apt'}, {'action': 'install', 'id': '5152439', 'name': 'rolldice', 'url': ' ', 'version': '1.16-1+b1'}, {'action': 'install', 'id': '5439204', 'name': 'moon-buggy', 'url': ' ', 'version': '1:1.0.51-12'}, {'action': 'install', 'id': '5475369', 'name': 'asciijump', 'url': ' ', 'version': '::apt'}]&quot;,
    &quot;c8y_SoftwareUpdate&quot;: [
        {
            &quot;name&quot;: &quot;asciijump&quot;,
            &quot;action&quot;: &quot;install&quot;,
            &quot;id&quot;: &quot;5475369&quot;,
            &quot;version&quot;: &quot;::apt&quot;,
            &quot;url&quot;: &quot; &quot;
        },
        {
            &quot;name&quot;: &quot;robotfindskitten&quot;,
            &quot;action&quot;: &quot;install&quot;,
            &quot;id&quot;: &quot;5474869&quot;,
            &quot;version&quot;: &quot; &quot;,
            &quot;url&quot;: &quot; &quot;
        },
        {
            &quot;name&quot;: &quot;squirrel3&quot;,
            &quot;action&quot;: &quot;install&quot;,
            &quot;id&quot;: &quot;5475279&quot;,
            &quot;version&quot;: &quot;3.1-7::apt&quot;,
            &quot;url&quot;: &quot; &quot;
        },
        {
            &quot;name&quot;: &quot;rolldice&quot;,
            &quot;action&quot;: &quot;install&quot;,
            &quot;id&quot;: &quot;5152439&quot;,
            &quot;version&quot;: &quot;1.16-1+b1&quot;,
            &quot;url&quot;: &quot; &quot;
        },
        {
            &quot;name&quot;: &quot;moon-buggy&quot;,
            &quot;action&quot;: &quot;install&quot;,
            &quot;id&quot;: &quot;5439204&quot;,
            &quot;version&quot;: &quot;1:1.0.51-12&quot;,
            &quot;url&quot;: &quot; &quot;
        },
        {
            &quot;name&quot;: &quot;asciijump&quot;,
            &quot;action&quot;: &quot;install&quot;,
            &quot;id&quot;: &quot;5475369&quot;,
            &quot;version&quot;: &quot;::apt&quot;,
            &quot;url&quot;: &quot; &quot;
        }
    ]
}
11:22:10 INFO  Started operation: {'creationTime': '2022-04-14T11:22:10.042Z', 'deviceName': 'mythicd', 'deviceId': '17331100', 'self': 'https://t493319102.eu-latest.cumulocity.com/devicecontrol/operations/17330407', 'id': '17330407', 'status': 'PENDING', 'description': &quot;Apply software changes, triggered from PySys: [{'action': 'install', 'id': '5475369', 'name': 'asciijump', 'url': ' ', 'version': '::apt'}, {'action': 'install', 'id': '5474869', 'name': 'robotfindskitten', 'url': ' ', 'version': ' '}, {'action': 'install', 'id': '5475279', 'name': 'squirrel3', 'url': ' ', 'version': '3.1-7::apt'}, {'action': 'install', 'id': '5152439', 'name': 'rolldice', 'url': ' ', 'version': '1.16-1+b1'}, {'action': 'install', 'id': '5439204', 'name': 'moon-buggy', 'url': ' ', 'version': '1:1.0.51-12'}, {'action': 'install', 'id': '5475369', 'name': 'asciijump', 'url': ' ', 'version': '::apt'}]&quot;, 'c8y_SoftwareUpdate': [{'name': 'asciijump', 'action': 'install', 'id': '5475369', 'version': '::apt', 'url': ' '}, {'name': 'robotfindskitten', 'action': 'install', 'id': '5474869', 'version': ' ', 'url': ' '}, {'name': 'squirrel3', 'action': 'install', 'id': '5475279', 'version': '3.1-7::apt', 'url': ' '}, {'name': 'rolldice', 'action': 'install', 'id': '5152439', 'version': '1.16-1+b1', 'url': ' '}, {'name': 'moon-buggy', 'action': 'install', 'id': '5439204', 'version': '1:1.0.51-12', 'url': ' '}, {'name': 'asciijump', 'action': 'install', 'id': '5475369', 'version': '::apt', 'url': ' '}]}
11:22:12 INFO  State of operation 17330407 : PENDING
11:22:14 INFO  State of operation 17330407 : EXECUTING
11:22:16 INFO  State of operation 17330407 : EXECUTING
11:22:19 INFO  State of operation 17330407 : EXECUTING
11:22:21 INFO  State of operation 17330407 : EXECUTING
11:22:23 INFO  State of operation 17330407 : EXECUTING
11:22:26 INFO  State of operation 17330407 : EXECUTING
11:22:28 INFO  State of operation 17330407 : EXECUTING
11:22:31 INFO  State of operation 17330407 : EXECUTING
11:22:33 INFO  State of operation 17330407 : EXECUTING
11:22:35 INFO  State of operation 17330407 : EXECUTING
11:22:37 INFO  State of operation 17330407 : EXECUTING
11:22:40 INFO  State of operation 17330407 : EXECUTING
11:22:42 INFO  State of operation 17330407 : EXECUTING
11:22:44 INFO  State of operation 17330407 : EXECUTING
11:22:46 INFO  State of operation 17330407 : EXECUTING
11:22:49 INFO  State of operation 17330407 : EXECUTING
11:22:51 INFO  State of operation 17330407 : EXECUTING
11:22:54 INFO  State of operation 17330407 : EXECUTING
11:22:56 INFO  State of operation 17330407 : EXECUTING
11:22:58 INFO  State of operation 17330407 : EXECUTING
11:23:00 INFO  State of operation 17330407 : EXECUTING
11:23:03 INFO  State of operation 17330407 : EXECUTING
11:23:05 INFO  State of operation 17330407 : EXECUTING
11:23:09 INFO  State of operation 17330407 : EXECUTING
11:23:11 INFO  State of operation 17330407 : EXECUTING
11:23:14 INFO  State of operation 17330407 : EXECUTING
11:23:16 INFO  State of operation 17330407 : EXECUTING
11:23:19 INFO  State of operation 17330407 : EXECUTING
11:23:21 INFO  State of operation 17330407 : EXECUTING
11:23:23 INFO  State of operation 17330407 : EXECUTING
11:23:26 INFO  State of operation 17330407 : EXECUTING
11:23:28 INFO  State of operation 17330407 : EXECUTING
11:23:30 INFO  State of operation 17330407 : EXECUTING
11:23:32 INFO  State of operation 17330407 : EXECUTING
11:23:35 INFO  State of operation 17330407 : EXECUTING
11:23:37 INFO  State of operation 17330407 : EXECUTING
11:23:39 INFO  State of operation 17330407 : EXECUTING
11:23:42 INFO  State of operation 17330407 : EXECUTING
11:23:45 INFO  State of operation 17330407 : EXECUTING
11:23:47 INFO  State of operation 17330407 : EXECUTING
11:23:49 INFO  State of operation 17330407 : EXECUTING
11:23:51 INFO  State of operation 17330407 : EXECUTING
11:23:54 INFO  State of operation 17330407 : EXECUTING
11:23:56 INFO  State of operation 17330407 : EXECUTING
11:23:58 INFO  State of operation 17330407 : EXECUTING
11:24:00 INFO  State of operation 17330407 : EXECUTING
11:24:03 INFO  State of operation 17330407 : EXECUTING
11:24:05 INFO  State of operation 17330407 : EXECUTING
11:24:08 INFO  State of operation 17330407 : EXECUTING
11:24:10 INFO  State of operation 17330407 : EXECUTING
11:24:12 INFO  State of operation 17330407 : EXECUTING
11:24:14 INFO  State of operation 17330407 : EXECUTING
11:24:17 INFO  State of operation 17330407 : EXECUTING
11:24:19 INFO  State of operation 17330407 : EXECUTING
11:24:22 INFO  State of operation 17330407 : EXECUTING
11:24:24 INFO  State of operation 17330407 : EXECUTING
11:24:27 INFO  State of operation 17330407 : EXECUTING
11:24:29 INFO  State of operation 17330407 : EXECUTING
11:24:32 INFO  State of operation 17330407 : EXECUTING
11:24:34 INFO  State of operation 17330407 : EXECUTING
11:24:36 WARN  SystemError occurred while running test - Timeout while waiting for status SUCCESSFUL or False
Traceback (most recent call last):
  File &quot;/home/pi/env-pysys/lib/python3.7/site-packages/pysys/baserunner.py&quot;, line 1294, in __call__
    self.testObj.execute()
  File &quot;/home/pi/actions-runner/_work/thin-edge.io/thin-edge.io/tests/PySys/software_management_end_to_end/sm_apt_install_remove_multiple_mixed/run.py&quot;, line 89, in execute
    self.wait_until_succcess()
  File &quot;/home/pi/actions-runner/_work/thin-edge.io/thin-edge.io/tests/PySys/software_management_end_to_end/environment_sm_management.py&quot;, line 324, in wait_until_succcess
    self.wait_until_status(&quot;SUCCESSFUL&quot;)
  File &quot;/home/pi/actions-runner/_work/thin-edge.io/thin-edge.io/tests/PySys/software_management_end_to_end/environment_sm_management.py&quot;, line 381, in wait_until_status
    &quot;Timeout while waiting for status %s or %s&quot; % (status, status2)
SystemError: Timeout while waiting for status SUCCESSFUL or False
11:24:37 WARN  SystemError: Timeout while waiting for status SUCCESSFUL or False ... blocked 
11:24:37 INFO  
11:24:37 INFO  cleanup:
11:24:42 INFO  Executed sudo&lt;tedge_disconnect_c8y&gt;, exit status 0
11:24:42 INFO  Executed systemctl&lt;serv_mapper5&gt;, exit status 3
11:24:42 INFO  
11:24:42 INFO  Test duration: 179.98 secs
11:24:42 INFO  Test final outcome:  BLOCKED
11:24:42 INFO  Test outcome reason: SystemError: Timeout while waiting for status SUCCESSFUL or False (+1 other failures)
11:24:42 INFO  
</system-out>
	</testcase>
</testsuite>
