<?xml version="1.0" encoding="utf-8"?>
<testsuite failures="1" name="SoftwareManagement.sm_apt_install_remove_multiple" skipped="0" tests="1" time="137.43" timestamp="2022-04-12T09:51:13">
	<testcase classname="PySysTest" name="SoftwareManagement.sm_apt_install_remove_multiple">
		<failure message="FAILED: Assert that (False == value) with value=True (+2 other failures)" type="FAILED"/>
		<system-out>09:48:56 INFO  ==============================================================
09:48:56 INFO  Id:    SoftwareManagement.sm_apt_install_remove_multiple
09:48:56 INFO  Dir:   software_management_end_to_end/
09:48:56 INFO  Title: Validate end to end behaviour for the apt plugin for multiple packages
09:48:56 INFO  ==============================================================
09:48:56 INFO  Using sw id database: {'asciijump': '5475369', 'robotfindskitten': '5474869', 'squirrel3': '5475279', 'rolldice': '5152439', 'moon-buggy': '5439204', 'apple': '5495053', 'banana': '5494888', 'cherry': '5495382', 'watermelon': '5494510', 'registry': '8018911', 'hello-world': '8021526', 'docker/getting-started': '8021973', 'alpine': '7991792'}
09:48:56 INFO  EnvironmentC8y Setup
09:48:56 INFO  Executed systemctl&lt;serv_mapper1&gt;, exit status 3
09:48:56 INFO  Restarting mosquitto too frequently in the last 10 seconds. It was only up for 5 seconds
09:48:56 INFO  Delaying execution by 6 seconds
09:49:16 INFO  Executed sudo&lt;tedge_connect_c8y&gt;, exit status 0, duration 13 secs
09:49:17 INFO  Executed sudo&lt;tedge_connect_c8y_test&gt;, exit status 0
09:49:17 INFO  Executed systemctl&lt;serv_mosq2&gt;, exit status 0
09:49:18 INFO  Executed systemctl&lt;serv_mapper3&gt;, exit status 0
09:49:20 INFO  State of current operation: SUCCESSFUL
09:49:20 INFO  Assert that (False == value) with value=False ... passed
09:49:21 INFO  Package asciijump is installed
09:49:21 WARN  Assert that (False == value) with value=True ... failed 
09:49:21 INFO  Package squirrel3 is installed
09:49:21 WARN  Assert that (False == value) with value=True ... failed 
09:49:21 INFO  Package robotfindskitten is installed
09:49:21 WARN  Assert that (False == value) with value=True ... failed 
09:49:22 INFO  Response status: 201
09:49:22 INFO  Response to action: {
    &quot;creationTime&quot;: &quot;2022-04-12T09:49:22.024Z&quot;,
    &quot;deviceId&quot;: &quot;17193228&quot;,
    &quot;deviceName&quot;: &quot;mythicd&quot;,
    &quot;self&quot;: &quot;https://t493319102.eu-latest.cumulocity.com/devicecontrol/operations/17197578&quot;,
    &quot;id&quot;: &quot;17197578&quot;,
    &quot;status&quot;: &quot;PENDING&quot;,
    &quot;description&quot;: &quot;Apply software changes, triggered from PySys: [{'action': 'install', 'id': '5475369', 'name': 'asciijump', 'url': ' ', 'version': '::apt'}, {'action': 'install', 'id': '5474869', 'name': 'robotfindskitten', 'url': ' ', 'version': '::apt'}, {'action': 'install', 'id': '5475279', 'name': 'squirrel3', 'url': ' ', 'version': '::apt'}]&quot;,
    &quot;c8y_SoftwareUpdate&quot;: [
        {
            &quot;name&quot;: &quot;asciijump&quot;,
            &quot;action&quot;: &quot;install&quot;,
            &quot;id&quot;: &quot;5475369&quot;,
            &quot;version&quot;: &quot;::apt&quot;,
            &quot;url&quot;: &quot; &quot;
        },
        {
            &quot;name&quot;: &quot;robotfindskitten&quot;,
            &quot;action&quot;: &quot;install&quot;,
            &quot;id&quot;: &quot;5474869&quot;,
            &quot;version&quot;: &quot;::apt&quot;,
            &quot;url&quot;: &quot; &quot;
        },
        {
            &quot;name&quot;: &quot;squirrel3&quot;,
            &quot;action&quot;: &quot;install&quot;,
            &quot;id&quot;: &quot;5475279&quot;,
            &quot;version&quot;: &quot;::apt&quot;,
            &quot;url&quot;: &quot; &quot;
        }
    ]
}
09:49:22 INFO  Started operation: {'creationTime': '2022-04-12T09:49:22.024Z', 'deviceId': '17193228', 'deviceName': 'mythicd', 'self': 'https://t493319102.eu-latest.cumulocity.com/devicecontrol/operations/17197578', 'id': '17197578', 'status': 'PENDING', 'description': &quot;Apply software changes, triggered from PySys: [{'action': 'install', 'id': '5475369', 'name': 'asciijump', 'url': ' ', 'version': '::apt'}, {'action': 'install', 'id': '5474869', 'name': 'robotfindskitten', 'url': ' ', 'version': '::apt'}, {'action': 'install', 'id': '5475279', 'name': 'squirrel3', 'url': ' ', 'version': '::apt'}]&quot;, 'c8y_SoftwareUpdate': [{'name': 'asciijump', 'action': 'install', 'id': '5475369', 'version': '::apt', 'url': ' '}, {'name': 'robotfindskitten', 'action': 'install', 'id': '5474869', 'version': '::apt', 'url': ' '}, {'name': 'squirrel3', 'action': 'install', 'id': '5475279', 'version': '::apt', 'url': ' '}]}
09:49:24 INFO  State of operation 17197578 : PENDING
09:49:26 INFO  State of operation 17197578 : EXECUTING
09:49:28 INFO  State of operation 17197578 : EXECUTING
09:49:30 INFO  State of operation 17197578 : EXECUTING
09:49:33 INFO  State of operation 17197578 : EXECUTING
09:49:35 INFO  State of operation 17197578 : EXECUTING
09:49:38 INFO  State of operation 17197578 : EXECUTING
09:49:41 INFO  State of operation 17197578 : EXECUTING
09:49:43 INFO  State of operation 17197578 : EXECUTING
09:49:45 INFO  State of operation 17197578 : EXECUTING
09:49:48 INFO  State of operation 17197578 : EXECUTING
09:49:50 INFO  State of operation 17197578 : EXECUTING
09:49:52 INFO  State of operation 17197578 : EXECUTING
09:49:54 INFO  State of operation 17197578 : EXECUTING
09:49:57 INFO  State of operation 17197578 : EXECUTING
09:49:59 INFO  State of operation 17197578 : SUCCESSFUL
09:49:59 INFO  Assert that (False == value) with value=False ... passed
09:49:59 INFO  Package asciijump is installed
09:49:59 INFO  Assert that (True == value) with value=True ... passed
09:50:00 INFO  Package squirrel3 is installed
09:50:00 INFO  Assert that (True == value) with value=True ... passed
09:50:00 INFO  Package robotfindskitten is installed
09:50:00 INFO  Assert that (True == value) with value=True ... passed
09:50:00 INFO  Response status: 201
09:50:00 INFO  Response to action: {
    &quot;creationTime&quot;: &quot;2022-04-12T09:50:00.496Z&quot;,
    &quot;deviceId&quot;: &quot;17193228&quot;,
    &quot;deviceName&quot;: &quot;mythicd&quot;,
    &quot;self&quot;: &quot;https://t493319102.eu-latest.cumulocity.com/devicecontrol/operations/17197584&quot;,
    &quot;id&quot;: &quot;17197584&quot;,
    &quot;status&quot;: &quot;PENDING&quot;,
    &quot;description&quot;: &quot;Apply software changes, triggered from PySys: [{'action': 'delete', 'id': '5475369', 'name': 'asciijump', 'url': ' ', 'version': '::apt'}, {'action': 'delete', 'id': '5474869', 'name': 'robotfindskitten', 'url': ' ', 'version': '::apt'}, {'action': 'delete', 'id': '5475279', 'name': 'squirrel3', 'url': ' ', 'version': '::apt'}]&quot;,
    &quot;c8y_SoftwareUpdate&quot;: [
        {
            &quot;name&quot;: &quot;asciijump&quot;,
            &quot;action&quot;: &quot;delete&quot;,
            &quot;id&quot;: &quot;5475369&quot;,
            &quot;version&quot;: &quot;::apt&quot;,
            &quot;url&quot;: &quot; &quot;
        },
        {
            &quot;name&quot;: &quot;robotfindskitten&quot;,
            &quot;action&quot;: &quot;delete&quot;,
            &quot;id&quot;: &quot;5474869&quot;,
            &quot;version&quot;: &quot;::apt&quot;,
            &quot;url&quot;: &quot; &quot;
        },
        {
            &quot;name&quot;: &quot;squirrel3&quot;,
            &quot;action&quot;: &quot;delete&quot;,
            &quot;id&quot;: &quot;5475279&quot;,
            &quot;version&quot;: &quot;::apt&quot;,
            &quot;url&quot;: &quot; &quot;
        }
    ]
}
09:50:00 INFO  Started operation: {'creationTime': '2022-04-12T09:50:00.496Z', 'deviceId': '17193228', 'deviceName': 'mythicd', 'self': 'https://t493319102.eu-latest.cumulocity.com/devicecontrol/operations/17197584', 'id': '17197584', 'status': 'PENDING', 'description': &quot;Apply software changes, triggered from PySys: [{'action': 'delete', 'id': '5475369', 'name': 'asciijump', 'url': ' ', 'version': '::apt'}, {'action': 'delete', 'id': '5474869', 'name': 'robotfindskitten', 'url': ' ', 'version': '::apt'}, {'action': 'delete', 'id': '5475279', 'name': 'squirrel3', 'url': ' ', 'version': '::apt'}]&quot;, 'c8y_SoftwareUpdate': [{'name': 'asciijump', 'action': 'delete', 'id': '5475369', 'version': '::apt', 'url': ' '}, {'name': 'robotfindskitten', 'action': 'delete', 'id': '5474869', 'version': '::apt', 'url': ' '}, {'name': 'squirrel3', 'action': 'delete', 'id': '5475279', 'version': '::apt', 'url': ' '}]}
09:50:02 INFO  State of operation 17197584 : PENDING
09:50:05 INFO  State of operation 17197584 : EXECUTING
09:50:07 INFO  State of operation 17197584 : EXECUTING
09:50:09 INFO  State of operation 17197584 : EXECUTING
09:50:11 INFO  State of operation 17197584 : EXECUTING
09:50:13 INFO  State of operation 17197584 : EXECUTING
09:50:16 INFO  State of operation 17197584 : EXECUTING
09:50:19 INFO  State of operation 17197584 : EXECUTING
09:50:21 INFO  State of operation 17197584 : EXECUTING
09:50:24 INFO  State of operation 17197584 : EXECUTING
09:50:26 INFO  State of operation 17197584 : EXECUTING
09:50:28 INFO  State of operation 17197584 : EXECUTING
09:50:30 INFO  State of operation 17197584 : EXECUTING
09:50:32 INFO  State of operation 17197584 : EXECUTING
09:50:35 INFO  State of operation 17197584 : EXECUTING
09:50:37 INFO  State of operation 17197584 : EXECUTING
09:50:39 INFO  State of operation 17197584 : EXECUTING
09:50:42 INFO  State of operation 17197584 : EXECUTING
09:50:44 INFO  State of operation 17197584 : EXECUTING
09:50:47 INFO  State of operation 17197584 : EXECUTING
09:50:49 INFO  State of operation 17197584 : EXECUTING
09:50:51 INFO  State of operation 17197584 : EXECUTING
09:50:54 INFO  State of operation 17197584 : EXECUTING
09:50:56 INFO  State of operation 17197584 : EXECUTING
09:50:58 INFO  State of operation 17197584 : EXECUTING
09:51:01 INFO  State of operation 17197584 : EXECUTING
09:51:03 INFO  State of operation 17197584 : EXECUTING
09:51:05 INFO  State of operation 17197584 : EXECUTING
09:51:08 INFO  State of operation 17197584 : SUCCESSFUL
09:51:08 INFO  Assert that (False == value) with value=False ... passed
09:51:08 INFO  Assert that (False == value) with value=False ... passed
09:51:08 INFO  Assert that (False == value) with value=False ... passed
09:51:08 INFO  Assert that (False == value) with value=False ... passed
09:51:08 INFO  
09:51:08 INFO  cleanup:
09:51:13 INFO  Executed sudo&lt;tedge_disconnect_c8y&gt;, exit status 0
09:51:13 INFO  Executed systemctl&lt;serv_mapper5&gt;, exit status 3
09:51:13 INFO  
09:51:13 INFO  Test duration: 137.43 secs
09:51:13 INFO  Test final outcome:  FAILED
09:51:13 INFO  Test outcome reason: Assert that (False == value) with value=True (+2 other failures)
09:51:13 INFO  
</system-out>
	</testcase>
</testsuite>
