<?xml version="1.0" encoding="utf-8"?>
<testsuite failures="0" name="SoftwareManagement.sm_mapper_fail_and_reconnect" skipped="1" tests="1" time="0.03" timestamp="2022-04-07T17:39:00">
	<testcase classname="MapperC8yReceiveLastMessageOnRestart" name="SoftwareManagement.sm_mapper_fail_and_reconnect">
		<skipped message="SKIPPED: instable https://github.com/thin-edge/thin-edge.io/issues/752"/>
		<system-out>17:39:00 INFO  ==============================================================
17:39:00 INFO  Id:    SoftwareManagement.sm_mapper_fail_and_reconnect
17:39:00 INFO  Dir:   software_management_end_to_end/
17:39:00 INFO  Title: Validate the tedge-mapper-sm-c8y for receiving the last message on restart
17:39:00 DEBUG Execution order hint: 0.0
17:39:00 INFO  ==============================================================
17:39:00 INFO  instable https://github.com/thin-edge/thin-edge.io/issues/752 ... skipped
17:39:00 DEBUG --- test cleanup
17:39:00 DEBUG ProcessUser cleanup function done.
17:39:00 INFO  
17:39:00 INFO  Test duration: 0.03 secs
17:39:00 INFO  Test final outcome:  SKIPPED
17:39:00 INFO  Test outcome reason: instable https://github.com/thin-edge/thin-edge.io/issues/752
17:39:00 INFO  
</system-out>
	</testcase>
</testsuite>
