<?xml version="1.0" encoding="utf-8"?>
<testsuite failures="1" name="SoftwareManagement.sm_mixed_install_remove_multiple" skipped="0" tests="1" time="166.49" timestamp="2022-04-12T10:04:18">
	<testcase classname="PySysTest" name="SoftwareManagement.sm_mixed_install_remove_multiple">
		<failure message="FAILED: Assert that (False == value) with value=True" type="FAILED"/>
		<system-out>10:01:31 INFO  ==============================================================
10:01:31 INFO  Id:    SoftwareManagement.sm_mixed_install_remove_multiple
10:01:31 INFO  Dir:   software_management_end_to_end/
10:01:31 INFO  Title: Validate end to end behaviour for the dummy-plugin for multiple packages with mixed versions
10:01:31 INFO  ==============================================================
10:01:31 INFO  Using sw id database: {'asciijump': '5475369', 'robotfindskitten': '5474869', 'squirrel3': '5475279', 'rolldice': '5152439', 'moon-buggy': '5439204', 'apple': '5495053', 'banana': '5494888', 'cherry': '5495382', 'watermelon': '5494510', 'registry': '8018911', 'hello-world': '8021526', 'docker/getting-started': '8021973', 'alpine': '7991792'}
10:01:31 INFO  EnvironmentC8y Setup
10:01:32 INFO  Executed systemctl&lt;serv_mapper1&gt;, exit status 3
10:01:32 INFO  Restarting mosquitto too frequently in the last 10 seconds. It was only up for 4 seconds
10:01:32 INFO  Delaying execution by 7 seconds
10:01:53 INFO  Executed sudo&lt;tedge_connect_c8y&gt;, exit status 0, duration 13 secs
10:01:53 INFO  Executed sudo&lt;tedge_connect_c8y_test&gt;, exit status 0
10:01:54 INFO  Executed systemctl&lt;serv_mosq2&gt;, exit status 0
10:01:54 INFO  Executed systemctl&lt;serv_mapper3&gt;, exit status 0
10:01:57 INFO  State of current operation: SUCCESSFUL
10:01:57 INFO  Package apple is installed
10:01:57 INFO  Assert that (True == value) with value=True ... passed
10:01:57 INFO  Package banana is installed
10:01:57 INFO  Assert that (True == value) with value=True ... passed
10:01:57 INFO  Package cherry is installed
10:01:57 INFO  Assert that (True == value) with value=True ... passed
10:01:57 INFO  Package asciijump is installed
10:01:57 WARN  Assert that (False == value) with value=True ... failed 
10:01:58 INFO  Assert that (False == value) with value=False ... passed
10:01:58 INFO  Response status: 201
10:01:58 INFO  Response to action: {
    &quot;creationTime&quot;: &quot;2022-04-12T10:01:58.407Z&quot;,
    &quot;deviceId&quot;: &quot;17193228&quot;,
    &quot;deviceName&quot;: &quot;mythicd&quot;,
    &quot;self&quot;: &quot;https://t493319102.eu-latest.cumulocity.com/devicecontrol/operations/17197655&quot;,
    &quot;id&quot;: &quot;17197655&quot;,
    &quot;status&quot;: &quot;PENDING&quot;,
    &quot;description&quot;: &quot;Apply software changes, triggered from PySys: [{'action': 'install', 'id': '5495053', 'name': 'apple', 'url': ' ', 'version': '::fruits'}, {'action': 'install', 'id': '5494888', 'name': 'banana', 'url': ' ', 'version': '::fruits'}, {'action': 'install', 'id': '5475369', 'name': 'asciijump', 'url': ' ', 'version': '::apt'}, {'action': 'install', 'id': '5495382', 'name': 'cherry', 'url': ' ', 'version': '::fruits'}, {'action': 'install', 'id': '8018911', 'name': 'registry', 'url': ' ', 'version': '::docker'}]&quot;,
    &quot;c8y_SoftwareUpdate&quot;: [
        {
            &quot;name&quot;: &quot;apple&quot;,
            &quot;action&quot;: &quot;install&quot;,
            &quot;id&quot;: &quot;5495053&quot;,
            &quot;version&quot;: &quot;::fruits&quot;,
            &quot;url&quot;: &quot; &quot;
        },
        {
            &quot;name&quot;: &quot;banana&quot;,
            &quot;action&quot;: &quot;install&quot;,
            &quot;id&quot;: &quot;5494888&quot;,
            &quot;version&quot;: &quot;::fruits&quot;,
            &quot;url&quot;: &quot; &quot;
        },
        {
            &quot;name&quot;: &quot;asciijump&quot;,
            &quot;action&quot;: &quot;install&quot;,
            &quot;id&quot;: &quot;5475369&quot;,
            &quot;version&quot;: &quot;::apt&quot;,
            &quot;url&quot;: &quot; &quot;
        },
        {
            &quot;name&quot;: &quot;cherry&quot;,
            &quot;action&quot;: &quot;install&quot;,
            &quot;id&quot;: &quot;5495382&quot;,
            &quot;version&quot;: &quot;::fruits&quot;,
            &quot;url&quot;: &quot; &quot;
        },
        {
            &quot;name&quot;: &quot;registry&quot;,
            &quot;action&quot;: &quot;install&quot;,
            &quot;id&quot;: &quot;8018911&quot;,
            &quot;version&quot;: &quot;::docker&quot;,
            &quot;url&quot;: &quot; &quot;
        }
    ]
}
10:01:58 INFO  Started operation: {'creationTime': '2022-04-12T10:01:58.407Z', 'deviceId': '17193228', 'deviceName': 'mythicd', 'self': 'https://t493319102.eu-latest.cumulocity.com/devicecontrol/operations/17197655', 'id': '17197655', 'status': 'PENDING', 'description': &quot;Apply software changes, triggered from PySys: [{'action': 'install', 'id': '5495053', 'name': 'apple', 'url': ' ', 'version': '::fruits'}, {'action': 'install', 'id': '5494888', 'name': 'banana', 'url': ' ', 'version': '::fruits'}, {'action': 'install', 'id': '5475369', 'name': 'asciijump', 'url': ' ', 'version': '::apt'}, {'action': 'install', 'id': '5495382', 'name': 'cherry', 'url': ' ', 'version': '::fruits'}, {'action': 'install', 'id': '8018911', 'name': 'registry', 'url': ' ', 'version': '::docker'}]&quot;, 'c8y_SoftwareUpdate': [{'name': 'apple', 'action': 'install', 'id': '5495053', 'version': '::fruits', 'url': ' '}, {'name': 'banana', 'action': 'install', 'id': '5494888', 'version': '::fruits', 'url': ' '}, {'name': 'asciijump', 'action': 'install', 'id': '5475369', 'version': '::apt', 'url': ' '}, {'name': 'cherry', 'action': 'install', 'id': '5495382', 'version': '::fruits', 'url': ' '}, {'name': 'registry', 'action': 'install', 'id': '8018911', 'version': '::docker', 'url': ' '}]}
10:02:00 INFO  State of operation 17197655 : PENDING
10:02:02 INFO  State of operation 17197655 : EXECUTING
10:02:05 INFO  State of operation 17197655 : EXECUTING
10:02:07 INFO  State of operation 17197655 : EXECUTING
10:02:09 INFO  State of operation 17197655 : EXECUTING
10:02:11 INFO  State of operation 17197655 : EXECUTING
10:02:14 INFO  State of operation 17197655 : EXECUTING
10:02:17 INFO  State of operation 17197655 : EXECUTING
10:02:19 INFO  State of operation 17197655 : EXECUTING
10:02:22 INFO  State of operation 17197655 : EXECUTING
10:02:24 INFO  State of operation 17197655 : EXECUTING
10:02:26 INFO  State of operation 17197655 : EXECUTING
10:02:28 INFO  State of operation 17197655 : EXECUTING
10:02:31 INFO  State of operation 17197655 : EXECUTING
10:02:33 INFO  State of operation 17197655 : EXECUTING
10:02:35 INFO  State of operation 17197655 : EXECUTING
10:02:37 INFO  State of operation 17197655 : EXECUTING
10:02:39 INFO  State of operation 17197655 : EXECUTING
10:02:42 INFO  State of operation 17197655 : EXECUTING
10:02:44 INFO  State of operation 17197655 : EXECUTING
10:02:46 INFO  State of operation 17197655 : EXECUTING
10:02:48 INFO  State of operation 17197655 : EXECUTING
10:02:51 INFO  State of operation 17197655 : EXECUTING
10:02:53 INFO  State of operation 17197655 : EXECUTING
10:02:55 INFO  State of operation 17197655 : EXECUTING
10:02:57 INFO  State of operation 17197655 : SUCCESSFUL
10:02:58 INFO  Package apple is installed
10:02:58 INFO  Assert that (True == value) with value=True ... passed
10:02:58 INFO  Package banana is installed
10:02:58 INFO  Assert that (True == value) with value=True ... passed
10:02:58 INFO  Package cherry is installed
10:02:58 INFO  Assert that (True == value) with value=True ... passed
10:02:58 INFO  Package asciijump is installed
10:02:58 INFO  Assert that (True == value) with value=True ... passed
10:02:58 INFO  Package registry is installed
10:02:58 INFO  Assert that (True == value) with value=True ... passed
10:02:59 INFO  Response status: 201
10:02:59 INFO  Response to action: {
    &quot;creationTime&quot;: &quot;2022-04-12T10:02:59.176Z&quot;,
    &quot;deviceId&quot;: &quot;17193228&quot;,
    &quot;deviceName&quot;: &quot;mythicd&quot;,
    &quot;self&quot;: &quot;https://t493319102.eu-latest.cumulocity.com/devicecontrol/operations/17197663&quot;,
    &quot;id&quot;: &quot;17197663&quot;,
    &quot;status&quot;: &quot;PENDING&quot;,
    &quot;description&quot;: &quot;Apply software changes, triggered from PySys: [{'action': 'delete', 'id': '5495053', 'name': 'apple', 'url': ' ', 'version': '::fruits'}, {'action': 'delete', 'id': '5494888', 'name': 'banana', 'url': ' ', 'version': '::fruits'}, {'action': 'delete', 'id': '5475369', 'name': 'asciijump', 'url': ' ', 'version': '::apt'}, {'action': 'delete', 'id': '5495382', 'name': 'cherry', 'url': ' ', 'version': '::fruits'}, {'action': 'delete', 'id': '8018911', 'name': 'registry', 'url': ' ', 'version': '::docker'}]&quot;,
    &quot;c8y_SoftwareUpdate&quot;: [
        {
            &quot;name&quot;: &quot;apple&quot;,
            &quot;action&quot;: &quot;delete&quot;,
            &quot;id&quot;: &quot;5495053&quot;,
            &quot;version&quot;: &quot;::fruits&quot;,
            &quot;url&quot;: &quot; &quot;
        },
        {
            &quot;name&quot;: &quot;banana&quot;,
            &quot;action&quot;: &quot;delete&quot;,
            &quot;id&quot;: &quot;5494888&quot;,
            &quot;version&quot;: &quot;::fruits&quot;,
            &quot;url&quot;: &quot; &quot;
        },
        {
            &quot;name&quot;: &quot;asciijump&quot;,
            &quot;action&quot;: &quot;delete&quot;,
            &quot;id&quot;: &quot;5475369&quot;,
            &quot;version&quot;: &quot;::apt&quot;,
            &quot;url&quot;: &quot; &quot;
        },
        {
            &quot;name&quot;: &quot;cherry&quot;,
            &quot;action&quot;: &quot;delete&quot;,
            &quot;id&quot;: &quot;5495382&quot;,
            &quot;version&quot;: &quot;::fruits&quot;,
            &quot;url&quot;: &quot; &quot;
        },
        {
            &quot;name&quot;: &quot;registry&quot;,
            &quot;action&quot;: &quot;delete&quot;,
            &quot;id&quot;: &quot;8018911&quot;,
            &quot;version&quot;: &quot;::docker&quot;,
            &quot;url&quot;: &quot; &quot;
        }
    ]
}
10:02:59 INFO  Started operation: {'creationTime': '2022-04-12T10:02:59.176Z', 'deviceId': '17193228', 'deviceName': 'mythicd', 'self': 'https://t493319102.eu-latest.cumulocity.com/devicecontrol/operations/17197663', 'id': '17197663', 'status': 'PENDING', 'description': &quot;Apply software changes, triggered from PySys: [{'action': 'delete', 'id': '5495053', 'name': 'apple', 'url': ' ', 'version': '::fruits'}, {'action': 'delete', 'id': '5494888', 'name': 'banana', 'url': ' ', 'version': '::fruits'}, {'action': 'delete', 'id': '5475369', 'name': 'asciijump', 'url': ' ', 'version': '::apt'}, {'action': 'delete', 'id': '5495382', 'name': 'cherry', 'url': ' ', 'version': '::fruits'}, {'action': 'delete', 'id': '8018911', 'name': 'registry', 'url': ' ', 'version': '::docker'}]&quot;, 'c8y_SoftwareUpdate': [{'name': 'apple', 'action': 'delete', 'id': '5495053', 'version': '::fruits', 'url': ' '}, {'name': 'banana', 'action': 'delete', 'id': '5494888', 'version': '::fruits', 'url': ' '}, {'name': 'asciijump', 'action': 'delete', 'id': '5475369', 'version': '::apt', 'url': ' '}, {'name': 'cherry', 'action': 'delete', 'id': '5495382', 'version': '::fruits', 'url': ' '}, {'name': 'registry', 'action': 'delete', 'id': '8018911', 'version': '::docker', 'url': ' '}]}
10:03:01 INFO  State of operation 17197663 : PENDING
10:03:03 INFO  State of operation 17197663 : EXECUTING
10:03:05 INFO  State of operation 17197663 : EXECUTING
10:03:08 INFO  State of operation 17197663 : EXECUTING
10:03:10 INFO  State of operation 17197663 : EXECUTING
10:03:12 INFO  State of operation 17197663 : EXECUTING
10:03:15 INFO  State of operation 17197663 : EXECUTING
10:03:18 INFO  State of operation 17197663 : EXECUTING
10:03:20 INFO  State of operation 17197663 : EXECUTING
10:03:22 INFO  State of operation 17197663 : EXECUTING
10:03:25 INFO  State of operation 17197663 : EXECUTING
10:03:27 INFO  State of operation 17197663 : EXECUTING
10:03:29 INFO  State of operation 17197663 : EXECUTING
10:03:31 INFO  State of operation 17197663 : EXECUTING
10:03:33 INFO  State of operation 17197663 : EXECUTING
10:03:36 INFO  State of operation 17197663 : EXECUTING
10:03:40 INFO  State of operation 17197663 : EXECUTING
10:03:42 INFO  State of operation 17197663 : EXECUTING
10:03:44 INFO  State of operation 17197663 : EXECUTING
10:03:47 INFO  State of operation 17197663 : EXECUTING
10:03:49 INFO  State of operation 17197663 : EXECUTING
10:03:51 INFO  State of operation 17197663 : EXECUTING
10:03:54 INFO  State of operation 17197663 : EXECUTING
10:03:56 INFO  State of operation 17197663 : EXECUTING
10:03:58 INFO  State of operation 17197663 : EXECUTING
10:04:00 INFO  State of operation 17197663 : EXECUTING
10:04:03 INFO  State of operation 17197663 : EXECUTING
10:04:05 INFO  State of operation 17197663 : EXECUTING
10:04:07 INFO  State of operation 17197663 : EXECUTING
10:04:09 INFO  State of operation 17197663 : EXECUTING
10:04:12 INFO  State of operation 17197663 : SUCCESSFUL
10:04:12 INFO  Package apple is installed
10:04:12 INFO  Assert that (True == value) with value=True ... passed
10:04:12 INFO  Package banana is installed
10:04:12 INFO  Assert that (True == value) with value=True ... passed
10:04:12 INFO  Package cherry is installed
10:04:12 INFO  Assert that (True == value) with value=True ... passed
10:04:13 INFO  Assert that (False == value) with value=False ... passed
10:04:13 INFO  Assert that (False == value) with value=False ... passed
10:04:13 INFO  
10:04:13 INFO  cleanup:
10:04:17 INFO  Executed sudo&lt;tedge_disconnect_c8y&gt;, exit status 0
10:04:18 INFO  Executed systemctl&lt;serv_mapper5&gt;, exit status 3
10:04:18 INFO  
10:04:18 INFO  Test duration: 166.49 secs
10:04:18 INFO  Test final outcome:  FAILED
10:04:18 INFO  Test outcome reason: Assert that (False == value) with value=True
10:04:18 INFO  
</system-out>
	</testcase>
</testsuite>
