<?xml version="1.0" encoding="utf-8"?>
<testsuite failures="1" name="SoftwareManagement.sm_apt_install_remove_multiple" skipped="0" tests="1" time="140.71" timestamp="2022-04-14T11:21:42">
	<testcase classname="PySysTest" name="SoftwareManagement.sm_apt_install_remove_multiple">
		<failure message="FAILED: Assert that (False == value) with value=True (+2 other failures)" type="FAILED"/>
		<system-out>11:19:22 INFO  ==============================================================
11:19:22 INFO  Id:    SoftwareManagement.sm_apt_install_remove_multiple
11:19:22 INFO  Dir:   software_management_end_to_end/
11:19:22 INFO  Title: Validate end to end behaviour for the apt plugin for multiple packages
11:19:22 INFO  ==============================================================
11:19:22 INFO  Using sw id database: {'asciijump': '5475369', 'robotfindskitten': '5474869', 'squirrel3': '5475279', 'rolldice': '5152439', 'moon-buggy': '5439204', 'apple': '5495053', 'banana': '5494888', 'cherry': '5495382', 'watermelon': '5494510', 'registry': '8018911', 'hello-world': '8021526', 'docker/getting-started': '8021973', 'alpine': '7991792'}
11:19:22 INFO  EnvironmentC8y Setup
11:19:22 INFO  Executed systemctl&lt;serv_mapper1&gt;, exit status 3
11:19:22 INFO  Restarting mosquitto too frequently in the last 10 seconds. It was only up for 5 seconds
11:19:22 INFO  Delaying execution by 6 seconds
11:19:43 INFO  Executed sudo&lt;tedge_connect_c8y&gt;, exit status 0, duration 14 secs
11:19:43 INFO  Executed sudo&lt;tedge_connect_c8y_test&gt;, exit status 0
11:19:44 INFO  Executed systemctl&lt;serv_mosq2&gt;, exit status 0
11:19:44 INFO  Executed systemctl&lt;serv_mapper3&gt;, exit status 0
11:19:46 INFO  State of current operation: SUCCESSFUL
11:19:47 INFO  Assert that (False == value) with value=False ... passed
11:19:47 INFO  Package asciijump is installed
11:19:47 WARN  Assert that (False == value) with value=True ... failed 
11:19:47 INFO  Package squirrel3 is installed
11:19:47 WARN  Assert that (False == value) with value=True ... failed 
11:19:48 INFO  Package robotfindskitten is installed
11:19:48 WARN  Assert that (False == value) with value=True ... failed 
11:19:48 INFO  Response status: 201
11:19:48 INFO  Response to action: {
    &quot;delivery&quot;: {
        &quot;time&quot;: &quot;2022-04-14T11:19:48.464Z&quot;,
        &quot;log&quot;: [],
        &quot;status&quot;: &quot;PENDING&quot;
    },
    &quot;creationTime&quot;: &quot;2022-04-14T11:19:48.450Z&quot;,
    &quot;deviceName&quot;: &quot;mythicd&quot;,
    &quot;deviceId&quot;: &quot;17331100&quot;,
    &quot;self&quot;: &quot;https://t493319102.eu-latest.cumulocity.com/devicecontrol/operations/17330395&quot;,
    &quot;id&quot;: &quot;17330395&quot;,
    &quot;status&quot;: &quot;PENDING&quot;,
    &quot;description&quot;: &quot;Apply software changes, triggered from PySys: [{'action': 'install', 'id': '5475369', 'name': 'asciijump', 'url': ' ', 'version': '::apt'}, {'action': 'install', 'id': '5474869', 'name': 'robotfindskitten', 'url': ' ', 'version': '::apt'}, {'action': 'install', 'id': '5475279', 'name': 'squirrel3', 'url': ' ', 'version': '::apt'}]&quot;,
    &quot;c8y_SoftwareUpdate&quot;: [
        {
            &quot;name&quot;: &quot;asciijump&quot;,
            &quot;action&quot;: &quot;install&quot;,
            &quot;id&quot;: &quot;5475369&quot;,
            &quot;version&quot;: &quot;::apt&quot;,
            &quot;url&quot;: &quot; &quot;
        },
        {
            &quot;name&quot;: &quot;robotfindskitten&quot;,
            &quot;action&quot;: &quot;install&quot;,
            &quot;id&quot;: &quot;5474869&quot;,
            &quot;version&quot;: &quot;::apt&quot;,
            &quot;url&quot;: &quot; &quot;
        },
        {
            &quot;name&quot;: &quot;squirrel3&quot;,
            &quot;action&quot;: &quot;install&quot;,
            &quot;id&quot;: &quot;5475279&quot;,
            &quot;version&quot;: &quot;::apt&quot;,
            &quot;url&quot;: &quot; &quot;
        }
    ]
}
11:19:48 INFO  Started operation: {'delivery': {'time': '2022-04-14T11:19:48.464Z', 'log': [], 'status': 'PENDING'}, 'creationTime': '2022-04-14T11:19:48.450Z', 'deviceName': 'mythicd', 'deviceId': '17331100', 'self': 'https://t493319102.eu-latest.cumulocity.com/devicecontrol/operations/17330395', 'id': '17330395', 'status': 'PENDING', 'description': &quot;Apply software changes, triggered from PySys: [{'action': 'install', 'id': '5475369', 'name': 'asciijump', 'url': ' ', 'version': '::apt'}, {'action': 'install', 'id': '5474869', 'name': 'robotfindskitten', 'url': ' ', 'version': '::apt'}, {'action': 'install', 'id': '5475279', 'name': 'squirrel3', 'url': ' ', 'version': '::apt'}]&quot;, 'c8y_SoftwareUpdate': [{'name': 'asciijump', 'action': 'install', 'id': '5475369', 'version': '::apt', 'url': ' '}, {'name': 'robotfindskitten', 'action': 'install', 'id': '5474869', 'version': '::apt', 'url': ' '}, {'name': 'squirrel3', 'action': 'install', 'id': '5475279', 'version': '::apt', 'url': ' '}]}
11:19:50 INFO  State of operation 17330395 : PENDING
11:19:52 INFO  State of operation 17330395 : EXECUTING
11:19:55 INFO  State of operation 17330395 : EXECUTING
11:19:57 INFO  State of operation 17330395 : EXECUTING
11:19:59 INFO  State of operation 17330395 : EXECUTING
11:20:01 INFO  State of operation 17330395 : EXECUTING
11:20:04 INFO  State of operation 17330395 : EXECUTING
11:20:06 INFO  State of operation 17330395 : EXECUTING
11:20:09 INFO  State of operation 17330395 : EXECUTING
11:20:12 INFO  State of operation 17330395 : EXECUTING
11:20:14 INFO  State of operation 17330395 : EXECUTING
11:20:16 INFO  State of operation 17330395 : EXECUTING
11:20:18 INFO  State of operation 17330395 : EXECUTING
11:20:21 INFO  State of operation 17330395 : EXECUTING
11:20:23 INFO  State of operation 17330395 : EXECUTING
11:20:25 INFO  State of operation 17330395 : SUCCESSFUL
11:20:25 INFO  Assert that (False == value) with value=False ... passed
11:20:26 INFO  Package asciijump is installed
11:20:26 INFO  Assert that (True == value) with value=True ... passed
11:20:26 INFO  Package squirrel3 is installed
11:20:26 INFO  Assert that (True == value) with value=True ... passed
11:20:26 INFO  Package robotfindskitten is installed
11:20:26 INFO  Assert that (True == value) with value=True ... passed
11:20:26 INFO  Response status: 201
11:20:26 INFO  Response to action: {
    &quot;delivery&quot;: {
        &quot;time&quot;: &quot;2022-04-14T11:20:26.785Z&quot;,
        &quot;log&quot;: [],
        &quot;status&quot;: &quot;PENDING&quot;
    },
    &quot;creationTime&quot;: &quot;2022-04-14T11:20:26.768Z&quot;,
    &quot;deviceName&quot;: &quot;mythicd&quot;,
    &quot;deviceId&quot;: &quot;17331100&quot;,
    &quot;self&quot;: &quot;https://t493319102.eu-latest.cumulocity.com/devicecontrol/operations/17330401&quot;,
    &quot;id&quot;: &quot;17330401&quot;,
    &quot;status&quot;: &quot;PENDING&quot;,
    &quot;description&quot;: &quot;Apply software changes, triggered from PySys: [{'action': 'delete', 'id': '5475369', 'name': 'asciijump', 'url': ' ', 'version': '::apt'}, {'action': 'delete', 'id': '5474869', 'name': 'robotfindskitten', 'url': ' ', 'version': '::apt'}, {'action': 'delete', 'id': '5475279', 'name': 'squirrel3', 'url': ' ', 'version': '::apt'}]&quot;,
    &quot;c8y_SoftwareUpdate&quot;: [
        {
            &quot;name&quot;: &quot;asciijump&quot;,
            &quot;action&quot;: &quot;delete&quot;,
            &quot;id&quot;: &quot;5475369&quot;,
            &quot;version&quot;: &quot;::apt&quot;,
            &quot;url&quot;: &quot; &quot;
        },
        {
            &quot;name&quot;: &quot;robotfindskitten&quot;,
            &quot;action&quot;: &quot;delete&quot;,
            &quot;id&quot;: &quot;5474869&quot;,
            &quot;version&quot;: &quot;::apt&quot;,
            &quot;url&quot;: &quot; &quot;
        },
        {
            &quot;name&quot;: &quot;squirrel3&quot;,
            &quot;action&quot;: &quot;delete&quot;,
            &quot;id&quot;: &quot;5475279&quot;,
            &quot;version&quot;: &quot;::apt&quot;,
            &quot;url&quot;: &quot; &quot;
        }
    ]
}
11:20:26 INFO  Started operation: {'delivery': {'time': '2022-04-14T11:20:26.785Z', 'log': [], 'status': 'PENDING'}, 'creationTime': '2022-04-14T11:20:26.768Z', 'deviceName': 'mythicd', 'deviceId': '17331100', 'self': 'https://t493319102.eu-latest.cumulocity.com/devicecontrol/operations/17330401', 'id': '17330401', 'status': 'PENDING', 'description': &quot;Apply software changes, triggered from PySys: [{'action': 'delete', 'id': '5475369', 'name': 'asciijump', 'url': ' ', 'version': '::apt'}, {'action': 'delete', 'id': '5474869', 'name': 'robotfindskitten', 'url': ' ', 'version': '::apt'}, {'action': 'delete', 'id': '5475279', 'name': 'squirrel3', 'url': ' ', 'version': '::apt'}]&quot;, 'c8y_SoftwareUpdate': [{'name': 'asciijump', 'action': 'delete', 'id': '5475369', 'version': '::apt', 'url': ' '}, {'name': 'robotfindskitten', 'action': 'delete', 'id': '5474869', 'version': '::apt', 'url': ' '}, {'name': 'squirrel3', 'action': 'delete', 'id': '5475279', 'version': '::apt', 'url': ' '}]}
11:20:29 INFO  State of operation 17330401 : PENDING
11:20:31 INFO  State of operation 17330401 : EXECUTING
11:20:33 INFO  State of operation 17330401 : EXECUTING
11:20:35 INFO  State of operation 17330401 : EXECUTING
11:20:37 INFO  State of operation 17330401 : EXECUTING
11:20:40 INFO  State of operation 17330401 : EXECUTING
11:20:42 INFO  State of operation 17330401 : EXECUTING
11:20:45 INFO  State of operation 17330401 : EXECUTING
11:20:47 INFO  State of operation 17330401 : EXECUTING
11:20:50 INFO  State of operation 17330401 : EXECUTING
11:20:52 INFO  State of operation 17330401 : EXECUTING
11:20:54 INFO  State of operation 17330401 : EXECUTING
11:20:56 INFO  State of operation 17330401 : EXECUTING
11:20:59 INFO  State of operation 17330401 : EXECUTING
11:21:01 INFO  State of operation 17330401 : EXECUTING
11:21:03 INFO  State of operation 17330401 : EXECUTING
11:21:06 INFO  State of operation 17330401 : EXECUTING
11:21:08 INFO  State of operation 17330401 : EXECUTING
11:21:11 INFO  State of operation 17330401 : EXECUTING
11:21:13 INFO  State of operation 17330401 : EXECUTING
11:21:15 INFO  State of operation 17330401 : EXECUTING
11:21:18 INFO  State of operation 17330401 : EXECUTING
11:21:20 INFO  State of operation 17330401 : EXECUTING
11:21:22 INFO  State of operation 17330401 : EXECUTING
11:21:24 INFO  State of operation 17330401 : EXECUTING
11:21:27 INFO  State of operation 17330401 : EXECUTING
11:21:29 INFO  State of operation 17330401 : EXECUTING
11:21:32 INFO  State of operation 17330401 : EXECUTING
11:21:34 INFO  State of operation 17330401 : EXECUTING
11:21:36 INFO  State of operation 17330401 : SUCCESSFUL
11:21:37 INFO  Assert that (False == value) with value=False ... passed
11:21:37 INFO  Assert that (False == value) with value=False ... passed
11:21:37 INFO  Assert that (False == value) with value=False ... passed
11:21:37 INFO  Assert that (False == value) with value=False ... passed
11:21:37 INFO  
11:21:37 INFO  cleanup:
11:21:42 INFO  Executed sudo&lt;tedge_disconnect_c8y&gt;, exit status 0
11:21:42 INFO  Executed systemctl&lt;serv_mapper5&gt;, exit status 3
11:21:42 INFO  
11:21:42 INFO  Test duration: 140.71 secs
11:21:42 INFO  Test final outcome:  FAILED
11:21:42 INFO  Test outcome reason: Assert that (False == value) with value=True (+2 other failures)
11:21:42 INFO  
</system-out>
	</testcase>
</testsuite>
