<?xml version="1.0" encoding="utf-8"?>
<testsuite failures="0" name="SoftwareManagement.Plugin.apama_plugin_install" skipped="0" tests="1" time="22.19" timestamp="2022-04-14T07:50:33">
	<testcase classname="ApamaPluginInstallTest" name="SoftwareManagement.Plugin.apama_plugin_install"/>
</testsuite>
