<?xml version="1.0" encoding="utf-8"?>
<testsuite failures="1" name="SoftwareManagement.sm_apt_install_remove_multiple" skipped="0" tests="1" time="140.73" timestamp="2022-04-14T08:02:08">
	<testcase classname="PySysTest" name="SoftwareManagement.sm_apt_install_remove_multiple">
		<failure message="FAILED: Assert that (False == value) with value=True (+2 other failures)" type="FAILED"/>
		<system-out>07:59:47 INFO  ==============================================================
07:59:47 INFO  Id:    SoftwareManagement.sm_apt_install_remove_multiple
07:59:47 INFO  Dir:   software_management_end_to_end/
07:59:47 INFO  Title: Validate end to end behaviour for the apt plugin for multiple packages
07:59:47 INFO  ==============================================================
07:59:47 INFO  Using sw id database: {'asciijump': '5475369', 'robotfindskitten': '5474869', 'squirrel3': '5475279', 'rolldice': '5152439', 'moon-buggy': '5439204', 'apple': '5495053', 'banana': '5494888', 'cherry': '5495382', 'watermelon': '5494510', 'registry': '8018911', 'hello-world': '8021526', 'docker/getting-started': '8021973', 'alpine': '7991792'}
07:59:47 INFO  EnvironmentC8y Setup
07:59:48 INFO  Executed systemctl&lt;serv_mapper1&gt;, exit status 3
07:59:48 INFO  Restarting mosquitto too frequently in the last 10 seconds. It was only up for 4 seconds
07:59:48 INFO  Delaying execution by 7 seconds
08:00:09 INFO  Executed sudo&lt;tedge_connect_c8y&gt;, exit status 0, duration 14 secs
08:00:10 INFO  Executed sudo&lt;tedge_connect_c8y_test&gt;, exit status 0
08:00:10 INFO  Executed systemctl&lt;serv_mosq2&gt;, exit status 0
08:00:11 INFO  Executed systemctl&lt;serv_mapper3&gt;, exit status 0
08:00:13 INFO  State of current operation: SUCCESSFUL
08:00:13 INFO  Assert that (False == value) with value=False ... passed
08:00:14 INFO  Package asciijump is installed
08:00:14 WARN  Assert that (False == value) with value=True ... failed 
08:00:14 INFO  Package squirrel3 is installed
08:00:14 WARN  Assert that (False == value) with value=True ... failed 
08:00:15 INFO  Package robotfindskitten is installed
08:00:15 WARN  Assert that (False == value) with value=True ... failed 
08:00:15 INFO  Response status: 201
08:00:15 INFO  Response to action: {
    &quot;delivery&quot;: {
        &quot;time&quot;: &quot;2022-04-14T08:00:15.384Z&quot;,
        &quot;log&quot;: [],
        &quot;status&quot;: &quot;PENDING&quot;
    },
    &quot;creationTime&quot;: &quot;2022-04-14T08:00:15.365Z&quot;,
    &quot;deviceId&quot;: &quot;17294230&quot;,
    &quot;deviceName&quot;: &quot;mythicd&quot;,
    &quot;self&quot;: &quot;https://t493319102.eu-latest.cumulocity.com/devicecontrol/operations/17317429&quot;,
    &quot;id&quot;: &quot;17317429&quot;,
    &quot;status&quot;: &quot;PENDING&quot;,
    &quot;description&quot;: &quot;Apply software changes, triggered from PySys: [{'action': 'install', 'id': '5475369', 'name': 'asciijump', 'url': ' ', 'version': '::apt'}, {'action': 'install', 'id': '5474869', 'name': 'robotfindskitten', 'url': ' ', 'version': '::apt'}, {'action': 'install', 'id': '5475279', 'name': 'squirrel3', 'url': ' ', 'version': '::apt'}]&quot;,
    &quot;c8y_SoftwareUpdate&quot;: [
        {
            &quot;name&quot;: &quot;asciijump&quot;,
            &quot;action&quot;: &quot;install&quot;,
            &quot;id&quot;: &quot;5475369&quot;,
            &quot;version&quot;: &quot;::apt&quot;,
            &quot;url&quot;: &quot; &quot;
        },
        {
            &quot;name&quot;: &quot;robotfindskitten&quot;,
            &quot;action&quot;: &quot;install&quot;,
            &quot;id&quot;: &quot;5474869&quot;,
            &quot;version&quot;: &quot;::apt&quot;,
            &quot;url&quot;: &quot; &quot;
        },
        {
            &quot;name&quot;: &quot;squirrel3&quot;,
            &quot;action&quot;: &quot;install&quot;,
            &quot;id&quot;: &quot;5475279&quot;,
            &quot;version&quot;: &quot;::apt&quot;,
            &quot;url&quot;: &quot; &quot;
        }
    ]
}
08:00:15 INFO  Started operation: {'delivery': {'time': '2022-04-14T08:00:15.384Z', 'log': [], 'status': 'PENDING'}, 'creationTime': '2022-04-14T08:00:15.365Z', 'deviceId': '17294230', 'deviceName': 'mythicd', 'self': 'https://t493319102.eu-latest.cumulocity.com/devicecontrol/operations/17317429', 'id': '17317429', 'status': 'PENDING', 'description': &quot;Apply software changes, triggered from PySys: [{'action': 'install', 'id': '5475369', 'name': 'asciijump', 'url': ' ', 'version': '::apt'}, {'action': 'install', 'id': '5474869', 'name': 'robotfindskitten', 'url': ' ', 'version': '::apt'}, {'action': 'install', 'id': '5475279', 'name': 'squirrel3', 'url': ' ', 'version': '::apt'}]&quot;, 'c8y_SoftwareUpdate': [{'name': 'asciijump', 'action': 'install', 'id': '5475369', 'version': '::apt', 'url': ' '}, {'name': 'robotfindskitten', 'action': 'install', 'id': '5474869', 'version': '::apt', 'url': ' '}, {'name': 'squirrel3', 'action': 'install', 'id': '5475279', 'version': '::apt', 'url': ' '}]}
08:00:17 INFO  State of operation 17317429 : PENDING
08:00:19 INFO  State of operation 17317429 : EXECUTING
08:00:22 INFO  State of operation 17317429 : EXECUTING
08:00:24 INFO  State of operation 17317429 : EXECUTING
08:00:26 INFO  State of operation 17317429 : EXECUTING
08:00:28 INFO  State of operation 17317429 : EXECUTING
08:00:31 INFO  State of operation 17317429 : EXECUTING
08:00:34 INFO  State of operation 17317429 : EXECUTING
08:00:36 INFO  State of operation 17317429 : EXECUTING
08:00:39 INFO  State of operation 17317429 : EXECUTING
08:00:41 INFO  State of operation 17317429 : EXECUTING
08:00:43 INFO  State of operation 17317429 : EXECUTING
08:00:45 INFO  State of operation 17317429 : EXECUTING
08:00:48 INFO  State of operation 17317429 : EXECUTING
08:00:50 INFO  State of operation 17317429 : EXECUTING
08:00:52 INFO  State of operation 17317429 : SUCCESSFUL
08:00:52 INFO  Assert that (False == value) with value=False ... passed
08:00:53 INFO  Package asciijump is installed
08:00:53 INFO  Assert that (True == value) with value=True ... passed
08:00:53 INFO  Package squirrel3 is installed
08:00:53 INFO  Assert that (True == value) with value=True ... passed
08:00:53 INFO  Package robotfindskitten is installed
08:00:53 INFO  Assert that (True == value) with value=True ... passed
08:00:53 INFO  Response status: 201
08:00:53 INFO  Response to action: {
    &quot;delivery&quot;: {
        &quot;time&quot;: &quot;2022-04-14T08:00:53.723Z&quot;,
        &quot;log&quot;: [],
        &quot;status&quot;: &quot;PENDING&quot;
    },
    &quot;creationTime&quot;: &quot;2022-04-14T08:00:53.708Z&quot;,
    &quot;deviceId&quot;: &quot;17294230&quot;,
    &quot;deviceName&quot;: &quot;mythicd&quot;,
    &quot;self&quot;: &quot;https://t493319102.eu-latest.cumulocity.com/devicecontrol/operations/17317443&quot;,
    &quot;id&quot;: &quot;17317443&quot;,
    &quot;status&quot;: &quot;PENDING&quot;,
    &quot;description&quot;: &quot;Apply software changes, triggered from PySys: [{'action': 'delete', 'id': '5475369', 'name': 'asciijump', 'url': ' ', 'version': '::apt'}, {'action': 'delete', 'id': '5474869', 'name': 'robotfindskitten', 'url': ' ', 'version': '::apt'}, {'action': 'delete', 'id': '5475279', 'name': 'squirrel3', 'url': ' ', 'version': '::apt'}]&quot;,
    &quot;c8y_SoftwareUpdate&quot;: [
        {
            &quot;name&quot;: &quot;asciijump&quot;,
            &quot;action&quot;: &quot;delete&quot;,
            &quot;id&quot;: &quot;5475369&quot;,
            &quot;version&quot;: &quot;::apt&quot;,
            &quot;url&quot;: &quot; &quot;
        },
        {
            &quot;name&quot;: &quot;robotfindskitten&quot;,
            &quot;action&quot;: &quot;delete&quot;,
            &quot;id&quot;: &quot;5474869&quot;,
            &quot;version&quot;: &quot;::apt&quot;,
            &quot;url&quot;: &quot; &quot;
        },
        {
            &quot;name&quot;: &quot;squirrel3&quot;,
            &quot;action&quot;: &quot;delete&quot;,
            &quot;id&quot;: &quot;5475279&quot;,
            &quot;version&quot;: &quot;::apt&quot;,
            &quot;url&quot;: &quot; &quot;
        }
    ]
}
08:00:53 INFO  Started operation: {'delivery': {'time': '2022-04-14T08:00:53.723Z', 'log': [], 'status': 'PENDING'}, 'creationTime': '2022-04-14T08:00:53.708Z', 'deviceId': '17294230', 'deviceName': 'mythicd', 'self': 'https://t493319102.eu-latest.cumulocity.com/devicecontrol/operations/17317443', 'id': '17317443', 'status': 'PENDING', 'description': &quot;Apply software changes, triggered from PySys: [{'action': 'delete', 'id': '5475369', 'name': 'asciijump', 'url': ' ', 'version': '::apt'}, {'action': 'delete', 'id': '5474869', 'name': 'robotfindskitten', 'url': ' ', 'version': '::apt'}, {'action': 'delete', 'id': '5475279', 'name': 'squirrel3', 'url': ' ', 'version': '::apt'}]&quot;, 'c8y_SoftwareUpdate': [{'name': 'asciijump', 'action': 'delete', 'id': '5475369', 'version': '::apt', 'url': ' '}, {'name': 'robotfindskitten', 'action': 'delete', 'id': '5474869', 'version': '::apt', 'url': ' '}, {'name': 'squirrel3', 'action': 'delete', 'id': '5475279', 'version': '::apt', 'url': ' '}]}
08:00:55 INFO  State of operation 17317443 : PENDING
08:00:58 INFO  State of operation 17317443 : EXECUTING
08:01:00 INFO  State of operation 17317443 : EXECUTING
08:01:02 INFO  State of operation 17317443 : EXECUTING
08:01:04 INFO  State of operation 17317443 : EXECUTING
08:01:07 INFO  State of operation 17317443 : EXECUTING
08:01:09 INFO  State of operation 17317443 : EXECUTING
08:01:12 INFO  State of operation 17317443 : EXECUTING
08:01:14 INFO  State of operation 17317443 : EXECUTING
08:01:17 INFO  State of operation 17317443 : EXECUTING
08:01:19 INFO  State of operation 17317443 : EXECUTING
08:01:21 INFO  State of operation 17317443 : EXECUTING
08:01:24 INFO  State of operation 17317443 : EXECUTING
08:01:26 INFO  State of operation 17317443 : EXECUTING
08:01:28 INFO  State of operation 17317443 : EXECUTING
08:01:30 INFO  State of operation 17317443 : EXECUTING
08:01:33 INFO  State of operation 17317443 : EXECUTING
08:01:35 INFO  State of operation 17317443 : EXECUTING
08:01:39 INFO  State of operation 17317443 : EXECUTING
08:01:41 INFO  State of operation 17317443 : EXECUTING
08:01:44 INFO  State of operation 17317443 : EXECUTING
08:01:46 INFO  State of operation 17317443 : EXECUTING
08:01:48 INFO  State of operation 17317443 : EXECUTING
08:01:50 INFO  State of operation 17317443 : EXECUTING
08:01:53 INFO  State of operation 17317443 : EXECUTING
08:01:55 INFO  State of operation 17317443 : EXECUTING
08:01:58 INFO  State of operation 17317443 : EXECUTING
08:02:00 INFO  State of operation 17317443 : EXECUTING
08:02:02 INFO  State of operation 17317443 : SUCCESSFUL
08:02:03 INFO  Assert that (False == value) with value=False ... passed
08:02:03 INFO  Assert that (False == value) with value=False ... passed
08:02:03 INFO  Assert that (False == value) with value=False ... passed
08:02:03 INFO  Assert that (False == value) with value=False ... passed
08:02:03 INFO  
08:02:03 INFO  cleanup:
08:02:07 INFO  Executed sudo&lt;tedge_disconnect_c8y&gt;, exit status 0
08:02:08 INFO  Executed systemctl&lt;serv_mapper5&gt;, exit status 3
08:02:08 INFO  
08:02:08 INFO  Test duration: 140.73 secs
08:02:08 INFO  Test final outcome:  FAILED
08:02:08 INFO  Test outcome reason: Assert that (False == value) with value=True (+2 other failures)
08:02:08 INFO  
</system-out>
	</testcase>
</testsuite>
