<?xml version="1.0" encoding="utf-8"?>
<testsuite failures="1" name="SoftwareManagement.sm_apt_install_remove_multiple_mixed" skipped="0" tests="1" time="178.65" timestamp="2022-04-07T17:34:03">
	<testcase classname="PySysTest" name="SoftwareManagement.sm_apt_install_remove_multiple_mixed">
		<failure message="BLOCKED: SystemError: Timeout while waiting for status SUCCESSFUL or False (+1 other failures)" type="BLOCKED"/>
		<system-out>17:31:04 INFO  ==============================================================
17:31:04 INFO  Id:    SoftwareManagement.sm_apt_install_remove_multiple_mixed
17:31:04 INFO  Dir:   software_management_end_to_end/
17:31:04 INFO  Title: Validate end to end behaviour for the apt plugin for multiple packages with mixed versions
17:31:04 DEBUG Execution order hint: 0.0
17:31:04 INFO  ==============================================================
17:31:04 INFO  Using sw id database: {'asciijump': '5475369', 'robotfindskitten': '5474869', 'squirrel3': '5475279', 'rolldice': '5152439', 'moon-buggy': '5439204', 'apple': '5495053', 'banana': '5494888', 'cherry': '5495382', 'watermelon': '5494510', 'registry': '8018911', 'hello-world': '8021526', 'docker/getting-started': '8021973', 'alpine': '7991792'}
17:31:04 DEBUG EnvironmentC8y Setup
17:31:04 INFO  EnvironmentC8y Setup
17:31:04 DEBUG Process parameters for systemctl&lt;serv_mapper1&gt;
  command line : /usr/bin/systemctl status tedge-mapper-c8y
    arg #1     : status
    arg #2     : tedge-mapper-c8y
  working dir  : /home/pi/actions-runner/_work/thin-edge.io/thin-edge.io/tests/PySys/software_management_end_to_end/sm_apt_install_remove_multiple_mixed/Output/linux
  stdout       : /home/pi/actions-runner/_work/thin-edge.io/thin-edge.io/tests/PySys/software_management_end_to_end/sm_apt_install_remove_multiple_mixed/Output/linux/serv_mapper1.out
  stderr       : /home/pi/actions-runner/_work/thin-edge.io/thin-edge.io/tests/PySys/software_management_end_to_end/sm_apt_install_remove_multiple_mixed/Output/linux/serv_mapper1.err
  environment  : LD_LIBRARY_PATH=/usr/lib
  environment  : PATH=/bin:/usr/bin:/usr/sbin:/usr/local/bin
                   #1  /bin
                   #2  /usr/bin
                   #3  /usr/sbin
                   #4  /usr/local/bin
17:31:04 DEBUG Waiting up to 600 secs for process systemctl&lt;serv_mapper1&gt; (pid 12918)
17:31:05 INFO  Executed systemctl&lt;serv_mapper1&gt;, exit status 3
17:31:05 INFO  Restarting mosquitto too frequently in the last 10 seconds. It was only up for 4 seconds
17:31:05 INFO  Delaying execution by 7 seconds
17:31:12 DEBUG Process parameters for sudo&lt;tedge_connect_c8y&gt;
  command line : /usr/bin/sudo /usr/bin/tedge connect c8y
    arg #1     : /usr/bin/tedge
    arg #2     : connect
    arg #3     : c8y
  working dir  : /home/pi/actions-runner/_work/thin-edge.io/thin-edge.io/tests/PySys/software_management_end_to_end/sm_apt_install_remove_multiple_mixed/Output/linux
  stdout       : /home/pi/actions-runner/_work/thin-edge.io/thin-edge.io/tests/PySys/software_management_end_to_end/sm_apt_install_remove_multiple_mixed/Output/linux/tedge_connect_c8y.out
  stderr       : /home/pi/actions-runner/_work/thin-edge.io/thin-edge.io/tests/PySys/software_management_end_to_end/sm_apt_install_remove_multiple_mixed/Output/linux/tedge_connect_c8y.err
  environment  : LD_LIBRARY_PATH=/usr/lib
  environment  : PATH=/bin:/usr/bin:/usr/sbin:/usr/local/bin
                   #1  /bin
                   #2  /usr/bin
                   #3  /usr/sbin
                   #4  /usr/local/bin
17:31:12 DEBUG Waiting up to 600 secs for process sudo&lt;tedge_connect_c8y&gt; (pid 12924)
17:31:26 INFO  Executed sudo&lt;tedge_connect_c8y&gt;, exit status 0, duration 13 secs
17:31:26 DEBUG Process parameters for sudo&lt;tedge_connect_c8y_test&gt;
  command line : /usr/bin/sudo /usr/bin/tedge connect c8y --test
    arg #1     : /usr/bin/tedge
    arg #2     : connect
    arg #3     : c8y
    arg #4     : --test
  working dir  : /home/pi/actions-runner/_work/thin-edge.io/thin-edge.io/tests/PySys/software_management_end_to_end/sm_apt_install_remove_multiple_mixed/Output/linux
  stdout       : /home/pi/actions-runner/_work/thin-edge.io/thin-edge.io/tests/PySys/software_management_end_to_end/sm_apt_install_remove_multiple_mixed/Output/linux/tedge_connect_c8y_test.out
  stderr       : /home/pi/actions-runner/_work/thin-edge.io/thin-edge.io/tests/PySys/software_management_end_to_end/sm_apt_install_remove_multiple_mixed/Output/linux/tedge_connect_c8y_test.err
  environment  : LD_LIBRARY_PATH=/usr/lib
  environment  : PATH=/bin:/usr/bin:/usr/sbin:/usr/local/bin
                   #1  /bin
                   #2  /usr/bin
                   #3  /usr/sbin
                   #4  /usr/local/bin
17:31:26 DEBUG Waiting up to 600 secs for process sudo&lt;tedge_connect_c8y_test&gt; (pid 13033)
17:31:26 INFO  Executed sudo&lt;tedge_connect_c8y_test&gt;, exit status 0
17:31:26 DEBUG Process parameters for systemctl&lt;serv_mosq2&gt;
  command line : /usr/bin/systemctl status mosquitto
    arg #1     : status
    arg #2     : mosquitto
  working dir  : /home/pi/actions-runner/_work/thin-edge.io/thin-edge.io/tests/PySys/software_management_end_to_end/sm_apt_install_remove_multiple_mixed/Output/linux
  stdout       : /home/pi/actions-runner/_work/thin-edge.io/thin-edge.io/tests/PySys/software_management_end_to_end/sm_apt_install_remove_multiple_mixed/Output/linux/serv_mosq2.out
  stderr       : /home/pi/actions-runner/_work/thin-edge.io/thin-edge.io/tests/PySys/software_management_end_to_end/sm_apt_install_remove_multiple_mixed/Output/linux/serv_mosq2.err
  environment  : LD_LIBRARY_PATH=/usr/lib
  environment  : PATH=/bin:/usr/bin:/usr/sbin:/usr/local/bin
                   #1  /bin
                   #2  /usr/bin
                   #3  /usr/sbin
                   #4  /usr/local/bin
17:31:26 DEBUG Waiting up to 600 secs for process systemctl&lt;serv_mosq2&gt; (pid 13054)
17:31:27 INFO  Executed systemctl&lt;serv_mosq2&gt;, exit status 0
17:31:27 DEBUG Process parameters for systemctl&lt;serv_mapper3&gt;
  command line : /usr/bin/systemctl status tedge-mapper-c8y
    arg #1     : status
    arg #2     : tedge-mapper-c8y
  working dir  : /home/pi/actions-runner/_work/thin-edge.io/thin-edge.io/tests/PySys/software_management_end_to_end/sm_apt_install_remove_multiple_mixed/Output/linux
  stdout       : /home/pi/actions-runner/_work/thin-edge.io/thin-edge.io/tests/PySys/software_management_end_to_end/sm_apt_install_remove_multiple_mixed/Output/linux/serv_mapper3.out
  stderr       : /home/pi/actions-runner/_work/thin-edge.io/thin-edge.io/tests/PySys/software_management_end_to_end/sm_apt_install_remove_multiple_mixed/Output/linux/serv_mapper3.err
  environment  : LD_LIBRARY_PATH=/usr/lib
  environment  : PATH=/bin:/usr/bin:/usr/sbin:/usr/local/bin
                   #1  /bin
                   #2  /usr/bin
                   #3  /usr/sbin
                   #4  /usr/local/bin
17:31:27 DEBUG Waiting up to 600 secs for process systemctl&lt;serv_mapper3&gt; (pid 13068)
17:31:27 INFO  Executed systemctl&lt;serv_mapper3&gt;, exit status 0
17:31:29 DEBUG Starting new HTTPS connection (1): thin-edge-io.eu-latest.cumulocity.com:443
17:31:30 DEBUG https://thin-edge-io.eu-latest.cumulocity.com:443 &quot;GET /devicecontrol/operations?deviceId=16980675&amp;pageSize=1&amp;revert=true&amp;dateFrom=1970-01-01T00%3A00%3A00.000Z HTTP/1.1&quot; 200 1421
17:31:30 DEBUG Final URL of the request: https://thin-edge-io.eu-latest.cumulocity.com/devicecontrol/operations?deviceId=16980675&amp;pageSize=1&amp;revert=true&amp;dateFrom=1970-01-01T00%3A00%3A00.000Z
17:31:30 INFO  State of current operation: SUCCESSFUL
17:31:30 DEBUG Starting new HTTPS connection (1): thin-edge-io.eu-latest.cumulocity.com:443
17:31:30 DEBUG https://thin-edge-io.eu-latest.cumulocity.com:443 &quot;GET /inventory/managedObjects/16980675 HTTP/1.1&quot; 200 None
17:31:30 INFO  Assert that (False == value) with value=False ... passed
17:31:30 DEBUG Starting new HTTPS connection (1): thin-edge-io.eu-latest.cumulocity.com:443
17:31:30 DEBUG https://thin-edge-io.eu-latest.cumulocity.com:443 &quot;GET /inventory/managedObjects/16980675 HTTP/1.1&quot; 200 None
17:31:30 INFO  Assert that (False == value) with value=False ... passed
17:31:30 DEBUG Starting new HTTPS connection (1): thin-edge-io.eu-latest.cumulocity.com:443
17:31:30 DEBUG https://thin-edge-io.eu-latest.cumulocity.com:443 &quot;GET /inventory/managedObjects/16980675 HTTP/1.1&quot; 200 None
17:31:30 INFO  Assert that (False == value) with value=False ... passed
17:31:30 DEBUG Starting new HTTPS connection (1): thin-edge-io.eu-latest.cumulocity.com:443
17:31:30 DEBUG https://thin-edge-io.eu-latest.cumulocity.com:443 &quot;GET /inventory/managedObjects/16980675 HTTP/1.1&quot; 200 None
17:31:31 INFO  Assert that (False == value) with value=False ... passed
17:31:31 DEBUG Starting new HTTPS connection (1): thin-edge-io.eu-latest.cumulocity.com:443
17:31:31 DEBUG https://thin-edge-io.eu-latest.cumulocity.com:443 &quot;GET /inventory/managedObjects/16980675 HTTP/1.1&quot; 200 None
17:31:31 INFO  Package moon-buggy is installed
17:31:31 WARN  Assert that (False == value) with value=True ... failed 
17:31:31 DEBUG --- test execute
17:31:32 DEBUG Starting new HTTPS connection (1): thin-edge-io.eu-latest.cumulocity.com:443
17:31:32 DEBUG https://thin-edge-io.eu-latest.cumulocity.com:443 &quot;POST /devicecontrol/operations HTTP/1.1&quot; 201 1396
17:31:32 INFO  Response status: 201
17:31:32 INFO  Response to action: {
    &quot;creationTime&quot;: &quot;2022-04-07T17:31:32.548Z&quot;,
    &quot;deviceId&quot;: &quot;16980675&quot;,
    &quot;deviceName&quot;: &quot;offsite_mythicd&quot;,
    &quot;self&quot;: &quot;https://t493319102.eu-latest.cumulocity.com/devicecontrol/operations/17009343&quot;,
    &quot;id&quot;: &quot;17009343&quot;,
    &quot;status&quot;: &quot;PENDING&quot;,
    &quot;description&quot;: &quot;Apply software changes, triggered from PySys: [{'action': 'install', 'id': '5475369', 'name': 'asciijump', 'url': ' ', 'version': '::apt'}, {'action': 'install', 'id': '5474869', 'name': 'robotfindskitten', 'url': ' ', 'version': ' '}, {'action': 'install', 'id': '5475279', 'name': 'squirrel3', 'url': ' ', 'version': '3.1-7::apt'}, {'action': 'install', 'id': '5152439', 'name': 'rolldice', 'url': ' ', 'version': '1.16-1+b1'}, {'action': 'install', 'id': '5439204', 'name': 'moon-buggy', 'url': ' ', 'version': '1:1.0.51-12'}, {'action': 'install', 'id': '5475369', 'name': 'asciijump', 'url': ' ', 'version': '::apt'}]&quot;,
    &quot;c8y_SoftwareUpdate&quot;: [
        {
            &quot;name&quot;: &quot;asciijump&quot;,
            &quot;action&quot;: &quot;install&quot;,
            &quot;id&quot;: &quot;5475369&quot;,
            &quot;version&quot;: &quot;::apt&quot;,
            &quot;url&quot;: &quot; &quot;
        },
        {
            &quot;name&quot;: &quot;robotfindskitten&quot;,
            &quot;action&quot;: &quot;install&quot;,
            &quot;id&quot;: &quot;5474869&quot;,
            &quot;version&quot;: &quot; &quot;,
            &quot;url&quot;: &quot; &quot;
        },
        {
            &quot;name&quot;: &quot;squirrel3&quot;,
            &quot;action&quot;: &quot;install&quot;,
            &quot;id&quot;: &quot;5475279&quot;,
            &quot;version&quot;: &quot;3.1-7::apt&quot;,
            &quot;url&quot;: &quot; &quot;
        },
        {
            &quot;name&quot;: &quot;rolldice&quot;,
            &quot;action&quot;: &quot;install&quot;,
            &quot;id&quot;: &quot;5152439&quot;,
            &quot;version&quot;: &quot;1.16-1+b1&quot;,
            &quot;url&quot;: &quot; &quot;
        },
        {
            &quot;name&quot;: &quot;moon-buggy&quot;,
            &quot;action&quot;: &quot;install&quot;,
            &quot;id&quot;: &quot;5439204&quot;,
            &quot;version&quot;: &quot;1:1.0.51-12&quot;,
            &quot;url&quot;: &quot; &quot;
        },
        {
            &quot;name&quot;: &quot;asciijump&quot;,
            &quot;action&quot;: &quot;install&quot;,
            &quot;id&quot;: &quot;5475369&quot;,
            &quot;version&quot;: &quot;::apt&quot;,
            &quot;url&quot;: &quot; &quot;
        }
    ]
}
17:31:32 INFO  Started operation: {'creationTime': '2022-04-07T17:31:32.548Z', 'deviceId': '16980675', 'deviceName': 'offsite_mythicd', 'self': 'https://t493319102.eu-latest.cumulocity.com/devicecontrol/operations/17009343', 'id': '17009343', 'status': 'PENDING', 'description': &quot;Apply software changes, triggered from PySys: [{'action': 'install', 'id': '5475369', 'name': 'asciijump', 'url': ' ', 'version': '::apt'}, {'action': 'install', 'id': '5474869', 'name': 'robotfindskitten', 'url': ' ', 'version': ' '}, {'action': 'install', 'id': '5475279', 'name': 'squirrel3', 'url': ' ', 'version': '3.1-7::apt'}, {'action': 'install', 'id': '5152439', 'name': 'rolldice', 'url': ' ', 'version': '1.16-1+b1'}, {'action': 'install', 'id': '5439204', 'name': 'moon-buggy', 'url': ' ', 'version': '1:1.0.51-12'}, {'action': 'install', 'id': '5475369', 'name': 'asciijump', 'url': ' ', 'version': '::apt'}]&quot;, 'c8y_SoftwareUpdate': [{'name': 'asciijump', 'action': 'install', 'id': '5475369', 'version': '::apt', 'url': ' '}, {'name': 'robotfindskitten', 'action': 'install', 'id': '5474869', 'version': ' ', 'url': ' '}, {'name': 'squirrel3', 'action': 'install', 'id': '5475279', 'version': '3.1-7::apt', 'url': ' '}, {'name': 'rolldice', 'action': 'install', 'id': '5152439', 'version': '1.16-1+b1', 'url': ' '}, {'name': 'moon-buggy', 'action': 'install', 'id': '5439204', 'version': '1:1.0.51-12', 'url': ' '}, {'name': 'asciijump', 'action': 'install', 'id': '5475369', 'version': '::apt', 'url': ' '}]}
17:31:34 DEBUG Starting new HTTPS connection (1): thin-edge-io.eu-latest.cumulocity.com:443
17:31:34 DEBUG https://thin-edge-io.eu-latest.cumulocity.com:443 &quot;GET /devicecontrol/operations/17009343 HTTP/1.1&quot; 200 1548
17:31:34 INFO  State of operation 17009343 : PENDING
17:31:36 DEBUG Starting new HTTPS connection (1): thin-edge-io.eu-latest.cumulocity.com:443
17:31:37 DEBUG https://thin-edge-io.eu-latest.cumulocity.com:443 &quot;GET /devicecontrol/operations/17009343 HTTP/1.1&quot; 200 1550
17:31:37 INFO  State of operation 17009343 : EXECUTING
17:31:39 DEBUG Starting new HTTPS connection (1): thin-edge-io.eu-latest.cumulocity.com:443
17:31:39 DEBUG https://thin-edge-io.eu-latest.cumulocity.com:443 &quot;GET /devicecontrol/operations/17009343 HTTP/1.1&quot; 200 1550
17:31:39 INFO  State of operation 17009343 : EXECUTING
17:31:41 DEBUG Starting new HTTPS connection (1): thin-edge-io.eu-latest.cumulocity.com:443
17:31:41 DEBUG https://thin-edge-io.eu-latest.cumulocity.com:443 &quot;GET /devicecontrol/operations/17009343 HTTP/1.1&quot; 200 1550
17:31:41 INFO  State of operation 17009343 : EXECUTING
17:31:43 DEBUG Starting new HTTPS connection (1): thin-edge-io.eu-latest.cumulocity.com:443
17:31:43 DEBUG https://thin-edge-io.eu-latest.cumulocity.com:443 &quot;GET /devicecontrol/operations/17009343 HTTP/1.1&quot; 200 1550
17:31:43 INFO  State of operation 17009343 : EXECUTING
17:31:45 DEBUG Starting new HTTPS connection (1): thin-edge-io.eu-latest.cumulocity.com:443
17:31:45 DEBUG https://thin-edge-io.eu-latest.cumulocity.com:443 &quot;GET /devicecontrol/operations/17009343 HTTP/1.1&quot; 200 1550
17:31:45 INFO  State of operation 17009343 : EXECUTING
17:31:47 DEBUG Starting new HTTPS connection (1): thin-edge-io.eu-latest.cumulocity.com:443
17:31:48 DEBUG https://thin-edge-io.eu-latest.cumulocity.com:443 &quot;GET /devicecontrol/operations/17009343 HTTP/1.1&quot; 200 1550
17:31:48 INFO  State of operation 17009343 : EXECUTING
17:31:50 DEBUG Starting new HTTPS connection (1): thin-edge-io.eu-latest.cumulocity.com:443
17:31:51 DEBUG https://thin-edge-io.eu-latest.cumulocity.com:443 &quot;GET /devicecontrol/operations/17009343 HTTP/1.1&quot; 200 1550
17:31:51 INFO  State of operation 17009343 : EXECUTING
17:31:53 DEBUG Starting new HTTPS connection (1): thin-edge-io.eu-latest.cumulocity.com:443
17:31:53 DEBUG https://thin-edge-io.eu-latest.cumulocity.com:443 &quot;GET /devicecontrol/operations/17009343 HTTP/1.1&quot; 200 1550
17:31:53 INFO  State of operation 17009343 : EXECUTING
17:31:56 DEBUG Starting new HTTPS connection (1): thin-edge-io.eu-latest.cumulocity.com:443
17:31:56 DEBUG https://thin-edge-io.eu-latest.cumulocity.com:443 &quot;GET /devicecontrol/operations/17009343 HTTP/1.1&quot; 200 1550
17:31:56 INFO  State of operation 17009343 : EXECUTING
17:31:58 DEBUG Starting new HTTPS connection (1): thin-edge-io.eu-latest.cumulocity.com:443
17:31:58 DEBUG https://thin-edge-io.eu-latest.cumulocity.com:443 &quot;GET /devicecontrol/operations/17009343 HTTP/1.1&quot; 200 1550
17:31:58 INFO  State of operation 17009343 : EXECUTING
17:32:00 DEBUG Starting new HTTPS connection (1): thin-edge-io.eu-latest.cumulocity.com:443
17:32:00 DEBUG https://thin-edge-io.eu-latest.cumulocity.com:443 &quot;GET /devicecontrol/operations/17009343 HTTP/1.1&quot; 200 1550
17:32:00 INFO  State of operation 17009343 : EXECUTING
17:32:02 DEBUG Starting new HTTPS connection (1): thin-edge-io.eu-latest.cumulocity.com:443
17:32:02 DEBUG https://thin-edge-io.eu-latest.cumulocity.com:443 &quot;GET /devicecontrol/operations/17009343 HTTP/1.1&quot; 200 1550
17:32:02 INFO  State of operation 17009343 : EXECUTING
17:32:05 DEBUG Starting new HTTPS connection (1): thin-edge-io.eu-latest.cumulocity.com:443
17:32:05 DEBUG https://thin-edge-io.eu-latest.cumulocity.com:443 &quot;GET /devicecontrol/operations/17009343 HTTP/1.1&quot; 200 1550
17:32:05 INFO  State of operation 17009343 : EXECUTING
17:32:07 DEBUG Starting new HTTPS connection (1): thin-edge-io.eu-latest.cumulocity.com:443
17:32:07 DEBUG https://thin-edge-io.eu-latest.cumulocity.com:443 &quot;GET /devicecontrol/operations/17009343 HTTP/1.1&quot; 200 1550
17:32:07 INFO  State of operation 17009343 : EXECUTING
17:32:09 DEBUG Starting new HTTPS connection (1): thin-edge-io.eu-latest.cumulocity.com:443
17:32:09 DEBUG https://thin-edge-io.eu-latest.cumulocity.com:443 &quot;GET /devicecontrol/operations/17009343 HTTP/1.1&quot; 200 1550
17:32:09 INFO  State of operation 17009343 : EXECUTING
17:32:11 DEBUG Starting new HTTPS connection (1): thin-edge-io.eu-latest.cumulocity.com:443
17:32:12 DEBUG https://thin-edge-io.eu-latest.cumulocity.com:443 &quot;GET /devicecontrol/operations/17009343 HTTP/1.1&quot; 200 1550
17:32:12 INFO  State of operation 17009343 : EXECUTING
17:32:14 DEBUG Starting new HTTPS connection (1): thin-edge-io.eu-latest.cumulocity.com:443
17:32:14 DEBUG https://thin-edge-io.eu-latest.cumulocity.com:443 &quot;GET /devicecontrol/operations/17009343 HTTP/1.1&quot; 200 1550
17:32:14 INFO  State of operation 17009343 : EXECUTING
17:32:16 DEBUG Starting new HTTPS connection (1): thin-edge-io.eu-latest.cumulocity.com:443
17:32:17 DEBUG https://thin-edge-io.eu-latest.cumulocity.com:443 &quot;GET /devicecontrol/operations/17009343 HTTP/1.1&quot; 200 1550
17:32:17 INFO  State of operation 17009343 : EXECUTING
17:32:19 DEBUG Starting new HTTPS connection (1): thin-edge-io.eu-latest.cumulocity.com:443
17:32:19 DEBUG https://thin-edge-io.eu-latest.cumulocity.com:443 &quot;GET /devicecontrol/operations/17009343 HTTP/1.1&quot; 200 1550
17:32:19 INFO  State of operation 17009343 : EXECUTING
17:32:21 DEBUG Starting new HTTPS connection (1): thin-edge-io.eu-latest.cumulocity.com:443
17:32:21 DEBUG https://thin-edge-io.eu-latest.cumulocity.com:443 &quot;GET /devicecontrol/operations/17009343 HTTP/1.1&quot; 200 1550
17:32:21 INFO  State of operation 17009343 : EXECUTING
17:32:23 DEBUG Starting new HTTPS connection (1): thin-edge-io.eu-latest.cumulocity.com:443
17:32:23 DEBUG https://thin-edge-io.eu-latest.cumulocity.com:443 &quot;GET /devicecontrol/operations/17009343 HTTP/1.1&quot; 200 1550
17:32:23 INFO  State of operation 17009343 : EXECUTING
17:32:25 DEBUG Starting new HTTPS connection (1): thin-edge-io.eu-latest.cumulocity.com:443
17:32:26 DEBUG https://thin-edge-io.eu-latest.cumulocity.com:443 &quot;GET /devicecontrol/operations/17009343 HTTP/1.1&quot; 200 1550
17:32:26 INFO  State of operation 17009343 : EXECUTING
17:32:28 DEBUG Starting new HTTPS connection (1): thin-edge-io.eu-latest.cumulocity.com:443
17:32:28 DEBUG https://thin-edge-io.eu-latest.cumulocity.com:443 &quot;GET /devicecontrol/operations/17009343 HTTP/1.1&quot; 200 1550
17:32:28 INFO  State of operation 17009343 : EXECUTING
17:32:31 DEBUG Starting new HTTPS connection (1): thin-edge-io.eu-latest.cumulocity.com:443
17:32:31 DEBUG https://thin-edge-io.eu-latest.cumulocity.com:443 &quot;GET /devicecontrol/operations/17009343 HTTP/1.1&quot; 200 1550
17:32:31 INFO  State of operation 17009343 : EXECUTING
17:32:33 DEBUG Starting new HTTPS connection (1): thin-edge-io.eu-latest.cumulocity.com:443
17:32:33 DEBUG https://thin-edge-io.eu-latest.cumulocity.com:443 &quot;GET /devicecontrol/operations/17009343 HTTP/1.1&quot; 200 1550
17:32:33 INFO  State of operation 17009343 : EXECUTING
17:32:35 DEBUG Starting new HTTPS connection (1): thin-edge-io.eu-latest.cumulocity.com:443
17:32:36 DEBUG https://thin-edge-io.eu-latest.cumulocity.com:443 &quot;GET /devicecontrol/operations/17009343 HTTP/1.1&quot; 200 1550
17:32:36 INFO  State of operation 17009343 : EXECUTING
17:32:38 DEBUG Starting new HTTPS connection (1): thin-edge-io.eu-latest.cumulocity.com:443
17:32:38 DEBUG https://thin-edge-io.eu-latest.cumulocity.com:443 &quot;GET /devicecontrol/operations/17009343 HTTP/1.1&quot; 200 1550
17:32:38 INFO  State of operation 17009343 : EXECUTING
17:32:40 DEBUG Starting new HTTPS connection (1): thin-edge-io.eu-latest.cumulocity.com:443
17:32:41 DEBUG https://thin-edge-io.eu-latest.cumulocity.com:443 &quot;GET /devicecontrol/operations/17009343 HTTP/1.1&quot; 200 1550
17:32:41 INFO  State of operation 17009343 : EXECUTING
17:32:43 DEBUG Starting new HTTPS connection (1): thin-edge-io.eu-latest.cumulocity.com:443
17:32:43 DEBUG https://thin-edge-io.eu-latest.cumulocity.com:443 &quot;GET /devicecontrol/operations/17009343 HTTP/1.1&quot; 200 1550
17:32:43 INFO  State of operation 17009343 : EXECUTING
17:32:45 DEBUG Starting new HTTPS connection (1): thin-edge-io.eu-latest.cumulocity.com:443
17:32:45 DEBUG https://thin-edge-io.eu-latest.cumulocity.com:443 &quot;GET /devicecontrol/operations/17009343 HTTP/1.1&quot; 200 1550
17:32:45 INFO  State of operation 17009343 : EXECUTING
17:32:48 DEBUG Starting new HTTPS connection (1): thin-edge-io.eu-latest.cumulocity.com:443
17:32:48 DEBUG https://thin-edge-io.eu-latest.cumulocity.com:443 &quot;GET /devicecontrol/operations/17009343 HTTP/1.1&quot; 200 1550
17:32:48 INFO  State of operation 17009343 : EXECUTING
17:32:50 DEBUG Starting new HTTPS connection (1): thin-edge-io.eu-latest.cumulocity.com:443
17:32:50 DEBUG https://thin-edge-io.eu-latest.cumulocity.com:443 &quot;GET /devicecontrol/operations/17009343 HTTP/1.1&quot; 200 1550
17:32:50 INFO  State of operation 17009343 : EXECUTING
17:32:52 DEBUG Starting new HTTPS connection (1): thin-edge-io.eu-latest.cumulocity.com:443
17:32:52 DEBUG https://thin-edge-io.eu-latest.cumulocity.com:443 &quot;GET /devicecontrol/operations/17009343 HTTP/1.1&quot; 200 1550
17:32:52 INFO  State of operation 17009343 : EXECUTING
17:32:54 DEBUG Starting new HTTPS connection (1): thin-edge-io.eu-latest.cumulocity.com:443
17:32:54 DEBUG https://thin-edge-io.eu-latest.cumulocity.com:443 &quot;GET /devicecontrol/operations/17009343 HTTP/1.1&quot; 200 1550
17:32:54 INFO  State of operation 17009343 : EXECUTING
17:32:56 DEBUG Starting new HTTPS connection (1): thin-edge-io.eu-latest.cumulocity.com:443
17:32:57 DEBUG https://thin-edge-io.eu-latest.cumulocity.com:443 &quot;GET /devicecontrol/operations/17009343 HTTP/1.1&quot; 200 1550
17:32:57 INFO  State of operation 17009343 : EXECUTING
17:32:59 DEBUG Starting new HTTPS connection (1): thin-edge-io.eu-latest.cumulocity.com:443
17:32:59 DEBUG https://thin-edge-io.eu-latest.cumulocity.com:443 &quot;GET /devicecontrol/operations/17009343 HTTP/1.1&quot; 200 1550
17:32:59 INFO  State of operation 17009343 : EXECUTING
17:33:01 DEBUG Starting new HTTPS connection (1): thin-edge-io.eu-latest.cumulocity.com:443
17:33:01 DEBUG https://thin-edge-io.eu-latest.cumulocity.com:443 &quot;GET /devicecontrol/operations/17009343 HTTP/1.1&quot; 200 1550
17:33:01 INFO  State of operation 17009343 : EXECUTING
17:33:03 DEBUG Starting new HTTPS connection (1): thin-edge-io.eu-latest.cumulocity.com:443
17:33:04 DEBUG https://thin-edge-io.eu-latest.cumulocity.com:443 &quot;GET /devicecontrol/operations/17009343 HTTP/1.1&quot; 200 1550
17:33:04 INFO  State of operation 17009343 : EXECUTING
17:33:06 DEBUG Starting new HTTPS connection (1): thin-edge-io.eu-latest.cumulocity.com:443
17:33:06 DEBUG https://thin-edge-io.eu-latest.cumulocity.com:443 &quot;GET /devicecontrol/operations/17009343 HTTP/1.1&quot; 200 1550
17:33:06 INFO  State of operation 17009343 : EXECUTING
17:33:09 DEBUG Starting new HTTPS connection (1): thin-edge-io.eu-latest.cumulocity.com:443
17:33:09 DEBUG https://thin-edge-io.eu-latest.cumulocity.com:443 &quot;GET /devicecontrol/operations/17009343 HTTP/1.1&quot; 200 1550
17:33:09 INFO  State of operation 17009343 : EXECUTING
17:33:11 DEBUG Starting new HTTPS connection (1): thin-edge-io.eu-latest.cumulocity.com:443
17:33:11 DEBUG https://thin-edge-io.eu-latest.cumulocity.com:443 &quot;GET /devicecontrol/operations/17009343 HTTP/1.1&quot; 200 1550
17:33:11 INFO  State of operation 17009343 : EXECUTING
17:33:13 DEBUG Starting new HTTPS connection (1): thin-edge-io.eu-latest.cumulocity.com:443
17:33:13 DEBUG https://thin-edge-io.eu-latest.cumulocity.com:443 &quot;GET /devicecontrol/operations/17009343 HTTP/1.1&quot; 200 1550
17:33:14 INFO  State of operation 17009343 : EXECUTING
17:33:16 DEBUG Starting new HTTPS connection (1): thin-edge-io.eu-latest.cumulocity.com:443
17:33:16 DEBUG https://thin-edge-io.eu-latest.cumulocity.com:443 &quot;GET /devicecontrol/operations/17009343 HTTP/1.1&quot; 200 1550
17:33:16 INFO  State of operation 17009343 : EXECUTING
17:33:18 DEBUG Starting new HTTPS connection (1): thin-edge-io.eu-latest.cumulocity.com:443
17:33:18 DEBUG https://thin-edge-io.eu-latest.cumulocity.com:443 &quot;GET /devicecontrol/operations/17009343 HTTP/1.1&quot; 200 1550
17:33:18 INFO  State of operation 17009343 : EXECUTING
17:33:20 DEBUG Starting new HTTPS connection (1): thin-edge-io.eu-latest.cumulocity.com:443
17:33:20 DEBUG https://thin-edge-io.eu-latest.cumulocity.com:443 &quot;GET /devicecontrol/operations/17009343 HTTP/1.1&quot; 200 1550
17:33:20 INFO  State of operation 17009343 : EXECUTING
17:33:22 DEBUG Starting new HTTPS connection (1): thin-edge-io.eu-latest.cumulocity.com:443
17:33:22 DEBUG https://thin-edge-io.eu-latest.cumulocity.com:443 &quot;GET /devicecontrol/operations/17009343 HTTP/1.1&quot; 200 1550
17:33:22 INFO  State of operation 17009343 : EXECUTING
17:33:24 DEBUG Starting new HTTPS connection (1): thin-edge-io.eu-latest.cumulocity.com:443
17:33:25 DEBUG https://thin-edge-io.eu-latest.cumulocity.com:443 &quot;GET /devicecontrol/operations/17009343 HTTP/1.1&quot; 200 1550
17:33:25 INFO  State of operation 17009343 : EXECUTING
17:33:27 DEBUG Starting new HTTPS connection (1): thin-edge-io.eu-latest.cumulocity.com:443
17:33:27 DEBUG https://thin-edge-io.eu-latest.cumulocity.com:443 &quot;GET /devicecontrol/operations/17009343 HTTP/1.1&quot; 200 1550
17:33:27 INFO  State of operation 17009343 : EXECUTING
17:33:29 DEBUG Starting new HTTPS connection (1): thin-edge-io.eu-latest.cumulocity.com:443
17:33:30 DEBUG https://thin-edge-io.eu-latest.cumulocity.com:443 &quot;GET /devicecontrol/operations/17009343 HTTP/1.1&quot; 200 1550
17:33:30 INFO  State of operation 17009343 : EXECUTING
17:33:32 DEBUG Starting new HTTPS connection (1): thin-edge-io.eu-latest.cumulocity.com:443
17:33:32 DEBUG https://thin-edge-io.eu-latest.cumulocity.com:443 &quot;GET /devicecontrol/operations/17009343 HTTP/1.1&quot; 200 1550
17:33:32 INFO  State of operation 17009343 : EXECUTING
17:33:34 DEBUG Starting new HTTPS connection (1): thin-edge-io.eu-latest.cumulocity.com:443
17:33:34 DEBUG https://thin-edge-io.eu-latest.cumulocity.com:443 &quot;GET /devicecontrol/operations/17009343 HTTP/1.1&quot; 200 1550
17:33:34 INFO  State of operation 17009343 : EXECUTING
17:33:36 DEBUG Starting new HTTPS connection (1): thin-edge-io.eu-latest.cumulocity.com:443
17:33:37 DEBUG https://thin-edge-io.eu-latest.cumulocity.com:443 &quot;GET /devicecontrol/operations/17009343 HTTP/1.1&quot; 200 1550
17:33:37 INFO  State of operation 17009343 : EXECUTING
17:33:39 DEBUG Starting new HTTPS connection (1): thin-edge-io.eu-latest.cumulocity.com:443
17:33:39 DEBUG https://thin-edge-io.eu-latest.cumulocity.com:443 &quot;GET /devicecontrol/operations/17009343 HTTP/1.1&quot; 200 1550
17:33:39 INFO  State of operation 17009343 : EXECUTING
17:33:41 DEBUG Starting new HTTPS connection (1): thin-edge-io.eu-latest.cumulocity.com:443
17:33:41 DEBUG https://thin-edge-io.eu-latest.cumulocity.com:443 &quot;GET /devicecontrol/operations/17009343 HTTP/1.1&quot; 200 1550
17:33:41 INFO  State of operation 17009343 : EXECUTING
17:33:43 DEBUG Starting new HTTPS connection (1): thin-edge-io.eu-latest.cumulocity.com:443
17:33:44 DEBUG https://thin-edge-io.eu-latest.cumulocity.com:443 &quot;GET /devicecontrol/operations/17009343 HTTP/1.1&quot; 200 1550
17:33:44 INFO  State of operation 17009343 : EXECUTING
17:33:46 DEBUG Starting new HTTPS connection (1): thin-edge-io.eu-latest.cumulocity.com:443
17:33:46 DEBUG https://thin-edge-io.eu-latest.cumulocity.com:443 &quot;GET /devicecontrol/operations/17009343 HTTP/1.1&quot; 200 1550
17:33:46 INFO  State of operation 17009343 : EXECUTING
17:33:48 DEBUG Starting new HTTPS connection (1): thin-edge-io.eu-latest.cumulocity.com:443
17:33:49 DEBUG https://thin-edge-io.eu-latest.cumulocity.com:443 &quot;GET /devicecontrol/operations/17009343 HTTP/1.1&quot; 200 1550
17:33:49 INFO  State of operation 17009343 : EXECUTING
17:33:51 DEBUG Starting new HTTPS connection (1): thin-edge-io.eu-latest.cumulocity.com:443
17:33:51 DEBUG https://thin-edge-io.eu-latest.cumulocity.com:443 &quot;GET /devicecontrol/operations/17009343 HTTP/1.1&quot; 200 1550
17:33:51 INFO  State of operation 17009343 : EXECUTING
17:33:53 DEBUG Starting new HTTPS connection (1): thin-edge-io.eu-latest.cumulocity.com:443
17:33:53 DEBUG https://thin-edge-io.eu-latest.cumulocity.com:443 &quot;GET /devicecontrol/operations/17009343 HTTP/1.1&quot; 200 1550
17:33:53 INFO  State of operation 17009343 : EXECUTING
17:33:55 DEBUG Starting new HTTPS connection (1): thin-edge-io.eu-latest.cumulocity.com:443
17:33:55 DEBUG https://thin-edge-io.eu-latest.cumulocity.com:443 &quot;GET /devicecontrol/operations/17009343 HTTP/1.1&quot; 200 1550
17:33:55 INFO  State of operation 17009343 : EXECUTING
17:33:57 WARN  SystemError occurred while running test - Timeout while waiting for status SUCCESSFUL or False
Traceback (most recent call last):
  File &quot;/home/pi/env-pysys/lib/python3.7/site-packages/pysys/baserunner.py&quot;, line 1294, in __call__
    self.testObj.execute()
  File &quot;/home/pi/actions-runner/_work/thin-edge.io/thin-edge.io/tests/PySys/software_management_end_to_end/sm_apt_install_remove_multiple_mixed/run.py&quot;, line 89, in execute
    self.wait_until_succcess()
  File &quot;/home/pi/actions-runner/_work/thin-edge.io/thin-edge.io/tests/PySys/software_management_end_to_end/environment_sm_management.py&quot;, line 324, in wait_until_succcess
    self.wait_until_status(&quot;SUCCESSFUL&quot;)
  File &quot;/home/pi/actions-runner/_work/thin-edge.io/thin-edge.io/tests/PySys/software_management_end_to_end/environment_sm_management.py&quot;, line 381, in wait_until_status
    &quot;Timeout while waiting for status %s or %s&quot; % (status, status2)
SystemError: Timeout while waiting for status SUCCESSFUL or False
17:33:58 WARN  SystemError: Timeout while waiting for status SUCCESSFUL or False ... blocked 
17:33:58 DEBUG --- test cleanup
17:33:58 INFO  
17:33:58 INFO  cleanup:
17:33:58 DEBUG Running registered cleanup function: &lt;bound method SoftwareManagement.mysmcleanup of &lt;PySysTest object at 0x7605a930&gt;&gt;
17:33:58 DEBUG Running registered cleanup function: &lt;bound method EnvironmentC8y.myenvcleanup of &lt;PySysTest object at 0x7605a930&gt;&gt;
17:33:58 DEBUG EnvironmentC8y Cleanup
17:33:58 DEBUG Process parameters for sudo&lt;tedge_disconnect_c8y&gt;
  command line : /usr/bin/sudo /usr/bin/tedge disconnect c8y
    arg #1     : /usr/bin/tedge
    arg #2     : disconnect
    arg #3     : c8y
  working dir  : /home/pi/actions-runner/_work/thin-edge.io/thin-edge.io/tests/PySys/software_management_end_to_end/sm_apt_install_remove_multiple_mixed/Output/linux
  stdout       : /home/pi/actions-runner/_work/thin-edge.io/thin-edge.io/tests/PySys/software_management_end_to_end/sm_apt_install_remove_multiple_mixed/Output/linux/tedge_disconnect_c8y.out
  stderr       : /home/pi/actions-runner/_work/thin-edge.io/thin-edge.io/tests/PySys/software_management_end_to_end/sm_apt_install_remove_multiple_mixed/Output/linux/tedge_disconnect_c8y.err
  environment  : LD_LIBRARY_PATH=/usr/lib
  environment  : PATH=/bin:/usr/bin:/usr/sbin:/usr/local/bin
                   #1  /bin
                   #2  /usr/bin
                   #3  /usr/sbin
                   #4  /usr/local/bin
17:33:58 DEBUG Waiting up to 600 secs for process sudo&lt;tedge_disconnect_c8y&gt; (pid 13792)
17:34:02 INFO  Executed sudo&lt;tedge_disconnect_c8y&gt;, exit status 0
17:34:02 DEBUG Process parameters for systemctl&lt;serv_mapper5&gt;
  command line : /usr/bin/systemctl status tedge-mapper-c8y
    arg #1     : status
    arg #2     : tedge-mapper-c8y
  working dir  : /home/pi/actions-runner/_work/thin-edge.io/thin-edge.io/tests/PySys/software_management_end_to_end/sm_apt_install_remove_multiple_mixed/Output/linux
  stdout       : /home/pi/actions-runner/_work/thin-edge.io/thin-edge.io/tests/PySys/software_management_end_to_end/sm_apt_install_remove_multiple_mixed/Output/linux/serv_mapper5.out
  stderr       : /home/pi/actions-runner/_work/thin-edge.io/thin-edge.io/tests/PySys/software_management_end_to_end/sm_apt_install_remove_multiple_mixed/Output/linux/serv_mapper5.err
  environment  : LD_LIBRARY_PATH=/usr/lib
  environment  : PATH=/bin:/usr/bin:/usr/sbin:/usr/local/bin
                   #1  /bin
                   #2  /usr/bin
                   #3  /usr/sbin
                   #4  /usr/local/bin
17:34:02 DEBUG Waiting up to 600 secs for process systemctl&lt;serv_mapper5&gt; (pid 13832)
17:34:03 INFO  Executed systemctl&lt;serv_mapper5&gt;, exit status 3
17:34:03 DEBUG ProcessUser cleanup function done.
17:34:03 INFO  
17:34:03 INFO  Test duration: 178.65 secs
17:34:03 INFO  Test final outcome:  BLOCKED
17:34:03 INFO  Test outcome reason: SystemError: Timeout while waiting for status SUCCESSFUL or False (+1 other failures)
17:34:03 INFO  
</system-out>
	</testcase>
</testsuite>
