<?xml version="1.0" encoding="utf-8"?>
<testsuite failures="1" name="SoftwareManagement.sm_mixed_install_remove_multiple" skipped="0" tests="1" time="170.27" timestamp="2022-04-14T08:14:57">
	<testcase classname="PySysTest" name="SoftwareManagement.sm_mixed_install_remove_multiple">
		<failure message="FAILED: Assert that (False == value) with value=True" type="FAILED"/>
		<system-out>08:12:07 INFO  ==============================================================
08:12:07 INFO  Id:    SoftwareManagement.sm_mixed_install_remove_multiple
08:12:07 INFO  Dir:   software_management_end_to_end/
08:12:07 INFO  Title: Validate end to end behaviour for the dummy-plugin for multiple packages with mixed versions
08:12:07 INFO  ==============================================================
08:12:07 INFO  Using sw id database: {'asciijump': '5475369', 'robotfindskitten': '5474869', 'squirrel3': '5475279', 'rolldice': '5152439', 'moon-buggy': '5439204', 'apple': '5495053', 'banana': '5494888', 'cherry': '5495382', 'watermelon': '5494510', 'registry': '8018911', 'hello-world': '8021526', 'docker/getting-started': '8021973', 'alpine': '7991792'}
08:12:07 INFO  EnvironmentC8y Setup
08:12:07 INFO  Executed systemctl&lt;serv_mapper1&gt;, exit status 3
08:12:07 INFO  Restarting mosquitto too frequently in the last 10 seconds. It was only up for 5 seconds
08:12:07 INFO  Delaying execution by 6 seconds
08:12:28 INFO  Executed sudo&lt;tedge_connect_c8y&gt;, exit status 0, duration 14 secs
08:12:29 INFO  Executed sudo&lt;tedge_connect_c8y_test&gt;, exit status 0
08:12:29 INFO  Executed systemctl&lt;serv_mosq2&gt;, exit status 0
08:12:30 INFO  Executed systemctl&lt;serv_mapper3&gt;, exit status 0
08:12:32 INFO  State of current operation: SUCCESSFUL
08:12:32 INFO  Package apple is installed
08:12:32 INFO  Assert that (True == value) with value=True ... passed
08:12:32 INFO  Package banana is installed
08:12:32 INFO  Assert that (True == value) with value=True ... passed
08:12:32 INFO  Package cherry is installed
08:12:32 INFO  Assert that (True == value) with value=True ... passed
08:12:33 INFO  Package asciijump is installed
08:12:33 WARN  Assert that (False == value) with value=True ... failed 
08:12:33 INFO  Assert that (False == value) with value=False ... passed
08:12:33 INFO  Response status: 201
08:12:33 INFO  Response to action: {
    &quot;delivery&quot;: {
        &quot;time&quot;: &quot;2022-04-14T08:12:33.834Z&quot;,
        &quot;log&quot;: [],
        &quot;status&quot;: &quot;PENDING&quot;
    },
    &quot;creationTime&quot;: &quot;2022-04-14T08:12:33.815Z&quot;,
    &quot;deviceId&quot;: &quot;17294230&quot;,
    &quot;deviceName&quot;: &quot;mythicd&quot;,
    &quot;self&quot;: &quot;https://t493319102.eu-latest.cumulocity.com/devicecontrol/operations/17317622&quot;,
    &quot;id&quot;: &quot;17317622&quot;,
    &quot;status&quot;: &quot;PENDING&quot;,
    &quot;description&quot;: &quot;Apply software changes, triggered from PySys: [{'action': 'install', 'id': '5495053', 'name': 'apple', 'url': ' ', 'version': '::fruits'}, {'action': 'install', 'id': '5494888', 'name': 'banana', 'url': ' ', 'version': '::fruits'}, {'action': 'install', 'id': '5475369', 'name': 'asciijump', 'url': ' ', 'version': '::apt'}, {'action': 'install', 'id': '5495382', 'name': 'cherry', 'url': ' ', 'version': '::fruits'}, {'action': 'install', 'id': '8018911', 'name': 'registry', 'url': ' ', 'version': '::docker'}]&quot;,
    &quot;c8y_SoftwareUpdate&quot;: [
        {
            &quot;name&quot;: &quot;apple&quot;,
            &quot;action&quot;: &quot;install&quot;,
            &quot;id&quot;: &quot;5495053&quot;,
            &quot;version&quot;: &quot;::fruits&quot;,
            &quot;url&quot;: &quot; &quot;
        },
        {
            &quot;name&quot;: &quot;banana&quot;,
            &quot;action&quot;: &quot;install&quot;,
            &quot;id&quot;: &quot;5494888&quot;,
            &quot;version&quot;: &quot;::fruits&quot;,
            &quot;url&quot;: &quot; &quot;
        },
        {
            &quot;name&quot;: &quot;asciijump&quot;,
            &quot;action&quot;: &quot;install&quot;,
            &quot;id&quot;: &quot;5475369&quot;,
            &quot;version&quot;: &quot;::apt&quot;,
            &quot;url&quot;: &quot; &quot;
        },
        {
            &quot;name&quot;: &quot;cherry&quot;,
            &quot;action&quot;: &quot;install&quot;,
            &quot;id&quot;: &quot;5495382&quot;,
            &quot;version&quot;: &quot;::fruits&quot;,
            &quot;url&quot;: &quot; &quot;
        },
        {
            &quot;name&quot;: &quot;registry&quot;,
            &quot;action&quot;: &quot;install&quot;,
            &quot;id&quot;: &quot;8018911&quot;,
            &quot;version&quot;: &quot;::docker&quot;,
            &quot;url&quot;: &quot; &quot;
        }
    ]
}
08:12:33 INFO  Started operation: {'delivery': {'time': '2022-04-14T08:12:33.834Z', 'log': [], 'status': 'PENDING'}, 'creationTime': '2022-04-14T08:12:33.815Z', 'deviceId': '17294230', 'deviceName': 'mythicd', 'self': 'https://t493319102.eu-latest.cumulocity.com/devicecontrol/operations/17317622', 'id': '17317622', 'status': 'PENDING', 'description': &quot;Apply software changes, triggered from PySys: [{'action': 'install', 'id': '5495053', 'name': 'apple', 'url': ' ', 'version': '::fruits'}, {'action': 'install', 'id': '5494888', 'name': 'banana', 'url': ' ', 'version': '::fruits'}, {'action': 'install', 'id': '5475369', 'name': 'asciijump', 'url': ' ', 'version': '::apt'}, {'action': 'install', 'id': '5495382', 'name': 'cherry', 'url': ' ', 'version': '::fruits'}, {'action': 'install', 'id': '8018911', 'name': 'registry', 'url': ' ', 'version': '::docker'}]&quot;, 'c8y_SoftwareUpdate': [{'name': 'apple', 'action': 'install', 'id': '5495053', 'version': '::fruits', 'url': ' '}, {'name': 'banana', 'action': 'install', 'id': '5494888', 'version': '::fruits', 'url': ' '}, {'name': 'asciijump', 'action': 'install', 'id': '5475369', 'version': '::apt', 'url': ' '}, {'name': 'cherry', 'action': 'install', 'id': '5495382', 'version': '::fruits', 'url': ' '}, {'name': 'registry', 'action': 'install', 'id': '8018911', 'version': '::docker', 'url': ' '}]}
08:12:36 INFO  State of operation 17317622 : PENDING
08:12:38 INFO  State of operation 17317622 : EXECUTING
08:12:40 INFO  State of operation 17317622 : EXECUTING
08:12:42 INFO  State of operation 17317622 : EXECUTING
08:12:44 INFO  State of operation 17317622 : EXECUTING
08:12:47 INFO  State of operation 17317622 : EXECUTING
08:12:50 INFO  State of operation 17317622 : EXECUTING
08:12:54 INFO  State of operation 17317622 : EXECUTING
08:12:56 INFO  State of operation 17317622 : EXECUTING
08:12:58 INFO  State of operation 17317622 : EXECUTING
08:13:01 INFO  State of operation 17317622 : EXECUTING
08:13:03 INFO  State of operation 17317622 : EXECUTING
08:13:05 INFO  State of operation 17317622 : EXECUTING
08:13:07 INFO  State of operation 17317622 : EXECUTING
08:13:10 INFO  State of operation 17317622 : EXECUTING
08:13:12 INFO  State of operation 17317622 : EXECUTING
08:13:14 INFO  State of operation 17317622 : EXECUTING
08:13:17 INFO  State of operation 17317622 : EXECUTING
08:13:19 INFO  State of operation 17317622 : EXECUTING
08:13:21 INFO  State of operation 17317622 : EXECUTING
08:13:24 INFO  State of operation 17317622 : EXECUTING
08:13:26 INFO  State of operation 17317622 : EXECUTING
08:13:28 INFO  State of operation 17317622 : EXECUTING
08:13:31 INFO  State of operation 17317622 : EXECUTING
08:13:33 INFO  State of operation 17317622 : EXECUTING
08:13:35 INFO  State of operation 17317622 : SUCCESSFUL
08:13:35 INFO  Package apple is installed
08:13:35 INFO  Assert that (True == value) with value=True ... passed
08:13:35 INFO  Package banana is installed
08:13:35 INFO  Assert that (True == value) with value=True ... passed
08:13:36 INFO  Package cherry is installed
08:13:36 INFO  Assert that (True == value) with value=True ... passed
08:13:36 INFO  Package asciijump is installed
08:13:36 INFO  Assert that (True == value) with value=True ... passed
08:13:36 INFO  Package registry is installed
08:13:36 INFO  Assert that (True == value) with value=True ... passed
08:13:36 INFO  Response status: 201
08:13:36 INFO  Response to action: {
    &quot;delivery&quot;: {
        &quot;time&quot;: &quot;2022-04-14T08:13:36.846Z&quot;,
        &quot;log&quot;: [],
        &quot;status&quot;: &quot;PENDING&quot;
    },
    &quot;creationTime&quot;: &quot;2022-04-14T08:13:36.831Z&quot;,
    &quot;deviceId&quot;: &quot;17294230&quot;,
    &quot;deviceName&quot;: &quot;mythicd&quot;,
    &quot;self&quot;: &quot;https://t493319102.eu-latest.cumulocity.com/devicecontrol/operations/17317641&quot;,
    &quot;id&quot;: &quot;17317641&quot;,
    &quot;status&quot;: &quot;PENDING&quot;,
    &quot;description&quot;: &quot;Apply software changes, triggered from PySys: [{'action': 'delete', 'id': '5495053', 'name': 'apple', 'url': ' ', 'version': '::fruits'}, {'action': 'delete', 'id': '5494888', 'name': 'banana', 'url': ' ', 'version': '::fruits'}, {'action': 'delete', 'id': '5475369', 'name': 'asciijump', 'url': ' ', 'version': '::apt'}, {'action': 'delete', 'id': '5495382', 'name': 'cherry', 'url': ' ', 'version': '::fruits'}, {'action': 'delete', 'id': '8018911', 'name': 'registry', 'url': ' ', 'version': '::docker'}]&quot;,
    &quot;c8y_SoftwareUpdate&quot;: [
        {
            &quot;name&quot;: &quot;apple&quot;,
            &quot;action&quot;: &quot;delete&quot;,
            &quot;id&quot;: &quot;5495053&quot;,
            &quot;version&quot;: &quot;::fruits&quot;,
            &quot;url&quot;: &quot; &quot;
        },
        {
            &quot;name&quot;: &quot;banana&quot;,
            &quot;action&quot;: &quot;delete&quot;,
            &quot;id&quot;: &quot;5494888&quot;,
            &quot;version&quot;: &quot;::fruits&quot;,
            &quot;url&quot;: &quot; &quot;
        },
        {
            &quot;name&quot;: &quot;asciijump&quot;,
            &quot;action&quot;: &quot;delete&quot;,
            &quot;id&quot;: &quot;5475369&quot;,
            &quot;version&quot;: &quot;::apt&quot;,
            &quot;url&quot;: &quot; &quot;
        },
        {
            &quot;name&quot;: &quot;cherry&quot;,
            &quot;action&quot;: &quot;delete&quot;,
            &quot;id&quot;: &quot;5495382&quot;,
            &quot;version&quot;: &quot;::fruits&quot;,
            &quot;url&quot;: &quot; &quot;
        },
        {
            &quot;name&quot;: &quot;registry&quot;,
            &quot;action&quot;: &quot;delete&quot;,
            &quot;id&quot;: &quot;8018911&quot;,
            &quot;version&quot;: &quot;::docker&quot;,
            &quot;url&quot;: &quot; &quot;
        }
    ]
}
08:13:36 INFO  Started operation: {'delivery': {'time': '2022-04-14T08:13:36.846Z', 'log': [], 'status': 'PENDING'}, 'creationTime': '2022-04-14T08:13:36.831Z', 'deviceId': '17294230', 'deviceName': 'mythicd', 'self': 'https://t493319102.eu-latest.cumulocity.com/devicecontrol/operations/17317641', 'id': '17317641', 'status': 'PENDING', 'description': &quot;Apply software changes, triggered from PySys: [{'action': 'delete', 'id': '5495053', 'name': 'apple', 'url': ' ', 'version': '::fruits'}, {'action': 'delete', 'id': '5494888', 'name': 'banana', 'url': ' ', 'version': '::fruits'}, {'action': 'delete', 'id': '5475369', 'name': 'asciijump', 'url': ' ', 'version': '::apt'}, {'action': 'delete', 'id': '5495382', 'name': 'cherry', 'url': ' ', 'version': '::fruits'}, {'action': 'delete', 'id': '8018911', 'name': 'registry', 'url': ' ', 'version': '::docker'}]&quot;, 'c8y_SoftwareUpdate': [{'name': 'apple', 'action': 'delete', 'id': '5495053', 'version': '::fruits', 'url': ' '}, {'name': 'banana', 'action': 'delete', 'id': '5494888', 'version': '::fruits', 'url': ' '}, {'name': 'asciijump', 'action': 'delete', 'id': '5475369', 'version': '::apt', 'url': ' '}, {'name': 'cherry', 'action': 'delete', 'id': '5495382', 'version': '::fruits', 'url': ' '}, {'name': 'registry', 'action': 'delete', 'id': '8018911', 'version': '::docker', 'url': ' '}]}
08:13:39 INFO  State of operation 17317641 : PENDING
08:13:41 INFO  State of operation 17317641 : EXECUTING
08:13:43 INFO  State of operation 17317641 : EXECUTING
08:13:45 INFO  State of operation 17317641 : EXECUTING
08:13:48 INFO  State of operation 17317641 : EXECUTING
08:13:50 INFO  State of operation 17317641 : EXECUTING
08:13:54 INFO  State of operation 17317641 : EXECUTING
08:13:56 INFO  State of operation 17317641 : EXECUTING
08:13:59 INFO  State of operation 17317641 : EXECUTING
08:14:01 INFO  State of operation 17317641 : EXECUTING
08:14:03 INFO  State of operation 17317641 : EXECUTING
08:14:06 INFO  State of operation 17317641 : EXECUTING
08:14:08 INFO  State of operation 17317641 : EXECUTING
08:14:10 INFO  State of operation 17317641 : EXECUTING
08:14:13 INFO  State of operation 17317641 : EXECUTING
08:14:15 INFO  State of operation 17317641 : EXECUTING
08:14:18 INFO  State of operation 17317641 : EXECUTING
08:14:21 INFO  State of operation 17317641 : EXECUTING
08:14:23 INFO  State of operation 17317641 : EXECUTING
08:14:25 INFO  State of operation 17317641 : EXECUTING
08:14:27 INFO  State of operation 17317641 : EXECUTING
08:14:29 INFO  State of operation 17317641 : EXECUTING
08:14:32 INFO  State of operation 17317641 : EXECUTING
08:14:35 INFO  State of operation 17317641 : EXECUTING
08:14:37 INFO  State of operation 17317641 : EXECUTING
08:14:39 INFO  State of operation 17317641 : EXECUTING
08:14:41 INFO  State of operation 17317641 : EXECUTING
08:14:44 INFO  State of operation 17317641 : EXECUTING
08:14:46 INFO  State of operation 17317641 : EXECUTING
08:14:48 INFO  State of operation 17317641 : EXECUTING
08:14:51 INFO  State of operation 17317641 : SUCCESSFUL
08:14:51 INFO  Package apple is installed
08:14:51 INFO  Assert that (True == value) with value=True ... passed
08:14:51 INFO  Package banana is installed
08:14:51 INFO  Assert that (True == value) with value=True ... passed
08:14:51 INFO  Package cherry is installed
08:14:51 INFO  Assert that (True == value) with value=True ... passed
08:14:51 INFO  Assert that (False == value) with value=False ... passed
08:14:52 INFO  Assert that (False == value) with value=False ... passed
08:14:52 INFO  
08:14:52 INFO  cleanup:
08:14:56 INFO  Executed sudo&lt;tedge_disconnect_c8y&gt;, exit status 0
08:14:57 INFO  Executed systemctl&lt;serv_mapper5&gt;, exit status 3
08:14:57 INFO  
08:14:57 INFO  Test duration: 170.27 secs
08:14:57 INFO  Test final outcome:  FAILED
08:14:57 INFO  Test outcome reason: Assert that (False == value) with value=True
08:14:57 INFO  
</system-out>
	</testcase>
</testsuite>
