<?xml version="1.0" encoding="utf-8"?>
<testsuite failures="1" name="SoftwareManagement.sm_apt_install_remove_multiple" skipped="0" tests="1" time="140.82" timestamp="2022-04-15T10:10:05">
	<testcase classname="PySysTest" name="SoftwareManagement.sm_apt_install_remove_multiple">
		<failure message="FAILED: Assert that (False == value) with value=True (+2 other failures)" type="FAILED"/>
		<system-out>10:07:44 INFO  ==============================================================
10:07:44 INFO  Id:    SoftwareManagement.sm_apt_install_remove_multiple
10:07:44 INFO  Dir:   software_management_end_to_end/
10:07:44 INFO  Title: Validate end to end behaviour for the apt plugin for multiple packages
10:07:44 INFO  ==============================================================
10:07:44 INFO  Using sw id database: {'asciijump': '5475369', 'robotfindskitten': '5474869', 'squirrel3': '5475279', 'rolldice': '5152439', 'moon-buggy': '5439204', 'apple': '5495053', 'banana': '5494888', 'cherry': '5495382', 'watermelon': '5494510', 'registry': '8018911', 'hello-world': '8021526', 'docker/getting-started': '8021973', 'alpine': '7991792'}
10:07:44 INFO  EnvironmentC8y Setup
10:07:45 INFO  Executed systemctl&lt;serv_mapper1&gt;, exit status 3
10:07:45 INFO  Restarting mosquitto too frequently in the last 10 seconds. It was only up for 5 seconds
10:07:45 INFO  Delaying execution by 6 seconds
10:08:05 INFO  Executed sudo&lt;tedge_connect_c8y&gt;, exit status 0, duration 14 secs
10:08:06 INFO  Executed sudo&lt;tedge_connect_c8y_test&gt;, exit status 0
10:08:06 INFO  Executed systemctl&lt;serv_mosq2&gt;, exit status 0
10:08:07 INFO  Executed systemctl&lt;serv_mapper3&gt;, exit status 0
10:08:09 INFO  State of current operation: SUCCESSFUL
10:08:09 INFO  Assert that (False == value) with value=False ... passed
10:08:09 INFO  Package asciijump is installed
10:08:10 WARN  Assert that (False == value) with value=True ... failed 
10:08:10 INFO  Package squirrel3 is installed
10:08:10 WARN  Assert that (False == value) with value=True ... failed 
10:08:10 INFO  Package robotfindskitten is installed
10:08:10 WARN  Assert that (False == value) with value=True ... failed 
10:08:11 INFO  Response status: 201
10:08:11 INFO  Response to action: {
    &quot;creationTime&quot;: &quot;2022-04-15T10:08:11.033Z&quot;,
    &quot;deviceName&quot;: &quot;mythicd&quot;,
    &quot;deviceId&quot;: &quot;17361610&quot;,
    &quot;self&quot;: &quot;https://t493319102.eu-latest.cumulocity.com/devicecontrol/operations/17372163&quot;,
    &quot;id&quot;: &quot;17372163&quot;,
    &quot;status&quot;: &quot;PENDING&quot;,
    &quot;description&quot;: &quot;Apply software changes, triggered from PySys: [{'action': 'install', 'id': '5475369', 'name': 'asciijump', 'url': ' ', 'version': '::apt'}, {'action': 'install', 'id': '5474869', 'name': 'robotfindskitten', 'url': ' ', 'version': '::apt'}, {'action': 'install', 'id': '5475279', 'name': 'squirrel3', 'url': ' ', 'version': '::apt'}]&quot;,
    &quot;c8y_SoftwareUpdate&quot;: [
        {
            &quot;name&quot;: &quot;asciijump&quot;,
            &quot;action&quot;: &quot;install&quot;,
            &quot;id&quot;: &quot;5475369&quot;,
            &quot;version&quot;: &quot;::apt&quot;,
            &quot;url&quot;: &quot; &quot;
        },
        {
            &quot;name&quot;: &quot;robotfindskitten&quot;,
            &quot;action&quot;: &quot;install&quot;,
            &quot;id&quot;: &quot;5474869&quot;,
            &quot;version&quot;: &quot;::apt&quot;,
            &quot;url&quot;: &quot; &quot;
        },
        {
            &quot;name&quot;: &quot;squirrel3&quot;,
            &quot;action&quot;: &quot;install&quot;,
            &quot;id&quot;: &quot;5475279&quot;,
            &quot;version&quot;: &quot;::apt&quot;,
            &quot;url&quot;: &quot; &quot;
        }
    ]
}
10:08:11 INFO  Started operation: {'creationTime': '2022-04-15T10:08:11.033Z', 'deviceName': 'mythicd', 'deviceId': '17361610', 'self': 'https://t493319102.eu-latest.cumulocity.com/devicecontrol/operations/17372163', 'id': '17372163', 'status': 'PENDING', 'description': &quot;Apply software changes, triggered from PySys: [{'action': 'install', 'id': '5475369', 'name': 'asciijump', 'url': ' ', 'version': '::apt'}, {'action': 'install', 'id': '5474869', 'name': 'robotfindskitten', 'url': ' ', 'version': '::apt'}, {'action': 'install', 'id': '5475279', 'name': 'squirrel3', 'url': ' ', 'version': '::apt'}]&quot;, 'c8y_SoftwareUpdate': [{'name': 'asciijump', 'action': 'install', 'id': '5475369', 'version': '::apt', 'url': ' '}, {'name': 'robotfindskitten', 'action': 'install', 'id': '5474869', 'version': '::apt', 'url': ' '}, {'name': 'squirrel3', 'action': 'install', 'id': '5475279', 'version': '::apt', 'url': ' '}]}
10:08:13 INFO  State of operation 17372163 : PENDING
10:08:15 INFO  State of operation 17372163 : EXECUTING
10:08:17 INFO  State of operation 17372163 : EXECUTING
10:08:20 INFO  State of operation 17372163 : EXECUTING
10:08:22 INFO  State of operation 17372163 : EXECUTING
10:08:24 INFO  State of operation 17372163 : EXECUTING
10:08:27 INFO  State of operation 17372163 : EXECUTING
10:08:29 INFO  State of operation 17372163 : EXECUTING
10:08:32 INFO  State of operation 17372163 : EXECUTING
10:08:34 INFO  State of operation 17372163 : EXECUTING
10:08:37 INFO  State of operation 17372163 : EXECUTING
10:08:39 INFO  State of operation 17372163 : EXECUTING
10:08:41 INFO  State of operation 17372163 : EXECUTING
10:08:43 INFO  State of operation 17372163 : EXECUTING
10:08:46 INFO  State of operation 17372163 : EXECUTING
10:08:48 INFO  State of operation 17372163 : SUCCESSFUL
10:08:48 INFO  Assert that (False == value) with value=False ... passed
10:08:48 INFO  Package asciijump is installed
10:08:48 INFO  Assert that (True == value) with value=True ... passed
10:08:49 INFO  Package squirrel3 is installed
10:08:49 INFO  Assert that (True == value) with value=True ... passed
10:08:49 INFO  Package robotfindskitten is installed
10:08:49 INFO  Assert that (True == value) with value=True ... passed
10:08:49 INFO  Response status: 201
10:08:49 INFO  Response to action: {
    &quot;creationTime&quot;: &quot;2022-04-15T10:08:49.502Z&quot;,
    &quot;deviceName&quot;: &quot;mythicd&quot;,
    &quot;deviceId&quot;: &quot;17361610&quot;,
    &quot;self&quot;: &quot;https://t493319102.eu-latest.cumulocity.com/devicecontrol/operations/17372165&quot;,
    &quot;id&quot;: &quot;17372165&quot;,
    &quot;status&quot;: &quot;PENDING&quot;,
    &quot;description&quot;: &quot;Apply software changes, triggered from PySys: [{'action': 'delete', 'id': '5475369', 'name': 'asciijump', 'url': ' ', 'version': '::apt'}, {'action': 'delete', 'id': '5474869', 'name': 'robotfindskitten', 'url': ' ', 'version': '::apt'}, {'action': 'delete', 'id': '5475279', 'name': 'squirrel3', 'url': ' ', 'version': '::apt'}]&quot;,
    &quot;c8y_SoftwareUpdate&quot;: [
        {
            &quot;name&quot;: &quot;asciijump&quot;,
            &quot;action&quot;: &quot;delete&quot;,
            &quot;id&quot;: &quot;5475369&quot;,
            &quot;version&quot;: &quot;::apt&quot;,
            &quot;url&quot;: &quot; &quot;
        },
        {
            &quot;name&quot;: &quot;robotfindskitten&quot;,
            &quot;action&quot;: &quot;delete&quot;,
            &quot;id&quot;: &quot;5474869&quot;,
            &quot;version&quot;: &quot;::apt&quot;,
            &quot;url&quot;: &quot; &quot;
        },
        {
            &quot;name&quot;: &quot;squirrel3&quot;,
            &quot;action&quot;: &quot;delete&quot;,
            &quot;id&quot;: &quot;5475279&quot;,
            &quot;version&quot;: &quot;::apt&quot;,
            &quot;url&quot;: &quot; &quot;
        }
    ]
}
10:08:49 INFO  Started operation: {'creationTime': '2022-04-15T10:08:49.502Z', 'deviceName': 'mythicd', 'deviceId': '17361610', 'self': 'https://t493319102.eu-latest.cumulocity.com/devicecontrol/operations/17372165', 'id': '17372165', 'status': 'PENDING', 'description': &quot;Apply software changes, triggered from PySys: [{'action': 'delete', 'id': '5475369', 'name': 'asciijump', 'url': ' ', 'version': '::apt'}, {'action': 'delete', 'id': '5474869', 'name': 'robotfindskitten', 'url': ' ', 'version': '::apt'}, {'action': 'delete', 'id': '5475279', 'name': 'squirrel3', 'url': ' ', 'version': '::apt'}]&quot;, 'c8y_SoftwareUpdate': [{'name': 'asciijump', 'action': 'delete', 'id': '5475369', 'version': '::apt', 'url': ' '}, {'name': 'robotfindskitten', 'action': 'delete', 'id': '5474869', 'version': '::apt', 'url': ' '}, {'name': 'squirrel3', 'action': 'delete', 'id': '5475279', 'version': '::apt', 'url': ' '}]}
10:08:51 INFO  State of operation 17372165 : PENDING
10:08:53 INFO  State of operation 17372165 : EXECUTING
10:08:56 INFO  State of operation 17372165 : EXECUTING
10:08:58 INFO  State of operation 17372165 : EXECUTING
10:09:00 INFO  State of operation 17372165 : EXECUTING
10:09:02 INFO  State of operation 17372165 : EXECUTING
10:09:05 INFO  State of operation 17372165 : EXECUTING
10:09:08 INFO  State of operation 17372165 : EXECUTING
10:09:10 INFO  State of operation 17372165 : EXECUTING
10:09:13 INFO  State of operation 17372165 : EXECUTING
10:09:15 INFO  State of operation 17372165 : EXECUTING
10:09:17 INFO  State of operation 17372165 : EXECUTING
10:09:19 INFO  State of operation 17372165 : EXECUTING
10:09:22 INFO  State of operation 17372165 : EXECUTING
10:09:24 INFO  State of operation 17372165 : EXECUTING
10:09:26 INFO  State of operation 17372165 : EXECUTING
10:09:29 INFO  State of operation 17372165 : EXECUTING
10:09:31 INFO  State of operation 17372165 : EXECUTING
10:09:34 INFO  State of operation 17372165 : EXECUTING
10:09:36 INFO  State of operation 17372165 : EXECUTING
10:09:38 INFO  State of operation 17372165 : EXECUTING
10:09:40 INFO  State of operation 17372165 : EXECUTING
10:09:43 INFO  State of operation 17372165 : EXECUTING
10:09:45 INFO  State of operation 17372165 : EXECUTING
10:09:47 INFO  State of operation 17372165 : EXECUTING
10:09:50 INFO  State of operation 17372165 : EXECUTING
10:09:52 INFO  State of operation 17372165 : EXECUTING
10:09:55 INFO  State of operation 17372165 : EXECUTING
10:09:57 INFO  State of operation 17372165 : EXECUTING
10:09:59 INFO  State of operation 17372165 : SUCCESSFUL
10:09:59 INFO  Assert that (False == value) with value=False ... passed
10:10:00 INFO  Assert that (False == value) with value=False ... passed
10:10:00 INFO  Assert that (False == value) with value=False ... passed
10:10:00 INFO  Assert that (False == value) with value=False ... passed
10:10:00 INFO  
10:10:00 INFO  cleanup:
10:10:04 INFO  Executed sudo&lt;tedge_disconnect_c8y&gt;, exit status 0
10:10:05 INFO  Executed systemctl&lt;serv_mapper5&gt;, exit status 3
10:10:05 INFO  
10:10:05 INFO  Test duration: 140.82 secs
10:10:05 INFO  Test final outcome:  FAILED
10:10:05 INFO  Test outcome reason: Assert that (False == value) with value=True (+2 other failures)
10:10:05 INFO  
</system-out>
	</testcase>
</testsuite>
