<?xml version="1.0" encoding="utf-8"?>
<testsuite failures="1" name="SoftwareManagement.sm_apt_install_remove_multiple" skipped="0" tests="1" time="166.32" timestamp="2022-04-15T09:44:07">
	<testcase classname="PySysTest" name="SoftwareManagement.sm_apt_install_remove_multiple">
		<failure message="BLOCKED: SystemError: Timeout while waiting for status FAILED or SUCCESSFUL" type="BLOCKED"/>
		<system-out>09:41:20 INFO  ==============================================================
09:41:20 INFO  Id:    SoftwareManagement.sm_apt_install_remove_multiple
09:41:20 INFO  Dir:   software_management_end_to_end/
09:41:20 INFO  Title: Validate end to end behaviour for the apt plugin for multiple packages
09:41:20 INFO  ==============================================================
09:41:20 INFO  Using sw id database: {'asciijump': '5475369', 'robotfindskitten': '5474869', 'squirrel3': '5475279', 'rolldice': '5152439', 'moon-buggy': '5439204', 'apple': '5495053', 'banana': '5494888', 'cherry': '5495382', 'watermelon': '5494510', 'registry': '8018911', 'hello-world': '8021526', 'docker/getting-started': '8021973', 'alpine': '7991792'}
09:41:20 INFO  EnvironmentC8y Setup
09:41:21 INFO  Executed systemctl&lt;serv_mapper1&gt;, exit status 3
09:41:21 INFO  Restarting mosquitto too frequently in the last 10 seconds. It was only up for 4 seconds
09:41:21 INFO  Delaying execution by 7 seconds
09:41:42 INFO  Executed sudo&lt;tedge_connect_c8y&gt;, exit status 0, duration 14 secs
09:41:43 INFO  Executed sudo&lt;tedge_connect_c8y_test&gt;, exit status 0
09:41:43 INFO  Executed systemctl&lt;serv_mosq2&gt;, exit status 0
09:41:44 INFO  Executed systemctl&lt;serv_mapper3&gt;, exit status 0
09:41:46 INFO  State of current operation: PENDING
09:41:48 INFO  State of current operation: PENDING
09:41:51 INFO  State of current operation: PENDING
09:41:53 INFO  State of current operation: PENDING
09:41:55 INFO  State of current operation: PENDING
09:41:57 INFO  State of current operation: PENDING
09:41:59 INFO  State of current operation: PENDING
09:42:02 INFO  State of current operation: PENDING
09:42:04 INFO  State of current operation: PENDING
09:42:06 INFO  State of current operation: PENDING
09:42:08 INFO  State of current operation: PENDING
09:42:11 INFO  State of current operation: PENDING
09:42:13 INFO  State of current operation: PENDING
09:42:15 INFO  State of current operation: PENDING
09:42:17 INFO  State of current operation: PENDING
09:42:20 INFO  State of current operation: PENDING
09:42:22 INFO  State of current operation: PENDING
09:42:24 INFO  State of current operation: PENDING
09:42:26 INFO  State of current operation: PENDING
09:42:28 INFO  State of current operation: PENDING
09:42:31 INFO  State of current operation: PENDING
09:42:33 INFO  State of current operation: PENDING
09:42:35 INFO  State of current operation: PENDING
09:42:37 INFO  State of current operation: PENDING
09:42:40 INFO  State of current operation: PENDING
09:42:42 INFO  State of current operation: PENDING
09:42:44 INFO  State of current operation: PENDING
09:42:46 INFO  State of current operation: PENDING
09:42:48 INFO  State of current operation: PENDING
09:42:51 INFO  State of current operation: PENDING
09:42:53 INFO  State of current operation: PENDING
09:42:55 INFO  State of current operation: PENDING
09:42:57 INFO  State of current operation: PENDING
09:43:00 INFO  State of current operation: PENDING
09:43:02 INFO  State of current operation: PENDING
09:43:04 INFO  State of current operation: PENDING
09:43:06 INFO  State of current operation: PENDING
09:43:08 INFO  State of current operation: PENDING
09:43:11 INFO  State of current operation: PENDING
09:43:13 INFO  State of current operation: PENDING
09:43:15 INFO  State of current operation: PENDING
09:43:17 INFO  State of current operation: PENDING
09:43:20 INFO  State of current operation: PENDING
09:43:22 INFO  State of current operation: PENDING
09:43:24 INFO  State of current operation: PENDING
09:43:26 INFO  State of current operation: PENDING
09:43:28 INFO  State of current operation: PENDING
09:43:31 INFO  State of current operation: PENDING
09:43:33 INFO  State of current operation: PENDING
09:43:35 INFO  State of current operation: PENDING
09:43:37 INFO  State of current operation: PENDING
09:43:40 INFO  State of current operation: PENDING
09:43:42 INFO  State of current operation: PENDING
09:43:44 INFO  State of current operation: PENDING
09:43:46 INFO  State of current operation: PENDING
09:43:49 INFO  State of current operation: PENDING
09:43:51 INFO  State of current operation: PENDING
09:43:53 INFO  State of current operation: PENDING
09:43:55 INFO  State of current operation: PENDING
09:43:57 INFO  State of current operation: PENDING
09:44:00 INFO  State of current operation: PENDING
09:44:02 WARN  SystemError occurred while running test - Timeout while waiting for status FAILED or SUCCESSFUL
Traceback (most recent call last):
  File &quot;/home/pi/env-pysys/lib/python3.7/site-packages/pysys/baserunner.py&quot;, line 1292, in __call__
    self.testObj.setup()
  File &quot;/home/pi/actions-runner/_work/thin-edge.io/thin-edge.io/tests/PySys/software_management_end_to_end/sm_apt_install_remove_multiple/run.py&quot;, line 52, in setup
    super().setup()
  File &quot;/home/pi/actions-runner/_work/thin-edge.io/thin-edge.io/tests/PySys/software_management_end_to_end/environment_sm_management.py&quot;, line 151, in setup
    self.wait_until_end()
  File &quot;/home/pi/actions-runner/_work/thin-edge.io/thin-edge.io/tests/PySys/software_management_end_to_end/environment_sm_management.py&quot;, line 332, in wait_until_end
    self.wait_until_status(&quot;FAILED&quot;, &quot;SUCCESSFUL&quot;)
  File &quot;/home/pi/actions-runner/_work/thin-edge.io/thin-edge.io/tests/PySys/software_management_end_to_end/environment_sm_management.py&quot;, line 381, in wait_until_status
    &quot;Timeout while waiting for status %s or %s&quot; % (status, status2)
SystemError: Timeout while waiting for status FAILED or SUCCESSFUL
09:44:02 WARN  SystemError: Timeout while waiting for status FAILED or SUCCESSFUL ... blocked 
09:44:02 INFO  
09:44:02 INFO  cleanup:
09:44:06 INFO  Executed sudo&lt;tedge_disconnect_c8y&gt;, exit status 0
09:44:07 INFO  Executed systemctl&lt;serv_mapper5&gt;, exit status 3
09:44:07 INFO  
09:44:07 INFO  Test duration: 166.32 secs
09:44:07 INFO  Test final outcome:  BLOCKED
09:44:07 INFO  Test outcome reason: SystemError: Timeout while waiting for status FAILED or SUCCESSFUL
09:44:07 INFO  
</system-out>
	</testcase>
</testsuite>
