<?xml version="1.0" encoding="utf-8"?>
<testsuite failures="1" name="SoftwareManagement.sm_apt_install_remove_with_version" skipped="0" tests="1" time="164.59" timestamp="2022-04-14T07:22:30">
	<testcase classname="PySysTest" name="SoftwareManagement.sm_apt_install_remove_with_version">
		<failure message="BLOCKED: SystemError: Timeout while waiting for status FAILED or SUCCESSFUL" type="BLOCKED"/>
		<system-out>07:19:45 INFO  ==============================================================
07:19:45 INFO  Id:    SoftwareManagement.sm_apt_install_remove_with_version
07:19:45 INFO  Dir:   software_management_end_to_end/
07:19:45 INFO  Title: Validate end to end behaviour for the apt plugin for packages with version
07:19:45 INFO  ==============================================================
07:19:45 INFO  Using sw id database: {'asciijump': '5475369', 'robotfindskitten': '5474869', 'squirrel3': '5475279', 'rolldice': '5152439', 'moon-buggy': '5439204', 'apple': '5495053', 'banana': '5494888', 'cherry': '5495382', 'watermelon': '5494510', 'registry': '8018911', 'hello-world': '8021526', 'docker/getting-started': '8021973', 'alpine': '7991792'}
07:19:45 INFO  EnvironmentC8y Setup
07:19:46 INFO  Executed systemctl&lt;serv_mapper1&gt;, exit status 3
07:19:46 INFO  Restarting mosquitto too frequently in the last 10 seconds. It was only up for 5 seconds
07:19:46 INFO  Delaying execution by 6 seconds
07:20:06 INFO  Executed sudo&lt;tedge_connect_c8y&gt;, exit status 0, duration 13 secs
07:20:07 INFO  Executed sudo&lt;tedge_connect_c8y_test&gt;, exit status 0
07:20:07 INFO  Executed systemctl&lt;serv_mosq2&gt;, exit status 0
07:20:07 INFO  Executed systemctl&lt;serv_mapper3&gt;, exit status 0
07:20:10 INFO  State of current operation: PENDING
07:20:12 INFO  State of current operation: PENDING
07:20:14 INFO  State of current operation: PENDING
07:20:16 INFO  State of current operation: PENDING
07:20:19 INFO  State of current operation: PENDING
07:20:21 INFO  State of current operation: PENDING
07:20:23 INFO  State of current operation: PENDING
07:20:25 INFO  State of current operation: PENDING
07:20:27 INFO  State of current operation: PENDING
07:20:30 INFO  State of current operation: PENDING
07:20:32 INFO  State of current operation: PENDING
07:20:34 INFO  State of current operation: PENDING
07:20:36 INFO  State of current operation: PENDING
07:20:39 INFO  State of current operation: PENDING
07:20:41 INFO  State of current operation: PENDING
07:20:43 INFO  State of current operation: PENDING
07:20:45 INFO  State of current operation: PENDING
07:20:48 INFO  State of current operation: PENDING
07:20:50 INFO  State of current operation: PENDING
07:20:52 INFO  State of current operation: PENDING
07:20:54 INFO  State of current operation: PENDING
07:20:56 INFO  State of current operation: PENDING
07:20:59 INFO  State of current operation: PENDING
07:21:01 INFO  State of current operation: PENDING
07:21:03 INFO  State of current operation: PENDING
07:21:05 INFO  State of current operation: PENDING
07:21:08 INFO  State of current operation: PENDING
07:21:10 INFO  State of current operation: PENDING
07:21:12 INFO  State of current operation: PENDING
07:21:14 INFO  State of current operation: PENDING
07:21:16 INFO  State of current operation: PENDING
07:21:19 INFO  State of current operation: PENDING
07:21:21 INFO  State of current operation: PENDING
07:21:23 INFO  State of current operation: PENDING
07:21:25 INFO  State of current operation: PENDING
07:21:28 INFO  State of current operation: PENDING
07:21:30 INFO  State of current operation: PENDING
07:21:32 INFO  State of current operation: PENDING
07:21:34 INFO  State of current operation: PENDING
07:21:36 INFO  State of current operation: PENDING
07:21:39 INFO  State of current operation: PENDING
07:21:41 INFO  State of current operation: PENDING
07:21:43 INFO  State of current operation: PENDING
07:21:45 INFO  State of current operation: PENDING
07:21:48 INFO  State of current operation: PENDING
07:21:50 INFO  State of current operation: PENDING
07:21:52 INFO  State of current operation: PENDING
07:21:54 INFO  State of current operation: PENDING
07:21:56 INFO  State of current operation: PENDING
07:21:59 INFO  State of current operation: PENDING
07:22:01 INFO  State of current operation: PENDING
07:22:03 INFO  State of current operation: PENDING
07:22:05 INFO  State of current operation: PENDING
07:22:08 INFO  State of current operation: PENDING
07:22:10 INFO  State of current operation: PENDING
07:22:12 INFO  State of current operation: PENDING
07:22:14 INFO  State of current operation: PENDING
07:22:16 INFO  State of current operation: PENDING
07:22:19 INFO  State of current operation: PENDING
07:22:21 INFO  State of current operation: PENDING
07:22:23 INFO  State of current operation: PENDING
07:22:25 WARN  SystemError occurred while running test - Timeout while waiting for status FAILED or SUCCESSFUL
Traceback (most recent call last):
  File &quot;/home/pi/env-pysys/lib/python3.7/site-packages/pysys/baserunner.py&quot;, line 1292, in __call__
    self.testObj.setup()
  File &quot;/home/pi/actions-runner/_work/thin-edge.io/thin-edge.io/tests/PySys/software_management_end_to_end/sm_apt_install_remove_with_version/run.py&quot;, line 27, in setup
    super().setup()
  File &quot;/home/pi/actions-runner/_work/thin-edge.io/thin-edge.io/tests/PySys/software_management_end_to_end/environment_sm_management.py&quot;, line 151, in setup
    self.wait_until_end()
  File &quot;/home/pi/actions-runner/_work/thin-edge.io/thin-edge.io/tests/PySys/software_management_end_to_end/environment_sm_management.py&quot;, line 332, in wait_until_end
    self.wait_until_status(&quot;FAILED&quot;, &quot;SUCCESSFUL&quot;)
  File &quot;/home/pi/actions-runner/_work/thin-edge.io/thin-edge.io/tests/PySys/software_management_end_to_end/environment_sm_management.py&quot;, line 381, in wait_until_status
    &quot;Timeout while waiting for status %s or %s&quot; % (status, status2)
SystemError: Timeout while waiting for status FAILED or SUCCESSFUL
07:22:25 WARN  SystemError: Timeout while waiting for status FAILED or SUCCESSFUL ... blocked 
07:22:25 INFO  
07:22:25 INFO  cleanup:
07:22:29 INFO  Executed sudo&lt;tedge_disconnect_c8y&gt;, exit status 0
07:22:30 INFO  Executed systemctl&lt;serv_mapper5&gt;, exit status 3
07:22:30 INFO  
07:22:30 INFO  Test duration: 164.59 secs
07:22:30 INFO  Test final outcome:  BLOCKED
07:22:30 INFO  Test outcome reason: SystemError: Timeout while waiting for status FAILED or SUCCESSFUL
07:22:30 INFO  
</system-out>
	</testcase>
</testsuite>
