<?xml version="1.0" encoding="utf-8"?>
<testsuite failures="1" name="SoftwareManagement.sm_apt_install_fail" skipped="0" tests="1" time="78.39" timestamp="2022-04-14T10:24:20">
	<testcase classname="PySysTest" name="SoftwareManagement.sm_apt_install_fail">
		<failure message="BLOCKED: TypeError: 'NoneType' object is not iterable" type="BLOCKED"/>
		<system-out>10:23:02 INFO  ==============================================================
10:23:02 INFO  Id:    SoftwareManagement.sm_apt_install_fail
10:23:02 INFO  Dir:   software_management_end_to_end/
10:23:02 INFO  Title: Validate end to end behaviour for a failing installation
10:23:02 INFO  ==============================================================
10:23:02 INFO  Using sw id database: {'asciijump': '5475369', 'robotfindskitten': '5474869', 'squirrel3': '5475279', 'rolldice': '5152439', 'moon-buggy': '5439204', 'apple': '5495053', 'banana': '5494888', 'cherry': '5495382', 'watermelon': '5494510', 'registry': '8018911', 'hello-world': '8021526', 'docker/getting-started': '8021973', 'alpine': '7991792'}
10:23:02 INFO  EnvironmentC8y Setup
10:23:03 INFO  Executed systemctl&lt;serv_mapper1&gt;, exit status 3
10:23:03 INFO  Restarting mosquitto too frequently in the last 10 seconds. It was only up for 5 seconds
10:23:03 INFO  Delaying execution by 6 seconds
10:23:22 INFO  Executed sudo&lt;tedge_connect_c8y&gt;, exit status 0, duration 13 secs
10:23:23 INFO  Executed sudo&lt;tedge_connect_c8y_test&gt;, exit status 0
10:23:24 INFO  Executed systemctl&lt;serv_mosq2&gt;, exit status 0
10:23:24 INFO  Executed systemctl&lt;serv_mapper3&gt;, exit status 0
10:23:26 ERROR No operations found, assuming it passed
10:23:27 INFO  Response status: 201
10:23:27 INFO  Response to action: {
    &quot;creationTime&quot;: &quot;2022-04-14T10:23:27.039Z&quot;,
    &quot;deviceName&quot;: &quot;mythicc&quot;,
    &quot;deviceId&quot;: &quot;17326137&quot;,
    &quot;self&quot;: &quot;https://t493319102.eu-latest.cumulocity.com/devicecontrol/operations/17330310&quot;,
    &quot;id&quot;: &quot;17330310&quot;,
    &quot;status&quot;: &quot;PENDING&quot;,
    &quot;description&quot;: &quot;Apply software changes, triggered from PySys: [{'name': 'does_not_exist', 'id': '5446165', 'version': '::apt', 'url': '', 'action': 'install'}]&quot;,
    &quot;c8y_SoftwareUpdate&quot;: [
        {
            &quot;name&quot;: &quot;does_not_exist&quot;,
            &quot;action&quot;: &quot;install&quot;,
            &quot;id&quot;: &quot;5446165&quot;,
            &quot;version&quot;: &quot;::apt&quot;,
            &quot;url&quot;: &quot;&quot;
        }
    ]
}
10:23:27 INFO  Started operation: {'creationTime': '2022-04-14T10:23:27.039Z', 'deviceName': 'mythicc', 'deviceId': '17326137', 'self': 'https://t493319102.eu-latest.cumulocity.com/devicecontrol/operations/17330310', 'id': '17330310', 'status': 'PENDING', 'description': &quot;Apply software changes, triggered from PySys: [{'name': 'does_not_exist', 'id': '5446165', 'version': '::apt', 'url': '', 'action': 'install'}]&quot;, 'c8y_SoftwareUpdate': [{'name': 'does_not_exist', 'action': 'install', 'id': '5446165', 'version': '::apt', 'url': ''}]}
10:23:29 INFO  State of operation 17330310 : PENDING
10:23:31 INFO  State of operation 17330310 : EXECUTING
10:23:33 INFO  State of operation 17330310 : EXECUTING
10:23:36 INFO  State of operation 17330310 : EXECUTING
10:23:38 INFO  State of operation 17330310 : EXECUTING
10:23:40 INFO  State of operation 17330310 : EXECUTING
10:23:42 INFO  State of operation 17330310 : EXECUTING
10:23:45 INFO  State of operation 17330310 : EXECUTING
10:23:48 INFO  State of operation 17330310 : EXECUTING
10:23:50 INFO  State of operation 17330310 : EXECUTING
10:23:52 INFO  State of operation 17330310 : EXECUTING
10:23:55 INFO  State of operation 17330310 : EXECUTING
10:23:57 INFO  State of operation 17330310 : EXECUTING
10:23:59 INFO  State of operation 17330310 : EXECUTING
10:24:01 INFO  State of operation 17330310 : EXECUTING
10:24:04 INFO  State of operation 17330310 : EXECUTING
10:24:06 INFO  State of operation 17330310 : EXECUTING
10:24:08 INFO  State of operation 17330310 : EXECUTING
10:24:11 INFO  State of operation 17330310 : EXECUTING
10:24:13 INFO  State of operation 17330310 : EXECUTING
10:24:16 INFO  State of operation 17330310 : FAILED
10:24:16 WARN  TypeError occurred while running test - 'NoneType' object is not iterable
Traceback (most recent call last):
  File &quot;/home/pi/env-pysys/lib/python3.7/site-packages/pysys/baserunner.py&quot;, line 1296, in __call__
    self.testObj.validate()
  File &quot;/home/pi/actions-runner/_work/thin-edge.io/thin-edge.io/tests/PySys/software_management_end_to_end/sm_apt_install_fail/run.py&quot;, line 31, in validate
    &quot;False == value&quot;, value=self.check_is_installed(&quot;does_not_exist&quot;)
  File &quot;/home/pi/actions-runner/_work/thin-edge.io/thin-edge.io/tests/PySys/software_management_end_to_end/environment_sm_management.py&quot;, line 398, in check_is_installed
    for package in package_list:
TypeError: 'NoneType' object is not iterable
10:24:16 WARN  TypeError: 'NoneType' object is not iterable ... blocked 
10:24:16 INFO  
10:24:16 INFO  cleanup:
10:24:20 INFO  Executed sudo&lt;tedge_disconnect_c8y&gt;, exit status 0
10:24:20 INFO  Executed systemctl&lt;serv_mapper5&gt;, exit status 3
10:24:20 INFO  
10:24:20 INFO  Test duration: 78.39 secs
10:24:20 INFO  Test final outcome:  BLOCKED
10:24:20 INFO  Test outcome reason: TypeError: 'NoneType' object is not iterable
10:24:20 INFO  
</system-out>
	</testcase>
</testsuite>
