<?xml version="1.0" encoding="utf-8"?>
<testsuite failures="1" name="SoftwareManagement.sm_apt_install_remove_with_version" skipped="0" tests="1" time="33.91" timestamp="2022-04-08T10:36:12">
	<testcase classname="PySysTest" name="SoftwareManagement.sm_apt_install_remove_with_version">
		<failure message="BLOCKED: HTTPError: 404 Client Error: Not Found for url: https://thin-edge-io.eu-latest.cumulocity.com/inventory/managedObjects/17027068" type="BLOCKED"/>
		<system-out>10:35:38 INFO  ==============================================================
10:35:38 INFO  Id:    SoftwareManagement.sm_apt_install_remove_with_version
10:35:38 INFO  Dir:   software_management_end_to_end/
10:35:38 INFO  Title: Validate end to end behaviour for the apt plugin for packages with version
10:35:38 DEBUG Execution order hint: 0.0
10:35:38 INFO  ==============================================================
10:35:38 INFO  Using sw id database: {'asciijump': '5475369', 'robotfindskitten': '5474869', 'squirrel3': '5475279', 'rolldice': '5152439', 'moon-buggy': '5439204', 'apple': '5495053', 'banana': '5494888', 'cherry': '5495382', 'watermelon': '5494510', 'registry': '8018911', 'hello-world': '8021526', 'docker/getting-started': '8021973', 'alpine': '7991792'}
10:35:38 DEBUG EnvironmentC8y Setup
10:35:38 INFO  EnvironmentC8y Setup
10:35:38 DEBUG Process parameters for systemctl&lt;serv_mapper1&gt;
  command line : /usr/bin/systemctl status tedge-mapper-c8y
    arg #1     : status
    arg #2     : tedge-mapper-c8y
  working dir  : /home/pi/actions-runner/_work/thin-edge.io/thin-edge.io/tests/PySys/software_management_end_to_end/sm_apt_install_remove_with_version/Output/linux
  stdout       : /home/pi/actions-runner/_work/thin-edge.io/thin-edge.io/tests/PySys/software_management_end_to_end/sm_apt_install_remove_with_version/Output/linux/serv_mapper1.out
  stderr       : /home/pi/actions-runner/_work/thin-edge.io/thin-edge.io/tests/PySys/software_management_end_to_end/sm_apt_install_remove_with_version/Output/linux/serv_mapper1.err
  environment  : LD_LIBRARY_PATH=/usr/lib
  environment  : PATH=/bin:/usr/bin:/usr/sbin:/usr/local/bin
                   #1  /bin
                   #2  /usr/bin
                   #3  /usr/sbin
                   #4  /usr/local/bin
10:35:38 DEBUG Waiting up to 600 secs for process systemctl&lt;serv_mapper1&gt; (pid 2703)
10:35:38 INFO  Executed systemctl&lt;serv_mapper1&gt;, exit status 3
10:35:38 INFO  Restarting mosquitto too frequently in the last 10 seconds. It was only up for 5 seconds
10:35:38 INFO  Delaying execution by 6 seconds
10:35:44 DEBUG Process parameters for sudo&lt;tedge_connect_c8y&gt;
  command line : /usr/bin/sudo /usr/bin/tedge connect c8y
    arg #1     : /usr/bin/tedge
    arg #2     : connect
    arg #3     : c8y
  working dir  : /home/pi/actions-runner/_work/thin-edge.io/thin-edge.io/tests/PySys/software_management_end_to_end/sm_apt_install_remove_with_version/Output/linux
  stdout       : /home/pi/actions-runner/_work/thin-edge.io/thin-edge.io/tests/PySys/software_management_end_to_end/sm_apt_install_remove_with_version/Output/linux/tedge_connect_c8y.out
  stderr       : /home/pi/actions-runner/_work/thin-edge.io/thin-edge.io/tests/PySys/software_management_end_to_end/sm_apt_install_remove_with_version/Output/linux/tedge_connect_c8y.err
  environment  : LD_LIBRARY_PATH=/usr/lib
  environment  : PATH=/bin:/usr/bin:/usr/sbin:/usr/local/bin
                   #1  /bin
                   #2  /usr/bin
                   #3  /usr/sbin
                   #4  /usr/local/bin
10:35:44 DEBUG Waiting up to 600 secs for process sudo&lt;tedge_connect_c8y&gt; (pid 2708)
10:36:03 INFO  Executed sudo&lt;tedge_connect_c8y&gt;, exit status 0, duration 18 secs
10:36:03 DEBUG Process parameters for sudo&lt;tedge_connect_c8y_test&gt;
  command line : /usr/bin/sudo /usr/bin/tedge connect c8y --test
    arg #1     : /usr/bin/tedge
    arg #2     : connect
    arg #3     : c8y
    arg #4     : --test
  working dir  : /home/pi/actions-runner/_work/thin-edge.io/thin-edge.io/tests/PySys/software_management_end_to_end/sm_apt_install_remove_with_version/Output/linux
  stdout       : /home/pi/actions-runner/_work/thin-edge.io/thin-edge.io/tests/PySys/software_management_end_to_end/sm_apt_install_remove_with_version/Output/linux/tedge_connect_c8y_test.out
  stderr       : /home/pi/actions-runner/_work/thin-edge.io/thin-edge.io/tests/PySys/software_management_end_to_end/sm_apt_install_remove_with_version/Output/linux/tedge_connect_c8y_test.err
  environment  : LD_LIBRARY_PATH=/usr/lib
  environment  : PATH=/bin:/usr/bin:/usr/sbin:/usr/local/bin
                   #1  /bin
                   #2  /usr/bin
                   #3  /usr/sbin
                   #4  /usr/local/bin
10:36:03 DEBUG Waiting up to 600 secs for process sudo&lt;tedge_connect_c8y_test&gt; (pid 2816)
10:36:04 INFO  Executed sudo&lt;tedge_connect_c8y_test&gt;, exit status 0
10:36:04 DEBUG Process parameters for systemctl&lt;serv_mosq2&gt;
  command line : /usr/bin/systemctl status mosquitto
    arg #1     : status
    arg #2     : mosquitto
  working dir  : /home/pi/actions-runner/_work/thin-edge.io/thin-edge.io/tests/PySys/software_management_end_to_end/sm_apt_install_remove_with_version/Output/linux
  stdout       : /home/pi/actions-runner/_work/thin-edge.io/thin-edge.io/tests/PySys/software_management_end_to_end/sm_apt_install_remove_with_version/Output/linux/serv_mosq2.out
  stderr       : /home/pi/actions-runner/_work/thin-edge.io/thin-edge.io/tests/PySys/software_management_end_to_end/sm_apt_install_remove_with_version/Output/linux/serv_mosq2.err
  environment  : LD_LIBRARY_PATH=/usr/lib
  environment  : PATH=/bin:/usr/bin:/usr/sbin:/usr/local/bin
                   #1  /bin
                   #2  /usr/bin
                   #3  /usr/sbin
                   #4  /usr/local/bin
10:36:04 DEBUG Waiting up to 600 secs for process systemctl&lt;serv_mosq2&gt; (pid 2822)
10:36:04 INFO  Executed systemctl&lt;serv_mosq2&gt;, exit status 0
10:36:04 DEBUG Process parameters for systemctl&lt;serv_mapper3&gt;
  command line : /usr/bin/systemctl status tedge-mapper-c8y
    arg #1     : status
    arg #2     : tedge-mapper-c8y
  working dir  : /home/pi/actions-runner/_work/thin-edge.io/thin-edge.io/tests/PySys/software_management_end_to_end/sm_apt_install_remove_with_version/Output/linux
  stdout       : /home/pi/actions-runner/_work/thin-edge.io/thin-edge.io/tests/PySys/software_management_end_to_end/sm_apt_install_remove_with_version/Output/linux/serv_mapper3.out
  stderr       : /home/pi/actions-runner/_work/thin-edge.io/thin-edge.io/tests/PySys/software_management_end_to_end/sm_apt_install_remove_with_version/Output/linux/serv_mapper3.err
  environment  : LD_LIBRARY_PATH=/usr/lib
  environment  : PATH=/bin:/usr/bin:/usr/sbin:/usr/local/bin
                   #1  /bin
                   #2  /usr/bin
                   #3  /usr/sbin
                   #4  /usr/local/bin
10:36:04 DEBUG Waiting up to 600 secs for process systemctl&lt;serv_mapper3&gt; (pid 2823)
10:36:05 INFO  Executed systemctl&lt;serv_mapper3&gt;, exit status 0
10:36:07 DEBUG Starting new HTTPS connection (1): thin-edge-io.eu-latest.cumulocity.com:443
10:36:07 DEBUG https://thin-edge-io.eu-latest.cumulocity.com:443 &quot;GET /devicecontrol/operations?deviceId=17027068&amp;pageSize=1&amp;revert=true&amp;dateFrom=1970-01-01T00%3A00%3A00.000Z HTTP/1.1&quot; 200 395
10:36:07 DEBUG Final URL of the request: https://thin-edge-io.eu-latest.cumulocity.com/devicecontrol/operations?deviceId=17027068&amp;pageSize=1&amp;revert=true&amp;dateFrom=1970-01-01T00%3A00%3A00.000Z
10:36:07 ERROR No operations found, assuming it passed
10:36:07 DEBUG Starting new HTTPS connection (1): thin-edge-io.eu-latest.cumulocity.com:443
10:36:07 DEBUG https://thin-edge-io.eu-latest.cumulocity.com:443 &quot;GET /inventory/managedObjects/17027068 HTTP/1.1&quot; 404 223
10:36:07 WARN  HTTPError occurred while running test - 404 Client Error: Not Found for url: https://thin-edge-io.eu-latest.cumulocity.com/inventory/managedObjects/17027068
Traceback (most recent call last):
  File &quot;/home/pi/env-pysys/lib/python3.7/site-packages/pysys/baserunner.py&quot;, line 1292, in __call__
    self.testObj.setup()
  File &quot;/home/pi/actions-runner/_work/thin-edge.io/thin-edge.io/tests/PySys/software_management_end_to_end/sm_apt_install_remove_with_version/run.py&quot;, line 29, in setup
    self.assertThat(&quot;False == value&quot;, value=self.check_is_installed(&quot;rolldice&quot;))
  File &quot;/home/pi/actions-runner/_work/thin-edge.io/thin-edge.io/tests/PySys/software_management_end_to_end/environment_sm_management.py&quot;, line 390, in check_is_installed
    req.raise_for_status()
  File &quot;/home/pi/env-pysys/lib/python3.7/site-packages/requests/models.py&quot;, line 943, in raise_for_status
    raise HTTPError(http_error_msg, response=self)
requests.exceptions.HTTPError: 404 Client Error: Not Found for url: https://thin-edge-io.eu-latest.cumulocity.com/inventory/managedObjects/17027068
10:36:07 WARN  HTTPError: 404 Client Error: Not Found for url: https://thin-edge-io.eu-latest.cumulocity.com/inventory/managedObjects/17027068 ... blocked 
10:36:07 DEBUG --- test cleanup
10:36:07 INFO  
10:36:07 INFO  cleanup:
10:36:07 DEBUG Running registered cleanup function: &lt;bound method SoftwareManagement.mysmcleanup of &lt;PySysTest object at 0x75d45d10&gt;&gt;
10:36:07 DEBUG Running registered cleanup function: &lt;bound method EnvironmentC8y.myenvcleanup of &lt;PySysTest object at 0x75d45d10&gt;&gt;
10:36:07 DEBUG EnvironmentC8y Cleanup
10:36:07 DEBUG Process parameters for sudo&lt;tedge_disconnect_c8y&gt;
  command line : /usr/bin/sudo /usr/bin/tedge disconnect c8y
    arg #1     : /usr/bin/tedge
    arg #2     : disconnect
    arg #3     : c8y
  working dir  : /home/pi/actions-runner/_work/thin-edge.io/thin-edge.io/tests/PySys/software_management_end_to_end/sm_apt_install_remove_with_version/Output/linux
  stdout       : /home/pi/actions-runner/_work/thin-edge.io/thin-edge.io/tests/PySys/software_management_end_to_end/sm_apt_install_remove_with_version/Output/linux/tedge_disconnect_c8y.out
  stderr       : /home/pi/actions-runner/_work/thin-edge.io/thin-edge.io/tests/PySys/software_management_end_to_end/sm_apt_install_remove_with_version/Output/linux/tedge_disconnect_c8y.err
  environment  : LD_LIBRARY_PATH=/usr/lib
  environment  : PATH=/bin:/usr/bin:/usr/sbin:/usr/local/bin
                   #1  /bin
                   #2  /usr/bin
                   #3  /usr/sbin
                   #4  /usr/local/bin
10:36:07 DEBUG Waiting up to 600 secs for process sudo&lt;tedge_disconnect_c8y&gt; (pid 2830)
10:36:11 INFO  Executed sudo&lt;tedge_disconnect_c8y&gt;, exit status 0
10:36:11 DEBUG Process parameters for systemctl&lt;serv_mapper5&gt;
  command line : /usr/bin/systemctl status tedge-mapper-c8y
    arg #1     : status
    arg #2     : tedge-mapper-c8y
  working dir  : /home/pi/actions-runner/_work/thin-edge.io/thin-edge.io/tests/PySys/software_management_end_to_end/sm_apt_install_remove_with_version/Output/linux
  stdout       : /home/pi/actions-runner/_work/thin-edge.io/thin-edge.io/tests/PySys/software_management_end_to_end/sm_apt_install_remove_with_version/Output/linux/serv_mapper5.out
  stderr       : /home/pi/actions-runner/_work/thin-edge.io/thin-edge.io/tests/PySys/software_management_end_to_end/sm_apt_install_remove_with_version/Output/linux/serv_mapper5.err
  environment  : LD_LIBRARY_PATH=/usr/lib
  environment  : PATH=/bin:/usr/bin:/usr/sbin:/usr/local/bin
                   #1  /bin
                   #2  /usr/bin
                   #3  /usr/sbin
                   #4  /usr/local/bin
10:36:11 DEBUG Waiting up to 600 secs for process systemctl&lt;serv_mapper5&gt; (pid 2872)
10:36:12 INFO  Executed systemctl&lt;serv_mapper5&gt;, exit status 3
10:36:12 DEBUG ProcessUser cleanup function done.
10:36:12 INFO  
10:36:12 INFO  Test duration: 33.91 secs
10:36:12 INFO  Test final outcome:  BLOCKED
10:36:12 INFO  Test outcome reason: HTTPError: 404 Client Error: Not Found for url: https://thin-edge-io.eu-latest.cumulocity.com/inventory/managedObjects/17027068
10:36:12 INFO  
</system-out>
	</testcase>
</testsuite>
