<?xml version="1.0" encoding="utf-8"?>
<testsuite failures="1" name="SoftwareManagement.sm_apt_install_fail" skipped="0" tests="1" time="165.85" timestamp="2022-04-12T09:16:54">
	<testcase classname="PySysTest" name="SoftwareManagement.sm_apt_install_fail">
		<failure message="BLOCKED: SystemError: Timeout while waiting for status FAILED or False" type="BLOCKED"/>
		<system-out>09:14:08 INFO  ==============================================================
09:14:08 INFO  Id:    SoftwareManagement.sm_apt_install_fail
09:14:08 INFO  Dir:   software_management_end_to_end/
09:14:08 INFO  Title: Validate end to end behaviour for a failing installation
09:14:08 INFO  ==============================================================
09:14:08 INFO  Using sw id database: {'asciijump': '5475369', 'robotfindskitten': '5474869', 'squirrel3': '5475279', 'rolldice': '5152439', 'moon-buggy': '5439204', 'apple': '5495053', 'banana': '5494888', 'cherry': '5495382', 'watermelon': '5494510', 'registry': '8018911', 'hello-world': '8021526', 'docker/getting-started': '8021973', 'alpine': '7991792'}
09:14:08 INFO  EnvironmentC8y Setup
09:14:09 INFO  Executed systemctl&lt;serv_mapper1&gt;, exit status 3
09:14:09 INFO  Restarting mosquitto too frequently in the last 10 seconds. It was only up for 5 seconds
09:14:09 INFO  Delaying execution by 6 seconds
09:14:29 INFO  Executed sudo&lt;tedge_connect_c8y&gt;, exit status 0, duration 13 secs
09:14:29 INFO  Executed sudo&lt;tedge_connect_c8y_test&gt;, exit status 0
09:14:30 INFO  Executed systemctl&lt;serv_mosq2&gt;, exit status 0
09:14:30 INFO  Executed systemctl&lt;serv_mapper3&gt;, exit status 0
09:14:32 INFO  State of current operation: FAILED
09:14:33 INFO  Response status: 201
09:14:33 INFO  Response to action: {
    &quot;delivery&quot;: {
        &quot;time&quot;: &quot;2022-04-12T09:14:33.083Z&quot;,
        &quot;log&quot;: [],
        &quot;status&quot;: &quot;PENDING&quot;
    },
    &quot;creationTime&quot;: &quot;2022-04-12T09:14:33.066Z&quot;,
    &quot;deviceId&quot;: &quot;17153249&quot;,
    &quot;deviceName&quot;: &quot;mythicc&quot;,
    &quot;self&quot;: &quot;https://t493319102.eu-latest.cumulocity.com/devicecontrol/operations/17197447&quot;,
    &quot;id&quot;: &quot;17197447&quot;,
    &quot;status&quot;: &quot;PENDING&quot;,
    &quot;description&quot;: &quot;Apply software changes, triggered from PySys: [{'name': 'does_not_exist', 'id': '5446165', 'version': '::apt', 'url': '', 'action': 'install'}]&quot;,
    &quot;c8y_SoftwareUpdate&quot;: [
        {
            &quot;name&quot;: &quot;does_not_exist&quot;,
            &quot;action&quot;: &quot;install&quot;,
            &quot;id&quot;: &quot;5446165&quot;,
            &quot;version&quot;: &quot;::apt&quot;,
            &quot;url&quot;: &quot;&quot;
        }
    ]
}
09:14:33 INFO  Started operation: {'delivery': {'time': '2022-04-12T09:14:33.083Z', 'log': [], 'status': 'PENDING'}, 'creationTime': '2022-04-12T09:14:33.066Z', 'deviceId': '17153249', 'deviceName': 'mythicc', 'self': 'https://t493319102.eu-latest.cumulocity.com/devicecontrol/operations/17197447', 'id': '17197447', 'status': 'PENDING', 'description': &quot;Apply software changes, triggered from PySys: [{'name': 'does_not_exist', 'id': '5446165', 'version': '::apt', 'url': '', 'action': 'install'}]&quot;, 'c8y_SoftwareUpdate': [{'name': 'does_not_exist', 'action': 'install', 'id': '5446165', 'version': '::apt', 'url': ''}]}
09:14:35 INFO  State of operation 17197447 : PENDING
09:14:37 INFO  State of operation 17197447 : PENDING
09:14:39 INFO  State of operation 17197447 : PENDING
09:14:41 INFO  State of operation 17197447 : PENDING
09:14:44 INFO  State of operation 17197447 : PENDING
09:14:46 INFO  State of operation 17197447 : PENDING
09:14:48 INFO  State of operation 17197447 : PENDING
09:14:50 INFO  State of operation 17197447 : PENDING
09:14:52 INFO  State of operation 17197447 : PENDING
09:14:55 INFO  State of operation 17197447 : PENDING
09:14:57 INFO  State of operation 17197447 : PENDING
09:14:59 INFO  State of operation 17197447 : PENDING
09:15:01 INFO  State of operation 17197447 : PENDING
09:15:04 INFO  State of operation 17197447 : PENDING
09:15:06 INFO  State of operation 17197447 : PENDING
09:15:08 INFO  State of operation 17197447 : PENDING
09:15:10 INFO  State of operation 17197447 : PENDING
09:15:12 INFO  State of operation 17197447 : PENDING
09:15:15 INFO  State of operation 17197447 : PENDING
09:15:17 INFO  State of operation 17197447 : PENDING
09:15:19 INFO  State of operation 17197447 : PENDING
09:15:21 INFO  State of operation 17197447 : PENDING
09:15:23 INFO  State of operation 17197447 : PENDING
09:15:26 INFO  State of operation 17197447 : PENDING
09:15:28 INFO  State of operation 17197447 : PENDING
09:15:30 INFO  State of operation 17197447 : PENDING
09:15:32 INFO  State of operation 17197447 : PENDING
09:15:35 INFO  State of operation 17197447 : PENDING
09:15:37 INFO  State of operation 17197447 : PENDING
09:15:39 INFO  State of operation 17197447 : PENDING
09:15:41 INFO  State of operation 17197447 : PENDING
09:15:43 INFO  State of operation 17197447 : PENDING
09:15:46 INFO  State of operation 17197447 : PENDING
09:15:48 INFO  State of operation 17197447 : PENDING
09:15:50 INFO  State of operation 17197447 : PENDING
09:15:52 INFO  State of operation 17197447 : PENDING
09:15:54 INFO  State of operation 17197447 : PENDING
09:15:57 INFO  State of operation 17197447 : PENDING
09:15:59 INFO  State of operation 17197447 : PENDING
09:16:01 INFO  State of operation 17197447 : PENDING
09:16:03 INFO  State of operation 17197447 : PENDING
09:16:05 INFO  State of operation 17197447 : PENDING
09:16:08 INFO  State of operation 17197447 : PENDING
09:16:10 INFO  State of operation 17197447 : PENDING
09:16:12 INFO  State of operation 17197447 : PENDING
09:16:14 INFO  State of operation 17197447 : PENDING
09:16:17 INFO  State of operation 17197447 : PENDING
09:16:19 INFO  State of operation 17197447 : PENDING
09:16:21 INFO  State of operation 17197447 : PENDING
09:16:23 INFO  State of operation 17197447 : PENDING
09:16:25 INFO  State of operation 17197447 : PENDING
09:16:28 INFO  State of operation 17197447 : PENDING
09:16:30 INFO  State of operation 17197447 : PENDING
09:16:32 INFO  State of operation 17197447 : PENDING
09:16:34 INFO  State of operation 17197447 : PENDING
09:16:36 INFO  State of operation 17197447 : PENDING
09:16:39 INFO  State of operation 17197447 : PENDING
09:16:41 INFO  State of operation 17197447 : PENDING
09:16:43 INFO  State of operation 17197447 : PENDING
09:16:45 INFO  State of operation 17197447 : PENDING
09:16:47 INFO  State of operation 17197447 : PENDING
09:16:50 WARN  SystemError occurred while running test - Timeout while waiting for status FAILED or False
Traceback (most recent call last):
  File &quot;/home/pi/env-pysys/lib/python3.7/site-packages/pysys/baserunner.py&quot;, line 1294, in __call__
    self.testObj.execute()
  File &quot;/home/pi/actions-runner/_work/thin-edge.io/thin-edge.io/tests/PySys/software_management_end_to_end/sm_apt_install_fail/run.py&quot;, line 26, in execute
    self.wait_until_fail()
  File &quot;/home/pi/actions-runner/_work/thin-edge.io/thin-edge.io/tests/PySys/software_management_end_to_end/environment_sm_management.py&quot;, line 328, in wait_until_fail
    self.wait_until_status(&quot;FAILED&quot;)
  File &quot;/home/pi/actions-runner/_work/thin-edge.io/thin-edge.io/tests/PySys/software_management_end_to_end/environment_sm_management.py&quot;, line 381, in wait_until_status
    &quot;Timeout while waiting for status %s or %s&quot; % (status, status2)
SystemError: Timeout while waiting for status FAILED or False
09:16:50 WARN  SystemError: Timeout while waiting for status FAILED or False ... blocked 
09:16:50 INFO  
09:16:50 INFO  cleanup:
09:16:53 INFO  Executed sudo&lt;tedge_disconnect_c8y&gt;, exit status 0
09:16:54 INFO  Executed systemctl&lt;serv_mapper5&gt;, exit status 3
09:16:54 INFO  
09:16:54 INFO  Test duration: 165.85 secs
09:16:54 INFO  Test final outcome:  BLOCKED
09:16:54 INFO  Test outcome reason: SystemError: Timeout while waiting for status FAILED or False
09:16:54 INFO  
</system-out>
	</testcase>
</testsuite>
