<?xml version="1.0" encoding="utf-8"?>
<testsuite failures="1" name="SoftwareManagement.sm_apt_install_remove_default" skipped="0" tests="1" time="165.16" timestamp="2022-04-14T07:14:14">
	<testcase classname="PySysTest" name="SoftwareManagement.sm_apt_install_remove_default">
		<failure message="BLOCKED: SystemError: Timeout while waiting for status FAILED or SUCCESSFUL" type="BLOCKED"/>
		<system-out>07:11:29 INFO  ==============================================================
07:11:29 INFO  Id:    SoftwareManagement.sm_apt_install_remove_default
07:11:29 INFO  Dir:   software_management_end_to_end/
07:11:29 INFO  Title: Validate end to end behaviour for the default plugin for installation and removal of packages
07:11:29 INFO  ==============================================================
07:11:29 INFO  Using sw id database: {'asciijump': '5475369', 'robotfindskitten': '5474869', 'squirrel3': '5475279', 'rolldice': '5152439', 'moon-buggy': '5439204', 'apple': '5495053', 'banana': '5494888', 'cherry': '5495382', 'watermelon': '5494510', 'registry': '8018911', 'hello-world': '8021526', 'docker/getting-started': '8021973', 'alpine': '7991792'}
07:11:29 INFO  EnvironmentC8y Setup
07:11:29 INFO  Executed systemctl&lt;serv_mapper1&gt;, exit status 3
07:11:29 INFO  Restarting mosquitto too frequently in the last 10 seconds. It was only up for 5 seconds
07:11:29 INFO  Delaying execution by 6 seconds
07:11:50 INFO  Executed sudo&lt;tedge_connect_c8y&gt;, exit status 0, duration 14 secs
07:11:50 INFO  Executed sudo&lt;tedge_connect_c8y_test&gt;, exit status 0
07:11:51 INFO  Executed systemctl&lt;serv_mosq2&gt;, exit status 0
07:11:51 INFO  Executed systemctl&lt;serv_mapper3&gt;, exit status 0
07:11:54 INFO  State of current operation: PENDING
07:11:56 INFO  State of current operation: PENDING
07:11:58 INFO  State of current operation: PENDING
07:12:00 INFO  State of current operation: PENDING
07:12:03 INFO  State of current operation: PENDING
07:12:05 INFO  State of current operation: PENDING
07:12:07 INFO  State of current operation: PENDING
07:12:09 INFO  State of current operation: PENDING
07:12:11 INFO  State of current operation: PENDING
07:12:14 INFO  State of current operation: PENDING
07:12:16 INFO  State of current operation: PENDING
07:12:18 INFO  State of current operation: PENDING
07:12:20 INFO  State of current operation: PENDING
07:12:23 INFO  State of current operation: PENDING
07:12:25 INFO  State of current operation: PENDING
07:12:27 INFO  State of current operation: PENDING
07:12:29 INFO  State of current operation: PENDING
07:12:31 INFO  State of current operation: PENDING
07:12:34 INFO  State of current operation: PENDING
07:12:36 INFO  State of current operation: PENDING
07:12:38 INFO  State of current operation: PENDING
07:12:40 INFO  State of current operation: PENDING
07:12:43 INFO  State of current operation: PENDING
07:12:45 INFO  State of current operation: PENDING
07:12:47 INFO  State of current operation: PENDING
07:12:49 INFO  State of current operation: PENDING
07:12:51 INFO  State of current operation: PENDING
07:12:54 INFO  State of current operation: PENDING
07:12:56 INFO  State of current operation: PENDING
07:12:58 INFO  State of current operation: PENDING
07:13:00 INFO  State of current operation: PENDING
07:13:03 INFO  State of current operation: PENDING
07:13:05 INFO  State of current operation: PENDING
07:13:07 INFO  State of current operation: PENDING
07:13:09 INFO  State of current operation: PENDING
07:13:11 INFO  State of current operation: PENDING
07:13:14 INFO  State of current operation: PENDING
07:13:16 INFO  State of current operation: PENDING
07:13:18 INFO  State of current operation: PENDING
07:13:20 INFO  State of current operation: PENDING
07:13:23 INFO  State of current operation: PENDING
07:13:25 INFO  State of current operation: PENDING
07:13:27 INFO  State of current operation: PENDING
07:13:29 INFO  State of current operation: PENDING
07:13:32 INFO  State of current operation: PENDING
07:13:34 INFO  State of current operation: PENDING
07:13:36 INFO  State of current operation: PENDING
07:13:38 INFO  State of current operation: PENDING
07:13:40 INFO  State of current operation: PENDING
07:13:43 INFO  State of current operation: PENDING
07:13:45 INFO  State of current operation: PENDING
07:13:47 INFO  State of current operation: PENDING
07:13:49 INFO  State of current operation: PENDING
07:13:51 INFO  State of current operation: PENDING
07:13:54 INFO  State of current operation: PENDING
07:13:56 INFO  State of current operation: PENDING
07:13:58 INFO  State of current operation: PENDING
07:14:00 INFO  State of current operation: PENDING
07:14:03 INFO  State of current operation: PENDING
07:14:05 INFO  State of current operation: PENDING
07:14:07 INFO  State of current operation: PENDING
07:14:09 WARN  SystemError occurred while running test - Timeout while waiting for status FAILED or SUCCESSFUL
Traceback (most recent call last):
  File &quot;/home/pi/env-pysys/lib/python3.7/site-packages/pysys/baserunner.py&quot;, line 1292, in __call__
    self.testObj.setup()
  File &quot;/home/pi/actions-runner/_work/thin-edge.io/thin-edge.io/tests/PySys/software_management_end_to_end/sm_apt_install_remove_default/run.py&quot;, line 26, in setup
    super().setup()
  File &quot;/home/pi/actions-runner/_work/thin-edge.io/thin-edge.io/tests/PySys/software_management_end_to_end/environment_sm_management.py&quot;, line 151, in setup
    self.wait_until_end()
  File &quot;/home/pi/actions-runner/_work/thin-edge.io/thin-edge.io/tests/PySys/software_management_end_to_end/environment_sm_management.py&quot;, line 332, in wait_until_end
    self.wait_until_status(&quot;FAILED&quot;, &quot;SUCCESSFUL&quot;)
  File &quot;/home/pi/actions-runner/_work/thin-edge.io/thin-edge.io/tests/PySys/software_management_end_to_end/environment_sm_management.py&quot;, line 381, in wait_until_status
    &quot;Timeout while waiting for status %s or %s&quot; % (status, status2)
SystemError: Timeout while waiting for status FAILED or SUCCESSFUL
07:14:09 WARN  SystemError: Timeout while waiting for status FAILED or SUCCESSFUL ... blocked 
07:14:09 INFO  
07:14:09 INFO  cleanup:
07:14:13 INFO  Executed sudo&lt;tedge_disconnect_c8y&gt;, exit status 0
07:14:14 INFO  Executed systemctl&lt;serv_mapper5&gt;, exit status 3
07:14:14 INFO  
07:14:14 INFO  Test duration: 165.16 secs
07:14:14 INFO  Test final outcome:  BLOCKED
07:14:14 INFO  Test outcome reason: SystemError: Timeout while waiting for status FAILED or SUCCESSFUL
07:14:14 INFO  
</system-out>
	</testcase>
</testsuite>
