<?xml version="1.0" encoding="utf-8"?>
<testsuite failures="0" name="apt_install_fail" skipped="0" tests="1" time="12.04" timestamp="2022-04-14T10:07:41">
	<testcase classname="AptPluginInstallFail" name="apt_install_fail"/>
</testsuite>
