<?xml version="1.0" encoding="utf-8"?>
<testsuite failures="1" name="SoftwareManagement.sm_apt_install_download_path" skipped="0" tests="1" time="190.26" timestamp="2022-04-14T07:05:58">
	<testcase classname="AptInstallWithDownloadPath" name="SoftwareManagement.sm_apt_install_download_path">
		<failure message="BLOCKED: SystemError: Timeout while waiting for status FAILED or SUCCESSFUL" type="BLOCKED"/>
		<system-out>07:02:48 INFO  ==============================================================
07:02:48 INFO  Id:    SoftwareManagement.sm_apt_install_download_path
07:02:48 INFO  Dir:   software_management_end_to_end/
07:02:48 INFO  Title: Install package to directory specified in tedge config set tmp.path
07:02:48 INFO  ==============================================================
07:02:49 INFO  Using sw id database: {'asciijump': '5475369', 'robotfindskitten': '5474869', 'squirrel3': '5475279', 'rolldice': '5152439', 'moon-buggy': '5439204', 'apple': '5495053', 'banana': '5494888', 'cherry': '5495382', 'watermelon': '5494510', 'registry': '8018911', 'hello-world': '8021526', 'docker/getting-started': '8021973', 'alpine': '7991792'}
07:02:49 INFO  EnvironmentC8y Setup
07:02:49 INFO  Executed systemctl&lt;serv_mapper1&gt;, exit status 3
07:03:04 INFO  Executed sudo&lt;tedge_connect_c8y&gt;, exit status 0, duration 14 secs
07:03:06 INFO  Executed sudo&lt;tedge_connect_c8y_test&gt;, exit status 0
07:03:07 INFO  Executed systemctl&lt;serv_mosq2&gt;, exit status 0
07:03:08 INFO  Executed systemctl&lt;serv_mapper3&gt;, exit status 0
07:03:10 INFO  State of current operation: PENDING
07:03:12 INFO  State of current operation: PENDING
07:03:14 INFO  State of current operation: PENDING
07:03:17 INFO  State of current operation: PENDING
07:03:19 INFO  State of current operation: PENDING
07:03:21 INFO  State of current operation: PENDING
07:03:23 INFO  State of current operation: PENDING
07:03:25 INFO  State of current operation: PENDING
07:03:28 INFO  State of current operation: PENDING
07:03:30 INFO  State of current operation: PENDING
07:03:32 INFO  State of current operation: PENDING
07:03:34 INFO  State of current operation: PENDING
07:03:37 INFO  State of current operation: PENDING
07:03:39 INFO  State of current operation: PENDING
07:03:41 INFO  State of current operation: PENDING
07:03:43 INFO  State of current operation: PENDING
07:03:45 INFO  State of current operation: PENDING
07:03:48 INFO  State of current operation: PENDING
07:03:50 INFO  State of current operation: PENDING
07:03:52 INFO  State of current operation: PENDING
07:03:54 INFO  State of current operation: PENDING
07:03:57 INFO  State of current operation: PENDING
07:03:59 INFO  State of current operation: PENDING
07:04:01 INFO  State of current operation: PENDING
07:04:03 INFO  State of current operation: PENDING
07:04:05 INFO  State of current operation: PENDING
07:04:08 INFO  State of current operation: PENDING
07:04:10 INFO  State of current operation: PENDING
07:04:12 INFO  State of current operation: PENDING
07:04:14 INFO  State of current operation: PENDING
07:04:17 INFO  State of current operation: PENDING
07:04:19 INFO  State of current operation: PENDING
07:04:21 INFO  State of current operation: PENDING
07:04:23 INFO  State of current operation: PENDING
07:04:25 INFO  State of current operation: PENDING
07:04:28 INFO  State of current operation: PENDING
07:04:30 INFO  State of current operation: PENDING
07:04:32 INFO  State of current operation: PENDING
07:04:34 INFO  State of current operation: PENDING
07:04:36 INFO  State of current operation: PENDING
07:04:39 INFO  State of current operation: PENDING
07:04:41 INFO  State of current operation: PENDING
07:04:43 INFO  State of current operation: PENDING
07:04:45 INFO  State of current operation: PENDING
07:04:48 INFO  State of current operation: PENDING
07:04:50 INFO  State of current operation: PENDING
07:04:52 INFO  State of current operation: PENDING
07:04:54 INFO  State of current operation: PENDING
07:04:57 INFO  State of current operation: PENDING
07:04:59 INFO  State of current operation: PENDING
07:05:01 INFO  State of current operation: PENDING
07:05:03 INFO  State of current operation: PENDING
07:05:05 INFO  State of current operation: PENDING
07:05:08 INFO  State of current operation: PENDING
07:05:10 INFO  State of current operation: PENDING
07:05:12 INFO  State of current operation: PENDING
07:05:14 INFO  State of current operation: PENDING
07:05:17 INFO  State of current operation: PENDING
07:05:19 INFO  State of current operation: PENDING
07:05:21 INFO  State of current operation: PENDING
07:05:23 INFO  State of current operation: PENDING
07:05:25 WARN  SystemError occurred while running test - Timeout while waiting for status FAILED or SUCCESSFUL
Traceback (most recent call last):
  File &quot;/home/pi/env-pysys/lib/python3.7/site-packages/pysys/baserunner.py&quot;, line 1292, in __call__
    self.testObj.setup()
  File &quot;/home/pi/actions-runner/_work/thin-edge.io/thin-edge.io/tests/PySys/software_management_end_to_end/sm_apt_install_download_path/run.py&quot;, line 48, in setup
    super().setup()
  File &quot;/home/pi/actions-runner/_work/thin-edge.io/thin-edge.io/tests/PySys/software_management_end_to_end/environment_sm_management.py&quot;, line 151, in setup
    self.wait_until_end()
  File &quot;/home/pi/actions-runner/_work/thin-edge.io/thin-edge.io/tests/PySys/software_management_end_to_end/environment_sm_management.py&quot;, line 332, in wait_until_end
    self.wait_until_status(&quot;FAILED&quot;, &quot;SUCCESSFUL&quot;)
  File &quot;/home/pi/actions-runner/_work/thin-edge.io/thin-edge.io/tests/PySys/software_management_end_to_end/environment_sm_management.py&quot;, line 381, in wait_until_status
    &quot;Timeout while waiting for status %s or %s&quot; % (status, status2)
SystemError: Timeout while waiting for status FAILED or SUCCESSFUL
07:05:26 WARN  SystemError: Timeout while waiting for status FAILED or SUCCESSFUL ... blocked 
07:05:26 INFO  
07:05:26 INFO  cleanup:
07:05:26 INFO  Executed sudo, exit status 0
07:05:27 INFO  Executed sudo, exit status 0
07:05:31 INFO  Executed sudo&lt;tedge_disconnect_c8y&gt;, exit status 0
07:05:31 INFO  Restarting mosquitto too frequently in the last 10 seconds. It was only up for 3 seconds
07:05:31 INFO  Delaying execution by 8 seconds
07:05:53 INFO  Executed sudo&lt;tedge_connect_c8y&gt;, exit status 0, duration 13 secs
07:05:58 INFO  Executed sudo&lt;tedge_disconnect_c8y&gt;, exit status 0
07:05:58 INFO  Executed systemctl&lt;serv_mapper5&gt;, exit status 3
07:05:58 INFO  
07:05:58 INFO  Test duration: 190.26 secs
07:05:58 INFO  Test final outcome:  BLOCKED
07:05:58 INFO  Test outcome reason: SystemError: Timeout while waiting for status FAILED or SUCCESSFUL
07:05:58 INFO  
</system-out>
	</testcase>
</testsuite>
