<?xml version="1.0" encoding="utf-8"?>
<testsuite failures="0" name="apt_sequence_remove_with_version_fail" skipped="0" tests="1" time="60.9" timestamp="2022-04-11T10:15:19">
	<testcase classname="AptPluginRemoveWithVersionFails" name="apt_sequence_remove_with_version_fail"/>
</testsuite>
