<?xml version="1.0" encoding="utf-8"?>
<testsuite failures="1" name="SoftwareManagement.sm_apt_install_fail" skipped="0" tests="1" time="165.44" timestamp="2022-04-14T07:08:44">
	<testcase classname="PySysTest" name="SoftwareManagement.sm_apt_install_fail">
		<failure message="BLOCKED: SystemError: Timeout while waiting for status FAILED or SUCCESSFUL" type="BLOCKED"/>
		<system-out>07:05:58 INFO  ==============================================================
07:05:58 INFO  Id:    SoftwareManagement.sm_apt_install_fail
07:05:58 INFO  Dir:   software_management_end_to_end/
07:05:58 INFO  Title: Validate end to end behaviour for a failing installation
07:05:58 INFO  ==============================================================
07:05:58 INFO  Using sw id database: {'asciijump': '5475369', 'robotfindskitten': '5474869', 'squirrel3': '5475279', 'rolldice': '5152439', 'moon-buggy': '5439204', 'apple': '5495053', 'banana': '5494888', 'cherry': '5495382', 'watermelon': '5494510', 'registry': '8018911', 'hello-world': '8021526', 'docker/getting-started': '8021973', 'alpine': '7991792'}
07:05:58 INFO  EnvironmentC8y Setup
07:05:59 INFO  Executed systemctl&lt;serv_mapper1&gt;, exit status 3
07:05:59 INFO  Restarting mosquitto too frequently in the last 10 seconds. It was only up for 5 seconds
07:05:59 INFO  Delaying execution by 6 seconds
07:06:19 INFO  Executed sudo&lt;tedge_connect_c8y&gt;, exit status 0, duration 14 secs
07:06:20 INFO  Executed sudo&lt;tedge_connect_c8y_test&gt;, exit status 0
07:06:21 INFO  Executed systemctl&lt;serv_mosq2&gt;, exit status 0
07:06:21 INFO  Executed systemctl&lt;serv_mapper3&gt;, exit status 0
07:06:23 INFO  State of current operation: PENDING
07:06:25 INFO  State of current operation: PENDING
07:06:28 INFO  State of current operation: PENDING
07:06:30 INFO  State of current operation: PENDING
07:06:32 INFO  State of current operation: PENDING
07:06:34 INFO  State of current operation: PENDING
07:06:37 INFO  State of current operation: PENDING
07:06:39 INFO  State of current operation: PENDING
07:06:41 INFO  State of current operation: PENDING
07:06:43 INFO  State of current operation: PENDING
07:06:45 INFO  State of current operation: PENDING
07:06:48 INFO  State of current operation: PENDING
07:06:50 INFO  State of current operation: PENDING
07:06:52 INFO  State of current operation: PENDING
07:06:54 INFO  State of current operation: PENDING
07:06:57 INFO  State of current operation: PENDING
07:06:59 INFO  State of current operation: PENDING
07:07:01 INFO  State of current operation: PENDING
07:07:03 INFO  State of current operation: PENDING
07:07:05 INFO  State of current operation: PENDING
07:07:08 INFO  State of current operation: PENDING
07:07:10 INFO  State of current operation: PENDING
07:07:12 INFO  State of current operation: PENDING
07:07:14 INFO  State of current operation: PENDING
07:07:17 INFO  State of current operation: PENDING
07:07:19 INFO  State of current operation: PENDING
07:07:21 INFO  State of current operation: PENDING
07:07:23 INFO  State of current operation: PENDING
07:07:25 INFO  State of current operation: PENDING
07:07:28 INFO  State of current operation: PENDING
07:07:30 INFO  State of current operation: PENDING
07:07:32 INFO  State of current operation: PENDING
07:07:34 INFO  State of current operation: PENDING
07:07:37 INFO  State of current operation: PENDING
07:07:39 INFO  State of current operation: PENDING
07:07:41 INFO  State of current operation: PENDING
07:07:43 INFO  State of current operation: PENDING
07:07:45 INFO  State of current operation: PENDING
07:07:48 INFO  State of current operation: PENDING
07:07:50 INFO  State of current operation: PENDING
07:07:52 INFO  State of current operation: PENDING
07:07:54 INFO  State of current operation: PENDING
07:07:56 INFO  State of current operation: PENDING
07:07:59 INFO  State of current operation: PENDING
07:08:01 INFO  State of current operation: PENDING
07:08:03 INFO  State of current operation: PENDING
07:08:05 INFO  State of current operation: PENDING
07:08:08 INFO  State of current operation: PENDING
07:08:10 INFO  State of current operation: PENDING
07:08:12 INFO  State of current operation: PENDING
07:08:14 INFO  State of current operation: PENDING
07:08:17 INFO  State of current operation: PENDING
07:08:19 INFO  State of current operation: PENDING
07:08:21 INFO  State of current operation: PENDING
07:08:23 INFO  State of current operation: PENDING
07:08:25 INFO  State of current operation: PENDING
07:08:28 INFO  State of current operation: PENDING
07:08:30 INFO  State of current operation: PENDING
07:08:32 INFO  State of current operation: PENDING
07:08:34 INFO  State of current operation: PENDING
07:08:37 INFO  State of current operation: PENDING
07:08:39 WARN  SystemError occurred while running test - Timeout while waiting for status FAILED or SUCCESSFUL
Traceback (most recent call last):
  File &quot;/home/pi/env-pysys/lib/python3.7/site-packages/pysys/baserunner.py&quot;, line 1292, in __call__
    self.testObj.setup()
  File &quot;/home/pi/actions-runner/_work/thin-edge.io/thin-edge.io/tests/PySys/software_management_end_to_end/sm_apt_install_fail/run.py&quot;, line 20, in setup
    super().setup()
  File &quot;/home/pi/actions-runner/_work/thin-edge.io/thin-edge.io/tests/PySys/software_management_end_to_end/environment_sm_management.py&quot;, line 151, in setup
    self.wait_until_end()
  File &quot;/home/pi/actions-runner/_work/thin-edge.io/thin-edge.io/tests/PySys/software_management_end_to_end/environment_sm_management.py&quot;, line 332, in wait_until_end
    self.wait_until_status(&quot;FAILED&quot;, &quot;SUCCESSFUL&quot;)
  File &quot;/home/pi/actions-runner/_work/thin-edge.io/thin-edge.io/tests/PySys/software_management_end_to_end/environment_sm_management.py&quot;, line 381, in wait_until_status
    &quot;Timeout while waiting for status %s or %s&quot; % (status, status2)
SystemError: Timeout while waiting for status FAILED or SUCCESSFUL
07:08:39 WARN  SystemError: Timeout while waiting for status FAILED or SUCCESSFUL ... blocked 
07:08:39 INFO  
07:08:39 INFO  cleanup:
07:08:43 INFO  Executed sudo&lt;tedge_disconnect_c8y&gt;, exit status 0
07:08:44 INFO  Executed systemctl&lt;serv_mapper5&gt;, exit status 3
07:08:44 INFO  
07:08:44 INFO  Test duration: 165.44 secs
07:08:44 INFO  Test final outcome:  BLOCKED
07:08:44 INFO  Test outcome reason: SystemError: Timeout while waiting for status FAILED or SUCCESSFUL
07:08:44 INFO  
</system-out>
	</testcase>
</testsuite>
