<?xml version="1.0" encoding="utf-8"?>
<testsuite failures="0" name="apt_finalize" skipped="0" tests="1" time="101.39" timestamp="2022-04-08T10:04:15">
	<testcase classname="AptPluginFinalize" name="apt_finalize"/>
</testsuite>
