<?xml version="1.0" encoding="utf-8"?>
<testsuite failures="1" name="SoftwareManagement.sm_apt_install_remove_multiple_mixed" skipped="0" tests="1" time="166.05" timestamp="2022-04-15T09:46:53">
	<testcase classname="PySysTest" name="SoftwareManagement.sm_apt_install_remove_multiple_mixed">
		<failure message="BLOCKED: SystemError: Timeout while waiting for status FAILED or SUCCESSFUL" type="BLOCKED"/>
		<system-out>09:44:07 INFO  ==============================================================
09:44:07 INFO  Id:    SoftwareManagement.sm_apt_install_remove_multiple_mixed
09:44:07 INFO  Dir:   software_management_end_to_end/
09:44:07 INFO  Title: Validate end to end behaviour for the apt plugin for multiple packages with mixed versions
09:44:07 INFO  ==============================================================
09:44:07 INFO  Using sw id database: {'asciijump': '5475369', 'robotfindskitten': '5474869', 'squirrel3': '5475279', 'rolldice': '5152439', 'moon-buggy': '5439204', 'apple': '5495053', 'banana': '5494888', 'cherry': '5495382', 'watermelon': '5494510', 'registry': '8018911', 'hello-world': '8021526', 'docker/getting-started': '8021973', 'alpine': '7991792'}
09:44:07 INFO  EnvironmentC8y Setup
09:44:07 INFO  Executed systemctl&lt;serv_mapper1&gt;, exit status 3
09:44:07 INFO  Restarting mosquitto too frequently in the last 10 seconds. It was only up for 5 seconds
09:44:07 INFO  Delaying execution by 6 seconds
09:44:28 INFO  Executed sudo&lt;tedge_connect_c8y&gt;, exit status 0, duration 14 secs
09:44:29 INFO  Executed sudo&lt;tedge_connect_c8y_test&gt;, exit status 0
09:44:30 INFO  Executed systemctl&lt;serv_mosq2&gt;, exit status 0
09:44:30 INFO  Executed systemctl&lt;serv_mapper3&gt;, exit status 0
09:44:32 INFO  State of current operation: PENDING
09:44:34 INFO  State of current operation: PENDING
09:44:37 INFO  State of current operation: PENDING
09:44:39 INFO  State of current operation: PENDING
09:44:41 INFO  State of current operation: PENDING
09:44:43 INFO  State of current operation: PENDING
09:44:46 INFO  State of current operation: PENDING
09:44:48 INFO  State of current operation: PENDING
09:44:50 INFO  State of current operation: PENDING
09:44:52 INFO  State of current operation: PENDING
09:44:55 INFO  State of current operation: PENDING
09:44:57 INFO  State of current operation: PENDING
09:44:59 INFO  State of current operation: PENDING
09:45:01 INFO  State of current operation: PENDING
09:45:03 INFO  State of current operation: PENDING
09:45:06 INFO  State of current operation: PENDING
09:45:08 INFO  State of current operation: PENDING
09:45:10 INFO  State of current operation: PENDING
09:45:12 INFO  State of current operation: PENDING
09:45:15 INFO  State of current operation: PENDING
09:45:17 INFO  State of current operation: PENDING
09:45:19 INFO  State of current operation: PENDING
09:45:21 INFO  State of current operation: PENDING
09:45:23 INFO  State of current operation: PENDING
09:45:26 INFO  State of current operation: PENDING
09:45:28 INFO  State of current operation: PENDING
09:45:30 INFO  State of current operation: PENDING
09:45:32 INFO  State of current operation: PENDING
09:45:35 INFO  State of current operation: PENDING
09:45:37 INFO  State of current operation: PENDING
09:45:39 INFO  State of current operation: PENDING
09:45:41 INFO  State of current operation: PENDING
09:45:44 INFO  State of current operation: PENDING
09:45:46 INFO  State of current operation: PENDING
09:45:48 INFO  State of current operation: PENDING
09:45:50 INFO  State of current operation: PENDING
09:45:52 INFO  State of current operation: PENDING
09:45:55 INFO  State of current operation: PENDING
09:45:57 INFO  State of current operation: PENDING
09:45:59 INFO  State of current operation: PENDING
09:46:01 INFO  State of current operation: PENDING
09:46:04 INFO  State of current operation: PENDING
09:46:06 INFO  State of current operation: PENDING
09:46:08 INFO  State of current operation: PENDING
09:46:10 INFO  State of current operation: PENDING
09:46:12 INFO  State of current operation: PENDING
09:46:15 INFO  State of current operation: PENDING
09:46:17 INFO  State of current operation: PENDING
09:46:19 INFO  State of current operation: PENDING
09:46:21 INFO  State of current operation: PENDING
09:46:24 INFO  State of current operation: PENDING
09:46:26 INFO  State of current operation: PENDING
09:46:28 INFO  State of current operation: PENDING
09:46:30 INFO  State of current operation: PENDING
09:46:32 INFO  State of current operation: PENDING
09:46:35 INFO  State of current operation: PENDING
09:46:37 INFO  State of current operation: PENDING
09:46:39 INFO  State of current operation: PENDING
09:46:41 INFO  State of current operation: PENDING
09:46:44 INFO  State of current operation: PENDING
09:46:46 INFO  State of current operation: PENDING
09:46:48 WARN  SystemError occurred while running test - Timeout while waiting for status FAILED or SUCCESSFUL
Traceback (most recent call last):
  File &quot;/home/pi/env-pysys/lib/python3.7/site-packages/pysys/baserunner.py&quot;, line 1292, in __call__
    self.testObj.setup()
  File &quot;/home/pi/actions-runner/_work/thin-edge.io/thin-edge.io/tests/PySys/software_management_end_to_end/sm_apt_install_remove_multiple_mixed/run.py&quot;, line 73, in setup
    super().setup()
  File &quot;/home/pi/actions-runner/_work/thin-edge.io/thin-edge.io/tests/PySys/software_management_end_to_end/environment_sm_management.py&quot;, line 151, in setup
    self.wait_until_end()
  File &quot;/home/pi/actions-runner/_work/thin-edge.io/thin-edge.io/tests/PySys/software_management_end_to_end/environment_sm_management.py&quot;, line 332, in wait_until_end
    self.wait_until_status(&quot;FAILED&quot;, &quot;SUCCESSFUL&quot;)
  File &quot;/home/pi/actions-runner/_work/thin-edge.io/thin-edge.io/tests/PySys/software_management_end_to_end/environment_sm_management.py&quot;, line 381, in wait_until_status
    &quot;Timeout while waiting for status %s or %s&quot; % (status, status2)
SystemError: Timeout while waiting for status FAILED or SUCCESSFUL
09:46:48 WARN  SystemError: Timeout while waiting for status FAILED or SUCCESSFUL ... blocked 
09:46:48 INFO  
09:46:48 INFO  cleanup:
09:46:52 INFO  Executed sudo&lt;tedge_disconnect_c8y&gt;, exit status 0
09:46:53 INFO  Executed systemctl&lt;serv_mapper5&gt;, exit status 3
09:46:53 INFO  
09:46:53 INFO  Test duration: 166.05 secs
09:46:53 INFO  Test final outcome:  BLOCKED
09:46:53 INFO  Test outcome reason: SystemError: Timeout while waiting for status FAILED or SUCCESSFUL
09:46:53 INFO  
</system-out>
	</testcase>
</testsuite>
