<?xml version="1.0" encoding="utf-8"?>
<testsuite failures="1" name="SoftwareManagement.sm_apt_install_remove_multiple_mixed" skipped="0" tests="1" time="166.59" timestamp="2022-04-14T07:19:45">
	<testcase classname="PySysTest" name="SoftwareManagement.sm_apt_install_remove_multiple_mixed">
		<failure message="BLOCKED: SystemError: Timeout while waiting for status FAILED or SUCCESSFUL" type="BLOCKED"/>
		<system-out>07:16:59 INFO  ==============================================================
07:16:59 INFO  Id:    SoftwareManagement.sm_apt_install_remove_multiple_mixed
07:16:59 INFO  Dir:   software_management_end_to_end/
07:16:59 INFO  Title: Validate end to end behaviour for the apt plugin for multiple packages with mixed versions
07:16:59 INFO  ==============================================================
07:16:59 INFO  Using sw id database: {'asciijump': '5475369', 'robotfindskitten': '5474869', 'squirrel3': '5475279', 'rolldice': '5152439', 'moon-buggy': '5439204', 'apple': '5495053', 'banana': '5494888', 'cherry': '5495382', 'watermelon': '5494510', 'registry': '8018911', 'hello-world': '8021526', 'docker/getting-started': '8021973', 'alpine': '7991792'}
07:16:59 INFO  EnvironmentC8y Setup
07:16:59 INFO  Executed systemctl&lt;serv_mapper1&gt;, exit status 3
07:16:59 INFO  Restarting mosquitto too frequently in the last 10 seconds. It was only up for 4 seconds
07:16:59 INFO  Delaying execution by 7 seconds
07:17:21 INFO  Executed sudo&lt;tedge_connect_c8y&gt;, exit status 0, duration 14 secs
07:17:21 INFO  Executed sudo&lt;tedge_connect_c8y_test&gt;, exit status 0
07:17:22 INFO  Executed systemctl&lt;serv_mosq2&gt;, exit status 0
07:17:22 INFO  Executed systemctl&lt;serv_mapper3&gt;, exit status 0
07:17:24 INFO  State of current operation: PENDING
07:17:27 INFO  State of current operation: PENDING
07:17:29 INFO  State of current operation: PENDING
07:17:31 INFO  State of current operation: PENDING
07:17:33 INFO  State of current operation: PENDING
07:17:36 INFO  State of current operation: PENDING
07:17:38 INFO  State of current operation: PENDING
07:17:40 INFO  State of current operation: PENDING
07:17:42 INFO  State of current operation: PENDING
07:17:45 INFO  State of current operation: PENDING
07:17:47 INFO  State of current operation: PENDING
07:17:49 INFO  State of current operation: PENDING
07:17:51 INFO  State of current operation: PENDING
07:17:53 INFO  State of current operation: PENDING
07:17:56 INFO  State of current operation: PENDING
07:17:58 INFO  State of current operation: PENDING
07:18:00 INFO  State of current operation: PENDING
07:18:02 INFO  State of current operation: PENDING
07:18:05 INFO  State of current operation: PENDING
07:18:07 INFO  State of current operation: PENDING
07:18:09 INFO  State of current operation: PENDING
07:18:11 INFO  State of current operation: PENDING
07:18:13 INFO  State of current operation: PENDING
07:18:16 INFO  State of current operation: PENDING
07:18:18 INFO  State of current operation: PENDING
07:18:20 INFO  State of current operation: PENDING
07:18:22 INFO  State of current operation: PENDING
07:18:25 INFO  State of current operation: PENDING
07:18:27 INFO  State of current operation: PENDING
07:18:29 INFO  State of current operation: PENDING
07:18:31 INFO  State of current operation: PENDING
07:18:34 INFO  State of current operation: PENDING
07:18:36 INFO  State of current operation: PENDING
07:18:38 INFO  State of current operation: PENDING
07:18:40 INFO  State of current operation: PENDING
07:18:42 INFO  State of current operation: PENDING
07:18:45 INFO  State of current operation: PENDING
07:18:47 INFO  State of current operation: PENDING
07:18:49 INFO  State of current operation: PENDING
07:18:51 INFO  State of current operation: PENDING
07:18:54 INFO  State of current operation: PENDING
07:18:56 INFO  State of current operation: PENDING
07:18:58 INFO  State of current operation: PENDING
07:19:00 INFO  State of current operation: PENDING
07:19:02 INFO  State of current operation: PENDING
07:19:05 INFO  State of current operation: PENDING
07:19:07 INFO  State of current operation: PENDING
07:19:09 INFO  State of current operation: PENDING
07:19:11 INFO  State of current operation: PENDING
07:19:14 INFO  State of current operation: PENDING
07:19:16 INFO  State of current operation: PENDING
07:19:18 INFO  State of current operation: PENDING
07:19:20 INFO  State of current operation: PENDING
07:19:22 INFO  State of current operation: PENDING
07:19:25 INFO  State of current operation: PENDING
07:19:27 INFO  State of current operation: PENDING
07:19:29 INFO  State of current operation: PENDING
07:19:31 INFO  State of current operation: PENDING
07:19:34 INFO  State of current operation: PENDING
07:19:36 INFO  State of current operation: PENDING
07:19:38 INFO  State of current operation: PENDING
07:19:40 WARN  SystemError occurred while running test - Timeout while waiting for status FAILED or SUCCESSFUL
Traceback (most recent call last):
  File &quot;/home/pi/env-pysys/lib/python3.7/site-packages/pysys/baserunner.py&quot;, line 1292, in __call__
    self.testObj.setup()
  File &quot;/home/pi/actions-runner/_work/thin-edge.io/thin-edge.io/tests/PySys/software_management_end_to_end/sm_apt_install_remove_multiple_mixed/run.py&quot;, line 73, in setup
    super().setup()
  File &quot;/home/pi/actions-runner/_work/thin-edge.io/thin-edge.io/tests/PySys/software_management_end_to_end/environment_sm_management.py&quot;, line 151, in setup
    self.wait_until_end()
  File &quot;/home/pi/actions-runner/_work/thin-edge.io/thin-edge.io/tests/PySys/software_management_end_to_end/environment_sm_management.py&quot;, line 332, in wait_until_end
    self.wait_until_status(&quot;FAILED&quot;, &quot;SUCCESSFUL&quot;)
  File &quot;/home/pi/actions-runner/_work/thin-edge.io/thin-edge.io/tests/PySys/software_management_end_to_end/environment_sm_management.py&quot;, line 381, in wait_until_status
    &quot;Timeout while waiting for status %s or %s&quot; % (status, status2)
SystemError: Timeout while waiting for status FAILED or SUCCESSFUL
07:19:40 WARN  SystemError: Timeout while waiting for status FAILED or SUCCESSFUL ... blocked 
07:19:40 INFO  
07:19:40 INFO  cleanup:
07:19:45 INFO  Executed sudo&lt;tedge_disconnect_c8y&gt;, exit status 0
07:19:45 INFO  Executed systemctl&lt;serv_mapper5&gt;, exit status 3
07:19:45 INFO  
07:19:45 INFO  Test duration: 166.59 secs
07:19:45 INFO  Test final outcome:  BLOCKED
07:19:45 INFO  Test outcome reason: SystemError: Timeout while waiting for status FAILED or SUCCESSFUL
07:19:45 INFO  
</system-out>
	</testcase>
</testsuite>
