<?xml version="1.0" encoding="utf-8"?>
<testsuite failures="1" name="SoftwareManagement.sm_apt_install_remove" skipped="0" tests="1" time="164.73" timestamp="2022-04-12T09:19:39">
	<testcase classname="PySysTest" name="SoftwareManagement.sm_apt_install_remove">
		<failure message="BLOCKED: SystemError: Timeout while waiting for status FAILED or SUCCESSFUL" type="BLOCKED"/>
		<system-out>09:16:54 INFO  ==============================================================
09:16:54 INFO  Id:    SoftwareManagement.sm_apt_install_remove
09:16:54 INFO  Dir:   software_management_end_to_end/
09:16:54 INFO  Title: Validate end to end behaviour for the apt plugin for installation and removal of packages
09:16:54 INFO  ==============================================================
09:16:54 INFO  Using sw id database: {'asciijump': '5475369', 'robotfindskitten': '5474869', 'squirrel3': '5475279', 'rolldice': '5152439', 'moon-buggy': '5439204', 'apple': '5495053', 'banana': '5494888', 'cherry': '5495382', 'watermelon': '5494510', 'registry': '8018911', 'hello-world': '8021526', 'docker/getting-started': '8021973', 'alpine': '7991792'}
09:16:54 INFO  EnvironmentC8y Setup
09:16:55 INFO  Executed systemctl&lt;serv_mapper1&gt;, exit status 3
09:16:55 INFO  Restarting mosquitto too frequently in the last 10 seconds. It was only up for 5 seconds
09:16:55 INFO  Delaying execution by 6 seconds
09:17:15 INFO  Executed sudo&lt;tedge_connect_c8y&gt;, exit status 0, duration 13 secs
09:17:15 INFO  Executed sudo&lt;tedge_connect_c8y_test&gt;, exit status 0
09:17:16 INFO  Executed systemctl&lt;serv_mosq2&gt;, exit status 0
09:17:16 INFO  Executed systemctl&lt;serv_mapper3&gt;, exit status 0
09:17:18 INFO  State of current operation: PENDING
09:17:21 INFO  State of current operation: PENDING
09:17:23 INFO  State of current operation: PENDING
09:17:25 INFO  State of current operation: PENDING
09:17:27 INFO  State of current operation: PENDING
09:17:30 INFO  State of current operation: PENDING
09:17:32 INFO  State of current operation: PENDING
09:17:34 INFO  State of current operation: PENDING
09:17:36 INFO  State of current operation: PENDING
09:17:38 INFO  State of current operation: PENDING
09:17:41 INFO  State of current operation: PENDING
09:17:43 INFO  State of current operation: PENDING
09:17:45 INFO  State of current operation: PENDING
09:17:47 INFO  State of current operation: PENDING
09:17:50 INFO  State of current operation: PENDING
09:17:52 INFO  State of current operation: PENDING
09:17:54 INFO  State of current operation: PENDING
09:17:56 INFO  State of current operation: PENDING
09:17:59 INFO  State of current operation: PENDING
09:18:01 INFO  State of current operation: PENDING
09:18:03 INFO  State of current operation: PENDING
09:18:05 INFO  State of current operation: PENDING
09:18:07 INFO  State of current operation: PENDING
09:18:10 INFO  State of current operation: PENDING
09:18:12 INFO  State of current operation: PENDING
09:18:14 INFO  State of current operation: PENDING
09:18:17 INFO  State of current operation: PENDING
09:18:19 INFO  State of current operation: PENDING
09:18:21 INFO  State of current operation: PENDING
09:18:23 INFO  State of current operation: PENDING
09:18:25 INFO  State of current operation: PENDING
09:18:28 INFO  State of current operation: PENDING
09:18:30 INFO  State of current operation: PENDING
09:18:32 INFO  State of current operation: PENDING
09:18:34 INFO  State of current operation: PENDING
09:18:37 INFO  State of current operation: PENDING
09:18:39 INFO  State of current operation: PENDING
09:18:41 INFO  State of current operation: PENDING
09:18:43 INFO  State of current operation: PENDING
09:18:45 INFO  State of current operation: PENDING
09:18:48 INFO  State of current operation: PENDING
09:18:50 INFO  State of current operation: PENDING
09:18:52 INFO  State of current operation: PENDING
09:18:54 INFO  State of current operation: PENDING
09:18:57 INFO  State of current operation: PENDING
09:18:59 INFO  State of current operation: PENDING
09:19:01 INFO  State of current operation: PENDING
09:19:03 INFO  State of current operation: PENDING
09:19:06 INFO  State of current operation: PENDING
09:19:08 INFO  State of current operation: PENDING
09:19:10 INFO  State of current operation: PENDING
09:19:12 INFO  State of current operation: PENDING
09:19:14 INFO  State of current operation: PENDING
09:19:17 INFO  State of current operation: PENDING
09:19:19 INFO  State of current operation: PENDING
09:19:21 INFO  State of current operation: PENDING
09:19:23 INFO  State of current operation: PENDING
09:19:26 INFO  State of current operation: PENDING
09:19:28 INFO  State of current operation: PENDING
09:19:30 INFO  State of current operation: PENDING
09:19:32 INFO  State of current operation: PENDING
09:19:34 WARN  SystemError occurred while running test - Timeout while waiting for status FAILED or SUCCESSFUL
Traceback (most recent call last):
  File &quot;/home/pi/env-pysys/lib/python3.7/site-packages/pysys/baserunner.py&quot;, line 1292, in __call__
    self.testObj.setup()
  File &quot;/home/pi/actions-runner/_work/thin-edge.io/thin-edge.io/tests/PySys/software_management_end_to_end/sm_apt_install_remove/run.py&quot;, line 27, in setup
    super().setup()
  File &quot;/home/pi/actions-runner/_work/thin-edge.io/thin-edge.io/tests/PySys/software_management_end_to_end/environment_sm_management.py&quot;, line 151, in setup
    self.wait_until_end()
  File &quot;/home/pi/actions-runner/_work/thin-edge.io/thin-edge.io/tests/PySys/software_management_end_to_end/environment_sm_management.py&quot;, line 332, in wait_until_end
    self.wait_until_status(&quot;FAILED&quot;, &quot;SUCCESSFUL&quot;)
  File &quot;/home/pi/actions-runner/_work/thin-edge.io/thin-edge.io/tests/PySys/software_management_end_to_end/environment_sm_management.py&quot;, line 381, in wait_until_status
    &quot;Timeout while waiting for status %s or %s&quot; % (status, status2)
SystemError: Timeout while waiting for status FAILED or SUCCESSFUL
09:19:34 WARN  SystemError: Timeout while waiting for status FAILED or SUCCESSFUL ... blocked 
09:19:34 INFO  
09:19:34 INFO  cleanup:
09:19:38 INFO  Executed sudo&lt;tedge_disconnect_c8y&gt;, exit status 0
09:19:39 INFO  Executed systemctl&lt;serv_mapper5&gt;, exit status 3
09:19:39 INFO  
09:19:39 INFO  Test duration: 164.73 secs
09:19:39 INFO  Test final outcome:  BLOCKED
09:19:39 INFO  Test outcome reason: SystemError: Timeout while waiting for status FAILED or SUCCESSFUL
09:19:39 INFO  
</system-out>
	</testcase>
</testsuite>
