<?xml version="1.0" encoding="utf-8"?>
<testsuite failures="0" name="apt_prepare" skipped="0" tests="1" time="19.73" timestamp="2022-04-11T10:06:48">
	<testcase classname="AptPluginPrepare" name="apt_prepare"/>
</testsuite>
