<?xml version="1.0" encoding="utf-8"?>
<testsuite failures="1" name="SoftwareManagement.sm_apt_install_remove_with_version" skipped="0" tests="1" time="164.23" timestamp="2022-04-12T09:30:37">
	<testcase classname="PySysTest" name="SoftwareManagement.sm_apt_install_remove_with_version">
		<failure message="BLOCKED: SystemError: Timeout while waiting for status FAILED or SUCCESSFUL" type="BLOCKED"/>
		<system-out>09:27:53 INFO  ==============================================================
09:27:53 INFO  Id:    SoftwareManagement.sm_apt_install_remove_with_version
09:27:53 INFO  Dir:   software_management_end_to_end/
09:27:53 INFO  Title: Validate end to end behaviour for the apt plugin for packages with version
09:27:53 INFO  ==============================================================
09:27:53 INFO  Using sw id database: {'asciijump': '5475369', 'robotfindskitten': '5474869', 'squirrel3': '5475279', 'rolldice': '5152439', 'moon-buggy': '5439204', 'apple': '5495053', 'banana': '5494888', 'cherry': '5495382', 'watermelon': '5494510', 'registry': '8018911', 'hello-world': '8021526', 'docker/getting-started': '8021973', 'alpine': '7991792'}
09:27:53 INFO  EnvironmentC8y Setup
09:27:54 INFO  Executed systemctl&lt;serv_mapper1&gt;, exit status 3
09:27:54 INFO  Restarting mosquitto too frequently in the last 10 seconds. It was only up for 5 seconds
09:27:54 INFO  Delaying execution by 6 seconds
09:28:13 INFO  Executed sudo&lt;tedge_connect_c8y&gt;, exit status 0, duration 13 secs
09:28:14 INFO  Executed sudo&lt;tedge_connect_c8y_test&gt;, exit status 0
09:28:14 INFO  Executed systemctl&lt;serv_mosq2&gt;, exit status 0
09:28:15 INFO  Executed systemctl&lt;serv_mapper3&gt;, exit status 0
09:28:17 INFO  State of current operation: PENDING
09:28:19 INFO  State of current operation: PENDING
09:28:21 INFO  State of current operation: PENDING
09:28:24 INFO  State of current operation: PENDING
09:28:26 INFO  State of current operation: PENDING
09:28:28 INFO  State of current operation: PENDING
09:28:30 INFO  State of current operation: PENDING
09:28:33 INFO  State of current operation: PENDING
09:28:35 INFO  State of current operation: PENDING
09:28:37 INFO  State of current operation: PENDING
09:28:39 INFO  State of current operation: PENDING
09:28:41 INFO  State of current operation: PENDING
09:28:44 INFO  State of current operation: PENDING
09:28:46 INFO  State of current operation: PENDING
09:28:48 INFO  State of current operation: PENDING
09:28:50 INFO  State of current operation: PENDING
09:28:53 INFO  State of current operation: PENDING
09:28:55 INFO  State of current operation: PENDING
09:28:57 INFO  State of current operation: PENDING
09:28:59 INFO  State of current operation: PENDING
09:29:01 INFO  State of current operation: PENDING
09:29:04 INFO  State of current operation: PENDING
09:29:06 INFO  State of current operation: PENDING
09:29:08 INFO  State of current operation: PENDING
09:29:10 INFO  State of current operation: PENDING
09:29:13 INFO  State of current operation: PENDING
09:29:15 INFO  State of current operation: PENDING
09:29:17 INFO  State of current operation: PENDING
09:29:19 INFO  State of current operation: PENDING
09:29:21 INFO  State of current operation: PENDING
09:29:24 INFO  State of current operation: PENDING
09:29:26 INFO  State of current operation: PENDING
09:29:28 INFO  State of current operation: PENDING
09:29:30 INFO  State of current operation: PENDING
09:29:33 INFO  State of current operation: PENDING
09:29:35 INFO  State of current operation: PENDING
09:29:37 INFO  State of current operation: PENDING
09:29:39 INFO  State of current operation: PENDING
09:29:41 INFO  State of current operation: PENDING
09:29:44 INFO  State of current operation: PENDING
09:29:46 INFO  State of current operation: PENDING
09:29:48 INFO  State of current operation: PENDING
09:29:50 INFO  State of current operation: PENDING
09:29:53 INFO  State of current operation: PENDING
09:29:55 INFO  State of current operation: PENDING
09:29:57 INFO  State of current operation: PENDING
09:29:59 INFO  State of current operation: PENDING
09:30:02 INFO  State of current operation: PENDING
09:30:04 INFO  State of current operation: PENDING
09:30:06 INFO  State of current operation: PENDING
09:30:08 INFO  State of current operation: PENDING
09:30:10 INFO  State of current operation: PENDING
09:30:13 INFO  State of current operation: PENDING
09:30:15 INFO  State of current operation: PENDING
09:30:17 INFO  State of current operation: PENDING
09:30:19 INFO  State of current operation: PENDING
09:30:22 INFO  State of current operation: PENDING
09:30:24 INFO  State of current operation: PENDING
09:30:26 INFO  State of current operation: PENDING
09:30:28 INFO  State of current operation: PENDING
09:30:30 INFO  State of current operation: PENDING
09:30:32 WARN  SystemError occurred while running test - Timeout while waiting for status FAILED or SUCCESSFUL
Traceback (most recent call last):
  File &quot;/home/pi/env-pysys/lib/python3.7/site-packages/pysys/baserunner.py&quot;, line 1292, in __call__
    self.testObj.setup()
  File &quot;/home/pi/actions-runner/_work/thin-edge.io/thin-edge.io/tests/PySys/software_management_end_to_end/sm_apt_install_remove_with_version/run.py&quot;, line 27, in setup
    super().setup()
  File &quot;/home/pi/actions-runner/_work/thin-edge.io/thin-edge.io/tests/PySys/software_management_end_to_end/environment_sm_management.py&quot;, line 151, in setup
    self.wait_until_end()
  File &quot;/home/pi/actions-runner/_work/thin-edge.io/thin-edge.io/tests/PySys/software_management_end_to_end/environment_sm_management.py&quot;, line 332, in wait_until_end
    self.wait_until_status(&quot;FAILED&quot;, &quot;SUCCESSFUL&quot;)
  File &quot;/home/pi/actions-runner/_work/thin-edge.io/thin-edge.io/tests/PySys/software_management_end_to_end/environment_sm_management.py&quot;, line 381, in wait_until_status
    &quot;Timeout while waiting for status %s or %s&quot; % (status, status2)
SystemError: Timeout while waiting for status FAILED or SUCCESSFUL
09:30:33 WARN  SystemError: Timeout while waiting for status FAILED or SUCCESSFUL ... blocked 
09:30:33 INFO  
09:30:33 INFO  cleanup:
09:30:37 INFO  Executed sudo&lt;tedge_disconnect_c8y&gt;, exit status 0
09:30:37 INFO  Executed systemctl&lt;serv_mapper5&gt;, exit status 3
09:30:37 INFO  
09:30:37 INFO  Test duration: 164.23 secs
09:30:37 INFO  Test final outcome:  BLOCKED
09:30:37 INFO  Test outcome reason: SystemError: Timeout while waiting for status FAILED or SUCCESSFUL
09:30:37 INFO  
</system-out>
	</testcase>
</testsuite>
