<?xml version="1.0" encoding="utf-8"?>
<testsuite failures="0" name="apt_finalize" skipped="0" tests="1" time="102.27" timestamp="2022-04-07T16:35:53">
	<testcase classname="AptPluginFinalize" name="apt_finalize"/>
</testsuite>
