<?xml version="1.0" encoding="utf-8"?>
<testsuite failures="1" name="SoftwareManagement.sm_apt_install_remove_multiple" skipped="0" tests="1" time="164.6" timestamp="2022-04-14T07:16:59">
	<testcase classname="PySysTest" name="SoftwareManagement.sm_apt_install_remove_multiple">
		<failure message="BLOCKED: SystemError: Timeout while waiting for status FAILED or SUCCESSFUL" type="BLOCKED"/>
		<system-out>07:14:14 INFO  ==============================================================
07:14:14 INFO  Id:    SoftwareManagement.sm_apt_install_remove_multiple
07:14:14 INFO  Dir:   software_management_end_to_end/
07:14:14 INFO  Title: Validate end to end behaviour for the apt plugin for multiple packages
07:14:14 INFO  ==============================================================
07:14:14 INFO  Using sw id database: {'asciijump': '5475369', 'robotfindskitten': '5474869', 'squirrel3': '5475279', 'rolldice': '5152439', 'moon-buggy': '5439204', 'apple': '5495053', 'banana': '5494888', 'cherry': '5495382', 'watermelon': '5494510', 'registry': '8018911', 'hello-world': '8021526', 'docker/getting-started': '8021973', 'alpine': '7991792'}
07:14:14 INFO  EnvironmentC8y Setup
07:14:15 INFO  Executed systemctl&lt;serv_mapper1&gt;, exit status 3
07:14:15 INFO  Restarting mosquitto too frequently in the last 10 seconds. It was only up for 5 seconds
07:14:15 INFO  Delaying execution by 6 seconds
07:14:35 INFO  Executed sudo&lt;tedge_connect_c8y&gt;, exit status 0, duration 13 secs
07:14:35 INFO  Executed sudo&lt;tedge_connect_c8y_test&gt;, exit status 0
07:14:36 INFO  Executed systemctl&lt;serv_mosq2&gt;, exit status 0
07:14:36 INFO  Executed systemctl&lt;serv_mapper3&gt;, exit status 0
07:14:39 INFO  State of current operation: PENDING
07:14:41 INFO  State of current operation: PENDING
07:14:43 INFO  State of current operation: PENDING
07:14:45 INFO  State of current operation: PENDING
07:14:47 INFO  State of current operation: PENDING
07:14:50 INFO  State of current operation: PENDING
07:14:52 INFO  State of current operation: PENDING
07:14:54 INFO  State of current operation: PENDING
07:14:56 INFO  State of current operation: PENDING
07:14:59 INFO  State of current operation: PENDING
07:15:01 INFO  State of current operation: PENDING
07:15:03 INFO  State of current operation: PENDING
07:15:05 INFO  State of current operation: PENDING
07:15:07 INFO  State of current operation: PENDING
07:15:10 INFO  State of current operation: PENDING
07:15:12 INFO  State of current operation: PENDING
07:15:14 INFO  State of current operation: PENDING
07:15:16 INFO  State of current operation: PENDING
07:15:19 INFO  State of current operation: PENDING
07:15:21 INFO  State of current operation: PENDING
07:15:23 INFO  State of current operation: PENDING
07:15:25 INFO  State of current operation: PENDING
07:15:27 INFO  State of current operation: PENDING
07:15:30 INFO  State of current operation: PENDING
07:15:32 INFO  State of current operation: PENDING
07:15:34 INFO  State of current operation: PENDING
07:15:36 INFO  State of current operation: PENDING
07:15:39 INFO  State of current operation: PENDING
07:15:41 INFO  State of current operation: PENDING
07:15:43 INFO  State of current operation: PENDING
07:15:45 INFO  State of current operation: PENDING
07:15:47 INFO  State of current operation: PENDING
07:15:50 INFO  State of current operation: PENDING
07:15:52 INFO  State of current operation: PENDING
07:15:54 INFO  State of current operation: PENDING
07:15:56 INFO  State of current operation: PENDING
07:15:59 INFO  State of current operation: PENDING
07:16:01 INFO  State of current operation: PENDING
07:16:03 INFO  State of current operation: PENDING
07:16:05 INFO  State of current operation: PENDING
07:16:07 INFO  State of current operation: PENDING
07:16:10 INFO  State of current operation: PENDING
07:16:12 INFO  State of current operation: PENDING
07:16:14 INFO  State of current operation: PENDING
07:16:16 INFO  State of current operation: PENDING
07:16:19 INFO  State of current operation: PENDING
07:16:21 INFO  State of current operation: PENDING
07:16:23 INFO  State of current operation: PENDING
07:16:25 INFO  State of current operation: PENDING
07:16:27 INFO  State of current operation: PENDING
07:16:30 INFO  State of current operation: PENDING
07:16:32 INFO  State of current operation: PENDING
07:16:34 INFO  State of current operation: PENDING
07:16:36 INFO  State of current operation: PENDING
07:16:39 INFO  State of current operation: PENDING
07:16:41 INFO  State of current operation: PENDING
07:16:43 INFO  State of current operation: PENDING
07:16:45 INFO  State of current operation: PENDING
07:16:47 INFO  State of current operation: PENDING
07:16:50 INFO  State of current operation: PENDING
07:16:52 INFO  State of current operation: PENDING
07:16:54 WARN  SystemError occurred while running test - Timeout while waiting for status FAILED or SUCCESSFUL
Traceback (most recent call last):
  File &quot;/home/pi/env-pysys/lib/python3.7/site-packages/pysys/baserunner.py&quot;, line 1292, in __call__
    self.testObj.setup()
  File &quot;/home/pi/actions-runner/_work/thin-edge.io/thin-edge.io/tests/PySys/software_management_end_to_end/sm_apt_install_remove_multiple/run.py&quot;, line 52, in setup
    super().setup()
  File &quot;/home/pi/actions-runner/_work/thin-edge.io/thin-edge.io/tests/PySys/software_management_end_to_end/environment_sm_management.py&quot;, line 151, in setup
    self.wait_until_end()
  File &quot;/home/pi/actions-runner/_work/thin-edge.io/thin-edge.io/tests/PySys/software_management_end_to_end/environment_sm_management.py&quot;, line 332, in wait_until_end
    self.wait_until_status(&quot;FAILED&quot;, &quot;SUCCESSFUL&quot;)
  File &quot;/home/pi/actions-runner/_work/thin-edge.io/thin-edge.io/tests/PySys/software_management_end_to_end/environment_sm_management.py&quot;, line 381, in wait_until_status
    &quot;Timeout while waiting for status %s or %s&quot; % (status, status2)
SystemError: Timeout while waiting for status FAILED or SUCCESSFUL
07:16:54 WARN  SystemError: Timeout while waiting for status FAILED or SUCCESSFUL ... blocked 
07:16:54 INFO  
07:16:54 INFO  cleanup:
07:16:58 INFO  Executed sudo&lt;tedge_disconnect_c8y&gt;, exit status 0
07:16:59 INFO  Executed systemctl&lt;serv_mapper5&gt;, exit status 3
07:16:59 INFO  
07:16:59 INFO  Test duration: 164.60 secs
07:16:59 INFO  Test final outcome:  BLOCKED
07:16:59 INFO  Test outcome reason: SystemError: Timeout while waiting for status FAILED or SUCCESSFUL
07:16:59 INFO  
</system-out>
	</testcase>
</testsuite>
