<?xml version="1.0" encoding="utf-8"?>
<testsuite failures="1" name="SoftwareManagement.sm_apt_install_remove_default" skipped="0" tests="1" time="165.83" timestamp="2022-04-15T09:41:20">
	<testcase classname="PySysTest" name="SoftwareManagement.sm_apt_install_remove_default">
		<failure message="BLOCKED: SystemError: Timeout while waiting for status FAILED or SUCCESSFUL" type="BLOCKED"/>
		<system-out>09:38:35 INFO  ==============================================================
09:38:35 INFO  Id:    SoftwareManagement.sm_apt_install_remove_default
09:38:35 INFO  Dir:   software_management_end_to_end/
09:38:35 INFO  Title: Validate end to end behaviour for the default plugin for installation and removal of packages
09:38:35 INFO  ==============================================================
09:38:35 INFO  Using sw id database: {'asciijump': '5475369', 'robotfindskitten': '5474869', 'squirrel3': '5475279', 'rolldice': '5152439', 'moon-buggy': '5439204', 'apple': '5495053', 'banana': '5494888', 'cherry': '5495382', 'watermelon': '5494510', 'registry': '8018911', 'hello-world': '8021526', 'docker/getting-started': '8021973', 'alpine': '7991792'}
09:38:35 INFO  EnvironmentC8y Setup
09:38:35 INFO  Executed systemctl&lt;serv_mapper1&gt;, exit status 3
09:38:35 INFO  Restarting mosquitto too frequently in the last 10 seconds. It was only up for 5 seconds
09:38:35 INFO  Delaying execution by 6 seconds
09:38:56 INFO  Executed sudo&lt;tedge_connect_c8y&gt;, exit status 0, duration 14 secs
09:38:56 INFO  Executed sudo&lt;tedge_connect_c8y_test&gt;, exit status 0
09:38:57 INFO  Executed systemctl&lt;serv_mosq2&gt;, exit status 0
09:38:57 INFO  Executed systemctl&lt;serv_mapper3&gt;, exit status 0
09:38:59 INFO  State of current operation: PENDING
09:39:02 INFO  State of current operation: PENDING
09:39:04 INFO  State of current operation: PENDING
09:39:06 INFO  State of current operation: PENDING
09:39:08 INFO  State of current operation: PENDING
09:39:10 INFO  State of current operation: PENDING
09:39:13 INFO  State of current operation: PENDING
09:39:15 INFO  State of current operation: PENDING
09:39:17 INFO  State of current operation: PENDING
09:39:19 INFO  State of current operation: PENDING
09:39:22 INFO  State of current operation: PENDING
09:39:24 INFO  State of current operation: PENDING
09:39:26 INFO  State of current operation: PENDING
09:39:28 INFO  State of current operation: PENDING
09:39:31 INFO  State of current operation: PENDING
09:39:33 INFO  State of current operation: PENDING
09:39:35 INFO  State of current operation: PENDING
09:39:37 INFO  State of current operation: PENDING
09:39:39 INFO  State of current operation: PENDING
09:39:42 INFO  State of current operation: PENDING
09:39:44 INFO  State of current operation: PENDING
09:39:46 INFO  State of current operation: PENDING
09:39:48 INFO  State of current operation: PENDING
09:39:51 INFO  State of current operation: PENDING
09:39:53 INFO  State of current operation: PENDING
09:39:55 INFO  State of current operation: PENDING
09:39:57 INFO  State of current operation: PENDING
09:40:00 INFO  State of current operation: PENDING
09:40:02 INFO  State of current operation: PENDING
09:40:04 INFO  State of current operation: PENDING
09:40:06 INFO  State of current operation: PENDING
09:40:09 INFO  State of current operation: PENDING
09:40:11 INFO  State of current operation: PENDING
09:40:13 INFO  State of current operation: PENDING
09:40:15 INFO  State of current operation: PENDING
09:40:17 INFO  State of current operation: PENDING
09:40:20 INFO  State of current operation: PENDING
09:40:22 INFO  State of current operation: PENDING
09:40:25 INFO  State of current operation: PENDING
09:40:27 INFO  State of current operation: PENDING
09:40:29 INFO  State of current operation: PENDING
09:40:31 INFO  State of current operation: PENDING
09:40:34 INFO  State of current operation: PENDING
09:40:36 INFO  State of current operation: PENDING
09:40:38 INFO  State of current operation: PENDING
09:40:40 INFO  State of current operation: PENDING
09:40:43 INFO  State of current operation: PENDING
09:40:45 INFO  State of current operation: PENDING
09:40:47 INFO  State of current operation: PENDING
09:40:49 INFO  State of current operation: PENDING
09:40:51 INFO  State of current operation: PENDING
09:40:54 INFO  State of current operation: PENDING
09:40:56 INFO  State of current operation: PENDING
09:40:58 INFO  State of current operation: PENDING
09:41:00 INFO  State of current operation: PENDING
09:41:03 INFO  State of current operation: PENDING
09:41:05 INFO  State of current operation: PENDING
09:41:07 INFO  State of current operation: PENDING
09:41:09 INFO  State of current operation: PENDING
09:41:11 INFO  State of current operation: PENDING
09:41:14 INFO  State of current operation: PENDING
09:41:16 WARN  SystemError occurred while running test - Timeout while waiting for status FAILED or SUCCESSFUL
Traceback (most recent call last):
  File &quot;/home/pi/env-pysys/lib/python3.7/site-packages/pysys/baserunner.py&quot;, line 1292, in __call__
    self.testObj.setup()
  File &quot;/home/pi/actions-runner/_work/thin-edge.io/thin-edge.io/tests/PySys/software_management_end_to_end/sm_apt_install_remove_default/run.py&quot;, line 26, in setup
    super().setup()
  File &quot;/home/pi/actions-runner/_work/thin-edge.io/thin-edge.io/tests/PySys/software_management_end_to_end/environment_sm_management.py&quot;, line 151, in setup
    self.wait_until_end()
  File &quot;/home/pi/actions-runner/_work/thin-edge.io/thin-edge.io/tests/PySys/software_management_end_to_end/environment_sm_management.py&quot;, line 332, in wait_until_end
    self.wait_until_status(&quot;FAILED&quot;, &quot;SUCCESSFUL&quot;)
  File &quot;/home/pi/actions-runner/_work/thin-edge.io/thin-edge.io/tests/PySys/software_management_end_to_end/environment_sm_management.py&quot;, line 381, in wait_until_status
    &quot;Timeout while waiting for status %s or %s&quot; % (status, status2)
SystemError: Timeout while waiting for status FAILED or SUCCESSFUL
09:41:16 WARN  SystemError: Timeout while waiting for status FAILED or SUCCESSFUL ... blocked 
09:41:16 INFO  
09:41:16 INFO  cleanup:
09:41:20 INFO  Executed sudo&lt;tedge_disconnect_c8y&gt;, exit status 0
09:41:20 INFO  Executed systemctl&lt;serv_mapper5&gt;, exit status 3
09:41:20 INFO  
09:41:20 INFO  Test duration: 165.83 secs
09:41:20 INFO  Test final outcome:  BLOCKED
09:41:20 INFO  Test outcome reason: SystemError: Timeout while waiting for status FAILED or SUCCESSFUL
09:41:20 INFO  
</system-out>
	</testcase>
</testsuite>
