<?xml version="1.0" encoding="utf-8"?>
<testsuite failures="0" name="apt_sequence_remove_with_version_fail" skipped="0" tests="1" time="62.33" timestamp="2022-04-14T10:19:30">
	<testcase classname="AptPluginRemoveWithVersionFails" name="apt_sequence_remove_with_version_fail"/>
</testsuite>
