<?xml version="1.0" encoding="utf-8"?>
<testsuite failures="1" name="SoftwareManagement.sm_apt_install_remove_multiple" skipped="0" tests="1" time="163.97" timestamp="2022-04-12T09:25:07">
	<testcase classname="PySysTest" name="SoftwareManagement.sm_apt_install_remove_multiple">
		<failure message="BLOCKED: SystemError: Timeout while waiting for status FAILED or SUCCESSFUL" type="BLOCKED"/>
		<system-out>09:22:23 INFO  ==============================================================
09:22:23 INFO  Id:    SoftwareManagement.sm_apt_install_remove_multiple
09:22:23 INFO  Dir:   software_management_end_to_end/
09:22:23 INFO  Title: Validate end to end behaviour for the apt plugin for multiple packages
09:22:23 INFO  ==============================================================
09:22:23 INFO  Using sw id database: {'asciijump': '5475369', 'robotfindskitten': '5474869', 'squirrel3': '5475279', 'rolldice': '5152439', 'moon-buggy': '5439204', 'apple': '5495053', 'banana': '5494888', 'cherry': '5495382', 'watermelon': '5494510', 'registry': '8018911', 'hello-world': '8021526', 'docker/getting-started': '8021973', 'alpine': '7991792'}
09:22:23 INFO  EnvironmentC8y Setup
09:22:24 INFO  Executed systemctl&lt;serv_mapper1&gt;, exit status 3
09:22:24 INFO  Restarting mosquitto too frequently in the last 10 seconds. It was only up for 5 seconds
09:22:24 INFO  Delaying execution by 6 seconds
09:22:44 INFO  Executed sudo&lt;tedge_connect_c8y&gt;, exit status 0, duration 13 secs
09:22:44 INFO  Executed sudo&lt;tedge_connect_c8y_test&gt;, exit status 0
09:22:45 INFO  Executed systemctl&lt;serv_mosq2&gt;, exit status 0
09:22:45 INFO  Executed systemctl&lt;serv_mapper3&gt;, exit status 0
09:22:47 INFO  State of current operation: PENDING
09:22:50 INFO  State of current operation: PENDING
09:22:52 INFO  State of current operation: PENDING
09:22:54 INFO  State of current operation: PENDING
09:22:56 INFO  State of current operation: PENDING
09:22:58 INFO  State of current operation: PENDING
09:23:01 INFO  State of current operation: PENDING
09:23:03 INFO  State of current operation: PENDING
09:23:05 INFO  State of current operation: PENDING
09:23:07 INFO  State of current operation: PENDING
09:23:10 INFO  State of current operation: PENDING
09:23:12 INFO  State of current operation: PENDING
09:23:14 INFO  State of current operation: PENDING
09:23:16 INFO  State of current operation: PENDING
09:23:18 INFO  State of current operation: PENDING
09:23:21 INFO  State of current operation: PENDING
09:23:23 INFO  State of current operation: PENDING
09:23:25 INFO  State of current operation: PENDING
09:23:27 INFO  State of current operation: PENDING
09:23:30 INFO  State of current operation: PENDING
09:23:32 INFO  State of current operation: PENDING
09:23:34 INFO  State of current operation: PENDING
09:23:36 INFO  State of current operation: PENDING
09:23:38 INFO  State of current operation: PENDING
09:23:41 INFO  State of current operation: PENDING
09:23:43 INFO  State of current operation: PENDING
09:23:45 INFO  State of current operation: PENDING
09:23:47 INFO  State of current operation: PENDING
09:23:49 INFO  State of current operation: PENDING
09:23:52 INFO  State of current operation: PENDING
09:23:54 INFO  State of current operation: PENDING
09:23:56 INFO  State of current operation: PENDING
09:23:58 INFO  State of current operation: PENDING
09:24:01 INFO  State of current operation: PENDING
09:24:03 INFO  State of current operation: PENDING
09:24:05 INFO  State of current operation: PENDING
09:24:07 INFO  State of current operation: PENDING
09:24:10 INFO  State of current operation: PENDING
09:24:12 INFO  State of current operation: PENDING
09:24:14 INFO  State of current operation: PENDING
09:24:16 INFO  State of current operation: PENDING
09:24:18 INFO  State of current operation: PENDING
09:24:21 INFO  State of current operation: PENDING
09:24:23 INFO  State of current operation: PENDING
09:24:25 INFO  State of current operation: PENDING
09:24:27 INFO  State of current operation: PENDING
09:24:29 INFO  State of current operation: PENDING
09:24:32 INFO  State of current operation: PENDING
09:24:34 INFO  State of current operation: PENDING
09:24:36 INFO  State of current operation: PENDING
09:24:38 INFO  State of current operation: PENDING
09:24:41 INFO  State of current operation: PENDING
09:24:43 INFO  State of current operation: PENDING
09:24:45 INFO  State of current operation: PENDING
09:24:47 INFO  State of current operation: PENDING
09:24:49 INFO  State of current operation: PENDING
09:24:52 INFO  State of current operation: PENDING
09:24:54 INFO  State of current operation: PENDING
09:24:56 INFO  State of current operation: PENDING
09:24:58 INFO  State of current operation: PENDING
09:25:01 INFO  State of current operation: PENDING
09:25:03 WARN  SystemError occurred while running test - Timeout while waiting for status FAILED or SUCCESSFUL
Traceback (most recent call last):
  File &quot;/home/pi/env-pysys/lib/python3.7/site-packages/pysys/baserunner.py&quot;, line 1292, in __call__
    self.testObj.setup()
  File &quot;/home/pi/actions-runner/_work/thin-edge.io/thin-edge.io/tests/PySys/software_management_end_to_end/sm_apt_install_remove_multiple/run.py&quot;, line 52, in setup
    super().setup()
  File &quot;/home/pi/actions-runner/_work/thin-edge.io/thin-edge.io/tests/PySys/software_management_end_to_end/environment_sm_management.py&quot;, line 151, in setup
    self.wait_until_end()
  File &quot;/home/pi/actions-runner/_work/thin-edge.io/thin-edge.io/tests/PySys/software_management_end_to_end/environment_sm_management.py&quot;, line 332, in wait_until_end
    self.wait_until_status(&quot;FAILED&quot;, &quot;SUCCESSFUL&quot;)
  File &quot;/home/pi/actions-runner/_work/thin-edge.io/thin-edge.io/tests/PySys/software_management_end_to_end/environment_sm_management.py&quot;, line 381, in wait_until_status
    &quot;Timeout while waiting for status %s or %s&quot; % (status, status2)
SystemError: Timeout while waiting for status FAILED or SUCCESSFUL
09:25:03 WARN  SystemError: Timeout while waiting for status FAILED or SUCCESSFUL ... blocked 
09:25:03 INFO  
09:25:03 INFO  cleanup:
09:25:07 INFO  Executed sudo&lt;tedge_disconnect_c8y&gt;, exit status 0
09:25:07 INFO  Executed systemctl&lt;serv_mapper5&gt;, exit status 3
09:25:07 INFO  
09:25:07 INFO  Test duration: 163.97 secs
09:25:07 INFO  Test final outcome:  BLOCKED
09:25:07 INFO  Test outcome reason: SystemError: Timeout while waiting for status FAILED or SUCCESSFUL
09:25:07 INFO  
</system-out>
	</testcase>
</testsuite>
