<?xml version="1.0" encoding="utf-8"?>
<testsuite failures="1" name="docker_plugin_update" skipped="0" tests="1" time="3.32" timestamp="2022-03-28T18:34:55">
	<testcase classname="DockerPluginUpdateTest" name="docker_plugin_update">
		<failure message="BLOCKED: sudo&lt;docker_run&gt; returned non-zero exit code 125" type="BLOCKED"/>
		<system-out>18:34:51 INFO  ==============================================================
18:34:51 INFO  Id:    docker_plugin_update
18:34:51 INFO  Dir:   plugin_docker/
18:34:51 INFO  Title: Validate docker plugin install updates existing containers
18:34:51 DEBUG Execution order hint: 0.0
18:34:51 INFO  ==============================================================
18:34:51 DEBUG Process parameters for sudo&lt;docker_images&gt;
  command line : /usr/bin/sudo docker images
    arg #1     : docker
    arg #2     : images
  working dir  : /home/pi/actions-runner/_work/thin-edge.io/thin-edge.io/tests/PySys/plugin_docker/docker_plugin_update/Output/linux
  stdout       : /home/pi/actions-runner/_work/thin-edge.io/thin-edge.io/tests/PySys/plugin_docker/docker_plugin_update/Output/linux/docker_images.out
  stderr       : /home/pi/actions-runner/_work/thin-edge.io/thin-edge.io/tests/PySys/plugin_docker/docker_plugin_update/Output/linux/docker_images.err
  environment  : LD_LIBRARY_PATH=/usr/lib
  environment  : PATH=/bin:/usr/bin:/usr/sbin:/usr/local/bin
                   #1  /bin
                   #2  /usr/bin
                   #3  /usr/sbin
                   #4  /usr/local/bin
18:34:51 DEBUG Waiting up to 600 secs for process sudo&lt;docker_images&gt; (pid 27125)
18:34:52 INFO  Executed sudo&lt;docker_images&gt;, exit status 0
18:34:52 DEBUG Performing regex contains=False grep on file: /home/pi/actions-runner/_work/thin-edge.io/thin-edge.io/tests/PySys/plugin_docker/docker_plugin_update/Output/linux/docker_images.out
18:34:52 INFO  Grep on file /home/pi/actions-runner/_work/thin-edge.io/thin-edge.io/tests/PySys/plugin_docker/docker_plugin_update/Output/linux/docker_images.out ... passed
18:34:52 DEBUG Process parameters for sudo&lt;docker_run&gt;
  command line : /usr/bin/sudo docker run -d registry:2.6.2
    arg #1     : docker
    arg #2     : run
    arg #3     : -d
    arg #4     : registry:2.6.2
  working dir  : /home/pi/actions-runner/_work/thin-edge.io/thin-edge.io/tests/PySys/plugin_docker/docker_plugin_update/Output/linux
  stdout       : /home/pi/actions-runner/_work/thin-edge.io/thin-edge.io/tests/PySys/plugin_docker/docker_plugin_update/Output/linux/docker_run.out
  stderr       : /home/pi/actions-runner/_work/thin-edge.io/thin-edge.io/tests/PySys/plugin_docker/docker_plugin_update/Output/linux/docker_run.err
  environment  : LD_LIBRARY_PATH=/usr/lib
  environment  : PATH=/bin:/usr/bin:/usr/sbin:/usr/local/bin
                   #1  /bin
                   #2  /usr/bin
                   #3  /usr/sbin
                   #4  /usr/local/bin
18:34:52 DEBUG Waiting up to 600 secs for process sudo&lt;docker_run&gt; (pid 27135)
18:34:54 WARN  Executed sudo&lt;docker_run&gt;, exit status 125
18:34:54 DEBUG Opening file using encoding=UTF-8: /home/pi/actions-runner/_work/thin-edge.io/thin-edge.io/tests/PySys/plugin_docker/docker_plugin_update/Output/linux/docker_run.err
18:34:54 INFO  Contents of docker_run.err: 
  Unable to find image 'registry:2.6.2' locally
  docker: Error response from daemon: toomanyrequests: You have reached your pull rate limit. You may increase the limit by authenticating and upgrading: https://www.docker.com/increase-rate-limit.
  See 'docker run --help'.
  -----

18:34:54 WARN  sudo&lt;docker_run&gt; returned non-zero exit code 125 ... blocked 
18:34:54 WARN  Aborted test due to BLOCKED outcome
18:34:54 DEBUG --- test cleanup
18:34:54 INFO  
18:34:54 INFO  cleanup:
18:34:54 DEBUG Running registered cleanup function: &lt;bound method DockerPlugin.cleanup_containers of &lt;DockerPluginUpdateTest object at 0x75f76c30&gt;&gt;
18:34:54 INFO  Removing containers scheduled to be cleaned up: ['3a9b51db06dc', '90786a9a238f', 'c6de70ecb7eebe6501ca46121f08cb13e731ad09a8f4cddd0d48d1161ff93eac\n', '29fb4d0b832612f668850b2fb12ef42ab4445742a571d36422ebb516f56440f0\n']
18:34:54 DEBUG Process parameters for sudo&lt;containers_for_cleanup&gt;
  command line : /usr/bin/sudo docker rm -f 3a9b51db06dc 90786a9a238f 'c6de70ecb7eebe6501ca46121f08cb13e731ad09a8f4cddd0d48d1161ff93eac
' '29fb4d0b832612f668850b2fb12ef42ab4445742a571d36422ebb516f56440f0
'
    arg #1     : docker
    arg #2     : rm
    arg #3     : -f
    arg #4     : 3a9b51db06dc
    arg #5     : 90786a9a238f
    arg #6     : c6de70ecb7eebe6501ca46121f08cb13e731ad09a8f4cddd0d48d1161ff93eac

    arg #7     : 29fb4d0b832612f668850b2fb12ef42ab4445742a571d36422ebb516f56440f0

  working dir  : /home/pi/actions-runner/_work/thin-edge.io/thin-edge.io/tests/PySys/plugin_docker/docker_plugin_update/Output/linux
  stdout       : /home/pi/actions-runner/_work/thin-edge.io/thin-edge.io/tests/PySys/plugin_docker/docker_plugin_update/Output/linux/containers_for_cleanup.out
  stderr       : /home/pi/actions-runner/_work/thin-edge.io/thin-edge.io/tests/PySys/plugin_docker/docker_plugin_update/Output/linux/containers_for_cleanup.err
  environment  : LD_LIBRARY_PATH=/usr/lib
  environment  : PATH=/bin:/usr/bin:/usr/sbin:/usr/local/bin
                   #1  /bin
                   #2  /usr/bin
                   #3  /usr/sbin
                   #4  /usr/local/bin
18:34:54 DEBUG Waiting up to 600 secs for process sudo&lt;containers_for_cleanup&gt; (pid 27154)
18:34:54 WARN  Executed sudo&lt;containers_for_cleanup&gt;, exit status 1
18:34:54 DEBUG Running registered cleanup function: &lt;bound method DockerPlugin.cleanup_images of &lt;DockerPluginUpdateTest object at 0x75f76c30&gt;&gt;
18:34:54 INFO  Removing images scheduled to be cleaned up: ['registry', 'registry', 'registry:2.7.1', 'registry', 'registry:2.7.1']
18:34:54 DEBUG Process parameters for sudo&lt;containers_for_cleanup&gt;
  command line : /usr/bin/sudo docker rmi -f registry registry registry:2.7.1 registry registry:2.7.1
    arg #1     : docker
    arg #2     : rmi
    arg #3     : -f
    arg #4     : registry
    arg #5     : registry
    arg #6     : registry:2.7.1
    arg #7     : registry
    arg #8     : registry:2.7.1
  working dir  : /home/pi/actions-runner/_work/thin-edge.io/thin-edge.io/tests/PySys/plugin_docker/docker_plugin_update/Output/linux
  stdout       : /home/pi/actions-runner/_work/thin-edge.io/thin-edge.io/tests/PySys/plugin_docker/docker_plugin_update/Output/linux/containers_for_cleanup.out
  stderr       : /home/pi/actions-runner/_work/thin-edge.io/thin-edge.io/tests/PySys/plugin_docker/docker_plugin_update/Output/linux/containers_for_cleanup.err
  environment  : LD_LIBRARY_PATH=/usr/lib
  environment  : PATH=/bin:/usr/bin:/usr/sbin:/usr/local/bin
                   #1  /bin
                   #2  /usr/bin
                   #3  /usr/sbin
                   #4  /usr/local/bin
18:34:54 DEBUG Waiting up to 600 secs for process sudo&lt;containers_for_cleanup&gt; (pid 27165)
18:34:55 INFO  Executed sudo&lt;containers_for_cleanup&gt;, exit status 0
18:34:55 DEBUG ProcessUser cleanup function done.
18:34:55 INFO  
18:34:55 INFO  Test duration: 3.32 secs
18:34:55 INFO  Test final outcome:  BLOCKED
18:34:55 INFO  Test outcome reason: sudo&lt;docker_run&gt; returned non-zero exit code 125
18:34:55 INFO  
</system-out>
	</testcase>
</testsuite>
