<?xml version="1.0" encoding="utf-8"?>
<testsuite failures="0" name="docker_plugin_update" skipped="0" tests="1" time="41.61" timestamp="2022-03-30T09:04:13">
	<testcase classname="DockerPluginUpdateTest" name="docker_plugin_update"/>
</testsuite>
