<?xml version="1.0" encoding="utf-8"?>
<testsuite failures="0" name="docker_plugin_install" skipped="0" tests="1" time="23.6" timestamp="2022-03-21T13:29:48">
	<testcase classname="DockerPluginInstallTest" name="docker_plugin_install"/>
</testsuite>
