<?xml version="1.0" encoding="utf-8"?>
<testsuite failures="0" name="docker_plugin_update" skipped="0" tests="1" time="43.16" timestamp="2022-03-04T12:34:09">
	<testcase classname="DockerPluginUpdateTest" name="docker_plugin_update"/>
</testsuite>
