<?xml version="1.0" encoding="utf-8"?>
<testsuite failures="0" name="docker_plugin_update" skipped="0" tests="1" time="42.08" timestamp="2022-02-07T14:32:37">
	<testcase classname="DockerPluginUpdateTest" name="docker_plugin_update"/>
</testsuite>
