<?xml version="1.0" encoding="utf-8"?>
<testsuite failures="0" name="docker_plugin_install" skipped="0" tests="1" time="21.27" timestamp="2022-02-22T11:00:52">
	<testcase classname="DockerPluginInstallTest" name="docker_plugin_install"/>
</testsuite>
