<?xml version="1.0" encoding="utf-8"?>
<testsuite failures="0" name="docker_plugin_install" skipped="0" tests="1" time="24.67" timestamp="2022-03-30T09:02:27">
	<testcase classname="DockerPluginInstallTest" name="docker_plugin_install"/>
</testsuite>
