<?xml version="1.0" encoding="utf-8"?>
<testsuite name="apt_install" tests="1" failures="0" skipped="1" time="0.0" timestamp="2022-05-10T19:16:08">
	<testcase classname="AptPluginInstallDense" name="apt_install">
		<skipped message="SKIPPED: Testing the apt plugin is not supported on this platform.To run the tests call PySys with -XmyPlatform='container'"/>
		<system-out>19:16:08 INFO  ==============================================================
19:16:08 INFO  Id:    apt_install
19:16:08 INFO  Dir:   plugin_apt/
19:16:08 INFO  Title: Validate apt plugin prepare - dense version
19:16:08 INFO  ==============================================================
19:16:08 INFO  Testing the apt plugin is not supported on this platform.To run the tests call PySys with -XmyPlatform='container' ... skipped
19:16:08 WARN  Aborted test due to SKIPPED outcome
19:16:08 INFO  
19:16:08 INFO  Test duration: 0.00 secs
19:16:08 INFO  Test final outcome:  SKIPPED
19:16:08 INFO  Test outcome reason: Testing the apt plugin is not supported on this platform.To run the tests call PySys with -XmyPlatform='container'
19:16:08 INFO  
</system-out>
	</testcase>
</testsuite>
