<?xml version="1.0" encoding="utf-8"?>
<testsuite name="docker_plugin_remove_with_version" tests="1" failures="0" skipped="1" time="0.0" timestamp="2022-05-11T11:19:42">
	<testcase classname="DockerPluginRemoveWithVersionTest" name="docker_plugin_remove_with_version">
		<skipped message="SKIPPED: Testing the docker plugin is not supported on this platform.To run it, all the test with -XmyPlatform='container'"/>
		<system-out>11:19:42 INFO  ==============================================================
11:19:42 INFO  Id:    docker_plugin_remove_with_version
11:19:42 INFO  Dir:   plugin_docker/
11:19:42 INFO  Title: Validate docker plugin remove with version
11:19:42 INFO  ==============================================================
11:19:42 INFO  Testing the docker plugin is not supported on this platform.To run it, all the test with -XmyPlatform='container' ... skipped
11:19:42 WARN  Aborted test due to SKIPPED outcome
11:19:42 INFO  
11:19:42 INFO  Test duration: 0.00 secs
11:19:42 INFO  Test final outcome:  SKIPPED
11:19:42 INFO  Test outcome reason: Testing the docker plugin is not supported on this platform.To run it, all the test with -XmyPlatform='container'
11:19:42 INFO  
</system-out>
	</testcase>
</testsuite>
