<?xml version="1.0" encoding="utf-8"?>
<testsuite name="smoketest_smartrest" tests="1" failures="0" skipped="0" time="54.97" timestamp="2022-05-10T13:04:09">
	<testcase classname="SmoketestSmartRest" name="smoketest_smartrest"/>
</testsuite>
