<?xml version="1.0" encoding="utf-8"?>
<testsuite name="docker_plugin_remove" tests="1" failures="0" skipped="1" time="0.0" timestamp="2022-05-03T13:41:29">
	<testcase classname="DockerPluginRemoveTest" name="docker_plugin_remove">
		<skipped message="SKIPPED: Testing the docker plugin is not supported on this platform.To run it, all the test with -XmyPlatform='container'"/>
		<system-out>13:41:29 INFO  ==============================================================
13:41:29 INFO  Id:    docker_plugin_remove
13:41:29 INFO  Dir:   plugin_docker/
13:41:29 INFO  Title: Validate docker plugin remove
13:41:29 INFO  ==============================================================
13:41:29 INFO  Testing the docker plugin is not supported on this platform.To run it, all the test with -XmyPlatform='container' ... skipped
13:41:29 WARN  Aborted test due to SKIPPED outcome
13:41:29 INFO  
13:41:29 INFO  Test duration: 0.00 secs
13:41:29 INFO  Test final outcome:  SKIPPED
13:41:29 INFO  Test outcome reason: Testing the docker plugin is not supported on this platform.To run it, all the test with -XmyPlatform='container'
13:41:29 INFO  
</system-out>
	</testcase>
</testsuite>
