<?xml version="1.0" encoding="utf-8"?>
<testsuite name="publish_sawmill" tests="1" failures="0" skipped="0" time="90.76" timestamp="2022-05-23T09:07:30">
	<testcase classname="PublishSawmill" name="publish_sawmill"/>
</testsuite>
