<?xml version="1.0" encoding="utf-8"?>
<testsuite name="log_request_error_messages" tests="1" failures="0" skipped="1" time="0.13" timestamp="2022-05-10T12:55:20">
	<testcase classname="LogRequestVerifySearchTextError" name="log_request_error_messages">
		<skipped message="SKIPPED: Test execution disabled due to #1123"/>
		<system-out>12:55:20 INFO  ==============================================================
12:55:20 INFO  Id:    log_request_error_messages
12:55:20 INFO  Dir:   log_request_end_to_end/
12:55:20 INFO  Title: Validate end to end behaviour for the log request operation check for error messages
12:55:20 INFO  ==============================================================
12:55:20 INFO  Test execution disabled due to #1123 ... skipped
12:55:20 INFO  
12:55:20 INFO  Test duration: 0.13 secs
12:55:20 INFO  Test final outcome:  SKIPPED
12:55:20 INFO  Test outcome reason: Test execution disabled due to #1123
12:55:20 INFO  
</system-out>
	</testcase>
</testsuite>
