<?xml version="1.0" encoding="utf-8"?>
<testsuite name="apt_prepare_install_finalize" tests="1" failures="0" skipped="1" time="0.0" timestamp="2022-05-09T06:46:16">
	<testcase classname="AptPluginPrepareInstallFinalize" name="apt_prepare_install_finalize">
		<skipped message="SKIPPED: Testing the apt plugin is not supported on this platform.To run the tests call PySys with -XmyPlatform='container'"/>
		<system-out>06:46:16 INFO  ==============================================================
06:46:16 INFO  Id:    apt_prepare_install_finalize
06:46:16 INFO  Dir:   plugin_apt/
06:46:16 INFO  Title: Validate apt plugin install use case
06:46:16 INFO  ==============================================================
06:46:16 INFO  Testing the apt plugin is not supported on this platform.To run the tests call PySys with -XmyPlatform='container' ... skipped
06:46:16 WARN  Aborted test due to SKIPPED outcome
06:46:16 INFO  
06:46:16 INFO  Test duration: 0.00 secs
06:46:16 INFO  Test final outcome:  SKIPPED
06:46:16 INFO  Test outcome reason: Testing the apt plugin is not supported on this platform.To run the tests call PySys with -XmyPlatform='container'
06:46:16 INFO  
</system-out>
	</testcase>
</testsuite>
