<?xml version="1.0" encoding="utf-8"?>
<testsuite name="monitoring_with_collectd" tests="1" failures="0" skipped="1" time="0.0" timestamp="2022-05-03T13:41:29">
	<testcase classname="MonitoringWithCollectd" name="monitoring_with_collectd">
		<skipped message="SKIPPED: Test execution disabled due to #792 (instable)"/>
		<system-out>13:41:29 INFO  ==============================================================
13:41:29 INFO  Id:    monitoring_with_collectd
13:41:29 INFO  Dir:   monitoring/
13:41:29 INFO  Title: Validate tedge dm agent messages that are produced by batching the collectd messages
13:41:29 INFO  ==============================================================
13:41:29 INFO  Test execution disabled due to #792 (instable) ... skipped
13:41:29 INFO  
13:41:29 INFO  Test duration: 0.00 secs
13:41:29 INFO  Test final outcome:  SKIPPED
13:41:29 INFO  Test outcome reason: Test execution disabled due to #792 (instable)
13:41:29 INFO  
</system-out>
	</testcase>
</testsuite>
