<?xml version="1.0" encoding="utf-8"?>
<testsuite name="SoftwareManagement.Plugin.apama_plugin_update" tests="1" failures="0" skipped="1" time="0.0" timestamp="2022-05-16T07:07:34">
	<testcase classname="ApamaPluginUpdateTest" name="SoftwareManagement.Plugin.apama_plugin_update">
		<skipped message="SKIPPED: Test execution disabled due to #1052"/>
		<system-out>07:07:34 INFO  ==============================================================
07:07:34 INFO  Id:    SoftwareManagement.Plugin.apama_plugin_update
07:07:34 INFO  Dir:   plugin_apama/
07:07:34 INFO  Title: Validate apama plugin updating one project with another
07:07:34 INFO  ==============================================================
07:07:34 INFO  Test execution disabled due to #1052 ... skipped
07:07:34 INFO  
07:07:34 INFO  Test duration: 0.00 secs
07:07:34 INFO  Test final outcome:  SKIPPED
07:07:34 INFO  Test outcome reason: Test execution disabled due to #1052
07:07:34 INFO  
</system-out>
	</testcase>
</testsuite>
