<?xml version="1.0" encoding="utf-8"?>
<testsuite name="SoftwareManagement.Plugin.apama_plugin_install" tests="1" failures="0" skipped="1" time="0.0" timestamp="2022-05-11T11:19:41">
	<testcase classname="ApamaPluginInstallTest" name="SoftwareManagement.Plugin.apama_plugin_install">
		<skipped message="SKIPPED: Apama plugin tests are disabled by default. Execute `pysys run` with `-XmyPlatform=container` to run these tests"/>
		<system-out>11:19:41 INFO  ==============================================================
11:19:41 INFO  Id:    SoftwareManagement.Plugin.apama_plugin_install
11:19:41 INFO  Dir:   plugin_apama/
11:19:41 INFO  Title: Validate apama plugin install
11:19:41 INFO  ==============================================================
11:19:41 INFO  Apama plugin tests are disabled by default. Execute `pysys run` with `-XmyPlatform=container` to run these tests ... skipped
11:19:41 WARN  Aborted test due to SKIPPED outcome
11:19:41 INFO  
11:19:41 INFO  Test duration: 0.00 secs
11:19:41 INFO  Test final outcome:  SKIPPED
11:19:41 INFO  Test outcome reason: Apama plugin tests are disabled by default. Execute `pysys run` with `-XmyPlatform=container` to run these tests
11:19:41 INFO  
</system-out>
	</testcase>
</testsuite>
