<?xml version="1.0" encoding="utf-8"?>
<testsuite name="tedge_mapper_az_negative" tests="1" failures="0" skipped="0" time="0.53" timestamp="2022-05-10T19:29:53">
	<testcase classname="TedgeMapperAzError" name="tedge_mapper_az_negative"/>
</testsuite>
