<?xml version="1.0" encoding="utf-8"?>
<testsuite name="monitoring_with_collectd" tests="1" failures="0" skipped="1" time="0.0" timestamp="2022-05-10T12:57:05">
	<testcase classname="MonitoringWithCollectd" name="monitoring_with_collectd">
		<skipped message="SKIPPED: Test execution disabled due to #792 (instable)"/>
		<system-out>12:57:05 INFO  ==============================================================
12:57:05 INFO  Id:    monitoring_with_collectd
12:57:05 INFO  Dir:   monitoring/
12:57:05 INFO  Title: Validate tedge dm agent messages that are produced by batching the collectd messages
12:57:05 INFO  ==============================================================
12:57:05 INFO  Test execution disabled due to #792 (instable) ... skipped
12:57:05 INFO  
12:57:05 INFO  Test duration: 0.00 secs
12:57:05 INFO  Test final outcome:  SKIPPED
12:57:05 INFO  Test outcome reason: Test execution disabled due to #792 (instable)
12:57:05 INFO  
</system-out>
	</testcase>
</testsuite>
