<?xml version="1.0" encoding="utf-8"?>
<testsuite name="apt_wrong_option" tests="1" failures="0" skipped="1" time="0.0" timestamp="2022-05-03T13:41:29">
	<testcase classname="AptPluginWrongOption" name="apt_wrong_option">
		<skipped message="SKIPPED: Testing the apt plugin is not supported on this platform.To run the tests call PySys with -XmyPlatform='container'"/>
		<system-out>13:41:29 INFO  ==============================================================
13:41:29 INFO  Id:    apt_wrong_option
13:41:29 INFO  Dir:   plugin_apt/
13:41:29 INFO  Title: Validate apt plugin install
13:41:29 INFO  ==============================================================
13:41:29 INFO  Testing the apt plugin is not supported on this platform.To run the tests call PySys with -XmyPlatform='container' ... skipped
13:41:29 WARN  Aborted test due to SKIPPED outcome
13:41:29 INFO  
13:41:29 INFO  Test duration: 0.00 secs
13:41:29 INFO  Test final outcome:  SKIPPED
13:41:29 INFO  Test outcome reason: Testing the apt plugin is not supported on this platform.To run the tests call PySys with -XmyPlatform='container'
13:41:29 INFO  
</system-out>
	</testcase>
</testsuite>
