<?xml version="1.0" encoding="utf-8"?>
<testsuite name="publish_sawmill" tests="1" failures="0" skipped="0" time="90.04" timestamp="2022-05-10T13:00:05">
	<testcase classname="PublishSawmill" name="publish_sawmill"/>
</testsuite>
