<?xml version="1.0" encoding="utf-8"?>
<testsuite name="local_mqtt_pub_sub_retain" tests="1" failures="1" skipped="0" time="3.64" timestamp="2022-05-10T19:14:09">
	<testcase classname="MqttPublishWithRetain" name="local_mqtt_pub_sub_retain">
		<failure message="FAILED: Grep on temp_sensor_sub.out contains &quot;\[test/alarms/temp_sensor\] alarm msg 2&quot; (+1 other failures)" type="FAILED"/>
		<system-out>19:14:06 INFO  ==============================================================
19:14:06 INFO  Id:    local_mqtt_pub_sub_retain
19:14:06 INFO  Dir:   local_mqtt/
19:14:06 INFO  Title: Validate local publishing with retain flag
19:14:06 INFO  ==============================================================
19:14:06 INFO  Executed tedge&lt;pub_to_set_alarm&gt;, exit status 0
19:14:06 INFO  Executed tedge&lt;pub_to_set_alarm&gt;, exit status 0
19:14:07 INFO  Started tedge&lt;temp_sensor_sub&gt; with process id 691119
19:14:07 INFO  Executed tedge&lt;pub_to_clear_alarm&gt;, exit status 0
19:14:08 INFO  Executed sudo&lt;kill_out&gt;, exit status 0
19:14:08 INFO  Executed tedge&lt;pub_to_clear_alarm&gt;, exit status 0
19:14:08 INFO  Started tedge&lt;temp_sensor_empty_message&gt; with process id 691124
19:14:09 INFO  Executed sudo&lt;kill_out&gt;, exit status 0
19:14:09 WARN  Grep on temp_sensor_sub.out contains &quot;\[test/alarms/temp_sensor\] alarm msg 2&quot; ... failed [run.py:136]
19:14:09 WARN  Grep on temp_sensor_sub.out contains &quot;\[test/alarms/temp_sensor\] &quot; ... failed [run.py:141]
19:14:09 INFO  Grep on file temp_sensor_empty_message.out ... passed
19:14:09 INFO  
19:14:09 INFO  Test duration: 3.64 secs
19:14:09 INFO  Test final outcome:  FAILED
19:14:09 INFO  Test outcome reason: Grep on temp_sensor_sub.out contains &quot;\[test/alarms/temp_sensor\] alarm msg 2&quot; (+1 other failures)
19:14:09 INFO  
</system-out>
	</testcase>
</testsuite>
