<?xml version="1.0" encoding="utf-8"?>
<testsuite name="tedge_mapper_c8y_child_device_measurement" tests="1" failures="0" skipped="1" time="0.0" timestamp="2022-05-04T08:05:48">
	<testcase classname="TedgeMapperC8yChildDevice" name="tedge_mapper_c8y_child_device_measurement">
		<skipped message="SKIPPED: Test execution disabled due to #1088"/>
		<system-out>08:05:48 INFO  ==============================================================
08:05:48 INFO  Id:    tedge_mapper_c8y_child_device_measurement
08:05:48 INFO  Dir:   tedge_mapper_c8y/
08:05:48 INFO  Title: Validate that measurements sent to tedge/measurements/child topic gets mapped as the child device's measurement in Cumulocity
08:05:48 INFO  ==============================================================
08:05:48 INFO  Test execution disabled due to #1088 ... skipped
08:05:48 INFO  
08:05:48 INFO  Test duration: 0.00 secs
08:05:48 INFO  Test final outcome:  SKIPPED
08:05:48 INFO  Test outcome reason: Test execution disabled due to #1088
08:05:48 INFO  
</system-out>
	</testcase>
</testsuite>
