<?xml version="1.0" encoding="utf-8"?>
<testsuite name="smoketest_json" tests="1" failures="0" skipped="0" time="54.65" timestamp="2022-05-11T11:23:36">
	<testcase classname="SmokeTestJson" name="smoketest_json"/>
</testsuite>
