<?xml version="1.0" encoding="utf-8"?>
<testsuite name="apt_sequence_remove_with_version" tests="1" failures="0" skipped="1" time="0.0" timestamp="2022-05-02T14:54:31">
	<testcase classname="AptPluginRemoveWithVersion" name="apt_sequence_remove_with_version">
		<skipped message="SKIPPED: Testing the apt plugin is not supported on this platform.To run the tests call PySys with -XmyPlatform='container'"/>
		<system-out>14:54:31 INFO  ==============================================================
14:54:31 INFO  Id:    apt_sequence_remove_with_version
14:54:31 INFO  Dir:   plugin_apt/
14:54:31 INFO  Title: Validate apt plugin remove with version use case
14:54:31 INFO  ==============================================================
14:54:31 INFO  Testing the apt plugin is not supported on this platform.To run the tests call PySys with -XmyPlatform='container' ... skipped
14:54:31 WARN  Aborted test due to SKIPPED outcome
14:54:31 INFO  
14:54:31 INFO  Test duration: 0.00 secs
14:54:31 INFO  Test final outcome:  SKIPPED
14:54:31 INFO  Test outcome reason: Testing the apt plugin is not supported on this platform.To run the tests call PySys with -XmyPlatform='container'
14:54:31 INFO  
</system-out>
	</testcase>
</testsuite>
