<?xml version="1.0" encoding="utf-8"?>
<testsuite name="mqtt_port_change_connection_works" tests="1" failures="0" skipped="1" time="0.0" timestamp="2022-05-10T12:55:47">
	<testcase classname="MqttPortChangeConnectionWorks" name="mqtt_port_change_connection_works">
		<skipped message="SKIPPED: failing intermitently"/>
		<system-out>12:55:47 INFO  ==============================================================
12:55:47 INFO  Id:    mqtt_port_change_connection_works
12:55:47 INFO  Dir:   misc_features/
12:55:47 INFO  Title: mqtt port change connection works for all the thin-edge services that use the mosquitto broker
12:55:47 INFO  ==============================================================
12:55:47 INFO  failing intermitently ... skipped
12:55:47 INFO  
12:55:47 INFO  Test duration: 0.00 secs
12:55:47 INFO  Test final outcome:  SKIPPED
12:55:47 INFO  Test outcome reason: failing intermitently
12:55:47 INFO  
</system-out>
	</testcase>
</testsuite>
