<?xml version="1.0" encoding="utf-8"?>
<testsuite name="apt_prepare" tests="1" failures="0" skipped="1" time="0.0" timestamp="2022-05-11T11:19:42">
	<testcase classname="AptPluginPrepare" name="apt_prepare">
		<skipped message="SKIPPED: Testing the apt plugin is not supported on this platform.To run the tests call PySys with -XmyPlatform='container'"/>
		<system-out>11:19:42 INFO  ==============================================================
11:19:42 INFO  Id:    apt_prepare
11:19:42 INFO  Dir:   plugin_apt/
11:19:42 INFO  Title: Validate apt plugin install - dense version
11:19:42 INFO  ==============================================================
11:19:42 INFO  Testing the apt plugin is not supported on this platform.To run the tests call PySys with -XmyPlatform='container' ... skipped
11:19:42 WARN  Aborted test due to SKIPPED outcome
11:19:42 INFO  
11:19:42 INFO  Test duration: 0.00 secs
11:19:42 INFO  Test final outcome:  SKIPPED
11:19:42 INFO  Test outcome reason: Testing the apt plugin is not supported on this platform.To run the tests call PySys with -XmyPlatform='container'
11:19:42 INFO  
</system-out>
	</testcase>
</testsuite>
