<?xml version="1.0" encoding="utf-8"?>
<testsuite name="pysys_block" tests="1" failures="0" skipped="1" time="0.0" timestamp="2022-05-03T13:40:44">
	<testcase classname="Fail" name="pysys_block">
		<skipped message="SKIPPED: Enable this to observe a blocking test"/>
		<system-out>13:40:44 INFO  ==============================================================
13:40:44 INFO  Id:    pysys_block
13:40:44 INFO  Dir:   misc_features/
13:40:44 INFO  Title: fail
13:40:44 INFO  ==============================================================
13:40:44 INFO  Enable this to observe a blocking test ... skipped
13:40:44 INFO  
13:40:44 INFO  Test duration: 0.00 secs
13:40:44 INFO  Test final outcome:  SKIPPED
13:40:44 INFO  Test outcome reason: Enable this to observe a blocking test
13:40:44 INFO  
</system-out>
	</testcase>
</testsuite>
