<?xml version="1.0" encoding="utf-8"?>
<testsuite name="tedge_connect_test_positive" tests="1" failures="0" skipped="0" time="43.61" timestamp="2022-05-10T19:28:19">
	<testcase classname="TedgeConnectTestPositive" name="tedge_connect_test_positive"/>
</testsuite>
