<?xml version="1.0" encoding="utf-8"?>
<testsuite name="publish_flux" tests="1" failures="0" skipped="0" time="89.57" timestamp="2022-05-30T08:59:11">
	<testcase classname="PublishFlux" name="publish_flux"/>
</testsuite>
