<?xml version="1.0" encoding="utf-8"?>
<testsuite name="call_tedge_config_list" tests="1" failures="0" skipped="0" time="2.5" timestamp="2022-05-04T08:00:07">
	<testcase classname="PySysTest" name="call_tedge_config_list"/>
</testsuite>
