<?xml version="1.0" encoding="utf-8"?>
<testsuite name="SoftwareManagement.Plugin.apama_plugin_update" tests="1" failures="0" skipped="1" time="0.0" timestamp="2022-05-10T19:16:08">
	<testcase classname="ApamaPluginUpdateTest" name="SoftwareManagement.Plugin.apama_plugin_update">
		<skipped message="SKIPPED: Test execution disabled due to #1052"/>
		<system-out>19:16:08 INFO  ==============================================================
19:16:08 INFO  Id:    SoftwareManagement.Plugin.apama_plugin_update
19:16:08 INFO  Dir:   plugin_apama/
19:16:08 INFO  Title: Validate apama plugin updating one project with another
19:16:08 INFO  ==============================================================
19:16:08 INFO  Test execution disabled due to #1052 ... skipped
19:16:08 INFO  
19:16:08 INFO  Test duration: 0.00 secs
19:16:08 INFO  Test final outcome:  SKIPPED
19:16:08 INFO  Test outcome reason: Test execution disabled due to #1052
19:16:08 INFO  
</system-out>
	</testcase>
</testsuite>
