<?xml version="1.0" encoding="utf-8"?>
<testsuite name="SoftwareManagement.sm_apt_install_remove" tests="1" failures="0" skipped="1" time="0.0" timestamp="2022-05-10T13:07:06">
	<testcase classname="PySysTest" name="SoftwareManagement.sm_apt_install_remove">
		<skipped message="SKIPPED: Testing the apt plugin is not supported on this platform.Use parameter -XmyPlatform='container' to enable it"/>
		<system-out>13:07:06 INFO  ==============================================================
13:07:06 INFO  Id:    SoftwareManagement.sm_apt_install_remove
13:07:06 INFO  Dir:   software_management_end_to_end/
13:07:06 INFO  Title: Validate end to end behaviour for the apt plugin for installation and removal of packages
13:07:06 INFO  ==============================================================
13:07:06 INFO  Testing the apt plugin is not supported on this platform.Use parameter -XmyPlatform='container' to enable it ... skipped
13:07:06 WARN  Aborted test due to SKIPPED outcome
13:07:06 INFO  
13:07:06 INFO  Test duration: 0.00 secs
13:07:06 INFO  Test final outcome:  SKIPPED
13:07:06 INFO  Test outcome reason: Testing the apt plugin is not supported on this platform.Use parameter -XmyPlatform='container' to enable it
13:07:06 INFO  
</system-out>
	</testcase>
</testsuite>
