<?xml version="1.0" encoding="utf-8"?>
<testsuite name="runtime_start_two_mappers" tests="1" failures="1" skipped="0" time="0.31" timestamp="2022-05-03T13:55:40">
	<testcase classname="RuntimeMultiMappers" name="runtime_start_two_mappers">
		<failure message="FAILED: Grep on tedge_mapper2.err contains &quot;Error: Couldn't acquire file lock.&quot;" type="FAILED"/>
		<system-out>13:55:40 INFO  ==============================================================
13:55:40 INFO  Id:    runtime_start_two_mappers
13:55:40 INFO  Dir:   tedge_mapper_c8y/
13:55:40 INFO  Title: Validate two mappers can't be started at the same time
13:55:40 INFO  ==============================================================
13:55:40 INFO  Executed sudo&lt;tedge_mapper1&gt;, exit status 0
13:55:40 INFO  Waiting for 0.1 seconds
13:55:40 INFO  Executed sudo&lt;tedge_mapper2&gt;, exit status 1
13:55:40 INFO  Executed sudo&lt;tedge_mapper1&gt;, exit status 0
13:55:40 WARN  Grep on tedge_mapper2.err contains &quot;Error: Couldn't acquire file lock.&quot; ... failed [run.py:45]
13:55:40 INFO  
13:55:40 INFO  Test duration: 0.31 secs
13:55:40 INFO  Test final outcome:  FAILED
13:55:40 INFO  Test outcome reason: Grep on tedge_mapper2.err contains &quot;Error: Couldn't acquire file lock.&quot;
13:55:40 INFO  
</system-out>
	</testcase>
</testsuite>
