<?xml version="1.0" encoding="utf-8"?>
<testsuite name="smoketest_smartrest_200_samples_20ms" tests="1" failures="0" skipped="0" time="88.39" timestamp="2022-05-04T08:00:04">
	<testcase classname="SmoketestSmartRest200Samples20ms" name="smoketest_smartrest_200_samples_20ms"/>
</testsuite>
