<?xml version="1.0" encoding="utf-8"?>
<testsuite name="tedge_disconnect_test_sm_services" tests="1" failures="0" skipped="0" time="50.5" timestamp="2022-05-23T09:18:22">
	<testcase classname="TedgeDisConnectTestSMServices" name="tedge_disconnect_test_sm_services"/>
</testsuite>
