<?xml version="1.0" encoding="utf-8"?>
<testsuite name="monitoring_smaller_interval" tests="1" failures="0" skipped="1" time="0.0" timestamp="2022-05-16T07:07:34">
	<testcase classname="MonitoringSmallInterval" name="monitoring_smaller_interval">
		<skipped message="SKIPPED: Fails due to retained message"/>
		<system-out>07:07:34 INFO  ==============================================================
07:07:34 INFO  Id:    monitoring_smaller_interval
07:07:34 INFO  Dir:   monitoring/
07:07:34 INFO  Title: Validate the tedge dm agent messages that are produced with smaller sampling interval than the batching window. Here the simulated collectd messages are used
07:07:34 INFO  ==============================================================
07:07:34 INFO  Fails due to retained message ... skipped
07:07:34 INFO  
07:07:34 INFO  Test duration: 0.00 secs
07:07:34 INFO  Test final outcome:  SKIPPED
07:07:34 INFO  Test outcome reason: Fails due to retained message
07:07:34 INFO  
</system-out>
	</testcase>
</testsuite>
