<?xml version="1.0" encoding="utf-8"?>
<testsuite name="SoftwareManagement.sm_apt_install_remove_multiple" tests="1" failures="0" skipped="1" time="0.0" timestamp="2022-05-10T19:26:10">
	<testcase classname="PySysTest" name="SoftwareManagement.sm_apt_install_remove_multiple">
		<skipped message="SKIPPED: Testing the apt plugin is not supported on this platform.Use parameter -XmyPlatform='container' to enable it"/>
		<system-out>19:26:10 INFO  ==============================================================
19:26:10 INFO  Id:    SoftwareManagement.sm_apt_install_remove_multiple
19:26:10 INFO  Dir:   software_management_end_to_end/
19:26:10 INFO  Title: Validate end to end behaviour for the apt plugin for multiple packages
19:26:10 INFO  ==============================================================
19:26:10 INFO  Testing the apt plugin is not supported on this platform.Use parameter -XmyPlatform='container' to enable it ... skipped
19:26:10 WARN  Aborted test due to SKIPPED outcome
19:26:10 INFO  
19:26:10 INFO  Test duration: 0.00 secs
19:26:10 INFO  Test final outcome:  SKIPPED
19:26:10 INFO  Test outcome reason: Testing the apt plugin is not supported on this platform.Use parameter -XmyPlatform='container' to enable it
19:26:10 INFO  
</system-out>
	</testcase>
</testsuite>
