<?xml version="1.0" encoding="utf-8"?>
<testsuite name="smoketest_smartrest" tests="1" failures="0" skipped="0" time="54.84" timestamp="2022-05-11T11:26:46">
	<testcase classname="SmoketestSmartRest" name="smoketest_smartrest"/>
</testsuite>
