<?xml version="1.0" encoding="utf-8"?>
<testsuite name="smoketest_json" tests="1" failures="0" skipped="0" time="54.48" timestamp="2022-05-03T13:45:23">
	<testcase classname="SmokeTestJson" name="smoketest_json"/>
</testsuite>
