<?xml version="1.0" encoding="utf-8"?>
<testsuite name="tedge_disconnect_test_sm_services" tests="1" failures="0" skipped="0" time="49.44" timestamp="2022-05-30T09:11:27">
	<testcase classname="TedgeDisConnectTestSMServices" name="tedge_disconnect_test_sm_services"/>
</testsuite>
