<?xml version="1.0" encoding="utf-8"?>
<testsuite name="tedge_connect_test_sm_services" tests="1" failures="0" skipped="0" time="41.88" timestamp="2022-05-03T13:54:15">
	<testcase classname="TedgeConnectTestSMServices" name="tedge_connect_test_sm_services"/>
</testsuite>
