<?xml version="1.0" encoding="utf-8"?>
<testsuite name="agent_init_session" tests="1" failures="0" skipped="0" time="2.72" timestamp="2022-05-11T11:30:28">
	<testcase classname="AgentInitSession" name="agent_init_session"/>
</testsuite>
