<?xml version="1.0" encoding="utf-8"?>
<testsuite name="runtime_start_two_mappers" tests="1" failures="0" skipped="1" time="0.0" timestamp="2022-05-04T08:04:19">
	<testcase classname="RuntimeMultiMappers" name="runtime_start_two_mappers">
		<skipped message="SKIPPED: Test execution disabled due to #1124"/>
		<system-out>08:04:19 INFO  ==============================================================
08:04:19 INFO  Id:    runtime_start_two_mappers
08:04:19 INFO  Dir:   tedge_mapper_c8y/
08:04:19 INFO  Title: Validate two mappers can't be started at the same time
08:04:19 INFO  ==============================================================
08:04:19 INFO  Test execution disabled due to #1124 ... skipped
08:04:19 INFO  
08:04:19 INFO  Test duration: 0.00 secs
08:04:19 INFO  Test final outcome:  SKIPPED
08:04:19 INFO  Test outcome reason: Test execution disabled due to #1124
08:04:19 INFO  
</system-out>
	</testcase>
</testsuite>
