<?xml version="1.0" encoding="utf-8"?>
<testsuite name="SoftwareManagement.sm_fake_install_remove_multiple" tests="1" failures="0" skipped="1" time="0.0" timestamp="2022-05-04T08:00:04">
	<testcase classname="PySysTest" name="SoftwareManagement.sm_fake_install_remove_multiple">
		<skipped message="SKIPPED: Testing the fake plugin is not enabled.Use parameter -Xfakeplugin=fakeplugin to enable it"/>
		<system-out>08:00:04 INFO  ==============================================================
08:00:04 INFO  Id:    SoftwareManagement.sm_fake_install_remove_multiple
08:00:04 INFO  Dir:   software_management_end_to_end/
08:00:04 INFO  Title: Validate end to end behaviour for the dummy-plugin for multiple packages
08:00:04 INFO  ==============================================================
08:00:04 INFO  Testing the fake plugin is not enabled.Use parameter -Xfakeplugin=fakeplugin to enable it ... skipped
08:00:04 WARN  Aborted test due to SKIPPED outcome
08:00:04 INFO  
08:00:04 INFO  Test duration: 0.00 secs
08:00:04 INFO  Test final outcome:  SKIPPED
08:00:04 INFO  Test outcome reason: Testing the fake plugin is not enabled.Use parameter -Xfakeplugin=fakeplugin to enable it
08:00:04 INFO  
</system-out>
	</testcase>
</testsuite>
