<?xml version="1.0" encoding="utf-8"?>
<testsuite name="SoftwareManagement.sm_mapper_fail_and_reconnect" tests="1" failures="0" skipped="1" time="0.0" timestamp="2022-05-04T08:00:04">
	<testcase classname="MapperC8yReceiveLastMessageOnRestart" name="SoftwareManagement.sm_mapper_fail_and_reconnect">
		<skipped message="SKIPPED: instable https://github.com/thin-edge/thin-edge.io/issues/752"/>
		<system-out>08:00:04 INFO  ==============================================================
08:00:04 INFO  Id:    SoftwareManagement.sm_mapper_fail_and_reconnect
08:00:04 INFO  Dir:   software_management_end_to_end/
08:00:04 INFO  Title: Validate the tedge-mapper-sm-c8y for receiving the last message on restart
08:00:04 INFO  ==============================================================
08:00:04 INFO  instable https://github.com/thin-edge/thin-edge.io/issues/752 ... skipped
08:00:04 INFO  
08:00:04 INFO  Test duration: 0.00 secs
08:00:04 INFO  Test final outcome:  SKIPPED
08:00:04 INFO  Test outcome reason: instable https://github.com/thin-edge/thin-edge.io/issues/752
08:00:04 INFO  
</system-out>
	</testcase>
</testsuite>
