<?xml version="1.0" encoding="utf-8"?>
<testsuite name="SoftwareManagement.Plugin.apama_plugin_mon_support" tests="1" failures="0" skipped="1" time="0.0" timestamp="2022-05-30T08:57:41">
	<testcase classname="ApamaPluginMonSupportTest" name="SoftwareManagement.Plugin.apama_plugin_mon_support">
		<skipped message="SKIPPED: Apama plugin tests are disabled by default. Execute `pysys run` with `-XmyPlatform=container` to run these tests"/>
		<system-out>08:57:41 INFO  ==============================================================
08:57:41 INFO  Id:    SoftwareManagement.Plugin.apama_plugin_mon_support
08:57:41 INFO  Dir:   plugin_apama/
08:57:41 INFO  Title: Validate mon file support of apama plugin
08:57:41 INFO  ==============================================================
08:57:41 INFO  Apama plugin tests are disabled by default. Execute `pysys run` with `-XmyPlatform=container` to run these tests ... skipped
08:57:41 WARN  Aborted test due to SKIPPED outcome
08:57:41 INFO  
08:57:41 INFO  Test duration: 0.00 secs
08:57:41 INFO  Test final outcome:  SKIPPED
08:57:41 INFO  Test outcome reason: Apama plugin tests are disabled by default. Execute `pysys run` with `-XmyPlatform=container` to run these tests
08:57:41 INFO  
</system-out>
	</testcase>
</testsuite>
