<?xml version="1.0" encoding="utf-8"?>
<testsuite name="docker_plugin_finalize" tests="1" failures="0" skipped="1" time="0.0" timestamp="2022-05-23T09:04:31">
	<testcase classname="DockerPluginFinalizeTest" name="docker_plugin_finalize">
		<skipped message="SKIPPED: Testing the docker plugin is not supported on this platform.To run it, all the test with -XmyPlatform='container'"/>
		<system-out>09:04:31 INFO  ==============================================================
09:04:31 INFO  Id:    docker_plugin_finalize
09:04:31 INFO  Dir:   plugin_docker/
09:04:31 INFO  Title: Validate docker plugin finalize command
09:04:31 INFO  ==============================================================
09:04:31 INFO  Testing the docker plugin is not supported on this platform.To run it, all the test with -XmyPlatform='container' ... skipped
09:04:31 WARN  Aborted test due to SKIPPED outcome
09:04:31 INFO  
09:04:31 INFO  Test duration: 0.00 secs
09:04:31 INFO  Test final outcome:  SKIPPED
09:04:31 INFO  Test outcome reason: Testing the docker plugin is not supported on this platform.To run it, all the test with -XmyPlatform='container'
09:04:31 INFO  
</system-out>
	</testcase>
</testsuite>
