<?xml version="1.0" encoding="utf-8"?>
<testsuite name="pysys_block" tests="1" failures="0" skipped="1" time="0.0" timestamp="2022-05-11T11:18:56">
	<testcase classname="Fail" name="pysys_block">
		<skipped message="SKIPPED: Enable this to observe a blocking test"/>
		<system-out>11:18:56 INFO  ==============================================================
11:18:56 INFO  Id:    pysys_block
11:18:56 INFO  Dir:   misc_features/
11:18:56 INFO  Title: fail
11:18:56 INFO  ==============================================================
11:18:56 INFO  Enable this to observe a blocking test ... skipped
11:18:56 INFO  
11:18:56 INFO  Test duration: 0.00 secs
11:18:56 INFO  Test final outcome:  SKIPPED
11:18:56 INFO  Test outcome reason: Enable this to observe a blocking test
11:18:56 INFO  
</system-out>
	</testcase>
</testsuite>
