<?xml version="1.0" encoding="utf-8"?>
<testsuite name="monitoring_with_collectd" tests="1" failures="0" skipped="1" time="0.0" timestamp="2022-05-10T19:16:08">
	<testcase classname="MonitoringWithCollectd" name="monitoring_with_collectd">
		<skipped message="SKIPPED: Test execution disabled due to #792 (instable)"/>
		<system-out>19:16:08 INFO  ==============================================================
19:16:08 INFO  Id:    monitoring_with_collectd
19:16:08 INFO  Dir:   monitoring/
19:16:08 INFO  Title: Validate tedge dm agent messages that are produced by batching the collectd messages
19:16:08 INFO  ==============================================================
19:16:08 INFO  Test execution disabled due to #792 (instable) ... skipped
19:16:08 INFO  
19:16:08 INFO  Test duration: 0.00 secs
19:16:08 INFO  Test final outcome:  SKIPPED
19:16:08 INFO  Test outcome reason: Test execution disabled due to #792 (instable)
19:16:08 INFO  
</system-out>
	</testcase>
</testsuite>
