<?xml version="1.0" encoding="utf-8"?>
<testsuite name="SoftwareManagement.sm_mixed_install_remove_multiple" tests="1" failures="0" skipped="1" time="0.0" timestamp="2022-05-10T19:26:11">
	<testcase classname="PySysTest" name="SoftwareManagement.sm_mixed_install_remove_multiple">
		<skipped message="SKIPPED: Testing the fake plugin is not enabled.Use parameter -Xfakeplugin=fakeplugin to enable it"/>
		<system-out>19:26:11 INFO  ==============================================================
19:26:11 INFO  Id:    SoftwareManagement.sm_mixed_install_remove_multiple
19:26:11 INFO  Dir:   software_management_end_to_end/
19:26:11 INFO  Title: Validate end to end behaviour for the dummy-plugin for multiple packages with mixed versions
19:26:11 INFO  ==============================================================
19:26:11 INFO  Testing the fake plugin is not enabled.Use parameter -Xfakeplugin=fakeplugin to enable it ... skipped
19:26:11 WARN  Aborted test due to SKIPPED outcome
19:26:11 INFO  
19:26:11 INFO  Test duration: 0.00 secs
19:26:11 INFO  Test final outcome:  SKIPPED
19:26:11 INFO  Test outcome reason: Testing the fake plugin is not enabled.Use parameter -Xfakeplugin=fakeplugin to enable it
19:26:11 INFO  
</system-out>
	</testcase>
</testsuite>
