<?xml version="1.0" encoding="utf-8"?>
<testsuite name="docker_plugin_finalize" tests="1" failures="0" skipped="1" time="0.0" timestamp="2022-05-10T12:57:06">
	<testcase classname="DockerPluginFinalizeTest" name="docker_plugin_finalize">
		<skipped message="SKIPPED: Testing the docker plugin is not supported on this platform.To run it, all the test with -XmyPlatform='container'"/>
		<system-out>12:57:06 INFO  ==============================================================
12:57:06 INFO  Id:    docker_plugin_finalize
12:57:06 INFO  Dir:   plugin_docker/
12:57:06 INFO  Title: Validate docker plugin finalize command
12:57:06 INFO  ==============================================================
12:57:06 INFO  Testing the docker plugin is not supported on this platform.To run it, all the test with -XmyPlatform='container' ... skipped
12:57:06 WARN  Aborted test due to SKIPPED outcome
12:57:06 INFO  
12:57:06 INFO  Test duration: 0.00 secs
12:57:06 INFO  Test final outcome:  SKIPPED
12:57:06 INFO  Test outcome reason: Testing the docker plugin is not supported on this platform.To run it, all the test with -XmyPlatform='container'
12:57:06 INFO  
</system-out>
	</testcase>
</testsuite>
