<?xml version="1.0" encoding="utf-8"?>
<testsuite name="monitoring_smaller_interval" tests="1" failures="0" skipped="1" time="0.0" timestamp="2022-05-02T14:54:31">
	<testcase classname="MonitoringSmallInterval" name="monitoring_smaller_interval">
		<skipped message="SKIPPED: Fails due to retained message"/>
		<system-out>14:54:31 INFO  ==============================================================
14:54:31 INFO  Id:    monitoring_smaller_interval
14:54:31 INFO  Dir:   monitoring/
14:54:31 INFO  Title: Validate the tedge dm agent messages that are produced with smaller sampling interval than the batching window. Here the simulated collectd messages are used
14:54:31 INFO  ==============================================================
14:54:31 INFO  Fails due to retained message ... skipped
14:54:31 INFO  
14:54:31 INFO  Test duration: 0.00 secs
14:54:31 INFO  Test final outcome:  SKIPPED
14:54:31 INFO  Test outcome reason: Fails due to retained message
14:54:31 INFO  
</system-out>
	</testcase>
</testsuite>
