<?xml version="1.0" encoding="utf-8"?>
<testsuite name="log_request_num_lines" tests="1" failures="0" skipped="1" time="0.0" timestamp="2022-05-11T11:17:56">
	<testcase classname="LogRequestVerifyNumberOfLines" name="log_request_num_lines">
		<skipped message="SKIPPED: Test execution disabled due to #1123"/>
		<system-out>11:17:56 INFO  ==============================================================
11:17:56 INFO  Id:    log_request_num_lines
11:17:56 INFO  Dir:   log_request_end_to_end/
11:17:56 INFO  Title: Validate end to end behaviour for the log request operation check for number of lines
11:17:56 INFO  ==============================================================
11:17:56 INFO  Test execution disabled due to #1123 ... skipped
11:17:56 INFO  
11:17:56 INFO  Test duration: 0.00 secs
11:17:56 INFO  Test final outcome:  SKIPPED
11:17:56 INFO  Test outcome reason: Test execution disabled due to #1123
11:17:56 INFO  
</system-out>
	</testcase>
</testsuite>
