<?xml version="1.0" encoding="utf-8"?>
<testsuite name="apt_list_format" tests="1" failures="0" skipped="0" time="0.45" timestamp="2022-05-02T14:54:31">
	<testcase classname="AptPluginListFormat" name="apt_list_format"/>
</testsuite>
