<?xml version="1.0" encoding="utf-8"?>
<testsuite name="monitoring_with_collectd" tests="1" failures="0" skipped="1" time="0.0" timestamp="2022-05-02T14:54:31">
	<testcase classname="MonitoringWithCollectd" name="monitoring_with_collectd">
		<skipped message="SKIPPED: Test execution disabled due to #792 (instable)"/>
		<system-out>14:54:31 INFO  ==============================================================
14:54:31 INFO  Id:    monitoring_with_collectd
14:54:31 INFO  Dir:   monitoring/
14:54:31 INFO  Title: Validate tedge dm agent messages that are produced by batching the collectd messages
14:54:31 INFO  ==============================================================
14:54:31 INFO  Test execution disabled due to #792 (instable) ... skipped
14:54:31 INFO  
14:54:31 INFO  Test duration: 0.00 secs
14:54:31 INFO  Test final outcome:  SKIPPED
14:54:31 INFO  Test outcome reason: Test execution disabled due to #792 (instable)
14:54:31 INFO  
</system-out>
	</testcase>
</testsuite>
