<?xml version="1.0" encoding="utf-8"?>
<testsuite name="runtime_start_two_mappers" tests="1" failures="0" skipped="1" time="0.0" timestamp="2022-05-10T13:11:25">
	<testcase classname="RuntimeMultiMappers" name="runtime_start_two_mappers">
		<skipped message="SKIPPED: Test execution disabled due to #1124"/>
		<system-out>13:11:25 INFO  ==============================================================
13:11:25 INFO  Id:    runtime_start_two_mappers
13:11:25 INFO  Dir:   tedge_mapper_c8y/
13:11:25 INFO  Title: Validate two mappers can't be started at the same time
13:11:25 INFO  ==============================================================
13:11:25 INFO  Test execution disabled due to #1124 ... skipped
13:11:25 INFO  
13:11:25 INFO  Test duration: 0.00 secs
13:11:25 INFO  Test final outcome:  SKIPPED
13:11:25 INFO  Test outcome reason: Test execution disabled due to #1124
13:11:25 INFO  
</system-out>
	</testcase>
</testsuite>
