<?xml version="1.0" encoding="utf-8"?>
<testsuite name="monitoring_with_collectd" tests="1" failures="0" skipped="1" time="0.0" timestamp="2022-05-23T09:04:30">
	<testcase classname="MonitoringWithCollectd" name="monitoring_with_collectd">
		<skipped message="SKIPPED: Test execution disabled due to #792 (instable)"/>
		<system-out>09:04:30 INFO  ==============================================================
09:04:30 INFO  Id:    monitoring_with_collectd
09:04:30 INFO  Dir:   monitoring/
09:04:30 INFO  Title: Validate tedge dm agent messages that are produced by batching the collectd messages
09:04:30 INFO  ==============================================================
09:04:30 INFO  Test execution disabled due to #792 (instable) ... skipped
09:04:30 INFO  
09:04:30 INFO  Test duration: 0.00 secs
09:04:30 INFO  Test final outcome:  SKIPPED
09:04:30 INFO  Test outcome reason: Test execution disabled due to #792 (instable)
09:04:30 INFO  
</system-out>
	</testcase>
</testsuite>
