<?xml version="1.0" encoding="utf-8"?>
<testsuite name="smoketest_json_400_samples_20ms" tests="1" failures="0" skipped="0" time="67.52" timestamp="2022-05-11T11:25:51">
	<testcase classname="SmoketestJson400Samples20ms" name="smoketest_json_400_samples_20ms"/>
</testsuite>
