<?xml version="1.0" encoding="utf-8"?>
<testsuite name="publish_flux" tests="1" failures="0" skipped="0" time="89.08" timestamp="2022-05-10T12:58:35">
	<testcase classname="PublishFlux" name="publish_flux"/>
</testsuite>
