<?xml version="1.0" encoding="utf-8"?>
<testsuite name="custom_init_system" tests="1" failures="0" skipped="0" time="25.71" timestamp="2022-05-09T06:44:57">
	<testcase classname="CustomInitSystem" name="custom_init_system"/>
</testsuite>
