<?xml version="1.0" encoding="utf-8"?>
<testsuite name="tedge_agent_user_sudo_access" tests="1" failures="0" skipped="1" time="0.0" timestamp="2022-05-10T19:26:16">
	<testcase classname="TedgeAgentUserSudoAccess" name="tedge_agent_user_sudo_access">
		<skipped message="SKIPPED: #955 Observation: Exit code of the apt plugin when called with no arguments"/>
		<system-out>19:26:16 INFO  ==============================================================
19:26:16 INFO  Id:    tedge_agent_user_sudo_access
19:26:16 INFO  Dir:   tedge/
19:26:16 INFO  Title: Validate tedge-agent user has a limited sudo right
19:26:16 INFO  ==============================================================
19:26:16 INFO  #955 Observation: Exit code of the apt plugin when called with no arguments ... skipped
19:26:16 INFO  
19:26:16 INFO  Test duration: 0.00 secs
19:26:16 INFO  Test final outcome:  SKIPPED
19:26:16 INFO  Test outcome reason: #955 Observation: Exit code of the apt plugin when called with no arguments
19:26:16 INFO  
</system-out>
	</testcase>
</testsuite>
