<?xml version="1.0" encoding="utf-8"?>
<testsuite name="tedge_agent_user_sudo_access" tests="1" failures="0" skipped="1" time="0.0" timestamp="2022-05-03T13:51:29">
	<testcase classname="TedgeAgentUserSudoAccess" name="tedge_agent_user_sudo_access">
		<skipped message="SKIPPED: #955 Observation: Exit code of the apt plugin when called with no arguments"/>
		<system-out>13:51:29 INFO  ==============================================================
13:51:29 INFO  Id:    tedge_agent_user_sudo_access
13:51:29 INFO  Dir:   tedge/
13:51:29 INFO  Title: Validate tedge-agent user has a limited sudo right
13:51:29 INFO  ==============================================================
13:51:29 INFO  #955 Observation: Exit code of the apt plugin when called with no arguments ... skipped
13:51:29 INFO  
13:51:29 INFO  Test duration: 0.00 secs
13:51:29 INFO  Test final outcome:  SKIPPED
13:51:29 INFO  Test outcome reason: #955 Observation: Exit code of the apt plugin when called with no arguments
13:51:29 INFO  
</system-out>
	</testcase>
</testsuite>
