<?xml version="1.0" encoding="utf-8"?>
<testsuite name="tedge_agent_user_sudo_access" tests="1" failures="0" skipped="1" time="0.0" timestamp="2022-05-30T09:07:51">
	<testcase classname="TedgeAgentUserSudoAccess" name="tedge_agent_user_sudo_access">
		<skipped message="SKIPPED: #955 Observation: Exit code of the apt plugin when called with no arguments"/>
		<system-out>09:07:51 INFO  ==============================================================
09:07:51 INFO  Id:    tedge_agent_user_sudo_access
09:07:51 INFO  Dir:   tedge/
09:07:51 INFO  Title: Validate tedge-agent user has a limited sudo right
09:07:51 INFO  ==============================================================
09:07:51 INFO  #955 Observation: Exit code of the apt plugin when called with no arguments ... skipped
09:07:51 INFO  
09:07:51 INFO  Test duration: 0.00 secs
09:07:51 INFO  Test final outcome:  SKIPPED
09:07:51 INFO  Test outcome reason: #955 Observation: Exit code of the apt plugin when called with no arguments
09:07:51 INFO  
</system-out>
	</testcase>
</testsuite>
