<?xml version="1.0" encoding="utf-8"?>
<testsuite name="publish_sawmill" tests="1" failures="0" skipped="0" time="89.13" timestamp="2022-05-09T06:49:14">
	<testcase classname="PublishSawmill" name="publish_sawmill"/>
</testsuite>
