<?xml version="1.0" encoding="utf-8"?>
<testsuite name="tedge_disconnect_test_sm_services" tests="1" failures="0" skipped="0" time="50.26" timestamp="2022-05-10T19:29:53">
	<testcase classname="TedgeDisConnectTestSMServices" name="tedge_disconnect_test_sm_services"/>
</testsuite>
