<?xml version="1.0" encoding="utf-8"?>
<testsuite name="monitoring_with_simulated_messages" tests="1" failures="0" skipped="1" time="0.0" timestamp="2022-05-10T12:57:05">
	<testcase classname="MonitoringWithSimulatedMessages" name="monitoring_with_simulated_messages">
		<skipped message="SKIPPED: Fails due to retained message"/>
		<system-out>12:57:05 INFO  ==============================================================
12:57:05 INFO  Id:    monitoring_with_simulated_messages
12:57:05 INFO  Dir:   monitoring/
12:57:05 INFO  Title: Validate the tedge dm agent messages that are produced from the simulated collectd messages
12:57:05 INFO  ==============================================================
12:57:05 INFO  Fails due to retained message ... skipped
12:57:05 INFO  
12:57:05 INFO  Test duration: 0.00 secs
12:57:05 INFO  Test final outcome:  SKIPPED
12:57:05 INFO  Test outcome reason: Fails due to retained message
12:57:05 INFO  
</system-out>
	</testcase>
</testsuite>
