<?xml version="1.0" encoding="utf-8"?>
<testsuite name="docker_plugin_remove" tests="1" failures="0" skipped="1" time="0.0" timestamp="2022-05-09T06:46:16">
	<testcase classname="DockerPluginRemoveTest" name="docker_plugin_remove">
		<skipped message="SKIPPED: Testing the docker plugin is not supported on this platform.To run it, all the test with -XmyPlatform='container'"/>
		<system-out>06:46:16 INFO  ==============================================================
06:46:16 INFO  Id:    docker_plugin_remove
06:46:16 INFO  Dir:   plugin_docker/
06:46:16 INFO  Title: Validate docker plugin remove
06:46:16 INFO  ==============================================================
06:46:16 INFO  Testing the docker plugin is not supported on this platform.To run it, all the test with -XmyPlatform='container' ... skipped
06:46:16 WARN  Aborted test due to SKIPPED outcome
06:46:16 INFO  
06:46:16 INFO  Test duration: 0.00 secs
06:46:16 INFO  Test final outcome:  SKIPPED
06:46:16 INFO  Test outcome reason: Testing the docker plugin is not supported on this platform.To run it, all the test with -XmyPlatform='container'
06:46:16 INFO  
</system-out>
	</testcase>
</testsuite>
