<?xml version="1.0" encoding="utf-8"?>
<testsuite name="apt_sequence_remove" tests="1" failures="0" skipped="1" time="0.0" timestamp="2022-05-10T12:57:06">
	<testcase classname="AptPluginInstallPrepareRemoveFinalize" name="apt_sequence_remove">
		<skipped message="SKIPPED: Testing the apt plugin is not supported on this platform.To run the tests call PySys with -XmyPlatform='container'"/>
		<system-out>12:57:06 INFO  ==============================================================
12:57:06 INFO  Id:    apt_sequence_remove
12:57:06 INFO  Dir:   plugin_apt/
12:57:06 INFO  Title: Validate apt plugin prepare install remove finalize use case
12:57:06 INFO  ==============================================================
12:57:06 INFO  Testing the apt plugin is not supported on this platform.To run the tests call PySys with -XmyPlatform='container' ... skipped
12:57:06 WARN  Aborted test due to SKIPPED outcome
12:57:06 INFO  
12:57:06 INFO  Test duration: 0.00 secs
12:57:06 INFO  Test final outcome:  SKIPPED
12:57:06 INFO  Test outcome reason: Testing the apt plugin is not supported on this platform.To run the tests call PySys with -XmyPlatform='container'
12:57:06 INFO  
</system-out>
	</testcase>
</testsuite>
