<?xml version="1.0" encoding="utf-8"?>
<testsuite name="apt_fail_noarg" tests="1" failures="0" skipped="1" time="0.0" timestamp="2022-05-09T06:46:15">
	<testcase classname="AptPluginFailNoArg" name="apt_fail_noarg">
		<skipped message="SKIPPED: Testing the apt plugin is not supported on this platform.To run the tests call PySys with -XmyPlatform='container'"/>
		<system-out>06:46:15 INFO  ==============================================================
06:46:15 INFO  Id:    apt_fail_noarg
06:46:15 INFO  Dir:   plugin_apt/
06:46:15 INFO  Title: Validate apt plugin fetures(prepare, list, install, remove finalize) without arguments
06:46:15 INFO  ==============================================================
06:46:15 INFO  Testing the apt plugin is not supported on this platform.To run the tests call PySys with -XmyPlatform='container' ... skipped
06:46:15 WARN  Aborted test due to SKIPPED outcome
06:46:15 INFO  
06:46:15 INFO  Test duration: 0.00 secs
06:46:15 INFO  Test final outcome:  SKIPPED
06:46:15 INFO  Test outcome reason: Testing the apt plugin is not supported on this platform.To run the tests call PySys with -XmyPlatform='container'
06:46:15 INFO  
</system-out>
	</testcase>
</testsuite>
