<?xml version="1.0" encoding="utf-8"?>
<testsuite name="apt_install_local_file_with_version_fail" tests="1" failures="0" skipped="1" time="0.0" timestamp="2022-05-10T12:57:05">
	<testcase classname="AptPluginInstallFromLocalFileWithVersionFail" name="apt_install_local_file_with_version_fail">
		<skipped message="SKIPPED: Testing the apt plugin is not supported on this platform.To run the tests call PySys with -XmyPlatform='container'"/>
		<system-out>12:57:05 INFO  ==============================================================
12:57:05 INFO  Id:    apt_install_local_file_with_version_fail
12:57:05 INFO  Dir:   plugin_apt/
12:57:05 INFO  Title: Validate apt plugin install from local file AND with a version - FAIL case
12:57:05 INFO  ==============================================================
12:57:05 INFO  Testing the apt plugin is not supported on this platform.To run the tests call PySys with -XmyPlatform='container' ... skipped
12:57:05 WARN  Aborted test due to SKIPPED outcome
12:57:05 INFO  
12:57:05 INFO  Test duration: 0.00 secs
12:57:05 INFO  Test final outcome:  SKIPPED
12:57:05 INFO  Test outcome reason: Testing the apt plugin is not supported on this platform.To run the tests call PySys with -XmyPlatform='container'
12:57:05 INFO  
</system-out>
	</testcase>
</testsuite>
