<?xml version="1.0" encoding="utf-8"?>
<testsuite name="pysys_block" tests="1" failures="0" skipped="1" time="0.0" timestamp="2022-05-02T14:53:46">
	<testcase classname="Fail" name="pysys_block">
		<skipped message="SKIPPED: Enable this to observe a blocking test"/>
		<system-out>14:53:46 INFO  ==============================================================
14:53:46 INFO  Id:    pysys_block
14:53:46 INFO  Dir:   misc_features/
14:53:46 INFO  Title: fail
14:53:46 INFO  ==============================================================
14:53:46 INFO  Enable this to observe a blocking test ... skipped
14:53:46 INFO  
14:53:46 INFO  Test duration: 0.00 secs
14:53:46 INFO  Test final outcome:  SKIPPED
14:53:46 INFO  Test outcome reason: Enable this to observe a blocking test
14:53:46 INFO  
</system-out>
	</testcase>
</testsuite>
