<?xml version="1.0" encoding="utf-8"?>
<testsuite name="SoftwareManagement.sm_apt_install_remove_multiple_mixed" tests="1" failures="0" skipped="1" time="0.0" timestamp="2022-05-16T07:17:39">
	<testcase classname="PySysTest" name="SoftwareManagement.sm_apt_install_remove_multiple_mixed">
		<skipped message="SKIPPED: Testing the apt plugin is not supported on this platform.Use parameter -XmyPlatform='container' to enable it"/>
		<system-out>07:17:39 INFO  ==============================================================
07:17:39 INFO  Id:    SoftwareManagement.sm_apt_install_remove_multiple_mixed
07:17:39 INFO  Dir:   software_management_end_to_end/
07:17:39 INFO  Title: Validate end to end behaviour for the apt plugin for multiple packages with mixed versions
07:17:39 INFO  ==============================================================
07:17:39 INFO  Testing the apt plugin is not supported on this platform.Use parameter -XmyPlatform='container' to enable it ... skipped
07:17:39 WARN  Aborted test due to SKIPPED outcome
07:17:39 INFO  
07:17:39 INFO  Test duration: 0.00 secs
07:17:39 INFO  Test final outcome:  SKIPPED
07:17:39 INFO  Test outcome reason: Testing the apt plugin is not supported on this platform.Use parameter -XmyPlatform='container' to enable it
07:17:39 INFO  
</system-out>
	</testcase>
</testsuite>
