<?xml version="1.0" encoding="utf-8"?>
<testsuite name="docker_plugin_update" tests="1" failures="0" skipped="1" time="0.0" timestamp="2022-05-16T07:07:35">
	<testcase classname="DockerPluginUpdateTest" name="docker_plugin_update">
		<skipped message="SKIPPED: Testing the docker plugin is not supported on this platform.To run it, all the test with -XmyPlatform='container'"/>
		<system-out>07:07:35 INFO  ==============================================================
07:07:35 INFO  Id:    docker_plugin_update
07:07:35 INFO  Dir:   plugin_docker/
07:07:35 INFO  Title: Validate docker plugin install updates existing containers
07:07:35 INFO  ==============================================================
07:07:35 INFO  Testing the docker plugin is not supported on this platform.To run it, all the test with -XmyPlatform='container' ... skipped
07:07:35 WARN  Aborted test due to SKIPPED outcome
07:07:35 INFO  
07:07:35 INFO  Test duration: 0.00 secs
07:07:35 INFO  Test final outcome:  SKIPPED
07:07:35 INFO  Test outcome reason: Testing the docker plugin is not supported on this platform.To run it, all the test with -XmyPlatform='container'
07:07:35 INFO  
</system-out>
	</testcase>
</testsuite>
