<?xml version="1.0" encoding="utf-8"?>
<testsuite name="SoftwareManagement.Plugin.apama_plugin_install" tests="1" failures="0" skipped="1" time="0.0" timestamp="2022-05-09T06:46:15">
	<testcase classname="ApamaPluginInstallTest" name="SoftwareManagement.Plugin.apama_plugin_install">
		<skipped message="SKIPPED: Apama plugin tests are disabled by default. Execute `pysys run` with `-XmyPlatform=container` to run these tests"/>
		<system-out>06:46:15 INFO  ==============================================================
06:46:15 INFO  Id:    SoftwareManagement.Plugin.apama_plugin_install
06:46:15 INFO  Dir:   plugin_apama/
06:46:15 INFO  Title: Validate apama plugin install
06:46:15 INFO  ==============================================================
06:46:15 INFO  Apama plugin tests are disabled by default. Execute `pysys run` with `-XmyPlatform=container` to run these tests ... skipped
06:46:15 WARN  Aborted test due to SKIPPED outcome
06:46:15 INFO  
06:46:15 INFO  Test duration: 0.00 secs
06:46:15 INFO  Test final outcome:  SKIPPED
06:46:15 INFO  Test outcome reason: Apama plugin tests are disabled by default. Execute `pysys run` with `-XmyPlatform=container` to run these tests
06:46:15 INFO  
</system-out>
	</testcase>
</testsuite>
