<?xml version="1.0" encoding="utf-8"?>
<testsuite name="SoftwareManagement.Plugin.apama_plugin_update" tests="1" failures="0" skipped="1" time="0.0" timestamp="2022-05-03T13:41:29">
	<testcase classname="ApamaPluginUpdateTest" name="SoftwareManagement.Plugin.apama_plugin_update">
		<skipped message="SKIPPED: Apama plugin tests are disabled by default. Execute `pysys run` with `-XmyPlatform=container` to run these tests"/>
		<system-out>13:41:29 INFO  ==============================================================
13:41:29 INFO  Id:    SoftwareManagement.Plugin.apama_plugin_update
13:41:29 INFO  Dir:   plugin_apama/
13:41:29 INFO  Title: Validate apama plugin updating one project with another
13:41:29 INFO  ==============================================================
13:41:29 INFO  Apama plugin tests are disabled by default. Execute `pysys run` with `-XmyPlatform=container` to run these tests ... skipped
13:41:29 WARN  Aborted test due to SKIPPED outcome
13:41:29 INFO  
13:41:29 INFO  Test duration: 0.00 secs
13:41:29 INFO  Test final outcome:  SKIPPED
13:41:29 INFO  Test outcome reason: Apama plugin tests are disabled by default. Execute `pysys run` with `-XmyPlatform=container` to run these tests
13:41:29 INFO  
</system-out>
	</testcase>
</testsuite>
