<?xml version="1.0" encoding="utf-8"?>
<testsuite name="smoketest_json" tests="1" failures="0" skipped="0" time="54.18" timestamp="2022-05-04T07:54:01">
	<testcase classname="SmokeTestJson" name="smoketest_json"/>
</testsuite>
