<?xml version="1.0" encoding="utf-8"?>
<testsuite name="runtime_start_two_mappers" tests="1" failures="1" skipped="0" time="0.36" timestamp="2022-05-02T15:08:39">
	<testcase classname="RuntimeMultiMappers" name="runtime_start_two_mappers">
		<failure message="FAILED: Grep on tedge_mapper2.err contains &quot;Error: Couldn't acquire file lock.&quot;" type="FAILED"/>
		<system-out>15:08:39 INFO  ==============================================================
15:08:39 INFO  Id:    runtime_start_two_mappers
15:08:39 INFO  Dir:   tedge_mapper_c8y/
15:08:39 INFO  Title: Validate two mappers can't be started at the same time
15:08:39 INFO  ==============================================================
15:08:39 INFO  Executed sudo&lt;tedge_mapper1&gt;, exit status 0
15:08:39 INFO  Waiting for 0.1 seconds
15:08:39 INFO  Executed sudo&lt;tedge_mapper2&gt;, exit status 1
15:08:39 INFO  Executed sudo&lt;tedge_mapper1&gt;, exit status 0
15:08:39 WARN  Grep on tedge_mapper2.err contains &quot;Error: Couldn't acquire file lock.&quot; ... failed [run.py:45]
15:08:39 INFO  
15:08:39 INFO  Test duration: 0.36 secs
15:08:39 INFO  Test final outcome:  FAILED
15:08:39 INFO  Test outcome reason: Grep on tedge_mapper2.err contains &quot;Error: Couldn't acquire file lock.&quot;
15:08:39 INFO  
</system-out>
	</testcase>
</testsuite>
