<?xml version="1.0" encoding="utf-8"?>
<testsuite name="log_request_error_messages" tests="1" failures="1" skipped="0" time="43.77" timestamp="2022-05-03T13:39:02">
	<testcase classname="LogRequestVerifySearchTextError" name="log_request_error_messages">
		<failure message="FAILED: Assert that (True == value) with value=False" type="FAILED"/>
		<system-out>13:38:18 INFO  ==============================================================
13:38:18 INFO  Id:    log_request_error_messages
13:38:18 INFO  Dir:   log_request_end_to_end/
13:38:18 INFO  Title: Validate end to end behaviour for the log request operation check for error messages
13:38:18 INFO  ==============================================================
13:38:18 INFO  EnvironmentC8y Setup
13:38:19 INFO  Executed systemctl&lt;serv_mapper1&gt;, exit status 3
13:38:19 INFO  Restarting mosquitto too frequently in the last 10 seconds. It was only up for 0 seconds
13:38:19 INFO  Delaying execution by 11 seconds
13:38:47 INFO  Executed sudo&lt;tedge_connect_c8y&gt;, exit status 0, duration 17 secs
13:38:47 INFO  Executed sudo&lt;tedge_connect_c8y_test&gt;, exit status 0
13:38:47 INFO  Executed systemctl&lt;serv_mosq2&gt;, exit status 0
13:38:47 INFO  Executed systemctl&lt;serv_mapper3&gt;, exit status 0
13:38:47 INFO  Executed sudo&lt;rm_logs&gt;, exit status 0
13:38:47 INFO  Executed sudo&lt;move_logs&gt;, exit status 0
13:38:48 INFO  log response None
13:38:48 WARN  retry, retrying in 1 seconds...
13:38:49 INFO  log response https://thin-edge-io.eu-latest.cumulocity.com/event/events/18298547/binaries
13:38:49 WARN  Assert that (True == value) with value=False ... failed [run.py:43]
13:38:49 INFO  
13:38:49 INFO  cleanup:
13:38:49 INFO  Executed sudo&lt;rm_logs&gt;, exit status 0
13:38:49 INFO  Executed sudo&lt;rm_tmp_logs&gt;, exit status 0
13:38:49 INFO  Executed sudo&lt;send_failed&gt;, exit status 0
13:38:49 INFO  Restarting mosquitto too frequently in the last 10 seconds. It was only up for 9 seconds
13:38:49 INFO  Delaying execution by 2 seconds
13:39:02 INFO  Executed sudo&lt;tedge_disconnect_c8y&gt;, exit status 0
13:39:02 INFO  Executed systemctl&lt;serv_mapper5&gt;, exit status 3
13:39:02 INFO  
13:39:02 INFO  Test duration: 43.77 secs
13:39:02 INFO  Test final outcome:  FAILED
13:39:02 INFO  Test outcome reason: Assert that (True == value) with value=False
13:39:02 INFO  
</system-out>
	</testcase>
</testsuite>
