<?xml version="1.0" encoding="utf-8"?>
<testsuite name="monitoring_with_simulated_messages" tests="1" failures="0" skipped="1" time="0.0" timestamp="2022-05-10T19:16:08">
	<testcase classname="MonitoringWithSimulatedMessages" name="monitoring_with_simulated_messages">
		<skipped message="SKIPPED: Fails due to retained message"/>
		<system-out>19:16:08 INFO  ==============================================================
19:16:08 INFO  Id:    monitoring_with_simulated_messages
19:16:08 INFO  Dir:   monitoring/
19:16:08 INFO  Title: Validate the tedge dm agent messages that are produced from the simulated collectd messages
19:16:08 INFO  ==============================================================
19:16:08 INFO  Fails due to retained message ... skipped
19:16:08 INFO  
19:16:08 INFO  Test duration: 0.00 secs
19:16:08 INFO  Test final outcome:  SKIPPED
19:16:08 INFO  Test outcome reason: Fails due to retained message
19:16:08 INFO  
</system-out>
	</testcase>
</testsuite>
