<?xml version="1.0" encoding="utf-8"?>
<testsuite name="docker_plugin_install" tests="1" failures="0" skipped="1" time="0.0" timestamp="2022-05-02T14:54:31">
	<testcase classname="DockerPluginInstallTest" name="docker_plugin_install">
		<skipped message="SKIPPED: Testing the docker plugin is not supported on this platform.To run it, all the test with -XmyPlatform='container'"/>
		<system-out>14:54:31 INFO  ==============================================================
14:54:31 INFO  Id:    docker_plugin_install
14:54:31 INFO  Dir:   plugin_docker/
14:54:31 INFO  Title: Validate docker plugin install
14:54:31 INFO  ==============================================================
14:54:31 INFO  Testing the docker plugin is not supported on this platform.To run it, all the test with -XmyPlatform='container' ... skipped
14:54:31 WARN  Aborted test due to SKIPPED outcome
14:54:31 INFO  
14:54:31 INFO  Test duration: 0.00 secs
14:54:31 INFO  Test final outcome:  SKIPPED
14:54:31 INFO  Test outcome reason: Testing the docker plugin is not supported on this platform.To run it, all the test with -XmyPlatform='container'
14:54:31 INFO  
</system-out>
	</testcase>
</testsuite>
