<?xml version="1.0" encoding="utf-8"?>
<testsuite name="SoftwareManagement.Plugin.apama_plugin_install" tests="1" failures="0" skipped="1" time="0.0" timestamp="2022-05-10T19:16:08">
	<testcase classname="ApamaPluginInstallTest" name="SoftwareManagement.Plugin.apama_plugin_install">
		<skipped message="SKIPPED: Apama plugin tests are disabled by default. Execute `pysys run` with `-XmyPlatform=container` to run these tests"/>
		<system-out>19:16:08 INFO  ==============================================================
19:16:08 INFO  Id:    SoftwareManagement.Plugin.apama_plugin_install
19:16:08 INFO  Dir:   plugin_apama/
19:16:08 INFO  Title: Validate apama plugin install
19:16:08 INFO  ==============================================================
19:16:08 INFO  Apama plugin tests are disabled by default. Execute `pysys run` with `-XmyPlatform=container` to run these tests ... skipped
19:16:08 WARN  Aborted test due to SKIPPED outcome
19:16:08 INFO  
19:16:08 INFO  Test duration: 0.00 secs
19:16:08 INFO  Test final outcome:  SKIPPED
19:16:08 INFO  Test outcome reason: Apama plugin tests are disabled by default. Execute `pysys run` with `-XmyPlatform=container` to run these tests
19:16:08 INFO  
</system-out>
	</testcase>
</testsuite>
