<?xml version="1.0" encoding="utf-8"?>
<testsuite name="local_mqtt_pub_sub_retain" tests="1" failures="1" skipped="0" time="3.33" timestamp="2022-05-03T13:38:07">
	<testcase classname="MqttPublishWithRetain" name="local_mqtt_pub_sub_retain">
		<failure message="FAILED: Grep on temp_sensor_sub.out contains &quot;\[test/alarms/temp_sensor\] alarm msg 2&quot; (+1 other failures)" type="FAILED"/>
		<system-out>13:38:03 INFO  ==============================================================
13:38:03 INFO  Id:    local_mqtt_pub_sub_retain
13:38:03 INFO  Dir:   local_mqtt/
13:38:03 INFO  Title: Validate local publishing with retain flag
13:38:03 INFO  ==============================================================
13:38:03 INFO  Executed tedge&lt;pub_to_set_alarm&gt;, exit status 0
13:38:04 INFO  Executed tedge&lt;pub_to_set_alarm&gt;, exit status 0
13:38:05 INFO  Started tedge&lt;temp_sensor_sub&gt; with process id 259333
13:38:05 INFO  Executed tedge&lt;pub_to_clear_alarm&gt;, exit status 0
13:38:06 INFO  Executed sudo&lt;kill_out&gt;, exit status 0
13:38:06 INFO  Executed tedge&lt;pub_to_clear_alarm&gt;, exit status 0
13:38:06 INFO  Started tedge&lt;temp_sensor_empty_message&gt; with process id 259338
13:38:07 INFO  Executed sudo&lt;kill_out&gt;, exit status 0
13:38:07 WARN  Grep on temp_sensor_sub.out contains &quot;\[test/alarms/temp_sensor\] alarm msg 2&quot; ... failed [run.py:136]
13:38:07 WARN  Grep on temp_sensor_sub.out contains &quot;\[test/alarms/temp_sensor\] &quot; ... failed [run.py:141]
13:38:07 INFO  Grep on file temp_sensor_empty_message.out ... passed
13:38:07 INFO  
13:38:07 INFO  Test duration: 3.33 secs
13:38:07 INFO  Test final outcome:  FAILED
13:38:07 INFO  Test outcome reason: Grep on temp_sensor_sub.out contains &quot;\[test/alarms/temp_sensor\] alarm msg 2&quot; (+1 other failures)
13:38:07 INFO  
</system-out>
	</testcase>
</testsuite>
