<?xml version="1.0" encoding="utf-8"?>
<testsuite name="apt_sequence_install_with_version" tests="1" failures="0" skipped="1" time="0.0" timestamp="2022-05-10T19:16:09">
	<testcase classname="AptPluginPrepInstallWithVersionFinalize" name="apt_sequence_install_with_version">
		<skipped message="SKIPPED: Testing the apt plugin is not supported on this platform.To run the tests call PySys with -XmyPlatform='container'"/>
		<system-out>19:16:09 INFO  ==============================================================
19:16:09 INFO  Id:    apt_sequence_install_with_version
19:16:09 INFO  Dir:   plugin_apt/
19:16:09 INFO  Title: Validate apt plugin install with version use case
19:16:09 INFO  ==============================================================
19:16:09 INFO  Testing the apt plugin is not supported on this platform.To run the tests call PySys with -XmyPlatform='container' ... skipped
19:16:09 WARN  Aborted test due to SKIPPED outcome
19:16:09 INFO  
19:16:09 INFO  Test duration: 0.00 secs
19:16:09 INFO  Test final outcome:  SKIPPED
19:16:09 INFO  Test outcome reason: Testing the apt plugin is not supported on this platform.To run the tests call PySys with -XmyPlatform='container'
19:16:09 INFO  
</system-out>
	</testcase>
</testsuite>
