<?xml version="1.0" encoding="utf-8"?>
<testsuite name="apt_install_local_file_with_version_fail" tests="1" failures="0" skipped="1" time="0.0" timestamp="2022-05-04T07:50:09">
	<testcase classname="AptPluginInstallFromLocalFileWithVersionFail" name="apt_install_local_file_with_version_fail">
		<skipped message="SKIPPED: Testing the apt plugin is not supported on this platform.To run the tests call PySys with -XmyPlatform='container'"/>
		<system-out>07:50:09 INFO  ==============================================================
07:50:09 INFO  Id:    apt_install_local_file_with_version_fail
07:50:09 INFO  Dir:   plugin_apt/
07:50:09 INFO  Title: Validate apt plugin install from local file AND with a version - FAIL case
07:50:09 INFO  ==============================================================
07:50:09 INFO  Testing the apt plugin is not supported on this platform.To run the tests call PySys with -XmyPlatform='container' ... skipped
07:50:09 WARN  Aborted test due to SKIPPED outcome
07:50:09 INFO  
07:50:09 INFO  Test duration: 0.00 secs
07:50:09 INFO  Test final outcome:  SKIPPED
07:50:09 INFO  Test outcome reason: Testing the apt plugin is not supported on this platform.To run the tests call PySys with -XmyPlatform='container'
07:50:09 INFO  
</system-out>
	</testcase>
</testsuite>
