<?xml version="1.0" encoding="utf-8"?>
<testsuite name="mqtt_port_change_connection_works" tests="1" failures="0" skipped="1" time="0.0" timestamp="2022-05-10T19:14:48">
	<testcase classname="MqttPortChangeConnectionWorks" name="mqtt_port_change_connection_works">
		<skipped message="SKIPPED: failing intermitently"/>
		<system-out>19:14:48 INFO  ==============================================================
19:14:48 INFO  Id:    mqtt_port_change_connection_works
19:14:48 INFO  Dir:   misc_features/
19:14:48 INFO  Title: mqtt port change connection works for all the thin-edge services that use the mosquitto broker
19:14:48 INFO  ==============================================================
19:14:48 INFO  failing intermitently ... skipped
19:14:48 INFO  
19:14:48 INFO  Test duration: 0.00 secs
19:14:48 INFO  Test final outcome:  SKIPPED
19:14:48 INFO  Test outcome reason: failing intermitently
19:14:48 INFO  
</system-out>
	</testcase>
</testsuite>
