<?xml version="1.0" encoding="utf-8"?>
<testsuite name="tedge_mapper_az_with_timestamp" tests="1" failures="0" skipped="0" time="0.36" timestamp="2022-05-09T06:59:50">
	<testcase classname="TedgeMapperAzWithTimestamp" name="tedge_mapper_az_with_timestamp"/>
</testsuite>
