<?xml version="1.0" encoding="utf-8"?>
<testsuite name="runtime_start_two_mappers" tests="1" failures="0" skipped="1" time="0.0" timestamp="2022-05-11T11:34:00">
	<testcase classname="RuntimeMultiMappers" name="runtime_start_two_mappers">
		<skipped message="SKIPPED: Test execution disabled due to #1124"/>
		<system-out>11:34:00 INFO  ==============================================================
11:34:00 INFO  Id:    runtime_start_two_mappers
11:34:00 INFO  Dir:   tedge_mapper_c8y/
11:34:00 INFO  Title: Validate two mappers can't be started at the same time
11:34:00 INFO  ==============================================================
11:34:00 INFO  Test execution disabled due to #1124 ... skipped
11:34:00 INFO  
11:34:00 INFO  Test duration: 0.00 secs
11:34:00 INFO  Test final outcome:  SKIPPED
11:34:00 INFO  Test outcome reason: Test execution disabled due to #1124
11:34:00 INFO  
</system-out>
	</testcase>
</testsuite>
