<?xml version="1.0" encoding="utf-8"?>
<testsuite name="SoftwareManagement.Plugin.apama_plugin_remove" tests="1" failures="0" skipped="1" time="0.0" timestamp="2022-05-10T12:57:05">
	<testcase classname="ApamaPluginRemoveTest" name="SoftwareManagement.Plugin.apama_plugin_remove">
		<skipped message="SKIPPED: Apama plugin tests are disabled by default. Execute `pysys run` with `-XmyPlatform=container` to run these tests"/>
		<system-out>12:57:05 INFO  ==============================================================
12:57:05 INFO  Id:    SoftwareManagement.Plugin.apama_plugin_remove
12:57:05 INFO  Dir:   plugin_apama/
12:57:05 INFO  Title: Validate apama plugin remove
12:57:05 INFO  ==============================================================
12:57:05 INFO  Apama plugin tests are disabled by default. Execute `pysys run` with `-XmyPlatform=container` to run these tests ... skipped
12:57:05 WARN  Aborted test due to SKIPPED outcome
12:57:05 INFO  
12:57:05 INFO  Test duration: 0.00 secs
12:57:05 INFO  Test final outcome:  SKIPPED
12:57:05 INFO  Test outcome reason: Apama plugin tests are disabled by default. Execute `pysys run` with `-XmyPlatform=container` to run these tests
12:57:05 INFO  
</system-out>
	</testcase>
</testsuite>
