<?xml version="1.0" encoding="utf-8"?>
<testsuite name="mqtt_port_set" tests="1" failures="0" skipped="0" time="32.77" timestamp="2022-05-11T11:18:56">
	<testcase classname="MqttPortSet" name="mqtt_port_set"/>
</testsuite>
