<?xml version="1.0" encoding="utf-8"?>
<testsuite name="SoftwareManagement.Plugin.apama_plugin_mon_support" tests="1" failures="0" skipped="1" time="0.0" timestamp="2022-05-02T14:54:31">
	<testcase classname="ApamaPluginMonSupportTest" name="SoftwareManagement.Plugin.apama_plugin_mon_support">
		<skipped message="SKIPPED: Apama plugin tests are disabled by default. Execute `pysys run` with `-XmyPlatform=container` to run these tests"/>
		<system-out>14:54:31 INFO  ==============================================================
14:54:31 INFO  Id:    SoftwareManagement.Plugin.apama_plugin_mon_support
14:54:31 INFO  Dir:   plugin_apama/
14:54:31 INFO  Title: Validate mon file support of apama plugin
14:54:31 INFO  ==============================================================
14:54:31 INFO  Apama plugin tests are disabled by default. Execute `pysys run` with `-XmyPlatform=container` to run these tests ... skipped
14:54:31 WARN  Aborted test due to SKIPPED outcome
14:54:31 INFO  
14:54:31 INFO  Test duration: 0.00 secs
14:54:31 INFO  Test final outcome:  SKIPPED
14:54:31 INFO  Test outcome reason: Apama plugin tests are disabled by default. Execute `pysys run` with `-XmyPlatform=container` to run these tests
14:54:31 INFO  
</system-out>
	</testcase>
</testsuite>
