<?xml version="1.0" encoding="utf-8"?>
<testsuite name="log_request_num_lines" tests="1" failures="1" skipped="0" time="42.62" timestamp="2022-05-03T13:39:45">
	<testcase classname="LogRequestVerifyNumberOfLines" name="log_request_num_lines">
		<failure message="FAILED: Assert that (True == value) with value=False" type="FAILED"/>
		<system-out>13:39:02 INFO  ==============================================================
13:39:02 INFO  Id:    log_request_num_lines
13:39:02 INFO  Dir:   log_request_end_to_end/
13:39:02 INFO  Title: Validate end to end behaviour for the log request operation check for number of lines
13:39:02 INFO  ==============================================================
13:39:02 INFO  EnvironmentC8y Setup
13:39:02 INFO  Executed systemctl&lt;serv_mapper1&gt;, exit status 3
13:39:02 INFO  Restarting mosquitto too frequently in the last 10 seconds. It was only up for 1 seconds
13:39:02 INFO  Delaying execution by 10 seconds
13:39:30 INFO  Executed sudo&lt;tedge_connect_c8y&gt;, exit status 0, duration 17 secs
13:39:30 INFO  Executed sudo&lt;tedge_connect_c8y_test&gt;, exit status 0
13:39:30 INFO  Executed systemctl&lt;serv_mosq2&gt;, exit status 0
13:39:30 INFO  Executed systemctl&lt;serv_mapper3&gt;, exit status 0
13:39:30 INFO  Executed sudo&lt;rm_logs&gt;, exit status 0
13:39:30 INFO  Executed sudo&lt;move_logs&gt;, exit status 0
13:39:30 INFO  log response None
13:39:30 WARN  retry, retrying in 1 seconds...
13:39:31 INFO  log response https://thin-edge-io.eu-latest.cumulocity.com/event/events/18275500/binaries
13:39:32 INFO  nlines 0
13:39:32 WARN  Assert that (True == value) with value=False ... failed [run.py:44]
13:39:32 INFO  
13:39:32 INFO  cleanup:
13:39:32 INFO  Executed sudo&lt;rm_logs&gt;, exit status 0
13:39:32 INFO  Executed sudo&lt;rm_tmp_logs&gt;, exit status 0
13:39:32 INFO  Executed sudo&lt;send_failed&gt;, exit status 0
13:39:32 INFO  Restarting mosquitto too frequently in the last 10 seconds. It was only up for 9 seconds
13:39:32 INFO  Delaying execution by 2 seconds
13:39:45 INFO  Executed sudo&lt;tedge_disconnect_c8y&gt;, exit status 0
13:39:45 INFO  Executed systemctl&lt;serv_mapper5&gt;, exit status 3
13:39:45 INFO  
13:39:45 INFO  Test duration: 42.62 secs
13:39:45 INFO  Test final outcome:  FAILED
13:39:45 INFO  Test outcome reason: Assert that (True == value) with value=False
13:39:45 INFO  
</system-out>
	</testcase>
</testsuite>
