<?xml version="1.0" encoding="utf-8"?>
<testsuite name="invalid_device_id" tests="1" failures="0" skipped="0" time="0.47" timestamp="2022-05-03T13:40:11">
	<testcase classname="InvalidDeviceId" name="invalid_device_id"/>
</testsuite>
