<?xml version="1.0" encoding="utf-8"?>
<testsuite name="c8y_restart_bridge" tests="1" failures="0" skipped="0" time="39.75" timestamp="2022-05-09T06:57:36">
	<testcase classname="RestartBridge" name="c8y_restart_bridge"/>
</testsuite>
