<?xml version="1.0" encoding="utf-8"?>
<testsuite name="apt_sequence_remove" tests="1" failures="0" skipped="1" time="0.0" timestamp="2022-05-23T09:04:31">
	<testcase classname="AptPluginInstallPrepareRemoveFinalize" name="apt_sequence_remove">
		<skipped message="SKIPPED: Testing the apt plugin is not supported on this platform.To run the tests call PySys with -XmyPlatform='container'"/>
		<system-out>09:04:31 INFO  ==============================================================
09:04:31 INFO  Id:    apt_sequence_remove
09:04:31 INFO  Dir:   plugin_apt/
09:04:31 INFO  Title: Validate apt plugin prepare install remove finalize use case
09:04:31 INFO  ==============================================================
09:04:31 INFO  Testing the apt plugin is not supported on this platform.To run the tests call PySys with -XmyPlatform='container' ... skipped
09:04:31 WARN  Aborted test due to SKIPPED outcome
09:04:31 INFO  
09:04:31 INFO  Test duration: 0.00 secs
09:04:31 INFO  Test final outcome:  SKIPPED
09:04:31 INFO  Test outcome reason: Testing the apt plugin is not supported on this platform.To run the tests call PySys with -XmyPlatform='container'
09:04:31 INFO  
</system-out>
	</testcase>
</testsuite>
