<?xml version="1.0" encoding="utf-8"?>
<testsuite name="tedge_connect_test_sm_services" tests="1" failures="0" skipped="0" time="41.66" timestamp="2022-05-02T15:07:14">
	<testcase classname="TedgeConnectTestSMServices" name="tedge_connect_test_sm_services"/>
</testsuite>
