<?xml version="1.0" encoding="utf-8"?>
<testsuite name="monitoring_with_simulated_messages" tests="1" failures="0" skipped="1" time="0.0" timestamp="2022-05-04T07:50:09">
	<testcase classname="MonitoringWithSimulatedMessages" name="monitoring_with_simulated_messages">
		<skipped message="SKIPPED: Fails due to retained message"/>
		<system-out>07:50:09 INFO  ==============================================================
07:50:09 INFO  Id:    monitoring_with_simulated_messages
07:50:09 INFO  Dir:   monitoring/
07:50:09 INFO  Title: Validate the tedge dm agent messages that are produced from the simulated collectd messages
07:50:09 INFO  ==============================================================
07:50:09 INFO  Fails due to retained message ... skipped
07:50:09 INFO  
07:50:09 INFO  Test duration: 0.00 secs
07:50:09 INFO  Test final outcome:  SKIPPED
07:50:09 INFO  Test outcome reason: Fails due to retained message
07:50:09 INFO  
</system-out>
	</testcase>
</testsuite>
