<?xml version="1.0" encoding="utf-8"?>
<testsuite name="pysys_block" tests="1" failures="0" skipped="1" time="0.0" timestamp="2022-05-10T19:15:22">
	<testcase classname="Fail" name="pysys_block">
		<skipped message="SKIPPED: Enable this to observe a blocking test"/>
		<system-out>19:15:22 INFO  ==============================================================
19:15:22 INFO  Id:    pysys_block
19:15:22 INFO  Dir:   misc_features/
19:15:22 INFO  Title: fail
19:15:22 INFO  ==============================================================
19:15:22 INFO  Enable this to observe a blocking test ... skipped
19:15:22 INFO  
19:15:22 INFO  Test duration: 0.00 secs
19:15:22 INFO  Test final outcome:  SKIPPED
19:15:22 INFO  Test outcome reason: Enable this to observe a blocking test
19:15:22 INFO  
</system-out>
	</testcase>
</testsuite>
