<?xml version="1.0" encoding="utf-8"?>
<testsuite name="apt_update_list" tests="1" failures="0" skipped="1" time="0.0" timestamp="2022-05-30T08:57:41">
	<testcase classname="AptPluginUpdateList" name="apt_update_list">
		<skipped message="SKIPPED: Testing the apt plugin is not supported on this platform.To run the tests call PySys with -XmyPlatform='container'"/>
		<system-out>08:57:41 INFO  ==============================================================
08:57:41 INFO  Id:    apt_update_list
08:57:41 INFO  Dir:   plugin_apt/
08:57:41 INFO  Title: Validate apt plugin update-list command use case
08:57:41 INFO  ==============================================================
08:57:42 INFO  Testing the apt plugin is not supported on this platform.To run the tests call PySys with -XmyPlatform='container' ... skipped
08:57:42 WARN  Aborted test due to SKIPPED outcome
08:57:42 INFO  
08:57:42 INFO  Test duration: 0.00 secs
08:57:42 INFO  Test final outcome:  SKIPPED
08:57:42 INFO  Test outcome reason: Testing the apt plugin is not supported on this platform.To run the tests call PySys with -XmyPlatform='container'
08:57:42 INFO  
</system-out>
	</testcase>
</testsuite>
