<?xml version="1.0" encoding="utf-8"?>
<testsuite failures="1" name="SoftwareManagement.sm_apt_install_download_path" skipped="0" tests="1" time="189.12" timestamp="2022-04-15T09:59:09">
	<testcase classname="AptInstallWithDownloadPath" name="SoftwareManagement.sm_apt_install_download_path">
		<failure message="BLOCKED: SystemError: Timeout while waiting for status FAILED or SUCCESSFUL" type="BLOCKED"/>
		<system-out>09:56:00 INFO  ==============================================================
09:56:00 INFO  Id:    SoftwareManagement.sm_apt_install_download_path
09:56:00 INFO  Dir:   software_management_end_to_end/
09:56:00 INFO  Title: Install package to directory specified in tedge config set tmp.path
09:56:00 INFO  ==============================================================
09:56:01 INFO  Using sw id database: {'asciijump': '5475369', 'robotfindskitten': '5474869', 'squirrel3': '5475279', 'rolldice': '5152439', 'moon-buggy': '5439204', 'apple': '5495053', 'banana': '5494888', 'cherry': '5495382', 'watermelon': '5494510', 'registry': '8018911', 'hello-world': '8021526', 'docker/getting-started': '8021973', 'alpine': '7991792'}
09:56:01 INFO  EnvironmentC8y Setup
09:56:01 INFO  Executed systemctl&lt;serv_mapper1&gt;, exit status 3
09:56:16 INFO  Executed sudo&lt;tedge_connect_c8y&gt;, exit status 0, duration 14 secs
09:56:17 INFO  Executed sudo&lt;tedge_connect_c8y_test&gt;, exit status 0
09:56:17 INFO  Executed systemctl&lt;serv_mosq2&gt;, exit status 0
09:56:18 INFO  Executed systemctl&lt;serv_mapper3&gt;, exit status 0
09:56:20 INFO  State of current operation: PENDING
09:56:22 INFO  State of current operation: PENDING
09:56:24 INFO  State of current operation: PENDING
09:56:26 INFO  State of current operation: PENDING
09:56:29 INFO  State of current operation: PENDING
09:56:31 INFO  State of current operation: PENDING
09:56:33 INFO  State of current operation: PENDING
09:56:35 INFO  State of current operation: PENDING
09:56:38 INFO  State of current operation: PENDING
09:56:40 INFO  State of current operation: PENDING
09:56:42 INFO  State of current operation: PENDING
09:56:44 INFO  State of current operation: PENDING
09:56:47 INFO  State of current operation: PENDING
09:56:49 INFO  State of current operation: PENDING
09:56:51 INFO  State of current operation: PENDING
09:56:53 INFO  State of current operation: PENDING
09:56:55 INFO  State of current operation: PENDING
09:56:58 INFO  State of current operation: PENDING
09:57:00 INFO  State of current operation: PENDING
09:57:02 INFO  State of current operation: PENDING
09:57:04 INFO  State of current operation: PENDING
09:57:07 INFO  State of current operation: PENDING
09:57:09 INFO  State of current operation: PENDING
09:57:11 INFO  State of current operation: PENDING
09:57:13 INFO  State of current operation: PENDING
09:57:15 INFO  State of current operation: PENDING
09:57:18 INFO  State of current operation: PENDING
09:57:20 INFO  State of current operation: PENDING
09:57:22 INFO  State of current operation: PENDING
09:57:24 INFO  State of current operation: PENDING
09:57:27 INFO  State of current operation: PENDING
09:57:29 INFO  State of current operation: PENDING
09:57:31 INFO  State of current operation: PENDING
09:57:33 INFO  State of current operation: PENDING
09:57:36 INFO  State of current operation: PENDING
09:57:38 INFO  State of current operation: PENDING
09:57:40 INFO  State of current operation: PENDING
09:57:42 INFO  State of current operation: PENDING
09:57:44 INFO  State of current operation: PENDING
09:57:47 INFO  State of current operation: PENDING
09:57:49 INFO  State of current operation: PENDING
09:57:51 INFO  State of current operation: PENDING
09:57:53 INFO  State of current operation: PENDING
09:57:56 INFO  State of current operation: PENDING
09:57:58 INFO  State of current operation: PENDING
09:58:00 INFO  State of current operation: PENDING
09:58:02 INFO  State of current operation: PENDING
09:58:04 INFO  State of current operation: PENDING
09:58:07 INFO  State of current operation: PENDING
09:58:09 INFO  State of current operation: PENDING
09:58:11 INFO  State of current operation: PENDING
09:58:13 INFO  State of current operation: PENDING
09:58:16 INFO  State of current operation: PENDING
09:58:18 INFO  State of current operation: PENDING
09:58:20 INFO  State of current operation: PENDING
09:58:22 INFO  State of current operation: PENDING
09:58:25 INFO  State of current operation: PENDING
09:58:27 INFO  State of current operation: PENDING
09:58:29 INFO  State of current operation: PENDING
09:58:31 INFO  State of current operation: PENDING
09:58:33 INFO  State of current operation: PENDING
09:58:35 WARN  SystemError occurred while running test - Timeout while waiting for status FAILED or SUCCESSFUL
Traceback (most recent call last):
  File &quot;/home/pi/env-pysys/lib/python3.7/site-packages/pysys/baserunner.py&quot;, line 1292, in __call__
    self.testObj.setup()
  File &quot;/home/pi/actions-runner/_work/thin-edge.io/thin-edge.io/tests/PySys/software_management_end_to_end/sm_apt_install_download_path/run.py&quot;, line 48, in setup
    super().setup()
  File &quot;/home/pi/actions-runner/_work/thin-edge.io/thin-edge.io/tests/PySys/software_management_end_to_end/environment_sm_management.py&quot;, line 151, in setup
    self.wait_until_end()
  File &quot;/home/pi/actions-runner/_work/thin-edge.io/thin-edge.io/tests/PySys/software_management_end_to_end/environment_sm_management.py&quot;, line 332, in wait_until_end
    self.wait_until_status(&quot;FAILED&quot;, &quot;SUCCESSFUL&quot;)
  File &quot;/home/pi/actions-runner/_work/thin-edge.io/thin-edge.io/tests/PySys/software_management_end_to_end/environment_sm_management.py&quot;, line 381, in wait_until_status
    &quot;Timeout while waiting for status %s or %s&quot; % (status, status2)
SystemError: Timeout while waiting for status FAILED or SUCCESSFUL
09:58:36 WARN  SystemError: Timeout while waiting for status FAILED or SUCCESSFUL ... blocked 
09:58:36 INFO  
09:58:36 INFO  cleanup:
09:58:36 INFO  Executed sudo, exit status 0
09:58:37 INFO  Executed sudo, exit status 0
09:58:41 INFO  Executed sudo&lt;tedge_disconnect_c8y&gt;, exit status 0
09:58:41 INFO  Restarting mosquitto too frequently in the last 10 seconds. It was only up for 3 seconds
09:58:41 INFO  Delaying execution by 8 seconds
09:59:04 INFO  Executed sudo&lt;tedge_connect_c8y&gt;, exit status 0, duration 14 secs
09:59:08 INFO  Executed sudo&lt;tedge_disconnect_c8y&gt;, exit status 0
09:59:09 INFO  Executed systemctl&lt;serv_mapper5&gt;, exit status 3
09:59:09 INFO  
09:59:09 INFO  Test duration: 189.12 secs
09:59:09 INFO  Test final outcome:  BLOCKED
09:59:09 INFO  Test outcome reason: SystemError: Timeout while waiting for status FAILED or SUCCESSFUL
09:59:09 INFO  
</system-out>
	</testcase>
</testsuite>
