<?xml version="1.0" encoding="utf-8"?>
<testsuite failures="1" name="SoftwareManagement.sm_fake_install_remove_multiple" skipped="0" tests="1" time="164.85" timestamp="2022-04-12T10:05:35">
	<testcase classname="PySysTest" name="SoftwareManagement.sm_fake_install_remove_multiple">
		<failure message="BLOCKED: SystemError: Timeout while waiting for status FAILED or SUCCESSFUL" type="BLOCKED"/>
		<system-out>10:02:50 INFO  ==============================================================
10:02:50 INFO  Id:    SoftwareManagement.sm_fake_install_remove_multiple
10:02:50 INFO  Dir:   software_management_end_to_end/
10:02:50 INFO  Title: Validate end to end behaviour for the dummy-plugin for multiple packages
10:02:50 INFO  ==============================================================
10:02:50 INFO  Using sw id database: {'asciijump': '5475369', 'robotfindskitten': '5474869', 'squirrel3': '5475279', 'rolldice': '5152439', 'moon-buggy': '5439204', 'apple': '5495053', 'banana': '5494888', 'cherry': '5495382', 'watermelon': '5494510', 'registry': '8018911', 'hello-world': '8021526', 'docker/getting-started': '8021973', 'alpine': '7991792'}
10:02:50 INFO  EnvironmentC8y Setup
10:02:51 INFO  Executed systemctl&lt;serv_mapper1&gt;, exit status 3
10:02:51 INFO  Restarting mosquitto too frequently in the last 10 seconds. It was only up for 5 seconds
10:02:51 INFO  Delaying execution by 6 seconds
10:03:11 INFO  Executed sudo&lt;tedge_connect_c8y&gt;, exit status 0, duration 14 secs
10:03:12 INFO  Executed sudo&lt;tedge_connect_c8y_test&gt;, exit status 0
10:03:12 INFO  Executed systemctl&lt;serv_mosq2&gt;, exit status 0
10:03:12 INFO  Executed systemctl&lt;serv_mapper3&gt;, exit status 0
10:03:15 INFO  State of current operation: PENDING
10:03:17 INFO  State of current operation: PENDING
10:03:19 INFO  State of current operation: PENDING
10:03:21 INFO  State of current operation: PENDING
10:03:24 INFO  State of current operation: PENDING
10:03:26 INFO  State of current operation: PENDING
10:03:28 INFO  State of current operation: PENDING
10:03:30 INFO  State of current operation: PENDING
10:03:32 INFO  State of current operation: PENDING
10:03:35 INFO  State of current operation: PENDING
10:03:37 INFO  State of current operation: PENDING
10:03:39 INFO  State of current operation: PENDING
10:03:41 INFO  State of current operation: PENDING
10:03:44 INFO  State of current operation: PENDING
10:03:46 INFO  State of current operation: PENDING
10:03:48 INFO  State of current operation: PENDING
10:03:50 INFO  State of current operation: PENDING
10:03:52 INFO  State of current operation: PENDING
10:03:55 INFO  State of current operation: PENDING
10:03:57 INFO  State of current operation: PENDING
10:03:59 INFO  State of current operation: PENDING
10:04:01 INFO  State of current operation: PENDING
10:04:04 INFO  State of current operation: PENDING
10:04:06 INFO  State of current operation: PENDING
10:04:08 INFO  State of current operation: PENDING
10:04:10 INFO  State of current operation: PENDING
10:04:12 INFO  State of current operation: PENDING
10:04:15 INFO  State of current operation: PENDING
10:04:17 INFO  State of current operation: PENDING
10:04:19 INFO  State of current operation: PENDING
10:04:21 INFO  State of current operation: PENDING
10:04:24 INFO  State of current operation: PENDING
10:04:26 INFO  State of current operation: PENDING
10:04:28 INFO  State of current operation: PENDING
10:04:30 INFO  State of current operation: PENDING
10:04:33 INFO  State of current operation: PENDING
10:04:35 INFO  State of current operation: PENDING
10:04:37 INFO  State of current operation: PENDING
10:04:39 INFO  State of current operation: PENDING
10:04:41 INFO  State of current operation: PENDING
10:04:44 INFO  State of current operation: PENDING
10:04:46 INFO  State of current operation: PENDING
10:04:48 INFO  State of current operation: PENDING
10:04:50 INFO  State of current operation: PENDING
10:04:53 INFO  State of current operation: PENDING
10:04:55 INFO  State of current operation: PENDING
10:04:57 INFO  State of current operation: PENDING
10:04:59 INFO  State of current operation: PENDING
10:05:01 INFO  State of current operation: PENDING
10:05:04 INFO  State of current operation: PENDING
10:05:06 INFO  State of current operation: PENDING
10:05:08 INFO  State of current operation: PENDING
10:05:10 INFO  State of current operation: PENDING
10:05:13 INFO  State of current operation: PENDING
10:05:15 INFO  State of current operation: PENDING
10:05:17 INFO  State of current operation: PENDING
10:05:19 INFO  State of current operation: PENDING
10:05:21 INFO  State of current operation: PENDING
10:05:24 INFO  State of current operation: PENDING
10:05:26 INFO  State of current operation: PENDING
10:05:28 INFO  State of current operation: PENDING
10:05:30 WARN  SystemError occurred while running test - Timeout while waiting for status FAILED or SUCCESSFUL
Traceback (most recent call last):
  File &quot;/home/pi/env-pysys/lib/python3.7/site-packages/pysys/baserunner.py&quot;, line 1292, in __call__
    self.testObj.setup()
  File &quot;/home/pi/actions-runner/_work/thin-edge.io/thin-edge.io/tests/PySys/software_management_end_to_end/sm_fake_install_remove_multiple/run.py&quot;, line 68, in setup
    super().setup()
  File &quot;/home/pi/actions-runner/_work/thin-edge.io/thin-edge.io/tests/PySys/software_management_end_to_end/environment_sm_management.py&quot;, line 151, in setup
    self.wait_until_end()
  File &quot;/home/pi/actions-runner/_work/thin-edge.io/thin-edge.io/tests/PySys/software_management_end_to_end/environment_sm_management.py&quot;, line 332, in wait_until_end
    self.wait_until_status(&quot;FAILED&quot;, &quot;SUCCESSFUL&quot;)
  File &quot;/home/pi/actions-runner/_work/thin-edge.io/thin-edge.io/tests/PySys/software_management_end_to_end/environment_sm_management.py&quot;, line 381, in wait_until_status
    &quot;Timeout while waiting for status %s or %s&quot; % (status, status2)
SystemError: Timeout while waiting for status FAILED or SUCCESSFUL
10:05:30 WARN  SystemError: Timeout while waiting for status FAILED or SUCCESSFUL ... blocked 
10:05:30 INFO  
10:05:30 INFO  cleanup:
10:05:34 INFO  Executed sudo&lt;tedge_disconnect_c8y&gt;, exit status 0
10:05:35 INFO  Executed systemctl&lt;serv_mapper5&gt;, exit status 3
10:05:35 INFO  
10:05:35 INFO  Test duration: 164.85 secs
10:05:35 INFO  Test final outcome:  BLOCKED
10:05:35 INFO  Test outcome reason: SystemError: Timeout while waiting for status FAILED or SUCCESSFUL
10:05:35 INFO  
</system-out>
	</testcase>
</testsuite>
