<?xml version="1.0" encoding="utf-8"?>
<testsuite failures="1" name="SoftwareManagement.sm_fake_install_remove" skipped="0" tests="1" time="166.0" timestamp="2022-04-15T10:21:16">
	<testcase classname="PySysTest" name="SoftwareManagement.sm_fake_install_remove">
		<failure message="BLOCKED: SystemError: Timeout while waiting for status FAILED or SUCCESSFUL" type="BLOCKED"/>
		<system-out>10:18:30 INFO  ==============================================================
10:18:30 INFO  Id:    SoftwareManagement.sm_fake_install_remove
10:18:30 INFO  Dir:   software_management_end_to_end/
10:18:30 INFO  Title: Validate end to end behaviour for the dummy plugin for installation and removal of packages
10:18:30 INFO  ==============================================================
10:18:30 INFO  Using sw id database: {'asciijump': '5475369', 'robotfindskitten': '5474869', 'squirrel3': '5475279', 'rolldice': '5152439', 'moon-buggy': '5439204', 'apple': '5495053', 'banana': '5494888', 'cherry': '5495382', 'watermelon': '5494510', 'registry': '8018911', 'hello-world': '8021526', 'docker/getting-started': '8021973', 'alpine': '7991792'}
10:18:30 INFO  EnvironmentC8y Setup
10:18:31 INFO  Executed systemctl&lt;serv_mapper1&gt;, exit status 3
10:18:31 INFO  Restarting mosquitto too frequently in the last 10 seconds. It was only up for 5 seconds
10:18:31 INFO  Delaying execution by 6 seconds
10:18:52 INFO  Executed sudo&lt;tedge_connect_c8y&gt;, exit status 0, duration 14 secs
10:18:53 INFO  Executed sudo&lt;tedge_connect_c8y_test&gt;, exit status 0
10:18:53 INFO  Executed systemctl&lt;serv_mosq2&gt;, exit status 0
10:18:54 INFO  Executed systemctl&lt;serv_mapper3&gt;, exit status 0
10:18:56 INFO  State of current operation: PENDING
10:18:58 INFO  State of current operation: PENDING
10:19:00 INFO  State of current operation: PENDING
10:19:02 INFO  State of current operation: PENDING
10:19:05 INFO  State of current operation: PENDING
10:19:07 INFO  State of current operation: PENDING
10:19:09 INFO  State of current operation: PENDING
10:19:11 INFO  State of current operation: PENDING
10:19:14 INFO  State of current operation: PENDING
10:19:16 INFO  State of current operation: PENDING
10:19:18 INFO  State of current operation: PENDING
10:19:20 INFO  State of current operation: PENDING
10:19:23 INFO  State of current operation: PENDING
10:19:25 INFO  State of current operation: PENDING
10:19:27 INFO  State of current operation: PENDING
10:19:29 INFO  State of current operation: PENDING
10:19:32 INFO  State of current operation: PENDING
10:19:34 INFO  State of current operation: PENDING
10:19:36 INFO  State of current operation: PENDING
10:19:38 INFO  State of current operation: PENDING
10:19:40 INFO  State of current operation: PENDING
10:19:43 INFO  State of current operation: PENDING
10:19:45 INFO  State of current operation: PENDING
10:19:47 INFO  State of current operation: PENDING
10:19:49 INFO  State of current operation: PENDING
10:19:52 INFO  State of current operation: PENDING
10:19:54 INFO  State of current operation: PENDING
10:19:56 INFO  State of current operation: PENDING
10:19:58 INFO  State of current operation: PENDING
10:20:01 INFO  State of current operation: PENDING
10:20:03 INFO  State of current operation: PENDING
10:20:05 INFO  State of current operation: PENDING
10:20:07 INFO  State of current operation: PENDING
10:20:09 INFO  State of current operation: PENDING
10:20:12 INFO  State of current operation: PENDING
10:20:14 INFO  State of current operation: PENDING
10:20:16 INFO  State of current operation: PENDING
10:20:18 INFO  State of current operation: PENDING
10:20:21 INFO  State of current operation: PENDING
10:20:23 INFO  State of current operation: PENDING
10:20:25 INFO  State of current operation: PENDING
10:20:27 INFO  State of current operation: PENDING
10:20:30 INFO  State of current operation: PENDING
10:20:32 INFO  State of current operation: PENDING
10:20:34 INFO  State of current operation: PENDING
10:20:36 INFO  State of current operation: PENDING
10:20:39 INFO  State of current operation: PENDING
10:20:41 INFO  State of current operation: PENDING
10:20:43 INFO  State of current operation: PENDING
10:20:45 INFO  State of current operation: PENDING
10:20:47 INFO  State of current operation: PENDING
10:20:50 INFO  State of current operation: PENDING
10:20:52 INFO  State of current operation: PENDING
10:20:54 INFO  State of current operation: PENDING
10:20:56 INFO  State of current operation: PENDING
10:20:59 INFO  State of current operation: PENDING
10:21:01 INFO  State of current operation: PENDING
10:21:03 INFO  State of current operation: PENDING
10:21:05 INFO  State of current operation: PENDING
10:21:07 INFO  State of current operation: PENDING
10:21:10 INFO  State of current operation: PENDING
10:21:12 WARN  SystemError occurred while running test - Timeout while waiting for status FAILED or SUCCESSFUL
Traceback (most recent call last):
  File &quot;/home/pi/env-pysys/lib/python3.7/site-packages/pysys/baserunner.py&quot;, line 1292, in __call__
    self.testObj.setup()
  File &quot;/home/pi/actions-runner/_work/thin-edge.io/thin-edge.io/tests/PySys/software_management_end_to_end/sm_fake_install_remove/run.py&quot;, line 38, in setup
    super().setup()
  File &quot;/home/pi/actions-runner/_work/thin-edge.io/thin-edge.io/tests/PySys/software_management_end_to_end/environment_sm_management.py&quot;, line 151, in setup
    self.wait_until_end()
  File &quot;/home/pi/actions-runner/_work/thin-edge.io/thin-edge.io/tests/PySys/software_management_end_to_end/environment_sm_management.py&quot;, line 332, in wait_until_end
    self.wait_until_status(&quot;FAILED&quot;, &quot;SUCCESSFUL&quot;)
  File &quot;/home/pi/actions-runner/_work/thin-edge.io/thin-edge.io/tests/PySys/software_management_end_to_end/environment_sm_management.py&quot;, line 381, in wait_until_status
    &quot;Timeout while waiting for status %s or %s&quot; % (status, status2)
SystemError: Timeout while waiting for status FAILED or SUCCESSFUL
10:21:12 WARN  SystemError: Timeout while waiting for status FAILED or SUCCESSFUL ... blocked 
10:21:12 INFO  
10:21:12 INFO  cleanup:
10:21:16 INFO  Executed sudo&lt;tedge_disconnect_c8y&gt;, exit status 0
10:21:16 INFO  Executed systemctl&lt;serv_mapper5&gt;, exit status 3
10:21:16 INFO  
10:21:16 INFO  Test duration: 166.00 secs
10:21:16 INFO  Test final outcome:  BLOCKED
10:21:16 INFO  Test outcome reason: SystemError: Timeout while waiting for status FAILED or SUCCESSFUL
10:21:16 INFO  
</system-out>
	</testcase>
</testsuite>
