<?xml version="1.0" encoding="utf-8"?>
<testsuite failures="1" name="SoftwareManagement.sm_apt_install_remove_with_version" skipped="0" tests="1" time="166.19" timestamp="2022-04-15T10:15:45">
	<testcase classname="PySysTest" name="SoftwareManagement.sm_apt_install_remove_with_version">
		<failure message="BLOCKED: SystemError: Timeout while waiting for status FAILED or SUCCESSFUL" type="BLOCKED"/>
		<system-out>10:12:59 INFO  ==============================================================
10:12:59 INFO  Id:    SoftwareManagement.sm_apt_install_remove_with_version
10:12:59 INFO  Dir:   software_management_end_to_end/
10:12:59 INFO  Title: Validate end to end behaviour for the apt plugin for packages with version
10:12:59 INFO  ==============================================================
10:12:59 INFO  Using sw id database: {'asciijump': '5475369', 'robotfindskitten': '5474869', 'squirrel3': '5475279', 'rolldice': '5152439', 'moon-buggy': '5439204', 'apple': '5495053', 'banana': '5494888', 'cherry': '5495382', 'watermelon': '5494510', 'registry': '8018911', 'hello-world': '8021526', 'docker/getting-started': '8021973', 'alpine': '7991792'}
10:12:59 INFO  EnvironmentC8y Setup
10:12:59 INFO  Executed systemctl&lt;serv_mapper1&gt;, exit status 3
10:12:59 INFO  Restarting mosquitto too frequently in the last 10 seconds. It was only up for 5 seconds
10:12:59 INFO  Delaying execution by 6 seconds
10:13:20 INFO  Executed sudo&lt;tedge_connect_c8y&gt;, exit status 0, duration 14 secs
10:13:21 INFO  Executed sudo&lt;tedge_connect_c8y_test&gt;, exit status 0
10:13:21 INFO  Executed systemctl&lt;serv_mosq2&gt;, exit status 0
10:13:22 INFO  Executed systemctl&lt;serv_mapper3&gt;, exit status 0
10:13:24 INFO  State of current operation: PENDING
10:13:26 INFO  State of current operation: PENDING
10:13:29 INFO  State of current operation: PENDING
10:13:31 INFO  State of current operation: PENDING
10:13:33 INFO  State of current operation: PENDING
10:13:35 INFO  State of current operation: PENDING
10:13:38 INFO  State of current operation: PENDING
10:13:40 INFO  State of current operation: PENDING
10:13:42 INFO  State of current operation: PENDING
10:13:44 INFO  State of current operation: PENDING
10:13:46 INFO  State of current operation: PENDING
10:13:49 INFO  State of current operation: PENDING
10:13:51 INFO  State of current operation: PENDING
10:13:53 INFO  State of current operation: PENDING
10:13:55 INFO  State of current operation: PENDING
10:13:58 INFO  State of current operation: PENDING
10:14:00 INFO  State of current operation: PENDING
10:14:02 INFO  State of current operation: PENDING
10:14:04 INFO  State of current operation: PENDING
10:14:07 INFO  State of current operation: PENDING
10:14:09 INFO  State of current operation: PENDING
10:14:11 INFO  State of current operation: PENDING
10:14:13 INFO  State of current operation: PENDING
10:14:15 INFO  State of current operation: PENDING
10:14:18 INFO  State of current operation: PENDING
10:14:20 INFO  State of current operation: PENDING
10:14:22 INFO  State of current operation: PENDING
10:14:24 INFO  State of current operation: PENDING
10:14:27 INFO  State of current operation: PENDING
10:14:29 INFO  State of current operation: PENDING
10:14:31 INFO  State of current operation: PENDING
10:14:33 INFO  State of current operation: PENDING
10:14:36 INFO  State of current operation: PENDING
10:14:38 INFO  State of current operation: PENDING
10:14:40 INFO  State of current operation: PENDING
10:14:42 INFO  State of current operation: PENDING
10:14:44 INFO  State of current operation: PENDING
10:14:47 INFO  State of current operation: PENDING
10:14:49 INFO  State of current operation: PENDING
10:14:51 INFO  State of current operation: PENDING
10:14:53 INFO  State of current operation: PENDING
10:14:56 INFO  State of current operation: PENDING
10:14:58 INFO  State of current operation: PENDING
10:15:00 INFO  State of current operation: PENDING
10:15:02 INFO  State of current operation: PENDING
10:15:05 INFO  State of current operation: PENDING
10:15:07 INFO  State of current operation: PENDING
10:15:09 INFO  State of current operation: PENDING
10:15:11 INFO  State of current operation: PENDING
10:15:14 INFO  State of current operation: PENDING
10:15:16 INFO  State of current operation: PENDING
10:15:18 INFO  State of current operation: PENDING
10:15:20 INFO  State of current operation: PENDING
10:15:22 INFO  State of current operation: PENDING
10:15:25 INFO  State of current operation: PENDING
10:15:27 INFO  State of current operation: PENDING
10:15:29 INFO  State of current operation: PENDING
10:15:31 INFO  State of current operation: PENDING
10:15:34 INFO  State of current operation: PENDING
10:15:36 INFO  State of current operation: PENDING
10:15:38 INFO  State of current operation: PENDING
10:15:40 WARN  SystemError occurred while running test - Timeout while waiting for status FAILED or SUCCESSFUL
Traceback (most recent call last):
  File &quot;/home/pi/env-pysys/lib/python3.7/site-packages/pysys/baserunner.py&quot;, line 1292, in __call__
    self.testObj.setup()
  File &quot;/home/pi/actions-runner/_work/thin-edge.io/thin-edge.io/tests/PySys/software_management_end_to_end/sm_apt_install_remove_with_version/run.py&quot;, line 27, in setup
    super().setup()
  File &quot;/home/pi/actions-runner/_work/thin-edge.io/thin-edge.io/tests/PySys/software_management_end_to_end/environment_sm_management.py&quot;, line 151, in setup
    self.wait_until_end()
  File &quot;/home/pi/actions-runner/_work/thin-edge.io/thin-edge.io/tests/PySys/software_management_end_to_end/environment_sm_management.py&quot;, line 332, in wait_until_end
    self.wait_until_status(&quot;FAILED&quot;, &quot;SUCCESSFUL&quot;)
  File &quot;/home/pi/actions-runner/_work/thin-edge.io/thin-edge.io/tests/PySys/software_management_end_to_end/environment_sm_management.py&quot;, line 381, in wait_until_status
    &quot;Timeout while waiting for status %s or %s&quot; % (status, status2)
SystemError: Timeout while waiting for status FAILED or SUCCESSFUL
10:15:40 WARN  SystemError: Timeout while waiting for status FAILED or SUCCESSFUL ... blocked 
10:15:40 INFO  
10:15:40 INFO  cleanup:
10:15:44 INFO  Executed sudo&lt;tedge_disconnect_c8y&gt;, exit status 0
10:15:45 INFO  Executed systemctl&lt;serv_mapper5&gt;, exit status 3
10:15:45 INFO  
10:15:45 INFO  Test duration: 166.19 secs
10:15:45 INFO  Test final outcome:  BLOCKED
10:15:45 INFO  Test outcome reason: SystemError: Timeout while waiting for status FAILED or SUCCESSFUL
10:15:45 INFO  
</system-out>
	</testcase>
</testsuite>
