<?xml version="1.0" encoding="utf-8"?>
<testsuite failures="1" name="SoftwareManagement.sm_fake_install_remove" skipped="0" tests="1" time="164.99" timestamp="2022-04-12T10:02:50">
	<testcase classname="PySysTest" name="SoftwareManagement.sm_fake_install_remove">
		<failure message="BLOCKED: SystemError: Timeout while waiting for status FAILED or SUCCESSFUL" type="BLOCKED"/>
		<system-out>10:00:05 INFO  ==============================================================
10:00:05 INFO  Id:    SoftwareManagement.sm_fake_install_remove
10:00:05 INFO  Dir:   software_management_end_to_end/
10:00:05 INFO  Title: Validate end to end behaviour for the dummy plugin for installation and removal of packages
10:00:05 INFO  ==============================================================
10:00:05 INFO  Using sw id database: {'asciijump': '5475369', 'robotfindskitten': '5474869', 'squirrel3': '5475279', 'rolldice': '5152439', 'moon-buggy': '5439204', 'apple': '5495053', 'banana': '5494888', 'cherry': '5495382', 'watermelon': '5494510', 'registry': '8018911', 'hello-world': '8021526', 'docker/getting-started': '8021973', 'alpine': '7991792'}
10:00:05 INFO  EnvironmentC8y Setup
10:00:06 INFO  Executed systemctl&lt;serv_mapper1&gt;, exit status 3
10:00:06 INFO  Restarting mosquitto too frequently in the last 10 seconds. It was only up for 5 seconds
10:00:06 INFO  Delaying execution by 6 seconds
10:00:26 INFO  Executed sudo&lt;tedge_connect_c8y&gt;, exit status 0, duration 14 secs
10:00:27 INFO  Executed sudo&lt;tedge_connect_c8y_test&gt;, exit status 0
10:00:27 INFO  Executed systemctl&lt;serv_mosq2&gt;, exit status 0
10:00:27 INFO  Executed systemctl&lt;serv_mapper3&gt;, exit status 0
10:00:30 INFO  State of current operation: PENDING
10:00:32 INFO  State of current operation: PENDING
10:00:34 INFO  State of current operation: PENDING
10:00:36 INFO  State of current operation: PENDING
10:00:39 INFO  State of current operation: PENDING
10:00:41 INFO  State of current operation: PENDING
10:00:43 INFO  State of current operation: PENDING
10:00:45 INFO  State of current operation: PENDING
10:00:47 INFO  State of current operation: PENDING
10:00:50 INFO  State of current operation: PENDING
10:00:52 INFO  State of current operation: PENDING
10:00:54 INFO  State of current operation: PENDING
10:00:56 INFO  State of current operation: PENDING
10:00:59 INFO  State of current operation: PENDING
10:01:01 INFO  State of current operation: PENDING
10:01:03 INFO  State of current operation: PENDING
10:01:05 INFO  State of current operation: PENDING
10:01:08 INFO  State of current operation: PENDING
10:01:10 INFO  State of current operation: PENDING
10:01:12 INFO  State of current operation: PENDING
10:01:14 INFO  State of current operation: PENDING
10:01:16 INFO  State of current operation: PENDING
10:01:19 INFO  State of current operation: PENDING
10:01:21 INFO  State of current operation: PENDING
10:01:23 INFO  State of current operation: PENDING
10:01:25 INFO  State of current operation: PENDING
10:01:28 INFO  State of current operation: PENDING
10:01:30 INFO  State of current operation: PENDING
10:01:32 INFO  State of current operation: PENDING
10:01:34 INFO  State of current operation: PENDING
10:01:36 INFO  State of current operation: PENDING
10:01:39 INFO  State of current operation: PENDING
10:01:41 INFO  State of current operation: PENDING
10:01:43 INFO  State of current operation: PENDING
10:01:45 INFO  State of current operation: PENDING
10:01:48 INFO  State of current operation: PENDING
10:01:50 INFO  State of current operation: PENDING
10:01:52 INFO  State of current operation: PENDING
10:01:54 INFO  State of current operation: PENDING
10:01:57 INFO  State of current operation: PENDING
10:01:59 INFO  State of current operation: PENDING
10:02:01 INFO  State of current operation: PENDING
10:02:03 INFO  State of current operation: PENDING
10:02:05 INFO  State of current operation: PENDING
10:02:08 INFO  State of current operation: PENDING
10:02:10 INFO  State of current operation: PENDING
10:02:12 INFO  State of current operation: PENDING
10:02:14 INFO  State of current operation: PENDING
10:02:17 INFO  State of current operation: PENDING
10:02:19 INFO  State of current operation: PENDING
10:02:21 INFO  State of current operation: PENDING
10:02:23 INFO  State of current operation: PENDING
10:02:25 INFO  State of current operation: PENDING
10:02:28 INFO  State of current operation: PENDING
10:02:30 INFO  State of current operation: PENDING
10:02:32 INFO  State of current operation: PENDING
10:02:34 INFO  State of current operation: PENDING
10:02:37 INFO  State of current operation: PENDING
10:02:39 INFO  State of current operation: PENDING
10:02:41 INFO  State of current operation: PENDING
10:02:43 INFO  State of current operation: PENDING
10:02:45 WARN  SystemError occurred while running test - Timeout while waiting for status FAILED or SUCCESSFUL
Traceback (most recent call last):
  File &quot;/home/pi/env-pysys/lib/python3.7/site-packages/pysys/baserunner.py&quot;, line 1292, in __call__
    self.testObj.setup()
  File &quot;/home/pi/actions-runner/_work/thin-edge.io/thin-edge.io/tests/PySys/software_management_end_to_end/sm_fake_install_remove/run.py&quot;, line 38, in setup
    super().setup()
  File &quot;/home/pi/actions-runner/_work/thin-edge.io/thin-edge.io/tests/PySys/software_management_end_to_end/environment_sm_management.py&quot;, line 151, in setup
    self.wait_until_end()
  File &quot;/home/pi/actions-runner/_work/thin-edge.io/thin-edge.io/tests/PySys/software_management_end_to_end/environment_sm_management.py&quot;, line 332, in wait_until_end
    self.wait_until_status(&quot;FAILED&quot;, &quot;SUCCESSFUL&quot;)
  File &quot;/home/pi/actions-runner/_work/thin-edge.io/thin-edge.io/tests/PySys/software_management_end_to_end/environment_sm_management.py&quot;, line 381, in wait_until_status
    &quot;Timeout while waiting for status %s or %s&quot; % (status, status2)
SystemError: Timeout while waiting for status FAILED or SUCCESSFUL
10:02:45 WARN  SystemError: Timeout while waiting for status FAILED or SUCCESSFUL ... blocked 
10:02:45 INFO  
10:02:45 INFO  cleanup:
10:02:49 INFO  Executed sudo&lt;tedge_disconnect_c8y&gt;, exit status 0
10:02:50 INFO  Executed systemctl&lt;serv_mapper5&gt;, exit status 3
10:02:50 INFO  
10:02:50 INFO  Test duration: 164.99 secs
10:02:50 INFO  Test final outcome:  BLOCKED
10:02:50 INFO  Test outcome reason: SystemError: Timeout while waiting for status FAILED or SUCCESSFUL
10:02:50 INFO  
</system-out>
	</testcase>
</testsuite>
