<?xml version="1.0" encoding="utf-8"?>
<testsuite failures="1" name="SoftwareManagement.sm_apt_install_download_path" skipped="0" tests="1" time="187.53" timestamp="2022-04-12T09:40:48">
	<testcase classname="AptInstallWithDownloadPath" name="SoftwareManagement.sm_apt_install_download_path">
		<failure message="BLOCKED: SystemError: Timeout while waiting for status FAILED or SUCCESSFUL" type="BLOCKED"/>
		<system-out>09:37:41 INFO  ==============================================================
09:37:41 INFO  Id:    SoftwareManagement.sm_apt_install_download_path
09:37:41 INFO  Dir:   software_management_end_to_end/
09:37:41 INFO  Title: Install package to directory specified in tedge config set tmp.path
09:37:41 INFO  ==============================================================
09:37:42 INFO  Using sw id database: {'asciijump': '5475369', 'robotfindskitten': '5474869', 'squirrel3': '5475279', 'rolldice': '5152439', 'moon-buggy': '5439204', 'apple': '5495053', 'banana': '5494888', 'cherry': '5495382', 'watermelon': '5494510', 'registry': '8018911', 'hello-world': '8021526', 'docker/getting-started': '8021973', 'alpine': '7991792'}
09:37:42 INFO  EnvironmentC8y Setup
09:37:43 INFO  Executed systemctl&lt;serv_mapper1&gt;, exit status 3
09:37:57 INFO  Executed sudo&lt;tedge_connect_c8y&gt;, exit status 0, duration 14 secs
09:37:58 INFO  Executed sudo&lt;tedge_connect_c8y_test&gt;, exit status 0
09:37:58 INFO  Executed systemctl&lt;serv_mosq2&gt;, exit status 0
09:37:59 INFO  Executed systemctl&lt;serv_mapper3&gt;, exit status 0
09:38:01 INFO  State of current operation: PENDING
09:38:03 INFO  State of current operation: PENDING
09:38:05 INFO  State of current operation: PENDING
09:38:07 INFO  State of current operation: PENDING
09:38:10 INFO  State of current operation: PENDING
09:38:12 INFO  State of current operation: PENDING
09:38:14 INFO  State of current operation: PENDING
09:38:16 INFO  State of current operation: PENDING
09:38:19 INFO  State of current operation: PENDING
09:38:21 INFO  State of current operation: PENDING
09:38:23 INFO  State of current operation: PENDING
09:38:25 INFO  State of current operation: PENDING
09:38:27 INFO  State of current operation: PENDING
09:38:30 INFO  State of current operation: PENDING
09:38:32 INFO  State of current operation: PENDING
09:38:34 INFO  State of current operation: PENDING
09:38:36 INFO  State of current operation: PENDING
09:38:39 INFO  State of current operation: PENDING
09:38:41 INFO  State of current operation: PENDING
09:38:43 INFO  State of current operation: PENDING
09:38:45 INFO  State of current operation: PENDING
09:38:47 INFO  State of current operation: PENDING
09:38:50 INFO  State of current operation: PENDING
09:38:52 INFO  State of current operation: PENDING
09:38:54 INFO  State of current operation: PENDING
09:38:56 INFO  State of current operation: PENDING
09:38:58 INFO  State of current operation: PENDING
09:39:01 INFO  State of current operation: PENDING
09:39:03 INFO  State of current operation: PENDING
09:39:05 INFO  State of current operation: PENDING
09:39:07 INFO  State of current operation: PENDING
09:39:10 INFO  State of current operation: PENDING
09:39:12 INFO  State of current operation: PENDING
09:39:14 INFO  State of current operation: PENDING
09:39:16 INFO  State of current operation: PENDING
09:39:18 INFO  State of current operation: PENDING
09:39:21 INFO  State of current operation: PENDING
09:39:23 INFO  State of current operation: PENDING
09:39:25 INFO  State of current operation: PENDING
09:39:27 INFO  State of current operation: PENDING
09:39:30 INFO  State of current operation: PENDING
09:39:32 INFO  State of current operation: PENDING
09:39:34 INFO  State of current operation: PENDING
09:39:36 INFO  State of current operation: PENDING
09:39:38 INFO  State of current operation: PENDING
09:39:41 INFO  State of current operation: PENDING
09:39:43 INFO  State of current operation: PENDING
09:39:45 INFO  State of current operation: PENDING
09:39:47 INFO  State of current operation: PENDING
09:39:50 INFO  State of current operation: PENDING
09:39:52 INFO  State of current operation: PENDING
09:39:54 INFO  State of current operation: PENDING
09:39:56 INFO  State of current operation: PENDING
09:39:58 INFO  State of current operation: PENDING
09:40:01 INFO  State of current operation: PENDING
09:40:03 INFO  State of current operation: PENDING
09:40:05 INFO  State of current operation: PENDING
09:40:07 INFO  State of current operation: PENDING
09:40:10 INFO  State of current operation: PENDING
09:40:12 INFO  State of current operation: PENDING
09:40:14 INFO  State of current operation: PENDING
09:40:16 WARN  SystemError occurred while running test - Timeout while waiting for status FAILED or SUCCESSFUL
Traceback (most recent call last):
  File &quot;/home/pi/env-pysys/lib/python3.7/site-packages/pysys/baserunner.py&quot;, line 1292, in __call__
    self.testObj.setup()
  File &quot;/home/pi/actions-runner/_work/thin-edge.io/thin-edge.io/tests/PySys/software_management_end_to_end/sm_apt_install_download_path/run.py&quot;, line 48, in setup
    super().setup()
  File &quot;/home/pi/actions-runner/_work/thin-edge.io/thin-edge.io/tests/PySys/software_management_end_to_end/environment_sm_management.py&quot;, line 151, in setup
    self.wait_until_end()
  File &quot;/home/pi/actions-runner/_work/thin-edge.io/thin-edge.io/tests/PySys/software_management_end_to_end/environment_sm_management.py&quot;, line 332, in wait_until_end
    self.wait_until_status(&quot;FAILED&quot;, &quot;SUCCESSFUL&quot;)
  File &quot;/home/pi/actions-runner/_work/thin-edge.io/thin-edge.io/tests/PySys/software_management_end_to_end/environment_sm_management.py&quot;, line 381, in wait_until_status
    &quot;Timeout while waiting for status %s or %s&quot; % (status, status2)
SystemError: Timeout while waiting for status FAILED or SUCCESSFUL
09:40:16 WARN  SystemError: Timeout while waiting for status FAILED or SUCCESSFUL ... blocked 
09:40:16 INFO  
09:40:16 INFO  cleanup:
09:40:17 INFO  Executed sudo, exit status 0
09:40:17 INFO  Executed sudo, exit status 0
09:40:21 INFO  Executed sudo&lt;tedge_disconnect_c8y&gt;, exit status 0
09:40:21 INFO  Restarting mosquitto too frequently in the last 10 seconds. It was only up for 3 seconds
09:40:21 INFO  Delaying execution by 8 seconds
09:40:43 INFO  Executed sudo&lt;tedge_connect_c8y&gt;, exit status 0, duration 14 secs
09:40:48 INFO  Executed sudo&lt;tedge_disconnect_c8y&gt;, exit status 0
09:40:48 INFO  Executed systemctl&lt;serv_mapper5&gt;, exit status 3
09:40:48 INFO  
09:40:48 INFO  Test duration: 187.53 secs
09:40:48 INFO  Test final outcome:  BLOCKED
09:40:48 INFO  Test outcome reason: SystemError: Timeout while waiting for status FAILED or SUCCESSFUL
09:40:48 INFO  
</system-out>
	</testcase>
</testsuite>
