<?xml version="1.0" encoding="utf-8"?>
<testsuite failures="1" name="SoftwareManagement.sm_apt_install_remove_multiple" skipped="0" tests="1" time="165.99" timestamp="2022-04-15T10:10:13">
	<testcase classname="PySysTest" name="SoftwareManagement.sm_apt_install_remove_multiple">
		<failure message="BLOCKED: SystemError: Timeout while waiting for status FAILED or SUCCESSFUL" type="BLOCKED"/>
		<system-out>10:07:27 INFO  ==============================================================
10:07:27 INFO  Id:    SoftwareManagement.sm_apt_install_remove_multiple
10:07:27 INFO  Dir:   software_management_end_to_end/
10:07:27 INFO  Title: Validate end to end behaviour for the apt plugin for multiple packages
10:07:27 INFO  ==============================================================
10:07:27 INFO  Using sw id database: {'asciijump': '5475369', 'robotfindskitten': '5474869', 'squirrel3': '5475279', 'rolldice': '5152439', 'moon-buggy': '5439204', 'apple': '5495053', 'banana': '5494888', 'cherry': '5495382', 'watermelon': '5494510', 'registry': '8018911', 'hello-world': '8021526', 'docker/getting-started': '8021973', 'alpine': '7991792'}
10:07:27 INFO  EnvironmentC8y Setup
10:07:28 INFO  Executed systemctl&lt;serv_mapper1&gt;, exit status 3
10:07:28 INFO  Restarting mosquitto too frequently in the last 10 seconds. It was only up for 5 seconds
10:07:28 INFO  Delaying execution by 6 seconds
10:07:48 INFO  Executed sudo&lt;tedge_connect_c8y&gt;, exit status 0, duration 14 secs
10:07:49 INFO  Executed sudo&lt;tedge_connect_c8y_test&gt;, exit status 0
10:07:49 INFO  Executed systemctl&lt;serv_mosq2&gt;, exit status 0
10:07:50 INFO  Executed systemctl&lt;serv_mapper3&gt;, exit status 0
10:07:52 INFO  State of current operation: PENDING
10:07:54 INFO  State of current operation: PENDING
10:07:57 INFO  State of current operation: PENDING
10:07:59 INFO  State of current operation: PENDING
10:08:01 INFO  State of current operation: PENDING
10:08:03 INFO  State of current operation: PENDING
10:08:06 INFO  State of current operation: PENDING
10:08:08 INFO  State of current operation: PENDING
10:08:10 INFO  State of current operation: PENDING
10:08:12 INFO  State of current operation: PENDING
10:08:14 INFO  State of current operation: PENDING
10:08:17 INFO  State of current operation: PENDING
10:08:19 INFO  State of current operation: PENDING
10:08:21 INFO  State of current operation: PENDING
10:08:23 INFO  State of current operation: PENDING
10:08:26 INFO  State of current operation: PENDING
10:08:28 INFO  State of current operation: PENDING
10:08:30 INFO  State of current operation: PENDING
10:08:32 INFO  State of current operation: PENDING
10:08:35 INFO  State of current operation: PENDING
10:08:37 INFO  State of current operation: PENDING
10:08:39 INFO  State of current operation: PENDING
10:08:41 INFO  State of current operation: PENDING
10:08:43 INFO  State of current operation: PENDING
10:08:46 INFO  State of current operation: PENDING
10:08:48 INFO  State of current operation: PENDING
10:08:50 INFO  State of current operation: PENDING
10:08:52 INFO  State of current operation: PENDING
10:08:55 INFO  State of current operation: PENDING
10:08:57 INFO  State of current operation: PENDING
10:08:59 INFO  State of current operation: PENDING
10:09:01 INFO  State of current operation: PENDING
10:09:03 INFO  State of current operation: PENDING
10:09:06 INFO  State of current operation: PENDING
10:09:08 INFO  State of current operation: PENDING
10:09:10 INFO  State of current operation: PENDING
10:09:12 INFO  State of current operation: PENDING
10:09:15 INFO  State of current operation: PENDING
10:09:17 INFO  State of current operation: PENDING
10:09:19 INFO  State of current operation: PENDING
10:09:21 INFO  State of current operation: PENDING
10:09:24 INFO  State of current operation: PENDING
10:09:26 INFO  State of current operation: PENDING
10:09:28 INFO  State of current operation: PENDING
10:09:30 INFO  State of current operation: PENDING
10:09:32 INFO  State of current operation: PENDING
10:09:35 INFO  State of current operation: PENDING
10:09:37 INFO  State of current operation: PENDING
10:09:39 INFO  State of current operation: PENDING
10:09:42 INFO  State of current operation: PENDING
10:09:44 INFO  State of current operation: PENDING
10:09:46 INFO  State of current operation: PENDING
10:09:48 INFO  State of current operation: PENDING
10:09:51 INFO  State of current operation: PENDING
10:09:53 INFO  State of current operation: PENDING
10:09:55 INFO  State of current operation: PENDING
10:09:57 INFO  State of current operation: PENDING
10:09:59 INFO  State of current operation: PENDING
10:10:02 INFO  State of current operation: PENDING
10:10:04 INFO  State of current operation: PENDING
10:10:06 INFO  State of current operation: PENDING
10:10:08 WARN  SystemError occurred while running test - Timeout while waiting for status FAILED or SUCCESSFUL
Traceback (most recent call last):
  File &quot;/home/pi/env-pysys/lib/python3.7/site-packages/pysys/baserunner.py&quot;, line 1292, in __call__
    self.testObj.setup()
  File &quot;/home/pi/actions-runner/_work/thin-edge.io/thin-edge.io/tests/PySys/software_management_end_to_end/sm_apt_install_remove_multiple/run.py&quot;, line 52, in setup
    super().setup()
  File &quot;/home/pi/actions-runner/_work/thin-edge.io/thin-edge.io/tests/PySys/software_management_end_to_end/environment_sm_management.py&quot;, line 151, in setup
    self.wait_until_end()
  File &quot;/home/pi/actions-runner/_work/thin-edge.io/thin-edge.io/tests/PySys/software_management_end_to_end/environment_sm_management.py&quot;, line 332, in wait_until_end
    self.wait_until_status(&quot;FAILED&quot;, &quot;SUCCESSFUL&quot;)
  File &quot;/home/pi/actions-runner/_work/thin-edge.io/thin-edge.io/tests/PySys/software_management_end_to_end/environment_sm_management.py&quot;, line 381, in wait_until_status
    &quot;Timeout while waiting for status %s or %s&quot; % (status, status2)
SystemError: Timeout while waiting for status FAILED or SUCCESSFUL
10:10:08 WARN  SystemError: Timeout while waiting for status FAILED or SUCCESSFUL ... blocked 
10:10:08 INFO  
10:10:08 INFO  cleanup:
10:10:12 INFO  Executed sudo&lt;tedge_disconnect_c8y&gt;, exit status 0
10:10:13 INFO  Executed systemctl&lt;serv_mapper5&gt;, exit status 3
10:10:13 INFO  
10:10:13 INFO  Test duration: 165.99 secs
10:10:13 INFO  Test final outcome:  BLOCKED
10:10:13 INFO  Test outcome reason: SystemError: Timeout while waiting for status FAILED or SUCCESSFUL
10:10:13 INFO  
</system-out>
	</testcase>
</testsuite>
