<?xml version="1.0" encoding="utf-8"?>
<testsuite failures="1" name="SoftwareManagement.sm_docker_install_remove_multiple" skipped="0" tests="1" time="165.54" timestamp="2022-04-15T10:18:30">
	<testcase classname="SMDockerInstallRemove" name="SoftwareManagement.sm_docker_install_remove_multiple">
		<failure message="BLOCKED: SystemError: Timeout while waiting for status FAILED or SUCCESSFUL" type="BLOCKED"/>
		<system-out>10:15:45 INFO  ==============================================================
10:15:45 INFO  Id:    SoftwareManagement.sm_docker_install_remove_multiple
10:15:45 INFO  Dir:   software_management_end_to_end/
10:15:45 INFO  Title: Validate end to end behaviour for the docker plugin for multiple docker images with mixed versions
10:15:45 INFO  ==============================================================
10:15:45 INFO  Using sw id database: {'asciijump': '5475369', 'robotfindskitten': '5474869', 'squirrel3': '5475279', 'rolldice': '5152439', 'moon-buggy': '5439204', 'apple': '5495053', 'banana': '5494888', 'cherry': '5495382', 'watermelon': '5494510', 'registry': '8018911', 'hello-world': '8021526', 'docker/getting-started': '8021973', 'alpine': '7991792'}
10:15:45 INFO  EnvironmentC8y Setup
10:15:45 INFO  Executed systemctl&lt;serv_mapper1&gt;, exit status 3
10:15:46 INFO  Restarting mosquitto too frequently in the last 10 seconds. It was only up for 5 seconds
10:15:46 INFO  Delaying execution by 6 seconds
10:16:06 INFO  Executed sudo&lt;tedge_connect_c8y&gt;, exit status 0, duration 13 secs
10:16:06 INFO  Executed sudo&lt;tedge_connect_c8y_test&gt;, exit status 0
10:16:07 INFO  Executed systemctl&lt;serv_mosq2&gt;, exit status 0
10:16:07 INFO  Executed systemctl&lt;serv_mapper3&gt;, exit status 0
10:16:10 INFO  State of current operation: PENDING
10:16:12 INFO  State of current operation: PENDING
10:16:14 INFO  State of current operation: PENDING
10:16:16 INFO  State of current operation: PENDING
10:16:18 INFO  State of current operation: PENDING
10:16:21 INFO  State of current operation: PENDING
10:16:23 INFO  State of current operation: PENDING
10:16:25 INFO  State of current operation: PENDING
10:16:27 INFO  State of current operation: PENDING
10:16:30 INFO  State of current operation: PENDING
10:16:32 INFO  State of current operation: PENDING
10:16:34 INFO  State of current operation: PENDING
10:16:36 INFO  State of current operation: PENDING
10:16:39 INFO  State of current operation: PENDING
10:16:41 INFO  State of current operation: PENDING
10:16:43 INFO  State of current operation: PENDING
10:16:45 INFO  State of current operation: PENDING
10:16:47 INFO  State of current operation: PENDING
10:16:50 INFO  State of current operation: PENDING
10:16:52 INFO  State of current operation: PENDING
10:16:54 INFO  State of current operation: PENDING
10:16:56 INFO  State of current operation: PENDING
10:16:59 INFO  State of current operation: PENDING
10:17:01 INFO  State of current operation: PENDING
10:17:03 INFO  State of current operation: PENDING
10:17:05 INFO  State of current operation: PENDING
10:17:08 INFO  State of current operation: PENDING
10:17:10 INFO  State of current operation: PENDING
10:17:12 INFO  State of current operation: PENDING
10:17:14 INFO  State of current operation: PENDING
10:17:16 INFO  State of current operation: PENDING
10:17:19 INFO  State of current operation: PENDING
10:17:21 INFO  State of current operation: PENDING
10:17:23 INFO  State of current operation: PENDING
10:17:25 INFO  State of current operation: PENDING
10:17:28 INFO  State of current operation: PENDING
10:17:30 INFO  State of current operation: PENDING
10:17:32 INFO  State of current operation: PENDING
10:17:34 INFO  State of current operation: PENDING
10:17:36 INFO  State of current operation: PENDING
10:17:39 INFO  State of current operation: PENDING
10:17:41 INFO  State of current operation: PENDING
10:17:43 INFO  State of current operation: PENDING
10:17:45 INFO  State of current operation: PENDING
10:17:48 INFO  State of current operation: PENDING
10:17:50 INFO  State of current operation: PENDING
10:17:52 INFO  State of current operation: PENDING
10:17:54 INFO  State of current operation: PENDING
10:17:57 INFO  State of current operation: PENDING
10:17:59 INFO  State of current operation: PENDING
10:18:01 INFO  State of current operation: PENDING
10:18:03 INFO  State of current operation: PENDING
10:18:05 INFO  State of current operation: PENDING
10:18:08 INFO  State of current operation: PENDING
10:18:10 INFO  State of current operation: PENDING
10:18:12 INFO  State of current operation: PENDING
10:18:14 INFO  State of current operation: PENDING
10:18:17 INFO  State of current operation: PENDING
10:18:19 INFO  State of current operation: PENDING
10:18:21 INFO  State of current operation: PENDING
10:18:23 INFO  State of current operation: PENDING
10:18:25 WARN  SystemError occurred while running test - Timeout while waiting for status FAILED or SUCCESSFUL
Traceback (most recent call last):
  File &quot;/home/pi/env-pysys/lib/python3.7/site-packages/pysys/baserunner.py&quot;, line 1292, in __call__
    self.testObj.setup()
  File &quot;/home/pi/actions-runner/_work/thin-edge.io/thin-edge.io/tests/PySys/software_management_end_to_end/sm_docker_install_remove_multiple/run.py&quot;, line 29, in setup
    super().setup()
  File &quot;/home/pi/actions-runner/_work/thin-edge.io/thin-edge.io/tests/PySys/software_management_end_to_end/environment_sm_management.py&quot;, line 151, in setup
    self.wait_until_end()
  File &quot;/home/pi/actions-runner/_work/thin-edge.io/thin-edge.io/tests/PySys/software_management_end_to_end/environment_sm_management.py&quot;, line 332, in wait_until_end
    self.wait_until_status(&quot;FAILED&quot;, &quot;SUCCESSFUL&quot;)
  File &quot;/home/pi/actions-runner/_work/thin-edge.io/thin-edge.io/tests/PySys/software_management_end_to_end/environment_sm_management.py&quot;, line 381, in wait_until_status
    &quot;Timeout while waiting for status %s or %s&quot; % (status, status2)
SystemError: Timeout while waiting for status FAILED or SUCCESSFUL
10:18:25 WARN  SystemError: Timeout while waiting for status FAILED or SUCCESSFUL ... blocked 
10:18:25 INFO  
10:18:25 INFO  cleanup:
10:18:30 INFO  Executed sudo&lt;tedge_disconnect_c8y&gt;, exit status 0
10:18:30 INFO  Executed systemctl&lt;serv_mapper5&gt;, exit status 3
10:18:30 INFO  
10:18:30 INFO  Test duration: 165.54 secs
10:18:30 INFO  Test final outcome:  BLOCKED
10:18:30 INFO  Test outcome reason: SystemError: Timeout while waiting for status FAILED or SUCCESSFUL
10:18:30 INFO  
</system-out>
	</testcase>
</testsuite>
