<?xml version="1.0" encoding="utf-8"?>
<testsuite failures="1" name="SoftwareManagement.sm_apt_install_remove" skipped="0" tests="1" time="164.93" timestamp="2022-04-12T09:46:18">
	<testcase classname="PySysTest" name="SoftwareManagement.sm_apt_install_remove">
		<failure message="BLOCKED: SystemError: Timeout while waiting for status FAILED or SUCCESSFUL" type="BLOCKED"/>
		<system-out>09:43:33 INFO  ==============================================================
09:43:33 INFO  Id:    SoftwareManagement.sm_apt_install_remove
09:43:33 INFO  Dir:   software_management_end_to_end/
09:43:33 INFO  Title: Validate end to end behaviour for the apt plugin for installation and removal of packages
09:43:33 INFO  ==============================================================
09:43:33 INFO  Using sw id database: {'asciijump': '5475369', 'robotfindskitten': '5474869', 'squirrel3': '5475279', 'rolldice': '5152439', 'moon-buggy': '5439204', 'apple': '5495053', 'banana': '5494888', 'cherry': '5495382', 'watermelon': '5494510', 'registry': '8018911', 'hello-world': '8021526', 'docker/getting-started': '8021973', 'alpine': '7991792'}
09:43:33 INFO  EnvironmentC8y Setup
09:43:34 INFO  Executed systemctl&lt;serv_mapper1&gt;, exit status 3
09:43:34 INFO  Restarting mosquitto too frequently in the last 10 seconds. It was only up for 5 seconds
09:43:34 INFO  Delaying execution by 6 seconds
09:43:54 INFO  Executed sudo&lt;tedge_connect_c8y&gt;, exit status 0, duration 14 secs
09:43:55 INFO  Executed sudo&lt;tedge_connect_c8y_test&gt;, exit status 0
09:43:55 INFO  Executed systemctl&lt;serv_mosq2&gt;, exit status 0
09:43:56 INFO  Executed systemctl&lt;serv_mapper3&gt;, exit status 0
09:43:58 INFO  State of current operation: PENDING
09:44:00 INFO  State of current operation: PENDING
09:44:02 INFO  State of current operation: PENDING
09:44:05 INFO  State of current operation: PENDING
09:44:07 INFO  State of current operation: PENDING
09:44:09 INFO  State of current operation: PENDING
09:44:11 INFO  State of current operation: PENDING
09:44:13 INFO  State of current operation: PENDING
09:44:16 INFO  State of current operation: PENDING
09:44:18 INFO  State of current operation: PENDING
09:44:20 INFO  State of current operation: PENDING
09:44:22 INFO  State of current operation: PENDING
09:44:25 INFO  State of current operation: PENDING
09:44:27 INFO  State of current operation: PENDING
09:44:29 INFO  State of current operation: PENDING
09:44:31 INFO  State of current operation: PENDING
09:44:33 INFO  State of current operation: PENDING
09:44:36 INFO  State of current operation: PENDING
09:44:38 INFO  State of current operation: PENDING
09:44:40 INFO  State of current operation: PENDING
09:44:42 INFO  State of current operation: PENDING
09:44:45 INFO  State of current operation: PENDING
09:44:47 INFO  State of current operation: PENDING
09:44:49 INFO  State of current operation: PENDING
09:44:51 INFO  State of current operation: PENDING
09:44:53 INFO  State of current operation: PENDING
09:44:56 INFO  State of current operation: PENDING
09:44:58 INFO  State of current operation: PENDING
09:45:00 INFO  State of current operation: PENDING
09:45:02 INFO  State of current operation: PENDING
09:45:05 INFO  State of current operation: PENDING
09:45:07 INFO  State of current operation: PENDING
09:45:09 INFO  State of current operation: PENDING
09:45:11 INFO  State of current operation: PENDING
09:45:13 INFO  State of current operation: PENDING
09:45:16 INFO  State of current operation: PENDING
09:45:18 INFO  State of current operation: PENDING
09:45:20 INFO  State of current operation: PENDING
09:45:22 INFO  State of current operation: PENDING
09:45:25 INFO  State of current operation: PENDING
09:45:27 INFO  State of current operation: PENDING
09:45:29 INFO  State of current operation: PENDING
09:45:31 INFO  State of current operation: PENDING
09:45:33 INFO  State of current operation: PENDING
09:45:36 INFO  State of current operation: PENDING
09:45:38 INFO  State of current operation: PENDING
09:45:40 INFO  State of current operation: PENDING
09:45:42 INFO  State of current operation: PENDING
09:45:45 INFO  State of current operation: PENDING
09:45:47 INFO  State of current operation: PENDING
09:45:49 INFO  State of current operation: PENDING
09:45:51 INFO  State of current operation: PENDING
09:45:53 INFO  State of current operation: PENDING
09:45:56 INFO  State of current operation: PENDING
09:45:58 INFO  State of current operation: PENDING
09:46:00 INFO  State of current operation: PENDING
09:46:02 INFO  State of current operation: PENDING
09:46:05 INFO  State of current operation: PENDING
09:46:07 INFO  State of current operation: PENDING
09:46:09 INFO  State of current operation: PENDING
09:46:11 INFO  State of current operation: PENDING
09:46:13 WARN  SystemError occurred while running test - Timeout while waiting for status FAILED or SUCCESSFUL
Traceback (most recent call last):
  File &quot;/home/pi/env-pysys/lib/python3.7/site-packages/pysys/baserunner.py&quot;, line 1292, in __call__
    self.testObj.setup()
  File &quot;/home/pi/actions-runner/_work/thin-edge.io/thin-edge.io/tests/PySys/software_management_end_to_end/sm_apt_install_remove/run.py&quot;, line 27, in setup
    super().setup()
  File &quot;/home/pi/actions-runner/_work/thin-edge.io/thin-edge.io/tests/PySys/software_management_end_to_end/environment_sm_management.py&quot;, line 151, in setup
    self.wait_until_end()
  File &quot;/home/pi/actions-runner/_work/thin-edge.io/thin-edge.io/tests/PySys/software_management_end_to_end/environment_sm_management.py&quot;, line 332, in wait_until_end
    self.wait_until_status(&quot;FAILED&quot;, &quot;SUCCESSFUL&quot;)
  File &quot;/home/pi/actions-runner/_work/thin-edge.io/thin-edge.io/tests/PySys/software_management_end_to_end/environment_sm_management.py&quot;, line 381, in wait_until_status
    &quot;Timeout while waiting for status %s or %s&quot; % (status, status2)
SystemError: Timeout while waiting for status FAILED or SUCCESSFUL
09:46:13 WARN  SystemError: Timeout while waiting for status FAILED or SUCCESSFUL ... blocked 
09:46:13 INFO  
09:46:13 INFO  cleanup:
09:46:18 INFO  Executed sudo&lt;tedge_disconnect_c8y&gt;, exit status 0
09:46:18 INFO  Executed systemctl&lt;serv_mapper5&gt;, exit status 3
09:46:18 INFO  
09:46:18 INFO  Test duration: 164.93 secs
09:46:18 INFO  Test final outcome:  BLOCKED
09:46:18 INFO  Test outcome reason: SystemError: Timeout while waiting for status FAILED or SUCCESSFUL
09:46:18 INFO  
</system-out>
	</testcase>
</testsuite>
