<?xml version="1.0" encoding="utf-8"?>
<testsuite failures="1" name="SoftwareManagement.sm_apt_install_remove_multiple_mixed" skipped="0" tests="1" time="165.62" timestamp="2022-04-15T10:12:59">
	<testcase classname="PySysTest" name="SoftwareManagement.sm_apt_install_remove_multiple_mixed">
		<failure message="BLOCKED: SystemError: Timeout while waiting for status FAILED or SUCCESSFUL" type="BLOCKED"/>
		<system-out>10:10:13 INFO  ==============================================================
10:10:13 INFO  Id:    SoftwareManagement.sm_apt_install_remove_multiple_mixed
10:10:13 INFO  Dir:   software_management_end_to_end/
10:10:13 INFO  Title: Validate end to end behaviour for the apt plugin for multiple packages with mixed versions
10:10:13 INFO  ==============================================================
10:10:13 INFO  Using sw id database: {'asciijump': '5475369', 'robotfindskitten': '5474869', 'squirrel3': '5475279', 'rolldice': '5152439', 'moon-buggy': '5439204', 'apple': '5495053', 'banana': '5494888', 'cherry': '5495382', 'watermelon': '5494510', 'registry': '8018911', 'hello-world': '8021526', 'docker/getting-started': '8021973', 'alpine': '7991792'}
10:10:13 INFO  EnvironmentC8y Setup
10:10:14 INFO  Executed systemctl&lt;serv_mapper1&gt;, exit status 3
10:10:14 INFO  Restarting mosquitto too frequently in the last 10 seconds. It was only up for 5 seconds
10:10:14 INFO  Delaying execution by 6 seconds
10:10:34 INFO  Executed sudo&lt;tedge_connect_c8y&gt;, exit status 0, duration 14 secs
10:10:34 INFO  Executed sudo&lt;tedge_connect_c8y_test&gt;, exit status 0
10:10:35 INFO  Executed systemctl&lt;serv_mosq2&gt;, exit status 0
10:10:35 INFO  Executed systemctl&lt;serv_mapper3&gt;, exit status 0
10:10:38 INFO  State of current operation: PENDING
10:10:40 INFO  State of current operation: PENDING
10:10:42 INFO  State of current operation: PENDING
10:10:44 INFO  State of current operation: PENDING
10:10:47 INFO  State of current operation: PENDING
10:10:49 INFO  State of current operation: PENDING
10:10:51 INFO  State of current operation: PENDING
10:10:53 INFO  State of current operation: PENDING
10:10:56 INFO  State of current operation: PENDING
10:10:58 INFO  State of current operation: PENDING
10:11:00 INFO  State of current operation: PENDING
10:11:02 INFO  State of current operation: PENDING
10:11:04 INFO  State of current operation: PENDING
10:11:07 INFO  State of current operation: PENDING
10:11:09 INFO  State of current operation: PENDING
10:11:11 INFO  State of current operation: PENDING
10:11:13 INFO  State of current operation: PENDING
10:11:16 INFO  State of current operation: PENDING
10:11:18 INFO  State of current operation: PENDING
10:11:20 INFO  State of current operation: PENDING
10:11:22 INFO  State of current operation: PENDING
10:11:24 INFO  State of current operation: PENDING
10:11:27 INFO  State of current operation: PENDING
10:11:29 INFO  State of current operation: PENDING
10:11:31 INFO  State of current operation: PENDING
10:11:33 INFO  State of current operation: PENDING
10:11:36 INFO  State of current operation: PENDING
10:11:38 INFO  State of current operation: PENDING
10:11:40 INFO  State of current operation: PENDING
10:11:42 INFO  State of current operation: PENDING
10:11:44 INFO  State of current operation: PENDING
10:11:47 INFO  State of current operation: PENDING
10:11:49 INFO  State of current operation: PENDING
10:11:51 INFO  State of current operation: PENDING
10:11:53 INFO  State of current operation: PENDING
10:11:56 INFO  State of current operation: PENDING
10:11:58 INFO  State of current operation: PENDING
10:12:00 INFO  State of current operation: PENDING
10:12:02 INFO  State of current operation: PENDING
10:12:05 INFO  State of current operation: PENDING
10:12:07 INFO  State of current operation: PENDING
10:12:09 INFO  State of current operation: PENDING
10:12:11 INFO  State of current operation: PENDING
10:12:13 INFO  State of current operation: PENDING
10:12:16 INFO  State of current operation: PENDING
10:12:18 INFO  State of current operation: PENDING
10:12:20 INFO  State of current operation: PENDING
10:12:22 INFO  State of current operation: PENDING
10:12:25 INFO  State of current operation: PENDING
10:12:27 INFO  State of current operation: PENDING
10:12:29 INFO  State of current operation: PENDING
10:12:31 INFO  State of current operation: PENDING
10:12:34 INFO  State of current operation: PENDING
10:12:36 INFO  State of current operation: PENDING
10:12:38 INFO  State of current operation: PENDING
10:12:40 INFO  State of current operation: PENDING
10:12:42 INFO  State of current operation: PENDING
10:12:45 INFO  State of current operation: PENDING
10:12:47 INFO  State of current operation: PENDING
10:12:49 INFO  State of current operation: PENDING
10:12:51 INFO  State of current operation: PENDING
10:12:53 WARN  SystemError occurred while running test - Timeout while waiting for status FAILED or SUCCESSFUL
Traceback (most recent call last):
  File &quot;/home/pi/env-pysys/lib/python3.7/site-packages/pysys/baserunner.py&quot;, line 1292, in __call__
    self.testObj.setup()
  File &quot;/home/pi/actions-runner/_work/thin-edge.io/thin-edge.io/tests/PySys/software_management_end_to_end/sm_apt_install_remove_multiple_mixed/run.py&quot;, line 73, in setup
    super().setup()
  File &quot;/home/pi/actions-runner/_work/thin-edge.io/thin-edge.io/tests/PySys/software_management_end_to_end/environment_sm_management.py&quot;, line 151, in setup
    self.wait_until_end()
  File &quot;/home/pi/actions-runner/_work/thin-edge.io/thin-edge.io/tests/PySys/software_management_end_to_end/environment_sm_management.py&quot;, line 332, in wait_until_end
    self.wait_until_status(&quot;FAILED&quot;, &quot;SUCCESSFUL&quot;)
  File &quot;/home/pi/actions-runner/_work/thin-edge.io/thin-edge.io/tests/PySys/software_management_end_to_end/environment_sm_management.py&quot;, line 381, in wait_until_status
    &quot;Timeout while waiting for status %s or %s&quot; % (status, status2)
SystemError: Timeout while waiting for status FAILED or SUCCESSFUL
10:12:53 WARN  SystemError: Timeout while waiting for status FAILED or SUCCESSFUL ... blocked 
10:12:53 INFO  
10:12:53 INFO  cleanup:
10:12:58 INFO  Executed sudo&lt;tedge_disconnect_c8y&gt;, exit status 0
10:12:59 INFO  Executed systemctl&lt;serv_mapper5&gt;, exit status 3
10:12:59 INFO  
10:12:59 INFO  Test duration: 165.62 secs
10:12:59 INFO  Test final outcome:  BLOCKED
10:12:59 INFO  Test outcome reason: SystemError: Timeout while waiting for status FAILED or SUCCESSFUL
10:12:59 INFO  
</system-out>
	</testcase>
</testsuite>
