<?xml version="1.0" encoding="utf-8"?>
<testsuite failures="0" name="docker_plugin_update" skipped="0" tests="1" time="64.29" timestamp="2022-04-14T07:46:44">
	<testcase classname="DockerPluginUpdateTest" name="docker_plugin_update"/>
</testsuite>
