<?xml version="1.0" encoding="utf-8"?>
<testsuite failures="0" name="docker_plugin_update" skipped="0" tests="1" time="64.81" timestamp="2022-04-14T11:06:24">
	<testcase classname="DockerPluginUpdateTest" name="docker_plugin_update"/>
</testsuite>
