<?xml version="1.0" encoding="utf-8"?>
<testsuite failures="0" name="publish_sawmill_record_statistics_long" skipped="0" tests="1" time="157.54">
	<testcase classname="PublishSawmillRecordStatisticsLong" name="publish_sawmill_record_statistics_long"/>
</testsuite>
