<?xml version="1.0" encoding="utf-8"?>
<testsuite name="apt_prepare" tests="1" failures="0" skipped="0" time="2.16" timestamp="2022-05-23T09:21:57">
	<testcase classname="AptPluginPrepare" name="apt_prepare"/>
</testsuite>
