<?xml version="1.0" encoding="utf-8"?>
<testsuite name="apt_finalize" tests="1" failures="0" skipped="0" time="14.67" timestamp="2022-05-02T15:12:00">
	<testcase classname="AptPluginFinalize" name="apt_finalize"/>
</testsuite>
