<?xml version="1.0" encoding="utf-8"?>
<testsuite name="apt_sequence_remove_with_version" tests="1" failures="0" skipped="0" time="9.01" timestamp="2022-05-03T08:00:25">
	<testcase classname="AptPluginRemoveWithVersion" name="apt_sequence_remove_with_version"/>
</testsuite>
