<?xml version="1.0" encoding="utf-8"?>
<testsuite name="apt_prepare" tests="1" failures="0" skipped="0" time="2.61" timestamp="2022-05-11T11:37:11">
	<testcase classname="AptPluginPrepare" name="apt_prepare"/>
</testsuite>
