<?xml version="1.0" encoding="utf-8"?>
<testsuite name="apt_remove" tests="1" failures="0" skipped="0" time="10.36" timestamp="2022-05-10T17:18:18">
	<testcase classname="AptPluginRemoveDense" name="apt_remove"/>
</testsuite>
