<?xml version="1.0" encoding="utf-8"?>
<testsuite name="apt_sequence_remove_with_version" tests="1" failures="0" skipped="0" time="10.76" timestamp="2022-05-16T07:25:48">
	<testcase classname="AptPluginRemoveWithVersion" name="apt_sequence_remove_with_version"/>
</testsuite>
