<?xml version="1.0" encoding="utf-8"?>
<testsuite name="apt_install" tests="1" failures="0" skipped="0" time="8.94" timestamp="2022-05-02T15:12:09">
	<testcase classname="AptPluginInstallDense" name="apt_install"/>
</testsuite>
