<?xml version="1.0" encoding="utf-8"?>
<testsuite name="apt_install" tests="1" failures="0" skipped="0" time="9.39" timestamp="2022-05-04T08:06:54">
	<testcase classname="AptPluginInstallDense" name="apt_install"/>
</testsuite>
