<?xml version="1.0" encoding="utf-8"?>
<testsuite name="apt_remove_fail" tests="1" failures="0" skipped="0" time="1.36" timestamp="2022-05-16T07:25:08">
	<testcase classname="AptPluginRemoveFails" name="apt_remove_fail"/>
</testsuite>
