<?xml version="1.0" encoding="utf-8"?>
<testsuite name="SoftwareManagement.sm_apt_install_remove_multiple" tests="1" failures="0" skipped="0" time="64.11" timestamp="2022-05-09T07:11:35">
	<testcase classname="PySysTest" name="SoftwareManagement.sm_apt_install_remove_multiple"/>
</testsuite>
