<?xml version="1.0" encoding="utf-8"?>
<testsuite name="apt_prepare" tests="1" failures="0" skipped="0" time="1.6" timestamp="2022-05-03T07:59:31">
	<testcase classname="AptPluginPrepare" name="apt_prepare"/>
</testsuite>
