<?xml version="1.0" encoding="utf-8"?>
<testsuite name="apt_remove" tests="1" failures="0" skipped="0" time="9.94" timestamp="2022-05-16T07:25:07">
	<testcase classname="AptPluginRemoveDense" name="apt_remove"/>
</testsuite>
