<?xml version="1.0" encoding="utf-8"?>
<testsuite name="apt_install" tests="1" failures="0" skipped="0" time="10.7" timestamp="2022-05-09T07:03:27">
	<testcase classname="AptPluginInstallDense" name="apt_install"/>
</testsuite>
