<?xml version="1.0" encoding="utf-8"?>
<testsuite name="apt_sequence_install_with_version_fail" tests="1" failures="0" skipped="0" time="2.12" timestamp="2022-05-10T19:33:59">
	<testcase classname="AptPluginInstallWithVersionFails" name="apt_sequence_install_with_version_fail"/>
</testsuite>
