<?xml version="1.0" encoding="utf-8"?>
<testsuite name="apt_sequence_remove" tests="1" failures="0" skipped="0" time="11.19" timestamp="2022-05-04T08:08:07">
	<testcase classname="AptPluginInstallPrepareRemoveFinalize" name="apt_sequence_remove"/>
</testsuite>
