<?xml version="1.0" encoding="utf-8"?>
<testsuite name="apt_finalize" tests="1" failures="0" skipped="0" time="18.36" timestamp="2022-05-23T09:21:15">
	<testcase classname="AptPluginFinalize" name="apt_finalize"/>
</testsuite>
