<?xml version="1.0" encoding="utf-8"?>
<testsuite name="apt_remove" tests="1" failures="0" skipped="0" time="8.13" timestamp="2022-05-02T15:12:55">
	<testcase classname="AptPluginRemoveDense" name="apt_remove"/>
</testsuite>
