<?xml version="1.0" encoding="utf-8"?>
<testsuite failures="0" name="smoketest_json" skipped="0" tests="1" time="40.82" timestamp="2022-02-09T11:10:13">
	<testcase classname="SmokeTestJson" name="smoketest_json"/>
</testsuite>
