<?xml version="1.0" encoding="utf-8"?>
<testsuite failures="0" name="publish_flux" skipped="0" tests="1" time="64.1" timestamp="2022-02-24T13:32:12">
	<testcase classname="PublishFlux" name="publish_flux"/>
</testsuite>
