<?xml version="1.0" encoding="utf-8"?>
<testsuite failures="0" name="docker_plugin_remove_with_version" skipped="1" tests="1" time="0.0" timestamp="2022-03-21T16:43:35">
	<testcase classname="DockerPluginRemoveWithVersionTest" name="docker_plugin_remove_with_version">
		<skipped message="SKIPPED: Testing the docker plugin is not supported on this platform.To run it, all the test with -XmyPlatform='container'"/>
		<system-out>17:43:35 DEBUG deletedir failed to update permissions and delete /home/pi/actions-runner/_work/thin-edge.io/thin-edge.io/tests/PySys/plugin_docker/docker_plugin_remove_with_version/Output/linux on this attempt: [Errno 2] No such file or directory: '/home/pi/actions-runner/_work/thin-edge.io/thin-edge.io/tests/PySys/plugin_docker/docker_plugin_remove_with_version/Output/linux'
17:43:35 INFO  ==============================================================
17:43:35 INFO  Id:    docker_plugin_remove_with_version
17:43:35 INFO  Dir:   plugin_docker/
17:43:35 INFO  Title: Validate docker plugin remove with version
17:43:35 DEBUG Execution order hint: 0.0
17:43:35 INFO  ==============================================================
17:43:35 INFO  Testing the docker plugin is not supported on this platform.To run it, all the test with -XmyPlatform='container' ... skipped
17:43:35 WARN  Aborted test due to SKIPPED outcome
17:43:35 DEBUG --- test cleanup
17:43:35 DEBUG ProcessUser cleanup function done.
17:43:35 INFO  
17:43:35 INFO  Test duration: 0.00 secs
17:43:35 INFO  Test final outcome:  SKIPPED
17:43:35 INFO  Test outcome reason: Testing the docker plugin is not supported on this platform.To run it, all the test with -XmyPlatform='container'
17:43:35 INFO  
</system-out>
	</testcase>
</testsuite>
