<?xml version="1.0" encoding="utf-8"?>
<testsuite failures="0" name="pysys_block" skipped="1" tests="1" time="0.0" timestamp="2022-03-30T08:05:21">
	<testcase classname="Fail" name="pysys_block">
		<skipped message="SKIPPED: Enable this to observe a blocking test"/>
		<system-out>10:05:21 DEBUG deletedir failed to update permissions and delete /home/pi/actions-runner/_work/thin-edge.io/thin-edge.io/tests/PySys/misc_features/pysys_block/Output/linux on this attempt: [Errno 2] No such file or directory: '/home/pi/actions-runner/_work/thin-edge.io/thin-edge.io/tests/PySys/misc_features/pysys_block/Output/linux'
10:05:21 INFO  ==============================================================
10:05:21 INFO  Id:    pysys_block
10:05:21 INFO  Dir:   misc_features/
10:05:21 INFO  Title: fail
10:05:21 DEBUG Execution order hint: 0.0
10:05:21 INFO  ==============================================================
10:05:21 INFO  Enable this to observe a blocking test ... skipped
10:05:21 DEBUG --- test cleanup
10:05:21 DEBUG ProcessUser cleanup function done.
10:05:21 INFO  
10:05:21 INFO  Test duration: 0.00 secs
10:05:21 INFO  Test final outcome:  SKIPPED
10:05:21 INFO  Test outcome reason: Enable this to observe a blocking test
10:05:21 INFO  
</system-out>
	</testcase>
</testsuite>
