<?xml version="1.0" encoding="utf-8"?>
<testsuite failures="0" name="publish_flux" skipped="0" tests="1" time="64.29" timestamp="2022-03-04T12:01:20">
	<testcase classname="PublishFlux" name="publish_flux"/>
</testsuite>
