<?xml version="1.0" encoding="utf-8"?>
<testsuite failures="0" name="smoketest_json" skipped="0" tests="1" time="39.48" timestamp="2022-02-14T08:34:00">
	<testcase classname="SmokeTestJson" name="smoketest_json"/>
</testsuite>
