<?xml version="1.0" encoding="utf-8"?>
<testsuite failures="0" name="publish_flux" skipped="0" tests="1" time="67.15" timestamp="2022-02-09T11:08:19">
	<testcase classname="PublishFlux" name="publish_flux"/>
</testsuite>
