<?xml version="1.0" encoding="utf-8"?>
<testsuite failures="0" name="mapper_awaits_before_reconnect" skipped="0" tests="1" time="20.0" timestamp="2022-03-28T17:44:46">
	<testcase classname="MapperReconnectAwait" name="mapper_awaits_before_reconnect"/>
</testsuite>
