<?xml version="1.0" encoding="utf-8"?>
<testsuite failures="0" name="smoketest_json" skipped="0" tests="1" time="39.69" timestamp="2022-02-15T15:34:45">
	<testcase classname="SmokeTestJson" name="smoketest_json"/>
</testsuite>
