<?xml version="1.0" encoding="utf-8"?>
<testsuite failures="0" name="tedge_mapper_c8y_positive" skipped="0" tests="1" time="1.18" timestamp="2022-02-22T10:42:28">
	<testcase classname="TedgeMapperC8y" name="tedge_mapper_c8y_positive"/>
</testsuite>
