<?xml version="1.0" encoding="utf-8"?>
<testsuite failures="0" name="tedge_software_update" skipped="0" tests="1" time="15.45" timestamp="2022-03-04T12:09:40">
	<testcase classname="PySysTest" name="tedge_software_update"/>
</testsuite>
