<?xml version="1.0" encoding="utf-8"?>
<testsuite failures="0" name="call_tedge_-h" skipped="0" tests="1" time="0.22" timestamp="2022-02-09T11:17:37">
	<testcase classname="PySysTest" name="call_tedge_-h"/>
</testsuite>
