<?xml version="1.0" encoding="utf-8"?>
<testsuite failures="0" name="monitoring_with_collectd" skipped="1" tests="1" time="0.01" timestamp="2022-04-04T08:14:58">
	<testcase classname="MonitoringWithCollectd" name="monitoring_with_collectd">
		<skipped message="SKIPPED: Test execution disabled due to #792 (instable)"/>
		<system-out>10:14:58 DEBUG deletedir failed to update permissions and delete /home/pi/actions-runner/_work/thin-edge.io/thin-edge.io/tests/PySys/monitoring/monitoring_with_collectd/Output/linux on this attempt: [Errno 2] No such file or directory: '/home/pi/actions-runner/_work/thin-edge.io/thin-edge.io/tests/PySys/monitoring/monitoring_with_collectd/Output/linux'
10:14:58 INFO  ==============================================================
10:14:58 INFO  Id:    monitoring_with_collectd
10:14:58 INFO  Dir:   monitoring/
10:14:58 INFO  Title: Validate tedge dm agent messages that are produced by batching the collectd messages
10:14:58 DEBUG Execution order hint: 0.0
10:14:58 INFO  ==============================================================
10:14:58 INFO  Test execution disabled due to #792 (instable) ... skipped
10:14:58 DEBUG --- test cleanup
10:14:58 DEBUG ProcessUser cleanup function done.
10:14:58 INFO  
10:14:58 INFO  Test duration: 0.01 secs
10:14:58 INFO  Test final outcome:  SKIPPED
10:14:58 INFO  Test outcome reason: Test execution disabled due to #792 (instable)
10:14:58 INFO  
</system-out>
	</testcase>
</testsuite>
