<?xml version="1.0" encoding="utf-8"?>
<testsuite failures="0" name="tedge_software_update" skipped="1" tests="1" time="0.0" timestamp="2022-02-09T14:50:30">
	<testcase classname="PySysTest" name="tedge_software_update"/>
</testsuite>
