<?xml version="1.0" encoding="utf-8"?>
<testsuite failures="0" name="local_mqtt_pub_sub" skipped="0" tests="1" time="0.96" timestamp="2022-02-15T15:28:58">
	<testcase classname="PySysTest" name="local_mqtt_pub_sub"/>
</testsuite>
