<?xml version="1.0" encoding="utf-8"?>
<testsuite failures="0" name="apt_install_local_file" skipped="1" tests="1" time="0.0" timestamp="2022-03-22T13:41:21">
	<testcase classname="AptPluginInstallFromLocalFile" name="apt_install_local_file">
		<skipped message="SKIPPED: Testing the apt plugin is not supported on this platform.To run the tests call PySys with -XmyPlatform='container'"/>
		<system-out>14:41:21 DEBUG deletedir failed to update permissions and delete /home/pi/actions-runner/_work/thin-edge.io/thin-edge.io/tests/PySys/plugin_apt/apt_install_local_file/Output/linux on this attempt: [Errno 2] No such file or directory: '/home/pi/actions-runner/_work/thin-edge.io/thin-edge.io/tests/PySys/plugin_apt/apt_install_local_file/Output/linux'
14:41:21 INFO  ==============================================================
14:41:21 INFO  Id:    apt_install_local_file
14:41:21 INFO  Dir:   plugin_apt/
14:41:21 INFO  Title: Validate apt plugin install from local file - SUCCESS case
14:41:21 DEBUG Execution order hint: 0.0
14:41:21 INFO  ==============================================================
14:41:21 INFO  Testing the apt plugin is not supported on this platform.To run the tests call PySys with -XmyPlatform='container' ... skipped
14:41:21 WARN  Aborted test due to SKIPPED outcome
14:41:21 DEBUG --- test cleanup
14:41:21 DEBUG ProcessUser cleanup function done.
14:41:21 INFO  
14:41:21 INFO  Test duration: 0.00 secs
14:41:21 INFO  Test final outcome:  SKIPPED
14:41:21 INFO  Test outcome reason: Testing the apt plugin is not supported on this platform.To run the tests call PySys with -XmyPlatform='container'
14:41:21 INFO  
</system-out>
	</testcase>
</testsuite>
