<?xml version="1.0" encoding="utf-8"?>
<testsuite failures="0" name="SoftwareManagement.sm_apt_install_download_path" skipped="1" tests="1" time="0.02" timestamp="2022-03-28T17:42:07">
	<testcase classname="AptInstallWithDownloadPath" name="SoftwareManagement.sm_apt_install_download_path">
		<skipped message="SKIPPED: Testing the apt plugin is not supported on this platform.Use parameter -XmyPlatform='container' to enable it"/>
		<system-out>19:42:07 DEBUG deletedir failed to update permissions and delete /home/pi/actions-runner/_work/thin-edge.io/thin-edge.io/tests/PySys/software_management_end_to_end/sm_apt_install_download_path/Output/linux on this attempt: [Errno 2] No such file or directory: '/home/pi/actions-runner/_work/thin-edge.io/thin-edge.io/tests/PySys/software_management_end_to_end/sm_apt_install_download_path/Output/linux'
19:42:07 INFO  ==============================================================
19:42:07 INFO  Id:    SoftwareManagement.sm_apt_install_download_path
19:42:07 INFO  Dir:   software_management_end_to_end/
19:42:07 INFO  Title: Install package to directory specified in tedge config set tmp.path
19:42:07 DEBUG Execution order hint: 0.0
19:42:07 INFO  ==============================================================
19:42:07 INFO  Testing the apt plugin is not supported on this platform.Use parameter -XmyPlatform='container' to enable it ... skipped
19:42:07 WARN  Aborted test due to SKIPPED outcome
19:42:07 DEBUG --- test cleanup
19:42:07 DEBUG ProcessUser cleanup function done.
19:42:07 INFO  
19:42:07 INFO  Test duration: 0.02 secs
19:42:07 INFO  Test final outcome:  SKIPPED
19:42:07 INFO  Test outcome reason: Testing the apt plugin is not supported on this platform.Use parameter -XmyPlatform='container' to enable it
19:42:07 INFO  
</system-out>
	</testcase>
</testsuite>
