<?xml version="1.0" encoding="utf-8"?>
<testsuite failures="0" name="SoftwareManagement.Plugin.apama_plugin_remove" skipped="1" tests="1" time="0.0" timestamp="2022-03-28T17:32:58">
	<testcase classname="ApamaPluginRemoveTest" name="SoftwareManagement.Plugin.apama_plugin_remove">
		<skipped message="SKIPPED: Apama plugin tests are disabled by default. Execute `pysys run` with `-XmyPlatform=container` to run these tests"/>
		<system-out>19:32:58 DEBUG deletedir failed to update permissions and delete /home/pi/actions-runner/_work/thin-edge.io/thin-edge.io/tests/PySys/plugin_apama/apama_plugin_remove/Output/linux on this attempt: [Errno 2] No such file or directory: '/home/pi/actions-runner/_work/thin-edge.io/thin-edge.io/tests/PySys/plugin_apama/apama_plugin_remove/Output/linux'
19:32:58 INFO  ==============================================================
19:32:58 INFO  Id:    SoftwareManagement.Plugin.apama_plugin_remove
19:32:58 INFO  Dir:   plugin_apama/
19:32:58 INFO  Title: Validate apama plugin remove
19:32:58 DEBUG Execution order hint: 0.0
19:32:58 INFO  ==============================================================
19:32:58 INFO  Apama plugin tests are disabled by default. Execute `pysys run` with `-XmyPlatform=container` to run these tests ... skipped
19:32:58 WARN  Aborted test due to SKIPPED outcome
19:32:58 DEBUG --- test cleanup
19:32:58 DEBUG ProcessUser cleanup function done.
19:32:58 INFO  
19:32:58 INFO  Test duration: 0.00 secs
19:32:58 INFO  Test final outcome:  SKIPPED
19:32:58 INFO  Test outcome reason: Apama plugin tests are disabled by default. Execute `pysys run` with `-XmyPlatform=container` to run these tests
19:32:58 INFO  
</system-out>
	</testcase>
</testsuite>
