<?xml version="1.0" encoding="utf-8"?>
<testsuite failures="0" name="tedge_agent_user_sudo_access" skipped="1" tests="1" time="0.0" timestamp="2022-03-21T12:50:26">
	<testcase classname="TedgeAgentUserSudoAccess" name="tedge_agent_user_sudo_access">
		<skipped message="SKIPPED: #955 Observation: Exit code of the apt plugin when called with no arguments"/>
		<system-out>13:50:26 DEBUG deletedir failed to update permissions and delete /home/pi/actions-runner/_work/thin-edge.io/thin-edge.io/tests/PySys/tedge/tedge_agent_user_sudo_access/Output/linux on this attempt: [Errno 2] No such file or directory: '/home/pi/actions-runner/_work/thin-edge.io/thin-edge.io/tests/PySys/tedge/tedge_agent_user_sudo_access/Output/linux'
13:50:26 INFO  ==============================================================
13:50:26 INFO  Id:    tedge_agent_user_sudo_access
13:50:26 INFO  Dir:   tedge/
13:50:26 INFO  Title: Validate tedge-agent user has a limited sudo right
13:50:26 DEBUG Execution order hint: 0.0
13:50:26 INFO  ==============================================================
13:50:26 INFO  #955 Observation: Exit code of the apt plugin when called with no arguments ... skipped
13:50:26 DEBUG --- test cleanup
13:50:26 DEBUG ProcessUser cleanup function done.
13:50:26 INFO  
13:50:26 INFO  Test duration: 0.00 secs
13:50:26 INFO  Test final outcome:  SKIPPED
13:50:26 INFO  Test outcome reason: #955 Observation: Exit code of the apt plugin when called with no arguments
13:50:26 INFO  
</system-out>
	</testcase>
</testsuite>
