<?xml version="1.0" encoding="utf-8"?>
<testsuite failures="0" name="tedge_agent_user_sudo_access" skipped="1" tests="1" time="0.01" timestamp="2022-03-28T17:42:20">
	<testcase classname="TedgeAgentUserSudoAccess" name="tedge_agent_user_sudo_access">
		<skipped message="SKIPPED: #955 Observation: Exit code of the apt plugin when called with no arguments"/>
		<system-out>19:42:20 DEBUG deletedir failed to update permissions and delete /home/pi/actions-runner/_work/thin-edge.io/thin-edge.io/tests/PySys/tedge/tedge_agent_user_sudo_access/Output/linux on this attempt: [Errno 2] No such file or directory: '/home/pi/actions-runner/_work/thin-edge.io/thin-edge.io/tests/PySys/tedge/tedge_agent_user_sudo_access/Output/linux'
19:42:20 INFO  ==============================================================
19:42:20 INFO  Id:    tedge_agent_user_sudo_access
19:42:20 INFO  Dir:   tedge/
19:42:20 INFO  Title: Validate tedge-agent user has a limited sudo right
19:42:20 DEBUG Execution order hint: 0.0
19:42:20 INFO  ==============================================================
19:42:20 INFO  #955 Observation: Exit code of the apt plugin when called with no arguments ... skipped
19:42:20 DEBUG --- test cleanup
19:42:20 DEBUG ProcessUser cleanup function done.
19:42:20 INFO  
19:42:20 INFO  Test duration: 0.01 secs
19:42:20 INFO  Test final outcome:  SKIPPED
19:42:20 INFO  Test outcome reason: #955 Observation: Exit code of the apt plugin when called with no arguments
19:42:20 INFO  
</system-out>
	</testcase>
</testsuite>
