<?xml version="1.0" encoding="utf-8"?>
<testsuite failures="0" name="publish_flux" skipped="0" tests="1" time="64.19" timestamp="2022-02-22T10:31:32">
	<testcase classname="PublishFlux" name="publish_flux"/>
</testsuite>
