<?xml version="1.0" encoding="utf-8"?>
<testsuite failures="0" name="call_tedge_config_list" skipped="0" tests="1" time="9.68" timestamp="2022-02-24T13:40:14">
	<testcase classname="PySysTest" name="call_tedge_config_list"/>
</testsuite>
