<?xml version="1.0" encoding="utf-8"?>
<testsuite failures="0" name="invalid_device_id" skipped="0" tests="1" time="1.78" timestamp="2022-02-15T15:30:49">
	<testcase classname="InvalidDeviceId" name="invalid_device_id"/>
</testsuite>
