<?xml version="1.0" encoding="utf-8"?>
<testsuite failures="0" name="apt_install_local_file_with_version" skipped="1" tests="1" time="0.01" timestamp="2022-04-04T08:15:01">
	<testcase classname="AptPluginInstallFromLocalFileWithVersion" name="apt_install_local_file_with_version">
		<skipped message="SKIPPED: Testing the apt plugin is not supported on this platform.To run the tests call PySys with -XmyPlatform='container'"/>
		<system-out>10:15:01 DEBUG deletedir failed to update permissions and delete /home/pi/actions-runner/_work/thin-edge.io/thin-edge.io/tests/PySys/plugin_apt/apt_install_local_file_with_version/Output/linux on this attempt: [Errno 2] No such file or directory: '/home/pi/actions-runner/_work/thin-edge.io/thin-edge.io/tests/PySys/plugin_apt/apt_install_local_file_with_version/Output/linux'
10:15:01 INFO  ==============================================================
10:15:01 INFO  Id:    apt_install_local_file_with_version
10:15:01 INFO  Dir:   plugin_apt/
10:15:01 INFO  Title: Validate apt plugin install from local file AND with a version - SUCCESS case
10:15:01 DEBUG Execution order hint: 0.0
10:15:01 INFO  ==============================================================
10:15:01 INFO  Testing the apt plugin is not supported on this platform.To run the tests call PySys with -XmyPlatform='container' ... skipped
10:15:01 WARN  Aborted test due to SKIPPED outcome
10:15:01 DEBUG --- test cleanup
10:15:01 DEBUG ProcessUser cleanup function done.
10:15:01 INFO  
10:15:01 INFO  Test duration: 0.01 secs
10:15:01 INFO  Test final outcome:  SKIPPED
10:15:01 INFO  Test outcome reason: Testing the apt plugin is not supported on this platform.To run the tests call PySys with -XmyPlatform='container'
10:15:01 INFO  
</system-out>
	</testcase>
</testsuite>
