<?xml version="1.0" encoding="utf-8"?>
<testsuite failures="0" name="mqtt_port_unset" skipped="0" tests="1" time="0.69" timestamp="2022-02-15T15:31:06">
	<testcase classname="MqttPortUnSet" name="mqtt_port_unset"/>
</testsuite>
