<?xml version="1.0" encoding="utf-8"?>
<testsuite failures="0" name="invalid_device_id" skipped="0" tests="1" time="1.68" timestamp="2022-02-24T13:30:14">
	<testcase classname="InvalidDeviceId" name="invalid_device_id"/>
</testsuite>
