<?xml version="1.0" encoding="utf-8"?>
<testsuite failures="0" name="tedge_agent_user_sudo_access" skipped="1" tests="1" time="0.0" timestamp="2022-03-04T12:09:24">
	<testcase classname="TedgeAgentUserSudoAccess" name="tedge_agent_user_sudo_access"/>
</testsuite>
