<?xml version="1.0" encoding="utf-8"?>
<testsuite failures="1" name="valid_device_id" skipped="0" tests="1" time="9.57" timestamp="2022-03-04T12:00:03">
	<testcase classname="ValidateValidDeviceId" name="valid_device_id">
		<failure message="BLOCKED: sudo&lt;create_cert_dir&gt; returned non-zero exit code 1" type="BLOCKED"/>
		<system-out>12:59:53 INFO  ==============================================================
12:59:53 INFO  Id:    valid_device_id
12:59:53 INFO  Dir:   misc_features/
12:59:53 INFO  Title: Valid device ID
12:59:53 DEBUG Execution order hint: 0.0
12:59:53 INFO  ==============================================================
12:59:53 INFO  Restarting mosquitto too frequently in the last 10 seconds. It was only up for 2 seconds
12:59:53 INFO  Delaying execution by 9 seconds
13:00:02 DEBUG Process parameters for sudo&lt;tedge_disconnect_c8y&gt;
  command line : /usr/bin/sudo /usr/bin/tedge disconnect c8y
    arg #1     : /usr/bin/tedge
    arg #2     : disconnect
    arg #3     : c8y
  working dir  : /home/pi/actions-runner/_work/thin-edge.io/thin-edge.io/tests/PySys/misc_features/valid_device_id/Output/linux
  stdout       : /home/pi/actions-runner/_work/thin-edge.io/thin-edge.io/tests/PySys/misc_features/valid_device_id/Output/linux/tedge_disconnect_c8y.out
  stderr       : /home/pi/actions-runner/_work/thin-edge.io/thin-edge.io/tests/PySys/misc_features/valid_device_id/Output/linux/tedge_disconnect_c8y.err
  environment  : LD_LIBRARY_PATH=/usr/lib
  environment  : PATH=/bin:/usr/bin:/usr/sbin:/usr/local/bin
                   #1  /bin
                   #2  /usr/bin
                   #3  /usr/sbin
                   #4  /usr/local/bin
13:00:02 DEBUG Waiting up to 600 secs for process sudo&lt;tedge_disconnect_c8y&gt; (pid 24572)
13:00:03 INFO  Executed sudo&lt;tedge_disconnect_c8y&gt;, exit status 0
13:00:03 DEBUG Process parameters for sudo&lt;create_cert_dir&gt;
  command line : /usr/bin/sudo mkdir /tmp/test-device-certs
    arg #1     : mkdir
    arg #2     : /tmp/test-device-certs
  working dir  : /home/pi/actions-runner/_work/thin-edge.io/thin-edge.io/tests/PySys/misc_features/valid_device_id/Output/linux
  stdout       : /home/pi/actions-runner/_work/thin-edge.io/thin-edge.io/tests/PySys/misc_features/valid_device_id/Output/linux/create_cert_dir.out
  stderr       : /home/pi/actions-runner/_work/thin-edge.io/thin-edge.io/tests/PySys/misc_features/valid_device_id/Output/linux/create_cert_dir.err
  environment  : LD_LIBRARY_PATH=/usr/lib
  environment  : PATH=/bin:/usr/bin:/usr/sbin:/usr/local/bin
                   #1  /bin
                   #2  /usr/bin
                   #3  /usr/sbin
                   #4  /usr/local/bin
13:00:03 DEBUG Waiting up to 600 secs for process sudo&lt;create_cert_dir&gt; (pid 24574)
13:00:03 WARN  Executed sudo&lt;create_cert_dir&gt;, exit status 1
13:00:03 DEBUG Opening file using encoding=UTF-8: /home/pi/actions-runner/_work/thin-edge.io/thin-edge.io/tests/PySys/misc_features/valid_device_id/Output/linux/create_cert_dir.err
13:00:03 INFO  Contents of create_cert_dir.err: 
13:00:03 INFO    mkdir: cannot create directory '/tmp/test-device-certs': File exists
13:00:03 INFO    -----
13:00:03 INFO  
13:00:03 WARN  sudo&lt;create_cert_dir&gt; returned non-zero exit code 1 ... blocked 
13:00:03 WARN  Aborted test due to BLOCKED outcome
13:00:03 DEBUG --- test cleanup
13:00:03 DEBUG ProcessUser cleanup function done.
13:00:03 INFO  
13:00:03 INFO  Test duration: 9.57 secs
13:00:03 INFO  Test final outcome:  BLOCKED
13:00:03 INFO  Test outcome reason: sudo&lt;create_cert_dir&gt; returned non-zero exit code 1
13:00:03 INFO  
</system-out>
	</testcase>
</testsuite>
