<?xml version="1.0" encoding="utf-8"?>
<testsuite failures="0" name="call_tedge_config_list" skipped="0" tests="1" time="10.33" timestamp="2022-02-09T11:17:48">
	<testcase classname="PySysTest" name="call_tedge_config_list"/>
</testsuite>
