<?xml version="1.0" encoding="utf-8"?>
<testsuite failures="0" name="docker_plugin_install" skipped="1" tests="1" time="0.01" timestamp="2022-03-21T12:41:07">
	<testcase classname="DockerPluginInstallTest" name="docker_plugin_install">
		<skipped message="SKIPPED: Testing the docker plugin is not supported on this platform.To run it, all the test with -XmyPlatform='container'"/>
		<system-out>13:41:07 DEBUG deletedir failed to update permissions and delete /home/pi/actions-runner/_work/thin-edge.io/thin-edge.io/tests/PySys/plugin_docker/docker_plugin_install/Output/linux on this attempt: [Errno 2] No such file or directory: '/home/pi/actions-runner/_work/thin-edge.io/thin-edge.io/tests/PySys/plugin_docker/docker_plugin_install/Output/linux'
13:41:07 INFO  ==============================================================
13:41:07 INFO  Id:    docker_plugin_install
13:41:07 INFO  Dir:   plugin_docker/
13:41:07 INFO  Title: Validate docker plugin install
13:41:07 DEBUG Execution order hint: 0.0
13:41:07 INFO  ==============================================================
13:41:07 INFO  Testing the docker plugin is not supported on this platform.To run it, all the test with -XmyPlatform='container' ... skipped
13:41:07 WARN  Aborted test due to SKIPPED outcome
13:41:07 DEBUG --- test cleanup
13:41:07 DEBUG ProcessUser cleanup function done.
13:41:07 INFO  
13:41:07 INFO  Test duration: 0.01 secs
13:41:07 INFO  Test final outcome:  SKIPPED
13:41:07 INFO  Test outcome reason: Testing the docker plugin is not supported on this platform.To run it, all the test with -XmyPlatform='container'
13:41:07 INFO  
</system-out>
	</testcase>
</testsuite>
