<?xml version="1.0" encoding="utf-8"?>
<testsuite failures="0" name="monitoring_smaller_interval" skipped="0" tests="1" time="7.52" timestamp="2022-02-24T13:31:03">
	<testcase classname="MonitoringSmallInterval" name="monitoring_smaller_interval"/>
</testsuite>
