<?xml version="1.0" encoding="utf-8"?>
<testsuite failures="0" name="monitoring_with_collectd" skipped="1" tests="1" time="0.01" timestamp="2022-03-29T16:34:10">
	<testcase classname="MonitoringWithCollectd" name="monitoring_with_collectd">
		<skipped message="SKIPPED: Test execution disabled due to #792 (instable)"/>
		<system-out>18:34:10 DEBUG deletedir failed to update permissions and delete /home/pi/actions-runner/_work/thin-edge.io/thin-edge.io/tests/PySys/monitoring/monitoring_with_collectd/Output/linux on this attempt: [Errno 2] No such file or directory: '/home/pi/actions-runner/_work/thin-edge.io/thin-edge.io/tests/PySys/monitoring/monitoring_with_collectd/Output/linux'
18:34:10 INFO  ==============================================================
18:34:10 INFO  Id:    monitoring_with_collectd
18:34:10 INFO  Dir:   monitoring/
18:34:10 INFO  Title: Validate tedge dm agent messages that are produced by batching the collectd messages
18:34:10 DEBUG Execution order hint: 0.0
18:34:10 INFO  ==============================================================
18:34:10 INFO  Test execution disabled due to #792 (instable) ... skipped
18:34:10 DEBUG --- test cleanup
18:34:10 DEBUG ProcessUser cleanup function done.
18:34:10 INFO  
18:34:10 INFO  Test duration: 0.01 secs
18:34:10 INFO  Test final outcome:  SKIPPED
18:34:10 INFO  Test outcome reason: Test execution disabled due to #792 (instable)
18:34:10 INFO  
</system-out>
	</testcase>
</testsuite>
