<?xml version="1.0" encoding="utf-8"?>
<testsuite failures="0" name="pysys_block" skipped="1" tests="1" time="0.0" timestamp="2022-03-04T11:59:53">
	<testcase classname="Fail" name="pysys_block"/>
</testsuite>
