<?xml version="1.0" encoding="utf-8"?>
<testsuite failures="0" name="SoftwareManagement.sm_apt_install_download_path" skipped="1" tests="1" time="0.02" timestamp="2022-03-30T08:15:08">
	<testcase classname="AptInstallWithDownloadPath" name="SoftwareManagement.sm_apt_install_download_path">
		<skipped message="SKIPPED: Testing the apt plugin is not supported on this platform.Use parameter -XmyPlatform='container' to enable it"/>
		<system-out>10:15:08 DEBUG deletedir failed to update permissions and delete /home/pi/actions-runner/_work/thin-edge.io/thin-edge.io/tests/PySys/software_management_end_to_end/sm_apt_install_download_path/Output/linux on this attempt: [Errno 2] No such file or directory: '/home/pi/actions-runner/_work/thin-edge.io/thin-edge.io/tests/PySys/software_management_end_to_end/sm_apt_install_download_path/Output/linux'
10:15:08 INFO  ==============================================================
10:15:08 INFO  Id:    SoftwareManagement.sm_apt_install_download_path
10:15:08 INFO  Dir:   software_management_end_to_end/
10:15:08 INFO  Title: Install package to directory specified in tedge config set tmp.path
10:15:08 DEBUG Execution order hint: 0.0
10:15:08 INFO  ==============================================================
10:15:08 INFO  Testing the apt plugin is not supported on this platform.Use parameter -XmyPlatform='container' to enable it ... skipped
10:15:08 WARN  Aborted test due to SKIPPED outcome
10:15:08 DEBUG --- test cleanup
10:15:08 DEBUG ProcessUser cleanup function done.
10:15:08 INFO  
10:15:08 INFO  Test duration: 0.02 secs
10:15:08 INFO  Test final outcome:  SKIPPED
10:15:08 INFO  Test outcome reason: Testing the apt plugin is not supported on this platform.Use parameter -XmyPlatform='container' to enable it
10:15:08 INFO  
</system-out>
	</testcase>
</testsuite>
