<?xml version="1.0" encoding="utf-8"?>
<testsuite failures="0" name="mqtt_port_change_connection_works" skipped="1" tests="1" time="0.01" timestamp="2022-03-21T16:42:38">
	<testcase classname="MqttPortChangeConnectionWorks" name="mqtt_port_change_connection_works">
		<skipped message="SKIPPED: failing intermitently"/>
		<system-out>17:42:38 DEBUG deletedir failed to update permissions and delete /home/pi/actions-runner/_work/thin-edge.io/thin-edge.io/tests/PySys/misc_features/mqtt_port_change_connection_works/Output/linux on this attempt: [Errno 2] No such file or directory: '/home/pi/actions-runner/_work/thin-edge.io/thin-edge.io/tests/PySys/misc_features/mqtt_port_change_connection_works/Output/linux'
17:42:38 INFO  ==============================================================
17:42:38 INFO  Id:    mqtt_port_change_connection_works
17:42:38 INFO  Dir:   misc_features/
17:42:38 INFO  Title: mqtt port change connection works for all the thin-edge services that use the mosquitto broker
17:42:38 DEBUG Execution order hint: 0.0
17:42:38 INFO  ==============================================================
17:42:38 INFO  failing intermitently ... skipped
17:42:38 DEBUG --- test cleanup
17:42:38 DEBUG ProcessUser cleanup function done.
17:42:38 INFO  
17:42:38 INFO  Test duration: 0.01 secs
17:42:38 INFO  Test final outcome:  SKIPPED
17:42:38 INFO  Test outcome reason: failing intermitently
17:42:38 INFO  
</system-out>
	</testcase>
</testsuite>
