<?xml version="1.0" encoding="utf-8"?>
<testsuite failures="0" name="c8y_restart_bridge" skipped="0" tests="1" time="16.52" timestamp="2022-02-09T14:50:50">
	<testcase classname="RestartBridge" name="c8y_restart_bridge"/>
</testsuite>
