<?xml version="1.0" encoding="utf-8"?>
<testsuite failures="0" name="publish_flux" skipped="0" tests="1" time="63.88" timestamp="2022-03-03T10:57:24">
	<testcase classname="PublishFlux" name="publish_flux"/>
</testsuite>
