<?xml version="1.0" encoding="utf-8"?>
<testsuite failures="0" name="SoftwareManagement.sm_fake_install_remove" skipped="1" tests="1" time="0.0" timestamp="2022-03-21T16:52:41">
	<testcase classname="PySysTest" name="SoftwareManagement.sm_fake_install_remove">
		<skipped message="SKIPPED: Testing the fake plugin is not enabled.Use parameter -Xfakeplugin=fakeplugin to enable it"/>
		<system-out>17:52:41 DEBUG deletedir failed to update permissions and delete /home/pi/actions-runner/_work/thin-edge.io/thin-edge.io/tests/PySys/software_management_end_to_end/sm_fake_install_remove/Output/linux on this attempt: [Errno 2] No such file or directory: '/home/pi/actions-runner/_work/thin-edge.io/thin-edge.io/tests/PySys/software_management_end_to_end/sm_fake_install_remove/Output/linux'
17:52:41 INFO  ==============================================================
17:52:41 INFO  Id:    SoftwareManagement.sm_fake_install_remove
17:52:41 INFO  Dir:   software_management_end_to_end/
17:52:41 INFO  Title: Validate end to end behaviour for the dummy plugin for installation and removal of packages
17:52:41 DEBUG Execution order hint: 0.0
17:52:41 INFO  ==============================================================
17:52:41 INFO  Testing the fake plugin is not enabled.Use parameter -Xfakeplugin=fakeplugin to enable it ... skipped
17:52:41 WARN  Aborted test due to SKIPPED outcome
17:52:41 DEBUG --- test cleanup
17:52:41 DEBUG ProcessUser cleanup function done.
17:52:41 INFO  
17:52:41 INFO  Test duration: 0.00 secs
17:52:41 INFO  Test final outcome:  SKIPPED
17:52:41 INFO  Test outcome reason: Testing the fake plugin is not enabled.Use parameter -Xfakeplugin=fakeplugin to enable it
17:52:41 INFO  
</system-out>
	</testcase>
</testsuite>
