<?xml version="1.0" encoding="utf-8"?>
<testsuite failures="0" name="apt_fail_noarg" skipped="1" tests="1" time="0.01" timestamp="2022-03-29T16:34:13">
	<testcase classname="AptPluginFailNoArg" name="apt_fail_noarg">
		<skipped message="SKIPPED: Testing the apt plugin is not supported on this platform.To run the tests call PySys with -XmyPlatform='container'"/>
		<system-out>18:34:13 DEBUG deletedir failed to update permissions and delete /home/pi/actions-runner/_work/thin-edge.io/thin-edge.io/tests/PySys/plugin_apt/apt_fail_noarg/Output/linux on this attempt: [Errno 2] No such file or directory: '/home/pi/actions-runner/_work/thin-edge.io/thin-edge.io/tests/PySys/plugin_apt/apt_fail_noarg/Output/linux'
18:34:13 INFO  ==============================================================
18:34:13 INFO  Id:    apt_fail_noarg
18:34:13 INFO  Dir:   plugin_apt/
18:34:13 INFO  Title: Validate apt plugin fetures(prepare, list, install, remove finalize) without arguments
18:34:13 DEBUG Execution order hint: 0.0
18:34:13 INFO  ==============================================================
18:34:13 INFO  Testing the apt plugin is not supported on this platform.To run the tests call PySys with -XmyPlatform='container' ... skipped
18:34:13 WARN  Aborted test due to SKIPPED outcome
18:34:13 DEBUG --- test cleanup
18:34:13 DEBUG ProcessUser cleanup function done.
18:34:13 INFO  
18:34:13 INFO  Test duration: 0.01 secs
18:34:13 INFO  Test final outcome:  SKIPPED
18:34:13 INFO  Test outcome reason: Testing the apt plugin is not supported on this platform.To run the tests call PySys with -XmyPlatform='container'
18:34:13 INFO  
</system-out>
	</testcase>
</testsuite>
