<?xml version="1.0" encoding="utf-8"?>
<testsuite failures="1" name="invalid_device_id" skipped="0" tests="1" time="0.42" timestamp="2022-03-04T11:59:37">
	<testcase classname="InvalidDeviceId" name="invalid_device_id">
		<failure message="BLOCKED: sudo&lt;create_cert_dir&gt; returned non-zero exit code 1" type="BLOCKED"/>
		<system-out>12:59:37 INFO  ==============================================================
12:59:37 INFO  Id:    invalid_device_id
12:59:37 INFO  Dir:   misc_features/
12:59:37 INFO  Title: Invalid Device ID
12:59:37 DEBUG Execution order hint: 0.0
12:59:37 INFO  ==============================================================
12:59:37 DEBUG Process parameters for sudo&lt;create_cert_dir&gt;
  command line : /usr/bin/sudo mkdir /tmp/test-device-certs
    arg #1     : mkdir
    arg #2     : /tmp/test-device-certs
  working dir  : /home/pi/actions-runner/_work/thin-edge.io/thin-edge.io/tests/PySys/misc_features/invalid_device_id/Output/linux
  stdout       : /home/pi/actions-runner/_work/thin-edge.io/thin-edge.io/tests/PySys/misc_features/invalid_device_id/Output/linux/create_cert_dir.out
  stderr       : /home/pi/actions-runner/_work/thin-edge.io/thin-edge.io/tests/PySys/misc_features/invalid_device_id/Output/linux/create_cert_dir.err
  environment  : LD_LIBRARY_PATH=/usr/lib
  environment  : PATH=/bin:/usr/bin:/usr/sbin:/usr/local/bin
                   #1  /bin
                   #2  /usr/bin
                   #3  /usr/sbin
                   #4  /usr/local/bin
12:59:37 DEBUG Waiting up to 600 secs for process sudo&lt;create_cert_dir&gt; (pid 24383)
12:59:37 WARN  Executed sudo&lt;create_cert_dir&gt;, exit status 1
12:59:37 DEBUG Opening file using encoding=UTF-8: /home/pi/actions-runner/_work/thin-edge.io/thin-edge.io/tests/PySys/misc_features/invalid_device_id/Output/linux/create_cert_dir.err
12:59:37 INFO  Contents of create_cert_dir.err: 
12:59:37 INFO    mkdir: cannot create directory '/tmp/test-device-certs': File exists
12:59:37 INFO    -----
12:59:37 INFO  
12:59:37 WARN  sudo&lt;create_cert_dir&gt; returned non-zero exit code 1 ... blocked 
12:59:37 WARN  Aborted test due to BLOCKED outcome
12:59:37 DEBUG --- test cleanup
12:59:37 DEBUG ProcessUser cleanup function done.
12:59:37 INFO  
12:59:37 INFO  Test duration: 0.42 secs
12:59:37 INFO  Test final outcome:  BLOCKED
12:59:37 INFO  Test outcome reason: sudo&lt;create_cert_dir&gt; returned non-zero exit code 1
12:59:37 INFO  
</system-out>
	</testcase>
</testsuite>
