<?xml version="1.0" encoding="utf-8"?>
<testsuite failures="0" name="invalid_device_id" skipped="0" tests="1" time="1.73" timestamp="2022-02-14T08:30:06">
	<testcase classname="InvalidDeviceId" name="invalid_device_id"/>
</testsuite>
