<?xml version="1.0" encoding="utf-8"?>
<testsuite failures="0" name="apt_prepare_install_finalize" skipped="1" tests="1" time="0.0" timestamp="2022-03-21T12:41:07">
	<testcase classname="AptPluginPrepareInstallFinalize" name="apt_prepare_install_finalize">
		<skipped message="SKIPPED: Testing the apt plugin is not supported on this platform.To run the tests call PySys with -XmyPlatform='container'"/>
		<system-out>13:41:07 DEBUG deletedir failed to update permissions and delete /home/pi/actions-runner/_work/thin-edge.io/thin-edge.io/tests/PySys/plugin_apt/apt_prepare_install_finalize/Output/linux on this attempt: [Errno 2] No such file or directory: '/home/pi/actions-runner/_work/thin-edge.io/thin-edge.io/tests/PySys/plugin_apt/apt_prepare_install_finalize/Output/linux'
13:41:07 INFO  ==============================================================
13:41:07 INFO  Id:    apt_prepare_install_finalize
13:41:07 INFO  Dir:   plugin_apt/
13:41:07 INFO  Title: Validate apt plugin install use case
13:41:07 DEBUG Execution order hint: 0.0
13:41:07 INFO  ==============================================================
13:41:07 INFO  Testing the apt plugin is not supported on this platform.To run the tests call PySys with -XmyPlatform='container' ... skipped
13:41:07 WARN  Aborted test due to SKIPPED outcome
13:41:07 DEBUG --- test cleanup
13:41:07 DEBUG ProcessUser cleanup function done.
13:41:07 INFO  
13:41:07 INFO  Test duration: 0.00 secs
13:41:07 INFO  Test final outcome:  SKIPPED
13:41:07 INFO  Test outcome reason: Testing the apt plugin is not supported on this platform.To run the tests call PySys with -XmyPlatform='container'
13:41:07 INFO  
</system-out>
	</testcase>
</testsuite>
