<?xml version="1.0" encoding="utf-8"?>
<testsuite failures="0" name="smoketest_json_400_samples_20ms" skipped="0" tests="1" time="51.24" timestamp="2022-03-03T11:00:58">
	<testcase classname="SmoketestJson400Samples20ms" name="smoketest_json_400_samples_20ms"/>
</testsuite>
