<?xml version="1.0" encoding="utf-8"?>
<testsuite failures="0" name="call_tedge_-V" skipped="0" tests="1" time="0.27" timestamp="2022-03-30T08:15:09">
	<testcase classname="PySysTest" name="call_tedge_-V"/>
</testsuite>
