<?xml version="1.0" encoding="utf-8"?>
<testsuite failures="0" name="publish_sawmill" skipped="0" tests="1" time="72.43" timestamp="2022-03-02T08:40:44">
	<testcase classname="PublishSawmill" name="publish_sawmill"/>
</testsuite>
