<?xml version="1.0" encoding="utf-8"?>
<testsuite failures="0" name="call_tedge_-h" skipped="0" tests="1" time="0.22" timestamp="2022-03-21T16:52:41">
	<testcase classname="PySysTest" name="call_tedge_-h"/>
</testsuite>
