<?xml version="1.0" encoding="utf-8"?>
<testsuite failures="0" name="valid_device_id" skipped="0" tests="1" time="26.31" timestamp="2022-02-07T13:58:31">
	<testcase classname="ValidateValidDeviceId" name="valid_device_id"/>
</testsuite>
