<?xml version="1.0" encoding="utf-8"?>
<testsuite failures="0" name="apt_install_fail" skipped="1" tests="1" time="0.0" timestamp="2022-03-04T12:00:13">
	<testcase classname="AptPluginInstallFail" name="apt_install_fail"/>
</testsuite>
