<?xml version="1.0" encoding="utf-8"?>
<testsuite failures="0" name="pysys_block" skipped="1" tests="1" time="0.0" timestamp="2022-03-21T16:42:53">
	<testcase classname="Fail" name="pysys_block">
		<skipped message="SKIPPED: Enable this to observe a blocking test"/>
		<system-out>17:42:53 DEBUG deletedir failed to update permissions and delete /home/pi/actions-runner/_work/thin-edge.io/thin-edge.io/tests/PySys/misc_features/pysys_block/Output/linux on this attempt: [Errno 2] No such file or directory: '/home/pi/actions-runner/_work/thin-edge.io/thin-edge.io/tests/PySys/misc_features/pysys_block/Output/linux'
17:42:53 INFO  ==============================================================
17:42:53 INFO  Id:    pysys_block
17:42:53 INFO  Dir:   misc_features/
17:42:53 INFO  Title: fail
17:42:53 DEBUG Execution order hint: 0.0
17:42:53 INFO  ==============================================================
17:42:53 INFO  Enable this to observe a blocking test ... skipped
17:42:53 DEBUG --- test cleanup
17:42:53 DEBUG ProcessUser cleanup function done.
17:42:53 INFO  
17:42:53 INFO  Test duration: 0.00 secs
17:42:53 INFO  Test final outcome:  SKIPPED
17:42:53 INFO  Test outcome reason: Enable this to observe a blocking test
17:42:53 INFO  
</system-out>
	</testcase>
</testsuite>
