<?xml version="1.0" encoding="utf-8"?>
<testsuite failures="0" name="SoftwareManagement.Plugin.apama_plugin_remove" skipped="1" tests="1" time="0.01" timestamp="2022-03-30T08:06:01">
	<testcase classname="ApamaPluginRemoveTest" name="SoftwareManagement.Plugin.apama_plugin_remove">
		<skipped message="SKIPPED: Apama plugin tests are disabled by default. Execute `pysys run` with `-XmyPlatform=container` to run these tests"/>
		<system-out>10:06:01 DEBUG deletedir failed to update permissions and delete /home/pi/actions-runner/_work/thin-edge.io/thin-edge.io/tests/PySys/plugin_apama/apama_plugin_remove/Output/linux on this attempt: [Errno 2] No such file or directory: '/home/pi/actions-runner/_work/thin-edge.io/thin-edge.io/tests/PySys/plugin_apama/apama_plugin_remove/Output/linux'
10:06:01 INFO  ==============================================================
10:06:01 INFO  Id:    SoftwareManagement.Plugin.apama_plugin_remove
10:06:01 INFO  Dir:   plugin_apama/
10:06:01 INFO  Title: Validate apama plugin remove
10:06:01 DEBUG Execution order hint: 0.0
10:06:01 INFO  ==============================================================
10:06:01 INFO  Apama plugin tests are disabled by default. Execute `pysys run` with `-XmyPlatform=container` to run these tests ... skipped
10:06:01 WARN  Aborted test due to SKIPPED outcome
10:06:01 DEBUG --- test cleanup
10:06:01 DEBUG ProcessUser cleanup function done.
10:06:01 INFO  
10:06:01 INFO  Test duration: 0.01 secs
10:06:01 INFO  Test final outcome:  SKIPPED
10:06:01 INFO  Test outcome reason: Apama plugin tests are disabled by default. Execute `pysys run` with `-XmyPlatform=container` to run these tests
10:06:01 INFO  
</system-out>
	</testcase>
</testsuite>
