<?xml version="1.0" encoding="utf-8"?>
<testsuite failures="0" name="mqtt_port_change_connection_works" skipped="1" tests="1" time="0.01" timestamp="2022-03-21T12:40:12">
	<testcase classname="MqttPortChangeConnectionWorks" name="mqtt_port_change_connection_works">
		<skipped message="SKIPPED: failing intermitently"/>
		<system-out>13:40:12 DEBUG deletedir failed to update permissions and delete /home/pi/actions-runner/_work/thin-edge.io/thin-edge.io/tests/PySys/misc_features/mqtt_port_change_connection_works/Output/linux on this attempt: [Errno 2] No such file or directory: '/home/pi/actions-runner/_work/thin-edge.io/thin-edge.io/tests/PySys/misc_features/mqtt_port_change_connection_works/Output/linux'
13:40:12 INFO  ==============================================================
13:40:12 INFO  Id:    mqtt_port_change_connection_works
13:40:12 INFO  Dir:   misc_features/
13:40:12 INFO  Title: mqtt port change connection works for all the thin-edge services that use the mosquitto broker
13:40:12 DEBUG Execution order hint: 0.0
13:40:12 INFO  ==============================================================
13:40:12 INFO  failing intermitently ... skipped
13:40:12 DEBUG --- test cleanup
13:40:12 DEBUG ProcessUser cleanup function done.
13:40:12 INFO  
13:40:12 INFO  Test duration: 0.01 secs
13:40:12 INFO  Test final outcome:  SKIPPED
13:40:12 INFO  Test outcome reason: failing intermitently
13:40:12 INFO  
</system-out>
	</testcase>
</testsuite>
