<?xml version="1.0" encoding="utf-8"?>
<testsuite failures="0" name="c8y_jwt_token_retrieval" skipped="0" tests="1" time="14.7" timestamp="2022-03-29T16:31:45">
	<testcase classname="ValidateJWTTokenRetrieval" name="c8y_jwt_token_retrieval"/>
</testsuite>
