<?xml version="1.0" encoding="utf-8"?>
<testsuite failures="0" name="tedge_mapper_c8y_positive" skipped="0" tests="1" time="23.46" timestamp="2022-03-04T12:13:43">
	<testcase classname="TedgeMapperC8y" name="tedge_mapper_c8y_positive"/>
</testsuite>
