<?xml version="1.0" encoding="utf-8"?>
<testsuite failures="0" name="mqtt_port_change_connection_works" skipped="1" tests="1" time="0.01" timestamp="2022-03-28T17:32:05">
	<testcase classname="MqttPortChangeConnectionWorks" name="mqtt_port_change_connection_works">
		<skipped message="SKIPPED: failing intermitently"/>
		<system-out>19:32:05 DEBUG deletedir failed to update permissions and delete /home/pi/actions-runner/_work/thin-edge.io/thin-edge.io/tests/PySys/misc_features/mqtt_port_change_connection_works/Output/linux on this attempt: [Errno 2] No such file or directory: '/home/pi/actions-runner/_work/thin-edge.io/thin-edge.io/tests/PySys/misc_features/mqtt_port_change_connection_works/Output/linux'
19:32:05 INFO  ==============================================================
19:32:05 INFO  Id:    mqtt_port_change_connection_works
19:32:05 INFO  Dir:   misc_features/
19:32:05 INFO  Title: mqtt port change connection works for all the thin-edge services that use the mosquitto broker
19:32:05 DEBUG Execution order hint: 0.0
19:32:05 INFO  ==============================================================
19:32:05 INFO  failing intermitently ... skipped
19:32:05 DEBUG --- test cleanup
19:32:05 DEBUG ProcessUser cleanup function done.
19:32:05 INFO  
19:32:05 INFO  Test duration: 0.01 secs
19:32:05 INFO  Test final outcome:  SKIPPED
19:32:05 INFO  Test outcome reason: failing intermitently
19:32:05 INFO  
</system-out>
	</testcase>
</testsuite>
