<?xml version="1.0" encoding="utf-8"?>
<testsuite failures="0" name="c8y_jwt_token_retrieval" skipped="0" tests="1" time="14.85" timestamp="2022-03-21T12:38:38">
	<testcase classname="ValidateJWTTokenRetrieval" name="c8y_jwt_token_retrieval"/>
</testsuite>
