<?xml version="1.0" encoding="utf-8"?>
<testsuite failures="0" name="pysys_fail" skipped="1" tests="1" time="0.01" timestamp="2022-03-29T16:33:34">
	<testcase classname="Fail" name="pysys_fail">
		<skipped message="SKIPPED: Enable this to observe a failing test"/>
		<system-out>18:33:34 DEBUG deletedir failed to update permissions and delete /home/pi/actions-runner/_work/thin-edge.io/thin-edge.io/tests/PySys/misc_features/pysys_fail/Output/linux on this attempt: [Errno 2] No such file or directory: '/home/pi/actions-runner/_work/thin-edge.io/thin-edge.io/tests/PySys/misc_features/pysys_fail/Output/linux'
18:33:34 INFO  ==============================================================
18:33:34 INFO  Id:    pysys_fail
18:33:34 INFO  Dir:   misc_features/
18:33:34 INFO  Title: fail
18:33:34 DEBUG Execution order hint: 0.0
18:33:34 INFO  ==============================================================
18:33:34 INFO  Enable this to observe a failing test ... skipped
18:33:34 DEBUG --- test cleanup
18:33:34 DEBUG ProcessUser cleanup function done.
18:33:34 INFO  
18:33:34 INFO  Test duration: 0.01 secs
18:33:34 INFO  Test final outcome:  SKIPPED
18:33:34 INFO  Test outcome reason: Enable this to observe a failing test
18:33:34 INFO  
</system-out>
	</testcase>
</testsuite>
