<?xml version="1.0" encoding="utf-8"?>
<testsuite failures="0" name="docker_plugin_install" skipped="1" tests="1" time="0.0" timestamp="2022-02-24T13:31:08">
	<testcase classname="DockerPluginInstallTest" name="docker_plugin_install"/>
</testsuite>
