<?xml version="1.0" encoding="utf-8"?>
<testsuite failures="0" name="tedge_mapper_az_without_timestamp" skipped="0" tests="1" time="1.68" timestamp="2022-02-09T11:19:35">
	<testcase classname="TedgeMapperAzWithoutTimestamp" name="tedge_mapper_az_without_timestamp"/>
</testsuite>
