<?xml version="1.0" encoding="utf-8"?>
<testsuite failures="0" name="tedge_agent_user_sudo_access" skipped="1" tests="1" time="0.0" timestamp="2022-04-04T08:24:11">
	<testcase classname="TedgeAgentUserSudoAccess" name="tedge_agent_user_sudo_access">
		<skipped message="SKIPPED: #955 Observation: Exit code of the apt plugin when called with no arguments"/>
		<system-out>10:24:11 DEBUG deletedir failed to update permissions and delete /home/pi/actions-runner/_work/thin-edge.io/thin-edge.io/tests/PySys/tedge/tedge_agent_user_sudo_access/Output/linux on this attempt: [Errno 2] No such file or directory: '/home/pi/actions-runner/_work/thin-edge.io/thin-edge.io/tests/PySys/tedge/tedge_agent_user_sudo_access/Output/linux'
10:24:11 INFO  ==============================================================
10:24:11 INFO  Id:    tedge_agent_user_sudo_access
10:24:11 INFO  Dir:   tedge/
10:24:11 INFO  Title: Validate tedge-agent user has a limited sudo right
10:24:11 DEBUG Execution order hint: 0.0
10:24:11 INFO  ==============================================================
10:24:11 INFO  #955 Observation: Exit code of the apt plugin when called with no arguments ... skipped
10:24:11 DEBUG --- test cleanup
10:24:11 DEBUG ProcessUser cleanup function done.
10:24:11 INFO  
10:24:11 INFO  Test duration: 0.00 secs
10:24:11 INFO  Test final outcome:  SKIPPED
10:24:11 INFO  Test outcome reason: #955 Observation: Exit code of the apt plugin when called with no arguments
10:24:11 INFO  
</system-out>
	</testcase>
</testsuite>
