<?xml version="1.0" encoding="utf-8"?>
<testsuite failures="1" name="smoketest_smartrest_400_samples_1Xms" skipped="0" tests="1" time="112.85" timestamp="2022-02-07T14:06:06">
	<testcase classname="SmoketestSmartRest400Samples1Xms" name="smoketest_smartrest_400_samples_1Xms">
		<failure message="BLOCKED: python3&lt;stdout&gt; returned non-zero exit code 1" type="BLOCKED"/>
		<system-out>15:04:13 INFO  ==============================================================
15:04:13 INFO  Id:    smoketest_smartrest_400_samples_1Xms
15:04:13 INFO  Dir:   smoketests/
15:04:13 INFO  Title: Smoketest Smart Rest 400 Samples 1Xms Delay
15:04:13 DEBUG Execution order hint: 0.0
15:04:13 INFO  ==============================================================
15:04:13 DEBUG EnvironmentC8y Setup
15:04:13 INFO  EnvironmentC8y Setup
15:04:13 DEBUG Process parameters for systemctl&lt;serv_mapper1&gt;
  command line : /usr/bin/systemctl status tedge-mapper-c8y
    arg #1     : status
    arg #2     : tedge-mapper-c8y
  working dir  : /home/pi/actions-runner/_work/thin-edge.io/thin-edge.io/tests/PySys/smoketests/smoketest_smartrest_400_samples_1Xms/Output/linux
  stdout       : /home/pi/actions-runner/_work/thin-edge.io/thin-edge.io/tests/PySys/smoketests/smoketest_smartrest_400_samples_1Xms/Output/linux/serv_mapper1.out
  stderr       : /home/pi/actions-runner/_work/thin-edge.io/thin-edge.io/tests/PySys/smoketests/smoketest_smartrest_400_samples_1Xms/Output/linux/serv_mapper1.err
  environment  : LD_LIBRARY_PATH=/usr/lib
  environment  : PATH=/bin:/usr/bin:/usr/sbin:/usr/local/bin
                   #1  /bin
                   #2  /usr/bin
                   #3  /usr/sbin
                   #4  /usr/local/bin
15:04:13 DEBUG Waiting up to 600 secs for process systemctl&lt;serv_mapper1&gt; (pid 24093)
15:04:13 INFO  Executed systemctl&lt;serv_mapper1&gt;, exit status 3
15:04:13 INFO  Restarting mosquitto too frequently in the last 10 seconds. It was only up for 3 seconds
15:04:13 INFO  Delaying execution by 8 seconds
15:04:21 DEBUG Process parameters for sudo&lt;tedge_connect_c8y&gt;
  command line : /usr/bin/sudo /usr/bin/tedge connect c8y
    arg #1     : /usr/bin/tedge
    arg #2     : connect
    arg #3     : c8y
  working dir  : /home/pi/actions-runner/_work/thin-edge.io/thin-edge.io/tests/PySys/smoketests/smoketest_smartrest_400_samples_1Xms/Output/linux
  stdout       : /home/pi/actions-runner/_work/thin-edge.io/thin-edge.io/tests/PySys/smoketests/smoketest_smartrest_400_samples_1Xms/Output/linux/tedge_connect_c8y.out
  stderr       : /home/pi/actions-runner/_work/thin-edge.io/thin-edge.io/tests/PySys/smoketests/smoketest_smartrest_400_samples_1Xms/Output/linux/tedge_connect_c8y.err
  environment  : LD_LIBRARY_PATH=/usr/lib
  environment  : PATH=/bin:/usr/bin:/usr/sbin:/usr/local/bin
                   #1  /bin
                   #2  /usr/bin
                   #3  /usr/sbin
                   #4  /usr/local/bin
15:04:21 DEBUG Waiting up to 600 secs for process sudo&lt;tedge_connect_c8y&gt; (pid 24098)
15:04:32 INFO  Executed sudo&lt;tedge_connect_c8y&gt;, exit status 0, duration 11 secs
15:04:32 DEBUG Process parameters for sudo&lt;tedge_connect_c8y_test&gt;
  command line : /usr/bin/sudo /usr/bin/tedge connect c8y --test
    arg #1     : /usr/bin/tedge
    arg #2     : connect
    arg #3     : c8y
    arg #4     : --test
  working dir  : /home/pi/actions-runner/_work/thin-edge.io/thin-edge.io/tests/PySys/smoketests/smoketest_smartrest_400_samples_1Xms/Output/linux
  stdout       : /home/pi/actions-runner/_work/thin-edge.io/thin-edge.io/tests/PySys/smoketests/smoketest_smartrest_400_samples_1Xms/Output/linux/tedge_connect_c8y_test.out
  stderr       : /home/pi/actions-runner/_work/thin-edge.io/thin-edge.io/tests/PySys/smoketests/smoketest_smartrest_400_samples_1Xms/Output/linux/tedge_connect_c8y_test.err
  environment  : LD_LIBRARY_PATH=/usr/lib
  environment  : PATH=/bin:/usr/bin:/usr/sbin:/usr/local/bin
                   #1  /bin
                   #2  /usr/bin
                   #3  /usr/sbin
                   #4  /usr/local/bin
15:04:32 DEBUG Waiting up to 600 secs for process sudo&lt;tedge_connect_c8y_test&gt; (pid 24259)
15:04:33 INFO  Executed sudo&lt;tedge_connect_c8y_test&gt;, exit status 0
15:04:33 DEBUG Process parameters for systemctl&lt;serv_mosq2&gt;
  command line : /usr/bin/systemctl status mosquitto
    arg #1     : status
    arg #2     : mosquitto
  working dir  : /home/pi/actions-runner/_work/thin-edge.io/thin-edge.io/tests/PySys/smoketests/smoketest_smartrest_400_samples_1Xms/Output/linux
  stdout       : /home/pi/actions-runner/_work/thin-edge.io/thin-edge.io/tests/PySys/smoketests/smoketest_smartrest_400_samples_1Xms/Output/linux/serv_mosq2.out
  stderr       : /home/pi/actions-runner/_work/thin-edge.io/thin-edge.io/tests/PySys/smoketests/smoketest_smartrest_400_samples_1Xms/Output/linux/serv_mosq2.err
  environment  : LD_LIBRARY_PATH=/usr/lib
  environment  : PATH=/bin:/usr/bin:/usr/sbin:/usr/local/bin
                   #1  /bin
                   #2  /usr/bin
                   #3  /usr/sbin
                   #4  /usr/local/bin
15:04:33 DEBUG Waiting up to 600 secs for process systemctl&lt;serv_mosq2&gt; (pid 24262)
15:04:33 INFO  Executed systemctl&lt;serv_mosq2&gt;, exit status 0
15:04:33 DEBUG Process parameters for systemctl&lt;serv_mapper3&gt;
  command line : /usr/bin/systemctl status tedge-mapper-c8y
    arg #1     : status
    arg #2     : tedge-mapper-c8y
  working dir  : /home/pi/actions-runner/_work/thin-edge.io/thin-edge.io/tests/PySys/smoketests/smoketest_smartrest_400_samples_1Xms/Output/linux
  stdout       : /home/pi/actions-runner/_work/thin-edge.io/thin-edge.io/tests/PySys/smoketests/smoketest_smartrest_400_samples_1Xms/Output/linux/serv_mapper3.out
  stderr       : /home/pi/actions-runner/_work/thin-edge.io/thin-edge.io/tests/PySys/smoketests/smoketest_smartrest_400_samples_1Xms/Output/linux/serv_mapper3.err
  environment  : LD_LIBRARY_PATH=/usr/lib
  environment  : PATH=/bin:/usr/bin:/usr/sbin:/usr/local/bin
                   #1  /bin
                   #2  /usr/bin
                   #3  /usr/sbin
                   #4  /usr/local/bin
15:04:33 DEBUG Waiting up to 600 secs for process systemctl&lt;serv_mapper3&gt; (pid 24263)
15:04:33 INFO  Executed systemctl&lt;serv_mapper3&gt;, exit status 0
15:04:33 DEBUG C8y Roundtrip Setup
15:04:33 DEBUG --- test execute
15:04:33 DEBUG EnvironmentC8y Execute
15:04:33 DEBUG C8y Roundtrip Execute
15:05:33 DEBUG Process parameters for python3&lt;stdout&gt;
  command line : /home/pi/env-pysys/bin/python3 /home/pi/actions-runner/_work/thin-edge.io/thin-edge.io/ci/roundtrip_local_to_c8y.py -m REST -pub /home/pi/examples -u octocat -t t493319102 -id 13868798 -o 60 -d 15 -s 400
    arg #1     : /home/pi/actions-runner/_work/thin-edge.io/thin-edge.io/ci/roundtrip_local_to_c8y.py
    arg #2     : -m
    arg #3     : REST
    arg #4     : -pub
    arg #5     : /home/pi/examples
    arg #6     : -u
    arg #7     : octocat
    arg #8     : -t
    arg #9     : t493319102
    arg #10    : -id
    arg #11    : 13868798
    arg #12    : -o
    arg #13    : 60
    arg #14    : -d
    arg #15    : 15
    arg #16    : -s
    arg #17    : 400
  working dir  : /home/pi/actions-runner/_work/thin-edge.io/thin-edge.io/tests/PySys/smoketests/smoketest_smartrest_400_samples_1Xms/Output/linux
  stdout       : /home/pi/actions-runner/_work/thin-edge.io/thin-edge.io/tests/PySys/smoketests/smoketest_smartrest_400_samples_1Xms/Output/linux/stdout.out
  stderr       : /home/pi/actions-runner/_work/thin-edge.io/thin-edge.io/tests/PySys/smoketests/smoketest_smartrest_400_samples_1Xms/Output/linux/stdout.err
  environment  : C8YPASS=CsiqG9s25z//
15:05:33 DEBUG Waiting up to 600 secs for process python3&lt;stdout&gt; (pid 24302)
15:06:02 WARN  Executed python3&lt;stdout&gt;, exit status 1, duration 28 secs
15:06:02 DEBUG Opening file using encoding=UTF-8: /home/pi/actions-runner/_work/thin-edge.io/thin-edge.io/tests/PySys/smoketests/smoketest_smartrest_400_samples_1Xms/Output/linux/stdout.err
15:06:02 DEBUG Opening file using encoding=UTF-8: /home/pi/actions-runner/_work/thin-edge.io/thin-edge.io/tests/PySys/smoketests/smoketest_smartrest_400_samples_1Xms/Output/linux/stdout.out
15:06:02 INFO  Contents of stdout.out: 
15:06:02 INFO    Act: Publishing values with tedge pub
15:06:02 INFO    Waiting 3s for values to arrive in C8y
15:06:02 INFO    Assert: Retrieving data via REST interface
15:06:02 INFO    Gathering values from 2022-02-07 14:05:02+00:00 to 2022-02-07 14:06:02+00:00
15:06:02 INFO    Found 0 recorded values:
15:06:02 INFO    Retrieved values:
15:06:02 INFO    Expected:  0.0  ...  399.0
15:06:02 INFO    Data verification FAILED
15:06:02 INFO    -----
15:06:02 INFO  
15:06:02 WARN  python3&lt;stdout&gt; returned non-zero exit code 1 ... blocked 
15:06:02 WARN  Aborted test due to BLOCKED outcome
15:06:02 DEBUG --- test cleanup
15:06:02 INFO  
15:06:02 INFO  cleanup:
15:06:02 DEBUG Running registered cleanup function: &lt;bound method Environment_roundtrip_c8y.myenvroundtripcleanup of &lt;SmoketestSmartRest400Samples1Xms object at 0x7528b190&gt;&gt;
15:06:02 DEBUG C8y Roundtrip MyCleanup
15:06:02 DEBUG Running registered cleanup function: &lt;bound method EnvironmentC8y.myenvcleanup of &lt;SmoketestSmartRest400Samples1Xms object at 0x7528b190&gt;&gt;
15:06:02 DEBUG EnvironmentC8y Cleanup
15:06:02 DEBUG Process parameters for sudo&lt;tedge_disconnect_c8y&gt;
  command line : /usr/bin/sudo /usr/bin/tedge disconnect c8y
    arg #1     : /usr/bin/tedge
    arg #2     : disconnect
    arg #3     : c8y
  working dir  : /home/pi/actions-runner/_work/thin-edge.io/thin-edge.io/tests/PySys/smoketests/smoketest_smartrest_400_samples_1Xms/Output/linux
  stdout       : /home/pi/actions-runner/_work/thin-edge.io/thin-edge.io/tests/PySys/smoketests/smoketest_smartrest_400_samples_1Xms/Output/linux/tedge_disconnect_c8y.out
  stderr       : /home/pi/actions-runner/_work/thin-edge.io/thin-edge.io/tests/PySys/smoketests/smoketest_smartrest_400_samples_1Xms/Output/linux/tedge_disconnect_c8y.err
  environment  : LD_LIBRARY_PATH=/usr/lib
  environment  : PATH=/bin:/usr/bin:/usr/sbin:/usr/local/bin
                   #1  /bin
                   #2  /usr/bin
                   #3  /usr/sbin
                   #4  /usr/local/bin
15:06:02 DEBUG Waiting up to 600 secs for process sudo&lt;tedge_disconnect_c8y&gt; (pid 25912)
15:06:05 INFO  Executed sudo&lt;tedge_disconnect_c8y&gt;, exit status 0
15:06:05 DEBUG Process parameters for systemctl&lt;serv_mapper5&gt;
  command line : /usr/bin/systemctl status tedge-mapper-c8y
    arg #1     : status
    arg #2     : tedge-mapper-c8y
  working dir  : /home/pi/actions-runner/_work/thin-edge.io/thin-edge.io/tests/PySys/smoketests/smoketest_smartrest_400_samples_1Xms/Output/linux
  stdout       : /home/pi/actions-runner/_work/thin-edge.io/thin-edge.io/tests/PySys/smoketests/smoketest_smartrest_400_samples_1Xms/Output/linux/serv_mapper5.out
  stderr       : /home/pi/actions-runner/_work/thin-edge.io/thin-edge.io/tests/PySys/smoketests/smoketest_smartrest_400_samples_1Xms/Output/linux/serv_mapper5.err
  environment  : LD_LIBRARY_PATH=/usr/lib
  environment  : PATH=/bin:/usr/bin:/usr/sbin:/usr/local/bin
                   #1  /bin
                   #2  /usr/bin
                   #3  /usr/sbin
                   #4  /usr/local/bin
15:06:05 DEBUG Waiting up to 600 secs for process systemctl&lt;serv_mapper5&gt; (pid 25969)
15:06:06 INFO  Executed systemctl&lt;serv_mapper5&gt;, exit status 3
15:06:06 DEBUG ProcessUser cleanup function done.
15:06:06 INFO  
15:06:06 INFO  Test duration: 112.85 secs
15:06:06 INFO  Test final outcome:  BLOCKED
15:06:06 INFO  Test outcome reason: python3&lt;stdout&gt; returned non-zero exit code 1
15:06:06 INFO  
</system-out>
	</testcase>
</testsuite>
