<?xml version="1.0" encoding="utf-8"?>
<testsuite failures="0" name="tedge_agent_user_sudo_access" skipped="1" tests="1" time="0.0" timestamp="2022-03-21T16:52:54">
	<testcase classname="TedgeAgentUserSudoAccess" name="tedge_agent_user_sudo_access">
		<skipped message="SKIPPED: #955 Observation: Exit code of the apt plugin when called with no arguments"/>
		<system-out>17:52:54 DEBUG deletedir failed to update permissions and delete /home/pi/actions-runner/_work/thin-edge.io/thin-edge.io/tests/PySys/tedge/tedge_agent_user_sudo_access/Output/linux on this attempt: [Errno 2] No such file or directory: '/home/pi/actions-runner/_work/thin-edge.io/thin-edge.io/tests/PySys/tedge/tedge_agent_user_sudo_access/Output/linux'
17:52:54 INFO  ==============================================================
17:52:54 INFO  Id:    tedge_agent_user_sudo_access
17:52:54 INFO  Dir:   tedge/
17:52:54 INFO  Title: Validate tedge-agent user has a limited sudo right
17:52:54 DEBUG Execution order hint: 0.0
17:52:54 INFO  ==============================================================
17:52:54 INFO  #955 Observation: Exit code of the apt plugin when called with no arguments ... skipped
17:52:54 DEBUG --- test cleanup
17:52:54 DEBUG ProcessUser cleanup function done.
17:52:54 INFO  
17:52:54 INFO  Test duration: 0.00 secs
17:52:54 INFO  Test final outcome:  SKIPPED
17:52:54 INFO  Test outcome reason: #955 Observation: Exit code of the apt plugin when called with no arguments
17:52:54 INFO  
</system-out>
	</testcase>
</testsuite>
