<?xml version="1.0" encoding="utf-8"?>
<testsuite failures="0" name="smoketest_json" skipped="0" tests="1" time="38.29" timestamp="2022-04-04T08:18:00">
	<testcase classname="SmokeTestJson" name="smoketest_json"/>
</testsuite>
