<?xml version="1.0" encoding="utf-8"?>
<testsuite failures="0" name="SoftwareManagement.sm_fake_install_remove" skipped="1" tests="1" time="0.0" timestamp="2022-03-28T17:42:07">
	<testcase classname="PySysTest" name="SoftwareManagement.sm_fake_install_remove">
		<skipped message="SKIPPED: Testing the fake plugin is not enabled.Use parameter -Xfakeplugin=fakeplugin to enable it"/>
		<system-out>19:42:07 DEBUG deletedir failed to update permissions and delete /home/pi/actions-runner/_work/thin-edge.io/thin-edge.io/tests/PySys/software_management_end_to_end/sm_fake_install_remove/Output/linux on this attempt: [Errno 2] No such file or directory: '/home/pi/actions-runner/_work/thin-edge.io/thin-edge.io/tests/PySys/software_management_end_to_end/sm_fake_install_remove/Output/linux'
19:42:07 INFO  ==============================================================
19:42:07 INFO  Id:    SoftwareManagement.sm_fake_install_remove
19:42:07 INFO  Dir:   software_management_end_to_end/
19:42:07 INFO  Title: Validate end to end behaviour for the dummy plugin for installation and removal of packages
19:42:07 DEBUG Execution order hint: 0.0
19:42:07 INFO  ==============================================================
19:42:07 INFO  Testing the fake plugin is not enabled.Use parameter -Xfakeplugin=fakeplugin to enable it ... skipped
19:42:07 WARN  Aborted test due to SKIPPED outcome
19:42:07 DEBUG --- test cleanup
19:42:07 DEBUG ProcessUser cleanup function done.
19:42:07 INFO  
19:42:07 INFO  Test duration: 0.00 secs
19:42:07 INFO  Test final outcome:  SKIPPED
19:42:07 INFO  Test outcome reason: Testing the fake plugin is not enabled.Use parameter -Xfakeplugin=fakeplugin to enable it
19:42:07 INFO  
</system-out>
	</testcase>
</testsuite>
