<?xml version="1.0" encoding="utf-8"?>
<testsuite failures="0" name="docker_plugin_finalize" skipped="1" tests="1" time="0.02" timestamp="2022-03-29T16:34:15">
	<testcase classname="DockerPluginFinalizeTest" name="docker_plugin_finalize">
		<skipped message="SKIPPED: Testing the docker plugin is not supported on this platform.To run it, all the test with -XmyPlatform='container'"/>
		<system-out>18:34:15 DEBUG deletedir failed to update permissions and delete /home/pi/actions-runner/_work/thin-edge.io/thin-edge.io/tests/PySys/plugin_docker/docker_plugin_finalize/Output/linux on this attempt: [Errno 2] No such file or directory: '/home/pi/actions-runner/_work/thin-edge.io/thin-edge.io/tests/PySys/plugin_docker/docker_plugin_finalize/Output/linux'
18:34:15 INFO  ==============================================================
18:34:15 INFO  Id:    docker_plugin_finalize
18:34:15 INFO  Dir:   plugin_docker/
18:34:15 INFO  Title: Validate docker plugin finalize command
18:34:15 DEBUG Execution order hint: 0.0
18:34:15 INFO  ==============================================================
18:34:15 INFO  Testing the docker plugin is not supported on this platform.To run it, all the test with -XmyPlatform='container' ... skipped
18:34:15 WARN  Aborted test due to SKIPPED outcome
18:34:15 DEBUG --- test cleanup
18:34:15 DEBUG ProcessUser cleanup function done.
18:34:15 INFO  
18:34:15 INFO  Test duration: 0.02 secs
18:34:15 INFO  Test final outcome:  SKIPPED
18:34:15 INFO  Test outcome reason: Testing the docker plugin is not supported on this platform.To run it, all the test with -XmyPlatform='container'
18:34:15 INFO  
</system-out>
	</testcase>
</testsuite>
