<?xml version="1.0" encoding="utf-8"?>
<testsuite failures="0" name="invalid_device_id" skipped="0" tests="1" time="1.79" timestamp="2022-02-09T11:06:15">
	<testcase classname="InvalidDeviceId" name="invalid_device_id"/>
</testsuite>
