<?xml version="1.0" encoding="utf-8"?>
<testsuite failures="1" name="log_request_error_messages" skipped="0" tests="1" time="28.68" timestamp="2022-02-07T13:56:53">
	<testcase classname="LogRequestVerifySearchTextError" name="log_request_error_messages">
		<failure message="BLOCKED: SystemError: field id is missing in response" type="BLOCKED"/>
		<system-out>14:56:24 INFO  ==============================================================
14:56:24 INFO  Id:    log_request_error_messages
14:56:24 INFO  Dir:   log_request_end_to_end/
14:56:24 INFO  Title: Validate end to end behaviour for the log request operation check for error messages
14:56:24 DEBUG Execution order hint: 0.0
14:56:24 INFO  ==============================================================
14:56:25 DEBUG EnvironmentC8y Setup
14:56:25 INFO  EnvironmentC8y Setup
14:56:25 DEBUG Process parameters for systemctl&lt;serv_mapper1&gt;
  command line : /usr/bin/systemctl status tedge-mapper-c8y
    arg #1     : status
    arg #2     : tedge-mapper-c8y
  working dir  : /home/pi/actions-runner/_work/thin-edge.io/thin-edge.io/tests/PySys/log_request_end_to_end/log_request_error_messages/Output/linux
  stdout       : /home/pi/actions-runner/_work/thin-edge.io/thin-edge.io/tests/PySys/log_request_end_to_end/log_request_error_messages/Output/linux/serv_mapper1.out
  stderr       : /home/pi/actions-runner/_work/thin-edge.io/thin-edge.io/tests/PySys/log_request_end_to_end/log_request_error_messages/Output/linux/serv_mapper1.err
  environment  : LD_LIBRARY_PATH=/usr/lib
  environment  : PATH=/bin:/usr/bin:/usr/sbin:/usr/local/bin
                   #1  /bin
                   #2  /usr/bin
                   #3  /usr/sbin
                   #4  /usr/local/bin
14:56:25 DEBUG Waiting up to 600 secs for process systemctl&lt;serv_mapper1&gt; (pid 21293)
14:56:25 INFO  Executed systemctl&lt;serv_mapper1&gt;, exit status 3
14:56:25 INFO  Restarting mosquitto too frequently in the last 10 seconds. It was only up for 1 seconds
14:56:25 INFO  Delaying execution by 10 seconds
14:56:35 DEBUG Process parameters for sudo&lt;tedge_connect_c8y&gt;
  command line : /usr/bin/sudo /usr/bin/tedge connect c8y
    arg #1     : /usr/bin/tedge
    arg #2     : connect
    arg #3     : c8y
  working dir  : /home/pi/actions-runner/_work/thin-edge.io/thin-edge.io/tests/PySys/log_request_end_to_end/log_request_error_messages/Output/linux
  stdout       : /home/pi/actions-runner/_work/thin-edge.io/thin-edge.io/tests/PySys/log_request_end_to_end/log_request_error_messages/Output/linux/tedge_connect_c8y.out
  stderr       : /home/pi/actions-runner/_work/thin-edge.io/thin-edge.io/tests/PySys/log_request_end_to_end/log_request_error_messages/Output/linux/tedge_connect_c8y.err
  environment  : LD_LIBRARY_PATH=/usr/lib
  environment  : PATH=/bin:/usr/bin:/usr/sbin:/usr/local/bin
                   #1  /bin
                   #2  /usr/bin
                   #3  /usr/sbin
                   #4  /usr/local/bin
14:56:35 DEBUG Waiting up to 600 secs for process sudo&lt;tedge_connect_c8y&gt; (pid 21299)
14:56:47 INFO  Executed sudo&lt;tedge_connect_c8y&gt;, exit status 0, duration 11 secs
14:56:47 DEBUG Process parameters for sudo&lt;tedge_connect_c8y_test&gt;
  command line : /usr/bin/sudo /usr/bin/tedge connect c8y --test
    arg #1     : /usr/bin/tedge
    arg #2     : connect
    arg #3     : c8y
    arg #4     : --test
  working dir  : /home/pi/actions-runner/_work/thin-edge.io/thin-edge.io/tests/PySys/log_request_end_to_end/log_request_error_messages/Output/linux
  stdout       : /home/pi/actions-runner/_work/thin-edge.io/thin-edge.io/tests/PySys/log_request_end_to_end/log_request_error_messages/Output/linux/tedge_connect_c8y_test.out
  stderr       : /home/pi/actions-runner/_work/thin-edge.io/thin-edge.io/tests/PySys/log_request_end_to_end/log_request_error_messages/Output/linux/tedge_connect_c8y_test.err
  environment  : LD_LIBRARY_PATH=/usr/lib
  environment  : PATH=/bin:/usr/bin:/usr/sbin:/usr/local/bin
                   #1  /bin
                   #2  /usr/bin
                   #3  /usr/sbin
                   #4  /usr/local/bin
14:56:47 DEBUG Waiting up to 600 secs for process sudo&lt;tedge_connect_c8y_test&gt; (pid 21458)
14:56:47 INFO  Executed sudo&lt;tedge_connect_c8y_test&gt;, exit status 0
14:56:47 DEBUG Process parameters for systemctl&lt;serv_mosq2&gt;
  command line : /usr/bin/systemctl status mosquitto
    arg #1     : status
    arg #2     : mosquitto
  working dir  : /home/pi/actions-runner/_work/thin-edge.io/thin-edge.io/tests/PySys/log_request_end_to_end/log_request_error_messages/Output/linux
  stdout       : /home/pi/actions-runner/_work/thin-edge.io/thin-edge.io/tests/PySys/log_request_end_to_end/log_request_error_messages/Output/linux/serv_mosq2.out
  stderr       : /home/pi/actions-runner/_work/thin-edge.io/thin-edge.io/tests/PySys/log_request_end_to_end/log_request_error_messages/Output/linux/serv_mosq2.err
  environment  : LD_LIBRARY_PATH=/usr/lib
  environment  : PATH=/bin:/usr/bin:/usr/sbin:/usr/local/bin
                   #1  /bin
                   #2  /usr/bin
                   #3  /usr/sbin
                   #4  /usr/local/bin
14:56:47 DEBUG Waiting up to 600 secs for process systemctl&lt;serv_mosq2&gt; (pid 21461)
14:56:48 INFO  Executed systemctl&lt;serv_mosq2&gt;, exit status 0
14:56:48 DEBUG Process parameters for systemctl&lt;serv_mapper3&gt;
  command line : /usr/bin/systemctl status tedge-mapper-c8y
    arg #1     : status
    arg #2     : tedge-mapper-c8y
  working dir  : /home/pi/actions-runner/_work/thin-edge.io/thin-edge.io/tests/PySys/log_request_end_to_end/log_request_error_messages/Output/linux
  stdout       : /home/pi/actions-runner/_work/thin-edge.io/thin-edge.io/tests/PySys/log_request_end_to_end/log_request_error_messages/Output/linux/serv_mapper3.out
  stderr       : /home/pi/actions-runner/_work/thin-edge.io/thin-edge.io/tests/PySys/log_request_end_to_end/log_request_error_messages/Output/linux/serv_mapper3.err
  environment  : LD_LIBRARY_PATH=/usr/lib
  environment  : PATH=/bin:/usr/bin:/usr/sbin:/usr/local/bin
                   #1  /bin
                   #2  /usr/bin
                   #3  /usr/sbin
                   #4  /usr/local/bin
14:56:48 DEBUG Waiting up to 600 secs for process systemctl&lt;serv_mapper3&gt; (pid 21469)
14:56:48 INFO  Executed systemctl&lt;serv_mapper3&gt;, exit status 0
14:56:48 DEBUG Process parameters for sudo&lt;rm_logs&gt;
  command line : /usr/bin/sudo rm -rf /tmp/sw_logs
    arg #1     : rm
    arg #2     : -rf
    arg #3     : /tmp/sw_logs
  working dir  : /home/pi/actions-runner/_work/thin-edge.io/thin-edge.io/tests/PySys/log_request_end_to_end/log_request_error_messages/Output/linux
  stdout       : /home/pi/actions-runner/_work/thin-edge.io/thin-edge.io/tests/PySys/log_request_end_to_end/log_request_error_messages/Output/linux/rm_logs.out
  stderr       : /home/pi/actions-runner/_work/thin-edge.io/thin-edge.io/tests/PySys/log_request_end_to_end/log_request_error_messages/Output/linux/rm_logs.err
  environment  : LD_LIBRARY_PATH=/usr/lib
  environment  : PATH=/bin:/usr/bin:/usr/sbin:/usr/local/bin
                   #1  /bin
                   #2  /usr/bin
                   #3  /usr/sbin
                   #4  /usr/local/bin
14:56:48 DEBUG Waiting up to 600 secs for process sudo&lt;rm_logs&gt; (pid 21470)
14:56:48 INFO  Executed sudo&lt;rm_logs&gt;, exit status 0
14:56:48 DEBUG Process parameters for sudo&lt;move_logs&gt;
  command line : /usr/bin/sudo sh -c 'mv /tmp/sw_logs/* /var/log/tedge/agent/'
    arg #1     : sh
    arg #2     : -c
    arg #3     : mv /tmp/sw_logs/* /var/log/tedge/agent/
  working dir  : /home/pi/actions-runner/_work/thin-edge.io/thin-edge.io/tests/PySys/log_request_end_to_end/log_request_error_messages/Output/linux
  stdout       : /home/pi/actions-runner/_work/thin-edge.io/thin-edge.io/tests/PySys/log_request_end_to_end/log_request_error_messages/Output/linux/move_logs.out
  stderr       : /home/pi/actions-runner/_work/thin-edge.io/thin-edge.io/tests/PySys/log_request_end_to_end/log_request_error_messages/Output/linux/move_logs.err
  environment  : LD_LIBRARY_PATH=/usr/lib
  environment  : PATH=/bin:/usr/bin:/usr/sbin:/usr/local/bin
                   #1  /bin
                   #2  /usr/bin
                   #3  /usr/sbin
                   #4  /usr/local/bin
14:56:48 DEBUG Waiting up to 600 secs for process sudo&lt;move_logs&gt; (pid 21472)
14:56:48 INFO  Executed sudo&lt;move_logs&gt;, exit status 0
14:56:48 DEBUG --- test execute
14:56:49 WARN  caught &lt;class 'SystemError'&gt; while running test: field id is missing in response
Traceback (most recent call last):
  File &quot;/home/pi/env-pysys/lib/python3.7/site-packages/pysys/baserunner.py&quot;, line 1209, in __call__
    self.testObj.execute()
  File &quot;/home/pi/actions-runner/_work/thin-edge.io/thin-edge.io/tests/PySys/log_request_end_to_end/log_request_error_messages/run.py&quot;, line 39, in execute
    log_file_request_payload, self.project.deviceid)
  File &quot;/home/pi/actions-runner/_work/thin-edge.io/thin-edge.io/tests/PySys/environments/cumulocity.py&quot;, line 115, in trigger_log_request
    raise SystemError(&quot;field id is missing in response&quot;)
SystemError: field id is missing in response
14:56:49 WARN  SystemError: field id is missing in response ... blocked 
14:56:49 DEBUG --- test cleanup
14:56:49 INFO  
14:56:49 INFO  cleanup:
14:56:49 DEBUG Running registered cleanup function: &lt;bound method LogRequestVerifySearchTextError.cleanup_logs of &lt;LogRequestVerifySearchTextError object at 0x753fbbd0&gt;&gt;
14:56:49 DEBUG Process parameters for sudo&lt;rm_logs&gt;
  command line : /usr/bin/sudo sh -c 'rm -rf /var/log/tedge/agent/example-*'
    arg #1     : sh
    arg #2     : -c
    arg #3     : rm -rf /var/log/tedge/agent/example-*
  working dir  : /home/pi/actions-runner/_work/thin-edge.io/thin-edge.io/tests/PySys/log_request_end_to_end/log_request_error_messages/Output/linux
  stdout       : /home/pi/actions-runner/_work/thin-edge.io/thin-edge.io/tests/PySys/log_request_end_to_end/log_request_error_messages/Output/linux/rm_logs.out
  stderr       : /home/pi/actions-runner/_work/thin-edge.io/thin-edge.io/tests/PySys/log_request_end_to_end/log_request_error_messages/Output/linux/rm_logs.err
  environment  : LD_LIBRARY_PATH=/usr/lib
  environment  : PATH=/bin:/usr/bin:/usr/sbin:/usr/local/bin
                   #1  /bin
                   #2  /usr/bin
                   #3  /usr/sbin
                   #4  /usr/local/bin
14:56:49 DEBUG Waiting up to 600 secs for process sudo&lt;rm_logs&gt; (pid 21475)
14:56:49 INFO  Executed sudo&lt;rm_logs&gt;, exit status 0
14:56:49 DEBUG Process parameters for sudo&lt;rm_tmp_logs&gt;
  command line : /usr/bin/sudo rm -rf /tmp/sw_logs
    arg #1     : rm
    arg #2     : -rf
    arg #3     : /tmp/sw_logs
  working dir  : /home/pi/actions-runner/_work/thin-edge.io/thin-edge.io/tests/PySys/log_request_end_to_end/log_request_error_messages/Output/linux
  stdout       : /home/pi/actions-runner/_work/thin-edge.io/thin-edge.io/tests/PySys/log_request_end_to_end/log_request_error_messages/Output/linux/rm_tmp_logs.out
  stderr       : /home/pi/actions-runner/_work/thin-edge.io/thin-edge.io/tests/PySys/log_request_end_to_end/log_request_error_messages/Output/linux/rm_tmp_logs.err
  environment  : LD_LIBRARY_PATH=/usr/lib
  environment  : PATH=/bin:/usr/bin:/usr/sbin:/usr/local/bin
                   #1  /bin
                   #2  /usr/bin
                   #3  /usr/sbin
                   #4  /usr/local/bin
14:56:49 DEBUG Waiting up to 600 secs for process sudo&lt;rm_tmp_logs&gt; (pid 21478)
14:56:49 INFO  Executed sudo&lt;rm_tmp_logs&gt;, exit status 0
14:56:49 DEBUG Process parameters for sudo&lt;send_failed&gt;
  command line : /usr/bin/sudo /usr/bin/tedge mqtt pub c8y/s/us 502,c8y_LogfileRequest
    arg #1     : /usr/bin/tedge
    arg #2     : mqtt
    arg #3     : pub
    arg #4     : c8y/s/us
    arg #5     : 502,c8y_LogfileRequest
  working dir  : /home/pi/actions-runner/_work/thin-edge.io/thin-edge.io/tests/PySys/log_request_end_to_end/log_request_error_messages/Output/linux
  stdout       : /home/pi/actions-runner/_work/thin-edge.io/thin-edge.io/tests/PySys/log_request_end_to_end/log_request_error_messages/Output/linux/send_failed.out
  stderr       : /home/pi/actions-runner/_work/thin-edge.io/thin-edge.io/tests/PySys/log_request_end_to_end/log_request_error_messages/Output/linux/send_failed.err
  environment  : LD_LIBRARY_PATH=/usr/lib
  environment  : PATH=/bin:/usr/bin:/usr/sbin:/usr/local/bin
                   #1  /bin
                   #2  /usr/bin
                   #3  /usr/sbin
                   #4  /usr/local/bin
14:56:49 DEBUG Waiting up to 600 secs for process sudo&lt;send_failed&gt; (pid 21480)
14:56:50 INFO  Executed sudo&lt;send_failed&gt;, exit status 0
14:56:50 DEBUG Running registered cleanup function: &lt;bound method EnvironmentC8y.myenvcleanup of &lt;LogRequestVerifySearchTextError object at 0x753fbbd0&gt;&gt;
14:56:50 DEBUG EnvironmentC8y Cleanup
14:56:50 DEBUG Process parameters for sudo&lt;tedge_disconnect_c8y&gt;
  command line : /usr/bin/sudo /usr/bin/tedge disconnect c8y
    arg #1     : /usr/bin/tedge
    arg #2     : disconnect
    arg #3     : c8y
  working dir  : /home/pi/actions-runner/_work/thin-edge.io/thin-edge.io/tests/PySys/log_request_end_to_end/log_request_error_messages/Output/linux
  stdout       : /home/pi/actions-runner/_work/thin-edge.io/thin-edge.io/tests/PySys/log_request_end_to_end/log_request_error_messages/Output/linux/tedge_disconnect_c8y.out
  stderr       : /home/pi/actions-runner/_work/thin-edge.io/thin-edge.io/tests/PySys/log_request_end_to_end/log_request_error_messages/Output/linux/tedge_disconnect_c8y.err
  environment  : LD_LIBRARY_PATH=/usr/lib
  environment  : PATH=/bin:/usr/bin:/usr/sbin:/usr/local/bin
                   #1  /bin
                   #2  /usr/bin
                   #3  /usr/sbin
                   #4  /usr/local/bin
14:56:50 DEBUG Waiting up to 600 secs for process sudo&lt;tedge_disconnect_c8y&gt; (pid 21486)
14:56:53 INFO  Executed sudo&lt;tedge_disconnect_c8y&gt;, exit status 0
14:56:53 DEBUG Process parameters for systemctl&lt;serv_mapper5&gt;
  command line : /usr/bin/systemctl status tedge-mapper-c8y
    arg #1     : status
    arg #2     : tedge-mapper-c8y
  working dir  : /home/pi/actions-runner/_work/thin-edge.io/thin-edge.io/tests/PySys/log_request_end_to_end/log_request_error_messages/Output/linux
  stdout       : /home/pi/actions-runner/_work/thin-edge.io/thin-edge.io/tests/PySys/log_request_end_to_end/log_request_error_messages/Output/linux/serv_mapper5.out
  stderr       : /home/pi/actions-runner/_work/thin-edge.io/thin-edge.io/tests/PySys/log_request_end_to_end/log_request_error_messages/Output/linux/serv_mapper5.err
  environment  : LD_LIBRARY_PATH=/usr/lib
  environment  : PATH=/bin:/usr/bin:/usr/sbin:/usr/local/bin
                   #1  /bin
                   #2  /usr/bin
                   #3  /usr/sbin
                   #4  /usr/local/bin
14:56:53 DEBUG Waiting up to 600 secs for process systemctl&lt;serv_mapper5&gt; (pid 21544)
14:56:53 INFO  Executed systemctl&lt;serv_mapper5&gt;, exit status 3
14:56:53 DEBUG ProcessUser cleanup function done.
14:56:53 INFO  
14:56:53 INFO  Test duration: 28.68 secs
14:56:53 INFO  Test final outcome:  BLOCKED
14:56:53 INFO  Test outcome reason: SystemError: field id is missing in response
14:56:53 INFO  
</system-out>
	</testcase>
</testsuite>
