<?xml version="1.0" encoding="utf-8"?>
<testsuite failures="0" name="mqtt_port_change_connection_works" skipped="1" tests="1" time="0.08" timestamp="2022-04-04T08:14:07">
	<testcase classname="MqttPortChangeConnectionWorks" name="mqtt_port_change_connection_works">
		<skipped message="SKIPPED: failing intermitently"/>
		<system-out>10:14:07 DEBUG deletedir failed to update permissions and delete /home/pi/actions-runner/_work/thin-edge.io/thin-edge.io/tests/PySys/misc_features/mqtt_port_change_connection_works/Output/linux on this attempt: [Errno 2] No such file or directory: '/home/pi/actions-runner/_work/thin-edge.io/thin-edge.io/tests/PySys/misc_features/mqtt_port_change_connection_works/Output/linux'
10:14:07 INFO  ==============================================================
10:14:07 INFO  Id:    mqtt_port_change_connection_works
10:14:07 INFO  Dir:   misc_features/
10:14:07 INFO  Title: mqtt port change connection works for all the thin-edge services that use the mosquitto broker
10:14:07 DEBUG Execution order hint: 0.0
10:14:07 INFO  ==============================================================
10:14:07 INFO  failing intermitently ... skipped
10:14:07 DEBUG --- test cleanup
10:14:07 DEBUG ProcessUser cleanup function done.
10:14:07 INFO  
10:14:07 INFO  Test duration: 0.08 secs
10:14:07 INFO  Test final outcome:  SKIPPED
10:14:07 INFO  Test outcome reason: failing intermitently
10:14:07 INFO  
</system-out>
	</testcase>
</testsuite>
