<?xml version="1.0" encoding="utf-8"?>
<testsuite failures="0" name="publish_sawmill" skipped="0" tests="1" time="73.27" timestamp="2022-04-04T08:17:21">
	<testcase classname="PublishSawmill" name="publish_sawmill"/>
</testsuite>
