<?xml version="1.0" encoding="utf-8"?>
<testsuite failures="0" name="pysys_fail" skipped="1" tests="1" time="0.0" timestamp="2022-04-04T08:14:23">
	<testcase classname="Fail" name="pysys_fail">
		<skipped message="SKIPPED: Enable this to observe a failing test"/>
		<system-out>10:14:23 DEBUG deletedir failed to update permissions and delete /home/pi/actions-runner/_work/thin-edge.io/thin-edge.io/tests/PySys/misc_features/pysys_fail/Output/linux on this attempt: [Errno 2] No such file or directory: '/home/pi/actions-runner/_work/thin-edge.io/thin-edge.io/tests/PySys/misc_features/pysys_fail/Output/linux'
10:14:23 INFO  ==============================================================
10:14:23 INFO  Id:    pysys_fail
10:14:23 INFO  Dir:   misc_features/
10:14:23 INFO  Title: fail
10:14:23 DEBUG Execution order hint: 0.0
10:14:23 INFO  ==============================================================
10:14:23 INFO  Enable this to observe a failing test ... skipped
10:14:23 DEBUG --- test cleanup
10:14:23 DEBUG ProcessUser cleanup function done.
10:14:23 INFO  
10:14:23 INFO  Test duration: 0.00 secs
10:14:23 INFO  Test final outcome:  SKIPPED
10:14:23 INFO  Test outcome reason: Enable this to observe a failing test
10:14:23 INFO  
</system-out>
	</testcase>
</testsuite>
