<?xml version="1.0" encoding="utf-8"?>
<testsuite failures="0" name="pysys_block" skipped="1" tests="1" time="0.0" timestamp="2022-03-22T13:40:44">
	<testcase classname="Fail" name="pysys_block">
		<skipped message="SKIPPED: Enable this to observe a blocking test"/>
		<system-out>14:40:44 DEBUG deletedir failed to update permissions and delete /home/pi/actions-runner/_work/thin-edge.io/thin-edge.io/tests/PySys/misc_features/pysys_block/Output/linux on this attempt: [Errno 2] No such file or directory: '/home/pi/actions-runner/_work/thin-edge.io/thin-edge.io/tests/PySys/misc_features/pysys_block/Output/linux'
14:40:44 INFO  ==============================================================
14:40:44 INFO  Id:    pysys_block
14:40:44 INFO  Dir:   misc_features/
14:40:44 INFO  Title: fail
14:40:44 DEBUG Execution order hint: 0.0
14:40:44 INFO  ==============================================================
14:40:44 INFO  Enable this to observe a blocking test ... skipped
14:40:44 DEBUG --- test cleanup
14:40:44 DEBUG ProcessUser cleanup function done.
14:40:44 INFO  
14:40:44 INFO  Test duration: 0.00 secs
14:40:44 INFO  Test final outcome:  SKIPPED
14:40:44 INFO  Test outcome reason: Enable this to observe a blocking test
14:40:44 INFO  
</system-out>
	</testcase>
</testsuite>
