<?xml version="1.0" encoding="utf-8"?>
<testsuite failures="0" name="mqtt_port_change_connection_works" skipped="1" tests="1" time="0.01" timestamp="2022-03-29T16:33:19">
	<testcase classname="MqttPortChangeConnectionWorks" name="mqtt_port_change_connection_works">
		<skipped message="SKIPPED: failing intermitently"/>
		<system-out>18:33:19 DEBUG deletedir failed to update permissions and delete /home/pi/actions-runner/_work/thin-edge.io/thin-edge.io/tests/PySys/misc_features/mqtt_port_change_connection_works/Output/linux on this attempt: [Errno 2] No such file or directory: '/home/pi/actions-runner/_work/thin-edge.io/thin-edge.io/tests/PySys/misc_features/mqtt_port_change_connection_works/Output/linux'
18:33:19 INFO  ==============================================================
18:33:19 INFO  Id:    mqtt_port_change_connection_works
18:33:19 INFO  Dir:   misc_features/
18:33:19 INFO  Title: mqtt port change connection works for all the thin-edge services that use the mosquitto broker
18:33:19 DEBUG Execution order hint: 0.0
18:33:19 INFO  ==============================================================
18:33:19 INFO  failing intermitently ... skipped
18:33:19 DEBUG --- test cleanup
18:33:19 DEBUG ProcessUser cleanup function done.
18:33:19 INFO  
18:33:19 INFO  Test duration: 0.01 secs
18:33:19 INFO  Test final outcome:  SKIPPED
18:33:19 INFO  Test outcome reason: failing intermitently
18:33:19 INFO  
</system-out>
	</testcase>
</testsuite>
