<?xml version="1.0" encoding="utf-8"?>
<testsuite failures="0" name="docker_plugin_update" skipped="1" tests="1" time="0.01" timestamp="2022-03-30T08:06:03">
	<testcase classname="DockerPluginUpdateTest" name="docker_plugin_update">
		<skipped message="SKIPPED: Testing the docker plugin is not supported on this platform.To run it, all the test with -XmyPlatform='container'"/>
		<system-out>10:06:03 DEBUG deletedir failed to update permissions and delete /home/pi/actions-runner/_work/thin-edge.io/thin-edge.io/tests/PySys/plugin_docker/docker_plugin_update/Output/linux on this attempt: [Errno 2] No such file or directory: '/home/pi/actions-runner/_work/thin-edge.io/thin-edge.io/tests/PySys/plugin_docker/docker_plugin_update/Output/linux'
10:06:03 INFO  ==============================================================
10:06:03 INFO  Id:    docker_plugin_update
10:06:03 INFO  Dir:   plugin_docker/
10:06:03 INFO  Title: Validate docker plugin install updates existing containers
10:06:03 DEBUG Execution order hint: 0.0
10:06:03 INFO  ==============================================================
10:06:03 INFO  Testing the docker plugin is not supported on this platform.To run it, all the test with -XmyPlatform='container' ... skipped
10:06:03 WARN  Aborted test due to SKIPPED outcome
10:06:03 DEBUG --- test cleanup
10:06:03 DEBUG ProcessUser cleanup function done.
10:06:03 INFO  
10:06:03 INFO  Test duration: 0.01 secs
10:06:03 INFO  Test final outcome:  SKIPPED
10:06:03 INFO  Test outcome reason: Testing the docker plugin is not supported on this platform.To run it, all the test with -XmyPlatform='container'
10:06:03 INFO  
</system-out>
	</testcase>
</testsuite>
