<?xml version="1.0" encoding="utf-8"?>
<testsuite failures="0" name="SoftwareManagement.sm_mapper_fail_and_reconnect" skipped="1" tests="1" time="0.0" timestamp="2022-03-15T17:47:47">
	<testcase classname="MapperC8yReceiveLastMessageOnRestart" name="SoftwareManagement.sm_mapper_fail_and_reconnect"/>
</testsuite>
