<?xml version="1.0" encoding="utf-8"?>
<testsuite failures="0" name="tedge_software_update" skipped="0" tests="1" time="16.68" timestamp="2022-03-21T16:53:11">
	<testcase classname="PySysTest" name="tedge_software_update"/>
</testsuite>
