<?xml version="1.0" encoding="utf-8"?>
<testsuite failures="0" name="SoftwareManagement.Plugin.apama_plugin_mon_support" skipped="1" tests="1" time="0.01" timestamp="2022-03-29T16:34:13">
	<testcase classname="ApamaPluginMonSupportTest" name="SoftwareManagement.Plugin.apama_plugin_mon_support">
		<skipped message="SKIPPED: Apama plugin tests are disabled by default. Execute `pysys run` with `-XmyPlatform=container` to run these tests"/>
		<system-out>18:34:13 DEBUG deletedir failed to update permissions and delete /home/pi/actions-runner/_work/thin-edge.io/thin-edge.io/tests/PySys/plugin_apama/apama_plugin_mon_support/Output/linux on this attempt: [Errno 2] No such file or directory: '/home/pi/actions-runner/_work/thin-edge.io/thin-edge.io/tests/PySys/plugin_apama/apama_plugin_mon_support/Output/linux'
18:34:13 INFO  ==============================================================
18:34:13 INFO  Id:    SoftwareManagement.Plugin.apama_plugin_mon_support
18:34:13 INFO  Dir:   plugin_apama/
18:34:13 INFO  Title: Validate mon file support of apama plugin
18:34:13 DEBUG Execution order hint: 0.0
18:34:13 INFO  ==============================================================
18:34:13 INFO  Apama plugin tests are disabled by default. Execute `pysys run` with `-XmyPlatform=container` to run these tests ... skipped
18:34:13 WARN  Aborted test due to SKIPPED outcome
18:34:13 DEBUG --- test cleanup
18:34:13 DEBUG ProcessUser cleanup function done.
18:34:13 INFO  
18:34:13 INFO  Test duration: 0.01 secs
18:34:13 INFO  Test final outcome:  SKIPPED
18:34:13 INFO  Test outcome reason: Apama plugin tests are disabled by default. Execute `pysys run` with `-XmyPlatform=container` to run these tests
18:34:13 INFO  
</system-out>
	</testcase>
</testsuite>
