<?xml version="1.0" encoding="utf-8"?>
<testsuite failures="0" name="SoftwareManagement.Plugin.apama_plugin_install" skipped="1" tests="1" time="0.01" timestamp="2022-04-04T08:15:00">
	<testcase classname="ApamaPluginInstallTest" name="SoftwareManagement.Plugin.apama_plugin_install">
		<skipped message="SKIPPED: Apama plugin tests are disabled by default. Execute `pysys run` with `-XmyPlatform=container` to run these tests"/>
		<system-out>10:15:00 DEBUG deletedir failed to update permissions and delete /home/pi/actions-runner/_work/thin-edge.io/thin-edge.io/tests/PySys/plugin_apama/apama_plugin_install/Output/linux on this attempt: [Errno 2] No such file or directory: '/home/pi/actions-runner/_work/thin-edge.io/thin-edge.io/tests/PySys/plugin_apama/apama_plugin_install/Output/linux'
10:15:00 INFO  ==============================================================
10:15:00 INFO  Id:    SoftwareManagement.Plugin.apama_plugin_install
10:15:00 INFO  Dir:   plugin_apama/
10:15:00 INFO  Title: Validate apama plugin install
10:15:00 DEBUG Execution order hint: 0.0
10:15:00 INFO  ==============================================================
10:15:00 INFO  Apama plugin tests are disabled by default. Execute `pysys run` with `-XmyPlatform=container` to run these tests ... skipped
10:15:00 WARN  Aborted test due to SKIPPED outcome
10:15:00 DEBUG --- test cleanup
10:15:00 DEBUG ProcessUser cleanup function done.
10:15:00 INFO  
10:15:00 INFO  Test duration: 0.01 secs
10:15:00 INFO  Test final outcome:  SKIPPED
10:15:00 INFO  Test outcome reason: Apama plugin tests are disabled by default. Execute `pysys run` with `-XmyPlatform=container` to run these tests
10:15:00 INFO  
</system-out>
	</testcase>
</testsuite>
