<?xml version="1.0" encoding="utf-8"?>
<testsuite failures="0" name="docker_plugin_update" skipped="1" tests="1" time="0.0" timestamp="2022-03-15T17:38:39">
	<testcase classname="DockerPluginUpdateTest" name="docker_plugin_update"/>
</testsuite>
