<?xml version="1.0" encoding="utf-8"?>
<testsuite failures="0" name="SoftwareManagement.Plugin.apama_plugin_update" skipped="1" tests="1" time="0.01" timestamp="2022-03-21T12:41:05">
	<testcase classname="ApamaPluginUpdateTest" name="SoftwareManagement.Plugin.apama_plugin_update">
		<skipped message="SKIPPED: Apama plugin tests are disabled by default. Execute `pysys run` with `-XmyPlatform=container` to run these tests"/>
		<system-out>13:41:05 DEBUG deletedir failed to update permissions and delete /home/pi/actions-runner/_work/thin-edge.io/thin-edge.io/tests/PySys/plugin_apama/apama_plugin_update/Output/linux on this attempt: [Errno 2] No such file or directory: '/home/pi/actions-runner/_work/thin-edge.io/thin-edge.io/tests/PySys/plugin_apama/apama_plugin_update/Output/linux'
13:41:05 INFO  ==============================================================
13:41:05 INFO  Id:    SoftwareManagement.Plugin.apama_plugin_update
13:41:05 INFO  Dir:   plugin_apama/
13:41:05 INFO  Title: Validate apama plugin updating one project with another
13:41:05 DEBUG Execution order hint: 0.0
13:41:05 INFO  ==============================================================
13:41:05 INFO  Apama plugin tests are disabled by default. Execute `pysys run` with `-XmyPlatform=container` to run these tests ... skipped
13:41:05 WARN  Aborted test due to SKIPPED outcome
13:41:05 DEBUG --- test cleanup
13:41:05 DEBUG ProcessUser cleanup function done.
13:41:05 INFO  
13:41:05 INFO  Test duration: 0.01 secs
13:41:05 INFO  Test final outcome:  SKIPPED
13:41:05 INFO  Test outcome reason: Apama plugin tests are disabled by default. Execute `pysys run` with `-XmyPlatform=container` to run these tests
13:41:05 INFO  
</system-out>
	</testcase>
</testsuite>
