<?xml version="1.0" encoding="utf-8"?>
<testsuite failures="0" name="apt_sequence_install_with_version" skipped="1" tests="1" time="0.0" timestamp="2022-03-28T17:33:00">
	<testcase classname="AptPluginPrepInstallWithVersionFinalize" name="apt_sequence_install_with_version">
		<skipped message="SKIPPED: Testing the apt plugin is not supported on this platform.To run the tests call PySys with -XmyPlatform='container'"/>
		<system-out>19:33:00 DEBUG deletedir failed to update permissions and delete /home/pi/actions-runner/_work/thin-edge.io/thin-edge.io/tests/PySys/plugin_apt/apt_sequence_install_with_version/Output/linux on this attempt: [Errno 2] No such file or directory: '/home/pi/actions-runner/_work/thin-edge.io/thin-edge.io/tests/PySys/plugin_apt/apt_sequence_install_with_version/Output/linux'
19:33:00 INFO  ==============================================================
19:33:00 INFO  Id:    apt_sequence_install_with_version
19:33:00 INFO  Dir:   plugin_apt/
19:33:00 INFO  Title: Validate apt plugin install with version use case
19:33:00 DEBUG Execution order hint: 0.0
19:33:00 INFO  ==============================================================
19:33:00 INFO  Testing the apt plugin is not supported on this platform.To run the tests call PySys with -XmyPlatform='container' ... skipped
19:33:00 WARN  Aborted test due to SKIPPED outcome
19:33:00 DEBUG --- test cleanup
19:33:00 DEBUG ProcessUser cleanup function done.
19:33:00 INFO  
19:33:00 INFO  Test duration: 0.00 secs
19:33:00 INFO  Test final outcome:  SKIPPED
19:33:00 INFO  Test outcome reason: Testing the apt plugin is not supported on this platform.To run the tests call PySys with -XmyPlatform='container'
19:33:00 INFO  
</system-out>
	</testcase>
</testsuite>
