<?xml version="1.0" encoding="utf-8"?>
<testsuite failures="0" name="smoketest_json" skipped="0" tests="1" time="38.98" timestamp="2022-03-02T08:41:23">
	<testcase classname="SmokeTestJson" name="smoketest_json"/>
</testsuite>
