<?xml version="1.0" encoding="utf-8"?>
<testsuite failures="0" name="tedge_mapper_c8y_positive" skipped="0" tests="1" time="23.51" timestamp="2022-03-03T11:09:48">
	<testcase classname="TedgeMapperC8y" name="tedge_mapper_c8y_positive"/>
</testsuite>
