<?xml version="1.0" encoding="utf-8"?>
<testsuite failures="0" name="docker_plugin_update" skipped="1" tests="1" time="0.0" timestamp="2022-03-21T12:41:08">
	<testcase classname="DockerPluginUpdateTest" name="docker_plugin_update">
		<skipped message="SKIPPED: Testing the docker plugin is not supported on this platform.To run it, all the test with -XmyPlatform='container'"/>
		<system-out>13:41:08 DEBUG deletedir failed to update permissions and delete /home/pi/actions-runner/_work/thin-edge.io/thin-edge.io/tests/PySys/plugin_docker/docker_plugin_update/Output/linux on this attempt: [Errno 2] No such file or directory: '/home/pi/actions-runner/_work/thin-edge.io/thin-edge.io/tests/PySys/plugin_docker/docker_plugin_update/Output/linux'
13:41:08 INFO  ==============================================================
13:41:08 INFO  Id:    docker_plugin_update
13:41:08 INFO  Dir:   plugin_docker/
13:41:08 INFO  Title: Validate docker plugin install updates existing containers
13:41:08 DEBUG Execution order hint: 0.0
13:41:08 INFO  ==============================================================
13:41:08 INFO  Testing the docker plugin is not supported on this platform.To run it, all the test with -XmyPlatform='container' ... skipped
13:41:08 WARN  Aborted test due to SKIPPED outcome
13:41:08 DEBUG --- test cleanup
13:41:08 DEBUG ProcessUser cleanup function done.
13:41:08 INFO  
13:41:08 INFO  Test duration: 0.00 secs
13:41:08 INFO  Test final outcome:  SKIPPED
13:41:08 INFO  Test outcome reason: Testing the docker plugin is not supported on this platform.To run it, all the test with -XmyPlatform='container'
13:41:08 INFO  
</system-out>
	</testcase>
</testsuite>
