<?xml version="1.0" encoding="utf-8"?>
<testsuite failures="0" name="apt_finalize" skipped="1" tests="1" time="0.01" timestamp="2022-03-28T17:32:58">
	<testcase classname="AptPluginFinalize" name="apt_finalize">
		<skipped message="SKIPPED: Testing the apt plugin is not supported on this platform.To run the tests call PySys with -XmyPlatform='container'"/>
		<system-out>19:32:58 DEBUG deletedir failed to update permissions and delete /home/pi/actions-runner/_work/thin-edge.io/thin-edge.io/tests/PySys/plugin_apt/apt_finalize/Output/linux on this attempt: [Errno 2] No such file or directory: '/home/pi/actions-runner/_work/thin-edge.io/thin-edge.io/tests/PySys/plugin_apt/apt_finalize/Output/linux'
19:32:58 INFO  ==============================================================
19:32:58 INFO  Id:    apt_finalize
19:32:58 INFO  Dir:   plugin_apt/
19:32:58 INFO  Title: Validate apt plugin finalize - dense version
19:32:58 DEBUG Execution order hint: 0.0
19:32:58 INFO  ==============================================================
19:32:58 INFO  Testing the apt plugin is not supported on this platform.To run the tests call PySys with -XmyPlatform='container' ... skipped
19:32:58 WARN  Aborted test due to SKIPPED outcome
19:32:58 DEBUG --- test cleanup
19:32:58 DEBUG ProcessUser cleanup function done.
19:32:58 INFO  
19:32:58 INFO  Test duration: 0.01 secs
19:32:58 INFO  Test final outcome:  SKIPPED
19:32:58 INFO  Test outcome reason: Testing the apt plugin is not supported on this platform.To run the tests call PySys with -XmyPlatform='container'
19:32:58 INFO  
</system-out>
	</testcase>
</testsuite>
