<?xml version="1.0" encoding="utf-8"?>
<testsuite failures="0" name="valid_device_id" skipped="0" tests="1" time="24.89" timestamp="2022-02-14T08:30:48">
	<testcase classname="ValidateValidDeviceId" name="valid_device_id"/>
</testsuite>
