<?xml version="1.0" encoding="utf-8"?>
<testsuite failures="0" name="mapper_awaits_before_reconnect" skipped="0" tests="1" time="20.13" timestamp="2022-03-29T16:45:54">
	<testcase classname="MapperReconnectAwait" name="mapper_awaits_before_reconnect"/>
</testsuite>
