<?xml version="1.0" encoding="utf-8"?>
<testsuite failures="0" name="call_tedge_-h_-V" skipped="0" tests="1" time="0.22" timestamp="2022-03-28T17:42:08">
	<testcase classname="PySysTest" name="call_tedge_-h_-V"/>
</testsuite>
