<?xml version="1.0" encoding="utf-8"?>
<testsuite failures="0" name="pysys_fail" skipped="1" tests="1" time="0.0" timestamp="2022-03-03T10:55:41">
	<testcase classname="Fail" name="pysys_fail"/>
</testsuite>
