<?xml version="1.0" encoding="utf-8"?>
<testsuite failures="0" name="smoketest_json" skipped="0" tests="1" time="38.64" timestamp="2022-03-29T16:37:13">
	<testcase classname="SmokeTestJson" name="smoketest_json"/>
</testsuite>
