<?xml version="1.0" encoding="utf-8"?>
<testsuite failures="0" name="publish_flux" skipped="0" tests="1" time="65.14" timestamp="2022-04-04T08:16:08">
	<testcase classname="PublishFlux" name="publish_flux"/>
</testsuite>
