<?xml version="1.0" encoding="utf-8"?>
<testsuite failures="0" name="c8y_restart_bridge" skipped="0" tests="1" time="19.83" timestamp="2022-03-21T16:53:35">
	<testcase classname="RestartBridge" name="c8y_restart_bridge"/>
</testsuite>
