<?xml version="1.0" encoding="utf-8"?>
<testsuite failures="0" name="mqtt_port_change_connection_works" skipped="1" tests="1" time="0.01" timestamp="2022-03-22T13:40:29">
	<testcase classname="MqttPortChangeConnectionWorks" name="mqtt_port_change_connection_works">
		<skipped message="SKIPPED: failing intermitently"/>
		<system-out>14:40:28 DEBUG deletedir failed to update permissions and delete /home/pi/actions-runner/_work/thin-edge.io/thin-edge.io/tests/PySys/misc_features/mqtt_port_change_connection_works/Output/linux on this attempt: [Errno 2] No such file or directory: '/home/pi/actions-runner/_work/thin-edge.io/thin-edge.io/tests/PySys/misc_features/mqtt_port_change_connection_works/Output/linux'
14:40:28 INFO  ==============================================================
14:40:28 INFO  Id:    mqtt_port_change_connection_works
14:40:28 INFO  Dir:   misc_features/
14:40:28 INFO  Title: mqtt port change connection works for all the thin-edge services that use the mosquitto broker
14:40:28 DEBUG Execution order hint: 0.0
14:40:28 INFO  ==============================================================
14:40:29 INFO  failing intermitently ... skipped
14:40:29 DEBUG --- test cleanup
14:40:29 DEBUG ProcessUser cleanup function done.
14:40:29 INFO  
14:40:29 INFO  Test duration: 0.01 secs
14:40:29 INFO  Test final outcome:  SKIPPED
14:40:29 INFO  Test outcome reason: failing intermitently
14:40:29 INFO  
</system-out>
	</testcase>
</testsuite>
