<?xml version="1.0" encoding="utf-8"?>
<testsuite failures="0" name="smoketest_json" skipped="0" tests="1" time="38.92" timestamp="2022-02-22T10:33:23">
	<testcase classname="SmokeTestJson" name="smoketest_json"/>
</testsuite>
