<?xml version="1.0" encoding="utf-8"?>
<testsuite failures="0" name="tedge_connect_test_negative" skipped="0" tests="1" time="0.22" timestamp="2022-02-15T15:41:24">
	<testcase classname="TedgeConnectTestNegative" name="tedge_connect_test_negative"/>
</testsuite>
