<?xml version="1.0" encoding="utf-8"?>
<testsuite failures="0" name="custom_init_system" skipped="0" tests="1" time="26.92" timestamp="2022-02-09T14:39:02">
	<testcase classname="CustomInitSystem" name="custom_init_system"/>
</testsuite>
