<?xml version="1.0" encoding="utf-8"?>
<testsuite failures="0" name="SoftwareManagement.Plugin.apama_plugin_install" skipped="1" tests="1" time="0.01" timestamp="2022-03-22T13:41:21">
	<testcase classname="ApamaPluginInstallTest" name="SoftwareManagement.Plugin.apama_plugin_install">
		<skipped message="SKIPPED: Apama plugin tests are disabled by default. Execute `pysys run` with `-XmyPlatform=container` to run these tests"/>
		<system-out>14:41:21 DEBUG deletedir failed to update permissions and delete /home/pi/actions-runner/_work/thin-edge.io/thin-edge.io/tests/PySys/plugin_apama/apama_plugin_install/Output/linux on this attempt: [Errno 2] No such file or directory: '/home/pi/actions-runner/_work/thin-edge.io/thin-edge.io/tests/PySys/plugin_apama/apama_plugin_install/Output/linux'
14:41:21 INFO  ==============================================================
14:41:21 INFO  Id:    SoftwareManagement.Plugin.apama_plugin_install
14:41:21 INFO  Dir:   plugin_apama/
14:41:21 INFO  Title: Validate apama plugin install
14:41:21 DEBUG Execution order hint: 0.0
14:41:21 INFO  ==============================================================
14:41:21 INFO  Apama plugin tests are disabled by default. Execute `pysys run` with `-XmyPlatform=container` to run these tests ... skipped
14:41:21 WARN  Aborted test due to SKIPPED outcome
14:41:21 DEBUG --- test cleanup
14:41:21 DEBUG ProcessUser cleanup function done.
14:41:21 INFO  
14:41:21 INFO  Test duration: 0.01 secs
14:41:21 INFO  Test final outcome:  SKIPPED
14:41:21 INFO  Test outcome reason: Apama plugin tests are disabled by default. Execute `pysys run` with `-XmyPlatform=container` to run these tests
14:41:21 INFO  
</system-out>
	</testcase>
</testsuite>
