<?xml version="1.0" encoding="utf-8"?>
<testsuite failures="1" name="tedge_mapper_c8y_alarms" skipped="0" tests="1" time="18.72" timestamp="2022-02-07T14:12:05">
	<testcase classname="TedgeMapperC8yAlarm" name="tedge_mapper_c8y_alarms">
		<failure message="BLOCKED: IndexError: list index out of range" type="BLOCKED"/>
		<system-out>15:11:47 INFO  ==============================================================
15:11:47 INFO  Id:    tedge_mapper_c8y_alarms
15:11:47 INFO  Dir:   tedge_mapper_c8y/
15:11:47 INFO  Title: Validate that alarms sent to tedge/alarms topic \ gets mapped as alarms in Cumulocity
15:11:47 DEBUG Execution order hint: 0.0
15:11:47 INFO  ==============================================================
15:11:47 DEBUG EnvironmentC8y Setup
15:11:47 INFO  EnvironmentC8y Setup
15:11:47 DEBUG Process parameters for systemctl&lt;serv_mapper1&gt;
  command line : /usr/bin/systemctl status tedge-mapper-c8y
    arg #1     : status
    arg #2     : tedge-mapper-c8y
  working dir  : /home/pi/actions-runner/_work/thin-edge.io/thin-edge.io/tests/PySys/tedge_mapper_c8y/tedge_mapper_c8y_alarms/Output/linux
  stdout       : /home/pi/actions-runner/_work/thin-edge.io/thin-edge.io/tests/PySys/tedge_mapper_c8y/tedge_mapper_c8y_alarms/Output/linux/serv_mapper1.out
  stderr       : /home/pi/actions-runner/_work/thin-edge.io/thin-edge.io/tests/PySys/tedge_mapper_c8y/tedge_mapper_c8y_alarms/Output/linux/serv_mapper1.err
  environment  : LD_LIBRARY_PATH=/usr/lib
  environment  : PATH=/bin:/usr/bin:/usr/sbin:/usr/local/bin
                   #1  /bin
                   #2  /usr/bin
                   #3  /usr/sbin
                   #4  /usr/local/bin
15:11:47 DEBUG Waiting up to 600 secs for process systemctl&lt;serv_mapper1&gt; (pid 29682)
15:11:47 INFO  Executed systemctl&lt;serv_mapper1&gt;, exit status 3
15:11:47 DEBUG Process parameters for sudo&lt;tedge_connect_c8y&gt;
  command line : /usr/bin/sudo /usr/bin/tedge connect c8y
    arg #1     : /usr/bin/tedge
    arg #2     : connect
    arg #3     : c8y
  working dir  : /home/pi/actions-runner/_work/thin-edge.io/thin-edge.io/tests/PySys/tedge_mapper_c8y/tedge_mapper_c8y_alarms/Output/linux
  stdout       : /home/pi/actions-runner/_work/thin-edge.io/thin-edge.io/tests/PySys/tedge_mapper_c8y/tedge_mapper_c8y_alarms/Output/linux/tedge_connect_c8y.out
  stderr       : /home/pi/actions-runner/_work/thin-edge.io/thin-edge.io/tests/PySys/tedge_mapper_c8y/tedge_mapper_c8y_alarms/Output/linux/tedge_connect_c8y.err
  environment  : LD_LIBRARY_PATH=/usr/lib
  environment  : PATH=/bin:/usr/bin:/usr/sbin:/usr/local/bin
                   #1  /bin
                   #2  /usr/bin
                   #3  /usr/sbin
                   #4  /usr/local/bin
15:11:47 DEBUG Waiting up to 600 secs for process sudo&lt;tedge_connect_c8y&gt; (pid 29686)
15:11:59 INFO  Executed sudo&lt;tedge_connect_c8y&gt;, exit status 0, duration 11 secs
15:11:59 DEBUG Process parameters for sudo&lt;tedge_connect_c8y_test&gt;
  command line : /usr/bin/sudo /usr/bin/tedge connect c8y --test
    arg #1     : /usr/bin/tedge
    arg #2     : connect
    arg #3     : c8y
    arg #4     : --test
  working dir  : /home/pi/actions-runner/_work/thin-edge.io/thin-edge.io/tests/PySys/tedge_mapper_c8y/tedge_mapper_c8y_alarms/Output/linux
  stdout       : /home/pi/actions-runner/_work/thin-edge.io/thin-edge.io/tests/PySys/tedge_mapper_c8y/tedge_mapper_c8y_alarms/Output/linux/tedge_connect_c8y_test.out
  stderr       : /home/pi/actions-runner/_work/thin-edge.io/thin-edge.io/tests/PySys/tedge_mapper_c8y/tedge_mapper_c8y_alarms/Output/linux/tedge_connect_c8y_test.err
  environment  : LD_LIBRARY_PATH=/usr/lib
  environment  : PATH=/bin:/usr/bin:/usr/sbin:/usr/local/bin
                   #1  /bin
                   #2  /usr/bin
                   #3  /usr/sbin
                   #4  /usr/local/bin
15:11:59 DEBUG Waiting up to 600 secs for process sudo&lt;tedge_connect_c8y_test&gt; (pid 29846)
15:11:59 INFO  Executed sudo&lt;tedge_connect_c8y_test&gt;, exit status 0
15:11:59 DEBUG Process parameters for systemctl&lt;serv_mosq2&gt;
  command line : /usr/bin/systemctl status mosquitto
    arg #1     : status
    arg #2     : mosquitto
  working dir  : /home/pi/actions-runner/_work/thin-edge.io/thin-edge.io/tests/PySys/tedge_mapper_c8y/tedge_mapper_c8y_alarms/Output/linux
  stdout       : /home/pi/actions-runner/_work/thin-edge.io/thin-edge.io/tests/PySys/tedge_mapper_c8y/tedge_mapper_c8y_alarms/Output/linux/serv_mosq2.out
  stderr       : /home/pi/actions-runner/_work/thin-edge.io/thin-edge.io/tests/PySys/tedge_mapper_c8y/tedge_mapper_c8y_alarms/Output/linux/serv_mosq2.err
  environment  : LD_LIBRARY_PATH=/usr/lib
  environment  : PATH=/bin:/usr/bin:/usr/sbin:/usr/local/bin
                   #1  /bin
                   #2  /usr/bin
                   #3  /usr/sbin
                   #4  /usr/local/bin
15:11:59 DEBUG Waiting up to 600 secs for process systemctl&lt;serv_mosq2&gt; (pid 29849)
15:11:59 INFO  Executed systemctl&lt;serv_mosq2&gt;, exit status 0
15:11:59 DEBUG Process parameters for systemctl&lt;serv_mapper3&gt;
  command line : /usr/bin/systemctl status tedge-mapper-c8y
    arg #1     : status
    arg #2     : tedge-mapper-c8y
  working dir  : /home/pi/actions-runner/_work/thin-edge.io/thin-edge.io/tests/PySys/tedge_mapper_c8y/tedge_mapper_c8y_alarms/Output/linux
  stdout       : /home/pi/actions-runner/_work/thin-edge.io/thin-edge.io/tests/PySys/tedge_mapper_c8y/tedge_mapper_c8y_alarms/Output/linux/serv_mapper3.out
  stderr       : /home/pi/actions-runner/_work/thin-edge.io/thin-edge.io/tests/PySys/tedge_mapper_c8y/tedge_mapper_c8y_alarms/Output/linux/serv_mapper3.err
  environment  : LD_LIBRARY_PATH=/usr/lib
  environment  : PATH=/bin:/usr/bin:/usr/sbin:/usr/local/bin
                   #1  /bin
                   #2  /usr/bin
                   #3  /usr/sbin
                   #4  /usr/local/bin
15:11:59 DEBUG Waiting up to 600 secs for process systemctl&lt;serv_mapper3&gt; (pid 29850)
15:11:59 INFO  Executed systemctl&lt;serv_mapper3&gt;, exit status 0
15:11:59 DEBUG --- test execute
15:11:59 DEBUG Process parameters for tedge
  command line : /usr/bin/tedge mqtt pub tedge/alarms/warning/temperature_high '{&quot;message&quot;:&quot;temperature is high&quot;, &quot;time&quot;:&quot;2021-12-15T15:22:06.464247777+05:30&quot;}'
    arg #1     : mqtt
    arg #2     : pub
    arg #3     : tedge/alarms/warning/temperature_high
    arg #4     : {&quot;message&quot;:&quot;temperature is high&quot;, &quot;time&quot;:&quot;2021-12-15T15:22:06.464247777+05:30&quot;}
  working dir  : /home/pi/actions-runner/_work/thin-edge.io/thin-edge.io/tests/PySys/tedge_mapper_c8y/tedge_mapper_c8y_alarms/Output/linux
  stdout       : None
  stderr       : None
  environment  : HOME=/home/pi
15:11:59 DEBUG Waiting up to 600 secs for process tedge (pid 29857)
15:12:00 INFO  Executed tedge, exit status 0
15:12:00 DEBUG Process parameters for tedge
  command line : /usr/bin/tedge mqtt pub tedge/alarms/major/temperature_very_high '{&quot;message&quot;:&quot;temperature is very high&quot;}'
    arg #1     : mqtt
    arg #2     : pub
    arg #3     : tedge/alarms/major/temperature_very_high
    arg #4     : {&quot;message&quot;:&quot;temperature is very high&quot;}
  working dir  : /home/pi/actions-runner/_work/thin-edge.io/thin-edge.io/tests/PySys/tedge_mapper_c8y/tedge_mapper_c8y_alarms/Output/linux
  stdout       : None
  stderr       : None
  environment  : HOME=/home/pi
15:12:00 DEBUG Waiting up to 600 secs for process tedge (pid 29859)
15:12:00 INFO  Executed tedge, exit status 0
15:12:00 DEBUG Process parameters for tedge
  command line : /usr/bin/tedge mqtt pub tedge/alarms/critical/temperature_dangerous '{&quot;message&quot;:&quot;temperature is dangerously high&quot;}'
    arg #1     : mqtt
    arg #2     : pub
    arg #3     : tedge/alarms/critical/temperature_dangerous
    arg #4     : {&quot;message&quot;:&quot;temperature is dangerously high&quot;}
  working dir  : /home/pi/actions-runner/_work/thin-edge.io/thin-edge.io/tests/PySys/tedge_mapper_c8y/tedge_mapper_c8y_alarms/Output/linux
  stdout       : None
  stderr       : None
  environment  : HOME=/home/pi
15:12:00 DEBUG Waiting up to 600 secs for process tedge (pid 29861)
15:12:00 INFO  Executed tedge, exit status 0
15:12:00 DEBUG Process parameters for tedge
  command line : /usr/bin/tedge mqtt pub tedge/alarms/minor/temperature_low '{&quot;message&quot;:&quot;temperature low&quot;}'
    arg #1     : mqtt
    arg #2     : pub
    arg #3     : tedge/alarms/minor/temperature_low
    arg #4     : {&quot;message&quot;:&quot;temperature low&quot;}
  working dir  : /home/pi/actions-runner/_work/thin-edge.io/thin-edge.io/tests/PySys/tedge_mapper_c8y/tedge_mapper_c8y_alarms/Output/linux
  stdout       : None
  stderr       : None
  environment  : HOME=/home/pi
15:12:00 DEBUG Waiting up to 600 secs for process tedge (pid 29863)
15:12:00 INFO  Executed tedge, exit status 0
15:12:00 DEBUG Process parameters for tedge
  command line : /usr/bin/tedge mqtt pub tedge/alarms/minor/temperature_low ''
    arg #1     : mqtt
    arg #2     : pub
    arg #3     : tedge/alarms/minor/temperature_low
    arg #4     : 
  working dir  : /home/pi/actions-runner/_work/thin-edge.io/thin-edge.io/tests/PySys/tedge_mapper_c8y/tedge_mapper_c8y_alarms/Output/linux
  stdout       : None
  stderr       : None
  environment  : HOME=/home/pi
15:12:00 DEBUG Waiting up to 600 secs for process tedge (pid 29865)
15:12:00 INFO  Executed tedge, exit status 0
15:12:01 DEBUG --- test validate
15:12:02 WARN  caught &lt;class 'IndexError'&gt; while running test: list index out of range
Traceback (most recent call last):
  File &quot;/home/pi/env-pysys/lib/python3.7/site-packages/pysys/baserunner.py&quot;, line 1211, in __call__
    self.testObj.validate()
  File &quot;/home/pi/actions-runner/_work/thin-edge.io/thin-edge.io/tests/PySys/tedge_mapper_c8y/tedge_mapper_c8y_alarms/run.py&quot;, line 82, in validate
    alarms[0], &quot;temperature_dangerous&quot;, &quot;CRITICAL&quot;, &quot;temperature is dangerously high&quot;)
IndexError: list index out of range
15:12:02 WARN  IndexError: list index out of range ... blocked 
15:12:02 DEBUG --- test cleanup
15:12:02 INFO  
15:12:02 INFO  cleanup:
15:12:02 DEBUG Running registered cleanup function: &lt;bound method TedgeMapperC8yAlarm.test_cleanup of &lt;TedgeMapperC8yAlarm object at 0x76525930&gt;&gt;
15:12:02 DEBUG Running registered cleanup function: &lt;bound method EnvironmentC8y.myenvcleanup of &lt;TedgeMapperC8yAlarm object at 0x76525930&gt;&gt;
15:12:02 DEBUG EnvironmentC8y Cleanup
15:12:02 DEBUG Process parameters for sudo&lt;tedge_disconnect_c8y&gt;
  command line : /usr/bin/sudo /usr/bin/tedge disconnect c8y
    arg #1     : /usr/bin/tedge
    arg #2     : disconnect
    arg #3     : c8y
  working dir  : /home/pi/actions-runner/_work/thin-edge.io/thin-edge.io/tests/PySys/tedge_mapper_c8y/tedge_mapper_c8y_alarms/Output/linux
  stdout       : /home/pi/actions-runner/_work/thin-edge.io/thin-edge.io/tests/PySys/tedge_mapper_c8y/tedge_mapper_c8y_alarms/Output/linux/tedge_disconnect_c8y.out
  stderr       : /home/pi/actions-runner/_work/thin-edge.io/thin-edge.io/tests/PySys/tedge_mapper_c8y/tedge_mapper_c8y_alarms/Output/linux/tedge_disconnect_c8y.err
  environment  : LD_LIBRARY_PATH=/usr/lib
  environment  : PATH=/bin:/usr/bin:/usr/sbin:/usr/local/bin
                   #1  /bin
                   #2  /usr/bin
                   #3  /usr/sbin
                   #4  /usr/local/bin
15:12:02 DEBUG Waiting up to 600 secs for process sudo&lt;tedge_disconnect_c8y&gt; (pid 29870)
15:12:05 INFO  Executed sudo&lt;tedge_disconnect_c8y&gt;, exit status 0
15:12:05 DEBUG Process parameters for systemctl&lt;serv_mapper5&gt;
  command line : /usr/bin/systemctl status tedge-mapper-c8y
    arg #1     : status
    arg #2     : tedge-mapper-c8y
  working dir  : /home/pi/actions-runner/_work/thin-edge.io/thin-edge.io/tests/PySys/tedge_mapper_c8y/tedge_mapper_c8y_alarms/Output/linux
  stdout       : /home/pi/actions-runner/_work/thin-edge.io/thin-edge.io/tests/PySys/tedge_mapper_c8y/tedge_mapper_c8y_alarms/Output/linux/serv_mapper5.out
  stderr       : /home/pi/actions-runner/_work/thin-edge.io/thin-edge.io/tests/PySys/tedge_mapper_c8y/tedge_mapper_c8y_alarms/Output/linux/serv_mapper5.err
  environment  : LD_LIBRARY_PATH=/usr/lib
  environment  : PATH=/bin:/usr/bin:/usr/sbin:/usr/local/bin
                   #1  /bin
                   #2  /usr/bin
                   #3  /usr/sbin
                   #4  /usr/local/bin
15:12:05 DEBUG Waiting up to 600 secs for process systemctl&lt;serv_mapper5&gt; (pid 29927)
15:12:05 INFO  Executed systemctl&lt;serv_mapper5&gt;, exit status 3
15:12:05 DEBUG ProcessUser cleanup function done.
15:12:05 INFO  
15:12:05 INFO  Test duration: 18.72 secs
15:12:05 INFO  Test final outcome:  BLOCKED
15:12:05 INFO  Test outcome reason: IndexError: list index out of range
15:12:05 INFO  
</system-out>
	</testcase>
</testsuite>
