<?xml version="1.0" encoding="utf-8"?>
<testsuite failures="0" name="monitoring_with_collectd" skipped="1" tests="1" time="0.01" timestamp="2022-03-28T17:32:55">
	<testcase classname="MonitoringWithCollectd" name="monitoring_with_collectd">
		<skipped message="SKIPPED: Test execution disabled due to #792 (instable)"/>
		<system-out>19:32:55 DEBUG deletedir failed to update permissions and delete /home/pi/actions-runner/_work/thin-edge.io/thin-edge.io/tests/PySys/monitoring/monitoring_with_collectd/Output/linux on this attempt: [Errno 2] No such file or directory: '/home/pi/actions-runner/_work/thin-edge.io/thin-edge.io/tests/PySys/monitoring/monitoring_with_collectd/Output/linux'
19:32:55 INFO  ==============================================================
19:32:55 INFO  Id:    monitoring_with_collectd
19:32:55 INFO  Dir:   monitoring/
19:32:55 INFO  Title: Validate tedge dm agent messages that are produced by batching the collectd messages
19:32:55 DEBUG Execution order hint: 0.0
19:32:55 INFO  ==============================================================
19:32:55 INFO  Test execution disabled due to #792 (instable) ... skipped
19:32:55 DEBUG --- test cleanup
19:32:55 DEBUG ProcessUser cleanup function done.
19:32:55 INFO  
19:32:55 INFO  Test duration: 0.01 secs
19:32:55 INFO  Test final outcome:  SKIPPED
19:32:55 INFO  Test outcome reason: Test execution disabled due to #792 (instable)
19:32:55 INFO  
</system-out>
	</testcase>
</testsuite>
