<?xml version="1.0" encoding="utf-8"?>
<testsuite failures="0" name="call_tedge_config_list" skipped="0" tests="1" time="9.67" timestamp="2022-02-15T15:41:04">
	<testcase classname="PySysTest" name="call_tedge_config_list"/>
</testsuite>
