<?xml version="1.0" encoding="utf-8"?>
<testsuite failures="0" name="monitoring_with_collectd" skipped="1" tests="1" time="0.01" timestamp="2022-03-22T13:41:18">
	<testcase classname="MonitoringWithCollectd" name="monitoring_with_collectd">
		<skipped message="SKIPPED: Test execution disabled due to #792 (instable)"/>
		<system-out>14:41:18 DEBUG deletedir failed to update permissions and delete /home/pi/actions-runner/_work/thin-edge.io/thin-edge.io/tests/PySys/monitoring/monitoring_with_collectd/Output/linux on this attempt: [Errno 2] No such file or directory: '/home/pi/actions-runner/_work/thin-edge.io/thin-edge.io/tests/PySys/monitoring/monitoring_with_collectd/Output/linux'
14:41:18 INFO  ==============================================================
14:41:18 INFO  Id:    monitoring_with_collectd
14:41:18 INFO  Dir:   monitoring/
14:41:18 INFO  Title: Validate tedge dm agent messages that are produced by batching the collectd messages
14:41:18 DEBUG Execution order hint: 0.0
14:41:18 INFO  ==============================================================
14:41:18 INFO  Test execution disabled due to #792 (instable) ... skipped
14:41:18 DEBUG --- test cleanup
14:41:18 DEBUG ProcessUser cleanup function done.
14:41:18 INFO  
14:41:18 INFO  Test duration: 0.01 secs
14:41:18 INFO  Test final outcome:  SKIPPED
14:41:18 INFO  Test outcome reason: Test execution disabled due to #792 (instable)
14:41:18 INFO  
</system-out>
	</testcase>
</testsuite>
