<?xml version="1.0" encoding="utf-8"?>
<testsuite failures="0" name="smoketest_smartrest" skipped="0" tests="1" time="41.36" timestamp="2022-03-21T16:48:58">
	<testcase classname="SmoketestSmartRest" name="smoketest_smartrest"/>
</testsuite>
