<?xml version="1.0" encoding="utf-8"?>
<testsuite failures="0" name="apt_install_local_file_with_version" skipped="1" tests="1" time="0.01" timestamp="2022-03-21T16:43:33">
	<testcase classname="AptPluginInstallFromLocalFileWithVersion" name="apt_install_local_file_with_version">
		<skipped message="SKIPPED: Testing the apt plugin is not supported on this platform.To run the tests call PySys with -XmyPlatform='container'"/>
		<system-out>17:43:33 DEBUG deletedir failed to update permissions and delete /home/pi/actions-runner/_work/thin-edge.io/thin-edge.io/tests/PySys/plugin_apt/apt_install_local_file_with_version/Output/linux on this attempt: [Errno 2] No such file or directory: '/home/pi/actions-runner/_work/thin-edge.io/thin-edge.io/tests/PySys/plugin_apt/apt_install_local_file_with_version/Output/linux'
17:43:33 INFO  ==============================================================
17:43:33 INFO  Id:    apt_install_local_file_with_version
17:43:33 INFO  Dir:   plugin_apt/
17:43:33 INFO  Title: Validate apt plugin install from local file AND with a version - SUCCESS case
17:43:33 DEBUG Execution order hint: 0.0
17:43:33 INFO  ==============================================================
17:43:33 INFO  Testing the apt plugin is not supported on this platform.To run the tests call PySys with -XmyPlatform='container' ... skipped
17:43:33 WARN  Aborted test due to SKIPPED outcome
17:43:33 DEBUG --- test cleanup
17:43:33 DEBUG ProcessUser cleanup function done.
17:43:33 INFO  
17:43:33 INFO  Test duration: 0.01 secs
17:43:33 INFO  Test final outcome:  SKIPPED
17:43:33 INFO  Test outcome reason: Testing the apt plugin is not supported on this platform.To run the tests call PySys with -XmyPlatform='container'
17:43:33 INFO  
</system-out>
	</testcase>
</testsuite>
