<?xml version="1.0" encoding="utf-8"?>
<testsuite failures="1" name="SoftwareManagement.sm_mapper_fail_and_reconnect" skipped="0" tests="1" time="73.16" timestamp="2022-02-07T14:09:10">
	<testcase classname="SmMapperC8yReceiveLastMessageOnRestart" name="SoftwareManagement.sm_mapper_fail_and_reconnect">
		<failure message="FAILED: Grep on tedge_sub.out contains &quot;503,c8y_SoftwareUpdate&quot;" type="FAILED"/>
		<system-out>15:07:57 INFO  ==============================================================
15:07:57 INFO  Id:    SoftwareManagement.sm_mapper_fail_and_reconnect
15:07:57 INFO  Dir:   software_management_end_to_end/
15:07:57 INFO  Title: Validate the tedge-mapper-sm-c8y for receiving the last message on restart
15:07:57 DEBUG Execution order hint: 0.0
15:07:57 INFO  ==============================================================
15:07:57 INFO  Restarting mosquitto too frequently in the last 10 seconds. It was only up for 4 seconds
15:07:57 INFO  Delaying execution by 7 seconds
15:08:04 DEBUG Process parameters for sudo&lt;tedge_connect_c8y&gt;
  command line : /usr/bin/sudo /usr/bin/tedge connect c8y
    arg #1     : /usr/bin/tedge
    arg #2     : connect
    arg #3     : c8y
  working dir  : /home/pi/actions-runner/_work/thin-edge.io/thin-edge.io/tests/PySys/software_management_end_to_end/sm_mapper_fail_and_reconnect/Output/linux
  stdout       : /home/pi/actions-runner/_work/thin-edge.io/thin-edge.io/tests/PySys/software_management_end_to_end/sm_mapper_fail_and_reconnect/Output/linux/tedge_connect_c8y.out
  stderr       : /home/pi/actions-runner/_work/thin-edge.io/thin-edge.io/tests/PySys/software_management_end_to_end/sm_mapper_fail_and_reconnect/Output/linux/tedge_connect_c8y.err
  environment  : LD_LIBRARY_PATH=/usr/lib
  environment  : PATH=/bin:/usr/bin:/usr/sbin:/usr/local/bin
                   #1  /bin
                   #2  /usr/bin
                   #3  /usr/sbin
                   #4  /usr/local/bin
15:08:04 DEBUG Waiting up to 600 secs for process sudo&lt;tedge_connect_c8y&gt; (pid 27845)
15:08:15 INFO  Executed sudo&lt;tedge_connect_c8y&gt;, exit status 0, duration 11 secs
15:08:15 DEBUG Process parameters for sudo&lt;install&gt;
  command line : /usr/bin/sudo /usr/bin/apt-get install rolldice
    arg #1     : /usr/bin/apt-get
    arg #2     : install
    arg #3     : rolldice
  working dir  : /home/pi/actions-runner/_work/thin-edge.io/thin-edge.io/tests/PySys/software_management_end_to_end/sm_mapper_fail_and_reconnect/Output/linux
  stdout       : /home/pi/actions-runner/_work/thin-edge.io/thin-edge.io/tests/PySys/software_management_end_to_end/sm_mapper_fail_and_reconnect/Output/linux/install.out
  stderr       : /home/pi/actions-runner/_work/thin-edge.io/thin-edge.io/tests/PySys/software_management_end_to_end/sm_mapper_fail_and_reconnect/Output/linux/install.err
  environment  : LD_LIBRARY_PATH=/usr/lib
  environment  : PATH=/bin:/usr/bin:/usr/sbin:/usr/local/bin
                   #1  /bin
                   #2  /usr/bin
                   #3  /usr/sbin
                   #4  /usr/local/bin
15:08:15 DEBUG Waiting up to 600 secs for process sudo&lt;install&gt; (pid 28005)
15:08:18 INFO  Executed sudo&lt;install&gt;, exit status 0
15:08:18 DEBUG Process parameters for sudo&lt;tedge_sub&gt;
  command line : /usr/bin/sudo /usr/bin/tedge mqtt sub c8y/s/us
    arg #1     : /usr/bin/tedge
    arg #2     : mqtt
    arg #3     : sub
    arg #4     : c8y/s/us
  working dir  : /home/pi/actions-runner/_work/thin-edge.io/thin-edge.io/tests/PySys/software_management_end_to_end/sm_mapper_fail_and_reconnect/Output/linux
  stdout       : /home/pi/actions-runner/_work/thin-edge.io/thin-edge.io/tests/PySys/software_management_end_to_end/sm_mapper_fail_and_reconnect/Output/linux/tedge_sub.out
  stderr       : /home/pi/actions-runner/_work/thin-edge.io/thin-edge.io/tests/PySys/software_management_end_to_end/sm_mapper_fail_and_reconnect/Output/linux/tedge_sub.err
  environment  : LD_LIBRARY_PATH=/usr/lib
  environment  : PATH=/bin:/usr/bin:/usr/sbin:/usr/local/bin
                   #1  /bin
                   #2  /usr/bin
                   #3  /usr/sbin
                   #4  /usr/local/bin
15:08:18 INFO  Started sudo&lt;tedge_sub&gt; with process id 28016
15:08:18 DEBUG Process parameters for sudo&lt;tedge_pub&gt;
  command line : /usr/bin/sudo /usr/bin/tedge mqtt pub c8y/s/ds 528,tedge,rolldice,,,delete
    arg #1     : /usr/bin/tedge
    arg #2     : mqtt
    arg #3     : pub
    arg #4     : c8y/s/ds
    arg #5     : 528,tedge,rolldice,,,delete
  working dir  : /home/pi/actions-runner/_work/thin-edge.io/thin-edge.io/tests/PySys/software_management_end_to_end/sm_mapper_fail_and_reconnect/Output/linux
  stdout       : /home/pi/actions-runner/_work/thin-edge.io/thin-edge.io/tests/PySys/software_management_end_to_end/sm_mapper_fail_and_reconnect/Output/linux/tedge_pub.out
  stderr       : /home/pi/actions-runner/_work/thin-edge.io/thin-edge.io/tests/PySys/software_management_end_to_end/sm_mapper_fail_and_reconnect/Output/linux/tedge_pub.err
  environment  : LD_LIBRARY_PATH=/usr/lib
  environment  : PATH=/bin:/usr/bin:/usr/sbin:/usr/local/bin
                   #1  /bin
                   #2  /usr/bin
                   #3  /usr/sbin
                   #4  /usr/local/bin
15:08:18 DEBUG Waiting up to 600 secs for process sudo&lt;tedge_pub&gt; (pid 28017)
15:08:19 INFO  Executed sudo&lt;tedge_pub&gt;, exit status 0
15:08:19 DEBUG --- test execute
15:08:21 DEBUG Process parameters for sudo&lt;sm_mapper_stop&gt;
  command line : /usr/bin/sudo /usr/bin/systemctl stop tedge-mapper-sm-c8y.service
    arg #1     : /usr/bin/systemctl
    arg #2     : stop
    arg #3     : tedge-mapper-sm-c8y.service
  working dir  : /home/pi/actions-runner/_work/thin-edge.io/thin-edge.io/tests/PySys/software_management_end_to_end/sm_mapper_fail_and_reconnect/Output/linux
  stdout       : /home/pi/actions-runner/_work/thin-edge.io/thin-edge.io/tests/PySys/software_management_end_to_end/sm_mapper_fail_and_reconnect/Output/linux/sm_mapper_stop.out
  stderr       : /home/pi/actions-runner/_work/thin-edge.io/thin-edge.io/tests/PySys/software_management_end_to_end/sm_mapper_fail_and_reconnect/Output/linux/sm_mapper_stop.err
  environment  : LD_LIBRARY_PATH=/usr/lib
  environment  : PATH=/bin:/usr/bin:/usr/sbin:/usr/local/bin
                   #1  /bin
                   #2  /usr/bin
                   #3  /usr/sbin
                   #4  /usr/local/bin
15:08:21 DEBUG Waiting up to 600 secs for process sudo&lt;sm_mapper_stop&gt; (pid 28066)
15:08:21 INFO  Executed sudo&lt;sm_mapper_stop&gt;, exit status 0
15:08:21 DEBUG Process parameters for mosquitto_sub&lt;tedge_sub_agent&gt;
  command line : /usr/bin/mosquitto_sub -v -t tedge/commands/res/software/update
    arg #1     : -v
    arg #2     : -t
    arg #3     : tedge/commands/res/software/update
  working dir  : /home/pi/actions-runner/_work/thin-edge.io/thin-edge.io/tests/PySys/software_management_end_to_end/sm_mapper_fail_and_reconnect/Output/linux
  stdout       : /home/pi/actions-runner/_work/thin-edge.io/thin-edge.io/tests/PySys/software_management_end_to_end/sm_mapper_fail_and_reconnect/Output/linux/tedge_sub_agent.out
  stderr       : /home/pi/actions-runner/_work/thin-edge.io/thin-edge.io/tests/PySys/software_management_end_to_end/sm_mapper_fail_and_reconnect/Output/linux/tedge_sub_agent.err
  environment  : LD_LIBRARY_PATH=/usr/lib
  environment  : PATH=/bin:/usr/bin:/usr/sbin:/usr/local/bin
                   #1  /bin
                   #2  /usr/bin
                   #3  /usr/sbin
                   #4  /usr/local/bin
15:08:21 INFO  Started mosquitto_sub&lt;tedge_sub_agent&gt; with process id 28094
15:08:36 DEBUG Process parameters for sudo&lt;sm_mapper_restart&gt;
  command line : /usr/bin/sudo /usr/bin/systemctl restart tedge-mapper-sm-c8y.service
    arg #1     : /usr/bin/systemctl
    arg #2     : restart
    arg #3     : tedge-mapper-sm-c8y.service
  working dir  : /home/pi/actions-runner/_work/thin-edge.io/thin-edge.io/tests/PySys/software_management_end_to_end/sm_mapper_fail_and_reconnect/Output/linux
  stdout       : /home/pi/actions-runner/_work/thin-edge.io/thin-edge.io/tests/PySys/software_management_end_to_end/sm_mapper_fail_and_reconnect/Output/linux/sm_mapper_restart.out
  stderr       : /home/pi/actions-runner/_work/thin-edge.io/thin-edge.io/tests/PySys/software_management_end_to_end/sm_mapper_fail_and_reconnect/Output/linux/sm_mapper_restart.err
  environment  : LD_LIBRARY_PATH=/usr/lib
  environment  : PATH=/bin:/usr/bin:/usr/sbin:/usr/local/bin
                   #1  /bin
                   #2  /usr/bin
                   #3  /usr/sbin
                   #4  /usr/local/bin
15:08:36 DEBUG Waiting up to 600 secs for process sudo&lt;sm_mapper_restart&gt; (pid 28097)
15:08:36 INFO  Executed sudo&lt;sm_mapper_restart&gt;, exit status 0
15:09:06 DEBUG Process parameters for sudo&lt;kill_out&gt;
  command line : /usr/bin/sudo killall tedge mosquitto_sub
    arg #1     : killall
    arg #2     : tedge
    arg #3     : mosquitto_sub
  working dir  : /home/pi/actions-runner/_work/thin-edge.io/thin-edge.io/tests/PySys/software_management_end_to_end/sm_mapper_fail_and_reconnect/Output/linux
  stdout       : /home/pi/actions-runner/_work/thin-edge.io/thin-edge.io/tests/PySys/software_management_end_to_end/sm_mapper_fail_and_reconnect/Output/linux/kill_out.out
  stderr       : /home/pi/actions-runner/_work/thin-edge.io/thin-edge.io/tests/PySys/software_management_end_to_end/sm_mapper_fail_and_reconnect/Output/linux/kill_out.err
  environment  : LD_LIBRARY_PATH=/usr/lib
  environment  : PATH=/bin:/usr/bin:/usr/sbin:/usr/local/bin
                   #1  /bin
                   #2  /usr/bin
                   #3  /usr/sbin
                   #4  /usr/local/bin
15:09:06 DEBUG Waiting up to 600 secs for process sudo&lt;kill_out&gt; (pid 28106)
15:09:07 INFO  Executed sudo&lt;kill_out&gt;, exit status 0
15:09:07 DEBUG --- test validate
15:09:07 INFO  Validate
15:09:07 DEBUG Performing regex contains=True grep on file: /home/pi/actions-runner/_work/thin-edge.io/thin-edge.io/tests/PySys/software_management_end_to_end/sm_mapper_fail_and_reconnect/Output/linux/tedge_sub.out
15:09:07 DEBUG Grep on input file tedge_sub.out successfully matched expression &quot;501,c8y_SoftwareUpdate&quot; with line: '[c8y/s/us] 501,c8y_SoftwareUpdate\n'
15:09:07 INFO  Grep on input file tedge_sub.out ... passed
15:09:07 DEBUG Performing regex contains=True grep on file: /home/pi/actions-runner/_work/thin-edge.io/thin-edge.io/tests/PySys/software_management_end_to_end/sm_mapper_fail_and_reconnect/Output/linux/tedge_sub.out
15:09:07 WARN  Grep on tedge_sub.out contains &quot;503,c8y_SoftwareUpdate&quot; ... failed [run.py:98]
15:09:07 DEBUG --- test cleanup
15:09:07 INFO  
15:09:07 INFO  cleanup:
15:09:07 DEBUG Running registered cleanup function: &lt;bound method SmMapperC8yReceiveLastMessageOnRestart.smcleanup of &lt;SmMapperC8yReceiveLastMessageOnRestart object at 0x76525930&gt;&gt;
15:09:07 INFO  Stop sm-mapper and agent
15:09:07 DEBUG Process parameters for sudo&lt;tedge_disconnect_c8y&gt;
  command line : /usr/bin/sudo /usr/bin/tedge disconnect c8y
    arg #1     : /usr/bin/tedge
    arg #2     : disconnect
    arg #3     : c8y
  working dir  : /home/pi/actions-runner/_work/thin-edge.io/thin-edge.io/tests/PySys/software_management_end_to_end/sm_mapper_fail_and_reconnect/Output/linux
  stdout       : /home/pi/actions-runner/_work/thin-edge.io/thin-edge.io/tests/PySys/software_management_end_to_end/sm_mapper_fail_and_reconnect/Output/linux/tedge_disconnect_c8y.out
  stderr       : /home/pi/actions-runner/_work/thin-edge.io/thin-edge.io/tests/PySys/software_management_end_to_end/sm_mapper_fail_and_reconnect/Output/linux/tedge_disconnect_c8y.err
  environment  : LD_LIBRARY_PATH=/usr/lib
  environment  : PATH=/bin:/usr/bin:/usr/sbin:/usr/local/bin
                   #1  /bin
                   #2  /usr/bin
                   #3  /usr/sbin
                   #4  /usr/local/bin
15:09:07 DEBUG Waiting up to 600 secs for process sudo&lt;tedge_disconnect_c8y&gt; (pid 28114)
15:09:10 INFO  Executed sudo&lt;tedge_disconnect_c8y&gt;, exit status 0
15:09:10 DEBUG ProcessUser cleanup function done.
15:09:10 INFO  
15:09:10 INFO  Test duration: 73.16 secs
15:09:10 INFO  Test final outcome:  FAILED
15:09:10 INFO  Test outcome reason: Grep on tedge_sub.out contains &quot;503,c8y_SoftwareUpdate&quot;
15:09:10 INFO  
</system-out>
	</testcase>
</testsuite>
