<?xml version="1.0" encoding="utf-8"?>
<testsuite failures="0" name="apt_sequence_remove_with_version_fail" skipped="1" tests="1" time="0.01" timestamp="2022-04-04T08:15:03">
	<testcase classname="AptPluginRemoveWithVersionFails" name="apt_sequence_remove_with_version_fail">
		<skipped message="SKIPPED: Testing the apt plugin is not supported on this platform.To run the tests call PySys with -XmyPlatform='container'"/>
		<system-out>10:15:03 DEBUG deletedir failed to update permissions and delete /home/pi/actions-runner/_work/thin-edge.io/thin-edge.io/tests/PySys/plugin_apt/apt_sequence_remove_with_version_fail/Output/linux on this attempt: [Errno 2] No such file or directory: '/home/pi/actions-runner/_work/thin-edge.io/thin-edge.io/tests/PySys/plugin_apt/apt_sequence_remove_with_version_fail/Output/linux'
10:15:03 INFO  ==============================================================
10:15:03 INFO  Id:    apt_sequence_remove_with_version_fail
10:15:03 INFO  Dir:   plugin_apt/
10:15:03 INFO  Title: Validate apt plugin remove with version fails when the version not found
10:15:03 DEBUG Execution order hint: 0.0
10:15:03 INFO  ==============================================================
10:15:03 INFO  Testing the apt plugin is not supported on this platform.To run the tests call PySys with -XmyPlatform='container' ... skipped
10:15:03 WARN  Aborted test due to SKIPPED outcome
10:15:03 DEBUG --- test cleanup
10:15:03 DEBUG ProcessUser cleanup function done.
10:15:03 INFO  
10:15:03 INFO  Test duration: 0.01 secs
10:15:03 INFO  Test final outcome:  SKIPPED
10:15:03 INFO  Test outcome reason: Testing the apt plugin is not supported on this platform.To run the tests call PySys with -XmyPlatform='container'
10:15:03 INFO  
</system-out>
	</testcase>
</testsuite>
