<?xml version="1.0" encoding="utf-8"?>
<testsuite failures="1" name="tedge_agent_user_sudo_access" skipped="0" tests="1" time="0.65" timestamp="2022-02-24T13:40:15">
	<testcase classname="TedgeAgentUserSudoAccess" name="tedge_agent_user_sudo_access">
		<failure message="BLOCKED: sudo&lt;apt&gt; returned exit code 2 (expected ==1)" type="BLOCKED"/>
		<system-out>14:40:14 INFO  ==============================================================
14:40:14 INFO  Id:    tedge_agent_user_sudo_access
14:40:14 INFO  Dir:   tedge/
14:40:14 INFO  Title: Validate tedge-agent user has a limited sudo right
14:40:14 DEBUG Execution order hint: 0.0
14:40:14 INFO  ==============================================================
14:40:14 INFO  Copy apt plugin 'deb'
14:40:14 DEBUG Process parameters for sudo&lt;copy_apt_plugin&gt;
  command line : /usr/bin/sudo cp /etc/tedge/sm-plugins/apt /etc/tedge/sm-plugins/deb
    arg #1     : cp
    arg #2     : /etc/tedge/sm-plugins/apt
    arg #3     : /etc/tedge/sm-plugins/deb
  working dir  : /home/pi/actions-runner/_work/thin-edge.io/thin-edge.io/tests/PySys/tedge/tedge_agent_user_sudo_access/Output/linux
  stdout       : /home/pi/actions-runner/_work/thin-edge.io/thin-edge.io/tests/PySys/tedge/tedge_agent_user_sudo_access/Output/linux/copy_apt_plugin.out
  stderr       : /home/pi/actions-runner/_work/thin-edge.io/thin-edge.io/tests/PySys/tedge/tedge_agent_user_sudo_access/Output/linux/copy_apt_plugin.err
  environment  : LD_LIBRARY_PATH=/usr/lib
  environment  : PATH=/bin:/usr/bin:/usr/sbin:/usr/local/bin
                   #1  /bin
                   #2  /usr/bin
                   #3  /usr/sbin
                   #4  /usr/local/bin
14:40:14 DEBUG Waiting up to 600 secs for process sudo&lt;copy_apt_plugin&gt; (pid 5031)
14:40:14 INFO  Executed sudo&lt;copy_apt_plugin&gt;, exit status 0
14:40:14 DEBUG --- test execute
14:40:14 DEBUG Process parameters for sudo&lt;apt&gt;
  command line : /usr/bin/sudo -u tedge-agent /usr/bin/sudo /etc/tedge/sm-plugins/apt
    arg #1     : -u
    arg #2     : tedge-agent
    arg #3     : /usr/bin/sudo
    arg #4     : /etc/tedge/sm-plugins/apt
  working dir  : /home/pi/actions-runner/_work/thin-edge.io/thin-edge.io/tests/PySys/tedge/tedge_agent_user_sudo_access/Output/linux
  stdout       : /home/pi/actions-runner/_work/thin-edge.io/thin-edge.io/tests/PySys/tedge/tedge_agent_user_sudo_access/Output/linux/apt.out
  stderr       : /home/pi/actions-runner/_work/thin-edge.io/thin-edge.io/tests/PySys/tedge/tedge_agent_user_sudo_access/Output/linux/apt.err
  environment  : LD_LIBRARY_PATH=/usr/lib
  environment  : PATH=/bin:/usr/bin:/usr/sbin:/usr/local/bin
                   #1  /bin
                   #2  /usr/bin
                   #3  /usr/sbin
                   #4  /usr/local/bin
14:40:14 DEBUG Waiting up to 600 secs for process sudo&lt;apt&gt; (pid 5033)
14:40:15 WARN  Executed sudo&lt;apt&gt;, exit status 2
14:40:15 DEBUG Opening file using encoding=UTF-8: /home/pi/actions-runner/_work/thin-edge.io/thin-edge.io/tests/PySys/tedge/tedge_agent_user_sudo_access/Output/linux/apt.err
14:40:15 INFO  Contents of apt.err: 
14:40:15 INFO    tedge_apt_plugin
14:40:15 INFO    USAGE:
14:40:15 INFO        apt &lt;SUBCOMMAND&gt;
14:40:15 INFO    OPTIONS:
14:40:15 INFO        -h, --help    Print help information
14:40:15 INFO    SUBCOMMANDS:
14:40:15 INFO        finalize       Finalize a sequences of install/remove commands
14:40:15 INFO        help           Print this message or the help of the given subcommand(s)
14:40:15 INFO        install        Install a module
14:40:15 INFO        list           List all the installed modules
14:40:15 INFO        prepare        Prepare a sequences of install/remove commands
14:40:15 INFO        remove         Uninstall a module
14:40:15 INFO        update-list    Install or remove multiple modules at once
14:40:15 INFO    -----
14:40:15 INFO  
14:40:15 WARN  sudo&lt;apt&gt; returned exit code 2 (expected ==1) ... blocked [run.py:35]
14:40:15 WARN  Aborted test due to BLOCKED outcome
14:40:15 DEBUG --- test cleanup
14:40:15 INFO  
14:40:15 INFO  cleanup:
14:40:15 DEBUG Running registered cleanup function: &lt;bound method TedgeAgentUserSudoAccess.mycleanup of &lt;TedgeAgentUserSudoAccess object at 0x751f5050&gt;&gt;
14:40:15 INFO  Remove the copied apt 'deb' plugin
14:40:15 DEBUG Process parameters for sudo&lt;remove_copied_apt_plugin&gt;
  command line : /usr/bin/sudo rm /etc/tedge/sm-plugins/deb
    arg #1     : rm
    arg #2     : /etc/tedge/sm-plugins/deb
  working dir  : /home/pi/actions-runner/_work/thin-edge.io/thin-edge.io/tests/PySys/tedge/tedge_agent_user_sudo_access/Output/linux
  stdout       : /home/pi/actions-runner/_work/thin-edge.io/thin-edge.io/tests/PySys/tedge/tedge_agent_user_sudo_access/Output/linux/remove_copied_apt_plugin.out
  stderr       : /home/pi/actions-runner/_work/thin-edge.io/thin-edge.io/tests/PySys/tedge/tedge_agent_user_sudo_access/Output/linux/remove_copied_apt_plugin.err
  environment  : LD_LIBRARY_PATH=/usr/lib
  environment  : PATH=/bin:/usr/bin:/usr/sbin:/usr/local/bin
                   #1  /bin
                   #2  /usr/bin
                   #3  /usr/sbin
                   #4  /usr/local/bin
14:40:15 DEBUG Waiting up to 600 secs for process sudo&lt;remove_copied_apt_plugin&gt; (pid 5036)
14:40:15 INFO  Executed sudo&lt;remove_copied_apt_plugin&gt;, exit status 0
14:40:15 DEBUG ProcessUser cleanup function done.
14:40:15 INFO  
14:40:15 INFO  Test duration: 0.65 secs
14:40:15 INFO  Test final outcome:  BLOCKED
14:40:15 INFO  Test outcome reason: sudo&lt;apt&gt; returned exit code 2 (expected ==1)
14:40:15 INFO  
</system-out>
	</testcase>
</testsuite>
