<?xml version="1.0" encoding="utf-8"?>
<testsuite failures="0" name="publish_flux" skipped="0" tests="1" time="66.29" timestamp="2022-02-15T15:32:52">
	<testcase classname="PublishFlux" name="publish_flux"/>
</testsuite>
