<?xml version="1.0" encoding="utf-8"?>
<testsuite failures="0" name="pysys_block" skipped="1" tests="1" time="0.0" timestamp="2022-02-24T13:30:29">
	<testcase classname="Fail" name="pysys_block"/>
</testsuite>
