<?xml version="1.0" encoding="utf-8"?>
<testsuite failures="0" name="SoftwareManagement.Plugin.apama_plugin_remove" skipped="1" tests="1" time="0.0" timestamp="2022-03-21T16:43:32">
	<testcase classname="ApamaPluginRemoveTest" name="SoftwareManagement.Plugin.apama_plugin_remove">
		<skipped message="SKIPPED: Apama plugin tests are disabled by default. Execute `pysys run` with `-XmyPlatform=container` to run these tests"/>
		<system-out>17:43:32 DEBUG deletedir failed to update permissions and delete /home/pi/actions-runner/_work/thin-edge.io/thin-edge.io/tests/PySys/plugin_apama/apama_plugin_remove/Output/linux on this attempt: [Errno 2] No such file or directory: '/home/pi/actions-runner/_work/thin-edge.io/thin-edge.io/tests/PySys/plugin_apama/apama_plugin_remove/Output/linux'
17:43:32 INFO  ==============================================================
17:43:32 INFO  Id:    SoftwareManagement.Plugin.apama_plugin_remove
17:43:32 INFO  Dir:   plugin_apama/
17:43:32 INFO  Title: Validate apama plugin remove
17:43:32 DEBUG Execution order hint: 0.0
17:43:32 INFO  ==============================================================
17:43:32 INFO  Apama plugin tests are disabled by default. Execute `pysys run` with `-XmyPlatform=container` to run these tests ... skipped
17:43:32 WARN  Aborted test due to SKIPPED outcome
17:43:32 DEBUG --- test cleanup
17:43:32 DEBUG ProcessUser cleanup function done.
17:43:32 INFO  
17:43:32 INFO  Test duration: 0.00 secs
17:43:32 INFO  Test final outcome:  SKIPPED
17:43:32 INFO  Test outcome reason: Apama plugin tests are disabled by default. Execute `pysys run` with `-XmyPlatform=container` to run these tests
17:43:32 INFO  
</system-out>
	</testcase>
</testsuite>
