<?xml version="1.0" encoding="utf-8"?>
<testsuite failures="0" name="SoftwareManagement.sm_apt_install_remove" skipped="1" tests="1" time="0.0" timestamp="2022-03-22T13:50:28">
	<testcase classname="PySysTest" name="SoftwareManagement.sm_apt_install_remove">
		<skipped message="SKIPPED: Testing the apt plugin is not supported on this platform.Use parameter -XmyPlatform='container' to enable it"/>
		<system-out>14:50:28 DEBUG deletedir failed to update permissions and delete /home/pi/actions-runner/_work/thin-edge.io/thin-edge.io/tests/PySys/software_management_end_to_end/sm_apt_install_remove/Output/linux on this attempt: [Errno 2] No such file or directory: '/home/pi/actions-runner/_work/thin-edge.io/thin-edge.io/tests/PySys/software_management_end_to_end/sm_apt_install_remove/Output/linux'
14:50:28 INFO  ==============================================================
14:50:28 INFO  Id:    SoftwareManagement.sm_apt_install_remove
14:50:28 INFO  Dir:   software_management_end_to_end/
14:50:28 INFO  Title: Validate end to end behaviour for the apt plugin for installation and removal of packages
14:50:28 DEBUG Execution order hint: 0.0
14:50:28 INFO  ==============================================================
14:50:28 INFO  Testing the apt plugin is not supported on this platform.Use parameter -XmyPlatform='container' to enable it ... skipped
14:50:28 WARN  Aborted test due to SKIPPED outcome
14:50:28 DEBUG --- test cleanup
14:50:28 DEBUG ProcessUser cleanup function done.
14:50:28 INFO  
14:50:28 INFO  Test duration: 0.00 secs
14:50:28 INFO  Test final outcome:  SKIPPED
14:50:28 INFO  Test outcome reason: Testing the apt plugin is not supported on this platform.Use parameter -XmyPlatform='container' to enable it
14:50:28 INFO  
</system-out>
	</testcase>
</testsuite>
