<?xml version="1.0" encoding="utf-8"?>
<testsuite failures="0" name="SoftwareManagement.sm_fake_install_remove_multiple" skipped="1" tests="1" time="0.01" timestamp="2022-04-04T08:24:00">
	<testcase classname="PySysTest" name="SoftwareManagement.sm_fake_install_remove_multiple">
		<skipped message="SKIPPED: Testing the fake plugin is not enabled.Use parameter -Xfakeplugin=fakeplugin to enable it"/>
		<system-out>10:24:00 DEBUG deletedir failed to update permissions and delete /home/pi/actions-runner/_work/thin-edge.io/thin-edge.io/tests/PySys/software_management_end_to_end/sm_fake_install_remove_multiple/Output/linux on this attempt: [Errno 2] No such file or directory: '/home/pi/actions-runner/_work/thin-edge.io/thin-edge.io/tests/PySys/software_management_end_to_end/sm_fake_install_remove_multiple/Output/linux'
10:24:00 INFO  ==============================================================
10:24:00 INFO  Id:    SoftwareManagement.sm_fake_install_remove_multiple
10:24:00 INFO  Dir:   software_management_end_to_end/
10:24:00 INFO  Title: Validate end to end behaviour for the dummy-plugin for multiple packages
10:24:00 DEBUG Execution order hint: 0.0
10:24:00 INFO  ==============================================================
10:24:00 INFO  Testing the fake plugin is not enabled.Use parameter -Xfakeplugin=fakeplugin to enable it ... skipped
10:24:00 WARN  Aborted test due to SKIPPED outcome
10:24:00 DEBUG --- test cleanup
10:24:00 DEBUG ProcessUser cleanup function done.
10:24:00 INFO  
10:24:00 INFO  Test duration: 0.01 secs
10:24:00 INFO  Test final outcome:  SKIPPED
10:24:00 INFO  Test outcome reason: Testing the fake plugin is not enabled.Use parameter -Xfakeplugin=fakeplugin to enable it
10:24:00 INFO  
</system-out>
	</testcase>
</testsuite>
