<?xml version="1.0" encoding="utf-8"?>
<testsuite failures="1" name="docker_plugin_remove_with_version" skipped="0" tests="1" time="4.82" timestamp="2022-04-07T17:10:38">
	<testcase classname="DockerPluginRemoveWithVersionTest" name="docker_plugin_remove_with_version">
		<failure message="BLOCKED: sudo&lt;docker_run&gt; returned non-zero exit code 125" type="BLOCKED"/>
		<system-out>17:10:33 INFO  ==============================================================
17:10:33 INFO  Id:    docker_plugin_remove_with_version
17:10:33 INFO  Dir:   plugin_docker/
17:10:33 INFO  Title: Validate docker plugin remove with version
17:10:33 DEBUG Execution order hint: 0.0
17:10:33 INFO  ==============================================================
17:10:33 DEBUG Process parameters for sudo&lt;docker_images&gt;
  command line : /usr/bin/sudo docker images
    arg #1     : docker
    arg #2     : images
  working dir  : /home/pi/actions-runner/_work/thin-edge.io/thin-edge.io/tests/PySys/plugin_docker/docker_plugin_remove_with_version/Output/linux
  stdout       : /home/pi/actions-runner/_work/thin-edge.io/thin-edge.io/tests/PySys/plugin_docker/docker_plugin_remove_with_version/Output/linux/docker_images.out
  stderr       : /home/pi/actions-runner/_work/thin-edge.io/thin-edge.io/tests/PySys/plugin_docker/docker_plugin_remove_with_version/Output/linux/docker_images.err
  environment  : LD_LIBRARY_PATH=/usr/lib
  environment  : PATH=/bin:/usr/bin:/usr/sbin:/usr/local/bin
                   #1  /bin
                   #2  /usr/bin
                   #3  /usr/sbin
                   #4  /usr/local/bin
17:10:33 DEBUG Waiting up to 600 secs for process sudo&lt;docker_images&gt; (pid 2534)
17:10:34 INFO  Executed sudo&lt;docker_images&gt;, exit status 0
17:10:34 DEBUG Performing regex contains=False grep on file: /home/pi/actions-runner/_work/thin-edge.io/thin-edge.io/tests/PySys/plugin_docker/docker_plugin_remove_with_version/Output/linux/docker_images.out
17:10:34 INFO  Grep on file /home/pi/actions-runner/_work/thin-edge.io/thin-edge.io/tests/PySys/plugin_docker/docker_plugin_remove_with_version/Output/linux/docker_images.out ... passed
17:10:34 DEBUG Process parameters for sudo&lt;docker_run&gt;
  command line : /usr/bin/sudo docker run -d registry:2.7.1
    arg #1     : docker
    arg #2     : run
    arg #3     : -d
    arg #4     : registry:2.7.1
  working dir  : /home/pi/actions-runner/_work/thin-edge.io/thin-edge.io/tests/PySys/plugin_docker/docker_plugin_remove_with_version/Output/linux
  stdout       : /home/pi/actions-runner/_work/thin-edge.io/thin-edge.io/tests/PySys/plugin_docker/docker_plugin_remove_with_version/Output/linux/docker_run.out
  stderr       : /home/pi/actions-runner/_work/thin-edge.io/thin-edge.io/tests/PySys/plugin_docker/docker_plugin_remove_with_version/Output/linux/docker_run.err
  environment  : LD_LIBRARY_PATH=/usr/lib
  environment  : PATH=/bin:/usr/bin:/usr/sbin:/usr/local/bin
                   #1  /bin
                   #2  /usr/bin
                   #3  /usr/sbin
                   #4  /usr/local/bin
17:10:34 DEBUG Waiting up to 600 secs for process sudo&lt;docker_run&gt; (pid 2544)
17:10:36 WARN  Executed sudo&lt;docker_run&gt;, exit status 125
17:10:36 DEBUG Opening file using encoding=UTF-8: /home/pi/actions-runner/_work/thin-edge.io/thin-edge.io/tests/PySys/plugin_docker/docker_plugin_remove_with_version/Output/linux/docker_run.err
17:10:36 INFO  Contents of docker_run.err: 
  Unable to find image 'registry:2.7.1' locally
  docker: Error response from daemon: toomanyrequests: You have reached your pull rate limit. You may increase the limit by authenticating and upgrading: https://www.docker.com/increase-rate-limit.
  See 'docker run --help'.
  -----

17:10:36 WARN  sudo&lt;docker_run&gt; returned non-zero exit code 125 ... blocked 
17:10:36 WARN  Aborted test due to BLOCKED outcome
17:10:36 DEBUG --- test cleanup
17:10:36 INFO  
17:10:36 INFO  cleanup:
17:10:36 DEBUG Running registered cleanup function: &lt;bound method DockerPlugin.cleanup_containers of &lt;DockerPluginRemoveWithVersionTest object at 0x75fe7f30&gt;&gt;
17:10:36 INFO  Removing containers scheduled to be cleaned up: ['', '']
17:10:36 DEBUG Process parameters for sudo&lt;containers_for_cleanup&gt;
  command line : /usr/bin/sudo docker rm -f '' ''
    arg #1     : docker
    arg #2     : rm
    arg #3     : -f
    arg #4     : 
    arg #5     : 
  working dir  : /home/pi/actions-runner/_work/thin-edge.io/thin-edge.io/tests/PySys/plugin_docker/docker_plugin_remove_with_version/Output/linux
  stdout       : /home/pi/actions-runner/_work/thin-edge.io/thin-edge.io/tests/PySys/plugin_docker/docker_plugin_remove_with_version/Output/linux/containers_for_cleanup.out
  stderr       : /home/pi/actions-runner/_work/thin-edge.io/thin-edge.io/tests/PySys/plugin_docker/docker_plugin_remove_with_version/Output/linux/containers_for_cleanup.err
  environment  : LD_LIBRARY_PATH=/usr/lib
  environment  : PATH=/bin:/usr/bin:/usr/sbin:/usr/local/bin
                   #1  /bin
                   #2  /usr/bin
                   #3  /usr/sbin
                   #4  /usr/local/bin
17:10:36 DEBUG Waiting up to 600 secs for process sudo&lt;containers_for_cleanup&gt; (pid 2561)
17:10:37 WARN  Executed sudo&lt;containers_for_cleanup&gt;, exit status 1
17:10:37 DEBUG Running registered cleanup function: &lt;bound method DockerPlugin.cleanup_images of &lt;DockerPluginRemoveWithVersionTest object at 0x75fe7f30&gt;&gt;
17:10:37 INFO  Removing images scheduled to be cleaned up: ['registry', 'registry:2.7.1']
17:10:37 DEBUG Process parameters for sudo&lt;containers_for_cleanup&gt;
  command line : /usr/bin/sudo docker rmi -f registry registry:2.7.1
    arg #1     : docker
    arg #2     : rmi
    arg #3     : -f
    arg #4     : registry
    arg #5     : registry:2.7.1
  working dir  : /home/pi/actions-runner/_work/thin-edge.io/thin-edge.io/tests/PySys/plugin_docker/docker_plugin_remove_with_version/Output/linux
  stdout       : /home/pi/actions-runner/_work/thin-edge.io/thin-edge.io/tests/PySys/plugin_docker/docker_plugin_remove_with_version/Output/linux/containers_for_cleanup.out
  stderr       : /home/pi/actions-runner/_work/thin-edge.io/thin-edge.io/tests/PySys/plugin_docker/docker_plugin_remove_with_version/Output/linux/containers_for_cleanup.err
  environment  : LD_LIBRARY_PATH=/usr/lib
  environment  : PATH=/bin:/usr/bin:/usr/sbin:/usr/local/bin
                   #1  /bin
                   #2  /usr/bin
                   #3  /usr/sbin
                   #4  /usr/local/bin
17:10:37 DEBUG Waiting up to 600 secs for process sudo&lt;containers_for_cleanup&gt; (pid 2572)
17:10:38 INFO  Executed sudo&lt;containers_for_cleanup&gt;, exit status 0
17:10:38 DEBUG ProcessUser cleanup function done.
17:10:38 INFO  
17:10:38 INFO  Test duration: 4.82 secs
17:10:38 INFO  Test final outcome:  BLOCKED
17:10:38 INFO  Test outcome reason: sudo&lt;docker_run&gt; returned non-zero exit code 125
17:10:38 INFO  
</system-out>
	</testcase>
</testsuite>
