<?xml version="1.0" encoding="utf-8"?>
<testsuite failures="1" name="SoftwareManagement.sm_docker_install_remove_multiple" skipped="0" tests="1" time="163.37" timestamp="2022-04-14T07:30:46">
	<testcase classname="SMDockerInstallRemove" name="SoftwareManagement.sm_docker_install_remove_multiple">
		<failure message="BLOCKED: SystemError: Timeout while waiting for status FAILED or SUCCESSFUL" type="BLOCKED"/>
		<system-out>07:28:03 INFO  ==============================================================
07:28:03 INFO  Id:    SoftwareManagement.sm_docker_install_remove_multiple
07:28:03 INFO  Dir:   software_management_end_to_end/
07:28:03 INFO  Title: Validate end to end behaviour for the docker plugin for multiple docker images with mixed versions
07:28:03 INFO  ==============================================================
07:28:05 INFO  Using sw id database: {'asciijump': '5475369', 'robotfindskitten': '5474869', 'squirrel3': '5475279', 'rolldice': '5152439', 'moon-buggy': '5439204', 'apple': '5495053', 'banana': '5494888', 'cherry': '5495382', 'watermelon': '5494510', 'registry': '8018911', 'hello-world': '8021526', 'docker/getting-started': '8021973', 'alpine': '7991792'}
07:28:05 INFO  EnvironmentC8y Setup
07:28:06 INFO  Executed systemctl&lt;serv_mapper1&gt;, exit status 3
07:28:21 INFO  Executed sudo&lt;tedge_connect_c8y&gt;, exit status 0, duration 15 secs
07:28:22 INFO  Executed sudo&lt;tedge_connect_c8y_test&gt;, exit status 0
07:28:22 INFO  Executed systemctl&lt;serv_mosq2&gt;, exit status 0
07:28:23 INFO  Executed systemctl&lt;serv_mapper3&gt;, exit status 0
07:28:25 INFO  State of current operation: PENDING
07:28:27 INFO  State of current operation: PENDING
07:28:30 INFO  State of current operation: PENDING
07:28:32 INFO  State of current operation: PENDING
07:28:34 INFO  State of current operation: PENDING
07:28:36 INFO  State of current operation: PENDING
07:28:39 INFO  State of current operation: PENDING
07:28:41 INFO  State of current operation: PENDING
07:28:43 INFO  State of current operation: PENDING
07:28:45 INFO  State of current operation: PENDING
07:28:47 INFO  State of current operation: PENDING
07:28:50 INFO  State of current operation: PENDING
07:28:52 INFO  State of current operation: PENDING
07:28:54 INFO  State of current operation: PENDING
07:28:56 INFO  State of current operation: PENDING
07:28:59 INFO  State of current operation: PENDING
07:29:01 INFO  State of current operation: PENDING
07:29:03 INFO  State of current operation: PENDING
07:29:05 INFO  State of current operation: PENDING
07:29:07 INFO  State of current operation: PENDING
07:29:10 INFO  State of current operation: PENDING
07:29:12 INFO  State of current operation: PENDING
07:29:14 INFO  State of current operation: PENDING
07:29:16 INFO  State of current operation: PENDING
07:29:19 INFO  State of current operation: PENDING
07:29:21 INFO  State of current operation: PENDING
07:29:23 INFO  State of current operation: PENDING
07:29:25 INFO  State of current operation: PENDING
07:29:28 INFO  State of current operation: PENDING
07:29:30 INFO  State of current operation: PENDING
07:29:32 INFO  State of current operation: PENDING
07:29:34 INFO  State of current operation: PENDING
07:29:36 INFO  State of current operation: PENDING
07:29:39 INFO  State of current operation: PENDING
07:29:41 INFO  State of current operation: PENDING
07:29:43 INFO  State of current operation: PENDING
07:29:45 INFO  State of current operation: PENDING
07:29:48 INFO  State of current operation: PENDING
07:29:50 INFO  State of current operation: PENDING
07:29:52 INFO  State of current operation: PENDING
07:29:54 INFO  State of current operation: PENDING
07:29:56 INFO  State of current operation: PENDING
07:29:59 INFO  State of current operation: PENDING
07:30:01 INFO  State of current operation: PENDING
07:30:03 INFO  State of current operation: PENDING
07:30:05 INFO  State of current operation: PENDING
07:30:08 INFO  State of current operation: PENDING
07:30:10 INFO  State of current operation: PENDING
07:30:12 INFO  State of current operation: PENDING
07:30:14 INFO  State of current operation: PENDING
07:30:16 INFO  State of current operation: PENDING
07:30:19 INFO  State of current operation: PENDING
07:30:21 INFO  State of current operation: PENDING
07:30:23 INFO  State of current operation: PENDING
07:30:25 INFO  State of current operation: PENDING
07:30:28 INFO  State of current operation: PENDING
07:30:30 INFO  State of current operation: PENDING
07:30:32 INFO  State of current operation: PENDING
07:30:34 INFO  State of current operation: PENDING
07:30:37 INFO  State of current operation: PENDING
07:30:39 INFO  State of current operation: PENDING
07:30:41 WARN  SystemError occurred while running test - Timeout while waiting for status FAILED or SUCCESSFUL
Traceback (most recent call last):
  File &quot;/home/pi/env-pysys/lib/python3.7/site-packages/pysys/baserunner.py&quot;, line 1292, in __call__
    self.testObj.setup()
  File &quot;/home/pi/actions-runner/_work/thin-edge.io/thin-edge.io/tests/PySys/software_management_end_to_end/sm_docker_install_remove_multiple/run.py&quot;, line 29, in setup
    super().setup()
  File &quot;/home/pi/actions-runner/_work/thin-edge.io/thin-edge.io/tests/PySys/software_management_end_to_end/environment_sm_management.py&quot;, line 151, in setup
    self.wait_until_end()
  File &quot;/home/pi/actions-runner/_work/thin-edge.io/thin-edge.io/tests/PySys/software_management_end_to_end/environment_sm_management.py&quot;, line 332, in wait_until_end
    self.wait_until_status(&quot;FAILED&quot;, &quot;SUCCESSFUL&quot;)
  File &quot;/home/pi/actions-runner/_work/thin-edge.io/thin-edge.io/tests/PySys/software_management_end_to_end/environment_sm_management.py&quot;, line 381, in wait_until_status
    &quot;Timeout while waiting for status %s or %s&quot; % (status, status2)
SystemError: Timeout while waiting for status FAILED or SUCCESSFUL
07:30:41 WARN  SystemError: Timeout while waiting for status FAILED or SUCCESSFUL ... blocked 
07:30:41 INFO  
07:30:41 INFO  cleanup:
07:30:46 INFO  Executed sudo&lt;tedge_disconnect_c8y&gt;, exit status 0
07:30:46 INFO  Executed systemctl&lt;serv_mapper5&gt;, exit status 3
07:30:46 INFO  
07:30:46 INFO  Test duration: 163.37 secs
07:30:46 INFO  Test final outcome:  BLOCKED
07:30:46 INFO  Test outcome reason: SystemError: Timeout while waiting for status FAILED or SUCCESSFUL
07:30:46 INFO  
</system-out>
	</testcase>
</testsuite>
