<?xml version="1.0" encoding="utf-8"?>
<testsuite failures="0" name="docker_plugin_update" skipped="0" tests="1" time="62.55" timestamp="2022-04-08T10:41:42">
	<testcase classname="DockerPluginUpdateTest" name="docker_plugin_update"/>
</testsuite>
