<?xml version="1.0" encoding="utf-8"?>
<testsuite failures="0" name="docker_plugin_install" skipped="0" tests="1" time="34.94" timestamp="2022-04-15T09:52:36">
	<testcase classname="DockerPluginInstallTest" name="docker_plugin_install"/>
</testsuite>
