<?xml version="1.0" encoding="utf-8"?>
<testsuite failures="1" name="SoftwareManagement.sm_docker_install_remove_multiple" skipped="0" tests="1" time="162.6" timestamp="2022-04-12T09:38:56">
	<testcase classname="SMDockerInstallRemove" name="SoftwareManagement.sm_docker_install_remove_multiple">
		<failure message="BLOCKED: SystemError: Timeout while waiting for status FAILED or SUCCESSFUL" type="BLOCKED"/>
		<system-out>09:36:13 INFO  ==============================================================
09:36:13 INFO  Id:    SoftwareManagement.sm_docker_install_remove_multiple
09:36:13 INFO  Dir:   software_management_end_to_end/
09:36:13 INFO  Title: Validate end to end behaviour for the docker plugin for multiple docker images with mixed versions
09:36:13 INFO  ==============================================================
09:36:15 INFO  Using sw id database: {'asciijump': '5475369', 'robotfindskitten': '5474869', 'squirrel3': '5475279', 'rolldice': '5152439', 'moon-buggy': '5439204', 'apple': '5495053', 'banana': '5494888', 'cherry': '5495382', 'watermelon': '5494510', 'registry': '8018911', 'hello-world': '8021526', 'docker/getting-started': '8021973', 'alpine': '7991792'}
09:36:15 INFO  EnvironmentC8y Setup
09:36:15 INFO  Executed systemctl&lt;serv_mapper1&gt;, exit status 3
09:36:31 INFO  Executed sudo&lt;tedge_connect_c8y&gt;, exit status 0, duration 15 secs
09:36:32 INFO  Executed sudo&lt;tedge_connect_c8y_test&gt;, exit status 0
09:36:32 INFO  Executed systemctl&lt;serv_mosq2&gt;, exit status 0
09:36:33 INFO  Executed systemctl&lt;serv_mapper3&gt;, exit status 0
09:36:35 INFO  State of current operation: PENDING
09:36:37 INFO  State of current operation: PENDING
09:36:39 INFO  State of current operation: PENDING
09:36:42 INFO  State of current operation: PENDING
09:36:44 INFO  State of current operation: PENDING
09:36:46 INFO  State of current operation: PENDING
09:36:48 INFO  State of current operation: PENDING
09:36:50 INFO  State of current operation: PENDING
09:36:53 INFO  State of current operation: PENDING
09:36:55 INFO  State of current operation: PENDING
09:36:57 INFO  State of current operation: PENDING
09:36:59 INFO  State of current operation: PENDING
09:37:02 INFO  State of current operation: PENDING
09:37:04 INFO  State of current operation: PENDING
09:37:06 INFO  State of current operation: PENDING
09:37:08 INFO  State of current operation: PENDING
09:37:10 INFO  State of current operation: PENDING
09:37:13 INFO  State of current operation: PENDING
09:37:15 INFO  State of current operation: PENDING
09:37:17 INFO  State of current operation: PENDING
09:37:19 INFO  State of current operation: PENDING
09:37:22 INFO  State of current operation: PENDING
09:37:24 INFO  State of current operation: PENDING
09:37:26 INFO  State of current operation: PENDING
09:37:28 INFO  State of current operation: PENDING
09:37:30 INFO  State of current operation: PENDING
09:37:33 INFO  State of current operation: PENDING
09:37:35 INFO  State of current operation: PENDING
09:37:37 INFO  State of current operation: PENDING
09:37:39 INFO  State of current operation: PENDING
09:37:42 INFO  State of current operation: PENDING
09:37:44 INFO  State of current operation: PENDING
09:37:46 INFO  State of current operation: PENDING
09:37:48 INFO  State of current operation: PENDING
09:37:50 INFO  State of current operation: PENDING
09:37:53 INFO  State of current operation: PENDING
09:37:55 INFO  State of current operation: PENDING
09:37:57 INFO  State of current operation: PENDING
09:37:59 INFO  State of current operation: PENDING
09:38:01 INFO  State of current operation: PENDING
09:38:04 INFO  State of current operation: PENDING
09:38:06 INFO  State of current operation: PENDING
09:38:08 INFO  State of current operation: PENDING
09:38:10 INFO  State of current operation: PENDING
09:38:13 INFO  State of current operation: PENDING
09:38:15 INFO  State of current operation: PENDING
09:38:17 INFO  State of current operation: PENDING
09:38:19 INFO  State of current operation: PENDING
09:38:21 INFO  State of current operation: PENDING
09:38:24 INFO  State of current operation: PENDING
09:38:26 INFO  State of current operation: PENDING
09:38:28 INFO  State of current operation: PENDING
09:38:30 INFO  State of current operation: PENDING
09:38:33 INFO  State of current operation: PENDING
09:38:35 INFO  State of current operation: PENDING
09:38:37 INFO  State of current operation: PENDING
09:38:39 INFO  State of current operation: PENDING
09:38:41 INFO  State of current operation: PENDING
09:38:44 INFO  State of current operation: PENDING
09:38:46 INFO  State of current operation: PENDING
09:38:48 INFO  State of current operation: PENDING
09:38:50 WARN  SystemError occurred while running test - Timeout while waiting for status FAILED or SUCCESSFUL
Traceback (most recent call last):
  File &quot;/home/pi/env-pysys/lib/python3.7/site-packages/pysys/baserunner.py&quot;, line 1292, in __call__
    self.testObj.setup()
  File &quot;/home/pi/actions-runner/_work/thin-edge.io/thin-edge.io/tests/PySys/software_management_end_to_end/sm_docker_install_remove_multiple/run.py&quot;, line 29, in setup
    super().setup()
  File &quot;/home/pi/actions-runner/_work/thin-edge.io/thin-edge.io/tests/PySys/software_management_end_to_end/environment_sm_management.py&quot;, line 151, in setup
    self.wait_until_end()
  File &quot;/home/pi/actions-runner/_work/thin-edge.io/thin-edge.io/tests/PySys/software_management_end_to_end/environment_sm_management.py&quot;, line 332, in wait_until_end
    self.wait_until_status(&quot;FAILED&quot;, &quot;SUCCESSFUL&quot;)
  File &quot;/home/pi/actions-runner/_work/thin-edge.io/thin-edge.io/tests/PySys/software_management_end_to_end/environment_sm_management.py&quot;, line 381, in wait_until_status
    &quot;Timeout while waiting for status %s or %s&quot; % (status, status2)
SystemError: Timeout while waiting for status FAILED or SUCCESSFUL
09:38:51 WARN  SystemError: Timeout while waiting for status FAILED or SUCCESSFUL ... blocked 
09:38:51 INFO  
09:38:51 INFO  cleanup:
09:38:55 INFO  Executed sudo&lt;tedge_disconnect_c8y&gt;, exit status 0
09:38:56 INFO  Executed systemctl&lt;serv_mapper5&gt;, exit status 3
09:38:56 INFO  
09:38:56 INFO  Test duration: 162.60 secs
09:38:56 INFO  Test final outcome:  BLOCKED
09:38:56 INFO  Test outcome reason: SystemError: Timeout while waiting for status FAILED or SUCCESSFUL
09:38:56 INFO  
</system-out>
	</testcase>
</testsuite>
