<?xml version="1.0" encoding="utf-8"?>
<testsuite failures="1" name="SoftwareManagement.sm_docker_install_remove_multiple" skipped="0" tests="1" time="166.09" timestamp="2022-04-14T10:35:18">
	<testcase classname="SMDockerInstallRemove" name="SoftwareManagement.sm_docker_install_remove_multiple">
		<failure message="BLOCKED: SystemError: Timeout while waiting for status SUCCESSFUL or False" type="BLOCKED"/>
		<system-out>10:32:32 INFO  ==============================================================
10:32:32 INFO  Id:    SoftwareManagement.sm_docker_install_remove_multiple
10:32:32 INFO  Dir:   software_management_end_to_end/
10:32:32 INFO  Title: Validate end to end behaviour for the docker plugin for multiple docker images with mixed versions
10:32:32 INFO  ==============================================================
10:32:34 INFO  Using sw id database: {'asciijump': '5475369', 'robotfindskitten': '5474869', 'squirrel3': '5475279', 'rolldice': '5152439', 'moon-buggy': '5439204', 'apple': '5495053', 'banana': '5494888', 'cherry': '5495382', 'watermelon': '5494510', 'registry': '8018911', 'hello-world': '8021526', 'docker/getting-started': '8021973', 'alpine': '7991792'}
10:32:34 INFO  EnvironmentC8y Setup
10:32:35 INFO  Executed systemctl&lt;serv_mapper1&gt;, exit status 3
10:32:51 INFO  Executed sudo&lt;tedge_connect_c8y&gt;, exit status 0, duration 16 secs
10:32:52 INFO  Executed sudo&lt;tedge_connect_c8y_test&gt;, exit status 0
10:32:52 INFO  Executed systemctl&lt;serv_mosq2&gt;, exit status 0
10:32:53 INFO  Executed systemctl&lt;serv_mapper3&gt;, exit status 0
10:32:55 INFO  State of current operation: FAILED
10:32:55 INFO  Response status: 201
10:32:55 INFO  Response to action: {
    &quot;creationTime&quot;: &quot;2022-04-14T10:32:55.706Z&quot;,
    &quot;deviceName&quot;: &quot;mythicc&quot;,
    &quot;deviceId&quot;: &quot;17326137&quot;,
    &quot;self&quot;: &quot;https://t493319102.eu-latest.cumulocity.com/devicecontrol/operations/17330323&quot;,
    &quot;id&quot;: &quot;17330323&quot;,
    &quot;status&quot;: &quot;PENDING&quot;,
    &quot;description&quot;: &quot;Apply software changes, triggered from PySys: [{'action': 'install', 'id': '8021526', 'name': 'hello-world', 'url': '', 'version': '::docker'}, {'action': 'install', 'id': '8018911', 'name': 'registry', 'url': '', 'version': '2.6.2::docker'}]&quot;,
    &quot;c8y_SoftwareUpdate&quot;: [
        {
            &quot;name&quot;: &quot;hello-world&quot;,
            &quot;action&quot;: &quot;install&quot;,
            &quot;id&quot;: &quot;8021526&quot;,
            &quot;version&quot;: &quot;::docker&quot;,
            &quot;url&quot;: &quot;&quot;
        },
        {
            &quot;name&quot;: &quot;registry&quot;,
            &quot;action&quot;: &quot;install&quot;,
            &quot;id&quot;: &quot;8018911&quot;,
            &quot;version&quot;: &quot;2.6.2::docker&quot;,
            &quot;url&quot;: &quot;&quot;
        }
    ]
}
10:32:55 INFO  Started operation: {'creationTime': '2022-04-14T10:32:55.706Z', 'deviceName': 'mythicc', 'deviceId': '17326137', 'self': 'https://t493319102.eu-latest.cumulocity.com/devicecontrol/operations/17330323', 'id': '17330323', 'status': 'PENDING', 'description': &quot;Apply software changes, triggered from PySys: [{'action': 'install', 'id': '8021526', 'name': 'hello-world', 'url': '', 'version': '::docker'}, {'action': 'install', 'id': '8018911', 'name': 'registry', 'url': '', 'version': '2.6.2::docker'}]&quot;, 'c8y_SoftwareUpdate': [{'name': 'hello-world', 'action': 'install', 'id': '8021526', 'version': '::docker', 'url': ''}, {'name': 'registry', 'action': 'install', 'id': '8018911', 'version': '2.6.2::docker', 'url': ''}]}
10:32:57 INFO  State of operation 17330323 : PENDING
10:33:00 INFO  State of operation 17330323 : PENDING
10:33:02 INFO  State of operation 17330323 : PENDING
10:33:04 INFO  State of operation 17330323 : PENDING
10:33:06 INFO  State of operation 17330323 : PENDING
10:33:09 INFO  State of operation 17330323 : PENDING
10:33:11 INFO  State of operation 17330323 : PENDING
10:33:13 INFO  State of operation 17330323 : PENDING
10:33:15 INFO  State of operation 17330323 : PENDING
10:33:17 INFO  State of operation 17330323 : PENDING
10:33:20 INFO  State of operation 17330323 : PENDING
10:33:22 INFO  State of operation 17330323 : PENDING
10:33:24 INFO  State of operation 17330323 : PENDING
10:33:26 INFO  State of operation 17330323 : PENDING
10:33:28 INFO  State of operation 17330323 : PENDING
10:33:31 INFO  State of operation 17330323 : PENDING
10:33:33 INFO  State of operation 17330323 : PENDING
10:33:35 INFO  State of operation 17330323 : PENDING
10:33:37 INFO  State of operation 17330323 : PENDING
10:33:40 INFO  State of operation 17330323 : PENDING
10:33:42 INFO  State of operation 17330323 : PENDING
10:33:44 INFO  State of operation 17330323 : PENDING
10:33:46 INFO  State of operation 17330323 : PENDING
10:33:48 INFO  State of operation 17330323 : PENDING
10:33:51 INFO  State of operation 17330323 : PENDING
10:33:53 INFO  State of operation 17330323 : PENDING
10:33:55 INFO  State of operation 17330323 : PENDING
10:33:57 INFO  State of operation 17330323 : PENDING
10:34:00 INFO  State of operation 17330323 : PENDING
10:34:02 INFO  State of operation 17330323 : PENDING
10:34:04 INFO  State of operation 17330323 : PENDING
10:34:06 INFO  State of operation 17330323 : PENDING
10:34:08 INFO  State of operation 17330323 : PENDING
10:34:11 INFO  State of operation 17330323 : PENDING
10:34:13 INFO  State of operation 17330323 : PENDING
10:34:15 INFO  State of operation 17330323 : PENDING
10:34:17 INFO  State of operation 17330323 : PENDING
10:34:19 INFO  State of operation 17330323 : PENDING
10:34:22 INFO  State of operation 17330323 : PENDING
10:34:24 INFO  State of operation 17330323 : PENDING
10:34:26 INFO  State of operation 17330323 : PENDING
10:34:28 INFO  State of operation 17330323 : PENDING
10:34:30 INFO  State of operation 17330323 : PENDING
10:34:33 INFO  State of operation 17330323 : PENDING
10:34:35 INFO  State of operation 17330323 : PENDING
10:34:37 INFO  State of operation 17330323 : PENDING
10:34:39 INFO  State of operation 17330323 : PENDING
10:34:42 INFO  State of operation 17330323 : PENDING
10:34:44 INFO  State of operation 17330323 : PENDING
10:34:46 INFO  State of operation 17330323 : PENDING
10:34:48 INFO  State of operation 17330323 : PENDING
10:34:51 INFO  State of operation 17330323 : PENDING
10:34:53 INFO  State of operation 17330323 : PENDING
10:34:55 INFO  State of operation 17330323 : PENDING
10:34:57 INFO  State of operation 17330323 : PENDING
10:34:59 INFO  State of operation 17330323 : PENDING
10:35:02 INFO  State of operation 17330323 : PENDING
10:35:04 INFO  State of operation 17330323 : PENDING
10:35:06 INFO  State of operation 17330323 : PENDING
10:35:08 INFO  State of operation 17330323 : PENDING
10:35:10 INFO  State of operation 17330323 : PENDING
10:35:12 WARN  SystemError occurred while running test - Timeout while waiting for status SUCCESSFUL or False
Traceback (most recent call last):
  File &quot;/home/pi/env-pysys/lib/python3.7/site-packages/pysys/baserunner.py&quot;, line 1292, in __call__
    self.testObj.setup()
  File &quot;/home/pi/actions-runner/_work/thin-edge.io/thin-edge.io/tests/PySys/software_management_end_to_end/sm_docker_install_remove_multiple/run.py&quot;, line 55, in setup
    self.wait_until_succcess()
  File &quot;/home/pi/actions-runner/_work/thin-edge.io/thin-edge.io/tests/PySys/software_management_end_to_end/environment_sm_management.py&quot;, line 324, in wait_until_succcess
    self.wait_until_status(&quot;SUCCESSFUL&quot;)
  File &quot;/home/pi/actions-runner/_work/thin-edge.io/thin-edge.io/tests/PySys/software_management_end_to_end/environment_sm_management.py&quot;, line 381, in wait_until_status
    &quot;Timeout while waiting for status %s or %s&quot; % (status, status2)
SystemError: Timeout while waiting for status SUCCESSFUL or False
10:35:13 WARN  SystemError: Timeout while waiting for status SUCCESSFUL or False ... blocked 
10:35:13 INFO  
10:35:13 INFO  cleanup:
10:35:17 INFO  Executed sudo&lt;tedge_disconnect_c8y&gt;, exit status 0
10:35:18 INFO  Executed systemctl&lt;serv_mapper5&gt;, exit status 3
10:35:18 INFO  
10:35:18 INFO  Test duration: 166.09 secs
10:35:18 INFO  Test final outcome:  BLOCKED
10:35:18 INFO  Test outcome reason: SystemError: Timeout while waiting for status SUCCESSFUL or False
10:35:18 INFO  
</system-out>
	</testcase>
</testsuite>
