<?xml version="1.0" encoding="utf-8"?>
<testsuite failures="1" name="SoftwareManagement.sm_docker_install_remove_multiple" skipped="0" tests="1" time="164.53" timestamp="2022-04-15T09:58:07">
	<testcase classname="SMDockerInstallRemove" name="SoftwareManagement.sm_docker_install_remove_multiple">
		<failure message="BLOCKED: SystemError: Timeout while waiting for status FAILED or SUCCESSFUL" type="BLOCKED"/>
		<system-out>09:55:23 INFO  ==============================================================
09:55:23 INFO  Id:    SoftwareManagement.sm_docker_install_remove_multiple
09:55:23 INFO  Dir:   software_management_end_to_end/
09:55:23 INFO  Title: Validate end to end behaviour for the docker plugin for multiple docker images with mixed versions
09:55:23 INFO  ==============================================================
09:55:25 INFO  Using sw id database: {'asciijump': '5475369', 'robotfindskitten': '5474869', 'squirrel3': '5475279', 'rolldice': '5152439', 'moon-buggy': '5439204', 'apple': '5495053', 'banana': '5494888', 'cherry': '5495382', 'watermelon': '5494510', 'registry': '8018911', 'hello-world': '8021526', 'docker/getting-started': '8021973', 'alpine': '7991792'}
09:55:25 INFO  EnvironmentC8y Setup
09:55:26 INFO  Executed systemctl&lt;serv_mapper1&gt;, exit status 3
09:55:42 INFO  Executed sudo&lt;tedge_connect_c8y&gt;, exit status 0, duration 16 secs
09:55:42 INFO  Executed sudo&lt;tedge_connect_c8y_test&gt;, exit status 0
09:55:43 INFO  Executed systemctl&lt;serv_mosq2&gt;, exit status 0
09:55:44 INFO  Executed systemctl&lt;serv_mapper3&gt;, exit status 0
09:55:46 INFO  State of current operation: PENDING
09:55:48 INFO  State of current operation: PENDING
09:55:50 INFO  State of current operation: PENDING
09:55:53 INFO  State of current operation: PENDING
09:55:55 INFO  State of current operation: PENDING
09:55:57 INFO  State of current operation: PENDING
09:55:59 INFO  State of current operation: PENDING
09:56:02 INFO  State of current operation: PENDING
09:56:04 INFO  State of current operation: PENDING
09:56:06 INFO  State of current operation: PENDING
09:56:08 INFO  State of current operation: PENDING
09:56:11 INFO  State of current operation: PENDING
09:56:13 INFO  State of current operation: PENDING
09:56:15 INFO  State of current operation: PENDING
09:56:17 INFO  State of current operation: PENDING
09:56:19 INFO  State of current operation: PENDING
09:56:22 INFO  State of current operation: PENDING
09:56:24 INFO  State of current operation: PENDING
09:56:26 INFO  State of current operation: PENDING
09:56:28 INFO  State of current operation: PENDING
09:56:31 INFO  State of current operation: PENDING
09:56:33 INFO  State of current operation: PENDING
09:56:35 INFO  State of current operation: PENDING
09:56:37 INFO  State of current operation: PENDING
09:56:39 INFO  State of current operation: PENDING
09:56:42 INFO  State of current operation: PENDING
09:56:44 INFO  State of current operation: PENDING
09:56:46 INFO  State of current operation: PENDING
09:56:48 INFO  State of current operation: PENDING
09:56:51 INFO  State of current operation: PENDING
09:56:53 INFO  State of current operation: PENDING
09:56:55 INFO  State of current operation: PENDING
09:56:57 INFO  State of current operation: PENDING
09:57:00 INFO  State of current operation: PENDING
09:57:02 INFO  State of current operation: PENDING
09:57:04 INFO  State of current operation: PENDING
09:57:06 INFO  State of current operation: PENDING
09:57:08 INFO  State of current operation: PENDING
09:57:11 INFO  State of current operation: PENDING
09:57:13 INFO  State of current operation: PENDING
09:57:15 INFO  State of current operation: PENDING
09:57:17 INFO  State of current operation: PENDING
09:57:20 INFO  State of current operation: PENDING
09:57:22 INFO  State of current operation: PENDING
09:57:24 INFO  State of current operation: PENDING
09:57:26 INFO  State of current operation: PENDING
09:57:28 INFO  State of current operation: PENDING
09:57:31 INFO  State of current operation: PENDING
09:57:33 INFO  State of current operation: PENDING
09:57:35 INFO  State of current operation: PENDING
09:57:37 INFO  State of current operation: PENDING
09:57:40 INFO  State of current operation: PENDING
09:57:42 INFO  State of current operation: PENDING
09:57:44 INFO  State of current operation: PENDING
09:57:46 INFO  State of current operation: PENDING
09:57:49 INFO  State of current operation: PENDING
09:57:51 INFO  State of current operation: PENDING
09:57:53 INFO  State of current operation: PENDING
09:57:55 INFO  State of current operation: PENDING
09:57:57 INFO  State of current operation: PENDING
09:58:00 INFO  State of current operation: PENDING
09:58:02 WARN  SystemError occurred while running test - Timeout while waiting for status FAILED or SUCCESSFUL
Traceback (most recent call last):
  File &quot;/home/pi/env-pysys/lib/python3.7/site-packages/pysys/baserunner.py&quot;, line 1292, in __call__
    self.testObj.setup()
  File &quot;/home/pi/actions-runner/_work/thin-edge.io/thin-edge.io/tests/PySys/software_management_end_to_end/sm_docker_install_remove_multiple/run.py&quot;, line 29, in setup
    super().setup()
  File &quot;/home/pi/actions-runner/_work/thin-edge.io/thin-edge.io/tests/PySys/software_management_end_to_end/environment_sm_management.py&quot;, line 151, in setup
    self.wait_until_end()
  File &quot;/home/pi/actions-runner/_work/thin-edge.io/thin-edge.io/tests/PySys/software_management_end_to_end/environment_sm_management.py&quot;, line 332, in wait_until_end
    self.wait_until_status(&quot;FAILED&quot;, &quot;SUCCESSFUL&quot;)
  File &quot;/home/pi/actions-runner/_work/thin-edge.io/thin-edge.io/tests/PySys/software_management_end_to_end/environment_sm_management.py&quot;, line 381, in wait_until_status
    &quot;Timeout while waiting for status %s or %s&quot; % (status, status2)
SystemError: Timeout while waiting for status FAILED or SUCCESSFUL
09:58:02 WARN  SystemError: Timeout while waiting for status FAILED or SUCCESSFUL ... blocked 
09:58:02 INFO  
09:58:02 INFO  cleanup:
09:58:07 INFO  Executed sudo&lt;tedge_disconnect_c8y&gt;, exit status 0
09:58:07 INFO  Executed systemctl&lt;serv_mapper5&gt;, exit status 3
09:58:07 INFO  
09:58:07 INFO  Test duration: 164.53 secs
09:58:07 INFO  Test final outcome:  BLOCKED
09:58:07 INFO  Test outcome reason: SystemError: Timeout while waiting for status FAILED or SUCCESSFUL
09:58:07 INFO  
</system-out>
	</testcase>
</testsuite>
