<?xml version="1.0" encoding="utf-8"?>
<testsuite failures="1" name="docker_plugin_install_with_version" skipped="0" tests="1" time="6.55" timestamp="2022-04-07T17:10:28">
	<testcase classname="DockerPluginInstallWithVersionTest" name="docker_plugin_install_with_version">
		<failure message="BLOCKED: sudo&lt;plugin_install&gt; returned non-zero exit code 2 (+1 other failures)" type="BLOCKED"/>
		<system-out>17:10:22 INFO  ==============================================================
17:10:22 INFO  Id:    docker_plugin_install_with_version
17:10:22 INFO  Dir:   plugin_docker/
17:10:22 INFO  Title: Validate docker plugin install
17:10:22 DEBUG Execution order hint: 0.0
17:10:22 INFO  ==============================================================
17:10:22 DEBUG Process parameters for sudo&lt;docker_images&gt;
  command line : /usr/bin/sudo docker images
    arg #1     : docker
    arg #2     : images
  working dir  : /home/pi/actions-runner/_work/thin-edge.io/thin-edge.io/tests/PySys/plugin_docker/docker_plugin_install_with_version/Output/linux
  stdout       : /home/pi/actions-runner/_work/thin-edge.io/thin-edge.io/tests/PySys/plugin_docker/docker_plugin_install_with_version/Output/linux/docker_images.out
  stderr       : /home/pi/actions-runner/_work/thin-edge.io/thin-edge.io/tests/PySys/plugin_docker/docker_plugin_install_with_version/Output/linux/docker_images.err
  environment  : LD_LIBRARY_PATH=/usr/lib
  environment  : PATH=/bin:/usr/bin:/usr/sbin:/usr/local/bin
                   #1  /bin
                   #2  /usr/bin
                   #3  /usr/sbin
                   #4  /usr/local/bin
17:10:22 DEBUG Waiting up to 600 secs for process sudo&lt;docker_images&gt; (pid 2403)
17:10:23 INFO  Executed sudo&lt;docker_images&gt;, exit status 0
17:10:23 DEBUG Performing regex contains=False grep on file: /home/pi/actions-runner/_work/thin-edge.io/thin-edge.io/tests/PySys/plugin_docker/docker_plugin_install_with_version/Output/linux/docker_images.out
17:10:23 INFO  Grep on file /home/pi/actions-runner/_work/thin-edge.io/thin-edge.io/tests/PySys/plugin_docker/docker_plugin_install_with_version/Output/linux/docker_images.out ... passed
17:10:23 DEBUG --- test execute
17:10:23 DEBUG Process parameters for sudo&lt;plugin_install&gt;
  command line : /usr/bin/sudo /etc/tedge/sm-plugins/docker install registry --module-version 2.7.1
    arg #1     : /etc/tedge/sm-plugins/docker
    arg #2     : install
    arg #3     : registry
    arg #4     : --module-version
    arg #5     : 2.7.1
  working dir  : /home/pi/actions-runner/_work/thin-edge.io/thin-edge.io/tests/PySys/plugin_docker/docker_plugin_install_with_version/Output/linux
  stdout       : /home/pi/actions-runner/_work/thin-edge.io/thin-edge.io/tests/PySys/plugin_docker/docker_plugin_install_with_version/Output/linux/plugin_install.out
  stderr       : /home/pi/actions-runner/_work/thin-edge.io/thin-edge.io/tests/PySys/plugin_docker/docker_plugin_install_with_version/Output/linux/plugin_install.err
  environment  : LD_LIBRARY_PATH=/usr/lib
  environment  : PATH=/bin:/usr/bin:/usr/sbin:/usr/local/bin
                   #1  /bin
                   #2  /usr/bin
                   #3  /usr/sbin
                   #4  /usr/local/bin
17:10:23 DEBUG Waiting up to 600 secs for process sudo&lt;plugin_install&gt; (pid 2413)
17:10:25 WARN  Executed sudo&lt;plugin_install&gt;, exit status 2
17:10:25 WARN  sudo&lt;plugin_install&gt; returned non-zero exit code 2 ... blocked [environment_docker_plugin.py:136,environment_docker_plugin.py:144,run.py:24]
17:10:25 DEBUG Process parameters for sudo&lt;docker_ps_latest&gt;
  command line : /usr/bin/sudo docker ps -q --latest
    arg #1     : docker
    arg #2     : ps
    arg #3     : -q
    arg #4     : --latest
  working dir  : /home/pi/actions-runner/_work/thin-edge.io/thin-edge.io/tests/PySys/plugin_docker/docker_plugin_install_with_version/Output/linux
  stdout       : /home/pi/actions-runner/_work/thin-edge.io/thin-edge.io/tests/PySys/plugin_docker/docker_plugin_install_with_version/Output/linux/docker_ps_latest.out
  stderr       : /home/pi/actions-runner/_work/thin-edge.io/thin-edge.io/tests/PySys/plugin_docker/docker_plugin_install_with_version/Output/linux/docker_ps_latest.err
  environment  : LD_LIBRARY_PATH=/usr/lib
  environment  : PATH=/bin:/usr/bin:/usr/sbin:/usr/local/bin
                   #1  /bin
                   #2  /usr/bin
                   #3  /usr/sbin
                   #4  /usr/local/bin
17:10:25 DEBUG Waiting up to 600 secs for process sudo&lt;docker_ps_latest&gt; (pid 2443)
17:10:26 INFO  Executed sudo&lt;docker_ps_latest&gt;, exit status 0
17:10:26 DEBUG --- test validate
17:10:26 DEBUG Process parameters for sudo&lt;docker_ps&gt;
  command line : /usr/bin/sudo docker ps
    arg #1     : docker
    arg #2     : ps
  working dir  : /home/pi/actions-runner/_work/thin-edge.io/thin-edge.io/tests/PySys/plugin_docker/docker_plugin_install_with_version/Output/linux
  stdout       : /home/pi/actions-runner/_work/thin-edge.io/thin-edge.io/tests/PySys/plugin_docker/docker_plugin_install_with_version/Output/linux/docker_ps.out
  stderr       : /home/pi/actions-runner/_work/thin-edge.io/thin-edge.io/tests/PySys/plugin_docker/docker_plugin_install_with_version/Output/linux/docker_ps.err
  environment  : LD_LIBRARY_PATH=/usr/lib
  environment  : PATH=/bin:/usr/bin:/usr/sbin:/usr/local/bin
                   #1  /bin
                   #2  /usr/bin
                   #3  /usr/sbin
                   #4  /usr/local/bin
17:10:26 DEBUG Waiting up to 600 secs for process sudo&lt;docker_ps&gt; (pid 2453)
17:10:27 INFO  Executed sudo&lt;docker_ps&gt;, exit status 0
17:10:27 DEBUG Performing regex contains=True grep on file: /home/pi/actions-runner/_work/thin-edge.io/thin-edge.io/tests/PySys/plugin_docker/docker_plugin_install_with_version/Output/linux/docker_ps.out
17:10:27 WARN  Grep on /home/pi/actions-runner/_work/thin-edge.io/thin-edge.io/tests/PySys/plugin_docker/docker_plugin_install_with_version/Output/linux/docker_ps.out contains &quot;registry:2.7.1&quot; ... failed [environment_docker_plugin.py:49,run.py:28]
17:10:27 DEBUG --- test cleanup
17:10:27 INFO  
17:10:27 INFO  cleanup:
17:10:27 DEBUG Running registered cleanup function: &lt;bound method DockerPlugin.cleanup_containers of &lt;DockerPluginInstallWithVersionTest object at 0x75fe7bd0&gt;&gt;
17:10:27 INFO  Removing containers scheduled to be cleaned up: ['', '']
17:10:27 DEBUG Process parameters for sudo&lt;containers_for_cleanup&gt;
  command line : /usr/bin/sudo docker rm -f '' ''
    arg #1     : docker
    arg #2     : rm
    arg #3     : -f
    arg #4     : 
    arg #5     : 
  working dir  : /home/pi/actions-runner/_work/thin-edge.io/thin-edge.io/tests/PySys/plugin_docker/docker_plugin_install_with_version/Output/linux
  stdout       : /home/pi/actions-runner/_work/thin-edge.io/thin-edge.io/tests/PySys/plugin_docker/docker_plugin_install_with_version/Output/linux/containers_for_cleanup.out
  stderr       : /home/pi/actions-runner/_work/thin-edge.io/thin-edge.io/tests/PySys/plugin_docker/docker_plugin_install_with_version/Output/linux/containers_for_cleanup.err
  environment  : LD_LIBRARY_PATH=/usr/lib
  environment  : PATH=/bin:/usr/bin:/usr/sbin:/usr/local/bin
                   #1  /bin
                   #2  /usr/bin
                   #3  /usr/sbin
                   #4  /usr/local/bin
17:10:27 DEBUG Waiting up to 600 secs for process sudo&lt;containers_for_cleanup&gt; (pid 2463)
17:10:28 WARN  Executed sudo&lt;containers_for_cleanup&gt;, exit status 1
17:10:28 DEBUG Running registered cleanup function: &lt;bound method DockerPlugin.cleanup_images of &lt;DockerPluginInstallWithVersionTest object at 0x75fe7bd0&gt;&gt;
17:10:28 INFO  Removing images scheduled to be cleaned up: ['registry', 'registry:2.7.1']
17:10:28 DEBUG Process parameters for sudo&lt;containers_for_cleanup&gt;
  command line : /usr/bin/sudo docker rmi -f registry registry:2.7.1
    arg #1     : docker
    arg #2     : rmi
    arg #3     : -f
    arg #4     : registry
    arg #5     : registry:2.7.1
  working dir  : /home/pi/actions-runner/_work/thin-edge.io/thin-edge.io/tests/PySys/plugin_docker/docker_plugin_install_with_version/Output/linux
  stdout       : /home/pi/actions-runner/_work/thin-edge.io/thin-edge.io/tests/PySys/plugin_docker/docker_plugin_install_with_version/Output/linux/containers_for_cleanup.out
  stderr       : /home/pi/actions-runner/_work/thin-edge.io/thin-edge.io/tests/PySys/plugin_docker/docker_plugin_install_with_version/Output/linux/containers_for_cleanup.err
  environment  : LD_LIBRARY_PATH=/usr/lib
  environment  : PATH=/bin:/usr/bin:/usr/sbin:/usr/local/bin
                   #1  /bin
                   #2  /usr/bin
                   #3  /usr/sbin
                   #4  /usr/local/bin
17:10:28 DEBUG Waiting up to 600 secs for process sudo&lt;containers_for_cleanup&gt; (pid 2474)
17:10:28 INFO  Executed sudo&lt;containers_for_cleanup&gt;, exit status 0
17:10:28 DEBUG ProcessUser cleanup function done.
17:10:28 INFO  
17:10:28 INFO  Test duration: 6.55 secs
17:10:28 INFO  Test final outcome:  BLOCKED
17:10:28 INFO  Test outcome reason: sudo&lt;plugin_install&gt; returned non-zero exit code 2 (+1 other failures)
17:10:28 INFO  
</system-out>
	</testcase>
</testsuite>
