<?xml version="1.0" encoding="utf-8"?>
<testsuite failures="1" name="SoftwareManagement.sm_apt_install_remove_multiple" skipped="0" tests="1" time="180.0" timestamp="2022-04-12T09:25:24">
	<testcase classname="PySysTest" name="SoftwareManagement.sm_apt_install_remove_multiple">
		<failure message="FAILED: Assert that (False == value) with value=True" type="FAILED"/>
		<system-out>09:22:24 INFO  ==============================================================
09:22:24 INFO  Id:    SoftwareManagement.sm_apt_install_remove_multiple
09:22:24 INFO  Dir:   software_management_end_to_end/
09:22:24 INFO  Title: Validate end to end behaviour for the apt plugin for multiple packages
09:22:24 INFO  ==============================================================
09:22:24 INFO  Using sw id database: {'asciijump': '5475369', 'robotfindskitten': '5474869', 'squirrel3': '5475279', 'rolldice': '5152439', 'moon-buggy': '5439204', 'apple': '5495053', 'banana': '5494888', 'cherry': '5495382', 'watermelon': '5494510', 'registry': '8018911', 'hello-world': '8021526', 'docker/getting-started': '8021973', 'alpine': '7991792'}
09:22:24 INFO  EnvironmentC8y Setup
09:22:25 INFO  Executed systemctl&lt;serv_mapper1&gt;, exit status 3
09:22:25 INFO  Restarting mosquitto too frequently in the last 10 seconds. It was only up for 4 seconds
09:22:25 INFO  Delaying execution by 7 seconds
09:22:46 INFO  Executed sudo&lt;tedge_connect_c8y&gt;, exit status 0, duration 14 secs
09:22:47 INFO  Executed sudo&lt;tedge_connect_c8y_test&gt;, exit status 0
09:22:47 INFO  Executed systemctl&lt;serv_mosq2&gt;, exit status 0
09:22:48 INFO  Executed systemctl&lt;serv_mapper3&gt;, exit status 0
09:22:50 INFO  State of current operation: SUCCESSFUL
09:22:50 INFO  Assert that (False == value) with value=False ... passed
09:22:51 INFO  Assert that (False == value) with value=False ... passed
09:22:51 INFO  Assert that (False == value) with value=False ... passed
09:22:51 INFO  Package robotfindskitten is installed
09:22:51 WARN  Assert that (False == value) with value=True ... failed 
09:22:51 INFO  Response status: 201
09:22:51 INFO  Response to action: {
    &quot;delivery&quot;: {
        &quot;time&quot;: &quot;2022-04-12T09:22:51.752Z&quot;,
        &quot;log&quot;: [],
        &quot;status&quot;: &quot;PENDING&quot;
    },
    &quot;creationTime&quot;: &quot;2022-04-12T09:22:51.736Z&quot;,
    &quot;deviceId&quot;: &quot;17153250&quot;,
    &quot;deviceName&quot;: &quot;mythica&quot;,
    &quot;self&quot;: &quot;https://t493319102.eu-latest.cumulocity.com/devicecontrol/operations/17197482&quot;,
    &quot;id&quot;: &quot;17197482&quot;,
    &quot;status&quot;: &quot;PENDING&quot;,
    &quot;description&quot;: &quot;Apply software changes, triggered from PySys: [{'action': 'install', 'id': '5475369', 'name': 'asciijump', 'url': ' ', 'version': '::apt'}, {'action': 'install', 'id': '5474869', 'name': 'robotfindskitten', 'url': ' ', 'version': '::apt'}, {'action': 'install', 'id': '5475279', 'name': 'squirrel3', 'url': ' ', 'version': '::apt'}]&quot;,
    &quot;c8y_SoftwareUpdate&quot;: [
        {
            &quot;name&quot;: &quot;asciijump&quot;,
            &quot;action&quot;: &quot;install&quot;,
            &quot;id&quot;: &quot;5475369&quot;,
            &quot;version&quot;: &quot;::apt&quot;,
            &quot;url&quot;: &quot; &quot;
        },
        {
            &quot;name&quot;: &quot;robotfindskitten&quot;,
            &quot;action&quot;: &quot;install&quot;,
            &quot;id&quot;: &quot;5474869&quot;,
            &quot;version&quot;: &quot;::apt&quot;,
            &quot;url&quot;: &quot; &quot;
        },
        {
            &quot;name&quot;: &quot;squirrel3&quot;,
            &quot;action&quot;: &quot;install&quot;,
            &quot;id&quot;: &quot;5475279&quot;,
            &quot;version&quot;: &quot;::apt&quot;,
            &quot;url&quot;: &quot; &quot;
        }
    ]
}
09:22:51 INFO  Started operation: {'delivery': {'time': '2022-04-12T09:22:51.752Z', 'log': [], 'status': 'PENDING'}, 'creationTime': '2022-04-12T09:22:51.736Z', 'deviceId': '17153250', 'deviceName': 'mythica', 'self': 'https://t493319102.eu-latest.cumulocity.com/devicecontrol/operations/17197482', 'id': '17197482', 'status': 'PENDING', 'description': &quot;Apply software changes, triggered from PySys: [{'action': 'install', 'id': '5475369', 'name': 'asciijump', 'url': ' ', 'version': '::apt'}, {'action': 'install', 'id': '5474869', 'name': 'robotfindskitten', 'url': ' ', 'version': '::apt'}, {'action': 'install', 'id': '5475279', 'name': 'squirrel3', 'url': ' ', 'version': '::apt'}]&quot;, 'c8y_SoftwareUpdate': [{'name': 'asciijump', 'action': 'install', 'id': '5475369', 'version': '::apt', 'url': ' '}, {'name': 'robotfindskitten', 'action': 'install', 'id': '5474869', 'version': '::apt', 'url': ' '}, {'name': 'squirrel3', 'action': 'install', 'id': '5475279', 'version': '::apt', 'url': ' '}]}
09:22:54 INFO  State of operation 17197482 : PENDING
09:22:56 INFO  State of operation 17197482 : EXECUTING
09:22:58 INFO  State of operation 17197482 : EXECUTING
09:23:00 INFO  State of operation 17197482 : EXECUTING
09:23:02 INFO  State of operation 17197482 : EXECUTING
09:23:05 INFO  State of operation 17197482 : EXECUTING
09:23:07 INFO  State of operation 17197482 : EXECUTING
09:23:10 INFO  State of operation 17197482 : EXECUTING
09:23:13 INFO  State of operation 17197482 : EXECUTING
09:23:15 INFO  State of operation 17197482 : EXECUTING
09:23:17 INFO  State of operation 17197482 : EXECUTING
09:23:19 INFO  State of operation 17197482 : EXECUTING
09:23:21 INFO  State of operation 17197482 : EXECUTING
09:23:24 INFO  State of operation 17197482 : EXECUTING
09:23:26 INFO  State of operation 17197482 : EXECUTING
09:23:28 INFO  State of operation 17197482 : EXECUTING
09:23:31 INFO  State of operation 17197482 : EXECUTING
09:23:33 INFO  State of operation 17197482 : EXECUTING
09:23:35 INFO  State of operation 17197482 : EXECUTING
09:23:38 INFO  State of operation 17197482 : EXECUTING
09:23:40 INFO  State of operation 17197482 : EXECUTING
09:23:43 INFO  State of operation 17197482 : EXECUTING
09:23:45 INFO  State of operation 17197482 : EXECUTING
09:23:47 INFO  State of operation 17197482 : EXECUTING
09:23:49 INFO  State of operation 17197482 : EXECUTING
09:23:52 INFO  State of operation 17197482 : EXECUTING
09:23:54 INFO  State of operation 17197482 : EXECUTING
09:23:56 INFO  State of operation 17197482 : EXECUTING
09:23:58 INFO  State of operation 17197482 : EXECUTING
09:24:01 INFO  State of operation 17197482 : EXECUTING
09:24:03 INFO  State of operation 17197482 : EXECUTING
09:24:05 INFO  State of operation 17197482 : EXECUTING
09:24:08 INFO  State of operation 17197482 : EXECUTING
09:24:10 INFO  State of operation 17197482 : EXECUTING
09:24:12 INFO  State of operation 17197482 : SUCCESSFUL
09:24:12 INFO  Assert that (False == value) with value=False ... passed
09:24:12 INFO  Package asciijump is installed
09:24:12 INFO  Assert that (True == value) with value=True ... passed
09:24:13 INFO  Package squirrel3 is installed
09:24:13 INFO  Assert that (True == value) with value=True ... passed
09:24:13 INFO  Package robotfindskitten is installed
09:24:13 INFO  Assert that (True == value) with value=True ... passed
09:24:13 INFO  Response status: 201
09:24:13 INFO  Response to action: {
    &quot;delivery&quot;: {
        &quot;time&quot;: &quot;2022-04-12T09:24:13.589Z&quot;,
        &quot;log&quot;: [],
        &quot;status&quot;: &quot;PENDING&quot;
    },
    &quot;creationTime&quot;: &quot;2022-04-12T09:24:13.577Z&quot;,
    &quot;deviceId&quot;: &quot;17153250&quot;,
    &quot;deviceName&quot;: &quot;mythica&quot;,
    &quot;self&quot;: &quot;https://t493319102.eu-latest.cumulocity.com/devicecontrol/operations/17197496&quot;,
    &quot;id&quot;: &quot;17197496&quot;,
    &quot;status&quot;: &quot;PENDING&quot;,
    &quot;description&quot;: &quot;Apply software changes, triggered from PySys: [{'action': 'delete', 'id': '5475369', 'name': 'asciijump', 'url': ' ', 'version': '::apt'}, {'action': 'delete', 'id': '5474869', 'name': 'robotfindskitten', 'url': ' ', 'version': '::apt'}, {'action': 'delete', 'id': '5475279', 'name': 'squirrel3', 'url': ' ', 'version': '::apt'}]&quot;,
    &quot;c8y_SoftwareUpdate&quot;: [
        {
            &quot;name&quot;: &quot;asciijump&quot;,
            &quot;action&quot;: &quot;delete&quot;,
            &quot;id&quot;: &quot;5475369&quot;,
            &quot;version&quot;: &quot;::apt&quot;,
            &quot;url&quot;: &quot; &quot;
        },
        {
            &quot;name&quot;: &quot;robotfindskitten&quot;,
            &quot;action&quot;: &quot;delete&quot;,
            &quot;id&quot;: &quot;5474869&quot;,
            &quot;version&quot;: &quot;::apt&quot;,
            &quot;url&quot;: &quot; &quot;
        },
        {
            &quot;name&quot;: &quot;squirrel3&quot;,
            &quot;action&quot;: &quot;delete&quot;,
            &quot;id&quot;: &quot;5475279&quot;,
            &quot;version&quot;: &quot;::apt&quot;,
            &quot;url&quot;: &quot; &quot;
        }
    ]
}
09:24:13 INFO  Started operation: {'delivery': {'time': '2022-04-12T09:24:13.589Z', 'log': [], 'status': 'PENDING'}, 'creationTime': '2022-04-12T09:24:13.577Z', 'deviceId': '17153250', 'deviceName': 'mythica', 'self': 'https://t493319102.eu-latest.cumulocity.com/devicecontrol/operations/17197496', 'id': '17197496', 'status': 'PENDING', 'description': &quot;Apply software changes, triggered from PySys: [{'action': 'delete', 'id': '5475369', 'name': 'asciijump', 'url': ' ', 'version': '::apt'}, {'action': 'delete', 'id': '5474869', 'name': 'robotfindskitten', 'url': ' ', 'version': '::apt'}, {'action': 'delete', 'id': '5475279', 'name': 'squirrel3', 'url': ' ', 'version': '::apt'}]&quot;, 'c8y_SoftwareUpdate': [{'name': 'asciijump', 'action': 'delete', 'id': '5475369', 'version': '::apt', 'url': ' '}, {'name': 'robotfindskitten', 'action': 'delete', 'id': '5474869', 'version': '::apt', 'url': ' '}, {'name': 'squirrel3', 'action': 'delete', 'id': '5475279', 'version': '::apt', 'url': ' '}]}
09:24:15 INFO  State of operation 17197496 : PENDING
09:24:18 INFO  State of operation 17197496 : EXECUTING
09:24:20 INFO  State of operation 17197496 : EXECUTING
09:24:22 INFO  State of operation 17197496 : EXECUTING
09:24:24 INFO  State of operation 17197496 : EXECUTING
09:24:26 INFO  State of operation 17197496 : EXECUTING
09:24:29 INFO  State of operation 17197496 : EXECUTING
09:24:32 INFO  State of operation 17197496 : EXECUTING
09:24:35 INFO  State of operation 17197496 : EXECUTING
09:24:37 INFO  State of operation 17197496 : EXECUTING
09:24:39 INFO  State of operation 17197496 : EXECUTING
09:24:41 INFO  State of operation 17197496 : EXECUTING
09:24:44 INFO  State of operation 17197496 : EXECUTING
09:24:46 INFO  State of operation 17197496 : EXECUTING
09:24:48 INFO  State of operation 17197496 : EXECUTING
09:24:51 INFO  State of operation 17197496 : EXECUTING
09:24:53 INFO  State of operation 17197496 : EXECUTING
09:24:56 INFO  State of operation 17197496 : EXECUTING
09:24:58 INFO  State of operation 17197496 : EXECUTING
09:25:00 INFO  State of operation 17197496 : EXECUTING
09:25:03 INFO  State of operation 17197496 : EXECUTING
09:25:05 INFO  State of operation 17197496 : EXECUTING
09:25:07 INFO  State of operation 17197496 : EXECUTING
09:25:10 INFO  State of operation 17197496 : EXECUTING
09:25:12 INFO  State of operation 17197496 : EXECUTING
09:25:14 INFO  State of operation 17197496 : EXECUTING
09:25:17 INFO  State of operation 17197496 : EXECUTING
09:25:19 INFO  State of operation 17197496 : SUCCESSFUL
09:25:19 INFO  Assert that (False == value) with value=False ... passed
09:25:19 INFO  Assert that (False == value) with value=False ... passed
09:25:20 INFO  Assert that (False == value) with value=False ... passed
09:25:20 INFO  Assert that (False == value) with value=False ... passed
09:25:20 INFO  
09:25:20 INFO  cleanup:
09:25:24 INFO  Executed sudo&lt;tedge_disconnect_c8y&gt;, exit status 0
09:25:24 INFO  Executed systemctl&lt;serv_mapper5&gt;, exit status 3
09:25:24 INFO  
09:25:24 INFO  Test duration: 180.00 secs
09:25:24 INFO  Test final outcome:  FAILED
09:25:24 INFO  Test outcome reason: Assert that (False == value) with value=True
09:25:24 INFO  
</system-out>
	</testcase>
</testsuite>
