<?xml version="1.0" encoding="utf-8"?>
<testsuite failures="0" name="apt_remove" skipped="0" tests="1" time="67.24" timestamp="2022-04-14T06:54:23">
	<testcase classname="AptPluginRemoveDense" name="apt_remove"/>
</testsuite>
