<?xml version="1.0" encoding="utf-8"?>
<testsuite failures="0" name="apt_install" skipped="0" tests="1" time="65.94" timestamp="2022-04-14T10:07:31">
	<testcase classname="AptPluginInstallDense" name="apt_install"/>
</testsuite>
