<?xml version="1.0" encoding="utf-8"?>
<testsuite failures="0" name="apt_update_list" skipped="0" tests="1" time="164.13" timestamp="2022-04-11T10:18:58">
	<testcase classname="AptPluginUpdateList" name="apt_update_list"/>
</testsuite>
