<?xml version="1.0" encoding="utf-8"?>
<testsuite failures="1" name="SoftwareManagement.sm_apt_install_remove_multiple" skipped="0" tests="1" time="184.48" timestamp="2022-04-15T09:42:35">
	<testcase classname="PySysTest" name="SoftwareManagement.sm_apt_install_remove_multiple">
		<failure message="FAILED: Assert that (False == value) with value=True" type="FAILED"/>
		<system-out>09:39:30 INFO  ==============================================================
09:39:30 INFO  Id:    SoftwareManagement.sm_apt_install_remove_multiple
09:39:30 INFO  Dir:   software_management_end_to_end/
09:39:30 INFO  Title: Validate end to end behaviour for the apt plugin for multiple packages
09:39:30 INFO  ==============================================================
09:39:30 INFO  Using sw id database: {'asciijump': '5475369', 'robotfindskitten': '5474869', 'squirrel3': '5475279', 'rolldice': '5152439', 'moon-buggy': '5439204', 'apple': '5495053', 'banana': '5494888', 'cherry': '5495382', 'watermelon': '5494510', 'registry': '8018911', 'hello-world': '8021526', 'docker/getting-started': '8021973', 'alpine': '7991792'}
09:39:30 INFO  EnvironmentC8y Setup
09:39:31 INFO  Executed systemctl&lt;serv_mapper1&gt;, exit status 3
09:39:31 INFO  Restarting mosquitto too frequently in the last 10 seconds. It was only up for 5 seconds
09:39:31 INFO  Delaying execution by 6 seconds
09:39:51 INFO  Executed sudo&lt;tedge_connect_c8y&gt;, exit status 0, duration 14 secs
09:39:52 INFO  Executed sudo&lt;tedge_connect_c8y_test&gt;, exit status 0
09:39:52 INFO  Executed systemctl&lt;serv_mosq2&gt;, exit status 0
09:39:53 INFO  Executed systemctl&lt;serv_mapper3&gt;, exit status 0
09:39:55 INFO  State of current operation: SUCCESSFUL
09:39:55 INFO  Assert that (False == value) with value=False ... passed
09:39:56 INFO  Assert that (False == value) with value=False ... passed
09:39:56 INFO  Assert that (False == value) with value=False ... passed
09:39:56 INFO  Package robotfindskitten is installed
09:39:56 WARN  Assert that (False == value) with value=True ... failed 
09:39:56 INFO  Response status: 201
09:39:56 INFO  Response to action: {
    &quot;delivery&quot;: {
        &quot;time&quot;: &quot;2022-04-15T09:39:56.866Z&quot;,
        &quot;log&quot;: [],
        &quot;status&quot;: &quot;PENDING&quot;
    },
    &quot;creationTime&quot;: &quot;2022-04-15T09:39:56.853Z&quot;,
    &quot;deviceName&quot;: &quot;mythica&quot;,
    &quot;deviceId&quot;: &quot;17361611&quot;,
    &quot;self&quot;: &quot;https://t493319102.eu-latest.cumulocity.com/devicecontrol/operations/17367057&quot;,
    &quot;id&quot;: &quot;17367057&quot;,
    &quot;status&quot;: &quot;PENDING&quot;,
    &quot;description&quot;: &quot;Apply software changes, triggered from PySys: [{'action': 'install', 'id': '5475369', 'name': 'asciijump', 'url': ' ', 'version': '::apt'}, {'action': 'install', 'id': '5474869', 'name': 'robotfindskitten', 'url': ' ', 'version': '::apt'}, {'action': 'install', 'id': '5475279', 'name': 'squirrel3', 'url': ' ', 'version': '::apt'}]&quot;,
    &quot;c8y_SoftwareUpdate&quot;: [
        {
            &quot;name&quot;: &quot;asciijump&quot;,
            &quot;action&quot;: &quot;install&quot;,
            &quot;id&quot;: &quot;5475369&quot;,
            &quot;version&quot;: &quot;::apt&quot;,
            &quot;url&quot;: &quot; &quot;
        },
        {
            &quot;name&quot;: &quot;robotfindskitten&quot;,
            &quot;action&quot;: &quot;install&quot;,
            &quot;id&quot;: &quot;5474869&quot;,
            &quot;version&quot;: &quot;::apt&quot;,
            &quot;url&quot;: &quot; &quot;
        },
        {
            &quot;name&quot;: &quot;squirrel3&quot;,
            &quot;action&quot;: &quot;install&quot;,
            &quot;id&quot;: &quot;5475279&quot;,
            &quot;version&quot;: &quot;::apt&quot;,
            &quot;url&quot;: &quot; &quot;
        }
    ]
}
09:39:56 INFO  Started operation: {'delivery': {'time': '2022-04-15T09:39:56.866Z', 'log': [], 'status': 'PENDING'}, 'creationTime': '2022-04-15T09:39:56.853Z', 'deviceName': 'mythica', 'deviceId': '17361611', 'self': 'https://t493319102.eu-latest.cumulocity.com/devicecontrol/operations/17367057', 'id': '17367057', 'status': 'PENDING', 'description': &quot;Apply software changes, triggered from PySys: [{'action': 'install', 'id': '5475369', 'name': 'asciijump', 'url': ' ', 'version': '::apt'}, {'action': 'install', 'id': '5474869', 'name': 'robotfindskitten', 'url': ' ', 'version': '::apt'}, {'action': 'install', 'id': '5475279', 'name': 'squirrel3', 'url': ' ', 'version': '::apt'}]&quot;, 'c8y_SoftwareUpdate': [{'name': 'asciijump', 'action': 'install', 'id': '5475369', 'version': '::apt', 'url': ' '}, {'name': 'robotfindskitten', 'action': 'install', 'id': '5474869', 'version': '::apt', 'url': ' '}, {'name': 'squirrel3', 'action': 'install', 'id': '5475279', 'version': '::apt', 'url': ' '}]}
09:39:59 INFO  State of operation 17367057 : PENDING
09:40:01 INFO  State of operation 17367057 : EXECUTING
09:40:03 INFO  State of operation 17367057 : EXECUTING
09:40:05 INFO  State of operation 17367057 : EXECUTING
09:40:08 INFO  State of operation 17367057 : EXECUTING
09:40:10 INFO  State of operation 17367057 : EXECUTING
09:40:13 INFO  State of operation 17367057 : EXECUTING
09:40:15 INFO  State of operation 17367057 : EXECUTING
09:40:18 INFO  State of operation 17367057 : EXECUTING
09:40:20 INFO  State of operation 17367057 : EXECUTING
09:40:22 INFO  State of operation 17367057 : EXECUTING
09:40:25 INFO  State of operation 17367057 : EXECUTING
09:40:27 INFO  State of operation 17367057 : EXECUTING
09:40:29 INFO  State of operation 17367057 : EXECUTING
09:40:31 INFO  State of operation 17367057 : EXECUTING
09:40:34 INFO  State of operation 17367057 : EXECUTING
09:40:36 INFO  State of operation 17367057 : EXECUTING
09:40:38 INFO  State of operation 17367057 : EXECUTING
09:40:41 INFO  State of operation 17367057 : EXECUTING
09:40:43 INFO  State of operation 17367057 : EXECUTING
09:40:45 INFO  State of operation 17367057 : EXECUTING
09:40:48 INFO  State of operation 17367057 : EXECUTING
09:40:50 INFO  State of operation 17367057 : EXECUTING
09:40:53 INFO  State of operation 17367057 : EXECUTING
09:40:56 INFO  State of operation 17367057 : EXECUTING
09:40:58 INFO  State of operation 17367057 : EXECUTING
09:41:01 INFO  State of operation 17367057 : EXECUTING
09:41:03 INFO  State of operation 17367057 : EXECUTING
09:41:05 INFO  State of operation 17367057 : EXECUTING
09:41:08 INFO  State of operation 17367057 : EXECUTING
09:41:10 INFO  State of operation 17367057 : EXECUTING
09:41:12 INFO  State of operation 17367057 : EXECUTING
09:41:14 INFO  State of operation 17367057 : EXECUTING
09:41:17 INFO  State of operation 17367057 : EXECUTING
09:41:19 INFO  State of operation 17367057 : SUCCESSFUL
09:41:19 INFO  Assert that (False == value) with value=False ... passed
09:41:19 INFO  Package asciijump is installed
09:41:19 INFO  Assert that (True == value) with value=True ... passed
09:41:20 INFO  Package squirrel3 is installed
09:41:20 INFO  Assert that (True == value) with value=True ... passed
09:41:20 INFO  Package robotfindskitten is installed
09:41:20 INFO  Assert that (True == value) with value=True ... passed
09:41:20 INFO  Response status: 201
09:41:20 INFO  Response to action: {
    &quot;delivery&quot;: {
        &quot;time&quot;: &quot;2022-04-15T09:41:20.517Z&quot;,
        &quot;log&quot;: [],
        &quot;status&quot;: &quot;PENDING&quot;
    },
    &quot;creationTime&quot;: &quot;2022-04-15T09:41:20.506Z&quot;,
    &quot;deviceName&quot;: &quot;mythica&quot;,
    &quot;deviceId&quot;: &quot;17361611&quot;,
    &quot;self&quot;: &quot;https://t493319102.eu-latest.cumulocity.com/devicecontrol/operations/17367065&quot;,
    &quot;id&quot;: &quot;17367065&quot;,
    &quot;status&quot;: &quot;PENDING&quot;,
    &quot;description&quot;: &quot;Apply software changes, triggered from PySys: [{'action': 'delete', 'id': '5475369', 'name': 'asciijump', 'url': ' ', 'version': '::apt'}, {'action': 'delete', 'id': '5474869', 'name': 'robotfindskitten', 'url': ' ', 'version': '::apt'}, {'action': 'delete', 'id': '5475279', 'name': 'squirrel3', 'url': ' ', 'version': '::apt'}]&quot;,
    &quot;c8y_SoftwareUpdate&quot;: [
        {
            &quot;name&quot;: &quot;asciijump&quot;,
            &quot;action&quot;: &quot;delete&quot;,
            &quot;id&quot;: &quot;5475369&quot;,
            &quot;version&quot;: &quot;::apt&quot;,
            &quot;url&quot;: &quot; &quot;
        },
        {
            &quot;name&quot;: &quot;robotfindskitten&quot;,
            &quot;action&quot;: &quot;delete&quot;,
            &quot;id&quot;: &quot;5474869&quot;,
            &quot;version&quot;: &quot;::apt&quot;,
            &quot;url&quot;: &quot; &quot;
        },
        {
            &quot;name&quot;: &quot;squirrel3&quot;,
            &quot;action&quot;: &quot;delete&quot;,
            &quot;id&quot;: &quot;5475279&quot;,
            &quot;version&quot;: &quot;::apt&quot;,
            &quot;url&quot;: &quot; &quot;
        }
    ]
}
09:41:20 INFO  Started operation: {'delivery': {'time': '2022-04-15T09:41:20.517Z', 'log': [], 'status': 'PENDING'}, 'creationTime': '2022-04-15T09:41:20.506Z', 'deviceName': 'mythica', 'deviceId': '17361611', 'self': 'https://t493319102.eu-latest.cumulocity.com/devicecontrol/operations/17367065', 'id': '17367065', 'status': 'PENDING', 'description': &quot;Apply software changes, triggered from PySys: [{'action': 'delete', 'id': '5475369', 'name': 'asciijump', 'url': ' ', 'version': '::apt'}, {'action': 'delete', 'id': '5474869', 'name': 'robotfindskitten', 'url': ' ', 'version': '::apt'}, {'action': 'delete', 'id': '5475279', 'name': 'squirrel3', 'url': ' ', 'version': '::apt'}]&quot;, 'c8y_SoftwareUpdate': [{'name': 'asciijump', 'action': 'delete', 'id': '5475369', 'version': '::apt', 'url': ' '}, {'name': 'robotfindskitten', 'action': 'delete', 'id': '5474869', 'version': '::apt', 'url': ' '}, {'name': 'squirrel3', 'action': 'delete', 'id': '5475279', 'version': '::apt', 'url': ' '}]}
09:41:22 INFO  State of operation 17367065 : PENDING
09:41:25 INFO  State of operation 17367065 : EXECUTING
09:41:27 INFO  State of operation 17367065 : EXECUTING
09:41:29 INFO  State of operation 17367065 : EXECUTING
09:41:31 INFO  State of operation 17367065 : EXECUTING
09:41:33 INFO  State of operation 17367065 : EXECUTING
09:41:36 INFO  State of operation 17367065 : EXECUTING
09:41:39 INFO  State of operation 17367065 : EXECUTING
09:41:42 INFO  State of operation 17367065 : EXECUTING
09:41:44 INFO  State of operation 17367065 : EXECUTING
09:41:46 INFO  State of operation 17367065 : EXECUTING
09:41:49 INFO  State of operation 17367065 : EXECUTING
09:41:51 INFO  State of operation 17367065 : EXECUTING
09:41:53 INFO  State of operation 17367065 : EXECUTING
09:41:55 INFO  State of operation 17367065 : EXECUTING
09:41:58 INFO  State of operation 17367065 : EXECUTING
09:42:00 INFO  State of operation 17367065 : EXECUTING
09:42:03 INFO  State of operation 17367065 : EXECUTING
09:42:05 INFO  State of operation 17367065 : EXECUTING
09:42:07 INFO  State of operation 17367065 : EXECUTING
09:42:10 INFO  State of operation 17367065 : EXECUTING
09:42:12 INFO  State of operation 17367065 : EXECUTING
09:42:14 INFO  State of operation 17367065 : EXECUTING
09:42:16 INFO  State of operation 17367065 : EXECUTING
09:42:19 INFO  State of operation 17367065 : EXECUTING
09:42:21 INFO  State of operation 17367065 : EXECUTING
09:42:24 INFO  State of operation 17367065 : EXECUTING
09:42:26 INFO  State of operation 17367065 : EXECUTING
09:42:28 INFO  State of operation 17367065 : SUCCESSFUL
09:42:28 INFO  Assert that (False == value) with value=False ... passed
09:42:29 INFO  Assert that (False == value) with value=False ... passed
09:42:29 INFO  Assert that (False == value) with value=False ... passed
09:42:29 INFO  Assert that (False == value) with value=False ... passed
09:42:29 INFO  
09:42:29 INFO  cleanup:
09:42:34 INFO  Executed sudo&lt;tedge_disconnect_c8y&gt;, exit status 0
09:42:35 INFO  Executed systemctl&lt;serv_mapper5&gt;, exit status 3
09:42:35 INFO  
09:42:35 INFO  Test duration: 184.48 secs
09:42:35 INFO  Test final outcome:  FAILED
09:42:35 INFO  Test outcome reason: Assert that (False == value) with value=True
09:42:35 INFO  
</system-out>
	</testcase>
</testsuite>
