<?xml version="1.0" encoding="utf-8"?>
<testsuite failures="0" name="apt_prepare" skipped="0" tests="1" time="21.6" timestamp="2022-04-14T10:10:52">
	<testcase classname="AptPluginPrepare" name="apt_prepare"/>
</testsuite>
