<?xml version="1.0" encoding="utf-8"?>
<testsuite failures="0" name="apt_update_list" skipped="0" tests="1" time="126.27" timestamp="2022-04-08T10:20:21">
	<testcase classname="AptPluginUpdateList" name="apt_update_list"/>
</testsuite>
