<?xml version="1.0" encoding="utf-8"?>
<testsuite failures="1" name="SoftwareManagement.sm_apt_install_remove_multiple_mixed" skipped="0" tests="1" time="165.55" timestamp="2022-04-14T07:18:18">
	<testcase classname="PySysTest" name="SoftwareManagement.sm_apt_install_remove_multiple_mixed">
		<failure message="BLOCKED: SystemError: Timeout while waiting for status FAILED or SUCCESSFUL" type="BLOCKED"/>
		<system-out>07:15:33 INFO  ==============================================================
07:15:33 INFO  Id:    SoftwareManagement.sm_apt_install_remove_multiple_mixed
07:15:33 INFO  Dir:   software_management_end_to_end/
07:15:33 INFO  Title: Validate end to end behaviour for the apt plugin for multiple packages with mixed versions
07:15:33 INFO  ==============================================================
07:15:33 INFO  Using sw id database: {'asciijump': '5475369', 'robotfindskitten': '5474869', 'squirrel3': '5475279', 'rolldice': '5152439', 'moon-buggy': '5439204', 'apple': '5495053', 'banana': '5494888', 'cherry': '5495382', 'watermelon': '5494510', 'registry': '8018911', 'hello-world': '8021526', 'docker/getting-started': '8021973', 'alpine': '7991792'}
07:15:33 INFO  EnvironmentC8y Setup
07:15:33 INFO  Executed systemctl&lt;serv_mapper1&gt;, exit status 3
07:15:33 INFO  Restarting mosquitto too frequently in the last 10 seconds. It was only up for 5 seconds
07:15:33 INFO  Delaying execution by 6 seconds
07:15:54 INFO  Executed sudo&lt;tedge_connect_c8y&gt;, exit status 0, duration 14 secs
07:15:54 INFO  Executed sudo&lt;tedge_connect_c8y_test&gt;, exit status 0
07:15:55 INFO  Executed systemctl&lt;serv_mosq2&gt;, exit status 0
07:15:55 INFO  Executed systemctl&lt;serv_mapper3&gt;, exit status 0
07:15:57 INFO  State of current operation: PENDING
07:16:00 INFO  State of current operation: PENDING
07:16:02 INFO  State of current operation: PENDING
07:16:04 INFO  State of current operation: PENDING
07:16:06 INFO  State of current operation: PENDING
07:16:09 INFO  State of current operation: PENDING
07:16:11 INFO  State of current operation: PENDING
07:16:13 INFO  State of current operation: PENDING
07:16:15 INFO  State of current operation: PENDING
07:16:18 INFO  State of current operation: PENDING
07:16:20 INFO  State of current operation: PENDING
07:16:22 INFO  State of current operation: PENDING
07:16:24 INFO  State of current operation: PENDING
07:16:26 INFO  State of current operation: PENDING
07:16:29 INFO  State of current operation: PENDING
07:16:31 INFO  State of current operation: PENDING
07:16:33 INFO  State of current operation: PENDING
07:16:35 INFO  State of current operation: PENDING
07:16:38 INFO  State of current operation: PENDING
07:16:40 INFO  State of current operation: PENDING
07:16:42 INFO  State of current operation: PENDING
07:16:44 INFO  State of current operation: PENDING
07:16:47 INFO  State of current operation: PENDING
07:16:49 INFO  State of current operation: PENDING
07:16:51 INFO  State of current operation: PENDING
07:16:53 INFO  State of current operation: PENDING
07:16:55 INFO  State of current operation: PENDING
07:16:58 INFO  State of current operation: PENDING
07:17:00 INFO  State of current operation: PENDING
07:17:02 INFO  State of current operation: PENDING
07:17:04 INFO  State of current operation: PENDING
07:17:07 INFO  State of current operation: PENDING
07:17:09 INFO  State of current operation: PENDING
07:17:11 INFO  State of current operation: PENDING
07:17:13 INFO  State of current operation: PENDING
07:17:15 INFO  State of current operation: PENDING
07:17:18 INFO  State of current operation: PENDING
07:17:20 INFO  State of current operation: PENDING
07:17:22 INFO  State of current operation: PENDING
07:17:24 INFO  State of current operation: PENDING
07:17:27 INFO  State of current operation: PENDING
07:17:29 INFO  State of current operation: PENDING
07:17:31 INFO  State of current operation: PENDING
07:17:33 INFO  State of current operation: PENDING
07:17:35 INFO  State of current operation: PENDING
07:17:38 INFO  State of current operation: PENDING
07:17:40 INFO  State of current operation: PENDING
07:17:42 INFO  State of current operation: PENDING
07:17:44 INFO  State of current operation: PENDING
07:17:47 INFO  State of current operation: PENDING
07:17:49 INFO  State of current operation: PENDING
07:17:51 INFO  State of current operation: PENDING
07:17:53 INFO  State of current operation: PENDING
07:17:56 INFO  State of current operation: PENDING
07:17:58 INFO  State of current operation: PENDING
07:18:00 INFO  State of current operation: PENDING
07:18:02 INFO  State of current operation: PENDING
07:18:04 INFO  State of current operation: PENDING
07:18:07 INFO  State of current operation: PENDING
07:18:09 INFO  State of current operation: PENDING
07:18:11 INFO  State of current operation: PENDING
07:18:13 WARN  SystemError occurred while running test - Timeout while waiting for status FAILED or SUCCESSFUL
Traceback (most recent call last):
  File &quot;/home/pi/env-pysys/lib/python3.7/site-packages/pysys/baserunner.py&quot;, line 1292, in __call__
    self.testObj.setup()
  File &quot;/home/pi/actions-runner/_work/thin-edge.io/thin-edge.io/tests/PySys/software_management_end_to_end/sm_apt_install_remove_multiple_mixed/run.py&quot;, line 73, in setup
    super().setup()
  File &quot;/home/pi/actions-runner/_work/thin-edge.io/thin-edge.io/tests/PySys/software_management_end_to_end/environment_sm_management.py&quot;, line 151, in setup
    self.wait_until_end()
  File &quot;/home/pi/actions-runner/_work/thin-edge.io/thin-edge.io/tests/PySys/software_management_end_to_end/environment_sm_management.py&quot;, line 332, in wait_until_end
    self.wait_until_status(&quot;FAILED&quot;, &quot;SUCCESSFUL&quot;)
  File &quot;/home/pi/actions-runner/_work/thin-edge.io/thin-edge.io/tests/PySys/software_management_end_to_end/environment_sm_management.py&quot;, line 381, in wait_until_status
    &quot;Timeout while waiting for status %s or %s&quot; % (status, status2)
SystemError: Timeout while waiting for status FAILED or SUCCESSFUL
07:18:13 WARN  SystemError: Timeout while waiting for status FAILED or SUCCESSFUL ... blocked 
07:18:13 INFO  
07:18:13 INFO  cleanup:
07:18:18 INFO  Executed sudo&lt;tedge_disconnect_c8y&gt;, exit status 0
07:18:18 INFO  Executed systemctl&lt;serv_mapper5&gt;, exit status 3
07:18:18 INFO  
07:18:18 INFO  Test duration: 165.55 secs
07:18:18 INFO  Test final outcome:  BLOCKED
07:18:18 INFO  Test outcome reason: SystemError: Timeout while waiting for status FAILED or SUCCESSFUL
07:18:18 INFO  
</system-out>
	</testcase>
</testsuite>
