<?xml version="1.0" encoding="utf-8"?>
<testsuite failures="0" name="apt_list_format" skipped="0" tests="1" time="3.17" timestamp="2022-04-15T09:19:25">
	<testcase classname="AptPluginListFormat" name="apt_list_format"/>
</testsuite>
