<?xml version="1.0" encoding="utf-8"?>
<testsuite failures="0" name="apt_remove" skipped="0" tests="1" time="67.21" timestamp="2022-04-14T10:13:40">
	<testcase classname="AptPluginRemoveDense" name="apt_remove"/>
</testsuite>
