<?xml version="1.0" encoding="utf-8"?>
<testsuite failures="0" name="apt_remove" skipped="0" tests="1" time="64.91" timestamp="2022-04-12T09:05:39">
	<testcase classname="AptPluginRemoveDense" name="apt_remove"/>
</testsuite>
