<?xml version="1.0" encoding="utf-8"?>
<testsuite failures="0" name="apt_update_list" skipped="1" tests="1" time="0.03" timestamp="2022-05-10T19:28:57">
	<testcase classname="AptPluginUpdateList" name="apt_update_list">
		<skipped message="SKIPPED: Testing the apt plugin is not supported on this platform.To run the tests call PySys with -XmyPlatform='container'"/>
		<system-out>19:28:57 INFO  ==============================================================
19:28:57 INFO  Id:    apt_update_list
19:28:57 INFO  Dir:   plugin_apt/
19:28:57 INFO  Title: Validate apt plugin update-list command use case
19:28:57 INFO  ==============================================================
19:28:57 INFO  Testing the apt plugin is not supported on this platform.To run the tests call PySys with -XmyPlatform='container' ... skipped
19:28:57 WARN  Aborted test due to SKIPPED outcome
19:28:57 INFO  
19:28:57 INFO  Test duration: 0.03 secs
19:28:57 INFO  Test final outcome:  SKIPPED
19:28:57 INFO  Test outcome reason: Testing the apt plugin is not supported on this platform.To run the tests call PySys with -XmyPlatform='container'
19:28:57 INFO  
</system-out>
	</testcase>
</testsuite>
