<?xml version="1.0" encoding="utf-8"?>
<testsuite failures="0" name="pysys_block" skipped="1" tests="1" time="0.02" timestamp="2022-05-16T07:21:14">
	<testcase classname="Fail" name="pysys_block">
		<skipped message="SKIPPED: Enable this to observe a blocking test"/>
		<system-out>07:21:14 INFO  ==============================================================
07:21:14 INFO  Id:    pysys_block
07:21:14 INFO  Dir:   misc_features/
07:21:14 INFO  Title: fail
07:21:14 INFO  ==============================================================
07:21:14 INFO  Enable this to observe a blocking test ... skipped
07:21:14 INFO  
07:21:14 INFO  Test duration: 0.02 secs
07:21:14 INFO  Test final outcome:  SKIPPED
07:21:14 INFO  Test outcome reason: Enable this to observe a blocking test
07:21:14 INFO  
</system-out>
	</testcase>
</testsuite>
