<?xml version="1.0" encoding="utf-8"?>
<testsuite failures="0" name="SoftwareManagement.sm_docker_install_remove_multiple" skipped="1" tests="1" time="0.04" timestamp="2022-05-04T08:09:27">
	<testcase classname="SMDockerInstallRemove" name="SoftwareManagement.sm_docker_install_remove_multiple">
		<skipped message="SKIPPED: Testing the apt plugin is not supported on this platform.Use parameter -XmyPlatform='container' to enable it"/>
		<system-out>08:09:27 INFO  ==============================================================
08:09:27 INFO  Id:    SoftwareManagement.sm_docker_install_remove_multiple
08:09:27 INFO  Dir:   software_management_end_to_end/
08:09:27 INFO  Title: Validate end to end behaviour for the docker plugin for multiple docker images with mixed versions
08:09:27 INFO  ==============================================================
08:09:27 INFO  Testing the apt plugin is not supported on this platform.Use parameter -XmyPlatform='container' to enable it ... skipped
08:09:27 WARN  Aborted test due to SKIPPED outcome
08:09:27 INFO  
08:09:27 INFO  Test duration: 0.04 secs
08:09:27 INFO  Test final outcome:  SKIPPED
08:09:27 INFO  Test outcome reason: Testing the apt plugin is not supported on this platform.Use parameter -XmyPlatform='container' to enable it
08:09:27 INFO  
</system-out>
	</testcase>
</testsuite>
