<?xml version="1.0" encoding="utf-8"?>
<testsuite failures="0" name="monitoring_with_simulated_messages" skipped="1" tests="1" time="0.03" timestamp="2022-04-28T15:28:35">
	<testcase classname="MonitoringWithSimulatedMessages" name="monitoring_with_simulated_messages">
		<skipped message="SKIPPED: Fails due to retained message"/>
		<system-out>15:28:35 INFO  ==============================================================
15:28:35 INFO  Id:    monitoring_with_simulated_messages
15:28:35 INFO  Dir:   monitoring/
15:28:35 INFO  Title: Validate the tedge dm agent messages that are produced from the simulated collectd messages
15:28:35 INFO  ==============================================================
15:28:35 INFO  Fails due to retained message ... skipped
15:28:35 INFO  
15:28:35 INFO  Test duration: 0.03 secs
15:28:35 INFO  Test final outcome:  SKIPPED
15:28:35 INFO  Test outcome reason: Fails due to retained message
15:28:35 INFO  
</system-out>
	</testcase>
</testsuite>
