<?xml version="1.0" encoding="utf-8"?>
<testsuite failures="0" name="tedge_mapper_az_negative" skipped="0" tests="1" time="2.4" timestamp="2022-04-29T09:20:08">
	<testcase classname="TedgeMapperAzError" name="tedge_mapper_az_negative"/>
</testsuite>
