<?xml version="1.0" encoding="utf-8"?>
<testsuite failures="0" name="SoftwareManagement.sm_apt_install_remove_multiple" skipped="1" tests="1" time="0.03" timestamp="2022-05-09T07:10:52">
	<testcase classname="PySysTest" name="SoftwareManagement.sm_apt_install_remove_multiple">
		<skipped message="SKIPPED: Testing the apt plugin is not supported on this platform.Use parameter -XmyPlatform='container' to enable it"/>
		<system-out>07:10:52 INFO  ==============================================================
07:10:52 INFO  Id:    SoftwareManagement.sm_apt_install_remove_multiple
07:10:52 INFO  Dir:   software_management_end_to_end/
07:10:52 INFO  Title: Validate end to end behaviour for the apt plugin for multiple packages
07:10:52 INFO  ==============================================================
07:10:52 INFO  Testing the apt plugin is not supported on this platform.Use parameter -XmyPlatform='container' to enable it ... skipped
07:10:52 WARN  Aborted test due to SKIPPED outcome
07:10:52 INFO  
07:10:52 INFO  Test duration: 0.03 secs
07:10:52 INFO  Test final outcome:  SKIPPED
07:10:52 INFO  Test outcome reason: Testing the apt plugin is not supported on this platform.Use parameter -XmyPlatform='container' to enable it
07:10:52 INFO  
</system-out>
	</testcase>
</testsuite>
