<?xml version="1.0" encoding="utf-8"?>
<testsuite failures="0" name="apt_wrong_option" skipped="1" tests="1" time="0.03" timestamp="2022-05-09T07:01:13">
	<testcase classname="AptPluginWrongOption" name="apt_wrong_option">
		<skipped message="SKIPPED: Testing the apt plugin is not supported on this platform.To run the tests call PySys with -XmyPlatform='container'"/>
		<system-out>07:01:13 INFO  ==============================================================
07:01:13 INFO  Id:    apt_wrong_option
07:01:13 INFO  Dir:   plugin_apt/
07:01:13 INFO  Title: Validate apt plugin install
07:01:13 INFO  ==============================================================
07:01:13 INFO  Testing the apt plugin is not supported on this platform.To run the tests call PySys with -XmyPlatform='container' ... skipped
07:01:13 WARN  Aborted test due to SKIPPED outcome
07:01:13 INFO  
07:01:13 INFO  Test duration: 0.03 secs
07:01:13 INFO  Test final outcome:  SKIPPED
07:01:13 INFO  Test outcome reason: Testing the apt plugin is not supported on this platform.To run the tests call PySys with -XmyPlatform='container'
07:01:13 INFO  
</system-out>
	</testcase>
</testsuite>
