<?xml version="1.0" encoding="utf-8"?>
<testsuite failures="0" name="pysys_fail" skipped="1" tests="1" time="0.02" timestamp="2022-05-10T19:28:00">
	<testcase classname="Fail" name="pysys_fail">
		<skipped message="SKIPPED: Enable this to observe a failing test"/>
		<system-out>19:28:00 INFO  ==============================================================
19:28:00 INFO  Id:    pysys_fail
19:28:00 INFO  Dir:   misc_features/
19:28:00 INFO  Title: fail
19:28:00 INFO  ==============================================================
19:28:00 INFO  Enable this to observe a failing test ... skipped
19:28:00 INFO  
19:28:00 INFO  Test duration: 0.02 secs
19:28:00 INFO  Test final outcome:  SKIPPED
19:28:00 INFO  Test outcome reason: Enable this to observe a failing test
19:28:00 INFO  
</system-out>
	</testcase>
</testsuite>
