<?xml version="1.0" encoding="utf-8"?>
<testsuite failures="0" name="tedge_mapper_c8y_child_device_measurement" skipped="1" tests="1" time="0.05" timestamp="2022-05-16T07:36:20">
	<testcase classname="TedgeMapperC8yChildDevice" name="tedge_mapper_c8y_child_device_measurement">
		<skipped message="SKIPPED: Test execution disabled due to #1088"/>
		<system-out>07:36:20 INFO  ==============================================================
07:36:20 INFO  Id:    tedge_mapper_c8y_child_device_measurement
07:36:20 INFO  Dir:   tedge_mapper_c8y/
07:36:20 INFO  Title: Validate that measurements sent to tedge/measurements/child topic gets mapped as the child device's measurement in Cumulocity
07:36:20 INFO  ==============================================================
07:36:20 INFO  Test execution disabled due to #1088 ... skipped
07:36:20 INFO  
07:36:20 INFO  Test duration: 0.05 secs
07:36:20 INFO  Test final outcome:  SKIPPED
07:36:20 INFO  Test outcome reason: Test execution disabled due to #1088
07:36:20 INFO  
</system-out>
	</testcase>
</testsuite>
