<?xml version="1.0" encoding="utf-8"?>
<testsuite failures="0" name="custom_init_system" skipped="0" tests="1" time="29.05" timestamp="2022-04-27T14:21:08">
	<testcase classname="CustomInitSystem" name="custom_init_system"/>
</testsuite>
