<?xml version="1.0" encoding="utf-8"?>
<testsuite failures="0" name="publish_sawmill" skipped="0" tests="1" time="80.07" timestamp="2022-04-19T13:32:07">
	<testcase classname="PublishSawmill" name="publish_sawmill"/>
</testsuite>
