<?xml version="1.0" encoding="utf-8"?>
<testsuite failures="1" name="log_request_error_messages" skipped="0" tests="1" time="36.77" timestamp="2022-04-28T07:22:53">
	<testcase classname="LogRequestVerifySearchTextError" name="log_request_error_messages">
		<failure message="FAILED: Assert that (True == value) with value=False" type="FAILED"/>
		<system-out>07:22:17 INFO  ==============================================================
07:22:17 INFO  Id:    log_request_error_messages
07:22:17 INFO  Dir:   log_request_end_to_end/
07:22:17 INFO  Title: Validate end to end behaviour for the log request operation check for error messages
07:22:17 INFO  ==============================================================
07:22:18 INFO  EnvironmentC8y Setup
07:22:19 INFO  Executed systemctl&lt;serv_mapper1&gt;, exit status 3
07:22:19 INFO  Restarting mosquitto too frequently in the last 10 seconds. It was only up for 2 seconds
07:22:19 INFO  Delaying execution by 9 seconds
07:22:42 INFO  Executed sudo&lt;tedge_connect_c8y&gt;, exit status 0, duration 13 secs
07:22:43 INFO  Executed sudo&lt;tedge_connect_c8y_test&gt;, exit status 0
07:22:43 INFO  Executed systemctl&lt;serv_mosq2&gt;, exit status 0
07:22:44 INFO  Executed systemctl&lt;serv_mapper3&gt;, exit status 0
07:22:44 INFO  Executed sudo&lt;rm_logs&gt;, exit status 0
07:22:45 INFO  Executed sudo&lt;move_logs&gt;, exit status 0
07:22:45 INFO  log response None
07:22:45 WARN  retry, retrying in 1 seconds...
07:22:47 INFO  log response https://thin-edge-io.eu-latest.cumulocity.com/event/events/17820965/binaries
07:22:47 WARN  Assert that (True == value) with value=False ... failed [run.py:43]
07:22:47 INFO  
07:22:47 INFO  cleanup:
07:22:48 INFO  Executed sudo&lt;rm_logs&gt;, exit status 0
07:22:48 INFO  Executed sudo&lt;rm_tmp_logs&gt;, exit status 0
07:22:49 INFO  Executed sudo&lt;send_failed&gt;, exit status 0
07:22:53 INFO  Executed sudo&lt;tedge_disconnect_c8y&gt;, exit status 0
07:22:53 INFO  Executed systemctl&lt;serv_mapper5&gt;, exit status 3
07:22:53 INFO  
07:22:53 INFO  Test duration: 36.77 secs
07:22:53 INFO  Test final outcome:  FAILED
07:22:53 INFO  Test outcome reason: Assert that (True == value) with value=False
07:22:53 INFO  
</system-out>
	</testcase>
</testsuite>
