<?xml version="1.0" encoding="utf-8"?>
<testsuite failures="0" name="c8y_restart_bridge" skipped="0" tests="1" time="23.12" timestamp="2022-05-11T11:44:13">
	<testcase classname="RestartBridge" name="c8y_restart_bridge"/>
</testsuite>
