<?xml version="1.0" encoding="utf-8"?>
<testsuite failures="0" name="local_mqtt_pub_fail_noqos" skipped="0" tests="1" time="1.98" timestamp="2022-04-28T07:21:59">
	<testcase classname="PySysTest" name="local_mqtt_pub_fail_noqos"/>
</testsuite>
