<?xml version="1.0" encoding="utf-8"?>
<testsuite failures="1" name="valid_device_id" skipped="0" tests="1" time="41.25" timestamp="2022-05-04T07:59:42">
	<testcase classname="ValidateValidDeviceId" name="valid_device_id">
		<failure message="FAILED: Grep on tedge_connect_c8y_test.out contains &quot;successful&quot;" type="FAILED"/>
		<system-out>07:59:00 INFO  ==============================================================
07:59:00 INFO  Id:    valid_device_id
07:59:00 INFO  Dir:   misc_features/
07:59:00 INFO  Title: Valid device ID
07:59:00 INFO  ==============================================================
07:59:01 INFO  Restarting mosquitto too frequently in the last 10 seconds. It was only up for 6 seconds
07:59:01 INFO  Delaying execution by 5 seconds
07:59:06 INFO  Executed sudo&lt;tedge_disconnect_c8y&gt;, exit status 0
07:59:07 INFO  Executed sudo&lt;create_cert_dir&gt;, exit status 0
07:59:07 INFO  Executed sudo&lt;change_owner_of_dir&gt;, exit status 0
07:59:08 INFO  Executed sudo&lt;set_cert_path&gt;, exit status 0
07:59:08 INFO  Executed sudo&lt;set_key_path&gt;, exit status 0
07:59:09 INFO  Executed sudo&lt;cert_create&gt;, exit status 0
07:59:10 INFO  Executed sudo&lt;cert_upload&gt;, exit status 0
07:59:25 INFO  Executed sudo&lt;tedge_connect_c8y&gt;, exit status 0, duration 14 secs
07:59:36 INFO  Executed sudo&lt;tedge_connect_c8y_test&gt;, exit status 0
07:59:36 INFO  Grep on file tedge_connect_c8y.out ... passed
07:59:36 WARN  Grep on tedge_connect_c8y_test.out contains &quot;successful&quot; ... failed [run.py:108]
07:59:36 INFO  
07:59:36 INFO  cleanup:
07:59:40 INFO  Executed sudo&lt;tedge_disconnect_c8y&gt;, exit status 0
07:59:40 INFO  Executed sudo&lt;unset_cert_path&gt;, exit status 0
07:59:41 INFO  Executed sudo&lt;unset_key_path&gt;, exit status 0
07:59:42 INFO  Executed sudo&lt;remove_cert_dir&gt;, exit status 0
07:59:42 INFO  
07:59:42 INFO  Test duration: 41.25 secs
07:59:42 INFO  Test final outcome:  FAILED
07:59:42 INFO  Test outcome reason: Grep on tedge_connect_c8y_test.out contains &quot;successful&quot;
07:59:42 INFO  
</system-out>
	</testcase>
</testsuite>
