<?xml version="1.0" encoding="utf-8"?>
<testsuite failures="0" name="monitoring_smaller_interval" skipped="1" tests="1" time="0.02" timestamp="2022-04-21T08:23:22">
	<testcase classname="MonitoringSmallInterval" name="monitoring_smaller_interval">
		<skipped message="SKIPPED: Fails due to retained message"/>
		<system-out>08:23:22 INFO  ==============================================================
08:23:22 INFO  Id:    monitoring_smaller_interval
08:23:22 INFO  Dir:   monitoring/
08:23:22 INFO  Title: Validate the tedge dm agent messages that are produced with smaller sampling interval than the batching window. Here the simulated collectd messages are used
08:23:22 INFO  ==============================================================
08:23:22 INFO  Fails due to retained message ... skipped
08:23:22 INFO  
08:23:22 INFO  Test duration: 0.02 secs
08:23:22 INFO  Test final outcome:  SKIPPED
08:23:22 INFO  Test outcome reason: Fails due to retained message
08:23:22 INFO  
</system-out>
	</testcase>
</testsuite>
