<?xml version="1.0" encoding="utf-8"?>
<testsuite failures="0" name="monitoring_smaller_interval" skipped="1" tests="1" time="0.02" timestamp="2022-05-10T19:28:52">
	<testcase classname="MonitoringSmallInterval" name="monitoring_smaller_interval">
		<skipped message="SKIPPED: Fails due to retained message"/>
		<system-out>19:28:52 INFO  ==============================================================
19:28:52 INFO  Id:    monitoring_smaller_interval
19:28:52 INFO  Dir:   monitoring/
19:28:52 INFO  Title: Validate the tedge dm agent messages that are produced with smaller sampling interval than the batching window. Here the simulated collectd messages are used
19:28:52 INFO  ==============================================================
19:28:52 INFO  Fails due to retained message ... skipped
19:28:52 INFO  
19:28:52 INFO  Test duration: 0.02 secs
19:28:52 INFO  Test final outcome:  SKIPPED
19:28:52 INFO  Test outcome reason: Fails due to retained message
19:28:52 INFO  
</system-out>
	</testcase>
</testsuite>
