<?xml version="1.0" encoding="utf-8"?>
<testsuite failures="0" name="pysys_block" skipped="1" tests="1" time="0.04" timestamp="2022-04-21T08:22:50">
	<testcase classname="Fail" name="pysys_block">
		<skipped message="SKIPPED: Enable this to observe a blocking test"/>
		<system-out>08:22:50 INFO  ==============================================================
08:22:50 INFO  Id:    pysys_block
08:22:50 INFO  Dir:   misc_features/
08:22:50 INFO  Title: fail
08:22:50 INFO  ==============================================================
08:22:50 INFO  Enable this to observe a blocking test ... skipped
08:22:50 INFO  
08:22:50 INFO  Test duration: 0.04 secs
08:22:50 INFO  Test final outcome:  SKIPPED
08:22:50 INFO  Test outcome reason: Enable this to observe a blocking test
08:22:50 INFO  
</system-out>
	</testcase>
</testsuite>
