<?xml version="1.0" encoding="utf-8"?>
<testsuite failures="0" name="apt_prepare" skipped="1" tests="1" time="0.04" timestamp="2022-04-21T13:38:50">
	<testcase classname="AptPluginPrepare" name="apt_prepare">
		<skipped message="SKIPPED: Testing the apt plugin is not supported on this platform.To run the tests call PySys with -XmyPlatform='container'"/>
		<system-out>13:38:50 INFO  ==============================================================
13:38:50 INFO  Id:    apt_prepare
13:38:50 INFO  Dir:   plugin_apt/
13:38:50 INFO  Title: Validate apt plugin install - dense version
13:38:50 INFO  ==============================================================
13:38:50 INFO  Testing the apt plugin is not supported on this platform.To run the tests call PySys with -XmyPlatform='container' ... skipped
13:38:50 WARN  Aborted test due to SKIPPED outcome
13:38:50 INFO  
13:38:50 INFO  Test duration: 0.04 secs
13:38:50 INFO  Test final outcome:  SKIPPED
13:38:50 INFO  Test outcome reason: Testing the apt plugin is not supported on this platform.To run the tests call PySys with -XmyPlatform='container'
13:38:50 INFO  
</system-out>
	</testcase>
</testsuite>
