<?xml version="1.0" encoding="utf-8"?>
<testsuite failures="0" name="docker_plugin_update" skipped="1" tests="1" time="0.04" timestamp="2022-05-10T19:28:58">
	<testcase classname="DockerPluginUpdateTest" name="docker_plugin_update">
		<skipped message="SKIPPED: Testing the docker plugin is not supported on this platform.To run it, all the test with -XmyPlatform='container'"/>
		<system-out>19:28:58 INFO  ==============================================================
19:28:58 INFO  Id:    docker_plugin_update
19:28:58 INFO  Dir:   plugin_docker/
19:28:58 INFO  Title: Validate docker plugin install updates existing containers
19:28:58 INFO  ==============================================================
19:28:58 INFO  Testing the docker plugin is not supported on this platform.To run it, all the test with -XmyPlatform='container' ... skipped
19:28:58 WARN  Aborted test due to SKIPPED outcome
19:28:58 INFO  
19:28:58 INFO  Test duration: 0.04 secs
19:28:58 INFO  Test final outcome:  SKIPPED
19:28:58 INFO  Test outcome reason: Testing the docker plugin is not supported on this platform.To run it, all the test with -XmyPlatform='container'
19:28:58 INFO  
</system-out>
	</testcase>
</testsuite>
