<?xml version="1.0" encoding="utf-8"?>
<testsuite failures="0" name="SoftwareManagement.Plugin.apama_plugin_update" skipped="1" tests="1" time="0.03" timestamp="2022-04-28T07:25:16">
	<testcase classname="ApamaPluginUpdateTest" name="SoftwareManagement.Plugin.apama_plugin_update">
		<skipped message="SKIPPED: Apama plugin tests are disabled by default. Execute `pysys run` with `-XmyPlatform=container` to run these tests"/>
		<system-out>07:25:16 INFO  ==============================================================
07:25:16 INFO  Id:    SoftwareManagement.Plugin.apama_plugin_update
07:25:16 INFO  Dir:   plugin_apama/
07:25:16 INFO  Title: Validate apama plugin updating one project with another
07:25:16 INFO  ==============================================================
07:25:16 INFO  Apama plugin tests are disabled by default. Execute `pysys run` with `-XmyPlatform=container` to run these tests ... skipped
07:25:16 WARN  Aborted test due to SKIPPED outcome
07:25:16 INFO  
07:25:16 INFO  Test duration: 0.03 secs
07:25:16 INFO  Test final outcome:  SKIPPED
07:25:16 INFO  Test outcome reason: Apama plugin tests are disabled by default. Execute `pysys run` with `-XmyPlatform=container` to run these tests
07:25:16 INFO  
</system-out>
	</testcase>
</testsuite>
