<?xml version="1.0" encoding="utf-8"?>
<testsuite failures="0" name="SoftwareManagement.Plugin.apama_plugin_install" skipped="1" tests="1" time="0.04" timestamp="2022-05-10T13:10:10">
	<testcase classname="ApamaPluginInstallTest" name="SoftwareManagement.Plugin.apama_plugin_install">
		<skipped message="SKIPPED: Apama plugin tests are disabled by default. Execute `pysys run` with `-XmyPlatform=container` to run these tests"/>
		<system-out>13:10:10 INFO  ==============================================================
13:10:10 INFO  Id:    SoftwareManagement.Plugin.apama_plugin_install
13:10:10 INFO  Dir:   plugin_apama/
13:10:10 INFO  Title: Validate apama plugin install
13:10:10 INFO  ==============================================================
13:10:10 INFO  Apama plugin tests are disabled by default. Execute `pysys run` with `-XmyPlatform=container` to run these tests ... skipped
13:10:10 WARN  Aborted test due to SKIPPED outcome
13:10:10 INFO  
13:10:10 INFO  Test duration: 0.04 secs
13:10:10 INFO  Test final outcome:  SKIPPED
13:10:10 INFO  Test outcome reason: Apama plugin tests are disabled by default. Execute `pysys run` with `-XmyPlatform=container` to run these tests
13:10:10 INFO  
</system-out>
	</testcase>
</testsuite>
