<?xml version="1.0" encoding="utf-8"?>
<testsuite failures="0" name="local_mqtt_pub_sub_with_sudo" skipped="0" tests="1" time="2.83" timestamp="2022-04-29T09:06:34">
	<testcase classname="PySysTest" name="local_mqtt_pub_sub_with_sudo"/>
</testsuite>
