<?xml version="1.0" encoding="utf-8"?>
<testsuite failures="0" name="agent_init_session" skipped="0" tests="1" time="6.25" timestamp="2022-05-16T07:32:27">
	<testcase classname="AgentInitSession" name="agent_init_session"/>
</testsuite>
