<?xml version="1.0" encoding="utf-8"?>
<testsuite failures="0" name="pysys_block" skipped="1" tests="1" time="0.03" timestamp="2022-04-19T13:28:57">
	<testcase classname="Fail" name="pysys_block">
		<skipped message="SKIPPED: Enable this to observe a blocking test"/>
		<system-out>13:28:57 INFO  ==============================================================
13:28:57 INFO  Id:    pysys_block
13:28:57 INFO  Dir:   misc_features/
13:28:57 INFO  Title: fail
13:28:57 INFO  ==============================================================
13:28:57 INFO  Enable this to observe a blocking test ... skipped
13:28:57 INFO  
13:28:57 INFO  Test duration: 0.03 secs
13:28:57 INFO  Test final outcome:  SKIPPED
13:28:57 INFO  Test outcome reason: Enable this to observe a blocking test
13:28:57 INFO  
</system-out>
	</testcase>
</testsuite>
