<?xml version="1.0" encoding="utf-8"?>
<testsuite failures="1" name="c8y_jwt_token_retrieval" skipped="0" tests="1" time="23.33" timestamp="2022-05-03T07:51:01">
	<testcase classname="ValidateJWTTokenRetrieval" name="c8y_jwt_token_retrieval">
		<failure message="FAILED: Grep on resp_jwt.out contains &quot;\[c8y/s/dat\] 71,&quot;" type="FAILED"/>
		<system-out>07:50:37 INFO  ==============================================================
07:50:37 INFO  Id:    c8y_jwt_token_retrieval
07:50:37 INFO  Dir:   cloud_c8y/
07:50:37 INFO  Title: Validate the Cumulocity JWT Token Retrieval feature
07:50:37 INFO  ==============================================================
07:50:38 INFO  Executed sudo&lt;tedge_disconnect_c8y&gt;, exit status 0
07:50:52 INFO  Executed sudo&lt;tedge_connect_c8y&gt;, exit status 0, duration 14 secs
07:50:52 INFO  Started sudo&lt;resp_jwt&gt; with process id 14058
07:50:54 INFO  Executed sudo&lt;req_jwt&gt;, exit status 0
07:50:56 INFO  Executed sudo&lt;kill_out&gt;, exit status 0
07:50:56 WARN  Grep on resp_jwt.out contains &quot;\[c8y/s/dat\] 71,&quot; ... failed [run.py:60]
07:50:56 INFO  
07:50:56 INFO  cleanup:
07:51:01 INFO  Executed sudo&lt;tedge_disconnect_c8y&gt;, exit status 0
07:51:01 INFO  
07:51:01 INFO  Test duration: 23.33 secs
07:51:01 INFO  Test final outcome:  FAILED
07:51:01 INFO  Test outcome reason: Grep on resp_jwt.out contains &quot;\[c8y/s/dat\] 71,&quot;
07:51:01 INFO  
</system-out>
	</testcase>
</testsuite>
