<?xml version="1.0" encoding="utf-8"?>
<testsuite failures="1" name="local_mqtt_pub_sub" skipped="0" tests="1" time="2.48" timestamp="2022-04-29T09:06:25">
	<testcase classname="PySysTest" name="local_mqtt_pub_sub">
		<failure message="FAILED: Grep on tedge_sub.out contains &quot;\[atopic\] amessage&quot;" type="FAILED"/>
		<system-out>09:06:22 INFO  ==============================================================
09:06:22 INFO  Id:    local_mqtt_pub_sub
09:06:22 INFO  Dir:   local_mqtt/
09:06:22 INFO  Title: Validate local publishing and subscribing
09:06:22 INFO  ==============================================================
09:06:22 INFO  Started tedge_sub with process id 2162
09:06:22 INFO  Started tedge_sub_no_topic with process id 2163
09:06:23 INFO  Executed tedge_pub2, exit status 0
09:06:24 INFO  Executed tedge_pub3, exit status 0
09:06:24 INFO  Executed sudo&lt;kill_out&gt;, exit status 0
09:06:25 INFO  Executed sudo&lt;kill_out&gt;, exit status 0
09:06:25 WARN  Grep on tedge_sub.out contains &quot;\[atopic\] amessage&quot; ... failed [run.py:75]
09:06:25 INFO  Grep on file tedge_sub.out ... passed
09:06:25 INFO  Grep on file tedge_sub_no_topic.out ... passed
09:06:25 INFO  
09:06:25 INFO  Test duration: 2.48 secs
09:06:25 INFO  Test final outcome:  FAILED
09:06:25 INFO  Test outcome reason: Grep on tedge_sub.out contains &quot;\[atopic\] amessage&quot;
09:06:25 INFO  
</system-out>
	</testcase>
</testsuite>
