<?xml version="1.0" encoding="utf-8"?>
<testsuite failures="0" name="apt_install_fail" skipped="1" tests="1" time="0.03" timestamp="2022-04-19T13:29:30">
	<testcase classname="AptPluginInstallFail" name="apt_install_fail">
		<skipped message="SKIPPED: Testing the apt plugin is not supported on this platform.To run the tests call PySys with -XmyPlatform='container'"/>
		<system-out>13:29:30 INFO  ==============================================================
13:29:30 INFO  Id:    apt_install_fail
13:29:30 INFO  Dir:   plugin_apt/
13:29:30 INFO  Title: Validate apt plugin prepare - failing
13:29:30 INFO  ==============================================================
13:29:30 INFO  Testing the apt plugin is not supported on this platform.To run the tests call PySys with -XmyPlatform='container' ... skipped
13:29:30 WARN  Aborted test due to SKIPPED outcome
13:29:30 INFO  
13:29:30 INFO  Test duration: 0.03 secs
13:29:30 INFO  Test final outcome:  SKIPPED
13:29:30 INFO  Test outcome reason: Testing the apt plugin is not supported on this platform.To run the tests call PySys with -XmyPlatform='container'
13:29:30 INFO  
</system-out>
	</testcase>
</testsuite>
