<?xml version="1.0" encoding="utf-8"?>
<testsuite failures="0" name="SoftwareManagement.sm_apt_install_remove_multiple_mixed" skipped="1" tests="1" time="0.04" timestamp="2022-04-28T07:33:14">
	<testcase classname="PySysTest" name="SoftwareManagement.sm_apt_install_remove_multiple_mixed">
		<skipped message="SKIPPED: Testing the apt plugin is not supported on this platform.Use parameter -XmyPlatform='container' to enable it"/>
		<system-out>07:33:14 INFO  ==============================================================
07:33:14 INFO  Id:    SoftwareManagement.sm_apt_install_remove_multiple_mixed
07:33:14 INFO  Dir:   software_management_end_to_end/
07:33:14 INFO  Title: Validate end to end behaviour for the apt plugin for multiple packages with mixed versions
07:33:14 INFO  ==============================================================
07:33:14 INFO  Testing the apt plugin is not supported on this platform.Use parameter -XmyPlatform='container' to enable it ... skipped
07:33:14 WARN  Aborted test due to SKIPPED outcome
07:33:14 INFO  
07:33:14 INFO  Test duration: 0.04 secs
07:33:14 INFO  Test final outcome:  SKIPPED
07:33:14 INFO  Test outcome reason: Testing the apt plugin is not supported on this platform.Use parameter -XmyPlatform='container' to enable it
07:33:14 INFO  
</system-out>
	</testcase>
</testsuite>
