<?xml version="1.0" encoding="utf-8"?>
<testsuite failures="1" name="local_mqtt_pub_sub_retain" skipped="0" tests="1" time="6.03" timestamp="2022-05-30T09:07:14">
	<testcase classname="MqttPublishWithRetain" name="local_mqtt_pub_sub_retain">
		<failure message="FAILED: Grep on temp_sensor_sub.out contains &quot;\[test/alarms/temp_sensor\] alarm msg 2&quot; (+1 other failures)" type="FAILED"/>
		<system-out>09:07:08 INFO  ==============================================================
09:07:08 INFO  Id:    local_mqtt_pub_sub_retain
09:07:08 INFO  Dir:   local_mqtt/
09:07:08 INFO  Title: Validate local publishing with retain flag
09:07:08 INFO  ==============================================================
09:07:08 INFO  Executed tedge&lt;pub_to_set_alarm&gt;, exit status 0
09:07:08 INFO  Executed tedge&lt;pub_to_set_alarm&gt;, exit status 0
09:07:09 INFO  Started tedge&lt;temp_sensor_sub&gt; with process id 29226
09:07:10 INFO  Executed tedge&lt;pub_to_clear_alarm&gt;, exit status 0
09:07:11 INFO  Executed sudo&lt;kill_out&gt;, exit status 0
09:07:12 INFO  Executed tedge&lt;pub_to_clear_alarm&gt;, exit status 0
09:07:12 INFO  Started tedge&lt;temp_sensor_empty_message&gt; with process id 29231
09:07:13 INFO  Executed sudo&lt;kill_out&gt;, exit status 0
09:07:14 WARN  Grep on temp_sensor_sub.out contains &quot;\[test/alarms/temp_sensor\] alarm msg 2&quot; ... failed [run.py:139]
09:07:14 WARN  Grep on temp_sensor_sub.out contains &quot;\[test/alarms/temp_sensor\] &quot; ... failed [run.py:142]
09:07:14 INFO  Grep on file temp_sensor_empty_message.out ... passed
09:07:14 INFO  
09:07:14 INFO  Test duration: 6.03 secs
09:07:14 INFO  Test final outcome:  FAILED
09:07:14 INFO  Test outcome reason: Grep on temp_sensor_sub.out contains &quot;\[test/alarms/temp_sensor\] alarm msg 2&quot; (+1 other failures)
09:07:14 INFO  
</system-out>
	</testcase>
</testsuite>
