<?xml version="1.0" encoding="utf-8"?>
<testsuite failures="1" name="log_request_error_messages" skipped="0" tests="1" time="35.45" timestamp="2022-05-03T07:51:56">
	<testcase classname="LogRequestVerifySearchTextError" name="log_request_error_messages">
		<failure message="FAILED: Assert that (True == value) with value=False" type="FAILED"/>
		<system-out>07:51:20 INFO  ==============================================================
07:51:20 INFO  Id:    log_request_error_messages
07:51:20 INFO  Dir:   log_request_end_to_end/
07:51:20 INFO  Title: Validate end to end behaviour for the log request operation check for error messages
07:51:20 INFO  ==============================================================
07:51:22 INFO  EnvironmentC8y Setup
07:51:22 INFO  Executed systemctl&lt;serv_mapper1&gt;, exit status 3
07:51:23 INFO  Restarting mosquitto too frequently in the last 10 seconds. It was only up for 3 seconds
07:51:23 INFO  Delaying execution by 8 seconds
07:51:44 INFO  Executed sudo&lt;tedge_connect_c8y&gt;, exit status 0, duration 13 secs
07:51:45 INFO  Executed sudo&lt;tedge_connect_c8y_test&gt;, exit status 0
07:51:45 INFO  Executed systemctl&lt;serv_mosq2&gt;, exit status 0
07:51:46 INFO  Executed systemctl&lt;serv_mapper3&gt;, exit status 0
07:51:47 INFO  Executed sudo&lt;rm_logs&gt;, exit status 0
07:51:47 INFO  Executed sudo&lt;move_logs&gt;, exit status 0
07:51:48 INFO  log response None
07:51:48 WARN  retry, retrying in 1 seconds...
07:51:49 INFO  log response https://thin-edge-io.eu-latest.cumulocity.com/event/events/18247305/binaries
07:51:49 WARN  Assert that (True == value) with value=False ... failed [run.py:43]
07:51:49 INFO  
07:51:49 INFO  cleanup:
07:51:50 INFO  Executed sudo&lt;rm_logs&gt;, exit status 0
07:51:50 INFO  Executed sudo&lt;rm_tmp_logs&gt;, exit status 0
07:51:51 INFO  Executed sudo&lt;send_failed&gt;, exit status 0
07:51:55 INFO  Executed sudo&lt;tedge_disconnect_c8y&gt;, exit status 0
07:51:56 INFO  Executed systemctl&lt;serv_mapper5&gt;, exit status 3
07:51:56 INFO  
07:51:56 INFO  Test duration: 35.45 secs
07:51:56 INFO  Test final outcome:  FAILED
07:51:56 INFO  Test outcome reason: Assert that (True == value) with value=False
07:51:56 INFO  
</system-out>
	</testcase>
</testsuite>
