<?xml version="1.0" encoding="utf-8"?>
<testsuite failures="0" name="pysys_block" skipped="1" tests="1" time="0.02" timestamp="2022-04-28T15:27:43">
	<testcase classname="Fail" name="pysys_block">
		<skipped message="SKIPPED: Enable this to observe a blocking test"/>
		<system-out>15:27:43 INFO  ==============================================================
15:27:43 INFO  Id:    pysys_block
15:27:43 INFO  Dir:   misc_features/
15:27:43 INFO  Title: fail
15:27:43 INFO  ==============================================================
15:27:43 INFO  Enable this to observe a blocking test ... skipped
15:27:43 INFO  
15:27:43 INFO  Test duration: 0.02 secs
15:27:43 INFO  Test final outcome:  SKIPPED
15:27:43 INFO  Test outcome reason: Enable this to observe a blocking test
15:27:43 INFO  
</system-out>
	</testcase>
</testsuite>
