<?xml version="1.0" encoding="utf-8"?>
<testsuite failures="1" name="log_request_error_messages" skipped="0" tests="1" time="36.28" timestamp="2022-04-29T09:07:12">
	<testcase classname="LogRequestVerifySearchTextError" name="log_request_error_messages">
		<failure message="FAILED: Assert that (True == value) with value=False" type="FAILED"/>
		<system-out>09:06:35 INFO  ==============================================================
09:06:35 INFO  Id:    log_request_error_messages
09:06:35 INFO  Dir:   log_request_end_to_end/
09:06:35 INFO  Title: Validate end to end behaviour for the log request operation check for error messages
09:06:35 INFO  ==============================================================
09:06:37 INFO  EnvironmentC8y Setup
09:06:37 INFO  Executed systemctl&lt;serv_mapper1&gt;, exit status 3
09:06:37 INFO  Restarting mosquitto too frequently in the last 10 seconds. It was only up for 2 seconds
09:06:37 INFO  Delaying execution by 9 seconds
09:07:00 INFO  Executed sudo&lt;tedge_connect_c8y&gt;, exit status 0, duration 13 secs
09:07:01 INFO  Executed sudo&lt;tedge_connect_c8y_test&gt;, exit status 0
09:07:01 INFO  Executed systemctl&lt;serv_mosq2&gt;, exit status 0
09:07:02 INFO  Executed systemctl&lt;serv_mapper3&gt;, exit status 0
09:07:02 INFO  Executed sudo&lt;rm_logs&gt;, exit status 0
09:07:03 INFO  Executed sudo&lt;move_logs&gt;, exit status 0
09:07:04 INFO  log response None
09:07:04 WARN  retry, retrying in 1 seconds...
09:07:05 INFO  log response https://thin-edge-io.eu-latest.cumulocity.com/event/events/17957416/binaries
09:07:05 WARN  Assert that (True == value) with value=False ... failed [run.py:43]
09:07:06 INFO  
09:07:06 INFO  cleanup:
09:07:06 INFO  Executed sudo&lt;rm_logs&gt;, exit status 0
09:07:07 INFO  Executed sudo&lt;rm_tmp_logs&gt;, exit status 0
09:07:07 INFO  Executed sudo&lt;send_failed&gt;, exit status 0
09:07:11 INFO  Executed sudo&lt;tedge_disconnect_c8y&gt;, exit status 0
09:07:12 INFO  Executed systemctl&lt;serv_mapper5&gt;, exit status 3
09:07:12 INFO  
09:07:12 INFO  Test duration: 36.28 secs
09:07:12 INFO  Test final outcome:  FAILED
09:07:12 INFO  Test outcome reason: Assert that (True == value) with value=False
09:07:12 INFO  
</system-out>
	</testcase>
</testsuite>
