<?xml version="1.0" encoding="utf-8"?>
<testsuite failures="0" name="apt_install_local_file_fail" skipped="1" tests="1" time="0.02" timestamp="2022-05-30T09:09:10">
	<testcase classname="AptPluginInstallFromLocalFileFail" name="apt_install_local_file_fail">
		<skipped message="SKIPPED: Testing the apt plugin is not supported on this platform.To run the tests call PySys with -XmyPlatform='container'"/>
		<system-out>09:09:10 INFO  ==============================================================
09:09:10 INFO  Id:    apt_install_local_file_fail
09:09:10 INFO  Dir:   plugin_apt/
09:09:10 INFO  Title: Validate apt plugin install from local file - FAIL case
09:09:10 INFO  ==============================================================
09:09:10 INFO  Testing the apt plugin is not supported on this platform.To run the tests call PySys with -XmyPlatform='container' ... skipped
09:09:10 WARN  Aborted test due to SKIPPED outcome
09:09:10 INFO  
09:09:10 INFO  Test duration: 0.02 secs
09:09:10 INFO  Test final outcome:  SKIPPED
09:09:10 INFO  Test outcome reason: Testing the apt plugin is not supported on this platform.To run the tests call PySys with -XmyPlatform='container'
09:09:10 INFO  
</system-out>
	</testcase>
</testsuite>
