<?xml version="1.0" encoding="utf-8"?>
<testsuite failures="0" name="tedge_mapper_c8y_child_device_measurement" skipped="1" tests="1" time="0.36" timestamp="2022-05-23T09:28:55">
	<testcase classname="TedgeMapperC8yChildDevice" name="tedge_mapper_c8y_child_device_measurement">
		<skipped message="SKIPPED: Test execution disabled due to #1088"/>
		<system-out>09:28:54 INFO  ==============================================================
09:28:54 INFO  Id:    tedge_mapper_c8y_child_device_measurement
09:28:54 INFO  Dir:   tedge_mapper_c8y/
09:28:54 INFO  Title: Validate that measurements sent to tedge/measurements/child topic gets mapped as the child device's measurement in Cumulocity
09:28:54 INFO  ==============================================================
09:28:55 INFO  Test execution disabled due to #1088 ... skipped
09:28:55 INFO  
09:28:55 INFO  Test duration: 0.36 secs
09:28:55 INFO  Test final outcome:  SKIPPED
09:28:55 INFO  Test outcome reason: Test execution disabled due to #1088
09:28:55 INFO  
</system-out>
	</testcase>
</testsuite>
