<?xml version="1.0" encoding="utf-8"?>
<testsuite failures="0" name="apt_fail_noarg" skipped="1" tests="1" time="0.05" timestamp="2022-05-09T07:01:08">
	<testcase classname="AptPluginFailNoArg" name="apt_fail_noarg">
		<skipped message="SKIPPED: Testing the apt plugin is not supported on this platform.To run the tests call PySys with -XmyPlatform='container'"/>
		<system-out>07:01:08 INFO  ==============================================================
07:01:08 INFO  Id:    apt_fail_noarg
07:01:08 INFO  Dir:   plugin_apt/
07:01:08 INFO  Title: Validate apt plugin fetures(prepare, list, install, remove finalize) without arguments
07:01:08 INFO  ==============================================================
07:01:08 INFO  Testing the apt plugin is not supported on this platform.To run the tests call PySys with -XmyPlatform='container' ... skipped
07:01:08 WARN  Aborted test due to SKIPPED outcome
07:01:08 INFO  
07:01:08 INFO  Test duration: 0.05 secs
07:01:08 INFO  Test final outcome:  SKIPPED
07:01:08 INFO  Test outcome reason: Testing the apt plugin is not supported on this platform.To run the tests call PySys with -XmyPlatform='container'
07:01:08 INFO  
</system-out>
	</testcase>
</testsuite>
