<?xml version="1.0" encoding="utf-8"?>
<testsuite failures="0" name="tedge_mapper_c8y_child_device_measurement" skipped="1" tests="1" time="0.04" timestamp="2022-05-10T13:24:42">
	<testcase classname="TedgeMapperC8yChildDevice" name="tedge_mapper_c8y_child_device_measurement">
		<skipped message="SKIPPED: Test execution disabled due to #1088"/>
		<system-out>13:24:42 INFO  ==============================================================
13:24:42 INFO  Id:    tedge_mapper_c8y_child_device_measurement
13:24:42 INFO  Dir:   tedge_mapper_c8y/
13:24:42 INFO  Title: Validate that measurements sent to tedge/measurements/child topic gets mapped as the child device's measurement in Cumulocity
13:24:42 INFO  ==============================================================
13:24:42 INFO  Test execution disabled due to #1088 ... skipped
13:24:42 INFO  
13:24:42 INFO  Test duration: 0.04 secs
13:24:42 INFO  Test final outcome:  SKIPPED
13:24:42 INFO  Test outcome reason: Test execution disabled due to #1088
13:24:42 INFO  
</system-out>
	</testcase>
</testsuite>
