<?xml version="1.0" encoding="utf-8"?>
<testsuite failures="0" name="pysys_block" skipped="1" tests="1" time="0.02" timestamp="2022-05-11T11:32:11">
	<testcase classname="Fail" name="pysys_block">
		<skipped message="SKIPPED: Enable this to observe a blocking test"/>
		<system-out>11:32:11 INFO  ==============================================================
11:32:11 INFO  Id:    pysys_block
11:32:11 INFO  Dir:   misc_features/
11:32:11 INFO  Title: fail
11:32:11 INFO  ==============================================================
11:32:11 INFO  Enable this to observe a blocking test ... skipped
11:32:11 INFO  
11:32:11 INFO  Test duration: 0.02 secs
11:32:11 INFO  Test final outcome:  SKIPPED
11:32:11 INFO  Test outcome reason: Enable this to observe a blocking test
11:32:11 INFO  
</system-out>
	</testcase>
</testsuite>
