<?xml version="1.0" encoding="utf-8"?>
<testsuite failures="0" name="apt_sequence_remove_with_version_fail" skipped="1" tests="1" time="0.03" timestamp="2022-04-21T08:23:27">
	<testcase classname="AptPluginRemoveWithVersionFails" name="apt_sequence_remove_with_version_fail">
		<skipped message="SKIPPED: Testing the apt plugin is not supported on this platform.To run the tests call PySys with -XmyPlatform='container'"/>
		<system-out>08:23:27 INFO  ==============================================================
08:23:27 INFO  Id:    apt_sequence_remove_with_version_fail
08:23:27 INFO  Dir:   plugin_apt/
08:23:27 INFO  Title: Validate apt plugin remove with version fails when the version not found
08:23:27 INFO  ==============================================================
08:23:27 INFO  Testing the apt plugin is not supported on this platform.To run the tests call PySys with -XmyPlatform='container' ... skipped
08:23:27 WARN  Aborted test due to SKIPPED outcome
08:23:27 INFO  
08:23:27 INFO  Test duration: 0.03 secs
08:23:27 INFO  Test final outcome:  SKIPPED
08:23:27 INFO  Test outcome reason: Testing the apt plugin is not supported on this platform.To run the tests call PySys with -XmyPlatform='container'
08:23:27 INFO  
</system-out>
	</testcase>
</testsuite>
