<?xml version="1.0" encoding="utf-8"?>
<testsuite failures="0" name="apt_install_local_file_fail" skipped="1" tests="1" time="0.02" timestamp="2022-05-10T19:28:53">
	<testcase classname="AptPluginInstallFromLocalFileFail" name="apt_install_local_file_fail">
		<skipped message="SKIPPED: Testing the apt plugin is not supported on this platform.To run the tests call PySys with -XmyPlatform='container'"/>
		<system-out>19:28:53 INFO  ==============================================================
19:28:53 INFO  Id:    apt_install_local_file_fail
19:28:53 INFO  Dir:   plugin_apt/
19:28:53 INFO  Title: Validate apt plugin install from local file - FAIL case
19:28:53 INFO  ==============================================================
19:28:53 INFO  Testing the apt plugin is not supported on this platform.To run the tests call PySys with -XmyPlatform='container' ... skipped
19:28:53 WARN  Aborted test due to SKIPPED outcome
19:28:53 INFO  
19:28:53 INFO  Test duration: 0.02 secs
19:28:53 INFO  Test final outcome:  SKIPPED
19:28:53 INFO  Test outcome reason: Testing the apt plugin is not supported on this platform.To run the tests call PySys with -XmyPlatform='container'
19:28:53 INFO  
</system-out>
	</testcase>
</testsuite>
