<?xml version="1.0" encoding="utf-8"?>
<testsuite failures="0" name="publish_flux" skipped="0" tests="1" time="73.09" timestamp="2022-05-11T11:34:22">
	<testcase classname="PublishFlux" name="publish_flux"/>
</testsuite>
