<?xml version="1.0" encoding="utf-8"?>
<testsuite failures="0" name="apt_sequence_remove_with_version" skipped="1" tests="1" time="0.04" timestamp="2022-05-10T13:10:15">
	<testcase classname="AptPluginRemoveWithVersion" name="apt_sequence_remove_with_version">
		<skipped message="SKIPPED: Testing the apt plugin is not supported on this platform.To run the tests call PySys with -XmyPlatform='container'"/>
		<system-out>13:10:15 INFO  ==============================================================
13:10:15 INFO  Id:    apt_sequence_remove_with_version
13:10:15 INFO  Dir:   plugin_apt/
13:10:15 INFO  Title: Validate apt plugin remove with version use case
13:10:15 INFO  ==============================================================
13:10:15 INFO  Testing the apt plugin is not supported on this platform.To run the tests call PySys with -XmyPlatform='container' ... skipped
13:10:15 WARN  Aborted test due to SKIPPED outcome
13:10:15 INFO  
13:10:15 INFO  Test duration: 0.04 secs
13:10:15 INFO  Test final outcome:  SKIPPED
13:10:15 INFO  Test outcome reason: Testing the apt plugin is not supported on this platform.To run the tests call PySys with -XmyPlatform='container'
13:10:15 INFO  
</system-out>
	</testcase>
</testsuite>
