<?xml version="1.0" encoding="utf-8"?>
<testsuite failures="0" name="smoketest_smartrest" skipped="0" tests="1" time="49.49" timestamp="2022-05-04T08:05:52">
	<testcase classname="SmoketestSmartRest" name="smoketest_smartrest"/>
</testsuite>
