<?xml version="1.0" encoding="utf-8"?>
<testsuite failures="0" name="SoftwareManagement.Plugin.apama_plugin_update" skipped="1" tests="1" time="0.02" timestamp="2022-05-30T09:09:10">
	<testcase classname="ApamaPluginUpdateTest" name="SoftwareManagement.Plugin.apama_plugin_update">
		<skipped message="SKIPPED: Test execution disabled due to #1052"/>
		<system-out>09:09:10 INFO  ==============================================================
09:09:10 INFO  Id:    SoftwareManagement.Plugin.apama_plugin_update
09:09:10 INFO  Dir:   plugin_apama/
09:09:10 INFO  Title: Validate apama plugin updating one project with another
09:09:10 INFO  ==============================================================
09:09:10 INFO  Test execution disabled due to #1052 ... skipped
09:09:10 INFO  
09:09:10 INFO  Test duration: 0.02 secs
09:09:10 INFO  Test final outcome:  SKIPPED
09:09:10 INFO  Test outcome reason: Test execution disabled due to #1052
09:09:10 INFO  
</system-out>
	</testcase>
</testsuite>
