<?xml version="1.0" encoding="utf-8"?>
<testsuite failures="0" name="agent_init_session" skipped="0" tests="1" time="6.07" timestamp="2022-04-29T09:18:07">
	<testcase classname="AgentInitSession" name="agent_init_session"/>
</testsuite>
