<?xml version="1.0" encoding="utf-8"?>
<testsuite failures="0" name="apt_remove" skipped="1" tests="1" time="0.02" timestamp="2022-04-21T08:23:26">
	<testcase classname="AptPluginRemoveDense" name="apt_remove">
		<skipped message="SKIPPED: Testing the apt plugin is not supported on this platform.To run the tests call PySys with -XmyPlatform='container'"/>
		<system-out>08:23:26 INFO  ==============================================================
08:23:26 INFO  Id:    apt_remove
08:23:26 INFO  Dir:   plugin_apt/
08:23:26 INFO  Title: Validate apt plugin prepare - dense version
08:23:26 INFO  ==============================================================
08:23:26 INFO  Testing the apt plugin is not supported on this platform.To run the tests call PySys with -XmyPlatform='container' ... skipped
08:23:26 WARN  Aborted test due to SKIPPED outcome
08:23:26 INFO  
08:23:26 INFO  Test duration: 0.02 secs
08:23:26 INFO  Test final outcome:  SKIPPED
08:23:26 INFO  Test outcome reason: Testing the apt plugin is not supported on this platform.To run the tests call PySys with -XmyPlatform='container'
08:23:26 INFO  
</system-out>
	</testcase>
</testsuite>
