<?xml version="1.0" encoding="utf-8"?>
<testsuite failures="0" name="mqtt_port_unset" skipped="0" tests="1" time="1.84" timestamp="2022-05-23T09:13:45">
	<testcase classname="MqttPortUnSet" name="mqtt_port_unset"/>
</testsuite>
