<?xml version="1.0" encoding="utf-8"?>
<testsuite failures="0" name="apt_finalize" skipped="1" tests="1" time="0.03" timestamp="2022-04-21T13:38:46">
	<testcase classname="AptPluginFinalize" name="apt_finalize">
		<skipped message="SKIPPED: Testing the apt plugin is not supported on this platform.To run the tests call PySys with -XmyPlatform='container'"/>
		<system-out>13:38:46 INFO  ==============================================================
13:38:46 INFO  Id:    apt_finalize
13:38:46 INFO  Dir:   plugin_apt/
13:38:46 INFO  Title: Validate apt plugin finalize - dense version
13:38:46 INFO  ==============================================================
13:38:46 INFO  Testing the apt plugin is not supported on this platform.To run the tests call PySys with -XmyPlatform='container' ... skipped
13:38:46 WARN  Aborted test due to SKIPPED outcome
13:38:46 INFO  
13:38:46 INFO  Test duration: 0.03 secs
13:38:46 INFO  Test final outcome:  SKIPPED
13:38:46 INFO  Test outcome reason: Testing the apt plugin is not supported on this platform.To run the tests call PySys with -XmyPlatform='container'
13:38:46 INFO  
</system-out>
	</testcase>
</testsuite>
