<?xml version="1.0" encoding="utf-8"?>
<testsuite failures="0" name="docker_plugin_install_with_version" skipped="1" tests="1" time="0.02" timestamp="2022-05-23T09:14:23">
	<testcase classname="DockerPluginInstallWithVersionTest" name="docker_plugin_install_with_version">
		<skipped message="SKIPPED: Testing the docker plugin is not supported on this platform.To run it, all the test with -XmyPlatform='container'"/>
		<system-out>09:14:23 INFO  ==============================================================
09:14:23 INFO  Id:    docker_plugin_install_with_version
09:14:23 INFO  Dir:   plugin_docker/
09:14:23 INFO  Title: Validate docker plugin install
09:14:23 INFO  ==============================================================
09:14:23 INFO  Testing the docker plugin is not supported on this platform.To run it, all the test with -XmyPlatform='container' ... skipped
09:14:23 WARN  Aborted test due to SKIPPED outcome
09:14:23 INFO  
09:14:23 INFO  Test duration: 0.02 secs
09:14:23 INFO  Test final outcome:  SKIPPED
09:14:23 INFO  Test outcome reason: Testing the docker plugin is not supported on this platform.To run it, all the test with -XmyPlatform='container'
09:14:23 INFO  
</system-out>
	</testcase>
</testsuite>
