<?xml version="1.0" encoding="utf-8"?>
<testsuite failures="1" name="valid_device_id" skipped="0" tests="1" time="52.13" timestamp="2022-05-11T11:33:03">
	<testcase classname="ValidateValidDeviceId" name="valid_device_id">
		<failure message="FAILED: Grep on tedge_connect_c8y_test.out contains &quot;successful&quot;" type="FAILED"/>
		<system-out>11:32:11 INFO  ==============================================================
11:32:11 INFO  Id:    valid_device_id
11:32:11 INFO  Dir:   misc_features/
11:32:11 INFO  Title: Valid device ID
11:32:11 INFO  ==============================================================
11:32:11 INFO  Restarting mosquitto too frequently in the last 10 seconds. It was only up for 5 seconds
11:32:11 INFO  Delaying execution by 6 seconds
11:32:18 INFO  Executed sudo&lt;tedge_disconnect_c8y&gt;, exit status 0
11:32:18 INFO  Executed sudo&lt;create_cert_dir&gt;, exit status 0
11:32:19 INFO  Executed sudo&lt;change_owner_of_dir&gt;, exit status 0
11:32:19 INFO  Executed sudo&lt;set_cert_path&gt;, exit status 0
11:32:20 INFO  Executed sudo&lt;set_key_path&gt;, exit status 0
11:32:20 INFO  Executed sudo&lt;cert_create&gt;, exit status 0
11:32:22 INFO  Executed sudo&lt;cert_upload&gt;, exit status 0
11:32:46 INFO  Executed sudo&lt;tedge_connect_c8y&gt;, exit status 0, duration 23 secs
11:32:57 INFO  Executed sudo&lt;tedge_connect_c8y_test&gt;, exit status 0
11:32:57 INFO  Grep on file tedge_connect_c8y.out ... passed
11:32:58 WARN  Grep on tedge_connect_c8y_test.out contains &quot;successful&quot; ... failed [run.py:108]
11:32:58 INFO  
11:32:58 INFO  cleanup:
11:33:02 INFO  Executed sudo&lt;tedge_disconnect_c8y&gt;, exit status 0
11:33:02 INFO  Executed sudo&lt;unset_cert_path&gt;, exit status 0
11:33:03 INFO  Executed sudo&lt;unset_key_path&gt;, exit status 0
11:33:03 INFO  Executed sudo&lt;remove_cert_dir&gt;, exit status 0
11:33:03 INFO  
11:33:03 INFO  Test duration: 52.13 secs
11:33:03 INFO  Test final outcome:  FAILED
11:33:03 INFO  Test outcome reason: Grep on tedge_connect_c8y_test.out contains &quot;successful&quot;
11:33:03 INFO  
</system-out>
	</testcase>
</testsuite>
