<?xml version="1.0" encoding="utf-8"?>
<testsuite failures="0" name="SoftwareManagement.sm_apt_install_fail" skipped="1" tests="1" time="0.05" timestamp="2022-05-10T19:38:38">
	<testcase classname="PySysTest" name="SoftwareManagement.sm_apt_install_fail">
		<skipped message="SKIPPED: Testing the apt plugin is not supported on this platform.Use parameter -XmyPlatform='container' to enable it"/>
		<system-out>19:38:38 INFO  ==============================================================
19:38:38 INFO  Id:    SoftwareManagement.sm_apt_install_fail
19:38:38 INFO  Dir:   software_management_end_to_end/
19:38:38 INFO  Title: Validate end to end behaviour for a failing installation
19:38:38 INFO  ==============================================================
19:38:38 INFO  Testing the apt plugin is not supported on this platform.Use parameter -XmyPlatform='container' to enable it ... skipped
19:38:38 WARN  Aborted test due to SKIPPED outcome
19:38:38 INFO  
19:38:38 INFO  Test duration: 0.05 secs
19:38:38 INFO  Test final outcome:  SKIPPED
19:38:38 INFO  Test outcome reason: Testing the apt plugin is not supported on this platform.Use parameter -XmyPlatform='container' to enable it
19:38:38 INFO  
</system-out>
	</testcase>
</testsuite>
