<?xml version="1.0" encoding="utf-8"?>
<testsuite failures="0" name="monitoring_with_simulated_messages" skipped="1" tests="1" time="0.02" timestamp="2022-05-03T07:53:59">
	<testcase classname="MonitoringWithSimulatedMessages" name="monitoring_with_simulated_messages">
		<skipped message="SKIPPED: Fails due to retained message"/>
		<system-out>07:53:59 INFO  ==============================================================
07:53:59 INFO  Id:    monitoring_with_simulated_messages
07:53:59 INFO  Dir:   monitoring/
07:53:59 INFO  Title: Validate the tedge dm agent messages that are produced from the simulated collectd messages
07:53:59 INFO  ==============================================================
07:53:59 INFO  Fails due to retained message ... skipped
07:53:59 INFO  
07:53:59 INFO  Test duration: 0.02 secs
07:53:59 INFO  Test final outcome:  SKIPPED
07:53:59 INFO  Test outcome reason: Fails due to retained message
07:53:59 INFO  
</system-out>
	</testcase>
</testsuite>
