<?xml version="1.0" encoding="utf-8"?>
<testsuite failures="0" name="runtime_start_two_mappers" skipped="1" tests="1" time="0.02" timestamp="2022-05-10T19:42:13">
	<testcase classname="RuntimeMultiMappers" name="runtime_start_two_mappers">
		<skipped message="SKIPPED: Test execution disabled due to #1124"/>
		<system-out>19:42:13 INFO  ==============================================================
19:42:13 INFO  Id:    runtime_start_two_mappers
19:42:13 INFO  Dir:   tedge_mapper_c8y/
19:42:13 INFO  Title: Validate two mappers can't be started at the same time
19:42:13 INFO  ==============================================================
19:42:13 INFO  Test execution disabled due to #1124 ... skipped
19:42:13 INFO  
19:42:13 INFO  Test duration: 0.02 secs
19:42:13 INFO  Test final outcome:  SKIPPED
19:42:13 INFO  Test outcome reason: Test execution disabled due to #1124
19:42:13 INFO  
</system-out>
	</testcase>
</testsuite>
