<?xml version="1.0" encoding="utf-8"?>
<testsuite failures="0" name="apt_sequence_install_with_version" skipped="1" tests="1" time="0.03" timestamp="2022-05-02T15:06:59">
	<testcase classname="AptPluginPrepInstallWithVersionFinalize" name="apt_sequence_install_with_version">
		<skipped message="SKIPPED: Testing the apt plugin is not supported on this platform.To run the tests call PySys with -XmyPlatform='container'"/>
		<system-out>15:06:58 INFO  ==============================================================
15:06:58 INFO  Id:    apt_sequence_install_with_version
15:06:58 INFO  Dir:   plugin_apt/
15:06:58 INFO  Title: Validate apt plugin install with version use case
15:06:58 INFO  ==============================================================
15:06:58 INFO  Testing the apt plugin is not supported on this platform.To run the tests call PySys with -XmyPlatform='container' ... skipped
15:06:58 WARN  Aborted test due to SKIPPED outcome
15:06:58 INFO  
15:06:58 INFO  Test duration: 0.03 secs
15:06:58 INFO  Test final outcome:  SKIPPED
15:06:59 INFO  Test outcome reason: Testing the apt plugin is not supported on this platform.To run the tests call PySys with -XmyPlatform='container'
15:06:59 INFO  
</system-out>
	</testcase>
</testsuite>
