<?xml version="1.0" encoding="utf-8"?>
<testsuite failures="0" name="smoketest_json" skipped="0" tests="1" time="45.76" timestamp="2022-04-27T14:25:33">
	<testcase classname="SmokeTestJson" name="smoketest_json"/>
</testsuite>
