<?xml version="1.0" encoding="utf-8"?>
<testsuite failures="0" name="mqtt_port_set" skipped="0" tests="1" time="20.59" timestamp="2022-05-09T07:00:07">
	<testcase classname="MqttPortSet" name="mqtt_port_set"/>
</testsuite>
