<?xml version="1.0" encoding="utf-8"?>
<testsuite failures="0" name="apt_sequence_install_with_version_fail" skipped="1" tests="1" time="0.04" timestamp="2022-05-10T13:10:14">
	<testcase classname="AptPluginInstallWithVersionFails" name="apt_sequence_install_with_version_fail">
		<skipped message="SKIPPED: Testing the apt plugin is not supported on this platform.To run the tests call PySys with -XmyPlatform='container'"/>
		<system-out>13:10:14 INFO  ==============================================================
13:10:14 INFO  Id:    apt_sequence_install_with_version_fail
13:10:14 INFO  Dir:   plugin_apt/
13:10:14 INFO  Title: Validate apt plugin install with version fails use case
13:10:14 INFO  ==============================================================
13:10:14 INFO  Testing the apt plugin is not supported on this platform.To run the tests call PySys with -XmyPlatform='container' ... skipped
13:10:14 WARN  Aborted test due to SKIPPED outcome
13:10:14 INFO  
13:10:14 INFO  Test duration: 0.04 secs
13:10:14 INFO  Test final outcome:  SKIPPED
13:10:14 INFO  Test outcome reason: Testing the apt plugin is not supported on this platform.To run the tests call PySys with -XmyPlatform='container'
13:10:14 INFO  
</system-out>
	</testcase>
</testsuite>
