<?xml version="1.0" encoding="utf-8"?>
<testsuite failures="0" name="monitoring_smaller_interval" skipped="1" tests="1" time="0.05" timestamp="2022-05-04T07:59:42">
	<testcase classname="MonitoringSmallInterval" name="monitoring_smaller_interval">
		<skipped message="SKIPPED: Fails due to retained message"/>
		<system-out>07:59:42 INFO  ==============================================================
07:59:42 INFO  Id:    monitoring_smaller_interval
07:59:42 INFO  Dir:   monitoring/
07:59:42 INFO  Title: Validate the tedge dm agent messages that are produced with smaller sampling interval than the batching window. Here the simulated collectd messages are used
07:59:42 INFO  ==============================================================
07:59:42 INFO  Fails due to retained message ... skipped
07:59:42 INFO  
07:59:42 INFO  Test duration: 0.05 secs
07:59:42 INFO  Test final outcome:  SKIPPED
07:59:42 INFO  Test outcome reason: Fails due to retained message
07:59:42 INFO  
</system-out>
	</testcase>
</testsuite>
