<?xml version="1.0" encoding="utf-8"?>
<testsuite failures="0" name="mqtt_port_change_connection_works" skipped="1" tests="1" time="0.03" timestamp="2022-04-28T07:24:01">
	<testcase classname="MqttPortChangeConnectionWorks" name="mqtt_port_change_connection_works">
		<skipped message="SKIPPED: failing intermitently"/>
		<system-out>07:24:01 INFO  ==============================================================
07:24:01 INFO  Id:    mqtt_port_change_connection_works
07:24:01 INFO  Dir:   misc_features/
07:24:01 INFO  Title: mqtt port change connection works for all the thin-edge services that use the mosquitto broker
07:24:01 INFO  ==============================================================
07:24:01 INFO  failing intermitently ... skipped
07:24:01 INFO  
07:24:01 INFO  Test duration: 0.03 secs
07:24:01 INFO  Test final outcome:  SKIPPED
07:24:01 INFO  Test outcome reason: failing intermitently
07:24:01 INFO  
</system-out>
	</testcase>
</testsuite>
