<?xml version="1.0" encoding="utf-8"?>
<testsuite failures="0" name="agent_init_session" skipped="0" tests="1" time="6.19" timestamp="2022-05-10T19:39:38">
	<testcase classname="AgentInitSession" name="agent_init_session"/>
</testsuite>
