<?xml version="1.0" encoding="utf-8"?>
<testsuite failures="0" name="docker_plugin_update" skipped="1" tests="1" time="0.02" timestamp="2022-05-10T13:10:16">
	<testcase classname="DockerPluginUpdateTest" name="docker_plugin_update">
		<skipped message="SKIPPED: Testing the docker plugin is not supported on this platform.To run it, all the test with -XmyPlatform='container'"/>
		<system-out>13:10:16 INFO  ==============================================================
13:10:16 INFO  Id:    docker_plugin_update
13:10:16 INFO  Dir:   plugin_docker/
13:10:16 INFO  Title: Validate docker plugin install updates existing containers
13:10:16 INFO  ==============================================================
13:10:16 INFO  Testing the docker plugin is not supported on this platform.To run it, all the test with -XmyPlatform='container' ... skipped
13:10:16 WARN  Aborted test due to SKIPPED outcome
13:10:16 INFO  
13:10:16 INFO  Test duration: 0.02 secs
13:10:16 INFO  Test final outcome:  SKIPPED
13:10:16 INFO  Test outcome reason: Testing the docker plugin is not supported on this platform.To run it, all the test with -XmyPlatform='container'
13:10:16 INFO  
</system-out>
	</testcase>
</testsuite>
