<?xml version="1.0" encoding="utf-8"?>
<testsuite failures="1" name="agent_init_session" skipped="0" tests="1" time="6.31" timestamp="2022-05-04T08:10:27">
	<testcase classname="AgentInitSession" name="agent_init_session">
		<failure message="FAILED: Grep on sub_resp.out contains &quot;Ld3KgqpcLDlrYH6sfpG7w&quot;" type="FAILED"/>
		<system-out>08:10:21 INFO  ==============================================================
08:10:21 INFO  Id:    agent_init_session
08:10:21 INFO  Dir:   tedge_agent/
08:10:21 INFO  Title: Validate tedge agent init session feature
08:10:21 INFO  ==============================================================
08:10:22 INFO  Executed sudo&lt;remove_lock&gt;, exit status 0
08:10:22 INFO  Executed sudo&lt;agent_clear&gt;, exit status 0
08:10:23 INFO  Executed sudo&lt;agent_init&gt;, exit status 0
08:10:24 INFO  Executed sudo&lt;pub_req&gt;, exit status 0
08:10:24 INFO  Started sudo&lt;sub_resp&gt; with process id 20604
08:10:24 INFO  Executed sudo&lt;agent_start&gt;, exit status 0
08:10:24 INFO  Waiting for 2.0 seconds
08:10:27 INFO  Executed sudo&lt;agent_stop&gt;, exit status 0
08:10:27 INFO  Executed sudo&lt;sub_stop&gt;, exit status 0
08:10:27 WARN  Grep on sub_resp.out contains &quot;Ld3KgqpcLDlrYH6sfpG7w&quot; ... failed [run.py:87]
08:10:27 INFO  
08:10:27 INFO  Test duration: 6.31 secs
08:10:27 INFO  Test final outcome:  FAILED
08:10:27 INFO  Test outcome reason: Grep on sub_resp.out contains &quot;Ld3KgqpcLDlrYH6sfpG7w&quot;
08:10:27 INFO  
</system-out>
	</testcase>
</testsuite>
