<?xml version="1.0" encoding="utf-8"?>
<testsuite failures="1" name="agent_init_session" skipped="0" tests="1" time="6.44" timestamp="2022-05-09T07:11:53">
	<testcase classname="AgentInitSession" name="agent_init_session">
		<failure message="FAILED: Grep on sub_resp.out contains &quot;Ld3KgqpcLDlrYH6sfpG7w&quot;" type="FAILED"/>
		<system-out>07:11:46 INFO  ==============================================================
07:11:46 INFO  Id:    agent_init_session
07:11:46 INFO  Dir:   tedge_agent/
07:11:46 INFO  Title: Validate tedge agent init session feature
07:11:46 INFO  ==============================================================
07:11:47 INFO  Executed sudo&lt;remove_lock&gt;, exit status 0
07:11:48 INFO  Executed sudo&lt;agent_clear&gt;, exit status 0
07:11:48 INFO  Executed sudo&lt;agent_init&gt;, exit status 0
07:11:49 INFO  Executed sudo&lt;pub_req&gt;, exit status 0
07:11:49 INFO  Started sudo&lt;sub_resp&gt; with process id 12645
07:11:49 INFO  Executed sudo&lt;agent_start&gt;, exit status 0
07:11:49 INFO  Waiting for 2.0 seconds
07:11:52 INFO  Executed sudo&lt;agent_stop&gt;, exit status 0
07:11:52 INFO  Executed sudo&lt;sub_stop&gt;, exit status 0
07:11:53 WARN  Grep on sub_resp.out contains &quot;Ld3KgqpcLDlrYH6sfpG7w&quot; ... failed [run.py:87]
07:11:53 INFO  
07:11:53 INFO  Test duration: 6.44 secs
07:11:53 INFO  Test final outcome:  FAILED
07:11:53 INFO  Test outcome reason: Grep on sub_resp.out contains &quot;Ld3KgqpcLDlrYH6sfpG7w&quot;
07:11:53 INFO  
</system-out>
	</testcase>
</testsuite>
