<?xml version="1.0" encoding="utf-8"?>
<testsuite failures="1" name="agent_init_session" skipped="0" tests="1" time="6.33" timestamp="2022-04-19T13:40:13">
	<testcase classname="AgentInitSession" name="agent_init_session">
		<failure message="FAILED: Grep on sub_resp.out contains &quot;Ld3KgqpcLDlrYH6sfpG7w&quot;" type="FAILED"/>
		<system-out>13:40:06 INFO  ==============================================================
13:40:06 INFO  Id:    agent_init_session
13:40:06 INFO  Dir:   tedge_agent/
13:40:06 INFO  Title: Validate tedge agent init session feature
13:40:06 INFO  ==============================================================
13:40:07 INFO  Executed sudo&lt;remove_lock&gt;, exit status 0
13:40:08 INFO  Executed sudo&lt;agent_clear&gt;, exit status 0
13:40:08 INFO  Executed sudo&lt;agent_init&gt;, exit status 0
13:40:09 INFO  Executed sudo&lt;pub_req&gt;, exit status 0
13:40:09 INFO  Started sudo&lt;sub_resp&gt; with process id 17625
13:40:09 INFO  Executed sudo&lt;agent_start&gt;, exit status 0
13:40:09 INFO  Waiting for 2.0 seconds
13:40:12 INFO  Executed sudo&lt;agent_stop&gt;, exit status 0
13:40:13 INFO  Executed sudo&lt;sub_stop&gt;, exit status 0
13:40:13 WARN  Grep on sub_resp.out contains &quot;Ld3KgqpcLDlrYH6sfpG7w&quot; ... failed [run.py:87]
13:40:13 INFO  
13:40:13 INFO  Test duration: 6.33 secs
13:40:13 INFO  Test final outcome:  FAILED
13:40:13 INFO  Test outcome reason: Grep on sub_resp.out contains &quot;Ld3KgqpcLDlrYH6sfpG7w&quot;
13:40:13 INFO  
</system-out>
	</testcase>
</testsuite>
