<?xml version="1.0" encoding="utf-8"?>
<testsuite failures="0" name="apt_wrong_option" skipped="0" tests="1" time="0.55" timestamp="2022-04-08T10:20:23">
	<testcase classname="AptPluginWrongOption" name="apt_wrong_option"/>
</testsuite>
