<?xml version="1.0" encoding="utf-8"?>
<testsuite failures="1" name="SoftwareManagement.sm_apt_install_remove_multiple" skipped="0" tests="1" time="184.43" timestamp="2022-04-15T09:43:33">
	<testcase classname="PySysTest" name="SoftwareManagement.sm_apt_install_remove_multiple">
		<failure message="FAILED: Assert that (False == value) with value=True" type="FAILED"/>
		<system-out>09:40:29 INFO  ==============================================================
09:40:29 INFO  Id:    SoftwareManagement.sm_apt_install_remove_multiple
09:40:29 INFO  Dir:   software_management_end_to_end/
09:40:29 INFO  Title: Validate end to end behaviour for the apt plugin for multiple packages
09:40:29 INFO  ==============================================================
09:40:29 INFO  Using sw id database: {'asciijump': '5475369', 'robotfindskitten': '5474869', 'squirrel3': '5475279', 'rolldice': '5152439', 'moon-buggy': '5439204', 'apple': '5495053', 'banana': '5494888', 'cherry': '5495382', 'watermelon': '5494510', 'registry': '8018911', 'hello-world': '8021526', 'docker/getting-started': '8021973', 'alpine': '7991792'}
09:40:29 INFO  EnvironmentC8y Setup
09:40:30 INFO  Executed systemctl&lt;serv_mapper1&gt;, exit status 3
09:40:30 INFO  Restarting mosquitto too frequently in the last 10 seconds. It was only up for 5 seconds
09:40:30 INFO  Delaying execution by 6 seconds
09:40:50 INFO  Executed sudo&lt;tedge_connect_c8y&gt;, exit status 0, duration 14 secs
09:40:51 INFO  Executed sudo&lt;tedge_connect_c8y_test&gt;, exit status 0
09:40:51 INFO  Executed systemctl&lt;serv_mosq2&gt;, exit status 0
09:40:52 INFO  Executed systemctl&lt;serv_mapper3&gt;, exit status 0
09:40:54 INFO  State of current operation: SUCCESSFUL
09:40:54 INFO  Assert that (False == value) with value=False ... passed
09:40:55 INFO  Assert that (False == value) with value=False ... passed
09:40:55 INFO  Assert that (False == value) with value=False ... passed
09:40:55 INFO  Package robotfindskitten is installed
09:40:55 WARN  Assert that (False == value) with value=True ... failed 
09:40:55 INFO  Response status: 201
09:40:55 INFO  Response to action: {
    &quot;creationTime&quot;: &quot;2022-04-15T09:40:55.806Z&quot;,
    &quot;deviceName&quot;: &quot;mythicd&quot;,
    &quot;deviceId&quot;: &quot;17361610&quot;,
    &quot;self&quot;: &quot;https://t493319102.eu-latest.cumulocity.com/devicecontrol/operations/17367062&quot;,
    &quot;id&quot;: &quot;17367062&quot;,
    &quot;status&quot;: &quot;PENDING&quot;,
    &quot;description&quot;: &quot;Apply software changes, triggered from PySys: [{'action': 'install', 'id': '5475369', 'name': 'asciijump', 'url': ' ', 'version': '::apt'}, {'action': 'install', 'id': '5474869', 'name': 'robotfindskitten', 'url': ' ', 'version': '::apt'}, {'action': 'install', 'id': '5475279', 'name': 'squirrel3', 'url': ' ', 'version': '::apt'}]&quot;,
    &quot;c8y_SoftwareUpdate&quot;: [
        {
            &quot;name&quot;: &quot;asciijump&quot;,
            &quot;action&quot;: &quot;install&quot;,
            &quot;id&quot;: &quot;5475369&quot;,
            &quot;version&quot;: &quot;::apt&quot;,
            &quot;url&quot;: &quot; &quot;
        },
        {
            &quot;name&quot;: &quot;robotfindskitten&quot;,
            &quot;action&quot;: &quot;install&quot;,
            &quot;id&quot;: &quot;5474869&quot;,
            &quot;version&quot;: &quot;::apt&quot;,
            &quot;url&quot;: &quot; &quot;
        },
        {
            &quot;name&quot;: &quot;squirrel3&quot;,
            &quot;action&quot;: &quot;install&quot;,
            &quot;id&quot;: &quot;5475279&quot;,
            &quot;version&quot;: &quot;::apt&quot;,
            &quot;url&quot;: &quot; &quot;
        }
    ]
}
09:40:55 INFO  Started operation: {'creationTime': '2022-04-15T09:40:55.806Z', 'deviceName': 'mythicd', 'deviceId': '17361610', 'self': 'https://t493319102.eu-latest.cumulocity.com/devicecontrol/operations/17367062', 'id': '17367062', 'status': 'PENDING', 'description': &quot;Apply software changes, triggered from PySys: [{'action': 'install', 'id': '5475369', 'name': 'asciijump', 'url': ' ', 'version': '::apt'}, {'action': 'install', 'id': '5474869', 'name': 'robotfindskitten', 'url': ' ', 'version': '::apt'}, {'action': 'install', 'id': '5475279', 'name': 'squirrel3', 'url': ' ', 'version': '::apt'}]&quot;, 'c8y_SoftwareUpdate': [{'name': 'asciijump', 'action': 'install', 'id': '5475369', 'version': '::apt', 'url': ' '}, {'name': 'robotfindskitten', 'action': 'install', 'id': '5474869', 'version': '::apt', 'url': ' '}, {'name': 'squirrel3', 'action': 'install', 'id': '5475279', 'version': '::apt', 'url': ' '}]}
09:40:58 INFO  State of operation 17367062 : PENDING
09:41:00 INFO  State of operation 17367062 : EXECUTING
09:41:02 INFO  State of operation 17367062 : EXECUTING
09:41:04 INFO  State of operation 17367062 : EXECUTING
09:41:06 INFO  State of operation 17367062 : EXECUTING
09:41:09 INFO  State of operation 17367062 : EXECUTING
09:41:12 INFO  State of operation 17367062 : EXECUTING
09:41:15 INFO  State of operation 17367062 : EXECUTING
09:41:17 INFO  State of operation 17367062 : EXECUTING
09:41:19 INFO  State of operation 17367062 : EXECUTING
09:41:22 INFO  State of operation 17367062 : EXECUTING
09:41:24 INFO  State of operation 17367062 : EXECUTING
09:41:26 INFO  State of operation 17367062 : EXECUTING
09:41:28 INFO  State of operation 17367062 : EXECUTING
09:41:31 INFO  State of operation 17367062 : EXECUTING
09:41:33 INFO  State of operation 17367062 : EXECUTING
09:41:35 INFO  State of operation 17367062 : EXECUTING
09:41:38 INFO  State of operation 17367062 : EXECUTING
09:41:41 INFO  State of operation 17367062 : EXECUTING
09:41:43 INFO  State of operation 17367062 : EXECUTING
09:41:45 INFO  State of operation 17367062 : EXECUTING
09:41:48 INFO  State of operation 17367062 : EXECUTING
09:41:50 INFO  State of operation 17367062 : EXECUTING
09:41:52 INFO  State of operation 17367062 : EXECUTING
09:41:54 INFO  State of operation 17367062 : EXECUTING
09:41:57 INFO  State of operation 17367062 : EXECUTING
09:41:59 INFO  State of operation 17367062 : EXECUTING
09:42:02 INFO  State of operation 17367062 : EXECUTING
09:42:04 INFO  State of operation 17367062 : EXECUTING
09:42:06 INFO  State of operation 17367062 : EXECUTING
09:42:09 INFO  State of operation 17367062 : EXECUTING
09:42:11 INFO  State of operation 17367062 : EXECUTING
09:42:13 INFO  State of operation 17367062 : EXECUTING
09:42:15 INFO  State of operation 17367062 : EXECUTING
09:42:18 INFO  State of operation 17367062 : SUCCESSFUL
09:42:18 INFO  Assert that (False == value) with value=False ... passed
09:42:18 INFO  Package asciijump is installed
09:42:18 INFO  Assert that (True == value) with value=True ... passed
09:42:18 INFO  Package squirrel3 is installed
09:42:18 INFO  Assert that (True == value) with value=True ... passed
09:42:19 INFO  Package robotfindskitten is installed
09:42:19 INFO  Assert that (True == value) with value=True ... passed
09:42:19 INFO  Response status: 201
09:42:19 INFO  Response to action: {
    &quot;creationTime&quot;: &quot;2022-04-15T09:42:19.218Z&quot;,
    &quot;deviceName&quot;: &quot;mythicd&quot;,
    &quot;deviceId&quot;: &quot;17361610&quot;,
    &quot;self&quot;: &quot;https://t493319102.eu-latest.cumulocity.com/devicecontrol/operations/17367070&quot;,
    &quot;id&quot;: &quot;17367070&quot;,
    &quot;status&quot;: &quot;PENDING&quot;,
    &quot;description&quot;: &quot;Apply software changes, triggered from PySys: [{'action': 'delete', 'id': '5475369', 'name': 'asciijump', 'url': ' ', 'version': '::apt'}, {'action': 'delete', 'id': '5474869', 'name': 'robotfindskitten', 'url': ' ', 'version': '::apt'}, {'action': 'delete', 'id': '5475279', 'name': 'squirrel3', 'url': ' ', 'version': '::apt'}]&quot;,
    &quot;c8y_SoftwareUpdate&quot;: [
        {
            &quot;name&quot;: &quot;asciijump&quot;,
            &quot;action&quot;: &quot;delete&quot;,
            &quot;id&quot;: &quot;5475369&quot;,
            &quot;version&quot;: &quot;::apt&quot;,
            &quot;url&quot;: &quot; &quot;
        },
        {
            &quot;name&quot;: &quot;robotfindskitten&quot;,
            &quot;action&quot;: &quot;delete&quot;,
            &quot;id&quot;: &quot;5474869&quot;,
            &quot;version&quot;: &quot;::apt&quot;,
            &quot;url&quot;: &quot; &quot;
        },
        {
            &quot;name&quot;: &quot;squirrel3&quot;,
            &quot;action&quot;: &quot;delete&quot;,
            &quot;id&quot;: &quot;5475279&quot;,
            &quot;version&quot;: &quot;::apt&quot;,
            &quot;url&quot;: &quot; &quot;
        }
    ]
}
09:42:19 INFO  Started operation: {'creationTime': '2022-04-15T09:42:19.218Z', 'deviceName': 'mythicd', 'deviceId': '17361610', 'self': 'https://t493319102.eu-latest.cumulocity.com/devicecontrol/operations/17367070', 'id': '17367070', 'status': 'PENDING', 'description': &quot;Apply software changes, triggered from PySys: [{'action': 'delete', 'id': '5475369', 'name': 'asciijump', 'url': ' ', 'version': '::apt'}, {'action': 'delete', 'id': '5474869', 'name': 'robotfindskitten', 'url': ' ', 'version': '::apt'}, {'action': 'delete', 'id': '5475279', 'name': 'squirrel3', 'url': ' ', 'version': '::apt'}]&quot;, 'c8y_SoftwareUpdate': [{'name': 'asciijump', 'action': 'delete', 'id': '5475369', 'version': '::apt', 'url': ' '}, {'name': 'robotfindskitten', 'action': 'delete', 'id': '5474869', 'version': '::apt', 'url': ' '}, {'name': 'squirrel3', 'action': 'delete', 'id': '5475279', 'version': '::apt', 'url': ' '}]}
09:42:21 INFO  State of operation 17367070 : PENDING
09:42:23 INFO  State of operation 17367070 : EXECUTING
09:42:25 INFO  State of operation 17367070 : EXECUTING
09:42:28 INFO  State of operation 17367070 : EXECUTING
09:42:30 INFO  State of operation 17367070 : EXECUTING
09:42:32 INFO  State of operation 17367070 : EXECUTING
09:42:35 INFO  State of operation 17367070 : EXECUTING
09:42:38 INFO  State of operation 17367070 : EXECUTING
09:42:40 INFO  State of operation 17367070 : EXECUTING
09:42:43 INFO  State of operation 17367070 : EXECUTING
09:42:45 INFO  State of operation 17367070 : EXECUTING
09:42:47 INFO  State of operation 17367070 : EXECUTING
09:42:49 INFO  State of operation 17367070 : EXECUTING
09:42:52 INFO  State of operation 17367070 : EXECUTING
09:42:54 INFO  State of operation 17367070 : EXECUTING
09:42:56 INFO  State of operation 17367070 : EXECUTING
09:42:59 INFO  State of operation 17367070 : EXECUTING
09:43:01 INFO  State of operation 17367070 : EXECUTING
09:43:04 INFO  State of operation 17367070 : EXECUTING
09:43:06 INFO  State of operation 17367070 : EXECUTING
09:43:09 INFO  State of operation 17367070 : EXECUTING
09:43:11 INFO  State of operation 17367070 : EXECUTING
09:43:13 INFO  State of operation 17367070 : EXECUTING
09:43:15 INFO  State of operation 17367070 : EXECUTING
09:43:18 INFO  State of operation 17367070 : EXECUTING
09:43:20 INFO  State of operation 17367070 : EXECUTING
09:43:23 INFO  State of operation 17367070 : EXECUTING
09:43:25 INFO  State of operation 17367070 : EXECUTING
09:43:28 INFO  State of operation 17367070 : SUCCESSFUL
09:43:28 INFO  Assert that (False == value) with value=False ... passed
09:43:28 INFO  Assert that (False == value) with value=False ... passed
09:43:28 INFO  Assert that (False == value) with value=False ... passed
09:43:28 INFO  Assert that (False == value) with value=False ... passed
09:43:28 INFO  
09:43:28 INFO  cleanup:
09:43:33 INFO  Executed sudo&lt;tedge_disconnect_c8y&gt;, exit status 0
09:43:33 INFO  Executed systemctl&lt;serv_mapper5&gt;, exit status 3
09:43:33 INFO  
09:43:33 INFO  Test duration: 184.43 secs
09:43:33 INFO  Test final outcome:  FAILED
09:43:33 INFO  Test outcome reason: Assert that (False == value) with value=True
09:43:33 INFO  
</system-out>
	</testcase>
</testsuite>
