<?xml version="1.0" encoding="utf-8"?>
<testsuite failures="0" name="apt_remove" skipped="0" tests="1" time="67.67" timestamp="2022-04-07T16:42:50">
	<testcase classname="AptPluginRemoveDense" name="apt_remove"/>
</testsuite>
