<?xml version="1.0" encoding="utf-8"?>
<testsuite failures="1" name="SoftwareManagement.sm_apt_install_remove_multiple" skipped="0" tests="1" time="184.51" timestamp="2022-04-14T10:55:08">
	<testcase classname="PySysTest" name="SoftwareManagement.sm_apt_install_remove_multiple">
		<failure message="FAILED: Assert that (False == value) with value=True" type="FAILED"/>
		<system-out>10:52:03 INFO  ==============================================================
10:52:03 INFO  Id:    SoftwareManagement.sm_apt_install_remove_multiple
10:52:03 INFO  Dir:   software_management_end_to_end/
10:52:03 INFO  Title: Validate end to end behaviour for the apt plugin for multiple packages
10:52:03 INFO  ==============================================================
10:52:03 INFO  Using sw id database: {'asciijump': '5475369', 'robotfindskitten': '5474869', 'squirrel3': '5475279', 'rolldice': '5152439', 'moon-buggy': '5439204', 'apple': '5495053', 'banana': '5494888', 'cherry': '5495382', 'watermelon': '5494510', 'registry': '8018911', 'hello-world': '8021526', 'docker/getting-started': '8021973', 'alpine': '7991792'}
10:52:03 INFO  EnvironmentC8y Setup
10:52:04 INFO  Executed systemctl&lt;serv_mapper1&gt;, exit status 3
10:52:04 INFO  Restarting mosquitto too frequently in the last 10 seconds. It was only up for 4 seconds
10:52:04 INFO  Delaying execution by 7 seconds
10:52:25 INFO  Executed sudo&lt;tedge_connect_c8y&gt;, exit status 0, duration 14 secs
10:52:26 INFO  Executed sudo&lt;tedge_connect_c8y_test&gt;, exit status 0
10:52:26 INFO  Executed systemctl&lt;serv_mosq2&gt;, exit status 0
10:52:27 INFO  Executed systemctl&lt;serv_mapper3&gt;, exit status 0
10:52:29 INFO  State of current operation: SUCCESSFUL
10:52:29 INFO  Assert that (False == value) with value=False ... passed
10:52:30 INFO  Assert that (False == value) with value=False ... passed
10:52:30 INFO  Assert that (False == value) with value=False ... passed
10:52:30 INFO  Package robotfindskitten is installed
10:52:30 WARN  Assert that (False == value) with value=True ... failed 
10:52:30 INFO  Response status: 201
10:52:30 INFO  Response to action: {
    &quot;creationTime&quot;: &quot;2022-04-14T10:52:30.801Z&quot;,
    &quot;deviceName&quot;: &quot;mythicd&quot;,
    &quot;deviceId&quot;: &quot;17331100&quot;,
    &quot;self&quot;: &quot;https://t493319102.eu-latest.cumulocity.com/devicecontrol/operations/17330354&quot;,
    &quot;id&quot;: &quot;17330354&quot;,
    &quot;status&quot;: &quot;PENDING&quot;,
    &quot;description&quot;: &quot;Apply software changes, triggered from PySys: [{'action': 'install', 'id': '5475369', 'name': 'asciijump', 'url': ' ', 'version': '::apt'}, {'action': 'install', 'id': '5474869', 'name': 'robotfindskitten', 'url': ' ', 'version': '::apt'}, {'action': 'install', 'id': '5475279', 'name': 'squirrel3', 'url': ' ', 'version': '::apt'}]&quot;,
    &quot;c8y_SoftwareUpdate&quot;: [
        {
            &quot;name&quot;: &quot;asciijump&quot;,
            &quot;action&quot;: &quot;install&quot;,
            &quot;id&quot;: &quot;5475369&quot;,
            &quot;version&quot;: &quot;::apt&quot;,
            &quot;url&quot;: &quot; &quot;
        },
        {
            &quot;name&quot;: &quot;robotfindskitten&quot;,
            &quot;action&quot;: &quot;install&quot;,
            &quot;id&quot;: &quot;5474869&quot;,
            &quot;version&quot;: &quot;::apt&quot;,
            &quot;url&quot;: &quot; &quot;
        },
        {
            &quot;name&quot;: &quot;squirrel3&quot;,
            &quot;action&quot;: &quot;install&quot;,
            &quot;id&quot;: &quot;5475279&quot;,
            &quot;version&quot;: &quot;::apt&quot;,
            &quot;url&quot;: &quot; &quot;
        }
    ]
}
10:52:30 INFO  Started operation: {'creationTime': '2022-04-14T10:52:30.801Z', 'deviceName': 'mythicd', 'deviceId': '17331100', 'self': 'https://t493319102.eu-latest.cumulocity.com/devicecontrol/operations/17330354', 'id': '17330354', 'status': 'PENDING', 'description': &quot;Apply software changes, triggered from PySys: [{'action': 'install', 'id': '5475369', 'name': 'asciijump', 'url': ' ', 'version': '::apt'}, {'action': 'install', 'id': '5474869', 'name': 'robotfindskitten', 'url': ' ', 'version': '::apt'}, {'action': 'install', 'id': '5475279', 'name': 'squirrel3', 'url': ' ', 'version': '::apt'}]&quot;, 'c8y_SoftwareUpdate': [{'name': 'asciijump', 'action': 'install', 'id': '5475369', 'version': '::apt', 'url': ' '}, {'name': 'robotfindskitten', 'action': 'install', 'id': '5474869', 'version': '::apt', 'url': ' '}, {'name': 'squirrel3', 'action': 'install', 'id': '5475279', 'version': '::apt', 'url': ' '}]}
10:52:33 INFO  State of operation 17330354 : PENDING
10:52:35 INFO  State of operation 17330354 : EXECUTING
10:52:37 INFO  State of operation 17330354 : EXECUTING
10:52:39 INFO  State of operation 17330354 : EXECUTING
10:52:41 INFO  State of operation 17330354 : EXECUTING
10:52:44 INFO  State of operation 17330354 : EXECUTING
10:52:46 INFO  State of operation 17330354 : EXECUTING
10:52:49 INFO  State of operation 17330354 : EXECUTING
10:52:52 INFO  State of operation 17330354 : EXECUTING
10:52:54 INFO  State of operation 17330354 : EXECUTING
10:52:56 INFO  State of operation 17330354 : EXECUTING
10:52:59 INFO  State of operation 17330354 : EXECUTING
10:53:01 INFO  State of operation 17330354 : EXECUTING
10:53:03 INFO  State of operation 17330354 : EXECUTING
10:53:05 INFO  State of operation 17330354 : EXECUTING
10:53:08 INFO  State of operation 17330354 : EXECUTING
10:53:10 INFO  State of operation 17330354 : EXECUTING
10:53:12 INFO  State of operation 17330354 : EXECUTING
10:53:15 INFO  State of operation 17330354 : EXECUTING
10:53:17 INFO  State of operation 17330354 : EXECUTING
10:53:20 INFO  State of operation 17330354 : EXECUTING
10:53:22 INFO  State of operation 17330354 : EXECUTING
10:53:24 INFO  State of operation 17330354 : EXECUTING
10:53:26 INFO  State of operation 17330354 : EXECUTING
10:53:29 INFO  State of operation 17330354 : EXECUTING
10:53:31 INFO  State of operation 17330354 : EXECUTING
10:53:34 INFO  State of operation 17330354 : EXECUTING
10:53:36 INFO  State of operation 17330354 : EXECUTING
10:53:39 INFO  State of operation 17330354 : EXECUTING
10:53:41 INFO  State of operation 17330354 : EXECUTING
10:53:44 INFO  State of operation 17330354 : EXECUTING
10:53:46 INFO  State of operation 17330354 : EXECUTING
10:53:48 INFO  State of operation 17330354 : EXECUTING
10:53:50 INFO  State of operation 17330354 : EXECUTING
10:53:52 INFO  State of operation 17330354 : SUCCESSFUL
10:53:53 INFO  Assert that (False == value) with value=False ... passed
10:53:53 INFO  Package asciijump is installed
10:53:53 INFO  Assert that (True == value) with value=True ... passed
10:53:53 INFO  Package squirrel3 is installed
10:53:53 INFO  Assert that (True == value) with value=True ... passed
10:53:53 INFO  Package robotfindskitten is installed
10:53:53 INFO  Assert that (True == value) with value=True ... passed
10:53:54 INFO  Response status: 201
10:53:54 INFO  Response to action: {
    &quot;creationTime&quot;: &quot;2022-04-14T10:53:54.111Z&quot;,
    &quot;deviceName&quot;: &quot;mythicd&quot;,
    &quot;deviceId&quot;: &quot;17331100&quot;,
    &quot;self&quot;: &quot;https://t493319102.eu-latest.cumulocity.com/devicecontrol/operations/17330356&quot;,
    &quot;id&quot;: &quot;17330356&quot;,
    &quot;status&quot;: &quot;PENDING&quot;,
    &quot;description&quot;: &quot;Apply software changes, triggered from PySys: [{'action': 'delete', 'id': '5475369', 'name': 'asciijump', 'url': ' ', 'version': '::apt'}, {'action': 'delete', 'id': '5474869', 'name': 'robotfindskitten', 'url': ' ', 'version': '::apt'}, {'action': 'delete', 'id': '5475279', 'name': 'squirrel3', 'url': ' ', 'version': '::apt'}]&quot;,
    &quot;c8y_SoftwareUpdate&quot;: [
        {
            &quot;name&quot;: &quot;asciijump&quot;,
            &quot;action&quot;: &quot;delete&quot;,
            &quot;id&quot;: &quot;5475369&quot;,
            &quot;version&quot;: &quot;::apt&quot;,
            &quot;url&quot;: &quot; &quot;
        },
        {
            &quot;name&quot;: &quot;robotfindskitten&quot;,
            &quot;action&quot;: &quot;delete&quot;,
            &quot;id&quot;: &quot;5474869&quot;,
            &quot;version&quot;: &quot;::apt&quot;,
            &quot;url&quot;: &quot; &quot;
        },
        {
            &quot;name&quot;: &quot;squirrel3&quot;,
            &quot;action&quot;: &quot;delete&quot;,
            &quot;id&quot;: &quot;5475279&quot;,
            &quot;version&quot;: &quot;::apt&quot;,
            &quot;url&quot;: &quot; &quot;
        }
    ]
}
10:53:54 INFO  Started operation: {'creationTime': '2022-04-14T10:53:54.111Z', 'deviceName': 'mythicd', 'deviceId': '17331100', 'self': 'https://t493319102.eu-latest.cumulocity.com/devicecontrol/operations/17330356', 'id': '17330356', 'status': 'PENDING', 'description': &quot;Apply software changes, triggered from PySys: [{'action': 'delete', 'id': '5475369', 'name': 'asciijump', 'url': ' ', 'version': '::apt'}, {'action': 'delete', 'id': '5474869', 'name': 'robotfindskitten', 'url': ' ', 'version': '::apt'}, {'action': 'delete', 'id': '5475279', 'name': 'squirrel3', 'url': ' ', 'version': '::apt'}]&quot;, 'c8y_SoftwareUpdate': [{'name': 'asciijump', 'action': 'delete', 'id': '5475369', 'version': '::apt', 'url': ' '}, {'name': 'robotfindskitten', 'action': 'delete', 'id': '5474869', 'version': '::apt', 'url': ' '}, {'name': 'squirrel3', 'action': 'delete', 'id': '5475279', 'version': '::apt', 'url': ' '}]}
10:53:56 INFO  State of operation 17330356 : PENDING
10:53:58 INFO  State of operation 17330356 : EXECUTING
10:54:00 INFO  State of operation 17330356 : EXECUTING
10:54:03 INFO  State of operation 17330356 : EXECUTING
10:54:05 INFO  State of operation 17330356 : EXECUTING
10:54:07 INFO  State of operation 17330356 : EXECUTING
10:54:10 INFO  State of operation 17330356 : EXECUTING
10:54:13 INFO  State of operation 17330356 : EXECUTING
10:54:15 INFO  State of operation 17330356 : EXECUTING
10:54:18 INFO  State of operation 17330356 : EXECUTING
10:54:20 INFO  State of operation 17330356 : EXECUTING
10:54:22 INFO  State of operation 17330356 : EXECUTING
10:54:24 INFO  State of operation 17330356 : EXECUTING
10:54:27 INFO  State of operation 17330356 : EXECUTING
10:54:29 INFO  State of operation 17330356 : EXECUTING
10:54:31 INFO  State of operation 17330356 : EXECUTING
10:54:34 INFO  State of operation 17330356 : EXECUTING
10:54:36 INFO  State of operation 17330356 : EXECUTING
10:54:39 INFO  State of operation 17330356 : EXECUTING
10:54:41 INFO  State of operation 17330356 : EXECUTING
10:54:43 INFO  State of operation 17330356 : EXECUTING
10:54:46 INFO  State of operation 17330356 : EXECUTING
10:54:48 INFO  State of operation 17330356 : EXECUTING
10:54:50 INFO  State of operation 17330356 : EXECUTING
10:54:53 INFO  State of operation 17330356 : EXECUTING
10:54:55 INFO  State of operation 17330356 : EXECUTING
10:54:58 INFO  State of operation 17330356 : EXECUTING
10:55:00 INFO  State of operation 17330356 : EXECUTING
10:55:02 INFO  State of operation 17330356 : SUCCESSFUL
10:55:03 INFO  Assert that (False == value) with value=False ... passed
10:55:03 INFO  Assert that (False == value) with value=False ... passed
10:55:03 INFO  Assert that (False == value) with value=False ... passed
10:55:03 INFO  Assert that (False == value) with value=False ... passed
10:55:03 INFO  
10:55:03 INFO  cleanup:
10:55:07 INFO  Executed sudo&lt;tedge_disconnect_c8y&gt;, exit status 0
10:55:08 INFO  Executed systemctl&lt;serv_mapper5&gt;, exit status 3
10:55:08 INFO  
10:55:08 INFO  Test duration: 184.51 secs
10:55:08 INFO  Test final outcome:  FAILED
10:55:08 INFO  Test outcome reason: Assert that (False == value) with value=True
10:55:08 INFO  
</system-out>
	</testcase>
</testsuite>
