<?xml version="1.0" encoding="utf-8"?>
<testsuite failures="1" name="SoftwareManagement.sm_apt_install_remove_multiple_mixed" skipped="0" tests="1" time="179.41" timestamp="2022-04-12T09:28:21">
	<testcase classname="PySysTest" name="SoftwareManagement.sm_apt_install_remove_multiple_mixed">
		<failure message="BLOCKED: SystemError: Timeout while waiting for status SUCCESSFUL or False" type="BLOCKED"/>
		<system-out>09:25:21 INFO  ==============================================================
09:25:21 INFO  Id:    SoftwareManagement.sm_apt_install_remove_multiple_mixed
09:25:21 INFO  Dir:   software_management_end_to_end/
09:25:21 INFO  Title: Validate end to end behaviour for the apt plugin for multiple packages with mixed versions
09:25:21 INFO  ==============================================================
09:25:21 INFO  Using sw id database: {'asciijump': '5475369', 'robotfindskitten': '5474869', 'squirrel3': '5475279', 'rolldice': '5152439', 'moon-buggy': '5439204', 'apple': '5495053', 'banana': '5494888', 'cherry': '5495382', 'watermelon': '5494510', 'registry': '8018911', 'hello-world': '8021526', 'docker/getting-started': '8021973', 'alpine': '7991792'}
09:25:21 INFO  EnvironmentC8y Setup
09:25:22 INFO  Executed systemctl&lt;serv_mapper1&gt;, exit status 3
09:25:22 INFO  Restarting mosquitto too frequently in the last 10 seconds. It was only up for 4 seconds
09:25:22 INFO  Delaying execution by 7 seconds
09:25:43 INFO  Executed sudo&lt;tedge_connect_c8y&gt;, exit status 0, duration 13 secs
09:25:43 INFO  Executed sudo&lt;tedge_connect_c8y_test&gt;, exit status 0
09:25:44 INFO  Executed systemctl&lt;serv_mosq2&gt;, exit status 0
09:25:44 INFO  Executed systemctl&lt;serv_mapper3&gt;, exit status 0
09:25:47 INFO  State of current operation: SUCCESSFUL
09:25:47 INFO  Assert that (False == value) with value=False ... passed
09:25:47 INFO  Assert that (False == value) with value=False ... passed
09:25:47 INFO  Assert that (False == value) with value=False ... passed
09:25:48 INFO  Assert that (False == value) with value=False ... passed
09:25:48 INFO  Assert that (False == value) with value=False ... passed
09:25:49 INFO  Response status: 201
09:25:49 INFO  Response to action: {
    &quot;creationTime&quot;: &quot;2022-04-12T09:25:49.512Z&quot;,
    &quot;deviceId&quot;: &quot;17193228&quot;,
    &quot;deviceName&quot;: &quot;mythicd&quot;,
    &quot;self&quot;: &quot;https://t493319102.eu-latest.cumulocity.com/devicecontrol/operations/17197503&quot;,
    &quot;id&quot;: &quot;17197503&quot;,
    &quot;status&quot;: &quot;PENDING&quot;,
    &quot;description&quot;: &quot;Apply software changes, triggered from PySys: [{'action': 'install', 'id': '5475369', 'name': 'asciijump', 'url': ' ', 'version': '::apt'}, {'action': 'install', 'id': '5474869', 'name': 'robotfindskitten', 'url': ' ', 'version': ' '}, {'action': 'install', 'id': '5475279', 'name': 'squirrel3', 'url': ' ', 'version': '3.1-7::apt'}, {'action': 'install', 'id': '5152439', 'name': 'rolldice', 'url': ' ', 'version': '1.16-1+b1'}, {'action': 'install', 'id': '5439204', 'name': 'moon-buggy', 'url': ' ', 'version': '1:1.0.51-12'}, {'action': 'install', 'id': '5475369', 'name': 'asciijump', 'url': ' ', 'version': '::apt'}]&quot;,
    &quot;c8y_SoftwareUpdate&quot;: [
        {
            &quot;name&quot;: &quot;asciijump&quot;,
            &quot;action&quot;: &quot;install&quot;,
            &quot;id&quot;: &quot;5475369&quot;,
            &quot;version&quot;: &quot;::apt&quot;,
            &quot;url&quot;: &quot; &quot;
        },
        {
            &quot;name&quot;: &quot;robotfindskitten&quot;,
            &quot;action&quot;: &quot;install&quot;,
            &quot;id&quot;: &quot;5474869&quot;,
            &quot;version&quot;: &quot; &quot;,
            &quot;url&quot;: &quot; &quot;
        },
        {
            &quot;name&quot;: &quot;squirrel3&quot;,
            &quot;action&quot;: &quot;install&quot;,
            &quot;id&quot;: &quot;5475279&quot;,
            &quot;version&quot;: &quot;3.1-7::apt&quot;,
            &quot;url&quot;: &quot; &quot;
        },
        {
            &quot;name&quot;: &quot;rolldice&quot;,
            &quot;action&quot;: &quot;install&quot;,
            &quot;id&quot;: &quot;5152439&quot;,
            &quot;version&quot;: &quot;1.16-1+b1&quot;,
            &quot;url&quot;: &quot; &quot;
        },
        {
            &quot;name&quot;: &quot;moon-buggy&quot;,
            &quot;action&quot;: &quot;install&quot;,
            &quot;id&quot;: &quot;5439204&quot;,
            &quot;version&quot;: &quot;1:1.0.51-12&quot;,
            &quot;url&quot;: &quot; &quot;
        },
        {
            &quot;name&quot;: &quot;asciijump&quot;,
            &quot;action&quot;: &quot;install&quot;,
            &quot;id&quot;: &quot;5475369&quot;,
            &quot;version&quot;: &quot;::apt&quot;,
            &quot;url&quot;: &quot; &quot;
        }
    ]
}
09:25:49 INFO  Started operation: {'creationTime': '2022-04-12T09:25:49.512Z', 'deviceId': '17193228', 'deviceName': 'mythicd', 'self': 'https://t493319102.eu-latest.cumulocity.com/devicecontrol/operations/17197503', 'id': '17197503', 'status': 'PENDING', 'description': &quot;Apply software changes, triggered from PySys: [{'action': 'install', 'id': '5475369', 'name': 'asciijump', 'url': ' ', 'version': '::apt'}, {'action': 'install', 'id': '5474869', 'name': 'robotfindskitten', 'url': ' ', 'version': ' '}, {'action': 'install', 'id': '5475279', 'name': 'squirrel3', 'url': ' ', 'version': '3.1-7::apt'}, {'action': 'install', 'id': '5152439', 'name': 'rolldice', 'url': ' ', 'version': '1.16-1+b1'}, {'action': 'install', 'id': '5439204', 'name': 'moon-buggy', 'url': ' ', 'version': '1:1.0.51-12'}, {'action': 'install', 'id': '5475369', 'name': 'asciijump', 'url': ' ', 'version': '::apt'}]&quot;, 'c8y_SoftwareUpdate': [{'name': 'asciijump', 'action': 'install', 'id': '5475369', 'version': '::apt', 'url': ' '}, {'name': 'robotfindskitten', 'action': 'install', 'id': '5474869', 'version': ' ', 'url': ' '}, {'name': 'squirrel3', 'action': 'install', 'id': '5475279', 'version': '3.1-7::apt', 'url': ' '}, {'name': 'rolldice', 'action': 'install', 'id': '5152439', 'version': '1.16-1+b1', 'url': ' '}, {'name': 'moon-buggy', 'action': 'install', 'id': '5439204', 'version': '1:1.0.51-12', 'url': ' '}, {'name': 'asciijump', 'action': 'install', 'id': '5475369', 'version': '::apt', 'url': ' '}]}
09:25:51 INFO  State of operation 17197503 : PENDING
09:25:54 INFO  State of operation 17197503 : EXECUTING
09:25:56 INFO  State of operation 17197503 : EXECUTING
09:25:58 INFO  State of operation 17197503 : EXECUTING
09:26:00 INFO  State of operation 17197503 : EXECUTING
09:26:02 INFO  State of operation 17197503 : EXECUTING
09:26:05 INFO  State of operation 17197503 : EXECUTING
09:26:08 INFO  State of operation 17197503 : EXECUTING
09:26:11 INFO  State of operation 17197503 : EXECUTING
09:26:13 INFO  State of operation 17197503 : EXECUTING
09:26:15 INFO  State of operation 17197503 : EXECUTING
09:26:17 INFO  State of operation 17197503 : EXECUTING
09:26:19 INFO  State of operation 17197503 : EXECUTING
09:26:22 INFO  State of operation 17197503 : EXECUTING
09:26:24 INFO  State of operation 17197503 : EXECUTING
09:26:26 INFO  State of operation 17197503 : EXECUTING
09:26:29 INFO  State of operation 17197503 : EXECUTING
09:26:31 INFO  State of operation 17197503 : EXECUTING
09:26:34 INFO  State of operation 17197503 : EXECUTING
09:26:36 INFO  State of operation 17197503 : EXECUTING
09:26:38 INFO  State of operation 17197503 : EXECUTING
09:26:41 INFO  State of operation 17197503 : EXECUTING
09:26:43 INFO  State of operation 17197503 : EXECUTING
09:26:46 INFO  State of operation 17197503 : EXECUTING
09:26:48 INFO  State of operation 17197503 : EXECUTING
09:26:50 INFO  State of operation 17197503 : EXECUTING
09:26:53 INFO  State of operation 17197503 : EXECUTING
09:26:55 INFO  State of operation 17197503 : EXECUTING
09:26:58 INFO  State of operation 17197503 : EXECUTING
09:27:00 INFO  State of operation 17197503 : EXECUTING
09:27:02 INFO  State of operation 17197503 : EXECUTING
09:27:05 INFO  State of operation 17197503 : EXECUTING
09:27:07 INFO  State of operation 17197503 : EXECUTING
09:27:09 INFO  State of operation 17197503 : EXECUTING
09:27:11 INFO  State of operation 17197503 : EXECUTING
09:27:13 INFO  State of operation 17197503 : EXECUTING
09:27:16 INFO  State of operation 17197503 : EXECUTING
09:27:18 INFO  State of operation 17197503 : EXECUTING
09:27:21 INFO  State of operation 17197503 : EXECUTING
09:27:23 INFO  State of operation 17197503 : EXECUTING
09:27:26 INFO  State of operation 17197503 : EXECUTING
09:27:28 INFO  State of operation 17197503 : EXECUTING
09:27:30 INFO  State of operation 17197503 : EXECUTING
09:27:32 INFO  State of operation 17197503 : EXECUTING
09:27:35 INFO  State of operation 17197503 : EXECUTING
09:27:37 INFO  State of operation 17197503 : EXECUTING
09:27:39 INFO  State of operation 17197503 : EXECUTING
09:27:41 INFO  State of operation 17197503 : EXECUTING
09:27:44 INFO  State of operation 17197503 : EXECUTING
09:27:47 INFO  State of operation 17197503 : EXECUTING
09:27:49 INFO  State of operation 17197503 : EXECUTING
09:27:51 INFO  State of operation 17197503 : EXECUTING
09:27:53 INFO  State of operation 17197503 : EXECUTING
09:27:56 INFO  State of operation 17197503 : EXECUTING
09:27:58 INFO  State of operation 17197503 : EXECUTING
09:28:01 INFO  State of operation 17197503 : EXECUTING
09:28:03 INFO  State of operation 17197503 : EXECUTING
09:28:06 INFO  State of operation 17197503 : EXECUTING
09:28:08 INFO  State of operation 17197503 : EXECUTING
09:28:11 INFO  State of operation 17197503 : EXECUTING
09:28:13 INFO  State of operation 17197503 : EXECUTING
09:28:15 WARN  SystemError occurred while running test - Timeout while waiting for status SUCCESSFUL or False
Traceback (most recent call last):
  File &quot;/home/pi/env-pysys/lib/python3.7/site-packages/pysys/baserunner.py&quot;, line 1294, in __call__
    self.testObj.execute()
  File &quot;/home/pi/actions-runner/_work/thin-edge.io/thin-edge.io/tests/PySys/software_management_end_to_end/sm_apt_install_remove_multiple_mixed/run.py&quot;, line 89, in execute
    self.wait_until_succcess()
  File &quot;/home/pi/actions-runner/_work/thin-edge.io/thin-edge.io/tests/PySys/software_management_end_to_end/environment_sm_management.py&quot;, line 324, in wait_until_succcess
    self.wait_until_status(&quot;SUCCESSFUL&quot;)
  File &quot;/home/pi/actions-runner/_work/thin-edge.io/thin-edge.io/tests/PySys/software_management_end_to_end/environment_sm_management.py&quot;, line 381, in wait_until_status
    &quot;Timeout while waiting for status %s or %s&quot; % (status, status2)
SystemError: Timeout while waiting for status SUCCESSFUL or False
09:28:15 WARN  SystemError: Timeout while waiting for status SUCCESSFUL or False ... blocked 
09:28:15 INFO  
09:28:15 INFO  cleanup:
09:28:20 INFO  Executed sudo&lt;tedge_disconnect_c8y&gt;, exit status 0
09:28:21 INFO  Executed systemctl&lt;serv_mapper5&gt;, exit status 3
09:28:21 INFO  
09:28:21 INFO  Test duration: 179.41 secs
09:28:21 INFO  Test final outcome:  BLOCKED
09:28:21 INFO  Test outcome reason: SystemError: Timeout while waiting for status SUCCESSFUL or False
09:28:21 INFO  
</system-out>
	</testcase>
</testsuite>
