<?xml version="1.0" encoding="utf-8"?>
<testsuite failures="0" name="apt_prepare" skipped="0" tests="1" time="19.11" timestamp="2022-04-14T10:32:10">
	<testcase classname="AptPluginPrepare" name="apt_prepare"/>
</testsuite>
