<?xml version="1.0" encoding="utf-8"?>
<testsuite failures="0" name="apt_update_list" skipped="0" tests="1" time="153.69" timestamp="2022-04-07T16:51:11">
	<testcase classname="AptPluginUpdateList" name="apt_update_list"/>
</testsuite>
