<?xml version="1.0" encoding="utf-8"?>
<testsuite failures="1" name="SoftwareManagement.sm_apt_install_remove_multiple_mixed" skipped="0" tests="1" time="177.78" timestamp="2022-04-14T10:58:06">
	<testcase classname="PySysTest" name="SoftwareManagement.sm_apt_install_remove_multiple_mixed">
		<failure message="BLOCKED: SystemError: Timeout while waiting for status SUCCESSFUL or False" type="BLOCKED"/>
		<system-out>10:55:08 INFO  ==============================================================
10:55:08 INFO  Id:    SoftwareManagement.sm_apt_install_remove_multiple_mixed
10:55:08 INFO  Dir:   software_management_end_to_end/
10:55:08 INFO  Title: Validate end to end behaviour for the apt plugin for multiple packages with mixed versions
10:55:08 INFO  ==============================================================
10:55:08 INFO  Using sw id database: {'asciijump': '5475369', 'robotfindskitten': '5474869', 'squirrel3': '5475279', 'rolldice': '5152439', 'moon-buggy': '5439204', 'apple': '5495053', 'banana': '5494888', 'cherry': '5495382', 'watermelon': '5494510', 'registry': '8018911', 'hello-world': '8021526', 'docker/getting-started': '8021973', 'alpine': '7991792'}
10:55:08 INFO  EnvironmentC8y Setup
10:55:09 INFO  Executed systemctl&lt;serv_mapper1&gt;, exit status 3
10:55:09 INFO  Restarting mosquitto too frequently in the last 10 seconds. It was only up for 5 seconds
10:55:09 INFO  Delaying execution by 6 seconds
10:55:29 INFO  Executed sudo&lt;tedge_connect_c8y&gt;, exit status 0, duration 13 secs
10:55:29 INFO  Executed sudo&lt;tedge_connect_c8y_test&gt;, exit status 0
10:55:30 INFO  Executed systemctl&lt;serv_mosq2&gt;, exit status 0
10:55:30 INFO  Executed systemctl&lt;serv_mapper3&gt;, exit status 0
10:55:33 INFO  State of current operation: SUCCESSFUL
10:55:33 INFO  Assert that (False == value) with value=False ... passed
10:55:33 INFO  Assert that (False == value) with value=False ... passed
10:55:33 INFO  Assert that (False == value) with value=False ... passed
10:55:34 INFO  Assert that (False == value) with value=False ... passed
10:55:34 INFO  Assert that (False == value) with value=False ... passed
10:55:35 INFO  Response status: 201
10:55:35 INFO  Response to action: {
    &quot;delivery&quot;: {
        &quot;time&quot;: &quot;2022-04-14T10:55:35.753Z&quot;,
        &quot;log&quot;: [],
        &quot;status&quot;: &quot;PENDING&quot;
    },
    &quot;creationTime&quot;: &quot;2022-04-14T10:55:35.736Z&quot;,
    &quot;deviceName&quot;: &quot;mythicd&quot;,
    &quot;deviceId&quot;: &quot;17331100&quot;,
    &quot;self&quot;: &quot;https://t493319102.eu-latest.cumulocity.com/devicecontrol/operations/17330358&quot;,
    &quot;id&quot;: &quot;17330358&quot;,
    &quot;status&quot;: &quot;PENDING&quot;,
    &quot;description&quot;: &quot;Apply software changes, triggered from PySys: [{'action': 'install', 'id': '5475369', 'name': 'asciijump', 'url': ' ', 'version': '::apt'}, {'action': 'install', 'id': '5474869', 'name': 'robotfindskitten', 'url': ' ', 'version': ' '}, {'action': 'install', 'id': '5475279', 'name': 'squirrel3', 'url': ' ', 'version': '3.1-7::apt'}, {'action': 'install', 'id': '5152439', 'name': 'rolldice', 'url': ' ', 'version': '1.16-1+b1'}, {'action': 'install', 'id': '5439204', 'name': 'moon-buggy', 'url': ' ', 'version': '1:1.0.51-12'}, {'action': 'install', 'id': '5475369', 'name': 'asciijump', 'url': ' ', 'version': '::apt'}]&quot;,
    &quot;c8y_SoftwareUpdate&quot;: [
        {
            &quot;name&quot;: &quot;asciijump&quot;,
            &quot;action&quot;: &quot;install&quot;,
            &quot;id&quot;: &quot;5475369&quot;,
            &quot;version&quot;: &quot;::apt&quot;,
            &quot;url&quot;: &quot; &quot;
        },
        {
            &quot;name&quot;: &quot;robotfindskitten&quot;,
            &quot;action&quot;: &quot;install&quot;,
            &quot;id&quot;: &quot;5474869&quot;,
            &quot;version&quot;: &quot; &quot;,
            &quot;url&quot;: &quot; &quot;
        },
        {
            &quot;name&quot;: &quot;squirrel3&quot;,
            &quot;action&quot;: &quot;install&quot;,
            &quot;id&quot;: &quot;5475279&quot;,
            &quot;version&quot;: &quot;3.1-7::apt&quot;,
            &quot;url&quot;: &quot; &quot;
        },
        {
            &quot;name&quot;: &quot;rolldice&quot;,
            &quot;action&quot;: &quot;install&quot;,
            &quot;id&quot;: &quot;5152439&quot;,
            &quot;version&quot;: &quot;1.16-1+b1&quot;,
            &quot;url&quot;: &quot; &quot;
        },
        {
            &quot;name&quot;: &quot;moon-buggy&quot;,
            &quot;action&quot;: &quot;install&quot;,
            &quot;id&quot;: &quot;5439204&quot;,
            &quot;version&quot;: &quot;1:1.0.51-12&quot;,
            &quot;url&quot;: &quot; &quot;
        },
        {
            &quot;name&quot;: &quot;asciijump&quot;,
            &quot;action&quot;: &quot;install&quot;,
            &quot;id&quot;: &quot;5475369&quot;,
            &quot;version&quot;: &quot;::apt&quot;,
            &quot;url&quot;: &quot; &quot;
        }
    ]
}
10:55:35 INFO  Started operation: {'delivery': {'time': '2022-04-14T10:55:35.753Z', 'log': [], 'status': 'PENDING'}, 'creationTime': '2022-04-14T10:55:35.736Z', 'deviceName': 'mythicd', 'deviceId': '17331100', 'self': 'https://t493319102.eu-latest.cumulocity.com/devicecontrol/operations/17330358', 'id': '17330358', 'status': 'PENDING', 'description': &quot;Apply software changes, triggered from PySys: [{'action': 'install', 'id': '5475369', 'name': 'asciijump', 'url': ' ', 'version': '::apt'}, {'action': 'install', 'id': '5474869', 'name': 'robotfindskitten', 'url': ' ', 'version': ' '}, {'action': 'install', 'id': '5475279', 'name': 'squirrel3', 'url': ' ', 'version': '3.1-7::apt'}, {'action': 'install', 'id': '5152439', 'name': 'rolldice', 'url': ' ', 'version': '1.16-1+b1'}, {'action': 'install', 'id': '5439204', 'name': 'moon-buggy', 'url': ' ', 'version': '1:1.0.51-12'}, {'action': 'install', 'id': '5475369', 'name': 'asciijump', 'url': ' ', 'version': '::apt'}]&quot;, 'c8y_SoftwareUpdate': [{'name': 'asciijump', 'action': 'install', 'id': '5475369', 'version': '::apt', 'url': ' '}, {'name': 'robotfindskitten', 'action': 'install', 'id': '5474869', 'version': ' ', 'url': ' '}, {'name': 'squirrel3', 'action': 'install', 'id': '5475279', 'version': '3.1-7::apt', 'url': ' '}, {'name': 'rolldice', 'action': 'install', 'id': '5152439', 'version': '1.16-1+b1', 'url': ' '}, {'name': 'moon-buggy', 'action': 'install', 'id': '5439204', 'version': '1:1.0.51-12', 'url': ' '}, {'name': 'asciijump', 'action': 'install', 'id': '5475369', 'version': '::apt', 'url': ' '}]}
10:55:37 INFO  State of operation 17330358 : PENDING
10:55:40 INFO  State of operation 17330358 : EXECUTING
10:55:42 INFO  State of operation 17330358 : EXECUTING
10:55:44 INFO  State of operation 17330358 : EXECUTING
10:55:46 INFO  State of operation 17330358 : EXECUTING
10:55:49 INFO  State of operation 17330358 : EXECUTING
10:55:51 INFO  State of operation 17330358 : EXECUTING
10:55:54 INFO  State of operation 17330358 : EXECUTING
10:55:56 INFO  State of operation 17330358 : EXECUTING
10:55:59 INFO  State of operation 17330358 : EXECUTING
10:56:01 INFO  State of operation 17330358 : EXECUTING
10:56:03 INFO  State of operation 17330358 : EXECUTING
10:56:05 INFO  State of operation 17330358 : EXECUTING
10:56:07 INFO  State of operation 17330358 : EXECUTING
10:56:10 INFO  State of operation 17330358 : EXECUTING
10:56:12 INFO  State of operation 17330358 : EXECUTING
10:56:14 INFO  State of operation 17330358 : EXECUTING
10:56:16 INFO  State of operation 17330358 : EXECUTING
10:56:19 INFO  State of operation 17330358 : EXECUTING
10:56:21 INFO  State of operation 17330358 : EXECUTING
10:56:24 INFO  State of operation 17330358 : EXECUTING
10:56:26 INFO  State of operation 17330358 : EXECUTING
10:56:29 INFO  State of operation 17330358 : EXECUTING
10:56:31 INFO  State of operation 17330358 : EXECUTING
10:56:33 INFO  State of operation 17330358 : EXECUTING
10:56:36 INFO  State of operation 17330358 : EXECUTING
10:56:38 INFO  State of operation 17330358 : EXECUTING
10:56:41 INFO  State of operation 17330358 : EXECUTING
10:56:43 INFO  State of operation 17330358 : EXECUTING
10:56:45 INFO  State of operation 17330358 : EXECUTING
10:56:48 INFO  State of operation 17330358 : EXECUTING
10:56:50 INFO  State of operation 17330358 : EXECUTING
10:56:52 INFO  State of operation 17330358 : EXECUTING
10:56:54 INFO  State of operation 17330358 : EXECUTING
10:56:57 INFO  State of operation 17330358 : EXECUTING
10:56:59 INFO  State of operation 17330358 : EXECUTING
10:57:01 INFO  State of operation 17330358 : EXECUTING
10:57:03 INFO  State of operation 17330358 : EXECUTING
10:57:05 INFO  State of operation 17330358 : EXECUTING
10:57:08 INFO  State of operation 17330358 : EXECUTING
10:57:11 INFO  State of operation 17330358 : EXECUTING
10:57:13 INFO  State of operation 17330358 : EXECUTING
10:57:16 INFO  State of operation 17330358 : EXECUTING
10:57:18 INFO  State of operation 17330358 : EXECUTING
10:57:20 INFO  State of operation 17330358 : EXECUTING
10:57:22 INFO  State of operation 17330358 : EXECUTING
10:57:25 INFO  State of operation 17330358 : EXECUTING
10:57:27 INFO  State of operation 17330358 : EXECUTING
10:57:29 INFO  State of operation 17330358 : EXECUTING
10:57:32 INFO  State of operation 17330358 : EXECUTING
10:57:34 INFO  State of operation 17330358 : EXECUTING
10:57:36 INFO  State of operation 17330358 : EXECUTING
10:57:39 INFO  State of operation 17330358 : EXECUTING
10:57:41 INFO  State of operation 17330358 : EXECUTING
10:57:43 INFO  State of operation 17330358 : EXECUTING
10:57:46 INFO  State of operation 17330358 : EXECUTING
10:57:48 INFO  State of operation 17330358 : EXECUTING
10:57:51 INFO  State of operation 17330358 : EXECUTING
10:57:53 INFO  State of operation 17330358 : EXECUTING
10:57:55 INFO  State of operation 17330358 : EXECUTING
10:57:57 INFO  State of operation 17330358 : EXECUTING
10:57:59 WARN  SystemError occurred while running test - Timeout while waiting for status SUCCESSFUL or False
Traceback (most recent call last):
  File &quot;/home/pi/env-pysys/lib/python3.7/site-packages/pysys/baserunner.py&quot;, line 1294, in __call__
    self.testObj.execute()
  File &quot;/home/pi/actions-runner/_work/thin-edge.io/thin-edge.io/tests/PySys/software_management_end_to_end/sm_apt_install_remove_multiple_mixed/run.py&quot;, line 89, in execute
    self.wait_until_succcess()
  File &quot;/home/pi/actions-runner/_work/thin-edge.io/thin-edge.io/tests/PySys/software_management_end_to_end/environment_sm_management.py&quot;, line 324, in wait_until_succcess
    self.wait_until_status(&quot;SUCCESSFUL&quot;)
  File &quot;/home/pi/actions-runner/_work/thin-edge.io/thin-edge.io/tests/PySys/software_management_end_to_end/environment_sm_management.py&quot;, line 381, in wait_until_status
    &quot;Timeout while waiting for status %s or %s&quot; % (status, status2)
SystemError: Timeout while waiting for status SUCCESSFUL or False
10:58:00 WARN  SystemError: Timeout while waiting for status SUCCESSFUL or False ... blocked 
10:58:00 INFO  
10:58:00 INFO  cleanup:
10:58:05 INFO  Executed sudo&lt;tedge_disconnect_c8y&gt;, exit status 0
10:58:06 INFO  Executed systemctl&lt;serv_mapper5&gt;, exit status 3
10:58:06 INFO  
10:58:06 INFO  Test duration: 177.78 secs
10:58:06 INFO  Test final outcome:  BLOCKED
10:58:06 INFO  Test outcome reason: SystemError: Timeout while waiting for status SUCCESSFUL or False
10:58:06 INFO  
</system-out>
	</testcase>
</testsuite>
