<?xml version="1.0" encoding="utf-8"?>
<testsuite failures="1" name="SoftwareManagement.sm_apt_install_remove_multiple" skipped="0" tests="1" time="180.21" timestamp="2022-04-12T09:25:21">
	<testcase classname="PySysTest" name="SoftwareManagement.sm_apt_install_remove_multiple">
		<failure message="FAILED: Assert that (False == value) with value=True" type="FAILED"/>
		<system-out>09:22:21 INFO  ==============================================================
09:22:21 INFO  Id:    SoftwareManagement.sm_apt_install_remove_multiple
09:22:21 INFO  Dir:   software_management_end_to_end/
09:22:21 INFO  Title: Validate end to end behaviour for the apt plugin for multiple packages
09:22:21 INFO  ==============================================================
09:22:21 INFO  Using sw id database: {'asciijump': '5475369', 'robotfindskitten': '5474869', 'squirrel3': '5475279', 'rolldice': '5152439', 'moon-buggy': '5439204', 'apple': '5495053', 'banana': '5494888', 'cherry': '5495382', 'watermelon': '5494510', 'registry': '8018911', 'hello-world': '8021526', 'docker/getting-started': '8021973', 'alpine': '7991792'}
09:22:21 INFO  EnvironmentC8y Setup
09:22:22 INFO  Executed systemctl&lt;serv_mapper1&gt;, exit status 3
09:22:22 INFO  Restarting mosquitto too frequently in the last 10 seconds. It was only up for 4 seconds
09:22:22 INFO  Delaying execution by 7 seconds
09:22:43 INFO  Executed sudo&lt;tedge_connect_c8y&gt;, exit status 0, duration 14 secs
09:22:43 INFO  Executed sudo&lt;tedge_connect_c8y_test&gt;, exit status 0
09:22:44 INFO  Executed systemctl&lt;serv_mosq2&gt;, exit status 0
09:22:44 INFO  Executed systemctl&lt;serv_mapper3&gt;, exit status 0
09:22:47 INFO  State of current operation: SUCCESSFUL
09:22:47 INFO  Assert that (False == value) with value=False ... passed
09:22:47 INFO  Assert that (False == value) with value=False ... passed
09:22:47 INFO  Assert that (False == value) with value=False ... passed
09:22:47 INFO  Package robotfindskitten is installed
09:22:48 WARN  Assert that (False == value) with value=True ... failed 
09:22:48 INFO  Response status: 201
09:22:48 INFO  Response to action: {
    &quot;delivery&quot;: {
        &quot;time&quot;: &quot;2022-04-12T09:22:48.244Z&quot;,
        &quot;log&quot;: [],
        &quot;status&quot;: &quot;PENDING&quot;
    },
    &quot;creationTime&quot;: &quot;2022-04-12T09:22:48.224Z&quot;,
    &quot;deviceId&quot;: &quot;17193228&quot;,
    &quot;deviceName&quot;: &quot;mythicd&quot;,
    &quot;self&quot;: &quot;https://t493319102.eu-latest.cumulocity.com/devicecontrol/operations/17197477&quot;,
    &quot;id&quot;: &quot;17197477&quot;,
    &quot;status&quot;: &quot;PENDING&quot;,
    &quot;description&quot;: &quot;Apply software changes, triggered from PySys: [{'action': 'install', 'id': '5475369', 'name': 'asciijump', 'url': ' ', 'version': '::apt'}, {'action': 'install', 'id': '5474869', 'name': 'robotfindskitten', 'url': ' ', 'version': '::apt'}, {'action': 'install', 'id': '5475279', 'name': 'squirrel3', 'url': ' ', 'version': '::apt'}]&quot;,
    &quot;c8y_SoftwareUpdate&quot;: [
        {
            &quot;name&quot;: &quot;asciijump&quot;,
            &quot;action&quot;: &quot;install&quot;,
            &quot;id&quot;: &quot;5475369&quot;,
            &quot;version&quot;: &quot;::apt&quot;,
            &quot;url&quot;: &quot; &quot;
        },
        {
            &quot;name&quot;: &quot;robotfindskitten&quot;,
            &quot;action&quot;: &quot;install&quot;,
            &quot;id&quot;: &quot;5474869&quot;,
            &quot;version&quot;: &quot;::apt&quot;,
            &quot;url&quot;: &quot; &quot;
        },
        {
            &quot;name&quot;: &quot;squirrel3&quot;,
            &quot;action&quot;: &quot;install&quot;,
            &quot;id&quot;: &quot;5475279&quot;,
            &quot;version&quot;: &quot;::apt&quot;,
            &quot;url&quot;: &quot; &quot;
        }
    ]
}
09:22:48 INFO  Started operation: {'delivery': {'time': '2022-04-12T09:22:48.244Z', 'log': [], 'status': 'PENDING'}, 'creationTime': '2022-04-12T09:22:48.224Z', 'deviceId': '17193228', 'deviceName': 'mythicd', 'self': 'https://t493319102.eu-latest.cumulocity.com/devicecontrol/operations/17197477', 'id': '17197477', 'status': 'PENDING', 'description': &quot;Apply software changes, triggered from PySys: [{'action': 'install', 'id': '5475369', 'name': 'asciijump', 'url': ' ', 'version': '::apt'}, {'action': 'install', 'id': '5474869', 'name': 'robotfindskitten', 'url': ' ', 'version': '::apt'}, {'action': 'install', 'id': '5475279', 'name': 'squirrel3', 'url': ' ', 'version': '::apt'}]&quot;, 'c8y_SoftwareUpdate': [{'name': 'asciijump', 'action': 'install', 'id': '5475369', 'version': '::apt', 'url': ' '}, {'name': 'robotfindskitten', 'action': 'install', 'id': '5474869', 'version': '::apt', 'url': ' '}, {'name': 'squirrel3', 'action': 'install', 'id': '5475279', 'version': '::apt', 'url': ' '}]}
09:22:50 INFO  State of operation 17197477 : PENDING
09:22:52 INFO  State of operation 17197477 : EXECUTING
09:22:54 INFO  State of operation 17197477 : EXECUTING
09:22:57 INFO  State of operation 17197477 : EXECUTING
09:22:59 INFO  State of operation 17197477 : EXECUTING
09:23:01 INFO  State of operation 17197477 : EXECUTING
09:23:04 INFO  State of operation 17197477 : EXECUTING
09:23:07 INFO  State of operation 17197477 : EXECUTING
09:23:09 INFO  State of operation 17197477 : EXECUTING
09:23:11 INFO  State of operation 17197477 : EXECUTING
09:23:14 INFO  State of operation 17197477 : EXECUTING
09:23:16 INFO  State of operation 17197477 : EXECUTING
09:23:18 INFO  State of operation 17197477 : EXECUTING
09:23:20 INFO  State of operation 17197477 : EXECUTING
09:23:23 INFO  State of operation 17197477 : EXECUTING
09:23:25 INFO  State of operation 17197477 : EXECUTING
09:23:27 INFO  State of operation 17197477 : EXECUTING
09:23:30 INFO  State of operation 17197477 : EXECUTING
09:23:33 INFO  State of operation 17197477 : EXECUTING
09:23:35 INFO  State of operation 17197477 : EXECUTING
09:23:37 INFO  State of operation 17197477 : EXECUTING
09:23:40 INFO  State of operation 17197477 : EXECUTING
09:23:42 INFO  State of operation 17197477 : EXECUTING
09:23:45 INFO  State of operation 17197477 : EXECUTING
09:23:47 INFO  State of operation 17197477 : EXECUTING
09:23:50 INFO  State of operation 17197477 : EXECUTING
09:23:52 INFO  State of operation 17197477 : EXECUTING
09:23:55 INFO  State of operation 17197477 : EXECUTING
09:23:57 INFO  State of operation 17197477 : EXECUTING
09:24:00 INFO  State of operation 17197477 : EXECUTING
09:24:02 INFO  State of operation 17197477 : EXECUTING
09:24:04 INFO  State of operation 17197477 : EXECUTING
09:24:06 INFO  State of operation 17197477 : EXECUTING
09:24:09 INFO  State of operation 17197477 : SUCCESSFUL
09:24:09 INFO  Assert that (False == value) with value=False ... passed
09:24:09 INFO  Package asciijump is installed
09:24:09 INFO  Assert that (True == value) with value=True ... passed
09:24:09 INFO  Package squirrel3 is installed
09:24:09 INFO  Assert that (True == value) with value=True ... passed
09:24:09 INFO  Package robotfindskitten is installed
09:24:09 INFO  Assert that (True == value) with value=True ... passed
09:24:10 INFO  Response status: 201
09:24:10 INFO  Response to action: {
    &quot;delivery&quot;: {
        &quot;time&quot;: &quot;2022-04-12T09:24:10.180Z&quot;,
        &quot;log&quot;: [],
        &quot;status&quot;: &quot;PENDING&quot;
    },
    &quot;creationTime&quot;: &quot;2022-04-12T09:24:10.167Z&quot;,
    &quot;deviceId&quot;: &quot;17193228&quot;,
    &quot;deviceName&quot;: &quot;mythicd&quot;,
    &quot;self&quot;: &quot;https://t493319102.eu-latest.cumulocity.com/devicecontrol/operations/17197490&quot;,
    &quot;id&quot;: &quot;17197490&quot;,
    &quot;status&quot;: &quot;PENDING&quot;,
    &quot;description&quot;: &quot;Apply software changes, triggered from PySys: [{'action': 'delete', 'id': '5475369', 'name': 'asciijump', 'url': ' ', 'version': '::apt'}, {'action': 'delete', 'id': '5474869', 'name': 'robotfindskitten', 'url': ' ', 'version': '::apt'}, {'action': 'delete', 'id': '5475279', 'name': 'squirrel3', 'url': ' ', 'version': '::apt'}]&quot;,
    &quot;c8y_SoftwareUpdate&quot;: [
        {
            &quot;name&quot;: &quot;asciijump&quot;,
            &quot;action&quot;: &quot;delete&quot;,
            &quot;id&quot;: &quot;5475369&quot;,
            &quot;version&quot;: &quot;::apt&quot;,
            &quot;url&quot;: &quot; &quot;
        },
        {
            &quot;name&quot;: &quot;robotfindskitten&quot;,
            &quot;action&quot;: &quot;delete&quot;,
            &quot;id&quot;: &quot;5474869&quot;,
            &quot;version&quot;: &quot;::apt&quot;,
            &quot;url&quot;: &quot; &quot;
        },
        {
            &quot;name&quot;: &quot;squirrel3&quot;,
            &quot;action&quot;: &quot;delete&quot;,
            &quot;id&quot;: &quot;5475279&quot;,
            &quot;version&quot;: &quot;::apt&quot;,
            &quot;url&quot;: &quot; &quot;
        }
    ]
}
09:24:10 INFO  Started operation: {'delivery': {'time': '2022-04-12T09:24:10.180Z', 'log': [], 'status': 'PENDING'}, 'creationTime': '2022-04-12T09:24:10.167Z', 'deviceId': '17193228', 'deviceName': 'mythicd', 'self': 'https://t493319102.eu-latest.cumulocity.com/devicecontrol/operations/17197490', 'id': '17197490', 'status': 'PENDING', 'description': &quot;Apply software changes, triggered from PySys: [{'action': 'delete', 'id': '5475369', 'name': 'asciijump', 'url': ' ', 'version': '::apt'}, {'action': 'delete', 'id': '5474869', 'name': 'robotfindskitten', 'url': ' ', 'version': '::apt'}, {'action': 'delete', 'id': '5475279', 'name': 'squirrel3', 'url': ' ', 'version': '::apt'}]&quot;, 'c8y_SoftwareUpdate': [{'name': 'asciijump', 'action': 'delete', 'id': '5475369', 'version': '::apt', 'url': ' '}, {'name': 'robotfindskitten', 'action': 'delete', 'id': '5474869', 'version': '::apt', 'url': ' '}, {'name': 'squirrel3', 'action': 'delete', 'id': '5475279', 'version': '::apt', 'url': ' '}]}
09:24:12 INFO  State of operation 17197490 : PENDING
09:24:14 INFO  State of operation 17197490 : EXECUTING
09:24:16 INFO  State of operation 17197490 : EXECUTING
09:24:19 INFO  State of operation 17197490 : EXECUTING
09:24:21 INFO  State of operation 17197490 : EXECUTING
09:24:23 INFO  State of operation 17197490 : EXECUTING
09:24:26 INFO  State of operation 17197490 : EXECUTING
09:24:29 INFO  State of operation 17197490 : EXECUTING
09:24:31 INFO  State of operation 17197490 : EXECUTING
09:24:34 INFO  State of operation 17197490 : EXECUTING
09:24:36 INFO  State of operation 17197490 : EXECUTING
09:24:38 INFO  State of operation 17197490 : EXECUTING
09:24:40 INFO  State of operation 17197490 : EXECUTING
09:24:43 INFO  State of operation 17197490 : EXECUTING
09:24:45 INFO  State of operation 17197490 : EXECUTING
09:24:47 INFO  State of operation 17197490 : EXECUTING
09:24:50 INFO  State of operation 17197490 : EXECUTING
09:24:52 INFO  State of operation 17197490 : EXECUTING
09:24:55 INFO  State of operation 17197490 : EXECUTING
09:24:57 INFO  State of operation 17197490 : EXECUTING
09:24:59 INFO  State of operation 17197490 : EXECUTING
09:25:02 INFO  State of operation 17197490 : EXECUTING
09:25:04 INFO  State of operation 17197490 : EXECUTING
09:25:06 INFO  State of operation 17197490 : EXECUTING
09:25:09 INFO  State of operation 17197490 : EXECUTING
09:25:11 INFO  State of operation 17197490 : EXECUTING
09:25:13 INFO  State of operation 17197490 : EXECUTING
09:25:16 INFO  State of operation 17197490 : SUCCESSFUL
09:25:16 INFO  Assert that (False == value) with value=False ... passed
09:25:16 INFO  Assert that (False == value) with value=False ... passed
09:25:16 INFO  Assert that (False == value) with value=False ... passed
09:25:17 INFO  Assert that (False == value) with value=False ... passed
09:25:17 INFO  
09:25:17 INFO  cleanup:
09:25:21 INFO  Executed sudo&lt;tedge_disconnect_c8y&gt;, exit status 0
09:25:21 INFO  Executed systemctl&lt;serv_mapper5&gt;, exit status 3
09:25:21 INFO  
09:25:21 INFO  Test duration: 180.21 secs
09:25:21 INFO  Test final outcome:  FAILED
09:25:21 INFO  Test outcome reason: Assert that (False == value) with value=True
09:25:21 INFO  
</system-out>
	</testcase>
</testsuite>
