<?xml version="1.0" encoding="utf-8"?>
<testsuite failures="0" name="apt_prepare" skipped="0" tests="1" time="19.67" timestamp="2022-04-15T09:20:33">
	<testcase classname="AptPluginPrepare" name="apt_prepare"/>
</testsuite>
