<?xml version="1.0" encoding="utf-8"?>
<testsuite failures="0" name="apt_remove" skipped="0" tests="1" time="66.73" timestamp="2022-04-15T09:23:18">
	<testcase classname="AptPluginRemoveDense" name="apt_remove"/>
</testsuite>
