<?xml version="1.0" encoding="utf-8"?>
<testsuite failures="0" name="apt_finalize" skipped="0" tests="1" time="161.05" timestamp="2022-04-14T07:08:05">
	<testcase classname="AptPluginFinalize" name="apt_finalize"/>
</testsuite>
