<?xml version="1.0" encoding="utf-8"?>
<testsuite failures="1" name="SoftwareManagement.sm_apt_install_remove_multiple" skipped="0" tests="1" time="184.6" timestamp="2022-04-14T07:35:25">
	<testcase classname="PySysTest" name="SoftwareManagement.sm_apt_install_remove_multiple">
		<failure message="FAILED: Assert that (False == value) with value=True" type="FAILED"/>
		<system-out>07:32:20 INFO  ==============================================================
07:32:20 INFO  Id:    SoftwareManagement.sm_apt_install_remove_multiple
07:32:20 INFO  Dir:   software_management_end_to_end/
07:32:20 INFO  Title: Validate end to end behaviour for the apt plugin for multiple packages
07:32:20 INFO  ==============================================================
07:32:20 INFO  Using sw id database: {'asciijump': '5475369', 'robotfindskitten': '5474869', 'squirrel3': '5475279', 'rolldice': '5152439', 'moon-buggy': '5439204', 'apple': '5495053', 'banana': '5494888', 'cherry': '5495382', 'watermelon': '5494510', 'registry': '8018911', 'hello-world': '8021526', 'docker/getting-started': '8021973', 'alpine': '7991792'}
07:32:20 INFO  EnvironmentC8y Setup
07:32:21 INFO  Executed systemctl&lt;serv_mapper1&gt;, exit status 3
07:32:21 INFO  Restarting mosquitto too frequently in the last 10 seconds. It was only up for 4 seconds
07:32:21 INFO  Delaying execution by 7 seconds
07:32:42 INFO  Executed sudo&lt;tedge_connect_c8y&gt;, exit status 0, duration 13 secs
07:32:43 INFO  Executed sudo&lt;tedge_connect_c8y_test&gt;, exit status 0
07:32:43 INFO  Executed systemctl&lt;serv_mosq2&gt;, exit status 0
07:32:44 INFO  Executed systemctl&lt;serv_mapper3&gt;, exit status 0
07:32:46 INFO  State of current operation: SUCCESSFUL
07:32:46 INFO  Assert that (False == value) with value=False ... passed
07:32:46 INFO  Assert that (False == value) with value=False ... passed
07:32:47 INFO  Assert that (False == value) with value=False ... passed
07:32:47 INFO  Package robotfindskitten is installed
07:32:47 WARN  Assert that (False == value) with value=True ... failed 
07:32:47 INFO  Response status: 201
07:32:47 INFO  Response to action: {
    &quot;creationTime&quot;: &quot;2022-04-14T07:32:47.602Z&quot;,
    &quot;deviceId&quot;: &quot;17294230&quot;,
    &quot;deviceName&quot;: &quot;mythicd&quot;,
    &quot;self&quot;: &quot;https://t493319102.eu-latest.cumulocity.com/devicecontrol/operations/17294889&quot;,
    &quot;id&quot;: &quot;17294889&quot;,
    &quot;status&quot;: &quot;PENDING&quot;,
    &quot;description&quot;: &quot;Apply software changes, triggered from PySys: [{'action': 'install', 'id': '5475369', 'name': 'asciijump', 'url': ' ', 'version': '::apt'}, {'action': 'install', 'id': '5474869', 'name': 'robotfindskitten', 'url': ' ', 'version': '::apt'}, {'action': 'install', 'id': '5475279', 'name': 'squirrel3', 'url': ' ', 'version': '::apt'}]&quot;,
    &quot;c8y_SoftwareUpdate&quot;: [
        {
            &quot;name&quot;: &quot;asciijump&quot;,
            &quot;action&quot;: &quot;install&quot;,
            &quot;id&quot;: &quot;5475369&quot;,
            &quot;version&quot;: &quot;::apt&quot;,
            &quot;url&quot;: &quot; &quot;
        },
        {
            &quot;name&quot;: &quot;robotfindskitten&quot;,
            &quot;action&quot;: &quot;install&quot;,
            &quot;id&quot;: &quot;5474869&quot;,
            &quot;version&quot;: &quot;::apt&quot;,
            &quot;url&quot;: &quot; &quot;
        },
        {
            &quot;name&quot;: &quot;squirrel3&quot;,
            &quot;action&quot;: &quot;install&quot;,
            &quot;id&quot;: &quot;5475279&quot;,
            &quot;version&quot;: &quot;::apt&quot;,
            &quot;url&quot;: &quot; &quot;
        }
    ]
}
07:32:47 INFO  Started operation: {'creationTime': '2022-04-14T07:32:47.602Z', 'deviceId': '17294230', 'deviceName': 'mythicd', 'self': 'https://t493319102.eu-latest.cumulocity.com/devicecontrol/operations/17294889', 'id': '17294889', 'status': 'PENDING', 'description': &quot;Apply software changes, triggered from PySys: [{'action': 'install', 'id': '5475369', 'name': 'asciijump', 'url': ' ', 'version': '::apt'}, {'action': 'install', 'id': '5474869', 'name': 'robotfindskitten', 'url': ' ', 'version': '::apt'}, {'action': 'install', 'id': '5475279', 'name': 'squirrel3', 'url': ' ', 'version': '::apt'}]&quot;, 'c8y_SoftwareUpdate': [{'name': 'asciijump', 'action': 'install', 'id': '5475369', 'version': '::apt', 'url': ' '}, {'name': 'robotfindskitten', 'action': 'install', 'id': '5474869', 'version': '::apt', 'url': ' '}, {'name': 'squirrel3', 'action': 'install', 'id': '5475279', 'version': '::apt', 'url': ' '}]}
07:32:49 INFO  State of operation 17294889 : PENDING
07:32:52 INFO  State of operation 17294889 : EXECUTING
07:32:54 INFO  State of operation 17294889 : EXECUTING
07:32:56 INFO  State of operation 17294889 : EXECUTING
07:32:58 INFO  State of operation 17294889 : EXECUTING
07:33:01 INFO  State of operation 17294889 : EXECUTING
07:33:03 INFO  State of operation 17294889 : EXECUTING
07:33:06 INFO  State of operation 17294889 : EXECUTING
07:33:14 INFO  State of operation 17294889 : EXECUTING
07:33:16 INFO  State of operation 17294889 : EXECUTING
07:33:18 INFO  State of operation 17294889 : EXECUTING
07:33:20 INFO  State of operation 17294889 : EXECUTING
07:33:23 INFO  State of operation 17294889 : EXECUTING
07:33:25 INFO  State of operation 17294889 : EXECUTING
07:33:27 INFO  State of operation 17294889 : EXECUTING
07:33:29 INFO  State of operation 17294889 : EXECUTING
07:33:32 INFO  State of operation 17294889 : EXECUTING
07:33:34 INFO  State of operation 17294889 : EXECUTING
07:33:37 INFO  State of operation 17294889 : EXECUTING
07:33:39 INFO  State of operation 17294889 : EXECUTING
07:33:42 INFO  State of operation 17294889 : EXECUTING
07:33:44 INFO  State of operation 17294889 : EXECUTING
07:33:46 INFO  State of operation 17294889 : EXECUTING
07:33:48 INFO  State of operation 17294889 : EXECUTING
07:33:51 INFO  State of operation 17294889 : EXECUTING
07:33:53 INFO  State of operation 17294889 : EXECUTING
07:33:56 INFO  State of operation 17294889 : EXECUTING
07:33:58 INFO  State of operation 17294889 : EXECUTING
07:34:01 INFO  State of operation 17294889 : EXECUTING
07:34:03 INFO  State of operation 17294889 : EXECUTING
07:34:05 INFO  State of operation 17294889 : EXECUTING
07:34:07 INFO  State of operation 17294889 : EXECUTING
07:34:10 INFO  State of operation 17294889 : SUCCESSFUL
07:34:10 INFO  Assert that (False == value) with value=False ... passed
07:34:10 INFO  Package asciijump is installed
07:34:10 INFO  Assert that (True == value) with value=True ... passed
07:34:10 INFO  Package squirrel3 is installed
07:34:10 INFO  Assert that (True == value) with value=True ... passed
07:34:10 INFO  Package robotfindskitten is installed
07:34:10 INFO  Assert that (True == value) with value=True ... passed
07:34:11 INFO  Response status: 201
07:34:11 INFO  Response to action: {
    &quot;creationTime&quot;: &quot;2022-04-14T07:34:11.134Z&quot;,
    &quot;deviceId&quot;: &quot;17294230&quot;,
    &quot;deviceName&quot;: &quot;mythicd&quot;,
    &quot;self&quot;: &quot;https://t493319102.eu-latest.cumulocity.com/devicecontrol/operations/17294891&quot;,
    &quot;id&quot;: &quot;17294891&quot;,
    &quot;status&quot;: &quot;PENDING&quot;,
    &quot;description&quot;: &quot;Apply software changes, triggered from PySys: [{'action': 'delete', 'id': '5475369', 'name': 'asciijump', 'url': ' ', 'version': '::apt'}, {'action': 'delete', 'id': '5474869', 'name': 'robotfindskitten', 'url': ' ', 'version': '::apt'}, {'action': 'delete', 'id': '5475279', 'name': 'squirrel3', 'url': ' ', 'version': '::apt'}]&quot;,
    &quot;c8y_SoftwareUpdate&quot;: [
        {
            &quot;name&quot;: &quot;asciijump&quot;,
            &quot;action&quot;: &quot;delete&quot;,
            &quot;id&quot;: &quot;5475369&quot;,
            &quot;version&quot;: &quot;::apt&quot;,
            &quot;url&quot;: &quot; &quot;
        },
        {
            &quot;name&quot;: &quot;robotfindskitten&quot;,
            &quot;action&quot;: &quot;delete&quot;,
            &quot;id&quot;: &quot;5474869&quot;,
            &quot;version&quot;: &quot;::apt&quot;,
            &quot;url&quot;: &quot; &quot;
        },
        {
            &quot;name&quot;: &quot;squirrel3&quot;,
            &quot;action&quot;: &quot;delete&quot;,
            &quot;id&quot;: &quot;5475279&quot;,
            &quot;version&quot;: &quot;::apt&quot;,
            &quot;url&quot;: &quot; &quot;
        }
    ]
}
07:34:11 INFO  Started operation: {'creationTime': '2022-04-14T07:34:11.134Z', 'deviceId': '17294230', 'deviceName': 'mythicd', 'self': 'https://t493319102.eu-latest.cumulocity.com/devicecontrol/operations/17294891', 'id': '17294891', 'status': 'PENDING', 'description': &quot;Apply software changes, triggered from PySys: [{'action': 'delete', 'id': '5475369', 'name': 'asciijump', 'url': ' ', 'version': '::apt'}, {'action': 'delete', 'id': '5474869', 'name': 'robotfindskitten', 'url': ' ', 'version': '::apt'}, {'action': 'delete', 'id': '5475279', 'name': 'squirrel3', 'url': ' ', 'version': '::apt'}]&quot;, 'c8y_SoftwareUpdate': [{'name': 'asciijump', 'action': 'delete', 'id': '5475369', 'version': '::apt', 'url': ' '}, {'name': 'robotfindskitten', 'action': 'delete', 'id': '5474869', 'version': '::apt', 'url': ' '}, {'name': 'squirrel3', 'action': 'delete', 'id': '5475279', 'version': '::apt', 'url': ' '}]}
07:34:13 INFO  State of operation 17294891 : PENDING
07:34:15 INFO  State of operation 17294891 : EXECUTING
07:34:17 INFO  State of operation 17294891 : EXECUTING
07:34:20 INFO  State of operation 17294891 : EXECUTING
07:34:22 INFO  State of operation 17294891 : EXECUTING
07:34:24 INFO  State of operation 17294891 : EXECUTING
07:34:27 INFO  State of operation 17294891 : EXECUTING
07:34:30 INFO  State of operation 17294891 : EXECUTING
07:34:33 INFO  State of operation 17294891 : EXECUTING
07:34:35 INFO  State of operation 17294891 : EXECUTING
07:34:37 INFO  State of operation 17294891 : EXECUTING
07:34:39 INFO  State of operation 17294891 : EXECUTING
07:34:42 INFO  State of operation 17294891 : EXECUTING
07:34:44 INFO  State of operation 17294891 : EXECUTING
07:34:46 INFO  State of operation 17294891 : EXECUTING
07:34:48 INFO  State of operation 17294891 : EXECUTING
07:34:51 INFO  State of operation 17294891 : EXECUTING
07:34:54 INFO  State of operation 17294891 : EXECUTING
07:34:56 INFO  State of operation 17294891 : EXECUTING
07:34:58 INFO  State of operation 17294891 : EXECUTING
07:35:01 INFO  State of operation 17294891 : EXECUTING
07:35:03 INFO  State of operation 17294891 : EXECUTING
07:35:05 INFO  State of operation 17294891 : EXECUTING
07:35:07 INFO  State of operation 17294891 : EXECUTING
07:35:10 INFO  State of operation 17294891 : EXECUTING
07:35:12 INFO  State of operation 17294891 : EXECUTING
07:35:15 INFO  State of operation 17294891 : EXECUTING
07:35:17 INFO  State of operation 17294891 : EXECUTING
07:35:19 INFO  State of operation 17294891 : SUCCESSFUL
07:35:20 INFO  Assert that (False == value) with value=False ... passed
07:35:20 INFO  Assert that (False == value) with value=False ... passed
07:35:20 INFO  Assert that (False == value) with value=False ... passed
07:35:20 INFO  Assert that (False == value) with value=False ... passed
07:35:20 INFO  
07:35:20 INFO  cleanup:
07:35:25 INFO  Executed sudo&lt;tedge_disconnect_c8y&gt;, exit status 0
07:35:25 INFO  Executed systemctl&lt;serv_mapper5&gt;, exit status 3
07:35:25 INFO  
07:35:25 INFO  Test duration: 184.60 secs
07:35:25 INFO  Test final outcome:  FAILED
07:35:25 INFO  Test outcome reason: Assert that (False == value) with value=True
07:35:25 INFO  
</system-out>
	</testcase>
</testsuite>
