<?xml version="1.0" encoding="utf-8"?>
<testsuite failures="0" name="pysys_fail" skipped="1" tests="1" time="0.02" timestamp="2022-04-11T09:40:48">
	<testcase classname="Fail" name="pysys_fail">
		<skipped message="SKIPPED: Enable this to observe a failing test"/>
		<system-out>09:40:48 DEBUG deletedir failed to update permissions and delete /home/pi/actions-runner/_work/thin-edge.io/thin-edge.io/tests/PySys/misc_features/pysys_fail/Output/linux on this attempt: [Errno 2] No such file or directory: '/home/pi/actions-runner/_work/thin-edge.io/thin-edge.io/tests/PySys/misc_features/pysys_fail/Output/linux'
09:40:48 INFO  ==============================================================
09:40:48 INFO  Id:    pysys_fail
09:40:48 INFO  Dir:   misc_features/
09:40:48 INFO  Title: fail
09:40:48 DEBUG Execution order hint: 0.0
09:40:48 INFO  ==============================================================
09:40:48 INFO  Enable this to observe a failing test ... skipped
09:40:48 DEBUG --- test cleanup
09:40:48 DEBUG ProcessUser cleanup function done.
09:40:48 INFO  
09:40:48 INFO  Test duration: 0.02 secs
09:40:48 INFO  Test final outcome:  SKIPPED
09:40:48 INFO  Test outcome reason: Enable this to observe a failing test
09:40:48 INFO  
</system-out>
	</testcase>
</testsuite>
