<?xml version="1.0" encoding="utf-8"?>
<testsuite failures="0" name="local_mqtt_pub_sub_retain" skipped="0" tests="1" time="5.82" timestamp="2022-04-14T10:04:59">
	<testcase classname="MqttPublishWithRetain" name="local_mqtt_pub_sub_retain"/>
</testsuite>
