<?xml version="1.0" encoding="utf-8"?>
<testsuite failures="0" name="apt_install_local_file" skipped="1" tests="1" time="0.03" timestamp="2022-04-08T09:44:13">
	<testcase classname="AptPluginInstallFromLocalFile" name="apt_install_local_file">
		<skipped message="SKIPPED: Testing the apt plugin is not supported on this platform.To run the tests call PySys with -XmyPlatform='container'"/>
		<system-out>09:44:13 DEBUG deletedir failed to update permissions and delete /home/pi/actions-runner/_work/thin-edge.io/thin-edge.io/tests/PySys/plugin_apt/apt_install_local_file/Output/linux on this attempt: [Errno 2] No such file or directory: '/home/pi/actions-runner/_work/thin-edge.io/thin-edge.io/tests/PySys/plugin_apt/apt_install_local_file/Output/linux'
09:44:13 INFO  ==============================================================
09:44:13 INFO  Id:    apt_install_local_file
09:44:13 INFO  Dir:   plugin_apt/
09:44:13 INFO  Title: Validate apt plugin install from local file - SUCCESS case
09:44:13 DEBUG Execution order hint: 0.0
09:44:13 INFO  ==============================================================
09:44:13 INFO  Testing the apt plugin is not supported on this platform.To run the tests call PySys with -XmyPlatform='container' ... skipped
09:44:13 WARN  Aborted test due to SKIPPED outcome
09:44:13 DEBUG --- test cleanup
09:44:13 DEBUG ProcessUser cleanup function done.
09:44:13 INFO  
09:44:13 INFO  Test duration: 0.03 secs
09:44:13 INFO  Test final outcome:  SKIPPED
09:44:13 INFO  Test outcome reason: Testing the apt plugin is not supported on this platform.To run the tests call PySys with -XmyPlatform='container'
09:44:13 INFO  
</system-out>
	</testcase>
</testsuite>
