<?xml version="1.0" encoding="utf-8"?>
<testsuite failures="0" name="SoftwareManagement.sm_apt_install_download_path" skipped="1" tests="1" time="0.06" timestamp="2022-04-12T08:48:37">
	<testcase classname="AptInstallWithDownloadPath" name="SoftwareManagement.sm_apt_install_download_path">
		<skipped message="SKIPPED: Testing the apt plugin is not supported on this platform.Use parameter -XmyPlatform='container' to enable it"/>
		<system-out>08:48:37 INFO  ==============================================================
08:48:37 INFO  Id:    SoftwareManagement.sm_apt_install_download_path
08:48:37 INFO  Dir:   software_management_end_to_end/
08:48:37 INFO  Title: Install package to directory specified in tedge config set tmp.path
08:48:37 INFO  ==============================================================
08:48:37 INFO  Testing the apt plugin is not supported on this platform.Use parameter -XmyPlatform='container' to enable it ... skipped
08:48:37 WARN  Aborted test due to SKIPPED outcome
08:48:37 INFO  
08:48:37 INFO  Test duration: 0.06 secs
08:48:37 INFO  Test final outcome:  SKIPPED
08:48:37 INFO  Test outcome reason: Testing the apt plugin is not supported on this platform.Use parameter -XmyPlatform='container' to enable it
08:48:37 INFO  
</system-out>
	</testcase>
</testsuite>
