<?xml version="1.0" encoding="utf-8"?>
<testsuite failures="0" name="smoketest_smartrest" skipped="0" tests="1" time="47.79" timestamp="2022-04-13T07:51:36">
	<testcase classname="SmoketestSmartRest" name="smoketest_smartrest"/>
</testsuite>
