<?xml version="1.0" encoding="utf-8"?>
<testsuite failures="0" name="smoketest_smartrest_400_samples_1Xms" skipped="0" tests="1" time="107.94" timestamp="2022-04-14T10:15:40">
	<testcase classname="SmoketestSmartRest400Samples1Xms" name="smoketest_smartrest_400_samples_1Xms"/>
</testsuite>
