<?xml version="1.0" encoding="utf-8"?>
<testsuite failures="0" name="mqtt_port_set" skipped="0" tests="1" time="20.09" timestamp="2022-04-12T16:03:39">
	<testcase classname="MqttPortSet" name="mqtt_port_set"/>
</testsuite>
