<?xml version="1.0" encoding="utf-8"?>
<testsuite failures="0" name="SoftwareManagement.sm_mixed_install_remove_multiple" skipped="1" tests="1" time="0.02" timestamp="2022-04-12T08:48:38">
	<testcase classname="PySysTest" name="SoftwareManagement.sm_mixed_install_remove_multiple">
		<skipped message="SKIPPED: Testing the fake plugin is not enabled.Use parameter -Xfakeplugin=fakeplugin to enable it"/>
		<system-out>08:48:38 INFO  ==============================================================
08:48:38 INFO  Id:    SoftwareManagement.sm_mixed_install_remove_multiple
08:48:38 INFO  Dir:   software_management_end_to_end/
08:48:38 INFO  Title: Validate end to end behaviour for the dummy-plugin for multiple packages with mixed versions
08:48:38 INFO  ==============================================================
08:48:38 INFO  Testing the fake plugin is not enabled.Use parameter -Xfakeplugin=fakeplugin to enable it ... skipped
08:48:38 WARN  Aborted test due to SKIPPED outcome
08:48:38 INFO  
08:48:38 INFO  Test duration: 0.02 secs
08:48:38 INFO  Test final outcome:  SKIPPED
08:48:38 INFO  Test outcome reason: Testing the fake plugin is not enabled.Use parameter -Xfakeplugin=fakeplugin to enable it
08:48:38 INFO  
</system-out>
	</testcase>
</testsuite>
