<?xml version="1.0" encoding="utf-8"?>
<testsuite failures="0" name="docker_plugin_remove" skipped="1" tests="1" time="0.02" timestamp="2022-04-14T06:48:16">
	<testcase classname="DockerPluginRemoveTest" name="docker_plugin_remove">
		<skipped message="SKIPPED: Testing the docker plugin is not supported on this platform.To run it, all the test with -XmyPlatform='container'"/>
		<system-out>06:48:16 INFO  ==============================================================
06:48:16 INFO  Id:    docker_plugin_remove
06:48:16 INFO  Dir:   plugin_docker/
06:48:16 INFO  Title: Validate docker plugin remove
06:48:16 INFO  ==============================================================
06:48:16 INFO  Testing the docker plugin is not supported on this platform.To run it, all the test with -XmyPlatform='container' ... skipped
06:48:16 WARN  Aborted test due to SKIPPED outcome
06:48:16 INFO  
06:48:16 INFO  Test duration: 0.02 secs
06:48:16 INFO  Test final outcome:  SKIPPED
06:48:16 INFO  Test outcome reason: Testing the docker plugin is not supported on this platform.To run it, all the test with -XmyPlatform='container'
06:48:16 INFO  
</system-out>
	</testcase>
</testsuite>
