<?xml version="1.0" encoding="utf-8"?>
<testsuite failures="0" name="SoftwareManagement.Plugin.apama_plugin_remove" skipped="1" tests="1" time="0.02" timestamp="2022-04-12T08:37:22">
	<testcase classname="ApamaPluginRemoveTest" name="SoftwareManagement.Plugin.apama_plugin_remove">
		<skipped message="SKIPPED: Apama plugin tests are disabled by default. Execute `pysys run` with `-XmyPlatform=container` to run these tests"/>
		<system-out>08:37:22 INFO  ==============================================================
08:37:22 INFO  Id:    SoftwareManagement.Plugin.apama_plugin_remove
08:37:22 INFO  Dir:   plugin_apama/
08:37:22 INFO  Title: Validate apama plugin remove
08:37:22 INFO  ==============================================================
08:37:22 INFO  Apama plugin tests are disabled by default. Execute `pysys run` with `-XmyPlatform=container` to run these tests ... skipped
08:37:22 WARN  Aborted test due to SKIPPED outcome
08:37:22 INFO  
08:37:22 INFO  Test duration: 0.02 secs
08:37:22 INFO  Test final outcome:  SKIPPED
08:37:22 INFO  Test outcome reason: Apama plugin tests are disabled by default. Execute `pysys run` with `-XmyPlatform=container` to run these tests
08:37:22 INFO  
</system-out>
	</testcase>
</testsuite>
