<?xml version="1.0" encoding="utf-8"?>
<testsuite failures="0" name="pysys_fail" skipped="1" tests="1" time="0.02" timestamp="2022-04-07T16:14:17">
	<testcase classname="Fail" name="pysys_fail">
		<skipped message="SKIPPED: Enable this to observe a failing test"/>
		<system-out>16:14:17 DEBUG deletedir failed to update permissions and delete /home/pi/actions-runner/_work/thin-edge.io/thin-edge.io/tests/PySys/misc_features/pysys_fail/Output/linux on this attempt: [Errno 2] No such file or directory: '/home/pi/actions-runner/_work/thin-edge.io/thin-edge.io/tests/PySys/misc_features/pysys_fail/Output/linux'
16:14:17 INFO  ==============================================================
16:14:17 INFO  Id:    pysys_fail
16:14:17 INFO  Dir:   misc_features/
16:14:17 INFO  Title: fail
16:14:17 DEBUG Execution order hint: 0.0
16:14:17 INFO  ==============================================================
16:14:17 INFO  Enable this to observe a failing test ... skipped
16:14:17 DEBUG --- test cleanup
16:14:17 DEBUG ProcessUser cleanup function done.
16:14:17 INFO  
16:14:17 INFO  Test duration: 0.02 secs
16:14:17 INFO  Test final outcome:  SKIPPED
16:14:17 INFO  Test outcome reason: Enable this to observe a failing test
16:14:17 INFO  
</system-out>
	</testcase>
</testsuite>
