<?xml version="1.0" encoding="utf-8"?>
<testsuite failures="0" name="publish_sawmill" skipped="0" tests="1" time="79.4" timestamp="2022-04-08T09:46:50">
	<testcase classname="PublishSawmill" name="publish_sawmill"/>
</testsuite>
