<?xml version="1.0" encoding="utf-8"?>
<testsuite failures="1" name="log_request_num_lines" skipped="0" tests="1" time="31.12" timestamp="2022-04-14T06:46:41">
	<testcase classname="LogRequestVerifyNumberOfLines" name="log_request_num_lines">
		<failure message="BLOCKED: SystemError: field id is missing in response" type="BLOCKED"/>
		<system-out>06:46:09 INFO  ==============================================================
06:46:09 INFO  Id:    log_request_num_lines
06:46:09 INFO  Dir:   log_request_end_to_end/
06:46:09 INFO  Title: Validate end to end behaviour for the log request operation check for number of lines
06:46:09 INFO  ==============================================================
06:46:09 INFO  EnvironmentC8y Setup
06:46:10 INFO  Executed systemctl&lt;serv_mapper1&gt;, exit status 3
06:46:10 INFO  Restarting mosquitto too frequently in the last 10 seconds. It was only up for 4 seconds
06:46:10 INFO  Delaying execution by 7 seconds
06:46:31 INFO  Executed sudo&lt;tedge_connect_c8y&gt;, exit status 0, duration 14 secs
06:46:32 INFO  Executed sudo&lt;tedge_connect_c8y_test&gt;, exit status 0
06:46:32 INFO  Executed systemctl&lt;serv_mosq2&gt;, exit status 0
06:46:33 INFO  Executed systemctl&lt;serv_mapper3&gt;, exit status 0
06:46:33 INFO  Executed sudo&lt;rm_logs&gt;, exit status 0
06:46:34 INFO  Executed sudo&lt;move_logs&gt;, exit status 0
06:46:34 WARN  SystemError occurred while running test - field id is missing in response
Traceback (most recent call last):
  File &quot;/home/pi/env-pysys/lib/python3.7/site-packages/pysys/baserunner.py&quot;, line 1294, in __call__
    self.testObj.execute()
  File &quot;/home/pi/actions-runner/_work/thin-edge.io/thin-edge.io/tests/PySys/log_request_end_to_end/log_request_num_lines/run.py&quot;, line 40, in execute
    log_file_request_payload, self.project.deviceid
  File &quot;/home/pi/actions-runner/_work/thin-edge.io/thin-edge.io/tests/PySys/environments/cumulocity.py&quot;, line 115, in trigger_log_request
    raise SystemError(&quot;field id is missing in response&quot;)
SystemError: field id is missing in response
06:46:34 WARN  SystemError: field id is missing in response ... blocked 
06:46:34 INFO  
06:46:34 INFO  cleanup:
06:46:35 INFO  Executed sudo&lt;rm_logs&gt;, exit status 0
06:46:36 INFO  Executed sudo&lt;rm_tmp_logs&gt;, exit status 0
06:46:36 INFO  Executed sudo&lt;send_failed&gt;, exit status 0
06:46:40 INFO  Executed sudo&lt;tedge_disconnect_c8y&gt;, exit status 0
06:46:41 INFO  Executed systemctl&lt;serv_mapper5&gt;, exit status 3
06:46:41 INFO  
06:46:41 INFO  Test duration: 31.12 secs
06:46:41 INFO  Test final outcome:  BLOCKED
06:46:41 INFO  Test outcome reason: SystemError: field id is missing in response
06:46:41 INFO  
</system-out>
	</testcase>
</testsuite>
