<?xml version="1.0" encoding="utf-8"?>
<testsuite failures="0" name="publish_sawmill" skipped="0" tests="1" time="79.28" timestamp="2022-04-12T08:39:59">
	<testcase classname="PublishSawmill" name="publish_sawmill"/>
</testsuite>
