<?xml version="1.0" encoding="utf-8"?>
<testsuite failures="0" name="apt_install_local_file_fail" skipped="1" tests="1" time="0.03" timestamp="2022-04-14T10:07:41">
	<testcase classname="AptPluginInstallFromLocalFileFail" name="apt_install_local_file_fail">
		<skipped message="SKIPPED: Testing the apt plugin is not supported on this platform.To run the tests call PySys with -XmyPlatform='container'"/>
		<system-out>10:07:41 INFO  ==============================================================
10:07:41 INFO  Id:    apt_install_local_file_fail
10:07:41 INFO  Dir:   plugin_apt/
10:07:41 INFO  Title: Validate apt plugin install from local file - FAIL case
10:07:41 INFO  ==============================================================
10:07:41 INFO  Testing the apt plugin is not supported on this platform.To run the tests call PySys with -XmyPlatform='container' ... skipped
10:07:41 WARN  Aborted test due to SKIPPED outcome
10:07:41 INFO  
10:07:41 INFO  Test duration: 0.03 secs
10:07:41 INFO  Test final outcome:  SKIPPED
10:07:41 INFO  Test outcome reason: Testing the apt plugin is not supported on this platform.To run the tests call PySys with -XmyPlatform='container'
10:07:41 INFO  
</system-out>
	</testcase>
</testsuite>
