<?xml version="1.0" encoding="utf-8"?>
<testsuite failures="0" name="mqtt_port_unset" skipped="0" tests="1" time="1.57" timestamp="2022-04-12T08:36:07">
	<testcase classname="MqttPortUnSet" name="mqtt_port_unset"/>
</testsuite>
