<?xml version="1.0" encoding="utf-8"?>
<testsuite failures="1" name="smoketest_smartrest" skipped="0" tests="1" time="49.4" timestamp="2022-04-14T06:54:16">
	<testcase classname="SmoketestSmartRest" name="smoketest_smartrest">
		<failure message="BLOCKED: python3&lt;stdout&gt; returned non-zero exit code 1" type="BLOCKED"/>
		<system-out>06:53:26 INFO  ==============================================================
06:53:26 INFO  Id:    smoketest_smartrest
06:53:26 INFO  Dir:   smoketests/
06:53:26 INFO  Title: Smoketest SmartREST
06:53:26 INFO  ==============================================================
06:53:26 INFO  EnvironmentC8y Setup
06:53:27 INFO  Executed systemctl&lt;serv_mapper1&gt;, exit status 3
06:53:27 INFO  Restarting mosquitto too frequently in the last 10 seconds. It was only up for 4 seconds
06:53:27 INFO  Delaying execution by 7 seconds
06:53:49 INFO  Executed sudo&lt;tedge_connect_c8y&gt;, exit status 0, duration 14 secs
06:53:49 INFO  Executed sudo&lt;tedge_connect_c8y_test&gt;, exit status 0
06:53:50 INFO  Executed systemctl&lt;serv_mosq2&gt;, exit status 0
06:53:50 INFO  Executed systemctl&lt;serv_mapper3&gt;, exit status 0
06:54:11 WARN  Executed python3&lt;stdout&gt;, exit status 1
06:54:11 INFO  Contents of stdout.out: 
  Act: Publishing values with tedge pub
  Waiting 3s for values to arrive in C8y
  Assert: Retrieving data via REST interface
  Gathering values from 2022-04-14 06:54:00+00:00 to 2022-04-14 06:54:10+00:00
  Found 0 recorded values:
  Retrieved values:
  Expected:  0.0  ...  19.0
  Data verification FAILED
  -----

06:54:11 WARN  python3&lt;stdout&gt; returned non-zero exit code 1 ... blocked 
06:54:11 WARN  Aborted test due to BLOCKED outcome
06:54:11 INFO  
06:54:11 INFO  cleanup:
06:54:15 INFO  Executed sudo&lt;tedge_disconnect_c8y&gt;, exit status 0
06:54:16 INFO  Executed systemctl&lt;serv_mapper5&gt;, exit status 3
06:54:16 INFO  
06:54:16 INFO  Test duration: 49.40 secs
06:54:16 INFO  Test final outcome:  BLOCKED
06:54:16 INFO  Test outcome reason: python3&lt;stdout&gt; returned non-zero exit code 1
06:54:16 INFO  
</system-out>
	</testcase>
</testsuite>
