<?xml version="1.0" encoding="utf-8"?>
<testsuite failures="0" name="apt_wrong_option" skipped="1" tests="1" time="0.02" timestamp="2022-04-11T09:41:55">
	<testcase classname="AptPluginWrongOption" name="apt_wrong_option">
		<skipped message="SKIPPED: Testing the apt plugin is not supported on this platform.To run the tests call PySys with -XmyPlatform='container'"/>
		<system-out>09:41:55 DEBUG deletedir failed to update permissions and delete /home/pi/actions-runner/_work/thin-edge.io/thin-edge.io/tests/PySys/plugin_apt/apt_wrong_option/Output/linux on this attempt: [Errno 2] No such file or directory: '/home/pi/actions-runner/_work/thin-edge.io/thin-edge.io/tests/PySys/plugin_apt/apt_wrong_option/Output/linux'
09:41:55 INFO  ==============================================================
09:41:55 INFO  Id:    apt_wrong_option
09:41:55 INFO  Dir:   plugin_apt/
09:41:55 INFO  Title: Validate apt plugin install
09:41:55 DEBUG Execution order hint: 0.0
09:41:55 INFO  ==============================================================
09:41:55 INFO  Testing the apt plugin is not supported on this platform.To run the tests call PySys with -XmyPlatform='container' ... skipped
09:41:55 WARN  Aborted test due to SKIPPED outcome
09:41:55 DEBUG --- test cleanup
09:41:55 DEBUG ProcessUser cleanup function done.
09:41:55 INFO  
09:41:55 INFO  Test duration: 0.02 secs
09:41:55 INFO  Test final outcome:  SKIPPED
09:41:55 INFO  Test outcome reason: Testing the apt plugin is not supported on this platform.To run the tests call PySys with -XmyPlatform='container'
09:41:55 INFO  
</system-out>
	</testcase>
</testsuite>
