<?xml version="1.0" encoding="utf-8"?>
<testsuite failures="0" name="docker_plugin_update" skipped="1" tests="1" time="0.02" timestamp="2022-04-12T16:05:00">
	<testcase classname="DockerPluginUpdateTest" name="docker_plugin_update">
		<skipped message="SKIPPED: Testing the docker plugin is not supported on this platform.To run it, all the test with -XmyPlatform='container'"/>
		<system-out>16:05:00 INFO  ==============================================================
16:05:00 INFO  Id:    docker_plugin_update
16:05:00 INFO  Dir:   plugin_docker/
16:05:00 INFO  Title: Validate docker plugin install updates existing containers
16:05:00 INFO  ==============================================================
16:05:00 INFO  Testing the docker plugin is not supported on this platform.To run it, all the test with -XmyPlatform='container' ... skipped
16:05:00 WARN  Aborted test due to SKIPPED outcome
16:05:00 INFO  
16:05:00 INFO  Test duration: 0.02 secs
16:05:00 INFO  Test final outcome:  SKIPPED
16:05:00 INFO  Test outcome reason: Testing the docker plugin is not supported on this platform.To run it, all the test with -XmyPlatform='container'
16:05:00 INFO  
</system-out>
	</testcase>
</testsuite>
