<?xml version="1.0" encoding="utf-8"?>
<testsuite failures="0" name="tedge_agent_user_sudo_access" skipped="1" tests="1" time="0.02" timestamp="2022-04-08T09:55:53">
	<testcase classname="TedgeAgentUserSudoAccess" name="tedge_agent_user_sudo_access">
		<skipped message="SKIPPED: #955 Observation: Exit code of the apt plugin when called with no arguments"/>
		<system-out>09:55:53 DEBUG deletedir failed to update permissions and delete /home/pi/actions-runner/_work/thin-edge.io/thin-edge.io/tests/PySys/tedge/tedge_agent_user_sudo_access/Output/linux on this attempt: [Errno 2] No such file or directory: '/home/pi/actions-runner/_work/thin-edge.io/thin-edge.io/tests/PySys/tedge/tedge_agent_user_sudo_access/Output/linux'
09:55:53 INFO  ==============================================================
09:55:53 INFO  Id:    tedge_agent_user_sudo_access
09:55:53 INFO  Dir:   tedge/
09:55:53 INFO  Title: Validate tedge-agent user has a limited sudo right
09:55:53 DEBUG Execution order hint: 0.0
09:55:53 INFO  ==============================================================
09:55:53 INFO  #955 Observation: Exit code of the apt plugin when called with no arguments ... skipped
09:55:53 DEBUG --- test cleanup
09:55:53 DEBUG ProcessUser cleanup function done.
09:55:53 INFO  
09:55:53 INFO  Test duration: 0.02 secs
09:55:53 INFO  Test final outcome:  SKIPPED
09:55:53 INFO  Test outcome reason: #955 Observation: Exit code of the apt plugin when called with no arguments
09:55:53 INFO  
</system-out>
	</testcase>
</testsuite>
