<?xml version="1.0" encoding="utf-8"?>
<testsuite failures="0" name="apt_sequence_remove" skipped="1" tests="1" time="0.02" timestamp="2022-04-13T07:45:32">
	<testcase classname="AptPluginInstallPrepareRemoveFinalize" name="apt_sequence_remove">
		<skipped message="SKIPPED: Testing the apt plugin is not supported on this platform.To run the tests call PySys with -XmyPlatform='container'"/>
		<system-out>07:45:32 INFO  ==============================================================
07:45:32 INFO  Id:    apt_sequence_remove
07:45:32 INFO  Dir:   plugin_apt/
07:45:32 INFO  Title: Validate apt plugin prepare install remove finalize use case
07:45:32 INFO  ==============================================================
07:45:32 INFO  Testing the apt plugin is not supported on this platform.To run the tests call PySys with -XmyPlatform='container' ... skipped
07:45:32 WARN  Aborted test due to SKIPPED outcome
07:45:32 INFO  
07:45:32 INFO  Test duration: 0.02 secs
07:45:32 INFO  Test final outcome:  SKIPPED
07:45:32 INFO  Test outcome reason: Testing the apt plugin is not supported on this platform.To run the tests call PySys with -XmyPlatform='container'
07:45:32 INFO  
</system-out>
	</testcase>
</testsuite>
