<?xml version="1.0" encoding="utf-8"?>
<testsuite failures="0" name="smoketest_smartrest" skipped="0" tests="1" time="47.51" timestamp="2022-04-07T16:21:17">
	<testcase classname="SmoketestSmartRest" name="smoketest_smartrest"/>
</testsuite>
