<?xml version="1.0" encoding="utf-8"?>
<testsuite failures="0" name="monitoring_smaller_interval" skipped="1" tests="1" time="0.03" timestamp="2022-04-14T06:48:11">
	<testcase classname="MonitoringSmallInterval" name="monitoring_smaller_interval">
		<skipped message="SKIPPED: Fails due to retained message"/>
		<system-out>06:48:11 INFO  ==============================================================
06:48:11 INFO  Id:    monitoring_smaller_interval
06:48:11 INFO  Dir:   monitoring/
06:48:11 INFO  Title: Validate the tedge dm agent messages that are produced with smaller sampling interval than the batching window. Here the simulated collectd messages are used
06:48:11 INFO  ==============================================================
06:48:11 INFO  Fails due to retained message ... skipped
06:48:11 INFO  
06:48:11 INFO  Test duration: 0.03 secs
06:48:11 INFO  Test final outcome:  SKIPPED
06:48:11 INFO  Test outcome reason: Fails due to retained message
06:48:11 INFO  
</system-out>
	</testcase>
</testsuite>
