<?xml version="1.0" encoding="utf-8"?>
<testsuite failures="0" name="tedge_mapper_c8y_negative" skipped="0" tests="1" time="30.16" timestamp="2022-04-08T10:01:13">
	<testcase classname="TedgeMapperC8y" name="tedge_mapper_c8y_negative"/>
</testsuite>
