<?xml version="1.0" encoding="utf-8"?>
<testsuite failures="0" name="pysys_block" skipped="1" tests="1" time="0.03" timestamp="2022-04-14T06:47:39">
	<testcase classname="Fail" name="pysys_block">
		<skipped message="SKIPPED: Enable this to observe a blocking test"/>
		<system-out>06:47:39 INFO  ==============================================================
06:47:39 INFO  Id:    pysys_block
06:47:39 INFO  Dir:   misc_features/
06:47:39 INFO  Title: fail
06:47:39 INFO  ==============================================================
06:47:39 INFO  Enable this to observe a blocking test ... skipped
06:47:39 INFO  
06:47:39 INFO  Test duration: 0.03 secs
06:47:39 INFO  Test final outcome:  SKIPPED
06:47:39 INFO  Test outcome reason: Enable this to observe a blocking test
06:47:39 INFO  
</system-out>
	</testcase>
</testsuite>
