<?xml version="1.0" encoding="utf-8"?>
<testsuite failures="0" name="SoftwareManagement.sm_apt_install_remove_default" skipped="1" tests="1" time="0.03" timestamp="2022-04-08T09:55:26">
	<testcase classname="PySysTest" name="SoftwareManagement.sm_apt_install_remove_default">
		<skipped message="SKIPPED: Testing the apt plugin is not supported on this platform.Use parameter -XmyPlatform='container' to enable it"/>
		<system-out>09:55:26 DEBUG deletedir failed to update permissions and delete /home/pi/actions-runner/_work/thin-edge.io/thin-edge.io/tests/PySys/software_management_end_to_end/sm_apt_install_remove_default/Output/linux on this attempt: [Errno 2] No such file or directory: '/home/pi/actions-runner/_work/thin-edge.io/thin-edge.io/tests/PySys/software_management_end_to_end/sm_apt_install_remove_default/Output/linux'
09:55:26 INFO  ==============================================================
09:55:26 INFO  Id:    SoftwareManagement.sm_apt_install_remove_default
09:55:26 INFO  Dir:   software_management_end_to_end/
09:55:26 INFO  Title: Validate end to end behaviour for the default plugin for installation and removal of packages
09:55:26 DEBUG Execution order hint: 0.0
09:55:26 INFO  ==============================================================
09:55:26 INFO  Testing the apt plugin is not supported on this platform.Use parameter -XmyPlatform='container' to enable it ... skipped
09:55:26 WARN  Aborted test due to SKIPPED outcome
09:55:26 DEBUG --- test cleanup
09:55:26 DEBUG ProcessUser cleanup function done.
09:55:26 INFO  
09:55:26 INFO  Test duration: 0.03 secs
09:55:26 INFO  Test final outcome:  SKIPPED
09:55:26 INFO  Test outcome reason: Testing the apt plugin is not supported on this platform.Use parameter -XmyPlatform='container' to enable it
09:55:26 INFO  
</system-out>
	</testcase>
</testsuite>
