<?xml version="1.0" encoding="utf-8"?>
<testsuite failures="0" name="monitoring_with_simulated_messages" skipped="1" tests="1" time="0.02" timestamp="2022-04-14T06:48:11">
	<testcase classname="MonitoringWithSimulatedMessages" name="monitoring_with_simulated_messages">
		<skipped message="SKIPPED: Fails due to retained message"/>
		<system-out>06:48:11 INFO  ==============================================================
06:48:11 INFO  Id:    monitoring_with_simulated_messages
06:48:11 INFO  Dir:   monitoring/
06:48:11 INFO  Title: Validate the tedge dm agent messages that are produced from the simulated collectd messages
06:48:11 INFO  ==============================================================
06:48:11 INFO  Fails due to retained message ... skipped
06:48:11 INFO  
06:48:11 INFO  Test duration: 0.02 secs
06:48:11 INFO  Test final outcome:  SKIPPED
06:48:11 INFO  Test outcome reason: Fails due to retained message
06:48:11 INFO  
</system-out>
	</testcase>
</testsuite>
