<?xml version="1.0" encoding="utf-8"?>
<testsuite failures="0" name="SoftwareManagement.sm_docker_install_remove_multiple" skipped="1" tests="1" time="0.04" timestamp="2022-04-08T09:55:27">
	<testcase classname="SMDockerInstallRemove" name="SoftwareManagement.sm_docker_install_remove_multiple">
		<skipped message="SKIPPED: Testing the apt plugin is not supported on this platform.Use parameter -XmyPlatform='container' to enable it"/>
		<system-out>09:55:27 DEBUG deletedir failed to update permissions and delete /home/pi/actions-runner/_work/thin-edge.io/thin-edge.io/tests/PySys/software_management_end_to_end/sm_docker_install_remove_multiple/Output/linux on this attempt: [Errno 2] No such file or directory: '/home/pi/actions-runner/_work/thin-edge.io/thin-edge.io/tests/PySys/software_management_end_to_end/sm_docker_install_remove_multiple/Output/linux'
09:55:27 INFO  ==============================================================
09:55:27 INFO  Id:    SoftwareManagement.sm_docker_install_remove_multiple
09:55:27 INFO  Dir:   software_management_end_to_end/
09:55:27 INFO  Title: Validate end to end behaviour for the docker plugin for multiple docker images with mixed versions
09:55:27 DEBUG Execution order hint: 0.0
09:55:27 INFO  ==============================================================
09:55:27 INFO  Testing the apt plugin is not supported on this platform.Use parameter -XmyPlatform='container' to enable it ... skipped
09:55:27 WARN  Aborted test due to SKIPPED outcome
09:55:27 DEBUG --- test cleanup
09:55:27 DEBUG ProcessUser cleanup function done.
09:55:27 INFO  
09:55:27 INFO  Test duration: 0.04 secs
09:55:27 INFO  Test final outcome:  SKIPPED
09:55:27 INFO  Test outcome reason: Testing the apt plugin is not supported on this platform.Use parameter -XmyPlatform='container' to enable it
09:55:27 INFO  
</system-out>
	</testcase>
</testsuite>
