<?xml version="1.0" encoding="utf-8"?>
<testsuite failures="0" name="SoftwareManagement.Plugin.apama_plugin_update" skipped="1" tests="1" time="0.04" timestamp="2022-04-14T06:48:11">
	<testcase classname="ApamaPluginUpdateTest" name="SoftwareManagement.Plugin.apama_plugin_update">
		<skipped message="SKIPPED: Apama plugin tests are disabled by default. Execute `pysys run` with `-XmyPlatform=container` to run these tests"/>
		<system-out>06:48:11 INFO  ==============================================================
06:48:11 INFO  Id:    SoftwareManagement.Plugin.apama_plugin_update
06:48:11 INFO  Dir:   plugin_apama/
06:48:11 INFO  Title: Validate apama plugin updating one project with another
06:48:11 INFO  ==============================================================
06:48:11 INFO  Apama plugin tests are disabled by default. Execute `pysys run` with `-XmyPlatform=container` to run these tests ... skipped
06:48:11 WARN  Aborted test due to SKIPPED outcome
06:48:11 INFO  
06:48:11 INFO  Test duration: 0.04 secs
06:48:11 INFO  Test final outcome:  SKIPPED
06:48:11 INFO  Test outcome reason: Apama plugin tests are disabled by default. Execute `pysys run` with `-XmyPlatform=container` to run these tests
06:48:11 INFO  
</system-out>
	</testcase>
</testsuite>
