<?xml version="1.0" encoding="utf-8"?>
<testsuite failures="0" name="mqtt_port_change_connection_works" skipped="1" tests="1" time="0.02" timestamp="2022-04-13T07:44:13">
	<testcase classname="MqttPortChangeConnectionWorks" name="mqtt_port_change_connection_works">
		<skipped message="SKIPPED: failing intermitently"/>
		<system-out>07:44:13 INFO  ==============================================================
07:44:13 INFO  Id:    mqtt_port_change_connection_works
07:44:13 INFO  Dir:   misc_features/
07:44:13 INFO  Title: mqtt port change connection works for all the thin-edge services that use the mosquitto broker
07:44:13 INFO  ==============================================================
07:44:13 INFO  failing intermitently ... skipped
07:44:13 INFO  
07:44:13 INFO  Test duration: 0.02 secs
07:44:13 INFO  Test final outcome:  SKIPPED
07:44:13 INFO  Test outcome reason: failing intermitently
07:44:13 INFO  
</system-out>
	</testcase>
</testsuite>
