<?xml version="1.0" encoding="utf-8"?>
<testsuite failures="0" name="apt_sequence_install_with_version" skipped="1" tests="1" time="0.02" timestamp="2022-04-14T06:48:15">
	<testcase classname="AptPluginPrepInstallWithVersionFinalize" name="apt_sequence_install_with_version">
		<skipped message="SKIPPED: Testing the apt plugin is not supported on this platform.To run the tests call PySys with -XmyPlatform='container'"/>
		<system-out>06:48:15 INFO  ==============================================================
06:48:15 INFO  Id:    apt_sequence_install_with_version
06:48:15 INFO  Dir:   plugin_apt/
06:48:15 INFO  Title: Validate apt plugin install with version use case
06:48:15 INFO  ==============================================================
06:48:15 INFO  Testing the apt plugin is not supported on this platform.To run the tests call PySys with -XmyPlatform='container' ... skipped
06:48:15 WARN  Aborted test due to SKIPPED outcome
06:48:15 INFO  
06:48:15 INFO  Test duration: 0.02 secs
06:48:15 INFO  Test final outcome:  SKIPPED
06:48:15 INFO  Test outcome reason: Testing the apt plugin is not supported on this platform.To run the tests call PySys with -XmyPlatform='container'
06:48:15 INFO  
</system-out>
	</testcase>
</testsuite>
