<?xml version="1.0" encoding="utf-8"?>
<testsuite failures="0" name="monitoring_with_collectd" skipped="1" tests="1" time="0.03" timestamp="2022-04-11T09:41:46">
	<testcase classname="MonitoringWithCollectd" name="monitoring_with_collectd">
		<skipped message="SKIPPED: Test execution disabled due to #792 (instable)"/>
		<system-out>09:41:46 DEBUG deletedir failed to update permissions and delete /home/pi/actions-runner/_work/thin-edge.io/thin-edge.io/tests/PySys/monitoring/monitoring_with_collectd/Output/linux on this attempt: [Errno 2] No such file or directory: '/home/pi/actions-runner/_work/thin-edge.io/thin-edge.io/tests/PySys/monitoring/monitoring_with_collectd/Output/linux'
09:41:46 INFO  ==============================================================
09:41:46 INFO  Id:    monitoring_with_collectd
09:41:46 INFO  Dir:   monitoring/
09:41:46 INFO  Title: Validate tedge dm agent messages that are produced by batching the collectd messages
09:41:46 DEBUG Execution order hint: 0.0
09:41:46 INFO  ==============================================================
09:41:46 INFO  Test execution disabled due to #792 (instable) ... skipped
09:41:46 DEBUG --- test cleanup
09:41:46 DEBUG ProcessUser cleanup function done.
09:41:46 INFO  
09:41:46 INFO  Test duration: 0.03 secs
09:41:46 INFO  Test final outcome:  SKIPPED
09:41:46 INFO  Test outcome reason: Test execution disabled due to #792 (instable)
09:41:46 INFO  
</system-out>
	</testcase>
</testsuite>
