<?xml version="1.0" encoding="utf-8"?>
<testsuite failures="0" name="apt_sequence_install_with_version_fail" skipped="1" tests="1" time="0.02" timestamp="2022-04-12T16:04:59">
	<testcase classname="AptPluginInstallWithVersionFails" name="apt_sequence_install_with_version_fail">
		<skipped message="SKIPPED: Testing the apt plugin is not supported on this platform.To run the tests call PySys with -XmyPlatform='container'"/>
		<system-out>16:04:59 INFO  ==============================================================
16:04:59 INFO  Id:    apt_sequence_install_with_version_fail
16:04:59 INFO  Dir:   plugin_apt/
16:04:59 INFO  Title: Validate apt plugin install with version fails use case
16:04:59 INFO  ==============================================================
16:04:59 INFO  Testing the apt plugin is not supported on this platform.To run the tests call PySys with -XmyPlatform='container' ... skipped
16:04:59 WARN  Aborted test due to SKIPPED outcome
16:04:59 INFO  
16:04:59 INFO  Test duration: 0.02 secs
16:04:59 INFO  Test final outcome:  SKIPPED
16:04:59 INFO  Test outcome reason: Testing the apt plugin is not supported on this platform.To run the tests call PySys with -XmyPlatform='container'
16:04:59 INFO  
</system-out>
	</testcase>
</testsuite>
