<?xml version="1.0" encoding="utf-8"?>
<testsuite failures="0" name="monitoring_with_simulated_messages" skipped="1" tests="1" time="0.02" timestamp="2022-04-14T10:07:41">
	<testcase classname="MonitoringWithSimulatedMessages" name="monitoring_with_simulated_messages">
		<skipped message="SKIPPED: Fails due to retained message"/>
		<system-out>10:07:41 INFO  ==============================================================
10:07:41 INFO  Id:    monitoring_with_simulated_messages
10:07:41 INFO  Dir:   monitoring/
10:07:41 INFO  Title: Validate the tedge dm agent messages that are produced from the simulated collectd messages
10:07:41 INFO  ==============================================================
10:07:41 INFO  Fails due to retained message ... skipped
10:07:41 INFO  
10:07:41 INFO  Test duration: 0.02 secs
10:07:41 INFO  Test final outcome:  SKIPPED
10:07:41 INFO  Test outcome reason: Fails due to retained message
10:07:41 INFO  
</system-out>
	</testcase>
</testsuite>
