<?xml version="1.0" encoding="utf-8"?>
<testsuite failures="0" name="SoftwareManagement.sm_apt_install_remove_with_version" skipped="1" tests="1" time="0.03" timestamp="2022-04-11T09:53:10">
	<testcase classname="PySysTest" name="SoftwareManagement.sm_apt_install_remove_with_version">
		<skipped message="SKIPPED: Testing the apt plugin is not supported on this platform.Use parameter -XmyPlatform='container' to enable it"/>
		<system-out>09:53:10 DEBUG deletedir failed to update permissions and delete /home/pi/actions-runner/_work/thin-edge.io/thin-edge.io/tests/PySys/software_management_end_to_end/sm_apt_install_remove_with_version/Output/linux on this attempt: [Errno 2] No such file or directory: '/home/pi/actions-runner/_work/thin-edge.io/thin-edge.io/tests/PySys/software_management_end_to_end/sm_apt_install_remove_with_version/Output/linux'
09:53:10 INFO  ==============================================================
09:53:10 INFO  Id:    SoftwareManagement.sm_apt_install_remove_with_version
09:53:10 INFO  Dir:   software_management_end_to_end/
09:53:10 INFO  Title: Validate end to end behaviour for the apt plugin for packages with version
09:53:10 DEBUG Execution order hint: 0.0
09:53:10 INFO  ==============================================================
09:53:10 INFO  Testing the apt plugin is not supported on this platform.Use parameter -XmyPlatform='container' to enable it ... skipped
09:53:10 WARN  Aborted test due to SKIPPED outcome
09:53:10 DEBUG --- test cleanup
09:53:10 DEBUG ProcessUser cleanup function done.
09:53:10 INFO  
09:53:10 INFO  Test duration: 0.03 secs
09:53:10 INFO  Test final outcome:  SKIPPED
09:53:10 INFO  Test outcome reason: Testing the apt plugin is not supported on this platform.Use parameter -XmyPlatform='container' to enable it
09:53:10 INFO  
</system-out>
	</testcase>
</testsuite>
