<?xml version="1.0" encoding="utf-8"?>
<testsuite failures="0" name="SoftwareManagement.Plugin.apama_plugin_install" skipped="1" tests="1" time="0.04" timestamp="2022-04-12T16:04:55">
	<testcase classname="ApamaPluginInstallTest" name="SoftwareManagement.Plugin.apama_plugin_install">
		<skipped message="SKIPPED: Apama plugin tests are disabled by default. Execute `pysys run` with `-XmyPlatform=container` to run these tests"/>
		<system-out>16:04:54 INFO  ==============================================================
16:04:54 INFO  Id:    SoftwareManagement.Plugin.apama_plugin_install
16:04:54 INFO  Dir:   plugin_apama/
16:04:54 INFO  Title: Validate apama plugin install
16:04:54 INFO  ==============================================================
16:04:55 INFO  Apama plugin tests are disabled by default. Execute `pysys run` with `-XmyPlatform=container` to run these tests ... skipped
16:04:55 WARN  Aborted test due to SKIPPED outcome
16:04:55 INFO  
16:04:55 INFO  Test duration: 0.04 secs
16:04:55 INFO  Test final outcome:  SKIPPED
16:04:55 INFO  Test outcome reason: Apama plugin tests are disabled by default. Execute `pysys run` with `-XmyPlatform=container` to run these tests
16:04:55 INFO  
</system-out>
	</testcase>
</testsuite>
