<?xml version="1.0" encoding="utf-8"?>
<testsuite failures="0" name="SoftwareManagement.sm_apt_install_download_path" skipped="1" tests="1" time="0.07" timestamp="2022-04-14T06:57:49">
	<testcase classname="AptInstallWithDownloadPath" name="SoftwareManagement.sm_apt_install_download_path">
		<skipped message="SKIPPED: Testing the apt plugin is not supported on this platform.Use parameter -XmyPlatform='container' to enable it"/>
		<system-out>06:57:49 INFO  ==============================================================
06:57:49 INFO  Id:    SoftwareManagement.sm_apt_install_download_path
06:57:49 INFO  Dir:   software_management_end_to_end/
06:57:49 INFO  Title: Install package to directory specified in tedge config set tmp.path
06:57:49 INFO  ==============================================================
06:57:49 INFO  Testing the apt plugin is not supported on this platform.Use parameter -XmyPlatform='container' to enable it ... skipped
06:57:49 WARN  Aborted test due to SKIPPED outcome
06:57:49 INFO  
06:57:49 INFO  Test duration: 0.07 secs
06:57:49 INFO  Test final outcome:  SKIPPED
06:57:49 INFO  Test outcome reason: Testing the apt plugin is not supported on this platform.Use parameter -XmyPlatform='container' to enable it
06:57:49 INFO  
</system-out>
	</testcase>
</testsuite>
