<?xml version="1.0" encoding="utf-8"?>
<testsuite failures="0" name="invalid_device_id" skipped="0" tests="1" time="4.6" timestamp="2022-04-14T06:47:14">
	<testcase classname="InvalidDeviceId" name="invalid_device_id"/>
</testsuite>
