<?xml version="1.0" encoding="utf-8"?>
<testsuite failures="1" name="smoketest_smartrest_400_samples_1Xms" skipped="0" tests="1" time="106.26" timestamp="2022-04-14T06:56:02">
	<testcase classname="SmoketestSmartRest400Samples1Xms" name="smoketest_smartrest_400_samples_1Xms">
		<failure message="BLOCKED: python3&lt;stdout&gt; returned non-zero exit code 1" type="BLOCKED"/>
		<system-out>06:54:16 INFO  ==============================================================
06:54:16 INFO  Id:    smoketest_smartrest_400_samples_1Xms
06:54:16 INFO  Dir:   smoketests/
06:54:16 INFO  Title: Smoketest Smart Rest 400 Samples 1Xms Delay
06:54:16 INFO  ==============================================================
06:54:16 INFO  EnvironmentC8y Setup
06:54:17 INFO  Executed systemctl&lt;serv_mapper1&gt;, exit status 3
06:54:17 INFO  Restarting mosquitto too frequently in the last 10 seconds. It was only up for 5 seconds
06:54:17 INFO  Delaying execution by 6 seconds
06:54:37 INFO  Executed sudo&lt;tedge_connect_c8y&gt;, exit status 0, duration 14 secs
06:54:38 INFO  Executed sudo&lt;tedge_connect_c8y_test&gt;, exit status 0
06:54:38 INFO  Executed systemctl&lt;serv_mosq2&gt;, exit status 0
06:54:39 INFO  Executed systemctl&lt;serv_mapper3&gt;, exit status 0
06:55:58 WARN  Executed python3&lt;stdout&gt;, exit status 1, duration 38 secs
06:55:58 INFO  Contents of stdout.out: 
  Act: Publishing values with tedge pub
  Waiting 3s for values to arrive in C8y
  Assert: Retrieving data via REST interface
  Gathering values from 2022-04-14 06:55:17+00:00 to 2022-04-14 06:55:57+00:00
  Found 0 recorded values:
  Retrieved values:
  Expected:  0.0  ...  199.0
  Data verification FAILED
  -----

06:55:58 WARN  python3&lt;stdout&gt; returned non-zero exit code 1 ... blocked 
06:55:58 WARN  Aborted test due to BLOCKED outcome
06:55:58 INFO  
06:55:58 INFO  cleanup:
06:56:02 INFO  Executed sudo&lt;tedge_disconnect_c8y&gt;, exit status 0
06:56:02 INFO  Executed systemctl&lt;serv_mapper5&gt;, exit status 3
06:56:02 INFO  
06:56:02 INFO  Test duration: 106.26 secs
06:56:02 INFO  Test final outcome:  BLOCKED
06:56:02 INFO  Test outcome reason: python3&lt;stdout&gt; returned non-zero exit code 1
06:56:02 INFO  
</system-out>
	</testcase>
</testsuite>
