<?xml version="1.0" encoding="utf-8"?>
<testsuite failures="1" name="monitoring_smaller_interval" skipped="0" tests="1" time="15.36" timestamp="2022-04-12T08:37:17">
	<testcase classname="MonitoringSmallInterval" name="monitoring_smaller_interval">
		<failure message="BLOCKED: TypeError: 'int' object is not subscriptable" type="BLOCKED"/>
		<system-out>08:37:02 INFO  ==============================================================
08:37:02 INFO  Id:    monitoring_smaller_interval
08:37:02 INFO  Dir:   monitoring/
08:37:02 INFO  Title: Validate the tedge dm agent messages that are produced with smaller sampling interval than the batching window. Here the simulated collectd messages are used
08:37:02 INFO  ==============================================================
08:37:02 INFO  Executed sudo&lt;collectd&gt;, exit status 0
08:37:03 INFO  Executed sudo&lt;collectd_mapper&gt;, exit status 0
08:37:03 INFO  Started sudo&lt;tedge_sub&gt; with process id 16987
08:37:03 INFO  Executed sudo&lt;tedge_temp&gt;, exit status 0
08:37:04 INFO  Executed sudo&lt;tedge_pres&gt;, exit status 0
08:37:05 INFO  Executed sudo&lt;tedge_temp&gt;, exit status 0
08:37:05 INFO  Executed sudo&lt;tedge_pres&gt;, exit status 0
08:37:06 INFO  Executed sudo&lt;tedge_temp&gt;, exit status 0
08:37:06 INFO  Executed sudo&lt;tedge_pres&gt;, exit status 0
08:37:07 INFO  Executed sudo&lt;tedge_temp&gt;, exit status 0
08:37:07 INFO  Executed sudo&lt;tedge_pres&gt;, exit status 0
08:37:08 INFO  Executed sudo&lt;tedge_temp&gt;, exit status 0
08:37:08 INFO  Executed sudo&lt;tedge_pres&gt;, exit status 0
08:37:09 INFO  Executed sudo&lt;tedge_temp&gt;, exit status 0
08:37:10 INFO  Executed sudo&lt;tedge_pres&gt;, exit status 0
08:37:10 INFO  Executed sudo&lt;tedge_temp&gt;, exit status 0
08:37:11 INFO  Executed sudo&lt;tedge_pres&gt;, exit status 0
08:37:11 INFO  Executed sudo&lt;tedge_temp&gt;, exit status 0
08:37:12 INFO  Executed sudo&lt;tedge_pres&gt;, exit status 0
08:37:12 INFO  Executed sudo&lt;tedge_temp&gt;, exit status 0
08:37:13 INFO  Executed sudo&lt;tedge_pres&gt;, exit status 0
08:37:14 INFO  Executed sudo&lt;tedge_temp&gt;, exit status 0
08:37:14 INFO  Executed sudo&lt;tedge_pres&gt;, exit status 0
08:37:16 INFO  Executed sudo&lt;kill_out&gt;, exit status 0
08:37:16 INFO  0

08:37:16 WARN  TypeError occurred while running test - 'int' object is not subscriptable
Traceback (most recent call last):
  File &quot;/home/pi/env-pysys/lib/python3.7/site-packages/pysys/baserunner.py&quot;, line 1296, in __call__
    self.testObj.validate()
  File &quot;/home/pi/actions-runner/_work/thin-edge.io/thin-edge.io/tests/PySys/monitoring/monitoring_smaller_interval/run.py&quot;, line 104, in validate
    collectd_msg_validation_result=self.validate_json(),
  File &quot;/home/pi/actions-runner/_work/thin-edge.io/thin-edge.io/tests/PySys/monitoring/monitoring_smaller_interval/run.py&quot;, line 114, in validate_json
    if not self.validate_time():
  File &quot;/home/pi/actions-runner/_work/thin-edge.io/thin-edge.io/tests/PySys/monitoring/monitoring_smaller_interval/run.py&quot;, line 134, in validate_time
    if self.js_msg[&quot;time&quot;]:
TypeError: 'int' object is not subscriptable
08:37:16 WARN  TypeError: 'int' object is not subscriptable ... blocked 
08:37:16 INFO  
08:37:16 INFO  cleanup:
08:37:16 INFO  monitoring_cleanup
08:37:17 INFO  Executed sudo&lt;collectd_mapper&gt;, exit status 0
08:37:17 INFO  
08:37:17 INFO  Test duration: 15.36 secs
08:37:17 INFO  Test final outcome:  BLOCKED
08:37:17 INFO  Test outcome reason: TypeError: 'int' object is not subscriptable
08:37:17 INFO  
</system-out>
	</testcase>
</testsuite>
