<?xml version="1.0" encoding="utf-8"?>
<testsuite failures="0" name="mqtt_port_change_connection_works" skipped="1" tests="1" time="0.04" timestamp="2022-04-14T06:47:16">
	<testcase classname="MqttPortChangeConnectionWorks" name="mqtt_port_change_connection_works">
		<skipped message="SKIPPED: failing intermitently"/>
		<system-out>06:47:16 INFO  ==============================================================
06:47:16 INFO  Id:    mqtt_port_change_connection_works
06:47:16 INFO  Dir:   misc_features/
06:47:16 INFO  Title: mqtt port change connection works for all the thin-edge services that use the mosquitto broker
06:47:16 INFO  ==============================================================
06:47:16 INFO  failing intermitently ... skipped
06:47:16 INFO  
06:47:16 INFO  Test duration: 0.04 secs
06:47:16 INFO  Test final outcome:  SKIPPED
06:47:16 INFO  Test outcome reason: failing intermitently
06:47:16 INFO  
</system-out>
	</testcase>
</testsuite>
