<?xml version="1.0" encoding="utf-8"?>
<testsuite failures="0" name="mqtt_port_set" skipped="0" tests="1" time="20.18" timestamp="2022-04-12T08:36:06">
	<testcase classname="MqttPortSet" name="mqtt_port_set"/>
</testsuite>
