<?xml version="1.0" encoding="utf-8"?>
<testsuite failures="0" name="publish_sawmill" skipped="0" tests="1" time="79.55" timestamp="2022-04-07T16:17:47">
	<testcase classname="PublishSawmill" name="publish_sawmill"/>
</testsuite>
