<?xml version="1.0" encoding="utf-8"?>
<testsuite failures="1" name="agent_init_session" skipped="0" tests="1" time="6.55" timestamp="2022-04-13T07:56:09">
	<testcase classname="AgentInitSession" name="agent_init_session">
		<failure message="FAILED: Grep on sub_resp.out contains &quot;Ld3KgqpcLDlrYH6sfpG7w&quot;" type="FAILED"/>
		<system-out>07:56:03 INFO  ==============================================================
07:56:03 INFO  Id:    agent_init_session
07:56:03 INFO  Dir:   tedge_agent/
07:56:03 INFO  Title: Validate tedge agent init session feature
07:56:03 INFO  ==============================================================
07:56:03 INFO  Executed sudo&lt;remove_lock&gt;, exit status 0
07:56:04 INFO  Executed sudo&lt;agent_clear&gt;, exit status 0
07:56:04 INFO  Executed sudo&lt;agent_init&gt;, exit status 0
07:56:05 INFO  Executed sudo&lt;pub_req&gt;, exit status 0
07:56:05 INFO  Started sudo&lt;sub_resp&gt; with process id 12364
07:56:05 INFO  Executed sudo&lt;agent_start&gt;, exit status 0
07:56:05 INFO  Waiting for 2.0 seconds
07:56:08 INFO  Executed sudo&lt;agent_stop&gt;, exit status 0
07:56:09 INFO  Executed sudo&lt;sub_stop&gt;, exit status 0
07:56:09 WARN  Grep on sub_resp.out contains &quot;Ld3KgqpcLDlrYH6sfpG7w&quot; ... failed [run.py:87]
07:56:09 INFO  
07:56:09 INFO  Test duration: 6.55 secs
07:56:09 INFO  Test final outcome:  FAILED
07:56:09 INFO  Test outcome reason: Grep on sub_resp.out contains &quot;Ld3KgqpcLDlrYH6sfpG7w&quot;
07:56:09 INFO  
</system-out>
	</testcase>
</testsuite>
