<?xml version="1.0" encoding="utf-8"?>
<testsuite failures="0" name="call_tedge_-h_-V" skipped="0" tests="1" time="0.46" timestamp="2022-04-14T10:17:32">
	<testcase classname="PySysTest" name="call_tedge_-h_-V"/>
</testsuite>
