<?xml version="1.0" encoding="utf-8"?>
<testsuite failures="0" name="monitoring_smaller_interval" skipped="1" tests="1" time="0.02" timestamp="2022-04-14T10:07:41">
	<testcase classname="MonitoringSmallInterval" name="monitoring_smaller_interval">
		<skipped message="SKIPPED: Fails due to retained message"/>
		<system-out>10:07:41 INFO  ==============================================================
10:07:41 INFO  Id:    monitoring_smaller_interval
10:07:41 INFO  Dir:   monitoring/
10:07:41 INFO  Title: Validate the tedge dm agent messages that are produced with smaller sampling interval than the batching window. Here the simulated collectd messages are used
10:07:41 INFO  ==============================================================
10:07:41 INFO  Fails due to retained message ... skipped
10:07:41 INFO  
10:07:41 INFO  Test duration: 0.02 secs
10:07:41 INFO  Test final outcome:  SKIPPED
10:07:41 INFO  Test outcome reason: Fails due to retained message
10:07:41 INFO  
</system-out>
	</testcase>
</testsuite>
