<?xml version="1.0" encoding="utf-8"?>
<testsuite failures="0" name="smoketest_json" skipped="0" tests="1" time="44.81" timestamp="2022-04-11T09:45:13">
	<testcase classname="SmokeTestJson" name="smoketest_json"/>
</testsuite>
