<?xml version="1.0" encoding="utf-8"?>
<testsuite failures="0" name="tedge_software_update" skipped="0" tests="1" time="26.21" timestamp="2022-04-13T07:56:03">
	<testcase classname="PySysTest" name="tedge_software_update"/>
</testsuite>
