<?xml version="1.0" encoding="utf-8"?>
<testsuite failures="0" name="tedge_software_update" skipped="0" tests="1" time="26.46" timestamp="2022-04-14T10:18:24">
	<testcase classname="PySysTest" name="tedge_software_update"/>
</testsuite>
