<?xml version="1.0" encoding="utf-8"?>
<testsuite failures="1" name="smoketest_json" skipped="0" tests="1" time="44.79" timestamp="2022-04-14T06:51:33">
	<testcase classname="SmokeTestJson" name="smoketest_json">
		<failure message="BLOCKED: python3&lt;stdout&gt; returned non-zero exit code 1" type="BLOCKED"/>
		<system-out>06:50:48 INFO  ==============================================================
06:50:48 INFO  Id:    smoketest_json
06:50:48 INFO  Dir:   smoketests/
06:50:48 INFO  Title: Smoke Test Json
06:50:48 INFO  ==============================================================
06:50:48 INFO  EnvironmentC8y Setup
06:50:49 INFO  Executed systemctl&lt;serv_mapper1&gt;, exit status 3
06:50:49 INFO  Restarting mosquitto too frequently in the last 10 seconds. It was only up for 5 seconds
06:50:49 INFO  Delaying execution by 6 seconds
06:51:09 INFO  Executed sudo&lt;tedge_connect_c8y&gt;, exit status 0, duration 14 secs
06:51:10 INFO  Executed sudo&lt;tedge_connect_c8y_test&gt;, exit status 0
06:51:10 INFO  Executed systemctl&lt;serv_mosq2&gt;, exit status 0
06:51:11 INFO  Executed systemctl&lt;serv_mapper3&gt;, exit status 0
06:51:28 WARN  Executed python3&lt;stdout&gt;, exit status 1
06:51:28 INFO  Contents of stdout.out: 
  Publishing sawtooth with delay 100ms height 20 iterations 1 template flux will cause 20 publishs.
  Iteraton: 0
  Execution took 2 s 2018 ms
  Publish rate: 100.900 ms/pub
  Publish per second: 9.911 pub/s
  Act: Publishing values with temperature_publisher
  Waiting 3s for values to arrive in C8y
  Assert: Retrieving data via REST interface
  Gathering values from 2022-04-14 06:51:18+00:00 to 2022-04-14 06:51:28+00:00
  Found 0 recorded values:
  Retrieved values:
  Expected:  0.0  ...  19.0
  Data verification FAILED
  -----

06:51:28 WARN  python3&lt;stdout&gt; returned non-zero exit code 1 ... blocked 
06:51:28 WARN  Aborted test due to BLOCKED outcome
06:51:28 INFO  
06:51:28 INFO  cleanup:
06:51:32 INFO  Executed sudo&lt;tedge_disconnect_c8y&gt;, exit status 0
06:51:33 INFO  Executed systemctl&lt;serv_mapper5&gt;, exit status 3
06:51:33 INFO  
06:51:33 INFO  Test duration: 44.79 secs
06:51:33 INFO  Test final outcome:  BLOCKED
06:51:33 INFO  Test outcome reason: python3&lt;stdout&gt; returned non-zero exit code 1
06:51:33 INFO  
</system-out>
	</testcase>
</testsuite>
