<?xml version="1.0" encoding="utf-8"?>
<testsuite failures="0" name="apt_remove" skipped="1" tests="1" time="0.02" timestamp="2022-04-08T09:44:17">
	<testcase classname="AptPluginRemoveDense" name="apt_remove">
		<skipped message="SKIPPED: Testing the apt plugin is not supported on this platform.To run the tests call PySys with -XmyPlatform='container'"/>
		<system-out>09:44:17 DEBUG deletedir failed to update permissions and delete /home/pi/actions-runner/_work/thin-edge.io/thin-edge.io/tests/PySys/plugin_apt/apt_remove/Output/linux on this attempt: [Errno 2] No such file or directory: '/home/pi/actions-runner/_work/thin-edge.io/thin-edge.io/tests/PySys/plugin_apt/apt_remove/Output/linux'
09:44:17 INFO  ==============================================================
09:44:17 INFO  Id:    apt_remove
09:44:17 INFO  Dir:   plugin_apt/
09:44:17 INFO  Title: Validate apt plugin prepare - dense version
09:44:17 DEBUG Execution order hint: 0.0
09:44:17 INFO  ==============================================================
09:44:17 INFO  Testing the apt plugin is not supported on this platform.To run the tests call PySys with -XmyPlatform='container' ... skipped
09:44:17 WARN  Aborted test due to SKIPPED outcome
09:44:17 DEBUG --- test cleanup
09:44:17 DEBUG ProcessUser cleanup function done.
09:44:17 INFO  
09:44:17 INFO  Test duration: 0.02 secs
09:44:17 INFO  Test final outcome:  SKIPPED
09:44:17 INFO  Test outcome reason: Testing the apt plugin is not supported on this platform.To run the tests call PySys with -XmyPlatform='container'
09:44:17 INFO  
</system-out>
	</testcase>
</testsuite>
