<?xml version="1.0" encoding="utf-8"?>
<testsuite failures="1" name="log_request_error_messages" skipped="0" tests="1" time="35.46" timestamp="2022-04-14T06:46:09">
	<testcase classname="LogRequestVerifySearchTextError" name="log_request_error_messages">
		<failure message="BLOCKED: SystemError: field id is missing in response" type="BLOCKED"/>
		<system-out>06:45:34 INFO  ==============================================================
06:45:34 INFO  Id:    log_request_error_messages
06:45:34 INFO  Dir:   log_request_end_to_end/
06:45:34 INFO  Title: Validate end to end behaviour for the log request operation check for error messages
06:45:34 INFO  ==============================================================
06:45:35 INFO  EnvironmentC8y Setup
06:45:36 INFO  Executed systemctl&lt;serv_mapper1&gt;, exit status 3
06:45:36 INFO  Restarting mosquitto too frequently in the last 10 seconds. It was only up for 2 seconds
06:45:36 INFO  Delaying execution by 9 seconds
06:45:59 INFO  Executed sudo&lt;tedge_connect_c8y&gt;, exit status 0, duration 14 secs
06:46:00 INFO  Executed sudo&lt;tedge_connect_c8y_test&gt;, exit status 0
06:46:01 INFO  Executed systemctl&lt;serv_mosq2&gt;, exit status 0
06:46:01 INFO  Executed systemctl&lt;serv_mapper3&gt;, exit status 0
06:46:02 INFO  Executed sudo&lt;rm_logs&gt;, exit status 0
06:46:02 INFO  Executed sudo&lt;move_logs&gt;, exit status 0
06:46:02 WARN  SystemError occurred while running test - field id is missing in response
Traceback (most recent call last):
  File &quot;/home/pi/env-pysys/lib/python3.7/site-packages/pysys/baserunner.py&quot;, line 1294, in __call__
    self.testObj.execute()
  File &quot;/home/pi/actions-runner/_work/thin-edge.io/thin-edge.io/tests/PySys/log_request_end_to_end/log_request_error_messages/run.py&quot;, line 39, in execute
    log_file_request_payload, self.project.deviceid
  File &quot;/home/pi/actions-runner/_work/thin-edge.io/thin-edge.io/tests/PySys/environments/cumulocity.py&quot;, line 115, in trigger_log_request
    raise SystemError(&quot;field id is missing in response&quot;)
SystemError: field id is missing in response
06:46:03 WARN  SystemError: field id is missing in response ... blocked 
06:46:03 INFO  
06:46:03 INFO  cleanup:
06:46:04 INFO  Executed sudo&lt;rm_logs&gt;, exit status 0
06:46:04 INFO  Executed sudo&lt;rm_tmp_logs&gt;, exit status 0
06:46:05 INFO  Executed sudo&lt;send_failed&gt;, exit status 0
06:46:09 INFO  Executed sudo&lt;tedge_disconnect_c8y&gt;, exit status 0
06:46:09 INFO  Executed systemctl&lt;serv_mapper5&gt;, exit status 3
06:46:09 INFO  
06:46:09 INFO  Test duration: 35.46 secs
06:46:09 INFO  Test final outcome:  BLOCKED
06:46:09 INFO  Test outcome reason: SystemError: field id is missing in response
06:46:09 INFO  
</system-out>
	</testcase>
</testsuite>
