<?xml version="1.0" encoding="utf-8"?>
<testsuite failures="0" name="SoftwareManagement.Plugin.apama_plugin_install" skipped="1" tests="1" time="0.04" timestamp="2022-04-14T10:07:41">
	<testcase classname="ApamaPluginInstallTest" name="SoftwareManagement.Plugin.apama_plugin_install">
		<skipped message="SKIPPED: Apama plugin tests are disabled by default. Execute `pysys run` with `-XmyPlatform=container` to run these tests"/>
		<system-out>10:07:41 INFO  ==============================================================
10:07:41 INFO  Id:    SoftwareManagement.Plugin.apama_plugin_install
10:07:41 INFO  Dir:   plugin_apama/
10:07:41 INFO  Title: Validate apama plugin install
10:07:41 INFO  ==============================================================
10:07:41 INFO  Apama plugin tests are disabled by default. Execute `pysys run` with `-XmyPlatform=container` to run these tests ... skipped
10:07:41 WARN  Aborted test due to SKIPPED outcome
10:07:41 INFO  
10:07:41 INFO  Test duration: 0.04 secs
10:07:41 INFO  Test final outcome:  SKIPPED
10:07:41 INFO  Test outcome reason: Apama plugin tests are disabled by default. Execute `pysys run` with `-XmyPlatform=container` to run these tests
10:07:41 INFO  
</system-out>
	</testcase>
</testsuite>
