<?xml version="1.0" encoding="utf-8"?>
<testsuite failures="0" name="pysys_fail" skipped="1" tests="1" time="0.01" timestamp="2022-04-14T10:07:08">
	<testcase classname="Fail" name="pysys_fail">
		<skipped message="SKIPPED: Enable this to observe a failing test"/>
		<system-out>10:07:08 INFO  ==============================================================
10:07:08 INFO  Id:    pysys_fail
10:07:08 INFO  Dir:   misc_features/
10:07:08 INFO  Title: fail
10:07:08 INFO  ==============================================================
10:07:08 INFO  Enable this to observe a failing test ... skipped
10:07:08 INFO  
10:07:08 INFO  Test duration: 0.01 secs
10:07:08 INFO  Test final outcome:  SKIPPED
10:07:08 INFO  Test outcome reason: Enable this to observe a failing test
10:07:08 INFO  
</system-out>
	</testcase>
</testsuite>
