<?xml version="1.0" encoding="utf-8"?>
<testsuite failures="0" name="smoketest_smartrest" skipped="0" tests="1" time="48.59" timestamp="2022-04-08T09:50:18">
	<testcase classname="SmoketestSmartRest" name="smoketest_smartrest"/>
</testsuite>
