<?xml version="1.0" encoding="utf-8"?>
<testsuite failures="1" name="agent_init_session" skipped="0" tests="1" time="6.68" timestamp="2022-04-14T10:18:30">
	<testcase classname="AgentInitSession" name="agent_init_session">
		<failure message="FAILED: Grep on sub_resp.out contains &quot;Ld3KgqpcLDlrYH6sfpG7w&quot;" type="FAILED"/>
		<system-out>10:18:24 INFO  ==============================================================
10:18:24 INFO  Id:    agent_init_session
10:18:24 INFO  Dir:   tedge_agent/
10:18:24 INFO  Title: Validate tedge agent init session feature
10:18:24 INFO  ==============================================================
10:18:24 INFO  Executed sudo&lt;remove_lock&gt;, exit status 0
10:18:25 INFO  Executed sudo&lt;agent_clear&gt;, exit status 0
10:18:25 INFO  Executed sudo&lt;agent_init&gt;, exit status 0
10:18:26 INFO  Executed sudo&lt;pub_req&gt;, exit status 0
10:18:26 INFO  Started sudo&lt;sub_resp&gt; with process id 21239
10:18:26 INFO  Executed sudo&lt;agent_start&gt;, exit status 0
10:18:26 INFO  Waiting for 2.0 seconds
10:18:29 INFO  Executed sudo&lt;agent_stop&gt;, exit status 0
10:18:30 INFO  Executed sudo&lt;sub_stop&gt;, exit status 0
10:18:30 WARN  Grep on sub_resp.out contains &quot;Ld3KgqpcLDlrYH6sfpG7w&quot; ... failed [run.py:87]
10:18:30 INFO  
10:18:30 INFO  Test duration: 6.68 secs
10:18:30 INFO  Test final outcome:  FAILED
10:18:30 INFO  Test outcome reason: Grep on sub_resp.out contains &quot;Ld3KgqpcLDlrYH6sfpG7w&quot;
10:18:30 INFO  
</system-out>
	</testcase>
</testsuite>
