<?xml version="1.0" encoding="utf-8"?>
<testsuite failures="0" name="apt_install" skipped="1" tests="1" time="0.02" timestamp="2022-04-14T06:48:11">
	<testcase classname="AptPluginInstallDense" name="apt_install">
		<skipped message="SKIPPED: Testing the apt plugin is not supported on this platform.To run the tests call PySys with -XmyPlatform='container'"/>
		<system-out>06:48:11 INFO  ==============================================================
06:48:11 INFO  Id:    apt_install
06:48:11 INFO  Dir:   plugin_apt/
06:48:11 INFO  Title: Validate apt plugin prepare - dense version
06:48:11 INFO  ==============================================================
06:48:11 INFO  Testing the apt plugin is not supported on this platform.To run the tests call PySys with -XmyPlatform='container' ... skipped
06:48:11 WARN  Aborted test due to SKIPPED outcome
06:48:11 INFO  
06:48:11 INFO  Test duration: 0.02 secs
06:48:11 INFO  Test final outcome:  SKIPPED
06:48:11 INFO  Test outcome reason: Testing the apt plugin is not supported on this platform.To run the tests call PySys with -XmyPlatform='container'
06:48:11 INFO  
</system-out>
	</testcase>
</testsuite>
