<?xml version="1.0" encoding="utf-8"?>
<testsuite failures="0" name="apt_install_local_file_with_version" skipped="1" tests="1" time="0.02" timestamp="2022-04-12T16:04:55">
	<testcase classname="AptPluginInstallFromLocalFileWithVersion" name="apt_install_local_file_with_version">
		<skipped message="SKIPPED: Testing the apt plugin is not supported on this platform.To run the tests call PySys with -XmyPlatform='container'"/>
		<system-out>16:04:55 INFO  ==============================================================
16:04:55 INFO  Id:    apt_install_local_file_with_version
16:04:55 INFO  Dir:   plugin_apt/
16:04:55 INFO  Title: Validate apt plugin install from local file AND with a version - SUCCESS case
16:04:55 INFO  ==============================================================
16:04:55 INFO  Testing the apt plugin is not supported on this platform.To run the tests call PySys with -XmyPlatform='container' ... skipped
16:04:55 WARN  Aborted test due to SKIPPED outcome
16:04:55 INFO  
16:04:55 INFO  Test duration: 0.02 secs
16:04:55 INFO  Test final outcome:  SKIPPED
16:04:55 INFO  Test outcome reason: Testing the apt plugin is not supported on this platform.To run the tests call PySys with -XmyPlatform='container'
16:04:55 INFO  
</system-out>
	</testcase>
</testsuite>
