<?xml version="1.0" encoding="utf-8"?>
<testsuite failures="0" name="mqtt_port_unset" skipped="0" tests="1" time="1.64" timestamp="2022-04-11T09:40:48">
	<testcase classname="MqttPortUnSet" name="mqtt_port_unset"/>
</testsuite>
