<?xml version="1.0" encoding="utf-8"?>
<testsuite failures="0" name="publish_flux" skipped="0" tests="1" time="72.54" timestamp="2022-04-12T08:38:39">
	<testcase classname="PublishFlux" name="publish_flux"/>
</testsuite>
