<?xml version="1.0" encoding="utf-8"?>
<testsuite failures="0" name="apt_install_local_file" skipped="1" tests="1" time="0.02" timestamp="2022-04-12T08:37:22">
	<testcase classname="AptPluginInstallFromLocalFile" name="apt_install_local_file">
		<skipped message="SKIPPED: Testing the apt plugin is not supported on this platform.To run the tests call PySys with -XmyPlatform='container'"/>
		<system-out>08:37:22 INFO  ==============================================================
08:37:22 INFO  Id:    apt_install_local_file
08:37:22 INFO  Dir:   plugin_apt/
08:37:22 INFO  Title: Validate apt plugin install from local file - SUCCESS case
08:37:22 INFO  ==============================================================
08:37:22 INFO  Testing the apt plugin is not supported on this platform.To run the tests call PySys with -XmyPlatform='container' ... skipped
08:37:22 WARN  Aborted test due to SKIPPED outcome
08:37:22 INFO  
08:37:22 INFO  Test duration: 0.02 secs
08:37:22 INFO  Test final outcome:  SKIPPED
08:37:22 INFO  Test outcome reason: Testing the apt plugin is not supported on this platform.To run the tests call PySys with -XmyPlatform='container'
08:37:22 INFO  
</system-out>
	</testcase>
</testsuite>
