<?xml version="1.0" encoding="utf-8"?>
<testsuite failures="1" name="SoftwareManagement.sm_fake_install_remove_multiple" skipped="0" tests="1" time="165.14" timestamp="2022-04-15T10:28:28">
	<testcase classname="PySysTest" name="SoftwareManagement.sm_fake_install_remove_multiple">
		<failure message="BLOCKED: SystemError: Timeout while waiting for status FAILED or SUCCESSFUL" type="BLOCKED"/>
		<system-out>10:25:43 INFO  ==============================================================
10:25:43 INFO  Id:    SoftwareManagement.sm_fake_install_remove_multiple
10:25:43 INFO  Dir:   software_management_end_to_end/
10:25:43 INFO  Title: Validate end to end behaviour for the dummy-plugin for multiple packages
10:25:43 INFO  ==============================================================
10:25:43 INFO  Using sw id database: {'asciijump': '5475369', 'robotfindskitten': '5474869', 'squirrel3': '5475279', 'rolldice': '5152439', 'moon-buggy': '5439204', 'apple': '5495053', 'banana': '5494888', 'cherry': '5495382', 'watermelon': '5494510', 'registry': '8018911', 'hello-world': '8021526', 'docker/getting-started': '8021973', 'alpine': '7991792'}
10:25:43 INFO  EnvironmentC8y Setup
10:25:43 INFO  Executed systemctl&lt;serv_mapper1&gt;, exit status 3
10:25:44 INFO  Restarting mosquitto too frequently in the last 10 seconds. It was only up for 5 seconds
10:25:44 INFO  Delaying execution by 6 seconds
10:26:03 INFO  Executed sudo&lt;tedge_connect_c8y&gt;, exit status 0, duration 13 secs
10:26:04 INFO  Executed sudo&lt;tedge_connect_c8y_test&gt;, exit status 0
10:26:05 INFO  Executed systemctl&lt;serv_mosq2&gt;, exit status 0
10:26:05 INFO  Executed systemctl&lt;serv_mapper3&gt;, exit status 0
10:26:07 INFO  State of current operation: PENDING
10:26:10 INFO  State of current operation: PENDING
10:26:12 INFO  State of current operation: PENDING
10:26:14 INFO  State of current operation: PENDING
10:26:16 INFO  State of current operation: PENDING
10:26:18 INFO  State of current operation: PENDING
10:26:21 INFO  State of current operation: PENDING
10:26:23 INFO  State of current operation: PENDING
10:26:25 INFO  State of current operation: PENDING
10:26:27 INFO  State of current operation: PENDING
10:26:30 INFO  State of current operation: PENDING
10:26:32 INFO  State of current operation: PENDING
10:26:34 INFO  State of current operation: PENDING
10:26:36 INFO  State of current operation: PENDING
10:26:39 INFO  State of current operation: PENDING
10:26:41 INFO  State of current operation: PENDING
10:26:43 INFO  State of current operation: PENDING
10:26:45 INFO  State of current operation: PENDING
10:26:47 INFO  State of current operation: PENDING
10:26:50 INFO  State of current operation: PENDING
10:26:52 INFO  State of current operation: PENDING
10:26:54 INFO  State of current operation: PENDING
10:26:56 INFO  State of current operation: PENDING
10:26:59 INFO  State of current operation: PENDING
10:27:01 INFO  State of current operation: PENDING
10:27:03 INFO  State of current operation: PENDING
10:27:05 INFO  State of current operation: PENDING
10:27:08 INFO  State of current operation: PENDING
10:27:10 INFO  State of current operation: PENDING
10:27:12 INFO  State of current operation: PENDING
10:27:14 INFO  State of current operation: PENDING
10:27:17 INFO  State of current operation: PENDING
10:27:19 INFO  State of current operation: PENDING
10:27:21 INFO  State of current operation: PENDING
10:27:23 INFO  State of current operation: PENDING
10:27:25 INFO  State of current operation: PENDING
10:27:28 INFO  State of current operation: PENDING
10:27:30 INFO  State of current operation: PENDING
10:27:32 INFO  State of current operation: PENDING
10:27:34 INFO  State of current operation: PENDING
10:27:37 INFO  State of current operation: PENDING
10:27:39 INFO  State of current operation: PENDING
10:27:41 INFO  State of current operation: PENDING
10:27:43 INFO  State of current operation: PENDING
10:27:46 INFO  State of current operation: PENDING
10:27:48 INFO  State of current operation: PENDING
10:27:50 INFO  State of current operation: PENDING
10:27:52 INFO  State of current operation: PENDING
10:27:54 INFO  State of current operation: PENDING
10:27:57 INFO  State of current operation: PENDING
10:27:59 INFO  State of current operation: PENDING
10:28:01 INFO  State of current operation: PENDING
10:28:03 INFO  State of current operation: PENDING
10:28:06 INFO  State of current operation: PENDING
10:28:08 INFO  State of current operation: PENDING
10:28:10 INFO  State of current operation: PENDING
10:28:12 INFO  State of current operation: PENDING
10:28:15 INFO  State of current operation: PENDING
10:28:17 INFO  State of current operation: PENDING
10:28:19 INFO  State of current operation: PENDING
10:28:21 INFO  State of current operation: PENDING
10:28:23 WARN  SystemError occurred while running test - Timeout while waiting for status FAILED or SUCCESSFUL
Traceback (most recent call last):
  File &quot;/home/pi/env-pysys/lib/python3.7/site-packages/pysys/baserunner.py&quot;, line 1292, in __call__
    self.testObj.setup()
  File &quot;/home/pi/actions-runner/_work/thin-edge.io/thin-edge.io/tests/PySys/software_management_end_to_end/sm_fake_install_remove_multiple/run.py&quot;, line 68, in setup
    super().setup()
  File &quot;/home/pi/actions-runner/_work/thin-edge.io/thin-edge.io/tests/PySys/software_management_end_to_end/environment_sm_management.py&quot;, line 151, in setup
    self.wait_until_end()
  File &quot;/home/pi/actions-runner/_work/thin-edge.io/thin-edge.io/tests/PySys/software_management_end_to_end/environment_sm_management.py&quot;, line 332, in wait_until_end
    self.wait_until_status(&quot;FAILED&quot;, &quot;SUCCESSFUL&quot;)
  File &quot;/home/pi/actions-runner/_work/thin-edge.io/thin-edge.io/tests/PySys/software_management_end_to_end/environment_sm_management.py&quot;, line 381, in wait_until_status
    &quot;Timeout while waiting for status %s or %s&quot; % (status, status2)
SystemError: Timeout while waiting for status FAILED or SUCCESSFUL
10:28:23 WARN  SystemError: Timeout while waiting for status FAILED or SUCCESSFUL ... blocked 
10:28:23 INFO  
10:28:23 INFO  cleanup:
10:28:27 INFO  Executed sudo&lt;tedge_disconnect_c8y&gt;, exit status 0
10:28:28 INFO  Executed systemctl&lt;serv_mapper5&gt;, exit status 3
10:28:28 INFO  
10:28:28 INFO  Test duration: 165.14 secs
10:28:28 INFO  Test final outcome:  BLOCKED
10:28:28 INFO  Test outcome reason: SystemError: Timeout while waiting for status FAILED or SUCCESSFUL
10:28:28 INFO  
</system-out>
	</testcase>
</testsuite>
