<?xml version="1.0" encoding="utf-8"?>
<testsuite failures="1" name="SoftwareManagement.sm_mixed_install_remove_multiple" skipped="0" tests="1" time="165.71" timestamp="2022-04-15T10:31:14">
	<testcase classname="PySysTest" name="SoftwareManagement.sm_mixed_install_remove_multiple">
		<failure message="BLOCKED: SystemError: Timeout while waiting for status FAILED or SUCCESSFUL" type="BLOCKED"/>
		<system-out>10:28:28 INFO  ==============================================================
10:28:28 INFO  Id:    SoftwareManagement.sm_mixed_install_remove_multiple
10:28:28 INFO  Dir:   software_management_end_to_end/
10:28:28 INFO  Title: Validate end to end behaviour for the dummy-plugin for multiple packages with mixed versions
10:28:28 INFO  ==============================================================
10:28:28 INFO  Using sw id database: {'asciijump': '5475369', 'robotfindskitten': '5474869', 'squirrel3': '5475279', 'rolldice': '5152439', 'moon-buggy': '5439204', 'apple': '5495053', 'banana': '5494888', 'cherry': '5495382', 'watermelon': '5494510', 'registry': '8018911', 'hello-world': '8021526', 'docker/getting-started': '8021973', 'alpine': '7991792'}
10:28:28 INFO  EnvironmentC8y Setup
10:28:29 INFO  Executed systemctl&lt;serv_mapper1&gt;, exit status 3
10:28:29 INFO  Restarting mosquitto too frequently in the last 10 seconds. It was only up for 5 seconds
10:28:29 INFO  Delaying execution by 6 seconds
10:28:49 INFO  Executed sudo&lt;tedge_connect_c8y&gt;, exit status 0, duration 14 secs
10:28:50 INFO  Executed sudo&lt;tedge_connect_c8y_test&gt;, exit status 0
10:28:50 INFO  Executed systemctl&lt;serv_mosq2&gt;, exit status 0
10:28:51 INFO  Executed systemctl&lt;serv_mapper3&gt;, exit status 0
10:28:53 INFO  State of current operation: PENDING
10:28:55 INFO  State of current operation: PENDING
10:28:57 INFO  State of current operation: PENDING
10:28:59 INFO  State of current operation: PENDING
10:29:02 INFO  State of current operation: PENDING
10:29:04 INFO  State of current operation: PENDING
10:29:06 INFO  State of current operation: PENDING
10:29:08 INFO  State of current operation: PENDING
10:29:11 INFO  State of current operation: PENDING
10:29:13 INFO  State of current operation: PENDING
10:29:15 INFO  State of current operation: PENDING
10:29:17 INFO  State of current operation: PENDING
10:29:20 INFO  State of current operation: PENDING
10:29:22 INFO  State of current operation: PENDING
10:29:24 INFO  State of current operation: PENDING
10:29:26 INFO  State of current operation: PENDING
10:29:28 INFO  State of current operation: PENDING
10:29:31 INFO  State of current operation: PENDING
10:29:33 INFO  State of current operation: PENDING
10:29:35 INFO  State of current operation: PENDING
10:29:37 INFO  State of current operation: PENDING
10:29:40 INFO  State of current operation: PENDING
10:29:42 INFO  State of current operation: PENDING
10:29:44 INFO  State of current operation: PENDING
10:29:46 INFO  State of current operation: PENDING
10:29:49 INFO  State of current operation: PENDING
10:29:51 INFO  State of current operation: PENDING
10:29:53 INFO  State of current operation: PENDING
10:29:55 INFO  State of current operation: PENDING
10:29:58 INFO  State of current operation: PENDING
10:30:00 INFO  State of current operation: PENDING
10:30:02 INFO  State of current operation: PENDING
10:30:04 INFO  State of current operation: PENDING
10:30:06 INFO  State of current operation: PENDING
10:30:09 INFO  State of current operation: PENDING
10:30:11 INFO  State of current operation: PENDING
10:30:13 INFO  State of current operation: PENDING
10:30:15 INFO  State of current operation: PENDING
10:30:18 INFO  State of current operation: PENDING
10:30:20 INFO  State of current operation: PENDING
10:30:22 INFO  State of current operation: PENDING
10:30:24 INFO  State of current operation: PENDING
10:30:27 INFO  State of current operation: PENDING
10:30:29 INFO  State of current operation: PENDING
10:30:31 INFO  State of current operation: PENDING
10:30:33 INFO  State of current operation: PENDING
10:30:35 INFO  State of current operation: PENDING
10:30:38 INFO  State of current operation: PENDING
10:30:40 INFO  State of current operation: PENDING
10:30:42 INFO  State of current operation: PENDING
10:30:44 INFO  State of current operation: PENDING
10:30:47 INFO  State of current operation: PENDING
10:30:49 INFO  State of current operation: PENDING
10:30:51 INFO  State of current operation: PENDING
10:30:53 INFO  State of current operation: PENDING
10:30:56 INFO  State of current operation: PENDING
10:30:58 INFO  State of current operation: PENDING
10:31:00 INFO  State of current operation: PENDING
10:31:02 INFO  State of current operation: PENDING
10:31:05 INFO  State of current operation: PENDING
10:31:07 INFO  State of current operation: PENDING
10:31:09 WARN  SystemError occurred while running test - Timeout while waiting for status FAILED or SUCCESSFUL
Traceback (most recent call last):
  File &quot;/home/pi/env-pysys/lib/python3.7/site-packages/pysys/baserunner.py&quot;, line 1292, in __call__
    self.testObj.setup()
  File &quot;/home/pi/actions-runner/_work/thin-edge.io/thin-edge.io/tests/PySys/software_management_end_to_end/sm_mixed_install_remove_multiple/run.py&quot;, line 83, in setup
    super().setup()
  File &quot;/home/pi/actions-runner/_work/thin-edge.io/thin-edge.io/tests/PySys/software_management_end_to_end/environment_sm_management.py&quot;, line 151, in setup
    self.wait_until_end()
  File &quot;/home/pi/actions-runner/_work/thin-edge.io/thin-edge.io/tests/PySys/software_management_end_to_end/environment_sm_management.py&quot;, line 332, in wait_until_end
    self.wait_until_status(&quot;FAILED&quot;, &quot;SUCCESSFUL&quot;)
  File &quot;/home/pi/actions-runner/_work/thin-edge.io/thin-edge.io/tests/PySys/software_management_end_to_end/environment_sm_management.py&quot;, line 381, in wait_until_status
    &quot;Timeout while waiting for status %s or %s&quot; % (status, status2)
SystemError: Timeout while waiting for status FAILED or SUCCESSFUL
10:31:09 WARN  SystemError: Timeout while waiting for status FAILED or SUCCESSFUL ... blocked 
10:31:09 INFO  
10:31:09 INFO  cleanup:
10:31:13 INFO  Executed sudo&lt;tedge_disconnect_c8y&gt;, exit status 0
10:31:14 INFO  Executed systemctl&lt;serv_mapper5&gt;, exit status 3
10:31:14 INFO  
10:31:14 INFO  Test duration: 165.71 secs
10:31:14 INFO  Test final outcome:  BLOCKED
10:31:14 INFO  Test outcome reason: SystemError: Timeout while waiting for status FAILED or SUCCESSFUL
10:31:14 INFO  
</system-out>
	</testcase>
</testsuite>
