<?xml version="1.0" encoding="utf-8"?>
<testsuite failures="1" name="SoftwareManagement.sm_apt_install_remove" skipped="0" tests="1" time="164.55" timestamp="2022-04-12T09:49:46">
	<testcase classname="PySysTest" name="SoftwareManagement.sm_apt_install_remove">
		<failure message="BLOCKED: SystemError: Timeout while waiting for status FAILED or SUCCESSFUL" type="BLOCKED"/>
		<system-out>09:47:01 INFO  ==============================================================
09:47:01 INFO  Id:    SoftwareManagement.sm_apt_install_remove
09:47:01 INFO  Dir:   software_management_end_to_end/
09:47:01 INFO  Title: Validate end to end behaviour for the apt plugin for installation and removal of packages
09:47:01 INFO  ==============================================================
09:47:01 INFO  Using sw id database: {'asciijump': '5475369', 'robotfindskitten': '5474869', 'squirrel3': '5475279', 'rolldice': '5152439', 'moon-buggy': '5439204', 'apple': '5495053', 'banana': '5494888', 'cherry': '5495382', 'watermelon': '5494510', 'registry': '8018911', 'hello-world': '8021526', 'docker/getting-started': '8021973', 'alpine': '7991792'}
09:47:01 INFO  EnvironmentC8y Setup
09:47:01 INFO  Executed systemctl&lt;serv_mapper1&gt;, exit status 3
09:47:02 INFO  Restarting mosquitto too frequently in the last 10 seconds. It was only up for 5 seconds
09:47:02 INFO  Delaying execution by 6 seconds
09:47:21 INFO  Executed sudo&lt;tedge_connect_c8y&gt;, exit status 0, duration 13 secs
09:47:22 INFO  Executed sudo&lt;tedge_connect_c8y_test&gt;, exit status 0
09:47:23 INFO  Executed systemctl&lt;serv_mosq2&gt;, exit status 0
09:47:23 INFO  Executed systemctl&lt;serv_mapper3&gt;, exit status 0
09:47:25 INFO  State of current operation: PENDING
09:47:27 INFO  State of current operation: PENDING
09:47:30 INFO  State of current operation: PENDING
09:47:32 INFO  State of current operation: PENDING
09:47:34 INFO  State of current operation: PENDING
09:47:36 INFO  State of current operation: PENDING
09:47:39 INFO  State of current operation: PENDING
09:47:41 INFO  State of current operation: PENDING
09:47:43 INFO  State of current operation: PENDING
09:47:45 INFO  State of current operation: PENDING
09:47:47 INFO  State of current operation: PENDING
09:47:50 INFO  State of current operation: PENDING
09:47:52 INFO  State of current operation: PENDING
09:47:54 INFO  State of current operation: PENDING
09:47:56 INFO  State of current operation: PENDING
09:47:59 INFO  State of current operation: PENDING
09:48:01 INFO  State of current operation: PENDING
09:48:03 INFO  State of current operation: PENDING
09:48:05 INFO  State of current operation: PENDING
09:48:08 INFO  State of current operation: PENDING
09:48:10 INFO  State of current operation: PENDING
09:48:12 INFO  State of current operation: PENDING
09:48:14 INFO  State of current operation: PENDING
09:48:16 INFO  State of current operation: PENDING
09:48:19 INFO  State of current operation: PENDING
09:48:21 INFO  State of current operation: PENDING
09:48:23 INFO  State of current operation: PENDING
09:48:25 INFO  State of current operation: PENDING
09:48:28 INFO  State of current operation: PENDING
09:48:30 INFO  State of current operation: PENDING
09:48:32 INFO  State of current operation: PENDING
09:48:34 INFO  State of current operation: PENDING
09:48:36 INFO  State of current operation: PENDING
09:48:39 INFO  State of current operation: PENDING
09:48:41 INFO  State of current operation: PENDING
09:48:43 INFO  State of current operation: PENDING
09:48:45 INFO  State of current operation: PENDING
09:48:48 INFO  State of current operation: PENDING
09:48:50 INFO  State of current operation: PENDING
09:48:52 INFO  State of current operation: PENDING
09:48:54 INFO  State of current operation: PENDING
09:48:56 INFO  State of current operation: PENDING
09:48:59 INFO  State of current operation: PENDING
09:49:01 INFO  State of current operation: PENDING
09:49:03 INFO  State of current operation: PENDING
09:49:05 INFO  State of current operation: PENDING
09:49:08 INFO  State of current operation: PENDING
09:49:10 INFO  State of current operation: PENDING
09:49:12 INFO  State of current operation: PENDING
09:49:14 INFO  State of current operation: PENDING
09:49:16 INFO  State of current operation: PENDING
09:49:19 INFO  State of current operation: PENDING
09:49:21 INFO  State of current operation: PENDING
09:49:23 INFO  State of current operation: PENDING
09:49:25 INFO  State of current operation: PENDING
09:49:28 INFO  State of current operation: PENDING
09:49:30 INFO  State of current operation: PENDING
09:49:32 INFO  State of current operation: PENDING
09:49:34 INFO  State of current operation: PENDING
09:49:37 INFO  State of current operation: PENDING
09:49:39 INFO  State of current operation: PENDING
09:49:41 WARN  SystemError occurred while running test - Timeout while waiting for status FAILED or SUCCESSFUL
Traceback (most recent call last):
  File &quot;/home/pi/env-pysys/lib/python3.7/site-packages/pysys/baserunner.py&quot;, line 1292, in __call__
    self.testObj.setup()
  File &quot;/home/pi/actions-runner/_work/thin-edge.io/thin-edge.io/tests/PySys/software_management_end_to_end/sm_apt_install_remove/run.py&quot;, line 27, in setup
    super().setup()
  File &quot;/home/pi/actions-runner/_work/thin-edge.io/thin-edge.io/tests/PySys/software_management_end_to_end/environment_sm_management.py&quot;, line 151, in setup
    self.wait_until_end()
  File &quot;/home/pi/actions-runner/_work/thin-edge.io/thin-edge.io/tests/PySys/software_management_end_to_end/environment_sm_management.py&quot;, line 332, in wait_until_end
    self.wait_until_status(&quot;FAILED&quot;, &quot;SUCCESSFUL&quot;)
  File &quot;/home/pi/actions-runner/_work/thin-edge.io/thin-edge.io/tests/PySys/software_management_end_to_end/environment_sm_management.py&quot;, line 381, in wait_until_status
    &quot;Timeout while waiting for status %s or %s&quot; % (status, status2)
SystemError: Timeout while waiting for status FAILED or SUCCESSFUL
09:49:41 WARN  SystemError: Timeout while waiting for status FAILED or SUCCESSFUL ... blocked 
09:49:41 INFO  
09:49:41 INFO  cleanup:
09:49:45 INFO  Executed sudo&lt;tedge_disconnect_c8y&gt;, exit status 0
09:49:45 INFO  Executed systemctl&lt;serv_mapper5&gt;, exit status 3
09:49:45 INFO  
09:49:46 INFO  Test duration: 164.55 secs
09:49:46 INFO  Test final outcome:  BLOCKED
09:49:46 INFO  Test outcome reason: SystemError: Timeout while waiting for status FAILED or SUCCESSFUL
09:49:46 INFO  
</system-out>
	</testcase>
</testsuite>
