<?xml version="1.0" encoding="utf-8"?>
<testsuite failures="1" name="SoftwareManagement.sm_apt_install_remove_with_version" skipped="0" tests="1" time="165.67" timestamp="2022-04-12T10:00:46">
	<testcase classname="PySysTest" name="SoftwareManagement.sm_apt_install_remove_with_version">
		<failure message="BLOCKED: SystemError: Timeout while waiting for status FAILED or SUCCESSFUL" type="BLOCKED"/>
		<system-out>09:58:01 INFO  ==============================================================
09:58:01 INFO  Id:    SoftwareManagement.sm_apt_install_remove_with_version
09:58:01 INFO  Dir:   software_management_end_to_end/
09:58:01 INFO  Title: Validate end to end behaviour for the apt plugin for packages with version
09:58:01 INFO  ==============================================================
09:58:01 INFO  Using sw id database: {'asciijump': '5475369', 'robotfindskitten': '5474869', 'squirrel3': '5475279', 'rolldice': '5152439', 'moon-buggy': '5439204', 'apple': '5495053', 'banana': '5494888', 'cherry': '5495382', 'watermelon': '5494510', 'registry': '8018911', 'hello-world': '8021526', 'docker/getting-started': '8021973', 'alpine': '7991792'}
09:58:01 INFO  EnvironmentC8y Setup
09:58:01 INFO  Executed systemctl&lt;serv_mapper1&gt;, exit status 3
09:58:01 INFO  Restarting mosquitto too frequently in the last 10 seconds. It was only up for 4 seconds
09:58:01 INFO  Delaying execution by 7 seconds
09:58:22 INFO  Executed sudo&lt;tedge_connect_c8y&gt;, exit status 0, duration 13 secs
09:58:23 INFO  Executed sudo&lt;tedge_connect_c8y_test&gt;, exit status 0
09:58:23 INFO  Executed systemctl&lt;serv_mosq2&gt;, exit status 0
09:58:24 INFO  Executed systemctl&lt;serv_mapper3&gt;, exit status 0
09:58:26 INFO  State of current operation: PENDING
09:58:28 INFO  State of current operation: PENDING
09:58:30 INFO  State of current operation: PENDING
09:58:33 INFO  State of current operation: PENDING
09:58:35 INFO  State of current operation: PENDING
09:58:37 INFO  State of current operation: PENDING
09:58:39 INFO  State of current operation: PENDING
09:58:41 INFO  State of current operation: PENDING
09:58:44 INFO  State of current operation: PENDING
09:58:46 INFO  State of current operation: PENDING
09:58:48 INFO  State of current operation: PENDING
09:58:50 INFO  State of current operation: PENDING
09:58:53 INFO  State of current operation: PENDING
09:58:55 INFO  State of current operation: PENDING
09:58:57 INFO  State of current operation: PENDING
09:58:59 INFO  State of current operation: PENDING
09:59:02 INFO  State of current operation: PENDING
09:59:04 INFO  State of current operation: PENDING
09:59:06 INFO  State of current operation: PENDING
09:59:08 INFO  State of current operation: PENDING
09:59:10 INFO  State of current operation: PENDING
09:59:13 INFO  State of current operation: PENDING
09:59:15 INFO  State of current operation: PENDING
09:59:17 INFO  State of current operation: PENDING
09:59:19 INFO  State of current operation: PENDING
09:59:22 INFO  State of current operation: PENDING
09:59:24 INFO  State of current operation: PENDING
09:59:26 INFO  State of current operation: PENDING
09:59:28 INFO  State of current operation: PENDING
09:59:30 INFO  State of current operation: PENDING
09:59:33 INFO  State of current operation: PENDING
09:59:35 INFO  State of current operation: PENDING
09:59:37 INFO  State of current operation: PENDING
09:59:39 INFO  State of current operation: PENDING
09:59:42 INFO  State of current operation: PENDING
09:59:44 INFO  State of current operation: PENDING
09:59:46 INFO  State of current operation: PENDING
09:59:48 INFO  State of current operation: PENDING
09:59:51 INFO  State of current operation: PENDING
09:59:53 INFO  State of current operation: PENDING
09:59:55 INFO  State of current operation: PENDING
09:59:57 INFO  State of current operation: PENDING
09:59:59 INFO  State of current operation: PENDING
10:00:02 INFO  State of current operation: PENDING
10:00:04 INFO  State of current operation: PENDING
10:00:06 INFO  State of current operation: PENDING
10:00:08 INFO  State of current operation: PENDING
10:00:11 INFO  State of current operation: PENDING
10:00:13 INFO  State of current operation: PENDING
10:00:15 INFO  State of current operation: PENDING
10:00:17 INFO  State of current operation: PENDING
10:00:20 INFO  State of current operation: PENDING
10:00:22 INFO  State of current operation: PENDING
10:00:24 INFO  State of current operation: PENDING
10:00:26 INFO  State of current operation: PENDING
10:00:29 INFO  State of current operation: PENDING
10:00:31 INFO  State of current operation: PENDING
10:00:33 INFO  State of current operation: PENDING
10:00:35 INFO  State of current operation: PENDING
10:00:37 INFO  State of current operation: PENDING
10:00:40 INFO  State of current operation: PENDING
10:00:42 WARN  SystemError occurred while running test - Timeout while waiting for status FAILED or SUCCESSFUL
Traceback (most recent call last):
  File &quot;/home/pi/env-pysys/lib/python3.7/site-packages/pysys/baserunner.py&quot;, line 1292, in __call__
    self.testObj.setup()
  File &quot;/home/pi/actions-runner/_work/thin-edge.io/thin-edge.io/tests/PySys/software_management_end_to_end/sm_apt_install_remove_with_version/run.py&quot;, line 27, in setup
    super().setup()
  File &quot;/home/pi/actions-runner/_work/thin-edge.io/thin-edge.io/tests/PySys/software_management_end_to_end/environment_sm_management.py&quot;, line 151, in setup
    self.wait_until_end()
  File &quot;/home/pi/actions-runner/_work/thin-edge.io/thin-edge.io/tests/PySys/software_management_end_to_end/environment_sm_management.py&quot;, line 332, in wait_until_end
    self.wait_until_status(&quot;FAILED&quot;, &quot;SUCCESSFUL&quot;)
  File &quot;/home/pi/actions-runner/_work/thin-edge.io/thin-edge.io/tests/PySys/software_management_end_to_end/environment_sm_management.py&quot;, line 381, in wait_until_status
    &quot;Timeout while waiting for status %s or %s&quot; % (status, status2)
SystemError: Timeout while waiting for status FAILED or SUCCESSFUL
10:00:42 WARN  SystemError: Timeout while waiting for status FAILED or SUCCESSFUL ... blocked 
10:00:42 INFO  
10:00:42 INFO  cleanup:
10:00:46 INFO  Executed sudo&lt;tedge_disconnect_c8y&gt;, exit status 0
10:00:46 INFO  Executed systemctl&lt;serv_mapper5&gt;, exit status 3
10:00:46 INFO  
10:00:46 INFO  Test duration: 165.67 secs
10:00:46 INFO  Test final outcome:  BLOCKED
10:00:46 INFO  Test outcome reason: SystemError: Timeout while waiting for status FAILED or SUCCESSFUL
10:00:46 INFO  
</system-out>
	</testcase>
</testsuite>
