<?xml version="1.0" encoding="utf-8"?>
<testsuite failures="0" name="SoftwareManagement.sm_mapper_fail_and_reconnect" skipped="1" tests="1" time="0.21" timestamp="2022-04-08T10:57:22">
	<testcase classname="MapperC8yReceiveLastMessageOnRestart" name="SoftwareManagement.sm_mapper_fail_and_reconnect">
		<skipped message="SKIPPED: instable https://github.com/thin-edge/thin-edge.io/issues/752"/>
		<system-out>10:57:22 INFO  ==============================================================
10:57:22 INFO  Id:    SoftwareManagement.sm_mapper_fail_and_reconnect
10:57:22 INFO  Dir:   software_management_end_to_end/
10:57:22 INFO  Title: Validate the tedge-mapper-sm-c8y for receiving the last message on restart
10:57:22 DEBUG Execution order hint: 0.0
10:57:22 INFO  ==============================================================
10:57:22 INFO  instable https://github.com/thin-edge/thin-edge.io/issues/752 ... skipped
10:57:22 DEBUG --- test cleanup
10:57:22 DEBUG ProcessUser cleanup function done.
10:57:22 INFO  
10:57:22 INFO  Test duration: 0.21 secs
10:57:22 INFO  Test final outcome:  SKIPPED
10:57:22 INFO  Test outcome reason: instable https://github.com/thin-edge/thin-edge.io/issues/752
10:57:22 INFO  
</system-out>
	</testcase>
</testsuite>
