<?xml version="1.0" encoding="utf-8"?>
<testsuite failures="1" name="SoftwareManagement.sm_apt_install_fail" skipped="0" tests="1" time="165.46" timestamp="2022-04-12T09:47:01">
	<testcase classname="PySysTest" name="SoftwareManagement.sm_apt_install_fail">
		<failure message="BLOCKED: SystemError: Timeout while waiting for status FAILED or SUCCESSFUL" type="BLOCKED"/>
		<system-out>09:44:15 INFO  ==============================================================
09:44:15 INFO  Id:    SoftwareManagement.sm_apt_install_fail
09:44:15 INFO  Dir:   software_management_end_to_end/
09:44:15 INFO  Title: Validate end to end behaviour for a failing installation
09:44:15 INFO  ==============================================================
09:44:15 INFO  Using sw id database: {'asciijump': '5475369', 'robotfindskitten': '5474869', 'squirrel3': '5475279', 'rolldice': '5152439', 'moon-buggy': '5439204', 'apple': '5495053', 'banana': '5494888', 'cherry': '5495382', 'watermelon': '5494510', 'registry': '8018911', 'hello-world': '8021526', 'docker/getting-started': '8021973', 'alpine': '7991792'}
09:44:15 INFO  EnvironmentC8y Setup
09:44:16 INFO  Executed systemctl&lt;serv_mapper1&gt;, exit status 3
09:44:16 INFO  Restarting mosquitto too frequently in the last 10 seconds. It was only up for 4 seconds
09:44:16 INFO  Delaying execution by 7 seconds
09:44:37 INFO  Executed sudo&lt;tedge_connect_c8y&gt;, exit status 0, duration 13 secs
09:44:38 INFO  Executed sudo&lt;tedge_connect_c8y_test&gt;, exit status 0
09:44:38 INFO  Executed systemctl&lt;serv_mosq2&gt;, exit status 0
09:44:39 INFO  Executed systemctl&lt;serv_mapper3&gt;, exit status 0
09:44:41 INFO  State of current operation: PENDING
09:44:43 INFO  State of current operation: PENDING
09:44:45 INFO  State of current operation: PENDING
09:44:47 INFO  State of current operation: PENDING
09:44:50 INFO  State of current operation: PENDING
09:44:52 INFO  State of current operation: PENDING
09:44:54 INFO  State of current operation: PENDING
09:44:56 INFO  State of current operation: PENDING
09:44:59 INFO  State of current operation: PENDING
09:45:01 INFO  State of current operation: PENDING
09:45:03 INFO  State of current operation: PENDING
09:45:05 INFO  State of current operation: PENDING
09:45:08 INFO  State of current operation: PENDING
09:45:10 INFO  State of current operation: PENDING
09:45:12 INFO  State of current operation: PENDING
09:45:14 INFO  State of current operation: PENDING
09:45:16 INFO  State of current operation: PENDING
09:45:19 INFO  State of current operation: PENDING
09:45:21 INFO  State of current operation: PENDING
09:45:23 INFO  State of current operation: PENDING
09:45:25 INFO  State of current operation: PENDING
09:45:28 INFO  State of current operation: PENDING
09:45:30 INFO  State of current operation: PENDING
09:45:32 INFO  State of current operation: PENDING
09:45:34 INFO  State of current operation: PENDING
09:45:36 INFO  State of current operation: PENDING
09:45:39 INFO  State of current operation: PENDING
09:45:41 INFO  State of current operation: PENDING
09:45:43 INFO  State of current operation: PENDING
09:45:45 INFO  State of current operation: PENDING
09:45:48 INFO  State of current operation: PENDING
09:45:50 INFO  State of current operation: PENDING
09:45:52 INFO  State of current operation: PENDING
09:45:54 INFO  State of current operation: PENDING
09:45:56 INFO  State of current operation: PENDING
09:45:59 INFO  State of current operation: PENDING
09:46:01 INFO  State of current operation: PENDING
09:46:03 INFO  State of current operation: PENDING
09:46:05 INFO  State of current operation: PENDING
09:46:08 INFO  State of current operation: PENDING
09:46:10 INFO  State of current operation: PENDING
09:46:12 INFO  State of current operation: PENDING
09:46:14 INFO  State of current operation: PENDING
09:46:16 INFO  State of current operation: PENDING
09:46:19 INFO  State of current operation: PENDING
09:46:21 INFO  State of current operation: PENDING
09:46:23 INFO  State of current operation: PENDING
09:46:25 INFO  State of current operation: PENDING
09:46:28 INFO  State of current operation: PENDING
09:46:30 INFO  State of current operation: PENDING
09:46:32 INFO  State of current operation: PENDING
09:46:34 INFO  State of current operation: PENDING
09:46:36 INFO  State of current operation: PENDING
09:46:39 INFO  State of current operation: PENDING
09:46:41 INFO  State of current operation: PENDING
09:46:43 INFO  State of current operation: PENDING
09:46:45 INFO  State of current operation: PENDING
09:46:48 INFO  State of current operation: PENDING
09:46:50 INFO  State of current operation: PENDING
09:46:52 INFO  State of current operation: PENDING
09:46:54 INFO  State of current operation: PENDING
09:46:56 WARN  SystemError occurred while running test - Timeout while waiting for status FAILED or SUCCESSFUL
Traceback (most recent call last):
  File &quot;/home/pi/env-pysys/lib/python3.7/site-packages/pysys/baserunner.py&quot;, line 1292, in __call__
    self.testObj.setup()
  File &quot;/home/pi/actions-runner/_work/thin-edge.io/thin-edge.io/tests/PySys/software_management_end_to_end/sm_apt_install_fail/run.py&quot;, line 20, in setup
    super().setup()
  File &quot;/home/pi/actions-runner/_work/thin-edge.io/thin-edge.io/tests/PySys/software_management_end_to_end/environment_sm_management.py&quot;, line 151, in setup
    self.wait_until_end()
  File &quot;/home/pi/actions-runner/_work/thin-edge.io/thin-edge.io/tests/PySys/software_management_end_to_end/environment_sm_management.py&quot;, line 332, in wait_until_end
    self.wait_until_status(&quot;FAILED&quot;, &quot;SUCCESSFUL&quot;)
  File &quot;/home/pi/actions-runner/_work/thin-edge.io/thin-edge.io/tests/PySys/software_management_end_to_end/environment_sm_management.py&quot;, line 381, in wait_until_status
    &quot;Timeout while waiting for status %s or %s&quot; % (status, status2)
SystemError: Timeout while waiting for status FAILED or SUCCESSFUL
09:46:56 WARN  SystemError: Timeout while waiting for status FAILED or SUCCESSFUL ... blocked 
09:46:56 INFO  
09:46:56 INFO  cleanup:
09:47:00 INFO  Executed sudo&lt;tedge_disconnect_c8y&gt;, exit status 0
09:47:01 INFO  Executed systemctl&lt;serv_mapper5&gt;, exit status 3
09:47:01 INFO  
09:47:01 INFO  Test duration: 165.46 secs
09:47:01 INFO  Test final outcome:  BLOCKED
09:47:01 INFO  Test outcome reason: SystemError: Timeout while waiting for status FAILED or SUCCESSFUL
09:47:01 INFO  
</system-out>
	</testcase>
</testsuite>
