<?xml version="1.0" encoding="utf-8"?>
<testsuite failures="1" name="SoftwareManagement.sm_apt_install_remove_multiple_mixed" skipped="0" tests="1" time="164.73" timestamp="2022-04-15T10:17:25">
	<testcase classname="PySysTest" name="SoftwareManagement.sm_apt_install_remove_multiple_mixed">
		<failure message="BLOCKED: SystemError: Timeout while waiting for status FAILED or SUCCESSFUL" type="BLOCKED"/>
		<system-out>10:14:40 INFO  ==============================================================
10:14:40 INFO  Id:    SoftwareManagement.sm_apt_install_remove_multiple_mixed
10:14:40 INFO  Dir:   software_management_end_to_end/
10:14:40 INFO  Title: Validate end to end behaviour for the apt plugin for multiple packages with mixed versions
10:14:40 INFO  ==============================================================
10:14:40 INFO  Using sw id database: {'asciijump': '5475369', 'robotfindskitten': '5474869', 'squirrel3': '5475279', 'rolldice': '5152439', 'moon-buggy': '5439204', 'apple': '5495053', 'banana': '5494888', 'cherry': '5495382', 'watermelon': '5494510', 'registry': '8018911', 'hello-world': '8021526', 'docker/getting-started': '8021973', 'alpine': '7991792'}
10:14:40 INFO  EnvironmentC8y Setup
10:14:41 INFO  Executed systemctl&lt;serv_mapper1&gt;, exit status 3
10:14:41 INFO  Restarting mosquitto too frequently in the last 10 seconds. It was only up for 5 seconds
10:14:41 INFO  Delaying execution by 6 seconds
10:15:00 INFO  Executed sudo&lt;tedge_connect_c8y&gt;, exit status 0, duration 13 secs
10:15:01 INFO  Executed sudo&lt;tedge_connect_c8y_test&gt;, exit status 0
10:15:02 INFO  Executed systemctl&lt;serv_mosq2&gt;, exit status 0
10:15:02 INFO  Executed systemctl&lt;serv_mapper3&gt;, exit status 0
10:15:04 INFO  State of current operation: PENDING
10:15:07 INFO  State of current operation: PENDING
10:15:09 INFO  State of current operation: PENDING
10:15:11 INFO  State of current operation: PENDING
10:15:13 INFO  State of current operation: PENDING
10:15:15 INFO  State of current operation: PENDING
10:15:18 INFO  State of current operation: PENDING
10:15:20 INFO  State of current operation: PENDING
10:15:22 INFO  State of current operation: PENDING
10:15:24 INFO  State of current operation: PENDING
10:15:27 INFO  State of current operation: PENDING
10:15:29 INFO  State of current operation: PENDING
10:15:31 INFO  State of current operation: PENDING
10:15:33 INFO  State of current operation: PENDING
10:15:36 INFO  State of current operation: PENDING
10:15:38 INFO  State of current operation: PENDING
10:15:40 INFO  State of current operation: PENDING
10:15:42 INFO  State of current operation: PENDING
10:15:45 INFO  State of current operation: PENDING
10:15:47 INFO  State of current operation: PENDING
10:15:49 INFO  State of current operation: PENDING
10:15:51 INFO  State of current operation: PENDING
10:15:53 INFO  State of current operation: PENDING
10:15:56 INFO  State of current operation: PENDING
10:15:58 INFO  State of current operation: PENDING
10:16:00 INFO  State of current operation: PENDING
10:16:02 INFO  State of current operation: PENDING
10:16:05 INFO  State of current operation: PENDING
10:16:07 INFO  State of current operation: PENDING
10:16:09 INFO  State of current operation: PENDING
10:16:11 INFO  State of current operation: PENDING
10:16:13 INFO  State of current operation: PENDING
10:16:16 INFO  State of current operation: PENDING
10:16:18 INFO  State of current operation: PENDING
10:16:20 INFO  State of current operation: PENDING
10:16:22 INFO  State of current operation: PENDING
10:16:25 INFO  State of current operation: PENDING
10:16:27 INFO  State of current operation: PENDING
10:16:29 INFO  State of current operation: PENDING
10:16:31 INFO  State of current operation: PENDING
10:16:34 INFO  State of current operation: PENDING
10:16:36 INFO  State of current operation: PENDING
10:16:38 INFO  State of current operation: PENDING
10:16:40 INFO  State of current operation: PENDING
10:16:43 INFO  State of current operation: PENDING
10:16:45 INFO  State of current operation: PENDING
10:16:47 INFO  State of current operation: PENDING
10:16:49 INFO  State of current operation: PENDING
10:16:51 INFO  State of current operation: PENDING
10:16:54 INFO  State of current operation: PENDING
10:16:56 INFO  State of current operation: PENDING
10:16:58 INFO  State of current operation: PENDING
10:17:00 INFO  State of current operation: PENDING
10:17:03 INFO  State of current operation: PENDING
10:17:05 INFO  State of current operation: PENDING
10:17:07 INFO  State of current operation: PENDING
10:17:09 INFO  State of current operation: PENDING
10:17:11 INFO  State of current operation: PENDING
10:17:14 INFO  State of current operation: PENDING
10:17:16 INFO  State of current operation: PENDING
10:17:18 INFO  State of current operation: PENDING
10:17:20 WARN  SystemError occurred while running test - Timeout while waiting for status FAILED or SUCCESSFUL
Traceback (most recent call last):
  File &quot;/home/pi/env-pysys/lib/python3.7/site-packages/pysys/baserunner.py&quot;, line 1292, in __call__
    self.testObj.setup()
  File &quot;/home/pi/actions-runner/_work/thin-edge.io/thin-edge.io/tests/PySys/software_management_end_to_end/sm_apt_install_remove_multiple_mixed/run.py&quot;, line 73, in setup
    super().setup()
  File &quot;/home/pi/actions-runner/_work/thin-edge.io/thin-edge.io/tests/PySys/software_management_end_to_end/environment_sm_management.py&quot;, line 151, in setup
    self.wait_until_end()
  File &quot;/home/pi/actions-runner/_work/thin-edge.io/thin-edge.io/tests/PySys/software_management_end_to_end/environment_sm_management.py&quot;, line 332, in wait_until_end
    self.wait_until_status(&quot;FAILED&quot;, &quot;SUCCESSFUL&quot;)
  File &quot;/home/pi/actions-runner/_work/thin-edge.io/thin-edge.io/tests/PySys/software_management_end_to_end/environment_sm_management.py&quot;, line 381, in wait_until_status
    &quot;Timeout while waiting for status %s or %s&quot; % (status, status2)
SystemError: Timeout while waiting for status FAILED or SUCCESSFUL
10:17:20 WARN  SystemError: Timeout while waiting for status FAILED or SUCCESSFUL ... blocked 
10:17:20 INFO  
10:17:20 INFO  cleanup:
10:17:24 INFO  Executed sudo&lt;tedge_disconnect_c8y&gt;, exit status 0
10:17:25 INFO  Executed systemctl&lt;serv_mapper5&gt;, exit status 3
10:17:25 INFO  
10:17:25 INFO  Test duration: 164.73 secs
10:17:25 INFO  Test final outcome:  BLOCKED
10:17:25 INFO  Test outcome reason: SystemError: Timeout while waiting for status FAILED or SUCCESSFUL
10:17:25 INFO  
</system-out>
	</testcase>
</testsuite>
