<?xml version="1.0" encoding="utf-8"?>
<testsuite failures="1" name="SoftwareManagement.sm_apt_install_remove_default" skipped="0" tests="1" time="165.77" timestamp="2022-04-15T10:11:54">
	<testcase classname="PySysTest" name="SoftwareManagement.sm_apt_install_remove_default">
		<failure message="BLOCKED: SystemError: Timeout while waiting for status FAILED or SUCCESSFUL" type="BLOCKED"/>
		<system-out>10:09:08 INFO  ==============================================================
10:09:08 INFO  Id:    SoftwareManagement.sm_apt_install_remove_default
10:09:08 INFO  Dir:   software_management_end_to_end/
10:09:08 INFO  Title: Validate end to end behaviour for the default plugin for installation and removal of packages
10:09:08 INFO  ==============================================================
10:09:08 INFO  Using sw id database: {'asciijump': '5475369', 'robotfindskitten': '5474869', 'squirrel3': '5475279', 'rolldice': '5152439', 'moon-buggy': '5439204', 'apple': '5495053', 'banana': '5494888', 'cherry': '5495382', 'watermelon': '5494510', 'registry': '8018911', 'hello-world': '8021526', 'docker/getting-started': '8021973', 'alpine': '7991792'}
10:09:08 INFO  EnvironmentC8y Setup
10:09:09 INFO  Executed systemctl&lt;serv_mapper1&gt;, exit status 3
10:09:09 INFO  Restarting mosquitto too frequently in the last 10 seconds. It was only up for 5 seconds
10:09:09 INFO  Delaying execution by 6 seconds
10:09:29 INFO  Executed sudo&lt;tedge_connect_c8y&gt;, exit status 0, duration 14 secs
10:09:30 INFO  Executed sudo&lt;tedge_connect_c8y_test&gt;, exit status 0
10:09:30 INFO  Executed systemctl&lt;serv_mosq2&gt;, exit status 0
10:09:31 INFO  Executed systemctl&lt;serv_mapper3&gt;, exit status 0
10:09:33 INFO  State of current operation: PENDING
10:09:35 INFO  State of current operation: PENDING
10:09:38 INFO  State of current operation: PENDING
10:09:40 INFO  State of current operation: PENDING
10:09:42 INFO  State of current operation: PENDING
10:09:44 INFO  State of current operation: PENDING
10:09:47 INFO  State of current operation: PENDING
10:09:49 INFO  State of current operation: PENDING
10:09:51 INFO  State of current operation: PENDING
10:09:53 INFO  State of current operation: PENDING
10:09:56 INFO  State of current operation: PENDING
10:09:58 INFO  State of current operation: PENDING
10:10:00 INFO  State of current operation: PENDING
10:10:02 INFO  State of current operation: PENDING
10:10:05 INFO  State of current operation: PENDING
10:10:07 INFO  State of current operation: PENDING
10:10:09 INFO  State of current operation: PENDING
10:10:11 INFO  State of current operation: PENDING
10:10:13 INFO  State of current operation: PENDING
10:10:16 INFO  State of current operation: PENDING
10:10:18 INFO  State of current operation: PENDING
10:10:20 INFO  State of current operation: PENDING
10:10:22 INFO  State of current operation: PENDING
10:10:25 INFO  State of current operation: PENDING
10:10:27 INFO  State of current operation: PENDING
10:10:29 INFO  State of current operation: PENDING
10:10:31 INFO  State of current operation: PENDING
10:10:33 INFO  State of current operation: PENDING
10:10:36 INFO  State of current operation: PENDING
10:10:38 INFO  State of current operation: PENDING
10:10:40 INFO  State of current operation: PENDING
10:10:42 INFO  State of current operation: PENDING
10:10:45 INFO  State of current operation: PENDING
10:10:47 INFO  State of current operation: PENDING
10:10:49 INFO  State of current operation: PENDING
10:10:51 INFO  State of current operation: PENDING
10:10:53 INFO  State of current operation: PENDING
10:10:56 INFO  State of current operation: PENDING
10:10:58 INFO  State of current operation: PENDING
10:11:00 INFO  State of current operation: PENDING
10:11:02 INFO  State of current operation: PENDING
10:11:05 INFO  State of current operation: PENDING
10:11:07 INFO  State of current operation: PENDING
10:11:09 INFO  State of current operation: PENDING
10:11:11 INFO  State of current operation: PENDING
10:11:14 INFO  State of current operation: PENDING
10:11:16 INFO  State of current operation: PENDING
10:11:18 INFO  State of current operation: PENDING
10:11:20 INFO  State of current operation: PENDING
10:11:22 INFO  State of current operation: PENDING
10:11:25 INFO  State of current operation: PENDING
10:11:27 INFO  State of current operation: PENDING
10:11:29 INFO  State of current operation: PENDING
10:11:31 INFO  State of current operation: PENDING
10:11:34 INFO  State of current operation: PENDING
10:11:36 INFO  State of current operation: PENDING
10:11:38 INFO  State of current operation: PENDING
10:11:40 INFO  State of current operation: PENDING
10:11:42 INFO  State of current operation: PENDING
10:11:45 INFO  State of current operation: PENDING
10:11:47 INFO  State of current operation: PENDING
10:11:49 WARN  SystemError occurred while running test - Timeout while waiting for status FAILED or SUCCESSFUL
Traceback (most recent call last):
  File &quot;/home/pi/env-pysys/lib/python3.7/site-packages/pysys/baserunner.py&quot;, line 1292, in __call__
    self.testObj.setup()
  File &quot;/home/pi/actions-runner/_work/thin-edge.io/thin-edge.io/tests/PySys/software_management_end_to_end/sm_apt_install_remove_default/run.py&quot;, line 26, in setup
    super().setup()
  File &quot;/home/pi/actions-runner/_work/thin-edge.io/thin-edge.io/tests/PySys/software_management_end_to_end/environment_sm_management.py&quot;, line 151, in setup
    self.wait_until_end()
  File &quot;/home/pi/actions-runner/_work/thin-edge.io/thin-edge.io/tests/PySys/software_management_end_to_end/environment_sm_management.py&quot;, line 332, in wait_until_end
    self.wait_until_status(&quot;FAILED&quot;, &quot;SUCCESSFUL&quot;)
  File &quot;/home/pi/actions-runner/_work/thin-edge.io/thin-edge.io/tests/PySys/software_management_end_to_end/environment_sm_management.py&quot;, line 381, in wait_until_status
    &quot;Timeout while waiting for status %s or %s&quot; % (status, status2)
SystemError: Timeout while waiting for status FAILED or SUCCESSFUL
10:11:49 WARN  SystemError: Timeout while waiting for status FAILED or SUCCESSFUL ... blocked 
10:11:49 INFO  
10:11:49 INFO  cleanup:
10:11:53 INFO  Executed sudo&lt;tedge_disconnect_c8y&gt;, exit status 0
10:11:54 INFO  Executed systemctl&lt;serv_mapper5&gt;, exit status 3
10:11:54 INFO  
10:11:54 INFO  Test duration: 165.77 secs
10:11:54 INFO  Test final outcome:  BLOCKED
10:11:54 INFO  Test outcome reason: SystemError: Timeout while waiting for status FAILED or SUCCESSFUL
10:11:54 INFO  
</system-out>
	</testcase>
</testsuite>
