<?xml version="1.0" encoding="utf-8"?>
<testsuite failures="1" name="SoftwareManagement.sm_fake_install_remove" skipped="0" tests="1" time="165.86" timestamp="2022-04-15T10:25:43">
	<testcase classname="PySysTest" name="SoftwareManagement.sm_fake_install_remove">
		<failure message="BLOCKED: SystemError: Timeout while waiting for status FAILED or SUCCESSFUL" type="BLOCKED"/>
		<system-out>10:22:57 INFO  ==============================================================
10:22:57 INFO  Id:    SoftwareManagement.sm_fake_install_remove
10:22:57 INFO  Dir:   software_management_end_to_end/
10:22:57 INFO  Title: Validate end to end behaviour for the dummy plugin for installation and removal of packages
10:22:57 INFO  ==============================================================
10:22:57 INFO  Using sw id database: {'asciijump': '5475369', 'robotfindskitten': '5474869', 'squirrel3': '5475279', 'rolldice': '5152439', 'moon-buggy': '5439204', 'apple': '5495053', 'banana': '5494888', 'cherry': '5495382', 'watermelon': '5494510', 'registry': '8018911', 'hello-world': '8021526', 'docker/getting-started': '8021973', 'alpine': '7991792'}
10:22:57 INFO  EnvironmentC8y Setup
10:22:58 INFO  Executed systemctl&lt;serv_mapper1&gt;, exit status 3
10:22:58 INFO  Restarting mosquitto too frequently in the last 10 seconds. It was only up for 5 seconds
10:22:58 INFO  Delaying execution by 6 seconds
10:23:18 INFO  Executed sudo&lt;tedge_connect_c8y&gt;, exit status 0, duration 14 secs
10:23:18 INFO  Executed sudo&lt;tedge_connect_c8y_test&gt;, exit status 0
10:23:19 INFO  Executed systemctl&lt;serv_mosq2&gt;, exit status 0
10:23:19 INFO  Executed systemctl&lt;serv_mapper3&gt;, exit status 0
10:23:22 INFO  State of current operation: PENDING
10:23:24 INFO  State of current operation: PENDING
10:23:26 INFO  State of current operation: PENDING
10:23:28 INFO  State of current operation: PENDING
10:23:30 INFO  State of current operation: PENDING
10:23:33 INFO  State of current operation: PENDING
10:23:35 INFO  State of current operation: PENDING
10:23:37 INFO  State of current operation: PENDING
10:23:39 INFO  State of current operation: PENDING
10:23:42 INFO  State of current operation: PENDING
10:23:44 INFO  State of current operation: PENDING
10:23:46 INFO  State of current operation: PENDING
10:23:48 INFO  State of current operation: PENDING
10:23:51 INFO  State of current operation: PENDING
10:23:53 INFO  State of current operation: PENDING
10:23:55 INFO  State of current operation: PENDING
10:23:57 INFO  State of current operation: PENDING
10:23:59 INFO  State of current operation: PENDING
10:24:02 INFO  State of current operation: PENDING
10:24:04 INFO  State of current operation: PENDING
10:24:07 INFO  State of current operation: PENDING
10:24:09 INFO  State of current operation: PENDING
10:24:11 INFO  State of current operation: PENDING
10:24:13 INFO  State of current operation: PENDING
10:24:15 INFO  State of current operation: PENDING
10:24:18 INFO  State of current operation: PENDING
10:24:20 INFO  State of current operation: PENDING
10:24:22 INFO  State of current operation: PENDING
10:24:24 INFO  State of current operation: PENDING
10:24:27 INFO  State of current operation: PENDING
10:24:29 INFO  State of current operation: PENDING
10:24:31 INFO  State of current operation: PENDING
10:24:33 INFO  State of current operation: PENDING
10:24:35 INFO  State of current operation: PENDING
10:24:38 INFO  State of current operation: PENDING
10:24:40 INFO  State of current operation: PENDING
10:24:42 INFO  State of current operation: PENDING
10:24:44 INFO  State of current operation: PENDING
10:24:47 INFO  State of current operation: PENDING
10:24:49 INFO  State of current operation: PENDING
10:24:51 INFO  State of current operation: PENDING
10:24:53 INFO  State of current operation: PENDING
10:24:56 INFO  State of current operation: PENDING
10:24:58 INFO  State of current operation: PENDING
10:25:00 INFO  State of current operation: PENDING
10:25:02 INFO  State of current operation: PENDING
10:25:05 INFO  State of current operation: PENDING
10:25:07 INFO  State of current operation: PENDING
10:25:09 INFO  State of current operation: PENDING
10:25:11 INFO  State of current operation: PENDING
10:25:13 INFO  State of current operation: PENDING
10:25:16 INFO  State of current operation: PENDING
10:25:18 INFO  State of current operation: PENDING
10:25:20 INFO  State of current operation: PENDING
10:25:22 INFO  State of current operation: PENDING
10:25:25 INFO  State of current operation: PENDING
10:25:27 INFO  State of current operation: PENDING
10:25:29 INFO  State of current operation: PENDING
10:25:31 INFO  State of current operation: PENDING
10:25:33 INFO  State of current operation: PENDING
10:25:36 INFO  State of current operation: PENDING
10:25:38 WARN  SystemError occurred while running test - Timeout while waiting for status FAILED or SUCCESSFUL
Traceback (most recent call last):
  File &quot;/home/pi/env-pysys/lib/python3.7/site-packages/pysys/baserunner.py&quot;, line 1292, in __call__
    self.testObj.setup()
  File &quot;/home/pi/actions-runner/_work/thin-edge.io/thin-edge.io/tests/PySys/software_management_end_to_end/sm_fake_install_remove/run.py&quot;, line 38, in setup
    super().setup()
  File &quot;/home/pi/actions-runner/_work/thin-edge.io/thin-edge.io/tests/PySys/software_management_end_to_end/environment_sm_management.py&quot;, line 151, in setup
    self.wait_until_end()
  File &quot;/home/pi/actions-runner/_work/thin-edge.io/thin-edge.io/tests/PySys/software_management_end_to_end/environment_sm_management.py&quot;, line 332, in wait_until_end
    self.wait_until_status(&quot;FAILED&quot;, &quot;SUCCESSFUL&quot;)
  File &quot;/home/pi/actions-runner/_work/thin-edge.io/thin-edge.io/tests/PySys/software_management_end_to_end/environment_sm_management.py&quot;, line 381, in wait_until_status
    &quot;Timeout while waiting for status %s or %s&quot; % (status, status2)
SystemError: Timeout while waiting for status FAILED or SUCCESSFUL
10:25:38 WARN  SystemError: Timeout while waiting for status FAILED or SUCCESSFUL ... blocked 
10:25:38 INFO  
10:25:38 INFO  cleanup:
10:25:42 INFO  Executed sudo&lt;tedge_disconnect_c8y&gt;, exit status 0
10:25:43 INFO  Executed systemctl&lt;serv_mapper5&gt;, exit status 3
10:25:43 INFO  
10:25:43 INFO  Test duration: 165.86 secs
10:25:43 INFO  Test final outcome:  BLOCKED
10:25:43 INFO  Test outcome reason: SystemError: Timeout while waiting for status FAILED or SUCCESSFUL
10:25:43 INFO  
</system-out>
	</testcase>
</testsuite>
