<?xml version="1.0" encoding="utf-8"?>
<testsuite failures="0" name="SoftwareManagement.sm_mapper_fail_and_reconnect" skipped="1" tests="1" time="0.05" timestamp="2022-04-11T11:15:07">
	<testcase classname="MapperC8yReceiveLastMessageOnRestart" name="SoftwareManagement.sm_mapper_fail_and_reconnect">
		<skipped message="SKIPPED: instable https://github.com/thin-edge/thin-edge.io/issues/752"/>
		<system-out>11:15:07 INFO  ==============================================================
11:15:07 INFO  Id:    SoftwareManagement.sm_mapper_fail_and_reconnect
11:15:07 INFO  Dir:   software_management_end_to_end/
11:15:07 INFO  Title: Validate the tedge-mapper-sm-c8y for receiving the last message on restart
11:15:07 DEBUG Execution order hint: 0.0
11:15:07 INFO  ==============================================================
11:15:07 INFO  instable https://github.com/thin-edge/thin-edge.io/issues/752 ... skipped
11:15:07 DEBUG --- test cleanup
11:15:07 DEBUG ProcessUser cleanup function done.
11:15:07 INFO  
11:15:07 INFO  Test duration: 0.05 secs
11:15:07 INFO  Test final outcome:  SKIPPED
11:15:07 INFO  Test outcome reason: instable https://github.com/thin-edge/thin-edge.io/issues/752
11:15:07 INFO  
</system-out>
	</testcase>
</testsuite>
