<?xml version="1.0" encoding="utf-8"?>
<testsuite failures="1" name="SoftwareManagement.sm_mixed_install_remove_multiple" skipped="0" tests="1" time="164.96" timestamp="2022-04-12T10:11:48">
	<testcase classname="PySysTest" name="SoftwareManagement.sm_mixed_install_remove_multiple">
		<failure message="BLOCKED: SystemError: Timeout while waiting for status FAILED or SUCCESSFUL" type="BLOCKED"/>
		<system-out>10:09:03 INFO  ==============================================================
10:09:03 INFO  Id:    SoftwareManagement.sm_mixed_install_remove_multiple
10:09:03 INFO  Dir:   software_management_end_to_end/
10:09:03 INFO  Title: Validate end to end behaviour for the dummy-plugin for multiple packages with mixed versions
10:09:03 INFO  ==============================================================
10:09:03 INFO  Using sw id database: {'asciijump': '5475369', 'robotfindskitten': '5474869', 'squirrel3': '5475279', 'rolldice': '5152439', 'moon-buggy': '5439204', 'apple': '5495053', 'banana': '5494888', 'cherry': '5495382', 'watermelon': '5494510', 'registry': '8018911', 'hello-world': '8021526', 'docker/getting-started': '8021973', 'alpine': '7991792'}
10:09:03 INFO  EnvironmentC8y Setup
10:09:04 INFO  Executed systemctl&lt;serv_mapper1&gt;, exit status 3
10:09:04 INFO  Restarting mosquitto too frequently in the last 10 seconds. It was only up for 5 seconds
10:09:04 INFO  Delaying execution by 6 seconds
10:09:24 INFO  Executed sudo&lt;tedge_connect_c8y&gt;, exit status 0, duration 14 secs
10:09:25 INFO  Executed sudo&lt;tedge_connect_c8y_test&gt;, exit status 0
10:09:25 INFO  Executed systemctl&lt;serv_mosq2&gt;, exit status 0
10:09:26 INFO  Executed systemctl&lt;serv_mapper3&gt;, exit status 0
10:09:28 INFO  State of current operation: PENDING
10:09:30 INFO  State of current operation: PENDING
10:09:32 INFO  State of current operation: PENDING
10:09:35 INFO  State of current operation: PENDING
10:09:37 INFO  State of current operation: PENDING
10:09:39 INFO  State of current operation: PENDING
10:09:41 INFO  State of current operation: PENDING
10:09:43 INFO  State of current operation: PENDING
10:09:46 INFO  State of current operation: PENDING
10:09:48 INFO  State of current operation: PENDING
10:09:50 INFO  State of current operation: PENDING
10:09:52 INFO  State of current operation: PENDING
10:09:55 INFO  State of current operation: PENDING
10:09:57 INFO  State of current operation: PENDING
10:09:59 INFO  State of current operation: PENDING
10:10:01 INFO  State of current operation: PENDING
10:10:03 INFO  State of current operation: PENDING
10:10:06 INFO  State of current operation: PENDING
10:10:08 INFO  State of current operation: PENDING
10:10:10 INFO  State of current operation: PENDING
10:10:12 INFO  State of current operation: PENDING
10:10:15 INFO  State of current operation: PENDING
10:10:17 INFO  State of current operation: PENDING
10:10:19 INFO  State of current operation: PENDING
10:10:21 INFO  State of current operation: PENDING
10:10:24 INFO  State of current operation: PENDING
10:10:26 INFO  State of current operation: PENDING
10:10:28 INFO  State of current operation: PENDING
10:10:30 INFO  State of current operation: PENDING
10:10:32 INFO  State of current operation: PENDING
10:10:35 INFO  State of current operation: PENDING
10:10:37 INFO  State of current operation: PENDING
10:10:39 INFO  State of current operation: PENDING
10:10:41 INFO  State of current operation: PENDING
10:10:44 INFO  State of current operation: PENDING
10:10:46 INFO  State of current operation: PENDING
10:10:48 INFO  State of current operation: PENDING
10:10:50 INFO  State of current operation: PENDING
10:10:53 INFO  State of current operation: PENDING
10:10:55 INFO  State of current operation: PENDING
10:10:57 INFO  State of current operation: PENDING
10:10:59 INFO  State of current operation: PENDING
10:11:01 INFO  State of current operation: PENDING
10:11:04 INFO  State of current operation: PENDING
10:11:06 INFO  State of current operation: PENDING
10:11:08 INFO  State of current operation: PENDING
10:11:10 INFO  State of current operation: PENDING
10:11:13 INFO  State of current operation: PENDING
10:11:15 INFO  State of current operation: PENDING
10:11:17 INFO  State of current operation: PENDING
10:11:19 INFO  State of current operation: PENDING
10:11:21 INFO  State of current operation: PENDING
10:11:24 INFO  State of current operation: PENDING
10:11:26 INFO  State of current operation: PENDING
10:11:28 INFO  State of current operation: PENDING
10:11:30 INFO  State of current operation: PENDING
10:11:33 INFO  State of current operation: PENDING
10:11:35 INFO  State of current operation: PENDING
10:11:37 INFO  State of current operation: PENDING
10:11:39 INFO  State of current operation: PENDING
10:11:41 INFO  State of current operation: PENDING
10:11:43 WARN  SystemError occurred while running test - Timeout while waiting for status FAILED or SUCCESSFUL
Traceback (most recent call last):
  File &quot;/home/pi/env-pysys/lib/python3.7/site-packages/pysys/baserunner.py&quot;, line 1292, in __call__
    self.testObj.setup()
  File &quot;/home/pi/actions-runner/_work/thin-edge.io/thin-edge.io/tests/PySys/software_management_end_to_end/sm_mixed_install_remove_multiple/run.py&quot;, line 83, in setup
    super().setup()
  File &quot;/home/pi/actions-runner/_work/thin-edge.io/thin-edge.io/tests/PySys/software_management_end_to_end/environment_sm_management.py&quot;, line 151, in setup
    self.wait_until_end()
  File &quot;/home/pi/actions-runner/_work/thin-edge.io/thin-edge.io/tests/PySys/software_management_end_to_end/environment_sm_management.py&quot;, line 332, in wait_until_end
    self.wait_until_status(&quot;FAILED&quot;, &quot;SUCCESSFUL&quot;)
  File &quot;/home/pi/actions-runner/_work/thin-edge.io/thin-edge.io/tests/PySys/software_management_end_to_end/environment_sm_management.py&quot;, line 381, in wait_until_status
    &quot;Timeout while waiting for status %s or %s&quot; % (status, status2)
SystemError: Timeout while waiting for status FAILED or SUCCESSFUL
10:11:44 WARN  SystemError: Timeout while waiting for status FAILED or SUCCESSFUL ... blocked 
10:11:44 INFO  
10:11:44 INFO  cleanup:
10:11:47 INFO  Executed sudo&lt;tedge_disconnect_c8y&gt;, exit status 0
10:11:48 INFO  Executed systemctl&lt;serv_mapper5&gt;, exit status 3
10:11:48 INFO  
10:11:48 INFO  Test duration: 164.96 secs
10:11:48 INFO  Test final outcome:  BLOCKED
10:11:48 INFO  Test outcome reason: SystemError: Timeout while waiting for status FAILED or SUCCESSFUL
10:11:48 INFO  
</system-out>
	</testcase>
</testsuite>
