<?xml version="1.0" encoding="utf-8"?>
<testsuite failures="1" name="SoftwareManagement.sm_fake_install_remove_multiple" skipped="0" tests="1" time="165.44" timestamp="2022-04-12T10:09:03">
	<testcase classname="PySysTest" name="SoftwareManagement.sm_fake_install_remove_multiple">
		<failure message="BLOCKED: SystemError: Timeout while waiting for status FAILED or SUCCESSFUL" type="BLOCKED"/>
		<system-out>10:06:18 INFO  ==============================================================
10:06:18 INFO  Id:    SoftwareManagement.sm_fake_install_remove_multiple
10:06:18 INFO  Dir:   software_management_end_to_end/
10:06:18 INFO  Title: Validate end to end behaviour for the dummy-plugin for multiple packages
10:06:18 INFO  ==============================================================
10:06:18 INFO  Using sw id database: {'asciijump': '5475369', 'robotfindskitten': '5474869', 'squirrel3': '5475279', 'rolldice': '5152439', 'moon-buggy': '5439204', 'apple': '5495053', 'banana': '5494888', 'cherry': '5495382', 'watermelon': '5494510', 'registry': '8018911', 'hello-world': '8021526', 'docker/getting-started': '8021973', 'alpine': '7991792'}
10:06:18 INFO  EnvironmentC8y Setup
10:06:18 INFO  Executed systemctl&lt;serv_mapper1&gt;, exit status 3
10:06:18 INFO  Restarting mosquitto too frequently in the last 10 seconds. It was only up for 4 seconds
10:06:18 INFO  Delaying execution by 7 seconds
10:06:39 INFO  Executed sudo&lt;tedge_connect_c8y&gt;, exit status 0, duration 13 secs
10:06:40 INFO  Executed sudo&lt;tedge_connect_c8y_test&gt;, exit status 0
10:06:40 INFO  Executed systemctl&lt;serv_mosq2&gt;, exit status 0
10:06:40 INFO  Executed systemctl&lt;serv_mapper3&gt;, exit status 0
10:06:43 INFO  State of current operation: PENDING
10:06:45 INFO  State of current operation: PENDING
10:06:47 INFO  State of current operation: PENDING
10:06:49 INFO  State of current operation: PENDING
10:06:52 INFO  State of current operation: PENDING
10:06:54 INFO  State of current operation: PENDING
10:06:56 INFO  State of current operation: PENDING
10:06:58 INFO  State of current operation: PENDING
10:07:01 INFO  State of current operation: PENDING
10:07:03 INFO  State of current operation: PENDING
10:07:05 INFO  State of current operation: PENDING
10:07:07 INFO  State of current operation: PENDING
10:07:09 INFO  State of current operation: PENDING
10:07:12 INFO  State of current operation: PENDING
10:07:14 INFO  State of current operation: PENDING
10:07:16 INFO  State of current operation: PENDING
10:07:18 INFO  State of current operation: PENDING
10:07:21 INFO  State of current operation: PENDING
10:07:23 INFO  State of current operation: PENDING
10:07:25 INFO  State of current operation: PENDING
10:07:27 INFO  State of current operation: PENDING
10:07:29 INFO  State of current operation: PENDING
10:07:32 INFO  State of current operation: PENDING
10:07:34 INFO  State of current operation: PENDING
10:07:36 INFO  State of current operation: PENDING
10:07:38 INFO  State of current operation: PENDING
10:07:41 INFO  State of current operation: PENDING
10:07:43 INFO  State of current operation: PENDING
10:07:45 INFO  State of current operation: PENDING
10:07:47 INFO  State of current operation: PENDING
10:07:49 INFO  State of current operation: PENDING
10:07:52 INFO  State of current operation: PENDING
10:07:54 INFO  State of current operation: PENDING
10:07:56 INFO  State of current operation: PENDING
10:07:58 INFO  State of current operation: PENDING
10:08:01 INFO  State of current operation: PENDING
10:08:03 INFO  State of current operation: PENDING
10:08:05 INFO  State of current operation: PENDING
10:08:07 INFO  State of current operation: PENDING
10:08:10 INFO  State of current operation: PENDING
10:08:12 INFO  State of current operation: PENDING
10:08:14 INFO  State of current operation: PENDING
10:08:16 INFO  State of current operation: PENDING
10:08:18 INFO  State of current operation: PENDING
10:08:21 INFO  State of current operation: PENDING
10:08:23 INFO  State of current operation: PENDING
10:08:25 INFO  State of current operation: PENDING
10:08:27 INFO  State of current operation: PENDING
10:08:30 INFO  State of current operation: PENDING
10:08:32 INFO  State of current operation: PENDING
10:08:34 INFO  State of current operation: PENDING
10:08:36 INFO  State of current operation: PENDING
10:08:39 INFO  State of current operation: PENDING
10:08:41 INFO  State of current operation: PENDING
10:08:43 INFO  State of current operation: PENDING
10:08:45 INFO  State of current operation: PENDING
10:08:47 INFO  State of current operation: PENDING
10:08:50 INFO  State of current operation: PENDING
10:08:52 INFO  State of current operation: PENDING
10:08:54 INFO  State of current operation: PENDING
10:08:56 INFO  State of current operation: PENDING
10:08:58 WARN  SystemError occurred while running test - Timeout while waiting for status FAILED or SUCCESSFUL
Traceback (most recent call last):
  File &quot;/home/pi/env-pysys/lib/python3.7/site-packages/pysys/baserunner.py&quot;, line 1292, in __call__
    self.testObj.setup()
  File &quot;/home/pi/actions-runner/_work/thin-edge.io/thin-edge.io/tests/PySys/software_management_end_to_end/sm_fake_install_remove_multiple/run.py&quot;, line 68, in setup
    super().setup()
  File &quot;/home/pi/actions-runner/_work/thin-edge.io/thin-edge.io/tests/PySys/software_management_end_to_end/environment_sm_management.py&quot;, line 151, in setup
    self.wait_until_end()
  File &quot;/home/pi/actions-runner/_work/thin-edge.io/thin-edge.io/tests/PySys/software_management_end_to_end/environment_sm_management.py&quot;, line 332, in wait_until_end
    self.wait_until_status(&quot;FAILED&quot;, &quot;SUCCESSFUL&quot;)
  File &quot;/home/pi/actions-runner/_work/thin-edge.io/thin-edge.io/tests/PySys/software_management_end_to_end/environment_sm_management.py&quot;, line 381, in wait_until_status
    &quot;Timeout while waiting for status %s or %s&quot; % (status, status2)
SystemError: Timeout while waiting for status FAILED or SUCCESSFUL
10:08:58 WARN  SystemError: Timeout while waiting for status FAILED or SUCCESSFUL ... blocked 
10:08:58 INFO  
10:08:58 INFO  cleanup:
10:09:02 INFO  Executed sudo&lt;tedge_disconnect_c8y&gt;, exit status 0
10:09:03 INFO  Executed systemctl&lt;serv_mapper5&gt;, exit status 3
10:09:03 INFO  
10:09:03 INFO  Test duration: 165.44 secs
10:09:03 INFO  Test final outcome:  BLOCKED
10:09:03 INFO  Test outcome reason: SystemError: Timeout while waiting for status FAILED or SUCCESSFUL
10:09:03 INFO  
</system-out>
	</testcase>
</testsuite>
