<?xml version="1.0" encoding="utf-8"?>
<testsuite failures="1" name="SoftwareManagement.sm_apt_install_download_path" skipped="0" tests="1" time="189.07" timestamp="2022-04-15T10:03:36">
	<testcase classname="AptInstallWithDownloadPath" name="SoftwareManagement.sm_apt_install_download_path">
		<failure message="BLOCKED: SystemError: Timeout while waiting for status FAILED or SUCCESSFUL" type="BLOCKED"/>
		<system-out>10:00:27 INFO  ==============================================================
10:00:27 INFO  Id:    SoftwareManagement.sm_apt_install_download_path
10:00:27 INFO  Dir:   software_management_end_to_end/
10:00:27 INFO  Title: Install package to directory specified in tedge config set tmp.path
10:00:27 INFO  ==============================================================
10:00:29 INFO  Using sw id database: {'asciijump': '5475369', 'robotfindskitten': '5474869', 'squirrel3': '5475279', 'rolldice': '5152439', 'moon-buggy': '5439204', 'apple': '5495053', 'banana': '5494888', 'cherry': '5495382', 'watermelon': '5494510', 'registry': '8018911', 'hello-world': '8021526', 'docker/getting-started': '8021973', 'alpine': '7991792'}
10:00:29 INFO  EnvironmentC8y Setup
10:00:29 INFO  Executed systemctl&lt;serv_mapper1&gt;, exit status 3
10:00:44 INFO  Executed sudo&lt;tedge_connect_c8y&gt;, exit status 0, duration 14 secs
10:00:44 INFO  Executed sudo&lt;tedge_connect_c8y_test&gt;, exit status 0
10:00:45 INFO  Executed systemctl&lt;serv_mosq2&gt;, exit status 0
10:00:45 INFO  Executed systemctl&lt;serv_mapper3&gt;, exit status 0
10:00:47 INFO  State of current operation: PENDING
10:00:50 INFO  State of current operation: PENDING
10:00:52 INFO  State of current operation: PENDING
10:00:54 INFO  State of current operation: PENDING
10:00:56 INFO  State of current operation: PENDING
10:00:59 INFO  State of current operation: PENDING
10:01:01 INFO  State of current operation: PENDING
10:01:03 INFO  State of current operation: PENDING
10:01:05 INFO  State of current operation: PENDING
10:01:07 INFO  State of current operation: PENDING
10:01:10 INFO  State of current operation: PENDING
10:01:12 INFO  State of current operation: PENDING
10:01:14 INFO  State of current operation: PENDING
10:01:16 INFO  State of current operation: PENDING
10:01:19 INFO  State of current operation: PENDING
10:01:21 INFO  State of current operation: PENDING
10:01:23 INFO  State of current operation: PENDING
10:01:25 INFO  State of current operation: PENDING
10:01:27 INFO  State of current operation: PENDING
10:01:31 INFO  State of current operation: PENDING
10:01:33 INFO  State of current operation: PENDING
10:01:35 INFO  State of current operation: PENDING
10:01:37 INFO  State of current operation: PENDING
10:01:39 INFO  State of current operation: PENDING
10:01:42 INFO  State of current operation: PENDING
10:01:44 INFO  State of current operation: PENDING
10:01:46 INFO  State of current operation: PENDING
10:01:48 INFO  State of current operation: PENDING
10:01:51 INFO  State of current operation: PENDING
10:01:53 INFO  State of current operation: PENDING
10:01:55 INFO  State of current operation: PENDING
10:01:57 INFO  State of current operation: PENDING
10:01:59 INFO  State of current operation: PENDING
10:02:02 INFO  State of current operation: PENDING
10:02:04 INFO  State of current operation: PENDING
10:02:06 INFO  State of current operation: PENDING
10:02:08 INFO  State of current operation: PENDING
10:02:11 INFO  State of current operation: PENDING
10:02:13 INFO  State of current operation: PENDING
10:02:15 INFO  State of current operation: PENDING
10:02:17 INFO  State of current operation: PENDING
10:02:20 INFO  State of current operation: PENDING
10:02:22 INFO  State of current operation: PENDING
10:02:24 INFO  State of current operation: PENDING
10:02:26 INFO  State of current operation: PENDING
10:02:29 INFO  State of current operation: PENDING
10:02:31 INFO  State of current operation: PENDING
10:02:33 INFO  State of current operation: PENDING
10:02:35 INFO  State of current operation: PENDING
10:02:37 INFO  State of current operation: PENDING
10:02:40 INFO  State of current operation: PENDING
10:02:42 INFO  State of current operation: PENDING
10:02:44 INFO  State of current operation: PENDING
10:02:46 INFO  State of current operation: PENDING
10:02:49 INFO  State of current operation: PENDING
10:02:51 INFO  State of current operation: PENDING
10:02:53 INFO  State of current operation: PENDING
10:02:55 INFO  State of current operation: PENDING
10:02:57 INFO  State of current operation: PENDING
10:03:00 INFO  State of current operation: PENDING
10:03:02 INFO  State of current operation: PENDING
10:03:04 WARN  SystemError occurred while running test - Timeout while waiting for status FAILED or SUCCESSFUL
Traceback (most recent call last):
  File &quot;/home/pi/env-pysys/lib/python3.7/site-packages/pysys/baserunner.py&quot;, line 1292, in __call__
    self.testObj.setup()
  File &quot;/home/pi/actions-runner/_work/thin-edge.io/thin-edge.io/tests/PySys/software_management_end_to_end/sm_apt_install_download_path/run.py&quot;, line 48, in setup
    super().setup()
  File &quot;/home/pi/actions-runner/_work/thin-edge.io/thin-edge.io/tests/PySys/software_management_end_to_end/environment_sm_management.py&quot;, line 151, in setup
    self.wait_until_end()
  File &quot;/home/pi/actions-runner/_work/thin-edge.io/thin-edge.io/tests/PySys/software_management_end_to_end/environment_sm_management.py&quot;, line 332, in wait_until_end
    self.wait_until_status(&quot;FAILED&quot;, &quot;SUCCESSFUL&quot;)
  File &quot;/home/pi/actions-runner/_work/thin-edge.io/thin-edge.io/tests/PySys/software_management_end_to_end/environment_sm_management.py&quot;, line 381, in wait_until_status
    &quot;Timeout while waiting for status %s or %s&quot; % (status, status2)
SystemError: Timeout while waiting for status FAILED or SUCCESSFUL
10:03:04 WARN  SystemError: Timeout while waiting for status FAILED or SUCCESSFUL ... blocked 
10:03:04 INFO  
10:03:04 INFO  cleanup:
10:03:05 INFO  Executed sudo, exit status 0
10:03:05 INFO  Executed sudo, exit status 0
10:03:09 INFO  Executed sudo&lt;tedge_disconnect_c8y&gt;, exit status 0
10:03:09 INFO  Restarting mosquitto too frequently in the last 10 seconds. It was only up for 3 seconds
10:03:09 INFO  Delaying execution by 8 seconds
10:03:31 INFO  Executed sudo&lt;tedge_connect_c8y&gt;, exit status 0, duration 13 secs
10:03:36 INFO  Executed sudo&lt;tedge_disconnect_c8y&gt;, exit status 0
10:03:36 INFO  Executed systemctl&lt;serv_mapper5&gt;, exit status 3
10:03:36 INFO  
10:03:36 INFO  Test duration: 189.07 secs
10:03:36 INFO  Test final outcome:  BLOCKED
10:03:36 INFO  Test outcome reason: SystemError: Timeout while waiting for status FAILED or SUCCESSFUL
10:03:36 INFO  
</system-out>
	</testcase>
</testsuite>
