<?xml version="1.0" encoding="utf-8"?>
<testsuite failures="1" name="SoftwareManagement.sm_docker_install_remove_multiple" skipped="0" tests="1" time="165.43" timestamp="2022-04-12T10:03:32">
	<testcase classname="SMDockerInstallRemove" name="SoftwareManagement.sm_docker_install_remove_multiple">
		<failure message="BLOCKED: SystemError: Timeout while waiting for status FAILED or SUCCESSFUL" type="BLOCKED"/>
		<system-out>10:00:46 INFO  ==============================================================
10:00:46 INFO  Id:    SoftwareManagement.sm_docker_install_remove_multiple
10:00:46 INFO  Dir:   software_management_end_to_end/
10:00:46 INFO  Title: Validate end to end behaviour for the docker plugin for multiple docker images with mixed versions
10:00:46 INFO  ==============================================================
10:00:46 INFO  Using sw id database: {'asciijump': '5475369', 'robotfindskitten': '5474869', 'squirrel3': '5475279', 'rolldice': '5152439', 'moon-buggy': '5439204', 'apple': '5495053', 'banana': '5494888', 'cherry': '5495382', 'watermelon': '5494510', 'registry': '8018911', 'hello-world': '8021526', 'docker/getting-started': '8021973', 'alpine': '7991792'}
10:00:46 INFO  EnvironmentC8y Setup
10:00:47 INFO  Executed systemctl&lt;serv_mapper1&gt;, exit status 3
10:00:47 INFO  Restarting mosquitto too frequently in the last 10 seconds. It was only up for 4 seconds
10:00:47 INFO  Delaying execution by 7 seconds
10:01:08 INFO  Executed sudo&lt;tedge_connect_c8y&gt;, exit status 0, duration 13 secs
10:01:08 INFO  Executed sudo&lt;tedge_connect_c8y_test&gt;, exit status 0
10:01:09 INFO  Executed systemctl&lt;serv_mosq2&gt;, exit status 0
10:01:09 INFO  Executed systemctl&lt;serv_mapper3&gt;, exit status 0
10:01:12 INFO  State of current operation: PENDING
10:01:14 INFO  State of current operation: PENDING
10:01:16 INFO  State of current operation: PENDING
10:01:18 INFO  State of current operation: PENDING
10:01:21 INFO  State of current operation: PENDING
10:01:23 INFO  State of current operation: PENDING
10:01:25 INFO  State of current operation: PENDING
10:01:27 INFO  State of current operation: PENDING
10:01:29 INFO  State of current operation: PENDING
10:01:32 INFO  State of current operation: PENDING
10:01:34 INFO  State of current operation: PENDING
10:01:36 INFO  State of current operation: PENDING
10:01:38 INFO  State of current operation: PENDING
10:01:41 INFO  State of current operation: PENDING
10:01:43 INFO  State of current operation: PENDING
10:01:45 INFO  State of current operation: PENDING
10:01:47 INFO  State of current operation: PENDING
10:01:49 INFO  State of current operation: PENDING
10:01:52 INFO  State of current operation: PENDING
10:01:54 INFO  State of current operation: PENDING
10:01:56 INFO  State of current operation: PENDING
10:01:58 INFO  State of current operation: PENDING
10:02:01 INFO  State of current operation: PENDING
10:02:03 INFO  State of current operation: PENDING
10:02:05 INFO  State of current operation: PENDING
10:02:07 INFO  State of current operation: PENDING
10:02:10 INFO  State of current operation: PENDING
10:02:12 INFO  State of current operation: PENDING
10:02:14 INFO  State of current operation: PENDING
10:02:16 INFO  State of current operation: PENDING
10:02:18 INFO  State of current operation: PENDING
10:02:21 INFO  State of current operation: PENDING
10:02:23 INFO  State of current operation: PENDING
10:02:25 INFO  State of current operation: PENDING
10:02:27 INFO  State of current operation: PENDING
10:02:30 INFO  State of current operation: PENDING
10:02:32 INFO  State of current operation: PENDING
10:02:34 INFO  State of current operation: PENDING
10:02:36 INFO  State of current operation: PENDING
10:02:38 INFO  State of current operation: PENDING
10:02:41 INFO  State of current operation: PENDING
10:02:43 INFO  State of current operation: PENDING
10:02:45 INFO  State of current operation: PENDING
10:02:47 INFO  State of current operation: PENDING
10:02:50 INFO  State of current operation: PENDING
10:02:52 INFO  State of current operation: PENDING
10:02:54 INFO  State of current operation: PENDING
10:02:56 INFO  State of current operation: PENDING
10:02:58 INFO  State of current operation: PENDING
10:03:01 INFO  State of current operation: PENDING
10:03:03 INFO  State of current operation: PENDING
10:03:05 INFO  State of current operation: PENDING
10:03:07 INFO  State of current operation: PENDING
10:03:10 INFO  State of current operation: PENDING
10:03:12 INFO  State of current operation: PENDING
10:03:14 INFO  State of current operation: PENDING
10:03:16 INFO  State of current operation: PENDING
10:03:19 INFO  State of current operation: PENDING
10:03:21 INFO  State of current operation: PENDING
10:03:23 INFO  State of current operation: PENDING
10:03:25 INFO  State of current operation: PENDING
10:03:27 WARN  SystemError occurred while running test - Timeout while waiting for status FAILED or SUCCESSFUL
Traceback (most recent call last):
  File &quot;/home/pi/env-pysys/lib/python3.7/site-packages/pysys/baserunner.py&quot;, line 1292, in __call__
    self.testObj.setup()
  File &quot;/home/pi/actions-runner/_work/thin-edge.io/thin-edge.io/tests/PySys/software_management_end_to_end/sm_docker_install_remove_multiple/run.py&quot;, line 29, in setup
    super().setup()
  File &quot;/home/pi/actions-runner/_work/thin-edge.io/thin-edge.io/tests/PySys/software_management_end_to_end/environment_sm_management.py&quot;, line 151, in setup
    self.wait_until_end()
  File &quot;/home/pi/actions-runner/_work/thin-edge.io/thin-edge.io/tests/PySys/software_management_end_to_end/environment_sm_management.py&quot;, line 332, in wait_until_end
    self.wait_until_status(&quot;FAILED&quot;, &quot;SUCCESSFUL&quot;)
  File &quot;/home/pi/actions-runner/_work/thin-edge.io/thin-edge.io/tests/PySys/software_management_end_to_end/environment_sm_management.py&quot;, line 381, in wait_until_status
    &quot;Timeout while waiting for status %s or %s&quot; % (status, status2)
SystemError: Timeout while waiting for status FAILED or SUCCESSFUL
10:03:27 WARN  SystemError: Timeout while waiting for status FAILED or SUCCESSFUL ... blocked 
10:03:27 INFO  
10:03:27 INFO  cleanup:
10:03:31 INFO  Executed sudo&lt;tedge_disconnect_c8y&gt;, exit status 0
10:03:32 INFO  Executed systemctl&lt;serv_mapper5&gt;, exit status 3
10:03:32 INFO  
10:03:32 INFO  Test duration: 165.43 secs
10:03:32 INFO  Test final outcome:  BLOCKED
10:03:32 INFO  Test outcome reason: SystemError: Timeout while waiting for status FAILED or SUCCESSFUL
10:03:32 INFO  
</system-out>
	</testcase>
</testsuite>
