<?xml version="1.0" encoding="utf-8"?>
<testsuite failures="1" name="SoftwareManagement.sm_fake_install_remove" skipped="0" tests="1" time="165.66" timestamp="2022-04-12T10:06:17">
	<testcase classname="PySysTest" name="SoftwareManagement.sm_fake_install_remove">
		<failure message="BLOCKED: SystemError: Timeout while waiting for status FAILED or SUCCESSFUL" type="BLOCKED"/>
		<system-out>10:03:32 INFO  ==============================================================
10:03:32 INFO  Id:    SoftwareManagement.sm_fake_install_remove
10:03:32 INFO  Dir:   software_management_end_to_end/
10:03:32 INFO  Title: Validate end to end behaviour for the dummy plugin for installation and removal of packages
10:03:32 INFO  ==============================================================
10:03:32 INFO  Using sw id database: {'asciijump': '5475369', 'robotfindskitten': '5474869', 'squirrel3': '5475279', 'rolldice': '5152439', 'moon-buggy': '5439204', 'apple': '5495053', 'banana': '5494888', 'cherry': '5495382', 'watermelon': '5494510', 'registry': '8018911', 'hello-world': '8021526', 'docker/getting-started': '8021973', 'alpine': '7991792'}
10:03:32 INFO  EnvironmentC8y Setup
10:03:32 INFO  Executed systemctl&lt;serv_mapper1&gt;, exit status 3
10:03:32 INFO  Restarting mosquitto too frequently in the last 10 seconds. It was only up for 5 seconds
10:03:32 INFO  Delaying execution by 6 seconds
10:03:52 INFO  Executed sudo&lt;tedge_connect_c8y&gt;, exit status 0, duration 13 secs
10:03:53 INFO  Executed sudo&lt;tedge_connect_c8y_test&gt;, exit status 0
10:03:54 INFO  Executed systemctl&lt;serv_mosq2&gt;, exit status 0
10:03:54 INFO  Executed systemctl&lt;serv_mapper3&gt;, exit status 0
10:03:56 INFO  State of current operation: PENDING
10:03:58 INFO  State of current operation: PENDING
10:04:01 INFO  State of current operation: PENDING
10:04:03 INFO  State of current operation: PENDING
10:04:05 INFO  State of current operation: PENDING
10:04:07 INFO  State of current operation: PENDING
10:04:10 INFO  State of current operation: PENDING
10:04:12 INFO  State of current operation: PENDING
10:04:14 INFO  State of current operation: PENDING
10:04:16 INFO  State of current operation: PENDING
10:04:19 INFO  State of current operation: PENDING
10:04:21 INFO  State of current operation: PENDING
10:04:23 INFO  State of current operation: PENDING
10:04:25 INFO  State of current operation: PENDING
10:04:27 INFO  State of current operation: PENDING
10:04:30 INFO  State of current operation: PENDING
10:04:32 INFO  State of current operation: PENDING
10:04:34 INFO  State of current operation: PENDING
10:04:36 INFO  State of current operation: PENDING
10:04:39 INFO  State of current operation: PENDING
10:04:41 INFO  State of current operation: PENDING
10:04:43 INFO  State of current operation: PENDING
10:04:45 INFO  State of current operation: PENDING
10:04:48 INFO  State of current operation: PENDING
10:04:50 INFO  State of current operation: PENDING
10:04:52 INFO  State of current operation: PENDING
10:04:54 INFO  State of current operation: PENDING
10:04:56 INFO  State of current operation: PENDING
10:04:59 INFO  State of current operation: PENDING
10:05:01 INFO  State of current operation: PENDING
10:05:03 INFO  State of current operation: PENDING
10:05:05 INFO  State of current operation: PENDING
10:05:08 INFO  State of current operation: PENDING
10:05:10 INFO  State of current operation: PENDING
10:05:12 INFO  State of current operation: PENDING
10:05:14 INFO  State of current operation: PENDING
10:05:16 INFO  State of current operation: PENDING
10:05:19 INFO  State of current operation: PENDING
10:05:21 INFO  State of current operation: PENDING
10:05:23 INFO  State of current operation: PENDING
10:05:25 INFO  State of current operation: PENDING
10:05:28 INFO  State of current operation: PENDING
10:05:30 INFO  State of current operation: PENDING
10:05:32 INFO  State of current operation: PENDING
10:05:34 INFO  State of current operation: PENDING
10:05:37 INFO  State of current operation: PENDING
10:05:39 INFO  State of current operation: PENDING
10:05:41 INFO  State of current operation: PENDING
10:05:43 INFO  State of current operation: PENDING
10:05:45 INFO  State of current operation: PENDING
10:05:48 INFO  State of current operation: PENDING
10:05:50 INFO  State of current operation: PENDING
10:05:52 INFO  State of current operation: PENDING
10:05:54 INFO  State of current operation: PENDING
10:05:57 INFO  State of current operation: PENDING
10:06:00 INFO  State of current operation: PENDING
10:06:02 INFO  State of current operation: PENDING
10:06:04 INFO  State of current operation: PENDING
10:06:06 INFO  State of current operation: PENDING
10:06:09 INFO  State of current operation: PENDING
10:06:11 INFO  State of current operation: PENDING
10:06:13 WARN  SystemError occurred while running test - Timeout while waiting for status FAILED or SUCCESSFUL
Traceback (most recent call last):
  File &quot;/home/pi/env-pysys/lib/python3.7/site-packages/pysys/baserunner.py&quot;, line 1292, in __call__
    self.testObj.setup()
  File &quot;/home/pi/actions-runner/_work/thin-edge.io/thin-edge.io/tests/PySys/software_management_end_to_end/sm_fake_install_remove/run.py&quot;, line 38, in setup
    super().setup()
  File &quot;/home/pi/actions-runner/_work/thin-edge.io/thin-edge.io/tests/PySys/software_management_end_to_end/environment_sm_management.py&quot;, line 151, in setup
    self.wait_until_end()
  File &quot;/home/pi/actions-runner/_work/thin-edge.io/thin-edge.io/tests/PySys/software_management_end_to_end/environment_sm_management.py&quot;, line 332, in wait_until_end
    self.wait_until_status(&quot;FAILED&quot;, &quot;SUCCESSFUL&quot;)
  File &quot;/home/pi/actions-runner/_work/thin-edge.io/thin-edge.io/tests/PySys/software_management_end_to_end/environment_sm_management.py&quot;, line 381, in wait_until_status
    &quot;Timeout while waiting for status %s or %s&quot; % (status, status2)
SystemError: Timeout while waiting for status FAILED or SUCCESSFUL
10:06:13 WARN  SystemError: Timeout while waiting for status FAILED or SUCCESSFUL ... blocked 
10:06:13 INFO  
10:06:13 INFO  cleanup:
10:06:17 INFO  Executed sudo&lt;tedge_disconnect_c8y&gt;, exit status 0
10:06:17 INFO  Executed systemctl&lt;serv_mapper5&gt;, exit status 3
10:06:17 INFO  
10:06:17 INFO  Test duration: 165.66 secs
10:06:17 INFO  Test final outcome:  BLOCKED
10:06:17 INFO  Test outcome reason: SystemError: Timeout while waiting for status FAILED or SUCCESSFUL
10:06:17 INFO  
</system-out>
	</testcase>
</testsuite>
