<?xml version="1.0" encoding="utf-8"?>
<testsuite failures="1" name="SoftwareManagement.sm_apt_install_remove_with_version" skipped="0" tests="1" time="165.47" timestamp="2022-04-15T10:20:10">
	<testcase classname="PySysTest" name="SoftwareManagement.sm_apt_install_remove_with_version">
		<failure message="BLOCKED: SystemError: Timeout while waiting for status FAILED or SUCCESSFUL" type="BLOCKED"/>
		<system-out>10:17:25 INFO  ==============================================================
10:17:25 INFO  Id:    SoftwareManagement.sm_apt_install_remove_with_version
10:17:25 INFO  Dir:   software_management_end_to_end/
10:17:25 INFO  Title: Validate end to end behaviour for the apt plugin for packages with version
10:17:25 INFO  ==============================================================
10:17:25 INFO  Using sw id database: {'asciijump': '5475369', 'robotfindskitten': '5474869', 'squirrel3': '5475279', 'rolldice': '5152439', 'moon-buggy': '5439204', 'apple': '5495053', 'banana': '5494888', 'cherry': '5495382', 'watermelon': '5494510', 'registry': '8018911', 'hello-world': '8021526', 'docker/getting-started': '8021973', 'alpine': '7991792'}
10:17:25 INFO  EnvironmentC8y Setup
10:17:26 INFO  Executed systemctl&lt;serv_mapper1&gt;, exit status 3
10:17:26 INFO  Restarting mosquitto too frequently in the last 10 seconds. It was only up for 5 seconds
10:17:26 INFO  Delaying execution by 6 seconds
10:17:46 INFO  Executed sudo&lt;tedge_connect_c8y&gt;, exit status 0, duration 14 secs
10:17:47 INFO  Executed sudo&lt;tedge_connect_c8y_test&gt;, exit status 0
10:17:47 INFO  Executed systemctl&lt;serv_mosq2&gt;, exit status 0
10:17:48 INFO  Executed systemctl&lt;serv_mapper3&gt;, exit status 0
10:17:50 INFO  State of current operation: PENDING
10:17:52 INFO  State of current operation: PENDING
10:17:54 INFO  State of current operation: PENDING
10:17:57 INFO  State of current operation: PENDING
10:17:59 INFO  State of current operation: PENDING
10:18:01 INFO  State of current operation: PENDING
10:18:03 INFO  State of current operation: PENDING
10:18:05 INFO  State of current operation: PENDING
10:18:08 INFO  State of current operation: PENDING
10:18:10 INFO  State of current operation: PENDING
10:18:12 INFO  State of current operation: PENDING
10:18:14 INFO  State of current operation: PENDING
10:18:17 INFO  State of current operation: PENDING
10:18:19 INFO  State of current operation: PENDING
10:18:21 INFO  State of current operation: PENDING
10:18:23 INFO  State of current operation: PENDING
10:18:26 INFO  State of current operation: PENDING
10:18:28 INFO  State of current operation: PENDING
10:18:30 INFO  State of current operation: PENDING
10:18:32 INFO  State of current operation: PENDING
10:18:35 INFO  State of current operation: PENDING
10:18:37 INFO  State of current operation: PENDING
10:18:39 INFO  State of current operation: PENDING
10:18:41 INFO  State of current operation: PENDING
10:18:43 INFO  State of current operation: PENDING
10:18:46 INFO  State of current operation: PENDING
10:18:48 INFO  State of current operation: PENDING
10:18:50 INFO  State of current operation: PENDING
10:18:52 INFO  State of current operation: PENDING
10:18:55 INFO  State of current operation: PENDING
10:18:57 INFO  State of current operation: PENDING
10:18:59 INFO  State of current operation: PENDING
10:19:01 INFO  State of current operation: PENDING
10:19:04 INFO  State of current operation: PENDING
10:19:06 INFO  State of current operation: PENDING
10:19:08 INFO  State of current operation: PENDING
10:19:10 INFO  State of current operation: PENDING
10:19:13 INFO  State of current operation: PENDING
10:19:15 INFO  State of current operation: PENDING
10:19:17 INFO  State of current operation: PENDING
10:19:19 INFO  State of current operation: PENDING
10:19:21 INFO  State of current operation: PENDING
10:19:24 INFO  State of current operation: PENDING
10:19:26 INFO  State of current operation: PENDING
10:19:28 INFO  State of current operation: PENDING
10:19:30 INFO  State of current operation: PENDING
10:19:33 INFO  State of current operation: PENDING
10:19:35 INFO  State of current operation: PENDING
10:19:37 INFO  State of current operation: PENDING
10:19:39 INFO  State of current operation: PENDING
10:19:42 INFO  State of current operation: PENDING
10:19:44 INFO  State of current operation: PENDING
10:19:46 INFO  State of current operation: PENDING
10:19:48 INFO  State of current operation: PENDING
10:19:50 INFO  State of current operation: PENDING
10:19:53 INFO  State of current operation: PENDING
10:19:55 INFO  State of current operation: PENDING
10:19:57 INFO  State of current operation: PENDING
10:19:59 INFO  State of current operation: PENDING
10:20:02 INFO  State of current operation: PENDING
10:20:04 INFO  State of current operation: PENDING
10:20:06 WARN  SystemError occurred while running test - Timeout while waiting for status FAILED or SUCCESSFUL
Traceback (most recent call last):
  File &quot;/home/pi/env-pysys/lib/python3.7/site-packages/pysys/baserunner.py&quot;, line 1292, in __call__
    self.testObj.setup()
  File &quot;/home/pi/actions-runner/_work/thin-edge.io/thin-edge.io/tests/PySys/software_management_end_to_end/sm_apt_install_remove_with_version/run.py&quot;, line 27, in setup
    super().setup()
  File &quot;/home/pi/actions-runner/_work/thin-edge.io/thin-edge.io/tests/PySys/software_management_end_to_end/environment_sm_management.py&quot;, line 151, in setup
    self.wait_until_end()
  File &quot;/home/pi/actions-runner/_work/thin-edge.io/thin-edge.io/tests/PySys/software_management_end_to_end/environment_sm_management.py&quot;, line 332, in wait_until_end
    self.wait_until_status(&quot;FAILED&quot;, &quot;SUCCESSFUL&quot;)
  File &quot;/home/pi/actions-runner/_work/thin-edge.io/thin-edge.io/tests/PySys/software_management_end_to_end/environment_sm_management.py&quot;, line 381, in wait_until_status
    &quot;Timeout while waiting for status %s or %s&quot; % (status, status2)
SystemError: Timeout while waiting for status FAILED or SUCCESSFUL
10:20:06 WARN  SystemError: Timeout while waiting for status FAILED or SUCCESSFUL ... blocked 
10:20:06 INFO  
10:20:06 INFO  cleanup:
10:20:10 INFO  Executed sudo&lt;tedge_disconnect_c8y&gt;, exit status 0
10:20:10 INFO  Executed systemctl&lt;serv_mapper5&gt;, exit status 3
10:20:10 INFO  
10:20:10 INFO  Test duration: 165.47 secs
10:20:10 INFO  Test final outcome:  BLOCKED
10:20:10 INFO  Test outcome reason: SystemError: Timeout while waiting for status FAILED or SUCCESSFUL
10:20:10 INFO  
</system-out>
	</testcase>
</testsuite>
