<?xml version="1.0" encoding="utf-8"?>
<testsuite failures="1" name="SoftwareManagement.sm_apt_install_remove_multiple" skipped="0" tests="1" time="164.51" timestamp="2022-04-12T09:55:15">
	<testcase classname="PySysTest" name="SoftwareManagement.sm_apt_install_remove_multiple">
		<failure message="BLOCKED: SystemError: Timeout while waiting for status FAILED or SUCCESSFUL" type="BLOCKED"/>
		<system-out>09:52:31 INFO  ==============================================================
09:52:31 INFO  Id:    SoftwareManagement.sm_apt_install_remove_multiple
09:52:31 INFO  Dir:   software_management_end_to_end/
09:52:31 INFO  Title: Validate end to end behaviour for the apt plugin for multiple packages
09:52:31 INFO  ==============================================================
09:52:31 INFO  Using sw id database: {'asciijump': '5475369', 'robotfindskitten': '5474869', 'squirrel3': '5475279', 'rolldice': '5152439', 'moon-buggy': '5439204', 'apple': '5495053', 'banana': '5494888', 'cherry': '5495382', 'watermelon': '5494510', 'registry': '8018911', 'hello-world': '8021526', 'docker/getting-started': '8021973', 'alpine': '7991792'}
09:52:31 INFO  EnvironmentC8y Setup
09:52:31 INFO  Executed systemctl&lt;serv_mapper1&gt;, exit status 3
09:52:32 INFO  Restarting mosquitto too frequently in the last 10 seconds. It was only up for 5 seconds
09:52:32 INFO  Delaying execution by 6 seconds
09:52:51 INFO  Executed sudo&lt;tedge_connect_c8y&gt;, exit status 0, duration 13 secs
09:52:52 INFO  Executed sudo&lt;tedge_connect_c8y_test&gt;, exit status 0
09:52:53 INFO  Executed systemctl&lt;serv_mosq2&gt;, exit status 0
09:52:53 INFO  Executed systemctl&lt;serv_mapper3&gt;, exit status 0
09:52:55 INFO  State of current operation: PENDING
09:52:57 INFO  State of current operation: PENDING
09:53:00 INFO  State of current operation: PENDING
09:53:02 INFO  State of current operation: PENDING
09:53:04 INFO  State of current operation: PENDING
09:53:06 INFO  State of current operation: PENDING
09:53:09 INFO  State of current operation: PENDING
09:53:11 INFO  State of current operation: PENDING
09:53:13 INFO  State of current operation: PENDING
09:53:15 INFO  State of current operation: PENDING
09:53:17 INFO  State of current operation: PENDING
09:53:20 INFO  State of current operation: PENDING
09:53:22 INFO  State of current operation: PENDING
09:53:24 INFO  State of current operation: PENDING
09:53:26 INFO  State of current operation: PENDING
09:53:29 INFO  State of current operation: PENDING
09:53:31 INFO  State of current operation: PENDING
09:53:33 INFO  State of current operation: PENDING
09:53:35 INFO  State of current operation: PENDING
09:53:37 INFO  State of current operation: PENDING
09:53:40 INFO  State of current operation: PENDING
09:53:42 INFO  State of current operation: PENDING
09:53:44 INFO  State of current operation: PENDING
09:53:46 INFO  State of current operation: PENDING
09:53:49 INFO  State of current operation: PENDING
09:53:51 INFO  State of current operation: PENDING
09:53:53 INFO  State of current operation: PENDING
09:53:55 INFO  State of current operation: PENDING
09:53:57 INFO  State of current operation: PENDING
09:54:00 INFO  State of current operation: PENDING
09:54:02 INFO  State of current operation: PENDING
09:54:04 INFO  State of current operation: PENDING
09:54:06 INFO  State of current operation: PENDING
09:54:09 INFO  State of current operation: PENDING
09:54:11 INFO  State of current operation: PENDING
09:54:13 INFO  State of current operation: PENDING
09:54:15 INFO  State of current operation: PENDING
09:54:18 INFO  State of current operation: PENDING
09:54:20 INFO  State of current operation: PENDING
09:54:22 INFO  State of current operation: PENDING
09:54:24 INFO  State of current operation: PENDING
09:54:26 INFO  State of current operation: PENDING
09:54:29 INFO  State of current operation: PENDING
09:54:31 INFO  State of current operation: PENDING
09:54:33 INFO  State of current operation: PENDING
09:54:35 INFO  State of current operation: PENDING
09:54:38 INFO  State of current operation: PENDING
09:54:40 INFO  State of current operation: PENDING
09:54:42 INFO  State of current operation: PENDING
09:54:44 INFO  State of current operation: PENDING
09:54:46 INFO  State of current operation: PENDING
09:54:49 INFO  State of current operation: PENDING
09:54:51 INFO  State of current operation: PENDING
09:54:53 INFO  State of current operation: PENDING
09:54:55 INFO  State of current operation: PENDING
09:54:58 INFO  State of current operation: PENDING
09:55:00 INFO  State of current operation: PENDING
09:55:02 INFO  State of current operation: PENDING
09:55:04 INFO  State of current operation: PENDING
09:55:06 INFO  State of current operation: PENDING
09:55:09 INFO  State of current operation: PENDING
09:55:11 WARN  SystemError occurred while running test - Timeout while waiting for status FAILED or SUCCESSFUL
Traceback (most recent call last):
  File &quot;/home/pi/env-pysys/lib/python3.7/site-packages/pysys/baserunner.py&quot;, line 1292, in __call__
    self.testObj.setup()
  File &quot;/home/pi/actions-runner/_work/thin-edge.io/thin-edge.io/tests/PySys/software_management_end_to_end/sm_apt_install_remove_multiple/run.py&quot;, line 52, in setup
    super().setup()
  File &quot;/home/pi/actions-runner/_work/thin-edge.io/thin-edge.io/tests/PySys/software_management_end_to_end/environment_sm_management.py&quot;, line 151, in setup
    self.wait_until_end()
  File &quot;/home/pi/actions-runner/_work/thin-edge.io/thin-edge.io/tests/PySys/software_management_end_to_end/environment_sm_management.py&quot;, line 332, in wait_until_end
    self.wait_until_status(&quot;FAILED&quot;, &quot;SUCCESSFUL&quot;)
  File &quot;/home/pi/actions-runner/_work/thin-edge.io/thin-edge.io/tests/PySys/software_management_end_to_end/environment_sm_management.py&quot;, line 381, in wait_until_status
    &quot;Timeout while waiting for status %s or %s&quot; % (status, status2)
SystemError: Timeout while waiting for status FAILED or SUCCESSFUL
09:55:11 WARN  SystemError: Timeout while waiting for status FAILED or SUCCESSFUL ... blocked 
09:55:11 INFO  
09:55:11 INFO  cleanup:
09:55:15 INFO  Executed sudo&lt;tedge_disconnect_c8y&gt;, exit status 0
09:55:15 INFO  Executed systemctl&lt;serv_mapper5&gt;, exit status 3
09:55:15 INFO  
09:55:15 INFO  Test duration: 164.51 secs
09:55:15 INFO  Test final outcome:  BLOCKED
09:55:15 INFO  Test outcome reason: SystemError: Timeout while waiting for status FAILED or SUCCESSFUL
09:55:15 INFO  
</system-out>
	</testcase>
</testsuite>
