<?xml version="1.0" encoding="utf-8"?>
<testsuite name="SoftwareManagement.Plugin.apama_plugin_mon_support" tests="1" failures="1" skipped="0" time="20.1" timestamp="2022-05-04T09:05:56">
	<testcase classname="ApamaPluginMonSupportTest" name="SoftwareManagement.Plugin.apama_plugin_mon_support">
		<failure message="BLOCKED: sudo&lt;apama_correlator_wait&gt; returned non-zero exit code 126" type="BLOCKED"/>
		<system-out>09:05:36 INFO  ==============================================================
09:05:36 INFO  Id:    SoftwareManagement.Plugin.apama_plugin_mon_support
09:05:36 INFO  Dir:   plugin_apama/
09:05:36 INFO  Title: Validate mon file support of apama plugin
09:05:36 INFO  ==============================================================
09:05:36 INFO  Assertion that path exists=False for &quot;/etc/tedge/apama/project&quot; ... passed
09:05:37 INFO  Executed sudo&lt;create_project_dir&gt;, exit status 0
09:05:37 INFO  Executed sudo&lt;unzip_apama_project&gt;, exit status 0
09:05:38 INFO  Executed sudo&lt;move_apama_project&gt;, exit status 0
09:05:39 INFO  Executed sudo&lt;restart_apama_service&gt;, exit status 0
09:05:39 WARN  Executed sudo&lt;apama_correlator_wait&gt;, exit status 126
09:05:39 INFO  Contents of apama_correlator_wait.err: 
  /opt/softwareag/Apama/bin/apama_env: line 142: /opt/softwareag/Apama/bin/component_management: cannot execute binary file: Exec format error
  -----

09:05:40 WARN  sudo&lt;apama_correlator_wait&gt; returned non-zero exit code 126 ... blocked 
09:05:40 WARN  Aborted test due to BLOCKED outcome
09:05:40 INFO  
09:05:40 INFO  cleanup:
09:05:40 INFO  Removing apama project
09:05:55 INFO  Executed sudo&lt;stop_apama_service&gt;, exit status 0, duration 15 secs
09:05:56 INFO  Executed sudo&lt;remove_apama_project&gt;, exit status 0
09:05:56 INFO  Executed sudo&lt;remove_apama_tmp_dir&gt;, exit status 0
09:05:56 INFO  
09:05:56 INFO  Test duration: 20.10 secs
09:05:56 INFO  Test final outcome:  BLOCKED
09:05:56 INFO  Test outcome reason: sudo&lt;apama_correlator_wait&gt; returned non-zero exit code 126
09:05:56 INFO  
</system-out>
	</testcase>
</testsuite>
