<?xml version="1.0" encoding="utf-8"?>
<testsuite name="SoftwareManagement.sm_mapper_fail_and_reconnect" tests="1" failures="0" skipped="1" time="0.04" timestamp="2022-05-30T10:37:31">
	<testcase classname="MapperC8yReceiveLastMessageOnRestart" name="SoftwareManagement.sm_mapper_fail_and_reconnect">
		<skipped message="SKIPPED: instable https://github.com/thin-edge/thin-edge.io/issues/752"/>
		<system-out>10:37:31 INFO  ==============================================================
10:37:31 INFO  Id:    SoftwareManagement.sm_mapper_fail_and_reconnect
10:37:31 INFO  Dir:   software_management_end_to_end/
10:37:31 INFO  Title: Validate the tedge-mapper-sm-c8y for receiving the last message on restart
10:37:31 INFO  ==============================================================
10:37:31 INFO  instable https://github.com/thin-edge/thin-edge.io/issues/752 ... skipped
10:37:31 INFO  
10:37:31 INFO  Test duration: 0.04 secs
10:37:31 INFO  Test final outcome:  SKIPPED
10:37:31 INFO  Test outcome reason: instable https://github.com/thin-edge/thin-edge.io/issues/752
10:37:31 INFO  
</system-out>
	</testcase>
</testsuite>
