<?xml version="1.0" encoding="utf-8"?>
<testsuite name="SoftwareManagement.sm_apt_install_remove_multiple_mixed" tests="1" failures="1" skipped="0" time="191.54" timestamp="2022-05-02T16:24:22">
	<testcase classname="PySysTest" name="SoftwareManagement.sm_apt_install_remove_multiple_mixed">
		<failure message="BLOCKED: SystemError: Timeout while waiting for status SUCCESSFUL or False (+1 other failures)" type="BLOCKED"/>
		<system-out>16:21:11 INFO  ==============================================================
16:21:11 INFO  Id:    SoftwareManagement.sm_apt_install_remove_multiple_mixed
16:21:11 INFO  Dir:   software_management_end_to_end/
16:21:11 INFO  Title: Validate end to end behaviour for the apt plugin for multiple packages with mixed versions
16:21:11 INFO  ==============================================================
16:21:11 INFO  Using sw id database: {'asciijump': '5475369', 'robotfindskitten': '5474869', 'squirrel3': '5475279', 'rolldice': '5152439', 'moon-buggy': '5439204', 'apple': '5495053', 'banana': '5494888', 'cherry': '5495382', 'watermelon': '5494510', 'registry': '8018911', 'hello-world': '8021526', 'docker/getting-started': '8021973', 'alpine': '7991792'}
16:21:11 INFO  EnvironmentC8y Setup
16:21:11 INFO  Executed systemctl&lt;serv_mapper1&gt;, exit status 3
16:21:11 INFO  Restarting mosquitto too frequently in the last 10 seconds. It was only up for 6 seconds
16:21:11 INFO  Delaying execution by 5 seconds
16:21:34 INFO  Executed sudo&lt;tedge_connect_c8y&gt;, exit status 0, duration 17 secs
16:21:34 INFO  Executed sudo&lt;tedge_connect_c8y_test&gt;, exit status 0
16:21:35 INFO  Executed systemctl&lt;serv_mosq2&gt;, exit status 0
16:21:35 INFO  Executed systemctl&lt;serv_mapper3&gt;, exit status 0
16:21:38 INFO  State of current operation: SUCCESSFUL
16:21:38 INFO  Assert that (False == value) with value=False ... passed
16:21:38 INFO  Assert that (False == value) with value=False ... passed
16:21:38 INFO  Assert that (False == value) with value=False ... passed
16:21:39 INFO  Assert that (False == value) with value=False ... passed
16:21:39 INFO  Package moon-buggy is installed
16:21:39 WARN  Assert that (False == value) with value=True ... failed 
16:21:41 INFO  Response status: 201
16:21:41 INFO  Response to action: {
    &quot;creationTime&quot;: &quot;2022-05-02T16:21:41.590Z&quot;,
    &quot;deviceName&quot;: &quot;m32sd11f&quot;,
    &quot;deviceId&quot;: &quot;18168342&quot;,
    &quot;self&quot;: &quot;https://t493319102.eu-latest.cumulocity.com/devicecontrol/operations/18214237&quot;,
    &quot;id&quot;: &quot;18214237&quot;,
    &quot;status&quot;: &quot;PENDING&quot;,
    &quot;description&quot;: &quot;Apply software changes, triggered from PySys: [{'action': 'install', 'id': '5475369', 'name': 'asciijump', 'url': ' ', 'version': '::apt'}, {'action': 'install', 'id': '5474869', 'name': 'robotfindskitten', 'url': ' ', 'version': ' '}, {'action': 'install', 'id': '5475279', 'name': 'squirrel3', 'url': ' ', 'version': '3.1-8::apt'}, {'action': 'install', 'id': '5152439', 'name': 'rolldice', 'url': ' ', 'version': '1.16-1+b2'}, {'action': 'install', 'id': '5439204', 'name': 'moon-buggy', 'url': ' ', 'version': '1:1.0.51-13'}, {'action': 'install', 'id': '5475369', 'name': 'asciijump', 'url': ' ', 'version': '::apt'}]&quot;,
    &quot;c8y_SoftwareUpdate&quot;: [
        {
            &quot;name&quot;: &quot;asciijump&quot;,
            &quot;action&quot;: &quot;install&quot;,
            &quot;id&quot;: &quot;5475369&quot;,
            &quot;version&quot;: &quot;::apt&quot;,
            &quot;url&quot;: &quot; &quot;
        },
        {
            &quot;name&quot;: &quot;robotfindskitten&quot;,
            &quot;action&quot;: &quot;install&quot;,
            &quot;id&quot;: &quot;5474869&quot;,
            &quot;version&quot;: &quot; &quot;,
            &quot;url&quot;: &quot; &quot;
        },
        {
            &quot;name&quot;: &quot;squirrel3&quot;,
            &quot;action&quot;: &quot;install&quot;,
            &quot;id&quot;: &quot;5475279&quot;,
            &quot;version&quot;: &quot;3.1-8::apt&quot;,
            &quot;url&quot;: &quot; &quot;
        },
        {
            &quot;name&quot;: &quot;rolldice&quot;,
            &quot;action&quot;: &quot;install&quot;,
            &quot;id&quot;: &quot;5152439&quot;,
            &quot;version&quot;: &quot;1.16-1+b2&quot;,
            &quot;url&quot;: &quot; &quot;
        },
        {
            &quot;name&quot;: &quot;moon-buggy&quot;,
            &quot;action&quot;: &quot;install&quot;,
            &quot;id&quot;: &quot;5439204&quot;,
            &quot;version&quot;: &quot;1:1.0.51-13&quot;,
            &quot;url&quot;: &quot; &quot;
        },
        {
            &quot;name&quot;: &quot;asciijump&quot;,
            &quot;action&quot;: &quot;install&quot;,
            &quot;id&quot;: &quot;5475369&quot;,
            &quot;version&quot;: &quot;::apt&quot;,
            &quot;url&quot;: &quot; &quot;
        }
    ]
}
16:21:41 INFO  Started operation: {'creationTime': '2022-05-02T16:21:41.590Z', 'deviceName': 'm32sd11f', 'deviceId': '18168342', 'self': 'https://t493319102.eu-latest.cumulocity.com/devicecontrol/operations/18214237', 'id': '18214237', 'status': 'PENDING', 'description': &quot;Apply software changes, triggered from PySys: [{'action': 'install', 'id': '5475369', 'name': 'asciijump', 'url': ' ', 'version': '::apt'}, {'action': 'install', 'id': '5474869', 'name': 'robotfindskitten', 'url': ' ', 'version': ' '}, {'action': 'install', 'id': '5475279', 'name': 'squirrel3', 'url': ' ', 'version': '3.1-8::apt'}, {'action': 'install', 'id': '5152439', 'name': 'rolldice', 'url': ' ', 'version': '1.16-1+b2'}, {'action': 'install', 'id': '5439204', 'name': 'moon-buggy', 'url': ' ', 'version': '1:1.0.51-13'}, {'action': 'install', 'id': '5475369', 'name': 'asciijump', 'url': ' ', 'version': '::apt'}]&quot;, 'c8y_SoftwareUpdate': [{'name': 'asciijump', 'action': 'install', 'id': '5475369', 'version': '::apt', 'url': ' '}, {'name': 'robotfindskitten', 'action': 'install', 'id': '5474869', 'version': ' ', 'url': ' '}, {'name': 'squirrel3', 'action': 'install', 'id': '5475279', 'version': '3.1-8::apt', 'url': ' '}, {'name': 'rolldice', 'action': 'install', 'id': '5152439', 'version': '1.16-1+b2', 'url': ' '}, {'name': 'moon-buggy', 'action': 'install', 'id': '5439204', 'version': '1:1.0.51-13', 'url': ' '}, {'name': 'asciijump', 'action': 'install', 'id': '5475369', 'version': '::apt', 'url': ' '}]}
16:21:43 INFO  State of operation 18214237 : PENDING
16:21:46 INFO  State of operation 18214237 : EXECUTING
16:21:48 INFO  State of operation 18214237 : EXECUTING
16:21:50 INFO  State of operation 18214237 : EXECUTING
16:21:52 INFO  State of operation 18214237 : EXECUTING
16:21:55 INFO  State of operation 18214237 : EXECUTING
16:21:57 INFO  State of operation 18214237 : EXECUTING
16:22:02 INFO  State of operation 18214237 : EXECUTING
16:22:05 INFO  State of operation 18214237 : EXECUTING
16:22:07 INFO  State of operation 18214237 : EXECUTING
16:22:09 INFO  State of operation 18214237 : EXECUTING
16:22:12 INFO  State of operation 18214237 : EXECUTING
16:22:14 INFO  State of operation 18214237 : EXECUTING
16:22:16 INFO  State of operation 18214237 : EXECUTING
16:22:18 INFO  State of operation 18214237 : EXECUTING
16:22:20 INFO  State of operation 18214237 : EXECUTING
16:22:23 INFO  State of operation 18214237 : EXECUTING
16:22:25 INFO  State of operation 18214237 : EXECUTING
16:22:28 INFO  State of operation 18214237 : EXECUTING
16:22:30 INFO  State of operation 18214237 : EXECUTING
16:22:34 INFO  State of operation 18214237 : EXECUTING
16:22:37 INFO  State of operation 18214237 : EXECUTING
16:22:39 INFO  State of operation 18214237 : EXECUTING
16:22:41 INFO  State of operation 18214237 : EXECUTING
16:22:44 INFO  State of operation 18214237 : EXECUTING
16:22:46 INFO  State of operation 18214237 : EXECUTING
16:22:49 INFO  State of operation 18214237 : EXECUTING
16:22:51 INFO  State of operation 18214237 : EXECUTING
16:22:53 INFO  State of operation 18214237 : EXECUTING
16:22:56 INFO  State of operation 18214237 : EXECUTING
16:22:59 INFO  State of operation 18214237 : EXECUTING
16:23:02 INFO  State of operation 18214237 : EXECUTING
16:23:04 INFO  State of operation 18214237 : EXECUTING
16:23:06 INFO  State of operation 18214237 : EXECUTING
16:23:09 INFO  State of operation 18214237 : EXECUTING
16:23:11 INFO  State of operation 18214237 : EXECUTING
16:23:13 INFO  State of operation 18214237 : EXECUTING
16:23:15 INFO  State of operation 18214237 : EXECUTING
16:23:18 INFO  State of operation 18214237 : EXECUTING
16:23:20 INFO  State of operation 18214237 : EXECUTING
16:23:22 INFO  State of operation 18214237 : EXECUTING
16:23:24 INFO  State of operation 18214237 : EXECUTING
16:23:28 INFO  State of operation 18214237 : EXECUTING
16:23:31 INFO  State of operation 18214237 : EXECUTING
16:23:33 INFO  State of operation 18214237 : EXECUTING
16:23:35 INFO  State of operation 18214237 : EXECUTING
16:23:38 INFO  State of operation 18214237 : EXECUTING
16:23:40 INFO  State of operation 18214237 : EXECUTING
16:23:42 INFO  State of operation 18214237 : EXECUTING
16:23:44 INFO  State of operation 18214237 : EXECUTING
16:23:47 INFO  State of operation 18214237 : EXECUTING
16:23:49 INFO  State of operation 18214237 : EXECUTING
16:23:51 INFO  State of operation 18214237 : EXECUTING
16:23:53 INFO  State of operation 18214237 : EXECUTING
16:23:56 INFO  State of operation 18214237 : EXECUTING
16:23:59 INFO  State of operation 18214237 : EXECUTING
16:24:01 INFO  State of operation 18214237 : EXECUTING
16:24:03 INFO  State of operation 18214237 : EXECUTING
16:24:07 INFO  State of operation 18214237 : EXECUTING
16:24:09 INFO  State of operation 18214237 : EXECUTING
16:24:12 INFO  State of operation 18214237 : EXECUTING
16:24:14 WARN  SystemError occurred while running test - Timeout while waiting for status SUCCESSFUL or False
Traceback (most recent call last):
  File &quot;/home/pi/env-pysys/lib/python3.9/site-packages/pysys/baserunner.py&quot;, line 1294, in __call__
    self.testObj.execute()
  File &quot;/home/pi/actions-runner/_work/thin-edge.io/thin-edge.io/tests/PySys/software_management_end_to_end/sm_apt_install_remove_multiple_mixed/run.py&quot;, line 89, in execute
    self.wait_until_succcess()
  File &quot;/home/pi/actions-runner/_work/thin-edge.io/thin-edge.io/tests/PySys/software_management_end_to_end/environment_sm_management.py&quot;, line 324, in wait_until_succcess
    self.wait_until_status(&quot;SUCCESSFUL&quot;)
  File &quot;/home/pi/actions-runner/_work/thin-edge.io/thin-edge.io/tests/PySys/software_management_end_to_end/environment_sm_management.py&quot;, line 380, in wait_until_status
    raise SystemError(
SystemError: Timeout while waiting for status SUCCESSFUL or False
16:24:14 WARN  SystemError: Timeout while waiting for status SUCCESSFUL or False ... blocked 
16:24:14 INFO  
16:24:14 INFO  cleanup:
16:24:22 INFO  Executed sudo&lt;tedge_disconnect_c8y&gt;, exit status 0
16:24:22 INFO  Executed systemctl&lt;serv_mapper5&gt;, exit status 3
16:24:22 INFO  
16:24:22 INFO  Test duration: 191.54 secs
16:24:22 INFO  Test final outcome:  BLOCKED
16:24:22 INFO  Test outcome reason: SystemError: Timeout while waiting for status SUCCESSFUL or False (+1 other failures)
16:24:22 INFO  
</system-out>
	</testcase>
</testsuite>
