<?xml version="1.0" encoding="utf-8"?>
<testsuite name="SoftwareManagement.sm_apt_install_remove_multiple" tests="1" failures="1" skipped="0" time="157.88" timestamp="2022-05-03T09:13:11">
	<testcase classname="PySysTest" name="SoftwareManagement.sm_apt_install_remove_multiple">
		<failure message="FAILED: Assert that (False == value) with value=True (+2 other failures)" type="FAILED"/>
		<system-out>09:10:33 INFO  ==============================================================
09:10:33 INFO  Id:    SoftwareManagement.sm_apt_install_remove_multiple
09:10:33 INFO  Dir:   software_management_end_to_end/
09:10:33 INFO  Title: Validate end to end behaviour for the apt plugin for multiple packages
09:10:33 INFO  ==============================================================
09:10:33 INFO  Using sw id database: {'asciijump': '5475369', 'robotfindskitten': '5474869', 'squirrel3': '5475279', 'rolldice': '5152439', 'moon-buggy': '5439204', 'apple': '5495053', 'banana': '5494888', 'cherry': '5495382', 'watermelon': '5494510', 'registry': '8018911', 'hello-world': '8021526', 'docker/getting-started': '8021973', 'alpine': '7991792'}
09:10:33 INFO  EnvironmentC8y Setup
09:10:33 INFO  Executed systemctl&lt;serv_mapper1&gt;, exit status 3
09:10:34 INFO  Restarting mosquitto too frequently in the last 10 seconds. It was only up for 5 seconds
09:10:34 INFO  Delaying execution by 6 seconds
09:10:57 INFO  Executed sudo&lt;tedge_connect_c8y&gt;, exit status 0, duration 17 secs
09:10:58 INFO  Executed sudo&lt;tedge_connect_c8y_test&gt;, exit status 0
09:10:58 INFO  Executed systemctl&lt;serv_mosq2&gt;, exit status 0
09:10:59 INFO  Executed systemctl&lt;serv_mapper3&gt;, exit status 0
09:11:01 INFO  State of current operation: SUCCESSFUL
09:11:02 INFO  Assert that (False == value) with value=False ... passed
09:11:02 INFO  Package asciijump is installed
09:11:02 WARN  Assert that (False == value) with value=True ... failed 
09:11:02 INFO  Package squirrel3 is installed
09:11:02 WARN  Assert that (False == value) with value=True ... failed 
09:11:03 INFO  Package robotfindskitten is installed
09:11:03 WARN  Assert that (False == value) with value=True ... failed 
09:11:03 INFO  Response status: 201
09:11:03 INFO  Response to action: {
    &quot;creationTime&quot;: &quot;2022-05-03T09:11:03.341Z&quot;,
    &quot;deviceName&quot;: &quot;m32sd11f&quot;,
    &quot;deviceId&quot;: &quot;18247100&quot;,
    &quot;self&quot;: &quot;https://t493319102.eu-latest.cumulocity.com/devicecontrol/operations/18274075&quot;,
    &quot;id&quot;: &quot;18274075&quot;,
    &quot;status&quot;: &quot;PENDING&quot;,
    &quot;description&quot;: &quot;Apply software changes, triggered from PySys: [{'action': 'install', 'id': '5475369', 'name': 'asciijump', 'url': ' ', 'version': '::apt'}, {'action': 'install', 'id': '5474869', 'name': 'robotfindskitten', 'url': ' ', 'version': '::apt'}, {'action': 'install', 'id': '5475279', 'name': 'squirrel3', 'url': ' ', 'version': '::apt'}]&quot;,
    &quot;c8y_SoftwareUpdate&quot;: [
        {
            &quot;name&quot;: &quot;asciijump&quot;,
            &quot;action&quot;: &quot;install&quot;,
            &quot;id&quot;: &quot;5475369&quot;,
            &quot;version&quot;: &quot;::apt&quot;,
            &quot;url&quot;: &quot; &quot;
        },
        {
            &quot;name&quot;: &quot;robotfindskitten&quot;,
            &quot;action&quot;: &quot;install&quot;,
            &quot;id&quot;: &quot;5474869&quot;,
            &quot;version&quot;: &quot;::apt&quot;,
            &quot;url&quot;: &quot; &quot;
        },
        {
            &quot;name&quot;: &quot;squirrel3&quot;,
            &quot;action&quot;: &quot;install&quot;,
            &quot;id&quot;: &quot;5475279&quot;,
            &quot;version&quot;: &quot;::apt&quot;,
            &quot;url&quot;: &quot; &quot;
        }
    ]
}
09:11:03 INFO  Started operation: {'creationTime': '2022-05-03T09:11:03.341Z', 'deviceName': 'm32sd11f', 'deviceId': '18247100', 'self': 'https://t493319102.eu-latest.cumulocity.com/devicecontrol/operations/18274075', 'id': '18274075', 'status': 'PENDING', 'description': &quot;Apply software changes, triggered from PySys: [{'action': 'install', 'id': '5475369', 'name': 'asciijump', 'url': ' ', 'version': '::apt'}, {'action': 'install', 'id': '5474869', 'name': 'robotfindskitten', 'url': ' ', 'version': '::apt'}, {'action': 'install', 'id': '5475279', 'name': 'squirrel3', 'url': ' ', 'version': '::apt'}]&quot;, 'c8y_SoftwareUpdate': [{'name': 'asciijump', 'action': 'install', 'id': '5475369', 'version': '::apt', 'url': ' '}, {'name': 'robotfindskitten', 'action': 'install', 'id': '5474869', 'version': '::apt', 'url': ' '}, {'name': 'squirrel3', 'action': 'install', 'id': '5475279', 'version': '::apt', 'url': ' '}]}
09:11:05 INFO  State of operation 18274075 : PENDING
09:11:07 INFO  State of operation 18274075 : EXECUTING
09:11:10 INFO  State of operation 18274075 : EXECUTING
09:11:12 INFO  State of operation 18274075 : EXECUTING
09:11:14 INFO  State of operation 18274075 : EXECUTING
09:11:16 INFO  State of operation 18274075 : EXECUTING
09:11:19 INFO  State of operation 18274075 : EXECUTING
09:11:21 INFO  State of operation 18274075 : EXECUTING
09:11:24 INFO  State of operation 18274075 : EXECUTING
09:11:27 INFO  State of operation 18274075 : EXECUTING
09:11:29 INFO  State of operation 18274075 : EXECUTING
09:11:31 INFO  State of operation 18274075 : EXECUTING
09:11:34 INFO  State of operation 18274075 : EXECUTING
09:11:36 INFO  State of operation 18274075 : EXECUTING
09:11:38 INFO  State of operation 18274075 : EXECUTING
09:11:40 INFO  State of operation 18274075 : EXECUTING
09:11:43 INFO  State of operation 18274075 : EXECUTING
09:11:45 INFO  State of operation 18274075 : SUCCESSFUL
09:11:45 INFO  Assert that (False == value) with value=False ... passed
09:11:45 INFO  Package asciijump is installed
09:11:45 INFO  Assert that (True == value) with value=True ... passed
09:11:46 INFO  Package squirrel3 is installed
09:11:46 INFO  Assert that (True == value) with value=True ... passed
09:11:46 INFO  Package robotfindskitten is installed
09:11:46 INFO  Assert that (True == value) with value=True ... passed
09:11:46 INFO  Response status: 201
09:11:46 INFO  Response to action: {
    &quot;creationTime&quot;: &quot;2022-05-03T09:11:46.569Z&quot;,
    &quot;deviceName&quot;: &quot;m32sd11f&quot;,
    &quot;deviceId&quot;: &quot;18247100&quot;,
    &quot;self&quot;: &quot;https://t493319102.eu-latest.cumulocity.com/devicecontrol/operations/18274087&quot;,
    &quot;id&quot;: &quot;18274087&quot;,
    &quot;status&quot;: &quot;PENDING&quot;,
    &quot;description&quot;: &quot;Apply software changes, triggered from PySys: [{'action': 'delete', 'id': '5475369', 'name': 'asciijump', 'url': ' ', 'version': '::apt'}, {'action': 'delete', 'id': '5474869', 'name': 'robotfindskitten', 'url': ' ', 'version': '::apt'}, {'action': 'delete', 'id': '5475279', 'name': 'squirrel3', 'url': ' ', 'version': '::apt'}]&quot;,
    &quot;c8y_SoftwareUpdate&quot;: [
        {
            &quot;name&quot;: &quot;asciijump&quot;,
            &quot;action&quot;: &quot;delete&quot;,
            &quot;id&quot;: &quot;5475369&quot;,
            &quot;version&quot;: &quot;::apt&quot;,
            &quot;url&quot;: &quot; &quot;
        },
        {
            &quot;name&quot;: &quot;robotfindskitten&quot;,
            &quot;action&quot;: &quot;delete&quot;,
            &quot;id&quot;: &quot;5474869&quot;,
            &quot;version&quot;: &quot;::apt&quot;,
            &quot;url&quot;: &quot; &quot;
        },
        {
            &quot;name&quot;: &quot;squirrel3&quot;,
            &quot;action&quot;: &quot;delete&quot;,
            &quot;id&quot;: &quot;5475279&quot;,
            &quot;version&quot;: &quot;::apt&quot;,
            &quot;url&quot;: &quot; &quot;
        }
    ]
}
09:11:46 INFO  Started operation: {'creationTime': '2022-05-03T09:11:46.569Z', 'deviceName': 'm32sd11f', 'deviceId': '18247100', 'self': 'https://t493319102.eu-latest.cumulocity.com/devicecontrol/operations/18274087', 'id': '18274087', 'status': 'PENDING', 'description': &quot;Apply software changes, triggered from PySys: [{'action': 'delete', 'id': '5475369', 'name': 'asciijump', 'url': ' ', 'version': '::apt'}, {'action': 'delete', 'id': '5474869', 'name': 'robotfindskitten', 'url': ' ', 'version': '::apt'}, {'action': 'delete', 'id': '5475279', 'name': 'squirrel3', 'url': ' ', 'version': '::apt'}]&quot;, 'c8y_SoftwareUpdate': [{'name': 'asciijump', 'action': 'delete', 'id': '5475369', 'version': '::apt', 'url': ' '}, {'name': 'robotfindskitten', 'action': 'delete', 'id': '5474869', 'version': '::apt', 'url': ' '}, {'name': 'squirrel3', 'action': 'delete', 'id': '5475279', 'version': '::apt', 'url': ' '}]}
09:11:48 INFO  State of operation 18274087 : PENDING
09:11:51 INFO  State of operation 18274087 : EXECUTING
09:11:53 INFO  State of operation 18274087 : EXECUTING
09:11:55 INFO  State of operation 18274087 : EXECUTING
09:11:57 INFO  State of operation 18274087 : EXECUTING
09:12:00 INFO  State of operation 18274087 : EXECUTING
09:12:02 INFO  State of operation 18274087 : EXECUTING
09:12:05 INFO  State of operation 18274087 : EXECUTING
09:12:09 INFO  State of operation 18274087 : EXECUTING
09:12:12 INFO  State of operation 18274087 : EXECUTING
09:12:14 INFO  State of operation 18274087 : EXECUTING
09:12:16 INFO  State of operation 18274087 : EXECUTING
09:12:18 INFO  State of operation 18274087 : EXECUTING
09:12:21 INFO  State of operation 18274087 : EXECUTING
09:12:23 INFO  State of operation 18274087 : EXECUTING
09:12:25 INFO  State of operation 18274087 : EXECUTING
09:12:27 INFO  State of operation 18274087 : EXECUTING
09:12:30 INFO  State of operation 18274087 : EXECUTING
09:12:32 INFO  State of operation 18274087 : EXECUTING
09:12:34 INFO  State of operation 18274087 : EXECUTING
09:12:37 INFO  State of operation 18274087 : EXECUTING
09:12:40 INFO  State of operation 18274087 : EXECUTING
09:12:42 INFO  State of operation 18274087 : EXECUTING
09:12:44 INFO  State of operation 18274087 : EXECUTING
09:12:47 INFO  State of operation 18274087 : EXECUTING
09:12:49 INFO  State of operation 18274087 : EXECUTING
09:12:51 INFO  State of operation 18274087 : EXECUTING
09:12:54 INFO  State of operation 18274087 : EXECUTING
09:12:57 INFO  State of operation 18274087 : EXECUTING
09:12:59 INFO  State of operation 18274087 : EXECUTING
09:13:01 INFO  State of operation 18274087 : EXECUTING
09:13:04 INFO  State of operation 18274087 : SUCCESSFUL
09:13:04 INFO  Assert that (False == value) with value=False ... passed
09:13:04 INFO  Assert that (False == value) with value=False ... passed
09:13:04 INFO  Assert that (False == value) with value=False ... passed
09:13:05 INFO  Assert that (False == value) with value=False ... passed
09:13:05 INFO  
09:13:05 INFO  cleanup:
09:13:10 INFO  Executed sudo&lt;tedge_disconnect_c8y&gt;, exit status 0
09:13:11 INFO  Executed systemctl&lt;serv_mapper5&gt;, exit status 3
09:13:11 INFO  
09:13:11 INFO  Test duration: 157.88 secs
09:13:11 INFO  Test final outcome:  FAILED
09:13:11 INFO  Test outcome reason: Assert that (False == value) with value=True (+2 other failures)
09:13:11 INFO  
</system-out>
	</testcase>
</testsuite>
