<?xml version="1.0" encoding="utf-8"?>
<testsuite name="SoftwareManagement.sm_mapper_fail_and_reconnect" tests="1" failures="0" skipped="1" time="0.09" timestamp="2022-05-11T13:00:20">
	<testcase classname="MapperC8yReceiveLastMessageOnRestart" name="SoftwareManagement.sm_mapper_fail_and_reconnect">
		<skipped message="SKIPPED: instable https://github.com/thin-edge/thin-edge.io/issues/752"/>
		<system-out>13:00:20 INFO  ==============================================================
13:00:20 INFO  Id:    SoftwareManagement.sm_mapper_fail_and_reconnect
13:00:20 INFO  Dir:   software_management_end_to_end/
13:00:20 INFO  Title: Validate the tedge-mapper-sm-c8y for receiving the last message on restart
13:00:20 INFO  ==============================================================
13:00:20 INFO  instable https://github.com/thin-edge/thin-edge.io/issues/752 ... skipped
13:00:20 INFO  
13:00:20 INFO  Test duration: 0.09 secs
13:00:20 INFO  Test final outcome:  SKIPPED
13:00:20 INFO  Test outcome reason: instable https://github.com/thin-edge/thin-edge.io/issues/752
13:00:20 INFO  
</system-out>
	</testcase>
</testsuite>
