<?xml version="1.0" encoding="utf-8"?>
<testsuite name="SoftwareManagement.sm_apt_install_remove_multiple" tests="1" failures="1" skipped="0" time="158.63" timestamp="2022-05-11T12:51:36">
	<testcase classname="PySysTest" name="SoftwareManagement.sm_apt_install_remove_multiple">
		<failure message="FAILED: Assert that (False == value) with value=True (+2 other failures)" type="FAILED"/>
		<system-out>12:48:58 INFO  ==============================================================
12:48:58 INFO  Id:    SoftwareManagement.sm_apt_install_remove_multiple
12:48:58 INFO  Dir:   software_management_end_to_end/
12:48:58 INFO  Title: Validate end to end behaviour for the apt plugin for multiple packages
12:48:58 INFO  ==============================================================
12:48:58 INFO  Using sw id database: {'asciijump': '5475369', 'robotfindskitten': '5474869', 'squirrel3': '5475279', 'rolldice': '5152439', 'moon-buggy': '5439204', 'apple': '5495053', 'banana': '5494888', 'cherry': '5495382', 'watermelon': '5494510', 'registry': '8018911', 'hello-world': '8021526', 'docker/getting-started': '8021973', 'alpine': '7991792'}
12:48:58 INFO  EnvironmentC8y Setup
12:48:58 INFO  Executed systemctl&lt;serv_mapper1&gt;, exit status 3
12:48:59 INFO  Restarting mosquitto too frequently in the last 10 seconds. It was only up for 5 seconds
12:48:59 INFO  Delaying execution by 6 seconds
12:49:21 INFO  Executed sudo&lt;tedge_connect_c8y&gt;, exit status 0, duration 16 secs
12:49:22 INFO  Executed sudo&lt;tedge_connect_c8y_test&gt;, exit status 0
12:49:23 INFO  Executed systemctl&lt;serv_mosq2&gt;, exit status 0
12:49:23 INFO  Executed systemctl&lt;serv_mapper3&gt;, exit status 0
12:49:25 INFO  State of current operation: SUCCESSFUL
12:49:26 INFO  Assert that (False == value) with value=False ... passed
12:49:26 INFO  Package asciijump is installed
12:49:26 WARN  Assert that (False == value) with value=True ... failed 
12:49:26 INFO  Package squirrel3 is installed
12:49:26 WARN  Assert that (False == value) with value=True ... failed 
12:49:26 INFO  Package robotfindskitten is installed
12:49:26 WARN  Assert that (False == value) with value=True ... failed 
12:49:27 INFO  Response status: 201
12:49:27 INFO  Response to action: {
    &quot;creationTime&quot;: &quot;2022-05-11T12:49:27.187Z&quot;,
    &quot;deviceName&quot;: &quot;m32sd11f&quot;,
    &quot;deviceId&quot;: &quot;18811617&quot;,
    &quot;self&quot;: &quot;https://t493319102.eu-latest.cumulocity.com/devicecontrol/operations/18857161&quot;,
    &quot;id&quot;: &quot;18857161&quot;,
    &quot;status&quot;: &quot;PENDING&quot;,
    &quot;description&quot;: &quot;Apply software changes, triggered from PySys: [{'action': 'install', 'id': '5475369', 'name': 'asciijump', 'url': ' ', 'version': '::apt'}, {'action': 'install', 'id': '5474869', 'name': 'robotfindskitten', 'url': ' ', 'version': '::apt'}, {'action': 'install', 'id': '5475279', 'name': 'squirrel3', 'url': ' ', 'version': '::apt'}]&quot;,
    &quot;c8y_SoftwareUpdate&quot;: [
        {
            &quot;name&quot;: &quot;asciijump&quot;,
            &quot;action&quot;: &quot;install&quot;,
            &quot;id&quot;: &quot;5475369&quot;,
            &quot;version&quot;: &quot;::apt&quot;,
            &quot;url&quot;: &quot; &quot;
        },
        {
            &quot;name&quot;: &quot;robotfindskitten&quot;,
            &quot;action&quot;: &quot;install&quot;,
            &quot;id&quot;: &quot;5474869&quot;,
            &quot;version&quot;: &quot;::apt&quot;,
            &quot;url&quot;: &quot; &quot;
        },
        {
            &quot;name&quot;: &quot;squirrel3&quot;,
            &quot;action&quot;: &quot;install&quot;,
            &quot;id&quot;: &quot;5475279&quot;,
            &quot;version&quot;: &quot;::apt&quot;,
            &quot;url&quot;: &quot; &quot;
        }
    ]
}
12:49:27 INFO  Started operation: {'creationTime': '2022-05-11T12:49:27.187Z', 'deviceName': 'm32sd11f', 'deviceId': '18811617', 'self': 'https://t493319102.eu-latest.cumulocity.com/devicecontrol/operations/18857161', 'id': '18857161', 'status': 'PENDING', 'description': &quot;Apply software changes, triggered from PySys: [{'action': 'install', 'id': '5475369', 'name': 'asciijump', 'url': ' ', 'version': '::apt'}, {'action': 'install', 'id': '5474869', 'name': 'robotfindskitten', 'url': ' ', 'version': '::apt'}, {'action': 'install', 'id': '5475279', 'name': 'squirrel3', 'url': ' ', 'version': '::apt'}]&quot;, 'c8y_SoftwareUpdate': [{'name': 'asciijump', 'action': 'install', 'id': '5475369', 'version': '::apt', 'url': ' '}, {'name': 'robotfindskitten', 'action': 'install', 'id': '5474869', 'version': '::apt', 'url': ' '}, {'name': 'squirrel3', 'action': 'install', 'id': '5475279', 'version': '::apt', 'url': ' '}]}
12:49:29 INFO  State of operation 18857161 : PENDING
12:49:31 INFO  State of operation 18857161 : EXECUTING
12:49:33 INFO  State of operation 18857161 : EXECUTING
12:49:36 INFO  State of operation 18857161 : EXECUTING
12:49:38 INFO  State of operation 18857161 : EXECUTING
12:49:40 INFO  State of operation 18857161 : EXECUTING
12:49:42 INFO  State of operation 18857161 : EXECUTING
12:49:45 INFO  State of operation 18857161 : EXECUTING
12:49:48 INFO  State of operation 18857161 : EXECUTING
12:49:50 INFO  State of operation 18857161 : EXECUTING
12:49:53 INFO  State of operation 18857161 : EXECUTING
12:49:55 INFO  State of operation 18857161 : EXECUTING
12:49:57 INFO  State of operation 18857161 : EXECUTING
12:50:00 INFO  State of operation 18857161 : EXECUTING
12:50:02 INFO  State of operation 18857161 : EXECUTING
12:50:04 INFO  State of operation 18857161 : EXECUTING
12:50:06 INFO  State of operation 18857161 : EXECUTING
12:50:08 INFO  State of operation 18857161 : SUCCESSFUL
12:50:09 INFO  Assert that (False == value) with value=False ... passed
12:50:09 INFO  Package asciijump is installed
12:50:09 INFO  Assert that (True == value) with value=True ... passed
12:50:09 INFO  Package squirrel3 is installed
12:50:09 INFO  Assert that (True == value) with value=True ... passed
12:50:09 INFO  Package robotfindskitten is installed
12:50:09 INFO  Assert that (True == value) with value=True ... passed
12:50:10 INFO  Response status: 201
12:50:10 INFO  Response to action: {
    &quot;creationTime&quot;: &quot;2022-05-11T12:50:10.006Z&quot;,
    &quot;deviceName&quot;: &quot;m32sd11f&quot;,
    &quot;deviceId&quot;: &quot;18811617&quot;,
    &quot;self&quot;: &quot;https://t493319102.eu-latest.cumulocity.com/devicecontrol/operations/18857177&quot;,
    &quot;id&quot;: &quot;18857177&quot;,
    &quot;status&quot;: &quot;PENDING&quot;,
    &quot;description&quot;: &quot;Apply software changes, triggered from PySys: [{'action': 'delete', 'id': '5475369', 'name': 'asciijump', 'url': ' ', 'version': '::apt'}, {'action': 'delete', 'id': '5474869', 'name': 'robotfindskitten', 'url': ' ', 'version': '::apt'}, {'action': 'delete', 'id': '5475279', 'name': 'squirrel3', 'url': ' ', 'version': '::apt'}]&quot;,
    &quot;c8y_SoftwareUpdate&quot;: [
        {
            &quot;name&quot;: &quot;asciijump&quot;,
            &quot;action&quot;: &quot;delete&quot;,
            &quot;id&quot;: &quot;5475369&quot;,
            &quot;version&quot;: &quot;::apt&quot;,
            &quot;url&quot;: &quot; &quot;
        },
        {
            &quot;name&quot;: &quot;robotfindskitten&quot;,
            &quot;action&quot;: &quot;delete&quot;,
            &quot;id&quot;: &quot;5474869&quot;,
            &quot;version&quot;: &quot;::apt&quot;,
            &quot;url&quot;: &quot; &quot;
        },
        {
            &quot;name&quot;: &quot;squirrel3&quot;,
            &quot;action&quot;: &quot;delete&quot;,
            &quot;id&quot;: &quot;5475279&quot;,
            &quot;version&quot;: &quot;::apt&quot;,
            &quot;url&quot;: &quot; &quot;
        }
    ]
}
12:50:10 INFO  Started operation: {'creationTime': '2022-05-11T12:50:10.006Z', 'deviceName': 'm32sd11f', 'deviceId': '18811617', 'self': 'https://t493319102.eu-latest.cumulocity.com/devicecontrol/operations/18857177', 'id': '18857177', 'status': 'PENDING', 'description': &quot;Apply software changes, triggered from PySys: [{'action': 'delete', 'id': '5475369', 'name': 'asciijump', 'url': ' ', 'version': '::apt'}, {'action': 'delete', 'id': '5474869', 'name': 'robotfindskitten', 'url': ' ', 'version': '::apt'}, {'action': 'delete', 'id': '5475279', 'name': 'squirrel3', 'url': ' ', 'version': '::apt'}]&quot;, 'c8y_SoftwareUpdate': [{'name': 'asciijump', 'action': 'delete', 'id': '5475369', 'version': '::apt', 'url': ' '}, {'name': 'robotfindskitten', 'action': 'delete', 'id': '5474869', 'version': '::apt', 'url': ' '}, {'name': 'squirrel3', 'action': 'delete', 'id': '5475279', 'version': '::apt', 'url': ' '}]}
12:50:12 INFO  State of operation 18857177 : PENDING
12:50:14 INFO  State of operation 18857177 : EXECUTING
12:50:16 INFO  State of operation 18857177 : EXECUTING
12:50:18 INFO  State of operation 18857177 : EXECUTING
12:50:21 INFO  State of operation 18857177 : EXECUTING
12:50:23 INFO  State of operation 18857177 : EXECUTING
12:50:25 INFO  State of operation 18857177 : EXECUTING
12:50:29 INFO  State of operation 18857177 : EXECUTING
12:50:32 INFO  State of operation 18857177 : EXECUTING
12:50:35 INFO  State of operation 18857177 : EXECUTING
12:50:37 INFO  State of operation 18857177 : EXECUTING
12:50:39 INFO  State of operation 18857177 : EXECUTING
12:50:42 INFO  State of operation 18857177 : EXECUTING
12:50:44 INFO  State of operation 18857177 : EXECUTING
12:50:46 INFO  State of operation 18857177 : EXECUTING
12:50:48 INFO  State of operation 18857177 : EXECUTING
12:50:51 INFO  State of operation 18857177 : EXECUTING
12:50:53 INFO  State of operation 18857177 : EXECUTING
12:50:55 INFO  State of operation 18857177 : EXECUTING
12:50:57 INFO  State of operation 18857177 : EXECUTING
12:51:01 INFO  State of operation 18857177 : EXECUTING
12:51:03 INFO  State of operation 18857177 : EXECUTING
12:51:06 INFO  State of operation 18857177 : EXECUTING
12:51:08 INFO  State of operation 18857177 : EXECUTING
12:51:10 INFO  State of operation 18857177 : EXECUTING
12:51:12 INFO  State of operation 18857177 : EXECUTING
12:51:15 INFO  State of operation 18857177 : EXECUTING
12:51:17 INFO  State of operation 18857177 : EXECUTING
12:51:20 INFO  State of operation 18857177 : EXECUTING
12:51:22 INFO  State of operation 18857177 : EXECUTING
12:51:24 INFO  State of operation 18857177 : EXECUTING
12:51:27 INFO  State of operation 18857177 : EXECUTING
12:51:29 INFO  State of operation 18857177 : SUCCESSFUL
12:51:29 INFO  Assert that (False == value) with value=False ... passed
12:51:29 INFO  Assert that (False == value) with value=False ... passed
12:51:29 INFO  Assert that (False == value) with value=False ... passed
12:51:30 INFO  Assert that (False == value) with value=False ... passed
12:51:30 INFO  
12:51:30 INFO  cleanup:
12:51:36 INFO  Executed sudo&lt;tedge_disconnect_c8y&gt;, exit status 0
12:51:36 INFO  Executed systemctl&lt;serv_mapper5&gt;, exit status 3
12:51:36 INFO  
12:51:36 INFO  Test duration: 158.63 secs
12:51:36 INFO  Test final outcome:  FAILED
12:51:36 INFO  Test outcome reason: Assert that (False == value) with value=True (+2 other failures)
12:51:36 INFO  
</system-out>
	</testcase>
</testsuite>
