<?xml version="1.0" encoding="utf-8"?>
<testsuite name="SoftwareManagement.sm_apt_install_remove_multiple_mixed" tests="1" failures="1" skipped="0" time="186.86" timestamp="2022-05-03T09:16:18">
	<testcase classname="PySysTest" name="SoftwareManagement.sm_apt_install_remove_multiple_mixed">
		<failure message="BLOCKED: SystemError: Timeout while waiting for status SUCCESSFUL or False (+1 other failures)" type="BLOCKED"/>
		<system-out>09:13:11 INFO  ==============================================================
09:13:11 INFO  Id:    SoftwareManagement.sm_apt_install_remove_multiple_mixed
09:13:11 INFO  Dir:   software_management_end_to_end/
09:13:11 INFO  Title: Validate end to end behaviour for the apt plugin for multiple packages with mixed versions
09:13:11 INFO  ==============================================================
09:13:11 INFO  Using sw id database: {'asciijump': '5475369', 'robotfindskitten': '5474869', 'squirrel3': '5475279', 'rolldice': '5152439', 'moon-buggy': '5439204', 'apple': '5495053', 'banana': '5494888', 'cherry': '5495382', 'watermelon': '5494510', 'registry': '8018911', 'hello-world': '8021526', 'docker/getting-started': '8021973', 'alpine': '7991792'}
09:13:11 INFO  EnvironmentC8y Setup
09:13:11 INFO  Executed systemctl&lt;serv_mapper1&gt;, exit status 3
09:13:12 INFO  Restarting mosquitto too frequently in the last 10 seconds. It was only up for 5 seconds
09:13:12 INFO  Delaying execution by 6 seconds
09:13:34 INFO  Executed sudo&lt;tedge_connect_c8y&gt;, exit status 0, duration 16 secs
09:13:35 INFO  Executed sudo&lt;tedge_connect_c8y_test&gt;, exit status 0
09:13:35 INFO  Executed systemctl&lt;serv_mosq2&gt;, exit status 0
09:13:36 INFO  Executed systemctl&lt;serv_mapper3&gt;, exit status 0
09:13:38 INFO  State of current operation: SUCCESSFUL
09:13:38 INFO  Assert that (False == value) with value=False ... passed
09:13:39 INFO  Assert that (False == value) with value=False ... passed
09:13:39 INFO  Assert that (False == value) with value=False ... passed
09:13:39 INFO  Assert that (False == value) with value=False ... passed
09:13:39 INFO  Package moon-buggy is installed
09:13:39 WARN  Assert that (False == value) with value=True ... failed 
09:13:42 INFO  Response status: 201
09:13:42 INFO  Response to action: {
    &quot;delivery&quot;: {
        &quot;time&quot;: &quot;2022-05-03T09:13:42.062Z&quot;,
        &quot;log&quot;: [],
        &quot;status&quot;: &quot;PENDING&quot;
    },
    &quot;creationTime&quot;: &quot;2022-05-03T09:13:42.041Z&quot;,
    &quot;deviceName&quot;: &quot;m32sd11f&quot;,
    &quot;deviceId&quot;: &quot;18247100&quot;,
    &quot;self&quot;: &quot;https://t493319102.eu-latest.cumulocity.com/devicecontrol/operations/18277108&quot;,
    &quot;id&quot;: &quot;18277108&quot;,
    &quot;status&quot;: &quot;PENDING&quot;,
    &quot;description&quot;: &quot;Apply software changes, triggered from PySys: [{'action': 'install', 'id': '5475369', 'name': 'asciijump', 'url': ' ', 'version': '::apt'}, {'action': 'install', 'id': '5474869', 'name': 'robotfindskitten', 'url': ' ', 'version': ' '}, {'action': 'install', 'id': '5475279', 'name': 'squirrel3', 'url': ' ', 'version': '3.1-8::apt'}, {'action': 'install', 'id': '5152439', 'name': 'rolldice', 'url': ' ', 'version': '1.16-1+b2'}, {'action': 'install', 'id': '5439204', 'name': 'moon-buggy', 'url': ' ', 'version': '1:1.0.51-13'}, {'action': 'install', 'id': '5475369', 'name': 'asciijump', 'url': ' ', 'version': '::apt'}]&quot;,
    &quot;c8y_SoftwareUpdate&quot;: [
        {
            &quot;name&quot;: &quot;asciijump&quot;,
            &quot;action&quot;: &quot;install&quot;,
            &quot;id&quot;: &quot;5475369&quot;,
            &quot;version&quot;: &quot;::apt&quot;,
            &quot;url&quot;: &quot; &quot;
        },
        {
            &quot;name&quot;: &quot;robotfindskitten&quot;,
            &quot;action&quot;: &quot;install&quot;,
            &quot;id&quot;: &quot;5474869&quot;,
            &quot;version&quot;: &quot; &quot;,
            &quot;url&quot;: &quot; &quot;
        },
        {
            &quot;name&quot;: &quot;squirrel3&quot;,
            &quot;action&quot;: &quot;install&quot;,
            &quot;id&quot;: &quot;5475279&quot;,
            &quot;version&quot;: &quot;3.1-8::apt&quot;,
            &quot;url&quot;: &quot; &quot;
        },
        {
            &quot;name&quot;: &quot;rolldice&quot;,
            &quot;action&quot;: &quot;install&quot;,
            &quot;id&quot;: &quot;5152439&quot;,
            &quot;version&quot;: &quot;1.16-1+b2&quot;,
            &quot;url&quot;: &quot; &quot;
        },
        {
            &quot;name&quot;: &quot;moon-buggy&quot;,
            &quot;action&quot;: &quot;install&quot;,
            &quot;id&quot;: &quot;5439204&quot;,
            &quot;version&quot;: &quot;1:1.0.51-13&quot;,
            &quot;url&quot;: &quot; &quot;
        },
        {
            &quot;name&quot;: &quot;asciijump&quot;,
            &quot;action&quot;: &quot;install&quot;,
            &quot;id&quot;: &quot;5475369&quot;,
            &quot;version&quot;: &quot;::apt&quot;,
            &quot;url&quot;: &quot; &quot;
        }
    ]
}
09:13:42 INFO  Started operation: {'delivery': {'time': '2022-05-03T09:13:42.062Z', 'log': [], 'status': 'PENDING'}, 'creationTime': '2022-05-03T09:13:42.041Z', 'deviceName': 'm32sd11f', 'deviceId': '18247100', 'self': 'https://t493319102.eu-latest.cumulocity.com/devicecontrol/operations/18277108', 'id': '18277108', 'status': 'PENDING', 'description': &quot;Apply software changes, triggered from PySys: [{'action': 'install', 'id': '5475369', 'name': 'asciijump', 'url': ' ', 'version': '::apt'}, {'action': 'install', 'id': '5474869', 'name': 'robotfindskitten', 'url': ' ', 'version': ' '}, {'action': 'install', 'id': '5475279', 'name': 'squirrel3', 'url': ' ', 'version': '3.1-8::apt'}, {'action': 'install', 'id': '5152439', 'name': 'rolldice', 'url': ' ', 'version': '1.16-1+b2'}, {'action': 'install', 'id': '5439204', 'name': 'moon-buggy', 'url': ' ', 'version': '1:1.0.51-13'}, {'action': 'install', 'id': '5475369', 'name': 'asciijump', 'url': ' ', 'version': '::apt'}]&quot;, 'c8y_SoftwareUpdate': [{'name': 'asciijump', 'action': 'install', 'id': '5475369', 'version': '::apt', 'url': ' '}, {'name': 'robotfindskitten', 'action': 'install', 'id': '5474869', 'version': ' ', 'url': ' '}, {'name': 'squirrel3', 'action': 'install', 'id': '5475279', 'version': '3.1-8::apt', 'url': ' '}, {'name': 'rolldice', 'action': 'install', 'id': '5152439', 'version': '1.16-1+b2', 'url': ' '}, {'name': 'moon-buggy', 'action': 'install', 'id': '5439204', 'version': '1:1.0.51-13', 'url': ' '}, {'name': 'asciijump', 'action': 'install', 'id': '5475369', 'version': '::apt', 'url': ' '}]}
09:13:44 INFO  State of operation 18277108 : PENDING
09:13:46 INFO  State of operation 18277108 : EXECUTING
09:13:48 INFO  State of operation 18277108 : EXECUTING
09:13:51 INFO  State of operation 18277108 : EXECUTING
09:13:53 INFO  State of operation 18277108 : EXECUTING
09:13:55 INFO  State of operation 18277108 : EXECUTING
09:13:57 INFO  State of operation 18277108 : EXECUTING
09:14:00 INFO  State of operation 18277108 : EXECUTING
09:14:05 INFO  State of operation 18277108 : EXECUTING
09:14:07 INFO  State of operation 18277108 : EXECUTING
09:14:10 INFO  State of operation 18277108 : EXECUTING
09:14:12 INFO  State of operation 18277108 : EXECUTING
09:14:14 INFO  State of operation 18277108 : EXECUTING
09:14:16 INFO  State of operation 18277108 : EXECUTING
09:14:19 INFO  State of operation 18277108 : EXECUTING
09:14:21 INFO  State of operation 18277108 : EXECUTING
09:14:23 INFO  State of operation 18277108 : EXECUTING
09:14:26 INFO  State of operation 18277108 : EXECUTING
09:14:28 INFO  State of operation 18277108 : EXECUTING
09:14:30 INFO  State of operation 18277108 : EXECUTING
09:14:33 INFO  State of operation 18277108 : EXECUTING
09:14:35 INFO  State of operation 18277108 : EXECUTING
09:14:38 INFO  State of operation 18277108 : EXECUTING
09:14:40 INFO  State of operation 18277108 : EXECUTING
09:14:42 INFO  State of operation 18277108 : EXECUTING
09:14:45 INFO  State of operation 18277108 : EXECUTING
09:14:47 INFO  State of operation 18277108 : EXECUTING
09:14:50 INFO  State of operation 18277108 : EXECUTING
09:14:52 INFO  State of operation 18277108 : EXECUTING
09:14:55 INFO  State of operation 18277108 : EXECUTING
09:14:57 INFO  State of operation 18277108 : EXECUTING
09:15:00 INFO  State of operation 18277108 : EXECUTING
09:15:02 INFO  State of operation 18277108 : EXECUTING
09:15:04 INFO  State of operation 18277108 : EXECUTING
09:15:06 INFO  State of operation 18277108 : EXECUTING
09:15:09 INFO  State of operation 18277108 : EXECUTING
09:15:11 INFO  State of operation 18277108 : EXECUTING
09:15:13 INFO  State of operation 18277108 : EXECUTING
09:15:15 INFO  State of operation 18277108 : EXECUTING
09:15:18 INFO  State of operation 18277108 : EXECUTING
09:15:20 INFO  State of operation 18277108 : EXECUTING
09:15:22 INFO  State of operation 18277108 : EXECUTING
09:15:25 INFO  State of operation 18277108 : EXECUTING
09:15:29 INFO  State of operation 18277108 : EXECUTING
09:15:31 INFO  State of operation 18277108 : EXECUTING
09:15:33 INFO  State of operation 18277108 : EXECUTING
09:15:35 INFO  State of operation 18277108 : EXECUTING
09:15:38 INFO  State of operation 18277108 : EXECUTING
09:15:40 INFO  State of operation 18277108 : EXECUTING
09:15:42 INFO  State of operation 18277108 : EXECUTING
09:15:44 INFO  State of operation 18277108 : EXECUTING
09:15:47 INFO  State of operation 18277108 : EXECUTING
09:15:49 INFO  State of operation 18277108 : EXECUTING
09:15:51 INFO  State of operation 18277108 : EXECUTING
09:15:54 INFO  State of operation 18277108 : EXECUTING
09:15:56 INFO  State of operation 18277108 : EXECUTING
09:15:58 INFO  State of operation 18277108 : EXECUTING
09:16:01 INFO  State of operation 18277108 : EXECUTING
09:16:03 INFO  State of operation 18277108 : EXECUTING
09:16:05 INFO  State of operation 18277108 : EXECUTING
09:16:08 INFO  State of operation 18277108 : EXECUTING
09:16:10 WARN  SystemError occurred while running test - Timeout while waiting for status SUCCESSFUL or False
Traceback (most recent call last):
  File &quot;/home/pi/env-pysys/lib/python3.9/site-packages/pysys/baserunner.py&quot;, line 1294, in __call__
    self.testObj.execute()
  File &quot;/home/pi/actions-runner/_work/thin-edge.io/thin-edge.io/tests/PySys/software_management_end_to_end/sm_apt_install_remove_multiple_mixed/run.py&quot;, line 89, in execute
    self.wait_until_succcess()
  File &quot;/home/pi/actions-runner/_work/thin-edge.io/thin-edge.io/tests/PySys/software_management_end_to_end/environment_sm_management.py&quot;, line 324, in wait_until_succcess
    self.wait_until_status(&quot;SUCCESSFUL&quot;)
  File &quot;/home/pi/actions-runner/_work/thin-edge.io/thin-edge.io/tests/PySys/software_management_end_to_end/environment_sm_management.py&quot;, line 380, in wait_until_status
    raise SystemError(
SystemError: Timeout while waiting for status SUCCESSFUL or False
09:16:11 WARN  SystemError: Timeout while waiting for status SUCCESSFUL or False ... blocked 
09:16:11 INFO  
09:16:11 INFO  cleanup:
09:16:17 INFO  Executed sudo&lt;tedge_disconnect_c8y&gt;, exit status 0
09:16:18 INFO  Executed systemctl&lt;serv_mapper5&gt;, exit status 3
09:16:18 INFO  
09:16:18 INFO  Test duration: 186.86 secs
09:16:18 INFO  Test final outcome:  BLOCKED
09:16:18 INFO  Test outcome reason: SystemError: Timeout while waiting for status SUCCESSFUL or False (+1 other failures)
09:16:18 INFO  
</system-out>
	</testcase>
</testsuite>
