<?xml version="1.0" encoding="utf-8"?>
<testsuite name="SoftwareManagement.sm_apt_install_remove_multiple" tests="1" failures="1" skipped="0" time="155.53" timestamp="2022-05-09T08:14:52">
	<testcase classname="PySysTest" name="SoftwareManagement.sm_apt_install_remove_multiple">
		<failure message="FAILED: Assert that (False == value) with value=True (+2 other failures)" type="FAILED"/>
		<system-out>08:12:17 INFO  ==============================================================
08:12:17 INFO  Id:    SoftwareManagement.sm_apt_install_remove_multiple
08:12:17 INFO  Dir:   software_management_end_to_end/
08:12:17 INFO  Title: Validate end to end behaviour for the apt plugin for multiple packages
08:12:17 INFO  ==============================================================
08:12:17 INFO  Using sw id database: {'asciijump': '5475369', 'robotfindskitten': '5474869', 'squirrel3': '5475279', 'rolldice': '5152439', 'moon-buggy': '5439204', 'apple': '5495053', 'banana': '5494888', 'cherry': '5495382', 'watermelon': '5494510', 'registry': '8018911', 'hello-world': '8021526', 'docker/getting-started': '8021973', 'alpine': '7991792'}
08:12:17 INFO  EnvironmentC8y Setup
08:12:17 INFO  Executed systemctl&lt;serv_mapper1&gt;, exit status 3
08:12:17 INFO  Restarting mosquitto too frequently in the last 10 seconds. It was only up for 6 seconds
08:12:17 INFO  Delaying execution by 5 seconds
08:12:39 INFO  Executed sudo&lt;tedge_connect_c8y&gt;, exit status 0, duration 16 secs
08:12:40 INFO  Executed sudo&lt;tedge_connect_c8y_test&gt;, exit status 0
08:12:40 INFO  Executed systemctl&lt;serv_mosq2&gt;, exit status 0
08:12:41 INFO  Executed systemctl&lt;serv_mapper3&gt;, exit status 0
08:12:43 INFO  State of current operation: SUCCESSFUL
08:12:43 INFO  Assert that (False == value) with value=False ... passed
08:12:43 INFO  Package asciijump is installed
08:12:44 WARN  Assert that (False == value) with value=True ... failed 
08:12:44 INFO  Package squirrel3 is installed
08:12:44 WARN  Assert that (False == value) with value=True ... failed 
08:12:44 INFO  Package robotfindskitten is installed
08:12:44 WARN  Assert that (False == value) with value=True ... failed 
08:12:45 INFO  Response status: 201
08:12:45 INFO  Response to action: {
    &quot;creationTime&quot;: &quot;2022-05-09T08:12:45.130Z&quot;,
    &quot;deviceName&quot;: &quot;m32sd11f&quot;,
    &quot;deviceId&quot;: &quot;18457340&quot;,
    &quot;self&quot;: &quot;https://t493319102.eu-latest.cumulocity.com/devicecontrol/operations/18523625&quot;,
    &quot;id&quot;: &quot;18523625&quot;,
    &quot;status&quot;: &quot;PENDING&quot;,
    &quot;description&quot;: &quot;Apply software changes, triggered from PySys: [{'action': 'install', 'id': '5475369', 'name': 'asciijump', 'url': ' ', 'version': '::apt'}, {'action': 'install', 'id': '5474869', 'name': 'robotfindskitten', 'url': ' ', 'version': '::apt'}, {'action': 'install', 'id': '5475279', 'name': 'squirrel3', 'url': ' ', 'version': '::apt'}]&quot;,
    &quot;c8y_SoftwareUpdate&quot;: [
        {
            &quot;name&quot;: &quot;asciijump&quot;,
            &quot;action&quot;: &quot;install&quot;,
            &quot;id&quot;: &quot;5475369&quot;,
            &quot;version&quot;: &quot;::apt&quot;,
            &quot;url&quot;: &quot; &quot;
        },
        {
            &quot;name&quot;: &quot;robotfindskitten&quot;,
            &quot;action&quot;: &quot;install&quot;,
            &quot;id&quot;: &quot;5474869&quot;,
            &quot;version&quot;: &quot;::apt&quot;,
            &quot;url&quot;: &quot; &quot;
        },
        {
            &quot;name&quot;: &quot;squirrel3&quot;,
            &quot;action&quot;: &quot;install&quot;,
            &quot;id&quot;: &quot;5475279&quot;,
            &quot;version&quot;: &quot;::apt&quot;,
            &quot;url&quot;: &quot; &quot;
        }
    ]
}
08:12:45 INFO  Started operation: {'creationTime': '2022-05-09T08:12:45.130Z', 'deviceName': 'm32sd11f', 'deviceId': '18457340', 'self': 'https://t493319102.eu-latest.cumulocity.com/devicecontrol/operations/18523625', 'id': '18523625', 'status': 'PENDING', 'description': &quot;Apply software changes, triggered from PySys: [{'action': 'install', 'id': '5475369', 'name': 'asciijump', 'url': ' ', 'version': '::apt'}, {'action': 'install', 'id': '5474869', 'name': 'robotfindskitten', 'url': ' ', 'version': '::apt'}, {'action': 'install', 'id': '5475279', 'name': 'squirrel3', 'url': ' ', 'version': '::apt'}]&quot;, 'c8y_SoftwareUpdate': [{'name': 'asciijump', 'action': 'install', 'id': '5475369', 'version': '::apt', 'url': ' '}, {'name': 'robotfindskitten', 'action': 'install', 'id': '5474869', 'version': '::apt', 'url': ' '}, {'name': 'squirrel3', 'action': 'install', 'id': '5475279', 'version': '::apt', 'url': ' '}]}
08:12:47 INFO  State of operation 18523625 : PENDING
08:12:49 INFO  State of operation 18523625 : EXECUTING
08:12:51 INFO  State of operation 18523625 : EXECUTING
08:12:54 INFO  State of operation 18523625 : EXECUTING
08:12:56 INFO  State of operation 18523625 : EXECUTING
08:12:58 INFO  State of operation 18523625 : EXECUTING
08:13:00 INFO  State of operation 18523625 : EXECUTING
08:13:03 INFO  State of operation 18523625 : EXECUTING
08:13:06 INFO  State of operation 18523625 : EXECUTING
08:13:09 INFO  State of operation 18523625 : EXECUTING
08:13:11 INFO  State of operation 18523625 : EXECUTING
08:13:14 INFO  State of operation 18523625 : EXECUTING
08:13:16 INFO  State of operation 18523625 : EXECUTING
08:13:18 INFO  State of operation 18523625 : EXECUTING
08:13:20 INFO  State of operation 18523625 : EXECUTING
08:13:23 INFO  State of operation 18523625 : EXECUTING
08:13:25 INFO  State of operation 18523625 : EXECUTING
08:13:27 INFO  State of operation 18523625 : SUCCESSFUL
08:13:27 INFO  Assert that (False == value) with value=False ... passed
08:13:28 INFO  Package asciijump is installed
08:13:28 INFO  Assert that (True == value) with value=True ... passed
08:13:28 INFO  Package squirrel3 is installed
08:13:28 INFO  Assert that (True == value) with value=True ... passed
08:13:28 INFO  Package robotfindskitten is installed
08:13:28 INFO  Assert that (True == value) with value=True ... passed
08:13:28 INFO  Response status: 201
08:13:28 INFO  Response to action: {
    &quot;creationTime&quot;: &quot;2022-05-09T08:13:28.675Z&quot;,
    &quot;deviceName&quot;: &quot;m32sd11f&quot;,
    &quot;deviceId&quot;: &quot;18457340&quot;,
    &quot;self&quot;: &quot;https://t493319102.eu-latest.cumulocity.com/devicecontrol/operations/18523640&quot;,
    &quot;id&quot;: &quot;18523640&quot;,
    &quot;status&quot;: &quot;PENDING&quot;,
    &quot;description&quot;: &quot;Apply software changes, triggered from PySys: [{'action': 'delete', 'id': '5475369', 'name': 'asciijump', 'url': ' ', 'version': '::apt'}, {'action': 'delete', 'id': '5474869', 'name': 'robotfindskitten', 'url': ' ', 'version': '::apt'}, {'action': 'delete', 'id': '5475279', 'name': 'squirrel3', 'url': ' ', 'version': '::apt'}]&quot;,
    &quot;c8y_SoftwareUpdate&quot;: [
        {
            &quot;name&quot;: &quot;asciijump&quot;,
            &quot;action&quot;: &quot;delete&quot;,
            &quot;id&quot;: &quot;5475369&quot;,
            &quot;version&quot;: &quot;::apt&quot;,
            &quot;url&quot;: &quot; &quot;
        },
        {
            &quot;name&quot;: &quot;robotfindskitten&quot;,
            &quot;action&quot;: &quot;delete&quot;,
            &quot;id&quot;: &quot;5474869&quot;,
            &quot;version&quot;: &quot;::apt&quot;,
            &quot;url&quot;: &quot; &quot;
        },
        {
            &quot;name&quot;: &quot;squirrel3&quot;,
            &quot;action&quot;: &quot;delete&quot;,
            &quot;id&quot;: &quot;5475279&quot;,
            &quot;version&quot;: &quot;::apt&quot;,
            &quot;url&quot;: &quot; &quot;
        }
    ]
}
08:13:28 INFO  Started operation: {'creationTime': '2022-05-09T08:13:28.675Z', 'deviceName': 'm32sd11f', 'deviceId': '18457340', 'self': 'https://t493319102.eu-latest.cumulocity.com/devicecontrol/operations/18523640', 'id': '18523640', 'status': 'PENDING', 'description': &quot;Apply software changes, triggered from PySys: [{'action': 'delete', 'id': '5475369', 'name': 'asciijump', 'url': ' ', 'version': '::apt'}, {'action': 'delete', 'id': '5474869', 'name': 'robotfindskitten', 'url': ' ', 'version': '::apt'}, {'action': 'delete', 'id': '5475279', 'name': 'squirrel3', 'url': ' ', 'version': '::apt'}]&quot;, 'c8y_SoftwareUpdate': [{'name': 'asciijump', 'action': 'delete', 'id': '5475369', 'version': '::apt', 'url': ' '}, {'name': 'robotfindskitten', 'action': 'delete', 'id': '5474869', 'version': '::apt', 'url': ' '}, {'name': 'squirrel3', 'action': 'delete', 'id': '5475279', 'version': '::apt', 'url': ' '}]}
08:13:30 INFO  State of operation 18523640 : PENDING
08:13:33 INFO  State of operation 18523640 : EXECUTING
08:13:35 INFO  State of operation 18523640 : EXECUTING
08:13:37 INFO  State of operation 18523640 : EXECUTING
08:13:39 INFO  State of operation 18523640 : EXECUTING
08:13:42 INFO  State of operation 18523640 : EXECUTING
08:13:44 INFO  State of operation 18523640 : EXECUTING
08:13:47 INFO  State of operation 18523640 : EXECUTING
08:13:51 INFO  State of operation 18523640 : EXECUTING
08:13:53 INFO  State of operation 18523640 : EXECUTING
08:13:55 INFO  State of operation 18523640 : EXECUTING
08:13:58 INFO  State of operation 18523640 : EXECUTING
08:14:00 INFO  State of operation 18523640 : EXECUTING
08:14:02 INFO  State of operation 18523640 : EXECUTING
08:14:04 INFO  State of operation 18523640 : EXECUTING
08:14:07 INFO  State of operation 18523640 : EXECUTING
08:14:09 INFO  State of operation 18523640 : EXECUTING
08:14:11 INFO  State of operation 18523640 : EXECUTING
08:14:14 INFO  State of operation 18523640 : EXECUTING
08:14:16 INFO  State of operation 18523640 : EXECUTING
08:14:19 INFO  State of operation 18523640 : EXECUTING
08:14:21 INFO  State of operation 18523640 : EXECUTING
08:14:24 INFO  State of operation 18523640 : EXECUTING
08:14:26 INFO  State of operation 18523640 : EXECUTING
08:14:28 INFO  State of operation 18523640 : EXECUTING
08:14:30 INFO  State of operation 18523640 : EXECUTING
08:14:33 INFO  State of operation 18523640 : EXECUTING
08:14:35 INFO  State of operation 18523640 : EXECUTING
08:14:38 INFO  State of operation 18523640 : EXECUTING
08:14:40 INFO  State of operation 18523640 : EXECUTING
08:14:42 INFO  State of operation 18523640 : EXECUTING
08:14:45 INFO  State of operation 18523640 : SUCCESSFUL
08:14:45 INFO  Assert that (False == value) with value=False ... passed
08:14:46 INFO  Assert that (False == value) with value=False ... passed
08:14:46 INFO  Assert that (False == value) with value=False ... passed
08:14:46 INFO  Assert that (False == value) with value=False ... passed
08:14:46 INFO  
08:14:46 INFO  cleanup:
08:14:52 INFO  Executed sudo&lt;tedge_disconnect_c8y&gt;, exit status 0
08:14:52 INFO  Executed systemctl&lt;serv_mapper5&gt;, exit status 3
08:14:52 INFO  
08:14:52 INFO  Test duration: 155.53 secs
08:14:52 INFO  Test final outcome:  FAILED
08:14:52 INFO  Test outcome reason: Assert that (False == value) with value=True (+2 other failures)
08:14:52 INFO  
</system-out>
	</testcase>
</testsuite>
