<?xml version="1.0" encoding="utf-8"?>
<testsuite name="SoftwareManagement.sm_apt_install_remove_multiple" tests="1" failures="1" skipped="0" time="157.27" timestamp="2022-05-23T10:32:43">
	<testcase classname="PySysTest" name="SoftwareManagement.sm_apt_install_remove_multiple">
		<failure message="FAILED: Assert that (False == value) with value=True (+2 other failures)" type="FAILED"/>
		<system-out>10:30:05 INFO  ==============================================================
10:30:05 INFO  Id:    SoftwareManagement.sm_apt_install_remove_multiple
10:30:05 INFO  Dir:   software_management_end_to_end/
10:30:05 INFO  Title: Validate end to end behaviour for the apt plugin for multiple packages
10:30:05 INFO  ==============================================================
10:30:06 INFO  Using sw id database: {'asciijump': '5475369', 'robotfindskitten': '5474869', 'squirrel3': '5475279', 'rolldice': '5152439', 'moon-buggy': '5439204', 'apple': '5495053', 'banana': '5494888', 'cherry': '5495382', 'watermelon': '5494510', 'registry': '8018911', 'hello-world': '8021526', 'docker/getting-started': '8021973', 'alpine': '7991792'}
10:30:06 INFO  EnvironmentC8y Setup
10:30:06 INFO  Executed systemctl&lt;serv_mapper1&gt;, exit status 3
10:30:06 INFO  Restarting mosquitto too frequently in the last 10 seconds. It was only up for 6 seconds
10:30:06 INFO  Delaying execution by 5 seconds
10:30:28 INFO  Executed sudo&lt;tedge_connect_c8y&gt;, exit status 0, duration 16 secs
10:30:29 INFO  Executed sudo&lt;tedge_connect_c8y_test&gt;, exit status 0
10:30:29 INFO  Executed systemctl&lt;serv_mosq2&gt;, exit status 0
10:30:30 INFO  Executed systemctl&lt;serv_mapper3&gt;, exit status 0
10:30:32 INFO  State of current operation: SUCCESSFUL
10:30:32 INFO  Assert that (False == value) with value=False ... passed
10:30:33 INFO  Package asciijump is installed
10:30:33 WARN  Assert that (False == value) with value=True ... failed 
10:30:33 INFO  Package squirrel3 is installed
10:30:33 WARN  Assert that (False == value) with value=True ... failed 
10:30:33 INFO  Package robotfindskitten is installed
10:30:33 WARN  Assert that (False == value) with value=True ... failed 
10:30:33 INFO  Response status: 201
10:30:33 INFO  Response to action: {
    &quot;creationTime&quot;: &quot;2022-05-23T10:30:33.944Z&quot;,
    &quot;deviceId&quot;: &quot;19492121&quot;,
    &quot;deviceName&quot;: &quot;m32sd11f&quot;,
    &quot;self&quot;: &quot;https://t493319102.eu-latest.cumulocity.com/devicecontrol/operations/19512850&quot;,
    &quot;id&quot;: &quot;19512850&quot;,
    &quot;status&quot;: &quot;PENDING&quot;,
    &quot;description&quot;: &quot;Apply software changes, triggered from PySys: [{'action': 'install', 'id': '5475369', 'name': 'asciijump', 'url': ' ', 'version': '::apt'}, {'action': 'install', 'id': '5474869', 'name': 'robotfindskitten', 'url': ' ', 'version': '::apt'}, {'action': 'install', 'id': '5475279', 'name': 'squirrel3', 'url': ' ', 'version': '::apt'}]&quot;,
    &quot;c8y_SoftwareUpdate&quot;: [
        {
            &quot;name&quot;: &quot;asciijump&quot;,
            &quot;action&quot;: &quot;install&quot;,
            &quot;id&quot;: &quot;5475369&quot;,
            &quot;version&quot;: &quot;::apt&quot;,
            &quot;url&quot;: &quot; &quot;
        },
        {
            &quot;name&quot;: &quot;robotfindskitten&quot;,
            &quot;action&quot;: &quot;install&quot;,
            &quot;id&quot;: &quot;5474869&quot;,
            &quot;version&quot;: &quot;::apt&quot;,
            &quot;url&quot;: &quot; &quot;
        },
        {
            &quot;name&quot;: &quot;squirrel3&quot;,
            &quot;action&quot;: &quot;install&quot;,
            &quot;id&quot;: &quot;5475279&quot;,
            &quot;version&quot;: &quot;::apt&quot;,
            &quot;url&quot;: &quot; &quot;
        }
    ]
}
10:30:33 INFO  Started operation: {'creationTime': '2022-05-23T10:30:33.944Z', 'deviceId': '19492121', 'deviceName': 'm32sd11f', 'self': 'https://t493319102.eu-latest.cumulocity.com/devicecontrol/operations/19512850', 'id': '19512850', 'status': 'PENDING', 'description': &quot;Apply software changes, triggered from PySys: [{'action': 'install', 'id': '5475369', 'name': 'asciijump', 'url': ' ', 'version': '::apt'}, {'action': 'install', 'id': '5474869', 'name': 'robotfindskitten', 'url': ' ', 'version': '::apt'}, {'action': 'install', 'id': '5475279', 'name': 'squirrel3', 'url': ' ', 'version': '::apt'}]&quot;, 'c8y_SoftwareUpdate': [{'name': 'asciijump', 'action': 'install', 'id': '5475369', 'version': '::apt', 'url': ' '}, {'name': 'robotfindskitten', 'action': 'install', 'id': '5474869', 'version': '::apt', 'url': ' '}, {'name': 'squirrel3', 'action': 'install', 'id': '5475279', 'version': '::apt', 'url': ' '}]}
10:30:36 INFO  State of operation 19512850 : PENDING
10:30:38 INFO  State of operation 19512850 : EXECUTING
10:30:40 INFO  State of operation 19512850 : EXECUTING
10:30:42 INFO  State of operation 19512850 : EXECUTING
10:30:45 INFO  State of operation 19512850 : EXECUTING
10:30:47 INFO  State of operation 19512850 : EXECUTING
10:30:49 INFO  State of operation 19512850 : EXECUTING
10:30:52 INFO  State of operation 19512850 : EXECUTING
10:30:55 INFO  State of operation 19512850 : EXECUTING
10:30:57 INFO  State of operation 19512850 : EXECUTING
10:31:00 INFO  State of operation 19512850 : EXECUTING
10:31:02 INFO  State of operation 19512850 : EXECUTING
10:31:04 INFO  State of operation 19512850 : EXECUTING
10:31:06 INFO  State of operation 19512850 : EXECUTING
10:31:09 INFO  State of operation 19512850 : EXECUTING
10:31:11 INFO  State of operation 19512850 : EXECUTING
10:31:13 INFO  State of operation 19512850 : EXECUTING
10:31:15 INFO  State of operation 19512850 : SUCCESSFUL
10:31:15 INFO  Assert that (False == value) with value=False ... passed
10:31:16 INFO  Package asciijump is installed
10:31:16 INFO  Assert that (True == value) with value=True ... passed
10:31:16 INFO  Package squirrel3 is installed
10:31:16 INFO  Assert that (True == value) with value=True ... passed
10:31:16 INFO  Package robotfindskitten is installed
10:31:16 INFO  Assert that (True == value) with value=True ... passed
10:31:16 INFO  Response status: 201
10:31:16 INFO  Response to action: {
    &quot;creationTime&quot;: &quot;2022-05-23T10:31:16.888Z&quot;,
    &quot;deviceId&quot;: &quot;19492121&quot;,
    &quot;deviceName&quot;: &quot;m32sd11f&quot;,
    &quot;self&quot;: &quot;https://t493319102.eu-latest.cumulocity.com/devicecontrol/operations/19512870&quot;,
    &quot;id&quot;: &quot;19512870&quot;,
    &quot;status&quot;: &quot;PENDING&quot;,
    &quot;description&quot;: &quot;Apply software changes, triggered from PySys: [{'action': 'delete', 'id': '5475369', 'name': 'asciijump', 'url': ' ', 'version': '::apt'}, {'action': 'delete', 'id': '5474869', 'name': 'robotfindskitten', 'url': ' ', 'version': '::apt'}, {'action': 'delete', 'id': '5475279', 'name': 'squirrel3', 'url': ' ', 'version': '::apt'}]&quot;,
    &quot;c8y_SoftwareUpdate&quot;: [
        {
            &quot;name&quot;: &quot;asciijump&quot;,
            &quot;action&quot;: &quot;delete&quot;,
            &quot;id&quot;: &quot;5475369&quot;,
            &quot;version&quot;: &quot;::apt&quot;,
            &quot;url&quot;: &quot; &quot;
        },
        {
            &quot;name&quot;: &quot;robotfindskitten&quot;,
            &quot;action&quot;: &quot;delete&quot;,
            &quot;id&quot;: &quot;5474869&quot;,
            &quot;version&quot;: &quot;::apt&quot;,
            &quot;url&quot;: &quot; &quot;
        },
        {
            &quot;name&quot;: &quot;squirrel3&quot;,
            &quot;action&quot;: &quot;delete&quot;,
            &quot;id&quot;: &quot;5475279&quot;,
            &quot;version&quot;: &quot;::apt&quot;,
            &quot;url&quot;: &quot; &quot;
        }
    ]
}
10:31:16 INFO  Started operation: {'creationTime': '2022-05-23T10:31:16.888Z', 'deviceId': '19492121', 'deviceName': 'm32sd11f', 'self': 'https://t493319102.eu-latest.cumulocity.com/devicecontrol/operations/19512870', 'id': '19512870', 'status': 'PENDING', 'description': &quot;Apply software changes, triggered from PySys: [{'action': 'delete', 'id': '5475369', 'name': 'asciijump', 'url': ' ', 'version': '::apt'}, {'action': 'delete', 'id': '5474869', 'name': 'robotfindskitten', 'url': ' ', 'version': '::apt'}, {'action': 'delete', 'id': '5475279', 'name': 'squirrel3', 'url': ' ', 'version': '::apt'}]&quot;, 'c8y_SoftwareUpdate': [{'name': 'asciijump', 'action': 'delete', 'id': '5475369', 'version': '::apt', 'url': ' '}, {'name': 'robotfindskitten', 'action': 'delete', 'id': '5474869', 'version': '::apt', 'url': ' '}, {'name': 'squirrel3', 'action': 'delete', 'id': '5475279', 'version': '::apt', 'url': ' '}]}
10:31:19 INFO  State of operation 19512870 : PENDING
10:31:21 INFO  State of operation 19512870 : EXECUTING
10:31:23 INFO  State of operation 19512870 : EXECUTING
10:31:25 INFO  State of operation 19512870 : EXECUTING
10:31:28 INFO  State of operation 19512870 : EXECUTING
10:31:30 INFO  State of operation 19512870 : EXECUTING
10:31:32 INFO  State of operation 19512870 : EXECUTING
10:31:35 INFO  State of operation 19512870 : EXECUTING
10:31:38 INFO  State of operation 19512870 : EXECUTING
10:31:40 INFO  State of operation 19512870 : EXECUTING
10:31:43 INFO  State of operation 19512870 : EXECUTING
10:31:45 INFO  State of operation 19512870 : EXECUTING
10:31:47 INFO  State of operation 19512870 : EXECUTING
10:31:49 INFO  State of operation 19512870 : EXECUTING
10:31:52 INFO  State of operation 19512870 : EXECUTING
10:31:54 INFO  State of operation 19512870 : EXECUTING
10:31:56 INFO  State of operation 19512870 : EXECUTING
10:31:59 INFO  State of operation 19512870 : EXECUTING
10:32:01 INFO  State of operation 19512870 : EXECUTING
10:32:03 INFO  State of operation 19512870 : EXECUTING
10:32:07 INFO  State of operation 19512870 : EXECUTING
10:32:09 INFO  State of operation 19512870 : EXECUTING
10:32:12 INFO  State of operation 19512870 : EXECUTING
10:32:14 INFO  State of operation 19512870 : EXECUTING
10:32:16 INFO  State of operation 19512870 : EXECUTING
10:32:19 INFO  State of operation 19512870 : EXECUTING
10:32:21 INFO  State of operation 19512870 : EXECUTING
10:32:23 INFO  State of operation 19512870 : EXECUTING
10:32:26 INFO  State of operation 19512870 : EXECUTING
10:32:29 INFO  State of operation 19512870 : EXECUTING
10:32:31 INFO  State of operation 19512870 : EXECUTING
10:32:33 INFO  State of operation 19512870 : EXECUTING
10:32:36 INFO  State of operation 19512870 : SUCCESSFUL
10:32:36 INFO  Assert that (False == value) with value=False ... passed
10:32:36 INFO  Assert that (False == value) with value=False ... passed
10:32:36 INFO  Assert that (False == value) with value=False ... passed
10:32:37 INFO  Assert that (False == value) with value=False ... passed
10:32:37 INFO  
10:32:37 INFO  cleanup:
10:32:42 INFO  Executed sudo&lt;tedge_disconnect_c8y&gt;, exit status 0
10:32:43 INFO  Executed systemctl&lt;serv_mapper5&gt;, exit status 3
10:32:43 INFO  
10:32:43 INFO  Test duration: 157.27 secs
10:32:43 INFO  Test final outcome:  FAILED
10:32:43 INFO  Test outcome reason: Assert that (False == value) with value=True (+2 other failures)
10:32:43 INFO  
</system-out>
	</testcase>
</testsuite>
