<?xml version="1.0" encoding="utf-8"?>
<testsuite name="SoftwareManagement.Plugin.apama_plugin_update" tests="1" failures="1" skipped="0" time="21.85" timestamp="2022-05-03T09:00:48">
	<testcase classname="ApamaPluginUpdateTest" name="SoftwareManagement.Plugin.apama_plugin_update">
		<failure message="BLOCKED: sudo&lt;plugin_install&gt; returned non-zero exit code 2" type="BLOCKED"/>
		<system-out>09:00:26 INFO  ==============================================================
09:00:26 INFO  Id:    SoftwareManagement.Plugin.apama_plugin_update
09:00:26 INFO  Dir:   plugin_apama/
09:00:26 INFO  Title: Validate apama plugin updating one project with another
09:00:26 INFO  ==============================================================
09:00:26 INFO  Assertion that path exists=False for &quot;/etc/tedge/apama/project&quot; ... passed
09:00:27 INFO  Executed sudo&lt;create_project_dir&gt;, exit status 0
09:00:27 INFO  Executed sudo&lt;unzip_apama_project&gt;, exit status 0
09:00:28 INFO  Executed sudo&lt;move_apama_project&gt;, exit status 0
09:00:29 INFO  Executed sudo&lt;restart_apama_service&gt;, exit status 0
09:00:30 INFO  Executed sudo&lt;apama_correlator_wait&gt;, exit status 0
09:00:30 INFO  Assertion that path exists=True for &quot;/etc/tedge/apama/project&quot; ... passed
09:00:30 INFO  Executed sudo&lt;apama_list_monitors&gt;, exit status 0
09:00:30 INFO  Grep on file /home/pi/actions-runner/_work/thin-edge.io/thin-edge.io/tests/PySys/plugin_apama/apama_plugin_update/Output/linux/apama_list_monitors.out ... passed
09:00:31 WARN  Executed sudo&lt;plugin_install&gt;, exit status 2
09:00:31 INFO  Contents of plugin_install.err: 
  ERROR: Directory not empty (os error 39)
  -----

09:00:31 WARN  sudo&lt;plugin_install&gt; returned non-zero exit code 2 ... blocked [run.py:26]
09:00:31 WARN  Aborted test due to BLOCKED outcome
09:00:31 INFO  
09:00:31 INFO  cleanup:
09:00:31 INFO  Removing apama project
09:00:47 INFO  Executed sudo&lt;stop_apama_service&gt;, exit status 0, duration 15 secs
09:00:47 INFO  Executed sudo&lt;remove_apama_project&gt;, exit status 0
09:00:48 INFO  Executed sudo&lt;remove_apama_tmp_dir&gt;, exit status 0
09:00:48 INFO  
09:00:48 INFO  Test duration: 21.85 secs
09:00:48 INFO  Test final outcome:  BLOCKED
09:00:48 INFO  Test outcome reason: sudo&lt;plugin_install&gt; returned non-zero exit code 2
09:00:48 INFO  
</system-out>
	</testcase>
</testsuite>
