<?xml version="1.0" encoding="utf-8"?>
<testsuite name="SoftwareManagement.sm_mixed_install_remove_multiple" tests="1" failures="1" skipped="0" time="79.47" timestamp="2022-05-11T13:01:40">
	<testcase classname="PySysTest" name="SoftwareManagement.sm_mixed_install_remove_multiple">
		<failure message="BLOCKED: SystemError: The operation has failed (+1 other failures)" type="BLOCKED"/>
		<system-out>13:00:20 INFO  ==============================================================
13:00:20 INFO  Id:    SoftwareManagement.sm_mixed_install_remove_multiple
13:00:20 INFO  Dir:   software_management_end_to_end/
13:00:20 INFO  Title: Validate end to end behaviour for the dummy-plugin for multiple packages with mixed versions
13:00:20 INFO  ==============================================================
13:00:20 INFO  Using sw id database: {'asciijump': '5475369', 'robotfindskitten': '5474869', 'squirrel3': '5475279', 'rolldice': '5152439', 'moon-buggy': '5439204', 'apple': '5495053', 'banana': '5494888', 'cherry': '5495382', 'watermelon': '5494510', 'registry': '8018911', 'hello-world': '8021526', 'docker/getting-started': '8021973', 'alpine': '7991792'}
13:00:20 INFO  EnvironmentC8y Setup
13:00:21 INFO  Executed systemctl&lt;serv_mapper1&gt;, exit status 3
13:00:21 INFO  Restarting mosquitto too frequently in the last 10 seconds. It was only up for 6 seconds
13:00:21 INFO  Delaying execution by 5 seconds
13:00:43 INFO  Executed sudo&lt;tedge_connect_c8y&gt;, exit status 0, duration 17 secs
13:00:44 INFO  Executed sudo&lt;tedge_connect_c8y_test&gt;, exit status 0
13:00:44 INFO  Executed systemctl&lt;serv_mosq2&gt;, exit status 0
13:00:45 INFO  Executed systemctl&lt;serv_mapper3&gt;, exit status 0
13:00:47 INFO  State of current operation: SUCCESSFUL
13:00:47 INFO  Package apple is installed
13:00:47 INFO  Assert that (True == value) with value=True ... passed
13:00:47 INFO  Package banana is installed
13:00:47 INFO  Assert that (True == value) with value=True ... passed
13:00:48 INFO  Package cherry is installed
13:00:48 INFO  Assert that (True == value) with value=True ... passed
13:00:48 INFO  Package asciijump is installed
13:00:48 WARN  Assert that (False == value) with value=True ... failed 
13:00:48 INFO  Assert that (False == value) with value=False ... passed
13:00:49 INFO  Response status: 201
13:00:49 INFO  Response to action: {
    &quot;creationTime&quot;: &quot;2022-05-11T13:00:49.080Z&quot;,
    &quot;deviceName&quot;: &quot;m32sd11f&quot;,
    &quot;deviceId&quot;: &quot;18811617&quot;,
    &quot;self&quot;: &quot;https://t493319102.eu-latest.cumulocity.com/devicecontrol/operations/18858033&quot;,
    &quot;id&quot;: &quot;18858033&quot;,
    &quot;status&quot;: &quot;PENDING&quot;,
    &quot;description&quot;: &quot;Apply software changes, triggered from PySys: [{'action': 'install', 'id': '5495053', 'name': 'apple', 'url': ' ', 'version': '::fruits'}, {'action': 'install', 'id': '5494888', 'name': 'banana', 'url': ' ', 'version': '::fruits'}, {'action': 'install', 'id': '5475369', 'name': 'asciijump', 'url': ' ', 'version': '::apt'}, {'action': 'install', 'id': '5495382', 'name': 'cherry', 'url': ' ', 'version': '::fruits'}, {'action': 'install', 'id': '8018911', 'name': 'registry', 'url': ' ', 'version': '::docker'}]&quot;,
    &quot;c8y_SoftwareUpdate&quot;: [
        {
            &quot;name&quot;: &quot;apple&quot;,
            &quot;action&quot;: &quot;install&quot;,
            &quot;id&quot;: &quot;5495053&quot;,
            &quot;version&quot;: &quot;::fruits&quot;,
            &quot;url&quot;: &quot; &quot;
        },
        {
            &quot;name&quot;: &quot;banana&quot;,
            &quot;action&quot;: &quot;install&quot;,
            &quot;id&quot;: &quot;5494888&quot;,
            &quot;version&quot;: &quot;::fruits&quot;,
            &quot;url&quot;: &quot; &quot;
        },
        {
            &quot;name&quot;: &quot;asciijump&quot;,
            &quot;action&quot;: &quot;install&quot;,
            &quot;id&quot;: &quot;5475369&quot;,
            &quot;version&quot;: &quot;::apt&quot;,
            &quot;url&quot;: &quot; &quot;
        },
        {
            &quot;name&quot;: &quot;cherry&quot;,
            &quot;action&quot;: &quot;install&quot;,
            &quot;id&quot;: &quot;5495382&quot;,
            &quot;version&quot;: &quot;::fruits&quot;,
            &quot;url&quot;: &quot; &quot;
        },
        {
            &quot;name&quot;: &quot;registry&quot;,
            &quot;action&quot;: &quot;install&quot;,
            &quot;id&quot;: &quot;8018911&quot;,
            &quot;version&quot;: &quot;::docker&quot;,
            &quot;url&quot;: &quot; &quot;
        }
    ]
}
13:00:49 INFO  Started operation: {'creationTime': '2022-05-11T13:00:49.080Z', 'deviceName': 'm32sd11f', 'deviceId': '18811617', 'self': 'https://t493319102.eu-latest.cumulocity.com/devicecontrol/operations/18858033', 'id': '18858033', 'status': 'PENDING', 'description': &quot;Apply software changes, triggered from PySys: [{'action': 'install', 'id': '5495053', 'name': 'apple', 'url': ' ', 'version': '::fruits'}, {'action': 'install', 'id': '5494888', 'name': 'banana', 'url': ' ', 'version': '::fruits'}, {'action': 'install', 'id': '5475369', 'name': 'asciijump', 'url': ' ', 'version': '::apt'}, {'action': 'install', 'id': '5495382', 'name': 'cherry', 'url': ' ', 'version': '::fruits'}, {'action': 'install', 'id': '8018911', 'name': 'registry', 'url': ' ', 'version': '::docker'}]&quot;, 'c8y_SoftwareUpdate': [{'name': 'apple', 'action': 'install', 'id': '5495053', 'version': '::fruits', 'url': ' '}, {'name': 'banana', 'action': 'install', 'id': '5494888', 'version': '::fruits', 'url': ' '}, {'name': 'asciijump', 'action': 'install', 'id': '5475369', 'version': '::apt', 'url': ' '}, {'name': 'cherry', 'action': 'install', 'id': '5495382', 'version': '::fruits', 'url': ' '}, {'name': 'registry', 'action': 'install', 'id': '8018911', 'version': '::docker', 'url': ' '}]}
13:00:51 INFO  State of operation 18858033 : PENDING
13:00:53 INFO  State of operation 18858033 : EXECUTING
13:00:56 INFO  State of operation 18858033 : EXECUTING
13:00:58 INFO  State of operation 18858033 : EXECUTING
13:01:00 INFO  State of operation 18858033 : EXECUTING
13:01:02 INFO  State of operation 18858033 : EXECUTING
13:01:05 INFO  State of operation 18858033 : EXECUTING
13:01:07 INFO  State of operation 18858033 : EXECUTING
13:01:11 INFO  State of operation 18858033 : EXECUTING
13:01:13 INFO  State of operation 18858033 : EXECUTING
13:01:16 INFO  State of operation 18858033 : EXECUTING
13:01:18 INFO  State of operation 18858033 : EXECUTING
13:01:20 INFO  State of operation 18858033 : EXECUTING
13:01:23 INFO  State of operation 18858033 : EXECUTING
13:01:25 INFO  State of operation 18858033 : EXECUTING
13:01:27 INFO  State of operation 18858033 : EXECUTING
13:01:29 INFO  State of operation 18858033 : EXECUTING
13:01:32 INFO  State of operation 18858033 : EXECUTING
13:01:34 INFO  State of operation 18858033 : FAILED
13:01:34 ERROR Stopping as the operation has failed
13:01:34 WARN  SystemError occurred while running test - The operation has failed
Traceback (most recent call last):
  File &quot;/home/pi/env-pysys/lib/python3.9/site-packages/pysys/baserunner.py&quot;, line 1294, in __call__
    self.testObj.execute()
  File &quot;/home/pi/actions-runner/_work/thin-edge.io/thin-edge.io/tests/PySys/software_management_end_to_end/sm_mixed_install_remove_multiple/run.py&quot;, line 95, in execute
    self.wait_until_succcess()
  File &quot;/home/pi/actions-runner/_work/thin-edge.io/thin-edge.io/tests/PySys/software_management_end_to_end/environment_sm_management.py&quot;, line 324, in wait_until_succcess
    self.wait_until_status(&quot;SUCCESSFUL&quot;)
  File &quot;/home/pi/actions-runner/_work/thin-edge.io/thin-edge.io/tests/PySys/software_management_end_to_end/environment_sm_management.py&quot;, line 361, in wait_until_status
    raise SystemError(&quot;The operation has failed&quot;)
SystemError: The operation has failed
13:01:34 WARN  SystemError: The operation has failed ... blocked 
13:01:34 INFO  
13:01:34 INFO  cleanup:
13:01:39 INFO  Executed sudo&lt;tedge_disconnect_c8y&gt;, exit status 0
13:01:40 INFO  Executed systemctl&lt;serv_mapper5&gt;, exit status 3
13:01:40 INFO  
13:01:40 INFO  Test duration: 79.47 secs
13:01:40 INFO  Test final outcome:  BLOCKED
13:01:40 INFO  Test outcome reason: SystemError: The operation has failed (+1 other failures)
13:01:40 INFO  
</system-out>
	</testcase>
</testsuite>
