<?xml version="1.0" encoding="utf-8"?>
<testsuite name="SoftwareManagement.sm_apt_install_remove_multiple" tests="1" failures="1" skipped="0" time="158.02" timestamp="2022-05-16T08:41:43">
	<testcase classname="PySysTest" name="SoftwareManagement.sm_apt_install_remove_multiple">
		<failure message="FAILED: Assert that (False == value) with value=True (+2 other failures)" type="FAILED"/>
		<system-out>08:39:05 INFO  ==============================================================
08:39:05 INFO  Id:    SoftwareManagement.sm_apt_install_remove_multiple
08:39:05 INFO  Dir:   software_management_end_to_end/
08:39:05 INFO  Title: Validate end to end behaviour for the apt plugin for multiple packages
08:39:05 INFO  ==============================================================
08:39:05 INFO  Using sw id database: {'asciijump': '5475369', 'robotfindskitten': '5474869', 'squirrel3': '5475279', 'rolldice': '5152439', 'moon-buggy': '5439204', 'apple': '5495053', 'banana': '5494888', 'cherry': '5495382', 'watermelon': '5494510', 'registry': '8018911', 'hello-world': '8021526', 'docker/getting-started': '8021973', 'alpine': '7991792'}
08:39:05 INFO  EnvironmentC8y Setup
08:39:06 INFO  Executed systemctl&lt;serv_mapper1&gt;, exit status 3
08:39:06 INFO  Restarting mosquitto too frequently in the last 10 seconds. It was only up for 7 seconds
08:39:06 INFO  Delaying execution by 4 seconds
08:39:27 INFO  Executed sudo&lt;tedge_connect_c8y&gt;, exit status 0, duration 17 secs
08:39:28 INFO  Executed sudo&lt;tedge_connect_c8y_test&gt;, exit status 0
08:39:29 INFO  Executed systemctl&lt;serv_mosq2&gt;, exit status 0
08:39:29 INFO  Executed systemctl&lt;serv_mapper3&gt;, exit status 0
08:39:31 INFO  State of current operation: SUCCESSFUL
08:39:32 INFO  Assert that (False == value) with value=False ... passed
08:39:32 INFO  Package asciijump is installed
08:39:32 WARN  Assert that (False == value) with value=True ... failed 
08:39:32 INFO  Package squirrel3 is installed
08:39:32 WARN  Assert that (False == value) with value=True ... failed 
08:39:33 INFO  Package robotfindskitten is installed
08:39:33 WARN  Assert that (False == value) with value=True ... failed 
08:39:33 INFO  Response status: 201
08:39:33 INFO  Response to action: {
    &quot;creationTime&quot;: &quot;2022-05-16T08:39:33.276Z&quot;,
    &quot;deviceId&quot;: &quot;19051705&quot;,
    &quot;deviceName&quot;: &quot;m32sd11f&quot;,
    &quot;self&quot;: &quot;https://t493319102.eu-latest.cumulocity.com/devicecontrol/operations/19133313&quot;,
    &quot;id&quot;: &quot;19133313&quot;,
    &quot;status&quot;: &quot;PENDING&quot;,
    &quot;description&quot;: &quot;Apply software changes, triggered from PySys: [{'action': 'install', 'id': '5475369', 'name': 'asciijump', 'url': ' ', 'version': '::apt'}, {'action': 'install', 'id': '5474869', 'name': 'robotfindskitten', 'url': ' ', 'version': '::apt'}, {'action': 'install', 'id': '5475279', 'name': 'squirrel3', 'url': ' ', 'version': '::apt'}]&quot;,
    &quot;c8y_SoftwareUpdate&quot;: [
        {
            &quot;name&quot;: &quot;asciijump&quot;,
            &quot;action&quot;: &quot;install&quot;,
            &quot;id&quot;: &quot;5475369&quot;,
            &quot;version&quot;: &quot;::apt&quot;,
            &quot;url&quot;: &quot; &quot;
        },
        {
            &quot;name&quot;: &quot;robotfindskitten&quot;,
            &quot;action&quot;: &quot;install&quot;,
            &quot;id&quot;: &quot;5474869&quot;,
            &quot;version&quot;: &quot;::apt&quot;,
            &quot;url&quot;: &quot; &quot;
        },
        {
            &quot;name&quot;: &quot;squirrel3&quot;,
            &quot;action&quot;: &quot;install&quot;,
            &quot;id&quot;: &quot;5475279&quot;,
            &quot;version&quot;: &quot;::apt&quot;,
            &quot;url&quot;: &quot; &quot;
        }
    ]
}
08:39:33 INFO  Started operation: {'creationTime': '2022-05-16T08:39:33.276Z', 'deviceId': '19051705', 'deviceName': 'm32sd11f', 'self': 'https://t493319102.eu-latest.cumulocity.com/devicecontrol/operations/19133313', 'id': '19133313', 'status': 'PENDING', 'description': &quot;Apply software changes, triggered from PySys: [{'action': 'install', 'id': '5475369', 'name': 'asciijump', 'url': ' ', 'version': '::apt'}, {'action': 'install', 'id': '5474869', 'name': 'robotfindskitten', 'url': ' ', 'version': '::apt'}, {'action': 'install', 'id': '5475279', 'name': 'squirrel3', 'url': ' ', 'version': '::apt'}]&quot;, 'c8y_SoftwareUpdate': [{'name': 'asciijump', 'action': 'install', 'id': '5475369', 'version': '::apt', 'url': ' '}, {'name': 'robotfindskitten', 'action': 'install', 'id': '5474869', 'version': '::apt', 'url': ' '}, {'name': 'squirrel3', 'action': 'install', 'id': '5475279', 'version': '::apt', 'url': ' '}]}
08:39:35 INFO  State of operation 19133313 : PENDING
08:39:37 INFO  State of operation 19133313 : EXECUTING
08:39:39 INFO  State of operation 19133313 : EXECUTING
08:39:42 INFO  State of operation 19133313 : EXECUTING
08:39:44 INFO  State of operation 19133313 : EXECUTING
08:39:46 INFO  State of operation 19133313 : EXECUTING
08:39:48 INFO  State of operation 19133313 : EXECUTING
08:39:51 INFO  State of operation 19133313 : EXECUTING
08:39:55 INFO  State of operation 19133313 : EXECUTING
08:39:57 INFO  State of operation 19133313 : EXECUTING
08:39:59 INFO  State of operation 19133313 : EXECUTING
08:40:02 INFO  State of operation 19133313 : EXECUTING
08:40:04 INFO  State of operation 19133313 : EXECUTING
08:40:07 INFO  State of operation 19133313 : EXECUTING
08:40:09 INFO  State of operation 19133313 : EXECUTING
08:40:11 INFO  State of operation 19133313 : EXECUTING
08:40:13 INFO  State of operation 19133313 : SUCCESSFUL
08:40:14 INFO  Assert that (False == value) with value=False ... passed
08:40:14 INFO  Package asciijump is installed
08:40:14 INFO  Assert that (True == value) with value=True ... passed
08:40:14 INFO  Package squirrel3 is installed
08:40:14 INFO  Assert that (True == value) with value=True ... passed
08:40:14 INFO  Package robotfindskitten is installed
08:40:14 INFO  Assert that (True == value) with value=True ... passed
08:40:15 INFO  Response status: 201
08:40:15 INFO  Response to action: {
    &quot;creationTime&quot;: &quot;2022-05-16T08:40:14.961Z&quot;,
    &quot;deviceId&quot;: &quot;19051705&quot;,
    &quot;deviceName&quot;: &quot;m32sd11f&quot;,
    &quot;self&quot;: &quot;https://t493319102.eu-latest.cumulocity.com/devicecontrol/operations/19133327&quot;,
    &quot;id&quot;: &quot;19133327&quot;,
    &quot;status&quot;: &quot;PENDING&quot;,
    &quot;description&quot;: &quot;Apply software changes, triggered from PySys: [{'action': 'delete', 'id': '5475369', 'name': 'asciijump', 'url': ' ', 'version': '::apt'}, {'action': 'delete', 'id': '5474869', 'name': 'robotfindskitten', 'url': ' ', 'version': '::apt'}, {'action': 'delete', 'id': '5475279', 'name': 'squirrel3', 'url': ' ', 'version': '::apt'}]&quot;,
    &quot;c8y_SoftwareUpdate&quot;: [
        {
            &quot;name&quot;: &quot;asciijump&quot;,
            &quot;action&quot;: &quot;delete&quot;,
            &quot;id&quot;: &quot;5475369&quot;,
            &quot;version&quot;: &quot;::apt&quot;,
            &quot;url&quot;: &quot; &quot;
        },
        {
            &quot;name&quot;: &quot;robotfindskitten&quot;,
            &quot;action&quot;: &quot;delete&quot;,
            &quot;id&quot;: &quot;5474869&quot;,
            &quot;version&quot;: &quot;::apt&quot;,
            &quot;url&quot;: &quot; &quot;
        },
        {
            &quot;name&quot;: &quot;squirrel3&quot;,
            &quot;action&quot;: &quot;delete&quot;,
            &quot;id&quot;: &quot;5475279&quot;,
            &quot;version&quot;: &quot;::apt&quot;,
            &quot;url&quot;: &quot; &quot;
        }
    ]
}
08:40:15 INFO  Started operation: {'creationTime': '2022-05-16T08:40:14.961Z', 'deviceId': '19051705', 'deviceName': 'm32sd11f', 'self': 'https://t493319102.eu-latest.cumulocity.com/devicecontrol/operations/19133327', 'id': '19133327', 'status': 'PENDING', 'description': &quot;Apply software changes, triggered from PySys: [{'action': 'delete', 'id': '5475369', 'name': 'asciijump', 'url': ' ', 'version': '::apt'}, {'action': 'delete', 'id': '5474869', 'name': 'robotfindskitten', 'url': ' ', 'version': '::apt'}, {'action': 'delete', 'id': '5475279', 'name': 'squirrel3', 'url': ' ', 'version': '::apt'}]&quot;, 'c8y_SoftwareUpdate': [{'name': 'asciijump', 'action': 'delete', 'id': '5475369', 'version': '::apt', 'url': ' '}, {'name': 'robotfindskitten', 'action': 'delete', 'id': '5474869', 'version': '::apt', 'url': ' '}, {'name': 'squirrel3', 'action': 'delete', 'id': '5475279', 'version': '::apt', 'url': ' '}]}
08:40:17 INFO  State of operation 19133327 : PENDING
08:40:19 INFO  State of operation 19133327 : EXECUTING
08:40:21 INFO  State of operation 19133327 : EXECUTING
08:40:23 INFO  State of operation 19133327 : EXECUTING
08:40:26 INFO  State of operation 19133327 : EXECUTING
08:40:28 INFO  State of operation 19133327 : EXECUTING
08:40:30 INFO  State of operation 19133327 : EXECUTING
08:40:34 INFO  State of operation 19133327 : EXECUTING
08:40:37 INFO  State of operation 19133327 : EXECUTING
08:40:40 INFO  State of operation 19133327 : EXECUTING
08:40:42 INFO  State of operation 19133327 : EXECUTING
08:40:44 INFO  State of operation 19133327 : EXECUTING
08:40:46 INFO  State of operation 19133327 : EXECUTING
08:40:49 INFO  State of operation 19133327 : EXECUTING
08:40:51 INFO  State of operation 19133327 : EXECUTING
08:40:53 INFO  State of operation 19133327 : EXECUTING
08:40:55 INFO  State of operation 19133327 : EXECUTING
08:40:58 INFO  State of operation 19133327 : EXECUTING
08:41:00 INFO  State of operation 19133327 : EXECUTING
08:41:02 INFO  State of operation 19133327 : EXECUTING
08:41:05 INFO  State of operation 19133327 : EXECUTING
08:41:07 INFO  State of operation 19133327 : EXECUTING
08:41:10 INFO  State of operation 19133327 : EXECUTING
08:41:12 INFO  State of operation 19133327 : EXECUTING
08:41:14 INFO  State of operation 19133327 : EXECUTING
08:41:17 INFO  State of operation 19133327 : EXECUTING
08:41:19 INFO  State of operation 19133327 : EXECUTING
08:41:21 INFO  State of operation 19133327 : EXECUTING
08:41:24 INFO  State of operation 19133327 : EXECUTING
08:41:26 INFO  State of operation 19133327 : EXECUTING
08:41:29 INFO  State of operation 19133327 : EXECUTING
08:41:31 INFO  State of operation 19133327 : EXECUTING
08:41:33 INFO  State of operation 19133327 : EXECUTING
08:41:35 INFO  State of operation 19133327 : SUCCESSFUL
08:41:36 INFO  Assert that (False == value) with value=False ... passed
08:41:36 INFO  Assert that (False == value) with value=False ... passed
08:41:36 INFO  Assert that (False == value) with value=False ... passed
08:41:36 INFO  Assert that (False == value) with value=False ... passed
08:41:36 INFO  
08:41:36 INFO  cleanup:
08:41:42 INFO  Executed sudo&lt;tedge_disconnect_c8y&gt;, exit status 0
08:41:43 INFO  Executed systemctl&lt;serv_mapper5&gt;, exit status 3
08:41:43 INFO  
08:41:43 INFO  Test duration: 158.02 secs
08:41:43 INFO  Test final outcome:  FAILED
08:41:43 INFO  Test outcome reason: Assert that (False == value) with value=True (+2 other failures)
08:41:43 INFO  
</system-out>
	</testcase>
</testsuite>
