<?xml version="1.0" encoding="utf-8"?>
<testsuite name="SoftwareManagement.sm_mixed_install_remove_multiple" tests="1" failures="1" skipped="0" time="187.1" timestamp="2022-05-09T08:28:40">
	<testcase classname="PySysTest" name="SoftwareManagement.sm_mixed_install_remove_multiple">
		<failure message="FAILED: Assert that (False == value) with value=True" type="FAILED"/>
		<system-out>08:25:33 INFO  ==============================================================
08:25:33 INFO  Id:    SoftwareManagement.sm_mixed_install_remove_multiple
08:25:33 INFO  Dir:   software_management_end_to_end/
08:25:33 INFO  Title: Validate end to end behaviour for the dummy-plugin for multiple packages with mixed versions
08:25:33 INFO  ==============================================================
08:25:33 INFO  Using sw id database: {'asciijump': '5475369', 'robotfindskitten': '5474869', 'squirrel3': '5475279', 'rolldice': '5152439', 'moon-buggy': '5439204', 'apple': '5495053', 'banana': '5494888', 'cherry': '5495382', 'watermelon': '5494510', 'registry': '8018911', 'hello-world': '8021526', 'docker/getting-started': '8021973', 'alpine': '7991792'}
08:25:33 INFO  EnvironmentC8y Setup
08:25:34 INFO  Executed systemctl&lt;serv_mapper1&gt;, exit status 3
08:25:34 INFO  Restarting mosquitto too frequently in the last 10 seconds. It was only up for 5 seconds
08:25:34 INFO  Delaying execution by 6 seconds
08:25:57 INFO  Executed sudo&lt;tedge_connect_c8y&gt;, exit status 0, duration 17 secs
08:25:58 INFO  Executed sudo&lt;tedge_connect_c8y_test&gt;, exit status 0
08:25:58 INFO  Executed systemctl&lt;serv_mosq2&gt;, exit status 0
08:25:59 INFO  Executed systemctl&lt;serv_mapper3&gt;, exit status 0
08:26:01 INFO  State of current operation: SUCCESSFUL
08:26:01 INFO  Package apple is installed
08:26:01 INFO  Assert that (True == value) with value=True ... passed
08:26:01 INFO  Package banana is installed
08:26:01 INFO  Assert that (True == value) with value=True ... passed
08:26:02 INFO  Package cherry is installed
08:26:02 INFO  Assert that (True == value) with value=True ... passed
08:26:02 INFO  Package asciijump is installed
08:26:02 WARN  Assert that (False == value) with value=True ... failed 
08:26:02 INFO  Assert that (False == value) with value=False ... passed
08:26:02 INFO  Response status: 201
08:26:02 INFO  Response to action: {
    &quot;creationTime&quot;: &quot;2022-05-09T08:26:02.740Z&quot;,
    &quot;deviceName&quot;: &quot;m32sd11f&quot;,
    &quot;deviceId&quot;: &quot;18457340&quot;,
    &quot;self&quot;: &quot;https://t493319102.eu-latest.cumulocity.com/devicecontrol/operations/18523783&quot;,
    &quot;id&quot;: &quot;18523783&quot;,
    &quot;status&quot;: &quot;PENDING&quot;,
    &quot;description&quot;: &quot;Apply software changes, triggered from PySys: [{'action': 'install', 'id': '5495053', 'name': 'apple', 'url': ' ', 'version': '::fruits'}, {'action': 'install', 'id': '5494888', 'name': 'banana', 'url': ' ', 'version': '::fruits'}, {'action': 'install', 'id': '5475369', 'name': 'asciijump', 'url': ' ', 'version': '::apt'}, {'action': 'install', 'id': '5495382', 'name': 'cherry', 'url': ' ', 'version': '::fruits'}, {'action': 'install', 'id': '8018911', 'name': 'registry', 'url': ' ', 'version': '::docker'}]&quot;,
    &quot;c8y_SoftwareUpdate&quot;: [
        {
            &quot;name&quot;: &quot;apple&quot;,
            &quot;action&quot;: &quot;install&quot;,
            &quot;id&quot;: &quot;5495053&quot;,
            &quot;version&quot;: &quot;::fruits&quot;,
            &quot;url&quot;: &quot; &quot;
        },
        {
            &quot;name&quot;: &quot;banana&quot;,
            &quot;action&quot;: &quot;install&quot;,
            &quot;id&quot;: &quot;5494888&quot;,
            &quot;version&quot;: &quot;::fruits&quot;,
            &quot;url&quot;: &quot; &quot;
        },
        {
            &quot;name&quot;: &quot;asciijump&quot;,
            &quot;action&quot;: &quot;install&quot;,
            &quot;id&quot;: &quot;5475369&quot;,
            &quot;version&quot;: &quot;::apt&quot;,
            &quot;url&quot;: &quot; &quot;
        },
        {
            &quot;name&quot;: &quot;cherry&quot;,
            &quot;action&quot;: &quot;install&quot;,
            &quot;id&quot;: &quot;5495382&quot;,
            &quot;version&quot;: &quot;::fruits&quot;,
            &quot;url&quot;: &quot; &quot;
        },
        {
            &quot;name&quot;: &quot;registry&quot;,
            &quot;action&quot;: &quot;install&quot;,
            &quot;id&quot;: &quot;8018911&quot;,
            &quot;version&quot;: &quot;::docker&quot;,
            &quot;url&quot;: &quot; &quot;
        }
    ]
}
08:26:02 INFO  Started operation: {'creationTime': '2022-05-09T08:26:02.740Z', 'deviceName': 'm32sd11f', 'deviceId': '18457340', 'self': 'https://t493319102.eu-latest.cumulocity.com/devicecontrol/operations/18523783', 'id': '18523783', 'status': 'PENDING', 'description': &quot;Apply software changes, triggered from PySys: [{'action': 'install', 'id': '5495053', 'name': 'apple', 'url': ' ', 'version': '::fruits'}, {'action': 'install', 'id': '5494888', 'name': 'banana', 'url': ' ', 'version': '::fruits'}, {'action': 'install', 'id': '5475369', 'name': 'asciijump', 'url': ' ', 'version': '::apt'}, {'action': 'install', 'id': '5495382', 'name': 'cherry', 'url': ' ', 'version': '::fruits'}, {'action': 'install', 'id': '8018911', 'name': 'registry', 'url': ' ', 'version': '::docker'}]&quot;, 'c8y_SoftwareUpdate': [{'name': 'apple', 'action': 'install', 'id': '5495053', 'version': '::fruits', 'url': ' '}, {'name': 'banana', 'action': 'install', 'id': '5494888', 'version': '::fruits', 'url': ' '}, {'name': 'asciijump', 'action': 'install', 'id': '5475369', 'version': '::apt', 'url': ' '}, {'name': 'cherry', 'action': 'install', 'id': '5495382', 'version': '::fruits', 'url': ' '}, {'name': 'registry', 'action': 'install', 'id': '8018911', 'version': '::docker', 'url': ' '}]}
08:26:05 INFO  State of operation 18523783 : PENDING
08:26:07 INFO  State of operation 18523783 : EXECUTING
08:26:09 INFO  State of operation 18523783 : EXECUTING
08:26:11 INFO  State of operation 18523783 : EXECUTING
08:26:13 INFO  State of operation 18523783 : EXECUTING
08:26:16 INFO  State of operation 18523783 : EXECUTING
08:26:18 INFO  State of operation 18523783 : EXECUTING
08:26:21 INFO  State of operation 18523783 : EXECUTING
08:26:25 INFO  State of operation 18523783 : EXECUTING
08:26:27 INFO  State of operation 18523783 : EXECUTING
08:26:29 INFO  State of operation 18523783 : EXECUTING
08:26:31 INFO  State of operation 18523783 : EXECUTING
08:26:34 INFO  State of operation 18523783 : EXECUTING
08:26:36 INFO  State of operation 18523783 : EXECUTING
08:26:38 INFO  State of operation 18523783 : EXECUTING
08:26:40 INFO  State of operation 18523783 : EXECUTING
08:26:42 INFO  State of operation 18523783 : EXECUTING
08:26:45 INFO  State of operation 18523783 : EXECUTING
08:26:47 INFO  State of operation 18523783 : EXECUTING
08:26:49 INFO  State of operation 18523783 : EXECUTING
08:26:52 INFO  State of operation 18523783 : EXECUTING
08:26:54 INFO  State of operation 18523783 : EXECUTING
08:26:56 INFO  State of operation 18523783 : EXECUTING
08:26:59 INFO  State of operation 18523783 : EXECUTING
08:27:01 INFO  State of operation 18523783 : EXECUTING
08:27:03 INFO  State of operation 18523783 : EXECUTING
08:27:05 INFO  State of operation 18523783 : EXECUTING
08:27:08 INFO  State of operation 18523783 : EXECUTING
08:27:10 INFO  State of operation 18523783 : SUCCESSFUL
08:27:10 INFO  Package apple is installed
08:27:10 INFO  Assert that (True == value) with value=True ... passed
08:27:10 INFO  Package banana is installed
08:27:10 INFO  Assert that (True == value) with value=True ... passed
08:27:11 INFO  Package cherry is installed
08:27:11 INFO  Assert that (True == value) with value=True ... passed
08:27:11 INFO  Package asciijump is installed
08:27:11 INFO  Assert that (True == value) with value=True ... passed
08:27:11 INFO  Package registry is installed
08:27:11 INFO  Assert that (True == value) with value=True ... passed
08:27:11 INFO  Response status: 201
08:27:11 INFO  Response to action: {
    &quot;creationTime&quot;: &quot;2022-05-09T08:27:11.844Z&quot;,
    &quot;deviceName&quot;: &quot;m32sd11f&quot;,
    &quot;deviceId&quot;: &quot;18457340&quot;,
    &quot;self&quot;: &quot;https://t493319102.eu-latest.cumulocity.com/devicecontrol/operations/18523789&quot;,
    &quot;id&quot;: &quot;18523789&quot;,
    &quot;status&quot;: &quot;PENDING&quot;,
    &quot;description&quot;: &quot;Apply software changes, triggered from PySys: [{'action': 'delete', 'id': '5495053', 'name': 'apple', 'url': ' ', 'version': '::fruits'}, {'action': 'delete', 'id': '5494888', 'name': 'banana', 'url': ' ', 'version': '::fruits'}, {'action': 'delete', 'id': '5475369', 'name': 'asciijump', 'url': ' ', 'version': '::apt'}, {'action': 'delete', 'id': '5495382', 'name': 'cherry', 'url': ' ', 'version': '::fruits'}, {'action': 'delete', 'id': '8018911', 'name': 'registry', 'url': ' ', 'version': '::docker'}]&quot;,
    &quot;c8y_SoftwareUpdate&quot;: [
        {
            &quot;name&quot;: &quot;apple&quot;,
            &quot;action&quot;: &quot;delete&quot;,
            &quot;id&quot;: &quot;5495053&quot;,
            &quot;version&quot;: &quot;::fruits&quot;,
            &quot;url&quot;: &quot; &quot;
        },
        {
            &quot;name&quot;: &quot;banana&quot;,
            &quot;action&quot;: &quot;delete&quot;,
            &quot;id&quot;: &quot;5494888&quot;,
            &quot;version&quot;: &quot;::fruits&quot;,
            &quot;url&quot;: &quot; &quot;
        },
        {
            &quot;name&quot;: &quot;asciijump&quot;,
            &quot;action&quot;: &quot;delete&quot;,
            &quot;id&quot;: &quot;5475369&quot;,
            &quot;version&quot;: &quot;::apt&quot;,
            &quot;url&quot;: &quot; &quot;
        },
        {
            &quot;name&quot;: &quot;cherry&quot;,
            &quot;action&quot;: &quot;delete&quot;,
            &quot;id&quot;: &quot;5495382&quot;,
            &quot;version&quot;: &quot;::fruits&quot;,
            &quot;url&quot;: &quot; &quot;
        },
        {
            &quot;name&quot;: &quot;registry&quot;,
            &quot;action&quot;: &quot;delete&quot;,
            &quot;id&quot;: &quot;8018911&quot;,
            &quot;version&quot;: &quot;::docker&quot;,
            &quot;url&quot;: &quot; &quot;
        }
    ]
}
08:27:11 INFO  Started operation: {'creationTime': '2022-05-09T08:27:11.844Z', 'deviceName': 'm32sd11f', 'deviceId': '18457340', 'self': 'https://t493319102.eu-latest.cumulocity.com/devicecontrol/operations/18523789', 'id': '18523789', 'status': 'PENDING', 'description': &quot;Apply software changes, triggered from PySys: [{'action': 'delete', 'id': '5495053', 'name': 'apple', 'url': ' ', 'version': '::fruits'}, {'action': 'delete', 'id': '5494888', 'name': 'banana', 'url': ' ', 'version': '::fruits'}, {'action': 'delete', 'id': '5475369', 'name': 'asciijump', 'url': ' ', 'version': '::apt'}, {'action': 'delete', 'id': '5495382', 'name': 'cherry', 'url': ' ', 'version': '::fruits'}, {'action': 'delete', 'id': '8018911', 'name': 'registry', 'url': ' ', 'version': '::docker'}]&quot;, 'c8y_SoftwareUpdate': [{'name': 'apple', 'action': 'delete', 'id': '5495053', 'version': '::fruits', 'url': ' '}, {'name': 'banana', 'action': 'delete', 'id': '5494888', 'version': '::fruits', 'url': ' '}, {'name': 'asciijump', 'action': 'delete', 'id': '5475369', 'version': '::apt', 'url': ' '}, {'name': 'cherry', 'action': 'delete', 'id': '5495382', 'version': '::fruits', 'url': ' '}, {'name': 'registry', 'action': 'delete', 'id': '8018911', 'version': '::docker', 'url': ' '}]}
08:27:14 INFO  State of operation 18523789 : PENDING
08:27:16 INFO  State of operation 18523789 : EXECUTING
08:27:18 INFO  State of operation 18523789 : EXECUTING
08:27:20 INFO  State of operation 18523789 : EXECUTING
08:27:23 INFO  State of operation 18523789 : EXECUTING
08:27:25 INFO  State of operation 18523789 : EXECUTING
08:27:27 INFO  State of operation 18523789 : EXECUTING
08:27:30 INFO  State of operation 18523789 : EXECUTING
08:27:32 INFO  State of operation 18523789 : EXECUTING
08:27:35 INFO  State of operation 18523789 : EXECUTING
08:27:38 INFO  State of operation 18523789 : EXECUTING
08:27:40 INFO  State of operation 18523789 : EXECUTING
08:27:42 INFO  State of operation 18523789 : EXECUTING
08:27:44 INFO  State of operation 18523789 : EXECUTING
08:27:47 INFO  State of operation 18523789 : EXECUTING
08:27:49 INFO  State of operation 18523789 : EXECUTING
08:27:51 INFO  State of operation 18523789 : EXECUTING
08:27:53 INFO  State of operation 18523789 : EXECUTING
08:27:58 INFO  State of operation 18523789 : EXECUTING
08:28:00 INFO  State of operation 18523789 : EXECUTING
08:28:02 INFO  State of operation 18523789 : EXECUTING
08:28:04 INFO  State of operation 18523789 : EXECUTING
08:28:07 INFO  State of operation 18523789 : EXECUTING
08:28:09 INFO  State of operation 18523789 : EXECUTING
08:28:11 INFO  State of operation 18523789 : EXECUTING
08:28:13 INFO  State of operation 18523789 : EXECUTING
08:28:16 INFO  State of operation 18523789 : EXECUTING
08:28:19 INFO  State of operation 18523789 : EXECUTING
08:28:21 INFO  State of operation 18523789 : EXECUTING
08:28:23 INFO  State of operation 18523789 : EXECUTING
08:28:25 INFO  State of operation 18523789 : EXECUTING
08:28:28 INFO  State of operation 18523789 : EXECUTING
08:28:30 INFO  State of operation 18523789 : EXECUTING
08:28:32 INFO  State of operation 18523789 : SUCCESSFUL
08:28:32 INFO  Package apple is installed
08:28:32 INFO  Assert that (True == value) with value=True ... passed
08:28:33 INFO  Package banana is installed
08:28:33 INFO  Assert that (True == value) with value=True ... passed
08:28:33 INFO  Package cherry is installed
08:28:33 INFO  Assert that (True == value) with value=True ... passed
08:28:33 INFO  Assert that (False == value) with value=False ... passed
08:28:33 INFO  Assert that (False == value) with value=False ... passed
08:28:33 INFO  
08:28:33 INFO  cleanup:
08:28:39 INFO  Executed sudo&lt;tedge_disconnect_c8y&gt;, exit status 0
08:28:40 INFO  Executed systemctl&lt;serv_mapper5&gt;, exit status 3
08:28:40 INFO  
08:28:40 INFO  Test duration: 187.10 secs
08:28:40 INFO  Test final outcome:  FAILED
08:28:40 INFO  Test outcome reason: Assert that (False == value) with value=True
08:28:40 INFO  
</system-out>
	</testcase>
</testsuite>
