<?xml version="1.0" encoding="utf-8"?>
<testsuite name="SoftwareManagement.Plugin.apama_plugin_update" tests="1" failures="0" skipped="1" time="0.08" timestamp="2022-05-10T14:17:41">
	<testcase classname="ApamaPluginUpdateTest" name="SoftwareManagement.Plugin.apama_plugin_update">
		<skipped message="SKIPPED: Test execution disabled due to #1052"/>
		<system-out>14:17:41 INFO  ==============================================================
14:17:41 INFO  Id:    SoftwareManagement.Plugin.apama_plugin_update
14:17:41 INFO  Dir:   plugin_apama/
14:17:41 INFO  Title: Validate apama plugin updating one project with another
14:17:41 INFO  ==============================================================
14:17:41 INFO  Test execution disabled due to #1052 ... skipped
14:17:41 INFO  
14:17:41 INFO  Test duration: 0.08 secs
14:17:41 INFO  Test final outcome:  SKIPPED
14:17:41 INFO  Test outcome reason: Test execution disabled due to #1052
14:17:41 INFO  
</system-out>
	</testcase>
</testsuite>
