<?xml version="1.0" encoding="utf-8"?>
<testsuite name="SoftwareManagement.sm_apt_install_remove_multiple_mixed" tests="1" failures="1" skipped="0" time="188.88" timestamp="2022-05-23T10:35:52">
	<testcase classname="PySysTest" name="SoftwareManagement.sm_apt_install_remove_multiple_mixed">
		<failure message="BLOCKED: SystemError: Timeout while waiting for status SUCCESSFUL or False (+1 other failures)" type="BLOCKED"/>
		<system-out>10:32:43 INFO  ==============================================================
10:32:43 INFO  Id:    SoftwareManagement.sm_apt_install_remove_multiple_mixed
10:32:43 INFO  Dir:   software_management_end_to_end/
10:32:43 INFO  Title: Validate end to end behaviour for the apt plugin for multiple packages with mixed versions
10:32:43 INFO  ==============================================================
10:32:43 INFO  Using sw id database: {'asciijump': '5475369', 'robotfindskitten': '5474869', 'squirrel3': '5475279', 'rolldice': '5152439', 'moon-buggy': '5439204', 'apple': '5495053', 'banana': '5494888', 'cherry': '5495382', 'watermelon': '5494510', 'registry': '8018911', 'hello-world': '8021526', 'docker/getting-started': '8021973', 'alpine': '7991792'}
10:32:43 INFO  EnvironmentC8y Setup
10:32:43 INFO  Executed systemctl&lt;serv_mapper1&gt;, exit status 3
10:32:44 INFO  Restarting mosquitto too frequently in the last 10 seconds. It was only up for 5 seconds
10:32:44 INFO  Delaying execution by 6 seconds
10:33:06 INFO  Executed sudo&lt;tedge_connect_c8y&gt;, exit status 0, duration 16 secs
10:33:07 INFO  Executed sudo&lt;tedge_connect_c8y_test&gt;, exit status 0
10:33:08 INFO  Executed systemctl&lt;serv_mosq2&gt;, exit status 0
10:33:08 INFO  Executed systemctl&lt;serv_mapper3&gt;, exit status 0
10:33:10 INFO  State of current operation: SUCCESSFUL
10:33:11 INFO  Assert that (False == value) with value=False ... passed
10:33:11 INFO  Assert that (False == value) with value=False ... passed
10:33:11 INFO  Assert that (False == value) with value=False ... passed
10:33:11 INFO  Assert that (False == value) with value=False ... passed
10:33:11 INFO  Package moon-buggy is installed
10:33:12 WARN  Assert that (False == value) with value=True ... failed 
10:33:14 INFO  Response status: 201
10:33:14 INFO  Response to action: {
    &quot;creationTime&quot;: &quot;2022-05-23T10:33:14.040Z&quot;,
    &quot;deviceId&quot;: &quot;19492121&quot;,
    &quot;deviceName&quot;: &quot;m32sd11f&quot;,
    &quot;self&quot;: &quot;https://t493319102.eu-latest.cumulocity.com/devicecontrol/operations/19512906&quot;,
    &quot;id&quot;: &quot;19512906&quot;,
    &quot;status&quot;: &quot;PENDING&quot;,
    &quot;description&quot;: &quot;Apply software changes, triggered from PySys: [{'action': 'install', 'id': '5475369', 'name': 'asciijump', 'url': ' ', 'version': '::apt'}, {'action': 'install', 'id': '5474869', 'name': 'robotfindskitten', 'url': ' ', 'version': ' '}, {'action': 'install', 'id': '5475279', 'name': 'squirrel3', 'url': ' ', 'version': '3.1-8::apt'}, {'action': 'install', 'id': '5152439', 'name': 'rolldice', 'url': ' ', 'version': '1.16-1+b2'}, {'action': 'install', 'id': '5439204', 'name': 'moon-buggy', 'url': ' ', 'version': '1:1.0.51-13'}, {'action': 'install', 'id': '5475369', 'name': 'asciijump', 'url': ' ', 'version': '::apt'}]&quot;,
    &quot;c8y_SoftwareUpdate&quot;: [
        {
            &quot;name&quot;: &quot;asciijump&quot;,
            &quot;action&quot;: &quot;install&quot;,
            &quot;id&quot;: &quot;5475369&quot;,
            &quot;version&quot;: &quot;::apt&quot;,
            &quot;url&quot;: &quot; &quot;
        },
        {
            &quot;name&quot;: &quot;robotfindskitten&quot;,
            &quot;action&quot;: &quot;install&quot;,
            &quot;id&quot;: &quot;5474869&quot;,
            &quot;version&quot;: &quot; &quot;,
            &quot;url&quot;: &quot; &quot;
        },
        {
            &quot;name&quot;: &quot;squirrel3&quot;,
            &quot;action&quot;: &quot;install&quot;,
            &quot;id&quot;: &quot;5475279&quot;,
            &quot;version&quot;: &quot;3.1-8::apt&quot;,
            &quot;url&quot;: &quot; &quot;
        },
        {
            &quot;name&quot;: &quot;rolldice&quot;,
            &quot;action&quot;: &quot;install&quot;,
            &quot;id&quot;: &quot;5152439&quot;,
            &quot;version&quot;: &quot;1.16-1+b2&quot;,
            &quot;url&quot;: &quot; &quot;
        },
        {
            &quot;name&quot;: &quot;moon-buggy&quot;,
            &quot;action&quot;: &quot;install&quot;,
            &quot;id&quot;: &quot;5439204&quot;,
            &quot;version&quot;: &quot;1:1.0.51-13&quot;,
            &quot;url&quot;: &quot; &quot;
        },
        {
            &quot;name&quot;: &quot;asciijump&quot;,
            &quot;action&quot;: &quot;install&quot;,
            &quot;id&quot;: &quot;5475369&quot;,
            &quot;version&quot;: &quot;::apt&quot;,
            &quot;url&quot;: &quot; &quot;
        }
    ]
}
10:33:14 INFO  Started operation: {'creationTime': '2022-05-23T10:33:14.040Z', 'deviceId': '19492121', 'deviceName': 'm32sd11f', 'self': 'https://t493319102.eu-latest.cumulocity.com/devicecontrol/operations/19512906', 'id': '19512906', 'status': 'PENDING', 'description': &quot;Apply software changes, triggered from PySys: [{'action': 'install', 'id': '5475369', 'name': 'asciijump', 'url': ' ', 'version': '::apt'}, {'action': 'install', 'id': '5474869', 'name': 'robotfindskitten', 'url': ' ', 'version': ' '}, {'action': 'install', 'id': '5475279', 'name': 'squirrel3', 'url': ' ', 'version': '3.1-8::apt'}, {'action': 'install', 'id': '5152439', 'name': 'rolldice', 'url': ' ', 'version': '1.16-1+b2'}, {'action': 'install', 'id': '5439204', 'name': 'moon-buggy', 'url': ' ', 'version': '1:1.0.51-13'}, {'action': 'install', 'id': '5475369', 'name': 'asciijump', 'url': ' ', 'version': '::apt'}]&quot;, 'c8y_SoftwareUpdate': [{'name': 'asciijump', 'action': 'install', 'id': '5475369', 'version': '::apt', 'url': ' '}, {'name': 'robotfindskitten', 'action': 'install', 'id': '5474869', 'version': ' ', 'url': ' '}, {'name': 'squirrel3', 'action': 'install', 'id': '5475279', 'version': '3.1-8::apt', 'url': ' '}, {'name': 'rolldice', 'action': 'install', 'id': '5152439', 'version': '1.16-1+b2', 'url': ' '}, {'name': 'moon-buggy', 'action': 'install', 'id': '5439204', 'version': '1:1.0.51-13', 'url': ' '}, {'name': 'asciijump', 'action': 'install', 'id': '5475369', 'version': '::apt', 'url': ' '}]}
10:33:16 INFO  State of operation 19512906 : PENDING
10:33:18 INFO  State of operation 19512906 : EXECUTING
10:33:20 INFO  State of operation 19512906 : EXECUTING
10:33:23 INFO  State of operation 19512906 : EXECUTING
10:33:25 INFO  State of operation 19512906 : EXECUTING
10:33:27 INFO  State of operation 19512906 : EXECUTING
10:33:29 INFO  State of operation 19512906 : EXECUTING
10:33:32 INFO  State of operation 19512906 : EXECUTING
10:33:37 INFO  State of operation 19512906 : EXECUTING
10:33:39 INFO  State of operation 19512906 : EXECUTING
10:33:41 INFO  State of operation 19512906 : EXECUTING
10:33:44 INFO  State of operation 19512906 : EXECUTING
10:33:46 INFO  State of operation 19512906 : EXECUTING
10:33:48 INFO  State of operation 19512906 : EXECUTING
10:33:50 INFO  State of operation 19512906 : EXECUTING
10:33:52 INFO  State of operation 19512906 : EXECUTING
10:33:55 INFO  State of operation 19512906 : EXECUTING
10:33:57 INFO  State of operation 19512906 : EXECUTING
10:34:00 INFO  State of operation 19512906 : EXECUTING
10:34:02 INFO  State of operation 19512906 : EXECUTING
10:34:05 INFO  State of operation 19512906 : EXECUTING
10:34:07 INFO  State of operation 19512906 : EXECUTING
10:34:09 INFO  State of operation 19512906 : EXECUTING
10:34:11 INFO  State of operation 19512906 : EXECUTING
10:34:15 INFO  State of operation 19512906 : EXECUTING
10:34:17 INFO  State of operation 19512906 : EXECUTING
10:34:20 INFO  State of operation 19512906 : EXECUTING
10:34:22 INFO  State of operation 19512906 : EXECUTING
10:34:24 INFO  State of operation 19512906 : EXECUTING
10:34:27 INFO  State of operation 19512906 : EXECUTING
10:34:29 INFO  State of operation 19512906 : EXECUTING
10:34:31 INFO  State of operation 19512906 : EXECUTING
10:34:33 INFO  State of operation 19512906 : EXECUTING
10:34:36 INFO  State of operation 19512906 : EXECUTING
10:34:38 INFO  State of operation 19512906 : EXECUTING
10:34:40 INFO  State of operation 19512906 : EXECUTING
10:34:42 INFO  State of operation 19512906 : EXECUTING
10:34:45 INFO  State of operation 19512906 : EXECUTING
10:34:47 INFO  State of operation 19512906 : EXECUTING
10:34:49 INFO  State of operation 19512906 : EXECUTING
10:34:51 INFO  State of operation 19512906 : EXECUTING
10:34:54 INFO  State of operation 19512906 : EXECUTING
10:34:56 INFO  State of operation 19512906 : EXECUTING
10:35:00 INFO  State of operation 19512906 : EXECUTING
10:35:02 INFO  State of operation 19512906 : EXECUTING
10:35:04 INFO  State of operation 19512906 : EXECUTING
10:35:07 INFO  State of operation 19512906 : EXECUTING
10:35:09 INFO  State of operation 19512906 : EXECUTING
10:35:11 INFO  State of operation 19512906 : EXECUTING
10:35:13 INFO  State of operation 19512906 : EXECUTING
10:35:15 INFO  State of operation 19512906 : EXECUTING
10:35:18 INFO  State of operation 19512906 : EXECUTING
10:35:20 INFO  State of operation 19512906 : EXECUTING
10:35:23 INFO  State of operation 19512906 : EXECUTING
10:35:25 INFO  State of operation 19512906 : EXECUTING
10:35:28 INFO  State of operation 19512906 : EXECUTING
10:35:30 INFO  State of operation 19512906 : EXECUTING
10:35:32 INFO  State of operation 19512906 : EXECUTING
10:35:35 INFO  State of operation 19512906 : EXECUTING
10:35:38 INFO  State of operation 19512906 : EXECUTING
10:35:42 INFO  State of operation 19512906 : EXECUTING
10:35:44 WARN  SystemError occurred while running test - Timeout while waiting for status SUCCESSFUL or False
Traceback (most recent call last):
  File &quot;/home/pi/env-pysys/lib/python3.9/site-packages/pysys/baserunner.py&quot;, line 1294, in __call__
    self.testObj.execute()
  File &quot;/home/pi/actions-runner/_work/thin-edge.io/thin-edge.io/tests/PySys/software_management_end_to_end/sm_apt_install_remove_multiple_mixed/run.py&quot;, line 89, in execute
    self.wait_until_succcess()
  File &quot;/home/pi/actions-runner/_work/thin-edge.io/thin-edge.io/tests/PySys/software_management_end_to_end/environment_sm_management.py&quot;, line 324, in wait_until_succcess
    self.wait_until_status(&quot;SUCCESSFUL&quot;)
  File &quot;/home/pi/actions-runner/_work/thin-edge.io/thin-edge.io/tests/PySys/software_management_end_to_end/environment_sm_management.py&quot;, line 380, in wait_until_status
    raise SystemError(
SystemError: Timeout while waiting for status SUCCESSFUL or False
10:35:44 WARN  SystemError: Timeout while waiting for status SUCCESSFUL or False ... blocked 
10:35:44 INFO  
10:35:44 INFO  cleanup:
10:35:51 INFO  Executed sudo&lt;tedge_disconnect_c8y&gt;, exit status 0
10:35:52 INFO  Executed systemctl&lt;serv_mapper5&gt;, exit status 3
10:35:52 INFO  
10:35:52 INFO  Test duration: 188.88 secs
10:35:52 INFO  Test final outcome:  BLOCKED
10:35:52 INFO  Test outcome reason: SystemError: Timeout while waiting for status SUCCESSFUL or False (+1 other failures)
10:35:52 INFO  
</system-out>
	</testcase>
</testsuite>
