<?xml version="1.0" encoding="utf-8"?>
<testsuite name="SoftwareManagement.sm_mixed_install_remove_multiple" tests="1" failures="1" skipped="0" time="187.64" timestamp="2022-05-30T10:40:39">
	<testcase classname="PySysTest" name="SoftwareManagement.sm_mixed_install_remove_multiple">
		<failure message="FAILED: Assert that (False == value) with value=True" type="FAILED"/>
		<system-out>10:37:31 INFO  ==============================================================
10:37:31 INFO  Id:    SoftwareManagement.sm_mixed_install_remove_multiple
10:37:31 INFO  Dir:   software_management_end_to_end/
10:37:31 INFO  Title: Validate end to end behaviour for the dummy-plugin for multiple packages with mixed versions
10:37:31 INFO  ==============================================================
10:37:31 INFO  Using sw id database: {'asciijump': '5475369', 'robotfindskitten': '5474869', 'squirrel3': '5475279', 'rolldice': '5152439', 'moon-buggy': '5439204', 'apple': '5495053', 'banana': '5494888', 'cherry': '5495382', 'watermelon': '5494510', 'registry': '8018911', 'hello-world': '8021526', 'docker/getting-started': '8021973', 'alpine': '7991792'}
10:37:31 INFO  EnvironmentC8y Setup
10:37:32 INFO  Executed systemctl&lt;serv_mapper1&gt;, exit status 3
10:37:32 INFO  Restarting mosquitto too frequently in the last 10 seconds. It was only up for 6 seconds
10:37:32 INFO  Delaying execution by 5 seconds
10:37:54 INFO  Executed sudo&lt;tedge_connect_c8y&gt;, exit status 0, duration 16 secs
10:37:54 INFO  Executed sudo&lt;tedge_connect_c8y_test&gt;, exit status 0
10:37:55 INFO  Executed systemctl&lt;serv_mosq2&gt;, exit status 0
10:37:55 INFO  Executed systemctl&lt;serv_mapper3&gt;, exit status 0
10:37:58 INFO  State of current operation: SUCCESSFUL
10:37:58 INFO  Package apple is installed
10:37:58 INFO  Assert that (True == value) with value=True ... passed
10:37:58 INFO  Package banana is installed
10:37:58 INFO  Assert that (True == value) with value=True ... passed
10:37:58 INFO  Package cherry is installed
10:37:58 INFO  Assert that (True == value) with value=True ... passed
10:37:59 INFO  Package asciijump is installed
10:37:59 WARN  Assert that (False == value) with value=True ... failed 
10:37:59 INFO  Assert that (False == value) with value=False ... passed
10:37:59 INFO  Response status: 201
10:37:59 INFO  Response to action: {
    &quot;creationTime&quot;: &quot;2022-05-30T10:37:59.687Z&quot;,
    &quot;deviceId&quot;: &quot;19786602&quot;,
    &quot;deviceName&quot;: &quot;m32sd11f&quot;,
    &quot;self&quot;: &quot;https://t493319102.eu-latest.cumulocity.com/devicecontrol/operations/19839290&quot;,
    &quot;id&quot;: &quot;19839290&quot;,
    &quot;status&quot;: &quot;PENDING&quot;,
    &quot;description&quot;: &quot;Apply software changes, triggered from PySys: [{'action': 'install', 'id': '5495053', 'name': 'apple', 'url': ' ', 'version': '::fruits'}, {'action': 'install', 'id': '5494888', 'name': 'banana', 'url': ' ', 'version': '::fruits'}, {'action': 'install', 'id': '5475369', 'name': 'asciijump', 'url': ' ', 'version': '::apt'}, {'action': 'install', 'id': '5495382', 'name': 'cherry', 'url': ' ', 'version': '::fruits'}, {'action': 'install', 'id': '8018911', 'name': 'registry', 'url': ' ', 'version': '::docker'}]&quot;,
    &quot;c8y_SoftwareUpdate&quot;: [
        {
            &quot;name&quot;: &quot;apple&quot;,
            &quot;action&quot;: &quot;install&quot;,
            &quot;id&quot;: &quot;5495053&quot;,
            &quot;version&quot;: &quot;::fruits&quot;,
            &quot;url&quot;: &quot; &quot;
        },
        {
            &quot;name&quot;: &quot;banana&quot;,
            &quot;action&quot;: &quot;install&quot;,
            &quot;id&quot;: &quot;5494888&quot;,
            &quot;version&quot;: &quot;::fruits&quot;,
            &quot;url&quot;: &quot; &quot;
        },
        {
            &quot;name&quot;: &quot;asciijump&quot;,
            &quot;action&quot;: &quot;install&quot;,
            &quot;id&quot;: &quot;5475369&quot;,
            &quot;version&quot;: &quot;::apt&quot;,
            &quot;url&quot;: &quot; &quot;
        },
        {
            &quot;name&quot;: &quot;cherry&quot;,
            &quot;action&quot;: &quot;install&quot;,
            &quot;id&quot;: &quot;5495382&quot;,
            &quot;version&quot;: &quot;::fruits&quot;,
            &quot;url&quot;: &quot; &quot;
        },
        {
            &quot;name&quot;: &quot;registry&quot;,
            &quot;action&quot;: &quot;install&quot;,
            &quot;id&quot;: &quot;8018911&quot;,
            &quot;version&quot;: &quot;::docker&quot;,
            &quot;url&quot;: &quot; &quot;
        }
    ]
}
10:37:59 INFO  Started operation: {'creationTime': '2022-05-30T10:37:59.687Z', 'deviceId': '19786602', 'deviceName': 'm32sd11f', 'self': 'https://t493319102.eu-latest.cumulocity.com/devicecontrol/operations/19839290', 'id': '19839290', 'status': 'PENDING', 'description': &quot;Apply software changes, triggered from PySys: [{'action': 'install', 'id': '5495053', 'name': 'apple', 'url': ' ', 'version': '::fruits'}, {'action': 'install', 'id': '5494888', 'name': 'banana', 'url': ' ', 'version': '::fruits'}, {'action': 'install', 'id': '5475369', 'name': 'asciijump', 'url': ' ', 'version': '::apt'}, {'action': 'install', 'id': '5495382', 'name': 'cherry', 'url': ' ', 'version': '::fruits'}, {'action': 'install', 'id': '8018911', 'name': 'registry', 'url': ' ', 'version': '::docker'}]&quot;, 'c8y_SoftwareUpdate': [{'name': 'apple', 'action': 'install', 'id': '5495053', 'version': '::fruits', 'url': ' '}, {'name': 'banana', 'action': 'install', 'id': '5494888', 'version': '::fruits', 'url': ' '}, {'name': 'asciijump', 'action': 'install', 'id': '5475369', 'version': '::apt', 'url': ' '}, {'name': 'cherry', 'action': 'install', 'id': '5495382', 'version': '::fruits', 'url': ' '}, {'name': 'registry', 'action': 'install', 'id': '8018911', 'version': '::docker', 'url': ' '}]}
10:38:01 INFO  State of operation 19839290 : PENDING
10:38:04 INFO  State of operation 19839290 : EXECUTING
10:38:06 INFO  State of operation 19839290 : EXECUTING
10:38:08 INFO  State of operation 19839290 : EXECUTING
10:38:10 INFO  State of operation 19839290 : EXECUTING
10:38:13 INFO  State of operation 19839290 : EXECUTING
10:38:15 INFO  State of operation 19839290 : EXECUTING
10:38:18 INFO  State of operation 19839290 : EXECUTING
10:38:20 INFO  State of operation 19839290 : EXECUTING
10:38:23 INFO  State of operation 19839290 : EXECUTING
10:38:25 INFO  State of operation 19839290 : EXECUTING
10:38:28 INFO  State of operation 19839290 : EXECUTING
10:38:30 INFO  State of operation 19839290 : EXECUTING
10:38:32 INFO  State of operation 19839290 : EXECUTING
10:38:34 INFO  State of operation 19839290 : EXECUTING
10:38:37 INFO  State of operation 19839290 : EXECUTING
10:38:39 INFO  State of operation 19839290 : EXECUTING
10:38:41 INFO  State of operation 19839290 : EXECUTING
10:38:44 INFO  State of operation 19839290 : EXECUTING
10:38:46 INFO  State of operation 19839290 : EXECUTING
10:38:48 INFO  State of operation 19839290 : EXECUTING
10:38:50 INFO  State of operation 19839290 : EXECUTING
10:38:53 INFO  State of operation 19839290 : EXECUTING
10:38:55 INFO  State of operation 19839290 : EXECUTING
10:38:57 INFO  State of operation 19839290 : EXECUTING
10:39:00 INFO  State of operation 19839290 : EXECUTING
10:39:02 INFO  State of operation 19839290 : EXECUTING
10:39:04 INFO  State of operation 19839290 : EXECUTING
10:39:06 INFO  State of operation 19839290 : EXECUTING
10:39:08 INFO  State of operation 19839290 : SUCCESSFUL
10:39:09 INFO  Package apple is installed
10:39:09 INFO  Assert that (True == value) with value=True ... passed
10:39:09 INFO  Package banana is installed
10:39:09 INFO  Assert that (True == value) with value=True ... passed
10:39:09 INFO  Package cherry is installed
10:39:09 INFO  Assert that (True == value) with value=True ... passed
10:39:09 INFO  Package asciijump is installed
10:39:09 INFO  Assert that (True == value) with value=True ... passed
10:39:10 INFO  Package registry is installed
10:39:10 INFO  Assert that (True == value) with value=True ... passed
10:39:10 INFO  Response status: 201
10:39:10 INFO  Response to action: {
    &quot;creationTime&quot;: &quot;2022-05-30T10:39:10.380Z&quot;,
    &quot;deviceId&quot;: &quot;19786602&quot;,
    &quot;deviceName&quot;: &quot;m32sd11f&quot;,
    &quot;self&quot;: &quot;https://t493319102.eu-latest.cumulocity.com/devicecontrol/operations/19839298&quot;,
    &quot;id&quot;: &quot;19839298&quot;,
    &quot;status&quot;: &quot;PENDING&quot;,
    &quot;description&quot;: &quot;Apply software changes, triggered from PySys: [{'action': 'delete', 'id': '5495053', 'name': 'apple', 'url': ' ', 'version': '::fruits'}, {'action': 'delete', 'id': '5494888', 'name': 'banana', 'url': ' ', 'version': '::fruits'}, {'action': 'delete', 'id': '5475369', 'name': 'asciijump', 'url': ' ', 'version': '::apt'}, {'action': 'delete', 'id': '5495382', 'name': 'cherry', 'url': ' ', 'version': '::fruits'}, {'action': 'delete', 'id': '8018911', 'name': 'registry', 'url': ' ', 'version': '::docker'}]&quot;,
    &quot;c8y_SoftwareUpdate&quot;: [
        {
            &quot;name&quot;: &quot;apple&quot;,
            &quot;action&quot;: &quot;delete&quot;,
            &quot;id&quot;: &quot;5495053&quot;,
            &quot;version&quot;: &quot;::fruits&quot;,
            &quot;url&quot;: &quot; &quot;
        },
        {
            &quot;name&quot;: &quot;banana&quot;,
            &quot;action&quot;: &quot;delete&quot;,
            &quot;id&quot;: &quot;5494888&quot;,
            &quot;version&quot;: &quot;::fruits&quot;,
            &quot;url&quot;: &quot; &quot;
        },
        {
            &quot;name&quot;: &quot;asciijump&quot;,
            &quot;action&quot;: &quot;delete&quot;,
            &quot;id&quot;: &quot;5475369&quot;,
            &quot;version&quot;: &quot;::apt&quot;,
            &quot;url&quot;: &quot; &quot;
        },
        {
            &quot;name&quot;: &quot;cherry&quot;,
            &quot;action&quot;: &quot;delete&quot;,
            &quot;id&quot;: &quot;5495382&quot;,
            &quot;version&quot;: &quot;::fruits&quot;,
            &quot;url&quot;: &quot; &quot;
        },
        {
            &quot;name&quot;: &quot;registry&quot;,
            &quot;action&quot;: &quot;delete&quot;,
            &quot;id&quot;: &quot;8018911&quot;,
            &quot;version&quot;: &quot;::docker&quot;,
            &quot;url&quot;: &quot; &quot;
        }
    ]
}
10:39:10 INFO  Started operation: {'creationTime': '2022-05-30T10:39:10.380Z', 'deviceId': '19786602', 'deviceName': 'm32sd11f', 'self': 'https://t493319102.eu-latest.cumulocity.com/devicecontrol/operations/19839298', 'id': '19839298', 'status': 'PENDING', 'description': &quot;Apply software changes, triggered from PySys: [{'action': 'delete', 'id': '5495053', 'name': 'apple', 'url': ' ', 'version': '::fruits'}, {'action': 'delete', 'id': '5494888', 'name': 'banana', 'url': ' ', 'version': '::fruits'}, {'action': 'delete', 'id': '5475369', 'name': 'asciijump', 'url': ' ', 'version': '::apt'}, {'action': 'delete', 'id': '5495382', 'name': 'cherry', 'url': ' ', 'version': '::fruits'}, {'action': 'delete', 'id': '8018911', 'name': 'registry', 'url': ' ', 'version': '::docker'}]&quot;, 'c8y_SoftwareUpdate': [{'name': 'apple', 'action': 'delete', 'id': '5495053', 'version': '::fruits', 'url': ' '}, {'name': 'banana', 'action': 'delete', 'id': '5494888', 'version': '::fruits', 'url': ' '}, {'name': 'asciijump', 'action': 'delete', 'id': '5475369', 'version': '::apt', 'url': ' '}, {'name': 'cherry', 'action': 'delete', 'id': '5495382', 'version': '::fruits', 'url': ' '}, {'name': 'registry', 'action': 'delete', 'id': '8018911', 'version': '::docker', 'url': ' '}]}
10:39:12 INFO  State of operation 19839298 : PENDING
10:39:14 INFO  State of operation 19839298 : EXECUTING
10:39:17 INFO  State of operation 19839298 : EXECUTING
10:39:19 INFO  State of operation 19839298 : EXECUTING
10:39:21 INFO  State of operation 19839298 : EXECUTING
10:39:23 INFO  State of operation 19839298 : EXECUTING
10:39:26 INFO  State of operation 19839298 : EXECUTING
10:39:31 INFO  State of operation 19839298 : EXECUTING
10:39:33 INFO  State of operation 19839298 : EXECUTING
10:39:36 INFO  State of operation 19839298 : EXECUTING
10:39:39 INFO  State of operation 19839298 : EXECUTING
10:39:41 INFO  State of operation 19839298 : EXECUTING
10:39:43 INFO  State of operation 19839298 : EXECUTING
10:39:45 INFO  State of operation 19839298 : EXECUTING
10:39:48 INFO  State of operation 19839298 : EXECUTING
10:39:50 INFO  State of operation 19839298 : EXECUTING
10:39:52 INFO  State of operation 19839298 : EXECUTING
10:39:55 INFO  State of operation 19839298 : EXECUTING
10:39:58 INFO  State of operation 19839298 : EXECUTING
10:40:00 INFO  State of operation 19839298 : EXECUTING
10:40:03 INFO  State of operation 19839298 : EXECUTING
10:40:05 INFO  State of operation 19839298 : EXECUTING
10:40:07 INFO  State of operation 19839298 : EXECUTING
10:40:09 INFO  State of operation 19839298 : EXECUTING
10:40:12 INFO  State of operation 19839298 : EXECUTING
10:40:15 INFO  State of operation 19839298 : EXECUTING
10:40:18 INFO  State of operation 19839298 : EXECUTING
10:40:20 INFO  State of operation 19839298 : EXECUTING
10:40:22 INFO  State of operation 19839298 : EXECUTING
10:40:24 INFO  State of operation 19839298 : EXECUTING
10:40:27 INFO  State of operation 19839298 : EXECUTING
10:40:29 INFO  State of operation 19839298 : EXECUTING
10:40:31 INFO  State of operation 19839298 : SUCCESSFUL
10:40:32 INFO  Package apple is installed
10:40:32 INFO  Assert that (True == value) with value=True ... passed
10:40:32 INFO  Package banana is installed
10:40:32 INFO  Assert that (True == value) with value=True ... passed
10:40:32 INFO  Package cherry is installed
10:40:32 INFO  Assert that (True == value) with value=True ... passed
10:40:32 INFO  Assert that (False == value) with value=False ... passed
10:40:32 INFO  Assert that (False == value) with value=False ... passed
10:40:32 INFO  
10:40:32 INFO  cleanup:
10:40:38 INFO  Executed sudo&lt;tedge_disconnect_c8y&gt;, exit status 0
10:40:39 INFO  Executed systemctl&lt;serv_mapper5&gt;, exit status 3
10:40:39 INFO  
10:40:39 INFO  Test duration: 187.64 secs
10:40:39 INFO  Test final outcome:  FAILED
10:40:39 INFO  Test outcome reason: Assert that (False == value) with value=True
10:40:39 INFO  
</system-out>
	</testcase>
</testsuite>
