<?xml version="1.0" encoding="utf-8"?>
<testsuite name="SoftwareManagement.sm_apt_install_download_path" tests="1" failures="1" skipped="0" time="97.85" timestamp="2022-05-23T10:22:35">
	<testcase classname="AptInstallWithDownloadPath" name="SoftwareManagement.sm_apt_install_download_path">
		<failure message="BLOCKED: AssertionError:" type="BLOCKED"/>
		<system-out>10:20:57 INFO  ==============================================================
10:20:57 INFO  Id:    SoftwareManagement.sm_apt_install_download_path
10:20:57 INFO  Dir:   software_management_end_to_end/
10:20:57 INFO  Title: Install package to directory specified in tedge config set tmp.path
10:20:57 INFO  ==============================================================
10:20:58 INFO  Using sw id database: {'asciijump': '5475369', 'robotfindskitten': '5474869', 'squirrel3': '5475279', 'rolldice': '5152439', 'moon-buggy': '5439204', 'apple': '5495053', 'banana': '5494888', 'cherry': '5495382', 'watermelon': '5494510', 'registry': '8018911', 'hello-world': '8021526', 'docker/getting-started': '8021973', 'alpine': '7991792'}
10:20:58 INFO  EnvironmentC8y Setup
10:20:59 INFO  Executed systemctl&lt;serv_mapper1&gt;, exit status 3
10:21:17 INFO  Executed sudo&lt;tedge_connect_c8y&gt;, exit status 0, duration 17 secs
10:21:17 INFO  Executed sudo&lt;tedge_connect_c8y_test&gt;, exit status 0
10:21:18 INFO  Executed systemctl&lt;serv_mosq2&gt;, exit status 0
10:21:19 INFO  Executed systemctl&lt;serv_mapper3&gt;, exit status 0
10:21:21 INFO  State of current operation: SUCCESSFUL
10:21:21 INFO  Assert that (False == value) with value=False ... passed
10:21:22 INFO  Executed sudo, exit status 0
10:21:22 INFO  Executed sudo, exit status 0
10:21:23 INFO  Executed sudo, exit status 0
10:21:28 INFO  Executed sudo&lt;tedge_disconnect_c8y&gt;, exit status 0
10:21:28 INFO  Restarting mosquitto too frequently in the last 10 seconds. It was only up for 4 seconds
10:21:28 INFO  Delaying execution by 7 seconds
10:21:52 INFO  Executed sudo&lt;tedge_connect_c8y&gt;, exit status 0, duration 16 secs
10:21:53 INFO  Response status: 201
10:21:53 INFO  Response to action: {
    &quot;creationTime&quot;: &quot;2022-05-23T10:21:52.904Z&quot;,
    &quot;deviceId&quot;: &quot;19492121&quot;,
    &quot;deviceName&quot;: &quot;m32sd11f&quot;,
    &quot;self&quot;: &quot;https://t493319102.eu-latest.cumulocity.com/devicecontrol/operations/19512749&quot;,
    &quot;id&quot;: &quot;19512749&quot;,
    &quot;status&quot;: &quot;PENDING&quot;,
    &quot;description&quot;: &quot;Apply software changes, triggered from PySys: [{'name': 'rolldice', 'id': '5152439', 'version': '::apt', 'url': 'https://thin-edge-io.eu-latest.cumulocity.com/inventory/binaries/12435463', 'action': 'install'}]&quot;,
    &quot;c8y_SoftwareUpdate&quot;: [
        {
            &quot;name&quot;: &quot;rolldice&quot;,
            &quot;action&quot;: &quot;install&quot;,
            &quot;id&quot;: &quot;5152439&quot;,
            &quot;version&quot;: &quot;::apt&quot;,
            &quot;url&quot;: &quot;https://thin-edge-io.eu-latest.cumulocity.com/inventory/binaries/12435463&quot;
        }
    ]
}
10:21:53 INFO  Started operation: {'creationTime': '2022-05-23T10:21:52.904Z', 'deviceId': '19492121', 'deviceName': 'm32sd11f', 'self': 'https://t493319102.eu-latest.cumulocity.com/devicecontrol/operations/19512749', 'id': '19512749', 'status': 'PENDING', 'description': &quot;Apply software changes, triggered from PySys: [{'name': 'rolldice', 'id': '5152439', 'version': '::apt', 'url': 'https://thin-edge-io.eu-latest.cumulocity.com/inventory/binaries/12435463', 'action': 'install'}]&quot;, 'c8y_SoftwareUpdate': [{'name': 'rolldice', 'action': 'install', 'id': '5152439', 'version': '::apt', 'url': 'https://thin-edge-io.eu-latest.cumulocity.com/inventory/binaries/12435463'}]}
10:21:53 WARN  , retrying in 0.5 seconds...
10:21:53 WARN  , retrying in 0.5 seconds...
10:21:54 WARN  , retrying in 0.5 seconds...
10:21:54 WARN  , retrying in 0.5 seconds...
10:21:55 WARN  , retrying in 0.5 seconds...
10:21:55 WARN  , retrying in 0.5 seconds...
10:21:56 WARN  , retrying in 0.5 seconds...
10:21:56 WARN  , retrying in 0.5 seconds...
10:21:57 WARN  , retrying in 0.5 seconds...
10:21:57 WARN  AssertionError occurred while running test - 
Traceback (most recent call last):
  File &quot;/home/pi/env-pysys/lib/python3.9/site-packages/pysys/baserunner.py&quot;, line 1294, in __call__
    self.testObj.execute()
  File &quot;/home/pi/actions-runner/_work/thin-edge.io/thin-edge.io/tests/PySys/software_management_end_to_end/sm_apt_install_download_path/run.py&quot;, line 83, in execute
    assert_install_in_download_path(install_directory=self.DOWNLOAD_DIR)
  File &quot;/home/pi/env-pysys/lib/python3.9/site-packages/decorator.py&quot;, line 232, in fun
    return caller(func, *(extras + args), **kw)
  File &quot;/home/pi/env-pysys/lib/python3.9/site-packages/retry/api.py&quot;, line 73, in retry_decorator
    return __retry_internal(partial(f, *args, **kwargs), exceptions, tries, delay, max_delay, backoff, jitter,
  File &quot;/home/pi/env-pysys/lib/python3.9/site-packages/retry/api.py&quot;, line 33, in __retry_internal
    return f()
  File &quot;/home/pi/actions-runner/_work/thin-edge.io/thin-edge.io/tests/PySys/software_management_end_to_end/sm_apt_install_download_path/run.py&quot;, line 28, in assert_install_in_download_path
    assert &quot;rolldice&quot; in os.listdir(f&quot;{install_directory}&quot;)
AssertionError
10:21:58 WARN  AssertionError: ... blocked 
10:21:58 INFO  
10:21:58 INFO  cleanup:
10:21:58 INFO  Executed sudo, exit status 0
10:21:59 INFO  Executed sudo, exit status 0
10:22:05 INFO  Executed sudo&lt;tedge_disconnect_c8y&gt;, exit status 0
10:22:05 INFO  Restarting mosquitto too frequently in the last 10 seconds. It was only up for 5 seconds
10:22:05 INFO  Delaying execution by 6 seconds
10:22:28 INFO  Executed sudo&lt;tedge_connect_c8y&gt;, exit status 0, duration 17 secs
10:22:34 INFO  Executed sudo&lt;tedge_disconnect_c8y&gt;, exit status 0
10:22:35 INFO  Executed systemctl&lt;serv_mapper5&gt;, exit status 3
10:22:35 INFO  
10:22:35 INFO  Test duration: 97.85 secs
10:22:35 INFO  Test final outcome:  BLOCKED
10:22:35 INFO  Test outcome reason: AssertionError:
10:22:35 INFO  
</system-out>
	</testcase>
</testsuite>
