<?xml version="1.0" encoding="utf-8"?>
<testsuite name="SoftwareManagement.sm_apt_install_remove_multiple_mixed" tests="1" failures="1" skipped="0" time="184.81" timestamp="2022-05-30T10:29:59">
	<testcase classname="PySysTest" name="SoftwareManagement.sm_apt_install_remove_multiple_mixed">
		<failure message="BLOCKED: SystemError: Timeout while waiting for status SUCCESSFUL or False (+1 other failures)" type="BLOCKED"/>
		<system-out>10:26:55 INFO  ==============================================================
10:26:55 INFO  Id:    SoftwareManagement.sm_apt_install_remove_multiple_mixed
10:26:55 INFO  Dir:   software_management_end_to_end/
10:26:55 INFO  Title: Validate end to end behaviour for the apt plugin for multiple packages with mixed versions
10:26:55 INFO  ==============================================================
10:26:55 INFO  Using sw id database: {'asciijump': '5475369', 'robotfindskitten': '5474869', 'squirrel3': '5475279', 'rolldice': '5152439', 'moon-buggy': '5439204', 'apple': '5495053', 'banana': '5494888', 'cherry': '5495382', 'watermelon': '5494510', 'registry': '8018911', 'hello-world': '8021526', 'docker/getting-started': '8021973', 'alpine': '7991792'}
10:26:55 INFO  EnvironmentC8y Setup
10:26:55 INFO  Executed systemctl&lt;serv_mapper1&gt;, exit status 3
10:26:55 INFO  Restarting mosquitto too frequently in the last 10 seconds. It was only up for 6 seconds
10:26:55 INFO  Delaying execution by 5 seconds
10:27:17 INFO  Executed sudo&lt;tedge_connect_c8y&gt;, exit status 0, duration 16 secs
10:27:18 INFO  Executed sudo&lt;tedge_connect_c8y_test&gt;, exit status 0
10:27:18 INFO  Executed systemctl&lt;serv_mosq2&gt;, exit status 0
10:27:19 INFO  Executed systemctl&lt;serv_mapper3&gt;, exit status 0
10:27:21 INFO  State of current operation: SUCCESSFUL
10:27:21 INFO  Assert that (False == value) with value=False ... passed
10:27:21 INFO  Assert that (False == value) with value=False ... passed
10:27:22 INFO  Assert that (False == value) with value=False ... passed
10:27:22 INFO  Assert that (False == value) with value=False ... passed
10:27:22 INFO  Package moon-buggy is installed
10:27:22 WARN  Assert that (False == value) with value=True ... failed 
10:27:24 INFO  Response status: 201
10:27:24 INFO  Response to action: {
    &quot;creationTime&quot;: &quot;2022-05-30T10:27:24.603Z&quot;,
    &quot;deviceId&quot;: &quot;19786602&quot;,
    &quot;deviceName&quot;: &quot;m32sd11f&quot;,
    &quot;self&quot;: &quot;https://t493319102.eu-latest.cumulocity.com/devicecontrol/operations/19820162&quot;,
    &quot;id&quot;: &quot;19820162&quot;,
    &quot;status&quot;: &quot;PENDING&quot;,
    &quot;description&quot;: &quot;Apply software changes, triggered from PySys: [{'action': 'install', 'id': '5475369', 'name': 'asciijump', 'url': ' ', 'version': '::apt'}, {'action': 'install', 'id': '5474869', 'name': 'robotfindskitten', 'url': ' ', 'version': ' '}, {'action': 'install', 'id': '5475279', 'name': 'squirrel3', 'url': ' ', 'version': '3.1-8::apt'}, {'action': 'install', 'id': '5152439', 'name': 'rolldice', 'url': ' ', 'version': '1.16-1+b2'}, {'action': 'install', 'id': '5439204', 'name': 'moon-buggy', 'url': ' ', 'version': '1:1.0.51-13'}, {'action': 'install', 'id': '5475369', 'name': 'asciijump', 'url': ' ', 'version': '::apt'}]&quot;,
    &quot;c8y_SoftwareUpdate&quot;: [
        {
            &quot;name&quot;: &quot;asciijump&quot;,
            &quot;action&quot;: &quot;install&quot;,
            &quot;id&quot;: &quot;5475369&quot;,
            &quot;version&quot;: &quot;::apt&quot;,
            &quot;url&quot;: &quot; &quot;
        },
        {
            &quot;name&quot;: &quot;robotfindskitten&quot;,
            &quot;action&quot;: &quot;install&quot;,
            &quot;id&quot;: &quot;5474869&quot;,
            &quot;version&quot;: &quot; &quot;,
            &quot;url&quot;: &quot; &quot;
        },
        {
            &quot;name&quot;: &quot;squirrel3&quot;,
            &quot;action&quot;: &quot;install&quot;,
            &quot;id&quot;: &quot;5475279&quot;,
            &quot;version&quot;: &quot;3.1-8::apt&quot;,
            &quot;url&quot;: &quot; &quot;
        },
        {
            &quot;name&quot;: &quot;rolldice&quot;,
            &quot;action&quot;: &quot;install&quot;,
            &quot;id&quot;: &quot;5152439&quot;,
            &quot;version&quot;: &quot;1.16-1+b2&quot;,
            &quot;url&quot;: &quot; &quot;
        },
        {
            &quot;name&quot;: &quot;moon-buggy&quot;,
            &quot;action&quot;: &quot;install&quot;,
            &quot;id&quot;: &quot;5439204&quot;,
            &quot;version&quot;: &quot;1:1.0.51-13&quot;,
            &quot;url&quot;: &quot; &quot;
        },
        {
            &quot;name&quot;: &quot;asciijump&quot;,
            &quot;action&quot;: &quot;install&quot;,
            &quot;id&quot;: &quot;5475369&quot;,
            &quot;version&quot;: &quot;::apt&quot;,
            &quot;url&quot;: &quot; &quot;
        }
    ]
}
10:27:24 INFO  Started operation: {'creationTime': '2022-05-30T10:27:24.603Z', 'deviceId': '19786602', 'deviceName': 'm32sd11f', 'self': 'https://t493319102.eu-latest.cumulocity.com/devicecontrol/operations/19820162', 'id': '19820162', 'status': 'PENDING', 'description': &quot;Apply software changes, triggered from PySys: [{'action': 'install', 'id': '5475369', 'name': 'asciijump', 'url': ' ', 'version': '::apt'}, {'action': 'install', 'id': '5474869', 'name': 'robotfindskitten', 'url': ' ', 'version': ' '}, {'action': 'install', 'id': '5475279', 'name': 'squirrel3', 'url': ' ', 'version': '3.1-8::apt'}, {'action': 'install', 'id': '5152439', 'name': 'rolldice', 'url': ' ', 'version': '1.16-1+b2'}, {'action': 'install', 'id': '5439204', 'name': 'moon-buggy', 'url': ' ', 'version': '1:1.0.51-13'}, {'action': 'install', 'id': '5475369', 'name': 'asciijump', 'url': ' ', 'version': '::apt'}]&quot;, 'c8y_SoftwareUpdate': [{'name': 'asciijump', 'action': 'install', 'id': '5475369', 'version': '::apt', 'url': ' '}, {'name': 'robotfindskitten', 'action': 'install', 'id': '5474869', 'version': ' ', 'url': ' '}, {'name': 'squirrel3', 'action': 'install', 'id': '5475279', 'version': '3.1-8::apt', 'url': ' '}, {'name': 'rolldice', 'action': 'install', 'id': '5152439', 'version': '1.16-1+b2', 'url': ' '}, {'name': 'moon-buggy', 'action': 'install', 'id': '5439204', 'version': '1:1.0.51-13', 'url': ' '}, {'name': 'asciijump', 'action': 'install', 'id': '5475369', 'version': '::apt', 'url': ' '}]}
10:27:26 INFO  State of operation 19820162 : PENDING
10:27:29 INFO  State of operation 19820162 : EXECUTING
10:27:31 INFO  State of operation 19820162 : EXECUTING
10:27:33 INFO  State of operation 19820162 : EXECUTING
10:27:35 INFO  State of operation 19820162 : EXECUTING
10:27:37 INFO  State of operation 19820162 : EXECUTING
10:27:40 INFO  State of operation 19820162 : EXECUTING
10:27:43 INFO  State of operation 19820162 : EXECUTING
10:27:45 INFO  State of operation 19820162 : EXECUTING
10:27:48 INFO  State of operation 19820162 : EXECUTING
10:27:50 INFO  State of operation 19820162 : EXECUTING
10:27:52 INFO  State of operation 19820162 : EXECUTING
10:27:55 INFO  State of operation 19820162 : EXECUTING
10:27:57 INFO  State of operation 19820162 : EXECUTING
10:27:59 INFO  State of operation 19820162 : EXECUTING
10:28:01 INFO  State of operation 19820162 : EXECUTING
10:28:04 INFO  State of operation 19820162 : EXECUTING
10:28:06 INFO  State of operation 19820162 : EXECUTING
10:28:08 INFO  State of operation 19820162 : EXECUTING
10:28:11 INFO  State of operation 19820162 : EXECUTING
10:28:14 INFO  State of operation 19820162 : EXECUTING
10:28:16 INFO  State of operation 19820162 : EXECUTING
10:28:18 INFO  State of operation 19820162 : EXECUTING
10:28:20 INFO  State of operation 19820162 : EXECUTING
10:28:22 INFO  State of operation 19820162 : EXECUTING
10:28:25 INFO  State of operation 19820162 : EXECUTING
10:28:28 INFO  State of operation 19820162 : EXECUTING
10:28:31 INFO  State of operation 19820162 : EXECUTING
10:28:33 INFO  State of operation 19820162 : EXECUTING
10:28:35 INFO  State of operation 19820162 : EXECUTING
10:28:38 INFO  State of operation 19820162 : EXECUTING
10:28:40 INFO  State of operation 19820162 : EXECUTING
10:28:42 INFO  State of operation 19820162 : EXECUTING
10:28:44 INFO  State of operation 19820162 : EXECUTING
10:28:47 INFO  State of operation 19820162 : EXECUTING
10:28:49 INFO  State of operation 19820162 : EXECUTING
10:28:51 INFO  State of operation 19820162 : EXECUTING
10:28:54 INFO  State of operation 19820162 : EXECUTING
10:28:56 INFO  State of operation 19820162 : EXECUTING
10:28:58 INFO  State of operation 19820162 : EXECUTING
10:29:00 INFO  State of operation 19820162 : EXECUTING
10:29:02 INFO  State of operation 19820162 : EXECUTING
10:29:06 INFO  State of operation 19820162 : EXECUTING
10:29:10 INFO  State of operation 19820162 : EXECUTING
10:29:12 INFO  State of operation 19820162 : EXECUTING
10:29:14 INFO  State of operation 19820162 : EXECUTING
10:29:17 INFO  State of operation 19820162 : EXECUTING
10:29:19 INFO  State of operation 19820162 : EXECUTING
10:29:21 INFO  State of operation 19820162 : EXECUTING
10:29:23 INFO  State of operation 19820162 : EXECUTING
10:29:26 INFO  State of operation 19820162 : EXECUTING
10:29:28 INFO  State of operation 19820162 : EXECUTING
10:29:30 INFO  State of operation 19820162 : EXECUTING
10:29:33 INFO  State of operation 19820162 : EXECUTING
10:29:35 INFO  State of operation 19820162 : EXECUTING
10:29:38 INFO  State of operation 19820162 : EXECUTING
10:29:40 INFO  State of operation 19820162 : EXECUTING
10:29:42 INFO  State of operation 19820162 : EXECUTING
10:29:45 INFO  State of operation 19820162 : EXECUTING
10:29:47 INFO  State of operation 19820162 : EXECUTING
10:29:49 INFO  State of operation 19820162 : EXECUTING
10:29:51 WARN  SystemError occurred while running test - Timeout while waiting for status SUCCESSFUL or False
Traceback (most recent call last):
  File &quot;/home/pi/env-pysys/lib/python3.9/site-packages/pysys/baserunner.py&quot;, line 1294, in __call__
    self.testObj.execute()
  File &quot;/home/pi/actions-runner/_work/thin-edge.io/thin-edge.io/tests/PySys/software_management_end_to_end/sm_apt_install_remove_multiple_mixed/run.py&quot;, line 89, in execute
    self.wait_until_succcess()
  File &quot;/home/pi/actions-runner/_work/thin-edge.io/thin-edge.io/tests/PySys/software_management_end_to_end/environment_sm_management.py&quot;, line 324, in wait_until_succcess
    self.wait_until_status(&quot;SUCCESSFUL&quot;)
  File &quot;/home/pi/actions-runner/_work/thin-edge.io/thin-edge.io/tests/PySys/software_management_end_to_end/environment_sm_management.py&quot;, line 380, in wait_until_status
    raise SystemError(
SystemError: Timeout while waiting for status SUCCESSFUL or False
10:29:52 WARN  SystemError: Timeout while waiting for status SUCCESSFUL or False ... blocked 
10:29:52 INFO  
10:29:52 INFO  cleanup:
10:29:59 INFO  Executed sudo&lt;tedge_disconnect_c8y&gt;, exit status 0
10:29:59 INFO  Executed systemctl&lt;serv_mapper5&gt;, exit status 3
10:29:59 INFO  
10:29:59 INFO  Test duration: 184.81 secs
10:29:59 INFO  Test final outcome:  BLOCKED
10:29:59 INFO  Test outcome reason: SystemError: Timeout while waiting for status SUCCESSFUL or False (+1 other failures)
10:29:59 INFO  
</system-out>
	</testcase>
</testsuite>
