<?xml version="1.0" encoding="utf-8"?>
<testsuite name="SoftwareManagement.Plugin.apama_plugin_update" tests="1" failures="0" skipped="1" time="0.06" timestamp="2022-05-16T08:29:20">
	<testcase classname="ApamaPluginUpdateTest" name="SoftwareManagement.Plugin.apama_plugin_update">
		<skipped message="SKIPPED: Test execution disabled due to #1052"/>
		<system-out>08:29:20 INFO  ==============================================================
08:29:20 INFO  Id:    SoftwareManagement.Plugin.apama_plugin_update
08:29:20 INFO  Dir:   plugin_apama/
08:29:20 INFO  Title: Validate apama plugin updating one project with another
08:29:20 INFO  ==============================================================
08:29:20 INFO  Test execution disabled due to #1052 ... skipped
08:29:20 INFO  
08:29:20 INFO  Test duration: 0.06 secs
08:29:20 INFO  Test final outcome:  SKIPPED
08:29:20 INFO  Test outcome reason: Test execution disabled due to #1052
08:29:20 INFO  
</system-out>
	</testcase>
</testsuite>
