<?xml version="1.0" encoding="utf-8"?>
<testsuite name="SoftwareManagement.Plugin.apama_plugin_install" tests="1" failures="1" skipped="0" time="18.49" timestamp="2022-05-09T08:01:53">
	<testcase classname="ApamaPluginInstallTest" name="SoftwareManagement.Plugin.apama_plugin_install">
		<failure message="BLOCKED: sudo&lt;plugin_install&gt; returned non-zero exit code 2" type="BLOCKED"/>
		<system-out>08:01:35 INFO  ==============================================================
08:01:35 INFO  Id:    SoftwareManagement.Plugin.apama_plugin_install
08:01:35 INFO  Dir:   plugin_apama/
08:01:35 INFO  Title: Validate apama plugin install
08:01:35 INFO  ==============================================================
08:01:35 INFO  Assertion that path exists=False for &quot;/etc/tedge/apama/project&quot; ... passed
08:01:36 WARN  Executed sudo&lt;plugin_install&gt;, exit status 2
08:01:36 INFO  Contents of plugin_install.err: 
  /opt/softwareag/Apama/bin/apama_env: line 142: /opt/softwareag/Apama/bin/engine_management: cannot execute binary file: Exec format error
  ERROR: Execution of `/opt/softwareag/Apama/bin/apama_env` failed with exit status exit status: 126
  -----

08:01:37 WARN  sudo&lt;plugin_install&gt; returned non-zero exit code 2 ... blocked [run.py:20]
08:01:37 WARN  Aborted test due to BLOCKED outcome
08:01:37 INFO  
08:01:37 INFO  cleanup:
08:01:37 INFO  Removing apama project
08:01:52 INFO  Executed sudo&lt;stop_apama_service&gt;, exit status 0, duration 15 secs
08:01:53 INFO  Executed sudo&lt;remove_apama_project&gt;, exit status 0
08:01:53 INFO  Executed sudo&lt;remove_apama_tmp_dir&gt;, exit status 0
08:01:53 INFO  
08:01:53 INFO  Test duration: 18.49 secs
08:01:53 INFO  Test final outcome:  BLOCKED
08:01:53 INFO  Test outcome reason: sudo&lt;plugin_install&gt; returned non-zero exit code 2
08:01:53 INFO  
</system-out>
	</testcase>
</testsuite>
