<?xml version="1.0" encoding="utf-8"?>
<testsuite name="SoftwareManagement.sm_apt_install_remove_multiple" tests="1" failures="1" skipped="0" time="159.7" timestamp="2022-05-04T09:18:39">
	<testcase classname="PySysTest" name="SoftwareManagement.sm_apt_install_remove_multiple">
		<failure message="FAILED: Assert that (False == value) with value=True (+2 other failures)" type="FAILED"/>
		<system-out>09:16:00 INFO  ==============================================================
09:16:00 INFO  Id:    SoftwareManagement.sm_apt_install_remove_multiple
09:16:00 INFO  Dir:   software_management_end_to_end/
09:16:00 INFO  Title: Validate end to end behaviour for the apt plugin for multiple packages
09:16:00 INFO  ==============================================================
09:16:00 INFO  Using sw id database: {'asciijump': '5475369', 'robotfindskitten': '5474869', 'squirrel3': '5475279', 'rolldice': '5152439', 'moon-buggy': '5439204', 'apple': '5495053', 'banana': '5494888', 'cherry': '5495382', 'watermelon': '5494510', 'registry': '8018911', 'hello-world': '8021526', 'docker/getting-started': '8021973', 'alpine': '7991792'}
09:16:00 INFO  EnvironmentC8y Setup
09:16:00 INFO  Executed systemctl&lt;serv_mapper1&gt;, exit status 3
09:16:00 INFO  Restarting mosquitto too frequently in the last 10 seconds. It was only up for 5 seconds
09:16:00 INFO  Delaying execution by 6 seconds
09:16:24 INFO  Executed sudo&lt;tedge_connect_c8y&gt;, exit status 0, duration 17 secs
09:16:24 INFO  Executed sudo&lt;tedge_connect_c8y_test&gt;, exit status 0
09:16:25 INFO  Executed systemctl&lt;serv_mosq2&gt;, exit status 0
09:16:25 INFO  Executed systemctl&lt;serv_mapper3&gt;, exit status 0
09:16:27 INFO  State of current operation: SUCCESSFUL
09:16:28 INFO  Assert that (False == value) with value=False ... passed
09:16:28 INFO  Package asciijump is installed
09:16:28 WARN  Assert that (False == value) with value=True ... failed 
09:16:29 INFO  Package squirrel3 is installed
09:16:29 WARN  Assert that (False == value) with value=True ... failed 
09:16:29 INFO  Package robotfindskitten is installed
09:16:29 WARN  Assert that (False == value) with value=True ... failed 
09:16:29 INFO  Response status: 201
09:16:29 INFO  Response to action: {
    &quot;creationTime&quot;: &quot;2022-05-04T09:16:29.595Z&quot;,
    &quot;deviceName&quot;: &quot;m32sd11f&quot;,
    &quot;deviceId&quot;: &quot;18336924&quot;,
    &quot;self&quot;: &quot;https://t493319102.eu-latest.cumulocity.com/devicecontrol/operations/18389439&quot;,
    &quot;id&quot;: &quot;18389439&quot;,
    &quot;status&quot;: &quot;PENDING&quot;,
    &quot;description&quot;: &quot;Apply software changes, triggered from PySys: [{'action': 'install', 'id': '5475369', 'name': 'asciijump', 'url': ' ', 'version': '::apt'}, {'action': 'install', 'id': '5474869', 'name': 'robotfindskitten', 'url': ' ', 'version': '::apt'}, {'action': 'install', 'id': '5475279', 'name': 'squirrel3', 'url': ' ', 'version': '::apt'}]&quot;,
    &quot;c8y_SoftwareUpdate&quot;: [
        {
            &quot;name&quot;: &quot;asciijump&quot;,
            &quot;action&quot;: &quot;install&quot;,
            &quot;id&quot;: &quot;5475369&quot;,
            &quot;version&quot;: &quot;::apt&quot;,
            &quot;url&quot;: &quot; &quot;
        },
        {
            &quot;name&quot;: &quot;robotfindskitten&quot;,
            &quot;action&quot;: &quot;install&quot;,
            &quot;id&quot;: &quot;5474869&quot;,
            &quot;version&quot;: &quot;::apt&quot;,
            &quot;url&quot;: &quot; &quot;
        },
        {
            &quot;name&quot;: &quot;squirrel3&quot;,
            &quot;action&quot;: &quot;install&quot;,
            &quot;id&quot;: &quot;5475279&quot;,
            &quot;version&quot;: &quot;::apt&quot;,
            &quot;url&quot;: &quot; &quot;
        }
    ]
}
09:16:29 INFO  Started operation: {'creationTime': '2022-05-04T09:16:29.595Z', 'deviceName': 'm32sd11f', 'deviceId': '18336924', 'self': 'https://t493319102.eu-latest.cumulocity.com/devicecontrol/operations/18389439', 'id': '18389439', 'status': 'PENDING', 'description': &quot;Apply software changes, triggered from PySys: [{'action': 'install', 'id': '5475369', 'name': 'asciijump', 'url': ' ', 'version': '::apt'}, {'action': 'install', 'id': '5474869', 'name': 'robotfindskitten', 'url': ' ', 'version': '::apt'}, {'action': 'install', 'id': '5475279', 'name': 'squirrel3', 'url': ' ', 'version': '::apt'}]&quot;, 'c8y_SoftwareUpdate': [{'name': 'asciijump', 'action': 'install', 'id': '5475369', 'version': '::apt', 'url': ' '}, {'name': 'robotfindskitten', 'action': 'install', 'id': '5474869', 'version': '::apt', 'url': ' '}, {'name': 'squirrel3', 'action': 'install', 'id': '5475279', 'version': '::apt', 'url': ' '}]}
09:16:31 INFO  State of operation 18389439 : PENDING
09:16:34 INFO  State of operation 18389439 : EXECUTING
09:16:36 INFO  State of operation 18389439 : EXECUTING
09:16:38 INFO  State of operation 18389439 : EXECUTING
09:16:40 INFO  State of operation 18389439 : EXECUTING
09:16:43 INFO  State of operation 18389439 : EXECUTING
09:16:45 INFO  State of operation 18389439 : EXECUTING
09:16:48 INFO  State of operation 18389439 : EXECUTING
09:16:51 INFO  State of operation 18389439 : EXECUTING
09:16:53 INFO  State of operation 18389439 : EXECUTING
09:16:56 INFO  State of operation 18389439 : EXECUTING
09:16:58 INFO  State of operation 18389439 : EXECUTING
09:17:01 INFO  State of operation 18389439 : EXECUTING
09:17:03 INFO  State of operation 18389439 : EXECUTING
09:17:05 INFO  State of operation 18389439 : EXECUTING
09:17:07 INFO  State of operation 18389439 : EXECUTING
09:17:09 INFO  State of operation 18389439 : EXECUTING
09:17:12 INFO  State of operation 18389439 : SUCCESSFUL
09:17:12 INFO  Assert that (False == value) with value=False ... passed
09:17:12 INFO  Package asciijump is installed
09:17:12 INFO  Assert that (True == value) with value=True ... passed
09:17:12 INFO  Package squirrel3 is installed
09:17:12 INFO  Assert that (True == value) with value=True ... passed
09:17:13 INFO  Package robotfindskitten is installed
09:17:13 INFO  Assert that (True == value) with value=True ... passed
09:17:13 INFO  Response status: 201
09:17:13 INFO  Response to action: {
    &quot;creationTime&quot;: &quot;2022-05-04T09:17:13.329Z&quot;,
    &quot;deviceName&quot;: &quot;m32sd11f&quot;,
    &quot;deviceId&quot;: &quot;18336924&quot;,
    &quot;self&quot;: &quot;https://t493319102.eu-latest.cumulocity.com/devicecontrol/operations/18389441&quot;,
    &quot;id&quot;: &quot;18389441&quot;,
    &quot;status&quot;: &quot;PENDING&quot;,
    &quot;description&quot;: &quot;Apply software changes, triggered from PySys: [{'action': 'delete', 'id': '5475369', 'name': 'asciijump', 'url': ' ', 'version': '::apt'}, {'action': 'delete', 'id': '5474869', 'name': 'robotfindskitten', 'url': ' ', 'version': '::apt'}, {'action': 'delete', 'id': '5475279', 'name': 'squirrel3', 'url': ' ', 'version': '::apt'}]&quot;,
    &quot;c8y_SoftwareUpdate&quot;: [
        {
            &quot;name&quot;: &quot;asciijump&quot;,
            &quot;action&quot;: &quot;delete&quot;,
            &quot;id&quot;: &quot;5475369&quot;,
            &quot;version&quot;: &quot;::apt&quot;,
            &quot;url&quot;: &quot; &quot;
        },
        {
            &quot;name&quot;: &quot;robotfindskitten&quot;,
            &quot;action&quot;: &quot;delete&quot;,
            &quot;id&quot;: &quot;5474869&quot;,
            &quot;version&quot;: &quot;::apt&quot;,
            &quot;url&quot;: &quot; &quot;
        },
        {
            &quot;name&quot;: &quot;squirrel3&quot;,
            &quot;action&quot;: &quot;delete&quot;,
            &quot;id&quot;: &quot;5475279&quot;,
            &quot;version&quot;: &quot;::apt&quot;,
            &quot;url&quot;: &quot; &quot;
        }
    ]
}
09:17:13 INFO  Started operation: {'creationTime': '2022-05-04T09:17:13.329Z', 'deviceName': 'm32sd11f', 'deviceId': '18336924', 'self': 'https://t493319102.eu-latest.cumulocity.com/devicecontrol/operations/18389441', 'id': '18389441', 'status': 'PENDING', 'description': &quot;Apply software changes, triggered from PySys: [{'action': 'delete', 'id': '5475369', 'name': 'asciijump', 'url': ' ', 'version': '::apt'}, {'action': 'delete', 'id': '5474869', 'name': 'robotfindskitten', 'url': ' ', 'version': '::apt'}, {'action': 'delete', 'id': '5475279', 'name': 'squirrel3', 'url': ' ', 'version': '::apt'}]&quot;, 'c8y_SoftwareUpdate': [{'name': 'asciijump', 'action': 'delete', 'id': '5475369', 'version': '::apt', 'url': ' '}, {'name': 'robotfindskitten', 'action': 'delete', 'id': '5474869', 'version': '::apt', 'url': ' '}, {'name': 'squirrel3', 'action': 'delete', 'id': '5475279', 'version': '::apt', 'url': ' '}]}
09:17:15 INFO  State of operation 18389441 : PENDING
09:17:17 INFO  State of operation 18389441 : EXECUTING
09:17:20 INFO  State of operation 18389441 : EXECUTING
09:17:22 INFO  State of operation 18389441 : EXECUTING
09:17:24 INFO  State of operation 18389441 : EXECUTING
09:17:26 INFO  State of operation 18389441 : EXECUTING
09:17:29 INFO  State of operation 18389441 : EXECUTING
09:17:31 INFO  State of operation 18389441 : EXECUTING
09:17:35 INFO  State of operation 18389441 : EXECUTING
09:17:39 INFO  State of operation 18389441 : EXECUTING
09:17:41 INFO  State of operation 18389441 : EXECUTING
09:17:43 INFO  State of operation 18389441 : EXECUTING
09:17:45 INFO  State of operation 18389441 : EXECUTING
09:17:48 INFO  State of operation 18389441 : EXECUTING
09:17:50 INFO  State of operation 18389441 : EXECUTING
09:17:52 INFO  State of operation 18389441 : EXECUTING
09:17:54 INFO  State of operation 18389441 : EXECUTING
09:17:57 INFO  State of operation 18389441 : EXECUTING
09:17:59 INFO  State of operation 18389441 : EXECUTING
09:18:02 INFO  State of operation 18389441 : EXECUTING
09:18:04 INFO  State of operation 18389441 : EXECUTING
09:18:07 INFO  State of operation 18389441 : EXECUTING
09:18:09 INFO  State of operation 18389441 : EXECUTING
09:18:11 INFO  State of operation 18389441 : EXECUTING
09:18:13 INFO  State of operation 18389441 : EXECUTING
09:18:16 INFO  State of operation 18389441 : EXECUTING
09:18:18 INFO  State of operation 18389441 : EXECUTING
09:18:21 INFO  State of operation 18389441 : EXECUTING
09:18:23 INFO  State of operation 18389441 : EXECUTING
09:18:26 INFO  State of operation 18389441 : EXECUTING
09:18:28 INFO  State of operation 18389441 : EXECUTING
09:18:30 INFO  State of operation 18389441 : EXECUTING
09:18:32 INFO  State of operation 18389441 : SUCCESSFUL
09:18:33 INFO  Assert that (False == value) with value=False ... passed
09:18:33 INFO  Assert that (False == value) with value=False ... passed
09:18:33 INFO  Assert that (False == value) with value=False ... passed
09:18:33 INFO  Assert that (False == value) with value=False ... passed
09:18:33 INFO  
09:18:33 INFO  cleanup:
09:18:39 INFO  Executed sudo&lt;tedge_disconnect_c8y&gt;, exit status 0
09:18:39 INFO  Executed systemctl&lt;serv_mapper5&gt;, exit status 3
09:18:39 INFO  
09:18:39 INFO  Test duration: 159.70 secs
09:18:39 INFO  Test final outcome:  FAILED
09:18:39 INFO  Test outcome reason: Assert that (False == value) with value=True (+2 other failures)
09:18:39 INFO  
</system-out>
	</testcase>
</testsuite>
