<?xml version="1.0" encoding="utf-8"?>
<testsuite name="SoftwareManagement.sm_mapper_fail_and_reconnect" tests="1" failures="0" skipped="1" time="0.07" timestamp="2022-05-09T08:25:33">
	<testcase classname="MapperC8yReceiveLastMessageOnRestart" name="SoftwareManagement.sm_mapper_fail_and_reconnect">
		<skipped message="SKIPPED: instable https://github.com/thin-edge/thin-edge.io/issues/752"/>
		<system-out>08:25:33 INFO  ==============================================================
08:25:33 INFO  Id:    SoftwareManagement.sm_mapper_fail_and_reconnect
08:25:33 INFO  Dir:   software_management_end_to_end/
08:25:33 INFO  Title: Validate the tedge-mapper-sm-c8y for receiving the last message on restart
08:25:33 INFO  ==============================================================
08:25:33 INFO  instable https://github.com/thin-edge/thin-edge.io/issues/752 ... skipped
08:25:33 INFO  
08:25:33 INFO  Test duration: 0.07 secs
08:25:33 INFO  Test final outcome:  SKIPPED
08:25:33 INFO  Test outcome reason: instable https://github.com/thin-edge/thin-edge.io/issues/752
08:25:33 INFO  
</system-out>
	</testcase>
</testsuite>
