<?xml version="1.0" encoding="utf-8"?>
<testsuite name="SoftwareManagement.sm_mixed_install_remove_multiple" tests="1" failures="1" skipped="0" time="184.72" timestamp="2022-05-03T09:26:53">
	<testcase classname="PySysTest" name="SoftwareManagement.sm_mixed_install_remove_multiple">
		<failure message="FAILED: Assert that (False == value) with value=True" type="FAILED"/>
		<system-out>09:23:49 INFO  ==============================================================
09:23:49 INFO  Id:    SoftwareManagement.sm_mixed_install_remove_multiple
09:23:49 INFO  Dir:   software_management_end_to_end/
09:23:49 INFO  Title: Validate end to end behaviour for the dummy-plugin for multiple packages with mixed versions
09:23:49 INFO  ==============================================================
09:23:49 INFO  Using sw id database: {'asciijump': '5475369', 'robotfindskitten': '5474869', 'squirrel3': '5475279', 'rolldice': '5152439', 'moon-buggy': '5439204', 'apple': '5495053', 'banana': '5494888', 'cherry': '5495382', 'watermelon': '5494510', 'registry': '8018911', 'hello-world': '8021526', 'docker/getting-started': '8021973', 'alpine': '7991792'}
09:23:49 INFO  EnvironmentC8y Setup
09:23:49 INFO  Executed systemctl&lt;serv_mapper1&gt;, exit status 3
09:23:49 INFO  Restarting mosquitto too frequently in the last 10 seconds. It was only up for 6 seconds
09:23:49 INFO  Delaying execution by 5 seconds
09:24:12 INFO  Executed sudo&lt;tedge_connect_c8y&gt;, exit status 0, duration 17 secs
09:24:13 INFO  Executed sudo&lt;tedge_connect_c8y_test&gt;, exit status 0
09:24:13 INFO  Executed systemctl&lt;serv_mosq2&gt;, exit status 0
09:24:14 INFO  Executed systemctl&lt;serv_mapper3&gt;, exit status 0
09:24:16 INFO  State of current operation: SUCCESSFUL
09:24:16 INFO  Package apple is installed
09:24:16 INFO  Assert that (True == value) with value=True ... passed
09:24:16 INFO  Package banana is installed
09:24:16 INFO  Assert that (True == value) with value=True ... passed
09:24:17 INFO  Package cherry is installed
09:24:17 INFO  Assert that (True == value) with value=True ... passed
09:24:17 INFO  Package asciijump is installed
09:24:17 WARN  Assert that (False == value) with value=True ... failed 
09:24:17 INFO  Assert that (False == value) with value=False ... passed
09:24:18 INFO  Response status: 201
09:24:18 INFO  Response to action: {
    &quot;delivery&quot;: {
        &quot;time&quot;: &quot;2022-05-03T09:24:18.054Z&quot;,
        &quot;log&quot;: [],
        &quot;status&quot;: &quot;PENDING&quot;
    },
    &quot;creationTime&quot;: &quot;2022-05-03T09:24:17.944Z&quot;,
    &quot;deviceName&quot;: &quot;m32sd11f&quot;,
    &quot;deviceId&quot;: &quot;18247100&quot;,
    &quot;self&quot;: &quot;https://t493319102.eu-latest.cumulocity.com/devicecontrol/operations/18296926&quot;,
    &quot;id&quot;: &quot;18296926&quot;,
    &quot;status&quot;: &quot;PENDING&quot;,
    &quot;description&quot;: &quot;Apply software changes, triggered from PySys: [{'action': 'install', 'id': '5495053', 'name': 'apple', 'url': ' ', 'version': '::fruits'}, {'action': 'install', 'id': '5494888', 'name': 'banana', 'url': ' ', 'version': '::fruits'}, {'action': 'install', 'id': '5475369', 'name': 'asciijump', 'url': ' ', 'version': '::apt'}, {'action': 'install', 'id': '5495382', 'name': 'cherry', 'url': ' ', 'version': '::fruits'}, {'action': 'install', 'id': '8018911', 'name': 'registry', 'url': ' ', 'version': '::docker'}]&quot;,
    &quot;c8y_SoftwareUpdate&quot;: [
        {
            &quot;name&quot;: &quot;apple&quot;,
            &quot;action&quot;: &quot;install&quot;,
            &quot;id&quot;: &quot;5495053&quot;,
            &quot;version&quot;: &quot;::fruits&quot;,
            &quot;url&quot;: &quot; &quot;
        },
        {
            &quot;name&quot;: &quot;banana&quot;,
            &quot;action&quot;: &quot;install&quot;,
            &quot;id&quot;: &quot;5494888&quot;,
            &quot;version&quot;: &quot;::fruits&quot;,
            &quot;url&quot;: &quot; &quot;
        },
        {
            &quot;name&quot;: &quot;asciijump&quot;,
            &quot;action&quot;: &quot;install&quot;,
            &quot;id&quot;: &quot;5475369&quot;,
            &quot;version&quot;: &quot;::apt&quot;,
            &quot;url&quot;: &quot; &quot;
        },
        {
            &quot;name&quot;: &quot;cherry&quot;,
            &quot;action&quot;: &quot;install&quot;,
            &quot;id&quot;: &quot;5495382&quot;,
            &quot;version&quot;: &quot;::fruits&quot;,
            &quot;url&quot;: &quot; &quot;
        },
        {
            &quot;name&quot;: &quot;registry&quot;,
            &quot;action&quot;: &quot;install&quot;,
            &quot;id&quot;: &quot;8018911&quot;,
            &quot;version&quot;: &quot;::docker&quot;,
            &quot;url&quot;: &quot; &quot;
        }
    ]
}
09:24:18 INFO  Started operation: {'delivery': {'time': '2022-05-03T09:24:18.054Z', 'log': [], 'status': 'PENDING'}, 'creationTime': '2022-05-03T09:24:17.944Z', 'deviceName': 'm32sd11f', 'deviceId': '18247100', 'self': 'https://t493319102.eu-latest.cumulocity.com/devicecontrol/operations/18296926', 'id': '18296926', 'status': 'PENDING', 'description': &quot;Apply software changes, triggered from PySys: [{'action': 'install', 'id': '5495053', 'name': 'apple', 'url': ' ', 'version': '::fruits'}, {'action': 'install', 'id': '5494888', 'name': 'banana', 'url': ' ', 'version': '::fruits'}, {'action': 'install', 'id': '5475369', 'name': 'asciijump', 'url': ' ', 'version': '::apt'}, {'action': 'install', 'id': '5495382', 'name': 'cherry', 'url': ' ', 'version': '::fruits'}, {'action': 'install', 'id': '8018911', 'name': 'registry', 'url': ' ', 'version': '::docker'}]&quot;, 'c8y_SoftwareUpdate': [{'name': 'apple', 'action': 'install', 'id': '5495053', 'version': '::fruits', 'url': ' '}, {'name': 'banana', 'action': 'install', 'id': '5494888', 'version': '::fruits', 'url': ' '}, {'name': 'asciijump', 'action': 'install', 'id': '5475369', 'version': '::apt', 'url': ' '}, {'name': 'cherry', 'action': 'install', 'id': '5495382', 'version': '::fruits', 'url': ' '}, {'name': 'registry', 'action': 'install', 'id': '8018911', 'version': '::docker', 'url': ' '}]}
09:24:20 INFO  State of operation 18296926 : PENDING
09:24:22 INFO  State of operation 18296926 : EXECUTING
09:24:24 INFO  State of operation 18296926 : EXECUTING
09:24:27 INFO  State of operation 18296926 : EXECUTING
09:24:29 INFO  State of operation 18296926 : EXECUTING
09:24:31 INFO  State of operation 18296926 : EXECUTING
09:24:33 INFO  State of operation 18296926 : EXECUTING
09:24:36 INFO  State of operation 18296926 : EXECUTING
09:24:39 INFO  State of operation 18296926 : EXECUTING
09:24:41 INFO  State of operation 18296926 : EXECUTING
09:24:44 INFO  State of operation 18296926 : EXECUTING
09:24:46 INFO  State of operation 18296926 : EXECUTING
09:24:48 INFO  State of operation 18296926 : EXECUTING
09:24:50 INFO  State of operation 18296926 : EXECUTING
09:24:52 INFO  State of operation 18296926 : EXECUTING
09:24:55 INFO  State of operation 18296926 : EXECUTING
09:24:57 INFO  State of operation 18296926 : EXECUTING
09:24:59 INFO  State of operation 18296926 : EXECUTING
09:25:01 INFO  State of operation 18296926 : EXECUTING
09:25:04 INFO  State of operation 18296926 : EXECUTING
09:25:06 INFO  State of operation 18296926 : EXECUTING
09:25:08 INFO  State of operation 18296926 : EXECUTING
09:25:10 INFO  State of operation 18296926 : EXECUTING
09:25:13 INFO  State of operation 18296926 : EXECUTING
09:25:15 INFO  State of operation 18296926 : EXECUTING
09:25:17 INFO  State of operation 18296926 : EXECUTING
09:25:19 INFO  State of operation 18296926 : EXECUTING
09:25:22 INFO  State of operation 18296926 : EXECUTING
09:25:24 INFO  State of operation 18296926 : SUCCESSFUL
09:25:24 INFO  Package apple is installed
09:25:24 INFO  Assert that (True == value) with value=True ... passed
09:25:24 INFO  Package banana is installed
09:25:24 INFO  Assert that (True == value) with value=True ... passed
09:25:25 INFO  Package cherry is installed
09:25:25 INFO  Assert that (True == value) with value=True ... passed
09:25:25 INFO  Package asciijump is installed
09:25:25 INFO  Assert that (True == value) with value=True ... passed
09:25:25 INFO  Package registry is installed
09:25:25 INFO  Assert that (True == value) with value=True ... passed
09:25:25 INFO  Response status: 201
09:25:25 INFO  Response to action: {
    &quot;delivery&quot;: {
        &quot;time&quot;: &quot;2022-05-03T09:25:25.789Z&quot;,
        &quot;log&quot;: [],
        &quot;status&quot;: &quot;PENDING&quot;
    },
    &quot;creationTime&quot;: &quot;2022-05-03T09:25:25.775Z&quot;,
    &quot;deviceName&quot;: &quot;m32sd11f&quot;,
    &quot;deviceId&quot;: &quot;18247100&quot;,
    &quot;self&quot;: &quot;https://t493319102.eu-latest.cumulocity.com/devicecontrol/operations/18298238&quot;,
    &quot;id&quot;: &quot;18298238&quot;,
    &quot;status&quot;: &quot;PENDING&quot;,
    &quot;description&quot;: &quot;Apply software changes, triggered from PySys: [{'action': 'delete', 'id': '5495053', 'name': 'apple', 'url': ' ', 'version': '::fruits'}, {'action': 'delete', 'id': '5494888', 'name': 'banana', 'url': ' ', 'version': '::fruits'}, {'action': 'delete', 'id': '5475369', 'name': 'asciijump', 'url': ' ', 'version': '::apt'}, {'action': 'delete', 'id': '5495382', 'name': 'cherry', 'url': ' ', 'version': '::fruits'}, {'action': 'delete', 'id': '8018911', 'name': 'registry', 'url': ' ', 'version': '::docker'}]&quot;,
    &quot;c8y_SoftwareUpdate&quot;: [
        {
            &quot;name&quot;: &quot;apple&quot;,
            &quot;action&quot;: &quot;delete&quot;,
            &quot;id&quot;: &quot;5495053&quot;,
            &quot;version&quot;: &quot;::fruits&quot;,
            &quot;url&quot;: &quot; &quot;
        },
        {
            &quot;name&quot;: &quot;banana&quot;,
            &quot;action&quot;: &quot;delete&quot;,
            &quot;id&quot;: &quot;5494888&quot;,
            &quot;version&quot;: &quot;::fruits&quot;,
            &quot;url&quot;: &quot; &quot;
        },
        {
            &quot;name&quot;: &quot;asciijump&quot;,
            &quot;action&quot;: &quot;delete&quot;,
            &quot;id&quot;: &quot;5475369&quot;,
            &quot;version&quot;: &quot;::apt&quot;,
            &quot;url&quot;: &quot; &quot;
        },
        {
            &quot;name&quot;: &quot;cherry&quot;,
            &quot;action&quot;: &quot;delete&quot;,
            &quot;id&quot;: &quot;5495382&quot;,
            &quot;version&quot;: &quot;::fruits&quot;,
            &quot;url&quot;: &quot; &quot;
        },
        {
            &quot;name&quot;: &quot;registry&quot;,
            &quot;action&quot;: &quot;delete&quot;,
            &quot;id&quot;: &quot;8018911&quot;,
            &quot;version&quot;: &quot;::docker&quot;,
            &quot;url&quot;: &quot; &quot;
        }
    ]
}
09:25:25 INFO  Started operation: {'delivery': {'time': '2022-05-03T09:25:25.789Z', 'log': [], 'status': 'PENDING'}, 'creationTime': '2022-05-03T09:25:25.775Z', 'deviceName': 'm32sd11f', 'deviceId': '18247100', 'self': 'https://t493319102.eu-latest.cumulocity.com/devicecontrol/operations/18298238', 'id': '18298238', 'status': 'PENDING', 'description': &quot;Apply software changes, triggered from PySys: [{'action': 'delete', 'id': '5495053', 'name': 'apple', 'url': ' ', 'version': '::fruits'}, {'action': 'delete', 'id': '5494888', 'name': 'banana', 'url': ' ', 'version': '::fruits'}, {'action': 'delete', 'id': '5475369', 'name': 'asciijump', 'url': ' ', 'version': '::apt'}, {'action': 'delete', 'id': '5495382', 'name': 'cherry', 'url': ' ', 'version': '::fruits'}, {'action': 'delete', 'id': '8018911', 'name': 'registry', 'url': ' ', 'version': '::docker'}]&quot;, 'c8y_SoftwareUpdate': [{'name': 'apple', 'action': 'delete', 'id': '5495053', 'version': '::fruits', 'url': ' '}, {'name': 'banana', 'action': 'delete', 'id': '5494888', 'version': '::fruits', 'url': ' '}, {'name': 'asciijump', 'action': 'delete', 'id': '5475369', 'version': '::apt', 'url': ' '}, {'name': 'cherry', 'action': 'delete', 'id': '5495382', 'version': '::fruits', 'url': ' '}, {'name': 'registry', 'action': 'delete', 'id': '8018911', 'version': '::docker', 'url': ' '}]}
09:25:28 INFO  State of operation 18298238 : PENDING
09:25:30 INFO  State of operation 18298238 : EXECUTING
09:25:32 INFO  State of operation 18298238 : EXECUTING
09:25:35 INFO  State of operation 18298238 : EXECUTING
09:25:37 INFO  State of operation 18298238 : EXECUTING
09:25:39 INFO  State of operation 18298238 : EXECUTING
09:25:41 INFO  State of operation 18298238 : EXECUTING
09:25:44 INFO  State of operation 18298238 : EXECUTING
09:25:47 INFO  State of operation 18298238 : EXECUTING
09:25:49 INFO  State of operation 18298238 : EXECUTING
09:25:52 INFO  State of operation 18298238 : EXECUTING
09:25:54 INFO  State of operation 18298238 : EXECUTING
09:25:56 INFO  State of operation 18298238 : EXECUTING
09:25:58 INFO  State of operation 18298238 : EXECUTING
09:26:01 INFO  State of operation 18298238 : EXECUTING
09:26:03 INFO  State of operation 18298238 : EXECUTING
09:26:05 INFO  State of operation 18298238 : EXECUTING
09:26:08 INFO  State of operation 18298238 : EXECUTING
09:26:11 INFO  State of operation 18298238 : EXECUTING
09:26:13 INFO  State of operation 18298238 : EXECUTING
09:26:15 INFO  State of operation 18298238 : EXECUTING
09:26:18 INFO  State of operation 18298238 : EXECUTING
09:26:20 INFO  State of operation 18298238 : EXECUTING
09:26:22 INFO  State of operation 18298238 : EXECUTING
09:26:24 INFO  State of operation 18298238 : EXECUTING
09:26:27 INFO  State of operation 18298238 : EXECUTING
09:26:30 INFO  State of operation 18298238 : EXECUTING
09:26:32 INFO  State of operation 18298238 : EXECUTING
09:26:34 INFO  State of operation 18298238 : EXECUTING
09:26:36 INFO  State of operation 18298238 : EXECUTING
09:26:39 INFO  State of operation 18298238 : EXECUTING
09:26:41 INFO  State of operation 18298238 : EXECUTING
09:26:43 INFO  State of operation 18298238 : EXECUTING
09:26:46 INFO  State of operation 18298238 : SUCCESSFUL
09:26:46 INFO  Package apple is installed
09:26:46 INFO  Assert that (True == value) with value=True ... passed
09:26:46 INFO  Package banana is installed
09:26:46 INFO  Assert that (True == value) with value=True ... passed
09:26:47 INFO  Package cherry is installed
09:26:47 INFO  Assert that (True == value) with value=True ... passed
09:26:47 INFO  Assert that (False == value) with value=False ... passed
09:26:47 INFO  Assert that (False == value) with value=False ... passed
09:26:47 INFO  
09:26:47 INFO  cleanup:
09:26:53 INFO  Executed sudo&lt;tedge_disconnect_c8y&gt;, exit status 0
09:26:53 INFO  Executed systemctl&lt;serv_mapper5&gt;, exit status 3
09:26:53 INFO  
09:26:53 INFO  Test duration: 184.72 secs
09:26:53 INFO  Test final outcome:  FAILED
09:26:53 INFO  Test outcome reason: Assert that (False == value) with value=True
09:26:53 INFO  
</system-out>
	</testcase>
</testsuite>
