<?xml version="1.0" encoding="utf-8"?>
<testsuite name="SoftwareManagement.sm_mixed_install_remove_multiple" tests="1" failures="1" skipped="0" time="196.11" timestamp="2022-05-16T08:55:38">
	<testcase classname="PySysTest" name="SoftwareManagement.sm_mixed_install_remove_multiple">
		<failure message="FAILED: Assert that (False == value) with value=True" type="FAILED"/>
		<system-out>08:52:22 INFO  ==============================================================
08:52:22 INFO  Id:    SoftwareManagement.sm_mixed_install_remove_multiple
08:52:22 INFO  Dir:   software_management_end_to_end/
08:52:22 INFO  Title: Validate end to end behaviour for the dummy-plugin for multiple packages with mixed versions
08:52:22 INFO  ==============================================================
08:52:22 INFO  Using sw id database: {'asciijump': '5475369', 'robotfindskitten': '5474869', 'squirrel3': '5475279', 'rolldice': '5152439', 'moon-buggy': '5439204', 'apple': '5495053', 'banana': '5494888', 'cherry': '5495382', 'watermelon': '5494510', 'registry': '8018911', 'hello-world': '8021526', 'docker/getting-started': '8021973', 'alpine': '7991792'}
08:52:22 INFO  EnvironmentC8y Setup
08:52:23 INFO  Executed systemctl&lt;serv_mapper1&gt;, exit status 3
08:52:23 INFO  Restarting mosquitto too frequently in the last 10 seconds. It was only up for 6 seconds
08:52:23 INFO  Delaying execution by 5 seconds
08:52:45 INFO  Executed sudo&lt;tedge_connect_c8y&gt;, exit status 0, duration 17 secs
08:52:46 INFO  Executed sudo&lt;tedge_connect_c8y_test&gt;, exit status 0
08:52:46 INFO  Executed systemctl&lt;serv_mosq2&gt;, exit status 0
08:52:47 INFO  Executed systemctl&lt;serv_mapper3&gt;, exit status 0
08:52:49 INFO  State of current operation: SUCCESSFUL
08:52:49 INFO  Package apple is installed
08:52:49 INFO  Assert that (True == value) with value=True ... passed
08:52:50 INFO  Package banana is installed
08:52:50 INFO  Assert that (True == value) with value=True ... passed
08:52:50 INFO  Package cherry is installed
08:52:50 INFO  Assert that (True == value) with value=True ... passed
08:52:50 INFO  Package asciijump is installed
08:52:50 WARN  Assert that (False == value) with value=True ... failed 
08:52:51 INFO  Assert that (False == value) with value=False ... passed
08:52:51 INFO  Response status: 201
08:52:51 INFO  Response to action: {
    &quot;creationTime&quot;: &quot;2022-05-16T08:52:51.269Z&quot;,
    &quot;deviceId&quot;: &quot;19051705&quot;,
    &quot;deviceName&quot;: &quot;m32sd11f&quot;,
    &quot;self&quot;: &quot;https://t493319102.eu-latest.cumulocity.com/devicecontrol/operations/19156117&quot;,
    &quot;id&quot;: &quot;19156117&quot;,
    &quot;status&quot;: &quot;PENDING&quot;,
    &quot;description&quot;: &quot;Apply software changes, triggered from PySys: [{'action': 'install', 'id': '5495053', 'name': 'apple', 'url': ' ', 'version': '::fruits'}, {'action': 'install', 'id': '5494888', 'name': 'banana', 'url': ' ', 'version': '::fruits'}, {'action': 'install', 'id': '5475369', 'name': 'asciijump', 'url': ' ', 'version': '::apt'}, {'action': 'install', 'id': '5495382', 'name': 'cherry', 'url': ' ', 'version': '::fruits'}, {'action': 'install', 'id': '8018911', 'name': 'registry', 'url': ' ', 'version': '::docker'}]&quot;,
    &quot;c8y_SoftwareUpdate&quot;: [
        {
            &quot;name&quot;: &quot;apple&quot;,
            &quot;action&quot;: &quot;install&quot;,
            &quot;id&quot;: &quot;5495053&quot;,
            &quot;version&quot;: &quot;::fruits&quot;,
            &quot;url&quot;: &quot; &quot;
        },
        {
            &quot;name&quot;: &quot;banana&quot;,
            &quot;action&quot;: &quot;install&quot;,
            &quot;id&quot;: &quot;5494888&quot;,
            &quot;version&quot;: &quot;::fruits&quot;,
            &quot;url&quot;: &quot; &quot;
        },
        {
            &quot;name&quot;: &quot;asciijump&quot;,
            &quot;action&quot;: &quot;install&quot;,
            &quot;id&quot;: &quot;5475369&quot;,
            &quot;version&quot;: &quot;::apt&quot;,
            &quot;url&quot;: &quot; &quot;
        },
        {
            &quot;name&quot;: &quot;cherry&quot;,
            &quot;action&quot;: &quot;install&quot;,
            &quot;id&quot;: &quot;5495382&quot;,
            &quot;version&quot;: &quot;::fruits&quot;,
            &quot;url&quot;: &quot; &quot;
        },
        {
            &quot;name&quot;: &quot;registry&quot;,
            &quot;action&quot;: &quot;install&quot;,
            &quot;id&quot;: &quot;8018911&quot;,
            &quot;version&quot;: &quot;::docker&quot;,
            &quot;url&quot;: &quot; &quot;
        }
    ]
}
08:52:51 INFO  Started operation: {'creationTime': '2022-05-16T08:52:51.269Z', 'deviceId': '19051705', 'deviceName': 'm32sd11f', 'self': 'https://t493319102.eu-latest.cumulocity.com/devicecontrol/operations/19156117', 'id': '19156117', 'status': 'PENDING', 'description': &quot;Apply software changes, triggered from PySys: [{'action': 'install', 'id': '5495053', 'name': 'apple', 'url': ' ', 'version': '::fruits'}, {'action': 'install', 'id': '5494888', 'name': 'banana', 'url': ' ', 'version': '::fruits'}, {'action': 'install', 'id': '5475369', 'name': 'asciijump', 'url': ' ', 'version': '::apt'}, {'action': 'install', 'id': '5495382', 'name': 'cherry', 'url': ' ', 'version': '::fruits'}, {'action': 'install', 'id': '8018911', 'name': 'registry', 'url': ' ', 'version': '::docker'}]&quot;, 'c8y_SoftwareUpdate': [{'name': 'apple', 'action': 'install', 'id': '5495053', 'version': '::fruits', 'url': ' '}, {'name': 'banana', 'action': 'install', 'id': '5494888', 'version': '::fruits', 'url': ' '}, {'name': 'asciijump', 'action': 'install', 'id': '5475369', 'version': '::apt', 'url': ' '}, {'name': 'cherry', 'action': 'install', 'id': '5495382', 'version': '::fruits', 'url': ' '}, {'name': 'registry', 'action': 'install', 'id': '8018911', 'version': '::docker', 'url': ' '}]}
08:52:53 INFO  State of operation 19156117 : PENDING
08:52:55 INFO  State of operation 19156117 : EXECUTING
08:52:58 INFO  State of operation 19156117 : EXECUTING
08:53:00 INFO  State of operation 19156117 : EXECUTING
08:53:02 INFO  State of operation 19156117 : EXECUTING
08:53:04 INFO  State of operation 19156117 : EXECUTING
08:53:06 INFO  State of operation 19156117 : EXECUTING
08:53:10 INFO  State of operation 19156117 : EXECUTING
08:53:12 INFO  State of operation 19156117 : EXECUTING
08:53:15 INFO  State of operation 19156117 : EXECUTING
08:53:18 INFO  State of operation 19156117 : EXECUTING
08:53:20 INFO  State of operation 19156117 : EXECUTING
08:53:22 INFO  State of operation 19156117 : EXECUTING
08:53:24 INFO  State of operation 19156117 : EXECUTING
08:53:26 INFO  State of operation 19156117 : EXECUTING
08:53:29 INFO  State of operation 19156117 : EXECUTING
08:53:31 INFO  State of operation 19156117 : EXECUTING
08:53:33 INFO  State of operation 19156117 : EXECUTING
08:53:36 INFO  State of operation 19156117 : EXECUTING
08:53:38 INFO  State of operation 19156117 : EXECUTING
08:53:40 INFO  State of operation 19156117 : EXECUTING
08:53:43 INFO  State of operation 19156117 : EXECUTING
08:53:45 INFO  State of operation 19156117 : EXECUTING
08:53:47 INFO  State of operation 19156117 : EXECUTING
08:53:50 INFO  State of operation 19156117 : EXECUTING
08:53:53 INFO  State of operation 19156117 : EXECUTING
08:53:55 INFO  State of operation 19156117 : EXECUTING
08:53:57 INFO  State of operation 19156117 : EXECUTING
08:53:59 INFO  State of operation 19156117 : EXECUTING
08:54:02 INFO  State of operation 19156117 : EXECUTING
08:54:04 INFO  State of operation 19156117 : SUCCESSFUL
08:54:04 INFO  Package apple is installed
08:54:04 INFO  Assert that (True == value) with value=True ... passed
08:54:04 INFO  Package banana is installed
08:54:04 INFO  Assert that (True == value) with value=True ... passed
08:54:05 INFO  Package cherry is installed
08:54:05 INFO  Assert that (True == value) with value=True ... passed
08:54:05 INFO  Package asciijump is installed
08:54:05 INFO  Assert that (True == value) with value=True ... passed
08:54:05 INFO  Package registry is installed
08:54:05 INFO  Assert that (True == value) with value=True ... passed
08:54:05 INFO  Response status: 201
08:54:05 INFO  Response to action: {
    &quot;creationTime&quot;: &quot;2022-05-16T08:54:05.810Z&quot;,
    &quot;deviceId&quot;: &quot;19051705&quot;,
    &quot;deviceName&quot;: &quot;m32sd11f&quot;,
    &quot;self&quot;: &quot;https://t493319102.eu-latest.cumulocity.com/devicecontrol/operations/19156123&quot;,
    &quot;id&quot;: &quot;19156123&quot;,
    &quot;status&quot;: &quot;PENDING&quot;,
    &quot;description&quot;: &quot;Apply software changes, triggered from PySys: [{'action': 'delete', 'id': '5495053', 'name': 'apple', 'url': ' ', 'version': '::fruits'}, {'action': 'delete', 'id': '5494888', 'name': 'banana', 'url': ' ', 'version': '::fruits'}, {'action': 'delete', 'id': '5475369', 'name': 'asciijump', 'url': ' ', 'version': '::apt'}, {'action': 'delete', 'id': '5495382', 'name': 'cherry', 'url': ' ', 'version': '::fruits'}, {'action': 'delete', 'id': '8018911', 'name': 'registry', 'url': ' ', 'version': '::docker'}]&quot;,
    &quot;c8y_SoftwareUpdate&quot;: [
        {
            &quot;name&quot;: &quot;apple&quot;,
            &quot;action&quot;: &quot;delete&quot;,
            &quot;id&quot;: &quot;5495053&quot;,
            &quot;version&quot;: &quot;::fruits&quot;,
            &quot;url&quot;: &quot; &quot;
        },
        {
            &quot;name&quot;: &quot;banana&quot;,
            &quot;action&quot;: &quot;delete&quot;,
            &quot;id&quot;: &quot;5494888&quot;,
            &quot;version&quot;: &quot;::fruits&quot;,
            &quot;url&quot;: &quot; &quot;
        },
        {
            &quot;name&quot;: &quot;asciijump&quot;,
            &quot;action&quot;: &quot;delete&quot;,
            &quot;id&quot;: &quot;5475369&quot;,
            &quot;version&quot;: &quot;::apt&quot;,
            &quot;url&quot;: &quot; &quot;
        },
        {
            &quot;name&quot;: &quot;cherry&quot;,
            &quot;action&quot;: &quot;delete&quot;,
            &quot;id&quot;: &quot;5495382&quot;,
            &quot;version&quot;: &quot;::fruits&quot;,
            &quot;url&quot;: &quot; &quot;
        },
        {
            &quot;name&quot;: &quot;registry&quot;,
            &quot;action&quot;: &quot;delete&quot;,
            &quot;id&quot;: &quot;8018911&quot;,
            &quot;version&quot;: &quot;::docker&quot;,
            &quot;url&quot;: &quot; &quot;
        }
    ]
}
08:54:05 INFO  Started operation: {'creationTime': '2022-05-16T08:54:05.810Z', 'deviceId': '19051705', 'deviceName': 'm32sd11f', 'self': 'https://t493319102.eu-latest.cumulocity.com/devicecontrol/operations/19156123', 'id': '19156123', 'status': 'PENDING', 'description': &quot;Apply software changes, triggered from PySys: [{'action': 'delete', 'id': '5495053', 'name': 'apple', 'url': ' ', 'version': '::fruits'}, {'action': 'delete', 'id': '5494888', 'name': 'banana', 'url': ' ', 'version': '::fruits'}, {'action': 'delete', 'id': '5475369', 'name': 'asciijump', 'url': ' ', 'version': '::apt'}, {'action': 'delete', 'id': '5495382', 'name': 'cherry', 'url': ' ', 'version': '::fruits'}, {'action': 'delete', 'id': '8018911', 'name': 'registry', 'url': ' ', 'version': '::docker'}]&quot;, 'c8y_SoftwareUpdate': [{'name': 'apple', 'action': 'delete', 'id': '5495053', 'version': '::fruits', 'url': ' '}, {'name': 'banana', 'action': 'delete', 'id': '5494888', 'version': '::fruits', 'url': ' '}, {'name': 'asciijump', 'action': 'delete', 'id': '5475369', 'version': '::apt', 'url': ' '}, {'name': 'cherry', 'action': 'delete', 'id': '5495382', 'version': '::fruits', 'url': ' '}, {'name': 'registry', 'action': 'delete', 'id': '8018911', 'version': '::docker', 'url': ' '}]}
08:54:08 INFO  State of operation 19156123 : PENDING
08:54:10 INFO  State of operation 19156123 : EXECUTING
08:54:12 INFO  State of operation 19156123 : EXECUTING
08:54:14 INFO  State of operation 19156123 : EXECUTING
08:54:17 INFO  State of operation 19156123 : EXECUTING
08:54:19 INFO  State of operation 19156123 : EXECUTING
08:54:21 INFO  State of operation 19156123 : EXECUTING
08:54:24 INFO  State of operation 19156123 : EXECUTING
08:54:27 INFO  State of operation 19156123 : EXECUTING
08:54:29 INFO  State of operation 19156123 : EXECUTING
08:54:32 INFO  State of operation 19156123 : EXECUTING
08:54:34 INFO  State of operation 19156123 : EXECUTING
08:54:36 INFO  State of operation 19156123 : EXECUTING
08:54:39 INFO  State of operation 19156123 : EXECUTING
08:54:41 INFO  State of operation 19156123 : EXECUTING
08:54:43 INFO  State of operation 19156123 : EXECUTING
08:54:45 INFO  State of operation 19156123 : EXECUTING
08:54:48 INFO  State of operation 19156123 : EXECUTING
08:54:51 INFO  State of operation 19156123 : EXECUTING
08:54:53 INFO  State of operation 19156123 : EXECUTING
08:54:55 INFO  State of operation 19156123 : EXECUTING
08:54:58 INFO  State of operation 19156123 : EXECUTING
08:55:00 INFO  State of operation 19156123 : EXECUTING
08:55:02 INFO  State of operation 19156123 : EXECUTING
08:55:05 INFO  State of operation 19156123 : EXECUTING
08:55:07 INFO  State of operation 19156123 : EXECUTING
08:55:09 INFO  State of operation 19156123 : EXECUTING
08:55:12 INFO  State of operation 19156123 : EXECUTING
08:55:14 INFO  State of operation 19156123 : EXECUTING
08:55:17 INFO  State of operation 19156123 : EXECUTING
08:55:19 INFO  State of operation 19156123 : EXECUTING
08:55:21 INFO  State of operation 19156123 : EXECUTING
08:55:24 INFO  State of operation 19156123 : EXECUTING
08:55:26 INFO  State of operation 19156123 : EXECUTING
08:55:28 INFO  State of operation 19156123 : EXECUTING
08:55:30 INFO  State of operation 19156123 : SUCCESSFUL
08:55:31 INFO  Package apple is installed
08:55:31 INFO  Assert that (True == value) with value=True ... passed
08:55:31 INFO  Package banana is installed
08:55:31 INFO  Assert that (True == value) with value=True ... passed
08:55:31 INFO  Package cherry is installed
08:55:31 INFO  Assert that (True == value) with value=True ... passed
08:55:31 INFO  Assert that (False == value) with value=False ... passed
08:55:32 INFO  Assert that (False == value) with value=False ... passed
08:55:32 INFO  
08:55:32 INFO  cleanup:
08:55:38 INFO  Executed sudo&lt;tedge_disconnect_c8y&gt;, exit status 0
08:55:38 INFO  Executed systemctl&lt;serv_mapper5&gt;, exit status 3
08:55:38 INFO  
08:55:38 INFO  Test duration: 196.11 secs
08:55:38 INFO  Test final outcome:  FAILED
08:55:38 INFO  Test outcome reason: Assert that (False == value) with value=True
08:55:38 INFO  
</system-out>
	</testcase>
</testsuite>
