<?xml version="1.0" encoding="utf-8"?>
<testsuite name="SoftwareManagement.Plugin.apama_plugin_install" tests="1" failures="1" skipped="0" time="18.68" timestamp="2022-05-04T09:05:36">
	<testcase classname="ApamaPluginInstallTest" name="SoftwareManagement.Plugin.apama_plugin_install">
		<failure message="BLOCKED: sudo&lt;plugin_install&gt; returned non-zero exit code 2" type="BLOCKED"/>
		<system-out>09:05:17 INFO  ==============================================================
09:05:17 INFO  Id:    SoftwareManagement.Plugin.apama_plugin_install
09:05:17 INFO  Dir:   plugin_apama/
09:05:17 INFO  Title: Validate apama plugin install
09:05:17 INFO  ==============================================================
09:05:17 INFO  Assertion that path exists=False for &quot;/etc/tedge/apama/project&quot; ... passed
09:05:19 WARN  Executed sudo&lt;plugin_install&gt;, exit status 2
09:05:19 INFO  Contents of plugin_install.err: 
  /opt/softwareag/Apama/bin/apama_env: line 142: /opt/softwareag/Apama/bin/engine_management: cannot execute binary file: Exec format error
  ERROR: Execution of `/opt/softwareag/Apama/bin/apama_env` failed with exit status exit status: 126
  -----

09:05:19 WARN  sudo&lt;plugin_install&gt; returned non-zero exit code 2 ... blocked [run.py:20]
09:05:19 WARN  Aborted test due to BLOCKED outcome
09:05:19 INFO  
09:05:19 INFO  cleanup:
09:05:19 INFO  Removing apama project
09:05:35 INFO  Executed sudo&lt;stop_apama_service&gt;, exit status 0, duration 15 secs
09:05:35 INFO  Executed sudo&lt;remove_apama_project&gt;, exit status 0
09:05:36 INFO  Executed sudo&lt;remove_apama_tmp_dir&gt;, exit status 0
09:05:36 INFO  
09:05:36 INFO  Test duration: 18.68 secs
09:05:36 INFO  Test final outcome:  BLOCKED
09:05:36 INFO  Test outcome reason: sudo&lt;plugin_install&gt; returned non-zero exit code 2
09:05:36 INFO  
</system-out>
	</testcase>
</testsuite>
