<?xml version="1.0" encoding="utf-8"?>
<testsuite name="SoftwareManagement.sm_apt_install_remove_multiple_mixed" tests="1" failures="1" skipped="0" time="186.08" timestamp="2022-05-11T12:54:42">
	<testcase classname="PySysTest" name="SoftwareManagement.sm_apt_install_remove_multiple_mixed">
		<failure message="BLOCKED: SystemError: Timeout while waiting for status SUCCESSFUL or False (+1 other failures)" type="BLOCKED"/>
		<system-out>12:51:36 INFO  ==============================================================
12:51:36 INFO  Id:    SoftwareManagement.sm_apt_install_remove_multiple_mixed
12:51:36 INFO  Dir:   software_management_end_to_end/
12:51:36 INFO  Title: Validate end to end behaviour for the apt plugin for multiple packages with mixed versions
12:51:36 INFO  ==============================================================
12:51:36 INFO  Using sw id database: {'asciijump': '5475369', 'robotfindskitten': '5474869', 'squirrel3': '5475279', 'rolldice': '5152439', 'moon-buggy': '5439204', 'apple': '5495053', 'banana': '5494888', 'cherry': '5495382', 'watermelon': '5494510', 'registry': '8018911', 'hello-world': '8021526', 'docker/getting-started': '8021973', 'alpine': '7991792'}
12:51:36 INFO  EnvironmentC8y Setup
12:51:37 INFO  Executed systemctl&lt;serv_mapper1&gt;, exit status 3
12:51:37 INFO  Restarting mosquitto too frequently in the last 10 seconds. It was only up for 6 seconds
12:51:37 INFO  Delaying execution by 5 seconds
12:51:59 INFO  Executed sudo&lt;tedge_connect_c8y&gt;, exit status 0, duration 16 secs
12:52:00 INFO  Executed sudo&lt;tedge_connect_c8y_test&gt;, exit status 0
12:52:01 INFO  Executed systemctl&lt;serv_mosq2&gt;, exit status 0
12:52:01 INFO  Executed systemctl&lt;serv_mapper3&gt;, exit status 0
12:52:03 INFO  State of current operation: SUCCESSFUL
12:52:04 INFO  Assert that (False == value) with value=False ... passed
12:52:04 INFO  Assert that (False == value) with value=False ... passed
12:52:04 INFO  Assert that (False == value) with value=False ... passed
12:52:04 INFO  Assert that (False == value) with value=False ... passed
12:52:05 INFO  Package moon-buggy is installed
12:52:05 WARN  Assert that (False == value) with value=True ... failed 
12:52:07 INFO  Response status: 201
12:52:07 INFO  Response to action: {
    &quot;delivery&quot;: {
        &quot;time&quot;: &quot;2022-05-11T12:52:07.331Z&quot;,
        &quot;log&quot;: [],
        &quot;status&quot;: &quot;PENDING&quot;
    },
    &quot;creationTime&quot;: &quot;2022-05-11T12:52:07.318Z&quot;,
    &quot;deviceName&quot;: &quot;m32sd11f&quot;,
    &quot;deviceId&quot;: &quot;18811617&quot;,
    &quot;self&quot;: &quot;https://t493319102.eu-latest.cumulocity.com/devicecontrol/operations/18857216&quot;,
    &quot;id&quot;: &quot;18857216&quot;,
    &quot;status&quot;: &quot;PENDING&quot;,
    &quot;description&quot;: &quot;Apply software changes, triggered from PySys: [{'action': 'install', 'id': '5475369', 'name': 'asciijump', 'url': ' ', 'version': '::apt'}, {'action': 'install', 'id': '5474869', 'name': 'robotfindskitten', 'url': ' ', 'version': ' '}, {'action': 'install', 'id': '5475279', 'name': 'squirrel3', 'url': ' ', 'version': '3.1-8::apt'}, {'action': 'install', 'id': '5152439', 'name': 'rolldice', 'url': ' ', 'version': '1.16-1+b2'}, {'action': 'install', 'id': '5439204', 'name': 'moon-buggy', 'url': ' ', 'version': '1:1.0.51-13'}, {'action': 'install', 'id': '5475369', 'name': 'asciijump', 'url': ' ', 'version': '::apt'}]&quot;,
    &quot;c8y_SoftwareUpdate&quot;: [
        {
            &quot;name&quot;: &quot;asciijump&quot;,
            &quot;action&quot;: &quot;install&quot;,
            &quot;id&quot;: &quot;5475369&quot;,
            &quot;version&quot;: &quot;::apt&quot;,
            &quot;url&quot;: &quot; &quot;
        },
        {
            &quot;name&quot;: &quot;robotfindskitten&quot;,
            &quot;action&quot;: &quot;install&quot;,
            &quot;id&quot;: &quot;5474869&quot;,
            &quot;version&quot;: &quot; &quot;,
            &quot;url&quot;: &quot; &quot;
        },
        {
            &quot;name&quot;: &quot;squirrel3&quot;,
            &quot;action&quot;: &quot;install&quot;,
            &quot;id&quot;: &quot;5475279&quot;,
            &quot;version&quot;: &quot;3.1-8::apt&quot;,
            &quot;url&quot;: &quot; &quot;
        },
        {
            &quot;name&quot;: &quot;rolldice&quot;,
            &quot;action&quot;: &quot;install&quot;,
            &quot;id&quot;: &quot;5152439&quot;,
            &quot;version&quot;: &quot;1.16-1+b2&quot;,
            &quot;url&quot;: &quot; &quot;
        },
        {
            &quot;name&quot;: &quot;moon-buggy&quot;,
            &quot;action&quot;: &quot;install&quot;,
            &quot;id&quot;: &quot;5439204&quot;,
            &quot;version&quot;: &quot;1:1.0.51-13&quot;,
            &quot;url&quot;: &quot; &quot;
        },
        {
            &quot;name&quot;: &quot;asciijump&quot;,
            &quot;action&quot;: &quot;install&quot;,
            &quot;id&quot;: &quot;5475369&quot;,
            &quot;version&quot;: &quot;::apt&quot;,
            &quot;url&quot;: &quot; &quot;
        }
    ]
}
12:52:07 INFO  Started operation: {'delivery': {'time': '2022-05-11T12:52:07.331Z', 'log': [], 'status': 'PENDING'}, 'creationTime': '2022-05-11T12:52:07.318Z', 'deviceName': 'm32sd11f', 'deviceId': '18811617', 'self': 'https://t493319102.eu-latest.cumulocity.com/devicecontrol/operations/18857216', 'id': '18857216', 'status': 'PENDING', 'description': &quot;Apply software changes, triggered from PySys: [{'action': 'install', 'id': '5475369', 'name': 'asciijump', 'url': ' ', 'version': '::apt'}, {'action': 'install', 'id': '5474869', 'name': 'robotfindskitten', 'url': ' ', 'version': ' '}, {'action': 'install', 'id': '5475279', 'name': 'squirrel3', 'url': ' ', 'version': '3.1-8::apt'}, {'action': 'install', 'id': '5152439', 'name': 'rolldice', 'url': ' ', 'version': '1.16-1+b2'}, {'action': 'install', 'id': '5439204', 'name': 'moon-buggy', 'url': ' ', 'version': '1:1.0.51-13'}, {'action': 'install', 'id': '5475369', 'name': 'asciijump', 'url': ' ', 'version': '::apt'}]&quot;, 'c8y_SoftwareUpdate': [{'name': 'asciijump', 'action': 'install', 'id': '5475369', 'version': '::apt', 'url': ' '}, {'name': 'robotfindskitten', 'action': 'install', 'id': '5474869', 'version': ' ', 'url': ' '}, {'name': 'squirrel3', 'action': 'install', 'id': '5475279', 'version': '3.1-8::apt', 'url': ' '}, {'name': 'rolldice', 'action': 'install', 'id': '5152439', 'version': '1.16-1+b2', 'url': ' '}, {'name': 'moon-buggy', 'action': 'install', 'id': '5439204', 'version': '1:1.0.51-13', 'url': ' '}, {'name': 'asciijump', 'action': 'install', 'id': '5475369', 'version': '::apt', 'url': ' '}]}
12:52:09 INFO  State of operation 18857216 : PENDING
12:52:11 INFO  State of operation 18857216 : EXECUTING
12:52:14 INFO  State of operation 18857216 : EXECUTING
12:52:16 INFO  State of operation 18857216 : EXECUTING
12:52:18 INFO  State of operation 18857216 : EXECUTING
12:52:20 INFO  State of operation 18857216 : EXECUTING
12:52:22 INFO  State of operation 18857216 : EXECUTING
12:52:25 INFO  State of operation 18857216 : EXECUTING
12:52:29 INFO  State of operation 18857216 : EXECUTING
12:52:31 INFO  State of operation 18857216 : EXECUTING
12:52:33 INFO  State of operation 18857216 : EXECUTING
12:52:35 INFO  State of operation 18857216 : EXECUTING
12:52:38 INFO  State of operation 18857216 : EXECUTING
12:52:40 INFO  State of operation 18857216 : EXECUTING
12:52:42 INFO  State of operation 18857216 : EXECUTING
12:52:44 INFO  State of operation 18857216 : EXECUTING
12:52:47 INFO  State of operation 18857216 : EXECUTING
12:52:49 INFO  State of operation 18857216 : EXECUTING
12:52:51 INFO  State of operation 18857216 : EXECUTING
12:52:54 INFO  State of operation 18857216 : EXECUTING
12:52:57 INFO  State of operation 18857216 : EXECUTING
12:52:59 INFO  State of operation 18857216 : EXECUTING
12:53:01 INFO  State of operation 18857216 : EXECUTING
12:53:04 INFO  State of operation 18857216 : EXECUTING
12:53:06 INFO  State of operation 18857216 : EXECUTING
12:53:09 INFO  State of operation 18857216 : EXECUTING
12:53:11 INFO  State of operation 18857216 : EXECUTING
12:53:14 INFO  State of operation 18857216 : EXECUTING
12:53:17 INFO  State of operation 18857216 : EXECUTING
12:53:19 INFO  State of operation 18857216 : EXECUTING
12:53:21 INFO  State of operation 18857216 : EXECUTING
12:53:23 INFO  State of operation 18857216 : EXECUTING
12:53:26 INFO  State of operation 18857216 : EXECUTING
12:53:28 INFO  State of operation 18857216 : EXECUTING
12:53:30 INFO  State of operation 18857216 : EXECUTING
12:53:32 INFO  State of operation 18857216 : EXECUTING
12:53:35 INFO  State of operation 18857216 : EXECUTING
12:53:37 INFO  State of operation 18857216 : EXECUTING
12:53:39 INFO  State of operation 18857216 : EXECUTING
12:53:41 INFO  State of operation 18857216 : EXECUTING
12:53:43 INFO  State of operation 18857216 : EXECUTING
12:53:46 INFO  State of operation 18857216 : EXECUTING
12:53:48 INFO  State of operation 18857216 : EXECUTING
12:53:51 INFO  State of operation 18857216 : EXECUTING
12:53:54 INFO  State of operation 18857216 : EXECUTING
12:53:56 INFO  State of operation 18857216 : EXECUTING
12:53:59 INFO  State of operation 18857216 : EXECUTING
12:54:01 INFO  State of operation 18857216 : EXECUTING
12:54:03 INFO  State of operation 18857216 : EXECUTING
12:54:05 INFO  State of operation 18857216 : EXECUTING
12:54:08 INFO  State of operation 18857216 : EXECUTING
12:54:10 INFO  State of operation 18857216 : EXECUTING
12:54:12 INFO  State of operation 18857216 : EXECUTING
12:54:15 INFO  State of operation 18857216 : EXECUTING
12:54:18 INFO  State of operation 18857216 : EXECUTING
12:54:20 INFO  State of operation 18857216 : EXECUTING
12:54:22 INFO  State of operation 18857216 : EXECUTING
12:54:24 INFO  State of operation 18857216 : EXECUTING
12:54:26 INFO  State of operation 18857216 : EXECUTING
12:54:29 INFO  State of operation 18857216 : EXECUTING
12:54:32 INFO  State of operation 18857216 : EXECUTING
12:54:34 WARN  SystemError occurred while running test - Timeout while waiting for status SUCCESSFUL or False
Traceback (most recent call last):
  File &quot;/home/pi/env-pysys/lib/python3.9/site-packages/pysys/baserunner.py&quot;, line 1294, in __call__
    self.testObj.execute()
  File &quot;/home/pi/actions-runner/_work/thin-edge.io/thin-edge.io/tests/PySys/software_management_end_to_end/sm_apt_install_remove_multiple_mixed/run.py&quot;, line 89, in execute
    self.wait_until_succcess()
  File &quot;/home/pi/actions-runner/_work/thin-edge.io/thin-edge.io/tests/PySys/software_management_end_to_end/environment_sm_management.py&quot;, line 324, in wait_until_succcess
    self.wait_until_status(&quot;SUCCESSFUL&quot;)
  File &quot;/home/pi/actions-runner/_work/thin-edge.io/thin-edge.io/tests/PySys/software_management_end_to_end/environment_sm_management.py&quot;, line 380, in wait_until_status
    raise SystemError(
SystemError: Timeout while waiting for status SUCCESSFUL or False
12:54:36 WARN  SystemError: Timeout while waiting for status SUCCESSFUL or False ... blocked 
12:54:36 INFO  
12:54:36 INFO  cleanup:
12:54:42 INFO  Executed sudo&lt;tedge_disconnect_c8y&gt;, exit status 0
12:54:42 INFO  Executed systemctl&lt;serv_mapper5&gt;, exit status 3
12:54:42 INFO  
12:54:42 INFO  Test duration: 186.08 secs
12:54:42 INFO  Test final outcome:  BLOCKED
12:54:42 INFO  Test outcome reason: SystemError: Timeout while waiting for status SUCCESSFUL or False (+1 other failures)
12:54:42 INFO  
</system-out>
	</testcase>
</testsuite>
