<?xml version="1.0" encoding="utf-8"?>
<testsuite name="SoftwareManagement.sm_docker_install_remove_multiple" tests="1" failures="1" skipped="0" time="48.45" timestamp="2022-05-04T09:25:37">
	<testcase classname="SMDockerInstallRemove" name="SoftwareManagement.sm_docker_install_remove_multiple">
		<failure message="BLOCKED: SystemError: The operation has failed" type="BLOCKED"/>
		<system-out>09:24:48 INFO  ==============================================================
09:24:48 INFO  Id:    SoftwareManagement.sm_docker_install_remove_multiple
09:24:48 INFO  Dir:   software_management_end_to_end/
09:24:48 INFO  Title: Validate end to end behaviour for the docker plugin for multiple docker images with mixed versions
09:24:48 INFO  ==============================================================
09:24:48 INFO  Using sw id database: {'asciijump': '5475369', 'robotfindskitten': '5474869', 'squirrel3': '5475279', 'rolldice': '5152439', 'moon-buggy': '5439204', 'apple': '5495053', 'banana': '5494888', 'cherry': '5495382', 'watermelon': '5494510', 'registry': '8018911', 'hello-world': '8021526', 'docker/getting-started': '8021973', 'alpine': '7991792'}
09:24:48 INFO  EnvironmentC8y Setup
09:24:49 INFO  Executed systemctl&lt;serv_mapper1&gt;, exit status 3
09:24:49 INFO  Restarting mosquitto too frequently in the last 10 seconds. It was only up for 6 seconds
09:24:49 INFO  Delaying execution by 5 seconds
09:25:11 INFO  Executed sudo&lt;tedge_connect_c8y&gt;, exit status 0, duration 17 secs
09:25:12 INFO  Executed sudo&lt;tedge_connect_c8y_test&gt;, exit status 0
09:25:12 INFO  Executed systemctl&lt;serv_mosq2&gt;, exit status 0
09:25:13 INFO  Executed systemctl&lt;serv_mapper3&gt;, exit status 0
09:25:15 INFO  State of current operation: SUCCESSFUL
09:25:15 INFO  Response status: 201
09:25:15 INFO  Response to action: {
    &quot;delivery&quot;: {
        &quot;time&quot;: &quot;2022-05-04T09:25:15.850Z&quot;,
        &quot;log&quot;: [],
        &quot;status&quot;: &quot;PENDING&quot;
    },
    &quot;creationTime&quot;: &quot;2022-05-04T09:25:15.835Z&quot;,
    &quot;deviceName&quot;: &quot;m32sd11f&quot;,
    &quot;deviceId&quot;: &quot;18336924&quot;,
    &quot;self&quot;: &quot;https://t493319102.eu-latest.cumulocity.com/devicecontrol/operations/18392157&quot;,
    &quot;id&quot;: &quot;18392157&quot;,
    &quot;status&quot;: &quot;PENDING&quot;,
    &quot;description&quot;: &quot;Apply software changes, triggered from PySys: [{'action': 'install', 'id': '8021526', 'name': 'hello-world', 'url': '', 'version': '::docker'}, {'action': 'install', 'id': '8018911', 'name': 'registry', 'url': '', 'version': '2.6.2::docker'}]&quot;,
    &quot;c8y_SoftwareUpdate&quot;: [
        {
            &quot;name&quot;: &quot;hello-world&quot;,
            &quot;action&quot;: &quot;install&quot;,
            &quot;id&quot;: &quot;8021526&quot;,
            &quot;version&quot;: &quot;::docker&quot;,
            &quot;url&quot;: &quot;&quot;
        },
        {
            &quot;name&quot;: &quot;registry&quot;,
            &quot;action&quot;: &quot;install&quot;,
            &quot;id&quot;: &quot;8018911&quot;,
            &quot;version&quot;: &quot;2.6.2::docker&quot;,
            &quot;url&quot;: &quot;&quot;
        }
    ]
}
09:25:15 INFO  Started operation: {'delivery': {'time': '2022-05-04T09:25:15.850Z', 'log': [], 'status': 'PENDING'}, 'creationTime': '2022-05-04T09:25:15.835Z', 'deviceName': 'm32sd11f', 'deviceId': '18336924', 'self': 'https://t493319102.eu-latest.cumulocity.com/devicecontrol/operations/18392157', 'id': '18392157', 'status': 'PENDING', 'description': &quot;Apply software changes, triggered from PySys: [{'action': 'install', 'id': '8021526', 'name': 'hello-world', 'url': '', 'version': '::docker'}, {'action': 'install', 'id': '8018911', 'name': 'registry', 'url': '', 'version': '2.6.2::docker'}]&quot;, 'c8y_SoftwareUpdate': [{'name': 'hello-world', 'action': 'install', 'id': '8021526', 'version': '::docker', 'url': ''}, {'name': 'registry', 'action': 'install', 'id': '8018911', 'version': '2.6.2::docker', 'url': ''}]}
09:25:18 INFO  State of operation 18392157 : PENDING
09:25:20 INFO  State of operation 18392157 : EXECUTING
09:25:22 INFO  State of operation 18392157 : EXECUTING
09:25:24 INFO  State of operation 18392157 : EXECUTING
09:25:27 INFO  State of operation 18392157 : EXECUTING
09:25:29 INFO  State of operation 18392157 : EXECUTING
09:25:31 INFO  State of operation 18392157 : FAILED
09:25:31 ERROR Stopping as the operation has failed
09:25:31 WARN  SystemError occurred while running test - The operation has failed
Traceback (most recent call last):
  File &quot;/home/pi/env-pysys/lib/python3.9/site-packages/pysys/baserunner.py&quot;, line 1292, in __call__
    self.testObj.setup()
  File &quot;/home/pi/actions-runner/_work/thin-edge.io/thin-edge.io/tests/PySys/software_management_end_to_end/sm_docker_install_remove_multiple/run.py&quot;, line 55, in setup
    self.wait_until_succcess()
  File &quot;/home/pi/actions-runner/_work/thin-edge.io/thin-edge.io/tests/PySys/software_management_end_to_end/environment_sm_management.py&quot;, line 324, in wait_until_succcess
    self.wait_until_status(&quot;SUCCESSFUL&quot;)
  File &quot;/home/pi/actions-runner/_work/thin-edge.io/thin-edge.io/tests/PySys/software_management_end_to_end/environment_sm_management.py&quot;, line 361, in wait_until_status
    raise SystemError(&quot;The operation has failed&quot;)
SystemError: The operation has failed
09:25:31 WARN  SystemError: The operation has failed ... blocked 
09:25:31 INFO  
09:25:31 INFO  cleanup:
09:25:36 INFO  Executed sudo&lt;tedge_disconnect_c8y&gt;, exit status 0
09:25:37 INFO  Executed systemctl&lt;serv_mapper5&gt;, exit status 3
09:25:37 INFO  
09:25:37 INFO  Test duration: 48.45 secs
09:25:37 INFO  Test final outcome:  BLOCKED
09:25:37 INFO  Test outcome reason: SystemError: The operation has failed
09:25:37 INFO  
</system-out>
	</testcase>
</testsuite>
