<?xml version="1.0" encoding="utf-8"?>
<testsuite name="SoftwareManagement.sm_apt_install_remove_multiple" tests="1" failures="1" skipped="0" time="157.7" timestamp="2022-05-10T20:47:49">
	<testcase classname="PySysTest" name="SoftwareManagement.sm_apt_install_remove_multiple">
		<failure message="FAILED: Assert that (False == value) with value=True (+2 other failures)" type="FAILED"/>
		<system-out>20:45:12 INFO  ==============================================================
20:45:12 INFO  Id:    SoftwareManagement.sm_apt_install_remove_multiple
20:45:12 INFO  Dir:   software_management_end_to_end/
20:45:12 INFO  Title: Validate end to end behaviour for the apt plugin for multiple packages
20:45:12 INFO  ==============================================================
20:45:12 INFO  Using sw id database: {'asciijump': '5475369', 'robotfindskitten': '5474869', 'squirrel3': '5475279', 'rolldice': '5152439', 'moon-buggy': '5439204', 'apple': '5495053', 'banana': '5494888', 'cherry': '5495382', 'watermelon': '5494510', 'registry': '8018911', 'hello-world': '8021526', 'docker/getting-started': '8021973', 'alpine': '7991792'}
20:45:12 INFO  EnvironmentC8y Setup
20:45:12 INFO  Executed systemctl&lt;serv_mapper1&gt;, exit status 3
20:45:12 INFO  Restarting mosquitto too frequently in the last 10 seconds. It was only up for 5 seconds
20:45:12 INFO  Delaying execution by 6 seconds
20:45:35 INFO  Executed sudo&lt;tedge_connect_c8y&gt;, exit status 0, duration 16 secs
20:45:36 INFO  Executed sudo&lt;tedge_connect_c8y_test&gt;, exit status 0
20:45:37 INFO  Executed systemctl&lt;serv_mosq2&gt;, exit status 0
20:45:37 INFO  Executed systemctl&lt;serv_mapper3&gt;, exit status 0
20:45:39 INFO  State of current operation: SUCCESSFUL
20:45:40 INFO  Assert that (False == value) with value=False ... passed
20:45:40 INFO  Package asciijump is installed
20:45:40 WARN  Assert that (False == value) with value=True ... failed 
20:45:40 INFO  Package squirrel3 is installed
20:45:40 WARN  Assert that (False == value) with value=True ... failed 
20:45:40 INFO  Package robotfindskitten is installed
20:45:40 WARN  Assert that (False == value) with value=True ... failed 
20:45:41 INFO  Response status: 201
20:45:41 INFO  Response to action: {
    &quot;delivery&quot;: {
        &quot;time&quot;: &quot;2022-05-10T20:45:41.103Z&quot;,
        &quot;log&quot;: [],
        &quot;status&quot;: &quot;PENDING&quot;
    },
    &quot;creationTime&quot;: &quot;2022-05-10T20:45:41.090Z&quot;,
    &quot;deviceName&quot;: &quot;m32sd11f&quot;,
    &quot;deviceId&quot;: &quot;18733333&quot;,
    &quot;self&quot;: &quot;https://t493319102.eu-latest.cumulocity.com/devicecontrol/operations/18751940&quot;,
    &quot;id&quot;: &quot;18751940&quot;,
    &quot;status&quot;: &quot;PENDING&quot;,
    &quot;description&quot;: &quot;Apply software changes, triggered from PySys: [{'action': 'install', 'id': '5475369', 'name': 'asciijump', 'url': ' ', 'version': '::apt'}, {'action': 'install', 'id': '5474869', 'name': 'robotfindskitten', 'url': ' ', 'version': '::apt'}, {'action': 'install', 'id': '5475279', 'name': 'squirrel3', 'url': ' ', 'version': '::apt'}]&quot;,
    &quot;c8y_SoftwareUpdate&quot;: [
        {
            &quot;name&quot;: &quot;asciijump&quot;,
            &quot;action&quot;: &quot;install&quot;,
            &quot;id&quot;: &quot;5475369&quot;,
            &quot;version&quot;: &quot;::apt&quot;,
            &quot;url&quot;: &quot; &quot;
        },
        {
            &quot;name&quot;: &quot;robotfindskitten&quot;,
            &quot;action&quot;: &quot;install&quot;,
            &quot;id&quot;: &quot;5474869&quot;,
            &quot;version&quot;: &quot;::apt&quot;,
            &quot;url&quot;: &quot; &quot;
        },
        {
            &quot;name&quot;: &quot;squirrel3&quot;,
            &quot;action&quot;: &quot;install&quot;,
            &quot;id&quot;: &quot;5475279&quot;,
            &quot;version&quot;: &quot;::apt&quot;,
            &quot;url&quot;: &quot; &quot;
        }
    ]
}
20:45:41 INFO  Started operation: {'delivery': {'time': '2022-05-10T20:45:41.103Z', 'log': [], 'status': 'PENDING'}, 'creationTime': '2022-05-10T20:45:41.090Z', 'deviceName': 'm32sd11f', 'deviceId': '18733333', 'self': 'https://t493319102.eu-latest.cumulocity.com/devicecontrol/operations/18751940', 'id': '18751940', 'status': 'PENDING', 'description': &quot;Apply software changes, triggered from PySys: [{'action': 'install', 'id': '5475369', 'name': 'asciijump', 'url': ' ', 'version': '::apt'}, {'action': 'install', 'id': '5474869', 'name': 'robotfindskitten', 'url': ' ', 'version': '::apt'}, {'action': 'install', 'id': '5475279', 'name': 'squirrel3', 'url': ' ', 'version': '::apt'}]&quot;, 'c8y_SoftwareUpdate': [{'name': 'asciijump', 'action': 'install', 'id': '5475369', 'version': '::apt', 'url': ' '}, {'name': 'robotfindskitten', 'action': 'install', 'id': '5474869', 'version': '::apt', 'url': ' '}, {'name': 'squirrel3', 'action': 'install', 'id': '5475279', 'version': '::apt', 'url': ' '}]}
20:45:43 INFO  State of operation 18751940 : PENDING
20:45:45 INFO  State of operation 18751940 : EXECUTING
20:45:47 INFO  State of operation 18751940 : EXECUTING
20:45:50 INFO  State of operation 18751940 : EXECUTING
20:45:52 INFO  State of operation 18751940 : EXECUTING
20:45:54 INFO  State of operation 18751940 : EXECUTING
20:45:56 INFO  State of operation 18751940 : EXECUTING
20:45:59 INFO  State of operation 18751940 : EXECUTING
20:46:03 INFO  State of operation 18751940 : EXECUTING
20:46:06 INFO  State of operation 18751940 : EXECUTING
20:46:08 INFO  State of operation 18751940 : EXECUTING
20:46:10 INFO  State of operation 18751940 : EXECUTING
20:46:13 INFO  State of operation 18751940 : EXECUTING
20:46:15 INFO  State of operation 18751940 : EXECUTING
20:46:17 INFO  State of operation 18751940 : EXECUTING
20:46:19 INFO  State of operation 18751940 : EXECUTING
20:46:22 INFO  State of operation 18751940 : SUCCESSFUL
20:46:22 INFO  Assert that (False == value) with value=False ... passed
20:46:22 INFO  Package asciijump is installed
20:46:22 INFO  Assert that (True == value) with value=True ... passed
20:46:22 INFO  Package squirrel3 is installed
20:46:22 INFO  Assert that (True == value) with value=True ... passed
20:46:22 INFO  Package robotfindskitten is installed
20:46:22 INFO  Assert that (True == value) with value=True ... passed
20:46:23 INFO  Response status: 201
20:46:23 INFO  Response to action: {
    &quot;delivery&quot;: {
        &quot;time&quot;: &quot;2022-05-10T20:46:23.151Z&quot;,
        &quot;log&quot;: [],
        &quot;status&quot;: &quot;PENDING&quot;
    },
    &quot;creationTime&quot;: &quot;2022-05-10T20:46:23.137Z&quot;,
    &quot;deviceName&quot;: &quot;m32sd11f&quot;,
    &quot;deviceId&quot;: &quot;18733333&quot;,
    &quot;self&quot;: &quot;https://t493319102.eu-latest.cumulocity.com/devicecontrol/operations/18751948&quot;,
    &quot;id&quot;: &quot;18751948&quot;,
    &quot;status&quot;: &quot;PENDING&quot;,
    &quot;description&quot;: &quot;Apply software changes, triggered from PySys: [{'action': 'delete', 'id': '5475369', 'name': 'asciijump', 'url': ' ', 'version': '::apt'}, {'action': 'delete', 'id': '5474869', 'name': 'robotfindskitten', 'url': ' ', 'version': '::apt'}, {'action': 'delete', 'id': '5475279', 'name': 'squirrel3', 'url': ' ', 'version': '::apt'}]&quot;,
    &quot;c8y_SoftwareUpdate&quot;: [
        {
            &quot;name&quot;: &quot;asciijump&quot;,
            &quot;action&quot;: &quot;delete&quot;,
            &quot;id&quot;: &quot;5475369&quot;,
            &quot;version&quot;: &quot;::apt&quot;,
            &quot;url&quot;: &quot; &quot;
        },
        {
            &quot;name&quot;: &quot;robotfindskitten&quot;,
            &quot;action&quot;: &quot;delete&quot;,
            &quot;id&quot;: &quot;5474869&quot;,
            &quot;version&quot;: &quot;::apt&quot;,
            &quot;url&quot;: &quot; &quot;
        },
        {
            &quot;name&quot;: &quot;squirrel3&quot;,
            &quot;action&quot;: &quot;delete&quot;,
            &quot;id&quot;: &quot;5475279&quot;,
            &quot;version&quot;: &quot;::apt&quot;,
            &quot;url&quot;: &quot; &quot;
        }
    ]
}
20:46:23 INFO  Started operation: {'delivery': {'time': '2022-05-10T20:46:23.151Z', 'log': [], 'status': 'PENDING'}, 'creationTime': '2022-05-10T20:46:23.137Z', 'deviceName': 'm32sd11f', 'deviceId': '18733333', 'self': 'https://t493319102.eu-latest.cumulocity.com/devicecontrol/operations/18751948', 'id': '18751948', 'status': 'PENDING', 'description': &quot;Apply software changes, triggered from PySys: [{'action': 'delete', 'id': '5475369', 'name': 'asciijump', 'url': ' ', 'version': '::apt'}, {'action': 'delete', 'id': '5474869', 'name': 'robotfindskitten', 'url': ' ', 'version': '::apt'}, {'action': 'delete', 'id': '5475279', 'name': 'squirrel3', 'url': ' ', 'version': '::apt'}]&quot;, 'c8y_SoftwareUpdate': [{'name': 'asciijump', 'action': 'delete', 'id': '5475369', 'version': '::apt', 'url': ' '}, {'name': 'robotfindskitten', 'action': 'delete', 'id': '5474869', 'version': '::apt', 'url': ' '}, {'name': 'squirrel3', 'action': 'delete', 'id': '5475279', 'version': '::apt', 'url': ' '}]}
20:46:25 INFO  State of operation 18751948 : PENDING
20:46:27 INFO  State of operation 18751948 : EXECUTING
20:46:29 INFO  State of operation 18751948 : EXECUTING
20:46:32 INFO  State of operation 18751948 : EXECUTING
20:46:34 INFO  State of operation 18751948 : EXECUTING
20:46:36 INFO  State of operation 18751948 : EXECUTING
20:46:38 INFO  State of operation 18751948 : EXECUTING
20:46:42 INFO  State of operation 18751948 : EXECUTING
20:46:46 INFO  State of operation 18751948 : EXECUTING
20:46:48 INFO  State of operation 18751948 : EXECUTING
20:46:51 INFO  State of operation 18751948 : EXECUTING
20:46:53 INFO  State of operation 18751948 : EXECUTING
20:46:55 INFO  State of operation 18751948 : EXECUTING
20:46:57 INFO  State of operation 18751948 : EXECUTING
20:47:00 INFO  State of operation 18751948 : EXECUTING
20:47:02 INFO  State of operation 18751948 : EXECUTING
20:47:04 INFO  State of operation 18751948 : EXECUTING
20:47:06 INFO  State of operation 18751948 : EXECUTING
20:47:09 INFO  State of operation 18751948 : EXECUTING
20:47:11 INFO  State of operation 18751948 : EXECUTING
20:47:14 INFO  State of operation 18751948 : EXECUTING
20:47:16 INFO  State of operation 18751948 : EXECUTING
20:47:18 INFO  State of operation 18751948 : EXECUTING
20:47:21 INFO  State of operation 18751948 : EXECUTING
20:47:23 INFO  State of operation 18751948 : EXECUTING
20:47:25 INFO  State of operation 18751948 : EXECUTING
20:47:27 INFO  State of operation 18751948 : EXECUTING
20:47:30 INFO  State of operation 18751948 : EXECUTING
20:47:33 INFO  State of operation 18751948 : EXECUTING
20:47:35 INFO  State of operation 18751948 : EXECUTING
20:47:38 INFO  State of operation 18751948 : EXECUTING
20:47:40 INFO  State of operation 18751948 : EXECUTING
20:47:42 INFO  State of operation 18751948 : SUCCESSFUL
20:47:42 INFO  Assert that (False == value) with value=False ... passed
20:47:43 INFO  Assert that (False == value) with value=False ... passed
20:47:43 INFO  Assert that (False == value) with value=False ... passed
20:47:43 INFO  Assert that (False == value) with value=False ... passed
20:47:43 INFO  
20:47:43 INFO  cleanup:
20:47:49 INFO  Executed sudo&lt;tedge_disconnect_c8y&gt;, exit status 0
20:47:49 INFO  Executed systemctl&lt;serv_mapper5&gt;, exit status 3
20:47:49 INFO  
20:47:49 INFO  Test duration: 157.70 secs
20:47:49 INFO  Test final outcome:  FAILED
20:47:49 INFO  Test outcome reason: Assert that (False == value) with value=True (+2 other failures)
20:47:49 INFO  
</system-out>
	</testcase>
</testsuite>
