<?xml version="1.0" encoding="utf-8"?>
<testsuite name="SoftwareManagement.sm_apt_install_remove_multiple" tests="1" failures="1" skipped="0" time="159.46" timestamp="2022-05-02T16:21:11">
	<testcase classname="PySysTest" name="SoftwareManagement.sm_apt_install_remove_multiple">
		<failure message="FAILED: Assert that (False == value) with value=True (+2 other failures)" type="FAILED"/>
		<system-out>16:18:31 INFO  ==============================================================
16:18:31 INFO  Id:    SoftwareManagement.sm_apt_install_remove_multiple
16:18:31 INFO  Dir:   software_management_end_to_end/
16:18:31 INFO  Title: Validate end to end behaviour for the apt plugin for multiple packages
16:18:31 INFO  ==============================================================
16:18:31 INFO  Using sw id database: {'asciijump': '5475369', 'robotfindskitten': '5474869', 'squirrel3': '5475279', 'rolldice': '5152439', 'moon-buggy': '5439204', 'apple': '5495053', 'banana': '5494888', 'cherry': '5495382', 'watermelon': '5494510', 'registry': '8018911', 'hello-world': '8021526', 'docker/getting-started': '8021973', 'alpine': '7991792'}
16:18:31 INFO  EnvironmentC8y Setup
16:18:32 INFO  Executed systemctl&lt;serv_mapper1&gt;, exit status 3
16:18:32 INFO  Restarting mosquitto too frequently in the last 10 seconds. It was only up for 6 seconds
16:18:32 INFO  Delaying execution by 5 seconds
16:18:55 INFO  Executed sudo&lt;tedge_connect_c8y&gt;, exit status 0, duration 17 secs
16:18:55 INFO  Executed sudo&lt;tedge_connect_c8y_test&gt;, exit status 0
16:18:56 INFO  Executed systemctl&lt;serv_mosq2&gt;, exit status 0
16:18:56 INFO  Executed systemctl&lt;serv_mapper3&gt;, exit status 0
16:18:58 INFO  State of current operation: SUCCESSFUL
16:18:59 INFO  Assert that (False == value) with value=False ... passed
16:18:59 INFO  Package asciijump is installed
16:18:59 WARN  Assert that (False == value) with value=True ... failed 
16:19:00 INFO  Package squirrel3 is installed
16:19:00 WARN  Assert that (False == value) with value=True ... failed 
16:19:00 INFO  Package robotfindskitten is installed
16:19:00 WARN  Assert that (False == value) with value=True ... failed 
16:19:00 INFO  Response status: 201
16:19:00 INFO  Response to action: {
    &quot;creationTime&quot;: &quot;2022-05-02T16:19:00.487Z&quot;,
    &quot;deviceName&quot;: &quot;m32sd11f&quot;,
    &quot;deviceId&quot;: &quot;18168342&quot;,
    &quot;self&quot;: &quot;https://t493319102.eu-latest.cumulocity.com/devicecontrol/operations/18214191&quot;,
    &quot;id&quot;: &quot;18214191&quot;,
    &quot;status&quot;: &quot;PENDING&quot;,
    &quot;description&quot;: &quot;Apply software changes, triggered from PySys: [{'action': 'install', 'id': '5475369', 'name': 'asciijump', 'url': ' ', 'version': '::apt'}, {'action': 'install', 'id': '5474869', 'name': 'robotfindskitten', 'url': ' ', 'version': '::apt'}, {'action': 'install', 'id': '5475279', 'name': 'squirrel3', 'url': ' ', 'version': '::apt'}]&quot;,
    &quot;c8y_SoftwareUpdate&quot;: [
        {
            &quot;name&quot;: &quot;asciijump&quot;,
            &quot;action&quot;: &quot;install&quot;,
            &quot;id&quot;: &quot;5475369&quot;,
            &quot;version&quot;: &quot;::apt&quot;,
            &quot;url&quot;: &quot; &quot;
        },
        {
            &quot;name&quot;: &quot;robotfindskitten&quot;,
            &quot;action&quot;: &quot;install&quot;,
            &quot;id&quot;: &quot;5474869&quot;,
            &quot;version&quot;: &quot;::apt&quot;,
            &quot;url&quot;: &quot; &quot;
        },
        {
            &quot;name&quot;: &quot;squirrel3&quot;,
            &quot;action&quot;: &quot;install&quot;,
            &quot;id&quot;: &quot;5475279&quot;,
            &quot;version&quot;: &quot;::apt&quot;,
            &quot;url&quot;: &quot; &quot;
        }
    ]
}
16:19:00 INFO  Started operation: {'creationTime': '2022-05-02T16:19:00.487Z', 'deviceName': 'm32sd11f', 'deviceId': '18168342', 'self': 'https://t493319102.eu-latest.cumulocity.com/devicecontrol/operations/18214191', 'id': '18214191', 'status': 'PENDING', 'description': &quot;Apply software changes, triggered from PySys: [{'action': 'install', 'id': '5475369', 'name': 'asciijump', 'url': ' ', 'version': '::apt'}, {'action': 'install', 'id': '5474869', 'name': 'robotfindskitten', 'url': ' ', 'version': '::apt'}, {'action': 'install', 'id': '5475279', 'name': 'squirrel3', 'url': ' ', 'version': '::apt'}]&quot;, 'c8y_SoftwareUpdate': [{'name': 'asciijump', 'action': 'install', 'id': '5475369', 'version': '::apt', 'url': ' '}, {'name': 'robotfindskitten', 'action': 'install', 'id': '5474869', 'version': '::apt', 'url': ' '}, {'name': 'squirrel3', 'action': 'install', 'id': '5475279', 'version': '::apt', 'url': ' '}]}
16:19:02 INFO  State of operation 18214191 : PENDING
16:19:04 INFO  State of operation 18214191 : EXECUTING
16:19:07 INFO  State of operation 18214191 : EXECUTING
16:19:09 INFO  State of operation 18214191 : EXECUTING
16:19:11 INFO  State of operation 18214191 : EXECUTING
16:19:13 INFO  State of operation 18214191 : EXECUTING
16:19:16 INFO  State of operation 18214191 : EXECUTING
16:19:18 INFO  State of operation 18214191 : EXECUTING
16:19:21 INFO  State of operation 18214191 : EXECUTING
16:19:23 INFO  State of operation 18214191 : EXECUTING
16:19:26 INFO  State of operation 18214191 : EXECUTING
16:19:28 INFO  State of operation 18214191 : EXECUTING
16:19:30 INFO  State of operation 18214191 : EXECUTING
16:19:33 INFO  State of operation 18214191 : EXECUTING
16:19:35 INFO  State of operation 18214191 : EXECUTING
16:19:37 INFO  State of operation 18214191 : EXECUTING
16:19:39 INFO  State of operation 18214191 : EXECUTING
16:19:42 INFO  State of operation 18214191 : EXECUTING
16:19:44 INFO  State of operation 18214191 : SUCCESSFUL
16:19:44 INFO  Assert that (False == value) with value=False ... passed
16:19:44 INFO  Package asciijump is installed
16:19:44 INFO  Assert that (True == value) with value=True ... passed
16:19:45 INFO  Package squirrel3 is installed
16:19:45 INFO  Assert that (True == value) with value=True ... passed
16:19:45 INFO  Package robotfindskitten is installed
16:19:45 INFO  Assert that (True == value) with value=True ... passed
16:19:45 INFO  Response status: 201
16:19:45 INFO  Response to action: {
    &quot;creationTime&quot;: &quot;2022-05-02T16:19:45.503Z&quot;,
    &quot;deviceName&quot;: &quot;m32sd11f&quot;,
    &quot;deviceId&quot;: &quot;18168342&quot;,
    &quot;self&quot;: &quot;https://t493319102.eu-latest.cumulocity.com/devicecontrol/operations/18214199&quot;,
    &quot;id&quot;: &quot;18214199&quot;,
    &quot;status&quot;: &quot;PENDING&quot;,
    &quot;description&quot;: &quot;Apply software changes, triggered from PySys: [{'action': 'delete', 'id': '5475369', 'name': 'asciijump', 'url': ' ', 'version': '::apt'}, {'action': 'delete', 'id': '5474869', 'name': 'robotfindskitten', 'url': ' ', 'version': '::apt'}, {'action': 'delete', 'id': '5475279', 'name': 'squirrel3', 'url': ' ', 'version': '::apt'}]&quot;,
    &quot;c8y_SoftwareUpdate&quot;: [
        {
            &quot;name&quot;: &quot;asciijump&quot;,
            &quot;action&quot;: &quot;delete&quot;,
            &quot;id&quot;: &quot;5475369&quot;,
            &quot;version&quot;: &quot;::apt&quot;,
            &quot;url&quot;: &quot; &quot;
        },
        {
            &quot;name&quot;: &quot;robotfindskitten&quot;,
            &quot;action&quot;: &quot;delete&quot;,
            &quot;id&quot;: &quot;5474869&quot;,
            &quot;version&quot;: &quot;::apt&quot;,
            &quot;url&quot;: &quot; &quot;
        },
        {
            &quot;name&quot;: &quot;squirrel3&quot;,
            &quot;action&quot;: &quot;delete&quot;,
            &quot;id&quot;: &quot;5475279&quot;,
            &quot;version&quot;: &quot;::apt&quot;,
            &quot;url&quot;: &quot; &quot;
        }
    ]
}
16:19:45 INFO  Started operation: {'creationTime': '2022-05-02T16:19:45.503Z', 'deviceName': 'm32sd11f', 'deviceId': '18168342', 'self': 'https://t493319102.eu-latest.cumulocity.com/devicecontrol/operations/18214199', 'id': '18214199', 'status': 'PENDING', 'description': &quot;Apply software changes, triggered from PySys: [{'action': 'delete', 'id': '5475369', 'name': 'asciijump', 'url': ' ', 'version': '::apt'}, {'action': 'delete', 'id': '5474869', 'name': 'robotfindskitten', 'url': ' ', 'version': '::apt'}, {'action': 'delete', 'id': '5475279', 'name': 'squirrel3', 'url': ' ', 'version': '::apt'}]&quot;, 'c8y_SoftwareUpdate': [{'name': 'asciijump', 'action': 'delete', 'id': '5475369', 'version': '::apt', 'url': ' '}, {'name': 'robotfindskitten', 'action': 'delete', 'id': '5474869', 'version': '::apt', 'url': ' '}, {'name': 'squirrel3', 'action': 'delete', 'id': '5475279', 'version': '::apt', 'url': ' '}]}
16:19:47 INFO  State of operation 18214199 : PENDING
16:19:50 INFO  State of operation 18214199 : EXECUTING
16:19:52 INFO  State of operation 18214199 : EXECUTING
16:19:54 INFO  State of operation 18214199 : EXECUTING
16:19:56 INFO  State of operation 18214199 : EXECUTING
16:19:58 INFO  State of operation 18214199 : EXECUTING
16:20:01 INFO  State of operation 18214199 : EXECUTING
16:20:04 INFO  State of operation 18214199 : EXECUTING
16:20:07 INFO  State of operation 18214199 : EXECUTING
16:20:09 INFO  State of operation 18214199 : EXECUTING
16:20:11 INFO  State of operation 18214199 : EXECUTING
16:20:13 INFO  State of operation 18214199 : EXECUTING
16:20:16 INFO  State of operation 18214199 : EXECUTING
16:20:18 INFO  State of operation 18214199 : EXECUTING
16:20:20 INFO  State of operation 18214199 : EXECUTING
16:20:22 INFO  State of operation 18214199 : EXECUTING
16:20:25 INFO  State of operation 18214199 : EXECUTING
16:20:27 INFO  State of operation 18214199 : EXECUTING
16:20:29 INFO  State of operation 18214199 : EXECUTING
16:20:32 INFO  State of operation 18214199 : EXECUTING
16:20:35 INFO  State of operation 18214199 : EXECUTING
16:20:37 INFO  State of operation 18214199 : EXECUTING
16:20:39 INFO  State of operation 18214199 : EXECUTING
16:20:42 INFO  State of operation 18214199 : EXECUTING
16:20:44 INFO  State of operation 18214199 : EXECUTING
16:20:46 INFO  State of operation 18214199 : EXECUTING
16:20:48 INFO  State of operation 18214199 : EXECUTING
16:20:51 INFO  State of operation 18214199 : EXECUTING
16:20:53 INFO  State of operation 18214199 : EXECUTING
16:20:56 INFO  State of operation 18214199 : EXECUTING
16:20:58 INFO  State of operation 18214199 : EXECUTING
16:21:00 INFO  State of operation 18214199 : EXECUTING
16:21:02 INFO  State of operation 18214199 : SUCCESSFUL
16:21:03 INFO  Assert that (False == value) with value=False ... passed
16:21:03 INFO  Assert that (False == value) with value=False ... passed
16:21:03 INFO  Assert that (False == value) with value=False ... passed
16:21:03 INFO  Assert that (False == value) with value=False ... passed
16:21:03 INFO  
16:21:03 INFO  cleanup:
16:21:10 INFO  Executed sudo&lt;tedge_disconnect_c8y&gt;, exit status 0
16:21:11 INFO  Executed systemctl&lt;serv_mapper5&gt;, exit status 3
16:21:11 INFO  
16:21:11 INFO  Test duration: 159.46 secs
16:21:11 INFO  Test final outcome:  FAILED
16:21:11 INFO  Test outcome reason: Assert that (False == value) with value=True (+2 other failures)
16:21:11 INFO  
</system-out>
	</testcase>
</testsuite>
