<?xml version="1.0" encoding="utf-8"?>
<testsuite failures="1" name="SoftwareManagement.sm_apt_install_remove_multiple" skipped="0" tests="1" time="185.97" timestamp="2022-05-23T10:00:12">
	<testcase classname="PySysTest" name="SoftwareManagement.sm_apt_install_remove_multiple">
		<failure message="FAILED: Assert that (False == value) with value=True" type="FAILED"/>
		<system-out>09:57:06 INFO  ==============================================================
09:57:06 INFO  Id:    SoftwareManagement.sm_apt_install_remove_multiple
09:57:06 INFO  Dir:   software_management_end_to_end/
09:57:06 INFO  Title: Validate end to end behaviour for the apt plugin for multiple packages
09:57:06 INFO  ==============================================================
09:57:06 INFO  Using sw id database: {'asciijump': '5475369', 'robotfindskitten': '5474869', 'squirrel3': '5475279', 'rolldice': '5152439', 'moon-buggy': '5439204', 'apple': '5495053', 'banana': '5494888', 'cherry': '5495382', 'watermelon': '5494510', 'registry': '8018911', 'hello-world': '8021526', 'docker/getting-started': '8021973', 'alpine': '7991792'}
09:57:06 INFO  EnvironmentC8y Setup
09:57:06 INFO  Executed systemctl&lt;serv_mapper1&gt;, exit status 3
09:57:06 INFO  Restarting mosquitto too frequently in the last 10 seconds. It was only up for 4 seconds
09:57:06 INFO  Delaying execution by 7 seconds
09:57:28 INFO  Executed sudo&lt;tedge_connect_c8y&gt;, exit status 0, duration 14 secs
09:57:28 INFO  Executed sudo&lt;tedge_connect_c8y_test&gt;, exit status 0
09:57:29 INFO  Executed systemctl&lt;serv_mosq2&gt;, exit status 0
09:57:29 INFO  Executed systemctl&lt;serv_mapper3&gt;, exit status 0
09:57:32 INFO  State of current operation: SUCCESSFUL
09:57:32 INFO  Assert that (False == value) with value=False ... passed
09:57:32 INFO  Assert that (False == value) with value=False ... passed
09:57:32 INFO  Assert that (False == value) with value=False ... passed
09:57:33 INFO  Package robotfindskitten is installed
09:57:33 WARN  Assert that (False == value) with value=True ... failed 
09:57:33 INFO  Response status: 201
09:57:33 INFO  Response to action: {
    &quot;creationTime&quot;: &quot;2022-05-23T09:57:33.287Z&quot;,
    &quot;deviceId&quot;: &quot;19484864&quot;,
    &quot;deviceName&quot;: &quot;mythicc&quot;,
    &quot;self&quot;: &quot;https://t493319102.eu-latest.cumulocity.com/devicecontrol/operations/19508358&quot;,
    &quot;id&quot;: &quot;19508358&quot;,
    &quot;status&quot;: &quot;PENDING&quot;,
    &quot;description&quot;: &quot;Apply software changes, triggered from PySys: [{'action': 'install', 'id': '5475369', 'name': 'asciijump', 'url': ' ', 'version': '::apt'}, {'action': 'install', 'id': '5474869', 'name': 'robotfindskitten', 'url': ' ', 'version': '::apt'}, {'action': 'install', 'id': '5475279', 'name': 'squirrel3', 'url': ' ', 'version': '::apt'}]&quot;,
    &quot;c8y_SoftwareUpdate&quot;: [
        {
            &quot;name&quot;: &quot;asciijump&quot;,
            &quot;action&quot;: &quot;install&quot;,
            &quot;id&quot;: &quot;5475369&quot;,
            &quot;version&quot;: &quot;::apt&quot;,
            &quot;url&quot;: &quot; &quot;
        },
        {
            &quot;name&quot;: &quot;robotfindskitten&quot;,
            &quot;action&quot;: &quot;install&quot;,
            &quot;id&quot;: &quot;5474869&quot;,
            &quot;version&quot;: &quot;::apt&quot;,
            &quot;url&quot;: &quot; &quot;
        },
        {
            &quot;name&quot;: &quot;squirrel3&quot;,
            &quot;action&quot;: &quot;install&quot;,
            &quot;id&quot;: &quot;5475279&quot;,
            &quot;version&quot;: &quot;::apt&quot;,
            &quot;url&quot;: &quot; &quot;
        }
    ]
}
09:57:33 INFO  Started operation: {'creationTime': '2022-05-23T09:57:33.287Z', 'deviceId': '19484864', 'deviceName': 'mythicc', 'self': 'https://t493319102.eu-latest.cumulocity.com/devicecontrol/operations/19508358', 'id': '19508358', 'status': 'PENDING', 'description': &quot;Apply software changes, triggered from PySys: [{'action': 'install', 'id': '5475369', 'name': 'asciijump', 'url': ' ', 'version': '::apt'}, {'action': 'install', 'id': '5474869', 'name': 'robotfindskitten', 'url': ' ', 'version': '::apt'}, {'action': 'install', 'id': '5475279', 'name': 'squirrel3', 'url': ' ', 'version': '::apt'}]&quot;, 'c8y_SoftwareUpdate': [{'name': 'asciijump', 'action': 'install', 'id': '5475369', 'version': '::apt', 'url': ' '}, {'name': 'robotfindskitten', 'action': 'install', 'id': '5474869', 'version': '::apt', 'url': ' '}, {'name': 'squirrel3', 'action': 'install', 'id': '5475279', 'version': '::apt', 'url': ' '}]}
09:57:35 INFO  State of operation 19508358 : PENDING
09:57:37 INFO  State of operation 19508358 : EXECUTING
09:57:39 INFO  State of operation 19508358 : EXECUTING
09:57:42 INFO  State of operation 19508358 : EXECUTING
09:57:44 INFO  State of operation 19508358 : EXECUTING
09:57:46 INFO  State of operation 19508358 : EXECUTING
09:57:49 INFO  State of operation 19508358 : EXECUTING
09:57:52 INFO  State of operation 19508358 : EXECUTING
09:57:55 INFO  State of operation 19508358 : EXECUTING
09:57:57 INFO  State of operation 19508358 : EXECUTING
09:57:59 INFO  State of operation 19508358 : EXECUTING
09:58:01 INFO  State of operation 19508358 : EXECUTING
09:58:04 INFO  State of operation 19508358 : EXECUTING
09:58:06 INFO  State of operation 19508358 : EXECUTING
09:58:08 INFO  State of operation 19508358 : EXECUTING
09:58:10 INFO  State of operation 19508358 : EXECUTING
09:58:13 INFO  State of operation 19508358 : EXECUTING
09:58:15 INFO  State of operation 19508358 : EXECUTING
09:58:18 INFO  State of operation 19508358 : EXECUTING
09:58:20 INFO  State of operation 19508358 : EXECUTING
09:58:22 INFO  State of operation 19508358 : EXECUTING
09:58:25 INFO  State of operation 19508358 : EXECUTING
09:58:27 INFO  State of operation 19508358 : EXECUTING
09:58:30 INFO  State of operation 19508358 : EXECUTING
09:58:32 INFO  State of operation 19508358 : EXECUTING
09:58:34 INFO  State of operation 19508358 : EXECUTING
09:58:37 INFO  State of operation 19508358 : EXECUTING
09:58:39 INFO  State of operation 19508358 : EXECUTING
09:58:41 INFO  State of operation 19508358 : EXECUTING
09:58:44 INFO  State of operation 19508358 : EXECUTING
09:58:46 INFO  State of operation 19508358 : EXECUTING
09:58:48 INFO  State of operation 19508358 : EXECUTING
09:58:51 INFO  State of operation 19508358 : EXECUTING
09:58:53 INFO  State of operation 19508358 : EXECUTING
09:58:55 INFO  State of operation 19508358 : SUCCESSFUL
09:58:55 INFO  Assert that (False == value) with value=False ... passed
09:58:55 INFO  Package asciijump is installed
09:58:55 INFO  Assert that (True == value) with value=True ... passed
09:58:56 INFO  Package squirrel3 is installed
09:58:56 INFO  Assert that (True == value) with value=True ... passed
09:58:56 INFO  Package robotfindskitten is installed
09:58:56 INFO  Assert that (True == value) with value=True ... passed
09:58:56 INFO  Response status: 201
09:58:56 INFO  Response to action: {
    &quot;creationTime&quot;: &quot;2022-05-23T09:58:56.540Z&quot;,
    &quot;deviceId&quot;: &quot;19484864&quot;,
    &quot;deviceName&quot;: &quot;mythicc&quot;,
    &quot;self&quot;: &quot;https://t493319102.eu-latest.cumulocity.com/devicecontrol/operations/19508373&quot;,
    &quot;id&quot;: &quot;19508373&quot;,
    &quot;status&quot;: &quot;PENDING&quot;,
    &quot;description&quot;: &quot;Apply software changes, triggered from PySys: [{'action': 'delete', 'id': '5475369', 'name': 'asciijump', 'url': ' ', 'version': '::apt'}, {'action': 'delete', 'id': '5474869', 'name': 'robotfindskitten', 'url': ' ', 'version': '::apt'}, {'action': 'delete', 'id': '5475279', 'name': 'squirrel3', 'url': ' ', 'version': '::apt'}]&quot;,
    &quot;c8y_SoftwareUpdate&quot;: [
        {
            &quot;name&quot;: &quot;asciijump&quot;,
            &quot;action&quot;: &quot;delete&quot;,
            &quot;id&quot;: &quot;5475369&quot;,
            &quot;version&quot;: &quot;::apt&quot;,
            &quot;url&quot;: &quot; &quot;
        },
        {
            &quot;name&quot;: &quot;robotfindskitten&quot;,
            &quot;action&quot;: &quot;delete&quot;,
            &quot;id&quot;: &quot;5474869&quot;,
            &quot;version&quot;: &quot;::apt&quot;,
            &quot;url&quot;: &quot; &quot;
        },
        {
            &quot;name&quot;: &quot;squirrel3&quot;,
            &quot;action&quot;: &quot;delete&quot;,
            &quot;id&quot;: &quot;5475279&quot;,
            &quot;version&quot;: &quot;::apt&quot;,
            &quot;url&quot;: &quot; &quot;
        }
    ]
}
09:58:56 INFO  Started operation: {'creationTime': '2022-05-23T09:58:56.540Z', 'deviceId': '19484864', 'deviceName': 'mythicc', 'self': 'https://t493319102.eu-latest.cumulocity.com/devicecontrol/operations/19508373', 'id': '19508373', 'status': 'PENDING', 'description': &quot;Apply software changes, triggered from PySys: [{'action': 'delete', 'id': '5475369', 'name': 'asciijump', 'url': ' ', 'version': '::apt'}, {'action': 'delete', 'id': '5474869', 'name': 'robotfindskitten', 'url': ' ', 'version': '::apt'}, {'action': 'delete', 'id': '5475279', 'name': 'squirrel3', 'url': ' ', 'version': '::apt'}]&quot;, 'c8y_SoftwareUpdate': [{'name': 'asciijump', 'action': 'delete', 'id': '5475369', 'version': '::apt', 'url': ' '}, {'name': 'robotfindskitten', 'action': 'delete', 'id': '5474869', 'version': '::apt', 'url': ' '}, {'name': 'squirrel3', 'action': 'delete', 'id': '5475279', 'version': '::apt', 'url': ' '}]}
09:58:58 INFO  State of operation 19508373 : PENDING
09:59:01 INFO  State of operation 19508373 : EXECUTING
09:59:03 INFO  State of operation 19508373 : EXECUTING
09:59:05 INFO  State of operation 19508373 : EXECUTING
09:59:07 INFO  State of operation 19508373 : EXECUTING
09:59:10 INFO  State of operation 19508373 : EXECUTING
09:59:12 INFO  State of operation 19508373 : EXECUTING
09:59:15 INFO  State of operation 19508373 : EXECUTING
09:59:17 INFO  State of operation 19508373 : EXECUTING
09:59:19 INFO  State of operation 19508373 : EXECUTING
09:59:22 INFO  State of operation 19508373 : EXECUTING
09:59:24 INFO  State of operation 19508373 : EXECUTING
09:59:26 INFO  State of operation 19508373 : EXECUTING
09:59:28 INFO  State of operation 19508373 : EXECUTING
09:59:31 INFO  State of operation 19508373 : EXECUTING
09:59:33 INFO  State of operation 19508373 : EXECUTING
09:59:35 INFO  State of operation 19508373 : EXECUTING
09:59:38 INFO  State of operation 19508373 : EXECUTING
09:59:40 INFO  State of operation 19508373 : EXECUTING
09:59:43 INFO  State of operation 19508373 : EXECUTING
09:59:45 INFO  State of operation 19508373 : EXECUTING
09:59:47 INFO  State of operation 19508373 : EXECUTING
09:59:49 INFO  State of operation 19508373 : EXECUTING
09:59:52 INFO  State of operation 19508373 : EXECUTING
09:59:54 INFO  State of operation 19508373 : EXECUTING
09:59:56 INFO  State of operation 19508373 : EXECUTING
09:59:59 INFO  State of operation 19508373 : EXECUTING
10:00:01 INFO  State of operation 19508373 : EXECUTING
10:00:03 INFO  State of operation 19508373 : EXECUTING
10:00:06 INFO  State of operation 19508373 : SUCCESSFUL
10:00:06 INFO  Assert that (False == value) with value=False ... passed
10:00:06 INFO  Assert that (False == value) with value=False ... passed
10:00:06 INFO  Assert that (False == value) with value=False ... passed
10:00:07 INFO  Assert that (False == value) with value=False ... passed
10:00:07 INFO  
10:00:07 INFO  cleanup:
10:00:11 INFO  Executed sudo&lt;tedge_disconnect_c8y&gt;, exit status 0
10:00:12 INFO  Executed systemctl&lt;serv_mapper5&gt;, exit status 3
10:00:12 INFO  
10:00:12 INFO  Test duration: 185.97 secs
10:00:12 INFO  Test final outcome:  FAILED
10:00:12 INFO  Test outcome reason: Assert that (False == value) with value=True
10:00:12 INFO  
</system-out>
	</testcase>
</testsuite>
