<?xml version="1.0" encoding="utf-8"?>
<testsuite failures="0" name="apt_remove" skipped="0" tests="1" time="67.23" timestamp="2022-05-02T15:33:24">
	<testcase classname="AptPluginRemoveDense" name="apt_remove"/>
</testsuite>
