<?xml version="1.0" encoding="utf-8"?>
<testsuite failures="1" name="SoftwareManagement.sm_apt_install_remove_multiple" skipped="0" tests="1" time="182.6" timestamp="2022-04-27T15:07:43">
	<testcase classname="PySysTest" name="SoftwareManagement.sm_apt_install_remove_multiple">
		<failure message="FAILED: Assert that (False == value) with value=True" type="FAILED"/>
		<system-out>15:04:41 INFO  ==============================================================
15:04:41 INFO  Id:    SoftwareManagement.sm_apt_install_remove_multiple
15:04:41 INFO  Dir:   software_management_end_to_end/
15:04:41 INFO  Title: Validate end to end behaviour for the apt plugin for multiple packages
15:04:41 INFO  ==============================================================
15:04:41 INFO  Using sw id database: {'asciijump': '5475369', 'robotfindskitten': '5474869', 'squirrel3': '5475279', 'rolldice': '5152439', 'moon-buggy': '5439204', 'apple': '5495053', 'banana': '5494888', 'cherry': '5495382', 'watermelon': '5494510', 'registry': '8018911', 'hello-world': '8021526', 'docker/getting-started': '8021973', 'alpine': '7991792'}
15:04:41 INFO  EnvironmentC8y Setup
15:04:41 INFO  Executed systemctl&lt;serv_mapper1&gt;, exit status 3
15:04:41 INFO  Restarting mosquitto too frequently in the last 10 seconds. It was only up for 5 seconds
15:04:41 INFO  Delaying execution by 6 seconds
15:05:02 INFO  Executed sudo&lt;tedge_connect_c8y&gt;, exit status 0, duration 14 secs
15:05:02 INFO  Executed sudo&lt;tedge_connect_c8y_test&gt;, exit status 0
15:05:03 INFO  Executed systemctl&lt;serv_mosq2&gt;, exit status 0
15:05:03 INFO  Executed systemctl&lt;serv_mapper3&gt;, exit status 0
15:05:06 INFO  State of current operation: SUCCESSFUL
15:05:06 INFO  Assert that (False == value) with value=False ... passed
15:05:06 INFO  Assert that (False == value) with value=False ... passed
15:05:06 INFO  Assert that (False == value) with value=False ... passed
15:05:07 INFO  Package robotfindskitten is installed
15:05:07 WARN  Assert that (False == value) with value=True ... failed 
15:05:07 INFO  Response status: 201
15:05:07 INFO  Response to action: {
    &quot;creationTime&quot;: &quot;2022-04-27T15:05:07.413Z&quot;,
    &quot;deviceName&quot;: &quot;mythicc&quot;,
    &quot;deviceId&quot;: &quot;17788041&quot;,
    &quot;self&quot;: &quot;https://t493319102.eu-latest.cumulocity.com/devicecontrol/operations/17795078&quot;,
    &quot;id&quot;: &quot;17795078&quot;,
    &quot;status&quot;: &quot;PENDING&quot;,
    &quot;description&quot;: &quot;Apply software changes, triggered from PySys: [{'action': 'install', 'id': '5475369', 'name': 'asciijump', 'url': ' ', 'version': '::apt'}, {'action': 'install', 'id': '5474869', 'name': 'robotfindskitten', 'url': ' ', 'version': '::apt'}, {'action': 'install', 'id': '5475279', 'name': 'squirrel3', 'url': ' ', 'version': '::apt'}]&quot;,
    &quot;c8y_SoftwareUpdate&quot;: [
        {
            &quot;name&quot;: &quot;asciijump&quot;,
            &quot;action&quot;: &quot;install&quot;,
            &quot;id&quot;: &quot;5475369&quot;,
            &quot;version&quot;: &quot;::apt&quot;,
            &quot;url&quot;: &quot; &quot;
        },
        {
            &quot;name&quot;: &quot;robotfindskitten&quot;,
            &quot;action&quot;: &quot;install&quot;,
            &quot;id&quot;: &quot;5474869&quot;,
            &quot;version&quot;: &quot;::apt&quot;,
            &quot;url&quot;: &quot; &quot;
        },
        {
            &quot;name&quot;: &quot;squirrel3&quot;,
            &quot;action&quot;: &quot;install&quot;,
            &quot;id&quot;: &quot;5475279&quot;,
            &quot;version&quot;: &quot;::apt&quot;,
            &quot;url&quot;: &quot; &quot;
        }
    ]
}
15:05:07 INFO  Started operation: {'creationTime': '2022-04-27T15:05:07.413Z', 'deviceName': 'mythicc', 'deviceId': '17788041', 'self': 'https://t493319102.eu-latest.cumulocity.com/devicecontrol/operations/17795078', 'id': '17795078', 'status': 'PENDING', 'description': &quot;Apply software changes, triggered from PySys: [{'action': 'install', 'id': '5475369', 'name': 'asciijump', 'url': ' ', 'version': '::apt'}, {'action': 'install', 'id': '5474869', 'name': 'robotfindskitten', 'url': ' ', 'version': '::apt'}, {'action': 'install', 'id': '5475279', 'name': 'squirrel3', 'url': ' ', 'version': '::apt'}]&quot;, 'c8y_SoftwareUpdate': [{'name': 'asciijump', 'action': 'install', 'id': '5475369', 'version': '::apt', 'url': ' '}, {'name': 'robotfindskitten', 'action': 'install', 'id': '5474869', 'version': '::apt', 'url': ' '}, {'name': 'squirrel3', 'action': 'install', 'id': '5475279', 'version': '::apt', 'url': ' '}]}
15:05:09 INFO  State of operation 17795078 : PENDING
15:05:11 INFO  State of operation 17795078 : EXECUTING
15:05:14 INFO  State of operation 17795078 : EXECUTING
15:05:16 INFO  State of operation 17795078 : EXECUTING
15:05:18 INFO  State of operation 17795078 : EXECUTING
15:05:20 INFO  State of operation 17795078 : EXECUTING
15:05:23 INFO  State of operation 17795078 : EXECUTING
15:05:26 INFO  State of operation 17795078 : EXECUTING
15:05:28 INFO  State of operation 17795078 : EXECUTING
15:05:31 INFO  State of operation 17795078 : EXECUTING
15:05:33 INFO  State of operation 17795078 : EXECUTING
15:05:35 INFO  State of operation 17795078 : EXECUTING
15:05:37 INFO  State of operation 17795078 : EXECUTING
15:05:40 INFO  State of operation 17795078 : EXECUTING
15:05:42 INFO  State of operation 17795078 : EXECUTING
15:05:44 INFO  State of operation 17795078 : EXECUTING
15:05:47 INFO  State of operation 17795078 : EXECUTING
15:05:49 INFO  State of operation 17795078 : EXECUTING
15:05:52 INFO  State of operation 17795078 : EXECUTING
15:05:54 INFO  State of operation 17795078 : EXECUTING
15:05:56 INFO  State of operation 17795078 : EXECUTING
15:05:59 INFO  State of operation 17795078 : EXECUTING
15:06:01 INFO  State of operation 17795078 : EXECUTING
15:06:03 INFO  State of operation 17795078 : EXECUTING
15:06:06 INFO  State of operation 17795078 : EXECUTING
15:06:08 INFO  State of operation 17795078 : EXECUTING
15:06:11 INFO  State of operation 17795078 : EXECUTING
15:06:13 INFO  State of operation 17795078 : EXECUTING
15:06:15 INFO  State of operation 17795078 : EXECUTING
15:06:18 INFO  State of operation 17795078 : EXECUTING
15:06:20 INFO  State of operation 17795078 : EXECUTING
15:06:22 INFO  State of operation 17795078 : EXECUTING
15:06:25 INFO  State of operation 17795078 : EXECUTING
15:06:27 INFO  State of operation 17795078 : EXECUTING
15:06:29 INFO  State of operation 17795078 : SUCCESSFUL
15:06:29 INFO  Assert that (False == value) with value=False ... passed
15:06:30 INFO  Package asciijump is installed
15:06:30 INFO  Assert that (True == value) with value=True ... passed
15:06:30 INFO  Package squirrel3 is installed
15:06:30 INFO  Assert that (True == value) with value=True ... passed
15:06:30 INFO  Package robotfindskitten is installed
15:06:30 INFO  Assert that (True == value) with value=True ... passed
15:06:30 INFO  Response status: 201
15:06:30 INFO  Response to action: {
    &quot;creationTime&quot;: &quot;2022-04-27T15:06:30.680Z&quot;,
    &quot;deviceName&quot;: &quot;mythicc&quot;,
    &quot;deviceId&quot;: &quot;17788041&quot;,
    &quot;self&quot;: &quot;https://t493319102.eu-latest.cumulocity.com/devicecontrol/operations/17795087&quot;,
    &quot;id&quot;: &quot;17795087&quot;,
    &quot;status&quot;: &quot;PENDING&quot;,
    &quot;description&quot;: &quot;Apply software changes, triggered from PySys: [{'action': 'delete', 'id': '5475369', 'name': 'asciijump', 'url': ' ', 'version': '::apt'}, {'action': 'delete', 'id': '5474869', 'name': 'robotfindskitten', 'url': ' ', 'version': '::apt'}, {'action': 'delete', 'id': '5475279', 'name': 'squirrel3', 'url': ' ', 'version': '::apt'}]&quot;,
    &quot;c8y_SoftwareUpdate&quot;: [
        {
            &quot;name&quot;: &quot;asciijump&quot;,
            &quot;action&quot;: &quot;delete&quot;,
            &quot;id&quot;: &quot;5475369&quot;,
            &quot;version&quot;: &quot;::apt&quot;,
            &quot;url&quot;: &quot; &quot;
        },
        {
            &quot;name&quot;: &quot;robotfindskitten&quot;,
            &quot;action&quot;: &quot;delete&quot;,
            &quot;id&quot;: &quot;5474869&quot;,
            &quot;version&quot;: &quot;::apt&quot;,
            &quot;url&quot;: &quot; &quot;
        },
        {
            &quot;name&quot;: &quot;squirrel3&quot;,
            &quot;action&quot;: &quot;delete&quot;,
            &quot;id&quot;: &quot;5475279&quot;,
            &quot;version&quot;: &quot;::apt&quot;,
            &quot;url&quot;: &quot; &quot;
        }
    ]
}
15:06:30 INFO  Started operation: {'creationTime': '2022-04-27T15:06:30.680Z', 'deviceName': 'mythicc', 'deviceId': '17788041', 'self': 'https://t493319102.eu-latest.cumulocity.com/devicecontrol/operations/17795087', 'id': '17795087', 'status': 'PENDING', 'description': &quot;Apply software changes, triggered from PySys: [{'action': 'delete', 'id': '5475369', 'name': 'asciijump', 'url': ' ', 'version': '::apt'}, {'action': 'delete', 'id': '5474869', 'name': 'robotfindskitten', 'url': ' ', 'version': '::apt'}, {'action': 'delete', 'id': '5475279', 'name': 'squirrel3', 'url': ' ', 'version': '::apt'}]&quot;, 'c8y_SoftwareUpdate': [{'name': 'asciijump', 'action': 'delete', 'id': '5475369', 'version': '::apt', 'url': ' '}, {'name': 'robotfindskitten', 'action': 'delete', 'id': '5474869', 'version': '::apt', 'url': ' '}, {'name': 'squirrel3', 'action': 'delete', 'id': '5475279', 'version': '::apt', 'url': ' '}]}
15:06:32 INFO  State of operation 17795087 : PENDING
15:06:35 INFO  State of operation 17795087 : EXECUTING
15:06:37 INFO  State of operation 17795087 : EXECUTING
15:06:39 INFO  State of operation 17795087 : EXECUTING
15:06:41 INFO  State of operation 17795087 : EXECUTING
15:06:44 INFO  State of operation 17795087 : EXECUTING
15:06:46 INFO  State of operation 17795087 : EXECUTING
15:06:49 INFO  State of operation 17795087 : EXECUTING
15:06:51 INFO  State of operation 17795087 : EXECUTING
15:06:54 INFO  State of operation 17795087 : EXECUTING
15:06:56 INFO  State of operation 17795087 : EXECUTING
15:06:58 INFO  State of operation 17795087 : EXECUTING
15:07:00 INFO  State of operation 17795087 : EXECUTING
15:07:02 INFO  State of operation 17795087 : EXECUTING
15:07:05 INFO  State of operation 17795087 : EXECUTING
15:07:07 INFO  State of operation 17795087 : EXECUTING
15:07:09 INFO  State of operation 17795087 : EXECUTING
15:07:12 INFO  State of operation 17795087 : EXECUTING
15:07:14 INFO  State of operation 17795087 : EXECUTING
15:07:17 INFO  State of operation 17795087 : EXECUTING
15:07:19 INFO  State of operation 17795087 : EXECUTING
15:07:21 INFO  State of operation 17795087 : EXECUTING
15:07:24 INFO  State of operation 17795087 : EXECUTING
15:07:26 INFO  State of operation 17795087 : EXECUTING
15:07:28 INFO  State of operation 17795087 : EXECUTING
15:07:31 INFO  State of operation 17795087 : EXECUTING
15:07:33 INFO  State of operation 17795087 : EXECUTING
15:07:36 INFO  State of operation 17795087 : EXECUTING
15:07:38 INFO  State of operation 17795087 : SUCCESSFUL
15:07:38 INFO  Assert that (False == value) with value=False ... passed
15:07:38 INFO  Assert that (False == value) with value=False ... passed
15:07:39 INFO  Assert that (False == value) with value=False ... passed
15:07:39 INFO  Assert that (False == value) with value=False ... passed
15:07:39 INFO  
15:07:39 INFO  cleanup:
15:07:43 INFO  Executed sudo&lt;tedge_disconnect_c8y&gt;, exit status 0
15:07:43 INFO  Executed systemctl&lt;serv_mapper5&gt;, exit status 3
15:07:43 INFO  
15:07:43 INFO  Test duration: 182.60 secs
15:07:43 INFO  Test final outcome:  FAILED
15:07:43 INFO  Test outcome reason: Assert that (False == value) with value=True
15:07:43 INFO  
</system-out>
	</testcase>
</testsuite>
