<?xml version="1.0" encoding="utf-8"?>
<testsuite failures="0" name="apt_remove" skipped="0" tests="1" time="67.94" timestamp="2022-05-30T09:34:42">
	<testcase classname="AptPluginRemoveDense" name="apt_remove"/>
</testsuite>
