<?xml version="1.0" encoding="utf-8"?>
<testsuite failures="1" name="SoftwareManagement.sm_apt_install_remove_multiple" skipped="0" tests="1" time="190.64" timestamp="2022-04-21T14:25:41">
	<testcase classname="PySysTest" name="SoftwareManagement.sm_apt_install_remove_multiple">
		<failure message="FAILED: Assert that (False == value) with value=True" type="FAILED"/>
		<system-out>14:22:30 INFO  ==============================================================
14:22:30 INFO  Id:    SoftwareManagement.sm_apt_install_remove_multiple
14:22:30 INFO  Dir:   software_management_end_to_end/
14:22:30 INFO  Title: Validate end to end behaviour for the apt plugin for multiple packages
14:22:30 INFO  ==============================================================
14:22:30 INFO  Using sw id database: {'asciijump': '5475369', 'robotfindskitten': '5474869', 'squirrel3': '5475279', 'rolldice': '5152439', 'moon-buggy': '5439204', 'apple': '5495053', 'banana': '5494888', 'cherry': '5495382', 'watermelon': '5494510', 'registry': '8018911', 'hello-world': '8021526', 'docker/getting-started': '8021973', 'alpine': '7991792'}
14:22:30 INFO  EnvironmentC8y Setup
14:22:31 INFO  Executed systemctl&lt;serv_mapper1&gt;, exit status 3
14:22:31 INFO  Restarting mosquitto too frequently in the last 10 seconds. It was only up for 4 seconds
14:22:31 INFO  Delaying execution by 7 seconds
14:22:53 INFO  Executed sudo&lt;tedge_connect_c8y&gt;, exit status 0, duration 14 secs
14:22:53 INFO  Executed sudo&lt;tedge_connect_c8y_test&gt;, exit status 0
14:22:54 INFO  Executed systemctl&lt;serv_mosq2&gt;, exit status 0
14:22:54 INFO  Executed systemctl&lt;serv_mapper3&gt;, exit status 0
14:22:56 INFO  State of current operation: SUCCESSFUL
14:22:57 INFO  Assert that (False == value) with value=False ... passed
14:22:57 INFO  Assert that (False == value) with value=False ... passed
14:22:57 INFO  Assert that (False == value) with value=False ... passed
14:22:57 INFO  Package robotfindskitten is installed
14:22:57 WARN  Assert that (False == value) with value=True ... failed 
14:22:58 INFO  Response status: 201
14:22:58 INFO  Response to action: {
    &quot;creationTime&quot;: &quot;2022-04-21T14:22:58.049Z&quot;,
    &quot;deviceName&quot;: &quot;mythicc&quot;,
    &quot;deviceId&quot;: &quot;17556638&quot;,
    &quot;self&quot;: &quot;https://t493319102.eu-latest.cumulocity.com/devicecontrol/operations/17588672&quot;,
    &quot;id&quot;: &quot;17588672&quot;,
    &quot;status&quot;: &quot;PENDING&quot;,
    &quot;description&quot;: &quot;Apply software changes, triggered from PySys: [{'action': 'install', 'id': '5475369', 'name': 'asciijump', 'url': ' ', 'version': '::apt'}, {'action': 'install', 'id': '5474869', 'name': 'robotfindskitten', 'url': ' ', 'version': '::apt'}, {'action': 'install', 'id': '5475279', 'name': 'squirrel3', 'url': ' ', 'version': '::apt'}]&quot;,
    &quot;c8y_SoftwareUpdate&quot;: [
        {
            &quot;name&quot;: &quot;asciijump&quot;,
            &quot;action&quot;: &quot;install&quot;,
            &quot;id&quot;: &quot;5475369&quot;,
            &quot;version&quot;: &quot;::apt&quot;,
            &quot;url&quot;: &quot; &quot;
        },
        {
            &quot;name&quot;: &quot;robotfindskitten&quot;,
            &quot;action&quot;: &quot;install&quot;,
            &quot;id&quot;: &quot;5474869&quot;,
            &quot;version&quot;: &quot;::apt&quot;,
            &quot;url&quot;: &quot; &quot;
        },
        {
            &quot;name&quot;: &quot;squirrel3&quot;,
            &quot;action&quot;: &quot;install&quot;,
            &quot;id&quot;: &quot;5475279&quot;,
            &quot;version&quot;: &quot;::apt&quot;,
            &quot;url&quot;: &quot; &quot;
        }
    ]
}
14:22:58 INFO  Started operation: {'creationTime': '2022-04-21T14:22:58.049Z', 'deviceName': 'mythicc', 'deviceId': '17556638', 'self': 'https://t493319102.eu-latest.cumulocity.com/devicecontrol/operations/17588672', 'id': '17588672', 'status': 'PENDING', 'description': &quot;Apply software changes, triggered from PySys: [{'action': 'install', 'id': '5475369', 'name': 'asciijump', 'url': ' ', 'version': '::apt'}, {'action': 'install', 'id': '5474869', 'name': 'robotfindskitten', 'url': ' ', 'version': '::apt'}, {'action': 'install', 'id': '5475279', 'name': 'squirrel3', 'url': ' ', 'version': '::apt'}]&quot;, 'c8y_SoftwareUpdate': [{'name': 'asciijump', 'action': 'install', 'id': '5475369', 'version': '::apt', 'url': ' '}, {'name': 'robotfindskitten', 'action': 'install', 'id': '5474869', 'version': '::apt', 'url': ' '}, {'name': 'squirrel3', 'action': 'install', 'id': '5475279', 'version': '::apt', 'url': ' '}]}
14:23:00 INFO  State of operation 17588672 : PENDING
14:23:02 INFO  State of operation 17588672 : EXECUTING
14:23:04 INFO  State of operation 17588672 : EXECUTING
14:23:06 INFO  State of operation 17588672 : EXECUTING
14:23:09 INFO  State of operation 17588672 : EXECUTING
14:23:11 INFO  State of operation 17588672 : EXECUTING
14:23:14 INFO  State of operation 17588672 : EXECUTING
14:23:17 INFO  State of operation 17588672 : EXECUTING
14:23:19 INFO  State of operation 17588672 : EXECUTING
14:23:22 INFO  State of operation 17588672 : EXECUTING
14:23:24 INFO  State of operation 17588672 : EXECUTING
14:23:26 INFO  State of operation 17588672 : EXECUTING
14:23:29 INFO  State of operation 17588672 : EXECUTING
14:23:31 INFO  State of operation 17588672 : EXECUTING
14:23:33 INFO  State of operation 17588672 : EXECUTING
14:23:35 INFO  State of operation 17588672 : EXECUTING
14:23:38 INFO  State of operation 17588672 : EXECUTING
14:23:40 INFO  State of operation 17588672 : EXECUTING
14:23:43 INFO  State of operation 17588672 : EXECUTING
14:23:45 INFO  State of operation 17588672 : EXECUTING
14:23:48 INFO  State of operation 17588672 : EXECUTING
14:23:50 INFO  State of operation 17588672 : EXECUTING
14:23:53 INFO  State of operation 17588672 : EXECUTING
14:23:55 INFO  State of operation 17588672 : EXECUTING
14:23:58 INFO  State of operation 17588672 : EXECUTING
14:24:00 INFO  State of operation 17588672 : EXECUTING
14:24:02 INFO  State of operation 17588672 : EXECUTING
14:24:05 INFO  State of operation 17588672 : EXECUTING
14:24:07 INFO  State of operation 17588672 : EXECUTING
14:24:10 INFO  State of operation 17588672 : EXECUTING
14:24:12 INFO  State of operation 17588672 : EXECUTING
14:24:14 INFO  State of operation 17588672 : EXECUTING
14:24:17 INFO  State of operation 17588672 : EXECUTING
14:24:19 INFO  State of operation 17588672 : EXECUTING
14:24:21 INFO  State of operation 17588672 : EXECUTING
14:24:23 INFO  State of operation 17588672 : SUCCESSFUL
14:24:23 INFO  Assert that (False == value) with value=False ... passed
14:24:24 INFO  Package asciijump is installed
14:24:24 INFO  Assert that (True == value) with value=True ... passed
14:24:24 INFO  Package squirrel3 is installed
14:24:24 INFO  Assert that (True == value) with value=True ... passed
14:24:24 INFO  Package robotfindskitten is installed
14:24:24 INFO  Assert that (True == value) with value=True ... passed
14:24:24 INFO  Response status: 201
14:24:24 INFO  Response to action: {
    &quot;creationTime&quot;: &quot;2022-04-21T14:24:24.840Z&quot;,
    &quot;deviceName&quot;: &quot;mythicc&quot;,
    &quot;deviceId&quot;: &quot;17556638&quot;,
    &quot;self&quot;: &quot;https://t493319102.eu-latest.cumulocity.com/devicecontrol/operations/17588680&quot;,
    &quot;id&quot;: &quot;17588680&quot;,
    &quot;status&quot;: &quot;PENDING&quot;,
    &quot;description&quot;: &quot;Apply software changes, triggered from PySys: [{'action': 'delete', 'id': '5475369', 'name': 'asciijump', 'url': ' ', 'version': '::apt'}, {'action': 'delete', 'id': '5474869', 'name': 'robotfindskitten', 'url': ' ', 'version': '::apt'}, {'action': 'delete', 'id': '5475279', 'name': 'squirrel3', 'url': ' ', 'version': '::apt'}]&quot;,
    &quot;c8y_SoftwareUpdate&quot;: [
        {
            &quot;name&quot;: &quot;asciijump&quot;,
            &quot;action&quot;: &quot;delete&quot;,
            &quot;id&quot;: &quot;5475369&quot;,
            &quot;version&quot;: &quot;::apt&quot;,
            &quot;url&quot;: &quot; &quot;
        },
        {
            &quot;name&quot;: &quot;robotfindskitten&quot;,
            &quot;action&quot;: &quot;delete&quot;,
            &quot;id&quot;: &quot;5474869&quot;,
            &quot;version&quot;: &quot;::apt&quot;,
            &quot;url&quot;: &quot; &quot;
        },
        {
            &quot;name&quot;: &quot;squirrel3&quot;,
            &quot;action&quot;: &quot;delete&quot;,
            &quot;id&quot;: &quot;5475279&quot;,
            &quot;version&quot;: &quot;::apt&quot;,
            &quot;url&quot;: &quot; &quot;
        }
    ]
}
14:24:24 INFO  Started operation: {'creationTime': '2022-04-21T14:24:24.840Z', 'deviceName': 'mythicc', 'deviceId': '17556638', 'self': 'https://t493319102.eu-latest.cumulocity.com/devicecontrol/operations/17588680', 'id': '17588680', 'status': 'PENDING', 'description': &quot;Apply software changes, triggered from PySys: [{'action': 'delete', 'id': '5475369', 'name': 'asciijump', 'url': ' ', 'version': '::apt'}, {'action': 'delete', 'id': '5474869', 'name': 'robotfindskitten', 'url': ' ', 'version': '::apt'}, {'action': 'delete', 'id': '5475279', 'name': 'squirrel3', 'url': ' ', 'version': '::apt'}]&quot;, 'c8y_SoftwareUpdate': [{'name': 'asciijump', 'action': 'delete', 'id': '5475369', 'version': '::apt', 'url': ' '}, {'name': 'robotfindskitten', 'action': 'delete', 'id': '5474869', 'version': '::apt', 'url': ' '}, {'name': 'squirrel3', 'action': 'delete', 'id': '5475279', 'version': '::apt', 'url': ' '}]}
14:24:27 INFO  State of operation 17588680 : PENDING
14:24:29 INFO  State of operation 17588680 : EXECUTING
14:24:31 INFO  State of operation 17588680 : EXECUTING
14:24:33 INFO  State of operation 17588680 : EXECUTING
14:24:36 INFO  State of operation 17588680 : EXECUTING
14:24:38 INFO  State of operation 17588680 : EXECUTING
14:24:41 INFO  State of operation 17588680 : EXECUTING
14:24:43 INFO  State of operation 17588680 : EXECUTING
14:24:45 INFO  State of operation 17588680 : EXECUTING
14:24:48 INFO  State of operation 17588680 : EXECUTING
14:24:50 INFO  State of operation 17588680 : EXECUTING
14:24:52 INFO  State of operation 17588680 : EXECUTING
14:24:55 INFO  State of operation 17588680 : EXECUTING
14:24:57 INFO  State of operation 17588680 : EXECUTING
14:24:59 INFO  State of operation 17588680 : EXECUTING
14:25:02 INFO  State of operation 17588680 : EXECUTING
14:25:04 INFO  State of operation 17588680 : EXECUTING
14:25:07 INFO  State of operation 17588680 : EXECUTING
14:25:09 INFO  State of operation 17588680 : EXECUTING
14:25:12 INFO  State of operation 17588680 : EXECUTING
14:25:14 INFO  State of operation 17588680 : EXECUTING
14:25:16 INFO  State of operation 17588680 : EXECUTING
14:25:18 INFO  State of operation 17588680 : EXECUTING
14:25:21 INFO  State of operation 17588680 : EXECUTING
14:25:23 INFO  State of operation 17588680 : EXECUTING
14:25:26 INFO  State of operation 17588680 : EXECUTING
14:25:28 INFO  State of operation 17588680 : EXECUTING
14:25:31 INFO  State of operation 17588680 : EXECUTING
14:25:33 INFO  State of operation 17588680 : EXECUTING
14:25:35 INFO  State of operation 17588680 : SUCCESSFUL
14:25:35 INFO  Assert that (False == value) with value=False ... passed
14:25:36 INFO  Assert that (False == value) with value=False ... passed
14:25:36 INFO  Assert that (False == value) with value=False ... passed
14:25:36 INFO  Assert that (False == value) with value=False ... passed
14:25:36 INFO  
14:25:36 INFO  cleanup:
14:25:40 INFO  Executed sudo&lt;tedge_disconnect_c8y&gt;, exit status 0
14:25:41 INFO  Executed systemctl&lt;serv_mapper5&gt;, exit status 3
14:25:41 INFO  
14:25:41 INFO  Test duration: 190.64 secs
14:25:41 INFO  Test final outcome:  FAILED
14:25:41 INFO  Test outcome reason: Assert that (False == value) with value=True
14:25:41 INFO  
</system-out>
	</testcase>
</testsuite>
