<?xml version="1.0" encoding="utf-8"?>
<testsuite failures="0" name="apt_finalize" skipped="0" tests="1" time="156.75" timestamp="2022-05-02T15:26:08">
	<testcase classname="AptPluginFinalize" name="apt_finalize"/>
</testsuite>
