<?xml version="1.0" encoding="utf-8"?>
<testsuite failures="0" name="apt_prepare" skipped="0" tests="1" time="19.01" timestamp="2022-04-28T15:50:02">
	<testcase classname="AptPluginPrepare" name="apt_prepare"/>
</testsuite>
