<?xml version="1.0" encoding="utf-8"?>
<testsuite failures="0" name="apt_remove" skipped="0" tests="1" time="67.57" timestamp="2022-04-28T15:52:48">
	<testcase classname="AptPluginRemoveDense" name="apt_remove"/>
</testsuite>
