<?xml version="1.0" encoding="utf-8"?>
<testsuite failures="0" name="apt_prepare" skipped="0" tests="1" time="21.26" timestamp="2022-04-19T13:51:56">
	<testcase classname="AptPluginPrepare" name="apt_prepare"/>
</testsuite>
