<?xml version="1.0" encoding="utf-8"?>
<testsuite failures="0" name="apt_fail_noarg" skipped="0" tests="1" time="6.52" timestamp="2022-05-02T15:23:31">
	<testcase classname="AptPluginFailNoArg" name="apt_fail_noarg"/>
</testsuite>
