<?xml version="1.0" encoding="utf-8"?>
<testsuite failures="0" name="apt_list_format" skipped="0" tests="1" time="3.09" timestamp="2022-04-29T09:30:28">
	<testcase classname="AptPluginListFormat" name="apt_list_format"/>
</testsuite>
