<?xml version="1.0" encoding="utf-8"?>
<testsuite failures="1" name="SoftwareManagement.sm_apt_install_remove_multiple" skipped="0" tests="1" time="183.49" timestamp="2022-05-30T09:54:13">
	<testcase classname="PySysTest" name="SoftwareManagement.sm_apt_install_remove_multiple">
		<failure message="FAILED: Assert that (False == value) with value=True" type="FAILED"/>
		<system-out>09:51:09 INFO  ==============================================================
09:51:09 INFO  Id:    SoftwareManagement.sm_apt_install_remove_multiple
09:51:09 INFO  Dir:   software_management_end_to_end/
09:51:09 INFO  Title: Validate end to end behaviour for the apt plugin for multiple packages
09:51:09 INFO  ==============================================================
09:51:09 INFO  Using sw id database: {'asciijump': '5475369', 'robotfindskitten': '5474869', 'squirrel3': '5475279', 'rolldice': '5152439', 'moon-buggy': '5439204', 'apple': '5495053', 'banana': '5494888', 'cherry': '5495382', 'watermelon': '5494510', 'registry': '8018911', 'hello-world': '8021526', 'docker/getting-started': '8021973', 'alpine': '7991792'}
09:51:09 INFO  EnvironmentC8y Setup
09:51:10 INFO  Executed systemctl&lt;serv_mapper1&gt;, exit status 3
09:51:10 INFO  Restarting mosquitto too frequently in the last 10 seconds. It was only up for 4 seconds
09:51:10 INFO  Delaying execution by 7 seconds
09:51:31 INFO  Executed sudo&lt;tedge_connect_c8y&gt;, exit status 0, duration 14 secs
09:51:32 INFO  Executed sudo&lt;tedge_connect_c8y_test&gt;, exit status 0
09:51:32 INFO  Executed systemctl&lt;serv_mosq2&gt;, exit status 0
09:51:33 INFO  Executed systemctl&lt;serv_mapper3&gt;, exit status 0
09:51:35 INFO  State of current operation: SUCCESSFUL
09:51:35 INFO  Assert that (False == value) with value=False ... passed
09:51:36 INFO  Assert that (False == value) with value=False ... passed
09:51:36 INFO  Assert that (False == value) with value=False ... passed
09:51:36 INFO  Package robotfindskitten is installed
09:51:36 WARN  Assert that (False == value) with value=True ... failed 
09:51:36 INFO  Response status: 201
09:51:36 INFO  Response to action: {
    &quot;creationTime&quot;: &quot;2022-05-30T09:51:36.767Z&quot;,
    &quot;deviceId&quot;: &quot;19787676&quot;,
    &quot;deviceName&quot;: &quot;mythicc&quot;,
    &quot;self&quot;: &quot;https://t493319102.eu-latest.cumulocity.com/devicecontrol/operations/19797808&quot;,
    &quot;id&quot;: &quot;19797808&quot;,
    &quot;status&quot;: &quot;PENDING&quot;,
    &quot;description&quot;: &quot;Apply software changes, triggered from PySys: [{'action': 'install', 'id': '5475369', 'name': 'asciijump', 'url': ' ', 'version': '::apt'}, {'action': 'install', 'id': '5474869', 'name': 'robotfindskitten', 'url': ' ', 'version': '::apt'}, {'action': 'install', 'id': '5475279', 'name': 'squirrel3', 'url': ' ', 'version': '::apt'}]&quot;,
    &quot;c8y_SoftwareUpdate&quot;: [
        {
            &quot;name&quot;: &quot;asciijump&quot;,
            &quot;action&quot;: &quot;install&quot;,
            &quot;id&quot;: &quot;5475369&quot;,
            &quot;version&quot;: &quot;::apt&quot;,
            &quot;url&quot;: &quot; &quot;
        },
        {
            &quot;name&quot;: &quot;robotfindskitten&quot;,
            &quot;action&quot;: &quot;install&quot;,
            &quot;id&quot;: &quot;5474869&quot;,
            &quot;version&quot;: &quot;::apt&quot;,
            &quot;url&quot;: &quot; &quot;
        },
        {
            &quot;name&quot;: &quot;squirrel3&quot;,
            &quot;action&quot;: &quot;install&quot;,
            &quot;id&quot;: &quot;5475279&quot;,
            &quot;version&quot;: &quot;::apt&quot;,
            &quot;url&quot;: &quot; &quot;
        }
    ]
}
09:51:36 INFO  Started operation: {'creationTime': '2022-05-30T09:51:36.767Z', 'deviceId': '19787676', 'deviceName': 'mythicc', 'self': 'https://t493319102.eu-latest.cumulocity.com/devicecontrol/operations/19797808', 'id': '19797808', 'status': 'PENDING', 'description': &quot;Apply software changes, triggered from PySys: [{'action': 'install', 'id': '5475369', 'name': 'asciijump', 'url': ' ', 'version': '::apt'}, {'action': 'install', 'id': '5474869', 'name': 'robotfindskitten', 'url': ' ', 'version': '::apt'}, {'action': 'install', 'id': '5475279', 'name': 'squirrel3', 'url': ' ', 'version': '::apt'}]&quot;, 'c8y_SoftwareUpdate': [{'name': 'asciijump', 'action': 'install', 'id': '5475369', 'version': '::apt', 'url': ' '}, {'name': 'robotfindskitten', 'action': 'install', 'id': '5474869', 'version': '::apt', 'url': ' '}, {'name': 'squirrel3', 'action': 'install', 'id': '5475279', 'version': '::apt', 'url': ' '}]}
09:51:39 INFO  State of operation 19797808 : PENDING
09:51:41 INFO  State of operation 19797808 : EXECUTING
09:51:43 INFO  State of operation 19797808 : EXECUTING
09:51:45 INFO  State of operation 19797808 : EXECUTING
09:51:47 INFO  State of operation 19797808 : EXECUTING
09:51:50 INFO  State of operation 19797808 : EXECUTING
09:51:52 INFO  State of operation 19797808 : EXECUTING
09:51:55 INFO  State of operation 19797808 : EXECUTING
09:51:58 INFO  State of operation 19797808 : EXECUTING
09:52:00 INFO  State of operation 19797808 : EXECUTING
09:52:02 INFO  State of operation 19797808 : EXECUTING
09:52:04 INFO  State of operation 19797808 : EXECUTING
09:52:07 INFO  State of operation 19797808 : EXECUTING
09:52:09 INFO  State of operation 19797808 : EXECUTING
09:52:11 INFO  State of operation 19797808 : EXECUTING
09:52:13 INFO  State of operation 19797808 : EXECUTING
09:52:16 INFO  State of operation 19797808 : EXECUTING
09:52:18 INFO  State of operation 19797808 : EXECUTING
09:52:21 INFO  State of operation 19797808 : EXECUTING
09:52:23 INFO  State of operation 19797808 : EXECUTING
09:52:25 INFO  State of operation 19797808 : EXECUTING
09:52:28 INFO  State of operation 19797808 : EXECUTING
09:52:30 INFO  State of operation 19797808 : EXECUTING
09:52:32 INFO  State of operation 19797808 : EXECUTING
09:52:35 INFO  State of operation 19797808 : EXECUTING
09:52:37 INFO  State of operation 19797808 : EXECUTING
09:52:40 INFO  State of operation 19797808 : EXECUTING
09:52:42 INFO  State of operation 19797808 : EXECUTING
09:52:45 INFO  State of operation 19797808 : EXECUTING
09:52:47 INFO  State of operation 19797808 : EXECUTING
09:52:50 INFO  State of operation 19797808 : EXECUTING
09:52:52 INFO  State of operation 19797808 : EXECUTING
09:52:54 INFO  State of operation 19797808 : EXECUTING
09:52:56 INFO  State of operation 19797808 : EXECUTING
09:52:58 INFO  State of operation 19797808 : SUCCESSFUL
09:52:59 INFO  Assert that (False == value) with value=False ... passed
09:52:59 INFO  Package asciijump is installed
09:52:59 INFO  Assert that (True == value) with value=True ... passed
09:52:59 INFO  Package squirrel3 is installed
09:52:59 INFO  Assert that (True == value) with value=True ... passed
09:52:59 INFO  Package robotfindskitten is installed
09:52:59 INFO  Assert that (True == value) with value=True ... passed
09:53:00 INFO  Response status: 201
09:53:00 INFO  Response to action: {
    &quot;creationTime&quot;: &quot;2022-05-30T09:53:00.140Z&quot;,
    &quot;deviceId&quot;: &quot;19787676&quot;,
    &quot;deviceName&quot;: &quot;mythicc&quot;,
    &quot;self&quot;: &quot;https://t493319102.eu-latest.cumulocity.com/devicecontrol/operations/19797821&quot;,
    &quot;id&quot;: &quot;19797821&quot;,
    &quot;status&quot;: &quot;PENDING&quot;,
    &quot;description&quot;: &quot;Apply software changes, triggered from PySys: [{'action': 'delete', 'id': '5475369', 'name': 'asciijump', 'url': ' ', 'version': '::apt'}, {'action': 'delete', 'id': '5474869', 'name': 'robotfindskitten', 'url': ' ', 'version': '::apt'}, {'action': 'delete', 'id': '5475279', 'name': 'squirrel3', 'url': ' ', 'version': '::apt'}]&quot;,
    &quot;c8y_SoftwareUpdate&quot;: [
        {
            &quot;name&quot;: &quot;asciijump&quot;,
            &quot;action&quot;: &quot;delete&quot;,
            &quot;id&quot;: &quot;5475369&quot;,
            &quot;version&quot;: &quot;::apt&quot;,
            &quot;url&quot;: &quot; &quot;
        },
        {
            &quot;name&quot;: &quot;robotfindskitten&quot;,
            &quot;action&quot;: &quot;delete&quot;,
            &quot;id&quot;: &quot;5474869&quot;,
            &quot;version&quot;: &quot;::apt&quot;,
            &quot;url&quot;: &quot; &quot;
        },
        {
            &quot;name&quot;: &quot;squirrel3&quot;,
            &quot;action&quot;: &quot;delete&quot;,
            &quot;id&quot;: &quot;5475279&quot;,
            &quot;version&quot;: &quot;::apt&quot;,
            &quot;url&quot;: &quot; &quot;
        }
    ]
}
09:53:00 INFO  Started operation: {'creationTime': '2022-05-30T09:53:00.140Z', 'deviceId': '19787676', 'deviceName': 'mythicc', 'self': 'https://t493319102.eu-latest.cumulocity.com/devicecontrol/operations/19797821', 'id': '19797821', 'status': 'PENDING', 'description': &quot;Apply software changes, triggered from PySys: [{'action': 'delete', 'id': '5475369', 'name': 'asciijump', 'url': ' ', 'version': '::apt'}, {'action': 'delete', 'id': '5474869', 'name': 'robotfindskitten', 'url': ' ', 'version': '::apt'}, {'action': 'delete', 'id': '5475279', 'name': 'squirrel3', 'url': ' ', 'version': '::apt'}]&quot;, 'c8y_SoftwareUpdate': [{'name': 'asciijump', 'action': 'delete', 'id': '5475369', 'version': '::apt', 'url': ' '}, {'name': 'robotfindskitten', 'action': 'delete', 'id': '5474869', 'version': '::apt', 'url': ' '}, {'name': 'squirrel3', 'action': 'delete', 'id': '5475279', 'version': '::apt', 'url': ' '}]}
09:53:02 INFO  State of operation 19797821 : PENDING
09:53:04 INFO  State of operation 19797821 : EXECUTING
09:53:06 INFO  State of operation 19797821 : EXECUTING
09:53:09 INFO  State of operation 19797821 : EXECUTING
09:53:11 INFO  State of operation 19797821 : EXECUTING
09:53:13 INFO  State of operation 19797821 : EXECUTING
09:53:16 INFO  State of operation 19797821 : EXECUTING
09:53:18 INFO  State of operation 19797821 : EXECUTING
09:53:21 INFO  State of operation 19797821 : EXECUTING
09:53:23 INFO  State of operation 19797821 : EXECUTING
09:53:26 INFO  State of operation 19797821 : EXECUTING
09:53:28 INFO  State of operation 19797821 : EXECUTING
09:53:30 INFO  State of operation 19797821 : EXECUTING
09:53:32 INFO  State of operation 19797821 : EXECUTING
09:53:35 INFO  State of operation 19797821 : EXECUTING
09:53:37 INFO  State of operation 19797821 : EXECUTING
09:53:39 INFO  State of operation 19797821 : EXECUTING
09:53:42 INFO  State of operation 19797821 : EXECUTING
09:53:44 INFO  State of operation 19797821 : EXECUTING
09:53:46 INFO  State of operation 19797821 : EXECUTING
09:53:49 INFO  State of operation 19797821 : EXECUTING
09:53:51 INFO  State of operation 19797821 : EXECUTING
09:53:53 INFO  State of operation 19797821 : EXECUTING
09:53:55 INFO  State of operation 19797821 : EXECUTING
09:53:58 INFO  State of operation 19797821 : EXECUTING
09:54:00 INFO  State of operation 19797821 : EXECUTING
09:54:03 INFO  State of operation 19797821 : EXECUTING
09:54:05 INFO  State of operation 19797821 : EXECUTING
09:54:07 INFO  State of operation 19797821 : SUCCESSFUL
09:54:08 INFO  Assert that (False == value) with value=False ... passed
09:54:08 INFO  Assert that (False == value) with value=False ... passed
09:54:08 INFO  Assert that (False == value) with value=False ... passed
09:54:08 INFO  Assert that (False == value) with value=False ... passed
09:54:08 INFO  
09:54:08 INFO  cleanup:
09:54:12 INFO  Executed sudo&lt;tedge_disconnect_c8y&gt;, exit status 0
09:54:13 INFO  Executed systemctl&lt;serv_mapper5&gt;, exit status 3
09:54:13 INFO  
09:54:13 INFO  Test duration: 183.49 secs
09:54:13 INFO  Test final outcome:  FAILED
09:54:13 INFO  Test outcome reason: Assert that (False == value) with value=True
09:54:13 INFO  
</system-out>
	</testcase>
</testsuite>
