<?xml version="1.0" encoding="utf-8"?>
<testsuite failures="1" name="SoftwareManagement.sm_apt_install_remove_multiple" skipped="0" tests="1" time="184.98" timestamp="2022-05-09T07:46:16">
	<testcase classname="PySysTest" name="SoftwareManagement.sm_apt_install_remove_multiple">
		<failure message="FAILED: Assert that (False == value) with value=True" type="FAILED"/>
		<system-out>07:43:11 INFO  ==============================================================
07:43:11 INFO  Id:    SoftwareManagement.sm_apt_install_remove_multiple
07:43:11 INFO  Dir:   software_management_end_to_end/
07:43:11 INFO  Title: Validate end to end behaviour for the apt plugin for multiple packages
07:43:11 INFO  ==============================================================
07:43:11 INFO  Using sw id database: {'asciijump': '5475369', 'robotfindskitten': '5474869', 'squirrel3': '5475279', 'rolldice': '5152439', 'moon-buggy': '5439204', 'apple': '5495053', 'banana': '5494888', 'cherry': '5495382', 'watermelon': '5494510', 'registry': '8018911', 'hello-world': '8021526', 'docker/getting-started': '8021973', 'alpine': '7991792'}
07:43:11 INFO  EnvironmentC8y Setup
07:43:11 INFO  Executed systemctl&lt;serv_mapper1&gt;, exit status 3
07:43:11 INFO  Restarting mosquitto too frequently in the last 10 seconds. It was only up for 5 seconds
07:43:11 INFO  Delaying execution by 6 seconds
07:43:32 INFO  Executed sudo&lt;tedge_connect_c8y&gt;, exit status 0, duration 14 secs
07:43:32 INFO  Executed sudo&lt;tedge_connect_c8y_test&gt;, exit status 0
07:43:33 INFO  Executed systemctl&lt;serv_mosq2&gt;, exit status 0
07:43:33 INFO  Executed systemctl&lt;serv_mapper3&gt;, exit status 0
07:43:35 INFO  State of current operation: SUCCESSFUL
07:43:36 INFO  Assert that (False == value) with value=False ... passed
07:43:36 INFO  Assert that (False == value) with value=False ... passed
07:43:36 INFO  Assert that (False == value) with value=False ... passed
07:43:36 INFO  Package robotfindskitten is installed
07:43:37 WARN  Assert that (False == value) with value=True ... failed 
07:43:37 INFO  Response status: 201
07:43:37 INFO  Response to action: {
    &quot;creationTime&quot;: &quot;2022-05-09T07:43:37.222Z&quot;,
    &quot;deviceName&quot;: &quot;mythicc&quot;,
    &quot;deviceId&quot;: &quot;18507404&quot;,
    &quot;self&quot;: &quot;https://t493319102.eu-latest.cumulocity.com/devicecontrol/operations/18523397&quot;,
    &quot;id&quot;: &quot;18523397&quot;,
    &quot;status&quot;: &quot;PENDING&quot;,
    &quot;description&quot;: &quot;Apply software changes, triggered from PySys: [{'action': 'install', 'id': '5475369', 'name': 'asciijump', 'url': ' ', 'version': '::apt'}, {'action': 'install', 'id': '5474869', 'name': 'robotfindskitten', 'url': ' ', 'version': '::apt'}, {'action': 'install', 'id': '5475279', 'name': 'squirrel3', 'url': ' ', 'version': '::apt'}]&quot;,
    &quot;c8y_SoftwareUpdate&quot;: [
        {
            &quot;name&quot;: &quot;asciijump&quot;,
            &quot;action&quot;: &quot;install&quot;,
            &quot;id&quot;: &quot;5475369&quot;,
            &quot;version&quot;: &quot;::apt&quot;,
            &quot;url&quot;: &quot; &quot;
        },
        {
            &quot;name&quot;: &quot;robotfindskitten&quot;,
            &quot;action&quot;: &quot;install&quot;,
            &quot;id&quot;: &quot;5474869&quot;,
            &quot;version&quot;: &quot;::apt&quot;,
            &quot;url&quot;: &quot; &quot;
        },
        {
            &quot;name&quot;: &quot;squirrel3&quot;,
            &quot;action&quot;: &quot;install&quot;,
            &quot;id&quot;: &quot;5475279&quot;,
            &quot;version&quot;: &quot;::apt&quot;,
            &quot;url&quot;: &quot; &quot;
        }
    ]
}
07:43:37 INFO  Started operation: {'creationTime': '2022-05-09T07:43:37.222Z', 'deviceName': 'mythicc', 'deviceId': '18507404', 'self': 'https://t493319102.eu-latest.cumulocity.com/devicecontrol/operations/18523397', 'id': '18523397', 'status': 'PENDING', 'description': &quot;Apply software changes, triggered from PySys: [{'action': 'install', 'id': '5475369', 'name': 'asciijump', 'url': ' ', 'version': '::apt'}, {'action': 'install', 'id': '5474869', 'name': 'robotfindskitten', 'url': ' ', 'version': '::apt'}, {'action': 'install', 'id': '5475279', 'name': 'squirrel3', 'url': ' ', 'version': '::apt'}]&quot;, 'c8y_SoftwareUpdate': [{'name': 'asciijump', 'action': 'install', 'id': '5475369', 'version': '::apt', 'url': ' '}, {'name': 'robotfindskitten', 'action': 'install', 'id': '5474869', 'version': '::apt', 'url': ' '}, {'name': 'squirrel3', 'action': 'install', 'id': '5475279', 'version': '::apt', 'url': ' '}]}
07:43:39 INFO  State of operation 18523397 : PENDING
07:43:41 INFO  State of operation 18523397 : EXECUTING
07:43:43 INFO  State of operation 18523397 : EXECUTING
07:43:46 INFO  State of operation 18523397 : EXECUTING
07:43:48 INFO  State of operation 18523397 : EXECUTING
07:43:50 INFO  State of operation 18523397 : EXECUTING
07:43:53 INFO  State of operation 18523397 : EXECUTING
07:43:56 INFO  State of operation 18523397 : EXECUTING
07:43:58 INFO  State of operation 18523397 : EXECUTING
07:44:01 INFO  State of operation 18523397 : EXECUTING
07:44:03 INFO  State of operation 18523397 : EXECUTING
07:44:05 INFO  State of operation 18523397 : EXECUTING
07:44:07 INFO  State of operation 18523397 : EXECUTING
07:44:10 INFO  State of operation 18523397 : EXECUTING
07:44:12 INFO  State of operation 18523397 : EXECUTING
07:44:14 INFO  State of operation 18523397 : EXECUTING
07:44:17 INFO  State of operation 18523397 : EXECUTING
07:44:19 INFO  State of operation 18523397 : EXECUTING
07:44:22 INFO  State of operation 18523397 : EXECUTING
07:44:24 INFO  State of operation 18523397 : EXECUTING
07:44:26 INFO  State of operation 18523397 : EXECUTING
07:44:28 INFO  State of operation 18523397 : EXECUTING
07:44:31 INFO  State of operation 18523397 : EXECUTING
07:44:33 INFO  State of operation 18523397 : EXECUTING
07:44:35 INFO  State of operation 18523397 : EXECUTING
07:44:38 INFO  State of operation 18523397 : EXECUTING
07:44:40 INFO  State of operation 18523397 : EXECUTING
07:44:42 INFO  State of operation 18523397 : EXECUTING
07:44:44 INFO  State of operation 18523397 : EXECUTING
07:44:47 INFO  State of operation 18523397 : EXECUTING
07:44:49 INFO  State of operation 18523397 : EXECUTING
07:44:51 INFO  State of operation 18523397 : EXECUTING
07:44:54 INFO  State of operation 18523397 : EXECUTING
07:44:56 INFO  State of operation 18523397 : EXECUTING
07:44:58 INFO  State of operation 18523397 : EXECUTING
07:45:00 INFO  State of operation 18523397 : SUCCESSFUL
07:45:01 INFO  Assert that (False == value) with value=False ... passed
07:45:01 INFO  Package asciijump is installed
07:45:01 INFO  Assert that (True == value) with value=True ... passed
07:45:01 INFO  Package squirrel3 is installed
07:45:01 INFO  Assert that (True == value) with value=True ... passed
07:45:01 INFO  Package robotfindskitten is installed
07:45:01 INFO  Assert that (True == value) with value=True ... passed
07:45:02 INFO  Response status: 201
07:45:02 INFO  Response to action: {
    &quot;creationTime&quot;: &quot;2022-05-09T07:45:02.029Z&quot;,
    &quot;deviceName&quot;: &quot;mythicc&quot;,
    &quot;deviceId&quot;: &quot;18507404&quot;,
    &quot;self&quot;: &quot;https://t493319102.eu-latest.cumulocity.com/devicecontrol/operations/18523407&quot;,
    &quot;id&quot;: &quot;18523407&quot;,
    &quot;status&quot;: &quot;PENDING&quot;,
    &quot;description&quot;: &quot;Apply software changes, triggered from PySys: [{'action': 'delete', 'id': '5475369', 'name': 'asciijump', 'url': ' ', 'version': '::apt'}, {'action': 'delete', 'id': '5474869', 'name': 'robotfindskitten', 'url': ' ', 'version': '::apt'}, {'action': 'delete', 'id': '5475279', 'name': 'squirrel3', 'url': ' ', 'version': '::apt'}]&quot;,
    &quot;c8y_SoftwareUpdate&quot;: [
        {
            &quot;name&quot;: &quot;asciijump&quot;,
            &quot;action&quot;: &quot;delete&quot;,
            &quot;id&quot;: &quot;5475369&quot;,
            &quot;version&quot;: &quot;::apt&quot;,
            &quot;url&quot;: &quot; &quot;
        },
        {
            &quot;name&quot;: &quot;robotfindskitten&quot;,
            &quot;action&quot;: &quot;delete&quot;,
            &quot;id&quot;: &quot;5474869&quot;,
            &quot;version&quot;: &quot;::apt&quot;,
            &quot;url&quot;: &quot; &quot;
        },
        {
            &quot;name&quot;: &quot;squirrel3&quot;,
            &quot;action&quot;: &quot;delete&quot;,
            &quot;id&quot;: &quot;5475279&quot;,
            &quot;version&quot;: &quot;::apt&quot;,
            &quot;url&quot;: &quot; &quot;
        }
    ]
}
07:45:02 INFO  Started operation: {'creationTime': '2022-05-09T07:45:02.029Z', 'deviceName': 'mythicc', 'deviceId': '18507404', 'self': 'https://t493319102.eu-latest.cumulocity.com/devicecontrol/operations/18523407', 'id': '18523407', 'status': 'PENDING', 'description': &quot;Apply software changes, triggered from PySys: [{'action': 'delete', 'id': '5475369', 'name': 'asciijump', 'url': ' ', 'version': '::apt'}, {'action': 'delete', 'id': '5474869', 'name': 'robotfindskitten', 'url': ' ', 'version': '::apt'}, {'action': 'delete', 'id': '5475279', 'name': 'squirrel3', 'url': ' ', 'version': '::apt'}]&quot;, 'c8y_SoftwareUpdate': [{'name': 'asciijump', 'action': 'delete', 'id': '5475369', 'version': '::apt', 'url': ' '}, {'name': 'robotfindskitten', 'action': 'delete', 'id': '5474869', 'version': '::apt', 'url': ' '}, {'name': 'squirrel3', 'action': 'delete', 'id': '5475279', 'version': '::apt', 'url': ' '}]}
07:45:04 INFO  State of operation 18523407 : PENDING
07:45:06 INFO  State of operation 18523407 : EXECUTING
07:45:08 INFO  State of operation 18523407 : EXECUTING
07:45:10 INFO  State of operation 18523407 : EXECUTING
07:45:13 INFO  State of operation 18523407 : EXECUTING
07:45:15 INFO  State of operation 18523407 : EXECUTING
07:45:18 INFO  State of operation 18523407 : EXECUTING
07:45:21 INFO  State of operation 18523407 : EXECUTING
07:45:23 INFO  State of operation 18523407 : EXECUTING
07:45:25 INFO  State of operation 18523407 : EXECUTING
07:45:28 INFO  State of operation 18523407 : EXECUTING
07:45:30 INFO  State of operation 18523407 : EXECUTING
07:45:32 INFO  State of operation 18523407 : EXECUTING
07:45:34 INFO  State of operation 18523407 : EXECUTING
07:45:37 INFO  State of operation 18523407 : EXECUTING
07:45:39 INFO  State of operation 18523407 : EXECUTING
07:45:41 INFO  State of operation 18523407 : EXECUTING
07:45:44 INFO  State of operation 18523407 : EXECUTING
07:45:46 INFO  State of operation 18523407 : EXECUTING
07:45:48 INFO  State of operation 18523407 : EXECUTING
07:45:51 INFO  State of operation 18523407 : EXECUTING
07:45:53 INFO  State of operation 18523407 : EXECUTING
07:45:55 INFO  State of operation 18523407 : EXECUTING
07:45:57 INFO  State of operation 18523407 : EXECUTING
07:46:00 INFO  State of operation 18523407 : EXECUTING
07:46:03 INFO  State of operation 18523407 : EXECUTING
07:46:05 INFO  State of operation 18523407 : EXECUTING
07:46:07 INFO  State of operation 18523407 : EXECUTING
07:46:10 INFO  State of operation 18523407 : SUCCESSFUL
07:46:10 INFO  Assert that (False == value) with value=False ... passed
07:46:10 INFO  Assert that (False == value) with value=False ... passed
07:46:10 INFO  Assert that (False == value) with value=False ... passed
07:46:10 INFO  Assert that (False == value) with value=False ... passed
07:46:10 INFO  
07:46:10 INFO  cleanup:
07:46:15 INFO  Executed sudo&lt;tedge_disconnect_c8y&gt;, exit status 0
07:46:16 INFO  Executed systemctl&lt;serv_mapper5&gt;, exit status 3
07:46:16 INFO  
07:46:16 INFO  Test duration: 184.98 secs
07:46:16 INFO  Test final outcome:  FAILED
07:46:16 INFO  Test outcome reason: Assert that (False == value) with value=True
07:46:16 INFO  
</system-out>
	</testcase>
</testsuite>
