<?xml version="1.0" encoding="utf-8"?>
<testsuite failures="0" name="apt_prepare" skipped="0" tests="1" time="18.81" timestamp="2022-04-29T09:30:46">
	<testcase classname="AptPluginPrepare" name="apt_prepare"/>
</testsuite>
