<?xml version="1.0" encoding="utf-8"?>
<testsuite failures="0" name="apt_finalize" skipped="0" tests="1" time="153.85" timestamp="2022-05-04T08:18:10">
	<testcase classname="AptPluginFinalize" name="apt_finalize"/>
</testsuite>
