<?xml version="1.0" encoding="utf-8"?>
<testsuite failures="1" name="SoftwareManagement.sm_apt_install_remove_multiple" skipped="0" tests="1" time="182.0" timestamp="2022-05-02T15:53:15">
	<testcase classname="PySysTest" name="SoftwareManagement.sm_apt_install_remove_multiple">
		<failure message="FAILED: Assert that (False == value) with value=True" type="FAILED"/>
		<system-out>15:50:13 INFO  ==============================================================
15:50:13 INFO  Id:    SoftwareManagement.sm_apt_install_remove_multiple
15:50:13 INFO  Dir:   software_management_end_to_end/
15:50:13 INFO  Title: Validate end to end behaviour for the apt plugin for multiple packages
15:50:13 INFO  ==============================================================
15:50:13 INFO  Using sw id database: {'asciijump': '5475369', 'robotfindskitten': '5474869', 'squirrel3': '5475279', 'rolldice': '5152439', 'moon-buggy': '5439204', 'apple': '5495053', 'banana': '5494888', 'cherry': '5495382', 'watermelon': '5494510', 'registry': '8018911', 'hello-world': '8021526', 'docker/getting-started': '8021973', 'alpine': '7991792'}
15:50:13 INFO  EnvironmentC8y Setup
15:50:14 INFO  Executed systemctl&lt;serv_mapper1&gt;, exit status 3
15:50:14 INFO  Restarting mosquitto too frequently in the last 10 seconds. It was only up for 5 seconds
15:50:14 INFO  Delaying execution by 6 seconds
15:50:34 INFO  Executed sudo&lt;tedge_connect_c8y&gt;, exit status 0, duration 14 secs
15:50:34 INFO  Executed sudo&lt;tedge_connect_c8y_test&gt;, exit status 0
15:50:35 INFO  Executed systemctl&lt;serv_mosq2&gt;, exit status 0
15:50:35 INFO  Executed systemctl&lt;serv_mapper3&gt;, exit status 0
15:50:38 INFO  State of current operation: SUCCESSFUL
15:50:38 INFO  Assert that (False == value) with value=False ... passed
15:50:38 INFO  Assert that (False == value) with value=False ... passed
15:50:38 INFO  Assert that (False == value) with value=False ... passed
15:50:39 INFO  Package robotfindskitten is installed
15:50:39 WARN  Assert that (False == value) with value=True ... failed 
15:50:39 INFO  Response status: 201
15:50:39 INFO  Response to action: {
    &quot;creationTime&quot;: &quot;2022-05-02T15:50:39.443Z&quot;,
    &quot;deviceName&quot;: &quot;mythicc&quot;,
    &quot;deviceId&quot;: &quot;18176681&quot;,
    &quot;self&quot;: &quot;https://t493319102.eu-latest.cumulocity.com/devicecontrol/operations/18211715&quot;,
    &quot;id&quot;: &quot;18211715&quot;,
    &quot;status&quot;: &quot;PENDING&quot;,
    &quot;description&quot;: &quot;Apply software changes, triggered from PySys: [{'action': 'install', 'id': '5475369', 'name': 'asciijump', 'url': ' ', 'version': '::apt'}, {'action': 'install', 'id': '5474869', 'name': 'robotfindskitten', 'url': ' ', 'version': '::apt'}, {'action': 'install', 'id': '5475279', 'name': 'squirrel3', 'url': ' ', 'version': '::apt'}]&quot;,
    &quot;c8y_SoftwareUpdate&quot;: [
        {
            &quot;name&quot;: &quot;asciijump&quot;,
            &quot;action&quot;: &quot;install&quot;,
            &quot;id&quot;: &quot;5475369&quot;,
            &quot;version&quot;: &quot;::apt&quot;,
            &quot;url&quot;: &quot; &quot;
        },
        {
            &quot;name&quot;: &quot;robotfindskitten&quot;,
            &quot;action&quot;: &quot;install&quot;,
            &quot;id&quot;: &quot;5474869&quot;,
            &quot;version&quot;: &quot;::apt&quot;,
            &quot;url&quot;: &quot; &quot;
        },
        {
            &quot;name&quot;: &quot;squirrel3&quot;,
            &quot;action&quot;: &quot;install&quot;,
            &quot;id&quot;: &quot;5475279&quot;,
            &quot;version&quot;: &quot;::apt&quot;,
            &quot;url&quot;: &quot; &quot;
        }
    ]
}
15:50:39 INFO  Started operation: {'creationTime': '2022-05-02T15:50:39.443Z', 'deviceName': 'mythicc', 'deviceId': '18176681', 'self': 'https://t493319102.eu-latest.cumulocity.com/devicecontrol/operations/18211715', 'id': '18211715', 'status': 'PENDING', 'description': &quot;Apply software changes, triggered from PySys: [{'action': 'install', 'id': '5475369', 'name': 'asciijump', 'url': ' ', 'version': '::apt'}, {'action': 'install', 'id': '5474869', 'name': 'robotfindskitten', 'url': ' ', 'version': '::apt'}, {'action': 'install', 'id': '5475279', 'name': 'squirrel3', 'url': ' ', 'version': '::apt'}]&quot;, 'c8y_SoftwareUpdate': [{'name': 'asciijump', 'action': 'install', 'id': '5475369', 'version': '::apt', 'url': ' '}, {'name': 'robotfindskitten', 'action': 'install', 'id': '5474869', 'version': '::apt', 'url': ' '}, {'name': 'squirrel3', 'action': 'install', 'id': '5475279', 'version': '::apt', 'url': ' '}]}
15:50:41 INFO  State of operation 18211715 : PENDING
15:50:43 INFO  State of operation 18211715 : EXECUTING
15:50:46 INFO  State of operation 18211715 : EXECUTING
15:50:48 INFO  State of operation 18211715 : EXECUTING
15:50:50 INFO  State of operation 18211715 : EXECUTING
15:50:52 INFO  State of operation 18211715 : EXECUTING
15:50:55 INFO  State of operation 18211715 : EXECUTING
15:50:58 INFO  State of operation 18211715 : EXECUTING
15:51:00 INFO  State of operation 18211715 : EXECUTING
15:51:03 INFO  State of operation 18211715 : EXECUTING
15:51:05 INFO  State of operation 18211715 : EXECUTING
15:51:07 INFO  State of operation 18211715 : EXECUTING
15:51:09 INFO  State of operation 18211715 : EXECUTING
15:51:11 INFO  State of operation 18211715 : EXECUTING
15:51:14 INFO  State of operation 18211715 : EXECUTING
15:51:16 INFO  State of operation 18211715 : EXECUTING
15:51:18 INFO  State of operation 18211715 : EXECUTING
15:51:21 INFO  State of operation 18211715 : EXECUTING
15:51:23 INFO  State of operation 18211715 : EXECUTING
15:51:26 INFO  State of operation 18211715 : EXECUTING
15:51:28 INFO  State of operation 18211715 : EXECUTING
15:51:30 INFO  State of operation 18211715 : EXECUTING
15:51:33 INFO  State of operation 18211715 : EXECUTING
15:51:35 INFO  State of operation 18211715 : EXECUTING
15:51:37 INFO  State of operation 18211715 : EXECUTING
15:51:40 INFO  State of operation 18211715 : EXECUTING
15:51:42 INFO  State of operation 18211715 : EXECUTING
15:51:45 INFO  State of operation 18211715 : EXECUTING
15:51:47 INFO  State of operation 18211715 : EXECUTING
15:51:49 INFO  State of operation 18211715 : EXECUTING
15:51:52 INFO  State of operation 18211715 : EXECUTING
15:51:54 INFO  State of operation 18211715 : EXECUTING
15:51:56 INFO  State of operation 18211715 : EXECUTING
15:51:58 INFO  State of operation 18211715 : EXECUTING
15:52:01 INFO  State of operation 18211715 : SUCCESSFUL
15:52:01 INFO  Assert that (False == value) with value=False ... passed
15:52:01 INFO  Package asciijump is installed
15:52:01 INFO  Assert that (True == value) with value=True ... passed
15:52:01 INFO  Package squirrel3 is installed
15:52:01 INFO  Assert that (True == value) with value=True ... passed
15:52:02 INFO  Package robotfindskitten is installed
15:52:02 INFO  Assert that (True == value) with value=True ... passed
15:52:02 INFO  Response status: 201
15:52:02 INFO  Response to action: {
    &quot;creationTime&quot;: &quot;2022-05-02T15:52:02.223Z&quot;,
    &quot;deviceName&quot;: &quot;mythicc&quot;,
    &quot;deviceId&quot;: &quot;18176681&quot;,
    &quot;self&quot;: &quot;https://t493319102.eu-latest.cumulocity.com/devicecontrol/operations/18211927&quot;,
    &quot;id&quot;: &quot;18211927&quot;,
    &quot;status&quot;: &quot;PENDING&quot;,
    &quot;description&quot;: &quot;Apply software changes, triggered from PySys: [{'action': 'delete', 'id': '5475369', 'name': 'asciijump', 'url': ' ', 'version': '::apt'}, {'action': 'delete', 'id': '5474869', 'name': 'robotfindskitten', 'url': ' ', 'version': '::apt'}, {'action': 'delete', 'id': '5475279', 'name': 'squirrel3', 'url': ' ', 'version': '::apt'}]&quot;,
    &quot;c8y_SoftwareUpdate&quot;: [
        {
            &quot;name&quot;: &quot;asciijump&quot;,
            &quot;action&quot;: &quot;delete&quot;,
            &quot;id&quot;: &quot;5475369&quot;,
            &quot;version&quot;: &quot;::apt&quot;,
            &quot;url&quot;: &quot; &quot;
        },
        {
            &quot;name&quot;: &quot;robotfindskitten&quot;,
            &quot;action&quot;: &quot;delete&quot;,
            &quot;id&quot;: &quot;5474869&quot;,
            &quot;version&quot;: &quot;::apt&quot;,
            &quot;url&quot;: &quot; &quot;
        },
        {
            &quot;name&quot;: &quot;squirrel3&quot;,
            &quot;action&quot;: &quot;delete&quot;,
            &quot;id&quot;: &quot;5475279&quot;,
            &quot;version&quot;: &quot;::apt&quot;,
            &quot;url&quot;: &quot; &quot;
        }
    ]
}
15:52:02 INFO  Started operation: {'creationTime': '2022-05-02T15:52:02.223Z', 'deviceName': 'mythicc', 'deviceId': '18176681', 'self': 'https://t493319102.eu-latest.cumulocity.com/devicecontrol/operations/18211927', 'id': '18211927', 'status': 'PENDING', 'description': &quot;Apply software changes, triggered from PySys: [{'action': 'delete', 'id': '5475369', 'name': 'asciijump', 'url': ' ', 'version': '::apt'}, {'action': 'delete', 'id': '5474869', 'name': 'robotfindskitten', 'url': ' ', 'version': '::apt'}, {'action': 'delete', 'id': '5475279', 'name': 'squirrel3', 'url': ' ', 'version': '::apt'}]&quot;, 'c8y_SoftwareUpdate': [{'name': 'asciijump', 'action': 'delete', 'id': '5475369', 'version': '::apt', 'url': ' '}, {'name': 'robotfindskitten', 'action': 'delete', 'id': '5474869', 'version': '::apt', 'url': ' '}, {'name': 'squirrel3', 'action': 'delete', 'id': '5475279', 'version': '::apt', 'url': ' '}]}
15:52:04 INFO  State of operation 18211927 : PENDING
15:52:06 INFO  State of operation 18211927 : EXECUTING
15:52:08 INFO  State of operation 18211927 : EXECUTING
15:52:11 INFO  State of operation 18211927 : EXECUTING
15:52:13 INFO  State of operation 18211927 : EXECUTING
15:52:15 INFO  State of operation 18211927 : EXECUTING
15:52:18 INFO  State of operation 18211927 : EXECUTING
15:52:21 INFO  State of operation 18211927 : EXECUTING
15:52:23 INFO  State of operation 18211927 : EXECUTING
15:52:25 INFO  State of operation 18211927 : EXECUTING
15:52:28 INFO  State of operation 18211927 : EXECUTING
15:52:30 INFO  State of operation 18211927 : EXECUTING
15:52:32 INFO  State of operation 18211927 : EXECUTING
15:52:34 INFO  State of operation 18211927 : EXECUTING
15:52:37 INFO  State of operation 18211927 : EXECUTING
15:52:39 INFO  State of operation 18211927 : EXECUTING
15:52:41 INFO  State of operation 18211927 : EXECUTING
15:52:44 INFO  State of operation 18211927 : EXECUTING
15:52:46 INFO  State of operation 18211927 : EXECUTING
15:52:48 INFO  State of operation 18211927 : EXECUTING
15:52:51 INFO  State of operation 18211927 : EXECUTING
15:52:53 INFO  State of operation 18211927 : EXECUTING
15:52:55 INFO  State of operation 18211927 : EXECUTING
15:52:57 INFO  State of operation 18211927 : EXECUTING
15:53:00 INFO  State of operation 18211927 : EXECUTING
15:53:02 INFO  State of operation 18211927 : EXECUTING
15:53:05 INFO  State of operation 18211927 : EXECUTING
15:53:07 INFO  State of operation 18211927 : EXECUTING
15:53:09 INFO  State of operation 18211927 : SUCCESSFUL
15:53:10 INFO  Assert that (False == value) with value=False ... passed
15:53:10 INFO  Assert that (False == value) with value=False ... passed
15:53:10 INFO  Assert that (False == value) with value=False ... passed
15:53:11 INFO  Assert that (False == value) with value=False ... passed
15:53:11 INFO  
15:53:11 INFO  cleanup:
15:53:15 INFO  Executed sudo&lt;tedge_disconnect_c8y&gt;, exit status 0
15:53:15 INFO  Executed systemctl&lt;serv_mapper5&gt;, exit status 3
15:53:15 INFO  
15:53:15 INFO  Test duration: 182.00 secs
15:53:15 INFO  Test final outcome:  FAILED
15:53:15 INFO  Test outcome reason: Assert that (False == value) with value=True
15:53:15 INFO  
</system-out>
	</testcase>
</testsuite>
