<?xml version="1.0" encoding="utf-8"?>
<testsuite failures="1" name="SoftwareManagement.sm_apt_install_remove_multiple" skipped="0" tests="1" time="183.7" timestamp="2022-04-29T09:53:01">
	<testcase classname="PySysTest" name="SoftwareManagement.sm_apt_install_remove_multiple">
		<failure message="FAILED: Assert that (False == value) with value=True" type="FAILED"/>
		<system-out>09:49:58 INFO  ==============================================================
09:49:58 INFO  Id:    SoftwareManagement.sm_apt_install_remove_multiple
09:49:58 INFO  Dir:   software_management_end_to_end/
09:49:58 INFO  Title: Validate end to end behaviour for the apt plugin for multiple packages
09:49:58 INFO  ==============================================================
09:49:58 INFO  Using sw id database: {'asciijump': '5475369', 'robotfindskitten': '5474869', 'squirrel3': '5475279', 'rolldice': '5152439', 'moon-buggy': '5439204', 'apple': '5495053', 'banana': '5494888', 'cherry': '5495382', 'watermelon': '5494510', 'registry': '8018911', 'hello-world': '8021526', 'docker/getting-started': '8021973', 'alpine': '7991792'}
09:49:58 INFO  EnvironmentC8y Setup
09:49:58 INFO  Executed systemctl&lt;serv_mapper1&gt;, exit status 3
09:49:58 INFO  Restarting mosquitto too frequently in the last 10 seconds. It was only up for 5 seconds
09:49:58 INFO  Delaying execution by 6 seconds
09:50:19 INFO  Executed sudo&lt;tedge_connect_c8y&gt;, exit status 0, duration 14 secs
09:50:19 INFO  Executed sudo&lt;tedge_connect_c8y_test&gt;, exit status 0
09:50:20 INFO  Executed systemctl&lt;serv_mosq2&gt;, exit status 0
09:50:20 INFO  Executed systemctl&lt;serv_mapper3&gt;, exit status 0
09:50:23 INFO  State of current operation: SUCCESSFUL
09:50:23 INFO  Assert that (False == value) with value=False ... passed
09:50:23 INFO  Assert that (False == value) with value=False ... passed
09:50:24 INFO  Assert that (False == value) with value=False ... passed
09:50:24 INFO  Package robotfindskitten is installed
09:50:24 WARN  Assert that (False == value) with value=True ... failed 
09:50:24 INFO  Response status: 201
09:50:24 INFO  Response to action: {
    &quot;creationTime&quot;: &quot;2022-04-29T09:50:24.487Z&quot;,
    &quot;deviceName&quot;: &quot;mythicc&quot;,
    &quot;deviceId&quot;: &quot;17920056&quot;,
    &quot;self&quot;: &quot;https://t493319102.eu-latest.cumulocity.com/devicecontrol/operations/17962821&quot;,
    &quot;id&quot;: &quot;17962821&quot;,
    &quot;status&quot;: &quot;PENDING&quot;,
    &quot;description&quot;: &quot;Apply software changes, triggered from PySys: [{'action': 'install', 'id': '5475369', 'name': 'asciijump', 'url': ' ', 'version': '::apt'}, {'action': 'install', 'id': '5474869', 'name': 'robotfindskitten', 'url': ' ', 'version': '::apt'}, {'action': 'install', 'id': '5475279', 'name': 'squirrel3', 'url': ' ', 'version': '::apt'}]&quot;,
    &quot;c8y_SoftwareUpdate&quot;: [
        {
            &quot;name&quot;: &quot;asciijump&quot;,
            &quot;action&quot;: &quot;install&quot;,
            &quot;id&quot;: &quot;5475369&quot;,
            &quot;version&quot;: &quot;::apt&quot;,
            &quot;url&quot;: &quot; &quot;
        },
        {
            &quot;name&quot;: &quot;robotfindskitten&quot;,
            &quot;action&quot;: &quot;install&quot;,
            &quot;id&quot;: &quot;5474869&quot;,
            &quot;version&quot;: &quot;::apt&quot;,
            &quot;url&quot;: &quot; &quot;
        },
        {
            &quot;name&quot;: &quot;squirrel3&quot;,
            &quot;action&quot;: &quot;install&quot;,
            &quot;id&quot;: &quot;5475279&quot;,
            &quot;version&quot;: &quot;::apt&quot;,
            &quot;url&quot;: &quot; &quot;
        }
    ]
}
09:50:24 INFO  Started operation: {'creationTime': '2022-04-29T09:50:24.487Z', 'deviceName': 'mythicc', 'deviceId': '17920056', 'self': 'https://t493319102.eu-latest.cumulocity.com/devicecontrol/operations/17962821', 'id': '17962821', 'status': 'PENDING', 'description': &quot;Apply software changes, triggered from PySys: [{'action': 'install', 'id': '5475369', 'name': 'asciijump', 'url': ' ', 'version': '::apt'}, {'action': 'install', 'id': '5474869', 'name': 'robotfindskitten', 'url': ' ', 'version': '::apt'}, {'action': 'install', 'id': '5475279', 'name': 'squirrel3', 'url': ' ', 'version': '::apt'}]&quot;, 'c8y_SoftwareUpdate': [{'name': 'asciijump', 'action': 'install', 'id': '5475369', 'version': '::apt', 'url': ' '}, {'name': 'robotfindskitten', 'action': 'install', 'id': '5474869', 'version': '::apt', 'url': ' '}, {'name': 'squirrel3', 'action': 'install', 'id': '5475279', 'version': '::apt', 'url': ' '}]}
09:50:26 INFO  State of operation 17962821 : PENDING
09:50:28 INFO  State of operation 17962821 : EXECUTING
09:50:31 INFO  State of operation 17962821 : EXECUTING
09:50:33 INFO  State of operation 17962821 : EXECUTING
09:50:35 INFO  State of operation 17962821 : EXECUTING
09:50:37 INFO  State of operation 17962821 : EXECUTING
09:50:40 INFO  State of operation 17962821 : EXECUTING
09:50:43 INFO  State of operation 17962821 : EXECUTING
09:50:45 INFO  State of operation 17962821 : EXECUTING
09:50:48 INFO  State of operation 17962821 : EXECUTING
09:50:50 INFO  State of operation 17962821 : EXECUTING
09:50:52 INFO  State of operation 17962821 : EXECUTING
09:50:54 INFO  State of operation 17962821 : EXECUTING
09:50:57 INFO  State of operation 17962821 : EXECUTING
09:50:59 INFO  State of operation 17962821 : EXECUTING
09:51:01 INFO  State of operation 17962821 : EXECUTING
09:51:04 INFO  State of operation 17962821 : EXECUTING
09:51:06 INFO  State of operation 17962821 : EXECUTING
09:51:09 INFO  State of operation 17962821 : EXECUTING
09:51:11 INFO  State of operation 17962821 : EXECUTING
09:51:13 INFO  State of operation 17962821 : EXECUTING
09:51:15 INFO  State of operation 17962821 : EXECUTING
09:51:18 INFO  State of operation 17962821 : EXECUTING
09:51:20 INFO  State of operation 17962821 : EXECUTING
09:51:23 INFO  State of operation 17962821 : EXECUTING
09:51:25 INFO  State of operation 17962821 : EXECUTING
09:51:27 INFO  State of operation 17962821 : EXECUTING
09:51:29 INFO  State of operation 17962821 : EXECUTING
09:51:32 INFO  State of operation 17962821 : EXECUTING
09:51:34 INFO  State of operation 17962821 : EXECUTING
09:51:36 INFO  State of operation 17962821 : EXECUTING
09:51:38 INFO  State of operation 17962821 : EXECUTING
09:51:41 INFO  State of operation 17962821 : EXECUTING
09:51:43 INFO  State of operation 17962821 : EXECUTING
09:51:45 INFO  State of operation 17962821 : EXECUTING
09:51:47 INFO  State of operation 17962821 : SUCCESSFUL
09:51:48 INFO  Assert that (False == value) with value=False ... passed
09:51:48 INFO  Package asciijump is installed
09:51:48 INFO  Assert that (True == value) with value=True ... passed
09:51:48 INFO  Package squirrel3 is installed
09:51:48 INFO  Assert that (True == value) with value=True ... passed
09:51:48 INFO  Package robotfindskitten is installed
09:51:48 INFO  Assert that (True == value) with value=True ... passed
09:51:48 INFO  Response status: 201
09:51:48 INFO  Response to action: {
    &quot;creationTime&quot;: &quot;2022-04-29T09:51:48.878Z&quot;,
    &quot;deviceName&quot;: &quot;mythicc&quot;,
    &quot;deviceId&quot;: &quot;17920056&quot;,
    &quot;self&quot;: &quot;https://t493319102.eu-latest.cumulocity.com/devicecontrol/operations/17962832&quot;,
    &quot;id&quot;: &quot;17962832&quot;,
    &quot;status&quot;: &quot;PENDING&quot;,
    &quot;description&quot;: &quot;Apply software changes, triggered from PySys: [{'action': 'delete', 'id': '5475369', 'name': 'asciijump', 'url': ' ', 'version': '::apt'}, {'action': 'delete', 'id': '5474869', 'name': 'robotfindskitten', 'url': ' ', 'version': '::apt'}, {'action': 'delete', 'id': '5475279', 'name': 'squirrel3', 'url': ' ', 'version': '::apt'}]&quot;,
    &quot;c8y_SoftwareUpdate&quot;: [
        {
            &quot;name&quot;: &quot;asciijump&quot;,
            &quot;action&quot;: &quot;delete&quot;,
            &quot;id&quot;: &quot;5475369&quot;,
            &quot;version&quot;: &quot;::apt&quot;,
            &quot;url&quot;: &quot; &quot;
        },
        {
            &quot;name&quot;: &quot;robotfindskitten&quot;,
            &quot;action&quot;: &quot;delete&quot;,
            &quot;id&quot;: &quot;5474869&quot;,
            &quot;version&quot;: &quot;::apt&quot;,
            &quot;url&quot;: &quot; &quot;
        },
        {
            &quot;name&quot;: &quot;squirrel3&quot;,
            &quot;action&quot;: &quot;delete&quot;,
            &quot;id&quot;: &quot;5475279&quot;,
            &quot;version&quot;: &quot;::apt&quot;,
            &quot;url&quot;: &quot; &quot;
        }
    ]
}
09:51:48 INFO  Started operation: {'creationTime': '2022-04-29T09:51:48.878Z', 'deviceName': 'mythicc', 'deviceId': '17920056', 'self': 'https://t493319102.eu-latest.cumulocity.com/devicecontrol/operations/17962832', 'id': '17962832', 'status': 'PENDING', 'description': &quot;Apply software changes, triggered from PySys: [{'action': 'delete', 'id': '5475369', 'name': 'asciijump', 'url': ' ', 'version': '::apt'}, {'action': 'delete', 'id': '5474869', 'name': 'robotfindskitten', 'url': ' ', 'version': '::apt'}, {'action': 'delete', 'id': '5475279', 'name': 'squirrel3', 'url': ' ', 'version': '::apt'}]&quot;, 'c8y_SoftwareUpdate': [{'name': 'asciijump', 'action': 'delete', 'id': '5475369', 'version': '::apt', 'url': ' '}, {'name': 'robotfindskitten', 'action': 'delete', 'id': '5474869', 'version': '::apt', 'url': ' '}, {'name': 'squirrel3', 'action': 'delete', 'id': '5475279', 'version': '::apt', 'url': ' '}]}
09:51:51 INFO  State of operation 17962832 : PENDING
09:51:53 INFO  State of operation 17962832 : EXECUTING
09:51:55 INFO  State of operation 17962832 : EXECUTING
09:51:57 INFO  State of operation 17962832 : EXECUTING
09:52:00 INFO  State of operation 17962832 : EXECUTING
09:52:02 INFO  State of operation 17962832 : EXECUTING
09:52:05 INFO  State of operation 17962832 : EXECUTING
09:52:07 INFO  State of operation 17962832 : EXECUTING
09:52:10 INFO  State of operation 17962832 : EXECUTING
09:52:12 INFO  State of operation 17962832 : EXECUTING
09:52:14 INFO  State of operation 17962832 : EXECUTING
09:52:16 INFO  State of operation 17962832 : EXECUTING
09:52:19 INFO  State of operation 17962832 : EXECUTING
09:52:21 INFO  State of operation 17962832 : EXECUTING
09:52:23 INFO  State of operation 17962832 : EXECUTING
09:52:25 INFO  State of operation 17962832 : EXECUTING
09:52:28 INFO  State of operation 17962832 : EXECUTING
09:52:30 INFO  State of operation 17962832 : EXECUTING
09:52:33 INFO  State of operation 17962832 : EXECUTING
09:52:35 INFO  State of operation 17962832 : EXECUTING
09:52:37 INFO  State of operation 17962832 : EXECUTING
09:52:39 INFO  State of operation 17962832 : EXECUTING
09:52:42 INFO  State of operation 17962832 : EXECUTING
09:52:44 INFO  State of operation 17962832 : EXECUTING
09:52:46 INFO  State of operation 17962832 : EXECUTING
09:52:49 INFO  State of operation 17962832 : EXECUTING
09:52:51 INFO  State of operation 17962832 : EXECUTING
09:52:54 INFO  State of operation 17962832 : EXECUTING
09:52:56 INFO  State of operation 17962832 : SUCCESSFUL
09:52:56 INFO  Assert that (False == value) with value=False ... passed
09:52:56 INFO  Assert that (False == value) with value=False ... passed
09:52:57 INFO  Assert that (False == value) with value=False ... passed
09:52:57 INFO  Assert that (False == value) with value=False ... passed
09:52:57 INFO  
09:52:57 INFO  cleanup:
09:53:01 INFO  Executed sudo&lt;tedge_disconnect_c8y&gt;, exit status 0
09:53:01 INFO  Executed systemctl&lt;serv_mapper5&gt;, exit status 3
09:53:01 INFO  
09:53:01 INFO  Test duration: 183.70 secs
09:53:01 INFO  Test final outcome:  FAILED
09:53:01 INFO  Test outcome reason: Assert that (False == value) with value=True
09:53:01 INFO  
</system-out>
	</testcase>
</testsuite>
