<?xml version="1.0" encoding="utf-8"?>
<testsuite failures="0" name="apt_update_list" skipped="0" tests="1" time="169.05" timestamp="2022-04-21T14:13:53">
	<testcase classname="AptPluginUpdateList" name="apt_update_list"/>
</testsuite>
