<?xml version="1.0" encoding="utf-8"?>
<testsuite failures="1" name="SoftwareManagement.sm_apt_install_remove_multiple" skipped="0" tests="1" time="186.23" timestamp="2022-04-21T09:08:42">
	<testcase classname="PySysTest" name="SoftwareManagement.sm_apt_install_remove_multiple">
		<failure message="FAILED: Assert that (False == value) with value=True" type="FAILED"/>
		<system-out>09:05:35 INFO  ==============================================================
09:05:35 INFO  Id:    SoftwareManagement.sm_apt_install_remove_multiple
09:05:35 INFO  Dir:   software_management_end_to_end/
09:05:35 INFO  Title: Validate end to end behaviour for the apt plugin for multiple packages
09:05:35 INFO  ==============================================================
09:05:35 INFO  Using sw id database: {'asciijump': '5475369', 'robotfindskitten': '5474869', 'squirrel3': '5475279', 'rolldice': '5152439', 'moon-buggy': '5439204', 'apple': '5495053', 'banana': '5494888', 'cherry': '5495382', 'watermelon': '5494510', 'registry': '8018911', 'hello-world': '8021526', 'docker/getting-started': '8021973', 'alpine': '7991792'}
09:05:35 INFO  EnvironmentC8y Setup
09:05:36 INFO  Executed systemctl&lt;serv_mapper1&gt;, exit status 3
09:05:36 INFO  Restarting mosquitto too frequently in the last 10 seconds. It was only up for 4 seconds
09:05:36 INFO  Delaying execution by 7 seconds
09:05:57 INFO  Executed sudo&lt;tedge_connect_c8y&gt;, exit status 0, duration 14 secs
09:05:58 INFO  Executed sudo&lt;tedge_connect_c8y_test&gt;, exit status 0
09:05:59 INFO  Executed systemctl&lt;serv_mosq2&gt;, exit status 0
09:05:59 INFO  Executed systemctl&lt;serv_mapper3&gt;, exit status 0
09:06:01 INFO  State of current operation: SUCCESSFUL
09:06:02 INFO  Assert that (False == value) with value=False ... passed
09:06:02 INFO  Assert that (False == value) with value=False ... passed
09:06:02 INFO  Assert that (False == value) with value=False ... passed
09:06:02 INFO  Package robotfindskitten is installed
09:06:02 WARN  Assert that (False == value) with value=True ... failed 
09:06:03 INFO  Response status: 201
09:06:03 INFO  Response to action: {
    &quot;creationTime&quot;: &quot;2022-04-21T09:06:03.007Z&quot;,
    &quot;deviceName&quot;: &quot;mythicc&quot;,
    &quot;deviceId&quot;: &quot;17501604&quot;,
    &quot;self&quot;: &quot;https://t493319102.eu-latest.cumulocity.com/devicecontrol/operations/17537487&quot;,
    &quot;id&quot;: &quot;17537487&quot;,
    &quot;status&quot;: &quot;PENDING&quot;,
    &quot;description&quot;: &quot;Apply software changes, triggered from PySys: [{'action': 'install', 'id': '5475369', 'name': 'asciijump', 'url': ' ', 'version': '::apt'}, {'action': 'install', 'id': '5474869', 'name': 'robotfindskitten', 'url': ' ', 'version': '::apt'}, {'action': 'install', 'id': '5475279', 'name': 'squirrel3', 'url': ' ', 'version': '::apt'}]&quot;,
    &quot;c8y_SoftwareUpdate&quot;: [
        {
            &quot;name&quot;: &quot;asciijump&quot;,
            &quot;action&quot;: &quot;install&quot;,
            &quot;id&quot;: &quot;5475369&quot;,
            &quot;version&quot;: &quot;::apt&quot;,
            &quot;url&quot;: &quot; &quot;
        },
        {
            &quot;name&quot;: &quot;robotfindskitten&quot;,
            &quot;action&quot;: &quot;install&quot;,
            &quot;id&quot;: &quot;5474869&quot;,
            &quot;version&quot;: &quot;::apt&quot;,
            &quot;url&quot;: &quot; &quot;
        },
        {
            &quot;name&quot;: &quot;squirrel3&quot;,
            &quot;action&quot;: &quot;install&quot;,
            &quot;id&quot;: &quot;5475279&quot;,
            &quot;version&quot;: &quot;::apt&quot;,
            &quot;url&quot;: &quot; &quot;
        }
    ]
}
09:06:03 INFO  Started operation: {'creationTime': '2022-04-21T09:06:03.007Z', 'deviceName': 'mythicc', 'deviceId': '17501604', 'self': 'https://t493319102.eu-latest.cumulocity.com/devicecontrol/operations/17537487', 'id': '17537487', 'status': 'PENDING', 'description': &quot;Apply software changes, triggered from PySys: [{'action': 'install', 'id': '5475369', 'name': 'asciijump', 'url': ' ', 'version': '::apt'}, {'action': 'install', 'id': '5474869', 'name': 'robotfindskitten', 'url': ' ', 'version': '::apt'}, {'action': 'install', 'id': '5475279', 'name': 'squirrel3', 'url': ' ', 'version': '::apt'}]&quot;, 'c8y_SoftwareUpdate': [{'name': 'asciijump', 'action': 'install', 'id': '5475369', 'version': '::apt', 'url': ' '}, {'name': 'robotfindskitten', 'action': 'install', 'id': '5474869', 'version': '::apt', 'url': ' '}, {'name': 'squirrel3', 'action': 'install', 'id': '5475279', 'version': '::apt', 'url': ' '}]}
09:06:05 INFO  State of operation 17537487 : PENDING
09:06:07 INFO  State of operation 17537487 : EXECUTING
09:06:09 INFO  State of operation 17537487 : EXECUTING
09:06:12 INFO  State of operation 17537487 : EXECUTING
09:06:14 INFO  State of operation 17537487 : EXECUTING
09:06:16 INFO  State of operation 17537487 : EXECUTING
09:06:19 INFO  State of operation 17537487 : EXECUTING
09:06:22 INFO  State of operation 17537487 : EXECUTING
09:06:24 INFO  State of operation 17537487 : EXECUTING
09:06:27 INFO  State of operation 17537487 : EXECUTING
09:06:29 INFO  State of operation 17537487 : EXECUTING
09:06:31 INFO  State of operation 17537487 : EXECUTING
09:06:33 INFO  State of operation 17537487 : EXECUTING
09:06:35 INFO  State of operation 17537487 : EXECUTING
09:06:38 INFO  State of operation 17537487 : EXECUTING
09:06:40 INFO  State of operation 17537487 : EXECUTING
09:06:42 INFO  State of operation 17537487 : EXECUTING
09:06:45 INFO  State of operation 17537487 : EXECUTING
09:06:47 INFO  State of operation 17537487 : EXECUTING
09:06:50 INFO  State of operation 17537487 : EXECUTING
09:06:52 INFO  State of operation 17537487 : EXECUTING
09:06:54 INFO  State of operation 17537487 : EXECUTING
09:06:56 INFO  State of operation 17537487 : EXECUTING
09:06:58 INFO  State of operation 17537487 : EXECUTING
09:07:01 INFO  State of operation 17537487 : EXECUTING
09:07:03 INFO  State of operation 17537487 : EXECUTING
09:07:06 INFO  State of operation 17537487 : EXECUTING
09:07:08 INFO  State of operation 17537487 : EXECUTING
09:07:11 INFO  State of operation 17537487 : EXECUTING
09:07:13 INFO  State of operation 17537487 : EXECUTING
09:07:15 INFO  State of operation 17537487 : EXECUTING
09:07:18 INFO  State of operation 17537487 : EXECUTING
09:07:20 INFO  State of operation 17537487 : EXECUTING
09:07:22 INFO  State of operation 17537487 : EXECUTING
09:07:24 INFO  State of operation 17537487 : SUCCESSFUL
09:07:25 INFO  Assert that (False == value) with value=False ... passed
09:07:25 INFO  Package asciijump is installed
09:07:25 INFO  Assert that (True == value) with value=True ... passed
09:07:25 INFO  Package squirrel3 is installed
09:07:25 INFO  Assert that (True == value) with value=True ... passed
09:07:25 INFO  Package robotfindskitten is installed
09:07:25 INFO  Assert that (True == value) with value=True ... passed
09:07:26 INFO  Response status: 201
09:07:26 INFO  Response to action: {
    &quot;creationTime&quot;: &quot;2022-04-21T09:07:26.102Z&quot;,
    &quot;deviceName&quot;: &quot;mythicc&quot;,
    &quot;deviceId&quot;: &quot;17501604&quot;,
    &quot;self&quot;: &quot;https://t493319102.eu-latest.cumulocity.com/devicecontrol/operations/17537495&quot;,
    &quot;id&quot;: &quot;17537495&quot;,
    &quot;status&quot;: &quot;PENDING&quot;,
    &quot;description&quot;: &quot;Apply software changes, triggered from PySys: [{'action': 'delete', 'id': '5475369', 'name': 'asciijump', 'url': ' ', 'version': '::apt'}, {'action': 'delete', 'id': '5474869', 'name': 'robotfindskitten', 'url': ' ', 'version': '::apt'}, {'action': 'delete', 'id': '5475279', 'name': 'squirrel3', 'url': ' ', 'version': '::apt'}]&quot;,
    &quot;c8y_SoftwareUpdate&quot;: [
        {
            &quot;name&quot;: &quot;asciijump&quot;,
            &quot;action&quot;: &quot;delete&quot;,
            &quot;id&quot;: &quot;5475369&quot;,
            &quot;version&quot;: &quot;::apt&quot;,
            &quot;url&quot;: &quot; &quot;
        },
        {
            &quot;name&quot;: &quot;robotfindskitten&quot;,
            &quot;action&quot;: &quot;delete&quot;,
            &quot;id&quot;: &quot;5474869&quot;,
            &quot;version&quot;: &quot;::apt&quot;,
            &quot;url&quot;: &quot; &quot;
        },
        {
            &quot;name&quot;: &quot;squirrel3&quot;,
            &quot;action&quot;: &quot;delete&quot;,
            &quot;id&quot;: &quot;5475279&quot;,
            &quot;version&quot;: &quot;::apt&quot;,
            &quot;url&quot;: &quot; &quot;
        }
    ]
}
09:07:26 INFO  Started operation: {'creationTime': '2022-04-21T09:07:26.102Z', 'deviceName': 'mythicc', 'deviceId': '17501604', 'self': 'https://t493319102.eu-latest.cumulocity.com/devicecontrol/operations/17537495', 'id': '17537495', 'status': 'PENDING', 'description': &quot;Apply software changes, triggered from PySys: [{'action': 'delete', 'id': '5475369', 'name': 'asciijump', 'url': ' ', 'version': '::apt'}, {'action': 'delete', 'id': '5474869', 'name': 'robotfindskitten', 'url': ' ', 'version': '::apt'}, {'action': 'delete', 'id': '5475279', 'name': 'squirrel3', 'url': ' ', 'version': '::apt'}]&quot;, 'c8y_SoftwareUpdate': [{'name': 'asciijump', 'action': 'delete', 'id': '5475369', 'version': '::apt', 'url': ' '}, {'name': 'robotfindskitten', 'action': 'delete', 'id': '5474869', 'version': '::apt', 'url': ' '}, {'name': 'squirrel3', 'action': 'delete', 'id': '5475279', 'version': '::apt', 'url': ' '}]}
09:07:28 INFO  State of operation 17537495 : PENDING
09:07:30 INFO  State of operation 17537495 : EXECUTING
09:07:32 INFO  State of operation 17537495 : EXECUTING
09:07:35 INFO  State of operation 17537495 : EXECUTING
09:07:37 INFO  State of operation 17537495 : EXECUTING
09:07:39 INFO  State of operation 17537495 : EXECUTING
09:07:42 INFO  State of operation 17537495 : EXECUTING
09:07:44 INFO  State of operation 17537495 : EXECUTING
09:07:47 INFO  State of operation 17537495 : EXECUTING
09:07:49 INFO  State of operation 17537495 : EXECUTING
09:07:51 INFO  State of operation 17537495 : EXECUTING
09:07:54 INFO  State of operation 17537495 : EXECUTING
09:07:56 INFO  State of operation 17537495 : EXECUTING
09:07:58 INFO  State of operation 17537495 : EXECUTING
09:08:00 INFO  State of operation 17537495 : EXECUTING
09:08:03 INFO  State of operation 17537495 : EXECUTING
09:08:05 INFO  State of operation 17537495 : EXECUTING
09:08:07 INFO  State of operation 17537495 : EXECUTING
09:08:10 INFO  State of operation 17537495 : EXECUTING
09:08:12 INFO  State of operation 17537495 : EXECUTING
09:08:15 INFO  State of operation 17537495 : EXECUTING
09:08:17 INFO  State of operation 17537495 : EXECUTING
09:08:19 INFO  State of operation 17537495 : EXECUTING
09:08:21 INFO  State of operation 17537495 : EXECUTING
09:08:24 INFO  State of operation 17537495 : EXECUTING
09:08:26 INFO  State of operation 17537495 : EXECUTING
09:08:29 INFO  State of operation 17537495 : EXECUTING
09:08:31 INFO  State of operation 17537495 : EXECUTING
09:08:33 INFO  State of operation 17537495 : EXECUTING
09:08:36 INFO  State of operation 17537495 : SUCCESSFUL
09:08:36 INFO  Assert that (False == value) with value=False ... passed
09:08:36 INFO  Assert that (False == value) with value=False ... passed
09:08:36 INFO  Assert that (False == value) with value=False ... passed
09:08:37 INFO  Assert that (False == value) with value=False ... passed
09:08:37 INFO  
09:08:37 INFO  cleanup:
09:08:41 INFO  Executed sudo&lt;tedge_disconnect_c8y&gt;, exit status 0
09:08:42 INFO  Executed systemctl&lt;serv_mapper5&gt;, exit status 3
09:08:42 INFO  
09:08:42 INFO  Test duration: 186.23 secs
09:08:42 INFO  Test final outcome:  FAILED
09:08:42 INFO  Test outcome reason: Assert that (False == value) with value=True
09:08:42 INFO  
</system-out>
	</testcase>
</testsuite>
