<?xml version="1.0" encoding="utf-8"?>
<testsuite failures="1" name="SoftwareManagement.sm_apt_install_remove_multiple" skipped="0" tests="1" time="185.46" timestamp="2022-05-10T20:14:41">
	<testcase classname="PySysTest" name="SoftwareManagement.sm_apt_install_remove_multiple">
		<failure message="FAILED: Assert that (False == value) with value=True" type="FAILED"/>
		<system-out>20:11:35 INFO  ==============================================================
20:11:35 INFO  Id:    SoftwareManagement.sm_apt_install_remove_multiple
20:11:35 INFO  Dir:   software_management_end_to_end/
20:11:35 INFO  Title: Validate end to end behaviour for the apt plugin for multiple packages
20:11:35 INFO  ==============================================================
20:11:35 INFO  Using sw id database: {'asciijump': '5475369', 'robotfindskitten': '5474869', 'squirrel3': '5475279', 'rolldice': '5152439', 'moon-buggy': '5439204', 'apple': '5495053', 'banana': '5494888', 'cherry': '5495382', 'watermelon': '5494510', 'registry': '8018911', 'hello-world': '8021526', 'docker/getting-started': '8021973', 'alpine': '7991792'}
20:11:35 INFO  EnvironmentC8y Setup
20:11:36 INFO  Executed systemctl&lt;serv_mapper1&gt;, exit status 3
20:11:36 INFO  Restarting mosquitto too frequently in the last 10 seconds. It was only up for 4 seconds
20:11:36 INFO  Delaying execution by 7 seconds
20:11:57 INFO  Executed sudo&lt;tedge_connect_c8y&gt;, exit status 0, duration 14 secs
20:11:58 INFO  Executed sudo&lt;tedge_connect_c8y_test&gt;, exit status 0
20:11:58 INFO  Executed systemctl&lt;serv_mosq2&gt;, exit status 0
20:11:59 INFO  Executed systemctl&lt;serv_mapper3&gt;, exit status 0
20:12:01 INFO  State of current operation: SUCCESSFUL
20:12:01 INFO  Assert that (False == value) with value=False ... passed
20:12:02 INFO  Assert that (False == value) with value=False ... passed
20:12:02 INFO  Assert that (False == value) with value=False ... passed
20:12:02 INFO  Package robotfindskitten is installed
20:12:02 WARN  Assert that (False == value) with value=True ... failed 
20:12:02 INFO  Response status: 201
20:12:02 INFO  Response to action: {
    &quot;creationTime&quot;: &quot;2022-05-10T20:12:02.777Z&quot;,
    &quot;deviceName&quot;: &quot;mythicc&quot;,
    &quot;deviceId&quot;: &quot;18732225&quot;,
    &quot;self&quot;: &quot;https://t493319102.eu-latest.cumulocity.com/devicecontrol/operations/18751636&quot;,
    &quot;id&quot;: &quot;18751636&quot;,
    &quot;status&quot;: &quot;PENDING&quot;,
    &quot;description&quot;: &quot;Apply software changes, triggered from PySys: [{'action': 'install', 'id': '5475369', 'name': 'asciijump', 'url': ' ', 'version': '::apt'}, {'action': 'install', 'id': '5474869', 'name': 'robotfindskitten', 'url': ' ', 'version': '::apt'}, {'action': 'install', 'id': '5475279', 'name': 'squirrel3', 'url': ' ', 'version': '::apt'}]&quot;,
    &quot;c8y_SoftwareUpdate&quot;: [
        {
            &quot;name&quot;: &quot;asciijump&quot;,
            &quot;action&quot;: &quot;install&quot;,
            &quot;id&quot;: &quot;5475369&quot;,
            &quot;version&quot;: &quot;::apt&quot;,
            &quot;url&quot;: &quot; &quot;
        },
        {
            &quot;name&quot;: &quot;robotfindskitten&quot;,
            &quot;action&quot;: &quot;install&quot;,
            &quot;id&quot;: &quot;5474869&quot;,
            &quot;version&quot;: &quot;::apt&quot;,
            &quot;url&quot;: &quot; &quot;
        },
        {
            &quot;name&quot;: &quot;squirrel3&quot;,
            &quot;action&quot;: &quot;install&quot;,
            &quot;id&quot;: &quot;5475279&quot;,
            &quot;version&quot;: &quot;::apt&quot;,
            &quot;url&quot;: &quot; &quot;
        }
    ]
}
20:12:02 INFO  Started operation: {'creationTime': '2022-05-10T20:12:02.777Z', 'deviceName': 'mythicc', 'deviceId': '18732225', 'self': 'https://t493319102.eu-latest.cumulocity.com/devicecontrol/operations/18751636', 'id': '18751636', 'status': 'PENDING', 'description': &quot;Apply software changes, triggered from PySys: [{'action': 'install', 'id': '5475369', 'name': 'asciijump', 'url': ' ', 'version': '::apt'}, {'action': 'install', 'id': '5474869', 'name': 'robotfindskitten', 'url': ' ', 'version': '::apt'}, {'action': 'install', 'id': '5475279', 'name': 'squirrel3', 'url': ' ', 'version': '::apt'}]&quot;, 'c8y_SoftwareUpdate': [{'name': 'asciijump', 'action': 'install', 'id': '5475369', 'version': '::apt', 'url': ' '}, {'name': 'robotfindskitten', 'action': 'install', 'id': '5474869', 'version': '::apt', 'url': ' '}, {'name': 'squirrel3', 'action': 'install', 'id': '5475279', 'version': '::apt', 'url': ' '}]}
20:12:05 INFO  State of operation 18751636 : PENDING
20:12:07 INFO  State of operation 18751636 : EXECUTING
20:12:09 INFO  State of operation 18751636 : EXECUTING
20:12:11 INFO  State of operation 18751636 : EXECUTING
20:12:13 INFO  State of operation 18751636 : EXECUTING
20:12:16 INFO  State of operation 18751636 : EXECUTING
20:12:18 INFO  State of operation 18751636 : EXECUTING
20:12:21 INFO  State of operation 18751636 : EXECUTING
20:12:23 INFO  State of operation 18751636 : EXECUTING
20:12:26 INFO  State of operation 18751636 : EXECUTING
20:12:28 INFO  State of operation 18751636 : EXECUTING
20:12:30 INFO  State of operation 18751636 : EXECUTING
20:12:33 INFO  State of operation 18751636 : EXECUTING
20:12:35 INFO  State of operation 18751636 : EXECUTING
20:12:37 INFO  State of operation 18751636 : EXECUTING
20:12:39 INFO  State of operation 18751636 : EXECUTING
20:12:42 INFO  State of operation 18751636 : EXECUTING
20:12:44 INFO  State of operation 18751636 : EXECUTING
20:12:47 INFO  State of operation 18751636 : EXECUTING
20:12:49 INFO  State of operation 18751636 : EXECUTING
20:12:51 INFO  State of operation 18751636 : EXECUTING
20:12:54 INFO  State of operation 18751636 : EXECUTING
20:12:56 INFO  State of operation 18751636 : EXECUTING
20:12:58 INFO  State of operation 18751636 : EXECUTING
20:13:01 INFO  State of operation 18751636 : EXECUTING
20:13:03 INFO  State of operation 18751636 : EXECUTING
20:13:05 INFO  State of operation 18751636 : EXECUTING
20:13:07 INFO  State of operation 18751636 : EXECUTING
20:13:10 INFO  State of operation 18751636 : EXECUTING
20:13:12 INFO  State of operation 18751636 : EXECUTING
20:13:14 INFO  State of operation 18751636 : EXECUTING
20:13:17 INFO  State of operation 18751636 : EXECUTING
20:13:19 INFO  State of operation 18751636 : EXECUTING
20:13:21 INFO  State of operation 18751636 : EXECUTING
20:13:23 INFO  State of operation 18751636 : EXECUTING
20:13:26 INFO  State of operation 18751636 : SUCCESSFUL
20:13:26 INFO  Assert that (False == value) with value=False ... passed
20:13:26 INFO  Package asciijump is installed
20:13:26 INFO  Assert that (True == value) with value=True ... passed
20:13:26 INFO  Package squirrel3 is installed
20:13:26 INFO  Assert that (True == value) with value=True ... passed
20:13:26 INFO  Package robotfindskitten is installed
20:13:26 INFO  Assert that (True == value) with value=True ... passed
20:13:27 INFO  Response status: 201
20:13:27 INFO  Response to action: {
    &quot;creationTime&quot;: &quot;2022-05-10T20:13:27.122Z&quot;,
    &quot;deviceName&quot;: &quot;mythicc&quot;,
    &quot;deviceId&quot;: &quot;18732225&quot;,
    &quot;self&quot;: &quot;https://t493319102.eu-latest.cumulocity.com/devicecontrol/operations/18751649&quot;,
    &quot;id&quot;: &quot;18751649&quot;,
    &quot;status&quot;: &quot;PENDING&quot;,
    &quot;description&quot;: &quot;Apply software changes, triggered from PySys: [{'action': 'delete', 'id': '5475369', 'name': 'asciijump', 'url': ' ', 'version': '::apt'}, {'action': 'delete', 'id': '5474869', 'name': 'robotfindskitten', 'url': ' ', 'version': '::apt'}, {'action': 'delete', 'id': '5475279', 'name': 'squirrel3', 'url': ' ', 'version': '::apt'}]&quot;,
    &quot;c8y_SoftwareUpdate&quot;: [
        {
            &quot;name&quot;: &quot;asciijump&quot;,
            &quot;action&quot;: &quot;delete&quot;,
            &quot;id&quot;: &quot;5475369&quot;,
            &quot;version&quot;: &quot;::apt&quot;,
            &quot;url&quot;: &quot; &quot;
        },
        {
            &quot;name&quot;: &quot;robotfindskitten&quot;,
            &quot;action&quot;: &quot;delete&quot;,
            &quot;id&quot;: &quot;5474869&quot;,
            &quot;version&quot;: &quot;::apt&quot;,
            &quot;url&quot;: &quot; &quot;
        },
        {
            &quot;name&quot;: &quot;squirrel3&quot;,
            &quot;action&quot;: &quot;delete&quot;,
            &quot;id&quot;: &quot;5475279&quot;,
            &quot;version&quot;: &quot;::apt&quot;,
            &quot;url&quot;: &quot; &quot;
        }
    ]
}
20:13:27 INFO  Started operation: {'creationTime': '2022-05-10T20:13:27.122Z', 'deviceName': 'mythicc', 'deviceId': '18732225', 'self': 'https://t493319102.eu-latest.cumulocity.com/devicecontrol/operations/18751649', 'id': '18751649', 'status': 'PENDING', 'description': &quot;Apply software changes, triggered from PySys: [{'action': 'delete', 'id': '5475369', 'name': 'asciijump', 'url': ' ', 'version': '::apt'}, {'action': 'delete', 'id': '5474869', 'name': 'robotfindskitten', 'url': ' ', 'version': '::apt'}, {'action': 'delete', 'id': '5475279', 'name': 'squirrel3', 'url': ' ', 'version': '::apt'}]&quot;, 'c8y_SoftwareUpdate': [{'name': 'asciijump', 'action': 'delete', 'id': '5475369', 'version': '::apt', 'url': ' '}, {'name': 'robotfindskitten', 'action': 'delete', 'id': '5474869', 'version': '::apt', 'url': ' '}, {'name': 'squirrel3', 'action': 'delete', 'id': '5475279', 'version': '::apt', 'url': ' '}]}
20:13:29 INFO  State of operation 18751649 : PENDING
20:13:31 INFO  State of operation 18751649 : EXECUTING
20:13:33 INFO  State of operation 18751649 : EXECUTING
20:13:36 INFO  State of operation 18751649 : EXECUTING
20:13:38 INFO  State of operation 18751649 : EXECUTING
20:13:40 INFO  State of operation 18751649 : EXECUTING
20:13:43 INFO  State of operation 18751649 : EXECUTING
20:13:46 INFO  State of operation 18751649 : EXECUTING
20:13:48 INFO  State of operation 18751649 : EXECUTING
20:13:51 INFO  State of operation 18751649 : EXECUTING
20:13:53 INFO  State of operation 18751649 : EXECUTING
20:13:55 INFO  State of operation 18751649 : EXECUTING
20:13:58 INFO  State of operation 18751649 : EXECUTING
20:14:00 INFO  State of operation 18751649 : EXECUTING
20:14:02 INFO  State of operation 18751649 : EXECUTING
20:14:04 INFO  State of operation 18751649 : EXECUTING
20:14:07 INFO  State of operation 18751649 : EXECUTING
20:14:10 INFO  State of operation 18751649 : EXECUTING
20:14:12 INFO  State of operation 18751649 : EXECUTING
20:14:14 INFO  State of operation 18751649 : EXECUTING
20:14:16 INFO  State of operation 18751649 : EXECUTING
20:14:19 INFO  State of operation 18751649 : EXECUTING
20:14:21 INFO  State of operation 18751649 : EXECUTING
20:14:23 INFO  State of operation 18751649 : EXECUTING
20:14:26 INFO  State of operation 18751649 : EXECUTING
20:14:28 INFO  State of operation 18751649 : EXECUTING
20:14:31 INFO  State of operation 18751649 : EXECUTING
20:14:33 INFO  State of operation 18751649 : EXECUTING
20:14:35 INFO  State of operation 18751649 : SUCCESSFUL
20:14:35 INFO  Assert that (False == value) with value=False ... passed
20:14:36 INFO  Assert that (False == value) with value=False ... passed
20:14:36 INFO  Assert that (False == value) with value=False ... passed
20:14:36 INFO  Assert that (False == value) with value=False ... passed
20:14:36 INFO  
20:14:36 INFO  cleanup:
20:14:40 INFO  Executed sudo&lt;tedge_disconnect_c8y&gt;, exit status 0
20:14:41 INFO  Executed systemctl&lt;serv_mapper5&gt;, exit status 3
20:14:41 INFO  
20:14:41 INFO  Test duration: 185.46 secs
20:14:41 INFO  Test final outcome:  FAILED
20:14:41 INFO  Test outcome reason: Assert that (False == value) with value=True
20:14:41 INFO  
</system-out>
	</testcase>
</testsuite>
