<?xml version="1.0" encoding="utf-8"?>
<testsuite failures="1" name="SoftwareManagement.sm_apt_install_remove_multiple_mixed" skipped="0" tests="1" time="166.18" timestamp="2022-04-19T14:18:39">
	<testcase classname="PySysTest" name="SoftwareManagement.sm_apt_install_remove_multiple_mixed">
		<failure message="BLOCKED: SystemError: Timeout while waiting for status FAILED or SUCCESSFUL" type="BLOCKED"/>
		<system-out>14:15:52 INFO  ==============================================================
14:15:52 INFO  Id:    SoftwareManagement.sm_apt_install_remove_multiple_mixed
14:15:52 INFO  Dir:   software_management_end_to_end/
14:15:52 INFO  Title: Validate end to end behaviour for the apt plugin for multiple packages with mixed versions
14:15:52 INFO  ==============================================================
14:15:52 INFO  Using sw id database: {'asciijump': '5475369', 'robotfindskitten': '5474869', 'squirrel3': '5475279', 'rolldice': '5152439', 'moon-buggy': '5439204', 'apple': '5495053', 'banana': '5494888', 'cherry': '5495382', 'watermelon': '5494510', 'registry': '8018911', 'hello-world': '8021526', 'docker/getting-started': '8021973', 'alpine': '7991792'}
14:15:52 INFO  EnvironmentC8y Setup
14:15:53 INFO  Executed systemctl&lt;serv_mapper1&gt;, exit status 3
14:15:53 INFO  Restarting mosquitto too frequently in the last 10 seconds. It was only up for 4 seconds
14:15:53 INFO  Delaying execution by 7 seconds
14:16:14 INFO  Executed sudo&lt;tedge_connect_c8y&gt;, exit status 0, duration 14 secs
14:16:15 INFO  Executed sudo&lt;tedge_connect_c8y_test&gt;, exit status 0
14:16:15 INFO  Executed systemctl&lt;serv_mosq2&gt;, exit status 0
14:16:16 INFO  Executed systemctl&lt;serv_mapper3&gt;, exit status 0
14:16:18 INFO  State of current operation: PENDING
14:16:20 INFO  State of current operation: PENDING
14:16:23 INFO  State of current operation: PENDING
14:16:25 INFO  State of current operation: PENDING
14:16:27 INFO  State of current operation: PENDING
14:16:29 INFO  State of current operation: PENDING
14:16:31 INFO  State of current operation: PENDING
14:16:34 INFO  State of current operation: PENDING
14:16:36 INFO  State of current operation: PENDING
14:16:38 INFO  State of current operation: PENDING
14:16:40 INFO  State of current operation: PENDING
14:16:43 INFO  State of current operation: PENDING
14:16:45 INFO  State of current operation: PENDING
14:16:47 INFO  State of current operation: PENDING
14:16:49 INFO  State of current operation: PENDING
14:16:51 INFO  State of current operation: PENDING
14:16:54 INFO  State of current operation: PENDING
14:16:56 INFO  State of current operation: PENDING
14:16:58 INFO  State of current operation: PENDING
14:17:00 INFO  State of current operation: PENDING
14:17:03 INFO  State of current operation: PENDING
14:17:05 INFO  State of current operation: PENDING
14:17:07 INFO  State of current operation: PENDING
14:17:09 INFO  State of current operation: PENDING
14:17:12 INFO  State of current operation: PENDING
14:17:14 INFO  State of current operation: PENDING
14:17:16 INFO  State of current operation: PENDING
14:17:18 INFO  State of current operation: PENDING
14:17:20 INFO  State of current operation: PENDING
14:17:23 INFO  State of current operation: PENDING
14:17:25 INFO  State of current operation: PENDING
14:17:27 INFO  State of current operation: PENDING
14:17:29 INFO  State of current operation: PENDING
14:17:32 INFO  State of current operation: PENDING
14:17:34 INFO  State of current operation: PENDING
14:17:36 INFO  State of current operation: PENDING
14:17:38 INFO  State of current operation: PENDING
14:17:40 INFO  State of current operation: PENDING
14:17:43 INFO  State of current operation: PENDING
14:17:45 INFO  State of current operation: PENDING
14:17:47 INFO  State of current operation: PENDING
14:17:49 INFO  State of current operation: PENDING
14:17:52 INFO  State of current operation: PENDING
14:17:54 INFO  State of current operation: PENDING
14:17:56 INFO  State of current operation: PENDING
14:17:58 INFO  State of current operation: PENDING
14:18:00 INFO  State of current operation: PENDING
14:18:03 INFO  State of current operation: PENDING
14:18:05 INFO  State of current operation: PENDING
14:18:07 INFO  State of current operation: PENDING
14:18:09 INFO  State of current operation: PENDING
14:18:12 INFO  State of current operation: PENDING
14:18:14 INFO  State of current operation: PENDING
14:18:16 INFO  State of current operation: PENDING
14:18:18 INFO  State of current operation: PENDING
14:18:21 INFO  State of current operation: PENDING
14:18:23 INFO  State of current operation: PENDING
14:18:25 INFO  State of current operation: PENDING
14:18:27 INFO  State of current operation: PENDING
14:18:29 INFO  State of current operation: PENDING
14:18:32 INFO  State of current operation: PENDING
14:18:34 WARN  SystemError occurred while running test - Timeout while waiting for status FAILED or SUCCESSFUL
Traceback (most recent call last):
  File &quot;/home/pi/env-pysys/lib/python3.7/site-packages/pysys/baserunner.py&quot;, line 1292, in __call__
    self.testObj.setup()
  File &quot;/home/pi/actions-runner/_work/thin-edge.io/thin-edge.io/tests/PySys/software_management_end_to_end/sm_apt_install_remove_multiple_mixed/run.py&quot;, line 73, in setup
    super().setup()
  File &quot;/home/pi/actions-runner/_work/thin-edge.io/thin-edge.io/tests/PySys/software_management_end_to_end/environment_sm_management.py&quot;, line 151, in setup
    self.wait_until_end()
  File &quot;/home/pi/actions-runner/_work/thin-edge.io/thin-edge.io/tests/PySys/software_management_end_to_end/environment_sm_management.py&quot;, line 332, in wait_until_end
    self.wait_until_status(&quot;FAILED&quot;, &quot;SUCCESSFUL&quot;)
  File &quot;/home/pi/actions-runner/_work/thin-edge.io/thin-edge.io/tests/PySys/software_management_end_to_end/environment_sm_management.py&quot;, line 381, in wait_until_status
    &quot;Timeout while waiting for status %s or %s&quot; % (status, status2)
SystemError: Timeout while waiting for status FAILED or SUCCESSFUL
14:18:34 WARN  SystemError: Timeout while waiting for status FAILED or SUCCESSFUL ... blocked 
14:18:34 INFO  
14:18:34 INFO  cleanup:
14:18:38 INFO  Executed sudo&lt;tedge_disconnect_c8y&gt;, exit status 0
14:18:39 INFO  Executed systemctl&lt;serv_mapper5&gt;, exit status 3
14:18:39 INFO  
14:18:39 INFO  Test duration: 166.18 secs
14:18:39 INFO  Test final outcome:  BLOCKED
14:18:39 INFO  Test outcome reason: SystemError: Timeout while waiting for status FAILED or SUCCESSFUL
14:18:39 INFO  
</system-out>
	</testcase>
</testsuite>
