<?xml version="1.0" encoding="utf-8"?>
<testsuite failures="1" name="SoftwareManagement.sm_apt_install_remove_multiple" skipped="0" tests="1" time="185.07" timestamp="2022-05-04T08:45:33">
	<testcase classname="PySysTest" name="SoftwareManagement.sm_apt_install_remove_multiple">
		<failure message="FAILED: Assert that (False == value) with value=True" type="FAILED"/>
		<system-out>08:42:28 INFO  ==============================================================
08:42:28 INFO  Id:    SoftwareManagement.sm_apt_install_remove_multiple
08:42:28 INFO  Dir:   software_management_end_to_end/
08:42:28 INFO  Title: Validate end to end behaviour for the apt plugin for multiple packages
08:42:28 INFO  ==============================================================
08:42:28 INFO  Using sw id database: {'asciijump': '5475369', 'robotfindskitten': '5474869', 'squirrel3': '5475279', 'rolldice': '5152439', 'moon-buggy': '5439204', 'apple': '5495053', 'banana': '5494888', 'cherry': '5495382', 'watermelon': '5494510', 'registry': '8018911', 'hello-world': '8021526', 'docker/getting-started': '8021973', 'alpine': '7991792'}
08:42:28 INFO  EnvironmentC8y Setup
08:42:29 INFO  Executed systemctl&lt;serv_mapper1&gt;, exit status 3
08:42:29 INFO  Restarting mosquitto too frequently in the last 10 seconds. It was only up for 5 seconds
08:42:29 INFO  Delaying execution by 6 seconds
08:42:49 INFO  Executed sudo&lt;tedge_connect_c8y&gt;, exit status 0, duration 14 secs
08:42:50 INFO  Executed sudo&lt;tedge_connect_c8y_test&gt;, exit status 0
08:42:50 INFO  Executed systemctl&lt;serv_mosq2&gt;, exit status 0
08:42:51 INFO  Executed systemctl&lt;serv_mapper3&gt;, exit status 0
08:42:53 INFO  State of current operation: SUCCESSFUL
08:42:53 INFO  Assert that (False == value) with value=False ... passed
08:42:53 INFO  Assert that (False == value) with value=False ... passed
08:42:53 INFO  Assert that (False == value) with value=False ... passed
08:42:54 INFO  Package robotfindskitten is installed
08:42:54 WARN  Assert that (False == value) with value=True ... failed 
08:42:54 INFO  Response status: 201
08:42:54 INFO  Response to action: {
    &quot;creationTime&quot;: &quot;2022-05-04T08:42:54.477Z&quot;,
    &quot;deviceName&quot;: &quot;mythicc&quot;,
    &quot;deviceId&quot;: &quot;18330806&quot;,
    &quot;self&quot;: &quot;https://t493319102.eu-latest.cumulocity.com/devicecontrol/operations/18369982&quot;,
    &quot;id&quot;: &quot;18369982&quot;,
    &quot;status&quot;: &quot;PENDING&quot;,
    &quot;description&quot;: &quot;Apply software changes, triggered from PySys: [{'action': 'install', 'id': '5475369', 'name': 'asciijump', 'url': ' ', 'version': '::apt'}, {'action': 'install', 'id': '5474869', 'name': 'robotfindskitten', 'url': ' ', 'version': '::apt'}, {'action': 'install', 'id': '5475279', 'name': 'squirrel3', 'url': ' ', 'version': '::apt'}]&quot;,
    &quot;c8y_SoftwareUpdate&quot;: [
        {
            &quot;name&quot;: &quot;asciijump&quot;,
            &quot;action&quot;: &quot;install&quot;,
            &quot;id&quot;: &quot;5475369&quot;,
            &quot;version&quot;: &quot;::apt&quot;,
            &quot;url&quot;: &quot; &quot;
        },
        {
            &quot;name&quot;: &quot;robotfindskitten&quot;,
            &quot;action&quot;: &quot;install&quot;,
            &quot;id&quot;: &quot;5474869&quot;,
            &quot;version&quot;: &quot;::apt&quot;,
            &quot;url&quot;: &quot; &quot;
        },
        {
            &quot;name&quot;: &quot;squirrel3&quot;,
            &quot;action&quot;: &quot;install&quot;,
            &quot;id&quot;: &quot;5475279&quot;,
            &quot;version&quot;: &quot;::apt&quot;,
            &quot;url&quot;: &quot; &quot;
        }
    ]
}
08:42:54 INFO  Started operation: {'creationTime': '2022-05-04T08:42:54.477Z', 'deviceName': 'mythicc', 'deviceId': '18330806', 'self': 'https://t493319102.eu-latest.cumulocity.com/devicecontrol/operations/18369982', 'id': '18369982', 'status': 'PENDING', 'description': &quot;Apply software changes, triggered from PySys: [{'action': 'install', 'id': '5475369', 'name': 'asciijump', 'url': ' ', 'version': '::apt'}, {'action': 'install', 'id': '5474869', 'name': 'robotfindskitten', 'url': ' ', 'version': '::apt'}, {'action': 'install', 'id': '5475279', 'name': 'squirrel3', 'url': ' ', 'version': '::apt'}]&quot;, 'c8y_SoftwareUpdate': [{'name': 'asciijump', 'action': 'install', 'id': '5475369', 'version': '::apt', 'url': ' '}, {'name': 'robotfindskitten', 'action': 'install', 'id': '5474869', 'version': '::apt', 'url': ' '}, {'name': 'squirrel3', 'action': 'install', 'id': '5475279', 'version': '::apt', 'url': ' '}]}
08:42:56 INFO  State of operation 18369982 : PENDING
08:42:58 INFO  State of operation 18369982 : EXECUTING
08:43:01 INFO  State of operation 18369982 : EXECUTING
08:43:03 INFO  State of operation 18369982 : EXECUTING
08:43:05 INFO  State of operation 18369982 : EXECUTING
08:43:07 INFO  State of operation 18369982 : EXECUTING
08:43:10 INFO  State of operation 18369982 : EXECUTING
08:43:13 INFO  State of operation 18369982 : EXECUTING
08:43:15 INFO  State of operation 18369982 : EXECUTING
08:43:17 INFO  State of operation 18369982 : EXECUTING
08:43:20 INFO  State of operation 18369982 : EXECUTING
08:43:22 INFO  State of operation 18369982 : EXECUTING
08:43:24 INFO  State of operation 18369982 : EXECUTING
08:43:26 INFO  State of operation 18369982 : EXECUTING
08:43:29 INFO  State of operation 18369982 : EXECUTING
08:43:31 INFO  State of operation 18369982 : EXECUTING
08:43:33 INFO  State of operation 18369982 : EXECUTING
08:43:36 INFO  State of operation 18369982 : EXECUTING
08:43:38 INFO  State of operation 18369982 : EXECUTING
08:43:41 INFO  State of operation 18369982 : EXECUTING
08:43:43 INFO  State of operation 18369982 : EXECUTING
08:43:45 INFO  State of operation 18369982 : EXECUTING
08:43:47 INFO  State of operation 18369982 : EXECUTING
08:43:50 INFO  State of operation 18369982 : EXECUTING
08:43:52 INFO  State of operation 18369982 : EXECUTING
08:43:54 INFO  State of operation 18369982 : EXECUTING
08:43:57 INFO  State of operation 18369982 : EXECUTING
08:43:59 INFO  State of operation 18369982 : EXECUTING
08:44:02 INFO  State of operation 18369982 : EXECUTING
08:44:04 INFO  State of operation 18369982 : EXECUTING
08:44:07 INFO  State of operation 18369982 : EXECUTING
08:44:09 INFO  State of operation 18369982 : EXECUTING
08:44:11 INFO  State of operation 18369982 : EXECUTING
08:44:13 INFO  State of operation 18369982 : EXECUTING
08:44:16 INFO  State of operation 18369982 : EXECUTING
08:44:18 INFO  State of operation 18369982 : SUCCESSFUL
08:44:18 INFO  Assert that (False == value) with value=False ... passed
08:44:18 INFO  Package asciijump is installed
08:44:18 INFO  Assert that (True == value) with value=True ... passed
08:44:19 INFO  Package squirrel3 is installed
08:44:19 INFO  Assert that (True == value) with value=True ... passed
08:44:19 INFO  Package robotfindskitten is installed
08:44:19 INFO  Assert that (True == value) with value=True ... passed
08:44:19 INFO  Response status: 201
08:44:19 INFO  Response to action: {
    &quot;creationTime&quot;: &quot;2022-05-04T08:44:19.415Z&quot;,
    &quot;deviceName&quot;: &quot;mythicc&quot;,
    &quot;deviceId&quot;: &quot;18330806&quot;,
    &quot;self&quot;: &quot;https://t493319102.eu-latest.cumulocity.com/devicecontrol/operations/18369992&quot;,
    &quot;id&quot;: &quot;18369992&quot;,
    &quot;status&quot;: &quot;PENDING&quot;,
    &quot;description&quot;: &quot;Apply software changes, triggered from PySys: [{'action': 'delete', 'id': '5475369', 'name': 'asciijump', 'url': ' ', 'version': '::apt'}, {'action': 'delete', 'id': '5474869', 'name': 'robotfindskitten', 'url': ' ', 'version': '::apt'}, {'action': 'delete', 'id': '5475279', 'name': 'squirrel3', 'url': ' ', 'version': '::apt'}]&quot;,
    &quot;c8y_SoftwareUpdate&quot;: [
        {
            &quot;name&quot;: &quot;asciijump&quot;,
            &quot;action&quot;: &quot;delete&quot;,
            &quot;id&quot;: &quot;5475369&quot;,
            &quot;version&quot;: &quot;::apt&quot;,
            &quot;url&quot;: &quot; &quot;
        },
        {
            &quot;name&quot;: &quot;robotfindskitten&quot;,
            &quot;action&quot;: &quot;delete&quot;,
            &quot;id&quot;: &quot;5474869&quot;,
            &quot;version&quot;: &quot;::apt&quot;,
            &quot;url&quot;: &quot; &quot;
        },
        {
            &quot;name&quot;: &quot;squirrel3&quot;,
            &quot;action&quot;: &quot;delete&quot;,
            &quot;id&quot;: &quot;5475279&quot;,
            &quot;version&quot;: &quot;::apt&quot;,
            &quot;url&quot;: &quot; &quot;
        }
    ]
}
08:44:19 INFO  Started operation: {'creationTime': '2022-05-04T08:44:19.415Z', 'deviceName': 'mythicc', 'deviceId': '18330806', 'self': 'https://t493319102.eu-latest.cumulocity.com/devicecontrol/operations/18369992', 'id': '18369992', 'status': 'PENDING', 'description': &quot;Apply software changes, triggered from PySys: [{'action': 'delete', 'id': '5475369', 'name': 'asciijump', 'url': ' ', 'version': '::apt'}, {'action': 'delete', 'id': '5474869', 'name': 'robotfindskitten', 'url': ' ', 'version': '::apt'}, {'action': 'delete', 'id': '5475279', 'name': 'squirrel3', 'url': ' ', 'version': '::apt'}]&quot;, 'c8y_SoftwareUpdate': [{'name': 'asciijump', 'action': 'delete', 'id': '5475369', 'version': '::apt', 'url': ' '}, {'name': 'robotfindskitten', 'action': 'delete', 'id': '5474869', 'version': '::apt', 'url': ' '}, {'name': 'squirrel3', 'action': 'delete', 'id': '5475279', 'version': '::apt', 'url': ' '}]}
08:44:21 INFO  State of operation 18369992 : PENDING
08:44:24 INFO  State of operation 18369992 : EXECUTING
08:44:26 INFO  State of operation 18369992 : EXECUTING
08:44:28 INFO  State of operation 18369992 : EXECUTING
08:44:30 INFO  State of operation 18369992 : EXECUTING
08:44:32 INFO  State of operation 18369992 : EXECUTING
08:44:35 INFO  State of operation 18369992 : EXECUTING
08:44:39 INFO  State of operation 18369992 : EXECUTING
08:44:41 INFO  State of operation 18369992 : EXECUTING
08:44:43 INFO  State of operation 18369992 : EXECUTING
08:44:45 INFO  State of operation 18369992 : EXECUTING
08:44:48 INFO  State of operation 18369992 : EXECUTING
08:44:50 INFO  State of operation 18369992 : EXECUTING
08:44:52 INFO  State of operation 18369992 : EXECUTING
08:44:55 INFO  State of operation 18369992 : EXECUTING
08:44:57 INFO  State of operation 18369992 : EXECUTING
08:44:59 INFO  State of operation 18369992 : EXECUTING
08:45:02 INFO  State of operation 18369992 : EXECUTING
08:45:04 INFO  State of operation 18369992 : EXECUTING
08:45:06 INFO  State of operation 18369992 : EXECUTING
08:45:09 INFO  State of operation 18369992 : EXECUTING
08:45:11 INFO  State of operation 18369992 : EXECUTING
08:45:13 INFO  State of operation 18369992 : EXECUTING
08:45:15 INFO  State of operation 18369992 : EXECUTING
08:45:18 INFO  State of operation 18369992 : EXECUTING
08:45:20 INFO  State of operation 18369992 : EXECUTING
08:45:23 INFO  State of operation 18369992 : EXECUTING
08:45:25 INFO  State of operation 18369992 : EXECUTING
08:45:27 INFO  State of operation 18369992 : SUCCESSFUL
08:45:28 INFO  Assert that (False == value) with value=False ... passed
08:45:28 INFO  Assert that (False == value) with value=False ... passed
08:45:28 INFO  Assert that (False == value) with value=False ... passed
08:45:28 INFO  Assert that (False == value) with value=False ... passed
08:45:28 INFO  
08:45:28 INFO  cleanup:
08:45:33 INFO  Executed sudo&lt;tedge_disconnect_c8y&gt;, exit status 0
08:45:33 INFO  Executed systemctl&lt;serv_mapper5&gt;, exit status 3
08:45:33 INFO  
08:45:33 INFO  Test duration: 185.07 secs
08:45:33 INFO  Test final outcome:  FAILED
08:45:33 INFO  Test outcome reason: Assert that (False == value) with value=True
08:45:33 INFO  
</system-out>
	</testcase>
</testsuite>
