<?xml version="1.0" encoding="utf-8"?>
<testsuite failures="1" name="SoftwareManagement.sm_apt_install_remove_multiple" skipped="0" tests="1" time="185.48" timestamp="2022-05-11T12:19:03">
	<testcase classname="PySysTest" name="SoftwareManagement.sm_apt_install_remove_multiple">
		<failure message="FAILED: Assert that (False == value) with value=True" type="FAILED"/>
		<system-out>12:15:58 INFO  ==============================================================
12:15:58 INFO  Id:    SoftwareManagement.sm_apt_install_remove_multiple
12:15:58 INFO  Dir:   software_management_end_to_end/
12:15:58 INFO  Title: Validate end to end behaviour for the apt plugin for multiple packages
12:15:58 INFO  ==============================================================
12:15:58 INFO  Using sw id database: {'asciijump': '5475369', 'robotfindskitten': '5474869', 'squirrel3': '5475279', 'rolldice': '5152439', 'moon-buggy': '5439204', 'apple': '5495053', 'banana': '5494888', 'cherry': '5495382', 'watermelon': '5494510', 'registry': '8018911', 'hello-world': '8021526', 'docker/getting-started': '8021973', 'alpine': '7991792'}
12:15:58 INFO  EnvironmentC8y Setup
12:15:58 INFO  Executed systemctl&lt;serv_mapper1&gt;, exit status 3
12:15:58 INFO  Restarting mosquitto too frequently in the last 10 seconds. It was only up for 5 seconds
12:15:58 INFO  Delaying execution by 6 seconds
12:16:18 INFO  Executed sudo&lt;tedge_connect_c8y&gt;, exit status 0, duration 14 secs
12:16:19 INFO  Executed sudo&lt;tedge_connect_c8y_test&gt;, exit status 0
12:16:20 INFO  Executed systemctl&lt;serv_mosq2&gt;, exit status 0
12:16:20 INFO  Executed systemctl&lt;serv_mapper3&gt;, exit status 0
12:16:22 INFO  State of current operation: SUCCESSFUL
12:16:23 INFO  Assert that (False == value) with value=False ... passed
12:16:23 INFO  Assert that (False == value) with value=False ... passed
12:16:23 INFO  Assert that (False == value) with value=False ... passed
12:16:23 INFO  Package robotfindskitten is installed
12:16:23 WARN  Assert that (False == value) with value=True ... failed 
12:16:24 INFO  Response status: 201
12:16:24 INFO  Response to action: {
    &quot;creationTime&quot;: &quot;2022-05-11T12:16:24.055Z&quot;,
    &quot;deviceName&quot;: &quot;mythicc&quot;,
    &quot;deviceId&quot;: &quot;18809479&quot;,
    &quot;self&quot;: &quot;https://t493319102.eu-latest.cumulocity.com/devicecontrol/operations/18840518&quot;,
    &quot;id&quot;: &quot;18840518&quot;,
    &quot;status&quot;: &quot;PENDING&quot;,
    &quot;description&quot;: &quot;Apply software changes, triggered from PySys: [{'action': 'install', 'id': '5475369', 'name': 'asciijump', 'url': ' ', 'version': '::apt'}, {'action': 'install', 'id': '5474869', 'name': 'robotfindskitten', 'url': ' ', 'version': '::apt'}, {'action': 'install', 'id': '5475279', 'name': 'squirrel3', 'url': ' ', 'version': '::apt'}]&quot;,
    &quot;c8y_SoftwareUpdate&quot;: [
        {
            &quot;name&quot;: &quot;asciijump&quot;,
            &quot;action&quot;: &quot;install&quot;,
            &quot;id&quot;: &quot;5475369&quot;,
            &quot;version&quot;: &quot;::apt&quot;,
            &quot;url&quot;: &quot; &quot;
        },
        {
            &quot;name&quot;: &quot;robotfindskitten&quot;,
            &quot;action&quot;: &quot;install&quot;,
            &quot;id&quot;: &quot;5474869&quot;,
            &quot;version&quot;: &quot;::apt&quot;,
            &quot;url&quot;: &quot; &quot;
        },
        {
            &quot;name&quot;: &quot;squirrel3&quot;,
            &quot;action&quot;: &quot;install&quot;,
            &quot;id&quot;: &quot;5475279&quot;,
            &quot;version&quot;: &quot;::apt&quot;,
            &quot;url&quot;: &quot; &quot;
        }
    ]
}
12:16:24 INFO  Started operation: {'creationTime': '2022-05-11T12:16:24.055Z', 'deviceName': 'mythicc', 'deviceId': '18809479', 'self': 'https://t493319102.eu-latest.cumulocity.com/devicecontrol/operations/18840518', 'id': '18840518', 'status': 'PENDING', 'description': &quot;Apply software changes, triggered from PySys: [{'action': 'install', 'id': '5475369', 'name': 'asciijump', 'url': ' ', 'version': '::apt'}, {'action': 'install', 'id': '5474869', 'name': 'robotfindskitten', 'url': ' ', 'version': '::apt'}, {'action': 'install', 'id': '5475279', 'name': 'squirrel3', 'url': ' ', 'version': '::apt'}]&quot;, 'c8y_SoftwareUpdate': [{'name': 'asciijump', 'action': 'install', 'id': '5475369', 'version': '::apt', 'url': ' '}, {'name': 'robotfindskitten', 'action': 'install', 'id': '5474869', 'version': '::apt', 'url': ' '}, {'name': 'squirrel3', 'action': 'install', 'id': '5475279', 'version': '::apt', 'url': ' '}]}
12:16:26 INFO  State of operation 18840518 : PENDING
12:16:28 INFO  State of operation 18840518 : EXECUTING
12:16:30 INFO  State of operation 18840518 : EXECUTING
12:16:32 INFO  State of operation 18840518 : EXECUTING
12:16:35 INFO  State of operation 18840518 : EXECUTING
12:16:37 INFO  State of operation 18840518 : EXECUTING
12:16:40 INFO  State of operation 18840518 : EXECUTING
12:16:42 INFO  State of operation 18840518 : EXECUTING
12:16:45 INFO  State of operation 18840518 : EXECUTING
12:16:47 INFO  State of operation 18840518 : EXECUTING
12:16:49 INFO  State of operation 18840518 : EXECUTING
12:16:52 INFO  State of operation 18840518 : EXECUTING
12:16:54 INFO  State of operation 18840518 : EXECUTING
12:16:56 INFO  State of operation 18840518 : EXECUTING
12:16:58 INFO  State of operation 18840518 : EXECUTING
12:17:01 INFO  State of operation 18840518 : EXECUTING
12:17:03 INFO  State of operation 18840518 : EXECUTING
12:17:05 INFO  State of operation 18840518 : EXECUTING
12:17:08 INFO  State of operation 18840518 : EXECUTING
12:17:10 INFO  State of operation 18840518 : EXECUTING
12:17:13 INFO  State of operation 18840518 : EXECUTING
12:17:15 INFO  State of operation 18840518 : EXECUTING
12:17:18 INFO  State of operation 18840518 : EXECUTING
12:17:20 INFO  State of operation 18840518 : EXECUTING
12:17:23 INFO  State of operation 18840518 : EXECUTING
12:17:25 INFO  State of operation 18840518 : EXECUTING
12:17:27 INFO  State of operation 18840518 : EXECUTING
12:17:29 INFO  State of operation 18840518 : EXECUTING
12:17:32 INFO  State of operation 18840518 : EXECUTING
12:17:34 INFO  State of operation 18840518 : EXECUTING
12:17:36 INFO  State of operation 18840518 : EXECUTING
12:17:39 INFO  State of operation 18840518 : EXECUTING
12:17:41 INFO  State of operation 18840518 : EXECUTING
12:17:43 INFO  State of operation 18840518 : EXECUTING
12:17:45 INFO  State of operation 18840518 : EXECUTING
12:17:47 INFO  State of operation 18840518 : SUCCESSFUL
12:17:48 INFO  Assert that (False == value) with value=False ... passed
12:17:48 INFO  Package asciijump is installed
12:17:48 INFO  Assert that (True == value) with value=True ... passed
12:17:48 INFO  Package squirrel3 is installed
12:17:48 INFO  Assert that (True == value) with value=True ... passed
12:17:48 INFO  Package robotfindskitten is installed
12:17:48 INFO  Assert that (True == value) with value=True ... passed
12:17:49 INFO  Response status: 201
12:17:49 INFO  Response to action: {
    &quot;creationTime&quot;: &quot;2022-05-11T12:17:49.075Z&quot;,
    &quot;deviceName&quot;: &quot;mythicc&quot;,
    &quot;deviceId&quot;: &quot;18809479&quot;,
    &quot;self&quot;: &quot;https://t493319102.eu-latest.cumulocity.com/devicecontrol/operations/18840548&quot;,
    &quot;id&quot;: &quot;18840548&quot;,
    &quot;status&quot;: &quot;PENDING&quot;,
    &quot;description&quot;: &quot;Apply software changes, triggered from PySys: [{'action': 'delete', 'id': '5475369', 'name': 'asciijump', 'url': ' ', 'version': '::apt'}, {'action': 'delete', 'id': '5474869', 'name': 'robotfindskitten', 'url': ' ', 'version': '::apt'}, {'action': 'delete', 'id': '5475279', 'name': 'squirrel3', 'url': ' ', 'version': '::apt'}]&quot;,
    &quot;c8y_SoftwareUpdate&quot;: [
        {
            &quot;name&quot;: &quot;asciijump&quot;,
            &quot;action&quot;: &quot;delete&quot;,
            &quot;id&quot;: &quot;5475369&quot;,
            &quot;version&quot;: &quot;::apt&quot;,
            &quot;url&quot;: &quot; &quot;
        },
        {
            &quot;name&quot;: &quot;robotfindskitten&quot;,
            &quot;action&quot;: &quot;delete&quot;,
            &quot;id&quot;: &quot;5474869&quot;,
            &quot;version&quot;: &quot;::apt&quot;,
            &quot;url&quot;: &quot; &quot;
        },
        {
            &quot;name&quot;: &quot;squirrel3&quot;,
            &quot;action&quot;: &quot;delete&quot;,
            &quot;id&quot;: &quot;5475279&quot;,
            &quot;version&quot;: &quot;::apt&quot;,
            &quot;url&quot;: &quot; &quot;
        }
    ]
}
12:17:49 INFO  Started operation: {'creationTime': '2022-05-11T12:17:49.075Z', 'deviceName': 'mythicc', 'deviceId': '18809479', 'self': 'https://t493319102.eu-latest.cumulocity.com/devicecontrol/operations/18840548', 'id': '18840548', 'status': 'PENDING', 'description': &quot;Apply software changes, triggered from PySys: [{'action': 'delete', 'id': '5475369', 'name': 'asciijump', 'url': ' ', 'version': '::apt'}, {'action': 'delete', 'id': '5474869', 'name': 'robotfindskitten', 'url': ' ', 'version': '::apt'}, {'action': 'delete', 'id': '5475279', 'name': 'squirrel3', 'url': ' ', 'version': '::apt'}]&quot;, 'c8y_SoftwareUpdate': [{'name': 'asciijump', 'action': 'delete', 'id': '5475369', 'version': '::apt', 'url': ' '}, {'name': 'robotfindskitten', 'action': 'delete', 'id': '5474869', 'version': '::apt', 'url': ' '}, {'name': 'squirrel3', 'action': 'delete', 'id': '5475279', 'version': '::apt', 'url': ' '}]}
12:17:51 INFO  State of operation 18840548 : PENDING
12:17:53 INFO  State of operation 18840548 : EXECUTING
12:17:55 INFO  State of operation 18840548 : EXECUTING
12:17:58 INFO  State of operation 18840548 : EXECUTING
12:18:00 INFO  State of operation 18840548 : EXECUTING
12:18:02 INFO  State of operation 18840548 : EXECUTING
12:18:05 INFO  State of operation 18840548 : EXECUTING
12:18:08 INFO  State of operation 18840548 : EXECUTING
12:18:10 INFO  State of operation 18840548 : EXECUTING
12:18:13 INFO  State of operation 18840548 : EXECUTING
12:18:15 INFO  State of operation 18840548 : EXECUTING
12:18:17 INFO  State of operation 18840548 : EXECUTING
12:18:19 INFO  State of operation 18840548 : EXECUTING
12:18:22 INFO  State of operation 18840548 : EXECUTING
12:18:24 INFO  State of operation 18840548 : EXECUTING
12:18:26 INFO  State of operation 18840548 : EXECUTING
12:18:28 INFO  State of operation 18840548 : EXECUTING
12:18:31 INFO  State of operation 18840548 : EXECUTING
12:18:33 INFO  State of operation 18840548 : EXECUTING
12:18:36 INFO  State of operation 18840548 : EXECUTING
12:18:38 INFO  State of operation 18840548 : EXECUTING
12:18:40 INFO  State of operation 18840548 : EXECUTING
12:18:43 INFO  State of operation 18840548 : EXECUTING
12:18:45 INFO  State of operation 18840548 : EXECUTING
12:18:48 INFO  State of operation 18840548 : EXECUTING
12:18:50 INFO  State of operation 18840548 : EXECUTING
12:18:53 INFO  State of operation 18840548 : EXECUTING
12:18:55 INFO  State of operation 18840548 : EXECUTING
12:18:57 INFO  State of operation 18840548 : SUCCESSFUL
12:18:58 INFO  Assert that (False == value) with value=False ... passed
12:18:58 INFO  Assert that (False == value) with value=False ... passed
12:18:58 INFO  Assert that (False == value) with value=False ... passed
12:18:58 INFO  Assert that (False == value) with value=False ... passed
12:18:58 INFO  
12:18:58 INFO  cleanup:
12:19:03 INFO  Executed sudo&lt;tedge_disconnect_c8y&gt;, exit status 0
12:19:03 INFO  Executed systemctl&lt;serv_mapper5&gt;, exit status 3
12:19:03 INFO  
12:19:03 INFO  Test duration: 185.48 secs
12:19:03 INFO  Test final outcome:  FAILED
12:19:03 INFO  Test outcome reason: Assert that (False == value) with value=True
12:19:03 INFO  
</system-out>
	</testcase>
</testsuite>
