<?xml version="1.0" encoding="utf-8"?>
<testsuite failures="0" name="apt_prepare" skipped="0" tests="1" time="20.42" timestamp="2022-05-04T08:22:35">
	<testcase classname="AptPluginPrepare" name="apt_prepare"/>
</testsuite>
