<?xml version="1.0" encoding="utf-8"?>
<testsuite failures="0" name="apt_finalize" skipped="0" tests="1" time="153.88" timestamp="2022-04-28T07:42:28">
	<testcase classname="AptPluginFinalize" name="apt_finalize"/>
</testsuite>
