<?xml version="1.0" encoding="utf-8"?>
<testsuite failures="1" name="SoftwareManagement.sm_apt_install_remove_multiple_mixed" skipped="0" tests="1" time="177.86" timestamp="2022-05-10T20:17:39">
	<testcase classname="PySysTest" name="SoftwareManagement.sm_apt_install_remove_multiple_mixed">
		<failure message="BLOCKED: SystemError: Timeout while waiting for status SUCCESSFUL or False" type="BLOCKED"/>
		<system-out>20:14:41 INFO  ==============================================================
20:14:41 INFO  Id:    SoftwareManagement.sm_apt_install_remove_multiple_mixed
20:14:41 INFO  Dir:   software_management_end_to_end/
20:14:41 INFO  Title: Validate end to end behaviour for the apt plugin for multiple packages with mixed versions
20:14:41 INFO  ==============================================================
20:14:41 INFO  Using sw id database: {'asciijump': '5475369', 'robotfindskitten': '5474869', 'squirrel3': '5475279', 'rolldice': '5152439', 'moon-buggy': '5439204', 'apple': '5495053', 'banana': '5494888', 'cherry': '5495382', 'watermelon': '5494510', 'registry': '8018911', 'hello-world': '8021526', 'docker/getting-started': '8021973', 'alpine': '7991792'}
20:14:41 INFO  EnvironmentC8y Setup
20:14:42 INFO  Executed systemctl&lt;serv_mapper1&gt;, exit status 3
20:14:42 INFO  Restarting mosquitto too frequently in the last 10 seconds. It was only up for 5 seconds
20:14:42 INFO  Delaying execution by 6 seconds
20:15:02 INFO  Executed sudo&lt;tedge_connect_c8y&gt;, exit status 0, duration 13 secs
20:15:02 INFO  Executed sudo&lt;tedge_connect_c8y_test&gt;, exit status 0
20:15:03 INFO  Executed systemctl&lt;serv_mosq2&gt;, exit status 0
20:15:03 INFO  Executed systemctl&lt;serv_mapper3&gt;, exit status 0
20:15:05 INFO  State of current operation: SUCCESSFUL
20:15:06 INFO  Assert that (False == value) with value=False ... passed
20:15:06 INFO  Assert that (False == value) with value=False ... passed
20:15:06 INFO  Assert that (False == value) with value=False ... passed
20:15:06 INFO  Assert that (False == value) with value=False ... passed
20:15:07 INFO  Assert that (False == value) with value=False ... passed
20:15:08 INFO  Response status: 201
20:15:08 INFO  Response to action: {
    &quot;delivery&quot;: {
        &quot;time&quot;: &quot;2022-05-10T20:15:08.468Z&quot;,
        &quot;log&quot;: [],
        &quot;status&quot;: &quot;PENDING&quot;
    },
    &quot;creationTime&quot;: &quot;2022-05-10T20:15:08.448Z&quot;,
    &quot;deviceName&quot;: &quot;mythicc&quot;,
    &quot;deviceId&quot;: &quot;18732225&quot;,
    &quot;self&quot;: &quot;https://t493319102.eu-latest.cumulocity.com/devicecontrol/operations/18751661&quot;,
    &quot;id&quot;: &quot;18751661&quot;,
    &quot;status&quot;: &quot;PENDING&quot;,
    &quot;description&quot;: &quot;Apply software changes, triggered from PySys: [{'action': 'install', 'id': '5475369', 'name': 'asciijump', 'url': ' ', 'version': '::apt'}, {'action': 'install', 'id': '5474869', 'name': 'robotfindskitten', 'url': ' ', 'version': ' '}, {'action': 'install', 'id': '5475279', 'name': 'squirrel3', 'url': ' ', 'version': '3.1-7::apt'}, {'action': 'install', 'id': '5152439', 'name': 'rolldice', 'url': ' ', 'version': '1.16-1+b1'}, {'action': 'install', 'id': '5439204', 'name': 'moon-buggy', 'url': ' ', 'version': '1:1.0.51-12'}, {'action': 'install', 'id': '5475369', 'name': 'asciijump', 'url': ' ', 'version': '::apt'}]&quot;,
    &quot;c8y_SoftwareUpdate&quot;: [
        {
            &quot;name&quot;: &quot;asciijump&quot;,
            &quot;action&quot;: &quot;install&quot;,
            &quot;id&quot;: &quot;5475369&quot;,
            &quot;version&quot;: &quot;::apt&quot;,
            &quot;url&quot;: &quot; &quot;
        },
        {
            &quot;name&quot;: &quot;robotfindskitten&quot;,
            &quot;action&quot;: &quot;install&quot;,
            &quot;id&quot;: &quot;5474869&quot;,
            &quot;version&quot;: &quot; &quot;,
            &quot;url&quot;: &quot; &quot;
        },
        {
            &quot;name&quot;: &quot;squirrel3&quot;,
            &quot;action&quot;: &quot;install&quot;,
            &quot;id&quot;: &quot;5475279&quot;,
            &quot;version&quot;: &quot;3.1-7::apt&quot;,
            &quot;url&quot;: &quot; &quot;
        },
        {
            &quot;name&quot;: &quot;rolldice&quot;,
            &quot;action&quot;: &quot;install&quot;,
            &quot;id&quot;: &quot;5152439&quot;,
            &quot;version&quot;: &quot;1.16-1+b1&quot;,
            &quot;url&quot;: &quot; &quot;
        },
        {
            &quot;name&quot;: &quot;moon-buggy&quot;,
            &quot;action&quot;: &quot;install&quot;,
            &quot;id&quot;: &quot;5439204&quot;,
            &quot;version&quot;: &quot;1:1.0.51-12&quot;,
            &quot;url&quot;: &quot; &quot;
        },
        {
            &quot;name&quot;: &quot;asciijump&quot;,
            &quot;action&quot;: &quot;install&quot;,
            &quot;id&quot;: &quot;5475369&quot;,
            &quot;version&quot;: &quot;::apt&quot;,
            &quot;url&quot;: &quot; &quot;
        }
    ]
}
20:15:08 INFO  Started operation: {'delivery': {'time': '2022-05-10T20:15:08.468Z', 'log': [], 'status': 'PENDING'}, 'creationTime': '2022-05-10T20:15:08.448Z', 'deviceName': 'mythicc', 'deviceId': '18732225', 'self': 'https://t493319102.eu-latest.cumulocity.com/devicecontrol/operations/18751661', 'id': '18751661', 'status': 'PENDING', 'description': &quot;Apply software changes, triggered from PySys: [{'action': 'install', 'id': '5475369', 'name': 'asciijump', 'url': ' ', 'version': '::apt'}, {'action': 'install', 'id': '5474869', 'name': 'robotfindskitten', 'url': ' ', 'version': ' '}, {'action': 'install', 'id': '5475279', 'name': 'squirrel3', 'url': ' ', 'version': '3.1-7::apt'}, {'action': 'install', 'id': '5152439', 'name': 'rolldice', 'url': ' ', 'version': '1.16-1+b1'}, {'action': 'install', 'id': '5439204', 'name': 'moon-buggy', 'url': ' ', 'version': '1:1.0.51-12'}, {'action': 'install', 'id': '5475369', 'name': 'asciijump', 'url': ' ', 'version': '::apt'}]&quot;, 'c8y_SoftwareUpdate': [{'name': 'asciijump', 'action': 'install', 'id': '5475369', 'version': '::apt', 'url': ' '}, {'name': 'robotfindskitten', 'action': 'install', 'id': '5474869', 'version': ' ', 'url': ' '}, {'name': 'squirrel3', 'action': 'install', 'id': '5475279', 'version': '3.1-7::apt', 'url': ' '}, {'name': 'rolldice', 'action': 'install', 'id': '5152439', 'version': '1.16-1+b1', 'url': ' '}, {'name': 'moon-buggy', 'action': 'install', 'id': '5439204', 'version': '1:1.0.51-12', 'url': ' '}, {'name': 'asciijump', 'action': 'install', 'id': '5475369', 'version': '::apt', 'url': ' '}]}
20:15:10 INFO  State of operation 18751661 : PENDING
20:15:12 INFO  State of operation 18751661 : EXECUTING
20:15:15 INFO  State of operation 18751661 : EXECUTING
20:15:17 INFO  State of operation 18751661 : EXECUTING
20:15:19 INFO  State of operation 18751661 : EXECUTING
20:15:21 INFO  State of operation 18751661 : EXECUTING
20:15:24 INFO  State of operation 18751661 : EXECUTING
20:15:27 INFO  State of operation 18751661 : EXECUTING
20:15:29 INFO  State of operation 18751661 : EXECUTING
20:15:32 INFO  State of operation 18751661 : EXECUTING
20:15:34 INFO  State of operation 18751661 : EXECUTING
20:15:36 INFO  State of operation 18751661 : EXECUTING
20:15:38 INFO  State of operation 18751661 : EXECUTING
20:15:41 INFO  State of operation 18751661 : EXECUTING
20:15:43 INFO  State of operation 18751661 : EXECUTING
20:15:45 INFO  State of operation 18751661 : EXECUTING
20:15:47 INFO  State of operation 18751661 : EXECUTING
20:15:50 INFO  State of operation 18751661 : EXECUTING
20:15:52 INFO  State of operation 18751661 : EXECUTING
20:15:55 INFO  State of operation 18751661 : EXECUTING
20:15:57 INFO  State of operation 18751661 : EXECUTING
20:15:59 INFO  State of operation 18751661 : EXECUTING
20:16:01 INFO  State of operation 18751661 : EXECUTING
20:16:04 INFO  State of operation 18751661 : EXECUTING
20:16:06 INFO  State of operation 18751661 : EXECUTING
20:16:09 INFO  State of operation 18751661 : EXECUTING
20:16:11 INFO  State of operation 18751661 : EXECUTING
20:16:14 INFO  State of operation 18751661 : EXECUTING
20:16:16 INFO  State of operation 18751661 : EXECUTING
20:16:19 INFO  State of operation 18751661 : EXECUTING
20:16:21 INFO  State of operation 18751661 : EXECUTING
20:16:23 INFO  State of operation 18751661 : EXECUTING
20:16:25 INFO  State of operation 18751661 : EXECUTING
20:16:28 INFO  State of operation 18751661 : EXECUTING
20:16:30 INFO  State of operation 18751661 : EXECUTING
20:16:32 INFO  State of operation 18751661 : EXECUTING
20:16:34 INFO  State of operation 18751661 : EXECUTING
20:16:37 INFO  State of operation 18751661 : EXECUTING
20:16:39 INFO  State of operation 18751661 : EXECUTING
20:16:42 INFO  State of operation 18751661 : EXECUTING
20:16:44 INFO  State of operation 18751661 : EXECUTING
20:16:47 INFO  State of operation 18751661 : EXECUTING
20:16:49 INFO  State of operation 18751661 : EXECUTING
20:16:51 INFO  State of operation 18751661 : EXECUTING
20:16:54 INFO  State of operation 18751661 : EXECUTING
20:16:56 INFO  State of operation 18751661 : EXECUTING
20:16:58 INFO  State of operation 18751661 : EXECUTING
20:17:00 INFO  State of operation 18751661 : EXECUTING
20:17:02 INFO  State of operation 18751661 : EXECUTING
20:17:05 INFO  State of operation 18751661 : EXECUTING
20:17:07 INFO  State of operation 18751661 : EXECUTING
20:17:10 INFO  State of operation 18751661 : EXECUTING
20:17:12 INFO  State of operation 18751661 : EXECUTING
20:17:14 INFO  State of operation 18751661 : EXECUTING
20:17:17 INFO  State of operation 18751661 : EXECUTING
20:17:19 INFO  State of operation 18751661 : EXECUTING
20:17:22 INFO  State of operation 18751661 : EXECUTING
20:17:24 INFO  State of operation 18751661 : EXECUTING
20:17:26 INFO  State of operation 18751661 : EXECUTING
20:17:29 INFO  State of operation 18751661 : EXECUTING
20:17:31 INFO  State of operation 18751661 : EXECUTING
20:17:33 WARN  SystemError occurred while running test - Timeout while waiting for status SUCCESSFUL or False
Traceback (most recent call last):
  File &quot;/home/pi/env-pysys/lib/python3.7/site-packages/pysys/baserunner.py&quot;, line 1294, in __call__
    self.testObj.execute()
  File &quot;/home/pi/actions-runner/_work/thin-edge.io/thin-edge.io/tests/PySys/software_management_end_to_end/sm_apt_install_remove_multiple_mixed/run.py&quot;, line 89, in execute
    self.wait_until_succcess()
  File &quot;/home/pi/actions-runner/_work/thin-edge.io/thin-edge.io/tests/PySys/software_management_end_to_end/environment_sm_management.py&quot;, line 324, in wait_until_succcess
    self.wait_until_status(&quot;SUCCESSFUL&quot;)
  File &quot;/home/pi/actions-runner/_work/thin-edge.io/thin-edge.io/tests/PySys/software_management_end_to_end/environment_sm_management.py&quot;, line 381, in wait_until_status
    &quot;Timeout while waiting for status %s or %s&quot; % (status, status2)
SystemError: Timeout while waiting for status SUCCESSFUL or False
20:17:34 WARN  SystemError: Timeout while waiting for status SUCCESSFUL or False ... blocked 
20:17:34 INFO  
20:17:34 INFO  cleanup:
20:17:38 INFO  Executed sudo&lt;tedge_disconnect_c8y&gt;, exit status 0
20:17:39 INFO  Executed systemctl&lt;serv_mapper5&gt;, exit status 3
20:17:39 INFO  
20:17:39 INFO  Test duration: 177.86 secs
20:17:39 INFO  Test final outcome:  BLOCKED
20:17:39 INFO  Test outcome reason: SystemError: Timeout while waiting for status SUCCESSFUL or False
20:17:39 INFO  
</system-out>
	</testcase>
</testsuite>
