<?xml version="1.0" encoding="utf-8"?>
<testsuite failures="1" name="SoftwareManagement.sm_apt_install_remove_multiple_mixed" skipped="0" tests="1" time="178.22" timestamp="2022-05-04T08:48:31">
	<testcase classname="PySysTest" name="SoftwareManagement.sm_apt_install_remove_multiple_mixed">
		<failure message="BLOCKED: SystemError: Timeout while waiting for status SUCCESSFUL or False" type="BLOCKED"/>
		<system-out>08:45:33 INFO  ==============================================================
08:45:33 INFO  Id:    SoftwareManagement.sm_apt_install_remove_multiple_mixed
08:45:33 INFO  Dir:   software_management_end_to_end/
08:45:33 INFO  Title: Validate end to end behaviour for the apt plugin for multiple packages with mixed versions
08:45:33 INFO  ==============================================================
08:45:33 INFO  Using sw id database: {'asciijump': '5475369', 'robotfindskitten': '5474869', 'squirrel3': '5475279', 'rolldice': '5152439', 'moon-buggy': '5439204', 'apple': '5495053', 'banana': '5494888', 'cherry': '5495382', 'watermelon': '5494510', 'registry': '8018911', 'hello-world': '8021526', 'docker/getting-started': '8021973', 'alpine': '7991792'}
08:45:33 INFO  EnvironmentC8y Setup
08:45:34 INFO  Executed systemctl&lt;serv_mapper1&gt;, exit status 3
08:45:34 INFO  Restarting mosquitto too frequently in the last 10 seconds. It was only up for 5 seconds
08:45:34 INFO  Delaying execution by 6 seconds
08:45:54 INFO  Executed sudo&lt;tedge_connect_c8y&gt;, exit status 0, duration 14 secs
08:45:55 INFO  Executed sudo&lt;tedge_connect_c8y_test&gt;, exit status 0
08:45:55 INFO  Executed systemctl&lt;serv_mosq2&gt;, exit status 0
08:45:55 INFO  Executed systemctl&lt;serv_mapper3&gt;, exit status 0
08:45:58 INFO  State of current operation: SUCCESSFUL
08:45:58 INFO  Assert that (False == value) with value=False ... passed
08:45:58 INFO  Assert that (False == value) with value=False ... passed
08:45:58 INFO  Assert that (False == value) with value=False ... passed
08:45:59 INFO  Assert that (False == value) with value=False ... passed
08:45:59 INFO  Assert that (False == value) with value=False ... passed
08:46:00 INFO  Response status: 201
08:46:00 INFO  Response to action: {
    &quot;creationTime&quot;: &quot;2022-05-04T08:46:00.487Z&quot;,
    &quot;deviceName&quot;: &quot;mythicc&quot;,
    &quot;deviceId&quot;: &quot;18330806&quot;,
    &quot;self&quot;: &quot;https://t493319102.eu-latest.cumulocity.com/devicecontrol/operations/18370010&quot;,
    &quot;id&quot;: &quot;18370010&quot;,
    &quot;status&quot;: &quot;PENDING&quot;,
    &quot;description&quot;: &quot;Apply software changes, triggered from PySys: [{'action': 'install', 'id': '5475369', 'name': 'asciijump', 'url': ' ', 'version': '::apt'}, {'action': 'install', 'id': '5474869', 'name': 'robotfindskitten', 'url': ' ', 'version': ' '}, {'action': 'install', 'id': '5475279', 'name': 'squirrel3', 'url': ' ', 'version': '3.1-7::apt'}, {'action': 'install', 'id': '5152439', 'name': 'rolldice', 'url': ' ', 'version': '1.16-1+b1'}, {'action': 'install', 'id': '5439204', 'name': 'moon-buggy', 'url': ' ', 'version': '1:1.0.51-12'}, {'action': 'install', 'id': '5475369', 'name': 'asciijump', 'url': ' ', 'version': '::apt'}]&quot;,
    &quot;c8y_SoftwareUpdate&quot;: [
        {
            &quot;name&quot;: &quot;asciijump&quot;,
            &quot;action&quot;: &quot;install&quot;,
            &quot;id&quot;: &quot;5475369&quot;,
            &quot;version&quot;: &quot;::apt&quot;,
            &quot;url&quot;: &quot; &quot;
        },
        {
            &quot;name&quot;: &quot;robotfindskitten&quot;,
            &quot;action&quot;: &quot;install&quot;,
            &quot;id&quot;: &quot;5474869&quot;,
            &quot;version&quot;: &quot; &quot;,
            &quot;url&quot;: &quot; &quot;
        },
        {
            &quot;name&quot;: &quot;squirrel3&quot;,
            &quot;action&quot;: &quot;install&quot;,
            &quot;id&quot;: &quot;5475279&quot;,
            &quot;version&quot;: &quot;3.1-7::apt&quot;,
            &quot;url&quot;: &quot; &quot;
        },
        {
            &quot;name&quot;: &quot;rolldice&quot;,
            &quot;action&quot;: &quot;install&quot;,
            &quot;id&quot;: &quot;5152439&quot;,
            &quot;version&quot;: &quot;1.16-1+b1&quot;,
            &quot;url&quot;: &quot; &quot;
        },
        {
            &quot;name&quot;: &quot;moon-buggy&quot;,
            &quot;action&quot;: &quot;install&quot;,
            &quot;id&quot;: &quot;5439204&quot;,
            &quot;version&quot;: &quot;1:1.0.51-12&quot;,
            &quot;url&quot;: &quot; &quot;
        },
        {
            &quot;name&quot;: &quot;asciijump&quot;,
            &quot;action&quot;: &quot;install&quot;,
            &quot;id&quot;: &quot;5475369&quot;,
            &quot;version&quot;: &quot;::apt&quot;,
            &quot;url&quot;: &quot; &quot;
        }
    ]
}
08:46:00 INFO  Started operation: {'creationTime': '2022-05-04T08:46:00.487Z', 'deviceName': 'mythicc', 'deviceId': '18330806', 'self': 'https://t493319102.eu-latest.cumulocity.com/devicecontrol/operations/18370010', 'id': '18370010', 'status': 'PENDING', 'description': &quot;Apply software changes, triggered from PySys: [{'action': 'install', 'id': '5475369', 'name': 'asciijump', 'url': ' ', 'version': '::apt'}, {'action': 'install', 'id': '5474869', 'name': 'robotfindskitten', 'url': ' ', 'version': ' '}, {'action': 'install', 'id': '5475279', 'name': 'squirrel3', 'url': ' ', 'version': '3.1-7::apt'}, {'action': 'install', 'id': '5152439', 'name': 'rolldice', 'url': ' ', 'version': '1.16-1+b1'}, {'action': 'install', 'id': '5439204', 'name': 'moon-buggy', 'url': ' ', 'version': '1:1.0.51-12'}, {'action': 'install', 'id': '5475369', 'name': 'asciijump', 'url': ' ', 'version': '::apt'}]&quot;, 'c8y_SoftwareUpdate': [{'name': 'asciijump', 'action': 'install', 'id': '5475369', 'version': '::apt', 'url': ' '}, {'name': 'robotfindskitten', 'action': 'install', 'id': '5474869', 'version': ' ', 'url': ' '}, {'name': 'squirrel3', 'action': 'install', 'id': '5475279', 'version': '3.1-7::apt', 'url': ' '}, {'name': 'rolldice', 'action': 'install', 'id': '5152439', 'version': '1.16-1+b1', 'url': ' '}, {'name': 'moon-buggy', 'action': 'install', 'id': '5439204', 'version': '1:1.0.51-12', 'url': ' '}, {'name': 'asciijump', 'action': 'install', 'id': '5475369', 'version': '::apt', 'url': ' '}]}
08:46:02 INFO  State of operation 18370010 : PENDING
08:46:04 INFO  State of operation 18370010 : EXECUTING
08:46:07 INFO  State of operation 18370010 : EXECUTING
08:46:09 INFO  State of operation 18370010 : EXECUTING
08:46:11 INFO  State of operation 18370010 : EXECUTING
08:46:13 INFO  State of operation 18370010 : EXECUTING
08:46:16 INFO  State of operation 18370010 : EXECUTING
08:46:19 INFO  State of operation 18370010 : EXECUTING
08:46:21 INFO  State of operation 18370010 : EXECUTING
08:46:24 INFO  State of operation 18370010 : EXECUTING
08:46:26 INFO  State of operation 18370010 : EXECUTING
08:46:28 INFO  State of operation 18370010 : EXECUTING
08:46:30 INFO  State of operation 18370010 : EXECUTING
08:46:33 INFO  State of operation 18370010 : EXECUTING
08:46:35 INFO  State of operation 18370010 : EXECUTING
08:46:37 INFO  State of operation 18370010 : EXECUTING
08:46:39 INFO  State of operation 18370010 : EXECUTING
08:46:42 INFO  State of operation 18370010 : EXECUTING
08:46:45 INFO  State of operation 18370010 : EXECUTING
08:46:47 INFO  State of operation 18370010 : EXECUTING
08:46:49 INFO  State of operation 18370010 : EXECUTING
08:46:51 INFO  State of operation 18370010 : EXECUTING
08:46:54 INFO  State of operation 18370010 : EXECUTING
08:46:56 INFO  State of operation 18370010 : EXECUTING
08:47:00 INFO  State of operation 18370010 : EXECUTING
08:47:02 INFO  State of operation 18370010 : EXECUTING
08:47:05 INFO  State of operation 18370010 : EXECUTING
08:47:07 INFO  State of operation 18370010 : EXECUTING
08:47:09 INFO  State of operation 18370010 : EXECUTING
08:47:12 INFO  State of operation 18370010 : EXECUTING
08:47:14 INFO  State of operation 18370010 : EXECUTING
08:47:16 INFO  State of operation 18370010 : EXECUTING
08:47:19 INFO  State of operation 18370010 : EXECUTING
08:47:21 INFO  State of operation 18370010 : EXECUTING
08:47:23 INFO  State of operation 18370010 : EXECUTING
08:47:25 INFO  State of operation 18370010 : EXECUTING
08:47:28 INFO  State of operation 18370010 : EXECUTING
08:47:30 INFO  State of operation 18370010 : EXECUTING
08:47:32 INFO  State of operation 18370010 : EXECUTING
08:47:35 INFO  State of operation 18370010 : EXECUTING
08:47:38 INFO  State of operation 18370010 : EXECUTING
08:47:40 INFO  State of operation 18370010 : EXECUTING
08:47:42 INFO  State of operation 18370010 : EXECUTING
08:47:44 INFO  State of operation 18370010 : EXECUTING
08:47:47 INFO  State of operation 18370010 : EXECUTING
08:47:49 INFO  State of operation 18370010 : EXECUTING
08:47:51 INFO  State of operation 18370010 : EXECUTING
08:47:53 INFO  State of operation 18370010 : EXECUTING
08:47:56 INFO  State of operation 18370010 : EXECUTING
08:47:58 INFO  State of operation 18370010 : EXECUTING
08:48:01 INFO  State of operation 18370010 : EXECUTING
08:48:03 INFO  State of operation 18370010 : EXECUTING
08:48:05 INFO  State of operation 18370010 : EXECUTING
08:48:08 INFO  State of operation 18370010 : EXECUTING
08:48:10 INFO  State of operation 18370010 : EXECUTING
08:48:13 INFO  State of operation 18370010 : EXECUTING
08:48:15 INFO  State of operation 18370010 : EXECUTING
08:48:17 INFO  State of operation 18370010 : EXECUTING
08:48:19 INFO  State of operation 18370010 : EXECUTING
08:48:22 INFO  State of operation 18370010 : EXECUTING
08:48:24 INFO  State of operation 18370010 : EXECUTING
08:48:26 WARN  SystemError occurred while running test - Timeout while waiting for status SUCCESSFUL or False
Traceback (most recent call last):
  File &quot;/home/pi/env-pysys/lib/python3.7/site-packages/pysys/baserunner.py&quot;, line 1294, in __call__
    self.testObj.execute()
  File &quot;/home/pi/actions-runner/_work/thin-edge.io/thin-edge.io/tests/PySys/software_management_end_to_end/sm_apt_install_remove_multiple_mixed/run.py&quot;, line 89, in execute
    self.wait_until_succcess()
  File &quot;/home/pi/actions-runner/_work/thin-edge.io/thin-edge.io/tests/PySys/software_management_end_to_end/environment_sm_management.py&quot;, line 324, in wait_until_succcess
    self.wait_until_status(&quot;SUCCESSFUL&quot;)
  File &quot;/home/pi/actions-runner/_work/thin-edge.io/thin-edge.io/tests/PySys/software_management_end_to_end/environment_sm_management.py&quot;, line 381, in wait_until_status
    &quot;Timeout while waiting for status %s or %s&quot; % (status, status2)
SystemError: Timeout while waiting for status SUCCESSFUL or False
08:48:26 WARN  SystemError: Timeout while waiting for status SUCCESSFUL or False ... blocked 
08:48:26 INFO  
08:48:26 INFO  cleanup:
08:48:31 INFO  Executed sudo&lt;tedge_disconnect_c8y&gt;, exit status 0
08:48:31 INFO  Executed systemctl&lt;serv_mapper5&gt;, exit status 3
08:48:31 INFO  
08:48:31 INFO  Test duration: 178.22 secs
08:48:31 INFO  Test final outcome:  BLOCKED
08:48:31 INFO  Test outcome reason: SystemError: Timeout while waiting for status SUCCESSFUL or False
08:48:31 INFO  
</system-out>
	</testcase>
</testsuite>
