<?xml version="1.0" encoding="utf-8"?>
<testsuite failures="0" name="apt_prepare" skipped="0" tests="1" time="21.77" timestamp="2022-05-11T11:56:01">
	<testcase classname="AptPluginPrepare" name="apt_prepare"/>
</testsuite>
