<?xml version="1.0" encoding="utf-8"?>
<testsuite failures="0" name="apt_finalize" skipped="0" tests="1" time="152.38" timestamp="2022-04-29T09:26:21">
	<testcase classname="AptPluginFinalize" name="apt_finalize"/>
</testsuite>
