<?xml version="1.0" encoding="utf-8"?>
<testsuite name="SoftwareManagement.Plugin.apama_plugin_update" tests="1" failures="1" skipped="0" time="22.76" timestamp="2022-05-02T16:09:51">
	<testcase classname="ApamaPluginUpdateTest" name="SoftwareManagement.Plugin.apama_plugin_update">
		<failure message="BLOCKED: sudo&lt;plugin_install&gt; returned non-zero exit code 2" type="BLOCKED"/>
		<system-out>16:09:28 INFO  ==============================================================
16:09:28 INFO  Id:    SoftwareManagement.Plugin.apama_plugin_update
16:09:28 INFO  Dir:   plugin_apama/
16:09:28 INFO  Title: Validate apama plugin updating one project with another
16:09:28 INFO  ==============================================================
16:09:28 INFO  Assertion that path exists=False for &quot;/etc/tedge/apama/project&quot; ... passed
16:09:29 INFO  Executed sudo&lt;create_project_dir&gt;, exit status 0
16:09:29 INFO  Executed sudo&lt;unzip_apama_project&gt;, exit status 0
16:09:30 INFO  Executed sudo&lt;move_apama_project&gt;, exit status 0
16:09:31 INFO  Executed sudo&lt;restart_apama_service&gt;, exit status 0
16:09:31 INFO  Executed sudo&lt;apama_correlator_wait&gt;, exit status 0
16:09:31 INFO  Assertion that path exists=True for &quot;/etc/tedge/apama/project&quot; ... passed
16:09:32 INFO  Executed sudo&lt;apama_list_monitors&gt;, exit status 0
16:09:32 INFO  Grep on file /home/pi/actions-runner/_work/thin-edge.io/thin-edge.io/tests/PySys/plugin_apama/apama_plugin_update/Output/linux/apama_list_monitors.out ... passed
16:09:33 WARN  Executed sudo&lt;plugin_install&gt;, exit status 2
16:09:33 INFO  Contents of plugin_install.err: 
  ERROR: Directory not empty (os error 39)
  -----

16:09:34 WARN  sudo&lt;plugin_install&gt; returned non-zero exit code 2 ... blocked [run.py:26]
16:09:34 WARN  Aborted test due to BLOCKED outcome
16:09:34 INFO  
16:09:34 INFO  cleanup:
16:09:34 INFO  Removing apama project
16:09:50 INFO  Executed sudo&lt;stop_apama_service&gt;, exit status 0, duration 16 secs
16:09:50 INFO  Executed sudo&lt;remove_apama_project&gt;, exit status 0
16:09:51 INFO  Executed sudo&lt;remove_apama_tmp_dir&gt;, exit status 0
16:09:51 INFO  
16:09:51 INFO  Test duration: 22.76 secs
16:09:51 INFO  Test final outcome:  BLOCKED
16:09:51 INFO  Test outcome reason: sudo&lt;plugin_install&gt; returned non-zero exit code 2
16:09:51 INFO  
</system-out>
	</testcase>
</testsuite>
