<?xml version="1.0" encoding="utf-8"?>
<testsuite name="SoftwareManagement.sm_apt_install_remove_multiple_mixed" tests="1" failures="1" skipped="0" time="186.43" timestamp="2022-05-23T10:37:27">
	<testcase classname="PySysTest" name="SoftwareManagement.sm_apt_install_remove_multiple_mixed">
		<failure message="BLOCKED: SystemError: Timeout while waiting for status SUCCESSFUL or False (+1 other failures)" type="BLOCKED"/>
		<system-out>10:34:21 INFO  ==============================================================
10:34:21 INFO  Id:    SoftwareManagement.sm_apt_install_remove_multiple_mixed
10:34:21 INFO  Dir:   software_management_end_to_end/
10:34:21 INFO  Title: Validate end to end behaviour for the apt plugin for multiple packages with mixed versions
10:34:21 INFO  ==============================================================
10:34:21 INFO  Using sw id database: {'asciijump': '5475369', 'robotfindskitten': '5474869', 'squirrel3': '5475279', 'rolldice': '5152439', 'moon-buggy': '5439204', 'apple': '5495053', 'banana': '5494888', 'cherry': '5495382', 'watermelon': '5494510', 'registry': '8018911', 'hello-world': '8021526', 'docker/getting-started': '8021973', 'alpine': '7991792'}
10:34:21 INFO  EnvironmentC8y Setup
10:34:21 INFO  Executed systemctl&lt;serv_mapper1&gt;, exit status 3
10:34:21 INFO  Restarting mosquitto too frequently in the last 10 seconds. It was only up for 6 seconds
10:34:21 INFO  Delaying execution by 5 seconds
10:34:44 INFO  Executed sudo&lt;tedge_connect_c8y&gt;, exit status 0, duration 17 secs
10:34:45 INFO  Executed sudo&lt;tedge_connect_c8y_test&gt;, exit status 0
10:34:45 INFO  Executed systemctl&lt;serv_mosq2&gt;, exit status 0
10:34:46 INFO  Executed systemctl&lt;serv_mapper3&gt;, exit status 0
10:34:48 INFO  State of current operation: SUCCESSFUL
10:34:48 INFO  Assert that (False == value) with value=False ... passed
10:34:48 INFO  Assert that (False == value) with value=False ... passed
10:34:49 INFO  Assert that (False == value) with value=False ... passed
10:34:49 INFO  Assert that (False == value) with value=False ... passed
10:34:49 INFO  Package moon-buggy is installed
10:34:49 WARN  Assert that (False == value) with value=True ... failed 
10:34:52 INFO  Response status: 201
10:34:52 INFO  Response to action: {
    &quot;creationTime&quot;: &quot;2022-05-23T10:34:52.028Z&quot;,
    &quot;deviceId&quot;: &quot;19484865&quot;,
    &quot;deviceName&quot;: &quot;m32sd11e&quot;,
    &quot;self&quot;: &quot;https://t493319102.eu-latest.cumulocity.com/devicecontrol/operations/19512943&quot;,
    &quot;id&quot;: &quot;19512943&quot;,
    &quot;status&quot;: &quot;PENDING&quot;,
    &quot;description&quot;: &quot;Apply software changes, triggered from PySys: [{'action': 'install', 'id': '5475369', 'name': 'asciijump', 'url': ' ', 'version': '::apt'}, {'action': 'install', 'id': '5474869', 'name': 'robotfindskitten', 'url': ' ', 'version': ' '}, {'action': 'install', 'id': '5475279', 'name': 'squirrel3', 'url': ' ', 'version': '3.1-8::apt'}, {'action': 'install', 'id': '5152439', 'name': 'rolldice', 'url': ' ', 'version': '1.16-1+b2'}, {'action': 'install', 'id': '5439204', 'name': 'moon-buggy', 'url': ' ', 'version': '1:1.0.51-13'}, {'action': 'install', 'id': '5475369', 'name': 'asciijump', 'url': ' ', 'version': '::apt'}]&quot;,
    &quot;c8y_SoftwareUpdate&quot;: [
        {
            &quot;name&quot;: &quot;asciijump&quot;,
            &quot;action&quot;: &quot;install&quot;,
            &quot;id&quot;: &quot;5475369&quot;,
            &quot;version&quot;: &quot;::apt&quot;,
            &quot;url&quot;: &quot; &quot;
        },
        {
            &quot;name&quot;: &quot;robotfindskitten&quot;,
            &quot;action&quot;: &quot;install&quot;,
            &quot;id&quot;: &quot;5474869&quot;,
            &quot;version&quot;: &quot; &quot;,
            &quot;url&quot;: &quot; &quot;
        },
        {
            &quot;name&quot;: &quot;squirrel3&quot;,
            &quot;action&quot;: &quot;install&quot;,
            &quot;id&quot;: &quot;5475279&quot;,
            &quot;version&quot;: &quot;3.1-8::apt&quot;,
            &quot;url&quot;: &quot; &quot;
        },
        {
            &quot;name&quot;: &quot;rolldice&quot;,
            &quot;action&quot;: &quot;install&quot;,
            &quot;id&quot;: &quot;5152439&quot;,
            &quot;version&quot;: &quot;1.16-1+b2&quot;,
            &quot;url&quot;: &quot; &quot;
        },
        {
            &quot;name&quot;: &quot;moon-buggy&quot;,
            &quot;action&quot;: &quot;install&quot;,
            &quot;id&quot;: &quot;5439204&quot;,
            &quot;version&quot;: &quot;1:1.0.51-13&quot;,
            &quot;url&quot;: &quot; &quot;
        },
        {
            &quot;name&quot;: &quot;asciijump&quot;,
            &quot;action&quot;: &quot;install&quot;,
            &quot;id&quot;: &quot;5475369&quot;,
            &quot;version&quot;: &quot;::apt&quot;,
            &quot;url&quot;: &quot; &quot;
        }
    ]
}
10:34:52 INFO  Started operation: {'creationTime': '2022-05-23T10:34:52.028Z', 'deviceId': '19484865', 'deviceName': 'm32sd11e', 'self': 'https://t493319102.eu-latest.cumulocity.com/devicecontrol/operations/19512943', 'id': '19512943', 'status': 'PENDING', 'description': &quot;Apply software changes, triggered from PySys: [{'action': 'install', 'id': '5475369', 'name': 'asciijump', 'url': ' ', 'version': '::apt'}, {'action': 'install', 'id': '5474869', 'name': 'robotfindskitten', 'url': ' ', 'version': ' '}, {'action': 'install', 'id': '5475279', 'name': 'squirrel3', 'url': ' ', 'version': '3.1-8::apt'}, {'action': 'install', 'id': '5152439', 'name': 'rolldice', 'url': ' ', 'version': '1.16-1+b2'}, {'action': 'install', 'id': '5439204', 'name': 'moon-buggy', 'url': ' ', 'version': '1:1.0.51-13'}, {'action': 'install', 'id': '5475369', 'name': 'asciijump', 'url': ' ', 'version': '::apt'}]&quot;, 'c8y_SoftwareUpdate': [{'name': 'asciijump', 'action': 'install', 'id': '5475369', 'version': '::apt', 'url': ' '}, {'name': 'robotfindskitten', 'action': 'install', 'id': '5474869', 'version': ' ', 'url': ' '}, {'name': 'squirrel3', 'action': 'install', 'id': '5475279', 'version': '3.1-8::apt', 'url': ' '}, {'name': 'rolldice', 'action': 'install', 'id': '5152439', 'version': '1.16-1+b2', 'url': ' '}, {'name': 'moon-buggy', 'action': 'install', 'id': '5439204', 'version': '1:1.0.51-13', 'url': ' '}, {'name': 'asciijump', 'action': 'install', 'id': '5475369', 'version': '::apt', 'url': ' '}]}
10:34:54 INFO  State of operation 19512943 : PENDING
10:34:56 INFO  State of operation 19512943 : EXECUTING
10:34:58 INFO  State of operation 19512943 : EXECUTING
10:35:01 INFO  State of operation 19512943 : EXECUTING
10:35:03 INFO  State of operation 19512943 : EXECUTING
10:35:05 INFO  State of operation 19512943 : EXECUTING
10:35:07 INFO  State of operation 19512943 : EXECUTING
10:35:11 INFO  State of operation 19512943 : EXECUTING
10:35:14 INFO  State of operation 19512943 : EXECUTING
10:35:17 INFO  State of operation 19512943 : EXECUTING
10:35:19 INFO  State of operation 19512943 : EXECUTING
10:35:22 INFO  State of operation 19512943 : EXECUTING
10:35:24 INFO  State of operation 19512943 : EXECUTING
10:35:26 INFO  State of operation 19512943 : EXECUTING
10:35:28 INFO  State of operation 19512943 : EXECUTING
10:35:31 INFO  State of operation 19512943 : EXECUTING
10:35:33 INFO  State of operation 19512943 : EXECUTING
10:35:35 INFO  State of operation 19512943 : EXECUTING
10:35:38 INFO  State of operation 19512943 : EXECUTING
10:35:40 INFO  State of operation 19512943 : EXECUTING
10:35:43 INFO  State of operation 19512943 : EXECUTING
10:35:45 INFO  State of operation 19512943 : EXECUTING
10:35:47 INFO  State of operation 19512943 : EXECUTING
10:35:49 INFO  State of operation 19512943 : EXECUTING
10:35:51 INFO  State of operation 19512943 : EXECUTING
10:35:54 INFO  State of operation 19512943 : EXECUTING
10:35:57 INFO  State of operation 19512943 : EXECUTING
10:35:59 INFO  State of operation 19512943 : EXECUTING
10:36:01 INFO  State of operation 19512943 : EXECUTING
10:36:03 INFO  State of operation 19512943 : EXECUTING
10:36:06 INFO  State of operation 19512943 : EXECUTING
10:36:08 INFO  State of operation 19512943 : EXECUTING
10:36:11 INFO  State of operation 19512943 : EXECUTING
10:36:14 INFO  State of operation 19512943 : EXECUTING
10:36:16 INFO  State of operation 19512943 : EXECUTING
10:36:18 INFO  State of operation 19512943 : EXECUTING
10:36:21 INFO  State of operation 19512943 : EXECUTING
10:36:23 INFO  State of operation 19512943 : EXECUTING
10:36:25 INFO  State of operation 19512943 : EXECUTING
10:36:27 INFO  State of operation 19512943 : EXECUTING
10:36:29 INFO  State of operation 19512943 : EXECUTING
10:36:32 INFO  State of operation 19512943 : EXECUTING
10:36:34 INFO  State of operation 19512943 : EXECUTING
10:36:37 INFO  State of operation 19512943 : EXECUTING
10:36:39 INFO  State of operation 19512943 : EXECUTING
10:36:42 INFO  State of operation 19512943 : EXECUTING
10:36:44 INFO  State of operation 19512943 : EXECUTING
10:36:47 INFO  State of operation 19512943 : EXECUTING
10:36:49 INFO  State of operation 19512943 : EXECUTING
10:36:51 INFO  State of operation 19512943 : EXECUTING
10:36:53 INFO  State of operation 19512943 : EXECUTING
10:36:56 INFO  State of operation 19512943 : EXECUTING
10:36:58 INFO  State of operation 19512943 : EXECUTING
10:37:00 INFO  State of operation 19512943 : EXECUTING
10:37:03 INFO  State of operation 19512943 : EXECUTING
10:37:05 INFO  State of operation 19512943 : EXECUTING
10:37:07 INFO  State of operation 19512943 : EXECUTING
10:37:10 INFO  State of operation 19512943 : EXECUTING
10:37:12 INFO  State of operation 19512943 : EXECUTING
10:37:14 INFO  State of operation 19512943 : EXECUTING
10:37:17 INFO  State of operation 19512943 : EXECUTING
10:37:19 WARN  SystemError occurred while running test - Timeout while waiting for status SUCCESSFUL or False
Traceback (most recent call last):
  File &quot;/home/pi/env-pysys/lib/python3.9/site-packages/pysys/baserunner.py&quot;, line 1294, in __call__
    self.testObj.execute()
  File &quot;/home/pi/actions-runner/_work/thin-edge.io/thin-edge.io/tests/PySys/software_management_end_to_end/sm_apt_install_remove_multiple_mixed/run.py&quot;, line 89, in execute
    self.wait_until_succcess()
  File &quot;/home/pi/actions-runner/_work/thin-edge.io/thin-edge.io/tests/PySys/software_management_end_to_end/environment_sm_management.py&quot;, line 324, in wait_until_succcess
    self.wait_until_status(&quot;SUCCESSFUL&quot;)
  File &quot;/home/pi/actions-runner/_work/thin-edge.io/thin-edge.io/tests/PySys/software_management_end_to_end/environment_sm_management.py&quot;, line 380, in wait_until_status
    raise SystemError(
SystemError: Timeout while waiting for status SUCCESSFUL or False
10:37:19 WARN  SystemError: Timeout while waiting for status SUCCESSFUL or False ... blocked 
10:37:19 INFO  
10:37:19 INFO  cleanup:
10:37:26 INFO  Executed sudo&lt;tedge_disconnect_c8y&gt;, exit status 0
10:37:27 INFO  Executed systemctl&lt;serv_mapper5&gt;, exit status 3
10:37:27 INFO  
10:37:27 INFO  Test duration: 186.43 secs
10:37:27 INFO  Test final outcome:  BLOCKED
10:37:27 INFO  Test outcome reason: SystemError: Timeout while waiting for status SUCCESSFUL or False (+1 other failures)
10:37:27 INFO  
</system-out>
	</testcase>
</testsuite>
