<?xml version="1.0" encoding="utf-8"?>
<testsuite name="SoftwareManagement.sm_mapper_fail_and_reconnect" tests="1" failures="0" skipped="1" time="0.03" timestamp="2022-05-11T13:02:08">
	<testcase classname="MapperC8yReceiveLastMessageOnRestart" name="SoftwareManagement.sm_mapper_fail_and_reconnect">
		<skipped message="SKIPPED: instable https://github.com/thin-edge/thin-edge.io/issues/752"/>
		<system-out>13:02:08 INFO  ==============================================================
13:02:08 INFO  Id:    SoftwareManagement.sm_mapper_fail_and_reconnect
13:02:08 INFO  Dir:   software_management_end_to_end/
13:02:08 INFO  Title: Validate the tedge-mapper-sm-c8y for receiving the last message on restart
13:02:08 INFO  ==============================================================
13:02:08 INFO  instable https://github.com/thin-edge/thin-edge.io/issues/752 ... skipped
13:02:08 INFO  
13:02:08 INFO  Test duration: 0.03 secs
13:02:08 INFO  Test final outcome:  SKIPPED
13:02:08 INFO  Test outcome reason: instable https://github.com/thin-edge/thin-edge.io/issues/752
13:02:08 INFO  
</system-out>
	</testcase>
</testsuite>
