<?xml version="1.0" encoding="utf-8"?>
<testsuite name="SoftwareManagement.sm_apt_install_remove_multiple" tests="1" failures="1" skipped="0" time="160.97" timestamp="2022-05-09T08:19:38">
	<testcase classname="PySysTest" name="SoftwareManagement.sm_apt_install_remove_multiple">
		<failure message="FAILED: Assert that (False == value) with value=True (+2 other failures)" type="FAILED"/>
		<system-out>08:16:57 INFO  ==============================================================
08:16:57 INFO  Id:    SoftwareManagement.sm_apt_install_remove_multiple
08:16:57 INFO  Dir:   software_management_end_to_end/
08:16:57 INFO  Title: Validate end to end behaviour for the apt plugin for multiple packages
08:16:57 INFO  ==============================================================
08:16:57 INFO  Using sw id database: {'asciijump': '5475369', 'robotfindskitten': '5474869', 'squirrel3': '5475279', 'rolldice': '5152439', 'moon-buggy': '5439204', 'apple': '5495053', 'banana': '5494888', 'cherry': '5495382', 'watermelon': '5494510', 'registry': '8018911', 'hello-world': '8021526', 'docker/getting-started': '8021973', 'alpine': '7991792'}
08:16:57 INFO  EnvironmentC8y Setup
08:16:58 INFO  Executed systemctl&lt;serv_mapper1&gt;, exit status 3
08:16:58 INFO  Restarting mosquitto too frequently in the last 10 seconds. It was only up for 6 seconds
08:16:58 INFO  Delaying execution by 5 seconds
08:17:20 INFO  Executed sudo&lt;tedge_connect_c8y&gt;, exit status 0, duration 17 secs
08:17:21 INFO  Executed sudo&lt;tedge_connect_c8y_test&gt;, exit status 0
08:17:21 INFO  Executed systemctl&lt;serv_mosq2&gt;, exit status 0
08:17:22 INFO  Executed systemctl&lt;serv_mapper3&gt;, exit status 0
08:17:24 INFO  State of current operation: SUCCESSFUL
08:17:24 INFO  Assert that (False == value) with value=False ... passed
08:17:25 INFO  Package asciijump is installed
08:17:25 WARN  Assert that (False == value) with value=True ... failed 
08:17:25 INFO  Package squirrel3 is installed
08:17:25 WARN  Assert that (False == value) with value=True ... failed 
08:17:26 INFO  Package robotfindskitten is installed
08:17:26 WARN  Assert that (False == value) with value=True ... failed 
08:17:26 INFO  Response status: 201
08:17:26 INFO  Response to action: {
    &quot;creationTime&quot;: &quot;2022-05-09T08:17:26.320Z&quot;,
    &quot;deviceName&quot;: &quot;m32sd11e&quot;,
    &quot;deviceId&quot;: &quot;18457341&quot;,
    &quot;self&quot;: &quot;https://t493319102.eu-latest.cumulocity.com/devicecontrol/operations/18523671&quot;,
    &quot;id&quot;: &quot;18523671&quot;,
    &quot;status&quot;: &quot;PENDING&quot;,
    &quot;description&quot;: &quot;Apply software changes, triggered from PySys: [{'action': 'install', 'id': '5475369', 'name': 'asciijump', 'url': ' ', 'version': '::apt'}, {'action': 'install', 'id': '5474869', 'name': 'robotfindskitten', 'url': ' ', 'version': '::apt'}, {'action': 'install', 'id': '5475279', 'name': 'squirrel3', 'url': ' ', 'version': '::apt'}]&quot;,
    &quot;c8y_SoftwareUpdate&quot;: [
        {
            &quot;name&quot;: &quot;asciijump&quot;,
            &quot;action&quot;: &quot;install&quot;,
            &quot;id&quot;: &quot;5475369&quot;,
            &quot;version&quot;: &quot;::apt&quot;,
            &quot;url&quot;: &quot; &quot;
        },
        {
            &quot;name&quot;: &quot;robotfindskitten&quot;,
            &quot;action&quot;: &quot;install&quot;,
            &quot;id&quot;: &quot;5474869&quot;,
            &quot;version&quot;: &quot;::apt&quot;,
            &quot;url&quot;: &quot; &quot;
        },
        {
            &quot;name&quot;: &quot;squirrel3&quot;,
            &quot;action&quot;: &quot;install&quot;,
            &quot;id&quot;: &quot;5475279&quot;,
            &quot;version&quot;: &quot;::apt&quot;,
            &quot;url&quot;: &quot; &quot;
        }
    ]
}
08:17:26 INFO  Started operation: {'creationTime': '2022-05-09T08:17:26.320Z', 'deviceName': 'm32sd11e', 'deviceId': '18457341', 'self': 'https://t493319102.eu-latest.cumulocity.com/devicecontrol/operations/18523671', 'id': '18523671', 'status': 'PENDING', 'description': &quot;Apply software changes, triggered from PySys: [{'action': 'install', 'id': '5475369', 'name': 'asciijump', 'url': ' ', 'version': '::apt'}, {'action': 'install', 'id': '5474869', 'name': 'robotfindskitten', 'url': ' ', 'version': '::apt'}, {'action': 'install', 'id': '5475279', 'name': 'squirrel3', 'url': ' ', 'version': '::apt'}]&quot;, 'c8y_SoftwareUpdate': [{'name': 'asciijump', 'action': 'install', 'id': '5475369', 'version': '::apt', 'url': ' '}, {'name': 'robotfindskitten', 'action': 'install', 'id': '5474869', 'version': '::apt', 'url': ' '}, {'name': 'squirrel3', 'action': 'install', 'id': '5475279', 'version': '::apt', 'url': ' '}]}
08:17:28 INFO  State of operation 18523671 : PENDING
08:17:30 INFO  State of operation 18523671 : EXECUTING
08:17:33 INFO  State of operation 18523671 : EXECUTING
08:17:35 INFO  State of operation 18523671 : EXECUTING
08:17:37 INFO  State of operation 18523671 : EXECUTING
08:17:39 INFO  State of operation 18523671 : EXECUTING
08:17:41 INFO  State of operation 18523671 : EXECUTING
08:17:44 INFO  State of operation 18523671 : EXECUTING
08:17:48 INFO  State of operation 18523671 : EXECUTING
08:17:50 INFO  State of operation 18523671 : EXECUTING
08:17:52 INFO  State of operation 18523671 : EXECUTING
08:17:54 INFO  State of operation 18523671 : EXECUTING
08:17:57 INFO  State of operation 18523671 : EXECUTING
08:17:59 INFO  State of operation 18523671 : EXECUTING
08:18:01 INFO  State of operation 18523671 : EXECUTING
08:18:03 INFO  State of operation 18523671 : EXECUTING
08:18:06 INFO  State of operation 18523671 : EXECUTING
08:18:08 INFO  State of operation 18523671 : SUCCESSFUL
08:18:08 INFO  Assert that (False == value) with value=False ... passed
08:18:08 INFO  Package asciijump is installed
08:18:08 INFO  Assert that (True == value) with value=True ... passed
08:18:09 INFO  Package squirrel3 is installed
08:18:09 INFO  Assert that (True == value) with value=True ... passed
08:18:09 INFO  Package robotfindskitten is installed
08:18:09 INFO  Assert that (True == value) with value=True ... passed
08:18:09 INFO  Response status: 201
08:18:09 INFO  Response to action: {
    &quot;creationTime&quot;: &quot;2022-05-09T08:18:09.513Z&quot;,
    &quot;deviceName&quot;: &quot;m32sd11e&quot;,
    &quot;deviceId&quot;: &quot;18457341&quot;,
    &quot;self&quot;: &quot;https://t493319102.eu-latest.cumulocity.com/devicecontrol/operations/18523675&quot;,
    &quot;id&quot;: &quot;18523675&quot;,
    &quot;status&quot;: &quot;PENDING&quot;,
    &quot;description&quot;: &quot;Apply software changes, triggered from PySys: [{'action': 'delete', 'id': '5475369', 'name': 'asciijump', 'url': ' ', 'version': '::apt'}, {'action': 'delete', 'id': '5474869', 'name': 'robotfindskitten', 'url': ' ', 'version': '::apt'}, {'action': 'delete', 'id': '5475279', 'name': 'squirrel3', 'url': ' ', 'version': '::apt'}]&quot;,
    &quot;c8y_SoftwareUpdate&quot;: [
        {
            &quot;name&quot;: &quot;asciijump&quot;,
            &quot;action&quot;: &quot;delete&quot;,
            &quot;id&quot;: &quot;5475369&quot;,
            &quot;version&quot;: &quot;::apt&quot;,
            &quot;url&quot;: &quot; &quot;
        },
        {
            &quot;name&quot;: &quot;robotfindskitten&quot;,
            &quot;action&quot;: &quot;delete&quot;,
            &quot;id&quot;: &quot;5474869&quot;,
            &quot;version&quot;: &quot;::apt&quot;,
            &quot;url&quot;: &quot; &quot;
        },
        {
            &quot;name&quot;: &quot;squirrel3&quot;,
            &quot;action&quot;: &quot;delete&quot;,
            &quot;id&quot;: &quot;5475279&quot;,
            &quot;version&quot;: &quot;::apt&quot;,
            &quot;url&quot;: &quot; &quot;
        }
    ]
}
08:18:09 INFO  Started operation: {'creationTime': '2022-05-09T08:18:09.513Z', 'deviceName': 'm32sd11e', 'deviceId': '18457341', 'self': 'https://t493319102.eu-latest.cumulocity.com/devicecontrol/operations/18523675', 'id': '18523675', 'status': 'PENDING', 'description': &quot;Apply software changes, triggered from PySys: [{'action': 'delete', 'id': '5475369', 'name': 'asciijump', 'url': ' ', 'version': '::apt'}, {'action': 'delete', 'id': '5474869', 'name': 'robotfindskitten', 'url': ' ', 'version': '::apt'}, {'action': 'delete', 'id': '5475279', 'name': 'squirrel3', 'url': ' ', 'version': '::apt'}]&quot;, 'c8y_SoftwareUpdate': [{'name': 'asciijump', 'action': 'delete', 'id': '5475369', 'version': '::apt', 'url': ' '}, {'name': 'robotfindskitten', 'action': 'delete', 'id': '5474869', 'version': '::apt', 'url': ' '}, {'name': 'squirrel3', 'action': 'delete', 'id': '5475279', 'version': '::apt', 'url': ' '}]}
08:18:11 INFO  State of operation 18523675 : PENDING
08:18:14 INFO  State of operation 18523675 : EXECUTING
08:18:16 INFO  State of operation 18523675 : EXECUTING
08:18:18 INFO  State of operation 18523675 : EXECUTING
08:18:20 INFO  State of operation 18523675 : EXECUTING
08:18:23 INFO  State of operation 18523675 : EXECUTING
08:18:25 INFO  State of operation 18523675 : EXECUTING
08:18:28 INFO  State of operation 18523675 : EXECUTING
08:18:30 INFO  State of operation 18523675 : EXECUTING
08:18:32 INFO  State of operation 18523675 : EXECUTING
08:18:35 INFO  State of operation 18523675 : EXECUTING
08:18:37 INFO  State of operation 18523675 : EXECUTING
08:18:39 INFO  State of operation 18523675 : EXECUTING
08:18:42 INFO  State of operation 18523675 : EXECUTING
08:18:44 INFO  State of operation 18523675 : EXECUTING
08:18:46 INFO  State of operation 18523675 : EXECUTING
08:18:48 INFO  State of operation 18523675 : EXECUTING
08:18:51 INFO  State of operation 18523675 : EXECUTING
08:18:53 INFO  State of operation 18523675 : EXECUTING
08:18:56 INFO  State of operation 18523675 : EXECUTING
08:18:58 INFO  State of operation 18523675 : EXECUTING
08:19:00 INFO  State of operation 18523675 : EXECUTING
08:19:03 INFO  State of operation 18523675 : EXECUTING
08:19:05 INFO  State of operation 18523675 : EXECUTING
08:19:07 INFO  State of operation 18523675 : EXECUTING
08:19:10 INFO  State of operation 18523675 : EXECUTING
08:19:12 INFO  State of operation 18523675 : EXECUTING
08:19:14 INFO  State of operation 18523675 : EXECUTING
08:19:16 INFO  State of operation 18523675 : EXECUTING
08:19:19 INFO  State of operation 18523675 : EXECUTING
08:19:21 INFO  State of operation 18523675 : EXECUTING
08:19:24 INFO  State of operation 18523675 : EXECUTING
08:19:26 INFO  State of operation 18523675 : EXECUTING
08:19:28 INFO  State of operation 18523675 : EXECUTING
08:19:31 INFO  State of operation 18523675 : SUCCESSFUL
08:19:31 INFO  Assert that (False == value) with value=False ... passed
08:19:31 INFO  Assert that (False == value) with value=False ... passed
08:19:31 INFO  Assert that (False == value) with value=False ... passed
08:19:32 INFO  Assert that (False == value) with value=False ... passed
08:19:32 INFO  
08:19:32 INFO  cleanup:
08:19:37 INFO  Executed sudo&lt;tedge_disconnect_c8y&gt;, exit status 0
08:19:38 INFO  Executed systemctl&lt;serv_mapper5&gt;, exit status 3
08:19:38 INFO  
08:19:38 INFO  Test duration: 160.97 secs
08:19:38 INFO  Test final outcome:  FAILED
08:19:38 INFO  Test outcome reason: Assert that (False == value) with value=True (+2 other failures)
08:19:38 INFO  
</system-out>
	</testcase>
</testsuite>
