<?xml version="1.0" encoding="utf-8"?>
<testsuite name="SoftwareManagement.sm_apt_install_remove_multiple" tests="1" failures="1" skipped="0" time="159.07" timestamp="2022-05-10T14:30:39">
	<testcase classname="PySysTest" name="SoftwareManagement.sm_apt_install_remove_multiple">
		<failure message="FAILED: Assert that (False == value) with value=True (+2 other failures)" type="FAILED"/>
		<system-out>14:28:00 INFO  ==============================================================
14:28:00 INFO  Id:    SoftwareManagement.sm_apt_install_remove_multiple
14:28:00 INFO  Dir:   software_management_end_to_end/
14:28:00 INFO  Title: Validate end to end behaviour for the apt plugin for multiple packages
14:28:00 INFO  ==============================================================
14:28:00 INFO  Using sw id database: {'asciijump': '5475369', 'robotfindskitten': '5474869', 'squirrel3': '5475279', 'rolldice': '5152439', 'moon-buggy': '5439204', 'apple': '5495053', 'banana': '5494888', 'cherry': '5495382', 'watermelon': '5494510', 'registry': '8018911', 'hello-world': '8021526', 'docker/getting-started': '8021973', 'alpine': '7991792'}
14:28:00 INFO  EnvironmentC8y Setup
14:28:01 INFO  Executed systemctl&lt;serv_mapper1&gt;, exit status 3
14:28:01 INFO  Restarting mosquitto too frequently in the last 10 seconds. It was only up for 6 seconds
14:28:01 INFO  Delaying execution by 5 seconds
14:28:24 INFO  Executed sudo&lt;tedge_connect_c8y&gt;, exit status 0, duration 17 secs
14:28:25 INFO  Executed sudo&lt;tedge_connect_c8y_test&gt;, exit status 0
14:28:25 INFO  Executed systemctl&lt;serv_mosq2&gt;, exit status 0
14:28:26 INFO  Executed systemctl&lt;serv_mapper3&gt;, exit status 0
14:28:28 INFO  State of current operation: SUCCESSFUL
14:28:28 INFO  Assert that (False == value) with value=False ... passed
14:28:29 INFO  Package asciijump is installed
14:28:29 WARN  Assert that (False == value) with value=True ... failed 
14:28:29 INFO  Package squirrel3 is installed
14:28:29 WARN  Assert that (False == value) with value=True ... failed 
14:28:29 INFO  Package robotfindskitten is installed
14:28:29 WARN  Assert that (False == value) with value=True ... failed 
14:28:29 INFO  Response status: 201
14:28:29 INFO  Response to action: {
    &quot;creationTime&quot;: &quot;2022-05-10T14:28:29.935Z&quot;,
    &quot;deviceName&quot;: &quot;m32sd11e&quot;,
    &quot;deviceId&quot;: &quot;18671277&quot;,
    &quot;self&quot;: &quot;https://t493319102.eu-latest.cumulocity.com/devicecontrol/operations/18685770&quot;,
    &quot;id&quot;: &quot;18685770&quot;,
    &quot;status&quot;: &quot;PENDING&quot;,
    &quot;description&quot;: &quot;Apply software changes, triggered from PySys: [{'action': 'install', 'id': '5475369', 'name': 'asciijump', 'url': ' ', 'version': '::apt'}, {'action': 'install', 'id': '5474869', 'name': 'robotfindskitten', 'url': ' ', 'version': '::apt'}, {'action': 'install', 'id': '5475279', 'name': 'squirrel3', 'url': ' ', 'version': '::apt'}]&quot;,
    &quot;c8y_SoftwareUpdate&quot;: [
        {
            &quot;name&quot;: &quot;asciijump&quot;,
            &quot;action&quot;: &quot;install&quot;,
            &quot;id&quot;: &quot;5475369&quot;,
            &quot;version&quot;: &quot;::apt&quot;,
            &quot;url&quot;: &quot; &quot;
        },
        {
            &quot;name&quot;: &quot;robotfindskitten&quot;,
            &quot;action&quot;: &quot;install&quot;,
            &quot;id&quot;: &quot;5474869&quot;,
            &quot;version&quot;: &quot;::apt&quot;,
            &quot;url&quot;: &quot; &quot;
        },
        {
            &quot;name&quot;: &quot;squirrel3&quot;,
            &quot;action&quot;: &quot;install&quot;,
            &quot;id&quot;: &quot;5475279&quot;,
            &quot;version&quot;: &quot;::apt&quot;,
            &quot;url&quot;: &quot; &quot;
        }
    ]
}
14:28:29 INFO  Started operation: {'creationTime': '2022-05-10T14:28:29.935Z', 'deviceName': 'm32sd11e', 'deviceId': '18671277', 'self': 'https://t493319102.eu-latest.cumulocity.com/devicecontrol/operations/18685770', 'id': '18685770', 'status': 'PENDING', 'description': &quot;Apply software changes, triggered from PySys: [{'action': 'install', 'id': '5475369', 'name': 'asciijump', 'url': ' ', 'version': '::apt'}, {'action': 'install', 'id': '5474869', 'name': 'robotfindskitten', 'url': ' ', 'version': '::apt'}, {'action': 'install', 'id': '5475279', 'name': 'squirrel3', 'url': ' ', 'version': '::apt'}]&quot;, 'c8y_SoftwareUpdate': [{'name': 'asciijump', 'action': 'install', 'id': '5475369', 'version': '::apt', 'url': ' '}, {'name': 'robotfindskitten', 'action': 'install', 'id': '5474869', 'version': '::apt', 'url': ' '}, {'name': 'squirrel3', 'action': 'install', 'id': '5475279', 'version': '::apt', 'url': ' '}]}
14:28:32 INFO  State of operation 18685770 : PENDING
14:28:34 INFO  State of operation 18685770 : EXECUTING
14:28:36 INFO  State of operation 18685770 : EXECUTING
14:28:38 INFO  State of operation 18685770 : EXECUTING
14:28:41 INFO  State of operation 18685770 : EXECUTING
14:28:43 INFO  State of operation 18685770 : EXECUTING
14:28:45 INFO  State of operation 18685770 : EXECUTING
14:28:48 INFO  State of operation 18685770 : EXECUTING
14:28:50 INFO  State of operation 18685770 : EXECUTING
14:28:53 INFO  State of operation 18685770 : EXECUTING
14:28:56 INFO  State of operation 18685770 : EXECUTING
14:28:59 INFO  State of operation 18685770 : EXECUTING
14:29:01 INFO  State of operation 18685770 : EXECUTING
14:29:03 INFO  State of operation 18685770 : EXECUTING
14:29:05 INFO  State of operation 18685770 : EXECUTING
14:29:08 INFO  State of operation 18685770 : EXECUTING
14:29:10 INFO  State of operation 18685770 : EXECUTING
14:29:12 INFO  State of operation 18685770 : SUCCESSFUL
14:29:12 INFO  Assert that (False == value) with value=False ... passed
14:29:12 INFO  Package asciijump is installed
14:29:12 INFO  Assert that (True == value) with value=True ... passed
14:29:13 INFO  Package squirrel3 is installed
14:29:13 INFO  Assert that (True == value) with value=True ... passed
14:29:13 INFO  Package robotfindskitten is installed
14:29:13 INFO  Assert that (True == value) with value=True ... passed
14:29:13 INFO  Response status: 201
14:29:13 INFO  Response to action: {
    &quot;creationTime&quot;: &quot;2022-05-10T14:29:13.592Z&quot;,
    &quot;deviceName&quot;: &quot;m32sd11e&quot;,
    &quot;deviceId&quot;: &quot;18671277&quot;,
    &quot;self&quot;: &quot;https://t493319102.eu-latest.cumulocity.com/devicecontrol/operations/18685784&quot;,
    &quot;id&quot;: &quot;18685784&quot;,
    &quot;status&quot;: &quot;PENDING&quot;,
    &quot;description&quot;: &quot;Apply software changes, triggered from PySys: [{'action': 'delete', 'id': '5475369', 'name': 'asciijump', 'url': ' ', 'version': '::apt'}, {'action': 'delete', 'id': '5474869', 'name': 'robotfindskitten', 'url': ' ', 'version': '::apt'}, {'action': 'delete', 'id': '5475279', 'name': 'squirrel3', 'url': ' ', 'version': '::apt'}]&quot;,
    &quot;c8y_SoftwareUpdate&quot;: [
        {
            &quot;name&quot;: &quot;asciijump&quot;,
            &quot;action&quot;: &quot;delete&quot;,
            &quot;id&quot;: &quot;5475369&quot;,
            &quot;version&quot;: &quot;::apt&quot;,
            &quot;url&quot;: &quot; &quot;
        },
        {
            &quot;name&quot;: &quot;robotfindskitten&quot;,
            &quot;action&quot;: &quot;delete&quot;,
            &quot;id&quot;: &quot;5474869&quot;,
            &quot;version&quot;: &quot;::apt&quot;,
            &quot;url&quot;: &quot; &quot;
        },
        {
            &quot;name&quot;: &quot;squirrel3&quot;,
            &quot;action&quot;: &quot;delete&quot;,
            &quot;id&quot;: &quot;5475279&quot;,
            &quot;version&quot;: &quot;::apt&quot;,
            &quot;url&quot;: &quot; &quot;
        }
    ]
}
14:29:13 INFO  Started operation: {'creationTime': '2022-05-10T14:29:13.592Z', 'deviceName': 'm32sd11e', 'deviceId': '18671277', 'self': 'https://t493319102.eu-latest.cumulocity.com/devicecontrol/operations/18685784', 'id': '18685784', 'status': 'PENDING', 'description': &quot;Apply software changes, triggered from PySys: [{'action': 'delete', 'id': '5475369', 'name': 'asciijump', 'url': ' ', 'version': '::apt'}, {'action': 'delete', 'id': '5474869', 'name': 'robotfindskitten', 'url': ' ', 'version': '::apt'}, {'action': 'delete', 'id': '5475279', 'name': 'squirrel3', 'url': ' ', 'version': '::apt'}]&quot;, 'c8y_SoftwareUpdate': [{'name': 'asciijump', 'action': 'delete', 'id': '5475369', 'version': '::apt', 'url': ' '}, {'name': 'robotfindskitten', 'action': 'delete', 'id': '5474869', 'version': '::apt', 'url': ' '}, {'name': 'squirrel3', 'action': 'delete', 'id': '5475279', 'version': '::apt', 'url': ' '}]}
14:29:15 INFO  State of operation 18685784 : PENDING
14:29:18 INFO  State of operation 18685784 : EXECUTING
14:29:20 INFO  State of operation 18685784 : EXECUTING
14:29:22 INFO  State of operation 18685784 : EXECUTING
14:29:24 INFO  State of operation 18685784 : EXECUTING
14:29:27 INFO  State of operation 18685784 : EXECUTING
14:29:29 INFO  State of operation 18685784 : EXECUTING
14:29:31 INFO  State of operation 18685784 : EXECUTING
14:29:34 INFO  State of operation 18685784 : EXECUTING
14:29:37 INFO  State of operation 18685784 : EXECUTING
14:29:39 INFO  State of operation 18685784 : EXECUTING
14:29:41 INFO  State of operation 18685784 : EXECUTING
14:29:44 INFO  State of operation 18685784 : EXECUTING
14:29:46 INFO  State of operation 18685784 : EXECUTING
14:29:48 INFO  State of operation 18685784 : EXECUTING
14:29:50 INFO  State of operation 18685784 : EXECUTING
14:29:52 INFO  State of operation 18685784 : EXECUTING
14:29:55 INFO  State of operation 18685784 : EXECUTING
14:29:57 INFO  State of operation 18685784 : EXECUTING
14:29:59 INFO  State of operation 18685784 : EXECUTING
14:30:02 INFO  State of operation 18685784 : EXECUTING
14:30:04 INFO  State of operation 18685784 : EXECUTING
14:30:07 INFO  State of operation 18685784 : EXECUTING
14:30:09 INFO  State of operation 18685784 : EXECUTING
14:30:11 INFO  State of operation 18685784 : EXECUTING
14:30:14 INFO  State of operation 18685784 : EXECUTING
14:30:16 INFO  State of operation 18685784 : EXECUTING
14:30:18 INFO  State of operation 18685784 : EXECUTING
14:30:20 INFO  State of operation 18685784 : EXECUTING
14:30:23 INFO  State of operation 18685784 : EXECUTING
14:30:25 INFO  State of operation 18685784 : EXECUTING
14:30:28 INFO  State of operation 18685784 : EXECUTING
14:30:30 INFO  State of operation 18685784 : EXECUTING
14:30:32 INFO  State of operation 18685784 : SUCCESSFUL
14:30:32 INFO  Assert that (False == value) with value=False ... passed
14:30:33 INFO  Assert that (False == value) with value=False ... passed
14:30:33 INFO  Assert that (False == value) with value=False ... passed
14:30:33 INFO  Assert that (False == value) with value=False ... passed
14:30:33 INFO  
14:30:33 INFO  cleanup:
14:30:39 INFO  Executed sudo&lt;tedge_disconnect_c8y&gt;, exit status 0
14:30:39 INFO  Executed systemctl&lt;serv_mapper5&gt;, exit status 3
14:30:39 INFO  
14:30:39 INFO  Test duration: 159.07 secs
14:30:39 INFO  Test final outcome:  FAILED
14:30:39 INFO  Test outcome reason: Assert that (False == value) with value=True (+2 other failures)
14:30:39 INFO  
</system-out>
	</testcase>
</testsuite>
