<?xml version="1.0" encoding="utf-8"?>
<testsuite name="SoftwareManagement.sm_mapper_fail_and_reconnect" tests="1" failures="0" skipped="1" time="0.02" timestamp="2022-05-02T16:31:25">
	<testcase classname="MapperC8yReceiveLastMessageOnRestart" name="SoftwareManagement.sm_mapper_fail_and_reconnect">
		<skipped message="SKIPPED: instable https://github.com/thin-edge/thin-edge.io/issues/752"/>
		<system-out>16:31:25 INFO  ==============================================================
16:31:25 INFO  Id:    SoftwareManagement.sm_mapper_fail_and_reconnect
16:31:25 INFO  Dir:   software_management_end_to_end/
16:31:25 INFO  Title: Validate the tedge-mapper-sm-c8y for receiving the last message on restart
16:31:25 INFO  ==============================================================
16:31:25 INFO  instable https://github.com/thin-edge/thin-edge.io/issues/752 ... skipped
16:31:25 INFO  
16:31:25 INFO  Test duration: 0.02 secs
16:31:25 INFO  Test final outcome:  SKIPPED
16:31:25 INFO  Test outcome reason: instable https://github.com/thin-edge/thin-edge.io/issues/752
16:31:25 INFO  
</system-out>
	</testcase>
</testsuite>
