<?xml version="1.0" encoding="utf-8"?>
<testsuite name="SoftwareManagement.sm_apt_install_remove_multiple_mixed" tests="1" failures="1" skipped="0" time="188.32" timestamp="2022-05-10T20:51:25">
	<testcase classname="PySysTest" name="SoftwareManagement.sm_apt_install_remove_multiple_mixed">
		<failure message="BLOCKED: SystemError: Timeout while waiting for status SUCCESSFUL or False (+1 other failures)" type="BLOCKED"/>
		<system-out>20:48:17 INFO  ==============================================================
20:48:17 INFO  Id:    SoftwareManagement.sm_apt_install_remove_multiple_mixed
20:48:17 INFO  Dir:   software_management_end_to_end/
20:48:17 INFO  Title: Validate end to end behaviour for the apt plugin for multiple packages with mixed versions
20:48:17 INFO  ==============================================================
20:48:17 INFO  Using sw id database: {'asciijump': '5475369', 'robotfindskitten': '5474869', 'squirrel3': '5475279', 'rolldice': '5152439', 'moon-buggy': '5439204', 'apple': '5495053', 'banana': '5494888', 'cherry': '5495382', 'watermelon': '5494510', 'registry': '8018911', 'hello-world': '8021526', 'docker/getting-started': '8021973', 'alpine': '7991792'}
20:48:17 INFO  EnvironmentC8y Setup
20:48:18 INFO  Executed systemctl&lt;serv_mapper1&gt;, exit status 3
20:48:18 INFO  Restarting mosquitto too frequently in the last 10 seconds. It was only up for 7 seconds
20:48:18 INFO  Delaying execution by 4 seconds
20:48:39 INFO  Executed sudo&lt;tedge_connect_c8y&gt;, exit status 0, duration 17 secs
20:48:40 INFO  Executed sudo&lt;tedge_connect_c8y_test&gt;, exit status 0
20:48:40 INFO  Executed systemctl&lt;serv_mosq2&gt;, exit status 0
20:48:41 INFO  Executed systemctl&lt;serv_mapper3&gt;, exit status 0
20:48:43 INFO  State of current operation: SUCCESSFUL
20:48:43 INFO  Assert that (False == value) with value=False ... passed
20:48:43 INFO  Assert that (False == value) with value=False ... passed
20:48:44 INFO  Assert that (False == value) with value=False ... passed
20:48:44 INFO  Assert that (False == value) with value=False ... passed
20:48:44 INFO  Package moon-buggy is installed
20:48:44 WARN  Assert that (False == value) with value=True ... failed 
20:48:46 INFO  Response status: 201
20:48:46 INFO  Response to action: {
    &quot;creationTime&quot;: &quot;2022-05-10T20:48:46.783Z&quot;,
    &quot;deviceName&quot;: &quot;m32sd11e&quot;,
    &quot;deviceId&quot;: &quot;18731567&quot;,
    &quot;self&quot;: &quot;https://t493319102.eu-latest.cumulocity.com/devicecontrol/operations/18751982&quot;,
    &quot;id&quot;: &quot;18751982&quot;,
    &quot;status&quot;: &quot;PENDING&quot;,
    &quot;description&quot;: &quot;Apply software changes, triggered from PySys: [{'action': 'install', 'id': '5475369', 'name': 'asciijump', 'url': ' ', 'version': '::apt'}, {'action': 'install', 'id': '5474869', 'name': 'robotfindskitten', 'url': ' ', 'version': ' '}, {'action': 'install', 'id': '5475279', 'name': 'squirrel3', 'url': ' ', 'version': '3.1-8::apt'}, {'action': 'install', 'id': '5152439', 'name': 'rolldice', 'url': ' ', 'version': '1.16-1+b2'}, {'action': 'install', 'id': '5439204', 'name': 'moon-buggy', 'url': ' ', 'version': '1:1.0.51-13'}, {'action': 'install', 'id': '5475369', 'name': 'asciijump', 'url': ' ', 'version': '::apt'}]&quot;,
    &quot;c8y_SoftwareUpdate&quot;: [
        {
            &quot;name&quot;: &quot;asciijump&quot;,
            &quot;action&quot;: &quot;install&quot;,
            &quot;id&quot;: &quot;5475369&quot;,
            &quot;version&quot;: &quot;::apt&quot;,
            &quot;url&quot;: &quot; &quot;
        },
        {
            &quot;name&quot;: &quot;robotfindskitten&quot;,
            &quot;action&quot;: &quot;install&quot;,
            &quot;id&quot;: &quot;5474869&quot;,
            &quot;version&quot;: &quot; &quot;,
            &quot;url&quot;: &quot; &quot;
        },
        {
            &quot;name&quot;: &quot;squirrel3&quot;,
            &quot;action&quot;: &quot;install&quot;,
            &quot;id&quot;: &quot;5475279&quot;,
            &quot;version&quot;: &quot;3.1-8::apt&quot;,
            &quot;url&quot;: &quot; &quot;
        },
        {
            &quot;name&quot;: &quot;rolldice&quot;,
            &quot;action&quot;: &quot;install&quot;,
            &quot;id&quot;: &quot;5152439&quot;,
            &quot;version&quot;: &quot;1.16-1+b2&quot;,
            &quot;url&quot;: &quot; &quot;
        },
        {
            &quot;name&quot;: &quot;moon-buggy&quot;,
            &quot;action&quot;: &quot;install&quot;,
            &quot;id&quot;: &quot;5439204&quot;,
            &quot;version&quot;: &quot;1:1.0.51-13&quot;,
            &quot;url&quot;: &quot; &quot;
        },
        {
            &quot;name&quot;: &quot;asciijump&quot;,
            &quot;action&quot;: &quot;install&quot;,
            &quot;id&quot;: &quot;5475369&quot;,
            &quot;version&quot;: &quot;::apt&quot;,
            &quot;url&quot;: &quot; &quot;
        }
    ]
}
20:48:46 INFO  Started operation: {'creationTime': '2022-05-10T20:48:46.783Z', 'deviceName': 'm32sd11e', 'deviceId': '18731567', 'self': 'https://t493319102.eu-latest.cumulocity.com/devicecontrol/operations/18751982', 'id': '18751982', 'status': 'PENDING', 'description': &quot;Apply software changes, triggered from PySys: [{'action': 'install', 'id': '5475369', 'name': 'asciijump', 'url': ' ', 'version': '::apt'}, {'action': 'install', 'id': '5474869', 'name': 'robotfindskitten', 'url': ' ', 'version': ' '}, {'action': 'install', 'id': '5475279', 'name': 'squirrel3', 'url': ' ', 'version': '3.1-8::apt'}, {'action': 'install', 'id': '5152439', 'name': 'rolldice', 'url': ' ', 'version': '1.16-1+b2'}, {'action': 'install', 'id': '5439204', 'name': 'moon-buggy', 'url': ' ', 'version': '1:1.0.51-13'}, {'action': 'install', 'id': '5475369', 'name': 'asciijump', 'url': ' ', 'version': '::apt'}]&quot;, 'c8y_SoftwareUpdate': [{'name': 'asciijump', 'action': 'install', 'id': '5475369', 'version': '::apt', 'url': ' '}, {'name': 'robotfindskitten', 'action': 'install', 'id': '5474869', 'version': ' ', 'url': ' '}, {'name': 'squirrel3', 'action': 'install', 'id': '5475279', 'version': '3.1-8::apt', 'url': ' '}, {'name': 'rolldice', 'action': 'install', 'id': '5152439', 'version': '1.16-1+b2', 'url': ' '}, {'name': 'moon-buggy', 'action': 'install', 'id': '5439204', 'version': '1:1.0.51-13', 'url': ' '}, {'name': 'asciijump', 'action': 'install', 'id': '5475369', 'version': '::apt', 'url': ' '}]}
20:48:49 INFO  State of operation 18751982 : PENDING
20:48:51 INFO  State of operation 18751982 : EXECUTING
20:48:53 INFO  State of operation 18751982 : EXECUTING
20:48:55 INFO  State of operation 18751982 : EXECUTING
20:48:57 INFO  State of operation 18751982 : EXECUTING
20:49:00 INFO  State of operation 18751982 : EXECUTING
20:49:02 INFO  State of operation 18751982 : EXECUTING
20:49:05 INFO  State of operation 18751982 : EXECUTING
20:49:09 INFO  State of operation 18751982 : EXECUTING
20:49:11 INFO  State of operation 18751982 : EXECUTING
20:49:14 INFO  State of operation 18751982 : EXECUTING
20:49:16 INFO  State of operation 18751982 : EXECUTING
20:49:18 INFO  State of operation 18751982 : EXECUTING
20:49:20 INFO  State of operation 18751982 : EXECUTING
20:49:22 INFO  State of operation 18751982 : EXECUTING
20:49:25 INFO  State of operation 18751982 : EXECUTING
20:49:27 INFO  State of operation 18751982 : EXECUTING
20:49:29 INFO  State of operation 18751982 : EXECUTING
20:49:32 INFO  State of operation 18751982 : EXECUTING
20:49:34 INFO  State of operation 18751982 : EXECUTING
20:49:37 INFO  State of operation 18751982 : EXECUTING
20:49:39 INFO  State of operation 18751982 : EXECUTING
20:49:41 INFO  State of operation 18751982 : EXECUTING
20:49:43 INFO  State of operation 18751982 : EXECUTING
20:49:46 INFO  State of operation 18751982 : EXECUTING
20:49:48 INFO  State of operation 18751982 : EXECUTING
20:49:51 INFO  State of operation 18751982 : EXECUTING
20:49:53 INFO  State of operation 18751982 : EXECUTING
20:49:55 INFO  State of operation 18751982 : EXECUTING
20:49:58 INFO  State of operation 18751982 : EXECUTING
20:50:00 INFO  State of operation 18751982 : EXECUTING
20:50:03 INFO  State of operation 18751982 : EXECUTING
20:50:05 INFO  State of operation 18751982 : EXECUTING
20:50:07 INFO  State of operation 18751982 : EXECUTING
20:50:09 INFO  State of operation 18751982 : EXECUTING
20:50:12 INFO  State of operation 18751982 : EXECUTING
20:50:14 INFO  State of operation 18751982 : EXECUTING
20:50:16 INFO  State of operation 18751982 : EXECUTING
20:50:19 INFO  State of operation 18751982 : EXECUTING
20:50:21 INFO  State of operation 18751982 : EXECUTING
20:50:23 INFO  State of operation 18751982 : EXECUTING
20:50:25 INFO  State of operation 18751982 : EXECUTING
20:50:27 INFO  State of operation 18751982 : EXECUTING
20:50:30 INFO  State of operation 18751982 : EXECUTING
20:50:33 INFO  State of operation 18751982 : EXECUTING
20:50:35 INFO  State of operation 18751982 : EXECUTING
20:50:38 INFO  State of operation 18751982 : EXECUTING
20:50:45 INFO  State of operation 18751982 : EXECUTING
20:50:47 INFO  State of operation 18751982 : EXECUTING
20:50:49 INFO  State of operation 18751982 : EXECUTING
20:50:52 INFO  State of operation 18751982 : EXECUTING
20:50:54 INFO  State of operation 18751982 : EXECUTING
20:50:56 INFO  State of operation 18751982 : EXECUTING
20:50:59 INFO  State of operation 18751982 : EXECUTING
20:51:01 INFO  State of operation 18751982 : EXECUTING
20:51:03 INFO  State of operation 18751982 : EXECUTING
20:51:06 INFO  State of operation 18751982 : EXECUTING
20:51:08 INFO  State of operation 18751982 : EXECUTING
20:51:10 INFO  State of operation 18751982 : EXECUTING
20:51:12 INFO  State of operation 18751982 : EXECUTING
20:51:15 INFO  State of operation 18751982 : EXECUTING
20:51:17 WARN  SystemError occurred while running test - Timeout while waiting for status SUCCESSFUL or False
Traceback (most recent call last):
  File &quot;/home/pi/env-pysys/lib/python3.9/site-packages/pysys/baserunner.py&quot;, line 1294, in __call__
    self.testObj.execute()
  File &quot;/home/pi/actions-runner/_work/thin-edge.io/thin-edge.io/tests/PySys/software_management_end_to_end/sm_apt_install_remove_multiple_mixed/run.py&quot;, line 89, in execute
    self.wait_until_succcess()
  File &quot;/home/pi/actions-runner/_work/thin-edge.io/thin-edge.io/tests/PySys/software_management_end_to_end/environment_sm_management.py&quot;, line 324, in wait_until_succcess
    self.wait_until_status(&quot;SUCCESSFUL&quot;)
  File &quot;/home/pi/actions-runner/_work/thin-edge.io/thin-edge.io/tests/PySys/software_management_end_to_end/environment_sm_management.py&quot;, line 380, in wait_until_status
    raise SystemError(
SystemError: Timeout while waiting for status SUCCESSFUL or False
20:51:18 WARN  SystemError: Timeout while waiting for status SUCCESSFUL or False ... blocked 
20:51:18 INFO  
20:51:18 INFO  cleanup:
20:51:24 INFO  Executed sudo&lt;tedge_disconnect_c8y&gt;, exit status 0
20:51:25 INFO  Executed systemctl&lt;serv_mapper5&gt;, exit status 3
20:51:25 INFO  
20:51:25 INFO  Test duration: 188.32 secs
20:51:25 INFO  Test final outcome:  BLOCKED
20:51:25 INFO  Test outcome reason: SystemError: Timeout while waiting for status SUCCESSFUL or False (+1 other failures)
20:51:25 INFO  
</system-out>
	</testcase>
</testsuite>
