<?xml version="1.0" encoding="utf-8"?>
<testsuite name="SoftwareManagement.Plugin.apama_plugin_update" tests="1" failures="1" skipped="0" time="22.37" timestamp="2022-05-03T09:02:14">
	<testcase classname="ApamaPluginUpdateTest" name="SoftwareManagement.Plugin.apama_plugin_update">
		<failure message="BLOCKED: sudo&lt;plugin_install&gt; returned non-zero exit code 2" type="BLOCKED"/>
		<system-out>09:01:51 INFO  ==============================================================
09:01:51 INFO  Id:    SoftwareManagement.Plugin.apama_plugin_update
09:01:51 INFO  Dir:   plugin_apama/
09:01:51 INFO  Title: Validate apama plugin updating one project with another
09:01:51 INFO  ==============================================================
09:01:51 INFO  Assertion that path exists=False for &quot;/etc/tedge/apama/project&quot; ... passed
09:01:52 INFO  Executed sudo&lt;create_project_dir&gt;, exit status 0
09:01:52 INFO  Executed sudo&lt;unzip_apama_project&gt;, exit status 0
09:01:53 INFO  Executed sudo&lt;move_apama_project&gt;, exit status 0
09:01:54 INFO  Executed sudo&lt;restart_apama_service&gt;, exit status 0
09:01:55 INFO  Executed sudo&lt;apama_correlator_wait&gt;, exit status 0
09:01:55 INFO  Assertion that path exists=True for &quot;/etc/tedge/apama/project&quot; ... passed
09:01:56 INFO  Executed sudo&lt;apama_list_monitors&gt;, exit status 0
09:01:56 INFO  Grep on file /home/pi/actions-runner/_work/thin-edge.io/thin-edge.io/tests/PySys/plugin_apama/apama_plugin_update/Output/linux/apama_list_monitors.out ... passed
09:01:56 WARN  Executed sudo&lt;plugin_install&gt;, exit status 2
09:01:56 INFO  Contents of plugin_install.err: 
  ERROR: Directory not empty (os error 39)
  -----

09:01:57 WARN  sudo&lt;plugin_install&gt; returned non-zero exit code 2 ... blocked [run.py:26]
09:01:57 WARN  Aborted test due to BLOCKED outcome
09:01:57 INFO  
09:01:57 INFO  cleanup:
09:01:57 INFO  Removing apama project
09:02:12 INFO  Executed sudo&lt;stop_apama_service&gt;, exit status 0, duration 15 secs
09:02:13 INFO  Executed sudo&lt;remove_apama_project&gt;, exit status 0
09:02:14 INFO  Executed sudo&lt;remove_apama_tmp_dir&gt;, exit status 0
09:02:14 INFO  
09:02:14 INFO  Test duration: 22.37 secs
09:02:14 INFO  Test final outcome:  BLOCKED
09:02:14 INFO  Test outcome reason: sudo&lt;plugin_install&gt; returned non-zero exit code 2
09:02:14 INFO  
</system-out>
	</testcase>
</testsuite>
