<?xml version="1.0" encoding="utf-8"?>
<testsuite name="SoftwareManagement.sm_apt_install_remove_multiple" tests="1" failures="1" skipped="0" time="160.11" timestamp="2022-05-02T16:22:36">
	<testcase classname="PySysTest" name="SoftwareManagement.sm_apt_install_remove_multiple">
		<failure message="FAILED: Assert that (False == value) with value=True (+2 other failures)" type="FAILED"/>
		<system-out>16:19:56 INFO  ==============================================================
16:19:56 INFO  Id:    SoftwareManagement.sm_apt_install_remove_multiple
16:19:56 INFO  Dir:   software_management_end_to_end/
16:19:56 INFO  Title: Validate end to end behaviour for the apt plugin for multiple packages
16:19:56 INFO  ==============================================================
16:19:56 INFO  Using sw id database: {'asciijump': '5475369', 'robotfindskitten': '5474869', 'squirrel3': '5475279', 'rolldice': '5152439', 'moon-buggy': '5439204', 'apple': '5495053', 'banana': '5494888', 'cherry': '5495382', 'watermelon': '5494510', 'registry': '8018911', 'hello-world': '8021526', 'docker/getting-started': '8021973', 'alpine': '7991792'}
16:19:56 INFO  EnvironmentC8y Setup
16:19:56 INFO  Executed systemctl&lt;serv_mapper1&gt;, exit status 3
16:19:56 INFO  Restarting mosquitto too frequently in the last 10 seconds. It was only up for 6 seconds
16:19:56 INFO  Delaying execution by 5 seconds
16:20:19 INFO  Executed sudo&lt;tedge_connect_c8y&gt;, exit status 0, duration 17 secs
16:20:20 INFO  Executed sudo&lt;tedge_connect_c8y_test&gt;, exit status 0
16:20:20 INFO  Executed systemctl&lt;serv_mosq2&gt;, exit status 0
16:20:21 INFO  Executed systemctl&lt;serv_mapper3&gt;, exit status 0
16:20:23 INFO  State of current operation: SUCCESSFUL
16:20:23 INFO  Assert that (False == value) with value=False ... passed
16:20:24 INFO  Package asciijump is installed
16:20:24 WARN  Assert that (False == value) with value=True ... failed 
16:20:24 INFO  Package squirrel3 is installed
16:20:24 WARN  Assert that (False == value) with value=True ... failed 
16:20:25 INFO  Package robotfindskitten is installed
16:20:25 WARN  Assert that (False == value) with value=True ... failed 
16:20:25 INFO  Response status: 201
16:20:25 INFO  Response to action: {
    &quot;creationTime&quot;: &quot;2022-05-02T16:20:25.275Z&quot;,
    &quot;deviceName&quot;: &quot;m32sd11e&quot;,
    &quot;deviceId&quot;: &quot;18180747&quot;,
    &quot;self&quot;: &quot;https://t493319102.eu-latest.cumulocity.com/devicecontrol/operations/18214203&quot;,
    &quot;id&quot;: &quot;18214203&quot;,
    &quot;status&quot;: &quot;PENDING&quot;,
    &quot;description&quot;: &quot;Apply software changes, triggered from PySys: [{'action': 'install', 'id': '5475369', 'name': 'asciijump', 'url': ' ', 'version': '::apt'}, {'action': 'install', 'id': '5474869', 'name': 'robotfindskitten', 'url': ' ', 'version': '::apt'}, {'action': 'install', 'id': '5475279', 'name': 'squirrel3', 'url': ' ', 'version': '::apt'}]&quot;,
    &quot;c8y_SoftwareUpdate&quot;: [
        {
            &quot;name&quot;: &quot;asciijump&quot;,
            &quot;action&quot;: &quot;install&quot;,
            &quot;id&quot;: &quot;5475369&quot;,
            &quot;version&quot;: &quot;::apt&quot;,
            &quot;url&quot;: &quot; &quot;
        },
        {
            &quot;name&quot;: &quot;robotfindskitten&quot;,
            &quot;action&quot;: &quot;install&quot;,
            &quot;id&quot;: &quot;5474869&quot;,
            &quot;version&quot;: &quot;::apt&quot;,
            &quot;url&quot;: &quot; &quot;
        },
        {
            &quot;name&quot;: &quot;squirrel3&quot;,
            &quot;action&quot;: &quot;install&quot;,
            &quot;id&quot;: &quot;5475279&quot;,
            &quot;version&quot;: &quot;::apt&quot;,
            &quot;url&quot;: &quot; &quot;
        }
    ]
}
16:20:25 INFO  Started operation: {'creationTime': '2022-05-02T16:20:25.275Z', 'deviceName': 'm32sd11e', 'deviceId': '18180747', 'self': 'https://t493319102.eu-latest.cumulocity.com/devicecontrol/operations/18214203', 'id': '18214203', 'status': 'PENDING', 'description': &quot;Apply software changes, triggered from PySys: [{'action': 'install', 'id': '5475369', 'name': 'asciijump', 'url': ' ', 'version': '::apt'}, {'action': 'install', 'id': '5474869', 'name': 'robotfindskitten', 'url': ' ', 'version': '::apt'}, {'action': 'install', 'id': '5475279', 'name': 'squirrel3', 'url': ' ', 'version': '::apt'}]&quot;, 'c8y_SoftwareUpdate': [{'name': 'asciijump', 'action': 'install', 'id': '5475369', 'version': '::apt', 'url': ' '}, {'name': 'robotfindskitten', 'action': 'install', 'id': '5474869', 'version': '::apt', 'url': ' '}, {'name': 'squirrel3', 'action': 'install', 'id': '5475279', 'version': '::apt', 'url': ' '}]}
16:20:27 INFO  State of operation 18214203 : PENDING
16:20:29 INFO  State of operation 18214203 : EXECUTING
16:20:32 INFO  State of operation 18214203 : EXECUTING
16:20:34 INFO  State of operation 18214203 : EXECUTING
16:20:36 INFO  State of operation 18214203 : EXECUTING
16:20:38 INFO  State of operation 18214203 : EXECUTING
16:20:40 INFO  State of operation 18214203 : EXECUTING
16:20:43 INFO  State of operation 18214203 : EXECUTING
16:20:46 INFO  State of operation 18214203 : EXECUTING
16:20:48 INFO  State of operation 18214203 : EXECUTING
16:20:51 INFO  State of operation 18214203 : EXECUTING
16:20:53 INFO  State of operation 18214203 : EXECUTING
16:20:55 INFO  State of operation 18214203 : EXECUTING
16:20:57 INFO  State of operation 18214203 : EXECUTING
16:21:00 INFO  State of operation 18214203 : EXECUTING
16:21:02 INFO  State of operation 18214203 : EXECUTING
16:21:04 INFO  State of operation 18214203 : EXECUTING
16:21:07 INFO  State of operation 18214203 : SUCCESSFUL
16:21:07 INFO  Assert that (False == value) with value=False ... passed
16:21:07 INFO  Package asciijump is installed
16:21:07 INFO  Assert that (True == value) with value=True ... passed
16:21:07 INFO  Package squirrel3 is installed
16:21:07 INFO  Assert that (True == value) with value=True ... passed
16:21:08 INFO  Package robotfindskitten is installed
16:21:08 INFO  Assert that (True == value) with value=True ... passed
16:21:08 INFO  Response status: 201
16:21:08 INFO  Response to action: {
    &quot;creationTime&quot;: &quot;2022-05-02T16:21:08.233Z&quot;,
    &quot;deviceName&quot;: &quot;m32sd11e&quot;,
    &quot;deviceId&quot;: &quot;18180747&quot;,
    &quot;self&quot;: &quot;https://t493319102.eu-latest.cumulocity.com/devicecontrol/operations/18214221&quot;,
    &quot;id&quot;: &quot;18214221&quot;,
    &quot;status&quot;: &quot;PENDING&quot;,
    &quot;description&quot;: &quot;Apply software changes, triggered from PySys: [{'action': 'delete', 'id': '5475369', 'name': 'asciijump', 'url': ' ', 'version': '::apt'}, {'action': 'delete', 'id': '5474869', 'name': 'robotfindskitten', 'url': ' ', 'version': '::apt'}, {'action': 'delete', 'id': '5475279', 'name': 'squirrel3', 'url': ' ', 'version': '::apt'}]&quot;,
    &quot;c8y_SoftwareUpdate&quot;: [
        {
            &quot;name&quot;: &quot;asciijump&quot;,
            &quot;action&quot;: &quot;delete&quot;,
            &quot;id&quot;: &quot;5475369&quot;,
            &quot;version&quot;: &quot;::apt&quot;,
            &quot;url&quot;: &quot; &quot;
        },
        {
            &quot;name&quot;: &quot;robotfindskitten&quot;,
            &quot;action&quot;: &quot;delete&quot;,
            &quot;id&quot;: &quot;5474869&quot;,
            &quot;version&quot;: &quot;::apt&quot;,
            &quot;url&quot;: &quot; &quot;
        },
        {
            &quot;name&quot;: &quot;squirrel3&quot;,
            &quot;action&quot;: &quot;delete&quot;,
            &quot;id&quot;: &quot;5475279&quot;,
            &quot;version&quot;: &quot;::apt&quot;,
            &quot;url&quot;: &quot; &quot;
        }
    ]
}
16:21:08 INFO  Started operation: {'creationTime': '2022-05-02T16:21:08.233Z', 'deviceName': 'm32sd11e', 'deviceId': '18180747', 'self': 'https://t493319102.eu-latest.cumulocity.com/devicecontrol/operations/18214221', 'id': '18214221', 'status': 'PENDING', 'description': &quot;Apply software changes, triggered from PySys: [{'action': 'delete', 'id': '5475369', 'name': 'asciijump', 'url': ' ', 'version': '::apt'}, {'action': 'delete', 'id': '5474869', 'name': 'robotfindskitten', 'url': ' ', 'version': '::apt'}, {'action': 'delete', 'id': '5475279', 'name': 'squirrel3', 'url': ' ', 'version': '::apt'}]&quot;, 'c8y_SoftwareUpdate': [{'name': 'asciijump', 'action': 'delete', 'id': '5475369', 'version': '::apt', 'url': ' '}, {'name': 'robotfindskitten', 'action': 'delete', 'id': '5474869', 'version': '::apt', 'url': ' '}, {'name': 'squirrel3', 'action': 'delete', 'id': '5475279', 'version': '::apt', 'url': ' '}]}
16:21:10 INFO  State of operation 18214221 : PENDING
16:21:12 INFO  State of operation 18214221 : EXECUTING
16:21:15 INFO  State of operation 18214221 : EXECUTING
16:21:17 INFO  State of operation 18214221 : EXECUTING
16:21:19 INFO  State of operation 18214221 : EXECUTING
16:21:21 INFO  State of operation 18214221 : EXECUTING
16:21:24 INFO  State of operation 18214221 : EXECUTING
16:21:26 INFO  State of operation 18214221 : EXECUTING
16:21:29 INFO  State of operation 18214221 : EXECUTING
16:21:32 INFO  State of operation 18214221 : EXECUTING
16:21:34 INFO  State of operation 18214221 : EXECUTING
16:21:36 INFO  State of operation 18214221 : EXECUTING
16:21:39 INFO  State of operation 18214221 : EXECUTING
16:21:41 INFO  State of operation 18214221 : EXECUTING
16:21:43 INFO  State of operation 18214221 : EXECUTING
16:21:45 INFO  State of operation 18214221 : EXECUTING
16:21:48 INFO  State of operation 18214221 : EXECUTING
16:21:50 INFO  State of operation 18214221 : EXECUTING
16:21:52 INFO  State of operation 18214221 : EXECUTING
16:21:55 INFO  State of operation 18214221 : EXECUTING
16:21:57 INFO  State of operation 18214221 : EXECUTING
16:22:00 INFO  State of operation 18214221 : EXECUTING
16:22:02 INFO  State of operation 18214221 : EXECUTING
16:22:05 INFO  State of operation 18214221 : EXECUTING
16:22:07 INFO  State of operation 18214221 : EXECUTING
16:22:09 INFO  State of operation 18214221 : EXECUTING
16:22:11 INFO  State of operation 18214221 : EXECUTING
16:22:14 INFO  State of operation 18214221 : EXECUTING
16:22:16 INFO  State of operation 18214221 : EXECUTING
16:22:19 INFO  State of operation 18214221 : EXECUTING
16:22:21 INFO  State of operation 18214221 : EXECUTING
16:22:23 INFO  State of operation 18214221 : EXECUTING
16:22:26 INFO  State of operation 18214221 : EXECUTING
16:22:28 INFO  State of operation 18214221 : SUCCESSFUL
16:22:28 INFO  Assert that (False == value) with value=False ... passed
16:22:28 INFO  Assert that (False == value) with value=False ... passed
16:22:29 INFO  Assert that (False == value) with value=False ... passed
16:22:29 INFO  Assert that (False == value) with value=False ... passed
16:22:29 INFO  
16:22:29 INFO  cleanup:
16:22:35 INFO  Executed sudo&lt;tedge_disconnect_c8y&gt;, exit status 0
16:22:36 INFO  Executed systemctl&lt;serv_mapper5&gt;, exit status 3
16:22:36 INFO  
16:22:36 INFO  Test duration: 160.11 secs
16:22:36 INFO  Test final outcome:  FAILED
16:22:36 INFO  Test outcome reason: Assert that (False == value) with value=True (+2 other failures)
16:22:36 INFO  
</system-out>
	</testcase>
</testsuite>
