<?xml version="1.0" encoding="utf-8"?>
<testsuite name="SoftwareManagement.sm_fake_install_remove_multiple" tests="1" failures="0" skipped="0" time="54.25" timestamp="2022-05-30T10:38:32">
	<testcase classname="PySysTest" name="SoftwareManagement.sm_fake_install_remove_multiple"/>
</testsuite>
