<?xml version="1.0" encoding="utf-8"?>
<testsuite name="SoftwareManagement.sm_apt_install_remove_multiple" tests="1" failures="1" skipped="0" time="157.22" timestamp="2022-05-10T20:48:17">
	<testcase classname="PySysTest" name="SoftwareManagement.sm_apt_install_remove_multiple">
		<failure message="FAILED: Assert that (False == value) with value=True (+2 other failures)" type="FAILED"/>
		<system-out>20:45:39 INFO  ==============================================================
20:45:39 INFO  Id:    SoftwareManagement.sm_apt_install_remove_multiple
20:45:39 INFO  Dir:   software_management_end_to_end/
20:45:39 INFO  Title: Validate end to end behaviour for the apt plugin for multiple packages
20:45:39 INFO  ==============================================================
20:45:40 INFO  Using sw id database: {'asciijump': '5475369', 'robotfindskitten': '5474869', 'squirrel3': '5475279', 'rolldice': '5152439', 'moon-buggy': '5439204', 'apple': '5495053', 'banana': '5494888', 'cherry': '5495382', 'watermelon': '5494510', 'registry': '8018911', 'hello-world': '8021526', 'docker/getting-started': '8021973', 'alpine': '7991792'}
20:45:40 INFO  EnvironmentC8y Setup
20:45:40 INFO  Executed systemctl&lt;serv_mapper1&gt;, exit status 3
20:45:40 INFO  Restarting mosquitto too frequently in the last 10 seconds. It was only up for 6 seconds
20:45:40 INFO  Delaying execution by 5 seconds
20:46:03 INFO  Executed sudo&lt;tedge_connect_c8y&gt;, exit status 0, duration 17 secs
20:46:03 INFO  Executed sudo&lt;tedge_connect_c8y_test&gt;, exit status 0
20:46:04 INFO  Executed systemctl&lt;serv_mosq2&gt;, exit status 0
20:46:04 INFO  Executed systemctl&lt;serv_mapper3&gt;, exit status 0
20:46:07 INFO  State of current operation: SUCCESSFUL
20:46:07 INFO  Assert that (False == value) with value=False ... passed
20:46:07 INFO  Package asciijump is installed
20:46:07 WARN  Assert that (False == value) with value=True ... failed 
20:46:07 INFO  Package squirrel3 is installed
20:46:07 WARN  Assert that (False == value) with value=True ... failed 
20:46:08 INFO  Package robotfindskitten is installed
20:46:08 WARN  Assert that (False == value) with value=True ... failed 
20:46:08 INFO  Response status: 201
20:46:08 INFO  Response to action: {
    &quot;creationTime&quot;: &quot;2022-05-10T20:46:08.518Z&quot;,
    &quot;deviceName&quot;: &quot;m32sd11e&quot;,
    &quot;deviceId&quot;: &quot;18731567&quot;,
    &quot;self&quot;: &quot;https://t493319102.eu-latest.cumulocity.com/devicecontrol/operations/18751945&quot;,
    &quot;id&quot;: &quot;18751945&quot;,
    &quot;status&quot;: &quot;PENDING&quot;,
    &quot;description&quot;: &quot;Apply software changes, triggered from PySys: [{'action': 'install', 'id': '5475369', 'name': 'asciijump', 'url': ' ', 'version': '::apt'}, {'action': 'install', 'id': '5474869', 'name': 'robotfindskitten', 'url': ' ', 'version': '::apt'}, {'action': 'install', 'id': '5475279', 'name': 'squirrel3', 'url': ' ', 'version': '::apt'}]&quot;,
    &quot;c8y_SoftwareUpdate&quot;: [
        {
            &quot;name&quot;: &quot;asciijump&quot;,
            &quot;action&quot;: &quot;install&quot;,
            &quot;id&quot;: &quot;5475369&quot;,
            &quot;version&quot;: &quot;::apt&quot;,
            &quot;url&quot;: &quot; &quot;
        },
        {
            &quot;name&quot;: &quot;robotfindskitten&quot;,
            &quot;action&quot;: &quot;install&quot;,
            &quot;id&quot;: &quot;5474869&quot;,
            &quot;version&quot;: &quot;::apt&quot;,
            &quot;url&quot;: &quot; &quot;
        },
        {
            &quot;name&quot;: &quot;squirrel3&quot;,
            &quot;action&quot;: &quot;install&quot;,
            &quot;id&quot;: &quot;5475279&quot;,
            &quot;version&quot;: &quot;::apt&quot;,
            &quot;url&quot;: &quot; &quot;
        }
    ]
}
20:46:08 INFO  Started operation: {'creationTime': '2022-05-10T20:46:08.518Z', 'deviceName': 'm32sd11e', 'deviceId': '18731567', 'self': 'https://t493319102.eu-latest.cumulocity.com/devicecontrol/operations/18751945', 'id': '18751945', 'status': 'PENDING', 'description': &quot;Apply software changes, triggered from PySys: [{'action': 'install', 'id': '5475369', 'name': 'asciijump', 'url': ' ', 'version': '::apt'}, {'action': 'install', 'id': '5474869', 'name': 'robotfindskitten', 'url': ' ', 'version': '::apt'}, {'action': 'install', 'id': '5475279', 'name': 'squirrel3', 'url': ' ', 'version': '::apt'}]&quot;, 'c8y_SoftwareUpdate': [{'name': 'asciijump', 'action': 'install', 'id': '5475369', 'version': '::apt', 'url': ' '}, {'name': 'robotfindskitten', 'action': 'install', 'id': '5474869', 'version': '::apt', 'url': ' '}, {'name': 'squirrel3', 'action': 'install', 'id': '5475279', 'version': '::apt', 'url': ' '}]}
20:46:10 INFO  State of operation 18751945 : PENDING
20:46:13 INFO  State of operation 18751945 : EXECUTING
20:46:15 INFO  State of operation 18751945 : EXECUTING
20:46:17 INFO  State of operation 18751945 : EXECUTING
20:46:19 INFO  State of operation 18751945 : EXECUTING
20:46:21 INFO  State of operation 18751945 : EXECUTING
20:46:24 INFO  State of operation 18751945 : EXECUTING
20:46:27 INFO  State of operation 18751945 : EXECUTING
20:46:30 INFO  State of operation 18751945 : EXECUTING
20:46:32 INFO  State of operation 18751945 : EXECUTING
20:46:34 INFO  State of operation 18751945 : EXECUTING
20:46:36 INFO  State of operation 18751945 : EXECUTING
20:46:39 INFO  State of operation 18751945 : EXECUTING
20:46:41 INFO  State of operation 18751945 : EXECUTING
20:46:43 INFO  State of operation 18751945 : EXECUTING
20:46:45 INFO  State of operation 18751945 : EXECUTING
20:46:48 INFO  State of operation 18751945 : EXECUTING
20:46:50 INFO  State of operation 18751945 : SUCCESSFUL
20:46:50 INFO  Assert that (False == value) with value=False ... passed
20:46:50 INFO  Package asciijump is installed
20:46:50 INFO  Assert that (True == value) with value=True ... passed
20:46:50 INFO  Package squirrel3 is installed
20:46:50 INFO  Assert that (True == value) with value=True ... passed
20:46:51 INFO  Package robotfindskitten is installed
20:46:51 INFO  Assert that (True == value) with value=True ... passed
20:46:51 INFO  Response status: 201
20:46:51 INFO  Response to action: {
    &quot;creationTime&quot;: &quot;2022-05-10T20:46:51.376Z&quot;,
    &quot;deviceName&quot;: &quot;m32sd11e&quot;,
    &quot;deviceId&quot;: &quot;18731567&quot;,
    &quot;self&quot;: &quot;https://t493319102.eu-latest.cumulocity.com/devicecontrol/operations/18751961&quot;,
    &quot;id&quot;: &quot;18751961&quot;,
    &quot;status&quot;: &quot;PENDING&quot;,
    &quot;description&quot;: &quot;Apply software changes, triggered from PySys: [{'action': 'delete', 'id': '5475369', 'name': 'asciijump', 'url': ' ', 'version': '::apt'}, {'action': 'delete', 'id': '5474869', 'name': 'robotfindskitten', 'url': ' ', 'version': '::apt'}, {'action': 'delete', 'id': '5475279', 'name': 'squirrel3', 'url': ' ', 'version': '::apt'}]&quot;,
    &quot;c8y_SoftwareUpdate&quot;: [
        {
            &quot;name&quot;: &quot;asciijump&quot;,
            &quot;action&quot;: &quot;delete&quot;,
            &quot;id&quot;: &quot;5475369&quot;,
            &quot;version&quot;: &quot;::apt&quot;,
            &quot;url&quot;: &quot; &quot;
        },
        {
            &quot;name&quot;: &quot;robotfindskitten&quot;,
            &quot;action&quot;: &quot;delete&quot;,
            &quot;id&quot;: &quot;5474869&quot;,
            &quot;version&quot;: &quot;::apt&quot;,
            &quot;url&quot;: &quot; &quot;
        },
        {
            &quot;name&quot;: &quot;squirrel3&quot;,
            &quot;action&quot;: &quot;delete&quot;,
            &quot;id&quot;: &quot;5475279&quot;,
            &quot;version&quot;: &quot;::apt&quot;,
            &quot;url&quot;: &quot; &quot;
        }
    ]
}
20:46:51 INFO  Started operation: {'creationTime': '2022-05-10T20:46:51.376Z', 'deviceName': 'm32sd11e', 'deviceId': '18731567', 'self': 'https://t493319102.eu-latest.cumulocity.com/devicecontrol/operations/18751961', 'id': '18751961', 'status': 'PENDING', 'description': &quot;Apply software changes, triggered from PySys: [{'action': 'delete', 'id': '5475369', 'name': 'asciijump', 'url': ' ', 'version': '::apt'}, {'action': 'delete', 'id': '5474869', 'name': 'robotfindskitten', 'url': ' ', 'version': '::apt'}, {'action': 'delete', 'id': '5475279', 'name': 'squirrel3', 'url': ' ', 'version': '::apt'}]&quot;, 'c8y_SoftwareUpdate': [{'name': 'asciijump', 'action': 'delete', 'id': '5475369', 'version': '::apt', 'url': ' '}, {'name': 'robotfindskitten', 'action': 'delete', 'id': '5474869', 'version': '::apt', 'url': ' '}, {'name': 'squirrel3', 'action': 'delete', 'id': '5475279', 'version': '::apt', 'url': ' '}]}
20:46:53 INFO  State of operation 18751961 : PENDING
20:46:55 INFO  State of operation 18751961 : EXECUTING
20:46:58 INFO  State of operation 18751961 : EXECUTING
20:47:00 INFO  State of operation 18751961 : EXECUTING
20:47:02 INFO  State of operation 18751961 : EXECUTING
20:47:04 INFO  State of operation 18751961 : EXECUTING
20:47:07 INFO  State of operation 18751961 : EXECUTING
20:47:09 INFO  State of operation 18751961 : EXECUTING
20:47:13 INFO  State of operation 18751961 : EXECUTING
20:47:15 INFO  State of operation 18751961 : EXECUTING
20:47:17 INFO  State of operation 18751961 : EXECUTING
20:47:20 INFO  State of operation 18751961 : EXECUTING
20:47:22 INFO  State of operation 18751961 : EXECUTING
20:47:24 INFO  State of operation 18751961 : EXECUTING
20:47:26 INFO  State of operation 18751961 : EXECUTING
20:47:29 INFO  State of operation 18751961 : EXECUTING
20:47:31 INFO  State of operation 18751961 : EXECUTING
20:47:34 INFO  State of operation 18751961 : EXECUTING
20:47:36 INFO  State of operation 18751961 : EXECUTING
20:47:38 INFO  State of operation 18751961 : EXECUTING
20:47:41 INFO  State of operation 18751961 : EXECUTING
20:47:43 INFO  State of operation 18751961 : EXECUTING
20:47:46 INFO  State of operation 18751961 : EXECUTING
20:47:48 INFO  State of operation 18751961 : EXECUTING
20:47:50 INFO  State of operation 18751961 : EXECUTING
20:47:53 INFO  State of operation 18751961 : EXECUTING
20:47:55 INFO  State of operation 18751961 : EXECUTING
20:47:57 INFO  State of operation 18751961 : EXECUTING
20:48:00 INFO  State of operation 18751961 : EXECUTING
20:48:02 INFO  State of operation 18751961 : EXECUTING
20:48:05 INFO  State of operation 18751961 : EXECUTING
20:48:07 INFO  State of operation 18751961 : EXECUTING
20:48:09 INFO  State of operation 18751961 : SUCCESSFUL
20:48:09 INFO  Assert that (False == value) with value=False ... passed
20:48:10 INFO  Assert that (False == value) with value=False ... passed
20:48:10 INFO  Assert that (False == value) with value=False ... passed
20:48:10 INFO  Assert that (False == value) with value=False ... passed
20:48:10 INFO  
20:48:10 INFO  cleanup:
20:48:16 INFO  Executed sudo&lt;tedge_disconnect_c8y&gt;, exit status 0
20:48:17 INFO  Executed systemctl&lt;serv_mapper5&gt;, exit status 3
20:48:17 INFO  
20:48:17 INFO  Test duration: 157.22 secs
20:48:17 INFO  Test final outcome:  FAILED
20:48:17 INFO  Test outcome reason: Assert that (False == value) with value=True (+2 other failures)
20:48:17 INFO  
</system-out>
	</testcase>
</testsuite>
