<?xml version="1.0" encoding="utf-8"?>
<testsuite name="SoftwareManagement.sm_mixed_install_remove_multiple" tests="1" failures="1" skipped="0" time="190.45" timestamp="2022-05-10T14:44:29">
	<testcase classname="PySysTest" name="SoftwareManagement.sm_mixed_install_remove_multiple">
		<failure message="FAILED: Assert that (False == value) with value=True" type="FAILED"/>
		<system-out>14:41:18 INFO  ==============================================================
14:41:18 INFO  Id:    SoftwareManagement.sm_mixed_install_remove_multiple
14:41:18 INFO  Dir:   software_management_end_to_end/
14:41:18 INFO  Title: Validate end to end behaviour for the dummy-plugin for multiple packages with mixed versions
14:41:18 INFO  ==============================================================
14:41:18 INFO  Using sw id database: {'asciijump': '5475369', 'robotfindskitten': '5474869', 'squirrel3': '5475279', 'rolldice': '5152439', 'moon-buggy': '5439204', 'apple': '5495053', 'banana': '5494888', 'cherry': '5495382', 'watermelon': '5494510', 'registry': '8018911', 'hello-world': '8021526', 'docker/getting-started': '8021973', 'alpine': '7991792'}
14:41:18 INFO  EnvironmentC8y Setup
14:41:19 INFO  Executed systemctl&lt;serv_mapper1&gt;, exit status 3
14:41:19 INFO  Restarting mosquitto too frequently in the last 10 seconds. It was only up for 6 seconds
14:41:19 INFO  Delaying execution by 5 seconds
14:41:42 INFO  Executed sudo&lt;tedge_connect_c8y&gt;, exit status 0, duration 17 secs
14:41:42 INFO  Executed sudo&lt;tedge_connect_c8y_test&gt;, exit status 0
14:41:43 INFO  Executed systemctl&lt;serv_mosq2&gt;, exit status 0
14:41:43 INFO  Executed systemctl&lt;serv_mapper3&gt;, exit status 0
14:41:45 INFO  State of current operation: SUCCESSFUL
14:41:46 INFO  Package apple is installed
14:41:46 INFO  Assert that (True == value) with value=True ... passed
14:41:46 INFO  Package banana is installed
14:41:46 INFO  Assert that (True == value) with value=True ... passed
14:41:46 INFO  Package cherry is installed
14:41:46 INFO  Assert that (True == value) with value=True ... passed
14:41:47 INFO  Package asciijump is installed
14:41:47 WARN  Assert that (False == value) with value=True ... failed 
14:41:47 INFO  Assert that (False == value) with value=False ... passed
14:41:47 INFO  Response status: 201
14:41:47 INFO  Response to action: {
    &quot;creationTime&quot;: &quot;2022-05-10T14:41:47.507Z&quot;,
    &quot;deviceName&quot;: &quot;m32sd11e&quot;,
    &quot;deviceId&quot;: &quot;18671277&quot;,
    &quot;self&quot;: &quot;https://t493319102.eu-latest.cumulocity.com/devicecontrol/operations/18697545&quot;,
    &quot;id&quot;: &quot;18697545&quot;,
    &quot;status&quot;: &quot;PENDING&quot;,
    &quot;description&quot;: &quot;Apply software changes, triggered from PySys: [{'action': 'install', 'id': '5495053', 'name': 'apple', 'url': ' ', 'version': '::fruits'}, {'action': 'install', 'id': '5494888', 'name': 'banana', 'url': ' ', 'version': '::fruits'}, {'action': 'install', 'id': '5475369', 'name': 'asciijump', 'url': ' ', 'version': '::apt'}, {'action': 'install', 'id': '5495382', 'name': 'cherry', 'url': ' ', 'version': '::fruits'}, {'action': 'install', 'id': '8018911', 'name': 'registry', 'url': ' ', 'version': '::docker'}]&quot;,
    &quot;c8y_SoftwareUpdate&quot;: [
        {
            &quot;name&quot;: &quot;apple&quot;,
            &quot;action&quot;: &quot;install&quot;,
            &quot;id&quot;: &quot;5495053&quot;,
            &quot;version&quot;: &quot;::fruits&quot;,
            &quot;url&quot;: &quot; &quot;
        },
        {
            &quot;name&quot;: &quot;banana&quot;,
            &quot;action&quot;: &quot;install&quot;,
            &quot;id&quot;: &quot;5494888&quot;,
            &quot;version&quot;: &quot;::fruits&quot;,
            &quot;url&quot;: &quot; &quot;
        },
        {
            &quot;name&quot;: &quot;asciijump&quot;,
            &quot;action&quot;: &quot;install&quot;,
            &quot;id&quot;: &quot;5475369&quot;,
            &quot;version&quot;: &quot;::apt&quot;,
            &quot;url&quot;: &quot; &quot;
        },
        {
            &quot;name&quot;: &quot;cherry&quot;,
            &quot;action&quot;: &quot;install&quot;,
            &quot;id&quot;: &quot;5495382&quot;,
            &quot;version&quot;: &quot;::fruits&quot;,
            &quot;url&quot;: &quot; &quot;
        },
        {
            &quot;name&quot;: &quot;registry&quot;,
            &quot;action&quot;: &quot;install&quot;,
            &quot;id&quot;: &quot;8018911&quot;,
            &quot;version&quot;: &quot;::docker&quot;,
            &quot;url&quot;: &quot; &quot;
        }
    ]
}
14:41:47 INFO  Started operation: {'creationTime': '2022-05-10T14:41:47.507Z', 'deviceName': 'm32sd11e', 'deviceId': '18671277', 'self': 'https://t493319102.eu-latest.cumulocity.com/devicecontrol/operations/18697545', 'id': '18697545', 'status': 'PENDING', 'description': &quot;Apply software changes, triggered from PySys: [{'action': 'install', 'id': '5495053', 'name': 'apple', 'url': ' ', 'version': '::fruits'}, {'action': 'install', 'id': '5494888', 'name': 'banana', 'url': ' ', 'version': '::fruits'}, {'action': 'install', 'id': '5475369', 'name': 'asciijump', 'url': ' ', 'version': '::apt'}, {'action': 'install', 'id': '5495382', 'name': 'cherry', 'url': ' ', 'version': '::fruits'}, {'action': 'install', 'id': '8018911', 'name': 'registry', 'url': ' ', 'version': '::docker'}]&quot;, 'c8y_SoftwareUpdate': [{'name': 'apple', 'action': 'install', 'id': '5495053', 'version': '::fruits', 'url': ' '}, {'name': 'banana', 'action': 'install', 'id': '5494888', 'version': '::fruits', 'url': ' '}, {'name': 'asciijump', 'action': 'install', 'id': '5475369', 'version': '::apt', 'url': ' '}, {'name': 'cherry', 'action': 'install', 'id': '5495382', 'version': '::fruits', 'url': ' '}, {'name': 'registry', 'action': 'install', 'id': '8018911', 'version': '::docker', 'url': ' '}]}
14:41:49 INFO  State of operation 18697545 : PENDING
14:41:52 INFO  State of operation 18697545 : EXECUTING
14:41:54 INFO  State of operation 18697545 : EXECUTING
14:41:56 INFO  State of operation 18697545 : EXECUTING
14:41:58 INFO  State of operation 18697545 : EXECUTING
14:42:00 INFO  State of operation 18697545 : EXECUTING
14:42:03 INFO  State of operation 18697545 : EXECUTING
14:42:05 INFO  State of operation 18697545 : EXECUTING
14:42:08 INFO  State of operation 18697545 : EXECUTING
14:42:10 INFO  State of operation 18697545 : EXECUTING
14:42:13 INFO  State of operation 18697545 : EXECUTING
14:42:15 INFO  State of operation 18697545 : EXECUTING
14:42:18 INFO  State of operation 18697545 : EXECUTING
14:42:20 INFO  State of operation 18697545 : EXECUTING
14:42:22 INFO  State of operation 18697545 : EXECUTING
14:42:24 INFO  State of operation 18697545 : EXECUTING
14:42:27 INFO  State of operation 18697545 : EXECUTING
14:42:29 INFO  State of operation 18697545 : EXECUTING
14:42:31 INFO  State of operation 18697545 : EXECUTING
14:42:34 INFO  State of operation 18697545 : EXECUTING
14:42:36 INFO  State of operation 18697545 : EXECUTING
14:42:38 INFO  State of operation 18697545 : EXECUTING
14:42:40 INFO  State of operation 18697545 : EXECUTING
14:42:43 INFO  State of operation 18697545 : EXECUTING
14:42:45 INFO  State of operation 18697545 : EXECUTING
14:42:47 INFO  State of operation 18697545 : EXECUTING
14:42:49 INFO  State of operation 18697545 : EXECUTING
14:42:52 INFO  State of operation 18697545 : EXECUTING
14:42:54 INFO  State of operation 18697545 : EXECUTING
14:42:56 INFO  State of operation 18697545 : SUCCESSFUL
14:42:56 INFO  Package apple is installed
14:42:56 INFO  Assert that (True == value) with value=True ... passed
14:42:56 INFO  Package banana is installed
14:42:56 INFO  Assert that (True == value) with value=True ... passed
14:42:57 INFO  Package cherry is installed
14:42:57 INFO  Assert that (True == value) with value=True ... passed
14:42:57 INFO  Package asciijump is installed
14:42:57 INFO  Assert that (True == value) with value=True ... passed
14:42:57 INFO  Package registry is installed
14:42:57 INFO  Assert that (True == value) with value=True ... passed
14:42:57 INFO  Response status: 201
14:42:57 INFO  Response to action: {
    &quot;creationTime&quot;: &quot;2022-05-10T14:42:57.870Z&quot;,
    &quot;deviceName&quot;: &quot;m32sd11e&quot;,
    &quot;deviceId&quot;: &quot;18671277&quot;,
    &quot;self&quot;: &quot;https://t493319102.eu-latest.cumulocity.com/devicecontrol/operations/18697553&quot;,
    &quot;id&quot;: &quot;18697553&quot;,
    &quot;status&quot;: &quot;PENDING&quot;,
    &quot;description&quot;: &quot;Apply software changes, triggered from PySys: [{'action': 'delete', 'id': '5495053', 'name': 'apple', 'url': ' ', 'version': '::fruits'}, {'action': 'delete', 'id': '5494888', 'name': 'banana', 'url': ' ', 'version': '::fruits'}, {'action': 'delete', 'id': '5475369', 'name': 'asciijump', 'url': ' ', 'version': '::apt'}, {'action': 'delete', 'id': '5495382', 'name': 'cherry', 'url': ' ', 'version': '::fruits'}, {'action': 'delete', 'id': '8018911', 'name': 'registry', 'url': ' ', 'version': '::docker'}]&quot;,
    &quot;c8y_SoftwareUpdate&quot;: [
        {
            &quot;name&quot;: &quot;apple&quot;,
            &quot;action&quot;: &quot;delete&quot;,
            &quot;id&quot;: &quot;5495053&quot;,
            &quot;version&quot;: &quot;::fruits&quot;,
            &quot;url&quot;: &quot; &quot;
        },
        {
            &quot;name&quot;: &quot;banana&quot;,
            &quot;action&quot;: &quot;delete&quot;,
            &quot;id&quot;: &quot;5494888&quot;,
            &quot;version&quot;: &quot;::fruits&quot;,
            &quot;url&quot;: &quot; &quot;
        },
        {
            &quot;name&quot;: &quot;asciijump&quot;,
            &quot;action&quot;: &quot;delete&quot;,
            &quot;id&quot;: &quot;5475369&quot;,
            &quot;version&quot;: &quot;::apt&quot;,
            &quot;url&quot;: &quot; &quot;
        },
        {
            &quot;name&quot;: &quot;cherry&quot;,
            &quot;action&quot;: &quot;delete&quot;,
            &quot;id&quot;: &quot;5495382&quot;,
            &quot;version&quot;: &quot;::fruits&quot;,
            &quot;url&quot;: &quot; &quot;
        },
        {
            &quot;name&quot;: &quot;registry&quot;,
            &quot;action&quot;: &quot;delete&quot;,
            &quot;id&quot;: &quot;8018911&quot;,
            &quot;version&quot;: &quot;::docker&quot;,
            &quot;url&quot;: &quot; &quot;
        }
    ]
}
14:42:57 INFO  Started operation: {'creationTime': '2022-05-10T14:42:57.870Z', 'deviceName': 'm32sd11e', 'deviceId': '18671277', 'self': 'https://t493319102.eu-latest.cumulocity.com/devicecontrol/operations/18697553', 'id': '18697553', 'status': 'PENDING', 'description': &quot;Apply software changes, triggered from PySys: [{'action': 'delete', 'id': '5495053', 'name': 'apple', 'url': ' ', 'version': '::fruits'}, {'action': 'delete', 'id': '5494888', 'name': 'banana', 'url': ' ', 'version': '::fruits'}, {'action': 'delete', 'id': '5475369', 'name': 'asciijump', 'url': ' ', 'version': '::apt'}, {'action': 'delete', 'id': '5495382', 'name': 'cherry', 'url': ' ', 'version': '::fruits'}, {'action': 'delete', 'id': '8018911', 'name': 'registry', 'url': ' ', 'version': '::docker'}]&quot;, 'c8y_SoftwareUpdate': [{'name': 'apple', 'action': 'delete', 'id': '5495053', 'version': '::fruits', 'url': ' '}, {'name': 'banana', 'action': 'delete', 'id': '5494888', 'version': '::fruits', 'url': ' '}, {'name': 'asciijump', 'action': 'delete', 'id': '5475369', 'version': '::apt', 'url': ' '}, {'name': 'cherry', 'action': 'delete', 'id': '5495382', 'version': '::fruits', 'url': ' '}, {'name': 'registry', 'action': 'delete', 'id': '8018911', 'version': '::docker', 'url': ' '}]}
14:43:00 INFO  State of operation 18697553 : PENDING
14:43:02 INFO  State of operation 18697553 : EXECUTING
14:43:04 INFO  State of operation 18697553 : EXECUTING
14:43:06 INFO  State of operation 18697553 : EXECUTING
14:43:09 INFO  State of operation 18697553 : EXECUTING
14:43:11 INFO  State of operation 18697553 : EXECUTING
14:43:13 INFO  State of operation 18697553 : EXECUTING
14:43:16 INFO  State of operation 18697553 : EXECUTING
14:43:18 INFO  State of operation 18697553 : EXECUTING
14:43:21 INFO  State of operation 18697553 : EXECUTING
14:43:24 INFO  State of operation 18697553 : EXECUTING
14:43:31 INFO  State of operation 18697553 : EXECUTING
14:43:33 INFO  State of operation 18697553 : EXECUTING
14:43:35 INFO  State of operation 18697553 : EXECUTING
14:43:38 INFO  State of operation 18697553 : EXECUTING
14:43:40 INFO  State of operation 18697553 : EXECUTING
14:43:42 INFO  State of operation 18697553 : EXECUTING
14:43:45 INFO  State of operation 18697553 : EXECUTING
14:43:47 INFO  State of operation 18697553 : EXECUTING
14:43:50 INFO  State of operation 18697553 : EXECUTING
14:43:52 INFO  State of operation 18697553 : EXECUTING
14:43:54 INFO  State of operation 18697553 : EXECUTING
14:43:56 INFO  State of operation 18697553 : EXECUTING
14:43:59 INFO  State of operation 18697553 : EXECUTING
14:44:01 INFO  State of operation 18697553 : EXECUTING
14:44:05 INFO  State of operation 18697553 : EXECUTING
14:44:07 INFO  State of operation 18697553 : EXECUTING
14:44:09 INFO  State of operation 18697553 : EXECUTING
14:44:12 INFO  State of operation 18697553 : EXECUTING
14:44:14 INFO  State of operation 18697553 : EXECUTING
14:44:16 INFO  State of operation 18697553 : EXECUTING
14:44:18 INFO  State of operation 18697553 : EXECUTING
14:44:21 INFO  State of operation 18697553 : SUCCESSFUL
14:44:21 INFO  Package apple is installed
14:44:21 INFO  Assert that (True == value) with value=True ... passed
14:44:21 INFO  Package banana is installed
14:44:21 INFO  Assert that (True == value) with value=True ... passed
14:44:21 INFO  Package cherry is installed
14:44:21 INFO  Assert that (True == value) with value=True ... passed
14:44:22 INFO  Assert that (False == value) with value=False ... passed
14:44:22 INFO  Assert that (False == value) with value=False ... passed
14:44:22 INFO  
14:44:22 INFO  cleanup:
14:44:28 INFO  Executed sudo&lt;tedge_disconnect_c8y&gt;, exit status 0
14:44:29 INFO  Executed systemctl&lt;serv_mapper5&gt;, exit status 3
14:44:29 INFO  
14:44:29 INFO  Test duration: 190.45 secs
14:44:29 INFO  Test final outcome:  FAILED
14:44:29 INFO  Test outcome reason: Assert that (False == value) with value=True
14:44:29 INFO  
</system-out>
	</testcase>
</testsuite>
