<?xml version="1.0" encoding="utf-8"?>
<testsuite name="SoftwareManagement.sm_mixed_install_remove_multiple" tests="1" failures="1" skipped="0" time="190.18" timestamp="2022-05-10T21:02:16">
	<testcase classname="PySysTest" name="SoftwareManagement.sm_mixed_install_remove_multiple">
		<failure message="FAILED: Assert that (False == value) with value=True" type="FAILED"/>
		<system-out>20:59:06 INFO  ==============================================================
20:59:06 INFO  Id:    SoftwareManagement.sm_mixed_install_remove_multiple
20:59:06 INFO  Dir:   software_management_end_to_end/
20:59:06 INFO  Title: Validate end to end behaviour for the dummy-plugin for multiple packages with mixed versions
20:59:06 INFO  ==============================================================
20:59:06 INFO  Using sw id database: {'asciijump': '5475369', 'robotfindskitten': '5474869', 'squirrel3': '5475279', 'rolldice': '5152439', 'moon-buggy': '5439204', 'apple': '5495053', 'banana': '5494888', 'cherry': '5495382', 'watermelon': '5494510', 'registry': '8018911', 'hello-world': '8021526', 'docker/getting-started': '8021973', 'alpine': '7991792'}
20:59:06 INFO  EnvironmentC8y Setup
20:59:06 INFO  Executed systemctl&lt;serv_mapper1&gt;, exit status 3
20:59:06 INFO  Restarting mosquitto too frequently in the last 10 seconds. It was only up for 5 seconds
20:59:06 INFO  Delaying execution by 6 seconds
20:59:30 INFO  Executed sudo&lt;tedge_connect_c8y&gt;, exit status 0, duration 17 secs
20:59:31 INFO  Executed sudo&lt;tedge_connect_c8y_test&gt;, exit status 0
20:59:31 INFO  Executed systemctl&lt;serv_mosq2&gt;, exit status 0
20:59:32 INFO  Executed systemctl&lt;serv_mapper3&gt;, exit status 0
20:59:34 INFO  State of current operation: SUCCESSFUL
20:59:34 INFO  Package apple is installed
20:59:34 INFO  Assert that (True == value) with value=True ... passed
20:59:34 INFO  Package banana is installed
20:59:34 INFO  Assert that (True == value) with value=True ... passed
20:59:35 INFO  Package cherry is installed
20:59:35 INFO  Assert that (True == value) with value=True ... passed
20:59:35 INFO  Package asciijump is installed
20:59:35 WARN  Assert that (False == value) with value=True ... failed 
20:59:35 INFO  Assert that (False == value) with value=False ... passed
20:59:35 INFO  Response status: 201
20:59:35 INFO  Response to action: {
    &quot;creationTime&quot;: &quot;2022-05-10T20:59:35.756Z&quot;,
    &quot;deviceName&quot;: &quot;m32sd11e&quot;,
    &quot;deviceId&quot;: &quot;18731567&quot;,
    &quot;self&quot;: &quot;https://t493319102.eu-latest.cumulocity.com/devicecontrol/operations/18782332&quot;,
    &quot;id&quot;: &quot;18782332&quot;,
    &quot;status&quot;: &quot;PENDING&quot;,
    &quot;description&quot;: &quot;Apply software changes, triggered from PySys: [{'action': 'install', 'id': '5495053', 'name': 'apple', 'url': ' ', 'version': '::fruits'}, {'action': 'install', 'id': '5494888', 'name': 'banana', 'url': ' ', 'version': '::fruits'}, {'action': 'install', 'id': '5475369', 'name': 'asciijump', 'url': ' ', 'version': '::apt'}, {'action': 'install', 'id': '5495382', 'name': 'cherry', 'url': ' ', 'version': '::fruits'}, {'action': 'install', 'id': '8018911', 'name': 'registry', 'url': ' ', 'version': '::docker'}]&quot;,
    &quot;c8y_SoftwareUpdate&quot;: [
        {
            &quot;name&quot;: &quot;apple&quot;,
            &quot;action&quot;: &quot;install&quot;,
            &quot;id&quot;: &quot;5495053&quot;,
            &quot;version&quot;: &quot;::fruits&quot;,
            &quot;url&quot;: &quot; &quot;
        },
        {
            &quot;name&quot;: &quot;banana&quot;,
            &quot;action&quot;: &quot;install&quot;,
            &quot;id&quot;: &quot;5494888&quot;,
            &quot;version&quot;: &quot;::fruits&quot;,
            &quot;url&quot;: &quot; &quot;
        },
        {
            &quot;name&quot;: &quot;asciijump&quot;,
            &quot;action&quot;: &quot;install&quot;,
            &quot;id&quot;: &quot;5475369&quot;,
            &quot;version&quot;: &quot;::apt&quot;,
            &quot;url&quot;: &quot; &quot;
        },
        {
            &quot;name&quot;: &quot;cherry&quot;,
            &quot;action&quot;: &quot;install&quot;,
            &quot;id&quot;: &quot;5495382&quot;,
            &quot;version&quot;: &quot;::fruits&quot;,
            &quot;url&quot;: &quot; &quot;
        },
        {
            &quot;name&quot;: &quot;registry&quot;,
            &quot;action&quot;: &quot;install&quot;,
            &quot;id&quot;: &quot;8018911&quot;,
            &quot;version&quot;: &quot;::docker&quot;,
            &quot;url&quot;: &quot; &quot;
        }
    ]
}
20:59:35 INFO  Started operation: {'creationTime': '2022-05-10T20:59:35.756Z', 'deviceName': 'm32sd11e', 'deviceId': '18731567', 'self': 'https://t493319102.eu-latest.cumulocity.com/devicecontrol/operations/18782332', 'id': '18782332', 'status': 'PENDING', 'description': &quot;Apply software changes, triggered from PySys: [{'action': 'install', 'id': '5495053', 'name': 'apple', 'url': ' ', 'version': '::fruits'}, {'action': 'install', 'id': '5494888', 'name': 'banana', 'url': ' ', 'version': '::fruits'}, {'action': 'install', 'id': '5475369', 'name': 'asciijump', 'url': ' ', 'version': '::apt'}, {'action': 'install', 'id': '5495382', 'name': 'cherry', 'url': ' ', 'version': '::fruits'}, {'action': 'install', 'id': '8018911', 'name': 'registry', 'url': ' ', 'version': '::docker'}]&quot;, 'c8y_SoftwareUpdate': [{'name': 'apple', 'action': 'install', 'id': '5495053', 'version': '::fruits', 'url': ' '}, {'name': 'banana', 'action': 'install', 'id': '5494888', 'version': '::fruits', 'url': ' '}, {'name': 'asciijump', 'action': 'install', 'id': '5475369', 'version': '::apt', 'url': ' '}, {'name': 'cherry', 'action': 'install', 'id': '5495382', 'version': '::fruits', 'url': ' '}, {'name': 'registry', 'action': 'install', 'id': '8018911', 'version': '::docker', 'url': ' '}]}
20:59:38 INFO  State of operation 18782332 : PENDING
20:59:40 INFO  State of operation 18782332 : EXECUTING
20:59:42 INFO  State of operation 18782332 : EXECUTING
20:59:44 INFO  State of operation 18782332 : EXECUTING
20:59:46 INFO  State of operation 18782332 : EXECUTING
20:59:49 INFO  State of operation 18782332 : EXECUTING
20:59:51 INFO  State of operation 18782332 : EXECUTING
20:59:54 INFO  State of operation 18782332 : EXECUTING
20:59:56 INFO  State of operation 18782332 : EXECUTING
20:59:59 INFO  State of operation 18782332 : EXECUTING
21:00:01 INFO  State of operation 18782332 : EXECUTING
21:00:03 INFO  State of operation 18782332 : EXECUTING
21:00:06 INFO  State of operation 18782332 : EXECUTING
21:00:08 INFO  State of operation 18782332 : EXECUTING
21:00:10 INFO  State of operation 18782332 : EXECUTING
21:00:12 INFO  State of operation 18782332 : EXECUTING
21:00:15 INFO  State of operation 18782332 : EXECUTING
21:00:17 INFO  State of operation 18782332 : EXECUTING
21:00:19 INFO  State of operation 18782332 : EXECUTING
21:00:21 INFO  State of operation 18782332 : EXECUTING
21:00:24 INFO  State of operation 18782332 : EXECUTING
21:00:26 INFO  State of operation 18782332 : EXECUTING
21:00:28 INFO  State of operation 18782332 : EXECUTING
21:00:30 INFO  State of operation 18782332 : EXECUTING
21:00:33 INFO  State of operation 18782332 : EXECUTING
21:00:35 INFO  State of operation 18782332 : EXECUTING
21:00:38 INFO  State of operation 18782332 : EXECUTING
21:00:40 INFO  State of operation 18782332 : EXECUTING
21:00:42 INFO  State of operation 18782332 : EXECUTING
21:00:45 INFO  State of operation 18782332 : SUCCESSFUL
21:00:45 INFO  Package apple is installed
21:00:45 INFO  Assert that (True == value) with value=True ... passed
21:00:45 INFO  Package banana is installed
21:00:45 INFO  Assert that (True == value) with value=True ... passed
21:00:45 INFO  Package cherry is installed
21:00:45 INFO  Assert that (True == value) with value=True ... passed
21:00:46 INFO  Package asciijump is installed
21:00:46 INFO  Assert that (True == value) with value=True ... passed
21:00:46 INFO  Package registry is installed
21:00:46 INFO  Assert that (True == value) with value=True ... passed
21:00:46 INFO  Response status: 201
21:00:46 INFO  Response to action: {
    &quot;creationTime&quot;: &quot;2022-05-10T21:00:46.617Z&quot;,
    &quot;deviceName&quot;: &quot;m32sd11e&quot;,
    &quot;deviceId&quot;: &quot;18731567&quot;,
    &quot;self&quot;: &quot;https://t493319102.eu-latest.cumulocity.com/devicecontrol/operations/18782336&quot;,
    &quot;id&quot;: &quot;18782336&quot;,
    &quot;status&quot;: &quot;PENDING&quot;,
    &quot;description&quot;: &quot;Apply software changes, triggered from PySys: [{'action': 'delete', 'id': '5495053', 'name': 'apple', 'url': ' ', 'version': '::fruits'}, {'action': 'delete', 'id': '5494888', 'name': 'banana', 'url': ' ', 'version': '::fruits'}, {'action': 'delete', 'id': '5475369', 'name': 'asciijump', 'url': ' ', 'version': '::apt'}, {'action': 'delete', 'id': '5495382', 'name': 'cherry', 'url': ' ', 'version': '::fruits'}, {'action': 'delete', 'id': '8018911', 'name': 'registry', 'url': ' ', 'version': '::docker'}]&quot;,
    &quot;c8y_SoftwareUpdate&quot;: [
        {
            &quot;name&quot;: &quot;apple&quot;,
            &quot;action&quot;: &quot;delete&quot;,
            &quot;id&quot;: &quot;5495053&quot;,
            &quot;version&quot;: &quot;::fruits&quot;,
            &quot;url&quot;: &quot; &quot;
        },
        {
            &quot;name&quot;: &quot;banana&quot;,
            &quot;action&quot;: &quot;delete&quot;,
            &quot;id&quot;: &quot;5494888&quot;,
            &quot;version&quot;: &quot;::fruits&quot;,
            &quot;url&quot;: &quot; &quot;
        },
        {
            &quot;name&quot;: &quot;asciijump&quot;,
            &quot;action&quot;: &quot;delete&quot;,
            &quot;id&quot;: &quot;5475369&quot;,
            &quot;version&quot;: &quot;::apt&quot;,
            &quot;url&quot;: &quot; &quot;
        },
        {
            &quot;name&quot;: &quot;cherry&quot;,
            &quot;action&quot;: &quot;delete&quot;,
            &quot;id&quot;: &quot;5495382&quot;,
            &quot;version&quot;: &quot;::fruits&quot;,
            &quot;url&quot;: &quot; &quot;
        },
        {
            &quot;name&quot;: &quot;registry&quot;,
            &quot;action&quot;: &quot;delete&quot;,
            &quot;id&quot;: &quot;8018911&quot;,
            &quot;version&quot;: &quot;::docker&quot;,
            &quot;url&quot;: &quot; &quot;
        }
    ]
}
21:00:46 INFO  Started operation: {'creationTime': '2022-05-10T21:00:46.617Z', 'deviceName': 'm32sd11e', 'deviceId': '18731567', 'self': 'https://t493319102.eu-latest.cumulocity.com/devicecontrol/operations/18782336', 'id': '18782336', 'status': 'PENDING', 'description': &quot;Apply software changes, triggered from PySys: [{'action': 'delete', 'id': '5495053', 'name': 'apple', 'url': ' ', 'version': '::fruits'}, {'action': 'delete', 'id': '5494888', 'name': 'banana', 'url': ' ', 'version': '::fruits'}, {'action': 'delete', 'id': '5475369', 'name': 'asciijump', 'url': ' ', 'version': '::apt'}, {'action': 'delete', 'id': '5495382', 'name': 'cherry', 'url': ' ', 'version': '::fruits'}, {'action': 'delete', 'id': '8018911', 'name': 'registry', 'url': ' ', 'version': '::docker'}]&quot;, 'c8y_SoftwareUpdate': [{'name': 'apple', 'action': 'delete', 'id': '5495053', 'version': '::fruits', 'url': ' '}, {'name': 'banana', 'action': 'delete', 'id': '5494888', 'version': '::fruits', 'url': ' '}, {'name': 'asciijump', 'action': 'delete', 'id': '5475369', 'version': '::apt', 'url': ' '}, {'name': 'cherry', 'action': 'delete', 'id': '5495382', 'version': '::fruits', 'url': ' '}, {'name': 'registry', 'action': 'delete', 'id': '8018911', 'version': '::docker', 'url': ' '}]}
21:00:48 INFO  State of operation 18782336 : PENDING
21:00:51 INFO  State of operation 18782336 : EXECUTING
21:00:53 INFO  State of operation 18782336 : EXECUTING
21:00:55 INFO  State of operation 18782336 : EXECUTING
21:00:57 INFO  State of operation 18782336 : EXECUTING
21:01:00 INFO  State of operation 18782336 : EXECUTING
21:01:02 INFO  State of operation 18782336 : EXECUTING
21:01:05 INFO  State of operation 18782336 : EXECUTING
21:01:07 INFO  State of operation 18782336 : EXECUTING
21:01:09 INFO  State of operation 18782336 : EXECUTING
21:01:12 INFO  State of operation 18782336 : EXECUTING
21:01:14 INFO  State of operation 18782336 : EXECUTING
21:01:17 INFO  State of operation 18782336 : EXECUTING
21:01:19 INFO  State of operation 18782336 : EXECUTING
21:01:21 INFO  State of operation 18782336 : EXECUTING
21:01:23 INFO  State of operation 18782336 : EXECUTING
21:01:26 INFO  State of operation 18782336 : EXECUTING
21:01:28 INFO  State of operation 18782336 : EXECUTING
21:01:30 INFO  State of operation 18782336 : EXECUTING
21:01:33 INFO  State of operation 18782336 : EXECUTING
21:01:35 INFO  State of operation 18782336 : EXECUTING
21:01:38 INFO  State of operation 18782336 : EXECUTING
21:01:40 INFO  State of operation 18782336 : EXECUTING
21:01:42 INFO  State of operation 18782336 : EXECUTING
21:01:45 INFO  State of operation 18782336 : EXECUTING
21:01:47 INFO  State of operation 18782336 : EXECUTING
21:01:49 INFO  State of operation 18782336 : EXECUTING
21:01:52 INFO  State of operation 18782336 : EXECUTING
21:01:54 INFO  State of operation 18782336 : EXECUTING
21:01:57 INFO  State of operation 18782336 : EXECUTING
21:01:59 INFO  State of operation 18782336 : EXECUTING
21:02:01 INFO  State of operation 18782336 : EXECUTING
21:02:04 INFO  State of operation 18782336 : EXECUTING
21:02:06 INFO  State of operation 18782336 : EXECUTING
21:02:08 INFO  State of operation 18782336 : SUCCESSFUL
21:02:08 INFO  Package apple is installed
21:02:08 INFO  Assert that (True == value) with value=True ... passed
21:02:08 INFO  Package banana is installed
21:02:08 INFO  Assert that (True == value) with value=True ... passed
21:02:09 INFO  Package cherry is installed
21:02:09 INFO  Assert that (True == value) with value=True ... passed
21:02:09 INFO  Assert that (False == value) with value=False ... passed
21:02:09 INFO  Assert that (False == value) with value=False ... passed
21:02:09 INFO  
21:02:09 INFO  cleanup:
21:02:15 INFO  Executed sudo&lt;tedge_disconnect_c8y&gt;, exit status 0
21:02:16 INFO  Executed systemctl&lt;serv_mapper5&gt;, exit status 3
21:02:16 INFO  
21:02:16 INFO  Test duration: 190.18 secs
21:02:16 INFO  Test final outcome:  FAILED
21:02:16 INFO  Test outcome reason: Assert that (False == value) with value=True
21:02:16 INFO  
</system-out>
	</testcase>
</testsuite>
