<?xml version="1.0" encoding="utf-8"?>
<testsuite name="SoftwareManagement.sm_apt_install_remove_multiple" tests="1" failures="1" skipped="0" time="162.56" timestamp="2022-05-16T08:43:03">
	<testcase classname="PySysTest" name="SoftwareManagement.sm_apt_install_remove_multiple">
		<failure message="FAILED: Assert that (False == value) with value=True (+2 other failures)" type="FAILED"/>
		<system-out>08:40:21 INFO  ==============================================================
08:40:21 INFO  Id:    SoftwareManagement.sm_apt_install_remove_multiple
08:40:21 INFO  Dir:   software_management_end_to_end/
08:40:21 INFO  Title: Validate end to end behaviour for the apt plugin for multiple packages
08:40:21 INFO  ==============================================================
08:40:21 INFO  Using sw id database: {'asciijump': '5475369', 'robotfindskitten': '5474869', 'squirrel3': '5475279', 'rolldice': '5152439', 'moon-buggy': '5439204', 'apple': '5495053', 'banana': '5494888', 'cherry': '5495382', 'watermelon': '5494510', 'registry': '8018911', 'hello-world': '8021526', 'docker/getting-started': '8021973', 'alpine': '7991792'}
08:40:21 INFO  EnvironmentC8y Setup
08:40:22 INFO  Executed systemctl&lt;serv_mapper1&gt;, exit status 3
08:40:22 INFO  Restarting mosquitto too frequently in the last 10 seconds. It was only up for 6 seconds
08:40:22 INFO  Delaying execution by 5 seconds
08:40:45 INFO  Executed sudo&lt;tedge_connect_c8y&gt;, exit status 0, duration 17 secs
08:40:45 INFO  Executed sudo&lt;tedge_connect_c8y_test&gt;, exit status 0
08:40:46 INFO  Executed systemctl&lt;serv_mosq2&gt;, exit status 0
08:40:46 INFO  Executed systemctl&lt;serv_mapper3&gt;, exit status 0
08:40:48 INFO  State of current operation: SUCCESSFUL
08:40:49 INFO  Assert that (False == value) with value=False ... passed
08:40:49 INFO  Package asciijump is installed
08:40:49 WARN  Assert that (False == value) with value=True ... failed 
08:40:49 INFO  Package squirrel3 is installed
08:40:49 WARN  Assert that (False == value) with value=True ... failed 
08:40:50 INFO  Package robotfindskitten is installed
08:40:50 WARN  Assert that (False == value) with value=True ... failed 
08:40:50 INFO  Response status: 201
08:40:50 INFO  Response to action: {
    &quot;creationTime&quot;: &quot;2022-05-16T08:40:50.587Z&quot;,
    &quot;deviceId&quot;: &quot;19103185&quot;,
    &quot;deviceName&quot;: &quot;m32sd11e&quot;,
    &quot;self&quot;: &quot;https://t493319102.eu-latest.cumulocity.com/devicecontrol/operations/19133345&quot;,
    &quot;id&quot;: &quot;19133345&quot;,
    &quot;status&quot;: &quot;PENDING&quot;,
    &quot;description&quot;: &quot;Apply software changes, triggered from PySys: [{'action': 'install', 'id': '5475369', 'name': 'asciijump', 'url': ' ', 'version': '::apt'}, {'action': 'install', 'id': '5474869', 'name': 'robotfindskitten', 'url': ' ', 'version': '::apt'}, {'action': 'install', 'id': '5475279', 'name': 'squirrel3', 'url': ' ', 'version': '::apt'}]&quot;,
    &quot;c8y_SoftwareUpdate&quot;: [
        {
            &quot;name&quot;: &quot;asciijump&quot;,
            &quot;action&quot;: &quot;install&quot;,
            &quot;id&quot;: &quot;5475369&quot;,
            &quot;version&quot;: &quot;::apt&quot;,
            &quot;url&quot;: &quot; &quot;
        },
        {
            &quot;name&quot;: &quot;robotfindskitten&quot;,
            &quot;action&quot;: &quot;install&quot;,
            &quot;id&quot;: &quot;5474869&quot;,
            &quot;version&quot;: &quot;::apt&quot;,
            &quot;url&quot;: &quot; &quot;
        },
        {
            &quot;name&quot;: &quot;squirrel3&quot;,
            &quot;action&quot;: &quot;install&quot;,
            &quot;id&quot;: &quot;5475279&quot;,
            &quot;version&quot;: &quot;::apt&quot;,
            &quot;url&quot;: &quot; &quot;
        }
    ]
}
08:40:50 INFO  Started operation: {'creationTime': '2022-05-16T08:40:50.587Z', 'deviceId': '19103185', 'deviceName': 'm32sd11e', 'self': 'https://t493319102.eu-latest.cumulocity.com/devicecontrol/operations/19133345', 'id': '19133345', 'status': 'PENDING', 'description': &quot;Apply software changes, triggered from PySys: [{'action': 'install', 'id': '5475369', 'name': 'asciijump', 'url': ' ', 'version': '::apt'}, {'action': 'install', 'id': '5474869', 'name': 'robotfindskitten', 'url': ' ', 'version': '::apt'}, {'action': 'install', 'id': '5475279', 'name': 'squirrel3', 'url': ' ', 'version': '::apt'}]&quot;, 'c8y_SoftwareUpdate': [{'name': 'asciijump', 'action': 'install', 'id': '5475369', 'version': '::apt', 'url': ' '}, {'name': 'robotfindskitten', 'action': 'install', 'id': '5474869', 'version': '::apt', 'url': ' '}, {'name': 'squirrel3', 'action': 'install', 'id': '5475279', 'version': '::apt', 'url': ' '}]}
08:40:52 INFO  State of operation 19133345 : PENDING
08:40:55 INFO  State of operation 19133345 : EXECUTING
08:40:57 INFO  State of operation 19133345 : EXECUTING
08:40:59 INFO  State of operation 19133345 : EXECUTING
08:41:01 INFO  State of operation 19133345 : EXECUTING
08:41:04 INFO  State of operation 19133345 : EXECUTING
08:41:06 INFO  State of operation 19133345 : EXECUTING
08:41:09 INFO  State of operation 19133345 : EXECUTING
08:41:11 INFO  State of operation 19133345 : EXECUTING
08:41:14 INFO  State of operation 19133345 : EXECUTING
08:41:16 INFO  State of operation 19133345 : EXECUTING
08:41:18 INFO  State of operation 19133345 : EXECUTING
08:41:21 INFO  State of operation 19133345 : EXECUTING
08:41:23 INFO  State of operation 19133345 : EXECUTING
08:41:25 INFO  State of operation 19133345 : EXECUTING
08:41:27 INFO  State of operation 19133345 : EXECUTING
08:41:29 INFO  State of operation 19133345 : EXECUTING
08:41:32 INFO  State of operation 19133345 : SUCCESSFUL
08:41:32 INFO  Assert that (False == value) with value=False ... passed
08:41:32 INFO  Package asciijump is installed
08:41:32 INFO  Assert that (True == value) with value=True ... passed
08:41:32 INFO  Package squirrel3 is installed
08:41:32 INFO  Assert that (True == value) with value=True ... passed
08:41:33 INFO  Package robotfindskitten is installed
08:41:33 INFO  Assert that (True == value) with value=True ... passed
08:41:33 INFO  Response status: 201
08:41:33 INFO  Response to action: {
    &quot;creationTime&quot;: &quot;2022-05-16T08:41:33.317Z&quot;,
    &quot;deviceId&quot;: &quot;19103185&quot;,
    &quot;deviceName&quot;: &quot;m32sd11e&quot;,
    &quot;self&quot;: &quot;https://t493319102.eu-latest.cumulocity.com/devicecontrol/operations/19133362&quot;,
    &quot;id&quot;: &quot;19133362&quot;,
    &quot;status&quot;: &quot;PENDING&quot;,
    &quot;description&quot;: &quot;Apply software changes, triggered from PySys: [{'action': 'delete', 'id': '5475369', 'name': 'asciijump', 'url': ' ', 'version': '::apt'}, {'action': 'delete', 'id': '5474869', 'name': 'robotfindskitten', 'url': ' ', 'version': '::apt'}, {'action': 'delete', 'id': '5475279', 'name': 'squirrel3', 'url': ' ', 'version': '::apt'}]&quot;,
    &quot;c8y_SoftwareUpdate&quot;: [
        {
            &quot;name&quot;: &quot;asciijump&quot;,
            &quot;action&quot;: &quot;delete&quot;,
            &quot;id&quot;: &quot;5475369&quot;,
            &quot;version&quot;: &quot;::apt&quot;,
            &quot;url&quot;: &quot; &quot;
        },
        {
            &quot;name&quot;: &quot;robotfindskitten&quot;,
            &quot;action&quot;: &quot;delete&quot;,
            &quot;id&quot;: &quot;5474869&quot;,
            &quot;version&quot;: &quot;::apt&quot;,
            &quot;url&quot;: &quot; &quot;
        },
        {
            &quot;name&quot;: &quot;squirrel3&quot;,
            &quot;action&quot;: &quot;delete&quot;,
            &quot;id&quot;: &quot;5475279&quot;,
            &quot;version&quot;: &quot;::apt&quot;,
            &quot;url&quot;: &quot; &quot;
        }
    ]
}
08:41:33 INFO  Started operation: {'creationTime': '2022-05-16T08:41:33.317Z', 'deviceId': '19103185', 'deviceName': 'm32sd11e', 'self': 'https://t493319102.eu-latest.cumulocity.com/devicecontrol/operations/19133362', 'id': '19133362', 'status': 'PENDING', 'description': &quot;Apply software changes, triggered from PySys: [{'action': 'delete', 'id': '5475369', 'name': 'asciijump', 'url': ' ', 'version': '::apt'}, {'action': 'delete', 'id': '5474869', 'name': 'robotfindskitten', 'url': ' ', 'version': '::apt'}, {'action': 'delete', 'id': '5475279', 'name': 'squirrel3', 'url': ' ', 'version': '::apt'}]&quot;, 'c8y_SoftwareUpdate': [{'name': 'asciijump', 'action': 'delete', 'id': '5475369', 'version': '::apt', 'url': ' '}, {'name': 'robotfindskitten', 'action': 'delete', 'id': '5474869', 'version': '::apt', 'url': ' '}, {'name': 'squirrel3', 'action': 'delete', 'id': '5475279', 'version': '::apt', 'url': ' '}]}
08:41:35 INFO  State of operation 19133362 : PENDING
08:41:37 INFO  State of operation 19133362 : EXECUTING
08:41:40 INFO  State of operation 19133362 : EXECUTING
08:41:42 INFO  State of operation 19133362 : EXECUTING
08:41:44 INFO  State of operation 19133362 : EXECUTING
08:41:46 INFO  State of operation 19133362 : EXECUTING
08:41:48 INFO  State of operation 19133362 : EXECUTING
08:41:51 INFO  State of operation 19133362 : EXECUTING
08:41:54 INFO  State of operation 19133362 : EXECUTING
08:41:57 INFO  State of operation 19133362 : EXECUTING
08:41:59 INFO  State of operation 19133362 : EXECUTING
08:42:01 INFO  State of operation 19133362 : EXECUTING
08:42:03 INFO  State of operation 19133362 : EXECUTING
08:42:06 INFO  State of operation 19133362 : EXECUTING
08:42:08 INFO  State of operation 19133362 : EXECUTING
08:42:10 INFO  State of operation 19133362 : EXECUTING
08:42:12 INFO  State of operation 19133362 : EXECUTING
08:42:15 INFO  State of operation 19133362 : EXECUTING
08:42:17 INFO  State of operation 19133362 : EXECUTING
08:42:19 INFO  State of operation 19133362 : EXECUTING
08:42:22 INFO  State of operation 19133362 : EXECUTING
08:42:24 INFO  State of operation 19133362 : EXECUTING
08:42:27 INFO  State of operation 19133362 : EXECUTING
08:42:29 INFO  State of operation 19133362 : EXECUTING
08:42:31 INFO  State of operation 19133362 : EXECUTING
08:42:33 INFO  State of operation 19133362 : EXECUTING
08:42:36 INFO  State of operation 19133362 : EXECUTING
08:42:38 INFO  State of operation 19133362 : EXECUTING
08:42:40 INFO  State of operation 19133362 : EXECUTING
08:42:43 INFO  State of operation 19133362 : EXECUTING
08:42:45 INFO  State of operation 19133362 : EXECUTING
08:42:47 INFO  State of operation 19133362 : EXECUTING
08:42:50 INFO  State of operation 19133362 : EXECUTING
08:42:52 INFO  State of operation 19133362 : EXECUTING
08:42:54 INFO  State of operation 19133362 : SUCCESSFUL
08:42:54 INFO  Assert that (False == value) with value=False ... passed
08:42:55 INFO  Assert that (False == value) with value=False ... passed
08:42:55 INFO  Assert that (False == value) with value=False ... passed
08:42:55 INFO  Assert that (False == value) with value=False ... passed
08:42:55 INFO  
08:42:55 INFO  cleanup:
08:43:03 INFO  Executed sudo&lt;tedge_disconnect_c8y&gt;, exit status 0
08:43:03 INFO  Executed systemctl&lt;serv_mapper5&gt;, exit status 3
08:43:03 INFO  
08:43:03 INFO  Test duration: 162.56 secs
08:43:03 INFO  Test final outcome:  FAILED
08:43:03 INFO  Test outcome reason: Assert that (False == value) with value=True (+2 other failures)
08:43:03 INFO  
</system-out>
	</testcase>
</testsuite>
