<?xml version="1.0" encoding="utf-8"?>
<testsuite name="SoftwareManagement.sm_apt_install_remove_multiple" tests="1" failures="1" skipped="0" time="158.74" timestamp="2022-05-23T10:34:20">
	<testcase classname="PySysTest" name="SoftwareManagement.sm_apt_install_remove_multiple">
		<failure message="FAILED: Assert that (False == value) with value=True (+2 other failures)" type="FAILED"/>
		<system-out>10:31:42 INFO  ==============================================================
10:31:42 INFO  Id:    SoftwareManagement.sm_apt_install_remove_multiple
10:31:42 INFO  Dir:   software_management_end_to_end/
10:31:42 INFO  Title: Validate end to end behaviour for the apt plugin for multiple packages
10:31:42 INFO  ==============================================================
10:31:42 INFO  Using sw id database: {'asciijump': '5475369', 'robotfindskitten': '5474869', 'squirrel3': '5475279', 'rolldice': '5152439', 'moon-buggy': '5439204', 'apple': '5495053', 'banana': '5494888', 'cherry': '5495382', 'watermelon': '5494510', 'registry': '8018911', 'hello-world': '8021526', 'docker/getting-started': '8021973', 'alpine': '7991792'}
10:31:42 INFO  EnvironmentC8y Setup
10:31:42 INFO  Executed systemctl&lt;serv_mapper1&gt;, exit status 3
10:31:43 INFO  Restarting mosquitto too frequently in the last 10 seconds. It was only up for 6 seconds
10:31:43 INFO  Delaying execution by 5 seconds
10:32:05 INFO  Executed sudo&lt;tedge_connect_c8y&gt;, exit status 0, duration 17 secs
10:32:06 INFO  Executed sudo&lt;tedge_connect_c8y_test&gt;, exit status 0
10:32:06 INFO  Executed systemctl&lt;serv_mosq2&gt;, exit status 0
10:32:07 INFO  Executed systemctl&lt;serv_mapper3&gt;, exit status 0
10:32:09 INFO  State of current operation: SUCCESSFUL
10:32:09 INFO  Assert that (False == value) with value=False ... passed
10:32:10 INFO  Package asciijump is installed
10:32:10 WARN  Assert that (False == value) with value=True ... failed 
10:32:10 INFO  Package squirrel3 is installed
10:32:10 WARN  Assert that (False == value) with value=True ... failed 
10:32:10 INFO  Package robotfindskitten is installed
10:32:10 WARN  Assert that (False == value) with value=True ... failed 
10:32:11 INFO  Response status: 201
10:32:11 INFO  Response to action: {
    &quot;creationTime&quot;: &quot;2022-05-23T10:32:10.986Z&quot;,
    &quot;deviceId&quot;: &quot;19484865&quot;,
    &quot;deviceName&quot;: &quot;m32sd11e&quot;,
    &quot;self&quot;: &quot;https://t493319102.eu-latest.cumulocity.com/devicecontrol/operations/19512894&quot;,
    &quot;id&quot;: &quot;19512894&quot;,
    &quot;status&quot;: &quot;PENDING&quot;,
    &quot;description&quot;: &quot;Apply software changes, triggered from PySys: [{'action': 'install', 'id': '5475369', 'name': 'asciijump', 'url': ' ', 'version': '::apt'}, {'action': 'install', 'id': '5474869', 'name': 'robotfindskitten', 'url': ' ', 'version': '::apt'}, {'action': 'install', 'id': '5475279', 'name': 'squirrel3', 'url': ' ', 'version': '::apt'}]&quot;,
    &quot;c8y_SoftwareUpdate&quot;: [
        {
            &quot;name&quot;: &quot;asciijump&quot;,
            &quot;action&quot;: &quot;install&quot;,
            &quot;id&quot;: &quot;5475369&quot;,
            &quot;version&quot;: &quot;::apt&quot;,
            &quot;url&quot;: &quot; &quot;
        },
        {
            &quot;name&quot;: &quot;robotfindskitten&quot;,
            &quot;action&quot;: &quot;install&quot;,
            &quot;id&quot;: &quot;5474869&quot;,
            &quot;version&quot;: &quot;::apt&quot;,
            &quot;url&quot;: &quot; &quot;
        },
        {
            &quot;name&quot;: &quot;squirrel3&quot;,
            &quot;action&quot;: &quot;install&quot;,
            &quot;id&quot;: &quot;5475279&quot;,
            &quot;version&quot;: &quot;::apt&quot;,
            &quot;url&quot;: &quot; &quot;
        }
    ]
}
10:32:11 INFO  Started operation: {'creationTime': '2022-05-23T10:32:10.986Z', 'deviceId': '19484865', 'deviceName': 'm32sd11e', 'self': 'https://t493319102.eu-latest.cumulocity.com/devicecontrol/operations/19512894', 'id': '19512894', 'status': 'PENDING', 'description': &quot;Apply software changes, triggered from PySys: [{'action': 'install', 'id': '5475369', 'name': 'asciijump', 'url': ' ', 'version': '::apt'}, {'action': 'install', 'id': '5474869', 'name': 'robotfindskitten', 'url': ' ', 'version': '::apt'}, {'action': 'install', 'id': '5475279', 'name': 'squirrel3', 'url': ' ', 'version': '::apt'}]&quot;, 'c8y_SoftwareUpdate': [{'name': 'asciijump', 'action': 'install', 'id': '5475369', 'version': '::apt', 'url': ' '}, {'name': 'robotfindskitten', 'action': 'install', 'id': '5474869', 'version': '::apt', 'url': ' '}, {'name': 'squirrel3', 'action': 'install', 'id': '5475279', 'version': '::apt', 'url': ' '}]}
10:32:13 INFO  State of operation 19512894 : PENDING
10:32:15 INFO  State of operation 19512894 : EXECUTING
10:32:18 INFO  State of operation 19512894 : EXECUTING
10:32:20 INFO  State of operation 19512894 : EXECUTING
10:32:22 INFO  State of operation 19512894 : EXECUTING
10:32:24 INFO  State of operation 19512894 : EXECUTING
10:32:26 INFO  State of operation 19512894 : EXECUTING
10:32:29 INFO  State of operation 19512894 : EXECUTING
10:32:32 INFO  State of operation 19512894 : EXECUTING
10:32:34 INFO  State of operation 19512894 : EXECUTING
10:32:37 INFO  State of operation 19512894 : EXECUTING
10:32:39 INFO  State of operation 19512894 : EXECUTING
10:32:41 INFO  State of operation 19512894 : EXECUTING
10:32:43 INFO  State of operation 19512894 : EXECUTING
10:32:45 INFO  State of operation 19512894 : EXECUTING
10:32:48 INFO  State of operation 19512894 : EXECUTING
10:32:50 INFO  State of operation 19512894 : EXECUTING
10:32:52 INFO  State of operation 19512894 : SUCCESSFUL
10:32:52 INFO  Assert that (False == value) with value=False ... passed
10:32:53 INFO  Package asciijump is installed
10:32:53 INFO  Assert that (True == value) with value=True ... passed
10:32:53 INFO  Package squirrel3 is installed
10:32:53 INFO  Assert that (True == value) with value=True ... passed
10:32:53 INFO  Package robotfindskitten is installed
10:32:53 INFO  Assert that (True == value) with value=True ... passed
10:32:53 INFO  Response status: 201
10:32:53 INFO  Response to action: {
    &quot;creationTime&quot;: &quot;2022-05-23T10:32:53.743Z&quot;,
    &quot;deviceId&quot;: &quot;19484865&quot;,
    &quot;deviceName&quot;: &quot;m32sd11e&quot;,
    &quot;self&quot;: &quot;https://t493319102.eu-latest.cumulocity.com/devicecontrol/operations/19512902&quot;,
    &quot;id&quot;: &quot;19512902&quot;,
    &quot;status&quot;: &quot;PENDING&quot;,
    &quot;description&quot;: &quot;Apply software changes, triggered from PySys: [{'action': 'delete', 'id': '5475369', 'name': 'asciijump', 'url': ' ', 'version': '::apt'}, {'action': 'delete', 'id': '5474869', 'name': 'robotfindskitten', 'url': ' ', 'version': '::apt'}, {'action': 'delete', 'id': '5475279', 'name': 'squirrel3', 'url': ' ', 'version': '::apt'}]&quot;,
    &quot;c8y_SoftwareUpdate&quot;: [
        {
            &quot;name&quot;: &quot;asciijump&quot;,
            &quot;action&quot;: &quot;delete&quot;,
            &quot;id&quot;: &quot;5475369&quot;,
            &quot;version&quot;: &quot;::apt&quot;,
            &quot;url&quot;: &quot; &quot;
        },
        {
            &quot;name&quot;: &quot;robotfindskitten&quot;,
            &quot;action&quot;: &quot;delete&quot;,
            &quot;id&quot;: &quot;5474869&quot;,
            &quot;version&quot;: &quot;::apt&quot;,
            &quot;url&quot;: &quot; &quot;
        },
        {
            &quot;name&quot;: &quot;squirrel3&quot;,
            &quot;action&quot;: &quot;delete&quot;,
            &quot;id&quot;: &quot;5475279&quot;,
            &quot;version&quot;: &quot;::apt&quot;,
            &quot;url&quot;: &quot; &quot;
        }
    ]
}
10:32:53 INFO  Started operation: {'creationTime': '2022-05-23T10:32:53.743Z', 'deviceId': '19484865', 'deviceName': 'm32sd11e', 'self': 'https://t493319102.eu-latest.cumulocity.com/devicecontrol/operations/19512902', 'id': '19512902', 'status': 'PENDING', 'description': &quot;Apply software changes, triggered from PySys: [{'action': 'delete', 'id': '5475369', 'name': 'asciijump', 'url': ' ', 'version': '::apt'}, {'action': 'delete', 'id': '5474869', 'name': 'robotfindskitten', 'url': ' ', 'version': '::apt'}, {'action': 'delete', 'id': '5475279', 'name': 'squirrel3', 'url': ' ', 'version': '::apt'}]&quot;, 'c8y_SoftwareUpdate': [{'name': 'asciijump', 'action': 'delete', 'id': '5475369', 'version': '::apt', 'url': ' '}, {'name': 'robotfindskitten', 'action': 'delete', 'id': '5474869', 'version': '::apt', 'url': ' '}, {'name': 'squirrel3', 'action': 'delete', 'id': '5475279', 'version': '::apt', 'url': ' '}]}
10:32:56 INFO  State of operation 19512902 : PENDING
10:32:58 INFO  State of operation 19512902 : EXECUTING
10:33:00 INFO  State of operation 19512902 : EXECUTING
10:33:02 INFO  State of operation 19512902 : EXECUTING
10:33:04 INFO  State of operation 19512902 : EXECUTING
10:33:07 INFO  State of operation 19512902 : EXECUTING
10:33:09 INFO  State of operation 19512902 : EXECUTING
10:33:13 INFO  State of operation 19512902 : EXECUTING
10:33:15 INFO  State of operation 19512902 : EXECUTING
10:33:18 INFO  State of operation 19512902 : EXECUTING
10:33:20 INFO  State of operation 19512902 : EXECUTING
10:33:22 INFO  State of operation 19512902 : EXECUTING
10:33:24 INFO  State of operation 19512902 : EXECUTING
10:33:27 INFO  State of operation 19512902 : EXECUTING
10:33:29 INFO  State of operation 19512902 : EXECUTING
10:33:31 INFO  State of operation 19512902 : EXECUTING
10:33:33 INFO  State of operation 19512902 : EXECUTING
10:33:35 INFO  State of operation 19512902 : EXECUTING
10:33:38 INFO  State of operation 19512902 : EXECUTING
10:33:40 INFO  State of operation 19512902 : EXECUTING
10:33:42 INFO  State of operation 19512902 : EXECUTING
10:33:45 INFO  State of operation 19512902 : EXECUTING
10:33:48 INFO  State of operation 19512902 : EXECUTING
10:33:50 INFO  State of operation 19512902 : EXECUTING
10:33:52 INFO  State of operation 19512902 : EXECUTING
10:33:54 INFO  State of operation 19512902 : EXECUTING
10:33:57 INFO  State of operation 19512902 : EXECUTING
10:33:59 INFO  State of operation 19512902 : EXECUTING
10:34:01 INFO  State of operation 19512902 : EXECUTING
10:34:04 INFO  State of operation 19512902 : EXECUTING
10:34:06 INFO  State of operation 19512902 : EXECUTING
10:34:09 INFO  State of operation 19512902 : EXECUTING
10:34:11 INFO  State of operation 19512902 : EXECUTING
10:34:13 INFO  State of operation 19512902 : SUCCESSFUL
10:34:13 INFO  Assert that (False == value) with value=False ... passed
10:34:14 INFO  Assert that (False == value) with value=False ... passed
10:34:14 INFO  Assert that (False == value) with value=False ... passed
10:34:14 INFO  Assert that (False == value) with value=False ... passed
10:34:14 INFO  
10:34:14 INFO  cleanup:
10:34:20 INFO  Executed sudo&lt;tedge_disconnect_c8y&gt;, exit status 0
10:34:20 INFO  Executed systemctl&lt;serv_mapper5&gt;, exit status 3
10:34:20 INFO  
10:34:20 INFO  Test duration: 158.74 secs
10:34:20 INFO  Test final outcome:  FAILED
10:34:20 INFO  Test outcome reason: Assert that (False == value) with value=True (+2 other failures)
10:34:20 INFO  
</system-out>
	</testcase>
</testsuite>
