<?xml version="1.0" encoding="utf-8"?>
<testsuite name="SoftwareManagement.sm_mixed_install_remove_multiple" tests="1" failures="1" skipped="0" time="189.67" timestamp="2022-05-09T08:33:31">
	<testcase classname="PySysTest" name="SoftwareManagement.sm_mixed_install_remove_multiple">
		<failure message="FAILED: Assert that (False == value) with value=True" type="FAILED"/>
		<system-out>08:30:21 INFO  ==============================================================
08:30:21 INFO  Id:    SoftwareManagement.sm_mixed_install_remove_multiple
08:30:21 INFO  Dir:   software_management_end_to_end/
08:30:21 INFO  Title: Validate end to end behaviour for the dummy-plugin for multiple packages with mixed versions
08:30:21 INFO  ==============================================================
08:30:21 INFO  Using sw id database: {'asciijump': '5475369', 'robotfindskitten': '5474869', 'squirrel3': '5475279', 'rolldice': '5152439', 'moon-buggy': '5439204', 'apple': '5495053', 'banana': '5494888', 'cherry': '5495382', 'watermelon': '5494510', 'registry': '8018911', 'hello-world': '8021526', 'docker/getting-started': '8021973', 'alpine': '7991792'}
08:30:21 INFO  EnvironmentC8y Setup
08:30:22 INFO  Executed systemctl&lt;serv_mapper1&gt;, exit status 3
08:30:22 INFO  Restarting mosquitto too frequently in the last 10 seconds. It was only up for 6 seconds
08:30:22 INFO  Delaying execution by 5 seconds
08:30:45 INFO  Executed sudo&lt;tedge_connect_c8y&gt;, exit status 0, duration 17 secs
08:30:45 INFO  Executed sudo&lt;tedge_connect_c8y_test&gt;, exit status 0
08:30:46 INFO  Executed systemctl&lt;serv_mosq2&gt;, exit status 0
08:30:46 INFO  Executed systemctl&lt;serv_mapper3&gt;, exit status 0
08:30:49 INFO  State of current operation: SUCCESSFUL
08:30:49 INFO  Package apple is installed
08:30:49 INFO  Assert that (True == value) with value=True ... passed
08:30:49 INFO  Package banana is installed
08:30:49 INFO  Assert that (True == value) with value=True ... passed
08:30:49 INFO  Package cherry is installed
08:30:49 INFO  Assert that (True == value) with value=True ... passed
08:30:50 INFO  Package asciijump is installed
08:30:50 WARN  Assert that (False == value) with value=True ... failed 
08:30:50 INFO  Assert that (False == value) with value=False ... passed
08:30:50 INFO  Response status: 201
08:30:50 INFO  Response to action: {
    &quot;creationTime&quot;: &quot;2022-05-09T08:30:50.648Z&quot;,
    &quot;deviceName&quot;: &quot;m32sd11e&quot;,
    &quot;deviceId&quot;: &quot;18457341&quot;,
    &quot;self&quot;: &quot;https://t493319102.eu-latest.cumulocity.com/devicecontrol/operations/18523801&quot;,
    &quot;id&quot;: &quot;18523801&quot;,
    &quot;status&quot;: &quot;PENDING&quot;,
    &quot;description&quot;: &quot;Apply software changes, triggered from PySys: [{'action': 'install', 'id': '5495053', 'name': 'apple', 'url': ' ', 'version': '::fruits'}, {'action': 'install', 'id': '5494888', 'name': 'banana', 'url': ' ', 'version': '::fruits'}, {'action': 'install', 'id': '5475369', 'name': 'asciijump', 'url': ' ', 'version': '::apt'}, {'action': 'install', 'id': '5495382', 'name': 'cherry', 'url': ' ', 'version': '::fruits'}, {'action': 'install', 'id': '8018911', 'name': 'registry', 'url': ' ', 'version': '::docker'}]&quot;,
    &quot;c8y_SoftwareUpdate&quot;: [
        {
            &quot;name&quot;: &quot;apple&quot;,
            &quot;action&quot;: &quot;install&quot;,
            &quot;id&quot;: &quot;5495053&quot;,
            &quot;version&quot;: &quot;::fruits&quot;,
            &quot;url&quot;: &quot; &quot;
        },
        {
            &quot;name&quot;: &quot;banana&quot;,
            &quot;action&quot;: &quot;install&quot;,
            &quot;id&quot;: &quot;5494888&quot;,
            &quot;version&quot;: &quot;::fruits&quot;,
            &quot;url&quot;: &quot; &quot;
        },
        {
            &quot;name&quot;: &quot;asciijump&quot;,
            &quot;action&quot;: &quot;install&quot;,
            &quot;id&quot;: &quot;5475369&quot;,
            &quot;version&quot;: &quot;::apt&quot;,
            &quot;url&quot;: &quot; &quot;
        },
        {
            &quot;name&quot;: &quot;cherry&quot;,
            &quot;action&quot;: &quot;install&quot;,
            &quot;id&quot;: &quot;5495382&quot;,
            &quot;version&quot;: &quot;::fruits&quot;,
            &quot;url&quot;: &quot; &quot;
        },
        {
            &quot;name&quot;: &quot;registry&quot;,
            &quot;action&quot;: &quot;install&quot;,
            &quot;id&quot;: &quot;8018911&quot;,
            &quot;version&quot;: &quot;::docker&quot;,
            &quot;url&quot;: &quot; &quot;
        }
    ]
}
08:30:50 INFO  Started operation: {'creationTime': '2022-05-09T08:30:50.648Z', 'deviceName': 'm32sd11e', 'deviceId': '18457341', 'self': 'https://t493319102.eu-latest.cumulocity.com/devicecontrol/operations/18523801', 'id': '18523801', 'status': 'PENDING', 'description': &quot;Apply software changes, triggered from PySys: [{'action': 'install', 'id': '5495053', 'name': 'apple', 'url': ' ', 'version': '::fruits'}, {'action': 'install', 'id': '5494888', 'name': 'banana', 'url': ' ', 'version': '::fruits'}, {'action': 'install', 'id': '5475369', 'name': 'asciijump', 'url': ' ', 'version': '::apt'}, {'action': 'install', 'id': '5495382', 'name': 'cherry', 'url': ' ', 'version': '::fruits'}, {'action': 'install', 'id': '8018911', 'name': 'registry', 'url': ' ', 'version': '::docker'}]&quot;, 'c8y_SoftwareUpdate': [{'name': 'apple', 'action': 'install', 'id': '5495053', 'version': '::fruits', 'url': ' '}, {'name': 'banana', 'action': 'install', 'id': '5494888', 'version': '::fruits', 'url': ' '}, {'name': 'asciijump', 'action': 'install', 'id': '5475369', 'version': '::apt', 'url': ' '}, {'name': 'cherry', 'action': 'install', 'id': '5495382', 'version': '::fruits', 'url': ' '}, {'name': 'registry', 'action': 'install', 'id': '8018911', 'version': '::docker', 'url': ' '}]}
08:30:52 INFO  State of operation 18523801 : PENDING
08:30:55 INFO  State of operation 18523801 : EXECUTING
08:30:57 INFO  State of operation 18523801 : EXECUTING
08:30:59 INFO  State of operation 18523801 : EXECUTING
08:31:01 INFO  State of operation 18523801 : EXECUTING
08:31:04 INFO  State of operation 18523801 : EXECUTING
08:31:06 INFO  State of operation 18523801 : EXECUTING
08:31:09 INFO  State of operation 18523801 : EXECUTING
08:31:11 INFO  State of operation 18523801 : EXECUTING
08:31:14 INFO  State of operation 18523801 : EXECUTING
08:31:16 INFO  State of operation 18523801 : EXECUTING
08:31:18 INFO  State of operation 18523801 : EXECUTING
08:31:21 INFO  State of operation 18523801 : EXECUTING
08:31:23 INFO  State of operation 18523801 : EXECUTING
08:31:25 INFO  State of operation 18523801 : EXECUTING
08:31:27 INFO  State of operation 18523801 : EXECUTING
08:31:30 INFO  State of operation 18523801 : EXECUTING
08:31:32 INFO  State of operation 18523801 : EXECUTING
08:31:34 INFO  State of operation 18523801 : EXECUTING
08:31:36 INFO  State of operation 18523801 : EXECUTING
08:31:39 INFO  State of operation 18523801 : EXECUTING
08:31:41 INFO  State of operation 18523801 : EXECUTING
08:31:43 INFO  State of operation 18523801 : EXECUTING
08:31:45 INFO  State of operation 18523801 : EXECUTING
08:31:48 INFO  State of operation 18523801 : EXECUTING
08:31:50 INFO  State of operation 18523801 : EXECUTING
08:31:52 INFO  State of operation 18523801 : EXECUTING
08:31:55 INFO  State of operation 18523801 : EXECUTING
08:31:57 INFO  State of operation 18523801 : EXECUTING
08:31:59 INFO  State of operation 18523801 : SUCCESSFUL
08:31:59 INFO  Package apple is installed
08:31:59 INFO  Assert that (True == value) with value=True ... passed
08:32:00 INFO  Package banana is installed
08:32:00 INFO  Assert that (True == value) with value=True ... passed
08:32:00 INFO  Package cherry is installed
08:32:00 INFO  Assert that (True == value) with value=True ... passed
08:32:00 INFO  Package asciijump is installed
08:32:00 INFO  Assert that (True == value) with value=True ... passed
08:32:00 INFO  Package registry is installed
08:32:00 INFO  Assert that (True == value) with value=True ... passed
08:32:01 INFO  Response status: 201
08:32:01 INFO  Response to action: {
    &quot;creationTime&quot;: &quot;2022-05-09T08:32:00.955Z&quot;,
    &quot;deviceName&quot;: &quot;m32sd11e&quot;,
    &quot;deviceId&quot;: &quot;18457341&quot;,
    &quot;self&quot;: &quot;https://t493319102.eu-latest.cumulocity.com/devicecontrol/operations/18523803&quot;,
    &quot;id&quot;: &quot;18523803&quot;,
    &quot;status&quot;: &quot;PENDING&quot;,
    &quot;description&quot;: &quot;Apply software changes, triggered from PySys: [{'action': 'delete', 'id': '5495053', 'name': 'apple', 'url': ' ', 'version': '::fruits'}, {'action': 'delete', 'id': '5494888', 'name': 'banana', 'url': ' ', 'version': '::fruits'}, {'action': 'delete', 'id': '5475369', 'name': 'asciijump', 'url': ' ', 'version': '::apt'}, {'action': 'delete', 'id': '5495382', 'name': 'cherry', 'url': ' ', 'version': '::fruits'}, {'action': 'delete', 'id': '8018911', 'name': 'registry', 'url': ' ', 'version': '::docker'}]&quot;,
    &quot;c8y_SoftwareUpdate&quot;: [
        {
            &quot;name&quot;: &quot;apple&quot;,
            &quot;action&quot;: &quot;delete&quot;,
            &quot;id&quot;: &quot;5495053&quot;,
            &quot;version&quot;: &quot;::fruits&quot;,
            &quot;url&quot;: &quot; &quot;
        },
        {
            &quot;name&quot;: &quot;banana&quot;,
            &quot;action&quot;: &quot;delete&quot;,
            &quot;id&quot;: &quot;5494888&quot;,
            &quot;version&quot;: &quot;::fruits&quot;,
            &quot;url&quot;: &quot; &quot;
        },
        {
            &quot;name&quot;: &quot;asciijump&quot;,
            &quot;action&quot;: &quot;delete&quot;,
            &quot;id&quot;: &quot;5475369&quot;,
            &quot;version&quot;: &quot;::apt&quot;,
            &quot;url&quot;: &quot; &quot;
        },
        {
            &quot;name&quot;: &quot;cherry&quot;,
            &quot;action&quot;: &quot;delete&quot;,
            &quot;id&quot;: &quot;5495382&quot;,
            &quot;version&quot;: &quot;::fruits&quot;,
            &quot;url&quot;: &quot; &quot;
        },
        {
            &quot;name&quot;: &quot;registry&quot;,
            &quot;action&quot;: &quot;delete&quot;,
            &quot;id&quot;: &quot;8018911&quot;,
            &quot;version&quot;: &quot;::docker&quot;,
            &quot;url&quot;: &quot; &quot;
        }
    ]
}
08:32:01 INFO  Started operation: {'creationTime': '2022-05-09T08:32:00.955Z', 'deviceName': 'm32sd11e', 'deviceId': '18457341', 'self': 'https://t493319102.eu-latest.cumulocity.com/devicecontrol/operations/18523803', 'id': '18523803', 'status': 'PENDING', 'description': &quot;Apply software changes, triggered from PySys: [{'action': 'delete', 'id': '5495053', 'name': 'apple', 'url': ' ', 'version': '::fruits'}, {'action': 'delete', 'id': '5494888', 'name': 'banana', 'url': ' ', 'version': '::fruits'}, {'action': 'delete', 'id': '5475369', 'name': 'asciijump', 'url': ' ', 'version': '::apt'}, {'action': 'delete', 'id': '5495382', 'name': 'cherry', 'url': ' ', 'version': '::fruits'}, {'action': 'delete', 'id': '8018911', 'name': 'registry', 'url': ' ', 'version': '::docker'}]&quot;, 'c8y_SoftwareUpdate': [{'name': 'apple', 'action': 'delete', 'id': '5495053', 'version': '::fruits', 'url': ' '}, {'name': 'banana', 'action': 'delete', 'id': '5494888', 'version': '::fruits', 'url': ' '}, {'name': 'asciijump', 'action': 'delete', 'id': '5475369', 'version': '::apt', 'url': ' '}, {'name': 'cherry', 'action': 'delete', 'id': '5495382', 'version': '::fruits', 'url': ' '}, {'name': 'registry', 'action': 'delete', 'id': '8018911', 'version': '::docker', 'url': ' '}]}
08:32:03 INFO  State of operation 18523803 : PENDING
08:32:05 INFO  State of operation 18523803 : EXECUTING
08:32:07 INFO  State of operation 18523803 : EXECUTING
08:32:09 INFO  State of operation 18523803 : EXECUTING
08:32:12 INFO  State of operation 18523803 : EXECUTING
08:32:14 INFO  State of operation 18523803 : EXECUTING
08:32:16 INFO  State of operation 18523803 : EXECUTING
08:32:19 INFO  State of operation 18523803 : EXECUTING
08:32:21 INFO  State of operation 18523803 : EXECUTING
08:32:24 INFO  State of operation 18523803 : EXECUTING
08:32:27 INFO  State of operation 18523803 : EXECUTING
08:32:29 INFO  State of operation 18523803 : EXECUTING
08:32:31 INFO  State of operation 18523803 : EXECUTING
08:32:34 INFO  State of operation 18523803 : EXECUTING
08:32:36 INFO  State of operation 18523803 : EXECUTING
08:32:38 INFO  State of operation 18523803 : EXECUTING
08:32:40 INFO  State of operation 18523803 : EXECUTING
08:32:43 INFO  State of operation 18523803 : EXECUTING
08:32:45 INFO  State of operation 18523803 : EXECUTING
08:32:48 INFO  State of operation 18523803 : EXECUTING
08:32:50 INFO  State of operation 18523803 : EXECUTING
08:32:53 INFO  State of operation 18523803 : EXECUTING
08:32:55 INFO  State of operation 18523803 : EXECUTING
08:32:57 INFO  State of operation 18523803 : EXECUTING
08:32:59 INFO  State of operation 18523803 : EXECUTING
08:33:02 INFO  State of operation 18523803 : EXECUTING
08:33:04 INFO  State of operation 18523803 : EXECUTING
08:33:07 INFO  State of operation 18523803 : EXECUTING
08:33:09 INFO  State of operation 18523803 : EXECUTING
08:33:12 INFO  State of operation 18523803 : EXECUTING
08:33:14 INFO  State of operation 18523803 : EXECUTING
08:33:16 INFO  State of operation 18523803 : EXECUTING
08:33:19 INFO  State of operation 18523803 : EXECUTING
08:33:21 INFO  State of operation 18523803 : EXECUTING
08:33:23 INFO  State of operation 18523803 : SUCCESSFUL
08:33:23 INFO  Package apple is installed
08:33:23 INFO  Assert that (True == value) with value=True ... passed
08:33:23 INFO  Package banana is installed
08:33:23 INFO  Assert that (True == value) with value=True ... passed
08:33:24 INFO  Package cherry is installed
08:33:24 INFO  Assert that (True == value) with value=True ... passed
08:33:24 INFO  Assert that (False == value) with value=False ... passed
08:33:24 INFO  Assert that (False == value) with value=False ... passed
08:33:24 INFO  
08:33:24 INFO  cleanup:
08:33:30 INFO  Executed sudo&lt;tedge_disconnect_c8y&gt;, exit status 0
08:33:31 INFO  Executed systemctl&lt;serv_mapper5&gt;, exit status 3
08:33:31 INFO  
08:33:31 INFO  Test duration: 189.67 secs
08:33:31 INFO  Test final outcome:  FAILED
08:33:31 INFO  Test outcome reason: Assert that (False == value) with value=True
08:33:31 INFO  
</system-out>
	</testcase>
</testsuite>
