<?xml version="1.0" encoding="utf-8"?>
<testsuite name="SoftwareManagement.sm_apt_install_remove_multiple_mixed" tests="1" failures="1" skipped="0" time="191.22" timestamp="2022-05-09T08:22:49">
	<testcase classname="PySysTest" name="SoftwareManagement.sm_apt_install_remove_multiple_mixed">
		<failure message="BLOCKED: SystemError: Timeout while waiting for status SUCCESSFUL or False (+1 other failures)" type="BLOCKED"/>
		<system-out>08:19:38 INFO  ==============================================================
08:19:38 INFO  Id:    SoftwareManagement.sm_apt_install_remove_multiple_mixed
08:19:38 INFO  Dir:   software_management_end_to_end/
08:19:38 INFO  Title: Validate end to end behaviour for the apt plugin for multiple packages with mixed versions
08:19:38 INFO  ==============================================================
08:19:38 INFO  Using sw id database: {'asciijump': '5475369', 'robotfindskitten': '5474869', 'squirrel3': '5475279', 'rolldice': '5152439', 'moon-buggy': '5439204', 'apple': '5495053', 'banana': '5494888', 'cherry': '5495382', 'watermelon': '5494510', 'registry': '8018911', 'hello-world': '8021526', 'docker/getting-started': '8021973', 'alpine': '7991792'}
08:19:38 INFO  EnvironmentC8y Setup
08:19:39 INFO  Executed systemctl&lt;serv_mapper1&gt;, exit status 3
08:19:39 INFO  Restarting mosquitto too frequently in the last 10 seconds. It was only up for 6 seconds
08:19:39 INFO  Delaying execution by 5 seconds
08:20:01 INFO  Executed sudo&lt;tedge_connect_c8y&gt;, exit status 0, duration 17 secs
08:20:02 INFO  Executed sudo&lt;tedge_connect_c8y_test&gt;, exit status 0
08:20:02 INFO  Executed systemctl&lt;serv_mosq2&gt;, exit status 0
08:20:03 INFO  Executed systemctl&lt;serv_mapper3&gt;, exit status 0
08:20:05 INFO  State of current operation: SUCCESSFUL
08:20:05 INFO  Assert that (False == value) with value=False ... passed
08:20:06 INFO  Assert that (False == value) with value=False ... passed
08:20:06 INFO  Assert that (False == value) with value=False ... passed
08:20:06 INFO  Assert that (False == value) with value=False ... passed
08:20:07 INFO  Package moon-buggy is installed
08:20:07 WARN  Assert that (False == value) with value=True ... failed 
08:20:09 INFO  Response status: 201
08:20:09 INFO  Response to action: {
    &quot;creationTime&quot;: &quot;2022-05-09T08:20:09.344Z&quot;,
    &quot;deviceName&quot;: &quot;m32sd11e&quot;,
    &quot;deviceId&quot;: &quot;18457341&quot;,
    &quot;self&quot;: &quot;https://t493319102.eu-latest.cumulocity.com/devicecontrol/operations/18523712&quot;,
    &quot;id&quot;: &quot;18523712&quot;,
    &quot;status&quot;: &quot;PENDING&quot;,
    &quot;description&quot;: &quot;Apply software changes, triggered from PySys: [{'action': 'install', 'id': '5475369', 'name': 'asciijump', 'url': ' ', 'version': '::apt'}, {'action': 'install', 'id': '5474869', 'name': 'robotfindskitten', 'url': ' ', 'version': ' '}, {'action': 'install', 'id': '5475279', 'name': 'squirrel3', 'url': ' ', 'version': '3.1-8::apt'}, {'action': 'install', 'id': '5152439', 'name': 'rolldice', 'url': ' ', 'version': '1.16-1+b2'}, {'action': 'install', 'id': '5439204', 'name': 'moon-buggy', 'url': ' ', 'version': '1:1.0.51-13'}, {'action': 'install', 'id': '5475369', 'name': 'asciijump', 'url': ' ', 'version': '::apt'}]&quot;,
    &quot;c8y_SoftwareUpdate&quot;: [
        {
            &quot;name&quot;: &quot;asciijump&quot;,
            &quot;action&quot;: &quot;install&quot;,
            &quot;id&quot;: &quot;5475369&quot;,
            &quot;version&quot;: &quot;::apt&quot;,
            &quot;url&quot;: &quot; &quot;
        },
        {
            &quot;name&quot;: &quot;robotfindskitten&quot;,
            &quot;action&quot;: &quot;install&quot;,
            &quot;id&quot;: &quot;5474869&quot;,
            &quot;version&quot;: &quot; &quot;,
            &quot;url&quot;: &quot; &quot;
        },
        {
            &quot;name&quot;: &quot;squirrel3&quot;,
            &quot;action&quot;: &quot;install&quot;,
            &quot;id&quot;: &quot;5475279&quot;,
            &quot;version&quot;: &quot;3.1-8::apt&quot;,
            &quot;url&quot;: &quot; &quot;
        },
        {
            &quot;name&quot;: &quot;rolldice&quot;,
            &quot;action&quot;: &quot;install&quot;,
            &quot;id&quot;: &quot;5152439&quot;,
            &quot;version&quot;: &quot;1.16-1+b2&quot;,
            &quot;url&quot;: &quot; &quot;
        },
        {
            &quot;name&quot;: &quot;moon-buggy&quot;,
            &quot;action&quot;: &quot;install&quot;,
            &quot;id&quot;: &quot;5439204&quot;,
            &quot;version&quot;: &quot;1:1.0.51-13&quot;,
            &quot;url&quot;: &quot; &quot;
        },
        {
            &quot;name&quot;: &quot;asciijump&quot;,
            &quot;action&quot;: &quot;install&quot;,
            &quot;id&quot;: &quot;5475369&quot;,
            &quot;version&quot;: &quot;::apt&quot;,
            &quot;url&quot;: &quot; &quot;
        }
    ]
}
08:20:09 INFO  Started operation: {'creationTime': '2022-05-09T08:20:09.344Z', 'deviceName': 'm32sd11e', 'deviceId': '18457341', 'self': 'https://t493319102.eu-latest.cumulocity.com/devicecontrol/operations/18523712', 'id': '18523712', 'status': 'PENDING', 'description': &quot;Apply software changes, triggered from PySys: [{'action': 'install', 'id': '5475369', 'name': 'asciijump', 'url': ' ', 'version': '::apt'}, {'action': 'install', 'id': '5474869', 'name': 'robotfindskitten', 'url': ' ', 'version': ' '}, {'action': 'install', 'id': '5475279', 'name': 'squirrel3', 'url': ' ', 'version': '3.1-8::apt'}, {'action': 'install', 'id': '5152439', 'name': 'rolldice', 'url': ' ', 'version': '1.16-1+b2'}, {'action': 'install', 'id': '5439204', 'name': 'moon-buggy', 'url': ' ', 'version': '1:1.0.51-13'}, {'action': 'install', 'id': '5475369', 'name': 'asciijump', 'url': ' ', 'version': '::apt'}]&quot;, 'c8y_SoftwareUpdate': [{'name': 'asciijump', 'action': 'install', 'id': '5475369', 'version': '::apt', 'url': ' '}, {'name': 'robotfindskitten', 'action': 'install', 'id': '5474869', 'version': ' ', 'url': ' '}, {'name': 'squirrel3', 'action': 'install', 'id': '5475279', 'version': '3.1-8::apt', 'url': ' '}, {'name': 'rolldice', 'action': 'install', 'id': '5152439', 'version': '1.16-1+b2', 'url': ' '}, {'name': 'moon-buggy', 'action': 'install', 'id': '5439204', 'version': '1:1.0.51-13', 'url': ' '}, {'name': 'asciijump', 'action': 'install', 'id': '5475369', 'version': '::apt', 'url': ' '}]}
08:20:11 INFO  State of operation 18523712 : PENDING
08:20:13 INFO  State of operation 18523712 : EXECUTING
08:20:16 INFO  State of operation 18523712 : EXECUTING
08:20:18 INFO  State of operation 18523712 : EXECUTING
08:20:20 INFO  State of operation 18523712 : EXECUTING
08:20:22 INFO  State of operation 18523712 : EXECUTING
08:20:24 INFO  State of operation 18523712 : EXECUTING
08:20:28 INFO  State of operation 18523712 : EXECUTING
08:20:31 INFO  State of operation 18523712 : EXECUTING
08:20:33 INFO  State of operation 18523712 : EXECUTING
08:20:35 INFO  State of operation 18523712 : EXECUTING
08:20:38 INFO  State of operation 18523712 : EXECUTING
08:20:40 INFO  State of operation 18523712 : EXECUTING
08:20:42 INFO  State of operation 18523712 : EXECUTING
08:20:45 INFO  State of operation 18523712 : EXECUTING
08:20:47 INFO  State of operation 18523712 : EXECUTING
08:20:49 INFO  State of operation 18523712 : EXECUTING
08:20:51 INFO  State of operation 18523712 : EXECUTING
08:20:54 INFO  State of operation 18523712 : EXECUTING
08:21:01 INFO  State of operation 18523712 : EXECUTING
08:21:04 INFO  State of operation 18523712 : EXECUTING
08:21:06 INFO  State of operation 18523712 : EXECUTING
08:21:08 INFO  State of operation 18523712 : EXECUTING
08:21:10 INFO  State of operation 18523712 : EXECUTING
08:21:13 INFO  State of operation 18523712 : EXECUTING
08:21:15 INFO  State of operation 18523712 : EXECUTING
08:21:17 INFO  State of operation 18523712 : EXECUTING
08:21:20 INFO  State of operation 18523712 : EXECUTING
08:21:22 INFO  State of operation 18523712 : EXECUTING
08:21:25 INFO  State of operation 18523712 : EXECUTING
08:21:28 INFO  State of operation 18523712 : EXECUTING
08:21:30 INFO  State of operation 18523712 : EXECUTING
08:21:33 INFO  State of operation 18523712 : EXECUTING
08:21:35 INFO  State of operation 18523712 : EXECUTING
08:21:37 INFO  State of operation 18523712 : EXECUTING
08:21:39 INFO  State of operation 18523712 : EXECUTING
08:21:42 INFO  State of operation 18523712 : EXECUTING
08:21:44 INFO  State of operation 18523712 : EXECUTING
08:21:46 INFO  State of operation 18523712 : EXECUTING
08:21:48 INFO  State of operation 18523712 : EXECUTING
08:21:51 INFO  State of operation 18523712 : EXECUTING
08:21:53 INFO  State of operation 18523712 : EXECUTING
08:21:56 INFO  State of operation 18523712 : EXECUTING
08:21:58 INFO  State of operation 18523712 : EXECUTING
08:22:01 INFO  State of operation 18523712 : EXECUTING
08:22:03 INFO  State of operation 18523712 : EXECUTING
08:22:05 INFO  State of operation 18523712 : EXECUTING
08:22:08 INFO  State of operation 18523712 : EXECUTING
08:22:10 INFO  State of operation 18523712 : EXECUTING
08:22:12 INFO  State of operation 18523712 : EXECUTING
08:22:14 INFO  State of operation 18523712 : EXECUTING
08:22:17 INFO  State of operation 18523712 : EXECUTING
08:22:19 INFO  State of operation 18523712 : EXECUTING
08:22:21 INFO  State of operation 18523712 : EXECUTING
08:22:24 INFO  State of operation 18523712 : EXECUTING
08:22:26 INFO  State of operation 18523712 : EXECUTING
08:22:29 INFO  State of operation 18523712 : EXECUTING
08:22:31 INFO  State of operation 18523712 : EXECUTING
08:22:33 INFO  State of operation 18523712 : EXECUTING
08:22:35 INFO  State of operation 18523712 : EXECUTING
08:22:39 INFO  State of operation 18523712 : EXECUTING
08:22:41 WARN  SystemError occurred while running test - Timeout while waiting for status SUCCESSFUL or False
Traceback (most recent call last):
  File &quot;/home/pi/env-pysys/lib/python3.9/site-packages/pysys/baserunner.py&quot;, line 1294, in __call__
    self.testObj.execute()
  File &quot;/home/pi/actions-runner/_work/thin-edge.io/thin-edge.io/tests/PySys/software_management_end_to_end/sm_apt_install_remove_multiple_mixed/run.py&quot;, line 89, in execute
    self.wait_until_succcess()
  File &quot;/home/pi/actions-runner/_work/thin-edge.io/thin-edge.io/tests/PySys/software_management_end_to_end/environment_sm_management.py&quot;, line 324, in wait_until_succcess
    self.wait_until_status(&quot;SUCCESSFUL&quot;)
  File &quot;/home/pi/actions-runner/_work/thin-edge.io/thin-edge.io/tests/PySys/software_management_end_to_end/environment_sm_management.py&quot;, line 380, in wait_until_status
    raise SystemError(
SystemError: Timeout while waiting for status SUCCESSFUL or False
08:22:41 WARN  SystemError: Timeout while waiting for status SUCCESSFUL or False ... blocked 
08:22:41 INFO  
08:22:41 INFO  cleanup:
08:22:49 INFO  Executed sudo&lt;tedge_disconnect_c8y&gt;, exit status 0
08:22:49 INFO  Executed systemctl&lt;serv_mapper5&gt;, exit status 3
08:22:49 INFO  
08:22:49 INFO  Test duration: 191.22 secs
08:22:49 INFO  Test final outcome:  BLOCKED
08:22:49 INFO  Test outcome reason: SystemError: Timeout while waiting for status SUCCESSFUL or False (+1 other failures)
08:22:49 INFO  
</system-out>
	</testcase>
</testsuite>
