<?xml version="1.0" encoding="utf-8"?>
<testsuite name="SoftwareManagement.sm_mapper_fail_and_reconnect" tests="1" failures="0" skipped="1" time="0.05" timestamp="2022-05-10T20:59:06">
	<testcase classname="MapperC8yReceiveLastMessageOnRestart" name="SoftwareManagement.sm_mapper_fail_and_reconnect">
		<skipped message="SKIPPED: instable https://github.com/thin-edge/thin-edge.io/issues/752"/>
		<system-out>20:59:06 INFO  ==============================================================
20:59:06 INFO  Id:    SoftwareManagement.sm_mapper_fail_and_reconnect
20:59:06 INFO  Dir:   software_management_end_to_end/
20:59:06 INFO  Title: Validate the tedge-mapper-sm-c8y for receiving the last message on restart
20:59:06 INFO  ==============================================================
20:59:06 INFO  instable https://github.com/thin-edge/thin-edge.io/issues/752 ... skipped
20:59:06 INFO  
20:59:06 INFO  Test duration: 0.05 secs
20:59:06 INFO  Test final outcome:  SKIPPED
20:59:06 INFO  Test outcome reason: instable https://github.com/thin-edge/thin-edge.io/issues/752
20:59:06 INFO  
</system-out>
	</testcase>
</testsuite>
