<?xml version="1.0" encoding="utf-8"?>
<testsuite name="SoftwareManagement.sm_docker_install_remove_multiple" tests="1" failures="1" skipped="0" time="49.54" timestamp="2022-05-04T09:26:54">
	<testcase classname="SMDockerInstallRemove" name="SoftwareManagement.sm_docker_install_remove_multiple">
		<failure message="BLOCKED: SystemError: The operation has failed" type="BLOCKED"/>
		<system-out>09:26:05 INFO  ==============================================================
09:26:05 INFO  Id:    SoftwareManagement.sm_docker_install_remove_multiple
09:26:05 INFO  Dir:   software_management_end_to_end/
09:26:05 INFO  Title: Validate end to end behaviour for the docker plugin for multiple docker images with mixed versions
09:26:05 INFO  ==============================================================
09:26:05 INFO  Using sw id database: {'asciijump': '5475369', 'robotfindskitten': '5474869', 'squirrel3': '5475279', 'rolldice': '5152439', 'moon-buggy': '5439204', 'apple': '5495053', 'banana': '5494888', 'cherry': '5495382', 'watermelon': '5494510', 'registry': '8018911', 'hello-world': '8021526', 'docker/getting-started': '8021973', 'alpine': '7991792'}
09:26:05 INFO  EnvironmentC8y Setup
09:26:05 INFO  Executed systemctl&lt;serv_mapper1&gt;, exit status 3
09:26:06 INFO  Restarting mosquitto too frequently in the last 10 seconds. It was only up for 6 seconds
09:26:06 INFO  Delaying execution by 5 seconds
09:26:28 INFO  Executed sudo&lt;tedge_connect_c8y&gt;, exit status 0, duration 17 secs
09:26:29 INFO  Executed sudo&lt;tedge_connect_c8y_test&gt;, exit status 0
09:26:30 INFO  Executed systemctl&lt;serv_mosq2&gt;, exit status 0
09:26:30 INFO  Executed systemctl&lt;serv_mapper3&gt;, exit status 0
09:26:32 INFO  State of current operation: SUCCESSFUL
09:26:33 INFO  Response status: 201
09:26:33 INFO  Response to action: {
    &quot;creationTime&quot;: &quot;2022-05-04T09:26:33.026Z&quot;,
    &quot;deviceName&quot;: &quot;m32sd11e&quot;,
    &quot;deviceId&quot;: &quot;18334601&quot;,
    &quot;self&quot;: &quot;https://t493319102.eu-latest.cumulocity.com/devicecontrol/operations/18392179&quot;,
    &quot;id&quot;: &quot;18392179&quot;,
    &quot;status&quot;: &quot;PENDING&quot;,
    &quot;description&quot;: &quot;Apply software changes, triggered from PySys: [{'action': 'install', 'id': '8021526', 'name': 'hello-world', 'url': '', 'version': '::docker'}, {'action': 'install', 'id': '8018911', 'name': 'registry', 'url': '', 'version': '2.6.2::docker'}]&quot;,
    &quot;c8y_SoftwareUpdate&quot;: [
        {
            &quot;name&quot;: &quot;hello-world&quot;,
            &quot;action&quot;: &quot;install&quot;,
            &quot;id&quot;: &quot;8021526&quot;,
            &quot;version&quot;: &quot;::docker&quot;,
            &quot;url&quot;: &quot;&quot;
        },
        {
            &quot;name&quot;: &quot;registry&quot;,
            &quot;action&quot;: &quot;install&quot;,
            &quot;id&quot;: &quot;8018911&quot;,
            &quot;version&quot;: &quot;2.6.2::docker&quot;,
            &quot;url&quot;: &quot;&quot;
        }
    ]
}
09:26:33 INFO  Started operation: {'creationTime': '2022-05-04T09:26:33.026Z', 'deviceName': 'm32sd11e', 'deviceId': '18334601', 'self': 'https://t493319102.eu-latest.cumulocity.com/devicecontrol/operations/18392179', 'id': '18392179', 'status': 'PENDING', 'description': &quot;Apply software changes, triggered from PySys: [{'action': 'install', 'id': '8021526', 'name': 'hello-world', 'url': '', 'version': '::docker'}, {'action': 'install', 'id': '8018911', 'name': 'registry', 'url': '', 'version': '2.6.2::docker'}]&quot;, 'c8y_SoftwareUpdate': [{'name': 'hello-world', 'action': 'install', 'id': '8021526', 'version': '::docker', 'url': ''}, {'name': 'registry', 'action': 'install', 'id': '8018911', 'version': '2.6.2::docker', 'url': ''}]}
09:26:35 INFO  State of operation 18392179 : PENDING
09:26:37 INFO  State of operation 18392179 : EXECUTING
09:26:39 INFO  State of operation 18392179 : EXECUTING
09:26:41 INFO  State of operation 18392179 : EXECUTING
09:26:44 INFO  State of operation 18392179 : EXECUTING
09:26:46 INFO  State of operation 18392179 : EXECUTING
09:26:48 INFO  State of operation 18392179 : FAILED
09:26:48 ERROR Stopping as the operation has failed
09:26:48 WARN  SystemError occurred while running test - The operation has failed
Traceback (most recent call last):
  File &quot;/home/pi/env-pysys/lib/python3.9/site-packages/pysys/baserunner.py&quot;, line 1292, in __call__
    self.testObj.setup()
  File &quot;/home/pi/actions-runner/_work/thin-edge.io/thin-edge.io/tests/PySys/software_management_end_to_end/sm_docker_install_remove_multiple/run.py&quot;, line 55, in setup
    self.wait_until_succcess()
  File &quot;/home/pi/actions-runner/_work/thin-edge.io/thin-edge.io/tests/PySys/software_management_end_to_end/environment_sm_management.py&quot;, line 324, in wait_until_succcess
    self.wait_until_status(&quot;SUCCESSFUL&quot;)
  File &quot;/home/pi/actions-runner/_work/thin-edge.io/thin-edge.io/tests/PySys/software_management_end_to_end/environment_sm_management.py&quot;, line 361, in wait_until_status
    raise SystemError(&quot;The operation has failed&quot;)
SystemError: The operation has failed
09:26:48 WARN  SystemError: The operation has failed ... blocked 
09:26:48 INFO  
09:26:48 INFO  cleanup:
09:26:54 INFO  Executed sudo&lt;tedge_disconnect_c8y&gt;, exit status 0
09:26:54 INFO  Executed systemctl&lt;serv_mapper5&gt;, exit status 3
09:26:54 INFO  
09:26:54 INFO  Test duration: 49.54 secs
09:26:54 INFO  Test final outcome:  BLOCKED
09:26:54 INFO  Test outcome reason: SystemError: The operation has failed
09:26:54 INFO  
</system-out>
	</testcase>
</testsuite>
