<?xml version="1.0" encoding="utf-8"?>
<testsuite name="SoftwareManagement.Plugin.apama_plugin_mon_support" tests="1" failures="1" skipped="0" time="20.3" timestamp="2022-05-09T08:06:49">
	<testcase classname="ApamaPluginMonSupportTest" name="SoftwareManagement.Plugin.apama_plugin_mon_support">
		<failure message="BLOCKED: sudo&lt;apama_correlator_wait&gt; returned non-zero exit code 126" type="BLOCKED"/>
		<system-out>08:06:28 INFO  ==============================================================
08:06:28 INFO  Id:    SoftwareManagement.Plugin.apama_plugin_mon_support
08:06:28 INFO  Dir:   plugin_apama/
08:06:28 INFO  Title: Validate mon file support of apama plugin
08:06:28 INFO  ==============================================================
08:06:28 INFO  Assertion that path exists=False for &quot;/etc/tedge/apama/project&quot; ... passed
08:06:29 INFO  Executed sudo&lt;create_project_dir&gt;, exit status 0
08:06:30 INFO  Executed sudo&lt;unzip_apama_project&gt;, exit status 0
08:06:30 INFO  Executed sudo&lt;move_apama_project&gt;, exit status 0
08:06:31 INFO  Executed sudo&lt;restart_apama_service&gt;, exit status 0
08:06:32 WARN  Executed sudo&lt;apama_correlator_wait&gt;, exit status 126
08:06:32 INFO  Contents of apama_correlator_wait.err: 
  /opt/softwareag/Apama/bin/apama_env: line 142: /opt/softwareag/Apama/bin/component_management: cannot execute binary file: Exec format error
  -----

08:06:32 WARN  sudo&lt;apama_correlator_wait&gt; returned non-zero exit code 126 ... blocked 
08:06:32 WARN  Aborted test due to BLOCKED outcome
08:06:32 INFO  
08:06:32 INFO  cleanup:
08:06:32 INFO  Removing apama project
08:06:48 INFO  Executed sudo&lt;stop_apama_service&gt;, exit status 0, duration 15 secs
08:06:48 INFO  Executed sudo&lt;remove_apama_project&gt;, exit status 0
08:06:49 INFO  Executed sudo&lt;remove_apama_tmp_dir&gt;, exit status 0
08:06:49 INFO  
08:06:49 INFO  Test duration: 20.30 secs
08:06:49 INFO  Test final outcome:  BLOCKED
08:06:49 INFO  Test outcome reason: sudo&lt;apama_correlator_wait&gt; returned non-zero exit code 126
08:06:49 INFO  
</system-out>
	</testcase>
</testsuite>
