<?xml version="1.0" encoding="utf-8"?>
<testsuite name="SoftwareManagement.sm_apt_install_remove_multiple_mixed" tests="1" failures="1" skipped="0" time="192.9" timestamp="2022-05-16T08:46:16">
	<testcase classname="PySysTest" name="SoftwareManagement.sm_apt_install_remove_multiple_mixed">
		<failure message="BLOCKED: SystemError: Timeout while waiting for status SUCCESSFUL or False (+1 other failures)" type="BLOCKED"/>
		<system-out>08:43:04 INFO  ==============================================================
08:43:04 INFO  Id:    SoftwareManagement.sm_apt_install_remove_multiple_mixed
08:43:04 INFO  Dir:   software_management_end_to_end/
08:43:04 INFO  Title: Validate end to end behaviour for the apt plugin for multiple packages with mixed versions
08:43:04 INFO  ==============================================================
08:43:04 INFO  Using sw id database: {'asciijump': '5475369', 'robotfindskitten': '5474869', 'squirrel3': '5475279', 'rolldice': '5152439', 'moon-buggy': '5439204', 'apple': '5495053', 'banana': '5494888', 'cherry': '5495382', 'watermelon': '5494510', 'registry': '8018911', 'hello-world': '8021526', 'docker/getting-started': '8021973', 'alpine': '7991792'}
08:43:04 INFO  EnvironmentC8y Setup
08:43:04 INFO  Executed systemctl&lt;serv_mapper1&gt;, exit status 3
08:43:04 INFO  Restarting mosquitto too frequently in the last 10 seconds. It was only up for 8 seconds
08:43:04 INFO  Delaying execution by 3 seconds
08:43:25 INFO  Executed sudo&lt;tedge_connect_c8y&gt;, exit status 0, duration 17 secs
08:43:26 INFO  Executed sudo&lt;tedge_connect_c8y_test&gt;, exit status 0
08:43:26 INFO  Executed systemctl&lt;serv_mosq2&gt;, exit status 0
08:43:27 INFO  Executed systemctl&lt;serv_mapper3&gt;, exit status 0
08:43:29 INFO  State of current operation: SUCCESSFUL
08:43:29 INFO  Assert that (False == value) with value=False ... passed
08:43:29 INFO  Assert that (False == value) with value=False ... passed
08:43:30 INFO  Assert that (False == value) with value=False ... passed
08:43:30 INFO  Assert that (False == value) with value=False ... passed
08:43:30 INFO  Package moon-buggy is installed
08:43:30 WARN  Assert that (False == value) with value=True ... failed 
08:43:32 INFO  Response status: 201
08:43:32 INFO  Response to action: {
    &quot;creationTime&quot;: &quot;2022-05-16T08:43:32.816Z&quot;,
    &quot;deviceId&quot;: &quot;19103185&quot;,
    &quot;deviceName&quot;: &quot;m32sd11e&quot;,
    &quot;self&quot;: &quot;https://t493319102.eu-latest.cumulocity.com/devicecontrol/operations/19133415&quot;,
    &quot;id&quot;: &quot;19133415&quot;,
    &quot;status&quot;: &quot;PENDING&quot;,
    &quot;description&quot;: &quot;Apply software changes, triggered from PySys: [{'action': 'install', 'id': '5475369', 'name': 'asciijump', 'url': ' ', 'version': '::apt'}, {'action': 'install', 'id': '5474869', 'name': 'robotfindskitten', 'url': ' ', 'version': ' '}, {'action': 'install', 'id': '5475279', 'name': 'squirrel3', 'url': ' ', 'version': '3.1-8::apt'}, {'action': 'install', 'id': '5152439', 'name': 'rolldice', 'url': ' ', 'version': '1.16-1+b2'}, {'action': 'install', 'id': '5439204', 'name': 'moon-buggy', 'url': ' ', 'version': '1:1.0.51-13'}, {'action': 'install', 'id': '5475369', 'name': 'asciijump', 'url': ' ', 'version': '::apt'}]&quot;,
    &quot;c8y_SoftwareUpdate&quot;: [
        {
            &quot;name&quot;: &quot;asciijump&quot;,
            &quot;action&quot;: &quot;install&quot;,
            &quot;id&quot;: &quot;5475369&quot;,
            &quot;version&quot;: &quot;::apt&quot;,
            &quot;url&quot;: &quot; &quot;
        },
        {
            &quot;name&quot;: &quot;robotfindskitten&quot;,
            &quot;action&quot;: &quot;install&quot;,
            &quot;id&quot;: &quot;5474869&quot;,
            &quot;version&quot;: &quot; &quot;,
            &quot;url&quot;: &quot; &quot;
        },
        {
            &quot;name&quot;: &quot;squirrel3&quot;,
            &quot;action&quot;: &quot;install&quot;,
            &quot;id&quot;: &quot;5475279&quot;,
            &quot;version&quot;: &quot;3.1-8::apt&quot;,
            &quot;url&quot;: &quot; &quot;
        },
        {
            &quot;name&quot;: &quot;rolldice&quot;,
            &quot;action&quot;: &quot;install&quot;,
            &quot;id&quot;: &quot;5152439&quot;,
            &quot;version&quot;: &quot;1.16-1+b2&quot;,
            &quot;url&quot;: &quot; &quot;
        },
        {
            &quot;name&quot;: &quot;moon-buggy&quot;,
            &quot;action&quot;: &quot;install&quot;,
            &quot;id&quot;: &quot;5439204&quot;,
            &quot;version&quot;: &quot;1:1.0.51-13&quot;,
            &quot;url&quot;: &quot; &quot;
        },
        {
            &quot;name&quot;: &quot;asciijump&quot;,
            &quot;action&quot;: &quot;install&quot;,
            &quot;id&quot;: &quot;5475369&quot;,
            &quot;version&quot;: &quot;::apt&quot;,
            &quot;url&quot;: &quot; &quot;
        }
    ]
}
08:43:32 INFO  Started operation: {'creationTime': '2022-05-16T08:43:32.816Z', 'deviceId': '19103185', 'deviceName': 'm32sd11e', 'self': 'https://t493319102.eu-latest.cumulocity.com/devicecontrol/operations/19133415', 'id': '19133415', 'status': 'PENDING', 'description': &quot;Apply software changes, triggered from PySys: [{'action': 'install', 'id': '5475369', 'name': 'asciijump', 'url': ' ', 'version': '::apt'}, {'action': 'install', 'id': '5474869', 'name': 'robotfindskitten', 'url': ' ', 'version': ' '}, {'action': 'install', 'id': '5475279', 'name': 'squirrel3', 'url': ' ', 'version': '3.1-8::apt'}, {'action': 'install', 'id': '5152439', 'name': 'rolldice', 'url': ' ', 'version': '1.16-1+b2'}, {'action': 'install', 'id': '5439204', 'name': 'moon-buggy', 'url': ' ', 'version': '1:1.0.51-13'}, {'action': 'install', 'id': '5475369', 'name': 'asciijump', 'url': ' ', 'version': '::apt'}]&quot;, 'c8y_SoftwareUpdate': [{'name': 'asciijump', 'action': 'install', 'id': '5475369', 'version': '::apt', 'url': ' '}, {'name': 'robotfindskitten', 'action': 'install', 'id': '5474869', 'version': ' ', 'url': ' '}, {'name': 'squirrel3', 'action': 'install', 'id': '5475279', 'version': '3.1-8::apt', 'url': ' '}, {'name': 'rolldice', 'action': 'install', 'id': '5152439', 'version': '1.16-1+b2', 'url': ' '}, {'name': 'moon-buggy', 'action': 'install', 'id': '5439204', 'version': '1:1.0.51-13', 'url': ' '}, {'name': 'asciijump', 'action': 'install', 'id': '5475369', 'version': '::apt', 'url': ' '}]}
08:43:35 INFO  State of operation 19133415 : PENDING
08:43:37 INFO  State of operation 19133415 : EXECUTING
08:43:39 INFO  State of operation 19133415 : EXECUTING
08:43:41 INFO  State of operation 19133415 : EXECUTING
08:43:44 INFO  State of operation 19133415 : EXECUTING
08:43:46 INFO  State of operation 19133415 : EXECUTING
08:43:48 INFO  State of operation 19133415 : EXECUTING
08:43:52 INFO  State of operation 19133415 : EXECUTING
08:43:55 INFO  State of operation 19133415 : EXECUTING
08:43:57 INFO  State of operation 19133415 : EXECUTING
08:43:59 INFO  State of operation 19133415 : EXECUTING
08:44:02 INFO  State of operation 19133415 : EXECUTING
08:44:04 INFO  State of operation 19133415 : EXECUTING
08:44:06 INFO  State of operation 19133415 : EXECUTING
08:44:08 INFO  State of operation 19133415 : EXECUTING
08:44:11 INFO  State of operation 19133415 : EXECUTING
08:44:13 INFO  State of operation 19133415 : EXECUTING
08:44:15 INFO  State of operation 19133415 : EXECUTING
08:44:17 INFO  State of operation 19133415 : EXECUTING
08:44:20 INFO  State of operation 19133415 : EXECUTING
08:44:22 INFO  State of operation 19133415 : EXECUTING
08:44:25 INFO  State of operation 19133415 : EXECUTING
08:44:27 INFO  State of operation 19133415 : EXECUTING
08:44:29 INFO  State of operation 19133415 : EXECUTING
08:44:31 INFO  State of operation 19133415 : EXECUTING
08:44:34 INFO  State of operation 19133415 : EXECUTING
08:44:36 INFO  State of operation 19133415 : EXECUTING
08:44:39 INFO  State of operation 19133415 : EXECUTING
08:44:41 INFO  State of operation 19133415 : EXECUTING
08:44:44 INFO  State of operation 19133415 : EXECUTING
08:44:46 INFO  State of operation 19133415 : EXECUTING
08:44:48 INFO  State of operation 19133415 : EXECUTING
08:44:50 INFO  State of operation 19133415 : EXECUTING
08:44:53 INFO  State of operation 19133415 : EXECUTING
08:44:55 INFO  State of operation 19133415 : EXECUTING
08:44:57 INFO  State of operation 19133415 : EXECUTING
08:45:00 INFO  State of operation 19133415 : EXECUTING
08:45:02 INFO  State of operation 19133415 : EXECUTING
08:45:04 INFO  State of operation 19133415 : EXECUTING
08:45:06 INFO  State of operation 19133415 : EXECUTING
08:45:09 INFO  State of operation 19133415 : EXECUTING
08:45:11 INFO  State of operation 19133415 : EXECUTING
08:45:13 INFO  State of operation 19133415 : EXECUTING
08:45:16 INFO  State of operation 19133415 : EXECUTING
08:45:18 INFO  State of operation 19133415 : EXECUTING
08:45:21 INFO  State of operation 19133415 : EXECUTING
08:45:24 INFO  State of operation 19133415 : EXECUTING
08:45:31 INFO  State of operation 19133415 : EXECUTING
08:45:33 INFO  State of operation 19133415 : EXECUTING
08:45:35 INFO  State of operation 19133415 : EXECUTING
08:45:38 INFO  State of operation 19133415 : EXECUTING
08:45:40 INFO  State of operation 19133415 : EXECUTING
08:45:47 INFO  State of operation 19133415 : EXECUTING
08:45:50 INFO  State of operation 19133415 : EXECUTING
08:45:52 INFO  State of operation 19133415 : EXECUTING
08:45:54 INFO  State of operation 19133415 : EXECUTING
08:45:56 INFO  State of operation 19133415 : EXECUTING
08:45:59 INFO  State of operation 19133415 : EXECUTING
08:46:01 INFO  State of operation 19133415 : EXECUTING
08:46:04 INFO  State of operation 19133415 : EXECUTING
08:46:06 INFO  State of operation 19133415 : EXECUTING
08:46:08 WARN  SystemError occurred while running test - Timeout while waiting for status SUCCESSFUL or False
Traceback (most recent call last):
  File &quot;/home/pi/env-pysys/lib/python3.9/site-packages/pysys/baserunner.py&quot;, line 1294, in __call__
    self.testObj.execute()
  File &quot;/home/pi/actions-runner/_work/thin-edge.io/thin-edge.io/tests/PySys/software_management_end_to_end/sm_apt_install_remove_multiple_mixed/run.py&quot;, line 89, in execute
    self.wait_until_succcess()
  File &quot;/home/pi/actions-runner/_work/thin-edge.io/thin-edge.io/tests/PySys/software_management_end_to_end/environment_sm_management.py&quot;, line 324, in wait_until_succcess
    self.wait_until_status(&quot;SUCCESSFUL&quot;)
  File &quot;/home/pi/actions-runner/_work/thin-edge.io/thin-edge.io/tests/PySys/software_management_end_to_end/environment_sm_management.py&quot;, line 380, in wait_until_status
    raise SystemError(
SystemError: Timeout while waiting for status SUCCESSFUL or False
08:46:08 WARN  SystemError: Timeout while waiting for status SUCCESSFUL or False ... blocked 
08:46:08 INFO  
08:46:08 INFO  cleanup:
08:46:16 INFO  Executed sudo&lt;tedge_disconnect_c8y&gt;, exit status 0
08:46:16 INFO  Executed systemctl&lt;serv_mapper5&gt;, exit status 3
08:46:16 INFO  
08:46:16 INFO  Test duration: 192.90 secs
08:46:16 INFO  Test final outcome:  BLOCKED
08:46:16 INFO  Test outcome reason: SystemError: Timeout while waiting for status SUCCESSFUL or False (+1 other failures)
08:46:16 INFO  
</system-out>
	</testcase>
</testsuite>
