<?xml version="1.0" encoding="utf-8"?>
<testsuite name="SoftwareManagement.sm_mapper_fail_and_reconnect" tests="1" failures="0" skipped="1" time="0.05" timestamp="2022-05-04T09:28:42">
	<testcase classname="MapperC8yReceiveLastMessageOnRestart" name="SoftwareManagement.sm_mapper_fail_and_reconnect">
		<skipped message="SKIPPED: instable https://github.com/thin-edge/thin-edge.io/issues/752"/>
		<system-out>09:28:42 INFO  ==============================================================
09:28:42 INFO  Id:    SoftwareManagement.sm_mapper_fail_and_reconnect
09:28:42 INFO  Dir:   software_management_end_to_end/
09:28:42 INFO  Title: Validate the tedge-mapper-sm-c8y for receiving the last message on restart
09:28:42 INFO  ==============================================================
09:28:42 INFO  instable https://github.com/thin-edge/thin-edge.io/issues/752 ... skipped
09:28:42 INFO  
09:28:42 INFO  Test duration: 0.05 secs
09:28:42 INFO  Test final outcome:  SKIPPED
09:28:42 INFO  Test outcome reason: instable https://github.com/thin-edge/thin-edge.io/issues/752
09:28:42 INFO  
</system-out>
	</testcase>
</testsuite>
