<?xml version="1.0" encoding="utf-8"?>
<testsuite name="SoftwareManagement.sm_apt_install_remove_multiple_mixed" tests="1" failures="1" skipped="0" time="185.31" timestamp="2022-05-10T14:33:45">
	<testcase classname="PySysTest" name="SoftwareManagement.sm_apt_install_remove_multiple_mixed">
		<failure message="BLOCKED: SystemError: Timeout while waiting for status SUCCESSFUL or False (+1 other failures)" type="BLOCKED"/>
		<system-out>14:30:39 INFO  ==============================================================
14:30:39 INFO  Id:    SoftwareManagement.sm_apt_install_remove_multiple_mixed
14:30:39 INFO  Dir:   software_management_end_to_end/
14:30:39 INFO  Title: Validate end to end behaviour for the apt plugin for multiple packages with mixed versions
14:30:39 INFO  ==============================================================
14:30:40 INFO  Using sw id database: {'asciijump': '5475369', 'robotfindskitten': '5474869', 'squirrel3': '5475279', 'rolldice': '5152439', 'moon-buggy': '5439204', 'apple': '5495053', 'banana': '5494888', 'cherry': '5495382', 'watermelon': '5494510', 'registry': '8018911', 'hello-world': '8021526', 'docker/getting-started': '8021973', 'alpine': '7991792'}
14:30:40 INFO  EnvironmentC8y Setup
14:30:40 INFO  Executed systemctl&lt;serv_mapper1&gt;, exit status 3
14:30:40 INFO  Restarting mosquitto too frequently in the last 10 seconds. It was only up for 6 seconds
14:30:40 INFO  Delaying execution by 5 seconds
14:31:03 INFO  Executed sudo&lt;tedge_connect_c8y&gt;, exit status 0, duration 17 secs
14:31:03 INFO  Executed sudo&lt;tedge_connect_c8y_test&gt;, exit status 0
14:31:04 INFO  Executed systemctl&lt;serv_mosq2&gt;, exit status 0
14:31:04 INFO  Executed systemctl&lt;serv_mapper3&gt;, exit status 0
14:31:07 INFO  State of current operation: SUCCESSFUL
14:31:07 INFO  Assert that (False == value) with value=False ... passed
14:31:07 INFO  Assert that (False == value) with value=False ... passed
14:31:07 INFO  Assert that (False == value) with value=False ... passed
14:31:08 INFO  Assert that (False == value) with value=False ... passed
14:31:08 INFO  Package moon-buggy is installed
14:31:08 WARN  Assert that (False == value) with value=True ... failed 
14:31:10 INFO  Response status: 201
14:31:10 INFO  Response to action: {
    &quot;creationTime&quot;: &quot;2022-05-10T14:31:10.738Z&quot;,
    &quot;deviceName&quot;: &quot;m32sd11e&quot;,
    &quot;deviceId&quot;: &quot;18671277&quot;,
    &quot;self&quot;: &quot;https://t493319102.eu-latest.cumulocity.com/devicecontrol/operations/18685833&quot;,
    &quot;id&quot;: &quot;18685833&quot;,
    &quot;status&quot;: &quot;PENDING&quot;,
    &quot;description&quot;: &quot;Apply software changes, triggered from PySys: [{'action': 'install', 'id': '5475369', 'name': 'asciijump', 'url': ' ', 'version': '::apt'}, {'action': 'install', 'id': '5474869', 'name': 'robotfindskitten', 'url': ' ', 'version': ' '}, {'action': 'install', 'id': '5475279', 'name': 'squirrel3', 'url': ' ', 'version': '3.1-8::apt'}, {'action': 'install', 'id': '5152439', 'name': 'rolldice', 'url': ' ', 'version': '1.16-1+b2'}, {'action': 'install', 'id': '5439204', 'name': 'moon-buggy', 'url': ' ', 'version': '1:1.0.51-13'}, {'action': 'install', 'id': '5475369', 'name': 'asciijump', 'url': ' ', 'version': '::apt'}]&quot;,
    &quot;c8y_SoftwareUpdate&quot;: [
        {
            &quot;name&quot;: &quot;asciijump&quot;,
            &quot;action&quot;: &quot;install&quot;,
            &quot;id&quot;: &quot;5475369&quot;,
            &quot;version&quot;: &quot;::apt&quot;,
            &quot;url&quot;: &quot; &quot;
        },
        {
            &quot;name&quot;: &quot;robotfindskitten&quot;,
            &quot;action&quot;: &quot;install&quot;,
            &quot;id&quot;: &quot;5474869&quot;,
            &quot;version&quot;: &quot; &quot;,
            &quot;url&quot;: &quot; &quot;
        },
        {
            &quot;name&quot;: &quot;squirrel3&quot;,
            &quot;action&quot;: &quot;install&quot;,
            &quot;id&quot;: &quot;5475279&quot;,
            &quot;version&quot;: &quot;3.1-8::apt&quot;,
            &quot;url&quot;: &quot; &quot;
        },
        {
            &quot;name&quot;: &quot;rolldice&quot;,
            &quot;action&quot;: &quot;install&quot;,
            &quot;id&quot;: &quot;5152439&quot;,
            &quot;version&quot;: &quot;1.16-1+b2&quot;,
            &quot;url&quot;: &quot; &quot;
        },
        {
            &quot;name&quot;: &quot;moon-buggy&quot;,
            &quot;action&quot;: &quot;install&quot;,
            &quot;id&quot;: &quot;5439204&quot;,
            &quot;version&quot;: &quot;1:1.0.51-13&quot;,
            &quot;url&quot;: &quot; &quot;
        },
        {
            &quot;name&quot;: &quot;asciijump&quot;,
            &quot;action&quot;: &quot;install&quot;,
            &quot;id&quot;: &quot;5475369&quot;,
            &quot;version&quot;: &quot;::apt&quot;,
            &quot;url&quot;: &quot; &quot;
        }
    ]
}
14:31:10 INFO  Started operation: {'creationTime': '2022-05-10T14:31:10.738Z', 'deviceName': 'm32sd11e', 'deviceId': '18671277', 'self': 'https://t493319102.eu-latest.cumulocity.com/devicecontrol/operations/18685833', 'id': '18685833', 'status': 'PENDING', 'description': &quot;Apply software changes, triggered from PySys: [{'action': 'install', 'id': '5475369', 'name': 'asciijump', 'url': ' ', 'version': '::apt'}, {'action': 'install', 'id': '5474869', 'name': 'robotfindskitten', 'url': ' ', 'version': ' '}, {'action': 'install', 'id': '5475279', 'name': 'squirrel3', 'url': ' ', 'version': '3.1-8::apt'}, {'action': 'install', 'id': '5152439', 'name': 'rolldice', 'url': ' ', 'version': '1.16-1+b2'}, {'action': 'install', 'id': '5439204', 'name': 'moon-buggy', 'url': ' ', 'version': '1:1.0.51-13'}, {'action': 'install', 'id': '5475369', 'name': 'asciijump', 'url': ' ', 'version': '::apt'}]&quot;, 'c8y_SoftwareUpdate': [{'name': 'asciijump', 'action': 'install', 'id': '5475369', 'version': '::apt', 'url': ' '}, {'name': 'robotfindskitten', 'action': 'install', 'id': '5474869', 'version': ' ', 'url': ' '}, {'name': 'squirrel3', 'action': 'install', 'id': '5475279', 'version': '3.1-8::apt', 'url': ' '}, {'name': 'rolldice', 'action': 'install', 'id': '5152439', 'version': '1.16-1+b2', 'url': ' '}, {'name': 'moon-buggy', 'action': 'install', 'id': '5439204', 'version': '1:1.0.51-13', 'url': ' '}, {'name': 'asciijump', 'action': 'install', 'id': '5475369', 'version': '::apt', 'url': ' '}]}
14:31:13 INFO  State of operation 18685833 : PENDING
14:31:15 INFO  State of operation 18685833 : EXECUTING
14:31:17 INFO  State of operation 18685833 : EXECUTING
14:31:19 INFO  State of operation 18685833 : EXECUTING
14:31:21 INFO  State of operation 18685833 : EXECUTING
14:31:24 INFO  State of operation 18685833 : EXECUTING
14:31:26 INFO  State of operation 18685833 : EXECUTING
14:31:29 INFO  State of operation 18685833 : EXECUTING
14:31:32 INFO  State of operation 18685833 : EXECUTING
14:31:34 INFO  State of operation 18685833 : EXECUTING
14:31:36 INFO  State of operation 18685833 : EXECUTING
14:31:39 INFO  State of operation 18685833 : EXECUTING
14:31:41 INFO  State of operation 18685833 : EXECUTING
14:31:43 INFO  State of operation 18685833 : EXECUTING
14:31:45 INFO  State of operation 18685833 : EXECUTING
14:31:48 INFO  State of operation 18685833 : EXECUTING
14:31:50 INFO  State of operation 18685833 : EXECUTING
14:31:52 INFO  State of operation 18685833 : EXECUTING
14:31:54 INFO  State of operation 18685833 : EXECUTING
14:31:57 INFO  State of operation 18685833 : EXECUTING
14:31:59 INFO  State of operation 18685833 : EXECUTING
14:32:02 INFO  State of operation 18685833 : EXECUTING
14:32:04 INFO  State of operation 18685833 : EXECUTING
14:32:06 INFO  State of operation 18685833 : EXECUTING
14:32:09 INFO  State of operation 18685833 : EXECUTING
14:32:11 INFO  State of operation 18685833 : EXECUTING
14:32:14 INFO  State of operation 18685833 : EXECUTING
14:32:16 INFO  State of operation 18685833 : EXECUTING
14:32:18 INFO  State of operation 18685833 : EXECUTING
14:32:20 INFO  State of operation 18685833 : EXECUTING
14:32:23 INFO  State of operation 18685833 : EXECUTING
14:32:25 INFO  State of operation 18685833 : EXECUTING
14:32:28 INFO  State of operation 18685833 : EXECUTING
14:32:30 INFO  State of operation 18685833 : EXECUTING
14:32:33 INFO  State of operation 18685833 : EXECUTING
14:32:35 INFO  State of operation 18685833 : EXECUTING
14:32:37 INFO  State of operation 18685833 : EXECUTING
14:32:39 INFO  State of operation 18685833 : EXECUTING
14:32:42 INFO  State of operation 18685833 : EXECUTING
14:32:44 INFO  State of operation 18685833 : EXECUTING
14:32:46 INFO  State of operation 18685833 : EXECUTING
14:32:48 INFO  State of operation 18685833 : EXECUTING
14:32:50 INFO  State of operation 18685833 : EXECUTING
14:32:53 INFO  State of operation 18685833 : EXECUTING
14:32:56 INFO  State of operation 18685833 : EXECUTING
14:32:58 INFO  State of operation 18685833 : EXECUTING
14:33:01 INFO  State of operation 18685833 : EXECUTING
14:33:03 INFO  State of operation 18685833 : EXECUTING
14:33:05 INFO  State of operation 18685833 : EXECUTING
14:33:08 INFO  State of operation 18685833 : EXECUTING
14:33:10 INFO  State of operation 18685833 : EXECUTING
14:33:12 INFO  State of operation 18685833 : EXECUTING
14:33:14 INFO  State of operation 18685833 : EXECUTING
14:33:17 INFO  State of operation 18685833 : EXECUTING
14:33:19 INFO  State of operation 18685833 : EXECUTING
14:33:21 INFO  State of operation 18685833 : EXECUTING
14:33:24 INFO  State of operation 18685833 : EXECUTING
14:33:26 INFO  State of operation 18685833 : EXECUTING
14:33:29 INFO  State of operation 18685833 : EXECUTING
14:33:31 INFO  State of operation 18685833 : EXECUTING
14:33:33 INFO  State of operation 18685833 : EXECUTING
14:33:35 WARN  SystemError occurred while running test - Timeout while waiting for status SUCCESSFUL or False
Traceback (most recent call last):
  File &quot;/home/pi/env-pysys/lib/python3.9/site-packages/pysys/baserunner.py&quot;, line 1294, in __call__
    self.testObj.execute()
  File &quot;/home/pi/actions-runner/_work/thin-edge.io/thin-edge.io/tests/PySys/software_management_end_to_end/sm_apt_install_remove_multiple_mixed/run.py&quot;, line 89, in execute
    self.wait_until_succcess()
  File &quot;/home/pi/actions-runner/_work/thin-edge.io/thin-edge.io/tests/PySys/software_management_end_to_end/environment_sm_management.py&quot;, line 324, in wait_until_succcess
    self.wait_until_status(&quot;SUCCESSFUL&quot;)
  File &quot;/home/pi/actions-runner/_work/thin-edge.io/thin-edge.io/tests/PySys/software_management_end_to_end/environment_sm_management.py&quot;, line 380, in wait_until_status
    raise SystemError(
SystemError: Timeout while waiting for status SUCCESSFUL or False
14:33:36 WARN  SystemError: Timeout while waiting for status SUCCESSFUL or False ... blocked 
14:33:36 INFO  
14:33:36 INFO  cleanup:
14:33:44 INFO  Executed sudo&lt;tedge_disconnect_c8y&gt;, exit status 0
14:33:45 INFO  Executed systemctl&lt;serv_mapper5&gt;, exit status 3
14:33:45 INFO  
14:33:45 INFO  Test duration: 185.31 secs
14:33:45 INFO  Test final outcome:  BLOCKED
14:33:45 INFO  Test outcome reason: SystemError: Timeout while waiting for status SUCCESSFUL or False (+1 other failures)
14:33:45 INFO  
</system-out>
	</testcase>
</testsuite>
