<?xml version="1.0" encoding="utf-8"?>
<testsuite name="SoftwareManagement.sm_mixed_install_remove_multiple" tests="1" failures="1" skipped="0" time="195.12" timestamp="2022-05-16T08:57:10">
	<testcase classname="PySysTest" name="SoftwareManagement.sm_mixed_install_remove_multiple">
		<failure message="FAILED: Assert that (False == value) with value=True" type="FAILED"/>
		<system-out>08:53:55 INFO  ==============================================================
08:53:55 INFO  Id:    SoftwareManagement.sm_mixed_install_remove_multiple
08:53:55 INFO  Dir:   software_management_end_to_end/
08:53:55 INFO  Title: Validate end to end behaviour for the dummy-plugin for multiple packages with mixed versions
08:53:55 INFO  ==============================================================
08:53:55 INFO  Using sw id database: {'asciijump': '5475369', 'robotfindskitten': '5474869', 'squirrel3': '5475279', 'rolldice': '5152439', 'moon-buggy': '5439204', 'apple': '5495053', 'banana': '5494888', 'cherry': '5495382', 'watermelon': '5494510', 'registry': '8018911', 'hello-world': '8021526', 'docker/getting-started': '8021973', 'alpine': '7991792'}
08:53:55 INFO  EnvironmentC8y Setup
08:53:56 INFO  Executed systemctl&lt;serv_mapper1&gt;, exit status 3
08:53:56 INFO  Restarting mosquitto too frequently in the last 10 seconds. It was only up for 6 seconds
08:53:56 INFO  Delaying execution by 5 seconds
08:54:20 INFO  Executed sudo&lt;tedge_connect_c8y&gt;, exit status 0, duration 18 secs
08:54:20 INFO  Executed sudo&lt;tedge_connect_c8y_test&gt;, exit status 0
08:54:21 INFO  Executed systemctl&lt;serv_mosq2&gt;, exit status 0
08:54:21 INFO  Executed systemctl&lt;serv_mapper3&gt;, exit status 0
08:54:24 INFO  State of current operation: SUCCESSFUL
08:54:24 INFO  Package apple is installed
08:54:24 INFO  Assert that (True == value) with value=True ... passed
08:54:24 INFO  Package banana is installed
08:54:24 INFO  Assert that (True == value) with value=True ... passed
08:54:25 INFO  Package cherry is installed
08:54:25 INFO  Assert that (True == value) with value=True ... passed
08:54:25 INFO  Package asciijump is installed
08:54:25 WARN  Assert that (False == value) with value=True ... failed 
08:54:25 INFO  Assert that (False == value) with value=False ... passed
08:54:25 INFO  Response status: 201
08:54:25 INFO  Response to action: {
    &quot;creationTime&quot;: &quot;2022-05-16T08:54:25.866Z&quot;,
    &quot;deviceId&quot;: &quot;19103185&quot;,
    &quot;deviceName&quot;: &quot;m32sd11e&quot;,
    &quot;self&quot;: &quot;https://t493319102.eu-latest.cumulocity.com/devicecontrol/operations/19156125&quot;,
    &quot;id&quot;: &quot;19156125&quot;,
    &quot;status&quot;: &quot;PENDING&quot;,
    &quot;description&quot;: &quot;Apply software changes, triggered from PySys: [{'action': 'install', 'id': '5495053', 'name': 'apple', 'url': ' ', 'version': '::fruits'}, {'action': 'install', 'id': '5494888', 'name': 'banana', 'url': ' ', 'version': '::fruits'}, {'action': 'install', 'id': '5475369', 'name': 'asciijump', 'url': ' ', 'version': '::apt'}, {'action': 'install', 'id': '5495382', 'name': 'cherry', 'url': ' ', 'version': '::fruits'}, {'action': 'install', 'id': '8018911', 'name': 'registry', 'url': ' ', 'version': '::docker'}]&quot;,
    &quot;c8y_SoftwareUpdate&quot;: [
        {
            &quot;name&quot;: &quot;apple&quot;,
            &quot;action&quot;: &quot;install&quot;,
            &quot;id&quot;: &quot;5495053&quot;,
            &quot;version&quot;: &quot;::fruits&quot;,
            &quot;url&quot;: &quot; &quot;
        },
        {
            &quot;name&quot;: &quot;banana&quot;,
            &quot;action&quot;: &quot;install&quot;,
            &quot;id&quot;: &quot;5494888&quot;,
            &quot;version&quot;: &quot;::fruits&quot;,
            &quot;url&quot;: &quot; &quot;
        },
        {
            &quot;name&quot;: &quot;asciijump&quot;,
            &quot;action&quot;: &quot;install&quot;,
            &quot;id&quot;: &quot;5475369&quot;,
            &quot;version&quot;: &quot;::apt&quot;,
            &quot;url&quot;: &quot; &quot;
        },
        {
            &quot;name&quot;: &quot;cherry&quot;,
            &quot;action&quot;: &quot;install&quot;,
            &quot;id&quot;: &quot;5495382&quot;,
            &quot;version&quot;: &quot;::fruits&quot;,
            &quot;url&quot;: &quot; &quot;
        },
        {
            &quot;name&quot;: &quot;registry&quot;,
            &quot;action&quot;: &quot;install&quot;,
            &quot;id&quot;: &quot;8018911&quot;,
            &quot;version&quot;: &quot;::docker&quot;,
            &quot;url&quot;: &quot; &quot;
        }
    ]
}
08:54:25 INFO  Started operation: {'creationTime': '2022-05-16T08:54:25.866Z', 'deviceId': '19103185', 'deviceName': 'm32sd11e', 'self': 'https://t493319102.eu-latest.cumulocity.com/devicecontrol/operations/19156125', 'id': '19156125', 'status': 'PENDING', 'description': &quot;Apply software changes, triggered from PySys: [{'action': 'install', 'id': '5495053', 'name': 'apple', 'url': ' ', 'version': '::fruits'}, {'action': 'install', 'id': '5494888', 'name': 'banana', 'url': ' ', 'version': '::fruits'}, {'action': 'install', 'id': '5475369', 'name': 'asciijump', 'url': ' ', 'version': '::apt'}, {'action': 'install', 'id': '5495382', 'name': 'cherry', 'url': ' ', 'version': '::fruits'}, {'action': 'install', 'id': '8018911', 'name': 'registry', 'url': ' ', 'version': '::docker'}]&quot;, 'c8y_SoftwareUpdate': [{'name': 'apple', 'action': 'install', 'id': '5495053', 'version': '::fruits', 'url': ' '}, {'name': 'banana', 'action': 'install', 'id': '5494888', 'version': '::fruits', 'url': ' '}, {'name': 'asciijump', 'action': 'install', 'id': '5475369', 'version': '::apt', 'url': ' '}, {'name': 'cherry', 'action': 'install', 'id': '5495382', 'version': '::fruits', 'url': ' '}, {'name': 'registry', 'action': 'install', 'id': '8018911', 'version': '::docker', 'url': ' '}]}
08:54:28 INFO  State of operation 19156125 : PENDING
08:54:30 INFO  State of operation 19156125 : EXECUTING
08:54:32 INFO  State of operation 19156125 : EXECUTING
08:54:34 INFO  State of operation 19156125 : EXECUTING
08:54:37 INFO  State of operation 19156125 : EXECUTING
08:54:39 INFO  State of operation 19156125 : EXECUTING
08:54:41 INFO  State of operation 19156125 : EXECUTING
08:54:44 INFO  State of operation 19156125 : EXECUTING
08:54:46 INFO  State of operation 19156125 : EXECUTING
08:54:49 INFO  State of operation 19156125 : EXECUTING
08:54:51 INFO  State of operation 19156125 : EXECUTING
08:54:53 INFO  State of operation 19156125 : EXECUTING
08:54:56 INFO  State of operation 19156125 : EXECUTING
08:54:58 INFO  State of operation 19156125 : EXECUTING
08:55:00 INFO  State of operation 19156125 : EXECUTING
08:55:02 INFO  State of operation 19156125 : EXECUTING
08:55:05 INFO  State of operation 19156125 : EXECUTING
08:55:07 INFO  State of operation 19156125 : EXECUTING
08:55:09 INFO  State of operation 19156125 : EXECUTING
08:55:12 INFO  State of operation 19156125 : EXECUTING
08:55:14 INFO  State of operation 19156125 : EXECUTING
08:55:16 INFO  State of operation 19156125 : EXECUTING
08:55:18 INFO  State of operation 19156125 : EXECUTING
08:55:21 INFO  State of operation 19156125 : EXECUTING
08:55:23 INFO  State of operation 19156125 : EXECUTING
08:55:25 INFO  State of operation 19156125 : EXECUTING
08:55:27 INFO  State of operation 19156125 : EXECUTING
08:55:30 INFO  State of operation 19156125 : EXECUTING
08:55:32 INFO  State of operation 19156125 : EXECUTING
08:55:34 INFO  State of operation 19156125 : EXECUTING
08:55:37 INFO  State of operation 19156125 : SUCCESSFUL
08:55:37 INFO  Package apple is installed
08:55:37 INFO  Assert that (True == value) with value=True ... passed
08:55:37 INFO  Package banana is installed
08:55:37 INFO  Assert that (True == value) with value=True ... passed
08:55:37 INFO  Package cherry is installed
08:55:37 INFO  Assert that (True == value) with value=True ... passed
08:55:38 INFO  Package asciijump is installed
08:55:38 INFO  Assert that (True == value) with value=True ... passed
08:55:38 INFO  Package registry is installed
08:55:38 INFO  Assert that (True == value) with value=True ... passed
08:55:38 INFO  Response status: 201
08:55:38 INFO  Response to action: {
    &quot;creationTime&quot;: &quot;2022-05-16T08:55:38.636Z&quot;,
    &quot;deviceId&quot;: &quot;19103185&quot;,
    &quot;deviceName&quot;: &quot;m32sd11e&quot;,
    &quot;self&quot;: &quot;https://t493319102.eu-latest.cumulocity.com/devicecontrol/operations/19156127&quot;,
    &quot;id&quot;: &quot;19156127&quot;,
    &quot;status&quot;: &quot;PENDING&quot;,
    &quot;description&quot;: &quot;Apply software changes, triggered from PySys: [{'action': 'delete', 'id': '5495053', 'name': 'apple', 'url': ' ', 'version': '::fruits'}, {'action': 'delete', 'id': '5494888', 'name': 'banana', 'url': ' ', 'version': '::fruits'}, {'action': 'delete', 'id': '5475369', 'name': 'asciijump', 'url': ' ', 'version': '::apt'}, {'action': 'delete', 'id': '5495382', 'name': 'cherry', 'url': ' ', 'version': '::fruits'}, {'action': 'delete', 'id': '8018911', 'name': 'registry', 'url': ' ', 'version': '::docker'}]&quot;,
    &quot;c8y_SoftwareUpdate&quot;: [
        {
            &quot;name&quot;: &quot;apple&quot;,
            &quot;action&quot;: &quot;delete&quot;,
            &quot;id&quot;: &quot;5495053&quot;,
            &quot;version&quot;: &quot;::fruits&quot;,
            &quot;url&quot;: &quot; &quot;
        },
        {
            &quot;name&quot;: &quot;banana&quot;,
            &quot;action&quot;: &quot;delete&quot;,
            &quot;id&quot;: &quot;5494888&quot;,
            &quot;version&quot;: &quot;::fruits&quot;,
            &quot;url&quot;: &quot; &quot;
        },
        {
            &quot;name&quot;: &quot;asciijump&quot;,
            &quot;action&quot;: &quot;delete&quot;,
            &quot;id&quot;: &quot;5475369&quot;,
            &quot;version&quot;: &quot;::apt&quot;,
            &quot;url&quot;: &quot; &quot;
        },
        {
            &quot;name&quot;: &quot;cherry&quot;,
            &quot;action&quot;: &quot;delete&quot;,
            &quot;id&quot;: &quot;5495382&quot;,
            &quot;version&quot;: &quot;::fruits&quot;,
            &quot;url&quot;: &quot; &quot;
        },
        {
            &quot;name&quot;: &quot;registry&quot;,
            &quot;action&quot;: &quot;delete&quot;,
            &quot;id&quot;: &quot;8018911&quot;,
            &quot;version&quot;: &quot;::docker&quot;,
            &quot;url&quot;: &quot; &quot;
        }
    ]
}
08:55:38 INFO  Started operation: {'creationTime': '2022-05-16T08:55:38.636Z', 'deviceId': '19103185', 'deviceName': 'm32sd11e', 'self': 'https://t493319102.eu-latest.cumulocity.com/devicecontrol/operations/19156127', 'id': '19156127', 'status': 'PENDING', 'description': &quot;Apply software changes, triggered from PySys: [{'action': 'delete', 'id': '5495053', 'name': 'apple', 'url': ' ', 'version': '::fruits'}, {'action': 'delete', 'id': '5494888', 'name': 'banana', 'url': ' ', 'version': '::fruits'}, {'action': 'delete', 'id': '5475369', 'name': 'asciijump', 'url': ' ', 'version': '::apt'}, {'action': 'delete', 'id': '5495382', 'name': 'cherry', 'url': ' ', 'version': '::fruits'}, {'action': 'delete', 'id': '8018911', 'name': 'registry', 'url': ' ', 'version': '::docker'}]&quot;, 'c8y_SoftwareUpdate': [{'name': 'apple', 'action': 'delete', 'id': '5495053', 'version': '::fruits', 'url': ' '}, {'name': 'banana', 'action': 'delete', 'id': '5494888', 'version': '::fruits', 'url': ' '}, {'name': 'asciijump', 'action': 'delete', 'id': '5475369', 'version': '::apt', 'url': ' '}, {'name': 'cherry', 'action': 'delete', 'id': '5495382', 'version': '::fruits', 'url': ' '}, {'name': 'registry', 'action': 'delete', 'id': '8018911', 'version': '::docker', 'url': ' '}]}
08:55:40 INFO  State of operation 19156127 : PENDING
08:55:43 INFO  State of operation 19156127 : EXECUTING
08:55:45 INFO  State of operation 19156127 : EXECUTING
08:55:47 INFO  State of operation 19156127 : EXECUTING
08:55:49 INFO  State of operation 19156127 : EXECUTING
08:55:52 INFO  State of operation 19156127 : EXECUTING
08:55:54 INFO  State of operation 19156127 : EXECUTING
08:55:57 INFO  State of operation 19156127 : EXECUTING
08:56:00 INFO  State of operation 19156127 : EXECUTING
08:56:03 INFO  State of operation 19156127 : EXECUTING
08:56:05 INFO  State of operation 19156127 : EXECUTING
08:56:08 INFO  State of operation 19156127 : EXECUTING
08:56:10 INFO  State of operation 19156127 : EXECUTING
08:56:12 INFO  State of operation 19156127 : EXECUTING
08:56:14 INFO  State of operation 19156127 : EXECUTING
08:56:17 INFO  State of operation 19156127 : EXECUTING
08:56:19 INFO  State of operation 19156127 : EXECUTING
08:56:21 INFO  State of operation 19156127 : EXECUTING
08:56:23 INFO  State of operation 19156127 : EXECUTING
08:56:27 INFO  State of operation 19156127 : EXECUTING
08:56:29 INFO  State of operation 19156127 : EXECUTING
08:56:32 INFO  State of operation 19156127 : EXECUTING
08:56:34 INFO  State of operation 19156127 : EXECUTING
08:56:36 INFO  State of operation 19156127 : EXECUTING
08:56:38 INFO  State of operation 19156127 : EXECUTING
08:56:41 INFO  State of operation 19156127 : EXECUTING
08:56:43 INFO  State of operation 19156127 : EXECUTING
08:56:46 INFO  State of operation 19156127 : EXECUTING
08:56:48 INFO  State of operation 19156127 : EXECUTING
08:56:50 INFO  State of operation 19156127 : EXECUTING
08:56:52 INFO  State of operation 19156127 : EXECUTING
08:56:55 INFO  State of operation 19156127 : EXECUTING
08:56:57 INFO  State of operation 19156127 : EXECUTING
08:57:00 INFO  State of operation 19156127 : EXECUTING
08:57:02 INFO  State of operation 19156127 : SUCCESSFUL
08:57:03 INFO  Package apple is installed
08:57:03 INFO  Assert that (True == value) with value=True ... passed
08:57:03 INFO  Package banana is installed
08:57:03 INFO  Assert that (True == value) with value=True ... passed
08:57:03 INFO  Package cherry is installed
08:57:03 INFO  Assert that (True == value) with value=True ... passed
08:57:03 INFO  Assert that (False == value) with value=False ... passed
08:57:04 INFO  Assert that (False == value) with value=False ... passed
08:57:04 INFO  
08:57:04 INFO  cleanup:
08:57:10 INFO  Executed sudo&lt;tedge_disconnect_c8y&gt;, exit status 0
08:57:10 INFO  Executed systemctl&lt;serv_mapper5&gt;, exit status 3
08:57:10 INFO  
08:57:10 INFO  Test duration: 195.12 secs
08:57:10 INFO  Test final outcome:  FAILED
08:57:10 INFO  Test outcome reason: Assert that (False == value) with value=True
08:57:10 INFO  
</system-out>
	</testcase>
</testsuite>
