<?xml version="1.0" encoding="utf-8"?>
<testsuite name="SoftwareManagement.sm_apt_install_remove_multiple" tests="1" failures="1" skipped="0" time="159.05" timestamp="2022-05-03T09:14:46">
	<testcase classname="PySysTest" name="SoftwareManagement.sm_apt_install_remove_multiple">
		<failure message="FAILED: Assert that (False == value) with value=True (+2 other failures)" type="FAILED"/>
		<system-out>09:12:07 INFO  ==============================================================
09:12:07 INFO  Id:    SoftwareManagement.sm_apt_install_remove_multiple
09:12:07 INFO  Dir:   software_management_end_to_end/
09:12:07 INFO  Title: Validate end to end behaviour for the apt plugin for multiple packages
09:12:07 INFO  ==============================================================
09:12:07 INFO  Using sw id database: {'asciijump': '5475369', 'robotfindskitten': '5474869', 'squirrel3': '5475279', 'rolldice': '5152439', 'moon-buggy': '5439204', 'apple': '5495053', 'banana': '5494888', 'cherry': '5495382', 'watermelon': '5494510', 'registry': '8018911', 'hello-world': '8021526', 'docker/getting-started': '8021973', 'alpine': '7991792'}
09:12:07 INFO  EnvironmentC8y Setup
09:12:08 INFO  Executed systemctl&lt;serv_mapper1&gt;, exit status 3
09:12:08 INFO  Restarting mosquitto too frequently in the last 10 seconds. It was only up for 6 seconds
09:12:08 INFO  Delaying execution by 5 seconds
09:12:30 INFO  Executed sudo&lt;tedge_connect_c8y&gt;, exit status 0, duration 17 secs
09:12:31 INFO  Executed sudo&lt;tedge_connect_c8y_test&gt;, exit status 0
09:12:31 INFO  Executed systemctl&lt;serv_mosq2&gt;, exit status 0
09:12:32 INFO  Executed systemctl&lt;serv_mapper3&gt;, exit status 0
09:12:34 INFO  State of current operation: SUCCESSFUL
09:12:35 INFO  Assert that (False == value) with value=False ... passed
09:12:35 INFO  Package asciijump is installed
09:12:35 WARN  Assert that (False == value) with value=True ... failed 
09:12:36 INFO  Package squirrel3 is installed
09:12:36 WARN  Assert that (False == value) with value=True ... failed 
09:12:36 INFO  Package robotfindskitten is installed
09:12:36 WARN  Assert that (False == value) with value=True ... failed 
09:12:36 INFO  Response status: 201
09:12:36 INFO  Response to action: {
    &quot;creationTime&quot;: &quot;2022-05-03T09:12:36.583Z&quot;,
    &quot;deviceName&quot;: &quot;m32sd11e&quot;,
    &quot;deviceId&quot;: &quot;18246155&quot;,
    &quot;self&quot;: &quot;https://t493319102.eu-latest.cumulocity.com/devicecontrol/operations/18274092&quot;,
    &quot;id&quot;: &quot;18274092&quot;,
    &quot;status&quot;: &quot;PENDING&quot;,
    &quot;description&quot;: &quot;Apply software changes, triggered from PySys: [{'action': 'install', 'id': '5475369', 'name': 'asciijump', 'url': ' ', 'version': '::apt'}, {'action': 'install', 'id': '5474869', 'name': 'robotfindskitten', 'url': ' ', 'version': '::apt'}, {'action': 'install', 'id': '5475279', 'name': 'squirrel3', 'url': ' ', 'version': '::apt'}]&quot;,
    &quot;c8y_SoftwareUpdate&quot;: [
        {
            &quot;name&quot;: &quot;asciijump&quot;,
            &quot;action&quot;: &quot;install&quot;,
            &quot;id&quot;: &quot;5475369&quot;,
            &quot;version&quot;: &quot;::apt&quot;,
            &quot;url&quot;: &quot; &quot;
        },
        {
            &quot;name&quot;: &quot;robotfindskitten&quot;,
            &quot;action&quot;: &quot;install&quot;,
            &quot;id&quot;: &quot;5474869&quot;,
            &quot;version&quot;: &quot;::apt&quot;,
            &quot;url&quot;: &quot; &quot;
        },
        {
            &quot;name&quot;: &quot;squirrel3&quot;,
            &quot;action&quot;: &quot;install&quot;,
            &quot;id&quot;: &quot;5475279&quot;,
            &quot;version&quot;: &quot;::apt&quot;,
            &quot;url&quot;: &quot; &quot;
        }
    ]
}
09:12:36 INFO  Started operation: {'creationTime': '2022-05-03T09:12:36.583Z', 'deviceName': 'm32sd11e', 'deviceId': '18246155', 'self': 'https://t493319102.eu-latest.cumulocity.com/devicecontrol/operations/18274092', 'id': '18274092', 'status': 'PENDING', 'description': &quot;Apply software changes, triggered from PySys: [{'action': 'install', 'id': '5475369', 'name': 'asciijump', 'url': ' ', 'version': '::apt'}, {'action': 'install', 'id': '5474869', 'name': 'robotfindskitten', 'url': ' ', 'version': '::apt'}, {'action': 'install', 'id': '5475279', 'name': 'squirrel3', 'url': ' ', 'version': '::apt'}]&quot;, 'c8y_SoftwareUpdate': [{'name': 'asciijump', 'action': 'install', 'id': '5475369', 'version': '::apt', 'url': ' '}, {'name': 'robotfindskitten', 'action': 'install', 'id': '5474869', 'version': '::apt', 'url': ' '}, {'name': 'squirrel3', 'action': 'install', 'id': '5475279', 'version': '::apt', 'url': ' '}]}
09:12:38 INFO  State of operation 18274092 : PENDING
09:12:41 INFO  State of operation 18274092 : EXECUTING
09:12:43 INFO  State of operation 18274092 : EXECUTING
09:12:45 INFO  State of operation 18274092 : EXECUTING
09:12:47 INFO  State of operation 18274092 : EXECUTING
09:12:50 INFO  State of operation 18274092 : EXECUTING
09:12:52 INFO  State of operation 18274092 : EXECUTING
09:12:54 INFO  State of operation 18274092 : EXECUTING
09:12:57 INFO  State of operation 18274092 : EXECUTING
09:13:00 INFO  State of operation 18274092 : EXECUTING
09:13:02 INFO  State of operation 18274092 : EXECUTING
09:13:04 INFO  State of operation 18274092 : EXECUTING
09:13:06 INFO  State of operation 18274092 : EXECUTING
09:13:09 INFO  State of operation 18274092 : EXECUTING
09:13:11 INFO  State of operation 18274092 : EXECUTING
09:13:13 INFO  State of operation 18274092 : EXECUTING
09:13:15 INFO  State of operation 18274092 : EXECUTING
09:13:18 INFO  State of operation 18274092 : SUCCESSFUL
09:13:18 INFO  Assert that (False == value) with value=False ... passed
09:13:18 INFO  Package asciijump is installed
09:13:18 INFO  Assert that (True == value) with value=True ... passed
09:13:18 INFO  Package squirrel3 is installed
09:13:18 INFO  Assert that (True == value) with value=True ... passed
09:13:19 INFO  Package robotfindskitten is installed
09:13:19 INFO  Assert that (True == value) with value=True ... passed
09:13:19 INFO  Response status: 201
09:13:19 INFO  Response to action: {
    &quot;creationTime&quot;: &quot;2022-05-03T09:13:19.253Z&quot;,
    &quot;deviceName&quot;: &quot;m32sd11e&quot;,
    &quot;deviceId&quot;: &quot;18246155&quot;,
    &quot;self&quot;: &quot;https://t493319102.eu-latest.cumulocity.com/devicecontrol/operations/18277102&quot;,
    &quot;id&quot;: &quot;18277102&quot;,
    &quot;status&quot;: &quot;PENDING&quot;,
    &quot;description&quot;: &quot;Apply software changes, triggered from PySys: [{'action': 'delete', 'id': '5475369', 'name': 'asciijump', 'url': ' ', 'version': '::apt'}, {'action': 'delete', 'id': '5474869', 'name': 'robotfindskitten', 'url': ' ', 'version': '::apt'}, {'action': 'delete', 'id': '5475279', 'name': 'squirrel3', 'url': ' ', 'version': '::apt'}]&quot;,
    &quot;c8y_SoftwareUpdate&quot;: [
        {
            &quot;name&quot;: &quot;asciijump&quot;,
            &quot;action&quot;: &quot;delete&quot;,
            &quot;id&quot;: &quot;5475369&quot;,
            &quot;version&quot;: &quot;::apt&quot;,
            &quot;url&quot;: &quot; &quot;
        },
        {
            &quot;name&quot;: &quot;robotfindskitten&quot;,
            &quot;action&quot;: &quot;delete&quot;,
            &quot;id&quot;: &quot;5474869&quot;,
            &quot;version&quot;: &quot;::apt&quot;,
            &quot;url&quot;: &quot; &quot;
        },
        {
            &quot;name&quot;: &quot;squirrel3&quot;,
            &quot;action&quot;: &quot;delete&quot;,
            &quot;id&quot;: &quot;5475279&quot;,
            &quot;version&quot;: &quot;::apt&quot;,
            &quot;url&quot;: &quot; &quot;
        }
    ]
}
09:13:19 INFO  Started operation: {'creationTime': '2022-05-03T09:13:19.253Z', 'deviceName': 'm32sd11e', 'deviceId': '18246155', 'self': 'https://t493319102.eu-latest.cumulocity.com/devicecontrol/operations/18277102', 'id': '18277102', 'status': 'PENDING', 'description': &quot;Apply software changes, triggered from PySys: [{'action': 'delete', 'id': '5475369', 'name': 'asciijump', 'url': ' ', 'version': '::apt'}, {'action': 'delete', 'id': '5474869', 'name': 'robotfindskitten', 'url': ' ', 'version': '::apt'}, {'action': 'delete', 'id': '5475279', 'name': 'squirrel3', 'url': ' ', 'version': '::apt'}]&quot;, 'c8y_SoftwareUpdate': [{'name': 'asciijump', 'action': 'delete', 'id': '5475369', 'version': '::apt', 'url': ' '}, {'name': 'robotfindskitten', 'action': 'delete', 'id': '5474869', 'version': '::apt', 'url': ' '}, {'name': 'squirrel3', 'action': 'delete', 'id': '5475279', 'version': '::apt', 'url': ' '}]}
09:13:21 INFO  State of operation 18277102 : PENDING
09:13:23 INFO  State of operation 18277102 : EXECUTING
09:13:25 INFO  State of operation 18277102 : EXECUTING
09:13:28 INFO  State of operation 18277102 : EXECUTING
09:13:30 INFO  State of operation 18277102 : EXECUTING
09:13:32 INFO  State of operation 18277102 : EXECUTING
09:13:34 INFO  State of operation 18277102 : EXECUTING
09:13:38 INFO  State of operation 18277102 : EXECUTING
09:13:40 INFO  State of operation 18277102 : EXECUTING
09:13:43 INFO  State of operation 18277102 : EXECUTING
09:13:45 INFO  State of operation 18277102 : EXECUTING
09:13:47 INFO  State of operation 18277102 : EXECUTING
09:13:50 INFO  State of operation 18277102 : EXECUTING
09:13:52 INFO  State of operation 18277102 : EXECUTING
09:13:54 INFO  State of operation 18277102 : EXECUTING
09:13:56 INFO  State of operation 18277102 : EXECUTING
09:13:58 INFO  State of operation 18277102 : EXECUTING
09:14:01 INFO  State of operation 18277102 : EXECUTING
09:14:03 INFO  State of operation 18277102 : EXECUTING
09:14:05 INFO  State of operation 18277102 : EXECUTING
09:14:08 INFO  State of operation 18277102 : EXECUTING
09:14:10 INFO  State of operation 18277102 : EXECUTING
09:14:13 INFO  State of operation 18277102 : EXECUTING
09:14:15 INFO  State of operation 18277102 : EXECUTING
09:14:17 INFO  State of operation 18277102 : EXECUTING
09:14:19 INFO  State of operation 18277102 : EXECUTING
09:14:22 INFO  State of operation 18277102 : EXECUTING
09:14:24 INFO  State of operation 18277102 : EXECUTING
09:14:26 INFO  State of operation 18277102 : EXECUTING
09:14:29 INFO  State of operation 18277102 : EXECUTING
09:14:31 INFO  State of operation 18277102 : EXECUTING
09:14:33 INFO  State of operation 18277102 : EXECUTING
09:14:37 INFO  State of operation 18277102 : EXECUTING
09:14:39 INFO  State of operation 18277102 : SUCCESSFUL
09:14:39 INFO  Assert that (False == value) with value=False ... passed
09:14:39 INFO  Assert that (False == value) with value=False ... passed
09:14:40 INFO  Assert that (False == value) with value=False ... passed
09:14:40 INFO  Assert that (False == value) with value=False ... passed
09:14:40 INFO  
09:14:40 INFO  cleanup:
09:14:46 INFO  Executed sudo&lt;tedge_disconnect_c8y&gt;, exit status 0
09:14:46 INFO  Executed systemctl&lt;serv_mapper5&gt;, exit status 3
09:14:46 INFO  
09:14:46 INFO  Test duration: 159.05 secs
09:14:46 INFO  Test final outcome:  FAILED
09:14:46 INFO  Test outcome reason: Assert that (False == value) with value=True (+2 other failures)
09:14:46 INFO  
</system-out>
	</testcase>
</testsuite>
