<?xml version="1.0" encoding="utf-8"?>
<testsuite name="SoftwareManagement.sm_apt_install_remove_multiple_mixed" tests="1" failures="1" skipped="0" time="186.69" timestamp="2022-05-11T12:56:33">
	<testcase classname="PySysTest" name="SoftwareManagement.sm_apt_install_remove_multiple_mixed">
		<failure message="BLOCKED: SystemError: Timeout while waiting for status SUCCESSFUL or False (+1 other failures)" type="BLOCKED"/>
		<system-out>12:53:26 INFO  ==============================================================
12:53:26 INFO  Id:    SoftwareManagement.sm_apt_install_remove_multiple_mixed
12:53:26 INFO  Dir:   software_management_end_to_end/
12:53:26 INFO  Title: Validate end to end behaviour for the apt plugin for multiple packages with mixed versions
12:53:26 INFO  ==============================================================
12:53:26 INFO  Using sw id database: {'asciijump': '5475369', 'robotfindskitten': '5474869', 'squirrel3': '5475279', 'rolldice': '5152439', 'moon-buggy': '5439204', 'apple': '5495053', 'banana': '5494888', 'cherry': '5495382', 'watermelon': '5494510', 'registry': '8018911', 'hello-world': '8021526', 'docker/getting-started': '8021973', 'alpine': '7991792'}
12:53:26 INFO  EnvironmentC8y Setup
12:53:27 INFO  Executed systemctl&lt;serv_mapper1&gt;, exit status 3
12:53:27 INFO  Restarting mosquitto too frequently in the last 10 seconds. It was only up for 7 seconds
12:53:27 INFO  Delaying execution by 4 seconds
12:53:48 INFO  Executed sudo&lt;tedge_connect_c8y&gt;, exit status 0, duration 17 secs
12:53:49 INFO  Executed sudo&lt;tedge_connect_c8y_test&gt;, exit status 0
12:53:49 INFO  Executed systemctl&lt;serv_mosq2&gt;, exit status 0
12:53:50 INFO  Executed systemctl&lt;serv_mapper3&gt;, exit status 0
12:53:52 INFO  State of current operation: SUCCESSFUL
12:53:52 INFO  Assert that (False == value) with value=False ... passed
12:53:52 INFO  Assert that (False == value) with value=False ... passed
12:53:53 INFO  Assert that (False == value) with value=False ... passed
12:53:53 INFO  Assert that (False == value) with value=False ... passed
12:53:53 INFO  Package moon-buggy is installed
12:53:53 WARN  Assert that (False == value) with value=True ... failed 
12:53:55 INFO  Response status: 201
12:53:55 INFO  Response to action: {
    &quot;creationTime&quot;: &quot;2022-05-11T12:53:55.941Z&quot;,
    &quot;deviceName&quot;: &quot;m32sd11e&quot;,
    &quot;deviceId&quot;: &quot;18811625&quot;,
    &quot;self&quot;: &quot;https://t493319102.eu-latest.cumulocity.com/devicecontrol/operations/18857264&quot;,
    &quot;id&quot;: &quot;18857264&quot;,
    &quot;status&quot;: &quot;PENDING&quot;,
    &quot;description&quot;: &quot;Apply software changes, triggered from PySys: [{'action': 'install', 'id': '5475369', 'name': 'asciijump', 'url': ' ', 'version': '::apt'}, {'action': 'install', 'id': '5474869', 'name': 'robotfindskitten', 'url': ' ', 'version': ' '}, {'action': 'install', 'id': '5475279', 'name': 'squirrel3', 'url': ' ', 'version': '3.1-8::apt'}, {'action': 'install', 'id': '5152439', 'name': 'rolldice', 'url': ' ', 'version': '1.16-1+b2'}, {'action': 'install', 'id': '5439204', 'name': 'moon-buggy', 'url': ' ', 'version': '1:1.0.51-13'}, {'action': 'install', 'id': '5475369', 'name': 'asciijump', 'url': ' ', 'version': '::apt'}]&quot;,
    &quot;c8y_SoftwareUpdate&quot;: [
        {
            &quot;name&quot;: &quot;asciijump&quot;,
            &quot;action&quot;: &quot;install&quot;,
            &quot;id&quot;: &quot;5475369&quot;,
            &quot;version&quot;: &quot;::apt&quot;,
            &quot;url&quot;: &quot; &quot;
        },
        {
            &quot;name&quot;: &quot;robotfindskitten&quot;,
            &quot;action&quot;: &quot;install&quot;,
            &quot;id&quot;: &quot;5474869&quot;,
            &quot;version&quot;: &quot; &quot;,
            &quot;url&quot;: &quot; &quot;
        },
        {
            &quot;name&quot;: &quot;squirrel3&quot;,
            &quot;action&quot;: &quot;install&quot;,
            &quot;id&quot;: &quot;5475279&quot;,
            &quot;version&quot;: &quot;3.1-8::apt&quot;,
            &quot;url&quot;: &quot; &quot;
        },
        {
            &quot;name&quot;: &quot;rolldice&quot;,
            &quot;action&quot;: &quot;install&quot;,
            &quot;id&quot;: &quot;5152439&quot;,
            &quot;version&quot;: &quot;1.16-1+b2&quot;,
            &quot;url&quot;: &quot; &quot;
        },
        {
            &quot;name&quot;: &quot;moon-buggy&quot;,
            &quot;action&quot;: &quot;install&quot;,
            &quot;id&quot;: &quot;5439204&quot;,
            &quot;version&quot;: &quot;1:1.0.51-13&quot;,
            &quot;url&quot;: &quot; &quot;
        },
        {
            &quot;name&quot;: &quot;asciijump&quot;,
            &quot;action&quot;: &quot;install&quot;,
            &quot;id&quot;: &quot;5475369&quot;,
            &quot;version&quot;: &quot;::apt&quot;,
            &quot;url&quot;: &quot; &quot;
        }
    ]
}
12:53:55 INFO  Started operation: {'creationTime': '2022-05-11T12:53:55.941Z', 'deviceName': 'm32sd11e', 'deviceId': '18811625', 'self': 'https://t493319102.eu-latest.cumulocity.com/devicecontrol/operations/18857264', 'id': '18857264', 'status': 'PENDING', 'description': &quot;Apply software changes, triggered from PySys: [{'action': 'install', 'id': '5475369', 'name': 'asciijump', 'url': ' ', 'version': '::apt'}, {'action': 'install', 'id': '5474869', 'name': 'robotfindskitten', 'url': ' ', 'version': ' '}, {'action': 'install', 'id': '5475279', 'name': 'squirrel3', 'url': ' ', 'version': '3.1-8::apt'}, {'action': 'install', 'id': '5152439', 'name': 'rolldice', 'url': ' ', 'version': '1.16-1+b2'}, {'action': 'install', 'id': '5439204', 'name': 'moon-buggy', 'url': ' ', 'version': '1:1.0.51-13'}, {'action': 'install', 'id': '5475369', 'name': 'asciijump', 'url': ' ', 'version': '::apt'}]&quot;, 'c8y_SoftwareUpdate': [{'name': 'asciijump', 'action': 'install', 'id': '5475369', 'version': '::apt', 'url': ' '}, {'name': 'robotfindskitten', 'action': 'install', 'id': '5474869', 'version': ' ', 'url': ' '}, {'name': 'squirrel3', 'action': 'install', 'id': '5475279', 'version': '3.1-8::apt', 'url': ' '}, {'name': 'rolldice', 'action': 'install', 'id': '5152439', 'version': '1.16-1+b2', 'url': ' '}, {'name': 'moon-buggy', 'action': 'install', 'id': '5439204', 'version': '1:1.0.51-13', 'url': ' '}, {'name': 'asciijump', 'action': 'install', 'id': '5475369', 'version': '::apt', 'url': ' '}]}
12:53:58 INFO  State of operation 18857264 : PENDING
12:54:00 INFO  State of operation 18857264 : EXECUTING
12:54:02 INFO  State of operation 18857264 : EXECUTING
12:54:04 INFO  State of operation 18857264 : EXECUTING
12:54:07 INFO  State of operation 18857264 : EXECUTING
12:54:09 INFO  State of operation 18857264 : EXECUTING
12:54:11 INFO  State of operation 18857264 : EXECUTING
12:54:14 INFO  State of operation 18857264 : EXECUTING
12:54:18 INFO  State of operation 18857264 : EXECUTING
12:54:21 INFO  State of operation 18857264 : EXECUTING
12:54:23 INFO  State of operation 18857264 : EXECUTING
12:54:26 INFO  State of operation 18857264 : EXECUTING
12:54:28 INFO  State of operation 18857264 : EXECUTING
12:54:30 INFO  State of operation 18857264 : EXECUTING
12:54:32 INFO  State of operation 18857264 : EXECUTING
12:54:35 INFO  State of operation 18857264 : EXECUTING
12:54:37 INFO  State of operation 18857264 : EXECUTING
12:54:39 INFO  State of operation 18857264 : EXECUTING
12:54:41 INFO  State of operation 18857264 : EXECUTING
12:54:44 INFO  State of operation 18857264 : EXECUTING
12:54:46 INFO  State of operation 18857264 : EXECUTING
12:54:49 INFO  State of operation 18857264 : EXECUTING
12:54:51 INFO  State of operation 18857264 : EXECUTING
12:54:53 INFO  State of operation 18857264 : EXECUTING
12:54:55 INFO  State of operation 18857264 : EXECUTING
12:54:58 INFO  State of operation 18857264 : EXECUTING
12:55:01 INFO  State of operation 18857264 : EXECUTING
12:55:03 INFO  State of operation 18857264 : EXECUTING
12:55:05 INFO  State of operation 18857264 : EXECUTING
12:55:08 INFO  State of operation 18857264 : EXECUTING
12:55:10 INFO  State of operation 18857264 : EXECUTING
12:55:13 INFO  State of operation 18857264 : EXECUTING
12:55:16 INFO  State of operation 18857264 : EXECUTING
12:55:18 INFO  State of operation 18857264 : EXECUTING
12:55:20 INFO  State of operation 18857264 : EXECUTING
12:55:22 INFO  State of operation 18857264 : EXECUTING
12:55:25 INFO  State of operation 18857264 : EXECUTING
12:55:27 INFO  State of operation 18857264 : EXECUTING
12:55:29 INFO  State of operation 18857264 : EXECUTING
12:55:31 INFO  State of operation 18857264 : EXECUTING
12:55:34 INFO  State of operation 18857264 : EXECUTING
12:55:36 INFO  State of operation 18857264 : EXECUTING
12:55:38 INFO  State of operation 18857264 : EXECUTING
12:55:41 INFO  State of operation 18857264 : EXECUTING
12:55:43 INFO  State of operation 18857264 : EXECUTING
12:55:46 INFO  State of operation 18857264 : EXECUTING
12:55:48 INFO  State of operation 18857264 : EXECUTING
12:55:51 INFO  State of operation 18857264 : EXECUTING
12:55:54 INFO  State of operation 18857264 : EXECUTING
12:55:56 INFO  State of operation 18857264 : EXECUTING
12:55:58 INFO  State of operation 18857264 : EXECUTING
12:56:00 INFO  State of operation 18857264 : EXECUTING
12:56:03 INFO  State of operation 18857264 : EXECUTING
12:56:05 INFO  State of operation 18857264 : EXECUTING
12:56:07 INFO  State of operation 18857264 : EXECUTING
12:56:10 INFO  State of operation 18857264 : EXECUTING
12:56:12 INFO  State of operation 18857264 : EXECUTING
12:56:15 INFO  State of operation 18857264 : EXECUTING
12:56:17 INFO  State of operation 18857264 : EXECUTING
12:56:19 INFO  State of operation 18857264 : EXECUTING
12:56:22 INFO  State of operation 18857264 : EXECUTING
12:56:24 WARN  SystemError occurred while running test - Timeout while waiting for status SUCCESSFUL or False
Traceback (most recent call last):
  File &quot;/home/pi/env-pysys/lib/python3.9/site-packages/pysys/baserunner.py&quot;, line 1294, in __call__
    self.testObj.execute()
  File &quot;/home/pi/actions-runner/_work/thin-edge.io/thin-edge.io/tests/PySys/software_management_end_to_end/sm_apt_install_remove_multiple_mixed/run.py&quot;, line 89, in execute
    self.wait_until_succcess()
  File &quot;/home/pi/actions-runner/_work/thin-edge.io/thin-edge.io/tests/PySys/software_management_end_to_end/environment_sm_management.py&quot;, line 324, in wait_until_succcess
    self.wait_until_status(&quot;SUCCESSFUL&quot;)
  File &quot;/home/pi/actions-runner/_work/thin-edge.io/thin-edge.io/tests/PySys/software_management_end_to_end/environment_sm_management.py&quot;, line 380, in wait_until_status
    raise SystemError(
SystemError: Timeout while waiting for status SUCCESSFUL or False
12:56:24 WARN  SystemError: Timeout while waiting for status SUCCESSFUL or False ... blocked 
12:56:24 INFO  
12:56:24 INFO  cleanup:
12:56:32 INFO  Executed sudo&lt;tedge_disconnect_c8y&gt;, exit status 0
12:56:33 INFO  Executed systemctl&lt;serv_mapper5&gt;, exit status 3
12:56:33 INFO  
12:56:33 INFO  Test duration: 186.69 secs
12:56:33 INFO  Test final outcome:  BLOCKED
12:56:33 INFO  Test outcome reason: SystemError: Timeout while waiting for status SUCCESSFUL or False (+1 other failures)
12:56:33 INFO  
</system-out>
	</testcase>
</testsuite>
