<?xml version="1.0" encoding="utf-8"?>
<testsuite name="SoftwareManagement.sm_apt_install_remove_multiple" tests="1" failures="1" skipped="0" time="158.86" timestamp="2022-05-04T09:19:58">
	<testcase classname="PySysTest" name="SoftwareManagement.sm_apt_install_remove_multiple">
		<failure message="FAILED: Assert that (False == value) with value=True (+2 other failures)" type="FAILED"/>
		<system-out>09:17:19 INFO  ==============================================================
09:17:19 INFO  Id:    SoftwareManagement.sm_apt_install_remove_multiple
09:17:19 INFO  Dir:   software_management_end_to_end/
09:17:19 INFO  Title: Validate end to end behaviour for the apt plugin for multiple packages
09:17:19 INFO  ==============================================================
09:17:19 INFO  Using sw id database: {'asciijump': '5475369', 'robotfindskitten': '5474869', 'squirrel3': '5475279', 'rolldice': '5152439', 'moon-buggy': '5439204', 'apple': '5495053', 'banana': '5494888', 'cherry': '5495382', 'watermelon': '5494510', 'registry': '8018911', 'hello-world': '8021526', 'docker/getting-started': '8021973', 'alpine': '7991792'}
09:17:19 INFO  EnvironmentC8y Setup
09:17:20 INFO  Executed systemctl&lt;serv_mapper1&gt;, exit status 3
09:17:20 INFO  Restarting mosquitto too frequently in the last 10 seconds. It was only up for 6 seconds
09:17:20 INFO  Delaying execution by 5 seconds
09:17:43 INFO  Executed sudo&lt;tedge_connect_c8y&gt;, exit status 0, duration 17 secs
09:17:43 INFO  Executed sudo&lt;tedge_connect_c8y_test&gt;, exit status 0
09:17:44 INFO  Executed systemctl&lt;serv_mosq2&gt;, exit status 0
09:17:44 INFO  Executed systemctl&lt;serv_mapper3&gt;, exit status 0
09:17:46 INFO  State of current operation: SUCCESSFUL
09:17:47 INFO  Assert that (False == value) with value=False ... passed
09:17:47 INFO  Package asciijump is installed
09:17:47 WARN  Assert that (False == value) with value=True ... failed 
09:17:48 INFO  Package squirrel3 is installed
09:17:48 WARN  Assert that (False == value) with value=True ... failed 
09:17:48 INFO  Package robotfindskitten is installed
09:17:48 WARN  Assert that (False == value) with value=True ... failed 
09:17:48 INFO  Response status: 201
09:17:48 INFO  Response to action: {
    &quot;creationTime&quot;: &quot;2022-05-04T09:17:48.499Z&quot;,
    &quot;deviceName&quot;: &quot;m32sd11e&quot;,
    &quot;deviceId&quot;: &quot;18334601&quot;,
    &quot;self&quot;: &quot;https://t493319102.eu-latest.cumulocity.com/devicecontrol/operations/18389445&quot;,
    &quot;id&quot;: &quot;18389445&quot;,
    &quot;status&quot;: &quot;PENDING&quot;,
    &quot;description&quot;: &quot;Apply software changes, triggered from PySys: [{'action': 'install', 'id': '5475369', 'name': 'asciijump', 'url': ' ', 'version': '::apt'}, {'action': 'install', 'id': '5474869', 'name': 'robotfindskitten', 'url': ' ', 'version': '::apt'}, {'action': 'install', 'id': '5475279', 'name': 'squirrel3', 'url': ' ', 'version': '::apt'}]&quot;,
    &quot;c8y_SoftwareUpdate&quot;: [
        {
            &quot;name&quot;: &quot;asciijump&quot;,
            &quot;action&quot;: &quot;install&quot;,
            &quot;id&quot;: &quot;5475369&quot;,
            &quot;version&quot;: &quot;::apt&quot;,
            &quot;url&quot;: &quot; &quot;
        },
        {
            &quot;name&quot;: &quot;robotfindskitten&quot;,
            &quot;action&quot;: &quot;install&quot;,
            &quot;id&quot;: &quot;5474869&quot;,
            &quot;version&quot;: &quot;::apt&quot;,
            &quot;url&quot;: &quot; &quot;
        },
        {
            &quot;name&quot;: &quot;squirrel3&quot;,
            &quot;action&quot;: &quot;install&quot;,
            &quot;id&quot;: &quot;5475279&quot;,
            &quot;version&quot;: &quot;::apt&quot;,
            &quot;url&quot;: &quot; &quot;
        }
    ]
}
09:17:48 INFO  Started operation: {'creationTime': '2022-05-04T09:17:48.499Z', 'deviceName': 'm32sd11e', 'deviceId': '18334601', 'self': 'https://t493319102.eu-latest.cumulocity.com/devicecontrol/operations/18389445', 'id': '18389445', 'status': 'PENDING', 'description': &quot;Apply software changes, triggered from PySys: [{'action': 'install', 'id': '5475369', 'name': 'asciijump', 'url': ' ', 'version': '::apt'}, {'action': 'install', 'id': '5474869', 'name': 'robotfindskitten', 'url': ' ', 'version': '::apt'}, {'action': 'install', 'id': '5475279', 'name': 'squirrel3', 'url': ' ', 'version': '::apt'}]&quot;, 'c8y_SoftwareUpdate': [{'name': 'asciijump', 'action': 'install', 'id': '5475369', 'version': '::apt', 'url': ' '}, {'name': 'robotfindskitten', 'action': 'install', 'id': '5474869', 'version': '::apt', 'url': ' '}, {'name': 'squirrel3', 'action': 'install', 'id': '5475279', 'version': '::apt', 'url': ' '}]}
09:17:50 INFO  State of operation 18389445 : PENDING
09:17:53 INFO  State of operation 18389445 : EXECUTING
09:17:55 INFO  State of operation 18389445 : EXECUTING
09:17:57 INFO  State of operation 18389445 : EXECUTING
09:17:59 INFO  State of operation 18389445 : EXECUTING
09:18:01 INFO  State of operation 18389445 : EXECUTING
09:18:04 INFO  State of operation 18389445 : EXECUTING
09:18:06 INFO  State of operation 18389445 : EXECUTING
09:18:09 INFO  State of operation 18389445 : EXECUTING
09:18:12 INFO  State of operation 18389445 : EXECUTING
09:18:14 INFO  State of operation 18389445 : EXECUTING
09:18:17 INFO  State of operation 18389445 : EXECUTING
09:18:19 INFO  State of operation 18389445 : EXECUTING
09:18:21 INFO  State of operation 18389445 : EXECUTING
09:18:23 INFO  State of operation 18389445 : EXECUTING
09:18:25 INFO  State of operation 18389445 : EXECUTING
09:18:28 INFO  State of operation 18389445 : EXECUTING
09:18:30 INFO  State of operation 18389445 : SUCCESSFUL
09:18:30 INFO  Assert that (False == value) with value=False ... passed
09:18:30 INFO  Package asciijump is installed
09:18:30 INFO  Assert that (True == value) with value=True ... passed
09:18:31 INFO  Package squirrel3 is installed
09:18:31 INFO  Assert that (True == value) with value=True ... passed
09:18:31 INFO  Package robotfindskitten is installed
09:18:31 INFO  Assert that (True == value) with value=True ... passed
09:18:31 INFO  Response status: 201
09:18:31 INFO  Response to action: {
    &quot;creationTime&quot;: &quot;2022-05-04T09:18:31.626Z&quot;,
    &quot;deviceName&quot;: &quot;m32sd11e&quot;,
    &quot;deviceId&quot;: &quot;18334601&quot;,
    &quot;self&quot;: &quot;https://t493319102.eu-latest.cumulocity.com/devicecontrol/operations/18389453&quot;,
    &quot;id&quot;: &quot;18389453&quot;,
    &quot;status&quot;: &quot;PENDING&quot;,
    &quot;description&quot;: &quot;Apply software changes, triggered from PySys: [{'action': 'delete', 'id': '5475369', 'name': 'asciijump', 'url': ' ', 'version': '::apt'}, {'action': 'delete', 'id': '5474869', 'name': 'robotfindskitten', 'url': ' ', 'version': '::apt'}, {'action': 'delete', 'id': '5475279', 'name': 'squirrel3', 'url': ' ', 'version': '::apt'}]&quot;,
    &quot;c8y_SoftwareUpdate&quot;: [
        {
            &quot;name&quot;: &quot;asciijump&quot;,
            &quot;action&quot;: &quot;delete&quot;,
            &quot;id&quot;: &quot;5475369&quot;,
            &quot;version&quot;: &quot;::apt&quot;,
            &quot;url&quot;: &quot; &quot;
        },
        {
            &quot;name&quot;: &quot;robotfindskitten&quot;,
            &quot;action&quot;: &quot;delete&quot;,
            &quot;id&quot;: &quot;5474869&quot;,
            &quot;version&quot;: &quot;::apt&quot;,
            &quot;url&quot;: &quot; &quot;
        },
        {
            &quot;name&quot;: &quot;squirrel3&quot;,
            &quot;action&quot;: &quot;delete&quot;,
            &quot;id&quot;: &quot;5475279&quot;,
            &quot;version&quot;: &quot;::apt&quot;,
            &quot;url&quot;: &quot; &quot;
        }
    ]
}
09:18:31 INFO  Started operation: {'creationTime': '2022-05-04T09:18:31.626Z', 'deviceName': 'm32sd11e', 'deviceId': '18334601', 'self': 'https://t493319102.eu-latest.cumulocity.com/devicecontrol/operations/18389453', 'id': '18389453', 'status': 'PENDING', 'description': &quot;Apply software changes, triggered from PySys: [{'action': 'delete', 'id': '5475369', 'name': 'asciijump', 'url': ' ', 'version': '::apt'}, {'action': 'delete', 'id': '5474869', 'name': 'robotfindskitten', 'url': ' ', 'version': '::apt'}, {'action': 'delete', 'id': '5475279', 'name': 'squirrel3', 'url': ' ', 'version': '::apt'}]&quot;, 'c8y_SoftwareUpdate': [{'name': 'asciijump', 'action': 'delete', 'id': '5475369', 'version': '::apt', 'url': ' '}, {'name': 'robotfindskitten', 'action': 'delete', 'id': '5474869', 'version': '::apt', 'url': ' '}, {'name': 'squirrel3', 'action': 'delete', 'id': '5475279', 'version': '::apt', 'url': ' '}]}
09:18:33 INFO  State of operation 18389453 : PENDING
09:18:36 INFO  State of operation 18389453 : EXECUTING
09:18:38 INFO  State of operation 18389453 : EXECUTING
09:18:40 INFO  State of operation 18389453 : EXECUTING
09:18:42 INFO  State of operation 18389453 : EXECUTING
09:18:45 INFO  State of operation 18389453 : EXECUTING
09:18:47 INFO  State of operation 18389453 : EXECUTING
09:18:50 INFO  State of operation 18389453 : EXECUTING
09:18:52 INFO  State of operation 18389453 : EXECUTING
09:18:55 INFO  State of operation 18389453 : EXECUTING
09:18:57 INFO  State of operation 18389453 : EXECUTING
09:18:59 INFO  State of operation 18389453 : EXECUTING
09:19:01 INFO  State of operation 18389453 : EXECUTING
09:19:04 INFO  State of operation 18389453 : EXECUTING
09:19:06 INFO  State of operation 18389453 : EXECUTING
09:19:08 INFO  State of operation 18389453 : EXECUTING
09:19:10 INFO  State of operation 18389453 : EXECUTING
09:19:13 INFO  State of operation 18389453 : EXECUTING
09:19:15 INFO  State of operation 18389453 : EXECUTING
09:19:17 INFO  State of operation 18389453 : EXECUTING
09:19:19 INFO  State of operation 18389453 : EXECUTING
09:19:22 INFO  State of operation 18389453 : EXECUTING
09:19:24 INFO  State of operation 18389453 : EXECUTING
09:19:27 INFO  State of operation 18389453 : EXECUTING
09:19:29 INFO  State of operation 18389453 : EXECUTING
09:19:31 INFO  State of operation 18389453 : EXECUTING
09:19:33 INFO  State of operation 18389453 : EXECUTING
09:19:36 INFO  State of operation 18389453 : EXECUTING
09:19:38 INFO  State of operation 18389453 : EXECUTING
09:19:41 INFO  State of operation 18389453 : EXECUTING
09:19:43 INFO  State of operation 18389453 : EXECUTING
09:19:45 INFO  State of operation 18389453 : EXECUTING
09:19:48 INFO  State of operation 18389453 : EXECUTING
09:19:50 INFO  State of operation 18389453 : SUCCESSFUL
09:19:50 INFO  Assert that (False == value) with value=False ... passed
09:19:50 INFO  Assert that (False == value) with value=False ... passed
09:19:51 INFO  Assert that (False == value) with value=False ... passed
09:19:51 INFO  Assert that (False == value) with value=False ... passed
09:19:51 INFO  
09:19:51 INFO  cleanup:
09:19:58 INFO  Executed sudo&lt;tedge_disconnect_c8y&gt;, exit status 0
09:19:58 INFO  Executed systemctl&lt;serv_mapper5&gt;, exit status 3
09:19:58 INFO  
09:19:58 INFO  Test duration: 158.86 secs
09:19:58 INFO  Test final outcome:  FAILED
09:19:58 INFO  Test outcome reason: Assert that (False == value) with value=True (+2 other failures)
09:19:58 INFO  
</system-out>
	</testcase>
</testsuite>
