<?xml version="1.0" encoding="utf-8"?>
<testsuite name="SoftwareManagement.sm_mixed_install_remove_multiple" tests="1" failures="1" skipped="0" time="187.49" timestamp="2022-05-03T09:28:31">
	<testcase classname="PySysTest" name="SoftwareManagement.sm_mixed_install_remove_multiple">
		<failure message="FAILED: Assert that (False == value) with value=True" type="FAILED"/>
		<system-out>09:25:24 INFO  ==============================================================
09:25:24 INFO  Id:    SoftwareManagement.sm_mixed_install_remove_multiple
09:25:24 INFO  Dir:   software_management_end_to_end/
09:25:24 INFO  Title: Validate end to end behaviour for the dummy-plugin for multiple packages with mixed versions
09:25:24 INFO  ==============================================================
09:25:24 INFO  Using sw id database: {'asciijump': '5475369', 'robotfindskitten': '5474869', 'squirrel3': '5475279', 'rolldice': '5152439', 'moon-buggy': '5439204', 'apple': '5495053', 'banana': '5494888', 'cherry': '5495382', 'watermelon': '5494510', 'registry': '8018911', 'hello-world': '8021526', 'docker/getting-started': '8021973', 'alpine': '7991792'}
09:25:24 INFO  EnvironmentC8y Setup
09:25:24 INFO  Executed systemctl&lt;serv_mapper1&gt;, exit status 3
09:25:24 INFO  Restarting mosquitto too frequently in the last 10 seconds. It was only up for 5 seconds
09:25:24 INFO  Delaying execution by 6 seconds
09:25:48 INFO  Executed sudo&lt;tedge_connect_c8y&gt;, exit status 0, duration 18 secs
09:25:49 INFO  Executed sudo&lt;tedge_connect_c8y_test&gt;, exit status 0
09:25:50 INFO  Executed systemctl&lt;serv_mosq2&gt;, exit status 0
09:25:50 INFO  Executed systemctl&lt;serv_mapper3&gt;, exit status 0
09:25:52 INFO  State of current operation: SUCCESSFUL
09:25:53 INFO  Package apple is installed
09:25:53 INFO  Assert that (True == value) with value=True ... passed
09:25:53 INFO  Package banana is installed
09:25:53 INFO  Assert that (True == value) with value=True ... passed
09:25:53 INFO  Package cherry is installed
09:25:53 INFO  Assert that (True == value) with value=True ... passed
09:25:53 INFO  Package asciijump is installed
09:25:53 WARN  Assert that (False == value) with value=True ... failed 
09:25:54 INFO  Assert that (False == value) with value=False ... passed
09:25:54 INFO  Response status: 201
09:25:54 INFO  Response to action: {
    &quot;delivery&quot;: {
        &quot;time&quot;: &quot;2022-05-03T09:25:54.324Z&quot;,
        &quot;log&quot;: [],
        &quot;status&quot;: &quot;PENDING&quot;
    },
    &quot;creationTime&quot;: &quot;2022-05-03T09:25:54.311Z&quot;,
    &quot;deviceName&quot;: &quot;m32sd11e&quot;,
    &quot;deviceId&quot;: &quot;18246155&quot;,
    &quot;self&quot;: &quot;https://t493319102.eu-latest.cumulocity.com/devicecontrol/operations/18298243&quot;,
    &quot;id&quot;: &quot;18298243&quot;,
    &quot;status&quot;: &quot;PENDING&quot;,
    &quot;description&quot;: &quot;Apply software changes, triggered from PySys: [{'action': 'install', 'id': '5495053', 'name': 'apple', 'url': ' ', 'version': '::fruits'}, {'action': 'install', 'id': '5494888', 'name': 'banana', 'url': ' ', 'version': '::fruits'}, {'action': 'install', 'id': '5475369', 'name': 'asciijump', 'url': ' ', 'version': '::apt'}, {'action': 'install', 'id': '5495382', 'name': 'cherry', 'url': ' ', 'version': '::fruits'}, {'action': 'install', 'id': '8018911', 'name': 'registry', 'url': ' ', 'version': '::docker'}]&quot;,
    &quot;c8y_SoftwareUpdate&quot;: [
        {
            &quot;name&quot;: &quot;apple&quot;,
            &quot;action&quot;: &quot;install&quot;,
            &quot;id&quot;: &quot;5495053&quot;,
            &quot;version&quot;: &quot;::fruits&quot;,
            &quot;url&quot;: &quot; &quot;
        },
        {
            &quot;name&quot;: &quot;banana&quot;,
            &quot;action&quot;: &quot;install&quot;,
            &quot;id&quot;: &quot;5494888&quot;,
            &quot;version&quot;: &quot;::fruits&quot;,
            &quot;url&quot;: &quot; &quot;
        },
        {
            &quot;name&quot;: &quot;asciijump&quot;,
            &quot;action&quot;: &quot;install&quot;,
            &quot;id&quot;: &quot;5475369&quot;,
            &quot;version&quot;: &quot;::apt&quot;,
            &quot;url&quot;: &quot; &quot;
        },
        {
            &quot;name&quot;: &quot;cherry&quot;,
            &quot;action&quot;: &quot;install&quot;,
            &quot;id&quot;: &quot;5495382&quot;,
            &quot;version&quot;: &quot;::fruits&quot;,
            &quot;url&quot;: &quot; &quot;
        },
        {
            &quot;name&quot;: &quot;registry&quot;,
            &quot;action&quot;: &quot;install&quot;,
            &quot;id&quot;: &quot;8018911&quot;,
            &quot;version&quot;: &quot;::docker&quot;,
            &quot;url&quot;: &quot; &quot;
        }
    ]
}
09:25:54 INFO  Started operation: {'delivery': {'time': '2022-05-03T09:25:54.324Z', 'log': [], 'status': 'PENDING'}, 'creationTime': '2022-05-03T09:25:54.311Z', 'deviceName': 'm32sd11e', 'deviceId': '18246155', 'self': 'https://t493319102.eu-latest.cumulocity.com/devicecontrol/operations/18298243', 'id': '18298243', 'status': 'PENDING', 'description': &quot;Apply software changes, triggered from PySys: [{'action': 'install', 'id': '5495053', 'name': 'apple', 'url': ' ', 'version': '::fruits'}, {'action': 'install', 'id': '5494888', 'name': 'banana', 'url': ' ', 'version': '::fruits'}, {'action': 'install', 'id': '5475369', 'name': 'asciijump', 'url': ' ', 'version': '::apt'}, {'action': 'install', 'id': '5495382', 'name': 'cherry', 'url': ' ', 'version': '::fruits'}, {'action': 'install', 'id': '8018911', 'name': 'registry', 'url': ' ', 'version': '::docker'}]&quot;, 'c8y_SoftwareUpdate': [{'name': 'apple', 'action': 'install', 'id': '5495053', 'version': '::fruits', 'url': ' '}, {'name': 'banana', 'action': 'install', 'id': '5494888', 'version': '::fruits', 'url': ' '}, {'name': 'asciijump', 'action': 'install', 'id': '5475369', 'version': '::apt', 'url': ' '}, {'name': 'cherry', 'action': 'install', 'id': '5495382', 'version': '::fruits', 'url': ' '}, {'name': 'registry', 'action': 'install', 'id': '8018911', 'version': '::docker', 'url': ' '}]}
09:25:56 INFO  State of operation 18298243 : PENDING
09:25:58 INFO  State of operation 18298243 : EXECUTING
09:26:01 INFO  State of operation 18298243 : EXECUTING
09:26:03 INFO  State of operation 18298243 : EXECUTING
09:26:05 INFO  State of operation 18298243 : EXECUTING
09:26:07 INFO  State of operation 18298243 : EXECUTING
09:26:09 INFO  State of operation 18298243 : EXECUTING
09:26:12 INFO  State of operation 18298243 : EXECUTING
09:26:14 INFO  State of operation 18298243 : EXECUTING
09:26:17 INFO  State of operation 18298243 : EXECUTING
09:26:20 INFO  State of operation 18298243 : EXECUTING
09:26:22 INFO  State of operation 18298243 : EXECUTING
09:26:24 INFO  State of operation 18298243 : EXECUTING
09:26:26 INFO  State of operation 18298243 : EXECUTING
09:26:29 INFO  State of operation 18298243 : EXECUTING
09:26:31 INFO  State of operation 18298243 : EXECUTING
09:26:33 INFO  State of operation 18298243 : EXECUTING
09:26:35 INFO  State of operation 18298243 : EXECUTING
09:26:38 INFO  State of operation 18298243 : EXECUTING
09:26:40 INFO  State of operation 18298243 : EXECUTING
09:26:42 INFO  State of operation 18298243 : EXECUTING
09:26:44 INFO  State of operation 18298243 : EXECUTING
09:26:47 INFO  State of operation 18298243 : EXECUTING
09:26:49 INFO  State of operation 18298243 : EXECUTING
09:26:51 INFO  State of operation 18298243 : EXECUTING
09:26:53 INFO  State of operation 18298243 : EXECUTING
09:26:56 INFO  State of operation 18298243 : EXECUTING
09:26:58 INFO  State of operation 18298243 : EXECUTING
09:27:00 INFO  State of operation 18298243 : SUCCESSFUL
09:27:00 INFO  Package apple is installed
09:27:00 INFO  Assert that (True == value) with value=True ... passed
09:27:01 INFO  Package banana is installed
09:27:01 INFO  Assert that (True == value) with value=True ... passed
09:27:01 INFO  Package cherry is installed
09:27:01 INFO  Assert that (True == value) with value=True ... passed
09:27:01 INFO  Package asciijump is installed
09:27:01 INFO  Assert that (True == value) with value=True ... passed
09:27:01 INFO  Package registry is installed
09:27:01 INFO  Assert that (True == value) with value=True ... passed
09:27:02 INFO  Response status: 201
09:27:02 INFO  Response to action: {
    &quot;delivery&quot;: {
        &quot;time&quot;: &quot;2022-05-03T09:27:02.015Z&quot;,
        &quot;log&quot;: [],
        &quot;status&quot;: &quot;PENDING&quot;
    },
    &quot;creationTime&quot;: &quot;2022-05-03T09:27:02.002Z&quot;,
    &quot;deviceName&quot;: &quot;m32sd11e&quot;,
    &quot;deviceId&quot;: &quot;18246155&quot;,
    &quot;self&quot;: &quot;https://t493319102.eu-latest.cumulocity.com/devicecontrol/operations/18298256&quot;,
    &quot;id&quot;: &quot;18298256&quot;,
    &quot;status&quot;: &quot;PENDING&quot;,
    &quot;description&quot;: &quot;Apply software changes, triggered from PySys: [{'action': 'delete', 'id': '5495053', 'name': 'apple', 'url': ' ', 'version': '::fruits'}, {'action': 'delete', 'id': '5494888', 'name': 'banana', 'url': ' ', 'version': '::fruits'}, {'action': 'delete', 'id': '5475369', 'name': 'asciijump', 'url': ' ', 'version': '::apt'}, {'action': 'delete', 'id': '5495382', 'name': 'cherry', 'url': ' ', 'version': '::fruits'}, {'action': 'delete', 'id': '8018911', 'name': 'registry', 'url': ' ', 'version': '::docker'}]&quot;,
    &quot;c8y_SoftwareUpdate&quot;: [
        {
            &quot;name&quot;: &quot;apple&quot;,
            &quot;action&quot;: &quot;delete&quot;,
            &quot;id&quot;: &quot;5495053&quot;,
            &quot;version&quot;: &quot;::fruits&quot;,
            &quot;url&quot;: &quot; &quot;
        },
        {
            &quot;name&quot;: &quot;banana&quot;,
            &quot;action&quot;: &quot;delete&quot;,
            &quot;id&quot;: &quot;5494888&quot;,
            &quot;version&quot;: &quot;::fruits&quot;,
            &quot;url&quot;: &quot; &quot;
        },
        {
            &quot;name&quot;: &quot;asciijump&quot;,
            &quot;action&quot;: &quot;delete&quot;,
            &quot;id&quot;: &quot;5475369&quot;,
            &quot;version&quot;: &quot;::apt&quot;,
            &quot;url&quot;: &quot; &quot;
        },
        {
            &quot;name&quot;: &quot;cherry&quot;,
            &quot;action&quot;: &quot;delete&quot;,
            &quot;id&quot;: &quot;5495382&quot;,
            &quot;version&quot;: &quot;::fruits&quot;,
            &quot;url&quot;: &quot; &quot;
        },
        {
            &quot;name&quot;: &quot;registry&quot;,
            &quot;action&quot;: &quot;delete&quot;,
            &quot;id&quot;: &quot;8018911&quot;,
            &quot;version&quot;: &quot;::docker&quot;,
            &quot;url&quot;: &quot; &quot;
        }
    ]
}
09:27:02 INFO  Started operation: {'delivery': {'time': '2022-05-03T09:27:02.015Z', 'log': [], 'status': 'PENDING'}, 'creationTime': '2022-05-03T09:27:02.002Z', 'deviceName': 'm32sd11e', 'deviceId': '18246155', 'self': 'https://t493319102.eu-latest.cumulocity.com/devicecontrol/operations/18298256', 'id': '18298256', 'status': 'PENDING', 'description': &quot;Apply software changes, triggered from PySys: [{'action': 'delete', 'id': '5495053', 'name': 'apple', 'url': ' ', 'version': '::fruits'}, {'action': 'delete', 'id': '5494888', 'name': 'banana', 'url': ' ', 'version': '::fruits'}, {'action': 'delete', 'id': '5475369', 'name': 'asciijump', 'url': ' ', 'version': '::apt'}, {'action': 'delete', 'id': '5495382', 'name': 'cherry', 'url': ' ', 'version': '::fruits'}, {'action': 'delete', 'id': '8018911', 'name': 'registry', 'url': ' ', 'version': '::docker'}]&quot;, 'c8y_SoftwareUpdate': [{'name': 'apple', 'action': 'delete', 'id': '5495053', 'version': '::fruits', 'url': ' '}, {'name': 'banana', 'action': 'delete', 'id': '5494888', 'version': '::fruits', 'url': ' '}, {'name': 'asciijump', 'action': 'delete', 'id': '5475369', 'version': '::apt', 'url': ' '}, {'name': 'cherry', 'action': 'delete', 'id': '5495382', 'version': '::fruits', 'url': ' '}, {'name': 'registry', 'action': 'delete', 'id': '8018911', 'version': '::docker', 'url': ' '}]}
09:27:04 INFO  State of operation 18298256 : PENDING
09:27:06 INFO  State of operation 18298256 : EXECUTING
09:27:08 INFO  State of operation 18298256 : EXECUTING
09:27:10 INFO  State of operation 18298256 : EXECUTING
09:27:13 INFO  State of operation 18298256 : EXECUTING
09:27:15 INFO  State of operation 18298256 : EXECUTING
09:27:17 INFO  State of operation 18298256 : EXECUTING
09:27:20 INFO  State of operation 18298256 : EXECUTING
09:27:22 INFO  State of operation 18298256 : EXECUTING
09:27:25 INFO  State of operation 18298256 : EXECUTING
09:27:27 INFO  State of operation 18298256 : EXECUTING
09:27:30 INFO  State of operation 18298256 : EXECUTING
09:27:32 INFO  State of operation 18298256 : EXECUTING
09:27:34 INFO  State of operation 18298256 : EXECUTING
09:27:36 INFO  State of operation 18298256 : EXECUTING
09:27:38 INFO  State of operation 18298256 : EXECUTING
09:27:41 INFO  State of operation 18298256 : EXECUTING
09:27:43 INFO  State of operation 18298256 : EXECUTING
09:27:45 INFO  State of operation 18298256 : EXECUTING
09:27:48 INFO  State of operation 18298256 : EXECUTING
09:27:50 INFO  State of operation 18298256 : EXECUTING
09:27:53 INFO  State of operation 18298256 : EXECUTING
09:27:55 INFO  State of operation 18298256 : EXECUTING
09:27:57 INFO  State of operation 18298256 : EXECUTING
09:27:59 INFO  State of operation 18298256 : EXECUTING
09:28:01 INFO  State of operation 18298256 : EXECUTING
09:28:04 INFO  State of operation 18298256 : EXECUTING
09:28:08 INFO  State of operation 18298256 : EXECUTING
09:28:10 INFO  State of operation 18298256 : EXECUTING
09:28:12 INFO  State of operation 18298256 : EXECUTING
09:28:14 INFO  State of operation 18298256 : EXECUTING
09:28:17 INFO  State of operation 18298256 : EXECUTING
09:28:19 INFO  State of operation 18298256 : EXECUTING
09:28:21 INFO  State of operation 18298256 : EXECUTING
09:28:23 INFO  State of operation 18298256 : SUCCESSFUL
09:28:24 INFO  Package apple is installed
09:28:24 INFO  Assert that (True == value) with value=True ... passed
09:28:24 INFO  Package banana is installed
09:28:24 INFO  Assert that (True == value) with value=True ... passed
09:28:24 INFO  Package cherry is installed
09:28:24 INFO  Assert that (True == value) with value=True ... passed
09:28:24 INFO  Assert that (False == value) with value=False ... passed
09:28:25 INFO  Assert that (False == value) with value=False ... passed
09:28:25 INFO  
09:28:25 INFO  cleanup:
09:28:30 INFO  Executed sudo&lt;tedge_disconnect_c8y&gt;, exit status 0
09:28:31 INFO  Executed systemctl&lt;serv_mapper5&gt;, exit status 3
09:28:31 INFO  
09:28:31 INFO  Test duration: 187.49 secs
09:28:31 INFO  Test final outcome:  FAILED
09:28:31 INFO  Test outcome reason: Assert that (False == value) with value=True
09:28:31 INFO  
</system-out>
	</testcase>
</testsuite>
