<?xml version="1.0" encoding="utf-8"?>
<testsuite name="SoftwareManagement.Plugin.apama_plugin_update" tests="1" failures="0" skipped="1" time="0.06" timestamp="2022-05-10T14:18:02">
	<testcase classname="ApamaPluginUpdateTest" name="SoftwareManagement.Plugin.apama_plugin_update">
		<skipped message="SKIPPED: Test execution disabled due to #1052"/>
		<system-out>14:18:02 INFO  ==============================================================
14:18:02 INFO  Id:    SoftwareManagement.Plugin.apama_plugin_update
14:18:02 INFO  Dir:   plugin_apama/
14:18:02 INFO  Title: Validate apama plugin updating one project with another
14:18:02 INFO  ==============================================================
14:18:02 INFO  Test execution disabled due to #1052 ... skipped
14:18:02 INFO  
14:18:02 INFO  Test duration: 0.06 secs
14:18:02 INFO  Test final outcome:  SKIPPED
14:18:02 INFO  Test outcome reason: Test execution disabled due to #1052
14:18:02 INFO  
</system-out>
	</testcase>
</testsuite>
