<?xml version="1.0" encoding="utf-8"?>
<testsuite name="SoftwareManagement.sm_mixed_install_remove_multiple" tests="1" failures="1" skipped="0" time="190.33" timestamp="2022-05-30T10:41:42">
	<testcase classname="PySysTest" name="SoftwareManagement.sm_mixed_install_remove_multiple">
		<failure message="FAILED: Assert that (False == value) with value=True" type="FAILED"/>
		<system-out>10:38:32 INFO  ==============================================================
10:38:32 INFO  Id:    SoftwareManagement.sm_mixed_install_remove_multiple
10:38:32 INFO  Dir:   software_management_end_to_end/
10:38:32 INFO  Title: Validate end to end behaviour for the dummy-plugin for multiple packages with mixed versions
10:38:32 INFO  ==============================================================
10:38:32 INFO  Using sw id database: {'asciijump': '5475369', 'robotfindskitten': '5474869', 'squirrel3': '5475279', 'rolldice': '5152439', 'moon-buggy': '5439204', 'apple': '5495053', 'banana': '5494888', 'cherry': '5495382', 'watermelon': '5494510', 'registry': '8018911', 'hello-world': '8021526', 'docker/getting-started': '8021973', 'alpine': '7991792'}
10:38:32 INFO  EnvironmentC8y Setup
10:38:32 INFO  Executed systemctl&lt;serv_mapper1&gt;, exit status 3
10:38:32 INFO  Restarting mosquitto too frequently in the last 10 seconds. It was only up for 6 seconds
10:38:32 INFO  Delaying execution by 5 seconds
10:38:55 INFO  Executed sudo&lt;tedge_connect_c8y&gt;, exit status 0, duration 17 secs
10:38:56 INFO  Executed sudo&lt;tedge_connect_c8y_test&gt;, exit status 0
10:38:56 INFO  Executed systemctl&lt;serv_mosq2&gt;, exit status 0
10:38:57 INFO  Executed systemctl&lt;serv_mapper3&gt;, exit status 0
10:38:59 INFO  State of current operation: SUCCESSFUL
10:38:59 INFO  Package apple is installed
10:38:59 INFO  Assert that (True == value) with value=True ... passed
10:39:00 INFO  Package banana is installed
10:39:00 INFO  Assert that (True == value) with value=True ... passed
10:39:00 INFO  Package cherry is installed
10:39:00 INFO  Assert that (True == value) with value=True ... passed
10:39:00 INFO  Package asciijump is installed
10:39:00 WARN  Assert that (False == value) with value=True ... failed 
10:39:00 INFO  Assert that (False == value) with value=False ... passed
10:39:01 INFO  Response status: 201
10:39:01 INFO  Response to action: {
    &quot;creationTime&quot;: &quot;2022-05-30T10:39:01.145Z&quot;,
    &quot;deviceId&quot;: &quot;19784168&quot;,
    &quot;deviceName&quot;: &quot;m32sd11e&quot;,
    &quot;self&quot;: &quot;https://t493319102.eu-latest.cumulocity.com/devicecontrol/operations/19839296&quot;,
    &quot;id&quot;: &quot;19839296&quot;,
    &quot;status&quot;: &quot;PENDING&quot;,
    &quot;description&quot;: &quot;Apply software changes, triggered from PySys: [{'action': 'install', 'id': '5495053', 'name': 'apple', 'url': ' ', 'version': '::fruits'}, {'action': 'install', 'id': '5494888', 'name': 'banana', 'url': ' ', 'version': '::fruits'}, {'action': 'install', 'id': '5475369', 'name': 'asciijump', 'url': ' ', 'version': '::apt'}, {'action': 'install', 'id': '5495382', 'name': 'cherry', 'url': ' ', 'version': '::fruits'}, {'action': 'install', 'id': '8018911', 'name': 'registry', 'url': ' ', 'version': '::docker'}]&quot;,
    &quot;c8y_SoftwareUpdate&quot;: [
        {
            &quot;name&quot;: &quot;apple&quot;,
            &quot;action&quot;: &quot;install&quot;,
            &quot;id&quot;: &quot;5495053&quot;,
            &quot;version&quot;: &quot;::fruits&quot;,
            &quot;url&quot;: &quot; &quot;
        },
        {
            &quot;name&quot;: &quot;banana&quot;,
            &quot;action&quot;: &quot;install&quot;,
            &quot;id&quot;: &quot;5494888&quot;,
            &quot;version&quot;: &quot;::fruits&quot;,
            &quot;url&quot;: &quot; &quot;
        },
        {
            &quot;name&quot;: &quot;asciijump&quot;,
            &quot;action&quot;: &quot;install&quot;,
            &quot;id&quot;: &quot;5475369&quot;,
            &quot;version&quot;: &quot;::apt&quot;,
            &quot;url&quot;: &quot; &quot;
        },
        {
            &quot;name&quot;: &quot;cherry&quot;,
            &quot;action&quot;: &quot;install&quot;,
            &quot;id&quot;: &quot;5495382&quot;,
            &quot;version&quot;: &quot;::fruits&quot;,
            &quot;url&quot;: &quot; &quot;
        },
        {
            &quot;name&quot;: &quot;registry&quot;,
            &quot;action&quot;: &quot;install&quot;,
            &quot;id&quot;: &quot;8018911&quot;,
            &quot;version&quot;: &quot;::docker&quot;,
            &quot;url&quot;: &quot; &quot;
        }
    ]
}
10:39:01 INFO  Started operation: {'creationTime': '2022-05-30T10:39:01.145Z', 'deviceId': '19784168', 'deviceName': 'm32sd11e', 'self': 'https://t493319102.eu-latest.cumulocity.com/devicecontrol/operations/19839296', 'id': '19839296', 'status': 'PENDING', 'description': &quot;Apply software changes, triggered from PySys: [{'action': 'install', 'id': '5495053', 'name': 'apple', 'url': ' ', 'version': '::fruits'}, {'action': 'install', 'id': '5494888', 'name': 'banana', 'url': ' ', 'version': '::fruits'}, {'action': 'install', 'id': '5475369', 'name': 'asciijump', 'url': ' ', 'version': '::apt'}, {'action': 'install', 'id': '5495382', 'name': 'cherry', 'url': ' ', 'version': '::fruits'}, {'action': 'install', 'id': '8018911', 'name': 'registry', 'url': ' ', 'version': '::docker'}]&quot;, 'c8y_SoftwareUpdate': [{'name': 'apple', 'action': 'install', 'id': '5495053', 'version': '::fruits', 'url': ' '}, {'name': 'banana', 'action': 'install', 'id': '5494888', 'version': '::fruits', 'url': ' '}, {'name': 'asciijump', 'action': 'install', 'id': '5475369', 'version': '::apt', 'url': ' '}, {'name': 'cherry', 'action': 'install', 'id': '5495382', 'version': '::fruits', 'url': ' '}, {'name': 'registry', 'action': 'install', 'id': '8018911', 'version': '::docker', 'url': ' '}]}
10:39:03 INFO  State of operation 19839296 : PENDING
10:39:05 INFO  State of operation 19839296 : EXECUTING
10:39:07 INFO  State of operation 19839296 : EXECUTING
10:39:10 INFO  State of operation 19839296 : EXECUTING
10:39:12 INFO  State of operation 19839296 : EXECUTING
10:39:14 INFO  State of operation 19839296 : EXECUTING
10:39:16 INFO  State of operation 19839296 : EXECUTING
10:39:19 INFO  State of operation 19839296 : EXECUTING
10:39:22 INFO  State of operation 19839296 : EXECUTING
10:39:24 INFO  State of operation 19839296 : EXECUTING
10:39:27 INFO  State of operation 19839296 : EXECUTING
10:39:29 INFO  State of operation 19839296 : EXECUTING
10:39:31 INFO  State of operation 19839296 : EXECUTING
10:39:34 INFO  State of operation 19839296 : EXECUTING
10:39:36 INFO  State of operation 19839296 : EXECUTING
10:39:38 INFO  State of operation 19839296 : EXECUTING
10:39:40 INFO  State of operation 19839296 : EXECUTING
10:39:42 INFO  State of operation 19839296 : EXECUTING
10:39:45 INFO  State of operation 19839296 : EXECUTING
10:39:47 INFO  State of operation 19839296 : EXECUTING
10:39:49 INFO  State of operation 19839296 : EXECUTING
10:39:52 INFO  State of operation 19839296 : EXECUTING
10:39:54 INFO  State of operation 19839296 : EXECUTING
10:39:56 INFO  State of operation 19839296 : EXECUTING
10:39:59 INFO  State of operation 19839296 : EXECUTING
10:40:01 INFO  State of operation 19839296 : EXECUTING
10:40:04 INFO  State of operation 19839296 : EXECUTING
10:40:06 INFO  State of operation 19839296 : EXECUTING
10:40:08 INFO  State of operation 19839296 : EXECUTING
10:40:10 INFO  State of operation 19839296 : SUCCESSFUL
10:40:11 INFO  Package apple is installed
10:40:11 INFO  Assert that (True == value) with value=True ... passed
10:40:11 INFO  Package banana is installed
10:40:11 INFO  Assert that (True == value) with value=True ... passed
10:40:11 INFO  Package cherry is installed
10:40:11 INFO  Assert that (True == value) with value=True ... passed
10:40:11 INFO  Package asciijump is installed
10:40:11 INFO  Assert that (True == value) with value=True ... passed
10:40:12 INFO  Package registry is installed
10:40:12 INFO  Assert that (True == value) with value=True ... passed
10:40:12 INFO  Response status: 201
10:40:12 INFO  Response to action: {
    &quot;creationTime&quot;: &quot;2022-05-30T10:40:12.239Z&quot;,
    &quot;deviceId&quot;: &quot;19784168&quot;,
    &quot;deviceName&quot;: &quot;m32sd11e&quot;,
    &quot;self&quot;: &quot;https://t493319102.eu-latest.cumulocity.com/devicecontrol/operations/19839300&quot;,
    &quot;id&quot;: &quot;19839300&quot;,
    &quot;status&quot;: &quot;PENDING&quot;,
    &quot;description&quot;: &quot;Apply software changes, triggered from PySys: [{'action': 'delete', 'id': '5495053', 'name': 'apple', 'url': ' ', 'version': '::fruits'}, {'action': 'delete', 'id': '5494888', 'name': 'banana', 'url': ' ', 'version': '::fruits'}, {'action': 'delete', 'id': '5475369', 'name': 'asciijump', 'url': ' ', 'version': '::apt'}, {'action': 'delete', 'id': '5495382', 'name': 'cherry', 'url': ' ', 'version': '::fruits'}, {'action': 'delete', 'id': '8018911', 'name': 'registry', 'url': ' ', 'version': '::docker'}]&quot;,
    &quot;c8y_SoftwareUpdate&quot;: [
        {
            &quot;name&quot;: &quot;apple&quot;,
            &quot;action&quot;: &quot;delete&quot;,
            &quot;id&quot;: &quot;5495053&quot;,
            &quot;version&quot;: &quot;::fruits&quot;,
            &quot;url&quot;: &quot; &quot;
        },
        {
            &quot;name&quot;: &quot;banana&quot;,
            &quot;action&quot;: &quot;delete&quot;,
            &quot;id&quot;: &quot;5494888&quot;,
            &quot;version&quot;: &quot;::fruits&quot;,
            &quot;url&quot;: &quot; &quot;
        },
        {
            &quot;name&quot;: &quot;asciijump&quot;,
            &quot;action&quot;: &quot;delete&quot;,
            &quot;id&quot;: &quot;5475369&quot;,
            &quot;version&quot;: &quot;::apt&quot;,
            &quot;url&quot;: &quot; &quot;
        },
        {
            &quot;name&quot;: &quot;cherry&quot;,
            &quot;action&quot;: &quot;delete&quot;,
            &quot;id&quot;: &quot;5495382&quot;,
            &quot;version&quot;: &quot;::fruits&quot;,
            &quot;url&quot;: &quot; &quot;
        },
        {
            &quot;name&quot;: &quot;registry&quot;,
            &quot;action&quot;: &quot;delete&quot;,
            &quot;id&quot;: &quot;8018911&quot;,
            &quot;version&quot;: &quot;::docker&quot;,
            &quot;url&quot;: &quot; &quot;
        }
    ]
}
10:40:12 INFO  Started operation: {'creationTime': '2022-05-30T10:40:12.239Z', 'deviceId': '19784168', 'deviceName': 'm32sd11e', 'self': 'https://t493319102.eu-latest.cumulocity.com/devicecontrol/operations/19839300', 'id': '19839300', 'status': 'PENDING', 'description': &quot;Apply software changes, triggered from PySys: [{'action': 'delete', 'id': '5495053', 'name': 'apple', 'url': ' ', 'version': '::fruits'}, {'action': 'delete', 'id': '5494888', 'name': 'banana', 'url': ' ', 'version': '::fruits'}, {'action': 'delete', 'id': '5475369', 'name': 'asciijump', 'url': ' ', 'version': '::apt'}, {'action': 'delete', 'id': '5495382', 'name': 'cherry', 'url': ' ', 'version': '::fruits'}, {'action': 'delete', 'id': '8018911', 'name': 'registry', 'url': ' ', 'version': '::docker'}]&quot;, 'c8y_SoftwareUpdate': [{'name': 'apple', 'action': 'delete', 'id': '5495053', 'version': '::fruits', 'url': ' '}, {'name': 'banana', 'action': 'delete', 'id': '5494888', 'version': '::fruits', 'url': ' '}, {'name': 'asciijump', 'action': 'delete', 'id': '5475369', 'version': '::apt', 'url': ' '}, {'name': 'cherry', 'action': 'delete', 'id': '5495382', 'version': '::fruits', 'url': ' '}, {'name': 'registry', 'action': 'delete', 'id': '8018911', 'version': '::docker', 'url': ' '}]}
10:40:14 INFO  State of operation 19839300 : PENDING
10:40:16 INFO  State of operation 19839300 : EXECUTING
10:40:19 INFO  State of operation 19839300 : EXECUTING
10:40:21 INFO  State of operation 19839300 : EXECUTING
10:40:23 INFO  State of operation 19839300 : EXECUTING
10:40:25 INFO  State of operation 19839300 : EXECUTING
10:40:27 INFO  State of operation 19839300 : EXECUTING
10:40:30 INFO  State of operation 19839300 : EXECUTING
10:40:33 INFO  State of operation 19839300 : EXECUTING
10:40:35 INFO  State of operation 19839300 : EXECUTING
10:40:38 INFO  State of operation 19839300 : EXECUTING
10:40:40 INFO  State of operation 19839300 : EXECUTING
10:40:42 INFO  State of operation 19839300 : EXECUTING
10:40:45 INFO  State of operation 19839300 : EXECUTING
10:40:47 INFO  State of operation 19839300 : EXECUTING
10:40:49 INFO  State of operation 19839300 : EXECUTING
10:40:51 INFO  State of operation 19839300 : EXECUTING
10:40:54 INFO  State of operation 19839300 : EXECUTING
10:40:56 INFO  State of operation 19839300 : EXECUTING
10:40:59 INFO  State of operation 19839300 : EXECUTING
10:41:01 INFO  State of operation 19839300 : EXECUTING
10:41:03 INFO  State of operation 19839300 : EXECUTING
10:41:06 INFO  State of operation 19839300 : EXECUTING
10:41:08 INFO  State of operation 19839300 : EXECUTING
10:41:10 INFO  State of operation 19839300 : EXECUTING
10:41:12 INFO  State of operation 19839300 : EXECUTING
10:41:15 INFO  State of operation 19839300 : EXECUTING
10:41:18 INFO  State of operation 19839300 : EXECUTING
10:41:20 INFO  State of operation 19839300 : EXECUTING
10:41:23 INFO  State of operation 19839300 : EXECUTING
10:41:25 INFO  State of operation 19839300 : EXECUTING
10:41:27 INFO  State of operation 19839300 : EXECUTING
10:41:30 INFO  State of operation 19839300 : EXECUTING
10:41:32 INFO  State of operation 19839300 : EXECUTING
10:41:34 INFO  State of operation 19839300 : SUCCESSFUL
10:41:34 INFO  Package apple is installed
10:41:34 INFO  Assert that (True == value) with value=True ... passed
10:41:35 INFO  Package banana is installed
10:41:35 INFO  Assert that (True == value) with value=True ... passed
10:41:35 INFO  Package cherry is installed
10:41:35 INFO  Assert that (True == value) with value=True ... passed
10:41:35 INFO  Assert that (False == value) with value=False ... passed
10:41:35 INFO  Assert that (False == value) with value=False ... passed
10:41:35 INFO  
10:41:35 INFO  cleanup:
10:41:42 INFO  Executed sudo&lt;tedge_disconnect_c8y&gt;, exit status 0
10:41:42 INFO  Executed systemctl&lt;serv_mapper5&gt;, exit status 3
10:41:42 INFO  
10:41:42 INFO  Test duration: 190.33 secs
10:41:42 INFO  Test final outcome:  FAILED
10:41:42 INFO  Test outcome reason: Assert that (False == value) with value=True
10:41:42 INFO  
</system-out>
	</testcase>
</testsuite>
