<?xml version="1.0" encoding="utf-8"?>
<testsuite name="SoftwareManagement.sm_apt_install_remove_multiple_mixed" tests="1" failures="1" skipped="0" time="187.24" timestamp="2022-05-03T09:17:54">
	<testcase classname="PySysTest" name="SoftwareManagement.sm_apt_install_remove_multiple_mixed">
		<failure message="BLOCKED: SystemError: Timeout while waiting for status SUCCESSFUL or False (+1 other failures)" type="BLOCKED"/>
		<system-out>09:14:46 INFO  ==============================================================
09:14:46 INFO  Id:    SoftwareManagement.sm_apt_install_remove_multiple_mixed
09:14:46 INFO  Dir:   software_management_end_to_end/
09:14:46 INFO  Title: Validate end to end behaviour for the apt plugin for multiple packages with mixed versions
09:14:46 INFO  ==============================================================
09:14:46 INFO  Using sw id database: {'asciijump': '5475369', 'robotfindskitten': '5474869', 'squirrel3': '5475279', 'rolldice': '5152439', 'moon-buggy': '5439204', 'apple': '5495053', 'banana': '5494888', 'cherry': '5495382', 'watermelon': '5494510', 'registry': '8018911', 'hello-world': '8021526', 'docker/getting-started': '8021973', 'alpine': '7991792'}
09:14:46 INFO  EnvironmentC8y Setup
09:14:47 INFO  Executed systemctl&lt;serv_mapper1&gt;, exit status 3
09:14:47 INFO  Restarting mosquitto too frequently in the last 10 seconds. It was only up for 6 seconds
09:14:47 INFO  Delaying execution by 5 seconds
09:15:09 INFO  Executed sudo&lt;tedge_connect_c8y&gt;, exit status 0, duration 17 secs
09:15:10 INFO  Executed sudo&lt;tedge_connect_c8y_test&gt;, exit status 0
09:15:11 INFO  Executed systemctl&lt;serv_mosq2&gt;, exit status 0
09:15:11 INFO  Executed systemctl&lt;serv_mapper3&gt;, exit status 0
09:15:13 INFO  State of current operation: SUCCESSFUL
09:15:13 INFO  Assert that (False == value) with value=False ... passed
09:15:14 INFO  Assert that (False == value) with value=False ... passed
09:15:14 INFO  Assert that (False == value) with value=False ... passed
09:15:14 INFO  Assert that (False == value) with value=False ... passed
09:15:15 INFO  Package moon-buggy is installed
09:15:15 WARN  Assert that (False == value) with value=True ... failed 
09:15:17 INFO  Response status: 201
09:15:17 INFO  Response to action: {
    &quot;delivery&quot;: {
        &quot;time&quot;: &quot;2022-05-03T09:15:17.325Z&quot;,
        &quot;log&quot;: [],
        &quot;status&quot;: &quot;PENDING&quot;
    },
    &quot;creationTime&quot;: &quot;2022-05-03T09:15:17.312Z&quot;,
    &quot;deviceName&quot;: &quot;m32sd11e&quot;,
    &quot;deviceId&quot;: &quot;18246155&quot;,
    &quot;self&quot;: &quot;https://t493319102.eu-latest.cumulocity.com/devicecontrol/operations/18277129&quot;,
    &quot;id&quot;: &quot;18277129&quot;,
    &quot;status&quot;: &quot;PENDING&quot;,
    &quot;description&quot;: &quot;Apply software changes, triggered from PySys: [{'action': 'install', 'id': '5475369', 'name': 'asciijump', 'url': ' ', 'version': '::apt'}, {'action': 'install', 'id': '5474869', 'name': 'robotfindskitten', 'url': ' ', 'version': ' '}, {'action': 'install', 'id': '5475279', 'name': 'squirrel3', 'url': ' ', 'version': '3.1-8::apt'}, {'action': 'install', 'id': '5152439', 'name': 'rolldice', 'url': ' ', 'version': '1.16-1+b2'}, {'action': 'install', 'id': '5439204', 'name': 'moon-buggy', 'url': ' ', 'version': '1:1.0.51-13'}, {'action': 'install', 'id': '5475369', 'name': 'asciijump', 'url': ' ', 'version': '::apt'}]&quot;,
    &quot;c8y_SoftwareUpdate&quot;: [
        {
            &quot;name&quot;: &quot;asciijump&quot;,
            &quot;action&quot;: &quot;install&quot;,
            &quot;id&quot;: &quot;5475369&quot;,
            &quot;version&quot;: &quot;::apt&quot;,
            &quot;url&quot;: &quot; &quot;
        },
        {
            &quot;name&quot;: &quot;robotfindskitten&quot;,
            &quot;action&quot;: &quot;install&quot;,
            &quot;id&quot;: &quot;5474869&quot;,
            &quot;version&quot;: &quot; &quot;,
            &quot;url&quot;: &quot; &quot;
        },
        {
            &quot;name&quot;: &quot;squirrel3&quot;,
            &quot;action&quot;: &quot;install&quot;,
            &quot;id&quot;: &quot;5475279&quot;,
            &quot;version&quot;: &quot;3.1-8::apt&quot;,
            &quot;url&quot;: &quot; &quot;
        },
        {
            &quot;name&quot;: &quot;rolldice&quot;,
            &quot;action&quot;: &quot;install&quot;,
            &quot;id&quot;: &quot;5152439&quot;,
            &quot;version&quot;: &quot;1.16-1+b2&quot;,
            &quot;url&quot;: &quot; &quot;
        },
        {
            &quot;name&quot;: &quot;moon-buggy&quot;,
            &quot;action&quot;: &quot;install&quot;,
            &quot;id&quot;: &quot;5439204&quot;,
            &quot;version&quot;: &quot;1:1.0.51-13&quot;,
            &quot;url&quot;: &quot; &quot;
        },
        {
            &quot;name&quot;: &quot;asciijump&quot;,
            &quot;action&quot;: &quot;install&quot;,
            &quot;id&quot;: &quot;5475369&quot;,
            &quot;version&quot;: &quot;::apt&quot;,
            &quot;url&quot;: &quot; &quot;
        }
    ]
}
09:15:17 INFO  Started operation: {'delivery': {'time': '2022-05-03T09:15:17.325Z', 'log': [], 'status': 'PENDING'}, 'creationTime': '2022-05-03T09:15:17.312Z', 'deviceName': 'm32sd11e', 'deviceId': '18246155', 'self': 'https://t493319102.eu-latest.cumulocity.com/devicecontrol/operations/18277129', 'id': '18277129', 'status': 'PENDING', 'description': &quot;Apply software changes, triggered from PySys: [{'action': 'install', 'id': '5475369', 'name': 'asciijump', 'url': ' ', 'version': '::apt'}, {'action': 'install', 'id': '5474869', 'name': 'robotfindskitten', 'url': ' ', 'version': ' '}, {'action': 'install', 'id': '5475279', 'name': 'squirrel3', 'url': ' ', 'version': '3.1-8::apt'}, {'action': 'install', 'id': '5152439', 'name': 'rolldice', 'url': ' ', 'version': '1.16-1+b2'}, {'action': 'install', 'id': '5439204', 'name': 'moon-buggy', 'url': ' ', 'version': '1:1.0.51-13'}, {'action': 'install', 'id': '5475369', 'name': 'asciijump', 'url': ' ', 'version': '::apt'}]&quot;, 'c8y_SoftwareUpdate': [{'name': 'asciijump', 'action': 'install', 'id': '5475369', 'version': '::apt', 'url': ' '}, {'name': 'robotfindskitten', 'action': 'install', 'id': '5474869', 'version': ' ', 'url': ' '}, {'name': 'squirrel3', 'action': 'install', 'id': '5475279', 'version': '3.1-8::apt', 'url': ' '}, {'name': 'rolldice', 'action': 'install', 'id': '5152439', 'version': '1.16-1+b2', 'url': ' '}, {'name': 'moon-buggy', 'action': 'install', 'id': '5439204', 'version': '1:1.0.51-13', 'url': ' '}, {'name': 'asciijump', 'action': 'install', 'id': '5475369', 'version': '::apt', 'url': ' '}]}
09:15:19 INFO  State of operation 18277129 : PENDING
09:15:21 INFO  State of operation 18277129 : EXECUTING
09:15:24 INFO  State of operation 18277129 : EXECUTING
09:15:26 INFO  State of operation 18277129 : EXECUTING
09:15:28 INFO  State of operation 18277129 : EXECUTING
09:15:30 INFO  State of operation 18277129 : EXECUTING
09:15:32 INFO  State of operation 18277129 : EXECUTING
09:15:35 INFO  State of operation 18277129 : EXECUTING
09:15:39 INFO  State of operation 18277129 : EXECUTING
09:15:42 INFO  State of operation 18277129 : EXECUTING
09:15:44 INFO  State of operation 18277129 : EXECUTING
09:15:46 INFO  State of operation 18277129 : EXECUTING
09:15:49 INFO  State of operation 18277129 : EXECUTING
09:15:51 INFO  State of operation 18277129 : EXECUTING
09:15:53 INFO  State of operation 18277129 : EXECUTING
09:15:55 INFO  State of operation 18277129 : EXECUTING
09:15:58 INFO  State of operation 18277129 : EXECUTING
09:16:00 INFO  State of operation 18277129 : EXECUTING
09:16:03 INFO  State of operation 18277129 : EXECUTING
09:16:05 INFO  State of operation 18277129 : EXECUTING
09:16:08 INFO  State of operation 18277129 : EXECUTING
09:16:10 INFO  State of operation 18277129 : EXECUTING
09:16:12 INFO  State of operation 18277129 : EXECUTING
09:16:14 INFO  State of operation 18277129 : EXECUTING
09:16:17 INFO  State of operation 18277129 : EXECUTING
09:16:19 INFO  State of operation 18277129 : EXECUTING
09:16:22 INFO  State of operation 18277129 : EXECUTING
09:16:24 INFO  State of operation 18277129 : EXECUTING
09:16:26 INFO  State of operation 18277129 : EXECUTING
09:16:29 INFO  State of operation 18277129 : EXECUTING
09:16:31 INFO  State of operation 18277129 : EXECUTING
09:16:34 INFO  State of operation 18277129 : EXECUTING
09:16:37 INFO  State of operation 18277129 : EXECUTING
09:16:39 INFO  State of operation 18277129 : EXECUTING
09:16:41 INFO  State of operation 18277129 : EXECUTING
09:16:43 INFO  State of operation 18277129 : EXECUTING
09:16:46 INFO  State of operation 18277129 : EXECUTING
09:16:48 INFO  State of operation 18277129 : EXECUTING
09:16:50 INFO  State of operation 18277129 : EXECUTING
09:16:52 INFO  State of operation 18277129 : EXECUTING
09:16:55 INFO  State of operation 18277129 : EXECUTING
09:16:57 INFO  State of operation 18277129 : EXECUTING
09:16:59 INFO  State of operation 18277129 : EXECUTING
09:17:02 INFO  State of operation 18277129 : EXECUTING
09:17:05 INFO  State of operation 18277129 : EXECUTING
09:17:07 INFO  State of operation 18277129 : EXECUTING
09:17:10 INFO  State of operation 18277129 : EXECUTING
09:17:12 INFO  State of operation 18277129 : EXECUTING
09:17:14 INFO  State of operation 18277129 : EXECUTING
09:17:17 INFO  State of operation 18277129 : EXECUTING
09:17:19 INFO  State of operation 18277129 : EXECUTING
09:17:21 INFO  State of operation 18277129 : EXECUTING
09:17:23 INFO  State of operation 18277129 : EXECUTING
09:17:27 INFO  State of operation 18277129 : EXECUTING
09:17:29 INFO  State of operation 18277129 : EXECUTING
09:17:32 INFO  State of operation 18277129 : EXECUTING
09:17:34 INFO  State of operation 18277129 : EXECUTING
09:17:36 INFO  State of operation 18277129 : EXECUTING
09:17:38 INFO  State of operation 18277129 : EXECUTING
09:17:40 INFO  State of operation 18277129 : EXECUTING
09:17:43 INFO  State of operation 18277129 : EXECUTING
09:17:45 WARN  SystemError occurred while running test - Timeout while waiting for status SUCCESSFUL or False
Traceback (most recent call last):
  File &quot;/home/pi/env-pysys/lib/python3.9/site-packages/pysys/baserunner.py&quot;, line 1294, in __call__
    self.testObj.execute()
  File &quot;/home/pi/actions-runner/_work/thin-edge.io/thin-edge.io/tests/PySys/software_management_end_to_end/sm_apt_install_remove_multiple_mixed/run.py&quot;, line 89, in execute
    self.wait_until_succcess()
  File &quot;/home/pi/actions-runner/_work/thin-edge.io/thin-edge.io/tests/PySys/software_management_end_to_end/environment_sm_management.py&quot;, line 324, in wait_until_succcess
    self.wait_until_status(&quot;SUCCESSFUL&quot;)
  File &quot;/home/pi/actions-runner/_work/thin-edge.io/thin-edge.io/tests/PySys/software_management_end_to_end/environment_sm_management.py&quot;, line 380, in wait_until_status
    raise SystemError(
SystemError: Timeout while waiting for status SUCCESSFUL or False
09:17:45 WARN  SystemError: Timeout while waiting for status SUCCESSFUL or False ... blocked 
09:17:45 INFO  
09:17:45 INFO  cleanup:
09:17:53 INFO  Executed sudo&lt;tedge_disconnect_c8y&gt;, exit status 0
09:17:54 INFO  Executed systemctl&lt;serv_mapper5&gt;, exit status 3
09:17:54 INFO  
09:17:54 INFO  Test duration: 187.24 secs
09:17:54 INFO  Test final outcome:  BLOCKED
09:17:54 INFO  Test outcome reason: SystemError: Timeout while waiting for status SUCCESSFUL or False (+1 other failures)
09:17:54 INFO  
</system-out>
	</testcase>
</testsuite>
