<?xml version="1.0" encoding="utf-8"?>
<testsuite name="SoftwareManagement.sm_apt_install_remove_multiple" tests="1" failures="1" skipped="0" time="160.14" timestamp="2022-05-11T12:53:26">
	<testcase classname="PySysTest" name="SoftwareManagement.sm_apt_install_remove_multiple">
		<failure message="FAILED: Assert that (False == value) with value=True (+2 other failures)" type="FAILED"/>
		<system-out>12:50:46 INFO  ==============================================================
12:50:46 INFO  Id:    SoftwareManagement.sm_apt_install_remove_multiple
12:50:46 INFO  Dir:   software_management_end_to_end/
12:50:46 INFO  Title: Validate end to end behaviour for the apt plugin for multiple packages
12:50:46 INFO  ==============================================================
12:50:46 INFO  Using sw id database: {'asciijump': '5475369', 'robotfindskitten': '5474869', 'squirrel3': '5475279', 'rolldice': '5152439', 'moon-buggy': '5439204', 'apple': '5495053', 'banana': '5494888', 'cherry': '5495382', 'watermelon': '5494510', 'registry': '8018911', 'hello-world': '8021526', 'docker/getting-started': '8021973', 'alpine': '7991792'}
12:50:46 INFO  EnvironmentC8y Setup
12:50:46 INFO  Executed systemctl&lt;serv_mapper1&gt;, exit status 3
12:50:46 INFO  Restarting mosquitto too frequently in the last 10 seconds. It was only up for 6 seconds
12:50:46 INFO  Delaying execution by 5 seconds
12:51:09 INFO  Executed sudo&lt;tedge_connect_c8y&gt;, exit status 0, duration 17 secs
12:51:10 INFO  Executed sudo&lt;tedge_connect_c8y_test&gt;, exit status 0
12:51:10 INFO  Executed systemctl&lt;serv_mosq2&gt;, exit status 0
12:51:11 INFO  Executed systemctl&lt;serv_mapper3&gt;, exit status 0
12:51:13 INFO  State of current operation: SUCCESSFUL
12:51:13 INFO  Assert that (False == value) with value=False ... passed
12:51:13 INFO  Package asciijump is installed
12:51:14 WARN  Assert that (False == value) with value=True ... failed 
12:51:14 INFO  Package squirrel3 is installed
12:51:14 WARN  Assert that (False == value) with value=True ... failed 
12:51:14 INFO  Package robotfindskitten is installed
12:51:14 WARN  Assert that (False == value) with value=True ... failed 
12:51:14 INFO  Response status: 201
12:51:14 INFO  Response to action: {
    &quot;creationTime&quot;: &quot;2022-05-11T12:51:14.806Z&quot;,
    &quot;deviceName&quot;: &quot;m32sd11e&quot;,
    &quot;deviceId&quot;: &quot;18811625&quot;,
    &quot;self&quot;: &quot;https://t493319102.eu-latest.cumulocity.com/devicecontrol/operations/18857193&quot;,
    &quot;id&quot;: &quot;18857193&quot;,
    &quot;status&quot;: &quot;PENDING&quot;,
    &quot;description&quot;: &quot;Apply software changes, triggered from PySys: [{'action': 'install', 'id': '5475369', 'name': 'asciijump', 'url': ' ', 'version': '::apt'}, {'action': 'install', 'id': '5474869', 'name': 'robotfindskitten', 'url': ' ', 'version': '::apt'}, {'action': 'install', 'id': '5475279', 'name': 'squirrel3', 'url': ' ', 'version': '::apt'}]&quot;,
    &quot;c8y_SoftwareUpdate&quot;: [
        {
            &quot;name&quot;: &quot;asciijump&quot;,
            &quot;action&quot;: &quot;install&quot;,
            &quot;id&quot;: &quot;5475369&quot;,
            &quot;version&quot;: &quot;::apt&quot;,
            &quot;url&quot;: &quot; &quot;
        },
        {
            &quot;name&quot;: &quot;robotfindskitten&quot;,
            &quot;action&quot;: &quot;install&quot;,
            &quot;id&quot;: &quot;5474869&quot;,
            &quot;version&quot;: &quot;::apt&quot;,
            &quot;url&quot;: &quot; &quot;
        },
        {
            &quot;name&quot;: &quot;squirrel3&quot;,
            &quot;action&quot;: &quot;install&quot;,
            &quot;id&quot;: &quot;5475279&quot;,
            &quot;version&quot;: &quot;::apt&quot;,
            &quot;url&quot;: &quot; &quot;
        }
    ]
}
12:51:14 INFO  Started operation: {'creationTime': '2022-05-11T12:51:14.806Z', 'deviceName': 'm32sd11e', 'deviceId': '18811625', 'self': 'https://t493319102.eu-latest.cumulocity.com/devicecontrol/operations/18857193', 'id': '18857193', 'status': 'PENDING', 'description': &quot;Apply software changes, triggered from PySys: [{'action': 'install', 'id': '5475369', 'name': 'asciijump', 'url': ' ', 'version': '::apt'}, {'action': 'install', 'id': '5474869', 'name': 'robotfindskitten', 'url': ' ', 'version': '::apt'}, {'action': 'install', 'id': '5475279', 'name': 'squirrel3', 'url': ' ', 'version': '::apt'}]&quot;, 'c8y_SoftwareUpdate': [{'name': 'asciijump', 'action': 'install', 'id': '5475369', 'version': '::apt', 'url': ' '}, {'name': 'robotfindskitten', 'action': 'install', 'id': '5474869', 'version': '::apt', 'url': ' '}, {'name': 'squirrel3', 'action': 'install', 'id': '5475279', 'version': '::apt', 'url': ' '}]}
12:51:17 INFO  State of operation 18857193 : PENDING
12:51:19 INFO  State of operation 18857193 : EXECUTING
12:51:21 INFO  State of operation 18857193 : EXECUTING
12:51:23 INFO  State of operation 18857193 : EXECUTING
12:51:25 INFO  State of operation 18857193 : EXECUTING
12:51:28 INFO  State of operation 18857193 : EXECUTING
12:51:30 INFO  State of operation 18857193 : EXECUTING
12:51:33 INFO  State of operation 18857193 : EXECUTING
12:51:35 INFO  State of operation 18857193 : EXECUTING
12:51:38 INFO  State of operation 18857193 : EXECUTING
12:51:40 INFO  State of operation 18857193 : EXECUTING
12:51:43 INFO  State of operation 18857193 : EXECUTING
12:51:45 INFO  State of operation 18857193 : EXECUTING
12:51:47 INFO  State of operation 18857193 : EXECUTING
12:51:49 INFO  State of operation 18857193 : EXECUTING
12:51:52 INFO  State of operation 18857193 : EXECUTING
12:51:54 INFO  State of operation 18857193 : EXECUTING
12:51:56 INFO  State of operation 18857193 : SUCCESSFUL
12:51:56 INFO  Assert that (False == value) with value=False ... passed
12:51:57 INFO  Package asciijump is installed
12:51:57 INFO  Assert that (True == value) with value=True ... passed
12:51:57 INFO  Package squirrel3 is installed
12:51:57 INFO  Assert that (True == value) with value=True ... passed
12:51:57 INFO  Package robotfindskitten is installed
12:51:57 INFO  Assert that (True == value) with value=True ... passed
12:51:57 INFO  Response status: 201
12:51:57 INFO  Response to action: {
    &quot;creationTime&quot;: &quot;2022-05-11T12:51:57.678Z&quot;,
    &quot;deviceName&quot;: &quot;m32sd11e&quot;,
    &quot;deviceId&quot;: &quot;18811625&quot;,
    &quot;self&quot;: &quot;https://t493319102.eu-latest.cumulocity.com/devicecontrol/operations/18857205&quot;,
    &quot;id&quot;: &quot;18857205&quot;,
    &quot;status&quot;: &quot;PENDING&quot;,
    &quot;description&quot;: &quot;Apply software changes, triggered from PySys: [{'action': 'delete', 'id': '5475369', 'name': 'asciijump', 'url': ' ', 'version': '::apt'}, {'action': 'delete', 'id': '5474869', 'name': 'robotfindskitten', 'url': ' ', 'version': '::apt'}, {'action': 'delete', 'id': '5475279', 'name': 'squirrel3', 'url': ' ', 'version': '::apt'}]&quot;,
    &quot;c8y_SoftwareUpdate&quot;: [
        {
            &quot;name&quot;: &quot;asciijump&quot;,
            &quot;action&quot;: &quot;delete&quot;,
            &quot;id&quot;: &quot;5475369&quot;,
            &quot;version&quot;: &quot;::apt&quot;,
            &quot;url&quot;: &quot; &quot;
        },
        {
            &quot;name&quot;: &quot;robotfindskitten&quot;,
            &quot;action&quot;: &quot;delete&quot;,
            &quot;id&quot;: &quot;5474869&quot;,
            &quot;version&quot;: &quot;::apt&quot;,
            &quot;url&quot;: &quot; &quot;
        },
        {
            &quot;name&quot;: &quot;squirrel3&quot;,
            &quot;action&quot;: &quot;delete&quot;,
            &quot;id&quot;: &quot;5475279&quot;,
            &quot;version&quot;: &quot;::apt&quot;,
            &quot;url&quot;: &quot; &quot;
        }
    ]
}
12:51:57 INFO  Started operation: {'creationTime': '2022-05-11T12:51:57.678Z', 'deviceName': 'm32sd11e', 'deviceId': '18811625', 'self': 'https://t493319102.eu-latest.cumulocity.com/devicecontrol/operations/18857205', 'id': '18857205', 'status': 'PENDING', 'description': &quot;Apply software changes, triggered from PySys: [{'action': 'delete', 'id': '5475369', 'name': 'asciijump', 'url': ' ', 'version': '::apt'}, {'action': 'delete', 'id': '5474869', 'name': 'robotfindskitten', 'url': ' ', 'version': '::apt'}, {'action': 'delete', 'id': '5475279', 'name': 'squirrel3', 'url': ' ', 'version': '::apt'}]&quot;, 'c8y_SoftwareUpdate': [{'name': 'asciijump', 'action': 'delete', 'id': '5475369', 'version': '::apt', 'url': ' '}, {'name': 'robotfindskitten', 'action': 'delete', 'id': '5474869', 'version': '::apt', 'url': ' '}, {'name': 'squirrel3', 'action': 'delete', 'id': '5475279', 'version': '::apt', 'url': ' '}]}
12:51:59 INFO  State of operation 18857205 : PENDING
12:52:02 INFO  State of operation 18857205 : EXECUTING
12:52:04 INFO  State of operation 18857205 : EXECUTING
12:52:06 INFO  State of operation 18857205 : EXECUTING
12:52:08 INFO  State of operation 18857205 : EXECUTING
12:52:11 INFO  State of operation 18857205 : EXECUTING
12:52:13 INFO  State of operation 18857205 : EXECUTING
12:52:17 INFO  State of operation 18857205 : EXECUTING
12:52:20 INFO  State of operation 18857205 : EXECUTING
12:52:23 INFO  State of operation 18857205 : EXECUTING
12:52:25 INFO  State of operation 18857205 : EXECUTING
12:52:28 INFO  State of operation 18857205 : EXECUTING
12:52:30 INFO  State of operation 18857205 : EXECUTING
12:52:32 INFO  State of operation 18857205 : EXECUTING
12:52:34 INFO  State of operation 18857205 : EXECUTING
12:52:36 INFO  State of operation 18857205 : EXECUTING
12:52:39 INFO  State of operation 18857205 : EXECUTING
12:52:41 INFO  State of operation 18857205 : EXECUTING
12:52:43 INFO  State of operation 18857205 : EXECUTING
12:52:46 INFO  State of operation 18857205 : EXECUTING
12:52:48 INFO  State of operation 18857205 : EXECUTING
12:52:51 INFO  State of operation 18857205 : EXECUTING
12:52:53 INFO  State of operation 18857205 : EXECUTING
12:52:56 INFO  State of operation 18857205 : EXECUTING
12:52:58 INFO  State of operation 18857205 : EXECUTING
12:53:00 INFO  State of operation 18857205 : EXECUTING
12:53:02 INFO  State of operation 18857205 : EXECUTING
12:53:05 INFO  State of operation 18857205 : EXECUTING
12:53:07 INFO  State of operation 18857205 : EXECUTING
12:53:10 INFO  State of operation 18857205 : EXECUTING
12:53:12 INFO  State of operation 18857205 : EXECUTING
12:53:14 INFO  State of operation 18857205 : EXECUTING
12:53:16 INFO  State of operation 18857205 : EXECUTING
12:53:19 INFO  State of operation 18857205 : SUCCESSFUL
12:53:19 INFO  Assert that (False == value) with value=False ... passed
12:53:19 INFO  Assert that (False == value) with value=False ... passed
12:53:19 INFO  Assert that (False == value) with value=False ... passed
12:53:19 INFO  Assert that (False == value) with value=False ... passed
12:53:20 INFO  
12:53:20 INFO  cleanup:
12:53:25 INFO  Executed sudo&lt;tedge_disconnect_c8y&gt;, exit status 0
12:53:26 INFO  Executed systemctl&lt;serv_mapper5&gt;, exit status 3
12:53:26 INFO  
12:53:26 INFO  Test duration: 160.14 secs
12:53:26 INFO  Test final outcome:  FAILED
12:53:26 INFO  Test outcome reason: Assert that (False == value) with value=True (+2 other failures)
12:53:26 INFO  
</system-out>
	</testcase>
</testsuite>
