<?xml version="1.0" encoding="utf-8"?>
<testsuite name="SoftwareManagement.Plugin.apama_plugin_mon_support" tests="1" failures="1" skipped="0" time="1.07" timestamp="2022-05-09T07:12:53">
	<testcase classname="ApamaPluginMonSupportTest" name="SoftwareManagement.Plugin.apama_plugin_mon_support">
		<failure message="BLOCKED: sudo&lt;restart_apama_service&gt; returned non-zero exit code 1" type="BLOCKED"/>
		<system-out>07:12:52 INFO  ==============================================================
07:12:52 INFO  Id:    SoftwareManagement.Plugin.apama_plugin_mon_support
07:12:52 INFO  Dir:   plugin_apama/
07:12:52 INFO  Title: Validate mon file support of apama plugin
07:12:52 INFO  ==============================================================
07:12:52 INFO  Assertion that path exists=False for &quot;/etc/tedge/apama/project&quot; ... passed
07:12:52 INFO  Executed sudo&lt;create_project_dir&gt;, exit status 0
07:12:52 INFO  Executed sudo&lt;unzip_apama_project&gt;, exit status 0
07:12:52 INFO  Executed sudo&lt;move_apama_project&gt;, exit status 0
07:12:52 WARN  Executed sudo&lt;restart_apama_service&gt;, exit status 1
07:12:52 INFO  Contents of restart_apama_service.err: 
  Job for apama.service failed because the control process exited with error code.
  See &quot;systemctl status apama.service&quot; and &quot;journalctl -xe&quot; for details.
  -----

07:12:52 WARN  sudo&lt;restart_apama_service&gt; returned non-zero exit code 1 ... blocked 
07:12:52 WARN  Aborted test due to BLOCKED outcome
07:12:52 INFO  
07:12:52 INFO  cleanup:
07:12:52 INFO  Removing apama project
07:12:53 INFO  Executed sudo&lt;stop_apama_service&gt;, exit status 0
07:12:53 INFO  Executed sudo&lt;remove_apama_project&gt;, exit status 0
07:12:53 INFO  Executed sudo&lt;remove_apama_tmp_dir&gt;, exit status 0
07:12:53 INFO  
07:12:53 INFO  Test duration: 1.07 secs
07:12:53 INFO  Test final outcome:  BLOCKED
07:12:53 INFO  Test outcome reason: sudo&lt;restart_apama_service&gt; returned non-zero exit code 1
07:12:53 INFO  
</system-out>
	</testcase>
</testsuite>
