<?xml version="1.0" encoding="utf-8"?>
<testsuite name="SoftwareManagement.Plugin.apama_plugin_install" tests="1" failures="1" skipped="0" time="0.07" timestamp="2022-05-03T14:08:32">
	<testcase classname="ApamaPluginInstallTest" name="SoftwareManagement.Plugin.apama_plugin_install">
		<failure message="BLOCKED: sudo&lt;plugin_install&gt; returned non-zero exit code 2" type="BLOCKED"/>
		<system-out>14:08:32 INFO  ==============================================================
14:08:32 INFO  Id:    SoftwareManagement.Plugin.apama_plugin_install
14:08:32 INFO  Dir:   plugin_apama/
14:08:32 INFO  Title: Validate apama plugin install
14:08:32 INFO  ==============================================================
14:08:32 INFO  Assertion that path exists=False for &quot;/etc/tedge/apama/project&quot; ... passed
14:08:32 WARN  Executed sudo&lt;plugin_install&gt;, exit status 2
14:08:32 INFO  Contents of plugin_install.err: 
  ERROR: Apama not installed at /opt/softwareag/Apama
  -----

14:08:32 WARN  sudo&lt;plugin_install&gt; returned non-zero exit code 2 ... blocked [run.py:20]
14:08:32 WARN  Aborted test due to BLOCKED outcome
14:08:32 INFO  
14:08:32 INFO  cleanup:
14:08:32 INFO  
14:08:32 INFO  Test duration: 0.07 secs
14:08:32 INFO  Test final outcome:  BLOCKED
14:08:32 INFO  Test outcome reason: sudo&lt;plugin_install&gt; returned non-zero exit code 2
14:08:32 INFO  
</system-out>
	</testcase>
</testsuite>
