<?xml version="1.0" encoding="utf-8"?>
<testsuite name="SoftwareManagement.Plugin.apama_plugin_mon_support" tests="1" failures="0" skipped="0" time="3.4" timestamp="2022-05-16T07:36:25">
	<testcase classname="ApamaPluginMonSupportTest" name="SoftwareManagement.Plugin.apama_plugin_mon_support"/>
</testsuite>
