<?xml version="1.0" encoding="utf-8"?>
<testsuite failures="0" name="agent_init_session" skipped="0" tests="1" time="6.16" timestamp="2022-05-16T07:33:14">
	<testcase classname="AgentInitSession" name="agent_init_session"/>
</testsuite>
