<?xml version="1.0" encoding="utf-8"?>
<testsuite failures="1" name="runtime_start_two_mappers" skipped="0" tests="1" time="1.88" timestamp="2022-04-28T07:36:39">
	<testcase classname="RuntimeMultiMappers" name="runtime_start_two_mappers">
		<failure message="FAILED: Grep on tedge_mapper2.err contains &quot;Error: Couldn't acquire file lock.&quot;" type="FAILED"/>
		<system-out>07:36:38 INFO  ==============================================================
07:36:38 INFO  Id:    runtime_start_two_mappers
07:36:38 INFO  Dir:   tedge_mapper_c8y/
07:36:38 INFO  Title: Validate two mappers can't be started at the same time
07:36:38 INFO  ==============================================================
07:36:38 INFO  Executed sudo&lt;tedge_mapper1&gt;, exit status 0
07:36:38 INFO  Waiting for 0.1 seconds
07:36:39 INFO  Executed sudo&lt;tedge_mapper2&gt;, exit status 1
07:36:39 INFO  Executed sudo&lt;tedge_mapper1&gt;, exit status 0
07:36:39 WARN  Grep on tedge_mapper2.err contains &quot;Error: Couldn't acquire file lock.&quot; ... failed [run.py:46]
07:36:39 INFO  
07:36:39 INFO  Test duration: 1.88 secs
07:36:39 INFO  Test final outcome:  FAILED
07:36:39 INFO  Test outcome reason: Grep on tedge_mapper2.err contains &quot;Error: Couldn't acquire file lock.&quot;
07:36:39 INFO  
</system-out>
	</testcase>
</testsuite>
