<?xml version="1.0" encoding="utf-8"?>
<testsuite failures="0" name="runtime_start_two_mappers" skipped="1" tests="1" time="0.03" timestamp="2022-05-09T07:10:50">
	<testcase classname="RuntimeMultiMappers" name="runtime_start_two_mappers">
		<skipped message="SKIPPED: Test execution disabled due to #1124"/>
		<system-out>07:10:50 INFO  ==============================================================
07:10:50 INFO  Id:    runtime_start_two_mappers
07:10:50 INFO  Dir:   tedge_mapper_c8y/
07:10:50 INFO  Title: Validate two mappers can't be started at the same time
07:10:50 INFO  ==============================================================
07:10:50 INFO  Test execution disabled due to #1124 ... skipped
07:10:50 INFO  
07:10:50 INFO  Test duration: 0.03 secs
07:10:50 INFO  Test final outcome:  SKIPPED
07:10:50 INFO  Test outcome reason: Test execution disabled due to #1124
07:10:50 INFO  
</system-out>
	</testcase>
</testsuite>
