<?xml version="1.0" encoding="utf-8"?>
<testsuite failures="0" name="apt_remove" skipped="1" tests="1" time="0.03" timestamp="2022-05-09T06:57:23">
	<testcase classname="AptPluginRemoveDense" name="apt_remove">
		<skipped message="SKIPPED: Testing the apt plugin is not supported on this platform.To run the tests call PySys with -XmyPlatform='container'"/>
		<system-out>06:57:23 INFO  ==============================================================
06:57:23 INFO  Id:    apt_remove
06:57:23 INFO  Dir:   plugin_apt/
06:57:23 INFO  Title: Validate apt plugin prepare - dense version
06:57:23 INFO  ==============================================================
06:57:23 INFO  Testing the apt plugin is not supported on this platform.To run the tests call PySys with -XmyPlatform='container' ... skipped
06:57:23 WARN  Aborted test due to SKIPPED outcome
06:57:23 INFO  
06:57:23 INFO  Test duration: 0.03 secs
06:57:23 INFO  Test final outcome:  SKIPPED
06:57:23 INFO  Test outcome reason: Testing the apt plugin is not supported on this platform.To run the tests call PySys with -XmyPlatform='container'
06:57:23 INFO  
</system-out>
	</testcase>
</testsuite>
