<?xml version="1.0" encoding="utf-8"?>
<testsuite failures="0" name="smoketest_json" skipped="0" tests="1" time="45.99" timestamp="2022-04-27T14:26:07">
	<testcase classname="SmokeTestJson" name="smoketest_json"/>
</testsuite>
