<?xml version="1.0" encoding="utf-8"?>
<testsuite failures="1" name="c8y_jwt_token_retrieval" skipped="0" tests="1" time="23.31" timestamp="2022-04-28T07:21:59">
	<testcase classname="ValidateJWTTokenRetrieval" name="c8y_jwt_token_retrieval">
		<failure message="FAILED: Grep on resp_jwt.out contains &quot;\[c8y/s/dat\] 71,&quot;" type="FAILED"/>
		<system-out>07:21:36 INFO  ==============================================================
07:21:36 INFO  Id:    c8y_jwt_token_retrieval
07:21:36 INFO  Dir:   cloud_c8y/
07:21:36 INFO  Title: Validate the Cumulocity JWT Token Retrieval feature
07:21:36 INFO  ==============================================================
07:21:36 INFO  Executed sudo&lt;tedge_disconnect_c8y&gt;, exit status 0
07:21:51 INFO  Executed sudo&lt;tedge_connect_c8y&gt;, exit status 0, duration 14 secs
07:21:51 INFO  Started sudo&lt;resp_jwt&gt; with process id 23814
07:21:53 INFO  Executed sudo&lt;req_jwt&gt;, exit status 0
07:21:54 INFO  Executed sudo&lt;kill_out&gt;, exit status 0
07:21:55 WARN  Grep on resp_jwt.out contains &quot;\[c8y/s/dat\] 71,&quot; ... failed [run.py:60]
07:21:55 INFO  
07:21:55 INFO  cleanup:
07:21:59 INFO  Executed sudo&lt;tedge_disconnect_c8y&gt;, exit status 0
07:21:59 INFO  
07:21:59 INFO  Test duration: 23.31 secs
07:21:59 INFO  Test final outcome:  FAILED
07:21:59 INFO  Test outcome reason: Grep on resp_jwt.out contains &quot;\[c8y/s/dat\] 71,&quot;
07:21:59 INFO  
</system-out>
	</testcase>
</testsuite>
