<?xml version="1.0" encoding="utf-8"?>
<testsuite failures="0" name="monitoring_smaller_interval" skipped="1" tests="1" time="0.05" timestamp="2022-04-19T13:31:10">
	<testcase classname="MonitoringSmallInterval" name="monitoring_smaller_interval">
		<skipped message="SKIPPED: Fails due to retained message"/>
		<system-out>13:31:10 INFO  ==============================================================
13:31:10 INFO  Id:    monitoring_smaller_interval
13:31:10 INFO  Dir:   monitoring/
13:31:10 INFO  Title: Validate the tedge dm agent messages that are produced with smaller sampling interval than the batching window. Here the simulated collectd messages are used
13:31:10 INFO  ==============================================================
13:31:10 INFO  Fails due to retained message ... skipped
13:31:10 INFO  
13:31:10 INFO  Test duration: 0.05 secs
13:31:10 INFO  Test final outcome:  SKIPPED
13:31:10 INFO  Test outcome reason: Fails due to retained message
13:31:10 INFO  
</system-out>
	</testcase>
</testsuite>
