<?xml version="1.0" encoding="utf-8"?>
<testsuite failures="0" name="mqtt_port_set" skipped="0" tests="1" time="21.22" timestamp="2022-04-19T13:30:35">
	<testcase classname="MqttPortSet" name="mqtt_port_set"/>
</testsuite>
