<?xml version="1.0" encoding="utf-8"?>
<testsuite failures="0" name="tedge_mapper_c8y_child_device_measurement" skipped="1" tests="1" time="0.08" timestamp="2022-05-11T11:47:56">
	<testcase classname="TedgeMapperC8yChildDevice" name="tedge_mapper_c8y_child_device_measurement">
		<skipped message="SKIPPED: Test execution disabled due to #1088"/>
		<system-out>11:47:56 INFO  ==============================================================
11:47:56 INFO  Id:    tedge_mapper_c8y_child_device_measurement
11:47:56 INFO  Dir:   tedge_mapper_c8y/
11:47:56 INFO  Title: Validate that measurements sent to tedge/measurements/child topic gets mapped as the child device's measurement in Cumulocity
11:47:56 INFO  ==============================================================
11:47:56 INFO  Test execution disabled due to #1088 ... skipped
11:47:56 INFO  
11:47:56 INFO  Test duration: 0.08 secs
11:47:56 INFO  Test final outcome:  SKIPPED
11:47:56 INFO  Test outcome reason: Test execution disabled due to #1088
11:47:56 INFO  
</system-out>
	</testcase>
</testsuite>
