<?xml version="1.0" encoding="utf-8"?>
<testsuite failures="0" name="SoftwareManagement.sm_fake_install_remove" skipped="1" tests="1" time="0.03" timestamp="2022-05-09T07:07:08">
	<testcase classname="PySysTest" name="SoftwareManagement.sm_fake_install_remove">
		<skipped message="SKIPPED: Testing the fake plugin is not enabled.Use parameter -Xfakeplugin=fakeplugin to enable it"/>
		<system-out>07:07:08 INFO  ==============================================================
07:07:08 INFO  Id:    SoftwareManagement.sm_fake_install_remove
07:07:08 INFO  Dir:   software_management_end_to_end/
07:07:08 INFO  Title: Validate end to end behaviour for the dummy plugin for installation and removal of packages
07:07:08 INFO  ==============================================================
07:07:08 INFO  Testing the fake plugin is not enabled.Use parameter -Xfakeplugin=fakeplugin to enable it ... skipped
07:07:08 WARN  Aborted test due to SKIPPED outcome
07:07:08 INFO  
07:07:08 INFO  Test duration: 0.03 secs
07:07:08 INFO  Test final outcome:  SKIPPED
07:07:08 INFO  Test outcome reason: Testing the fake plugin is not enabled.Use parameter -Xfakeplugin=fakeplugin to enable it
07:07:08 INFO  
</system-out>
	</testcase>
</testsuite>
