<?xml version="1.0" encoding="utf-8"?>
<testsuite failures="0" name="SoftwareManagement.Plugin.apama_plugin_mon_support" skipped="1" tests="1" time="0.03" timestamp="2022-04-27T14:22:43">
	<testcase classname="ApamaPluginMonSupportTest" name="SoftwareManagement.Plugin.apama_plugin_mon_support">
		<skipped message="SKIPPED: Apama plugin tests are disabled by default. Execute `pysys run` with `-XmyPlatform=container` to run these tests"/>
		<system-out>14:22:42 INFO  ==============================================================
14:22:42 INFO  Id:    SoftwareManagement.Plugin.apama_plugin_mon_support
14:22:42 INFO  Dir:   plugin_apama/
14:22:42 INFO  Title: Validate mon file support of apama plugin
14:22:42 INFO  ==============================================================
14:22:42 INFO  Apama plugin tests are disabled by default. Execute `pysys run` with `-XmyPlatform=container` to run these tests ... skipped
14:22:42 WARN  Aborted test due to SKIPPED outcome
14:22:42 INFO  
14:22:42 INFO  Test duration: 0.03 secs
14:22:42 INFO  Test final outcome:  SKIPPED
14:22:43 INFO  Test outcome reason: Apama plugin tests are disabled by default. Execute `pysys run` with `-XmyPlatform=container` to run these tests
14:22:43 INFO  
</system-out>
	</testcase>
</testsuite>
