<?xml version="1.0" encoding="utf-8"?>
<testsuite failures="0" name="smoketest_smartrest" skipped="0" tests="1" time="50.02" timestamp="2022-04-28T15:34:39">
	<testcase classname="SmoketestSmartRest" name="smoketest_smartrest"/>
</testsuite>
