<?xml version="1.0" encoding="utf-8"?>
<testsuite failures="0" name="tedge_agent_user_sudo_access" skipped="1" tests="1" time="0.03" timestamp="2022-05-10T19:39:00">
	<testcase classname="TedgeAgentUserSudoAccess" name="tedge_agent_user_sudo_access">
		<skipped message="SKIPPED: #955 Observation: Exit code of the apt plugin when called with no arguments"/>
		<system-out>19:39:00 INFO  ==============================================================
19:39:00 INFO  Id:    tedge_agent_user_sudo_access
19:39:00 INFO  Dir:   tedge/
19:39:00 INFO  Title: Validate tedge-agent user has a limited sudo right
19:39:00 INFO  ==============================================================
19:39:00 INFO  #955 Observation: Exit code of the apt plugin when called with no arguments ... skipped
19:39:00 INFO  
19:39:00 INFO  Test duration: 0.03 secs
19:39:00 INFO  Test final outcome:  SKIPPED
19:39:00 INFO  Test outcome reason: #955 Observation: Exit code of the apt plugin when called with no arguments
19:39:00 INFO  
</system-out>
	</testcase>
</testsuite>
