<?xml version="1.0" encoding="utf-8"?>
<testsuite failures="0" name="monitoring_with_simulated_messages" skipped="1" tests="1" time="0.02" timestamp="2022-04-21T13:39:02">
	<testcase classname="MonitoringWithSimulatedMessages" name="monitoring_with_simulated_messages">
		<skipped message="SKIPPED: Fails due to retained message"/>
		<system-out>13:39:02 INFO  ==============================================================
13:39:02 INFO  Id:    monitoring_with_simulated_messages
13:39:02 INFO  Dir:   monitoring/
13:39:02 INFO  Title: Validate the tedge dm agent messages that are produced from the simulated collectd messages
13:39:02 INFO  ==============================================================
13:39:02 INFO  Fails due to retained message ... skipped
13:39:02 INFO  
13:39:02 INFO  Test duration: 0.02 secs
13:39:02 INFO  Test final outcome:  SKIPPED
13:39:02 INFO  Test outcome reason: Fails due to retained message
13:39:02 INFO  
</system-out>
	</testcase>
</testsuite>
