<?xml version="1.0" encoding="utf-8"?>
<testsuite failures="0" name="docker_plugin_install" skipped="1" tests="1" time="0.02" timestamp="2022-05-09T06:57:23">
	<testcase classname="DockerPluginInstallTest" name="docker_plugin_install">
		<skipped message="SKIPPED: Testing the docker plugin is not supported on this platform.To run it, all the test with -XmyPlatform='container'"/>
		<system-out>06:57:23 INFO  ==============================================================
06:57:23 INFO  Id:    docker_plugin_install
06:57:23 INFO  Dir:   plugin_docker/
06:57:23 INFO  Title: Validate docker plugin install
06:57:23 INFO  ==============================================================
06:57:23 INFO  Testing the docker plugin is not supported on this platform.To run it, all the test with -XmyPlatform='container' ... skipped
06:57:23 WARN  Aborted test due to SKIPPED outcome
06:57:23 INFO  
06:57:23 INFO  Test duration: 0.02 secs
06:57:23 INFO  Test final outcome:  SKIPPED
06:57:23 INFO  Test outcome reason: Testing the docker plugin is not supported on this platform.To run it, all the test with -XmyPlatform='container'
06:57:23 INFO  
</system-out>
	</testcase>
</testsuite>
