<?xml version="1.0" encoding="utf-8"?>
<testsuite failures="0" name="docker_plugin_finalize" skipped="1" tests="1" time="0.06" timestamp="2022-05-10T19:28:53">
	<testcase classname="DockerPluginFinalizeTest" name="docker_plugin_finalize">
		<skipped message="SKIPPED: Testing the docker plugin is not supported on this platform.To run it, all the test with -XmyPlatform='container'"/>
		<system-out>19:28:52 INFO  ==============================================================
19:28:52 INFO  Id:    docker_plugin_finalize
19:28:52 INFO  Dir:   plugin_docker/
19:28:52 INFO  Title: Validate docker plugin finalize command
19:28:52 INFO  ==============================================================
19:28:53 INFO  Testing the docker plugin is not supported on this platform.To run it, all the test with -XmyPlatform='container' ... skipped
19:28:53 WARN  Aborted test due to SKIPPED outcome
19:28:53 INFO  
19:28:53 INFO  Test duration: 0.06 secs
19:28:53 INFO  Test final outcome:  SKIPPED
19:28:53 INFO  Test outcome reason: Testing the docker plugin is not supported on this platform.To run it, all the test with -XmyPlatform='container'
19:28:53 INFO  
</system-out>
	</testcase>
</testsuite>
