<?xml version="1.0" encoding="utf-8"?>
<testsuite failures="0" name="smoketest_smartrest" skipped="0" tests="1" time="49.19" timestamp="2022-04-19T13:37:24">
	<testcase classname="SmoketestSmartRest" name="smoketest_smartrest"/>
</testsuite>
