<?xml version="1.0" encoding="utf-8"?>
<testsuite failures="0" name="custom_init_system" skipped="0" tests="1" time="29.33" timestamp="2022-05-04T07:58:57">
	<testcase classname="CustomInitSystem" name="custom_init_system"/>
</testsuite>
