<?xml version="1.0" encoding="utf-8"?>
<testsuite failures="0" name="pysys_block" skipped="1" tests="1" time="0.02" timestamp="2022-04-27T14:22:09">
	<testcase classname="Fail" name="pysys_block">
		<skipped message="SKIPPED: Enable this to observe a blocking test"/>
		<system-out>14:22:09 INFO  ==============================================================
14:22:09 INFO  Id:    pysys_block
14:22:09 INFO  Dir:   misc_features/
14:22:09 INFO  Title: fail
14:22:09 INFO  ==============================================================
14:22:09 INFO  Enable this to observe a blocking test ... skipped
14:22:09 INFO  
14:22:09 INFO  Test duration: 0.02 secs
14:22:09 INFO  Test final outcome:  SKIPPED
14:22:09 INFO  Test outcome reason: Enable this to observe a blocking test
14:22:09 INFO  
</system-out>
	</testcase>
</testsuite>
