<?xml version="1.0" encoding="utf-8"?>
<testsuite failures="0" name="tedge_mapper_c8y_child_device_measurement" skipped="1" tests="1" time="0.05" timestamp="2022-05-10T13:25:02">
	<testcase classname="TedgeMapperC8yChildDevice" name="tedge_mapper_c8y_child_device_measurement">
		<skipped message="SKIPPED: Test execution disabled due to #1088"/>
		<system-out>13:25:02 INFO  ==============================================================
13:25:02 INFO  Id:    tedge_mapper_c8y_child_device_measurement
13:25:02 INFO  Dir:   tedge_mapper_c8y/
13:25:02 INFO  Title: Validate that measurements sent to tedge/measurements/child topic gets mapped as the child device's measurement in Cumulocity
13:25:02 INFO  ==============================================================
13:25:02 INFO  Test execution disabled due to #1088 ... skipped
13:25:02 INFO  
13:25:02 INFO  Test duration: 0.05 secs
13:25:02 INFO  Test final outcome:  SKIPPED
13:25:02 INFO  Test outcome reason: Test execution disabled due to #1088
13:25:02 INFO  
</system-out>
	</testcase>
</testsuite>
