<?xml version="1.0" encoding="utf-8"?>
<testsuite failures="1" name="valid_device_id" skipped="0" tests="1" time="52.08" timestamp="2022-05-30T09:08:52">
	<testcase classname="ValidateValidDeviceId" name="valid_device_id">
		<failure message="FAILED: Grep on tedge_connect_c8y_test.out contains &quot;successful&quot;" type="FAILED"/>
		<system-out>09:08:00 INFO  ==============================================================
09:08:00 INFO  Id:    valid_device_id
09:08:00 INFO  Dir:   misc_features/
09:08:00 INFO  Title: Valid device ID
09:08:00 INFO  ==============================================================
09:08:00 INFO  Restarting mosquitto too frequently in the last 10 seconds. It was only up for 6 seconds
09:08:00 INFO  Delaying execution by 5 seconds
09:08:06 INFO  Executed sudo&lt;tedge_disconnect_c8y&gt;, exit status 0
09:08:06 INFO  Executed sudo&lt;create_cert_dir&gt;, exit status 0
09:08:07 INFO  Executed sudo&lt;change_owner_of_dir&gt;, exit status 0
09:08:08 INFO  Executed sudo&lt;set_cert_path&gt;, exit status 0
09:08:08 INFO  Executed sudo&lt;set_key_path&gt;, exit status 0
09:08:09 INFO  Executed sudo&lt;cert_create&gt;, exit status 0
09:08:10 INFO  Executed sudo&lt;cert_upload&gt;, exit status 0
09:08:35 INFO  Executed sudo&lt;tedge_connect_c8y&gt;, exit status 0, duration 24 secs
09:08:46 INFO  Executed sudo&lt;tedge_connect_c8y_test&gt;, exit status 0
09:08:46 INFO  Grep on file tedge_connect_c8y.out ... passed
09:08:47 WARN  Grep on tedge_connect_c8y_test.out contains &quot;successful&quot; ... failed [run.py:108]
09:08:47 INFO  
09:08:47 INFO  cleanup:
09:08:51 INFO  Executed sudo&lt;tedge_disconnect_c8y&gt;, exit status 0
09:08:51 INFO  Executed sudo&lt;unset_cert_path&gt;, exit status 0
09:08:52 INFO  Executed sudo&lt;unset_key_path&gt;, exit status 0
09:08:52 INFO  Executed sudo&lt;remove_cert_dir&gt;, exit status 0
09:08:52 INFO  
09:08:52 INFO  Test duration: 52.08 secs
09:08:52 INFO  Test final outcome:  FAILED
09:08:52 INFO  Test outcome reason: Grep on tedge_connect_c8y_test.out contains &quot;successful&quot;
09:08:52 INFO  
</system-out>
	</testcase>
</testsuite>
