<?xml version="1.0" encoding="utf-8"?>
<testsuite failures="0" name="SoftwareManagement.sm_apt_install_fail" skipped="1" tests="1" time="0.02" timestamp="2022-05-02T15:16:36">
	<testcase classname="PySysTest" name="SoftwareManagement.sm_apt_install_fail">
		<skipped message="SKIPPED: Testing the apt plugin is not supported on this platform.Use parameter -XmyPlatform='container' to enable it"/>
		<system-out>15:16:36 INFO  ==============================================================
15:16:36 INFO  Id:    SoftwareManagement.sm_apt_install_fail
15:16:36 INFO  Dir:   software_management_end_to_end/
15:16:36 INFO  Title: Validate end to end behaviour for a failing installation
15:16:36 INFO  ==============================================================
15:16:36 INFO  Testing the apt plugin is not supported on this platform.Use parameter -XmyPlatform='container' to enable it ... skipped
15:16:36 WARN  Aborted test due to SKIPPED outcome
15:16:36 INFO  
15:16:36 INFO  Test duration: 0.02 secs
15:16:36 INFO  Test final outcome:  SKIPPED
15:16:36 INFO  Test outcome reason: Testing the apt plugin is not supported on this platform.Use parameter -XmyPlatform='container' to enable it
15:16:36 INFO  
</system-out>
	</testcase>
</testsuite>
