<?xml version="1.0" encoding="utf-8"?>
<testsuite failures="1" name="c8y_jwt_token_retrieval" skipped="0" tests="1" time="23.98" timestamp="2022-05-16T07:20:11">
	<testcase classname="ValidateJWTTokenRetrieval" name="c8y_jwt_token_retrieval">
		<failure message="FAILED: Grep on resp_jwt.out contains &quot;\[c8y/s/dat\] 71,&quot;" type="FAILED"/>
		<system-out>07:19:47 INFO  ==============================================================
07:19:47 INFO  Id:    c8y_jwt_token_retrieval
07:19:47 INFO  Dir:   cloud_c8y/
07:19:47 INFO  Title: Validate the Cumulocity JWT Token Retrieval feature
07:19:47 INFO  ==============================================================
07:19:48 INFO  Executed sudo&lt;tedge_disconnect_c8y&gt;, exit status 0
07:20:03 INFO  Executed sudo&lt;tedge_connect_c8y&gt;, exit status 0, duration 15 secs
07:20:03 INFO  Started sudo&lt;resp_jwt&gt; with process id 843
07:20:04 INFO  Executed sudo&lt;req_jwt&gt;, exit status 0
07:20:06 INFO  Executed sudo&lt;kill_out&gt;, exit status 0
07:20:07 WARN  Grep on resp_jwt.out contains &quot;\[c8y/s/dat\] 71,&quot; ... failed [run.py:60]
07:20:07 INFO  
07:20:07 INFO  cleanup:
07:20:11 INFO  Executed sudo&lt;tedge_disconnect_c8y&gt;, exit status 0
07:20:11 INFO  
07:20:11 INFO  Test duration: 23.98 secs
07:20:11 INFO  Test final outcome:  FAILED
07:20:11 INFO  Test outcome reason: Grep on resp_jwt.out contains &quot;\[c8y/s/dat\] 71,&quot;
07:20:11 INFO  
</system-out>
	</testcase>
</testsuite>
