<?xml version="1.0" encoding="utf-8"?>
<testsuite failures="1" name="local_mqtt_pub_sub" skipped="0" tests="1" time="2.19" timestamp="2022-05-16T07:20:21">
	<testcase classname="PySysTest" name="local_mqtt_pub_sub">
		<failure message="FAILED: Grep on tedge_sub.out contains &quot;\[atopic\] amessage&quot;" type="FAILED"/>
		<system-out>07:20:19 INFO  ==============================================================
07:20:19 INFO  Id:    local_mqtt_pub_sub
07:20:19 INFO  Dir:   local_mqtt/
07:20:19 INFO  Title: Validate local publishing and subscribing
07:20:19 INFO  ==============================================================
07:20:19 INFO  Started tedge_sub with process id 924
07:20:19 INFO  Started tedge_sub_no_topic with process id 925
07:20:19 INFO  Executed tedge_pub2, exit status 0
07:20:20 INFO  Executed tedge_pub3, exit status 0
07:20:20 INFO  Executed sudo&lt;kill_out&gt;, exit status 0
07:20:21 INFO  Executed sudo&lt;kill_out&gt;, exit status 0
07:20:21 WARN  Grep on tedge_sub.out contains &quot;\[atopic\] amessage&quot; ... failed [run.py:75]
07:20:21 INFO  Grep on file tedge_sub.out ... passed
07:20:21 INFO  Grep on file tedge_sub_no_topic.out ... passed
07:20:21 INFO  
07:20:21 INFO  Test duration: 2.19 secs
07:20:21 INFO  Test final outcome:  FAILED
07:20:21 INFO  Test outcome reason: Grep on tedge_sub.out contains &quot;\[atopic\] amessage&quot;
07:20:21 INFO  
</system-out>
	</testcase>
</testsuite>
