<?xml version="1.0" encoding="utf-8"?>
<testsuite failures="0" name="smoketest_smartrest_200_samples_20ms" skipped="0" tests="1" time="108.45" timestamp="2022-05-10T13:20:08">
	<testcase classname="SmoketestSmartRest200Samples20ms" name="smoketest_smartrest_200_samples_20ms"/>
</testsuite>
