<?xml version="1.0" encoding="utf-8"?>
<testsuite failures="0" name="tedge_software_update" skipped="0" tests="1" time="27.06" timestamp="2022-05-09T07:08:02">
	<testcase classname="PySysTest" name="tedge_software_update"/>
</testsuite>
