<?xml version="1.0" encoding="utf-8"?>
<testsuite failures="0" name="SoftwareManagement.Plugin.apama_plugin_install" skipped="1" tests="1" time="0.07" timestamp="2022-04-27T14:22:42">
	<testcase classname="ApamaPluginInstallTest" name="SoftwareManagement.Plugin.apama_plugin_install">
		<skipped message="SKIPPED: Apama plugin tests are disabled by default. Execute `pysys run` with `-XmyPlatform=container` to run these tests"/>
		<system-out>14:22:42 INFO  ==============================================================
14:22:42 INFO  Id:    SoftwareManagement.Plugin.apama_plugin_install
14:22:42 INFO  Dir:   plugin_apama/
14:22:42 INFO  Title: Validate apama plugin install
14:22:42 INFO  ==============================================================
14:22:42 INFO  Apama plugin tests are disabled by default. Execute `pysys run` with `-XmyPlatform=container` to run these tests ... skipped
14:22:42 WARN  Aborted test due to SKIPPED outcome
14:22:42 INFO  
14:22:42 INFO  Test duration: 0.07 secs
14:22:42 INFO  Test final outcome:  SKIPPED
14:22:42 INFO  Test outcome reason: Apama plugin tests are disabled by default. Execute `pysys run` with `-XmyPlatform=container` to run these tests
14:22:42 INFO  
</system-out>
	</testcase>
</testsuite>
