<?xml version="1.0" encoding="utf-8"?>
<testsuite failures="0" name="publish_sawmill" skipped="0" tests="1" time="79.04" timestamp="2022-05-09T06:59:57">
	<testcase classname="PublishSawmill" name="publish_sawmill"/>
</testsuite>
