<?xml version="1.0" encoding="utf-8"?>
<testsuite failures="0" name="pysys_block" skipped="1" tests="1" time="0.02" timestamp="2022-05-09T06:56:46">
	<testcase classname="Fail" name="pysys_block">
		<skipped message="SKIPPED: Enable this to observe a blocking test"/>
		<system-out>06:56:46 INFO  ==============================================================
06:56:46 INFO  Id:    pysys_block
06:56:46 INFO  Dir:   misc_features/
06:56:46 INFO  Title: fail
06:56:46 INFO  ==============================================================
06:56:46 INFO  Enable this to observe a blocking test ... skipped
06:56:46 INFO  
06:56:46 INFO  Test duration: 0.02 secs
06:56:46 INFO  Test final outcome:  SKIPPED
06:56:46 INFO  Test outcome reason: Enable this to observe a blocking test
06:56:46 INFO  
</system-out>
	</testcase>
</testsuite>
