<?xml version="1.0" encoding="utf-8"?>
<testsuite failures="0" name="publish_flux" skipped="0" tests="1" time="72.95" timestamp="2022-04-28T07:26:17">
	<testcase classname="PublishFlux" name="publish_flux"/>
</testsuite>
