<?xml version="1.0" encoding="utf-8"?>
<testsuite failures="1" name="runtime_start_two_mappers" skipped="0" tests="1" time="1.79" timestamp="2022-04-27T14:36:09">
	<testcase classname="RuntimeMultiMappers" name="runtime_start_two_mappers">
		<failure message="FAILED: Grep on tedge_mapper2.err contains &quot;Error: Couldn't acquire file lock.&quot;" type="FAILED"/>
		<system-out>14:36:07 INFO  ==============================================================
14:36:07 INFO  Id:    runtime_start_two_mappers
14:36:07 INFO  Dir:   tedge_mapper_c8y/
14:36:07 INFO  Title: Validate two mappers can't be started at the same time
14:36:07 INFO  ==============================================================
14:36:07 INFO  Executed sudo&lt;tedge_mapper1&gt;, exit status 0
14:36:07 INFO  Waiting for 0.1 seconds
14:36:08 INFO  Executed sudo&lt;tedge_mapper2&gt;, exit status 1
14:36:09 INFO  Executed sudo&lt;tedge_mapper1&gt;, exit status 0
14:36:09 WARN  Grep on tedge_mapper2.err contains &quot;Error: Couldn't acquire file lock.&quot; ... failed [run.py:46]
14:36:09 INFO  
14:36:09 INFO  Test duration: 1.79 secs
14:36:09 INFO  Test final outcome:  FAILED
14:36:09 INFO  Test outcome reason: Grep on tedge_mapper2.err contains &quot;Error: Couldn't acquire file lock.&quot;
14:36:09 INFO  
</system-out>
	</testcase>
</testsuite>
