<?xml version="1.0" encoding="utf-8"?>
<testsuite failures="0" name="smoketest_smartrest" skipped="0" tests="1" time="48.6" timestamp="2022-04-21T13:45:12">
	<testcase classname="SmoketestSmartRest" name="smoketest_smartrest"/>
</testsuite>
