<?xml version="1.0" encoding="utf-8"?>
<testsuite failures="1" name="log_request_num_lines" skipped="0" tests="1" time="34.91" timestamp="2022-05-04T07:58:28">
	<testcase classname="LogRequestVerifyNumberOfLines" name="log_request_num_lines">
		<failure message="FAILED: Assert that (True == value) with value=False" type="FAILED"/>
		<system-out>07:57:53 INFO  ==============================================================
07:57:53 INFO  Id:    log_request_num_lines
07:57:53 INFO  Dir:   log_request_end_to_end/
07:57:53 INFO  Title: Validate end to end behaviour for the log request operation check for number of lines
07:57:53 INFO  ==============================================================
07:57:53 INFO  EnvironmentC8y Setup
07:57:54 INFO  Executed systemctl&lt;serv_mapper1&gt;, exit status 3
07:57:54 INFO  Restarting mosquitto too frequently in the last 10 seconds. It was only up for 3 seconds
07:57:54 INFO  Delaying execution by 8 seconds
07:58:16 INFO  Executed sudo&lt;tedge_connect_c8y&gt;, exit status 0, duration 14 secs
07:58:17 INFO  Executed sudo&lt;tedge_connect_c8y_test&gt;, exit status 0
07:58:17 INFO  Executed systemctl&lt;serv_mosq2&gt;, exit status 0
07:58:18 INFO  Executed systemctl&lt;serv_mapper3&gt;, exit status 0
07:58:18 INFO  Executed sudo&lt;rm_logs&gt;, exit status 0
07:58:19 INFO  Executed sudo&lt;move_logs&gt;, exit status 0
07:58:19 INFO  log response None
07:58:19 WARN  retry, retrying in 1 seconds...
07:58:21 INFO  log response https://thin-edge-io.eu-latest.cumulocity.com/event/events/18350241/binaries
07:58:21 INFO  nlines 0
07:58:22 WARN  Assert that (True == value) with value=False ... failed [run.py:44]
07:58:22 INFO  
07:58:22 INFO  cleanup:
07:58:22 INFO  Executed sudo&lt;rm_logs&gt;, exit status 0
07:58:23 INFO  Executed sudo&lt;rm_tmp_logs&gt;, exit status 0
07:58:23 INFO  Executed sudo&lt;send_failed&gt;, exit status 0
07:58:27 INFO  Executed sudo&lt;tedge_disconnect_c8y&gt;, exit status 0
07:58:28 INFO  Executed systemctl&lt;serv_mapper5&gt;, exit status 3
07:58:28 INFO  
07:58:28 INFO  Test duration: 34.91 secs
07:58:28 INFO  Test final outcome:  FAILED
07:58:28 INFO  Test outcome reason: Assert that (True == value) with value=False
07:58:28 INFO  
</system-out>
	</testcase>
</testsuite>
