<?xml version="1.0" encoding="utf-8"?>
<testsuite failures="1" name="runtime_start_two_mappers" skipped="0" tests="1" time="2.36" timestamp="2022-04-21T13:52:35">
	<testcase classname="RuntimeMultiMappers" name="runtime_start_two_mappers">
		<failure message="FAILED: Grep on tedge_mapper2.err contains &quot;Error: Couldn't acquire file lock.&quot;" type="FAILED"/>
		<system-out>13:52:32 INFO  ==============================================================
13:52:32 INFO  Id:    runtime_start_two_mappers
13:52:32 INFO  Dir:   tedge_mapper_c8y/
13:52:32 INFO  Title: Validate two mappers can't be started at the same time
13:52:32 INFO  ==============================================================
13:52:33 INFO  Executed sudo&lt;tedge_mapper1&gt;, exit status 0
13:52:33 INFO  Waiting for 0.1 seconds
13:52:34 INFO  Executed sudo&lt;tedge_mapper2&gt;, exit status 1
13:52:34 INFO  Executed sudo&lt;tedge_mapper1&gt;, exit status 0
13:52:35 WARN  Grep on tedge_mapper2.err contains &quot;Error: Couldn't acquire file lock.&quot; ... failed [run.py:46]
13:52:35 INFO  
13:52:35 INFO  Test duration: 2.36 secs
13:52:35 INFO  Test final outcome:  FAILED
13:52:35 INFO  Test outcome reason: Grep on tedge_mapper2.err contains &quot;Error: Couldn't acquire file lock.&quot;
13:52:35 INFO  
</system-out>
	</testcase>
</testsuite>
