<?xml version="1.0" encoding="utf-8"?>
<testsuite failures="0" name="tedge_software_update" skipped="0" tests="1" time="26.62" timestamp="2022-05-11T11:43:56">
	<testcase classname="PySysTest" name="tedge_software_update"/>
</testsuite>
