<?xml version="1.0" encoding="utf-8"?>
<testsuite failures="0" name="tedge_agent_user_sudo_access" skipped="1" tests="1" time="0.04" timestamp="2022-04-21T13:49:18">
	<testcase classname="TedgeAgentUserSudoAccess" name="tedge_agent_user_sudo_access">
		<skipped message="SKIPPED: #955 Observation: Exit code of the apt plugin when called with no arguments"/>
		<system-out>13:49:18 INFO  ==============================================================
13:49:18 INFO  Id:    tedge_agent_user_sudo_access
13:49:18 INFO  Dir:   tedge/
13:49:18 INFO  Title: Validate tedge-agent user has a limited sudo right
13:49:18 INFO  ==============================================================
13:49:18 INFO  #955 Observation: Exit code of the apt plugin when called with no arguments ... skipped
13:49:18 INFO  
13:49:18 INFO  Test duration: 0.04 secs
13:49:18 INFO  Test final outcome:  SKIPPED
13:49:18 INFO  Test outcome reason: #955 Observation: Exit code of the apt plugin when called with no arguments
13:49:18 INFO  
</system-out>
	</testcase>
</testsuite>
