<?xml version="1.0" encoding="utf-8"?>
<testsuite failures="0" name="SoftwareManagement.sm_apt_install_download_path" skipped="1" tests="1" time="0.27" timestamp="2022-05-09T07:07:07">
	<testcase classname="AptInstallWithDownloadPath" name="SoftwareManagement.sm_apt_install_download_path">
		<skipped message="SKIPPED: Testing the apt plugin is not supported on this platform.Use parameter -XmyPlatform='container' to enable it"/>
		<system-out>07:07:07 INFO  ==============================================================
07:07:07 INFO  Id:    SoftwareManagement.sm_apt_install_download_path
07:07:07 INFO  Dir:   software_management_end_to_end/
07:07:07 INFO  Title: Install package to directory specified in tedge config set tmp.path
07:07:07 INFO  ==============================================================
07:07:07 INFO  Testing the apt plugin is not supported on this platform.Use parameter -XmyPlatform='container' to enable it ... skipped
07:07:07 WARN  Aborted test due to SKIPPED outcome
07:07:07 INFO  
07:07:07 INFO  Test duration: 0.27 secs
07:07:07 INFO  Test final outcome:  SKIPPED
07:07:07 INFO  Test outcome reason: Testing the apt plugin is not supported on this platform.Use parameter -XmyPlatform='container' to enable it
07:07:07 INFO  
</system-out>
	</testcase>
</testsuite>
