<?xml version="1.0" encoding="utf-8"?>
<testsuite failures="1" name="runtime_start_two_mappers" skipped="0" tests="1" time="1.76" timestamp="2022-04-28T15:40:05">
	<testcase classname="RuntimeMultiMappers" name="runtime_start_two_mappers">
		<failure message="FAILED: Grep on tedge_mapper2.err contains &quot;Error: Couldn't acquire file lock.&quot;" type="FAILED"/>
		<system-out>15:40:03 INFO  ==============================================================
15:40:03 INFO  Id:    runtime_start_two_mappers
15:40:03 INFO  Dir:   tedge_mapper_c8y/
15:40:03 INFO  Title: Validate two mappers can't be started at the same time
15:40:03 INFO  ==============================================================
15:40:04 INFO  Executed sudo&lt;tedge_mapper1&gt;, exit status 0
15:40:04 INFO  Waiting for 0.1 seconds
15:40:04 INFO  Executed sudo&lt;tedge_mapper2&gt;, exit status 1
15:40:05 INFO  Executed sudo&lt;tedge_mapper1&gt;, exit status 0
15:40:05 WARN  Grep on tedge_mapper2.err contains &quot;Error: Couldn't acquire file lock.&quot; ... failed [run.py:46]
15:40:05 INFO  
15:40:05 INFO  Test duration: 1.76 secs
15:40:05 INFO  Test final outcome:  FAILED
15:40:05 INFO  Test outcome reason: Grep on tedge_mapper2.err contains &quot;Error: Couldn't acquire file lock.&quot;
15:40:05 INFO  
</system-out>
	</testcase>
</testsuite>
