<?xml version="1.0" encoding="utf-8"?>
<testsuite failures="0" name="pysys_fail" skipped="1" tests="1" time="0.11" timestamp="2022-04-19T13:30:37">
	<testcase classname="Fail" name="pysys_fail">
		<skipped message="SKIPPED: Enable this to observe a failing test"/>
		<system-out>13:30:37 INFO  ==============================================================
13:30:37 INFO  Id:    pysys_fail
13:30:37 INFO  Dir:   misc_features/
13:30:37 INFO  Title: fail
13:30:37 INFO  ==============================================================
13:30:37 INFO  Enable this to observe a failing test ... skipped
13:30:37 INFO  
13:30:37 INFO  Test duration: 0.11 secs
13:30:37 INFO  Test final outcome:  SKIPPED
13:30:37 INFO  Test outcome reason: Enable this to observe a failing test
13:30:37 INFO  
</system-out>
	</testcase>
</testsuite>
