<?xml version="1.0" encoding="utf-8"?>
<testsuite failures="0" name="SoftwareManagement.Plugin.apama_plugin_install" skipped="1" tests="1" time="0.38" timestamp="2022-05-09T06:57:19">
	<testcase classname="ApamaPluginInstallTest" name="SoftwareManagement.Plugin.apama_plugin_install">
		<skipped message="SKIPPED: Apama plugin tests are disabled by default. Execute `pysys run` with `-XmyPlatform=container` to run these tests"/>
		<system-out>06:57:18 INFO  ==============================================================
06:57:18 INFO  Id:    SoftwareManagement.Plugin.apama_plugin_install
06:57:18 INFO  Dir:   plugin_apama/
06:57:18 INFO  Title: Validate apama plugin install
06:57:18 INFO  ==============================================================
06:57:19 INFO  Apama plugin tests are disabled by default. Execute `pysys run` with `-XmyPlatform=container` to run these tests ... skipped
06:57:19 WARN  Aborted test due to SKIPPED outcome
06:57:19 INFO  
06:57:19 INFO  Test duration: 0.38 secs
06:57:19 INFO  Test final outcome:  SKIPPED
06:57:19 INFO  Test outcome reason: Apama plugin tests are disabled by default. Execute `pysys run` with `-XmyPlatform=container` to run these tests
06:57:19 INFO  
</system-out>
	</testcase>
</testsuite>
