<?xml version="1.0" encoding="utf-8"?>
<testsuite failures="1" name="c8y_jwt_token_retrieval" skipped="0" tests="1" time="23.82" timestamp="2022-04-21T08:20:42">
	<testcase classname="ValidateJWTTokenRetrieval" name="c8y_jwt_token_retrieval">
		<failure message="FAILED: Grep on resp_jwt.out contains &quot;\[c8y/s/dat\] 71,&quot;" type="FAILED"/>
		<system-out>08:20:18 INFO  ==============================================================
08:20:18 INFO  Id:    c8y_jwt_token_retrieval
08:20:18 INFO  Dir:   cloud_c8y/
08:20:18 INFO  Title: Validate the Cumulocity JWT Token Retrieval feature
08:20:18 INFO  ==============================================================
08:20:18 INFO  Executed sudo&lt;tedge_disconnect_c8y&gt;, exit status 0
08:20:33 INFO  Executed sudo&lt;tedge_connect_c8y&gt;, exit status 0, duration 14 secs
08:20:33 INFO  Started sudo&lt;resp_jwt&gt; with process id 24424
08:20:35 INFO  Executed sudo&lt;req_jwt&gt;, exit status 0
08:20:37 INFO  Executed sudo&lt;kill_out&gt;, exit status 0
08:20:37 WARN  Grep on resp_jwt.out contains &quot;\[c8y/s/dat\] 71,&quot; ... failed [run.py:60]
08:20:37 INFO  
08:20:37 INFO  cleanup:
08:20:42 INFO  Executed sudo&lt;tedge_disconnect_c8y&gt;, exit status 0
08:20:42 INFO  
08:20:42 INFO  Test duration: 23.82 secs
08:20:42 INFO  Test final outcome:  FAILED
08:20:42 INFO  Test outcome reason: Grep on resp_jwt.out contains &quot;\[c8y/s/dat\] 71,&quot;
08:20:42 INFO  
</system-out>
	</testcase>
</testsuite>
