<?xml version="1.0" encoding="utf-8"?>
<testsuite failures="0" name="mqtt_port_unset" skipped="0" tests="1" time="1.89" timestamp="2022-05-16T07:21:31">
	<testcase classname="MqttPortUnSet" name="mqtt_port_unset"/>
</testsuite>
