<?xml version="1.0" encoding="utf-8"?>
<testsuite failures="1" name="log_request_num_lines" skipped="0" tests="1" time="33.21" timestamp="2022-04-28T15:26:59">
	<testcase classname="LogRequestVerifyNumberOfLines" name="log_request_num_lines">
		<failure message="FAILED: Assert that (True == value) with value=False" type="FAILED"/>
		<system-out>15:26:26 INFO  ==============================================================
15:26:26 INFO  Id:    log_request_num_lines
15:26:26 INFO  Dir:   log_request_end_to_end/
15:26:26 INFO  Title: Validate end to end behaviour for the log request operation check for number of lines
15:26:26 INFO  ==============================================================
15:26:26 INFO  EnvironmentC8y Setup
15:26:27 INFO  Executed systemctl&lt;serv_mapper1&gt;, exit status 3
15:26:27 INFO  Restarting mosquitto too frequently in the last 10 seconds. It was only up for 4 seconds
15:26:27 INFO  Delaying execution by 7 seconds
15:26:48 INFO  Executed sudo&lt;tedge_connect_c8y&gt;, exit status 0, duration 14 secs
15:26:49 INFO  Executed sudo&lt;tedge_connect_c8y_test&gt;, exit status 0
15:26:49 INFO  Executed systemctl&lt;serv_mosq2&gt;, exit status 0
15:26:50 INFO  Executed systemctl&lt;serv_mapper3&gt;, exit status 0
15:26:50 INFO  Executed sudo&lt;rm_logs&gt;, exit status 0
15:26:51 INFO  Executed sudo&lt;move_logs&gt;, exit status 0
15:26:52 INFO  log response None
15:26:52 WARN  retry, retrying in 1 seconds...
15:26:53 INFO  log response https://thin-edge-io.eu-latest.cumulocity.com/event/events/17915248/binaries
15:26:53 INFO  nlines 0
15:26:53 WARN  Assert that (True == value) with value=False ... failed [run.py:44]
15:26:53 INFO  
15:26:53 INFO  cleanup:
15:26:54 INFO  Executed sudo&lt;rm_logs&gt;, exit status 0
15:26:54 INFO  Executed sudo&lt;rm_tmp_logs&gt;, exit status 0
15:26:55 INFO  Executed sudo&lt;send_failed&gt;, exit status 0
15:26:59 INFO  Executed sudo&lt;tedge_disconnect_c8y&gt;, exit status 0
15:26:59 INFO  Executed systemctl&lt;serv_mapper5&gt;, exit status 3
15:26:59 INFO  
15:26:59 INFO  Test duration: 33.21 secs
15:26:59 INFO  Test final outcome:  FAILED
15:26:59 INFO  Test outcome reason: Assert that (True == value) with value=False
15:26:59 INFO  
</system-out>
	</testcase>
</testsuite>
