<?xml version="1.0" encoding="utf-8"?>
<testsuite failures="0" name="publish_flux" skipped="0" tests="1" time="73.32" timestamp="2022-04-19T13:32:29">
	<testcase classname="PublishFlux" name="publish_flux"/>
</testsuite>
