<?xml version="1.0" encoding="utf-8"?>
<testsuite failures="0" name="apt_finalize" skipped="1" tests="1" time="0.03" timestamp="2022-05-30T09:08:53">
	<testcase classname="AptPluginFinalize" name="apt_finalize">
		<skipped message="SKIPPED: Testing the apt plugin is not supported on this platform.To run the tests call PySys with -XmyPlatform='container'"/>
		<system-out>09:08:53 INFO  ==============================================================
09:08:53 INFO  Id:    apt_finalize
09:08:53 INFO  Dir:   plugin_apt/
09:08:53 INFO  Title: Validate apt plugin finalize - dense version
09:08:53 INFO  ==============================================================
09:08:53 INFO  Testing the apt plugin is not supported on this platform.To run the tests call PySys with -XmyPlatform='container' ... skipped
09:08:53 WARN  Aborted test due to SKIPPED outcome
09:08:53 INFO  
09:08:53 INFO  Test duration: 0.03 secs
09:08:53 INFO  Test final outcome:  SKIPPED
09:08:53 INFO  Test outcome reason: Testing the apt plugin is not supported on this platform.To run the tests call PySys with -XmyPlatform='container'
09:08:53 INFO  
</system-out>
	</testcase>
</testsuite>
