<?xml version="1.0" encoding="utf-8"?>
<testsuite failures="0" name="publish_flux" skipped="0" tests="1" time="72.48" timestamp="2022-04-28T15:29:47">
	<testcase classname="PublishFlux" name="publish_flux"/>
</testsuite>
