<?xml version="1.0" encoding="utf-8"?>
<testsuite failures="0" name="local_mqtt_sub_fail" skipped="0" tests="1" time="1.98" timestamp="2022-05-04T07:57:51">
	<testcase classname="PySysTest" name="local_mqtt_sub_fail"/>
</testsuite>
