<?xml version="1.0" encoding="utf-8"?>
<testsuite failures="0" name="SoftwareManagement.sm_apt_install_remove_with_version" skipped="1" tests="1" time="0.02" timestamp="2022-04-21T08:33:30">
	<testcase classname="PySysTest" name="SoftwareManagement.sm_apt_install_remove_with_version">
		<skipped message="SKIPPED: Testing the apt plugin is not supported on this platform.Use parameter -XmyPlatform='container' to enable it"/>
		<system-out>08:33:30 INFO  ==============================================================
08:33:30 INFO  Id:    SoftwareManagement.sm_apt_install_remove_with_version
08:33:30 INFO  Dir:   software_management_end_to_end/
08:33:30 INFO  Title: Validate end to end behaviour for the apt plugin for packages with version
08:33:30 INFO  ==============================================================
08:33:30 INFO  Testing the apt plugin is not supported on this platform.Use parameter -XmyPlatform='container' to enable it ... skipped
08:33:30 WARN  Aborted test due to SKIPPED outcome
08:33:30 INFO  
08:33:30 INFO  Test duration: 0.02 secs
08:33:30 INFO  Test final outcome:  SKIPPED
08:33:30 INFO  Test outcome reason: Testing the apt plugin is not supported on this platform.Use parameter -XmyPlatform='container' to enable it
08:33:30 INFO  
</system-out>
	</testcase>
</testsuite>
