<?xml version="1.0" encoding="utf-8"?>
<testsuite failures="1" name="agent_init_session" skipped="0" tests="1" time="6.49" timestamp="2022-05-10T19:39:34">
	<testcase classname="AgentInitSession" name="agent_init_session">
		<failure message="FAILED: Grep on sub_resp.out contains &quot;Ld3KgqpcLDlrYH6sfpG7w&quot;" type="FAILED"/>
		<system-out>19:39:27 INFO  ==============================================================
19:39:27 INFO  Id:    agent_init_session
19:39:27 INFO  Dir:   tedge_agent/
19:39:27 INFO  Title: Validate tedge agent init session feature
19:39:27 INFO  ==============================================================
19:39:28 INFO  Executed sudo&lt;remove_lock&gt;, exit status 0
19:39:28 INFO  Executed sudo&lt;agent_clear&gt;, exit status 0
19:39:29 INFO  Executed sudo&lt;agent_init&gt;, exit status 0
19:39:29 INFO  Executed sudo&lt;pub_req&gt;, exit status 0
19:39:29 INFO  Started sudo&lt;sub_resp&gt; with process id 25695
19:39:30 INFO  Executed sudo&lt;agent_start&gt;, exit status 0
19:39:30 INFO  Waiting for 2.0 seconds
19:39:33 INFO  Executed sudo&lt;agent_stop&gt;, exit status 0
19:39:33 INFO  Executed sudo&lt;sub_stop&gt;, exit status 0
19:39:34 WARN  Grep on sub_resp.out contains &quot;Ld3KgqpcLDlrYH6sfpG7w&quot; ... failed [run.py:87]
19:39:34 INFO  
19:39:34 INFO  Test duration: 6.49 secs
19:39:34 INFO  Test final outcome:  FAILED
19:39:34 INFO  Test outcome reason: Grep on sub_resp.out contains &quot;Ld3KgqpcLDlrYH6sfpG7w&quot;
19:39:34 INFO  
</system-out>
	</testcase>
</testsuite>
