<?xml version="1.0" encoding="utf-8"?>
<testsuite failures="0" name="smoketest_smartrest_200_samples_1Xms" skipped="0" tests="1" time="108.5" timestamp="2022-05-02T15:14:49">
	<testcase classname="SmoketestSmartRest200Samples1Xms" name="smoketest_smartrest_200_samples_1Xms"/>
</testsuite>
