<?xml version="1.0" encoding="utf-8"?>
<testsuite failures="0" name="apt_sequence_install_with_version_fail" skipped="1" tests="1" time="0.02" timestamp="2022-05-30T09:08:57">
	<testcase classname="AptPluginInstallWithVersionFails" name="apt_sequence_install_with_version_fail">
		<skipped message="SKIPPED: Testing the apt plugin is not supported on this platform.To run the tests call PySys with -XmyPlatform='container'"/>
		<system-out>09:08:57 INFO  ==============================================================
09:08:57 INFO  Id:    apt_sequence_install_with_version_fail
09:08:57 INFO  Dir:   plugin_apt/
09:08:57 INFO  Title: Validate apt plugin install with version fails use case
09:08:57 INFO  ==============================================================
09:08:57 INFO  Testing the apt plugin is not supported on this platform.To run the tests call PySys with -XmyPlatform='container' ... skipped
09:08:57 WARN  Aborted test due to SKIPPED outcome
09:08:57 INFO  
09:08:57 INFO  Test duration: 0.02 secs
09:08:57 INFO  Test final outcome:  SKIPPED
09:08:57 INFO  Test outcome reason: Testing the apt plugin is not supported on this platform.To run the tests call PySys with -XmyPlatform='container'
09:08:57 INFO  
</system-out>
	</testcase>
</testsuite>
