<?xml version="1.0" encoding="utf-8"?>
<testsuite failures="0" name="publish_flux" skipped="0" tests="1" time="72.85" timestamp="2022-04-27T14:24:00">
	<testcase classname="PublishFlux" name="publish_flux"/>
</testsuite>
