<?xml version="1.0" encoding="utf-8"?>
<testsuite failures="0" name="apt_prepare" skipped="1" tests="1" time="0.04" timestamp="2022-04-21T08:23:44">
	<testcase classname="AptPluginPrepare" name="apt_prepare">
		<skipped message="SKIPPED: Testing the apt plugin is not supported on this platform.To run the tests call PySys with -XmyPlatform='container'"/>
		<system-out>08:23:44 INFO  ==============================================================
08:23:44 INFO  Id:    apt_prepare
08:23:44 INFO  Dir:   plugin_apt/
08:23:44 INFO  Title: Validate apt plugin install - dense version
08:23:44 INFO  ==============================================================
08:23:44 INFO  Testing the apt plugin is not supported on this platform.To run the tests call PySys with -XmyPlatform='container' ... skipped
08:23:44 WARN  Aborted test due to SKIPPED outcome
08:23:44 INFO  
08:23:44 INFO  Test duration: 0.04 secs
08:23:44 INFO  Test final outcome:  SKIPPED
08:23:44 INFO  Test outcome reason: Testing the apt plugin is not supported on this platform.To run the tests call PySys with -XmyPlatform='container'
08:23:44 INFO  
</system-out>
	</testcase>
</testsuite>
