<?xml version="1.0" encoding="utf-8"?>
<testsuite failures="0" name="agent_init_session" skipped="0" tests="1" time="5.81" timestamp="2022-05-03T08:04:58">
	<testcase classname="AgentInitSession" name="agent_init_session"/>
</testsuite>
