<?xml version="1.0" encoding="utf-8"?>
<testsuite failures="0" name="docker_plugin_remove" skipped="1" tests="1" time="0.02" timestamp="2022-05-16T07:22:34">
	<testcase classname="DockerPluginRemoveTest" name="docker_plugin_remove">
		<skipped message="SKIPPED: Testing the docker plugin is not supported on this platform.To run it, all the test with -XmyPlatform='container'"/>
		<system-out>07:22:34 INFO  ==============================================================
07:22:34 INFO  Id:    docker_plugin_remove
07:22:34 INFO  Dir:   plugin_docker/
07:22:34 INFO  Title: Validate docker plugin remove
07:22:34 INFO  ==============================================================
07:22:34 INFO  Testing the docker plugin is not supported on this platform.To run it, all the test with -XmyPlatform='container' ... skipped
07:22:34 WARN  Aborted test due to SKIPPED outcome
07:22:34 INFO  
07:22:34 INFO  Test duration: 0.02 secs
07:22:34 INFO  Test final outcome:  SKIPPED
07:22:34 INFO  Test outcome reason: Testing the docker plugin is not supported on this platform.To run it, all the test with -XmyPlatform='container'
07:22:34 INFO  
</system-out>
	</testcase>
</testsuite>
