<?xml version="1.0" encoding="utf-8"?>
<testsuite failures="0" name="call_tedge_config_list" skipped="0" tests="1" time="23.96" timestamp="2022-04-21T13:49:18">
	<testcase classname="PySysTest" name="call_tedge_config_list"/>
</testsuite>
