<?xml version="1.0" encoding="utf-8"?>
<testsuite failures="0" name="publish_flux" skipped="0" tests="1" time="73.6" timestamp="2022-05-10T19:30:07">
	<testcase classname="PublishFlux" name="publish_flux"/>
</testsuite>
