<?xml version="1.0" encoding="utf-8"?>
<testsuite failures="0" name="docker_plugin_install_with_version" skipped="1" tests="1" time="0.03" timestamp="2022-05-11T11:33:22">
	<testcase classname="DockerPluginInstallWithVersionTest" name="docker_plugin_install_with_version">
		<skipped message="SKIPPED: Testing the docker plugin is not supported on this platform.To run it, all the test with -XmyPlatform='container'"/>
		<system-out>11:33:22 INFO  ==============================================================
11:33:22 INFO  Id:    docker_plugin_install_with_version
11:33:22 INFO  Dir:   plugin_docker/
11:33:22 INFO  Title: Validate docker plugin install
11:33:22 INFO  ==============================================================
11:33:22 INFO  Testing the docker plugin is not supported on this platform.To run it, all the test with -XmyPlatform='container' ... skipped
11:33:22 WARN  Aborted test due to SKIPPED outcome
11:33:22 INFO  
11:33:22 INFO  Test duration: 0.03 secs
11:33:22 INFO  Test final outcome:  SKIPPED
11:33:22 INFO  Test outcome reason: Testing the docker plugin is not supported on this platform.To run it, all the test with -XmyPlatform='container'
11:33:22 INFO  
</system-out>
	</testcase>
</testsuite>
