<?xml version="1.0" encoding="utf-8"?>
<testsuite failures="1" name="log_request_num_lines" skipped="0" tests="1" time="32.99" timestamp="2022-05-02T15:05:18">
	<testcase classname="LogRequestVerifyNumberOfLines" name="log_request_num_lines">
		<failure message="FAILED: Assert that (True == value) with value=False" type="FAILED"/>
		<system-out>15:04:45 INFO  ==============================================================
15:04:45 INFO  Id:    log_request_num_lines
15:04:45 INFO  Dir:   log_request_end_to_end/
15:04:45 INFO  Title: Validate end to end behaviour for the log request operation check for number of lines
15:04:45 INFO  ==============================================================
15:04:45 INFO  EnvironmentC8y Setup
15:04:46 INFO  Executed systemctl&lt;serv_mapper1&gt;, exit status 3
15:04:46 INFO  Restarting mosquitto too frequently in the last 10 seconds. It was only up for 5 seconds
15:04:46 INFO  Delaying execution by 6 seconds
15:05:07 INFO  Executed sudo&lt;tedge_connect_c8y&gt;, exit status 0, duration 15 secs
15:05:08 INFO  Executed sudo&lt;tedge_connect_c8y_test&gt;, exit status 0
15:05:08 INFO  Executed systemctl&lt;serv_mosq2&gt;, exit status 0
15:05:09 INFO  Executed systemctl&lt;serv_mapper3&gt;, exit status 0
15:05:09 INFO  Executed sudo&lt;rm_logs&gt;, exit status 0
15:05:10 INFO  Executed sudo&lt;move_logs&gt;, exit status 0
15:05:10 INFO  log response None
15:05:10 WARN  retry, retrying in 1 seconds...
15:05:11 INFO  log response https://thin-edge-io.eu-latest.cumulocity.com/event/events/18180079/binaries
15:05:12 INFO  nlines 0
15:05:12 WARN  Assert that (True == value) with value=False ... failed [run.py:44]
15:05:12 INFO  
15:05:12 INFO  cleanup:
15:05:12 INFO  Executed sudo&lt;rm_logs&gt;, exit status 0
15:05:13 INFO  Executed sudo&lt;rm_tmp_logs&gt;, exit status 0
15:05:13 INFO  Executed sudo&lt;send_failed&gt;, exit status 0
15:05:17 INFO  Executed sudo&lt;tedge_disconnect_c8y&gt;, exit status 0
15:05:18 INFO  Executed systemctl&lt;serv_mapper5&gt;, exit status 3
15:05:18 INFO  
15:05:18 INFO  Test duration: 32.99 secs
15:05:18 INFO  Test final outcome:  FAILED
15:05:18 INFO  Test outcome reason: Assert that (True == value) with value=False
15:05:18 INFO  
</system-out>
	</testcase>
</testsuite>
