<?xml version="1.0" encoding="utf-8"?>
<testsuite failures="0" name="SoftwareManagement.Plugin.apama_plugin_update" skipped="1" tests="1" time="0.02" timestamp="2022-05-09T06:57:19">
	<testcase classname="ApamaPluginUpdateTest" name="SoftwareManagement.Plugin.apama_plugin_update">
		<skipped message="SKIPPED: Test execution disabled due to #1052"/>
		<system-out>06:57:19 INFO  ==============================================================
06:57:19 INFO  Id:    SoftwareManagement.Plugin.apama_plugin_update
06:57:19 INFO  Dir:   plugin_apama/
06:57:19 INFO  Title: Validate apama plugin updating one project with another
06:57:19 INFO  ==============================================================
06:57:19 INFO  Test execution disabled due to #1052 ... skipped
06:57:19 INFO  
06:57:19 INFO  Test duration: 0.02 secs
06:57:19 INFO  Test final outcome:  SKIPPED
06:57:19 INFO  Test outcome reason: Test execution disabled due to #1052
06:57:19 INFO  
</system-out>
	</testcase>
</testsuite>
