<?xml version="1.0" encoding="utf-8"?>
<testsuite failures="0" name="publish_sawmill" skipped="0" tests="1" time="80.17" timestamp="2022-05-16T07:25:08">
	<testcase classname="PublishSawmill" name="publish_sawmill"/>
</testsuite>
