<?xml version="1.0" encoding="utf-8"?>
<testsuite failures="1" name="log_request_num_lines" skipped="0" tests="1" time="32.81" timestamp="2022-04-29T09:08:15">
	<testcase classname="LogRequestVerifyNumberOfLines" name="log_request_num_lines">
		<failure message="FAILED: Assert that (True == value) with value=False" type="FAILED"/>
		<system-out>09:07:42 INFO  ==============================================================
09:07:42 INFO  Id:    log_request_num_lines
09:07:42 INFO  Dir:   log_request_end_to_end/
09:07:42 INFO  Title: Validate end to end behaviour for the log request operation check for number of lines
09:07:42 INFO  ==============================================================
09:07:42 INFO  EnvironmentC8y Setup
09:07:43 INFO  Executed systemctl&lt;serv_mapper1&gt;, exit status 3
09:07:43 INFO  Restarting mosquitto too frequently in the last 10 seconds. It was only up for 5 seconds
09:07:43 INFO  Delaying execution by 6 seconds
09:08:03 INFO  Executed sudo&lt;tedge_connect_c8y&gt;, exit status 0, duration 14 secs
09:08:04 INFO  Executed sudo&lt;tedge_connect_c8y_test&gt;, exit status 0
09:08:04 INFO  Executed systemctl&lt;serv_mosq2&gt;, exit status 0
09:08:05 INFO  Executed systemctl&lt;serv_mapper3&gt;, exit status 0
09:08:05 INFO  Executed sudo&lt;rm_logs&gt;, exit status 0
09:08:06 INFO  Executed sudo&lt;move_logs&gt;, exit status 0
09:08:06 INFO  log response None
09:08:06 WARN  retry, retrying in 1 seconds...
09:08:08 INFO  log response https://thin-edge-io.eu-latest.cumulocity.com/event/events/17920064/binaries
09:08:08 INFO  nlines 0
09:08:08 WARN  Assert that (True == value) with value=False ... failed [run.py:44]
09:08:08 INFO  
09:08:08 INFO  cleanup:
09:08:09 INFO  Executed sudo&lt;rm_logs&gt;, exit status 0
09:08:09 INFO  Executed sudo&lt;rm_tmp_logs&gt;, exit status 0
09:08:10 INFO  Executed sudo&lt;send_failed&gt;, exit status 0
09:08:14 INFO  Executed sudo&lt;tedge_disconnect_c8y&gt;, exit status 0
09:08:15 INFO  Executed systemctl&lt;serv_mapper5&gt;, exit status 3
09:08:15 INFO  
09:08:15 INFO  Test duration: 32.81 secs
09:08:15 INFO  Test final outcome:  FAILED
09:08:15 INFO  Test outcome reason: Assert that (True == value) with value=False
09:08:15 INFO  
</system-out>
	</testcase>
</testsuite>
