<?xml version="1.0" encoding="utf-8"?>
<testsuite failures="0" name="local_mqtt_pub_sub" skipped="0" tests="1" time="2.2" timestamp="2022-04-28T15:25:40">
	<testcase classname="PySysTest" name="local_mqtt_pub_sub"/>
</testsuite>
