<?xml version="1.0" encoding="utf-8"?>
<testsuite failures="0" name="monitoring_with_simulated_messages" skipped="1" tests="1" time="0.04" timestamp="2022-05-11T11:33:17">
	<testcase classname="MonitoringWithSimulatedMessages" name="monitoring_with_simulated_messages">
		<skipped message="SKIPPED: Fails due to retained message"/>
		<system-out>11:33:17 INFO  ==============================================================
11:33:17 INFO  Id:    monitoring_with_simulated_messages
11:33:17 INFO  Dir:   monitoring/
11:33:17 INFO  Title: Validate the tedge dm agent messages that are produced from the simulated collectd messages
11:33:17 INFO  ==============================================================
11:33:17 INFO  Fails due to retained message ... skipped
11:33:17 INFO  
11:33:17 INFO  Test duration: 0.04 secs
11:33:17 INFO  Test final outcome:  SKIPPED
11:33:17 INFO  Test outcome reason: Fails due to retained message
11:33:17 INFO  
</system-out>
	</testcase>
</testsuite>
