<?xml version="1.0" encoding="utf-8"?>
<testsuite failures="0" name="call_tedge_config_list" skipped="0" tests="1" time="24.2" timestamp="2022-05-16T07:32:41">
	<testcase classname="PySysTest" name="call_tedge_config_list"/>
</testsuite>
