<?xml version="1.0" encoding="utf-8"?>
<testsuite failures="0" name="monitoring_with_collectd" skipped="1" tests="1" time="0.04" timestamp="2022-04-21T08:23:40">
	<testcase classname="MonitoringWithCollectd" name="monitoring_with_collectd">
		<skipped message="SKIPPED: Test execution disabled due to #792 (instable)"/>
		<system-out>08:23:40 INFO  ==============================================================
08:23:40 INFO  Id:    monitoring_with_collectd
08:23:40 INFO  Dir:   monitoring/
08:23:40 INFO  Title: Validate tedge dm agent messages that are produced by batching the collectd messages
08:23:40 INFO  ==============================================================
08:23:40 INFO  Test execution disabled due to #792 (instable) ... skipped
08:23:40 INFO  
08:23:40 INFO  Test duration: 0.04 secs
08:23:40 INFO  Test final outcome:  SKIPPED
08:23:40 INFO  Test outcome reason: Test execution disabled due to #792 (instable)
08:23:40 INFO  
</system-out>
	</testcase>
</testsuite>
