<?xml version="1.0" encoding="utf-8"?>
<testsuite failures="0" name="log_request_error_messages" skipped="1" tests="1" time="1.41" timestamp="2022-05-30T09:07:02">
	<testcase classname="LogRequestVerifySearchTextError" name="log_request_error_messages">
		<skipped message="SKIPPED: Test execution disabled due to #1123"/>
		<system-out>09:07:01 INFO  ==============================================================
09:07:01 INFO  Id:    log_request_error_messages
09:07:01 INFO  Dir:   log_request_end_to_end/
09:07:01 INFO  Title: Validate end to end behaviour for the log request operation check for error messages
09:07:01 INFO  ==============================================================
09:07:02 INFO  Test execution disabled due to #1123 ... skipped
09:07:02 INFO  
09:07:02 INFO  Test duration: 1.41 secs
09:07:02 INFO  Test final outcome:  SKIPPED
09:07:02 INFO  Test outcome reason: Test execution disabled due to #1123
09:07:02 INFO  
</system-out>
	</testcase>
</testsuite>
