<?xml version="1.0" encoding="utf-8"?>
<testsuite failures="0" name="apt_install_local_file" skipped="1" tests="1" time="0.02" timestamp="2022-04-19T13:31:10">
	<testcase classname="AptPluginInstallFromLocalFile" name="apt_install_local_file">
		<skipped message="SKIPPED: Testing the apt plugin is not supported on this platform.To run the tests call PySys with -XmyPlatform='container'"/>
		<system-out>13:31:10 INFO  ==============================================================
13:31:10 INFO  Id:    apt_install_local_file
13:31:10 INFO  Dir:   plugin_apt/
13:31:10 INFO  Title: Validate apt plugin install from local file - SUCCESS case
13:31:10 INFO  ==============================================================
13:31:10 INFO  Testing the apt plugin is not supported on this platform.To run the tests call PySys with -XmyPlatform='container' ... skipped
13:31:10 WARN  Aborted test due to SKIPPED outcome
13:31:10 INFO  
13:31:10 INFO  Test duration: 0.02 secs
13:31:10 INFO  Test final outcome:  SKIPPED
13:31:10 INFO  Test outcome reason: Testing the apt plugin is not supported on this platform.To run the tests call PySys with -XmyPlatform='container'
13:31:10 INFO  
</system-out>
	</testcase>
</testsuite>
