<?xml version="1.0" encoding="utf-8"?>
<testsuite failures="0" name="smoketest_json" skipped="0" tests="1" time="47.38" timestamp="2022-05-04T08:03:24">
	<testcase classname="SmokeTestJson" name="smoketest_json"/>
</testsuite>
