<?xml version="1.0" encoding="utf-8"?>
<testsuite failures="0" name="apt_fail_noarg" skipped="1" tests="1" time="0.05" timestamp="2022-05-30T09:08:53">
	<testcase classname="AptPluginFailNoArg" name="apt_fail_noarg">
		<skipped message="SKIPPED: Testing the apt plugin is not supported on this platform.To run the tests call PySys with -XmyPlatform='container'"/>
		<system-out>09:08:53 INFO  ==============================================================
09:08:53 INFO  Id:    apt_fail_noarg
09:08:53 INFO  Dir:   plugin_apt/
09:08:53 INFO  Title: Validate apt plugin fetures(prepare, list, install, remove finalize) without arguments
09:08:53 INFO  ==============================================================
09:08:53 INFO  Testing the apt plugin is not supported on this platform.To run the tests call PySys with -XmyPlatform='container' ... skipped
09:08:53 WARN  Aborted test due to SKIPPED outcome
09:08:53 INFO  
09:08:53 INFO  Test duration: 0.05 secs
09:08:53 INFO  Test final outcome:  SKIPPED
09:08:53 INFO  Test outcome reason: Testing the apt plugin is not supported on this platform.To run the tests call PySys with -XmyPlatform='container'
09:08:53 INFO  
</system-out>
	</testcase>
</testsuite>
