<?xml version="1.0" encoding="utf-8"?>
<testsuite failures="0" name="SoftwareManagement.Plugin.apama_plugin_install" skipped="1" tests="1" time="0.06" timestamp="2022-05-30T09:08:53">
	<testcase classname="ApamaPluginInstallTest" name="SoftwareManagement.Plugin.apama_plugin_install">
		<skipped message="SKIPPED: Apama plugin tests are disabled by default. Execute `pysys run` with `-XmyPlatform=container` to run these tests"/>
		<system-out>09:08:53 INFO  ==============================================================
09:08:53 INFO  Id:    SoftwareManagement.Plugin.apama_plugin_install
09:08:53 INFO  Dir:   plugin_apama/
09:08:53 INFO  Title: Validate apama plugin install
09:08:53 INFO  ==============================================================
09:08:53 INFO  Apama plugin tests are disabled by default. Execute `pysys run` with `-XmyPlatform=container` to run these tests ... skipped
09:08:53 WARN  Aborted test due to SKIPPED outcome
09:08:53 INFO  
09:08:53 INFO  Test duration: 0.06 secs
09:08:53 INFO  Test final outcome:  SKIPPED
09:08:53 INFO  Test outcome reason: Apama plugin tests are disabled by default. Execute `pysys run` with `-XmyPlatform=container` to run these tests
09:08:53 INFO  
</system-out>
	</testcase>
</testsuite>
