<?xml version="1.0" encoding="utf-8"?>
<testsuite failures="0" name="smoketest_smartrest" skipped="0" tests="1" time="50.18" timestamp="2022-05-23T09:20:33">
	<testcase classname="SmoketestSmartRest" name="smoketest_smartrest"/>
</testsuite>
