<?xml version="1.0" encoding="utf-8"?>
<testsuite failures="0" name="mqtt_port_set" skipped="0" tests="1" time="21.2" timestamp="2022-04-21T13:38:27">
	<testcase classname="MqttPortSet" name="mqtt_port_set"/>
</testsuite>
