<?xml version="1.0" encoding="utf-8"?>
<testsuite failures="0" name="apt_install_local_file_fail" skipped="1" tests="1" time="0.05" timestamp="2022-05-16T07:22:29">
	<testcase classname="AptPluginInstallFromLocalFileFail" name="apt_install_local_file_fail">
		<skipped message="SKIPPED: Testing the apt plugin is not supported on this platform.To run the tests call PySys with -XmyPlatform='container'"/>
		<system-out>07:22:29 INFO  ==============================================================
07:22:29 INFO  Id:    apt_install_local_file_fail
07:22:29 INFO  Dir:   plugin_apt/
07:22:29 INFO  Title: Validate apt plugin install from local file - FAIL case
07:22:29 INFO  ==============================================================
07:22:29 INFO  Testing the apt plugin is not supported on this platform.To run the tests call PySys with -XmyPlatform='container' ... skipped
07:22:29 WARN  Aborted test due to SKIPPED outcome
07:22:29 INFO  
07:22:29 INFO  Test duration: 0.05 secs
07:22:29 INFO  Test final outcome:  SKIPPED
07:22:29 INFO  Test outcome reason: Testing the apt plugin is not supported on this platform.To run the tests call PySys with -XmyPlatform='container'
07:22:29 INFO  
</system-out>
	</testcase>
</testsuite>
