<?xml version="1.0" encoding="utf-8"?>
<testsuite failures="0" name="smoketest_smartrest" skipped="0" tests="1" time="49.25" timestamp="2022-05-10T13:16:33">
	<testcase classname="SmoketestSmartRest" name="smoketest_smartrest"/>
</testsuite>
