<?xml version="1.0" encoding="utf-8"?>
<testsuite failures="0" name="pysys_fail" skipped="1" tests="1" time="0.02" timestamp="2022-05-04T07:59:25">
	<testcase classname="Fail" name="pysys_fail">
		<skipped message="SKIPPED: Enable this to observe a failing test"/>
		<system-out>07:59:25 INFO  ==============================================================
07:59:25 INFO  Id:    pysys_fail
07:59:25 INFO  Dir:   misc_features/
07:59:25 INFO  Title: fail
07:59:25 INFO  ==============================================================
07:59:25 INFO  Enable this to observe a failing test ... skipped
07:59:25 INFO  
07:59:25 INFO  Test duration: 0.02 secs
07:59:25 INFO  Test final outcome:  SKIPPED
07:59:25 INFO  Test outcome reason: Enable this to observe a failing test
07:59:25 INFO  
</system-out>
	</testcase>
</testsuite>
