<?xml version="1.0" encoding="utf-8"?>
<testsuite failures="0" name="valid_device_id" skipped="0" tests="1" time="32.59" timestamp="2022-04-19T13:31:09">
	<testcase classname="ValidateValidDeviceId" name="valid_device_id"/>
</testsuite>
