<?xml version="1.0" encoding="utf-8"?>
<testsuite failures="0" name="pysys_block" skipped="1" tests="1" time="0.02" timestamp="2022-05-10T19:28:15">
	<testcase classname="Fail" name="pysys_block">
		<skipped message="SKIPPED: Enable this to observe a blocking test"/>
		<system-out>19:28:15 INFO  ==============================================================
19:28:15 INFO  Id:    pysys_block
19:28:15 INFO  Dir:   misc_features/
19:28:15 INFO  Title: fail
19:28:15 INFO  ==============================================================
19:28:15 INFO  Enable this to observe a blocking test ... skipped
19:28:15 INFO  
19:28:15 INFO  Test duration: 0.02 secs
19:28:15 INFO  Test final outcome:  SKIPPED
19:28:15 INFO  Test outcome reason: Enable this to observe a blocking test
19:28:15 INFO  
</system-out>
	</testcase>
</testsuite>
