<?xml version="1.0" encoding="utf-8"?>
<testsuite failures="0" name="mqtt_port_change_connection_works" skipped="1" tests="1" time="0.04" timestamp="2022-04-27T14:21:46">
	<testcase classname="MqttPortChangeConnectionWorks" name="mqtt_port_change_connection_works">
		<skipped message="SKIPPED: failing intermitently"/>
		<system-out>14:21:46 INFO  ==============================================================
14:21:46 INFO  Id:    mqtt_port_change_connection_works
14:21:46 INFO  Dir:   misc_features/
14:21:46 INFO  Title: mqtt port change connection works for all the thin-edge services that use the mosquitto broker
14:21:46 INFO  ==============================================================
14:21:46 INFO  failing intermitently ... skipped
14:21:46 INFO  
14:21:46 INFO  Test duration: 0.04 secs
14:21:46 INFO  Test final outcome:  SKIPPED
14:21:46 INFO  Test outcome reason: failing intermitently
14:21:46 INFO  
</system-out>
	</testcase>
</testsuite>
