<?xml version="1.0" encoding="utf-8"?>
<testsuite failures="1" name="SoftwareManagement.sm_apt_install_remove_multiple" skipped="0" tests="1" time="139.65" timestamp="2022-03-15T18:21:45">
	<testcase classname="PySysTest" name="SoftwareManagement.sm_apt_install_remove_multiple">
		<failure message="FAILED: Assert that (False == value) with value=True" type="FAILED"/>
		<system-out>18:19:25 INFO  ==============================================================
18:19:25 INFO  Id:    SoftwareManagement.sm_apt_install_remove_multiple
18:19:25 INFO  Dir:   software_management_end_to_end/
18:19:25 INFO  Title: Validate end to end behaviour for the apt plugin for multiple packages
18:19:25 DEBUG Execution order hint: 0.0
18:19:25 INFO  ==============================================================
18:19:25 INFO  Using sw id database: {'asciijump': '5475369', 'robotfindskitten': '5474869', 'squirrel3': '5475279', 'rolldice': '5152439', 'moon-buggy': '5439204', 'apple': '5495053', 'banana': '5494888', 'cherry': '5495382', 'watermelon': '5494510', 'registry': '8018911', 'hello-world': '8021526', 'docker/getting-started': '8021973', 'alpine': '7991792'}
18:19:25 DEBUG EnvironmentC8y Setup
18:19:25 INFO  EnvironmentC8y Setup
18:19:25 DEBUG Process parameters for systemctl&lt;serv_mapper1&gt;
  command line : /usr/bin/systemctl status tedge-mapper-c8y
    arg #1     : status
    arg #2     : tedge-mapper-c8y
  working dir  : /home/pi/actions-runner/_work/thin-edge.io/thin-edge.io/tests/PySys/software_management_end_to_end/sm_apt_install_remove_multiple/Output/linux
  stdout       : /home/pi/actions-runner/_work/thin-edge.io/thin-edge.io/tests/PySys/software_management_end_to_end/sm_apt_install_remove_multiple/Output/linux/serv_mapper1.out
  stderr       : /home/pi/actions-runner/_work/thin-edge.io/thin-edge.io/tests/PySys/software_management_end_to_end/sm_apt_install_remove_multiple/Output/linux/serv_mapper1.err
  environment  : LD_LIBRARY_PATH=/usr/lib
  environment  : PATH=/bin:/usr/bin:/usr/sbin:/usr/local/bin
                   #1  /bin
                   #2  /usr/bin
                   #3  /usr/sbin
                   #4  /usr/local/bin
18:19:25 DEBUG Waiting up to 600 secs for process systemctl&lt;serv_mapper1&gt; (pid 31953)
18:19:25 INFO  Executed systemctl&lt;serv_mapper1&gt;, exit status 3
18:19:26 INFO  Restarting mosquitto too frequently in the last 10 seconds. It was only up for 3 seconds
18:19:26 INFO  Delaying execution by 8 seconds
18:19:34 DEBUG Process parameters for sudo&lt;tedge_connect_c8y&gt;
  command line : /usr/bin/sudo /usr/bin/tedge connect c8y
    arg #1     : /usr/bin/tedge
    arg #2     : connect
    arg #3     : c8y
  working dir  : /home/pi/actions-runner/_work/thin-edge.io/thin-edge.io/tests/PySys/software_management_end_to_end/sm_apt_install_remove_multiple/Output/linux
  stdout       : /home/pi/actions-runner/_work/thin-edge.io/thin-edge.io/tests/PySys/software_management_end_to_end/sm_apt_install_remove_multiple/Output/linux/tedge_connect_c8y.out
  stderr       : /home/pi/actions-runner/_work/thin-edge.io/thin-edge.io/tests/PySys/software_management_end_to_end/sm_apt_install_remove_multiple/Output/linux/tedge_connect_c8y.err
  environment  : LD_LIBRARY_PATH=/usr/lib
  environment  : PATH=/bin:/usr/bin:/usr/sbin:/usr/local/bin
                   #1  /bin
                   #2  /usr/bin
                   #3  /usr/sbin
                   #4  /usr/local/bin
18:19:34 DEBUG Waiting up to 600 secs for process sudo&lt;tedge_connect_c8y&gt; (pid 31957)
18:19:44 INFO  Executed sudo&lt;tedge_connect_c8y&gt;, exit status 0
18:19:44 DEBUG Process parameters for sudo&lt;tedge_connect_c8y_test&gt;
  command line : /usr/bin/sudo /usr/bin/tedge connect c8y --test
    arg #1     : /usr/bin/tedge
    arg #2     : connect
    arg #3     : c8y
    arg #4     : --test
  working dir  : /home/pi/actions-runner/_work/thin-edge.io/thin-edge.io/tests/PySys/software_management_end_to_end/sm_apt_install_remove_multiple/Output/linux
  stdout       : /home/pi/actions-runner/_work/thin-edge.io/thin-edge.io/tests/PySys/software_management_end_to_end/sm_apt_install_remove_multiple/Output/linux/tedge_connect_c8y_test.out
  stderr       : /home/pi/actions-runner/_work/thin-edge.io/thin-edge.io/tests/PySys/software_management_end_to_end/sm_apt_install_remove_multiple/Output/linux/tedge_connect_c8y_test.err
  environment  : LD_LIBRARY_PATH=/usr/lib
  environment  : PATH=/bin:/usr/bin:/usr/sbin:/usr/local/bin
                   #1  /bin
                   #2  /usr/bin
                   #3  /usr/sbin
                   #4  /usr/local/bin
18:19:44 DEBUG Waiting up to 600 secs for process sudo&lt;tedge_connect_c8y_test&gt; (pid 32065)
18:19:44 INFO  Executed sudo&lt;tedge_connect_c8y_test&gt;, exit status 0
18:19:44 DEBUG Process parameters for systemctl&lt;serv_mosq2&gt;
  command line : /usr/bin/systemctl status mosquitto
    arg #1     : status
    arg #2     : mosquitto
  working dir  : /home/pi/actions-runner/_work/thin-edge.io/thin-edge.io/tests/PySys/software_management_end_to_end/sm_apt_install_remove_multiple/Output/linux
  stdout       : /home/pi/actions-runner/_work/thin-edge.io/thin-edge.io/tests/PySys/software_management_end_to_end/sm_apt_install_remove_multiple/Output/linux/serv_mosq2.out
  stderr       : /home/pi/actions-runner/_work/thin-edge.io/thin-edge.io/tests/PySys/software_management_end_to_end/sm_apt_install_remove_multiple/Output/linux/serv_mosq2.err
  environment  : LD_LIBRARY_PATH=/usr/lib
  environment  : PATH=/bin:/usr/bin:/usr/sbin:/usr/local/bin
                   #1  /bin
                   #2  /usr/bin
                   #3  /usr/sbin
                   #4  /usr/local/bin
18:19:44 DEBUG Waiting up to 600 secs for process systemctl&lt;serv_mosq2&gt; (pid 32071)
18:19:45 INFO  Executed systemctl&lt;serv_mosq2&gt;, exit status 0
18:19:45 DEBUG Process parameters for systemctl&lt;serv_mapper3&gt;
  command line : /usr/bin/systemctl status tedge-mapper-c8y
    arg #1     : status
    arg #2     : tedge-mapper-c8y
  working dir  : /home/pi/actions-runner/_work/thin-edge.io/thin-edge.io/tests/PySys/software_management_end_to_end/sm_apt_install_remove_multiple/Output/linux
  stdout       : /home/pi/actions-runner/_work/thin-edge.io/thin-edge.io/tests/PySys/software_management_end_to_end/sm_apt_install_remove_multiple/Output/linux/serv_mapper3.out
  stderr       : /home/pi/actions-runner/_work/thin-edge.io/thin-edge.io/tests/PySys/software_management_end_to_end/sm_apt_install_remove_multiple/Output/linux/serv_mapper3.err
  environment  : LD_LIBRARY_PATH=/usr/lib
  environment  : PATH=/bin:/usr/bin:/usr/sbin:/usr/local/bin
                   #1  /bin
                   #2  /usr/bin
                   #3  /usr/sbin
                   #4  /usr/local/bin
18:19:45 DEBUG Waiting up to 600 secs for process systemctl&lt;serv_mapper3&gt; (pid 32072)
18:19:45 INFO  Executed systemctl&lt;serv_mapper3&gt;, exit status 0
18:19:47 DEBUG Final URL of the request: https://thin-edge-io.eu-latest.cumulocity.com/devicecontrol/operations?deviceId=15639536&amp;pageSize=1&amp;revert=true&amp;dateFrom=1970-01-01T00%3A00%3A00.000Z
18:19:47 INFO  State of current operation: SUCCESSFUL
18:19:47 INFO  Assert that (False == value) with value=False ... passed
18:19:47 INFO  Assert that (False == value) with value=False ... passed
18:19:48 INFO  Assert that (False == value) with value=False ... passed
18:19:48 INFO  Package robotfindskitten is installed
18:19:48 WARN  Assert that (False == value) with value=True ... failed 
18:19:48 DEBUG --- test execute
18:19:48 INFO  Response status: 201
18:19:48 INFO  Response to action: {
    &quot;delivery&quot;: {
        &quot;time&quot;: &quot;2022-03-15T18:19:48.390Z&quot;,
        &quot;log&quot;: [],
        &quot;status&quot;: &quot;PENDING&quot;
    },
    &quot;creationTime&quot;: &quot;2022-03-15T18:19:48.376Z&quot;,
    &quot;deviceId&quot;: &quot;15639536&quot;,
    &quot;deviceName&quot;: &quot;offsited&quot;,
    &quot;self&quot;: &quot;https://t493319102.eu-latest.cumulocity.com/devicecontrol/operations/15659331&quot;,
    &quot;id&quot;: &quot;15659331&quot;,
    &quot;status&quot;: &quot;PENDING&quot;,
    &quot;description&quot;: &quot;Apply software changes, triggered from PySys: [{'action': 'install', 'id': '5475369', 'name': 'asciijump', 'url': ' ', 'version': '::apt'}, {'action': 'install', 'id': '5474869', 'name': 'robotfindskitten', 'url': ' ', 'version': '::apt'}, {'action': 'install', 'id': '5475279', 'name': 'squirrel3', 'url': ' ', 'version': '::apt'}]&quot;,
    &quot;c8y_SoftwareUpdate&quot;: [
        {
            &quot;name&quot;: &quot;asciijump&quot;,
            &quot;action&quot;: &quot;install&quot;,
            &quot;id&quot;: &quot;5475369&quot;,
            &quot;version&quot;: &quot;::apt&quot;,
            &quot;url&quot;: &quot; &quot;
        },
        {
            &quot;name&quot;: &quot;robotfindskitten&quot;,
            &quot;action&quot;: &quot;install&quot;,
            &quot;id&quot;: &quot;5474869&quot;,
            &quot;version&quot;: &quot;::apt&quot;,
            &quot;url&quot;: &quot; &quot;
        },
        {
            &quot;name&quot;: &quot;squirrel3&quot;,
            &quot;action&quot;: &quot;install&quot;,
            &quot;id&quot;: &quot;5475279&quot;,
            &quot;version&quot;: &quot;::apt&quot;,
            &quot;url&quot;: &quot; &quot;
        }
    ]
}
18:19:48 INFO  Started operation: {'delivery': {'time': '2022-03-15T18:19:48.390Z', 'log': [], 'status': 'PENDING'}, 'creationTime': '2022-03-15T18:19:48.376Z', 'deviceId': '15639536', 'deviceName': 'offsited', 'self': 'https://t493319102.eu-latest.cumulocity.com/devicecontrol/operations/15659331', 'id': '15659331', 'status': 'PENDING', 'description': &quot;Apply software changes, triggered from PySys: [{'action': 'install', 'id': '5475369', 'name': 'asciijump', 'url': ' ', 'version': '::apt'}, {'action': 'install', 'id': '5474869', 'name': 'robotfindskitten', 'url': ' ', 'version': '::apt'}, {'action': 'install', 'id': '5475279', 'name': 'squirrel3', 'url': ' ', 'version': '::apt'}]&quot;, 'c8y_SoftwareUpdate': [{'name': 'asciijump', 'action': 'install', 'id': '5475369', 'version': '::apt', 'url': ' '}, {'name': 'robotfindskitten', 'action': 'install', 'id': '5474869', 'version': '::apt', 'url': ' '}, {'name': 'squirrel3', 'action': 'install', 'id': '5475279', 'version': '::apt', 'url': ' '}]}
18:19:50 INFO  State of operation 15659331 : EXECUTING
18:19:52 INFO  State of operation 15659331 : EXECUTING
18:19:54 INFO  State of operation 15659331 : EXECUTING
18:19:57 INFO  State of operation 15659331 : EXECUTING
18:20:00 INFO  State of operation 15659331 : EXECUTING
18:20:03 INFO  State of operation 15659331 : EXECUTING
18:20:05 INFO  State of operation 15659331 : EXECUTING
18:20:07 INFO  State of operation 15659331 : EXECUTING
18:20:09 INFO  State of operation 15659331 : EXECUTING
18:20:11 INFO  State of operation 15659331 : EXECUTING
18:20:14 INFO  State of operation 15659331 : EXECUTING
18:20:16 INFO  State of operation 15659331 : EXECUTING
18:20:18 INFO  State of operation 15659331 : EXECUTING
18:20:22 INFO  State of operation 15659331 : EXECUTING
18:20:24 INFO  State of operation 15659331 : EXECUTING
18:20:27 INFO  State of operation 15659331 : EXECUTING
18:20:29 INFO  State of operation 15659331 : EXECUTING
18:20:31 INFO  State of operation 15659331 : EXECUTING
18:20:34 INFO  State of operation 15659331 : EXECUTING
18:20:36 INFO  State of operation 15659331 : EXECUTING
18:20:38 INFO  State of operation 15659331 : EXECUTING
18:20:41 INFO  State of operation 15659331 : EXECUTING
18:20:43 INFO  State of operation 15659331 : EXECUTING
18:20:45 INFO  State of operation 15659331 : EXECUTING
18:20:47 INFO  State of operation 15659331 : SUCCESSFUL
18:20:47 INFO  Assert that (False == value) with value=False ... passed
18:20:47 INFO  Package asciijump is installed
18:20:47 INFO  Assert that (True == value) with value=True ... passed
18:20:48 INFO  Package squirrel3 is installed
18:20:48 INFO  Assert that (True == value) with value=True ... passed
18:20:48 INFO  Package robotfindskitten is installed
18:20:48 INFO  Assert that (True == value) with value=True ... passed
18:20:48 INFO  Response status: 201
18:20:48 INFO  Response to action: {
    &quot;delivery&quot;: {
        &quot;time&quot;: &quot;2022-03-15T18:20:48.390Z&quot;,
        &quot;log&quot;: [],
        &quot;status&quot;: &quot;PENDING&quot;
    },
    &quot;creationTime&quot;: &quot;2022-03-15T18:20:48.376Z&quot;,
    &quot;deviceId&quot;: &quot;15639536&quot;,
    &quot;deviceName&quot;: &quot;offsited&quot;,
    &quot;self&quot;: &quot;https://t493319102.eu-latest.cumulocity.com/devicecontrol/operations/15659351&quot;,
    &quot;id&quot;: &quot;15659351&quot;,
    &quot;status&quot;: &quot;PENDING&quot;,
    &quot;description&quot;: &quot;Apply software changes, triggered from PySys: [{'action': 'delete', 'id': '5475369', 'name': 'asciijump', 'url': ' ', 'version': '::apt'}, {'action': 'delete', 'id': '5474869', 'name': 'robotfindskitten', 'url': ' ', 'version': '::apt'}, {'action': 'delete', 'id': '5475279', 'name': 'squirrel3', 'url': ' ', 'version': '::apt'}]&quot;,
    &quot;c8y_SoftwareUpdate&quot;: [
        {
            &quot;name&quot;: &quot;asciijump&quot;,
            &quot;action&quot;: &quot;delete&quot;,
            &quot;id&quot;: &quot;5475369&quot;,
            &quot;version&quot;: &quot;::apt&quot;,
            &quot;url&quot;: &quot; &quot;
        },
        {
            &quot;name&quot;: &quot;robotfindskitten&quot;,
            &quot;action&quot;: &quot;delete&quot;,
            &quot;id&quot;: &quot;5474869&quot;,
            &quot;version&quot;: &quot;::apt&quot;,
            &quot;url&quot;: &quot; &quot;
        },
        {
            &quot;name&quot;: &quot;squirrel3&quot;,
            &quot;action&quot;: &quot;delete&quot;,
            &quot;id&quot;: &quot;5475279&quot;,
            &quot;version&quot;: &quot;::apt&quot;,
            &quot;url&quot;: &quot; &quot;
        }
    ]
}
18:20:48 INFO  Started operation: {'delivery': {'time': '2022-03-15T18:20:48.390Z', 'log': [], 'status': 'PENDING'}, 'creationTime': '2022-03-15T18:20:48.376Z', 'deviceId': '15639536', 'deviceName': 'offsited', 'self': 'https://t493319102.eu-latest.cumulocity.com/devicecontrol/operations/15659351', 'id': '15659351', 'status': 'PENDING', 'description': &quot;Apply software changes, triggered from PySys: [{'action': 'delete', 'id': '5475369', 'name': 'asciijump', 'url': ' ', 'version': '::apt'}, {'action': 'delete', 'id': '5474869', 'name': 'robotfindskitten', 'url': ' ', 'version': '::apt'}, {'action': 'delete', 'id': '5475279', 'name': 'squirrel3', 'url': ' ', 'version': '::apt'}]&quot;, 'c8y_SoftwareUpdate': [{'name': 'asciijump', 'action': 'delete', 'id': '5475369', 'version': '::apt', 'url': ' '}, {'name': 'robotfindskitten', 'action': 'delete', 'id': '5474869', 'version': '::apt', 'url': ' '}, {'name': 'squirrel3', 'action': 'delete', 'id': '5475279', 'version': '::apt', 'url': ' '}]}
18:20:50 INFO  State of operation 15659351 : EXECUTING
18:20:52 INFO  State of operation 15659351 : EXECUTING
18:20:54 INFO  State of operation 15659351 : EXECUTING
18:20:57 INFO  State of operation 15659351 : EXECUTING
18:21:00 INFO  State of operation 15659351 : EXECUTING
18:21:02 INFO  State of operation 15659351 : EXECUTING
18:21:04 INFO  State of operation 15659351 : EXECUTING
18:21:07 INFO  State of operation 15659351 : EXECUTING
18:21:09 INFO  State of operation 15659351 : EXECUTING
18:21:11 INFO  State of operation 15659351 : EXECUTING
18:21:13 INFO  State of operation 15659351 : EXECUTING
18:21:15 INFO  State of operation 15659351 : EXECUTING
18:21:18 INFO  State of operation 15659351 : EXECUTING
18:21:20 INFO  State of operation 15659351 : EXECUTING
18:21:23 INFO  State of operation 15659351 : EXECUTING
18:21:25 INFO  State of operation 15659351 : EXECUTING
18:21:27 INFO  State of operation 15659351 : EXECUTING
18:21:29 INFO  State of operation 15659351 : EXECUTING
18:21:31 INFO  State of operation 15659351 : EXECUTING
18:21:34 INFO  State of operation 15659351 : EXECUTING
18:21:36 INFO  State of operation 15659351 : EXECUTING
18:21:39 INFO  State of operation 15659351 : EXECUTING
18:21:41 INFO  State of operation 15659351 : SUCCESSFUL
18:21:41 DEBUG --- test validate
18:21:41 INFO  Assert that (False == value) with value=False ... passed
18:21:41 INFO  Assert that (False == value) with value=False ... passed
18:21:41 INFO  Assert that (False == value) with value=False ... passed
18:21:42 INFO  Assert that (False == value) with value=False ... passed
18:21:42 DEBUG --- test cleanup
18:21:42 INFO  
18:21:42 INFO  cleanup:
18:21:42 DEBUG Running registered cleanup function: &lt;bound method SoftwareManagement.mysmcleanup of &lt;PySysTest object at 0x75c1a670&gt;&gt;
18:21:42 DEBUG Running registered cleanup function: &lt;bound method EnvironmentC8y.myenvcleanup of &lt;PySysTest object at 0x75c1a670&gt;&gt;
18:21:42 DEBUG EnvironmentC8y Cleanup
18:21:42 DEBUG Process parameters for sudo&lt;tedge_disconnect_c8y&gt;
  command line : /usr/bin/sudo /usr/bin/tedge disconnect c8y
    arg #1     : /usr/bin/tedge
    arg #2     : disconnect
    arg #3     : c8y
  working dir  : /home/pi/actions-runner/_work/thin-edge.io/thin-edge.io/tests/PySys/software_management_end_to_end/sm_apt_install_remove_multiple/Output/linux
  stdout       : /home/pi/actions-runner/_work/thin-edge.io/thin-edge.io/tests/PySys/software_management_end_to_end/sm_apt_install_remove_multiple/Output/linux/tedge_disconnect_c8y.out
  stderr       : /home/pi/actions-runner/_work/thin-edge.io/thin-edge.io/tests/PySys/software_management_end_to_end/sm_apt_install_remove_multiple/Output/linux/tedge_disconnect_c8y.err
  environment  : LD_LIBRARY_PATH=/usr/lib
  environment  : PATH=/bin:/usr/bin:/usr/sbin:/usr/local/bin
                   #1  /bin
                   #2  /usr/bin
                   #3  /usr/sbin
                   #4  /usr/local/bin
18:21:42 DEBUG Waiting up to 600 secs for process sudo&lt;tedge_disconnect_c8y&gt; (pid 32755)
18:21:44 INFO  Executed sudo&lt;tedge_disconnect_c8y&gt;, exit status 0
18:21:44 DEBUG Process parameters for systemctl&lt;serv_mapper5&gt;
  command line : /usr/bin/systemctl status tedge-mapper-c8y
    arg #1     : status
    arg #2     : tedge-mapper-c8y
  working dir  : /home/pi/actions-runner/_work/thin-edge.io/thin-edge.io/tests/PySys/software_management_end_to_end/sm_apt_install_remove_multiple/Output/linux
  stdout       : /home/pi/actions-runner/_work/thin-edge.io/thin-edge.io/tests/PySys/software_management_end_to_end/sm_apt_install_remove_multiple/Output/linux/serv_mapper5.out
  stderr       : /home/pi/actions-runner/_work/thin-edge.io/thin-edge.io/tests/PySys/software_management_end_to_end/sm_apt_install_remove_multiple/Output/linux/serv_mapper5.err
  environment  : LD_LIBRARY_PATH=/usr/lib
  environment  : PATH=/bin:/usr/bin:/usr/sbin:/usr/local/bin
                   #1  /bin
                   #2  /usr/bin
                   #3  /usr/sbin
                   #4  /usr/local/bin
18:21:44 DEBUG Waiting up to 600 secs for process systemctl&lt;serv_mapper5&gt; (pid 336)
18:21:45 INFO  Executed systemctl&lt;serv_mapper5&gt;, exit status 3
18:21:45 DEBUG ProcessUser cleanup function done.
18:21:45 INFO  
18:21:45 INFO  Test duration: 139.65 secs
18:21:45 INFO  Test final outcome:  FAILED
18:21:45 INFO  Test outcome reason: Assert that (False == value) with value=True
18:21:45 INFO  
</system-out>
	</testcase>
</testsuite>
