<?xml version="1.0" encoding="utf-8"?>
<testsuite failures="0" name="SoftwareManagement.sm_apt_install_remove_multiple" skipped="0" tests="1" time="137.87" timestamp="2022-03-30T09:16:18">
	<testcase classname="PySysTest" name="SoftwareManagement.sm_apt_install_remove_multiple"/>
</testsuite>
