<?xml version="1.0" encoding="utf-8"?>
<testsuite failures="1" name="SoftwareManagement.sm_apt_install_remove_multiple" skipped="0" tests="1" time="0.03" timestamp="2022-02-09T11:41:59">
	<testcase classname="PySysTest" name="SoftwareManagement.sm_apt_install_remove_multiple">
		<failure message="FAILED: Device ID is not set. Set with the env variable C8YDEVICEID" type="FAILED"/>
		<system-out>11:41:59 INFO  ==============================================================
11:41:59 INFO  Id:    SoftwareManagement.sm_apt_install_remove_multiple
11:41:59 INFO  Dir:   software_management_end_to_end/
11:41:59 INFO  Title: Validate end to end behaviour for the apt plugin for multiple packages
11:41:59 DEBUG Execution order hint: 0.0
11:41:59 INFO  ==============================================================
11:41:59 INFO  Using sw id database: {'asciijump': '5475369', 'robotfindskitten': '5474869', 'squirrel3': '5475279', 'rolldice': '5152439', 'moon-buggy': '5439204', 'apple': '5495053', 'banana': '5494888', 'cherry': '5495382', 'watermelon': '5494510', 'registry': '8018911', 'hello-world': '8021526', 'docker/getting-started': '8021973', 'alpine': '7991792'}
11:41:59 DEBUG EnvironmentC8y Setup
11:41:59 WARN  Device ID is not set. Set with the env variable C8YDEVICEID ... failed 
11:41:59 WARN  Aborted test due to FAILED outcome
11:41:59 DEBUG --- test cleanup
11:41:59 DEBUG ProcessUser cleanup function done.
11:41:59 INFO  
11:41:59 INFO  Test duration: 0.03 secs
11:41:59 INFO  Test final outcome:  FAILED
11:41:59 INFO  Test outcome reason: Device ID is not set. Set with the env variable C8YDEVICEID
11:41:59 INFO  
</system-out>
	</testcase>
</testsuite>
