<?xml version="1.0" encoding="utf-8"?>
<testsuite failures="0" name="SoftwareManagement.sm_mapper_fail_and_reconnect" skipped="1" tests="1" time="0.04" timestamp="2022-03-21T13:54:36">
	<testcase classname="MapperC8yReceiveLastMessageOnRestart" name="SoftwareManagement.sm_mapper_fail_and_reconnect">
		<skipped message="SKIPPED: instable https://github.com/thin-edge/thin-edge.io/issues/752"/>
		<system-out>13:54:36 INFO  ==============================================================
13:54:36 INFO  Id:    SoftwareManagement.sm_mapper_fail_and_reconnect
13:54:36 INFO  Dir:   software_management_end_to_end/
13:54:36 INFO  Title: Validate the tedge-mapper-sm-c8y for receiving the last message on restart
13:54:36 DEBUG Execution order hint: 0.0
13:54:36 INFO  ==============================================================
13:54:36 INFO  instable https://github.com/thin-edge/thin-edge.io/issues/752 ... skipped
13:54:36 DEBUG --- test cleanup
13:54:36 DEBUG ProcessUser cleanup function done.
13:54:36 INFO  
13:54:36 INFO  Test duration: 0.04 secs
13:54:36 INFO  Test final outcome:  SKIPPED
13:54:36 INFO  Test outcome reason: instable https://github.com/thin-edge/thin-edge.io/issues/752
13:54:36 INFO  
</system-out>
	</testcase>
</testsuite>
