<?xml version="1.0" encoding="utf-8"?>
<testsuite failures="0" name="SoftwareManagement.sm_apt_install_remove_multiple" skipped="0" tests="1" time="141.65" timestamp="2022-02-07T14:40:40">
	<testcase classname="PySysTest" name="SoftwareManagement.sm_apt_install_remove_multiple"/>
</testsuite>
