<?xml version="1.0" encoding="utf-8"?>
<testsuite failures="1" name="docker_plugin_install_with_version" skipped="0" tests="1" time="6.87" timestamp="2022-05-02T16:01:06">
	<testcase classname="DockerPluginInstallWithVersionTest" name="docker_plugin_install_with_version">
		<failure message="BLOCKED: sudo&lt;plugin_install&gt; returned non-zero exit code 2 (+1 other failures)" type="BLOCKED"/>
		<system-out>16:00:59 INFO  ==============================================================
16:00:59 INFO  Id:    docker_plugin_install_with_version
16:00:59 INFO  Dir:   plugin_docker/
16:00:59 INFO  Title: Validate docker plugin install
16:00:59 INFO  ==============================================================
16:01:00 INFO  Executed sudo&lt;docker_images&gt;, exit status 0
16:01:00 INFO  Grep on file /home/pi/actions-runner/_work/thin-edge.io/thin-edge.io/tests/PySys/plugin_docker/docker_plugin_install_with_version/Output/linux/docker_images.out ... passed
16:01:03 WARN  Executed sudo&lt;plugin_install&gt;, exit status 2
16:01:03 WARN  sudo&lt;plugin_install&gt; returned non-zero exit code 2 ... blocked [environment_docker_plugin.py:136,environment_docker_plugin.py:144,run.py:24]
16:01:04 INFO  Executed sudo&lt;docker_ps_latest&gt;, exit status 0
16:01:04 INFO  Executed sudo&lt;docker_ps&gt;, exit status 0
16:01:04 WARN  Grep on /home/pi/actions-runner/_work/thin-edge.io/thin-edge.io/tests/PySys/plugin_docker/docker_plugin_install_with_version/Output/linux/docker_ps.out contains &quot;registry:2.7.1&quot; ... failed [environment_docker_plugin.py:49,run.py:28]
16:01:04 INFO  
16:01:04 INFO  cleanup:
16:01:04 INFO  Removing containers scheduled to be cleaned up: ['', '']
16:01:05 WARN  Executed sudo&lt;containers_for_cleanup&gt;, exit status 1
16:01:05 INFO  Removing images scheduled to be cleaned up: ['registry', 'registry:2.7.1']
16:01:06 INFO  Executed sudo&lt;containers_for_cleanup&gt;, exit status 0
16:01:06 INFO  
16:01:06 INFO  Test duration: 6.87 secs
16:01:06 INFO  Test final outcome:  BLOCKED
16:01:06 INFO  Test outcome reason: sudo&lt;plugin_install&gt; returned non-zero exit code 2 (+1 other failures)
16:01:06 INFO  
</system-out>
	</testcase>
</testsuite>
