<?xml version="1.0" encoding="utf-8"?>
<testsuite failures="0" name="docker_plugin_install" skipped="0" tests="1" time="35.02" timestamp="2022-04-27T15:16:38">
	<testcase classname="DockerPluginInstallTest" name="docker_plugin_install"/>
</testsuite>
