<?xml version="1.0" encoding="utf-8"?>
<testsuite failures="1" name="docker_plugin_finalize" skipped="0" tests="1" time="5.55" timestamp="2022-05-02T16:00:53">
	<testcase classname="DockerPluginFinalizeTest" name="docker_plugin_finalize">
		<failure message="BLOCKED: sudo&lt;docker_pull&gt; returned non-zero exit code 1" type="BLOCKED"/>
		<system-out>16:00:47 INFO  ==============================================================
16:00:47 INFO  Id:    docker_plugin_finalize
16:00:47 INFO  Dir:   plugin_docker/
16:00:47 INFO  Title: Validate docker plugin finalize command
16:00:47 INFO  ==============================================================
16:00:49 INFO  Executed sudo&lt;docker_images&gt;, exit status 0
16:00:49 INFO  Grep on file /home/pi/actions-runner/_work/thin-edge.io/thin-edge.io/tests/PySys/plugin_docker/docker_plugin_finalize/Output/linux/docker_images.out ... passed
16:00:52 WARN  Executed sudo&lt;docker_pull&gt;, exit status 1
16:00:52 INFO  Contents of docker_pull.err: 
  Error response from daemon: toomanyrequests: You have reached your pull rate limit. You may increase the limit by authenticating and upgrading: https://www.docker.com/increase-rate-limit
  -----

16:00:52 WARN  sudo&lt;docker_pull&gt; returned non-zero exit code 1 ... blocked 
16:00:52 WARN  Aborted test due to BLOCKED outcome
16:00:52 INFO  
16:00:52 INFO  cleanup:
16:00:53 INFO  
16:00:53 INFO  Test duration: 5.55 secs
16:00:53 INFO  Test final outcome:  BLOCKED
16:00:53 INFO  Test outcome reason: sudo&lt;docker_pull&gt; returned non-zero exit code 1
16:00:53 INFO  
</system-out>
	</testcase>
</testsuite>
