<?xml version="1.0" encoding="utf-8"?>
<testsuite failures="1" name="docker_plugin_update" skipped="0" tests="1" time="4.65" timestamp="2022-05-02T16:01:20">
	<testcase classname="DockerPluginUpdateTest" name="docker_plugin_update">
		<failure message="BLOCKED: sudo&lt;docker_run&gt; returned non-zero exit code 125" type="BLOCKED"/>
		<system-out>16:01:16 INFO  ==============================================================
16:01:16 INFO  Id:    docker_plugin_update
16:01:16 INFO  Dir:   plugin_docker/
16:01:16 INFO  Title: Validate docker plugin install updates existing containers
16:01:16 INFO  ==============================================================
16:01:17 INFO  Executed sudo&lt;docker_images&gt;, exit status 0
16:01:17 INFO  Grep on file /home/pi/actions-runner/_work/thin-edge.io/thin-edge.io/tests/PySys/plugin_docker/docker_plugin_update/Output/linux/docker_images.out ... passed
16:01:19 WARN  Executed sudo&lt;docker_run&gt;, exit status 125
16:01:19 INFO  Contents of docker_run.err: 
  Unable to find image 'registry:2.6.2' locally
  docker: Error response from daemon: toomanyrequests: You have reached your pull rate limit. You may increase the limit by authenticating and upgrading: https://www.docker.com/increase-rate-limit.
  See 'docker run --help'.
  -----

16:01:19 WARN  sudo&lt;docker_run&gt; returned non-zero exit code 125 ... blocked 
16:01:19 WARN  Aborted test due to BLOCKED outcome
16:01:19 INFO  
16:01:19 INFO  cleanup:
16:01:19 INFO  Removing containers scheduled to be cleaned up: ['', '']
16:01:20 WARN  Executed sudo&lt;containers_for_cleanup&gt;, exit status 1
16:01:20 INFO  Removing images scheduled to be cleaned up: ['registry', 'registry:2.7.1']
16:01:20 INFO  Executed sudo&lt;containers_for_cleanup&gt;, exit status 0
16:01:20 INFO  
16:01:20 INFO  Test duration: 4.65 secs
16:01:20 INFO  Test final outcome:  BLOCKED
16:01:20 INFO  Test outcome reason: sudo&lt;docker_run&gt; returned non-zero exit code 125
16:01:20 INFO  
</system-out>
	</testcase>
</testsuite>
