<?xml version="1.0" encoding="utf-8"?>
<testsuite failures="0" name="docker_plugin_install" skipped="0" tests="1" time="36.69" timestamp="2022-05-04T08:53:56">
	<testcase classname="DockerPluginInstallTest" name="docker_plugin_install"/>
</testsuite>
