<?xml version="1.0" encoding="utf-8"?>
<testsuite failures="1" name="docker_plugin_finalize" skipped="0" tests="1" time="1.09" timestamp="2022-04-11T10:38:09">
	<testcase classname="DockerPluginFinalizeTest" name="docker_plugin_finalize">
		<failure message="FAILED: Grep on /home/pi/actions-runner/_work/thin-edge.io/thin-edge.io/tests/PySys/plugin_docker/docker_plugin_finalize/Output/linux/docker_images.out does not contain &quot;registry&quot; failed with 2 matches, first is: &quot;registry            2.7.1               e8a56425636e        4 months ago        22.2MB&quot;" type="FAILED"/>
		<system-out>10:38:08 INFO  ==============================================================
10:38:08 INFO  Id:    docker_plugin_finalize
10:38:08 INFO  Dir:   plugin_docker/
10:38:08 INFO  Title: Validate docker plugin finalize command
10:38:08 DEBUG Execution order hint: 0.0
10:38:08 INFO  ==============================================================
10:38:08 DEBUG Process parameters for sudo&lt;docker_images&gt;
  command line : /usr/bin/sudo docker images
    arg #1     : docker
    arg #2     : images
  working dir  : /home/pi/actions-runner/_work/thin-edge.io/thin-edge.io/tests/PySys/plugin_docker/docker_plugin_finalize/Output/linux
  stdout       : /home/pi/actions-runner/_work/thin-edge.io/thin-edge.io/tests/PySys/plugin_docker/docker_plugin_finalize/Output/linux/docker_images.out
  stderr       : /home/pi/actions-runner/_work/thin-edge.io/thin-edge.io/tests/PySys/plugin_docker/docker_plugin_finalize/Output/linux/docker_images.err
  environment  : LD_LIBRARY_PATH=/usr/lib
  environment  : PATH=/bin:/usr/bin:/usr/sbin:/usr/local/bin
                   #1  /bin
                   #2  /usr/bin
                   #3  /usr/sbin
                   #4  /usr/local/bin
10:38:08 DEBUG Waiting up to 600 secs for process sudo&lt;docker_images&gt; (pid 22549)
10:38:09 INFO  Executed sudo&lt;docker_images&gt;, exit status 0
10:38:09 DEBUG Performing regex contains=False grep on file: /home/pi/actions-runner/_work/thin-edge.io/thin-edge.io/tests/PySys/plugin_docker/docker_plugin_finalize/Output/linux/docker_images.out
10:38:09 WARN  Grep on /home/pi/actions-runner/_work/thin-edge.io/thin-edge.io/tests/PySys/plugin_docker/docker_plugin_finalize/Output/linux/docker_images.out does not contain &quot;registry&quot; failed with 2 matches, first is: &quot;registry            2.7.1               e8a56425636e        4 months ago        22.2MB&quot; ... failed 
10:38:09 WARN  Aborted test due to FAILED outcome
10:38:09 DEBUG --- test cleanup
10:38:09 INFO  
10:38:09 INFO  cleanup:
10:38:09 DEBUG Running registered cleanup function: &lt;bound method DockerPlugin.cleanup_containers of &lt;DockerPluginFinalizeTest object at 0x76132c10&gt;&gt;
10:38:09 DEBUG Running registered cleanup function: &lt;bound method DockerPlugin.cleanup_images of &lt;DockerPluginFinalizeTest object at 0x76132c10&gt;&gt;
10:38:09 DEBUG ProcessUser cleanup function done.
10:38:09 INFO  
10:38:09 INFO  Test duration: 1.09 secs
10:38:09 INFO  Test final outcome:  FAILED
10:38:09 INFO  Test outcome reason: Grep on /home/pi/actions-runner/_work/thin-edge.io/thin-edge.io/tests/PySys/plugin_docker/docker_plugin_finalize/Output/linux/docker_images.out does not contain &quot;registry&quot; failed with 2 matches, first is: &quot;registry            2.7.1               e8a56425636e        4 months ago        22.2MB&quot;
10:38:09 INFO  
</system-out>
	</testcase>
</testsuite>
