<?xml version="1.0" encoding="utf-8"?>
<testsuite failures="1" name="docker_plugin_remove_with_version" skipped="0" tests="1" time="0.9" timestamp="2022-04-07T17:09:55">
	<testcase classname="DockerPluginRemoveWithVersionTest" name="docker_plugin_remove_with_version">
		<failure message="FAILED: Grep on /home/pi/actions-runner/_work/thin-edge.io/thin-edge.io/tests/PySys/plugin_docker/docker_plugin_remove_with_version/Output/linux/docker_images.out does not contain &quot;registry&quot; failed with 2 matches, first is: &quot;registry            2.7.1               e8a56425636e        4 months ago        22.2MB&quot;" type="FAILED"/>
		<system-out>17:09:54 INFO  ==============================================================
17:09:54 INFO  Id:    docker_plugin_remove_with_version
17:09:54 INFO  Dir:   plugin_docker/
17:09:54 INFO  Title: Validate docker plugin remove with version
17:09:54 DEBUG Execution order hint: 0.0
17:09:54 INFO  ==============================================================
17:09:54 DEBUG Process parameters for sudo&lt;docker_images&gt;
  command line : /usr/bin/sudo docker images
    arg #1     : docker
    arg #2     : images
  working dir  : /home/pi/actions-runner/_work/thin-edge.io/thin-edge.io/tests/PySys/plugin_docker/docker_plugin_remove_with_version/Output/linux
  stdout       : /home/pi/actions-runner/_work/thin-edge.io/thin-edge.io/tests/PySys/plugin_docker/docker_plugin_remove_with_version/Output/linux/docker_images.out
  stderr       : /home/pi/actions-runner/_work/thin-edge.io/thin-edge.io/tests/PySys/plugin_docker/docker_plugin_remove_with_version/Output/linux/docker_images.err
  environment  : LD_LIBRARY_PATH=/usr/lib
  environment  : PATH=/bin:/usr/bin:/usr/sbin:/usr/local/bin
                   #1  /bin
                   #2  /usr/bin
                   #3  /usr/sbin
                   #4  /usr/local/bin
17:09:54 DEBUG Waiting up to 600 secs for process sudo&lt;docker_images&gt; (pid 17467)
17:09:55 INFO  Executed sudo&lt;docker_images&gt;, exit status 0
17:09:55 DEBUG Performing regex contains=False grep on file: /home/pi/actions-runner/_work/thin-edge.io/thin-edge.io/tests/PySys/plugin_docker/docker_plugin_remove_with_version/Output/linux/docker_images.out
17:09:55 WARN  Grep on /home/pi/actions-runner/_work/thin-edge.io/thin-edge.io/tests/PySys/plugin_docker/docker_plugin_remove_with_version/Output/linux/docker_images.out does not contain &quot;registry&quot; failed with 2 matches, first is: &quot;registry            2.7.1               e8a56425636e        4 months ago        22.2MB&quot; ... failed 
17:09:55 WARN  Aborted test due to FAILED outcome
17:09:55 DEBUG --- test cleanup
17:09:55 INFO  
17:09:55 INFO  cleanup:
17:09:55 DEBUG Running registered cleanup function: &lt;bound method DockerPlugin.cleanup_containers of &lt;DockerPluginRemoveWithVersionTest object at 0x760ccbd0&gt;&gt;
17:09:55 DEBUG Running registered cleanup function: &lt;bound method DockerPlugin.cleanup_images of &lt;DockerPluginRemoveWithVersionTest object at 0x760ccbd0&gt;&gt;
17:09:55 DEBUG ProcessUser cleanup function done.
17:09:55 INFO  
17:09:55 INFO  Test duration: 0.90 secs
17:09:55 INFO  Test final outcome:  FAILED
17:09:55 INFO  Test outcome reason: Grep on /home/pi/actions-runner/_work/thin-edge.io/thin-edge.io/tests/PySys/plugin_docker/docker_plugin_remove_with_version/Output/linux/docker_images.out does not contain &quot;registry&quot; failed with 2 matches, first is: &quot;registry            2.7.1               e8a56425636e        4 months ago        22.2MB&quot;
17:09:55 INFO  
</system-out>
	</testcase>
</testsuite>
