<?xml version="1.0" encoding="utf-8"?>
<testsuite failures="1" name="docker_plugin_remove" skipped="0" tests="1" time="0.9" timestamp="2022-04-08T10:37:24">
	<testcase classname="DockerPluginRemoveTest" name="docker_plugin_remove">
		<failure message="FAILED: Grep on /home/pi/actions-runner/_work/thin-edge.io/thin-edge.io/tests/PySys/plugin_docker/docker_plugin_remove/Output/linux/docker_images.out does not contain &quot;registry&quot; failed with 2 matches, first is: &quot;registry            2.7.1               e8a56425636e        4 months ago        22.2MB&quot;" type="FAILED"/>
		<system-out>10:37:23 INFO  ==============================================================
10:37:23 INFO  Id:    docker_plugin_remove
10:37:23 INFO  Dir:   plugin_docker/
10:37:23 INFO  Title: Validate docker plugin remove
10:37:23 DEBUG Execution order hint: 0.0
10:37:23 INFO  ==============================================================
10:37:23 DEBUG Process parameters for sudo&lt;docker_images&gt;
  command line : /usr/bin/sudo docker images
    arg #1     : docker
    arg #2     : images
  working dir  : /home/pi/actions-runner/_work/thin-edge.io/thin-edge.io/tests/PySys/plugin_docker/docker_plugin_remove/Output/linux
  stdout       : /home/pi/actions-runner/_work/thin-edge.io/thin-edge.io/tests/PySys/plugin_docker/docker_plugin_remove/Output/linux/docker_images.out
  stderr       : /home/pi/actions-runner/_work/thin-edge.io/thin-edge.io/tests/PySys/plugin_docker/docker_plugin_remove/Output/linux/docker_images.err
  environment  : LD_LIBRARY_PATH=/usr/lib
  environment  : PATH=/bin:/usr/bin:/usr/sbin:/usr/local/bin
                   #1  /bin
                   #2  /usr/bin
                   #3  /usr/sbin
                   #4  /usr/local/bin
10:37:23 DEBUG Waiting up to 600 secs for process sudo&lt;docker_images&gt; (pid 19438)
10:37:24 INFO  Executed sudo&lt;docker_images&gt;, exit status 0
10:37:24 DEBUG Performing regex contains=False grep on file: /home/pi/actions-runner/_work/thin-edge.io/thin-edge.io/tests/PySys/plugin_docker/docker_plugin_remove/Output/linux/docker_images.out
10:37:24 WARN  Grep on /home/pi/actions-runner/_work/thin-edge.io/thin-edge.io/tests/PySys/plugin_docker/docker_plugin_remove/Output/linux/docker_images.out does not contain &quot;registry&quot; failed with 2 matches, first is: &quot;registry            2.7.1               e8a56425636e        4 months ago        22.2MB&quot; ... failed 
10:37:24 WARN  Aborted test due to FAILED outcome
10:37:24 DEBUG --- test cleanup
10:37:24 INFO  
10:37:24 INFO  cleanup:
10:37:24 DEBUG Running registered cleanup function: &lt;bound method DockerPlugin.cleanup_containers of &lt;DockerPluginRemoveTest object at 0x760a63d0&gt;&gt;
10:37:24 DEBUG Running registered cleanup function: &lt;bound method DockerPlugin.cleanup_images of &lt;DockerPluginRemoveTest object at 0x760a63d0&gt;&gt;
10:37:24 DEBUG ProcessUser cleanup function done.
10:37:24 INFO  
10:37:24 INFO  Test duration: 0.90 secs
10:37:24 INFO  Test final outcome:  FAILED
10:37:24 INFO  Test outcome reason: Grep on /home/pi/actions-runner/_work/thin-edge.io/thin-edge.io/tests/PySys/plugin_docker/docker_plugin_remove/Output/linux/docker_images.out does not contain &quot;registry&quot; failed with 2 matches, first is: &quot;registry            2.7.1               e8a56425636e        4 months ago        22.2MB&quot;
10:37:24 INFO  
</system-out>
	</testcase>
</testsuite>
