<?xml version="1.0" encoding="utf-8"?>
<testsuite failures="1" name="docker_plugin_remove_with_version" skipped="0" tests="1" time="1.06" timestamp="2022-04-11T10:38:13">
	<testcase classname="DockerPluginRemoveWithVersionTest" name="docker_plugin_remove_with_version">
		<failure message="FAILED: Grep on /home/pi/actions-runner/_work/thin-edge.io/thin-edge.io/tests/PySys/plugin_docker/docker_plugin_remove_with_version/Output/linux/docker_images.out does not contain &quot;registry&quot; failed with 2 matches, first is: &quot;registry            2.7.1               e8a56425636e        4 months ago        22.2MB&quot;" type="FAILED"/>
		<system-out>10:38:12 INFO  ==============================================================
10:38:12 INFO  Id:    docker_plugin_remove_with_version
10:38:12 INFO  Dir:   plugin_docker/
10:38:12 INFO  Title: Validate docker plugin remove with version
10:38:12 DEBUG Execution order hint: 0.0
10:38:12 INFO  ==============================================================
10:38:12 DEBUG Process parameters for sudo&lt;docker_images&gt;
  command line : /usr/bin/sudo docker images
    arg #1     : docker
    arg #2     : images
  working dir  : /home/pi/actions-runner/_work/thin-edge.io/thin-edge.io/tests/PySys/plugin_docker/docker_plugin_remove_with_version/Output/linux
  stdout       : /home/pi/actions-runner/_work/thin-edge.io/thin-edge.io/tests/PySys/plugin_docker/docker_plugin_remove_with_version/Output/linux/docker_images.out
  stderr       : /home/pi/actions-runner/_work/thin-edge.io/thin-edge.io/tests/PySys/plugin_docker/docker_plugin_remove_with_version/Output/linux/docker_images.err
  environment  : LD_LIBRARY_PATH=/usr/lib
  environment  : PATH=/bin:/usr/bin:/usr/sbin:/usr/local/bin
                   #1  /bin
                   #2  /usr/bin
                   #3  /usr/sbin
                   #4  /usr/local/bin
10:38:12 DEBUG Waiting up to 600 secs for process sudo&lt;docker_images&gt; (pid 22597)
10:38:13 INFO  Executed sudo&lt;docker_images&gt;, exit status 0
10:38:13 DEBUG Performing regex contains=False grep on file: /home/pi/actions-runner/_work/thin-edge.io/thin-edge.io/tests/PySys/plugin_docker/docker_plugin_remove_with_version/Output/linux/docker_images.out
10:38:13 WARN  Grep on /home/pi/actions-runner/_work/thin-edge.io/thin-edge.io/tests/PySys/plugin_docker/docker_plugin_remove_with_version/Output/linux/docker_images.out does not contain &quot;registry&quot; failed with 2 matches, first is: &quot;registry            2.7.1               e8a56425636e        4 months ago        22.2MB&quot; ... failed 
10:38:13 WARN  Aborted test due to FAILED outcome
10:38:13 DEBUG --- test cleanup
10:38:13 INFO  
10:38:13 INFO  cleanup:
10:38:13 DEBUG Running registered cleanup function: &lt;bound method DockerPlugin.cleanup_containers of &lt;DockerPluginRemoveWithVersionTest object at 0x760b4c30&gt;&gt;
10:38:13 DEBUG Running registered cleanup function: &lt;bound method DockerPlugin.cleanup_images of &lt;DockerPluginRemoveWithVersionTest object at 0x760b4c30&gt;&gt;
10:38:13 DEBUG ProcessUser cleanup function done.
10:38:13 INFO  
10:38:13 INFO  Test duration: 1.06 secs
10:38:13 INFO  Test final outcome:  FAILED
10:38:13 INFO  Test outcome reason: Grep on /home/pi/actions-runner/_work/thin-edge.io/thin-edge.io/tests/PySys/plugin_docker/docker_plugin_remove_with_version/Output/linux/docker_images.out does not contain &quot;registry&quot; failed with 2 matches, first is: &quot;registry            2.7.1               e8a56425636e        4 months ago        22.2MB&quot;
10:38:13 INFO  
</system-out>
	</testcase>
</testsuite>
