<?xml version="1.0" encoding="utf-8"?>
<testsuite failures="1" name="SoftwareManagement.sm_docker_install_remove_multiple" skipped="0" tests="1" time="163.09" timestamp="2022-04-14T10:31:24">
	<testcase classname="SMDockerInstallRemove" name="SoftwareManagement.sm_docker_install_remove_multiple">
		<failure message="BLOCKED: SystemError: Timeout while waiting for status SUCCESSFUL or False" type="BLOCKED"/>
		<system-out>10:28:41 INFO  ==============================================================
10:28:41 INFO  Id:    SoftwareManagement.sm_docker_install_remove_multiple
10:28:41 INFO  Dir:   software_management_end_to_end/
10:28:41 INFO  Title: Validate end to end behaviour for the docker plugin for multiple docker images with mixed versions
10:28:41 INFO  ==============================================================
10:28:42 INFO  Using sw id database: {'asciijump': '5475369', 'robotfindskitten': '5474869', 'squirrel3': '5475279', 'rolldice': '5152439', 'moon-buggy': '5439204', 'apple': '5495053', 'banana': '5494888', 'cherry': '5495382', 'watermelon': '5494510', 'registry': '8018911', 'hello-world': '8021526', 'docker/getting-started': '8021973', 'alpine': '7991792'}
10:28:42 INFO  EnvironmentC8y Setup
10:28:42 INFO  Executed systemctl&lt;serv_mapper1&gt;, exit status 3
10:28:57 INFO  Executed sudo&lt;tedge_connect_c8y&gt;, exit status 0, duration 14 secs
10:28:58 INFO  Executed sudo&lt;tedge_connect_c8y_test&gt;, exit status 0
10:28:58 INFO  Executed systemctl&lt;serv_mosq2&gt;, exit status 0
10:28:59 INFO  Executed systemctl&lt;serv_mapper3&gt;, exit status 0
10:29:01 INFO  State of current operation: FAILED
10:29:01 INFO  Response status: 201
10:29:01 INFO  Response to action: {
    &quot;creationTime&quot;: &quot;2022-04-14T10:29:01.554Z&quot;,
    &quot;deviceName&quot;: &quot;mythicb&quot;,
    &quot;deviceId&quot;: &quot;17329985&quot;,
    &quot;self&quot;: &quot;https://t493319102.eu-latest.cumulocity.com/devicecontrol/operations/17330321&quot;,
    &quot;id&quot;: &quot;17330321&quot;,
    &quot;status&quot;: &quot;PENDING&quot;,
    &quot;description&quot;: &quot;Apply software changes, triggered from PySys: [{'action': 'install', 'id': '8021526', 'name': 'hello-world', 'url': '', 'version': '::docker'}, {'action': 'install', 'id': '8018911', 'name': 'registry', 'url': '', 'version': '2.6.2::docker'}]&quot;,
    &quot;c8y_SoftwareUpdate&quot;: [
        {
            &quot;name&quot;: &quot;hello-world&quot;,
            &quot;action&quot;: &quot;install&quot;,
            &quot;id&quot;: &quot;8021526&quot;,
            &quot;version&quot;: &quot;::docker&quot;,
            &quot;url&quot;: &quot;&quot;
        },
        {
            &quot;name&quot;: &quot;registry&quot;,
            &quot;action&quot;: &quot;install&quot;,
            &quot;id&quot;: &quot;8018911&quot;,
            &quot;version&quot;: &quot;2.6.2::docker&quot;,
            &quot;url&quot;: &quot;&quot;
        }
    ]
}
10:29:01 INFO  Started operation: {'creationTime': '2022-04-14T10:29:01.554Z', 'deviceName': 'mythicb', 'deviceId': '17329985', 'self': 'https://t493319102.eu-latest.cumulocity.com/devicecontrol/operations/17330321', 'id': '17330321', 'status': 'PENDING', 'description': &quot;Apply software changes, triggered from PySys: [{'action': 'install', 'id': '8021526', 'name': 'hello-world', 'url': '', 'version': '::docker'}, {'action': 'install', 'id': '8018911', 'name': 'registry', 'url': '', 'version': '2.6.2::docker'}]&quot;, 'c8y_SoftwareUpdate': [{'name': 'hello-world', 'action': 'install', 'id': '8021526', 'version': '::docker', 'url': ''}, {'name': 'registry', 'action': 'install', 'id': '8018911', 'version': '2.6.2::docker', 'url': ''}]}
10:29:03 INFO  State of operation 17330321 : PENDING
10:29:06 INFO  State of operation 17330321 : PENDING
10:29:08 INFO  State of operation 17330321 : PENDING
10:29:10 INFO  State of operation 17330321 : PENDING
10:29:12 INFO  State of operation 17330321 : PENDING
10:29:14 INFO  State of operation 17330321 : PENDING
10:29:17 INFO  State of operation 17330321 : PENDING
10:29:19 INFO  State of operation 17330321 : PENDING
10:29:21 INFO  State of operation 17330321 : PENDING
10:29:23 INFO  State of operation 17330321 : PENDING
10:29:25 INFO  State of operation 17330321 : PENDING
10:29:28 INFO  State of operation 17330321 : PENDING
10:29:30 INFO  State of operation 17330321 : PENDING
10:29:32 INFO  State of operation 17330321 : PENDING
10:29:34 INFO  State of operation 17330321 : PENDING
10:29:37 INFO  State of operation 17330321 : PENDING
10:29:39 INFO  State of operation 17330321 : PENDING
10:29:41 INFO  State of operation 17330321 : PENDING
10:29:43 INFO  State of operation 17330321 : PENDING
10:29:45 INFO  State of operation 17330321 : PENDING
10:29:48 INFO  State of operation 17330321 : PENDING
10:29:50 INFO  State of operation 17330321 : PENDING
10:29:52 INFO  State of operation 17330321 : PENDING
10:29:54 INFO  State of operation 17330321 : PENDING
10:29:57 INFO  State of operation 17330321 : PENDING
10:29:59 INFO  State of operation 17330321 : PENDING
10:30:01 INFO  State of operation 17330321 : PENDING
10:30:03 INFO  State of operation 17330321 : PENDING
10:30:05 INFO  State of operation 17330321 : PENDING
10:30:08 INFO  State of operation 17330321 : PENDING
10:30:10 INFO  State of operation 17330321 : PENDING
10:30:12 INFO  State of operation 17330321 : PENDING
10:30:14 INFO  State of operation 17330321 : PENDING
10:30:16 INFO  State of operation 17330321 : PENDING
10:30:19 INFO  State of operation 17330321 : PENDING
10:30:21 INFO  State of operation 17330321 : PENDING
10:30:23 INFO  State of operation 17330321 : PENDING
10:30:25 INFO  State of operation 17330321 : PENDING
10:30:28 INFO  State of operation 17330321 : PENDING
10:30:30 INFO  State of operation 17330321 : PENDING
10:30:32 INFO  State of operation 17330321 : PENDING
10:30:34 INFO  State of operation 17330321 : PENDING
10:30:36 INFO  State of operation 17330321 : PENDING
10:30:39 INFO  State of operation 17330321 : PENDING
10:30:41 INFO  State of operation 17330321 : PENDING
10:30:43 INFO  State of operation 17330321 : PENDING
10:30:45 INFO  State of operation 17330321 : PENDING
10:30:48 INFO  State of operation 17330321 : PENDING
10:30:50 INFO  State of operation 17330321 : PENDING
10:30:52 INFO  State of operation 17330321 : PENDING
10:30:54 INFO  State of operation 17330321 : PENDING
10:30:56 INFO  State of operation 17330321 : PENDING
10:30:59 INFO  State of operation 17330321 : PENDING
10:31:01 INFO  State of operation 17330321 : PENDING
10:31:03 INFO  State of operation 17330321 : PENDING
10:31:05 INFO  State of operation 17330321 : PENDING
10:31:08 INFO  State of operation 17330321 : PENDING
10:31:10 INFO  State of operation 17330321 : PENDING
10:31:12 INFO  State of operation 17330321 : PENDING
10:31:14 INFO  State of operation 17330321 : PENDING
10:31:16 INFO  State of operation 17330321 : PENDING
10:31:18 WARN  SystemError occurred while running test - Timeout while waiting for status SUCCESSFUL or False
Traceback (most recent call last):
  File &quot;/home/pi/env-pysys/lib/python3.7/site-packages/pysys/baserunner.py&quot;, line 1292, in __call__
    self.testObj.setup()
  File &quot;/home/pi/actions-runner/_work/thin-edge.io/thin-edge.io/tests/PySys/software_management_end_to_end/sm_docker_install_remove_multiple/run.py&quot;, line 55, in setup
    self.wait_until_succcess()
  File &quot;/home/pi/actions-runner/_work/thin-edge.io/thin-edge.io/tests/PySys/software_management_end_to_end/environment_sm_management.py&quot;, line 324, in wait_until_succcess
    self.wait_until_status(&quot;SUCCESSFUL&quot;)
  File &quot;/home/pi/actions-runner/_work/thin-edge.io/thin-edge.io/tests/PySys/software_management_end_to_end/environment_sm_management.py&quot;, line 381, in wait_until_status
    &quot;Timeout while waiting for status %s or %s&quot; % (status, status2)
SystemError: Timeout while waiting for status SUCCESSFUL or False
10:31:18 WARN  SystemError: Timeout while waiting for status SUCCESSFUL or False ... blocked 
10:31:18 INFO  
10:31:18 INFO  cleanup:
10:31:23 INFO  Executed sudo&lt;tedge_disconnect_c8y&gt;, exit status 0
10:31:24 INFO  Executed systemctl&lt;serv_mapper5&gt;, exit status 3
10:31:24 INFO  
10:31:24 INFO  Test duration: 163.09 secs
10:31:24 INFO  Test final outcome:  BLOCKED
10:31:24 INFO  Test outcome reason: SystemError: Timeout while waiting for status SUCCESSFUL or False
10:31:24 INFO  
</system-out>
	</testcase>
</testsuite>
