<?xml version="1.0" encoding="utf-8"?>
<testsuite failures="1" name="SoftwareManagement.sm_docker_install_remove_multiple" skipped="0" tests="1" time="160.87" timestamp="2022-04-14T07:26:51">
	<testcase classname="SMDockerInstallRemove" name="SoftwareManagement.sm_docker_install_remove_multiple">
		<failure message="BLOCKED: SystemError: Timeout while waiting for status FAILED or SUCCESSFUL" type="BLOCKED"/>
		<system-out>07:24:10 INFO  ==============================================================
07:24:10 INFO  Id:    SoftwareManagement.sm_docker_install_remove_multiple
07:24:10 INFO  Dir:   software_management_end_to_end/
07:24:10 INFO  Title: Validate end to end behaviour for the docker plugin for multiple docker images with mixed versions
07:24:10 INFO  ==============================================================
07:24:11 INFO  Using sw id database: {'asciijump': '5475369', 'robotfindskitten': '5474869', 'squirrel3': '5475279', 'rolldice': '5152439', 'moon-buggy': '5439204', 'apple': '5495053', 'banana': '5494888', 'cherry': '5495382', 'watermelon': '5494510', 'registry': '8018911', 'hello-world': '8021526', 'docker/getting-started': '8021973', 'alpine': '7991792'}
07:24:11 INFO  EnvironmentC8y Setup
07:24:12 INFO  Executed systemctl&lt;serv_mapper1&gt;, exit status 3
07:24:26 INFO  Executed sudo&lt;tedge_connect_c8y&gt;, exit status 0, duration 14 secs
07:24:27 INFO  Executed sudo&lt;tedge_connect_c8y_test&gt;, exit status 0
07:24:27 INFO  Executed systemctl&lt;serv_mosq2&gt;, exit status 0
07:24:28 INFO  Executed systemctl&lt;serv_mapper3&gt;, exit status 0
07:24:30 INFO  State of current operation: PENDING
07:24:32 INFO  State of current operation: PENDING
07:24:35 INFO  State of current operation: PENDING
07:24:37 INFO  State of current operation: PENDING
07:24:39 INFO  State of current operation: PENDING
07:24:41 INFO  State of current operation: PENDING
07:24:44 INFO  State of current operation: PENDING
07:24:46 INFO  State of current operation: PENDING
07:24:48 INFO  State of current operation: PENDING
07:24:50 INFO  State of current operation: PENDING
07:24:52 INFO  State of current operation: PENDING
07:24:55 INFO  State of current operation: PENDING
07:24:57 INFO  State of current operation: PENDING
07:24:59 INFO  State of current operation: PENDING
07:25:01 INFO  State of current operation: PENDING
07:25:04 INFO  State of current operation: PENDING
07:25:06 INFO  State of current operation: PENDING
07:25:08 INFO  State of current operation: PENDING
07:25:10 INFO  State of current operation: PENDING
07:25:13 INFO  State of current operation: PENDING
07:25:15 INFO  State of current operation: PENDING
07:25:17 INFO  State of current operation: PENDING
07:25:19 INFO  State of current operation: PENDING
07:25:21 INFO  State of current operation: PENDING
07:25:24 INFO  State of current operation: PENDING
07:25:26 INFO  State of current operation: PENDING
07:25:28 INFO  State of current operation: PENDING
07:25:30 INFO  State of current operation: PENDING
07:25:33 INFO  State of current operation: PENDING
07:25:35 INFO  State of current operation: PENDING
07:25:37 INFO  State of current operation: PENDING
07:25:39 INFO  State of current operation: PENDING
07:25:41 INFO  State of current operation: PENDING
07:25:44 INFO  State of current operation: PENDING
07:25:46 INFO  State of current operation: PENDING
07:25:48 INFO  State of current operation: PENDING
07:25:50 INFO  State of current operation: PENDING
07:25:53 INFO  State of current operation: PENDING
07:25:55 INFO  State of current operation: PENDING
07:25:57 INFO  State of current operation: PENDING
07:25:59 INFO  State of current operation: PENDING
07:26:02 INFO  State of current operation: PENDING
07:26:04 INFO  State of current operation: PENDING
07:26:06 INFO  State of current operation: PENDING
07:26:08 INFO  State of current operation: PENDING
07:26:10 INFO  State of current operation: PENDING
07:26:13 INFO  State of current operation: PENDING
07:26:15 INFO  State of current operation: PENDING
07:26:17 INFO  State of current operation: PENDING
07:26:19 INFO  State of current operation: PENDING
07:26:22 INFO  State of current operation: PENDING
07:26:24 INFO  State of current operation: PENDING
07:26:26 INFO  State of current operation: PENDING
07:26:28 INFO  State of current operation: PENDING
07:26:31 INFO  State of current operation: PENDING
07:26:33 INFO  State of current operation: PENDING
07:26:35 INFO  State of current operation: PENDING
07:26:37 INFO  State of current operation: PENDING
07:26:39 INFO  State of current operation: PENDING
07:26:42 INFO  State of current operation: PENDING
07:26:44 INFO  State of current operation: PENDING
07:26:46 WARN  SystemError occurred while running test - Timeout while waiting for status FAILED or SUCCESSFUL
Traceback (most recent call last):
  File &quot;/home/pi/env-pysys/lib/python3.7/site-packages/pysys/baserunner.py&quot;, line 1292, in __call__
    self.testObj.setup()
  File &quot;/home/pi/actions-runner/_work/thin-edge.io/thin-edge.io/tests/PySys/software_management_end_to_end/sm_docker_install_remove_multiple/run.py&quot;, line 29, in setup
    super().setup()
  File &quot;/home/pi/actions-runner/_work/thin-edge.io/thin-edge.io/tests/PySys/software_management_end_to_end/environment_sm_management.py&quot;, line 151, in setup
    self.wait_until_end()
  File &quot;/home/pi/actions-runner/_work/thin-edge.io/thin-edge.io/tests/PySys/software_management_end_to_end/environment_sm_management.py&quot;, line 332, in wait_until_end
    self.wait_until_status(&quot;FAILED&quot;, &quot;SUCCESSFUL&quot;)
  File &quot;/home/pi/actions-runner/_work/thin-edge.io/thin-edge.io/tests/PySys/software_management_end_to_end/environment_sm_management.py&quot;, line 381, in wait_until_status
    &quot;Timeout while waiting for status %s or %s&quot; % (status, status2)
SystemError: Timeout while waiting for status FAILED or SUCCESSFUL
07:26:46 WARN  SystemError: Timeout while waiting for status FAILED or SUCCESSFUL ... blocked 
07:26:46 INFO  
07:26:46 INFO  cleanup:
07:26:50 INFO  Executed sudo&lt;tedge_disconnect_c8y&gt;, exit status 0
07:26:51 INFO  Executed systemctl&lt;serv_mapper5&gt;, exit status 3
07:26:51 INFO  
07:26:51 INFO  Test duration: 160.87 secs
07:26:51 INFO  Test final outcome:  BLOCKED
07:26:51 INFO  Test outcome reason: SystemError: Timeout while waiting for status FAILED or SUCCESSFUL
07:26:51 INFO  
</system-out>
	</testcase>
</testsuite>
