<?xml version="1.0" encoding="utf-8"?>
<testsuite failures="1" name="docker_plugin_remove" skipped="0" tests="1" time="0.89" timestamp="2022-04-14T10:28:38">
	<testcase classname="DockerPluginRemoveTest" name="docker_plugin_remove">
		<failure message="FAILED: Grep on /home/pi/actions-runner/_work/thin-edge.io/thin-edge.io/tests/PySys/plugin_docker/docker_plugin_remove/Output/linux/docker_images.out does not contain &quot;registry&quot; failed with 2 matches, first is: &quot;registry            2.7.1               e8a56425636e        5 months ago        22.2MB&quot;" type="FAILED"/>
		<system-out>10:28:37 INFO  ==============================================================
10:28:37 INFO  Id:    docker_plugin_remove
10:28:37 INFO  Dir:   plugin_docker/
10:28:37 INFO  Title: Validate docker plugin remove
10:28:37 INFO  ==============================================================
10:28:38 INFO  Executed sudo&lt;docker_images&gt;, exit status 0
10:28:38 WARN  Grep on /home/pi/actions-runner/_work/thin-edge.io/thin-edge.io/tests/PySys/plugin_docker/docker_plugin_remove/Output/linux/docker_images.out does not contain &quot;registry&quot; failed with 2 matches, first is: &quot;registry            2.7.1               e8a56425636e        5 months ago        22.2MB&quot; ... failed 
10:28:38 WARN  Aborted test due to FAILED outcome
10:28:38 INFO  
10:28:38 INFO  cleanup:
10:28:38 INFO  
10:28:38 INFO  Test duration: 0.89 secs
10:28:38 INFO  Test final outcome:  FAILED
10:28:38 INFO  Test outcome reason: Grep on /home/pi/actions-runner/_work/thin-edge.io/thin-edge.io/tests/PySys/plugin_docker/docker_plugin_remove/Output/linux/docker_images.out does not contain &quot;registry&quot; failed with 2 matches, first is: &quot;registry            2.7.1               e8a56425636e        5 months ago        22.2MB&quot;
10:28:38 INFO  
</system-out>
	</testcase>
</testsuite>
