<?xml version="1.0" encoding="utf-8"?>
<testsuite failures="1" name="docker_plugin_finalize" skipped="0" tests="1" time="1.94" timestamp="2022-04-15T09:50:59">
	<testcase classname="DockerPluginFinalizeTest" name="docker_plugin_finalize">
		<failure message="FAILED: Grep on /home/pi/actions-runner/_work/thin-edge.io/thin-edge.io/tests/PySys/plugin_docker/docker_plugin_finalize/Output/linux/docker_images.out does not contain &quot;registry&quot; failed with 2 matches, first is: &quot;registry            2.7.1               e8a56425636e        5 months ago        22.2MB&quot;" type="FAILED"/>
		<system-out>09:50:57 INFO  ==============================================================
09:50:57 INFO  Id:    docker_plugin_finalize
09:50:57 INFO  Dir:   plugin_docker/
09:50:57 INFO  Title: Validate docker plugin finalize command
09:50:57 INFO  ==============================================================
09:50:59 INFO  Executed sudo&lt;docker_images&gt;, exit status 0
09:50:59 WARN  Grep on /home/pi/actions-runner/_work/thin-edge.io/thin-edge.io/tests/PySys/plugin_docker/docker_plugin_finalize/Output/linux/docker_images.out does not contain &quot;registry&quot; failed with 2 matches, first is: &quot;registry            2.7.1               e8a56425636e        5 months ago        22.2MB&quot; ... failed 
09:50:59 WARN  Aborted test due to FAILED outcome
09:50:59 INFO  
09:50:59 INFO  cleanup:
09:50:59 INFO  
09:50:59 INFO  Test duration: 1.94 secs
09:50:59 INFO  Test final outcome:  FAILED
09:50:59 INFO  Test outcome reason: Grep on /home/pi/actions-runner/_work/thin-edge.io/thin-edge.io/tests/PySys/plugin_docker/docker_plugin_finalize/Output/linux/docker_images.out does not contain &quot;registry&quot; failed with 2 matches, first is: &quot;registry            2.7.1               e8a56425636e        5 months ago        22.2MB&quot;
09:50:59 INFO  
</system-out>
	</testcase>
</testsuite>
