<?xml version="1.0" encoding="utf-8"?>
<testsuite failures="1" name="docker_plugin_update" skipped="0" tests="1" time="0.89" timestamp="2022-04-15T09:51:04">
	<testcase classname="DockerPluginUpdateTest" name="docker_plugin_update">
		<failure message="FAILED: Grep on /home/pi/actions-runner/_work/thin-edge.io/thin-edge.io/tests/PySys/plugin_docker/docker_plugin_update/Output/linux/docker_images.out does not contain &quot;registry&quot; failed with 2 matches, first is: &quot;registry            2.7.1               e8a56425636e        5 months ago        22.2MB&quot;" type="FAILED"/>
		<system-out>09:51:03 INFO  ==============================================================
09:51:03 INFO  Id:    docker_plugin_update
09:51:03 INFO  Dir:   plugin_docker/
09:51:03 INFO  Title: Validate docker plugin install updates existing containers
09:51:03 INFO  ==============================================================
09:51:04 INFO  Executed sudo&lt;docker_images&gt;, exit status 0
09:51:04 WARN  Grep on /home/pi/actions-runner/_work/thin-edge.io/thin-edge.io/tests/PySys/plugin_docker/docker_plugin_update/Output/linux/docker_images.out does not contain &quot;registry&quot; failed with 2 matches, first is: &quot;registry            2.7.1               e8a56425636e        5 months ago        22.2MB&quot; ... failed 
09:51:04 WARN  Aborted test due to FAILED outcome
09:51:04 INFO  
09:51:04 INFO  cleanup:
09:51:04 INFO  
09:51:04 INFO  Test duration: 0.89 secs
09:51:04 INFO  Test final outcome:  FAILED
09:51:04 INFO  Test outcome reason: Grep on /home/pi/actions-runner/_work/thin-edge.io/thin-edge.io/tests/PySys/plugin_docker/docker_plugin_update/Output/linux/docker_images.out does not contain &quot;registry&quot; failed with 2 matches, first is: &quot;registry            2.7.1               e8a56425636e        5 months ago        22.2MB&quot;
09:51:04 INFO  
</system-out>
	</testcase>
</testsuite>
