<?xml version="1.0" encoding="utf-8"?>
<testsuite failures="1" name="tedge_mapper_c8y_alarms" skipped="0" tests="1" time="30.76" timestamp="2022-04-08T09:59:54">
	<testcase classname="TedgeMapperC8yAlarm" name="tedge_mapper_c8y_alarms">
		<failure message="BLOCKED: IndexError: list index out of range" type="BLOCKED"/>
		<system-out>09:59:23 DEBUG deletedir failed to update permissions and delete /home/pi/actions-runner/_work/thin-edge.io/thin-edge.io/tests/PySys/tedge_mapper_c8y/tedge_mapper_c8y_alarms/Output/linux on this attempt: [Errno 2] No such file or directory: '/home/pi/actions-runner/_work/thin-edge.io/thin-edge.io/tests/PySys/tedge_mapper_c8y/tedge_mapper_c8y_alarms/Output/linux'
09:59:23 INFO  ==============================================================
09:59:23 INFO  Id:    tedge_mapper_c8y_alarms
09:59:23 INFO  Dir:   tedge_mapper_c8y/
09:59:23 INFO  Title: Validate that alarms sent to tedge/alarms topic \ gets mapped as alarms in Cumulocity
09:59:23 DEBUG Execution order hint: 0.0
09:59:23 INFO  ==============================================================
09:59:23 DEBUG EnvironmentC8y Setup
09:59:23 INFO  EnvironmentC8y Setup
09:59:23 DEBUG Process parameters for systemctl&lt;serv_mapper1&gt;
  command line : /usr/bin/systemctl status tedge-mapper-c8y
    arg #1     : status
    arg #2     : tedge-mapper-c8y
  working dir  : /home/pi/actions-runner/_work/thin-edge.io/thin-edge.io/tests/PySys/tedge_mapper_c8y/tedge_mapper_c8y_alarms/Output/linux
  stdout       : /home/pi/actions-runner/_work/thin-edge.io/thin-edge.io/tests/PySys/tedge_mapper_c8y/tedge_mapper_c8y_alarms/Output/linux/serv_mapper1.out
  stderr       : /home/pi/actions-runner/_work/thin-edge.io/thin-edge.io/tests/PySys/tedge_mapper_c8y/tedge_mapper_c8y_alarms/Output/linux/serv_mapper1.err
  environment  : LD_LIBRARY_PATH=/usr/lib
  environment  : PATH=/bin:/usr/bin:/usr/sbin:/usr/local/bin
                   #1  /bin
                   #2  /usr/bin
                   #3  /usr/sbin
                   #4  /usr/local/bin
09:59:23 DEBUG Waiting up to 600 secs for process systemctl&lt;serv_mapper1&gt; (pid 11793)
09:59:24 INFO  Executed systemctl&lt;serv_mapper1&gt;, exit status 3
09:59:24 DEBUG Process parameters for sudo&lt;tedge_connect_c8y&gt;
  command line : /usr/bin/sudo /usr/bin/tedge connect c8y
    arg #1     : /usr/bin/tedge
    arg #2     : connect
    arg #3     : c8y
  working dir  : /home/pi/actions-runner/_work/thin-edge.io/thin-edge.io/tests/PySys/tedge_mapper_c8y/tedge_mapper_c8y_alarms/Output/linux
  stdout       : /home/pi/actions-runner/_work/thin-edge.io/thin-edge.io/tests/PySys/tedge_mapper_c8y/tedge_mapper_c8y_alarms/Output/linux/tedge_connect_c8y.out
  stderr       : /home/pi/actions-runner/_work/thin-edge.io/thin-edge.io/tests/PySys/tedge_mapper_c8y/tedge_mapper_c8y_alarms/Output/linux/tedge_connect_c8y.err
  environment  : LD_LIBRARY_PATH=/usr/lib
  environment  : PATH=/bin:/usr/bin:/usr/sbin:/usr/local/bin
                   #1  /bin
                   #2  /usr/bin
                   #3  /usr/sbin
                   #4  /usr/local/bin
09:59:24 DEBUG Waiting up to 600 secs for process sudo&lt;tedge_connect_c8y&gt; (pid 11797)
09:59:38 INFO  Executed sudo&lt;tedge_connect_c8y&gt;, exit status 0, duration 13 secs
09:59:38 DEBUG Process parameters for sudo&lt;tedge_connect_c8y_test&gt;
  command line : /usr/bin/sudo /usr/bin/tedge connect c8y --test
    arg #1     : /usr/bin/tedge
    arg #2     : connect
    arg #3     : c8y
    arg #4     : --test
  working dir  : /home/pi/actions-runner/_work/thin-edge.io/thin-edge.io/tests/PySys/tedge_mapper_c8y/tedge_mapper_c8y_alarms/Output/linux
  stdout       : /home/pi/actions-runner/_work/thin-edge.io/thin-edge.io/tests/PySys/tedge_mapper_c8y/tedge_mapper_c8y_alarms/Output/linux/tedge_connect_c8y_test.out
  stderr       : /home/pi/actions-runner/_work/thin-edge.io/thin-edge.io/tests/PySys/tedge_mapper_c8y/tedge_mapper_c8y_alarms/Output/linux/tedge_connect_c8y_test.err
  environment  : LD_LIBRARY_PATH=/usr/lib
  environment  : PATH=/bin:/usr/bin:/usr/sbin:/usr/local/bin
                   #1  /bin
                   #2  /usr/bin
                   #3  /usr/sbin
                   #4  /usr/local/bin
09:59:38 DEBUG Waiting up to 600 secs for process sudo&lt;tedge_connect_c8y_test&gt; (pid 11904)
09:59:38 INFO  Executed sudo&lt;tedge_connect_c8y_test&gt;, exit status 0
09:59:38 DEBUG Process parameters for systemctl&lt;serv_mosq2&gt;
  command line : /usr/bin/systemctl status mosquitto
    arg #1     : status
    arg #2     : mosquitto
  working dir  : /home/pi/actions-runner/_work/thin-edge.io/thin-edge.io/tests/PySys/tedge_mapper_c8y/tedge_mapper_c8y_alarms/Output/linux
  stdout       : /home/pi/actions-runner/_work/thin-edge.io/thin-edge.io/tests/PySys/tedge_mapper_c8y/tedge_mapper_c8y_alarms/Output/linux/serv_mosq2.out
  stderr       : /home/pi/actions-runner/_work/thin-edge.io/thin-edge.io/tests/PySys/tedge_mapper_c8y/tedge_mapper_c8y_alarms/Output/linux/serv_mosq2.err
  environment  : LD_LIBRARY_PATH=/usr/lib
  environment  : PATH=/bin:/usr/bin:/usr/sbin:/usr/local/bin
                   #1  /bin
                   #2  /usr/bin
                   #3  /usr/sbin
                   #4  /usr/local/bin
09:59:38 DEBUG Waiting up to 600 secs for process systemctl&lt;serv_mosq2&gt; (pid 11912)
09:59:39 INFO  Executed systemctl&lt;serv_mosq2&gt;, exit status 0
09:59:39 DEBUG Process parameters for systemctl&lt;serv_mapper3&gt;
  command line : /usr/bin/systemctl status tedge-mapper-c8y
    arg #1     : status
    arg #2     : tedge-mapper-c8y
  working dir  : /home/pi/actions-runner/_work/thin-edge.io/thin-edge.io/tests/PySys/tedge_mapper_c8y/tedge_mapper_c8y_alarms/Output/linux
  stdout       : /home/pi/actions-runner/_work/thin-edge.io/thin-edge.io/tests/PySys/tedge_mapper_c8y/tedge_mapper_c8y_alarms/Output/linux/serv_mapper3.out
  stderr       : /home/pi/actions-runner/_work/thin-edge.io/thin-edge.io/tests/PySys/tedge_mapper_c8y/tedge_mapper_c8y_alarms/Output/linux/serv_mapper3.err
  environment  : LD_LIBRARY_PATH=/usr/lib
  environment  : PATH=/bin:/usr/bin:/usr/sbin:/usr/local/bin
                   #1  /bin
                   #2  /usr/bin
                   #3  /usr/sbin
                   #4  /usr/local/bin
09:59:39 DEBUG Waiting up to 600 secs for process systemctl&lt;serv_mapper3&gt; (pid 11913)
09:59:39 INFO  Executed systemctl&lt;serv_mapper3&gt;, exit status 0
09:59:39 DEBUG --- test execute
09:59:44 DEBUG Process parameters for tedge
  command line : /usr/bin/tedge mqtt pub -r tedge/alarms/warning/temperature_high '{&quot;text&quot;:&quot;temperature is high&quot;, &quot;time&quot;:&quot;2021-12-15T15:22:06.464247777+05:30&quot;}'
    arg #1     : mqtt
    arg #2     : pub
    arg #3     : -r
    arg #4     : tedge/alarms/warning/temperature_high
    arg #5     : {&quot;text&quot;:&quot;temperature is high&quot;, &quot;time&quot;:&quot;2021-12-15T15:22:06.464247777+05:30&quot;}
  working dir  : /home/pi/actions-runner/_work/thin-edge.io/thin-edge.io/tests/PySys/tedge_mapper_c8y/tedge_mapper_c8y_alarms/Output/linux
  stdout       : None
  stderr       : None
  environment  : HOME=/home/pi
09:59:44 DEBUG Waiting up to 600 secs for process tedge (pid 11915)
09:59:45 INFO  Executed tedge, exit status 0
09:59:45 DEBUG Process parameters for tedge
  command line : /usr/bin/tedge mqtt pub -r tedge/alarms/major/temperature_very_high '{&quot;text&quot;:&quot;temperature is very high&quot;}'
    arg #1     : mqtt
    arg #2     : pub
    arg #3     : -r
    arg #4     : tedge/alarms/major/temperature_very_high
    arg #5     : {&quot;text&quot;:&quot;temperature is very high&quot;}
  working dir  : /home/pi/actions-runner/_work/thin-edge.io/thin-edge.io/tests/PySys/tedge_mapper_c8y/tedge_mapper_c8y_alarms/Output/linux
  stdout       : None
  stderr       : None
  environment  : HOME=/home/pi
09:59:45 DEBUG Waiting up to 600 secs for process tedge (pid 11916)
09:59:45 INFO  Executed tedge, exit status 0
09:59:45 DEBUG Process parameters for tedge
  command line : /usr/bin/tedge mqtt pub -r tedge/alarms/critical/temperature_dangerous '{&quot;text&quot;:&quot;temperature is dangerously high&quot;}'
    arg #1     : mqtt
    arg #2     : pub
    arg #3     : -r
    arg #4     : tedge/alarms/critical/temperature_dangerous
    arg #5     : {&quot;text&quot;:&quot;temperature is dangerously high&quot;}
  working dir  : /home/pi/actions-runner/_work/thin-edge.io/thin-edge.io/tests/PySys/tedge_mapper_c8y/tedge_mapper_c8y_alarms/Output/linux
  stdout       : None
  stderr       : None
  environment  : HOME=/home/pi
09:59:45 DEBUG Waiting up to 600 secs for process tedge (pid 11917)
09:59:46 INFO  Executed tedge, exit status 0
09:59:46 DEBUG Process parameters for tedge
  command line : /usr/bin/tedge mqtt pub -r tedge/alarms/minor/temperature_low '{&quot;text&quot;:&quot;temperature low&quot;}'
    arg #1     : mqtt
    arg #2     : pub
    arg #3     : -r
    arg #4     : tedge/alarms/minor/temperature_low
    arg #5     : {&quot;text&quot;:&quot;temperature low&quot;}
  working dir  : /home/pi/actions-runner/_work/thin-edge.io/thin-edge.io/tests/PySys/tedge_mapper_c8y/tedge_mapper_c8y_alarms/Output/linux
  stdout       : None
  stderr       : None
  environment  : HOME=/home/pi
09:59:46 DEBUG Waiting up to 600 secs for process tedge (pid 11918)
09:59:46 INFO  Executed tedge, exit status 0
09:59:46 DEBUG Process parameters for tedge
  command line : /usr/bin/tedge mqtt pub -r tedge/alarms/minor/temperature_low ''
    arg #1     : mqtt
    arg #2     : pub
    arg #3     : -r
    arg #4     : tedge/alarms/minor/temperature_low
    arg #5     : 
  working dir  : /home/pi/actions-runner/_work/thin-edge.io/thin-edge.io/tests/PySys/tedge_mapper_c8y/tedge_mapper_c8y_alarms/Output/linux
  stdout       : None
  stderr       : None
  environment  : HOME=/home/pi
09:59:46 DEBUG Waiting up to 600 secs for process tedge (pid 11919)
09:59:46 INFO  Executed tedge, exit status 0
09:59:47 DEBUG --- test validate
09:59:47 DEBUG Starting new HTTPS connection (1): thin-edge-io.eu-latest.cumulocity.com:443
09:59:48 DEBUG https://thin-edge-io.eu-latest.cumulocity.com:443 &quot;GET /alarm/alarms?source=17041167&amp;pageSize=3&amp;dateFrom=1970-01-01&amp;status=ACTIVE HTTP/1.1&quot; 200 339
09:59:48 WARN  IndexError occurred while running test - list index out of range
Traceback (most recent call last):
  File &quot;/home/pi/env-pysys/lib/python3.7/site-packages/pysys/baserunner.py&quot;, line 1296, in __call__
    self.testObj.validate()
  File &quot;/home/pi/actions-runner/_work/thin-edge.io/thin-edge.io/tests/PySys/tedge_mapper_c8y/tedge_mapper_c8y_alarms/run.py&quot;, line 100, in validate
    alarms[0],
IndexError: list index out of range
09:59:48 WARN  IndexError: list index out of range ... blocked 
09:59:48 DEBUG --- test cleanup
09:59:48 INFO  
09:59:48 INFO  cleanup:
09:59:48 DEBUG Running registered cleanup function: &lt;bound method TedgeMapperC8yAlarm.test_cleanup of &lt;TedgeMapperC8yAlarm object at 0x75d77610&gt;&gt;
09:59:48 DEBUG Process parameters for tedge
  command line : /usr/bin/tedge mqtt pub -r tedge/alarms/warning/temperature_high ''
    arg #1     : mqtt
    arg #2     : pub
    arg #3     : -r
    arg #4     : tedge/alarms/warning/temperature_high
    arg #5     : 
  working dir  : /home/pi/actions-runner/_work/thin-edge.io/thin-edge.io/tests/PySys/tedge_mapper_c8y/tedge_mapper_c8y_alarms/Output/linux
  stdout       : None
  stderr       : None
  environment  : LD_LIBRARY_PATH=/usr/lib
  environment  : PATH=/bin:/usr/bin:/usr/sbin:/usr/local/bin
                   #1  /bin
                   #2  /usr/bin
                   #3  /usr/sbin
                   #4  /usr/local/bin
09:59:48 DEBUG Waiting up to 600 secs for process tedge (pid 11920)
09:59:48 INFO  Executed tedge, exit status 0
09:59:48 DEBUG Process parameters for tedge
  command line : /usr/bin/tedge mqtt pub -r tedge/alarms/major/temperature_very_high ''
    arg #1     : mqtt
    arg #2     : pub
    arg #3     : -r
    arg #4     : tedge/alarms/major/temperature_very_high
    arg #5     : 
  working dir  : /home/pi/actions-runner/_work/thin-edge.io/thin-edge.io/tests/PySys/tedge_mapper_c8y/tedge_mapper_c8y_alarms/Output/linux
  stdout       : None
  stderr       : None
  environment  : LD_LIBRARY_PATH=/usr/lib
  environment  : PATH=/bin:/usr/bin:/usr/sbin:/usr/local/bin
                   #1  /bin
                   #2  /usr/bin
                   #3  /usr/sbin
                   #4  /usr/local/bin
09:59:48 DEBUG Waiting up to 600 secs for process tedge (pid 11921)
09:59:49 INFO  Executed tedge, exit status 0
09:59:49 DEBUG Process parameters for tedge
  command line : /usr/bin/tedge mqtt pub -r tedge/alarms/critical/temperature_dangerous ''
    arg #1     : mqtt
    arg #2     : pub
    arg #3     : -r
    arg #4     : tedge/alarms/critical/temperature_dangerous
    arg #5     : 
  working dir  : /home/pi/actions-runner/_work/thin-edge.io/thin-edge.io/tests/PySys/tedge_mapper_c8y/tedge_mapper_c8y_alarms/Output/linux
  stdout       : None
  stderr       : None
  environment  : LD_LIBRARY_PATH=/usr/lib
  environment  : PATH=/bin:/usr/bin:/usr/sbin:/usr/local/bin
                   #1  /bin
                   #2  /usr/bin
                   #3  /usr/sbin
                   #4  /usr/local/bin
09:59:49 DEBUG Waiting up to 600 secs for process tedge (pid 11922)
09:59:49 INFO  Executed tedge, exit status 0
09:59:49 DEBUG Starting new HTTPS connection (1): thin-edge-io.eu-latest.cumulocity.com:443
09:59:49 DEBUG https://thin-edge-io.eu-latest.cumulocity.com:443 &quot;PUT /alarm/alarms?source=17041167 HTTP/1.1&quot; 200 0
09:59:49 DEBUG Running registered cleanup function: &lt;bound method EnvironmentC8y.myenvcleanup of &lt;TedgeMapperC8yAlarm object at 0x75d77610&gt;&gt;
09:59:49 DEBUG EnvironmentC8y Cleanup
09:59:49 DEBUG Process parameters for sudo&lt;tedge_disconnect_c8y&gt;
  command line : /usr/bin/sudo /usr/bin/tedge disconnect c8y
    arg #1     : /usr/bin/tedge
    arg #2     : disconnect
    arg #3     : c8y
  working dir  : /home/pi/actions-runner/_work/thin-edge.io/thin-edge.io/tests/PySys/tedge_mapper_c8y/tedge_mapper_c8y_alarms/Output/linux
  stdout       : /home/pi/actions-runner/_work/thin-edge.io/thin-edge.io/tests/PySys/tedge_mapper_c8y/tedge_mapper_c8y_alarms/Output/linux/tedge_disconnect_c8y.out
  stderr       : /home/pi/actions-runner/_work/thin-edge.io/thin-edge.io/tests/PySys/tedge_mapper_c8y/tedge_mapper_c8y_alarms/Output/linux/tedge_disconnect_c8y.err
  environment  : LD_LIBRARY_PATH=/usr/lib
  environment  : PATH=/bin:/usr/bin:/usr/sbin:/usr/local/bin
                   #1  /bin
                   #2  /usr/bin
                   #3  /usr/sbin
                   #4  /usr/local/bin
09:59:49 DEBUG Waiting up to 600 secs for process sudo&lt;tedge_disconnect_c8y&gt; (pid 11926)
09:59:53 INFO  Executed sudo&lt;tedge_disconnect_c8y&gt;, exit status 0
09:59:53 DEBUG Process parameters for systemctl&lt;serv_mapper5&gt;
  command line : /usr/bin/systemctl status tedge-mapper-c8y
    arg #1     : status
    arg #2     : tedge-mapper-c8y
  working dir  : /home/pi/actions-runner/_work/thin-edge.io/thin-edge.io/tests/PySys/tedge_mapper_c8y/tedge_mapper_c8y_alarms/Output/linux
  stdout       : /home/pi/actions-runner/_work/thin-edge.io/thin-edge.io/tests/PySys/tedge_mapper_c8y/tedge_mapper_c8y_alarms/Output/linux/serv_mapper5.out
  stderr       : /home/pi/actions-runner/_work/thin-edge.io/thin-edge.io/tests/PySys/tedge_mapper_c8y/tedge_mapper_c8y_alarms/Output/linux/serv_mapper5.err
  environment  : LD_LIBRARY_PATH=/usr/lib
  environment  : PATH=/bin:/usr/bin:/usr/sbin:/usr/local/bin
                   #1  /bin
                   #2  /usr/bin
                   #3  /usr/sbin
                   #4  /usr/local/bin
09:59:53 DEBUG Waiting up to 600 secs for process systemctl&lt;serv_mapper5&gt; (pid 11966)
09:59:54 INFO  Executed systemctl&lt;serv_mapper5&gt;, exit status 3
09:59:54 DEBUG ProcessUser cleanup function done.
09:59:54 INFO  
09:59:54 INFO  Test duration: 30.76 secs
09:59:54 INFO  Test final outcome:  BLOCKED
09:59:54 INFO  Test outcome reason: IndexError: list index out of range
09:59:54 INFO  
</system-out>
	</testcase>
</testsuite>
