<?xml version="1.0" encoding="utf-8"?>
<testsuite failures="0" name="SoftwareManagement.Plugin.apama_plugin_mon_support" skipped="1" tests="1" time="0.03" timestamp="2022-04-07T16:15:10">
	<testcase classname="ApamaPluginMonSupportTest" name="SoftwareManagement.Plugin.apama_plugin_mon_support">
		<skipped message="SKIPPED: Apama plugin tests are disabled by default. Execute `pysys run` with `-XmyPlatform=container` to run these tests"/>
		<system-out>16:15:10 DEBUG deletedir failed to update permissions and delete /home/pi/actions-runner/_work/thin-edge.io/thin-edge.io/tests/PySys/plugin_apama/apama_plugin_mon_support/Output/linux on this attempt: [Errno 2] No such file or directory: '/home/pi/actions-runner/_work/thin-edge.io/thin-edge.io/tests/PySys/plugin_apama/apama_plugin_mon_support/Output/linux'
16:15:10 INFO  ==============================================================
16:15:10 INFO  Id:    SoftwareManagement.Plugin.apama_plugin_mon_support
16:15:10 INFO  Dir:   plugin_apama/
16:15:10 INFO  Title: Validate mon file support of apama plugin
16:15:10 DEBUG Execution order hint: 0.0
16:15:10 INFO  ==============================================================
16:15:10 INFO  Apama plugin tests are disabled by default. Execute `pysys run` with `-XmyPlatform=container` to run these tests ... skipped
16:15:10 WARN  Aborted test due to SKIPPED outcome
16:15:10 DEBUG --- test cleanup
16:15:10 DEBUG ProcessUser cleanup function done.
16:15:10 INFO  
16:15:10 INFO  Test duration: 0.03 secs
16:15:10 INFO  Test final outcome:  SKIPPED
16:15:10 INFO  Test outcome reason: Apama plugin tests are disabled by default. Execute `pysys run` with `-XmyPlatform=container` to run these tests
16:15:10 INFO  
</system-out>
	</testcase>
</testsuite>
