<?xml version="1.0" encoding="utf-8"?>
<testsuite failures="1" name="smoketest_smartrest_400_samples_20ms" skipped="0" tests="1" time="106.85" timestamp="2022-04-15T09:07:05">
	<testcase classname="SmoketestSmartRest400Samples20ms" name="smoketest_smartrest_400_samples_20ms">
		<failure message="BLOCKED: python3&lt;stdout&gt; returned non-zero exit code 1" type="BLOCKED"/>
		<system-out>09:05:18 INFO  ==============================================================
09:05:18 INFO  Id:    smoketest_smartrest_400_samples_20ms
09:05:18 INFO  Dir:   smoketests/
09:05:18 INFO  Title: Smoketest SmartRest 400 Samples 20ms Delay
09:05:18 INFO  ==============================================================
09:05:18 INFO  EnvironmentC8y Setup
09:05:18 INFO  Executed systemctl&lt;serv_mapper1&gt;, exit status 3
09:05:19 INFO  Restarting mosquitto too frequently in the last 10 seconds. It was only up for 5 seconds
09:05:19 INFO  Delaying execution by 6 seconds
09:05:39 INFO  Executed sudo&lt;tedge_connect_c8y&gt;, exit status 0, duration 14 secs
09:05:40 INFO  Executed sudo&lt;tedge_connect_c8y_test&gt;, exit status 0
09:05:40 INFO  Executed systemctl&lt;serv_mosq2&gt;, exit status 0
09:05:41 INFO  Executed systemctl&lt;serv_mapper3&gt;, exit status 0
09:07:00 WARN  Executed python3&lt;stdout&gt;, exit status 1, duration 39 secs
09:07:00 INFO  Contents of stdout.out: 
  Act: Publishing values with tedge pub
  Waiting 3s for values to arrive in C8y
  Assert: Retrieving data via REST interface
  Gathering values from 2022-04-15 09:06:20+00:00 to 2022-04-15 09:07:00+00:00
  Found 88 recorded values:
  Retrieved values:
      0     1     2     3     4     5     6     7     8     9    10    11    12    13    14    15    16    17    18    19
     20    21    22    23    24    25    26    27    28    29    30    31    32    33    34    35    36    37    38    39
     40    41    42    43    44    45    46    47    48    49    50    51    52    53    54    55    56    57    58    59
     60    61    62    63    64    65    66    67    68    69    70    71    72    73    74    75    76    77    78    79
     80    81    82    83    84    85    86    87
  Expected:  0.0  ...  199.0
  Data verification FAILED
  -----

09:07:00 WARN  python3&lt;stdout&gt; returned non-zero exit code 1 ... blocked 
09:07:00 WARN  Aborted test due to BLOCKED outcome
09:07:00 INFO  
09:07:00 INFO  cleanup:
09:07:04 INFO  Executed sudo&lt;tedge_disconnect_c8y&gt;, exit status 0
09:07:05 INFO  Executed systemctl&lt;serv_mapper5&gt;, exit status 3
09:07:05 INFO  
09:07:05 INFO  Test duration: 106.85 secs
09:07:05 INFO  Test final outcome:  BLOCKED
09:07:05 INFO  Test outcome reason: python3&lt;stdout&gt; returned non-zero exit code 1
09:07:05 INFO  
</system-out>
	</testcase>
</testsuite>
