<?xml version="1.0" encoding="utf-8"?>
<testsuite failures="0" name="docker_plugin_install_with_version" skipped="1" tests="1" time="0.02" timestamp="2022-04-08T09:44:00">
	<testcase classname="DockerPluginInstallWithVersionTest" name="docker_plugin_install_with_version">
		<skipped message="SKIPPED: Testing the docker plugin is not supported on this platform.To run it, all the test with -XmyPlatform='container'"/>
		<system-out>09:44:00 DEBUG deletedir failed to update permissions and delete /home/pi/actions-runner/_work/thin-edge.io/thin-edge.io/tests/PySys/plugin_docker/docker_plugin_install_with_version/Output/linux on this attempt: [Errno 2] No such file or directory: '/home/pi/actions-runner/_work/thin-edge.io/thin-edge.io/tests/PySys/plugin_docker/docker_plugin_install_with_version/Output/linux'
09:44:00 INFO  ==============================================================
09:44:00 INFO  Id:    docker_plugin_install_with_version
09:44:00 INFO  Dir:   plugin_docker/
09:44:00 INFO  Title: Validate docker plugin install
09:44:00 DEBUG Execution order hint: 0.0
09:44:00 INFO  ==============================================================
09:44:00 INFO  Testing the docker plugin is not supported on this platform.To run it, all the test with -XmyPlatform='container' ... skipped
09:44:00 WARN  Aborted test due to SKIPPED outcome
09:44:00 DEBUG --- test cleanup
09:44:00 DEBUG ProcessUser cleanup function done.
09:44:00 INFO  
09:44:00 INFO  Test duration: 0.02 secs
09:44:00 INFO  Test final outcome:  SKIPPED
09:44:00 INFO  Test outcome reason: Testing the docker plugin is not supported on this platform.To run it, all the test with -XmyPlatform='container'
09:44:00 INFO  
</system-out>
	</testcase>
</testsuite>
