<?xml version="1.0" encoding="utf-8"?>
<testsuite failures="1" name="smoketest_json_400_samples_20ms" skipped="0" tests="1" time="56.51" timestamp="2022-04-07T16:20:25">
	<testcase classname="SmoketestJson400Samples20ms" name="smoketest_json_400_samples_20ms">
		<failure message="BLOCKED: python3&lt;stdout&gt; returned non-zero exit code 1" type="BLOCKED"/>
		<system-out>16:19:28 DEBUG deletedir failed to update permissions and delete /home/pi/actions-runner/_work/thin-edge.io/thin-edge.io/tests/PySys/smoketests/smoketest_json_400_samples_20ms/Output/linux on this attempt: [Errno 2] No such file or directory: '/home/pi/actions-runner/_work/thin-edge.io/thin-edge.io/tests/PySys/smoketests/smoketest_json_400_samples_20ms/Output/linux'
16:19:28 INFO  ==============================================================
16:19:28 INFO  Id:    smoketest_json_400_samples_20ms
16:19:28 INFO  Dir:   smoketests/
16:19:28 INFO  Title: Smoketest Json 400 Samples 20ms Delay
16:19:28 DEBUG Execution order hint: 0.0
16:19:28 INFO  ==============================================================
16:19:28 DEBUG EnvironmentC8y Setup
16:19:28 INFO  EnvironmentC8y Setup
16:19:28 DEBUG Process parameters for systemctl&lt;serv_mapper1&gt;
  command line : /usr/bin/systemctl status tedge-mapper-c8y
    arg #1     : status
    arg #2     : tedge-mapper-c8y
  working dir  : /home/pi/actions-runner/_work/thin-edge.io/thin-edge.io/tests/PySys/smoketests/smoketest_json_400_samples_20ms/Output/linux
  stdout       : /home/pi/actions-runner/_work/thin-edge.io/thin-edge.io/tests/PySys/smoketests/smoketest_json_400_samples_20ms/Output/linux/serv_mapper1.out
  stderr       : /home/pi/actions-runner/_work/thin-edge.io/thin-edge.io/tests/PySys/smoketests/smoketest_json_400_samples_20ms/Output/linux/serv_mapper1.err
  environment  : LD_LIBRARY_PATH=/usr/lib
  environment  : PATH=/bin:/usr/bin:/usr/sbin:/usr/local/bin
                   #1  /bin
                   #2  /usr/bin
                   #3  /usr/sbin
                   #4  /usr/local/bin
16:19:28 DEBUG Waiting up to 600 secs for process systemctl&lt;serv_mapper1&gt; (pid 6526)
16:19:29 INFO  Executed systemctl&lt;serv_mapper1&gt;, exit status 3
16:19:29 INFO  Restarting mosquitto too frequently in the last 10 seconds. It was only up for 5 seconds
16:19:29 INFO  Delaying execution by 6 seconds
16:19:35 DEBUG Process parameters for sudo&lt;tedge_connect_c8y&gt;
  command line : /usr/bin/sudo /usr/bin/tedge connect c8y
    arg #1     : /usr/bin/tedge
    arg #2     : connect
    arg #3     : c8y
  working dir  : /home/pi/actions-runner/_work/thin-edge.io/thin-edge.io/tests/PySys/smoketests/smoketest_json_400_samples_20ms/Output/linux
  stdout       : /home/pi/actions-runner/_work/thin-edge.io/thin-edge.io/tests/PySys/smoketests/smoketest_json_400_samples_20ms/Output/linux/tedge_connect_c8y.out
  stderr       : /home/pi/actions-runner/_work/thin-edge.io/thin-edge.io/tests/PySys/smoketests/smoketest_json_400_samples_20ms/Output/linux/tedge_connect_c8y.err
  environment  : LD_LIBRARY_PATH=/usr/lib
  environment  : PATH=/bin:/usr/bin:/usr/sbin:/usr/local/bin
                   #1  /bin
                   #2  /usr/bin
                   #3  /usr/sbin
                   #4  /usr/local/bin
16:19:35 DEBUG Waiting up to 600 secs for process sudo&lt;tedge_connect_c8y&gt; (pid 6533)
16:19:49 INFO  Executed sudo&lt;tedge_connect_c8y&gt;, exit status 0, duration 14 secs
16:19:49 DEBUG Process parameters for sudo&lt;tedge_connect_c8y_test&gt;
  command line : /usr/bin/sudo /usr/bin/tedge connect c8y --test
    arg #1     : /usr/bin/tedge
    arg #2     : connect
    arg #3     : c8y
    arg #4     : --test
  working dir  : /home/pi/actions-runner/_work/thin-edge.io/thin-edge.io/tests/PySys/smoketests/smoketest_json_400_samples_20ms/Output/linux
  stdout       : /home/pi/actions-runner/_work/thin-edge.io/thin-edge.io/tests/PySys/smoketests/smoketest_json_400_samples_20ms/Output/linux/tedge_connect_c8y_test.out
  stderr       : /home/pi/actions-runner/_work/thin-edge.io/thin-edge.io/tests/PySys/smoketests/smoketest_json_400_samples_20ms/Output/linux/tedge_connect_c8y_test.err
  environment  : LD_LIBRARY_PATH=/usr/lib
  environment  : PATH=/bin:/usr/bin:/usr/sbin:/usr/local/bin
                   #1  /bin
                   #2  /usr/bin
                   #3  /usr/sbin
                   #4  /usr/local/bin
16:19:49 DEBUG Waiting up to 600 secs for process sudo&lt;tedge_connect_c8y_test&gt; (pid 6649)
16:19:50 INFO  Executed sudo&lt;tedge_connect_c8y_test&gt;, exit status 0
16:19:50 DEBUG Process parameters for systemctl&lt;serv_mosq2&gt;
  command line : /usr/bin/systemctl status mosquitto
    arg #1     : status
    arg #2     : mosquitto
  working dir  : /home/pi/actions-runner/_work/thin-edge.io/thin-edge.io/tests/PySys/smoketests/smoketest_json_400_samples_20ms/Output/linux
  stdout       : /home/pi/actions-runner/_work/thin-edge.io/thin-edge.io/tests/PySys/smoketests/smoketest_json_400_samples_20ms/Output/linux/serv_mosq2.out
  stderr       : /home/pi/actions-runner/_work/thin-edge.io/thin-edge.io/tests/PySys/smoketests/smoketest_json_400_samples_20ms/Output/linux/serv_mosq2.err
  environment  : LD_LIBRARY_PATH=/usr/lib
  environment  : PATH=/bin:/usr/bin:/usr/sbin:/usr/local/bin
                   #1  /bin
                   #2  /usr/bin
                   #3  /usr/sbin
                   #4  /usr/local/bin
16:19:50 DEBUG Waiting up to 600 secs for process systemctl&lt;serv_mosq2&gt; (pid 6658)
16:19:50 INFO  Executed systemctl&lt;serv_mosq2&gt;, exit status 0
16:19:50 DEBUG Process parameters for systemctl&lt;serv_mapper3&gt;
  command line : /usr/bin/systemctl status tedge-mapper-c8y
    arg #1     : status
    arg #2     : tedge-mapper-c8y
  working dir  : /home/pi/actions-runner/_work/thin-edge.io/thin-edge.io/tests/PySys/smoketests/smoketest_json_400_samples_20ms/Output/linux
  stdout       : /home/pi/actions-runner/_work/thin-edge.io/thin-edge.io/tests/PySys/smoketests/smoketest_json_400_samples_20ms/Output/linux/serv_mapper3.out
  stderr       : /home/pi/actions-runner/_work/thin-edge.io/thin-edge.io/tests/PySys/smoketests/smoketest_json_400_samples_20ms/Output/linux/serv_mapper3.err
  environment  : LD_LIBRARY_PATH=/usr/lib
  environment  : PATH=/bin:/usr/bin:/usr/sbin:/usr/local/bin
                   #1  /bin
                   #2  /usr/bin
                   #3  /usr/sbin
                   #4  /usr/local/bin
16:19:50 DEBUG Waiting up to 600 secs for process systemctl&lt;serv_mapper3&gt; (pid 6659)
16:19:51 INFO  Executed systemctl&lt;serv_mapper3&gt;, exit status 0
16:19:51 DEBUG C8y Roundtrip Setup
16:19:51 DEBUG --- test execute
16:19:51 DEBUG EnvironmentC8y Execute
16:19:51 DEBUG C8y Roundtrip Execute
16:20:11 DEBUG Process parameters for python3&lt;stdout&gt;
  command line : /home/pi/env-pysys/bin/python3 /home/pi/actions-runner/_work/thin-edge.io/thin-edge.io/ci/roundtrip_local_to_c8y.py -m JSON -pub /home/pi/examples -u githubcimichael -t t493319102 -id 16994070 -o 20 -d 10 -s 400
    arg #1     : /home/pi/actions-runner/_work/thin-edge.io/thin-edge.io/ci/roundtrip_local_to_c8y.py
    arg #2     : -m
    arg #3     : JSON
    arg #4     : -pub
    arg #5     : /home/pi/examples
    arg #6     : -u
    arg #7     : githubcimichael
    arg #8     : -t
    arg #9     : t493319102
    arg #10    : -id
    arg #11    : 16994070
    arg #12    : -o
    arg #13    : 20
    arg #14    : -d
    arg #15    : 10
    arg #16    : -s
    arg #17    : 400
  working dir  : /home/pi/actions-runner/_work/thin-edge.io/thin-edge.io/tests/PySys/smoketests/smoketest_json_400_samples_20ms/Output/linux
  stdout       : /home/pi/actions-runner/_work/thin-edge.io/thin-edge.io/tests/PySys/smoketests/smoketest_json_400_samples_20ms/Output/linux/stdout.out
  stderr       : /home/pi/actions-runner/_work/thin-edge.io/thin-edge.io/tests/PySys/smoketests/smoketest_json_400_samples_20ms/Output/linux/stdout.err
  environment  : C8YPASS=%-SL(m96NW3e_
16:20:11 DEBUG Waiting up to 600 secs for process python3&lt;stdout&gt; (pid 6664)
16:20:20 WARN  Executed python3&lt;stdout&gt;, exit status 1
16:20:20 DEBUG Opening file using encoding=UTF-8: /home/pi/actions-runner/_work/thin-edge.io/thin-edge.io/tests/PySys/smoketests/smoketest_json_400_samples_20ms/Output/linux/stdout.err
16:20:20 DEBUG Opening file using encoding=UTF-8: /home/pi/actions-runner/_work/thin-edge.io/thin-edge.io/tests/PySys/smoketests/smoketest_json_400_samples_20ms/Output/linux/stdout.out
16:20:20 INFO  Contents of stdout.out: 
  Publishing sawtooth with delay 10ms height 400 iterations 1 template flux will cause 400 publishs.
  Iteraton: 0
  Execution took 4 s 4120 ms
  Publish rate: 10.300 ms/pub
  Publish per second: 97.087 pub/s
  Act: Publishing values with temperature_publisher
  Waiting 3s for values to arrive in C8y
  Assert: Retrieving data via REST interface
  Gathering values from 2022-04-07 16:20:00+00:00 to 2022-04-07 16:20:20+00:00
  Found 0 recorded values:
  Retrieved values:
  Expected:  0.0  ...  399.0
  Data verification FAILED
  -----

16:20:20 WARN  python3&lt;stdout&gt; returned non-zero exit code 1 ... blocked 
16:20:20 WARN  Aborted test due to BLOCKED outcome
16:20:20 DEBUG --- test cleanup
16:20:20 INFO  
16:20:20 INFO  cleanup:
16:20:20 DEBUG Running registered cleanup function: &lt;bound method Environment_roundtrip_c8y.myenvroundtripcleanup of &lt;SmoketestJson400Samples20ms object at 0x75d6b370&gt;&gt;
16:20:20 DEBUG C8y Roundtrip MyCleanup
16:20:20 DEBUG Running registered cleanup function: &lt;bound method EnvironmentC8y.myenvcleanup of &lt;SmoketestJson400Samples20ms object at 0x75d6b370&gt;&gt;
16:20:20 DEBUG EnvironmentC8y Cleanup
16:20:20 DEBUG Process parameters for sudo&lt;tedge_disconnect_c8y&gt;
  command line : /usr/bin/sudo /usr/bin/tedge disconnect c8y
    arg #1     : /usr/bin/tedge
    arg #2     : disconnect
    arg #3     : c8y
  working dir  : /home/pi/actions-runner/_work/thin-edge.io/thin-edge.io/tests/PySys/smoketests/smoketest_json_400_samples_20ms/Output/linux
  stdout       : /home/pi/actions-runner/_work/thin-edge.io/thin-edge.io/tests/PySys/smoketests/smoketest_json_400_samples_20ms/Output/linux/tedge_disconnect_c8y.out
  stderr       : /home/pi/actions-runner/_work/thin-edge.io/thin-edge.io/tests/PySys/smoketests/smoketest_json_400_samples_20ms/Output/linux/tedge_disconnect_c8y.err
  environment  : LD_LIBRARY_PATH=/usr/lib
  environment  : PATH=/bin:/usr/bin:/usr/sbin:/usr/local/bin
                   #1  /bin
                   #2  /usr/bin
                   #3  /usr/sbin
                   #4  /usr/local/bin
16:20:20 DEBUG Waiting up to 600 secs for process sudo&lt;tedge_disconnect_c8y&gt; (pid 6673)
16:20:24 INFO  Executed sudo&lt;tedge_disconnect_c8y&gt;, exit status 0
16:20:24 DEBUG Process parameters for systemctl&lt;serv_mapper5&gt;
  command line : /usr/bin/systemctl status tedge-mapper-c8y
    arg #1     : status
    arg #2     : tedge-mapper-c8y
  working dir  : /home/pi/actions-runner/_work/thin-edge.io/thin-edge.io/tests/PySys/smoketests/smoketest_json_400_samples_20ms/Output/linux
  stdout       : /home/pi/actions-runner/_work/thin-edge.io/thin-edge.io/tests/PySys/smoketests/smoketest_json_400_samples_20ms/Output/linux/serv_mapper5.out
  stderr       : /home/pi/actions-runner/_work/thin-edge.io/thin-edge.io/tests/PySys/smoketests/smoketest_json_400_samples_20ms/Output/linux/serv_mapper5.err
  environment  : LD_LIBRARY_PATH=/usr/lib
  environment  : PATH=/bin:/usr/bin:/usr/sbin:/usr/local/bin
                   #1  /bin
                   #2  /usr/bin
                   #3  /usr/sbin
                   #4  /usr/local/bin
16:20:24 DEBUG Waiting up to 600 secs for process systemctl&lt;serv_mapper5&gt; (pid 6714)
16:20:25 INFO  Executed systemctl&lt;serv_mapper5&gt;, exit status 3
16:20:25 DEBUG ProcessUser cleanup function done.
16:20:25 INFO  
16:20:25 INFO  Test duration: 56.51 secs
16:20:25 INFO  Test final outcome:  BLOCKED
16:20:25 INFO  Test outcome reason: python3&lt;stdout&gt; returned non-zero exit code 1
16:20:25 INFO  
</system-out>
	</testcase>
</testsuite>
