<?xml version="1.0" encoding="utf-8"?>
<testsuite failures="0" name="apt_prepare_install_finalize" skipped="1" tests="1" time="0.03" timestamp="2022-04-08T09:43:59">
	<testcase classname="AptPluginPrepareInstallFinalize" name="apt_prepare_install_finalize">
		<skipped message="SKIPPED: Testing the apt plugin is not supported on this platform.To run the tests call PySys with -XmyPlatform='container'"/>
		<system-out>09:43:59 DEBUG deletedir failed to update permissions and delete /home/pi/actions-runner/_work/thin-edge.io/thin-edge.io/tests/PySys/plugin_apt/apt_prepare_install_finalize/Output/linux on this attempt: [Errno 2] No such file or directory: '/home/pi/actions-runner/_work/thin-edge.io/thin-edge.io/tests/PySys/plugin_apt/apt_prepare_install_finalize/Output/linux'
09:43:59 INFO  ==============================================================
09:43:59 INFO  Id:    apt_prepare_install_finalize
09:43:59 INFO  Dir:   plugin_apt/
09:43:59 INFO  Title: Validate apt plugin install use case
09:43:59 DEBUG Execution order hint: 0.0
09:43:59 INFO  ==============================================================
09:43:59 INFO  Testing the apt plugin is not supported on this platform.To run the tests call PySys with -XmyPlatform='container' ... skipped
09:43:59 WARN  Aborted test due to SKIPPED outcome
09:43:59 DEBUG --- test cleanup
09:43:59 DEBUG ProcessUser cleanup function done.
09:43:59 INFO  
09:43:59 INFO  Test duration: 0.03 secs
09:43:59 INFO  Test final outcome:  SKIPPED
09:43:59 INFO  Test outcome reason: Testing the apt plugin is not supported on this platform.To run the tests call PySys with -XmyPlatform='container'
09:43:59 INFO  
</system-out>
	</testcase>
</testsuite>
