<?xml version="1.0" encoding="utf-8"?>
<testsuite failures="1" name="log_request_error_messages" skipped="0" tests="1" time="36.67" timestamp="2022-04-12T08:34:46">
	<testcase classname="LogRequestVerifySearchTextError" name="log_request_error_messages">
		<failure message="FAILED: Assert that (True == value) with value=False" type="FAILED"/>
		<system-out>08:34:10 INFO  ==============================================================
08:34:10 INFO  Id:    log_request_error_messages
08:34:10 INFO  Dir:   log_request_end_to_end/
08:34:10 INFO  Title: Validate end to end behaviour for the log request operation check for error messages
08:34:10 INFO  ==============================================================
08:34:11 INFO  EnvironmentC8y Setup
08:34:11 INFO  Executed systemctl&lt;serv_mapper1&gt;, exit status 3
08:34:12 INFO  Restarting mosquitto too frequently in the last 10 seconds. It was only up for 2 seconds
08:34:12 INFO  Delaying execution by 9 seconds
08:34:35 INFO  Executed sudo&lt;tedge_connect_c8y&gt;, exit status 0, duration 14 secs
08:34:35 INFO  Executed sudo&lt;tedge_connect_c8y_test&gt;, exit status 0
08:34:36 INFO  Executed systemctl&lt;serv_mosq2&gt;, exit status 0
08:34:36 INFO  Executed systemctl&lt;serv_mapper3&gt;, exit status 0
08:34:37 INFO  Executed sudo&lt;rm_logs&gt;, exit status 0
08:34:37 INFO  Executed sudo&lt;move_logs&gt;, exit status 0
08:34:38 INFO  log response None
08:34:38 WARN  retry, retrying in 1 seconds...
08:34:39 INFO  log response https://thin-edge-io.eu-latest.cumulocity.com/event/events/17179414/binaries
08:34:40 WARN  Assert that (True == value) with value=False ... failed [run.py:43]
08:34:40 INFO  
08:34:40 INFO  cleanup:
08:34:40 INFO  Executed sudo&lt;rm_logs&gt;, exit status 0
08:34:41 INFO  Executed sudo&lt;rm_tmp_logs&gt;, exit status 0
08:34:41 INFO  Executed sudo&lt;send_failed&gt;, exit status 0
08:34:46 INFO  Executed sudo&lt;tedge_disconnect_c8y&gt;, exit status 0
08:34:46 INFO  Executed systemctl&lt;serv_mapper5&gt;, exit status 3
08:34:46 INFO  
08:34:46 INFO  Test duration: 36.67 secs
08:34:46 INFO  Test final outcome:  FAILED
08:34:46 INFO  Test outcome reason: Assert that (True == value) with value=False
08:34:46 INFO  
</system-out>
	</testcase>
</testsuite>
