<?xml version="1.0" encoding="utf-8"?>
<testsuite failures="1" name="agent_init_session" skipped="0" tests="1" time="5.83" timestamp="2022-04-12T08:49:40">
	<testcase classname="AgentInitSession" name="agent_init_session">
		<failure message="FAILED: Grep on sub_resp.out contains &quot;Ld3KgqpcLDlrYH6sfpG7w&quot;" type="FAILED"/>
		<system-out>08:49:35 INFO  ==============================================================
08:49:35 INFO  Id:    agent_init_session
08:49:35 INFO  Dir:   tedge_agent/
08:49:35 INFO  Title: Validate tedge agent init session feature
08:49:35 INFO  ==============================================================
08:49:35 INFO  Executed sudo&lt;remove_lock&gt;, exit status 0
08:49:36 INFO  Executed sudo&lt;agent_clear&gt;, exit status 0
08:49:36 INFO  Executed sudo&lt;agent_init&gt;, exit status 0
08:49:37 INFO  Executed sudo&lt;pub_req&gt;, exit status 0
08:49:37 INFO  Started sudo&lt;sub_resp&gt; with process id 7974
08:49:37 INFO  Executed sudo&lt;agent_start&gt;, exit status 0
08:49:37 INFO  Waiting for 2.0 seconds
08:49:40 INFO  Executed sudo&lt;agent_stop&gt;, exit status 0
08:49:40 INFO  Executed sudo&lt;sub_stop&gt;, exit status 0
08:49:40 WARN  Grep on sub_resp.out contains &quot;Ld3KgqpcLDlrYH6sfpG7w&quot; ... failed [run.py:87]
08:49:40 INFO  
08:49:40 INFO  Test duration: 5.83 secs
08:49:40 INFO  Test final outcome:  FAILED
08:49:40 INFO  Test outcome reason: Grep on sub_resp.out contains &quot;Ld3KgqpcLDlrYH6sfpG7w&quot;
08:49:40 INFO  
</system-out>
	</testcase>
</testsuite>
