<?xml version="1.0" encoding="utf-8"?>
<testsuite failures="1" name="tedge_mapper_c8y_alarms" skipped="0" tests="1" time="30.98" timestamp="2022-04-12T08:53:27">
	<testcase classname="TedgeMapperC8yAlarm" name="tedge_mapper_c8y_alarms">
		<failure message="BLOCKED: IndexError: list index out of range" type="BLOCKED"/>
		<system-out>08:52:56 INFO  ==============================================================
08:52:56 INFO  Id:    tedge_mapper_c8y_alarms
08:52:56 INFO  Dir:   tedge_mapper_c8y/
08:52:56 INFO  Title: Validate that alarms sent to tedge/alarms topic \ gets mapped as alarms in Cumulocity
08:52:56 INFO  ==============================================================
08:52:56 INFO  EnvironmentC8y Setup
08:52:57 INFO  Executed systemctl&lt;serv_mapper1&gt;, exit status 3
08:53:11 INFO  Executed sudo&lt;tedge_connect_c8y&gt;, exit status 0, duration 14 secs
08:53:12 INFO  Executed sudo&lt;tedge_connect_c8y_test&gt;, exit status 0
08:53:12 INFO  Executed systemctl&lt;serv_mosq2&gt;, exit status 0
08:53:13 INFO  Executed systemctl&lt;serv_mapper3&gt;, exit status 0
08:53:18 INFO  Executed tedge, exit status 0
08:53:19 INFO  Executed tedge, exit status 0
08:53:19 INFO  Executed tedge, exit status 0
08:53:19 INFO  Executed tedge, exit status 0
08:53:20 INFO  Executed tedge, exit status 0
08:53:21 WARN  IndexError occurred while running test - list index out of range
Traceback (most recent call last):
  File &quot;/home/pi/env-pysys/lib/python3.7/site-packages/pysys/baserunner.py&quot;, line 1296, in __call__
    self.testObj.validate()
  File &quot;/home/pi/actions-runner/_work/thin-edge.io/thin-edge.io/tests/PySys/tedge_mapper_c8y/tedge_mapper_c8y_alarms/run.py&quot;, line 100, in validate
    alarms[0],
IndexError: list index out of range
08:53:21 WARN  IndexError: list index out of range ... blocked 
08:53:21 INFO  
08:53:21 INFO  cleanup:
08:53:22 INFO  Executed tedge, exit status 0
08:53:22 INFO  Executed tedge, exit status 0
08:53:22 INFO  Executed tedge, exit status 0
08:53:27 INFO  Executed sudo&lt;tedge_disconnect_c8y&gt;, exit status 0
08:53:27 INFO  Executed systemctl&lt;serv_mapper5&gt;, exit status 3
08:53:27 INFO  
08:53:27 INFO  Test duration: 30.98 secs
08:53:27 INFO  Test final outcome:  BLOCKED
08:53:27 INFO  Test outcome reason: IndexError: list index out of range
08:53:27 INFO  
</system-out>
	</testcase>
</testsuite>
