<?xml version="1.0" encoding="utf-8"?>
<testsuite failures="0" name="apt_update_list" skipped="1" tests="1" time="0.02" timestamp="2022-04-13T07:45:18">
	<testcase classname="AptPluginUpdateList" name="apt_update_list">
		<skipped message="SKIPPED: Testing the apt plugin is not supported on this platform.To run the tests call PySys with -XmyPlatform='container'"/>
		<system-out>07:45:18 INFO  ==============================================================
07:45:18 INFO  Id:    apt_update_list
07:45:18 INFO  Dir:   plugin_apt/
07:45:18 INFO  Title: Validate apt plugin update-list command use case
07:45:18 INFO  ==============================================================
07:45:18 INFO  Testing the apt plugin is not supported on this platform.To run the tests call PySys with -XmyPlatform='container' ... skipped
07:45:18 WARN  Aborted test due to SKIPPED outcome
07:45:18 INFO  
07:45:18 INFO  Test duration: 0.02 secs
07:45:18 INFO  Test final outcome:  SKIPPED
07:45:18 INFO  Test outcome reason: Testing the apt plugin is not supported on this platform.To run the tests call PySys with -XmyPlatform='container'
07:45:18 INFO  
</system-out>
	</testcase>
</testsuite>
