<?xml version="1.0" encoding="utf-8"?>
<testsuite failures="0" name="docker_plugin_update" skipped="1" tests="1" time="0.02" timestamp="2022-04-11T09:41:57">
	<testcase classname="DockerPluginUpdateTest" name="docker_plugin_update">
		<skipped message="SKIPPED: Testing the docker plugin is not supported on this platform.To run it, all the test with -XmyPlatform='container'"/>
		<system-out>09:41:57 DEBUG deletedir failed to update permissions and delete /home/pi/actions-runner/_work/thin-edge.io/thin-edge.io/tests/PySys/plugin_docker/docker_plugin_update/Output/linux on this attempt: [Errno 2] No such file or directory: '/home/pi/actions-runner/_work/thin-edge.io/thin-edge.io/tests/PySys/plugin_docker/docker_plugin_update/Output/linux'
09:41:57 INFO  ==============================================================
09:41:57 INFO  Id:    docker_plugin_update
09:41:57 INFO  Dir:   plugin_docker/
09:41:57 INFO  Title: Validate docker plugin install updates existing containers
09:41:57 DEBUG Execution order hint: 0.0
09:41:57 INFO  ==============================================================
09:41:57 INFO  Testing the docker plugin is not supported on this platform.To run it, all the test with -XmyPlatform='container' ... skipped
09:41:57 WARN  Aborted test due to SKIPPED outcome
09:41:57 DEBUG --- test cleanup
09:41:57 DEBUG ProcessUser cleanup function done.
09:41:57 INFO  
09:41:57 INFO  Test duration: 0.02 secs
09:41:57 INFO  Test final outcome:  SKIPPED
09:41:57 INFO  Test outcome reason: Testing the docker plugin is not supported on this platform.To run it, all the test with -XmyPlatform='container'
09:41:57 INFO  
</system-out>
	</testcase>
</testsuite>
