<?xml version="1.0" encoding="utf-8"?>
<testsuite failures="1" name="smoketest_smartrest" skipped="0" tests="1" time="47.22" timestamp="2022-04-12T08:43:33">
	<testcase classname="SmoketestSmartRest" name="smoketest_smartrest">
		<failure message="BLOCKED: python3&lt;stdout&gt; returned non-zero exit code 1" type="BLOCKED"/>
		<system-out>08:42:46 INFO  ==============================================================
08:42:46 INFO  Id:    smoketest_smartrest
08:42:46 INFO  Dir:   smoketests/
08:42:46 INFO  Title: Smoketest SmartREST
08:42:46 INFO  ==============================================================
08:42:46 INFO  EnvironmentC8y Setup
08:42:46 INFO  Executed systemctl&lt;serv_mapper1&gt;, exit status 3
08:42:47 INFO  Restarting mosquitto too frequently in the last 10 seconds. It was only up for 5 seconds
08:42:47 INFO  Delaying execution by 6 seconds
08:43:06 INFO  Executed sudo&lt;tedge_connect_c8y&gt;, exit status 0, duration 13 secs
08:43:07 INFO  Executed sudo&lt;tedge_connect_c8y_test&gt;, exit status 0
08:43:08 INFO  Executed systemctl&lt;serv_mosq2&gt;, exit status 0
08:43:08 INFO  Executed systemctl&lt;serv_mapper3&gt;, exit status 0
08:43:28 WARN  Executed python3&lt;stdout&gt;, exit status 1
08:43:28 INFO  Contents of stdout.out: 
  Act: Publishing values with tedge pub
  Waiting 3s for values to arrive in C8y
  Assert: Retrieving data via REST interface
  Gathering values from 2022-04-12 08:43:18+00:00 to 2022-04-12 08:43:28+00:00
  Found 0 recorded values:
  Retrieved values:
  Expected:  0.0  ...  19.0
  Data verification FAILED
  -----

08:43:28 WARN  python3&lt;stdout&gt; returned non-zero exit code 1 ... blocked 
08:43:28 WARN  Aborted test due to BLOCKED outcome
08:43:28 INFO  
08:43:28 INFO  cleanup:
08:43:32 INFO  Executed sudo&lt;tedge_disconnect_c8y&gt;, exit status 0
08:43:33 INFO  Executed systemctl&lt;serv_mapper5&gt;, exit status 3
08:43:33 INFO  
08:43:33 INFO  Test duration: 47.22 secs
08:43:33 INFO  Test final outcome:  BLOCKED
08:43:33 INFO  Test outcome reason: python3&lt;stdout&gt; returned non-zero exit code 1
08:43:33 INFO  
</system-out>
	</testcase>
</testsuite>
