<?xml version="1.0" encoding="utf-8"?>
<testsuite failures="1" name="smoketest_json" skipped="0" tests="1" time="44.63" timestamp="2022-04-15T09:00:46">
	<testcase classname="SmokeTestJson" name="smoketest_json">
		<failure message="BLOCKED: python3&lt;stdout&gt; returned non-zero exit code 1" type="BLOCKED"/>
		<system-out>09:00:01 INFO  ==============================================================
09:00:01 INFO  Id:    smoketest_json
09:00:01 INFO  Dir:   smoketests/
09:00:01 INFO  Title: Smoke Test Json
09:00:01 INFO  ==============================================================
09:00:01 INFO  EnvironmentC8y Setup
09:00:02 INFO  Executed systemctl&lt;serv_mapper1&gt;, exit status 3
09:00:02 INFO  Restarting mosquitto too frequently in the last 10 seconds. It was only up for 5 seconds
09:00:02 INFO  Delaying execution by 6 seconds
09:00:22 INFO  Executed sudo&lt;tedge_connect_c8y&gt;, exit status 0, duration 14 secs
09:00:23 INFO  Executed sudo&lt;tedge_connect_c8y_test&gt;, exit status 0
09:00:23 INFO  Executed systemctl&lt;serv_mosq2&gt;, exit status 0
09:00:24 INFO  Executed systemctl&lt;serv_mapper3&gt;, exit status 0
09:00:41 WARN  Executed python3&lt;stdout&gt;, exit status 1
09:00:41 INFO  Contents of stdout.out: 
  Publishing sawtooth with delay 100ms height 20 iterations 1 template flux will cause 20 publishs.
  Iteraton: 0
  Execution took 2 s 2009 ms
  Publish rate: 100.450 ms/pub
  Publish per second: 9.955 pub/s
  Act: Publishing values with temperature_publisher
  Waiting 3s for values to arrive in C8y
  Assert: Retrieving data via REST interface
  Gathering values from 2022-04-15 09:00:31+00:00 to 2022-04-15 09:00:41+00:00
  Found 0 recorded values:
  Retrieved values:
  Expected:  0.0  ...  19.0
  Data verification FAILED
  -----

09:00:41 WARN  python3&lt;stdout&gt; returned non-zero exit code 1 ... blocked 
09:00:41 WARN  Aborted test due to BLOCKED outcome
09:00:41 INFO  
09:00:41 INFO  cleanup:
09:00:45 INFO  Executed sudo&lt;tedge_disconnect_c8y&gt;, exit status 0
09:00:46 INFO  Executed systemctl&lt;serv_mapper5&gt;, exit status 3
09:00:46 INFO  
09:00:46 INFO  Test duration: 44.63 secs
09:00:46 INFO  Test final outcome:  BLOCKED
09:00:46 INFO  Test outcome reason: python3&lt;stdout&gt; returned non-zero exit code 1
09:00:46 INFO  
</system-out>
	</testcase>
</testsuite>
