<?xml version="1.0" encoding="utf-8"?>
<testsuite failures="0" name="pysys_block" skipped="1" tests="1" time="0.02" timestamp="2022-04-08T09:43:02">
	<testcase classname="Fail" name="pysys_block">
		<skipped message="SKIPPED: Enable this to observe a blocking test"/>
		<system-out>09:43:02 DEBUG deletedir failed to update permissions and delete /home/pi/actions-runner/_work/thin-edge.io/thin-edge.io/tests/PySys/misc_features/pysys_block/Output/linux on this attempt: [Errno 2] No such file or directory: '/home/pi/actions-runner/_work/thin-edge.io/thin-edge.io/tests/PySys/misc_features/pysys_block/Output/linux'
09:43:02 INFO  ==============================================================
09:43:02 INFO  Id:    pysys_block
09:43:02 INFO  Dir:   misc_features/
09:43:02 INFO  Title: fail
09:43:02 DEBUG Execution order hint: 0.0
09:43:02 INFO  ==============================================================
09:43:02 INFO  Enable this to observe a blocking test ... skipped
09:43:02 DEBUG --- test cleanup
09:43:02 DEBUG ProcessUser cleanup function done.
09:43:02 INFO  
09:43:02 INFO  Test duration: 0.02 secs
09:43:02 INFO  Test final outcome:  SKIPPED
09:43:02 INFO  Test outcome reason: Enable this to observe a blocking test
09:43:02 INFO  
</system-out>
	</testcase>
</testsuite>
