<?xml version="1.0" encoding="utf-8"?>
<testsuite failures="0" name="SoftwareManagement.sm_docker_install_remove_multiple" skipped="1" tests="1" time="0.03" timestamp="2022-04-12T08:48:42">
	<testcase classname="SMDockerInstallRemove" name="SoftwareManagement.sm_docker_install_remove_multiple">
		<skipped message="SKIPPED: Testing the apt plugin is not supported on this platform.Use parameter -XmyPlatform='container' to enable it"/>
		<system-out>08:48:42 INFO  ==============================================================
08:48:42 INFO  Id:    SoftwareManagement.sm_docker_install_remove_multiple
08:48:42 INFO  Dir:   software_management_end_to_end/
08:48:42 INFO  Title: Validate end to end behaviour for the docker plugin for multiple docker images with mixed versions
08:48:42 INFO  ==============================================================
08:48:42 INFO  Testing the apt plugin is not supported on this platform.Use parameter -XmyPlatform='container' to enable it ... skipped
08:48:42 WARN  Aborted test due to SKIPPED outcome
08:48:42 INFO  
08:48:42 INFO  Test duration: 0.03 secs
08:48:42 INFO  Test final outcome:  SKIPPED
08:48:42 INFO  Test outcome reason: Testing the apt plugin is not supported on this platform.Use parameter -XmyPlatform='container' to enable it
08:48:42 INFO  
</system-out>
	</testcase>
</testsuite>
