<?xml version="1.0" encoding="utf-8"?>
<testsuite failures="0" name="mqtt_port_change_connection_works" skipped="1" tests="1" time="0.08" timestamp="2022-04-07T16:13:54">
	<testcase classname="MqttPortChangeConnectionWorks" name="mqtt_port_change_connection_works">
		<skipped message="SKIPPED: failing intermitently"/>
		<system-out>16:13:54 DEBUG deletedir failed to update permissions and delete /home/pi/actions-runner/_work/thin-edge.io/thin-edge.io/tests/PySys/misc_features/mqtt_port_change_connection_works/Output/linux on this attempt: [Errno 2] No such file or directory: '/home/pi/actions-runner/_work/thin-edge.io/thin-edge.io/tests/PySys/misc_features/mqtt_port_change_connection_works/Output/linux'
16:13:54 INFO  ==============================================================
16:13:54 INFO  Id:    mqtt_port_change_connection_works
16:13:54 INFO  Dir:   misc_features/
16:13:54 INFO  Title: mqtt port change connection works for all the thin-edge services that use the mosquitto broker
16:13:54 DEBUG Execution order hint: 0.0
16:13:54 INFO  ==============================================================
16:13:54 INFO  failing intermitently ... skipped
16:13:54 DEBUG --- test cleanup
16:13:54 DEBUG ProcessUser cleanup function done.
16:13:54 INFO  
16:13:54 INFO  Test duration: 0.08 secs
16:13:54 INFO  Test final outcome:  SKIPPED
16:13:54 INFO  Test outcome reason: failing intermitently
16:13:54 INFO  
</system-out>
	</testcase>
</testsuite>
