<?xml version="1.0" encoding="utf-8"?>
<testsuite failures="1" name="log_request_num_lines" skipped="0" tests="1" time="53.85" timestamp="2022-04-12T08:35:40">
	<testcase classname="LogRequestVerifyNumberOfLines" name="log_request_num_lines">
		<failure message="BLOCKED: Exception: retry" type="BLOCKED"/>
		<system-out>08:34:46 INFO  ==============================================================
08:34:46 INFO  Id:    log_request_num_lines
08:34:46 INFO  Dir:   log_request_end_to_end/
08:34:46 INFO  Title: Validate end to end behaviour for the log request operation check for number of lines
08:34:46 INFO  ==============================================================
08:34:46 INFO  EnvironmentC8y Setup
08:34:47 INFO  Executed systemctl&lt;serv_mapper1&gt;, exit status 3
08:34:47 INFO  Restarting mosquitto too frequently in the last 10 seconds. It was only up for 5 seconds
08:34:47 INFO  Delaying execution by 6 seconds
08:35:08 INFO  Executed sudo&lt;tedge_connect_c8y&gt;, exit status 0, duration 14 secs
08:35:08 INFO  Executed sudo&lt;tedge_connect_c8y_test&gt;, exit status 0
08:35:09 INFO  Executed systemctl&lt;serv_mosq2&gt;, exit status 0
08:35:09 INFO  Executed systemctl&lt;serv_mapper3&gt;, exit status 0
08:35:10 INFO  Executed sudo&lt;rm_logs&gt;, exit status 0
08:35:10 INFO  Executed sudo&lt;move_logs&gt;, exit status 0
08:35:11 INFO  log response None
08:35:11 WARN  retry, retrying in 1 seconds...
08:35:12 INFO  log response None
08:35:12 WARN  retry, retrying in 1 seconds...
08:35:13 INFO  log response None
08:35:13 WARN  retry, retrying in 1 seconds...
08:35:14 INFO  log response None
08:35:14 WARN  retry, retrying in 1 seconds...
08:35:16 INFO  log response None
08:35:16 WARN  retry, retrying in 1 seconds...
08:35:17 INFO  log response None
08:35:17 WARN  retry, retrying in 1 seconds...
08:35:18 INFO  log response None
08:35:18 WARN  retry, retrying in 1 seconds...
08:35:19 INFO  log response None
08:35:19 WARN  retry, retrying in 1 seconds...
08:35:21 INFO  log response None
08:35:21 WARN  retry, retrying in 1 seconds...
08:35:22 INFO  log response None
08:35:22 WARN  retry, retrying in 1 seconds...
08:35:23 INFO  log response None
08:35:23 WARN  retry, retrying in 1 seconds...
08:35:24 INFO  log response None
08:35:24 WARN  retry, retrying in 1 seconds...
08:35:25 INFO  log response None
08:35:25 WARN  retry, retrying in 1 seconds...
08:35:27 INFO  log response None
08:35:27 WARN  retry, retrying in 1 seconds...
08:35:28 INFO  log response None
08:35:28 WARN  retry, retrying in 1 seconds...
08:35:29 INFO  log response None
08:35:29 WARN  retry, retrying in 1 seconds...
08:35:30 INFO  log response None
08:35:30 WARN  retry, retrying in 1 seconds...
08:35:31 INFO  log response None
08:35:31 WARN  retry, retrying in 1 seconds...
08:35:33 INFO  log response None
08:35:33 WARN  retry, retrying in 1 seconds...
08:35:34 INFO  log response None
08:35:34 WARN  Exception occurred while running test - retry
Traceback (most recent call last):
  File &quot;/home/pi/env-pysys/lib/python3.7/site-packages/pysys/baserunner.py&quot;, line 1296, in __call__
    self.testObj.validate()
  File &quot;/home/pi/actions-runner/_work/thin-edge.io/thin-edge.io/tests/PySys/log_request_end_to_end/log_request_num_lines/run.py&quot;, line 44, in validate
    self.assertThat(&quot;True == value&quot;, value=self.wait_until_logs_retrieved())
  File &quot;/home/pi/env-pysys/lib/python3.7/site-packages/decorator.py&quot;, line 232, in fun
    return caller(func, *(extras + args), **kw)
  File &quot;/home/pi/env-pysys/lib/python3.7/site-packages/retry/api.py&quot;, line 74, in retry_decorator
    logger)
  File &quot;/home/pi/env-pysys/lib/python3.7/site-packages/retry/api.py&quot;, line 33, in __retry_internal
    return f()
  File &quot;/home/pi/actions-runner/_work/thin-edge.io/thin-edge.io/tests/PySys/log_request_end_to_end/log_request_num_lines/run.py&quot;, line 52, in wait_until_logs_retrieved
    raise Exception(&quot;retry&quot;)
Exception: retry
08:35:34 WARN  Exception: retry ... blocked 
08:35:34 INFO  
08:35:34 INFO  cleanup:
08:35:35 INFO  Executed sudo&lt;rm_logs&gt;, exit status 0
08:35:35 INFO  Executed sudo&lt;rm_tmp_logs&gt;, exit status 0
08:35:36 INFO  Executed sudo&lt;send_failed&gt;, exit status 0
08:35:40 INFO  Executed sudo&lt;tedge_disconnect_c8y&gt;, exit status 0
08:35:40 INFO  Executed systemctl&lt;serv_mapper5&gt;, exit status 3
08:35:40 INFO  
08:35:40 INFO  Test duration: 53.85 secs
08:35:40 INFO  Test final outcome:  BLOCKED
08:35:40 INFO  Test outcome reason: Exception: retry
08:35:40 INFO  
</system-out>
	</testcase>
</testsuite>
