<?xml version="1.0" encoding="utf-8"?>
<testsuite failures="0" name="docker_plugin_finalize" skipped="1" tests="1" time="0.05" timestamp="2022-04-12T08:37:35">
	<testcase classname="DockerPluginFinalizeTest" name="docker_plugin_finalize">
		<skipped message="SKIPPED: Testing the docker plugin is not supported on this platform.To run it, all the test with -XmyPlatform='container'"/>
		<system-out>08:37:35 INFO  ==============================================================
08:37:35 INFO  Id:    docker_plugin_finalize
08:37:35 INFO  Dir:   plugin_docker/
08:37:35 INFO  Title: Validate docker plugin finalize command
08:37:35 INFO  ==============================================================
08:37:35 INFO  Testing the docker plugin is not supported on this platform.To run it, all the test with -XmyPlatform='container' ... skipped
08:37:35 WARN  Aborted test due to SKIPPED outcome
08:37:35 INFO  
08:37:35 INFO  Test duration: 0.05 secs
08:37:35 INFO  Test final outcome:  SKIPPED
08:37:35 INFO  Test outcome reason: Testing the docker plugin is not supported on this platform.To run it, all the test with -XmyPlatform='container'
08:37:35 INFO  
</system-out>
	</testcase>
</testsuite>
