<?xml version="1.0" encoding="utf-8"?>
<testsuite failures="0" name="pysys_fail" skipped="1" tests="1" time="0.02" timestamp="2022-04-13T07:44:42">
	<testcase classname="Fail" name="pysys_fail">
		<skipped message="SKIPPED: Enable this to observe a failing test"/>
		<system-out>07:44:42 INFO  ==============================================================
07:44:42 INFO  Id:    pysys_fail
07:44:42 INFO  Dir:   misc_features/
07:44:42 INFO  Title: fail
07:44:42 INFO  ==============================================================
07:44:42 INFO  Enable this to observe a failing test ... skipped
07:44:42 INFO  
07:44:42 INFO  Test duration: 0.02 secs
07:44:42 INFO  Test final outcome:  SKIPPED
07:44:42 INFO  Test outcome reason: Enable this to observe a failing test
07:44:42 INFO  
</system-out>
	</testcase>
</testsuite>
