<?xml version="1.0" encoding="utf-8"?>
<testsuite failures="1" name="smoketest_smartrest_400_samples_20ms" skipped="0" tests="1" time="152.59" timestamp="2022-04-12T08:48:41">
	<testcase classname="SmoketestSmartRest400Samples20ms" name="smoketest_smartrest_400_samples_20ms">
		<failure message="BLOCKED: python3&lt;stdout&gt; returned non-zero exit code 1" type="BLOCKED"/>
		<system-out>08:46:09 INFO  ==============================================================
08:46:09 INFO  Id:    smoketest_smartrest_400_samples_20ms
08:46:09 INFO  Dir:   smoketests/
08:46:09 INFO  Title: Smoketest SmartRest 400 Samples 20ms Delay
08:46:09 INFO  ==============================================================
08:46:09 INFO  EnvironmentC8y Setup
08:46:09 INFO  Executed systemctl&lt;serv_mapper1&gt;, exit status 3
08:46:09 INFO  Restarting mosquitto too frequently in the last 10 seconds. It was only up for 5 seconds
08:46:09 INFO  Delaying execution by 6 seconds
08:46:30 INFO  Executed sudo&lt;tedge_connect_c8y&gt;, exit status 0, duration 14 secs
08:46:30 INFO  Executed sudo&lt;tedge_connect_c8y_test&gt;, exit status 0
08:46:31 INFO  Executed systemctl&lt;serv_mosq2&gt;, exit status 0
08:46:31 INFO  Executed systemctl&lt;serv_mapper3&gt;, exit status 0
08:48:37 WARN  Executed python3&lt;stdout&gt;, exit status 1, duration 70 secs
08:48:37 INFO  Contents of stdout.out: 
  Act: Publishing values with tedge pub
  Waiting 3s for values to arrive in C8y
  Assert: Retrieving data via REST interface
  Gathering values from 2022-04-12 08:47:41+00:00 to 2022-04-12 08:48:36+00:00
  Found 151 recorded values:
  Retrieved values:
    249   250   251   252   253   254   255   256   257   258   259
    260   261   262   263   264   265   266   267   268   269   270   271   272   273   274   275   276   277   278   279
    280   281   282   283   284   285   286   287   288   289   290   291   292   293   294   295   296   297   298   299
    300   301   302   303   304   305   306   307   308   309   310   311   312   313   314   315   316   317   318   319
    320   321   322   323   324   325   326   327   328   329   330   331   332   333   334   335   336   337   338   339
    340   341   342   343   344   345   346   347   348   349   350   351   352   353   354   355   356   357   358   359
    360   361   362   363   364   365   366   367   368   369   370   371   372   373   374   375   376   377   378   379
    380   381   382   383   384   385   386   387   388   389   390   391   392   393   394   395   396   397   398   399
  Expected:  0.0  ...  399.0
  Data verification FAILED
  -----

08:48:37 WARN  python3&lt;stdout&gt; returned non-zero exit code 1 ... blocked 
08:48:37 WARN  Aborted test due to BLOCKED outcome
08:48:37 INFO  
08:48:37 INFO  cleanup:
08:48:41 INFO  Executed sudo&lt;tedge_disconnect_c8y&gt;, exit status 0
08:48:41 INFO  Executed systemctl&lt;serv_mapper5&gt;, exit status 3
08:48:41 INFO  
08:48:41 INFO  Test duration: 152.59 secs
08:48:41 INFO  Test final outcome:  BLOCKED
08:48:41 INFO  Test outcome reason: python3&lt;stdout&gt; returned non-zero exit code 1
08:48:41 INFO  
</system-out>
	</testcase>
</testsuite>
