<?xml version="1.0" encoding="utf-8"?>
<testsuite failures="0" name="smoketest_smartrest" skipped="0" tests="1" time="49.35" timestamp="2022-04-13T07:51:22">
	<testcase classname="SmoketestSmartRest" name="smoketest_smartrest"/>
</testsuite>
