<?xml version="1.0" encoding="utf-8"?>
<testsuite failures="0" name="apt_prepare" skipped="1" tests="1" time="0.03" timestamp="2022-04-13T07:45:18">
	<testcase classname="AptPluginPrepare" name="apt_prepare">
		<skipped message="SKIPPED: Testing the apt plugin is not supported on this platform.To run the tests call PySys with -XmyPlatform='container'"/>
		<system-out>07:45:18 INFO  ==============================================================
07:45:18 INFO  Id:    apt_prepare
07:45:18 INFO  Dir:   plugin_apt/
07:45:18 INFO  Title: Validate apt plugin install - dense version
07:45:18 INFO  ==============================================================
07:45:18 INFO  Testing the apt plugin is not supported on this platform.To run the tests call PySys with -XmyPlatform='container' ... skipped
07:45:18 WARN  Aborted test due to SKIPPED outcome
07:45:18 INFO  
07:45:18 INFO  Test duration: 0.03 secs
07:45:18 INFO  Test final outcome:  SKIPPED
07:45:18 INFO  Test outcome reason: Testing the apt plugin is not supported on this platform.To run the tests call PySys with -XmyPlatform='container'
07:45:18 INFO  
</system-out>
	</testcase>
</testsuite>
