<?xml version="1.0" encoding="utf-8"?>
<testsuite failures="0" name="custom_init_system" skipped="0" tests="1" time="30.08" timestamp="2022-04-13T07:44:13">
	<testcase classname="CustomInitSystem" name="custom_init_system"/>
</testsuite>
