<?xml version="1.0" encoding="utf-8"?>
<testsuite failures="0" name="call_tedge_-h" skipped="0" tests="1" time="0.5" timestamp="2022-04-12T08:48:43">
	<testcase classname="PySysTest" name="call_tedge_-h"/>
</testsuite>
