<?xml version="1.0" encoding="utf-8"?>
<testsuite failures="0" name="tedge_mapper_c8y_negative" skipped="0" tests="1" time="30.72" timestamp="2022-04-13T08:00:53">
	<testcase classname="TedgeMapperC8y" name="tedge_mapper_c8y_negative"/>
</testsuite>
