<?xml version="1.0" encoding="utf-8"?>
<testsuite failures="0" name="publish_sawmill" skipped="0" tests="1" time="78.57" timestamp="2022-04-11T09:44:29">
	<testcase classname="PublishSawmill" name="publish_sawmill"/>
</testsuite>
