<?xml version="1.0" encoding="utf-8"?>
<testsuite failures="1" name="smoketest_smartrest" skipped="0" tests="1" time="49.03" timestamp="2022-04-15T09:03:31">
	<testcase classname="SmoketestSmartRest" name="smoketest_smartrest">
		<failure message="BLOCKED: python3&lt;stdout&gt; returned non-zero exit code 1" type="BLOCKED"/>
		<system-out>09:02:42 INFO  ==============================================================
09:02:42 INFO  Id:    smoketest_smartrest
09:02:42 INFO  Dir:   smoketests/
09:02:42 INFO  Title: Smoketest SmartREST
09:02:42 INFO  ==============================================================
09:02:42 INFO  EnvironmentC8y Setup
09:02:42 INFO  Executed systemctl&lt;serv_mapper1&gt;, exit status 3
09:02:42 INFO  Restarting mosquitto too frequently in the last 10 seconds. It was only up for 4 seconds
09:02:42 INFO  Delaying execution by 7 seconds
09:03:04 INFO  Executed sudo&lt;tedge_connect_c8y&gt;, exit status 0, duration 14 secs
09:03:04 INFO  Executed sudo&lt;tedge_connect_c8y_test&gt;, exit status 0
09:03:05 INFO  Executed systemctl&lt;serv_mosq2&gt;, exit status 0
09:03:05 INFO  Executed systemctl&lt;serv_mapper3&gt;, exit status 0
09:03:26 WARN  Executed python3&lt;stdout&gt;, exit status 1
09:03:26 INFO  Contents of stdout.out: 
  Act: Publishing values with tedge pub
  Waiting 3s for values to arrive in C8y
  Assert: Retrieving data via REST interface
  Gathering values from 2022-04-15 09:03:15+00:00 to 2022-04-15 09:03:25+00:00
  Found 0 recorded values:
  Retrieved values:
  Expected:  0.0  ...  19.0
  Data verification FAILED
  -----

09:03:26 WARN  python3&lt;stdout&gt; returned non-zero exit code 1 ... blocked 
09:03:26 WARN  Aborted test due to BLOCKED outcome
09:03:26 INFO  
09:03:26 INFO  cleanup:
09:03:30 INFO  Executed sudo&lt;tedge_disconnect_c8y&gt;, exit status 0
09:03:31 INFO  Executed systemctl&lt;serv_mapper5&gt;, exit status 3
09:03:31 INFO  
09:03:31 INFO  Test duration: 49.03 secs
09:03:31 INFO  Test final outcome:  BLOCKED
09:03:31 INFO  Test outcome reason: python3&lt;stdout&gt; returned non-zero exit code 1
09:03:31 INFO  
</system-out>
	</testcase>
</testsuite>
