<?xml version="1.0" encoding="utf-8"?>
<testsuite failures="0" name="apt_prepare" skipped="1" tests="1" time="0.02" timestamp="2022-04-11T09:41:56">
	<testcase classname="AptPluginPrepare" name="apt_prepare">
		<skipped message="SKIPPED: Testing the apt plugin is not supported on this platform.To run the tests call PySys with -XmyPlatform='container'"/>
		<system-out>09:41:56 DEBUG deletedir failed to update permissions and delete /home/pi/actions-runner/_work/thin-edge.io/thin-edge.io/tests/PySys/plugin_apt/apt_prepare/Output/linux on this attempt: [Errno 2] No such file or directory: '/home/pi/actions-runner/_work/thin-edge.io/thin-edge.io/tests/PySys/plugin_apt/apt_prepare/Output/linux'
09:41:56 INFO  ==============================================================
09:41:56 INFO  Id:    apt_prepare
09:41:56 INFO  Dir:   plugin_apt/
09:41:56 INFO  Title: Validate apt plugin install - dense version
09:41:56 DEBUG Execution order hint: 0.0
09:41:56 INFO  ==============================================================
09:41:56 INFO  Testing the apt plugin is not supported on this platform.To run the tests call PySys with -XmyPlatform='container' ... skipped
09:41:56 WARN  Aborted test due to SKIPPED outcome
09:41:56 DEBUG --- test cleanup
09:41:56 DEBUG ProcessUser cleanup function done.
09:41:56 INFO  
09:41:56 INFO  Test duration: 0.02 secs
09:41:56 INFO  Test final outcome:  SKIPPED
09:41:56 INFO  Test outcome reason: Testing the apt plugin is not supported on this platform.To run the tests call PySys with -XmyPlatform='container'
09:41:56 INFO  
</system-out>
	</testcase>
</testsuite>
