<?xml version="1.0" encoding="utf-8"?>
<testsuite failures="0" name="pysys_fail" skipped="1" tests="1" time="0.02" timestamp="2022-04-12T16:03:44">
	<testcase classname="Fail" name="pysys_fail">
		<skipped message="SKIPPED: Enable this to observe a failing test"/>
		<system-out>16:03:44 INFO  ==============================================================
16:03:44 INFO  Id:    pysys_fail
16:03:44 INFO  Dir:   misc_features/
16:03:44 INFO  Title: fail
16:03:44 INFO  ==============================================================
16:03:44 INFO  Enable this to observe a failing test ... skipped
16:03:44 INFO  
16:03:44 INFO  Test duration: 0.02 secs
16:03:44 INFO  Test final outcome:  SKIPPED
16:03:44 INFO  Test outcome reason: Enable this to observe a failing test
16:03:44 INFO  
</system-out>
	</testcase>
</testsuite>
