<?xml version="1.0" encoding="utf-8"?>
<testsuite failures="0" name="apt_prepare" skipped="1" tests="1" time="0.02" timestamp="2022-04-12T16:04:39">
	<testcase classname="AptPluginPrepare" name="apt_prepare">
		<skipped message="SKIPPED: Testing the apt plugin is not supported on this platform.To run the tests call PySys with -XmyPlatform='container'"/>
		<system-out>16:04:39 INFO  ==============================================================
16:04:39 INFO  Id:    apt_prepare
16:04:39 INFO  Dir:   plugin_apt/
16:04:39 INFO  Title: Validate apt plugin install - dense version
16:04:39 INFO  ==============================================================
16:04:39 INFO  Testing the apt plugin is not supported on this platform.To run the tests call PySys with -XmyPlatform='container' ... skipped
16:04:39 WARN  Aborted test due to SKIPPED outcome
16:04:39 INFO  
16:04:39 INFO  Test duration: 0.02 secs
16:04:39 INFO  Test final outcome:  SKIPPED
16:04:39 INFO  Test outcome reason: Testing the apt plugin is not supported on this platform.To run the tests call PySys with -XmyPlatform='container'
16:04:39 INFO  
</system-out>
	</testcase>
</testsuite>
