<?xml version="1.0" encoding="utf-8"?>
<testsuite failures="0" name="docker_plugin_install" skipped="0" tests="1" time="22.88" timestamp="2022-02-07T14:30:54">
	<testcase classname="DockerPluginInstallTest" name="docker_plugin_install"/>
</testsuite>
