<?xml version="1.0" encoding="utf-8"?>
<testsuite failures="0" name="docker_plugin_update" skipped="0" tests="1" time="41.46" timestamp="2022-02-22T11:02:30">
	<testcase classname="DockerPluginUpdateTest" name="docker_plugin_update"/>
</testsuite>
