<?xml version="1.0" encoding="utf-8"?>
<testsuite failures="0" name="docker_plugin_update" skipped="0" tests="1" time="41.75" timestamp="2022-03-02T09:10:26">
	<testcase classname="DockerPluginUpdateTest" name="docker_plugin_update"/>
</testsuite>
