<?xml version="1.0" encoding="utf-8"?>
<testsuite name="SoftwareManagement.Plugin.apama_plugin_remove" tests="1" failures="0" skipped="1" time="0.0" timestamp="2022-05-10T17:00:22">
	<testcase classname="ApamaPluginRemoveTest" name="SoftwareManagement.Plugin.apama_plugin_remove">
		<skipped message="SKIPPED: Apama plugin tests are disabled by default. Execute `pysys run` with `-XmyPlatform=container` to run these tests"/>
		<system-out>17:00:22 INFO  ==============================================================
17:00:22 INFO  Id:    SoftwareManagement.Plugin.apama_plugin_remove
17:00:22 INFO  Dir:   plugin_apama/
17:00:22 INFO  Title: Validate apama plugin remove
17:00:22 INFO  ==============================================================
17:00:22 INFO  Apama plugin tests are disabled by default. Execute `pysys run` with `-XmyPlatform=container` to run these tests ... skipped
17:00:22 WARN  Aborted test due to SKIPPED outcome
17:00:22 INFO  
17:00:22 INFO  Test duration: 0.00 secs
17:00:22 INFO  Test final outcome:  SKIPPED
17:00:22 INFO  Test outcome reason: Apama plugin tests are disabled by default. Execute `pysys run` with `-XmyPlatform=container` to run these tests
17:00:22 INFO  
</system-out>
	</testcase>
</testsuite>
