<?xml version="1.0" encoding="utf-8"?>
<testsuite name="apt_finalize" tests="1" failures="0" skipped="1" time="0.0" timestamp="2022-05-30T08:57:26">
	<testcase classname="AptPluginFinalize" name="apt_finalize">
		<skipped message="SKIPPED: Testing the apt plugin is not supported on this platform.To run the tests call PySys with -XmyPlatform='container'"/>
		<system-out>08:57:26 INFO  ==============================================================
08:57:26 INFO  Id:    apt_finalize
08:57:26 INFO  Dir:   plugin_apt/
08:57:26 INFO  Title: Validate apt plugin finalize - dense version
08:57:26 INFO  ==============================================================
08:57:26 INFO  Testing the apt plugin is not supported on this platform.To run the tests call PySys with -XmyPlatform='container' ... skipped
08:57:26 WARN  Aborted test due to SKIPPED outcome
08:57:26 INFO  
08:57:26 INFO  Test duration: 0.00 secs
08:57:26 INFO  Test final outcome:  SKIPPED
08:57:26 INFO  Test outcome reason: Testing the apt plugin is not supported on this platform.To run the tests call PySys with -XmyPlatform='container'
08:57:26 INFO  
</system-out>
	</testcase>
</testsuite>
