<?xml version="1.0" encoding="utf-8"?>
<testsuite name="SoftwareManagement.sm_mapper_fail_and_reconnect" tests="1" failures="0" skipped="1" time="0.0" timestamp="2022-05-10T19:25:48">
	<testcase classname="MapperC8yReceiveLastMessageOnRestart" name="SoftwareManagement.sm_mapper_fail_and_reconnect">
		<skipped message="SKIPPED: instable https://github.com/thin-edge/thin-edge.io/issues/752"/>
		<system-out>19:25:48 INFO  ==============================================================
19:25:48 INFO  Id:    SoftwareManagement.sm_mapper_fail_and_reconnect
19:25:48 INFO  Dir:   software_management_end_to_end/
19:25:48 INFO  Title: Validate the tedge-mapper-sm-c8y for receiving the last message on restart
19:25:48 INFO  ==============================================================
19:25:48 INFO  instable https://github.com/thin-edge/thin-edge.io/issues/752 ... skipped
19:25:48 INFO  
19:25:48 INFO  Test duration: 0.00 secs
19:25:48 INFO  Test final outcome:  SKIPPED
19:25:48 INFO  Test outcome reason: instable https://github.com/thin-edge/thin-edge.io/issues/752
19:25:48 INFO  
</system-out>
	</testcase>
</testsuite>
