<?xml version="1.0" encoding="utf-8"?>
<testsuite name="log_request_error_messages" tests="1" failures="0" skipped="1" time="0.09" timestamp="2022-05-10T16:58:37">
	<testcase classname="LogRequestVerifySearchTextError" name="log_request_error_messages">
		<skipped message="SKIPPED: Test execution disabled due to #1123"/>
		<system-out>16:58:37 INFO  ==============================================================
16:58:37 INFO  Id:    log_request_error_messages
16:58:37 INFO  Dir:   log_request_end_to_end/
16:58:37 INFO  Title: Validate end to end behaviour for the log request operation check for error messages
16:58:37 INFO  ==============================================================
16:58:37 INFO  Test execution disabled due to #1123 ... skipped
16:58:37 INFO  
16:58:37 INFO  Test duration: 0.09 secs
16:58:37 INFO  Test final outcome:  SKIPPED
16:58:37 INFO  Test outcome reason: Test execution disabled due to #1123
16:58:37 INFO  
</system-out>
	</testcase>
</testsuite>
