<?xml version="1.0" encoding="utf-8"?>
<testsuite name="smoketest_smartrest" tests="1" failures="0" skipped="0" time="54.74" timestamp="2022-05-02T15:01:36">
	<testcase classname="SmoketestSmartRest" name="smoketest_smartrest"/>
</testsuite>
