<?xml version="1.0" encoding="utf-8"?>
<testsuite name="smoketest_json" tests="1" failures="0" skipped="0" time="54.49" timestamp="2022-05-02T14:58:28">
	<testcase classname="SmokeTestJson" name="smoketest_json"/>
</testsuite>
