<?xml version="1.0" encoding="utf-8"?>
<testsuite name="pysys_fail" tests="1" failures="0" skipped="1" time="0.0" timestamp="2022-05-16T07:06:28">
	<testcase classname="Fail" name="pysys_fail">
		<skipped message="SKIPPED: Enable this to observe a failing test"/>
		<system-out>07:06:28 INFO  ==============================================================
07:06:28 INFO  Id:    pysys_fail
07:06:28 INFO  Dir:   misc_features/
07:06:28 INFO  Title: fail
07:06:28 INFO  ==============================================================
07:06:28 INFO  Enable this to observe a failing test ... skipped
07:06:28 INFO  
07:06:28 INFO  Test duration: 0.00 secs
07:06:28 INFO  Test final outcome:  SKIPPED
07:06:28 INFO  Test outcome reason: Enable this to observe a failing test
07:06:28 INFO  
</system-out>
	</testcase>
</testsuite>
