<?xml version="1.0" encoding="utf-8"?>
<testsuite name="pysys_fail" tests="1" failures="0" skipped="1" time="0.0" timestamp="2022-05-30T08:56:40">
	<testcase classname="Fail" name="pysys_fail">
		<skipped message="SKIPPED: Enable this to observe a failing test"/>
		<system-out>08:56:40 INFO  ==============================================================
08:56:40 INFO  Id:    pysys_fail
08:56:40 INFO  Dir:   misc_features/
08:56:40 INFO  Title: fail
08:56:40 INFO  ==============================================================
08:56:40 INFO  Enable this to observe a failing test ... skipped
08:56:40 INFO  
08:56:40 INFO  Test duration: 0.00 secs
08:56:40 INFO  Test final outcome:  SKIPPED
08:56:40 INFO  Test outcome reason: Enable this to observe a failing test
08:56:40 INFO  
</system-out>
	</testcase>
</testsuite>
