<?xml version="1.0" encoding="utf-8"?>
<testsuite name="log_request_error_messages" tests="1" failures="1" skipped="0" time="44.32" timestamp="2022-05-03T07:39:05">
	<testcase classname="LogRequestVerifySearchTextError" name="log_request_error_messages">
		<failure message="FAILED: Assert that (True == value) with value=False" type="FAILED"/>
		<system-out>07:38:21 INFO  ==============================================================
07:38:21 INFO  Id:    log_request_error_messages
07:38:21 INFO  Dir:   log_request_end_to_end/
07:38:21 INFO  Title: Validate end to end behaviour for the log request operation check for error messages
07:38:21 INFO  ==============================================================
07:38:21 INFO  EnvironmentC8y Setup
07:38:21 INFO  Executed systemctl&lt;serv_mapper1&gt;, exit status 3
07:38:21 INFO  Restarting mosquitto too frequently in the last 10 seconds. It was only up for 0 seconds
07:38:21 INFO  Delaying execution by 11 seconds
07:38:49 INFO  Executed sudo&lt;tedge_connect_c8y&gt;, exit status 0, duration 17 secs
07:38:50 INFO  Executed sudo&lt;tedge_connect_c8y_test&gt;, exit status 0
07:38:50 INFO  Executed systemctl&lt;serv_mosq2&gt;, exit status 0
07:38:50 INFO  Executed systemctl&lt;serv_mapper3&gt;, exit status 0
07:38:50 INFO  Executed sudo&lt;rm_logs&gt;, exit status 0
07:38:50 INFO  Executed sudo&lt;move_logs&gt;, exit status 0
07:38:50 INFO  log response None
07:38:50 WARN  retry, retrying in 1 seconds...
07:38:51 INFO  log response https://thin-edge-io.eu-latest.cumulocity.com/event/events/18214386/binaries
07:38:51 WARN  Assert that (True == value) with value=False ... failed [run.py:43]
07:38:51 INFO  
07:38:51 INFO  cleanup:
07:38:52 INFO  Executed sudo&lt;rm_logs&gt;, exit status 0
07:38:52 INFO  Executed sudo&lt;rm_tmp_logs&gt;, exit status 0
07:38:52 INFO  Executed sudo&lt;send_failed&gt;, exit status 0
07:38:52 INFO  Restarting mosquitto too frequently in the last 10 seconds. It was only up for 9 seconds
07:38:52 INFO  Delaying execution by 2 seconds
07:39:05 INFO  Executed sudo&lt;tedge_disconnect_c8y&gt;, exit status 0
07:39:05 INFO  Executed systemctl&lt;serv_mapper5&gt;, exit status 3
07:39:05 INFO  
07:39:05 INFO  Test duration: 44.32 secs
07:39:05 INFO  Test final outcome:  FAILED
07:39:05 INFO  Test outcome reason: Assert that (True == value) with value=False
07:39:05 INFO  
</system-out>
	</testcase>
</testsuite>
