<?xml version="1.0" encoding="utf-8"?>
<testsuite name="apt_fail_noarg" tests="1" failures="0" skipped="1" time="0.0" timestamp="2022-05-11T11:19:33">
	<testcase classname="AptPluginFailNoArg" name="apt_fail_noarg">
		<skipped message="SKIPPED: Testing the apt plugin is not supported on this platform.To run the tests call PySys with -XmyPlatform='container'"/>
		<system-out>11:19:33 INFO  ==============================================================
11:19:33 INFO  Id:    apt_fail_noarg
11:19:33 INFO  Dir:   plugin_apt/
11:19:33 INFO  Title: Validate apt plugin fetures(prepare, list, install, remove finalize) without arguments
11:19:33 INFO  ==============================================================
11:19:33 INFO  Testing the apt plugin is not supported on this platform.To run the tests call PySys with -XmyPlatform='container' ... skipped
11:19:33 WARN  Aborted test due to SKIPPED outcome
11:19:33 INFO  
11:19:33 INFO  Test duration: 0.00 secs
11:19:33 INFO  Test final outcome:  SKIPPED
11:19:33 INFO  Test outcome reason: Testing the apt plugin is not supported on this platform.To run the tests call PySys with -XmyPlatform='container'
11:19:33 INFO  
</system-out>
	</testcase>
</testsuite>
