<?xml version="1.0" encoding="utf-8"?>
<testsuite name="SoftwareManagement.sm_mapper_fail_and_reconnect" tests="1" failures="0" skipped="1" time="0.0" timestamp="2022-05-10T17:10:22">
	<testcase classname="MapperC8yReceiveLastMessageOnRestart" name="SoftwareManagement.sm_mapper_fail_and_reconnect">
		<skipped message="SKIPPED: instable https://github.com/thin-edge/thin-edge.io/issues/752"/>
		<system-out>17:10:22 INFO  ==============================================================
17:10:22 INFO  Id:    SoftwareManagement.sm_mapper_fail_and_reconnect
17:10:22 INFO  Dir:   software_management_end_to_end/
17:10:22 INFO  Title: Validate the tedge-mapper-sm-c8y for receiving the last message on restart
17:10:22 INFO  ==============================================================
17:10:22 INFO  instable https://github.com/thin-edge/thin-edge.io/issues/752 ... skipped
17:10:22 INFO  
17:10:22 INFO  Test duration: 0.00 secs
17:10:22 INFO  Test final outcome:  SKIPPED
17:10:22 INFO  Test outcome reason: instable https://github.com/thin-edge/thin-edge.io/issues/752
17:10:22 INFO  
</system-out>
	</testcase>
</testsuite>
