<?xml version="1.0" encoding="utf-8"?>
<testsuite name="tedge_agent_user_sudo_access" tests="1" failures="0" skipped="1" time="0.0" timestamp="2022-05-10T17:10:27">
	<testcase classname="TedgeAgentUserSudoAccess" name="tedge_agent_user_sudo_access">
		<skipped message="SKIPPED: #955 Observation: Exit code of the apt plugin when called with no arguments"/>
		<system-out>17:10:27 INFO  ==============================================================
17:10:27 INFO  Id:    tedge_agent_user_sudo_access
17:10:27 INFO  Dir:   tedge/
17:10:27 INFO  Title: Validate tedge-agent user has a limited sudo right
17:10:27 INFO  ==============================================================
17:10:27 INFO  #955 Observation: Exit code of the apt plugin when called with no arguments ... skipped
17:10:27 INFO  
17:10:27 INFO  Test duration: 0.00 secs
17:10:27 INFO  Test final outcome:  SKIPPED
17:10:27 INFO  Test outcome reason: #955 Observation: Exit code of the apt plugin when called with no arguments
17:10:27 INFO  
</system-out>
	</testcase>
</testsuite>
