<?xml version="1.0" encoding="utf-8"?>
<testsuite name="c8y_restart_bridge" tests="1" failures="0" skipped="0" time="39.22" timestamp="2022-05-03T07:52:55">
	<testcase classname="RestartBridge" name="c8y_restart_bridge"/>
</testsuite>
