<?xml version="1.0" encoding="utf-8"?>
<testsuite name="apt_fail_noarg" tests="1" failures="0" skipped="1" time="0.0" timestamp="2022-05-02T14:54:34">
	<testcase classname="AptPluginFailNoArg" name="apt_fail_noarg">
		<skipped message="SKIPPED: Testing the apt plugin is not supported on this platform.To run the tests call PySys with -XmyPlatform='container'"/>
		<system-out>14:54:34 INFO  ==============================================================
14:54:34 INFO  Id:    apt_fail_noarg
14:54:34 INFO  Dir:   plugin_apt/
14:54:34 INFO  Title: Validate apt plugin fetures(prepare, list, install, remove finalize) without arguments
14:54:34 INFO  ==============================================================
14:54:34 INFO  Testing the apt plugin is not supported on this platform.To run the tests call PySys with -XmyPlatform='container' ... skipped
14:54:34 WARN  Aborted test due to SKIPPED outcome
14:54:34 INFO  
14:54:34 INFO  Test duration: 0.00 secs
14:54:34 INFO  Test final outcome:  SKIPPED
14:54:34 INFO  Test outcome reason: Testing the apt plugin is not supported on this platform.To run the tests call PySys with -XmyPlatform='container'
14:54:34 INFO  
</system-out>
	</testcase>
</testsuite>
