<?xml version="1.0" encoding="utf-8"?>
<testsuite name="publish_flux" tests="1" failures="0" skipped="0" time="89.12" timestamp="2022-05-02T14:56:04">
	<testcase classname="PublishFlux" name="publish_flux"/>
</testsuite>
