<?xml version="1.0" encoding="utf-8"?>
<testsuite name="tedge_agent_user_sudo_access" tests="1" failures="0" skipped="1" time="0.0" timestamp="2022-05-09T06:56:30">
	<testcase classname="TedgeAgentUserSudoAccess" name="tedge_agent_user_sudo_access">
		<skipped message="SKIPPED: #955 Observation: Exit code of the apt plugin when called with no arguments"/>
		<system-out>06:56:30 INFO  ==============================================================
06:56:30 INFO  Id:    tedge_agent_user_sudo_access
06:56:30 INFO  Dir:   tedge/
06:56:30 INFO  Title: Validate tedge-agent user has a limited sudo right
06:56:30 INFO  ==============================================================
06:56:30 INFO  #955 Observation: Exit code of the apt plugin when called with no arguments ... skipped
06:56:30 INFO  
06:56:30 INFO  Test duration: 0.00 secs
06:56:30 INFO  Test final outcome:  SKIPPED
06:56:30 INFO  Test outcome reason: #955 Observation: Exit code of the apt plugin when called with no arguments
06:56:30 INFO  
</system-out>
	</testcase>
</testsuite>
