<?xml version="1.0" encoding="utf-8"?>
<testsuite name="docker_plugin_update" tests="1" failures="0" skipped="1" time="0.0" timestamp="2022-05-10T17:00:23">
	<testcase classname="DockerPluginUpdateTest" name="docker_plugin_update">
		<skipped message="SKIPPED: Testing the docker plugin is not supported on this platform.To run it, all the test with -XmyPlatform='container'"/>
		<system-out>17:00:23 INFO  ==============================================================
17:00:23 INFO  Id:    docker_plugin_update
17:00:23 INFO  Dir:   plugin_docker/
17:00:23 INFO  Title: Validate docker plugin install updates existing containers
17:00:23 INFO  ==============================================================
17:00:23 INFO  Testing the docker plugin is not supported on this platform.To run it, all the test with -XmyPlatform='container' ... skipped
17:00:23 WARN  Aborted test due to SKIPPED outcome
17:00:23 INFO  
17:00:23 INFO  Test duration: 0.00 secs
17:00:23 INFO  Test final outcome:  SKIPPED
17:00:23 INFO  Test outcome reason: Testing the docker plugin is not supported on this platform.To run it, all the test with -XmyPlatform='container'
17:00:23 INFO  
</system-out>
	</testcase>
</testsuite>
