<?xml version="1.0" encoding="utf-8"?>
<testsuite name="publish_flux" tests="1" failures="0" skipped="0" time="88.64" timestamp="2022-05-10T19:17:19">
	<testcase classname="PublishFlux" name="publish_flux"/>
</testsuite>
