<?xml version="1.0" encoding="utf-8"?>
<testsuite name="SoftwareManagement.sm_apt_install_remove_multiple" tests="1" failures="0" skipped="1" time="0.0" timestamp="2022-05-23T09:14:21">
	<testcase classname="PySysTest" name="SoftwareManagement.sm_apt_install_remove_multiple">
		<skipped message="SKIPPED: Testing the apt plugin is not supported on this platform.Use parameter -XmyPlatform='container' to enable it"/>
		<system-out>09:14:21 INFO  ==============================================================
09:14:21 INFO  Id:    SoftwareManagement.sm_apt_install_remove_multiple
09:14:21 INFO  Dir:   software_management_end_to_end/
09:14:21 INFO  Title: Validate end to end behaviour for the apt plugin for multiple packages
09:14:21 INFO  ==============================================================
09:14:21 INFO  Testing the apt plugin is not supported on this platform.Use parameter -XmyPlatform='container' to enable it ... skipped
09:14:21 WARN  Aborted test due to SKIPPED outcome
09:14:21 INFO  
09:14:21 INFO  Test duration: 0.00 secs
09:14:21 INFO  Test final outcome:  SKIPPED
09:14:21 INFO  Test outcome reason: Testing the apt plugin is not supported on this platform.Use parameter -XmyPlatform='container' to enable it
09:14:21 INFO  
</system-out>
	</testcase>
</testsuite>
