<?xml version="1.0" encoding="utf-8"?>
<testsuite name="local_mqtt_pub_sub" tests="1" failures="0" skipped="0" time="0.51" timestamp="2022-05-04T07:47:20">
	<testcase classname="PySysTest" name="local_mqtt_pub_sub"/>
</testsuite>
