<?xml version="1.0" encoding="utf-8"?>
<testsuite name="docker_plugin_remove_with_version" tests="1" failures="0" skipped="1" time="0.0" timestamp="2022-05-04T07:50:02">
	<testcase classname="DockerPluginRemoveWithVersionTest" name="docker_plugin_remove_with_version">
		<skipped message="SKIPPED: Testing the docker plugin is not supported on this platform.To run it, all the test with -XmyPlatform='container'"/>
		<system-out>07:50:02 INFO  ==============================================================
07:50:02 INFO  Id:    docker_plugin_remove_with_version
07:50:02 INFO  Dir:   plugin_docker/
07:50:02 INFO  Title: Validate docker plugin remove with version
07:50:02 INFO  ==============================================================
07:50:02 INFO  Testing the docker plugin is not supported on this platform.To run it, all the test with -XmyPlatform='container' ... skipped
07:50:02 WARN  Aborted test due to SKIPPED outcome
07:50:02 INFO  
07:50:02 INFO  Test duration: 0.00 secs
07:50:02 INFO  Test final outcome:  SKIPPED
07:50:02 INFO  Test outcome reason: Testing the docker plugin is not supported on this platform.To run it, all the test with -XmyPlatform='container'
07:50:02 INFO  
</system-out>
	</testcase>
</testsuite>
