<?xml version="1.0" encoding="utf-8"?>
<testsuite name="docker_plugin_finalize" tests="1" failures="0" skipped="1" time="0.0" timestamp="2022-05-03T07:41:34">
	<testcase classname="DockerPluginFinalizeTest" name="docker_plugin_finalize">
		<skipped message="SKIPPED: Testing the docker plugin is not supported on this platform.To run it, all the test with -XmyPlatform='container'"/>
		<system-out>07:41:34 INFO  ==============================================================
07:41:34 INFO  Id:    docker_plugin_finalize
07:41:34 INFO  Dir:   plugin_docker/
07:41:34 INFO  Title: Validate docker plugin finalize command
07:41:34 INFO  ==============================================================
07:41:34 INFO  Testing the docker plugin is not supported on this platform.To run it, all the test with -XmyPlatform='container' ... skipped
07:41:34 WARN  Aborted test due to SKIPPED outcome
07:41:34 INFO  
07:41:34 INFO  Test duration: 0.00 secs
07:41:34 INFO  Test final outcome:  SKIPPED
07:41:34 INFO  Test outcome reason: Testing the docker plugin is not supported on this platform.To run it, all the test with -XmyPlatform='container'
07:41:34 INFO  
</system-out>
	</testcase>
</testsuite>
