<?xml version="1.0" encoding="utf-8"?>
<testsuite name="monitoring_with_simulated_messages" tests="1" failures="0" skipped="1" time="0.0" timestamp="2022-05-23T09:04:20">
	<testcase classname="MonitoringWithSimulatedMessages" name="monitoring_with_simulated_messages">
		<skipped message="SKIPPED: Fails due to retained message"/>
		<system-out>09:04:20 INFO  ==============================================================
09:04:20 INFO  Id:    monitoring_with_simulated_messages
09:04:20 INFO  Dir:   monitoring/
09:04:20 INFO  Title: Validate the tedge dm agent messages that are produced from the simulated collectd messages
09:04:20 INFO  ==============================================================
09:04:20 INFO  Fails due to retained message ... skipped
09:04:20 INFO  
09:04:20 INFO  Test duration: 0.00 secs
09:04:20 INFO  Test final outcome:  SKIPPED
09:04:20 INFO  Test outcome reason: Fails due to retained message
09:04:20 INFO  
</system-out>
	</testcase>
</testsuite>
