<?xml version="1.0" encoding="utf-8"?>
<testsuite name="mapper_awaits_before_reconnect" tests="1" failures="0" skipped="0" time="34.26" timestamp="2022-05-04T08:04:15">
	<testcase classname="MapperReconnectAwait" name="mapper_awaits_before_reconnect"/>
</testsuite>
