<?xml version="1.0" encoding="utf-8"?>
<testsuite name="mqtt_port_change_connection_works" tests="1" failures="0" skipped="1" time="0.0" timestamp="2022-05-30T08:56:08">
	<testcase classname="MqttPortChangeConnectionWorks" name="mqtt_port_change_connection_works">
		<skipped message="SKIPPED: failing intermitently"/>
		<system-out>08:56:08 INFO  ==============================================================
08:56:08 INFO  Id:    mqtt_port_change_connection_works
08:56:08 INFO  Dir:   misc_features/
08:56:08 INFO  Title: mqtt port change connection works for all the thin-edge services that use the mosquitto broker
08:56:08 INFO  ==============================================================
08:56:08 INFO  failing intermitently ... skipped
08:56:08 INFO  
08:56:08 INFO  Test duration: 0.00 secs
08:56:08 INFO  Test final outcome:  SKIPPED
08:56:08 INFO  Test outcome reason: failing intermitently
08:56:08 INFO  
</system-out>
	</testcase>
</testsuite>
