<?xml version="1.0" encoding="utf-8"?>
<testsuite name="mapper_awaits_before_reconnect" tests="1" failures="0" skipped="0" time="34.64" timestamp="2022-05-16T07:21:27">
	<testcase classname="MapperReconnectAwait" name="mapper_awaits_before_reconnect"/>
</testsuite>
