<?xml version="1.0" encoding="utf-8"?>
<testsuite name="log_request_error_messages" tests="1" failures="0" skipped="1" time="0.09" timestamp="2022-05-23T09:02:33">
	<testcase classname="LogRequestVerifySearchTextError" name="log_request_error_messages">
		<skipped message="SKIPPED: Test execution disabled due to #1123"/>
		<system-out>09:02:33 INFO  ==============================================================
09:02:33 INFO  Id:    log_request_error_messages
09:02:33 INFO  Dir:   log_request_end_to_end/
09:02:33 INFO  Title: Validate end to end behaviour for the log request operation check for error messages
09:02:33 INFO  ==============================================================
09:02:33 INFO  Test execution disabled due to #1123 ... skipped
09:02:33 INFO  
09:02:33 INFO  Test duration: 0.09 secs
09:02:33 INFO  Test final outcome:  SKIPPED
09:02:33 INFO  Test outcome reason: Test execution disabled due to #1123
09:02:33 INFO  
</system-out>
	</testcase>
</testsuite>
