<?xml version="1.0" encoding="utf-8"?>
<testsuite name="apt_sequence_remove_with_version" tests="1" failures="0" skipped="1" time="0.0" timestamp="2022-05-30T08:57:27">
	<testcase classname="AptPluginRemoveWithVersion" name="apt_sequence_remove_with_version">
		<skipped message="SKIPPED: Testing the apt plugin is not supported on this platform.To run the tests call PySys with -XmyPlatform='container'"/>
		<system-out>08:57:27 INFO  ==============================================================
08:57:27 INFO  Id:    apt_sequence_remove_with_version
08:57:27 INFO  Dir:   plugin_apt/
08:57:27 INFO  Title: Validate apt plugin remove with version use case
08:57:27 INFO  ==============================================================
08:57:27 INFO  Testing the apt plugin is not supported on this platform.To run the tests call PySys with -XmyPlatform='container' ... skipped
08:57:27 WARN  Aborted test due to SKIPPED outcome
08:57:27 INFO  
08:57:27 INFO  Test duration: 0.00 secs
08:57:27 INFO  Test final outcome:  SKIPPED
08:57:27 INFO  Test outcome reason: Testing the apt plugin is not supported on this platform.To run the tests call PySys with -XmyPlatform='container'
08:57:27 INFO  
</system-out>
	</testcase>
</testsuite>
