<?xml version="1.0" encoding="utf-8"?>
<testsuite name="local_mqtt_sub_fail" tests="1" failures="0" skipped="0" time="10.33" timestamp="2022-05-02T14:51:24">
	<testcase classname="PySysTest" name="local_mqtt_sub_fail"/>
</testsuite>
