<?xml version="1.0" encoding="utf-8"?>
<testsuite name="pysys_fail" tests="1" failures="0" skipped="1" time="0.0" timestamp="2022-05-10T16:59:37">
	<testcase classname="Fail" name="pysys_fail">
		<skipped message="SKIPPED: Enable this to observe a failing test"/>
		<system-out>16:59:37 INFO  ==============================================================
16:59:37 INFO  Id:    pysys_fail
16:59:37 INFO  Dir:   misc_features/
16:59:37 INFO  Title: fail
16:59:37 INFO  ==============================================================
16:59:37 INFO  Enable this to observe a failing test ... skipped
16:59:37 INFO  
16:59:37 INFO  Test duration: 0.00 secs
16:59:37 INFO  Test final outcome:  SKIPPED
16:59:37 INFO  Test outcome reason: Enable this to observe a failing test
16:59:37 INFO  
</system-out>
	</testcase>
</testsuite>
