<?xml version="1.0" encoding="utf-8"?>
<testsuite name="mqtt_port_change_connection_works" tests="1" failures="0" skipped="1" time="0.0" timestamp="2022-05-23T09:03:01">
	<testcase classname="MqttPortChangeConnectionWorks" name="mqtt_port_change_connection_works">
		<skipped message="SKIPPED: failing intermitently"/>
		<system-out>09:03:01 INFO  ==============================================================
09:03:01 INFO  Id:    mqtt_port_change_connection_works
09:03:01 INFO  Dir:   misc_features/
09:03:01 INFO  Title: mqtt port change connection works for all the thin-edge services that use the mosquitto broker
09:03:01 INFO  ==============================================================
09:03:01 INFO  failing intermitently ... skipped
09:03:01 INFO  
09:03:01 INFO  Test duration: 0.00 secs
09:03:01 INFO  Test final outcome:  SKIPPED
09:03:01 INFO  Test outcome reason: failing intermitently
09:03:01 INFO  
</system-out>
	</testcase>
</testsuite>
