<?xml version="1.0" encoding="utf-8"?>
<testsuite name="call_tedge_-h_-V" tests="1" failures="1" skipped="0" time="0.13" timestamp="2022-05-30T09:07:27">
	<testcase classname="PySysTest" name="call_tedge_-h_-V">
		<failure message="FAILED: Grep on tedge.out contains &quot;tedge 0.6&quot;" type="FAILED"/>
		<system-out>09:07:27 INFO  ==============================================================
09:07:27 INFO  Id:    call_tedge_-h_-V
09:07:27 INFO  Dir:   tedge/
09:07:27 INFO  Title: Validate command line option -h -V
09:07:27 INFO  ==============================================================
09:07:27 INFO  Executed tedge, exit status 0
09:07:27 WARN  Grep on tedge.out contains &quot;tedge 0.6&quot; ... failed [run.py:32]
09:07:27 INFO  Grep on file tedge.out ... passed
09:07:27 INFO  
09:07:27 INFO  Test duration: 0.13 secs
09:07:27 INFO  Test final outcome:  FAILED
09:07:27 INFO  Test outcome reason: Grep on tedge.out contains &quot;tedge 0.6&quot;
09:07:27 INFO  
</system-out>
	</testcase>
</testsuite>
