<?xml version="1.0" encoding="utf-8"?>
<testsuite name="SoftwareManagement.Plugin.apama_plugin_remove" tests="1" failures="0" skipped="1" time="0.0" timestamp="2022-05-30T08:57:26">
	<testcase classname="ApamaPluginRemoveTest" name="SoftwareManagement.Plugin.apama_plugin_remove">
		<skipped message="SKIPPED: Apama plugin tests are disabled by default. Execute `pysys run` with `-XmyPlatform=container` to run these tests"/>
		<system-out>08:57:26 INFO  ==============================================================
08:57:26 INFO  Id:    SoftwareManagement.Plugin.apama_plugin_remove
08:57:26 INFO  Dir:   plugin_apama/
08:57:26 INFO  Title: Validate apama plugin remove
08:57:26 INFO  ==============================================================
08:57:26 INFO  Apama plugin tests are disabled by default. Execute `pysys run` with `-XmyPlatform=container` to run these tests ... skipped
08:57:26 WARN  Aborted test due to SKIPPED outcome
08:57:26 INFO  
08:57:26 INFO  Test duration: 0.00 secs
08:57:26 INFO  Test final outcome:  SKIPPED
08:57:26 INFO  Test outcome reason: Apama plugin tests are disabled by default. Execute `pysys run` with `-XmyPlatform=container` to run these tests
08:57:26 INFO  
</system-out>
	</testcase>
</testsuite>
