<?xml version="1.0" encoding="utf-8"?>
<testsuite name="local_mqtt_pub_sub_retain" tests="1" failures="1" skipped="0" time="3.63" timestamp="2022-05-10T19:13:53">
	<testcase classname="MqttPublishWithRetain" name="local_mqtt_pub_sub_retain">
		<failure message="FAILED: Grep on temp_sensor_sub.out contains &quot;\[test/alarms/temp_sensor\] alarm msg 2&quot; (+1 other failures)" type="FAILED"/>
		<system-out>19:13:49 INFO  ==============================================================
19:13:49 INFO  Id:    local_mqtt_pub_sub_retain
19:13:49 INFO  Dir:   local_mqtt/
19:13:49 INFO  Title: Validate local publishing with retain flag
19:13:49 INFO  ==============================================================
19:13:49 INFO  Executed tedge&lt;pub_to_set_alarm&gt;, exit status 0
19:13:49 INFO  Executed tedge&lt;pub_to_set_alarm&gt;, exit status 0
19:13:50 INFO  Started tedge&lt;temp_sensor_sub&gt; with process id 628820
19:13:51 INFO  Executed tedge&lt;pub_to_clear_alarm&gt;, exit status 0
19:13:52 INFO  Executed sudo&lt;kill_out&gt;, exit status 0
19:13:52 INFO  Executed tedge&lt;pub_to_clear_alarm&gt;, exit status 0
19:13:52 INFO  Started tedge&lt;temp_sensor_empty_message&gt; with process id 628825
19:13:53 INFO  Executed sudo&lt;kill_out&gt;, exit status 0
19:13:53 WARN  Grep on temp_sensor_sub.out contains &quot;\[test/alarms/temp_sensor\] alarm msg 2&quot; ... failed [run.py:136]
19:13:53 WARN  Grep on temp_sensor_sub.out contains &quot;\[test/alarms/temp_sensor\] &quot; ... failed [run.py:141]
19:13:53 INFO  Grep on file temp_sensor_empty_message.out ... passed
19:13:53 INFO  
19:13:53 INFO  Test duration: 3.63 secs
19:13:53 INFO  Test final outcome:  FAILED
19:13:53 INFO  Test outcome reason: Grep on temp_sensor_sub.out contains &quot;\[test/alarms/temp_sensor\] alarm msg 2&quot; (+1 other failures)
19:13:53 INFO  
</system-out>
	</testcase>
</testsuite>
