<?xml version="1.0" encoding="utf-8"?>
<testsuite name="pysys_block" tests="1" failures="0" skipped="1" time="0.0" timestamp="2022-05-23T09:03:34">
	<testcase classname="Fail" name="pysys_block">
		<skipped message="SKIPPED: Enable this to observe a blocking test"/>
		<system-out>09:03:34 INFO  ==============================================================
09:03:34 INFO  Id:    pysys_block
09:03:34 INFO  Dir:   misc_features/
09:03:34 INFO  Title: fail
09:03:34 INFO  ==============================================================
09:03:34 INFO  Enable this to observe a blocking test ... skipped
09:03:34 INFO  
09:03:34 INFO  Test duration: 0.00 secs
09:03:34 INFO  Test final outcome:  SKIPPED
09:03:34 INFO  Test outcome reason: Enable this to observe a blocking test
09:03:34 INFO  
</system-out>
	</testcase>
</testsuite>
