<?xml version="1.0" encoding="utf-8"?>
<testsuite name="apt_remove_fail" tests="1" failures="0" skipped="1" time="0.0" timestamp="2022-05-03T07:41:34">
	<testcase classname="AptPluginRemoveFails" name="apt_remove_fail">
		<skipped message="SKIPPED: Testing the apt plugin is not supported on this platform.To run the tests call PySys with -XmyPlatform='container'"/>
		<system-out>07:41:34 INFO  ==============================================================
07:41:34 INFO  Id:    apt_remove_fail
07:41:34 INFO  Dir:   plugin_apt/
07:41:34 INFO  Title: Validate apt plugin prepare - failing
07:41:34 INFO  ==============================================================
07:41:34 INFO  Testing the apt plugin is not supported on this platform.To run the tests call PySys with -XmyPlatform='container' ... skipped
07:41:34 WARN  Aborted test due to SKIPPED outcome
07:41:34 INFO  
07:41:34 INFO  Test duration: 0.00 secs
07:41:34 INFO  Test final outcome:  SKIPPED
07:41:34 INFO  Test outcome reason: Testing the apt plugin is not supported on this platform.To run the tests call PySys with -XmyPlatform='container'
07:41:34 INFO  
</system-out>
	</testcase>
</testsuite>
