<?xml version="1.0" encoding="utf-8"?>
<testsuite name="apt_install_local_file_with_version" tests="1" failures="0" skipped="1" time="0.0" timestamp="2022-05-23T09:04:20">
	<testcase classname="AptPluginInstallFromLocalFileWithVersion" name="apt_install_local_file_with_version">
		<skipped message="SKIPPED: Testing the apt plugin is not supported on this platform.To run the tests call PySys with -XmyPlatform='container'"/>
		<system-out>09:04:20 INFO  ==============================================================
09:04:20 INFO  Id:    apt_install_local_file_with_version
09:04:20 INFO  Dir:   plugin_apt/
09:04:20 INFO  Title: Validate apt plugin install from local file AND with a version - SUCCESS case
09:04:20 INFO  ==============================================================
09:04:20 INFO  Testing the apt plugin is not supported on this platform.To run the tests call PySys with -XmyPlatform='container' ... skipped
09:04:20 WARN  Aborted test due to SKIPPED outcome
09:04:20 INFO  
09:04:20 INFO  Test duration: 0.00 secs
09:04:20 INFO  Test final outcome:  SKIPPED
09:04:20 INFO  Test outcome reason: Testing the apt plugin is not supported on this platform.To run the tests call PySys with -XmyPlatform='container'
09:04:20 INFO  
</system-out>
	</testcase>
</testsuite>
