<?xml version="1.0" encoding="utf-8"?>
<testsuite name="call_tedge_-h_-V" tests="1" failures="1" skipped="0" time="0.12" timestamp="2022-05-23T09:14:21">
	<testcase classname="PySysTest" name="call_tedge_-h_-V">
		<failure message="FAILED: Grep on tedge.out contains &quot;tedge 0.6&quot;" type="FAILED"/>
		<system-out>09:14:21 INFO  ==============================================================
09:14:21 INFO  Id:    call_tedge_-h_-V
09:14:21 INFO  Dir:   tedge/
09:14:21 INFO  Title: Validate command line option -h -V
09:14:21 INFO  ==============================================================
09:14:21 INFO  Executed tedge, exit status 0
09:14:21 WARN  Grep on tedge.out contains &quot;tedge 0.6&quot; ... failed [run.py:32]
09:14:21 INFO  Grep on file tedge.out ... passed
09:14:21 INFO  
09:14:21 INFO  Test duration: 0.12 secs
09:14:21 INFO  Test final outcome:  FAILED
09:14:21 INFO  Test outcome reason: Grep on tedge.out contains &quot;tedge 0.6&quot;
09:14:21 INFO  
</system-out>
	</testcase>
</testsuite>
