<?xml version="1.0" encoding="utf-8"?>
<testsuite name="monitoring_with_simulated_messages" tests="1" failures="0" skipped="1" time="0.0" timestamp="2022-05-11T11:19:33">
	<testcase classname="MonitoringWithSimulatedMessages" name="monitoring_with_simulated_messages">
		<skipped message="SKIPPED: Fails due to retained message"/>
		<system-out>11:19:33 INFO  ==============================================================
11:19:33 INFO  Id:    monitoring_with_simulated_messages
11:19:33 INFO  Dir:   monitoring/
11:19:33 INFO  Title: Validate the tedge dm agent messages that are produced from the simulated collectd messages
11:19:33 INFO  ==============================================================
11:19:33 INFO  Fails due to retained message ... skipped
11:19:33 INFO  
11:19:33 INFO  Test duration: 0.00 secs
11:19:33 INFO  Test final outcome:  SKIPPED
11:19:33 INFO  Test outcome reason: Fails due to retained message
11:19:33 INFO  
</system-out>
	</testcase>
</testsuite>
