<?xml version="1.0" encoding="utf-8"?>
<testsuite name="SoftwareManagement.sm_apt_install_fail" tests="1" failures="0" skipped="1" time="0.0" timestamp="2022-05-10T17:10:22">
	<testcase classname="PySysTest" name="SoftwareManagement.sm_apt_install_fail">
		<skipped message="SKIPPED: Testing the apt plugin is not supported on this platform.Use parameter -XmyPlatform='container' to enable it"/>
		<system-out>17:10:22 INFO  ==============================================================
17:10:22 INFO  Id:    SoftwareManagement.sm_apt_install_fail
17:10:22 INFO  Dir:   software_management_end_to_end/
17:10:22 INFO  Title: Validate end to end behaviour for a failing installation
17:10:22 INFO  ==============================================================
17:10:22 INFO  Testing the apt plugin is not supported on this platform.Use parameter -XmyPlatform='container' to enable it ... skipped
17:10:22 WARN  Aborted test due to SKIPPED outcome
17:10:22 INFO  
17:10:22 INFO  Test duration: 0.00 secs
17:10:22 INFO  Test final outcome:  SKIPPED
17:10:22 INFO  Test outcome reason: Testing the apt plugin is not supported on this platform.Use parameter -XmyPlatform='container' to enable it
17:10:22 INFO  
</system-out>
	</testcase>
</testsuite>
