<?xml version="1.0" encoding="utf-8"?>
<testsuite name="SoftwareManagement.sm_fake_install_remove_multiple" tests="1" failures="0" skipped="1" time="0.01" timestamp="2022-05-30T09:07:26">
	<testcase classname="PySysTest" name="SoftwareManagement.sm_fake_install_remove_multiple">
		<skipped message="SKIPPED: Testing the fake plugin is not enabled.Use parameter -Xfakeplugin=fakeplugin to enable it"/>
		<system-out>09:07:26 INFO  ==============================================================
09:07:26 INFO  Id:    SoftwareManagement.sm_fake_install_remove_multiple
09:07:26 INFO  Dir:   software_management_end_to_end/
09:07:26 INFO  Title: Validate end to end behaviour for the dummy-plugin for multiple packages
09:07:26 INFO  ==============================================================
09:07:26 INFO  Testing the fake plugin is not enabled.Use parameter -Xfakeplugin=fakeplugin to enable it ... skipped
09:07:26 WARN  Aborted test due to SKIPPED outcome
09:07:26 INFO  
09:07:26 INFO  Test duration: 0.01 secs
09:07:26 INFO  Test final outcome:  SKIPPED
09:07:26 INFO  Test outcome reason: Testing the fake plugin is not enabled.Use parameter -Xfakeplugin=fakeplugin to enable it
09:07:26 INFO  
</system-out>
	</testcase>
</testsuite>
