<?xml version="1.0" encoding="utf-8"?>
<testsuite name="valid_device_id" tests="1" failures="0" skipped="0" time="45.47" timestamp="2022-05-11T11:19:33">
	<testcase classname="ValidateValidDeviceId" name="valid_device_id"/>
</testsuite>
