<?xml version="1.0" encoding="utf-8"?>
<testsuite name="SoftwareManagement.sm_apt_install_remove_with_version" tests="1" failures="0" skipped="1" time="0.0" timestamp="2022-05-03T07:51:31">
	<testcase classname="PySysTest" name="SoftwareManagement.sm_apt_install_remove_with_version">
		<skipped message="SKIPPED: Testing the apt plugin is not supported on this platform.Use parameter -XmyPlatform='container' to enable it"/>
		<system-out>07:51:31 INFO  ==============================================================
07:51:31 INFO  Id:    SoftwareManagement.sm_apt_install_remove_with_version
07:51:31 INFO  Dir:   software_management_end_to_end/
07:51:31 INFO  Title: Validate end to end behaviour for the apt plugin for packages with version
07:51:31 INFO  ==============================================================
07:51:31 INFO  Testing the apt plugin is not supported on this platform.Use parameter -XmyPlatform='container' to enable it ... skipped
07:51:31 WARN  Aborted test due to SKIPPED outcome
07:51:31 INFO  
07:51:31 INFO  Test duration: 0.00 secs
07:51:31 INFO  Test final outcome:  SKIPPED
07:51:31 INFO  Test outcome reason: Testing the apt plugin is not supported on this platform.Use parameter -XmyPlatform='container' to enable it
07:51:31 INFO  
</system-out>
	</testcase>
</testsuite>
