<?xml version="1.0" encoding="utf-8"?>
<testsuite name="SoftwareManagement.Plugin.apama_plugin_update" tests="1" failures="0" skipped="1" time="0.0" timestamp="2022-05-09T06:46:24">
	<testcase classname="ApamaPluginUpdateTest" name="SoftwareManagement.Plugin.apama_plugin_update">
		<skipped message="SKIPPED: Test execution disabled due to #1052"/>
		<system-out>06:46:24 INFO  ==============================================================
06:46:24 INFO  Id:    SoftwareManagement.Plugin.apama_plugin_update
06:46:24 INFO  Dir:   plugin_apama/
06:46:24 INFO  Title: Validate apama plugin updating one project with another
06:46:24 INFO  ==============================================================
06:46:24 INFO  Test execution disabled due to #1052 ... skipped
06:46:24 INFO  
06:46:24 INFO  Test duration: 0.00 secs
06:46:24 INFO  Test final outcome:  SKIPPED
06:46:24 INFO  Test outcome reason: Test execution disabled due to #1052
06:46:24 INFO  
</system-out>
	</testcase>
</testsuite>
