<?xml version="1.0" encoding="utf-8"?>
<testsuite name="log_request_error_messages" tests="1" failures="0" skipped="1" time="0.08" timestamp="2022-05-10T19:14:05">
	<testcase classname="LogRequestVerifySearchTextError" name="log_request_error_messages">
		<skipped message="SKIPPED: Test execution disabled due to #1123"/>
		<system-out>19:14:05 INFO  ==============================================================
19:14:05 INFO  Id:    log_request_error_messages
19:14:05 INFO  Dir:   log_request_end_to_end/
19:14:05 INFO  Title: Validate end to end behaviour for the log request operation check for error messages
19:14:05 INFO  ==============================================================
19:14:05 INFO  Test execution disabled due to #1123 ... skipped
19:14:05 INFO  
19:14:05 INFO  Test duration: 0.08 secs
19:14:05 INFO  Test final outcome:  SKIPPED
19:14:05 INFO  Test outcome reason: Test execution disabled due to #1123
19:14:05 INFO  
</system-out>
	</testcase>
</testsuite>
