<?xml version="1.0" encoding="utf-8"?>
<testsuite name="invalid_device_id" tests="1" failures="0" skipped="0" time="0.72" timestamp="2022-05-16T07:05:54">
	<testcase classname="InvalidDeviceId" name="invalid_device_id"/>
</testsuite>
