<?xml version="1.0" encoding="utf-8"?>
<testsuite name="pysys_fail" tests="1" failures="0" skipped="1" time="0.0" timestamp="2022-05-02T14:53:51">
	<testcase classname="Fail" name="pysys_fail">
		<skipped message="SKIPPED: Enable this to observe a failing test"/>
		<system-out>14:53:51 INFO  ==============================================================
14:53:51 INFO  Id:    pysys_fail
14:53:51 INFO  Dir:   misc_features/
14:53:51 INFO  Title: fail
14:53:51 INFO  ==============================================================
14:53:51 INFO  Enable this to observe a failing test ... skipped
14:53:51 INFO  
14:53:51 INFO  Test duration: 0.00 secs
14:53:51 INFO  Test final outcome:  SKIPPED
14:53:51 INFO  Test outcome reason: Enable this to observe a failing test
14:53:51 INFO  
</system-out>
	</testcase>
</testsuite>
