<?xml version="1.0" encoding="utf-8"?>
<testsuite name="SoftwareManagement.Plugin.apama_plugin_remove" tests="1" failures="0" skipped="1" time="0.0" timestamp="2022-05-23T09:04:20">
	<testcase classname="ApamaPluginRemoveTest" name="SoftwareManagement.Plugin.apama_plugin_remove">
		<skipped message="SKIPPED: Apama plugin tests are disabled by default. Execute `pysys run` with `-XmyPlatform=container` to run these tests"/>
		<system-out>09:04:20 INFO  ==============================================================
09:04:20 INFO  Id:    SoftwareManagement.Plugin.apama_plugin_remove
09:04:20 INFO  Dir:   plugin_apama/
09:04:20 INFO  Title: Validate apama plugin remove
09:04:20 INFO  ==============================================================
09:04:20 INFO  Apama plugin tests are disabled by default. Execute `pysys run` with `-XmyPlatform=container` to run these tests ... skipped
09:04:20 WARN  Aborted test due to SKIPPED outcome
09:04:20 INFO  
09:04:20 INFO  Test duration: 0.00 secs
09:04:20 INFO  Test final outcome:  SKIPPED
09:04:20 INFO  Test outcome reason: Apama plugin tests are disabled by default. Execute `pysys run` with `-XmyPlatform=container` to run these tests
09:04:20 INFO  
</system-out>
	</testcase>
</testsuite>
