<?xml version="1.0" encoding="utf-8"?>
<testsuite name="monitoring_with_collectd" tests="1" failures="0" skipped="1" time="0.0" timestamp="2022-05-11T11:19:33">
	<testcase classname="MonitoringWithCollectd" name="monitoring_with_collectd">
		<skipped message="SKIPPED: Test execution disabled due to #792 (instable)"/>
		<system-out>11:19:33 INFO  ==============================================================
11:19:33 INFO  Id:    monitoring_with_collectd
11:19:33 INFO  Dir:   monitoring/
11:19:33 INFO  Title: Validate tedge dm agent messages that are produced by batching the collectd messages
11:19:33 INFO  ==============================================================
11:19:33 INFO  Test execution disabled due to #792 (instable) ... skipped
11:19:33 INFO  
11:19:33 INFO  Test duration: 0.00 secs
11:19:33 INFO  Test final outcome:  SKIPPED
11:19:33 INFO  Test outcome reason: Test execution disabled due to #792 (instable)
11:19:33 INFO  
</system-out>
	</testcase>
</testsuite>
