<?xml version="1.0" encoding="utf-8"?>
<testsuite name="c8y_jwt_token_retrieval" tests="1" failures="0" skipped="0" time="33.12" timestamp="2022-05-23T09:01:36">
	<testcase classname="ValidateJWTTokenRetrieval" name="c8y_jwt_token_retrieval"/>
</testsuite>
