<?xml version="1.0" encoding="utf-8"?>
<testsuite name="smoketest_json_400_samples_10ms" tests="1" failures="0" skipped="0" time="67.06" timestamp="2022-05-11T11:24:34">
	<testcase classname="SmoketestJson400Samples10ms" name="smoketest_json_400_samples_10ms"/>
</testsuite>
