<?xml version="1.0" encoding="utf-8"?>
<testsuite name="tedge_agent_user_sudo_access" tests="1" failures="0" skipped="1" time="0.0" timestamp="2022-05-04T08:00:01">
	<testcase classname="TedgeAgentUserSudoAccess" name="tedge_agent_user_sudo_access">
		<skipped message="SKIPPED: #955 Observation: Exit code of the apt plugin when called with no arguments"/>
		<system-out>08:00:01 INFO  ==============================================================
08:00:01 INFO  Id:    tedge_agent_user_sudo_access
08:00:01 INFO  Dir:   tedge/
08:00:01 INFO  Title: Validate tedge-agent user has a limited sudo right
08:00:01 INFO  ==============================================================
08:00:01 INFO  #955 Observation: Exit code of the apt plugin when called with no arguments ... skipped
08:00:01 INFO  
08:00:01 INFO  Test duration: 0.00 secs
08:00:01 INFO  Test final outcome:  SKIPPED
08:00:01 INFO  Test outcome reason: #955 Observation: Exit code of the apt plugin when called with no arguments
08:00:01 INFO  
</system-out>
	</testcase>
</testsuite>
