<?xml version="1.0" encoding="utf-8"?>
<testsuite name="local_mqtt_pub_sub_retain" tests="1" failures="1" skipped="0" time="3.63" timestamp="2022-05-10T16:58:25">
	<testcase classname="MqttPublishWithRetain" name="local_mqtt_pub_sub_retain">
		<failure message="FAILED: Grep on temp_sensor_sub.out contains &quot;\[test/alarms/temp_sensor\] alarm msg 2&quot; (+1 other failures)" type="FAILED"/>
		<system-out>16:58:21 INFO  ==============================================================
16:58:21 INFO  Id:    local_mqtt_pub_sub_retain
16:58:21 INFO  Dir:   local_mqtt/
16:58:21 INFO  Title: Validate local publishing with retain flag
16:58:21 INFO  ==============================================================
16:58:22 INFO  Executed tedge&lt;pub_to_set_alarm&gt;, exit status 0
16:58:22 INFO  Executed tedge&lt;pub_to_set_alarm&gt;, exit status 0
16:58:23 INFO  Started tedge&lt;temp_sensor_sub&gt; with process id 578297
16:58:23 INFO  Executed tedge&lt;pub_to_clear_alarm&gt;, exit status 0
16:58:24 INFO  Executed sudo&lt;kill_out&gt;, exit status 0
16:58:24 INFO  Executed tedge&lt;pub_to_clear_alarm&gt;, exit status 0
16:58:24 INFO  Started tedge&lt;temp_sensor_empty_message&gt; with process id 578303
16:58:25 INFO  Executed sudo&lt;kill_out&gt;, exit status 0
16:58:25 WARN  Grep on temp_sensor_sub.out contains &quot;\[test/alarms/temp_sensor\] alarm msg 2&quot; ... failed [run.py:136]
16:58:25 WARN  Grep on temp_sensor_sub.out contains &quot;\[test/alarms/temp_sensor\] &quot; ... failed [run.py:141]
16:58:25 INFO  Grep on file temp_sensor_empty_message.out ... passed
16:58:25 INFO  
16:58:25 INFO  Test duration: 3.63 secs
16:58:25 INFO  Test final outcome:  FAILED
16:58:25 INFO  Test outcome reason: Grep on temp_sensor_sub.out contains &quot;\[test/alarms/temp_sensor\] alarm msg 2&quot; (+1 other failures)
16:58:25 INFO  
</system-out>
	</testcase>
</testsuite>
