<?xml version="1.0" encoding="utf-8"?>
<testsuite name="publish_sawmill" tests="1" failures="0" skipped="0" time="89.32" timestamp="2022-05-02T14:57:33">
	<testcase classname="PublishSawmill" name="publish_sawmill"/>
</testsuite>
