<?xml version="1.0" encoding="utf-8"?>
<testsuite name="monitoring_smaller_interval" tests="1" failures="0" skipped="1" time="0.0" timestamp="2022-05-11T11:19:33">
	<testcase classname="MonitoringSmallInterval" name="monitoring_smaller_interval">
		<skipped message="SKIPPED: Fails due to retained message"/>
		<system-out>11:19:33 INFO  ==============================================================
11:19:33 INFO  Id:    monitoring_smaller_interval
11:19:33 INFO  Dir:   monitoring/
11:19:33 INFO  Title: Validate the tedge dm agent messages that are produced with smaller sampling interval than the batching window. Here the simulated collectd messages are used
11:19:33 INFO  ==============================================================
11:19:33 INFO  Fails due to retained message ... skipped
11:19:33 INFO  
11:19:33 INFO  Test duration: 0.00 secs
11:19:33 INFO  Test final outcome:  SKIPPED
11:19:33 INFO  Test outcome reason: Fails due to retained message
11:19:33 INFO  
</system-out>
	</testcase>
</testsuite>
