<?xml version="1.0" encoding="utf-8"?>
<testsuite name="mqtt_port_change_connection_works" tests="1" failures="0" skipped="1" time="0.0" timestamp="2022-05-04T07:48:45">
	<testcase classname="MqttPortChangeConnectionWorks" name="mqtt_port_change_connection_works">
		<skipped message="SKIPPED: failing intermitently"/>
		<system-out>07:48:45 INFO  ==============================================================
07:48:45 INFO  Id:    mqtt_port_change_connection_works
07:48:45 INFO  Dir:   misc_features/
07:48:45 INFO  Title: mqtt port change connection works for all the thin-edge services that use the mosquitto broker
07:48:45 INFO  ==============================================================
07:48:45 INFO  failing intermitently ... skipped
07:48:45 INFO  
07:48:45 INFO  Test duration: 0.00 secs
07:48:45 INFO  Test final outcome:  SKIPPED
07:48:45 INFO  Test outcome reason: failing intermitently
07:48:45 INFO  
</system-out>
	</testcase>
</testsuite>
