<?xml version="1.0" encoding="utf-8"?>
<testsuite name="log_request_error_messages" tests="1" failures="0" skipped="1" time="0.14" timestamp="2022-05-30T08:55:41">
	<testcase classname="LogRequestVerifySearchTextError" name="log_request_error_messages">
		<skipped message="SKIPPED: Test execution disabled due to #1123"/>
		<system-out>08:55:41 INFO  ==============================================================
08:55:41 INFO  Id:    log_request_error_messages
08:55:41 INFO  Dir:   log_request_end_to_end/
08:55:41 INFO  Title: Validate end to end behaviour for the log request operation check for error messages
08:55:41 INFO  ==============================================================
08:55:41 INFO  Test execution disabled due to #1123 ... skipped
08:55:41 INFO  
08:55:41 INFO  Test duration: 0.14 secs
08:55:41 INFO  Test final outcome:  SKIPPED
08:55:41 INFO  Test outcome reason: Test execution disabled due to #1123
08:55:41 INFO  
</system-out>
	</testcase>
</testsuite>
