<?xml version="1.0" encoding="utf-8"?>
<testsuite name="call_tedge_-h" tests="1" failures="0" skipped="0" time="0.1" timestamp="2022-05-16T07:17:11">
	<testcase classname="PySysTest" name="call_tedge_-h"/>
</testsuite>
