<?xml version="1.0" encoding="utf-8"?>
<testsuite name="agent_init_session" tests="1" failures="0" skipped="0" time="2.73" timestamp="2022-05-02T15:05:18">
	<testcase classname="AgentInitSession" name="agent_init_session"/>
</testsuite>
