<?xml version="1.0" encoding="utf-8"?>
<testsuite name="pysys_block" tests="1" failures="0" skipped="1" time="0.0" timestamp="2022-05-04T07:49:18">
	<testcase classname="Fail" name="pysys_block">
		<skipped message="SKIPPED: Enable this to observe a blocking test"/>
		<system-out>07:49:18 INFO  ==============================================================
07:49:18 INFO  Id:    pysys_block
07:49:18 INFO  Dir:   misc_features/
07:49:18 INFO  Title: fail
07:49:18 INFO  ==============================================================
07:49:18 INFO  Enable this to observe a blocking test ... skipped
07:49:18 INFO  
07:49:18 INFO  Test duration: 0.00 secs
07:49:18 INFO  Test final outcome:  SKIPPED
07:49:18 INFO  Test outcome reason: Enable this to observe a blocking test
07:49:18 INFO  
</system-out>
	</testcase>
</testsuite>
