<?xml version="1.0" encoding="utf-8"?>
<testsuite name="apt_prepare_install_finalize" tests="1" failures="0" skipped="1" time="0.0" timestamp="2022-05-02T14:54:35">
	<testcase classname="AptPluginPrepareInstallFinalize" name="apt_prepare_install_finalize">
		<skipped message="SKIPPED: Testing the apt plugin is not supported on this platform.To run the tests call PySys with -XmyPlatform='container'"/>
		<system-out>14:54:35 INFO  ==============================================================
14:54:35 INFO  Id:    apt_prepare_install_finalize
14:54:35 INFO  Dir:   plugin_apt/
14:54:35 INFO  Title: Validate apt plugin install use case
14:54:35 INFO  ==============================================================
14:54:35 INFO  Testing the apt plugin is not supported on this platform.To run the tests call PySys with -XmyPlatform='container' ... skipped
14:54:35 WARN  Aborted test due to SKIPPED outcome
14:54:35 INFO  
14:54:35 INFO  Test duration: 0.00 secs
14:54:35 INFO  Test final outcome:  SKIPPED
14:54:35 INFO  Test outcome reason: Testing the apt plugin is not supported on this platform.To run the tests call PySys with -XmyPlatform='container'
14:54:35 INFO  
</system-out>
	</testcase>
</testsuite>
