<?xml version="1.0" encoding="utf-8"?>
<testsuite name="log_request_error_messages" tests="1" failures="0" skipped="1" time="0.08" timestamp="2022-05-16T07:05:28">
	<testcase classname="LogRequestVerifySearchTextError" name="log_request_error_messages">
		<skipped message="SKIPPED: Test execution disabled due to #1123"/>
		<system-out>07:05:27 INFO  ==============================================================
07:05:27 INFO  Id:    log_request_error_messages
07:05:27 INFO  Dir:   log_request_end_to_end/
07:05:27 INFO  Title: Validate end to end behaviour for the log request operation check for error messages
07:05:27 INFO  ==============================================================
07:05:28 INFO  Test execution disabled due to #1123 ... skipped
07:05:28 INFO  
07:05:28 INFO  Test duration: 0.08 secs
07:05:28 INFO  Test final outcome:  SKIPPED
07:05:28 INFO  Test outcome reason: Test execution disabled due to #1123
07:05:28 INFO  
</system-out>
	</testcase>
</testsuite>
