<?xml version="1.0" encoding="utf-8"?>
<testsuite name="publish_flux" tests="1" failures="0" skipped="0" time="88.72" timestamp="2022-05-23T09:05:49">
	<testcase classname="PublishFlux" name="publish_flux"/>
</testsuite>
