<?xml version="1.0" encoding="utf-8"?>
<testsuite name="smoketest_json_400_samples_10ms" tests="1" failures="0" skipped="0" time="66.97" timestamp="2022-05-10T19:20:50">
	<testcase classname="SmoketestJson400Samples10ms" name="smoketest_json_400_samples_10ms"/>
</testsuite>
