<?xml version="1.0" encoding="utf-8"?>
<testsuite name="runtime_start_two_mappers" tests="1" failures="1" skipped="0" time="0.41" timestamp="2022-05-03T07:55:45">
	<testcase classname="RuntimeMultiMappers" name="runtime_start_two_mappers">
		<failure message="FAILED: Grep on tedge_mapper2.err contains &quot;Error: Couldn't acquire file lock.&quot;" type="FAILED"/>
		<system-out>07:55:45 INFO  ==============================================================
07:55:45 INFO  Id:    runtime_start_two_mappers
07:55:45 INFO  Dir:   tedge_mapper_c8y/
07:55:45 INFO  Title: Validate two mappers can't be started at the same time
07:55:45 INFO  ==============================================================
07:55:45 INFO  Executed sudo&lt;tedge_mapper1&gt;, exit status 0
07:55:45 INFO  Waiting for 0.1 seconds
07:55:45 INFO  Executed sudo&lt;tedge_mapper2&gt;, exit status 1
07:55:45 INFO  Executed sudo&lt;tedge_mapper1&gt;, exit status 0
07:55:45 WARN  Grep on tedge_mapper2.err contains &quot;Error: Couldn't acquire file lock.&quot; ... failed [run.py:45]
07:55:45 INFO  
07:55:46 INFO  Test duration: 0.41 secs
07:55:46 INFO  Test final outcome:  FAILED
07:55:46 INFO  Test outcome reason: Grep on tedge_mapper2.err contains &quot;Error: Couldn't acquire file lock.&quot;
07:55:46 INFO  
</system-out>
	</testcase>
</testsuite>
