<?xml version="1.0" encoding="utf-8"?>
<testsuite name="log_request_error_messages" tests="1" failures="0" skipped="1" time="0.12" timestamp="2022-05-09T06:44:39">
	<testcase classname="LogRequestVerifySearchTextError" name="log_request_error_messages">
		<skipped message="SKIPPED: Test execution disabled due to #1123"/>
		<system-out>06:44:39 INFO  ==============================================================
06:44:39 INFO  Id:    log_request_error_messages
06:44:39 INFO  Dir:   log_request_end_to_end/
06:44:39 INFO  Title: Validate end to end behaviour for the log request operation check for error messages
06:44:39 INFO  ==============================================================
06:44:39 INFO  Test execution disabled due to #1123 ... skipped
06:44:39 INFO  
06:44:39 INFO  Test duration: 0.12 secs
06:44:39 INFO  Test final outcome:  SKIPPED
06:44:39 INFO  Test outcome reason: Test execution disabled due to #1123
06:44:39 INFO  
</system-out>
	</testcase>
</testsuite>
