<?xml version="1.0" encoding="utf-8"?>
<testsuite name="publish_sawmill" tests="1" failures="0" skipped="0" time="89.6" timestamp="2022-05-10T17:03:21">
	<testcase classname="PublishSawmill" name="publish_sawmill"/>
</testsuite>
