<?xml version="1.0" encoding="utf-8"?>
<testsuite name="monitoring_with_simulated_messages" tests="1" failures="0" skipped="1" time="0.0" timestamp="2022-05-30T08:57:26">
	<testcase classname="MonitoringWithSimulatedMessages" name="monitoring_with_simulated_messages">
		<skipped message="SKIPPED: Fails due to retained message"/>
		<system-out>08:57:26 INFO  ==============================================================
08:57:26 INFO  Id:    monitoring_with_simulated_messages
08:57:26 INFO  Dir:   monitoring/
08:57:26 INFO  Title: Validate the tedge dm agent messages that are produced from the simulated collectd messages
08:57:26 INFO  ==============================================================
08:57:26 INFO  Fails due to retained message ... skipped
08:57:26 INFO  
08:57:26 INFO  Test duration: 0.00 secs
08:57:26 INFO  Test final outcome:  SKIPPED
08:57:26 INFO  Test outcome reason: Fails due to retained message
08:57:26 INFO  
</system-out>
	</testcase>
</testsuite>
