<?xml version="1.0" encoding="utf-8"?>
<testsuite name="smoketest_json_400_samples_20ms" tests="1" failures="0" skipped="0" time="66.89" timestamp="2022-05-03T07:47:41">
	<testcase classname="SmoketestJson400Samples20ms" name="smoketest_json_400_samples_20ms"/>
</testsuite>
