<?xml version="1.0" encoding="utf-8"?>
<testsuite name="SoftwareManagement.sm_docker_install_remove_multiple" tests="1" failures="0" skipped="1" time="0.0" timestamp="2022-05-10T19:25:48">
	<testcase classname="SMDockerInstallRemove" name="SoftwareManagement.sm_docker_install_remove_multiple">
		<skipped message="SKIPPED: Testing the apt plugin is not supported on this platform.Use parameter -XmyPlatform='container' to enable it"/>
		<system-out>19:25:48 INFO  ==============================================================
19:25:48 INFO  Id:    SoftwareManagement.sm_docker_install_remove_multiple
19:25:48 INFO  Dir:   software_management_end_to_end/
19:25:48 INFO  Title: Validate end to end behaviour for the docker plugin for multiple docker images with mixed versions
19:25:48 INFO  ==============================================================
19:25:48 INFO  Testing the apt plugin is not supported on this platform.Use parameter -XmyPlatform='container' to enable it ... skipped
19:25:48 WARN  Aborted test due to SKIPPED outcome
19:25:48 INFO  
19:25:48 INFO  Test duration: 0.00 secs
19:25:48 INFO  Test final outcome:  SKIPPED
19:25:48 INFO  Test outcome reason: Testing the apt plugin is not supported on this platform.Use parameter -XmyPlatform='container' to enable it
19:25:48 INFO  
</system-out>
	</testcase>
</testsuite>
