<?xml version="1.0" encoding="utf-8"?>
<testsuite name="SoftwareManagement.sm_docker_install_remove_multiple" tests="1" failures="0" skipped="1" time="0.0" timestamp="2022-05-04T07:59:56">
	<testcase classname="SMDockerInstallRemove" name="SoftwareManagement.sm_docker_install_remove_multiple">
		<skipped message="SKIPPED: Testing the apt plugin is not supported on this platform.Use parameter -XmyPlatform='container' to enable it"/>
		<system-out>07:59:56 INFO  ==============================================================
07:59:56 INFO  Id:    SoftwareManagement.sm_docker_install_remove_multiple
07:59:56 INFO  Dir:   software_management_end_to_end/
07:59:56 INFO  Title: Validate end to end behaviour for the docker plugin for multiple docker images with mixed versions
07:59:56 INFO  ==============================================================
07:59:56 INFO  Testing the apt plugin is not supported on this platform.Use parameter -XmyPlatform='container' to enable it ... skipped
07:59:56 WARN  Aborted test due to SKIPPED outcome
07:59:56 INFO  
07:59:56 INFO  Test duration: 0.00 secs
07:59:56 INFO  Test final outcome:  SKIPPED
07:59:56 INFO  Test outcome reason: Testing the apt plugin is not supported on this platform.Use parameter -XmyPlatform='container' to enable it
07:59:56 INFO  
</system-out>
	</testcase>
</testsuite>
