<?xml version="1.0" encoding="utf-8"?>
<testsuite name="mqtt_port_change_connection_works" tests="1" failures="0" skipped="1" time="0.0" timestamp="2022-05-02T14:53:18">
	<testcase classname="MqttPortChangeConnectionWorks" name="mqtt_port_change_connection_works">
		<skipped message="SKIPPED: failing intermitently"/>
		<system-out>14:53:18 INFO  ==============================================================
14:53:18 INFO  Id:    mqtt_port_change_connection_works
14:53:18 INFO  Dir:   misc_features/
14:53:18 INFO  Title: mqtt port change connection works for all the thin-edge services that use the mosquitto broker
14:53:18 INFO  ==============================================================
14:53:18 INFO  failing intermitently ... skipped
14:53:18 INFO  
14:53:18 INFO  Test duration: 0.00 secs
14:53:18 INFO  Test final outcome:  SKIPPED
14:53:18 INFO  Test outcome reason: failing intermitently
14:53:18 INFO  
</system-out>
	</testcase>
</testsuite>
