<?xml version="1.0" encoding="utf-8"?>
<testsuite name="tedge_mapper_c8y_child_device_measurement" tests="1" failures="0" skipped="1" time="0.0" timestamp="2022-05-10T17:16:08">
	<testcase classname="TedgeMapperC8yChildDevice" name="tedge_mapper_c8y_child_device_measurement">
		<skipped message="SKIPPED: Test execution disabled due to #1088"/>
		<system-out>17:16:08 INFO  ==============================================================
17:16:08 INFO  Id:    tedge_mapper_c8y_child_device_measurement
17:16:08 INFO  Dir:   tedge_mapper_c8y/
17:16:08 INFO  Title: Validate that measurements sent to tedge/measurements/child topic gets mapped as the child device's measurement in Cumulocity
17:16:08 INFO  ==============================================================
17:16:08 INFO  Test execution disabled due to #1088 ... skipped
17:16:08 INFO  
17:16:08 INFO  Test duration: 0.00 secs
17:16:08 INFO  Test final outcome:  SKIPPED
17:16:08 INFO  Test outcome reason: Test execution disabled due to #1088
17:16:08 INFO  
</system-out>
	</testcase>
</testsuite>
