<?xml version="1.0" encoding="utf-8"?>
<testsuite name="SoftwareManagement.sm_fake_install_remove" tests="1" failures="0" skipped="1" time="0.0" timestamp="2022-05-23T09:14:21">
	<testcase classname="PySysTest" name="SoftwareManagement.sm_fake_install_remove">
		<skipped message="SKIPPED: Testing the fake plugin is not enabled.Use parameter -Xfakeplugin=fakeplugin to enable it"/>
		<system-out>09:14:21 INFO  ==============================================================
09:14:21 INFO  Id:    SoftwareManagement.sm_fake_install_remove
09:14:21 INFO  Dir:   software_management_end_to_end/
09:14:21 INFO  Title: Validate end to end behaviour for the dummy plugin for installation and removal of packages
09:14:21 INFO  ==============================================================
09:14:21 INFO  Testing the fake plugin is not enabled.Use parameter -Xfakeplugin=fakeplugin to enable it ... skipped
09:14:21 WARN  Aborted test due to SKIPPED outcome
09:14:21 INFO  
09:14:21 INFO  Test duration: 0.00 secs
09:14:21 INFO  Test final outcome:  SKIPPED
09:14:21 INFO  Test outcome reason: Testing the fake plugin is not enabled.Use parameter -Xfakeplugin=fakeplugin to enable it
09:14:21 INFO  
</system-out>
	</testcase>
</testsuite>
