<?xml version="1.0" encoding="utf-8"?>
<testsuite name="docker_plugin_install" tests="1" failures="0" skipped="1" time="0.0" timestamp="2022-05-30T08:57:27">
	<testcase classname="DockerPluginInstallTest" name="docker_plugin_install">
		<skipped message="SKIPPED: Testing the docker plugin is not supported on this platform.To run it, all the test with -XmyPlatform='container'"/>
		<system-out>08:57:27 INFO  ==============================================================
08:57:27 INFO  Id:    docker_plugin_install
08:57:27 INFO  Dir:   plugin_docker/
08:57:27 INFO  Title: Validate docker plugin install
08:57:27 INFO  ==============================================================
08:57:27 INFO  Testing the docker plugin is not supported on this platform.To run it, all the test with -XmyPlatform='container' ... skipped
08:57:27 WARN  Aborted test due to SKIPPED outcome
08:57:27 INFO  
08:57:27 INFO  Test duration: 0.00 secs
08:57:27 INFO  Test final outcome:  SKIPPED
08:57:27 INFO  Test outcome reason: Testing the docker plugin is not supported on this platform.To run it, all the test with -XmyPlatform='container'
08:57:27 INFO  
</system-out>
	</testcase>
</testsuite>
