<?xml version="1.0" encoding="utf-8"?>
<testsuite name="log_request_num_lines" tests="1" failures="1" skipped="0" time="42.69" timestamp="2022-05-02T14:52:51">
	<testcase classname="LogRequestVerifyNumberOfLines" name="log_request_num_lines">
		<failure message="FAILED: Assert that (True == value) with value=False" type="FAILED"/>
		<system-out>14:52:08 INFO  ==============================================================
14:52:08 INFO  Id:    log_request_num_lines
14:52:08 INFO  Dir:   log_request_end_to_end/
14:52:08 INFO  Title: Validate end to end behaviour for the log request operation check for number of lines
14:52:08 INFO  ==============================================================
14:52:08 INFO  EnvironmentC8y Setup
14:52:08 INFO  Executed systemctl&lt;serv_mapper1&gt;, exit status 3
14:52:08 INFO  Restarting mosquitto too frequently in the last 10 seconds. It was only up for 1 seconds
14:52:08 INFO  Delaying execution by 10 seconds
14:52:35 INFO  Executed sudo&lt;tedge_connect_c8y&gt;, exit status 0, duration 17 secs
14:52:36 INFO  Executed sudo&lt;tedge_connect_c8y_test&gt;, exit status 0
14:52:36 INFO  Executed systemctl&lt;serv_mosq2&gt;, exit status 0
14:52:36 INFO  Executed systemctl&lt;serv_mapper3&gt;, exit status 0
14:52:36 INFO  Executed sudo&lt;rm_logs&gt;, exit status 0
14:52:36 INFO  Executed sudo&lt;move_logs&gt;, exit status 0
14:52:36 INFO  log response None
14:52:36 WARN  retry, retrying in 1 seconds...
14:52:37 INFO  log response https://thin-edge-io.eu-latest.cumulocity.com/event/events/18176180/binaries
14:52:37 INFO  nlines 0
14:52:37 WARN  Assert that (True == value) with value=False ... failed [run.py:44]
14:52:37 INFO  
14:52:37 INFO  cleanup:
14:52:37 INFO  Executed sudo&lt;rm_logs&gt;, exit status 0
14:52:38 INFO  Executed sudo&lt;rm_tmp_logs&gt;, exit status 0
14:52:38 INFO  Executed sudo&lt;send_failed&gt;, exit status 0
14:52:38 INFO  Restarting mosquitto too frequently in the last 10 seconds. It was only up for 9 seconds
14:52:38 INFO  Delaying execution by 2 seconds
14:52:51 INFO  Executed sudo&lt;tedge_disconnect_c8y&gt;, exit status 0
14:52:51 INFO  Executed systemctl&lt;serv_mapper5&gt;, exit status 3
14:52:51 INFO  
14:52:51 INFO  Test duration: 42.69 secs
14:52:51 INFO  Test final outcome:  FAILED
14:52:51 INFO  Test outcome reason: Assert that (True == value) with value=False
14:52:51 INFO  
</system-out>
	</testcase>
</testsuite>
