<?xml version="1.0" encoding="utf-8"?>
<testsuite name="apt_install" tests="1" failures="0" skipped="1" time="0.0" timestamp="2022-05-09T06:46:24">
	<testcase classname="AptPluginInstallDense" name="apt_install">
		<skipped message="SKIPPED: Testing the apt plugin is not supported on this platform.To run the tests call PySys with -XmyPlatform='container'"/>
		<system-out>06:46:24 INFO  ==============================================================
06:46:24 INFO  Id:    apt_install
06:46:24 INFO  Dir:   plugin_apt/
06:46:24 INFO  Title: Validate apt plugin prepare - dense version
06:46:24 INFO  ==============================================================
06:46:24 INFO  Testing the apt plugin is not supported on this platform.To run the tests call PySys with -XmyPlatform='container' ... skipped
06:46:24 WARN  Aborted test due to SKIPPED outcome
06:46:24 INFO  
06:46:24 INFO  Test duration: 0.00 secs
06:46:24 INFO  Test final outcome:  SKIPPED
06:46:24 INFO  Test outcome reason: Testing the apt plugin is not supported on this platform.To run the tests call PySys with -XmyPlatform='container'
06:46:24 INFO  
</system-out>
	</testcase>
</testsuite>
