<?xml version="1.0" encoding="utf-8"?>
<testsuite name="docker_plugin_update" tests="1" failures="0" skipped="1" time="0.0" timestamp="2022-05-11T11:19:34">
	<testcase classname="DockerPluginUpdateTest" name="docker_plugin_update">
		<skipped message="SKIPPED: Testing the docker plugin is not supported on this platform.To run it, all the test with -XmyPlatform='container'"/>
		<system-out>11:19:34 INFO  ==============================================================
11:19:34 INFO  Id:    docker_plugin_update
11:19:34 INFO  Dir:   plugin_docker/
11:19:34 INFO  Title: Validate docker plugin install updates existing containers
11:19:34 INFO  ==============================================================
11:19:34 INFO  Testing the docker plugin is not supported on this platform.To run it, all the test with -XmyPlatform='container' ... skipped
11:19:34 WARN  Aborted test due to SKIPPED outcome
11:19:34 INFO  
11:19:34 INFO  Test duration: 0.00 secs
11:19:34 INFO  Test final outcome:  SKIPPED
11:19:34 INFO  Test outcome reason: Testing the docker plugin is not supported on this platform.To run it, all the test with -XmyPlatform='container'
11:19:34 INFO  
</system-out>
	</testcase>
</testsuite>
