<?xml version="1.0" encoding="utf-8"?>
<testsuite name="apt_finalize" tests="1" failures="0" skipped="1" time="0.0" timestamp="2022-05-10T19:15:50">
	<testcase classname="AptPluginFinalize" name="apt_finalize">
		<skipped message="SKIPPED: Testing the apt plugin is not supported on this platform.To run the tests call PySys with -XmyPlatform='container'"/>
		<system-out>19:15:50 INFO  ==============================================================
19:15:50 INFO  Id:    apt_finalize
19:15:50 INFO  Dir:   plugin_apt/
19:15:50 INFO  Title: Validate apt plugin finalize - dense version
19:15:50 INFO  ==============================================================
19:15:50 INFO  Testing the apt plugin is not supported on this platform.To run the tests call PySys with -XmyPlatform='container' ... skipped
19:15:50 WARN  Aborted test due to SKIPPED outcome
19:15:50 INFO  
19:15:50 INFO  Test duration: 0.00 secs
19:15:50 INFO  Test final outcome:  SKIPPED
19:15:50 INFO  Test outcome reason: Testing the apt plugin is not supported on this platform.To run the tests call PySys with -XmyPlatform='container'
19:15:50 INFO  
</system-out>
	</testcase>
</testsuite>
