<?xml version="1.0" encoding="utf-8"?>
<testsuite name="SoftwareManagement.sm_fake_install_remove_multiple" tests="1" failures="0" skipped="1" time="0.0" timestamp="2022-05-02T15:04:32">
	<testcase classname="PySysTest" name="SoftwareManagement.sm_fake_install_remove_multiple">
		<skipped message="SKIPPED: Testing the fake plugin is not enabled.Use parameter -Xfakeplugin=fakeplugin to enable it"/>
		<system-out>15:04:32 INFO  ==============================================================
15:04:32 INFO  Id:    SoftwareManagement.sm_fake_install_remove_multiple
15:04:32 INFO  Dir:   software_management_end_to_end/
15:04:32 INFO  Title: Validate end to end behaviour for the dummy-plugin for multiple packages
15:04:32 INFO  ==============================================================
15:04:32 INFO  Testing the fake plugin is not enabled.Use parameter -Xfakeplugin=fakeplugin to enable it ... skipped
15:04:32 WARN  Aborted test due to SKIPPED outcome
15:04:32 INFO  
15:04:32 INFO  Test duration: 0.00 secs
15:04:32 INFO  Test final outcome:  SKIPPED
15:04:32 INFO  Test outcome reason: Testing the fake plugin is not enabled.Use parameter -Xfakeplugin=fakeplugin to enable it
15:04:32 INFO  
</system-out>
	</testcase>
</testsuite>
