<?xml version="1.0" encoding="utf-8"?>
<testsuite name="apt_fail_noarg" tests="1" failures="0" skipped="1" time="0.0" timestamp="2022-05-04T07:50:02">
	<testcase classname="AptPluginFailNoArg" name="apt_fail_noarg">
		<skipped message="SKIPPED: Testing the apt plugin is not supported on this platform.To run the tests call PySys with -XmyPlatform='container'"/>
		<system-out>07:50:02 INFO  ==============================================================
07:50:02 INFO  Id:    apt_fail_noarg
07:50:02 INFO  Dir:   plugin_apt/
07:50:02 INFO  Title: Validate apt plugin fetures(prepare, list, install, remove finalize) without arguments
07:50:02 INFO  ==============================================================
07:50:02 INFO  Testing the apt plugin is not supported on this platform.To run the tests call PySys with -XmyPlatform='container' ... skipped
07:50:02 WARN  Aborted test due to SKIPPED outcome
07:50:02 INFO  
07:50:02 INFO  Test duration: 0.00 secs
07:50:02 INFO  Test final outcome:  SKIPPED
07:50:02 INFO  Test outcome reason: Testing the apt plugin is not supported on this platform.To run the tests call PySys with -XmyPlatform='container'
07:50:02 INFO  
</system-out>
	</testcase>
</testsuite>
