<?xml version="1.0" encoding="utf-8"?>
<testsuite name="SoftwareManagement.sm_fake_install_remove" tests="1" failures="0" skipped="1" time="0.0" timestamp="2022-05-09T06:56:25">
	<testcase classname="PySysTest" name="SoftwareManagement.sm_fake_install_remove">
		<skipped message="SKIPPED: Testing the fake plugin is not enabled.Use parameter -Xfakeplugin=fakeplugin to enable it"/>
		<system-out>06:56:25 INFO  ==============================================================
06:56:25 INFO  Id:    SoftwareManagement.sm_fake_install_remove
06:56:25 INFO  Dir:   software_management_end_to_end/
06:56:25 INFO  Title: Validate end to end behaviour for the dummy plugin for installation and removal of packages
06:56:25 INFO  ==============================================================
06:56:25 INFO  Testing the fake plugin is not enabled.Use parameter -Xfakeplugin=fakeplugin to enable it ... skipped
06:56:25 WARN  Aborted test due to SKIPPED outcome
06:56:25 INFO  
06:56:25 INFO  Test duration: 0.00 secs
06:56:25 INFO  Test final outcome:  SKIPPED
06:56:25 INFO  Test outcome reason: Testing the fake plugin is not enabled.Use parameter -Xfakeplugin=fakeplugin to enable it
06:56:25 INFO  
</system-out>
	</testcase>
</testsuite>
