<?xml version="1.0" encoding="utf-8"?>
<testsuite name="call_tedge_config_help" tests="1" failures="0" skipped="0" time="0.1" timestamp="2022-05-23T09:14:21">
	<testcase classname="PySysTest" name="call_tedge_config_help"/>
</testsuite>
