<?xml version="1.0" encoding="utf-8"?>
<testsuite name="local_mqtt_pub_sub_retain" tests="1" failures="1" skipped="0" time="3.48" timestamp="2022-05-16T07:05:16">
	<testcase classname="MqttPublishWithRetain" name="local_mqtt_pub_sub_retain">
		<failure message="FAILED: Grep on temp_sensor_sub.out contains &quot;\[test/alarms/temp_sensor\] alarm msg 2&quot; (+1 other failures)" type="FAILED"/>
		<system-out>07:05:12 INFO  ==============================================================
07:05:12 INFO  Id:    local_mqtt_pub_sub_retain
07:05:12 INFO  Dir:   local_mqtt/
07:05:12 INFO  Title: Validate local publishing with retain flag
07:05:12 INFO  ==============================================================
07:05:12 INFO  Executed tedge&lt;pub_to_set_alarm&gt;, exit status 0
07:05:12 INFO  Executed tedge&lt;pub_to_set_alarm&gt;, exit status 0
07:05:13 INFO  Started tedge&lt;temp_sensor_sub&gt; with process id 948812
07:05:13 INFO  Executed tedge&lt;pub_to_clear_alarm&gt;, exit status 0
07:05:15 INFO  Executed sudo&lt;kill_out&gt;, exit status 0
07:05:15 INFO  Executed tedge&lt;pub_to_clear_alarm&gt;, exit status 0
07:05:15 INFO  Started tedge&lt;temp_sensor_empty_message&gt; with process id 948817
07:05:16 INFO  Executed sudo&lt;kill_out&gt;, exit status 0
07:05:16 WARN  Grep on temp_sensor_sub.out contains &quot;\[test/alarms/temp_sensor\] alarm msg 2&quot; ... failed [run.py:136]
07:05:16 WARN  Grep on temp_sensor_sub.out contains &quot;\[test/alarms/temp_sensor\] &quot; ... failed [run.py:141]
07:05:16 INFO  Grep on file temp_sensor_empty_message.out ... passed
07:05:16 INFO  
07:05:16 INFO  Test duration: 3.48 secs
07:05:16 INFO  Test final outcome:  FAILED
07:05:16 INFO  Test outcome reason: Grep on temp_sensor_sub.out contains &quot;\[test/alarms/temp_sensor\] alarm msg 2&quot; (+1 other failures)
07:05:16 INFO  
</system-out>
	</testcase>
</testsuite>
