<?xml version="1.0" encoding="utf-8"?>
<testsuite name="valid_device_id" tests="1" failures="0" skipped="0" time="45.35" timestamp="2022-05-16T07:07:13">
	<testcase classname="ValidateValidDeviceId" name="valid_device_id"/>
</testsuite>
