<?xml version="1.0" encoding="utf-8"?>
<testsuite name="apt_fail_noarg" tests="1" failures="0" skipped="1" time="0.0" timestamp="2022-05-10T17:00:22">
	<testcase classname="AptPluginFailNoArg" name="apt_fail_noarg">
		<skipped message="SKIPPED: Testing the apt plugin is not supported on this platform.To run the tests call PySys with -XmyPlatform='container'"/>
		<system-out>17:00:22 INFO  ==============================================================
17:00:22 INFO  Id:    apt_fail_noarg
17:00:22 INFO  Dir:   plugin_apt/
17:00:22 INFO  Title: Validate apt plugin fetures(prepare, list, install, remove finalize) without arguments
17:00:22 INFO  ==============================================================
17:00:22 INFO  Testing the apt plugin is not supported on this platform.To run the tests call PySys with -XmyPlatform='container' ... skipped
17:00:22 WARN  Aborted test due to SKIPPED outcome
17:00:22 INFO  
17:00:22 INFO  Test duration: 0.00 secs
17:00:22 INFO  Test final outcome:  SKIPPED
17:00:22 INFO  Test outcome reason: Testing the apt plugin is not supported on this platform.To run the tests call PySys with -XmyPlatform='container'
17:00:22 INFO  
</system-out>
	</testcase>
</testsuite>
