<?xml version="1.0" encoding="utf-8"?>
<testsuite name="smoketest_json" tests="1" failures="0" skipped="0" time="55.7" timestamp="2022-05-09T06:50:20">
	<testcase classname="SmokeTestJson" name="smoketest_json"/>
</testsuite>
