<?xml version="1.0" encoding="utf-8"?>
<testsuite name="log_request_error_messages" tests="1" failures="1" skipped="0" time="44.05" timestamp="2022-05-02T14:52:08">
	<testcase classname="LogRequestVerifySearchTextError" name="log_request_error_messages">
		<failure message="FAILED: Assert that (True == value) with value=False" type="FAILED"/>
		<system-out>14:51:24 INFO  ==============================================================
14:51:24 INFO  Id:    log_request_error_messages
14:51:24 INFO  Dir:   log_request_end_to_end/
14:51:24 INFO  Title: Validate end to end behaviour for the log request operation check for error messages
14:51:24 INFO  ==============================================================
14:51:24 INFO  EnvironmentC8y Setup
14:51:24 INFO  Executed systemctl&lt;serv_mapper1&gt;, exit status 3
14:51:24 INFO  Restarting mosquitto too frequently in the last 10 seconds. It was only up for 0 seconds
14:51:24 INFO  Delaying execution by 11 seconds
14:51:53 INFO  Executed sudo&lt;tedge_connect_c8y&gt;, exit status 0, duration 17 secs
14:51:53 INFO  Executed sudo&lt;tedge_connect_c8y_test&gt;, exit status 0
14:51:53 INFO  Executed systemctl&lt;serv_mosq2&gt;, exit status 0
14:51:53 INFO  Executed systemctl&lt;serv_mapper3&gt;, exit status 0
14:51:53 INFO  Executed sudo&lt;rm_logs&gt;, exit status 0
14:51:53 INFO  Executed sudo&lt;move_logs&gt;, exit status 0
14:51:53 INFO  log response None
14:51:53 WARN  retry, retrying in 1 seconds...
14:51:54 INFO  log response https://thin-edge-io.eu-latest.cumulocity.com/event/events/18170267/binaries
14:51:55 WARN  Assert that (True == value) with value=False ... failed [run.py:43]
14:51:55 INFO  
14:51:55 INFO  cleanup:
14:51:55 INFO  Executed sudo&lt;rm_logs&gt;, exit status 0
14:51:55 INFO  Executed sudo&lt;rm_tmp_logs&gt;, exit status 0
14:51:55 INFO  Executed sudo&lt;send_failed&gt;, exit status 0
14:51:55 INFO  Restarting mosquitto too frequently in the last 10 seconds. It was only up for 9 seconds
14:51:55 INFO  Delaying execution by 2 seconds
14:52:08 INFO  Executed sudo&lt;tedge_disconnect_c8y&gt;, exit status 0
14:52:08 INFO  Executed systemctl&lt;serv_mapper5&gt;, exit status 3
14:52:08 INFO  
14:52:08 INFO  Test duration: 44.05 secs
14:52:08 INFO  Test final outcome:  FAILED
14:52:08 INFO  Test outcome reason: Assert that (True == value) with value=False
14:52:08 INFO  
</system-out>
	</testcase>
</testsuite>
