<?xml version="1.0" encoding="utf-8"?>
<testsuite name="mqtt_port_change_connection_works" tests="1" failures="0" skipped="1" time="0.0" timestamp="2022-05-10T16:59:04">
	<testcase classname="MqttPortChangeConnectionWorks" name="mqtt_port_change_connection_works">
		<skipped message="SKIPPED: failing intermitently"/>
		<system-out>16:59:04 INFO  ==============================================================
16:59:04 INFO  Id:    mqtt_port_change_connection_works
16:59:04 INFO  Dir:   misc_features/
16:59:04 INFO  Title: mqtt port change connection works for all the thin-edge services that use the mosquitto broker
16:59:04 INFO  ==============================================================
16:59:04 INFO  failing intermitently ... skipped
16:59:04 INFO  
16:59:04 INFO  Test duration: 0.00 secs
16:59:04 INFO  Test final outcome:  SKIPPED
16:59:04 INFO  Test outcome reason: failing intermitently
16:59:04 INFO  
</system-out>
	</testcase>
</testsuite>
