<?xml version="1.0" encoding="utf-8"?>
<testsuite name="mqtt_port_change_connection_fails" tests="1" failures="0" skipped="0" time="0.31" timestamp="2022-05-10T16:59:04">
	<testcase classname="MqttPortChangeConnectionFails" name="mqtt_port_change_connection_fails"/>
</testsuite>
