<?xml version="1.0" encoding="utf-8"?>
<testsuite name="call_tedge_config_list" tests="1" failures="0" skipped="0" time="4.62" timestamp="2022-05-10T19:25:53">
	<testcase classname="PySysTest" name="call_tedge_config_list"/>
</testsuite>
