<?xml version="1.0" encoding="utf-8"?>
<testsuite name="valid_device_id" tests="1" failures="0" skipped="0" time="43.39" timestamp="2022-05-04T07:50:02">
	<testcase classname="ValidateValidDeviceId" name="valid_device_id"/>
</testsuite>
