<?xml version="1.0" encoding="utf-8"?>
<testsuite name="c8y_restart_bridge" tests="1" failures="0" skipped="0" time="40.12" timestamp="2022-05-30T09:08:51">
	<testcase classname="RestartBridge" name="c8y_restart_bridge"/>
</testsuite>
