<?xml version="1.0" encoding="utf-8"?>
<testsuite name="local_mqtt_pub_fail_qos0" tests="1" failures="0" skipped="0" time="10.34" timestamp="2022-05-11T11:17:11">
	<testcase classname="PySysTest" name="local_mqtt_pub_fail_qos0"/>
</testsuite>
