<?xml version="1.0" encoding="utf-8"?>
<testsuite name="log_request_num_lines" tests="1" failures="1" skipped="0" time="43.07" timestamp="2022-05-03T07:39:48">
	<testcase classname="LogRequestVerifyNumberOfLines" name="log_request_num_lines">
		<failure message="FAILED: Assert that (True == value) with value=False" type="FAILED"/>
		<system-out>07:39:05 INFO  ==============================================================
07:39:05 INFO  Id:    log_request_num_lines
07:39:05 INFO  Dir:   log_request_end_to_end/
07:39:05 INFO  Title: Validate end to end behaviour for the log request operation check for number of lines
07:39:05 INFO  ==============================================================
07:39:05 INFO  EnvironmentC8y Setup
07:39:05 INFO  Executed systemctl&lt;serv_mapper1&gt;, exit status 3
07:39:05 INFO  Restarting mosquitto too frequently in the last 10 seconds. It was only up for 1 seconds
07:39:05 INFO  Delaying execution by 10 seconds
07:39:32 INFO  Executed sudo&lt;tedge_connect_c8y&gt;, exit status 0, duration 17 secs
07:39:33 INFO  Executed sudo&lt;tedge_connect_c8y_test&gt;, exit status 0
07:39:33 INFO  Executed systemctl&lt;serv_mosq2&gt;, exit status 0
07:39:33 INFO  Executed systemctl&lt;serv_mapper3&gt;, exit status 0
07:39:33 INFO  Executed sudo&lt;rm_logs&gt;, exit status 0
07:39:33 INFO  Executed sudo&lt;move_logs&gt;, exit status 0
07:39:33 INFO  log response None
07:39:33 WARN  retry, retrying in 1 seconds...
07:39:34 INFO  log response https://thin-edge-io.eu-latest.cumulocity.com/event/events/18233695/binaries
07:39:35 INFO  nlines 0
07:39:35 WARN  Assert that (True == value) with value=False ... failed [run.py:44]
07:39:35 INFO  
07:39:35 INFO  cleanup:
07:39:35 INFO  Executed sudo&lt;rm_logs&gt;, exit status 0
07:39:35 INFO  Executed sudo&lt;rm_tmp_logs&gt;, exit status 0
07:39:35 INFO  Executed sudo&lt;send_failed&gt;, exit status 0
07:39:35 INFO  Restarting mosquitto too frequently in the last 10 seconds. It was only up for 9 seconds
07:39:35 INFO  Delaying execution by 2 seconds
07:39:48 INFO  Executed sudo&lt;tedge_disconnect_c8y&gt;, exit status 0
07:39:48 INFO  Executed systemctl&lt;serv_mapper5&gt;, exit status 3
07:39:48 INFO  
07:39:48 INFO  Test duration: 43.07 secs
07:39:48 INFO  Test final outcome:  FAILED
07:39:48 INFO  Test outcome reason: Assert that (True == value) with value=False
07:39:48 INFO  
</system-out>
	</testcase>
</testsuite>
