<?xml version="1.0" encoding="utf-8"?>
<testsuite name="local_mqtt_pub_sub_retain" tests="1" failures="1" skipped="0" time="3.63" timestamp="2022-05-09T06:44:27">
	<testcase classname="MqttPublishWithRetain" name="local_mqtt_pub_sub_retain">
		<failure message="FAILED: Grep on temp_sensor_sub.out contains &quot;\[test/alarms/temp_sensor\] alarm msg 2&quot; (+1 other failures)" type="FAILED"/>
		<system-out>06:44:24 INFO  ==============================================================
06:44:24 INFO  Id:    local_mqtt_pub_sub_retain
06:44:24 INFO  Dir:   local_mqtt/
06:44:24 INFO  Title: Validate local publishing with retain flag
06:44:24 INFO  ==============================================================
06:44:24 INFO  Executed tedge&lt;pub_to_set_alarm&gt;, exit status 0
06:44:24 INFO  Executed tedge&lt;pub_to_set_alarm&gt;, exit status 0
06:44:25 INFO  Started tedge&lt;temp_sensor_sub&gt; with process id 497211
06:44:25 INFO  Executed tedge&lt;pub_to_clear_alarm&gt;, exit status 0
06:44:26 INFO  Executed sudo&lt;kill_out&gt;, exit status 0
06:44:26 INFO  Executed tedge&lt;pub_to_clear_alarm&gt;, exit status 0
06:44:26 INFO  Started tedge&lt;temp_sensor_empty_message&gt; with process id 497216
06:44:27 INFO  Executed sudo&lt;kill_out&gt;, exit status 0
06:44:27 WARN  Grep on temp_sensor_sub.out contains &quot;\[test/alarms/temp_sensor\] alarm msg 2&quot; ... failed [run.py:136]
06:44:27 WARN  Grep on temp_sensor_sub.out contains &quot;\[test/alarms/temp_sensor\] &quot; ... failed [run.py:141]
06:44:27 INFO  Grep on file temp_sensor_empty_message.out ... passed
06:44:27 INFO  
06:44:27 INFO  Test duration: 3.63 secs
06:44:27 INFO  Test final outcome:  FAILED
06:44:27 INFO  Test outcome reason: Grep on temp_sensor_sub.out contains &quot;\[test/alarms/temp_sensor\] alarm msg 2&quot; (+1 other failures)
06:44:27 INFO  
</system-out>
	</testcase>
</testsuite>
