<?xml version="1.0" encoding="utf-8"?>
<testsuite name="docker_plugin_update" tests="1" failures="0" skipped="1" time="0.0" timestamp="2022-05-10T19:15:50">
	<testcase classname="DockerPluginUpdateTest" name="docker_plugin_update">
		<skipped message="SKIPPED: Testing the docker plugin is not supported on this platform.To run it, all the test with -XmyPlatform='container'"/>
		<system-out>19:15:50 INFO  ==============================================================
19:15:50 INFO  Id:    docker_plugin_update
19:15:50 INFO  Dir:   plugin_docker/
19:15:50 INFO  Title: Validate docker plugin install updates existing containers
19:15:50 INFO  ==============================================================
19:15:50 INFO  Testing the docker plugin is not supported on this platform.To run it, all the test with -XmyPlatform='container' ... skipped
19:15:50 WARN  Aborted test due to SKIPPED outcome
19:15:50 INFO  
19:15:50 INFO  Test duration: 0.00 secs
19:15:50 INFO  Test final outcome:  SKIPPED
19:15:50 INFO  Test outcome reason: Testing the docker plugin is not supported on this platform.To run it, all the test with -XmyPlatform='container'
19:15:50 INFO  
</system-out>
	</testcase>
</testsuite>
