<?xml version="1.0" encoding="utf-8"?>
<testsuite name="tedge_mapper_az_without_timestamp" tests="1" failures="0" skipped="0" time="0.51" timestamp="2022-05-04T08:03:41">
	<testcase classname="TedgeMapperAzWithoutTimestamp" name="tedge_mapper_az_without_timestamp"/>
</testsuite>
