<?xml version="1.0" encoding="utf-8"?>
<testsuite name="monitoring_with_collectd" tests="1" failures="0" skipped="1" time="0.0" timestamp="2022-05-10T17:00:22">
	<testcase classname="MonitoringWithCollectd" name="monitoring_with_collectd">
		<skipped message="SKIPPED: Test execution disabled due to #792 (instable)"/>
		<system-out>17:00:22 INFO  ==============================================================
17:00:22 INFO  Id:    monitoring_with_collectd
17:00:22 INFO  Dir:   monitoring/
17:00:22 INFO  Title: Validate tedge dm agent messages that are produced by batching the collectd messages
17:00:22 INFO  ==============================================================
17:00:22 INFO  Test execution disabled due to #792 (instable) ... skipped
17:00:22 INFO  
17:00:22 INFO  Test duration: 0.00 secs
17:00:22 INFO  Test final outcome:  SKIPPED
17:00:22 INFO  Test outcome reason: Test execution disabled due to #792 (instable)
17:00:22 INFO  
</system-out>
	</testcase>
</testsuite>
