<?xml version="1.0" encoding="utf-8"?>
<testsuite name="local_mqtt_pub_sub_retain" tests="1" failures="1" skipped="0" time="3.63" timestamp="2022-05-04T07:47:23">
	<testcase classname="MqttPublishWithRetain" name="local_mqtt_pub_sub_retain">
		<failure message="FAILED: Grep on temp_sensor_sub.out contains &quot;\[test/alarms/temp_sensor\] alarm msg 2&quot; (+1 other failures)" type="FAILED"/>
		<system-out>07:47:20 INFO  ==============================================================
07:47:20 INFO  Id:    local_mqtt_pub_sub_retain
07:47:20 INFO  Dir:   local_mqtt/
07:47:20 INFO  Title: Validate local publishing with retain flag
07:47:20 INFO  ==============================================================
07:47:20 INFO  Executed tedge&lt;pub_to_set_alarm&gt;, exit status 0
07:47:20 INFO  Executed tedge&lt;pub_to_set_alarm&gt;, exit status 0
07:47:21 INFO  Started tedge&lt;temp_sensor_sub&gt; with process id 327150
07:47:21 INFO  Executed tedge&lt;pub_to_clear_alarm&gt;, exit status 0
07:47:22 INFO  Executed sudo&lt;kill_out&gt;, exit status 0
07:47:22 INFO  Executed tedge&lt;pub_to_clear_alarm&gt;, exit status 0
07:47:22 INFO  Started tedge&lt;temp_sensor_empty_message&gt; with process id 327155
07:47:23 INFO  Executed sudo&lt;kill_out&gt;, exit status 0
07:47:23 WARN  Grep on temp_sensor_sub.out contains &quot;\[test/alarms/temp_sensor\] alarm msg 2&quot; ... failed [run.py:136]
07:47:23 WARN  Grep on temp_sensor_sub.out contains &quot;\[test/alarms/temp_sensor\] &quot; ... failed [run.py:141]
07:47:23 INFO  Grep on file temp_sensor_empty_message.out ... passed
07:47:23 INFO  
07:47:23 INFO  Test duration: 3.63 secs
07:47:23 INFO  Test final outcome:  FAILED
07:47:23 INFO  Test outcome reason: Grep on temp_sensor_sub.out contains &quot;\[test/alarms/temp_sensor\] alarm msg 2&quot; (+1 other failures)
07:47:23 INFO  
</system-out>
	</testcase>
</testsuite>
