<?xml version="1.0" encoding="utf-8"?>
<testsuite name="log_request_error_messages" tests="1" failures="0" skipped="1" time="0.08" timestamp="2022-05-11T11:17:48">
	<testcase classname="LogRequestVerifySearchTextError" name="log_request_error_messages">
		<skipped message="SKIPPED: Test execution disabled due to #1123"/>
		<system-out>11:17:48 INFO  ==============================================================
11:17:48 INFO  Id:    log_request_error_messages
11:17:48 INFO  Dir:   log_request_end_to_end/
11:17:48 INFO  Title: Validate end to end behaviour for the log request operation check for error messages
11:17:48 INFO  ==============================================================
11:17:48 INFO  Test execution disabled due to #1123 ... skipped
11:17:48 INFO  
11:17:48 INFO  Test duration: 0.08 secs
11:17:48 INFO  Test final outcome:  SKIPPED
11:17:48 INFO  Test outcome reason: Test execution disabled due to #1123
11:17:48 INFO  
</system-out>
	</testcase>
</testsuite>
