<?xml version="1.0" encoding="utf-8"?>
<testsuite name="publish_flux" tests="1" failures="0" skipped="0" time="89.45" timestamp="2022-05-09T06:47:55">
	<testcase classname="PublishFlux" name="publish_flux"/>
</testsuite>
