<?xml version="1.0" encoding="utf-8"?>
<testsuite name="SoftwareManagement.Plugin.apama_plugin_mon_support" tests="1" failures="0" skipped="1" time="0.0" timestamp="2022-05-04T07:50:02">
	<testcase classname="ApamaPluginMonSupportTest" name="SoftwareManagement.Plugin.apama_plugin_mon_support">
		<skipped message="SKIPPED: Apama plugin tests are disabled by default. Execute `pysys run` with `-XmyPlatform=container` to run these tests"/>
		<system-out>07:50:02 INFO  ==============================================================
07:50:02 INFO  Id:    SoftwareManagement.Plugin.apama_plugin_mon_support
07:50:02 INFO  Dir:   plugin_apama/
07:50:02 INFO  Title: Validate mon file support of apama plugin
07:50:02 INFO  ==============================================================
07:50:02 INFO  Apama plugin tests are disabled by default. Execute `pysys run` with `-XmyPlatform=container` to run these tests ... skipped
07:50:02 WARN  Aborted test due to SKIPPED outcome
07:50:02 INFO  
07:50:02 INFO  Test duration: 0.00 secs
07:50:02 INFO  Test final outcome:  SKIPPED
07:50:02 INFO  Test outcome reason: Apama plugin tests are disabled by default. Execute `pysys run` with `-XmyPlatform=container` to run these tests
07:50:02 INFO  
</system-out>
	</testcase>
</testsuite>
