<?xml version="1.0" encoding="utf-8"?>
<testsuite failures="0" name="docker_plugin_update" skipped="0" tests="1" time="39.46" timestamp="2022-03-15T18:06:07">
	<testcase classname="DockerPluginUpdateTest" name="docker_plugin_update"/>
</testsuite>
