<?xml version="1.0" encoding="utf-8"?>
<testsuite failures="0" name="docker_plugin_update" skipped="0" tests="1" time="37.67" timestamp="2022-03-28T18:13:40">
	<testcase classname="DockerPluginUpdateTest" name="docker_plugin_update"/>
</testsuite>
