<?xml version="1.0" encoding="utf-8"?>
<testsuite failures="0" name="docker_plugin_update" skipped="0" tests="1" time="38.11" timestamp="2022-03-30T08:48:43">
	<testcase classname="DockerPluginUpdateTest" name="docker_plugin_update"/>
</testsuite>
