<?xml version="1.0" encoding="utf-8"?>
<testsuite failures="0" name="docker_plugin_update" skipped="0" tests="1" time="34.54" timestamp="2022-02-15T15:57:33">
	<testcase classname="DockerPluginUpdateTest" name="docker_plugin_update"/>
</testsuite>
