<?xml version="1.0" encoding="utf-8"?>
<testsuite failures="0" name="docker_plugin_update" skipped="0" tests="1" time="37.55" timestamp="2022-02-14T08:57:56">
	<testcase classname="DockerPluginUpdateTest" name="docker_plugin_update"/>
</testsuite>
