<?xml version="1.0" encoding="utf-8"?>
<testsuite failures="0" name="docker_plugin_install" skipped="0" tests="1" time="18.95" timestamp="2022-03-03T11:21:11">
	<testcase classname="DockerPluginInstallTest" name="docker_plugin_install"/>
</testsuite>
