<?xml version="1.0" encoding="utf-8"?>
<testsuite name="SoftwareManagement.Plugin.apama_plugin_mon_support" tests="1" failures="1" skipped="0" time="1.23" timestamp="2022-05-02T15:22:16">
	<testcase classname="ApamaPluginMonSupportTest" name="SoftwareManagement.Plugin.apama_plugin_mon_support">
		<failure message="BLOCKED: sudo&lt;restart_apama_service&gt; returned non-zero exit code 1" type="BLOCKED"/>
		<system-out>15:22:15 INFO  ==============================================================
15:22:15 INFO  Id:    SoftwareManagement.Plugin.apama_plugin_mon_support
15:22:15 INFO  Dir:   plugin_apama/
15:22:15 INFO  Title: Validate mon file support of apama plugin
15:22:15 INFO  ==============================================================
15:22:15 INFO  Assertion that path exists=False for &quot;/etc/tedge/apama/project&quot; ... passed
15:22:15 INFO  Executed sudo&lt;create_project_dir&gt;, exit status 0
15:22:15 INFO  Executed sudo&lt;unzip_apama_project&gt;, exit status 0
15:22:15 INFO  Executed sudo&lt;move_apama_project&gt;, exit status 0
15:22:15 WARN  Executed sudo&lt;restart_apama_service&gt;, exit status 1
15:22:15 INFO  Contents of restart_apama_service.err: 
  Job for apama.service failed because the control process exited with error code.
  See &quot;systemctl status apama.service&quot; and &quot;journalctl -xe&quot; for details.
  -----

15:22:15 WARN  sudo&lt;restart_apama_service&gt; returned non-zero exit code 1 ... blocked 
15:22:15 WARN  Aborted test due to BLOCKED outcome
15:22:15 INFO  
15:22:15 INFO  cleanup:
15:22:15 INFO  Removing apama project
15:22:16 INFO  Executed sudo&lt;stop_apama_service&gt;, exit status 0
15:22:16 INFO  Executed sudo&lt;remove_apama_project&gt;, exit status 0
15:22:16 INFO  Executed sudo&lt;remove_apama_tmp_dir&gt;, exit status 0
15:22:16 INFO  
15:22:16 INFO  Test duration: 1.23 secs
15:22:16 INFO  Test final outcome:  BLOCKED
15:22:16 INFO  Test outcome reason: sudo&lt;restart_apama_service&gt; returned non-zero exit code 1
15:22:16 INFO  
</system-out>
	</testcase>
</testsuite>
