<?xml version="1.0" encoding="utf-8"?>
<testsuite name="SoftwareManagement.Plugin.apama_plugin_remove" tests="1" failures="1" skipped="0" time="1.32" timestamp="2022-05-03T08:09:11">
	<testcase classname="ApamaPluginRemoveTest" name="SoftwareManagement.Plugin.apama_plugin_remove">
		<failure message="BLOCKED: sudo&lt;restart_apama_service&gt; returned non-zero exit code 1" type="BLOCKED"/>
		<system-out>08:09:09 INFO  ==============================================================
08:09:09 INFO  Id:    SoftwareManagement.Plugin.apama_plugin_remove
08:09:09 INFO  Dir:   plugin_apama/
08:09:09 INFO  Title: Validate apama plugin remove
08:09:09 INFO  ==============================================================
08:09:09 INFO  Assertion that path exists=False for &quot;/etc/tedge/apama/project&quot; ... passed
08:09:09 INFO  Executed sudo&lt;create_project_dir&gt;, exit status 0
08:09:09 INFO  Executed sudo&lt;unzip_apama_project&gt;, exit status 0
08:09:10 INFO  Executed sudo&lt;move_apama_project&gt;, exit status 0
08:09:10 WARN  Executed sudo&lt;restart_apama_service&gt;, exit status 1
08:09:10 INFO  Contents of restart_apama_service.err: 
  Job for apama.service failed because the control process exited with error code.
  See &quot;systemctl status apama.service&quot; and &quot;journalctl -xe&quot; for details.
  -----

08:09:10 WARN  sudo&lt;restart_apama_service&gt; returned non-zero exit code 1 ... blocked 
08:09:10 WARN  Aborted test due to BLOCKED outcome
08:09:10 INFO  
08:09:10 INFO  cleanup:
08:09:10 INFO  Removing apama project
08:09:10 INFO  Executed sudo&lt;stop_apama_service&gt;, exit status 0
08:09:10 INFO  Executed sudo&lt;remove_apama_project&gt;, exit status 0
08:09:11 INFO  Executed sudo&lt;remove_apama_tmp_dir&gt;, exit status 0
08:09:11 INFO  
08:09:11 INFO  Test duration: 1.32 secs
08:09:11 INFO  Test final outcome:  BLOCKED
08:09:11 INFO  Test outcome reason: sudo&lt;restart_apama_service&gt; returned non-zero exit code 1
08:09:11 INFO  
</system-out>
	</testcase>
</testsuite>
