<?xml version="1.0" encoding="utf-8"?>
<testsuite name="SoftwareManagement.Plugin.apama_plugin_mon_support" tests="1" failures="1" skipped="0" time="1.26" timestamp="2022-05-04T08:16:59">
	<testcase classname="ApamaPluginMonSupportTest" name="SoftwareManagement.Plugin.apama_plugin_mon_support">
		<failure message="BLOCKED: sudo&lt;restart_apama_service&gt; returned non-zero exit code 1" type="BLOCKED"/>
		<system-out>08:16:58 INFO  ==============================================================
08:16:58 INFO  Id:    SoftwareManagement.Plugin.apama_plugin_mon_support
08:16:58 INFO  Dir:   plugin_apama/
08:16:58 INFO  Title: Validate mon file support of apama plugin
08:16:58 INFO  ==============================================================
08:16:58 INFO  Assertion that path exists=False for &quot;/etc/tedge/apama/project&quot; ... passed
08:16:58 INFO  Executed sudo&lt;create_project_dir&gt;, exit status 0
08:16:58 INFO  Executed sudo&lt;unzip_apama_project&gt;, exit status 0
08:16:58 INFO  Executed sudo&lt;move_apama_project&gt;, exit status 0
08:16:58 WARN  Executed sudo&lt;restart_apama_service&gt;, exit status 1
08:16:58 INFO  Contents of restart_apama_service.err: 
  Job for apama.service failed because the control process exited with error code.
  See &quot;systemctl status apama.service&quot; and &quot;journalctl -xe&quot; for details.
  -----

08:16:58 WARN  sudo&lt;restart_apama_service&gt; returned non-zero exit code 1 ... blocked 
08:16:58 WARN  Aborted test due to BLOCKED outcome
08:16:58 INFO  
08:16:58 INFO  cleanup:
08:16:58 INFO  Removing apama project
08:16:59 INFO  Executed sudo&lt;stop_apama_service&gt;, exit status 0
08:16:59 INFO  Executed sudo&lt;remove_apama_project&gt;, exit status 0
08:16:59 INFO  Executed sudo&lt;remove_apama_tmp_dir&gt;, exit status 0
08:16:59 INFO  
08:16:59 INFO  Test duration: 1.26 secs
08:16:59 INFO  Test final outcome:  BLOCKED
08:16:59 INFO  Test outcome reason: sudo&lt;restart_apama_service&gt; returned non-zero exit code 1
08:16:59 INFO  
</system-out>
	</testcase>
</testsuite>
