<?xml version="1.0" encoding="utf-8"?>
<testsuite name="SoftwareManagement.Plugin.apama_plugin_install" tests="1" failures="1" skipped="0" time="0.12" timestamp="2022-05-03T08:09:08">
	<testcase classname="ApamaPluginInstallTest" name="SoftwareManagement.Plugin.apama_plugin_install">
		<failure message="BLOCKED: sudo&lt;plugin_install&gt; returned non-zero exit code 2" type="BLOCKED"/>
		<system-out>08:09:08 INFO  ==============================================================
08:09:08 INFO  Id:    SoftwareManagement.Plugin.apama_plugin_install
08:09:08 INFO  Dir:   plugin_apama/
08:09:08 INFO  Title: Validate apama plugin install
08:09:08 INFO  ==============================================================
08:09:08 INFO  Assertion that path exists=False for &quot;/etc/tedge/apama/project&quot; ... passed
08:09:08 WARN  Executed sudo&lt;plugin_install&gt;, exit status 2
08:09:08 INFO  Contents of plugin_install.err: 
  ERROR: Apama not installed at /opt/softwareag/Apama
  -----

08:09:08 WARN  sudo&lt;plugin_install&gt; returned non-zero exit code 2 ... blocked [run.py:20]
08:09:08 WARN  Aborted test due to BLOCKED outcome
08:09:08 INFO  
08:09:08 INFO  cleanup:
08:09:08 INFO  
08:09:08 INFO  Test duration: 0.12 secs
08:09:08 INFO  Test final outcome:  BLOCKED
08:09:08 INFO  Test outcome reason: sudo&lt;plugin_install&gt; returned non-zero exit code 2
08:09:08 INFO  
</system-out>
	</testcase>
</testsuite>
