<?xml version="1.0" encoding="utf-8"?>
<testsuite failures="1" name="SoftwareManagement.sm_apt_install_remove_default" skipped="0" tests="1" time="101.05" timestamp="2022-02-14T08:54:18">
	<testcase classname="PySysTest" name="SoftwareManagement.sm_apt_install_remove_default">
		<failure message="FAILED: Assert that (False == value) with value=True" type="FAILED"/>
		<system-out>08:52:37 INFO  ==============================================================
08:52:37 INFO  Id:    SoftwareManagement.sm_apt_install_remove_default
08:52:37 INFO  Dir:   software_management_end_to_end/
08:52:37 INFO  Title: Validate end to end behaviour for the default plugin for installation and removal of packages
08:52:37 DEBUG Execution order hint: 0.0
08:52:37 INFO  ==============================================================
08:52:37 INFO  Using sw id database: {'asciijump': '5475369', 'robotfindskitten': '5474869', 'squirrel3': '5475279', 'rolldice': '5152439', 'moon-buggy': '5439204', 'apple': '5495053', 'banana': '5494888', 'cherry': '5495382', 'watermelon': '5494510', 'registry': '8018911', 'hello-world': '8021526', 'docker/getting-started': '8021973', 'alpine': '7991792'}
08:52:37 DEBUG EnvironmentC8y Setup
08:52:37 INFO  EnvironmentC8y Setup
08:52:37 DEBUG Process parameters for systemctl&lt;serv_mapper1&gt;
  command line : /usr/bin/systemctl status tedge-mapper-c8y
    arg #1     : status
    arg #2     : tedge-mapper-c8y
  working dir  : /home/pi/actions-runner/_work/thin-edge.io/thin-edge.io/tests/PySys/software_management_end_to_end/sm_apt_install_remove_default/Output/linux
  stdout       : /home/pi/actions-runner/_work/thin-edge.io/thin-edge.io/tests/PySys/software_management_end_to_end/sm_apt_install_remove_default/Output/linux/serv_mapper1.out
  stderr       : /home/pi/actions-runner/_work/thin-edge.io/thin-edge.io/tests/PySys/software_management_end_to_end/sm_apt_install_remove_default/Output/linux/serv_mapper1.err
  environment  : LD_LIBRARY_PATH=/usr/lib
  environment  : PATH=/bin:/usr/bin:/usr/sbin:/usr/local/bin
                   #1  /bin
                   #2  /usr/bin
                   #3  /usr/sbin
                   #4  /usr/local/bin
08:52:37 DEBUG Waiting up to 600 secs for process systemctl&lt;serv_mapper1&gt; (pid 5259)
08:52:38 INFO  Executed systemctl&lt;serv_mapper1&gt;, exit status 3
08:52:38 INFO  Restarting mosquitto too frequently in the last 10 seconds. It was only up for 4 seconds
08:52:38 INFO  Delaying execution by 7 seconds
08:52:45 DEBUG Process parameters for sudo&lt;tedge_connect_c8y&gt;
  command line : /usr/bin/sudo /usr/bin/tedge connect c8y
    arg #1     : /usr/bin/tedge
    arg #2     : connect
    arg #3     : c8y
  working dir  : /home/pi/actions-runner/_work/thin-edge.io/thin-edge.io/tests/PySys/software_management_end_to_end/sm_apt_install_remove_default/Output/linux
  stdout       : /home/pi/actions-runner/_work/thin-edge.io/thin-edge.io/tests/PySys/software_management_end_to_end/sm_apt_install_remove_default/Output/linux/tedge_connect_c8y.out
  stderr       : /home/pi/actions-runner/_work/thin-edge.io/thin-edge.io/tests/PySys/software_management_end_to_end/sm_apt_install_remove_default/Output/linux/tedge_connect_c8y.err
  environment  : LD_LIBRARY_PATH=/usr/lib
  environment  : PATH=/bin:/usr/bin:/usr/sbin:/usr/local/bin
                   #1  /bin
                   #2  /usr/bin
                   #3  /usr/sbin
                   #4  /usr/local/bin
08:52:45 DEBUG Waiting up to 600 secs for process sudo&lt;tedge_connect_c8y&gt; (pid 5266)
08:52:56 INFO  Executed sudo&lt;tedge_connect_c8y&gt;, exit status 0, duration 11 secs
08:52:56 DEBUG Process parameters for sudo&lt;tedge_connect_c8y_test&gt;
  command line : /usr/bin/sudo /usr/bin/tedge connect c8y --test
    arg #1     : /usr/bin/tedge
    arg #2     : connect
    arg #3     : c8y
    arg #4     : --test
  working dir  : /home/pi/actions-runner/_work/thin-edge.io/thin-edge.io/tests/PySys/software_management_end_to_end/sm_apt_install_remove_default/Output/linux
  stdout       : /home/pi/actions-runner/_work/thin-edge.io/thin-edge.io/tests/PySys/software_management_end_to_end/sm_apt_install_remove_default/Output/linux/tedge_connect_c8y_test.out
  stderr       : /home/pi/actions-runner/_work/thin-edge.io/thin-edge.io/tests/PySys/software_management_end_to_end/sm_apt_install_remove_default/Output/linux/tedge_connect_c8y_test.err
  environment  : LD_LIBRARY_PATH=/usr/lib
  environment  : PATH=/bin:/usr/bin:/usr/sbin:/usr/local/bin
                   #1  /bin
                   #2  /usr/bin
                   #3  /usr/sbin
                   #4  /usr/local/bin
08:52:56 DEBUG Waiting up to 600 secs for process sudo&lt;tedge_connect_c8y_test&gt; (pid 5420)
08:52:56 INFO  Executed sudo&lt;tedge_connect_c8y_test&gt;, exit status 0
08:52:56 DEBUG Process parameters for systemctl&lt;serv_mosq2&gt;
  command line : /usr/bin/systemctl status mosquitto
    arg #1     : status
    arg #2     : mosquitto
  working dir  : /home/pi/actions-runner/_work/thin-edge.io/thin-edge.io/tests/PySys/software_management_end_to_end/sm_apt_install_remove_default/Output/linux
  stdout       : /home/pi/actions-runner/_work/thin-edge.io/thin-edge.io/tests/PySys/software_management_end_to_end/sm_apt_install_remove_default/Output/linux/serv_mosq2.out
  stderr       : /home/pi/actions-runner/_work/thin-edge.io/thin-edge.io/tests/PySys/software_management_end_to_end/sm_apt_install_remove_default/Output/linux/serv_mosq2.err
  environment  : LD_LIBRARY_PATH=/usr/lib
  environment  : PATH=/bin:/usr/bin:/usr/sbin:/usr/local/bin
                   #1  /bin
                   #2  /usr/bin
                   #3  /usr/sbin
                   #4  /usr/local/bin
08:52:56 DEBUG Waiting up to 600 secs for process systemctl&lt;serv_mosq2&gt; (pid 5425)
08:52:56 INFO  Executed systemctl&lt;serv_mosq2&gt;, exit status 0
08:52:56 DEBUG Process parameters for systemctl&lt;serv_mapper3&gt;
  command line : /usr/bin/systemctl status tedge-mapper-c8y
    arg #1     : status
    arg #2     : tedge-mapper-c8y
  working dir  : /home/pi/actions-runner/_work/thin-edge.io/thin-edge.io/tests/PySys/software_management_end_to_end/sm_apt_install_remove_default/Output/linux
  stdout       : /home/pi/actions-runner/_work/thin-edge.io/thin-edge.io/tests/PySys/software_management_end_to_end/sm_apt_install_remove_default/Output/linux/serv_mapper3.out
  stderr       : /home/pi/actions-runner/_work/thin-edge.io/thin-edge.io/tests/PySys/software_management_end_to_end/sm_apt_install_remove_default/Output/linux/serv_mapper3.err
  environment  : LD_LIBRARY_PATH=/usr/lib
  environment  : PATH=/bin:/usr/bin:/usr/sbin:/usr/local/bin
                   #1  /bin
                   #2  /usr/bin
                   #3  /usr/sbin
                   #4  /usr/local/bin
08:52:56 DEBUG Waiting up to 600 secs for process systemctl&lt;serv_mapper3&gt; (pid 5426)
08:52:57 INFO  Executed systemctl&lt;serv_mapper3&gt;, exit status 0
08:52:59 DEBUG Final URL of the request: https://thin-edge-io.eu-latest.cumulocity.com/devicecontrol/operations?deviceId=14115042&amp;pageSize=1&amp;revert=true&amp;dateFrom=1970-01-01T00%3A00%3A00.000Z
08:52:59 INFO  State of current operation: FAILED
08:52:59 DEBUG Final URL of the request: https://thin-edge-io.eu-latest.cumulocity.com/devicecontrol/operations?deviceId=14115042&amp;pageSize=1&amp;revert=true&amp;dateFrom=1970-01-01T00%3A00%3A00.000Z
08:52:59 DEBUG State of current operation: {
    &quot;delivery&quot;: {
        &quot;time&quot;: &quot;2022-02-14T08:51:42.709Z&quot;,
        &quot;log&quot;: [
            {
                &quot;time&quot;: &quot;2022-02-14T08:51:42.655Z&quot;,
                &quot;status&quot;: &quot;PENDING&quot;
            },
            {
                &quot;time&quot;: &quot;2022-02-14T08:51:42.673Z&quot;,
                &quot;status&quot;: &quot;SEND&quot;
            }
        ],
        &quot;status&quot;: &quot;DELIVERED&quot;
    },
    &quot;creationTime&quot;: &quot;2022-02-14T08:51:42.623Z&quot;,
    &quot;deviceId&quot;: &quot;14115042&quot;,
    &quot;deviceName&quot;: &quot;offsited&quot;,
    &quot;failureReason&quot;: &quot;1 error, see device log file /var/log/tedge/agent/software-update-2022-02-14T08:51:44.128215122Z.log&quot;,
    &quot;self&quot;: &quot;https://t493319102.eu-latest.cumulocity.com/devicecontrol/operations/14126516&quot;,
    &quot;id&quot;: &quot;14126516&quot;,
    &quot;status&quot;: &quot;FAILED&quot;,
    &quot;description&quot;: &quot;Apply software changes, triggered from PySys: [{'name': 'does_not_exist', 'id': '5446165', 'version': '::apt', 'url': '', 'action': 'install'}]&quot;,
    &quot;c8y_SoftwareUpdate&quot;: [
        {
            &quot;name&quot;: &quot;does_not_exist&quot;,
            &quot;action&quot;: &quot;install&quot;,
            &quot;id&quot;: &quot;5446165&quot;,
            &quot;version&quot;: &quot;::apt&quot;,
            &quot;url&quot;: &quot;&quot;
        }
    ]
}
08:52:59 INFO  Package rolldice is installed
08:52:59 WARN  Assert that (False == value) with value=True ... failed 
08:52:59 DEBUG --- test execute
08:52:59 INFO  Response status: 201
08:52:59 INFO  Response to action: {
    &quot;creationTime&quot;: &quot;2022-02-14T08:52:59.736Z&quot;,
    &quot;deviceId&quot;: &quot;14115042&quot;,
    &quot;deviceName&quot;: &quot;offsited&quot;,
    &quot;self&quot;: &quot;https://t493319102.eu-latest.cumulocity.com/devicecontrol/operations/14126529&quot;,
    &quot;id&quot;: &quot;14126529&quot;,
    &quot;status&quot;: &quot;PENDING&quot;,
    &quot;description&quot;: &quot;Apply software changes, triggered from PySys: [{'name': 'rolldice', 'id': '5152439', 'version': ' ', 'url': '', 'action': 'install'}]&quot;,
    &quot;c8y_SoftwareUpdate&quot;: [
        {
            &quot;name&quot;: &quot;rolldice&quot;,
            &quot;action&quot;: &quot;install&quot;,
            &quot;id&quot;: &quot;5152439&quot;,
            &quot;version&quot;: &quot; &quot;,
            &quot;url&quot;: &quot;&quot;
        }
    ]
}
08:52:59 INFO  Started operation: {'creationTime': '2022-02-14T08:52:59.736Z', 'deviceId': '14115042', 'deviceName': 'offsited', 'self': 'https://t493319102.eu-latest.cumulocity.com/devicecontrol/operations/14126529', 'id': '14126529', 'status': 'PENDING', 'description': &quot;Apply software changes, triggered from PySys: [{'name': 'rolldice', 'id': '5152439', 'version': ' ', 'url': '', 'action': 'install'}]&quot;, 'c8y_SoftwareUpdate': [{'name': 'rolldice', 'action': 'install', 'id': '5152439', 'version': ' ', 'url': ''}]}
08:53:01 INFO  State of operation 14126529 : EXECUTING
08:53:04 INFO  State of operation 14126529 : EXECUTING
08:53:06 INFO  State of operation 14126529 : EXECUTING
08:53:08 INFO  State of operation 14126529 : EXECUTING
08:53:11 INFO  State of operation 14126529 : EXECUTING
08:53:14 INFO  State of operation 14126529 : EXECUTING
08:53:16 INFO  State of operation 14126529 : EXECUTING
08:53:18 INFO  State of operation 14126529 : EXECUTING
08:53:20 INFO  State of operation 14126529 : EXECUTING
08:53:22 INFO  State of operation 14126529 : EXECUTING
08:53:24 INFO  State of operation 14126529 : SUCCESSFUL
08:53:25 INFO  Package rolldice is installed
08:53:25 INFO  Assert that (True == value) with value=True ... passed
08:53:25 INFO  Response status: 201
08:53:25 INFO  Response to action: {
    &quot;creationTime&quot;: &quot;2022-02-14T08:53:25.267Z&quot;,
    &quot;deviceId&quot;: &quot;14115042&quot;,
    &quot;deviceName&quot;: &quot;offsited&quot;,
    &quot;self&quot;: &quot;https://t493319102.eu-latest.cumulocity.com/devicecontrol/operations/14126541&quot;,
    &quot;id&quot;: &quot;14126541&quot;,
    &quot;status&quot;: &quot;PENDING&quot;,
    &quot;description&quot;: &quot;Apply software changes, triggered from PySys: [{'name': 'rolldice', 'id': '5152439', 'version': ' ', 'url': '', 'action': 'delete'}]&quot;,
    &quot;c8y_SoftwareUpdate&quot;: [
        {
            &quot;name&quot;: &quot;rolldice&quot;,
            &quot;action&quot;: &quot;delete&quot;,
            &quot;id&quot;: &quot;5152439&quot;,
            &quot;version&quot;: &quot; &quot;,
            &quot;url&quot;: &quot;&quot;
        }
    ]
}
08:53:25 INFO  Started operation: {'creationTime': '2022-02-14T08:53:25.267Z', 'deviceId': '14115042', 'deviceName': 'offsited', 'self': 'https://t493319102.eu-latest.cumulocity.com/devicecontrol/operations/14126541', 'id': '14126541', 'status': 'PENDING', 'description': &quot;Apply software changes, triggered from PySys: [{'name': 'rolldice', 'id': '5152439', 'version': ' ', 'url': '', 'action': 'delete'}]&quot;, 'c8y_SoftwareUpdate': [{'name': 'rolldice', 'action': 'delete', 'id': '5152439', 'version': ' ', 'url': ''}]}
08:53:27 INFO  State of operation 14126541 : EXECUTING
08:53:29 INFO  State of operation 14126541 : EXECUTING
08:53:31 INFO  State of operation 14126541 : EXECUTING
08:53:34 INFO  State of operation 14126541 : EXECUTING
08:53:37 INFO  State of operation 14126541 : EXECUTING
08:53:45 INFO  State of operation 14126541 : EXECUTING
08:53:47 INFO  State of operation 14126541 : EXECUTING
08:53:49 INFO  State of operation 14126541 : EXECUTING
08:53:51 INFO  State of operation 14126541 : EXECUTING
08:53:54 INFO  State of operation 14126541 : EXECUTING
08:53:56 INFO  State of operation 14126541 : EXECUTING
08:53:59 INFO  State of operation 14126541 : EXECUTING
08:54:02 INFO  State of operation 14126541 : EXECUTING
08:54:04 INFO  State of operation 14126541 : EXECUTING
08:54:06 INFO  State of operation 14126541 : EXECUTING
08:54:08 INFO  State of operation 14126541 : EXECUTING
08:54:10 INFO  State of operation 14126541 : EXECUTING
08:54:12 INFO  State of operation 14126541 : EXECUTING
08:54:15 INFO  State of operation 14126541 : SUCCESSFUL
08:54:15 DEBUG --- test validate
08:54:15 INFO  Assert that (False == value) with value=False ... passed
08:54:15 DEBUG --- test cleanup
08:54:15 INFO  
08:54:15 INFO  cleanup:
08:54:15 DEBUG Running registered cleanup function: &lt;bound method SoftwareManagement.mysmcleanup of &lt;PySysTest object at 0x75c42cf0&gt;&gt;
08:54:15 DEBUG Running registered cleanup function: &lt;bound method EnvironmentC8y.myenvcleanup of &lt;PySysTest object at 0x75c42cf0&gt;&gt;
08:54:15 DEBUG EnvironmentC8y Cleanup
08:54:15 DEBUG Process parameters for sudo&lt;tedge_disconnect_c8y&gt;
  command line : /usr/bin/sudo /usr/bin/tedge disconnect c8y
    arg #1     : /usr/bin/tedge
    arg #2     : disconnect
    arg #3     : c8y
  working dir  : /home/pi/actions-runner/_work/thin-edge.io/thin-edge.io/tests/PySys/software_management_end_to_end/sm_apt_install_remove_default/Output/linux
  stdout       : /home/pi/actions-runner/_work/thin-edge.io/thin-edge.io/tests/PySys/software_management_end_to_end/sm_apt_install_remove_default/Output/linux/tedge_disconnect_c8y.out
  stderr       : /home/pi/actions-runner/_work/thin-edge.io/thin-edge.io/tests/PySys/software_management_end_to_end/sm_apt_install_remove_default/Output/linux/tedge_disconnect_c8y.err
  environment  : LD_LIBRARY_PATH=/usr/lib
  environment  : PATH=/bin:/usr/bin:/usr/sbin:/usr/local/bin
                   #1  /bin
                   #2  /usr/bin
                   #3  /usr/sbin
                   #4  /usr/local/bin
08:54:15 DEBUG Waiting up to 600 secs for process sudo&lt;tedge_disconnect_c8y&gt; (pid 5805)
08:54:18 INFO  Executed sudo&lt;tedge_disconnect_c8y&gt;, exit status 0
08:54:18 DEBUG Process parameters for systemctl&lt;serv_mapper5&gt;
  command line : /usr/bin/systemctl status tedge-mapper-c8y
    arg #1     : status
    arg #2     : tedge-mapper-c8y
  working dir  : /home/pi/actions-runner/_work/thin-edge.io/thin-edge.io/tests/PySys/software_management_end_to_end/sm_apt_install_remove_default/Output/linux
  stdout       : /home/pi/actions-runner/_work/thin-edge.io/thin-edge.io/tests/PySys/software_management_end_to_end/sm_apt_install_remove_default/Output/linux/serv_mapper5.out
  stderr       : /home/pi/actions-runner/_work/thin-edge.io/thin-edge.io/tests/PySys/software_management_end_to_end/sm_apt_install_remove_default/Output/linux/serv_mapper5.err
  environment  : LD_LIBRARY_PATH=/usr/lib
  environment  : PATH=/bin:/usr/bin:/usr/sbin:/usr/local/bin
                   #1  /bin
                   #2  /usr/bin
                   #3  /usr/sbin
                   #4  /usr/local/bin
08:54:18 DEBUG Waiting up to 600 secs for process systemctl&lt;serv_mapper5&gt; (pid 5862)
08:54:18 INFO  Executed systemctl&lt;serv_mapper5&gt;, exit status 3
08:54:18 DEBUG ProcessUser cleanup function done.
08:54:18 INFO  
08:54:18 INFO  Test duration: 101.05 secs
08:54:18 INFO  Test final outcome:  FAILED
08:54:18 INFO  Test outcome reason: Assert that (False == value) with value=True
08:54:18 INFO  
</system-out>
	</testcase>
</testsuite>
