<?xml version="1.0" encoding="utf-8"?>
<testsuite failures="0" name="apt_finalize" skipped="0" tests="1" time="79.06" timestamp="2022-03-22T14:03:47">
	<testcase classname="AptPluginFinalize" name="apt_finalize"/>
</testsuite>
