<?xml version="1.0" encoding="utf-8"?>
<testsuite failures="0" name="apt_remove" skipped="0" tests="1" time="53.14" timestamp="2022-03-28T18:12:02">
	<testcase classname="AptPluginRemoveDense" name="apt_remove"/>
</testsuite>
