<?xml version="1.0" encoding="utf-8"?>
<testsuite failures="0" name="apt_update_list" skipped="0" tests="1" time="114.78" timestamp="2022-03-21T17:17:00">
	<testcase classname="AptPluginUpdateList" name="apt_update_list"/>
</testsuite>
