<?xml version="1.0" encoding="utf-8"?>
<testsuite failures="0" name="apt_install_fail" skipped="0" tests="1" time="7.86" timestamp="2022-03-04T12:22:04">
	<testcase classname="AptPluginInstallFail" name="apt_install_fail"/>
</testsuite>
