<?xml version="1.0" encoding="utf-8"?>
<testsuite failures="0" name="apt_prepare" skipped="0" tests="1" time="12.55" timestamp="2022-03-28T18:10:00">
	<testcase classname="AptPluginPrepare" name="apt_prepare"/>
</testsuite>
