<?xml version="1.0" encoding="utf-8"?>
<testsuite failures="0" name="apt_remove" skipped="0" tests="1" time="50.93" timestamp="2022-03-03T11:21:46">
	<testcase classname="AptPluginRemoveDense" name="apt_remove"/>
</testsuite>
