<?xml version="1.0" encoding="utf-8"?>
<testsuite failures="0" name="apt_remove" skipped="0" tests="1" time="48.71" timestamp="2022-03-21T17:10:51">
	<testcase classname="AptPluginRemoveDense" name="apt_remove"/>
</testsuite>
