<?xml version="1.0" encoding="utf-8"?>
<testsuite failures="0" name="apt_update_list" skipped="0" tests="1" time="84.92" timestamp="2022-03-30T08:46:03">
	<testcase classname="AptPluginUpdateList" name="apt_update_list"/>
</testsuite>
