<?xml version="1.0" encoding="utf-8"?>
<testsuite failures="0" name="apt_wrong_option" skipped="0" tests="1" time="0.33" timestamp="2022-02-15T16:01:13">
	<testcase classname="AptPluginWrongOption" name="apt_wrong_option"/>
</testsuite>
