<?xml version="1.0" encoding="utf-8"?>
<testsuite failures="0" name="apt_install" skipped="0" tests="1" time="41.16" timestamp="2022-02-16T09:41:03">
	<testcase classname="AptPluginInstallDense" name="apt_install"/>
</testsuite>
