<?xml version="1.0" encoding="utf-8"?>
<testsuite failures="0" name="apt_prepare" skipped="0" tests="1" time="13.51" timestamp="2022-03-02T09:00:15">
	<testcase classname="AptPluginPrepare" name="apt_prepare"/>
</testsuite>
