<?xml version="1.0" encoding="utf-8"?>
<testsuite failures="0" name="apt_remove" skipped="0" tests="1" time="43.48" timestamp="2022-02-24T13:55:09">
	<testcase classname="AptPluginRemoveDense" name="apt_remove"/>
</testsuite>
