<?xml version="1.0" encoding="utf-8"?>
<testsuite failures="0" name="SoftwareManagement.sm_apt_install_remove_multiple" skipped="0" tests="1" time="138.32" timestamp="2022-03-22T14:24:09">
	<testcase classname="PySysTest" name="SoftwareManagement.sm_apt_install_remove_multiple"/>
</testsuite>
