<?xml version="1.0" encoding="utf-8"?>
<testsuite failures="0" name="SoftwareManagement.sm_apt_install_remove_with_version" skipped="0" tests="1" time="142.66" timestamp="2022-03-29T17:22:09">
	<testcase classname="PySysTest" name="SoftwareManagement.sm_apt_install_remove_with_version"/>
</testsuite>
