<?xml version="1.0" encoding="utf-8"?>
<testsuite failures="0" name="apt_finalize" skipped="0" tests="1" time="78.27" timestamp="2022-03-30T08:35:11">
	<testcase classname="AptPluginFinalize" name="apt_finalize"/>
</testsuite>
