<?xml version="1.0" encoding="utf-8"?>
<testsuite failures="0" name="apt_remove" skipped="0" tests="1" time="52.48" timestamp="2022-03-30T08:40:21">
	<testcase classname="AptPluginRemoveDense" name="apt_remove"/>
</testsuite>
