<?xml version="1.0" encoding="utf-8"?>
<testsuite failures="0" name="apt_update_list" skipped="0" tests="1" time="78.8" timestamp="2022-03-28T18:17:37">
	<testcase classname="AptPluginUpdateList" name="apt_update_list"/>
</testsuite>
