<?xml version="1.0" encoding="utf-8"?>
<testsuite failures="0" name="apt_prepare" skipped="0" tests="1" time="12.89" timestamp="2022-03-22T14:07:04">
	<testcase classname="AptPluginPrepare" name="apt_prepare"/>
</testsuite>
