<?xml version="1.0" encoding="utf-8"?>
<testsuite failures="0" name="apt_install" skipped="0" tests="1" time="50.25" timestamp="2022-03-28T18:07:37">
	<testcase classname="AptPluginInstallDense" name="apt_install"/>
</testsuite>
