<?xml version="1.0" encoding="utf-8"?>
<testsuite failures="0" name="monitoring_smaller_interval" skipped="1" tests="1" time="0.02" timestamp="2022-04-28T07:24:39">
	<testcase classname="MonitoringSmallInterval" name="monitoring_smaller_interval">
		<skipped message="SKIPPED: Fails due to retained message"/>
		<system-out>07:24:39 INFO  ==============================================================
07:24:39 INFO  Id:    monitoring_smaller_interval
07:24:39 INFO  Dir:   monitoring/
07:24:39 INFO  Title: Validate the tedge dm agent messages that are produced with smaller sampling interval than the batching window. Here the simulated collectd messages are used
07:24:39 INFO  ==============================================================
07:24:39 INFO  Fails due to retained message ... skipped
07:24:39 INFO  
07:24:39 INFO  Test duration: 0.02 secs
07:24:39 INFO  Test final outcome:  SKIPPED
07:24:39 INFO  Test outcome reason: Fails due to retained message
07:24:39 INFO  
</system-out>
	</testcase>
</testsuite>
