<?xml version="1.0" encoding="utf-8"?>
<testsuite failures="0" name="apt_install_fail" skipped="1" tests="1" time="0.02" timestamp="2022-05-09T15:52:38">
	<testcase classname="AptPluginInstallFail" name="apt_install_fail">
		<skipped message="SKIPPED: Testing the apt plugin is not supported on this platform.To run the tests call PySys with -XmyPlatform='container'"/>
		<system-out>15:52:38 INFO  ==============================================================
15:52:38 INFO  Id:    apt_install_fail
15:52:38 INFO  Dir:   plugin_apt/
15:52:38 INFO  Title: Validate apt plugin prepare - failing
15:52:38 INFO  ==============================================================
15:52:38 INFO  Testing the apt plugin is not supported on this platform.To run the tests call PySys with -XmyPlatform='container' ... skipped
15:52:38 WARN  Aborted test due to SKIPPED outcome
15:52:38 INFO  
15:52:38 INFO  Test duration: 0.02 secs
15:52:38 INFO  Test final outcome:  SKIPPED
15:52:38 INFO  Test outcome reason: Testing the apt plugin is not supported on this platform.To run the tests call PySys with -XmyPlatform='container'
15:52:38 INFO  
</system-out>
	</testcase>
</testsuite>
