<?xml version="1.0" encoding="utf-8"?>
<testsuite failures="0" name="docker_plugin_remove" skipped="1" tests="1" time="0.03" timestamp="2022-05-10T19:28:55">
	<testcase classname="DockerPluginRemoveTest" name="docker_plugin_remove">
		<skipped message="SKIPPED: Testing the docker plugin is not supported on this platform.To run it, all the test with -XmyPlatform='container'"/>
		<system-out>19:28:55 INFO  ==============================================================
19:28:55 INFO  Id:    docker_plugin_remove
19:28:55 INFO  Dir:   plugin_docker/
19:28:55 INFO  Title: Validate docker plugin remove
19:28:55 INFO  ==============================================================
19:28:55 INFO  Testing the docker plugin is not supported on this platform.To run it, all the test with -XmyPlatform='container' ... skipped
19:28:55 WARN  Aborted test due to SKIPPED outcome
19:28:55 INFO  
19:28:55 INFO  Test duration: 0.03 secs
19:28:55 INFO  Test final outcome:  SKIPPED
19:28:55 INFO  Test outcome reason: Testing the docker plugin is not supported on this platform.To run it, all the test with -XmyPlatform='container'
19:28:55 INFO  
</system-out>
	</testcase>
</testsuite>
