<?xml version="1.0" encoding="utf-8"?>
<testsuite failures="0" name="apt_finalize" skipped="1" tests="1" time="0.36" timestamp="2022-04-28T15:28:28">
	<testcase classname="AptPluginFinalize" name="apt_finalize">
		<skipped message="SKIPPED: Testing the apt plugin is not supported on this platform.To run the tests call PySys with -XmyPlatform='container'"/>
		<system-out>15:28:27 INFO  ==============================================================
15:28:27 INFO  Id:    apt_finalize
15:28:27 INFO  Dir:   plugin_apt/
15:28:27 INFO  Title: Validate apt plugin finalize - dense version
15:28:27 INFO  ==============================================================
15:28:28 INFO  Testing the apt plugin is not supported on this platform.To run the tests call PySys with -XmyPlatform='container' ... skipped
15:28:28 WARN  Aborted test due to SKIPPED outcome
15:28:28 INFO  
15:28:28 INFO  Test duration: 0.36 secs
15:28:28 INFO  Test final outcome:  SKIPPED
15:28:28 INFO  Test outcome reason: Testing the apt plugin is not supported on this platform.To run the tests call PySys with -XmyPlatform='container'
15:28:28 INFO  
</system-out>
	</testcase>
</testsuite>
