<?xml version="1.0" encoding="utf-8"?>
<testsuite failures="0" name="SoftwareManagement.Plugin.apama_plugin_update" skipped="1" tests="1" time="0.02" timestamp="2022-05-16T07:21:41">
	<testcase classname="ApamaPluginUpdateTest" name="SoftwareManagement.Plugin.apama_plugin_update">
		<skipped message="SKIPPED: Test execution disabled due to #1052"/>
		<system-out>07:21:41 INFO  ==============================================================
07:21:41 INFO  Id:    SoftwareManagement.Plugin.apama_plugin_update
07:21:41 INFO  Dir:   plugin_apama/
07:21:41 INFO  Title: Validate apama plugin updating one project with another
07:21:41 INFO  ==============================================================
07:21:41 INFO  Test execution disabled due to #1052 ... skipped
07:21:41 INFO  
07:21:41 INFO  Test duration: 0.02 secs
07:21:41 INFO  Test final outcome:  SKIPPED
07:21:41 INFO  Test outcome reason: Test execution disabled due to #1052
07:21:41 INFO  
</system-out>
	</testcase>
</testsuite>
