<?xml version="1.0" encoding="utf-8"?>
<testsuite failures="0" name="apt_fail_noarg" skipped="1" tests="1" time="0.05" timestamp="2022-04-27T14:22:37">
	<testcase classname="AptPluginFailNoArg" name="apt_fail_noarg">
		<skipped message="SKIPPED: Testing the apt plugin is not supported on this platform.To run the tests call PySys with -XmyPlatform='container'"/>
		<system-out>14:22:37 INFO  ==============================================================
14:22:37 INFO  Id:    apt_fail_noarg
14:22:37 INFO  Dir:   plugin_apt/
14:22:37 INFO  Title: Validate apt plugin fetures(prepare, list, install, remove finalize) without arguments
14:22:37 INFO  ==============================================================
14:22:37 INFO  Testing the apt plugin is not supported on this platform.To run the tests call PySys with -XmyPlatform='container' ... skipped
14:22:37 WARN  Aborted test due to SKIPPED outcome
14:22:37 INFO  
14:22:37 INFO  Test duration: 0.05 secs
14:22:37 INFO  Test final outcome:  SKIPPED
14:22:37 INFO  Test outcome reason: Testing the apt plugin is not supported on this platform.To run the tests call PySys with -XmyPlatform='container'
14:22:37 INFO  
</system-out>
	</testcase>
</testsuite>
