<?xml version="1.0" encoding="utf-8"?>
<testsuite failures="0" name="tedge_disconnect_test_sm_services" skipped="0" tests="1" time="36.47" timestamp="2022-05-09T16:05:20">
	<testcase classname="TedgeDisConnectTestSMServices" name="tedge_disconnect_test_sm_services"/>
</testsuite>
