<?xml version="1.0" encoding="utf-8"?>
<testsuite failures="1" name="agent_init_session" skipped="0" tests="1" time="5.88" timestamp="2022-04-29T09:18:12">
	<testcase classname="AgentInitSession" name="agent_init_session">
		<failure message="FAILED: Grep on sub_resp.out contains &quot;Ld3KgqpcLDlrYH6sfpG7w&quot;" type="FAILED"/>
		<system-out>09:18:06 INFO  ==============================================================
09:18:06 INFO  Id:    agent_init_session
09:18:06 INFO  Dir:   tedge_agent/
09:18:06 INFO  Title: Validate tedge agent init session feature
09:18:06 INFO  ==============================================================
09:18:07 INFO  Executed sudo&lt;remove_lock&gt;, exit status 0
09:18:08 INFO  Executed sudo&lt;agent_clear&gt;, exit status 0
09:18:08 INFO  Executed sudo&lt;agent_init&gt;, exit status 0
09:18:09 INFO  Executed sudo&lt;pub_req&gt;, exit status 0
09:18:09 INFO  Started sudo&lt;sub_resp&gt; with process id 21242
09:18:09 INFO  Executed sudo&lt;agent_start&gt;, exit status 0
09:18:09 INFO  Waiting for 2.0 seconds
09:18:12 INFO  Executed sudo&lt;agent_stop&gt;, exit status 0
09:18:12 INFO  Executed sudo&lt;sub_stop&gt;, exit status 0
09:18:12 WARN  Grep on sub_resp.out contains &quot;Ld3KgqpcLDlrYH6sfpG7w&quot; ... failed [run.py:87]
09:18:12 INFO  
09:18:12 INFO  Test duration: 5.88 secs
09:18:12 INFO  Test final outcome:  FAILED
09:18:12 INFO  Test outcome reason: Grep on sub_resp.out contains &quot;Ld3KgqpcLDlrYH6sfpG7w&quot;
09:18:12 INFO  
</system-out>
	</testcase>
</testsuite>
