<?xml version="1.0" encoding="utf-8"?>
<testsuite failures="1" name="agent_init_session" skipped="0" tests="1" time="6.74" timestamp="2022-05-09T16:03:22">
	<testcase classname="AgentInitSession" name="agent_init_session">
		<failure message="FAILED: Grep on sub_resp.out contains &quot;Ld3KgqpcLDlrYH6sfpG7w&quot;" type="FAILED"/>
		<system-out>16:03:15 INFO  ==============================================================
16:03:15 INFO  Id:    agent_init_session
16:03:15 INFO  Dir:   tedge_agent/
16:03:15 INFO  Title: Validate tedge agent init session feature
16:03:15 INFO  ==============================================================
16:03:16 INFO  Executed sudo&lt;remove_lock&gt;, exit status 0
16:03:16 INFO  Executed sudo&lt;agent_clear&gt;, exit status 0
16:03:17 INFO  Executed sudo&lt;agent_init&gt;, exit status 0
16:03:17 INFO  Executed sudo&lt;pub_req&gt;, exit status 0
16:03:17 INFO  Started sudo&lt;sub_resp&gt; with process id 31760
16:03:18 INFO  Executed sudo&lt;agent_start&gt;, exit status 0
16:03:18 INFO  Waiting for 2.0 seconds
16:03:21 INFO  Executed sudo&lt;agent_stop&gt;, exit status 0
16:03:21 INFO  Executed sudo&lt;sub_stop&gt;, exit status 0
16:03:22 WARN  Grep on sub_resp.out contains &quot;Ld3KgqpcLDlrYH6sfpG7w&quot; ... failed [run.py:87]
16:03:22 INFO  
16:03:22 INFO  Test duration: 6.74 secs
16:03:22 INFO  Test final outcome:  FAILED
16:03:22 INFO  Test outcome reason: Grep on sub_resp.out contains &quot;Ld3KgqpcLDlrYH6sfpG7w&quot;
16:03:22 INFO  
</system-out>
	</testcase>
</testsuite>
