<?xml version="1.0" encoding="utf-8"?>
<testsuite failures="0" name="runtime_start_two_mappers" skipped="1" tests="1" time="0.02" timestamp="2022-05-11T11:46:03">
	<testcase classname="RuntimeMultiMappers" name="runtime_start_two_mappers">
		<skipped message="SKIPPED: Test execution disabled due to #1124"/>
		<system-out>11:46:03 INFO  ==============================================================
11:46:03 INFO  Id:    runtime_start_two_mappers
11:46:03 INFO  Dir:   tedge_mapper_c8y/
11:46:03 INFO  Title: Validate two mappers can't be started at the same time
11:46:03 INFO  ==============================================================
11:46:03 INFO  Test execution disabled due to #1124 ... skipped
11:46:03 INFO  
11:46:03 INFO  Test duration: 0.02 secs
11:46:03 INFO  Test final outcome:  SKIPPED
11:46:03 INFO  Test outcome reason: Test execution disabled due to #1124
11:46:03 INFO  
</system-out>
	</testcase>
</testsuite>
