<?xml version="1.0" encoding="utf-8"?>
<testsuite failures="0" name="pysys_fail" skipped="1" tests="1" time="0.02" timestamp="2022-04-21T13:38:12">
	<testcase classname="Fail" name="pysys_fail">
		<skipped message="SKIPPED: Enable this to observe a failing test"/>
		<system-out>13:38:12 INFO  ==============================================================
13:38:12 INFO  Id:    pysys_fail
13:38:12 INFO  Dir:   misc_features/
13:38:12 INFO  Title: fail
13:38:12 INFO  ==============================================================
13:38:12 INFO  Enable this to observe a failing test ... skipped
13:38:12 INFO  
13:38:12 INFO  Test duration: 0.02 secs
13:38:12 INFO  Test final outcome:  SKIPPED
13:38:12 INFO  Test outcome reason: Enable this to observe a failing test
13:38:12 INFO  
</system-out>
	</testcase>
</testsuite>
