<?xml version="1.0" encoding="utf-8"?>
<testsuite failures="0" name="smoketest_json" skipped="0" tests="1" time="45.69" timestamp="2022-05-16T07:25:04">
	<testcase classname="SmokeTestJson" name="smoketest_json"/>
</testsuite>
