<?xml version="1.0" encoding="utf-8"?>
<testsuite failures="0" name="apt_install_local_file_with_version" skipped="1" tests="1" time="0.02" timestamp="2022-05-04T07:59:51">
	<testcase classname="AptPluginInstallFromLocalFileWithVersion" name="apt_install_local_file_with_version">
		<skipped message="SKIPPED: Testing the apt plugin is not supported on this platform.To run the tests call PySys with -XmyPlatform='container'"/>
		<system-out>07:59:50 INFO  ==============================================================
07:59:50 INFO  Id:    apt_install_local_file_with_version
07:59:50 INFO  Dir:   plugin_apt/
07:59:50 INFO  Title: Validate apt plugin install from local file AND with a version - SUCCESS case
07:59:50 INFO  ==============================================================
07:59:50 INFO  Testing the apt plugin is not supported on this platform.To run the tests call PySys with -XmyPlatform='container' ... skipped
07:59:50 WARN  Aborted test due to SKIPPED outcome
07:59:50 INFO  
07:59:50 INFO  Test duration: 0.02 secs
07:59:50 INFO  Test final outcome:  SKIPPED
07:59:50 INFO  Test outcome reason: Testing the apt plugin is not supported on this platform.To run the tests call PySys with -XmyPlatform='container'
07:59:50 INFO  
</system-out>
	</testcase>
</testsuite>
