<?xml version="1.0" encoding="utf-8"?>
<testsuite failures="0" name="monitoring_smaller_interval" skipped="1" tests="1" time="0.02" timestamp="2022-04-27T14:22:37">
	<testcase classname="MonitoringSmallInterval" name="monitoring_smaller_interval">
		<skipped message="SKIPPED: Fails due to retained message"/>
		<system-out>14:22:37 INFO  ==============================================================
14:22:37 INFO  Id:    monitoring_smaller_interval
14:22:37 INFO  Dir:   monitoring/
14:22:37 INFO  Title: Validate the tedge dm agent messages that are produced with smaller sampling interval than the batching window. Here the simulated collectd messages are used
14:22:37 INFO  ==============================================================
14:22:37 INFO  Fails due to retained message ... skipped
14:22:37 INFO  
14:22:37 INFO  Test duration: 0.02 secs
14:22:37 INFO  Test final outcome:  SKIPPED
14:22:37 INFO  Test outcome reason: Fails due to retained message
14:22:37 INFO  
</system-out>
	</testcase>
</testsuite>
