<?xml version="1.0" encoding="utf-8"?>
<testsuite failures="0" name="SoftwareManagement.Plugin.apama_plugin_update" skipped="1" tests="1" time="0.03" timestamp="2022-05-11T11:32:40">
	<testcase classname="ApamaPluginUpdateTest" name="SoftwareManagement.Plugin.apama_plugin_update">
		<skipped message="SKIPPED: Test execution disabled due to #1052"/>
		<system-out>11:32:40 INFO  ==============================================================
11:32:40 INFO  Id:    SoftwareManagement.Plugin.apama_plugin_update
11:32:40 INFO  Dir:   plugin_apama/
11:32:40 INFO  Title: Validate apama plugin updating one project with another
11:32:40 INFO  ==============================================================
11:32:40 INFO  Test execution disabled due to #1052 ... skipped
11:32:40 INFO  
11:32:40 INFO  Test duration: 0.03 secs
11:32:40 INFO  Test final outcome:  SKIPPED
11:32:40 INFO  Test outcome reason: Test execution disabled due to #1052
11:32:40 INFO  
</system-out>
	</testcase>
</testsuite>
