<?xml version="1.0" encoding="utf-8"?>
<testsuite failures="0" name="apt_prepare_install_finalize" skipped="1" tests="1" time="0.03" timestamp="2022-05-09T15:52:41">
	<testcase classname="AptPluginPrepareInstallFinalize" name="apt_prepare_install_finalize">
		<skipped message="SKIPPED: Testing the apt plugin is not supported on this platform.To run the tests call PySys with -XmyPlatform='container'"/>
		<system-out>15:52:41 INFO  ==============================================================
15:52:41 INFO  Id:    apt_prepare_install_finalize
15:52:41 INFO  Dir:   plugin_apt/
15:52:41 INFO  Title: Validate apt plugin install use case
15:52:41 INFO  ==============================================================
15:52:41 INFO  Testing the apt plugin is not supported on this platform.To run the tests call PySys with -XmyPlatform='container' ... skipped
15:52:41 WARN  Aborted test due to SKIPPED outcome
15:52:41 INFO  
15:52:41 INFO  Test duration: 0.03 secs
15:52:41 INFO  Test final outcome:  SKIPPED
15:52:41 INFO  Test outcome reason: Testing the apt plugin is not supported on this platform.To run the tests call PySys with -XmyPlatform='container'
15:52:41 INFO  
</system-out>
	</testcase>
</testsuite>
