<?xml version="1.0" encoding="utf-8"?>
<testsuite failures="0" name="docker_plugin_install_with_version" skipped="1" tests="1" time="0.02" timestamp="2022-04-28T07:24:44">
	<testcase classname="DockerPluginInstallWithVersionTest" name="docker_plugin_install_with_version">
		<skipped message="SKIPPED: Testing the docker plugin is not supported on this platform.To run it, all the test with -XmyPlatform='container'"/>
		<system-out>07:24:44 INFO  ==============================================================
07:24:44 INFO  Id:    docker_plugin_install_with_version
07:24:44 INFO  Dir:   plugin_docker/
07:24:44 INFO  Title: Validate docker plugin install
07:24:44 INFO  ==============================================================
07:24:44 INFO  Testing the docker plugin is not supported on this platform.To run it, all the test with -XmyPlatform='container' ... skipped
07:24:44 WARN  Aborted test due to SKIPPED outcome
07:24:44 INFO  
07:24:44 INFO  Test duration: 0.02 secs
07:24:44 INFO  Test final outcome:  SKIPPED
07:24:44 INFO  Test outcome reason: Testing the docker plugin is not supported on this platform.To run it, all the test with -XmyPlatform='container'
07:24:44 INFO  
</system-out>
	</testcase>
</testsuite>
