<?xml version="1.0" encoding="utf-8"?>
<testsuite failures="0" name="docker_plugin_remove" skipped="1" tests="1" time="0.02" timestamp="2022-04-29T09:09:22">
	<testcase classname="DockerPluginRemoveTest" name="docker_plugin_remove">
		<skipped message="SKIPPED: Testing the docker plugin is not supported on this platform.To run it, all the test with -XmyPlatform='container'"/>
		<system-out>09:09:22 INFO  ==============================================================
09:09:22 INFO  Id:    docker_plugin_remove
09:09:22 INFO  Dir:   plugin_docker/
09:09:22 INFO  Title: Validate docker plugin remove
09:09:22 INFO  ==============================================================
09:09:22 INFO  Testing the docker plugin is not supported on this platform.To run it, all the test with -XmyPlatform='container' ... skipped
09:09:22 WARN  Aborted test due to SKIPPED outcome
09:09:22 INFO  
09:09:22 INFO  Test duration: 0.02 secs
09:09:22 INFO  Test final outcome:  SKIPPED
09:09:22 INFO  Test outcome reason: Testing the docker plugin is not supported on this platform.To run it, all the test with -XmyPlatform='container'
09:09:22 INFO  
</system-out>
	</testcase>
</testsuite>
