<?xml version="1.0" encoding="utf-8"?>
<testsuite failures="0" name="monitoring_smaller_interval" skipped="1" tests="1" time="0.02" timestamp="2022-04-21T13:38:44">
	<testcase classname="MonitoringSmallInterval" name="monitoring_smaller_interval">
		<skipped message="SKIPPED: Fails due to retained message"/>
		<system-out>13:38:43 INFO  ==============================================================
13:38:43 INFO  Id:    monitoring_smaller_interval
13:38:43 INFO  Dir:   monitoring/
13:38:43 INFO  Title: Validate the tedge dm agent messages that are produced with smaller sampling interval than the batching window. Here the simulated collectd messages are used
13:38:43 INFO  ==============================================================
13:38:43 INFO  Fails due to retained message ... skipped
13:38:43 INFO  
13:38:43 INFO  Test duration: 0.02 secs
13:38:43 INFO  Test final outcome:  SKIPPED
13:38:43 INFO  Test outcome reason: Fails due to retained message
13:38:43 INFO  
</system-out>
	</testcase>
</testsuite>
