<?xml version="1.0" encoding="utf-8"?>
<testsuite failures="1" name="c8y_jwt_token_retrieval" skipped="0" tests="1" time="24.14" timestamp="2022-04-21T13:35:48">
	<testcase classname="ValidateJWTTokenRetrieval" name="c8y_jwt_token_retrieval">
		<failure message="FAILED: Grep on resp_jwt.out contains &quot;\[c8y/s/dat\] 71,&quot;" type="FAILED"/>
		<system-out>13:35:23 INFO  ==============================================================
13:35:23 INFO  Id:    c8y_jwt_token_retrieval
13:35:23 INFO  Dir:   cloud_c8y/
13:35:23 INFO  Title: Validate the Cumulocity JWT Token Retrieval feature
13:35:23 INFO  ==============================================================
13:35:24 INFO  Executed sudo&lt;tedge_disconnect_c8y&gt;, exit status 0
13:35:39 INFO  Executed sudo&lt;tedge_connect_c8y&gt;, exit status 0, duration 15 secs
13:35:39 INFO  Started sudo&lt;resp_jwt&gt; with process id 26677
13:35:41 INFO  Executed sudo&lt;req_jwt&gt;, exit status 0
13:35:43 INFO  Executed sudo&lt;kill_out&gt;, exit status 0
13:35:43 WARN  Grep on resp_jwt.out contains &quot;\[c8y/s/dat\] 71,&quot; ... failed [run.py:60]
13:35:43 INFO  
13:35:43 INFO  cleanup:
13:35:48 INFO  Executed sudo&lt;tedge_disconnect_c8y&gt;, exit status 0
13:35:48 INFO  
13:35:48 INFO  Test duration: 24.14 secs
13:35:48 INFO  Test final outcome:  FAILED
13:35:48 INFO  Test outcome reason: Grep on resp_jwt.out contains &quot;\[c8y/s/dat\] 71,&quot;
13:35:48 INFO  
</system-out>
	</testcase>
</testsuite>
