<?xml version="1.0" encoding="utf-8"?>
<testsuite failures="0" name="SoftwareManagement.Plugin.apama_plugin_update" skipped="1" tests="1" time="0.02" timestamp="2022-05-09T15:52:38">
	<testcase classname="ApamaPluginUpdateTest" name="SoftwareManagement.Plugin.apama_plugin_update">
		<skipped message="SKIPPED: Test execution disabled due to #1052"/>
		<system-out>15:52:37 INFO  ==============================================================
15:52:37 INFO  Id:    SoftwareManagement.Plugin.apama_plugin_update
15:52:37 INFO  Dir:   plugin_apama/
15:52:37 INFO  Title: Validate apama plugin updating one project with another
15:52:37 INFO  ==============================================================
15:52:38 INFO  Test execution disabled due to #1052 ... skipped
15:52:38 INFO  
15:52:38 INFO  Test duration: 0.02 secs
15:52:38 INFO  Test final outcome:  SKIPPED
15:52:38 INFO  Test outcome reason: Test execution disabled due to #1052
15:52:38 INFO  
</system-out>
	</testcase>
</testsuite>
