<?xml version="1.0" encoding="utf-8"?>
<testsuite failures="0" name="publish_flux" skipped="0" tests="1" time="72.66" timestamp="2022-05-16T07:22:58">
	<testcase classname="PublishFlux" name="publish_flux"/>
</testsuite>
