<?xml version="1.0" encoding="utf-8"?>
<testsuite failures="0" name="mqtt_port_unset" skipped="0" tests="1" time="1.62" timestamp="2022-04-27T14:21:33">
	<testcase classname="MqttPortUnSet" name="mqtt_port_unset"/>
</testsuite>
