<?xml version="1.0" encoding="utf-8"?>
<testsuite failures="0" name="apt_fail_noarg" skipped="1" tests="1" time="0.09" timestamp="2022-04-29T09:09:18">
	<testcase classname="AptPluginFailNoArg" name="apt_fail_noarg">
		<skipped message="SKIPPED: Testing the apt plugin is not supported on this platform.To run the tests call PySys with -XmyPlatform='container'"/>
		<system-out>09:09:17 INFO  ==============================================================
09:09:17 INFO  Id:    apt_fail_noarg
09:09:17 INFO  Dir:   plugin_apt/
09:09:17 INFO  Title: Validate apt plugin fetures(prepare, list, install, remove finalize) without arguments
09:09:17 INFO  ==============================================================
09:09:17 INFO  Testing the apt plugin is not supported on this platform.To run the tests call PySys with -XmyPlatform='container' ... skipped
09:09:17 WARN  Aborted test due to SKIPPED outcome
09:09:17 INFO  
09:09:17 INFO  Test duration: 0.09 secs
09:09:17 INFO  Test final outcome:  SKIPPED
09:09:17 INFO  Test outcome reason: Testing the apt plugin is not supported on this platform.To run the tests call PySys with -XmyPlatform='container'
09:09:17 INFO  
</system-out>
	</testcase>
</testsuite>
