<?xml version="1.0" encoding="utf-8"?>
<testsuite failures="0" name="SoftwareManagement.sm_mapper_fail_and_reconnect" skipped="1" tests="1" time="0.04" timestamp="2022-04-29T09:17:14">
	<testcase classname="MapperC8yReceiveLastMessageOnRestart" name="SoftwareManagement.sm_mapper_fail_and_reconnect">
		<skipped message="SKIPPED: instable https://github.com/thin-edge/thin-edge.io/issues/752"/>
		<system-out>09:17:13 INFO  ==============================================================
09:17:13 INFO  Id:    SoftwareManagement.sm_mapper_fail_and_reconnect
09:17:13 INFO  Dir:   software_management_end_to_end/
09:17:13 INFO  Title: Validate the tedge-mapper-sm-c8y for receiving the last message on restart
09:17:13 INFO  ==============================================================
09:17:13 INFO  instable https://github.com/thin-edge/thin-edge.io/issues/752 ... skipped
09:17:14 INFO  
09:17:14 INFO  Test duration: 0.04 secs
09:17:14 INFO  Test final outcome:  SKIPPED
09:17:14 INFO  Test outcome reason: instable https://github.com/thin-edge/thin-edge.io/issues/752
09:17:14 INFO  
</system-out>
	</testcase>
</testsuite>
