<?xml version="1.0" encoding="utf-8"?>
<testsuite failures="1" name="log_request_num_lines" skipped="0" tests="1" time="31.62" timestamp="2022-04-28T15:26:48">
	<testcase classname="LogRequestVerifyNumberOfLines" name="log_request_num_lines">
		<failure message="FAILED: Assert that (True == value) with value=False" type="FAILED"/>
		<system-out>15:26:16 INFO  ==============================================================
15:26:16 INFO  Id:    log_request_num_lines
15:26:16 INFO  Dir:   log_request_end_to_end/
15:26:16 INFO  Title: Validate end to end behaviour for the log request operation check for number of lines
15:26:16 INFO  ==============================================================
15:26:16 INFO  EnvironmentC8y Setup
15:26:16 INFO  Executed systemctl&lt;serv_mapper1&gt;, exit status 3
15:26:17 INFO  Restarting mosquitto too frequently in the last 10 seconds. It was only up for 5 seconds
15:26:17 INFO  Delaying execution by 6 seconds
15:26:37 INFO  Executed sudo&lt;tedge_connect_c8y&gt;, exit status 0, duration 14 secs
15:26:37 INFO  Executed sudo&lt;tedge_connect_c8y_test&gt;, exit status 0
15:26:38 INFO  Executed systemctl&lt;serv_mosq2&gt;, exit status 0
15:26:38 INFO  Executed systemctl&lt;serv_mapper3&gt;, exit status 0
15:26:39 INFO  Executed sudo&lt;rm_logs&gt;, exit status 0
15:26:39 INFO  Executed sudo&lt;move_logs&gt;, exit status 0
15:26:40 INFO  log response None
15:26:40 WARN  retry, retrying in 1 seconds...
15:26:41 INFO  log response https://thin-edge-io.eu-latest.cumulocity.com/event/events/17907937/binaries
15:26:41 INFO  nlines 0
15:26:41 WARN  Assert that (True == value) with value=False ... failed [run.py:44]
15:26:41 INFO  
15:26:41 INFO  cleanup:
15:26:42 INFO  Executed sudo&lt;rm_logs&gt;, exit status 0
15:26:42 INFO  Executed sudo&lt;rm_tmp_logs&gt;, exit status 0
15:26:43 INFO  Executed sudo&lt;send_failed&gt;, exit status 0
15:26:47 INFO  Executed sudo&lt;tedge_disconnect_c8y&gt;, exit status 0
15:26:48 INFO  Executed systemctl&lt;serv_mapper5&gt;, exit status 3
15:26:48 INFO  
15:26:48 INFO  Test duration: 31.62 secs
15:26:48 INFO  Test final outcome:  FAILED
15:26:48 INFO  Test outcome reason: Assert that (True == value) with value=False
15:26:48 INFO  
</system-out>
	</testcase>
</testsuite>
