<?xml version="1.0" encoding="utf-8"?>
<testsuite failures="0" name="custom_init_system" skipped="0" tests="1" time="28.99" timestamp="2022-04-28T07:23:38">
	<testcase classname="CustomInitSystem" name="custom_init_system"/>
</testsuite>
