<?xml version="1.0" encoding="utf-8"?>
<testsuite failures="1" name="agent_init_session" skipped="0" tests="1" time="6.18" timestamp="2022-05-11T11:43:26">
	<testcase classname="AgentInitSession" name="agent_init_session">
		<failure message="FAILED: Grep on sub_resp.out contains &quot;Ld3KgqpcLDlrYH6sfpG7w&quot;" type="FAILED"/>
		<system-out>11:43:20 INFO  ==============================================================
11:43:20 INFO  Id:    agent_init_session
11:43:20 INFO  Dir:   tedge_agent/
11:43:20 INFO  Title: Validate tedge agent init session feature
11:43:20 INFO  ==============================================================
11:43:20 INFO  Executed sudo&lt;remove_lock&gt;, exit status 0
11:43:21 INFO  Executed sudo&lt;agent_clear&gt;, exit status 0
11:43:21 INFO  Executed sudo&lt;agent_init&gt;, exit status 0
11:43:22 INFO  Executed sudo&lt;pub_req&gt;, exit status 0
11:43:22 INFO  Started sudo&lt;sub_resp&gt; with process id 29830
11:43:22 INFO  Executed sudo&lt;agent_start&gt;, exit status 0
11:43:22 INFO  Waiting for 2.0 seconds
11:43:25 INFO  Executed sudo&lt;agent_stop&gt;, exit status 0
11:43:25 INFO  Executed sudo&lt;sub_stop&gt;, exit status 0
11:43:26 WARN  Grep on sub_resp.out contains &quot;Ld3KgqpcLDlrYH6sfpG7w&quot; ... failed [run.py:87]
11:43:26 INFO  
11:43:26 INFO  Test duration: 6.18 secs
11:43:26 INFO  Test final outcome:  FAILED
11:43:26 INFO  Test outcome reason: Grep on sub_resp.out contains &quot;Ld3KgqpcLDlrYH6sfpG7w&quot;
11:43:26 INFO  
</system-out>
	</testcase>
</testsuite>
