<?xml version="1.0" encoding="utf-8"?>
<testsuite failures="1" name="agent_init_session" skipped="0" tests="1" time="5.99" timestamp="2022-04-27T14:33:17">
	<testcase classname="AgentInitSession" name="agent_init_session">
		<failure message="FAILED: Grep on sub_resp.out contains &quot;Ld3KgqpcLDlrYH6sfpG7w&quot;" type="FAILED"/>
		<system-out>14:33:11 INFO  ==============================================================
14:33:11 INFO  Id:    agent_init_session
14:33:11 INFO  Dir:   tedge_agent/
14:33:11 INFO  Title: Validate tedge agent init session feature
14:33:11 INFO  ==============================================================
14:33:12 INFO  Executed sudo&lt;remove_lock&gt;, exit status 0
14:33:12 INFO  Executed sudo&lt;agent_clear&gt;, exit status 0
14:33:13 INFO  Executed sudo&lt;agent_init&gt;, exit status 0
14:33:13 INFO  Executed sudo&lt;pub_req&gt;, exit status 0
14:33:13 INFO  Started sudo&lt;sub_resp&gt; with process id 21768
14:33:14 INFO  Executed sudo&lt;agent_start&gt;, exit status 0
14:33:14 INFO  Waiting for 2.0 seconds
14:33:16 INFO  Executed sudo&lt;agent_stop&gt;, exit status 0
14:33:17 INFO  Executed sudo&lt;sub_stop&gt;, exit status 0
14:33:17 WARN  Grep on sub_resp.out contains &quot;Ld3KgqpcLDlrYH6sfpG7w&quot; ... failed [run.py:87]
14:33:17 INFO  
14:33:17 INFO  Test duration: 5.99 secs
14:33:17 INFO  Test final outcome:  FAILED
14:33:17 INFO  Test outcome reason: Grep on sub_resp.out contains &quot;Ld3KgqpcLDlrYH6sfpG7w&quot;
14:33:17 INFO  
</system-out>
	</testcase>
</testsuite>
