<?xml version="1.0" encoding="utf-8"?>
<testsuite failures="0" name="apt_sequence_install_with_version" skipped="1" tests="1" time="0.02" timestamp="2022-04-28T15:28:32">
	<testcase classname="AptPluginPrepInstallWithVersionFinalize" name="apt_sequence_install_with_version">
		<skipped message="SKIPPED: Testing the apt plugin is not supported on this platform.To run the tests call PySys with -XmyPlatform='container'"/>
		<system-out>15:28:32 INFO  ==============================================================
15:28:32 INFO  Id:    apt_sequence_install_with_version
15:28:32 INFO  Dir:   plugin_apt/
15:28:32 INFO  Title: Validate apt plugin install with version use case
15:28:32 INFO  ==============================================================
15:28:32 INFO  Testing the apt plugin is not supported on this platform.To run the tests call PySys with -XmyPlatform='container' ... skipped
15:28:32 WARN  Aborted test due to SKIPPED outcome
15:28:32 INFO  
15:28:32 INFO  Test duration: 0.02 secs
15:28:32 INFO  Test final outcome:  SKIPPED
15:28:32 INFO  Test outcome reason: Testing the apt plugin is not supported on this platform.To run the tests call PySys with -XmyPlatform='container'
15:28:32 INFO  
</system-out>
	</testcase>
</testsuite>
