<?xml version="1.0" encoding="utf-8"?>
<testsuite failures="0" name="apt_prepare_install_finalize" skipped="1" tests="1" time="0.06" timestamp="2022-04-28T07:24:43">
	<testcase classname="AptPluginPrepareInstallFinalize" name="apt_prepare_install_finalize">
		<skipped message="SKIPPED: Testing the apt plugin is not supported on this platform.To run the tests call PySys with -XmyPlatform='container'"/>
		<system-out>07:24:43 INFO  ==============================================================
07:24:43 INFO  Id:    apt_prepare_install_finalize
07:24:43 INFO  Dir:   plugin_apt/
07:24:43 INFO  Title: Validate apt plugin install use case
07:24:43 INFO  ==============================================================
07:24:43 INFO  Testing the apt plugin is not supported on this platform.To run the tests call PySys with -XmyPlatform='container' ... skipped
07:24:43 WARN  Aborted test due to SKIPPED outcome
07:24:43 INFO  
07:24:43 INFO  Test duration: 0.06 secs
07:24:43 INFO  Test final outcome:  SKIPPED
07:24:43 INFO  Test outcome reason: Testing the apt plugin is not supported on this platform.To run the tests call PySys with -XmyPlatform='container'
07:24:43 INFO  
</system-out>
	</testcase>
</testsuite>
