<?xml version="1.0" encoding="utf-8"?>
<testsuite failures="0" name="tedge_mapper_c8y_child_device_measurement" skipped="1" tests="1" time="0.05" timestamp="2022-05-09T16:07:12">
	<testcase classname="TedgeMapperC8yChildDevice" name="tedge_mapper_c8y_child_device_measurement">
		<skipped message="SKIPPED: Test execution disabled due to #1088"/>
		<system-out>16:07:12 INFO  ==============================================================
16:07:12 INFO  Id:    tedge_mapper_c8y_child_device_measurement
16:07:12 INFO  Dir:   tedge_mapper_c8y/
16:07:12 INFO  Title: Validate that measurements sent to tedge/measurements/child topic gets mapped as the child device's measurement in Cumulocity
16:07:12 INFO  ==============================================================
16:07:12 INFO  Test execution disabled due to #1088 ... skipped
16:07:12 INFO  
16:07:12 INFO  Test duration: 0.05 secs
16:07:12 INFO  Test final outcome:  SKIPPED
16:07:12 INFO  Test outcome reason: Test execution disabled due to #1088
16:07:12 INFO  
</system-out>
	</testcase>
</testsuite>
