<?xml version="1.0" encoding="utf-8"?>
<testsuite failures="0" name="monitoring_smaller_interval" skipped="1" tests="1" time="0.02" timestamp="2022-05-09T15:52:37">
	<testcase classname="MonitoringSmallInterval" name="monitoring_smaller_interval">
		<skipped message="SKIPPED: Fails due to retained message"/>
		<system-out>15:52:37 INFO  ==============================================================
15:52:37 INFO  Id:    monitoring_smaller_interval
15:52:37 INFO  Dir:   monitoring/
15:52:37 INFO  Title: Validate the tedge dm agent messages that are produced with smaller sampling interval than the batching window. Here the simulated collectd messages are used
15:52:37 INFO  ==============================================================
15:52:37 INFO  Fails due to retained message ... skipped
15:52:37 INFO  
15:52:37 INFO  Test duration: 0.02 secs
15:52:37 INFO  Test final outcome:  SKIPPED
15:52:37 INFO  Test outcome reason: Fails due to retained message
15:52:37 INFO  
</system-out>
	</testcase>
</testsuite>
