<?xml version="1.0" encoding="utf-8"?>
<testsuite failures="0" name="tedge_connect_test_negative" skipped="0" tests="1" time="0.63" timestamp="2022-04-29T09:18:36">
	<testcase classname="TedgeConnectTestNegative" name="tedge_connect_test_negative"/>
</testsuite>
