<?xml version="1.0" encoding="utf-8"?>
<testsuite failures="1" name="local_mqtt_pub_sub_retain" skipped="0" tests="1" time="5.98" timestamp="2022-05-03T07:51:10">
	<testcase classname="MqttPublishWithRetain" name="local_mqtt_pub_sub_retain">
		<failure message="FAILED: Grep on temp_sensor_sub.out contains &quot;\[test/alarms/temp_sensor\] alarm msg 2&quot; (+1 other failures)" type="FAILED"/>
		<system-out>07:51:04 INFO  ==============================================================
07:51:04 INFO  Id:    local_mqtt_pub_sub_retain
07:51:04 INFO  Dir:   local_mqtt/
07:51:04 INFO  Title: Validate local publishing with retain flag
07:51:04 INFO  ==============================================================
07:51:05 INFO  Executed tedge&lt;pub_to_set_alarm&gt;, exit status 0
07:51:05 INFO  Executed tedge&lt;pub_to_set_alarm&gt;, exit status 0
07:51:06 INFO  Started tedge&lt;temp_sensor_sub&gt; with process id 30653
07:51:07 INFO  Executed tedge&lt;pub_to_clear_alarm&gt;, exit status 0
07:51:08 INFO  Executed sudo&lt;kill_out&gt;, exit status 0
07:51:08 INFO  Executed tedge&lt;pub_to_clear_alarm&gt;, exit status 0
07:51:08 INFO  Started tedge&lt;temp_sensor_empty_message&gt; with process id 30658
07:51:10 INFO  Executed sudo&lt;kill_out&gt;, exit status 0
07:51:10 WARN  Grep on temp_sensor_sub.out contains &quot;\[test/alarms/temp_sensor\] alarm msg 2&quot; ... failed [run.py:139]
07:51:10 WARN  Grep on temp_sensor_sub.out contains &quot;\[test/alarms/temp_sensor\] &quot; ... failed [run.py:142]
07:51:10 INFO  Grep on file temp_sensor_empty_message.out ... passed
07:51:10 INFO  
07:51:10 INFO  Test duration: 5.98 secs
07:51:10 INFO  Test final outcome:  FAILED
07:51:10 INFO  Test outcome reason: Grep on temp_sensor_sub.out contains &quot;\[test/alarms/temp_sensor\] alarm msg 2&quot; (+1 other failures)
07:51:10 INFO  
</system-out>
	</testcase>
</testsuite>
