<?xml version="1.0" encoding="utf-8"?>
<testsuite failures="1" name="agent_init_session" skipped="0" tests="1" time="6.15" timestamp="2022-04-28T15:37:21">
	<testcase classname="AgentInitSession" name="agent_init_session">
		<failure message="FAILED: Grep on sub_resp.out contains &quot;Ld3KgqpcLDlrYH6sfpG7w&quot;" type="FAILED"/>
		<system-out>15:37:15 INFO  ==============================================================
15:37:15 INFO  Id:    agent_init_session
15:37:15 INFO  Dir:   tedge_agent/
15:37:15 INFO  Title: Validate tedge agent init session feature
15:37:15 INFO  ==============================================================
15:37:16 INFO  Executed sudo&lt;remove_lock&gt;, exit status 0
15:37:16 INFO  Executed sudo&lt;agent_clear&gt;, exit status 0
15:37:17 INFO  Executed sudo&lt;agent_init&gt;, exit status 0
15:37:17 INFO  Executed sudo&lt;pub_req&gt;, exit status 0
15:37:18 INFO  Started sudo&lt;sub_resp&gt; with process id 21517
15:37:18 INFO  Executed sudo&lt;agent_start&gt;, exit status 0
15:37:18 INFO  Waiting for 2.0 seconds
15:37:21 INFO  Executed sudo&lt;agent_stop&gt;, exit status 0
15:37:21 INFO  Executed sudo&lt;sub_stop&gt;, exit status 0
15:37:21 WARN  Grep on sub_resp.out contains &quot;Ld3KgqpcLDlrYH6sfpG7w&quot; ... failed [run.py:87]
15:37:21 INFO  
15:37:21 INFO  Test duration: 6.15 secs
15:37:21 INFO  Test final outcome:  FAILED
15:37:21 INFO  Test outcome reason: Grep on sub_resp.out contains &quot;Ld3KgqpcLDlrYH6sfpG7w&quot;
15:37:21 INFO  
</system-out>
	</testcase>
</testsuite>
