<?xml version="1.0" encoding="utf-8"?>
<testsuite failures="0" name="pysys_fail" skipped="1" tests="1" time="0.02" timestamp="2022-05-09T15:52:05">
	<testcase classname="Fail" name="pysys_fail">
		<skipped message="SKIPPED: Enable this to observe a failing test"/>
		<system-out>15:52:05 INFO  ==============================================================
15:52:05 INFO  Id:    pysys_fail
15:52:05 INFO  Dir:   misc_features/
15:52:05 INFO  Title: fail
15:52:05 INFO  ==============================================================
15:52:05 INFO  Enable this to observe a failing test ... skipped
15:52:05 INFO  
15:52:05 INFO  Test duration: 0.02 secs
15:52:05 INFO  Test final outcome:  SKIPPED
15:52:05 INFO  Test outcome reason: Enable this to observe a failing test
15:52:05 INFO  
</system-out>
	</testcase>
</testsuite>
