<?xml version="1.0" encoding="utf-8"?>
<testsuite failures="0" name="docker_plugin_remove_with_version" skipped="1" tests="1" time="0.02" timestamp="2022-05-09T15:52:43">
	<testcase classname="DockerPluginRemoveWithVersionTest" name="docker_plugin_remove_with_version">
		<skipped message="SKIPPED: Testing the docker plugin is not supported on this platform.To run it, all the test with -XmyPlatform='container'"/>
		<system-out>15:52:42 INFO  ==============================================================
15:52:42 INFO  Id:    docker_plugin_remove_with_version
15:52:42 INFO  Dir:   plugin_docker/
15:52:42 INFO  Title: Validate docker plugin remove with version
15:52:42 INFO  ==============================================================
15:52:43 INFO  Testing the docker plugin is not supported on this platform.To run it, all the test with -XmyPlatform='container' ... skipped
15:52:43 WARN  Aborted test due to SKIPPED outcome
15:52:43 INFO  
15:52:43 INFO  Test duration: 0.02 secs
15:52:43 INFO  Test final outcome:  SKIPPED
15:52:43 INFO  Test outcome reason: Testing the docker plugin is not supported on this platform.To run it, all the test with -XmyPlatform='container'
15:52:43 INFO  
</system-out>
	</testcase>
</testsuite>
