<?xml version="1.0" encoding="utf-8"?>
<testsuite failures="0" name="call_tedge_config_help" skipped="0" tests="1" time="0.51" timestamp="2022-04-28T15:36:25">
	<testcase classname="PySysTest" name="call_tedge_config_help"/>
</testsuite>
