<?xml version="1.0" encoding="utf-8"?>
<testsuite failures="1" name="c8y_jwt_token_retrieval" skipped="0" tests="1" time="23.08" timestamp="2022-04-19T13:27:11">
	<testcase classname="ValidateJWTTokenRetrieval" name="c8y_jwt_token_retrieval">
		<failure message="FAILED: Grep on resp_jwt.out contains &quot;\[c8y/s/dat\] 71,&quot;" type="FAILED"/>
		<system-out>13:26:48 INFO  ==============================================================
13:26:48 INFO  Id:    c8y_jwt_token_retrieval
13:26:48 INFO  Dir:   cloud_c8y/
13:26:48 INFO  Title: Validate the Cumulocity JWT Token Retrieval feature
13:26:48 INFO  ==============================================================
13:26:49 INFO  Executed sudo&lt;tedge_disconnect_c8y&gt;, exit status 0
13:27:03 INFO  Executed sudo&lt;tedge_connect_c8y&gt;, exit status 0, duration 14 secs
13:27:03 INFO  Started sudo&lt;resp_jwt&gt; with process id 18616
13:27:04 INFO  Executed sudo&lt;req_jwt&gt;, exit status 0
13:27:07 INFO  Executed sudo&lt;kill_out&gt;, exit status 0
13:27:07 WARN  Grep on resp_jwt.out contains &quot;\[c8y/s/dat\] 71,&quot; ... failed [run.py:60]
13:27:07 INFO  
13:27:07 INFO  cleanup:
13:27:11 INFO  Executed sudo&lt;tedge_disconnect_c8y&gt;, exit status 0
13:27:11 INFO  
13:27:11 INFO  Test duration: 23.08 secs
13:27:11 INFO  Test final outcome:  FAILED
13:27:11 INFO  Test outcome reason: Grep on resp_jwt.out contains &quot;\[c8y/s/dat\] 71,&quot;
13:27:11 INFO  
</system-out>
	</testcase>
</testsuite>
