<?xml version="1.0" encoding="utf-8"?>
<testsuite failures="0" name="pysys_block" skipped="1" tests="1" time="0.02" timestamp="2022-04-19T13:29:36">
	<testcase classname="Fail" name="pysys_block">
		<skipped message="SKIPPED: Enable this to observe a blocking test"/>
		<system-out>13:29:36 INFO  ==============================================================
13:29:36 INFO  Id:    pysys_block
13:29:36 INFO  Dir:   misc_features/
13:29:36 INFO  Title: fail
13:29:36 INFO  ==============================================================
13:29:36 INFO  Enable this to observe a blocking test ... skipped
13:29:36 INFO  
13:29:36 INFO  Test duration: 0.02 secs
13:29:36 INFO  Test final outcome:  SKIPPED
13:29:36 INFO  Test outcome reason: Enable this to observe a blocking test
13:29:36 INFO  
</system-out>
	</testcase>
</testsuite>
