<?xml version="1.0" encoding="utf-8"?>
<testsuite failures="1" name="log_request_num_lines" skipped="0" tests="1" time="33.7" timestamp="2022-05-02T15:05:07">
	<testcase classname="LogRequestVerifyNumberOfLines" name="log_request_num_lines">
		<failure message="FAILED: Assert that (True == value) with value=False" type="FAILED"/>
		<system-out>15:04:33 INFO  ==============================================================
15:04:33 INFO  Id:    log_request_num_lines
15:04:33 INFO  Dir:   log_request_end_to_end/
15:04:33 INFO  Title: Validate end to end behaviour for the log request operation check for number of lines
15:04:33 INFO  ==============================================================
15:04:33 INFO  EnvironmentC8y Setup
15:04:34 INFO  Executed systemctl&lt;serv_mapper1&gt;, exit status 3
15:04:34 INFO  Restarting mosquitto too frequently in the last 10 seconds. It was only up for 4 seconds
15:04:34 INFO  Delaying execution by 7 seconds
15:04:56 INFO  Executed sudo&lt;tedge_connect_c8y&gt;, exit status 0, duration 14 secs
15:04:56 INFO  Executed sudo&lt;tedge_connect_c8y_test&gt;, exit status 0
15:04:57 INFO  Executed systemctl&lt;serv_mosq2&gt;, exit status 0
15:04:57 INFO  Executed systemctl&lt;serv_mapper3&gt;, exit status 0
15:04:58 INFO  Executed sudo&lt;rm_logs&gt;, exit status 0
15:04:58 INFO  Executed sudo&lt;move_logs&gt;, exit status 0
15:04:59 INFO  log response None
15:04:59 WARN  retry, retrying in 1 seconds...
15:05:00 INFO  log response https://thin-edge-io.eu-latest.cumulocity.com/event/events/18181853/binaries
15:05:00 INFO  nlines 0
15:05:00 WARN  Assert that (True == value) with value=False ... failed [run.py:44]
15:05:00 INFO  
15:05:00 INFO  cleanup:
15:05:01 INFO  Executed sudo&lt;rm_logs&gt;, exit status 0
15:05:01 INFO  Executed sudo&lt;rm_tmp_logs&gt;, exit status 0
15:05:03 INFO  Executed sudo&lt;send_failed&gt;, exit status 0
15:05:07 INFO  Executed sudo&lt;tedge_disconnect_c8y&gt;, exit status 0
15:05:07 INFO  Executed systemctl&lt;serv_mapper5&gt;, exit status 3
15:05:07 INFO  
15:05:07 INFO  Test duration: 33.70 secs
15:05:07 INFO  Test final outcome:  FAILED
15:05:07 INFO  Test outcome reason: Assert that (True == value) with value=False
15:05:07 INFO  
</system-out>
	</testcase>
</testsuite>
