<?xml version="1.0" encoding="utf-8"?>
<testsuite failures="0" name="smoketest_json" skipped="0" tests="1" time="45.48" timestamp="2022-05-09T15:56:00">
	<testcase classname="SmokeTestJson" name="smoketest_json"/>
</testsuite>
