<?xml version="1.0" encoding="utf-8"?>
<testsuite failures="1" name="valid_device_id" skipped="0" tests="1" time="63.65" timestamp="2022-04-27T14:22:37">
	<testcase classname="ValidateValidDeviceId" name="valid_device_id">
		<failure message="FAILED: Grep on tedge_connect_c8y_test.out contains &quot;successful&quot;" type="FAILED"/>
		<system-out>14:21:33 INFO  ==============================================================
14:21:33 INFO  Id:    valid_device_id
14:21:33 INFO  Dir:   misc_features/
14:21:33 INFO  Title: Valid device ID
14:21:33 INFO  ==============================================================
14:21:33 INFO  Restarting mosquitto too frequently in the last 10 seconds. It was only up for 5 seconds
14:21:33 INFO  Delaying execution by 6 seconds
14:21:40 INFO  Executed sudo&lt;tedge_disconnect_c8y&gt;, exit status 0
14:21:40 INFO  Executed sudo&lt;create_cert_dir&gt;, exit status 0
14:21:41 INFO  Executed sudo&lt;change_owner_of_dir&gt;, exit status 0
14:21:41 INFO  Executed sudo&lt;set_cert_path&gt;, exit status 0
14:21:42 INFO  Executed sudo&lt;set_key_path&gt;, exit status 0
14:21:42 INFO  Executed sudo&lt;cert_create&gt;, exit status 0
14:21:43 INFO  Executed sudo&lt;cert_upload&gt;, exit status 0
14:22:20 INFO  Executed sudo&lt;tedge_connect_c8y&gt;, exit status 0, duration 35 secs
14:22:31 INFO  Executed sudo&lt;tedge_connect_c8y_test&gt;, exit status 0, duration 11 secs
14:22:31 INFO  Grep on file tedge_connect_c8y.out ... passed
14:22:31 WARN  Grep on tedge_connect_c8y_test.out contains &quot;successful&quot; ... failed [run.py:108]
14:22:31 INFO  
14:22:31 INFO  cleanup:
14:22:35 INFO  Executed sudo&lt;tedge_disconnect_c8y&gt;, exit status 0
14:22:36 INFO  Executed sudo&lt;unset_cert_path&gt;, exit status 0
14:22:36 INFO  Executed sudo&lt;unset_key_path&gt;, exit status 0
14:22:37 INFO  Executed sudo&lt;remove_cert_dir&gt;, exit status 0
14:22:37 INFO  
14:22:37 INFO  Test duration: 63.65 secs
14:22:37 INFO  Test final outcome:  FAILED
14:22:37 INFO  Test outcome reason: Grep on tedge_connect_c8y_test.out contains &quot;successful&quot;
14:22:37 INFO  
</system-out>
	</testcase>
</testsuite>
