<?xml version="1.0" encoding="utf-8"?>
<testsuite failures="1" name="agent_init_session" skipped="0" tests="1" time="6.36" timestamp="2022-04-19T13:40:55">
	<testcase classname="AgentInitSession" name="agent_init_session">
		<failure message="FAILED: Grep on sub_resp.out contains &quot;Ld3KgqpcLDlrYH6sfpG7w&quot;" type="FAILED"/>
		<system-out>13:40:49 INFO  ==============================================================
13:40:49 INFO  Id:    agent_init_session
13:40:49 INFO  Dir:   tedge_agent/
13:40:49 INFO  Title: Validate tedge agent init session feature
13:40:49 INFO  ==============================================================
13:40:49 INFO  Executed sudo&lt;remove_lock&gt;, exit status 0
13:40:50 INFO  Executed sudo&lt;agent_clear&gt;, exit status 0
13:40:51 INFO  Executed sudo&lt;agent_init&gt;, exit status 0
13:40:51 INFO  Executed sudo&lt;pub_req&gt;, exit status 0
13:40:51 INFO  Started sudo&lt;sub_resp&gt; with process id 22571
13:40:52 INFO  Executed sudo&lt;agent_start&gt;, exit status 0
13:40:52 INFO  Waiting for 2.0 seconds
13:40:54 INFO  Executed sudo&lt;agent_stop&gt;, exit status 0
13:40:55 INFO  Executed sudo&lt;sub_stop&gt;, exit status 0
13:40:55 WARN  Grep on sub_resp.out contains &quot;Ld3KgqpcLDlrYH6sfpG7w&quot; ... failed [run.py:87]
13:40:55 INFO  
13:40:55 INFO  Test duration: 6.36 secs
13:40:55 INFO  Test final outcome:  FAILED
13:40:55 INFO  Test outcome reason: Grep on sub_resp.out contains &quot;Ld3KgqpcLDlrYH6sfpG7w&quot;
13:40:55 INFO  
</system-out>
	</testcase>
</testsuite>
