<?xml version="1.0" encoding="utf-8"?>
<testsuite failures="0" name="log_request_error_messages" skipped="1" tests="1" time="1.51" timestamp="2022-05-10T13:08:30">
	<testcase classname="LogRequestVerifySearchTextError" name="log_request_error_messages">
		<skipped message="SKIPPED: Test execution disabled due to #1123"/>
		<system-out>13:08:29 INFO  ==============================================================
13:08:29 INFO  Id:    log_request_error_messages
13:08:29 INFO  Dir:   log_request_end_to_end/
13:08:29 INFO  Title: Validate end to end behaviour for the log request operation check for error messages
13:08:29 INFO  ==============================================================
13:08:30 INFO  Test execution disabled due to #1123 ... skipped
13:08:30 INFO  
13:08:30 INFO  Test duration: 1.51 secs
13:08:30 INFO  Test final outcome:  SKIPPED
13:08:30 INFO  Test outcome reason: Test execution disabled due to #1123
13:08:30 INFO  
</system-out>
	</testcase>
</testsuite>
