<?xml version="1.0" encoding="utf-8"?>
<testsuite failures="0" name="pysys_block" skipped="1" tests="1" time="0.02" timestamp="2022-04-29T09:08:45">
	<testcase classname="Fail" name="pysys_block">
		<skipped message="SKIPPED: Enable this to observe a blocking test"/>
		<system-out>09:08:44 INFO  ==============================================================
09:08:44 INFO  Id:    pysys_block
09:08:44 INFO  Dir:   misc_features/
09:08:44 INFO  Title: fail
09:08:44 INFO  ==============================================================
09:08:45 INFO  Enable this to observe a blocking test ... skipped
09:08:45 INFO  
09:08:45 INFO  Test duration: 0.02 secs
09:08:45 INFO  Test final outcome:  SKIPPED
09:08:45 INFO  Test outcome reason: Enable this to observe a blocking test
09:08:45 INFO  
</system-out>
	</testcase>
</testsuite>
