<?xml version="1.0" encoding="utf-8"?>
<testsuite failures="1" name="agent_init_session" skipped="0" tests="1" time="6.08" timestamp="2022-05-30T09:19:58">
	<testcase classname="AgentInitSession" name="agent_init_session">
		<failure message="FAILED: Grep on sub_resp.out contains &quot;Ld3KgqpcLDlrYH6sfpG7w&quot;" type="FAILED"/>
		<system-out>09:19:52 INFO  ==============================================================
09:19:52 INFO  Id:    agent_init_session
09:19:52 INFO  Dir:   tedge_agent/
09:19:52 INFO  Title: Validate tedge agent init session feature
09:19:52 INFO  ==============================================================
09:19:53 INFO  Executed sudo&lt;remove_lock&gt;, exit status 0
09:19:53 INFO  Executed sudo&lt;agent_clear&gt;, exit status 0
09:19:54 INFO  Executed sudo&lt;agent_init&gt;, exit status 0
09:19:54 INFO  Executed sudo&lt;pub_req&gt;, exit status 0
09:19:54 INFO  Started sudo&lt;sub_resp&gt; with process id 2347
09:19:55 INFO  Executed sudo&lt;agent_start&gt;, exit status 0
09:19:55 INFO  Waiting for 2.0 seconds
09:19:57 INFO  Executed sudo&lt;agent_stop&gt;, exit status 0
09:19:58 INFO  Executed sudo&lt;sub_stop&gt;, exit status 0
09:19:58 WARN  Grep on sub_resp.out contains &quot;Ld3KgqpcLDlrYH6sfpG7w&quot; ... failed [run.py:87]
09:19:58 INFO  
09:19:58 INFO  Test duration: 6.08 secs
09:19:58 INFO  Test final outcome:  FAILED
09:19:58 INFO  Test outcome reason: Grep on sub_resp.out contains &quot;Ld3KgqpcLDlrYH6sfpG7w&quot;
09:19:58 INFO  
</system-out>
	</testcase>
</testsuite>
