<?xml version="1.0" encoding="utf-8"?>
<testsuite failures="0" name="SoftwareManagement.sm_apt_install_download_path" skipped="1" tests="1" time="0.1" timestamp="2022-05-09T16:02:22">
	<testcase classname="AptInstallWithDownloadPath" name="SoftwareManagement.sm_apt_install_download_path">
		<skipped message="SKIPPED: Testing the apt plugin is not supported on this platform.Use parameter -XmyPlatform='container' to enable it"/>
		<system-out>16:02:22 INFO  ==============================================================
16:02:22 INFO  Id:    SoftwareManagement.sm_apt_install_download_path
16:02:22 INFO  Dir:   software_management_end_to_end/
16:02:22 INFO  Title: Install package to directory specified in tedge config set tmp.path
16:02:22 INFO  ==============================================================
16:02:22 INFO  Testing the apt plugin is not supported on this platform.Use parameter -XmyPlatform='container' to enable it ... skipped
16:02:22 WARN  Aborted test due to SKIPPED outcome
16:02:22 INFO  
16:02:22 INFO  Test duration: 0.10 secs
16:02:22 INFO  Test final outcome:  SKIPPED
16:02:22 INFO  Test outcome reason: Testing the apt plugin is not supported on this platform.Use parameter -XmyPlatform='container' to enable it
16:02:22 INFO  
</system-out>
	</testcase>
</testsuite>
