<?xml version="1.0" encoding="utf-8"?>
<testsuite failures="0" name="runtime_start_two_mappers" skipped="0" tests="1" time="2.21" timestamp="2022-05-16T07:35:03">
	<testcase classname="RuntimeMultiMappers" name="runtime_start_two_mappers"/>
</testsuite>
