<?xml version="1.0" encoding="utf-8"?>
<testsuite failures="0" name="SoftwareManagement.sm_apt_install_fail" skipped="1" tests="1" time="0.03" timestamp="2022-05-09T16:02:22">
	<testcase classname="PySysTest" name="SoftwareManagement.sm_apt_install_fail">
		<skipped message="SKIPPED: Testing the apt plugin is not supported on this platform.Use parameter -XmyPlatform='container' to enable it"/>
		<system-out>16:02:22 INFO  ==============================================================
16:02:22 INFO  Id:    SoftwareManagement.sm_apt_install_fail
16:02:22 INFO  Dir:   software_management_end_to_end/
16:02:22 INFO  Title: Validate end to end behaviour for a failing installation
16:02:22 INFO  ==============================================================
16:02:22 INFO  Testing the apt plugin is not supported on this platform.Use parameter -XmyPlatform='container' to enable it ... skipped
16:02:22 WARN  Aborted test due to SKIPPED outcome
16:02:22 INFO  
16:02:22 INFO  Test duration: 0.03 secs
16:02:22 INFO  Test final outcome:  SKIPPED
16:02:22 INFO  Test outcome reason: Testing the apt plugin is not supported on this platform.Use parameter -XmyPlatform='container' to enable it
16:02:22 INFO  
</system-out>
	</testcase>
</testsuite>
