<?xml version="1.0" encoding="utf-8"?>
<testsuite failures="0" name="pysys_fail" skipped="1" tests="1" time="0.02" timestamp="2022-04-28T07:24:06">
	<testcase classname="Fail" name="pysys_fail">
		<skipped message="SKIPPED: Enable this to observe a failing test"/>
		<system-out>07:24:06 INFO  ==============================================================
07:24:06 INFO  Id:    pysys_fail
07:24:06 INFO  Dir:   misc_features/
07:24:06 INFO  Title: fail
07:24:06 INFO  ==============================================================
07:24:06 INFO  Enable this to observe a failing test ... skipped
07:24:06 INFO  
07:24:06 INFO  Test duration: 0.02 secs
07:24:06 INFO  Test final outcome:  SKIPPED
07:24:06 INFO  Test outcome reason: Enable this to observe a failing test
07:24:06 INFO  
</system-out>
	</testcase>
</testsuite>
