<?xml version="1.0" encoding="utf-8"?>
<testsuite failures="0" name="apt_sequence_install_with_version_fail" skipped="1" tests="1" time="0.04" timestamp="2022-05-02T15:07:01">
	<testcase classname="AptPluginInstallWithVersionFails" name="apt_sequence_install_with_version_fail">
		<skipped message="SKIPPED: Testing the apt plugin is not supported on this platform.To run the tests call PySys with -XmyPlatform='container'"/>
		<system-out>15:07:01 INFO  ==============================================================
15:07:01 INFO  Id:    apt_sequence_install_with_version_fail
15:07:01 INFO  Dir:   plugin_apt/
15:07:01 INFO  Title: Validate apt plugin install with version fails use case
15:07:01 INFO  ==============================================================
15:07:01 INFO  Testing the apt plugin is not supported on this platform.To run the tests call PySys with -XmyPlatform='container' ... skipped
15:07:01 WARN  Aborted test due to SKIPPED outcome
15:07:01 INFO  
15:07:01 INFO  Test duration: 0.04 secs
15:07:01 INFO  Test final outcome:  SKIPPED
15:07:01 INFO  Test outcome reason: Testing the apt plugin is not supported on this platform.To run the tests call PySys with -XmyPlatform='container'
15:07:01 INFO  
</system-out>
	</testcase>
</testsuite>
