<?xml version="1.0" encoding="utf-8"?>
<testsuite failures="0" name="mqtt_port_unset" skipped="0" tests="1" time="1.68" timestamp="2022-05-04T07:58:57">
	<testcase classname="MqttPortUnSet" name="mqtt_port_unset"/>
</testsuite>
