<?xml version="1.0" encoding="utf-8"?>
<testsuite failures="0" name="log_request_error_messages" skipped="1" tests="1" time="1.28" timestamp="2022-05-04T07:57:26">
	<testcase classname="LogRequestVerifySearchTextError" name="log_request_error_messages">
		<skipped message="SKIPPED: Test execution disabled due to #1123"/>
		<system-out>07:57:24 INFO  ==============================================================
07:57:24 INFO  Id:    log_request_error_messages
07:57:24 INFO  Dir:   log_request_end_to_end/
07:57:24 INFO  Title: Validate end to end behaviour for the log request operation check for error messages
07:57:24 INFO  ==============================================================
07:57:26 INFO  Test execution disabled due to #1123 ... skipped
07:57:26 INFO  
07:57:26 INFO  Test duration: 1.28 secs
07:57:26 INFO  Test final outcome:  SKIPPED
07:57:26 INFO  Test outcome reason: Test execution disabled due to #1123
07:57:26 INFO  
</system-out>
	</testcase>
</testsuite>
