<?xml version="1.0" encoding="utf-8"?>
<testsuite failures="0" name="smoketest_json" skipped="0" tests="1" time="45.29" timestamp="2022-05-10T13:13:24">
	<testcase classname="SmokeTestJson" name="smoketest_json"/>
</testsuite>
