<?xml version="1.0" encoding="utf-8"?>
<testsuite failures="0" name="apt_remove_fail" skipped="1" tests="1" time="0.03" timestamp="2022-05-09T15:52:42">
	<testcase classname="AptPluginRemoveFails" name="apt_remove_fail">
		<skipped message="SKIPPED: Testing the apt plugin is not supported on this platform.To run the tests call PySys with -XmyPlatform='container'"/>
		<system-out>15:52:42 INFO  ==============================================================
15:52:42 INFO  Id:    apt_remove_fail
15:52:42 INFO  Dir:   plugin_apt/
15:52:42 INFO  Title: Validate apt plugin prepare - failing
15:52:42 INFO  ==============================================================
15:52:42 INFO  Testing the apt plugin is not supported on this platform.To run the tests call PySys with -XmyPlatform='container' ... skipped
15:52:42 WARN  Aborted test due to SKIPPED outcome
15:52:42 INFO  
15:52:42 INFO  Test duration: 0.03 secs
15:52:42 INFO  Test final outcome:  SKIPPED
15:52:42 INFO  Test outcome reason: Testing the apt plugin is not supported on this platform.To run the tests call PySys with -XmyPlatform='container'
15:52:42 INFO  
</system-out>
	</testcase>
</testsuite>
