<?xml version="1.0" encoding="utf-8"?>
<testsuite failures="0" name="publish_sawmill" skipped="0" tests="1" time="80.15" timestamp="2022-04-21T08:26:18">
	<testcase classname="PublishSawmill" name="publish_sawmill"/>
</testsuite>
