<?xml version="1.0" encoding="utf-8"?>
<testsuite failures="0" name="log_request_error_messages" skipped="1" tests="1" time="1.36" timestamp="2022-05-09T15:51:07">
	<testcase classname="LogRequestVerifySearchTextError" name="log_request_error_messages">
		<skipped message="SKIPPED: Test execution disabled due to #1123"/>
		<system-out>15:51:05 INFO  ==============================================================
15:51:05 INFO  Id:    log_request_error_messages
15:51:05 INFO  Dir:   log_request_end_to_end/
15:51:05 INFO  Title: Validate end to end behaviour for the log request operation check for error messages
15:51:05 INFO  ==============================================================
15:51:07 INFO  Test execution disabled due to #1123 ... skipped
15:51:07 INFO  
15:51:07 INFO  Test duration: 1.36 secs
15:51:07 INFO  Test final outcome:  SKIPPED
15:51:07 INFO  Test outcome reason: Test execution disabled due to #1123
15:51:07 INFO  
</system-out>
	</testcase>
</testsuite>
