<?xml version="1.0" encoding="utf-8"?>
<testsuite failures="0" name="monitoring_with_simulated_messages" skipped="1" tests="1" time="0.03" timestamp="2022-04-28T07:24:39">
	<testcase classname="MonitoringWithSimulatedMessages" name="monitoring_with_simulated_messages">
		<skipped message="SKIPPED: Fails due to retained message"/>
		<system-out>07:24:39 INFO  ==============================================================
07:24:39 INFO  Id:    monitoring_with_simulated_messages
07:24:39 INFO  Dir:   monitoring/
07:24:39 INFO  Title: Validate the tedge dm agent messages that are produced from the simulated collectd messages
07:24:39 INFO  ==============================================================
07:24:39 INFO  Fails due to retained message ... skipped
07:24:39 INFO  
07:24:39 INFO  Test duration: 0.03 secs
07:24:39 INFO  Test final outcome:  SKIPPED
07:24:39 INFO  Test outcome reason: Fails due to retained message
07:24:39 INFO  
</system-out>
	</testcase>
</testsuite>
