<?xml version="1.0" encoding="utf-8"?>
<testsuite failures="0" name="monitoring_with_simulated_messages" skipped="1" tests="1" time="0.02" timestamp="2022-05-09T15:52:37">
	<testcase classname="MonitoringWithSimulatedMessages" name="monitoring_with_simulated_messages">
		<skipped message="SKIPPED: Fails due to retained message"/>
		<system-out>15:52:37 INFO  ==============================================================
15:52:37 INFO  Id:    monitoring_with_simulated_messages
15:52:37 INFO  Dir:   monitoring/
15:52:37 INFO  Title: Validate the tedge dm agent messages that are produced from the simulated collectd messages
15:52:37 INFO  ==============================================================
15:52:37 INFO  Fails due to retained message ... skipped
15:52:37 INFO  
15:52:37 INFO  Test duration: 0.02 secs
15:52:37 INFO  Test final outcome:  SKIPPED
15:52:37 INFO  Test outcome reason: Fails due to retained message
15:52:37 INFO  
</system-out>
	</testcase>
</testsuite>
