<?xml version="1.0" encoding="utf-8"?>
<testsuite failures="0" name="pysys_block" skipped="1" tests="1" time="0.01" timestamp="2022-05-10T19:27:58">
	<testcase classname="Fail" name="pysys_block">
		<skipped message="SKIPPED: Enable this to observe a blocking test"/>
		<system-out>19:27:58 INFO  ==============================================================
19:27:58 INFO  Id:    pysys_block
19:27:58 INFO  Dir:   misc_features/
19:27:58 INFO  Title: fail
19:27:58 INFO  ==============================================================
19:27:58 INFO  Enable this to observe a blocking test ... skipped
19:27:58 INFO  
19:27:58 INFO  Test duration: 0.01 secs
19:27:58 INFO  Test final outcome:  SKIPPED
19:27:58 INFO  Test outcome reason: Enable this to observe a blocking test
19:27:58 INFO  
</system-out>
	</testcase>
</testsuite>
