<?xml version="1.0" encoding="utf-8"?>
<testsuite failures="1" name="log_request_error_messages" skipped="0" tests="1" time="36.3" timestamp="2022-04-29T09:07:14">
	<testcase classname="LogRequestVerifySearchTextError" name="log_request_error_messages">
		<failure message="FAILED: Assert that (True == value) with value=False" type="FAILED"/>
		<system-out>09:06:38 INFO  ==============================================================
09:06:38 INFO  Id:    log_request_error_messages
09:06:38 INFO  Dir:   log_request_end_to_end/
09:06:38 INFO  Title: Validate end to end behaviour for the log request operation check for error messages
09:06:38 INFO  ==============================================================
09:06:39 INFO  EnvironmentC8y Setup
09:06:40 INFO  Executed systemctl&lt;serv_mapper1&gt;, exit status 3
09:06:40 INFO  Restarting mosquitto too frequently in the last 10 seconds. It was only up for 2 seconds
09:06:40 INFO  Delaying execution by 9 seconds
09:07:03 INFO  Executed sudo&lt;tedge_connect_c8y&gt;, exit status 0, duration 13 secs
09:07:04 INFO  Executed sudo&lt;tedge_connect_c8y_test&gt;, exit status 0
09:07:04 INFO  Executed systemctl&lt;serv_mosq2&gt;, exit status 0
09:07:05 INFO  Executed systemctl&lt;serv_mapper3&gt;, exit status 0
09:07:05 INFO  Executed sudo&lt;rm_logs&gt;, exit status 0
09:07:06 INFO  Executed sudo&lt;move_logs&gt;, exit status 0
09:07:06 INFO  log response None
09:07:06 WARN  retry, retrying in 1 seconds...
09:07:07 INFO  log response https://thin-edge-io.eu-latest.cumulocity.com/event/events/17957417/binaries
09:07:08 WARN  Assert that (True == value) with value=False ... failed [run.py:43]
09:07:08 INFO  
09:07:08 INFO  cleanup:
09:07:09 INFO  Executed sudo&lt;rm_logs&gt;, exit status 0
09:07:09 INFO  Executed sudo&lt;rm_tmp_logs&gt;, exit status 0
09:07:10 INFO  Executed sudo&lt;send_failed&gt;, exit status 0
09:07:14 INFO  Executed sudo&lt;tedge_disconnect_c8y&gt;, exit status 0
09:07:14 INFO  Executed systemctl&lt;serv_mapper5&gt;, exit status 3
09:07:14 INFO  
09:07:14 INFO  Test duration: 36.30 secs
09:07:14 INFO  Test final outcome:  FAILED
09:07:14 INFO  Test outcome reason: Assert that (True == value) with value=False
09:07:14 INFO  
</system-out>
	</testcase>
</testsuite>
