<?xml version="1.0" encoding="utf-8"?>
<testsuite failures="0" name="SoftwareManagement.sm_apt_install_remove_multiple_mixed" skipped="1" tests="1" time="0.03" timestamp="2022-04-28T15:36:22">
	<testcase classname="PySysTest" name="SoftwareManagement.sm_apt_install_remove_multiple_mixed">
		<skipped message="SKIPPED: Testing the apt plugin is not supported on this platform.Use parameter -XmyPlatform='container' to enable it"/>
		<system-out>15:36:22 INFO  ==============================================================
15:36:22 INFO  Id:    SoftwareManagement.sm_apt_install_remove_multiple_mixed
15:36:22 INFO  Dir:   software_management_end_to_end/
15:36:22 INFO  Title: Validate end to end behaviour for the apt plugin for multiple packages with mixed versions
15:36:22 INFO  ==============================================================
15:36:22 INFO  Testing the apt plugin is not supported on this platform.Use parameter -XmyPlatform='container' to enable it ... skipped
15:36:22 WARN  Aborted test due to SKIPPED outcome
15:36:22 INFO  
15:36:22 INFO  Test duration: 0.03 secs
15:36:22 INFO  Test final outcome:  SKIPPED
15:36:22 INFO  Test outcome reason: Testing the apt plugin is not supported on this platform.Use parameter -XmyPlatform='container' to enable it
15:36:22 INFO  
</system-out>
	</testcase>
</testsuite>
