<?xml version="1.0" encoding="utf-8"?>
<testsuite failures="0" name="runtime_start_two_mappers" skipped="1" tests="1" time="0.02" timestamp="2022-05-04T08:13:12">
	<testcase classname="RuntimeMultiMappers" name="runtime_start_two_mappers">
		<skipped message="SKIPPED: Test execution disabled due to #1124"/>
		<system-out>08:13:12 INFO  ==============================================================
08:13:12 INFO  Id:    runtime_start_two_mappers
08:13:12 INFO  Dir:   tedge_mapper_c8y/
08:13:12 INFO  Title: Validate two mappers can't be started at the same time
08:13:12 INFO  ==============================================================
08:13:12 INFO  Test execution disabled due to #1124 ... skipped
08:13:12 INFO  
08:13:12 INFO  Test duration: 0.02 secs
08:13:12 INFO  Test final outcome:  SKIPPED
08:13:12 INFO  Test outcome reason: Test execution disabled due to #1124
08:13:12 INFO  
</system-out>
	</testcase>
</testsuite>
