<?xml version="1.0" encoding="utf-8"?>
<testsuite failures="1" name="c8y_jwt_token_retrieval" skipped="0" tests="1" time="23.4" timestamp="2022-05-02T15:03:37">
	<testcase classname="ValidateJWTTokenRetrieval" name="c8y_jwt_token_retrieval">
		<failure message="FAILED: Grep on resp_jwt.out contains &quot;\[c8y/s/dat\] 71,&quot;" type="FAILED"/>
		<system-out>15:03:14 INFO  ==============================================================
15:03:14 INFO  Id:    c8y_jwt_token_retrieval
15:03:14 INFO  Dir:   cloud_c8y/
15:03:14 INFO  Title: Validate the Cumulocity JWT Token Retrieval feature
15:03:14 INFO  ==============================================================
15:03:14 INFO  Executed sudo&lt;tedge_disconnect_c8y&gt;, exit status 0
15:03:29 INFO  Executed sudo&lt;tedge_connect_c8y&gt;, exit status 0, duration 14 secs
15:03:29 INFO  Started sudo&lt;resp_jwt&gt; with process id 1156
15:03:30 INFO  Executed sudo&lt;req_jwt&gt;, exit status 0
15:03:32 INFO  Executed sudo&lt;kill_out&gt;, exit status 0
15:03:33 WARN  Grep on resp_jwt.out contains &quot;\[c8y/s/dat\] 71,&quot; ... failed [run.py:60]
15:03:33 INFO  
15:03:33 INFO  cleanup:
15:03:37 INFO  Executed sudo&lt;tedge_disconnect_c8y&gt;, exit status 0
15:03:37 INFO  
15:03:37 INFO  Test duration: 23.40 secs
15:03:37 INFO  Test final outcome:  FAILED
15:03:37 INFO  Test outcome reason: Grep on resp_jwt.out contains &quot;\[c8y/s/dat\] 71,&quot;
15:03:37 INFO  
</system-out>
	</testcase>
</testsuite>
