<?xml version="1.0" encoding="utf-8"?>
<testsuite failures="0" name="log_request_error_messages" skipped="1" tests="1" time="1.4" timestamp="2022-05-23T09:12:45">
	<testcase classname="LogRequestVerifySearchTextError" name="log_request_error_messages">
		<skipped message="SKIPPED: Test execution disabled due to #1123"/>
		<system-out>09:12:44 INFO  ==============================================================
09:12:44 INFO  Id:    log_request_error_messages
09:12:44 INFO  Dir:   log_request_end_to_end/
09:12:44 INFO  Title: Validate end to end behaviour for the log request operation check for error messages
09:12:44 INFO  ==============================================================
09:12:45 INFO  Test execution disabled due to #1123 ... skipped
09:12:45 INFO  
09:12:45 INFO  Test duration: 1.40 secs
09:12:45 INFO  Test final outcome:  SKIPPED
09:12:45 INFO  Test outcome reason: Test execution disabled due to #1123
09:12:45 INFO  
</system-out>
	</testcase>
</testsuite>
