<?xml version="1.0" encoding="utf-8"?>
<testsuite failures="0" name="monitoring_with_simulated_messages" skipped="1" tests="1" time="0.02" timestamp="2022-05-10T19:28:50">
	<testcase classname="MonitoringWithSimulatedMessages" name="monitoring_with_simulated_messages">
		<skipped message="SKIPPED: Fails due to retained message"/>
		<system-out>19:28:50 INFO  ==============================================================
19:28:50 INFO  Id:    monitoring_with_simulated_messages
19:28:50 INFO  Dir:   monitoring/
19:28:50 INFO  Title: Validate the tedge dm agent messages that are produced from the simulated collectd messages
19:28:50 INFO  ==============================================================
19:28:50 INFO  Fails due to retained message ... skipped
19:28:50 INFO  
19:28:50 INFO  Test duration: 0.02 secs
19:28:50 INFO  Test final outcome:  SKIPPED
19:28:50 INFO  Test outcome reason: Fails due to retained message
19:28:50 INFO  
</system-out>
	</testcase>
</testsuite>
