<?xml version="1.0" encoding="utf-8"?>
<testsuite failures="0" name="tedge_software_update" skipped="0" tests="1" time="26.23" timestamp="2022-05-30T09:19:52">
	<testcase classname="PySysTest" name="tedge_software_update"/>
</testsuite>
