<?xml version="1.0" encoding="utf-8"?>
<testsuite failures="0" name="docker_plugin_remove_with_version" skipped="1" tests="1" time="0.02" timestamp="2022-05-10T13:10:06">
	<testcase classname="DockerPluginRemoveWithVersionTest" name="docker_plugin_remove_with_version">
		<skipped message="SKIPPED: Testing the docker plugin is not supported on this platform.To run it, all the test with -XmyPlatform='container'"/>
		<system-out>13:10:06 INFO  ==============================================================
13:10:06 INFO  Id:    docker_plugin_remove_with_version
13:10:06 INFO  Dir:   plugin_docker/
13:10:06 INFO  Title: Validate docker plugin remove with version
13:10:06 INFO  ==============================================================
13:10:06 INFO  Testing the docker plugin is not supported on this platform.To run it, all the test with -XmyPlatform='container' ... skipped
13:10:06 WARN  Aborted test due to SKIPPED outcome
13:10:06 INFO  
13:10:06 INFO  Test duration: 0.02 secs
13:10:06 INFO  Test final outcome:  SKIPPED
13:10:06 INFO  Test outcome reason: Testing the docker plugin is not supported on this platform.To run it, all the test with -XmyPlatform='container'
13:10:06 INFO  
</system-out>
	</testcase>
</testsuite>
