<?xml version="1.0" encoding="utf-8"?>
<testsuite failures="1" name="valid_device_id" skipped="0" tests="1" time="41.51" timestamp="2022-04-28T15:28:27">
	<testcase classname="ValidateValidDeviceId" name="valid_device_id">
		<failure message="FAILED: Grep on tedge_connect_c8y_test.out contains &quot;successful&quot;" type="FAILED"/>
		<system-out>15:27:45 INFO  ==============================================================
15:27:45 INFO  Id:    valid_device_id
15:27:45 INFO  Dir:   misc_features/
15:27:45 INFO  Title: Valid device ID
15:27:45 INFO  ==============================================================
15:27:46 INFO  Restarting mosquitto too frequently in the last 10 seconds. It was only up for 6 seconds
15:27:46 INFO  Delaying execution by 5 seconds
15:27:51 INFO  Executed sudo&lt;tedge_disconnect_c8y&gt;, exit status 0
15:27:52 INFO  Executed sudo&lt;create_cert_dir&gt;, exit status 0
15:27:52 INFO  Executed sudo&lt;change_owner_of_dir&gt;, exit status 0
15:27:53 INFO  Executed sudo&lt;set_cert_path&gt;, exit status 0
15:27:53 INFO  Executed sudo&lt;set_key_path&gt;, exit status 0
15:27:54 INFO  Executed sudo&lt;cert_create&gt;, exit status 0
15:27:55 INFO  Executed sudo&lt;cert_upload&gt;, exit status 0
15:28:10 INFO  Executed sudo&lt;tedge_connect_c8y&gt;, exit status 0, duration 14 secs
15:28:21 INFO  Executed sudo&lt;tedge_connect_c8y_test&gt;, exit status 0
15:28:21 INFO  Grep on file tedge_connect_c8y.out ... passed
15:28:21 WARN  Grep on tedge_connect_c8y_test.out contains &quot;successful&quot; ... failed [run.py:108]
15:28:21 INFO  
15:28:21 INFO  cleanup:
15:28:25 INFO  Executed sudo&lt;tedge_disconnect_c8y&gt;, exit status 0
15:28:25 INFO  Executed sudo&lt;unset_cert_path&gt;, exit status 0
15:28:26 INFO  Executed sudo&lt;unset_key_path&gt;, exit status 0
15:28:27 INFO  Executed sudo&lt;remove_cert_dir&gt;, exit status 0
15:28:27 INFO  
15:28:27 INFO  Test duration: 41.51 secs
15:28:27 INFO  Test final outcome:  FAILED
15:28:27 INFO  Test outcome reason: Grep on tedge_connect_c8y_test.out contains &quot;successful&quot;
15:28:27 INFO  
</system-out>
	</testcase>
</testsuite>
