<?xml version="1.0" encoding="utf-8"?>
<testsuite failures="0" name="docker_plugin_finalize" skipped="1" tests="1" time="0.07" timestamp="2022-05-09T15:52:42">
	<testcase classname="DockerPluginFinalizeTest" name="docker_plugin_finalize">
		<skipped message="SKIPPED: Testing the docker plugin is not supported on this platform.To run it, all the test with -XmyPlatform='container'"/>
		<system-out>15:52:42 INFO  ==============================================================
15:52:42 INFO  Id:    docker_plugin_finalize
15:52:42 INFO  Dir:   plugin_docker/
15:52:42 INFO  Title: Validate docker plugin finalize command
15:52:42 INFO  ==============================================================
15:52:42 INFO  Testing the docker plugin is not supported on this platform.To run it, all the test with -XmyPlatform='container' ... skipped
15:52:42 WARN  Aborted test due to SKIPPED outcome
15:52:42 INFO  
15:52:42 INFO  Test duration: 0.07 secs
15:52:42 INFO  Test final outcome:  SKIPPED
15:52:42 INFO  Test outcome reason: Testing the docker plugin is not supported on this platform.To run it, all the test with -XmyPlatform='container'
15:52:42 INFO  
</system-out>
	</testcase>
</testsuite>
