<?xml version="1.0" encoding="utf-8"?>
<testsuite failures="0" name="SoftwareManagement.Plugin.apama_plugin_mon_support" skipped="1" tests="1" time="0.04" timestamp="2022-05-09T15:52:37">
	<testcase classname="ApamaPluginMonSupportTest" name="SoftwareManagement.Plugin.apama_plugin_mon_support">
		<skipped message="SKIPPED: Apama plugin tests are disabled by default. Execute `pysys run` with `-XmyPlatform=container` to run these tests"/>
		<system-out>15:52:37 INFO  ==============================================================
15:52:37 INFO  Id:    SoftwareManagement.Plugin.apama_plugin_mon_support
15:52:37 INFO  Dir:   plugin_apama/
15:52:37 INFO  Title: Validate mon file support of apama plugin
15:52:37 INFO  ==============================================================
15:52:37 INFO  Apama plugin tests are disabled by default. Execute `pysys run` with `-XmyPlatform=container` to run these tests ... skipped
15:52:37 WARN  Aborted test due to SKIPPED outcome
15:52:37 INFO  
15:52:37 INFO  Test duration: 0.04 secs
15:52:37 INFO  Test final outcome:  SKIPPED
15:52:37 INFO  Test outcome reason: Apama plugin tests are disabled by default. Execute `pysys run` with `-XmyPlatform=container` to run these tests
15:52:37 INFO  
</system-out>
	</testcase>
</testsuite>
