<?xml version="1.0" encoding="utf-8"?>
<testsuite failures="0" name="pysys_fail" skipped="1" tests="1" time="0.04" timestamp="2022-04-28T15:27:45">
	<testcase classname="Fail" name="pysys_fail">
		<skipped message="SKIPPED: Enable this to observe a failing test"/>
		<system-out>15:27:45 INFO  ==============================================================
15:27:45 INFO  Id:    pysys_fail
15:27:45 INFO  Dir:   misc_features/
15:27:45 INFO  Title: fail
15:27:45 INFO  ==============================================================
15:27:45 INFO  Enable this to observe a failing test ... skipped
15:27:45 INFO  
15:27:45 INFO  Test duration: 0.04 secs
15:27:45 INFO  Test final outcome:  SKIPPED
15:27:45 INFO  Test outcome reason: Enable this to observe a failing test
15:27:45 INFO  
</system-out>
	</testcase>
</testsuite>
