<?xml version="1.0" encoding="utf-8"?>
<testsuite failures="1" name="agent_init_session" skipped="0" tests="1" time="5.94" timestamp="2022-05-02T15:17:48">
	<testcase classname="AgentInitSession" name="agent_init_session">
		<failure message="FAILED: Grep on sub_resp.out contains &quot;Ld3KgqpcLDlrYH6sfpG7w&quot;" type="FAILED"/>
		<system-out>15:17:42 INFO  ==============================================================
15:17:42 INFO  Id:    agent_init_session
15:17:42 INFO  Dir:   tedge_agent/
15:17:42 INFO  Title: Validate tedge agent init session feature
15:17:42 INFO  ==============================================================
15:17:42 INFO  Executed sudo&lt;remove_lock&gt;, exit status 0
15:17:43 INFO  Executed sudo&lt;agent_clear&gt;, exit status 0
15:17:43 INFO  Executed sudo&lt;agent_init&gt;, exit status 0
15:17:44 INFO  Executed sudo&lt;pub_req&gt;, exit status 0
15:17:44 INFO  Started sudo&lt;sub_resp&gt; with process id 5087
15:17:45 INFO  Executed sudo&lt;agent_start&gt;, exit status 0
15:17:45 INFO  Waiting for 2.0 seconds
15:17:47 INFO  Executed sudo&lt;agent_stop&gt;, exit status 0
15:17:48 INFO  Executed sudo&lt;sub_stop&gt;, exit status 0
15:17:48 WARN  Grep on sub_resp.out contains &quot;Ld3KgqpcLDlrYH6sfpG7w&quot; ... failed [run.py:87]
15:17:48 INFO  
15:17:48 INFO  Test duration: 5.94 secs
15:17:48 INFO  Test final outcome:  FAILED
15:17:48 INFO  Test outcome reason: Grep on sub_resp.out contains &quot;Ld3KgqpcLDlrYH6sfpG7w&quot;
15:17:48 INFO  
</system-out>
	</testcase>
</testsuite>
