<?xml version="1.0" encoding="utf-8"?>
<testsuite failures="0" name="docker_plugin_finalize" skipped="1" tests="1" time="0.07" timestamp="2022-05-04T07:59:55">
	<testcase classname="DockerPluginFinalizeTest" name="docker_plugin_finalize">
		<skipped message="SKIPPED: Testing the docker plugin is not supported on this platform.To run it, all the test with -XmyPlatform='container'"/>
		<system-out>07:59:54 INFO  ==============================================================
07:59:54 INFO  Id:    docker_plugin_finalize
07:59:54 INFO  Dir:   plugin_docker/
07:59:54 INFO  Title: Validate docker plugin finalize command
07:59:54 INFO  ==============================================================
07:59:55 INFO  Testing the docker plugin is not supported on this platform.To run it, all the test with -XmyPlatform='container' ... skipped
07:59:55 WARN  Aborted test due to SKIPPED outcome
07:59:55 INFO  
07:59:55 INFO  Test duration: 0.07 secs
07:59:55 INFO  Test final outcome:  SKIPPED
07:59:55 INFO  Test outcome reason: Testing the docker plugin is not supported on this platform.To run it, all the test with -XmyPlatform='container'
07:59:55 INFO  
</system-out>
	</testcase>
</testsuite>
