<?xml version="1.0" encoding="utf-8"?>
<testsuite failures="0" name="tedge_mapper_c8y_child_device_measurement" skipped="1" tests="1" time="0.04" timestamp="2022-05-04T08:14:26">
	<testcase classname="TedgeMapperC8yChildDevice" name="tedge_mapper_c8y_child_device_measurement">
		<skipped message="SKIPPED: Test execution disabled due to #1088"/>
		<system-out>08:14:26 INFO  ==============================================================
08:14:26 INFO  Id:    tedge_mapper_c8y_child_device_measurement
08:14:26 INFO  Dir:   tedge_mapper_c8y/
08:14:26 INFO  Title: Validate that measurements sent to tedge/measurements/child topic gets mapped as the child device's measurement in Cumulocity
08:14:26 INFO  ==============================================================
08:14:26 INFO  Test execution disabled due to #1088 ... skipped
08:14:26 INFO  
08:14:26 INFO  Test duration: 0.04 secs
08:14:26 INFO  Test final outcome:  SKIPPED
08:14:26 INFO  Test outcome reason: Test execution disabled due to #1088
08:14:26 INFO  
</system-out>
	</testcase>
</testsuite>
