<?xml version="1.0" encoding="utf-8"?>
<testsuite failures="1" name="SoftwareManagement.Plugin.apama_plugin_install" skipped="0" tests="1" time="1.14" timestamp="2022-03-22T14:23:27">
	<testcase classname="ApamaPluginInstallTest" name="SoftwareManagement.Plugin.apama_plugin_install">
		<failure message="BLOCKED: sudo&lt;plugin_install&gt; returned non-zero exit code 2" type="BLOCKED"/>
		<system-out>15:23:26 INFO  ==============================================================
15:23:26 INFO  Id:    SoftwareManagement.Plugin.apama_plugin_install
15:23:26 INFO  Dir:   plugin_apama/
15:23:26 INFO  Title: Validate apama plugin install
15:23:26 DEBUG Execution order hint: 0.0
15:23:26 INFO  ==============================================================
15:23:26 INFO  Assertion that path exists=False for &quot;/etc/tedge/apama/project&quot; ... passed
15:23:26 DEBUG --- test execute
15:23:26 DEBUG Process parameters for sudo&lt;plugin_install&gt;
  command line : /usr/bin/sudo /etc/tedge/sm-plugins/apama install QuickStart::project --file /home/pi/actions-runner/_work/thin-edge.io/thin-edge.io/tests/PySys/plugin_apama/Input/quickstart.zip
    arg #1     : /etc/tedge/sm-plugins/apama
    arg #2     : install
    arg #3     : QuickStart::project
    arg #4     : --file
    arg #5     : /home/pi/actions-runner/_work/thin-edge.io/thin-edge.io/tests/PySys/plugin_apama/Input/quickstart.zip
  working dir  : /home/pi/actions-runner/_work/thin-edge.io/thin-edge.io/tests/PySys/plugin_apama/apama_plugin_install/Output/linux
  stdout       : /home/pi/actions-runner/_work/thin-edge.io/thin-edge.io/tests/PySys/plugin_apama/apama_plugin_install/Output/linux/plugin_install.out
  stderr       : /home/pi/actions-runner/_work/thin-edge.io/thin-edge.io/tests/PySys/plugin_apama/apama_plugin_install/Output/linux/plugin_install.err
  environment  : LD_LIBRARY_PATH=/usr/lib
  environment  : PATH=/bin:/usr/bin:/usr/sbin:/usr/local/bin
                   #1  /bin
                   #2  /usr/bin
                   #3  /usr/sbin
                   #4  /usr/local/bin
15:23:26 DEBUG Waiting up to 600 secs for process sudo&lt;plugin_install&gt; (pid 21351)
15:23:27 WARN  Executed sudo&lt;plugin_install&gt;, exit status 2
15:23:27 DEBUG Opening file using encoding=UTF-8: /home/pi/actions-runner/_work/thin-edge.io/thin-edge.io/tests/PySys/plugin_apama/apama_plugin_install/Output/linux/plugin_install.err
15:23:27 INFO  Contents of plugin_install.err: 
  ERROR: Apama not installed at /opt/softwareag/Apama
  -----

15:23:27 WARN  sudo&lt;plugin_install&gt; returned non-zero exit code 2 ... blocked [run.py:25]
15:23:27 WARN  Aborted test due to BLOCKED outcome
15:23:27 DEBUG --- test cleanup
15:23:27 INFO  
15:23:27 INFO  cleanup:
15:23:27 DEBUG Running registered cleanup function: &lt;bound method ApamaPlugin.cleanup_project of &lt;ApamaPluginInstallTest object at 0x7572e670&gt;&gt;
15:23:27 DEBUG Process parameters for sudo&lt;remove_apama_tmp_dir&gt;
  command line : /usr/bin/sudo rm -rf /tmp/tedge_apama_project
    arg #1     : rm
    arg #2     : -rf
    arg #3     : /tmp/tedge_apama_project
  working dir  : /home/pi/actions-runner/_work/thin-edge.io/thin-edge.io/tests/PySys/plugin_apama/apama_plugin_install/Output/linux
  stdout       : /home/pi/actions-runner/_work/thin-edge.io/thin-edge.io/tests/PySys/plugin_apama/apama_plugin_install/Output/linux/remove_apama_tmp_dir.out
  stderr       : /home/pi/actions-runner/_work/thin-edge.io/thin-edge.io/tests/PySys/plugin_apama/apama_plugin_install/Output/linux/remove_apama_tmp_dir.err
  environment  : LD_LIBRARY_PATH=/usr/lib
  environment  : PATH=/bin:/usr/bin:/usr/sbin:/usr/local/bin
                   #1  /bin
                   #2  /usr/bin
                   #3  /usr/sbin
                   #4  /usr/local/bin
15:23:27 DEBUG Waiting up to 600 secs for process sudo&lt;remove_apama_tmp_dir&gt; (pid 21353)
15:23:27 INFO  Executed sudo&lt;remove_apama_tmp_dir&gt;, exit status 0
15:23:27 DEBUG ProcessUser cleanup function done.
15:23:27 INFO  
15:23:27 INFO  Test duration: 1.14 secs
15:23:27 INFO  Test final outcome:  BLOCKED
15:23:27 INFO  Test outcome reason: sudo&lt;plugin_install&gt; returned non-zero exit code 2
15:23:27 INFO  
</system-out>
	</testcase>
</testsuite>
