<?xml version="1.0" encoding="utf-8"?>
<testsuite failures="0" name="SoftwareManagement.sm_mapper_fail_and_reconnect" skipped="1" tests="1" time="0.02" timestamp="2022-03-21T13:39:26">
	<testcase classname="MapperC8yReceiveLastMessageOnRestart" name="SoftwareManagement.sm_mapper_fail_and_reconnect">
		<skipped message="SKIPPED: instable https://github.com/thin-edge/thin-edge.io/issues/752"/>
		<system-out>14:39:26 INFO  ==============================================================
14:39:26 INFO  Id:    SoftwareManagement.sm_mapper_fail_and_reconnect
14:39:26 INFO  Dir:   software_management_end_to_end/
14:39:26 INFO  Title: Validate the tedge-mapper-sm-c8y for receiving the last message on restart
14:39:26 DEBUG Execution order hint: 0.0
14:39:26 INFO  ==============================================================
14:39:26 INFO  instable https://github.com/thin-edge/thin-edge.io/issues/752 ... skipped
14:39:26 DEBUG --- test cleanup
14:39:26 DEBUG ProcessUser cleanup function done.
14:39:26 INFO  
14:39:26 INFO  Test duration: 0.02 secs
14:39:26 INFO  Test final outcome:  SKIPPED
14:39:26 INFO  Test outcome reason: instable https://github.com/thin-edge/thin-edge.io/issues/752
14:39:26 INFO  
</system-out>
	</testcase>
</testsuite>
