<?xml version="1.0" encoding="utf-8"?>
<testsuite failures="0" name="SoftwareManagement.sm_apt_install_remove_multiple_mixed" skipped="0" tests="1" time="197.91" timestamp="2022-03-15T18:17:06">
	<testcase classname="PySysTest" name="SoftwareManagement.sm_apt_install_remove_multiple_mixed"/>
</testsuite>
