<?xml version="1.0" encoding="utf-8"?>
<testsuite failures="1" name="SoftwareManagement.Plugin.apama_plugin_install" skipped="0" tests="1" time="0.63" timestamp="2022-03-21T17:25:37">
	<testcase classname="ApamaPluginInstallTest" name="SoftwareManagement.Plugin.apama_plugin_install">
		<failure message="BLOCKED: sudo&lt;plugin_install&gt; returned non-zero exit code 2" type="BLOCKED"/>
		<system-out>18:25:36 INFO  ==============================================================
18:25:36 INFO  Id:    SoftwareManagement.Plugin.apama_plugin_install
18:25:36 INFO  Dir:   plugin_apama/
18:25:36 INFO  Title: Validate apama plugin install
18:25:36 DEBUG Execution order hint: 0.0
18:25:36 INFO  ==============================================================
18:25:36 INFO  Assertion that path exists=False for &quot;/etc/tedge/apama/project&quot; ... passed
18:25:36 DEBUG --- test execute
18:25:36 DEBUG Process parameters for sudo&lt;plugin_install&gt;
  command line : /usr/bin/sudo /etc/tedge/sm-plugins/apama install QuickStart::project --file /home/pi/actions-runner/_work/thin-edge.io/thin-edge.io/tests/PySys/plugin_apama/Input/quickstart.zip
    arg #1     : /etc/tedge/sm-plugins/apama
    arg #2     : install
    arg #3     : QuickStart::project
    arg #4     : --file
    arg #5     : /home/pi/actions-runner/_work/thin-edge.io/thin-edge.io/tests/PySys/plugin_apama/Input/quickstart.zip
  working dir  : /home/pi/actions-runner/_work/thin-edge.io/thin-edge.io/tests/PySys/plugin_apama/apama_plugin_install/Output/linux
  stdout       : /home/pi/actions-runner/_work/thin-edge.io/thin-edge.io/tests/PySys/plugin_apama/apama_plugin_install/Output/linux/plugin_install.out
  stderr       : /home/pi/actions-runner/_work/thin-edge.io/thin-edge.io/tests/PySys/plugin_apama/apama_plugin_install/Output/linux/plugin_install.err
  environment  : LD_LIBRARY_PATH=/usr/lib
  environment  : PATH=/bin:/usr/bin:/usr/sbin:/usr/local/bin
                   #1  /bin
                   #2  /usr/bin
                   #3  /usr/sbin
                   #4  /usr/local/bin
18:25:36 DEBUG Waiting up to 600 secs for process sudo&lt;plugin_install&gt; (pid 4671)
18:25:36 WARN  Executed sudo&lt;plugin_install&gt;, exit status 2
18:25:36 DEBUG Opening file using encoding=UTF-8: /home/pi/actions-runner/_work/thin-edge.io/thin-edge.io/tests/PySys/plugin_apama/apama_plugin_install/Output/linux/plugin_install.err
18:25:36 INFO  Contents of plugin_install.err: 
  ERROR: Apama not installed at /opt/softwareag/Apama
  -----

18:25:36 WARN  sudo&lt;plugin_install&gt; returned non-zero exit code 2 ... blocked [run.py:25]
18:25:36 WARN  Aborted test due to BLOCKED outcome
18:25:36 DEBUG --- test cleanup
18:25:36 INFO  
18:25:36 INFO  cleanup:
18:25:36 DEBUG Running registered cleanup function: &lt;bound method ApamaPlugin.cleanup_project of &lt;ApamaPluginInstallTest object at 0x75783370&gt;&gt;
18:25:36 DEBUG Process parameters for sudo&lt;remove_apama_tmp_dir&gt;
  command line : /usr/bin/sudo rm -rf /tmp/tedge_apama_project
    arg #1     : rm
    arg #2     : -rf
    arg #3     : /tmp/tedge_apama_project
  working dir  : /home/pi/actions-runner/_work/thin-edge.io/thin-edge.io/tests/PySys/plugin_apama/apama_plugin_install/Output/linux
  stdout       : /home/pi/actions-runner/_work/thin-edge.io/thin-edge.io/tests/PySys/plugin_apama/apama_plugin_install/Output/linux/remove_apama_tmp_dir.out
  stderr       : /home/pi/actions-runner/_work/thin-edge.io/thin-edge.io/tests/PySys/plugin_apama/apama_plugin_install/Output/linux/remove_apama_tmp_dir.err
  environment  : LD_LIBRARY_PATH=/usr/lib
  environment  : PATH=/bin:/usr/bin:/usr/sbin:/usr/local/bin
                   #1  /bin
                   #2  /usr/bin
                   #3  /usr/sbin
                   #4  /usr/local/bin
18:25:36 DEBUG Waiting up to 600 secs for process sudo&lt;remove_apama_tmp_dir&gt; (pid 4673)
18:25:37 INFO  Executed sudo&lt;remove_apama_tmp_dir&gt;, exit status 0
18:25:37 DEBUG ProcessUser cleanup function done.
18:25:37 INFO  
18:25:37 INFO  Test duration: 0.63 secs
18:25:37 INFO  Test final outcome:  BLOCKED
18:25:37 INFO  Test outcome reason: sudo&lt;plugin_install&gt; returned non-zero exit code 2
18:25:37 INFO  
</system-out>
	</testcase>
</testsuite>
