<?xml version="1.0" encoding="utf-8"?>
<testsuite failures="0" name="SoftwareManagement.sm_apt_install_remove_multiple_mixed" skipped="0" tests="1" time="200.09" timestamp="2022-03-30T09:02:23">
	<testcase classname="PySysTest" name="SoftwareManagement.sm_apt_install_remove_multiple_mixed"/>
</testsuite>
