<?xml version="1.0" encoding="utf-8"?>
<testsuite failures="1" name="SoftwareManagement.sm_apt_install_remove" skipped="0" tests="1" time="156.53" timestamp="2022-02-22T11:03:29">
	<testcase classname="PySysTest" name="SoftwareManagement.sm_apt_install_remove">
		<failure message="BLOCKED: SystemError: Timeout while waiting for status FAILED or SUCCESSFUL" type="BLOCKED"/>
		<system-out>12:00:52 INFO  ==============================================================
12:00:52 INFO  Id:    SoftwareManagement.sm_apt_install_remove
12:00:52 INFO  Dir:   software_management_end_to_end/
12:00:52 INFO  Title: Validate end to end behaviour for the apt plugin for installation and removal of packages
12:00:52 DEBUG Execution order hint: 0.0
12:00:52 INFO  ==============================================================
12:00:52 INFO  Using sw id database: {'asciijump': '5475369', 'robotfindskitten': '5474869', 'squirrel3': '5475279', 'rolldice': '5152439', 'moon-buggy': '5439204', 'apple': '5495053', 'banana': '5494888', 'cherry': '5495382', 'watermelon': '5494510', 'registry': '8018911', 'hello-world': '8021526', 'docker/getting-started': '8021973', 'alpine': '7991792'}
12:00:52 DEBUG EnvironmentC8y Setup
12:00:52 INFO  EnvironmentC8y Setup
12:00:52 DEBUG Process parameters for systemctl&lt;serv_mapper1&gt;
  command line : /usr/bin/systemctl status tedge-mapper-c8y
    arg #1     : status
    arg #2     : tedge-mapper-c8y
  working dir  : /home/pi/actions-runner/_work/thin-edge.io/thin-edge.io/tests/PySys/software_management_end_to_end/sm_apt_install_remove/Output/linux
  stdout       : /home/pi/actions-runner/_work/thin-edge.io/thin-edge.io/tests/PySys/software_management_end_to_end/sm_apt_install_remove/Output/linux/serv_mapper1.out
  stderr       : /home/pi/actions-runner/_work/thin-edge.io/thin-edge.io/tests/PySys/software_management_end_to_end/sm_apt_install_remove/Output/linux/serv_mapper1.err
  environment  : LD_LIBRARY_PATH=/usr/lib
  environment  : PATH=/bin:/usr/bin:/usr/sbin:/usr/local/bin
                   #1  /bin
                   #2  /usr/bin
                   #3  /usr/sbin
                   #4  /usr/local/bin
12:00:52 DEBUG Waiting up to 600 secs for process systemctl&lt;serv_mapper1&gt; (pid 20214)
12:00:53 INFO  Executed systemctl&lt;serv_mapper1&gt;, exit status 3
12:00:53 INFO  Restarting mosquitto too frequently in the last 10 seconds. It was only up for 3 seconds
12:00:53 INFO  Delaying execution by 8 seconds
12:01:01 DEBUG Process parameters for sudo&lt;tedge_connect_c8y&gt;
  command line : /usr/bin/sudo /usr/bin/tedge connect c8y
    arg #1     : /usr/bin/tedge
    arg #2     : connect
    arg #3     : c8y
  working dir  : /home/pi/actions-runner/_work/thin-edge.io/thin-edge.io/tests/PySys/software_management_end_to_end/sm_apt_install_remove/Output/linux
  stdout       : /home/pi/actions-runner/_work/thin-edge.io/thin-edge.io/tests/PySys/software_management_end_to_end/sm_apt_install_remove/Output/linux/tedge_connect_c8y.out
  stderr       : /home/pi/actions-runner/_work/thin-edge.io/thin-edge.io/tests/PySys/software_management_end_to_end/sm_apt_install_remove/Output/linux/tedge_connect_c8y.err
  environment  : LD_LIBRARY_PATH=/usr/lib
  environment  : PATH=/bin:/usr/bin:/usr/sbin:/usr/local/bin
                   #1  /bin
                   #2  /usr/bin
                   #3  /usr/sbin
                   #4  /usr/local/bin
12:01:01 DEBUG Waiting up to 600 secs for process sudo&lt;tedge_connect_c8y&gt; (pid 20221)
12:01:11 INFO  Executed sudo&lt;tedge_connect_c8y&gt;, exit status 0
12:01:11 DEBUG Process parameters for sudo&lt;tedge_connect_c8y_test&gt;
  command line : /usr/bin/sudo /usr/bin/tedge connect c8y --test
    arg #1     : /usr/bin/tedge
    arg #2     : connect
    arg #3     : c8y
    arg #4     : --test
  working dir  : /home/pi/actions-runner/_work/thin-edge.io/thin-edge.io/tests/PySys/software_management_end_to_end/sm_apt_install_remove/Output/linux
  stdout       : /home/pi/actions-runner/_work/thin-edge.io/thin-edge.io/tests/PySys/software_management_end_to_end/sm_apt_install_remove/Output/linux/tedge_connect_c8y_test.out
  stderr       : /home/pi/actions-runner/_work/thin-edge.io/thin-edge.io/tests/PySys/software_management_end_to_end/sm_apt_install_remove/Output/linux/tedge_connect_c8y_test.err
  environment  : LD_LIBRARY_PATH=/usr/lib
  environment  : PATH=/bin:/usr/bin:/usr/sbin:/usr/local/bin
                   #1  /bin
                   #2  /usr/bin
                   #3  /usr/sbin
                   #4  /usr/local/bin
12:01:11 DEBUG Waiting up to 600 secs for process sudo&lt;tedge_connect_c8y_test&gt; (pid 20340)
12:01:11 INFO  Executed sudo&lt;tedge_connect_c8y_test&gt;, exit status 0
12:01:11 DEBUG Process parameters for systemctl&lt;serv_mosq2&gt;
  command line : /usr/bin/systemctl status mosquitto
    arg #1     : status
    arg #2     : mosquitto
  working dir  : /home/pi/actions-runner/_work/thin-edge.io/thin-edge.io/tests/PySys/software_management_end_to_end/sm_apt_install_remove/Output/linux
  stdout       : /home/pi/actions-runner/_work/thin-edge.io/thin-edge.io/tests/PySys/software_management_end_to_end/sm_apt_install_remove/Output/linux/serv_mosq2.out
  stderr       : /home/pi/actions-runner/_work/thin-edge.io/thin-edge.io/tests/PySys/software_management_end_to_end/sm_apt_install_remove/Output/linux/serv_mosq2.err
  environment  : LD_LIBRARY_PATH=/usr/lib
  environment  : PATH=/bin:/usr/bin:/usr/sbin:/usr/local/bin
                   #1  /bin
                   #2  /usr/bin
                   #3  /usr/sbin
                   #4  /usr/local/bin
12:01:11 DEBUG Waiting up to 600 secs for process systemctl&lt;serv_mosq2&gt; (pid 20343)
12:01:11 INFO  Executed systemctl&lt;serv_mosq2&gt;, exit status 0
12:01:11 DEBUG Process parameters for systemctl&lt;serv_mapper3&gt;
  command line : /usr/bin/systemctl status tedge-mapper-c8y
    arg #1     : status
    arg #2     : tedge-mapper-c8y
  working dir  : /home/pi/actions-runner/_work/thin-edge.io/thin-edge.io/tests/PySys/software_management_end_to_end/sm_apt_install_remove/Output/linux
  stdout       : /home/pi/actions-runner/_work/thin-edge.io/thin-edge.io/tests/PySys/software_management_end_to_end/sm_apt_install_remove/Output/linux/serv_mapper3.out
  stderr       : /home/pi/actions-runner/_work/thin-edge.io/thin-edge.io/tests/PySys/software_management_end_to_end/sm_apt_install_remove/Output/linux/serv_mapper3.err
  environment  : LD_LIBRARY_PATH=/usr/lib
  environment  : PATH=/bin:/usr/bin:/usr/sbin:/usr/local/bin
                   #1  /bin
                   #2  /usr/bin
                   #3  /usr/sbin
                   #4  /usr/local/bin
12:01:11 DEBUG Waiting up to 600 secs for process systemctl&lt;serv_mapper3&gt; (pid 20347)
12:01:12 INFO  Executed systemctl&lt;serv_mapper3&gt;, exit status 0
12:01:14 DEBUG Final URL of the request: https://thin-edge-io.eu-latest.cumulocity.com/devicecontrol/operations?deviceId=14471660&amp;pageSize=1&amp;revert=true&amp;dateFrom=1970-01-01T00%3A00%3A00.000Z
12:01:14 INFO  State of current operation: PENDING
12:01:14 DEBUG Final URL of the request: https://thin-edge-io.eu-latest.cumulocity.com/devicecontrol/operations?deviceId=14471660&amp;pageSize=1&amp;revert=true&amp;dateFrom=1970-01-01T00%3A00%3A00.000Z
12:01:14 DEBUG State of current operation: {
    &quot;delivery&quot;: {
        &quot;time&quot;: &quot;2022-02-22T11:01:09.608Z&quot;,
        &quot;log&quot;: [
            {
                &quot;time&quot;: &quot;2022-02-22T10:28:38.571Z&quot;,
                &quot;status&quot;: &quot;PENDING&quot;
            },
            {
                &quot;time&quot;: &quot;2022-02-22T10:28:38.580Z&quot;,
                &quot;status&quot;: &quot;SEND&quot;
            },
            {
                &quot;time&quot;: &quot;2022-02-22T10:28:38.612Z&quot;,
                &quot;status&quot;: &quot;DELIVERED&quot;
            },
            {
                &quot;time&quot;: &quot;2022-02-22T10:29:41.769Z&quot;,
                &quot;status&quot;: &quot;PENDING&quot;
            },
            {
                &quot;time&quot;: &quot;2022-02-22T10:29:41.789Z&quot;,
                &quot;status&quot;: &quot;SEND&quot;
            },
            {
                &quot;time&quot;: &quot;2022-02-22T10:29:41.820Z&quot;,
                &quot;status&quot;: &quot;DELIVERED&quot;
            },
            {
                &quot;time&quot;: &quot;2022-02-22T10:30:36.690Z&quot;,
                &quot;status&quot;: &quot;PENDING&quot;
            },
            {
                &quot;time&quot;: &quot;2022-02-22T10:30:36.714Z&quot;,
                &quot;status&quot;: &quot;SEND&quot;
            },
            {
                &quot;time&quot;: &quot;2022-02-22T10:30:36.753Z&quot;,
                &quot;status&quot;: &quot;DELIVERED&quot;
            },
            {
                &quot;time&quot;: &quot;2022-02-22T10:31:49.629Z&quot;,
                &quot;status&quot;: &quot;PENDING&quot;
            },
            {
                &quot;time&quot;: &quot;2022-02-22T10:31:49.654Z&quot;,
                &quot;status&quot;: &quot;SEND&quot;
            },
            {
                &quot;time&quot;: &quot;2022-02-22T10:31:49.686Z&quot;,
                &quot;status&quot;: &quot;DELIVERED&quot;
            },
            {
                &quot;time&quot;: &quot;2022-02-22T10:33:02.291Z&quot;,
                &quot;status&quot;: &quot;PENDING&quot;
            },
            {
                &quot;time&quot;: &quot;2022-02-22T10:33:02.316Z&quot;,
                &quot;status&quot;: &quot;SEND&quot;
            },
            {
                &quot;time&quot;: &quot;2022-02-22T10:33:02.347Z&quot;,
                &quot;status&quot;: &quot;DELIVERED&quot;
            },
            {
                &quot;time&quot;: &quot;2022-02-22T10:33:40.393Z&quot;,
                &quot;status&quot;: &quot;PENDING&quot;
            },
            {
                &quot;time&quot;: &quot;2022-02-22T10:33:40.416Z&quot;,
                &quot;status&quot;: &quot;SEND&quot;
            },
            {
                &quot;time&quot;: &quot;2022-02-22T10:33:40.449Z&quot;,
                &quot;status&quot;: &quot;DELIVERED&quot;
            },
            {
                &quot;time&quot;: &quot;2022-02-22T10:34:31.797Z&quot;,
                &quot;status&quot;: &quot;PENDING&quot;
            },
            {
                &quot;time&quot;: &quot;2022-02-22T10:34:31.818Z&quot;,
                &quot;status&quot;: &quot;SEND&quot;
            },
            {
                &quot;time&quot;: &quot;2022-02-22T10:34:31.850Z&quot;,
                &quot;status&quot;: &quot;DELIVERED&quot;
            },
            {
                &quot;time&quot;: &quot;2022-02-22T10:35:23.062Z&quot;,
                &quot;status&quot;: &quot;PENDING&quot;
            },
            {
                &quot;time&quot;: &quot;2022-02-22T10:35:23.084Z&quot;,
                &quot;status&quot;: &quot;SEND&quot;
            },
            {
                &quot;time&quot;: &quot;2022-02-22T10:35:23.118Z&quot;,
                &quot;status&quot;: &quot;DELIVERED&quot;
            },
            {
                &quot;time&quot;: &quot;2022-02-22T10:36:03.111Z&quot;,
                &quot;status&quot;: &quot;PENDING&quot;
            },
            {
                &quot;time&quot;: &quot;2022-02-22T10:36:03.134Z&quot;,
                &quot;status&quot;: &quot;SEND&quot;
            },
            {
                &quot;time&quot;: &quot;2022-02-22T10:36:03.168Z&quot;,
                &quot;status&quot;: &quot;DELIVERED&quot;
            },
            {
                &quot;time&quot;: &quot;2022-02-22T10:37:53.192Z&quot;,
                &quot;status&quot;: &quot;PENDING&quot;
            },
            {
                &quot;time&quot;: &quot;2022-02-22T10:37:53.212Z&quot;,
                &quot;status&quot;: &quot;SEND&quot;
            },
            {
                &quot;time&quot;: &quot;2022-02-22T10:37:53.247Z&quot;,
                &quot;status&quot;: &quot;DELIVERED&quot;
            },
            {
                &quot;time&quot;: &quot;2022-02-22T10:39:48.337Z&quot;,
                &quot;status&quot;: &quot;PENDING&quot;
            },
            {
                &quot;time&quot;: &quot;2022-02-22T10:39:48.361Z&quot;,
                &quot;status&quot;: &quot;SEND&quot;
            },
            {
                &quot;time&quot;: &quot;2022-02-22T10:39:48.394Z&quot;,
                &quot;status&quot;: &quot;DELIVERED&quot;
            },
            {
                &quot;time&quot;: &quot;2022-02-22T10:40:10.264Z&quot;,
                &quot;status&quot;: &quot;PENDING&quot;
            },
            {
                &quot;time&quot;: &quot;2022-02-22T10:40:10.288Z&quot;,
                &quot;status&quot;: &quot;SEND&quot;
            },
            {
                &quot;time&quot;: &quot;2022-02-22T10:40:10.320Z&quot;,
                &quot;status&quot;: &quot;DELIVERED&quot;
            },
            {
                &quot;time&quot;: &quot;2022-02-22T10:40:32.184Z&quot;,
                &quot;status&quot;: &quot;PENDING&quot;
            },
            {
                &quot;time&quot;: &quot;2022-02-22T10:40:32.212Z&quot;,
                &quot;status&quot;: &quot;SEND&quot;
            },
            {
                &quot;time&quot;: &quot;2022-02-22T10:40:32.245Z&quot;,
                &quot;status&quot;: &quot;DELIVERED&quot;
            },
            {
                &quot;time&quot;: &quot;2022-02-22T10:40:54.910Z&quot;,
                &quot;status&quot;: &quot;PENDING&quot;
            },
            {
                &quot;time&quot;: &quot;2022-02-22T10:40:54.935Z&quot;,
                &quot;status&quot;: &quot;SEND&quot;
            },
            {
                &quot;time&quot;: &quot;2022-02-22T10:40:54.967Z&quot;,
                &quot;status&quot;: &quot;DELIVERED&quot;
            },
            {
                &quot;time&quot;: &quot;2022-02-22T10:41:29.467Z&quot;,
                &quot;status&quot;: &quot;PENDING&quot;
            },
            {
                &quot;time&quot;: &quot;2022-02-22T10:41:29.492Z&quot;,
                &quot;status&quot;: &quot;SEND&quot;
            },
            {
                &quot;time&quot;: &quot;2022-02-22T10:41:29.524Z&quot;,
                &quot;status&quot;: &quot;DELIVERED&quot;
            },
            {
                &quot;time&quot;: &quot;2022-02-22T10:41:52.244Z&quot;,
                &quot;status&quot;: &quot;PENDING&quot;
            },
            {
                &quot;time&quot;: &quot;2022-02-22T10:41:52.268Z&quot;,
                &quot;status&quot;: &quot;SEND&quot;
            },
            {
                &quot;time&quot;: &quot;2022-02-22T10:41:52.298Z&quot;,
                &quot;status&quot;: &quot;DELIVERED&quot;
            },
            {
                &quot;time&quot;: &quot;2022-02-22T10:42:16.769Z&quot;,
                &quot;status&quot;: &quot;PENDING&quot;
            },
            {
                &quot;time&quot;: &quot;2022-02-22T10:42:16.794Z&quot;,
                &quot;status&quot;: &quot;SEND&quot;
            },
            {
                &quot;time&quot;: &quot;2022-02-22T10:42:16.826Z&quot;,
                &quot;status&quot;: &quot;DELIVERED&quot;
            },
            {
                &quot;time&quot;: &quot;2022-02-22T10:55:33.558Z&quot;,
                &quot;status&quot;: &quot;PENDING&quot;
            },
            {
                &quot;time&quot;: &quot;2022-02-22T10:55:33.592Z&quot;,
                &quot;status&quot;: &quot;SEND&quot;
            },
            {
                &quot;time&quot;: &quot;2022-02-22T10:55:33.620Z&quot;,
                &quot;status&quot;: &quot;DELIVERED&quot;
            },
            {
                &quot;time&quot;: &quot;2022-02-22T10:58:10.748Z&quot;,
                &quot;status&quot;: &quot;PENDING&quot;
            },
            {
                &quot;time&quot;: &quot;2022-02-22T10:58:10.772Z&quot;,
                &quot;status&quot;: &quot;SEND&quot;
            },
            {
                &quot;time&quot;: &quot;2022-02-22T10:58:10.805Z&quot;,
                &quot;status&quot;: &quot;DELIVERED&quot;
            },
            {
                &quot;time&quot;: &quot;2022-02-22T10:58:33.317Z&quot;,
                &quot;status&quot;: &quot;PENDING&quot;
            },
            {
                &quot;time&quot;: &quot;2022-02-22T10:58:33.342Z&quot;,
                &quot;status&quot;: &quot;SEND&quot;
            },
            {
                &quot;time&quot;: &quot;2022-02-22T10:58:33.375Z&quot;,
                &quot;status&quot;: &quot;DELIVERED&quot;
            },
            {
                &quot;time&quot;: &quot;2022-02-22T11:01:09.552Z&quot;,
                &quot;status&quot;: &quot;PENDING&quot;
            },
            {
                &quot;time&quot;: &quot;2022-02-22T11:01:09.576Z&quot;,
                &quot;status&quot;: &quot;SEND&quot;
            }
        ],
        &quot;status&quot;: &quot;DELIVERED&quot;
    },
    &quot;creationTime&quot;: &quot;2022-02-22T10:28:38.549Z&quot;,
    &quot;deviceId&quot;: &quot;14471660&quot;,
    &quot;deviceName&quot;: &quot;octocatrpi3&quot;,
    &quot;self&quot;: &quot;https://t493319102.eu-latest.cumulocity.com/devicecontrol/operations/14471086&quot;,
    &quot;id&quot;: &quot;14471086&quot;,
    &quot;status&quot;: &quot;PENDING&quot;,
    &quot;c8y_LogfileRequest&quot;: {
        &quot;searchText&quot;: &quot;&quot;,
        &quot;logFile&quot;: &quot;software-management&quot;,
        &quot;dateTo&quot;: &quot;2021-11-21T18:55:49+0530&quot;,
        &quot;dateFrom&quot;: &quot;2021-11-15T18:55:49+0530&quot;,
        &quot;maximumLines&quot;: 300
    },
    &quot;description&quot;: &quot;Log file request&quot;
}
12:01:16 DEBUG Final URL of the request: https://thin-edge-io.eu-latest.cumulocity.com/devicecontrol/operations?deviceId=14471660&amp;pageSize=1&amp;revert=true&amp;dateFrom=1970-01-01T00%3A00%3A00.000Z
12:01:16 INFO  State of current operation: PENDING
12:01:16 DEBUG Final URL of the request: https://thin-edge-io.eu-latest.cumulocity.com/devicecontrol/operations?deviceId=14471660&amp;pageSize=1&amp;revert=true&amp;dateFrom=1970-01-01T00%3A00%3A00.000Z
12:01:16 DEBUG State of current operation: {
    &quot;delivery&quot;: {
        &quot;time&quot;: &quot;2022-02-22T11:01:09.608Z&quot;,
        &quot;log&quot;: [
            {
                &quot;time&quot;: &quot;2022-02-22T10:28:38.571Z&quot;,
                &quot;status&quot;: &quot;PENDING&quot;
            },
            {
                &quot;time&quot;: &quot;2022-02-22T10:28:38.580Z&quot;,
                &quot;status&quot;: &quot;SEND&quot;
            },
            {
                &quot;time&quot;: &quot;2022-02-22T10:28:38.612Z&quot;,
                &quot;status&quot;: &quot;DELIVERED&quot;
            },
            {
                &quot;time&quot;: &quot;2022-02-22T10:29:41.769Z&quot;,
                &quot;status&quot;: &quot;PENDING&quot;
            },
            {
                &quot;time&quot;: &quot;2022-02-22T10:29:41.789Z&quot;,
                &quot;status&quot;: &quot;SEND&quot;
            },
            {
                &quot;time&quot;: &quot;2022-02-22T10:29:41.820Z&quot;,
                &quot;status&quot;: &quot;DELIVERED&quot;
            },
            {
                &quot;time&quot;: &quot;2022-02-22T10:30:36.690Z&quot;,
                &quot;status&quot;: &quot;PENDING&quot;
            },
            {
                &quot;time&quot;: &quot;2022-02-22T10:30:36.714Z&quot;,
                &quot;status&quot;: &quot;SEND&quot;
            },
            {
                &quot;time&quot;: &quot;2022-02-22T10:30:36.753Z&quot;,
                &quot;status&quot;: &quot;DELIVERED&quot;
            },
            {
                &quot;time&quot;: &quot;2022-02-22T10:31:49.629Z&quot;,
                &quot;status&quot;: &quot;PENDING&quot;
            },
            {
                &quot;time&quot;: &quot;2022-02-22T10:31:49.654Z&quot;,
                &quot;status&quot;: &quot;SEND&quot;
            },
            {
                &quot;time&quot;: &quot;2022-02-22T10:31:49.686Z&quot;,
                &quot;status&quot;: &quot;DELIVERED&quot;
            },
            {
                &quot;time&quot;: &quot;2022-02-22T10:33:02.291Z&quot;,
                &quot;status&quot;: &quot;PENDING&quot;
            },
            {
                &quot;time&quot;: &quot;2022-02-22T10:33:02.316Z&quot;,
                &quot;status&quot;: &quot;SEND&quot;
            },
            {
                &quot;time&quot;: &quot;2022-02-22T10:33:02.347Z&quot;,
                &quot;status&quot;: &quot;DELIVERED&quot;
            },
            {
                &quot;time&quot;: &quot;2022-02-22T10:33:40.393Z&quot;,
                &quot;status&quot;: &quot;PENDING&quot;
            },
            {
                &quot;time&quot;: &quot;2022-02-22T10:33:40.416Z&quot;,
                &quot;status&quot;: &quot;SEND&quot;
            },
            {
                &quot;time&quot;: &quot;2022-02-22T10:33:40.449Z&quot;,
                &quot;status&quot;: &quot;DELIVERED&quot;
            },
            {
                &quot;time&quot;: &quot;2022-02-22T10:34:31.797Z&quot;,
                &quot;status&quot;: &quot;PENDING&quot;
            },
            {
                &quot;time&quot;: &quot;2022-02-22T10:34:31.818Z&quot;,
                &quot;status&quot;: &quot;SEND&quot;
            },
            {
                &quot;time&quot;: &quot;2022-02-22T10:34:31.850Z&quot;,
                &quot;status&quot;: &quot;DELIVERED&quot;
            },
            {
                &quot;time&quot;: &quot;2022-02-22T10:35:23.062Z&quot;,
                &quot;status&quot;: &quot;PENDING&quot;
            },
            {
                &quot;time&quot;: &quot;2022-02-22T10:35:23.084Z&quot;,
                &quot;status&quot;: &quot;SEND&quot;
            },
            {
                &quot;time&quot;: &quot;2022-02-22T10:35:23.118Z&quot;,
                &quot;status&quot;: &quot;DELIVERED&quot;
            },
            {
                &quot;time&quot;: &quot;2022-02-22T10:36:03.111Z&quot;,
                &quot;status&quot;: &quot;PENDING&quot;
            },
            {
                &quot;time&quot;: &quot;2022-02-22T10:36:03.134Z&quot;,
                &quot;status&quot;: &quot;SEND&quot;
            },
            {
                &quot;time&quot;: &quot;2022-02-22T10:36:03.168Z&quot;,
                &quot;status&quot;: &quot;DELIVERED&quot;
            },
            {
                &quot;time&quot;: &quot;2022-02-22T10:37:53.192Z&quot;,
                &quot;status&quot;: &quot;PENDING&quot;
            },
            {
                &quot;time&quot;: &quot;2022-02-22T10:37:53.212Z&quot;,
                &quot;status&quot;: &quot;SEND&quot;
            },
            {
                &quot;time&quot;: &quot;2022-02-22T10:37:53.247Z&quot;,
                &quot;status&quot;: &quot;DELIVERED&quot;
            },
            {
                &quot;time&quot;: &quot;2022-02-22T10:39:48.337Z&quot;,
                &quot;status&quot;: &quot;PENDING&quot;
            },
            {
                &quot;time&quot;: &quot;2022-02-22T10:39:48.361Z&quot;,
                &quot;status&quot;: &quot;SEND&quot;
            },
            {
                &quot;time&quot;: &quot;2022-02-22T10:39:48.394Z&quot;,
                &quot;status&quot;: &quot;DELIVERED&quot;
            },
            {
                &quot;time&quot;: &quot;2022-02-22T10:40:10.264Z&quot;,
                &quot;status&quot;: &quot;PENDING&quot;
            },
            {
                &quot;time&quot;: &quot;2022-02-22T10:40:10.288Z&quot;,
                &quot;status&quot;: &quot;SEND&quot;
            },
            {
                &quot;time&quot;: &quot;2022-02-22T10:40:10.320Z&quot;,
                &quot;status&quot;: &quot;DELIVERED&quot;
            },
            {
                &quot;time&quot;: &quot;2022-02-22T10:40:32.184Z&quot;,
                &quot;status&quot;: &quot;PENDING&quot;
            },
            {
                &quot;time&quot;: &quot;2022-02-22T10:40:32.212Z&quot;,
                &quot;status&quot;: &quot;SEND&quot;
            },
            {
                &quot;time&quot;: &quot;2022-02-22T10:40:32.245Z&quot;,
                &quot;status&quot;: &quot;DELIVERED&quot;
            },
            {
                &quot;time&quot;: &quot;2022-02-22T10:40:54.910Z&quot;,
                &quot;status&quot;: &quot;PENDING&quot;
            },
            {
                &quot;time&quot;: &quot;2022-02-22T10:40:54.935Z&quot;,
                &quot;status&quot;: &quot;SEND&quot;
            },
            {
                &quot;time&quot;: &quot;2022-02-22T10:40:54.967Z&quot;,
                &quot;status&quot;: &quot;DELIVERED&quot;
            },
            {
                &quot;time&quot;: &quot;2022-02-22T10:41:29.467Z&quot;,
                &quot;status&quot;: &quot;PENDING&quot;
            },
            {
                &quot;time&quot;: &quot;2022-02-22T10:41:29.492Z&quot;,
                &quot;status&quot;: &quot;SEND&quot;
            },
            {
                &quot;time&quot;: &quot;2022-02-22T10:41:29.524Z&quot;,
                &quot;status&quot;: &quot;DELIVERED&quot;
            },
            {
                &quot;time&quot;: &quot;2022-02-22T10:41:52.244Z&quot;,
                &quot;status&quot;: &quot;PENDING&quot;
            },
            {
                &quot;time&quot;: &quot;2022-02-22T10:41:52.268Z&quot;,
                &quot;status&quot;: &quot;SEND&quot;
            },
            {
                &quot;time&quot;: &quot;2022-02-22T10:41:52.298Z&quot;,
                &quot;status&quot;: &quot;DELIVERED&quot;
            },
            {
                &quot;time&quot;: &quot;2022-02-22T10:42:16.769Z&quot;,
                &quot;status&quot;: &quot;PENDING&quot;
            },
            {
                &quot;time&quot;: &quot;2022-02-22T10:42:16.794Z&quot;,
                &quot;status&quot;: &quot;SEND&quot;
            },
            {
                &quot;time&quot;: &quot;2022-02-22T10:42:16.826Z&quot;,
                &quot;status&quot;: &quot;DELIVERED&quot;
            },
            {
                &quot;time&quot;: &quot;2022-02-22T10:55:33.558Z&quot;,
                &quot;status&quot;: &quot;PENDING&quot;
            },
            {
                &quot;time&quot;: &quot;2022-02-22T10:55:33.592Z&quot;,
                &quot;status&quot;: &quot;SEND&quot;
            },
            {
                &quot;time&quot;: &quot;2022-02-22T10:55:33.620Z&quot;,
                &quot;status&quot;: &quot;DELIVERED&quot;
            },
            {
                &quot;time&quot;: &quot;2022-02-22T10:58:10.748Z&quot;,
                &quot;status&quot;: &quot;PENDING&quot;
            },
            {
                &quot;time&quot;: &quot;2022-02-22T10:58:10.772Z&quot;,
                &quot;status&quot;: &quot;SEND&quot;
            },
            {
                &quot;time&quot;: &quot;2022-02-22T10:58:10.805Z&quot;,
                &quot;status&quot;: &quot;DELIVERED&quot;
            },
            {
                &quot;time&quot;: &quot;2022-02-22T10:58:33.317Z&quot;,
                &quot;status&quot;: &quot;PENDING&quot;
            },
            {
                &quot;time&quot;: &quot;2022-02-22T10:58:33.342Z&quot;,
                &quot;status&quot;: &quot;SEND&quot;
            },
            {
                &quot;time&quot;: &quot;2022-02-22T10:58:33.375Z&quot;,
                &quot;status&quot;: &quot;DELIVERED&quot;
            },
            {
                &quot;time&quot;: &quot;2022-02-22T11:01:09.552Z&quot;,
                &quot;status&quot;: &quot;PENDING&quot;
            },
            {
                &quot;time&quot;: &quot;2022-02-22T11:01:09.576Z&quot;,
                &quot;status&quot;: &quot;SEND&quot;
            }
        ],
        &quot;status&quot;: &quot;DELIVERED&quot;
    },
    &quot;creationTime&quot;: &quot;2022-02-22T10:28:38.549Z&quot;,
    &quot;deviceId&quot;: &quot;14471660&quot;,
    &quot;deviceName&quot;: &quot;octocatrpi3&quot;,
    &quot;self&quot;: &quot;https://t493319102.eu-latest.cumulocity.com/devicecontrol/operations/14471086&quot;,
    &quot;id&quot;: &quot;14471086&quot;,
    &quot;status&quot;: &quot;PENDING&quot;,
    &quot;c8y_LogfileRequest&quot;: {
        &quot;searchText&quot;: &quot;&quot;,
        &quot;logFile&quot;: &quot;software-management&quot;,
        &quot;dateTo&quot;: &quot;2021-11-21T18:55:49+0530&quot;,
        &quot;dateFrom&quot;: &quot;2021-11-15T18:55:49+0530&quot;,
        &quot;maximumLines&quot;: 300
    },
    &quot;description&quot;: &quot;Log file request&quot;
}
12:01:18 DEBUG Final URL of the request: https://thin-edge-io.eu-latest.cumulocity.com/devicecontrol/operations?deviceId=14471660&amp;pageSize=1&amp;revert=true&amp;dateFrom=1970-01-01T00%3A00%3A00.000Z
12:01:18 INFO  State of current operation: PENDING
12:01:18 DEBUG Final URL of the request: https://thin-edge-io.eu-latest.cumulocity.com/devicecontrol/operations?deviceId=14471660&amp;pageSize=1&amp;revert=true&amp;dateFrom=1970-01-01T00%3A00%3A00.000Z
12:01:18 DEBUG State of current operation: {
    &quot;delivery&quot;: {
        &quot;time&quot;: &quot;2022-02-22T11:01:09.608Z&quot;,
        &quot;log&quot;: [
            {
                &quot;time&quot;: &quot;2022-02-22T10:28:38.571Z&quot;,
                &quot;status&quot;: &quot;PENDING&quot;
            },
            {
                &quot;time&quot;: &quot;2022-02-22T10:28:38.580Z&quot;,
                &quot;status&quot;: &quot;SEND&quot;
            },
            {
                &quot;time&quot;: &quot;2022-02-22T10:28:38.612Z&quot;,
                &quot;status&quot;: &quot;DELIVERED&quot;
            },
            {
                &quot;time&quot;: &quot;2022-02-22T10:29:41.769Z&quot;,
                &quot;status&quot;: &quot;PENDING&quot;
            },
            {
                &quot;time&quot;: &quot;2022-02-22T10:29:41.789Z&quot;,
                &quot;status&quot;: &quot;SEND&quot;
            },
            {
                &quot;time&quot;: &quot;2022-02-22T10:29:41.820Z&quot;,
                &quot;status&quot;: &quot;DELIVERED&quot;
            },
            {
                &quot;time&quot;: &quot;2022-02-22T10:30:36.690Z&quot;,
                &quot;status&quot;: &quot;PENDING&quot;
            },
            {
                &quot;time&quot;: &quot;2022-02-22T10:30:36.714Z&quot;,
                &quot;status&quot;: &quot;SEND&quot;
            },
            {
                &quot;time&quot;: &quot;2022-02-22T10:30:36.753Z&quot;,
                &quot;status&quot;: &quot;DELIVERED&quot;
            },
            {
                &quot;time&quot;: &quot;2022-02-22T10:31:49.629Z&quot;,
                &quot;status&quot;: &quot;PENDING&quot;
            },
            {
                &quot;time&quot;: &quot;2022-02-22T10:31:49.654Z&quot;,
                &quot;status&quot;: &quot;SEND&quot;
            },
            {
                &quot;time&quot;: &quot;2022-02-22T10:31:49.686Z&quot;,
                &quot;status&quot;: &quot;DELIVERED&quot;
            },
            {
                &quot;time&quot;: &quot;2022-02-22T10:33:02.291Z&quot;,
                &quot;status&quot;: &quot;PENDING&quot;
            },
            {
                &quot;time&quot;: &quot;2022-02-22T10:33:02.316Z&quot;,
                &quot;status&quot;: &quot;SEND&quot;
            },
            {
                &quot;time&quot;: &quot;2022-02-22T10:33:02.347Z&quot;,
                &quot;status&quot;: &quot;DELIVERED&quot;
            },
            {
                &quot;time&quot;: &quot;2022-02-22T10:33:40.393Z&quot;,
                &quot;status&quot;: &quot;PENDING&quot;
            },
            {
                &quot;time&quot;: &quot;2022-02-22T10:33:40.416Z&quot;,
                &quot;status&quot;: &quot;SEND&quot;
            },
            {
                &quot;time&quot;: &quot;2022-02-22T10:33:40.449Z&quot;,
                &quot;status&quot;: &quot;DELIVERED&quot;
            },
            {
                &quot;time&quot;: &quot;2022-02-22T10:34:31.797Z&quot;,
                &quot;status&quot;: &quot;PENDING&quot;
            },
            {
                &quot;time&quot;: &quot;2022-02-22T10:34:31.818Z&quot;,
                &quot;status&quot;: &quot;SEND&quot;
            },
            {
                &quot;time&quot;: &quot;2022-02-22T10:34:31.850Z&quot;,
                &quot;status&quot;: &quot;DELIVERED&quot;
            },
            {
                &quot;time&quot;: &quot;2022-02-22T10:35:23.062Z&quot;,
                &quot;status&quot;: &quot;PENDING&quot;
            },
            {
                &quot;time&quot;: &quot;2022-02-22T10:35:23.084Z&quot;,
                &quot;status&quot;: &quot;SEND&quot;
            },
            {
                &quot;time&quot;: &quot;2022-02-22T10:35:23.118Z&quot;,
                &quot;status&quot;: &quot;DELIVERED&quot;
            },
            {
                &quot;time&quot;: &quot;2022-02-22T10:36:03.111Z&quot;,
                &quot;status&quot;: &quot;PENDING&quot;
            },
            {
                &quot;time&quot;: &quot;2022-02-22T10:36:03.134Z&quot;,
                &quot;status&quot;: &quot;SEND&quot;
            },
            {
                &quot;time&quot;: &quot;2022-02-22T10:36:03.168Z&quot;,
                &quot;status&quot;: &quot;DELIVERED&quot;
            },
            {
                &quot;time&quot;: &quot;2022-02-22T10:37:53.192Z&quot;,
                &quot;status&quot;: &quot;PENDING&quot;
            },
            {
                &quot;time&quot;: &quot;2022-02-22T10:37:53.212Z&quot;,
                &quot;status&quot;: &quot;SEND&quot;
            },
            {
                &quot;time&quot;: &quot;2022-02-22T10:37:53.247Z&quot;,
                &quot;status&quot;: &quot;DELIVERED&quot;
            },
            {
                &quot;time&quot;: &quot;2022-02-22T10:39:48.337Z&quot;,
                &quot;status&quot;: &quot;PENDING&quot;
            },
            {
                &quot;time&quot;: &quot;2022-02-22T10:39:48.361Z&quot;,
                &quot;status&quot;: &quot;SEND&quot;
            },
            {
                &quot;time&quot;: &quot;2022-02-22T10:39:48.394Z&quot;,
                &quot;status&quot;: &quot;DELIVERED&quot;
            },
            {
                &quot;time&quot;: &quot;2022-02-22T10:40:10.264Z&quot;,
                &quot;status&quot;: &quot;PENDING&quot;
            },
            {
                &quot;time&quot;: &quot;2022-02-22T10:40:10.288Z&quot;,
                &quot;status&quot;: &quot;SEND&quot;
            },
            {
                &quot;time&quot;: &quot;2022-02-22T10:40:10.320Z&quot;,
                &quot;status&quot;: &quot;DELIVERED&quot;
            },
            {
                &quot;time&quot;: &quot;2022-02-22T10:40:32.184Z&quot;,
                &quot;status&quot;: &quot;PENDING&quot;
            },
            {
                &quot;time&quot;: &quot;2022-02-22T10:40:32.212Z&quot;,
                &quot;status&quot;: &quot;SEND&quot;
            },
            {
                &quot;time&quot;: &quot;2022-02-22T10:40:32.245Z&quot;,
                &quot;status&quot;: &quot;DELIVERED&quot;
            },
            {
                &quot;time&quot;: &quot;2022-02-22T10:40:54.910Z&quot;,
                &quot;status&quot;: &quot;PENDING&quot;
            },
            {
                &quot;time&quot;: &quot;2022-02-22T10:40:54.935Z&quot;,
                &quot;status&quot;: &quot;SEND&quot;
            },
            {
                &quot;time&quot;: &quot;2022-02-22T10:40:54.967Z&quot;,
                &quot;status&quot;: &quot;DELIVERED&quot;
            },
            {
                &quot;time&quot;: &quot;2022-02-22T10:41:29.467Z&quot;,
                &quot;status&quot;: &quot;PENDING&quot;
            },
            {
                &quot;time&quot;: &quot;2022-02-22T10:41:29.492Z&quot;,
                &quot;status&quot;: &quot;SEND&quot;
            },
            {
                &quot;time&quot;: &quot;2022-02-22T10:41:29.524Z&quot;,
                &quot;status&quot;: &quot;DELIVERED&quot;
            },
            {
                &quot;time&quot;: &quot;2022-02-22T10:41:52.244Z&quot;,
                &quot;status&quot;: &quot;PENDING&quot;
            },
            {
                &quot;time&quot;: &quot;2022-02-22T10:41:52.268Z&quot;,
                &quot;status&quot;: &quot;SEND&quot;
            },
            {
                &quot;time&quot;: &quot;2022-02-22T10:41:52.298Z&quot;,
                &quot;status&quot;: &quot;DELIVERED&quot;
            },
            {
                &quot;time&quot;: &quot;2022-02-22T10:42:16.769Z&quot;,
                &quot;status&quot;: &quot;PENDING&quot;
            },
            {
                &quot;time&quot;: &quot;2022-02-22T10:42:16.794Z&quot;,
                &quot;status&quot;: &quot;SEND&quot;
            },
            {
                &quot;time&quot;: &quot;2022-02-22T10:42:16.826Z&quot;,
                &quot;status&quot;: &quot;DELIVERED&quot;
            },
            {
                &quot;time&quot;: &quot;2022-02-22T10:55:33.558Z&quot;,
                &quot;status&quot;: &quot;PENDING&quot;
            },
            {
                &quot;time&quot;: &quot;2022-02-22T10:55:33.592Z&quot;,
                &quot;status&quot;: &quot;SEND&quot;
            },
            {
                &quot;time&quot;: &quot;2022-02-22T10:55:33.620Z&quot;,
                &quot;status&quot;: &quot;DELIVERED&quot;
            },
            {
                &quot;time&quot;: &quot;2022-02-22T10:58:10.748Z&quot;,
                &quot;status&quot;: &quot;PENDING&quot;
            },
            {
                &quot;time&quot;: &quot;2022-02-22T10:58:10.772Z&quot;,
                &quot;status&quot;: &quot;SEND&quot;
            },
            {
                &quot;time&quot;: &quot;2022-02-22T10:58:10.805Z&quot;,
                &quot;status&quot;: &quot;DELIVERED&quot;
            },
            {
                &quot;time&quot;: &quot;2022-02-22T10:58:33.317Z&quot;,
                &quot;status&quot;: &quot;PENDING&quot;
            },
            {
                &quot;time&quot;: &quot;2022-02-22T10:58:33.342Z&quot;,
                &quot;status&quot;: &quot;SEND&quot;
            },
            {
                &quot;time&quot;: &quot;2022-02-22T10:58:33.375Z&quot;,
                &quot;status&quot;: &quot;DELIVERED&quot;
            },
            {
                &quot;time&quot;: &quot;2022-02-22T11:01:09.552Z&quot;,
                &quot;status&quot;: &quot;PENDING&quot;
            },
            {
                &quot;time&quot;: &quot;2022-02-22T11:01:09.576Z&quot;,
                &quot;status&quot;: &quot;SEND&quot;
            }
        ],
        &quot;status&quot;: &quot;DELIVERED&quot;
    },
    &quot;creationTime&quot;: &quot;2022-02-22T10:28:38.549Z&quot;,
    &quot;deviceId&quot;: &quot;14471660&quot;,
    &quot;deviceName&quot;: &quot;octocatrpi3&quot;,
    &quot;self&quot;: &quot;https://t493319102.eu-latest.cumulocity.com/devicecontrol/operations/14471086&quot;,
    &quot;id&quot;: &quot;14471086&quot;,
    &quot;status&quot;: &quot;PENDING&quot;,
    &quot;c8y_LogfileRequest&quot;: {
        &quot;searchText&quot;: &quot;&quot;,
        &quot;logFile&quot;: &quot;software-management&quot;,
        &quot;dateTo&quot;: &quot;2021-11-21T18:55:49+0530&quot;,
        &quot;dateFrom&quot;: &quot;2021-11-15T18:55:49+0530&quot;,
        &quot;maximumLines&quot;: 300
    },
    &quot;description&quot;: &quot;Log file request&quot;
}
12:01:20 DEBUG Final URL of the request: https://thin-edge-io.eu-latest.cumulocity.com/devicecontrol/operations?deviceId=14471660&amp;pageSize=1&amp;revert=true&amp;dateFrom=1970-01-01T00%3A00%3A00.000Z
12:01:20 INFO  State of current operation: PENDING
12:01:20 DEBUG Final URL of the request: https://thin-edge-io.eu-latest.cumulocity.com/devicecontrol/operations?deviceId=14471660&amp;pageSize=1&amp;revert=true&amp;dateFrom=1970-01-01T00%3A00%3A00.000Z
12:01:20 DEBUG State of current operation: {
    &quot;delivery&quot;: {
        &quot;time&quot;: &quot;2022-02-22T11:01:09.608Z&quot;,
        &quot;log&quot;: [
            {
                &quot;time&quot;: &quot;2022-02-22T10:28:38.571Z&quot;,
                &quot;status&quot;: &quot;PENDING&quot;
            },
            {
                &quot;time&quot;: &quot;2022-02-22T10:28:38.580Z&quot;,
                &quot;status&quot;: &quot;SEND&quot;
            },
            {
                &quot;time&quot;: &quot;2022-02-22T10:28:38.612Z&quot;,
                &quot;status&quot;: &quot;DELIVERED&quot;
            },
            {
                &quot;time&quot;: &quot;2022-02-22T10:29:41.769Z&quot;,
                &quot;status&quot;: &quot;PENDING&quot;
            },
            {
                &quot;time&quot;: &quot;2022-02-22T10:29:41.789Z&quot;,
                &quot;status&quot;: &quot;SEND&quot;
            },
            {
                &quot;time&quot;: &quot;2022-02-22T10:29:41.820Z&quot;,
                &quot;status&quot;: &quot;DELIVERED&quot;
            },
            {
                &quot;time&quot;: &quot;2022-02-22T10:30:36.690Z&quot;,
                &quot;status&quot;: &quot;PENDING&quot;
            },
            {
                &quot;time&quot;: &quot;2022-02-22T10:30:36.714Z&quot;,
                &quot;status&quot;: &quot;SEND&quot;
            },
            {
                &quot;time&quot;: &quot;2022-02-22T10:30:36.753Z&quot;,
                &quot;status&quot;: &quot;DELIVERED&quot;
            },
            {
                &quot;time&quot;: &quot;2022-02-22T10:31:49.629Z&quot;,
                &quot;status&quot;: &quot;PENDING&quot;
            },
            {
                &quot;time&quot;: &quot;2022-02-22T10:31:49.654Z&quot;,
                &quot;status&quot;: &quot;SEND&quot;
            },
            {
                &quot;time&quot;: &quot;2022-02-22T10:31:49.686Z&quot;,
                &quot;status&quot;: &quot;DELIVERED&quot;
            },
            {
                &quot;time&quot;: &quot;2022-02-22T10:33:02.291Z&quot;,
                &quot;status&quot;: &quot;PENDING&quot;
            },
            {
                &quot;time&quot;: &quot;2022-02-22T10:33:02.316Z&quot;,
                &quot;status&quot;: &quot;SEND&quot;
            },
            {
                &quot;time&quot;: &quot;2022-02-22T10:33:02.347Z&quot;,
                &quot;status&quot;: &quot;DELIVERED&quot;
            },
            {
                &quot;time&quot;: &quot;2022-02-22T10:33:40.393Z&quot;,
                &quot;status&quot;: &quot;PENDING&quot;
            },
            {
                &quot;time&quot;: &quot;2022-02-22T10:33:40.416Z&quot;,
                &quot;status&quot;: &quot;SEND&quot;
            },
            {
                &quot;time&quot;: &quot;2022-02-22T10:33:40.449Z&quot;,
                &quot;status&quot;: &quot;DELIVERED&quot;
            },
            {
                &quot;time&quot;: &quot;2022-02-22T10:34:31.797Z&quot;,
                &quot;status&quot;: &quot;PENDING&quot;
            },
            {
                &quot;time&quot;: &quot;2022-02-22T10:34:31.818Z&quot;,
                &quot;status&quot;: &quot;SEND&quot;
            },
            {
                &quot;time&quot;: &quot;2022-02-22T10:34:31.850Z&quot;,
                &quot;status&quot;: &quot;DELIVERED&quot;
            },
            {
                &quot;time&quot;: &quot;2022-02-22T10:35:23.062Z&quot;,
                &quot;status&quot;: &quot;PENDING&quot;
            },
            {
                &quot;time&quot;: &quot;2022-02-22T10:35:23.084Z&quot;,
                &quot;status&quot;: &quot;SEND&quot;
            },
            {
                &quot;time&quot;: &quot;2022-02-22T10:35:23.118Z&quot;,
                &quot;status&quot;: &quot;DELIVERED&quot;
            },
            {
                &quot;time&quot;: &quot;2022-02-22T10:36:03.111Z&quot;,
                &quot;status&quot;: &quot;PENDING&quot;
            },
            {
                &quot;time&quot;: &quot;2022-02-22T10:36:03.134Z&quot;,
                &quot;status&quot;: &quot;SEND&quot;
            },
            {
                &quot;time&quot;: &quot;2022-02-22T10:36:03.168Z&quot;,
                &quot;status&quot;: &quot;DELIVERED&quot;
            },
            {
                &quot;time&quot;: &quot;2022-02-22T10:37:53.192Z&quot;,
                &quot;status&quot;: &quot;PENDING&quot;
            },
            {
                &quot;time&quot;: &quot;2022-02-22T10:37:53.212Z&quot;,
                &quot;status&quot;: &quot;SEND&quot;
            },
            {
                &quot;time&quot;: &quot;2022-02-22T10:37:53.247Z&quot;,
                &quot;status&quot;: &quot;DELIVERED&quot;
            },
            {
                &quot;time&quot;: &quot;2022-02-22T10:39:48.337Z&quot;,
                &quot;status&quot;: &quot;PENDING&quot;
            },
            {
                &quot;time&quot;: &quot;2022-02-22T10:39:48.361Z&quot;,
                &quot;status&quot;: &quot;SEND&quot;
            },
            {
                &quot;time&quot;: &quot;2022-02-22T10:39:48.394Z&quot;,
                &quot;status&quot;: &quot;DELIVERED&quot;
            },
            {
                &quot;time&quot;: &quot;2022-02-22T10:40:10.264Z&quot;,
                &quot;status&quot;: &quot;PENDING&quot;
            },
            {
                &quot;time&quot;: &quot;2022-02-22T10:40:10.288Z&quot;,
                &quot;status&quot;: &quot;SEND&quot;
            },
            {
                &quot;time&quot;: &quot;2022-02-22T10:40:10.320Z&quot;,
                &quot;status&quot;: &quot;DELIVERED&quot;
            },
            {
                &quot;time&quot;: &quot;2022-02-22T10:40:32.184Z&quot;,
                &quot;status&quot;: &quot;PENDING&quot;
            },
            {
                &quot;time&quot;: &quot;2022-02-22T10:40:32.212Z&quot;,
                &quot;status&quot;: &quot;SEND&quot;
            },
            {
                &quot;time&quot;: &quot;2022-02-22T10:40:32.245Z&quot;,
                &quot;status&quot;: &quot;DELIVERED&quot;
            },
            {
                &quot;time&quot;: &quot;2022-02-22T10:40:54.910Z&quot;,
                &quot;status&quot;: &quot;PENDING&quot;
            },
            {
                &quot;time&quot;: &quot;2022-02-22T10:40:54.935Z&quot;,
                &quot;status&quot;: &quot;SEND&quot;
            },
            {
                &quot;time&quot;: &quot;2022-02-22T10:40:54.967Z&quot;,
                &quot;status&quot;: &quot;DELIVERED&quot;
            },
            {
                &quot;time&quot;: &quot;2022-02-22T10:41:29.467Z&quot;,
                &quot;status&quot;: &quot;PENDING&quot;
            },
            {
                &quot;time&quot;: &quot;2022-02-22T10:41:29.492Z&quot;,
                &quot;status&quot;: &quot;SEND&quot;
            },
            {
                &quot;time&quot;: &quot;2022-02-22T10:41:29.524Z&quot;,
                &quot;status&quot;: &quot;DELIVERED&quot;
            },
            {
                &quot;time&quot;: &quot;2022-02-22T10:41:52.244Z&quot;,
                &quot;status&quot;: &quot;PENDING&quot;
            },
            {
                &quot;time&quot;: &quot;2022-02-22T10:41:52.268Z&quot;,
                &quot;status&quot;: &quot;SEND&quot;
            },
            {
                &quot;time&quot;: &quot;2022-02-22T10:41:52.298Z&quot;,
                &quot;status&quot;: &quot;DELIVERED&quot;
            },
            {
                &quot;time&quot;: &quot;2022-02-22T10:42:16.769Z&quot;,
                &quot;status&quot;: &quot;PENDING&quot;
            },
            {
                &quot;time&quot;: &quot;2022-02-22T10:42:16.794Z&quot;,
                &quot;status&quot;: &quot;SEND&quot;
            },
            {
                &quot;time&quot;: &quot;2022-02-22T10:42:16.826Z&quot;,
                &quot;status&quot;: &quot;DELIVERED&quot;
            },
            {
                &quot;time&quot;: &quot;2022-02-22T10:55:33.558Z&quot;,
                &quot;status&quot;: &quot;PENDING&quot;
            },
            {
                &quot;time&quot;: &quot;2022-02-22T10:55:33.592Z&quot;,
                &quot;status&quot;: &quot;SEND&quot;
            },
            {
                &quot;time&quot;: &quot;2022-02-22T10:55:33.620Z&quot;,
                &quot;status&quot;: &quot;DELIVERED&quot;
            },
            {
                &quot;time&quot;: &quot;2022-02-22T10:58:10.748Z&quot;,
                &quot;status&quot;: &quot;PENDING&quot;
            },
            {
                &quot;time&quot;: &quot;2022-02-22T10:58:10.772Z&quot;,
                &quot;status&quot;: &quot;SEND&quot;
            },
            {
                &quot;time&quot;: &quot;2022-02-22T10:58:10.805Z&quot;,
                &quot;status&quot;: &quot;DELIVERED&quot;
            },
            {
                &quot;time&quot;: &quot;2022-02-22T10:58:33.317Z&quot;,
                &quot;status&quot;: &quot;PENDING&quot;
            },
            {
                &quot;time&quot;: &quot;2022-02-22T10:58:33.342Z&quot;,
                &quot;status&quot;: &quot;SEND&quot;
            },
            {
                &quot;time&quot;: &quot;2022-02-22T10:58:33.375Z&quot;,
                &quot;status&quot;: &quot;DELIVERED&quot;
            },
            {
                &quot;time&quot;: &quot;2022-02-22T11:01:09.552Z&quot;,
                &quot;status&quot;: &quot;PENDING&quot;
            },
            {
                &quot;time&quot;: &quot;2022-02-22T11:01:09.576Z&quot;,
                &quot;status&quot;: &quot;SEND&quot;
            }
        ],
        &quot;status&quot;: &quot;DELIVERED&quot;
    },
    &quot;creationTime&quot;: &quot;2022-02-22T10:28:38.549Z&quot;,
    &quot;deviceId&quot;: &quot;14471660&quot;,
    &quot;deviceName&quot;: &quot;octocatrpi3&quot;,
    &quot;self&quot;: &quot;https://t493319102.eu-latest.cumulocity.com/devicecontrol/operations/14471086&quot;,
    &quot;id&quot;: &quot;14471086&quot;,
    &quot;status&quot;: &quot;PENDING&quot;,
    &quot;c8y_LogfileRequest&quot;: {
        &quot;searchText&quot;: &quot;&quot;,
        &quot;logFile&quot;: &quot;software-management&quot;,
        &quot;dateTo&quot;: &quot;2021-11-21T18:55:49+0530&quot;,
        &quot;dateFrom&quot;: &quot;2021-11-15T18:55:49+0530&quot;,
        &quot;maximumLines&quot;: 300
    },
    &quot;description&quot;: &quot;Log file request&quot;
}
12:01:22 DEBUG Final URL of the request: https://thin-edge-io.eu-latest.cumulocity.com/devicecontrol/operations?deviceId=14471660&amp;pageSize=1&amp;revert=true&amp;dateFrom=1970-01-01T00%3A00%3A00.000Z
12:01:22 INFO  State of current operation: PENDING
12:01:22 DEBUG Final URL of the request: https://thin-edge-io.eu-latest.cumulocity.com/devicecontrol/operations?deviceId=14471660&amp;pageSize=1&amp;revert=true&amp;dateFrom=1970-01-01T00%3A00%3A00.000Z
12:01:22 DEBUG State of current operation: {
    &quot;delivery&quot;: {
        &quot;time&quot;: &quot;2022-02-22T11:01:09.608Z&quot;,
        &quot;log&quot;: [
            {
                &quot;time&quot;: &quot;2022-02-22T10:28:38.571Z&quot;,
                &quot;status&quot;: &quot;PENDING&quot;
            },
            {
                &quot;time&quot;: &quot;2022-02-22T10:28:38.580Z&quot;,
                &quot;status&quot;: &quot;SEND&quot;
            },
            {
                &quot;time&quot;: &quot;2022-02-22T10:28:38.612Z&quot;,
                &quot;status&quot;: &quot;DELIVERED&quot;
            },
            {
                &quot;time&quot;: &quot;2022-02-22T10:29:41.769Z&quot;,
                &quot;status&quot;: &quot;PENDING&quot;
            },
            {
                &quot;time&quot;: &quot;2022-02-22T10:29:41.789Z&quot;,
                &quot;status&quot;: &quot;SEND&quot;
            },
            {
                &quot;time&quot;: &quot;2022-02-22T10:29:41.820Z&quot;,
                &quot;status&quot;: &quot;DELIVERED&quot;
            },
            {
                &quot;time&quot;: &quot;2022-02-22T10:30:36.690Z&quot;,
                &quot;status&quot;: &quot;PENDING&quot;
            },
            {
                &quot;time&quot;: &quot;2022-02-22T10:30:36.714Z&quot;,
                &quot;status&quot;: &quot;SEND&quot;
            },
            {
                &quot;time&quot;: &quot;2022-02-22T10:30:36.753Z&quot;,
                &quot;status&quot;: &quot;DELIVERED&quot;
            },
            {
                &quot;time&quot;: &quot;2022-02-22T10:31:49.629Z&quot;,
                &quot;status&quot;: &quot;PENDING&quot;
            },
            {
                &quot;time&quot;: &quot;2022-02-22T10:31:49.654Z&quot;,
                &quot;status&quot;: &quot;SEND&quot;
            },
            {
                &quot;time&quot;: &quot;2022-02-22T10:31:49.686Z&quot;,
                &quot;status&quot;: &quot;DELIVERED&quot;
            },
            {
                &quot;time&quot;: &quot;2022-02-22T10:33:02.291Z&quot;,
                &quot;status&quot;: &quot;PENDING&quot;
            },
            {
                &quot;time&quot;: &quot;2022-02-22T10:33:02.316Z&quot;,
                &quot;status&quot;: &quot;SEND&quot;
            },
            {
                &quot;time&quot;: &quot;2022-02-22T10:33:02.347Z&quot;,
                &quot;status&quot;: &quot;DELIVERED&quot;
            },
            {
                &quot;time&quot;: &quot;2022-02-22T10:33:40.393Z&quot;,
                &quot;status&quot;: &quot;PENDING&quot;
            },
            {
                &quot;time&quot;: &quot;2022-02-22T10:33:40.416Z&quot;,
                &quot;status&quot;: &quot;SEND&quot;
            },
            {
                &quot;time&quot;: &quot;2022-02-22T10:33:40.449Z&quot;,
                &quot;status&quot;: &quot;DELIVERED&quot;
            },
            {
                &quot;time&quot;: &quot;2022-02-22T10:34:31.797Z&quot;,
                &quot;status&quot;: &quot;PENDING&quot;
            },
            {
                &quot;time&quot;: &quot;2022-02-22T10:34:31.818Z&quot;,
                &quot;status&quot;: &quot;SEND&quot;
            },
            {
                &quot;time&quot;: &quot;2022-02-22T10:34:31.850Z&quot;,
                &quot;status&quot;: &quot;DELIVERED&quot;
            },
            {
                &quot;time&quot;: &quot;2022-02-22T10:35:23.062Z&quot;,
                &quot;status&quot;: &quot;PENDING&quot;
            },
            {
                &quot;time&quot;: &quot;2022-02-22T10:35:23.084Z&quot;,
                &quot;status&quot;: &quot;SEND&quot;
            },
            {
                &quot;time&quot;: &quot;2022-02-22T10:35:23.118Z&quot;,
                &quot;status&quot;: &quot;DELIVERED&quot;
            },
            {
                &quot;time&quot;: &quot;2022-02-22T10:36:03.111Z&quot;,
                &quot;status&quot;: &quot;PENDING&quot;
            },
            {
                &quot;time&quot;: &quot;2022-02-22T10:36:03.134Z&quot;,
                &quot;status&quot;: &quot;SEND&quot;
            },
            {
                &quot;time&quot;: &quot;2022-02-22T10:36:03.168Z&quot;,
                &quot;status&quot;: &quot;DELIVERED&quot;
            },
            {
                &quot;time&quot;: &quot;2022-02-22T10:37:53.192Z&quot;,
                &quot;status&quot;: &quot;PENDING&quot;
            },
            {
                &quot;time&quot;: &quot;2022-02-22T10:37:53.212Z&quot;,
                &quot;status&quot;: &quot;SEND&quot;
            },
            {
                &quot;time&quot;: &quot;2022-02-22T10:37:53.247Z&quot;,
                &quot;status&quot;: &quot;DELIVERED&quot;
            },
            {
                &quot;time&quot;: &quot;2022-02-22T10:39:48.337Z&quot;,
                &quot;status&quot;: &quot;PENDING&quot;
            },
            {
                &quot;time&quot;: &quot;2022-02-22T10:39:48.361Z&quot;,
                &quot;status&quot;: &quot;SEND&quot;
            },
            {
                &quot;time&quot;: &quot;2022-02-22T10:39:48.394Z&quot;,
                &quot;status&quot;: &quot;DELIVERED&quot;
            },
            {
                &quot;time&quot;: &quot;2022-02-22T10:40:10.264Z&quot;,
                &quot;status&quot;: &quot;PENDING&quot;
            },
            {
                &quot;time&quot;: &quot;2022-02-22T10:40:10.288Z&quot;,
                &quot;status&quot;: &quot;SEND&quot;
            },
            {
                &quot;time&quot;: &quot;2022-02-22T10:40:10.320Z&quot;,
                &quot;status&quot;: &quot;DELIVERED&quot;
            },
            {
                &quot;time&quot;: &quot;2022-02-22T10:40:32.184Z&quot;,
                &quot;status&quot;: &quot;PENDING&quot;
            },
            {
                &quot;time&quot;: &quot;2022-02-22T10:40:32.212Z&quot;,
                &quot;status&quot;: &quot;SEND&quot;
            },
            {
                &quot;time&quot;: &quot;2022-02-22T10:40:32.245Z&quot;,
                &quot;status&quot;: &quot;DELIVERED&quot;
            },
            {
                &quot;time&quot;: &quot;2022-02-22T10:40:54.910Z&quot;,
                &quot;status&quot;: &quot;PENDING&quot;
            },
            {
                &quot;time&quot;: &quot;2022-02-22T10:40:54.935Z&quot;,
                &quot;status&quot;: &quot;SEND&quot;
            },
            {
                &quot;time&quot;: &quot;2022-02-22T10:40:54.967Z&quot;,
                &quot;status&quot;: &quot;DELIVERED&quot;
            },
            {
                &quot;time&quot;: &quot;2022-02-22T10:41:29.467Z&quot;,
                &quot;status&quot;: &quot;PENDING&quot;
            },
            {
                &quot;time&quot;: &quot;2022-02-22T10:41:29.492Z&quot;,
                &quot;status&quot;: &quot;SEND&quot;
            },
            {
                &quot;time&quot;: &quot;2022-02-22T10:41:29.524Z&quot;,
                &quot;status&quot;: &quot;DELIVERED&quot;
            },
            {
                &quot;time&quot;: &quot;2022-02-22T10:41:52.244Z&quot;,
                &quot;status&quot;: &quot;PENDING&quot;
            },
            {
                &quot;time&quot;: &quot;2022-02-22T10:41:52.268Z&quot;,
                &quot;status&quot;: &quot;SEND&quot;
            },
            {
                &quot;time&quot;: &quot;2022-02-22T10:41:52.298Z&quot;,
                &quot;status&quot;: &quot;DELIVERED&quot;
            },
            {
                &quot;time&quot;: &quot;2022-02-22T10:42:16.769Z&quot;,
                &quot;status&quot;: &quot;PENDING&quot;
            },
            {
                &quot;time&quot;: &quot;2022-02-22T10:42:16.794Z&quot;,
                &quot;status&quot;: &quot;SEND&quot;
            },
            {
                &quot;time&quot;: &quot;2022-02-22T10:42:16.826Z&quot;,
                &quot;status&quot;: &quot;DELIVERED&quot;
            },
            {
                &quot;time&quot;: &quot;2022-02-22T10:55:33.558Z&quot;,
                &quot;status&quot;: &quot;PENDING&quot;
            },
            {
                &quot;time&quot;: &quot;2022-02-22T10:55:33.592Z&quot;,
                &quot;status&quot;: &quot;SEND&quot;
            },
            {
                &quot;time&quot;: &quot;2022-02-22T10:55:33.620Z&quot;,
                &quot;status&quot;: &quot;DELIVERED&quot;
            },
            {
                &quot;time&quot;: &quot;2022-02-22T10:58:10.748Z&quot;,
                &quot;status&quot;: &quot;PENDING&quot;
            },
            {
                &quot;time&quot;: &quot;2022-02-22T10:58:10.772Z&quot;,
                &quot;status&quot;: &quot;SEND&quot;
            },
            {
                &quot;time&quot;: &quot;2022-02-22T10:58:10.805Z&quot;,
                &quot;status&quot;: &quot;DELIVERED&quot;
            },
            {
                &quot;time&quot;: &quot;2022-02-22T10:58:33.317Z&quot;,
                &quot;status&quot;: &quot;PENDING&quot;
            },
            {
                &quot;time&quot;: &quot;2022-02-22T10:58:33.342Z&quot;,
                &quot;status&quot;: &quot;SEND&quot;
            },
            {
                &quot;time&quot;: &quot;2022-02-22T10:58:33.375Z&quot;,
                &quot;status&quot;: &quot;DELIVERED&quot;
            },
            {
                &quot;time&quot;: &quot;2022-02-22T11:01:09.552Z&quot;,
                &quot;status&quot;: &quot;PENDING&quot;
            },
            {
                &quot;time&quot;: &quot;2022-02-22T11:01:09.576Z&quot;,
                &quot;status&quot;: &quot;SEND&quot;
            }
        ],
        &quot;status&quot;: &quot;DELIVERED&quot;
    },
    &quot;creationTime&quot;: &quot;2022-02-22T10:28:38.549Z&quot;,
    &quot;deviceId&quot;: &quot;14471660&quot;,
    &quot;deviceName&quot;: &quot;octocatrpi3&quot;,
    &quot;self&quot;: &quot;https://t493319102.eu-latest.cumulocity.com/devicecontrol/operations/14471086&quot;,
    &quot;id&quot;: &quot;14471086&quot;,
    &quot;status&quot;: &quot;PENDING&quot;,
    &quot;c8y_LogfileRequest&quot;: {
        &quot;searchText&quot;: &quot;&quot;,
        &quot;logFile&quot;: &quot;software-management&quot;,
        &quot;dateTo&quot;: &quot;2021-11-21T18:55:49+0530&quot;,
        &quot;dateFrom&quot;: &quot;2021-11-15T18:55:49+0530&quot;,
        &quot;maximumLines&quot;: 300
    },
    &quot;description&quot;: &quot;Log file request&quot;
}
12:01:25 DEBUG Final URL of the request: https://thin-edge-io.eu-latest.cumulocity.com/devicecontrol/operations?deviceId=14471660&amp;pageSize=1&amp;revert=true&amp;dateFrom=1970-01-01T00%3A00%3A00.000Z
12:01:25 INFO  State of current operation: PENDING
12:01:25 DEBUG Final URL of the request: https://thin-edge-io.eu-latest.cumulocity.com/devicecontrol/operations?deviceId=14471660&amp;pageSize=1&amp;revert=true&amp;dateFrom=1970-01-01T00%3A00%3A00.000Z
12:01:25 DEBUG State of current operation: {
    &quot;delivery&quot;: {
        &quot;time&quot;: &quot;2022-02-22T11:01:09.608Z&quot;,
        &quot;log&quot;: [
            {
                &quot;time&quot;: &quot;2022-02-22T10:28:38.571Z&quot;,
                &quot;status&quot;: &quot;PENDING&quot;
            },
            {
                &quot;time&quot;: &quot;2022-02-22T10:28:38.580Z&quot;,
                &quot;status&quot;: &quot;SEND&quot;
            },
            {
                &quot;time&quot;: &quot;2022-02-22T10:28:38.612Z&quot;,
                &quot;status&quot;: &quot;DELIVERED&quot;
            },
            {
                &quot;time&quot;: &quot;2022-02-22T10:29:41.769Z&quot;,
                &quot;status&quot;: &quot;PENDING&quot;
            },
            {
                &quot;time&quot;: &quot;2022-02-22T10:29:41.789Z&quot;,
                &quot;status&quot;: &quot;SEND&quot;
            },
            {
                &quot;time&quot;: &quot;2022-02-22T10:29:41.820Z&quot;,
                &quot;status&quot;: &quot;DELIVERED&quot;
            },
            {
                &quot;time&quot;: &quot;2022-02-22T10:30:36.690Z&quot;,
                &quot;status&quot;: &quot;PENDING&quot;
            },
            {
                &quot;time&quot;: &quot;2022-02-22T10:30:36.714Z&quot;,
                &quot;status&quot;: &quot;SEND&quot;
            },
            {
                &quot;time&quot;: &quot;2022-02-22T10:30:36.753Z&quot;,
                &quot;status&quot;: &quot;DELIVERED&quot;
            },
            {
                &quot;time&quot;: &quot;2022-02-22T10:31:49.629Z&quot;,
                &quot;status&quot;: &quot;PENDING&quot;
            },
            {
                &quot;time&quot;: &quot;2022-02-22T10:31:49.654Z&quot;,
                &quot;status&quot;: &quot;SEND&quot;
            },
            {
                &quot;time&quot;: &quot;2022-02-22T10:31:49.686Z&quot;,
                &quot;status&quot;: &quot;DELIVERED&quot;
            },
            {
                &quot;time&quot;: &quot;2022-02-22T10:33:02.291Z&quot;,
                &quot;status&quot;: &quot;PENDING&quot;
            },
            {
                &quot;time&quot;: &quot;2022-02-22T10:33:02.316Z&quot;,
                &quot;status&quot;: &quot;SEND&quot;
            },
            {
                &quot;time&quot;: &quot;2022-02-22T10:33:02.347Z&quot;,
                &quot;status&quot;: &quot;DELIVERED&quot;
            },
            {
                &quot;time&quot;: &quot;2022-02-22T10:33:40.393Z&quot;,
                &quot;status&quot;: &quot;PENDING&quot;
            },
            {
                &quot;time&quot;: &quot;2022-02-22T10:33:40.416Z&quot;,
                &quot;status&quot;: &quot;SEND&quot;
            },
            {
                &quot;time&quot;: &quot;2022-02-22T10:33:40.449Z&quot;,
                &quot;status&quot;: &quot;DELIVERED&quot;
            },
            {
                &quot;time&quot;: &quot;2022-02-22T10:34:31.797Z&quot;,
                &quot;status&quot;: &quot;PENDING&quot;
            },
            {
                &quot;time&quot;: &quot;2022-02-22T10:34:31.818Z&quot;,
                &quot;status&quot;: &quot;SEND&quot;
            },
            {
                &quot;time&quot;: &quot;2022-02-22T10:34:31.850Z&quot;,
                &quot;status&quot;: &quot;DELIVERED&quot;
            },
            {
                &quot;time&quot;: &quot;2022-02-22T10:35:23.062Z&quot;,
                &quot;status&quot;: &quot;PENDING&quot;
            },
            {
                &quot;time&quot;: &quot;2022-02-22T10:35:23.084Z&quot;,
                &quot;status&quot;: &quot;SEND&quot;
            },
            {
                &quot;time&quot;: &quot;2022-02-22T10:35:23.118Z&quot;,
                &quot;status&quot;: &quot;DELIVERED&quot;
            },
            {
                &quot;time&quot;: &quot;2022-02-22T10:36:03.111Z&quot;,
                &quot;status&quot;: &quot;PENDING&quot;
            },
            {
                &quot;time&quot;: &quot;2022-02-22T10:36:03.134Z&quot;,
                &quot;status&quot;: &quot;SEND&quot;
            },
            {
                &quot;time&quot;: &quot;2022-02-22T10:36:03.168Z&quot;,
                &quot;status&quot;: &quot;DELIVERED&quot;
            },
            {
                &quot;time&quot;: &quot;2022-02-22T10:37:53.192Z&quot;,
                &quot;status&quot;: &quot;PENDING&quot;
            },
            {
                &quot;time&quot;: &quot;2022-02-22T10:37:53.212Z&quot;,
                &quot;status&quot;: &quot;SEND&quot;
            },
            {
                &quot;time&quot;: &quot;2022-02-22T10:37:53.247Z&quot;,
                &quot;status&quot;: &quot;DELIVERED&quot;
            },
            {
                &quot;time&quot;: &quot;2022-02-22T10:39:48.337Z&quot;,
                &quot;status&quot;: &quot;PENDING&quot;
            },
            {
                &quot;time&quot;: &quot;2022-02-22T10:39:48.361Z&quot;,
                &quot;status&quot;: &quot;SEND&quot;
            },
            {
                &quot;time&quot;: &quot;2022-02-22T10:39:48.394Z&quot;,
                &quot;status&quot;: &quot;DELIVERED&quot;
            },
            {
                &quot;time&quot;: &quot;2022-02-22T10:40:10.264Z&quot;,
                &quot;status&quot;: &quot;PENDING&quot;
            },
            {
                &quot;time&quot;: &quot;2022-02-22T10:40:10.288Z&quot;,
                &quot;status&quot;: &quot;SEND&quot;
            },
            {
                &quot;time&quot;: &quot;2022-02-22T10:40:10.320Z&quot;,
                &quot;status&quot;: &quot;DELIVERED&quot;
            },
            {
                &quot;time&quot;: &quot;2022-02-22T10:40:32.184Z&quot;,
                &quot;status&quot;: &quot;PENDING&quot;
            },
            {
                &quot;time&quot;: &quot;2022-02-22T10:40:32.212Z&quot;,
                &quot;status&quot;: &quot;SEND&quot;
            },
            {
                &quot;time&quot;: &quot;2022-02-22T10:40:32.245Z&quot;,
                &quot;status&quot;: &quot;DELIVERED&quot;
            },
            {
                &quot;time&quot;: &quot;2022-02-22T10:40:54.910Z&quot;,
                &quot;status&quot;: &quot;PENDING&quot;
            },
            {
                &quot;time&quot;: &quot;2022-02-22T10:40:54.935Z&quot;,
                &quot;status&quot;: &quot;SEND&quot;
            },
            {
                &quot;time&quot;: &quot;2022-02-22T10:40:54.967Z&quot;,
                &quot;status&quot;: &quot;DELIVERED&quot;
            },
            {
                &quot;time&quot;: &quot;2022-02-22T10:41:29.467Z&quot;,
                &quot;status&quot;: &quot;PENDING&quot;
            },
            {
                &quot;time&quot;: &quot;2022-02-22T10:41:29.492Z&quot;,
                &quot;status&quot;: &quot;SEND&quot;
            },
            {
                &quot;time&quot;: &quot;2022-02-22T10:41:29.524Z&quot;,
                &quot;status&quot;: &quot;DELIVERED&quot;
            },
            {
                &quot;time&quot;: &quot;2022-02-22T10:41:52.244Z&quot;,
                &quot;status&quot;: &quot;PENDING&quot;
            },
            {
                &quot;time&quot;: &quot;2022-02-22T10:41:52.268Z&quot;,
                &quot;status&quot;: &quot;SEND&quot;
            },
            {
                &quot;time&quot;: &quot;2022-02-22T10:41:52.298Z&quot;,
                &quot;status&quot;: &quot;DELIVERED&quot;
            },
            {
                &quot;time&quot;: &quot;2022-02-22T10:42:16.769Z&quot;,
                &quot;status&quot;: &quot;PENDING&quot;
            },
            {
                &quot;time&quot;: &quot;2022-02-22T10:42:16.794Z&quot;,
                &quot;status&quot;: &quot;SEND&quot;
            },
            {
                &quot;time&quot;: &quot;2022-02-22T10:42:16.826Z&quot;,
                &quot;status&quot;: &quot;DELIVERED&quot;
            },
            {
                &quot;time&quot;: &quot;2022-02-22T10:55:33.558Z&quot;,
                &quot;status&quot;: &quot;PENDING&quot;
            },
            {
                &quot;time&quot;: &quot;2022-02-22T10:55:33.592Z&quot;,
                &quot;status&quot;: &quot;SEND&quot;
            },
            {
                &quot;time&quot;: &quot;2022-02-22T10:55:33.620Z&quot;,
                &quot;status&quot;: &quot;DELIVERED&quot;
            },
            {
                &quot;time&quot;: &quot;2022-02-22T10:58:10.748Z&quot;,
                &quot;status&quot;: &quot;PENDING&quot;
            },
            {
                &quot;time&quot;: &quot;2022-02-22T10:58:10.772Z&quot;,
                &quot;status&quot;: &quot;SEND&quot;
            },
            {
                &quot;time&quot;: &quot;2022-02-22T10:58:10.805Z&quot;,
                &quot;status&quot;: &quot;DELIVERED&quot;
            },
            {
                &quot;time&quot;: &quot;2022-02-22T10:58:33.317Z&quot;,
                &quot;status&quot;: &quot;PENDING&quot;
            },
            {
                &quot;time&quot;: &quot;2022-02-22T10:58:33.342Z&quot;,
                &quot;status&quot;: &quot;SEND&quot;
            },
            {
                &quot;time&quot;: &quot;2022-02-22T10:58:33.375Z&quot;,
                &quot;status&quot;: &quot;DELIVERED&quot;
            },
            {
                &quot;time&quot;: &quot;2022-02-22T11:01:09.552Z&quot;,
                &quot;status&quot;: &quot;PENDING&quot;
            },
            {
                &quot;time&quot;: &quot;2022-02-22T11:01:09.576Z&quot;,
                &quot;status&quot;: &quot;SEND&quot;
            }
        ],
        &quot;status&quot;: &quot;DELIVERED&quot;
    },
    &quot;creationTime&quot;: &quot;2022-02-22T10:28:38.549Z&quot;,
    &quot;deviceId&quot;: &quot;14471660&quot;,
    &quot;deviceName&quot;: &quot;octocatrpi3&quot;,
    &quot;self&quot;: &quot;https://t493319102.eu-latest.cumulocity.com/devicecontrol/operations/14471086&quot;,
    &quot;id&quot;: &quot;14471086&quot;,
    &quot;status&quot;: &quot;PENDING&quot;,
    &quot;c8y_LogfileRequest&quot;: {
        &quot;searchText&quot;: &quot;&quot;,
        &quot;logFile&quot;: &quot;software-management&quot;,
        &quot;dateTo&quot;: &quot;2021-11-21T18:55:49+0530&quot;,
        &quot;dateFrom&quot;: &quot;2021-11-15T18:55:49+0530&quot;,
        &quot;maximumLines&quot;: 300
    },
    &quot;description&quot;: &quot;Log file request&quot;
}
12:01:27 DEBUG Final URL of the request: https://thin-edge-io.eu-latest.cumulocity.com/devicecontrol/operations?deviceId=14471660&amp;pageSize=1&amp;revert=true&amp;dateFrom=1970-01-01T00%3A00%3A00.000Z
12:01:27 INFO  State of current operation: PENDING
12:01:27 DEBUG Final URL of the request: https://thin-edge-io.eu-latest.cumulocity.com/devicecontrol/operations?deviceId=14471660&amp;pageSize=1&amp;revert=true&amp;dateFrom=1970-01-01T00%3A00%3A00.000Z
12:01:27 DEBUG State of current operation: {
    &quot;delivery&quot;: {
        &quot;time&quot;: &quot;2022-02-22T11:01:09.608Z&quot;,
        &quot;log&quot;: [
            {
                &quot;time&quot;: &quot;2022-02-22T10:28:38.571Z&quot;,
                &quot;status&quot;: &quot;PENDING&quot;
            },
            {
                &quot;time&quot;: &quot;2022-02-22T10:28:38.580Z&quot;,
                &quot;status&quot;: &quot;SEND&quot;
            },
            {
                &quot;time&quot;: &quot;2022-02-22T10:28:38.612Z&quot;,
                &quot;status&quot;: &quot;DELIVERED&quot;
            },
            {
                &quot;time&quot;: &quot;2022-02-22T10:29:41.769Z&quot;,
                &quot;status&quot;: &quot;PENDING&quot;
            },
            {
                &quot;time&quot;: &quot;2022-02-22T10:29:41.789Z&quot;,
                &quot;status&quot;: &quot;SEND&quot;
            },
            {
                &quot;time&quot;: &quot;2022-02-22T10:29:41.820Z&quot;,
                &quot;status&quot;: &quot;DELIVERED&quot;
            },
            {
                &quot;time&quot;: &quot;2022-02-22T10:30:36.690Z&quot;,
                &quot;status&quot;: &quot;PENDING&quot;
            },
            {
                &quot;time&quot;: &quot;2022-02-22T10:30:36.714Z&quot;,
                &quot;status&quot;: &quot;SEND&quot;
            },
            {
                &quot;time&quot;: &quot;2022-02-22T10:30:36.753Z&quot;,
                &quot;status&quot;: &quot;DELIVERED&quot;
            },
            {
                &quot;time&quot;: &quot;2022-02-22T10:31:49.629Z&quot;,
                &quot;status&quot;: &quot;PENDING&quot;
            },
            {
                &quot;time&quot;: &quot;2022-02-22T10:31:49.654Z&quot;,
                &quot;status&quot;: &quot;SEND&quot;
            },
            {
                &quot;time&quot;: &quot;2022-02-22T10:31:49.686Z&quot;,
                &quot;status&quot;: &quot;DELIVERED&quot;
            },
            {
                &quot;time&quot;: &quot;2022-02-22T10:33:02.291Z&quot;,
                &quot;status&quot;: &quot;PENDING&quot;
            },
            {
                &quot;time&quot;: &quot;2022-02-22T10:33:02.316Z&quot;,
                &quot;status&quot;: &quot;SEND&quot;
            },
            {
                &quot;time&quot;: &quot;2022-02-22T10:33:02.347Z&quot;,
                &quot;status&quot;: &quot;DELIVERED&quot;
            },
            {
                &quot;time&quot;: &quot;2022-02-22T10:33:40.393Z&quot;,
                &quot;status&quot;: &quot;PENDING&quot;
            },
            {
                &quot;time&quot;: &quot;2022-02-22T10:33:40.416Z&quot;,
                &quot;status&quot;: &quot;SEND&quot;
            },
            {
                &quot;time&quot;: &quot;2022-02-22T10:33:40.449Z&quot;,
                &quot;status&quot;: &quot;DELIVERED&quot;
            },
            {
                &quot;time&quot;: &quot;2022-02-22T10:34:31.797Z&quot;,
                &quot;status&quot;: &quot;PENDING&quot;
            },
            {
                &quot;time&quot;: &quot;2022-02-22T10:34:31.818Z&quot;,
                &quot;status&quot;: &quot;SEND&quot;
            },
            {
                &quot;time&quot;: &quot;2022-02-22T10:34:31.850Z&quot;,
                &quot;status&quot;: &quot;DELIVERED&quot;
            },
            {
                &quot;time&quot;: &quot;2022-02-22T10:35:23.062Z&quot;,
                &quot;status&quot;: &quot;PENDING&quot;
            },
            {
                &quot;time&quot;: &quot;2022-02-22T10:35:23.084Z&quot;,
                &quot;status&quot;: &quot;SEND&quot;
            },
            {
                &quot;time&quot;: &quot;2022-02-22T10:35:23.118Z&quot;,
                &quot;status&quot;: &quot;DELIVERED&quot;
            },
            {
                &quot;time&quot;: &quot;2022-02-22T10:36:03.111Z&quot;,
                &quot;status&quot;: &quot;PENDING&quot;
            },
            {
                &quot;time&quot;: &quot;2022-02-22T10:36:03.134Z&quot;,
                &quot;status&quot;: &quot;SEND&quot;
            },
            {
                &quot;time&quot;: &quot;2022-02-22T10:36:03.168Z&quot;,
                &quot;status&quot;: &quot;DELIVERED&quot;
            },
            {
                &quot;time&quot;: &quot;2022-02-22T10:37:53.192Z&quot;,
                &quot;status&quot;: &quot;PENDING&quot;
            },
            {
                &quot;time&quot;: &quot;2022-02-22T10:37:53.212Z&quot;,
                &quot;status&quot;: &quot;SEND&quot;
            },
            {
                &quot;time&quot;: &quot;2022-02-22T10:37:53.247Z&quot;,
                &quot;status&quot;: &quot;DELIVERED&quot;
            },
            {
                &quot;time&quot;: &quot;2022-02-22T10:39:48.337Z&quot;,
                &quot;status&quot;: &quot;PENDING&quot;
            },
            {
                &quot;time&quot;: &quot;2022-02-22T10:39:48.361Z&quot;,
                &quot;status&quot;: &quot;SEND&quot;
            },
            {
                &quot;time&quot;: &quot;2022-02-22T10:39:48.394Z&quot;,
                &quot;status&quot;: &quot;DELIVERED&quot;
            },
            {
                &quot;time&quot;: &quot;2022-02-22T10:40:10.264Z&quot;,
                &quot;status&quot;: &quot;PENDING&quot;
            },
            {
                &quot;time&quot;: &quot;2022-02-22T10:40:10.288Z&quot;,
                &quot;status&quot;: &quot;SEND&quot;
            },
            {
                &quot;time&quot;: &quot;2022-02-22T10:40:10.320Z&quot;,
                &quot;status&quot;: &quot;DELIVERED&quot;
            },
            {
                &quot;time&quot;: &quot;2022-02-22T10:40:32.184Z&quot;,
                &quot;status&quot;: &quot;PENDING&quot;
            },
            {
                &quot;time&quot;: &quot;2022-02-22T10:40:32.212Z&quot;,
                &quot;status&quot;: &quot;SEND&quot;
            },
            {
                &quot;time&quot;: &quot;2022-02-22T10:40:32.245Z&quot;,
                &quot;status&quot;: &quot;DELIVERED&quot;
            },
            {
                &quot;time&quot;: &quot;2022-02-22T10:40:54.910Z&quot;,
                &quot;status&quot;: &quot;PENDING&quot;
            },
            {
                &quot;time&quot;: &quot;2022-02-22T10:40:54.935Z&quot;,
                &quot;status&quot;: &quot;SEND&quot;
            },
            {
                &quot;time&quot;: &quot;2022-02-22T10:40:54.967Z&quot;,
                &quot;status&quot;: &quot;DELIVERED&quot;
            },
            {
                &quot;time&quot;: &quot;2022-02-22T10:41:29.467Z&quot;,
                &quot;status&quot;: &quot;PENDING&quot;
            },
            {
                &quot;time&quot;: &quot;2022-02-22T10:41:29.492Z&quot;,
                &quot;status&quot;: &quot;SEND&quot;
            },
            {
                &quot;time&quot;: &quot;2022-02-22T10:41:29.524Z&quot;,
                &quot;status&quot;: &quot;DELIVERED&quot;
            },
            {
                &quot;time&quot;: &quot;2022-02-22T10:41:52.244Z&quot;,
                &quot;status&quot;: &quot;PENDING&quot;
            },
            {
                &quot;time&quot;: &quot;2022-02-22T10:41:52.268Z&quot;,
                &quot;status&quot;: &quot;SEND&quot;
            },
            {
                &quot;time&quot;: &quot;2022-02-22T10:41:52.298Z&quot;,
                &quot;status&quot;: &quot;DELIVERED&quot;
            },
            {
                &quot;time&quot;: &quot;2022-02-22T10:42:16.769Z&quot;,
                &quot;status&quot;: &quot;PENDING&quot;
            },
            {
                &quot;time&quot;: &quot;2022-02-22T10:42:16.794Z&quot;,
                &quot;status&quot;: &quot;SEND&quot;
            },
            {
                &quot;time&quot;: &quot;2022-02-22T10:42:16.826Z&quot;,
                &quot;status&quot;: &quot;DELIVERED&quot;
            },
            {
                &quot;time&quot;: &quot;2022-02-22T10:55:33.558Z&quot;,
                &quot;status&quot;: &quot;PENDING&quot;
            },
            {
                &quot;time&quot;: &quot;2022-02-22T10:55:33.592Z&quot;,
                &quot;status&quot;: &quot;SEND&quot;
            },
            {
                &quot;time&quot;: &quot;2022-02-22T10:55:33.620Z&quot;,
                &quot;status&quot;: &quot;DELIVERED&quot;
            },
            {
                &quot;time&quot;: &quot;2022-02-22T10:58:10.748Z&quot;,
                &quot;status&quot;: &quot;PENDING&quot;
            },
            {
                &quot;time&quot;: &quot;2022-02-22T10:58:10.772Z&quot;,
                &quot;status&quot;: &quot;SEND&quot;
            },
            {
                &quot;time&quot;: &quot;2022-02-22T10:58:10.805Z&quot;,
                &quot;status&quot;: &quot;DELIVERED&quot;
            },
            {
                &quot;time&quot;: &quot;2022-02-22T10:58:33.317Z&quot;,
                &quot;status&quot;: &quot;PENDING&quot;
            },
            {
                &quot;time&quot;: &quot;2022-02-22T10:58:33.342Z&quot;,
                &quot;status&quot;: &quot;SEND&quot;
            },
            {
                &quot;time&quot;: &quot;2022-02-22T10:58:33.375Z&quot;,
                &quot;status&quot;: &quot;DELIVERED&quot;
            },
            {
                &quot;time&quot;: &quot;2022-02-22T11:01:09.552Z&quot;,
                &quot;status&quot;: &quot;PENDING&quot;
            },
            {
                &quot;time&quot;: &quot;2022-02-22T11:01:09.576Z&quot;,
                &quot;status&quot;: &quot;SEND&quot;
            }
        ],
        &quot;status&quot;: &quot;DELIVERED&quot;
    },
    &quot;creationTime&quot;: &quot;2022-02-22T10:28:38.549Z&quot;,
    &quot;deviceId&quot;: &quot;14471660&quot;,
    &quot;deviceName&quot;: &quot;octocatrpi3&quot;,
    &quot;self&quot;: &quot;https://t493319102.eu-latest.cumulocity.com/devicecontrol/operations/14471086&quot;,
    &quot;id&quot;: &quot;14471086&quot;,
    &quot;status&quot;: &quot;PENDING&quot;,
    &quot;c8y_LogfileRequest&quot;: {
        &quot;searchText&quot;: &quot;&quot;,
        &quot;logFile&quot;: &quot;software-management&quot;,
        &quot;dateTo&quot;: &quot;2021-11-21T18:55:49+0530&quot;,
        &quot;dateFrom&quot;: &quot;2021-11-15T18:55:49+0530&quot;,
        &quot;maximumLines&quot;: 300
    },
    &quot;description&quot;: &quot;Log file request&quot;
}
12:01:29 DEBUG Final URL of the request: https://thin-edge-io.eu-latest.cumulocity.com/devicecontrol/operations?deviceId=14471660&amp;pageSize=1&amp;revert=true&amp;dateFrom=1970-01-01T00%3A00%3A00.000Z
12:01:29 INFO  State of current operation: PENDING
12:01:29 DEBUG Final URL of the request: https://thin-edge-io.eu-latest.cumulocity.com/devicecontrol/operations?deviceId=14471660&amp;pageSize=1&amp;revert=true&amp;dateFrom=1970-01-01T00%3A00%3A00.000Z
12:01:29 DEBUG State of current operation: {
    &quot;delivery&quot;: {
        &quot;time&quot;: &quot;2022-02-22T11:01:09.608Z&quot;,
        &quot;log&quot;: [
            {
                &quot;time&quot;: &quot;2022-02-22T10:28:38.571Z&quot;,
                &quot;status&quot;: &quot;PENDING&quot;
            },
            {
                &quot;time&quot;: &quot;2022-02-22T10:28:38.580Z&quot;,
                &quot;status&quot;: &quot;SEND&quot;
            },
            {
                &quot;time&quot;: &quot;2022-02-22T10:28:38.612Z&quot;,
                &quot;status&quot;: &quot;DELIVERED&quot;
            },
            {
                &quot;time&quot;: &quot;2022-02-22T10:29:41.769Z&quot;,
                &quot;status&quot;: &quot;PENDING&quot;
            },
            {
                &quot;time&quot;: &quot;2022-02-22T10:29:41.789Z&quot;,
                &quot;status&quot;: &quot;SEND&quot;
            },
            {
                &quot;time&quot;: &quot;2022-02-22T10:29:41.820Z&quot;,
                &quot;status&quot;: &quot;DELIVERED&quot;
            },
            {
                &quot;time&quot;: &quot;2022-02-22T10:30:36.690Z&quot;,
                &quot;status&quot;: &quot;PENDING&quot;
            },
            {
                &quot;time&quot;: &quot;2022-02-22T10:30:36.714Z&quot;,
                &quot;status&quot;: &quot;SEND&quot;
            },
            {
                &quot;time&quot;: &quot;2022-02-22T10:30:36.753Z&quot;,
                &quot;status&quot;: &quot;DELIVERED&quot;
            },
            {
                &quot;time&quot;: &quot;2022-02-22T10:31:49.629Z&quot;,
                &quot;status&quot;: &quot;PENDING&quot;
            },
            {
                &quot;time&quot;: &quot;2022-02-22T10:31:49.654Z&quot;,
                &quot;status&quot;: &quot;SEND&quot;
            },
            {
                &quot;time&quot;: &quot;2022-02-22T10:31:49.686Z&quot;,
                &quot;status&quot;: &quot;DELIVERED&quot;
            },
            {
                &quot;time&quot;: &quot;2022-02-22T10:33:02.291Z&quot;,
                &quot;status&quot;: &quot;PENDING&quot;
            },
            {
                &quot;time&quot;: &quot;2022-02-22T10:33:02.316Z&quot;,
                &quot;status&quot;: &quot;SEND&quot;
            },
            {
                &quot;time&quot;: &quot;2022-02-22T10:33:02.347Z&quot;,
                &quot;status&quot;: &quot;DELIVERED&quot;
            },
            {
                &quot;time&quot;: &quot;2022-02-22T10:33:40.393Z&quot;,
                &quot;status&quot;: &quot;PENDING&quot;
            },
            {
                &quot;time&quot;: &quot;2022-02-22T10:33:40.416Z&quot;,
                &quot;status&quot;: &quot;SEND&quot;
            },
            {
                &quot;time&quot;: &quot;2022-02-22T10:33:40.449Z&quot;,
                &quot;status&quot;: &quot;DELIVERED&quot;
            },
            {
                &quot;time&quot;: &quot;2022-02-22T10:34:31.797Z&quot;,
                &quot;status&quot;: &quot;PENDING&quot;
            },
            {
                &quot;time&quot;: &quot;2022-02-22T10:34:31.818Z&quot;,
                &quot;status&quot;: &quot;SEND&quot;
            },
            {
                &quot;time&quot;: &quot;2022-02-22T10:34:31.850Z&quot;,
                &quot;status&quot;: &quot;DELIVERED&quot;
            },
            {
                &quot;time&quot;: &quot;2022-02-22T10:35:23.062Z&quot;,
                &quot;status&quot;: &quot;PENDING&quot;
            },
            {
                &quot;time&quot;: &quot;2022-02-22T10:35:23.084Z&quot;,
                &quot;status&quot;: &quot;SEND&quot;
            },
            {
                &quot;time&quot;: &quot;2022-02-22T10:35:23.118Z&quot;,
                &quot;status&quot;: &quot;DELIVERED&quot;
            },
            {
                &quot;time&quot;: &quot;2022-02-22T10:36:03.111Z&quot;,
                &quot;status&quot;: &quot;PENDING&quot;
            },
            {
                &quot;time&quot;: &quot;2022-02-22T10:36:03.134Z&quot;,
                &quot;status&quot;: &quot;SEND&quot;
            },
            {
                &quot;time&quot;: &quot;2022-02-22T10:36:03.168Z&quot;,
                &quot;status&quot;: &quot;DELIVERED&quot;
            },
            {
                &quot;time&quot;: &quot;2022-02-22T10:37:53.192Z&quot;,
                &quot;status&quot;: &quot;PENDING&quot;
            },
            {
                &quot;time&quot;: &quot;2022-02-22T10:37:53.212Z&quot;,
                &quot;status&quot;: &quot;SEND&quot;
            },
            {
                &quot;time&quot;: &quot;2022-02-22T10:37:53.247Z&quot;,
                &quot;status&quot;: &quot;DELIVERED&quot;
            },
            {
                &quot;time&quot;: &quot;2022-02-22T10:39:48.337Z&quot;,
                &quot;status&quot;: &quot;PENDING&quot;
            },
            {
                &quot;time&quot;: &quot;2022-02-22T10:39:48.361Z&quot;,
                &quot;status&quot;: &quot;SEND&quot;
            },
            {
                &quot;time&quot;: &quot;2022-02-22T10:39:48.394Z&quot;,
                &quot;status&quot;: &quot;DELIVERED&quot;
            },
            {
                &quot;time&quot;: &quot;2022-02-22T10:40:10.264Z&quot;,
                &quot;status&quot;: &quot;PENDING&quot;
            },
            {
                &quot;time&quot;: &quot;2022-02-22T10:40:10.288Z&quot;,
                &quot;status&quot;: &quot;SEND&quot;
            },
            {
                &quot;time&quot;: &quot;2022-02-22T10:40:10.320Z&quot;,
                &quot;status&quot;: &quot;DELIVERED&quot;
            },
            {
                &quot;time&quot;: &quot;2022-02-22T10:40:32.184Z&quot;,
                &quot;status&quot;: &quot;PENDING&quot;
            },
            {
                &quot;time&quot;: &quot;2022-02-22T10:40:32.212Z&quot;,
                &quot;status&quot;: &quot;SEND&quot;
            },
            {
                &quot;time&quot;: &quot;2022-02-22T10:40:32.245Z&quot;,
                &quot;status&quot;: &quot;DELIVERED&quot;
            },
            {
                &quot;time&quot;: &quot;2022-02-22T10:40:54.910Z&quot;,
                &quot;status&quot;: &quot;PENDING&quot;
            },
            {
                &quot;time&quot;: &quot;2022-02-22T10:40:54.935Z&quot;,
                &quot;status&quot;: &quot;SEND&quot;
            },
            {
                &quot;time&quot;: &quot;2022-02-22T10:40:54.967Z&quot;,
                &quot;status&quot;: &quot;DELIVERED&quot;
            },
            {
                &quot;time&quot;: &quot;2022-02-22T10:41:29.467Z&quot;,
                &quot;status&quot;: &quot;PENDING&quot;
            },
            {
                &quot;time&quot;: &quot;2022-02-22T10:41:29.492Z&quot;,
                &quot;status&quot;: &quot;SEND&quot;
            },
            {
                &quot;time&quot;: &quot;2022-02-22T10:41:29.524Z&quot;,
                &quot;status&quot;: &quot;DELIVERED&quot;
            },
            {
                &quot;time&quot;: &quot;2022-02-22T10:41:52.244Z&quot;,
                &quot;status&quot;: &quot;PENDING&quot;
            },
            {
                &quot;time&quot;: &quot;2022-02-22T10:41:52.268Z&quot;,
                &quot;status&quot;: &quot;SEND&quot;
            },
            {
                &quot;time&quot;: &quot;2022-02-22T10:41:52.298Z&quot;,
                &quot;status&quot;: &quot;DELIVERED&quot;
            },
            {
                &quot;time&quot;: &quot;2022-02-22T10:42:16.769Z&quot;,
                &quot;status&quot;: &quot;PENDING&quot;
            },
            {
                &quot;time&quot;: &quot;2022-02-22T10:42:16.794Z&quot;,
                &quot;status&quot;: &quot;SEND&quot;
            },
            {
                &quot;time&quot;: &quot;2022-02-22T10:42:16.826Z&quot;,
                &quot;status&quot;: &quot;DELIVERED&quot;
            },
            {
                &quot;time&quot;: &quot;2022-02-22T10:55:33.558Z&quot;,
                &quot;status&quot;: &quot;PENDING&quot;
            },
            {
                &quot;time&quot;: &quot;2022-02-22T10:55:33.592Z&quot;,
                &quot;status&quot;: &quot;SEND&quot;
            },
            {
                &quot;time&quot;: &quot;2022-02-22T10:55:33.620Z&quot;,
                &quot;status&quot;: &quot;DELIVERED&quot;
            },
            {
                &quot;time&quot;: &quot;2022-02-22T10:58:10.748Z&quot;,
                &quot;status&quot;: &quot;PENDING&quot;
            },
            {
                &quot;time&quot;: &quot;2022-02-22T10:58:10.772Z&quot;,
                &quot;status&quot;: &quot;SEND&quot;
            },
            {
                &quot;time&quot;: &quot;2022-02-22T10:58:10.805Z&quot;,
                &quot;status&quot;: &quot;DELIVERED&quot;
            },
            {
                &quot;time&quot;: &quot;2022-02-22T10:58:33.317Z&quot;,
                &quot;status&quot;: &quot;PENDING&quot;
            },
            {
                &quot;time&quot;: &quot;2022-02-22T10:58:33.342Z&quot;,
                &quot;status&quot;: &quot;SEND&quot;
            },
            {
                &quot;time&quot;: &quot;2022-02-22T10:58:33.375Z&quot;,
                &quot;status&quot;: &quot;DELIVERED&quot;
            },
            {
                &quot;time&quot;: &quot;2022-02-22T11:01:09.552Z&quot;,
                &quot;status&quot;: &quot;PENDING&quot;
            },
            {
                &quot;time&quot;: &quot;2022-02-22T11:01:09.576Z&quot;,
                &quot;status&quot;: &quot;SEND&quot;
            }
        ],
        &quot;status&quot;: &quot;DELIVERED&quot;
    },
    &quot;creationTime&quot;: &quot;2022-02-22T10:28:38.549Z&quot;,
    &quot;deviceId&quot;: &quot;14471660&quot;,
    &quot;deviceName&quot;: &quot;octocatrpi3&quot;,
    &quot;self&quot;: &quot;https://t493319102.eu-latest.cumulocity.com/devicecontrol/operations/14471086&quot;,
    &quot;id&quot;: &quot;14471086&quot;,
    &quot;status&quot;: &quot;PENDING&quot;,
    &quot;c8y_LogfileRequest&quot;: {
        &quot;searchText&quot;: &quot;&quot;,
        &quot;logFile&quot;: &quot;software-management&quot;,
        &quot;dateTo&quot;: &quot;2021-11-21T18:55:49+0530&quot;,
        &quot;dateFrom&quot;: &quot;2021-11-15T18:55:49+0530&quot;,
        &quot;maximumLines&quot;: 300
    },
    &quot;description&quot;: &quot;Log file request&quot;
}
12:01:31 DEBUG Final URL of the request: https://thin-edge-io.eu-latest.cumulocity.com/devicecontrol/operations?deviceId=14471660&amp;pageSize=1&amp;revert=true&amp;dateFrom=1970-01-01T00%3A00%3A00.000Z
12:01:31 INFO  State of current operation: PENDING
12:01:31 DEBUG Final URL of the request: https://thin-edge-io.eu-latest.cumulocity.com/devicecontrol/operations?deviceId=14471660&amp;pageSize=1&amp;revert=true&amp;dateFrom=1970-01-01T00%3A00%3A00.000Z
12:01:31 DEBUG State of current operation: {
    &quot;delivery&quot;: {
        &quot;time&quot;: &quot;2022-02-22T11:01:09.608Z&quot;,
        &quot;log&quot;: [
            {
                &quot;time&quot;: &quot;2022-02-22T10:28:38.571Z&quot;,
                &quot;status&quot;: &quot;PENDING&quot;
            },
            {
                &quot;time&quot;: &quot;2022-02-22T10:28:38.580Z&quot;,
                &quot;status&quot;: &quot;SEND&quot;
            },
            {
                &quot;time&quot;: &quot;2022-02-22T10:28:38.612Z&quot;,
                &quot;status&quot;: &quot;DELIVERED&quot;
            },
            {
                &quot;time&quot;: &quot;2022-02-22T10:29:41.769Z&quot;,
                &quot;status&quot;: &quot;PENDING&quot;
            },
            {
                &quot;time&quot;: &quot;2022-02-22T10:29:41.789Z&quot;,
                &quot;status&quot;: &quot;SEND&quot;
            },
            {
                &quot;time&quot;: &quot;2022-02-22T10:29:41.820Z&quot;,
                &quot;status&quot;: &quot;DELIVERED&quot;
            },
            {
                &quot;time&quot;: &quot;2022-02-22T10:30:36.690Z&quot;,
                &quot;status&quot;: &quot;PENDING&quot;
            },
            {
                &quot;time&quot;: &quot;2022-02-22T10:30:36.714Z&quot;,
                &quot;status&quot;: &quot;SEND&quot;
            },
            {
                &quot;time&quot;: &quot;2022-02-22T10:30:36.753Z&quot;,
                &quot;status&quot;: &quot;DELIVERED&quot;
            },
            {
                &quot;time&quot;: &quot;2022-02-22T10:31:49.629Z&quot;,
                &quot;status&quot;: &quot;PENDING&quot;
            },
            {
                &quot;time&quot;: &quot;2022-02-22T10:31:49.654Z&quot;,
                &quot;status&quot;: &quot;SEND&quot;
            },
            {
                &quot;time&quot;: &quot;2022-02-22T10:31:49.686Z&quot;,
                &quot;status&quot;: &quot;DELIVERED&quot;
            },
            {
                &quot;time&quot;: &quot;2022-02-22T10:33:02.291Z&quot;,
                &quot;status&quot;: &quot;PENDING&quot;
            },
            {
                &quot;time&quot;: &quot;2022-02-22T10:33:02.316Z&quot;,
                &quot;status&quot;: &quot;SEND&quot;
            },
            {
                &quot;time&quot;: &quot;2022-02-22T10:33:02.347Z&quot;,
                &quot;status&quot;: &quot;DELIVERED&quot;
            },
            {
                &quot;time&quot;: &quot;2022-02-22T10:33:40.393Z&quot;,
                &quot;status&quot;: &quot;PENDING&quot;
            },
            {
                &quot;time&quot;: &quot;2022-02-22T10:33:40.416Z&quot;,
                &quot;status&quot;: &quot;SEND&quot;
            },
            {
                &quot;time&quot;: &quot;2022-02-22T10:33:40.449Z&quot;,
                &quot;status&quot;: &quot;DELIVERED&quot;
            },
            {
                &quot;time&quot;: &quot;2022-02-22T10:34:31.797Z&quot;,
                &quot;status&quot;: &quot;PENDING&quot;
            },
            {
                &quot;time&quot;: &quot;2022-02-22T10:34:31.818Z&quot;,
                &quot;status&quot;: &quot;SEND&quot;
            },
            {
                &quot;time&quot;: &quot;2022-02-22T10:34:31.850Z&quot;,
                &quot;status&quot;: &quot;DELIVERED&quot;
            },
            {
                &quot;time&quot;: &quot;2022-02-22T10:35:23.062Z&quot;,
                &quot;status&quot;: &quot;PENDING&quot;
            },
            {
                &quot;time&quot;: &quot;2022-02-22T10:35:23.084Z&quot;,
                &quot;status&quot;: &quot;SEND&quot;
            },
            {
                &quot;time&quot;: &quot;2022-02-22T10:35:23.118Z&quot;,
                &quot;status&quot;: &quot;DELIVERED&quot;
            },
            {
                &quot;time&quot;: &quot;2022-02-22T10:36:03.111Z&quot;,
                &quot;status&quot;: &quot;PENDING&quot;
            },
            {
                &quot;time&quot;: &quot;2022-02-22T10:36:03.134Z&quot;,
                &quot;status&quot;: &quot;SEND&quot;
            },
            {
                &quot;time&quot;: &quot;2022-02-22T10:36:03.168Z&quot;,
                &quot;status&quot;: &quot;DELIVERED&quot;
            },
            {
                &quot;time&quot;: &quot;2022-02-22T10:37:53.192Z&quot;,
                &quot;status&quot;: &quot;PENDING&quot;
            },
            {
                &quot;time&quot;: &quot;2022-02-22T10:37:53.212Z&quot;,
                &quot;status&quot;: &quot;SEND&quot;
            },
            {
                &quot;time&quot;: &quot;2022-02-22T10:37:53.247Z&quot;,
                &quot;status&quot;: &quot;DELIVERED&quot;
            },
            {
                &quot;time&quot;: &quot;2022-02-22T10:39:48.337Z&quot;,
                &quot;status&quot;: &quot;PENDING&quot;
            },
            {
                &quot;time&quot;: &quot;2022-02-22T10:39:48.361Z&quot;,
                &quot;status&quot;: &quot;SEND&quot;
            },
            {
                &quot;time&quot;: &quot;2022-02-22T10:39:48.394Z&quot;,
                &quot;status&quot;: &quot;DELIVERED&quot;
            },
            {
                &quot;time&quot;: &quot;2022-02-22T10:40:10.264Z&quot;,
                &quot;status&quot;: &quot;PENDING&quot;
            },
            {
                &quot;time&quot;: &quot;2022-02-22T10:40:10.288Z&quot;,
                &quot;status&quot;: &quot;SEND&quot;
            },
            {
                &quot;time&quot;: &quot;2022-02-22T10:40:10.320Z&quot;,
                &quot;status&quot;: &quot;DELIVERED&quot;
            },
            {
                &quot;time&quot;: &quot;2022-02-22T10:40:32.184Z&quot;,
                &quot;status&quot;: &quot;PENDING&quot;
            },
            {
                &quot;time&quot;: &quot;2022-02-22T10:40:32.212Z&quot;,
                &quot;status&quot;: &quot;SEND&quot;
            },
            {
                &quot;time&quot;: &quot;2022-02-22T10:40:32.245Z&quot;,
                &quot;status&quot;: &quot;DELIVERED&quot;
            },
            {
                &quot;time&quot;: &quot;2022-02-22T10:40:54.910Z&quot;,
                &quot;status&quot;: &quot;PENDING&quot;
            },
            {
                &quot;time&quot;: &quot;2022-02-22T10:40:54.935Z&quot;,
                &quot;status&quot;: &quot;SEND&quot;
            },
            {
                &quot;time&quot;: &quot;2022-02-22T10:40:54.967Z&quot;,
                &quot;status&quot;: &quot;DELIVERED&quot;
            },
            {
                &quot;time&quot;: &quot;2022-02-22T10:41:29.467Z&quot;,
                &quot;status&quot;: &quot;PENDING&quot;
            },
            {
                &quot;time&quot;: &quot;2022-02-22T10:41:29.492Z&quot;,
                &quot;status&quot;: &quot;SEND&quot;
            },
            {
                &quot;time&quot;: &quot;2022-02-22T10:41:29.524Z&quot;,
                &quot;status&quot;: &quot;DELIVERED&quot;
            },
            {
                &quot;time&quot;: &quot;2022-02-22T10:41:52.244Z&quot;,
                &quot;status&quot;: &quot;PENDING&quot;
            },
            {
                &quot;time&quot;: &quot;2022-02-22T10:41:52.268Z&quot;,
                &quot;status&quot;: &quot;SEND&quot;
            },
            {
                &quot;time&quot;: &quot;2022-02-22T10:41:52.298Z&quot;,
                &quot;status&quot;: &quot;DELIVERED&quot;
            },
            {
                &quot;time&quot;: &quot;2022-02-22T10:42:16.769Z&quot;,
                &quot;status&quot;: &quot;PENDING&quot;
            },
            {
                &quot;time&quot;: &quot;2022-02-22T10:42:16.794Z&quot;,
                &quot;status&quot;: &quot;SEND&quot;
            },
            {
                &quot;time&quot;: &quot;2022-02-22T10:42:16.826Z&quot;,
                &quot;status&quot;: &quot;DELIVERED&quot;
            },
            {
                &quot;time&quot;: &quot;2022-02-22T10:55:33.558Z&quot;,
                &quot;status&quot;: &quot;PENDING&quot;
            },
            {
                &quot;time&quot;: &quot;2022-02-22T10:55:33.592Z&quot;,
                &quot;status&quot;: &quot;SEND&quot;
            },
            {
                &quot;time&quot;: &quot;2022-02-22T10:55:33.620Z&quot;,
                &quot;status&quot;: &quot;DELIVERED&quot;
            },
            {
                &quot;time&quot;: &quot;2022-02-22T10:58:10.748Z&quot;,
                &quot;status&quot;: &quot;PENDING&quot;
            },
            {
                &quot;time&quot;: &quot;2022-02-22T10:58:10.772Z&quot;,
                &quot;status&quot;: &quot;SEND&quot;
            },
            {
                &quot;time&quot;: &quot;2022-02-22T10:58:10.805Z&quot;,
                &quot;status&quot;: &quot;DELIVERED&quot;
            },
            {
                &quot;time&quot;: &quot;2022-02-22T10:58:33.317Z&quot;,
                &quot;status&quot;: &quot;PENDING&quot;
            },
            {
                &quot;time&quot;: &quot;2022-02-22T10:58:33.342Z&quot;,
                &quot;status&quot;: &quot;SEND&quot;
            },
            {
                &quot;time&quot;: &quot;2022-02-22T10:58:33.375Z&quot;,
                &quot;status&quot;: &quot;DELIVERED&quot;
            },
            {
                &quot;time&quot;: &quot;2022-02-22T11:01:09.552Z&quot;,
                &quot;status&quot;: &quot;PENDING&quot;
            },
            {
                &quot;time&quot;: &quot;2022-02-22T11:01:09.576Z&quot;,
                &quot;status&quot;: &quot;SEND&quot;
            }
        ],
        &quot;status&quot;: &quot;DELIVERED&quot;
    },
    &quot;creationTime&quot;: &quot;2022-02-22T10:28:38.549Z&quot;,
    &quot;deviceId&quot;: &quot;14471660&quot;,
    &quot;deviceName&quot;: &quot;octocatrpi3&quot;,
    &quot;self&quot;: &quot;https://t493319102.eu-latest.cumulocity.com/devicecontrol/operations/14471086&quot;,
    &quot;id&quot;: &quot;14471086&quot;,
    &quot;status&quot;: &quot;PENDING&quot;,
    &quot;c8y_LogfileRequest&quot;: {
        &quot;searchText&quot;: &quot;&quot;,
        &quot;logFile&quot;: &quot;software-management&quot;,
        &quot;dateTo&quot;: &quot;2021-11-21T18:55:49+0530&quot;,
        &quot;dateFrom&quot;: &quot;2021-11-15T18:55:49+0530&quot;,
        &quot;maximumLines&quot;: 300
    },
    &quot;description&quot;: &quot;Log file request&quot;
}
12:01:33 DEBUG Final URL of the request: https://thin-edge-io.eu-latest.cumulocity.com/devicecontrol/operations?deviceId=14471660&amp;pageSize=1&amp;revert=true&amp;dateFrom=1970-01-01T00%3A00%3A00.000Z
12:01:33 INFO  State of current operation: PENDING
12:01:33 DEBUG Final URL of the request: https://thin-edge-io.eu-latest.cumulocity.com/devicecontrol/operations?deviceId=14471660&amp;pageSize=1&amp;revert=true&amp;dateFrom=1970-01-01T00%3A00%3A00.000Z
12:01:33 DEBUG State of current operation: {
    &quot;delivery&quot;: {
        &quot;time&quot;: &quot;2022-02-22T11:01:09.608Z&quot;,
        &quot;log&quot;: [
            {
                &quot;time&quot;: &quot;2022-02-22T10:28:38.571Z&quot;,
                &quot;status&quot;: &quot;PENDING&quot;
            },
            {
                &quot;time&quot;: &quot;2022-02-22T10:28:38.580Z&quot;,
                &quot;status&quot;: &quot;SEND&quot;
            },
            {
                &quot;time&quot;: &quot;2022-02-22T10:28:38.612Z&quot;,
                &quot;status&quot;: &quot;DELIVERED&quot;
            },
            {
                &quot;time&quot;: &quot;2022-02-22T10:29:41.769Z&quot;,
                &quot;status&quot;: &quot;PENDING&quot;
            },
            {
                &quot;time&quot;: &quot;2022-02-22T10:29:41.789Z&quot;,
                &quot;status&quot;: &quot;SEND&quot;
            },
            {
                &quot;time&quot;: &quot;2022-02-22T10:29:41.820Z&quot;,
                &quot;status&quot;: &quot;DELIVERED&quot;
            },
            {
                &quot;time&quot;: &quot;2022-02-22T10:30:36.690Z&quot;,
                &quot;status&quot;: &quot;PENDING&quot;
            },
            {
                &quot;time&quot;: &quot;2022-02-22T10:30:36.714Z&quot;,
                &quot;status&quot;: &quot;SEND&quot;
            },
            {
                &quot;time&quot;: &quot;2022-02-22T10:30:36.753Z&quot;,
                &quot;status&quot;: &quot;DELIVERED&quot;
            },
            {
                &quot;time&quot;: &quot;2022-02-22T10:31:49.629Z&quot;,
                &quot;status&quot;: &quot;PENDING&quot;
            },
            {
                &quot;time&quot;: &quot;2022-02-22T10:31:49.654Z&quot;,
                &quot;status&quot;: &quot;SEND&quot;
            },
            {
                &quot;time&quot;: &quot;2022-02-22T10:31:49.686Z&quot;,
                &quot;status&quot;: &quot;DELIVERED&quot;
            },
            {
                &quot;time&quot;: &quot;2022-02-22T10:33:02.291Z&quot;,
                &quot;status&quot;: &quot;PENDING&quot;
            },
            {
                &quot;time&quot;: &quot;2022-02-22T10:33:02.316Z&quot;,
                &quot;status&quot;: &quot;SEND&quot;
            },
            {
                &quot;time&quot;: &quot;2022-02-22T10:33:02.347Z&quot;,
                &quot;status&quot;: &quot;DELIVERED&quot;
            },
            {
                &quot;time&quot;: &quot;2022-02-22T10:33:40.393Z&quot;,
                &quot;status&quot;: &quot;PENDING&quot;
            },
            {
                &quot;time&quot;: &quot;2022-02-22T10:33:40.416Z&quot;,
                &quot;status&quot;: &quot;SEND&quot;
            },
            {
                &quot;time&quot;: &quot;2022-02-22T10:33:40.449Z&quot;,
                &quot;status&quot;: &quot;DELIVERED&quot;
            },
            {
                &quot;time&quot;: &quot;2022-02-22T10:34:31.797Z&quot;,
                &quot;status&quot;: &quot;PENDING&quot;
            },
            {
                &quot;time&quot;: &quot;2022-02-22T10:34:31.818Z&quot;,
                &quot;status&quot;: &quot;SEND&quot;
            },
            {
                &quot;time&quot;: &quot;2022-02-22T10:34:31.850Z&quot;,
                &quot;status&quot;: &quot;DELIVERED&quot;
            },
            {
                &quot;time&quot;: &quot;2022-02-22T10:35:23.062Z&quot;,
                &quot;status&quot;: &quot;PENDING&quot;
            },
            {
                &quot;time&quot;: &quot;2022-02-22T10:35:23.084Z&quot;,
                &quot;status&quot;: &quot;SEND&quot;
            },
            {
                &quot;time&quot;: &quot;2022-02-22T10:35:23.118Z&quot;,
                &quot;status&quot;: &quot;DELIVERED&quot;
            },
            {
                &quot;time&quot;: &quot;2022-02-22T10:36:03.111Z&quot;,
                &quot;status&quot;: &quot;PENDING&quot;
            },
            {
                &quot;time&quot;: &quot;2022-02-22T10:36:03.134Z&quot;,
                &quot;status&quot;: &quot;SEND&quot;
            },
            {
                &quot;time&quot;: &quot;2022-02-22T10:36:03.168Z&quot;,
                &quot;status&quot;: &quot;DELIVERED&quot;
            },
            {
                &quot;time&quot;: &quot;2022-02-22T10:37:53.192Z&quot;,
                &quot;status&quot;: &quot;PENDING&quot;
            },
            {
                &quot;time&quot;: &quot;2022-02-22T10:37:53.212Z&quot;,
                &quot;status&quot;: &quot;SEND&quot;
            },
            {
                &quot;time&quot;: &quot;2022-02-22T10:37:53.247Z&quot;,
                &quot;status&quot;: &quot;DELIVERED&quot;
            },
            {
                &quot;time&quot;: &quot;2022-02-22T10:39:48.337Z&quot;,
                &quot;status&quot;: &quot;PENDING&quot;
            },
            {
                &quot;time&quot;: &quot;2022-02-22T10:39:48.361Z&quot;,
                &quot;status&quot;: &quot;SEND&quot;
            },
            {
                &quot;time&quot;: &quot;2022-02-22T10:39:48.394Z&quot;,
                &quot;status&quot;: &quot;DELIVERED&quot;
            },
            {
                &quot;time&quot;: &quot;2022-02-22T10:40:10.264Z&quot;,
                &quot;status&quot;: &quot;PENDING&quot;
            },
            {
                &quot;time&quot;: &quot;2022-02-22T10:40:10.288Z&quot;,
                &quot;status&quot;: &quot;SEND&quot;
            },
            {
                &quot;time&quot;: &quot;2022-02-22T10:40:10.320Z&quot;,
                &quot;status&quot;: &quot;DELIVERED&quot;
            },
            {
                &quot;time&quot;: &quot;2022-02-22T10:40:32.184Z&quot;,
                &quot;status&quot;: &quot;PENDING&quot;
            },
            {
                &quot;time&quot;: &quot;2022-02-22T10:40:32.212Z&quot;,
                &quot;status&quot;: &quot;SEND&quot;
            },
            {
                &quot;time&quot;: &quot;2022-02-22T10:40:32.245Z&quot;,
                &quot;status&quot;: &quot;DELIVERED&quot;
            },
            {
                &quot;time&quot;: &quot;2022-02-22T10:40:54.910Z&quot;,
                &quot;status&quot;: &quot;PENDING&quot;
            },
            {
                &quot;time&quot;: &quot;2022-02-22T10:40:54.935Z&quot;,
                &quot;status&quot;: &quot;SEND&quot;
            },
            {
                &quot;time&quot;: &quot;2022-02-22T10:40:54.967Z&quot;,
                &quot;status&quot;: &quot;DELIVERED&quot;
            },
            {
                &quot;time&quot;: &quot;2022-02-22T10:41:29.467Z&quot;,
                &quot;status&quot;: &quot;PENDING&quot;
            },
            {
                &quot;time&quot;: &quot;2022-02-22T10:41:29.492Z&quot;,
                &quot;status&quot;: &quot;SEND&quot;
            },
            {
                &quot;time&quot;: &quot;2022-02-22T10:41:29.524Z&quot;,
                &quot;status&quot;: &quot;DELIVERED&quot;
            },
            {
                &quot;time&quot;: &quot;2022-02-22T10:41:52.244Z&quot;,
                &quot;status&quot;: &quot;PENDING&quot;
            },
            {
                &quot;time&quot;: &quot;2022-02-22T10:41:52.268Z&quot;,
                &quot;status&quot;: &quot;SEND&quot;
            },
            {
                &quot;time&quot;: &quot;2022-02-22T10:41:52.298Z&quot;,
                &quot;status&quot;: &quot;DELIVERED&quot;
            },
            {
                &quot;time&quot;: &quot;2022-02-22T10:42:16.769Z&quot;,
                &quot;status&quot;: &quot;PENDING&quot;
            },
            {
                &quot;time&quot;: &quot;2022-02-22T10:42:16.794Z&quot;,
                &quot;status&quot;: &quot;SEND&quot;
            },
            {
                &quot;time&quot;: &quot;2022-02-22T10:42:16.826Z&quot;,
                &quot;status&quot;: &quot;DELIVERED&quot;
            },
            {
                &quot;time&quot;: &quot;2022-02-22T10:55:33.558Z&quot;,
                &quot;status&quot;: &quot;PENDING&quot;
            },
            {
                &quot;time&quot;: &quot;2022-02-22T10:55:33.592Z&quot;,
                &quot;status&quot;: &quot;SEND&quot;
            },
            {
                &quot;time&quot;: &quot;2022-02-22T10:55:33.620Z&quot;,
                &quot;status&quot;: &quot;DELIVERED&quot;
            },
            {
                &quot;time&quot;: &quot;2022-02-22T10:58:10.748Z&quot;,
                &quot;status&quot;: &quot;PENDING&quot;
            },
            {
                &quot;time&quot;: &quot;2022-02-22T10:58:10.772Z&quot;,
                &quot;status&quot;: &quot;SEND&quot;
            },
            {
                &quot;time&quot;: &quot;2022-02-22T10:58:10.805Z&quot;,
                &quot;status&quot;: &quot;DELIVERED&quot;
            },
            {
                &quot;time&quot;: &quot;2022-02-22T10:58:33.317Z&quot;,
                &quot;status&quot;: &quot;PENDING&quot;
            },
            {
                &quot;time&quot;: &quot;2022-02-22T10:58:33.342Z&quot;,
                &quot;status&quot;: &quot;SEND&quot;
            },
            {
                &quot;time&quot;: &quot;2022-02-22T10:58:33.375Z&quot;,
                &quot;status&quot;: &quot;DELIVERED&quot;
            },
            {
                &quot;time&quot;: &quot;2022-02-22T11:01:09.552Z&quot;,
                &quot;status&quot;: &quot;PENDING&quot;
            },
            {
                &quot;time&quot;: &quot;2022-02-22T11:01:09.576Z&quot;,
                &quot;status&quot;: &quot;SEND&quot;
            }
        ],
        &quot;status&quot;: &quot;DELIVERED&quot;
    },
    &quot;creationTime&quot;: &quot;2022-02-22T10:28:38.549Z&quot;,
    &quot;deviceId&quot;: &quot;14471660&quot;,
    &quot;deviceName&quot;: &quot;octocatrpi3&quot;,
    &quot;self&quot;: &quot;https://t493319102.eu-latest.cumulocity.com/devicecontrol/operations/14471086&quot;,
    &quot;id&quot;: &quot;14471086&quot;,
    &quot;status&quot;: &quot;PENDING&quot;,
    &quot;c8y_LogfileRequest&quot;: {
        &quot;searchText&quot;: &quot;&quot;,
        &quot;logFile&quot;: &quot;software-management&quot;,
        &quot;dateTo&quot;: &quot;2021-11-21T18:55:49+0530&quot;,
        &quot;dateFrom&quot;: &quot;2021-11-15T18:55:49+0530&quot;,
        &quot;maximumLines&quot;: 300
    },
    &quot;description&quot;: &quot;Log file request&quot;
}
12:01:36 DEBUG Final URL of the request: https://thin-edge-io.eu-latest.cumulocity.com/devicecontrol/operations?deviceId=14471660&amp;pageSize=1&amp;revert=true&amp;dateFrom=1970-01-01T00%3A00%3A00.000Z
12:01:36 INFO  State of current operation: PENDING
12:01:36 DEBUG Final URL of the request: https://thin-edge-io.eu-latest.cumulocity.com/devicecontrol/operations?deviceId=14471660&amp;pageSize=1&amp;revert=true&amp;dateFrom=1970-01-01T00%3A00%3A00.000Z
12:01:36 DEBUG State of current operation: {
    &quot;delivery&quot;: {
        &quot;time&quot;: &quot;2022-02-22T11:01:09.608Z&quot;,
        &quot;log&quot;: [
            {
                &quot;time&quot;: &quot;2022-02-22T10:28:38.571Z&quot;,
                &quot;status&quot;: &quot;PENDING&quot;
            },
            {
                &quot;time&quot;: &quot;2022-02-22T10:28:38.580Z&quot;,
                &quot;status&quot;: &quot;SEND&quot;
            },
            {
                &quot;time&quot;: &quot;2022-02-22T10:28:38.612Z&quot;,
                &quot;status&quot;: &quot;DELIVERED&quot;
            },
            {
                &quot;time&quot;: &quot;2022-02-22T10:29:41.769Z&quot;,
                &quot;status&quot;: &quot;PENDING&quot;
            },
            {
                &quot;time&quot;: &quot;2022-02-22T10:29:41.789Z&quot;,
                &quot;status&quot;: &quot;SEND&quot;
            },
            {
                &quot;time&quot;: &quot;2022-02-22T10:29:41.820Z&quot;,
                &quot;status&quot;: &quot;DELIVERED&quot;
            },
            {
                &quot;time&quot;: &quot;2022-02-22T10:30:36.690Z&quot;,
                &quot;status&quot;: &quot;PENDING&quot;
            },
            {
                &quot;time&quot;: &quot;2022-02-22T10:30:36.714Z&quot;,
                &quot;status&quot;: &quot;SEND&quot;
            },
            {
                &quot;time&quot;: &quot;2022-02-22T10:30:36.753Z&quot;,
                &quot;status&quot;: &quot;DELIVERED&quot;
            },
            {
                &quot;time&quot;: &quot;2022-02-22T10:31:49.629Z&quot;,
                &quot;status&quot;: &quot;PENDING&quot;
            },
            {
                &quot;time&quot;: &quot;2022-02-22T10:31:49.654Z&quot;,
                &quot;status&quot;: &quot;SEND&quot;
            },
            {
                &quot;time&quot;: &quot;2022-02-22T10:31:49.686Z&quot;,
                &quot;status&quot;: &quot;DELIVERED&quot;
            },
            {
                &quot;time&quot;: &quot;2022-02-22T10:33:02.291Z&quot;,
                &quot;status&quot;: &quot;PENDING&quot;
            },
            {
                &quot;time&quot;: &quot;2022-02-22T10:33:02.316Z&quot;,
                &quot;status&quot;: &quot;SEND&quot;
            },
            {
                &quot;time&quot;: &quot;2022-02-22T10:33:02.347Z&quot;,
                &quot;status&quot;: &quot;DELIVERED&quot;
            },
            {
                &quot;time&quot;: &quot;2022-02-22T10:33:40.393Z&quot;,
                &quot;status&quot;: &quot;PENDING&quot;
            },
            {
                &quot;time&quot;: &quot;2022-02-22T10:33:40.416Z&quot;,
                &quot;status&quot;: &quot;SEND&quot;
            },
            {
                &quot;time&quot;: &quot;2022-02-22T10:33:40.449Z&quot;,
                &quot;status&quot;: &quot;DELIVERED&quot;
            },
            {
                &quot;time&quot;: &quot;2022-02-22T10:34:31.797Z&quot;,
                &quot;status&quot;: &quot;PENDING&quot;
            },
            {
                &quot;time&quot;: &quot;2022-02-22T10:34:31.818Z&quot;,
                &quot;status&quot;: &quot;SEND&quot;
            },
            {
                &quot;time&quot;: &quot;2022-02-22T10:34:31.850Z&quot;,
                &quot;status&quot;: &quot;DELIVERED&quot;
            },
            {
                &quot;time&quot;: &quot;2022-02-22T10:35:23.062Z&quot;,
                &quot;status&quot;: &quot;PENDING&quot;
            },
            {
                &quot;time&quot;: &quot;2022-02-22T10:35:23.084Z&quot;,
                &quot;status&quot;: &quot;SEND&quot;
            },
            {
                &quot;time&quot;: &quot;2022-02-22T10:35:23.118Z&quot;,
                &quot;status&quot;: &quot;DELIVERED&quot;
            },
            {
                &quot;time&quot;: &quot;2022-02-22T10:36:03.111Z&quot;,
                &quot;status&quot;: &quot;PENDING&quot;
            },
            {
                &quot;time&quot;: &quot;2022-02-22T10:36:03.134Z&quot;,
                &quot;status&quot;: &quot;SEND&quot;
            },
            {
                &quot;time&quot;: &quot;2022-02-22T10:36:03.168Z&quot;,
                &quot;status&quot;: &quot;DELIVERED&quot;
            },
            {
                &quot;time&quot;: &quot;2022-02-22T10:37:53.192Z&quot;,
                &quot;status&quot;: &quot;PENDING&quot;
            },
            {
                &quot;time&quot;: &quot;2022-02-22T10:37:53.212Z&quot;,
                &quot;status&quot;: &quot;SEND&quot;
            },
            {
                &quot;time&quot;: &quot;2022-02-22T10:37:53.247Z&quot;,
                &quot;status&quot;: &quot;DELIVERED&quot;
            },
            {
                &quot;time&quot;: &quot;2022-02-22T10:39:48.337Z&quot;,
                &quot;status&quot;: &quot;PENDING&quot;
            },
            {
                &quot;time&quot;: &quot;2022-02-22T10:39:48.361Z&quot;,
                &quot;status&quot;: &quot;SEND&quot;
            },
            {
                &quot;time&quot;: &quot;2022-02-22T10:39:48.394Z&quot;,
                &quot;status&quot;: &quot;DELIVERED&quot;
            },
            {
                &quot;time&quot;: &quot;2022-02-22T10:40:10.264Z&quot;,
                &quot;status&quot;: &quot;PENDING&quot;
            },
            {
                &quot;time&quot;: &quot;2022-02-22T10:40:10.288Z&quot;,
                &quot;status&quot;: &quot;SEND&quot;
            },
            {
                &quot;time&quot;: &quot;2022-02-22T10:40:10.320Z&quot;,
                &quot;status&quot;: &quot;DELIVERED&quot;
            },
            {
                &quot;time&quot;: &quot;2022-02-22T10:40:32.184Z&quot;,
                &quot;status&quot;: &quot;PENDING&quot;
            },
            {
                &quot;time&quot;: &quot;2022-02-22T10:40:32.212Z&quot;,
                &quot;status&quot;: &quot;SEND&quot;
            },
            {
                &quot;time&quot;: &quot;2022-02-22T10:40:32.245Z&quot;,
                &quot;status&quot;: &quot;DELIVERED&quot;
            },
            {
                &quot;time&quot;: &quot;2022-02-22T10:40:54.910Z&quot;,
                &quot;status&quot;: &quot;PENDING&quot;
            },
            {
                &quot;time&quot;: &quot;2022-02-22T10:40:54.935Z&quot;,
                &quot;status&quot;: &quot;SEND&quot;
            },
            {
                &quot;time&quot;: &quot;2022-02-22T10:40:54.967Z&quot;,
                &quot;status&quot;: &quot;DELIVERED&quot;
            },
            {
                &quot;time&quot;: &quot;2022-02-22T10:41:29.467Z&quot;,
                &quot;status&quot;: &quot;PENDING&quot;
            },
            {
                &quot;time&quot;: &quot;2022-02-22T10:41:29.492Z&quot;,
                &quot;status&quot;: &quot;SEND&quot;
            },
            {
                &quot;time&quot;: &quot;2022-02-22T10:41:29.524Z&quot;,
                &quot;status&quot;: &quot;DELIVERED&quot;
            },
            {
                &quot;time&quot;: &quot;2022-02-22T10:41:52.244Z&quot;,
                &quot;status&quot;: &quot;PENDING&quot;
            },
            {
                &quot;time&quot;: &quot;2022-02-22T10:41:52.268Z&quot;,
                &quot;status&quot;: &quot;SEND&quot;
            },
            {
                &quot;time&quot;: &quot;2022-02-22T10:41:52.298Z&quot;,
                &quot;status&quot;: &quot;DELIVERED&quot;
            },
            {
                &quot;time&quot;: &quot;2022-02-22T10:42:16.769Z&quot;,
                &quot;status&quot;: &quot;PENDING&quot;
            },
            {
                &quot;time&quot;: &quot;2022-02-22T10:42:16.794Z&quot;,
                &quot;status&quot;: &quot;SEND&quot;
            },
            {
                &quot;time&quot;: &quot;2022-02-22T10:42:16.826Z&quot;,
                &quot;status&quot;: &quot;DELIVERED&quot;
            },
            {
                &quot;time&quot;: &quot;2022-02-22T10:55:33.558Z&quot;,
                &quot;status&quot;: &quot;PENDING&quot;
            },
            {
                &quot;time&quot;: &quot;2022-02-22T10:55:33.592Z&quot;,
                &quot;status&quot;: &quot;SEND&quot;
            },
            {
                &quot;time&quot;: &quot;2022-02-22T10:55:33.620Z&quot;,
                &quot;status&quot;: &quot;DELIVERED&quot;
            },
            {
                &quot;time&quot;: &quot;2022-02-22T10:58:10.748Z&quot;,
                &quot;status&quot;: &quot;PENDING&quot;
            },
            {
                &quot;time&quot;: &quot;2022-02-22T10:58:10.772Z&quot;,
                &quot;status&quot;: &quot;SEND&quot;
            },
            {
                &quot;time&quot;: &quot;2022-02-22T10:58:10.805Z&quot;,
                &quot;status&quot;: &quot;DELIVERED&quot;
            },
            {
                &quot;time&quot;: &quot;2022-02-22T10:58:33.317Z&quot;,
                &quot;status&quot;: &quot;PENDING&quot;
            },
            {
                &quot;time&quot;: &quot;2022-02-22T10:58:33.342Z&quot;,
                &quot;status&quot;: &quot;SEND&quot;
            },
            {
                &quot;time&quot;: &quot;2022-02-22T10:58:33.375Z&quot;,
                &quot;status&quot;: &quot;DELIVERED&quot;
            },
            {
                &quot;time&quot;: &quot;2022-02-22T11:01:09.552Z&quot;,
                &quot;status&quot;: &quot;PENDING&quot;
            },
            {
                &quot;time&quot;: &quot;2022-02-22T11:01:09.576Z&quot;,
                &quot;status&quot;: &quot;SEND&quot;
            }
        ],
        &quot;status&quot;: &quot;DELIVERED&quot;
    },
    &quot;creationTime&quot;: &quot;2022-02-22T10:28:38.549Z&quot;,
    &quot;deviceId&quot;: &quot;14471660&quot;,
    &quot;deviceName&quot;: &quot;octocatrpi3&quot;,
    &quot;self&quot;: &quot;https://t493319102.eu-latest.cumulocity.com/devicecontrol/operations/14471086&quot;,
    &quot;id&quot;: &quot;14471086&quot;,
    &quot;status&quot;: &quot;PENDING&quot;,
    &quot;c8y_LogfileRequest&quot;: {
        &quot;searchText&quot;: &quot;&quot;,
        &quot;logFile&quot;: &quot;software-management&quot;,
        &quot;dateTo&quot;: &quot;2021-11-21T18:55:49+0530&quot;,
        &quot;dateFrom&quot;: &quot;2021-11-15T18:55:49+0530&quot;,
        &quot;maximumLines&quot;: 300
    },
    &quot;description&quot;: &quot;Log file request&quot;
}
12:01:38 DEBUG Final URL of the request: https://thin-edge-io.eu-latest.cumulocity.com/devicecontrol/operations?deviceId=14471660&amp;pageSize=1&amp;revert=true&amp;dateFrom=1970-01-01T00%3A00%3A00.000Z
12:01:38 INFO  State of current operation: PENDING
12:01:38 DEBUG Final URL of the request: https://thin-edge-io.eu-latest.cumulocity.com/devicecontrol/operations?deviceId=14471660&amp;pageSize=1&amp;revert=true&amp;dateFrom=1970-01-01T00%3A00%3A00.000Z
12:01:38 DEBUG State of current operation: {
    &quot;delivery&quot;: {
        &quot;time&quot;: &quot;2022-02-22T11:01:09.608Z&quot;,
        &quot;log&quot;: [
            {
                &quot;time&quot;: &quot;2022-02-22T10:28:38.571Z&quot;,
                &quot;status&quot;: &quot;PENDING&quot;
            },
            {
                &quot;time&quot;: &quot;2022-02-22T10:28:38.580Z&quot;,
                &quot;status&quot;: &quot;SEND&quot;
            },
            {
                &quot;time&quot;: &quot;2022-02-22T10:28:38.612Z&quot;,
                &quot;status&quot;: &quot;DELIVERED&quot;
            },
            {
                &quot;time&quot;: &quot;2022-02-22T10:29:41.769Z&quot;,
                &quot;status&quot;: &quot;PENDING&quot;
            },
            {
                &quot;time&quot;: &quot;2022-02-22T10:29:41.789Z&quot;,
                &quot;status&quot;: &quot;SEND&quot;
            },
            {
                &quot;time&quot;: &quot;2022-02-22T10:29:41.820Z&quot;,
                &quot;status&quot;: &quot;DELIVERED&quot;
            },
            {
                &quot;time&quot;: &quot;2022-02-22T10:30:36.690Z&quot;,
                &quot;status&quot;: &quot;PENDING&quot;
            },
            {
                &quot;time&quot;: &quot;2022-02-22T10:30:36.714Z&quot;,
                &quot;status&quot;: &quot;SEND&quot;
            },
            {
                &quot;time&quot;: &quot;2022-02-22T10:30:36.753Z&quot;,
                &quot;status&quot;: &quot;DELIVERED&quot;
            },
            {
                &quot;time&quot;: &quot;2022-02-22T10:31:49.629Z&quot;,
                &quot;status&quot;: &quot;PENDING&quot;
            },
            {
                &quot;time&quot;: &quot;2022-02-22T10:31:49.654Z&quot;,
                &quot;status&quot;: &quot;SEND&quot;
            },
            {
                &quot;time&quot;: &quot;2022-02-22T10:31:49.686Z&quot;,
                &quot;status&quot;: &quot;DELIVERED&quot;
            },
            {
                &quot;time&quot;: &quot;2022-02-22T10:33:02.291Z&quot;,
                &quot;status&quot;: &quot;PENDING&quot;
            },
            {
                &quot;time&quot;: &quot;2022-02-22T10:33:02.316Z&quot;,
                &quot;status&quot;: &quot;SEND&quot;
            },
            {
                &quot;time&quot;: &quot;2022-02-22T10:33:02.347Z&quot;,
                &quot;status&quot;: &quot;DELIVERED&quot;
            },
            {
                &quot;time&quot;: &quot;2022-02-22T10:33:40.393Z&quot;,
                &quot;status&quot;: &quot;PENDING&quot;
            },
            {
                &quot;time&quot;: &quot;2022-02-22T10:33:40.416Z&quot;,
                &quot;status&quot;: &quot;SEND&quot;
            },
            {
                &quot;time&quot;: &quot;2022-02-22T10:33:40.449Z&quot;,
                &quot;status&quot;: &quot;DELIVERED&quot;
            },
            {
                &quot;time&quot;: &quot;2022-02-22T10:34:31.797Z&quot;,
                &quot;status&quot;: &quot;PENDING&quot;
            },
            {
                &quot;time&quot;: &quot;2022-02-22T10:34:31.818Z&quot;,
                &quot;status&quot;: &quot;SEND&quot;
            },
            {
                &quot;time&quot;: &quot;2022-02-22T10:34:31.850Z&quot;,
                &quot;status&quot;: &quot;DELIVERED&quot;
            },
            {
                &quot;time&quot;: &quot;2022-02-22T10:35:23.062Z&quot;,
                &quot;status&quot;: &quot;PENDING&quot;
            },
            {
                &quot;time&quot;: &quot;2022-02-22T10:35:23.084Z&quot;,
                &quot;status&quot;: &quot;SEND&quot;
            },
            {
                &quot;time&quot;: &quot;2022-02-22T10:35:23.118Z&quot;,
                &quot;status&quot;: &quot;DELIVERED&quot;
            },
            {
                &quot;time&quot;: &quot;2022-02-22T10:36:03.111Z&quot;,
                &quot;status&quot;: &quot;PENDING&quot;
            },
            {
                &quot;time&quot;: &quot;2022-02-22T10:36:03.134Z&quot;,
                &quot;status&quot;: &quot;SEND&quot;
            },
            {
                &quot;time&quot;: &quot;2022-02-22T10:36:03.168Z&quot;,
                &quot;status&quot;: &quot;DELIVERED&quot;
            },
            {
                &quot;time&quot;: &quot;2022-02-22T10:37:53.192Z&quot;,
                &quot;status&quot;: &quot;PENDING&quot;
            },
            {
                &quot;time&quot;: &quot;2022-02-22T10:37:53.212Z&quot;,
                &quot;status&quot;: &quot;SEND&quot;
            },
            {
                &quot;time&quot;: &quot;2022-02-22T10:37:53.247Z&quot;,
                &quot;status&quot;: &quot;DELIVERED&quot;
            },
            {
                &quot;time&quot;: &quot;2022-02-22T10:39:48.337Z&quot;,
                &quot;status&quot;: &quot;PENDING&quot;
            },
            {
                &quot;time&quot;: &quot;2022-02-22T10:39:48.361Z&quot;,
                &quot;status&quot;: &quot;SEND&quot;
            },
            {
                &quot;time&quot;: &quot;2022-02-22T10:39:48.394Z&quot;,
                &quot;status&quot;: &quot;DELIVERED&quot;
            },
            {
                &quot;time&quot;: &quot;2022-02-22T10:40:10.264Z&quot;,
                &quot;status&quot;: &quot;PENDING&quot;
            },
            {
                &quot;time&quot;: &quot;2022-02-22T10:40:10.288Z&quot;,
                &quot;status&quot;: &quot;SEND&quot;
            },
            {
                &quot;time&quot;: &quot;2022-02-22T10:40:10.320Z&quot;,
                &quot;status&quot;: &quot;DELIVERED&quot;
            },
            {
                &quot;time&quot;: &quot;2022-02-22T10:40:32.184Z&quot;,
                &quot;status&quot;: &quot;PENDING&quot;
            },
            {
                &quot;time&quot;: &quot;2022-02-22T10:40:32.212Z&quot;,
                &quot;status&quot;: &quot;SEND&quot;
            },
            {
                &quot;time&quot;: &quot;2022-02-22T10:40:32.245Z&quot;,
                &quot;status&quot;: &quot;DELIVERED&quot;
            },
            {
                &quot;time&quot;: &quot;2022-02-22T10:40:54.910Z&quot;,
                &quot;status&quot;: &quot;PENDING&quot;
            },
            {
                &quot;time&quot;: &quot;2022-02-22T10:40:54.935Z&quot;,
                &quot;status&quot;: &quot;SEND&quot;
            },
            {
                &quot;time&quot;: &quot;2022-02-22T10:40:54.967Z&quot;,
                &quot;status&quot;: &quot;DELIVERED&quot;
            },
            {
                &quot;time&quot;: &quot;2022-02-22T10:41:29.467Z&quot;,
                &quot;status&quot;: &quot;PENDING&quot;
            },
            {
                &quot;time&quot;: &quot;2022-02-22T10:41:29.492Z&quot;,
                &quot;status&quot;: &quot;SEND&quot;
            },
            {
                &quot;time&quot;: &quot;2022-02-22T10:41:29.524Z&quot;,
                &quot;status&quot;: &quot;DELIVERED&quot;
            },
            {
                &quot;time&quot;: &quot;2022-02-22T10:41:52.244Z&quot;,
                &quot;status&quot;: &quot;PENDING&quot;
            },
            {
                &quot;time&quot;: &quot;2022-02-22T10:41:52.268Z&quot;,
                &quot;status&quot;: &quot;SEND&quot;
            },
            {
                &quot;time&quot;: &quot;2022-02-22T10:41:52.298Z&quot;,
                &quot;status&quot;: &quot;DELIVERED&quot;
            },
            {
                &quot;time&quot;: &quot;2022-02-22T10:42:16.769Z&quot;,
                &quot;status&quot;: &quot;PENDING&quot;
            },
            {
                &quot;time&quot;: &quot;2022-02-22T10:42:16.794Z&quot;,
                &quot;status&quot;: &quot;SEND&quot;
            },
            {
                &quot;time&quot;: &quot;2022-02-22T10:42:16.826Z&quot;,
                &quot;status&quot;: &quot;DELIVERED&quot;
            },
            {
                &quot;time&quot;: &quot;2022-02-22T10:55:33.558Z&quot;,
                &quot;status&quot;: &quot;PENDING&quot;
            },
            {
                &quot;time&quot;: &quot;2022-02-22T10:55:33.592Z&quot;,
                &quot;status&quot;: &quot;SEND&quot;
            },
            {
                &quot;time&quot;: &quot;2022-02-22T10:55:33.620Z&quot;,
                &quot;status&quot;: &quot;DELIVERED&quot;
            },
            {
                &quot;time&quot;: &quot;2022-02-22T10:58:10.748Z&quot;,
                &quot;status&quot;: &quot;PENDING&quot;
            },
            {
                &quot;time&quot;: &quot;2022-02-22T10:58:10.772Z&quot;,
                &quot;status&quot;: &quot;SEND&quot;
            },
            {
                &quot;time&quot;: &quot;2022-02-22T10:58:10.805Z&quot;,
                &quot;status&quot;: &quot;DELIVERED&quot;
            },
            {
                &quot;time&quot;: &quot;2022-02-22T10:58:33.317Z&quot;,
                &quot;status&quot;: &quot;PENDING&quot;
            },
            {
                &quot;time&quot;: &quot;2022-02-22T10:58:33.342Z&quot;,
                &quot;status&quot;: &quot;SEND&quot;
            },
            {
                &quot;time&quot;: &quot;2022-02-22T10:58:33.375Z&quot;,
                &quot;status&quot;: &quot;DELIVERED&quot;
            },
            {
                &quot;time&quot;: &quot;2022-02-22T11:01:09.552Z&quot;,
                &quot;status&quot;: &quot;PENDING&quot;
            },
            {
                &quot;time&quot;: &quot;2022-02-22T11:01:09.576Z&quot;,
                &quot;status&quot;: &quot;SEND&quot;
            }
        ],
        &quot;status&quot;: &quot;DELIVERED&quot;
    },
    &quot;creationTime&quot;: &quot;2022-02-22T10:28:38.549Z&quot;,
    &quot;deviceId&quot;: &quot;14471660&quot;,
    &quot;deviceName&quot;: &quot;octocatrpi3&quot;,
    &quot;self&quot;: &quot;https://t493319102.eu-latest.cumulocity.com/devicecontrol/operations/14471086&quot;,
    &quot;id&quot;: &quot;14471086&quot;,
    &quot;status&quot;: &quot;PENDING&quot;,
    &quot;c8y_LogfileRequest&quot;: {
        &quot;searchText&quot;: &quot;&quot;,
        &quot;logFile&quot;: &quot;software-management&quot;,
        &quot;dateTo&quot;: &quot;2021-11-21T18:55:49+0530&quot;,
        &quot;dateFrom&quot;: &quot;2021-11-15T18:55:49+0530&quot;,
        &quot;maximumLines&quot;: 300
    },
    &quot;description&quot;: &quot;Log file request&quot;
}
12:01:40 DEBUG Final URL of the request: https://thin-edge-io.eu-latest.cumulocity.com/devicecontrol/operations?deviceId=14471660&amp;pageSize=1&amp;revert=true&amp;dateFrom=1970-01-01T00%3A00%3A00.000Z
12:01:40 INFO  State of current operation: PENDING
12:01:40 DEBUG Final URL of the request: https://thin-edge-io.eu-latest.cumulocity.com/devicecontrol/operations?deviceId=14471660&amp;pageSize=1&amp;revert=true&amp;dateFrom=1970-01-01T00%3A00%3A00.000Z
12:01:40 DEBUG State of current operation: {
    &quot;delivery&quot;: {
        &quot;time&quot;: &quot;2022-02-22T11:01:09.608Z&quot;,
        &quot;log&quot;: [
            {
                &quot;time&quot;: &quot;2022-02-22T10:28:38.571Z&quot;,
                &quot;status&quot;: &quot;PENDING&quot;
            },
            {
                &quot;time&quot;: &quot;2022-02-22T10:28:38.580Z&quot;,
                &quot;status&quot;: &quot;SEND&quot;
            },
            {
                &quot;time&quot;: &quot;2022-02-22T10:28:38.612Z&quot;,
                &quot;status&quot;: &quot;DELIVERED&quot;
            },
            {
                &quot;time&quot;: &quot;2022-02-22T10:29:41.769Z&quot;,
                &quot;status&quot;: &quot;PENDING&quot;
            },
            {
                &quot;time&quot;: &quot;2022-02-22T10:29:41.789Z&quot;,
                &quot;status&quot;: &quot;SEND&quot;
            },
            {
                &quot;time&quot;: &quot;2022-02-22T10:29:41.820Z&quot;,
                &quot;status&quot;: &quot;DELIVERED&quot;
            },
            {
                &quot;time&quot;: &quot;2022-02-22T10:30:36.690Z&quot;,
                &quot;status&quot;: &quot;PENDING&quot;
            },
            {
                &quot;time&quot;: &quot;2022-02-22T10:30:36.714Z&quot;,
                &quot;status&quot;: &quot;SEND&quot;
            },
            {
                &quot;time&quot;: &quot;2022-02-22T10:30:36.753Z&quot;,
                &quot;status&quot;: &quot;DELIVERED&quot;
            },
            {
                &quot;time&quot;: &quot;2022-02-22T10:31:49.629Z&quot;,
                &quot;status&quot;: &quot;PENDING&quot;
            },
            {
                &quot;time&quot;: &quot;2022-02-22T10:31:49.654Z&quot;,
                &quot;status&quot;: &quot;SEND&quot;
            },
            {
                &quot;time&quot;: &quot;2022-02-22T10:31:49.686Z&quot;,
                &quot;status&quot;: &quot;DELIVERED&quot;
            },
            {
                &quot;time&quot;: &quot;2022-02-22T10:33:02.291Z&quot;,
                &quot;status&quot;: &quot;PENDING&quot;
            },
            {
                &quot;time&quot;: &quot;2022-02-22T10:33:02.316Z&quot;,
                &quot;status&quot;: &quot;SEND&quot;
            },
            {
                &quot;time&quot;: &quot;2022-02-22T10:33:02.347Z&quot;,
                &quot;status&quot;: &quot;DELIVERED&quot;
            },
            {
                &quot;time&quot;: &quot;2022-02-22T10:33:40.393Z&quot;,
                &quot;status&quot;: &quot;PENDING&quot;
            },
            {
                &quot;time&quot;: &quot;2022-02-22T10:33:40.416Z&quot;,
                &quot;status&quot;: &quot;SEND&quot;
            },
            {
                &quot;time&quot;: &quot;2022-02-22T10:33:40.449Z&quot;,
                &quot;status&quot;: &quot;DELIVERED&quot;
            },
            {
                &quot;time&quot;: &quot;2022-02-22T10:34:31.797Z&quot;,
                &quot;status&quot;: &quot;PENDING&quot;
            },
            {
                &quot;time&quot;: &quot;2022-02-22T10:34:31.818Z&quot;,
                &quot;status&quot;: &quot;SEND&quot;
            },
            {
                &quot;time&quot;: &quot;2022-02-22T10:34:31.850Z&quot;,
                &quot;status&quot;: &quot;DELIVERED&quot;
            },
            {
                &quot;time&quot;: &quot;2022-02-22T10:35:23.062Z&quot;,
                &quot;status&quot;: &quot;PENDING&quot;
            },
            {
                &quot;time&quot;: &quot;2022-02-22T10:35:23.084Z&quot;,
                &quot;status&quot;: &quot;SEND&quot;
            },
            {
                &quot;time&quot;: &quot;2022-02-22T10:35:23.118Z&quot;,
                &quot;status&quot;: &quot;DELIVERED&quot;
            },
            {
                &quot;time&quot;: &quot;2022-02-22T10:36:03.111Z&quot;,
                &quot;status&quot;: &quot;PENDING&quot;
            },
            {
                &quot;time&quot;: &quot;2022-02-22T10:36:03.134Z&quot;,
                &quot;status&quot;: &quot;SEND&quot;
            },
            {
                &quot;time&quot;: &quot;2022-02-22T10:36:03.168Z&quot;,
                &quot;status&quot;: &quot;DELIVERED&quot;
            },
            {
                &quot;time&quot;: &quot;2022-02-22T10:37:53.192Z&quot;,
                &quot;status&quot;: &quot;PENDING&quot;
            },
            {
                &quot;time&quot;: &quot;2022-02-22T10:37:53.212Z&quot;,
                &quot;status&quot;: &quot;SEND&quot;
            },
            {
                &quot;time&quot;: &quot;2022-02-22T10:37:53.247Z&quot;,
                &quot;status&quot;: &quot;DELIVERED&quot;
            },
            {
                &quot;time&quot;: &quot;2022-02-22T10:39:48.337Z&quot;,
                &quot;status&quot;: &quot;PENDING&quot;
            },
            {
                &quot;time&quot;: &quot;2022-02-22T10:39:48.361Z&quot;,
                &quot;status&quot;: &quot;SEND&quot;
            },
            {
                &quot;time&quot;: &quot;2022-02-22T10:39:48.394Z&quot;,
                &quot;status&quot;: &quot;DELIVERED&quot;
            },
            {
                &quot;time&quot;: &quot;2022-02-22T10:40:10.264Z&quot;,
                &quot;status&quot;: &quot;PENDING&quot;
            },
            {
                &quot;time&quot;: &quot;2022-02-22T10:40:10.288Z&quot;,
                &quot;status&quot;: &quot;SEND&quot;
            },
            {
                &quot;time&quot;: &quot;2022-02-22T10:40:10.320Z&quot;,
                &quot;status&quot;: &quot;DELIVERED&quot;
            },
            {
                &quot;time&quot;: &quot;2022-02-22T10:40:32.184Z&quot;,
                &quot;status&quot;: &quot;PENDING&quot;
            },
            {
                &quot;time&quot;: &quot;2022-02-22T10:40:32.212Z&quot;,
                &quot;status&quot;: &quot;SEND&quot;
            },
            {
                &quot;time&quot;: &quot;2022-02-22T10:40:32.245Z&quot;,
                &quot;status&quot;: &quot;DELIVERED&quot;
            },
            {
                &quot;time&quot;: &quot;2022-02-22T10:40:54.910Z&quot;,
                &quot;status&quot;: &quot;PENDING&quot;
            },
            {
                &quot;time&quot;: &quot;2022-02-22T10:40:54.935Z&quot;,
                &quot;status&quot;: &quot;SEND&quot;
            },
            {
                &quot;time&quot;: &quot;2022-02-22T10:40:54.967Z&quot;,
                &quot;status&quot;: &quot;DELIVERED&quot;
            },
            {
                &quot;time&quot;: &quot;2022-02-22T10:41:29.467Z&quot;,
                &quot;status&quot;: &quot;PENDING&quot;
            },
            {
                &quot;time&quot;: &quot;2022-02-22T10:41:29.492Z&quot;,
                &quot;status&quot;: &quot;SEND&quot;
            },
            {
                &quot;time&quot;: &quot;2022-02-22T10:41:29.524Z&quot;,
                &quot;status&quot;: &quot;DELIVERED&quot;
            },
            {
                &quot;time&quot;: &quot;2022-02-22T10:41:52.244Z&quot;,
                &quot;status&quot;: &quot;PENDING&quot;
            },
            {
                &quot;time&quot;: &quot;2022-02-22T10:41:52.268Z&quot;,
                &quot;status&quot;: &quot;SEND&quot;
            },
            {
                &quot;time&quot;: &quot;2022-02-22T10:41:52.298Z&quot;,
                &quot;status&quot;: &quot;DELIVERED&quot;
            },
            {
                &quot;time&quot;: &quot;2022-02-22T10:42:16.769Z&quot;,
                &quot;status&quot;: &quot;PENDING&quot;
            },
            {
                &quot;time&quot;: &quot;2022-02-22T10:42:16.794Z&quot;,
                &quot;status&quot;: &quot;SEND&quot;
            },
            {
                &quot;time&quot;: &quot;2022-02-22T10:42:16.826Z&quot;,
                &quot;status&quot;: &quot;DELIVERED&quot;
            },
            {
                &quot;time&quot;: &quot;2022-02-22T10:55:33.558Z&quot;,
                &quot;status&quot;: &quot;PENDING&quot;
            },
            {
                &quot;time&quot;: &quot;2022-02-22T10:55:33.592Z&quot;,
                &quot;status&quot;: &quot;SEND&quot;
            },
            {
                &quot;time&quot;: &quot;2022-02-22T10:55:33.620Z&quot;,
                &quot;status&quot;: &quot;DELIVERED&quot;
            },
            {
                &quot;time&quot;: &quot;2022-02-22T10:58:10.748Z&quot;,
                &quot;status&quot;: &quot;PENDING&quot;
            },
            {
                &quot;time&quot;: &quot;2022-02-22T10:58:10.772Z&quot;,
                &quot;status&quot;: &quot;SEND&quot;
            },
            {
                &quot;time&quot;: &quot;2022-02-22T10:58:10.805Z&quot;,
                &quot;status&quot;: &quot;DELIVERED&quot;
            },
            {
                &quot;time&quot;: &quot;2022-02-22T10:58:33.317Z&quot;,
                &quot;status&quot;: &quot;PENDING&quot;
            },
            {
                &quot;time&quot;: &quot;2022-02-22T10:58:33.342Z&quot;,
                &quot;status&quot;: &quot;SEND&quot;
            },
            {
                &quot;time&quot;: &quot;2022-02-22T10:58:33.375Z&quot;,
                &quot;status&quot;: &quot;DELIVERED&quot;
            },
            {
                &quot;time&quot;: &quot;2022-02-22T11:01:09.552Z&quot;,
                &quot;status&quot;: &quot;PENDING&quot;
            },
            {
                &quot;time&quot;: &quot;2022-02-22T11:01:09.576Z&quot;,
                &quot;status&quot;: &quot;SEND&quot;
            }
        ],
        &quot;status&quot;: &quot;DELIVERED&quot;
    },
    &quot;creationTime&quot;: &quot;2022-02-22T10:28:38.549Z&quot;,
    &quot;deviceId&quot;: &quot;14471660&quot;,
    &quot;deviceName&quot;: &quot;octocatrpi3&quot;,
    &quot;self&quot;: &quot;https://t493319102.eu-latest.cumulocity.com/devicecontrol/operations/14471086&quot;,
    &quot;id&quot;: &quot;14471086&quot;,
    &quot;status&quot;: &quot;PENDING&quot;,
    &quot;c8y_LogfileRequest&quot;: {
        &quot;searchText&quot;: &quot;&quot;,
        &quot;logFile&quot;: &quot;software-management&quot;,
        &quot;dateTo&quot;: &quot;2021-11-21T18:55:49+0530&quot;,
        &quot;dateFrom&quot;: &quot;2021-11-15T18:55:49+0530&quot;,
        &quot;maximumLines&quot;: 300
    },
    &quot;description&quot;: &quot;Log file request&quot;
}
12:01:42 DEBUG Final URL of the request: https://thin-edge-io.eu-latest.cumulocity.com/devicecontrol/operations?deviceId=14471660&amp;pageSize=1&amp;revert=true&amp;dateFrom=1970-01-01T00%3A00%3A00.000Z
12:01:42 INFO  State of current operation: PENDING
12:01:42 DEBUG Final URL of the request: https://thin-edge-io.eu-latest.cumulocity.com/devicecontrol/operations?deviceId=14471660&amp;pageSize=1&amp;revert=true&amp;dateFrom=1970-01-01T00%3A00%3A00.000Z
12:01:42 DEBUG State of current operation: {
    &quot;delivery&quot;: {
        &quot;time&quot;: &quot;2022-02-22T11:01:09.608Z&quot;,
        &quot;log&quot;: [
            {
                &quot;time&quot;: &quot;2022-02-22T10:28:38.571Z&quot;,
                &quot;status&quot;: &quot;PENDING&quot;
            },
            {
                &quot;time&quot;: &quot;2022-02-22T10:28:38.580Z&quot;,
                &quot;status&quot;: &quot;SEND&quot;
            },
            {
                &quot;time&quot;: &quot;2022-02-22T10:28:38.612Z&quot;,
                &quot;status&quot;: &quot;DELIVERED&quot;
            },
            {
                &quot;time&quot;: &quot;2022-02-22T10:29:41.769Z&quot;,
                &quot;status&quot;: &quot;PENDING&quot;
            },
            {
                &quot;time&quot;: &quot;2022-02-22T10:29:41.789Z&quot;,
                &quot;status&quot;: &quot;SEND&quot;
            },
            {
                &quot;time&quot;: &quot;2022-02-22T10:29:41.820Z&quot;,
                &quot;status&quot;: &quot;DELIVERED&quot;
            },
            {
                &quot;time&quot;: &quot;2022-02-22T10:30:36.690Z&quot;,
                &quot;status&quot;: &quot;PENDING&quot;
            },
            {
                &quot;time&quot;: &quot;2022-02-22T10:30:36.714Z&quot;,
                &quot;status&quot;: &quot;SEND&quot;
            },
            {
                &quot;time&quot;: &quot;2022-02-22T10:30:36.753Z&quot;,
                &quot;status&quot;: &quot;DELIVERED&quot;
            },
            {
                &quot;time&quot;: &quot;2022-02-22T10:31:49.629Z&quot;,
                &quot;status&quot;: &quot;PENDING&quot;
            },
            {
                &quot;time&quot;: &quot;2022-02-22T10:31:49.654Z&quot;,
                &quot;status&quot;: &quot;SEND&quot;
            },
            {
                &quot;time&quot;: &quot;2022-02-22T10:31:49.686Z&quot;,
                &quot;status&quot;: &quot;DELIVERED&quot;
            },
            {
                &quot;time&quot;: &quot;2022-02-22T10:33:02.291Z&quot;,
                &quot;status&quot;: &quot;PENDING&quot;
            },
            {
                &quot;time&quot;: &quot;2022-02-22T10:33:02.316Z&quot;,
                &quot;status&quot;: &quot;SEND&quot;
            },
            {
                &quot;time&quot;: &quot;2022-02-22T10:33:02.347Z&quot;,
                &quot;status&quot;: &quot;DELIVERED&quot;
            },
            {
                &quot;time&quot;: &quot;2022-02-22T10:33:40.393Z&quot;,
                &quot;status&quot;: &quot;PENDING&quot;
            },
            {
                &quot;time&quot;: &quot;2022-02-22T10:33:40.416Z&quot;,
                &quot;status&quot;: &quot;SEND&quot;
            },
            {
                &quot;time&quot;: &quot;2022-02-22T10:33:40.449Z&quot;,
                &quot;status&quot;: &quot;DELIVERED&quot;
            },
            {
                &quot;time&quot;: &quot;2022-02-22T10:34:31.797Z&quot;,
                &quot;status&quot;: &quot;PENDING&quot;
            },
            {
                &quot;time&quot;: &quot;2022-02-22T10:34:31.818Z&quot;,
                &quot;status&quot;: &quot;SEND&quot;
            },
            {
                &quot;time&quot;: &quot;2022-02-22T10:34:31.850Z&quot;,
                &quot;status&quot;: &quot;DELIVERED&quot;
            },
            {
                &quot;time&quot;: &quot;2022-02-22T10:35:23.062Z&quot;,
                &quot;status&quot;: &quot;PENDING&quot;
            },
            {
                &quot;time&quot;: &quot;2022-02-22T10:35:23.084Z&quot;,
                &quot;status&quot;: &quot;SEND&quot;
            },
            {
                &quot;time&quot;: &quot;2022-02-22T10:35:23.118Z&quot;,
                &quot;status&quot;: &quot;DELIVERED&quot;
            },
            {
                &quot;time&quot;: &quot;2022-02-22T10:36:03.111Z&quot;,
                &quot;status&quot;: &quot;PENDING&quot;
            },
            {
                &quot;time&quot;: &quot;2022-02-22T10:36:03.134Z&quot;,
                &quot;status&quot;: &quot;SEND&quot;
            },
            {
                &quot;time&quot;: &quot;2022-02-22T10:36:03.168Z&quot;,
                &quot;status&quot;: &quot;DELIVERED&quot;
            },
            {
                &quot;time&quot;: &quot;2022-02-22T10:37:53.192Z&quot;,
                &quot;status&quot;: &quot;PENDING&quot;
            },
            {
                &quot;time&quot;: &quot;2022-02-22T10:37:53.212Z&quot;,
                &quot;status&quot;: &quot;SEND&quot;
            },
            {
                &quot;time&quot;: &quot;2022-02-22T10:37:53.247Z&quot;,
                &quot;status&quot;: &quot;DELIVERED&quot;
            },
            {
                &quot;time&quot;: &quot;2022-02-22T10:39:48.337Z&quot;,
                &quot;status&quot;: &quot;PENDING&quot;
            },
            {
                &quot;time&quot;: &quot;2022-02-22T10:39:48.361Z&quot;,
                &quot;status&quot;: &quot;SEND&quot;
            },
            {
                &quot;time&quot;: &quot;2022-02-22T10:39:48.394Z&quot;,
                &quot;status&quot;: &quot;DELIVERED&quot;
            },
            {
                &quot;time&quot;: &quot;2022-02-22T10:40:10.264Z&quot;,
                &quot;status&quot;: &quot;PENDING&quot;
            },
            {
                &quot;time&quot;: &quot;2022-02-22T10:40:10.288Z&quot;,
                &quot;status&quot;: &quot;SEND&quot;
            },
            {
                &quot;time&quot;: &quot;2022-02-22T10:40:10.320Z&quot;,
                &quot;status&quot;: &quot;DELIVERED&quot;
            },
            {
                &quot;time&quot;: &quot;2022-02-22T10:40:32.184Z&quot;,
                &quot;status&quot;: &quot;PENDING&quot;
            },
            {
                &quot;time&quot;: &quot;2022-02-22T10:40:32.212Z&quot;,
                &quot;status&quot;: &quot;SEND&quot;
            },
            {
                &quot;time&quot;: &quot;2022-02-22T10:40:32.245Z&quot;,
                &quot;status&quot;: &quot;DELIVERED&quot;
            },
            {
                &quot;time&quot;: &quot;2022-02-22T10:40:54.910Z&quot;,
                &quot;status&quot;: &quot;PENDING&quot;
            },
            {
                &quot;time&quot;: &quot;2022-02-22T10:40:54.935Z&quot;,
                &quot;status&quot;: &quot;SEND&quot;
            },
            {
                &quot;time&quot;: &quot;2022-02-22T10:40:54.967Z&quot;,
                &quot;status&quot;: &quot;DELIVERED&quot;
            },
            {
                &quot;time&quot;: &quot;2022-02-22T10:41:29.467Z&quot;,
                &quot;status&quot;: &quot;PENDING&quot;
            },
            {
                &quot;time&quot;: &quot;2022-02-22T10:41:29.492Z&quot;,
                &quot;status&quot;: &quot;SEND&quot;
            },
            {
                &quot;time&quot;: &quot;2022-02-22T10:41:29.524Z&quot;,
                &quot;status&quot;: &quot;DELIVERED&quot;
            },
            {
                &quot;time&quot;: &quot;2022-02-22T10:41:52.244Z&quot;,
                &quot;status&quot;: &quot;PENDING&quot;
            },
            {
                &quot;time&quot;: &quot;2022-02-22T10:41:52.268Z&quot;,
                &quot;status&quot;: &quot;SEND&quot;
            },
            {
                &quot;time&quot;: &quot;2022-02-22T10:41:52.298Z&quot;,
                &quot;status&quot;: &quot;DELIVERED&quot;
            },
            {
                &quot;time&quot;: &quot;2022-02-22T10:42:16.769Z&quot;,
                &quot;status&quot;: &quot;PENDING&quot;
            },
            {
                &quot;time&quot;: &quot;2022-02-22T10:42:16.794Z&quot;,
                &quot;status&quot;: &quot;SEND&quot;
            },
            {
                &quot;time&quot;: &quot;2022-02-22T10:42:16.826Z&quot;,
                &quot;status&quot;: &quot;DELIVERED&quot;
            },
            {
                &quot;time&quot;: &quot;2022-02-22T10:55:33.558Z&quot;,
                &quot;status&quot;: &quot;PENDING&quot;
            },
            {
                &quot;time&quot;: &quot;2022-02-22T10:55:33.592Z&quot;,
                &quot;status&quot;: &quot;SEND&quot;
            },
            {
                &quot;time&quot;: &quot;2022-02-22T10:55:33.620Z&quot;,
                &quot;status&quot;: &quot;DELIVERED&quot;
            },
            {
                &quot;time&quot;: &quot;2022-02-22T10:58:10.748Z&quot;,
                &quot;status&quot;: &quot;PENDING&quot;
            },
            {
                &quot;time&quot;: &quot;2022-02-22T10:58:10.772Z&quot;,
                &quot;status&quot;: &quot;SEND&quot;
            },
            {
                &quot;time&quot;: &quot;2022-02-22T10:58:10.805Z&quot;,
                &quot;status&quot;: &quot;DELIVERED&quot;
            },
            {
                &quot;time&quot;: &quot;2022-02-22T10:58:33.317Z&quot;,
                &quot;status&quot;: &quot;PENDING&quot;
            },
            {
                &quot;time&quot;: &quot;2022-02-22T10:58:33.342Z&quot;,
                &quot;status&quot;: &quot;SEND&quot;
            },
            {
                &quot;time&quot;: &quot;2022-02-22T10:58:33.375Z&quot;,
                &quot;status&quot;: &quot;DELIVERED&quot;
            },
            {
                &quot;time&quot;: &quot;2022-02-22T11:01:09.552Z&quot;,
                &quot;status&quot;: &quot;PENDING&quot;
            },
            {
                &quot;time&quot;: &quot;2022-02-22T11:01:09.576Z&quot;,
                &quot;status&quot;: &quot;SEND&quot;
            }
        ],
        &quot;status&quot;: &quot;DELIVERED&quot;
    },
    &quot;creationTime&quot;: &quot;2022-02-22T10:28:38.549Z&quot;,
    &quot;deviceId&quot;: &quot;14471660&quot;,
    &quot;deviceName&quot;: &quot;octocatrpi3&quot;,
    &quot;self&quot;: &quot;https://t493319102.eu-latest.cumulocity.com/devicecontrol/operations/14471086&quot;,
    &quot;id&quot;: &quot;14471086&quot;,
    &quot;status&quot;: &quot;PENDING&quot;,
    &quot;c8y_LogfileRequest&quot;: {
        &quot;searchText&quot;: &quot;&quot;,
        &quot;logFile&quot;: &quot;software-management&quot;,
        &quot;dateTo&quot;: &quot;2021-11-21T18:55:49+0530&quot;,
        &quot;dateFrom&quot;: &quot;2021-11-15T18:55:49+0530&quot;,
        &quot;maximumLines&quot;: 300
    },
    &quot;description&quot;: &quot;Log file request&quot;
}
12:01:44 DEBUG Final URL of the request: https://thin-edge-io.eu-latest.cumulocity.com/devicecontrol/operations?deviceId=14471660&amp;pageSize=1&amp;revert=true&amp;dateFrom=1970-01-01T00%3A00%3A00.000Z
12:01:44 INFO  State of current operation: PENDING
12:01:44 DEBUG Final URL of the request: https://thin-edge-io.eu-latest.cumulocity.com/devicecontrol/operations?deviceId=14471660&amp;pageSize=1&amp;revert=true&amp;dateFrom=1970-01-01T00%3A00%3A00.000Z
12:01:44 DEBUG State of current operation: {
    &quot;delivery&quot;: {
        &quot;time&quot;: &quot;2022-02-22T11:01:09.608Z&quot;,
        &quot;log&quot;: [
            {
                &quot;time&quot;: &quot;2022-02-22T10:28:38.571Z&quot;,
                &quot;status&quot;: &quot;PENDING&quot;
            },
            {
                &quot;time&quot;: &quot;2022-02-22T10:28:38.580Z&quot;,
                &quot;status&quot;: &quot;SEND&quot;
            },
            {
                &quot;time&quot;: &quot;2022-02-22T10:28:38.612Z&quot;,
                &quot;status&quot;: &quot;DELIVERED&quot;
            },
            {
                &quot;time&quot;: &quot;2022-02-22T10:29:41.769Z&quot;,
                &quot;status&quot;: &quot;PENDING&quot;
            },
            {
                &quot;time&quot;: &quot;2022-02-22T10:29:41.789Z&quot;,
                &quot;status&quot;: &quot;SEND&quot;
            },
            {
                &quot;time&quot;: &quot;2022-02-22T10:29:41.820Z&quot;,
                &quot;status&quot;: &quot;DELIVERED&quot;
            },
            {
                &quot;time&quot;: &quot;2022-02-22T10:30:36.690Z&quot;,
                &quot;status&quot;: &quot;PENDING&quot;
            },
            {
                &quot;time&quot;: &quot;2022-02-22T10:30:36.714Z&quot;,
                &quot;status&quot;: &quot;SEND&quot;
            },
            {
                &quot;time&quot;: &quot;2022-02-22T10:30:36.753Z&quot;,
                &quot;status&quot;: &quot;DELIVERED&quot;
            },
            {
                &quot;time&quot;: &quot;2022-02-22T10:31:49.629Z&quot;,
                &quot;status&quot;: &quot;PENDING&quot;
            },
            {
                &quot;time&quot;: &quot;2022-02-22T10:31:49.654Z&quot;,
                &quot;status&quot;: &quot;SEND&quot;
            },
            {
                &quot;time&quot;: &quot;2022-02-22T10:31:49.686Z&quot;,
                &quot;status&quot;: &quot;DELIVERED&quot;
            },
            {
                &quot;time&quot;: &quot;2022-02-22T10:33:02.291Z&quot;,
                &quot;status&quot;: &quot;PENDING&quot;
            },
            {
                &quot;time&quot;: &quot;2022-02-22T10:33:02.316Z&quot;,
                &quot;status&quot;: &quot;SEND&quot;
            },
            {
                &quot;time&quot;: &quot;2022-02-22T10:33:02.347Z&quot;,
                &quot;status&quot;: &quot;DELIVERED&quot;
            },
            {
                &quot;time&quot;: &quot;2022-02-22T10:33:40.393Z&quot;,
                &quot;status&quot;: &quot;PENDING&quot;
            },
            {
                &quot;time&quot;: &quot;2022-02-22T10:33:40.416Z&quot;,
                &quot;status&quot;: &quot;SEND&quot;
            },
            {
                &quot;time&quot;: &quot;2022-02-22T10:33:40.449Z&quot;,
                &quot;status&quot;: &quot;DELIVERED&quot;
            },
            {
                &quot;time&quot;: &quot;2022-02-22T10:34:31.797Z&quot;,
                &quot;status&quot;: &quot;PENDING&quot;
            },
            {
                &quot;time&quot;: &quot;2022-02-22T10:34:31.818Z&quot;,
                &quot;status&quot;: &quot;SEND&quot;
            },
            {
                &quot;time&quot;: &quot;2022-02-22T10:34:31.850Z&quot;,
                &quot;status&quot;: &quot;DELIVERED&quot;
            },
            {
                &quot;time&quot;: &quot;2022-02-22T10:35:23.062Z&quot;,
                &quot;status&quot;: &quot;PENDING&quot;
            },
            {
                &quot;time&quot;: &quot;2022-02-22T10:35:23.084Z&quot;,
                &quot;status&quot;: &quot;SEND&quot;
            },
            {
                &quot;time&quot;: &quot;2022-02-22T10:35:23.118Z&quot;,
                &quot;status&quot;: &quot;DELIVERED&quot;
            },
            {
                &quot;time&quot;: &quot;2022-02-22T10:36:03.111Z&quot;,
                &quot;status&quot;: &quot;PENDING&quot;
            },
            {
                &quot;time&quot;: &quot;2022-02-22T10:36:03.134Z&quot;,
                &quot;status&quot;: &quot;SEND&quot;
            },
            {
                &quot;time&quot;: &quot;2022-02-22T10:36:03.168Z&quot;,
                &quot;status&quot;: &quot;DELIVERED&quot;
            },
            {
                &quot;time&quot;: &quot;2022-02-22T10:37:53.192Z&quot;,
                &quot;status&quot;: &quot;PENDING&quot;
            },
            {
                &quot;time&quot;: &quot;2022-02-22T10:37:53.212Z&quot;,
                &quot;status&quot;: &quot;SEND&quot;
            },
            {
                &quot;time&quot;: &quot;2022-02-22T10:37:53.247Z&quot;,
                &quot;status&quot;: &quot;DELIVERED&quot;
            },
            {
                &quot;time&quot;: &quot;2022-02-22T10:39:48.337Z&quot;,
                &quot;status&quot;: &quot;PENDING&quot;
            },
            {
                &quot;time&quot;: &quot;2022-02-22T10:39:48.361Z&quot;,
                &quot;status&quot;: &quot;SEND&quot;
            },
            {
                &quot;time&quot;: &quot;2022-02-22T10:39:48.394Z&quot;,
                &quot;status&quot;: &quot;DELIVERED&quot;
            },
            {
                &quot;time&quot;: &quot;2022-02-22T10:40:10.264Z&quot;,
                &quot;status&quot;: &quot;PENDING&quot;
            },
            {
                &quot;time&quot;: &quot;2022-02-22T10:40:10.288Z&quot;,
                &quot;status&quot;: &quot;SEND&quot;
            },
            {
                &quot;time&quot;: &quot;2022-02-22T10:40:10.320Z&quot;,
                &quot;status&quot;: &quot;DELIVERED&quot;
            },
            {
                &quot;time&quot;: &quot;2022-02-22T10:40:32.184Z&quot;,
                &quot;status&quot;: &quot;PENDING&quot;
            },
            {
                &quot;time&quot;: &quot;2022-02-22T10:40:32.212Z&quot;,
                &quot;status&quot;: &quot;SEND&quot;
            },
            {
                &quot;time&quot;: &quot;2022-02-22T10:40:32.245Z&quot;,
                &quot;status&quot;: &quot;DELIVERED&quot;
            },
            {
                &quot;time&quot;: &quot;2022-02-22T10:40:54.910Z&quot;,
                &quot;status&quot;: &quot;PENDING&quot;
            },
            {
                &quot;time&quot;: &quot;2022-02-22T10:40:54.935Z&quot;,
                &quot;status&quot;: &quot;SEND&quot;
            },
            {
                &quot;time&quot;: &quot;2022-02-22T10:40:54.967Z&quot;,
                &quot;status&quot;: &quot;DELIVERED&quot;
            },
            {
                &quot;time&quot;: &quot;2022-02-22T10:41:29.467Z&quot;,
                &quot;status&quot;: &quot;PENDING&quot;
            },
            {
                &quot;time&quot;: &quot;2022-02-22T10:41:29.492Z&quot;,
                &quot;status&quot;: &quot;SEND&quot;
            },
            {
                &quot;time&quot;: &quot;2022-02-22T10:41:29.524Z&quot;,
                &quot;status&quot;: &quot;DELIVERED&quot;
            },
            {
                &quot;time&quot;: &quot;2022-02-22T10:41:52.244Z&quot;,
                &quot;status&quot;: &quot;PENDING&quot;
            },
            {
                &quot;time&quot;: &quot;2022-02-22T10:41:52.268Z&quot;,
                &quot;status&quot;: &quot;SEND&quot;
            },
            {
                &quot;time&quot;: &quot;2022-02-22T10:41:52.298Z&quot;,
                &quot;status&quot;: &quot;DELIVERED&quot;
            },
            {
                &quot;time&quot;: &quot;2022-02-22T10:42:16.769Z&quot;,
                &quot;status&quot;: &quot;PENDING&quot;
            },
            {
                &quot;time&quot;: &quot;2022-02-22T10:42:16.794Z&quot;,
                &quot;status&quot;: &quot;SEND&quot;
            },
            {
                &quot;time&quot;: &quot;2022-02-22T10:42:16.826Z&quot;,
                &quot;status&quot;: &quot;DELIVERED&quot;
            },
            {
                &quot;time&quot;: &quot;2022-02-22T10:55:33.558Z&quot;,
                &quot;status&quot;: &quot;PENDING&quot;
            },
            {
                &quot;time&quot;: &quot;2022-02-22T10:55:33.592Z&quot;,
                &quot;status&quot;: &quot;SEND&quot;
            },
            {
                &quot;time&quot;: &quot;2022-02-22T10:55:33.620Z&quot;,
                &quot;status&quot;: &quot;DELIVERED&quot;
            },
            {
                &quot;time&quot;: &quot;2022-02-22T10:58:10.748Z&quot;,
                &quot;status&quot;: &quot;PENDING&quot;
            },
            {
                &quot;time&quot;: &quot;2022-02-22T10:58:10.772Z&quot;,
                &quot;status&quot;: &quot;SEND&quot;
            },
            {
                &quot;time&quot;: &quot;2022-02-22T10:58:10.805Z&quot;,
                &quot;status&quot;: &quot;DELIVERED&quot;
            },
            {
                &quot;time&quot;: &quot;2022-02-22T10:58:33.317Z&quot;,
                &quot;status&quot;: &quot;PENDING&quot;
            },
            {
                &quot;time&quot;: &quot;2022-02-22T10:58:33.342Z&quot;,
                &quot;status&quot;: &quot;SEND&quot;
            },
            {
                &quot;time&quot;: &quot;2022-02-22T10:58:33.375Z&quot;,
                &quot;status&quot;: &quot;DELIVERED&quot;
            },
            {
                &quot;time&quot;: &quot;2022-02-22T11:01:09.552Z&quot;,
                &quot;status&quot;: &quot;PENDING&quot;
            },
            {
                &quot;time&quot;: &quot;2022-02-22T11:01:09.576Z&quot;,
                &quot;status&quot;: &quot;SEND&quot;
            }
        ],
        &quot;status&quot;: &quot;DELIVERED&quot;
    },
    &quot;creationTime&quot;: &quot;2022-02-22T10:28:38.549Z&quot;,
    &quot;deviceId&quot;: &quot;14471660&quot;,
    &quot;deviceName&quot;: &quot;octocatrpi3&quot;,
    &quot;self&quot;: &quot;https://t493319102.eu-latest.cumulocity.com/devicecontrol/operations/14471086&quot;,
    &quot;id&quot;: &quot;14471086&quot;,
    &quot;status&quot;: &quot;PENDING&quot;,
    &quot;c8y_LogfileRequest&quot;: {
        &quot;searchText&quot;: &quot;&quot;,
        &quot;logFile&quot;: &quot;software-management&quot;,
        &quot;dateTo&quot;: &quot;2021-11-21T18:55:49+0530&quot;,
        &quot;dateFrom&quot;: &quot;2021-11-15T18:55:49+0530&quot;,
        &quot;maximumLines&quot;: 300
    },
    &quot;description&quot;: &quot;Log file request&quot;
}
12:01:46 DEBUG Final URL of the request: https://thin-edge-io.eu-latest.cumulocity.com/devicecontrol/operations?deviceId=14471660&amp;pageSize=1&amp;revert=true&amp;dateFrom=1970-01-01T00%3A00%3A00.000Z
12:01:46 INFO  State of current operation: PENDING
12:01:46 DEBUG Final URL of the request: https://thin-edge-io.eu-latest.cumulocity.com/devicecontrol/operations?deviceId=14471660&amp;pageSize=1&amp;revert=true&amp;dateFrom=1970-01-01T00%3A00%3A00.000Z
12:01:46 DEBUG State of current operation: {
    &quot;delivery&quot;: {
        &quot;time&quot;: &quot;2022-02-22T11:01:09.608Z&quot;,
        &quot;log&quot;: [
            {
                &quot;time&quot;: &quot;2022-02-22T10:28:38.571Z&quot;,
                &quot;status&quot;: &quot;PENDING&quot;
            },
            {
                &quot;time&quot;: &quot;2022-02-22T10:28:38.580Z&quot;,
                &quot;status&quot;: &quot;SEND&quot;
            },
            {
                &quot;time&quot;: &quot;2022-02-22T10:28:38.612Z&quot;,
                &quot;status&quot;: &quot;DELIVERED&quot;
            },
            {
                &quot;time&quot;: &quot;2022-02-22T10:29:41.769Z&quot;,
                &quot;status&quot;: &quot;PENDING&quot;
            },
            {
                &quot;time&quot;: &quot;2022-02-22T10:29:41.789Z&quot;,
                &quot;status&quot;: &quot;SEND&quot;
            },
            {
                &quot;time&quot;: &quot;2022-02-22T10:29:41.820Z&quot;,
                &quot;status&quot;: &quot;DELIVERED&quot;
            },
            {
                &quot;time&quot;: &quot;2022-02-22T10:30:36.690Z&quot;,
                &quot;status&quot;: &quot;PENDING&quot;
            },
            {
                &quot;time&quot;: &quot;2022-02-22T10:30:36.714Z&quot;,
                &quot;status&quot;: &quot;SEND&quot;
            },
            {
                &quot;time&quot;: &quot;2022-02-22T10:30:36.753Z&quot;,
                &quot;status&quot;: &quot;DELIVERED&quot;
            },
            {
                &quot;time&quot;: &quot;2022-02-22T10:31:49.629Z&quot;,
                &quot;status&quot;: &quot;PENDING&quot;
            },
            {
                &quot;time&quot;: &quot;2022-02-22T10:31:49.654Z&quot;,
                &quot;status&quot;: &quot;SEND&quot;
            },
            {
                &quot;time&quot;: &quot;2022-02-22T10:31:49.686Z&quot;,
                &quot;status&quot;: &quot;DELIVERED&quot;
            },
            {
                &quot;time&quot;: &quot;2022-02-22T10:33:02.291Z&quot;,
                &quot;status&quot;: &quot;PENDING&quot;
            },
            {
                &quot;time&quot;: &quot;2022-02-22T10:33:02.316Z&quot;,
                &quot;status&quot;: &quot;SEND&quot;
            },
            {
                &quot;time&quot;: &quot;2022-02-22T10:33:02.347Z&quot;,
                &quot;status&quot;: &quot;DELIVERED&quot;
            },
            {
                &quot;time&quot;: &quot;2022-02-22T10:33:40.393Z&quot;,
                &quot;status&quot;: &quot;PENDING&quot;
            },
            {
                &quot;time&quot;: &quot;2022-02-22T10:33:40.416Z&quot;,
                &quot;status&quot;: &quot;SEND&quot;
            },
            {
                &quot;time&quot;: &quot;2022-02-22T10:33:40.449Z&quot;,
                &quot;status&quot;: &quot;DELIVERED&quot;
            },
            {
                &quot;time&quot;: &quot;2022-02-22T10:34:31.797Z&quot;,
                &quot;status&quot;: &quot;PENDING&quot;
            },
            {
                &quot;time&quot;: &quot;2022-02-22T10:34:31.818Z&quot;,
                &quot;status&quot;: &quot;SEND&quot;
            },
            {
                &quot;time&quot;: &quot;2022-02-22T10:34:31.850Z&quot;,
                &quot;status&quot;: &quot;DELIVERED&quot;
            },
            {
                &quot;time&quot;: &quot;2022-02-22T10:35:23.062Z&quot;,
                &quot;status&quot;: &quot;PENDING&quot;
            },
            {
                &quot;time&quot;: &quot;2022-02-22T10:35:23.084Z&quot;,
                &quot;status&quot;: &quot;SEND&quot;
            },
            {
                &quot;time&quot;: &quot;2022-02-22T10:35:23.118Z&quot;,
                &quot;status&quot;: &quot;DELIVERED&quot;
            },
            {
                &quot;time&quot;: &quot;2022-02-22T10:36:03.111Z&quot;,
                &quot;status&quot;: &quot;PENDING&quot;
            },
            {
                &quot;time&quot;: &quot;2022-02-22T10:36:03.134Z&quot;,
                &quot;status&quot;: &quot;SEND&quot;
            },
            {
                &quot;time&quot;: &quot;2022-02-22T10:36:03.168Z&quot;,
                &quot;status&quot;: &quot;DELIVERED&quot;
            },
            {
                &quot;time&quot;: &quot;2022-02-22T10:37:53.192Z&quot;,
                &quot;status&quot;: &quot;PENDING&quot;
            },
            {
                &quot;time&quot;: &quot;2022-02-22T10:37:53.212Z&quot;,
                &quot;status&quot;: &quot;SEND&quot;
            },
            {
                &quot;time&quot;: &quot;2022-02-22T10:37:53.247Z&quot;,
                &quot;status&quot;: &quot;DELIVERED&quot;
            },
            {
                &quot;time&quot;: &quot;2022-02-22T10:39:48.337Z&quot;,
                &quot;status&quot;: &quot;PENDING&quot;
            },
            {
                &quot;time&quot;: &quot;2022-02-22T10:39:48.361Z&quot;,
                &quot;status&quot;: &quot;SEND&quot;
            },
            {
                &quot;time&quot;: &quot;2022-02-22T10:39:48.394Z&quot;,
                &quot;status&quot;: &quot;DELIVERED&quot;
            },
            {
                &quot;time&quot;: &quot;2022-02-22T10:40:10.264Z&quot;,
                &quot;status&quot;: &quot;PENDING&quot;
            },
            {
                &quot;time&quot;: &quot;2022-02-22T10:40:10.288Z&quot;,
                &quot;status&quot;: &quot;SEND&quot;
            },
            {
                &quot;time&quot;: &quot;2022-02-22T10:40:10.320Z&quot;,
                &quot;status&quot;: &quot;DELIVERED&quot;
            },
            {
                &quot;time&quot;: &quot;2022-02-22T10:40:32.184Z&quot;,
                &quot;status&quot;: &quot;PENDING&quot;
            },
            {
                &quot;time&quot;: &quot;2022-02-22T10:40:32.212Z&quot;,
                &quot;status&quot;: &quot;SEND&quot;
            },
            {
                &quot;time&quot;: &quot;2022-02-22T10:40:32.245Z&quot;,
                &quot;status&quot;: &quot;DELIVERED&quot;
            },
            {
                &quot;time&quot;: &quot;2022-02-22T10:40:54.910Z&quot;,
                &quot;status&quot;: &quot;PENDING&quot;
            },
            {
                &quot;time&quot;: &quot;2022-02-22T10:40:54.935Z&quot;,
                &quot;status&quot;: &quot;SEND&quot;
            },
            {
                &quot;time&quot;: &quot;2022-02-22T10:40:54.967Z&quot;,
                &quot;status&quot;: &quot;DELIVERED&quot;
            },
            {
                &quot;time&quot;: &quot;2022-02-22T10:41:29.467Z&quot;,
                &quot;status&quot;: &quot;PENDING&quot;
            },
            {
                &quot;time&quot;: &quot;2022-02-22T10:41:29.492Z&quot;,
                &quot;status&quot;: &quot;SEND&quot;
            },
            {
                &quot;time&quot;: &quot;2022-02-22T10:41:29.524Z&quot;,
                &quot;status&quot;: &quot;DELIVERED&quot;
            },
            {
                &quot;time&quot;: &quot;2022-02-22T10:41:52.244Z&quot;,
                &quot;status&quot;: &quot;PENDING&quot;
            },
            {
                &quot;time&quot;: &quot;2022-02-22T10:41:52.268Z&quot;,
                &quot;status&quot;: &quot;SEND&quot;
            },
            {
                &quot;time&quot;: &quot;2022-02-22T10:41:52.298Z&quot;,
                &quot;status&quot;: &quot;DELIVERED&quot;
            },
            {
                &quot;time&quot;: &quot;2022-02-22T10:42:16.769Z&quot;,
                &quot;status&quot;: &quot;PENDING&quot;
            },
            {
                &quot;time&quot;: &quot;2022-02-22T10:42:16.794Z&quot;,
                &quot;status&quot;: &quot;SEND&quot;
            },
            {
                &quot;time&quot;: &quot;2022-02-22T10:42:16.826Z&quot;,
                &quot;status&quot;: &quot;DELIVERED&quot;
            },
            {
                &quot;time&quot;: &quot;2022-02-22T10:55:33.558Z&quot;,
                &quot;status&quot;: &quot;PENDING&quot;
            },
            {
                &quot;time&quot;: &quot;2022-02-22T10:55:33.592Z&quot;,
                &quot;status&quot;: &quot;SEND&quot;
            },
            {
                &quot;time&quot;: &quot;2022-02-22T10:55:33.620Z&quot;,
                &quot;status&quot;: &quot;DELIVERED&quot;
            },
            {
                &quot;time&quot;: &quot;2022-02-22T10:58:10.748Z&quot;,
                &quot;status&quot;: &quot;PENDING&quot;
            },
            {
                &quot;time&quot;: &quot;2022-02-22T10:58:10.772Z&quot;,
                &quot;status&quot;: &quot;SEND&quot;
            },
            {
                &quot;time&quot;: &quot;2022-02-22T10:58:10.805Z&quot;,
                &quot;status&quot;: &quot;DELIVERED&quot;
            },
            {
                &quot;time&quot;: &quot;2022-02-22T10:58:33.317Z&quot;,
                &quot;status&quot;: &quot;PENDING&quot;
            },
            {
                &quot;time&quot;: &quot;2022-02-22T10:58:33.342Z&quot;,
                &quot;status&quot;: &quot;SEND&quot;
            },
            {
                &quot;time&quot;: &quot;2022-02-22T10:58:33.375Z&quot;,
                &quot;status&quot;: &quot;DELIVERED&quot;
            },
            {
                &quot;time&quot;: &quot;2022-02-22T11:01:09.552Z&quot;,
                &quot;status&quot;: &quot;PENDING&quot;
            },
            {
                &quot;time&quot;: &quot;2022-02-22T11:01:09.576Z&quot;,
                &quot;status&quot;: &quot;SEND&quot;
            }
        ],
        &quot;status&quot;: &quot;DELIVERED&quot;
    },
    &quot;creationTime&quot;: &quot;2022-02-22T10:28:38.549Z&quot;,
    &quot;deviceId&quot;: &quot;14471660&quot;,
    &quot;deviceName&quot;: &quot;octocatrpi3&quot;,
    &quot;self&quot;: &quot;https://t493319102.eu-latest.cumulocity.com/devicecontrol/operations/14471086&quot;,
    &quot;id&quot;: &quot;14471086&quot;,
    &quot;status&quot;: &quot;PENDING&quot;,
    &quot;c8y_LogfileRequest&quot;: {
        &quot;searchText&quot;: &quot;&quot;,
        &quot;logFile&quot;: &quot;software-management&quot;,
        &quot;dateTo&quot;: &quot;2021-11-21T18:55:49+0530&quot;,
        &quot;dateFrom&quot;: &quot;2021-11-15T18:55:49+0530&quot;,
        &quot;maximumLines&quot;: 300
    },
    &quot;description&quot;: &quot;Log file request&quot;
}
12:01:49 DEBUG Final URL of the request: https://thin-edge-io.eu-latest.cumulocity.com/devicecontrol/operations?deviceId=14471660&amp;pageSize=1&amp;revert=true&amp;dateFrom=1970-01-01T00%3A00%3A00.000Z
12:01:49 INFO  State of current operation: PENDING
12:01:49 DEBUG Final URL of the request: https://thin-edge-io.eu-latest.cumulocity.com/devicecontrol/operations?deviceId=14471660&amp;pageSize=1&amp;revert=true&amp;dateFrom=1970-01-01T00%3A00%3A00.000Z
12:01:49 DEBUG State of current operation: {
    &quot;delivery&quot;: {
        &quot;time&quot;: &quot;2022-02-22T11:01:09.608Z&quot;,
        &quot;log&quot;: [
            {
                &quot;time&quot;: &quot;2022-02-22T10:28:38.571Z&quot;,
                &quot;status&quot;: &quot;PENDING&quot;
            },
            {
                &quot;time&quot;: &quot;2022-02-22T10:28:38.580Z&quot;,
                &quot;status&quot;: &quot;SEND&quot;
            },
            {
                &quot;time&quot;: &quot;2022-02-22T10:28:38.612Z&quot;,
                &quot;status&quot;: &quot;DELIVERED&quot;
            },
            {
                &quot;time&quot;: &quot;2022-02-22T10:29:41.769Z&quot;,
                &quot;status&quot;: &quot;PENDING&quot;
            },
            {
                &quot;time&quot;: &quot;2022-02-22T10:29:41.789Z&quot;,
                &quot;status&quot;: &quot;SEND&quot;
            },
            {
                &quot;time&quot;: &quot;2022-02-22T10:29:41.820Z&quot;,
                &quot;status&quot;: &quot;DELIVERED&quot;
            },
            {
                &quot;time&quot;: &quot;2022-02-22T10:30:36.690Z&quot;,
                &quot;status&quot;: &quot;PENDING&quot;
            },
            {
                &quot;time&quot;: &quot;2022-02-22T10:30:36.714Z&quot;,
                &quot;status&quot;: &quot;SEND&quot;
            },
            {
                &quot;time&quot;: &quot;2022-02-22T10:30:36.753Z&quot;,
                &quot;status&quot;: &quot;DELIVERED&quot;
            },
            {
                &quot;time&quot;: &quot;2022-02-22T10:31:49.629Z&quot;,
                &quot;status&quot;: &quot;PENDING&quot;
            },
            {
                &quot;time&quot;: &quot;2022-02-22T10:31:49.654Z&quot;,
                &quot;status&quot;: &quot;SEND&quot;
            },
            {
                &quot;time&quot;: &quot;2022-02-22T10:31:49.686Z&quot;,
                &quot;status&quot;: &quot;DELIVERED&quot;
            },
            {
                &quot;time&quot;: &quot;2022-02-22T10:33:02.291Z&quot;,
                &quot;status&quot;: &quot;PENDING&quot;
            },
            {
                &quot;time&quot;: &quot;2022-02-22T10:33:02.316Z&quot;,
                &quot;status&quot;: &quot;SEND&quot;
            },
            {
                &quot;time&quot;: &quot;2022-02-22T10:33:02.347Z&quot;,
                &quot;status&quot;: &quot;DELIVERED&quot;
            },
            {
                &quot;time&quot;: &quot;2022-02-22T10:33:40.393Z&quot;,
                &quot;status&quot;: &quot;PENDING&quot;
            },
            {
                &quot;time&quot;: &quot;2022-02-22T10:33:40.416Z&quot;,
                &quot;status&quot;: &quot;SEND&quot;
            },
            {
                &quot;time&quot;: &quot;2022-02-22T10:33:40.449Z&quot;,
                &quot;status&quot;: &quot;DELIVERED&quot;
            },
            {
                &quot;time&quot;: &quot;2022-02-22T10:34:31.797Z&quot;,
                &quot;status&quot;: &quot;PENDING&quot;
            },
            {
                &quot;time&quot;: &quot;2022-02-22T10:34:31.818Z&quot;,
                &quot;status&quot;: &quot;SEND&quot;
            },
            {
                &quot;time&quot;: &quot;2022-02-22T10:34:31.850Z&quot;,
                &quot;status&quot;: &quot;DELIVERED&quot;
            },
            {
                &quot;time&quot;: &quot;2022-02-22T10:35:23.062Z&quot;,
                &quot;status&quot;: &quot;PENDING&quot;
            },
            {
                &quot;time&quot;: &quot;2022-02-22T10:35:23.084Z&quot;,
                &quot;status&quot;: &quot;SEND&quot;
            },
            {
                &quot;time&quot;: &quot;2022-02-22T10:35:23.118Z&quot;,
                &quot;status&quot;: &quot;DELIVERED&quot;
            },
            {
                &quot;time&quot;: &quot;2022-02-22T10:36:03.111Z&quot;,
                &quot;status&quot;: &quot;PENDING&quot;
            },
            {
                &quot;time&quot;: &quot;2022-02-22T10:36:03.134Z&quot;,
                &quot;status&quot;: &quot;SEND&quot;
            },
            {
                &quot;time&quot;: &quot;2022-02-22T10:36:03.168Z&quot;,
                &quot;status&quot;: &quot;DELIVERED&quot;
            },
            {
                &quot;time&quot;: &quot;2022-02-22T10:37:53.192Z&quot;,
                &quot;status&quot;: &quot;PENDING&quot;
            },
            {
                &quot;time&quot;: &quot;2022-02-22T10:37:53.212Z&quot;,
                &quot;status&quot;: &quot;SEND&quot;
            },
            {
                &quot;time&quot;: &quot;2022-02-22T10:37:53.247Z&quot;,
                &quot;status&quot;: &quot;DELIVERED&quot;
            },
            {
                &quot;time&quot;: &quot;2022-02-22T10:39:48.337Z&quot;,
                &quot;status&quot;: &quot;PENDING&quot;
            },
            {
                &quot;time&quot;: &quot;2022-02-22T10:39:48.361Z&quot;,
                &quot;status&quot;: &quot;SEND&quot;
            },
            {
                &quot;time&quot;: &quot;2022-02-22T10:39:48.394Z&quot;,
                &quot;status&quot;: &quot;DELIVERED&quot;
            },
            {
                &quot;time&quot;: &quot;2022-02-22T10:40:10.264Z&quot;,
                &quot;status&quot;: &quot;PENDING&quot;
            },
            {
                &quot;time&quot;: &quot;2022-02-22T10:40:10.288Z&quot;,
                &quot;status&quot;: &quot;SEND&quot;
            },
            {
                &quot;time&quot;: &quot;2022-02-22T10:40:10.320Z&quot;,
                &quot;status&quot;: &quot;DELIVERED&quot;
            },
            {
                &quot;time&quot;: &quot;2022-02-22T10:40:32.184Z&quot;,
                &quot;status&quot;: &quot;PENDING&quot;
            },
            {
                &quot;time&quot;: &quot;2022-02-22T10:40:32.212Z&quot;,
                &quot;status&quot;: &quot;SEND&quot;
            },
            {
                &quot;time&quot;: &quot;2022-02-22T10:40:32.245Z&quot;,
                &quot;status&quot;: &quot;DELIVERED&quot;
            },
            {
                &quot;time&quot;: &quot;2022-02-22T10:40:54.910Z&quot;,
                &quot;status&quot;: &quot;PENDING&quot;
            },
            {
                &quot;time&quot;: &quot;2022-02-22T10:40:54.935Z&quot;,
                &quot;status&quot;: &quot;SEND&quot;
            },
            {
                &quot;time&quot;: &quot;2022-02-22T10:40:54.967Z&quot;,
                &quot;status&quot;: &quot;DELIVERED&quot;
            },
            {
                &quot;time&quot;: &quot;2022-02-22T10:41:29.467Z&quot;,
                &quot;status&quot;: &quot;PENDING&quot;
            },
            {
                &quot;time&quot;: &quot;2022-02-22T10:41:29.492Z&quot;,
                &quot;status&quot;: &quot;SEND&quot;
            },
            {
                &quot;time&quot;: &quot;2022-02-22T10:41:29.524Z&quot;,
                &quot;status&quot;: &quot;DELIVERED&quot;
            },
            {
                &quot;time&quot;: &quot;2022-02-22T10:41:52.244Z&quot;,
                &quot;status&quot;: &quot;PENDING&quot;
            },
            {
                &quot;time&quot;: &quot;2022-02-22T10:41:52.268Z&quot;,
                &quot;status&quot;: &quot;SEND&quot;
            },
            {
                &quot;time&quot;: &quot;2022-02-22T10:41:52.298Z&quot;,
                &quot;status&quot;: &quot;DELIVERED&quot;
            },
            {
                &quot;time&quot;: &quot;2022-02-22T10:42:16.769Z&quot;,
                &quot;status&quot;: &quot;PENDING&quot;
            },
            {
                &quot;time&quot;: &quot;2022-02-22T10:42:16.794Z&quot;,
                &quot;status&quot;: &quot;SEND&quot;
            },
            {
                &quot;time&quot;: &quot;2022-02-22T10:42:16.826Z&quot;,
                &quot;status&quot;: &quot;DELIVERED&quot;
            },
            {
                &quot;time&quot;: &quot;2022-02-22T10:55:33.558Z&quot;,
                &quot;status&quot;: &quot;PENDING&quot;
            },
            {
                &quot;time&quot;: &quot;2022-02-22T10:55:33.592Z&quot;,
                &quot;status&quot;: &quot;SEND&quot;
            },
            {
                &quot;time&quot;: &quot;2022-02-22T10:55:33.620Z&quot;,
                &quot;status&quot;: &quot;DELIVERED&quot;
            },
            {
                &quot;time&quot;: &quot;2022-02-22T10:58:10.748Z&quot;,
                &quot;status&quot;: &quot;PENDING&quot;
            },
            {
                &quot;time&quot;: &quot;2022-02-22T10:58:10.772Z&quot;,
                &quot;status&quot;: &quot;SEND&quot;
            },
            {
                &quot;time&quot;: &quot;2022-02-22T10:58:10.805Z&quot;,
                &quot;status&quot;: &quot;DELIVERED&quot;
            },
            {
                &quot;time&quot;: &quot;2022-02-22T10:58:33.317Z&quot;,
                &quot;status&quot;: &quot;PENDING&quot;
            },
            {
                &quot;time&quot;: &quot;2022-02-22T10:58:33.342Z&quot;,
                &quot;status&quot;: &quot;SEND&quot;
            },
            {
                &quot;time&quot;: &quot;2022-02-22T10:58:33.375Z&quot;,
                &quot;status&quot;: &quot;DELIVERED&quot;
            },
            {
                &quot;time&quot;: &quot;2022-02-22T11:01:09.552Z&quot;,
                &quot;status&quot;: &quot;PENDING&quot;
            },
            {
                &quot;time&quot;: &quot;2022-02-22T11:01:09.576Z&quot;,
                &quot;status&quot;: &quot;SEND&quot;
            }
        ],
        &quot;status&quot;: &quot;DELIVERED&quot;
    },
    &quot;creationTime&quot;: &quot;2022-02-22T10:28:38.549Z&quot;,
    &quot;deviceId&quot;: &quot;14471660&quot;,
    &quot;deviceName&quot;: &quot;octocatrpi3&quot;,
    &quot;self&quot;: &quot;https://t493319102.eu-latest.cumulocity.com/devicecontrol/operations/14471086&quot;,
    &quot;id&quot;: &quot;14471086&quot;,
    &quot;status&quot;: &quot;PENDING&quot;,
    &quot;c8y_LogfileRequest&quot;: {
        &quot;searchText&quot;: &quot;&quot;,
        &quot;logFile&quot;: &quot;software-management&quot;,
        &quot;dateTo&quot;: &quot;2021-11-21T18:55:49+0530&quot;,
        &quot;dateFrom&quot;: &quot;2021-11-15T18:55:49+0530&quot;,
        &quot;maximumLines&quot;: 300
    },
    &quot;description&quot;: &quot;Log file request&quot;
}
12:01:51 DEBUG Final URL of the request: https://thin-edge-io.eu-latest.cumulocity.com/devicecontrol/operations?deviceId=14471660&amp;pageSize=1&amp;revert=true&amp;dateFrom=1970-01-01T00%3A00%3A00.000Z
12:01:51 INFO  State of current operation: PENDING
12:01:51 DEBUG Final URL of the request: https://thin-edge-io.eu-latest.cumulocity.com/devicecontrol/operations?deviceId=14471660&amp;pageSize=1&amp;revert=true&amp;dateFrom=1970-01-01T00%3A00%3A00.000Z
12:01:51 DEBUG State of current operation: {
    &quot;delivery&quot;: {
        &quot;time&quot;: &quot;2022-02-22T11:01:09.608Z&quot;,
        &quot;log&quot;: [
            {
                &quot;time&quot;: &quot;2022-02-22T10:28:38.571Z&quot;,
                &quot;status&quot;: &quot;PENDING&quot;
            },
            {
                &quot;time&quot;: &quot;2022-02-22T10:28:38.580Z&quot;,
                &quot;status&quot;: &quot;SEND&quot;
            },
            {
                &quot;time&quot;: &quot;2022-02-22T10:28:38.612Z&quot;,
                &quot;status&quot;: &quot;DELIVERED&quot;
            },
            {
                &quot;time&quot;: &quot;2022-02-22T10:29:41.769Z&quot;,
                &quot;status&quot;: &quot;PENDING&quot;
            },
            {
                &quot;time&quot;: &quot;2022-02-22T10:29:41.789Z&quot;,
                &quot;status&quot;: &quot;SEND&quot;
            },
            {
                &quot;time&quot;: &quot;2022-02-22T10:29:41.820Z&quot;,
                &quot;status&quot;: &quot;DELIVERED&quot;
            },
            {
                &quot;time&quot;: &quot;2022-02-22T10:30:36.690Z&quot;,
                &quot;status&quot;: &quot;PENDING&quot;
            },
            {
                &quot;time&quot;: &quot;2022-02-22T10:30:36.714Z&quot;,
                &quot;status&quot;: &quot;SEND&quot;
            },
            {
                &quot;time&quot;: &quot;2022-02-22T10:30:36.753Z&quot;,
                &quot;status&quot;: &quot;DELIVERED&quot;
            },
            {
                &quot;time&quot;: &quot;2022-02-22T10:31:49.629Z&quot;,
                &quot;status&quot;: &quot;PENDING&quot;
            },
            {
                &quot;time&quot;: &quot;2022-02-22T10:31:49.654Z&quot;,
                &quot;status&quot;: &quot;SEND&quot;
            },
            {
                &quot;time&quot;: &quot;2022-02-22T10:31:49.686Z&quot;,
                &quot;status&quot;: &quot;DELIVERED&quot;
            },
            {
                &quot;time&quot;: &quot;2022-02-22T10:33:02.291Z&quot;,
                &quot;status&quot;: &quot;PENDING&quot;
            },
            {
                &quot;time&quot;: &quot;2022-02-22T10:33:02.316Z&quot;,
                &quot;status&quot;: &quot;SEND&quot;
            },
            {
                &quot;time&quot;: &quot;2022-02-22T10:33:02.347Z&quot;,
                &quot;status&quot;: &quot;DELIVERED&quot;
            },
            {
                &quot;time&quot;: &quot;2022-02-22T10:33:40.393Z&quot;,
                &quot;status&quot;: &quot;PENDING&quot;
            },
            {
                &quot;time&quot;: &quot;2022-02-22T10:33:40.416Z&quot;,
                &quot;status&quot;: &quot;SEND&quot;
            },
            {
                &quot;time&quot;: &quot;2022-02-22T10:33:40.449Z&quot;,
                &quot;status&quot;: &quot;DELIVERED&quot;
            },
            {
                &quot;time&quot;: &quot;2022-02-22T10:34:31.797Z&quot;,
                &quot;status&quot;: &quot;PENDING&quot;
            },
            {
                &quot;time&quot;: &quot;2022-02-22T10:34:31.818Z&quot;,
                &quot;status&quot;: &quot;SEND&quot;
            },
            {
                &quot;time&quot;: &quot;2022-02-22T10:34:31.850Z&quot;,
                &quot;status&quot;: &quot;DELIVERED&quot;
            },
            {
                &quot;time&quot;: &quot;2022-02-22T10:35:23.062Z&quot;,
                &quot;status&quot;: &quot;PENDING&quot;
            },
            {
                &quot;time&quot;: &quot;2022-02-22T10:35:23.084Z&quot;,
                &quot;status&quot;: &quot;SEND&quot;
            },
            {
                &quot;time&quot;: &quot;2022-02-22T10:35:23.118Z&quot;,
                &quot;status&quot;: &quot;DELIVERED&quot;
            },
            {
                &quot;time&quot;: &quot;2022-02-22T10:36:03.111Z&quot;,
                &quot;status&quot;: &quot;PENDING&quot;
            },
            {
                &quot;time&quot;: &quot;2022-02-22T10:36:03.134Z&quot;,
                &quot;status&quot;: &quot;SEND&quot;
            },
            {
                &quot;time&quot;: &quot;2022-02-22T10:36:03.168Z&quot;,
                &quot;status&quot;: &quot;DELIVERED&quot;
            },
            {
                &quot;time&quot;: &quot;2022-02-22T10:37:53.192Z&quot;,
                &quot;status&quot;: &quot;PENDING&quot;
            },
            {
                &quot;time&quot;: &quot;2022-02-22T10:37:53.212Z&quot;,
                &quot;status&quot;: &quot;SEND&quot;
            },
            {
                &quot;time&quot;: &quot;2022-02-22T10:37:53.247Z&quot;,
                &quot;status&quot;: &quot;DELIVERED&quot;
            },
            {
                &quot;time&quot;: &quot;2022-02-22T10:39:48.337Z&quot;,
                &quot;status&quot;: &quot;PENDING&quot;
            },
            {
                &quot;time&quot;: &quot;2022-02-22T10:39:48.361Z&quot;,
                &quot;status&quot;: &quot;SEND&quot;
            },
            {
                &quot;time&quot;: &quot;2022-02-22T10:39:48.394Z&quot;,
                &quot;status&quot;: &quot;DELIVERED&quot;
            },
            {
                &quot;time&quot;: &quot;2022-02-22T10:40:10.264Z&quot;,
                &quot;status&quot;: &quot;PENDING&quot;
            },
            {
                &quot;time&quot;: &quot;2022-02-22T10:40:10.288Z&quot;,
                &quot;status&quot;: &quot;SEND&quot;
            },
            {
                &quot;time&quot;: &quot;2022-02-22T10:40:10.320Z&quot;,
                &quot;status&quot;: &quot;DELIVERED&quot;
            },
            {
                &quot;time&quot;: &quot;2022-02-22T10:40:32.184Z&quot;,
                &quot;status&quot;: &quot;PENDING&quot;
            },
            {
                &quot;time&quot;: &quot;2022-02-22T10:40:32.212Z&quot;,
                &quot;status&quot;: &quot;SEND&quot;
            },
            {
                &quot;time&quot;: &quot;2022-02-22T10:40:32.245Z&quot;,
                &quot;status&quot;: &quot;DELIVERED&quot;
            },
            {
                &quot;time&quot;: &quot;2022-02-22T10:40:54.910Z&quot;,
                &quot;status&quot;: &quot;PENDING&quot;
            },
            {
                &quot;time&quot;: &quot;2022-02-22T10:40:54.935Z&quot;,
                &quot;status&quot;: &quot;SEND&quot;
            },
            {
                &quot;time&quot;: &quot;2022-02-22T10:40:54.967Z&quot;,
                &quot;status&quot;: &quot;DELIVERED&quot;
            },
            {
                &quot;time&quot;: &quot;2022-02-22T10:41:29.467Z&quot;,
                &quot;status&quot;: &quot;PENDING&quot;
            },
            {
                &quot;time&quot;: &quot;2022-02-22T10:41:29.492Z&quot;,
                &quot;status&quot;: &quot;SEND&quot;
            },
            {
                &quot;time&quot;: &quot;2022-02-22T10:41:29.524Z&quot;,
                &quot;status&quot;: &quot;DELIVERED&quot;
            },
            {
                &quot;time&quot;: &quot;2022-02-22T10:41:52.244Z&quot;,
                &quot;status&quot;: &quot;PENDING&quot;
            },
            {
                &quot;time&quot;: &quot;2022-02-22T10:41:52.268Z&quot;,
                &quot;status&quot;: &quot;SEND&quot;
            },
            {
                &quot;time&quot;: &quot;2022-02-22T10:41:52.298Z&quot;,
                &quot;status&quot;: &quot;DELIVERED&quot;
            },
            {
                &quot;time&quot;: &quot;2022-02-22T10:42:16.769Z&quot;,
                &quot;status&quot;: &quot;PENDING&quot;
            },
            {
                &quot;time&quot;: &quot;2022-02-22T10:42:16.794Z&quot;,
                &quot;status&quot;: &quot;SEND&quot;
            },
            {
                &quot;time&quot;: &quot;2022-02-22T10:42:16.826Z&quot;,
                &quot;status&quot;: &quot;DELIVERED&quot;
            },
            {
                &quot;time&quot;: &quot;2022-02-22T10:55:33.558Z&quot;,
                &quot;status&quot;: &quot;PENDING&quot;
            },
            {
                &quot;time&quot;: &quot;2022-02-22T10:55:33.592Z&quot;,
                &quot;status&quot;: &quot;SEND&quot;
            },
            {
                &quot;time&quot;: &quot;2022-02-22T10:55:33.620Z&quot;,
                &quot;status&quot;: &quot;DELIVERED&quot;
            },
            {
                &quot;time&quot;: &quot;2022-02-22T10:58:10.748Z&quot;,
                &quot;status&quot;: &quot;PENDING&quot;
            },
            {
                &quot;time&quot;: &quot;2022-02-22T10:58:10.772Z&quot;,
                &quot;status&quot;: &quot;SEND&quot;
            },
            {
                &quot;time&quot;: &quot;2022-02-22T10:58:10.805Z&quot;,
                &quot;status&quot;: &quot;DELIVERED&quot;
            },
            {
                &quot;time&quot;: &quot;2022-02-22T10:58:33.317Z&quot;,
                &quot;status&quot;: &quot;PENDING&quot;
            },
            {
                &quot;time&quot;: &quot;2022-02-22T10:58:33.342Z&quot;,
                &quot;status&quot;: &quot;SEND&quot;
            },
            {
                &quot;time&quot;: &quot;2022-02-22T10:58:33.375Z&quot;,
                &quot;status&quot;: &quot;DELIVERED&quot;
            },
            {
                &quot;time&quot;: &quot;2022-02-22T11:01:09.552Z&quot;,
                &quot;status&quot;: &quot;PENDING&quot;
            },
            {
                &quot;time&quot;: &quot;2022-02-22T11:01:09.576Z&quot;,
                &quot;status&quot;: &quot;SEND&quot;
            }
        ],
        &quot;status&quot;: &quot;DELIVERED&quot;
    },
    &quot;creationTime&quot;: &quot;2022-02-22T10:28:38.549Z&quot;,
    &quot;deviceId&quot;: &quot;14471660&quot;,
    &quot;deviceName&quot;: &quot;octocatrpi3&quot;,
    &quot;self&quot;: &quot;https://t493319102.eu-latest.cumulocity.com/devicecontrol/operations/14471086&quot;,
    &quot;id&quot;: &quot;14471086&quot;,
    &quot;status&quot;: &quot;PENDING&quot;,
    &quot;c8y_LogfileRequest&quot;: {
        &quot;searchText&quot;: &quot;&quot;,
        &quot;logFile&quot;: &quot;software-management&quot;,
        &quot;dateTo&quot;: &quot;2021-11-21T18:55:49+0530&quot;,
        &quot;dateFrom&quot;: &quot;2021-11-15T18:55:49+0530&quot;,
        &quot;maximumLines&quot;: 300
    },
    &quot;description&quot;: &quot;Log file request&quot;
}
12:01:53 DEBUG Final URL of the request: https://thin-edge-io.eu-latest.cumulocity.com/devicecontrol/operations?deviceId=14471660&amp;pageSize=1&amp;revert=true&amp;dateFrom=1970-01-01T00%3A00%3A00.000Z
12:01:53 INFO  State of current operation: PENDING
12:01:53 DEBUG Final URL of the request: https://thin-edge-io.eu-latest.cumulocity.com/devicecontrol/operations?deviceId=14471660&amp;pageSize=1&amp;revert=true&amp;dateFrom=1970-01-01T00%3A00%3A00.000Z
12:01:53 DEBUG State of current operation: {
    &quot;delivery&quot;: {
        &quot;time&quot;: &quot;2022-02-22T11:01:09.608Z&quot;,
        &quot;log&quot;: [
            {
                &quot;time&quot;: &quot;2022-02-22T10:28:38.571Z&quot;,
                &quot;status&quot;: &quot;PENDING&quot;
            },
            {
                &quot;time&quot;: &quot;2022-02-22T10:28:38.580Z&quot;,
                &quot;status&quot;: &quot;SEND&quot;
            },
            {
                &quot;time&quot;: &quot;2022-02-22T10:28:38.612Z&quot;,
                &quot;status&quot;: &quot;DELIVERED&quot;
            },
            {
                &quot;time&quot;: &quot;2022-02-22T10:29:41.769Z&quot;,
                &quot;status&quot;: &quot;PENDING&quot;
            },
            {
                &quot;time&quot;: &quot;2022-02-22T10:29:41.789Z&quot;,
                &quot;status&quot;: &quot;SEND&quot;
            },
            {
                &quot;time&quot;: &quot;2022-02-22T10:29:41.820Z&quot;,
                &quot;status&quot;: &quot;DELIVERED&quot;
            },
            {
                &quot;time&quot;: &quot;2022-02-22T10:30:36.690Z&quot;,
                &quot;status&quot;: &quot;PENDING&quot;
            },
            {
                &quot;time&quot;: &quot;2022-02-22T10:30:36.714Z&quot;,
                &quot;status&quot;: &quot;SEND&quot;
            },
            {
                &quot;time&quot;: &quot;2022-02-22T10:30:36.753Z&quot;,
                &quot;status&quot;: &quot;DELIVERED&quot;
            },
            {
                &quot;time&quot;: &quot;2022-02-22T10:31:49.629Z&quot;,
                &quot;status&quot;: &quot;PENDING&quot;
            },
            {
                &quot;time&quot;: &quot;2022-02-22T10:31:49.654Z&quot;,
                &quot;status&quot;: &quot;SEND&quot;
            },
            {
                &quot;time&quot;: &quot;2022-02-22T10:31:49.686Z&quot;,
                &quot;status&quot;: &quot;DELIVERED&quot;
            },
            {
                &quot;time&quot;: &quot;2022-02-22T10:33:02.291Z&quot;,
                &quot;status&quot;: &quot;PENDING&quot;
            },
            {
                &quot;time&quot;: &quot;2022-02-22T10:33:02.316Z&quot;,
                &quot;status&quot;: &quot;SEND&quot;
            },
            {
                &quot;time&quot;: &quot;2022-02-22T10:33:02.347Z&quot;,
                &quot;status&quot;: &quot;DELIVERED&quot;
            },
            {
                &quot;time&quot;: &quot;2022-02-22T10:33:40.393Z&quot;,
                &quot;status&quot;: &quot;PENDING&quot;
            },
            {
                &quot;time&quot;: &quot;2022-02-22T10:33:40.416Z&quot;,
                &quot;status&quot;: &quot;SEND&quot;
            },
            {
                &quot;time&quot;: &quot;2022-02-22T10:33:40.449Z&quot;,
                &quot;status&quot;: &quot;DELIVERED&quot;
            },
            {
                &quot;time&quot;: &quot;2022-02-22T10:34:31.797Z&quot;,
                &quot;status&quot;: &quot;PENDING&quot;
            },
            {
                &quot;time&quot;: &quot;2022-02-22T10:34:31.818Z&quot;,
                &quot;status&quot;: &quot;SEND&quot;
            },
            {
                &quot;time&quot;: &quot;2022-02-22T10:34:31.850Z&quot;,
                &quot;status&quot;: &quot;DELIVERED&quot;
            },
            {
                &quot;time&quot;: &quot;2022-02-22T10:35:23.062Z&quot;,
                &quot;status&quot;: &quot;PENDING&quot;
            },
            {
                &quot;time&quot;: &quot;2022-02-22T10:35:23.084Z&quot;,
                &quot;status&quot;: &quot;SEND&quot;
            },
            {
                &quot;time&quot;: &quot;2022-02-22T10:35:23.118Z&quot;,
                &quot;status&quot;: &quot;DELIVERED&quot;
            },
            {
                &quot;time&quot;: &quot;2022-02-22T10:36:03.111Z&quot;,
                &quot;status&quot;: &quot;PENDING&quot;
            },
            {
                &quot;time&quot;: &quot;2022-02-22T10:36:03.134Z&quot;,
                &quot;status&quot;: &quot;SEND&quot;
            },
            {
                &quot;time&quot;: &quot;2022-02-22T10:36:03.168Z&quot;,
                &quot;status&quot;: &quot;DELIVERED&quot;
            },
            {
                &quot;time&quot;: &quot;2022-02-22T10:37:53.192Z&quot;,
                &quot;status&quot;: &quot;PENDING&quot;
            },
            {
                &quot;time&quot;: &quot;2022-02-22T10:37:53.212Z&quot;,
                &quot;status&quot;: &quot;SEND&quot;
            },
            {
                &quot;time&quot;: &quot;2022-02-22T10:37:53.247Z&quot;,
                &quot;status&quot;: &quot;DELIVERED&quot;
            },
            {
                &quot;time&quot;: &quot;2022-02-22T10:39:48.337Z&quot;,
                &quot;status&quot;: &quot;PENDING&quot;
            },
            {
                &quot;time&quot;: &quot;2022-02-22T10:39:48.361Z&quot;,
                &quot;status&quot;: &quot;SEND&quot;
            },
            {
                &quot;time&quot;: &quot;2022-02-22T10:39:48.394Z&quot;,
                &quot;status&quot;: &quot;DELIVERED&quot;
            },
            {
                &quot;time&quot;: &quot;2022-02-22T10:40:10.264Z&quot;,
                &quot;status&quot;: &quot;PENDING&quot;
            },
            {
                &quot;time&quot;: &quot;2022-02-22T10:40:10.288Z&quot;,
                &quot;status&quot;: &quot;SEND&quot;
            },
            {
                &quot;time&quot;: &quot;2022-02-22T10:40:10.320Z&quot;,
                &quot;status&quot;: &quot;DELIVERED&quot;
            },
            {
                &quot;time&quot;: &quot;2022-02-22T10:40:32.184Z&quot;,
                &quot;status&quot;: &quot;PENDING&quot;
            },
            {
                &quot;time&quot;: &quot;2022-02-22T10:40:32.212Z&quot;,
                &quot;status&quot;: &quot;SEND&quot;
            },
            {
                &quot;time&quot;: &quot;2022-02-22T10:40:32.245Z&quot;,
                &quot;status&quot;: &quot;DELIVERED&quot;
            },
            {
                &quot;time&quot;: &quot;2022-02-22T10:40:54.910Z&quot;,
                &quot;status&quot;: &quot;PENDING&quot;
            },
            {
                &quot;time&quot;: &quot;2022-02-22T10:40:54.935Z&quot;,
                &quot;status&quot;: &quot;SEND&quot;
            },
            {
                &quot;time&quot;: &quot;2022-02-22T10:40:54.967Z&quot;,
                &quot;status&quot;: &quot;DELIVERED&quot;
            },
            {
                &quot;time&quot;: &quot;2022-02-22T10:41:29.467Z&quot;,
                &quot;status&quot;: &quot;PENDING&quot;
            },
            {
                &quot;time&quot;: &quot;2022-02-22T10:41:29.492Z&quot;,
                &quot;status&quot;: &quot;SEND&quot;
            },
            {
                &quot;time&quot;: &quot;2022-02-22T10:41:29.524Z&quot;,
                &quot;status&quot;: &quot;DELIVERED&quot;
            },
            {
                &quot;time&quot;: &quot;2022-02-22T10:41:52.244Z&quot;,
                &quot;status&quot;: &quot;PENDING&quot;
            },
            {
                &quot;time&quot;: &quot;2022-02-22T10:41:52.268Z&quot;,
                &quot;status&quot;: &quot;SEND&quot;
            },
            {
                &quot;time&quot;: &quot;2022-02-22T10:41:52.298Z&quot;,
                &quot;status&quot;: &quot;DELIVERED&quot;
            },
            {
                &quot;time&quot;: &quot;2022-02-22T10:42:16.769Z&quot;,
                &quot;status&quot;: &quot;PENDING&quot;
            },
            {
                &quot;time&quot;: &quot;2022-02-22T10:42:16.794Z&quot;,
                &quot;status&quot;: &quot;SEND&quot;
            },
            {
                &quot;time&quot;: &quot;2022-02-22T10:42:16.826Z&quot;,
                &quot;status&quot;: &quot;DELIVERED&quot;
            },
            {
                &quot;time&quot;: &quot;2022-02-22T10:55:33.558Z&quot;,
                &quot;status&quot;: &quot;PENDING&quot;
            },
            {
                &quot;time&quot;: &quot;2022-02-22T10:55:33.592Z&quot;,
                &quot;status&quot;: &quot;SEND&quot;
            },
            {
                &quot;time&quot;: &quot;2022-02-22T10:55:33.620Z&quot;,
                &quot;status&quot;: &quot;DELIVERED&quot;
            },
            {
                &quot;time&quot;: &quot;2022-02-22T10:58:10.748Z&quot;,
                &quot;status&quot;: &quot;PENDING&quot;
            },
            {
                &quot;time&quot;: &quot;2022-02-22T10:58:10.772Z&quot;,
                &quot;status&quot;: &quot;SEND&quot;
            },
            {
                &quot;time&quot;: &quot;2022-02-22T10:58:10.805Z&quot;,
                &quot;status&quot;: &quot;DELIVERED&quot;
            },
            {
                &quot;time&quot;: &quot;2022-02-22T10:58:33.317Z&quot;,
                &quot;status&quot;: &quot;PENDING&quot;
            },
            {
                &quot;time&quot;: &quot;2022-02-22T10:58:33.342Z&quot;,
                &quot;status&quot;: &quot;SEND&quot;
            },
            {
                &quot;time&quot;: &quot;2022-02-22T10:58:33.375Z&quot;,
                &quot;status&quot;: &quot;DELIVERED&quot;
            },
            {
                &quot;time&quot;: &quot;2022-02-22T11:01:09.552Z&quot;,
                &quot;status&quot;: &quot;PENDING&quot;
            },
            {
                &quot;time&quot;: &quot;2022-02-22T11:01:09.576Z&quot;,
                &quot;status&quot;: &quot;SEND&quot;
            }
        ],
        &quot;status&quot;: &quot;DELIVERED&quot;
    },
    &quot;creationTime&quot;: &quot;2022-02-22T10:28:38.549Z&quot;,
    &quot;deviceId&quot;: &quot;14471660&quot;,
    &quot;deviceName&quot;: &quot;octocatrpi3&quot;,
    &quot;self&quot;: &quot;https://t493319102.eu-latest.cumulocity.com/devicecontrol/operations/14471086&quot;,
    &quot;id&quot;: &quot;14471086&quot;,
    &quot;status&quot;: &quot;PENDING&quot;,
    &quot;c8y_LogfileRequest&quot;: {
        &quot;searchText&quot;: &quot;&quot;,
        &quot;logFile&quot;: &quot;software-management&quot;,
        &quot;dateTo&quot;: &quot;2021-11-21T18:55:49+0530&quot;,
        &quot;dateFrom&quot;: &quot;2021-11-15T18:55:49+0530&quot;,
        &quot;maximumLines&quot;: 300
    },
    &quot;description&quot;: &quot;Log file request&quot;
}
12:01:55 DEBUG Final URL of the request: https://thin-edge-io.eu-latest.cumulocity.com/devicecontrol/operations?deviceId=14471660&amp;pageSize=1&amp;revert=true&amp;dateFrom=1970-01-01T00%3A00%3A00.000Z
12:01:55 INFO  State of current operation: PENDING
12:01:55 DEBUG Final URL of the request: https://thin-edge-io.eu-latest.cumulocity.com/devicecontrol/operations?deviceId=14471660&amp;pageSize=1&amp;revert=true&amp;dateFrom=1970-01-01T00%3A00%3A00.000Z
12:01:55 DEBUG State of current operation: {
    &quot;delivery&quot;: {
        &quot;time&quot;: &quot;2022-02-22T11:01:09.608Z&quot;,
        &quot;log&quot;: [
            {
                &quot;time&quot;: &quot;2022-02-22T10:28:38.571Z&quot;,
                &quot;status&quot;: &quot;PENDING&quot;
            },
            {
                &quot;time&quot;: &quot;2022-02-22T10:28:38.580Z&quot;,
                &quot;status&quot;: &quot;SEND&quot;
            },
            {
                &quot;time&quot;: &quot;2022-02-22T10:28:38.612Z&quot;,
                &quot;status&quot;: &quot;DELIVERED&quot;
            },
            {
                &quot;time&quot;: &quot;2022-02-22T10:29:41.769Z&quot;,
                &quot;status&quot;: &quot;PENDING&quot;
            },
            {
                &quot;time&quot;: &quot;2022-02-22T10:29:41.789Z&quot;,
                &quot;status&quot;: &quot;SEND&quot;
            },
            {
                &quot;time&quot;: &quot;2022-02-22T10:29:41.820Z&quot;,
                &quot;status&quot;: &quot;DELIVERED&quot;
            },
            {
                &quot;time&quot;: &quot;2022-02-22T10:30:36.690Z&quot;,
                &quot;status&quot;: &quot;PENDING&quot;
            },
            {
                &quot;time&quot;: &quot;2022-02-22T10:30:36.714Z&quot;,
                &quot;status&quot;: &quot;SEND&quot;
            },
            {
                &quot;time&quot;: &quot;2022-02-22T10:30:36.753Z&quot;,
                &quot;status&quot;: &quot;DELIVERED&quot;
            },
            {
                &quot;time&quot;: &quot;2022-02-22T10:31:49.629Z&quot;,
                &quot;status&quot;: &quot;PENDING&quot;
            },
            {
                &quot;time&quot;: &quot;2022-02-22T10:31:49.654Z&quot;,
                &quot;status&quot;: &quot;SEND&quot;
            },
            {
                &quot;time&quot;: &quot;2022-02-22T10:31:49.686Z&quot;,
                &quot;status&quot;: &quot;DELIVERED&quot;
            },
            {
                &quot;time&quot;: &quot;2022-02-22T10:33:02.291Z&quot;,
                &quot;status&quot;: &quot;PENDING&quot;
            },
            {
                &quot;time&quot;: &quot;2022-02-22T10:33:02.316Z&quot;,
                &quot;status&quot;: &quot;SEND&quot;
            },
            {
                &quot;time&quot;: &quot;2022-02-22T10:33:02.347Z&quot;,
                &quot;status&quot;: &quot;DELIVERED&quot;
            },
            {
                &quot;time&quot;: &quot;2022-02-22T10:33:40.393Z&quot;,
                &quot;status&quot;: &quot;PENDING&quot;
            },
            {
                &quot;time&quot;: &quot;2022-02-22T10:33:40.416Z&quot;,
                &quot;status&quot;: &quot;SEND&quot;
            },
            {
                &quot;time&quot;: &quot;2022-02-22T10:33:40.449Z&quot;,
                &quot;status&quot;: &quot;DELIVERED&quot;
            },
            {
                &quot;time&quot;: &quot;2022-02-22T10:34:31.797Z&quot;,
                &quot;status&quot;: &quot;PENDING&quot;
            },
            {
                &quot;time&quot;: &quot;2022-02-22T10:34:31.818Z&quot;,
                &quot;status&quot;: &quot;SEND&quot;
            },
            {
                &quot;time&quot;: &quot;2022-02-22T10:34:31.850Z&quot;,
                &quot;status&quot;: &quot;DELIVERED&quot;
            },
            {
                &quot;time&quot;: &quot;2022-02-22T10:35:23.062Z&quot;,
                &quot;status&quot;: &quot;PENDING&quot;
            },
            {
                &quot;time&quot;: &quot;2022-02-22T10:35:23.084Z&quot;,
                &quot;status&quot;: &quot;SEND&quot;
            },
            {
                &quot;time&quot;: &quot;2022-02-22T10:35:23.118Z&quot;,
                &quot;status&quot;: &quot;DELIVERED&quot;
            },
            {
                &quot;time&quot;: &quot;2022-02-22T10:36:03.111Z&quot;,
                &quot;status&quot;: &quot;PENDING&quot;
            },
            {
                &quot;time&quot;: &quot;2022-02-22T10:36:03.134Z&quot;,
                &quot;status&quot;: &quot;SEND&quot;
            },
            {
                &quot;time&quot;: &quot;2022-02-22T10:36:03.168Z&quot;,
                &quot;status&quot;: &quot;DELIVERED&quot;
            },
            {
                &quot;time&quot;: &quot;2022-02-22T10:37:53.192Z&quot;,
                &quot;status&quot;: &quot;PENDING&quot;
            },
            {
                &quot;time&quot;: &quot;2022-02-22T10:37:53.212Z&quot;,
                &quot;status&quot;: &quot;SEND&quot;
            },
            {
                &quot;time&quot;: &quot;2022-02-22T10:37:53.247Z&quot;,
                &quot;status&quot;: &quot;DELIVERED&quot;
            },
            {
                &quot;time&quot;: &quot;2022-02-22T10:39:48.337Z&quot;,
                &quot;status&quot;: &quot;PENDING&quot;
            },
            {
                &quot;time&quot;: &quot;2022-02-22T10:39:48.361Z&quot;,
                &quot;status&quot;: &quot;SEND&quot;
            },
            {
                &quot;time&quot;: &quot;2022-02-22T10:39:48.394Z&quot;,
                &quot;status&quot;: &quot;DELIVERED&quot;
            },
            {
                &quot;time&quot;: &quot;2022-02-22T10:40:10.264Z&quot;,
                &quot;status&quot;: &quot;PENDING&quot;
            },
            {
                &quot;time&quot;: &quot;2022-02-22T10:40:10.288Z&quot;,
                &quot;status&quot;: &quot;SEND&quot;
            },
            {
                &quot;time&quot;: &quot;2022-02-22T10:40:10.320Z&quot;,
                &quot;status&quot;: &quot;DELIVERED&quot;
            },
            {
                &quot;time&quot;: &quot;2022-02-22T10:40:32.184Z&quot;,
                &quot;status&quot;: &quot;PENDING&quot;
            },
            {
                &quot;time&quot;: &quot;2022-02-22T10:40:32.212Z&quot;,
                &quot;status&quot;: &quot;SEND&quot;
            },
            {
                &quot;time&quot;: &quot;2022-02-22T10:40:32.245Z&quot;,
                &quot;status&quot;: &quot;DELIVERED&quot;
            },
            {
                &quot;time&quot;: &quot;2022-02-22T10:40:54.910Z&quot;,
                &quot;status&quot;: &quot;PENDING&quot;
            },
            {
                &quot;time&quot;: &quot;2022-02-22T10:40:54.935Z&quot;,
                &quot;status&quot;: &quot;SEND&quot;
            },
            {
                &quot;time&quot;: &quot;2022-02-22T10:40:54.967Z&quot;,
                &quot;status&quot;: &quot;DELIVERED&quot;
            },
            {
                &quot;time&quot;: &quot;2022-02-22T10:41:29.467Z&quot;,
                &quot;status&quot;: &quot;PENDING&quot;
            },
            {
                &quot;time&quot;: &quot;2022-02-22T10:41:29.492Z&quot;,
                &quot;status&quot;: &quot;SEND&quot;
            },
            {
                &quot;time&quot;: &quot;2022-02-22T10:41:29.524Z&quot;,
                &quot;status&quot;: &quot;DELIVERED&quot;
            },
            {
                &quot;time&quot;: &quot;2022-02-22T10:41:52.244Z&quot;,
                &quot;status&quot;: &quot;PENDING&quot;
            },
            {
                &quot;time&quot;: &quot;2022-02-22T10:41:52.268Z&quot;,
                &quot;status&quot;: &quot;SEND&quot;
            },
            {
                &quot;time&quot;: &quot;2022-02-22T10:41:52.298Z&quot;,
                &quot;status&quot;: &quot;DELIVERED&quot;
            },
            {
                &quot;time&quot;: &quot;2022-02-22T10:42:16.769Z&quot;,
                &quot;status&quot;: &quot;PENDING&quot;
            },
            {
                &quot;time&quot;: &quot;2022-02-22T10:42:16.794Z&quot;,
                &quot;status&quot;: &quot;SEND&quot;
            },
            {
                &quot;time&quot;: &quot;2022-02-22T10:42:16.826Z&quot;,
                &quot;status&quot;: &quot;DELIVERED&quot;
            },
            {
                &quot;time&quot;: &quot;2022-02-22T10:55:33.558Z&quot;,
                &quot;status&quot;: &quot;PENDING&quot;
            },
            {
                &quot;time&quot;: &quot;2022-02-22T10:55:33.592Z&quot;,
                &quot;status&quot;: &quot;SEND&quot;
            },
            {
                &quot;time&quot;: &quot;2022-02-22T10:55:33.620Z&quot;,
                &quot;status&quot;: &quot;DELIVERED&quot;
            },
            {
                &quot;time&quot;: &quot;2022-02-22T10:58:10.748Z&quot;,
                &quot;status&quot;: &quot;PENDING&quot;
            },
            {
                &quot;time&quot;: &quot;2022-02-22T10:58:10.772Z&quot;,
                &quot;status&quot;: &quot;SEND&quot;
            },
            {
                &quot;time&quot;: &quot;2022-02-22T10:58:10.805Z&quot;,
                &quot;status&quot;: &quot;DELIVERED&quot;
            },
            {
                &quot;time&quot;: &quot;2022-02-22T10:58:33.317Z&quot;,
                &quot;status&quot;: &quot;PENDING&quot;
            },
            {
                &quot;time&quot;: &quot;2022-02-22T10:58:33.342Z&quot;,
                &quot;status&quot;: &quot;SEND&quot;
            },
            {
                &quot;time&quot;: &quot;2022-02-22T10:58:33.375Z&quot;,
                &quot;status&quot;: &quot;DELIVERED&quot;
            },
            {
                &quot;time&quot;: &quot;2022-02-22T11:01:09.552Z&quot;,
                &quot;status&quot;: &quot;PENDING&quot;
            },
            {
                &quot;time&quot;: &quot;2022-02-22T11:01:09.576Z&quot;,
                &quot;status&quot;: &quot;SEND&quot;
            }
        ],
        &quot;status&quot;: &quot;DELIVERED&quot;
    },
    &quot;creationTime&quot;: &quot;2022-02-22T10:28:38.549Z&quot;,
    &quot;deviceId&quot;: &quot;14471660&quot;,
    &quot;deviceName&quot;: &quot;octocatrpi3&quot;,
    &quot;self&quot;: &quot;https://t493319102.eu-latest.cumulocity.com/devicecontrol/operations/14471086&quot;,
    &quot;id&quot;: &quot;14471086&quot;,
    &quot;status&quot;: &quot;PENDING&quot;,
    &quot;c8y_LogfileRequest&quot;: {
        &quot;searchText&quot;: &quot;&quot;,
        &quot;logFile&quot;: &quot;software-management&quot;,
        &quot;dateTo&quot;: &quot;2021-11-21T18:55:49+0530&quot;,
        &quot;dateFrom&quot;: &quot;2021-11-15T18:55:49+0530&quot;,
        &quot;maximumLines&quot;: 300
    },
    &quot;description&quot;: &quot;Log file request&quot;
}
12:01:57 DEBUG Final URL of the request: https://thin-edge-io.eu-latest.cumulocity.com/devicecontrol/operations?deviceId=14471660&amp;pageSize=1&amp;revert=true&amp;dateFrom=1970-01-01T00%3A00%3A00.000Z
12:01:57 INFO  State of current operation: PENDING
12:01:57 DEBUG Final URL of the request: https://thin-edge-io.eu-latest.cumulocity.com/devicecontrol/operations?deviceId=14471660&amp;pageSize=1&amp;revert=true&amp;dateFrom=1970-01-01T00%3A00%3A00.000Z
12:01:57 DEBUG State of current operation: {
    &quot;delivery&quot;: {
        &quot;time&quot;: &quot;2022-02-22T11:01:09.608Z&quot;,
        &quot;log&quot;: [
            {
                &quot;time&quot;: &quot;2022-02-22T10:28:38.571Z&quot;,
                &quot;status&quot;: &quot;PENDING&quot;
            },
            {
                &quot;time&quot;: &quot;2022-02-22T10:28:38.580Z&quot;,
                &quot;status&quot;: &quot;SEND&quot;
            },
            {
                &quot;time&quot;: &quot;2022-02-22T10:28:38.612Z&quot;,
                &quot;status&quot;: &quot;DELIVERED&quot;
            },
            {
                &quot;time&quot;: &quot;2022-02-22T10:29:41.769Z&quot;,
                &quot;status&quot;: &quot;PENDING&quot;
            },
            {
                &quot;time&quot;: &quot;2022-02-22T10:29:41.789Z&quot;,
                &quot;status&quot;: &quot;SEND&quot;
            },
            {
                &quot;time&quot;: &quot;2022-02-22T10:29:41.820Z&quot;,
                &quot;status&quot;: &quot;DELIVERED&quot;
            },
            {
                &quot;time&quot;: &quot;2022-02-22T10:30:36.690Z&quot;,
                &quot;status&quot;: &quot;PENDING&quot;
            },
            {
                &quot;time&quot;: &quot;2022-02-22T10:30:36.714Z&quot;,
                &quot;status&quot;: &quot;SEND&quot;
            },
            {
                &quot;time&quot;: &quot;2022-02-22T10:30:36.753Z&quot;,
                &quot;status&quot;: &quot;DELIVERED&quot;
            },
            {
                &quot;time&quot;: &quot;2022-02-22T10:31:49.629Z&quot;,
                &quot;status&quot;: &quot;PENDING&quot;
            },
            {
                &quot;time&quot;: &quot;2022-02-22T10:31:49.654Z&quot;,
                &quot;status&quot;: &quot;SEND&quot;
            },
            {
                &quot;time&quot;: &quot;2022-02-22T10:31:49.686Z&quot;,
                &quot;status&quot;: &quot;DELIVERED&quot;
            },
            {
                &quot;time&quot;: &quot;2022-02-22T10:33:02.291Z&quot;,
                &quot;status&quot;: &quot;PENDING&quot;
            },
            {
                &quot;time&quot;: &quot;2022-02-22T10:33:02.316Z&quot;,
                &quot;status&quot;: &quot;SEND&quot;
            },
            {
                &quot;time&quot;: &quot;2022-02-22T10:33:02.347Z&quot;,
                &quot;status&quot;: &quot;DELIVERED&quot;
            },
            {
                &quot;time&quot;: &quot;2022-02-22T10:33:40.393Z&quot;,
                &quot;status&quot;: &quot;PENDING&quot;
            },
            {
                &quot;time&quot;: &quot;2022-02-22T10:33:40.416Z&quot;,
                &quot;status&quot;: &quot;SEND&quot;
            },
            {
                &quot;time&quot;: &quot;2022-02-22T10:33:40.449Z&quot;,
                &quot;status&quot;: &quot;DELIVERED&quot;
            },
            {
                &quot;time&quot;: &quot;2022-02-22T10:34:31.797Z&quot;,
                &quot;status&quot;: &quot;PENDING&quot;
            },
            {
                &quot;time&quot;: &quot;2022-02-22T10:34:31.818Z&quot;,
                &quot;status&quot;: &quot;SEND&quot;
            },
            {
                &quot;time&quot;: &quot;2022-02-22T10:34:31.850Z&quot;,
                &quot;status&quot;: &quot;DELIVERED&quot;
            },
            {
                &quot;time&quot;: &quot;2022-02-22T10:35:23.062Z&quot;,
                &quot;status&quot;: &quot;PENDING&quot;
            },
            {
                &quot;time&quot;: &quot;2022-02-22T10:35:23.084Z&quot;,
                &quot;status&quot;: &quot;SEND&quot;
            },
            {
                &quot;time&quot;: &quot;2022-02-22T10:35:23.118Z&quot;,
                &quot;status&quot;: &quot;DELIVERED&quot;
            },
            {
                &quot;time&quot;: &quot;2022-02-22T10:36:03.111Z&quot;,
                &quot;status&quot;: &quot;PENDING&quot;
            },
            {
                &quot;time&quot;: &quot;2022-02-22T10:36:03.134Z&quot;,
                &quot;status&quot;: &quot;SEND&quot;
            },
            {
                &quot;time&quot;: &quot;2022-02-22T10:36:03.168Z&quot;,
                &quot;status&quot;: &quot;DELIVERED&quot;
            },
            {
                &quot;time&quot;: &quot;2022-02-22T10:37:53.192Z&quot;,
                &quot;status&quot;: &quot;PENDING&quot;
            },
            {
                &quot;time&quot;: &quot;2022-02-22T10:37:53.212Z&quot;,
                &quot;status&quot;: &quot;SEND&quot;
            },
            {
                &quot;time&quot;: &quot;2022-02-22T10:37:53.247Z&quot;,
                &quot;status&quot;: &quot;DELIVERED&quot;
            },
            {
                &quot;time&quot;: &quot;2022-02-22T10:39:48.337Z&quot;,
                &quot;status&quot;: &quot;PENDING&quot;
            },
            {
                &quot;time&quot;: &quot;2022-02-22T10:39:48.361Z&quot;,
                &quot;status&quot;: &quot;SEND&quot;
            },
            {
                &quot;time&quot;: &quot;2022-02-22T10:39:48.394Z&quot;,
                &quot;status&quot;: &quot;DELIVERED&quot;
            },
            {
                &quot;time&quot;: &quot;2022-02-22T10:40:10.264Z&quot;,
                &quot;status&quot;: &quot;PENDING&quot;
            },
            {
                &quot;time&quot;: &quot;2022-02-22T10:40:10.288Z&quot;,
                &quot;status&quot;: &quot;SEND&quot;
            },
            {
                &quot;time&quot;: &quot;2022-02-22T10:40:10.320Z&quot;,
                &quot;status&quot;: &quot;DELIVERED&quot;
            },
            {
                &quot;time&quot;: &quot;2022-02-22T10:40:32.184Z&quot;,
                &quot;status&quot;: &quot;PENDING&quot;
            },
            {
                &quot;time&quot;: &quot;2022-02-22T10:40:32.212Z&quot;,
                &quot;status&quot;: &quot;SEND&quot;
            },
            {
                &quot;time&quot;: &quot;2022-02-22T10:40:32.245Z&quot;,
                &quot;status&quot;: &quot;DELIVERED&quot;
            },
            {
                &quot;time&quot;: &quot;2022-02-22T10:40:54.910Z&quot;,
                &quot;status&quot;: &quot;PENDING&quot;
            },
            {
                &quot;time&quot;: &quot;2022-02-22T10:40:54.935Z&quot;,
                &quot;status&quot;: &quot;SEND&quot;
            },
            {
                &quot;time&quot;: &quot;2022-02-22T10:40:54.967Z&quot;,
                &quot;status&quot;: &quot;DELIVERED&quot;
            },
            {
                &quot;time&quot;: &quot;2022-02-22T10:41:29.467Z&quot;,
                &quot;status&quot;: &quot;PENDING&quot;
            },
            {
                &quot;time&quot;: &quot;2022-02-22T10:41:29.492Z&quot;,
                &quot;status&quot;: &quot;SEND&quot;
            },
            {
                &quot;time&quot;: &quot;2022-02-22T10:41:29.524Z&quot;,
                &quot;status&quot;: &quot;DELIVERED&quot;
            },
            {
                &quot;time&quot;: &quot;2022-02-22T10:41:52.244Z&quot;,
                &quot;status&quot;: &quot;PENDING&quot;
            },
            {
                &quot;time&quot;: &quot;2022-02-22T10:41:52.268Z&quot;,
                &quot;status&quot;: &quot;SEND&quot;
            },
            {
                &quot;time&quot;: &quot;2022-02-22T10:41:52.298Z&quot;,
                &quot;status&quot;: &quot;DELIVERED&quot;
            },
            {
                &quot;time&quot;: &quot;2022-02-22T10:42:16.769Z&quot;,
                &quot;status&quot;: &quot;PENDING&quot;
            },
            {
                &quot;time&quot;: &quot;2022-02-22T10:42:16.794Z&quot;,
                &quot;status&quot;: &quot;SEND&quot;
            },
            {
                &quot;time&quot;: &quot;2022-02-22T10:42:16.826Z&quot;,
                &quot;status&quot;: &quot;DELIVERED&quot;
            },
            {
                &quot;time&quot;: &quot;2022-02-22T10:55:33.558Z&quot;,
                &quot;status&quot;: &quot;PENDING&quot;
            },
            {
                &quot;time&quot;: &quot;2022-02-22T10:55:33.592Z&quot;,
                &quot;status&quot;: &quot;SEND&quot;
            },
            {
                &quot;time&quot;: &quot;2022-02-22T10:55:33.620Z&quot;,
                &quot;status&quot;: &quot;DELIVERED&quot;
            },
            {
                &quot;time&quot;: &quot;2022-02-22T10:58:10.748Z&quot;,
                &quot;status&quot;: &quot;PENDING&quot;
            },
            {
                &quot;time&quot;: &quot;2022-02-22T10:58:10.772Z&quot;,
                &quot;status&quot;: &quot;SEND&quot;
            },
            {
                &quot;time&quot;: &quot;2022-02-22T10:58:10.805Z&quot;,
                &quot;status&quot;: &quot;DELIVERED&quot;
            },
            {
                &quot;time&quot;: &quot;2022-02-22T10:58:33.317Z&quot;,
                &quot;status&quot;: &quot;PENDING&quot;
            },
            {
                &quot;time&quot;: &quot;2022-02-22T10:58:33.342Z&quot;,
                &quot;status&quot;: &quot;SEND&quot;
            },
            {
                &quot;time&quot;: &quot;2022-02-22T10:58:33.375Z&quot;,
                &quot;status&quot;: &quot;DELIVERED&quot;
            },
            {
                &quot;time&quot;: &quot;2022-02-22T11:01:09.552Z&quot;,
                &quot;status&quot;: &quot;PENDING&quot;
            },
            {
                &quot;time&quot;: &quot;2022-02-22T11:01:09.576Z&quot;,
                &quot;status&quot;: &quot;SEND&quot;
            }
        ],
        &quot;status&quot;: &quot;DELIVERED&quot;
    },
    &quot;creationTime&quot;: &quot;2022-02-22T10:28:38.549Z&quot;,
    &quot;deviceId&quot;: &quot;14471660&quot;,
    &quot;deviceName&quot;: &quot;octocatrpi3&quot;,
    &quot;self&quot;: &quot;https://t493319102.eu-latest.cumulocity.com/devicecontrol/operations/14471086&quot;,
    &quot;id&quot;: &quot;14471086&quot;,
    &quot;status&quot;: &quot;PENDING&quot;,
    &quot;c8y_LogfileRequest&quot;: {
        &quot;searchText&quot;: &quot;&quot;,
        &quot;logFile&quot;: &quot;software-management&quot;,
        &quot;dateTo&quot;: &quot;2021-11-21T18:55:49+0530&quot;,
        &quot;dateFrom&quot;: &quot;2021-11-15T18:55:49+0530&quot;,
        &quot;maximumLines&quot;: 300
    },
    &quot;description&quot;: &quot;Log file request&quot;
}
12:02:00 DEBUG Final URL of the request: https://thin-edge-io.eu-latest.cumulocity.com/devicecontrol/operations?deviceId=14471660&amp;pageSize=1&amp;revert=true&amp;dateFrom=1970-01-01T00%3A00%3A00.000Z
12:02:00 INFO  State of current operation: PENDING
12:02:00 DEBUG Final URL of the request: https://thin-edge-io.eu-latest.cumulocity.com/devicecontrol/operations?deviceId=14471660&amp;pageSize=1&amp;revert=true&amp;dateFrom=1970-01-01T00%3A00%3A00.000Z
12:02:00 DEBUG State of current operation: {
    &quot;delivery&quot;: {
        &quot;time&quot;: &quot;2022-02-22T11:01:09.608Z&quot;,
        &quot;log&quot;: [
            {
                &quot;time&quot;: &quot;2022-02-22T10:28:38.571Z&quot;,
                &quot;status&quot;: &quot;PENDING&quot;
            },
            {
                &quot;time&quot;: &quot;2022-02-22T10:28:38.580Z&quot;,
                &quot;status&quot;: &quot;SEND&quot;
            },
            {
                &quot;time&quot;: &quot;2022-02-22T10:28:38.612Z&quot;,
                &quot;status&quot;: &quot;DELIVERED&quot;
            },
            {
                &quot;time&quot;: &quot;2022-02-22T10:29:41.769Z&quot;,
                &quot;status&quot;: &quot;PENDING&quot;
            },
            {
                &quot;time&quot;: &quot;2022-02-22T10:29:41.789Z&quot;,
                &quot;status&quot;: &quot;SEND&quot;
            },
            {
                &quot;time&quot;: &quot;2022-02-22T10:29:41.820Z&quot;,
                &quot;status&quot;: &quot;DELIVERED&quot;
            },
            {
                &quot;time&quot;: &quot;2022-02-22T10:30:36.690Z&quot;,
                &quot;status&quot;: &quot;PENDING&quot;
            },
            {
                &quot;time&quot;: &quot;2022-02-22T10:30:36.714Z&quot;,
                &quot;status&quot;: &quot;SEND&quot;
            },
            {
                &quot;time&quot;: &quot;2022-02-22T10:30:36.753Z&quot;,
                &quot;status&quot;: &quot;DELIVERED&quot;
            },
            {
                &quot;time&quot;: &quot;2022-02-22T10:31:49.629Z&quot;,
                &quot;status&quot;: &quot;PENDING&quot;
            },
            {
                &quot;time&quot;: &quot;2022-02-22T10:31:49.654Z&quot;,
                &quot;status&quot;: &quot;SEND&quot;
            },
            {
                &quot;time&quot;: &quot;2022-02-22T10:31:49.686Z&quot;,
                &quot;status&quot;: &quot;DELIVERED&quot;
            },
            {
                &quot;time&quot;: &quot;2022-02-22T10:33:02.291Z&quot;,
                &quot;status&quot;: &quot;PENDING&quot;
            },
            {
                &quot;time&quot;: &quot;2022-02-22T10:33:02.316Z&quot;,
                &quot;status&quot;: &quot;SEND&quot;
            },
            {
                &quot;time&quot;: &quot;2022-02-22T10:33:02.347Z&quot;,
                &quot;status&quot;: &quot;DELIVERED&quot;
            },
            {
                &quot;time&quot;: &quot;2022-02-22T10:33:40.393Z&quot;,
                &quot;status&quot;: &quot;PENDING&quot;
            },
            {
                &quot;time&quot;: &quot;2022-02-22T10:33:40.416Z&quot;,
                &quot;status&quot;: &quot;SEND&quot;
            },
            {
                &quot;time&quot;: &quot;2022-02-22T10:33:40.449Z&quot;,
                &quot;status&quot;: &quot;DELIVERED&quot;
            },
            {
                &quot;time&quot;: &quot;2022-02-22T10:34:31.797Z&quot;,
                &quot;status&quot;: &quot;PENDING&quot;
            },
            {
                &quot;time&quot;: &quot;2022-02-22T10:34:31.818Z&quot;,
                &quot;status&quot;: &quot;SEND&quot;
            },
            {
                &quot;time&quot;: &quot;2022-02-22T10:34:31.850Z&quot;,
                &quot;status&quot;: &quot;DELIVERED&quot;
            },
            {
                &quot;time&quot;: &quot;2022-02-22T10:35:23.062Z&quot;,
                &quot;status&quot;: &quot;PENDING&quot;
            },
            {
                &quot;time&quot;: &quot;2022-02-22T10:35:23.084Z&quot;,
                &quot;status&quot;: &quot;SEND&quot;
            },
            {
                &quot;time&quot;: &quot;2022-02-22T10:35:23.118Z&quot;,
                &quot;status&quot;: &quot;DELIVERED&quot;
            },
            {
                &quot;time&quot;: &quot;2022-02-22T10:36:03.111Z&quot;,
                &quot;status&quot;: &quot;PENDING&quot;
            },
            {
                &quot;time&quot;: &quot;2022-02-22T10:36:03.134Z&quot;,
                &quot;status&quot;: &quot;SEND&quot;
            },
            {
                &quot;time&quot;: &quot;2022-02-22T10:36:03.168Z&quot;,
                &quot;status&quot;: &quot;DELIVERED&quot;
            },
            {
                &quot;time&quot;: &quot;2022-02-22T10:37:53.192Z&quot;,
                &quot;status&quot;: &quot;PENDING&quot;
            },
            {
                &quot;time&quot;: &quot;2022-02-22T10:37:53.212Z&quot;,
                &quot;status&quot;: &quot;SEND&quot;
            },
            {
                &quot;time&quot;: &quot;2022-02-22T10:37:53.247Z&quot;,
                &quot;status&quot;: &quot;DELIVERED&quot;
            },
            {
                &quot;time&quot;: &quot;2022-02-22T10:39:48.337Z&quot;,
                &quot;status&quot;: &quot;PENDING&quot;
            },
            {
                &quot;time&quot;: &quot;2022-02-22T10:39:48.361Z&quot;,
                &quot;status&quot;: &quot;SEND&quot;
            },
            {
                &quot;time&quot;: &quot;2022-02-22T10:39:48.394Z&quot;,
                &quot;status&quot;: &quot;DELIVERED&quot;
            },
            {
                &quot;time&quot;: &quot;2022-02-22T10:40:10.264Z&quot;,
                &quot;status&quot;: &quot;PENDING&quot;
            },
            {
                &quot;time&quot;: &quot;2022-02-22T10:40:10.288Z&quot;,
                &quot;status&quot;: &quot;SEND&quot;
            },
            {
                &quot;time&quot;: &quot;2022-02-22T10:40:10.320Z&quot;,
                &quot;status&quot;: &quot;DELIVERED&quot;
            },
            {
                &quot;time&quot;: &quot;2022-02-22T10:40:32.184Z&quot;,
                &quot;status&quot;: &quot;PENDING&quot;
            },
            {
                &quot;time&quot;: &quot;2022-02-22T10:40:32.212Z&quot;,
                &quot;status&quot;: &quot;SEND&quot;
            },
            {
                &quot;time&quot;: &quot;2022-02-22T10:40:32.245Z&quot;,
                &quot;status&quot;: &quot;DELIVERED&quot;
            },
            {
                &quot;time&quot;: &quot;2022-02-22T10:40:54.910Z&quot;,
                &quot;status&quot;: &quot;PENDING&quot;
            },
            {
                &quot;time&quot;: &quot;2022-02-22T10:40:54.935Z&quot;,
                &quot;status&quot;: &quot;SEND&quot;
            },
            {
                &quot;time&quot;: &quot;2022-02-22T10:40:54.967Z&quot;,
                &quot;status&quot;: &quot;DELIVERED&quot;
            },
            {
                &quot;time&quot;: &quot;2022-02-22T10:41:29.467Z&quot;,
                &quot;status&quot;: &quot;PENDING&quot;
            },
            {
                &quot;time&quot;: &quot;2022-02-22T10:41:29.492Z&quot;,
                &quot;status&quot;: &quot;SEND&quot;
            },
            {
                &quot;time&quot;: &quot;2022-02-22T10:41:29.524Z&quot;,
                &quot;status&quot;: &quot;DELIVERED&quot;
            },
            {
                &quot;time&quot;: &quot;2022-02-22T10:41:52.244Z&quot;,
                &quot;status&quot;: &quot;PENDING&quot;
            },
            {
                &quot;time&quot;: &quot;2022-02-22T10:41:52.268Z&quot;,
                &quot;status&quot;: &quot;SEND&quot;
            },
            {
                &quot;time&quot;: &quot;2022-02-22T10:41:52.298Z&quot;,
                &quot;status&quot;: &quot;DELIVERED&quot;
            },
            {
                &quot;time&quot;: &quot;2022-02-22T10:42:16.769Z&quot;,
                &quot;status&quot;: &quot;PENDING&quot;
            },
            {
                &quot;time&quot;: &quot;2022-02-22T10:42:16.794Z&quot;,
                &quot;status&quot;: &quot;SEND&quot;
            },
            {
                &quot;time&quot;: &quot;2022-02-22T10:42:16.826Z&quot;,
                &quot;status&quot;: &quot;DELIVERED&quot;
            },
            {
                &quot;time&quot;: &quot;2022-02-22T10:55:33.558Z&quot;,
                &quot;status&quot;: &quot;PENDING&quot;
            },
            {
                &quot;time&quot;: &quot;2022-02-22T10:55:33.592Z&quot;,
                &quot;status&quot;: &quot;SEND&quot;
            },
            {
                &quot;time&quot;: &quot;2022-02-22T10:55:33.620Z&quot;,
                &quot;status&quot;: &quot;DELIVERED&quot;
            },
            {
                &quot;time&quot;: &quot;2022-02-22T10:58:10.748Z&quot;,
                &quot;status&quot;: &quot;PENDING&quot;
            },
            {
                &quot;time&quot;: &quot;2022-02-22T10:58:10.772Z&quot;,
                &quot;status&quot;: &quot;SEND&quot;
            },
            {
                &quot;time&quot;: &quot;2022-02-22T10:58:10.805Z&quot;,
                &quot;status&quot;: &quot;DELIVERED&quot;
            },
            {
                &quot;time&quot;: &quot;2022-02-22T10:58:33.317Z&quot;,
                &quot;status&quot;: &quot;PENDING&quot;
            },
            {
                &quot;time&quot;: &quot;2022-02-22T10:58:33.342Z&quot;,
                &quot;status&quot;: &quot;SEND&quot;
            },
            {
                &quot;time&quot;: &quot;2022-02-22T10:58:33.375Z&quot;,
                &quot;status&quot;: &quot;DELIVERED&quot;
            },
            {
                &quot;time&quot;: &quot;2022-02-22T11:01:09.552Z&quot;,
                &quot;status&quot;: &quot;PENDING&quot;
            },
            {
                &quot;time&quot;: &quot;2022-02-22T11:01:09.576Z&quot;,
                &quot;status&quot;: &quot;SEND&quot;
            }
        ],
        &quot;status&quot;: &quot;DELIVERED&quot;
    },
    &quot;creationTime&quot;: &quot;2022-02-22T10:28:38.549Z&quot;,
    &quot;deviceId&quot;: &quot;14471660&quot;,
    &quot;deviceName&quot;: &quot;octocatrpi3&quot;,
    &quot;self&quot;: &quot;https://t493319102.eu-latest.cumulocity.com/devicecontrol/operations/14471086&quot;,
    &quot;id&quot;: &quot;14471086&quot;,
    &quot;status&quot;: &quot;PENDING&quot;,
    &quot;c8y_LogfileRequest&quot;: {
        &quot;searchText&quot;: &quot;&quot;,
        &quot;logFile&quot;: &quot;software-management&quot;,
        &quot;dateTo&quot;: &quot;2021-11-21T18:55:49+0530&quot;,
        &quot;dateFrom&quot;: &quot;2021-11-15T18:55:49+0530&quot;,
        &quot;maximumLines&quot;: 300
    },
    &quot;description&quot;: &quot;Log file request&quot;
}
12:02:02 DEBUG Final URL of the request: https://thin-edge-io.eu-latest.cumulocity.com/devicecontrol/operations?deviceId=14471660&amp;pageSize=1&amp;revert=true&amp;dateFrom=1970-01-01T00%3A00%3A00.000Z
12:02:02 INFO  State of current operation: PENDING
12:02:02 DEBUG Final URL of the request: https://thin-edge-io.eu-latest.cumulocity.com/devicecontrol/operations?deviceId=14471660&amp;pageSize=1&amp;revert=true&amp;dateFrom=1970-01-01T00%3A00%3A00.000Z
12:02:02 DEBUG State of current operation: {
    &quot;delivery&quot;: {
        &quot;time&quot;: &quot;2022-02-22T11:01:09.608Z&quot;,
        &quot;log&quot;: [
            {
                &quot;time&quot;: &quot;2022-02-22T10:28:38.571Z&quot;,
                &quot;status&quot;: &quot;PENDING&quot;
            },
            {
                &quot;time&quot;: &quot;2022-02-22T10:28:38.580Z&quot;,
                &quot;status&quot;: &quot;SEND&quot;
            },
            {
                &quot;time&quot;: &quot;2022-02-22T10:28:38.612Z&quot;,
                &quot;status&quot;: &quot;DELIVERED&quot;
            },
            {
                &quot;time&quot;: &quot;2022-02-22T10:29:41.769Z&quot;,
                &quot;status&quot;: &quot;PENDING&quot;
            },
            {
                &quot;time&quot;: &quot;2022-02-22T10:29:41.789Z&quot;,
                &quot;status&quot;: &quot;SEND&quot;
            },
            {
                &quot;time&quot;: &quot;2022-02-22T10:29:41.820Z&quot;,
                &quot;status&quot;: &quot;DELIVERED&quot;
            },
            {
                &quot;time&quot;: &quot;2022-02-22T10:30:36.690Z&quot;,
                &quot;status&quot;: &quot;PENDING&quot;
            },
            {
                &quot;time&quot;: &quot;2022-02-22T10:30:36.714Z&quot;,
                &quot;status&quot;: &quot;SEND&quot;
            },
            {
                &quot;time&quot;: &quot;2022-02-22T10:30:36.753Z&quot;,
                &quot;status&quot;: &quot;DELIVERED&quot;
            },
            {
                &quot;time&quot;: &quot;2022-02-22T10:31:49.629Z&quot;,
                &quot;status&quot;: &quot;PENDING&quot;
            },
            {
                &quot;time&quot;: &quot;2022-02-22T10:31:49.654Z&quot;,
                &quot;status&quot;: &quot;SEND&quot;
            },
            {
                &quot;time&quot;: &quot;2022-02-22T10:31:49.686Z&quot;,
                &quot;status&quot;: &quot;DELIVERED&quot;
            },
            {
                &quot;time&quot;: &quot;2022-02-22T10:33:02.291Z&quot;,
                &quot;status&quot;: &quot;PENDING&quot;
            },
            {
                &quot;time&quot;: &quot;2022-02-22T10:33:02.316Z&quot;,
                &quot;status&quot;: &quot;SEND&quot;
            },
            {
                &quot;time&quot;: &quot;2022-02-22T10:33:02.347Z&quot;,
                &quot;status&quot;: &quot;DELIVERED&quot;
            },
            {
                &quot;time&quot;: &quot;2022-02-22T10:33:40.393Z&quot;,
                &quot;status&quot;: &quot;PENDING&quot;
            },
            {
                &quot;time&quot;: &quot;2022-02-22T10:33:40.416Z&quot;,
                &quot;status&quot;: &quot;SEND&quot;
            },
            {
                &quot;time&quot;: &quot;2022-02-22T10:33:40.449Z&quot;,
                &quot;status&quot;: &quot;DELIVERED&quot;
            },
            {
                &quot;time&quot;: &quot;2022-02-22T10:34:31.797Z&quot;,
                &quot;status&quot;: &quot;PENDING&quot;
            },
            {
                &quot;time&quot;: &quot;2022-02-22T10:34:31.818Z&quot;,
                &quot;status&quot;: &quot;SEND&quot;
            },
            {
                &quot;time&quot;: &quot;2022-02-22T10:34:31.850Z&quot;,
                &quot;status&quot;: &quot;DELIVERED&quot;
            },
            {
                &quot;time&quot;: &quot;2022-02-22T10:35:23.062Z&quot;,
                &quot;status&quot;: &quot;PENDING&quot;
            },
            {
                &quot;time&quot;: &quot;2022-02-22T10:35:23.084Z&quot;,
                &quot;status&quot;: &quot;SEND&quot;
            },
            {
                &quot;time&quot;: &quot;2022-02-22T10:35:23.118Z&quot;,
                &quot;status&quot;: &quot;DELIVERED&quot;
            },
            {
                &quot;time&quot;: &quot;2022-02-22T10:36:03.111Z&quot;,
                &quot;status&quot;: &quot;PENDING&quot;
            },
            {
                &quot;time&quot;: &quot;2022-02-22T10:36:03.134Z&quot;,
                &quot;status&quot;: &quot;SEND&quot;
            },
            {
                &quot;time&quot;: &quot;2022-02-22T10:36:03.168Z&quot;,
                &quot;status&quot;: &quot;DELIVERED&quot;
            },
            {
                &quot;time&quot;: &quot;2022-02-22T10:37:53.192Z&quot;,
                &quot;status&quot;: &quot;PENDING&quot;
            },
            {
                &quot;time&quot;: &quot;2022-02-22T10:37:53.212Z&quot;,
                &quot;status&quot;: &quot;SEND&quot;
            },
            {
                &quot;time&quot;: &quot;2022-02-22T10:37:53.247Z&quot;,
                &quot;status&quot;: &quot;DELIVERED&quot;
            },
            {
                &quot;time&quot;: &quot;2022-02-22T10:39:48.337Z&quot;,
                &quot;status&quot;: &quot;PENDING&quot;
            },
            {
                &quot;time&quot;: &quot;2022-02-22T10:39:48.361Z&quot;,
                &quot;status&quot;: &quot;SEND&quot;
            },
            {
                &quot;time&quot;: &quot;2022-02-22T10:39:48.394Z&quot;,
                &quot;status&quot;: &quot;DELIVERED&quot;
            },
            {
                &quot;time&quot;: &quot;2022-02-22T10:40:10.264Z&quot;,
                &quot;status&quot;: &quot;PENDING&quot;
            },
            {
                &quot;time&quot;: &quot;2022-02-22T10:40:10.288Z&quot;,
                &quot;status&quot;: &quot;SEND&quot;
            },
            {
                &quot;time&quot;: &quot;2022-02-22T10:40:10.320Z&quot;,
                &quot;status&quot;: &quot;DELIVERED&quot;
            },
            {
                &quot;time&quot;: &quot;2022-02-22T10:40:32.184Z&quot;,
                &quot;status&quot;: &quot;PENDING&quot;
            },
            {
                &quot;time&quot;: &quot;2022-02-22T10:40:32.212Z&quot;,
                &quot;status&quot;: &quot;SEND&quot;
            },
            {
                &quot;time&quot;: &quot;2022-02-22T10:40:32.245Z&quot;,
                &quot;status&quot;: &quot;DELIVERED&quot;
            },
            {
                &quot;time&quot;: &quot;2022-02-22T10:40:54.910Z&quot;,
                &quot;status&quot;: &quot;PENDING&quot;
            },
            {
                &quot;time&quot;: &quot;2022-02-22T10:40:54.935Z&quot;,
                &quot;status&quot;: &quot;SEND&quot;
            },
            {
                &quot;time&quot;: &quot;2022-02-22T10:40:54.967Z&quot;,
                &quot;status&quot;: &quot;DELIVERED&quot;
            },
            {
                &quot;time&quot;: &quot;2022-02-22T10:41:29.467Z&quot;,
                &quot;status&quot;: &quot;PENDING&quot;
            },
            {
                &quot;time&quot;: &quot;2022-02-22T10:41:29.492Z&quot;,
                &quot;status&quot;: &quot;SEND&quot;
            },
            {
                &quot;time&quot;: &quot;2022-02-22T10:41:29.524Z&quot;,
                &quot;status&quot;: &quot;DELIVERED&quot;
            },
            {
                &quot;time&quot;: &quot;2022-02-22T10:41:52.244Z&quot;,
                &quot;status&quot;: &quot;PENDING&quot;
            },
            {
                &quot;time&quot;: &quot;2022-02-22T10:41:52.268Z&quot;,
                &quot;status&quot;: &quot;SEND&quot;
            },
            {
                &quot;time&quot;: &quot;2022-02-22T10:41:52.298Z&quot;,
                &quot;status&quot;: &quot;DELIVERED&quot;
            },
            {
                &quot;time&quot;: &quot;2022-02-22T10:42:16.769Z&quot;,
                &quot;status&quot;: &quot;PENDING&quot;
            },
            {
                &quot;time&quot;: &quot;2022-02-22T10:42:16.794Z&quot;,
                &quot;status&quot;: &quot;SEND&quot;
            },
            {
                &quot;time&quot;: &quot;2022-02-22T10:42:16.826Z&quot;,
                &quot;status&quot;: &quot;DELIVERED&quot;
            },
            {
                &quot;time&quot;: &quot;2022-02-22T10:55:33.558Z&quot;,
                &quot;status&quot;: &quot;PENDING&quot;
            },
            {
                &quot;time&quot;: &quot;2022-02-22T10:55:33.592Z&quot;,
                &quot;status&quot;: &quot;SEND&quot;
            },
            {
                &quot;time&quot;: &quot;2022-02-22T10:55:33.620Z&quot;,
                &quot;status&quot;: &quot;DELIVERED&quot;
            },
            {
                &quot;time&quot;: &quot;2022-02-22T10:58:10.748Z&quot;,
                &quot;status&quot;: &quot;PENDING&quot;
            },
            {
                &quot;time&quot;: &quot;2022-02-22T10:58:10.772Z&quot;,
                &quot;status&quot;: &quot;SEND&quot;
            },
            {
                &quot;time&quot;: &quot;2022-02-22T10:58:10.805Z&quot;,
                &quot;status&quot;: &quot;DELIVERED&quot;
            },
            {
                &quot;time&quot;: &quot;2022-02-22T10:58:33.317Z&quot;,
                &quot;status&quot;: &quot;PENDING&quot;
            },
            {
                &quot;time&quot;: &quot;2022-02-22T10:58:33.342Z&quot;,
                &quot;status&quot;: &quot;SEND&quot;
            },
            {
                &quot;time&quot;: &quot;2022-02-22T10:58:33.375Z&quot;,
                &quot;status&quot;: &quot;DELIVERED&quot;
            },
            {
                &quot;time&quot;: &quot;2022-02-22T11:01:09.552Z&quot;,
                &quot;status&quot;: &quot;PENDING&quot;
            },
            {
                &quot;time&quot;: &quot;2022-02-22T11:01:09.576Z&quot;,
                &quot;status&quot;: &quot;SEND&quot;
            }
        ],
        &quot;status&quot;: &quot;DELIVERED&quot;
    },
    &quot;creationTime&quot;: &quot;2022-02-22T10:28:38.549Z&quot;,
    &quot;deviceId&quot;: &quot;14471660&quot;,
    &quot;deviceName&quot;: &quot;octocatrpi3&quot;,
    &quot;self&quot;: &quot;https://t493319102.eu-latest.cumulocity.com/devicecontrol/operations/14471086&quot;,
    &quot;id&quot;: &quot;14471086&quot;,
    &quot;status&quot;: &quot;PENDING&quot;,
    &quot;c8y_LogfileRequest&quot;: {
        &quot;searchText&quot;: &quot;&quot;,
        &quot;logFile&quot;: &quot;software-management&quot;,
        &quot;dateTo&quot;: &quot;2021-11-21T18:55:49+0530&quot;,
        &quot;dateFrom&quot;: &quot;2021-11-15T18:55:49+0530&quot;,
        &quot;maximumLines&quot;: 300
    },
    &quot;description&quot;: &quot;Log file request&quot;
}
12:02:04 DEBUG Final URL of the request: https://thin-edge-io.eu-latest.cumulocity.com/devicecontrol/operations?deviceId=14471660&amp;pageSize=1&amp;revert=true&amp;dateFrom=1970-01-01T00%3A00%3A00.000Z
12:02:04 INFO  State of current operation: PENDING
12:02:04 DEBUG Final URL of the request: https://thin-edge-io.eu-latest.cumulocity.com/devicecontrol/operations?deviceId=14471660&amp;pageSize=1&amp;revert=true&amp;dateFrom=1970-01-01T00%3A00%3A00.000Z
12:02:04 DEBUG State of current operation: {
    &quot;delivery&quot;: {
        &quot;time&quot;: &quot;2022-02-22T11:01:09.608Z&quot;,
        &quot;log&quot;: [
            {
                &quot;time&quot;: &quot;2022-02-22T10:28:38.571Z&quot;,
                &quot;status&quot;: &quot;PENDING&quot;
            },
            {
                &quot;time&quot;: &quot;2022-02-22T10:28:38.580Z&quot;,
                &quot;status&quot;: &quot;SEND&quot;
            },
            {
                &quot;time&quot;: &quot;2022-02-22T10:28:38.612Z&quot;,
                &quot;status&quot;: &quot;DELIVERED&quot;
            },
            {
                &quot;time&quot;: &quot;2022-02-22T10:29:41.769Z&quot;,
                &quot;status&quot;: &quot;PENDING&quot;
            },
            {
                &quot;time&quot;: &quot;2022-02-22T10:29:41.789Z&quot;,
                &quot;status&quot;: &quot;SEND&quot;
            },
            {
                &quot;time&quot;: &quot;2022-02-22T10:29:41.820Z&quot;,
                &quot;status&quot;: &quot;DELIVERED&quot;
            },
            {
                &quot;time&quot;: &quot;2022-02-22T10:30:36.690Z&quot;,
                &quot;status&quot;: &quot;PENDING&quot;
            },
            {
                &quot;time&quot;: &quot;2022-02-22T10:30:36.714Z&quot;,
                &quot;status&quot;: &quot;SEND&quot;
            },
            {
                &quot;time&quot;: &quot;2022-02-22T10:30:36.753Z&quot;,
                &quot;status&quot;: &quot;DELIVERED&quot;
            },
            {
                &quot;time&quot;: &quot;2022-02-22T10:31:49.629Z&quot;,
                &quot;status&quot;: &quot;PENDING&quot;
            },
            {
                &quot;time&quot;: &quot;2022-02-22T10:31:49.654Z&quot;,
                &quot;status&quot;: &quot;SEND&quot;
            },
            {
                &quot;time&quot;: &quot;2022-02-22T10:31:49.686Z&quot;,
                &quot;status&quot;: &quot;DELIVERED&quot;
            },
            {
                &quot;time&quot;: &quot;2022-02-22T10:33:02.291Z&quot;,
                &quot;status&quot;: &quot;PENDING&quot;
            },
            {
                &quot;time&quot;: &quot;2022-02-22T10:33:02.316Z&quot;,
                &quot;status&quot;: &quot;SEND&quot;
            },
            {
                &quot;time&quot;: &quot;2022-02-22T10:33:02.347Z&quot;,
                &quot;status&quot;: &quot;DELIVERED&quot;
            },
            {
                &quot;time&quot;: &quot;2022-02-22T10:33:40.393Z&quot;,
                &quot;status&quot;: &quot;PENDING&quot;
            },
            {
                &quot;time&quot;: &quot;2022-02-22T10:33:40.416Z&quot;,
                &quot;status&quot;: &quot;SEND&quot;
            },
            {
                &quot;time&quot;: &quot;2022-02-22T10:33:40.449Z&quot;,
                &quot;status&quot;: &quot;DELIVERED&quot;
            },
            {
                &quot;time&quot;: &quot;2022-02-22T10:34:31.797Z&quot;,
                &quot;status&quot;: &quot;PENDING&quot;
            },
            {
                &quot;time&quot;: &quot;2022-02-22T10:34:31.818Z&quot;,
                &quot;status&quot;: &quot;SEND&quot;
            },
            {
                &quot;time&quot;: &quot;2022-02-22T10:34:31.850Z&quot;,
                &quot;status&quot;: &quot;DELIVERED&quot;
            },
            {
                &quot;time&quot;: &quot;2022-02-22T10:35:23.062Z&quot;,
                &quot;status&quot;: &quot;PENDING&quot;
            },
            {
                &quot;time&quot;: &quot;2022-02-22T10:35:23.084Z&quot;,
                &quot;status&quot;: &quot;SEND&quot;
            },
            {
                &quot;time&quot;: &quot;2022-02-22T10:35:23.118Z&quot;,
                &quot;status&quot;: &quot;DELIVERED&quot;
            },
            {
                &quot;time&quot;: &quot;2022-02-22T10:36:03.111Z&quot;,
                &quot;status&quot;: &quot;PENDING&quot;
            },
            {
                &quot;time&quot;: &quot;2022-02-22T10:36:03.134Z&quot;,
                &quot;status&quot;: &quot;SEND&quot;
            },
            {
                &quot;time&quot;: &quot;2022-02-22T10:36:03.168Z&quot;,
                &quot;status&quot;: &quot;DELIVERED&quot;
            },
            {
                &quot;time&quot;: &quot;2022-02-22T10:37:53.192Z&quot;,
                &quot;status&quot;: &quot;PENDING&quot;
            },
            {
                &quot;time&quot;: &quot;2022-02-22T10:37:53.212Z&quot;,
                &quot;status&quot;: &quot;SEND&quot;
            },
            {
                &quot;time&quot;: &quot;2022-02-22T10:37:53.247Z&quot;,
                &quot;status&quot;: &quot;DELIVERED&quot;
            },
            {
                &quot;time&quot;: &quot;2022-02-22T10:39:48.337Z&quot;,
                &quot;status&quot;: &quot;PENDING&quot;
            },
            {
                &quot;time&quot;: &quot;2022-02-22T10:39:48.361Z&quot;,
                &quot;status&quot;: &quot;SEND&quot;
            },
            {
                &quot;time&quot;: &quot;2022-02-22T10:39:48.394Z&quot;,
                &quot;status&quot;: &quot;DELIVERED&quot;
            },
            {
                &quot;time&quot;: &quot;2022-02-22T10:40:10.264Z&quot;,
                &quot;status&quot;: &quot;PENDING&quot;
            },
            {
                &quot;time&quot;: &quot;2022-02-22T10:40:10.288Z&quot;,
                &quot;status&quot;: &quot;SEND&quot;
            },
            {
                &quot;time&quot;: &quot;2022-02-22T10:40:10.320Z&quot;,
                &quot;status&quot;: &quot;DELIVERED&quot;
            },
            {
                &quot;time&quot;: &quot;2022-02-22T10:40:32.184Z&quot;,
                &quot;status&quot;: &quot;PENDING&quot;
            },
            {
                &quot;time&quot;: &quot;2022-02-22T10:40:32.212Z&quot;,
                &quot;status&quot;: &quot;SEND&quot;
            },
            {
                &quot;time&quot;: &quot;2022-02-22T10:40:32.245Z&quot;,
                &quot;status&quot;: &quot;DELIVERED&quot;
            },
            {
                &quot;time&quot;: &quot;2022-02-22T10:40:54.910Z&quot;,
                &quot;status&quot;: &quot;PENDING&quot;
            },
            {
                &quot;time&quot;: &quot;2022-02-22T10:40:54.935Z&quot;,
                &quot;status&quot;: &quot;SEND&quot;
            },
            {
                &quot;time&quot;: &quot;2022-02-22T10:40:54.967Z&quot;,
                &quot;status&quot;: &quot;DELIVERED&quot;
            },
            {
                &quot;time&quot;: &quot;2022-02-22T10:41:29.467Z&quot;,
                &quot;status&quot;: &quot;PENDING&quot;
            },
            {
                &quot;time&quot;: &quot;2022-02-22T10:41:29.492Z&quot;,
                &quot;status&quot;: &quot;SEND&quot;
            },
            {
                &quot;time&quot;: &quot;2022-02-22T10:41:29.524Z&quot;,
                &quot;status&quot;: &quot;DELIVERED&quot;
            },
            {
                &quot;time&quot;: &quot;2022-02-22T10:41:52.244Z&quot;,
                &quot;status&quot;: &quot;PENDING&quot;
            },
            {
                &quot;time&quot;: &quot;2022-02-22T10:41:52.268Z&quot;,
                &quot;status&quot;: &quot;SEND&quot;
            },
            {
                &quot;time&quot;: &quot;2022-02-22T10:41:52.298Z&quot;,
                &quot;status&quot;: &quot;DELIVERED&quot;
            },
            {
                &quot;time&quot;: &quot;2022-02-22T10:42:16.769Z&quot;,
                &quot;status&quot;: &quot;PENDING&quot;
            },
            {
                &quot;time&quot;: &quot;2022-02-22T10:42:16.794Z&quot;,
                &quot;status&quot;: &quot;SEND&quot;
            },
            {
                &quot;time&quot;: &quot;2022-02-22T10:42:16.826Z&quot;,
                &quot;status&quot;: &quot;DELIVERED&quot;
            },
            {
                &quot;time&quot;: &quot;2022-02-22T10:55:33.558Z&quot;,
                &quot;status&quot;: &quot;PENDING&quot;
            },
            {
                &quot;time&quot;: &quot;2022-02-22T10:55:33.592Z&quot;,
                &quot;status&quot;: &quot;SEND&quot;
            },
            {
                &quot;time&quot;: &quot;2022-02-22T10:55:33.620Z&quot;,
                &quot;status&quot;: &quot;DELIVERED&quot;
            },
            {
                &quot;time&quot;: &quot;2022-02-22T10:58:10.748Z&quot;,
                &quot;status&quot;: &quot;PENDING&quot;
            },
            {
                &quot;time&quot;: &quot;2022-02-22T10:58:10.772Z&quot;,
                &quot;status&quot;: &quot;SEND&quot;
            },
            {
                &quot;time&quot;: &quot;2022-02-22T10:58:10.805Z&quot;,
                &quot;status&quot;: &quot;DELIVERED&quot;
            },
            {
                &quot;time&quot;: &quot;2022-02-22T10:58:33.317Z&quot;,
                &quot;status&quot;: &quot;PENDING&quot;
            },
            {
                &quot;time&quot;: &quot;2022-02-22T10:58:33.342Z&quot;,
                &quot;status&quot;: &quot;SEND&quot;
            },
            {
                &quot;time&quot;: &quot;2022-02-22T10:58:33.375Z&quot;,
                &quot;status&quot;: &quot;DELIVERED&quot;
            },
            {
                &quot;time&quot;: &quot;2022-02-22T11:01:09.552Z&quot;,
                &quot;status&quot;: &quot;PENDING&quot;
            },
            {
                &quot;time&quot;: &quot;2022-02-22T11:01:09.576Z&quot;,
                &quot;status&quot;: &quot;SEND&quot;
            }
        ],
        &quot;status&quot;: &quot;DELIVERED&quot;
    },
    &quot;creationTime&quot;: &quot;2022-02-22T10:28:38.549Z&quot;,
    &quot;deviceId&quot;: &quot;14471660&quot;,
    &quot;deviceName&quot;: &quot;octocatrpi3&quot;,
    &quot;self&quot;: &quot;https://t493319102.eu-latest.cumulocity.com/devicecontrol/operations/14471086&quot;,
    &quot;id&quot;: &quot;14471086&quot;,
    &quot;status&quot;: &quot;PENDING&quot;,
    &quot;c8y_LogfileRequest&quot;: {
        &quot;searchText&quot;: &quot;&quot;,
        &quot;logFile&quot;: &quot;software-management&quot;,
        &quot;dateTo&quot;: &quot;2021-11-21T18:55:49+0530&quot;,
        &quot;dateFrom&quot;: &quot;2021-11-15T18:55:49+0530&quot;,
        &quot;maximumLines&quot;: 300
    },
    &quot;description&quot;: &quot;Log file request&quot;
}
12:02:06 DEBUG Final URL of the request: https://thin-edge-io.eu-latest.cumulocity.com/devicecontrol/operations?deviceId=14471660&amp;pageSize=1&amp;revert=true&amp;dateFrom=1970-01-01T00%3A00%3A00.000Z
12:02:06 INFO  State of current operation: PENDING
12:02:06 DEBUG Final URL of the request: https://thin-edge-io.eu-latest.cumulocity.com/devicecontrol/operations?deviceId=14471660&amp;pageSize=1&amp;revert=true&amp;dateFrom=1970-01-01T00%3A00%3A00.000Z
12:02:06 DEBUG State of current operation: {
    &quot;delivery&quot;: {
        &quot;time&quot;: &quot;2022-02-22T11:01:09.608Z&quot;,
        &quot;log&quot;: [
            {
                &quot;time&quot;: &quot;2022-02-22T10:28:38.571Z&quot;,
                &quot;status&quot;: &quot;PENDING&quot;
            },
            {
                &quot;time&quot;: &quot;2022-02-22T10:28:38.580Z&quot;,
                &quot;status&quot;: &quot;SEND&quot;
            },
            {
                &quot;time&quot;: &quot;2022-02-22T10:28:38.612Z&quot;,
                &quot;status&quot;: &quot;DELIVERED&quot;
            },
            {
                &quot;time&quot;: &quot;2022-02-22T10:29:41.769Z&quot;,
                &quot;status&quot;: &quot;PENDING&quot;
            },
            {
                &quot;time&quot;: &quot;2022-02-22T10:29:41.789Z&quot;,
                &quot;status&quot;: &quot;SEND&quot;
            },
            {
                &quot;time&quot;: &quot;2022-02-22T10:29:41.820Z&quot;,
                &quot;status&quot;: &quot;DELIVERED&quot;
            },
            {
                &quot;time&quot;: &quot;2022-02-22T10:30:36.690Z&quot;,
                &quot;status&quot;: &quot;PENDING&quot;
            },
            {
                &quot;time&quot;: &quot;2022-02-22T10:30:36.714Z&quot;,
                &quot;status&quot;: &quot;SEND&quot;
            },
            {
                &quot;time&quot;: &quot;2022-02-22T10:30:36.753Z&quot;,
                &quot;status&quot;: &quot;DELIVERED&quot;
            },
            {
                &quot;time&quot;: &quot;2022-02-22T10:31:49.629Z&quot;,
                &quot;status&quot;: &quot;PENDING&quot;
            },
            {
                &quot;time&quot;: &quot;2022-02-22T10:31:49.654Z&quot;,
                &quot;status&quot;: &quot;SEND&quot;
            },
            {
                &quot;time&quot;: &quot;2022-02-22T10:31:49.686Z&quot;,
                &quot;status&quot;: &quot;DELIVERED&quot;
            },
            {
                &quot;time&quot;: &quot;2022-02-22T10:33:02.291Z&quot;,
                &quot;status&quot;: &quot;PENDING&quot;
            },
            {
                &quot;time&quot;: &quot;2022-02-22T10:33:02.316Z&quot;,
                &quot;status&quot;: &quot;SEND&quot;
            },
            {
                &quot;time&quot;: &quot;2022-02-22T10:33:02.347Z&quot;,
                &quot;status&quot;: &quot;DELIVERED&quot;
            },
            {
                &quot;time&quot;: &quot;2022-02-22T10:33:40.393Z&quot;,
                &quot;status&quot;: &quot;PENDING&quot;
            },
            {
                &quot;time&quot;: &quot;2022-02-22T10:33:40.416Z&quot;,
                &quot;status&quot;: &quot;SEND&quot;
            },
            {
                &quot;time&quot;: &quot;2022-02-22T10:33:40.449Z&quot;,
                &quot;status&quot;: &quot;DELIVERED&quot;
            },
            {
                &quot;time&quot;: &quot;2022-02-22T10:34:31.797Z&quot;,
                &quot;status&quot;: &quot;PENDING&quot;
            },
            {
                &quot;time&quot;: &quot;2022-02-22T10:34:31.818Z&quot;,
                &quot;status&quot;: &quot;SEND&quot;
            },
            {
                &quot;time&quot;: &quot;2022-02-22T10:34:31.850Z&quot;,
                &quot;status&quot;: &quot;DELIVERED&quot;
            },
            {
                &quot;time&quot;: &quot;2022-02-22T10:35:23.062Z&quot;,
                &quot;status&quot;: &quot;PENDING&quot;
            },
            {
                &quot;time&quot;: &quot;2022-02-22T10:35:23.084Z&quot;,
                &quot;status&quot;: &quot;SEND&quot;
            },
            {
                &quot;time&quot;: &quot;2022-02-22T10:35:23.118Z&quot;,
                &quot;status&quot;: &quot;DELIVERED&quot;
            },
            {
                &quot;time&quot;: &quot;2022-02-22T10:36:03.111Z&quot;,
                &quot;status&quot;: &quot;PENDING&quot;
            },
            {
                &quot;time&quot;: &quot;2022-02-22T10:36:03.134Z&quot;,
                &quot;status&quot;: &quot;SEND&quot;
            },
            {
                &quot;time&quot;: &quot;2022-02-22T10:36:03.168Z&quot;,
                &quot;status&quot;: &quot;DELIVERED&quot;
            },
            {
                &quot;time&quot;: &quot;2022-02-22T10:37:53.192Z&quot;,
                &quot;status&quot;: &quot;PENDING&quot;
            },
            {
                &quot;time&quot;: &quot;2022-02-22T10:37:53.212Z&quot;,
                &quot;status&quot;: &quot;SEND&quot;
            },
            {
                &quot;time&quot;: &quot;2022-02-22T10:37:53.247Z&quot;,
                &quot;status&quot;: &quot;DELIVERED&quot;
            },
            {
                &quot;time&quot;: &quot;2022-02-22T10:39:48.337Z&quot;,
                &quot;status&quot;: &quot;PENDING&quot;
            },
            {
                &quot;time&quot;: &quot;2022-02-22T10:39:48.361Z&quot;,
                &quot;status&quot;: &quot;SEND&quot;
            },
            {
                &quot;time&quot;: &quot;2022-02-22T10:39:48.394Z&quot;,
                &quot;status&quot;: &quot;DELIVERED&quot;
            },
            {
                &quot;time&quot;: &quot;2022-02-22T10:40:10.264Z&quot;,
                &quot;status&quot;: &quot;PENDING&quot;
            },
            {
                &quot;time&quot;: &quot;2022-02-22T10:40:10.288Z&quot;,
                &quot;status&quot;: &quot;SEND&quot;
            },
            {
                &quot;time&quot;: &quot;2022-02-22T10:40:10.320Z&quot;,
                &quot;status&quot;: &quot;DELIVERED&quot;
            },
            {
                &quot;time&quot;: &quot;2022-02-22T10:40:32.184Z&quot;,
                &quot;status&quot;: &quot;PENDING&quot;
            },
            {
                &quot;time&quot;: &quot;2022-02-22T10:40:32.212Z&quot;,
                &quot;status&quot;: &quot;SEND&quot;
            },
            {
                &quot;time&quot;: &quot;2022-02-22T10:40:32.245Z&quot;,
                &quot;status&quot;: &quot;DELIVERED&quot;
            },
            {
                &quot;time&quot;: &quot;2022-02-22T10:40:54.910Z&quot;,
                &quot;status&quot;: &quot;PENDING&quot;
            },
            {
                &quot;time&quot;: &quot;2022-02-22T10:40:54.935Z&quot;,
                &quot;status&quot;: &quot;SEND&quot;
            },
            {
                &quot;time&quot;: &quot;2022-02-22T10:40:54.967Z&quot;,
                &quot;status&quot;: &quot;DELIVERED&quot;
            },
            {
                &quot;time&quot;: &quot;2022-02-22T10:41:29.467Z&quot;,
                &quot;status&quot;: &quot;PENDING&quot;
            },
            {
                &quot;time&quot;: &quot;2022-02-22T10:41:29.492Z&quot;,
                &quot;status&quot;: &quot;SEND&quot;
            },
            {
                &quot;time&quot;: &quot;2022-02-22T10:41:29.524Z&quot;,
                &quot;status&quot;: &quot;DELIVERED&quot;
            },
            {
                &quot;time&quot;: &quot;2022-02-22T10:41:52.244Z&quot;,
                &quot;status&quot;: &quot;PENDING&quot;
            },
            {
                &quot;time&quot;: &quot;2022-02-22T10:41:52.268Z&quot;,
                &quot;status&quot;: &quot;SEND&quot;
            },
            {
                &quot;time&quot;: &quot;2022-02-22T10:41:52.298Z&quot;,
                &quot;status&quot;: &quot;DELIVERED&quot;
            },
            {
                &quot;time&quot;: &quot;2022-02-22T10:42:16.769Z&quot;,
                &quot;status&quot;: &quot;PENDING&quot;
            },
            {
                &quot;time&quot;: &quot;2022-02-22T10:42:16.794Z&quot;,
                &quot;status&quot;: &quot;SEND&quot;
            },
            {
                &quot;time&quot;: &quot;2022-02-22T10:42:16.826Z&quot;,
                &quot;status&quot;: &quot;DELIVERED&quot;
            },
            {
                &quot;time&quot;: &quot;2022-02-22T10:55:33.558Z&quot;,
                &quot;status&quot;: &quot;PENDING&quot;
            },
            {
                &quot;time&quot;: &quot;2022-02-22T10:55:33.592Z&quot;,
                &quot;status&quot;: &quot;SEND&quot;
            },
            {
                &quot;time&quot;: &quot;2022-02-22T10:55:33.620Z&quot;,
                &quot;status&quot;: &quot;DELIVERED&quot;
            },
            {
                &quot;time&quot;: &quot;2022-02-22T10:58:10.748Z&quot;,
                &quot;status&quot;: &quot;PENDING&quot;
            },
            {
                &quot;time&quot;: &quot;2022-02-22T10:58:10.772Z&quot;,
                &quot;status&quot;: &quot;SEND&quot;
            },
            {
                &quot;time&quot;: &quot;2022-02-22T10:58:10.805Z&quot;,
                &quot;status&quot;: &quot;DELIVERED&quot;
            },
            {
                &quot;time&quot;: &quot;2022-02-22T10:58:33.317Z&quot;,
                &quot;status&quot;: &quot;PENDING&quot;
            },
            {
                &quot;time&quot;: &quot;2022-02-22T10:58:33.342Z&quot;,
                &quot;status&quot;: &quot;SEND&quot;
            },
            {
                &quot;time&quot;: &quot;2022-02-22T10:58:33.375Z&quot;,
                &quot;status&quot;: &quot;DELIVERED&quot;
            },
            {
                &quot;time&quot;: &quot;2022-02-22T11:01:09.552Z&quot;,
                &quot;status&quot;: &quot;PENDING&quot;
            },
            {
                &quot;time&quot;: &quot;2022-02-22T11:01:09.576Z&quot;,
                &quot;status&quot;: &quot;SEND&quot;
            }
        ],
        &quot;status&quot;: &quot;DELIVERED&quot;
    },
    &quot;creationTime&quot;: &quot;2022-02-22T10:28:38.549Z&quot;,
    &quot;deviceId&quot;: &quot;14471660&quot;,
    &quot;deviceName&quot;: &quot;octocatrpi3&quot;,
    &quot;self&quot;: &quot;https://t493319102.eu-latest.cumulocity.com/devicecontrol/operations/14471086&quot;,
    &quot;id&quot;: &quot;14471086&quot;,
    &quot;status&quot;: &quot;PENDING&quot;,
    &quot;c8y_LogfileRequest&quot;: {
        &quot;searchText&quot;: &quot;&quot;,
        &quot;logFile&quot;: &quot;software-management&quot;,
        &quot;dateTo&quot;: &quot;2021-11-21T18:55:49+0530&quot;,
        &quot;dateFrom&quot;: &quot;2021-11-15T18:55:49+0530&quot;,
        &quot;maximumLines&quot;: 300
    },
    &quot;description&quot;: &quot;Log file request&quot;
}
12:02:08 DEBUG Final URL of the request: https://thin-edge-io.eu-latest.cumulocity.com/devicecontrol/operations?deviceId=14471660&amp;pageSize=1&amp;revert=true&amp;dateFrom=1970-01-01T00%3A00%3A00.000Z
12:02:08 INFO  State of current operation: PENDING
12:02:08 DEBUG Final URL of the request: https://thin-edge-io.eu-latest.cumulocity.com/devicecontrol/operations?deviceId=14471660&amp;pageSize=1&amp;revert=true&amp;dateFrom=1970-01-01T00%3A00%3A00.000Z
12:02:08 DEBUG State of current operation: {
    &quot;delivery&quot;: {
        &quot;time&quot;: &quot;2022-02-22T11:01:09.608Z&quot;,
        &quot;log&quot;: [
            {
                &quot;time&quot;: &quot;2022-02-22T10:28:38.571Z&quot;,
                &quot;status&quot;: &quot;PENDING&quot;
            },
            {
                &quot;time&quot;: &quot;2022-02-22T10:28:38.580Z&quot;,
                &quot;status&quot;: &quot;SEND&quot;
            },
            {
                &quot;time&quot;: &quot;2022-02-22T10:28:38.612Z&quot;,
                &quot;status&quot;: &quot;DELIVERED&quot;
            },
            {
                &quot;time&quot;: &quot;2022-02-22T10:29:41.769Z&quot;,
                &quot;status&quot;: &quot;PENDING&quot;
            },
            {
                &quot;time&quot;: &quot;2022-02-22T10:29:41.789Z&quot;,
                &quot;status&quot;: &quot;SEND&quot;
            },
            {
                &quot;time&quot;: &quot;2022-02-22T10:29:41.820Z&quot;,
                &quot;status&quot;: &quot;DELIVERED&quot;
            },
            {
                &quot;time&quot;: &quot;2022-02-22T10:30:36.690Z&quot;,
                &quot;status&quot;: &quot;PENDING&quot;
            },
            {
                &quot;time&quot;: &quot;2022-02-22T10:30:36.714Z&quot;,
                &quot;status&quot;: &quot;SEND&quot;
            },
            {
                &quot;time&quot;: &quot;2022-02-22T10:30:36.753Z&quot;,
                &quot;status&quot;: &quot;DELIVERED&quot;
            },
            {
                &quot;time&quot;: &quot;2022-02-22T10:31:49.629Z&quot;,
                &quot;status&quot;: &quot;PENDING&quot;
            },
            {
                &quot;time&quot;: &quot;2022-02-22T10:31:49.654Z&quot;,
                &quot;status&quot;: &quot;SEND&quot;
            },
            {
                &quot;time&quot;: &quot;2022-02-22T10:31:49.686Z&quot;,
                &quot;status&quot;: &quot;DELIVERED&quot;
            },
            {
                &quot;time&quot;: &quot;2022-02-22T10:33:02.291Z&quot;,
                &quot;status&quot;: &quot;PENDING&quot;
            },
            {
                &quot;time&quot;: &quot;2022-02-22T10:33:02.316Z&quot;,
                &quot;status&quot;: &quot;SEND&quot;
            },
            {
                &quot;time&quot;: &quot;2022-02-22T10:33:02.347Z&quot;,
                &quot;status&quot;: &quot;DELIVERED&quot;
            },
            {
                &quot;time&quot;: &quot;2022-02-22T10:33:40.393Z&quot;,
                &quot;status&quot;: &quot;PENDING&quot;
            },
            {
                &quot;time&quot;: &quot;2022-02-22T10:33:40.416Z&quot;,
                &quot;status&quot;: &quot;SEND&quot;
            },
            {
                &quot;time&quot;: &quot;2022-02-22T10:33:40.449Z&quot;,
                &quot;status&quot;: &quot;DELIVERED&quot;
            },
            {
                &quot;time&quot;: &quot;2022-02-22T10:34:31.797Z&quot;,
                &quot;status&quot;: &quot;PENDING&quot;
            },
            {
                &quot;time&quot;: &quot;2022-02-22T10:34:31.818Z&quot;,
                &quot;status&quot;: &quot;SEND&quot;
            },
            {
                &quot;time&quot;: &quot;2022-02-22T10:34:31.850Z&quot;,
                &quot;status&quot;: &quot;DELIVERED&quot;
            },
            {
                &quot;time&quot;: &quot;2022-02-22T10:35:23.062Z&quot;,
                &quot;status&quot;: &quot;PENDING&quot;
            },
            {
                &quot;time&quot;: &quot;2022-02-22T10:35:23.084Z&quot;,
                &quot;status&quot;: &quot;SEND&quot;
            },
            {
                &quot;time&quot;: &quot;2022-02-22T10:35:23.118Z&quot;,
                &quot;status&quot;: &quot;DELIVERED&quot;
            },
            {
                &quot;time&quot;: &quot;2022-02-22T10:36:03.111Z&quot;,
                &quot;status&quot;: &quot;PENDING&quot;
            },
            {
                &quot;time&quot;: &quot;2022-02-22T10:36:03.134Z&quot;,
                &quot;status&quot;: &quot;SEND&quot;
            },
            {
                &quot;time&quot;: &quot;2022-02-22T10:36:03.168Z&quot;,
                &quot;status&quot;: &quot;DELIVERED&quot;
            },
            {
                &quot;time&quot;: &quot;2022-02-22T10:37:53.192Z&quot;,
                &quot;status&quot;: &quot;PENDING&quot;
            },
            {
                &quot;time&quot;: &quot;2022-02-22T10:37:53.212Z&quot;,
                &quot;status&quot;: &quot;SEND&quot;
            },
            {
                &quot;time&quot;: &quot;2022-02-22T10:37:53.247Z&quot;,
                &quot;status&quot;: &quot;DELIVERED&quot;
            },
            {
                &quot;time&quot;: &quot;2022-02-22T10:39:48.337Z&quot;,
                &quot;status&quot;: &quot;PENDING&quot;
            },
            {
                &quot;time&quot;: &quot;2022-02-22T10:39:48.361Z&quot;,
                &quot;status&quot;: &quot;SEND&quot;
            },
            {
                &quot;time&quot;: &quot;2022-02-22T10:39:48.394Z&quot;,
                &quot;status&quot;: &quot;DELIVERED&quot;
            },
            {
                &quot;time&quot;: &quot;2022-02-22T10:40:10.264Z&quot;,
                &quot;status&quot;: &quot;PENDING&quot;
            },
            {
                &quot;time&quot;: &quot;2022-02-22T10:40:10.288Z&quot;,
                &quot;status&quot;: &quot;SEND&quot;
            },
            {
                &quot;time&quot;: &quot;2022-02-22T10:40:10.320Z&quot;,
                &quot;status&quot;: &quot;DELIVERED&quot;
            },
            {
                &quot;time&quot;: &quot;2022-02-22T10:40:32.184Z&quot;,
                &quot;status&quot;: &quot;PENDING&quot;
            },
            {
                &quot;time&quot;: &quot;2022-02-22T10:40:32.212Z&quot;,
                &quot;status&quot;: &quot;SEND&quot;
            },
            {
                &quot;time&quot;: &quot;2022-02-22T10:40:32.245Z&quot;,
                &quot;status&quot;: &quot;DELIVERED&quot;
            },
            {
                &quot;time&quot;: &quot;2022-02-22T10:40:54.910Z&quot;,
                &quot;status&quot;: &quot;PENDING&quot;
            },
            {
                &quot;time&quot;: &quot;2022-02-22T10:40:54.935Z&quot;,
                &quot;status&quot;: &quot;SEND&quot;
            },
            {
                &quot;time&quot;: &quot;2022-02-22T10:40:54.967Z&quot;,
                &quot;status&quot;: &quot;DELIVERED&quot;
            },
            {
                &quot;time&quot;: &quot;2022-02-22T10:41:29.467Z&quot;,
                &quot;status&quot;: &quot;PENDING&quot;
            },
            {
                &quot;time&quot;: &quot;2022-02-22T10:41:29.492Z&quot;,
                &quot;status&quot;: &quot;SEND&quot;
            },
            {
                &quot;time&quot;: &quot;2022-02-22T10:41:29.524Z&quot;,
                &quot;status&quot;: &quot;DELIVERED&quot;
            },
            {
                &quot;time&quot;: &quot;2022-02-22T10:41:52.244Z&quot;,
                &quot;status&quot;: &quot;PENDING&quot;
            },
            {
                &quot;time&quot;: &quot;2022-02-22T10:41:52.268Z&quot;,
                &quot;status&quot;: &quot;SEND&quot;
            },
            {
                &quot;time&quot;: &quot;2022-02-22T10:41:52.298Z&quot;,
                &quot;status&quot;: &quot;DELIVERED&quot;
            },
            {
                &quot;time&quot;: &quot;2022-02-22T10:42:16.769Z&quot;,
                &quot;status&quot;: &quot;PENDING&quot;
            },
            {
                &quot;time&quot;: &quot;2022-02-22T10:42:16.794Z&quot;,
                &quot;status&quot;: &quot;SEND&quot;
            },
            {
                &quot;time&quot;: &quot;2022-02-22T10:42:16.826Z&quot;,
                &quot;status&quot;: &quot;DELIVERED&quot;
            },
            {
                &quot;time&quot;: &quot;2022-02-22T10:55:33.558Z&quot;,
                &quot;status&quot;: &quot;PENDING&quot;
            },
            {
                &quot;time&quot;: &quot;2022-02-22T10:55:33.592Z&quot;,
                &quot;status&quot;: &quot;SEND&quot;
            },
            {
                &quot;time&quot;: &quot;2022-02-22T10:55:33.620Z&quot;,
                &quot;status&quot;: &quot;DELIVERED&quot;
            },
            {
                &quot;time&quot;: &quot;2022-02-22T10:58:10.748Z&quot;,
                &quot;status&quot;: &quot;PENDING&quot;
            },
            {
                &quot;time&quot;: &quot;2022-02-22T10:58:10.772Z&quot;,
                &quot;status&quot;: &quot;SEND&quot;
            },
            {
                &quot;time&quot;: &quot;2022-02-22T10:58:10.805Z&quot;,
                &quot;status&quot;: &quot;DELIVERED&quot;
            },
            {
                &quot;time&quot;: &quot;2022-02-22T10:58:33.317Z&quot;,
                &quot;status&quot;: &quot;PENDING&quot;
            },
            {
                &quot;time&quot;: &quot;2022-02-22T10:58:33.342Z&quot;,
                &quot;status&quot;: &quot;SEND&quot;
            },
            {
                &quot;time&quot;: &quot;2022-02-22T10:58:33.375Z&quot;,
                &quot;status&quot;: &quot;DELIVERED&quot;
            },
            {
                &quot;time&quot;: &quot;2022-02-22T11:01:09.552Z&quot;,
                &quot;status&quot;: &quot;PENDING&quot;
            },
            {
                &quot;time&quot;: &quot;2022-02-22T11:01:09.576Z&quot;,
                &quot;status&quot;: &quot;SEND&quot;
            }
        ],
        &quot;status&quot;: &quot;DELIVERED&quot;
    },
    &quot;creationTime&quot;: &quot;2022-02-22T10:28:38.549Z&quot;,
    &quot;deviceId&quot;: &quot;14471660&quot;,
    &quot;deviceName&quot;: &quot;octocatrpi3&quot;,
    &quot;self&quot;: &quot;https://t493319102.eu-latest.cumulocity.com/devicecontrol/operations/14471086&quot;,
    &quot;id&quot;: &quot;14471086&quot;,
    &quot;status&quot;: &quot;PENDING&quot;,
    &quot;c8y_LogfileRequest&quot;: {
        &quot;searchText&quot;: &quot;&quot;,
        &quot;logFile&quot;: &quot;software-management&quot;,
        &quot;dateTo&quot;: &quot;2021-11-21T18:55:49+0530&quot;,
        &quot;dateFrom&quot;: &quot;2021-11-15T18:55:49+0530&quot;,
        &quot;maximumLines&quot;: 300
    },
    &quot;description&quot;: &quot;Log file request&quot;
}
12:02:10 DEBUG Final URL of the request: https://thin-edge-io.eu-latest.cumulocity.com/devicecontrol/operations?deviceId=14471660&amp;pageSize=1&amp;revert=true&amp;dateFrom=1970-01-01T00%3A00%3A00.000Z
12:02:10 INFO  State of current operation: PENDING
12:02:10 DEBUG Final URL of the request: https://thin-edge-io.eu-latest.cumulocity.com/devicecontrol/operations?deviceId=14471660&amp;pageSize=1&amp;revert=true&amp;dateFrom=1970-01-01T00%3A00%3A00.000Z
12:02:10 DEBUG State of current operation: {
    &quot;delivery&quot;: {
        &quot;time&quot;: &quot;2022-02-22T11:01:09.608Z&quot;,
        &quot;log&quot;: [
            {
                &quot;time&quot;: &quot;2022-02-22T10:28:38.571Z&quot;,
                &quot;status&quot;: &quot;PENDING&quot;
            },
            {
                &quot;time&quot;: &quot;2022-02-22T10:28:38.580Z&quot;,
                &quot;status&quot;: &quot;SEND&quot;
            },
            {
                &quot;time&quot;: &quot;2022-02-22T10:28:38.612Z&quot;,
                &quot;status&quot;: &quot;DELIVERED&quot;
            },
            {
                &quot;time&quot;: &quot;2022-02-22T10:29:41.769Z&quot;,
                &quot;status&quot;: &quot;PENDING&quot;
            },
            {
                &quot;time&quot;: &quot;2022-02-22T10:29:41.789Z&quot;,
                &quot;status&quot;: &quot;SEND&quot;
            },
            {
                &quot;time&quot;: &quot;2022-02-22T10:29:41.820Z&quot;,
                &quot;status&quot;: &quot;DELIVERED&quot;
            },
            {
                &quot;time&quot;: &quot;2022-02-22T10:30:36.690Z&quot;,
                &quot;status&quot;: &quot;PENDING&quot;
            },
            {
                &quot;time&quot;: &quot;2022-02-22T10:30:36.714Z&quot;,
                &quot;status&quot;: &quot;SEND&quot;
            },
            {
                &quot;time&quot;: &quot;2022-02-22T10:30:36.753Z&quot;,
                &quot;status&quot;: &quot;DELIVERED&quot;
            },
            {
                &quot;time&quot;: &quot;2022-02-22T10:31:49.629Z&quot;,
                &quot;status&quot;: &quot;PENDING&quot;
            },
            {
                &quot;time&quot;: &quot;2022-02-22T10:31:49.654Z&quot;,
                &quot;status&quot;: &quot;SEND&quot;
            },
            {
                &quot;time&quot;: &quot;2022-02-22T10:31:49.686Z&quot;,
                &quot;status&quot;: &quot;DELIVERED&quot;
            },
            {
                &quot;time&quot;: &quot;2022-02-22T10:33:02.291Z&quot;,
                &quot;status&quot;: &quot;PENDING&quot;
            },
            {
                &quot;time&quot;: &quot;2022-02-22T10:33:02.316Z&quot;,
                &quot;status&quot;: &quot;SEND&quot;
            },
            {
                &quot;time&quot;: &quot;2022-02-22T10:33:02.347Z&quot;,
                &quot;status&quot;: &quot;DELIVERED&quot;
            },
            {
                &quot;time&quot;: &quot;2022-02-22T10:33:40.393Z&quot;,
                &quot;status&quot;: &quot;PENDING&quot;
            },
            {
                &quot;time&quot;: &quot;2022-02-22T10:33:40.416Z&quot;,
                &quot;status&quot;: &quot;SEND&quot;
            },
            {
                &quot;time&quot;: &quot;2022-02-22T10:33:40.449Z&quot;,
                &quot;status&quot;: &quot;DELIVERED&quot;
            },
            {
                &quot;time&quot;: &quot;2022-02-22T10:34:31.797Z&quot;,
                &quot;status&quot;: &quot;PENDING&quot;
            },
            {
                &quot;time&quot;: &quot;2022-02-22T10:34:31.818Z&quot;,
                &quot;status&quot;: &quot;SEND&quot;
            },
            {
                &quot;time&quot;: &quot;2022-02-22T10:34:31.850Z&quot;,
                &quot;status&quot;: &quot;DELIVERED&quot;
            },
            {
                &quot;time&quot;: &quot;2022-02-22T10:35:23.062Z&quot;,
                &quot;status&quot;: &quot;PENDING&quot;
            },
            {
                &quot;time&quot;: &quot;2022-02-22T10:35:23.084Z&quot;,
                &quot;status&quot;: &quot;SEND&quot;
            },
            {
                &quot;time&quot;: &quot;2022-02-22T10:35:23.118Z&quot;,
                &quot;status&quot;: &quot;DELIVERED&quot;
            },
            {
                &quot;time&quot;: &quot;2022-02-22T10:36:03.111Z&quot;,
                &quot;status&quot;: &quot;PENDING&quot;
            },
            {
                &quot;time&quot;: &quot;2022-02-22T10:36:03.134Z&quot;,
                &quot;status&quot;: &quot;SEND&quot;
            },
            {
                &quot;time&quot;: &quot;2022-02-22T10:36:03.168Z&quot;,
                &quot;status&quot;: &quot;DELIVERED&quot;
            },
            {
                &quot;time&quot;: &quot;2022-02-22T10:37:53.192Z&quot;,
                &quot;status&quot;: &quot;PENDING&quot;
            },
            {
                &quot;time&quot;: &quot;2022-02-22T10:37:53.212Z&quot;,
                &quot;status&quot;: &quot;SEND&quot;
            },
            {
                &quot;time&quot;: &quot;2022-02-22T10:37:53.247Z&quot;,
                &quot;status&quot;: &quot;DELIVERED&quot;
            },
            {
                &quot;time&quot;: &quot;2022-02-22T10:39:48.337Z&quot;,
                &quot;status&quot;: &quot;PENDING&quot;
            },
            {
                &quot;time&quot;: &quot;2022-02-22T10:39:48.361Z&quot;,
                &quot;status&quot;: &quot;SEND&quot;
            },
            {
                &quot;time&quot;: &quot;2022-02-22T10:39:48.394Z&quot;,
                &quot;status&quot;: &quot;DELIVERED&quot;
            },
            {
                &quot;time&quot;: &quot;2022-02-22T10:40:10.264Z&quot;,
                &quot;status&quot;: &quot;PENDING&quot;
            },
            {
                &quot;time&quot;: &quot;2022-02-22T10:40:10.288Z&quot;,
                &quot;status&quot;: &quot;SEND&quot;
            },
            {
                &quot;time&quot;: &quot;2022-02-22T10:40:10.320Z&quot;,
                &quot;status&quot;: &quot;DELIVERED&quot;
            },
            {
                &quot;time&quot;: &quot;2022-02-22T10:40:32.184Z&quot;,
                &quot;status&quot;: &quot;PENDING&quot;
            },
            {
                &quot;time&quot;: &quot;2022-02-22T10:40:32.212Z&quot;,
                &quot;status&quot;: &quot;SEND&quot;
            },
            {
                &quot;time&quot;: &quot;2022-02-22T10:40:32.245Z&quot;,
                &quot;status&quot;: &quot;DELIVERED&quot;
            },
            {
                &quot;time&quot;: &quot;2022-02-22T10:40:54.910Z&quot;,
                &quot;status&quot;: &quot;PENDING&quot;
            },
            {
                &quot;time&quot;: &quot;2022-02-22T10:40:54.935Z&quot;,
                &quot;status&quot;: &quot;SEND&quot;
            },
            {
                &quot;time&quot;: &quot;2022-02-22T10:40:54.967Z&quot;,
                &quot;status&quot;: &quot;DELIVERED&quot;
            },
            {
                &quot;time&quot;: &quot;2022-02-22T10:41:29.467Z&quot;,
                &quot;status&quot;: &quot;PENDING&quot;
            },
            {
                &quot;time&quot;: &quot;2022-02-22T10:41:29.492Z&quot;,
                &quot;status&quot;: &quot;SEND&quot;
            },
            {
                &quot;time&quot;: &quot;2022-02-22T10:41:29.524Z&quot;,
                &quot;status&quot;: &quot;DELIVERED&quot;
            },
            {
                &quot;time&quot;: &quot;2022-02-22T10:41:52.244Z&quot;,
                &quot;status&quot;: &quot;PENDING&quot;
            },
            {
                &quot;time&quot;: &quot;2022-02-22T10:41:52.268Z&quot;,
                &quot;status&quot;: &quot;SEND&quot;
            },
            {
                &quot;time&quot;: &quot;2022-02-22T10:41:52.298Z&quot;,
                &quot;status&quot;: &quot;DELIVERED&quot;
            },
            {
                &quot;time&quot;: &quot;2022-02-22T10:42:16.769Z&quot;,
                &quot;status&quot;: &quot;PENDING&quot;
            },
            {
                &quot;time&quot;: &quot;2022-02-22T10:42:16.794Z&quot;,
                &quot;status&quot;: &quot;SEND&quot;
            },
            {
                &quot;time&quot;: &quot;2022-02-22T10:42:16.826Z&quot;,
                &quot;status&quot;: &quot;DELIVERED&quot;
            },
            {
                &quot;time&quot;: &quot;2022-02-22T10:55:33.558Z&quot;,
                &quot;status&quot;: &quot;PENDING&quot;
            },
            {
                &quot;time&quot;: &quot;2022-02-22T10:55:33.592Z&quot;,
                &quot;status&quot;: &quot;SEND&quot;
            },
            {
                &quot;time&quot;: &quot;2022-02-22T10:55:33.620Z&quot;,
                &quot;status&quot;: &quot;DELIVERED&quot;
            },
            {
                &quot;time&quot;: &quot;2022-02-22T10:58:10.748Z&quot;,
                &quot;status&quot;: &quot;PENDING&quot;
            },
            {
                &quot;time&quot;: &quot;2022-02-22T10:58:10.772Z&quot;,
                &quot;status&quot;: &quot;SEND&quot;
            },
            {
                &quot;time&quot;: &quot;2022-02-22T10:58:10.805Z&quot;,
                &quot;status&quot;: &quot;DELIVERED&quot;
            },
            {
                &quot;time&quot;: &quot;2022-02-22T10:58:33.317Z&quot;,
                &quot;status&quot;: &quot;PENDING&quot;
            },
            {
                &quot;time&quot;: &quot;2022-02-22T10:58:33.342Z&quot;,
                &quot;status&quot;: &quot;SEND&quot;
            },
            {
                &quot;time&quot;: &quot;2022-02-22T10:58:33.375Z&quot;,
                &quot;status&quot;: &quot;DELIVERED&quot;
            },
            {
                &quot;time&quot;: &quot;2022-02-22T11:01:09.552Z&quot;,
                &quot;status&quot;: &quot;PENDING&quot;
            },
            {
                &quot;time&quot;: &quot;2022-02-22T11:01:09.576Z&quot;,
                &quot;status&quot;: &quot;SEND&quot;
            }
        ],
        &quot;status&quot;: &quot;DELIVERED&quot;
    },
    &quot;creationTime&quot;: &quot;2022-02-22T10:28:38.549Z&quot;,
    &quot;deviceId&quot;: &quot;14471660&quot;,
    &quot;deviceName&quot;: &quot;octocatrpi3&quot;,
    &quot;self&quot;: &quot;https://t493319102.eu-latest.cumulocity.com/devicecontrol/operations/14471086&quot;,
    &quot;id&quot;: &quot;14471086&quot;,
    &quot;status&quot;: &quot;PENDING&quot;,
    &quot;c8y_LogfileRequest&quot;: {
        &quot;searchText&quot;: &quot;&quot;,
        &quot;logFile&quot;: &quot;software-management&quot;,
        &quot;dateTo&quot;: &quot;2021-11-21T18:55:49+0530&quot;,
        &quot;dateFrom&quot;: &quot;2021-11-15T18:55:49+0530&quot;,
        &quot;maximumLines&quot;: 300
    },
    &quot;description&quot;: &quot;Log file request&quot;
}
12:02:13 DEBUG Final URL of the request: https://thin-edge-io.eu-latest.cumulocity.com/devicecontrol/operations?deviceId=14471660&amp;pageSize=1&amp;revert=true&amp;dateFrom=1970-01-01T00%3A00%3A00.000Z
12:02:13 INFO  State of current operation: PENDING
12:02:13 DEBUG Final URL of the request: https://thin-edge-io.eu-latest.cumulocity.com/devicecontrol/operations?deviceId=14471660&amp;pageSize=1&amp;revert=true&amp;dateFrom=1970-01-01T00%3A00%3A00.000Z
12:02:13 DEBUG State of current operation: {
    &quot;delivery&quot;: {
        &quot;time&quot;: &quot;2022-02-22T11:01:09.608Z&quot;,
        &quot;log&quot;: [
            {
                &quot;time&quot;: &quot;2022-02-22T10:28:38.571Z&quot;,
                &quot;status&quot;: &quot;PENDING&quot;
            },
            {
                &quot;time&quot;: &quot;2022-02-22T10:28:38.580Z&quot;,
                &quot;status&quot;: &quot;SEND&quot;
            },
            {
                &quot;time&quot;: &quot;2022-02-22T10:28:38.612Z&quot;,
                &quot;status&quot;: &quot;DELIVERED&quot;
            },
            {
                &quot;time&quot;: &quot;2022-02-22T10:29:41.769Z&quot;,
                &quot;status&quot;: &quot;PENDING&quot;
            },
            {
                &quot;time&quot;: &quot;2022-02-22T10:29:41.789Z&quot;,
                &quot;status&quot;: &quot;SEND&quot;
            },
            {
                &quot;time&quot;: &quot;2022-02-22T10:29:41.820Z&quot;,
                &quot;status&quot;: &quot;DELIVERED&quot;
            },
            {
                &quot;time&quot;: &quot;2022-02-22T10:30:36.690Z&quot;,
                &quot;status&quot;: &quot;PENDING&quot;
            },
            {
                &quot;time&quot;: &quot;2022-02-22T10:30:36.714Z&quot;,
                &quot;status&quot;: &quot;SEND&quot;
            },
            {
                &quot;time&quot;: &quot;2022-02-22T10:30:36.753Z&quot;,
                &quot;status&quot;: &quot;DELIVERED&quot;
            },
            {
                &quot;time&quot;: &quot;2022-02-22T10:31:49.629Z&quot;,
                &quot;status&quot;: &quot;PENDING&quot;
            },
            {
                &quot;time&quot;: &quot;2022-02-22T10:31:49.654Z&quot;,
                &quot;status&quot;: &quot;SEND&quot;
            },
            {
                &quot;time&quot;: &quot;2022-02-22T10:31:49.686Z&quot;,
                &quot;status&quot;: &quot;DELIVERED&quot;
            },
            {
                &quot;time&quot;: &quot;2022-02-22T10:33:02.291Z&quot;,
                &quot;status&quot;: &quot;PENDING&quot;
            },
            {
                &quot;time&quot;: &quot;2022-02-22T10:33:02.316Z&quot;,
                &quot;status&quot;: &quot;SEND&quot;
            },
            {
                &quot;time&quot;: &quot;2022-02-22T10:33:02.347Z&quot;,
                &quot;status&quot;: &quot;DELIVERED&quot;
            },
            {
                &quot;time&quot;: &quot;2022-02-22T10:33:40.393Z&quot;,
                &quot;status&quot;: &quot;PENDING&quot;
            },
            {
                &quot;time&quot;: &quot;2022-02-22T10:33:40.416Z&quot;,
                &quot;status&quot;: &quot;SEND&quot;
            },
            {
                &quot;time&quot;: &quot;2022-02-22T10:33:40.449Z&quot;,
                &quot;status&quot;: &quot;DELIVERED&quot;
            },
            {
                &quot;time&quot;: &quot;2022-02-22T10:34:31.797Z&quot;,
                &quot;status&quot;: &quot;PENDING&quot;
            },
            {
                &quot;time&quot;: &quot;2022-02-22T10:34:31.818Z&quot;,
                &quot;status&quot;: &quot;SEND&quot;
            },
            {
                &quot;time&quot;: &quot;2022-02-22T10:34:31.850Z&quot;,
                &quot;status&quot;: &quot;DELIVERED&quot;
            },
            {
                &quot;time&quot;: &quot;2022-02-22T10:35:23.062Z&quot;,
                &quot;status&quot;: &quot;PENDING&quot;
            },
            {
                &quot;time&quot;: &quot;2022-02-22T10:35:23.084Z&quot;,
                &quot;status&quot;: &quot;SEND&quot;
            },
            {
                &quot;time&quot;: &quot;2022-02-22T10:35:23.118Z&quot;,
                &quot;status&quot;: &quot;DELIVERED&quot;
            },
            {
                &quot;time&quot;: &quot;2022-02-22T10:36:03.111Z&quot;,
                &quot;status&quot;: &quot;PENDING&quot;
            },
            {
                &quot;time&quot;: &quot;2022-02-22T10:36:03.134Z&quot;,
                &quot;status&quot;: &quot;SEND&quot;
            },
            {
                &quot;time&quot;: &quot;2022-02-22T10:36:03.168Z&quot;,
                &quot;status&quot;: &quot;DELIVERED&quot;
            },
            {
                &quot;time&quot;: &quot;2022-02-22T10:37:53.192Z&quot;,
                &quot;status&quot;: &quot;PENDING&quot;
            },
            {
                &quot;time&quot;: &quot;2022-02-22T10:37:53.212Z&quot;,
                &quot;status&quot;: &quot;SEND&quot;
            },
            {
                &quot;time&quot;: &quot;2022-02-22T10:37:53.247Z&quot;,
                &quot;status&quot;: &quot;DELIVERED&quot;
            },
            {
                &quot;time&quot;: &quot;2022-02-22T10:39:48.337Z&quot;,
                &quot;status&quot;: &quot;PENDING&quot;
            },
            {
                &quot;time&quot;: &quot;2022-02-22T10:39:48.361Z&quot;,
                &quot;status&quot;: &quot;SEND&quot;
            },
            {
                &quot;time&quot;: &quot;2022-02-22T10:39:48.394Z&quot;,
                &quot;status&quot;: &quot;DELIVERED&quot;
            },
            {
                &quot;time&quot;: &quot;2022-02-22T10:40:10.264Z&quot;,
                &quot;status&quot;: &quot;PENDING&quot;
            },
            {
                &quot;time&quot;: &quot;2022-02-22T10:40:10.288Z&quot;,
                &quot;status&quot;: &quot;SEND&quot;
            },
            {
                &quot;time&quot;: &quot;2022-02-22T10:40:10.320Z&quot;,
                &quot;status&quot;: &quot;DELIVERED&quot;
            },
            {
                &quot;time&quot;: &quot;2022-02-22T10:40:32.184Z&quot;,
                &quot;status&quot;: &quot;PENDING&quot;
            },
            {
                &quot;time&quot;: &quot;2022-02-22T10:40:32.212Z&quot;,
                &quot;status&quot;: &quot;SEND&quot;
            },
            {
                &quot;time&quot;: &quot;2022-02-22T10:40:32.245Z&quot;,
                &quot;status&quot;: &quot;DELIVERED&quot;
            },
            {
                &quot;time&quot;: &quot;2022-02-22T10:40:54.910Z&quot;,
                &quot;status&quot;: &quot;PENDING&quot;
            },
            {
                &quot;time&quot;: &quot;2022-02-22T10:40:54.935Z&quot;,
                &quot;status&quot;: &quot;SEND&quot;
            },
            {
                &quot;time&quot;: &quot;2022-02-22T10:40:54.967Z&quot;,
                &quot;status&quot;: &quot;DELIVERED&quot;
            },
            {
                &quot;time&quot;: &quot;2022-02-22T10:41:29.467Z&quot;,
                &quot;status&quot;: &quot;PENDING&quot;
            },
            {
                &quot;time&quot;: &quot;2022-02-22T10:41:29.492Z&quot;,
                &quot;status&quot;: &quot;SEND&quot;
            },
            {
                &quot;time&quot;: &quot;2022-02-22T10:41:29.524Z&quot;,
                &quot;status&quot;: &quot;DELIVERED&quot;
            },
            {
                &quot;time&quot;: &quot;2022-02-22T10:41:52.244Z&quot;,
                &quot;status&quot;: &quot;PENDING&quot;
            },
            {
                &quot;time&quot;: &quot;2022-02-22T10:41:52.268Z&quot;,
                &quot;status&quot;: &quot;SEND&quot;
            },
            {
                &quot;time&quot;: &quot;2022-02-22T10:41:52.298Z&quot;,
                &quot;status&quot;: &quot;DELIVERED&quot;
            },
            {
                &quot;time&quot;: &quot;2022-02-22T10:42:16.769Z&quot;,
                &quot;status&quot;: &quot;PENDING&quot;
            },
            {
                &quot;time&quot;: &quot;2022-02-22T10:42:16.794Z&quot;,
                &quot;status&quot;: &quot;SEND&quot;
            },
            {
                &quot;time&quot;: &quot;2022-02-22T10:42:16.826Z&quot;,
                &quot;status&quot;: &quot;DELIVERED&quot;
            },
            {
                &quot;time&quot;: &quot;2022-02-22T10:55:33.558Z&quot;,
                &quot;status&quot;: &quot;PENDING&quot;
            },
            {
                &quot;time&quot;: &quot;2022-02-22T10:55:33.592Z&quot;,
                &quot;status&quot;: &quot;SEND&quot;
            },
            {
                &quot;time&quot;: &quot;2022-02-22T10:55:33.620Z&quot;,
                &quot;status&quot;: &quot;DELIVERED&quot;
            },
            {
                &quot;time&quot;: &quot;2022-02-22T10:58:10.748Z&quot;,
                &quot;status&quot;: &quot;PENDING&quot;
            },
            {
                &quot;time&quot;: &quot;2022-02-22T10:58:10.772Z&quot;,
                &quot;status&quot;: &quot;SEND&quot;
            },
            {
                &quot;time&quot;: &quot;2022-02-22T10:58:10.805Z&quot;,
                &quot;status&quot;: &quot;DELIVERED&quot;
            },
            {
                &quot;time&quot;: &quot;2022-02-22T10:58:33.317Z&quot;,
                &quot;status&quot;: &quot;PENDING&quot;
            },
            {
                &quot;time&quot;: &quot;2022-02-22T10:58:33.342Z&quot;,
                &quot;status&quot;: &quot;SEND&quot;
            },
            {
                &quot;time&quot;: &quot;2022-02-22T10:58:33.375Z&quot;,
                &quot;status&quot;: &quot;DELIVERED&quot;
            },
            {
                &quot;time&quot;: &quot;2022-02-22T11:01:09.552Z&quot;,
                &quot;status&quot;: &quot;PENDING&quot;
            },
            {
                &quot;time&quot;: &quot;2022-02-22T11:01:09.576Z&quot;,
                &quot;status&quot;: &quot;SEND&quot;
            }
        ],
        &quot;status&quot;: &quot;DELIVERED&quot;
    },
    &quot;creationTime&quot;: &quot;2022-02-22T10:28:38.549Z&quot;,
    &quot;deviceId&quot;: &quot;14471660&quot;,
    &quot;deviceName&quot;: &quot;octocatrpi3&quot;,
    &quot;self&quot;: &quot;https://t493319102.eu-latest.cumulocity.com/devicecontrol/operations/14471086&quot;,
    &quot;id&quot;: &quot;14471086&quot;,
    &quot;status&quot;: &quot;PENDING&quot;,
    &quot;c8y_LogfileRequest&quot;: {
        &quot;searchText&quot;: &quot;&quot;,
        &quot;logFile&quot;: &quot;software-management&quot;,
        &quot;dateTo&quot;: &quot;2021-11-21T18:55:49+0530&quot;,
        &quot;dateFrom&quot;: &quot;2021-11-15T18:55:49+0530&quot;,
        &quot;maximumLines&quot;: 300
    },
    &quot;description&quot;: &quot;Log file request&quot;
}
12:02:15 DEBUG Final URL of the request: https://thin-edge-io.eu-latest.cumulocity.com/devicecontrol/operations?deviceId=14471660&amp;pageSize=1&amp;revert=true&amp;dateFrom=1970-01-01T00%3A00%3A00.000Z
12:02:15 INFO  State of current operation: PENDING
12:02:15 DEBUG Final URL of the request: https://thin-edge-io.eu-latest.cumulocity.com/devicecontrol/operations?deviceId=14471660&amp;pageSize=1&amp;revert=true&amp;dateFrom=1970-01-01T00%3A00%3A00.000Z
12:02:15 DEBUG State of current operation: {
    &quot;delivery&quot;: {
        &quot;time&quot;: &quot;2022-02-22T11:01:09.608Z&quot;,
        &quot;log&quot;: [
            {
                &quot;time&quot;: &quot;2022-02-22T10:28:38.571Z&quot;,
                &quot;status&quot;: &quot;PENDING&quot;
            },
            {
                &quot;time&quot;: &quot;2022-02-22T10:28:38.580Z&quot;,
                &quot;status&quot;: &quot;SEND&quot;
            },
            {
                &quot;time&quot;: &quot;2022-02-22T10:28:38.612Z&quot;,
                &quot;status&quot;: &quot;DELIVERED&quot;
            },
            {
                &quot;time&quot;: &quot;2022-02-22T10:29:41.769Z&quot;,
                &quot;status&quot;: &quot;PENDING&quot;
            },
            {
                &quot;time&quot;: &quot;2022-02-22T10:29:41.789Z&quot;,
                &quot;status&quot;: &quot;SEND&quot;
            },
            {
                &quot;time&quot;: &quot;2022-02-22T10:29:41.820Z&quot;,
                &quot;status&quot;: &quot;DELIVERED&quot;
            },
            {
                &quot;time&quot;: &quot;2022-02-22T10:30:36.690Z&quot;,
                &quot;status&quot;: &quot;PENDING&quot;
            },
            {
                &quot;time&quot;: &quot;2022-02-22T10:30:36.714Z&quot;,
                &quot;status&quot;: &quot;SEND&quot;
            },
            {
                &quot;time&quot;: &quot;2022-02-22T10:30:36.753Z&quot;,
                &quot;status&quot;: &quot;DELIVERED&quot;
            },
            {
                &quot;time&quot;: &quot;2022-02-22T10:31:49.629Z&quot;,
                &quot;status&quot;: &quot;PENDING&quot;
            },
            {
                &quot;time&quot;: &quot;2022-02-22T10:31:49.654Z&quot;,
                &quot;status&quot;: &quot;SEND&quot;
            },
            {
                &quot;time&quot;: &quot;2022-02-22T10:31:49.686Z&quot;,
                &quot;status&quot;: &quot;DELIVERED&quot;
            },
            {
                &quot;time&quot;: &quot;2022-02-22T10:33:02.291Z&quot;,
                &quot;status&quot;: &quot;PENDING&quot;
            },
            {
                &quot;time&quot;: &quot;2022-02-22T10:33:02.316Z&quot;,
                &quot;status&quot;: &quot;SEND&quot;
            },
            {
                &quot;time&quot;: &quot;2022-02-22T10:33:02.347Z&quot;,
                &quot;status&quot;: &quot;DELIVERED&quot;
            },
            {
                &quot;time&quot;: &quot;2022-02-22T10:33:40.393Z&quot;,
                &quot;status&quot;: &quot;PENDING&quot;
            },
            {
                &quot;time&quot;: &quot;2022-02-22T10:33:40.416Z&quot;,
                &quot;status&quot;: &quot;SEND&quot;
            },
            {
                &quot;time&quot;: &quot;2022-02-22T10:33:40.449Z&quot;,
                &quot;status&quot;: &quot;DELIVERED&quot;
            },
            {
                &quot;time&quot;: &quot;2022-02-22T10:34:31.797Z&quot;,
                &quot;status&quot;: &quot;PENDING&quot;
            },
            {
                &quot;time&quot;: &quot;2022-02-22T10:34:31.818Z&quot;,
                &quot;status&quot;: &quot;SEND&quot;
            },
            {
                &quot;time&quot;: &quot;2022-02-22T10:34:31.850Z&quot;,
                &quot;status&quot;: &quot;DELIVERED&quot;
            },
            {
                &quot;time&quot;: &quot;2022-02-22T10:35:23.062Z&quot;,
                &quot;status&quot;: &quot;PENDING&quot;
            },
            {
                &quot;time&quot;: &quot;2022-02-22T10:35:23.084Z&quot;,
                &quot;status&quot;: &quot;SEND&quot;
            },
            {
                &quot;time&quot;: &quot;2022-02-22T10:35:23.118Z&quot;,
                &quot;status&quot;: &quot;DELIVERED&quot;
            },
            {
                &quot;time&quot;: &quot;2022-02-22T10:36:03.111Z&quot;,
                &quot;status&quot;: &quot;PENDING&quot;
            },
            {
                &quot;time&quot;: &quot;2022-02-22T10:36:03.134Z&quot;,
                &quot;status&quot;: &quot;SEND&quot;
            },
            {
                &quot;time&quot;: &quot;2022-02-22T10:36:03.168Z&quot;,
                &quot;status&quot;: &quot;DELIVERED&quot;
            },
            {
                &quot;time&quot;: &quot;2022-02-22T10:37:53.192Z&quot;,
                &quot;status&quot;: &quot;PENDING&quot;
            },
            {
                &quot;time&quot;: &quot;2022-02-22T10:37:53.212Z&quot;,
                &quot;status&quot;: &quot;SEND&quot;
            },
            {
                &quot;time&quot;: &quot;2022-02-22T10:37:53.247Z&quot;,
                &quot;status&quot;: &quot;DELIVERED&quot;
            },
            {
                &quot;time&quot;: &quot;2022-02-22T10:39:48.337Z&quot;,
                &quot;status&quot;: &quot;PENDING&quot;
            },
            {
                &quot;time&quot;: &quot;2022-02-22T10:39:48.361Z&quot;,
                &quot;status&quot;: &quot;SEND&quot;
            },
            {
                &quot;time&quot;: &quot;2022-02-22T10:39:48.394Z&quot;,
                &quot;status&quot;: &quot;DELIVERED&quot;
            },
            {
                &quot;time&quot;: &quot;2022-02-22T10:40:10.264Z&quot;,
                &quot;status&quot;: &quot;PENDING&quot;
            },
            {
                &quot;time&quot;: &quot;2022-02-22T10:40:10.288Z&quot;,
                &quot;status&quot;: &quot;SEND&quot;
            },
            {
                &quot;time&quot;: &quot;2022-02-22T10:40:10.320Z&quot;,
                &quot;status&quot;: &quot;DELIVERED&quot;
            },
            {
                &quot;time&quot;: &quot;2022-02-22T10:40:32.184Z&quot;,
                &quot;status&quot;: &quot;PENDING&quot;
            },
            {
                &quot;time&quot;: &quot;2022-02-22T10:40:32.212Z&quot;,
                &quot;status&quot;: &quot;SEND&quot;
            },
            {
                &quot;time&quot;: &quot;2022-02-22T10:40:32.245Z&quot;,
                &quot;status&quot;: &quot;DELIVERED&quot;
            },
            {
                &quot;time&quot;: &quot;2022-02-22T10:40:54.910Z&quot;,
                &quot;status&quot;: &quot;PENDING&quot;
            },
            {
                &quot;time&quot;: &quot;2022-02-22T10:40:54.935Z&quot;,
                &quot;status&quot;: &quot;SEND&quot;
            },
            {
                &quot;time&quot;: &quot;2022-02-22T10:40:54.967Z&quot;,
                &quot;status&quot;: &quot;DELIVERED&quot;
            },
            {
                &quot;time&quot;: &quot;2022-02-22T10:41:29.467Z&quot;,
                &quot;status&quot;: &quot;PENDING&quot;
            },
            {
                &quot;time&quot;: &quot;2022-02-22T10:41:29.492Z&quot;,
                &quot;status&quot;: &quot;SEND&quot;
            },
            {
                &quot;time&quot;: &quot;2022-02-22T10:41:29.524Z&quot;,
                &quot;status&quot;: &quot;DELIVERED&quot;
            },
            {
                &quot;time&quot;: &quot;2022-02-22T10:41:52.244Z&quot;,
                &quot;status&quot;: &quot;PENDING&quot;
            },
            {
                &quot;time&quot;: &quot;2022-02-22T10:41:52.268Z&quot;,
                &quot;status&quot;: &quot;SEND&quot;
            },
            {
                &quot;time&quot;: &quot;2022-02-22T10:41:52.298Z&quot;,
                &quot;status&quot;: &quot;DELIVERED&quot;
            },
            {
                &quot;time&quot;: &quot;2022-02-22T10:42:16.769Z&quot;,
                &quot;status&quot;: &quot;PENDING&quot;
            },
            {
                &quot;time&quot;: &quot;2022-02-22T10:42:16.794Z&quot;,
                &quot;status&quot;: &quot;SEND&quot;
            },
            {
                &quot;time&quot;: &quot;2022-02-22T10:42:16.826Z&quot;,
                &quot;status&quot;: &quot;DELIVERED&quot;
            },
            {
                &quot;time&quot;: &quot;2022-02-22T10:55:33.558Z&quot;,
                &quot;status&quot;: &quot;PENDING&quot;
            },
            {
                &quot;time&quot;: &quot;2022-02-22T10:55:33.592Z&quot;,
                &quot;status&quot;: &quot;SEND&quot;
            },
            {
                &quot;time&quot;: &quot;2022-02-22T10:55:33.620Z&quot;,
                &quot;status&quot;: &quot;DELIVERED&quot;
            },
            {
                &quot;time&quot;: &quot;2022-02-22T10:58:10.748Z&quot;,
                &quot;status&quot;: &quot;PENDING&quot;
            },
            {
                &quot;time&quot;: &quot;2022-02-22T10:58:10.772Z&quot;,
                &quot;status&quot;: &quot;SEND&quot;
            },
            {
                &quot;time&quot;: &quot;2022-02-22T10:58:10.805Z&quot;,
                &quot;status&quot;: &quot;DELIVERED&quot;
            },
            {
                &quot;time&quot;: &quot;2022-02-22T10:58:33.317Z&quot;,
                &quot;status&quot;: &quot;PENDING&quot;
            },
            {
                &quot;time&quot;: &quot;2022-02-22T10:58:33.342Z&quot;,
                &quot;status&quot;: &quot;SEND&quot;
            },
            {
                &quot;time&quot;: &quot;2022-02-22T10:58:33.375Z&quot;,
                &quot;status&quot;: &quot;DELIVERED&quot;
            },
            {
                &quot;time&quot;: &quot;2022-02-22T11:01:09.552Z&quot;,
                &quot;status&quot;: &quot;PENDING&quot;
            },
            {
                &quot;time&quot;: &quot;2022-02-22T11:01:09.576Z&quot;,
                &quot;status&quot;: &quot;SEND&quot;
            }
        ],
        &quot;status&quot;: &quot;DELIVERED&quot;
    },
    &quot;creationTime&quot;: &quot;2022-02-22T10:28:38.549Z&quot;,
    &quot;deviceId&quot;: &quot;14471660&quot;,
    &quot;deviceName&quot;: &quot;octocatrpi3&quot;,
    &quot;self&quot;: &quot;https://t493319102.eu-latest.cumulocity.com/devicecontrol/operations/14471086&quot;,
    &quot;id&quot;: &quot;14471086&quot;,
    &quot;status&quot;: &quot;PENDING&quot;,
    &quot;c8y_LogfileRequest&quot;: {
        &quot;searchText&quot;: &quot;&quot;,
        &quot;logFile&quot;: &quot;software-management&quot;,
        &quot;dateTo&quot;: &quot;2021-11-21T18:55:49+0530&quot;,
        &quot;dateFrom&quot;: &quot;2021-11-15T18:55:49+0530&quot;,
        &quot;maximumLines&quot;: 300
    },
    &quot;description&quot;: &quot;Log file request&quot;
}
12:02:17 DEBUG Final URL of the request: https://thin-edge-io.eu-latest.cumulocity.com/devicecontrol/operations?deviceId=14471660&amp;pageSize=1&amp;revert=true&amp;dateFrom=1970-01-01T00%3A00%3A00.000Z
12:02:17 INFO  State of current operation: PENDING
12:02:17 DEBUG Final URL of the request: https://thin-edge-io.eu-latest.cumulocity.com/devicecontrol/operations?deviceId=14471660&amp;pageSize=1&amp;revert=true&amp;dateFrom=1970-01-01T00%3A00%3A00.000Z
12:02:17 DEBUG State of current operation: {
    &quot;delivery&quot;: {
        &quot;time&quot;: &quot;2022-02-22T11:01:09.608Z&quot;,
        &quot;log&quot;: [
            {
                &quot;time&quot;: &quot;2022-02-22T10:28:38.571Z&quot;,
                &quot;status&quot;: &quot;PENDING&quot;
            },
            {
                &quot;time&quot;: &quot;2022-02-22T10:28:38.580Z&quot;,
                &quot;status&quot;: &quot;SEND&quot;
            },
            {
                &quot;time&quot;: &quot;2022-02-22T10:28:38.612Z&quot;,
                &quot;status&quot;: &quot;DELIVERED&quot;
            },
            {
                &quot;time&quot;: &quot;2022-02-22T10:29:41.769Z&quot;,
                &quot;status&quot;: &quot;PENDING&quot;
            },
            {
                &quot;time&quot;: &quot;2022-02-22T10:29:41.789Z&quot;,
                &quot;status&quot;: &quot;SEND&quot;
            },
            {
                &quot;time&quot;: &quot;2022-02-22T10:29:41.820Z&quot;,
                &quot;status&quot;: &quot;DELIVERED&quot;
            },
            {
                &quot;time&quot;: &quot;2022-02-22T10:30:36.690Z&quot;,
                &quot;status&quot;: &quot;PENDING&quot;
            },
            {
                &quot;time&quot;: &quot;2022-02-22T10:30:36.714Z&quot;,
                &quot;status&quot;: &quot;SEND&quot;
            },
            {
                &quot;time&quot;: &quot;2022-02-22T10:30:36.753Z&quot;,
                &quot;status&quot;: &quot;DELIVERED&quot;
            },
            {
                &quot;time&quot;: &quot;2022-02-22T10:31:49.629Z&quot;,
                &quot;status&quot;: &quot;PENDING&quot;
            },
            {
                &quot;time&quot;: &quot;2022-02-22T10:31:49.654Z&quot;,
                &quot;status&quot;: &quot;SEND&quot;
            },
            {
                &quot;time&quot;: &quot;2022-02-22T10:31:49.686Z&quot;,
                &quot;status&quot;: &quot;DELIVERED&quot;
            },
            {
                &quot;time&quot;: &quot;2022-02-22T10:33:02.291Z&quot;,
                &quot;status&quot;: &quot;PENDING&quot;
            },
            {
                &quot;time&quot;: &quot;2022-02-22T10:33:02.316Z&quot;,
                &quot;status&quot;: &quot;SEND&quot;
            },
            {
                &quot;time&quot;: &quot;2022-02-22T10:33:02.347Z&quot;,
                &quot;status&quot;: &quot;DELIVERED&quot;
            },
            {
                &quot;time&quot;: &quot;2022-02-22T10:33:40.393Z&quot;,
                &quot;status&quot;: &quot;PENDING&quot;
            },
            {
                &quot;time&quot;: &quot;2022-02-22T10:33:40.416Z&quot;,
                &quot;status&quot;: &quot;SEND&quot;
            },
            {
                &quot;time&quot;: &quot;2022-02-22T10:33:40.449Z&quot;,
                &quot;status&quot;: &quot;DELIVERED&quot;
            },
            {
                &quot;time&quot;: &quot;2022-02-22T10:34:31.797Z&quot;,
                &quot;status&quot;: &quot;PENDING&quot;
            },
            {
                &quot;time&quot;: &quot;2022-02-22T10:34:31.818Z&quot;,
                &quot;status&quot;: &quot;SEND&quot;
            },
            {
                &quot;time&quot;: &quot;2022-02-22T10:34:31.850Z&quot;,
                &quot;status&quot;: &quot;DELIVERED&quot;
            },
            {
                &quot;time&quot;: &quot;2022-02-22T10:35:23.062Z&quot;,
                &quot;status&quot;: &quot;PENDING&quot;
            },
            {
                &quot;time&quot;: &quot;2022-02-22T10:35:23.084Z&quot;,
                &quot;status&quot;: &quot;SEND&quot;
            },
            {
                &quot;time&quot;: &quot;2022-02-22T10:35:23.118Z&quot;,
                &quot;status&quot;: &quot;DELIVERED&quot;
            },
            {
                &quot;time&quot;: &quot;2022-02-22T10:36:03.111Z&quot;,
                &quot;status&quot;: &quot;PENDING&quot;
            },
            {
                &quot;time&quot;: &quot;2022-02-22T10:36:03.134Z&quot;,
                &quot;status&quot;: &quot;SEND&quot;
            },
            {
                &quot;time&quot;: &quot;2022-02-22T10:36:03.168Z&quot;,
                &quot;status&quot;: &quot;DELIVERED&quot;
            },
            {
                &quot;time&quot;: &quot;2022-02-22T10:37:53.192Z&quot;,
                &quot;status&quot;: &quot;PENDING&quot;
            },
            {
                &quot;time&quot;: &quot;2022-02-22T10:37:53.212Z&quot;,
                &quot;status&quot;: &quot;SEND&quot;
            },
            {
                &quot;time&quot;: &quot;2022-02-22T10:37:53.247Z&quot;,
                &quot;status&quot;: &quot;DELIVERED&quot;
            },
            {
                &quot;time&quot;: &quot;2022-02-22T10:39:48.337Z&quot;,
                &quot;status&quot;: &quot;PENDING&quot;
            },
            {
                &quot;time&quot;: &quot;2022-02-22T10:39:48.361Z&quot;,
                &quot;status&quot;: &quot;SEND&quot;
            },
            {
                &quot;time&quot;: &quot;2022-02-22T10:39:48.394Z&quot;,
                &quot;status&quot;: &quot;DELIVERED&quot;
            },
            {
                &quot;time&quot;: &quot;2022-02-22T10:40:10.264Z&quot;,
                &quot;status&quot;: &quot;PENDING&quot;
            },
            {
                &quot;time&quot;: &quot;2022-02-22T10:40:10.288Z&quot;,
                &quot;status&quot;: &quot;SEND&quot;
            },
            {
                &quot;time&quot;: &quot;2022-02-22T10:40:10.320Z&quot;,
                &quot;status&quot;: &quot;DELIVERED&quot;
            },
            {
                &quot;time&quot;: &quot;2022-02-22T10:40:32.184Z&quot;,
                &quot;status&quot;: &quot;PENDING&quot;
            },
            {
                &quot;time&quot;: &quot;2022-02-22T10:40:32.212Z&quot;,
                &quot;status&quot;: &quot;SEND&quot;
            },
            {
                &quot;time&quot;: &quot;2022-02-22T10:40:32.245Z&quot;,
                &quot;status&quot;: &quot;DELIVERED&quot;
            },
            {
                &quot;time&quot;: &quot;2022-02-22T10:40:54.910Z&quot;,
                &quot;status&quot;: &quot;PENDING&quot;
            },
            {
                &quot;time&quot;: &quot;2022-02-22T10:40:54.935Z&quot;,
                &quot;status&quot;: &quot;SEND&quot;
            },
            {
                &quot;time&quot;: &quot;2022-02-22T10:40:54.967Z&quot;,
                &quot;status&quot;: &quot;DELIVERED&quot;
            },
            {
                &quot;time&quot;: &quot;2022-02-22T10:41:29.467Z&quot;,
                &quot;status&quot;: &quot;PENDING&quot;
            },
            {
                &quot;time&quot;: &quot;2022-02-22T10:41:29.492Z&quot;,
                &quot;status&quot;: &quot;SEND&quot;
            },
            {
                &quot;time&quot;: &quot;2022-02-22T10:41:29.524Z&quot;,
                &quot;status&quot;: &quot;DELIVERED&quot;
            },
            {
                &quot;time&quot;: &quot;2022-02-22T10:41:52.244Z&quot;,
                &quot;status&quot;: &quot;PENDING&quot;
            },
            {
                &quot;time&quot;: &quot;2022-02-22T10:41:52.268Z&quot;,
                &quot;status&quot;: &quot;SEND&quot;
            },
            {
                &quot;time&quot;: &quot;2022-02-22T10:41:52.298Z&quot;,
                &quot;status&quot;: &quot;DELIVERED&quot;
            },
            {
                &quot;time&quot;: &quot;2022-02-22T10:42:16.769Z&quot;,
                &quot;status&quot;: &quot;PENDING&quot;
            },
            {
                &quot;time&quot;: &quot;2022-02-22T10:42:16.794Z&quot;,
                &quot;status&quot;: &quot;SEND&quot;
            },
            {
                &quot;time&quot;: &quot;2022-02-22T10:42:16.826Z&quot;,
                &quot;status&quot;: &quot;DELIVERED&quot;
            },
            {
                &quot;time&quot;: &quot;2022-02-22T10:55:33.558Z&quot;,
                &quot;status&quot;: &quot;PENDING&quot;
            },
            {
                &quot;time&quot;: &quot;2022-02-22T10:55:33.592Z&quot;,
                &quot;status&quot;: &quot;SEND&quot;
            },
            {
                &quot;time&quot;: &quot;2022-02-22T10:55:33.620Z&quot;,
                &quot;status&quot;: &quot;DELIVERED&quot;
            },
            {
                &quot;time&quot;: &quot;2022-02-22T10:58:10.748Z&quot;,
                &quot;status&quot;: &quot;PENDING&quot;
            },
            {
                &quot;time&quot;: &quot;2022-02-22T10:58:10.772Z&quot;,
                &quot;status&quot;: &quot;SEND&quot;
            },
            {
                &quot;time&quot;: &quot;2022-02-22T10:58:10.805Z&quot;,
                &quot;status&quot;: &quot;DELIVERED&quot;
            },
            {
                &quot;time&quot;: &quot;2022-02-22T10:58:33.317Z&quot;,
                &quot;status&quot;: &quot;PENDING&quot;
            },
            {
                &quot;time&quot;: &quot;2022-02-22T10:58:33.342Z&quot;,
                &quot;status&quot;: &quot;SEND&quot;
            },
            {
                &quot;time&quot;: &quot;2022-02-22T10:58:33.375Z&quot;,
                &quot;status&quot;: &quot;DELIVERED&quot;
            },
            {
                &quot;time&quot;: &quot;2022-02-22T11:01:09.552Z&quot;,
                &quot;status&quot;: &quot;PENDING&quot;
            },
            {
                &quot;time&quot;: &quot;2022-02-22T11:01:09.576Z&quot;,
                &quot;status&quot;: &quot;SEND&quot;
            }
        ],
        &quot;status&quot;: &quot;DELIVERED&quot;
    },
    &quot;creationTime&quot;: &quot;2022-02-22T10:28:38.549Z&quot;,
    &quot;deviceId&quot;: &quot;14471660&quot;,
    &quot;deviceName&quot;: &quot;octocatrpi3&quot;,
    &quot;self&quot;: &quot;https://t493319102.eu-latest.cumulocity.com/devicecontrol/operations/14471086&quot;,
    &quot;id&quot;: &quot;14471086&quot;,
    &quot;status&quot;: &quot;PENDING&quot;,
    &quot;c8y_LogfileRequest&quot;: {
        &quot;searchText&quot;: &quot;&quot;,
        &quot;logFile&quot;: &quot;software-management&quot;,
        &quot;dateTo&quot;: &quot;2021-11-21T18:55:49+0530&quot;,
        &quot;dateFrom&quot;: &quot;2021-11-15T18:55:49+0530&quot;,
        &quot;maximumLines&quot;: 300
    },
    &quot;description&quot;: &quot;Log file request&quot;
}
12:02:19 DEBUG Final URL of the request: https://thin-edge-io.eu-latest.cumulocity.com/devicecontrol/operations?deviceId=14471660&amp;pageSize=1&amp;revert=true&amp;dateFrom=1970-01-01T00%3A00%3A00.000Z
12:02:19 INFO  State of current operation: PENDING
12:02:19 DEBUG Final URL of the request: https://thin-edge-io.eu-latest.cumulocity.com/devicecontrol/operations?deviceId=14471660&amp;pageSize=1&amp;revert=true&amp;dateFrom=1970-01-01T00%3A00%3A00.000Z
12:02:19 DEBUG State of current operation: {
    &quot;delivery&quot;: {
        &quot;time&quot;: &quot;2022-02-22T11:01:09.608Z&quot;,
        &quot;log&quot;: [
            {
                &quot;time&quot;: &quot;2022-02-22T10:28:38.571Z&quot;,
                &quot;status&quot;: &quot;PENDING&quot;
            },
            {
                &quot;time&quot;: &quot;2022-02-22T10:28:38.580Z&quot;,
                &quot;status&quot;: &quot;SEND&quot;
            },
            {
                &quot;time&quot;: &quot;2022-02-22T10:28:38.612Z&quot;,
                &quot;status&quot;: &quot;DELIVERED&quot;
            },
            {
                &quot;time&quot;: &quot;2022-02-22T10:29:41.769Z&quot;,
                &quot;status&quot;: &quot;PENDING&quot;
            },
            {
                &quot;time&quot;: &quot;2022-02-22T10:29:41.789Z&quot;,
                &quot;status&quot;: &quot;SEND&quot;
            },
            {
                &quot;time&quot;: &quot;2022-02-22T10:29:41.820Z&quot;,
                &quot;status&quot;: &quot;DELIVERED&quot;
            },
            {
                &quot;time&quot;: &quot;2022-02-22T10:30:36.690Z&quot;,
                &quot;status&quot;: &quot;PENDING&quot;
            },
            {
                &quot;time&quot;: &quot;2022-02-22T10:30:36.714Z&quot;,
                &quot;status&quot;: &quot;SEND&quot;
            },
            {
                &quot;time&quot;: &quot;2022-02-22T10:30:36.753Z&quot;,
                &quot;status&quot;: &quot;DELIVERED&quot;
            },
            {
                &quot;time&quot;: &quot;2022-02-22T10:31:49.629Z&quot;,
                &quot;status&quot;: &quot;PENDING&quot;
            },
            {
                &quot;time&quot;: &quot;2022-02-22T10:31:49.654Z&quot;,
                &quot;status&quot;: &quot;SEND&quot;
            },
            {
                &quot;time&quot;: &quot;2022-02-22T10:31:49.686Z&quot;,
                &quot;status&quot;: &quot;DELIVERED&quot;
            },
            {
                &quot;time&quot;: &quot;2022-02-22T10:33:02.291Z&quot;,
                &quot;status&quot;: &quot;PENDING&quot;
            },
            {
                &quot;time&quot;: &quot;2022-02-22T10:33:02.316Z&quot;,
                &quot;status&quot;: &quot;SEND&quot;
            },
            {
                &quot;time&quot;: &quot;2022-02-22T10:33:02.347Z&quot;,
                &quot;status&quot;: &quot;DELIVERED&quot;
            },
            {
                &quot;time&quot;: &quot;2022-02-22T10:33:40.393Z&quot;,
                &quot;status&quot;: &quot;PENDING&quot;
            },
            {
                &quot;time&quot;: &quot;2022-02-22T10:33:40.416Z&quot;,
                &quot;status&quot;: &quot;SEND&quot;
            },
            {
                &quot;time&quot;: &quot;2022-02-22T10:33:40.449Z&quot;,
                &quot;status&quot;: &quot;DELIVERED&quot;
            },
            {
                &quot;time&quot;: &quot;2022-02-22T10:34:31.797Z&quot;,
                &quot;status&quot;: &quot;PENDING&quot;
            },
            {
                &quot;time&quot;: &quot;2022-02-22T10:34:31.818Z&quot;,
                &quot;status&quot;: &quot;SEND&quot;
            },
            {
                &quot;time&quot;: &quot;2022-02-22T10:34:31.850Z&quot;,
                &quot;status&quot;: &quot;DELIVERED&quot;
            },
            {
                &quot;time&quot;: &quot;2022-02-22T10:35:23.062Z&quot;,
                &quot;status&quot;: &quot;PENDING&quot;
            },
            {
                &quot;time&quot;: &quot;2022-02-22T10:35:23.084Z&quot;,
                &quot;status&quot;: &quot;SEND&quot;
            },
            {
                &quot;time&quot;: &quot;2022-02-22T10:35:23.118Z&quot;,
                &quot;status&quot;: &quot;DELIVERED&quot;
            },
            {
                &quot;time&quot;: &quot;2022-02-22T10:36:03.111Z&quot;,
                &quot;status&quot;: &quot;PENDING&quot;
            },
            {
                &quot;time&quot;: &quot;2022-02-22T10:36:03.134Z&quot;,
                &quot;status&quot;: &quot;SEND&quot;
            },
            {
                &quot;time&quot;: &quot;2022-02-22T10:36:03.168Z&quot;,
                &quot;status&quot;: &quot;DELIVERED&quot;
            },
            {
                &quot;time&quot;: &quot;2022-02-22T10:37:53.192Z&quot;,
                &quot;status&quot;: &quot;PENDING&quot;
            },
            {
                &quot;time&quot;: &quot;2022-02-22T10:37:53.212Z&quot;,
                &quot;status&quot;: &quot;SEND&quot;
            },
            {
                &quot;time&quot;: &quot;2022-02-22T10:37:53.247Z&quot;,
                &quot;status&quot;: &quot;DELIVERED&quot;
            },
            {
                &quot;time&quot;: &quot;2022-02-22T10:39:48.337Z&quot;,
                &quot;status&quot;: &quot;PENDING&quot;
            },
            {
                &quot;time&quot;: &quot;2022-02-22T10:39:48.361Z&quot;,
                &quot;status&quot;: &quot;SEND&quot;
            },
            {
                &quot;time&quot;: &quot;2022-02-22T10:39:48.394Z&quot;,
                &quot;status&quot;: &quot;DELIVERED&quot;
            },
            {
                &quot;time&quot;: &quot;2022-02-22T10:40:10.264Z&quot;,
                &quot;status&quot;: &quot;PENDING&quot;
            },
            {
                &quot;time&quot;: &quot;2022-02-22T10:40:10.288Z&quot;,
                &quot;status&quot;: &quot;SEND&quot;
            },
            {
                &quot;time&quot;: &quot;2022-02-22T10:40:10.320Z&quot;,
                &quot;status&quot;: &quot;DELIVERED&quot;
            },
            {
                &quot;time&quot;: &quot;2022-02-22T10:40:32.184Z&quot;,
                &quot;status&quot;: &quot;PENDING&quot;
            },
            {
                &quot;time&quot;: &quot;2022-02-22T10:40:32.212Z&quot;,
                &quot;status&quot;: &quot;SEND&quot;
            },
            {
                &quot;time&quot;: &quot;2022-02-22T10:40:32.245Z&quot;,
                &quot;status&quot;: &quot;DELIVERED&quot;
            },
            {
                &quot;time&quot;: &quot;2022-02-22T10:40:54.910Z&quot;,
                &quot;status&quot;: &quot;PENDING&quot;
            },
            {
                &quot;time&quot;: &quot;2022-02-22T10:40:54.935Z&quot;,
                &quot;status&quot;: &quot;SEND&quot;
            },
            {
                &quot;time&quot;: &quot;2022-02-22T10:40:54.967Z&quot;,
                &quot;status&quot;: &quot;DELIVERED&quot;
            },
            {
                &quot;time&quot;: &quot;2022-02-22T10:41:29.467Z&quot;,
                &quot;status&quot;: &quot;PENDING&quot;
            },
            {
                &quot;time&quot;: &quot;2022-02-22T10:41:29.492Z&quot;,
                &quot;status&quot;: &quot;SEND&quot;
            },
            {
                &quot;time&quot;: &quot;2022-02-22T10:41:29.524Z&quot;,
                &quot;status&quot;: &quot;DELIVERED&quot;
            },
            {
                &quot;time&quot;: &quot;2022-02-22T10:41:52.244Z&quot;,
                &quot;status&quot;: &quot;PENDING&quot;
            },
            {
                &quot;time&quot;: &quot;2022-02-22T10:41:52.268Z&quot;,
                &quot;status&quot;: &quot;SEND&quot;
            },
            {
                &quot;time&quot;: &quot;2022-02-22T10:41:52.298Z&quot;,
                &quot;status&quot;: &quot;DELIVERED&quot;
            },
            {
                &quot;time&quot;: &quot;2022-02-22T10:42:16.769Z&quot;,
                &quot;status&quot;: &quot;PENDING&quot;
            },
            {
                &quot;time&quot;: &quot;2022-02-22T10:42:16.794Z&quot;,
                &quot;status&quot;: &quot;SEND&quot;
            },
            {
                &quot;time&quot;: &quot;2022-02-22T10:42:16.826Z&quot;,
                &quot;status&quot;: &quot;DELIVERED&quot;
            },
            {
                &quot;time&quot;: &quot;2022-02-22T10:55:33.558Z&quot;,
                &quot;status&quot;: &quot;PENDING&quot;
            },
            {
                &quot;time&quot;: &quot;2022-02-22T10:55:33.592Z&quot;,
                &quot;status&quot;: &quot;SEND&quot;
            },
            {
                &quot;time&quot;: &quot;2022-02-22T10:55:33.620Z&quot;,
                &quot;status&quot;: &quot;DELIVERED&quot;
            },
            {
                &quot;time&quot;: &quot;2022-02-22T10:58:10.748Z&quot;,
                &quot;status&quot;: &quot;PENDING&quot;
            },
            {
                &quot;time&quot;: &quot;2022-02-22T10:58:10.772Z&quot;,
                &quot;status&quot;: &quot;SEND&quot;
            },
            {
                &quot;time&quot;: &quot;2022-02-22T10:58:10.805Z&quot;,
                &quot;status&quot;: &quot;DELIVERED&quot;
            },
            {
                &quot;time&quot;: &quot;2022-02-22T10:58:33.317Z&quot;,
                &quot;status&quot;: &quot;PENDING&quot;
            },
            {
                &quot;time&quot;: &quot;2022-02-22T10:58:33.342Z&quot;,
                &quot;status&quot;: &quot;SEND&quot;
            },
            {
                &quot;time&quot;: &quot;2022-02-22T10:58:33.375Z&quot;,
                &quot;status&quot;: &quot;DELIVERED&quot;
            },
            {
                &quot;time&quot;: &quot;2022-02-22T11:01:09.552Z&quot;,
                &quot;status&quot;: &quot;PENDING&quot;
            },
            {
                &quot;time&quot;: &quot;2022-02-22T11:01:09.576Z&quot;,
                &quot;status&quot;: &quot;SEND&quot;
            }
        ],
        &quot;status&quot;: &quot;DELIVERED&quot;
    },
    &quot;creationTime&quot;: &quot;2022-02-22T10:28:38.549Z&quot;,
    &quot;deviceId&quot;: &quot;14471660&quot;,
    &quot;deviceName&quot;: &quot;octocatrpi3&quot;,
    &quot;self&quot;: &quot;https://t493319102.eu-latest.cumulocity.com/devicecontrol/operations/14471086&quot;,
    &quot;id&quot;: &quot;14471086&quot;,
    &quot;status&quot;: &quot;PENDING&quot;,
    &quot;c8y_LogfileRequest&quot;: {
        &quot;searchText&quot;: &quot;&quot;,
        &quot;logFile&quot;: &quot;software-management&quot;,
        &quot;dateTo&quot;: &quot;2021-11-21T18:55:49+0530&quot;,
        &quot;dateFrom&quot;: &quot;2021-11-15T18:55:49+0530&quot;,
        &quot;maximumLines&quot;: 300
    },
    &quot;description&quot;: &quot;Log file request&quot;
}
12:02:21 DEBUG Final URL of the request: https://thin-edge-io.eu-latest.cumulocity.com/devicecontrol/operations?deviceId=14471660&amp;pageSize=1&amp;revert=true&amp;dateFrom=1970-01-01T00%3A00%3A00.000Z
12:02:21 INFO  State of current operation: PENDING
12:02:21 DEBUG Final URL of the request: https://thin-edge-io.eu-latest.cumulocity.com/devicecontrol/operations?deviceId=14471660&amp;pageSize=1&amp;revert=true&amp;dateFrom=1970-01-01T00%3A00%3A00.000Z
12:02:21 DEBUG State of current operation: {
    &quot;delivery&quot;: {
        &quot;time&quot;: &quot;2022-02-22T11:01:09.608Z&quot;,
        &quot;log&quot;: [
            {
                &quot;time&quot;: &quot;2022-02-22T10:28:38.571Z&quot;,
                &quot;status&quot;: &quot;PENDING&quot;
            },
            {
                &quot;time&quot;: &quot;2022-02-22T10:28:38.580Z&quot;,
                &quot;status&quot;: &quot;SEND&quot;
            },
            {
                &quot;time&quot;: &quot;2022-02-22T10:28:38.612Z&quot;,
                &quot;status&quot;: &quot;DELIVERED&quot;
            },
            {
                &quot;time&quot;: &quot;2022-02-22T10:29:41.769Z&quot;,
                &quot;status&quot;: &quot;PENDING&quot;
            },
            {
                &quot;time&quot;: &quot;2022-02-22T10:29:41.789Z&quot;,
                &quot;status&quot;: &quot;SEND&quot;
            },
            {
                &quot;time&quot;: &quot;2022-02-22T10:29:41.820Z&quot;,
                &quot;status&quot;: &quot;DELIVERED&quot;
            },
            {
                &quot;time&quot;: &quot;2022-02-22T10:30:36.690Z&quot;,
                &quot;status&quot;: &quot;PENDING&quot;
            },
            {
                &quot;time&quot;: &quot;2022-02-22T10:30:36.714Z&quot;,
                &quot;status&quot;: &quot;SEND&quot;
            },
            {
                &quot;time&quot;: &quot;2022-02-22T10:30:36.753Z&quot;,
                &quot;status&quot;: &quot;DELIVERED&quot;
            },
            {
                &quot;time&quot;: &quot;2022-02-22T10:31:49.629Z&quot;,
                &quot;status&quot;: &quot;PENDING&quot;
            },
            {
                &quot;time&quot;: &quot;2022-02-22T10:31:49.654Z&quot;,
                &quot;status&quot;: &quot;SEND&quot;
            },
            {
                &quot;time&quot;: &quot;2022-02-22T10:31:49.686Z&quot;,
                &quot;status&quot;: &quot;DELIVERED&quot;
            },
            {
                &quot;time&quot;: &quot;2022-02-22T10:33:02.291Z&quot;,
                &quot;status&quot;: &quot;PENDING&quot;
            },
            {
                &quot;time&quot;: &quot;2022-02-22T10:33:02.316Z&quot;,
                &quot;status&quot;: &quot;SEND&quot;
            },
            {
                &quot;time&quot;: &quot;2022-02-22T10:33:02.347Z&quot;,
                &quot;status&quot;: &quot;DELIVERED&quot;
            },
            {
                &quot;time&quot;: &quot;2022-02-22T10:33:40.393Z&quot;,
                &quot;status&quot;: &quot;PENDING&quot;
            },
            {
                &quot;time&quot;: &quot;2022-02-22T10:33:40.416Z&quot;,
                &quot;status&quot;: &quot;SEND&quot;
            },
            {
                &quot;time&quot;: &quot;2022-02-22T10:33:40.449Z&quot;,
                &quot;status&quot;: &quot;DELIVERED&quot;
            },
            {
                &quot;time&quot;: &quot;2022-02-22T10:34:31.797Z&quot;,
                &quot;status&quot;: &quot;PENDING&quot;
            },
            {
                &quot;time&quot;: &quot;2022-02-22T10:34:31.818Z&quot;,
                &quot;status&quot;: &quot;SEND&quot;
            },
            {
                &quot;time&quot;: &quot;2022-02-22T10:34:31.850Z&quot;,
                &quot;status&quot;: &quot;DELIVERED&quot;
            },
            {
                &quot;time&quot;: &quot;2022-02-22T10:35:23.062Z&quot;,
                &quot;status&quot;: &quot;PENDING&quot;
            },
            {
                &quot;time&quot;: &quot;2022-02-22T10:35:23.084Z&quot;,
                &quot;status&quot;: &quot;SEND&quot;
            },
            {
                &quot;time&quot;: &quot;2022-02-22T10:35:23.118Z&quot;,
                &quot;status&quot;: &quot;DELIVERED&quot;
            },
            {
                &quot;time&quot;: &quot;2022-02-22T10:36:03.111Z&quot;,
                &quot;status&quot;: &quot;PENDING&quot;
            },
            {
                &quot;time&quot;: &quot;2022-02-22T10:36:03.134Z&quot;,
                &quot;status&quot;: &quot;SEND&quot;
            },
            {
                &quot;time&quot;: &quot;2022-02-22T10:36:03.168Z&quot;,
                &quot;status&quot;: &quot;DELIVERED&quot;
            },
            {
                &quot;time&quot;: &quot;2022-02-22T10:37:53.192Z&quot;,
                &quot;status&quot;: &quot;PENDING&quot;
            },
            {
                &quot;time&quot;: &quot;2022-02-22T10:37:53.212Z&quot;,
                &quot;status&quot;: &quot;SEND&quot;
            },
            {
                &quot;time&quot;: &quot;2022-02-22T10:37:53.247Z&quot;,
                &quot;status&quot;: &quot;DELIVERED&quot;
            },
            {
                &quot;time&quot;: &quot;2022-02-22T10:39:48.337Z&quot;,
                &quot;status&quot;: &quot;PENDING&quot;
            },
            {
                &quot;time&quot;: &quot;2022-02-22T10:39:48.361Z&quot;,
                &quot;status&quot;: &quot;SEND&quot;
            },
            {
                &quot;time&quot;: &quot;2022-02-22T10:39:48.394Z&quot;,
                &quot;status&quot;: &quot;DELIVERED&quot;
            },
            {
                &quot;time&quot;: &quot;2022-02-22T10:40:10.264Z&quot;,
                &quot;status&quot;: &quot;PENDING&quot;
            },
            {
                &quot;time&quot;: &quot;2022-02-22T10:40:10.288Z&quot;,
                &quot;status&quot;: &quot;SEND&quot;
            },
            {
                &quot;time&quot;: &quot;2022-02-22T10:40:10.320Z&quot;,
                &quot;status&quot;: &quot;DELIVERED&quot;
            },
            {
                &quot;time&quot;: &quot;2022-02-22T10:40:32.184Z&quot;,
                &quot;status&quot;: &quot;PENDING&quot;
            },
            {
                &quot;time&quot;: &quot;2022-02-22T10:40:32.212Z&quot;,
                &quot;status&quot;: &quot;SEND&quot;
            },
            {
                &quot;time&quot;: &quot;2022-02-22T10:40:32.245Z&quot;,
                &quot;status&quot;: &quot;DELIVERED&quot;
            },
            {
                &quot;time&quot;: &quot;2022-02-22T10:40:54.910Z&quot;,
                &quot;status&quot;: &quot;PENDING&quot;
            },
            {
                &quot;time&quot;: &quot;2022-02-22T10:40:54.935Z&quot;,
                &quot;status&quot;: &quot;SEND&quot;
            },
            {
                &quot;time&quot;: &quot;2022-02-22T10:40:54.967Z&quot;,
                &quot;status&quot;: &quot;DELIVERED&quot;
            },
            {
                &quot;time&quot;: &quot;2022-02-22T10:41:29.467Z&quot;,
                &quot;status&quot;: &quot;PENDING&quot;
            },
            {
                &quot;time&quot;: &quot;2022-02-22T10:41:29.492Z&quot;,
                &quot;status&quot;: &quot;SEND&quot;
            },
            {
                &quot;time&quot;: &quot;2022-02-22T10:41:29.524Z&quot;,
                &quot;status&quot;: &quot;DELIVERED&quot;
            },
            {
                &quot;time&quot;: &quot;2022-02-22T10:41:52.244Z&quot;,
                &quot;status&quot;: &quot;PENDING&quot;
            },
            {
                &quot;time&quot;: &quot;2022-02-22T10:41:52.268Z&quot;,
                &quot;status&quot;: &quot;SEND&quot;
            },
            {
                &quot;time&quot;: &quot;2022-02-22T10:41:52.298Z&quot;,
                &quot;status&quot;: &quot;DELIVERED&quot;
            },
            {
                &quot;time&quot;: &quot;2022-02-22T10:42:16.769Z&quot;,
                &quot;status&quot;: &quot;PENDING&quot;
            },
            {
                &quot;time&quot;: &quot;2022-02-22T10:42:16.794Z&quot;,
                &quot;status&quot;: &quot;SEND&quot;
            },
            {
                &quot;time&quot;: &quot;2022-02-22T10:42:16.826Z&quot;,
                &quot;status&quot;: &quot;DELIVERED&quot;
            },
            {
                &quot;time&quot;: &quot;2022-02-22T10:55:33.558Z&quot;,
                &quot;status&quot;: &quot;PENDING&quot;
            },
            {
                &quot;time&quot;: &quot;2022-02-22T10:55:33.592Z&quot;,
                &quot;status&quot;: &quot;SEND&quot;
            },
            {
                &quot;time&quot;: &quot;2022-02-22T10:55:33.620Z&quot;,
                &quot;status&quot;: &quot;DELIVERED&quot;
            },
            {
                &quot;time&quot;: &quot;2022-02-22T10:58:10.748Z&quot;,
                &quot;status&quot;: &quot;PENDING&quot;
            },
            {
                &quot;time&quot;: &quot;2022-02-22T10:58:10.772Z&quot;,
                &quot;status&quot;: &quot;SEND&quot;
            },
            {
                &quot;time&quot;: &quot;2022-02-22T10:58:10.805Z&quot;,
                &quot;status&quot;: &quot;DELIVERED&quot;
            },
            {
                &quot;time&quot;: &quot;2022-02-22T10:58:33.317Z&quot;,
                &quot;status&quot;: &quot;PENDING&quot;
            },
            {
                &quot;time&quot;: &quot;2022-02-22T10:58:33.342Z&quot;,
                &quot;status&quot;: &quot;SEND&quot;
            },
            {
                &quot;time&quot;: &quot;2022-02-22T10:58:33.375Z&quot;,
                &quot;status&quot;: &quot;DELIVERED&quot;
            },
            {
                &quot;time&quot;: &quot;2022-02-22T11:01:09.552Z&quot;,
                &quot;status&quot;: &quot;PENDING&quot;
            },
            {
                &quot;time&quot;: &quot;2022-02-22T11:01:09.576Z&quot;,
                &quot;status&quot;: &quot;SEND&quot;
            }
        ],
        &quot;status&quot;: &quot;DELIVERED&quot;
    },
    &quot;creationTime&quot;: &quot;2022-02-22T10:28:38.549Z&quot;,
    &quot;deviceId&quot;: &quot;14471660&quot;,
    &quot;deviceName&quot;: &quot;octocatrpi3&quot;,
    &quot;self&quot;: &quot;https://t493319102.eu-latest.cumulocity.com/devicecontrol/operations/14471086&quot;,
    &quot;id&quot;: &quot;14471086&quot;,
    &quot;status&quot;: &quot;PENDING&quot;,
    &quot;c8y_LogfileRequest&quot;: {
        &quot;searchText&quot;: &quot;&quot;,
        &quot;logFile&quot;: &quot;software-management&quot;,
        &quot;dateTo&quot;: &quot;2021-11-21T18:55:49+0530&quot;,
        &quot;dateFrom&quot;: &quot;2021-11-15T18:55:49+0530&quot;,
        &quot;maximumLines&quot;: 300
    },
    &quot;description&quot;: &quot;Log file request&quot;
}
12:02:24 DEBUG Final URL of the request: https://thin-edge-io.eu-latest.cumulocity.com/devicecontrol/operations?deviceId=14471660&amp;pageSize=1&amp;revert=true&amp;dateFrom=1970-01-01T00%3A00%3A00.000Z
12:02:24 INFO  State of current operation: PENDING
12:02:24 DEBUG Final URL of the request: https://thin-edge-io.eu-latest.cumulocity.com/devicecontrol/operations?deviceId=14471660&amp;pageSize=1&amp;revert=true&amp;dateFrom=1970-01-01T00%3A00%3A00.000Z
12:02:24 DEBUG State of current operation: {
    &quot;delivery&quot;: {
        &quot;time&quot;: &quot;2022-02-22T11:01:09.608Z&quot;,
        &quot;log&quot;: [
            {
                &quot;time&quot;: &quot;2022-02-22T10:28:38.571Z&quot;,
                &quot;status&quot;: &quot;PENDING&quot;
            },
            {
                &quot;time&quot;: &quot;2022-02-22T10:28:38.580Z&quot;,
                &quot;status&quot;: &quot;SEND&quot;
            },
            {
                &quot;time&quot;: &quot;2022-02-22T10:28:38.612Z&quot;,
                &quot;status&quot;: &quot;DELIVERED&quot;
            },
            {
                &quot;time&quot;: &quot;2022-02-22T10:29:41.769Z&quot;,
                &quot;status&quot;: &quot;PENDING&quot;
            },
            {
                &quot;time&quot;: &quot;2022-02-22T10:29:41.789Z&quot;,
                &quot;status&quot;: &quot;SEND&quot;
            },
            {
                &quot;time&quot;: &quot;2022-02-22T10:29:41.820Z&quot;,
                &quot;status&quot;: &quot;DELIVERED&quot;
            },
            {
                &quot;time&quot;: &quot;2022-02-22T10:30:36.690Z&quot;,
                &quot;status&quot;: &quot;PENDING&quot;
            },
            {
                &quot;time&quot;: &quot;2022-02-22T10:30:36.714Z&quot;,
                &quot;status&quot;: &quot;SEND&quot;
            },
            {
                &quot;time&quot;: &quot;2022-02-22T10:30:36.753Z&quot;,
                &quot;status&quot;: &quot;DELIVERED&quot;
            },
            {
                &quot;time&quot;: &quot;2022-02-22T10:31:49.629Z&quot;,
                &quot;status&quot;: &quot;PENDING&quot;
            },
            {
                &quot;time&quot;: &quot;2022-02-22T10:31:49.654Z&quot;,
                &quot;status&quot;: &quot;SEND&quot;
            },
            {
                &quot;time&quot;: &quot;2022-02-22T10:31:49.686Z&quot;,
                &quot;status&quot;: &quot;DELIVERED&quot;
            },
            {
                &quot;time&quot;: &quot;2022-02-22T10:33:02.291Z&quot;,
                &quot;status&quot;: &quot;PENDING&quot;
            },
            {
                &quot;time&quot;: &quot;2022-02-22T10:33:02.316Z&quot;,
                &quot;status&quot;: &quot;SEND&quot;
            },
            {
                &quot;time&quot;: &quot;2022-02-22T10:33:02.347Z&quot;,
                &quot;status&quot;: &quot;DELIVERED&quot;
            },
            {
                &quot;time&quot;: &quot;2022-02-22T10:33:40.393Z&quot;,
                &quot;status&quot;: &quot;PENDING&quot;
            },
            {
                &quot;time&quot;: &quot;2022-02-22T10:33:40.416Z&quot;,
                &quot;status&quot;: &quot;SEND&quot;
            },
            {
                &quot;time&quot;: &quot;2022-02-22T10:33:40.449Z&quot;,
                &quot;status&quot;: &quot;DELIVERED&quot;
            },
            {
                &quot;time&quot;: &quot;2022-02-22T10:34:31.797Z&quot;,
                &quot;status&quot;: &quot;PENDING&quot;
            },
            {
                &quot;time&quot;: &quot;2022-02-22T10:34:31.818Z&quot;,
                &quot;status&quot;: &quot;SEND&quot;
            },
            {
                &quot;time&quot;: &quot;2022-02-22T10:34:31.850Z&quot;,
                &quot;status&quot;: &quot;DELIVERED&quot;
            },
            {
                &quot;time&quot;: &quot;2022-02-22T10:35:23.062Z&quot;,
                &quot;status&quot;: &quot;PENDING&quot;
            },
            {
                &quot;time&quot;: &quot;2022-02-22T10:35:23.084Z&quot;,
                &quot;status&quot;: &quot;SEND&quot;
            },
            {
                &quot;time&quot;: &quot;2022-02-22T10:35:23.118Z&quot;,
                &quot;status&quot;: &quot;DELIVERED&quot;
            },
            {
                &quot;time&quot;: &quot;2022-02-22T10:36:03.111Z&quot;,
                &quot;status&quot;: &quot;PENDING&quot;
            },
            {
                &quot;time&quot;: &quot;2022-02-22T10:36:03.134Z&quot;,
                &quot;status&quot;: &quot;SEND&quot;
            },
            {
                &quot;time&quot;: &quot;2022-02-22T10:36:03.168Z&quot;,
                &quot;status&quot;: &quot;DELIVERED&quot;
            },
            {
                &quot;time&quot;: &quot;2022-02-22T10:37:53.192Z&quot;,
                &quot;status&quot;: &quot;PENDING&quot;
            },
            {
                &quot;time&quot;: &quot;2022-02-22T10:37:53.212Z&quot;,
                &quot;status&quot;: &quot;SEND&quot;
            },
            {
                &quot;time&quot;: &quot;2022-02-22T10:37:53.247Z&quot;,
                &quot;status&quot;: &quot;DELIVERED&quot;
            },
            {
                &quot;time&quot;: &quot;2022-02-22T10:39:48.337Z&quot;,
                &quot;status&quot;: &quot;PENDING&quot;
            },
            {
                &quot;time&quot;: &quot;2022-02-22T10:39:48.361Z&quot;,
                &quot;status&quot;: &quot;SEND&quot;
            },
            {
                &quot;time&quot;: &quot;2022-02-22T10:39:48.394Z&quot;,
                &quot;status&quot;: &quot;DELIVERED&quot;
            },
            {
                &quot;time&quot;: &quot;2022-02-22T10:40:10.264Z&quot;,
                &quot;status&quot;: &quot;PENDING&quot;
            },
            {
                &quot;time&quot;: &quot;2022-02-22T10:40:10.288Z&quot;,
                &quot;status&quot;: &quot;SEND&quot;
            },
            {
                &quot;time&quot;: &quot;2022-02-22T10:40:10.320Z&quot;,
                &quot;status&quot;: &quot;DELIVERED&quot;
            },
            {
                &quot;time&quot;: &quot;2022-02-22T10:40:32.184Z&quot;,
                &quot;status&quot;: &quot;PENDING&quot;
            },
            {
                &quot;time&quot;: &quot;2022-02-22T10:40:32.212Z&quot;,
                &quot;status&quot;: &quot;SEND&quot;
            },
            {
                &quot;time&quot;: &quot;2022-02-22T10:40:32.245Z&quot;,
                &quot;status&quot;: &quot;DELIVERED&quot;
            },
            {
                &quot;time&quot;: &quot;2022-02-22T10:40:54.910Z&quot;,
                &quot;status&quot;: &quot;PENDING&quot;
            },
            {
                &quot;time&quot;: &quot;2022-02-22T10:40:54.935Z&quot;,
                &quot;status&quot;: &quot;SEND&quot;
            },
            {
                &quot;time&quot;: &quot;2022-02-22T10:40:54.967Z&quot;,
                &quot;status&quot;: &quot;DELIVERED&quot;
            },
            {
                &quot;time&quot;: &quot;2022-02-22T10:41:29.467Z&quot;,
                &quot;status&quot;: &quot;PENDING&quot;
            },
            {
                &quot;time&quot;: &quot;2022-02-22T10:41:29.492Z&quot;,
                &quot;status&quot;: &quot;SEND&quot;
            },
            {
                &quot;time&quot;: &quot;2022-02-22T10:41:29.524Z&quot;,
                &quot;status&quot;: &quot;DELIVERED&quot;
            },
            {
                &quot;time&quot;: &quot;2022-02-22T10:41:52.244Z&quot;,
                &quot;status&quot;: &quot;PENDING&quot;
            },
            {
                &quot;time&quot;: &quot;2022-02-22T10:41:52.268Z&quot;,
                &quot;status&quot;: &quot;SEND&quot;
            },
            {
                &quot;time&quot;: &quot;2022-02-22T10:41:52.298Z&quot;,
                &quot;status&quot;: &quot;DELIVERED&quot;
            },
            {
                &quot;time&quot;: &quot;2022-02-22T10:42:16.769Z&quot;,
                &quot;status&quot;: &quot;PENDING&quot;
            },
            {
                &quot;time&quot;: &quot;2022-02-22T10:42:16.794Z&quot;,
                &quot;status&quot;: &quot;SEND&quot;
            },
            {
                &quot;time&quot;: &quot;2022-02-22T10:42:16.826Z&quot;,
                &quot;status&quot;: &quot;DELIVERED&quot;
            },
            {
                &quot;time&quot;: &quot;2022-02-22T10:55:33.558Z&quot;,
                &quot;status&quot;: &quot;PENDING&quot;
            },
            {
                &quot;time&quot;: &quot;2022-02-22T10:55:33.592Z&quot;,
                &quot;status&quot;: &quot;SEND&quot;
            },
            {
                &quot;time&quot;: &quot;2022-02-22T10:55:33.620Z&quot;,
                &quot;status&quot;: &quot;DELIVERED&quot;
            },
            {
                &quot;time&quot;: &quot;2022-02-22T10:58:10.748Z&quot;,
                &quot;status&quot;: &quot;PENDING&quot;
            },
            {
                &quot;time&quot;: &quot;2022-02-22T10:58:10.772Z&quot;,
                &quot;status&quot;: &quot;SEND&quot;
            },
            {
                &quot;time&quot;: &quot;2022-02-22T10:58:10.805Z&quot;,
                &quot;status&quot;: &quot;DELIVERED&quot;
            },
            {
                &quot;time&quot;: &quot;2022-02-22T10:58:33.317Z&quot;,
                &quot;status&quot;: &quot;PENDING&quot;
            },
            {
                &quot;time&quot;: &quot;2022-02-22T10:58:33.342Z&quot;,
                &quot;status&quot;: &quot;SEND&quot;
            },
            {
                &quot;time&quot;: &quot;2022-02-22T10:58:33.375Z&quot;,
                &quot;status&quot;: &quot;DELIVERED&quot;
            },
            {
                &quot;time&quot;: &quot;2022-02-22T11:01:09.552Z&quot;,
                &quot;status&quot;: &quot;PENDING&quot;
            },
            {
                &quot;time&quot;: &quot;2022-02-22T11:01:09.576Z&quot;,
                &quot;status&quot;: &quot;SEND&quot;
            }
        ],
        &quot;status&quot;: &quot;DELIVERED&quot;
    },
    &quot;creationTime&quot;: &quot;2022-02-22T10:28:38.549Z&quot;,
    &quot;deviceId&quot;: &quot;14471660&quot;,
    &quot;deviceName&quot;: &quot;octocatrpi3&quot;,
    &quot;self&quot;: &quot;https://t493319102.eu-latest.cumulocity.com/devicecontrol/operations/14471086&quot;,
    &quot;id&quot;: &quot;14471086&quot;,
    &quot;status&quot;: &quot;PENDING&quot;,
    &quot;c8y_LogfileRequest&quot;: {
        &quot;searchText&quot;: &quot;&quot;,
        &quot;logFile&quot;: &quot;software-management&quot;,
        &quot;dateTo&quot;: &quot;2021-11-21T18:55:49+0530&quot;,
        &quot;dateFrom&quot;: &quot;2021-11-15T18:55:49+0530&quot;,
        &quot;maximumLines&quot;: 300
    },
    &quot;description&quot;: &quot;Log file request&quot;
}
12:02:26 DEBUG Final URL of the request: https://thin-edge-io.eu-latest.cumulocity.com/devicecontrol/operations?deviceId=14471660&amp;pageSize=1&amp;revert=true&amp;dateFrom=1970-01-01T00%3A00%3A00.000Z
12:02:26 INFO  State of current operation: PENDING
12:02:26 DEBUG Final URL of the request: https://thin-edge-io.eu-latest.cumulocity.com/devicecontrol/operations?deviceId=14471660&amp;pageSize=1&amp;revert=true&amp;dateFrom=1970-01-01T00%3A00%3A00.000Z
12:02:26 DEBUG State of current operation: {
    &quot;delivery&quot;: {
        &quot;time&quot;: &quot;2022-02-22T11:01:09.608Z&quot;,
        &quot;log&quot;: [
            {
                &quot;time&quot;: &quot;2022-02-22T10:28:38.571Z&quot;,
                &quot;status&quot;: &quot;PENDING&quot;
            },
            {
                &quot;time&quot;: &quot;2022-02-22T10:28:38.580Z&quot;,
                &quot;status&quot;: &quot;SEND&quot;
            },
            {
                &quot;time&quot;: &quot;2022-02-22T10:28:38.612Z&quot;,
                &quot;status&quot;: &quot;DELIVERED&quot;
            },
            {
                &quot;time&quot;: &quot;2022-02-22T10:29:41.769Z&quot;,
                &quot;status&quot;: &quot;PENDING&quot;
            },
            {
                &quot;time&quot;: &quot;2022-02-22T10:29:41.789Z&quot;,
                &quot;status&quot;: &quot;SEND&quot;
            },
            {
                &quot;time&quot;: &quot;2022-02-22T10:29:41.820Z&quot;,
                &quot;status&quot;: &quot;DELIVERED&quot;
            },
            {
                &quot;time&quot;: &quot;2022-02-22T10:30:36.690Z&quot;,
                &quot;status&quot;: &quot;PENDING&quot;
            },
            {
                &quot;time&quot;: &quot;2022-02-22T10:30:36.714Z&quot;,
                &quot;status&quot;: &quot;SEND&quot;
            },
            {
                &quot;time&quot;: &quot;2022-02-22T10:30:36.753Z&quot;,
                &quot;status&quot;: &quot;DELIVERED&quot;
            },
            {
                &quot;time&quot;: &quot;2022-02-22T10:31:49.629Z&quot;,
                &quot;status&quot;: &quot;PENDING&quot;
            },
            {
                &quot;time&quot;: &quot;2022-02-22T10:31:49.654Z&quot;,
                &quot;status&quot;: &quot;SEND&quot;
            },
            {
                &quot;time&quot;: &quot;2022-02-22T10:31:49.686Z&quot;,
                &quot;status&quot;: &quot;DELIVERED&quot;
            },
            {
                &quot;time&quot;: &quot;2022-02-22T10:33:02.291Z&quot;,
                &quot;status&quot;: &quot;PENDING&quot;
            },
            {
                &quot;time&quot;: &quot;2022-02-22T10:33:02.316Z&quot;,
                &quot;status&quot;: &quot;SEND&quot;
            },
            {
                &quot;time&quot;: &quot;2022-02-22T10:33:02.347Z&quot;,
                &quot;status&quot;: &quot;DELIVERED&quot;
            },
            {
                &quot;time&quot;: &quot;2022-02-22T10:33:40.393Z&quot;,
                &quot;status&quot;: &quot;PENDING&quot;
            },
            {
                &quot;time&quot;: &quot;2022-02-22T10:33:40.416Z&quot;,
                &quot;status&quot;: &quot;SEND&quot;
            },
            {
                &quot;time&quot;: &quot;2022-02-22T10:33:40.449Z&quot;,
                &quot;status&quot;: &quot;DELIVERED&quot;
            },
            {
                &quot;time&quot;: &quot;2022-02-22T10:34:31.797Z&quot;,
                &quot;status&quot;: &quot;PENDING&quot;
            },
            {
                &quot;time&quot;: &quot;2022-02-22T10:34:31.818Z&quot;,
                &quot;status&quot;: &quot;SEND&quot;
            },
            {
                &quot;time&quot;: &quot;2022-02-22T10:34:31.850Z&quot;,
                &quot;status&quot;: &quot;DELIVERED&quot;
            },
            {
                &quot;time&quot;: &quot;2022-02-22T10:35:23.062Z&quot;,
                &quot;status&quot;: &quot;PENDING&quot;
            },
            {
                &quot;time&quot;: &quot;2022-02-22T10:35:23.084Z&quot;,
                &quot;status&quot;: &quot;SEND&quot;
            },
            {
                &quot;time&quot;: &quot;2022-02-22T10:35:23.118Z&quot;,
                &quot;status&quot;: &quot;DELIVERED&quot;
            },
            {
                &quot;time&quot;: &quot;2022-02-22T10:36:03.111Z&quot;,
                &quot;status&quot;: &quot;PENDING&quot;
            },
            {
                &quot;time&quot;: &quot;2022-02-22T10:36:03.134Z&quot;,
                &quot;status&quot;: &quot;SEND&quot;
            },
            {
                &quot;time&quot;: &quot;2022-02-22T10:36:03.168Z&quot;,
                &quot;status&quot;: &quot;DELIVERED&quot;
            },
            {
                &quot;time&quot;: &quot;2022-02-22T10:37:53.192Z&quot;,
                &quot;status&quot;: &quot;PENDING&quot;
            },
            {
                &quot;time&quot;: &quot;2022-02-22T10:37:53.212Z&quot;,
                &quot;status&quot;: &quot;SEND&quot;
            },
            {
                &quot;time&quot;: &quot;2022-02-22T10:37:53.247Z&quot;,
                &quot;status&quot;: &quot;DELIVERED&quot;
            },
            {
                &quot;time&quot;: &quot;2022-02-22T10:39:48.337Z&quot;,
                &quot;status&quot;: &quot;PENDING&quot;
            },
            {
                &quot;time&quot;: &quot;2022-02-22T10:39:48.361Z&quot;,
                &quot;status&quot;: &quot;SEND&quot;
            },
            {
                &quot;time&quot;: &quot;2022-02-22T10:39:48.394Z&quot;,
                &quot;status&quot;: &quot;DELIVERED&quot;
            },
            {
                &quot;time&quot;: &quot;2022-02-22T10:40:10.264Z&quot;,
                &quot;status&quot;: &quot;PENDING&quot;
            },
            {
                &quot;time&quot;: &quot;2022-02-22T10:40:10.288Z&quot;,
                &quot;status&quot;: &quot;SEND&quot;
            },
            {
                &quot;time&quot;: &quot;2022-02-22T10:40:10.320Z&quot;,
                &quot;status&quot;: &quot;DELIVERED&quot;
            },
            {
                &quot;time&quot;: &quot;2022-02-22T10:40:32.184Z&quot;,
                &quot;status&quot;: &quot;PENDING&quot;
            },
            {
                &quot;time&quot;: &quot;2022-02-22T10:40:32.212Z&quot;,
                &quot;status&quot;: &quot;SEND&quot;
            },
            {
                &quot;time&quot;: &quot;2022-02-22T10:40:32.245Z&quot;,
                &quot;status&quot;: &quot;DELIVERED&quot;
            },
            {
                &quot;time&quot;: &quot;2022-02-22T10:40:54.910Z&quot;,
                &quot;status&quot;: &quot;PENDING&quot;
            },
            {
                &quot;time&quot;: &quot;2022-02-22T10:40:54.935Z&quot;,
                &quot;status&quot;: &quot;SEND&quot;
            },
            {
                &quot;time&quot;: &quot;2022-02-22T10:40:54.967Z&quot;,
                &quot;status&quot;: &quot;DELIVERED&quot;
            },
            {
                &quot;time&quot;: &quot;2022-02-22T10:41:29.467Z&quot;,
                &quot;status&quot;: &quot;PENDING&quot;
            },
            {
                &quot;time&quot;: &quot;2022-02-22T10:41:29.492Z&quot;,
                &quot;status&quot;: &quot;SEND&quot;
            },
            {
                &quot;time&quot;: &quot;2022-02-22T10:41:29.524Z&quot;,
                &quot;status&quot;: &quot;DELIVERED&quot;
            },
            {
                &quot;time&quot;: &quot;2022-02-22T10:41:52.244Z&quot;,
                &quot;status&quot;: &quot;PENDING&quot;
            },
            {
                &quot;time&quot;: &quot;2022-02-22T10:41:52.268Z&quot;,
                &quot;status&quot;: &quot;SEND&quot;
            },
            {
                &quot;time&quot;: &quot;2022-02-22T10:41:52.298Z&quot;,
                &quot;status&quot;: &quot;DELIVERED&quot;
            },
            {
                &quot;time&quot;: &quot;2022-02-22T10:42:16.769Z&quot;,
                &quot;status&quot;: &quot;PENDING&quot;
            },
            {
                &quot;time&quot;: &quot;2022-02-22T10:42:16.794Z&quot;,
                &quot;status&quot;: &quot;SEND&quot;
            },
            {
                &quot;time&quot;: &quot;2022-02-22T10:42:16.826Z&quot;,
                &quot;status&quot;: &quot;DELIVERED&quot;
            },
            {
                &quot;time&quot;: &quot;2022-02-22T10:55:33.558Z&quot;,
                &quot;status&quot;: &quot;PENDING&quot;
            },
            {
                &quot;time&quot;: &quot;2022-02-22T10:55:33.592Z&quot;,
                &quot;status&quot;: &quot;SEND&quot;
            },
            {
                &quot;time&quot;: &quot;2022-02-22T10:55:33.620Z&quot;,
                &quot;status&quot;: &quot;DELIVERED&quot;
            },
            {
                &quot;time&quot;: &quot;2022-02-22T10:58:10.748Z&quot;,
                &quot;status&quot;: &quot;PENDING&quot;
            },
            {
                &quot;time&quot;: &quot;2022-02-22T10:58:10.772Z&quot;,
                &quot;status&quot;: &quot;SEND&quot;
            },
            {
                &quot;time&quot;: &quot;2022-02-22T10:58:10.805Z&quot;,
                &quot;status&quot;: &quot;DELIVERED&quot;
            },
            {
                &quot;time&quot;: &quot;2022-02-22T10:58:33.317Z&quot;,
                &quot;status&quot;: &quot;PENDING&quot;
            },
            {
                &quot;time&quot;: &quot;2022-02-22T10:58:33.342Z&quot;,
                &quot;status&quot;: &quot;SEND&quot;
            },
            {
                &quot;time&quot;: &quot;2022-02-22T10:58:33.375Z&quot;,
                &quot;status&quot;: &quot;DELIVERED&quot;
            },
            {
                &quot;time&quot;: &quot;2022-02-22T11:01:09.552Z&quot;,
                &quot;status&quot;: &quot;PENDING&quot;
            },
            {
                &quot;time&quot;: &quot;2022-02-22T11:01:09.576Z&quot;,
                &quot;status&quot;: &quot;SEND&quot;
            }
        ],
        &quot;status&quot;: &quot;DELIVERED&quot;
    },
    &quot;creationTime&quot;: &quot;2022-02-22T10:28:38.549Z&quot;,
    &quot;deviceId&quot;: &quot;14471660&quot;,
    &quot;deviceName&quot;: &quot;octocatrpi3&quot;,
    &quot;self&quot;: &quot;https://t493319102.eu-latest.cumulocity.com/devicecontrol/operations/14471086&quot;,
    &quot;id&quot;: &quot;14471086&quot;,
    &quot;status&quot;: &quot;PENDING&quot;,
    &quot;c8y_LogfileRequest&quot;: {
        &quot;searchText&quot;: &quot;&quot;,
        &quot;logFile&quot;: &quot;software-management&quot;,
        &quot;dateTo&quot;: &quot;2021-11-21T18:55:49+0530&quot;,
        &quot;dateFrom&quot;: &quot;2021-11-15T18:55:49+0530&quot;,
        &quot;maximumLines&quot;: 300
    },
    &quot;description&quot;: &quot;Log file request&quot;
}
12:02:28 DEBUG Final URL of the request: https://thin-edge-io.eu-latest.cumulocity.com/devicecontrol/operations?deviceId=14471660&amp;pageSize=1&amp;revert=true&amp;dateFrom=1970-01-01T00%3A00%3A00.000Z
12:02:28 INFO  State of current operation: PENDING
12:02:28 DEBUG Final URL of the request: https://thin-edge-io.eu-latest.cumulocity.com/devicecontrol/operations?deviceId=14471660&amp;pageSize=1&amp;revert=true&amp;dateFrom=1970-01-01T00%3A00%3A00.000Z
12:02:28 DEBUG State of current operation: {
    &quot;delivery&quot;: {
        &quot;time&quot;: &quot;2022-02-22T11:01:09.608Z&quot;,
        &quot;log&quot;: [
            {
                &quot;time&quot;: &quot;2022-02-22T10:28:38.571Z&quot;,
                &quot;status&quot;: &quot;PENDING&quot;
            },
            {
                &quot;time&quot;: &quot;2022-02-22T10:28:38.580Z&quot;,
                &quot;status&quot;: &quot;SEND&quot;
            },
            {
                &quot;time&quot;: &quot;2022-02-22T10:28:38.612Z&quot;,
                &quot;status&quot;: &quot;DELIVERED&quot;
            },
            {
                &quot;time&quot;: &quot;2022-02-22T10:29:41.769Z&quot;,
                &quot;status&quot;: &quot;PENDING&quot;
            },
            {
                &quot;time&quot;: &quot;2022-02-22T10:29:41.789Z&quot;,
                &quot;status&quot;: &quot;SEND&quot;
            },
            {
                &quot;time&quot;: &quot;2022-02-22T10:29:41.820Z&quot;,
                &quot;status&quot;: &quot;DELIVERED&quot;
            },
            {
                &quot;time&quot;: &quot;2022-02-22T10:30:36.690Z&quot;,
                &quot;status&quot;: &quot;PENDING&quot;
            },
            {
                &quot;time&quot;: &quot;2022-02-22T10:30:36.714Z&quot;,
                &quot;status&quot;: &quot;SEND&quot;
            },
            {
                &quot;time&quot;: &quot;2022-02-22T10:30:36.753Z&quot;,
                &quot;status&quot;: &quot;DELIVERED&quot;
            },
            {
                &quot;time&quot;: &quot;2022-02-22T10:31:49.629Z&quot;,
                &quot;status&quot;: &quot;PENDING&quot;
            },
            {
                &quot;time&quot;: &quot;2022-02-22T10:31:49.654Z&quot;,
                &quot;status&quot;: &quot;SEND&quot;
            },
            {
                &quot;time&quot;: &quot;2022-02-22T10:31:49.686Z&quot;,
                &quot;status&quot;: &quot;DELIVERED&quot;
            },
            {
                &quot;time&quot;: &quot;2022-02-22T10:33:02.291Z&quot;,
                &quot;status&quot;: &quot;PENDING&quot;
            },
            {
                &quot;time&quot;: &quot;2022-02-22T10:33:02.316Z&quot;,
                &quot;status&quot;: &quot;SEND&quot;
            },
            {
                &quot;time&quot;: &quot;2022-02-22T10:33:02.347Z&quot;,
                &quot;status&quot;: &quot;DELIVERED&quot;
            },
            {
                &quot;time&quot;: &quot;2022-02-22T10:33:40.393Z&quot;,
                &quot;status&quot;: &quot;PENDING&quot;
            },
            {
                &quot;time&quot;: &quot;2022-02-22T10:33:40.416Z&quot;,
                &quot;status&quot;: &quot;SEND&quot;
            },
            {
                &quot;time&quot;: &quot;2022-02-22T10:33:40.449Z&quot;,
                &quot;status&quot;: &quot;DELIVERED&quot;
            },
            {
                &quot;time&quot;: &quot;2022-02-22T10:34:31.797Z&quot;,
                &quot;status&quot;: &quot;PENDING&quot;
            },
            {
                &quot;time&quot;: &quot;2022-02-22T10:34:31.818Z&quot;,
                &quot;status&quot;: &quot;SEND&quot;
            },
            {
                &quot;time&quot;: &quot;2022-02-22T10:34:31.850Z&quot;,
                &quot;status&quot;: &quot;DELIVERED&quot;
            },
            {
                &quot;time&quot;: &quot;2022-02-22T10:35:23.062Z&quot;,
                &quot;status&quot;: &quot;PENDING&quot;
            },
            {
                &quot;time&quot;: &quot;2022-02-22T10:35:23.084Z&quot;,
                &quot;status&quot;: &quot;SEND&quot;
            },
            {
                &quot;time&quot;: &quot;2022-02-22T10:35:23.118Z&quot;,
                &quot;status&quot;: &quot;DELIVERED&quot;
            },
            {
                &quot;time&quot;: &quot;2022-02-22T10:36:03.111Z&quot;,
                &quot;status&quot;: &quot;PENDING&quot;
            },
            {
                &quot;time&quot;: &quot;2022-02-22T10:36:03.134Z&quot;,
                &quot;status&quot;: &quot;SEND&quot;
            },
            {
                &quot;time&quot;: &quot;2022-02-22T10:36:03.168Z&quot;,
                &quot;status&quot;: &quot;DELIVERED&quot;
            },
            {
                &quot;time&quot;: &quot;2022-02-22T10:37:53.192Z&quot;,
                &quot;status&quot;: &quot;PENDING&quot;
            },
            {
                &quot;time&quot;: &quot;2022-02-22T10:37:53.212Z&quot;,
                &quot;status&quot;: &quot;SEND&quot;
            },
            {
                &quot;time&quot;: &quot;2022-02-22T10:37:53.247Z&quot;,
                &quot;status&quot;: &quot;DELIVERED&quot;
            },
            {
                &quot;time&quot;: &quot;2022-02-22T10:39:48.337Z&quot;,
                &quot;status&quot;: &quot;PENDING&quot;
            },
            {
                &quot;time&quot;: &quot;2022-02-22T10:39:48.361Z&quot;,
                &quot;status&quot;: &quot;SEND&quot;
            },
            {
                &quot;time&quot;: &quot;2022-02-22T10:39:48.394Z&quot;,
                &quot;status&quot;: &quot;DELIVERED&quot;
            },
            {
                &quot;time&quot;: &quot;2022-02-22T10:40:10.264Z&quot;,
                &quot;status&quot;: &quot;PENDING&quot;
            },
            {
                &quot;time&quot;: &quot;2022-02-22T10:40:10.288Z&quot;,
                &quot;status&quot;: &quot;SEND&quot;
            },
            {
                &quot;time&quot;: &quot;2022-02-22T10:40:10.320Z&quot;,
                &quot;status&quot;: &quot;DELIVERED&quot;
            },
            {
                &quot;time&quot;: &quot;2022-02-22T10:40:32.184Z&quot;,
                &quot;status&quot;: &quot;PENDING&quot;
            },
            {
                &quot;time&quot;: &quot;2022-02-22T10:40:32.212Z&quot;,
                &quot;status&quot;: &quot;SEND&quot;
            },
            {
                &quot;time&quot;: &quot;2022-02-22T10:40:32.245Z&quot;,
                &quot;status&quot;: &quot;DELIVERED&quot;
            },
            {
                &quot;time&quot;: &quot;2022-02-22T10:40:54.910Z&quot;,
                &quot;status&quot;: &quot;PENDING&quot;
            },
            {
                &quot;time&quot;: &quot;2022-02-22T10:40:54.935Z&quot;,
                &quot;status&quot;: &quot;SEND&quot;
            },
            {
                &quot;time&quot;: &quot;2022-02-22T10:40:54.967Z&quot;,
                &quot;status&quot;: &quot;DELIVERED&quot;
            },
            {
                &quot;time&quot;: &quot;2022-02-22T10:41:29.467Z&quot;,
                &quot;status&quot;: &quot;PENDING&quot;
            },
            {
                &quot;time&quot;: &quot;2022-02-22T10:41:29.492Z&quot;,
                &quot;status&quot;: &quot;SEND&quot;
            },
            {
                &quot;time&quot;: &quot;2022-02-22T10:41:29.524Z&quot;,
                &quot;status&quot;: &quot;DELIVERED&quot;
            },
            {
                &quot;time&quot;: &quot;2022-02-22T10:41:52.244Z&quot;,
                &quot;status&quot;: &quot;PENDING&quot;
            },
            {
                &quot;time&quot;: &quot;2022-02-22T10:41:52.268Z&quot;,
                &quot;status&quot;: &quot;SEND&quot;
            },
            {
                &quot;time&quot;: &quot;2022-02-22T10:41:52.298Z&quot;,
                &quot;status&quot;: &quot;DELIVERED&quot;
            },
            {
                &quot;time&quot;: &quot;2022-02-22T10:42:16.769Z&quot;,
                &quot;status&quot;: &quot;PENDING&quot;
            },
            {
                &quot;time&quot;: &quot;2022-02-22T10:42:16.794Z&quot;,
                &quot;status&quot;: &quot;SEND&quot;
            },
            {
                &quot;time&quot;: &quot;2022-02-22T10:42:16.826Z&quot;,
                &quot;status&quot;: &quot;DELIVERED&quot;
            },
            {
                &quot;time&quot;: &quot;2022-02-22T10:55:33.558Z&quot;,
                &quot;status&quot;: &quot;PENDING&quot;
            },
            {
                &quot;time&quot;: &quot;2022-02-22T10:55:33.592Z&quot;,
                &quot;status&quot;: &quot;SEND&quot;
            },
            {
                &quot;time&quot;: &quot;2022-02-22T10:55:33.620Z&quot;,
                &quot;status&quot;: &quot;DELIVERED&quot;
            },
            {
                &quot;time&quot;: &quot;2022-02-22T10:58:10.748Z&quot;,
                &quot;status&quot;: &quot;PENDING&quot;
            },
            {
                &quot;time&quot;: &quot;2022-02-22T10:58:10.772Z&quot;,
                &quot;status&quot;: &quot;SEND&quot;
            },
            {
                &quot;time&quot;: &quot;2022-02-22T10:58:10.805Z&quot;,
                &quot;status&quot;: &quot;DELIVERED&quot;
            },
            {
                &quot;time&quot;: &quot;2022-02-22T10:58:33.317Z&quot;,
                &quot;status&quot;: &quot;PENDING&quot;
            },
            {
                &quot;time&quot;: &quot;2022-02-22T10:58:33.342Z&quot;,
                &quot;status&quot;: &quot;SEND&quot;
            },
            {
                &quot;time&quot;: &quot;2022-02-22T10:58:33.375Z&quot;,
                &quot;status&quot;: &quot;DELIVERED&quot;
            },
            {
                &quot;time&quot;: &quot;2022-02-22T11:01:09.552Z&quot;,
                &quot;status&quot;: &quot;PENDING&quot;
            },
            {
                &quot;time&quot;: &quot;2022-02-22T11:01:09.576Z&quot;,
                &quot;status&quot;: &quot;SEND&quot;
            }
        ],
        &quot;status&quot;: &quot;DELIVERED&quot;
    },
    &quot;creationTime&quot;: &quot;2022-02-22T10:28:38.549Z&quot;,
    &quot;deviceId&quot;: &quot;14471660&quot;,
    &quot;deviceName&quot;: &quot;octocatrpi3&quot;,
    &quot;self&quot;: &quot;https://t493319102.eu-latest.cumulocity.com/devicecontrol/operations/14471086&quot;,
    &quot;id&quot;: &quot;14471086&quot;,
    &quot;status&quot;: &quot;PENDING&quot;,
    &quot;c8y_LogfileRequest&quot;: {
        &quot;searchText&quot;: &quot;&quot;,
        &quot;logFile&quot;: &quot;software-management&quot;,
        &quot;dateTo&quot;: &quot;2021-11-21T18:55:49+0530&quot;,
        &quot;dateFrom&quot;: &quot;2021-11-15T18:55:49+0530&quot;,
        &quot;maximumLines&quot;: 300
    },
    &quot;description&quot;: &quot;Log file request&quot;
}
12:02:30 DEBUG Final URL of the request: https://thin-edge-io.eu-latest.cumulocity.com/devicecontrol/operations?deviceId=14471660&amp;pageSize=1&amp;revert=true&amp;dateFrom=1970-01-01T00%3A00%3A00.000Z
12:02:30 INFO  State of current operation: PENDING
12:02:30 DEBUG Final URL of the request: https://thin-edge-io.eu-latest.cumulocity.com/devicecontrol/operations?deviceId=14471660&amp;pageSize=1&amp;revert=true&amp;dateFrom=1970-01-01T00%3A00%3A00.000Z
12:02:30 DEBUG State of current operation: {
    &quot;delivery&quot;: {
        &quot;time&quot;: &quot;2022-02-22T11:01:09.608Z&quot;,
        &quot;log&quot;: [
            {
                &quot;time&quot;: &quot;2022-02-22T10:28:38.571Z&quot;,
                &quot;status&quot;: &quot;PENDING&quot;
            },
            {
                &quot;time&quot;: &quot;2022-02-22T10:28:38.580Z&quot;,
                &quot;status&quot;: &quot;SEND&quot;
            },
            {
                &quot;time&quot;: &quot;2022-02-22T10:28:38.612Z&quot;,
                &quot;status&quot;: &quot;DELIVERED&quot;
            },
            {
                &quot;time&quot;: &quot;2022-02-22T10:29:41.769Z&quot;,
                &quot;status&quot;: &quot;PENDING&quot;
            },
            {
                &quot;time&quot;: &quot;2022-02-22T10:29:41.789Z&quot;,
                &quot;status&quot;: &quot;SEND&quot;
            },
            {
                &quot;time&quot;: &quot;2022-02-22T10:29:41.820Z&quot;,
                &quot;status&quot;: &quot;DELIVERED&quot;
            },
            {
                &quot;time&quot;: &quot;2022-02-22T10:30:36.690Z&quot;,
                &quot;status&quot;: &quot;PENDING&quot;
            },
            {
                &quot;time&quot;: &quot;2022-02-22T10:30:36.714Z&quot;,
                &quot;status&quot;: &quot;SEND&quot;
            },
            {
                &quot;time&quot;: &quot;2022-02-22T10:30:36.753Z&quot;,
                &quot;status&quot;: &quot;DELIVERED&quot;
            },
            {
                &quot;time&quot;: &quot;2022-02-22T10:31:49.629Z&quot;,
                &quot;status&quot;: &quot;PENDING&quot;
            },
            {
                &quot;time&quot;: &quot;2022-02-22T10:31:49.654Z&quot;,
                &quot;status&quot;: &quot;SEND&quot;
            },
            {
                &quot;time&quot;: &quot;2022-02-22T10:31:49.686Z&quot;,
                &quot;status&quot;: &quot;DELIVERED&quot;
            },
            {
                &quot;time&quot;: &quot;2022-02-22T10:33:02.291Z&quot;,
                &quot;status&quot;: &quot;PENDING&quot;
            },
            {
                &quot;time&quot;: &quot;2022-02-22T10:33:02.316Z&quot;,
                &quot;status&quot;: &quot;SEND&quot;
            },
            {
                &quot;time&quot;: &quot;2022-02-22T10:33:02.347Z&quot;,
                &quot;status&quot;: &quot;DELIVERED&quot;
            },
            {
                &quot;time&quot;: &quot;2022-02-22T10:33:40.393Z&quot;,
                &quot;status&quot;: &quot;PENDING&quot;
            },
            {
                &quot;time&quot;: &quot;2022-02-22T10:33:40.416Z&quot;,
                &quot;status&quot;: &quot;SEND&quot;
            },
            {
                &quot;time&quot;: &quot;2022-02-22T10:33:40.449Z&quot;,
                &quot;status&quot;: &quot;DELIVERED&quot;
            },
            {
                &quot;time&quot;: &quot;2022-02-22T10:34:31.797Z&quot;,
                &quot;status&quot;: &quot;PENDING&quot;
            },
            {
                &quot;time&quot;: &quot;2022-02-22T10:34:31.818Z&quot;,
                &quot;status&quot;: &quot;SEND&quot;
            },
            {
                &quot;time&quot;: &quot;2022-02-22T10:34:31.850Z&quot;,
                &quot;status&quot;: &quot;DELIVERED&quot;
            },
            {
                &quot;time&quot;: &quot;2022-02-22T10:35:23.062Z&quot;,
                &quot;status&quot;: &quot;PENDING&quot;
            },
            {
                &quot;time&quot;: &quot;2022-02-22T10:35:23.084Z&quot;,
                &quot;status&quot;: &quot;SEND&quot;
            },
            {
                &quot;time&quot;: &quot;2022-02-22T10:35:23.118Z&quot;,
                &quot;status&quot;: &quot;DELIVERED&quot;
            },
            {
                &quot;time&quot;: &quot;2022-02-22T10:36:03.111Z&quot;,
                &quot;status&quot;: &quot;PENDING&quot;
            },
            {
                &quot;time&quot;: &quot;2022-02-22T10:36:03.134Z&quot;,
                &quot;status&quot;: &quot;SEND&quot;
            },
            {
                &quot;time&quot;: &quot;2022-02-22T10:36:03.168Z&quot;,
                &quot;status&quot;: &quot;DELIVERED&quot;
            },
            {
                &quot;time&quot;: &quot;2022-02-22T10:37:53.192Z&quot;,
                &quot;status&quot;: &quot;PENDING&quot;
            },
            {
                &quot;time&quot;: &quot;2022-02-22T10:37:53.212Z&quot;,
                &quot;status&quot;: &quot;SEND&quot;
            },
            {
                &quot;time&quot;: &quot;2022-02-22T10:37:53.247Z&quot;,
                &quot;status&quot;: &quot;DELIVERED&quot;
            },
            {
                &quot;time&quot;: &quot;2022-02-22T10:39:48.337Z&quot;,
                &quot;status&quot;: &quot;PENDING&quot;
            },
            {
                &quot;time&quot;: &quot;2022-02-22T10:39:48.361Z&quot;,
                &quot;status&quot;: &quot;SEND&quot;
            },
            {
                &quot;time&quot;: &quot;2022-02-22T10:39:48.394Z&quot;,
                &quot;status&quot;: &quot;DELIVERED&quot;
            },
            {
                &quot;time&quot;: &quot;2022-02-22T10:40:10.264Z&quot;,
                &quot;status&quot;: &quot;PENDING&quot;
            },
            {
                &quot;time&quot;: &quot;2022-02-22T10:40:10.288Z&quot;,
                &quot;status&quot;: &quot;SEND&quot;
            },
            {
                &quot;time&quot;: &quot;2022-02-22T10:40:10.320Z&quot;,
                &quot;status&quot;: &quot;DELIVERED&quot;
            },
            {
                &quot;time&quot;: &quot;2022-02-22T10:40:32.184Z&quot;,
                &quot;status&quot;: &quot;PENDING&quot;
            },
            {
                &quot;time&quot;: &quot;2022-02-22T10:40:32.212Z&quot;,
                &quot;status&quot;: &quot;SEND&quot;
            },
            {
                &quot;time&quot;: &quot;2022-02-22T10:40:32.245Z&quot;,
                &quot;status&quot;: &quot;DELIVERED&quot;
            },
            {
                &quot;time&quot;: &quot;2022-02-22T10:40:54.910Z&quot;,
                &quot;status&quot;: &quot;PENDING&quot;
            },
            {
                &quot;time&quot;: &quot;2022-02-22T10:40:54.935Z&quot;,
                &quot;status&quot;: &quot;SEND&quot;
            },
            {
                &quot;time&quot;: &quot;2022-02-22T10:40:54.967Z&quot;,
                &quot;status&quot;: &quot;DELIVERED&quot;
            },
            {
                &quot;time&quot;: &quot;2022-02-22T10:41:29.467Z&quot;,
                &quot;status&quot;: &quot;PENDING&quot;
            },
            {
                &quot;time&quot;: &quot;2022-02-22T10:41:29.492Z&quot;,
                &quot;status&quot;: &quot;SEND&quot;
            },
            {
                &quot;time&quot;: &quot;2022-02-22T10:41:29.524Z&quot;,
                &quot;status&quot;: &quot;DELIVERED&quot;
            },
            {
                &quot;time&quot;: &quot;2022-02-22T10:41:52.244Z&quot;,
                &quot;status&quot;: &quot;PENDING&quot;
            },
            {
                &quot;time&quot;: &quot;2022-02-22T10:41:52.268Z&quot;,
                &quot;status&quot;: &quot;SEND&quot;
            },
            {
                &quot;time&quot;: &quot;2022-02-22T10:41:52.298Z&quot;,
                &quot;status&quot;: &quot;DELIVERED&quot;
            },
            {
                &quot;time&quot;: &quot;2022-02-22T10:42:16.769Z&quot;,
                &quot;status&quot;: &quot;PENDING&quot;
            },
            {
                &quot;time&quot;: &quot;2022-02-22T10:42:16.794Z&quot;,
                &quot;status&quot;: &quot;SEND&quot;
            },
            {
                &quot;time&quot;: &quot;2022-02-22T10:42:16.826Z&quot;,
                &quot;status&quot;: &quot;DELIVERED&quot;
            },
            {
                &quot;time&quot;: &quot;2022-02-22T10:55:33.558Z&quot;,
                &quot;status&quot;: &quot;PENDING&quot;
            },
            {
                &quot;time&quot;: &quot;2022-02-22T10:55:33.592Z&quot;,
                &quot;status&quot;: &quot;SEND&quot;
            },
            {
                &quot;time&quot;: &quot;2022-02-22T10:55:33.620Z&quot;,
                &quot;status&quot;: &quot;DELIVERED&quot;
            },
            {
                &quot;time&quot;: &quot;2022-02-22T10:58:10.748Z&quot;,
                &quot;status&quot;: &quot;PENDING&quot;
            },
            {
                &quot;time&quot;: &quot;2022-02-22T10:58:10.772Z&quot;,
                &quot;status&quot;: &quot;SEND&quot;
            },
            {
                &quot;time&quot;: &quot;2022-02-22T10:58:10.805Z&quot;,
                &quot;status&quot;: &quot;DELIVERED&quot;
            },
            {
                &quot;time&quot;: &quot;2022-02-22T10:58:33.317Z&quot;,
                &quot;status&quot;: &quot;PENDING&quot;
            },
            {
                &quot;time&quot;: &quot;2022-02-22T10:58:33.342Z&quot;,
                &quot;status&quot;: &quot;SEND&quot;
            },
            {
                &quot;time&quot;: &quot;2022-02-22T10:58:33.375Z&quot;,
                &quot;status&quot;: &quot;DELIVERED&quot;
            },
            {
                &quot;time&quot;: &quot;2022-02-22T11:01:09.552Z&quot;,
                &quot;status&quot;: &quot;PENDING&quot;
            },
            {
                &quot;time&quot;: &quot;2022-02-22T11:01:09.576Z&quot;,
                &quot;status&quot;: &quot;SEND&quot;
            }
        ],
        &quot;status&quot;: &quot;DELIVERED&quot;
    },
    &quot;creationTime&quot;: &quot;2022-02-22T10:28:38.549Z&quot;,
    &quot;deviceId&quot;: &quot;14471660&quot;,
    &quot;deviceName&quot;: &quot;octocatrpi3&quot;,
    &quot;self&quot;: &quot;https://t493319102.eu-latest.cumulocity.com/devicecontrol/operations/14471086&quot;,
    &quot;id&quot;: &quot;14471086&quot;,
    &quot;status&quot;: &quot;PENDING&quot;,
    &quot;c8y_LogfileRequest&quot;: {
        &quot;searchText&quot;: &quot;&quot;,
        &quot;logFile&quot;: &quot;software-management&quot;,
        &quot;dateTo&quot;: &quot;2021-11-21T18:55:49+0530&quot;,
        &quot;dateFrom&quot;: &quot;2021-11-15T18:55:49+0530&quot;,
        &quot;maximumLines&quot;: 300
    },
    &quot;description&quot;: &quot;Log file request&quot;
}
12:02:32 DEBUG Final URL of the request: https://thin-edge-io.eu-latest.cumulocity.com/devicecontrol/operations?deviceId=14471660&amp;pageSize=1&amp;revert=true&amp;dateFrom=1970-01-01T00%3A00%3A00.000Z
12:02:32 INFO  State of current operation: PENDING
12:02:32 DEBUG Final URL of the request: https://thin-edge-io.eu-latest.cumulocity.com/devicecontrol/operations?deviceId=14471660&amp;pageSize=1&amp;revert=true&amp;dateFrom=1970-01-01T00%3A00%3A00.000Z
12:02:32 DEBUG State of current operation: {
    &quot;delivery&quot;: {
        &quot;time&quot;: &quot;2022-02-22T11:01:09.608Z&quot;,
        &quot;log&quot;: [
            {
                &quot;time&quot;: &quot;2022-02-22T10:28:38.571Z&quot;,
                &quot;status&quot;: &quot;PENDING&quot;
            },
            {
                &quot;time&quot;: &quot;2022-02-22T10:28:38.580Z&quot;,
                &quot;status&quot;: &quot;SEND&quot;
            },
            {
                &quot;time&quot;: &quot;2022-02-22T10:28:38.612Z&quot;,
                &quot;status&quot;: &quot;DELIVERED&quot;
            },
            {
                &quot;time&quot;: &quot;2022-02-22T10:29:41.769Z&quot;,
                &quot;status&quot;: &quot;PENDING&quot;
            },
            {
                &quot;time&quot;: &quot;2022-02-22T10:29:41.789Z&quot;,
                &quot;status&quot;: &quot;SEND&quot;
            },
            {
                &quot;time&quot;: &quot;2022-02-22T10:29:41.820Z&quot;,
                &quot;status&quot;: &quot;DELIVERED&quot;
            },
            {
                &quot;time&quot;: &quot;2022-02-22T10:30:36.690Z&quot;,
                &quot;status&quot;: &quot;PENDING&quot;
            },
            {
                &quot;time&quot;: &quot;2022-02-22T10:30:36.714Z&quot;,
                &quot;status&quot;: &quot;SEND&quot;
            },
            {
                &quot;time&quot;: &quot;2022-02-22T10:30:36.753Z&quot;,
                &quot;status&quot;: &quot;DELIVERED&quot;
            },
            {
                &quot;time&quot;: &quot;2022-02-22T10:31:49.629Z&quot;,
                &quot;status&quot;: &quot;PENDING&quot;
            },
            {
                &quot;time&quot;: &quot;2022-02-22T10:31:49.654Z&quot;,
                &quot;status&quot;: &quot;SEND&quot;
            },
            {
                &quot;time&quot;: &quot;2022-02-22T10:31:49.686Z&quot;,
                &quot;status&quot;: &quot;DELIVERED&quot;
            },
            {
                &quot;time&quot;: &quot;2022-02-22T10:33:02.291Z&quot;,
                &quot;status&quot;: &quot;PENDING&quot;
            },
            {
                &quot;time&quot;: &quot;2022-02-22T10:33:02.316Z&quot;,
                &quot;status&quot;: &quot;SEND&quot;
            },
            {
                &quot;time&quot;: &quot;2022-02-22T10:33:02.347Z&quot;,
                &quot;status&quot;: &quot;DELIVERED&quot;
            },
            {
                &quot;time&quot;: &quot;2022-02-22T10:33:40.393Z&quot;,
                &quot;status&quot;: &quot;PENDING&quot;
            },
            {
                &quot;time&quot;: &quot;2022-02-22T10:33:40.416Z&quot;,
                &quot;status&quot;: &quot;SEND&quot;
            },
            {
                &quot;time&quot;: &quot;2022-02-22T10:33:40.449Z&quot;,
                &quot;status&quot;: &quot;DELIVERED&quot;
            },
            {
                &quot;time&quot;: &quot;2022-02-22T10:34:31.797Z&quot;,
                &quot;status&quot;: &quot;PENDING&quot;
            },
            {
                &quot;time&quot;: &quot;2022-02-22T10:34:31.818Z&quot;,
                &quot;status&quot;: &quot;SEND&quot;
            },
            {
                &quot;time&quot;: &quot;2022-02-22T10:34:31.850Z&quot;,
                &quot;status&quot;: &quot;DELIVERED&quot;
            },
            {
                &quot;time&quot;: &quot;2022-02-22T10:35:23.062Z&quot;,
                &quot;status&quot;: &quot;PENDING&quot;
            },
            {
                &quot;time&quot;: &quot;2022-02-22T10:35:23.084Z&quot;,
                &quot;status&quot;: &quot;SEND&quot;
            },
            {
                &quot;time&quot;: &quot;2022-02-22T10:35:23.118Z&quot;,
                &quot;status&quot;: &quot;DELIVERED&quot;
            },
            {
                &quot;time&quot;: &quot;2022-02-22T10:36:03.111Z&quot;,
                &quot;status&quot;: &quot;PENDING&quot;
            },
            {
                &quot;time&quot;: &quot;2022-02-22T10:36:03.134Z&quot;,
                &quot;status&quot;: &quot;SEND&quot;
            },
            {
                &quot;time&quot;: &quot;2022-02-22T10:36:03.168Z&quot;,
                &quot;status&quot;: &quot;DELIVERED&quot;
            },
            {
                &quot;time&quot;: &quot;2022-02-22T10:37:53.192Z&quot;,
                &quot;status&quot;: &quot;PENDING&quot;
            },
            {
                &quot;time&quot;: &quot;2022-02-22T10:37:53.212Z&quot;,
                &quot;status&quot;: &quot;SEND&quot;
            },
            {
                &quot;time&quot;: &quot;2022-02-22T10:37:53.247Z&quot;,
                &quot;status&quot;: &quot;DELIVERED&quot;
            },
            {
                &quot;time&quot;: &quot;2022-02-22T10:39:48.337Z&quot;,
                &quot;status&quot;: &quot;PENDING&quot;
            },
            {
                &quot;time&quot;: &quot;2022-02-22T10:39:48.361Z&quot;,
                &quot;status&quot;: &quot;SEND&quot;
            },
            {
                &quot;time&quot;: &quot;2022-02-22T10:39:48.394Z&quot;,
                &quot;status&quot;: &quot;DELIVERED&quot;
            },
            {
                &quot;time&quot;: &quot;2022-02-22T10:40:10.264Z&quot;,
                &quot;status&quot;: &quot;PENDING&quot;
            },
            {
                &quot;time&quot;: &quot;2022-02-22T10:40:10.288Z&quot;,
                &quot;status&quot;: &quot;SEND&quot;
            },
            {
                &quot;time&quot;: &quot;2022-02-22T10:40:10.320Z&quot;,
                &quot;status&quot;: &quot;DELIVERED&quot;
            },
            {
                &quot;time&quot;: &quot;2022-02-22T10:40:32.184Z&quot;,
                &quot;status&quot;: &quot;PENDING&quot;
            },
            {
                &quot;time&quot;: &quot;2022-02-22T10:40:32.212Z&quot;,
                &quot;status&quot;: &quot;SEND&quot;
            },
            {
                &quot;time&quot;: &quot;2022-02-22T10:40:32.245Z&quot;,
                &quot;status&quot;: &quot;DELIVERED&quot;
            },
            {
                &quot;time&quot;: &quot;2022-02-22T10:40:54.910Z&quot;,
                &quot;status&quot;: &quot;PENDING&quot;
            },
            {
                &quot;time&quot;: &quot;2022-02-22T10:40:54.935Z&quot;,
                &quot;status&quot;: &quot;SEND&quot;
            },
            {
                &quot;time&quot;: &quot;2022-02-22T10:40:54.967Z&quot;,
                &quot;status&quot;: &quot;DELIVERED&quot;
            },
            {
                &quot;time&quot;: &quot;2022-02-22T10:41:29.467Z&quot;,
                &quot;status&quot;: &quot;PENDING&quot;
            },
            {
                &quot;time&quot;: &quot;2022-02-22T10:41:29.492Z&quot;,
                &quot;status&quot;: &quot;SEND&quot;
            },
            {
                &quot;time&quot;: &quot;2022-02-22T10:41:29.524Z&quot;,
                &quot;status&quot;: &quot;DELIVERED&quot;
            },
            {
                &quot;time&quot;: &quot;2022-02-22T10:41:52.244Z&quot;,
                &quot;status&quot;: &quot;PENDING&quot;
            },
            {
                &quot;time&quot;: &quot;2022-02-22T10:41:52.268Z&quot;,
                &quot;status&quot;: &quot;SEND&quot;
            },
            {
                &quot;time&quot;: &quot;2022-02-22T10:41:52.298Z&quot;,
                &quot;status&quot;: &quot;DELIVERED&quot;
            },
            {
                &quot;time&quot;: &quot;2022-02-22T10:42:16.769Z&quot;,
                &quot;status&quot;: &quot;PENDING&quot;
            },
            {
                &quot;time&quot;: &quot;2022-02-22T10:42:16.794Z&quot;,
                &quot;status&quot;: &quot;SEND&quot;
            },
            {
                &quot;time&quot;: &quot;2022-02-22T10:42:16.826Z&quot;,
                &quot;status&quot;: &quot;DELIVERED&quot;
            },
            {
                &quot;time&quot;: &quot;2022-02-22T10:55:33.558Z&quot;,
                &quot;status&quot;: &quot;PENDING&quot;
            },
            {
                &quot;time&quot;: &quot;2022-02-22T10:55:33.592Z&quot;,
                &quot;status&quot;: &quot;SEND&quot;
            },
            {
                &quot;time&quot;: &quot;2022-02-22T10:55:33.620Z&quot;,
                &quot;status&quot;: &quot;DELIVERED&quot;
            },
            {
                &quot;time&quot;: &quot;2022-02-22T10:58:10.748Z&quot;,
                &quot;status&quot;: &quot;PENDING&quot;
            },
            {
                &quot;time&quot;: &quot;2022-02-22T10:58:10.772Z&quot;,
                &quot;status&quot;: &quot;SEND&quot;
            },
            {
                &quot;time&quot;: &quot;2022-02-22T10:58:10.805Z&quot;,
                &quot;status&quot;: &quot;DELIVERED&quot;
            },
            {
                &quot;time&quot;: &quot;2022-02-22T10:58:33.317Z&quot;,
                &quot;status&quot;: &quot;PENDING&quot;
            },
            {
                &quot;time&quot;: &quot;2022-02-22T10:58:33.342Z&quot;,
                &quot;status&quot;: &quot;SEND&quot;
            },
            {
                &quot;time&quot;: &quot;2022-02-22T10:58:33.375Z&quot;,
                &quot;status&quot;: &quot;DELIVERED&quot;
            },
            {
                &quot;time&quot;: &quot;2022-02-22T11:01:09.552Z&quot;,
                &quot;status&quot;: &quot;PENDING&quot;
            },
            {
                &quot;time&quot;: &quot;2022-02-22T11:01:09.576Z&quot;,
                &quot;status&quot;: &quot;SEND&quot;
            }
        ],
        &quot;status&quot;: &quot;DELIVERED&quot;
    },
    &quot;creationTime&quot;: &quot;2022-02-22T10:28:38.549Z&quot;,
    &quot;deviceId&quot;: &quot;14471660&quot;,
    &quot;deviceName&quot;: &quot;octocatrpi3&quot;,
    &quot;self&quot;: &quot;https://t493319102.eu-latest.cumulocity.com/devicecontrol/operations/14471086&quot;,
    &quot;id&quot;: &quot;14471086&quot;,
    &quot;status&quot;: &quot;PENDING&quot;,
    &quot;c8y_LogfileRequest&quot;: {
        &quot;searchText&quot;: &quot;&quot;,
        &quot;logFile&quot;: &quot;software-management&quot;,
        &quot;dateTo&quot;: &quot;2021-11-21T18:55:49+0530&quot;,
        &quot;dateFrom&quot;: &quot;2021-11-15T18:55:49+0530&quot;,
        &quot;maximumLines&quot;: 300
    },
    &quot;description&quot;: &quot;Log file request&quot;
}
12:02:34 DEBUG Final URL of the request: https://thin-edge-io.eu-latest.cumulocity.com/devicecontrol/operations?deviceId=14471660&amp;pageSize=1&amp;revert=true&amp;dateFrom=1970-01-01T00%3A00%3A00.000Z
12:02:34 INFO  State of current operation: PENDING
12:02:34 DEBUG Final URL of the request: https://thin-edge-io.eu-latest.cumulocity.com/devicecontrol/operations?deviceId=14471660&amp;pageSize=1&amp;revert=true&amp;dateFrom=1970-01-01T00%3A00%3A00.000Z
12:02:34 DEBUG State of current operation: {
    &quot;delivery&quot;: {
        &quot;time&quot;: &quot;2022-02-22T11:01:09.608Z&quot;,
        &quot;log&quot;: [
            {
                &quot;time&quot;: &quot;2022-02-22T10:28:38.571Z&quot;,
                &quot;status&quot;: &quot;PENDING&quot;
            },
            {
                &quot;time&quot;: &quot;2022-02-22T10:28:38.580Z&quot;,
                &quot;status&quot;: &quot;SEND&quot;
            },
            {
                &quot;time&quot;: &quot;2022-02-22T10:28:38.612Z&quot;,
                &quot;status&quot;: &quot;DELIVERED&quot;
            },
            {
                &quot;time&quot;: &quot;2022-02-22T10:29:41.769Z&quot;,
                &quot;status&quot;: &quot;PENDING&quot;
            },
            {
                &quot;time&quot;: &quot;2022-02-22T10:29:41.789Z&quot;,
                &quot;status&quot;: &quot;SEND&quot;
            },
            {
                &quot;time&quot;: &quot;2022-02-22T10:29:41.820Z&quot;,
                &quot;status&quot;: &quot;DELIVERED&quot;
            },
            {
                &quot;time&quot;: &quot;2022-02-22T10:30:36.690Z&quot;,
                &quot;status&quot;: &quot;PENDING&quot;
            },
            {
                &quot;time&quot;: &quot;2022-02-22T10:30:36.714Z&quot;,
                &quot;status&quot;: &quot;SEND&quot;
            },
            {
                &quot;time&quot;: &quot;2022-02-22T10:30:36.753Z&quot;,
                &quot;status&quot;: &quot;DELIVERED&quot;
            },
            {
                &quot;time&quot;: &quot;2022-02-22T10:31:49.629Z&quot;,
                &quot;status&quot;: &quot;PENDING&quot;
            },
            {
                &quot;time&quot;: &quot;2022-02-22T10:31:49.654Z&quot;,
                &quot;status&quot;: &quot;SEND&quot;
            },
            {
                &quot;time&quot;: &quot;2022-02-22T10:31:49.686Z&quot;,
                &quot;status&quot;: &quot;DELIVERED&quot;
            },
            {
                &quot;time&quot;: &quot;2022-02-22T10:33:02.291Z&quot;,
                &quot;status&quot;: &quot;PENDING&quot;
            },
            {
                &quot;time&quot;: &quot;2022-02-22T10:33:02.316Z&quot;,
                &quot;status&quot;: &quot;SEND&quot;
            },
            {
                &quot;time&quot;: &quot;2022-02-22T10:33:02.347Z&quot;,
                &quot;status&quot;: &quot;DELIVERED&quot;
            },
            {
                &quot;time&quot;: &quot;2022-02-22T10:33:40.393Z&quot;,
                &quot;status&quot;: &quot;PENDING&quot;
            },
            {
                &quot;time&quot;: &quot;2022-02-22T10:33:40.416Z&quot;,
                &quot;status&quot;: &quot;SEND&quot;
            },
            {
                &quot;time&quot;: &quot;2022-02-22T10:33:40.449Z&quot;,
                &quot;status&quot;: &quot;DELIVERED&quot;
            },
            {
                &quot;time&quot;: &quot;2022-02-22T10:34:31.797Z&quot;,
                &quot;status&quot;: &quot;PENDING&quot;
            },
            {
                &quot;time&quot;: &quot;2022-02-22T10:34:31.818Z&quot;,
                &quot;status&quot;: &quot;SEND&quot;
            },
            {
                &quot;time&quot;: &quot;2022-02-22T10:34:31.850Z&quot;,
                &quot;status&quot;: &quot;DELIVERED&quot;
            },
            {
                &quot;time&quot;: &quot;2022-02-22T10:35:23.062Z&quot;,
                &quot;status&quot;: &quot;PENDING&quot;
            },
            {
                &quot;time&quot;: &quot;2022-02-22T10:35:23.084Z&quot;,
                &quot;status&quot;: &quot;SEND&quot;
            },
            {
                &quot;time&quot;: &quot;2022-02-22T10:35:23.118Z&quot;,
                &quot;status&quot;: &quot;DELIVERED&quot;
            },
            {
                &quot;time&quot;: &quot;2022-02-22T10:36:03.111Z&quot;,
                &quot;status&quot;: &quot;PENDING&quot;
            },
            {
                &quot;time&quot;: &quot;2022-02-22T10:36:03.134Z&quot;,
                &quot;status&quot;: &quot;SEND&quot;
            },
            {
                &quot;time&quot;: &quot;2022-02-22T10:36:03.168Z&quot;,
                &quot;status&quot;: &quot;DELIVERED&quot;
            },
            {
                &quot;time&quot;: &quot;2022-02-22T10:37:53.192Z&quot;,
                &quot;status&quot;: &quot;PENDING&quot;
            },
            {
                &quot;time&quot;: &quot;2022-02-22T10:37:53.212Z&quot;,
                &quot;status&quot;: &quot;SEND&quot;
            },
            {
                &quot;time&quot;: &quot;2022-02-22T10:37:53.247Z&quot;,
                &quot;status&quot;: &quot;DELIVERED&quot;
            },
            {
                &quot;time&quot;: &quot;2022-02-22T10:39:48.337Z&quot;,
                &quot;status&quot;: &quot;PENDING&quot;
            },
            {
                &quot;time&quot;: &quot;2022-02-22T10:39:48.361Z&quot;,
                &quot;status&quot;: &quot;SEND&quot;
            },
            {
                &quot;time&quot;: &quot;2022-02-22T10:39:48.394Z&quot;,
                &quot;status&quot;: &quot;DELIVERED&quot;
            },
            {
                &quot;time&quot;: &quot;2022-02-22T10:40:10.264Z&quot;,
                &quot;status&quot;: &quot;PENDING&quot;
            },
            {
                &quot;time&quot;: &quot;2022-02-22T10:40:10.288Z&quot;,
                &quot;status&quot;: &quot;SEND&quot;
            },
            {
                &quot;time&quot;: &quot;2022-02-22T10:40:10.320Z&quot;,
                &quot;status&quot;: &quot;DELIVERED&quot;
            },
            {
                &quot;time&quot;: &quot;2022-02-22T10:40:32.184Z&quot;,
                &quot;status&quot;: &quot;PENDING&quot;
            },
            {
                &quot;time&quot;: &quot;2022-02-22T10:40:32.212Z&quot;,
                &quot;status&quot;: &quot;SEND&quot;
            },
            {
                &quot;time&quot;: &quot;2022-02-22T10:40:32.245Z&quot;,
                &quot;status&quot;: &quot;DELIVERED&quot;
            },
            {
                &quot;time&quot;: &quot;2022-02-22T10:40:54.910Z&quot;,
                &quot;status&quot;: &quot;PENDING&quot;
            },
            {
                &quot;time&quot;: &quot;2022-02-22T10:40:54.935Z&quot;,
                &quot;status&quot;: &quot;SEND&quot;
            },
            {
                &quot;time&quot;: &quot;2022-02-22T10:40:54.967Z&quot;,
                &quot;status&quot;: &quot;DELIVERED&quot;
            },
            {
                &quot;time&quot;: &quot;2022-02-22T10:41:29.467Z&quot;,
                &quot;status&quot;: &quot;PENDING&quot;
            },
            {
                &quot;time&quot;: &quot;2022-02-22T10:41:29.492Z&quot;,
                &quot;status&quot;: &quot;SEND&quot;
            },
            {
                &quot;time&quot;: &quot;2022-02-22T10:41:29.524Z&quot;,
                &quot;status&quot;: &quot;DELIVERED&quot;
            },
            {
                &quot;time&quot;: &quot;2022-02-22T10:41:52.244Z&quot;,
                &quot;status&quot;: &quot;PENDING&quot;
            },
            {
                &quot;time&quot;: &quot;2022-02-22T10:41:52.268Z&quot;,
                &quot;status&quot;: &quot;SEND&quot;
            },
            {
                &quot;time&quot;: &quot;2022-02-22T10:41:52.298Z&quot;,
                &quot;status&quot;: &quot;DELIVERED&quot;
            },
            {
                &quot;time&quot;: &quot;2022-02-22T10:42:16.769Z&quot;,
                &quot;status&quot;: &quot;PENDING&quot;
            },
            {
                &quot;time&quot;: &quot;2022-02-22T10:42:16.794Z&quot;,
                &quot;status&quot;: &quot;SEND&quot;
            },
            {
                &quot;time&quot;: &quot;2022-02-22T10:42:16.826Z&quot;,
                &quot;status&quot;: &quot;DELIVERED&quot;
            },
            {
                &quot;time&quot;: &quot;2022-02-22T10:55:33.558Z&quot;,
                &quot;status&quot;: &quot;PENDING&quot;
            },
            {
                &quot;time&quot;: &quot;2022-02-22T10:55:33.592Z&quot;,
                &quot;status&quot;: &quot;SEND&quot;
            },
            {
                &quot;time&quot;: &quot;2022-02-22T10:55:33.620Z&quot;,
                &quot;status&quot;: &quot;DELIVERED&quot;
            },
            {
                &quot;time&quot;: &quot;2022-02-22T10:58:10.748Z&quot;,
                &quot;status&quot;: &quot;PENDING&quot;
            },
            {
                &quot;time&quot;: &quot;2022-02-22T10:58:10.772Z&quot;,
                &quot;status&quot;: &quot;SEND&quot;
            },
            {
                &quot;time&quot;: &quot;2022-02-22T10:58:10.805Z&quot;,
                &quot;status&quot;: &quot;DELIVERED&quot;
            },
            {
                &quot;time&quot;: &quot;2022-02-22T10:58:33.317Z&quot;,
                &quot;status&quot;: &quot;PENDING&quot;
            },
            {
                &quot;time&quot;: &quot;2022-02-22T10:58:33.342Z&quot;,
                &quot;status&quot;: &quot;SEND&quot;
            },
            {
                &quot;time&quot;: &quot;2022-02-22T10:58:33.375Z&quot;,
                &quot;status&quot;: &quot;DELIVERED&quot;
            },
            {
                &quot;time&quot;: &quot;2022-02-22T11:01:09.552Z&quot;,
                &quot;status&quot;: &quot;PENDING&quot;
            },
            {
                &quot;time&quot;: &quot;2022-02-22T11:01:09.576Z&quot;,
                &quot;status&quot;: &quot;SEND&quot;
            }
        ],
        &quot;status&quot;: &quot;DELIVERED&quot;
    },
    &quot;creationTime&quot;: &quot;2022-02-22T10:28:38.549Z&quot;,
    &quot;deviceId&quot;: &quot;14471660&quot;,
    &quot;deviceName&quot;: &quot;octocatrpi3&quot;,
    &quot;self&quot;: &quot;https://t493319102.eu-latest.cumulocity.com/devicecontrol/operations/14471086&quot;,
    &quot;id&quot;: &quot;14471086&quot;,
    &quot;status&quot;: &quot;PENDING&quot;,
    &quot;c8y_LogfileRequest&quot;: {
        &quot;searchText&quot;: &quot;&quot;,
        &quot;logFile&quot;: &quot;software-management&quot;,
        &quot;dateTo&quot;: &quot;2021-11-21T18:55:49+0530&quot;,
        &quot;dateFrom&quot;: &quot;2021-11-15T18:55:49+0530&quot;,
        &quot;maximumLines&quot;: 300
    },
    &quot;description&quot;: &quot;Log file request&quot;
}
12:02:37 DEBUG Final URL of the request: https://thin-edge-io.eu-latest.cumulocity.com/devicecontrol/operations?deviceId=14471660&amp;pageSize=1&amp;revert=true&amp;dateFrom=1970-01-01T00%3A00%3A00.000Z
12:02:37 INFO  State of current operation: PENDING
12:02:37 DEBUG Final URL of the request: https://thin-edge-io.eu-latest.cumulocity.com/devicecontrol/operations?deviceId=14471660&amp;pageSize=1&amp;revert=true&amp;dateFrom=1970-01-01T00%3A00%3A00.000Z
12:02:37 DEBUG State of current operation: {
    &quot;delivery&quot;: {
        &quot;time&quot;: &quot;2022-02-22T11:01:09.608Z&quot;,
        &quot;log&quot;: [
            {
                &quot;time&quot;: &quot;2022-02-22T10:28:38.571Z&quot;,
                &quot;status&quot;: &quot;PENDING&quot;
            },
            {
                &quot;time&quot;: &quot;2022-02-22T10:28:38.580Z&quot;,
                &quot;status&quot;: &quot;SEND&quot;
            },
            {
                &quot;time&quot;: &quot;2022-02-22T10:28:38.612Z&quot;,
                &quot;status&quot;: &quot;DELIVERED&quot;
            },
            {
                &quot;time&quot;: &quot;2022-02-22T10:29:41.769Z&quot;,
                &quot;status&quot;: &quot;PENDING&quot;
            },
            {
                &quot;time&quot;: &quot;2022-02-22T10:29:41.789Z&quot;,
                &quot;status&quot;: &quot;SEND&quot;
            },
            {
                &quot;time&quot;: &quot;2022-02-22T10:29:41.820Z&quot;,
                &quot;status&quot;: &quot;DELIVERED&quot;
            },
            {
                &quot;time&quot;: &quot;2022-02-22T10:30:36.690Z&quot;,
                &quot;status&quot;: &quot;PENDING&quot;
            },
            {
                &quot;time&quot;: &quot;2022-02-22T10:30:36.714Z&quot;,
                &quot;status&quot;: &quot;SEND&quot;
            },
            {
                &quot;time&quot;: &quot;2022-02-22T10:30:36.753Z&quot;,
                &quot;status&quot;: &quot;DELIVERED&quot;
            },
            {
                &quot;time&quot;: &quot;2022-02-22T10:31:49.629Z&quot;,
                &quot;status&quot;: &quot;PENDING&quot;
            },
            {
                &quot;time&quot;: &quot;2022-02-22T10:31:49.654Z&quot;,
                &quot;status&quot;: &quot;SEND&quot;
            },
            {
                &quot;time&quot;: &quot;2022-02-22T10:31:49.686Z&quot;,
                &quot;status&quot;: &quot;DELIVERED&quot;
            },
            {
                &quot;time&quot;: &quot;2022-02-22T10:33:02.291Z&quot;,
                &quot;status&quot;: &quot;PENDING&quot;
            },
            {
                &quot;time&quot;: &quot;2022-02-22T10:33:02.316Z&quot;,
                &quot;status&quot;: &quot;SEND&quot;
            },
            {
                &quot;time&quot;: &quot;2022-02-22T10:33:02.347Z&quot;,
                &quot;status&quot;: &quot;DELIVERED&quot;
            },
            {
                &quot;time&quot;: &quot;2022-02-22T10:33:40.393Z&quot;,
                &quot;status&quot;: &quot;PENDING&quot;
            },
            {
                &quot;time&quot;: &quot;2022-02-22T10:33:40.416Z&quot;,
                &quot;status&quot;: &quot;SEND&quot;
            },
            {
                &quot;time&quot;: &quot;2022-02-22T10:33:40.449Z&quot;,
                &quot;status&quot;: &quot;DELIVERED&quot;
            },
            {
                &quot;time&quot;: &quot;2022-02-22T10:34:31.797Z&quot;,
                &quot;status&quot;: &quot;PENDING&quot;
            },
            {
                &quot;time&quot;: &quot;2022-02-22T10:34:31.818Z&quot;,
                &quot;status&quot;: &quot;SEND&quot;
            },
            {
                &quot;time&quot;: &quot;2022-02-22T10:34:31.850Z&quot;,
                &quot;status&quot;: &quot;DELIVERED&quot;
            },
            {
                &quot;time&quot;: &quot;2022-02-22T10:35:23.062Z&quot;,
                &quot;status&quot;: &quot;PENDING&quot;
            },
            {
                &quot;time&quot;: &quot;2022-02-22T10:35:23.084Z&quot;,
                &quot;status&quot;: &quot;SEND&quot;
            },
            {
                &quot;time&quot;: &quot;2022-02-22T10:35:23.118Z&quot;,
                &quot;status&quot;: &quot;DELIVERED&quot;
            },
            {
                &quot;time&quot;: &quot;2022-02-22T10:36:03.111Z&quot;,
                &quot;status&quot;: &quot;PENDING&quot;
            },
            {
                &quot;time&quot;: &quot;2022-02-22T10:36:03.134Z&quot;,
                &quot;status&quot;: &quot;SEND&quot;
            },
            {
                &quot;time&quot;: &quot;2022-02-22T10:36:03.168Z&quot;,
                &quot;status&quot;: &quot;DELIVERED&quot;
            },
            {
                &quot;time&quot;: &quot;2022-02-22T10:37:53.192Z&quot;,
                &quot;status&quot;: &quot;PENDING&quot;
            },
            {
                &quot;time&quot;: &quot;2022-02-22T10:37:53.212Z&quot;,
                &quot;status&quot;: &quot;SEND&quot;
            },
            {
                &quot;time&quot;: &quot;2022-02-22T10:37:53.247Z&quot;,
                &quot;status&quot;: &quot;DELIVERED&quot;
            },
            {
                &quot;time&quot;: &quot;2022-02-22T10:39:48.337Z&quot;,
                &quot;status&quot;: &quot;PENDING&quot;
            },
            {
                &quot;time&quot;: &quot;2022-02-22T10:39:48.361Z&quot;,
                &quot;status&quot;: &quot;SEND&quot;
            },
            {
                &quot;time&quot;: &quot;2022-02-22T10:39:48.394Z&quot;,
                &quot;status&quot;: &quot;DELIVERED&quot;
            },
            {
                &quot;time&quot;: &quot;2022-02-22T10:40:10.264Z&quot;,
                &quot;status&quot;: &quot;PENDING&quot;
            },
            {
                &quot;time&quot;: &quot;2022-02-22T10:40:10.288Z&quot;,
                &quot;status&quot;: &quot;SEND&quot;
            },
            {
                &quot;time&quot;: &quot;2022-02-22T10:40:10.320Z&quot;,
                &quot;status&quot;: &quot;DELIVERED&quot;
            },
            {
                &quot;time&quot;: &quot;2022-02-22T10:40:32.184Z&quot;,
                &quot;status&quot;: &quot;PENDING&quot;
            },
            {
                &quot;time&quot;: &quot;2022-02-22T10:40:32.212Z&quot;,
                &quot;status&quot;: &quot;SEND&quot;
            },
            {
                &quot;time&quot;: &quot;2022-02-22T10:40:32.245Z&quot;,
                &quot;status&quot;: &quot;DELIVERED&quot;
            },
            {
                &quot;time&quot;: &quot;2022-02-22T10:40:54.910Z&quot;,
                &quot;status&quot;: &quot;PENDING&quot;
            },
            {
                &quot;time&quot;: &quot;2022-02-22T10:40:54.935Z&quot;,
                &quot;status&quot;: &quot;SEND&quot;
            },
            {
                &quot;time&quot;: &quot;2022-02-22T10:40:54.967Z&quot;,
                &quot;status&quot;: &quot;DELIVERED&quot;
            },
            {
                &quot;time&quot;: &quot;2022-02-22T10:41:29.467Z&quot;,
                &quot;status&quot;: &quot;PENDING&quot;
            },
            {
                &quot;time&quot;: &quot;2022-02-22T10:41:29.492Z&quot;,
                &quot;status&quot;: &quot;SEND&quot;
            },
            {
                &quot;time&quot;: &quot;2022-02-22T10:41:29.524Z&quot;,
                &quot;status&quot;: &quot;DELIVERED&quot;
            },
            {
                &quot;time&quot;: &quot;2022-02-22T10:41:52.244Z&quot;,
                &quot;status&quot;: &quot;PENDING&quot;
            },
            {
                &quot;time&quot;: &quot;2022-02-22T10:41:52.268Z&quot;,
                &quot;status&quot;: &quot;SEND&quot;
            },
            {
                &quot;time&quot;: &quot;2022-02-22T10:41:52.298Z&quot;,
                &quot;status&quot;: &quot;DELIVERED&quot;
            },
            {
                &quot;time&quot;: &quot;2022-02-22T10:42:16.769Z&quot;,
                &quot;status&quot;: &quot;PENDING&quot;
            },
            {
                &quot;time&quot;: &quot;2022-02-22T10:42:16.794Z&quot;,
                &quot;status&quot;: &quot;SEND&quot;
            },
            {
                &quot;time&quot;: &quot;2022-02-22T10:42:16.826Z&quot;,
                &quot;status&quot;: &quot;DELIVERED&quot;
            },
            {
                &quot;time&quot;: &quot;2022-02-22T10:55:33.558Z&quot;,
                &quot;status&quot;: &quot;PENDING&quot;
            },
            {
                &quot;time&quot;: &quot;2022-02-22T10:55:33.592Z&quot;,
                &quot;status&quot;: &quot;SEND&quot;
            },
            {
                &quot;time&quot;: &quot;2022-02-22T10:55:33.620Z&quot;,
                &quot;status&quot;: &quot;DELIVERED&quot;
            },
            {
                &quot;time&quot;: &quot;2022-02-22T10:58:10.748Z&quot;,
                &quot;status&quot;: &quot;PENDING&quot;
            },
            {
                &quot;time&quot;: &quot;2022-02-22T10:58:10.772Z&quot;,
                &quot;status&quot;: &quot;SEND&quot;
            },
            {
                &quot;time&quot;: &quot;2022-02-22T10:58:10.805Z&quot;,
                &quot;status&quot;: &quot;DELIVERED&quot;
            },
            {
                &quot;time&quot;: &quot;2022-02-22T10:58:33.317Z&quot;,
                &quot;status&quot;: &quot;PENDING&quot;
            },
            {
                &quot;time&quot;: &quot;2022-02-22T10:58:33.342Z&quot;,
                &quot;status&quot;: &quot;SEND&quot;
            },
            {
                &quot;time&quot;: &quot;2022-02-22T10:58:33.375Z&quot;,
                &quot;status&quot;: &quot;DELIVERED&quot;
            },
            {
                &quot;time&quot;: &quot;2022-02-22T11:01:09.552Z&quot;,
                &quot;status&quot;: &quot;PENDING&quot;
            },
            {
                &quot;time&quot;: &quot;2022-02-22T11:01:09.576Z&quot;,
                &quot;status&quot;: &quot;SEND&quot;
            }
        ],
        &quot;status&quot;: &quot;DELIVERED&quot;
    },
    &quot;creationTime&quot;: &quot;2022-02-22T10:28:38.549Z&quot;,
    &quot;deviceId&quot;: &quot;14471660&quot;,
    &quot;deviceName&quot;: &quot;octocatrpi3&quot;,
    &quot;self&quot;: &quot;https://t493319102.eu-latest.cumulocity.com/devicecontrol/operations/14471086&quot;,
    &quot;id&quot;: &quot;14471086&quot;,
    &quot;status&quot;: &quot;PENDING&quot;,
    &quot;c8y_LogfileRequest&quot;: {
        &quot;searchText&quot;: &quot;&quot;,
        &quot;logFile&quot;: &quot;software-management&quot;,
        &quot;dateTo&quot;: &quot;2021-11-21T18:55:49+0530&quot;,
        &quot;dateFrom&quot;: &quot;2021-11-15T18:55:49+0530&quot;,
        &quot;maximumLines&quot;: 300
    },
    &quot;description&quot;: &quot;Log file request&quot;
}
12:02:39 DEBUG Final URL of the request: https://thin-edge-io.eu-latest.cumulocity.com/devicecontrol/operations?deviceId=14471660&amp;pageSize=1&amp;revert=true&amp;dateFrom=1970-01-01T00%3A00%3A00.000Z
12:02:39 INFO  State of current operation: PENDING
12:02:39 DEBUG Final URL of the request: https://thin-edge-io.eu-latest.cumulocity.com/devicecontrol/operations?deviceId=14471660&amp;pageSize=1&amp;revert=true&amp;dateFrom=1970-01-01T00%3A00%3A00.000Z
12:02:39 DEBUG State of current operation: {
    &quot;delivery&quot;: {
        &quot;time&quot;: &quot;2022-02-22T11:01:09.608Z&quot;,
        &quot;log&quot;: [
            {
                &quot;time&quot;: &quot;2022-02-22T10:28:38.571Z&quot;,
                &quot;status&quot;: &quot;PENDING&quot;
            },
            {
                &quot;time&quot;: &quot;2022-02-22T10:28:38.580Z&quot;,
                &quot;status&quot;: &quot;SEND&quot;
            },
            {
                &quot;time&quot;: &quot;2022-02-22T10:28:38.612Z&quot;,
                &quot;status&quot;: &quot;DELIVERED&quot;
            },
            {
                &quot;time&quot;: &quot;2022-02-22T10:29:41.769Z&quot;,
                &quot;status&quot;: &quot;PENDING&quot;
            },
            {
                &quot;time&quot;: &quot;2022-02-22T10:29:41.789Z&quot;,
                &quot;status&quot;: &quot;SEND&quot;
            },
            {
                &quot;time&quot;: &quot;2022-02-22T10:29:41.820Z&quot;,
                &quot;status&quot;: &quot;DELIVERED&quot;
            },
            {
                &quot;time&quot;: &quot;2022-02-22T10:30:36.690Z&quot;,
                &quot;status&quot;: &quot;PENDING&quot;
            },
            {
                &quot;time&quot;: &quot;2022-02-22T10:30:36.714Z&quot;,
                &quot;status&quot;: &quot;SEND&quot;
            },
            {
                &quot;time&quot;: &quot;2022-02-22T10:30:36.753Z&quot;,
                &quot;status&quot;: &quot;DELIVERED&quot;
            },
            {
                &quot;time&quot;: &quot;2022-02-22T10:31:49.629Z&quot;,
                &quot;status&quot;: &quot;PENDING&quot;
            },
            {
                &quot;time&quot;: &quot;2022-02-22T10:31:49.654Z&quot;,
                &quot;status&quot;: &quot;SEND&quot;
            },
            {
                &quot;time&quot;: &quot;2022-02-22T10:31:49.686Z&quot;,
                &quot;status&quot;: &quot;DELIVERED&quot;
            },
            {
                &quot;time&quot;: &quot;2022-02-22T10:33:02.291Z&quot;,
                &quot;status&quot;: &quot;PENDING&quot;
            },
            {
                &quot;time&quot;: &quot;2022-02-22T10:33:02.316Z&quot;,
                &quot;status&quot;: &quot;SEND&quot;
            },
            {
                &quot;time&quot;: &quot;2022-02-22T10:33:02.347Z&quot;,
                &quot;status&quot;: &quot;DELIVERED&quot;
            },
            {
                &quot;time&quot;: &quot;2022-02-22T10:33:40.393Z&quot;,
                &quot;status&quot;: &quot;PENDING&quot;
            },
            {
                &quot;time&quot;: &quot;2022-02-22T10:33:40.416Z&quot;,
                &quot;status&quot;: &quot;SEND&quot;
            },
            {
                &quot;time&quot;: &quot;2022-02-22T10:33:40.449Z&quot;,
                &quot;status&quot;: &quot;DELIVERED&quot;
            },
            {
                &quot;time&quot;: &quot;2022-02-22T10:34:31.797Z&quot;,
                &quot;status&quot;: &quot;PENDING&quot;
            },
            {
                &quot;time&quot;: &quot;2022-02-22T10:34:31.818Z&quot;,
                &quot;status&quot;: &quot;SEND&quot;
            },
            {
                &quot;time&quot;: &quot;2022-02-22T10:34:31.850Z&quot;,
                &quot;status&quot;: &quot;DELIVERED&quot;
            },
            {
                &quot;time&quot;: &quot;2022-02-22T10:35:23.062Z&quot;,
                &quot;status&quot;: &quot;PENDING&quot;
            },
            {
                &quot;time&quot;: &quot;2022-02-22T10:35:23.084Z&quot;,
                &quot;status&quot;: &quot;SEND&quot;
            },
            {
                &quot;time&quot;: &quot;2022-02-22T10:35:23.118Z&quot;,
                &quot;status&quot;: &quot;DELIVERED&quot;
            },
            {
                &quot;time&quot;: &quot;2022-02-22T10:36:03.111Z&quot;,
                &quot;status&quot;: &quot;PENDING&quot;
            },
            {
                &quot;time&quot;: &quot;2022-02-22T10:36:03.134Z&quot;,
                &quot;status&quot;: &quot;SEND&quot;
            },
            {
                &quot;time&quot;: &quot;2022-02-22T10:36:03.168Z&quot;,
                &quot;status&quot;: &quot;DELIVERED&quot;
            },
            {
                &quot;time&quot;: &quot;2022-02-22T10:37:53.192Z&quot;,
                &quot;status&quot;: &quot;PENDING&quot;
            },
            {
                &quot;time&quot;: &quot;2022-02-22T10:37:53.212Z&quot;,
                &quot;status&quot;: &quot;SEND&quot;
            },
            {
                &quot;time&quot;: &quot;2022-02-22T10:37:53.247Z&quot;,
                &quot;status&quot;: &quot;DELIVERED&quot;
            },
            {
                &quot;time&quot;: &quot;2022-02-22T10:39:48.337Z&quot;,
                &quot;status&quot;: &quot;PENDING&quot;
            },
            {
                &quot;time&quot;: &quot;2022-02-22T10:39:48.361Z&quot;,
                &quot;status&quot;: &quot;SEND&quot;
            },
            {
                &quot;time&quot;: &quot;2022-02-22T10:39:48.394Z&quot;,
                &quot;status&quot;: &quot;DELIVERED&quot;
            },
            {
                &quot;time&quot;: &quot;2022-02-22T10:40:10.264Z&quot;,
                &quot;status&quot;: &quot;PENDING&quot;
            },
            {
                &quot;time&quot;: &quot;2022-02-22T10:40:10.288Z&quot;,
                &quot;status&quot;: &quot;SEND&quot;
            },
            {
                &quot;time&quot;: &quot;2022-02-22T10:40:10.320Z&quot;,
                &quot;status&quot;: &quot;DELIVERED&quot;
            },
            {
                &quot;time&quot;: &quot;2022-02-22T10:40:32.184Z&quot;,
                &quot;status&quot;: &quot;PENDING&quot;
            },
            {
                &quot;time&quot;: &quot;2022-02-22T10:40:32.212Z&quot;,
                &quot;status&quot;: &quot;SEND&quot;
            },
            {
                &quot;time&quot;: &quot;2022-02-22T10:40:32.245Z&quot;,
                &quot;status&quot;: &quot;DELIVERED&quot;
            },
            {
                &quot;time&quot;: &quot;2022-02-22T10:40:54.910Z&quot;,
                &quot;status&quot;: &quot;PENDING&quot;
            },
            {
                &quot;time&quot;: &quot;2022-02-22T10:40:54.935Z&quot;,
                &quot;status&quot;: &quot;SEND&quot;
            },
            {
                &quot;time&quot;: &quot;2022-02-22T10:40:54.967Z&quot;,
                &quot;status&quot;: &quot;DELIVERED&quot;
            },
            {
                &quot;time&quot;: &quot;2022-02-22T10:41:29.467Z&quot;,
                &quot;status&quot;: &quot;PENDING&quot;
            },
            {
                &quot;time&quot;: &quot;2022-02-22T10:41:29.492Z&quot;,
                &quot;status&quot;: &quot;SEND&quot;
            },
            {
                &quot;time&quot;: &quot;2022-02-22T10:41:29.524Z&quot;,
                &quot;status&quot;: &quot;DELIVERED&quot;
            },
            {
                &quot;time&quot;: &quot;2022-02-22T10:41:52.244Z&quot;,
                &quot;status&quot;: &quot;PENDING&quot;
            },
            {
                &quot;time&quot;: &quot;2022-02-22T10:41:52.268Z&quot;,
                &quot;status&quot;: &quot;SEND&quot;
            },
            {
                &quot;time&quot;: &quot;2022-02-22T10:41:52.298Z&quot;,
                &quot;status&quot;: &quot;DELIVERED&quot;
            },
            {
                &quot;time&quot;: &quot;2022-02-22T10:42:16.769Z&quot;,
                &quot;status&quot;: &quot;PENDING&quot;
            },
            {
                &quot;time&quot;: &quot;2022-02-22T10:42:16.794Z&quot;,
                &quot;status&quot;: &quot;SEND&quot;
            },
            {
                &quot;time&quot;: &quot;2022-02-22T10:42:16.826Z&quot;,
                &quot;status&quot;: &quot;DELIVERED&quot;
            },
            {
                &quot;time&quot;: &quot;2022-02-22T10:55:33.558Z&quot;,
                &quot;status&quot;: &quot;PENDING&quot;
            },
            {
                &quot;time&quot;: &quot;2022-02-22T10:55:33.592Z&quot;,
                &quot;status&quot;: &quot;SEND&quot;
            },
            {
                &quot;time&quot;: &quot;2022-02-22T10:55:33.620Z&quot;,
                &quot;status&quot;: &quot;DELIVERED&quot;
            },
            {
                &quot;time&quot;: &quot;2022-02-22T10:58:10.748Z&quot;,
                &quot;status&quot;: &quot;PENDING&quot;
            },
            {
                &quot;time&quot;: &quot;2022-02-22T10:58:10.772Z&quot;,
                &quot;status&quot;: &quot;SEND&quot;
            },
            {
                &quot;time&quot;: &quot;2022-02-22T10:58:10.805Z&quot;,
                &quot;status&quot;: &quot;DELIVERED&quot;
            },
            {
                &quot;time&quot;: &quot;2022-02-22T10:58:33.317Z&quot;,
                &quot;status&quot;: &quot;PENDING&quot;
            },
            {
                &quot;time&quot;: &quot;2022-02-22T10:58:33.342Z&quot;,
                &quot;status&quot;: &quot;SEND&quot;
            },
            {
                &quot;time&quot;: &quot;2022-02-22T10:58:33.375Z&quot;,
                &quot;status&quot;: &quot;DELIVERED&quot;
            },
            {
                &quot;time&quot;: &quot;2022-02-22T11:01:09.552Z&quot;,
                &quot;status&quot;: &quot;PENDING&quot;
            },
            {
                &quot;time&quot;: &quot;2022-02-22T11:01:09.576Z&quot;,
                &quot;status&quot;: &quot;SEND&quot;
            }
        ],
        &quot;status&quot;: &quot;DELIVERED&quot;
    },
    &quot;creationTime&quot;: &quot;2022-02-22T10:28:38.549Z&quot;,
    &quot;deviceId&quot;: &quot;14471660&quot;,
    &quot;deviceName&quot;: &quot;octocatrpi3&quot;,
    &quot;self&quot;: &quot;https://t493319102.eu-latest.cumulocity.com/devicecontrol/operations/14471086&quot;,
    &quot;id&quot;: &quot;14471086&quot;,
    &quot;status&quot;: &quot;PENDING&quot;,
    &quot;c8y_LogfileRequest&quot;: {
        &quot;searchText&quot;: &quot;&quot;,
        &quot;logFile&quot;: &quot;software-management&quot;,
        &quot;dateTo&quot;: &quot;2021-11-21T18:55:49+0530&quot;,
        &quot;dateFrom&quot;: &quot;2021-11-15T18:55:49+0530&quot;,
        &quot;maximumLines&quot;: 300
    },
    &quot;description&quot;: &quot;Log file request&quot;
}
12:02:41 DEBUG Final URL of the request: https://thin-edge-io.eu-latest.cumulocity.com/devicecontrol/operations?deviceId=14471660&amp;pageSize=1&amp;revert=true&amp;dateFrom=1970-01-01T00%3A00%3A00.000Z
12:02:41 INFO  State of current operation: PENDING
12:02:41 DEBUG Final URL of the request: https://thin-edge-io.eu-latest.cumulocity.com/devicecontrol/operations?deviceId=14471660&amp;pageSize=1&amp;revert=true&amp;dateFrom=1970-01-01T00%3A00%3A00.000Z
12:02:41 DEBUG State of current operation: {
    &quot;delivery&quot;: {
        &quot;time&quot;: &quot;2022-02-22T11:01:09.608Z&quot;,
        &quot;log&quot;: [
            {
                &quot;time&quot;: &quot;2022-02-22T10:28:38.571Z&quot;,
                &quot;status&quot;: &quot;PENDING&quot;
            },
            {
                &quot;time&quot;: &quot;2022-02-22T10:28:38.580Z&quot;,
                &quot;status&quot;: &quot;SEND&quot;
            },
            {
                &quot;time&quot;: &quot;2022-02-22T10:28:38.612Z&quot;,
                &quot;status&quot;: &quot;DELIVERED&quot;
            },
            {
                &quot;time&quot;: &quot;2022-02-22T10:29:41.769Z&quot;,
                &quot;status&quot;: &quot;PENDING&quot;
            },
            {
                &quot;time&quot;: &quot;2022-02-22T10:29:41.789Z&quot;,
                &quot;status&quot;: &quot;SEND&quot;
            },
            {
                &quot;time&quot;: &quot;2022-02-22T10:29:41.820Z&quot;,
                &quot;status&quot;: &quot;DELIVERED&quot;
            },
            {
                &quot;time&quot;: &quot;2022-02-22T10:30:36.690Z&quot;,
                &quot;status&quot;: &quot;PENDING&quot;
            },
            {
                &quot;time&quot;: &quot;2022-02-22T10:30:36.714Z&quot;,
                &quot;status&quot;: &quot;SEND&quot;
            },
            {
                &quot;time&quot;: &quot;2022-02-22T10:30:36.753Z&quot;,
                &quot;status&quot;: &quot;DELIVERED&quot;
            },
            {
                &quot;time&quot;: &quot;2022-02-22T10:31:49.629Z&quot;,
                &quot;status&quot;: &quot;PENDING&quot;
            },
            {
                &quot;time&quot;: &quot;2022-02-22T10:31:49.654Z&quot;,
                &quot;status&quot;: &quot;SEND&quot;
            },
            {
                &quot;time&quot;: &quot;2022-02-22T10:31:49.686Z&quot;,
                &quot;status&quot;: &quot;DELIVERED&quot;
            },
            {
                &quot;time&quot;: &quot;2022-02-22T10:33:02.291Z&quot;,
                &quot;status&quot;: &quot;PENDING&quot;
            },
            {
                &quot;time&quot;: &quot;2022-02-22T10:33:02.316Z&quot;,
                &quot;status&quot;: &quot;SEND&quot;
            },
            {
                &quot;time&quot;: &quot;2022-02-22T10:33:02.347Z&quot;,
                &quot;status&quot;: &quot;DELIVERED&quot;
            },
            {
                &quot;time&quot;: &quot;2022-02-22T10:33:40.393Z&quot;,
                &quot;status&quot;: &quot;PENDING&quot;
            },
            {
                &quot;time&quot;: &quot;2022-02-22T10:33:40.416Z&quot;,
                &quot;status&quot;: &quot;SEND&quot;
            },
            {
                &quot;time&quot;: &quot;2022-02-22T10:33:40.449Z&quot;,
                &quot;status&quot;: &quot;DELIVERED&quot;
            },
            {
                &quot;time&quot;: &quot;2022-02-22T10:34:31.797Z&quot;,
                &quot;status&quot;: &quot;PENDING&quot;
            },
            {
                &quot;time&quot;: &quot;2022-02-22T10:34:31.818Z&quot;,
                &quot;status&quot;: &quot;SEND&quot;
            },
            {
                &quot;time&quot;: &quot;2022-02-22T10:34:31.850Z&quot;,
                &quot;status&quot;: &quot;DELIVERED&quot;
            },
            {
                &quot;time&quot;: &quot;2022-02-22T10:35:23.062Z&quot;,
                &quot;status&quot;: &quot;PENDING&quot;
            },
            {
                &quot;time&quot;: &quot;2022-02-22T10:35:23.084Z&quot;,
                &quot;status&quot;: &quot;SEND&quot;
            },
            {
                &quot;time&quot;: &quot;2022-02-22T10:35:23.118Z&quot;,
                &quot;status&quot;: &quot;DELIVERED&quot;
            },
            {
                &quot;time&quot;: &quot;2022-02-22T10:36:03.111Z&quot;,
                &quot;status&quot;: &quot;PENDING&quot;
            },
            {
                &quot;time&quot;: &quot;2022-02-22T10:36:03.134Z&quot;,
                &quot;status&quot;: &quot;SEND&quot;
            },
            {
                &quot;time&quot;: &quot;2022-02-22T10:36:03.168Z&quot;,
                &quot;status&quot;: &quot;DELIVERED&quot;
            },
            {
                &quot;time&quot;: &quot;2022-02-22T10:37:53.192Z&quot;,
                &quot;status&quot;: &quot;PENDING&quot;
            },
            {
                &quot;time&quot;: &quot;2022-02-22T10:37:53.212Z&quot;,
                &quot;status&quot;: &quot;SEND&quot;
            },
            {
                &quot;time&quot;: &quot;2022-02-22T10:37:53.247Z&quot;,
                &quot;status&quot;: &quot;DELIVERED&quot;
            },
            {
                &quot;time&quot;: &quot;2022-02-22T10:39:48.337Z&quot;,
                &quot;status&quot;: &quot;PENDING&quot;
            },
            {
                &quot;time&quot;: &quot;2022-02-22T10:39:48.361Z&quot;,
                &quot;status&quot;: &quot;SEND&quot;
            },
            {
                &quot;time&quot;: &quot;2022-02-22T10:39:48.394Z&quot;,
                &quot;status&quot;: &quot;DELIVERED&quot;
            },
            {
                &quot;time&quot;: &quot;2022-02-22T10:40:10.264Z&quot;,
                &quot;status&quot;: &quot;PENDING&quot;
            },
            {
                &quot;time&quot;: &quot;2022-02-22T10:40:10.288Z&quot;,
                &quot;status&quot;: &quot;SEND&quot;
            },
            {
                &quot;time&quot;: &quot;2022-02-22T10:40:10.320Z&quot;,
                &quot;status&quot;: &quot;DELIVERED&quot;
            },
            {
                &quot;time&quot;: &quot;2022-02-22T10:40:32.184Z&quot;,
                &quot;status&quot;: &quot;PENDING&quot;
            },
            {
                &quot;time&quot;: &quot;2022-02-22T10:40:32.212Z&quot;,
                &quot;status&quot;: &quot;SEND&quot;
            },
            {
                &quot;time&quot;: &quot;2022-02-22T10:40:32.245Z&quot;,
                &quot;status&quot;: &quot;DELIVERED&quot;
            },
            {
                &quot;time&quot;: &quot;2022-02-22T10:40:54.910Z&quot;,
                &quot;status&quot;: &quot;PENDING&quot;
            },
            {
                &quot;time&quot;: &quot;2022-02-22T10:40:54.935Z&quot;,
                &quot;status&quot;: &quot;SEND&quot;
            },
            {
                &quot;time&quot;: &quot;2022-02-22T10:40:54.967Z&quot;,
                &quot;status&quot;: &quot;DELIVERED&quot;
            },
            {
                &quot;time&quot;: &quot;2022-02-22T10:41:29.467Z&quot;,
                &quot;status&quot;: &quot;PENDING&quot;
            },
            {
                &quot;time&quot;: &quot;2022-02-22T10:41:29.492Z&quot;,
                &quot;status&quot;: &quot;SEND&quot;
            },
            {
                &quot;time&quot;: &quot;2022-02-22T10:41:29.524Z&quot;,
                &quot;status&quot;: &quot;DELIVERED&quot;
            },
            {
                &quot;time&quot;: &quot;2022-02-22T10:41:52.244Z&quot;,
                &quot;status&quot;: &quot;PENDING&quot;
            },
            {
                &quot;time&quot;: &quot;2022-02-22T10:41:52.268Z&quot;,
                &quot;status&quot;: &quot;SEND&quot;
            },
            {
                &quot;time&quot;: &quot;2022-02-22T10:41:52.298Z&quot;,
                &quot;status&quot;: &quot;DELIVERED&quot;
            },
            {
                &quot;time&quot;: &quot;2022-02-22T10:42:16.769Z&quot;,
                &quot;status&quot;: &quot;PENDING&quot;
            },
            {
                &quot;time&quot;: &quot;2022-02-22T10:42:16.794Z&quot;,
                &quot;status&quot;: &quot;SEND&quot;
            },
            {
                &quot;time&quot;: &quot;2022-02-22T10:42:16.826Z&quot;,
                &quot;status&quot;: &quot;DELIVERED&quot;
            },
            {
                &quot;time&quot;: &quot;2022-02-22T10:55:33.558Z&quot;,
                &quot;status&quot;: &quot;PENDING&quot;
            },
            {
                &quot;time&quot;: &quot;2022-02-22T10:55:33.592Z&quot;,
                &quot;status&quot;: &quot;SEND&quot;
            },
            {
                &quot;time&quot;: &quot;2022-02-22T10:55:33.620Z&quot;,
                &quot;status&quot;: &quot;DELIVERED&quot;
            },
            {
                &quot;time&quot;: &quot;2022-02-22T10:58:10.748Z&quot;,
                &quot;status&quot;: &quot;PENDING&quot;
            },
            {
                &quot;time&quot;: &quot;2022-02-22T10:58:10.772Z&quot;,
                &quot;status&quot;: &quot;SEND&quot;
            },
            {
                &quot;time&quot;: &quot;2022-02-22T10:58:10.805Z&quot;,
                &quot;status&quot;: &quot;DELIVERED&quot;
            },
            {
                &quot;time&quot;: &quot;2022-02-22T10:58:33.317Z&quot;,
                &quot;status&quot;: &quot;PENDING&quot;
            },
            {
                &quot;time&quot;: &quot;2022-02-22T10:58:33.342Z&quot;,
                &quot;status&quot;: &quot;SEND&quot;
            },
            {
                &quot;time&quot;: &quot;2022-02-22T10:58:33.375Z&quot;,
                &quot;status&quot;: &quot;DELIVERED&quot;
            },
            {
                &quot;time&quot;: &quot;2022-02-22T11:01:09.552Z&quot;,
                &quot;status&quot;: &quot;PENDING&quot;
            },
            {
                &quot;time&quot;: &quot;2022-02-22T11:01:09.576Z&quot;,
                &quot;status&quot;: &quot;SEND&quot;
            }
        ],
        &quot;status&quot;: &quot;DELIVERED&quot;
    },
    &quot;creationTime&quot;: &quot;2022-02-22T10:28:38.549Z&quot;,
    &quot;deviceId&quot;: &quot;14471660&quot;,
    &quot;deviceName&quot;: &quot;octocatrpi3&quot;,
    &quot;self&quot;: &quot;https://t493319102.eu-latest.cumulocity.com/devicecontrol/operations/14471086&quot;,
    &quot;id&quot;: &quot;14471086&quot;,
    &quot;status&quot;: &quot;PENDING&quot;,
    &quot;c8y_LogfileRequest&quot;: {
        &quot;searchText&quot;: &quot;&quot;,
        &quot;logFile&quot;: &quot;software-management&quot;,
        &quot;dateTo&quot;: &quot;2021-11-21T18:55:49+0530&quot;,
        &quot;dateFrom&quot;: &quot;2021-11-15T18:55:49+0530&quot;,
        &quot;maximumLines&quot;: 300
    },
    &quot;description&quot;: &quot;Log file request&quot;
}
12:02:43 DEBUG Final URL of the request: https://thin-edge-io.eu-latest.cumulocity.com/devicecontrol/operations?deviceId=14471660&amp;pageSize=1&amp;revert=true&amp;dateFrom=1970-01-01T00%3A00%3A00.000Z
12:02:43 INFO  State of current operation: PENDING
12:02:43 DEBUG Final URL of the request: https://thin-edge-io.eu-latest.cumulocity.com/devicecontrol/operations?deviceId=14471660&amp;pageSize=1&amp;revert=true&amp;dateFrom=1970-01-01T00%3A00%3A00.000Z
12:02:43 DEBUG State of current operation: {
    &quot;delivery&quot;: {
        &quot;time&quot;: &quot;2022-02-22T11:01:09.608Z&quot;,
        &quot;log&quot;: [
            {
                &quot;time&quot;: &quot;2022-02-22T10:28:38.571Z&quot;,
                &quot;status&quot;: &quot;PENDING&quot;
            },
            {
                &quot;time&quot;: &quot;2022-02-22T10:28:38.580Z&quot;,
                &quot;status&quot;: &quot;SEND&quot;
            },
            {
                &quot;time&quot;: &quot;2022-02-22T10:28:38.612Z&quot;,
                &quot;status&quot;: &quot;DELIVERED&quot;
            },
            {
                &quot;time&quot;: &quot;2022-02-22T10:29:41.769Z&quot;,
                &quot;status&quot;: &quot;PENDING&quot;
            },
            {
                &quot;time&quot;: &quot;2022-02-22T10:29:41.789Z&quot;,
                &quot;status&quot;: &quot;SEND&quot;
            },
            {
                &quot;time&quot;: &quot;2022-02-22T10:29:41.820Z&quot;,
                &quot;status&quot;: &quot;DELIVERED&quot;
            },
            {
                &quot;time&quot;: &quot;2022-02-22T10:30:36.690Z&quot;,
                &quot;status&quot;: &quot;PENDING&quot;
            },
            {
                &quot;time&quot;: &quot;2022-02-22T10:30:36.714Z&quot;,
                &quot;status&quot;: &quot;SEND&quot;
            },
            {
                &quot;time&quot;: &quot;2022-02-22T10:30:36.753Z&quot;,
                &quot;status&quot;: &quot;DELIVERED&quot;
            },
            {
                &quot;time&quot;: &quot;2022-02-22T10:31:49.629Z&quot;,
                &quot;status&quot;: &quot;PENDING&quot;
            },
            {
                &quot;time&quot;: &quot;2022-02-22T10:31:49.654Z&quot;,
                &quot;status&quot;: &quot;SEND&quot;
            },
            {
                &quot;time&quot;: &quot;2022-02-22T10:31:49.686Z&quot;,
                &quot;status&quot;: &quot;DELIVERED&quot;
            },
            {
                &quot;time&quot;: &quot;2022-02-22T10:33:02.291Z&quot;,
                &quot;status&quot;: &quot;PENDING&quot;
            },
            {
                &quot;time&quot;: &quot;2022-02-22T10:33:02.316Z&quot;,
                &quot;status&quot;: &quot;SEND&quot;
            },
            {
                &quot;time&quot;: &quot;2022-02-22T10:33:02.347Z&quot;,
                &quot;status&quot;: &quot;DELIVERED&quot;
            },
            {
                &quot;time&quot;: &quot;2022-02-22T10:33:40.393Z&quot;,
                &quot;status&quot;: &quot;PENDING&quot;
            },
            {
                &quot;time&quot;: &quot;2022-02-22T10:33:40.416Z&quot;,
                &quot;status&quot;: &quot;SEND&quot;
            },
            {
                &quot;time&quot;: &quot;2022-02-22T10:33:40.449Z&quot;,
                &quot;status&quot;: &quot;DELIVERED&quot;
            },
            {
                &quot;time&quot;: &quot;2022-02-22T10:34:31.797Z&quot;,
                &quot;status&quot;: &quot;PENDING&quot;
            },
            {
                &quot;time&quot;: &quot;2022-02-22T10:34:31.818Z&quot;,
                &quot;status&quot;: &quot;SEND&quot;
            },
            {
                &quot;time&quot;: &quot;2022-02-22T10:34:31.850Z&quot;,
                &quot;status&quot;: &quot;DELIVERED&quot;
            },
            {
                &quot;time&quot;: &quot;2022-02-22T10:35:23.062Z&quot;,
                &quot;status&quot;: &quot;PENDING&quot;
            },
            {
                &quot;time&quot;: &quot;2022-02-22T10:35:23.084Z&quot;,
                &quot;status&quot;: &quot;SEND&quot;
            },
            {
                &quot;time&quot;: &quot;2022-02-22T10:35:23.118Z&quot;,
                &quot;status&quot;: &quot;DELIVERED&quot;
            },
            {
                &quot;time&quot;: &quot;2022-02-22T10:36:03.111Z&quot;,
                &quot;status&quot;: &quot;PENDING&quot;
            },
            {
                &quot;time&quot;: &quot;2022-02-22T10:36:03.134Z&quot;,
                &quot;status&quot;: &quot;SEND&quot;
            },
            {
                &quot;time&quot;: &quot;2022-02-22T10:36:03.168Z&quot;,
                &quot;status&quot;: &quot;DELIVERED&quot;
            },
            {
                &quot;time&quot;: &quot;2022-02-22T10:37:53.192Z&quot;,
                &quot;status&quot;: &quot;PENDING&quot;
            },
            {
                &quot;time&quot;: &quot;2022-02-22T10:37:53.212Z&quot;,
                &quot;status&quot;: &quot;SEND&quot;
            },
            {
                &quot;time&quot;: &quot;2022-02-22T10:37:53.247Z&quot;,
                &quot;status&quot;: &quot;DELIVERED&quot;
            },
            {
                &quot;time&quot;: &quot;2022-02-22T10:39:48.337Z&quot;,
                &quot;status&quot;: &quot;PENDING&quot;
            },
            {
                &quot;time&quot;: &quot;2022-02-22T10:39:48.361Z&quot;,
                &quot;status&quot;: &quot;SEND&quot;
            },
            {
                &quot;time&quot;: &quot;2022-02-22T10:39:48.394Z&quot;,
                &quot;status&quot;: &quot;DELIVERED&quot;
            },
            {
                &quot;time&quot;: &quot;2022-02-22T10:40:10.264Z&quot;,
                &quot;status&quot;: &quot;PENDING&quot;
            },
            {
                &quot;time&quot;: &quot;2022-02-22T10:40:10.288Z&quot;,
                &quot;status&quot;: &quot;SEND&quot;
            },
            {
                &quot;time&quot;: &quot;2022-02-22T10:40:10.320Z&quot;,
                &quot;status&quot;: &quot;DELIVERED&quot;
            },
            {
                &quot;time&quot;: &quot;2022-02-22T10:40:32.184Z&quot;,
                &quot;status&quot;: &quot;PENDING&quot;
            },
            {
                &quot;time&quot;: &quot;2022-02-22T10:40:32.212Z&quot;,
                &quot;status&quot;: &quot;SEND&quot;
            },
            {
                &quot;time&quot;: &quot;2022-02-22T10:40:32.245Z&quot;,
                &quot;status&quot;: &quot;DELIVERED&quot;
            },
            {
                &quot;time&quot;: &quot;2022-02-22T10:40:54.910Z&quot;,
                &quot;status&quot;: &quot;PENDING&quot;
            },
            {
                &quot;time&quot;: &quot;2022-02-22T10:40:54.935Z&quot;,
                &quot;status&quot;: &quot;SEND&quot;
            },
            {
                &quot;time&quot;: &quot;2022-02-22T10:40:54.967Z&quot;,
                &quot;status&quot;: &quot;DELIVERED&quot;
            },
            {
                &quot;time&quot;: &quot;2022-02-22T10:41:29.467Z&quot;,
                &quot;status&quot;: &quot;PENDING&quot;
            },
            {
                &quot;time&quot;: &quot;2022-02-22T10:41:29.492Z&quot;,
                &quot;status&quot;: &quot;SEND&quot;
            },
            {
                &quot;time&quot;: &quot;2022-02-22T10:41:29.524Z&quot;,
                &quot;status&quot;: &quot;DELIVERED&quot;
            },
            {
                &quot;time&quot;: &quot;2022-02-22T10:41:52.244Z&quot;,
                &quot;status&quot;: &quot;PENDING&quot;
            },
            {
                &quot;time&quot;: &quot;2022-02-22T10:41:52.268Z&quot;,
                &quot;status&quot;: &quot;SEND&quot;
            },
            {
                &quot;time&quot;: &quot;2022-02-22T10:41:52.298Z&quot;,
                &quot;status&quot;: &quot;DELIVERED&quot;
            },
            {
                &quot;time&quot;: &quot;2022-02-22T10:42:16.769Z&quot;,
                &quot;status&quot;: &quot;PENDING&quot;
            },
            {
                &quot;time&quot;: &quot;2022-02-22T10:42:16.794Z&quot;,
                &quot;status&quot;: &quot;SEND&quot;
            },
            {
                &quot;time&quot;: &quot;2022-02-22T10:42:16.826Z&quot;,
                &quot;status&quot;: &quot;DELIVERED&quot;
            },
            {
                &quot;time&quot;: &quot;2022-02-22T10:55:33.558Z&quot;,
                &quot;status&quot;: &quot;PENDING&quot;
            },
            {
                &quot;time&quot;: &quot;2022-02-22T10:55:33.592Z&quot;,
                &quot;status&quot;: &quot;SEND&quot;
            },
            {
                &quot;time&quot;: &quot;2022-02-22T10:55:33.620Z&quot;,
                &quot;status&quot;: &quot;DELIVERED&quot;
            },
            {
                &quot;time&quot;: &quot;2022-02-22T10:58:10.748Z&quot;,
                &quot;status&quot;: &quot;PENDING&quot;
            },
            {
                &quot;time&quot;: &quot;2022-02-22T10:58:10.772Z&quot;,
                &quot;status&quot;: &quot;SEND&quot;
            },
            {
                &quot;time&quot;: &quot;2022-02-22T10:58:10.805Z&quot;,
                &quot;status&quot;: &quot;DELIVERED&quot;
            },
            {
                &quot;time&quot;: &quot;2022-02-22T10:58:33.317Z&quot;,
                &quot;status&quot;: &quot;PENDING&quot;
            },
            {
                &quot;time&quot;: &quot;2022-02-22T10:58:33.342Z&quot;,
                &quot;status&quot;: &quot;SEND&quot;
            },
            {
                &quot;time&quot;: &quot;2022-02-22T10:58:33.375Z&quot;,
                &quot;status&quot;: &quot;DELIVERED&quot;
            },
            {
                &quot;time&quot;: &quot;2022-02-22T11:01:09.552Z&quot;,
                &quot;status&quot;: &quot;PENDING&quot;
            },
            {
                &quot;time&quot;: &quot;2022-02-22T11:01:09.576Z&quot;,
                &quot;status&quot;: &quot;SEND&quot;
            }
        ],
        &quot;status&quot;: &quot;DELIVERED&quot;
    },
    &quot;creationTime&quot;: &quot;2022-02-22T10:28:38.549Z&quot;,
    &quot;deviceId&quot;: &quot;14471660&quot;,
    &quot;deviceName&quot;: &quot;octocatrpi3&quot;,
    &quot;self&quot;: &quot;https://t493319102.eu-latest.cumulocity.com/devicecontrol/operations/14471086&quot;,
    &quot;id&quot;: &quot;14471086&quot;,
    &quot;status&quot;: &quot;PENDING&quot;,
    &quot;c8y_LogfileRequest&quot;: {
        &quot;searchText&quot;: &quot;&quot;,
        &quot;logFile&quot;: &quot;software-management&quot;,
        &quot;dateTo&quot;: &quot;2021-11-21T18:55:49+0530&quot;,
        &quot;dateFrom&quot;: &quot;2021-11-15T18:55:49+0530&quot;,
        &quot;maximumLines&quot;: 300
    },
    &quot;description&quot;: &quot;Log file request&quot;
}
12:02:45 DEBUG Final URL of the request: https://thin-edge-io.eu-latest.cumulocity.com/devicecontrol/operations?deviceId=14471660&amp;pageSize=1&amp;revert=true&amp;dateFrom=1970-01-01T00%3A00%3A00.000Z
12:02:45 INFO  State of current operation: PENDING
12:02:45 DEBUG Final URL of the request: https://thin-edge-io.eu-latest.cumulocity.com/devicecontrol/operations?deviceId=14471660&amp;pageSize=1&amp;revert=true&amp;dateFrom=1970-01-01T00%3A00%3A00.000Z
12:02:45 DEBUG State of current operation: {
    &quot;delivery&quot;: {
        &quot;time&quot;: &quot;2022-02-22T11:01:09.608Z&quot;,
        &quot;log&quot;: [
            {
                &quot;time&quot;: &quot;2022-02-22T10:28:38.571Z&quot;,
                &quot;status&quot;: &quot;PENDING&quot;
            },
            {
                &quot;time&quot;: &quot;2022-02-22T10:28:38.580Z&quot;,
                &quot;status&quot;: &quot;SEND&quot;
            },
            {
                &quot;time&quot;: &quot;2022-02-22T10:28:38.612Z&quot;,
                &quot;status&quot;: &quot;DELIVERED&quot;
            },
            {
                &quot;time&quot;: &quot;2022-02-22T10:29:41.769Z&quot;,
                &quot;status&quot;: &quot;PENDING&quot;
            },
            {
                &quot;time&quot;: &quot;2022-02-22T10:29:41.789Z&quot;,
                &quot;status&quot;: &quot;SEND&quot;
            },
            {
                &quot;time&quot;: &quot;2022-02-22T10:29:41.820Z&quot;,
                &quot;status&quot;: &quot;DELIVERED&quot;
            },
            {
                &quot;time&quot;: &quot;2022-02-22T10:30:36.690Z&quot;,
                &quot;status&quot;: &quot;PENDING&quot;
            },
            {
                &quot;time&quot;: &quot;2022-02-22T10:30:36.714Z&quot;,
                &quot;status&quot;: &quot;SEND&quot;
            },
            {
                &quot;time&quot;: &quot;2022-02-22T10:30:36.753Z&quot;,
                &quot;status&quot;: &quot;DELIVERED&quot;
            },
            {
                &quot;time&quot;: &quot;2022-02-22T10:31:49.629Z&quot;,
                &quot;status&quot;: &quot;PENDING&quot;
            },
            {
                &quot;time&quot;: &quot;2022-02-22T10:31:49.654Z&quot;,
                &quot;status&quot;: &quot;SEND&quot;
            },
            {
                &quot;time&quot;: &quot;2022-02-22T10:31:49.686Z&quot;,
                &quot;status&quot;: &quot;DELIVERED&quot;
            },
            {
                &quot;time&quot;: &quot;2022-02-22T10:33:02.291Z&quot;,
                &quot;status&quot;: &quot;PENDING&quot;
            },
            {
                &quot;time&quot;: &quot;2022-02-22T10:33:02.316Z&quot;,
                &quot;status&quot;: &quot;SEND&quot;
            },
            {
                &quot;time&quot;: &quot;2022-02-22T10:33:02.347Z&quot;,
                &quot;status&quot;: &quot;DELIVERED&quot;
            },
            {
                &quot;time&quot;: &quot;2022-02-22T10:33:40.393Z&quot;,
                &quot;status&quot;: &quot;PENDING&quot;
            },
            {
                &quot;time&quot;: &quot;2022-02-22T10:33:40.416Z&quot;,
                &quot;status&quot;: &quot;SEND&quot;
            },
            {
                &quot;time&quot;: &quot;2022-02-22T10:33:40.449Z&quot;,
                &quot;status&quot;: &quot;DELIVERED&quot;
            },
            {
                &quot;time&quot;: &quot;2022-02-22T10:34:31.797Z&quot;,
                &quot;status&quot;: &quot;PENDING&quot;
            },
            {
                &quot;time&quot;: &quot;2022-02-22T10:34:31.818Z&quot;,
                &quot;status&quot;: &quot;SEND&quot;
            },
            {
                &quot;time&quot;: &quot;2022-02-22T10:34:31.850Z&quot;,
                &quot;status&quot;: &quot;DELIVERED&quot;
            },
            {
                &quot;time&quot;: &quot;2022-02-22T10:35:23.062Z&quot;,
                &quot;status&quot;: &quot;PENDING&quot;
            },
            {
                &quot;time&quot;: &quot;2022-02-22T10:35:23.084Z&quot;,
                &quot;status&quot;: &quot;SEND&quot;
            },
            {
                &quot;time&quot;: &quot;2022-02-22T10:35:23.118Z&quot;,
                &quot;status&quot;: &quot;DELIVERED&quot;
            },
            {
                &quot;time&quot;: &quot;2022-02-22T10:36:03.111Z&quot;,
                &quot;status&quot;: &quot;PENDING&quot;
            },
            {
                &quot;time&quot;: &quot;2022-02-22T10:36:03.134Z&quot;,
                &quot;status&quot;: &quot;SEND&quot;
            },
            {
                &quot;time&quot;: &quot;2022-02-22T10:36:03.168Z&quot;,
                &quot;status&quot;: &quot;DELIVERED&quot;
            },
            {
                &quot;time&quot;: &quot;2022-02-22T10:37:53.192Z&quot;,
                &quot;status&quot;: &quot;PENDING&quot;
            },
            {
                &quot;time&quot;: &quot;2022-02-22T10:37:53.212Z&quot;,
                &quot;status&quot;: &quot;SEND&quot;
            },
            {
                &quot;time&quot;: &quot;2022-02-22T10:37:53.247Z&quot;,
                &quot;status&quot;: &quot;DELIVERED&quot;
            },
            {
                &quot;time&quot;: &quot;2022-02-22T10:39:48.337Z&quot;,
                &quot;status&quot;: &quot;PENDING&quot;
            },
            {
                &quot;time&quot;: &quot;2022-02-22T10:39:48.361Z&quot;,
                &quot;status&quot;: &quot;SEND&quot;
            },
            {
                &quot;time&quot;: &quot;2022-02-22T10:39:48.394Z&quot;,
                &quot;status&quot;: &quot;DELIVERED&quot;
            },
            {
                &quot;time&quot;: &quot;2022-02-22T10:40:10.264Z&quot;,
                &quot;status&quot;: &quot;PENDING&quot;
            },
            {
                &quot;time&quot;: &quot;2022-02-22T10:40:10.288Z&quot;,
                &quot;status&quot;: &quot;SEND&quot;
            },
            {
                &quot;time&quot;: &quot;2022-02-22T10:40:10.320Z&quot;,
                &quot;status&quot;: &quot;DELIVERED&quot;
            },
            {
                &quot;time&quot;: &quot;2022-02-22T10:40:32.184Z&quot;,
                &quot;status&quot;: &quot;PENDING&quot;
            },
            {
                &quot;time&quot;: &quot;2022-02-22T10:40:32.212Z&quot;,
                &quot;status&quot;: &quot;SEND&quot;
            },
            {
                &quot;time&quot;: &quot;2022-02-22T10:40:32.245Z&quot;,
                &quot;status&quot;: &quot;DELIVERED&quot;
            },
            {
                &quot;time&quot;: &quot;2022-02-22T10:40:54.910Z&quot;,
                &quot;status&quot;: &quot;PENDING&quot;
            },
            {
                &quot;time&quot;: &quot;2022-02-22T10:40:54.935Z&quot;,
                &quot;status&quot;: &quot;SEND&quot;
            },
            {
                &quot;time&quot;: &quot;2022-02-22T10:40:54.967Z&quot;,
                &quot;status&quot;: &quot;DELIVERED&quot;
            },
            {
                &quot;time&quot;: &quot;2022-02-22T10:41:29.467Z&quot;,
                &quot;status&quot;: &quot;PENDING&quot;
            },
            {
                &quot;time&quot;: &quot;2022-02-22T10:41:29.492Z&quot;,
                &quot;status&quot;: &quot;SEND&quot;
            },
            {
                &quot;time&quot;: &quot;2022-02-22T10:41:29.524Z&quot;,
                &quot;status&quot;: &quot;DELIVERED&quot;
            },
            {
                &quot;time&quot;: &quot;2022-02-22T10:41:52.244Z&quot;,
                &quot;status&quot;: &quot;PENDING&quot;
            },
            {
                &quot;time&quot;: &quot;2022-02-22T10:41:52.268Z&quot;,
                &quot;status&quot;: &quot;SEND&quot;
            },
            {
                &quot;time&quot;: &quot;2022-02-22T10:41:52.298Z&quot;,
                &quot;status&quot;: &quot;DELIVERED&quot;
            },
            {
                &quot;time&quot;: &quot;2022-02-22T10:42:16.769Z&quot;,
                &quot;status&quot;: &quot;PENDING&quot;
            },
            {
                &quot;time&quot;: &quot;2022-02-22T10:42:16.794Z&quot;,
                &quot;status&quot;: &quot;SEND&quot;
            },
            {
                &quot;time&quot;: &quot;2022-02-22T10:42:16.826Z&quot;,
                &quot;status&quot;: &quot;DELIVERED&quot;
            },
            {
                &quot;time&quot;: &quot;2022-02-22T10:55:33.558Z&quot;,
                &quot;status&quot;: &quot;PENDING&quot;
            },
            {
                &quot;time&quot;: &quot;2022-02-22T10:55:33.592Z&quot;,
                &quot;status&quot;: &quot;SEND&quot;
            },
            {
                &quot;time&quot;: &quot;2022-02-22T10:55:33.620Z&quot;,
                &quot;status&quot;: &quot;DELIVERED&quot;
            },
            {
                &quot;time&quot;: &quot;2022-02-22T10:58:10.748Z&quot;,
                &quot;status&quot;: &quot;PENDING&quot;
            },
            {
                &quot;time&quot;: &quot;2022-02-22T10:58:10.772Z&quot;,
                &quot;status&quot;: &quot;SEND&quot;
            },
            {
                &quot;time&quot;: &quot;2022-02-22T10:58:10.805Z&quot;,
                &quot;status&quot;: &quot;DELIVERED&quot;
            },
            {
                &quot;time&quot;: &quot;2022-02-22T10:58:33.317Z&quot;,
                &quot;status&quot;: &quot;PENDING&quot;
            },
            {
                &quot;time&quot;: &quot;2022-02-22T10:58:33.342Z&quot;,
                &quot;status&quot;: &quot;SEND&quot;
            },
            {
                &quot;time&quot;: &quot;2022-02-22T10:58:33.375Z&quot;,
                &quot;status&quot;: &quot;DELIVERED&quot;
            },
            {
                &quot;time&quot;: &quot;2022-02-22T11:01:09.552Z&quot;,
                &quot;status&quot;: &quot;PENDING&quot;
            },
            {
                &quot;time&quot;: &quot;2022-02-22T11:01:09.576Z&quot;,
                &quot;status&quot;: &quot;SEND&quot;
            }
        ],
        &quot;status&quot;: &quot;DELIVERED&quot;
    },
    &quot;creationTime&quot;: &quot;2022-02-22T10:28:38.549Z&quot;,
    &quot;deviceId&quot;: &quot;14471660&quot;,
    &quot;deviceName&quot;: &quot;octocatrpi3&quot;,
    &quot;self&quot;: &quot;https://t493319102.eu-latest.cumulocity.com/devicecontrol/operations/14471086&quot;,
    &quot;id&quot;: &quot;14471086&quot;,
    &quot;status&quot;: &quot;PENDING&quot;,
    &quot;c8y_LogfileRequest&quot;: {
        &quot;searchText&quot;: &quot;&quot;,
        &quot;logFile&quot;: &quot;software-management&quot;,
        &quot;dateTo&quot;: &quot;2021-11-21T18:55:49+0530&quot;,
        &quot;dateFrom&quot;: &quot;2021-11-15T18:55:49+0530&quot;,
        &quot;maximumLines&quot;: 300
    },
    &quot;description&quot;: &quot;Log file request&quot;
}
12:02:48 DEBUG Final URL of the request: https://thin-edge-io.eu-latest.cumulocity.com/devicecontrol/operations?deviceId=14471660&amp;pageSize=1&amp;revert=true&amp;dateFrom=1970-01-01T00%3A00%3A00.000Z
12:02:48 INFO  State of current operation: PENDING
12:02:48 DEBUG Final URL of the request: https://thin-edge-io.eu-latest.cumulocity.com/devicecontrol/operations?deviceId=14471660&amp;pageSize=1&amp;revert=true&amp;dateFrom=1970-01-01T00%3A00%3A00.000Z
12:02:48 DEBUG State of current operation: {
    &quot;delivery&quot;: {
        &quot;time&quot;: &quot;2022-02-22T11:01:09.608Z&quot;,
        &quot;log&quot;: [
            {
                &quot;time&quot;: &quot;2022-02-22T10:28:38.571Z&quot;,
                &quot;status&quot;: &quot;PENDING&quot;
            },
            {
                &quot;time&quot;: &quot;2022-02-22T10:28:38.580Z&quot;,
                &quot;status&quot;: &quot;SEND&quot;
            },
            {
                &quot;time&quot;: &quot;2022-02-22T10:28:38.612Z&quot;,
                &quot;status&quot;: &quot;DELIVERED&quot;
            },
            {
                &quot;time&quot;: &quot;2022-02-22T10:29:41.769Z&quot;,
                &quot;status&quot;: &quot;PENDING&quot;
            },
            {
                &quot;time&quot;: &quot;2022-02-22T10:29:41.789Z&quot;,
                &quot;status&quot;: &quot;SEND&quot;
            },
            {
                &quot;time&quot;: &quot;2022-02-22T10:29:41.820Z&quot;,
                &quot;status&quot;: &quot;DELIVERED&quot;
            },
            {
                &quot;time&quot;: &quot;2022-02-22T10:30:36.690Z&quot;,
                &quot;status&quot;: &quot;PENDING&quot;
            },
            {
                &quot;time&quot;: &quot;2022-02-22T10:30:36.714Z&quot;,
                &quot;status&quot;: &quot;SEND&quot;
            },
            {
                &quot;time&quot;: &quot;2022-02-22T10:30:36.753Z&quot;,
                &quot;status&quot;: &quot;DELIVERED&quot;
            },
            {
                &quot;time&quot;: &quot;2022-02-22T10:31:49.629Z&quot;,
                &quot;status&quot;: &quot;PENDING&quot;
            },
            {
                &quot;time&quot;: &quot;2022-02-22T10:31:49.654Z&quot;,
                &quot;status&quot;: &quot;SEND&quot;
            },
            {
                &quot;time&quot;: &quot;2022-02-22T10:31:49.686Z&quot;,
                &quot;status&quot;: &quot;DELIVERED&quot;
            },
            {
                &quot;time&quot;: &quot;2022-02-22T10:33:02.291Z&quot;,
                &quot;status&quot;: &quot;PENDING&quot;
            },
            {
                &quot;time&quot;: &quot;2022-02-22T10:33:02.316Z&quot;,
                &quot;status&quot;: &quot;SEND&quot;
            },
            {
                &quot;time&quot;: &quot;2022-02-22T10:33:02.347Z&quot;,
                &quot;status&quot;: &quot;DELIVERED&quot;
            },
            {
                &quot;time&quot;: &quot;2022-02-22T10:33:40.393Z&quot;,
                &quot;status&quot;: &quot;PENDING&quot;
            },
            {
                &quot;time&quot;: &quot;2022-02-22T10:33:40.416Z&quot;,
                &quot;status&quot;: &quot;SEND&quot;
            },
            {
                &quot;time&quot;: &quot;2022-02-22T10:33:40.449Z&quot;,
                &quot;status&quot;: &quot;DELIVERED&quot;
            },
            {
                &quot;time&quot;: &quot;2022-02-22T10:34:31.797Z&quot;,
                &quot;status&quot;: &quot;PENDING&quot;
            },
            {
                &quot;time&quot;: &quot;2022-02-22T10:34:31.818Z&quot;,
                &quot;status&quot;: &quot;SEND&quot;
            },
            {
                &quot;time&quot;: &quot;2022-02-22T10:34:31.850Z&quot;,
                &quot;status&quot;: &quot;DELIVERED&quot;
            },
            {
                &quot;time&quot;: &quot;2022-02-22T10:35:23.062Z&quot;,
                &quot;status&quot;: &quot;PENDING&quot;
            },
            {
                &quot;time&quot;: &quot;2022-02-22T10:35:23.084Z&quot;,
                &quot;status&quot;: &quot;SEND&quot;
            },
            {
                &quot;time&quot;: &quot;2022-02-22T10:35:23.118Z&quot;,
                &quot;status&quot;: &quot;DELIVERED&quot;
            },
            {
                &quot;time&quot;: &quot;2022-02-22T10:36:03.111Z&quot;,
                &quot;status&quot;: &quot;PENDING&quot;
            },
            {
                &quot;time&quot;: &quot;2022-02-22T10:36:03.134Z&quot;,
                &quot;status&quot;: &quot;SEND&quot;
            },
            {
                &quot;time&quot;: &quot;2022-02-22T10:36:03.168Z&quot;,
                &quot;status&quot;: &quot;DELIVERED&quot;
            },
            {
                &quot;time&quot;: &quot;2022-02-22T10:37:53.192Z&quot;,
                &quot;status&quot;: &quot;PENDING&quot;
            },
            {
                &quot;time&quot;: &quot;2022-02-22T10:37:53.212Z&quot;,
                &quot;status&quot;: &quot;SEND&quot;
            },
            {
                &quot;time&quot;: &quot;2022-02-22T10:37:53.247Z&quot;,
                &quot;status&quot;: &quot;DELIVERED&quot;
            },
            {
                &quot;time&quot;: &quot;2022-02-22T10:39:48.337Z&quot;,
                &quot;status&quot;: &quot;PENDING&quot;
            },
            {
                &quot;time&quot;: &quot;2022-02-22T10:39:48.361Z&quot;,
                &quot;status&quot;: &quot;SEND&quot;
            },
            {
                &quot;time&quot;: &quot;2022-02-22T10:39:48.394Z&quot;,
                &quot;status&quot;: &quot;DELIVERED&quot;
            },
            {
                &quot;time&quot;: &quot;2022-02-22T10:40:10.264Z&quot;,
                &quot;status&quot;: &quot;PENDING&quot;
            },
            {
                &quot;time&quot;: &quot;2022-02-22T10:40:10.288Z&quot;,
                &quot;status&quot;: &quot;SEND&quot;
            },
            {
                &quot;time&quot;: &quot;2022-02-22T10:40:10.320Z&quot;,
                &quot;status&quot;: &quot;DELIVERED&quot;
            },
            {
                &quot;time&quot;: &quot;2022-02-22T10:40:32.184Z&quot;,
                &quot;status&quot;: &quot;PENDING&quot;
            },
            {
                &quot;time&quot;: &quot;2022-02-22T10:40:32.212Z&quot;,
                &quot;status&quot;: &quot;SEND&quot;
            },
            {
                &quot;time&quot;: &quot;2022-02-22T10:40:32.245Z&quot;,
                &quot;status&quot;: &quot;DELIVERED&quot;
            },
            {
                &quot;time&quot;: &quot;2022-02-22T10:40:54.910Z&quot;,
                &quot;status&quot;: &quot;PENDING&quot;
            },
            {
                &quot;time&quot;: &quot;2022-02-22T10:40:54.935Z&quot;,
                &quot;status&quot;: &quot;SEND&quot;
            },
            {
                &quot;time&quot;: &quot;2022-02-22T10:40:54.967Z&quot;,
                &quot;status&quot;: &quot;DELIVERED&quot;
            },
            {
                &quot;time&quot;: &quot;2022-02-22T10:41:29.467Z&quot;,
                &quot;status&quot;: &quot;PENDING&quot;
            },
            {
                &quot;time&quot;: &quot;2022-02-22T10:41:29.492Z&quot;,
                &quot;status&quot;: &quot;SEND&quot;
            },
            {
                &quot;time&quot;: &quot;2022-02-22T10:41:29.524Z&quot;,
                &quot;status&quot;: &quot;DELIVERED&quot;
            },
            {
                &quot;time&quot;: &quot;2022-02-22T10:41:52.244Z&quot;,
                &quot;status&quot;: &quot;PENDING&quot;
            },
            {
                &quot;time&quot;: &quot;2022-02-22T10:41:52.268Z&quot;,
                &quot;status&quot;: &quot;SEND&quot;
            },
            {
                &quot;time&quot;: &quot;2022-02-22T10:41:52.298Z&quot;,
                &quot;status&quot;: &quot;DELIVERED&quot;
            },
            {
                &quot;time&quot;: &quot;2022-02-22T10:42:16.769Z&quot;,
                &quot;status&quot;: &quot;PENDING&quot;
            },
            {
                &quot;time&quot;: &quot;2022-02-22T10:42:16.794Z&quot;,
                &quot;status&quot;: &quot;SEND&quot;
            },
            {
                &quot;time&quot;: &quot;2022-02-22T10:42:16.826Z&quot;,
                &quot;status&quot;: &quot;DELIVERED&quot;
            },
            {
                &quot;time&quot;: &quot;2022-02-22T10:55:33.558Z&quot;,
                &quot;status&quot;: &quot;PENDING&quot;
            },
            {
                &quot;time&quot;: &quot;2022-02-22T10:55:33.592Z&quot;,
                &quot;status&quot;: &quot;SEND&quot;
            },
            {
                &quot;time&quot;: &quot;2022-02-22T10:55:33.620Z&quot;,
                &quot;status&quot;: &quot;DELIVERED&quot;
            },
            {
                &quot;time&quot;: &quot;2022-02-22T10:58:10.748Z&quot;,
                &quot;status&quot;: &quot;PENDING&quot;
            },
            {
                &quot;time&quot;: &quot;2022-02-22T10:58:10.772Z&quot;,
                &quot;status&quot;: &quot;SEND&quot;
            },
            {
                &quot;time&quot;: &quot;2022-02-22T10:58:10.805Z&quot;,
                &quot;status&quot;: &quot;DELIVERED&quot;
            },
            {
                &quot;time&quot;: &quot;2022-02-22T10:58:33.317Z&quot;,
                &quot;status&quot;: &quot;PENDING&quot;
            },
            {
                &quot;time&quot;: &quot;2022-02-22T10:58:33.342Z&quot;,
                &quot;status&quot;: &quot;SEND&quot;
            },
            {
                &quot;time&quot;: &quot;2022-02-22T10:58:33.375Z&quot;,
                &quot;status&quot;: &quot;DELIVERED&quot;
            },
            {
                &quot;time&quot;: &quot;2022-02-22T11:01:09.552Z&quot;,
                &quot;status&quot;: &quot;PENDING&quot;
            },
            {
                &quot;time&quot;: &quot;2022-02-22T11:01:09.576Z&quot;,
                &quot;status&quot;: &quot;SEND&quot;
            }
        ],
        &quot;status&quot;: &quot;DELIVERED&quot;
    },
    &quot;creationTime&quot;: &quot;2022-02-22T10:28:38.549Z&quot;,
    &quot;deviceId&quot;: &quot;14471660&quot;,
    &quot;deviceName&quot;: &quot;octocatrpi3&quot;,
    &quot;self&quot;: &quot;https://t493319102.eu-latest.cumulocity.com/devicecontrol/operations/14471086&quot;,
    &quot;id&quot;: &quot;14471086&quot;,
    &quot;status&quot;: &quot;PENDING&quot;,
    &quot;c8y_LogfileRequest&quot;: {
        &quot;searchText&quot;: &quot;&quot;,
        &quot;logFile&quot;: &quot;software-management&quot;,
        &quot;dateTo&quot;: &quot;2021-11-21T18:55:49+0530&quot;,
        &quot;dateFrom&quot;: &quot;2021-11-15T18:55:49+0530&quot;,
        &quot;maximumLines&quot;: 300
    },
    &quot;description&quot;: &quot;Log file request&quot;
}
12:02:50 DEBUG Final URL of the request: https://thin-edge-io.eu-latest.cumulocity.com/devicecontrol/operations?deviceId=14471660&amp;pageSize=1&amp;revert=true&amp;dateFrom=1970-01-01T00%3A00%3A00.000Z
12:02:50 INFO  State of current operation: PENDING
12:02:50 DEBUG Final URL of the request: https://thin-edge-io.eu-latest.cumulocity.com/devicecontrol/operations?deviceId=14471660&amp;pageSize=1&amp;revert=true&amp;dateFrom=1970-01-01T00%3A00%3A00.000Z
12:02:50 DEBUG State of current operation: {
    &quot;delivery&quot;: {
        &quot;time&quot;: &quot;2022-02-22T11:01:09.608Z&quot;,
        &quot;log&quot;: [
            {
                &quot;time&quot;: &quot;2022-02-22T10:28:38.571Z&quot;,
                &quot;status&quot;: &quot;PENDING&quot;
            },
            {
                &quot;time&quot;: &quot;2022-02-22T10:28:38.580Z&quot;,
                &quot;status&quot;: &quot;SEND&quot;
            },
            {
                &quot;time&quot;: &quot;2022-02-22T10:28:38.612Z&quot;,
                &quot;status&quot;: &quot;DELIVERED&quot;
            },
            {
                &quot;time&quot;: &quot;2022-02-22T10:29:41.769Z&quot;,
                &quot;status&quot;: &quot;PENDING&quot;
            },
            {
                &quot;time&quot;: &quot;2022-02-22T10:29:41.789Z&quot;,
                &quot;status&quot;: &quot;SEND&quot;
            },
            {
                &quot;time&quot;: &quot;2022-02-22T10:29:41.820Z&quot;,
                &quot;status&quot;: &quot;DELIVERED&quot;
            },
            {
                &quot;time&quot;: &quot;2022-02-22T10:30:36.690Z&quot;,
                &quot;status&quot;: &quot;PENDING&quot;
            },
            {
                &quot;time&quot;: &quot;2022-02-22T10:30:36.714Z&quot;,
                &quot;status&quot;: &quot;SEND&quot;
            },
            {
                &quot;time&quot;: &quot;2022-02-22T10:30:36.753Z&quot;,
                &quot;status&quot;: &quot;DELIVERED&quot;
            },
            {
                &quot;time&quot;: &quot;2022-02-22T10:31:49.629Z&quot;,
                &quot;status&quot;: &quot;PENDING&quot;
            },
            {
                &quot;time&quot;: &quot;2022-02-22T10:31:49.654Z&quot;,
                &quot;status&quot;: &quot;SEND&quot;
            },
            {
                &quot;time&quot;: &quot;2022-02-22T10:31:49.686Z&quot;,
                &quot;status&quot;: &quot;DELIVERED&quot;
            },
            {
                &quot;time&quot;: &quot;2022-02-22T10:33:02.291Z&quot;,
                &quot;status&quot;: &quot;PENDING&quot;
            },
            {
                &quot;time&quot;: &quot;2022-02-22T10:33:02.316Z&quot;,
                &quot;status&quot;: &quot;SEND&quot;
            },
            {
                &quot;time&quot;: &quot;2022-02-22T10:33:02.347Z&quot;,
                &quot;status&quot;: &quot;DELIVERED&quot;
            },
            {
                &quot;time&quot;: &quot;2022-02-22T10:33:40.393Z&quot;,
                &quot;status&quot;: &quot;PENDING&quot;
            },
            {
                &quot;time&quot;: &quot;2022-02-22T10:33:40.416Z&quot;,
                &quot;status&quot;: &quot;SEND&quot;
            },
            {
                &quot;time&quot;: &quot;2022-02-22T10:33:40.449Z&quot;,
                &quot;status&quot;: &quot;DELIVERED&quot;
            },
            {
                &quot;time&quot;: &quot;2022-02-22T10:34:31.797Z&quot;,
                &quot;status&quot;: &quot;PENDING&quot;
            },
            {
                &quot;time&quot;: &quot;2022-02-22T10:34:31.818Z&quot;,
                &quot;status&quot;: &quot;SEND&quot;
            },
            {
                &quot;time&quot;: &quot;2022-02-22T10:34:31.850Z&quot;,
                &quot;status&quot;: &quot;DELIVERED&quot;
            },
            {
                &quot;time&quot;: &quot;2022-02-22T10:35:23.062Z&quot;,
                &quot;status&quot;: &quot;PENDING&quot;
            },
            {
                &quot;time&quot;: &quot;2022-02-22T10:35:23.084Z&quot;,
                &quot;status&quot;: &quot;SEND&quot;
            },
            {
                &quot;time&quot;: &quot;2022-02-22T10:35:23.118Z&quot;,
                &quot;status&quot;: &quot;DELIVERED&quot;
            },
            {
                &quot;time&quot;: &quot;2022-02-22T10:36:03.111Z&quot;,
                &quot;status&quot;: &quot;PENDING&quot;
            },
            {
                &quot;time&quot;: &quot;2022-02-22T10:36:03.134Z&quot;,
                &quot;status&quot;: &quot;SEND&quot;
            },
            {
                &quot;time&quot;: &quot;2022-02-22T10:36:03.168Z&quot;,
                &quot;status&quot;: &quot;DELIVERED&quot;
            },
            {
                &quot;time&quot;: &quot;2022-02-22T10:37:53.192Z&quot;,
                &quot;status&quot;: &quot;PENDING&quot;
            },
            {
                &quot;time&quot;: &quot;2022-02-22T10:37:53.212Z&quot;,
                &quot;status&quot;: &quot;SEND&quot;
            },
            {
                &quot;time&quot;: &quot;2022-02-22T10:37:53.247Z&quot;,
                &quot;status&quot;: &quot;DELIVERED&quot;
            },
            {
                &quot;time&quot;: &quot;2022-02-22T10:39:48.337Z&quot;,
                &quot;status&quot;: &quot;PENDING&quot;
            },
            {
                &quot;time&quot;: &quot;2022-02-22T10:39:48.361Z&quot;,
                &quot;status&quot;: &quot;SEND&quot;
            },
            {
                &quot;time&quot;: &quot;2022-02-22T10:39:48.394Z&quot;,
                &quot;status&quot;: &quot;DELIVERED&quot;
            },
            {
                &quot;time&quot;: &quot;2022-02-22T10:40:10.264Z&quot;,
                &quot;status&quot;: &quot;PENDING&quot;
            },
            {
                &quot;time&quot;: &quot;2022-02-22T10:40:10.288Z&quot;,
                &quot;status&quot;: &quot;SEND&quot;
            },
            {
                &quot;time&quot;: &quot;2022-02-22T10:40:10.320Z&quot;,
                &quot;status&quot;: &quot;DELIVERED&quot;
            },
            {
                &quot;time&quot;: &quot;2022-02-22T10:40:32.184Z&quot;,
                &quot;status&quot;: &quot;PENDING&quot;
            },
            {
                &quot;time&quot;: &quot;2022-02-22T10:40:32.212Z&quot;,
                &quot;status&quot;: &quot;SEND&quot;
            },
            {
                &quot;time&quot;: &quot;2022-02-22T10:40:32.245Z&quot;,
                &quot;status&quot;: &quot;DELIVERED&quot;
            },
            {
                &quot;time&quot;: &quot;2022-02-22T10:40:54.910Z&quot;,
                &quot;status&quot;: &quot;PENDING&quot;
            },
            {
                &quot;time&quot;: &quot;2022-02-22T10:40:54.935Z&quot;,
                &quot;status&quot;: &quot;SEND&quot;
            },
            {
                &quot;time&quot;: &quot;2022-02-22T10:40:54.967Z&quot;,
                &quot;status&quot;: &quot;DELIVERED&quot;
            },
            {
                &quot;time&quot;: &quot;2022-02-22T10:41:29.467Z&quot;,
                &quot;status&quot;: &quot;PENDING&quot;
            },
            {
                &quot;time&quot;: &quot;2022-02-22T10:41:29.492Z&quot;,
                &quot;status&quot;: &quot;SEND&quot;
            },
            {
                &quot;time&quot;: &quot;2022-02-22T10:41:29.524Z&quot;,
                &quot;status&quot;: &quot;DELIVERED&quot;
            },
            {
                &quot;time&quot;: &quot;2022-02-22T10:41:52.244Z&quot;,
                &quot;status&quot;: &quot;PENDING&quot;
            },
            {
                &quot;time&quot;: &quot;2022-02-22T10:41:52.268Z&quot;,
                &quot;status&quot;: &quot;SEND&quot;
            },
            {
                &quot;time&quot;: &quot;2022-02-22T10:41:52.298Z&quot;,
                &quot;status&quot;: &quot;DELIVERED&quot;
            },
            {
                &quot;time&quot;: &quot;2022-02-22T10:42:16.769Z&quot;,
                &quot;status&quot;: &quot;PENDING&quot;
            },
            {
                &quot;time&quot;: &quot;2022-02-22T10:42:16.794Z&quot;,
                &quot;status&quot;: &quot;SEND&quot;
            },
            {
                &quot;time&quot;: &quot;2022-02-22T10:42:16.826Z&quot;,
                &quot;status&quot;: &quot;DELIVERED&quot;
            },
            {
                &quot;time&quot;: &quot;2022-02-22T10:55:33.558Z&quot;,
                &quot;status&quot;: &quot;PENDING&quot;
            },
            {
                &quot;time&quot;: &quot;2022-02-22T10:55:33.592Z&quot;,
                &quot;status&quot;: &quot;SEND&quot;
            },
            {
                &quot;time&quot;: &quot;2022-02-22T10:55:33.620Z&quot;,
                &quot;status&quot;: &quot;DELIVERED&quot;
            },
            {
                &quot;time&quot;: &quot;2022-02-22T10:58:10.748Z&quot;,
                &quot;status&quot;: &quot;PENDING&quot;
            },
            {
                &quot;time&quot;: &quot;2022-02-22T10:58:10.772Z&quot;,
                &quot;status&quot;: &quot;SEND&quot;
            },
            {
                &quot;time&quot;: &quot;2022-02-22T10:58:10.805Z&quot;,
                &quot;status&quot;: &quot;DELIVERED&quot;
            },
            {
                &quot;time&quot;: &quot;2022-02-22T10:58:33.317Z&quot;,
                &quot;status&quot;: &quot;PENDING&quot;
            },
            {
                &quot;time&quot;: &quot;2022-02-22T10:58:33.342Z&quot;,
                &quot;status&quot;: &quot;SEND&quot;
            },
            {
                &quot;time&quot;: &quot;2022-02-22T10:58:33.375Z&quot;,
                &quot;status&quot;: &quot;DELIVERED&quot;
            },
            {
                &quot;time&quot;: &quot;2022-02-22T11:01:09.552Z&quot;,
                &quot;status&quot;: &quot;PENDING&quot;
            },
            {
                &quot;time&quot;: &quot;2022-02-22T11:01:09.576Z&quot;,
                &quot;status&quot;: &quot;SEND&quot;
            }
        ],
        &quot;status&quot;: &quot;DELIVERED&quot;
    },
    &quot;creationTime&quot;: &quot;2022-02-22T10:28:38.549Z&quot;,
    &quot;deviceId&quot;: &quot;14471660&quot;,
    &quot;deviceName&quot;: &quot;octocatrpi3&quot;,
    &quot;self&quot;: &quot;https://t493319102.eu-latest.cumulocity.com/devicecontrol/operations/14471086&quot;,
    &quot;id&quot;: &quot;14471086&quot;,
    &quot;status&quot;: &quot;PENDING&quot;,
    &quot;c8y_LogfileRequest&quot;: {
        &quot;searchText&quot;: &quot;&quot;,
        &quot;logFile&quot;: &quot;software-management&quot;,
        &quot;dateTo&quot;: &quot;2021-11-21T18:55:49+0530&quot;,
        &quot;dateFrom&quot;: &quot;2021-11-15T18:55:49+0530&quot;,
        &quot;maximumLines&quot;: 300
    },
    &quot;description&quot;: &quot;Log file request&quot;
}
12:02:52 DEBUG Final URL of the request: https://thin-edge-io.eu-latest.cumulocity.com/devicecontrol/operations?deviceId=14471660&amp;pageSize=1&amp;revert=true&amp;dateFrom=1970-01-01T00%3A00%3A00.000Z
12:02:52 INFO  State of current operation: PENDING
12:02:52 DEBUG Final URL of the request: https://thin-edge-io.eu-latest.cumulocity.com/devicecontrol/operations?deviceId=14471660&amp;pageSize=1&amp;revert=true&amp;dateFrom=1970-01-01T00%3A00%3A00.000Z
12:02:52 DEBUG State of current operation: {
    &quot;delivery&quot;: {
        &quot;time&quot;: &quot;2022-02-22T11:01:09.608Z&quot;,
        &quot;log&quot;: [
            {
                &quot;time&quot;: &quot;2022-02-22T10:28:38.571Z&quot;,
                &quot;status&quot;: &quot;PENDING&quot;
            },
            {
                &quot;time&quot;: &quot;2022-02-22T10:28:38.580Z&quot;,
                &quot;status&quot;: &quot;SEND&quot;
            },
            {
                &quot;time&quot;: &quot;2022-02-22T10:28:38.612Z&quot;,
                &quot;status&quot;: &quot;DELIVERED&quot;
            },
            {
                &quot;time&quot;: &quot;2022-02-22T10:29:41.769Z&quot;,
                &quot;status&quot;: &quot;PENDING&quot;
            },
            {
                &quot;time&quot;: &quot;2022-02-22T10:29:41.789Z&quot;,
                &quot;status&quot;: &quot;SEND&quot;
            },
            {
                &quot;time&quot;: &quot;2022-02-22T10:29:41.820Z&quot;,
                &quot;status&quot;: &quot;DELIVERED&quot;
            },
            {
                &quot;time&quot;: &quot;2022-02-22T10:30:36.690Z&quot;,
                &quot;status&quot;: &quot;PENDING&quot;
            },
            {
                &quot;time&quot;: &quot;2022-02-22T10:30:36.714Z&quot;,
                &quot;status&quot;: &quot;SEND&quot;
            },
            {
                &quot;time&quot;: &quot;2022-02-22T10:30:36.753Z&quot;,
                &quot;status&quot;: &quot;DELIVERED&quot;
            },
            {
                &quot;time&quot;: &quot;2022-02-22T10:31:49.629Z&quot;,
                &quot;status&quot;: &quot;PENDING&quot;
            },
            {
                &quot;time&quot;: &quot;2022-02-22T10:31:49.654Z&quot;,
                &quot;status&quot;: &quot;SEND&quot;
            },
            {
                &quot;time&quot;: &quot;2022-02-22T10:31:49.686Z&quot;,
                &quot;status&quot;: &quot;DELIVERED&quot;
            },
            {
                &quot;time&quot;: &quot;2022-02-22T10:33:02.291Z&quot;,
                &quot;status&quot;: &quot;PENDING&quot;
            },
            {
                &quot;time&quot;: &quot;2022-02-22T10:33:02.316Z&quot;,
                &quot;status&quot;: &quot;SEND&quot;
            },
            {
                &quot;time&quot;: &quot;2022-02-22T10:33:02.347Z&quot;,
                &quot;status&quot;: &quot;DELIVERED&quot;
            },
            {
                &quot;time&quot;: &quot;2022-02-22T10:33:40.393Z&quot;,
                &quot;status&quot;: &quot;PENDING&quot;
            },
            {
                &quot;time&quot;: &quot;2022-02-22T10:33:40.416Z&quot;,
                &quot;status&quot;: &quot;SEND&quot;
            },
            {
                &quot;time&quot;: &quot;2022-02-22T10:33:40.449Z&quot;,
                &quot;status&quot;: &quot;DELIVERED&quot;
            },
            {
                &quot;time&quot;: &quot;2022-02-22T10:34:31.797Z&quot;,
                &quot;status&quot;: &quot;PENDING&quot;
            },
            {
                &quot;time&quot;: &quot;2022-02-22T10:34:31.818Z&quot;,
                &quot;status&quot;: &quot;SEND&quot;
            },
            {
                &quot;time&quot;: &quot;2022-02-22T10:34:31.850Z&quot;,
                &quot;status&quot;: &quot;DELIVERED&quot;
            },
            {
                &quot;time&quot;: &quot;2022-02-22T10:35:23.062Z&quot;,
                &quot;status&quot;: &quot;PENDING&quot;
            },
            {
                &quot;time&quot;: &quot;2022-02-22T10:35:23.084Z&quot;,
                &quot;status&quot;: &quot;SEND&quot;
            },
            {
                &quot;time&quot;: &quot;2022-02-22T10:35:23.118Z&quot;,
                &quot;status&quot;: &quot;DELIVERED&quot;
            },
            {
                &quot;time&quot;: &quot;2022-02-22T10:36:03.111Z&quot;,
                &quot;status&quot;: &quot;PENDING&quot;
            },
            {
                &quot;time&quot;: &quot;2022-02-22T10:36:03.134Z&quot;,
                &quot;status&quot;: &quot;SEND&quot;
            },
            {
                &quot;time&quot;: &quot;2022-02-22T10:36:03.168Z&quot;,
                &quot;status&quot;: &quot;DELIVERED&quot;
            },
            {
                &quot;time&quot;: &quot;2022-02-22T10:37:53.192Z&quot;,
                &quot;status&quot;: &quot;PENDING&quot;
            },
            {
                &quot;time&quot;: &quot;2022-02-22T10:37:53.212Z&quot;,
                &quot;status&quot;: &quot;SEND&quot;
            },
            {
                &quot;time&quot;: &quot;2022-02-22T10:37:53.247Z&quot;,
                &quot;status&quot;: &quot;DELIVERED&quot;
            },
            {
                &quot;time&quot;: &quot;2022-02-22T10:39:48.337Z&quot;,
                &quot;status&quot;: &quot;PENDING&quot;
            },
            {
                &quot;time&quot;: &quot;2022-02-22T10:39:48.361Z&quot;,
                &quot;status&quot;: &quot;SEND&quot;
            },
            {
                &quot;time&quot;: &quot;2022-02-22T10:39:48.394Z&quot;,
                &quot;status&quot;: &quot;DELIVERED&quot;
            },
            {
                &quot;time&quot;: &quot;2022-02-22T10:40:10.264Z&quot;,
                &quot;status&quot;: &quot;PENDING&quot;
            },
            {
                &quot;time&quot;: &quot;2022-02-22T10:40:10.288Z&quot;,
                &quot;status&quot;: &quot;SEND&quot;
            },
            {
                &quot;time&quot;: &quot;2022-02-22T10:40:10.320Z&quot;,
                &quot;status&quot;: &quot;DELIVERED&quot;
            },
            {
                &quot;time&quot;: &quot;2022-02-22T10:40:32.184Z&quot;,
                &quot;status&quot;: &quot;PENDING&quot;
            },
            {
                &quot;time&quot;: &quot;2022-02-22T10:40:32.212Z&quot;,
                &quot;status&quot;: &quot;SEND&quot;
            },
            {
                &quot;time&quot;: &quot;2022-02-22T10:40:32.245Z&quot;,
                &quot;status&quot;: &quot;DELIVERED&quot;
            },
            {
                &quot;time&quot;: &quot;2022-02-22T10:40:54.910Z&quot;,
                &quot;status&quot;: &quot;PENDING&quot;
            },
            {
                &quot;time&quot;: &quot;2022-02-22T10:40:54.935Z&quot;,
                &quot;status&quot;: &quot;SEND&quot;
            },
            {
                &quot;time&quot;: &quot;2022-02-22T10:40:54.967Z&quot;,
                &quot;status&quot;: &quot;DELIVERED&quot;
            },
            {
                &quot;time&quot;: &quot;2022-02-22T10:41:29.467Z&quot;,
                &quot;status&quot;: &quot;PENDING&quot;
            },
            {
                &quot;time&quot;: &quot;2022-02-22T10:41:29.492Z&quot;,
                &quot;status&quot;: &quot;SEND&quot;
            },
            {
                &quot;time&quot;: &quot;2022-02-22T10:41:29.524Z&quot;,
                &quot;status&quot;: &quot;DELIVERED&quot;
            },
            {
                &quot;time&quot;: &quot;2022-02-22T10:41:52.244Z&quot;,
                &quot;status&quot;: &quot;PENDING&quot;
            },
            {
                &quot;time&quot;: &quot;2022-02-22T10:41:52.268Z&quot;,
                &quot;status&quot;: &quot;SEND&quot;
            },
            {
                &quot;time&quot;: &quot;2022-02-22T10:41:52.298Z&quot;,
                &quot;status&quot;: &quot;DELIVERED&quot;
            },
            {
                &quot;time&quot;: &quot;2022-02-22T10:42:16.769Z&quot;,
                &quot;status&quot;: &quot;PENDING&quot;
            },
            {
                &quot;time&quot;: &quot;2022-02-22T10:42:16.794Z&quot;,
                &quot;status&quot;: &quot;SEND&quot;
            },
            {
                &quot;time&quot;: &quot;2022-02-22T10:42:16.826Z&quot;,
                &quot;status&quot;: &quot;DELIVERED&quot;
            },
            {
                &quot;time&quot;: &quot;2022-02-22T10:55:33.558Z&quot;,
                &quot;status&quot;: &quot;PENDING&quot;
            },
            {
                &quot;time&quot;: &quot;2022-02-22T10:55:33.592Z&quot;,
                &quot;status&quot;: &quot;SEND&quot;
            },
            {
                &quot;time&quot;: &quot;2022-02-22T10:55:33.620Z&quot;,
                &quot;status&quot;: &quot;DELIVERED&quot;
            },
            {
                &quot;time&quot;: &quot;2022-02-22T10:58:10.748Z&quot;,
                &quot;status&quot;: &quot;PENDING&quot;
            },
            {
                &quot;time&quot;: &quot;2022-02-22T10:58:10.772Z&quot;,
                &quot;status&quot;: &quot;SEND&quot;
            },
            {
                &quot;time&quot;: &quot;2022-02-22T10:58:10.805Z&quot;,
                &quot;status&quot;: &quot;DELIVERED&quot;
            },
            {
                &quot;time&quot;: &quot;2022-02-22T10:58:33.317Z&quot;,
                &quot;status&quot;: &quot;PENDING&quot;
            },
            {
                &quot;time&quot;: &quot;2022-02-22T10:58:33.342Z&quot;,
                &quot;status&quot;: &quot;SEND&quot;
            },
            {
                &quot;time&quot;: &quot;2022-02-22T10:58:33.375Z&quot;,
                &quot;status&quot;: &quot;DELIVERED&quot;
            },
            {
                &quot;time&quot;: &quot;2022-02-22T11:01:09.552Z&quot;,
                &quot;status&quot;: &quot;PENDING&quot;
            },
            {
                &quot;time&quot;: &quot;2022-02-22T11:01:09.576Z&quot;,
                &quot;status&quot;: &quot;SEND&quot;
            }
        ],
        &quot;status&quot;: &quot;DELIVERED&quot;
    },
    &quot;creationTime&quot;: &quot;2022-02-22T10:28:38.549Z&quot;,
    &quot;deviceId&quot;: &quot;14471660&quot;,
    &quot;deviceName&quot;: &quot;octocatrpi3&quot;,
    &quot;self&quot;: &quot;https://t493319102.eu-latest.cumulocity.com/devicecontrol/operations/14471086&quot;,
    &quot;id&quot;: &quot;14471086&quot;,
    &quot;status&quot;: &quot;PENDING&quot;,
    &quot;c8y_LogfileRequest&quot;: {
        &quot;searchText&quot;: &quot;&quot;,
        &quot;logFile&quot;: &quot;software-management&quot;,
        &quot;dateTo&quot;: &quot;2021-11-21T18:55:49+0530&quot;,
        &quot;dateFrom&quot;: &quot;2021-11-15T18:55:49+0530&quot;,
        &quot;maximumLines&quot;: 300
    },
    &quot;description&quot;: &quot;Log file request&quot;
}
12:02:54 DEBUG Final URL of the request: https://thin-edge-io.eu-latest.cumulocity.com/devicecontrol/operations?deviceId=14471660&amp;pageSize=1&amp;revert=true&amp;dateFrom=1970-01-01T00%3A00%3A00.000Z
12:02:54 INFO  State of current operation: PENDING
12:02:54 DEBUG Final URL of the request: https://thin-edge-io.eu-latest.cumulocity.com/devicecontrol/operations?deviceId=14471660&amp;pageSize=1&amp;revert=true&amp;dateFrom=1970-01-01T00%3A00%3A00.000Z
12:02:54 DEBUG State of current operation: {
    &quot;delivery&quot;: {
        &quot;time&quot;: &quot;2022-02-22T11:01:09.608Z&quot;,
        &quot;log&quot;: [
            {
                &quot;time&quot;: &quot;2022-02-22T10:28:38.571Z&quot;,
                &quot;status&quot;: &quot;PENDING&quot;
            },
            {
                &quot;time&quot;: &quot;2022-02-22T10:28:38.580Z&quot;,
                &quot;status&quot;: &quot;SEND&quot;
            },
            {
                &quot;time&quot;: &quot;2022-02-22T10:28:38.612Z&quot;,
                &quot;status&quot;: &quot;DELIVERED&quot;
            },
            {
                &quot;time&quot;: &quot;2022-02-22T10:29:41.769Z&quot;,
                &quot;status&quot;: &quot;PENDING&quot;
            },
            {
                &quot;time&quot;: &quot;2022-02-22T10:29:41.789Z&quot;,
                &quot;status&quot;: &quot;SEND&quot;
            },
            {
                &quot;time&quot;: &quot;2022-02-22T10:29:41.820Z&quot;,
                &quot;status&quot;: &quot;DELIVERED&quot;
            },
            {
                &quot;time&quot;: &quot;2022-02-22T10:30:36.690Z&quot;,
                &quot;status&quot;: &quot;PENDING&quot;
            },
            {
                &quot;time&quot;: &quot;2022-02-22T10:30:36.714Z&quot;,
                &quot;status&quot;: &quot;SEND&quot;
            },
            {
                &quot;time&quot;: &quot;2022-02-22T10:30:36.753Z&quot;,
                &quot;status&quot;: &quot;DELIVERED&quot;
            },
            {
                &quot;time&quot;: &quot;2022-02-22T10:31:49.629Z&quot;,
                &quot;status&quot;: &quot;PENDING&quot;
            },
            {
                &quot;time&quot;: &quot;2022-02-22T10:31:49.654Z&quot;,
                &quot;status&quot;: &quot;SEND&quot;
            },
            {
                &quot;time&quot;: &quot;2022-02-22T10:31:49.686Z&quot;,
                &quot;status&quot;: &quot;DELIVERED&quot;
            },
            {
                &quot;time&quot;: &quot;2022-02-22T10:33:02.291Z&quot;,
                &quot;status&quot;: &quot;PENDING&quot;
            },
            {
                &quot;time&quot;: &quot;2022-02-22T10:33:02.316Z&quot;,
                &quot;status&quot;: &quot;SEND&quot;
            },
            {
                &quot;time&quot;: &quot;2022-02-22T10:33:02.347Z&quot;,
                &quot;status&quot;: &quot;DELIVERED&quot;
            },
            {
                &quot;time&quot;: &quot;2022-02-22T10:33:40.393Z&quot;,
                &quot;status&quot;: &quot;PENDING&quot;
            },
            {
                &quot;time&quot;: &quot;2022-02-22T10:33:40.416Z&quot;,
                &quot;status&quot;: &quot;SEND&quot;
            },
            {
                &quot;time&quot;: &quot;2022-02-22T10:33:40.449Z&quot;,
                &quot;status&quot;: &quot;DELIVERED&quot;
            },
            {
                &quot;time&quot;: &quot;2022-02-22T10:34:31.797Z&quot;,
                &quot;status&quot;: &quot;PENDING&quot;
            },
            {
                &quot;time&quot;: &quot;2022-02-22T10:34:31.818Z&quot;,
                &quot;status&quot;: &quot;SEND&quot;
            },
            {
                &quot;time&quot;: &quot;2022-02-22T10:34:31.850Z&quot;,
                &quot;status&quot;: &quot;DELIVERED&quot;
            },
            {
                &quot;time&quot;: &quot;2022-02-22T10:35:23.062Z&quot;,
                &quot;status&quot;: &quot;PENDING&quot;
            },
            {
                &quot;time&quot;: &quot;2022-02-22T10:35:23.084Z&quot;,
                &quot;status&quot;: &quot;SEND&quot;
            },
            {
                &quot;time&quot;: &quot;2022-02-22T10:35:23.118Z&quot;,
                &quot;status&quot;: &quot;DELIVERED&quot;
            },
            {
                &quot;time&quot;: &quot;2022-02-22T10:36:03.111Z&quot;,
                &quot;status&quot;: &quot;PENDING&quot;
            },
            {
                &quot;time&quot;: &quot;2022-02-22T10:36:03.134Z&quot;,
                &quot;status&quot;: &quot;SEND&quot;
            },
            {
                &quot;time&quot;: &quot;2022-02-22T10:36:03.168Z&quot;,
                &quot;status&quot;: &quot;DELIVERED&quot;
            },
            {
                &quot;time&quot;: &quot;2022-02-22T10:37:53.192Z&quot;,
                &quot;status&quot;: &quot;PENDING&quot;
            },
            {
                &quot;time&quot;: &quot;2022-02-22T10:37:53.212Z&quot;,
                &quot;status&quot;: &quot;SEND&quot;
            },
            {
                &quot;time&quot;: &quot;2022-02-22T10:37:53.247Z&quot;,
                &quot;status&quot;: &quot;DELIVERED&quot;
            },
            {
                &quot;time&quot;: &quot;2022-02-22T10:39:48.337Z&quot;,
                &quot;status&quot;: &quot;PENDING&quot;
            },
            {
                &quot;time&quot;: &quot;2022-02-22T10:39:48.361Z&quot;,
                &quot;status&quot;: &quot;SEND&quot;
            },
            {
                &quot;time&quot;: &quot;2022-02-22T10:39:48.394Z&quot;,
                &quot;status&quot;: &quot;DELIVERED&quot;
            },
            {
                &quot;time&quot;: &quot;2022-02-22T10:40:10.264Z&quot;,
                &quot;status&quot;: &quot;PENDING&quot;
            },
            {
                &quot;time&quot;: &quot;2022-02-22T10:40:10.288Z&quot;,
                &quot;status&quot;: &quot;SEND&quot;
            },
            {
                &quot;time&quot;: &quot;2022-02-22T10:40:10.320Z&quot;,
                &quot;status&quot;: &quot;DELIVERED&quot;
            },
            {
                &quot;time&quot;: &quot;2022-02-22T10:40:32.184Z&quot;,
                &quot;status&quot;: &quot;PENDING&quot;
            },
            {
                &quot;time&quot;: &quot;2022-02-22T10:40:32.212Z&quot;,
                &quot;status&quot;: &quot;SEND&quot;
            },
            {
                &quot;time&quot;: &quot;2022-02-22T10:40:32.245Z&quot;,
                &quot;status&quot;: &quot;DELIVERED&quot;
            },
            {
                &quot;time&quot;: &quot;2022-02-22T10:40:54.910Z&quot;,
                &quot;status&quot;: &quot;PENDING&quot;
            },
            {
                &quot;time&quot;: &quot;2022-02-22T10:40:54.935Z&quot;,
                &quot;status&quot;: &quot;SEND&quot;
            },
            {
                &quot;time&quot;: &quot;2022-02-22T10:40:54.967Z&quot;,
                &quot;status&quot;: &quot;DELIVERED&quot;
            },
            {
                &quot;time&quot;: &quot;2022-02-22T10:41:29.467Z&quot;,
                &quot;status&quot;: &quot;PENDING&quot;
            },
            {
                &quot;time&quot;: &quot;2022-02-22T10:41:29.492Z&quot;,
                &quot;status&quot;: &quot;SEND&quot;
            },
            {
                &quot;time&quot;: &quot;2022-02-22T10:41:29.524Z&quot;,
                &quot;status&quot;: &quot;DELIVERED&quot;
            },
            {
                &quot;time&quot;: &quot;2022-02-22T10:41:52.244Z&quot;,
                &quot;status&quot;: &quot;PENDING&quot;
            },
            {
                &quot;time&quot;: &quot;2022-02-22T10:41:52.268Z&quot;,
                &quot;status&quot;: &quot;SEND&quot;
            },
            {
                &quot;time&quot;: &quot;2022-02-22T10:41:52.298Z&quot;,
                &quot;status&quot;: &quot;DELIVERED&quot;
            },
            {
                &quot;time&quot;: &quot;2022-02-22T10:42:16.769Z&quot;,
                &quot;status&quot;: &quot;PENDING&quot;
            },
            {
                &quot;time&quot;: &quot;2022-02-22T10:42:16.794Z&quot;,
                &quot;status&quot;: &quot;SEND&quot;
            },
            {
                &quot;time&quot;: &quot;2022-02-22T10:42:16.826Z&quot;,
                &quot;status&quot;: &quot;DELIVERED&quot;
            },
            {
                &quot;time&quot;: &quot;2022-02-22T10:55:33.558Z&quot;,
                &quot;status&quot;: &quot;PENDING&quot;
            },
            {
                &quot;time&quot;: &quot;2022-02-22T10:55:33.592Z&quot;,
                &quot;status&quot;: &quot;SEND&quot;
            },
            {
                &quot;time&quot;: &quot;2022-02-22T10:55:33.620Z&quot;,
                &quot;status&quot;: &quot;DELIVERED&quot;
            },
            {
                &quot;time&quot;: &quot;2022-02-22T10:58:10.748Z&quot;,
                &quot;status&quot;: &quot;PENDING&quot;
            },
            {
                &quot;time&quot;: &quot;2022-02-22T10:58:10.772Z&quot;,
                &quot;status&quot;: &quot;SEND&quot;
            },
            {
                &quot;time&quot;: &quot;2022-02-22T10:58:10.805Z&quot;,
                &quot;status&quot;: &quot;DELIVERED&quot;
            },
            {
                &quot;time&quot;: &quot;2022-02-22T10:58:33.317Z&quot;,
                &quot;status&quot;: &quot;PENDING&quot;
            },
            {
                &quot;time&quot;: &quot;2022-02-22T10:58:33.342Z&quot;,
                &quot;status&quot;: &quot;SEND&quot;
            },
            {
                &quot;time&quot;: &quot;2022-02-22T10:58:33.375Z&quot;,
                &quot;status&quot;: &quot;DELIVERED&quot;
            },
            {
                &quot;time&quot;: &quot;2022-02-22T11:01:09.552Z&quot;,
                &quot;status&quot;: &quot;PENDING&quot;
            },
            {
                &quot;time&quot;: &quot;2022-02-22T11:01:09.576Z&quot;,
                &quot;status&quot;: &quot;SEND&quot;
            }
        ],
        &quot;status&quot;: &quot;DELIVERED&quot;
    },
    &quot;creationTime&quot;: &quot;2022-02-22T10:28:38.549Z&quot;,
    &quot;deviceId&quot;: &quot;14471660&quot;,
    &quot;deviceName&quot;: &quot;octocatrpi3&quot;,
    &quot;self&quot;: &quot;https://t493319102.eu-latest.cumulocity.com/devicecontrol/operations/14471086&quot;,
    &quot;id&quot;: &quot;14471086&quot;,
    &quot;status&quot;: &quot;PENDING&quot;,
    &quot;c8y_LogfileRequest&quot;: {
        &quot;searchText&quot;: &quot;&quot;,
        &quot;logFile&quot;: &quot;software-management&quot;,
        &quot;dateTo&quot;: &quot;2021-11-21T18:55:49+0530&quot;,
        &quot;dateFrom&quot;: &quot;2021-11-15T18:55:49+0530&quot;,
        &quot;maximumLines&quot;: 300
    },
    &quot;description&quot;: &quot;Log file request&quot;
}
12:02:56 DEBUG Final URL of the request: https://thin-edge-io.eu-latest.cumulocity.com/devicecontrol/operations?deviceId=14471660&amp;pageSize=1&amp;revert=true&amp;dateFrom=1970-01-01T00%3A00%3A00.000Z
12:02:56 INFO  State of current operation: PENDING
12:02:56 DEBUG Final URL of the request: https://thin-edge-io.eu-latest.cumulocity.com/devicecontrol/operations?deviceId=14471660&amp;pageSize=1&amp;revert=true&amp;dateFrom=1970-01-01T00%3A00%3A00.000Z
12:02:56 DEBUG State of current operation: {
    &quot;delivery&quot;: {
        &quot;time&quot;: &quot;2022-02-22T11:01:09.608Z&quot;,
        &quot;log&quot;: [
            {
                &quot;time&quot;: &quot;2022-02-22T10:28:38.571Z&quot;,
                &quot;status&quot;: &quot;PENDING&quot;
            },
            {
                &quot;time&quot;: &quot;2022-02-22T10:28:38.580Z&quot;,
                &quot;status&quot;: &quot;SEND&quot;
            },
            {
                &quot;time&quot;: &quot;2022-02-22T10:28:38.612Z&quot;,
                &quot;status&quot;: &quot;DELIVERED&quot;
            },
            {
                &quot;time&quot;: &quot;2022-02-22T10:29:41.769Z&quot;,
                &quot;status&quot;: &quot;PENDING&quot;
            },
            {
                &quot;time&quot;: &quot;2022-02-22T10:29:41.789Z&quot;,
                &quot;status&quot;: &quot;SEND&quot;
            },
            {
                &quot;time&quot;: &quot;2022-02-22T10:29:41.820Z&quot;,
                &quot;status&quot;: &quot;DELIVERED&quot;
            },
            {
                &quot;time&quot;: &quot;2022-02-22T10:30:36.690Z&quot;,
                &quot;status&quot;: &quot;PENDING&quot;
            },
            {
                &quot;time&quot;: &quot;2022-02-22T10:30:36.714Z&quot;,
                &quot;status&quot;: &quot;SEND&quot;
            },
            {
                &quot;time&quot;: &quot;2022-02-22T10:30:36.753Z&quot;,
                &quot;status&quot;: &quot;DELIVERED&quot;
            },
            {
                &quot;time&quot;: &quot;2022-02-22T10:31:49.629Z&quot;,
                &quot;status&quot;: &quot;PENDING&quot;
            },
            {
                &quot;time&quot;: &quot;2022-02-22T10:31:49.654Z&quot;,
                &quot;status&quot;: &quot;SEND&quot;
            },
            {
                &quot;time&quot;: &quot;2022-02-22T10:31:49.686Z&quot;,
                &quot;status&quot;: &quot;DELIVERED&quot;
            },
            {
                &quot;time&quot;: &quot;2022-02-22T10:33:02.291Z&quot;,
                &quot;status&quot;: &quot;PENDING&quot;
            },
            {
                &quot;time&quot;: &quot;2022-02-22T10:33:02.316Z&quot;,
                &quot;status&quot;: &quot;SEND&quot;
            },
            {
                &quot;time&quot;: &quot;2022-02-22T10:33:02.347Z&quot;,
                &quot;status&quot;: &quot;DELIVERED&quot;
            },
            {
                &quot;time&quot;: &quot;2022-02-22T10:33:40.393Z&quot;,
                &quot;status&quot;: &quot;PENDING&quot;
            },
            {
                &quot;time&quot;: &quot;2022-02-22T10:33:40.416Z&quot;,
                &quot;status&quot;: &quot;SEND&quot;
            },
            {
                &quot;time&quot;: &quot;2022-02-22T10:33:40.449Z&quot;,
                &quot;status&quot;: &quot;DELIVERED&quot;
            },
            {
                &quot;time&quot;: &quot;2022-02-22T10:34:31.797Z&quot;,
                &quot;status&quot;: &quot;PENDING&quot;
            },
            {
                &quot;time&quot;: &quot;2022-02-22T10:34:31.818Z&quot;,
                &quot;status&quot;: &quot;SEND&quot;
            },
            {
                &quot;time&quot;: &quot;2022-02-22T10:34:31.850Z&quot;,
                &quot;status&quot;: &quot;DELIVERED&quot;
            },
            {
                &quot;time&quot;: &quot;2022-02-22T10:35:23.062Z&quot;,
                &quot;status&quot;: &quot;PENDING&quot;
            },
            {
                &quot;time&quot;: &quot;2022-02-22T10:35:23.084Z&quot;,
                &quot;status&quot;: &quot;SEND&quot;
            },
            {
                &quot;time&quot;: &quot;2022-02-22T10:35:23.118Z&quot;,
                &quot;status&quot;: &quot;DELIVERED&quot;
            },
            {
                &quot;time&quot;: &quot;2022-02-22T10:36:03.111Z&quot;,
                &quot;status&quot;: &quot;PENDING&quot;
            },
            {
                &quot;time&quot;: &quot;2022-02-22T10:36:03.134Z&quot;,
                &quot;status&quot;: &quot;SEND&quot;
            },
            {
                &quot;time&quot;: &quot;2022-02-22T10:36:03.168Z&quot;,
                &quot;status&quot;: &quot;DELIVERED&quot;
            },
            {
                &quot;time&quot;: &quot;2022-02-22T10:37:53.192Z&quot;,
                &quot;status&quot;: &quot;PENDING&quot;
            },
            {
                &quot;time&quot;: &quot;2022-02-22T10:37:53.212Z&quot;,
                &quot;status&quot;: &quot;SEND&quot;
            },
            {
                &quot;time&quot;: &quot;2022-02-22T10:37:53.247Z&quot;,
                &quot;status&quot;: &quot;DELIVERED&quot;
            },
            {
                &quot;time&quot;: &quot;2022-02-22T10:39:48.337Z&quot;,
                &quot;status&quot;: &quot;PENDING&quot;
            },
            {
                &quot;time&quot;: &quot;2022-02-22T10:39:48.361Z&quot;,
                &quot;status&quot;: &quot;SEND&quot;
            },
            {
                &quot;time&quot;: &quot;2022-02-22T10:39:48.394Z&quot;,
                &quot;status&quot;: &quot;DELIVERED&quot;
            },
            {
                &quot;time&quot;: &quot;2022-02-22T10:40:10.264Z&quot;,
                &quot;status&quot;: &quot;PENDING&quot;
            },
            {
                &quot;time&quot;: &quot;2022-02-22T10:40:10.288Z&quot;,
                &quot;status&quot;: &quot;SEND&quot;
            },
            {
                &quot;time&quot;: &quot;2022-02-22T10:40:10.320Z&quot;,
                &quot;status&quot;: &quot;DELIVERED&quot;
            },
            {
                &quot;time&quot;: &quot;2022-02-22T10:40:32.184Z&quot;,
                &quot;status&quot;: &quot;PENDING&quot;
            },
            {
                &quot;time&quot;: &quot;2022-02-22T10:40:32.212Z&quot;,
                &quot;status&quot;: &quot;SEND&quot;
            },
            {
                &quot;time&quot;: &quot;2022-02-22T10:40:32.245Z&quot;,
                &quot;status&quot;: &quot;DELIVERED&quot;
            },
            {
                &quot;time&quot;: &quot;2022-02-22T10:40:54.910Z&quot;,
                &quot;status&quot;: &quot;PENDING&quot;
            },
            {
                &quot;time&quot;: &quot;2022-02-22T10:40:54.935Z&quot;,
                &quot;status&quot;: &quot;SEND&quot;
            },
            {
                &quot;time&quot;: &quot;2022-02-22T10:40:54.967Z&quot;,
                &quot;status&quot;: &quot;DELIVERED&quot;
            },
            {
                &quot;time&quot;: &quot;2022-02-22T10:41:29.467Z&quot;,
                &quot;status&quot;: &quot;PENDING&quot;
            },
            {
                &quot;time&quot;: &quot;2022-02-22T10:41:29.492Z&quot;,
                &quot;status&quot;: &quot;SEND&quot;
            },
            {
                &quot;time&quot;: &quot;2022-02-22T10:41:29.524Z&quot;,
                &quot;status&quot;: &quot;DELIVERED&quot;
            },
            {
                &quot;time&quot;: &quot;2022-02-22T10:41:52.244Z&quot;,
                &quot;status&quot;: &quot;PENDING&quot;
            },
            {
                &quot;time&quot;: &quot;2022-02-22T10:41:52.268Z&quot;,
                &quot;status&quot;: &quot;SEND&quot;
            },
            {
                &quot;time&quot;: &quot;2022-02-22T10:41:52.298Z&quot;,
                &quot;status&quot;: &quot;DELIVERED&quot;
            },
            {
                &quot;time&quot;: &quot;2022-02-22T10:42:16.769Z&quot;,
                &quot;status&quot;: &quot;PENDING&quot;
            },
            {
                &quot;time&quot;: &quot;2022-02-22T10:42:16.794Z&quot;,
                &quot;status&quot;: &quot;SEND&quot;
            },
            {
                &quot;time&quot;: &quot;2022-02-22T10:42:16.826Z&quot;,
                &quot;status&quot;: &quot;DELIVERED&quot;
            },
            {
                &quot;time&quot;: &quot;2022-02-22T10:55:33.558Z&quot;,
                &quot;status&quot;: &quot;PENDING&quot;
            },
            {
                &quot;time&quot;: &quot;2022-02-22T10:55:33.592Z&quot;,
                &quot;status&quot;: &quot;SEND&quot;
            },
            {
                &quot;time&quot;: &quot;2022-02-22T10:55:33.620Z&quot;,
                &quot;status&quot;: &quot;DELIVERED&quot;
            },
            {
                &quot;time&quot;: &quot;2022-02-22T10:58:10.748Z&quot;,
                &quot;status&quot;: &quot;PENDING&quot;
            },
            {
                &quot;time&quot;: &quot;2022-02-22T10:58:10.772Z&quot;,
                &quot;status&quot;: &quot;SEND&quot;
            },
            {
                &quot;time&quot;: &quot;2022-02-22T10:58:10.805Z&quot;,
                &quot;status&quot;: &quot;DELIVERED&quot;
            },
            {
                &quot;time&quot;: &quot;2022-02-22T10:58:33.317Z&quot;,
                &quot;status&quot;: &quot;PENDING&quot;
            },
            {
                &quot;time&quot;: &quot;2022-02-22T10:58:33.342Z&quot;,
                &quot;status&quot;: &quot;SEND&quot;
            },
            {
                &quot;time&quot;: &quot;2022-02-22T10:58:33.375Z&quot;,
                &quot;status&quot;: &quot;DELIVERED&quot;
            },
            {
                &quot;time&quot;: &quot;2022-02-22T11:01:09.552Z&quot;,
                &quot;status&quot;: &quot;PENDING&quot;
            },
            {
                &quot;time&quot;: &quot;2022-02-22T11:01:09.576Z&quot;,
                &quot;status&quot;: &quot;SEND&quot;
            }
        ],
        &quot;status&quot;: &quot;DELIVERED&quot;
    },
    &quot;creationTime&quot;: &quot;2022-02-22T10:28:38.549Z&quot;,
    &quot;deviceId&quot;: &quot;14471660&quot;,
    &quot;deviceName&quot;: &quot;octocatrpi3&quot;,
    &quot;self&quot;: &quot;https://t493319102.eu-latest.cumulocity.com/devicecontrol/operations/14471086&quot;,
    &quot;id&quot;: &quot;14471086&quot;,
    &quot;status&quot;: &quot;PENDING&quot;,
    &quot;c8y_LogfileRequest&quot;: {
        &quot;searchText&quot;: &quot;&quot;,
        &quot;logFile&quot;: &quot;software-management&quot;,
        &quot;dateTo&quot;: &quot;2021-11-21T18:55:49+0530&quot;,
        &quot;dateFrom&quot;: &quot;2021-11-15T18:55:49+0530&quot;,
        &quot;maximumLines&quot;: 300
    },
    &quot;description&quot;: &quot;Log file request&quot;
}
12:02:58 DEBUG Final URL of the request: https://thin-edge-io.eu-latest.cumulocity.com/devicecontrol/operations?deviceId=14471660&amp;pageSize=1&amp;revert=true&amp;dateFrom=1970-01-01T00%3A00%3A00.000Z
12:02:58 INFO  State of current operation: PENDING
12:02:58 DEBUG Final URL of the request: https://thin-edge-io.eu-latest.cumulocity.com/devicecontrol/operations?deviceId=14471660&amp;pageSize=1&amp;revert=true&amp;dateFrom=1970-01-01T00%3A00%3A00.000Z
12:02:58 DEBUG State of current operation: {
    &quot;delivery&quot;: {
        &quot;time&quot;: &quot;2022-02-22T11:01:09.608Z&quot;,
        &quot;log&quot;: [
            {
                &quot;time&quot;: &quot;2022-02-22T10:28:38.571Z&quot;,
                &quot;status&quot;: &quot;PENDING&quot;
            },
            {
                &quot;time&quot;: &quot;2022-02-22T10:28:38.580Z&quot;,
                &quot;status&quot;: &quot;SEND&quot;
            },
            {
                &quot;time&quot;: &quot;2022-02-22T10:28:38.612Z&quot;,
                &quot;status&quot;: &quot;DELIVERED&quot;
            },
            {
                &quot;time&quot;: &quot;2022-02-22T10:29:41.769Z&quot;,
                &quot;status&quot;: &quot;PENDING&quot;
            },
            {
                &quot;time&quot;: &quot;2022-02-22T10:29:41.789Z&quot;,
                &quot;status&quot;: &quot;SEND&quot;
            },
            {
                &quot;time&quot;: &quot;2022-02-22T10:29:41.820Z&quot;,
                &quot;status&quot;: &quot;DELIVERED&quot;
            },
            {
                &quot;time&quot;: &quot;2022-02-22T10:30:36.690Z&quot;,
                &quot;status&quot;: &quot;PENDING&quot;
            },
            {
                &quot;time&quot;: &quot;2022-02-22T10:30:36.714Z&quot;,
                &quot;status&quot;: &quot;SEND&quot;
            },
            {
                &quot;time&quot;: &quot;2022-02-22T10:30:36.753Z&quot;,
                &quot;status&quot;: &quot;DELIVERED&quot;
            },
            {
                &quot;time&quot;: &quot;2022-02-22T10:31:49.629Z&quot;,
                &quot;status&quot;: &quot;PENDING&quot;
            },
            {
                &quot;time&quot;: &quot;2022-02-22T10:31:49.654Z&quot;,
                &quot;status&quot;: &quot;SEND&quot;
            },
            {
                &quot;time&quot;: &quot;2022-02-22T10:31:49.686Z&quot;,
                &quot;status&quot;: &quot;DELIVERED&quot;
            },
            {
                &quot;time&quot;: &quot;2022-02-22T10:33:02.291Z&quot;,
                &quot;status&quot;: &quot;PENDING&quot;
            },
            {
                &quot;time&quot;: &quot;2022-02-22T10:33:02.316Z&quot;,
                &quot;status&quot;: &quot;SEND&quot;
            },
            {
                &quot;time&quot;: &quot;2022-02-22T10:33:02.347Z&quot;,
                &quot;status&quot;: &quot;DELIVERED&quot;
            },
            {
                &quot;time&quot;: &quot;2022-02-22T10:33:40.393Z&quot;,
                &quot;status&quot;: &quot;PENDING&quot;
            },
            {
                &quot;time&quot;: &quot;2022-02-22T10:33:40.416Z&quot;,
                &quot;status&quot;: &quot;SEND&quot;
            },
            {
                &quot;time&quot;: &quot;2022-02-22T10:33:40.449Z&quot;,
                &quot;status&quot;: &quot;DELIVERED&quot;
            },
            {
                &quot;time&quot;: &quot;2022-02-22T10:34:31.797Z&quot;,
                &quot;status&quot;: &quot;PENDING&quot;
            },
            {
                &quot;time&quot;: &quot;2022-02-22T10:34:31.818Z&quot;,
                &quot;status&quot;: &quot;SEND&quot;
            },
            {
                &quot;time&quot;: &quot;2022-02-22T10:34:31.850Z&quot;,
                &quot;status&quot;: &quot;DELIVERED&quot;
            },
            {
                &quot;time&quot;: &quot;2022-02-22T10:35:23.062Z&quot;,
                &quot;status&quot;: &quot;PENDING&quot;
            },
            {
                &quot;time&quot;: &quot;2022-02-22T10:35:23.084Z&quot;,
                &quot;status&quot;: &quot;SEND&quot;
            },
            {
                &quot;time&quot;: &quot;2022-02-22T10:35:23.118Z&quot;,
                &quot;status&quot;: &quot;DELIVERED&quot;
            },
            {
                &quot;time&quot;: &quot;2022-02-22T10:36:03.111Z&quot;,
                &quot;status&quot;: &quot;PENDING&quot;
            },
            {
                &quot;time&quot;: &quot;2022-02-22T10:36:03.134Z&quot;,
                &quot;status&quot;: &quot;SEND&quot;
            },
            {
                &quot;time&quot;: &quot;2022-02-22T10:36:03.168Z&quot;,
                &quot;status&quot;: &quot;DELIVERED&quot;
            },
            {
                &quot;time&quot;: &quot;2022-02-22T10:37:53.192Z&quot;,
                &quot;status&quot;: &quot;PENDING&quot;
            },
            {
                &quot;time&quot;: &quot;2022-02-22T10:37:53.212Z&quot;,
                &quot;status&quot;: &quot;SEND&quot;
            },
            {
                &quot;time&quot;: &quot;2022-02-22T10:37:53.247Z&quot;,
                &quot;status&quot;: &quot;DELIVERED&quot;
            },
            {
                &quot;time&quot;: &quot;2022-02-22T10:39:48.337Z&quot;,
                &quot;status&quot;: &quot;PENDING&quot;
            },
            {
                &quot;time&quot;: &quot;2022-02-22T10:39:48.361Z&quot;,
                &quot;status&quot;: &quot;SEND&quot;
            },
            {
                &quot;time&quot;: &quot;2022-02-22T10:39:48.394Z&quot;,
                &quot;status&quot;: &quot;DELIVERED&quot;
            },
            {
                &quot;time&quot;: &quot;2022-02-22T10:40:10.264Z&quot;,
                &quot;status&quot;: &quot;PENDING&quot;
            },
            {
                &quot;time&quot;: &quot;2022-02-22T10:40:10.288Z&quot;,
                &quot;status&quot;: &quot;SEND&quot;
            },
            {
                &quot;time&quot;: &quot;2022-02-22T10:40:10.320Z&quot;,
                &quot;status&quot;: &quot;DELIVERED&quot;
            },
            {
                &quot;time&quot;: &quot;2022-02-22T10:40:32.184Z&quot;,
                &quot;status&quot;: &quot;PENDING&quot;
            },
            {
                &quot;time&quot;: &quot;2022-02-22T10:40:32.212Z&quot;,
                &quot;status&quot;: &quot;SEND&quot;
            },
            {
                &quot;time&quot;: &quot;2022-02-22T10:40:32.245Z&quot;,
                &quot;status&quot;: &quot;DELIVERED&quot;
            },
            {
                &quot;time&quot;: &quot;2022-02-22T10:40:54.910Z&quot;,
                &quot;status&quot;: &quot;PENDING&quot;
            },
            {
                &quot;time&quot;: &quot;2022-02-22T10:40:54.935Z&quot;,
                &quot;status&quot;: &quot;SEND&quot;
            },
            {
                &quot;time&quot;: &quot;2022-02-22T10:40:54.967Z&quot;,
                &quot;status&quot;: &quot;DELIVERED&quot;
            },
            {
                &quot;time&quot;: &quot;2022-02-22T10:41:29.467Z&quot;,
                &quot;status&quot;: &quot;PENDING&quot;
            },
            {
                &quot;time&quot;: &quot;2022-02-22T10:41:29.492Z&quot;,
                &quot;status&quot;: &quot;SEND&quot;
            },
            {
                &quot;time&quot;: &quot;2022-02-22T10:41:29.524Z&quot;,
                &quot;status&quot;: &quot;DELIVERED&quot;
            },
            {
                &quot;time&quot;: &quot;2022-02-22T10:41:52.244Z&quot;,
                &quot;status&quot;: &quot;PENDING&quot;
            },
            {
                &quot;time&quot;: &quot;2022-02-22T10:41:52.268Z&quot;,
                &quot;status&quot;: &quot;SEND&quot;
            },
            {
                &quot;time&quot;: &quot;2022-02-22T10:41:52.298Z&quot;,
                &quot;status&quot;: &quot;DELIVERED&quot;
            },
            {
                &quot;time&quot;: &quot;2022-02-22T10:42:16.769Z&quot;,
                &quot;status&quot;: &quot;PENDING&quot;
            },
            {
                &quot;time&quot;: &quot;2022-02-22T10:42:16.794Z&quot;,
                &quot;status&quot;: &quot;SEND&quot;
            },
            {
                &quot;time&quot;: &quot;2022-02-22T10:42:16.826Z&quot;,
                &quot;status&quot;: &quot;DELIVERED&quot;
            },
            {
                &quot;time&quot;: &quot;2022-02-22T10:55:33.558Z&quot;,
                &quot;status&quot;: &quot;PENDING&quot;
            },
            {
                &quot;time&quot;: &quot;2022-02-22T10:55:33.592Z&quot;,
                &quot;status&quot;: &quot;SEND&quot;
            },
            {
                &quot;time&quot;: &quot;2022-02-22T10:55:33.620Z&quot;,
                &quot;status&quot;: &quot;DELIVERED&quot;
            },
            {
                &quot;time&quot;: &quot;2022-02-22T10:58:10.748Z&quot;,
                &quot;status&quot;: &quot;PENDING&quot;
            },
            {
                &quot;time&quot;: &quot;2022-02-22T10:58:10.772Z&quot;,
                &quot;status&quot;: &quot;SEND&quot;
            },
            {
                &quot;time&quot;: &quot;2022-02-22T10:58:10.805Z&quot;,
                &quot;status&quot;: &quot;DELIVERED&quot;
            },
            {
                &quot;time&quot;: &quot;2022-02-22T10:58:33.317Z&quot;,
                &quot;status&quot;: &quot;PENDING&quot;
            },
            {
                &quot;time&quot;: &quot;2022-02-22T10:58:33.342Z&quot;,
                &quot;status&quot;: &quot;SEND&quot;
            },
            {
                &quot;time&quot;: &quot;2022-02-22T10:58:33.375Z&quot;,
                &quot;status&quot;: &quot;DELIVERED&quot;
            },
            {
                &quot;time&quot;: &quot;2022-02-22T11:01:09.552Z&quot;,
                &quot;status&quot;: &quot;PENDING&quot;
            },
            {
                &quot;time&quot;: &quot;2022-02-22T11:01:09.576Z&quot;,
                &quot;status&quot;: &quot;SEND&quot;
            }
        ],
        &quot;status&quot;: &quot;DELIVERED&quot;
    },
    &quot;creationTime&quot;: &quot;2022-02-22T10:28:38.549Z&quot;,
    &quot;deviceId&quot;: &quot;14471660&quot;,
    &quot;deviceName&quot;: &quot;octocatrpi3&quot;,
    &quot;self&quot;: &quot;https://t493319102.eu-latest.cumulocity.com/devicecontrol/operations/14471086&quot;,
    &quot;id&quot;: &quot;14471086&quot;,
    &quot;status&quot;: &quot;PENDING&quot;,
    &quot;c8y_LogfileRequest&quot;: {
        &quot;searchText&quot;: &quot;&quot;,
        &quot;logFile&quot;: &quot;software-management&quot;,
        &quot;dateTo&quot;: &quot;2021-11-21T18:55:49+0530&quot;,
        &quot;dateFrom&quot;: &quot;2021-11-15T18:55:49+0530&quot;,
        &quot;maximumLines&quot;: 300
    },
    &quot;description&quot;: &quot;Log file request&quot;
}
12:03:01 DEBUG Final URL of the request: https://thin-edge-io.eu-latest.cumulocity.com/devicecontrol/operations?deviceId=14471660&amp;pageSize=1&amp;revert=true&amp;dateFrom=1970-01-01T00%3A00%3A00.000Z
12:03:01 INFO  State of current operation: PENDING
12:03:01 DEBUG Final URL of the request: https://thin-edge-io.eu-latest.cumulocity.com/devicecontrol/operations?deviceId=14471660&amp;pageSize=1&amp;revert=true&amp;dateFrom=1970-01-01T00%3A00%3A00.000Z
12:03:01 DEBUG State of current operation: {
    &quot;delivery&quot;: {
        &quot;time&quot;: &quot;2022-02-22T11:01:09.608Z&quot;,
        &quot;log&quot;: [
            {
                &quot;time&quot;: &quot;2022-02-22T10:28:38.571Z&quot;,
                &quot;status&quot;: &quot;PENDING&quot;
            },
            {
                &quot;time&quot;: &quot;2022-02-22T10:28:38.580Z&quot;,
                &quot;status&quot;: &quot;SEND&quot;
            },
            {
                &quot;time&quot;: &quot;2022-02-22T10:28:38.612Z&quot;,
                &quot;status&quot;: &quot;DELIVERED&quot;
            },
            {
                &quot;time&quot;: &quot;2022-02-22T10:29:41.769Z&quot;,
                &quot;status&quot;: &quot;PENDING&quot;
            },
            {
                &quot;time&quot;: &quot;2022-02-22T10:29:41.789Z&quot;,
                &quot;status&quot;: &quot;SEND&quot;
            },
            {
                &quot;time&quot;: &quot;2022-02-22T10:29:41.820Z&quot;,
                &quot;status&quot;: &quot;DELIVERED&quot;
            },
            {
                &quot;time&quot;: &quot;2022-02-22T10:30:36.690Z&quot;,
                &quot;status&quot;: &quot;PENDING&quot;
            },
            {
                &quot;time&quot;: &quot;2022-02-22T10:30:36.714Z&quot;,
                &quot;status&quot;: &quot;SEND&quot;
            },
            {
                &quot;time&quot;: &quot;2022-02-22T10:30:36.753Z&quot;,
                &quot;status&quot;: &quot;DELIVERED&quot;
            },
            {
                &quot;time&quot;: &quot;2022-02-22T10:31:49.629Z&quot;,
                &quot;status&quot;: &quot;PENDING&quot;
            },
            {
                &quot;time&quot;: &quot;2022-02-22T10:31:49.654Z&quot;,
                &quot;status&quot;: &quot;SEND&quot;
            },
            {
                &quot;time&quot;: &quot;2022-02-22T10:31:49.686Z&quot;,
                &quot;status&quot;: &quot;DELIVERED&quot;
            },
            {
                &quot;time&quot;: &quot;2022-02-22T10:33:02.291Z&quot;,
                &quot;status&quot;: &quot;PENDING&quot;
            },
            {
                &quot;time&quot;: &quot;2022-02-22T10:33:02.316Z&quot;,
                &quot;status&quot;: &quot;SEND&quot;
            },
            {
                &quot;time&quot;: &quot;2022-02-22T10:33:02.347Z&quot;,
                &quot;status&quot;: &quot;DELIVERED&quot;
            },
            {
                &quot;time&quot;: &quot;2022-02-22T10:33:40.393Z&quot;,
                &quot;status&quot;: &quot;PENDING&quot;
            },
            {
                &quot;time&quot;: &quot;2022-02-22T10:33:40.416Z&quot;,
                &quot;status&quot;: &quot;SEND&quot;
            },
            {
                &quot;time&quot;: &quot;2022-02-22T10:33:40.449Z&quot;,
                &quot;status&quot;: &quot;DELIVERED&quot;
            },
            {
                &quot;time&quot;: &quot;2022-02-22T10:34:31.797Z&quot;,
                &quot;status&quot;: &quot;PENDING&quot;
            },
            {
                &quot;time&quot;: &quot;2022-02-22T10:34:31.818Z&quot;,
                &quot;status&quot;: &quot;SEND&quot;
            },
            {
                &quot;time&quot;: &quot;2022-02-22T10:34:31.850Z&quot;,
                &quot;status&quot;: &quot;DELIVERED&quot;
            },
            {
                &quot;time&quot;: &quot;2022-02-22T10:35:23.062Z&quot;,
                &quot;status&quot;: &quot;PENDING&quot;
            },
            {
                &quot;time&quot;: &quot;2022-02-22T10:35:23.084Z&quot;,
                &quot;status&quot;: &quot;SEND&quot;
            },
            {
                &quot;time&quot;: &quot;2022-02-22T10:35:23.118Z&quot;,
                &quot;status&quot;: &quot;DELIVERED&quot;
            },
            {
                &quot;time&quot;: &quot;2022-02-22T10:36:03.111Z&quot;,
                &quot;status&quot;: &quot;PENDING&quot;
            },
            {
                &quot;time&quot;: &quot;2022-02-22T10:36:03.134Z&quot;,
                &quot;status&quot;: &quot;SEND&quot;
            },
            {
                &quot;time&quot;: &quot;2022-02-22T10:36:03.168Z&quot;,
                &quot;status&quot;: &quot;DELIVERED&quot;
            },
            {
                &quot;time&quot;: &quot;2022-02-22T10:37:53.192Z&quot;,
                &quot;status&quot;: &quot;PENDING&quot;
            },
            {
                &quot;time&quot;: &quot;2022-02-22T10:37:53.212Z&quot;,
                &quot;status&quot;: &quot;SEND&quot;
            },
            {
                &quot;time&quot;: &quot;2022-02-22T10:37:53.247Z&quot;,
                &quot;status&quot;: &quot;DELIVERED&quot;
            },
            {
                &quot;time&quot;: &quot;2022-02-22T10:39:48.337Z&quot;,
                &quot;status&quot;: &quot;PENDING&quot;
            },
            {
                &quot;time&quot;: &quot;2022-02-22T10:39:48.361Z&quot;,
                &quot;status&quot;: &quot;SEND&quot;
            },
            {
                &quot;time&quot;: &quot;2022-02-22T10:39:48.394Z&quot;,
                &quot;status&quot;: &quot;DELIVERED&quot;
            },
            {
                &quot;time&quot;: &quot;2022-02-22T10:40:10.264Z&quot;,
                &quot;status&quot;: &quot;PENDING&quot;
            },
            {
                &quot;time&quot;: &quot;2022-02-22T10:40:10.288Z&quot;,
                &quot;status&quot;: &quot;SEND&quot;
            },
            {
                &quot;time&quot;: &quot;2022-02-22T10:40:10.320Z&quot;,
                &quot;status&quot;: &quot;DELIVERED&quot;
            },
            {
                &quot;time&quot;: &quot;2022-02-22T10:40:32.184Z&quot;,
                &quot;status&quot;: &quot;PENDING&quot;
            },
            {
                &quot;time&quot;: &quot;2022-02-22T10:40:32.212Z&quot;,
                &quot;status&quot;: &quot;SEND&quot;
            },
            {
                &quot;time&quot;: &quot;2022-02-22T10:40:32.245Z&quot;,
                &quot;status&quot;: &quot;DELIVERED&quot;
            },
            {
                &quot;time&quot;: &quot;2022-02-22T10:40:54.910Z&quot;,
                &quot;status&quot;: &quot;PENDING&quot;
            },
            {
                &quot;time&quot;: &quot;2022-02-22T10:40:54.935Z&quot;,
                &quot;status&quot;: &quot;SEND&quot;
            },
            {
                &quot;time&quot;: &quot;2022-02-22T10:40:54.967Z&quot;,
                &quot;status&quot;: &quot;DELIVERED&quot;
            },
            {
                &quot;time&quot;: &quot;2022-02-22T10:41:29.467Z&quot;,
                &quot;status&quot;: &quot;PENDING&quot;
            },
            {
                &quot;time&quot;: &quot;2022-02-22T10:41:29.492Z&quot;,
                &quot;status&quot;: &quot;SEND&quot;
            },
            {
                &quot;time&quot;: &quot;2022-02-22T10:41:29.524Z&quot;,
                &quot;status&quot;: &quot;DELIVERED&quot;
            },
            {
                &quot;time&quot;: &quot;2022-02-22T10:41:52.244Z&quot;,
                &quot;status&quot;: &quot;PENDING&quot;
            },
            {
                &quot;time&quot;: &quot;2022-02-22T10:41:52.268Z&quot;,
                &quot;status&quot;: &quot;SEND&quot;
            },
            {
                &quot;time&quot;: &quot;2022-02-22T10:41:52.298Z&quot;,
                &quot;status&quot;: &quot;DELIVERED&quot;
            },
            {
                &quot;time&quot;: &quot;2022-02-22T10:42:16.769Z&quot;,
                &quot;status&quot;: &quot;PENDING&quot;
            },
            {
                &quot;time&quot;: &quot;2022-02-22T10:42:16.794Z&quot;,
                &quot;status&quot;: &quot;SEND&quot;
            },
            {
                &quot;time&quot;: &quot;2022-02-22T10:42:16.826Z&quot;,
                &quot;status&quot;: &quot;DELIVERED&quot;
            },
            {
                &quot;time&quot;: &quot;2022-02-22T10:55:33.558Z&quot;,
                &quot;status&quot;: &quot;PENDING&quot;
            },
            {
                &quot;time&quot;: &quot;2022-02-22T10:55:33.592Z&quot;,
                &quot;status&quot;: &quot;SEND&quot;
            },
            {
                &quot;time&quot;: &quot;2022-02-22T10:55:33.620Z&quot;,
                &quot;status&quot;: &quot;DELIVERED&quot;
            },
            {
                &quot;time&quot;: &quot;2022-02-22T10:58:10.748Z&quot;,
                &quot;status&quot;: &quot;PENDING&quot;
            },
            {
                &quot;time&quot;: &quot;2022-02-22T10:58:10.772Z&quot;,
                &quot;status&quot;: &quot;SEND&quot;
            },
            {
                &quot;time&quot;: &quot;2022-02-22T10:58:10.805Z&quot;,
                &quot;status&quot;: &quot;DELIVERED&quot;
            },
            {
                &quot;time&quot;: &quot;2022-02-22T10:58:33.317Z&quot;,
                &quot;status&quot;: &quot;PENDING&quot;
            },
            {
                &quot;time&quot;: &quot;2022-02-22T10:58:33.342Z&quot;,
                &quot;status&quot;: &quot;SEND&quot;
            },
            {
                &quot;time&quot;: &quot;2022-02-22T10:58:33.375Z&quot;,
                &quot;status&quot;: &quot;DELIVERED&quot;
            },
            {
                &quot;time&quot;: &quot;2022-02-22T11:01:09.552Z&quot;,
                &quot;status&quot;: &quot;PENDING&quot;
            },
            {
                &quot;time&quot;: &quot;2022-02-22T11:01:09.576Z&quot;,
                &quot;status&quot;: &quot;SEND&quot;
            }
        ],
        &quot;status&quot;: &quot;DELIVERED&quot;
    },
    &quot;creationTime&quot;: &quot;2022-02-22T10:28:38.549Z&quot;,
    &quot;deviceId&quot;: &quot;14471660&quot;,
    &quot;deviceName&quot;: &quot;octocatrpi3&quot;,
    &quot;self&quot;: &quot;https://t493319102.eu-latest.cumulocity.com/devicecontrol/operations/14471086&quot;,
    &quot;id&quot;: &quot;14471086&quot;,
    &quot;status&quot;: &quot;PENDING&quot;,
    &quot;c8y_LogfileRequest&quot;: {
        &quot;searchText&quot;: &quot;&quot;,
        &quot;logFile&quot;: &quot;software-management&quot;,
        &quot;dateTo&quot;: &quot;2021-11-21T18:55:49+0530&quot;,
        &quot;dateFrom&quot;: &quot;2021-11-15T18:55:49+0530&quot;,
        &quot;maximumLines&quot;: 300
    },
    &quot;description&quot;: &quot;Log file request&quot;
}
12:03:03 DEBUG Final URL of the request: https://thin-edge-io.eu-latest.cumulocity.com/devicecontrol/operations?deviceId=14471660&amp;pageSize=1&amp;revert=true&amp;dateFrom=1970-01-01T00%3A00%3A00.000Z
12:03:03 INFO  State of current operation: PENDING
12:03:03 DEBUG Final URL of the request: https://thin-edge-io.eu-latest.cumulocity.com/devicecontrol/operations?deviceId=14471660&amp;pageSize=1&amp;revert=true&amp;dateFrom=1970-01-01T00%3A00%3A00.000Z
12:03:03 DEBUG State of current operation: {
    &quot;delivery&quot;: {
        &quot;time&quot;: &quot;2022-02-22T11:01:09.608Z&quot;,
        &quot;log&quot;: [
            {
                &quot;time&quot;: &quot;2022-02-22T10:28:38.571Z&quot;,
                &quot;status&quot;: &quot;PENDING&quot;
            },
            {
                &quot;time&quot;: &quot;2022-02-22T10:28:38.580Z&quot;,
                &quot;status&quot;: &quot;SEND&quot;
            },
            {
                &quot;time&quot;: &quot;2022-02-22T10:28:38.612Z&quot;,
                &quot;status&quot;: &quot;DELIVERED&quot;
            },
            {
                &quot;time&quot;: &quot;2022-02-22T10:29:41.769Z&quot;,
                &quot;status&quot;: &quot;PENDING&quot;
            },
            {
                &quot;time&quot;: &quot;2022-02-22T10:29:41.789Z&quot;,
                &quot;status&quot;: &quot;SEND&quot;
            },
            {
                &quot;time&quot;: &quot;2022-02-22T10:29:41.820Z&quot;,
                &quot;status&quot;: &quot;DELIVERED&quot;
            },
            {
                &quot;time&quot;: &quot;2022-02-22T10:30:36.690Z&quot;,
                &quot;status&quot;: &quot;PENDING&quot;
            },
            {
                &quot;time&quot;: &quot;2022-02-22T10:30:36.714Z&quot;,
                &quot;status&quot;: &quot;SEND&quot;
            },
            {
                &quot;time&quot;: &quot;2022-02-22T10:30:36.753Z&quot;,
                &quot;status&quot;: &quot;DELIVERED&quot;
            },
            {
                &quot;time&quot;: &quot;2022-02-22T10:31:49.629Z&quot;,
                &quot;status&quot;: &quot;PENDING&quot;
            },
            {
                &quot;time&quot;: &quot;2022-02-22T10:31:49.654Z&quot;,
                &quot;status&quot;: &quot;SEND&quot;
            },
            {
                &quot;time&quot;: &quot;2022-02-22T10:31:49.686Z&quot;,
                &quot;status&quot;: &quot;DELIVERED&quot;
            },
            {
                &quot;time&quot;: &quot;2022-02-22T10:33:02.291Z&quot;,
                &quot;status&quot;: &quot;PENDING&quot;
            },
            {
                &quot;time&quot;: &quot;2022-02-22T10:33:02.316Z&quot;,
                &quot;status&quot;: &quot;SEND&quot;
            },
            {
                &quot;time&quot;: &quot;2022-02-22T10:33:02.347Z&quot;,
                &quot;status&quot;: &quot;DELIVERED&quot;
            },
            {
                &quot;time&quot;: &quot;2022-02-22T10:33:40.393Z&quot;,
                &quot;status&quot;: &quot;PENDING&quot;
            },
            {
                &quot;time&quot;: &quot;2022-02-22T10:33:40.416Z&quot;,
                &quot;status&quot;: &quot;SEND&quot;
            },
            {
                &quot;time&quot;: &quot;2022-02-22T10:33:40.449Z&quot;,
                &quot;status&quot;: &quot;DELIVERED&quot;
            },
            {
                &quot;time&quot;: &quot;2022-02-22T10:34:31.797Z&quot;,
                &quot;status&quot;: &quot;PENDING&quot;
            },
            {
                &quot;time&quot;: &quot;2022-02-22T10:34:31.818Z&quot;,
                &quot;status&quot;: &quot;SEND&quot;
            },
            {
                &quot;time&quot;: &quot;2022-02-22T10:34:31.850Z&quot;,
                &quot;status&quot;: &quot;DELIVERED&quot;
            },
            {
                &quot;time&quot;: &quot;2022-02-22T10:35:23.062Z&quot;,
                &quot;status&quot;: &quot;PENDING&quot;
            },
            {
                &quot;time&quot;: &quot;2022-02-22T10:35:23.084Z&quot;,
                &quot;status&quot;: &quot;SEND&quot;
            },
            {
                &quot;time&quot;: &quot;2022-02-22T10:35:23.118Z&quot;,
                &quot;status&quot;: &quot;DELIVERED&quot;
            },
            {
                &quot;time&quot;: &quot;2022-02-22T10:36:03.111Z&quot;,
                &quot;status&quot;: &quot;PENDING&quot;
            },
            {
                &quot;time&quot;: &quot;2022-02-22T10:36:03.134Z&quot;,
                &quot;status&quot;: &quot;SEND&quot;
            },
            {
                &quot;time&quot;: &quot;2022-02-22T10:36:03.168Z&quot;,
                &quot;status&quot;: &quot;DELIVERED&quot;
            },
            {
                &quot;time&quot;: &quot;2022-02-22T10:37:53.192Z&quot;,
                &quot;status&quot;: &quot;PENDING&quot;
            },
            {
                &quot;time&quot;: &quot;2022-02-22T10:37:53.212Z&quot;,
                &quot;status&quot;: &quot;SEND&quot;
            },
            {
                &quot;time&quot;: &quot;2022-02-22T10:37:53.247Z&quot;,
                &quot;status&quot;: &quot;DELIVERED&quot;
            },
            {
                &quot;time&quot;: &quot;2022-02-22T10:39:48.337Z&quot;,
                &quot;status&quot;: &quot;PENDING&quot;
            },
            {
                &quot;time&quot;: &quot;2022-02-22T10:39:48.361Z&quot;,
                &quot;status&quot;: &quot;SEND&quot;
            },
            {
                &quot;time&quot;: &quot;2022-02-22T10:39:48.394Z&quot;,
                &quot;status&quot;: &quot;DELIVERED&quot;
            },
            {
                &quot;time&quot;: &quot;2022-02-22T10:40:10.264Z&quot;,
                &quot;status&quot;: &quot;PENDING&quot;
            },
            {
                &quot;time&quot;: &quot;2022-02-22T10:40:10.288Z&quot;,
                &quot;status&quot;: &quot;SEND&quot;
            },
            {
                &quot;time&quot;: &quot;2022-02-22T10:40:10.320Z&quot;,
                &quot;status&quot;: &quot;DELIVERED&quot;
            },
            {
                &quot;time&quot;: &quot;2022-02-22T10:40:32.184Z&quot;,
                &quot;status&quot;: &quot;PENDING&quot;
            },
            {
                &quot;time&quot;: &quot;2022-02-22T10:40:32.212Z&quot;,
                &quot;status&quot;: &quot;SEND&quot;
            },
            {
                &quot;time&quot;: &quot;2022-02-22T10:40:32.245Z&quot;,
                &quot;status&quot;: &quot;DELIVERED&quot;
            },
            {
                &quot;time&quot;: &quot;2022-02-22T10:40:54.910Z&quot;,
                &quot;status&quot;: &quot;PENDING&quot;
            },
            {
                &quot;time&quot;: &quot;2022-02-22T10:40:54.935Z&quot;,
                &quot;status&quot;: &quot;SEND&quot;
            },
            {
                &quot;time&quot;: &quot;2022-02-22T10:40:54.967Z&quot;,
                &quot;status&quot;: &quot;DELIVERED&quot;
            },
            {
                &quot;time&quot;: &quot;2022-02-22T10:41:29.467Z&quot;,
                &quot;status&quot;: &quot;PENDING&quot;
            },
            {
                &quot;time&quot;: &quot;2022-02-22T10:41:29.492Z&quot;,
                &quot;status&quot;: &quot;SEND&quot;
            },
            {
                &quot;time&quot;: &quot;2022-02-22T10:41:29.524Z&quot;,
                &quot;status&quot;: &quot;DELIVERED&quot;
            },
            {
                &quot;time&quot;: &quot;2022-02-22T10:41:52.244Z&quot;,
                &quot;status&quot;: &quot;PENDING&quot;
            },
            {
                &quot;time&quot;: &quot;2022-02-22T10:41:52.268Z&quot;,
                &quot;status&quot;: &quot;SEND&quot;
            },
            {
                &quot;time&quot;: &quot;2022-02-22T10:41:52.298Z&quot;,
                &quot;status&quot;: &quot;DELIVERED&quot;
            },
            {
                &quot;time&quot;: &quot;2022-02-22T10:42:16.769Z&quot;,
                &quot;status&quot;: &quot;PENDING&quot;
            },
            {
                &quot;time&quot;: &quot;2022-02-22T10:42:16.794Z&quot;,
                &quot;status&quot;: &quot;SEND&quot;
            },
            {
                &quot;time&quot;: &quot;2022-02-22T10:42:16.826Z&quot;,
                &quot;status&quot;: &quot;DELIVERED&quot;
            },
            {
                &quot;time&quot;: &quot;2022-02-22T10:55:33.558Z&quot;,
                &quot;status&quot;: &quot;PENDING&quot;
            },
            {
                &quot;time&quot;: &quot;2022-02-22T10:55:33.592Z&quot;,
                &quot;status&quot;: &quot;SEND&quot;
            },
            {
                &quot;time&quot;: &quot;2022-02-22T10:55:33.620Z&quot;,
                &quot;status&quot;: &quot;DELIVERED&quot;
            },
            {
                &quot;time&quot;: &quot;2022-02-22T10:58:10.748Z&quot;,
                &quot;status&quot;: &quot;PENDING&quot;
            },
            {
                &quot;time&quot;: &quot;2022-02-22T10:58:10.772Z&quot;,
                &quot;status&quot;: &quot;SEND&quot;
            },
            {
                &quot;time&quot;: &quot;2022-02-22T10:58:10.805Z&quot;,
                &quot;status&quot;: &quot;DELIVERED&quot;
            },
            {
                &quot;time&quot;: &quot;2022-02-22T10:58:33.317Z&quot;,
                &quot;status&quot;: &quot;PENDING&quot;
            },
            {
                &quot;time&quot;: &quot;2022-02-22T10:58:33.342Z&quot;,
                &quot;status&quot;: &quot;SEND&quot;
            },
            {
                &quot;time&quot;: &quot;2022-02-22T10:58:33.375Z&quot;,
                &quot;status&quot;: &quot;DELIVERED&quot;
            },
            {
                &quot;time&quot;: &quot;2022-02-22T11:01:09.552Z&quot;,
                &quot;status&quot;: &quot;PENDING&quot;
            },
            {
                &quot;time&quot;: &quot;2022-02-22T11:01:09.576Z&quot;,
                &quot;status&quot;: &quot;SEND&quot;
            }
        ],
        &quot;status&quot;: &quot;DELIVERED&quot;
    },
    &quot;creationTime&quot;: &quot;2022-02-22T10:28:38.549Z&quot;,
    &quot;deviceId&quot;: &quot;14471660&quot;,
    &quot;deviceName&quot;: &quot;octocatrpi3&quot;,
    &quot;self&quot;: &quot;https://t493319102.eu-latest.cumulocity.com/devicecontrol/operations/14471086&quot;,
    &quot;id&quot;: &quot;14471086&quot;,
    &quot;status&quot;: &quot;PENDING&quot;,
    &quot;c8y_LogfileRequest&quot;: {
        &quot;searchText&quot;: &quot;&quot;,
        &quot;logFile&quot;: &quot;software-management&quot;,
        &quot;dateTo&quot;: &quot;2021-11-21T18:55:49+0530&quot;,
        &quot;dateFrom&quot;: &quot;2021-11-15T18:55:49+0530&quot;,
        &quot;maximumLines&quot;: 300
    },
    &quot;description&quot;: &quot;Log file request&quot;
}
12:03:05 DEBUG Final URL of the request: https://thin-edge-io.eu-latest.cumulocity.com/devicecontrol/operations?deviceId=14471660&amp;pageSize=1&amp;revert=true&amp;dateFrom=1970-01-01T00%3A00%3A00.000Z
12:03:05 INFO  State of current operation: PENDING
12:03:05 DEBUG Final URL of the request: https://thin-edge-io.eu-latest.cumulocity.com/devicecontrol/operations?deviceId=14471660&amp;pageSize=1&amp;revert=true&amp;dateFrom=1970-01-01T00%3A00%3A00.000Z
12:03:05 DEBUG State of current operation: {
    &quot;delivery&quot;: {
        &quot;time&quot;: &quot;2022-02-22T11:01:09.608Z&quot;,
        &quot;log&quot;: [
            {
                &quot;time&quot;: &quot;2022-02-22T10:28:38.571Z&quot;,
                &quot;status&quot;: &quot;PENDING&quot;
            },
            {
                &quot;time&quot;: &quot;2022-02-22T10:28:38.580Z&quot;,
                &quot;status&quot;: &quot;SEND&quot;
            },
            {
                &quot;time&quot;: &quot;2022-02-22T10:28:38.612Z&quot;,
                &quot;status&quot;: &quot;DELIVERED&quot;
            },
            {
                &quot;time&quot;: &quot;2022-02-22T10:29:41.769Z&quot;,
                &quot;status&quot;: &quot;PENDING&quot;
            },
            {
                &quot;time&quot;: &quot;2022-02-22T10:29:41.789Z&quot;,
                &quot;status&quot;: &quot;SEND&quot;
            },
            {
                &quot;time&quot;: &quot;2022-02-22T10:29:41.820Z&quot;,
                &quot;status&quot;: &quot;DELIVERED&quot;
            },
            {
                &quot;time&quot;: &quot;2022-02-22T10:30:36.690Z&quot;,
                &quot;status&quot;: &quot;PENDING&quot;
            },
            {
                &quot;time&quot;: &quot;2022-02-22T10:30:36.714Z&quot;,
                &quot;status&quot;: &quot;SEND&quot;
            },
            {
                &quot;time&quot;: &quot;2022-02-22T10:30:36.753Z&quot;,
                &quot;status&quot;: &quot;DELIVERED&quot;
            },
            {
                &quot;time&quot;: &quot;2022-02-22T10:31:49.629Z&quot;,
                &quot;status&quot;: &quot;PENDING&quot;
            },
            {
                &quot;time&quot;: &quot;2022-02-22T10:31:49.654Z&quot;,
                &quot;status&quot;: &quot;SEND&quot;
            },
            {
                &quot;time&quot;: &quot;2022-02-22T10:31:49.686Z&quot;,
                &quot;status&quot;: &quot;DELIVERED&quot;
            },
            {
                &quot;time&quot;: &quot;2022-02-22T10:33:02.291Z&quot;,
                &quot;status&quot;: &quot;PENDING&quot;
            },
            {
                &quot;time&quot;: &quot;2022-02-22T10:33:02.316Z&quot;,
                &quot;status&quot;: &quot;SEND&quot;
            },
            {
                &quot;time&quot;: &quot;2022-02-22T10:33:02.347Z&quot;,
                &quot;status&quot;: &quot;DELIVERED&quot;
            },
            {
                &quot;time&quot;: &quot;2022-02-22T10:33:40.393Z&quot;,
                &quot;status&quot;: &quot;PENDING&quot;
            },
            {
                &quot;time&quot;: &quot;2022-02-22T10:33:40.416Z&quot;,
                &quot;status&quot;: &quot;SEND&quot;
            },
            {
                &quot;time&quot;: &quot;2022-02-22T10:33:40.449Z&quot;,
                &quot;status&quot;: &quot;DELIVERED&quot;
            },
            {
                &quot;time&quot;: &quot;2022-02-22T10:34:31.797Z&quot;,
                &quot;status&quot;: &quot;PENDING&quot;
            },
            {
                &quot;time&quot;: &quot;2022-02-22T10:34:31.818Z&quot;,
                &quot;status&quot;: &quot;SEND&quot;
            },
            {
                &quot;time&quot;: &quot;2022-02-22T10:34:31.850Z&quot;,
                &quot;status&quot;: &quot;DELIVERED&quot;
            },
            {
                &quot;time&quot;: &quot;2022-02-22T10:35:23.062Z&quot;,
                &quot;status&quot;: &quot;PENDING&quot;
            },
            {
                &quot;time&quot;: &quot;2022-02-22T10:35:23.084Z&quot;,
                &quot;status&quot;: &quot;SEND&quot;
            },
            {
                &quot;time&quot;: &quot;2022-02-22T10:35:23.118Z&quot;,
                &quot;status&quot;: &quot;DELIVERED&quot;
            },
            {
                &quot;time&quot;: &quot;2022-02-22T10:36:03.111Z&quot;,
                &quot;status&quot;: &quot;PENDING&quot;
            },
            {
                &quot;time&quot;: &quot;2022-02-22T10:36:03.134Z&quot;,
                &quot;status&quot;: &quot;SEND&quot;
            },
            {
                &quot;time&quot;: &quot;2022-02-22T10:36:03.168Z&quot;,
                &quot;status&quot;: &quot;DELIVERED&quot;
            },
            {
                &quot;time&quot;: &quot;2022-02-22T10:37:53.192Z&quot;,
                &quot;status&quot;: &quot;PENDING&quot;
            },
            {
                &quot;time&quot;: &quot;2022-02-22T10:37:53.212Z&quot;,
                &quot;status&quot;: &quot;SEND&quot;
            },
            {
                &quot;time&quot;: &quot;2022-02-22T10:37:53.247Z&quot;,
                &quot;status&quot;: &quot;DELIVERED&quot;
            },
            {
                &quot;time&quot;: &quot;2022-02-22T10:39:48.337Z&quot;,
                &quot;status&quot;: &quot;PENDING&quot;
            },
            {
                &quot;time&quot;: &quot;2022-02-22T10:39:48.361Z&quot;,
                &quot;status&quot;: &quot;SEND&quot;
            },
            {
                &quot;time&quot;: &quot;2022-02-22T10:39:48.394Z&quot;,
                &quot;status&quot;: &quot;DELIVERED&quot;
            },
            {
                &quot;time&quot;: &quot;2022-02-22T10:40:10.264Z&quot;,
                &quot;status&quot;: &quot;PENDING&quot;
            },
            {
                &quot;time&quot;: &quot;2022-02-22T10:40:10.288Z&quot;,
                &quot;status&quot;: &quot;SEND&quot;
            },
            {
                &quot;time&quot;: &quot;2022-02-22T10:40:10.320Z&quot;,
                &quot;status&quot;: &quot;DELIVERED&quot;
            },
            {
                &quot;time&quot;: &quot;2022-02-22T10:40:32.184Z&quot;,
                &quot;status&quot;: &quot;PENDING&quot;
            },
            {
                &quot;time&quot;: &quot;2022-02-22T10:40:32.212Z&quot;,
                &quot;status&quot;: &quot;SEND&quot;
            },
            {
                &quot;time&quot;: &quot;2022-02-22T10:40:32.245Z&quot;,
                &quot;status&quot;: &quot;DELIVERED&quot;
            },
            {
                &quot;time&quot;: &quot;2022-02-22T10:40:54.910Z&quot;,
                &quot;status&quot;: &quot;PENDING&quot;
            },
            {
                &quot;time&quot;: &quot;2022-02-22T10:40:54.935Z&quot;,
                &quot;status&quot;: &quot;SEND&quot;
            },
            {
                &quot;time&quot;: &quot;2022-02-22T10:40:54.967Z&quot;,
                &quot;status&quot;: &quot;DELIVERED&quot;
            },
            {
                &quot;time&quot;: &quot;2022-02-22T10:41:29.467Z&quot;,
                &quot;status&quot;: &quot;PENDING&quot;
            },
            {
                &quot;time&quot;: &quot;2022-02-22T10:41:29.492Z&quot;,
                &quot;status&quot;: &quot;SEND&quot;
            },
            {
                &quot;time&quot;: &quot;2022-02-22T10:41:29.524Z&quot;,
                &quot;status&quot;: &quot;DELIVERED&quot;
            },
            {
                &quot;time&quot;: &quot;2022-02-22T10:41:52.244Z&quot;,
                &quot;status&quot;: &quot;PENDING&quot;
            },
            {
                &quot;time&quot;: &quot;2022-02-22T10:41:52.268Z&quot;,
                &quot;status&quot;: &quot;SEND&quot;
            },
            {
                &quot;time&quot;: &quot;2022-02-22T10:41:52.298Z&quot;,
                &quot;status&quot;: &quot;DELIVERED&quot;
            },
            {
                &quot;time&quot;: &quot;2022-02-22T10:42:16.769Z&quot;,
                &quot;status&quot;: &quot;PENDING&quot;
            },
            {
                &quot;time&quot;: &quot;2022-02-22T10:42:16.794Z&quot;,
                &quot;status&quot;: &quot;SEND&quot;
            },
            {
                &quot;time&quot;: &quot;2022-02-22T10:42:16.826Z&quot;,
                &quot;status&quot;: &quot;DELIVERED&quot;
            },
            {
                &quot;time&quot;: &quot;2022-02-22T10:55:33.558Z&quot;,
                &quot;status&quot;: &quot;PENDING&quot;
            },
            {
                &quot;time&quot;: &quot;2022-02-22T10:55:33.592Z&quot;,
                &quot;status&quot;: &quot;SEND&quot;
            },
            {
                &quot;time&quot;: &quot;2022-02-22T10:55:33.620Z&quot;,
                &quot;status&quot;: &quot;DELIVERED&quot;
            },
            {
                &quot;time&quot;: &quot;2022-02-22T10:58:10.748Z&quot;,
                &quot;status&quot;: &quot;PENDING&quot;
            },
            {
                &quot;time&quot;: &quot;2022-02-22T10:58:10.772Z&quot;,
                &quot;status&quot;: &quot;SEND&quot;
            },
            {
                &quot;time&quot;: &quot;2022-02-22T10:58:10.805Z&quot;,
                &quot;status&quot;: &quot;DELIVERED&quot;
            },
            {
                &quot;time&quot;: &quot;2022-02-22T10:58:33.317Z&quot;,
                &quot;status&quot;: &quot;PENDING&quot;
            },
            {
                &quot;time&quot;: &quot;2022-02-22T10:58:33.342Z&quot;,
                &quot;status&quot;: &quot;SEND&quot;
            },
            {
                &quot;time&quot;: &quot;2022-02-22T10:58:33.375Z&quot;,
                &quot;status&quot;: &quot;DELIVERED&quot;
            },
            {
                &quot;time&quot;: &quot;2022-02-22T11:01:09.552Z&quot;,
                &quot;status&quot;: &quot;PENDING&quot;
            },
            {
                &quot;time&quot;: &quot;2022-02-22T11:01:09.576Z&quot;,
                &quot;status&quot;: &quot;SEND&quot;
            }
        ],
        &quot;status&quot;: &quot;DELIVERED&quot;
    },
    &quot;creationTime&quot;: &quot;2022-02-22T10:28:38.549Z&quot;,
    &quot;deviceId&quot;: &quot;14471660&quot;,
    &quot;deviceName&quot;: &quot;octocatrpi3&quot;,
    &quot;self&quot;: &quot;https://t493319102.eu-latest.cumulocity.com/devicecontrol/operations/14471086&quot;,
    &quot;id&quot;: &quot;14471086&quot;,
    &quot;status&quot;: &quot;PENDING&quot;,
    &quot;c8y_LogfileRequest&quot;: {
        &quot;searchText&quot;: &quot;&quot;,
        &quot;logFile&quot;: &quot;software-management&quot;,
        &quot;dateTo&quot;: &quot;2021-11-21T18:55:49+0530&quot;,
        &quot;dateFrom&quot;: &quot;2021-11-15T18:55:49+0530&quot;,
        &quot;maximumLines&quot;: 300
    },
    &quot;description&quot;: &quot;Log file request&quot;
}
12:03:07 DEBUG Final URL of the request: https://thin-edge-io.eu-latest.cumulocity.com/devicecontrol/operations?deviceId=14471660&amp;pageSize=1&amp;revert=true&amp;dateFrom=1970-01-01T00%3A00%3A00.000Z
12:03:07 INFO  State of current operation: PENDING
12:03:07 DEBUG Final URL of the request: https://thin-edge-io.eu-latest.cumulocity.com/devicecontrol/operations?deviceId=14471660&amp;pageSize=1&amp;revert=true&amp;dateFrom=1970-01-01T00%3A00%3A00.000Z
12:03:07 DEBUG State of current operation: {
    &quot;delivery&quot;: {
        &quot;time&quot;: &quot;2022-02-22T11:01:09.608Z&quot;,
        &quot;log&quot;: [
            {
                &quot;time&quot;: &quot;2022-02-22T10:28:38.571Z&quot;,
                &quot;status&quot;: &quot;PENDING&quot;
            },
            {
                &quot;time&quot;: &quot;2022-02-22T10:28:38.580Z&quot;,
                &quot;status&quot;: &quot;SEND&quot;
            },
            {
                &quot;time&quot;: &quot;2022-02-22T10:28:38.612Z&quot;,
                &quot;status&quot;: &quot;DELIVERED&quot;
            },
            {
                &quot;time&quot;: &quot;2022-02-22T10:29:41.769Z&quot;,
                &quot;status&quot;: &quot;PENDING&quot;
            },
            {
                &quot;time&quot;: &quot;2022-02-22T10:29:41.789Z&quot;,
                &quot;status&quot;: &quot;SEND&quot;
            },
            {
                &quot;time&quot;: &quot;2022-02-22T10:29:41.820Z&quot;,
                &quot;status&quot;: &quot;DELIVERED&quot;
            },
            {
                &quot;time&quot;: &quot;2022-02-22T10:30:36.690Z&quot;,
                &quot;status&quot;: &quot;PENDING&quot;
            },
            {
                &quot;time&quot;: &quot;2022-02-22T10:30:36.714Z&quot;,
                &quot;status&quot;: &quot;SEND&quot;
            },
            {
                &quot;time&quot;: &quot;2022-02-22T10:30:36.753Z&quot;,
                &quot;status&quot;: &quot;DELIVERED&quot;
            },
            {
                &quot;time&quot;: &quot;2022-02-22T10:31:49.629Z&quot;,
                &quot;status&quot;: &quot;PENDING&quot;
            },
            {
                &quot;time&quot;: &quot;2022-02-22T10:31:49.654Z&quot;,
                &quot;status&quot;: &quot;SEND&quot;
            },
            {
                &quot;time&quot;: &quot;2022-02-22T10:31:49.686Z&quot;,
                &quot;status&quot;: &quot;DELIVERED&quot;
            },
            {
                &quot;time&quot;: &quot;2022-02-22T10:33:02.291Z&quot;,
                &quot;status&quot;: &quot;PENDING&quot;
            },
            {
                &quot;time&quot;: &quot;2022-02-22T10:33:02.316Z&quot;,
                &quot;status&quot;: &quot;SEND&quot;
            },
            {
                &quot;time&quot;: &quot;2022-02-22T10:33:02.347Z&quot;,
                &quot;status&quot;: &quot;DELIVERED&quot;
            },
            {
                &quot;time&quot;: &quot;2022-02-22T10:33:40.393Z&quot;,
                &quot;status&quot;: &quot;PENDING&quot;
            },
            {
                &quot;time&quot;: &quot;2022-02-22T10:33:40.416Z&quot;,
                &quot;status&quot;: &quot;SEND&quot;
            },
            {
                &quot;time&quot;: &quot;2022-02-22T10:33:40.449Z&quot;,
                &quot;status&quot;: &quot;DELIVERED&quot;
            },
            {
                &quot;time&quot;: &quot;2022-02-22T10:34:31.797Z&quot;,
                &quot;status&quot;: &quot;PENDING&quot;
            },
            {
                &quot;time&quot;: &quot;2022-02-22T10:34:31.818Z&quot;,
                &quot;status&quot;: &quot;SEND&quot;
            },
            {
                &quot;time&quot;: &quot;2022-02-22T10:34:31.850Z&quot;,
                &quot;status&quot;: &quot;DELIVERED&quot;
            },
            {
                &quot;time&quot;: &quot;2022-02-22T10:35:23.062Z&quot;,
                &quot;status&quot;: &quot;PENDING&quot;
            },
            {
                &quot;time&quot;: &quot;2022-02-22T10:35:23.084Z&quot;,
                &quot;status&quot;: &quot;SEND&quot;
            },
            {
                &quot;time&quot;: &quot;2022-02-22T10:35:23.118Z&quot;,
                &quot;status&quot;: &quot;DELIVERED&quot;
            },
            {
                &quot;time&quot;: &quot;2022-02-22T10:36:03.111Z&quot;,
                &quot;status&quot;: &quot;PENDING&quot;
            },
            {
                &quot;time&quot;: &quot;2022-02-22T10:36:03.134Z&quot;,
                &quot;status&quot;: &quot;SEND&quot;
            },
            {
                &quot;time&quot;: &quot;2022-02-22T10:36:03.168Z&quot;,
                &quot;status&quot;: &quot;DELIVERED&quot;
            },
            {
                &quot;time&quot;: &quot;2022-02-22T10:37:53.192Z&quot;,
                &quot;status&quot;: &quot;PENDING&quot;
            },
            {
                &quot;time&quot;: &quot;2022-02-22T10:37:53.212Z&quot;,
                &quot;status&quot;: &quot;SEND&quot;
            },
            {
                &quot;time&quot;: &quot;2022-02-22T10:37:53.247Z&quot;,
                &quot;status&quot;: &quot;DELIVERED&quot;
            },
            {
                &quot;time&quot;: &quot;2022-02-22T10:39:48.337Z&quot;,
                &quot;status&quot;: &quot;PENDING&quot;
            },
            {
                &quot;time&quot;: &quot;2022-02-22T10:39:48.361Z&quot;,
                &quot;status&quot;: &quot;SEND&quot;
            },
            {
                &quot;time&quot;: &quot;2022-02-22T10:39:48.394Z&quot;,
                &quot;status&quot;: &quot;DELIVERED&quot;
            },
            {
                &quot;time&quot;: &quot;2022-02-22T10:40:10.264Z&quot;,
                &quot;status&quot;: &quot;PENDING&quot;
            },
            {
                &quot;time&quot;: &quot;2022-02-22T10:40:10.288Z&quot;,
                &quot;status&quot;: &quot;SEND&quot;
            },
            {
                &quot;time&quot;: &quot;2022-02-22T10:40:10.320Z&quot;,
                &quot;status&quot;: &quot;DELIVERED&quot;
            },
            {
                &quot;time&quot;: &quot;2022-02-22T10:40:32.184Z&quot;,
                &quot;status&quot;: &quot;PENDING&quot;
            },
            {
                &quot;time&quot;: &quot;2022-02-22T10:40:32.212Z&quot;,
                &quot;status&quot;: &quot;SEND&quot;
            },
            {
                &quot;time&quot;: &quot;2022-02-22T10:40:32.245Z&quot;,
                &quot;status&quot;: &quot;DELIVERED&quot;
            },
            {
                &quot;time&quot;: &quot;2022-02-22T10:40:54.910Z&quot;,
                &quot;status&quot;: &quot;PENDING&quot;
            },
            {
                &quot;time&quot;: &quot;2022-02-22T10:40:54.935Z&quot;,
                &quot;status&quot;: &quot;SEND&quot;
            },
            {
                &quot;time&quot;: &quot;2022-02-22T10:40:54.967Z&quot;,
                &quot;status&quot;: &quot;DELIVERED&quot;
            },
            {
                &quot;time&quot;: &quot;2022-02-22T10:41:29.467Z&quot;,
                &quot;status&quot;: &quot;PENDING&quot;
            },
            {
                &quot;time&quot;: &quot;2022-02-22T10:41:29.492Z&quot;,
                &quot;status&quot;: &quot;SEND&quot;
            },
            {
                &quot;time&quot;: &quot;2022-02-22T10:41:29.524Z&quot;,
                &quot;status&quot;: &quot;DELIVERED&quot;
            },
            {
                &quot;time&quot;: &quot;2022-02-22T10:41:52.244Z&quot;,
                &quot;status&quot;: &quot;PENDING&quot;
            },
            {
                &quot;time&quot;: &quot;2022-02-22T10:41:52.268Z&quot;,
                &quot;status&quot;: &quot;SEND&quot;
            },
            {
                &quot;time&quot;: &quot;2022-02-22T10:41:52.298Z&quot;,
                &quot;status&quot;: &quot;DELIVERED&quot;
            },
            {
                &quot;time&quot;: &quot;2022-02-22T10:42:16.769Z&quot;,
                &quot;status&quot;: &quot;PENDING&quot;
            },
            {
                &quot;time&quot;: &quot;2022-02-22T10:42:16.794Z&quot;,
                &quot;status&quot;: &quot;SEND&quot;
            },
            {
                &quot;time&quot;: &quot;2022-02-22T10:42:16.826Z&quot;,
                &quot;status&quot;: &quot;DELIVERED&quot;
            },
            {
                &quot;time&quot;: &quot;2022-02-22T10:55:33.558Z&quot;,
                &quot;status&quot;: &quot;PENDING&quot;
            },
            {
                &quot;time&quot;: &quot;2022-02-22T10:55:33.592Z&quot;,
                &quot;status&quot;: &quot;SEND&quot;
            },
            {
                &quot;time&quot;: &quot;2022-02-22T10:55:33.620Z&quot;,
                &quot;status&quot;: &quot;DELIVERED&quot;
            },
            {
                &quot;time&quot;: &quot;2022-02-22T10:58:10.748Z&quot;,
                &quot;status&quot;: &quot;PENDING&quot;
            },
            {
                &quot;time&quot;: &quot;2022-02-22T10:58:10.772Z&quot;,
                &quot;status&quot;: &quot;SEND&quot;
            },
            {
                &quot;time&quot;: &quot;2022-02-22T10:58:10.805Z&quot;,
                &quot;status&quot;: &quot;DELIVERED&quot;
            },
            {
                &quot;time&quot;: &quot;2022-02-22T10:58:33.317Z&quot;,
                &quot;status&quot;: &quot;PENDING&quot;
            },
            {
                &quot;time&quot;: &quot;2022-02-22T10:58:33.342Z&quot;,
                &quot;status&quot;: &quot;SEND&quot;
            },
            {
                &quot;time&quot;: &quot;2022-02-22T10:58:33.375Z&quot;,
                &quot;status&quot;: &quot;DELIVERED&quot;
            },
            {
                &quot;time&quot;: &quot;2022-02-22T11:01:09.552Z&quot;,
                &quot;status&quot;: &quot;PENDING&quot;
            },
            {
                &quot;time&quot;: &quot;2022-02-22T11:01:09.576Z&quot;,
                &quot;status&quot;: &quot;SEND&quot;
            }
        ],
        &quot;status&quot;: &quot;DELIVERED&quot;
    },
    &quot;creationTime&quot;: &quot;2022-02-22T10:28:38.549Z&quot;,
    &quot;deviceId&quot;: &quot;14471660&quot;,
    &quot;deviceName&quot;: &quot;octocatrpi3&quot;,
    &quot;self&quot;: &quot;https://t493319102.eu-latest.cumulocity.com/devicecontrol/operations/14471086&quot;,
    &quot;id&quot;: &quot;14471086&quot;,
    &quot;status&quot;: &quot;PENDING&quot;,
    &quot;c8y_LogfileRequest&quot;: {
        &quot;searchText&quot;: &quot;&quot;,
        &quot;logFile&quot;: &quot;software-management&quot;,
        &quot;dateTo&quot;: &quot;2021-11-21T18:55:49+0530&quot;,
        &quot;dateFrom&quot;: &quot;2021-11-15T18:55:49+0530&quot;,
        &quot;maximumLines&quot;: 300
    },
    &quot;description&quot;: &quot;Log file request&quot;
}
12:03:09 DEBUG Final URL of the request: https://thin-edge-io.eu-latest.cumulocity.com/devicecontrol/operations?deviceId=14471660&amp;pageSize=1&amp;revert=true&amp;dateFrom=1970-01-01T00%3A00%3A00.000Z
12:03:09 INFO  State of current operation: PENDING
12:03:09 DEBUG Final URL of the request: https://thin-edge-io.eu-latest.cumulocity.com/devicecontrol/operations?deviceId=14471660&amp;pageSize=1&amp;revert=true&amp;dateFrom=1970-01-01T00%3A00%3A00.000Z
12:03:09 DEBUG State of current operation: {
    &quot;delivery&quot;: {
        &quot;time&quot;: &quot;2022-02-22T11:01:09.608Z&quot;,
        &quot;log&quot;: [
            {
                &quot;time&quot;: &quot;2022-02-22T10:28:38.571Z&quot;,
                &quot;status&quot;: &quot;PENDING&quot;
            },
            {
                &quot;time&quot;: &quot;2022-02-22T10:28:38.580Z&quot;,
                &quot;status&quot;: &quot;SEND&quot;
            },
            {
                &quot;time&quot;: &quot;2022-02-22T10:28:38.612Z&quot;,
                &quot;status&quot;: &quot;DELIVERED&quot;
            },
            {
                &quot;time&quot;: &quot;2022-02-22T10:29:41.769Z&quot;,
                &quot;status&quot;: &quot;PENDING&quot;
            },
            {
                &quot;time&quot;: &quot;2022-02-22T10:29:41.789Z&quot;,
                &quot;status&quot;: &quot;SEND&quot;
            },
            {
                &quot;time&quot;: &quot;2022-02-22T10:29:41.820Z&quot;,
                &quot;status&quot;: &quot;DELIVERED&quot;
            },
            {
                &quot;time&quot;: &quot;2022-02-22T10:30:36.690Z&quot;,
                &quot;status&quot;: &quot;PENDING&quot;
            },
            {
                &quot;time&quot;: &quot;2022-02-22T10:30:36.714Z&quot;,
                &quot;status&quot;: &quot;SEND&quot;
            },
            {
                &quot;time&quot;: &quot;2022-02-22T10:30:36.753Z&quot;,
                &quot;status&quot;: &quot;DELIVERED&quot;
            },
            {
                &quot;time&quot;: &quot;2022-02-22T10:31:49.629Z&quot;,
                &quot;status&quot;: &quot;PENDING&quot;
            },
            {
                &quot;time&quot;: &quot;2022-02-22T10:31:49.654Z&quot;,
                &quot;status&quot;: &quot;SEND&quot;
            },
            {
                &quot;time&quot;: &quot;2022-02-22T10:31:49.686Z&quot;,
                &quot;status&quot;: &quot;DELIVERED&quot;
            },
            {
                &quot;time&quot;: &quot;2022-02-22T10:33:02.291Z&quot;,
                &quot;status&quot;: &quot;PENDING&quot;
            },
            {
                &quot;time&quot;: &quot;2022-02-22T10:33:02.316Z&quot;,
                &quot;status&quot;: &quot;SEND&quot;
            },
            {
                &quot;time&quot;: &quot;2022-02-22T10:33:02.347Z&quot;,
                &quot;status&quot;: &quot;DELIVERED&quot;
            },
            {
                &quot;time&quot;: &quot;2022-02-22T10:33:40.393Z&quot;,
                &quot;status&quot;: &quot;PENDING&quot;
            },
            {
                &quot;time&quot;: &quot;2022-02-22T10:33:40.416Z&quot;,
                &quot;status&quot;: &quot;SEND&quot;
            },
            {
                &quot;time&quot;: &quot;2022-02-22T10:33:40.449Z&quot;,
                &quot;status&quot;: &quot;DELIVERED&quot;
            },
            {
                &quot;time&quot;: &quot;2022-02-22T10:34:31.797Z&quot;,
                &quot;status&quot;: &quot;PENDING&quot;
            },
            {
                &quot;time&quot;: &quot;2022-02-22T10:34:31.818Z&quot;,
                &quot;status&quot;: &quot;SEND&quot;
            },
            {
                &quot;time&quot;: &quot;2022-02-22T10:34:31.850Z&quot;,
                &quot;status&quot;: &quot;DELIVERED&quot;
            },
            {
                &quot;time&quot;: &quot;2022-02-22T10:35:23.062Z&quot;,
                &quot;status&quot;: &quot;PENDING&quot;
            },
            {
                &quot;time&quot;: &quot;2022-02-22T10:35:23.084Z&quot;,
                &quot;status&quot;: &quot;SEND&quot;
            },
            {
                &quot;time&quot;: &quot;2022-02-22T10:35:23.118Z&quot;,
                &quot;status&quot;: &quot;DELIVERED&quot;
            },
            {
                &quot;time&quot;: &quot;2022-02-22T10:36:03.111Z&quot;,
                &quot;status&quot;: &quot;PENDING&quot;
            },
            {
                &quot;time&quot;: &quot;2022-02-22T10:36:03.134Z&quot;,
                &quot;status&quot;: &quot;SEND&quot;
            },
            {
                &quot;time&quot;: &quot;2022-02-22T10:36:03.168Z&quot;,
                &quot;status&quot;: &quot;DELIVERED&quot;
            },
            {
                &quot;time&quot;: &quot;2022-02-22T10:37:53.192Z&quot;,
                &quot;status&quot;: &quot;PENDING&quot;
            },
            {
                &quot;time&quot;: &quot;2022-02-22T10:37:53.212Z&quot;,
                &quot;status&quot;: &quot;SEND&quot;
            },
            {
                &quot;time&quot;: &quot;2022-02-22T10:37:53.247Z&quot;,
                &quot;status&quot;: &quot;DELIVERED&quot;
            },
            {
                &quot;time&quot;: &quot;2022-02-22T10:39:48.337Z&quot;,
                &quot;status&quot;: &quot;PENDING&quot;
            },
            {
                &quot;time&quot;: &quot;2022-02-22T10:39:48.361Z&quot;,
                &quot;status&quot;: &quot;SEND&quot;
            },
            {
                &quot;time&quot;: &quot;2022-02-22T10:39:48.394Z&quot;,
                &quot;status&quot;: &quot;DELIVERED&quot;
            },
            {
                &quot;time&quot;: &quot;2022-02-22T10:40:10.264Z&quot;,
                &quot;status&quot;: &quot;PENDING&quot;
            },
            {
                &quot;time&quot;: &quot;2022-02-22T10:40:10.288Z&quot;,
                &quot;status&quot;: &quot;SEND&quot;
            },
            {
                &quot;time&quot;: &quot;2022-02-22T10:40:10.320Z&quot;,
                &quot;status&quot;: &quot;DELIVERED&quot;
            },
            {
                &quot;time&quot;: &quot;2022-02-22T10:40:32.184Z&quot;,
                &quot;status&quot;: &quot;PENDING&quot;
            },
            {
                &quot;time&quot;: &quot;2022-02-22T10:40:32.212Z&quot;,
                &quot;status&quot;: &quot;SEND&quot;
            },
            {
                &quot;time&quot;: &quot;2022-02-22T10:40:32.245Z&quot;,
                &quot;status&quot;: &quot;DELIVERED&quot;
            },
            {
                &quot;time&quot;: &quot;2022-02-22T10:40:54.910Z&quot;,
                &quot;status&quot;: &quot;PENDING&quot;
            },
            {
                &quot;time&quot;: &quot;2022-02-22T10:40:54.935Z&quot;,
                &quot;status&quot;: &quot;SEND&quot;
            },
            {
                &quot;time&quot;: &quot;2022-02-22T10:40:54.967Z&quot;,
                &quot;status&quot;: &quot;DELIVERED&quot;
            },
            {
                &quot;time&quot;: &quot;2022-02-22T10:41:29.467Z&quot;,
                &quot;status&quot;: &quot;PENDING&quot;
            },
            {
                &quot;time&quot;: &quot;2022-02-22T10:41:29.492Z&quot;,
                &quot;status&quot;: &quot;SEND&quot;
            },
            {
                &quot;time&quot;: &quot;2022-02-22T10:41:29.524Z&quot;,
                &quot;status&quot;: &quot;DELIVERED&quot;
            },
            {
                &quot;time&quot;: &quot;2022-02-22T10:41:52.244Z&quot;,
                &quot;status&quot;: &quot;PENDING&quot;
            },
            {
                &quot;time&quot;: &quot;2022-02-22T10:41:52.268Z&quot;,
                &quot;status&quot;: &quot;SEND&quot;
            },
            {
                &quot;time&quot;: &quot;2022-02-22T10:41:52.298Z&quot;,
                &quot;status&quot;: &quot;DELIVERED&quot;
            },
            {
                &quot;time&quot;: &quot;2022-02-22T10:42:16.769Z&quot;,
                &quot;status&quot;: &quot;PENDING&quot;
            },
            {
                &quot;time&quot;: &quot;2022-02-22T10:42:16.794Z&quot;,
                &quot;status&quot;: &quot;SEND&quot;
            },
            {
                &quot;time&quot;: &quot;2022-02-22T10:42:16.826Z&quot;,
                &quot;status&quot;: &quot;DELIVERED&quot;
            },
            {
                &quot;time&quot;: &quot;2022-02-22T10:55:33.558Z&quot;,
                &quot;status&quot;: &quot;PENDING&quot;
            },
            {
                &quot;time&quot;: &quot;2022-02-22T10:55:33.592Z&quot;,
                &quot;status&quot;: &quot;SEND&quot;
            },
            {
                &quot;time&quot;: &quot;2022-02-22T10:55:33.620Z&quot;,
                &quot;status&quot;: &quot;DELIVERED&quot;
            },
            {
                &quot;time&quot;: &quot;2022-02-22T10:58:10.748Z&quot;,
                &quot;status&quot;: &quot;PENDING&quot;
            },
            {
                &quot;time&quot;: &quot;2022-02-22T10:58:10.772Z&quot;,
                &quot;status&quot;: &quot;SEND&quot;
            },
            {
                &quot;time&quot;: &quot;2022-02-22T10:58:10.805Z&quot;,
                &quot;status&quot;: &quot;DELIVERED&quot;
            },
            {
                &quot;time&quot;: &quot;2022-02-22T10:58:33.317Z&quot;,
                &quot;status&quot;: &quot;PENDING&quot;
            },
            {
                &quot;time&quot;: &quot;2022-02-22T10:58:33.342Z&quot;,
                &quot;status&quot;: &quot;SEND&quot;
            },
            {
                &quot;time&quot;: &quot;2022-02-22T10:58:33.375Z&quot;,
                &quot;status&quot;: &quot;DELIVERED&quot;
            },
            {
                &quot;time&quot;: &quot;2022-02-22T11:01:09.552Z&quot;,
                &quot;status&quot;: &quot;PENDING&quot;
            },
            {
                &quot;time&quot;: &quot;2022-02-22T11:01:09.576Z&quot;,
                &quot;status&quot;: &quot;SEND&quot;
            }
        ],
        &quot;status&quot;: &quot;DELIVERED&quot;
    },
    &quot;creationTime&quot;: &quot;2022-02-22T10:28:38.549Z&quot;,
    &quot;deviceId&quot;: &quot;14471660&quot;,
    &quot;deviceName&quot;: &quot;octocatrpi3&quot;,
    &quot;self&quot;: &quot;https://t493319102.eu-latest.cumulocity.com/devicecontrol/operations/14471086&quot;,
    &quot;id&quot;: &quot;14471086&quot;,
    &quot;status&quot;: &quot;PENDING&quot;,
    &quot;c8y_LogfileRequest&quot;: {
        &quot;searchText&quot;: &quot;&quot;,
        &quot;logFile&quot;: &quot;software-management&quot;,
        &quot;dateTo&quot;: &quot;2021-11-21T18:55:49+0530&quot;,
        &quot;dateFrom&quot;: &quot;2021-11-15T18:55:49+0530&quot;,
        &quot;maximumLines&quot;: 300
    },
    &quot;description&quot;: &quot;Log file request&quot;
}
12:03:11 DEBUG Final URL of the request: https://thin-edge-io.eu-latest.cumulocity.com/devicecontrol/operations?deviceId=14471660&amp;pageSize=1&amp;revert=true&amp;dateFrom=1970-01-01T00%3A00%3A00.000Z
12:03:11 INFO  State of current operation: PENDING
12:03:11 DEBUG Final URL of the request: https://thin-edge-io.eu-latest.cumulocity.com/devicecontrol/operations?deviceId=14471660&amp;pageSize=1&amp;revert=true&amp;dateFrom=1970-01-01T00%3A00%3A00.000Z
12:03:11 DEBUG State of current operation: {
    &quot;delivery&quot;: {
        &quot;time&quot;: &quot;2022-02-22T11:01:09.608Z&quot;,
        &quot;log&quot;: [
            {
                &quot;time&quot;: &quot;2022-02-22T10:28:38.571Z&quot;,
                &quot;status&quot;: &quot;PENDING&quot;
            },
            {
                &quot;time&quot;: &quot;2022-02-22T10:28:38.580Z&quot;,
                &quot;status&quot;: &quot;SEND&quot;
            },
            {
                &quot;time&quot;: &quot;2022-02-22T10:28:38.612Z&quot;,
                &quot;status&quot;: &quot;DELIVERED&quot;
            },
            {
                &quot;time&quot;: &quot;2022-02-22T10:29:41.769Z&quot;,
                &quot;status&quot;: &quot;PENDING&quot;
            },
            {
                &quot;time&quot;: &quot;2022-02-22T10:29:41.789Z&quot;,
                &quot;status&quot;: &quot;SEND&quot;
            },
            {
                &quot;time&quot;: &quot;2022-02-22T10:29:41.820Z&quot;,
                &quot;status&quot;: &quot;DELIVERED&quot;
            },
            {
                &quot;time&quot;: &quot;2022-02-22T10:30:36.690Z&quot;,
                &quot;status&quot;: &quot;PENDING&quot;
            },
            {
                &quot;time&quot;: &quot;2022-02-22T10:30:36.714Z&quot;,
                &quot;status&quot;: &quot;SEND&quot;
            },
            {
                &quot;time&quot;: &quot;2022-02-22T10:30:36.753Z&quot;,
                &quot;status&quot;: &quot;DELIVERED&quot;
            },
            {
                &quot;time&quot;: &quot;2022-02-22T10:31:49.629Z&quot;,
                &quot;status&quot;: &quot;PENDING&quot;
            },
            {
                &quot;time&quot;: &quot;2022-02-22T10:31:49.654Z&quot;,
                &quot;status&quot;: &quot;SEND&quot;
            },
            {
                &quot;time&quot;: &quot;2022-02-22T10:31:49.686Z&quot;,
                &quot;status&quot;: &quot;DELIVERED&quot;
            },
            {
                &quot;time&quot;: &quot;2022-02-22T10:33:02.291Z&quot;,
                &quot;status&quot;: &quot;PENDING&quot;
            },
            {
                &quot;time&quot;: &quot;2022-02-22T10:33:02.316Z&quot;,
                &quot;status&quot;: &quot;SEND&quot;
            },
            {
                &quot;time&quot;: &quot;2022-02-22T10:33:02.347Z&quot;,
                &quot;status&quot;: &quot;DELIVERED&quot;
            },
            {
                &quot;time&quot;: &quot;2022-02-22T10:33:40.393Z&quot;,
                &quot;status&quot;: &quot;PENDING&quot;
            },
            {
                &quot;time&quot;: &quot;2022-02-22T10:33:40.416Z&quot;,
                &quot;status&quot;: &quot;SEND&quot;
            },
            {
                &quot;time&quot;: &quot;2022-02-22T10:33:40.449Z&quot;,
                &quot;status&quot;: &quot;DELIVERED&quot;
            },
            {
                &quot;time&quot;: &quot;2022-02-22T10:34:31.797Z&quot;,
                &quot;status&quot;: &quot;PENDING&quot;
            },
            {
                &quot;time&quot;: &quot;2022-02-22T10:34:31.818Z&quot;,
                &quot;status&quot;: &quot;SEND&quot;
            },
            {
                &quot;time&quot;: &quot;2022-02-22T10:34:31.850Z&quot;,
                &quot;status&quot;: &quot;DELIVERED&quot;
            },
            {
                &quot;time&quot;: &quot;2022-02-22T10:35:23.062Z&quot;,
                &quot;status&quot;: &quot;PENDING&quot;
            },
            {
                &quot;time&quot;: &quot;2022-02-22T10:35:23.084Z&quot;,
                &quot;status&quot;: &quot;SEND&quot;
            },
            {
                &quot;time&quot;: &quot;2022-02-22T10:35:23.118Z&quot;,
                &quot;status&quot;: &quot;DELIVERED&quot;
            },
            {
                &quot;time&quot;: &quot;2022-02-22T10:36:03.111Z&quot;,
                &quot;status&quot;: &quot;PENDING&quot;
            },
            {
                &quot;time&quot;: &quot;2022-02-22T10:36:03.134Z&quot;,
                &quot;status&quot;: &quot;SEND&quot;
            },
            {
                &quot;time&quot;: &quot;2022-02-22T10:36:03.168Z&quot;,
                &quot;status&quot;: &quot;DELIVERED&quot;
            },
            {
                &quot;time&quot;: &quot;2022-02-22T10:37:53.192Z&quot;,
                &quot;status&quot;: &quot;PENDING&quot;
            },
            {
                &quot;time&quot;: &quot;2022-02-22T10:37:53.212Z&quot;,
                &quot;status&quot;: &quot;SEND&quot;
            },
            {
                &quot;time&quot;: &quot;2022-02-22T10:37:53.247Z&quot;,
                &quot;status&quot;: &quot;DELIVERED&quot;
            },
            {
                &quot;time&quot;: &quot;2022-02-22T10:39:48.337Z&quot;,
                &quot;status&quot;: &quot;PENDING&quot;
            },
            {
                &quot;time&quot;: &quot;2022-02-22T10:39:48.361Z&quot;,
                &quot;status&quot;: &quot;SEND&quot;
            },
            {
                &quot;time&quot;: &quot;2022-02-22T10:39:48.394Z&quot;,
                &quot;status&quot;: &quot;DELIVERED&quot;
            },
            {
                &quot;time&quot;: &quot;2022-02-22T10:40:10.264Z&quot;,
                &quot;status&quot;: &quot;PENDING&quot;
            },
            {
                &quot;time&quot;: &quot;2022-02-22T10:40:10.288Z&quot;,
                &quot;status&quot;: &quot;SEND&quot;
            },
            {
                &quot;time&quot;: &quot;2022-02-22T10:40:10.320Z&quot;,
                &quot;status&quot;: &quot;DELIVERED&quot;
            },
            {
                &quot;time&quot;: &quot;2022-02-22T10:40:32.184Z&quot;,
                &quot;status&quot;: &quot;PENDING&quot;
            },
            {
                &quot;time&quot;: &quot;2022-02-22T10:40:32.212Z&quot;,
                &quot;status&quot;: &quot;SEND&quot;
            },
            {
                &quot;time&quot;: &quot;2022-02-22T10:40:32.245Z&quot;,
                &quot;status&quot;: &quot;DELIVERED&quot;
            },
            {
                &quot;time&quot;: &quot;2022-02-22T10:40:54.910Z&quot;,
                &quot;status&quot;: &quot;PENDING&quot;
            },
            {
                &quot;time&quot;: &quot;2022-02-22T10:40:54.935Z&quot;,
                &quot;status&quot;: &quot;SEND&quot;
            },
            {
                &quot;time&quot;: &quot;2022-02-22T10:40:54.967Z&quot;,
                &quot;status&quot;: &quot;DELIVERED&quot;
            },
            {
                &quot;time&quot;: &quot;2022-02-22T10:41:29.467Z&quot;,
                &quot;status&quot;: &quot;PENDING&quot;
            },
            {
                &quot;time&quot;: &quot;2022-02-22T10:41:29.492Z&quot;,
                &quot;status&quot;: &quot;SEND&quot;
            },
            {
                &quot;time&quot;: &quot;2022-02-22T10:41:29.524Z&quot;,
                &quot;status&quot;: &quot;DELIVERED&quot;
            },
            {
                &quot;time&quot;: &quot;2022-02-22T10:41:52.244Z&quot;,
                &quot;status&quot;: &quot;PENDING&quot;
            },
            {
                &quot;time&quot;: &quot;2022-02-22T10:41:52.268Z&quot;,
                &quot;status&quot;: &quot;SEND&quot;
            },
            {
                &quot;time&quot;: &quot;2022-02-22T10:41:52.298Z&quot;,
                &quot;status&quot;: &quot;DELIVERED&quot;
            },
            {
                &quot;time&quot;: &quot;2022-02-22T10:42:16.769Z&quot;,
                &quot;status&quot;: &quot;PENDING&quot;
            },
            {
                &quot;time&quot;: &quot;2022-02-22T10:42:16.794Z&quot;,
                &quot;status&quot;: &quot;SEND&quot;
            },
            {
                &quot;time&quot;: &quot;2022-02-22T10:42:16.826Z&quot;,
                &quot;status&quot;: &quot;DELIVERED&quot;
            },
            {
                &quot;time&quot;: &quot;2022-02-22T10:55:33.558Z&quot;,
                &quot;status&quot;: &quot;PENDING&quot;
            },
            {
                &quot;time&quot;: &quot;2022-02-22T10:55:33.592Z&quot;,
                &quot;status&quot;: &quot;SEND&quot;
            },
            {
                &quot;time&quot;: &quot;2022-02-22T10:55:33.620Z&quot;,
                &quot;status&quot;: &quot;DELIVERED&quot;
            },
            {
                &quot;time&quot;: &quot;2022-02-22T10:58:10.748Z&quot;,
                &quot;status&quot;: &quot;PENDING&quot;
            },
            {
                &quot;time&quot;: &quot;2022-02-22T10:58:10.772Z&quot;,
                &quot;status&quot;: &quot;SEND&quot;
            },
            {
                &quot;time&quot;: &quot;2022-02-22T10:58:10.805Z&quot;,
                &quot;status&quot;: &quot;DELIVERED&quot;
            },
            {
                &quot;time&quot;: &quot;2022-02-22T10:58:33.317Z&quot;,
                &quot;status&quot;: &quot;PENDING&quot;
            },
            {
                &quot;time&quot;: &quot;2022-02-22T10:58:33.342Z&quot;,
                &quot;status&quot;: &quot;SEND&quot;
            },
            {
                &quot;time&quot;: &quot;2022-02-22T10:58:33.375Z&quot;,
                &quot;status&quot;: &quot;DELIVERED&quot;
            },
            {
                &quot;time&quot;: &quot;2022-02-22T11:01:09.552Z&quot;,
                &quot;status&quot;: &quot;PENDING&quot;
            },
            {
                &quot;time&quot;: &quot;2022-02-22T11:01:09.576Z&quot;,
                &quot;status&quot;: &quot;SEND&quot;
            }
        ],
        &quot;status&quot;: &quot;DELIVERED&quot;
    },
    &quot;creationTime&quot;: &quot;2022-02-22T10:28:38.549Z&quot;,
    &quot;deviceId&quot;: &quot;14471660&quot;,
    &quot;deviceName&quot;: &quot;octocatrpi3&quot;,
    &quot;self&quot;: &quot;https://t493319102.eu-latest.cumulocity.com/devicecontrol/operations/14471086&quot;,
    &quot;id&quot;: &quot;14471086&quot;,
    &quot;status&quot;: &quot;PENDING&quot;,
    &quot;c8y_LogfileRequest&quot;: {
        &quot;searchText&quot;: &quot;&quot;,
        &quot;logFile&quot;: &quot;software-management&quot;,
        &quot;dateTo&quot;: &quot;2021-11-21T18:55:49+0530&quot;,
        &quot;dateFrom&quot;: &quot;2021-11-15T18:55:49+0530&quot;,
        &quot;maximumLines&quot;: 300
    },
    &quot;description&quot;: &quot;Log file request&quot;
}
12:03:14 DEBUG Final URL of the request: https://thin-edge-io.eu-latest.cumulocity.com/devicecontrol/operations?deviceId=14471660&amp;pageSize=1&amp;revert=true&amp;dateFrom=1970-01-01T00%3A00%3A00.000Z
12:03:14 INFO  State of current operation: PENDING
12:03:14 DEBUG Final URL of the request: https://thin-edge-io.eu-latest.cumulocity.com/devicecontrol/operations?deviceId=14471660&amp;pageSize=1&amp;revert=true&amp;dateFrom=1970-01-01T00%3A00%3A00.000Z
12:03:14 DEBUG State of current operation: {
    &quot;delivery&quot;: {
        &quot;time&quot;: &quot;2022-02-22T11:01:09.608Z&quot;,
        &quot;log&quot;: [
            {
                &quot;time&quot;: &quot;2022-02-22T10:28:38.571Z&quot;,
                &quot;status&quot;: &quot;PENDING&quot;
            },
            {
                &quot;time&quot;: &quot;2022-02-22T10:28:38.580Z&quot;,
                &quot;status&quot;: &quot;SEND&quot;
            },
            {
                &quot;time&quot;: &quot;2022-02-22T10:28:38.612Z&quot;,
                &quot;status&quot;: &quot;DELIVERED&quot;
            },
            {
                &quot;time&quot;: &quot;2022-02-22T10:29:41.769Z&quot;,
                &quot;status&quot;: &quot;PENDING&quot;
            },
            {
                &quot;time&quot;: &quot;2022-02-22T10:29:41.789Z&quot;,
                &quot;status&quot;: &quot;SEND&quot;
            },
            {
                &quot;time&quot;: &quot;2022-02-22T10:29:41.820Z&quot;,
                &quot;status&quot;: &quot;DELIVERED&quot;
            },
            {
                &quot;time&quot;: &quot;2022-02-22T10:30:36.690Z&quot;,
                &quot;status&quot;: &quot;PENDING&quot;
            },
            {
                &quot;time&quot;: &quot;2022-02-22T10:30:36.714Z&quot;,
                &quot;status&quot;: &quot;SEND&quot;
            },
            {
                &quot;time&quot;: &quot;2022-02-22T10:30:36.753Z&quot;,
                &quot;status&quot;: &quot;DELIVERED&quot;
            },
            {
                &quot;time&quot;: &quot;2022-02-22T10:31:49.629Z&quot;,
                &quot;status&quot;: &quot;PENDING&quot;
            },
            {
                &quot;time&quot;: &quot;2022-02-22T10:31:49.654Z&quot;,
                &quot;status&quot;: &quot;SEND&quot;
            },
            {
                &quot;time&quot;: &quot;2022-02-22T10:31:49.686Z&quot;,
                &quot;status&quot;: &quot;DELIVERED&quot;
            },
            {
                &quot;time&quot;: &quot;2022-02-22T10:33:02.291Z&quot;,
                &quot;status&quot;: &quot;PENDING&quot;
            },
            {
                &quot;time&quot;: &quot;2022-02-22T10:33:02.316Z&quot;,
                &quot;status&quot;: &quot;SEND&quot;
            },
            {
                &quot;time&quot;: &quot;2022-02-22T10:33:02.347Z&quot;,
                &quot;status&quot;: &quot;DELIVERED&quot;
            },
            {
                &quot;time&quot;: &quot;2022-02-22T10:33:40.393Z&quot;,
                &quot;status&quot;: &quot;PENDING&quot;
            },
            {
                &quot;time&quot;: &quot;2022-02-22T10:33:40.416Z&quot;,
                &quot;status&quot;: &quot;SEND&quot;
            },
            {
                &quot;time&quot;: &quot;2022-02-22T10:33:40.449Z&quot;,
                &quot;status&quot;: &quot;DELIVERED&quot;
            },
            {
                &quot;time&quot;: &quot;2022-02-22T10:34:31.797Z&quot;,
                &quot;status&quot;: &quot;PENDING&quot;
            },
            {
                &quot;time&quot;: &quot;2022-02-22T10:34:31.818Z&quot;,
                &quot;status&quot;: &quot;SEND&quot;
            },
            {
                &quot;time&quot;: &quot;2022-02-22T10:34:31.850Z&quot;,
                &quot;status&quot;: &quot;DELIVERED&quot;
            },
            {
                &quot;time&quot;: &quot;2022-02-22T10:35:23.062Z&quot;,
                &quot;status&quot;: &quot;PENDING&quot;
            },
            {
                &quot;time&quot;: &quot;2022-02-22T10:35:23.084Z&quot;,
                &quot;status&quot;: &quot;SEND&quot;
            },
            {
                &quot;time&quot;: &quot;2022-02-22T10:35:23.118Z&quot;,
                &quot;status&quot;: &quot;DELIVERED&quot;
            },
            {
                &quot;time&quot;: &quot;2022-02-22T10:36:03.111Z&quot;,
                &quot;status&quot;: &quot;PENDING&quot;
            },
            {
                &quot;time&quot;: &quot;2022-02-22T10:36:03.134Z&quot;,
                &quot;status&quot;: &quot;SEND&quot;
            },
            {
                &quot;time&quot;: &quot;2022-02-22T10:36:03.168Z&quot;,
                &quot;status&quot;: &quot;DELIVERED&quot;
            },
            {
                &quot;time&quot;: &quot;2022-02-22T10:37:53.192Z&quot;,
                &quot;status&quot;: &quot;PENDING&quot;
            },
            {
                &quot;time&quot;: &quot;2022-02-22T10:37:53.212Z&quot;,
                &quot;status&quot;: &quot;SEND&quot;
            },
            {
                &quot;time&quot;: &quot;2022-02-22T10:37:53.247Z&quot;,
                &quot;status&quot;: &quot;DELIVERED&quot;
            },
            {
                &quot;time&quot;: &quot;2022-02-22T10:39:48.337Z&quot;,
                &quot;status&quot;: &quot;PENDING&quot;
            },
            {
                &quot;time&quot;: &quot;2022-02-22T10:39:48.361Z&quot;,
                &quot;status&quot;: &quot;SEND&quot;
            },
            {
                &quot;time&quot;: &quot;2022-02-22T10:39:48.394Z&quot;,
                &quot;status&quot;: &quot;DELIVERED&quot;
            },
            {
                &quot;time&quot;: &quot;2022-02-22T10:40:10.264Z&quot;,
                &quot;status&quot;: &quot;PENDING&quot;
            },
            {
                &quot;time&quot;: &quot;2022-02-22T10:40:10.288Z&quot;,
                &quot;status&quot;: &quot;SEND&quot;
            },
            {
                &quot;time&quot;: &quot;2022-02-22T10:40:10.320Z&quot;,
                &quot;status&quot;: &quot;DELIVERED&quot;
            },
            {
                &quot;time&quot;: &quot;2022-02-22T10:40:32.184Z&quot;,
                &quot;status&quot;: &quot;PENDING&quot;
            },
            {
                &quot;time&quot;: &quot;2022-02-22T10:40:32.212Z&quot;,
                &quot;status&quot;: &quot;SEND&quot;
            },
            {
                &quot;time&quot;: &quot;2022-02-22T10:40:32.245Z&quot;,
                &quot;status&quot;: &quot;DELIVERED&quot;
            },
            {
                &quot;time&quot;: &quot;2022-02-22T10:40:54.910Z&quot;,
                &quot;status&quot;: &quot;PENDING&quot;
            },
            {
                &quot;time&quot;: &quot;2022-02-22T10:40:54.935Z&quot;,
                &quot;status&quot;: &quot;SEND&quot;
            },
            {
                &quot;time&quot;: &quot;2022-02-22T10:40:54.967Z&quot;,
                &quot;status&quot;: &quot;DELIVERED&quot;
            },
            {
                &quot;time&quot;: &quot;2022-02-22T10:41:29.467Z&quot;,
                &quot;status&quot;: &quot;PENDING&quot;
            },
            {
                &quot;time&quot;: &quot;2022-02-22T10:41:29.492Z&quot;,
                &quot;status&quot;: &quot;SEND&quot;
            },
            {
                &quot;time&quot;: &quot;2022-02-22T10:41:29.524Z&quot;,
                &quot;status&quot;: &quot;DELIVERED&quot;
            },
            {
                &quot;time&quot;: &quot;2022-02-22T10:41:52.244Z&quot;,
                &quot;status&quot;: &quot;PENDING&quot;
            },
            {
                &quot;time&quot;: &quot;2022-02-22T10:41:52.268Z&quot;,
                &quot;status&quot;: &quot;SEND&quot;
            },
            {
                &quot;time&quot;: &quot;2022-02-22T10:41:52.298Z&quot;,
                &quot;status&quot;: &quot;DELIVERED&quot;
            },
            {
                &quot;time&quot;: &quot;2022-02-22T10:42:16.769Z&quot;,
                &quot;status&quot;: &quot;PENDING&quot;
            },
            {
                &quot;time&quot;: &quot;2022-02-22T10:42:16.794Z&quot;,
                &quot;status&quot;: &quot;SEND&quot;
            },
            {
                &quot;time&quot;: &quot;2022-02-22T10:42:16.826Z&quot;,
                &quot;status&quot;: &quot;DELIVERED&quot;
            },
            {
                &quot;time&quot;: &quot;2022-02-22T10:55:33.558Z&quot;,
                &quot;status&quot;: &quot;PENDING&quot;
            },
            {
                &quot;time&quot;: &quot;2022-02-22T10:55:33.592Z&quot;,
                &quot;status&quot;: &quot;SEND&quot;
            },
            {
                &quot;time&quot;: &quot;2022-02-22T10:55:33.620Z&quot;,
                &quot;status&quot;: &quot;DELIVERED&quot;
            },
            {
                &quot;time&quot;: &quot;2022-02-22T10:58:10.748Z&quot;,
                &quot;status&quot;: &quot;PENDING&quot;
            },
            {
                &quot;time&quot;: &quot;2022-02-22T10:58:10.772Z&quot;,
                &quot;status&quot;: &quot;SEND&quot;
            },
            {
                &quot;time&quot;: &quot;2022-02-22T10:58:10.805Z&quot;,
                &quot;status&quot;: &quot;DELIVERED&quot;
            },
            {
                &quot;time&quot;: &quot;2022-02-22T10:58:33.317Z&quot;,
                &quot;status&quot;: &quot;PENDING&quot;
            },
            {
                &quot;time&quot;: &quot;2022-02-22T10:58:33.342Z&quot;,
                &quot;status&quot;: &quot;SEND&quot;
            },
            {
                &quot;time&quot;: &quot;2022-02-22T10:58:33.375Z&quot;,
                &quot;status&quot;: &quot;DELIVERED&quot;
            },
            {
                &quot;time&quot;: &quot;2022-02-22T11:01:09.552Z&quot;,
                &quot;status&quot;: &quot;PENDING&quot;
            },
            {
                &quot;time&quot;: &quot;2022-02-22T11:01:09.576Z&quot;,
                &quot;status&quot;: &quot;SEND&quot;
            }
        ],
        &quot;status&quot;: &quot;DELIVERED&quot;
    },
    &quot;creationTime&quot;: &quot;2022-02-22T10:28:38.549Z&quot;,
    &quot;deviceId&quot;: &quot;14471660&quot;,
    &quot;deviceName&quot;: &quot;octocatrpi3&quot;,
    &quot;self&quot;: &quot;https://t493319102.eu-latest.cumulocity.com/devicecontrol/operations/14471086&quot;,
    &quot;id&quot;: &quot;14471086&quot;,
    &quot;status&quot;: &quot;PENDING&quot;,
    &quot;c8y_LogfileRequest&quot;: {
        &quot;searchText&quot;: &quot;&quot;,
        &quot;logFile&quot;: &quot;software-management&quot;,
        &quot;dateTo&quot;: &quot;2021-11-21T18:55:49+0530&quot;,
        &quot;dateFrom&quot;: &quot;2021-11-15T18:55:49+0530&quot;,
        &quot;maximumLines&quot;: 300
    },
    &quot;description&quot;: &quot;Log file request&quot;
}
12:03:16 DEBUG Final URL of the request: https://thin-edge-io.eu-latest.cumulocity.com/devicecontrol/operations?deviceId=14471660&amp;pageSize=1&amp;revert=true&amp;dateFrom=1970-01-01T00%3A00%3A00.000Z
12:03:16 INFO  State of current operation: PENDING
12:03:16 DEBUG Final URL of the request: https://thin-edge-io.eu-latest.cumulocity.com/devicecontrol/operations?deviceId=14471660&amp;pageSize=1&amp;revert=true&amp;dateFrom=1970-01-01T00%3A00%3A00.000Z
12:03:16 DEBUG State of current operation: {
    &quot;delivery&quot;: {
        &quot;time&quot;: &quot;2022-02-22T11:01:09.608Z&quot;,
        &quot;log&quot;: [
            {
                &quot;time&quot;: &quot;2022-02-22T10:28:38.571Z&quot;,
                &quot;status&quot;: &quot;PENDING&quot;
            },
            {
                &quot;time&quot;: &quot;2022-02-22T10:28:38.580Z&quot;,
                &quot;status&quot;: &quot;SEND&quot;
            },
            {
                &quot;time&quot;: &quot;2022-02-22T10:28:38.612Z&quot;,
                &quot;status&quot;: &quot;DELIVERED&quot;
            },
            {
                &quot;time&quot;: &quot;2022-02-22T10:29:41.769Z&quot;,
                &quot;status&quot;: &quot;PENDING&quot;
            },
            {
                &quot;time&quot;: &quot;2022-02-22T10:29:41.789Z&quot;,
                &quot;status&quot;: &quot;SEND&quot;
            },
            {
                &quot;time&quot;: &quot;2022-02-22T10:29:41.820Z&quot;,
                &quot;status&quot;: &quot;DELIVERED&quot;
            },
            {
                &quot;time&quot;: &quot;2022-02-22T10:30:36.690Z&quot;,
                &quot;status&quot;: &quot;PENDING&quot;
            },
            {
                &quot;time&quot;: &quot;2022-02-22T10:30:36.714Z&quot;,
                &quot;status&quot;: &quot;SEND&quot;
            },
            {
                &quot;time&quot;: &quot;2022-02-22T10:30:36.753Z&quot;,
                &quot;status&quot;: &quot;DELIVERED&quot;
            },
            {
                &quot;time&quot;: &quot;2022-02-22T10:31:49.629Z&quot;,
                &quot;status&quot;: &quot;PENDING&quot;
            },
            {
                &quot;time&quot;: &quot;2022-02-22T10:31:49.654Z&quot;,
                &quot;status&quot;: &quot;SEND&quot;
            },
            {
                &quot;time&quot;: &quot;2022-02-22T10:31:49.686Z&quot;,
                &quot;status&quot;: &quot;DELIVERED&quot;
            },
            {
                &quot;time&quot;: &quot;2022-02-22T10:33:02.291Z&quot;,
                &quot;status&quot;: &quot;PENDING&quot;
            },
            {
                &quot;time&quot;: &quot;2022-02-22T10:33:02.316Z&quot;,
                &quot;status&quot;: &quot;SEND&quot;
            },
            {
                &quot;time&quot;: &quot;2022-02-22T10:33:02.347Z&quot;,
                &quot;status&quot;: &quot;DELIVERED&quot;
            },
            {
                &quot;time&quot;: &quot;2022-02-22T10:33:40.393Z&quot;,
                &quot;status&quot;: &quot;PENDING&quot;
            },
            {
                &quot;time&quot;: &quot;2022-02-22T10:33:40.416Z&quot;,
                &quot;status&quot;: &quot;SEND&quot;
            },
            {
                &quot;time&quot;: &quot;2022-02-22T10:33:40.449Z&quot;,
                &quot;status&quot;: &quot;DELIVERED&quot;
            },
            {
                &quot;time&quot;: &quot;2022-02-22T10:34:31.797Z&quot;,
                &quot;status&quot;: &quot;PENDING&quot;
            },
            {
                &quot;time&quot;: &quot;2022-02-22T10:34:31.818Z&quot;,
                &quot;status&quot;: &quot;SEND&quot;
            },
            {
                &quot;time&quot;: &quot;2022-02-22T10:34:31.850Z&quot;,
                &quot;status&quot;: &quot;DELIVERED&quot;
            },
            {
                &quot;time&quot;: &quot;2022-02-22T10:35:23.062Z&quot;,
                &quot;status&quot;: &quot;PENDING&quot;
            },
            {
                &quot;time&quot;: &quot;2022-02-22T10:35:23.084Z&quot;,
                &quot;status&quot;: &quot;SEND&quot;
            },
            {
                &quot;time&quot;: &quot;2022-02-22T10:35:23.118Z&quot;,
                &quot;status&quot;: &quot;DELIVERED&quot;
            },
            {
                &quot;time&quot;: &quot;2022-02-22T10:36:03.111Z&quot;,
                &quot;status&quot;: &quot;PENDING&quot;
            },
            {
                &quot;time&quot;: &quot;2022-02-22T10:36:03.134Z&quot;,
                &quot;status&quot;: &quot;SEND&quot;
            },
            {
                &quot;time&quot;: &quot;2022-02-22T10:36:03.168Z&quot;,
                &quot;status&quot;: &quot;DELIVERED&quot;
            },
            {
                &quot;time&quot;: &quot;2022-02-22T10:37:53.192Z&quot;,
                &quot;status&quot;: &quot;PENDING&quot;
            },
            {
                &quot;time&quot;: &quot;2022-02-22T10:37:53.212Z&quot;,
                &quot;status&quot;: &quot;SEND&quot;
            },
            {
                &quot;time&quot;: &quot;2022-02-22T10:37:53.247Z&quot;,
                &quot;status&quot;: &quot;DELIVERED&quot;
            },
            {
                &quot;time&quot;: &quot;2022-02-22T10:39:48.337Z&quot;,
                &quot;status&quot;: &quot;PENDING&quot;
            },
            {
                &quot;time&quot;: &quot;2022-02-22T10:39:48.361Z&quot;,
                &quot;status&quot;: &quot;SEND&quot;
            },
            {
                &quot;time&quot;: &quot;2022-02-22T10:39:48.394Z&quot;,
                &quot;status&quot;: &quot;DELIVERED&quot;
            },
            {
                &quot;time&quot;: &quot;2022-02-22T10:40:10.264Z&quot;,
                &quot;status&quot;: &quot;PENDING&quot;
            },
            {
                &quot;time&quot;: &quot;2022-02-22T10:40:10.288Z&quot;,
                &quot;status&quot;: &quot;SEND&quot;
            },
            {
                &quot;time&quot;: &quot;2022-02-22T10:40:10.320Z&quot;,
                &quot;status&quot;: &quot;DELIVERED&quot;
            },
            {
                &quot;time&quot;: &quot;2022-02-22T10:40:32.184Z&quot;,
                &quot;status&quot;: &quot;PENDING&quot;
            },
            {
                &quot;time&quot;: &quot;2022-02-22T10:40:32.212Z&quot;,
                &quot;status&quot;: &quot;SEND&quot;
            },
            {
                &quot;time&quot;: &quot;2022-02-22T10:40:32.245Z&quot;,
                &quot;status&quot;: &quot;DELIVERED&quot;
            },
            {
                &quot;time&quot;: &quot;2022-02-22T10:40:54.910Z&quot;,
                &quot;status&quot;: &quot;PENDING&quot;
            },
            {
                &quot;time&quot;: &quot;2022-02-22T10:40:54.935Z&quot;,
                &quot;status&quot;: &quot;SEND&quot;
            },
            {
                &quot;time&quot;: &quot;2022-02-22T10:40:54.967Z&quot;,
                &quot;status&quot;: &quot;DELIVERED&quot;
            },
            {
                &quot;time&quot;: &quot;2022-02-22T10:41:29.467Z&quot;,
                &quot;status&quot;: &quot;PENDING&quot;
            },
            {
                &quot;time&quot;: &quot;2022-02-22T10:41:29.492Z&quot;,
                &quot;status&quot;: &quot;SEND&quot;
            },
            {
                &quot;time&quot;: &quot;2022-02-22T10:41:29.524Z&quot;,
                &quot;status&quot;: &quot;DELIVERED&quot;
            },
            {
                &quot;time&quot;: &quot;2022-02-22T10:41:52.244Z&quot;,
                &quot;status&quot;: &quot;PENDING&quot;
            },
            {
                &quot;time&quot;: &quot;2022-02-22T10:41:52.268Z&quot;,
                &quot;status&quot;: &quot;SEND&quot;
            },
            {
                &quot;time&quot;: &quot;2022-02-22T10:41:52.298Z&quot;,
                &quot;status&quot;: &quot;DELIVERED&quot;
            },
            {
                &quot;time&quot;: &quot;2022-02-22T10:42:16.769Z&quot;,
                &quot;status&quot;: &quot;PENDING&quot;
            },
            {
                &quot;time&quot;: &quot;2022-02-22T10:42:16.794Z&quot;,
                &quot;status&quot;: &quot;SEND&quot;
            },
            {
                &quot;time&quot;: &quot;2022-02-22T10:42:16.826Z&quot;,
                &quot;status&quot;: &quot;DELIVERED&quot;
            },
            {
                &quot;time&quot;: &quot;2022-02-22T10:55:33.558Z&quot;,
                &quot;status&quot;: &quot;PENDING&quot;
            },
            {
                &quot;time&quot;: &quot;2022-02-22T10:55:33.592Z&quot;,
                &quot;status&quot;: &quot;SEND&quot;
            },
            {
                &quot;time&quot;: &quot;2022-02-22T10:55:33.620Z&quot;,
                &quot;status&quot;: &quot;DELIVERED&quot;
            },
            {
                &quot;time&quot;: &quot;2022-02-22T10:58:10.748Z&quot;,
                &quot;status&quot;: &quot;PENDING&quot;
            },
            {
                &quot;time&quot;: &quot;2022-02-22T10:58:10.772Z&quot;,
                &quot;status&quot;: &quot;SEND&quot;
            },
            {
                &quot;time&quot;: &quot;2022-02-22T10:58:10.805Z&quot;,
                &quot;status&quot;: &quot;DELIVERED&quot;
            },
            {
                &quot;time&quot;: &quot;2022-02-22T10:58:33.317Z&quot;,
                &quot;status&quot;: &quot;PENDING&quot;
            },
            {
                &quot;time&quot;: &quot;2022-02-22T10:58:33.342Z&quot;,
                &quot;status&quot;: &quot;SEND&quot;
            },
            {
                &quot;time&quot;: &quot;2022-02-22T10:58:33.375Z&quot;,
                &quot;status&quot;: &quot;DELIVERED&quot;
            },
            {
                &quot;time&quot;: &quot;2022-02-22T11:01:09.552Z&quot;,
                &quot;status&quot;: &quot;PENDING&quot;
            },
            {
                &quot;time&quot;: &quot;2022-02-22T11:01:09.576Z&quot;,
                &quot;status&quot;: &quot;SEND&quot;
            }
        ],
        &quot;status&quot;: &quot;DELIVERED&quot;
    },
    &quot;creationTime&quot;: &quot;2022-02-22T10:28:38.549Z&quot;,
    &quot;deviceId&quot;: &quot;14471660&quot;,
    &quot;deviceName&quot;: &quot;octocatrpi3&quot;,
    &quot;self&quot;: &quot;https://t493319102.eu-latest.cumulocity.com/devicecontrol/operations/14471086&quot;,
    &quot;id&quot;: &quot;14471086&quot;,
    &quot;status&quot;: &quot;PENDING&quot;,
    &quot;c8y_LogfileRequest&quot;: {
        &quot;searchText&quot;: &quot;&quot;,
        &quot;logFile&quot;: &quot;software-management&quot;,
        &quot;dateTo&quot;: &quot;2021-11-21T18:55:49+0530&quot;,
        &quot;dateFrom&quot;: &quot;2021-11-15T18:55:49+0530&quot;,
        &quot;maximumLines&quot;: 300
    },
    &quot;description&quot;: &quot;Log file request&quot;
}
12:03:18 DEBUG Final URL of the request: https://thin-edge-io.eu-latest.cumulocity.com/devicecontrol/operations?deviceId=14471660&amp;pageSize=1&amp;revert=true&amp;dateFrom=1970-01-01T00%3A00%3A00.000Z
12:03:18 INFO  State of current operation: PENDING
12:03:18 DEBUG Final URL of the request: https://thin-edge-io.eu-latest.cumulocity.com/devicecontrol/operations?deviceId=14471660&amp;pageSize=1&amp;revert=true&amp;dateFrom=1970-01-01T00%3A00%3A00.000Z
12:03:18 DEBUG State of current operation: {
    &quot;delivery&quot;: {
        &quot;time&quot;: &quot;2022-02-22T11:01:09.608Z&quot;,
        &quot;log&quot;: [
            {
                &quot;time&quot;: &quot;2022-02-22T10:28:38.571Z&quot;,
                &quot;status&quot;: &quot;PENDING&quot;
            },
            {
                &quot;time&quot;: &quot;2022-02-22T10:28:38.580Z&quot;,
                &quot;status&quot;: &quot;SEND&quot;
            },
            {
                &quot;time&quot;: &quot;2022-02-22T10:28:38.612Z&quot;,
                &quot;status&quot;: &quot;DELIVERED&quot;
            },
            {
                &quot;time&quot;: &quot;2022-02-22T10:29:41.769Z&quot;,
                &quot;status&quot;: &quot;PENDING&quot;
            },
            {
                &quot;time&quot;: &quot;2022-02-22T10:29:41.789Z&quot;,
                &quot;status&quot;: &quot;SEND&quot;
            },
            {
                &quot;time&quot;: &quot;2022-02-22T10:29:41.820Z&quot;,
                &quot;status&quot;: &quot;DELIVERED&quot;
            },
            {
                &quot;time&quot;: &quot;2022-02-22T10:30:36.690Z&quot;,
                &quot;status&quot;: &quot;PENDING&quot;
            },
            {
                &quot;time&quot;: &quot;2022-02-22T10:30:36.714Z&quot;,
                &quot;status&quot;: &quot;SEND&quot;
            },
            {
                &quot;time&quot;: &quot;2022-02-22T10:30:36.753Z&quot;,
                &quot;status&quot;: &quot;DELIVERED&quot;
            },
            {
                &quot;time&quot;: &quot;2022-02-22T10:31:49.629Z&quot;,
                &quot;status&quot;: &quot;PENDING&quot;
            },
            {
                &quot;time&quot;: &quot;2022-02-22T10:31:49.654Z&quot;,
                &quot;status&quot;: &quot;SEND&quot;
            },
            {
                &quot;time&quot;: &quot;2022-02-22T10:31:49.686Z&quot;,
                &quot;status&quot;: &quot;DELIVERED&quot;
            },
            {
                &quot;time&quot;: &quot;2022-02-22T10:33:02.291Z&quot;,
                &quot;status&quot;: &quot;PENDING&quot;
            },
            {
                &quot;time&quot;: &quot;2022-02-22T10:33:02.316Z&quot;,
                &quot;status&quot;: &quot;SEND&quot;
            },
            {
                &quot;time&quot;: &quot;2022-02-22T10:33:02.347Z&quot;,
                &quot;status&quot;: &quot;DELIVERED&quot;
            },
            {
                &quot;time&quot;: &quot;2022-02-22T10:33:40.393Z&quot;,
                &quot;status&quot;: &quot;PENDING&quot;
            },
            {
                &quot;time&quot;: &quot;2022-02-22T10:33:40.416Z&quot;,
                &quot;status&quot;: &quot;SEND&quot;
            },
            {
                &quot;time&quot;: &quot;2022-02-22T10:33:40.449Z&quot;,
                &quot;status&quot;: &quot;DELIVERED&quot;
            },
            {
                &quot;time&quot;: &quot;2022-02-22T10:34:31.797Z&quot;,
                &quot;status&quot;: &quot;PENDING&quot;
            },
            {
                &quot;time&quot;: &quot;2022-02-22T10:34:31.818Z&quot;,
                &quot;status&quot;: &quot;SEND&quot;
            },
            {
                &quot;time&quot;: &quot;2022-02-22T10:34:31.850Z&quot;,
                &quot;status&quot;: &quot;DELIVERED&quot;
            },
            {
                &quot;time&quot;: &quot;2022-02-22T10:35:23.062Z&quot;,
                &quot;status&quot;: &quot;PENDING&quot;
            },
            {
                &quot;time&quot;: &quot;2022-02-22T10:35:23.084Z&quot;,
                &quot;status&quot;: &quot;SEND&quot;
            },
            {
                &quot;time&quot;: &quot;2022-02-22T10:35:23.118Z&quot;,
                &quot;status&quot;: &quot;DELIVERED&quot;
            },
            {
                &quot;time&quot;: &quot;2022-02-22T10:36:03.111Z&quot;,
                &quot;status&quot;: &quot;PENDING&quot;
            },
            {
                &quot;time&quot;: &quot;2022-02-22T10:36:03.134Z&quot;,
                &quot;status&quot;: &quot;SEND&quot;
            },
            {
                &quot;time&quot;: &quot;2022-02-22T10:36:03.168Z&quot;,
                &quot;status&quot;: &quot;DELIVERED&quot;
            },
            {
                &quot;time&quot;: &quot;2022-02-22T10:37:53.192Z&quot;,
                &quot;status&quot;: &quot;PENDING&quot;
            },
            {
                &quot;time&quot;: &quot;2022-02-22T10:37:53.212Z&quot;,
                &quot;status&quot;: &quot;SEND&quot;
            },
            {
                &quot;time&quot;: &quot;2022-02-22T10:37:53.247Z&quot;,
                &quot;status&quot;: &quot;DELIVERED&quot;
            },
            {
                &quot;time&quot;: &quot;2022-02-22T10:39:48.337Z&quot;,
                &quot;status&quot;: &quot;PENDING&quot;
            },
            {
                &quot;time&quot;: &quot;2022-02-22T10:39:48.361Z&quot;,
                &quot;status&quot;: &quot;SEND&quot;
            },
            {
                &quot;time&quot;: &quot;2022-02-22T10:39:48.394Z&quot;,
                &quot;status&quot;: &quot;DELIVERED&quot;
            },
            {
                &quot;time&quot;: &quot;2022-02-22T10:40:10.264Z&quot;,
                &quot;status&quot;: &quot;PENDING&quot;
            },
            {
                &quot;time&quot;: &quot;2022-02-22T10:40:10.288Z&quot;,
                &quot;status&quot;: &quot;SEND&quot;
            },
            {
                &quot;time&quot;: &quot;2022-02-22T10:40:10.320Z&quot;,
                &quot;status&quot;: &quot;DELIVERED&quot;
            },
            {
                &quot;time&quot;: &quot;2022-02-22T10:40:32.184Z&quot;,
                &quot;status&quot;: &quot;PENDING&quot;
            },
            {
                &quot;time&quot;: &quot;2022-02-22T10:40:32.212Z&quot;,
                &quot;status&quot;: &quot;SEND&quot;
            },
            {
                &quot;time&quot;: &quot;2022-02-22T10:40:32.245Z&quot;,
                &quot;status&quot;: &quot;DELIVERED&quot;
            },
            {
                &quot;time&quot;: &quot;2022-02-22T10:40:54.910Z&quot;,
                &quot;status&quot;: &quot;PENDING&quot;
            },
            {
                &quot;time&quot;: &quot;2022-02-22T10:40:54.935Z&quot;,
                &quot;status&quot;: &quot;SEND&quot;
            },
            {
                &quot;time&quot;: &quot;2022-02-22T10:40:54.967Z&quot;,
                &quot;status&quot;: &quot;DELIVERED&quot;
            },
            {
                &quot;time&quot;: &quot;2022-02-22T10:41:29.467Z&quot;,
                &quot;status&quot;: &quot;PENDING&quot;
            },
            {
                &quot;time&quot;: &quot;2022-02-22T10:41:29.492Z&quot;,
                &quot;status&quot;: &quot;SEND&quot;
            },
            {
                &quot;time&quot;: &quot;2022-02-22T10:41:29.524Z&quot;,
                &quot;status&quot;: &quot;DELIVERED&quot;
            },
            {
                &quot;time&quot;: &quot;2022-02-22T10:41:52.244Z&quot;,
                &quot;status&quot;: &quot;PENDING&quot;
            },
            {
                &quot;time&quot;: &quot;2022-02-22T10:41:52.268Z&quot;,
                &quot;status&quot;: &quot;SEND&quot;
            },
            {
                &quot;time&quot;: &quot;2022-02-22T10:41:52.298Z&quot;,
                &quot;status&quot;: &quot;DELIVERED&quot;
            },
            {
                &quot;time&quot;: &quot;2022-02-22T10:42:16.769Z&quot;,
                &quot;status&quot;: &quot;PENDING&quot;
            },
            {
                &quot;time&quot;: &quot;2022-02-22T10:42:16.794Z&quot;,
                &quot;status&quot;: &quot;SEND&quot;
            },
            {
                &quot;time&quot;: &quot;2022-02-22T10:42:16.826Z&quot;,
                &quot;status&quot;: &quot;DELIVERED&quot;
            },
            {
                &quot;time&quot;: &quot;2022-02-22T10:55:33.558Z&quot;,
                &quot;status&quot;: &quot;PENDING&quot;
            },
            {
                &quot;time&quot;: &quot;2022-02-22T10:55:33.592Z&quot;,
                &quot;status&quot;: &quot;SEND&quot;
            },
            {
                &quot;time&quot;: &quot;2022-02-22T10:55:33.620Z&quot;,
                &quot;status&quot;: &quot;DELIVERED&quot;
            },
            {
                &quot;time&quot;: &quot;2022-02-22T10:58:10.748Z&quot;,
                &quot;status&quot;: &quot;PENDING&quot;
            },
            {
                &quot;time&quot;: &quot;2022-02-22T10:58:10.772Z&quot;,
                &quot;status&quot;: &quot;SEND&quot;
            },
            {
                &quot;time&quot;: &quot;2022-02-22T10:58:10.805Z&quot;,
                &quot;status&quot;: &quot;DELIVERED&quot;
            },
            {
                &quot;time&quot;: &quot;2022-02-22T10:58:33.317Z&quot;,
                &quot;status&quot;: &quot;PENDING&quot;
            },
            {
                &quot;time&quot;: &quot;2022-02-22T10:58:33.342Z&quot;,
                &quot;status&quot;: &quot;SEND&quot;
            },
            {
                &quot;time&quot;: &quot;2022-02-22T10:58:33.375Z&quot;,
                &quot;status&quot;: &quot;DELIVERED&quot;
            },
            {
                &quot;time&quot;: &quot;2022-02-22T11:01:09.552Z&quot;,
                &quot;status&quot;: &quot;PENDING&quot;
            },
            {
                &quot;time&quot;: &quot;2022-02-22T11:01:09.576Z&quot;,
                &quot;status&quot;: &quot;SEND&quot;
            }
        ],
        &quot;status&quot;: &quot;DELIVERED&quot;
    },
    &quot;creationTime&quot;: &quot;2022-02-22T10:28:38.549Z&quot;,
    &quot;deviceId&quot;: &quot;14471660&quot;,
    &quot;deviceName&quot;: &quot;octocatrpi3&quot;,
    &quot;self&quot;: &quot;https://t493319102.eu-latest.cumulocity.com/devicecontrol/operations/14471086&quot;,
    &quot;id&quot;: &quot;14471086&quot;,
    &quot;status&quot;: &quot;PENDING&quot;,
    &quot;c8y_LogfileRequest&quot;: {
        &quot;searchText&quot;: &quot;&quot;,
        &quot;logFile&quot;: &quot;software-management&quot;,
        &quot;dateTo&quot;: &quot;2021-11-21T18:55:49+0530&quot;,
        &quot;dateFrom&quot;: &quot;2021-11-15T18:55:49+0530&quot;,
        &quot;maximumLines&quot;: 300
    },
    &quot;description&quot;: &quot;Log file request&quot;
}
12:03:20 DEBUG Final URL of the request: https://thin-edge-io.eu-latest.cumulocity.com/devicecontrol/operations?deviceId=14471660&amp;pageSize=1&amp;revert=true&amp;dateFrom=1970-01-01T00%3A00%3A00.000Z
12:03:20 INFO  State of current operation: PENDING
12:03:20 DEBUG Final URL of the request: https://thin-edge-io.eu-latest.cumulocity.com/devicecontrol/operations?deviceId=14471660&amp;pageSize=1&amp;revert=true&amp;dateFrom=1970-01-01T00%3A00%3A00.000Z
12:03:20 DEBUG State of current operation: {
    &quot;delivery&quot;: {
        &quot;time&quot;: &quot;2022-02-22T11:01:09.608Z&quot;,
        &quot;log&quot;: [
            {
                &quot;time&quot;: &quot;2022-02-22T10:28:38.571Z&quot;,
                &quot;status&quot;: &quot;PENDING&quot;
            },
            {
                &quot;time&quot;: &quot;2022-02-22T10:28:38.580Z&quot;,
                &quot;status&quot;: &quot;SEND&quot;
            },
            {
                &quot;time&quot;: &quot;2022-02-22T10:28:38.612Z&quot;,
                &quot;status&quot;: &quot;DELIVERED&quot;
            },
            {
                &quot;time&quot;: &quot;2022-02-22T10:29:41.769Z&quot;,
                &quot;status&quot;: &quot;PENDING&quot;
            },
            {
                &quot;time&quot;: &quot;2022-02-22T10:29:41.789Z&quot;,
                &quot;status&quot;: &quot;SEND&quot;
            },
            {
                &quot;time&quot;: &quot;2022-02-22T10:29:41.820Z&quot;,
                &quot;status&quot;: &quot;DELIVERED&quot;
            },
            {
                &quot;time&quot;: &quot;2022-02-22T10:30:36.690Z&quot;,
                &quot;status&quot;: &quot;PENDING&quot;
            },
            {
                &quot;time&quot;: &quot;2022-02-22T10:30:36.714Z&quot;,
                &quot;status&quot;: &quot;SEND&quot;
            },
            {
                &quot;time&quot;: &quot;2022-02-22T10:30:36.753Z&quot;,
                &quot;status&quot;: &quot;DELIVERED&quot;
            },
            {
                &quot;time&quot;: &quot;2022-02-22T10:31:49.629Z&quot;,
                &quot;status&quot;: &quot;PENDING&quot;
            },
            {
                &quot;time&quot;: &quot;2022-02-22T10:31:49.654Z&quot;,
                &quot;status&quot;: &quot;SEND&quot;
            },
            {
                &quot;time&quot;: &quot;2022-02-22T10:31:49.686Z&quot;,
                &quot;status&quot;: &quot;DELIVERED&quot;
            },
            {
                &quot;time&quot;: &quot;2022-02-22T10:33:02.291Z&quot;,
                &quot;status&quot;: &quot;PENDING&quot;
            },
            {
                &quot;time&quot;: &quot;2022-02-22T10:33:02.316Z&quot;,
                &quot;status&quot;: &quot;SEND&quot;
            },
            {
                &quot;time&quot;: &quot;2022-02-22T10:33:02.347Z&quot;,
                &quot;status&quot;: &quot;DELIVERED&quot;
            },
            {
                &quot;time&quot;: &quot;2022-02-22T10:33:40.393Z&quot;,
                &quot;status&quot;: &quot;PENDING&quot;
            },
            {
                &quot;time&quot;: &quot;2022-02-22T10:33:40.416Z&quot;,
                &quot;status&quot;: &quot;SEND&quot;
            },
            {
                &quot;time&quot;: &quot;2022-02-22T10:33:40.449Z&quot;,
                &quot;status&quot;: &quot;DELIVERED&quot;
            },
            {
                &quot;time&quot;: &quot;2022-02-22T10:34:31.797Z&quot;,
                &quot;status&quot;: &quot;PENDING&quot;
            },
            {
                &quot;time&quot;: &quot;2022-02-22T10:34:31.818Z&quot;,
                &quot;status&quot;: &quot;SEND&quot;
            },
            {
                &quot;time&quot;: &quot;2022-02-22T10:34:31.850Z&quot;,
                &quot;status&quot;: &quot;DELIVERED&quot;
            },
            {
                &quot;time&quot;: &quot;2022-02-22T10:35:23.062Z&quot;,
                &quot;status&quot;: &quot;PENDING&quot;
            },
            {
                &quot;time&quot;: &quot;2022-02-22T10:35:23.084Z&quot;,
                &quot;status&quot;: &quot;SEND&quot;
            },
            {
                &quot;time&quot;: &quot;2022-02-22T10:35:23.118Z&quot;,
                &quot;status&quot;: &quot;DELIVERED&quot;
            },
            {
                &quot;time&quot;: &quot;2022-02-22T10:36:03.111Z&quot;,
                &quot;status&quot;: &quot;PENDING&quot;
            },
            {
                &quot;time&quot;: &quot;2022-02-22T10:36:03.134Z&quot;,
                &quot;status&quot;: &quot;SEND&quot;
            },
            {
                &quot;time&quot;: &quot;2022-02-22T10:36:03.168Z&quot;,
                &quot;status&quot;: &quot;DELIVERED&quot;
            },
            {
                &quot;time&quot;: &quot;2022-02-22T10:37:53.192Z&quot;,
                &quot;status&quot;: &quot;PENDING&quot;
            },
            {
                &quot;time&quot;: &quot;2022-02-22T10:37:53.212Z&quot;,
                &quot;status&quot;: &quot;SEND&quot;
            },
            {
                &quot;time&quot;: &quot;2022-02-22T10:37:53.247Z&quot;,
                &quot;status&quot;: &quot;DELIVERED&quot;
            },
            {
                &quot;time&quot;: &quot;2022-02-22T10:39:48.337Z&quot;,
                &quot;status&quot;: &quot;PENDING&quot;
            },
            {
                &quot;time&quot;: &quot;2022-02-22T10:39:48.361Z&quot;,
                &quot;status&quot;: &quot;SEND&quot;
            },
            {
                &quot;time&quot;: &quot;2022-02-22T10:39:48.394Z&quot;,
                &quot;status&quot;: &quot;DELIVERED&quot;
            },
            {
                &quot;time&quot;: &quot;2022-02-22T10:40:10.264Z&quot;,
                &quot;status&quot;: &quot;PENDING&quot;
            },
            {
                &quot;time&quot;: &quot;2022-02-22T10:40:10.288Z&quot;,
                &quot;status&quot;: &quot;SEND&quot;
            },
            {
                &quot;time&quot;: &quot;2022-02-22T10:40:10.320Z&quot;,
                &quot;status&quot;: &quot;DELIVERED&quot;
            },
            {
                &quot;time&quot;: &quot;2022-02-22T10:40:32.184Z&quot;,
                &quot;status&quot;: &quot;PENDING&quot;
            },
            {
                &quot;time&quot;: &quot;2022-02-22T10:40:32.212Z&quot;,
                &quot;status&quot;: &quot;SEND&quot;
            },
            {
                &quot;time&quot;: &quot;2022-02-22T10:40:32.245Z&quot;,
                &quot;status&quot;: &quot;DELIVERED&quot;
            },
            {
                &quot;time&quot;: &quot;2022-02-22T10:40:54.910Z&quot;,
                &quot;status&quot;: &quot;PENDING&quot;
            },
            {
                &quot;time&quot;: &quot;2022-02-22T10:40:54.935Z&quot;,
                &quot;status&quot;: &quot;SEND&quot;
            },
            {
                &quot;time&quot;: &quot;2022-02-22T10:40:54.967Z&quot;,
                &quot;status&quot;: &quot;DELIVERED&quot;
            },
            {
                &quot;time&quot;: &quot;2022-02-22T10:41:29.467Z&quot;,
                &quot;status&quot;: &quot;PENDING&quot;
            },
            {
                &quot;time&quot;: &quot;2022-02-22T10:41:29.492Z&quot;,
                &quot;status&quot;: &quot;SEND&quot;
            },
            {
                &quot;time&quot;: &quot;2022-02-22T10:41:29.524Z&quot;,
                &quot;status&quot;: &quot;DELIVERED&quot;
            },
            {
                &quot;time&quot;: &quot;2022-02-22T10:41:52.244Z&quot;,
                &quot;status&quot;: &quot;PENDING&quot;
            },
            {
                &quot;time&quot;: &quot;2022-02-22T10:41:52.268Z&quot;,
                &quot;status&quot;: &quot;SEND&quot;
            },
            {
                &quot;time&quot;: &quot;2022-02-22T10:41:52.298Z&quot;,
                &quot;status&quot;: &quot;DELIVERED&quot;
            },
            {
                &quot;time&quot;: &quot;2022-02-22T10:42:16.769Z&quot;,
                &quot;status&quot;: &quot;PENDING&quot;
            },
            {
                &quot;time&quot;: &quot;2022-02-22T10:42:16.794Z&quot;,
                &quot;status&quot;: &quot;SEND&quot;
            },
            {
                &quot;time&quot;: &quot;2022-02-22T10:42:16.826Z&quot;,
                &quot;status&quot;: &quot;DELIVERED&quot;
            },
            {
                &quot;time&quot;: &quot;2022-02-22T10:55:33.558Z&quot;,
                &quot;status&quot;: &quot;PENDING&quot;
            },
            {
                &quot;time&quot;: &quot;2022-02-22T10:55:33.592Z&quot;,
                &quot;status&quot;: &quot;SEND&quot;
            },
            {
                &quot;time&quot;: &quot;2022-02-22T10:55:33.620Z&quot;,
                &quot;status&quot;: &quot;DELIVERED&quot;
            },
            {
                &quot;time&quot;: &quot;2022-02-22T10:58:10.748Z&quot;,
                &quot;status&quot;: &quot;PENDING&quot;
            },
            {
                &quot;time&quot;: &quot;2022-02-22T10:58:10.772Z&quot;,
                &quot;status&quot;: &quot;SEND&quot;
            },
            {
                &quot;time&quot;: &quot;2022-02-22T10:58:10.805Z&quot;,
                &quot;status&quot;: &quot;DELIVERED&quot;
            },
            {
                &quot;time&quot;: &quot;2022-02-22T10:58:33.317Z&quot;,
                &quot;status&quot;: &quot;PENDING&quot;
            },
            {
                &quot;time&quot;: &quot;2022-02-22T10:58:33.342Z&quot;,
                &quot;status&quot;: &quot;SEND&quot;
            },
            {
                &quot;time&quot;: &quot;2022-02-22T10:58:33.375Z&quot;,
                &quot;status&quot;: &quot;DELIVERED&quot;
            },
            {
                &quot;time&quot;: &quot;2022-02-22T11:01:09.552Z&quot;,
                &quot;status&quot;: &quot;PENDING&quot;
            },
            {
                &quot;time&quot;: &quot;2022-02-22T11:01:09.576Z&quot;,
                &quot;status&quot;: &quot;SEND&quot;
            }
        ],
        &quot;status&quot;: &quot;DELIVERED&quot;
    },
    &quot;creationTime&quot;: &quot;2022-02-22T10:28:38.549Z&quot;,
    &quot;deviceId&quot;: &quot;14471660&quot;,
    &quot;deviceName&quot;: &quot;octocatrpi3&quot;,
    &quot;self&quot;: &quot;https://t493319102.eu-latest.cumulocity.com/devicecontrol/operations/14471086&quot;,
    &quot;id&quot;: &quot;14471086&quot;,
    &quot;status&quot;: &quot;PENDING&quot;,
    &quot;c8y_LogfileRequest&quot;: {
        &quot;searchText&quot;: &quot;&quot;,
        &quot;logFile&quot;: &quot;software-management&quot;,
        &quot;dateTo&quot;: &quot;2021-11-21T18:55:49+0530&quot;,
        &quot;dateFrom&quot;: &quot;2021-11-15T18:55:49+0530&quot;,
        &quot;maximumLines&quot;: 300
    },
    &quot;description&quot;: &quot;Log file request&quot;
}
12:03:22 DEBUG Final URL of the request: https://thin-edge-io.eu-latest.cumulocity.com/devicecontrol/operations?deviceId=14471660&amp;pageSize=1&amp;revert=true&amp;dateFrom=1970-01-01T00%3A00%3A00.000Z
12:03:22 INFO  State of current operation: PENDING
12:03:22 DEBUG Final URL of the request: https://thin-edge-io.eu-latest.cumulocity.com/devicecontrol/operations?deviceId=14471660&amp;pageSize=1&amp;revert=true&amp;dateFrom=1970-01-01T00%3A00%3A00.000Z
12:03:22 DEBUG State of current operation: {
    &quot;delivery&quot;: {
        &quot;time&quot;: &quot;2022-02-22T11:01:09.608Z&quot;,
        &quot;log&quot;: [
            {
                &quot;time&quot;: &quot;2022-02-22T10:28:38.571Z&quot;,
                &quot;status&quot;: &quot;PENDING&quot;
            },
            {
                &quot;time&quot;: &quot;2022-02-22T10:28:38.580Z&quot;,
                &quot;status&quot;: &quot;SEND&quot;
            },
            {
                &quot;time&quot;: &quot;2022-02-22T10:28:38.612Z&quot;,
                &quot;status&quot;: &quot;DELIVERED&quot;
            },
            {
                &quot;time&quot;: &quot;2022-02-22T10:29:41.769Z&quot;,
                &quot;status&quot;: &quot;PENDING&quot;
            },
            {
                &quot;time&quot;: &quot;2022-02-22T10:29:41.789Z&quot;,
                &quot;status&quot;: &quot;SEND&quot;
            },
            {
                &quot;time&quot;: &quot;2022-02-22T10:29:41.820Z&quot;,
                &quot;status&quot;: &quot;DELIVERED&quot;
            },
            {
                &quot;time&quot;: &quot;2022-02-22T10:30:36.690Z&quot;,
                &quot;status&quot;: &quot;PENDING&quot;
            },
            {
                &quot;time&quot;: &quot;2022-02-22T10:30:36.714Z&quot;,
                &quot;status&quot;: &quot;SEND&quot;
            },
            {
                &quot;time&quot;: &quot;2022-02-22T10:30:36.753Z&quot;,
                &quot;status&quot;: &quot;DELIVERED&quot;
            },
            {
                &quot;time&quot;: &quot;2022-02-22T10:31:49.629Z&quot;,
                &quot;status&quot;: &quot;PENDING&quot;
            },
            {
                &quot;time&quot;: &quot;2022-02-22T10:31:49.654Z&quot;,
                &quot;status&quot;: &quot;SEND&quot;
            },
            {
                &quot;time&quot;: &quot;2022-02-22T10:31:49.686Z&quot;,
                &quot;status&quot;: &quot;DELIVERED&quot;
            },
            {
                &quot;time&quot;: &quot;2022-02-22T10:33:02.291Z&quot;,
                &quot;status&quot;: &quot;PENDING&quot;
            },
            {
                &quot;time&quot;: &quot;2022-02-22T10:33:02.316Z&quot;,
                &quot;status&quot;: &quot;SEND&quot;
            },
            {
                &quot;time&quot;: &quot;2022-02-22T10:33:02.347Z&quot;,
                &quot;status&quot;: &quot;DELIVERED&quot;
            },
            {
                &quot;time&quot;: &quot;2022-02-22T10:33:40.393Z&quot;,
                &quot;status&quot;: &quot;PENDING&quot;
            },
            {
                &quot;time&quot;: &quot;2022-02-22T10:33:40.416Z&quot;,
                &quot;status&quot;: &quot;SEND&quot;
            },
            {
                &quot;time&quot;: &quot;2022-02-22T10:33:40.449Z&quot;,
                &quot;status&quot;: &quot;DELIVERED&quot;
            },
            {
                &quot;time&quot;: &quot;2022-02-22T10:34:31.797Z&quot;,
                &quot;status&quot;: &quot;PENDING&quot;
            },
            {
                &quot;time&quot;: &quot;2022-02-22T10:34:31.818Z&quot;,
                &quot;status&quot;: &quot;SEND&quot;
            },
            {
                &quot;time&quot;: &quot;2022-02-22T10:34:31.850Z&quot;,
                &quot;status&quot;: &quot;DELIVERED&quot;
            },
            {
                &quot;time&quot;: &quot;2022-02-22T10:35:23.062Z&quot;,
                &quot;status&quot;: &quot;PENDING&quot;
            },
            {
                &quot;time&quot;: &quot;2022-02-22T10:35:23.084Z&quot;,
                &quot;status&quot;: &quot;SEND&quot;
            },
            {
                &quot;time&quot;: &quot;2022-02-22T10:35:23.118Z&quot;,
                &quot;status&quot;: &quot;DELIVERED&quot;
            },
            {
                &quot;time&quot;: &quot;2022-02-22T10:36:03.111Z&quot;,
                &quot;status&quot;: &quot;PENDING&quot;
            },
            {
                &quot;time&quot;: &quot;2022-02-22T10:36:03.134Z&quot;,
                &quot;status&quot;: &quot;SEND&quot;
            },
            {
                &quot;time&quot;: &quot;2022-02-22T10:36:03.168Z&quot;,
                &quot;status&quot;: &quot;DELIVERED&quot;
            },
            {
                &quot;time&quot;: &quot;2022-02-22T10:37:53.192Z&quot;,
                &quot;status&quot;: &quot;PENDING&quot;
            },
            {
                &quot;time&quot;: &quot;2022-02-22T10:37:53.212Z&quot;,
                &quot;status&quot;: &quot;SEND&quot;
            },
            {
                &quot;time&quot;: &quot;2022-02-22T10:37:53.247Z&quot;,
                &quot;status&quot;: &quot;DELIVERED&quot;
            },
            {
                &quot;time&quot;: &quot;2022-02-22T10:39:48.337Z&quot;,
                &quot;status&quot;: &quot;PENDING&quot;
            },
            {
                &quot;time&quot;: &quot;2022-02-22T10:39:48.361Z&quot;,
                &quot;status&quot;: &quot;SEND&quot;
            },
            {
                &quot;time&quot;: &quot;2022-02-22T10:39:48.394Z&quot;,
                &quot;status&quot;: &quot;DELIVERED&quot;
            },
            {
                &quot;time&quot;: &quot;2022-02-22T10:40:10.264Z&quot;,
                &quot;status&quot;: &quot;PENDING&quot;
            },
            {
                &quot;time&quot;: &quot;2022-02-22T10:40:10.288Z&quot;,
                &quot;status&quot;: &quot;SEND&quot;
            },
            {
                &quot;time&quot;: &quot;2022-02-22T10:40:10.320Z&quot;,
                &quot;status&quot;: &quot;DELIVERED&quot;
            },
            {
                &quot;time&quot;: &quot;2022-02-22T10:40:32.184Z&quot;,
                &quot;status&quot;: &quot;PENDING&quot;
            },
            {
                &quot;time&quot;: &quot;2022-02-22T10:40:32.212Z&quot;,
                &quot;status&quot;: &quot;SEND&quot;
            },
            {
                &quot;time&quot;: &quot;2022-02-22T10:40:32.245Z&quot;,
                &quot;status&quot;: &quot;DELIVERED&quot;
            },
            {
                &quot;time&quot;: &quot;2022-02-22T10:40:54.910Z&quot;,
                &quot;status&quot;: &quot;PENDING&quot;
            },
            {
                &quot;time&quot;: &quot;2022-02-22T10:40:54.935Z&quot;,
                &quot;status&quot;: &quot;SEND&quot;
            },
            {
                &quot;time&quot;: &quot;2022-02-22T10:40:54.967Z&quot;,
                &quot;status&quot;: &quot;DELIVERED&quot;
            },
            {
                &quot;time&quot;: &quot;2022-02-22T10:41:29.467Z&quot;,
                &quot;status&quot;: &quot;PENDING&quot;
            },
            {
                &quot;time&quot;: &quot;2022-02-22T10:41:29.492Z&quot;,
                &quot;status&quot;: &quot;SEND&quot;
            },
            {
                &quot;time&quot;: &quot;2022-02-22T10:41:29.524Z&quot;,
                &quot;status&quot;: &quot;DELIVERED&quot;
            },
            {
                &quot;time&quot;: &quot;2022-02-22T10:41:52.244Z&quot;,
                &quot;status&quot;: &quot;PENDING&quot;
            },
            {
                &quot;time&quot;: &quot;2022-02-22T10:41:52.268Z&quot;,
                &quot;status&quot;: &quot;SEND&quot;
            },
            {
                &quot;time&quot;: &quot;2022-02-22T10:41:52.298Z&quot;,
                &quot;status&quot;: &quot;DELIVERED&quot;
            },
            {
                &quot;time&quot;: &quot;2022-02-22T10:42:16.769Z&quot;,
                &quot;status&quot;: &quot;PENDING&quot;
            },
            {
                &quot;time&quot;: &quot;2022-02-22T10:42:16.794Z&quot;,
                &quot;status&quot;: &quot;SEND&quot;
            },
            {
                &quot;time&quot;: &quot;2022-02-22T10:42:16.826Z&quot;,
                &quot;status&quot;: &quot;DELIVERED&quot;
            },
            {
                &quot;time&quot;: &quot;2022-02-22T10:55:33.558Z&quot;,
                &quot;status&quot;: &quot;PENDING&quot;
            },
            {
                &quot;time&quot;: &quot;2022-02-22T10:55:33.592Z&quot;,
                &quot;status&quot;: &quot;SEND&quot;
            },
            {
                &quot;time&quot;: &quot;2022-02-22T10:55:33.620Z&quot;,
                &quot;status&quot;: &quot;DELIVERED&quot;
            },
            {
                &quot;time&quot;: &quot;2022-02-22T10:58:10.748Z&quot;,
                &quot;status&quot;: &quot;PENDING&quot;
            },
            {
                &quot;time&quot;: &quot;2022-02-22T10:58:10.772Z&quot;,
                &quot;status&quot;: &quot;SEND&quot;
            },
            {
                &quot;time&quot;: &quot;2022-02-22T10:58:10.805Z&quot;,
                &quot;status&quot;: &quot;DELIVERED&quot;
            },
            {
                &quot;time&quot;: &quot;2022-02-22T10:58:33.317Z&quot;,
                &quot;status&quot;: &quot;PENDING&quot;
            },
            {
                &quot;time&quot;: &quot;2022-02-22T10:58:33.342Z&quot;,
                &quot;status&quot;: &quot;SEND&quot;
            },
            {
                &quot;time&quot;: &quot;2022-02-22T10:58:33.375Z&quot;,
                &quot;status&quot;: &quot;DELIVERED&quot;
            },
            {
                &quot;time&quot;: &quot;2022-02-22T11:01:09.552Z&quot;,
                &quot;status&quot;: &quot;PENDING&quot;
            },
            {
                &quot;time&quot;: &quot;2022-02-22T11:01:09.576Z&quot;,
                &quot;status&quot;: &quot;SEND&quot;
            }
        ],
        &quot;status&quot;: &quot;DELIVERED&quot;
    },
    &quot;creationTime&quot;: &quot;2022-02-22T10:28:38.549Z&quot;,
    &quot;deviceId&quot;: &quot;14471660&quot;,
    &quot;deviceName&quot;: &quot;octocatrpi3&quot;,
    &quot;self&quot;: &quot;https://t493319102.eu-latest.cumulocity.com/devicecontrol/operations/14471086&quot;,
    &quot;id&quot;: &quot;14471086&quot;,
    &quot;status&quot;: &quot;PENDING&quot;,
    &quot;c8y_LogfileRequest&quot;: {
        &quot;searchText&quot;: &quot;&quot;,
        &quot;logFile&quot;: &quot;software-management&quot;,
        &quot;dateTo&quot;: &quot;2021-11-21T18:55:49+0530&quot;,
        &quot;dateFrom&quot;: &quot;2021-11-15T18:55:49+0530&quot;,
        &quot;maximumLines&quot;: 300
    },
    &quot;description&quot;: &quot;Log file request&quot;
}
12:03:25 DEBUG Final URL of the request: https://thin-edge-io.eu-latest.cumulocity.com/devicecontrol/operations?deviceId=14471660&amp;pageSize=1&amp;revert=true&amp;dateFrom=1970-01-01T00%3A00%3A00.000Z
12:03:25 INFO  State of current operation: PENDING
12:03:25 DEBUG Final URL of the request: https://thin-edge-io.eu-latest.cumulocity.com/devicecontrol/operations?deviceId=14471660&amp;pageSize=1&amp;revert=true&amp;dateFrom=1970-01-01T00%3A00%3A00.000Z
12:03:25 DEBUG State of current operation: {
    &quot;delivery&quot;: {
        &quot;time&quot;: &quot;2022-02-22T11:01:09.608Z&quot;,
        &quot;log&quot;: [
            {
                &quot;time&quot;: &quot;2022-02-22T10:28:38.571Z&quot;,
                &quot;status&quot;: &quot;PENDING&quot;
            },
            {
                &quot;time&quot;: &quot;2022-02-22T10:28:38.580Z&quot;,
                &quot;status&quot;: &quot;SEND&quot;
            },
            {
                &quot;time&quot;: &quot;2022-02-22T10:28:38.612Z&quot;,
                &quot;status&quot;: &quot;DELIVERED&quot;
            },
            {
                &quot;time&quot;: &quot;2022-02-22T10:29:41.769Z&quot;,
                &quot;status&quot;: &quot;PENDING&quot;
            },
            {
                &quot;time&quot;: &quot;2022-02-22T10:29:41.789Z&quot;,
                &quot;status&quot;: &quot;SEND&quot;
            },
            {
                &quot;time&quot;: &quot;2022-02-22T10:29:41.820Z&quot;,
                &quot;status&quot;: &quot;DELIVERED&quot;
            },
            {
                &quot;time&quot;: &quot;2022-02-22T10:30:36.690Z&quot;,
                &quot;status&quot;: &quot;PENDING&quot;
            },
            {
                &quot;time&quot;: &quot;2022-02-22T10:30:36.714Z&quot;,
                &quot;status&quot;: &quot;SEND&quot;
            },
            {
                &quot;time&quot;: &quot;2022-02-22T10:30:36.753Z&quot;,
                &quot;status&quot;: &quot;DELIVERED&quot;
            },
            {
                &quot;time&quot;: &quot;2022-02-22T10:31:49.629Z&quot;,
                &quot;status&quot;: &quot;PENDING&quot;
            },
            {
                &quot;time&quot;: &quot;2022-02-22T10:31:49.654Z&quot;,
                &quot;status&quot;: &quot;SEND&quot;
            },
            {
                &quot;time&quot;: &quot;2022-02-22T10:31:49.686Z&quot;,
                &quot;status&quot;: &quot;DELIVERED&quot;
            },
            {
                &quot;time&quot;: &quot;2022-02-22T10:33:02.291Z&quot;,
                &quot;status&quot;: &quot;PENDING&quot;
            },
            {
                &quot;time&quot;: &quot;2022-02-22T10:33:02.316Z&quot;,
                &quot;status&quot;: &quot;SEND&quot;
            },
            {
                &quot;time&quot;: &quot;2022-02-22T10:33:02.347Z&quot;,
                &quot;status&quot;: &quot;DELIVERED&quot;
            },
            {
                &quot;time&quot;: &quot;2022-02-22T10:33:40.393Z&quot;,
                &quot;status&quot;: &quot;PENDING&quot;
            },
            {
                &quot;time&quot;: &quot;2022-02-22T10:33:40.416Z&quot;,
                &quot;status&quot;: &quot;SEND&quot;
            },
            {
                &quot;time&quot;: &quot;2022-02-22T10:33:40.449Z&quot;,
                &quot;status&quot;: &quot;DELIVERED&quot;
            },
            {
                &quot;time&quot;: &quot;2022-02-22T10:34:31.797Z&quot;,
                &quot;status&quot;: &quot;PENDING&quot;
            },
            {
                &quot;time&quot;: &quot;2022-02-22T10:34:31.818Z&quot;,
                &quot;status&quot;: &quot;SEND&quot;
            },
            {
                &quot;time&quot;: &quot;2022-02-22T10:34:31.850Z&quot;,
                &quot;status&quot;: &quot;DELIVERED&quot;
            },
            {
                &quot;time&quot;: &quot;2022-02-22T10:35:23.062Z&quot;,
                &quot;status&quot;: &quot;PENDING&quot;
            },
            {
                &quot;time&quot;: &quot;2022-02-22T10:35:23.084Z&quot;,
                &quot;status&quot;: &quot;SEND&quot;
            },
            {
                &quot;time&quot;: &quot;2022-02-22T10:35:23.118Z&quot;,
                &quot;status&quot;: &quot;DELIVERED&quot;
            },
            {
                &quot;time&quot;: &quot;2022-02-22T10:36:03.111Z&quot;,
                &quot;status&quot;: &quot;PENDING&quot;
            },
            {
                &quot;time&quot;: &quot;2022-02-22T10:36:03.134Z&quot;,
                &quot;status&quot;: &quot;SEND&quot;
            },
            {
                &quot;time&quot;: &quot;2022-02-22T10:36:03.168Z&quot;,
                &quot;status&quot;: &quot;DELIVERED&quot;
            },
            {
                &quot;time&quot;: &quot;2022-02-22T10:37:53.192Z&quot;,
                &quot;status&quot;: &quot;PENDING&quot;
            },
            {
                &quot;time&quot;: &quot;2022-02-22T10:37:53.212Z&quot;,
                &quot;status&quot;: &quot;SEND&quot;
            },
            {
                &quot;time&quot;: &quot;2022-02-22T10:37:53.247Z&quot;,
                &quot;status&quot;: &quot;DELIVERED&quot;
            },
            {
                &quot;time&quot;: &quot;2022-02-22T10:39:48.337Z&quot;,
                &quot;status&quot;: &quot;PENDING&quot;
            },
            {
                &quot;time&quot;: &quot;2022-02-22T10:39:48.361Z&quot;,
                &quot;status&quot;: &quot;SEND&quot;
            },
            {
                &quot;time&quot;: &quot;2022-02-22T10:39:48.394Z&quot;,
                &quot;status&quot;: &quot;DELIVERED&quot;
            },
            {
                &quot;time&quot;: &quot;2022-02-22T10:40:10.264Z&quot;,
                &quot;status&quot;: &quot;PENDING&quot;
            },
            {
                &quot;time&quot;: &quot;2022-02-22T10:40:10.288Z&quot;,
                &quot;status&quot;: &quot;SEND&quot;
            },
            {
                &quot;time&quot;: &quot;2022-02-22T10:40:10.320Z&quot;,
                &quot;status&quot;: &quot;DELIVERED&quot;
            },
            {
                &quot;time&quot;: &quot;2022-02-22T10:40:32.184Z&quot;,
                &quot;status&quot;: &quot;PENDING&quot;
            },
            {
                &quot;time&quot;: &quot;2022-02-22T10:40:32.212Z&quot;,
                &quot;status&quot;: &quot;SEND&quot;
            },
            {
                &quot;time&quot;: &quot;2022-02-22T10:40:32.245Z&quot;,
                &quot;status&quot;: &quot;DELIVERED&quot;
            },
            {
                &quot;time&quot;: &quot;2022-02-22T10:40:54.910Z&quot;,
                &quot;status&quot;: &quot;PENDING&quot;
            },
            {
                &quot;time&quot;: &quot;2022-02-22T10:40:54.935Z&quot;,
                &quot;status&quot;: &quot;SEND&quot;
            },
            {
                &quot;time&quot;: &quot;2022-02-22T10:40:54.967Z&quot;,
                &quot;status&quot;: &quot;DELIVERED&quot;
            },
            {
                &quot;time&quot;: &quot;2022-02-22T10:41:29.467Z&quot;,
                &quot;status&quot;: &quot;PENDING&quot;
            },
            {
                &quot;time&quot;: &quot;2022-02-22T10:41:29.492Z&quot;,
                &quot;status&quot;: &quot;SEND&quot;
            },
            {
                &quot;time&quot;: &quot;2022-02-22T10:41:29.524Z&quot;,
                &quot;status&quot;: &quot;DELIVERED&quot;
            },
            {
                &quot;time&quot;: &quot;2022-02-22T10:41:52.244Z&quot;,
                &quot;status&quot;: &quot;PENDING&quot;
            },
            {
                &quot;time&quot;: &quot;2022-02-22T10:41:52.268Z&quot;,
                &quot;status&quot;: &quot;SEND&quot;
            },
            {
                &quot;time&quot;: &quot;2022-02-22T10:41:52.298Z&quot;,
                &quot;status&quot;: &quot;DELIVERED&quot;
            },
            {
                &quot;time&quot;: &quot;2022-02-22T10:42:16.769Z&quot;,
                &quot;status&quot;: &quot;PENDING&quot;
            },
            {
                &quot;time&quot;: &quot;2022-02-22T10:42:16.794Z&quot;,
                &quot;status&quot;: &quot;SEND&quot;
            },
            {
                &quot;time&quot;: &quot;2022-02-22T10:42:16.826Z&quot;,
                &quot;status&quot;: &quot;DELIVERED&quot;
            },
            {
                &quot;time&quot;: &quot;2022-02-22T10:55:33.558Z&quot;,
                &quot;status&quot;: &quot;PENDING&quot;
            },
            {
                &quot;time&quot;: &quot;2022-02-22T10:55:33.592Z&quot;,
                &quot;status&quot;: &quot;SEND&quot;
            },
            {
                &quot;time&quot;: &quot;2022-02-22T10:55:33.620Z&quot;,
                &quot;status&quot;: &quot;DELIVERED&quot;
            },
            {
                &quot;time&quot;: &quot;2022-02-22T10:58:10.748Z&quot;,
                &quot;status&quot;: &quot;PENDING&quot;
            },
            {
                &quot;time&quot;: &quot;2022-02-22T10:58:10.772Z&quot;,
                &quot;status&quot;: &quot;SEND&quot;
            },
            {
                &quot;time&quot;: &quot;2022-02-22T10:58:10.805Z&quot;,
                &quot;status&quot;: &quot;DELIVERED&quot;
            },
            {
                &quot;time&quot;: &quot;2022-02-22T10:58:33.317Z&quot;,
                &quot;status&quot;: &quot;PENDING&quot;
            },
            {
                &quot;time&quot;: &quot;2022-02-22T10:58:33.342Z&quot;,
                &quot;status&quot;: &quot;SEND&quot;
            },
            {
                &quot;time&quot;: &quot;2022-02-22T10:58:33.375Z&quot;,
                &quot;status&quot;: &quot;DELIVERED&quot;
            },
            {
                &quot;time&quot;: &quot;2022-02-22T11:01:09.552Z&quot;,
                &quot;status&quot;: &quot;PENDING&quot;
            },
            {
                &quot;time&quot;: &quot;2022-02-22T11:01:09.576Z&quot;,
                &quot;status&quot;: &quot;SEND&quot;
            }
        ],
        &quot;status&quot;: &quot;DELIVERED&quot;
    },
    &quot;creationTime&quot;: &quot;2022-02-22T10:28:38.549Z&quot;,
    &quot;deviceId&quot;: &quot;14471660&quot;,
    &quot;deviceName&quot;: &quot;octocatrpi3&quot;,
    &quot;self&quot;: &quot;https://t493319102.eu-latest.cumulocity.com/devicecontrol/operations/14471086&quot;,
    &quot;id&quot;: &quot;14471086&quot;,
    &quot;status&quot;: &quot;PENDING&quot;,
    &quot;c8y_LogfileRequest&quot;: {
        &quot;searchText&quot;: &quot;&quot;,
        &quot;logFile&quot;: &quot;software-management&quot;,
        &quot;dateTo&quot;: &quot;2021-11-21T18:55:49+0530&quot;,
        &quot;dateFrom&quot;: &quot;2021-11-15T18:55:49+0530&quot;,
        &quot;maximumLines&quot;: 300
    },
    &quot;description&quot;: &quot;Log file request&quot;
}
12:03:27 WARN  caught &lt;class 'SystemError'&gt; while running test: Timeout while waiting for status FAILED or SUCCESSFUL
Traceback (most recent call last):
  File &quot;/home/pi/env-pysys/lib/python3.7/site-packages/pysys/baserunner.py&quot;, line 1207, in __call__
    self.testObj.setup()
  File &quot;/home/pi/actions-runner/_work/thin-edge.io/thin-edge.io/tests/PySys/software_management_end_to_end/sm_apt_install_remove/run.py&quot;, line 27, in setup
    super().setup()
  File &quot;/home/pi/actions-runner/_work/thin-edge.io/thin-edge.io/tests/PySys/software_management_end_to_end/environment_sm_management.py&quot;, line 150, in setup
    self.wait_until_end()
  File &quot;/home/pi/actions-runner/_work/thin-edge.io/thin-edge.io/tests/PySys/software_management_end_to_end/environment_sm_management.py&quot;, line 332, in wait_until_end
    self.wait_until_status(&quot;FAILED&quot;, &quot;SUCCESSFUL&quot;)
  File &quot;/home/pi/actions-runner/_work/thin-edge.io/thin-edge.io/tests/PySys/software_management_end_to_end/environment_sm_management.py&quot;, line 378, in wait_until_status
    status, status2)
SystemError: Timeout while waiting for status FAILED or SUCCESSFUL
12:03:27 WARN  SystemError: Timeout while waiting for status FAILED or SUCCESSFUL ... blocked 
12:03:27 DEBUG --- test cleanup
12:03:27 INFO  
12:03:27 INFO  cleanup:
12:03:27 DEBUG Running registered cleanup function: &lt;bound method SoftwareManagement.mysmcleanup of &lt;PySysTest object at 0x753703b0&gt;&gt;
12:03:27 DEBUG Running registered cleanup function: &lt;bound method EnvironmentC8y.myenvcleanup of &lt;PySysTest object at 0x753703b0&gt;&gt;
12:03:27 DEBUG EnvironmentC8y Cleanup
12:03:27 DEBUG Process parameters for sudo&lt;tedge_disconnect_c8y&gt;
  command line : /usr/bin/sudo /usr/bin/tedge disconnect c8y
    arg #1     : /usr/bin/tedge
    arg #2     : disconnect
    arg #3     : c8y
  working dir  : /home/pi/actions-runner/_work/thin-edge.io/thin-edge.io/tests/PySys/software_management_end_to_end/sm_apt_install_remove/Output/linux
  stdout       : /home/pi/actions-runner/_work/thin-edge.io/thin-edge.io/tests/PySys/software_management_end_to_end/sm_apt_install_remove/Output/linux/tedge_disconnect_c8y.out
  stderr       : /home/pi/actions-runner/_work/thin-edge.io/thin-edge.io/tests/PySys/software_management_end_to_end/sm_apt_install_remove/Output/linux/tedge_disconnect_c8y.err
  environment  : LD_LIBRARY_PATH=/usr/lib
  environment  : PATH=/bin:/usr/bin:/usr/sbin:/usr/local/bin
                   #1  /bin
                   #2  /usr/bin
                   #3  /usr/sbin
                   #4  /usr/local/bin
12:03:27 DEBUG Waiting up to 600 secs for process sudo&lt;tedge_disconnect_c8y&gt; (pid 20362)
12:03:29 INFO  Executed sudo&lt;tedge_disconnect_c8y&gt;, exit status 0
12:03:29 DEBUG Process parameters for systemctl&lt;serv_mapper5&gt;
  command line : /usr/bin/systemctl status tedge-mapper-c8y
    arg #1     : status
    arg #2     : tedge-mapper-c8y
  working dir  : /home/pi/actions-runner/_work/thin-edge.io/thin-edge.io/tests/PySys/software_management_end_to_end/sm_apt_install_remove/Output/linux
  stdout       : /home/pi/actions-runner/_work/thin-edge.io/thin-edge.io/tests/PySys/software_management_end_to_end/sm_apt_install_remove/Output/linux/serv_mapper5.out
  stderr       : /home/pi/actions-runner/_work/thin-edge.io/thin-edge.io/tests/PySys/software_management_end_to_end/sm_apt_install_remove/Output/linux/serv_mapper5.err
  environment  : LD_LIBRARY_PATH=/usr/lib
  environment  : PATH=/bin:/usr/bin:/usr/sbin:/usr/local/bin
                   #1  /bin
                   #2  /usr/bin
                   #3  /usr/sbin
                   #4  /usr/local/bin
12:03:29 DEBUG Waiting up to 600 secs for process systemctl&lt;serv_mapper5&gt; (pid 20402)
12:03:29 INFO  Executed systemctl&lt;serv_mapper5&gt;, exit status 3
12:03:29 DEBUG ProcessUser cleanup function done.
12:03:29 INFO  
12:03:29 INFO  Test duration: 156.53 secs
12:03:29 INFO  Test final outcome:  BLOCKED
12:03:29 INFO  Test outcome reason: SystemError: Timeout while waiting for status FAILED or SUCCESSFUL
12:03:29 INFO  
</system-out>
	</testcase>
</testsuite>
