<?xml version="1.0" encoding="utf-8"?>
<testsuite failures="1" name="SoftwareManagement.sm_apt_install_remove_default" skipped="0" tests="1" time="0.01" timestamp="2022-02-09T11:34:48">
	<testcase classname="PySysTest" name="SoftwareManagement.sm_apt_install_remove_default">
		<failure message="FAILED: Device ID is not set. Set with the env variable C8YDEVICEID" type="FAILED"/>
		<system-out>12:34:48 INFO  ==============================================================
12:34:48 INFO  Id:    SoftwareManagement.sm_apt_install_remove_default
12:34:48 INFO  Dir:   software_management_end_to_end/
12:34:48 INFO  Title: Validate end to end behaviour for the default plugin for installation and removal of packages
12:34:48 DEBUG Execution order hint: 0.0
12:34:48 INFO  ==============================================================
12:34:48 INFO  Using sw id database: {'asciijump': '5475369', 'robotfindskitten': '5474869', 'squirrel3': '5475279', 'rolldice': '5152439', 'moon-buggy': '5439204', 'apple': '5495053', 'banana': '5494888', 'cherry': '5495382', 'watermelon': '5494510', 'registry': '8018911', 'hello-world': '8021526', 'docker/getting-started': '8021973', 'alpine': '7991792'}
12:34:48 DEBUG EnvironmentC8y Setup
12:34:48 WARN  Device ID is not set. Set with the env variable C8YDEVICEID ... failed 
12:34:48 WARN  Aborted test due to FAILED outcome
12:34:48 DEBUG --- test cleanup
12:34:48 DEBUG ProcessUser cleanup function done.
12:34:48 INFO  
12:34:48 INFO  Test duration: 0.01 secs
12:34:48 INFO  Test final outcome:  FAILED
12:34:48 INFO  Test outcome reason: Device ID is not set. Set with the env variable C8YDEVICEID
12:34:48 INFO  
</system-out>
	</testcase>
</testsuite>
