<?xml version="1.0" encoding="utf-8"?>
<testsuite failures="0" name="SoftwareManagement.sm_mapper_fail_and_reconnect" skipped="1" tests="1" time="0.01" timestamp="2022-03-28T18:31:46">
	<testcase classname="MapperC8yReceiveLastMessageOnRestart" name="SoftwareManagement.sm_mapper_fail_and_reconnect">
		<skipped message="SKIPPED: instable https://github.com/thin-edge/thin-edge.io/issues/752"/>
		<system-out>20:31:46 INFO  ==============================================================
20:31:46 INFO  Id:    SoftwareManagement.sm_mapper_fail_and_reconnect
20:31:46 INFO  Dir:   software_management_end_to_end/
20:31:46 INFO  Title: Validate the tedge-mapper-sm-c8y for receiving the last message on restart
20:31:46 DEBUG Execution order hint: 0.0
20:31:46 INFO  ==============================================================
20:31:46 INFO  instable https://github.com/thin-edge/thin-edge.io/issues/752 ... skipped
20:31:46 DEBUG --- test cleanup
20:31:46 DEBUG ProcessUser cleanup function done.
20:31:46 INFO  
20:31:46 INFO  Test duration: 0.01 secs
20:31:46 INFO  Test final outcome:  SKIPPED
20:31:46 INFO  Test outcome reason: instable https://github.com/thin-edge/thin-edge.io/issues/752
20:31:46 INFO  
</system-out>
	</testcase>
</testsuite>
