<?xml version="1.0" encoding="utf-8"?>
<testsuite name="apt_fail_noarg" tests="1" failures="0" skipped="0" time="1.13" timestamp="2022-05-30T09:14:20">
	<testcase classname="AptPluginFailNoArg" name="apt_fail_noarg"/>
</testsuite>
