<?xml version="1.0" encoding="utf-8"?>
<testsuite name="apt_prepare" tests="1" failures="0" skipped="0" time="1.71" timestamp="2022-05-16T07:25:23">
	<testcase classname="AptPluginPrepare" name="apt_prepare"/>
</testsuite>
