<?xml version="1.0" encoding="utf-8"?>
<testsuite name="SoftwareManagement.sm_apt_install_fail" tests="1" failures="0" skipped="0" time="49.26" timestamp="2022-05-30T09:20:35">
	<testcase classname="PySysTest" name="SoftwareManagement.sm_apt_install_fail"/>
</testsuite>
