<?xml version="1.0" encoding="utf-8"?>
<testsuite name="apt_prepare" tests="1" failures="0" skipped="0" time="2.31" timestamp="2022-05-10T19:33:59">
	<testcase classname="AptPluginPrepare" name="apt_prepare"/>
</testsuite>
