<?xml version="1.0" encoding="utf-8"?>
<testsuite name="SoftwareManagement.sm_apt_install_remove_with_version" tests="1" failures="0" skipped="0" time="60.04" timestamp="2022-05-03T14:08:32">
	<testcase classname="PySysTest" name="SoftwareManagement.sm_apt_install_remove_with_version"/>
</testsuite>
