<?xml version="1.0" encoding="utf-8"?>
<testsuite name="SoftwareManagement.sm_apt_install_fail" tests="1" failures="0" skipped="0" time="47.61" timestamp="2022-05-16T07:30:25">
	<testcase classname="PySysTest" name="SoftwareManagement.sm_apt_install_fail"/>
</testsuite>
