<?xml version="1.0" encoding="utf-8"?>
<testsuite name="apt_install_local_file_with_version" tests="1" failures="0" skipped="0" time="8.57" timestamp="2022-05-23T09:22:16">
	<testcase classname="AptPluginInstallFromLocalFileWithVersion" name="apt_install_local_file_with_version"/>
</testsuite>
