<?xml version="1.0" encoding="utf-8"?>
<testsuite name="apt_remove" tests="1" failures="0" skipped="0" time="7.18" timestamp="2022-05-02T15:12:35">
	<testcase classname="AptPluginRemoveDense" name="apt_remove"/>
</testsuite>
