<?xml version="1.0" encoding="utf-8"?>
<testsuite name="apt_list_format" tests="1" failures="0" skipped="0" time="0.35" timestamp="2022-05-03T13:59:19">
	<testcase classname="AptPluginListFormat" name="apt_list_format"/>
</testsuite>
