<?xml version="1.0" encoding="utf-8"?>
<testsuite name="apt_prepare_install_finalize" tests="1" failures="0" skipped="0" time="16.74" timestamp="2022-05-11T11:37:53">
	<testcase classname="AptPluginPrepareInstallFinalize" name="apt_prepare_install_finalize"/>
</testsuite>
