<?xml version="1.0" encoding="utf-8"?>
<testsuite name="apt_install_local_file_with_version" tests="1" failures="0" skipped="0" time="5.31" timestamp="2022-05-03T13:59:14">
	<testcase classname="AptPluginInstallFromLocalFileWithVersion" name="apt_install_local_file_with_version"/>
</testsuite>
