<?xml version="1.0" encoding="utf-8"?>
<testsuite name="apt_sequence_remove_with_version_fail" tests="1" failures="0" skipped="0" time="8.03" timestamp="2022-05-09T07:04:27">
	<testcase classname="AptPluginRemoveWithVersionFails" name="apt_sequence_remove_with_version_fail"/>
</testsuite>
