<?xml version="1.0" encoding="utf-8"?>
<testsuite name="apt_install_local_file_fail" tests="1" failures="0" skipped="0" time="6.73" timestamp="2022-05-23T09:22:07">
	<testcase classname="AptPluginInstallFromLocalFileFail" name="apt_install_local_file_fail"/>
</testsuite>
