<?xml version="1.0" encoding="utf-8"?>
<testsuite name="apt_sequence_remove_with_version_fail" tests="1" failures="0" skipped="0" time="12.5" timestamp="2022-05-23T09:23:56">
	<testcase classname="AptPluginRemoveWithVersionFails" name="apt_sequence_remove_with_version_fail"/>
</testsuite>
