<?xml version="1.0" encoding="utf-8"?>
<testsuite name="apt_install_local_file_with_version" tests="1" failures="0" skipped="0" time="5.75" timestamp="2022-05-09T07:03:19">
	<testcase classname="AptPluginInstallFromLocalFileWithVersion" name="apt_install_local_file_with_version"/>
</testsuite>
