<?xml version="1.0" encoding="utf-8"?>
<testsuite name="apt_prepare" tests="1" failures="0" skipped="0" time="1.66" timestamp="2022-05-04T08:07:21">
	<testcase classname="AptPluginPrepare" name="apt_prepare"/>
</testsuite>
