<?xml version="1.0" encoding="utf-8"?>
<testsuite name="apt_update_list" tests="1" failures="0" skipped="0" time="28.04" timestamp="2022-05-16T07:27:19">
	<testcase classname="AptPluginUpdateList" name="apt_update_list"/>
</testsuite>
