<?xml version="1.0" encoding="utf-8"?>
<testsuite name="apt_remove" tests="1" failures="0" skipped="0" time="11.59" timestamp="2022-05-30T09:15:59">
	<testcase classname="AptPluginRemoveDense" name="apt_remove"/>
</testsuite>
