<?xml version="1.0" encoding="utf-8"?>
<testsuite name="apt_prepare_install_finalize" tests="1" failures="0" skipped="0" time="10.1" timestamp="2022-05-03T13:59:30">
	<testcase classname="AptPluginPrepareInstallFinalize" name="apt_prepare_install_finalize"/>
</testsuite>
