<?xml version="1.0" encoding="utf-8"?>
<testsuite name="apt_finalize" tests="1" failures="0" skipped="0" time="15.07" timestamp="2022-05-09T07:02:53">
	<testcase classname="AptPluginFinalize" name="apt_finalize"/>
</testsuite>
