<?xml version="1.0" encoding="utf-8"?>
<testsuite name="SoftwareManagement.sm_apt_install_fail" tests="1" failures="0" skipped="0" time="45.42" timestamp="2022-05-03T14:03:28">
	<testcase classname="PySysTest" name="SoftwareManagement.sm_apt_install_fail"/>
</testsuite>
