<?xml version="1.0" encoding="utf-8"?>
<testsuite name="apt_fail_noarg" tests="1" failures="0" skipped="0" time="0.62" timestamp="2022-05-04T08:06:34">
	<testcase classname="AptPluginFailNoArg" name="apt_fail_noarg"/>
</testsuite>
