<?xml version="1.0" encoding="utf-8"?>
<testsuite name="apt_remove" tests="1" failures="0" skipped="0" time="7.93" timestamp="2022-05-09T07:03:45">
	<testcase classname="AptPluginRemoveDense" name="apt_remove"/>
</testsuite>
