<?xml version="1.0" encoding="utf-8"?>
<testsuite name="apt_install_local_file_fail" tests="1" failures="0" skipped="0" time="6.53" timestamp="2022-05-16T07:25:04">
	<testcase classname="AptPluginInstallFromLocalFileFail" name="apt_install_local_file_fail"/>
</testsuite>
