<?xml version="1.0" encoding="utf-8"?>
<testsuite name="apt_remove" tests="1" failures="0" skipped="0" time="12.4" timestamp="2022-05-23T09:22:53">
	<testcase classname="AptPluginRemoveDense" name="apt_remove"/>
</testsuite>
