<?xml version="1.0" encoding="utf-8"?>
<testsuite name="apt_install" tests="1" failures="0" skipped="0" time="8.08" timestamp="2022-05-03T13:58:57">
	<testcase classname="AptPluginInstallDense" name="apt_install"/>
</testsuite>
