<?xml version="1.0" encoding="utf-8"?>
<testsuite failures="0" name="apt_prepare" skipped="0" tests="1" time="21.68" timestamp="2022-04-29T09:31:22">
	<testcase classname="AptPluginPrepare" name="apt_prepare"/>
</testsuite>
