<?xml version="1.0" encoding="utf-8"?>
<testsuite failures="0" name="apt_install" skipped="0" tests="1" time="65.4" timestamp="2022-05-30T09:28:31">
	<testcase classname="AptPluginInstallDense" name="apt_install"/>
</testsuite>
