<?xml version="1.0" encoding="utf-8"?>
<testsuite failures="0" name="apt_install" skipped="0" tests="1" time="66.34" timestamp="2022-05-10T19:48:23">
	<testcase classname="AptPluginInstallDense" name="apt_install"/>
</testsuite>
