<?xml version="1.0" encoding="utf-8"?>
<testsuite failures="1" name="SoftwareManagement.sm_apt_install_download_path" skipped="0" tests="1" time="86.68" timestamp="2022-05-11T12:09:09">
	<testcase classname="AptInstallWithDownloadPath" name="SoftwareManagement.sm_apt_install_download_path">
		<failure message="BLOCKED: AssertionError:" type="BLOCKED"/>
		<system-out>12:07:42 INFO  ==============================================================
12:07:42 INFO  Id:    SoftwareManagement.sm_apt_install_download_path
12:07:42 INFO  Dir:   software_management_end_to_end/
12:07:42 INFO  Title: Install package to directory specified in tedge config set tmp.path
12:07:42 INFO  ==============================================================
12:07:42 INFO  Using sw id database: {'asciijump': '5475369', 'robotfindskitten': '5474869', 'squirrel3': '5475279', 'rolldice': '5152439', 'moon-buggy': '5439204', 'apple': '5495053', 'banana': '5494888', 'cherry': '5495382', 'watermelon': '5494510', 'registry': '8018911', 'hello-world': '8021526', 'docker/getting-started': '8021973', 'alpine': '7991792'}
12:07:42 INFO  EnvironmentC8y Setup
12:07:43 INFO  Executed systemctl&lt;serv_mapper1&gt;, exit status 3
12:07:58 INFO  Executed sudo&lt;tedge_connect_c8y&gt;, exit status 0, duration 14 secs
12:07:59 INFO  Executed sudo&lt;tedge_connect_c8y_test&gt;, exit status 0
12:08:01 INFO  Executed systemctl&lt;serv_mosq2&gt;, exit status 0
12:08:01 INFO  Executed systemctl&lt;serv_mapper3&gt;, exit status 0
12:08:03 ERROR No operations found, assuming it passed
12:08:04 INFO  Assert that (False == value) with value=False ... passed
12:08:04 INFO  Executed sudo, exit status 0
12:08:05 INFO  Executed sudo, exit status 0
12:08:05 INFO  Executed sudo, exit status 0
12:08:09 INFO  Executed sudo&lt;tedge_disconnect_c8y&gt;, exit status 0
12:08:09 INFO  Restarting mosquitto too frequently in the last 10 seconds. It was only up for 4 seconds
12:08:09 INFO  Delaying execution by 7 seconds
12:08:30 INFO  Executed sudo&lt;tedge_connect_c8y&gt;, exit status 0, duration 13 secs
12:08:30 INFO  Response status: 201
12:08:30 INFO  Response to action: {
    &quot;delivery&quot;: {
        &quot;time&quot;: &quot;2022-05-11T12:08:30.826Z&quot;,
        &quot;log&quot;: [],
        &quot;status&quot;: &quot;PENDING&quot;
    },
    &quot;creationTime&quot;: &quot;2022-05-11T12:08:30.814Z&quot;,
    &quot;deviceName&quot;: &quot;mythica&quot;,
    &quot;deviceId&quot;: &quot;18814966&quot;,
    &quot;self&quot;: &quot;https://t493319102.eu-latest.cumulocity.com/devicecontrol/operations/18840402&quot;,
    &quot;id&quot;: &quot;18840402&quot;,
    &quot;status&quot;: &quot;PENDING&quot;,
    &quot;description&quot;: &quot;Apply software changes, triggered from PySys: [{'name': 'rolldice', 'id': '5152439', 'version': '::apt', 'url': 'https://thin-edge-io.eu-latest.cumulocity.com/inventory/binaries/12435463', 'action': 'install'}]&quot;,
    &quot;c8y_SoftwareUpdate&quot;: [
        {
            &quot;name&quot;: &quot;rolldice&quot;,
            &quot;action&quot;: &quot;install&quot;,
            &quot;id&quot;: &quot;5152439&quot;,
            &quot;version&quot;: &quot;::apt&quot;,
            &quot;url&quot;: &quot;https://thin-edge-io.eu-latest.cumulocity.com/inventory/binaries/12435463&quot;
        }
    ]
}
12:08:30 INFO  Started operation: {'delivery': {'time': '2022-05-11T12:08:30.826Z', 'log': [], 'status': 'PENDING'}, 'creationTime': '2022-05-11T12:08:30.814Z', 'deviceName': 'mythica', 'deviceId': '18814966', 'self': 'https://t493319102.eu-latest.cumulocity.com/devicecontrol/operations/18840402', 'id': '18840402', 'status': 'PENDING', 'description': &quot;Apply software changes, triggered from PySys: [{'name': 'rolldice', 'id': '5152439', 'version': '::apt', 'url': 'https://thin-edge-io.eu-latest.cumulocity.com/inventory/binaries/12435463', 'action': 'install'}]&quot;, 'c8y_SoftwareUpdate': [{'name': 'rolldice', 'action': 'install', 'id': '5152439', 'version': '::apt', 'url': 'https://thin-edge-io.eu-latest.cumulocity.com/inventory/binaries/12435463'}]}
12:08:30 WARN  , retrying in 0.5 seconds...
12:08:31 WARN  , retrying in 0.5 seconds...
12:08:31 WARN  , retrying in 0.5 seconds...
12:08:32 WARN  , retrying in 0.5 seconds...
12:08:32 WARN  , retrying in 0.5 seconds...
12:08:33 WARN  , retrying in 0.5 seconds...
12:08:33 WARN  , retrying in 0.5 seconds...
12:08:34 WARN  , retrying in 0.5 seconds...
12:08:34 WARN  , retrying in 0.5 seconds...
12:08:35 WARN  AssertionError occurred while running test - 
Traceback (most recent call last):
  File &quot;/home/pi/env-pysys/lib/python3.7/site-packages/pysys/baserunner.py&quot;, line 1294, in __call__
    self.testObj.execute()
  File &quot;/home/pi/actions-runner/_work/thin-edge.io/thin-edge.io/tests/PySys/software_management_end_to_end/sm_apt_install_download_path/run.py&quot;, line 83, in execute
    assert_install_in_download_path(install_directory=self.DOWNLOAD_DIR)
  File &quot;/home/pi/env-pysys/lib/python3.7/site-packages/decorator.py&quot;, line 232, in fun
    return caller(func, *(extras + args), **kw)
  File &quot;/home/pi/env-pysys/lib/python3.7/site-packages/retry/api.py&quot;, line 74, in retry_decorator
    logger)
  File &quot;/home/pi/env-pysys/lib/python3.7/site-packages/retry/api.py&quot;, line 33, in __retry_internal
    return f()
  File &quot;/home/pi/actions-runner/_work/thin-edge.io/thin-edge.io/tests/PySys/software_management_end_to_end/sm_apt_install_download_path/run.py&quot;, line 28, in assert_install_in_download_path
    assert &quot;rolldice&quot; in os.listdir(f&quot;{install_directory}&quot;)
AssertionError
12:08:36 WARN  AssertionError: ... blocked 
12:08:36 INFO  
12:08:36 INFO  cleanup:
12:08:36 INFO  Executed sudo, exit status 0
12:08:37 INFO  Executed sudo, exit status 0
12:08:42 INFO  Executed sudo&lt;tedge_disconnect_c8y&gt;, exit status 0
12:08:42 INFO  Restarting mosquitto too frequently in the last 10 seconds. It was only up for 4 seconds
12:08:42 INFO  Delaying execution by 7 seconds
12:09:04 INFO  Executed sudo&lt;tedge_connect_c8y&gt;, exit status 0, duration 14 secs
12:09:08 INFO  Executed sudo&lt;tedge_disconnect_c8y&gt;, exit status 0
12:09:09 INFO  Executed systemctl&lt;serv_mapper5&gt;, exit status 3
12:09:09 INFO  
12:09:09 INFO  Test duration: 86.68 secs
12:09:09 INFO  Test final outcome:  BLOCKED
12:09:09 INFO  Test outcome reason: AssertionError:
12:09:09 INFO  
</system-out>
	</testcase>
</testsuite>
