<?xml version="1.0" encoding="utf-8"?>
<testsuite failures="0" name="apt_update_list" skipped="0" tests="1" time="168.19" timestamp="2022-04-29T09:42:48">
	<testcase classname="AptPluginUpdateList" name="apt_update_list"/>
</testsuite>
