<?xml version="1.0" encoding="utf-8"?>
<testsuite failures="0" name="apt_update_list" skipped="0" tests="1" time="130.4" timestamp="2022-04-19T14:05:43">
	<testcase classname="AptPluginUpdateList" name="apt_update_list"/>
</testsuite>
