<?xml version="1.0" encoding="utf-8"?>
<testsuite failures="1" name="SoftwareManagement.sm_apt_install_remove_multiple_mixed" skipped="0" tests="1" time="30.68" timestamp="2022-04-19T14:10:04">
	<testcase classname="PySysTest" name="SoftwareManagement.sm_apt_install_remove_multiple_mixed">
		<failure message="BLOCKED: SystemError: The Sofware list is empty !!!" type="BLOCKED"/>
		<system-out>14:09:33 INFO  ==============================================================
14:09:33 INFO  Id:    SoftwareManagement.sm_apt_install_remove_multiple_mixed
14:09:33 INFO  Dir:   software_management_end_to_end/
14:09:33 INFO  Title: Validate end to end behaviour for the apt plugin for multiple packages with mixed versions
14:09:33 INFO  ==============================================================
14:09:33 INFO  Using sw id database: {'asciijump': '5475369', 'robotfindskitten': '5474869', 'squirrel3': '5475279', 'rolldice': '5152439', 'moon-buggy': '5439204', 'apple': '5495053', 'banana': '5494888', 'cherry': '5495382', 'watermelon': '5494510', 'registry': '8018911', 'hello-world': '8021526', 'docker/getting-started': '8021973', 'alpine': '7991792'}
14:09:33 INFO  EnvironmentC8y Setup
14:09:34 INFO  Executed systemctl&lt;serv_mapper1&gt;, exit status 3
14:09:34 INFO  Restarting mosquitto too frequently in the last 10 seconds. It was only up for 5 seconds
14:09:34 INFO  Delaying execution by 6 seconds
14:09:54 INFO  Executed sudo&lt;tedge_connect_c8y&gt;, exit status 0, duration 14 secs
14:09:55 INFO  Executed sudo&lt;tedge_connect_c8y_test&gt;, exit status 0
14:09:56 INFO  Executed systemctl&lt;serv_mosq2&gt;, exit status 0
14:09:56 INFO  Executed systemctl&lt;serv_mapper3&gt;, exit status 0
14:09:58 INFO  State of current operation: FAILED
14:09:59 WARN  SystemError occurred while running test - The Sofware list is empty !!!
Traceback (most recent call last):
  File &quot;/home/pi/env-pysys/lib/python3.7/site-packages/pysys/baserunner.py&quot;, line 1292, in __call__
    self.testObj.setup()
  File &quot;/home/pi/actions-runner/_work/thin-edge.io/thin-edge.io/tests/PySys/software_management_end_to_end/sm_apt_install_remove_multiple_mixed/run.py&quot;, line 75, in setup
    self.assertThat(&quot;False == value&quot;, value=self.check_is_installed(&quot;asciijump&quot;))
  File &quot;/home/pi/actions-runner/_work/thin-edge.io/thin-edge.io/tests/PySys/software_management_end_to_end/environment_sm_management.py&quot;, line 399, in check_is_installed
    raise SystemError(&quot;The Sofware list is empty !!!&quot;)
SystemError: The Sofware list is empty !!!
14:09:59 WARN  SystemError: The Sofware list is empty !!! ... blocked 
14:09:59 INFO  
14:09:59 INFO  cleanup:
14:10:03 INFO  Executed sudo&lt;tedge_disconnect_c8y&gt;, exit status 0
14:10:04 INFO  Executed systemctl&lt;serv_mapper5&gt;, exit status 3
14:10:04 INFO  
14:10:04 INFO  Test duration: 30.68 secs
14:10:04 INFO  Test final outcome:  BLOCKED
14:10:04 INFO  Test outcome reason: SystemError: The Sofware list is empty !!!
14:10:04 INFO  
</system-out>
	</testcase>
</testsuite>
