<?xml version="1.0" encoding="utf-8"?>
<testsuite failures="1" name="SoftwareManagement.sm_apt_install_remove" skipped="0" tests="1" time="168.97" timestamp="2022-04-21T14:19:43">
	<testcase classname="PySysTest" name="SoftwareManagement.sm_apt_install_remove">
		<failure message="FAILED: Assert that (False == value) with value=True" type="FAILED"/>
		<system-out>14:16:54 INFO  ==============================================================
14:16:54 INFO  Id:    SoftwareManagement.sm_apt_install_remove
14:16:54 INFO  Dir:   software_management_end_to_end/
14:16:54 INFO  Title: Validate end to end behaviour for the apt plugin for installation and removal of packages
14:16:54 INFO  ==============================================================
14:16:54 INFO  Using sw id database: {'asciijump': '5475369', 'robotfindskitten': '5474869', 'squirrel3': '5475279', 'rolldice': '5152439', 'moon-buggy': '5439204', 'apple': '5495053', 'banana': '5494888', 'cherry': '5495382', 'watermelon': '5494510', 'registry': '8018911', 'hello-world': '8021526', 'docker/getting-started': '8021973', 'alpine': '7991792'}
14:16:54 INFO  EnvironmentC8y Setup
14:16:55 INFO  Executed systemctl&lt;serv_mapper1&gt;, exit status 3
14:16:55 INFO  Restarting mosquitto too frequently in the last 10 seconds. It was only up for 5 seconds
14:16:55 INFO  Delaying execution by 6 seconds
14:17:15 INFO  Executed sudo&lt;tedge_connect_c8y&gt;, exit status 0, duration 14 secs
14:17:16 INFO  Executed sudo&lt;tedge_connect_c8y_test&gt;, exit status 0
14:17:16 INFO  Executed systemctl&lt;serv_mosq2&gt;, exit status 0
14:17:17 INFO  Executed systemctl&lt;serv_mapper3&gt;, exit status 0
14:17:19 INFO  State of current operation: FAILED
14:17:19 INFO  Package rolldice is installed
14:17:24 INFO  Package rolldice is installed
14:17:24 WARN  Assert that (False == value) with value=True ... failed 
14:17:24 INFO  Response status: 201
14:17:24 INFO  Response to action: {
    &quot;creationTime&quot;: &quot;2022-04-21T14:17:24.835Z&quot;,
    &quot;deviceName&quot;: &quot;mythica&quot;,
    &quot;deviceId&quot;: &quot;17556832&quot;,
    &quot;self&quot;: &quot;https://t493319102.eu-latest.cumulocity.com/devicecontrol/operations/17588197&quot;,
    &quot;id&quot;: &quot;17588197&quot;,
    &quot;status&quot;: &quot;PENDING&quot;,
    &quot;description&quot;: &quot;Apply software changes, triggered from PySys: [{'name': 'rolldice', 'id': '5152439', 'version': '::apt', 'url': '', 'action': 'install'}]&quot;,
    &quot;c8y_SoftwareUpdate&quot;: [
        {
            &quot;name&quot;: &quot;rolldice&quot;,
            &quot;action&quot;: &quot;install&quot;,
            &quot;id&quot;: &quot;5152439&quot;,
            &quot;version&quot;: &quot;::apt&quot;,
            &quot;url&quot;: &quot;&quot;
        }
    ]
}
14:17:24 INFO  Started operation: {'creationTime': '2022-04-21T14:17:24.835Z', 'deviceName': 'mythica', 'deviceId': '17556832', 'self': 'https://t493319102.eu-latest.cumulocity.com/devicecontrol/operations/17588197', 'id': '17588197', 'status': 'PENDING', 'description': &quot;Apply software changes, triggered from PySys: [{'name': 'rolldice', 'id': '5152439', 'version': '::apt', 'url': '', 'action': 'install'}]&quot;, 'c8y_SoftwareUpdate': [{'name': 'rolldice', 'action': 'install', 'id': '5152439', 'version': '::apt', 'url': ''}]}
14:17:27 INFO  State of operation 17588197 : PENDING
14:17:29 INFO  State of operation 17588197 : EXECUTING
14:17:31 INFO  State of operation 17588197 : EXECUTING
14:17:33 INFO  State of operation 17588197 : EXECUTING
14:17:36 INFO  State of operation 17588197 : EXECUTING
14:17:38 INFO  State of operation 17588197 : EXECUTING
14:17:41 INFO  State of operation 17588197 : EXECUTING
14:17:45 INFO  State of operation 17588197 : EXECUTING
14:17:48 INFO  State of operation 17588197 : EXECUTING
14:17:50 INFO  State of operation 17588197 : EXECUTING
14:17:52 INFO  State of operation 17588197 : EXECUTING
14:17:54 INFO  State of operation 17588197 : EXECUTING
14:17:57 INFO  State of operation 17588197 : EXECUTING
14:17:59 INFO  State of operation 17588197 : EXECUTING
14:18:01 INFO  State of operation 17588197 : EXECUTING
14:18:04 INFO  State of operation 17588197 : EXECUTING
14:18:06 INFO  State of operation 17588197 : EXECUTING
14:18:09 INFO  State of operation 17588197 : EXECUTING
14:18:11 INFO  State of operation 17588197 : EXECUTING
14:18:14 INFO  State of operation 17588197 : EXECUTING
14:18:16 INFO  State of operation 17588197 : EXECUTING
14:18:18 INFO  State of operation 17588197 : EXECUTING
14:18:21 INFO  State of operation 17588197 : EXECUTING
14:18:23 INFO  State of operation 17588197 : EXECUTING
14:18:26 INFO  State of operation 17588197 : EXECUTING
14:18:28 INFO  State of operation 17588197 : EXECUTING
14:18:31 INFO  State of operation 17588197 : EXECUTING
14:18:33 INFO  State of operation 17588197 : EXECUTING
14:18:35 INFO  State of operation 17588197 : EXECUTING
14:18:37 INFO  State of operation 17588197 : EXECUTING
14:18:40 INFO  State of operation 17588197 : EXECUTING
14:18:42 INFO  State of operation 17588197 : EXECUTING
14:18:44 INFO  State of operation 17588197 : SUCCESSFUL
14:18:44 INFO  Package rolldice is installed
14:18:44 INFO  Assert that (True == value) with value=True ... passed
14:18:45 INFO  Response status: 201
14:18:45 INFO  Response to action: {
    &quot;creationTime&quot;: &quot;2022-04-21T14:18:45.358Z&quot;,
    &quot;deviceName&quot;: &quot;mythica&quot;,
    &quot;deviceId&quot;: &quot;17556832&quot;,
    &quot;self&quot;: &quot;https://t493319102.eu-latest.cumulocity.com/devicecontrol/operations/17588212&quot;,
    &quot;id&quot;: &quot;17588212&quot;,
    &quot;status&quot;: &quot;PENDING&quot;,
    &quot;description&quot;: &quot;Apply software changes, triggered from PySys: [{'name': 'rolldice', 'id': '5152439', 'version': '::apt', 'url': '', 'action': 'delete'}]&quot;,
    &quot;c8y_SoftwareUpdate&quot;: [
        {
            &quot;name&quot;: &quot;rolldice&quot;,
            &quot;action&quot;: &quot;delete&quot;,
            &quot;id&quot;: &quot;5152439&quot;,
            &quot;version&quot;: &quot;::apt&quot;,
            &quot;url&quot;: &quot;&quot;
        }
    ]
}
14:18:45 INFO  Started operation: {'creationTime': '2022-04-21T14:18:45.358Z', 'deviceName': 'mythica', 'deviceId': '17556832', 'self': 'https://t493319102.eu-latest.cumulocity.com/devicecontrol/operations/17588212', 'id': '17588212', 'status': 'PENDING', 'description': &quot;Apply software changes, triggered from PySys: [{'name': 'rolldice', 'id': '5152439', 'version': '::apt', 'url': '', 'action': 'delete'}]&quot;, 'c8y_SoftwareUpdate': [{'name': 'rolldice', 'action': 'delete', 'id': '5152439', 'version': '::apt', 'url': ''}]}
14:18:47 INFO  State of operation 17588212 : PENDING
14:18:49 INFO  State of operation 17588212 : EXECUTING
14:18:52 INFO  State of operation 17588212 : EXECUTING
14:18:54 INFO  State of operation 17588212 : EXECUTING
14:18:56 INFO  State of operation 17588212 : EXECUTING
14:18:58 INFO  State of operation 17588212 : EXECUTING
14:19:01 INFO  State of operation 17588212 : EXECUTING
14:19:03 INFO  State of operation 17588212 : EXECUTING
14:19:06 INFO  State of operation 17588212 : EXECUTING
14:19:08 INFO  State of operation 17588212 : EXECUTING
14:19:10 INFO  State of operation 17588212 : EXECUTING
14:19:13 INFO  State of operation 17588212 : EXECUTING
14:19:15 INFO  State of operation 17588212 : EXECUTING
14:19:17 INFO  State of operation 17588212 : EXECUTING
14:19:19 INFO  State of operation 17588212 : EXECUTING
14:19:22 INFO  State of operation 17588212 : EXECUTING
14:19:24 INFO  State of operation 17588212 : EXECUTING
14:19:27 INFO  State of operation 17588212 : EXECUTING
14:19:29 INFO  State of operation 17588212 : EXECUTING
14:19:31 INFO  State of operation 17588212 : EXECUTING
14:19:34 INFO  State of operation 17588212 : EXECUTING
14:19:36 INFO  State of operation 17588212 : EXECUTING
14:19:38 INFO  State of operation 17588212 : SUCCESSFUL
14:19:38 INFO  Assert that (False == value) with value=False ... passed
14:19:38 INFO  
14:19:38 INFO  cleanup:
14:19:42 INFO  Executed sudo&lt;tedge_disconnect_c8y&gt;, exit status 0
14:19:43 INFO  Executed systemctl&lt;serv_mapper5&gt;, exit status 3
14:19:43 INFO  
14:19:43 INFO  Test duration: 168.97 secs
14:19:43 INFO  Test final outcome:  FAILED
14:19:43 INFO  Test outcome reason: Assert that (False == value) with value=True
14:19:43 INFO  
</system-out>
	</testcase>
</testsuite>
