<?xml version="1.0" encoding="utf-8"?>
<testsuite failures="0" name="apt_finalize" skipped="0" tests="1" time="154.49" timestamp="2022-05-16T07:41:02">
	<testcase classname="AptPluginFinalize" name="apt_finalize"/>
</testsuite>
