<?xml version="1.0" encoding="utf-8"?>
<testsuite failures="1" name="SoftwareManagement.sm_apt_install_remove_multiple_mixed" skipped="0" tests="1" time="181.19" timestamp="2022-05-11T12:22:14">
	<testcase classname="PySysTest" name="SoftwareManagement.sm_apt_install_remove_multiple_mixed">
		<failure message="BLOCKED: SystemError: Timeout while waiting for status SUCCESSFUL or False" type="BLOCKED"/>
		<system-out>12:19:13 INFO  ==============================================================
12:19:13 INFO  Id:    SoftwareManagement.sm_apt_install_remove_multiple_mixed
12:19:13 INFO  Dir:   software_management_end_to_end/
12:19:13 INFO  Title: Validate end to end behaviour for the apt plugin for multiple packages with mixed versions
12:19:13 INFO  ==============================================================
12:19:13 INFO  Using sw id database: {'asciijump': '5475369', 'robotfindskitten': '5474869', 'squirrel3': '5475279', 'rolldice': '5152439', 'moon-buggy': '5439204', 'apple': '5495053', 'banana': '5494888', 'cherry': '5495382', 'watermelon': '5494510', 'registry': '8018911', 'hello-world': '8021526', 'docker/getting-started': '8021973', 'alpine': '7991792'}
12:19:13 INFO  EnvironmentC8y Setup
12:19:13 INFO  Executed systemctl&lt;serv_mapper1&gt;, exit status 3
12:19:13 INFO  Restarting mosquitto too frequently in the last 10 seconds. It was only up for 5 seconds
12:19:13 INFO  Delaying execution by 6 seconds
12:19:33 INFO  Executed sudo&lt;tedge_connect_c8y&gt;, exit status 0, duration 14 secs
12:19:34 INFO  Executed sudo&lt;tedge_connect_c8y_test&gt;, exit status 0
12:19:35 INFO  Executed systemctl&lt;serv_mosq2&gt;, exit status 0
12:19:35 INFO  Executed systemctl&lt;serv_mapper3&gt;, exit status 0
12:19:37 INFO  State of current operation: SUCCESSFUL
12:19:38 INFO  Assert that (False == value) with value=False ... passed
12:19:38 INFO  Assert that (False == value) with value=False ... passed
12:19:38 INFO  Assert that (False == value) with value=False ... passed
12:19:38 INFO  Assert that (False == value) with value=False ... passed
12:19:38 INFO  Assert that (False == value) with value=False ... passed
12:19:40 INFO  Response status: 201
12:19:40 INFO  Response to action: {
    &quot;creationTime&quot;: &quot;2022-05-11T12:19:40.141Z&quot;,
    &quot;deviceName&quot;: &quot;mythica&quot;,
    &quot;deviceId&quot;: &quot;18814966&quot;,
    &quot;self&quot;: &quot;https://t493319102.eu-latest.cumulocity.com/devicecontrol/operations/18840582&quot;,
    &quot;id&quot;: &quot;18840582&quot;,
    &quot;status&quot;: &quot;PENDING&quot;,
    &quot;description&quot;: &quot;Apply software changes, triggered from PySys: [{'action': 'install', 'id': '5475369', 'name': 'asciijump', 'url': ' ', 'version': '::apt'}, {'action': 'install', 'id': '5474869', 'name': 'robotfindskitten', 'url': ' ', 'version': ' '}, {'action': 'install', 'id': '5475279', 'name': 'squirrel3', 'url': ' ', 'version': '3.1-7::apt'}, {'action': 'install', 'id': '5152439', 'name': 'rolldice', 'url': ' ', 'version': '1.16-1+b1'}, {'action': 'install', 'id': '5439204', 'name': 'moon-buggy', 'url': ' ', 'version': '1:1.0.51-12'}, {'action': 'install', 'id': '5475369', 'name': 'asciijump', 'url': ' ', 'version': '::apt'}]&quot;,
    &quot;c8y_SoftwareUpdate&quot;: [
        {
            &quot;name&quot;: &quot;asciijump&quot;,
            &quot;action&quot;: &quot;install&quot;,
            &quot;id&quot;: &quot;5475369&quot;,
            &quot;version&quot;: &quot;::apt&quot;,
            &quot;url&quot;: &quot; &quot;
        },
        {
            &quot;name&quot;: &quot;robotfindskitten&quot;,
            &quot;action&quot;: &quot;install&quot;,
            &quot;id&quot;: &quot;5474869&quot;,
            &quot;version&quot;: &quot; &quot;,
            &quot;url&quot;: &quot; &quot;
        },
        {
            &quot;name&quot;: &quot;squirrel3&quot;,
            &quot;action&quot;: &quot;install&quot;,
            &quot;id&quot;: &quot;5475279&quot;,
            &quot;version&quot;: &quot;3.1-7::apt&quot;,
            &quot;url&quot;: &quot; &quot;
        },
        {
            &quot;name&quot;: &quot;rolldice&quot;,
            &quot;action&quot;: &quot;install&quot;,
            &quot;id&quot;: &quot;5152439&quot;,
            &quot;version&quot;: &quot;1.16-1+b1&quot;,
            &quot;url&quot;: &quot; &quot;
        },
        {
            &quot;name&quot;: &quot;moon-buggy&quot;,
            &quot;action&quot;: &quot;install&quot;,
            &quot;id&quot;: &quot;5439204&quot;,
            &quot;version&quot;: &quot;1:1.0.51-12&quot;,
            &quot;url&quot;: &quot; &quot;
        },
        {
            &quot;name&quot;: &quot;asciijump&quot;,
            &quot;action&quot;: &quot;install&quot;,
            &quot;id&quot;: &quot;5475369&quot;,
            &quot;version&quot;: &quot;::apt&quot;,
            &quot;url&quot;: &quot; &quot;
        }
    ]
}
12:19:40 INFO  Started operation: {'creationTime': '2022-05-11T12:19:40.141Z', 'deviceName': 'mythica', 'deviceId': '18814966', 'self': 'https://t493319102.eu-latest.cumulocity.com/devicecontrol/operations/18840582', 'id': '18840582', 'status': 'PENDING', 'description': &quot;Apply software changes, triggered from PySys: [{'action': 'install', 'id': '5475369', 'name': 'asciijump', 'url': ' ', 'version': '::apt'}, {'action': 'install', 'id': '5474869', 'name': 'robotfindskitten', 'url': ' ', 'version': ' '}, {'action': 'install', 'id': '5475279', 'name': 'squirrel3', 'url': ' ', 'version': '3.1-7::apt'}, {'action': 'install', 'id': '5152439', 'name': 'rolldice', 'url': ' ', 'version': '1.16-1+b1'}, {'action': 'install', 'id': '5439204', 'name': 'moon-buggy', 'url': ' ', 'version': '1:1.0.51-12'}, {'action': 'install', 'id': '5475369', 'name': 'asciijump', 'url': ' ', 'version': '::apt'}]&quot;, 'c8y_SoftwareUpdate': [{'name': 'asciijump', 'action': 'install', 'id': '5475369', 'version': '::apt', 'url': ' '}, {'name': 'robotfindskitten', 'action': 'install', 'id': '5474869', 'version': ' ', 'url': ' '}, {'name': 'squirrel3', 'action': 'install', 'id': '5475279', 'version': '3.1-7::apt', 'url': ' '}, {'name': 'rolldice', 'action': 'install', 'id': '5152439', 'version': '1.16-1+b1', 'url': ' '}, {'name': 'moon-buggy', 'action': 'install', 'id': '5439204', 'version': '1:1.0.51-12', 'url': ' '}, {'name': 'asciijump', 'action': 'install', 'id': '5475369', 'version': '::apt', 'url': ' '}]}
12:19:42 INFO  State of operation 18840582 : PENDING
12:19:44 INFO  State of operation 18840582 : EXECUTING
12:19:46 INFO  State of operation 18840582 : EXECUTING
12:19:49 INFO  State of operation 18840582 : EXECUTING
12:19:51 INFO  State of operation 18840582 : EXECUTING
12:19:53 INFO  State of operation 18840582 : EXECUTING
12:19:56 INFO  State of operation 18840582 : EXECUTING
12:19:58 INFO  State of operation 18840582 : EXECUTING
12:20:01 INFO  State of operation 18840582 : EXECUTING
12:20:03 INFO  State of operation 18840582 : EXECUTING
12:20:06 INFO  State of operation 18840582 : EXECUTING
12:20:08 INFO  State of operation 18840582 : EXECUTING
12:20:10 INFO  State of operation 18840582 : EXECUTING
12:20:13 INFO  State of operation 18840582 : EXECUTING
12:20:15 INFO  State of operation 18840582 : EXECUTING
12:20:17 INFO  State of operation 18840582 : EXECUTING
12:20:20 INFO  State of operation 18840582 : EXECUTING
12:20:22 INFO  State of operation 18840582 : EXECUTING
12:20:25 INFO  State of operation 18840582 : EXECUTING
12:20:27 INFO  State of operation 18840582 : EXECUTING
12:20:29 INFO  State of operation 18840582 : EXECUTING
12:20:32 INFO  State of operation 18840582 : EXECUTING
12:20:34 INFO  State of operation 18840582 : EXECUTING
12:20:36 INFO  State of operation 18840582 : EXECUTING
12:20:39 INFO  State of operation 18840582 : EXECUTING
12:20:41 INFO  State of operation 18840582 : EXECUTING
12:20:44 INFO  State of operation 18840582 : EXECUTING
12:20:46 INFO  State of operation 18840582 : EXECUTING
12:20:48 INFO  State of operation 18840582 : EXECUTING
12:20:51 INFO  State of operation 18840582 : EXECUTING
12:20:53 INFO  State of operation 18840582 : EXECUTING
12:20:55 INFO  State of operation 18840582 : EXECUTING
12:20:57 INFO  State of operation 18840582 : EXECUTING
12:21:00 INFO  State of operation 18840582 : EXECUTING
12:21:02 INFO  State of operation 18840582 : EXECUTING
12:21:04 INFO  State of operation 18840582 : EXECUTING
12:21:06 INFO  State of operation 18840582 : EXECUTING
12:21:09 INFO  State of operation 18840582 : EXECUTING
12:21:11 INFO  State of operation 18840582 : EXECUTING
12:21:14 INFO  State of operation 18840582 : EXECUTING
12:21:16 INFO  State of operation 18840582 : EXECUTING
12:21:19 INFO  State of operation 18840582 : EXECUTING
12:21:21 INFO  State of operation 18840582 : EXECUTING
12:21:23 INFO  State of operation 18840582 : EXECUTING
12:21:25 INFO  State of operation 18840582 : EXECUTING
12:21:28 INFO  State of operation 18840582 : EXECUTING
12:21:30 INFO  State of operation 18840582 : EXECUTING
12:21:32 INFO  State of operation 18840582 : EXECUTING
12:21:34 INFO  State of operation 18840582 : EXECUTING
12:21:37 INFO  State of operation 18840582 : EXECUTING
12:21:40 INFO  State of operation 18840582 : EXECUTING
12:21:42 INFO  State of operation 18840582 : EXECUTING
12:21:44 INFO  State of operation 18840582 : EXECUTING
12:21:47 INFO  State of operation 18840582 : EXECUTING
12:21:49 INFO  State of operation 18840582 : EXECUTING
12:21:51 INFO  State of operation 18840582 : EXECUTING
12:21:54 INFO  State of operation 18840582 : EXECUTING
12:21:57 INFO  State of operation 18840582 : EXECUTING
12:21:59 INFO  State of operation 18840582 : EXECUTING
12:22:02 INFO  State of operation 18840582 : EXECUTING
12:22:04 INFO  State of operation 18840582 : EXECUTING
12:22:06 WARN  SystemError occurred while running test - Timeout while waiting for status SUCCESSFUL or False
Traceback (most recent call last):
  File &quot;/home/pi/env-pysys/lib/python3.7/site-packages/pysys/baserunner.py&quot;, line 1294, in __call__
    self.testObj.execute()
  File &quot;/home/pi/actions-runner/_work/thin-edge.io/thin-edge.io/tests/PySys/software_management_end_to_end/sm_apt_install_remove_multiple_mixed/run.py&quot;, line 89, in execute
    self.wait_until_succcess()
  File &quot;/home/pi/actions-runner/_work/thin-edge.io/thin-edge.io/tests/PySys/software_management_end_to_end/environment_sm_management.py&quot;, line 324, in wait_until_succcess
    self.wait_until_status(&quot;SUCCESSFUL&quot;)
  File &quot;/home/pi/actions-runner/_work/thin-edge.io/thin-edge.io/tests/PySys/software_management_end_to_end/environment_sm_management.py&quot;, line 381, in wait_until_status
    &quot;Timeout while waiting for status %s or %s&quot; % (status, status2)
SystemError: Timeout while waiting for status SUCCESSFUL or False
12:22:06 WARN  SystemError: Timeout while waiting for status SUCCESSFUL or False ... blocked 
12:22:06 INFO  
12:22:06 INFO  cleanup:
12:22:13 INFO  Executed sudo&lt;tedge_disconnect_c8y&gt;, exit status 0
12:22:14 INFO  Executed systemctl&lt;serv_mapper5&gt;, exit status 3
12:22:14 INFO  
12:22:14 INFO  Test duration: 181.19 secs
12:22:14 INFO  Test final outcome:  BLOCKED
12:22:14 INFO  Test outcome reason: SystemError: Timeout while waiting for status SUCCESSFUL or False
12:22:14 INFO  
</system-out>
	</testcase>
</testsuite>
