<?xml version="1.0" encoding="utf-8"?>
<testsuite failures="1" name="SoftwareManagement.sm_apt_install_remove_multiple" skipped="0" tests="1" time="183.12" timestamp="2022-05-09T07:43:38">
	<testcase classname="PySysTest" name="SoftwareManagement.sm_apt_install_remove_multiple">
		<failure message="FAILED: Assert that (False == value) with value=True" type="FAILED"/>
		<system-out>07:40:35 INFO  ==============================================================
07:40:35 INFO  Id:    SoftwareManagement.sm_apt_install_remove_multiple
07:40:35 INFO  Dir:   software_management_end_to_end/
07:40:35 INFO  Title: Validate end to end behaviour for the apt plugin for multiple packages
07:40:35 INFO  ==============================================================
07:40:35 INFO  Using sw id database: {'asciijump': '5475369', 'robotfindskitten': '5474869', 'squirrel3': '5475279', 'rolldice': '5152439', 'moon-buggy': '5439204', 'apple': '5495053', 'banana': '5494888', 'cherry': '5495382', 'watermelon': '5494510', 'registry': '8018911', 'hello-world': '8021526', 'docker/getting-started': '8021973', 'alpine': '7991792'}
07:40:35 INFO  EnvironmentC8y Setup
07:40:35 INFO  Executed systemctl&lt;serv_mapper1&gt;, exit status 3
07:40:35 INFO  Restarting mosquitto too frequently in the last 10 seconds. It was only up for 5 seconds
07:40:35 INFO  Delaying execution by 6 seconds
07:40:56 INFO  Executed sudo&lt;tedge_connect_c8y&gt;, exit status 0, duration 14 secs
07:40:57 INFO  Executed sudo&lt;tedge_connect_c8y_test&gt;, exit status 0
07:40:57 INFO  Executed systemctl&lt;serv_mosq2&gt;, exit status 0
07:40:58 INFO  Executed systemctl&lt;serv_mapper3&gt;, exit status 0
07:41:00 INFO  State of current operation: SUCCESSFUL
07:41:00 INFO  Assert that (False == value) with value=False ... passed
07:41:01 INFO  Assert that (False == value) with value=False ... passed
07:41:01 INFO  Assert that (False == value) with value=False ... passed
07:41:01 INFO  Package robotfindskitten is installed
07:41:01 WARN  Assert that (False == value) with value=True ... failed 
07:41:01 INFO  Response status: 201
07:41:01 INFO  Response to action: {
    &quot;creationTime&quot;: &quot;2022-05-09T07:41:01.728Z&quot;,
    &quot;deviceName&quot;: &quot;mythica&quot;,
    &quot;deviceId&quot;: &quot;18509904&quot;,
    &quot;self&quot;: &quot;https://t493319102.eu-latest.cumulocity.com/devicecontrol/operations/18523383&quot;,
    &quot;id&quot;: &quot;18523383&quot;,
    &quot;status&quot;: &quot;PENDING&quot;,
    &quot;description&quot;: &quot;Apply software changes, triggered from PySys: [{'action': 'install', 'id': '5475369', 'name': 'asciijump', 'url': ' ', 'version': '::apt'}, {'action': 'install', 'id': '5474869', 'name': 'robotfindskitten', 'url': ' ', 'version': '::apt'}, {'action': 'install', 'id': '5475279', 'name': 'squirrel3', 'url': ' ', 'version': '::apt'}]&quot;,
    &quot;c8y_SoftwareUpdate&quot;: [
        {
            &quot;name&quot;: &quot;asciijump&quot;,
            &quot;action&quot;: &quot;install&quot;,
            &quot;id&quot;: &quot;5475369&quot;,
            &quot;version&quot;: &quot;::apt&quot;,
            &quot;url&quot;: &quot; &quot;
        },
        {
            &quot;name&quot;: &quot;robotfindskitten&quot;,
            &quot;action&quot;: &quot;install&quot;,
            &quot;id&quot;: &quot;5474869&quot;,
            &quot;version&quot;: &quot;::apt&quot;,
            &quot;url&quot;: &quot; &quot;
        },
        {
            &quot;name&quot;: &quot;squirrel3&quot;,
            &quot;action&quot;: &quot;install&quot;,
            &quot;id&quot;: &quot;5475279&quot;,
            &quot;version&quot;: &quot;::apt&quot;,
            &quot;url&quot;: &quot; &quot;
        }
    ]
}
07:41:01 INFO  Started operation: {'creationTime': '2022-05-09T07:41:01.728Z', 'deviceName': 'mythica', 'deviceId': '18509904', 'self': 'https://t493319102.eu-latest.cumulocity.com/devicecontrol/operations/18523383', 'id': '18523383', 'status': 'PENDING', 'description': &quot;Apply software changes, triggered from PySys: [{'action': 'install', 'id': '5475369', 'name': 'asciijump', 'url': ' ', 'version': '::apt'}, {'action': 'install', 'id': '5474869', 'name': 'robotfindskitten', 'url': ' ', 'version': '::apt'}, {'action': 'install', 'id': '5475279', 'name': 'squirrel3', 'url': ' ', 'version': '::apt'}]&quot;, 'c8y_SoftwareUpdate': [{'name': 'asciijump', 'action': 'install', 'id': '5475369', 'version': '::apt', 'url': ' '}, {'name': 'robotfindskitten', 'action': 'install', 'id': '5474869', 'version': '::apt', 'url': ' '}, {'name': 'squirrel3', 'action': 'install', 'id': '5475279', 'version': '::apt', 'url': ' '}]}
07:41:03 INFO  State of operation 18523383 : PENDING
07:41:06 INFO  State of operation 18523383 : EXECUTING
07:41:08 INFO  State of operation 18523383 : EXECUTING
07:41:10 INFO  State of operation 18523383 : EXECUTING
07:41:12 INFO  State of operation 18523383 : EXECUTING
07:41:15 INFO  State of operation 18523383 : EXECUTING
07:41:17 INFO  State of operation 18523383 : EXECUTING
07:41:20 INFO  State of operation 18523383 : EXECUTING
07:41:23 INFO  State of operation 18523383 : EXECUTING
07:41:25 INFO  State of operation 18523383 : EXECUTING
07:41:27 INFO  State of operation 18523383 : EXECUTING
07:41:30 INFO  State of operation 18523383 : EXECUTING
07:41:32 INFO  State of operation 18523383 : EXECUTING
07:41:34 INFO  State of operation 18523383 : EXECUTING
07:41:36 INFO  State of operation 18523383 : EXECUTING
07:41:39 INFO  State of operation 18523383 : EXECUTING
07:41:41 INFO  State of operation 18523383 : EXECUTING
07:41:44 INFO  State of operation 18523383 : EXECUTING
07:41:46 INFO  State of operation 18523383 : EXECUTING
07:41:49 INFO  State of operation 18523383 : EXECUTING
07:41:51 INFO  State of operation 18523383 : EXECUTING
07:41:53 INFO  State of operation 18523383 : EXECUTING
07:41:56 INFO  State of operation 18523383 : EXECUTING
07:41:58 INFO  State of operation 18523383 : EXECUTING
07:42:00 INFO  State of operation 18523383 : EXECUTING
07:42:02 INFO  State of operation 18523383 : EXECUTING
07:42:05 INFO  State of operation 18523383 : EXECUTING
07:42:07 INFO  State of operation 18523383 : EXECUTING
07:42:10 INFO  State of operation 18523383 : EXECUTING
07:42:12 INFO  State of operation 18523383 : EXECUTING
07:42:14 INFO  State of operation 18523383 : EXECUTING
07:42:17 INFO  State of operation 18523383 : EXECUTING
07:42:19 INFO  State of operation 18523383 : EXECUTING
07:42:21 INFO  State of operation 18523383 : EXECUTING
07:42:23 INFO  State of operation 18523383 : SUCCESSFUL
07:42:23 INFO  Assert that (False == value) with value=False ... passed
07:42:24 INFO  Package asciijump is installed
07:42:24 INFO  Assert that (True == value) with value=True ... passed
07:42:24 INFO  Package squirrel3 is installed
07:42:24 INFO  Assert that (True == value) with value=True ... passed
07:42:24 INFO  Package robotfindskitten is installed
07:42:24 INFO  Assert that (True == value) with value=True ... passed
07:42:24 INFO  Response status: 201
07:42:24 INFO  Response to action: {
    &quot;creationTime&quot;: &quot;2022-05-09T07:42:24.769Z&quot;,
    &quot;deviceName&quot;: &quot;mythica&quot;,
    &quot;deviceId&quot;: &quot;18509904&quot;,
    &quot;self&quot;: &quot;https://t493319102.eu-latest.cumulocity.com/devicecontrol/operations/18523393&quot;,
    &quot;id&quot;: &quot;18523393&quot;,
    &quot;status&quot;: &quot;PENDING&quot;,
    &quot;description&quot;: &quot;Apply software changes, triggered from PySys: [{'action': 'delete', 'id': '5475369', 'name': 'asciijump', 'url': ' ', 'version': '::apt'}, {'action': 'delete', 'id': '5474869', 'name': 'robotfindskitten', 'url': ' ', 'version': '::apt'}, {'action': 'delete', 'id': '5475279', 'name': 'squirrel3', 'url': ' ', 'version': '::apt'}]&quot;,
    &quot;c8y_SoftwareUpdate&quot;: [
        {
            &quot;name&quot;: &quot;asciijump&quot;,
            &quot;action&quot;: &quot;delete&quot;,
            &quot;id&quot;: &quot;5475369&quot;,
            &quot;version&quot;: &quot;::apt&quot;,
            &quot;url&quot;: &quot; &quot;
        },
        {
            &quot;name&quot;: &quot;robotfindskitten&quot;,
            &quot;action&quot;: &quot;delete&quot;,
            &quot;id&quot;: &quot;5474869&quot;,
            &quot;version&quot;: &quot;::apt&quot;,
            &quot;url&quot;: &quot; &quot;
        },
        {
            &quot;name&quot;: &quot;squirrel3&quot;,
            &quot;action&quot;: &quot;delete&quot;,
            &quot;id&quot;: &quot;5475279&quot;,
            &quot;version&quot;: &quot;::apt&quot;,
            &quot;url&quot;: &quot; &quot;
        }
    ]
}
07:42:24 INFO  Started operation: {'creationTime': '2022-05-09T07:42:24.769Z', 'deviceName': 'mythica', 'deviceId': '18509904', 'self': 'https://t493319102.eu-latest.cumulocity.com/devicecontrol/operations/18523393', 'id': '18523393', 'status': 'PENDING', 'description': &quot;Apply software changes, triggered from PySys: [{'action': 'delete', 'id': '5475369', 'name': 'asciijump', 'url': ' ', 'version': '::apt'}, {'action': 'delete', 'id': '5474869', 'name': 'robotfindskitten', 'url': ' ', 'version': '::apt'}, {'action': 'delete', 'id': '5475279', 'name': 'squirrel3', 'url': ' ', 'version': '::apt'}]&quot;, 'c8y_SoftwareUpdate': [{'name': 'asciijump', 'action': 'delete', 'id': '5475369', 'version': '::apt', 'url': ' '}, {'name': 'robotfindskitten', 'action': 'delete', 'id': '5474869', 'version': '::apt', 'url': ' '}, {'name': 'squirrel3', 'action': 'delete', 'id': '5475279', 'version': '::apt', 'url': ' '}]}
07:42:27 INFO  State of operation 18523393 : PENDING
07:42:29 INFO  State of operation 18523393 : EXECUTING
07:42:31 INFO  State of operation 18523393 : EXECUTING
07:42:33 INFO  State of operation 18523393 : EXECUTING
07:42:35 INFO  State of operation 18523393 : EXECUTING
07:42:38 INFO  State of operation 18523393 : EXECUTING
07:42:41 INFO  State of operation 18523393 : EXECUTING
07:42:43 INFO  State of operation 18523393 : EXECUTING
07:42:46 INFO  State of operation 18523393 : EXECUTING
07:42:48 INFO  State of operation 18523393 : EXECUTING
07:42:50 INFO  State of operation 18523393 : EXECUTING
07:42:53 INFO  State of operation 18523393 : EXECUTING
07:42:55 INFO  State of operation 18523393 : EXECUTING
07:42:57 INFO  State of operation 18523393 : EXECUTING
07:42:59 INFO  State of operation 18523393 : EXECUTING
07:43:01 INFO  State of operation 18523393 : EXECUTING
07:43:04 INFO  State of operation 18523393 : EXECUTING
07:43:06 INFO  State of operation 18523393 : EXECUTING
07:43:09 INFO  State of operation 18523393 : EXECUTING
07:43:11 INFO  State of operation 18523393 : EXECUTING
07:43:13 INFO  State of operation 18523393 : EXECUTING
07:43:16 INFO  State of operation 18523393 : EXECUTING
07:43:18 INFO  State of operation 18523393 : EXECUTING
07:43:20 INFO  State of operation 18523393 : EXECUTING
07:43:23 INFO  State of operation 18523393 : EXECUTING
07:43:25 INFO  State of operation 18523393 : EXECUTING
07:43:28 INFO  State of operation 18523393 : EXECUTING
07:43:30 INFO  State of operation 18523393 : EXECUTING
07:43:32 INFO  State of operation 18523393 : SUCCESSFUL
07:43:32 INFO  Assert that (False == value) with value=False ... passed
07:43:32 INFO  Assert that (False == value) with value=False ... passed
07:43:33 INFO  Assert that (False == value) with value=False ... passed
07:43:33 INFO  Assert that (False == value) with value=False ... passed
07:43:33 INFO  
07:43:33 INFO  cleanup:
07:43:37 INFO  Executed sudo&lt;tedge_disconnect_c8y&gt;, exit status 0
07:43:38 INFO  Executed systemctl&lt;serv_mapper5&gt;, exit status 3
07:43:38 INFO  
07:43:38 INFO  Test duration: 183.12 secs
07:43:38 INFO  Test final outcome:  FAILED
07:43:38 INFO  Test outcome reason: Assert that (False == value) with value=True
07:43:38 INFO  
</system-out>
	</testcase>
</testsuite>
