<?xml version="1.0" encoding="utf-8"?>
<testsuite failures="1" name="SoftwareManagement.sm_apt_install_fail" skipped="0" tests="1" time="81.11" timestamp="2022-04-19T14:08:01">
	<testcase classname="PySysTest" name="SoftwareManagement.sm_apt_install_fail">
		<failure message="BLOCKED: SystemError: The Sofware list is empty !!!" type="BLOCKED"/>
		<system-out>14:06:39 INFO  ==============================================================
14:06:39 INFO  Id:    SoftwareManagement.sm_apt_install_fail
14:06:39 INFO  Dir:   software_management_end_to_end/
14:06:39 INFO  Title: Validate end to end behaviour for a failing installation
14:06:39 INFO  ==============================================================
14:06:39 INFO  Using sw id database: {'asciijump': '5475369', 'robotfindskitten': '5474869', 'squirrel3': '5475279', 'rolldice': '5152439', 'moon-buggy': '5439204', 'apple': '5495053', 'banana': '5494888', 'cherry': '5495382', 'watermelon': '5494510', 'registry': '8018911', 'hello-world': '8021526', 'docker/getting-started': '8021973', 'alpine': '7991792'}
14:06:39 INFO  EnvironmentC8y Setup
14:06:40 INFO  Executed systemctl&lt;serv_mapper1&gt;, exit status 3
14:06:40 INFO  Restarting mosquitto too frequently in the last 10 seconds. It was only up for 4 seconds
14:06:40 INFO  Delaying execution by 7 seconds
14:07:02 INFO  Executed sudo&lt;tedge_connect_c8y&gt;, exit status 0, duration 14 secs
14:07:02 INFO  Executed sudo&lt;tedge_connect_c8y_test&gt;, exit status 0
14:07:03 INFO  Executed systemctl&lt;serv_mosq2&gt;, exit status 0
14:07:04 INFO  Executed systemctl&lt;serv_mapper3&gt;, exit status 0
14:07:06 INFO  State of current operation: SUCCESSFUL
14:07:06 INFO  Response status: 201
14:07:06 INFO  Response to action: {
    &quot;creationTime&quot;: &quot;2022-04-19T14:07:06.488Z&quot;,
    &quot;deviceName&quot;: &quot;mythica&quot;,
    &quot;deviceId&quot;: &quot;17465677&quot;,
    &quot;self&quot;: &quot;https://t493319102.eu-latest.cumulocity.com/devicecontrol/operations/17475306&quot;,
    &quot;id&quot;: &quot;17475306&quot;,
    &quot;status&quot;: &quot;PENDING&quot;,
    &quot;description&quot;: &quot;Apply software changes, triggered from PySys: [{'name': 'does_not_exist', 'id': '5446165', 'version': '::apt', 'url': '', 'action': 'install'}]&quot;,
    &quot;c8y_SoftwareUpdate&quot;: [
        {
            &quot;name&quot;: &quot;does_not_exist&quot;,
            &quot;action&quot;: &quot;install&quot;,
            &quot;id&quot;: &quot;5446165&quot;,
            &quot;version&quot;: &quot;::apt&quot;,
            &quot;url&quot;: &quot;&quot;
        }
    ]
}
14:07:06 INFO  Started operation: {'creationTime': '2022-04-19T14:07:06.488Z', 'deviceName': 'mythica', 'deviceId': '17465677', 'self': 'https://t493319102.eu-latest.cumulocity.com/devicecontrol/operations/17475306', 'id': '17475306', 'status': 'PENDING', 'description': &quot;Apply software changes, triggered from PySys: [{'name': 'does_not_exist', 'id': '5446165', 'version': '::apt', 'url': '', 'action': 'install'}]&quot;, 'c8y_SoftwareUpdate': [{'name': 'does_not_exist', 'action': 'install', 'id': '5446165', 'version': '::apt', 'url': ''}]}
14:07:08 INFO  State of operation 17475306 : PENDING
14:07:10 INFO  State of operation 17475306 : EXECUTING
14:07:13 INFO  State of operation 17475306 : EXECUTING
14:07:15 INFO  State of operation 17475306 : EXECUTING
14:07:17 INFO  State of operation 17475306 : EXECUTING
14:07:19 INFO  State of operation 17475306 : EXECUTING
14:07:22 INFO  State of operation 17475306 : EXECUTING
14:07:25 INFO  State of operation 17475306 : EXECUTING
14:07:28 INFO  State of operation 17475306 : EXECUTING
14:07:30 INFO  State of operation 17475306 : EXECUTING
14:07:32 INFO  State of operation 17475306 : EXECUTING
14:07:34 INFO  State of operation 17475306 : EXECUTING
14:07:37 INFO  State of operation 17475306 : EXECUTING
14:07:39 INFO  State of operation 17475306 : EXECUTING
14:07:41 INFO  State of operation 17475306 : EXECUTING
14:07:44 INFO  State of operation 17475306 : EXECUTING
14:07:46 INFO  State of operation 17475306 : EXECUTING
14:07:49 INFO  State of operation 17475306 : EXECUTING
14:07:51 INFO  State of operation 17475306 : EXECUTING
14:07:53 INFO  State of operation 17475306 : EXECUTING
14:07:55 INFO  State of operation 17475306 : FAILED
14:07:56 WARN  SystemError occurred while running test - The Sofware list is empty !!!
Traceback (most recent call last):
  File &quot;/home/pi/env-pysys/lib/python3.7/site-packages/pysys/baserunner.py&quot;, line 1296, in __call__
    self.testObj.validate()
  File &quot;/home/pi/actions-runner/_work/thin-edge.io/thin-edge.io/tests/PySys/software_management_end_to_end/sm_apt_install_fail/run.py&quot;, line 31, in validate
    &quot;False == value&quot;, value=self.check_is_installed(&quot;does_not_exist&quot;)
  File &quot;/home/pi/actions-runner/_work/thin-edge.io/thin-edge.io/tests/PySys/software_management_end_to_end/environment_sm_management.py&quot;, line 399, in check_is_installed
    raise SystemError(&quot;The Sofware list is empty !!!&quot;)
SystemError: The Sofware list is empty !!!
14:07:56 WARN  SystemError: The Sofware list is empty !!! ... blocked 
14:07:56 INFO  
14:07:56 INFO  cleanup:
14:08:00 INFO  Executed sudo&lt;tedge_disconnect_c8y&gt;, exit status 0
14:08:01 INFO  Executed systemctl&lt;serv_mapper5&gt;, exit status 3
14:08:01 INFO  
14:08:01 INFO  Test duration: 81.11 secs
14:08:01 INFO  Test final outcome:  BLOCKED
14:08:01 INFO  Test outcome reason: SystemError: The Sofware list is empty !!!
14:08:01 INFO  
</system-out>
	</testcase>
</testsuite>
