<?xml version="1.0" encoding="utf-8"?>
<testsuite failures="0" name="apt_prepare" skipped="0" tests="1" time="21.81" timestamp="2022-05-10T19:51:44">
	<testcase classname="AptPluginPrepare" name="apt_prepare"/>
</testsuite>
