<?xml version="1.0" encoding="utf-8"?>
<testsuite failures="1" name="SoftwareManagement.sm_apt_install_remove_multiple" skipped="0" tests="1" time="184.69" timestamp="2022-04-27T15:08:25">
	<testcase classname="PySysTest" name="SoftwareManagement.sm_apt_install_remove_multiple">
		<failure message="FAILED: Assert that (False == value) with value=True" type="FAILED"/>
		<system-out>15:05:20 INFO  ==============================================================
15:05:20 INFO  Id:    SoftwareManagement.sm_apt_install_remove_multiple
15:05:20 INFO  Dir:   software_management_end_to_end/
15:05:20 INFO  Title: Validate end to end behaviour for the apt plugin for multiple packages
15:05:20 INFO  ==============================================================
15:05:20 INFO  Using sw id database: {'asciijump': '5475369', 'robotfindskitten': '5474869', 'squirrel3': '5475279', 'rolldice': '5152439', 'moon-buggy': '5439204', 'apple': '5495053', 'banana': '5494888', 'cherry': '5495382', 'watermelon': '5494510', 'registry': '8018911', 'hello-world': '8021526', 'docker/getting-started': '8021973', 'alpine': '7991792'}
15:05:20 INFO  EnvironmentC8y Setup
15:05:21 INFO  Executed systemctl&lt;serv_mapper1&gt;, exit status 3
15:05:21 INFO  Restarting mosquitto too frequently in the last 10 seconds. It was only up for 4 seconds
15:05:21 INFO  Delaying execution by 7 seconds
15:05:43 INFO  Executed sudo&lt;tedge_connect_c8y&gt;, exit status 0, duration 14 secs
15:05:43 INFO  Executed sudo&lt;tedge_connect_c8y_test&gt;, exit status 0
15:05:44 INFO  Executed systemctl&lt;serv_mosq2&gt;, exit status 0
15:05:44 INFO  Executed systemctl&lt;serv_mapper3&gt;, exit status 0
15:05:47 INFO  State of current operation: SUCCESSFUL
15:05:47 INFO  Assert that (False == value) with value=False ... passed
15:05:47 INFO  Assert that (False == value) with value=False ... passed
15:05:47 INFO  Assert that (False == value) with value=False ... passed
15:05:47 INFO  Package robotfindskitten is installed
15:05:47 WARN  Assert that (False == value) with value=True ... failed 
15:05:48 INFO  Response status: 201
15:05:48 INFO  Response to action: {
    &quot;creationTime&quot;: &quot;2022-04-27T15:05:48.167Z&quot;,
    &quot;deviceName&quot;: &quot;mythica&quot;,
    &quot;deviceId&quot;: &quot;17788049&quot;,
    &quot;self&quot;: &quot;https://t493319102.eu-latest.cumulocity.com/devicecontrol/operations/17795085&quot;,
    &quot;id&quot;: &quot;17795085&quot;,
    &quot;status&quot;: &quot;PENDING&quot;,
    &quot;description&quot;: &quot;Apply software changes, triggered from PySys: [{'action': 'install', 'id': '5475369', 'name': 'asciijump', 'url': ' ', 'version': '::apt'}, {'action': 'install', 'id': '5474869', 'name': 'robotfindskitten', 'url': ' ', 'version': '::apt'}, {'action': 'install', 'id': '5475279', 'name': 'squirrel3', 'url': ' ', 'version': '::apt'}]&quot;,
    &quot;c8y_SoftwareUpdate&quot;: [
        {
            &quot;name&quot;: &quot;asciijump&quot;,
            &quot;action&quot;: &quot;install&quot;,
            &quot;id&quot;: &quot;5475369&quot;,
            &quot;version&quot;: &quot;::apt&quot;,
            &quot;url&quot;: &quot; &quot;
        },
        {
            &quot;name&quot;: &quot;robotfindskitten&quot;,
            &quot;action&quot;: &quot;install&quot;,
            &quot;id&quot;: &quot;5474869&quot;,
            &quot;version&quot;: &quot;::apt&quot;,
            &quot;url&quot;: &quot; &quot;
        },
        {
            &quot;name&quot;: &quot;squirrel3&quot;,
            &quot;action&quot;: &quot;install&quot;,
            &quot;id&quot;: &quot;5475279&quot;,
            &quot;version&quot;: &quot;::apt&quot;,
            &quot;url&quot;: &quot; &quot;
        }
    ]
}
15:05:48 INFO  Started operation: {'creationTime': '2022-04-27T15:05:48.167Z', 'deviceName': 'mythica', 'deviceId': '17788049', 'self': 'https://t493319102.eu-latest.cumulocity.com/devicecontrol/operations/17795085', 'id': '17795085', 'status': 'PENDING', 'description': &quot;Apply software changes, triggered from PySys: [{'action': 'install', 'id': '5475369', 'name': 'asciijump', 'url': ' ', 'version': '::apt'}, {'action': 'install', 'id': '5474869', 'name': 'robotfindskitten', 'url': ' ', 'version': '::apt'}, {'action': 'install', 'id': '5475279', 'name': 'squirrel3', 'url': ' ', 'version': '::apt'}]&quot;, 'c8y_SoftwareUpdate': [{'name': 'asciijump', 'action': 'install', 'id': '5475369', 'version': '::apt', 'url': ' '}, {'name': 'robotfindskitten', 'action': 'install', 'id': '5474869', 'version': '::apt', 'url': ' '}, {'name': 'squirrel3', 'action': 'install', 'id': '5475279', 'version': '::apt', 'url': ' '}]}
15:05:50 INFO  State of operation 17795085 : PENDING
15:05:52 INFO  State of operation 17795085 : EXECUTING
15:05:54 INFO  State of operation 17795085 : EXECUTING
15:05:57 INFO  State of operation 17795085 : EXECUTING
15:05:59 INFO  State of operation 17795085 : EXECUTING
15:06:01 INFO  State of operation 17795085 : EXECUTING
15:06:04 INFO  State of operation 17795085 : EXECUTING
15:06:07 INFO  State of operation 17795085 : EXECUTING
15:06:09 INFO  State of operation 17795085 : EXECUTING
15:06:11 INFO  State of operation 17795085 : EXECUTING
15:06:14 INFO  State of operation 17795085 : EXECUTING
15:06:16 INFO  State of operation 17795085 : EXECUTING
15:06:18 INFO  State of operation 17795085 : EXECUTING
15:06:20 INFO  State of operation 17795085 : EXECUTING
15:06:23 INFO  State of operation 17795085 : EXECUTING
15:06:25 INFO  State of operation 17795085 : EXECUTING
15:06:28 INFO  State of operation 17795085 : EXECUTING
15:06:30 INFO  State of operation 17795085 : EXECUTING
15:06:33 INFO  State of operation 17795085 : EXECUTING
15:06:35 INFO  State of operation 17795085 : EXECUTING
15:06:37 INFO  State of operation 17795085 : EXECUTING
15:06:40 INFO  State of operation 17795085 : EXECUTING
15:06:42 INFO  State of operation 17795085 : EXECUTING
15:06:44 INFO  State of operation 17795085 : EXECUTING
15:06:47 INFO  State of operation 17795085 : EXECUTING
15:06:49 INFO  State of operation 17795085 : EXECUTING
15:06:52 INFO  State of operation 17795085 : EXECUTING
15:06:54 INFO  State of operation 17795085 : EXECUTING
15:06:57 INFO  State of operation 17795085 : EXECUTING
15:06:59 INFO  State of operation 17795085 : EXECUTING
15:07:01 INFO  State of operation 17795085 : EXECUTING
15:07:03 INFO  State of operation 17795085 : EXECUTING
15:07:06 INFO  State of operation 17795085 : EXECUTING
15:07:08 INFO  State of operation 17795085 : EXECUTING
15:07:10 INFO  State of operation 17795085 : SUCCESSFUL
15:07:10 INFO  Assert that (False == value) with value=False ... passed
15:07:11 INFO  Package asciijump is installed
15:07:11 INFO  Assert that (True == value) with value=True ... passed
15:07:11 INFO  Package squirrel3 is installed
15:07:11 INFO  Assert that (True == value) with value=True ... passed
15:07:11 INFO  Package robotfindskitten is installed
15:07:11 INFO  Assert that (True == value) with value=True ... passed
15:07:11 INFO  Response status: 201
15:07:11 INFO  Response to action: {
    &quot;creationTime&quot;: &quot;2022-04-27T15:07:11.745Z&quot;,
    &quot;deviceName&quot;: &quot;mythica&quot;,
    &quot;deviceId&quot;: &quot;17788049&quot;,
    &quot;self&quot;: &quot;https://t493319102.eu-latest.cumulocity.com/devicecontrol/operations/17795093&quot;,
    &quot;id&quot;: &quot;17795093&quot;,
    &quot;status&quot;: &quot;PENDING&quot;,
    &quot;description&quot;: &quot;Apply software changes, triggered from PySys: [{'action': 'delete', 'id': '5475369', 'name': 'asciijump', 'url': ' ', 'version': '::apt'}, {'action': 'delete', 'id': '5474869', 'name': 'robotfindskitten', 'url': ' ', 'version': '::apt'}, {'action': 'delete', 'id': '5475279', 'name': 'squirrel3', 'url': ' ', 'version': '::apt'}]&quot;,
    &quot;c8y_SoftwareUpdate&quot;: [
        {
            &quot;name&quot;: &quot;asciijump&quot;,
            &quot;action&quot;: &quot;delete&quot;,
            &quot;id&quot;: &quot;5475369&quot;,
            &quot;version&quot;: &quot;::apt&quot;,
            &quot;url&quot;: &quot; &quot;
        },
        {
            &quot;name&quot;: &quot;robotfindskitten&quot;,
            &quot;action&quot;: &quot;delete&quot;,
            &quot;id&quot;: &quot;5474869&quot;,
            &quot;version&quot;: &quot;::apt&quot;,
            &quot;url&quot;: &quot; &quot;
        },
        {
            &quot;name&quot;: &quot;squirrel3&quot;,
            &quot;action&quot;: &quot;delete&quot;,
            &quot;id&quot;: &quot;5475279&quot;,
            &quot;version&quot;: &quot;::apt&quot;,
            &quot;url&quot;: &quot; &quot;
        }
    ]
}
15:07:11 INFO  Started operation: {'creationTime': '2022-04-27T15:07:11.745Z', 'deviceName': 'mythica', 'deviceId': '17788049', 'self': 'https://t493319102.eu-latest.cumulocity.com/devicecontrol/operations/17795093', 'id': '17795093', 'status': 'PENDING', 'description': &quot;Apply software changes, triggered from PySys: [{'action': 'delete', 'id': '5475369', 'name': 'asciijump', 'url': ' ', 'version': '::apt'}, {'action': 'delete', 'id': '5474869', 'name': 'robotfindskitten', 'url': ' ', 'version': '::apt'}, {'action': 'delete', 'id': '5475279', 'name': 'squirrel3', 'url': ' ', 'version': '::apt'}]&quot;, 'c8y_SoftwareUpdate': [{'name': 'asciijump', 'action': 'delete', 'id': '5475369', 'version': '::apt', 'url': ' '}, {'name': 'robotfindskitten', 'action': 'delete', 'id': '5474869', 'version': '::apt', 'url': ' '}, {'name': 'squirrel3', 'action': 'delete', 'id': '5475279', 'version': '::apt', 'url': ' '}]}
15:07:14 INFO  State of operation 17795093 : PENDING
15:07:16 INFO  State of operation 17795093 : EXECUTING
15:07:18 INFO  State of operation 17795093 : EXECUTING
15:07:20 INFO  State of operation 17795093 : EXECUTING
15:07:22 INFO  State of operation 17795093 : EXECUTING
15:07:25 INFO  State of operation 17795093 : EXECUTING
15:07:28 INFO  State of operation 17795093 : EXECUTING
15:07:30 INFO  State of operation 17795093 : EXECUTING
15:07:33 INFO  State of operation 17795093 : EXECUTING
15:07:35 INFO  State of operation 17795093 : EXECUTING
15:07:37 INFO  State of operation 17795093 : EXECUTING
15:07:40 INFO  State of operation 17795093 : EXECUTING
15:07:42 INFO  State of operation 17795093 : EXECUTING
15:07:44 INFO  State of operation 17795093 : EXECUTING
15:07:46 INFO  State of operation 17795093 : EXECUTING
15:07:49 INFO  State of operation 17795093 : EXECUTING
15:07:51 INFO  State of operation 17795093 : EXECUTING
15:07:54 INFO  State of operation 17795093 : EXECUTING
15:07:56 INFO  State of operation 17795093 : EXECUTING
15:07:58 INFO  State of operation 17795093 : EXECUTING
15:08:01 INFO  State of operation 17795093 : EXECUTING
15:08:03 INFO  State of operation 17795093 : EXECUTING
15:08:05 INFO  State of operation 17795093 : EXECUTING
15:08:07 INFO  State of operation 17795093 : EXECUTING
15:08:10 INFO  State of operation 17795093 : EXECUTING
15:08:12 INFO  State of operation 17795093 : EXECUTING
15:08:15 INFO  State of operation 17795093 : EXECUTING
15:08:17 INFO  State of operation 17795093 : EXECUTING
15:08:19 INFO  State of operation 17795093 : SUCCESSFUL
15:08:19 INFO  Assert that (False == value) with value=False ... passed
15:08:20 INFO  Assert that (False == value) with value=False ... passed
15:08:20 INFO  Assert that (False == value) with value=False ... passed
15:08:20 INFO  Assert that (False == value) with value=False ... passed
15:08:20 INFO  
15:08:20 INFO  cleanup:
15:08:24 INFO  Executed sudo&lt;tedge_disconnect_c8y&gt;, exit status 0
15:08:25 INFO  Executed systemctl&lt;serv_mapper5&gt;, exit status 3
15:08:25 INFO  
15:08:25 INFO  Test duration: 184.69 secs
15:08:25 INFO  Test final outcome:  FAILED
15:08:25 INFO  Test outcome reason: Assert that (False == value) with value=True
15:08:25 INFO  
</system-out>
	</testcase>
</testsuite>
