<?xml version="1.0" encoding="utf-8"?>
<testsuite failures="1" name="SoftwareManagement.sm_apt_install_remove_multiple" skipped="0" tests="1" time="185.56" timestamp="2022-05-02T15:53:14">
	<testcase classname="PySysTest" name="SoftwareManagement.sm_apt_install_remove_multiple">
		<failure message="FAILED: Assert that (False == value) with value=True" type="FAILED"/>
		<system-out>15:50:08 INFO  ==============================================================
15:50:08 INFO  Id:    SoftwareManagement.sm_apt_install_remove_multiple
15:50:08 INFO  Dir:   software_management_end_to_end/
15:50:08 INFO  Title: Validate end to end behaviour for the apt plugin for multiple packages
15:50:08 INFO  ==============================================================
15:50:08 INFO  Using sw id database: {'asciijump': '5475369', 'robotfindskitten': '5474869', 'squirrel3': '5475279', 'rolldice': '5152439', 'moon-buggy': '5439204', 'apple': '5495053', 'banana': '5494888', 'cherry': '5495382', 'watermelon': '5494510', 'registry': '8018911', 'hello-world': '8021526', 'docker/getting-started': '8021973', 'alpine': '7991792'}
15:50:08 INFO  EnvironmentC8y Setup
15:50:09 INFO  Executed systemctl&lt;serv_mapper1&gt;, exit status 3
15:50:09 INFO  Restarting mosquitto too frequently in the last 10 seconds. It was only up for 4 seconds
15:50:09 INFO  Delaying execution by 7 seconds
15:50:30 INFO  Executed sudo&lt;tedge_connect_c8y&gt;, exit status 0, duration 14 secs
15:50:31 INFO  Executed sudo&lt;tedge_connect_c8y_test&gt;, exit status 0
15:50:31 INFO  Executed systemctl&lt;serv_mosq2&gt;, exit status 0
15:50:32 INFO  Executed systemctl&lt;serv_mapper3&gt;, exit status 0
15:50:34 INFO  State of current operation: SUCCESSFUL
15:50:34 INFO  Assert that (False == value) with value=False ... passed
15:50:35 INFO  Assert that (False == value) with value=False ... passed
15:50:35 INFO  Assert that (False == value) with value=False ... passed
15:50:35 INFO  Package robotfindskitten is installed
15:50:35 WARN  Assert that (False == value) with value=True ... failed 
15:50:35 INFO  Response status: 201
15:50:35 INFO  Response to action: {
    &quot;creationTime&quot;: &quot;2022-05-02T15:50:35.731Z&quot;,
    &quot;deviceName&quot;: &quot;mythica&quot;,
    &quot;deviceId&quot;: &quot;18180749&quot;,
    &quot;self&quot;: &quot;https://t493319102.eu-latest.cumulocity.com/devicecontrol/operations/18211713&quot;,
    &quot;id&quot;: &quot;18211713&quot;,
    &quot;status&quot;: &quot;PENDING&quot;,
    &quot;description&quot;: &quot;Apply software changes, triggered from PySys: [{'action': 'install', 'id': '5475369', 'name': 'asciijump', 'url': ' ', 'version': '::apt'}, {'action': 'install', 'id': '5474869', 'name': 'robotfindskitten', 'url': ' ', 'version': '::apt'}, {'action': 'install', 'id': '5475279', 'name': 'squirrel3', 'url': ' ', 'version': '::apt'}]&quot;,
    &quot;c8y_SoftwareUpdate&quot;: [
        {
            &quot;name&quot;: &quot;asciijump&quot;,
            &quot;action&quot;: &quot;install&quot;,
            &quot;id&quot;: &quot;5475369&quot;,
            &quot;version&quot;: &quot;::apt&quot;,
            &quot;url&quot;: &quot; &quot;
        },
        {
            &quot;name&quot;: &quot;robotfindskitten&quot;,
            &quot;action&quot;: &quot;install&quot;,
            &quot;id&quot;: &quot;5474869&quot;,
            &quot;version&quot;: &quot;::apt&quot;,
            &quot;url&quot;: &quot; &quot;
        },
        {
            &quot;name&quot;: &quot;squirrel3&quot;,
            &quot;action&quot;: &quot;install&quot;,
            &quot;id&quot;: &quot;5475279&quot;,
            &quot;version&quot;: &quot;::apt&quot;,
            &quot;url&quot;: &quot; &quot;
        }
    ]
}
15:50:35 INFO  Started operation: {'creationTime': '2022-05-02T15:50:35.731Z', 'deviceName': 'mythica', 'deviceId': '18180749', 'self': 'https://t493319102.eu-latest.cumulocity.com/devicecontrol/operations/18211713', 'id': '18211713', 'status': 'PENDING', 'description': &quot;Apply software changes, triggered from PySys: [{'action': 'install', 'id': '5475369', 'name': 'asciijump', 'url': ' ', 'version': '::apt'}, {'action': 'install', 'id': '5474869', 'name': 'robotfindskitten', 'url': ' ', 'version': '::apt'}, {'action': 'install', 'id': '5475279', 'name': 'squirrel3', 'url': ' ', 'version': '::apt'}]&quot;, 'c8y_SoftwareUpdate': [{'name': 'asciijump', 'action': 'install', 'id': '5475369', 'version': '::apt', 'url': ' '}, {'name': 'robotfindskitten', 'action': 'install', 'id': '5474869', 'version': '::apt', 'url': ' '}, {'name': 'squirrel3', 'action': 'install', 'id': '5475279', 'version': '::apt', 'url': ' '}]}
15:50:37 INFO  State of operation 18211713 : PENDING
15:50:40 INFO  State of operation 18211713 : EXECUTING
15:50:42 INFO  State of operation 18211713 : EXECUTING
15:50:44 INFO  State of operation 18211713 : EXECUTING
15:50:46 INFO  State of operation 18211713 : EXECUTING
15:50:49 INFO  State of operation 18211713 : EXECUTING
15:50:51 INFO  State of operation 18211713 : EXECUTING
15:50:54 INFO  State of operation 18211713 : EXECUTING
15:50:57 INFO  State of operation 18211713 : EXECUTING
15:50:59 INFO  State of operation 18211713 : EXECUTING
15:51:02 INFO  State of operation 18211713 : EXECUTING
15:51:04 INFO  State of operation 18211713 : EXECUTING
15:51:06 INFO  State of operation 18211713 : EXECUTING
15:51:08 INFO  State of operation 18211713 : EXECUTING
15:51:11 INFO  State of operation 18211713 : EXECUTING
15:51:13 INFO  State of operation 18211713 : EXECUTING
15:51:15 INFO  State of operation 18211713 : EXECUTING
15:51:18 INFO  State of operation 18211713 : EXECUTING
15:51:20 INFO  State of operation 18211713 : EXECUTING
15:51:23 INFO  State of operation 18211713 : EXECUTING
15:51:25 INFO  State of operation 18211713 : EXECUTING
15:51:27 INFO  State of operation 18211713 : EXECUTING
15:51:30 INFO  State of operation 18211713 : EXECUTING
15:51:32 INFO  State of operation 18211713 : EXECUTING
15:51:35 INFO  State of operation 18211713 : EXECUTING
15:51:37 INFO  State of operation 18211713 : EXECUTING
15:51:40 INFO  State of operation 18211713 : EXECUTING
15:51:42 INFO  State of operation 18211713 : EXECUTING
15:51:45 INFO  State of operation 18211713 : EXECUTING
15:51:47 INFO  State of operation 18211713 : EXECUTING
15:51:49 INFO  State of operation 18211713 : EXECUTING
15:51:52 INFO  State of operation 18211713 : EXECUTING
15:51:54 INFO  State of operation 18211713 : EXECUTING
15:51:56 INFO  State of operation 18211713 : EXECUTING
15:51:58 INFO  State of operation 18211713 : SUCCESSFUL
15:51:58 INFO  Assert that (False == value) with value=False ... passed
15:51:59 INFO  Package asciijump is installed
15:51:59 INFO  Assert that (True == value) with value=True ... passed
15:51:59 INFO  Package squirrel3 is installed
15:51:59 INFO  Assert that (True == value) with value=True ... passed
15:51:59 INFO  Package robotfindskitten is installed
15:51:59 INFO  Assert that (True == value) with value=True ... passed
15:51:59 INFO  Response status: 201
15:51:59 INFO  Response to action: {
    &quot;creationTime&quot;: &quot;2022-05-02T15:51:59.842Z&quot;,
    &quot;deviceName&quot;: &quot;mythica&quot;,
    &quot;deviceId&quot;: &quot;18180749&quot;,
    &quot;self&quot;: &quot;https://t493319102.eu-latest.cumulocity.com/devicecontrol/operations/18211925&quot;,
    &quot;id&quot;: &quot;18211925&quot;,
    &quot;status&quot;: &quot;PENDING&quot;,
    &quot;description&quot;: &quot;Apply software changes, triggered from PySys: [{'action': 'delete', 'id': '5475369', 'name': 'asciijump', 'url': ' ', 'version': '::apt'}, {'action': 'delete', 'id': '5474869', 'name': 'robotfindskitten', 'url': ' ', 'version': '::apt'}, {'action': 'delete', 'id': '5475279', 'name': 'squirrel3', 'url': ' ', 'version': '::apt'}]&quot;,
    &quot;c8y_SoftwareUpdate&quot;: [
        {
            &quot;name&quot;: &quot;asciijump&quot;,
            &quot;action&quot;: &quot;delete&quot;,
            &quot;id&quot;: &quot;5475369&quot;,
            &quot;version&quot;: &quot;::apt&quot;,
            &quot;url&quot;: &quot; &quot;
        },
        {
            &quot;name&quot;: &quot;robotfindskitten&quot;,
            &quot;action&quot;: &quot;delete&quot;,
            &quot;id&quot;: &quot;5474869&quot;,
            &quot;version&quot;: &quot;::apt&quot;,
            &quot;url&quot;: &quot; &quot;
        },
        {
            &quot;name&quot;: &quot;squirrel3&quot;,
            &quot;action&quot;: &quot;delete&quot;,
            &quot;id&quot;: &quot;5475279&quot;,
            &quot;version&quot;: &quot;::apt&quot;,
            &quot;url&quot;: &quot; &quot;
        }
    ]
}
15:51:59 INFO  Started operation: {'creationTime': '2022-05-02T15:51:59.842Z', 'deviceName': 'mythica', 'deviceId': '18180749', 'self': 'https://t493319102.eu-latest.cumulocity.com/devicecontrol/operations/18211925', 'id': '18211925', 'status': 'PENDING', 'description': &quot;Apply software changes, triggered from PySys: [{'action': 'delete', 'id': '5475369', 'name': 'asciijump', 'url': ' ', 'version': '::apt'}, {'action': 'delete', 'id': '5474869', 'name': 'robotfindskitten', 'url': ' ', 'version': '::apt'}, {'action': 'delete', 'id': '5475279', 'name': 'squirrel3', 'url': ' ', 'version': '::apt'}]&quot;, 'c8y_SoftwareUpdate': [{'name': 'asciijump', 'action': 'delete', 'id': '5475369', 'version': '::apt', 'url': ' '}, {'name': 'robotfindskitten', 'action': 'delete', 'id': '5474869', 'version': '::apt', 'url': ' '}, {'name': 'squirrel3', 'action': 'delete', 'id': '5475279', 'version': '::apt', 'url': ' '}]}
15:52:02 INFO  State of operation 18211925 : PENDING
15:52:04 INFO  State of operation 18211925 : EXECUTING
15:52:06 INFO  State of operation 18211925 : EXECUTING
15:52:08 INFO  State of operation 18211925 : EXECUTING
15:52:10 INFO  State of operation 18211925 : EXECUTING
15:52:13 INFO  State of operation 18211925 : EXECUTING
15:52:15 INFO  State of operation 18211925 : EXECUTING
15:52:19 INFO  State of operation 18211925 : EXECUTING
15:52:21 INFO  State of operation 18211925 : EXECUTING
15:52:23 INFO  State of operation 18211925 : EXECUTING
15:52:26 INFO  State of operation 18211925 : EXECUTING
15:52:28 INFO  State of operation 18211925 : EXECUTING
15:52:30 INFO  State of operation 18211925 : EXECUTING
15:52:32 INFO  State of operation 18211925 : EXECUTING
15:52:35 INFO  State of operation 18211925 : EXECUTING
15:52:37 INFO  State of operation 18211925 : EXECUTING
15:52:39 INFO  State of operation 18211925 : EXECUTING
15:52:42 INFO  State of operation 18211925 : EXECUTING
15:52:44 INFO  State of operation 18211925 : EXECUTING
15:52:47 INFO  State of operation 18211925 : EXECUTING
15:52:49 INFO  State of operation 18211925 : EXECUTING
15:52:51 INFO  State of operation 18211925 : EXECUTING
15:52:53 INFO  State of operation 18211925 : EXECUTING
15:52:55 INFO  State of operation 18211925 : EXECUTING
15:52:58 INFO  State of operation 18211925 : EXECUTING
15:53:01 INFO  State of operation 18211925 : EXECUTING
15:53:03 INFO  State of operation 18211925 : EXECUTING
15:53:05 INFO  State of operation 18211925 : EXECUTING
15:53:07 INFO  State of operation 18211925 : SUCCESSFUL
15:53:08 INFO  Assert that (False == value) with value=False ... passed
15:53:08 INFO  Assert that (False == value) with value=False ... passed
15:53:08 INFO  Assert that (False == value) with value=False ... passed
15:53:08 INFO  Assert that (False == value) with value=False ... passed
15:53:08 INFO  
15:53:08 INFO  cleanup:
15:53:13 INFO  Executed sudo&lt;tedge_disconnect_c8y&gt;, exit status 0
15:53:14 INFO  Executed systemctl&lt;serv_mapper5&gt;, exit status 3
15:53:14 INFO  
15:53:14 INFO  Test duration: 185.56 secs
15:53:14 INFO  Test final outcome:  FAILED
15:53:14 INFO  Test outcome reason: Assert that (False == value) with value=True
15:53:14 INFO  
</system-out>
	</testcase>
</testsuite>
