<?xml version="1.0" encoding="utf-8"?>
<testsuite failures="1" name="SoftwareManagement.sm_apt_install_remove_multiple" skipped="0" tests="1" time="189.82" timestamp="2022-04-21T14:25:39">
	<testcase classname="PySysTest" name="SoftwareManagement.sm_apt_install_remove_multiple">
		<failure message="FAILED: Assert that (False == value) with value=True" type="FAILED"/>
		<system-out>14:22:29 INFO  ==============================================================
14:22:29 INFO  Id:    SoftwareManagement.sm_apt_install_remove_multiple
14:22:29 INFO  Dir:   software_management_end_to_end/
14:22:29 INFO  Title: Validate end to end behaviour for the apt plugin for multiple packages
14:22:29 INFO  ==============================================================
14:22:29 INFO  Using sw id database: {'asciijump': '5475369', 'robotfindskitten': '5474869', 'squirrel3': '5475279', 'rolldice': '5152439', 'moon-buggy': '5439204', 'apple': '5495053', 'banana': '5494888', 'cherry': '5495382', 'watermelon': '5494510', 'registry': '8018911', 'hello-world': '8021526', 'docker/getting-started': '8021973', 'alpine': '7991792'}
14:22:29 INFO  EnvironmentC8y Setup
14:22:29 INFO  Executed systemctl&lt;serv_mapper1&gt;, exit status 3
14:22:29 INFO  Restarting mosquitto too frequently in the last 10 seconds. It was only up for 5 seconds
14:22:29 INFO  Delaying execution by 6 seconds
14:22:50 INFO  Executed sudo&lt;tedge_connect_c8y&gt;, exit status 0, duration 15 secs
14:22:51 INFO  Executed sudo&lt;tedge_connect_c8y_test&gt;, exit status 0
14:22:52 INFO  Executed systemctl&lt;serv_mosq2&gt;, exit status 0
14:22:52 INFO  Executed systemctl&lt;serv_mapper3&gt;, exit status 0
14:22:54 INFO  State of current operation: SUCCESSFUL
14:22:55 INFO  Assert that (False == value) with value=False ... passed
14:22:55 INFO  Assert that (False == value) with value=False ... passed
14:22:55 INFO  Assert that (False == value) with value=False ... passed
14:22:55 INFO  Package robotfindskitten is installed
14:22:55 WARN  Assert that (False == value) with value=True ... failed 
14:22:56 INFO  Response status: 201
14:22:56 INFO  Response to action: {
    &quot;creationTime&quot;: &quot;2022-04-21T14:22:55.970Z&quot;,
    &quot;deviceName&quot;: &quot;mythica&quot;,
    &quot;deviceId&quot;: &quot;17556832&quot;,
    &quot;self&quot;: &quot;https://t493319102.eu-latest.cumulocity.com/devicecontrol/operations/17588670&quot;,
    &quot;id&quot;: &quot;17588670&quot;,
    &quot;status&quot;: &quot;PENDING&quot;,
    &quot;description&quot;: &quot;Apply software changes, triggered from PySys: [{'action': 'install', 'id': '5475369', 'name': 'asciijump', 'url': ' ', 'version': '::apt'}, {'action': 'install', 'id': '5474869', 'name': 'robotfindskitten', 'url': ' ', 'version': '::apt'}, {'action': 'install', 'id': '5475279', 'name': 'squirrel3', 'url': ' ', 'version': '::apt'}]&quot;,
    &quot;c8y_SoftwareUpdate&quot;: [
        {
            &quot;name&quot;: &quot;asciijump&quot;,
            &quot;action&quot;: &quot;install&quot;,
            &quot;id&quot;: &quot;5475369&quot;,
            &quot;version&quot;: &quot;::apt&quot;,
            &quot;url&quot;: &quot; &quot;
        },
        {
            &quot;name&quot;: &quot;robotfindskitten&quot;,
            &quot;action&quot;: &quot;install&quot;,
            &quot;id&quot;: &quot;5474869&quot;,
            &quot;version&quot;: &quot;::apt&quot;,
            &quot;url&quot;: &quot; &quot;
        },
        {
            &quot;name&quot;: &quot;squirrel3&quot;,
            &quot;action&quot;: &quot;install&quot;,
            &quot;id&quot;: &quot;5475279&quot;,
            &quot;version&quot;: &quot;::apt&quot;,
            &quot;url&quot;: &quot; &quot;
        }
    ]
}
14:22:56 INFO  Started operation: {'creationTime': '2022-04-21T14:22:55.970Z', 'deviceName': 'mythica', 'deviceId': '17556832', 'self': 'https://t493319102.eu-latest.cumulocity.com/devicecontrol/operations/17588670', 'id': '17588670', 'status': 'PENDING', 'description': &quot;Apply software changes, triggered from PySys: [{'action': 'install', 'id': '5475369', 'name': 'asciijump', 'url': ' ', 'version': '::apt'}, {'action': 'install', 'id': '5474869', 'name': 'robotfindskitten', 'url': ' ', 'version': '::apt'}, {'action': 'install', 'id': '5475279', 'name': 'squirrel3', 'url': ' ', 'version': '::apt'}]&quot;, 'c8y_SoftwareUpdate': [{'name': 'asciijump', 'action': 'install', 'id': '5475369', 'version': '::apt', 'url': ' '}, {'name': 'robotfindskitten', 'action': 'install', 'id': '5474869', 'version': '::apt', 'url': ' '}, {'name': 'squirrel3', 'action': 'install', 'id': '5475279', 'version': '::apt', 'url': ' '}]}
14:22:58 INFO  State of operation 17588670 : PENDING
14:23:00 INFO  State of operation 17588670 : EXECUTING
14:23:02 INFO  State of operation 17588670 : EXECUTING
14:23:04 INFO  State of operation 17588670 : EXECUTING
14:23:07 INFO  State of operation 17588670 : EXECUTING
14:23:09 INFO  State of operation 17588670 : EXECUTING
14:23:12 INFO  State of operation 17588670 : EXECUTING
14:23:14 INFO  State of operation 17588670 : EXECUTING
14:23:17 INFO  State of operation 17588670 : EXECUTING
14:23:19 INFO  State of operation 17588670 : EXECUTING
14:23:21 INFO  State of operation 17588670 : EXECUTING
14:23:24 INFO  State of operation 17588670 : EXECUTING
14:23:26 INFO  State of operation 17588670 : EXECUTING
14:23:29 INFO  State of operation 17588670 : EXECUTING
14:23:31 INFO  State of operation 17588670 : EXECUTING
14:23:33 INFO  State of operation 17588670 : EXECUTING
14:23:35 INFO  State of operation 17588670 : EXECUTING
14:23:38 INFO  State of operation 17588670 : EXECUTING
14:23:41 INFO  State of operation 17588670 : EXECUTING
14:23:43 INFO  State of operation 17588670 : EXECUTING
14:23:45 INFO  State of operation 17588670 : EXECUTING
14:23:47 INFO  State of operation 17588670 : EXECUTING
14:23:50 INFO  State of operation 17588670 : EXECUTING
14:23:53 INFO  State of operation 17588670 : EXECUTING
14:23:55 INFO  State of operation 17588670 : EXECUTING
14:23:57 INFO  State of operation 17588670 : EXECUTING
14:23:59 INFO  State of operation 17588670 : EXECUTING
14:24:02 INFO  State of operation 17588670 : EXECUTING
14:24:04 INFO  State of operation 17588670 : EXECUTING
14:24:07 INFO  State of operation 17588670 : EXECUTING
14:24:09 INFO  State of operation 17588670 : EXECUTING
14:24:11 INFO  State of operation 17588670 : EXECUTING
14:24:14 INFO  State of operation 17588670 : EXECUTING
14:24:16 INFO  State of operation 17588670 : EXECUTING
14:24:18 INFO  State of operation 17588670 : EXECUTING
14:24:20 INFO  State of operation 17588670 : EXECUTING
14:24:22 INFO  State of operation 17588670 : SUCCESSFUL
14:24:23 INFO  Assert that (False == value) with value=False ... passed
14:24:23 INFO  Package asciijump is installed
14:24:23 INFO  Assert that (True == value) with value=True ... passed
14:24:23 INFO  Package squirrel3 is installed
14:24:23 INFO  Assert that (True == value) with value=True ... passed
14:24:23 INFO  Package robotfindskitten is installed
14:24:23 INFO  Assert that (True == value) with value=True ... passed
14:24:24 INFO  Response status: 201
14:24:24 INFO  Response to action: {
    &quot;creationTime&quot;: &quot;2022-04-21T14:24:24.019Z&quot;,
    &quot;deviceName&quot;: &quot;mythica&quot;,
    &quot;deviceId&quot;: &quot;17556832&quot;,
    &quot;self&quot;: &quot;https://t493319102.eu-latest.cumulocity.com/devicecontrol/operations/17588678&quot;,
    &quot;id&quot;: &quot;17588678&quot;,
    &quot;status&quot;: &quot;PENDING&quot;,
    &quot;description&quot;: &quot;Apply software changes, triggered from PySys: [{'action': 'delete', 'id': '5475369', 'name': 'asciijump', 'url': ' ', 'version': '::apt'}, {'action': 'delete', 'id': '5474869', 'name': 'robotfindskitten', 'url': ' ', 'version': '::apt'}, {'action': 'delete', 'id': '5475279', 'name': 'squirrel3', 'url': ' ', 'version': '::apt'}]&quot;,
    &quot;c8y_SoftwareUpdate&quot;: [
        {
            &quot;name&quot;: &quot;asciijump&quot;,
            &quot;action&quot;: &quot;delete&quot;,
            &quot;id&quot;: &quot;5475369&quot;,
            &quot;version&quot;: &quot;::apt&quot;,
            &quot;url&quot;: &quot; &quot;
        },
        {
            &quot;name&quot;: &quot;robotfindskitten&quot;,
            &quot;action&quot;: &quot;delete&quot;,
            &quot;id&quot;: &quot;5474869&quot;,
            &quot;version&quot;: &quot;::apt&quot;,
            &quot;url&quot;: &quot; &quot;
        },
        {
            &quot;name&quot;: &quot;squirrel3&quot;,
            &quot;action&quot;: &quot;delete&quot;,
            &quot;id&quot;: &quot;5475279&quot;,
            &quot;version&quot;: &quot;::apt&quot;,
            &quot;url&quot;: &quot; &quot;
        }
    ]
}
14:24:24 INFO  Started operation: {'creationTime': '2022-04-21T14:24:24.019Z', 'deviceName': 'mythica', 'deviceId': '17556832', 'self': 'https://t493319102.eu-latest.cumulocity.com/devicecontrol/operations/17588678', 'id': '17588678', 'status': 'PENDING', 'description': &quot;Apply software changes, triggered from PySys: [{'action': 'delete', 'id': '5475369', 'name': 'asciijump', 'url': ' ', 'version': '::apt'}, {'action': 'delete', 'id': '5474869', 'name': 'robotfindskitten', 'url': ' ', 'version': '::apt'}, {'action': 'delete', 'id': '5475279', 'name': 'squirrel3', 'url': ' ', 'version': '::apt'}]&quot;, 'c8y_SoftwareUpdate': [{'name': 'asciijump', 'action': 'delete', 'id': '5475369', 'version': '::apt', 'url': ' '}, {'name': 'robotfindskitten', 'action': 'delete', 'id': '5474869', 'version': '::apt', 'url': ' '}, {'name': 'squirrel3', 'action': 'delete', 'id': '5475279', 'version': '::apt', 'url': ' '}]}
14:24:26 INFO  State of operation 17588678 : PENDING
14:24:28 INFO  State of operation 17588678 : EXECUTING
14:24:30 INFO  State of operation 17588678 : EXECUTING
14:24:32 INFO  State of operation 17588678 : EXECUTING
14:24:35 INFO  State of operation 17588678 : EXECUTING
14:24:37 INFO  State of operation 17588678 : EXECUTING
14:24:40 INFO  State of operation 17588678 : EXECUTING
14:24:42 INFO  State of operation 17588678 : EXECUTING
14:24:45 INFO  State of operation 17588678 : EXECUTING
14:24:47 INFO  State of operation 17588678 : EXECUTING
14:24:49 INFO  State of operation 17588678 : EXECUTING
14:24:52 INFO  State of operation 17588678 : EXECUTING
14:24:54 INFO  State of operation 17588678 : EXECUTING
14:24:56 INFO  State of operation 17588678 : EXECUTING
14:24:58 INFO  State of operation 17588678 : EXECUTING
14:25:01 INFO  State of operation 17588678 : EXECUTING
14:25:03 INFO  State of operation 17588678 : EXECUTING
14:25:05 INFO  State of operation 17588678 : EXECUTING
14:25:09 INFO  State of operation 17588678 : EXECUTING
14:25:11 INFO  State of operation 17588678 : EXECUTING
14:25:13 INFO  State of operation 17588678 : EXECUTING
14:25:16 INFO  State of operation 17588678 : EXECUTING
14:25:18 INFO  State of operation 17588678 : EXECUTING
14:25:20 INFO  State of operation 17588678 : EXECUTING
14:25:22 INFO  State of operation 17588678 : EXECUTING
14:25:25 INFO  State of operation 17588678 : EXECUTING
14:25:28 INFO  State of operation 17588678 : EXECUTING
14:25:30 INFO  State of operation 17588678 : EXECUTING
14:25:32 INFO  State of operation 17588678 : SUCCESSFUL
14:25:32 INFO  Assert that (False == value) with value=False ... passed
14:25:33 INFO  Assert that (False == value) with value=False ... passed
14:25:33 INFO  Assert that (False == value) with value=False ... passed
14:25:33 INFO  Assert that (False == value) with value=False ... passed
14:25:33 INFO  
14:25:33 INFO  cleanup:
14:25:38 INFO  Executed sudo&lt;tedge_disconnect_c8y&gt;, exit status 0
14:25:39 INFO  Executed systemctl&lt;serv_mapper5&gt;, exit status 3
14:25:39 INFO  
14:25:39 INFO  Test duration: 189.82 secs
14:25:39 INFO  Test final outcome:  FAILED
14:25:39 INFO  Test outcome reason: Assert that (False == value) with value=True
14:25:39 INFO  
</system-out>
	</testcase>
</testsuite>
