<?xml version="1.0" encoding="utf-8"?>
<testsuite failures="1" name="SoftwareManagement.sm_apt_install_fail" skipped="0" tests="1" time="79.17" timestamp="2022-05-04T08:36:42">
	<testcase classname="PySysTest" name="SoftwareManagement.sm_apt_install_fail">
		<failure message="BLOCKED: SystemError: The Sofware list is empty !!!" type="BLOCKED"/>
		<system-out>08:35:23 INFO  ==============================================================
08:35:23 INFO  Id:    SoftwareManagement.sm_apt_install_fail
08:35:23 INFO  Dir:   software_management_end_to_end/
08:35:23 INFO  Title: Validate end to end behaviour for a failing installation
08:35:23 INFO  ==============================================================
08:35:23 INFO  Using sw id database: {'asciijump': '5475369', 'robotfindskitten': '5474869', 'squirrel3': '5475279', 'rolldice': '5152439', 'moon-buggy': '5439204', 'apple': '5495053', 'banana': '5494888', 'cherry': '5495382', 'watermelon': '5494510', 'registry': '8018911', 'hello-world': '8021526', 'docker/getting-started': '8021973', 'alpine': '7991792'}
08:35:23 INFO  EnvironmentC8y Setup
08:35:24 INFO  Executed systemctl&lt;serv_mapper1&gt;, exit status 3
08:35:24 INFO  Restarting mosquitto too frequently in the last 10 seconds. It was only up for 5 seconds
08:35:24 INFO  Delaying execution by 6 seconds
08:35:44 INFO  Executed sudo&lt;tedge_connect_c8y&gt;, exit status 0, duration 14 secs
08:35:45 INFO  Executed sudo&lt;tedge_connect_c8y_test&gt;, exit status 0
08:35:46 INFO  Executed systemctl&lt;serv_mosq2&gt;, exit status 0
08:35:46 INFO  Executed systemctl&lt;serv_mapper3&gt;, exit status 0
08:35:48 INFO  State of current operation: SUCCESSFUL
08:35:48 INFO  Response status: 201
08:35:48 INFO  Response to action: {
    &quot;creationTime&quot;: &quot;2022-05-04T08:35:48.917Z&quot;,
    &quot;deviceName&quot;: &quot;mythica&quot;,
    &quot;deviceId&quot;: &quot;18347007&quot;,
    &quot;self&quot;: &quot;https://t493319102.eu-latest.cumulocity.com/devicecontrol/operations/18369894&quot;,
    &quot;id&quot;: &quot;18369894&quot;,
    &quot;status&quot;: &quot;PENDING&quot;,
    &quot;description&quot;: &quot;Apply software changes, triggered from PySys: [{'name': 'does_not_exist', 'id': '5446165', 'version': '::apt', 'url': '', 'action': 'install'}]&quot;,
    &quot;c8y_SoftwareUpdate&quot;: [
        {
            &quot;name&quot;: &quot;does_not_exist&quot;,
            &quot;action&quot;: &quot;install&quot;,
            &quot;id&quot;: &quot;5446165&quot;,
            &quot;version&quot;: &quot;::apt&quot;,
            &quot;url&quot;: &quot;&quot;
        }
    ]
}
08:35:48 INFO  Started operation: {'creationTime': '2022-05-04T08:35:48.917Z', 'deviceName': 'mythica', 'deviceId': '18347007', 'self': 'https://t493319102.eu-latest.cumulocity.com/devicecontrol/operations/18369894', 'id': '18369894', 'status': 'PENDING', 'description': &quot;Apply software changes, triggered from PySys: [{'name': 'does_not_exist', 'id': '5446165', 'version': '::apt', 'url': '', 'action': 'install'}]&quot;, 'c8y_SoftwareUpdate': [{'name': 'does_not_exist', 'action': 'install', 'id': '5446165', 'version': '::apt', 'url': ''}]}
08:35:51 INFO  State of operation 18369894 : PENDING
08:35:53 INFO  State of operation 18369894 : EXECUTING
08:35:55 INFO  State of operation 18369894 : EXECUTING
08:35:57 INFO  State of operation 18369894 : EXECUTING
08:36:00 INFO  State of operation 18369894 : EXECUTING
08:36:02 INFO  State of operation 18369894 : EXECUTING
08:36:04 INFO  State of operation 18369894 : EXECUTING
08:36:07 INFO  State of operation 18369894 : EXECUTING
08:36:09 INFO  State of operation 18369894 : EXECUTING
08:36:12 INFO  State of operation 18369894 : EXECUTING
08:36:14 INFO  State of operation 18369894 : EXECUTING
08:36:16 INFO  State of operation 18369894 : EXECUTING
08:36:18 INFO  State of operation 18369894 : EXECUTING
08:36:21 INFO  State of operation 18369894 : EXECUTING
08:36:23 INFO  State of operation 18369894 : EXECUTING
08:36:25 INFO  State of operation 18369894 : EXECUTING
08:36:28 INFO  State of operation 18369894 : EXECUTING
08:36:30 INFO  State of operation 18369894 : EXECUTING
08:36:33 INFO  State of operation 18369894 : EXECUTING
08:36:35 INFO  State of operation 18369894 : EXECUTING
08:36:37 INFO  State of operation 18369894 : FAILED
08:36:37 WARN  SystemError occurred while running test - The Sofware list is empty !!!
Traceback (most recent call last):
  File &quot;/home/pi/env-pysys/lib/python3.7/site-packages/pysys/baserunner.py&quot;, line 1296, in __call__
    self.testObj.validate()
  File &quot;/home/pi/actions-runner/_work/thin-edge.io/thin-edge.io/tests/PySys/software_management_end_to_end/sm_apt_install_fail/run.py&quot;, line 31, in validate
    &quot;False == value&quot;, value=self.check_is_installed(&quot;does_not_exist&quot;)
  File &quot;/home/pi/actions-runner/_work/thin-edge.io/thin-edge.io/tests/PySys/software_management_end_to_end/environment_sm_management.py&quot;, line 399, in check_is_installed
    raise SystemError(&quot;The Sofware list is empty !!!&quot;)
SystemError: The Sofware list is empty !!!
08:36:37 WARN  SystemError: The Sofware list is empty !!! ... blocked 
08:36:37 INFO  
08:36:37 INFO  cleanup:
08:36:42 INFO  Executed sudo&lt;tedge_disconnect_c8y&gt;, exit status 0
08:36:42 INFO  Executed systemctl&lt;serv_mapper5&gt;, exit status 3
08:36:42 INFO  
08:36:42 INFO  Test duration: 79.17 secs
08:36:42 INFO  Test final outcome:  BLOCKED
08:36:42 INFO  Test outcome reason: SystemError: The Sofware list is empty !!!
08:36:42 INFO  
</system-out>
	</testcase>
</testsuite>
