<?xml version="1.0" encoding="utf-8"?>
<testsuite failures="0" name="apt_install_fail" skipped="0" tests="1" time="11.92" timestamp="2022-05-11T11:53:05">
	<testcase classname="AptPluginInstallFail" name="apt_install_fail"/>
</testsuite>
