<?xml version="1.0" encoding="utf-8"?>
<testsuite failures="0" name="apt_update_list" skipped="0" tests="1" time="167.52" timestamp="2022-05-04T08:34:27">
	<testcase classname="AptPluginUpdateList" name="apt_update_list"/>
</testsuite>
