<?xml version="1.0" encoding="utf-8"?>
<testsuite failures="0" name="apt_prepare" skipped="0" tests="1" time="22.27" timestamp="2022-04-21T14:02:50">
	<testcase classname="AptPluginPrepare" name="apt_prepare"/>
</testsuite>
