<?xml version="1.0" encoding="utf-8"?>
<testsuite failures="1" name="SoftwareManagement.sm_apt_install_remove_multiple" skipped="0" tests="1" time="183.62" timestamp="2022-05-03T08:39:59">
	<testcase classname="PySysTest" name="SoftwareManagement.sm_apt_install_remove_multiple">
		<failure message="FAILED: Assert that (False == value) with value=True" type="FAILED"/>
		<system-out>08:36:55 INFO  ==============================================================
08:36:55 INFO  Id:    SoftwareManagement.sm_apt_install_remove_multiple
08:36:55 INFO  Dir:   software_management_end_to_end/
08:36:55 INFO  Title: Validate end to end behaviour for the apt plugin for multiple packages
08:36:55 INFO  ==============================================================
08:36:55 INFO  Using sw id database: {'asciijump': '5475369', 'robotfindskitten': '5474869', 'squirrel3': '5475279', 'rolldice': '5152439', 'moon-buggy': '5439204', 'apple': '5495053', 'banana': '5494888', 'cherry': '5495382', 'watermelon': '5494510', 'registry': '8018911', 'hello-world': '8021526', 'docker/getting-started': '8021973', 'alpine': '7991792'}
08:36:55 INFO  EnvironmentC8y Setup
08:36:56 INFO  Executed systemctl&lt;serv_mapper1&gt;, exit status 3
08:36:56 INFO  Restarting mosquitto too frequently in the last 10 seconds. It was only up for 5 seconds
08:36:56 INFO  Delaying execution by 6 seconds
08:37:16 INFO  Executed sudo&lt;tedge_connect_c8y&gt;, exit status 0, duration 14 secs
08:37:17 INFO  Executed sudo&lt;tedge_connect_c8y_test&gt;, exit status 0
08:37:17 INFO  Executed systemctl&lt;serv_mosq2&gt;, exit status 0
08:37:18 INFO  Executed systemctl&lt;serv_mapper3&gt;, exit status 0
08:37:20 INFO  State of current operation: SUCCESSFUL
08:37:20 INFO  Assert that (False == value) with value=False ... passed
08:37:21 INFO  Assert that (False == value) with value=False ... passed
08:37:21 INFO  Assert that (False == value) with value=False ... passed
08:37:21 INFO  Package robotfindskitten is installed
08:37:21 WARN  Assert that (False == value) with value=True ... failed 
08:37:21 INFO  Response status: 201
08:37:21 INFO  Response to action: {
    &quot;delivery&quot;: {
        &quot;time&quot;: &quot;2022-05-03T08:37:21.911Z&quot;,
        &quot;log&quot;: [],
        &quot;status&quot;: &quot;PENDING&quot;
    },
    &quot;creationTime&quot;: &quot;2022-05-03T08:37:21.895Z&quot;,
    &quot;deviceName&quot;: &quot;mythica&quot;,
    &quot;deviceId&quot;: &quot;18245384&quot;,
    &quot;self&quot;: &quot;https://t493319102.eu-latest.cumulocity.com/devicecontrol/operations/18263593&quot;,
    &quot;id&quot;: &quot;18263593&quot;,
    &quot;status&quot;: &quot;PENDING&quot;,
    &quot;description&quot;: &quot;Apply software changes, triggered from PySys: [{'action': 'install', 'id': '5475369', 'name': 'asciijump', 'url': ' ', 'version': '::apt'}, {'action': 'install', 'id': '5474869', 'name': 'robotfindskitten', 'url': ' ', 'version': '::apt'}, {'action': 'install', 'id': '5475279', 'name': 'squirrel3', 'url': ' ', 'version': '::apt'}]&quot;,
    &quot;c8y_SoftwareUpdate&quot;: [
        {
            &quot;name&quot;: &quot;asciijump&quot;,
            &quot;action&quot;: &quot;install&quot;,
            &quot;id&quot;: &quot;5475369&quot;,
            &quot;version&quot;: &quot;::apt&quot;,
            &quot;url&quot;: &quot; &quot;
        },
        {
            &quot;name&quot;: &quot;robotfindskitten&quot;,
            &quot;action&quot;: &quot;install&quot;,
            &quot;id&quot;: &quot;5474869&quot;,
            &quot;version&quot;: &quot;::apt&quot;,
            &quot;url&quot;: &quot; &quot;
        },
        {
            &quot;name&quot;: &quot;squirrel3&quot;,
            &quot;action&quot;: &quot;install&quot;,
            &quot;id&quot;: &quot;5475279&quot;,
            &quot;version&quot;: &quot;::apt&quot;,
            &quot;url&quot;: &quot; &quot;
        }
    ]
}
08:37:21 INFO  Started operation: {'delivery': {'time': '2022-05-03T08:37:21.911Z', 'log': [], 'status': 'PENDING'}, 'creationTime': '2022-05-03T08:37:21.895Z', 'deviceName': 'mythica', 'deviceId': '18245384', 'self': 'https://t493319102.eu-latest.cumulocity.com/devicecontrol/operations/18263593', 'id': '18263593', 'status': 'PENDING', 'description': &quot;Apply software changes, triggered from PySys: [{'action': 'install', 'id': '5475369', 'name': 'asciijump', 'url': ' ', 'version': '::apt'}, {'action': 'install', 'id': '5474869', 'name': 'robotfindskitten', 'url': ' ', 'version': '::apt'}, {'action': 'install', 'id': '5475279', 'name': 'squirrel3', 'url': ' ', 'version': '::apt'}]&quot;, 'c8y_SoftwareUpdate': [{'name': 'asciijump', 'action': 'install', 'id': '5475369', 'version': '::apt', 'url': ' '}, {'name': 'robotfindskitten', 'action': 'install', 'id': '5474869', 'version': '::apt', 'url': ' '}, {'name': 'squirrel3', 'action': 'install', 'id': '5475279', 'version': '::apt', 'url': ' '}]}
08:37:24 INFO  State of operation 18263593 : PENDING
08:37:26 INFO  State of operation 18263593 : EXECUTING
08:37:28 INFO  State of operation 18263593 : EXECUTING
08:37:30 INFO  State of operation 18263593 : EXECUTING
08:37:33 INFO  State of operation 18263593 : EXECUTING
08:37:35 INFO  State of operation 18263593 : EXECUTING
08:37:37 INFO  State of operation 18263593 : EXECUTING
08:37:40 INFO  State of operation 18263593 : EXECUTING
08:37:43 INFO  State of operation 18263593 : EXECUTING
08:37:45 INFO  State of operation 18263593 : EXECUTING
08:37:48 INFO  State of operation 18263593 : EXECUTING
08:37:50 INFO  State of operation 18263593 : EXECUTING
08:37:52 INFO  State of operation 18263593 : EXECUTING
08:37:54 INFO  State of operation 18263593 : EXECUTING
08:37:56 INFO  State of operation 18263593 : EXECUTING
08:37:59 INFO  State of operation 18263593 : EXECUTING
08:38:01 INFO  State of operation 18263593 : EXECUTING
08:38:03 INFO  State of operation 18263593 : EXECUTING
08:38:06 INFO  State of operation 18263593 : EXECUTING
08:38:08 INFO  State of operation 18263593 : EXECUTING
08:38:11 INFO  State of operation 18263593 : EXECUTING
08:38:13 INFO  State of operation 18263593 : EXECUTING
08:38:15 INFO  State of operation 18263593 : EXECUTING
08:38:17 INFO  State of operation 18263593 : EXECUTING
08:38:20 INFO  State of operation 18263593 : EXECUTING
08:38:22 INFO  State of operation 18263593 : EXECUTING
08:38:25 INFO  State of operation 18263593 : EXECUTING
08:38:27 INFO  State of operation 18263593 : EXECUTING
08:38:30 INFO  State of operation 18263593 : EXECUTING
08:38:32 INFO  State of operation 18263593 : EXECUTING
08:38:35 INFO  State of operation 18263593 : EXECUTING
08:38:37 INFO  State of operation 18263593 : EXECUTING
08:38:39 INFO  State of operation 18263593 : EXECUTING
08:38:41 INFO  State of operation 18263593 : EXECUTING
08:38:44 INFO  State of operation 18263593 : SUCCESSFUL
08:38:44 INFO  Assert that (False == value) with value=False ... passed
08:38:44 INFO  Package asciijump is installed
08:38:44 INFO  Assert that (True == value) with value=True ... passed
08:38:44 INFO  Package squirrel3 is installed
08:38:44 INFO  Assert that (True == value) with value=True ... passed
08:38:44 INFO  Package robotfindskitten is installed
08:38:44 INFO  Assert that (True == value) with value=True ... passed
08:38:45 INFO  Response status: 201
08:38:45 INFO  Response to action: {
    &quot;delivery&quot;: {
        &quot;time&quot;: &quot;2022-05-03T08:38:45.099Z&quot;,
        &quot;log&quot;: [],
        &quot;status&quot;: &quot;PENDING&quot;
    },
    &quot;creationTime&quot;: &quot;2022-05-03T08:38:45.086Z&quot;,
    &quot;deviceName&quot;: &quot;mythica&quot;,
    &quot;deviceId&quot;: &quot;18245384&quot;,
    &quot;self&quot;: &quot;https://t493319102.eu-latest.cumulocity.com/devicecontrol/operations/18263614&quot;,
    &quot;id&quot;: &quot;18263614&quot;,
    &quot;status&quot;: &quot;PENDING&quot;,
    &quot;description&quot;: &quot;Apply software changes, triggered from PySys: [{'action': 'delete', 'id': '5475369', 'name': 'asciijump', 'url': ' ', 'version': '::apt'}, {'action': 'delete', 'id': '5474869', 'name': 'robotfindskitten', 'url': ' ', 'version': '::apt'}, {'action': 'delete', 'id': '5475279', 'name': 'squirrel3', 'url': ' ', 'version': '::apt'}]&quot;,
    &quot;c8y_SoftwareUpdate&quot;: [
        {
            &quot;name&quot;: &quot;asciijump&quot;,
            &quot;action&quot;: &quot;delete&quot;,
            &quot;id&quot;: &quot;5475369&quot;,
            &quot;version&quot;: &quot;::apt&quot;,
            &quot;url&quot;: &quot; &quot;
        },
        {
            &quot;name&quot;: &quot;robotfindskitten&quot;,
            &quot;action&quot;: &quot;delete&quot;,
            &quot;id&quot;: &quot;5474869&quot;,
            &quot;version&quot;: &quot;::apt&quot;,
            &quot;url&quot;: &quot; &quot;
        },
        {
            &quot;name&quot;: &quot;squirrel3&quot;,
            &quot;action&quot;: &quot;delete&quot;,
            &quot;id&quot;: &quot;5475279&quot;,
            &quot;version&quot;: &quot;::apt&quot;,
            &quot;url&quot;: &quot; &quot;
        }
    ]
}
08:38:45 INFO  Started operation: {'delivery': {'time': '2022-05-03T08:38:45.099Z', 'log': [], 'status': 'PENDING'}, 'creationTime': '2022-05-03T08:38:45.086Z', 'deviceName': 'mythica', 'deviceId': '18245384', 'self': 'https://t493319102.eu-latest.cumulocity.com/devicecontrol/operations/18263614', 'id': '18263614', 'status': 'PENDING', 'description': &quot;Apply software changes, triggered from PySys: [{'action': 'delete', 'id': '5475369', 'name': 'asciijump', 'url': ' ', 'version': '::apt'}, {'action': 'delete', 'id': '5474869', 'name': 'robotfindskitten', 'url': ' ', 'version': '::apt'}, {'action': 'delete', 'id': '5475279', 'name': 'squirrel3', 'url': ' ', 'version': '::apt'}]&quot;, 'c8y_SoftwareUpdate': [{'name': 'asciijump', 'action': 'delete', 'id': '5475369', 'version': '::apt', 'url': ' '}, {'name': 'robotfindskitten', 'action': 'delete', 'id': '5474869', 'version': '::apt', 'url': ' '}, {'name': 'squirrel3', 'action': 'delete', 'id': '5475279', 'version': '::apt', 'url': ' '}]}
08:38:47 INFO  State of operation 18263614 : PENDING
08:38:49 INFO  State of operation 18263614 : EXECUTING
08:38:51 INFO  State of operation 18263614 : EXECUTING
08:38:54 INFO  State of operation 18263614 : EXECUTING
08:38:56 INFO  State of operation 18263614 : EXECUTING
08:38:58 INFO  State of operation 18263614 : EXECUTING
08:39:01 INFO  State of operation 18263614 : EXECUTING
08:39:04 INFO  State of operation 18263614 : EXECUTING
08:39:06 INFO  State of operation 18263614 : EXECUTING
08:39:08 INFO  State of operation 18263614 : EXECUTING
08:39:11 INFO  State of operation 18263614 : EXECUTING
08:39:13 INFO  State of operation 18263614 : EXECUTING
08:39:15 INFO  State of operation 18263614 : EXECUTING
08:39:17 INFO  State of operation 18263614 : EXECUTING
08:39:20 INFO  State of operation 18263614 : EXECUTING
08:39:22 INFO  State of operation 18263614 : EXECUTING
08:39:24 INFO  State of operation 18263614 : EXECUTING
08:39:27 INFO  State of operation 18263614 : EXECUTING
08:39:29 INFO  State of operation 18263614 : EXECUTING
08:39:32 INFO  State of operation 18263614 : EXECUTING
08:39:34 INFO  State of operation 18263614 : EXECUTING
08:39:36 INFO  State of operation 18263614 : EXECUTING
08:39:38 INFO  State of operation 18263614 : EXECUTING
08:39:41 INFO  State of operation 18263614 : EXECUTING
08:39:43 INFO  State of operation 18263614 : EXECUTING
08:39:46 INFO  State of operation 18263614 : EXECUTING
08:39:48 INFO  State of operation 18263614 : EXECUTING
08:39:51 INFO  State of operation 18263614 : EXECUTING
08:39:53 INFO  State of operation 18263614 : SUCCESSFUL
08:39:53 INFO  Assert that (False == value) with value=False ... passed
08:39:53 INFO  Assert that (False == value) with value=False ... passed
08:39:54 INFO  Assert that (False == value) with value=False ... passed
08:39:54 INFO  Assert that (False == value) with value=False ... passed
08:39:54 INFO  
08:39:54 INFO  cleanup:
08:39:58 INFO  Executed sudo&lt;tedge_disconnect_c8y&gt;, exit status 0
08:39:59 INFO  Executed systemctl&lt;serv_mapper5&gt;, exit status 3
08:39:59 INFO  
08:39:59 INFO  Test duration: 183.62 secs
08:39:59 INFO  Test final outcome:  FAILED
08:39:59 INFO  Test outcome reason: Assert that (False == value) with value=True
08:39:59 INFO  
</system-out>
	</testcase>
</testsuite>
