<?xml version="1.0" encoding="utf-8"?>
<testsuite failures="0" name="apt_install" skipped="0" tests="1" time="65.6" timestamp="2022-04-29T09:28:01">
	<testcase classname="AptPluginInstallDense" name="apt_install"/>
</testsuite>
