<?xml version="1.0" encoding="utf-8"?>
<testsuite failures="0" name="apt_prepare" skipped="0" tests="1" time="20.83" timestamp="2022-05-03T08:17:41">
	<testcase classname="AptPluginPrepare" name="apt_prepare"/>
</testsuite>
