<?xml version="1.0" encoding="utf-8"?>
<testsuite failures="1" name="SoftwareManagement.sm_apt_install_download_path" skipped="0" tests="1" time="55.55" timestamp="2022-04-19T14:06:39">
	<testcase classname="AptInstallWithDownloadPath" name="SoftwareManagement.sm_apt_install_download_path">
		<failure message="BLOCKED: SystemError: The Sofware list is empty !!!" type="BLOCKED"/>
		<system-out>14:05:44 INFO  ==============================================================
14:05:44 INFO  Id:    SoftwareManagement.sm_apt_install_download_path
14:05:44 INFO  Dir:   software_management_end_to_end/
14:05:44 INFO  Title: Install package to directory specified in tedge config set tmp.path
14:05:44 INFO  ==============================================================
14:05:44 INFO  Using sw id database: {'asciijump': '5475369', 'robotfindskitten': '5474869', 'squirrel3': '5475279', 'rolldice': '5152439', 'moon-buggy': '5439204', 'apple': '5495053', 'banana': '5494888', 'cherry': '5495382', 'watermelon': '5494510', 'registry': '8018911', 'hello-world': '8021526', 'docker/getting-started': '8021973', 'alpine': '7991792'}
14:05:44 INFO  EnvironmentC8y Setup
14:05:45 INFO  Executed systemctl&lt;serv_mapper1&gt;, exit status 3
14:06:00 INFO  Executed sudo&lt;tedge_connect_c8y&gt;, exit status 0, duration 15 secs
14:06:02 INFO  Executed sudo&lt;tedge_connect_c8y_test&gt;, exit status 0
14:06:03 INFO  Executed systemctl&lt;serv_mosq2&gt;, exit status 0
14:06:04 INFO  Executed systemctl&lt;serv_mapper3&gt;, exit status 0
14:06:06 INFO  State of current operation: SUCCESSFUL
14:06:06 WARN  SystemError occurred while running test - The Sofware list is empty !!!
Traceback (most recent call last):
  File &quot;/home/pi/env-pysys/lib/python3.7/site-packages/pysys/baserunner.py&quot;, line 1292, in __call__
    self.testObj.setup()
  File &quot;/home/pi/actions-runner/_work/thin-edge.io/thin-edge.io/tests/PySys/software_management_end_to_end/sm_apt_install_download_path/run.py&quot;, line 49, in setup
    self.assertThat(&quot;False == value&quot;, value=self.check_is_installed(&quot;rolldice&quot;))
  File &quot;/home/pi/actions-runner/_work/thin-edge.io/thin-edge.io/tests/PySys/software_management_end_to_end/environment_sm_management.py&quot;, line 399, in check_is_installed
    raise SystemError(&quot;The Sofware list is empty !!!&quot;)
SystemError: The Sofware list is empty !!!
14:06:07 WARN  SystemError: The Sofware list is empty !!! ... blocked 
14:06:07 INFO  
14:06:07 INFO  cleanup:
14:06:07 INFO  Executed sudo, exit status 0
14:06:08 INFO  Executed sudo, exit status 0
14:06:12 INFO  Executed sudo&lt;tedge_disconnect_c8y&gt;, exit status 0
14:06:12 INFO  Restarting mosquitto too frequently in the last 10 seconds. It was only up for 3 seconds
14:06:12 INFO  Delaying execution by 8 seconds
14:06:34 INFO  Executed sudo&lt;tedge_connect_c8y&gt;, exit status 0, duration 14 secs
14:06:39 INFO  Executed sudo&lt;tedge_disconnect_c8y&gt;, exit status 0
14:06:39 INFO  Executed systemctl&lt;serv_mapper5&gt;, exit status 3
14:06:39 INFO  
14:06:39 INFO  Test duration: 55.55 secs
14:06:39 INFO  Test final outcome:  BLOCKED
14:06:39 INFO  Test outcome reason: SystemError: The Sofware list is empty !!!
14:06:39 INFO  
</system-out>
	</testcase>
</testsuite>
