<?xml version="1.0" encoding="utf-8"?>
<testsuite failures="0" name="apt_remove" skipped="0" tests="1" time="66.38" timestamp="2022-05-09T07:23:25">
	<testcase classname="AptPluginRemoveDense" name="apt_remove"/>
</testsuite>
