<?xml version="1.0" encoding="utf-8"?>
<testsuite failures="1" name="SoftwareManagement.sm_apt_install_remove_multiple" skipped="0" tests="1" time="184.26" timestamp="2022-05-30T09:54:29">
	<testcase classname="PySysTest" name="SoftwareManagement.sm_apt_install_remove_multiple">
		<failure message="FAILED: Assert that (False == value) with value=True" type="FAILED"/>
		<system-out>09:51:25 INFO  ==============================================================
09:51:25 INFO  Id:    SoftwareManagement.sm_apt_install_remove_multiple
09:51:25 INFO  Dir:   software_management_end_to_end/
09:51:25 INFO  Title: Validate end to end behaviour for the apt plugin for multiple packages
09:51:25 INFO  ==============================================================
09:51:25 INFO  Using sw id database: {'asciijump': '5475369', 'robotfindskitten': '5474869', 'squirrel3': '5475279', 'rolldice': '5152439', 'moon-buggy': '5439204', 'apple': '5495053', 'banana': '5494888', 'cherry': '5495382', 'watermelon': '5494510', 'registry': '8018911', 'hello-world': '8021526', 'docker/getting-started': '8021973', 'alpine': '7991792'}
09:51:25 INFO  EnvironmentC8y Setup
09:51:26 INFO  Executed systemctl&lt;serv_mapper1&gt;, exit status 3
09:51:26 INFO  Restarting mosquitto too frequently in the last 10 seconds. It was only up for 5 seconds
09:51:26 INFO  Delaying execution by 6 seconds
09:51:46 INFO  Executed sudo&lt;tedge_connect_c8y&gt;, exit status 0, duration 14 secs
09:51:47 INFO  Executed sudo&lt;tedge_connect_c8y_test&gt;, exit status 0
09:51:47 INFO  Executed systemctl&lt;serv_mosq2&gt;, exit status 0
09:51:48 INFO  Executed systemctl&lt;serv_mapper3&gt;, exit status 0
09:51:50 INFO  State of current operation: SUCCESSFUL
09:51:50 INFO  Assert that (False == value) with value=False ... passed
09:51:51 INFO  Assert that (False == value) with value=False ... passed
09:51:51 INFO  Assert that (False == value) with value=False ... passed
09:51:51 INFO  Package robotfindskitten is installed
09:51:51 WARN  Assert that (False == value) with value=True ... failed 
09:51:51 INFO  Response status: 201
09:51:51 INFO  Response to action: {
    &quot;delivery&quot;: {
        &quot;log&quot;: [],
        &quot;time&quot;: &quot;2022-05-30T09:51:51.750Z&quot;,
        &quot;status&quot;: &quot;PENDING&quot;
    },
    &quot;creationTime&quot;: &quot;2022-05-30T09:51:51.732Z&quot;,
    &quot;deviceId&quot;: &quot;19786601&quot;,
    &quot;deviceName&quot;: &quot;mythica&quot;,
    &quot;self&quot;: &quot;https://t493319102.eu-latest.cumulocity.com/devicecontrol/operations/19797810&quot;,
    &quot;id&quot;: &quot;19797810&quot;,
    &quot;status&quot;: &quot;PENDING&quot;,
    &quot;description&quot;: &quot;Apply software changes, triggered from PySys: [{'action': 'install', 'id': '5475369', 'name': 'asciijump', 'url': ' ', 'version': '::apt'}, {'action': 'install', 'id': '5474869', 'name': 'robotfindskitten', 'url': ' ', 'version': '::apt'}, {'action': 'install', 'id': '5475279', 'name': 'squirrel3', 'url': ' ', 'version': '::apt'}]&quot;,
    &quot;c8y_SoftwareUpdate&quot;: [
        {
            &quot;name&quot;: &quot;asciijump&quot;,
            &quot;action&quot;: &quot;install&quot;,
            &quot;id&quot;: &quot;5475369&quot;,
            &quot;version&quot;: &quot;::apt&quot;,
            &quot;url&quot;: &quot; &quot;
        },
        {
            &quot;name&quot;: &quot;robotfindskitten&quot;,
            &quot;action&quot;: &quot;install&quot;,
            &quot;id&quot;: &quot;5474869&quot;,
            &quot;version&quot;: &quot;::apt&quot;,
            &quot;url&quot;: &quot; &quot;
        },
        {
            &quot;name&quot;: &quot;squirrel3&quot;,
            &quot;action&quot;: &quot;install&quot;,
            &quot;id&quot;: &quot;5475279&quot;,
            &quot;version&quot;: &quot;::apt&quot;,
            &quot;url&quot;: &quot; &quot;
        }
    ]
}
09:51:51 INFO  Started operation: {'delivery': {'log': [], 'time': '2022-05-30T09:51:51.750Z', 'status': 'PENDING'}, 'creationTime': '2022-05-30T09:51:51.732Z', 'deviceId': '19786601', 'deviceName': 'mythica', 'self': 'https://t493319102.eu-latest.cumulocity.com/devicecontrol/operations/19797810', 'id': '19797810', 'status': 'PENDING', 'description': &quot;Apply software changes, triggered from PySys: [{'action': 'install', 'id': '5475369', 'name': 'asciijump', 'url': ' ', 'version': '::apt'}, {'action': 'install', 'id': '5474869', 'name': 'robotfindskitten', 'url': ' ', 'version': '::apt'}, {'action': 'install', 'id': '5475279', 'name': 'squirrel3', 'url': ' ', 'version': '::apt'}]&quot;, 'c8y_SoftwareUpdate': [{'name': 'asciijump', 'action': 'install', 'id': '5475369', 'version': '::apt', 'url': ' '}, {'name': 'robotfindskitten', 'action': 'install', 'id': '5474869', 'version': '::apt', 'url': ' '}, {'name': 'squirrel3', 'action': 'install', 'id': '5475279', 'version': '::apt', 'url': ' '}]}
09:51:53 INFO  State of operation 19797810 : PENDING
09:51:56 INFO  State of operation 19797810 : EXECUTING
09:51:58 INFO  State of operation 19797810 : EXECUTING
09:52:00 INFO  State of operation 19797810 : EXECUTING
09:52:02 INFO  State of operation 19797810 : EXECUTING
09:52:05 INFO  State of operation 19797810 : EXECUTING
09:52:07 INFO  State of operation 19797810 : EXECUTING
09:52:10 INFO  State of operation 19797810 : EXECUTING
09:52:12 INFO  State of operation 19797810 : EXECUTING
09:52:15 INFO  State of operation 19797810 : EXECUTING
09:52:17 INFO  State of operation 19797810 : EXECUTING
09:52:19 INFO  State of operation 19797810 : EXECUTING
09:52:21 INFO  State of operation 19797810 : EXECUTING
09:52:24 INFO  State of operation 19797810 : EXECUTING
09:52:26 INFO  State of operation 19797810 : EXECUTING
09:52:28 INFO  State of operation 19797810 : EXECUTING
09:52:31 INFO  State of operation 19797810 : EXECUTING
09:52:33 INFO  State of operation 19797810 : EXECUTING
09:52:36 INFO  State of operation 19797810 : EXECUTING
09:52:38 INFO  State of operation 19797810 : EXECUTING
09:52:40 INFO  State of operation 19797810 : EXECUTING
09:52:42 INFO  State of operation 19797810 : EXECUTING
09:52:45 INFO  State of operation 19797810 : EXECUTING
09:52:47 INFO  State of operation 19797810 : EXECUTING
09:52:50 INFO  State of operation 19797810 : EXECUTING
09:52:52 INFO  State of operation 19797810 : EXECUTING
09:52:54 INFO  State of operation 19797810 : EXECUTING
09:52:57 INFO  State of operation 19797810 : EXECUTING
09:52:59 INFO  State of operation 19797810 : EXECUTING
09:53:01 INFO  State of operation 19797810 : EXECUTING
09:53:03 INFO  State of operation 19797810 : EXECUTING
09:53:06 INFO  State of operation 19797810 : EXECUTING
09:53:08 INFO  State of operation 19797810 : EXECUTING
09:53:10 INFO  State of operation 19797810 : EXECUTING
09:53:12 INFO  State of operation 19797810 : EXECUTING
09:53:15 INFO  State of operation 19797810 : SUCCESSFUL
09:53:15 INFO  Assert that (False == value) with value=False ... passed
09:53:15 INFO  Package asciijump is installed
09:53:15 INFO  Assert that (True == value) with value=True ... passed
09:53:15 INFO  Package squirrel3 is installed
09:53:15 INFO  Assert that (True == value) with value=True ... passed
09:53:15 INFO  Package robotfindskitten is installed
09:53:15 INFO  Assert that (True == value) with value=True ... passed
09:53:16 INFO  Response status: 201
09:53:16 INFO  Response to action: {
    &quot;delivery&quot;: {
        &quot;log&quot;: [],
        &quot;time&quot;: &quot;2022-05-30T09:53:16.160Z&quot;,
        &quot;status&quot;: &quot;PENDING&quot;
    },
    &quot;creationTime&quot;: &quot;2022-05-30T09:53:16.143Z&quot;,
    &quot;deviceId&quot;: &quot;19786601&quot;,
    &quot;deviceName&quot;: &quot;mythica&quot;,
    &quot;self&quot;: &quot;https://t493319102.eu-latest.cumulocity.com/devicecontrol/operations/19797826&quot;,
    &quot;id&quot;: &quot;19797826&quot;,
    &quot;status&quot;: &quot;PENDING&quot;,
    &quot;description&quot;: &quot;Apply software changes, triggered from PySys: [{'action': 'delete', 'id': '5475369', 'name': 'asciijump', 'url': ' ', 'version': '::apt'}, {'action': 'delete', 'id': '5474869', 'name': 'robotfindskitten', 'url': ' ', 'version': '::apt'}, {'action': 'delete', 'id': '5475279', 'name': 'squirrel3', 'url': ' ', 'version': '::apt'}]&quot;,
    &quot;c8y_SoftwareUpdate&quot;: [
        {
            &quot;name&quot;: &quot;asciijump&quot;,
            &quot;action&quot;: &quot;delete&quot;,
            &quot;id&quot;: &quot;5475369&quot;,
            &quot;version&quot;: &quot;::apt&quot;,
            &quot;url&quot;: &quot; &quot;
        },
        {
            &quot;name&quot;: &quot;robotfindskitten&quot;,
            &quot;action&quot;: &quot;delete&quot;,
            &quot;id&quot;: &quot;5474869&quot;,
            &quot;version&quot;: &quot;::apt&quot;,
            &quot;url&quot;: &quot; &quot;
        },
        {
            &quot;name&quot;: &quot;squirrel3&quot;,
            &quot;action&quot;: &quot;delete&quot;,
            &quot;id&quot;: &quot;5475279&quot;,
            &quot;version&quot;: &quot;::apt&quot;,
            &quot;url&quot;: &quot; &quot;
        }
    ]
}
09:53:16 INFO  Started operation: {'delivery': {'log': [], 'time': '2022-05-30T09:53:16.160Z', 'status': 'PENDING'}, 'creationTime': '2022-05-30T09:53:16.143Z', 'deviceId': '19786601', 'deviceName': 'mythica', 'self': 'https://t493319102.eu-latest.cumulocity.com/devicecontrol/operations/19797826', 'id': '19797826', 'status': 'PENDING', 'description': &quot;Apply software changes, triggered from PySys: [{'action': 'delete', 'id': '5475369', 'name': 'asciijump', 'url': ' ', 'version': '::apt'}, {'action': 'delete', 'id': '5474869', 'name': 'robotfindskitten', 'url': ' ', 'version': '::apt'}, {'action': 'delete', 'id': '5475279', 'name': 'squirrel3', 'url': ' ', 'version': '::apt'}]&quot;, 'c8y_SoftwareUpdate': [{'name': 'asciijump', 'action': 'delete', 'id': '5475369', 'version': '::apt', 'url': ' '}, {'name': 'robotfindskitten', 'action': 'delete', 'id': '5474869', 'version': '::apt', 'url': ' '}, {'name': 'squirrel3', 'action': 'delete', 'id': '5475279', 'version': '::apt', 'url': ' '}]}
09:53:18 INFO  State of operation 19797826 : PENDING
09:53:20 INFO  State of operation 19797826 : EXECUTING
09:53:22 INFO  State of operation 19797826 : EXECUTING
09:53:25 INFO  State of operation 19797826 : EXECUTING
09:53:27 INFO  State of operation 19797826 : EXECUTING
09:53:29 INFO  State of operation 19797826 : EXECUTING
09:53:32 INFO  State of operation 19797826 : EXECUTING
09:53:35 INFO  State of operation 19797826 : EXECUTING
09:53:37 INFO  State of operation 19797826 : EXECUTING
09:53:39 INFO  State of operation 19797826 : EXECUTING
09:53:42 INFO  State of operation 19797826 : EXECUTING
09:53:44 INFO  State of operation 19797826 : EXECUTING
09:53:46 INFO  State of operation 19797826 : EXECUTING
09:53:48 INFO  State of operation 19797826 : EXECUTING
09:53:51 INFO  State of operation 19797826 : EXECUTING
09:53:53 INFO  State of operation 19797826 : EXECUTING
09:53:55 INFO  State of operation 19797826 : EXECUTING
09:53:58 INFO  State of operation 19797826 : EXECUTING
09:54:00 INFO  State of operation 19797826 : EXECUTING
09:54:03 INFO  State of operation 19797826 : EXECUTING
09:54:05 INFO  State of operation 19797826 : EXECUTING
09:54:07 INFO  State of operation 19797826 : EXECUTING
09:54:09 INFO  State of operation 19797826 : EXECUTING
09:54:12 INFO  State of operation 19797826 : EXECUTING
09:54:14 INFO  State of operation 19797826 : EXECUTING
09:54:17 INFO  State of operation 19797826 : EXECUTING
09:54:19 INFO  State of operation 19797826 : EXECUTING
09:54:21 INFO  State of operation 19797826 : EXECUTING
09:54:24 INFO  State of operation 19797826 : SUCCESSFUL
09:54:24 INFO  Assert that (False == value) with value=False ... passed
09:54:24 INFO  Assert that (False == value) with value=False ... passed
09:54:24 INFO  Assert that (False == value) with value=False ... passed
09:54:24 INFO  Assert that (False == value) with value=False ... passed
09:54:24 INFO  
09:54:24 INFO  cleanup:
09:54:29 INFO  Executed sudo&lt;tedge_disconnect_c8y&gt;, exit status 0
09:54:29 INFO  Executed systemctl&lt;serv_mapper5&gt;, exit status 3
09:54:29 INFO  
09:54:29 INFO  Test duration: 184.26 secs
09:54:29 INFO  Test final outcome:  FAILED
09:54:29 INFO  Test outcome reason: Assert that (False == value) with value=True
09:54:29 INFO  
</system-out>
	</testcase>
</testsuite>
