<?xml version="1.0" encoding="utf-8"?>
<testsuite failures="1" name="SoftwareManagement.sm_apt_install_remove_multiple_mixed" skipped="0" tests="1" time="177.09" timestamp="2022-05-02T15:56:11">
	<testcase classname="PySysTest" name="SoftwareManagement.sm_apt_install_remove_multiple_mixed">
		<failure message="BLOCKED: SystemError: Timeout while waiting for status SUCCESSFUL or False" type="BLOCKED"/>
		<system-out>15:53:14 INFO  ==============================================================
15:53:14 INFO  Id:    SoftwareManagement.sm_apt_install_remove_multiple_mixed
15:53:14 INFO  Dir:   software_management_end_to_end/
15:53:14 INFO  Title: Validate end to end behaviour for the apt plugin for multiple packages with mixed versions
15:53:14 INFO  ==============================================================
15:53:14 INFO  Using sw id database: {'asciijump': '5475369', 'robotfindskitten': '5474869', 'squirrel3': '5475279', 'rolldice': '5152439', 'moon-buggy': '5439204', 'apple': '5495053', 'banana': '5494888', 'cherry': '5495382', 'watermelon': '5494510', 'registry': '8018911', 'hello-world': '8021526', 'docker/getting-started': '8021973', 'alpine': '7991792'}
15:53:14 INFO  EnvironmentC8y Setup
15:53:14 INFO  Executed systemctl&lt;serv_mapper1&gt;, exit status 3
15:53:14 INFO  Restarting mosquitto too frequently in the last 10 seconds. It was only up for 5 seconds
15:53:14 INFO  Delaying execution by 6 seconds
15:53:35 INFO  Executed sudo&lt;tedge_connect_c8y&gt;, exit status 0, duration 14 secs
15:53:35 INFO  Executed sudo&lt;tedge_connect_c8y_test&gt;, exit status 0
15:53:36 INFO  Executed systemctl&lt;serv_mosq2&gt;, exit status 0
15:53:36 INFO  Executed systemctl&lt;serv_mapper3&gt;, exit status 0
15:53:38 INFO  State of current operation: SUCCESSFUL
15:53:39 INFO  Assert that (False == value) with value=False ... passed
15:53:39 INFO  Assert that (False == value) with value=False ... passed
15:53:39 INFO  Assert that (False == value) with value=False ... passed
15:53:39 INFO  Assert that (False == value) with value=False ... passed
15:53:40 INFO  Assert that (False == value) with value=False ... passed
15:53:41 INFO  Response status: 201
15:53:41 INFO  Response to action: {
    &quot;delivery&quot;: {
        &quot;time&quot;: &quot;2022-05-02T15:53:41.255Z&quot;,
        &quot;log&quot;: [],
        &quot;status&quot;: &quot;PENDING&quot;
    },
    &quot;creationTime&quot;: &quot;2022-05-02T15:53:41.241Z&quot;,
    &quot;deviceName&quot;: &quot;mythica&quot;,
    &quot;deviceId&quot;: &quot;18180749&quot;,
    &quot;self&quot;: &quot;https://t493319102.eu-latest.cumulocity.com/devicecontrol/operations/18211937&quot;,
    &quot;id&quot;: &quot;18211937&quot;,
    &quot;status&quot;: &quot;PENDING&quot;,
    &quot;description&quot;: &quot;Apply software changes, triggered from PySys: [{'action': 'install', 'id': '5475369', 'name': 'asciijump', 'url': ' ', 'version': '::apt'}, {'action': 'install', 'id': '5474869', 'name': 'robotfindskitten', 'url': ' ', 'version': ' '}, {'action': 'install', 'id': '5475279', 'name': 'squirrel3', 'url': ' ', 'version': '3.1-7::apt'}, {'action': 'install', 'id': '5152439', 'name': 'rolldice', 'url': ' ', 'version': '1.16-1+b1'}, {'action': 'install', 'id': '5439204', 'name': 'moon-buggy', 'url': ' ', 'version': '1:1.0.51-12'}, {'action': 'install', 'id': '5475369', 'name': 'asciijump', 'url': ' ', 'version': '::apt'}]&quot;,
    &quot;c8y_SoftwareUpdate&quot;: [
        {
            &quot;name&quot;: &quot;asciijump&quot;,
            &quot;action&quot;: &quot;install&quot;,
            &quot;id&quot;: &quot;5475369&quot;,
            &quot;version&quot;: &quot;::apt&quot;,
            &quot;url&quot;: &quot; &quot;
        },
        {
            &quot;name&quot;: &quot;robotfindskitten&quot;,
            &quot;action&quot;: &quot;install&quot;,
            &quot;id&quot;: &quot;5474869&quot;,
            &quot;version&quot;: &quot; &quot;,
            &quot;url&quot;: &quot; &quot;
        },
        {
            &quot;name&quot;: &quot;squirrel3&quot;,
            &quot;action&quot;: &quot;install&quot;,
            &quot;id&quot;: &quot;5475279&quot;,
            &quot;version&quot;: &quot;3.1-7::apt&quot;,
            &quot;url&quot;: &quot; &quot;
        },
        {
            &quot;name&quot;: &quot;rolldice&quot;,
            &quot;action&quot;: &quot;install&quot;,
            &quot;id&quot;: &quot;5152439&quot;,
            &quot;version&quot;: &quot;1.16-1+b1&quot;,
            &quot;url&quot;: &quot; &quot;
        },
        {
            &quot;name&quot;: &quot;moon-buggy&quot;,
            &quot;action&quot;: &quot;install&quot;,
            &quot;id&quot;: &quot;5439204&quot;,
            &quot;version&quot;: &quot;1:1.0.51-12&quot;,
            &quot;url&quot;: &quot; &quot;
        },
        {
            &quot;name&quot;: &quot;asciijump&quot;,
            &quot;action&quot;: &quot;install&quot;,
            &quot;id&quot;: &quot;5475369&quot;,
            &quot;version&quot;: &quot;::apt&quot;,
            &quot;url&quot;: &quot; &quot;
        }
    ]
}
15:53:41 INFO  Started operation: {'delivery': {'time': '2022-05-02T15:53:41.255Z', 'log': [], 'status': 'PENDING'}, 'creationTime': '2022-05-02T15:53:41.241Z', 'deviceName': 'mythica', 'deviceId': '18180749', 'self': 'https://t493319102.eu-latest.cumulocity.com/devicecontrol/operations/18211937', 'id': '18211937', 'status': 'PENDING', 'description': &quot;Apply software changes, triggered from PySys: [{'action': 'install', 'id': '5475369', 'name': 'asciijump', 'url': ' ', 'version': '::apt'}, {'action': 'install', 'id': '5474869', 'name': 'robotfindskitten', 'url': ' ', 'version': ' '}, {'action': 'install', 'id': '5475279', 'name': 'squirrel3', 'url': ' ', 'version': '3.1-7::apt'}, {'action': 'install', 'id': '5152439', 'name': 'rolldice', 'url': ' ', 'version': '1.16-1+b1'}, {'action': 'install', 'id': '5439204', 'name': 'moon-buggy', 'url': ' ', 'version': '1:1.0.51-12'}, {'action': 'install', 'id': '5475369', 'name': 'asciijump', 'url': ' ', 'version': '::apt'}]&quot;, 'c8y_SoftwareUpdate': [{'name': 'asciijump', 'action': 'install', 'id': '5475369', 'version': '::apt', 'url': ' '}, {'name': 'robotfindskitten', 'action': 'install', 'id': '5474869', 'version': ' ', 'url': ' '}, {'name': 'squirrel3', 'action': 'install', 'id': '5475279', 'version': '3.1-7::apt', 'url': ' '}, {'name': 'rolldice', 'action': 'install', 'id': '5152439', 'version': '1.16-1+b1', 'url': ' '}, {'name': 'moon-buggy', 'action': 'install', 'id': '5439204', 'version': '1:1.0.51-12', 'url': ' '}, {'name': 'asciijump', 'action': 'install', 'id': '5475369', 'version': '::apt', 'url': ' '}]}
15:53:43 INFO  State of operation 18211937 : PENDING
15:53:45 INFO  State of operation 18211937 : EXECUTING
15:53:47 INFO  State of operation 18211937 : EXECUTING
15:53:50 INFO  State of operation 18211937 : EXECUTING
15:53:52 INFO  State of operation 18211937 : EXECUTING
15:53:54 INFO  State of operation 18211937 : EXECUTING
15:53:57 INFO  State of operation 18211937 : EXECUTING
15:54:00 INFO  State of operation 18211937 : EXECUTING
15:54:02 INFO  State of operation 18211937 : EXECUTING
15:54:05 INFO  State of operation 18211937 : EXECUTING
15:54:07 INFO  State of operation 18211937 : EXECUTING
15:54:09 INFO  State of operation 18211937 : EXECUTING
15:54:11 INFO  State of operation 18211937 : EXECUTING
15:54:14 INFO  State of operation 18211937 : EXECUTING
15:54:16 INFO  State of operation 18211937 : EXECUTING
15:54:18 INFO  State of operation 18211937 : EXECUTING
15:54:21 INFO  State of operation 18211937 : EXECUTING
15:54:23 INFO  State of operation 18211937 : EXECUTING
15:54:26 INFO  State of operation 18211937 : EXECUTING
15:54:28 INFO  State of operation 18211937 : EXECUTING
15:54:30 INFO  State of operation 18211937 : EXECUTING
15:54:33 INFO  State of operation 18211937 : EXECUTING
15:54:35 INFO  State of operation 18211937 : EXECUTING
15:54:37 INFO  State of operation 18211937 : EXECUTING
15:54:40 INFO  State of operation 18211937 : EXECUTING
15:54:42 INFO  State of operation 18211937 : EXECUTING
15:54:45 INFO  State of operation 18211937 : EXECUTING
15:54:47 INFO  State of operation 18211937 : EXECUTING
15:54:50 INFO  State of operation 18211937 : EXECUTING
15:54:52 INFO  State of operation 18211937 : EXECUTING
15:54:54 INFO  State of operation 18211937 : EXECUTING
15:54:56 INFO  State of operation 18211937 : EXECUTING
15:54:59 INFO  State of operation 18211937 : EXECUTING
15:55:01 INFO  State of operation 18211937 : EXECUTING
15:55:03 INFO  State of operation 18211937 : EXECUTING
15:55:05 INFO  State of operation 18211937 : EXECUTING
15:55:08 INFO  State of operation 18211937 : EXECUTING
15:55:10 INFO  State of operation 18211937 : EXECUTING
15:55:13 INFO  State of operation 18211937 : EXECUTING
15:55:15 INFO  State of operation 18211937 : EXECUTING
15:55:18 INFO  State of operation 18211937 : EXECUTING
15:55:20 INFO  State of operation 18211937 : EXECUTING
15:55:22 INFO  State of operation 18211937 : EXECUTING
15:55:25 INFO  State of operation 18211937 : EXECUTING
15:55:27 INFO  State of operation 18211937 : EXECUTING
15:55:29 INFO  State of operation 18211937 : EXECUTING
15:55:31 INFO  State of operation 18211937 : EXECUTING
15:55:34 INFO  State of operation 18211937 : EXECUTING
15:55:36 INFO  State of operation 18211937 : EXECUTING
15:55:38 INFO  State of operation 18211937 : EXECUTING
15:55:41 INFO  State of operation 18211937 : EXECUTING
15:55:43 INFO  State of operation 18211937 : EXECUTING
15:55:45 INFO  State of operation 18211937 : EXECUTING
15:55:48 INFO  State of operation 18211937 : EXECUTING
15:55:50 INFO  State of operation 18211937 : EXECUTING
15:55:53 INFO  State of operation 18211937 : EXECUTING
15:55:55 INFO  State of operation 18211937 : EXECUTING
15:55:57 INFO  State of operation 18211937 : EXECUTING
15:55:59 INFO  State of operation 18211937 : EXECUTING
15:56:02 INFO  State of operation 18211937 : EXECUTING
15:56:04 INFO  State of operation 18211937 : EXECUTING
15:56:06 WARN  SystemError occurred while running test - Timeout while waiting for status SUCCESSFUL or False
Traceback (most recent call last):
  File &quot;/home/pi/env-pysys/lib/python3.7/site-packages/pysys/baserunner.py&quot;, line 1294, in __call__
    self.testObj.execute()
  File &quot;/home/pi/actions-runner/_work/thin-edge.io/thin-edge.io/tests/PySys/software_management_end_to_end/sm_apt_install_remove_multiple_mixed/run.py&quot;, line 89, in execute
    self.wait_until_succcess()
  File &quot;/home/pi/actions-runner/_work/thin-edge.io/thin-edge.io/tests/PySys/software_management_end_to_end/environment_sm_management.py&quot;, line 324, in wait_until_succcess
    self.wait_until_status(&quot;SUCCESSFUL&quot;)
  File &quot;/home/pi/actions-runner/_work/thin-edge.io/thin-edge.io/tests/PySys/software_management_end_to_end/environment_sm_management.py&quot;, line 381, in wait_until_status
    &quot;Timeout while waiting for status %s or %s&quot; % (status, status2)
SystemError: Timeout while waiting for status SUCCESSFUL or False
15:56:06 WARN  SystemError: Timeout while waiting for status SUCCESSFUL or False ... blocked 
15:56:06 INFO  
15:56:06 INFO  cleanup:
15:56:10 INFO  Executed sudo&lt;tedge_disconnect_c8y&gt;, exit status 0
15:56:11 INFO  Executed systemctl&lt;serv_mapper5&gt;, exit status 3
15:56:11 INFO  
15:56:11 INFO  Test duration: 177.09 secs
15:56:11 INFO  Test final outcome:  BLOCKED
15:56:11 INFO  Test outcome reason: SystemError: Timeout while waiting for status SUCCESSFUL or False
15:56:11 INFO  
</system-out>
	</testcase>
</testsuite>
