<?xml version="1.0" encoding="utf-8"?>
<testsuite failures="0" name="apt_remove_fail" skipped="0" tests="1" time="8.72" timestamp="2022-04-29T09:34:15">
	<testcase classname="AptPluginRemoveFails" name="apt_remove_fail"/>
</testsuite>
