<?xml version="1.0" encoding="utf-8"?>
<testsuite failures="1" name="docker_plugin_remove_with_version" skipped="0" tests="1" time="4.62" timestamp="2022-04-07T17:10:00">
	<testcase classname="DockerPluginRemoveWithVersionTest" name="docker_plugin_remove_with_version">
		<failure message="BLOCKED: sudo&lt;docker_run&gt; returned non-zero exit code 125" type="BLOCKED"/>
		<system-out>17:09:56 INFO  ==============================================================
17:09:56 INFO  Id:    docker_plugin_remove_with_version
17:09:56 INFO  Dir:   plugin_docker/
17:09:56 INFO  Title: Validate docker plugin remove with version
17:09:56 DEBUG Execution order hint: 0.0
17:09:56 INFO  ==============================================================
17:09:56 DEBUG Process parameters for sudo&lt;docker_images&gt;
  command line : /usr/bin/sudo docker images
    arg #1     : docker
    arg #2     : images
  working dir  : /home/pi/actions-runner/_work/thin-edge.io/thin-edge.io/tests/PySys/plugin_docker/docker_plugin_remove_with_version/Output/linux
  stdout       : /home/pi/actions-runner/_work/thin-edge.io/thin-edge.io/tests/PySys/plugin_docker/docker_plugin_remove_with_version/Output/linux/docker_images.out
  stderr       : /home/pi/actions-runner/_work/thin-edge.io/thin-edge.io/tests/PySys/plugin_docker/docker_plugin_remove_with_version/Output/linux/docker_images.err
  environment  : LD_LIBRARY_PATH=/usr/lib
  environment  : PATH=/bin:/usr/bin:/usr/sbin:/usr/local/bin
                   #1  /bin
                   #2  /usr/bin
                   #3  /usr/sbin
                   #4  /usr/local/bin
17:09:56 DEBUG Waiting up to 600 secs for process sudo&lt;docker_images&gt; (pid 13012)
17:09:56 INFO  Executed sudo&lt;docker_images&gt;, exit status 0
17:09:56 DEBUG Performing regex contains=False grep on file: /home/pi/actions-runner/_work/thin-edge.io/thin-edge.io/tests/PySys/plugin_docker/docker_plugin_remove_with_version/Output/linux/docker_images.out
17:09:56 INFO  Grep on file /home/pi/actions-runner/_work/thin-edge.io/thin-edge.io/tests/PySys/plugin_docker/docker_plugin_remove_with_version/Output/linux/docker_images.out ... passed
17:09:56 DEBUG Process parameters for sudo&lt;docker_run&gt;
  command line : /usr/bin/sudo docker run -d registry:2.7.1
    arg #1     : docker
    arg #2     : run
    arg #3     : -d
    arg #4     : registry:2.7.1
  working dir  : /home/pi/actions-runner/_work/thin-edge.io/thin-edge.io/tests/PySys/plugin_docker/docker_plugin_remove_with_version/Output/linux
  stdout       : /home/pi/actions-runner/_work/thin-edge.io/thin-edge.io/tests/PySys/plugin_docker/docker_plugin_remove_with_version/Output/linux/docker_run.out
  stderr       : /home/pi/actions-runner/_work/thin-edge.io/thin-edge.io/tests/PySys/plugin_docker/docker_plugin_remove_with_version/Output/linux/docker_run.err
  environment  : LD_LIBRARY_PATH=/usr/lib
  environment  : PATH=/bin:/usr/bin:/usr/sbin:/usr/local/bin
                   #1  /bin
                   #2  /usr/bin
                   #3  /usr/sbin
                   #4  /usr/local/bin
17:09:56 DEBUG Waiting up to 600 secs for process sudo&lt;docker_run&gt; (pid 13022)
17:09:59 WARN  Executed sudo&lt;docker_run&gt;, exit status 125
17:09:59 DEBUG Opening file using encoding=UTF-8: /home/pi/actions-runner/_work/thin-edge.io/thin-edge.io/tests/PySys/plugin_docker/docker_plugin_remove_with_version/Output/linux/docker_run.err
17:09:59 INFO  Contents of docker_run.err: 
  Unable to find image 'registry:2.7.1' locally
  docker: Error response from daemon: toomanyrequests: You have reached your pull rate limit. You may increase the limit by authenticating and upgrading: https://www.docker.com/increase-rate-limit.
  See 'docker run --help'.
  -----

17:09:59 WARN  sudo&lt;docker_run&gt; returned non-zero exit code 125 ... blocked 
17:09:59 WARN  Aborted test due to BLOCKED outcome
17:09:59 DEBUG --- test cleanup
17:09:59 INFO  
17:09:59 INFO  cleanup:
17:09:59 DEBUG Running registered cleanup function: &lt;bound method DockerPlugin.cleanup_containers of &lt;DockerPluginRemoveWithVersionTest object at 0x75fa4f50&gt;&gt;
17:09:59 INFO  Removing containers scheduled to be cleaned up: ['', '']
17:09:59 DEBUG Process parameters for sudo&lt;containers_for_cleanup&gt;
  command line : /usr/bin/sudo docker rm -f '' ''
    arg #1     : docker
    arg #2     : rm
    arg #3     : -f
    arg #4     : 
    arg #5     : 
  working dir  : /home/pi/actions-runner/_work/thin-edge.io/thin-edge.io/tests/PySys/plugin_docker/docker_plugin_remove_with_version/Output/linux
  stdout       : /home/pi/actions-runner/_work/thin-edge.io/thin-edge.io/tests/PySys/plugin_docker/docker_plugin_remove_with_version/Output/linux/containers_for_cleanup.out
  stderr       : /home/pi/actions-runner/_work/thin-edge.io/thin-edge.io/tests/PySys/plugin_docker/docker_plugin_remove_with_version/Output/linux/containers_for_cleanup.err
  environment  : LD_LIBRARY_PATH=/usr/lib
  environment  : PATH=/bin:/usr/bin:/usr/sbin:/usr/local/bin
                   #1  /bin
                   #2  /usr/bin
                   #3  /usr/sbin
                   #4  /usr/local/bin
17:09:59 DEBUG Waiting up to 600 secs for process sudo&lt;containers_for_cleanup&gt; (pid 13039)
17:09:59 WARN  Executed sudo&lt;containers_for_cleanup&gt;, exit status 1
17:09:59 DEBUG Running registered cleanup function: &lt;bound method DockerPlugin.cleanup_images of &lt;DockerPluginRemoveWithVersionTest object at 0x75fa4f50&gt;&gt;
17:09:59 INFO  Removing images scheduled to be cleaned up: ['registry', 'registry:2.7.1']
17:09:59 DEBUG Process parameters for sudo&lt;containers_for_cleanup&gt;
  command line : /usr/bin/sudo docker rmi -f registry registry:2.7.1
    arg #1     : docker
    arg #2     : rmi
    arg #3     : -f
    arg #4     : registry
    arg #5     : registry:2.7.1
  working dir  : /home/pi/actions-runner/_work/thin-edge.io/thin-edge.io/tests/PySys/plugin_docker/docker_plugin_remove_with_version/Output/linux
  stdout       : /home/pi/actions-runner/_work/thin-edge.io/thin-edge.io/tests/PySys/plugin_docker/docker_plugin_remove_with_version/Output/linux/containers_for_cleanup.out
  stderr       : /home/pi/actions-runner/_work/thin-edge.io/thin-edge.io/tests/PySys/plugin_docker/docker_plugin_remove_with_version/Output/linux/containers_for_cleanup.err
  environment  : LD_LIBRARY_PATH=/usr/lib
  environment  : PATH=/bin:/usr/bin:/usr/sbin:/usr/local/bin
                   #1  /bin
                   #2  /usr/bin
                   #3  /usr/sbin
                   #4  /usr/local/bin
17:09:59 DEBUG Waiting up to 600 secs for process sudo&lt;containers_for_cleanup&gt; (pid 13050)
17:10:00 INFO  Executed sudo&lt;containers_for_cleanup&gt;, exit status 0
17:10:00 DEBUG ProcessUser cleanup function done.
17:10:00 INFO  
17:10:00 INFO  Test duration: 4.62 secs
17:10:00 INFO  Test final outcome:  BLOCKED
17:10:00 INFO  Test outcome reason: sudo&lt;docker_run&gt; returned non-zero exit code 125
17:10:00 INFO  
</system-out>
	</testcase>
</testsuite>
