<?xml version="1.0" encoding="utf-8"?>
<testsuite failures="0" name="docker_plugin_install" skipped="0" tests="1" time="35.37" timestamp="2022-04-08T10:38:38">
	<testcase classname="DockerPluginInstallTest" name="docker_plugin_install"/>
</testsuite>
