<?xml version="1.0" encoding="utf-8"?>
<testsuite failures="1" name="docker_plugin_install" skipped="0" tests="1" time="6.53" timestamp="2022-04-07T17:09:44">
	<testcase classname="DockerPluginInstallTest" name="docker_plugin_install">
		<failure message="BLOCKED: sudo&lt;plugin_install&gt; returned non-zero exit code 2 (+1 other failures)" type="BLOCKED"/>
		<system-out>17:09:38 INFO  ==============================================================
17:09:38 INFO  Id:    docker_plugin_install
17:09:38 INFO  Dir:   plugin_docker/
17:09:38 INFO  Title: Validate docker plugin install
17:09:38 DEBUG Execution order hint: 0.0
17:09:38 INFO  ==============================================================
17:09:38 DEBUG Process parameters for sudo&lt;docker_images&gt;
  command line : /usr/bin/sudo docker images
    arg #1     : docker
    arg #2     : images
  working dir  : /home/pi/actions-runner/_work/thin-edge.io/thin-edge.io/tests/PySys/plugin_docker/docker_plugin_install/Output/linux
  stdout       : /home/pi/actions-runner/_work/thin-edge.io/thin-edge.io/tests/PySys/plugin_docker/docker_plugin_install/Output/linux/docker_images.out
  stderr       : /home/pi/actions-runner/_work/thin-edge.io/thin-edge.io/tests/PySys/plugin_docker/docker_plugin_install/Output/linux/docker_images.err
  environment  : LD_LIBRARY_PATH=/usr/lib
  environment  : PATH=/bin:/usr/bin:/usr/sbin:/usr/local/bin
                   #1  /bin
                   #2  /usr/bin
                   #3  /usr/sbin
                   #4  /usr/local/bin
17:09:38 DEBUG Waiting up to 600 secs for process sudo&lt;docker_images&gt; (pid 12794)
17:09:39 INFO  Executed sudo&lt;docker_images&gt;, exit status 0
17:09:39 DEBUG Performing regex contains=False grep on file: /home/pi/actions-runner/_work/thin-edge.io/thin-edge.io/tests/PySys/plugin_docker/docker_plugin_install/Output/linux/docker_images.out
17:09:39 INFO  Grep on file /home/pi/actions-runner/_work/thin-edge.io/thin-edge.io/tests/PySys/plugin_docker/docker_plugin_install/Output/linux/docker_images.out ... passed
17:09:39 DEBUG --- test execute
17:09:39 DEBUG Process parameters for sudo&lt;plugin_install&gt;
  command line : /usr/bin/sudo /etc/tedge/sm-plugins/docker install registry
    arg #1     : /etc/tedge/sm-plugins/docker
    arg #2     : install
    arg #3     : registry
  working dir  : /home/pi/actions-runner/_work/thin-edge.io/thin-edge.io/tests/PySys/plugin_docker/docker_plugin_install/Output/linux
  stdout       : /home/pi/actions-runner/_work/thin-edge.io/thin-edge.io/tests/PySys/plugin_docker/docker_plugin_install/Output/linux/plugin_install.out
  stderr       : /home/pi/actions-runner/_work/thin-edge.io/thin-edge.io/tests/PySys/plugin_docker/docker_plugin_install/Output/linux/plugin_install.err
  environment  : LD_LIBRARY_PATH=/usr/lib
  environment  : PATH=/bin:/usr/bin:/usr/sbin:/usr/local/bin
                   #1  /bin
                   #2  /usr/bin
                   #3  /usr/sbin
                   #4  /usr/local/bin
17:09:39 DEBUG Waiting up to 600 secs for process sudo&lt;plugin_install&gt; (pid 12804)
17:09:41 WARN  Executed sudo&lt;plugin_install&gt;, exit status 2
17:09:41 WARN  sudo&lt;plugin_install&gt; returned non-zero exit code 2 ... blocked [environment_docker_plugin.py:136,environment_docker_plugin.py:144,run.py:23]
17:09:41 DEBUG Process parameters for sudo&lt;docker_ps_latest&gt;
  command line : /usr/bin/sudo docker ps -q --latest
    arg #1     : docker
    arg #2     : ps
    arg #3     : -q
    arg #4     : --latest
  working dir  : /home/pi/actions-runner/_work/thin-edge.io/thin-edge.io/tests/PySys/plugin_docker/docker_plugin_install/Output/linux
  stdout       : /home/pi/actions-runner/_work/thin-edge.io/thin-edge.io/tests/PySys/plugin_docker/docker_plugin_install/Output/linux/docker_ps_latest.out
  stderr       : /home/pi/actions-runner/_work/thin-edge.io/thin-edge.io/tests/PySys/plugin_docker/docker_plugin_install/Output/linux/docker_ps_latest.err
  environment  : LD_LIBRARY_PATH=/usr/lib
  environment  : PATH=/bin:/usr/bin:/usr/sbin:/usr/local/bin
                   #1  /bin
                   #2  /usr/bin
                   #3  /usr/sbin
                   #4  /usr/local/bin
17:09:41 DEBUG Waiting up to 600 secs for process sudo&lt;docker_ps_latest&gt; (pid 12835)
17:09:42 INFO  Executed sudo&lt;docker_ps_latest&gt;, exit status 0
17:09:42 DEBUG --- test validate
17:09:42 DEBUG Process parameters for sudo&lt;docker_ps&gt;
  command line : /usr/bin/sudo docker ps
    arg #1     : docker
    arg #2     : ps
  working dir  : /home/pi/actions-runner/_work/thin-edge.io/thin-edge.io/tests/PySys/plugin_docker/docker_plugin_install/Output/linux
  stdout       : /home/pi/actions-runner/_work/thin-edge.io/thin-edge.io/tests/PySys/plugin_docker/docker_plugin_install/Output/linux/docker_ps.out
  stderr       : /home/pi/actions-runner/_work/thin-edge.io/thin-edge.io/tests/PySys/plugin_docker/docker_plugin_install/Output/linux/docker_ps.err
  environment  : LD_LIBRARY_PATH=/usr/lib
  environment  : PATH=/bin:/usr/bin:/usr/sbin:/usr/local/bin
                   #1  /bin
                   #2  /usr/bin
                   #3  /usr/sbin
                   #4  /usr/local/bin
17:09:42 DEBUG Waiting up to 600 secs for process sudo&lt;docker_ps&gt; (pid 12845)
17:09:43 INFO  Executed sudo&lt;docker_ps&gt;, exit status 0
17:09:43 DEBUG Performing regex contains=True grep on file: /home/pi/actions-runner/_work/thin-edge.io/thin-edge.io/tests/PySys/plugin_docker/docker_plugin_install/Output/linux/docker_ps.out
17:09:43 WARN  Grep on /home/pi/actions-runner/_work/thin-edge.io/thin-edge.io/tests/PySys/plugin_docker/docker_plugin_install/Output/linux/docker_ps.out contains &quot;registry&quot; ... failed [environment_docker_plugin.py:49,run.py:26]
17:09:43 DEBUG --- test cleanup
17:09:43 INFO  
17:09:43 INFO  cleanup:
17:09:43 DEBUG Running registered cleanup function: &lt;bound method DockerPlugin.cleanup_containers of &lt;DockerPluginInstallTest object at 0x76001610&gt;&gt;
17:09:43 INFO  Removing containers scheduled to be cleaned up: ['']
17:09:43 DEBUG Process parameters for sudo&lt;containers_for_cleanup&gt;
  command line : /usr/bin/sudo docker rm -f ''
    arg #1     : docker
    arg #2     : rm
    arg #3     : -f
    arg #4     : 
  working dir  : /home/pi/actions-runner/_work/thin-edge.io/thin-edge.io/tests/PySys/plugin_docker/docker_plugin_install/Output/linux
  stdout       : /home/pi/actions-runner/_work/thin-edge.io/thin-edge.io/tests/PySys/plugin_docker/docker_plugin_install/Output/linux/containers_for_cleanup.out
  stderr       : /home/pi/actions-runner/_work/thin-edge.io/thin-edge.io/tests/PySys/plugin_docker/docker_plugin_install/Output/linux/containers_for_cleanup.err
  environment  : LD_LIBRARY_PATH=/usr/lib
  environment  : PATH=/bin:/usr/bin:/usr/sbin:/usr/local/bin
                   #1  /bin
                   #2  /usr/bin
                   #3  /usr/sbin
                   #4  /usr/local/bin
17:09:43 DEBUG Waiting up to 600 secs for process sudo&lt;containers_for_cleanup&gt; (pid 12855)
17:09:44 WARN  Executed sudo&lt;containers_for_cleanup&gt;, exit status 1
17:09:44 DEBUG Running registered cleanup function: &lt;bound method DockerPlugin.cleanup_images of &lt;DockerPluginInstallTest object at 0x76001610&gt;&gt;
17:09:44 INFO  Removing images scheduled to be cleaned up: ['registry']
17:09:44 DEBUG Process parameters for sudo&lt;containers_for_cleanup&gt;
  command line : /usr/bin/sudo docker rmi -f registry
    arg #1     : docker
    arg #2     : rmi
    arg #3     : -f
    arg #4     : registry
  working dir  : /home/pi/actions-runner/_work/thin-edge.io/thin-edge.io/tests/PySys/plugin_docker/docker_plugin_install/Output/linux
  stdout       : /home/pi/actions-runner/_work/thin-edge.io/thin-edge.io/tests/PySys/plugin_docker/docker_plugin_install/Output/linux/containers_for_cleanup.out
  stderr       : /home/pi/actions-runner/_work/thin-edge.io/thin-edge.io/tests/PySys/plugin_docker/docker_plugin_install/Output/linux/containers_for_cleanup.err
  environment  : LD_LIBRARY_PATH=/usr/lib
  environment  : PATH=/bin:/usr/bin:/usr/sbin:/usr/local/bin
                   #1  /bin
                   #2  /usr/bin
                   #3  /usr/sbin
                   #4  /usr/local/bin
17:09:44 DEBUG Waiting up to 600 secs for process sudo&lt;containers_for_cleanup&gt; (pid 12865)
17:09:44 INFO  Executed sudo&lt;containers_for_cleanup&gt;, exit status 0
17:09:44 DEBUG ProcessUser cleanup function done.
17:09:44 INFO  
17:09:44 INFO  Test duration: 6.53 secs
17:09:44 INFO  Test final outcome:  BLOCKED
17:09:44 INFO  Test outcome reason: sudo&lt;plugin_install&gt; returned non-zero exit code 2 (+1 other failures)
17:09:44 INFO  
</system-out>
	</testcase>
</testsuite>
