<?xml version="1.0" encoding="utf-8"?>
<testsuite failures="1" name="SoftwareManagement.sm_docker_install_remove_multiple" skipped="0" tests="1" time="163.6" timestamp="2022-04-14T07:29:29">
	<testcase classname="SMDockerInstallRemove" name="SoftwareManagement.sm_docker_install_remove_multiple">
		<failure message="BLOCKED: SystemError: Timeout while waiting for status FAILED or SUCCESSFUL" type="BLOCKED"/>
		<system-out>07:26:46 INFO  ==============================================================
07:26:46 INFO  Id:    SoftwareManagement.sm_docker_install_remove_multiple
07:26:46 INFO  Dir:   software_management_end_to_end/
07:26:46 INFO  Title: Validate end to end behaviour for the docker plugin for multiple docker images with mixed versions
07:26:46 INFO  ==============================================================
07:26:48 INFO  Using sw id database: {'asciijump': '5475369', 'robotfindskitten': '5474869', 'squirrel3': '5475279', 'rolldice': '5152439', 'moon-buggy': '5439204', 'apple': '5495053', 'banana': '5494888', 'cherry': '5495382', 'watermelon': '5494510', 'registry': '8018911', 'hello-world': '8021526', 'docker/getting-started': '8021973', 'alpine': '7991792'}
07:26:48 INFO  EnvironmentC8y Setup
07:26:49 INFO  Executed systemctl&lt;serv_mapper1&gt;, exit status 3
07:27:04 INFO  Executed sudo&lt;tedge_connect_c8y&gt;, exit status 0, duration 15 secs
07:27:05 INFO  Executed sudo&lt;tedge_connect_c8y_test&gt;, exit status 0
07:27:05 INFO  Executed systemctl&lt;serv_mosq2&gt;, exit status 0
07:27:06 INFO  Executed systemctl&lt;serv_mapper3&gt;, exit status 0
07:27:08 INFO  State of current operation: PENDING
07:27:11 INFO  State of current operation: PENDING
07:27:13 INFO  State of current operation: PENDING
07:27:15 INFO  State of current operation: PENDING
07:27:17 INFO  State of current operation: PENDING
07:27:19 INFO  State of current operation: PENDING
07:27:22 INFO  State of current operation: PENDING
07:27:24 INFO  State of current operation: PENDING
07:27:26 INFO  State of current operation: PENDING
07:27:28 INFO  State of current operation: PENDING
07:27:31 INFO  State of current operation: PENDING
07:27:33 INFO  State of current operation: PENDING
07:27:35 INFO  State of current operation: PENDING
07:27:37 INFO  State of current operation: PENDING
07:27:39 INFO  State of current operation: PENDING
07:27:42 INFO  State of current operation: PENDING
07:27:44 INFO  State of current operation: PENDING
07:27:46 INFO  State of current operation: PENDING
07:27:48 INFO  State of current operation: PENDING
07:27:51 INFO  State of current operation: PENDING
07:27:53 INFO  State of current operation: PENDING
07:27:55 INFO  State of current operation: PENDING
07:27:57 INFO  State of current operation: PENDING
07:27:59 INFO  State of current operation: PENDING
07:28:02 INFO  State of current operation: PENDING
07:28:04 INFO  State of current operation: PENDING
07:28:06 INFO  State of current operation: PENDING
07:28:08 INFO  State of current operation: PENDING
07:28:11 INFO  State of current operation: PENDING
07:28:13 INFO  State of current operation: PENDING
07:28:15 INFO  State of current operation: PENDING
07:28:17 INFO  State of current operation: PENDING
07:28:19 INFO  State of current operation: PENDING
07:28:22 INFO  State of current operation: PENDING
07:28:24 INFO  State of current operation: PENDING
07:28:26 INFO  State of current operation: PENDING
07:28:29 INFO  State of current operation: PENDING
07:28:31 INFO  State of current operation: PENDING
07:28:33 INFO  State of current operation: PENDING
07:28:35 INFO  State of current operation: PENDING
07:28:37 INFO  State of current operation: PENDING
07:28:40 INFO  State of current operation: PENDING
07:28:42 INFO  State of current operation: PENDING
07:28:44 INFO  State of current operation: PENDING
07:28:46 INFO  State of current operation: PENDING
07:28:49 INFO  State of current operation: PENDING
07:28:51 INFO  State of current operation: PENDING
07:28:53 INFO  State of current operation: PENDING
07:28:55 INFO  State of current operation: PENDING
07:28:57 INFO  State of current operation: PENDING
07:29:00 INFO  State of current operation: PENDING
07:29:02 INFO  State of current operation: PENDING
07:29:04 INFO  State of current operation: PENDING
07:29:06 INFO  State of current operation: PENDING
07:29:09 INFO  State of current operation: PENDING
07:29:11 INFO  State of current operation: PENDING
07:29:13 INFO  State of current operation: PENDING
07:29:15 INFO  State of current operation: PENDING
07:29:17 INFO  State of current operation: PENDING
07:29:20 INFO  State of current operation: PENDING
07:29:22 INFO  State of current operation: PENDING
07:29:24 WARN  SystemError occurred while running test - Timeout while waiting for status FAILED or SUCCESSFUL
Traceback (most recent call last):
  File &quot;/home/pi/env-pysys/lib/python3.7/site-packages/pysys/baserunner.py&quot;, line 1292, in __call__
    self.testObj.setup()
  File &quot;/home/pi/actions-runner/_work/thin-edge.io/thin-edge.io/tests/PySys/software_management_end_to_end/sm_docker_install_remove_multiple/run.py&quot;, line 29, in setup
    super().setup()
  File &quot;/home/pi/actions-runner/_work/thin-edge.io/thin-edge.io/tests/PySys/software_management_end_to_end/environment_sm_management.py&quot;, line 151, in setup
    self.wait_until_end()
  File &quot;/home/pi/actions-runner/_work/thin-edge.io/thin-edge.io/tests/PySys/software_management_end_to_end/environment_sm_management.py&quot;, line 332, in wait_until_end
    self.wait_until_status(&quot;FAILED&quot;, &quot;SUCCESSFUL&quot;)
  File &quot;/home/pi/actions-runner/_work/thin-edge.io/thin-edge.io/tests/PySys/software_management_end_to_end/environment_sm_management.py&quot;, line 381, in wait_until_status
    &quot;Timeout while waiting for status %s or %s&quot; % (status, status2)
SystemError: Timeout while waiting for status FAILED or SUCCESSFUL
07:29:25 WARN  SystemError: Timeout while waiting for status FAILED or SUCCESSFUL ... blocked 
07:29:25 INFO  
07:29:25 INFO  cleanup:
07:29:29 INFO  Executed sudo&lt;tedge_disconnect_c8y&gt;, exit status 0
07:29:29 INFO  Executed systemctl&lt;serv_mapper5&gt;, exit status 3
07:29:29 INFO  
07:29:29 INFO  Test duration: 163.60 secs
07:29:29 INFO  Test final outcome:  BLOCKED
07:29:29 INFO  Test outcome reason: SystemError: Timeout while waiting for status FAILED or SUCCESSFUL
07:29:29 INFO  
</system-out>
	</testcase>
</testsuite>
