<?xml version="1.0" encoding="utf-8"?>
<testsuite failures="1" name="SoftwareManagement.sm_mapper_fail_and_reconnect" skipped="0" tests="1" time="89.46" timestamp="2022-02-04T17:18:50">
	<testcase classname="SmMapperC8yReceiveLastMessageOnRestart" name="SoftwareManagement.sm_mapper_fail_and_reconnect">
		<failure message="FAILED: Grep on tedge_sub.out contains &quot;501,c8y_SoftwareUpdate&quot; (+1 other failures)" type="FAILED"/>
		<system-out>17:17:21 INFO  ==============================================================
17:17:21 INFO  Id:    SoftwareManagement.sm_mapper_fail_and_reconnect
17:17:21 INFO  Dir:   software_management_end_to_end/
17:17:21 INFO  Title: Validate the tedge-mapper-sm-c8y for receiving the last message on restart
17:17:21 DEBUG Execution order hint: 0.0
17:17:21 INFO  ==============================================================
17:17:21 DEBUG Process parameters for sudo&lt;connect_c8y&gt;
  command line : /usr/bin/sudo /usr/bin/tedge connect c8y
    arg #1     : /usr/bin/tedge
    arg #2     : connect
    arg #3     : c8y
  working dir  : /home/pi/actions-runner/_work/thin-edge.io/thin-edge.io/tests/PySys/software_management_end_to_end/sm_mapper_fail_and_reconnect/Output/linux
  stdout       : /home/pi/actions-runner/_work/thin-edge.io/thin-edge.io/tests/PySys/software_management_end_to_end/sm_mapper_fail_and_reconnect/Output/linux/connect_c8y.out
  stderr       : /home/pi/actions-runner/_work/thin-edge.io/thin-edge.io/tests/PySys/software_management_end_to_end/sm_mapper_fail_and_reconnect/Output/linux/connect_c8y.err
  environment  : LD_LIBRARY_PATH=/usr/lib
  environment  : PATH=/bin:/usr/bin:/usr/sbin:/usr/local/bin
                   #1  /bin
                   #2  /usr/bin
                   #3  /usr/sbin
                   #4  /usr/local/bin
17:17:21 DEBUG Waiting up to 600 secs for process sudo&lt;connect_c8y&gt; (pid 15347)
17:17:32 INFO  Executed sudo&lt;connect_c8y&gt;, exit status 0
17:17:32 DEBUG Process parameters for sudo&lt;install&gt;
  command line : /usr/bin/sudo /usr/bin/apt-get install rolldice
    arg #1     : /usr/bin/apt-get
    arg #2     : install
    arg #3     : rolldice
  working dir  : /home/pi/actions-runner/_work/thin-edge.io/thin-edge.io/tests/PySys/software_management_end_to_end/sm_mapper_fail_and_reconnect/Output/linux
  stdout       : /home/pi/actions-runner/_work/thin-edge.io/thin-edge.io/tests/PySys/software_management_end_to_end/sm_mapper_fail_and_reconnect/Output/linux/install.out
  stderr       : /home/pi/actions-runner/_work/thin-edge.io/thin-edge.io/tests/PySys/software_management_end_to_end/sm_mapper_fail_and_reconnect/Output/linux/install.err
  environment  : LD_LIBRARY_PATH=/usr/lib
  environment  : PATH=/bin:/usr/bin:/usr/sbin:/usr/local/bin
                   #1  /bin
                   #2  /usr/bin
                   #3  /usr/sbin
                   #4  /usr/local/bin
17:17:32 DEBUG Waiting up to 600 secs for process sudo&lt;install&gt; (pid 15485)
17:17:58 INFO  Executed sudo&lt;install&gt;, exit status 0, duration 26 secs
17:17:58 DEBUG Process parameters for sudo&lt;tedge_sub&gt;
  command line : /usr/bin/sudo /usr/bin/tedge mqtt sub c8y/s/us
    arg #1     : /usr/bin/tedge
    arg #2     : mqtt
    arg #3     : sub
    arg #4     : c8y/s/us
  working dir  : /home/pi/actions-runner/_work/thin-edge.io/thin-edge.io/tests/PySys/software_management_end_to_end/sm_mapper_fail_and_reconnect/Output/linux
  stdout       : /home/pi/actions-runner/_work/thin-edge.io/thin-edge.io/tests/PySys/software_management_end_to_end/sm_mapper_fail_and_reconnect/Output/linux/tedge_sub.out
  stderr       : /home/pi/actions-runner/_work/thin-edge.io/thin-edge.io/tests/PySys/software_management_end_to_end/sm_mapper_fail_and_reconnect/Output/linux/tedge_sub.err
  environment  : LD_LIBRARY_PATH=/usr/lib
  environment  : PATH=/bin:/usr/bin:/usr/sbin:/usr/local/bin
                   #1  /bin
                   #2  /usr/bin
                   #3  /usr/sbin
                   #4  /usr/local/bin
17:17:58 INFO  Started sudo&lt;tedge_sub&gt; with process id 15647
17:17:58 DEBUG Process parameters for sudo&lt;tedge_pub&gt;
  command line : /usr/bin/sudo /usr/bin/tedge mqtt pub c8y/s/ds 528,tedge,rolldice,,,delete
    arg #1     : /usr/bin/tedge
    arg #2     : mqtt
    arg #3     : pub
    arg #4     : c8y/s/ds
    arg #5     : 528,tedge,rolldice,,,delete
  working dir  : /home/pi/actions-runner/_work/thin-edge.io/thin-edge.io/tests/PySys/software_management_end_to_end/sm_mapper_fail_and_reconnect/Output/linux
  stdout       : /home/pi/actions-runner/_work/thin-edge.io/thin-edge.io/tests/PySys/software_management_end_to_end/sm_mapper_fail_and_reconnect/Output/linux/tedge_pub.out
  stderr       : /home/pi/actions-runner/_work/thin-edge.io/thin-edge.io/tests/PySys/software_management_end_to_end/sm_mapper_fail_and_reconnect/Output/linux/tedge_pub.err
  environment  : LD_LIBRARY_PATH=/usr/lib
  environment  : PATH=/bin:/usr/bin:/usr/sbin:/usr/local/bin
                   #1  /bin
                   #2  /usr/bin
                   #3  /usr/sbin
                   #4  /usr/local/bin
17:17:58 DEBUG Waiting up to 600 secs for process sudo&lt;tedge_pub&gt; (pid 15648)
17:17:58 INFO  Executed sudo&lt;tedge_pub&gt;, exit status 0
17:17:58 DEBUG --- test execute
17:18:00 DEBUG Process parameters for sudo&lt;sm_mapper_stop&gt;
  command line : /usr/bin/sudo /usr/bin/systemctl stop tedge-mapper-sm-c8y.service
    arg #1     : /usr/bin/systemctl
    arg #2     : stop
    arg #3     : tedge-mapper-sm-c8y.service
  working dir  : /home/pi/actions-runner/_work/thin-edge.io/thin-edge.io/tests/PySys/software_management_end_to_end/sm_mapper_fail_and_reconnect/Output/linux
  stdout       : /home/pi/actions-runner/_work/thin-edge.io/thin-edge.io/tests/PySys/software_management_end_to_end/sm_mapper_fail_and_reconnect/Output/linux/sm_mapper_stop.out
  stderr       : /home/pi/actions-runner/_work/thin-edge.io/thin-edge.io/tests/PySys/software_management_end_to_end/sm_mapper_fail_and_reconnect/Output/linux/sm_mapper_stop.err
  environment  : LD_LIBRARY_PATH=/usr/lib
  environment  : PATH=/bin:/usr/bin:/usr/sbin:/usr/local/bin
                   #1  /bin
                   #2  /usr/bin
                   #3  /usr/sbin
                   #4  /usr/local/bin
17:18:00 DEBUG Waiting up to 600 secs for process sudo&lt;sm_mapper_stop&gt; (pid 15659)
17:18:01 INFO  Executed sudo&lt;sm_mapper_stop&gt;, exit status 0
17:18:01 DEBUG Process parameters for mosquitto_sub&lt;tedge_sub_agent&gt;
  command line : /usr/bin/mosquitto_sub -v -t tedge/commands/res/software/update
    arg #1     : -v
    arg #2     : -t
    arg #3     : tedge/commands/res/software/update
  working dir  : /home/pi/actions-runner/_work/thin-edge.io/thin-edge.io/tests/PySys/software_management_end_to_end/sm_mapper_fail_and_reconnect/Output/linux
  stdout       : /home/pi/actions-runner/_work/thin-edge.io/thin-edge.io/tests/PySys/software_management_end_to_end/sm_mapper_fail_and_reconnect/Output/linux/tedge_sub_agent.out
  stderr       : /home/pi/actions-runner/_work/thin-edge.io/thin-edge.io/tests/PySys/software_management_end_to_end/sm_mapper_fail_and_reconnect/Output/linux/tedge_sub_agent.err
  environment  : LD_LIBRARY_PATH=/usr/lib
  environment  : PATH=/bin:/usr/bin:/usr/sbin:/usr/local/bin
                   #1  /bin
                   #2  /usr/bin
                   #3  /usr/sbin
                   #4  /usr/local/bin
17:18:01 INFO  Started mosquitto_sub&lt;tedge_sub_agent&gt; with process id 15664
17:18:16 DEBUG Process parameters for sudo&lt;sm_mapper_restart&gt;
  command line : /usr/bin/sudo /usr/bin/systemctl restart tedge-mapper-sm-c8y.service
    arg #1     : /usr/bin/systemctl
    arg #2     : restart
    arg #3     : tedge-mapper-sm-c8y.service
  working dir  : /home/pi/actions-runner/_work/thin-edge.io/thin-edge.io/tests/PySys/software_management_end_to_end/sm_mapper_fail_and_reconnect/Output/linux
  stdout       : /home/pi/actions-runner/_work/thin-edge.io/thin-edge.io/tests/PySys/software_management_end_to_end/sm_mapper_fail_and_reconnect/Output/linux/sm_mapper_restart.out
  stderr       : /home/pi/actions-runner/_work/thin-edge.io/thin-edge.io/tests/PySys/software_management_end_to_end/sm_mapper_fail_and_reconnect/Output/linux/sm_mapper_restart.err
  environment  : LD_LIBRARY_PATH=/usr/lib
  environment  : PATH=/bin:/usr/bin:/usr/sbin:/usr/local/bin
                   #1  /bin
                   #2  /usr/bin
                   #3  /usr/sbin
                   #4  /usr/local/bin
17:18:16 DEBUG Waiting up to 600 secs for process sudo&lt;sm_mapper_restart&gt; (pid 15667)
17:18:17 INFO  Executed sudo&lt;sm_mapper_restart&gt;, exit status 0
17:18:47 DEBUG Process parameters for sudo&lt;kill_out&gt;
  command line : /usr/bin/sudo killall tedge mosquitto_sub
    arg #1     : killall
    arg #2     : tedge
    arg #3     : mosquitto_sub
  working dir  : /home/pi/actions-runner/_work/thin-edge.io/thin-edge.io/tests/PySys/software_management_end_to_end/sm_mapper_fail_and_reconnect/Output/linux
  stdout       : /home/pi/actions-runner/_work/thin-edge.io/thin-edge.io/tests/PySys/software_management_end_to_end/sm_mapper_fail_and_reconnect/Output/linux/kill_out.out
  stderr       : /home/pi/actions-runner/_work/thin-edge.io/thin-edge.io/tests/PySys/software_management_end_to_end/sm_mapper_fail_and_reconnect/Output/linux/kill_out.err
  environment  : LD_LIBRARY_PATH=/usr/lib
  environment  : PATH=/bin:/usr/bin:/usr/sbin:/usr/local/bin
                   #1  /bin
                   #2  /usr/bin
                   #3  /usr/sbin
                   #4  /usr/local/bin
17:18:47 DEBUG Waiting up to 600 secs for process sudo&lt;kill_out&gt; (pid 15675)
17:18:47 INFO  Executed sudo&lt;kill_out&gt;, exit status 0
17:18:47 DEBUG --- test validate
17:18:47 INFO  Validate
17:18:47 DEBUG Performing regex contains=True grep on file: /home/pi/actions-runner/_work/thin-edge.io/thin-edge.io/tests/PySys/software_management_end_to_end/sm_mapper_fail_and_reconnect/Output/linux/tedge_sub.out
17:18:47 WARN  Grep on tedge_sub.out contains &quot;501,c8y_SoftwareUpdate&quot; ... failed [run.py:99]
17:18:47 DEBUG Performing regex contains=True grep on file: /home/pi/actions-runner/_work/thin-edge.io/thin-edge.io/tests/PySys/software_management_end_to_end/sm_mapper_fail_and_reconnect/Output/linux/tedge_sub.out
17:18:47 WARN  Grep on tedge_sub.out contains &quot;503,c8y_SoftwareUpdate&quot; ... failed [run.py:100]
17:18:47 DEBUG --- test cleanup
17:18:47 INFO  
17:18:47 INFO  cleanup:
17:18:47 DEBUG Running registered cleanup function: &lt;bound method SmMapperC8yReceiveLastMessageOnRestart.smcleanup of &lt;SmMapperC8yReceiveLastMessageOnRestart object at 0x75c84710&gt;&gt;
17:18:47 INFO  Stop sm-mapper and agent
17:18:47 DEBUG Process parameters for sudo&lt;connect_c8y&gt;
  command line : /usr/bin/sudo /usr/bin/tedge disconnect c8y
    arg #1     : /usr/bin/tedge
    arg #2     : disconnect
    arg #3     : c8y
  working dir  : /home/pi/actions-runner/_work/thin-edge.io/thin-edge.io/tests/PySys/software_management_end_to_end/sm_mapper_fail_and_reconnect/Output/linux
  stdout       : /home/pi/actions-runner/_work/thin-edge.io/thin-edge.io/tests/PySys/software_management_end_to_end/sm_mapper_fail_and_reconnect/Output/linux/connect_c8y.out
  stderr       : /home/pi/actions-runner/_work/thin-edge.io/thin-edge.io/tests/PySys/software_management_end_to_end/sm_mapper_fail_and_reconnect/Output/linux/connect_c8y.err
  environment  : LD_LIBRARY_PATH=/usr/lib
  environment  : PATH=/bin:/usr/bin:/usr/sbin:/usr/local/bin
                   #1  /bin
                   #2  /usr/bin
                   #3  /usr/sbin
                   #4  /usr/local/bin
17:18:47 DEBUG Waiting up to 600 secs for process sudo&lt;connect_c8y&gt; (pid 15677)
17:18:50 INFO  Executed sudo&lt;connect_c8y&gt;, exit status 0
17:18:50 DEBUG ProcessUser cleanup function done.
17:18:50 INFO  
17:18:50 INFO  Test duration: 89.46 secs
17:18:50 INFO  Test final outcome:  FAILED
17:18:50 INFO  Test outcome reason: Grep on tedge_sub.out contains &quot;501,c8y_SoftwareUpdate&quot; (+1 other failures)
17:18:50 INFO  
</system-out>
	</testcase>
</testsuite>
