<?xml version="1.0" encoding="utf-8"?>
<testsuite failures="1" name="SoftwareManagement.sm_apt_install_remove" skipped="0" tests="1" time="157.9" timestamp="2022-02-18T15:50:25">
	<testcase classname="PySysTest" name="SoftwareManagement.sm_apt_install_remove">
		<failure message="BLOCKED: SystemError: Timeout while waiting for status FAILED or SUCCESSFUL" type="BLOCKED"/>
		<system-out>15:47:47 INFO  ==============================================================
15:47:47 INFO  Id:    SoftwareManagement.sm_apt_install_remove
15:47:47 INFO  Dir:   software_management_end_to_end/
15:47:47 INFO  Title: Validate end to end behaviour for the apt plugin for installation and removal of packages
15:47:47 DEBUG Execution order hint: 0.0
15:47:47 INFO  ==============================================================
15:47:47 INFO  Using sw id database: {'asciijump': '5475369', 'robotfindskitten': '5474869', 'squirrel3': '5475279', 'rolldice': '5152439', 'moon-buggy': '5439204', 'apple': '5495053', 'banana': '5494888', 'cherry': '5495382', 'watermelon': '5494510', 'registry': '8018911', 'hello-world': '8021526', 'docker/getting-started': '8021973', 'alpine': '7991792'}
15:47:47 DEBUG EnvironmentC8y Setup
15:47:47 INFO  EnvironmentC8y Setup
15:47:47 DEBUG Process parameters for systemctl&lt;serv_mapper1&gt;
  command line : /usr/bin/systemctl status tedge-mapper-c8y
    arg #1     : status
    arg #2     : tedge-mapper-c8y
  working dir  : /home/pi/actions-runner/_work/thin-edge.io/thin-edge.io/tests/PySys/software_management_end_to_end/sm_apt_install_remove/Output/linux
  stdout       : /home/pi/actions-runner/_work/thin-edge.io/thin-edge.io/tests/PySys/software_management_end_to_end/sm_apt_install_remove/Output/linux/serv_mapper1.out
  stderr       : /home/pi/actions-runner/_work/thin-edge.io/thin-edge.io/tests/PySys/software_management_end_to_end/sm_apt_install_remove/Output/linux/serv_mapper1.err
  environment  : LD_LIBRARY_PATH=/usr/lib
  environment  : PATH=/bin:/usr/bin:/usr/sbin:/usr/local/bin
                   #1  /bin
                   #2  /usr/bin
                   #3  /usr/sbin
                   #4  /usr/local/bin
15:47:47 DEBUG Waiting up to 600 secs for process systemctl&lt;serv_mapper1&gt; (pid 3989)
15:47:48 INFO  Executed systemctl&lt;serv_mapper1&gt;, exit status 3
15:47:48 INFO  Restarting mosquitto too frequently in the last 10 seconds. It was only up for 3 seconds
15:47:48 INFO  Delaying execution by 8 seconds
15:47:56 DEBUG Process parameters for sudo&lt;tedge_connect_c8y&gt;
  command line : /usr/bin/sudo /usr/bin/tedge connect c8y
    arg #1     : /usr/bin/tedge
    arg #2     : connect
    arg #3     : c8y
  working dir  : /home/pi/actions-runner/_work/thin-edge.io/thin-edge.io/tests/PySys/software_management_end_to_end/sm_apt_install_remove/Output/linux
  stdout       : /home/pi/actions-runner/_work/thin-edge.io/thin-edge.io/tests/PySys/software_management_end_to_end/sm_apt_install_remove/Output/linux/tedge_connect_c8y.out
  stderr       : /home/pi/actions-runner/_work/thin-edge.io/thin-edge.io/tests/PySys/software_management_end_to_end/sm_apt_install_remove/Output/linux/tedge_connect_c8y.err
  environment  : LD_LIBRARY_PATH=/usr/lib
  environment  : PATH=/bin:/usr/bin:/usr/sbin:/usr/local/bin
                   #1  /bin
                   #2  /usr/bin
                   #3  /usr/sbin
                   #4  /usr/local/bin
15:47:56 DEBUG Waiting up to 600 secs for process sudo&lt;tedge_connect_c8y&gt; (pid 3993)
15:48:06 INFO  Executed sudo&lt;tedge_connect_c8y&gt;, exit status 0
15:48:06 DEBUG Process parameters for sudo&lt;tedge_connect_c8y_test&gt;
  command line : /usr/bin/sudo /usr/bin/tedge connect c8y --test
    arg #1     : /usr/bin/tedge
    arg #2     : connect
    arg #3     : c8y
    arg #4     : --test
  working dir  : /home/pi/actions-runner/_work/thin-edge.io/thin-edge.io/tests/PySys/software_management_end_to_end/sm_apt_install_remove/Output/linux
  stdout       : /home/pi/actions-runner/_work/thin-edge.io/thin-edge.io/tests/PySys/software_management_end_to_end/sm_apt_install_remove/Output/linux/tedge_connect_c8y_test.out
  stderr       : /home/pi/actions-runner/_work/thin-edge.io/thin-edge.io/tests/PySys/software_management_end_to_end/sm_apt_install_remove/Output/linux/tedge_connect_c8y_test.err
  environment  : LD_LIBRARY_PATH=/usr/lib
  environment  : PATH=/bin:/usr/bin:/usr/sbin:/usr/local/bin
                   #1  /bin
                   #2  /usr/bin
                   #3  /usr/sbin
                   #4  /usr/local/bin
15:48:06 DEBUG Waiting up to 600 secs for process sudo&lt;tedge_connect_c8y_test&gt; (pid 4090)
15:48:06 INFO  Executed sudo&lt;tedge_connect_c8y_test&gt;, exit status 0
15:48:06 DEBUG Process parameters for systemctl&lt;serv_mosq2&gt;
  command line : /usr/bin/systemctl status mosquitto
    arg #1     : status
    arg #2     : mosquitto
  working dir  : /home/pi/actions-runner/_work/thin-edge.io/thin-edge.io/tests/PySys/software_management_end_to_end/sm_apt_install_remove/Output/linux
  stdout       : /home/pi/actions-runner/_work/thin-edge.io/thin-edge.io/tests/PySys/software_management_end_to_end/sm_apt_install_remove/Output/linux/serv_mosq2.out
  stderr       : /home/pi/actions-runner/_work/thin-edge.io/thin-edge.io/tests/PySys/software_management_end_to_end/sm_apt_install_remove/Output/linux/serv_mosq2.err
  environment  : LD_LIBRARY_PATH=/usr/lib
  environment  : PATH=/bin:/usr/bin:/usr/sbin:/usr/local/bin
                   #1  /bin
                   #2  /usr/bin
                   #3  /usr/sbin
                   #4  /usr/local/bin
15:48:06 DEBUG Waiting up to 600 secs for process systemctl&lt;serv_mosq2&gt; (pid 4093)
15:48:07 INFO  Executed systemctl&lt;serv_mosq2&gt;, exit status 0
15:48:07 DEBUG Process parameters for systemctl&lt;serv_mapper3&gt;
  command line : /usr/bin/systemctl status tedge-mapper-c8y
    arg #1     : status
    arg #2     : tedge-mapper-c8y
  working dir  : /home/pi/actions-runner/_work/thin-edge.io/thin-edge.io/tests/PySys/software_management_end_to_end/sm_apt_install_remove/Output/linux
  stdout       : /home/pi/actions-runner/_work/thin-edge.io/thin-edge.io/tests/PySys/software_management_end_to_end/sm_apt_install_remove/Output/linux/serv_mapper3.out
  stderr       : /home/pi/actions-runner/_work/thin-edge.io/thin-edge.io/tests/PySys/software_management_end_to_end/sm_apt_install_remove/Output/linux/serv_mapper3.err
  environment  : LD_LIBRARY_PATH=/usr/lib
  environment  : PATH=/bin:/usr/bin:/usr/sbin:/usr/local/bin
                   #1  /bin
                   #2  /usr/bin
                   #3  /usr/sbin
                   #4  /usr/local/bin
15:48:07 DEBUG Waiting up to 600 secs for process systemctl&lt;serv_mapper3&gt; (pid 4094)
15:48:07 INFO  Executed systemctl&lt;serv_mapper3&gt;, exit status 0
15:48:09 DEBUG Final URL of the request: https://thin-edge-io.eu-latest.cumulocity.com/devicecontrol/operations?deviceId=14382422&amp;pageSize=1&amp;revert=true&amp;dateFrom=1970-01-01T00%3A00%3A00.000Z
15:48:09 INFO  State of current operation: PENDING
15:48:09 DEBUG Final URL of the request: https://thin-edge-io.eu-latest.cumulocity.com/devicecontrol/operations?deviceId=14382422&amp;pageSize=1&amp;revert=true&amp;dateFrom=1970-01-01T00%3A00%3A00.000Z
15:48:09 DEBUG State of current operation: {
    &quot;delivery&quot;: {
        &quot;time&quot;: &quot;2022-02-18T15:48:05.094Z&quot;,
        &quot;log&quot;: [
            {
                &quot;time&quot;: &quot;2022-02-18T15:10:35.371Z&quot;,
                &quot;status&quot;: &quot;PENDING&quot;
            },
            {
                &quot;time&quot;: &quot;2022-02-18T15:10:35.380Z&quot;,
                &quot;status&quot;: &quot;SEND&quot;
            },
            {
                &quot;time&quot;: &quot;2022-02-18T15:10:35.414Z&quot;,
                &quot;status&quot;: &quot;DELIVERED&quot;
            },
            {
                &quot;time&quot;: &quot;2022-02-18T15:11:42.300Z&quot;,
                &quot;status&quot;: &quot;PENDING&quot;
            },
            {
                &quot;time&quot;: &quot;2022-02-18T15:11:42.322Z&quot;,
                &quot;status&quot;: &quot;SEND&quot;
            },
            {
                &quot;time&quot;: &quot;2022-02-18T15:11:42.359Z&quot;,
                &quot;status&quot;: &quot;DELIVERED&quot;
            },
            {
                &quot;time&quot;: &quot;2022-02-18T15:12:59.572Z&quot;,
                &quot;status&quot;: &quot;PENDING&quot;
            },
            {
                &quot;time&quot;: &quot;2022-02-18T15:12:59.593Z&quot;,
                &quot;status&quot;: &quot;SEND&quot;
            },
            {
                &quot;time&quot;: &quot;2022-02-18T15:12:59.628Z&quot;,
                &quot;status&quot;: &quot;DELIVERED&quot;
            },
            {
                &quot;time&quot;: &quot;2022-02-18T15:14:12.920Z&quot;,
                &quot;status&quot;: &quot;PENDING&quot;
            },
            {
                &quot;time&quot;: &quot;2022-02-18T15:14:12.944Z&quot;,
                &quot;status&quot;: &quot;SEND&quot;
            },
            {
                &quot;time&quot;: &quot;2022-02-18T15:14:12.981Z&quot;,
                &quot;status&quot;: &quot;DELIVERED&quot;
            },
            {
                &quot;time&quot;: &quot;2022-02-18T15:15:26.328Z&quot;,
                &quot;status&quot;: &quot;PENDING&quot;
            },
            {
                &quot;time&quot;: &quot;2022-02-18T15:15:26.352Z&quot;,
                &quot;status&quot;: &quot;SEND&quot;
            },
            {
                &quot;time&quot;: &quot;2022-02-18T15:15:26.390Z&quot;,
                &quot;status&quot;: &quot;DELIVERED&quot;
            },
            {
                &quot;time&quot;: &quot;2022-02-18T15:16:04.923Z&quot;,
                &quot;status&quot;: &quot;PENDING&quot;
            },
            {
                &quot;time&quot;: &quot;2022-02-18T15:16:04.942Z&quot;,
                &quot;status&quot;: &quot;SEND&quot;
            },
            {
                &quot;time&quot;: &quot;2022-02-18T15:16:04.979Z&quot;,
                &quot;status&quot;: &quot;DELIVERED&quot;
            },
            {
                &quot;time&quot;: &quot;2022-02-18T15:16:55.848Z&quot;,
                &quot;status&quot;: &quot;PENDING&quot;
            },
            {
                &quot;time&quot;: &quot;2022-02-18T15:16:55.868Z&quot;,
                &quot;status&quot;: &quot;SEND&quot;
            },
            {
                &quot;time&quot;: &quot;2022-02-18T15:16:55.905Z&quot;,
                &quot;status&quot;: &quot;DELIVERED&quot;
            },
            {
                &quot;time&quot;: &quot;2022-02-18T15:17:46.625Z&quot;,
                &quot;status&quot;: &quot;PENDING&quot;
            },
            {
                &quot;time&quot;: &quot;2022-02-18T15:17:46.652Z&quot;,
                &quot;status&quot;: &quot;SEND&quot;
            },
            {
                &quot;time&quot;: &quot;2022-02-18T15:17:46.687Z&quot;,
                &quot;status&quot;: &quot;DELIVERED&quot;
            },
            {
                &quot;time&quot;: &quot;2022-02-18T15:18:28.019Z&quot;,
                &quot;status&quot;: &quot;PENDING&quot;
            },
            {
                &quot;time&quot;: &quot;2022-02-18T15:18:28.043Z&quot;,
                &quot;status&quot;: &quot;SEND&quot;
            },
            {
                &quot;time&quot;: &quot;2022-02-18T15:18:28.079Z&quot;,
                &quot;status&quot;: &quot;DELIVERED&quot;
            },
            {
                &quot;time&quot;: &quot;2022-02-18T15:20:43.491Z&quot;,
                &quot;status&quot;: &quot;PENDING&quot;
            },
            {
                &quot;time&quot;: &quot;2022-02-18T15:20:43.514Z&quot;,
                &quot;status&quot;: &quot;SEND&quot;
            },
            {
                &quot;time&quot;: &quot;2022-02-18T15:20:43.550Z&quot;,
                &quot;status&quot;: &quot;DELIVERED&quot;
            },
            {
                &quot;time&quot;: &quot;2022-02-18T15:23:08.808Z&quot;,
                &quot;status&quot;: &quot;PENDING&quot;
            },
            {
                &quot;time&quot;: &quot;2022-02-18T15:23:08.831Z&quot;,
                &quot;status&quot;: &quot;SEND&quot;
            },
            {
                &quot;time&quot;: &quot;2022-02-18T15:23:08.869Z&quot;,
                &quot;status&quot;: &quot;DELIVERED&quot;
            },
            {
                &quot;time&quot;: &quot;2022-02-18T15:23:31.763Z&quot;,
                &quot;status&quot;: &quot;PENDING&quot;
            },
            {
                &quot;time&quot;: &quot;2022-02-18T15:23:31.789Z&quot;,
                &quot;status&quot;: &quot;SEND&quot;
            },
            {
                &quot;time&quot;: &quot;2022-02-18T15:23:31.829Z&quot;,
                &quot;status&quot;: &quot;DELIVERED&quot;
            },
            {
                &quot;time&quot;: &quot;2022-02-18T15:23:56.183Z&quot;,
                &quot;status&quot;: &quot;PENDING&quot;
            },
            {
                &quot;time&quot;: &quot;2022-02-18T15:23:56.205Z&quot;,
                &quot;status&quot;: &quot;SEND&quot;
            },
            {
                &quot;time&quot;: &quot;2022-02-18T15:23:56.240Z&quot;,
                &quot;status&quot;: &quot;DELIVERED&quot;
            },
            {
                &quot;time&quot;: &quot;2022-02-18T15:24:19.191Z&quot;,
                &quot;status&quot;: &quot;PENDING&quot;
            },
            {
                &quot;time&quot;: &quot;2022-02-18T15:24:19.214Z&quot;,
                &quot;status&quot;: &quot;SEND&quot;
            },
            {
                &quot;time&quot;: &quot;2022-02-18T15:24:19.249Z&quot;,
                &quot;status&quot;: &quot;DELIVERED&quot;
            },
            {
                &quot;time&quot;: &quot;2022-02-18T15:24:56.124Z&quot;,
                &quot;status&quot;: &quot;PENDING&quot;
            },
            {
                &quot;time&quot;: &quot;2022-02-18T15:24:56.152Z&quot;,
                &quot;status&quot;: &quot;SEND&quot;
            },
            {
                &quot;time&quot;: &quot;2022-02-18T15:24:56.186Z&quot;,
                &quot;status&quot;: &quot;DELIVERED&quot;
            },
            {
                &quot;time&quot;: &quot;2022-02-18T15:25:21.105Z&quot;,
                &quot;status&quot;: &quot;PENDING&quot;
            },
            {
                &quot;time&quot;: &quot;2022-02-18T15:25:21.127Z&quot;,
                &quot;status&quot;: &quot;SEND&quot;
            },
            {
                &quot;time&quot;: &quot;2022-02-18T15:25:21.164Z&quot;,
                &quot;status&quot;: &quot;DELIVERED&quot;
            },
            {
                &quot;time&quot;: &quot;2022-02-18T15:25:45.991Z&quot;,
                &quot;status&quot;: &quot;PENDING&quot;
            },
            {
                &quot;time&quot;: &quot;2022-02-18T15:25:46.015Z&quot;,
                &quot;status&quot;: &quot;SEND&quot;
            },
            {
                &quot;time&quot;: &quot;2022-02-18T15:25:46.050Z&quot;,
                &quot;status&quot;: &quot;DELIVERED&quot;
            },
            {
                &quot;time&quot;: &quot;2022-02-18T15:42:24.600Z&quot;,
                &quot;status&quot;: &quot;PENDING&quot;
            },
            {
                &quot;time&quot;: &quot;2022-02-18T15:42:24.628Z&quot;,
                &quot;status&quot;: &quot;SEND&quot;
            },
            {
                &quot;time&quot;: &quot;2022-02-18T15:42:24.664Z&quot;,
                &quot;status&quot;: &quot;DELIVERED&quot;
            },
            {
                &quot;time&quot;: &quot;2022-02-18T15:45:04.233Z&quot;,
                &quot;status&quot;: &quot;PENDING&quot;
            },
            {
                &quot;time&quot;: &quot;2022-02-18T15:45:04.267Z&quot;,
                &quot;status&quot;: &quot;SEND&quot;
            },
            {
                &quot;time&quot;: &quot;2022-02-18T15:45:04.303Z&quot;,
                &quot;status&quot;: &quot;DELIVERED&quot;
            },
            {
                &quot;time&quot;: &quot;2022-02-18T15:45:26.812Z&quot;,
                &quot;status&quot;: &quot;PENDING&quot;
            },
            {
                &quot;time&quot;: &quot;2022-02-18T15:45:26.839Z&quot;,
                &quot;status&quot;: &quot;SEND&quot;
            },
            {
                &quot;time&quot;: &quot;2022-02-18T15:45:26.882Z&quot;,
                &quot;status&quot;: &quot;DELIVERED&quot;
            },
            {
                &quot;time&quot;: &quot;2022-02-18T15:48:05.017Z&quot;,
                &quot;status&quot;: &quot;PENDING&quot;
            },
            {
                &quot;time&quot;: &quot;2022-02-18T15:48:05.047Z&quot;,
                &quot;status&quot;: &quot;SEND&quot;
            }
        ],
        &quot;status&quot;: &quot;DELIVERED&quot;
    },
    &quot;creationTime&quot;: &quot;2022-02-18T15:10:35.358Z&quot;,
    &quot;deviceId&quot;: &quot;14382422&quot;,
    &quot;deviceName&quot;: &quot;mythic_beasts_pi_all_jobs_sag&quot;,
    &quot;self&quot;: &quot;https://t493319102.eu-latest.cumulocity.com/devicecontrol/operations/14382430&quot;,
    &quot;id&quot;: &quot;14382430&quot;,
    &quot;status&quot;: &quot;PENDING&quot;,
    &quot;c8y_LogfileRequest&quot;: {
        &quot;searchText&quot;: &quot;&quot;,
        &quot;logFile&quot;: &quot;software-management&quot;,
        &quot;dateTo&quot;: &quot;2021-11-21T18:55:49+0530&quot;,
        &quot;dateFrom&quot;: &quot;2021-11-15T18:55:49+0530&quot;,
        &quot;maximumLines&quot;: 300
    },
    &quot;description&quot;: &quot;Log file request&quot;
}
15:48:11 DEBUG Final URL of the request: https://thin-edge-io.eu-latest.cumulocity.com/devicecontrol/operations?deviceId=14382422&amp;pageSize=1&amp;revert=true&amp;dateFrom=1970-01-01T00%3A00%3A00.000Z
15:48:11 INFO  State of current operation: PENDING
15:48:11 DEBUG Final URL of the request: https://thin-edge-io.eu-latest.cumulocity.com/devicecontrol/operations?deviceId=14382422&amp;pageSize=1&amp;revert=true&amp;dateFrom=1970-01-01T00%3A00%3A00.000Z
15:48:11 DEBUG State of current operation: {
    &quot;delivery&quot;: {
        &quot;time&quot;: &quot;2022-02-18T15:48:05.094Z&quot;,
        &quot;log&quot;: [
            {
                &quot;time&quot;: &quot;2022-02-18T15:10:35.371Z&quot;,
                &quot;status&quot;: &quot;PENDING&quot;
            },
            {
                &quot;time&quot;: &quot;2022-02-18T15:10:35.380Z&quot;,
                &quot;status&quot;: &quot;SEND&quot;
            },
            {
                &quot;time&quot;: &quot;2022-02-18T15:10:35.414Z&quot;,
                &quot;status&quot;: &quot;DELIVERED&quot;
            },
            {
                &quot;time&quot;: &quot;2022-02-18T15:11:42.300Z&quot;,
                &quot;status&quot;: &quot;PENDING&quot;
            },
            {
                &quot;time&quot;: &quot;2022-02-18T15:11:42.322Z&quot;,
                &quot;status&quot;: &quot;SEND&quot;
            },
            {
                &quot;time&quot;: &quot;2022-02-18T15:11:42.359Z&quot;,
                &quot;status&quot;: &quot;DELIVERED&quot;
            },
            {
                &quot;time&quot;: &quot;2022-02-18T15:12:59.572Z&quot;,
                &quot;status&quot;: &quot;PENDING&quot;
            },
            {
                &quot;time&quot;: &quot;2022-02-18T15:12:59.593Z&quot;,
                &quot;status&quot;: &quot;SEND&quot;
            },
            {
                &quot;time&quot;: &quot;2022-02-18T15:12:59.628Z&quot;,
                &quot;status&quot;: &quot;DELIVERED&quot;
            },
            {
                &quot;time&quot;: &quot;2022-02-18T15:14:12.920Z&quot;,
                &quot;status&quot;: &quot;PENDING&quot;
            },
            {
                &quot;time&quot;: &quot;2022-02-18T15:14:12.944Z&quot;,
                &quot;status&quot;: &quot;SEND&quot;
            },
            {
                &quot;time&quot;: &quot;2022-02-18T15:14:12.981Z&quot;,
                &quot;status&quot;: &quot;DELIVERED&quot;
            },
            {
                &quot;time&quot;: &quot;2022-02-18T15:15:26.328Z&quot;,
                &quot;status&quot;: &quot;PENDING&quot;
            },
            {
                &quot;time&quot;: &quot;2022-02-18T15:15:26.352Z&quot;,
                &quot;status&quot;: &quot;SEND&quot;
            },
            {
                &quot;time&quot;: &quot;2022-02-18T15:15:26.390Z&quot;,
                &quot;status&quot;: &quot;DELIVERED&quot;
            },
            {
                &quot;time&quot;: &quot;2022-02-18T15:16:04.923Z&quot;,
                &quot;status&quot;: &quot;PENDING&quot;
            },
            {
                &quot;time&quot;: &quot;2022-02-18T15:16:04.942Z&quot;,
                &quot;status&quot;: &quot;SEND&quot;
            },
            {
                &quot;time&quot;: &quot;2022-02-18T15:16:04.979Z&quot;,
                &quot;status&quot;: &quot;DELIVERED&quot;
            },
            {
                &quot;time&quot;: &quot;2022-02-18T15:16:55.848Z&quot;,
                &quot;status&quot;: &quot;PENDING&quot;
            },
            {
                &quot;time&quot;: &quot;2022-02-18T15:16:55.868Z&quot;,
                &quot;status&quot;: &quot;SEND&quot;
            },
            {
                &quot;time&quot;: &quot;2022-02-18T15:16:55.905Z&quot;,
                &quot;status&quot;: &quot;DELIVERED&quot;
            },
            {
                &quot;time&quot;: &quot;2022-02-18T15:17:46.625Z&quot;,
                &quot;status&quot;: &quot;PENDING&quot;
            },
            {
                &quot;time&quot;: &quot;2022-02-18T15:17:46.652Z&quot;,
                &quot;status&quot;: &quot;SEND&quot;
            },
            {
                &quot;time&quot;: &quot;2022-02-18T15:17:46.687Z&quot;,
                &quot;status&quot;: &quot;DELIVERED&quot;
            },
            {
                &quot;time&quot;: &quot;2022-02-18T15:18:28.019Z&quot;,
                &quot;status&quot;: &quot;PENDING&quot;
            },
            {
                &quot;time&quot;: &quot;2022-02-18T15:18:28.043Z&quot;,
                &quot;status&quot;: &quot;SEND&quot;
            },
            {
                &quot;time&quot;: &quot;2022-02-18T15:18:28.079Z&quot;,
                &quot;status&quot;: &quot;DELIVERED&quot;
            },
            {
                &quot;time&quot;: &quot;2022-02-18T15:20:43.491Z&quot;,
                &quot;status&quot;: &quot;PENDING&quot;
            },
            {
                &quot;time&quot;: &quot;2022-02-18T15:20:43.514Z&quot;,
                &quot;status&quot;: &quot;SEND&quot;
            },
            {
                &quot;time&quot;: &quot;2022-02-18T15:20:43.550Z&quot;,
                &quot;status&quot;: &quot;DELIVERED&quot;
            },
            {
                &quot;time&quot;: &quot;2022-02-18T15:23:08.808Z&quot;,
                &quot;status&quot;: &quot;PENDING&quot;
            },
            {
                &quot;time&quot;: &quot;2022-02-18T15:23:08.831Z&quot;,
                &quot;status&quot;: &quot;SEND&quot;
            },
            {
                &quot;time&quot;: &quot;2022-02-18T15:23:08.869Z&quot;,
                &quot;status&quot;: &quot;DELIVERED&quot;
            },
            {
                &quot;time&quot;: &quot;2022-02-18T15:23:31.763Z&quot;,
                &quot;status&quot;: &quot;PENDING&quot;
            },
            {
                &quot;time&quot;: &quot;2022-02-18T15:23:31.789Z&quot;,
                &quot;status&quot;: &quot;SEND&quot;
            },
            {
                &quot;time&quot;: &quot;2022-02-18T15:23:31.829Z&quot;,
                &quot;status&quot;: &quot;DELIVERED&quot;
            },
            {
                &quot;time&quot;: &quot;2022-02-18T15:23:56.183Z&quot;,
                &quot;status&quot;: &quot;PENDING&quot;
            },
            {
                &quot;time&quot;: &quot;2022-02-18T15:23:56.205Z&quot;,
                &quot;status&quot;: &quot;SEND&quot;
            },
            {
                &quot;time&quot;: &quot;2022-02-18T15:23:56.240Z&quot;,
                &quot;status&quot;: &quot;DELIVERED&quot;
            },
            {
                &quot;time&quot;: &quot;2022-02-18T15:24:19.191Z&quot;,
                &quot;status&quot;: &quot;PENDING&quot;
            },
            {
                &quot;time&quot;: &quot;2022-02-18T15:24:19.214Z&quot;,
                &quot;status&quot;: &quot;SEND&quot;
            },
            {
                &quot;time&quot;: &quot;2022-02-18T15:24:19.249Z&quot;,
                &quot;status&quot;: &quot;DELIVERED&quot;
            },
            {
                &quot;time&quot;: &quot;2022-02-18T15:24:56.124Z&quot;,
                &quot;status&quot;: &quot;PENDING&quot;
            },
            {
                &quot;time&quot;: &quot;2022-02-18T15:24:56.152Z&quot;,
                &quot;status&quot;: &quot;SEND&quot;
            },
            {
                &quot;time&quot;: &quot;2022-02-18T15:24:56.186Z&quot;,
                &quot;status&quot;: &quot;DELIVERED&quot;
            },
            {
                &quot;time&quot;: &quot;2022-02-18T15:25:21.105Z&quot;,
                &quot;status&quot;: &quot;PENDING&quot;
            },
            {
                &quot;time&quot;: &quot;2022-02-18T15:25:21.127Z&quot;,
                &quot;status&quot;: &quot;SEND&quot;
            },
            {
                &quot;time&quot;: &quot;2022-02-18T15:25:21.164Z&quot;,
                &quot;status&quot;: &quot;DELIVERED&quot;
            },
            {
                &quot;time&quot;: &quot;2022-02-18T15:25:45.991Z&quot;,
                &quot;status&quot;: &quot;PENDING&quot;
            },
            {
                &quot;time&quot;: &quot;2022-02-18T15:25:46.015Z&quot;,
                &quot;status&quot;: &quot;SEND&quot;
            },
            {
                &quot;time&quot;: &quot;2022-02-18T15:25:46.050Z&quot;,
                &quot;status&quot;: &quot;DELIVERED&quot;
            },
            {
                &quot;time&quot;: &quot;2022-02-18T15:42:24.600Z&quot;,
                &quot;status&quot;: &quot;PENDING&quot;
            },
            {
                &quot;time&quot;: &quot;2022-02-18T15:42:24.628Z&quot;,
                &quot;status&quot;: &quot;SEND&quot;
            },
            {
                &quot;time&quot;: &quot;2022-02-18T15:42:24.664Z&quot;,
                &quot;status&quot;: &quot;DELIVERED&quot;
            },
            {
                &quot;time&quot;: &quot;2022-02-18T15:45:04.233Z&quot;,
                &quot;status&quot;: &quot;PENDING&quot;
            },
            {
                &quot;time&quot;: &quot;2022-02-18T15:45:04.267Z&quot;,
                &quot;status&quot;: &quot;SEND&quot;
            },
            {
                &quot;time&quot;: &quot;2022-02-18T15:45:04.303Z&quot;,
                &quot;status&quot;: &quot;DELIVERED&quot;
            },
            {
                &quot;time&quot;: &quot;2022-02-18T15:45:26.812Z&quot;,
                &quot;status&quot;: &quot;PENDING&quot;
            },
            {
                &quot;time&quot;: &quot;2022-02-18T15:45:26.839Z&quot;,
                &quot;status&quot;: &quot;SEND&quot;
            },
            {
                &quot;time&quot;: &quot;2022-02-18T15:45:26.882Z&quot;,
                &quot;status&quot;: &quot;DELIVERED&quot;
            },
            {
                &quot;time&quot;: &quot;2022-02-18T15:48:05.017Z&quot;,
                &quot;status&quot;: &quot;PENDING&quot;
            },
            {
                &quot;time&quot;: &quot;2022-02-18T15:48:05.047Z&quot;,
                &quot;status&quot;: &quot;SEND&quot;
            }
        ],
        &quot;status&quot;: &quot;DELIVERED&quot;
    },
    &quot;creationTime&quot;: &quot;2022-02-18T15:10:35.358Z&quot;,
    &quot;deviceId&quot;: &quot;14382422&quot;,
    &quot;deviceName&quot;: &quot;mythic_beasts_pi_all_jobs_sag&quot;,
    &quot;self&quot;: &quot;https://t493319102.eu-latest.cumulocity.com/devicecontrol/operations/14382430&quot;,
    &quot;id&quot;: &quot;14382430&quot;,
    &quot;status&quot;: &quot;PENDING&quot;,
    &quot;c8y_LogfileRequest&quot;: {
        &quot;searchText&quot;: &quot;&quot;,
        &quot;logFile&quot;: &quot;software-management&quot;,
        &quot;dateTo&quot;: &quot;2021-11-21T18:55:49+0530&quot;,
        &quot;dateFrom&quot;: &quot;2021-11-15T18:55:49+0530&quot;,
        &quot;maximumLines&quot;: 300
    },
    &quot;description&quot;: &quot;Log file request&quot;
}
15:48:13 DEBUG Final URL of the request: https://thin-edge-io.eu-latest.cumulocity.com/devicecontrol/operations?deviceId=14382422&amp;pageSize=1&amp;revert=true&amp;dateFrom=1970-01-01T00%3A00%3A00.000Z
15:48:13 INFO  State of current operation: PENDING
15:48:13 DEBUG Final URL of the request: https://thin-edge-io.eu-latest.cumulocity.com/devicecontrol/operations?deviceId=14382422&amp;pageSize=1&amp;revert=true&amp;dateFrom=1970-01-01T00%3A00%3A00.000Z
15:48:13 DEBUG State of current operation: {
    &quot;delivery&quot;: {
        &quot;time&quot;: &quot;2022-02-18T15:48:05.094Z&quot;,
        &quot;log&quot;: [
            {
                &quot;time&quot;: &quot;2022-02-18T15:10:35.371Z&quot;,
                &quot;status&quot;: &quot;PENDING&quot;
            },
            {
                &quot;time&quot;: &quot;2022-02-18T15:10:35.380Z&quot;,
                &quot;status&quot;: &quot;SEND&quot;
            },
            {
                &quot;time&quot;: &quot;2022-02-18T15:10:35.414Z&quot;,
                &quot;status&quot;: &quot;DELIVERED&quot;
            },
            {
                &quot;time&quot;: &quot;2022-02-18T15:11:42.300Z&quot;,
                &quot;status&quot;: &quot;PENDING&quot;
            },
            {
                &quot;time&quot;: &quot;2022-02-18T15:11:42.322Z&quot;,
                &quot;status&quot;: &quot;SEND&quot;
            },
            {
                &quot;time&quot;: &quot;2022-02-18T15:11:42.359Z&quot;,
                &quot;status&quot;: &quot;DELIVERED&quot;
            },
            {
                &quot;time&quot;: &quot;2022-02-18T15:12:59.572Z&quot;,
                &quot;status&quot;: &quot;PENDING&quot;
            },
            {
                &quot;time&quot;: &quot;2022-02-18T15:12:59.593Z&quot;,
                &quot;status&quot;: &quot;SEND&quot;
            },
            {
                &quot;time&quot;: &quot;2022-02-18T15:12:59.628Z&quot;,
                &quot;status&quot;: &quot;DELIVERED&quot;
            },
            {
                &quot;time&quot;: &quot;2022-02-18T15:14:12.920Z&quot;,
                &quot;status&quot;: &quot;PENDING&quot;
            },
            {
                &quot;time&quot;: &quot;2022-02-18T15:14:12.944Z&quot;,
                &quot;status&quot;: &quot;SEND&quot;
            },
            {
                &quot;time&quot;: &quot;2022-02-18T15:14:12.981Z&quot;,
                &quot;status&quot;: &quot;DELIVERED&quot;
            },
            {
                &quot;time&quot;: &quot;2022-02-18T15:15:26.328Z&quot;,
                &quot;status&quot;: &quot;PENDING&quot;
            },
            {
                &quot;time&quot;: &quot;2022-02-18T15:15:26.352Z&quot;,
                &quot;status&quot;: &quot;SEND&quot;
            },
            {
                &quot;time&quot;: &quot;2022-02-18T15:15:26.390Z&quot;,
                &quot;status&quot;: &quot;DELIVERED&quot;
            },
            {
                &quot;time&quot;: &quot;2022-02-18T15:16:04.923Z&quot;,
                &quot;status&quot;: &quot;PENDING&quot;
            },
            {
                &quot;time&quot;: &quot;2022-02-18T15:16:04.942Z&quot;,
                &quot;status&quot;: &quot;SEND&quot;
            },
            {
                &quot;time&quot;: &quot;2022-02-18T15:16:04.979Z&quot;,
                &quot;status&quot;: &quot;DELIVERED&quot;
            },
            {
                &quot;time&quot;: &quot;2022-02-18T15:16:55.848Z&quot;,
                &quot;status&quot;: &quot;PENDING&quot;
            },
            {
                &quot;time&quot;: &quot;2022-02-18T15:16:55.868Z&quot;,
                &quot;status&quot;: &quot;SEND&quot;
            },
            {
                &quot;time&quot;: &quot;2022-02-18T15:16:55.905Z&quot;,
                &quot;status&quot;: &quot;DELIVERED&quot;
            },
            {
                &quot;time&quot;: &quot;2022-02-18T15:17:46.625Z&quot;,
                &quot;status&quot;: &quot;PENDING&quot;
            },
            {
                &quot;time&quot;: &quot;2022-02-18T15:17:46.652Z&quot;,
                &quot;status&quot;: &quot;SEND&quot;
            },
            {
                &quot;time&quot;: &quot;2022-02-18T15:17:46.687Z&quot;,
                &quot;status&quot;: &quot;DELIVERED&quot;
            },
            {
                &quot;time&quot;: &quot;2022-02-18T15:18:28.019Z&quot;,
                &quot;status&quot;: &quot;PENDING&quot;
            },
            {
                &quot;time&quot;: &quot;2022-02-18T15:18:28.043Z&quot;,
                &quot;status&quot;: &quot;SEND&quot;
            },
            {
                &quot;time&quot;: &quot;2022-02-18T15:18:28.079Z&quot;,
                &quot;status&quot;: &quot;DELIVERED&quot;
            },
            {
                &quot;time&quot;: &quot;2022-02-18T15:20:43.491Z&quot;,
                &quot;status&quot;: &quot;PENDING&quot;
            },
            {
                &quot;time&quot;: &quot;2022-02-18T15:20:43.514Z&quot;,
                &quot;status&quot;: &quot;SEND&quot;
            },
            {
                &quot;time&quot;: &quot;2022-02-18T15:20:43.550Z&quot;,
                &quot;status&quot;: &quot;DELIVERED&quot;
            },
            {
                &quot;time&quot;: &quot;2022-02-18T15:23:08.808Z&quot;,
                &quot;status&quot;: &quot;PENDING&quot;
            },
            {
                &quot;time&quot;: &quot;2022-02-18T15:23:08.831Z&quot;,
                &quot;status&quot;: &quot;SEND&quot;
            },
            {
                &quot;time&quot;: &quot;2022-02-18T15:23:08.869Z&quot;,
                &quot;status&quot;: &quot;DELIVERED&quot;
            },
            {
                &quot;time&quot;: &quot;2022-02-18T15:23:31.763Z&quot;,
                &quot;status&quot;: &quot;PENDING&quot;
            },
            {
                &quot;time&quot;: &quot;2022-02-18T15:23:31.789Z&quot;,
                &quot;status&quot;: &quot;SEND&quot;
            },
            {
                &quot;time&quot;: &quot;2022-02-18T15:23:31.829Z&quot;,
                &quot;status&quot;: &quot;DELIVERED&quot;
            },
            {
                &quot;time&quot;: &quot;2022-02-18T15:23:56.183Z&quot;,
                &quot;status&quot;: &quot;PENDING&quot;
            },
            {
                &quot;time&quot;: &quot;2022-02-18T15:23:56.205Z&quot;,
                &quot;status&quot;: &quot;SEND&quot;
            },
            {
                &quot;time&quot;: &quot;2022-02-18T15:23:56.240Z&quot;,
                &quot;status&quot;: &quot;DELIVERED&quot;
            },
            {
                &quot;time&quot;: &quot;2022-02-18T15:24:19.191Z&quot;,
                &quot;status&quot;: &quot;PENDING&quot;
            },
            {
                &quot;time&quot;: &quot;2022-02-18T15:24:19.214Z&quot;,
                &quot;status&quot;: &quot;SEND&quot;
            },
            {
                &quot;time&quot;: &quot;2022-02-18T15:24:19.249Z&quot;,
                &quot;status&quot;: &quot;DELIVERED&quot;
            },
            {
                &quot;time&quot;: &quot;2022-02-18T15:24:56.124Z&quot;,
                &quot;status&quot;: &quot;PENDING&quot;
            },
            {
                &quot;time&quot;: &quot;2022-02-18T15:24:56.152Z&quot;,
                &quot;status&quot;: &quot;SEND&quot;
            },
            {
                &quot;time&quot;: &quot;2022-02-18T15:24:56.186Z&quot;,
                &quot;status&quot;: &quot;DELIVERED&quot;
            },
            {
                &quot;time&quot;: &quot;2022-02-18T15:25:21.105Z&quot;,
                &quot;status&quot;: &quot;PENDING&quot;
            },
            {
                &quot;time&quot;: &quot;2022-02-18T15:25:21.127Z&quot;,
                &quot;status&quot;: &quot;SEND&quot;
            },
            {
                &quot;time&quot;: &quot;2022-02-18T15:25:21.164Z&quot;,
                &quot;status&quot;: &quot;DELIVERED&quot;
            },
            {
                &quot;time&quot;: &quot;2022-02-18T15:25:45.991Z&quot;,
                &quot;status&quot;: &quot;PENDING&quot;
            },
            {
                &quot;time&quot;: &quot;2022-02-18T15:25:46.015Z&quot;,
                &quot;status&quot;: &quot;SEND&quot;
            },
            {
                &quot;time&quot;: &quot;2022-02-18T15:25:46.050Z&quot;,
                &quot;status&quot;: &quot;DELIVERED&quot;
            },
            {
                &quot;time&quot;: &quot;2022-02-18T15:42:24.600Z&quot;,
                &quot;status&quot;: &quot;PENDING&quot;
            },
            {
                &quot;time&quot;: &quot;2022-02-18T15:42:24.628Z&quot;,
                &quot;status&quot;: &quot;SEND&quot;
            },
            {
                &quot;time&quot;: &quot;2022-02-18T15:42:24.664Z&quot;,
                &quot;status&quot;: &quot;DELIVERED&quot;
            },
            {
                &quot;time&quot;: &quot;2022-02-18T15:45:04.233Z&quot;,
                &quot;status&quot;: &quot;PENDING&quot;
            },
            {
                &quot;time&quot;: &quot;2022-02-18T15:45:04.267Z&quot;,
                &quot;status&quot;: &quot;SEND&quot;
            },
            {
                &quot;time&quot;: &quot;2022-02-18T15:45:04.303Z&quot;,
                &quot;status&quot;: &quot;DELIVERED&quot;
            },
            {
                &quot;time&quot;: &quot;2022-02-18T15:45:26.812Z&quot;,
                &quot;status&quot;: &quot;PENDING&quot;
            },
            {
                &quot;time&quot;: &quot;2022-02-18T15:45:26.839Z&quot;,
                &quot;status&quot;: &quot;SEND&quot;
            },
            {
                &quot;time&quot;: &quot;2022-02-18T15:45:26.882Z&quot;,
                &quot;status&quot;: &quot;DELIVERED&quot;
            },
            {
                &quot;time&quot;: &quot;2022-02-18T15:48:05.017Z&quot;,
                &quot;status&quot;: &quot;PENDING&quot;
            },
            {
                &quot;time&quot;: &quot;2022-02-18T15:48:05.047Z&quot;,
                &quot;status&quot;: &quot;SEND&quot;
            }
        ],
        &quot;status&quot;: &quot;DELIVERED&quot;
    },
    &quot;creationTime&quot;: &quot;2022-02-18T15:10:35.358Z&quot;,
    &quot;deviceId&quot;: &quot;14382422&quot;,
    &quot;deviceName&quot;: &quot;mythic_beasts_pi_all_jobs_sag&quot;,
    &quot;self&quot;: &quot;https://t493319102.eu-latest.cumulocity.com/devicecontrol/operations/14382430&quot;,
    &quot;id&quot;: &quot;14382430&quot;,
    &quot;status&quot;: &quot;PENDING&quot;,
    &quot;c8y_LogfileRequest&quot;: {
        &quot;searchText&quot;: &quot;&quot;,
        &quot;logFile&quot;: &quot;software-management&quot;,
        &quot;dateTo&quot;: &quot;2021-11-21T18:55:49+0530&quot;,
        &quot;dateFrom&quot;: &quot;2021-11-15T18:55:49+0530&quot;,
        &quot;maximumLines&quot;: 300
    },
    &quot;description&quot;: &quot;Log file request&quot;
}
15:48:16 DEBUG Final URL of the request: https://thin-edge-io.eu-latest.cumulocity.com/devicecontrol/operations?deviceId=14382422&amp;pageSize=1&amp;revert=true&amp;dateFrom=1970-01-01T00%3A00%3A00.000Z
15:48:16 INFO  State of current operation: PENDING
15:48:16 DEBUG Final URL of the request: https://thin-edge-io.eu-latest.cumulocity.com/devicecontrol/operations?deviceId=14382422&amp;pageSize=1&amp;revert=true&amp;dateFrom=1970-01-01T00%3A00%3A00.000Z
15:48:16 DEBUG State of current operation: {
    &quot;delivery&quot;: {
        &quot;time&quot;: &quot;2022-02-18T15:48:05.094Z&quot;,
        &quot;log&quot;: [
            {
                &quot;time&quot;: &quot;2022-02-18T15:10:35.371Z&quot;,
                &quot;status&quot;: &quot;PENDING&quot;
            },
            {
                &quot;time&quot;: &quot;2022-02-18T15:10:35.380Z&quot;,
                &quot;status&quot;: &quot;SEND&quot;
            },
            {
                &quot;time&quot;: &quot;2022-02-18T15:10:35.414Z&quot;,
                &quot;status&quot;: &quot;DELIVERED&quot;
            },
            {
                &quot;time&quot;: &quot;2022-02-18T15:11:42.300Z&quot;,
                &quot;status&quot;: &quot;PENDING&quot;
            },
            {
                &quot;time&quot;: &quot;2022-02-18T15:11:42.322Z&quot;,
                &quot;status&quot;: &quot;SEND&quot;
            },
            {
                &quot;time&quot;: &quot;2022-02-18T15:11:42.359Z&quot;,
                &quot;status&quot;: &quot;DELIVERED&quot;
            },
            {
                &quot;time&quot;: &quot;2022-02-18T15:12:59.572Z&quot;,
                &quot;status&quot;: &quot;PENDING&quot;
            },
            {
                &quot;time&quot;: &quot;2022-02-18T15:12:59.593Z&quot;,
                &quot;status&quot;: &quot;SEND&quot;
            },
            {
                &quot;time&quot;: &quot;2022-02-18T15:12:59.628Z&quot;,
                &quot;status&quot;: &quot;DELIVERED&quot;
            },
            {
                &quot;time&quot;: &quot;2022-02-18T15:14:12.920Z&quot;,
                &quot;status&quot;: &quot;PENDING&quot;
            },
            {
                &quot;time&quot;: &quot;2022-02-18T15:14:12.944Z&quot;,
                &quot;status&quot;: &quot;SEND&quot;
            },
            {
                &quot;time&quot;: &quot;2022-02-18T15:14:12.981Z&quot;,
                &quot;status&quot;: &quot;DELIVERED&quot;
            },
            {
                &quot;time&quot;: &quot;2022-02-18T15:15:26.328Z&quot;,
                &quot;status&quot;: &quot;PENDING&quot;
            },
            {
                &quot;time&quot;: &quot;2022-02-18T15:15:26.352Z&quot;,
                &quot;status&quot;: &quot;SEND&quot;
            },
            {
                &quot;time&quot;: &quot;2022-02-18T15:15:26.390Z&quot;,
                &quot;status&quot;: &quot;DELIVERED&quot;
            },
            {
                &quot;time&quot;: &quot;2022-02-18T15:16:04.923Z&quot;,
                &quot;status&quot;: &quot;PENDING&quot;
            },
            {
                &quot;time&quot;: &quot;2022-02-18T15:16:04.942Z&quot;,
                &quot;status&quot;: &quot;SEND&quot;
            },
            {
                &quot;time&quot;: &quot;2022-02-18T15:16:04.979Z&quot;,
                &quot;status&quot;: &quot;DELIVERED&quot;
            },
            {
                &quot;time&quot;: &quot;2022-02-18T15:16:55.848Z&quot;,
                &quot;status&quot;: &quot;PENDING&quot;
            },
            {
                &quot;time&quot;: &quot;2022-02-18T15:16:55.868Z&quot;,
                &quot;status&quot;: &quot;SEND&quot;
            },
            {
                &quot;time&quot;: &quot;2022-02-18T15:16:55.905Z&quot;,
                &quot;status&quot;: &quot;DELIVERED&quot;
            },
            {
                &quot;time&quot;: &quot;2022-02-18T15:17:46.625Z&quot;,
                &quot;status&quot;: &quot;PENDING&quot;
            },
            {
                &quot;time&quot;: &quot;2022-02-18T15:17:46.652Z&quot;,
                &quot;status&quot;: &quot;SEND&quot;
            },
            {
                &quot;time&quot;: &quot;2022-02-18T15:17:46.687Z&quot;,
                &quot;status&quot;: &quot;DELIVERED&quot;
            },
            {
                &quot;time&quot;: &quot;2022-02-18T15:18:28.019Z&quot;,
                &quot;status&quot;: &quot;PENDING&quot;
            },
            {
                &quot;time&quot;: &quot;2022-02-18T15:18:28.043Z&quot;,
                &quot;status&quot;: &quot;SEND&quot;
            },
            {
                &quot;time&quot;: &quot;2022-02-18T15:18:28.079Z&quot;,
                &quot;status&quot;: &quot;DELIVERED&quot;
            },
            {
                &quot;time&quot;: &quot;2022-02-18T15:20:43.491Z&quot;,
                &quot;status&quot;: &quot;PENDING&quot;
            },
            {
                &quot;time&quot;: &quot;2022-02-18T15:20:43.514Z&quot;,
                &quot;status&quot;: &quot;SEND&quot;
            },
            {
                &quot;time&quot;: &quot;2022-02-18T15:20:43.550Z&quot;,
                &quot;status&quot;: &quot;DELIVERED&quot;
            },
            {
                &quot;time&quot;: &quot;2022-02-18T15:23:08.808Z&quot;,
                &quot;status&quot;: &quot;PENDING&quot;
            },
            {
                &quot;time&quot;: &quot;2022-02-18T15:23:08.831Z&quot;,
                &quot;status&quot;: &quot;SEND&quot;
            },
            {
                &quot;time&quot;: &quot;2022-02-18T15:23:08.869Z&quot;,
                &quot;status&quot;: &quot;DELIVERED&quot;
            },
            {
                &quot;time&quot;: &quot;2022-02-18T15:23:31.763Z&quot;,
                &quot;status&quot;: &quot;PENDING&quot;
            },
            {
                &quot;time&quot;: &quot;2022-02-18T15:23:31.789Z&quot;,
                &quot;status&quot;: &quot;SEND&quot;
            },
            {
                &quot;time&quot;: &quot;2022-02-18T15:23:31.829Z&quot;,
                &quot;status&quot;: &quot;DELIVERED&quot;
            },
            {
                &quot;time&quot;: &quot;2022-02-18T15:23:56.183Z&quot;,
                &quot;status&quot;: &quot;PENDING&quot;
            },
            {
                &quot;time&quot;: &quot;2022-02-18T15:23:56.205Z&quot;,
                &quot;status&quot;: &quot;SEND&quot;
            },
            {
                &quot;time&quot;: &quot;2022-02-18T15:23:56.240Z&quot;,
                &quot;status&quot;: &quot;DELIVERED&quot;
            },
            {
                &quot;time&quot;: &quot;2022-02-18T15:24:19.191Z&quot;,
                &quot;status&quot;: &quot;PENDING&quot;
            },
            {
                &quot;time&quot;: &quot;2022-02-18T15:24:19.214Z&quot;,
                &quot;status&quot;: &quot;SEND&quot;
            },
            {
                &quot;time&quot;: &quot;2022-02-18T15:24:19.249Z&quot;,
                &quot;status&quot;: &quot;DELIVERED&quot;
            },
            {
                &quot;time&quot;: &quot;2022-02-18T15:24:56.124Z&quot;,
                &quot;status&quot;: &quot;PENDING&quot;
            },
            {
                &quot;time&quot;: &quot;2022-02-18T15:24:56.152Z&quot;,
                &quot;status&quot;: &quot;SEND&quot;
            },
            {
                &quot;time&quot;: &quot;2022-02-18T15:24:56.186Z&quot;,
                &quot;status&quot;: &quot;DELIVERED&quot;
            },
            {
                &quot;time&quot;: &quot;2022-02-18T15:25:21.105Z&quot;,
                &quot;status&quot;: &quot;PENDING&quot;
            },
            {
                &quot;time&quot;: &quot;2022-02-18T15:25:21.127Z&quot;,
                &quot;status&quot;: &quot;SEND&quot;
            },
            {
                &quot;time&quot;: &quot;2022-02-18T15:25:21.164Z&quot;,
                &quot;status&quot;: &quot;DELIVERED&quot;
            },
            {
                &quot;time&quot;: &quot;2022-02-18T15:25:45.991Z&quot;,
                &quot;status&quot;: &quot;PENDING&quot;
            },
            {
                &quot;time&quot;: &quot;2022-02-18T15:25:46.015Z&quot;,
                &quot;status&quot;: &quot;SEND&quot;
            },
            {
                &quot;time&quot;: &quot;2022-02-18T15:25:46.050Z&quot;,
                &quot;status&quot;: &quot;DELIVERED&quot;
            },
            {
                &quot;time&quot;: &quot;2022-02-18T15:42:24.600Z&quot;,
                &quot;status&quot;: &quot;PENDING&quot;
            },
            {
                &quot;time&quot;: &quot;2022-02-18T15:42:24.628Z&quot;,
                &quot;status&quot;: &quot;SEND&quot;
            },
            {
                &quot;time&quot;: &quot;2022-02-18T15:42:24.664Z&quot;,
                &quot;status&quot;: &quot;DELIVERED&quot;
            },
            {
                &quot;time&quot;: &quot;2022-02-18T15:45:04.233Z&quot;,
                &quot;status&quot;: &quot;PENDING&quot;
            },
            {
                &quot;time&quot;: &quot;2022-02-18T15:45:04.267Z&quot;,
                &quot;status&quot;: &quot;SEND&quot;
            },
            {
                &quot;time&quot;: &quot;2022-02-18T15:45:04.303Z&quot;,
                &quot;status&quot;: &quot;DELIVERED&quot;
            },
            {
                &quot;time&quot;: &quot;2022-02-18T15:45:26.812Z&quot;,
                &quot;status&quot;: &quot;PENDING&quot;
            },
            {
                &quot;time&quot;: &quot;2022-02-18T15:45:26.839Z&quot;,
                &quot;status&quot;: &quot;SEND&quot;
            },
            {
                &quot;time&quot;: &quot;2022-02-18T15:45:26.882Z&quot;,
                &quot;status&quot;: &quot;DELIVERED&quot;
            },
            {
                &quot;time&quot;: &quot;2022-02-18T15:48:05.017Z&quot;,
                &quot;status&quot;: &quot;PENDING&quot;
            },
            {
                &quot;time&quot;: &quot;2022-02-18T15:48:05.047Z&quot;,
                &quot;status&quot;: &quot;SEND&quot;
            }
        ],
        &quot;status&quot;: &quot;DELIVERED&quot;
    },
    &quot;creationTime&quot;: &quot;2022-02-18T15:10:35.358Z&quot;,
    &quot;deviceId&quot;: &quot;14382422&quot;,
    &quot;deviceName&quot;: &quot;mythic_beasts_pi_all_jobs_sag&quot;,
    &quot;self&quot;: &quot;https://t493319102.eu-latest.cumulocity.com/devicecontrol/operations/14382430&quot;,
    &quot;id&quot;: &quot;14382430&quot;,
    &quot;status&quot;: &quot;PENDING&quot;,
    &quot;c8y_LogfileRequest&quot;: {
        &quot;searchText&quot;: &quot;&quot;,
        &quot;logFile&quot;: &quot;software-management&quot;,
        &quot;dateTo&quot;: &quot;2021-11-21T18:55:49+0530&quot;,
        &quot;dateFrom&quot;: &quot;2021-11-15T18:55:49+0530&quot;,
        &quot;maximumLines&quot;: 300
    },
    &quot;description&quot;: &quot;Log file request&quot;
}
15:48:18 DEBUG Final URL of the request: https://thin-edge-io.eu-latest.cumulocity.com/devicecontrol/operations?deviceId=14382422&amp;pageSize=1&amp;revert=true&amp;dateFrom=1970-01-01T00%3A00%3A00.000Z
15:48:18 INFO  State of current operation: PENDING
15:48:18 DEBUG Final URL of the request: https://thin-edge-io.eu-latest.cumulocity.com/devicecontrol/operations?deviceId=14382422&amp;pageSize=1&amp;revert=true&amp;dateFrom=1970-01-01T00%3A00%3A00.000Z
15:48:18 DEBUG State of current operation: {
    &quot;delivery&quot;: {
        &quot;time&quot;: &quot;2022-02-18T15:48:05.094Z&quot;,
        &quot;log&quot;: [
            {
                &quot;time&quot;: &quot;2022-02-18T15:10:35.371Z&quot;,
                &quot;status&quot;: &quot;PENDING&quot;
            },
            {
                &quot;time&quot;: &quot;2022-02-18T15:10:35.380Z&quot;,
                &quot;status&quot;: &quot;SEND&quot;
            },
            {
                &quot;time&quot;: &quot;2022-02-18T15:10:35.414Z&quot;,
                &quot;status&quot;: &quot;DELIVERED&quot;
            },
            {
                &quot;time&quot;: &quot;2022-02-18T15:11:42.300Z&quot;,
                &quot;status&quot;: &quot;PENDING&quot;
            },
            {
                &quot;time&quot;: &quot;2022-02-18T15:11:42.322Z&quot;,
                &quot;status&quot;: &quot;SEND&quot;
            },
            {
                &quot;time&quot;: &quot;2022-02-18T15:11:42.359Z&quot;,
                &quot;status&quot;: &quot;DELIVERED&quot;
            },
            {
                &quot;time&quot;: &quot;2022-02-18T15:12:59.572Z&quot;,
                &quot;status&quot;: &quot;PENDING&quot;
            },
            {
                &quot;time&quot;: &quot;2022-02-18T15:12:59.593Z&quot;,
                &quot;status&quot;: &quot;SEND&quot;
            },
            {
                &quot;time&quot;: &quot;2022-02-18T15:12:59.628Z&quot;,
                &quot;status&quot;: &quot;DELIVERED&quot;
            },
            {
                &quot;time&quot;: &quot;2022-02-18T15:14:12.920Z&quot;,
                &quot;status&quot;: &quot;PENDING&quot;
            },
            {
                &quot;time&quot;: &quot;2022-02-18T15:14:12.944Z&quot;,
                &quot;status&quot;: &quot;SEND&quot;
            },
            {
                &quot;time&quot;: &quot;2022-02-18T15:14:12.981Z&quot;,
                &quot;status&quot;: &quot;DELIVERED&quot;
            },
            {
                &quot;time&quot;: &quot;2022-02-18T15:15:26.328Z&quot;,
                &quot;status&quot;: &quot;PENDING&quot;
            },
            {
                &quot;time&quot;: &quot;2022-02-18T15:15:26.352Z&quot;,
                &quot;status&quot;: &quot;SEND&quot;
            },
            {
                &quot;time&quot;: &quot;2022-02-18T15:15:26.390Z&quot;,
                &quot;status&quot;: &quot;DELIVERED&quot;
            },
            {
                &quot;time&quot;: &quot;2022-02-18T15:16:04.923Z&quot;,
                &quot;status&quot;: &quot;PENDING&quot;
            },
            {
                &quot;time&quot;: &quot;2022-02-18T15:16:04.942Z&quot;,
                &quot;status&quot;: &quot;SEND&quot;
            },
            {
                &quot;time&quot;: &quot;2022-02-18T15:16:04.979Z&quot;,
                &quot;status&quot;: &quot;DELIVERED&quot;
            },
            {
                &quot;time&quot;: &quot;2022-02-18T15:16:55.848Z&quot;,
                &quot;status&quot;: &quot;PENDING&quot;
            },
            {
                &quot;time&quot;: &quot;2022-02-18T15:16:55.868Z&quot;,
                &quot;status&quot;: &quot;SEND&quot;
            },
            {
                &quot;time&quot;: &quot;2022-02-18T15:16:55.905Z&quot;,
                &quot;status&quot;: &quot;DELIVERED&quot;
            },
            {
                &quot;time&quot;: &quot;2022-02-18T15:17:46.625Z&quot;,
                &quot;status&quot;: &quot;PENDING&quot;
            },
            {
                &quot;time&quot;: &quot;2022-02-18T15:17:46.652Z&quot;,
                &quot;status&quot;: &quot;SEND&quot;
            },
            {
                &quot;time&quot;: &quot;2022-02-18T15:17:46.687Z&quot;,
                &quot;status&quot;: &quot;DELIVERED&quot;
            },
            {
                &quot;time&quot;: &quot;2022-02-18T15:18:28.019Z&quot;,
                &quot;status&quot;: &quot;PENDING&quot;
            },
            {
                &quot;time&quot;: &quot;2022-02-18T15:18:28.043Z&quot;,
                &quot;status&quot;: &quot;SEND&quot;
            },
            {
                &quot;time&quot;: &quot;2022-02-18T15:18:28.079Z&quot;,
                &quot;status&quot;: &quot;DELIVERED&quot;
            },
            {
                &quot;time&quot;: &quot;2022-02-18T15:20:43.491Z&quot;,
                &quot;status&quot;: &quot;PENDING&quot;
            },
            {
                &quot;time&quot;: &quot;2022-02-18T15:20:43.514Z&quot;,
                &quot;status&quot;: &quot;SEND&quot;
            },
            {
                &quot;time&quot;: &quot;2022-02-18T15:20:43.550Z&quot;,
                &quot;status&quot;: &quot;DELIVERED&quot;
            },
            {
                &quot;time&quot;: &quot;2022-02-18T15:23:08.808Z&quot;,
                &quot;status&quot;: &quot;PENDING&quot;
            },
            {
                &quot;time&quot;: &quot;2022-02-18T15:23:08.831Z&quot;,
                &quot;status&quot;: &quot;SEND&quot;
            },
            {
                &quot;time&quot;: &quot;2022-02-18T15:23:08.869Z&quot;,
                &quot;status&quot;: &quot;DELIVERED&quot;
            },
            {
                &quot;time&quot;: &quot;2022-02-18T15:23:31.763Z&quot;,
                &quot;status&quot;: &quot;PENDING&quot;
            },
            {
                &quot;time&quot;: &quot;2022-02-18T15:23:31.789Z&quot;,
                &quot;status&quot;: &quot;SEND&quot;
            },
            {
                &quot;time&quot;: &quot;2022-02-18T15:23:31.829Z&quot;,
                &quot;status&quot;: &quot;DELIVERED&quot;
            },
            {
                &quot;time&quot;: &quot;2022-02-18T15:23:56.183Z&quot;,
                &quot;status&quot;: &quot;PENDING&quot;
            },
            {
                &quot;time&quot;: &quot;2022-02-18T15:23:56.205Z&quot;,
                &quot;status&quot;: &quot;SEND&quot;
            },
            {
                &quot;time&quot;: &quot;2022-02-18T15:23:56.240Z&quot;,
                &quot;status&quot;: &quot;DELIVERED&quot;
            },
            {
                &quot;time&quot;: &quot;2022-02-18T15:24:19.191Z&quot;,
                &quot;status&quot;: &quot;PENDING&quot;
            },
            {
                &quot;time&quot;: &quot;2022-02-18T15:24:19.214Z&quot;,
                &quot;status&quot;: &quot;SEND&quot;
            },
            {
                &quot;time&quot;: &quot;2022-02-18T15:24:19.249Z&quot;,
                &quot;status&quot;: &quot;DELIVERED&quot;
            },
            {
                &quot;time&quot;: &quot;2022-02-18T15:24:56.124Z&quot;,
                &quot;status&quot;: &quot;PENDING&quot;
            },
            {
                &quot;time&quot;: &quot;2022-02-18T15:24:56.152Z&quot;,
                &quot;status&quot;: &quot;SEND&quot;
            },
            {
                &quot;time&quot;: &quot;2022-02-18T15:24:56.186Z&quot;,
                &quot;status&quot;: &quot;DELIVERED&quot;
            },
            {
                &quot;time&quot;: &quot;2022-02-18T15:25:21.105Z&quot;,
                &quot;status&quot;: &quot;PENDING&quot;
            },
            {
                &quot;time&quot;: &quot;2022-02-18T15:25:21.127Z&quot;,
                &quot;status&quot;: &quot;SEND&quot;
            },
            {
                &quot;time&quot;: &quot;2022-02-18T15:25:21.164Z&quot;,
                &quot;status&quot;: &quot;DELIVERED&quot;
            },
            {
                &quot;time&quot;: &quot;2022-02-18T15:25:45.991Z&quot;,
                &quot;status&quot;: &quot;PENDING&quot;
            },
            {
                &quot;time&quot;: &quot;2022-02-18T15:25:46.015Z&quot;,
                &quot;status&quot;: &quot;SEND&quot;
            },
            {
                &quot;time&quot;: &quot;2022-02-18T15:25:46.050Z&quot;,
                &quot;status&quot;: &quot;DELIVERED&quot;
            },
            {
                &quot;time&quot;: &quot;2022-02-18T15:42:24.600Z&quot;,
                &quot;status&quot;: &quot;PENDING&quot;
            },
            {
                &quot;time&quot;: &quot;2022-02-18T15:42:24.628Z&quot;,
                &quot;status&quot;: &quot;SEND&quot;
            },
            {
                &quot;time&quot;: &quot;2022-02-18T15:42:24.664Z&quot;,
                &quot;status&quot;: &quot;DELIVERED&quot;
            },
            {
                &quot;time&quot;: &quot;2022-02-18T15:45:04.233Z&quot;,
                &quot;status&quot;: &quot;PENDING&quot;
            },
            {
                &quot;time&quot;: &quot;2022-02-18T15:45:04.267Z&quot;,
                &quot;status&quot;: &quot;SEND&quot;
            },
            {
                &quot;time&quot;: &quot;2022-02-18T15:45:04.303Z&quot;,
                &quot;status&quot;: &quot;DELIVERED&quot;
            },
            {
                &quot;time&quot;: &quot;2022-02-18T15:45:26.812Z&quot;,
                &quot;status&quot;: &quot;PENDING&quot;
            },
            {
                &quot;time&quot;: &quot;2022-02-18T15:45:26.839Z&quot;,
                &quot;status&quot;: &quot;SEND&quot;
            },
            {
                &quot;time&quot;: &quot;2022-02-18T15:45:26.882Z&quot;,
                &quot;status&quot;: &quot;DELIVERED&quot;
            },
            {
                &quot;time&quot;: &quot;2022-02-18T15:48:05.017Z&quot;,
                &quot;status&quot;: &quot;PENDING&quot;
            },
            {
                &quot;time&quot;: &quot;2022-02-18T15:48:05.047Z&quot;,
                &quot;status&quot;: &quot;SEND&quot;
            }
        ],
        &quot;status&quot;: &quot;DELIVERED&quot;
    },
    &quot;creationTime&quot;: &quot;2022-02-18T15:10:35.358Z&quot;,
    &quot;deviceId&quot;: &quot;14382422&quot;,
    &quot;deviceName&quot;: &quot;mythic_beasts_pi_all_jobs_sag&quot;,
    &quot;self&quot;: &quot;https://t493319102.eu-latest.cumulocity.com/devicecontrol/operations/14382430&quot;,
    &quot;id&quot;: &quot;14382430&quot;,
    &quot;status&quot;: &quot;PENDING&quot;,
    &quot;c8y_LogfileRequest&quot;: {
        &quot;searchText&quot;: &quot;&quot;,
        &quot;logFile&quot;: &quot;software-management&quot;,
        &quot;dateTo&quot;: &quot;2021-11-21T18:55:49+0530&quot;,
        &quot;dateFrom&quot;: &quot;2021-11-15T18:55:49+0530&quot;,
        &quot;maximumLines&quot;: 300
    },
    &quot;description&quot;: &quot;Log file request&quot;
}
15:48:20 DEBUG Final URL of the request: https://thin-edge-io.eu-latest.cumulocity.com/devicecontrol/operations?deviceId=14382422&amp;pageSize=1&amp;revert=true&amp;dateFrom=1970-01-01T00%3A00%3A00.000Z
15:48:20 INFO  State of current operation: PENDING
15:48:20 DEBUG Final URL of the request: https://thin-edge-io.eu-latest.cumulocity.com/devicecontrol/operations?deviceId=14382422&amp;pageSize=1&amp;revert=true&amp;dateFrom=1970-01-01T00%3A00%3A00.000Z
15:48:20 DEBUG State of current operation: {
    &quot;delivery&quot;: {
        &quot;time&quot;: &quot;2022-02-18T15:48:05.094Z&quot;,
        &quot;log&quot;: [
            {
                &quot;time&quot;: &quot;2022-02-18T15:10:35.371Z&quot;,
                &quot;status&quot;: &quot;PENDING&quot;
            },
            {
                &quot;time&quot;: &quot;2022-02-18T15:10:35.380Z&quot;,
                &quot;status&quot;: &quot;SEND&quot;
            },
            {
                &quot;time&quot;: &quot;2022-02-18T15:10:35.414Z&quot;,
                &quot;status&quot;: &quot;DELIVERED&quot;
            },
            {
                &quot;time&quot;: &quot;2022-02-18T15:11:42.300Z&quot;,
                &quot;status&quot;: &quot;PENDING&quot;
            },
            {
                &quot;time&quot;: &quot;2022-02-18T15:11:42.322Z&quot;,
                &quot;status&quot;: &quot;SEND&quot;
            },
            {
                &quot;time&quot;: &quot;2022-02-18T15:11:42.359Z&quot;,
                &quot;status&quot;: &quot;DELIVERED&quot;
            },
            {
                &quot;time&quot;: &quot;2022-02-18T15:12:59.572Z&quot;,
                &quot;status&quot;: &quot;PENDING&quot;
            },
            {
                &quot;time&quot;: &quot;2022-02-18T15:12:59.593Z&quot;,
                &quot;status&quot;: &quot;SEND&quot;
            },
            {
                &quot;time&quot;: &quot;2022-02-18T15:12:59.628Z&quot;,
                &quot;status&quot;: &quot;DELIVERED&quot;
            },
            {
                &quot;time&quot;: &quot;2022-02-18T15:14:12.920Z&quot;,
                &quot;status&quot;: &quot;PENDING&quot;
            },
            {
                &quot;time&quot;: &quot;2022-02-18T15:14:12.944Z&quot;,
                &quot;status&quot;: &quot;SEND&quot;
            },
            {
                &quot;time&quot;: &quot;2022-02-18T15:14:12.981Z&quot;,
                &quot;status&quot;: &quot;DELIVERED&quot;
            },
            {
                &quot;time&quot;: &quot;2022-02-18T15:15:26.328Z&quot;,
                &quot;status&quot;: &quot;PENDING&quot;
            },
            {
                &quot;time&quot;: &quot;2022-02-18T15:15:26.352Z&quot;,
                &quot;status&quot;: &quot;SEND&quot;
            },
            {
                &quot;time&quot;: &quot;2022-02-18T15:15:26.390Z&quot;,
                &quot;status&quot;: &quot;DELIVERED&quot;
            },
            {
                &quot;time&quot;: &quot;2022-02-18T15:16:04.923Z&quot;,
                &quot;status&quot;: &quot;PENDING&quot;
            },
            {
                &quot;time&quot;: &quot;2022-02-18T15:16:04.942Z&quot;,
                &quot;status&quot;: &quot;SEND&quot;
            },
            {
                &quot;time&quot;: &quot;2022-02-18T15:16:04.979Z&quot;,
                &quot;status&quot;: &quot;DELIVERED&quot;
            },
            {
                &quot;time&quot;: &quot;2022-02-18T15:16:55.848Z&quot;,
                &quot;status&quot;: &quot;PENDING&quot;
            },
            {
                &quot;time&quot;: &quot;2022-02-18T15:16:55.868Z&quot;,
                &quot;status&quot;: &quot;SEND&quot;
            },
            {
                &quot;time&quot;: &quot;2022-02-18T15:16:55.905Z&quot;,
                &quot;status&quot;: &quot;DELIVERED&quot;
            },
            {
                &quot;time&quot;: &quot;2022-02-18T15:17:46.625Z&quot;,
                &quot;status&quot;: &quot;PENDING&quot;
            },
            {
                &quot;time&quot;: &quot;2022-02-18T15:17:46.652Z&quot;,
                &quot;status&quot;: &quot;SEND&quot;
            },
            {
                &quot;time&quot;: &quot;2022-02-18T15:17:46.687Z&quot;,
                &quot;status&quot;: &quot;DELIVERED&quot;
            },
            {
                &quot;time&quot;: &quot;2022-02-18T15:18:28.019Z&quot;,
                &quot;status&quot;: &quot;PENDING&quot;
            },
            {
                &quot;time&quot;: &quot;2022-02-18T15:18:28.043Z&quot;,
                &quot;status&quot;: &quot;SEND&quot;
            },
            {
                &quot;time&quot;: &quot;2022-02-18T15:18:28.079Z&quot;,
                &quot;status&quot;: &quot;DELIVERED&quot;
            },
            {
                &quot;time&quot;: &quot;2022-02-18T15:20:43.491Z&quot;,
                &quot;status&quot;: &quot;PENDING&quot;
            },
            {
                &quot;time&quot;: &quot;2022-02-18T15:20:43.514Z&quot;,
                &quot;status&quot;: &quot;SEND&quot;
            },
            {
                &quot;time&quot;: &quot;2022-02-18T15:20:43.550Z&quot;,
                &quot;status&quot;: &quot;DELIVERED&quot;
            },
            {
                &quot;time&quot;: &quot;2022-02-18T15:23:08.808Z&quot;,
                &quot;status&quot;: &quot;PENDING&quot;
            },
            {
                &quot;time&quot;: &quot;2022-02-18T15:23:08.831Z&quot;,
                &quot;status&quot;: &quot;SEND&quot;
            },
            {
                &quot;time&quot;: &quot;2022-02-18T15:23:08.869Z&quot;,
                &quot;status&quot;: &quot;DELIVERED&quot;
            },
            {
                &quot;time&quot;: &quot;2022-02-18T15:23:31.763Z&quot;,
                &quot;status&quot;: &quot;PENDING&quot;
            },
            {
                &quot;time&quot;: &quot;2022-02-18T15:23:31.789Z&quot;,
                &quot;status&quot;: &quot;SEND&quot;
            },
            {
                &quot;time&quot;: &quot;2022-02-18T15:23:31.829Z&quot;,
                &quot;status&quot;: &quot;DELIVERED&quot;
            },
            {
                &quot;time&quot;: &quot;2022-02-18T15:23:56.183Z&quot;,
                &quot;status&quot;: &quot;PENDING&quot;
            },
            {
                &quot;time&quot;: &quot;2022-02-18T15:23:56.205Z&quot;,
                &quot;status&quot;: &quot;SEND&quot;
            },
            {
                &quot;time&quot;: &quot;2022-02-18T15:23:56.240Z&quot;,
                &quot;status&quot;: &quot;DELIVERED&quot;
            },
            {
                &quot;time&quot;: &quot;2022-02-18T15:24:19.191Z&quot;,
                &quot;status&quot;: &quot;PENDING&quot;
            },
            {
                &quot;time&quot;: &quot;2022-02-18T15:24:19.214Z&quot;,
                &quot;status&quot;: &quot;SEND&quot;
            },
            {
                &quot;time&quot;: &quot;2022-02-18T15:24:19.249Z&quot;,
                &quot;status&quot;: &quot;DELIVERED&quot;
            },
            {
                &quot;time&quot;: &quot;2022-02-18T15:24:56.124Z&quot;,
                &quot;status&quot;: &quot;PENDING&quot;
            },
            {
                &quot;time&quot;: &quot;2022-02-18T15:24:56.152Z&quot;,
                &quot;status&quot;: &quot;SEND&quot;
            },
            {
                &quot;time&quot;: &quot;2022-02-18T15:24:56.186Z&quot;,
                &quot;status&quot;: &quot;DELIVERED&quot;
            },
            {
                &quot;time&quot;: &quot;2022-02-18T15:25:21.105Z&quot;,
                &quot;status&quot;: &quot;PENDING&quot;
            },
            {
                &quot;time&quot;: &quot;2022-02-18T15:25:21.127Z&quot;,
                &quot;status&quot;: &quot;SEND&quot;
            },
            {
                &quot;time&quot;: &quot;2022-02-18T15:25:21.164Z&quot;,
                &quot;status&quot;: &quot;DELIVERED&quot;
            },
            {
                &quot;time&quot;: &quot;2022-02-18T15:25:45.991Z&quot;,
                &quot;status&quot;: &quot;PENDING&quot;
            },
            {
                &quot;time&quot;: &quot;2022-02-18T15:25:46.015Z&quot;,
                &quot;status&quot;: &quot;SEND&quot;
            },
            {
                &quot;time&quot;: &quot;2022-02-18T15:25:46.050Z&quot;,
                &quot;status&quot;: &quot;DELIVERED&quot;
            },
            {
                &quot;time&quot;: &quot;2022-02-18T15:42:24.600Z&quot;,
                &quot;status&quot;: &quot;PENDING&quot;
            },
            {
                &quot;time&quot;: &quot;2022-02-18T15:42:24.628Z&quot;,
                &quot;status&quot;: &quot;SEND&quot;
            },
            {
                &quot;time&quot;: &quot;2022-02-18T15:42:24.664Z&quot;,
                &quot;status&quot;: &quot;DELIVERED&quot;
            },
            {
                &quot;time&quot;: &quot;2022-02-18T15:45:04.233Z&quot;,
                &quot;status&quot;: &quot;PENDING&quot;
            },
            {
                &quot;time&quot;: &quot;2022-02-18T15:45:04.267Z&quot;,
                &quot;status&quot;: &quot;SEND&quot;
            },
            {
                &quot;time&quot;: &quot;2022-02-18T15:45:04.303Z&quot;,
                &quot;status&quot;: &quot;DELIVERED&quot;
            },
            {
                &quot;time&quot;: &quot;2022-02-18T15:45:26.812Z&quot;,
                &quot;status&quot;: &quot;PENDING&quot;
            },
            {
                &quot;time&quot;: &quot;2022-02-18T15:45:26.839Z&quot;,
                &quot;status&quot;: &quot;SEND&quot;
            },
            {
                &quot;time&quot;: &quot;2022-02-18T15:45:26.882Z&quot;,
                &quot;status&quot;: &quot;DELIVERED&quot;
            },
            {
                &quot;time&quot;: &quot;2022-02-18T15:48:05.017Z&quot;,
                &quot;status&quot;: &quot;PENDING&quot;
            },
            {
                &quot;time&quot;: &quot;2022-02-18T15:48:05.047Z&quot;,
                &quot;status&quot;: &quot;SEND&quot;
            }
        ],
        &quot;status&quot;: &quot;DELIVERED&quot;
    },
    &quot;creationTime&quot;: &quot;2022-02-18T15:10:35.358Z&quot;,
    &quot;deviceId&quot;: &quot;14382422&quot;,
    &quot;deviceName&quot;: &quot;mythic_beasts_pi_all_jobs_sag&quot;,
    &quot;self&quot;: &quot;https://t493319102.eu-latest.cumulocity.com/devicecontrol/operations/14382430&quot;,
    &quot;id&quot;: &quot;14382430&quot;,
    &quot;status&quot;: &quot;PENDING&quot;,
    &quot;c8y_LogfileRequest&quot;: {
        &quot;searchText&quot;: &quot;&quot;,
        &quot;logFile&quot;: &quot;software-management&quot;,
        &quot;dateTo&quot;: &quot;2021-11-21T18:55:49+0530&quot;,
        &quot;dateFrom&quot;: &quot;2021-11-15T18:55:49+0530&quot;,
        &quot;maximumLines&quot;: 300
    },
    &quot;description&quot;: &quot;Log file request&quot;
}
15:48:22 DEBUG Final URL of the request: https://thin-edge-io.eu-latest.cumulocity.com/devicecontrol/operations?deviceId=14382422&amp;pageSize=1&amp;revert=true&amp;dateFrom=1970-01-01T00%3A00%3A00.000Z
15:48:22 INFO  State of current operation: PENDING
15:48:22 DEBUG Final URL of the request: https://thin-edge-io.eu-latest.cumulocity.com/devicecontrol/operations?deviceId=14382422&amp;pageSize=1&amp;revert=true&amp;dateFrom=1970-01-01T00%3A00%3A00.000Z
15:48:22 DEBUG State of current operation: {
    &quot;delivery&quot;: {
        &quot;time&quot;: &quot;2022-02-18T15:48:05.094Z&quot;,
        &quot;log&quot;: [
            {
                &quot;time&quot;: &quot;2022-02-18T15:10:35.371Z&quot;,
                &quot;status&quot;: &quot;PENDING&quot;
            },
            {
                &quot;time&quot;: &quot;2022-02-18T15:10:35.380Z&quot;,
                &quot;status&quot;: &quot;SEND&quot;
            },
            {
                &quot;time&quot;: &quot;2022-02-18T15:10:35.414Z&quot;,
                &quot;status&quot;: &quot;DELIVERED&quot;
            },
            {
                &quot;time&quot;: &quot;2022-02-18T15:11:42.300Z&quot;,
                &quot;status&quot;: &quot;PENDING&quot;
            },
            {
                &quot;time&quot;: &quot;2022-02-18T15:11:42.322Z&quot;,
                &quot;status&quot;: &quot;SEND&quot;
            },
            {
                &quot;time&quot;: &quot;2022-02-18T15:11:42.359Z&quot;,
                &quot;status&quot;: &quot;DELIVERED&quot;
            },
            {
                &quot;time&quot;: &quot;2022-02-18T15:12:59.572Z&quot;,
                &quot;status&quot;: &quot;PENDING&quot;
            },
            {
                &quot;time&quot;: &quot;2022-02-18T15:12:59.593Z&quot;,
                &quot;status&quot;: &quot;SEND&quot;
            },
            {
                &quot;time&quot;: &quot;2022-02-18T15:12:59.628Z&quot;,
                &quot;status&quot;: &quot;DELIVERED&quot;
            },
            {
                &quot;time&quot;: &quot;2022-02-18T15:14:12.920Z&quot;,
                &quot;status&quot;: &quot;PENDING&quot;
            },
            {
                &quot;time&quot;: &quot;2022-02-18T15:14:12.944Z&quot;,
                &quot;status&quot;: &quot;SEND&quot;
            },
            {
                &quot;time&quot;: &quot;2022-02-18T15:14:12.981Z&quot;,
                &quot;status&quot;: &quot;DELIVERED&quot;
            },
            {
                &quot;time&quot;: &quot;2022-02-18T15:15:26.328Z&quot;,
                &quot;status&quot;: &quot;PENDING&quot;
            },
            {
                &quot;time&quot;: &quot;2022-02-18T15:15:26.352Z&quot;,
                &quot;status&quot;: &quot;SEND&quot;
            },
            {
                &quot;time&quot;: &quot;2022-02-18T15:15:26.390Z&quot;,
                &quot;status&quot;: &quot;DELIVERED&quot;
            },
            {
                &quot;time&quot;: &quot;2022-02-18T15:16:04.923Z&quot;,
                &quot;status&quot;: &quot;PENDING&quot;
            },
            {
                &quot;time&quot;: &quot;2022-02-18T15:16:04.942Z&quot;,
                &quot;status&quot;: &quot;SEND&quot;
            },
            {
                &quot;time&quot;: &quot;2022-02-18T15:16:04.979Z&quot;,
                &quot;status&quot;: &quot;DELIVERED&quot;
            },
            {
                &quot;time&quot;: &quot;2022-02-18T15:16:55.848Z&quot;,
                &quot;status&quot;: &quot;PENDING&quot;
            },
            {
                &quot;time&quot;: &quot;2022-02-18T15:16:55.868Z&quot;,
                &quot;status&quot;: &quot;SEND&quot;
            },
            {
                &quot;time&quot;: &quot;2022-02-18T15:16:55.905Z&quot;,
                &quot;status&quot;: &quot;DELIVERED&quot;
            },
            {
                &quot;time&quot;: &quot;2022-02-18T15:17:46.625Z&quot;,
                &quot;status&quot;: &quot;PENDING&quot;
            },
            {
                &quot;time&quot;: &quot;2022-02-18T15:17:46.652Z&quot;,
                &quot;status&quot;: &quot;SEND&quot;
            },
            {
                &quot;time&quot;: &quot;2022-02-18T15:17:46.687Z&quot;,
                &quot;status&quot;: &quot;DELIVERED&quot;
            },
            {
                &quot;time&quot;: &quot;2022-02-18T15:18:28.019Z&quot;,
                &quot;status&quot;: &quot;PENDING&quot;
            },
            {
                &quot;time&quot;: &quot;2022-02-18T15:18:28.043Z&quot;,
                &quot;status&quot;: &quot;SEND&quot;
            },
            {
                &quot;time&quot;: &quot;2022-02-18T15:18:28.079Z&quot;,
                &quot;status&quot;: &quot;DELIVERED&quot;
            },
            {
                &quot;time&quot;: &quot;2022-02-18T15:20:43.491Z&quot;,
                &quot;status&quot;: &quot;PENDING&quot;
            },
            {
                &quot;time&quot;: &quot;2022-02-18T15:20:43.514Z&quot;,
                &quot;status&quot;: &quot;SEND&quot;
            },
            {
                &quot;time&quot;: &quot;2022-02-18T15:20:43.550Z&quot;,
                &quot;status&quot;: &quot;DELIVERED&quot;
            },
            {
                &quot;time&quot;: &quot;2022-02-18T15:23:08.808Z&quot;,
                &quot;status&quot;: &quot;PENDING&quot;
            },
            {
                &quot;time&quot;: &quot;2022-02-18T15:23:08.831Z&quot;,
                &quot;status&quot;: &quot;SEND&quot;
            },
            {
                &quot;time&quot;: &quot;2022-02-18T15:23:08.869Z&quot;,
                &quot;status&quot;: &quot;DELIVERED&quot;
            },
            {
                &quot;time&quot;: &quot;2022-02-18T15:23:31.763Z&quot;,
                &quot;status&quot;: &quot;PENDING&quot;
            },
            {
                &quot;time&quot;: &quot;2022-02-18T15:23:31.789Z&quot;,
                &quot;status&quot;: &quot;SEND&quot;
            },
            {
                &quot;time&quot;: &quot;2022-02-18T15:23:31.829Z&quot;,
                &quot;status&quot;: &quot;DELIVERED&quot;
            },
            {
                &quot;time&quot;: &quot;2022-02-18T15:23:56.183Z&quot;,
                &quot;status&quot;: &quot;PENDING&quot;
            },
            {
                &quot;time&quot;: &quot;2022-02-18T15:23:56.205Z&quot;,
                &quot;status&quot;: &quot;SEND&quot;
            },
            {
                &quot;time&quot;: &quot;2022-02-18T15:23:56.240Z&quot;,
                &quot;status&quot;: &quot;DELIVERED&quot;
            },
            {
                &quot;time&quot;: &quot;2022-02-18T15:24:19.191Z&quot;,
                &quot;status&quot;: &quot;PENDING&quot;
            },
            {
                &quot;time&quot;: &quot;2022-02-18T15:24:19.214Z&quot;,
                &quot;status&quot;: &quot;SEND&quot;
            },
            {
                &quot;time&quot;: &quot;2022-02-18T15:24:19.249Z&quot;,
                &quot;status&quot;: &quot;DELIVERED&quot;
            },
            {
                &quot;time&quot;: &quot;2022-02-18T15:24:56.124Z&quot;,
                &quot;status&quot;: &quot;PENDING&quot;
            },
            {
                &quot;time&quot;: &quot;2022-02-18T15:24:56.152Z&quot;,
                &quot;status&quot;: &quot;SEND&quot;
            },
            {
                &quot;time&quot;: &quot;2022-02-18T15:24:56.186Z&quot;,
                &quot;status&quot;: &quot;DELIVERED&quot;
            },
            {
                &quot;time&quot;: &quot;2022-02-18T15:25:21.105Z&quot;,
                &quot;status&quot;: &quot;PENDING&quot;
            },
            {
                &quot;time&quot;: &quot;2022-02-18T15:25:21.127Z&quot;,
                &quot;status&quot;: &quot;SEND&quot;
            },
            {
                &quot;time&quot;: &quot;2022-02-18T15:25:21.164Z&quot;,
                &quot;status&quot;: &quot;DELIVERED&quot;
            },
            {
                &quot;time&quot;: &quot;2022-02-18T15:25:45.991Z&quot;,
                &quot;status&quot;: &quot;PENDING&quot;
            },
            {
                &quot;time&quot;: &quot;2022-02-18T15:25:46.015Z&quot;,
                &quot;status&quot;: &quot;SEND&quot;
            },
            {
                &quot;time&quot;: &quot;2022-02-18T15:25:46.050Z&quot;,
                &quot;status&quot;: &quot;DELIVERED&quot;
            },
            {
                &quot;time&quot;: &quot;2022-02-18T15:42:24.600Z&quot;,
                &quot;status&quot;: &quot;PENDING&quot;
            },
            {
                &quot;time&quot;: &quot;2022-02-18T15:42:24.628Z&quot;,
                &quot;status&quot;: &quot;SEND&quot;
            },
            {
                &quot;time&quot;: &quot;2022-02-18T15:42:24.664Z&quot;,
                &quot;status&quot;: &quot;DELIVERED&quot;
            },
            {
                &quot;time&quot;: &quot;2022-02-18T15:45:04.233Z&quot;,
                &quot;status&quot;: &quot;PENDING&quot;
            },
            {
                &quot;time&quot;: &quot;2022-02-18T15:45:04.267Z&quot;,
                &quot;status&quot;: &quot;SEND&quot;
            },
            {
                &quot;time&quot;: &quot;2022-02-18T15:45:04.303Z&quot;,
                &quot;status&quot;: &quot;DELIVERED&quot;
            },
            {
                &quot;time&quot;: &quot;2022-02-18T15:45:26.812Z&quot;,
                &quot;status&quot;: &quot;PENDING&quot;
            },
            {
                &quot;time&quot;: &quot;2022-02-18T15:45:26.839Z&quot;,
                &quot;status&quot;: &quot;SEND&quot;
            },
            {
                &quot;time&quot;: &quot;2022-02-18T15:45:26.882Z&quot;,
                &quot;status&quot;: &quot;DELIVERED&quot;
            },
            {
                &quot;time&quot;: &quot;2022-02-18T15:48:05.017Z&quot;,
                &quot;status&quot;: &quot;PENDING&quot;
            },
            {
                &quot;time&quot;: &quot;2022-02-18T15:48:05.047Z&quot;,
                &quot;status&quot;: &quot;SEND&quot;
            }
        ],
        &quot;status&quot;: &quot;DELIVERED&quot;
    },
    &quot;creationTime&quot;: &quot;2022-02-18T15:10:35.358Z&quot;,
    &quot;deviceId&quot;: &quot;14382422&quot;,
    &quot;deviceName&quot;: &quot;mythic_beasts_pi_all_jobs_sag&quot;,
    &quot;self&quot;: &quot;https://t493319102.eu-latest.cumulocity.com/devicecontrol/operations/14382430&quot;,
    &quot;id&quot;: &quot;14382430&quot;,
    &quot;status&quot;: &quot;PENDING&quot;,
    &quot;c8y_LogfileRequest&quot;: {
        &quot;searchText&quot;: &quot;&quot;,
        &quot;logFile&quot;: &quot;software-management&quot;,
        &quot;dateTo&quot;: &quot;2021-11-21T18:55:49+0530&quot;,
        &quot;dateFrom&quot;: &quot;2021-11-15T18:55:49+0530&quot;,
        &quot;maximumLines&quot;: 300
    },
    &quot;description&quot;: &quot;Log file request&quot;
}
15:48:24 DEBUG Final URL of the request: https://thin-edge-io.eu-latest.cumulocity.com/devicecontrol/operations?deviceId=14382422&amp;pageSize=1&amp;revert=true&amp;dateFrom=1970-01-01T00%3A00%3A00.000Z
15:48:24 INFO  State of current operation: PENDING
15:48:24 DEBUG Final URL of the request: https://thin-edge-io.eu-latest.cumulocity.com/devicecontrol/operations?deviceId=14382422&amp;pageSize=1&amp;revert=true&amp;dateFrom=1970-01-01T00%3A00%3A00.000Z
15:48:24 DEBUG State of current operation: {
    &quot;delivery&quot;: {
        &quot;time&quot;: &quot;2022-02-18T15:48:05.094Z&quot;,
        &quot;log&quot;: [
            {
                &quot;time&quot;: &quot;2022-02-18T15:10:35.371Z&quot;,
                &quot;status&quot;: &quot;PENDING&quot;
            },
            {
                &quot;time&quot;: &quot;2022-02-18T15:10:35.380Z&quot;,
                &quot;status&quot;: &quot;SEND&quot;
            },
            {
                &quot;time&quot;: &quot;2022-02-18T15:10:35.414Z&quot;,
                &quot;status&quot;: &quot;DELIVERED&quot;
            },
            {
                &quot;time&quot;: &quot;2022-02-18T15:11:42.300Z&quot;,
                &quot;status&quot;: &quot;PENDING&quot;
            },
            {
                &quot;time&quot;: &quot;2022-02-18T15:11:42.322Z&quot;,
                &quot;status&quot;: &quot;SEND&quot;
            },
            {
                &quot;time&quot;: &quot;2022-02-18T15:11:42.359Z&quot;,
                &quot;status&quot;: &quot;DELIVERED&quot;
            },
            {
                &quot;time&quot;: &quot;2022-02-18T15:12:59.572Z&quot;,
                &quot;status&quot;: &quot;PENDING&quot;
            },
            {
                &quot;time&quot;: &quot;2022-02-18T15:12:59.593Z&quot;,
                &quot;status&quot;: &quot;SEND&quot;
            },
            {
                &quot;time&quot;: &quot;2022-02-18T15:12:59.628Z&quot;,
                &quot;status&quot;: &quot;DELIVERED&quot;
            },
            {
                &quot;time&quot;: &quot;2022-02-18T15:14:12.920Z&quot;,
                &quot;status&quot;: &quot;PENDING&quot;
            },
            {
                &quot;time&quot;: &quot;2022-02-18T15:14:12.944Z&quot;,
                &quot;status&quot;: &quot;SEND&quot;
            },
            {
                &quot;time&quot;: &quot;2022-02-18T15:14:12.981Z&quot;,
                &quot;status&quot;: &quot;DELIVERED&quot;
            },
            {
                &quot;time&quot;: &quot;2022-02-18T15:15:26.328Z&quot;,
                &quot;status&quot;: &quot;PENDING&quot;
            },
            {
                &quot;time&quot;: &quot;2022-02-18T15:15:26.352Z&quot;,
                &quot;status&quot;: &quot;SEND&quot;
            },
            {
                &quot;time&quot;: &quot;2022-02-18T15:15:26.390Z&quot;,
                &quot;status&quot;: &quot;DELIVERED&quot;
            },
            {
                &quot;time&quot;: &quot;2022-02-18T15:16:04.923Z&quot;,
                &quot;status&quot;: &quot;PENDING&quot;
            },
            {
                &quot;time&quot;: &quot;2022-02-18T15:16:04.942Z&quot;,
                &quot;status&quot;: &quot;SEND&quot;
            },
            {
                &quot;time&quot;: &quot;2022-02-18T15:16:04.979Z&quot;,
                &quot;status&quot;: &quot;DELIVERED&quot;
            },
            {
                &quot;time&quot;: &quot;2022-02-18T15:16:55.848Z&quot;,
                &quot;status&quot;: &quot;PENDING&quot;
            },
            {
                &quot;time&quot;: &quot;2022-02-18T15:16:55.868Z&quot;,
                &quot;status&quot;: &quot;SEND&quot;
            },
            {
                &quot;time&quot;: &quot;2022-02-18T15:16:55.905Z&quot;,
                &quot;status&quot;: &quot;DELIVERED&quot;
            },
            {
                &quot;time&quot;: &quot;2022-02-18T15:17:46.625Z&quot;,
                &quot;status&quot;: &quot;PENDING&quot;
            },
            {
                &quot;time&quot;: &quot;2022-02-18T15:17:46.652Z&quot;,
                &quot;status&quot;: &quot;SEND&quot;
            },
            {
                &quot;time&quot;: &quot;2022-02-18T15:17:46.687Z&quot;,
                &quot;status&quot;: &quot;DELIVERED&quot;
            },
            {
                &quot;time&quot;: &quot;2022-02-18T15:18:28.019Z&quot;,
                &quot;status&quot;: &quot;PENDING&quot;
            },
            {
                &quot;time&quot;: &quot;2022-02-18T15:18:28.043Z&quot;,
                &quot;status&quot;: &quot;SEND&quot;
            },
            {
                &quot;time&quot;: &quot;2022-02-18T15:18:28.079Z&quot;,
                &quot;status&quot;: &quot;DELIVERED&quot;
            },
            {
                &quot;time&quot;: &quot;2022-02-18T15:20:43.491Z&quot;,
                &quot;status&quot;: &quot;PENDING&quot;
            },
            {
                &quot;time&quot;: &quot;2022-02-18T15:20:43.514Z&quot;,
                &quot;status&quot;: &quot;SEND&quot;
            },
            {
                &quot;time&quot;: &quot;2022-02-18T15:20:43.550Z&quot;,
                &quot;status&quot;: &quot;DELIVERED&quot;
            },
            {
                &quot;time&quot;: &quot;2022-02-18T15:23:08.808Z&quot;,
                &quot;status&quot;: &quot;PENDING&quot;
            },
            {
                &quot;time&quot;: &quot;2022-02-18T15:23:08.831Z&quot;,
                &quot;status&quot;: &quot;SEND&quot;
            },
            {
                &quot;time&quot;: &quot;2022-02-18T15:23:08.869Z&quot;,
                &quot;status&quot;: &quot;DELIVERED&quot;
            },
            {
                &quot;time&quot;: &quot;2022-02-18T15:23:31.763Z&quot;,
                &quot;status&quot;: &quot;PENDING&quot;
            },
            {
                &quot;time&quot;: &quot;2022-02-18T15:23:31.789Z&quot;,
                &quot;status&quot;: &quot;SEND&quot;
            },
            {
                &quot;time&quot;: &quot;2022-02-18T15:23:31.829Z&quot;,
                &quot;status&quot;: &quot;DELIVERED&quot;
            },
            {
                &quot;time&quot;: &quot;2022-02-18T15:23:56.183Z&quot;,
                &quot;status&quot;: &quot;PENDING&quot;
            },
            {
                &quot;time&quot;: &quot;2022-02-18T15:23:56.205Z&quot;,
                &quot;status&quot;: &quot;SEND&quot;
            },
            {
                &quot;time&quot;: &quot;2022-02-18T15:23:56.240Z&quot;,
                &quot;status&quot;: &quot;DELIVERED&quot;
            },
            {
                &quot;time&quot;: &quot;2022-02-18T15:24:19.191Z&quot;,
                &quot;status&quot;: &quot;PENDING&quot;
            },
            {
                &quot;time&quot;: &quot;2022-02-18T15:24:19.214Z&quot;,
                &quot;status&quot;: &quot;SEND&quot;
            },
            {
                &quot;time&quot;: &quot;2022-02-18T15:24:19.249Z&quot;,
                &quot;status&quot;: &quot;DELIVERED&quot;
            },
            {
                &quot;time&quot;: &quot;2022-02-18T15:24:56.124Z&quot;,
                &quot;status&quot;: &quot;PENDING&quot;
            },
            {
                &quot;time&quot;: &quot;2022-02-18T15:24:56.152Z&quot;,
                &quot;status&quot;: &quot;SEND&quot;
            },
            {
                &quot;time&quot;: &quot;2022-02-18T15:24:56.186Z&quot;,
                &quot;status&quot;: &quot;DELIVERED&quot;
            },
            {
                &quot;time&quot;: &quot;2022-02-18T15:25:21.105Z&quot;,
                &quot;status&quot;: &quot;PENDING&quot;
            },
            {
                &quot;time&quot;: &quot;2022-02-18T15:25:21.127Z&quot;,
                &quot;status&quot;: &quot;SEND&quot;
            },
            {
                &quot;time&quot;: &quot;2022-02-18T15:25:21.164Z&quot;,
                &quot;status&quot;: &quot;DELIVERED&quot;
            },
            {
                &quot;time&quot;: &quot;2022-02-18T15:25:45.991Z&quot;,
                &quot;status&quot;: &quot;PENDING&quot;
            },
            {
                &quot;time&quot;: &quot;2022-02-18T15:25:46.015Z&quot;,
                &quot;status&quot;: &quot;SEND&quot;
            },
            {
                &quot;time&quot;: &quot;2022-02-18T15:25:46.050Z&quot;,
                &quot;status&quot;: &quot;DELIVERED&quot;
            },
            {
                &quot;time&quot;: &quot;2022-02-18T15:42:24.600Z&quot;,
                &quot;status&quot;: &quot;PENDING&quot;
            },
            {
                &quot;time&quot;: &quot;2022-02-18T15:42:24.628Z&quot;,
                &quot;status&quot;: &quot;SEND&quot;
            },
            {
                &quot;time&quot;: &quot;2022-02-18T15:42:24.664Z&quot;,
                &quot;status&quot;: &quot;DELIVERED&quot;
            },
            {
                &quot;time&quot;: &quot;2022-02-18T15:45:04.233Z&quot;,
                &quot;status&quot;: &quot;PENDING&quot;
            },
            {
                &quot;time&quot;: &quot;2022-02-18T15:45:04.267Z&quot;,
                &quot;status&quot;: &quot;SEND&quot;
            },
            {
                &quot;time&quot;: &quot;2022-02-18T15:45:04.303Z&quot;,
                &quot;status&quot;: &quot;DELIVERED&quot;
            },
            {
                &quot;time&quot;: &quot;2022-02-18T15:45:26.812Z&quot;,
                &quot;status&quot;: &quot;PENDING&quot;
            },
            {
                &quot;time&quot;: &quot;2022-02-18T15:45:26.839Z&quot;,
                &quot;status&quot;: &quot;SEND&quot;
            },
            {
                &quot;time&quot;: &quot;2022-02-18T15:45:26.882Z&quot;,
                &quot;status&quot;: &quot;DELIVERED&quot;
            },
            {
                &quot;time&quot;: &quot;2022-02-18T15:48:05.017Z&quot;,
                &quot;status&quot;: &quot;PENDING&quot;
            },
            {
                &quot;time&quot;: &quot;2022-02-18T15:48:05.047Z&quot;,
                &quot;status&quot;: &quot;SEND&quot;
            }
        ],
        &quot;status&quot;: &quot;DELIVERED&quot;
    },
    &quot;creationTime&quot;: &quot;2022-02-18T15:10:35.358Z&quot;,
    &quot;deviceId&quot;: &quot;14382422&quot;,
    &quot;deviceName&quot;: &quot;mythic_beasts_pi_all_jobs_sag&quot;,
    &quot;self&quot;: &quot;https://t493319102.eu-latest.cumulocity.com/devicecontrol/operations/14382430&quot;,
    &quot;id&quot;: &quot;14382430&quot;,
    &quot;status&quot;: &quot;PENDING&quot;,
    &quot;c8y_LogfileRequest&quot;: {
        &quot;searchText&quot;: &quot;&quot;,
        &quot;logFile&quot;: &quot;software-management&quot;,
        &quot;dateTo&quot;: &quot;2021-11-21T18:55:49+0530&quot;,
        &quot;dateFrom&quot;: &quot;2021-11-15T18:55:49+0530&quot;,
        &quot;maximumLines&quot;: 300
    },
    &quot;description&quot;: &quot;Log file request&quot;
}
15:48:26 DEBUG Final URL of the request: https://thin-edge-io.eu-latest.cumulocity.com/devicecontrol/operations?deviceId=14382422&amp;pageSize=1&amp;revert=true&amp;dateFrom=1970-01-01T00%3A00%3A00.000Z
15:48:26 INFO  State of current operation: PENDING
15:48:26 DEBUG Final URL of the request: https://thin-edge-io.eu-latest.cumulocity.com/devicecontrol/operations?deviceId=14382422&amp;pageSize=1&amp;revert=true&amp;dateFrom=1970-01-01T00%3A00%3A00.000Z
15:48:26 DEBUG State of current operation: {
    &quot;delivery&quot;: {
        &quot;time&quot;: &quot;2022-02-18T15:48:05.094Z&quot;,
        &quot;log&quot;: [
            {
                &quot;time&quot;: &quot;2022-02-18T15:10:35.371Z&quot;,
                &quot;status&quot;: &quot;PENDING&quot;
            },
            {
                &quot;time&quot;: &quot;2022-02-18T15:10:35.380Z&quot;,
                &quot;status&quot;: &quot;SEND&quot;
            },
            {
                &quot;time&quot;: &quot;2022-02-18T15:10:35.414Z&quot;,
                &quot;status&quot;: &quot;DELIVERED&quot;
            },
            {
                &quot;time&quot;: &quot;2022-02-18T15:11:42.300Z&quot;,
                &quot;status&quot;: &quot;PENDING&quot;
            },
            {
                &quot;time&quot;: &quot;2022-02-18T15:11:42.322Z&quot;,
                &quot;status&quot;: &quot;SEND&quot;
            },
            {
                &quot;time&quot;: &quot;2022-02-18T15:11:42.359Z&quot;,
                &quot;status&quot;: &quot;DELIVERED&quot;
            },
            {
                &quot;time&quot;: &quot;2022-02-18T15:12:59.572Z&quot;,
                &quot;status&quot;: &quot;PENDING&quot;
            },
            {
                &quot;time&quot;: &quot;2022-02-18T15:12:59.593Z&quot;,
                &quot;status&quot;: &quot;SEND&quot;
            },
            {
                &quot;time&quot;: &quot;2022-02-18T15:12:59.628Z&quot;,
                &quot;status&quot;: &quot;DELIVERED&quot;
            },
            {
                &quot;time&quot;: &quot;2022-02-18T15:14:12.920Z&quot;,
                &quot;status&quot;: &quot;PENDING&quot;
            },
            {
                &quot;time&quot;: &quot;2022-02-18T15:14:12.944Z&quot;,
                &quot;status&quot;: &quot;SEND&quot;
            },
            {
                &quot;time&quot;: &quot;2022-02-18T15:14:12.981Z&quot;,
                &quot;status&quot;: &quot;DELIVERED&quot;
            },
            {
                &quot;time&quot;: &quot;2022-02-18T15:15:26.328Z&quot;,
                &quot;status&quot;: &quot;PENDING&quot;
            },
            {
                &quot;time&quot;: &quot;2022-02-18T15:15:26.352Z&quot;,
                &quot;status&quot;: &quot;SEND&quot;
            },
            {
                &quot;time&quot;: &quot;2022-02-18T15:15:26.390Z&quot;,
                &quot;status&quot;: &quot;DELIVERED&quot;
            },
            {
                &quot;time&quot;: &quot;2022-02-18T15:16:04.923Z&quot;,
                &quot;status&quot;: &quot;PENDING&quot;
            },
            {
                &quot;time&quot;: &quot;2022-02-18T15:16:04.942Z&quot;,
                &quot;status&quot;: &quot;SEND&quot;
            },
            {
                &quot;time&quot;: &quot;2022-02-18T15:16:04.979Z&quot;,
                &quot;status&quot;: &quot;DELIVERED&quot;
            },
            {
                &quot;time&quot;: &quot;2022-02-18T15:16:55.848Z&quot;,
                &quot;status&quot;: &quot;PENDING&quot;
            },
            {
                &quot;time&quot;: &quot;2022-02-18T15:16:55.868Z&quot;,
                &quot;status&quot;: &quot;SEND&quot;
            },
            {
                &quot;time&quot;: &quot;2022-02-18T15:16:55.905Z&quot;,
                &quot;status&quot;: &quot;DELIVERED&quot;
            },
            {
                &quot;time&quot;: &quot;2022-02-18T15:17:46.625Z&quot;,
                &quot;status&quot;: &quot;PENDING&quot;
            },
            {
                &quot;time&quot;: &quot;2022-02-18T15:17:46.652Z&quot;,
                &quot;status&quot;: &quot;SEND&quot;
            },
            {
                &quot;time&quot;: &quot;2022-02-18T15:17:46.687Z&quot;,
                &quot;status&quot;: &quot;DELIVERED&quot;
            },
            {
                &quot;time&quot;: &quot;2022-02-18T15:18:28.019Z&quot;,
                &quot;status&quot;: &quot;PENDING&quot;
            },
            {
                &quot;time&quot;: &quot;2022-02-18T15:18:28.043Z&quot;,
                &quot;status&quot;: &quot;SEND&quot;
            },
            {
                &quot;time&quot;: &quot;2022-02-18T15:18:28.079Z&quot;,
                &quot;status&quot;: &quot;DELIVERED&quot;
            },
            {
                &quot;time&quot;: &quot;2022-02-18T15:20:43.491Z&quot;,
                &quot;status&quot;: &quot;PENDING&quot;
            },
            {
                &quot;time&quot;: &quot;2022-02-18T15:20:43.514Z&quot;,
                &quot;status&quot;: &quot;SEND&quot;
            },
            {
                &quot;time&quot;: &quot;2022-02-18T15:20:43.550Z&quot;,
                &quot;status&quot;: &quot;DELIVERED&quot;
            },
            {
                &quot;time&quot;: &quot;2022-02-18T15:23:08.808Z&quot;,
                &quot;status&quot;: &quot;PENDING&quot;
            },
            {
                &quot;time&quot;: &quot;2022-02-18T15:23:08.831Z&quot;,
                &quot;status&quot;: &quot;SEND&quot;
            },
            {
                &quot;time&quot;: &quot;2022-02-18T15:23:08.869Z&quot;,
                &quot;status&quot;: &quot;DELIVERED&quot;
            },
            {
                &quot;time&quot;: &quot;2022-02-18T15:23:31.763Z&quot;,
                &quot;status&quot;: &quot;PENDING&quot;
            },
            {
                &quot;time&quot;: &quot;2022-02-18T15:23:31.789Z&quot;,
                &quot;status&quot;: &quot;SEND&quot;
            },
            {
                &quot;time&quot;: &quot;2022-02-18T15:23:31.829Z&quot;,
                &quot;status&quot;: &quot;DELIVERED&quot;
            },
            {
                &quot;time&quot;: &quot;2022-02-18T15:23:56.183Z&quot;,
                &quot;status&quot;: &quot;PENDING&quot;
            },
            {
                &quot;time&quot;: &quot;2022-02-18T15:23:56.205Z&quot;,
                &quot;status&quot;: &quot;SEND&quot;
            },
            {
                &quot;time&quot;: &quot;2022-02-18T15:23:56.240Z&quot;,
                &quot;status&quot;: &quot;DELIVERED&quot;
            },
            {
                &quot;time&quot;: &quot;2022-02-18T15:24:19.191Z&quot;,
                &quot;status&quot;: &quot;PENDING&quot;
            },
            {
                &quot;time&quot;: &quot;2022-02-18T15:24:19.214Z&quot;,
                &quot;status&quot;: &quot;SEND&quot;
            },
            {
                &quot;time&quot;: &quot;2022-02-18T15:24:19.249Z&quot;,
                &quot;status&quot;: &quot;DELIVERED&quot;
            },
            {
                &quot;time&quot;: &quot;2022-02-18T15:24:56.124Z&quot;,
                &quot;status&quot;: &quot;PENDING&quot;
            },
            {
                &quot;time&quot;: &quot;2022-02-18T15:24:56.152Z&quot;,
                &quot;status&quot;: &quot;SEND&quot;
            },
            {
                &quot;time&quot;: &quot;2022-02-18T15:24:56.186Z&quot;,
                &quot;status&quot;: &quot;DELIVERED&quot;
            },
            {
                &quot;time&quot;: &quot;2022-02-18T15:25:21.105Z&quot;,
                &quot;status&quot;: &quot;PENDING&quot;
            },
            {
                &quot;time&quot;: &quot;2022-02-18T15:25:21.127Z&quot;,
                &quot;status&quot;: &quot;SEND&quot;
            },
            {
                &quot;time&quot;: &quot;2022-02-18T15:25:21.164Z&quot;,
                &quot;status&quot;: &quot;DELIVERED&quot;
            },
            {
                &quot;time&quot;: &quot;2022-02-18T15:25:45.991Z&quot;,
                &quot;status&quot;: &quot;PENDING&quot;
            },
            {
                &quot;time&quot;: &quot;2022-02-18T15:25:46.015Z&quot;,
                &quot;status&quot;: &quot;SEND&quot;
            },
            {
                &quot;time&quot;: &quot;2022-02-18T15:25:46.050Z&quot;,
                &quot;status&quot;: &quot;DELIVERED&quot;
            },
            {
                &quot;time&quot;: &quot;2022-02-18T15:42:24.600Z&quot;,
                &quot;status&quot;: &quot;PENDING&quot;
            },
            {
                &quot;time&quot;: &quot;2022-02-18T15:42:24.628Z&quot;,
                &quot;status&quot;: &quot;SEND&quot;
            },
            {
                &quot;time&quot;: &quot;2022-02-18T15:42:24.664Z&quot;,
                &quot;status&quot;: &quot;DELIVERED&quot;
            },
            {
                &quot;time&quot;: &quot;2022-02-18T15:45:04.233Z&quot;,
                &quot;status&quot;: &quot;PENDING&quot;
            },
            {
                &quot;time&quot;: &quot;2022-02-18T15:45:04.267Z&quot;,
                &quot;status&quot;: &quot;SEND&quot;
            },
            {
                &quot;time&quot;: &quot;2022-02-18T15:45:04.303Z&quot;,
                &quot;status&quot;: &quot;DELIVERED&quot;
            },
            {
                &quot;time&quot;: &quot;2022-02-18T15:45:26.812Z&quot;,
                &quot;status&quot;: &quot;PENDING&quot;
            },
            {
                &quot;time&quot;: &quot;2022-02-18T15:45:26.839Z&quot;,
                &quot;status&quot;: &quot;SEND&quot;
            },
            {
                &quot;time&quot;: &quot;2022-02-18T15:45:26.882Z&quot;,
                &quot;status&quot;: &quot;DELIVERED&quot;
            },
            {
                &quot;time&quot;: &quot;2022-02-18T15:48:05.017Z&quot;,
                &quot;status&quot;: &quot;PENDING&quot;
            },
            {
                &quot;time&quot;: &quot;2022-02-18T15:48:05.047Z&quot;,
                &quot;status&quot;: &quot;SEND&quot;
            }
        ],
        &quot;status&quot;: &quot;DELIVERED&quot;
    },
    &quot;creationTime&quot;: &quot;2022-02-18T15:10:35.358Z&quot;,
    &quot;deviceId&quot;: &quot;14382422&quot;,
    &quot;deviceName&quot;: &quot;mythic_beasts_pi_all_jobs_sag&quot;,
    &quot;self&quot;: &quot;https://t493319102.eu-latest.cumulocity.com/devicecontrol/operations/14382430&quot;,
    &quot;id&quot;: &quot;14382430&quot;,
    &quot;status&quot;: &quot;PENDING&quot;,
    &quot;c8y_LogfileRequest&quot;: {
        &quot;searchText&quot;: &quot;&quot;,
        &quot;logFile&quot;: &quot;software-management&quot;,
        &quot;dateTo&quot;: &quot;2021-11-21T18:55:49+0530&quot;,
        &quot;dateFrom&quot;: &quot;2021-11-15T18:55:49+0530&quot;,
        &quot;maximumLines&quot;: 300
    },
    &quot;description&quot;: &quot;Log file request&quot;
}
15:48:29 DEBUG Final URL of the request: https://thin-edge-io.eu-latest.cumulocity.com/devicecontrol/operations?deviceId=14382422&amp;pageSize=1&amp;revert=true&amp;dateFrom=1970-01-01T00%3A00%3A00.000Z
15:48:29 INFO  State of current operation: PENDING
15:48:29 DEBUG Final URL of the request: https://thin-edge-io.eu-latest.cumulocity.com/devicecontrol/operations?deviceId=14382422&amp;pageSize=1&amp;revert=true&amp;dateFrom=1970-01-01T00%3A00%3A00.000Z
15:48:29 DEBUG State of current operation: {
    &quot;delivery&quot;: {
        &quot;time&quot;: &quot;2022-02-18T15:48:05.094Z&quot;,
        &quot;log&quot;: [
            {
                &quot;time&quot;: &quot;2022-02-18T15:10:35.371Z&quot;,
                &quot;status&quot;: &quot;PENDING&quot;
            },
            {
                &quot;time&quot;: &quot;2022-02-18T15:10:35.380Z&quot;,
                &quot;status&quot;: &quot;SEND&quot;
            },
            {
                &quot;time&quot;: &quot;2022-02-18T15:10:35.414Z&quot;,
                &quot;status&quot;: &quot;DELIVERED&quot;
            },
            {
                &quot;time&quot;: &quot;2022-02-18T15:11:42.300Z&quot;,
                &quot;status&quot;: &quot;PENDING&quot;
            },
            {
                &quot;time&quot;: &quot;2022-02-18T15:11:42.322Z&quot;,
                &quot;status&quot;: &quot;SEND&quot;
            },
            {
                &quot;time&quot;: &quot;2022-02-18T15:11:42.359Z&quot;,
                &quot;status&quot;: &quot;DELIVERED&quot;
            },
            {
                &quot;time&quot;: &quot;2022-02-18T15:12:59.572Z&quot;,
                &quot;status&quot;: &quot;PENDING&quot;
            },
            {
                &quot;time&quot;: &quot;2022-02-18T15:12:59.593Z&quot;,
                &quot;status&quot;: &quot;SEND&quot;
            },
            {
                &quot;time&quot;: &quot;2022-02-18T15:12:59.628Z&quot;,
                &quot;status&quot;: &quot;DELIVERED&quot;
            },
            {
                &quot;time&quot;: &quot;2022-02-18T15:14:12.920Z&quot;,
                &quot;status&quot;: &quot;PENDING&quot;
            },
            {
                &quot;time&quot;: &quot;2022-02-18T15:14:12.944Z&quot;,
                &quot;status&quot;: &quot;SEND&quot;
            },
            {
                &quot;time&quot;: &quot;2022-02-18T15:14:12.981Z&quot;,
                &quot;status&quot;: &quot;DELIVERED&quot;
            },
            {
                &quot;time&quot;: &quot;2022-02-18T15:15:26.328Z&quot;,
                &quot;status&quot;: &quot;PENDING&quot;
            },
            {
                &quot;time&quot;: &quot;2022-02-18T15:15:26.352Z&quot;,
                &quot;status&quot;: &quot;SEND&quot;
            },
            {
                &quot;time&quot;: &quot;2022-02-18T15:15:26.390Z&quot;,
                &quot;status&quot;: &quot;DELIVERED&quot;
            },
            {
                &quot;time&quot;: &quot;2022-02-18T15:16:04.923Z&quot;,
                &quot;status&quot;: &quot;PENDING&quot;
            },
            {
                &quot;time&quot;: &quot;2022-02-18T15:16:04.942Z&quot;,
                &quot;status&quot;: &quot;SEND&quot;
            },
            {
                &quot;time&quot;: &quot;2022-02-18T15:16:04.979Z&quot;,
                &quot;status&quot;: &quot;DELIVERED&quot;
            },
            {
                &quot;time&quot;: &quot;2022-02-18T15:16:55.848Z&quot;,
                &quot;status&quot;: &quot;PENDING&quot;
            },
            {
                &quot;time&quot;: &quot;2022-02-18T15:16:55.868Z&quot;,
                &quot;status&quot;: &quot;SEND&quot;
            },
            {
                &quot;time&quot;: &quot;2022-02-18T15:16:55.905Z&quot;,
                &quot;status&quot;: &quot;DELIVERED&quot;
            },
            {
                &quot;time&quot;: &quot;2022-02-18T15:17:46.625Z&quot;,
                &quot;status&quot;: &quot;PENDING&quot;
            },
            {
                &quot;time&quot;: &quot;2022-02-18T15:17:46.652Z&quot;,
                &quot;status&quot;: &quot;SEND&quot;
            },
            {
                &quot;time&quot;: &quot;2022-02-18T15:17:46.687Z&quot;,
                &quot;status&quot;: &quot;DELIVERED&quot;
            },
            {
                &quot;time&quot;: &quot;2022-02-18T15:18:28.019Z&quot;,
                &quot;status&quot;: &quot;PENDING&quot;
            },
            {
                &quot;time&quot;: &quot;2022-02-18T15:18:28.043Z&quot;,
                &quot;status&quot;: &quot;SEND&quot;
            },
            {
                &quot;time&quot;: &quot;2022-02-18T15:18:28.079Z&quot;,
                &quot;status&quot;: &quot;DELIVERED&quot;
            },
            {
                &quot;time&quot;: &quot;2022-02-18T15:20:43.491Z&quot;,
                &quot;status&quot;: &quot;PENDING&quot;
            },
            {
                &quot;time&quot;: &quot;2022-02-18T15:20:43.514Z&quot;,
                &quot;status&quot;: &quot;SEND&quot;
            },
            {
                &quot;time&quot;: &quot;2022-02-18T15:20:43.550Z&quot;,
                &quot;status&quot;: &quot;DELIVERED&quot;
            },
            {
                &quot;time&quot;: &quot;2022-02-18T15:23:08.808Z&quot;,
                &quot;status&quot;: &quot;PENDING&quot;
            },
            {
                &quot;time&quot;: &quot;2022-02-18T15:23:08.831Z&quot;,
                &quot;status&quot;: &quot;SEND&quot;
            },
            {
                &quot;time&quot;: &quot;2022-02-18T15:23:08.869Z&quot;,
                &quot;status&quot;: &quot;DELIVERED&quot;
            },
            {
                &quot;time&quot;: &quot;2022-02-18T15:23:31.763Z&quot;,
                &quot;status&quot;: &quot;PENDING&quot;
            },
            {
                &quot;time&quot;: &quot;2022-02-18T15:23:31.789Z&quot;,
                &quot;status&quot;: &quot;SEND&quot;
            },
            {
                &quot;time&quot;: &quot;2022-02-18T15:23:31.829Z&quot;,
                &quot;status&quot;: &quot;DELIVERED&quot;
            },
            {
                &quot;time&quot;: &quot;2022-02-18T15:23:56.183Z&quot;,
                &quot;status&quot;: &quot;PENDING&quot;
            },
            {
                &quot;time&quot;: &quot;2022-02-18T15:23:56.205Z&quot;,
                &quot;status&quot;: &quot;SEND&quot;
            },
            {
                &quot;time&quot;: &quot;2022-02-18T15:23:56.240Z&quot;,
                &quot;status&quot;: &quot;DELIVERED&quot;
            },
            {
                &quot;time&quot;: &quot;2022-02-18T15:24:19.191Z&quot;,
                &quot;status&quot;: &quot;PENDING&quot;
            },
            {
                &quot;time&quot;: &quot;2022-02-18T15:24:19.214Z&quot;,
                &quot;status&quot;: &quot;SEND&quot;
            },
            {
                &quot;time&quot;: &quot;2022-02-18T15:24:19.249Z&quot;,
                &quot;status&quot;: &quot;DELIVERED&quot;
            },
            {
                &quot;time&quot;: &quot;2022-02-18T15:24:56.124Z&quot;,
                &quot;status&quot;: &quot;PENDING&quot;
            },
            {
                &quot;time&quot;: &quot;2022-02-18T15:24:56.152Z&quot;,
                &quot;status&quot;: &quot;SEND&quot;
            },
            {
                &quot;time&quot;: &quot;2022-02-18T15:24:56.186Z&quot;,
                &quot;status&quot;: &quot;DELIVERED&quot;
            },
            {
                &quot;time&quot;: &quot;2022-02-18T15:25:21.105Z&quot;,
                &quot;status&quot;: &quot;PENDING&quot;
            },
            {
                &quot;time&quot;: &quot;2022-02-18T15:25:21.127Z&quot;,
                &quot;status&quot;: &quot;SEND&quot;
            },
            {
                &quot;time&quot;: &quot;2022-02-18T15:25:21.164Z&quot;,
                &quot;status&quot;: &quot;DELIVERED&quot;
            },
            {
                &quot;time&quot;: &quot;2022-02-18T15:25:45.991Z&quot;,
                &quot;status&quot;: &quot;PENDING&quot;
            },
            {
                &quot;time&quot;: &quot;2022-02-18T15:25:46.015Z&quot;,
                &quot;status&quot;: &quot;SEND&quot;
            },
            {
                &quot;time&quot;: &quot;2022-02-18T15:25:46.050Z&quot;,
                &quot;status&quot;: &quot;DELIVERED&quot;
            },
            {
                &quot;time&quot;: &quot;2022-02-18T15:42:24.600Z&quot;,
                &quot;status&quot;: &quot;PENDING&quot;
            },
            {
                &quot;time&quot;: &quot;2022-02-18T15:42:24.628Z&quot;,
                &quot;status&quot;: &quot;SEND&quot;
            },
            {
                &quot;time&quot;: &quot;2022-02-18T15:42:24.664Z&quot;,
                &quot;status&quot;: &quot;DELIVERED&quot;
            },
            {
                &quot;time&quot;: &quot;2022-02-18T15:45:04.233Z&quot;,
                &quot;status&quot;: &quot;PENDING&quot;
            },
            {
                &quot;time&quot;: &quot;2022-02-18T15:45:04.267Z&quot;,
                &quot;status&quot;: &quot;SEND&quot;
            },
            {
                &quot;time&quot;: &quot;2022-02-18T15:45:04.303Z&quot;,
                &quot;status&quot;: &quot;DELIVERED&quot;
            },
            {
                &quot;time&quot;: &quot;2022-02-18T15:45:26.812Z&quot;,
                &quot;status&quot;: &quot;PENDING&quot;
            },
            {
                &quot;time&quot;: &quot;2022-02-18T15:45:26.839Z&quot;,
                &quot;status&quot;: &quot;SEND&quot;
            },
            {
                &quot;time&quot;: &quot;2022-02-18T15:45:26.882Z&quot;,
                &quot;status&quot;: &quot;DELIVERED&quot;
            },
            {
                &quot;time&quot;: &quot;2022-02-18T15:48:05.017Z&quot;,
                &quot;status&quot;: &quot;PENDING&quot;
            },
            {
                &quot;time&quot;: &quot;2022-02-18T15:48:05.047Z&quot;,
                &quot;status&quot;: &quot;SEND&quot;
            }
        ],
        &quot;status&quot;: &quot;DELIVERED&quot;
    },
    &quot;creationTime&quot;: &quot;2022-02-18T15:10:35.358Z&quot;,
    &quot;deviceId&quot;: &quot;14382422&quot;,
    &quot;deviceName&quot;: &quot;mythic_beasts_pi_all_jobs_sag&quot;,
    &quot;self&quot;: &quot;https://t493319102.eu-latest.cumulocity.com/devicecontrol/operations/14382430&quot;,
    &quot;id&quot;: &quot;14382430&quot;,
    &quot;status&quot;: &quot;PENDING&quot;,
    &quot;c8y_LogfileRequest&quot;: {
        &quot;searchText&quot;: &quot;&quot;,
        &quot;logFile&quot;: &quot;software-management&quot;,
        &quot;dateTo&quot;: &quot;2021-11-21T18:55:49+0530&quot;,
        &quot;dateFrom&quot;: &quot;2021-11-15T18:55:49+0530&quot;,
        &quot;maximumLines&quot;: 300
    },
    &quot;description&quot;: &quot;Log file request&quot;
}
15:48:31 DEBUG Final URL of the request: https://thin-edge-io.eu-latest.cumulocity.com/devicecontrol/operations?deviceId=14382422&amp;pageSize=1&amp;revert=true&amp;dateFrom=1970-01-01T00%3A00%3A00.000Z
15:48:31 INFO  State of current operation: PENDING
15:48:31 DEBUG Final URL of the request: https://thin-edge-io.eu-latest.cumulocity.com/devicecontrol/operations?deviceId=14382422&amp;pageSize=1&amp;revert=true&amp;dateFrom=1970-01-01T00%3A00%3A00.000Z
15:48:31 DEBUG State of current operation: {
    &quot;delivery&quot;: {
        &quot;time&quot;: &quot;2022-02-18T15:48:05.094Z&quot;,
        &quot;log&quot;: [
            {
                &quot;time&quot;: &quot;2022-02-18T15:10:35.371Z&quot;,
                &quot;status&quot;: &quot;PENDING&quot;
            },
            {
                &quot;time&quot;: &quot;2022-02-18T15:10:35.380Z&quot;,
                &quot;status&quot;: &quot;SEND&quot;
            },
            {
                &quot;time&quot;: &quot;2022-02-18T15:10:35.414Z&quot;,
                &quot;status&quot;: &quot;DELIVERED&quot;
            },
            {
                &quot;time&quot;: &quot;2022-02-18T15:11:42.300Z&quot;,
                &quot;status&quot;: &quot;PENDING&quot;
            },
            {
                &quot;time&quot;: &quot;2022-02-18T15:11:42.322Z&quot;,
                &quot;status&quot;: &quot;SEND&quot;
            },
            {
                &quot;time&quot;: &quot;2022-02-18T15:11:42.359Z&quot;,
                &quot;status&quot;: &quot;DELIVERED&quot;
            },
            {
                &quot;time&quot;: &quot;2022-02-18T15:12:59.572Z&quot;,
                &quot;status&quot;: &quot;PENDING&quot;
            },
            {
                &quot;time&quot;: &quot;2022-02-18T15:12:59.593Z&quot;,
                &quot;status&quot;: &quot;SEND&quot;
            },
            {
                &quot;time&quot;: &quot;2022-02-18T15:12:59.628Z&quot;,
                &quot;status&quot;: &quot;DELIVERED&quot;
            },
            {
                &quot;time&quot;: &quot;2022-02-18T15:14:12.920Z&quot;,
                &quot;status&quot;: &quot;PENDING&quot;
            },
            {
                &quot;time&quot;: &quot;2022-02-18T15:14:12.944Z&quot;,
                &quot;status&quot;: &quot;SEND&quot;
            },
            {
                &quot;time&quot;: &quot;2022-02-18T15:14:12.981Z&quot;,
                &quot;status&quot;: &quot;DELIVERED&quot;
            },
            {
                &quot;time&quot;: &quot;2022-02-18T15:15:26.328Z&quot;,
                &quot;status&quot;: &quot;PENDING&quot;
            },
            {
                &quot;time&quot;: &quot;2022-02-18T15:15:26.352Z&quot;,
                &quot;status&quot;: &quot;SEND&quot;
            },
            {
                &quot;time&quot;: &quot;2022-02-18T15:15:26.390Z&quot;,
                &quot;status&quot;: &quot;DELIVERED&quot;
            },
            {
                &quot;time&quot;: &quot;2022-02-18T15:16:04.923Z&quot;,
                &quot;status&quot;: &quot;PENDING&quot;
            },
            {
                &quot;time&quot;: &quot;2022-02-18T15:16:04.942Z&quot;,
                &quot;status&quot;: &quot;SEND&quot;
            },
            {
                &quot;time&quot;: &quot;2022-02-18T15:16:04.979Z&quot;,
                &quot;status&quot;: &quot;DELIVERED&quot;
            },
            {
                &quot;time&quot;: &quot;2022-02-18T15:16:55.848Z&quot;,
                &quot;status&quot;: &quot;PENDING&quot;
            },
            {
                &quot;time&quot;: &quot;2022-02-18T15:16:55.868Z&quot;,
                &quot;status&quot;: &quot;SEND&quot;
            },
            {
                &quot;time&quot;: &quot;2022-02-18T15:16:55.905Z&quot;,
                &quot;status&quot;: &quot;DELIVERED&quot;
            },
            {
                &quot;time&quot;: &quot;2022-02-18T15:17:46.625Z&quot;,
                &quot;status&quot;: &quot;PENDING&quot;
            },
            {
                &quot;time&quot;: &quot;2022-02-18T15:17:46.652Z&quot;,
                &quot;status&quot;: &quot;SEND&quot;
            },
            {
                &quot;time&quot;: &quot;2022-02-18T15:17:46.687Z&quot;,
                &quot;status&quot;: &quot;DELIVERED&quot;
            },
            {
                &quot;time&quot;: &quot;2022-02-18T15:18:28.019Z&quot;,
                &quot;status&quot;: &quot;PENDING&quot;
            },
            {
                &quot;time&quot;: &quot;2022-02-18T15:18:28.043Z&quot;,
                &quot;status&quot;: &quot;SEND&quot;
            },
            {
                &quot;time&quot;: &quot;2022-02-18T15:18:28.079Z&quot;,
                &quot;status&quot;: &quot;DELIVERED&quot;
            },
            {
                &quot;time&quot;: &quot;2022-02-18T15:20:43.491Z&quot;,
                &quot;status&quot;: &quot;PENDING&quot;
            },
            {
                &quot;time&quot;: &quot;2022-02-18T15:20:43.514Z&quot;,
                &quot;status&quot;: &quot;SEND&quot;
            },
            {
                &quot;time&quot;: &quot;2022-02-18T15:20:43.550Z&quot;,
                &quot;status&quot;: &quot;DELIVERED&quot;
            },
            {
                &quot;time&quot;: &quot;2022-02-18T15:23:08.808Z&quot;,
                &quot;status&quot;: &quot;PENDING&quot;
            },
            {
                &quot;time&quot;: &quot;2022-02-18T15:23:08.831Z&quot;,
                &quot;status&quot;: &quot;SEND&quot;
            },
            {
                &quot;time&quot;: &quot;2022-02-18T15:23:08.869Z&quot;,
                &quot;status&quot;: &quot;DELIVERED&quot;
            },
            {
                &quot;time&quot;: &quot;2022-02-18T15:23:31.763Z&quot;,
                &quot;status&quot;: &quot;PENDING&quot;
            },
            {
                &quot;time&quot;: &quot;2022-02-18T15:23:31.789Z&quot;,
                &quot;status&quot;: &quot;SEND&quot;
            },
            {
                &quot;time&quot;: &quot;2022-02-18T15:23:31.829Z&quot;,
                &quot;status&quot;: &quot;DELIVERED&quot;
            },
            {
                &quot;time&quot;: &quot;2022-02-18T15:23:56.183Z&quot;,
                &quot;status&quot;: &quot;PENDING&quot;
            },
            {
                &quot;time&quot;: &quot;2022-02-18T15:23:56.205Z&quot;,
                &quot;status&quot;: &quot;SEND&quot;
            },
            {
                &quot;time&quot;: &quot;2022-02-18T15:23:56.240Z&quot;,
                &quot;status&quot;: &quot;DELIVERED&quot;
            },
            {
                &quot;time&quot;: &quot;2022-02-18T15:24:19.191Z&quot;,
                &quot;status&quot;: &quot;PENDING&quot;
            },
            {
                &quot;time&quot;: &quot;2022-02-18T15:24:19.214Z&quot;,
                &quot;status&quot;: &quot;SEND&quot;
            },
            {
                &quot;time&quot;: &quot;2022-02-18T15:24:19.249Z&quot;,
                &quot;status&quot;: &quot;DELIVERED&quot;
            },
            {
                &quot;time&quot;: &quot;2022-02-18T15:24:56.124Z&quot;,
                &quot;status&quot;: &quot;PENDING&quot;
            },
            {
                &quot;time&quot;: &quot;2022-02-18T15:24:56.152Z&quot;,
                &quot;status&quot;: &quot;SEND&quot;
            },
            {
                &quot;time&quot;: &quot;2022-02-18T15:24:56.186Z&quot;,
                &quot;status&quot;: &quot;DELIVERED&quot;
            },
            {
                &quot;time&quot;: &quot;2022-02-18T15:25:21.105Z&quot;,
                &quot;status&quot;: &quot;PENDING&quot;
            },
            {
                &quot;time&quot;: &quot;2022-02-18T15:25:21.127Z&quot;,
                &quot;status&quot;: &quot;SEND&quot;
            },
            {
                &quot;time&quot;: &quot;2022-02-18T15:25:21.164Z&quot;,
                &quot;status&quot;: &quot;DELIVERED&quot;
            },
            {
                &quot;time&quot;: &quot;2022-02-18T15:25:45.991Z&quot;,
                &quot;status&quot;: &quot;PENDING&quot;
            },
            {
                &quot;time&quot;: &quot;2022-02-18T15:25:46.015Z&quot;,
                &quot;status&quot;: &quot;SEND&quot;
            },
            {
                &quot;time&quot;: &quot;2022-02-18T15:25:46.050Z&quot;,
                &quot;status&quot;: &quot;DELIVERED&quot;
            },
            {
                &quot;time&quot;: &quot;2022-02-18T15:42:24.600Z&quot;,
                &quot;status&quot;: &quot;PENDING&quot;
            },
            {
                &quot;time&quot;: &quot;2022-02-18T15:42:24.628Z&quot;,
                &quot;status&quot;: &quot;SEND&quot;
            },
            {
                &quot;time&quot;: &quot;2022-02-18T15:42:24.664Z&quot;,
                &quot;status&quot;: &quot;DELIVERED&quot;
            },
            {
                &quot;time&quot;: &quot;2022-02-18T15:45:04.233Z&quot;,
                &quot;status&quot;: &quot;PENDING&quot;
            },
            {
                &quot;time&quot;: &quot;2022-02-18T15:45:04.267Z&quot;,
                &quot;status&quot;: &quot;SEND&quot;
            },
            {
                &quot;time&quot;: &quot;2022-02-18T15:45:04.303Z&quot;,
                &quot;status&quot;: &quot;DELIVERED&quot;
            },
            {
                &quot;time&quot;: &quot;2022-02-18T15:45:26.812Z&quot;,
                &quot;status&quot;: &quot;PENDING&quot;
            },
            {
                &quot;time&quot;: &quot;2022-02-18T15:45:26.839Z&quot;,
                &quot;status&quot;: &quot;SEND&quot;
            },
            {
                &quot;time&quot;: &quot;2022-02-18T15:45:26.882Z&quot;,
                &quot;status&quot;: &quot;DELIVERED&quot;
            },
            {
                &quot;time&quot;: &quot;2022-02-18T15:48:05.017Z&quot;,
                &quot;status&quot;: &quot;PENDING&quot;
            },
            {
                &quot;time&quot;: &quot;2022-02-18T15:48:05.047Z&quot;,
                &quot;status&quot;: &quot;SEND&quot;
            }
        ],
        &quot;status&quot;: &quot;DELIVERED&quot;
    },
    &quot;creationTime&quot;: &quot;2022-02-18T15:10:35.358Z&quot;,
    &quot;deviceId&quot;: &quot;14382422&quot;,
    &quot;deviceName&quot;: &quot;mythic_beasts_pi_all_jobs_sag&quot;,
    &quot;self&quot;: &quot;https://t493319102.eu-latest.cumulocity.com/devicecontrol/operations/14382430&quot;,
    &quot;id&quot;: &quot;14382430&quot;,
    &quot;status&quot;: &quot;PENDING&quot;,
    &quot;c8y_LogfileRequest&quot;: {
        &quot;searchText&quot;: &quot;&quot;,
        &quot;logFile&quot;: &quot;software-management&quot;,
        &quot;dateTo&quot;: &quot;2021-11-21T18:55:49+0530&quot;,
        &quot;dateFrom&quot;: &quot;2021-11-15T18:55:49+0530&quot;,
        &quot;maximumLines&quot;: 300
    },
    &quot;description&quot;: &quot;Log file request&quot;
}
15:48:33 DEBUG Final URL of the request: https://thin-edge-io.eu-latest.cumulocity.com/devicecontrol/operations?deviceId=14382422&amp;pageSize=1&amp;revert=true&amp;dateFrom=1970-01-01T00%3A00%3A00.000Z
15:48:33 INFO  State of current operation: PENDING
15:48:33 DEBUG Final URL of the request: https://thin-edge-io.eu-latest.cumulocity.com/devicecontrol/operations?deviceId=14382422&amp;pageSize=1&amp;revert=true&amp;dateFrom=1970-01-01T00%3A00%3A00.000Z
15:48:33 DEBUG State of current operation: {
    &quot;delivery&quot;: {
        &quot;time&quot;: &quot;2022-02-18T15:48:05.094Z&quot;,
        &quot;log&quot;: [
            {
                &quot;time&quot;: &quot;2022-02-18T15:10:35.371Z&quot;,
                &quot;status&quot;: &quot;PENDING&quot;
            },
            {
                &quot;time&quot;: &quot;2022-02-18T15:10:35.380Z&quot;,
                &quot;status&quot;: &quot;SEND&quot;
            },
            {
                &quot;time&quot;: &quot;2022-02-18T15:10:35.414Z&quot;,
                &quot;status&quot;: &quot;DELIVERED&quot;
            },
            {
                &quot;time&quot;: &quot;2022-02-18T15:11:42.300Z&quot;,
                &quot;status&quot;: &quot;PENDING&quot;
            },
            {
                &quot;time&quot;: &quot;2022-02-18T15:11:42.322Z&quot;,
                &quot;status&quot;: &quot;SEND&quot;
            },
            {
                &quot;time&quot;: &quot;2022-02-18T15:11:42.359Z&quot;,
                &quot;status&quot;: &quot;DELIVERED&quot;
            },
            {
                &quot;time&quot;: &quot;2022-02-18T15:12:59.572Z&quot;,
                &quot;status&quot;: &quot;PENDING&quot;
            },
            {
                &quot;time&quot;: &quot;2022-02-18T15:12:59.593Z&quot;,
                &quot;status&quot;: &quot;SEND&quot;
            },
            {
                &quot;time&quot;: &quot;2022-02-18T15:12:59.628Z&quot;,
                &quot;status&quot;: &quot;DELIVERED&quot;
            },
            {
                &quot;time&quot;: &quot;2022-02-18T15:14:12.920Z&quot;,
                &quot;status&quot;: &quot;PENDING&quot;
            },
            {
                &quot;time&quot;: &quot;2022-02-18T15:14:12.944Z&quot;,
                &quot;status&quot;: &quot;SEND&quot;
            },
            {
                &quot;time&quot;: &quot;2022-02-18T15:14:12.981Z&quot;,
                &quot;status&quot;: &quot;DELIVERED&quot;
            },
            {
                &quot;time&quot;: &quot;2022-02-18T15:15:26.328Z&quot;,
                &quot;status&quot;: &quot;PENDING&quot;
            },
            {
                &quot;time&quot;: &quot;2022-02-18T15:15:26.352Z&quot;,
                &quot;status&quot;: &quot;SEND&quot;
            },
            {
                &quot;time&quot;: &quot;2022-02-18T15:15:26.390Z&quot;,
                &quot;status&quot;: &quot;DELIVERED&quot;
            },
            {
                &quot;time&quot;: &quot;2022-02-18T15:16:04.923Z&quot;,
                &quot;status&quot;: &quot;PENDING&quot;
            },
            {
                &quot;time&quot;: &quot;2022-02-18T15:16:04.942Z&quot;,
                &quot;status&quot;: &quot;SEND&quot;
            },
            {
                &quot;time&quot;: &quot;2022-02-18T15:16:04.979Z&quot;,
                &quot;status&quot;: &quot;DELIVERED&quot;
            },
            {
                &quot;time&quot;: &quot;2022-02-18T15:16:55.848Z&quot;,
                &quot;status&quot;: &quot;PENDING&quot;
            },
            {
                &quot;time&quot;: &quot;2022-02-18T15:16:55.868Z&quot;,
                &quot;status&quot;: &quot;SEND&quot;
            },
            {
                &quot;time&quot;: &quot;2022-02-18T15:16:55.905Z&quot;,
                &quot;status&quot;: &quot;DELIVERED&quot;
            },
            {
                &quot;time&quot;: &quot;2022-02-18T15:17:46.625Z&quot;,
                &quot;status&quot;: &quot;PENDING&quot;
            },
            {
                &quot;time&quot;: &quot;2022-02-18T15:17:46.652Z&quot;,
                &quot;status&quot;: &quot;SEND&quot;
            },
            {
                &quot;time&quot;: &quot;2022-02-18T15:17:46.687Z&quot;,
                &quot;status&quot;: &quot;DELIVERED&quot;
            },
            {
                &quot;time&quot;: &quot;2022-02-18T15:18:28.019Z&quot;,
                &quot;status&quot;: &quot;PENDING&quot;
            },
            {
                &quot;time&quot;: &quot;2022-02-18T15:18:28.043Z&quot;,
                &quot;status&quot;: &quot;SEND&quot;
            },
            {
                &quot;time&quot;: &quot;2022-02-18T15:18:28.079Z&quot;,
                &quot;status&quot;: &quot;DELIVERED&quot;
            },
            {
                &quot;time&quot;: &quot;2022-02-18T15:20:43.491Z&quot;,
                &quot;status&quot;: &quot;PENDING&quot;
            },
            {
                &quot;time&quot;: &quot;2022-02-18T15:20:43.514Z&quot;,
                &quot;status&quot;: &quot;SEND&quot;
            },
            {
                &quot;time&quot;: &quot;2022-02-18T15:20:43.550Z&quot;,
                &quot;status&quot;: &quot;DELIVERED&quot;
            },
            {
                &quot;time&quot;: &quot;2022-02-18T15:23:08.808Z&quot;,
                &quot;status&quot;: &quot;PENDING&quot;
            },
            {
                &quot;time&quot;: &quot;2022-02-18T15:23:08.831Z&quot;,
                &quot;status&quot;: &quot;SEND&quot;
            },
            {
                &quot;time&quot;: &quot;2022-02-18T15:23:08.869Z&quot;,
                &quot;status&quot;: &quot;DELIVERED&quot;
            },
            {
                &quot;time&quot;: &quot;2022-02-18T15:23:31.763Z&quot;,
                &quot;status&quot;: &quot;PENDING&quot;
            },
            {
                &quot;time&quot;: &quot;2022-02-18T15:23:31.789Z&quot;,
                &quot;status&quot;: &quot;SEND&quot;
            },
            {
                &quot;time&quot;: &quot;2022-02-18T15:23:31.829Z&quot;,
                &quot;status&quot;: &quot;DELIVERED&quot;
            },
            {
                &quot;time&quot;: &quot;2022-02-18T15:23:56.183Z&quot;,
                &quot;status&quot;: &quot;PENDING&quot;
            },
            {
                &quot;time&quot;: &quot;2022-02-18T15:23:56.205Z&quot;,
                &quot;status&quot;: &quot;SEND&quot;
            },
            {
                &quot;time&quot;: &quot;2022-02-18T15:23:56.240Z&quot;,
                &quot;status&quot;: &quot;DELIVERED&quot;
            },
            {
                &quot;time&quot;: &quot;2022-02-18T15:24:19.191Z&quot;,
                &quot;status&quot;: &quot;PENDING&quot;
            },
            {
                &quot;time&quot;: &quot;2022-02-18T15:24:19.214Z&quot;,
                &quot;status&quot;: &quot;SEND&quot;
            },
            {
                &quot;time&quot;: &quot;2022-02-18T15:24:19.249Z&quot;,
                &quot;status&quot;: &quot;DELIVERED&quot;
            },
            {
                &quot;time&quot;: &quot;2022-02-18T15:24:56.124Z&quot;,
                &quot;status&quot;: &quot;PENDING&quot;
            },
            {
                &quot;time&quot;: &quot;2022-02-18T15:24:56.152Z&quot;,
                &quot;status&quot;: &quot;SEND&quot;
            },
            {
                &quot;time&quot;: &quot;2022-02-18T15:24:56.186Z&quot;,
                &quot;status&quot;: &quot;DELIVERED&quot;
            },
            {
                &quot;time&quot;: &quot;2022-02-18T15:25:21.105Z&quot;,
                &quot;status&quot;: &quot;PENDING&quot;
            },
            {
                &quot;time&quot;: &quot;2022-02-18T15:25:21.127Z&quot;,
                &quot;status&quot;: &quot;SEND&quot;
            },
            {
                &quot;time&quot;: &quot;2022-02-18T15:25:21.164Z&quot;,
                &quot;status&quot;: &quot;DELIVERED&quot;
            },
            {
                &quot;time&quot;: &quot;2022-02-18T15:25:45.991Z&quot;,
                &quot;status&quot;: &quot;PENDING&quot;
            },
            {
                &quot;time&quot;: &quot;2022-02-18T15:25:46.015Z&quot;,
                &quot;status&quot;: &quot;SEND&quot;
            },
            {
                &quot;time&quot;: &quot;2022-02-18T15:25:46.050Z&quot;,
                &quot;status&quot;: &quot;DELIVERED&quot;
            },
            {
                &quot;time&quot;: &quot;2022-02-18T15:42:24.600Z&quot;,
                &quot;status&quot;: &quot;PENDING&quot;
            },
            {
                &quot;time&quot;: &quot;2022-02-18T15:42:24.628Z&quot;,
                &quot;status&quot;: &quot;SEND&quot;
            },
            {
                &quot;time&quot;: &quot;2022-02-18T15:42:24.664Z&quot;,
                &quot;status&quot;: &quot;DELIVERED&quot;
            },
            {
                &quot;time&quot;: &quot;2022-02-18T15:45:04.233Z&quot;,
                &quot;status&quot;: &quot;PENDING&quot;
            },
            {
                &quot;time&quot;: &quot;2022-02-18T15:45:04.267Z&quot;,
                &quot;status&quot;: &quot;SEND&quot;
            },
            {
                &quot;time&quot;: &quot;2022-02-18T15:45:04.303Z&quot;,
                &quot;status&quot;: &quot;DELIVERED&quot;
            },
            {
                &quot;time&quot;: &quot;2022-02-18T15:45:26.812Z&quot;,
                &quot;status&quot;: &quot;PENDING&quot;
            },
            {
                &quot;time&quot;: &quot;2022-02-18T15:45:26.839Z&quot;,
                &quot;status&quot;: &quot;SEND&quot;
            },
            {
                &quot;time&quot;: &quot;2022-02-18T15:45:26.882Z&quot;,
                &quot;status&quot;: &quot;DELIVERED&quot;
            },
            {
                &quot;time&quot;: &quot;2022-02-18T15:48:05.017Z&quot;,
                &quot;status&quot;: &quot;PENDING&quot;
            },
            {
                &quot;time&quot;: &quot;2022-02-18T15:48:05.047Z&quot;,
                &quot;status&quot;: &quot;SEND&quot;
            }
        ],
        &quot;status&quot;: &quot;DELIVERED&quot;
    },
    &quot;creationTime&quot;: &quot;2022-02-18T15:10:35.358Z&quot;,
    &quot;deviceId&quot;: &quot;14382422&quot;,
    &quot;deviceName&quot;: &quot;mythic_beasts_pi_all_jobs_sag&quot;,
    &quot;self&quot;: &quot;https://t493319102.eu-latest.cumulocity.com/devicecontrol/operations/14382430&quot;,
    &quot;id&quot;: &quot;14382430&quot;,
    &quot;status&quot;: &quot;PENDING&quot;,
    &quot;c8y_LogfileRequest&quot;: {
        &quot;searchText&quot;: &quot;&quot;,
        &quot;logFile&quot;: &quot;software-management&quot;,
        &quot;dateTo&quot;: &quot;2021-11-21T18:55:49+0530&quot;,
        &quot;dateFrom&quot;: &quot;2021-11-15T18:55:49+0530&quot;,
        &quot;maximumLines&quot;: 300
    },
    &quot;description&quot;: &quot;Log file request&quot;
}
15:48:35 DEBUG Final URL of the request: https://thin-edge-io.eu-latest.cumulocity.com/devicecontrol/operations?deviceId=14382422&amp;pageSize=1&amp;revert=true&amp;dateFrom=1970-01-01T00%3A00%3A00.000Z
15:48:35 INFO  State of current operation: PENDING
15:48:35 DEBUG Final URL of the request: https://thin-edge-io.eu-latest.cumulocity.com/devicecontrol/operations?deviceId=14382422&amp;pageSize=1&amp;revert=true&amp;dateFrom=1970-01-01T00%3A00%3A00.000Z
15:48:35 DEBUG State of current operation: {
    &quot;delivery&quot;: {
        &quot;time&quot;: &quot;2022-02-18T15:48:05.094Z&quot;,
        &quot;log&quot;: [
            {
                &quot;time&quot;: &quot;2022-02-18T15:10:35.371Z&quot;,
                &quot;status&quot;: &quot;PENDING&quot;
            },
            {
                &quot;time&quot;: &quot;2022-02-18T15:10:35.380Z&quot;,
                &quot;status&quot;: &quot;SEND&quot;
            },
            {
                &quot;time&quot;: &quot;2022-02-18T15:10:35.414Z&quot;,
                &quot;status&quot;: &quot;DELIVERED&quot;
            },
            {
                &quot;time&quot;: &quot;2022-02-18T15:11:42.300Z&quot;,
                &quot;status&quot;: &quot;PENDING&quot;
            },
            {
                &quot;time&quot;: &quot;2022-02-18T15:11:42.322Z&quot;,
                &quot;status&quot;: &quot;SEND&quot;
            },
            {
                &quot;time&quot;: &quot;2022-02-18T15:11:42.359Z&quot;,
                &quot;status&quot;: &quot;DELIVERED&quot;
            },
            {
                &quot;time&quot;: &quot;2022-02-18T15:12:59.572Z&quot;,
                &quot;status&quot;: &quot;PENDING&quot;
            },
            {
                &quot;time&quot;: &quot;2022-02-18T15:12:59.593Z&quot;,
                &quot;status&quot;: &quot;SEND&quot;
            },
            {
                &quot;time&quot;: &quot;2022-02-18T15:12:59.628Z&quot;,
                &quot;status&quot;: &quot;DELIVERED&quot;
            },
            {
                &quot;time&quot;: &quot;2022-02-18T15:14:12.920Z&quot;,
                &quot;status&quot;: &quot;PENDING&quot;
            },
            {
                &quot;time&quot;: &quot;2022-02-18T15:14:12.944Z&quot;,
                &quot;status&quot;: &quot;SEND&quot;
            },
            {
                &quot;time&quot;: &quot;2022-02-18T15:14:12.981Z&quot;,
                &quot;status&quot;: &quot;DELIVERED&quot;
            },
            {
                &quot;time&quot;: &quot;2022-02-18T15:15:26.328Z&quot;,
                &quot;status&quot;: &quot;PENDING&quot;
            },
            {
                &quot;time&quot;: &quot;2022-02-18T15:15:26.352Z&quot;,
                &quot;status&quot;: &quot;SEND&quot;
            },
            {
                &quot;time&quot;: &quot;2022-02-18T15:15:26.390Z&quot;,
                &quot;status&quot;: &quot;DELIVERED&quot;
            },
            {
                &quot;time&quot;: &quot;2022-02-18T15:16:04.923Z&quot;,
                &quot;status&quot;: &quot;PENDING&quot;
            },
            {
                &quot;time&quot;: &quot;2022-02-18T15:16:04.942Z&quot;,
                &quot;status&quot;: &quot;SEND&quot;
            },
            {
                &quot;time&quot;: &quot;2022-02-18T15:16:04.979Z&quot;,
                &quot;status&quot;: &quot;DELIVERED&quot;
            },
            {
                &quot;time&quot;: &quot;2022-02-18T15:16:55.848Z&quot;,
                &quot;status&quot;: &quot;PENDING&quot;
            },
            {
                &quot;time&quot;: &quot;2022-02-18T15:16:55.868Z&quot;,
                &quot;status&quot;: &quot;SEND&quot;
            },
            {
                &quot;time&quot;: &quot;2022-02-18T15:16:55.905Z&quot;,
                &quot;status&quot;: &quot;DELIVERED&quot;
            },
            {
                &quot;time&quot;: &quot;2022-02-18T15:17:46.625Z&quot;,
                &quot;status&quot;: &quot;PENDING&quot;
            },
            {
                &quot;time&quot;: &quot;2022-02-18T15:17:46.652Z&quot;,
                &quot;status&quot;: &quot;SEND&quot;
            },
            {
                &quot;time&quot;: &quot;2022-02-18T15:17:46.687Z&quot;,
                &quot;status&quot;: &quot;DELIVERED&quot;
            },
            {
                &quot;time&quot;: &quot;2022-02-18T15:18:28.019Z&quot;,
                &quot;status&quot;: &quot;PENDING&quot;
            },
            {
                &quot;time&quot;: &quot;2022-02-18T15:18:28.043Z&quot;,
                &quot;status&quot;: &quot;SEND&quot;
            },
            {
                &quot;time&quot;: &quot;2022-02-18T15:18:28.079Z&quot;,
                &quot;status&quot;: &quot;DELIVERED&quot;
            },
            {
                &quot;time&quot;: &quot;2022-02-18T15:20:43.491Z&quot;,
                &quot;status&quot;: &quot;PENDING&quot;
            },
            {
                &quot;time&quot;: &quot;2022-02-18T15:20:43.514Z&quot;,
                &quot;status&quot;: &quot;SEND&quot;
            },
            {
                &quot;time&quot;: &quot;2022-02-18T15:20:43.550Z&quot;,
                &quot;status&quot;: &quot;DELIVERED&quot;
            },
            {
                &quot;time&quot;: &quot;2022-02-18T15:23:08.808Z&quot;,
                &quot;status&quot;: &quot;PENDING&quot;
            },
            {
                &quot;time&quot;: &quot;2022-02-18T15:23:08.831Z&quot;,
                &quot;status&quot;: &quot;SEND&quot;
            },
            {
                &quot;time&quot;: &quot;2022-02-18T15:23:08.869Z&quot;,
                &quot;status&quot;: &quot;DELIVERED&quot;
            },
            {
                &quot;time&quot;: &quot;2022-02-18T15:23:31.763Z&quot;,
                &quot;status&quot;: &quot;PENDING&quot;
            },
            {
                &quot;time&quot;: &quot;2022-02-18T15:23:31.789Z&quot;,
                &quot;status&quot;: &quot;SEND&quot;
            },
            {
                &quot;time&quot;: &quot;2022-02-18T15:23:31.829Z&quot;,
                &quot;status&quot;: &quot;DELIVERED&quot;
            },
            {
                &quot;time&quot;: &quot;2022-02-18T15:23:56.183Z&quot;,
                &quot;status&quot;: &quot;PENDING&quot;
            },
            {
                &quot;time&quot;: &quot;2022-02-18T15:23:56.205Z&quot;,
                &quot;status&quot;: &quot;SEND&quot;
            },
            {
                &quot;time&quot;: &quot;2022-02-18T15:23:56.240Z&quot;,
                &quot;status&quot;: &quot;DELIVERED&quot;
            },
            {
                &quot;time&quot;: &quot;2022-02-18T15:24:19.191Z&quot;,
                &quot;status&quot;: &quot;PENDING&quot;
            },
            {
                &quot;time&quot;: &quot;2022-02-18T15:24:19.214Z&quot;,
                &quot;status&quot;: &quot;SEND&quot;
            },
            {
                &quot;time&quot;: &quot;2022-02-18T15:24:19.249Z&quot;,
                &quot;status&quot;: &quot;DELIVERED&quot;
            },
            {
                &quot;time&quot;: &quot;2022-02-18T15:24:56.124Z&quot;,
                &quot;status&quot;: &quot;PENDING&quot;
            },
            {
                &quot;time&quot;: &quot;2022-02-18T15:24:56.152Z&quot;,
                &quot;status&quot;: &quot;SEND&quot;
            },
            {
                &quot;time&quot;: &quot;2022-02-18T15:24:56.186Z&quot;,
                &quot;status&quot;: &quot;DELIVERED&quot;
            },
            {
                &quot;time&quot;: &quot;2022-02-18T15:25:21.105Z&quot;,
                &quot;status&quot;: &quot;PENDING&quot;
            },
            {
                &quot;time&quot;: &quot;2022-02-18T15:25:21.127Z&quot;,
                &quot;status&quot;: &quot;SEND&quot;
            },
            {
                &quot;time&quot;: &quot;2022-02-18T15:25:21.164Z&quot;,
                &quot;status&quot;: &quot;DELIVERED&quot;
            },
            {
                &quot;time&quot;: &quot;2022-02-18T15:25:45.991Z&quot;,
                &quot;status&quot;: &quot;PENDING&quot;
            },
            {
                &quot;time&quot;: &quot;2022-02-18T15:25:46.015Z&quot;,
                &quot;status&quot;: &quot;SEND&quot;
            },
            {
                &quot;time&quot;: &quot;2022-02-18T15:25:46.050Z&quot;,
                &quot;status&quot;: &quot;DELIVERED&quot;
            },
            {
                &quot;time&quot;: &quot;2022-02-18T15:42:24.600Z&quot;,
                &quot;status&quot;: &quot;PENDING&quot;
            },
            {
                &quot;time&quot;: &quot;2022-02-18T15:42:24.628Z&quot;,
                &quot;status&quot;: &quot;SEND&quot;
            },
            {
                &quot;time&quot;: &quot;2022-02-18T15:42:24.664Z&quot;,
                &quot;status&quot;: &quot;DELIVERED&quot;
            },
            {
                &quot;time&quot;: &quot;2022-02-18T15:45:04.233Z&quot;,
                &quot;status&quot;: &quot;PENDING&quot;
            },
            {
                &quot;time&quot;: &quot;2022-02-18T15:45:04.267Z&quot;,
                &quot;status&quot;: &quot;SEND&quot;
            },
            {
                &quot;time&quot;: &quot;2022-02-18T15:45:04.303Z&quot;,
                &quot;status&quot;: &quot;DELIVERED&quot;
            },
            {
                &quot;time&quot;: &quot;2022-02-18T15:45:26.812Z&quot;,
                &quot;status&quot;: &quot;PENDING&quot;
            },
            {
                &quot;time&quot;: &quot;2022-02-18T15:45:26.839Z&quot;,
                &quot;status&quot;: &quot;SEND&quot;
            },
            {
                &quot;time&quot;: &quot;2022-02-18T15:45:26.882Z&quot;,
                &quot;status&quot;: &quot;DELIVERED&quot;
            },
            {
                &quot;time&quot;: &quot;2022-02-18T15:48:05.017Z&quot;,
                &quot;status&quot;: &quot;PENDING&quot;
            },
            {
                &quot;time&quot;: &quot;2022-02-18T15:48:05.047Z&quot;,
                &quot;status&quot;: &quot;SEND&quot;
            }
        ],
        &quot;status&quot;: &quot;DELIVERED&quot;
    },
    &quot;creationTime&quot;: &quot;2022-02-18T15:10:35.358Z&quot;,
    &quot;deviceId&quot;: &quot;14382422&quot;,
    &quot;deviceName&quot;: &quot;mythic_beasts_pi_all_jobs_sag&quot;,
    &quot;self&quot;: &quot;https://t493319102.eu-latest.cumulocity.com/devicecontrol/operations/14382430&quot;,
    &quot;id&quot;: &quot;14382430&quot;,
    &quot;status&quot;: &quot;PENDING&quot;,
    &quot;c8y_LogfileRequest&quot;: {
        &quot;searchText&quot;: &quot;&quot;,
        &quot;logFile&quot;: &quot;software-management&quot;,
        &quot;dateTo&quot;: &quot;2021-11-21T18:55:49+0530&quot;,
        &quot;dateFrom&quot;: &quot;2021-11-15T18:55:49+0530&quot;,
        &quot;maximumLines&quot;: 300
    },
    &quot;description&quot;: &quot;Log file request&quot;
}
15:48:37 DEBUG Final URL of the request: https://thin-edge-io.eu-latest.cumulocity.com/devicecontrol/operations?deviceId=14382422&amp;pageSize=1&amp;revert=true&amp;dateFrom=1970-01-01T00%3A00%3A00.000Z
15:48:37 INFO  State of current operation: PENDING
15:48:37 DEBUG Final URL of the request: https://thin-edge-io.eu-latest.cumulocity.com/devicecontrol/operations?deviceId=14382422&amp;pageSize=1&amp;revert=true&amp;dateFrom=1970-01-01T00%3A00%3A00.000Z
15:48:37 DEBUG State of current operation: {
    &quot;delivery&quot;: {
        &quot;time&quot;: &quot;2022-02-18T15:48:05.094Z&quot;,
        &quot;log&quot;: [
            {
                &quot;time&quot;: &quot;2022-02-18T15:10:35.371Z&quot;,
                &quot;status&quot;: &quot;PENDING&quot;
            },
            {
                &quot;time&quot;: &quot;2022-02-18T15:10:35.380Z&quot;,
                &quot;status&quot;: &quot;SEND&quot;
            },
            {
                &quot;time&quot;: &quot;2022-02-18T15:10:35.414Z&quot;,
                &quot;status&quot;: &quot;DELIVERED&quot;
            },
            {
                &quot;time&quot;: &quot;2022-02-18T15:11:42.300Z&quot;,
                &quot;status&quot;: &quot;PENDING&quot;
            },
            {
                &quot;time&quot;: &quot;2022-02-18T15:11:42.322Z&quot;,
                &quot;status&quot;: &quot;SEND&quot;
            },
            {
                &quot;time&quot;: &quot;2022-02-18T15:11:42.359Z&quot;,
                &quot;status&quot;: &quot;DELIVERED&quot;
            },
            {
                &quot;time&quot;: &quot;2022-02-18T15:12:59.572Z&quot;,
                &quot;status&quot;: &quot;PENDING&quot;
            },
            {
                &quot;time&quot;: &quot;2022-02-18T15:12:59.593Z&quot;,
                &quot;status&quot;: &quot;SEND&quot;
            },
            {
                &quot;time&quot;: &quot;2022-02-18T15:12:59.628Z&quot;,
                &quot;status&quot;: &quot;DELIVERED&quot;
            },
            {
                &quot;time&quot;: &quot;2022-02-18T15:14:12.920Z&quot;,
                &quot;status&quot;: &quot;PENDING&quot;
            },
            {
                &quot;time&quot;: &quot;2022-02-18T15:14:12.944Z&quot;,
                &quot;status&quot;: &quot;SEND&quot;
            },
            {
                &quot;time&quot;: &quot;2022-02-18T15:14:12.981Z&quot;,
                &quot;status&quot;: &quot;DELIVERED&quot;
            },
            {
                &quot;time&quot;: &quot;2022-02-18T15:15:26.328Z&quot;,
                &quot;status&quot;: &quot;PENDING&quot;
            },
            {
                &quot;time&quot;: &quot;2022-02-18T15:15:26.352Z&quot;,
                &quot;status&quot;: &quot;SEND&quot;
            },
            {
                &quot;time&quot;: &quot;2022-02-18T15:15:26.390Z&quot;,
                &quot;status&quot;: &quot;DELIVERED&quot;
            },
            {
                &quot;time&quot;: &quot;2022-02-18T15:16:04.923Z&quot;,
                &quot;status&quot;: &quot;PENDING&quot;
            },
            {
                &quot;time&quot;: &quot;2022-02-18T15:16:04.942Z&quot;,
                &quot;status&quot;: &quot;SEND&quot;
            },
            {
                &quot;time&quot;: &quot;2022-02-18T15:16:04.979Z&quot;,
                &quot;status&quot;: &quot;DELIVERED&quot;
            },
            {
                &quot;time&quot;: &quot;2022-02-18T15:16:55.848Z&quot;,
                &quot;status&quot;: &quot;PENDING&quot;
            },
            {
                &quot;time&quot;: &quot;2022-02-18T15:16:55.868Z&quot;,
                &quot;status&quot;: &quot;SEND&quot;
            },
            {
                &quot;time&quot;: &quot;2022-02-18T15:16:55.905Z&quot;,
                &quot;status&quot;: &quot;DELIVERED&quot;
            },
            {
                &quot;time&quot;: &quot;2022-02-18T15:17:46.625Z&quot;,
                &quot;status&quot;: &quot;PENDING&quot;
            },
            {
                &quot;time&quot;: &quot;2022-02-18T15:17:46.652Z&quot;,
                &quot;status&quot;: &quot;SEND&quot;
            },
            {
                &quot;time&quot;: &quot;2022-02-18T15:17:46.687Z&quot;,
                &quot;status&quot;: &quot;DELIVERED&quot;
            },
            {
                &quot;time&quot;: &quot;2022-02-18T15:18:28.019Z&quot;,
                &quot;status&quot;: &quot;PENDING&quot;
            },
            {
                &quot;time&quot;: &quot;2022-02-18T15:18:28.043Z&quot;,
                &quot;status&quot;: &quot;SEND&quot;
            },
            {
                &quot;time&quot;: &quot;2022-02-18T15:18:28.079Z&quot;,
                &quot;status&quot;: &quot;DELIVERED&quot;
            },
            {
                &quot;time&quot;: &quot;2022-02-18T15:20:43.491Z&quot;,
                &quot;status&quot;: &quot;PENDING&quot;
            },
            {
                &quot;time&quot;: &quot;2022-02-18T15:20:43.514Z&quot;,
                &quot;status&quot;: &quot;SEND&quot;
            },
            {
                &quot;time&quot;: &quot;2022-02-18T15:20:43.550Z&quot;,
                &quot;status&quot;: &quot;DELIVERED&quot;
            },
            {
                &quot;time&quot;: &quot;2022-02-18T15:23:08.808Z&quot;,
                &quot;status&quot;: &quot;PENDING&quot;
            },
            {
                &quot;time&quot;: &quot;2022-02-18T15:23:08.831Z&quot;,
                &quot;status&quot;: &quot;SEND&quot;
            },
            {
                &quot;time&quot;: &quot;2022-02-18T15:23:08.869Z&quot;,
                &quot;status&quot;: &quot;DELIVERED&quot;
            },
            {
                &quot;time&quot;: &quot;2022-02-18T15:23:31.763Z&quot;,
                &quot;status&quot;: &quot;PENDING&quot;
            },
            {
                &quot;time&quot;: &quot;2022-02-18T15:23:31.789Z&quot;,
                &quot;status&quot;: &quot;SEND&quot;
            },
            {
                &quot;time&quot;: &quot;2022-02-18T15:23:31.829Z&quot;,
                &quot;status&quot;: &quot;DELIVERED&quot;
            },
            {
                &quot;time&quot;: &quot;2022-02-18T15:23:56.183Z&quot;,
                &quot;status&quot;: &quot;PENDING&quot;
            },
            {
                &quot;time&quot;: &quot;2022-02-18T15:23:56.205Z&quot;,
                &quot;status&quot;: &quot;SEND&quot;
            },
            {
                &quot;time&quot;: &quot;2022-02-18T15:23:56.240Z&quot;,
                &quot;status&quot;: &quot;DELIVERED&quot;
            },
            {
                &quot;time&quot;: &quot;2022-02-18T15:24:19.191Z&quot;,
                &quot;status&quot;: &quot;PENDING&quot;
            },
            {
                &quot;time&quot;: &quot;2022-02-18T15:24:19.214Z&quot;,
                &quot;status&quot;: &quot;SEND&quot;
            },
            {
                &quot;time&quot;: &quot;2022-02-18T15:24:19.249Z&quot;,
                &quot;status&quot;: &quot;DELIVERED&quot;
            },
            {
                &quot;time&quot;: &quot;2022-02-18T15:24:56.124Z&quot;,
                &quot;status&quot;: &quot;PENDING&quot;
            },
            {
                &quot;time&quot;: &quot;2022-02-18T15:24:56.152Z&quot;,
                &quot;status&quot;: &quot;SEND&quot;
            },
            {
                &quot;time&quot;: &quot;2022-02-18T15:24:56.186Z&quot;,
                &quot;status&quot;: &quot;DELIVERED&quot;
            },
            {
                &quot;time&quot;: &quot;2022-02-18T15:25:21.105Z&quot;,
                &quot;status&quot;: &quot;PENDING&quot;
            },
            {
                &quot;time&quot;: &quot;2022-02-18T15:25:21.127Z&quot;,
                &quot;status&quot;: &quot;SEND&quot;
            },
            {
                &quot;time&quot;: &quot;2022-02-18T15:25:21.164Z&quot;,
                &quot;status&quot;: &quot;DELIVERED&quot;
            },
            {
                &quot;time&quot;: &quot;2022-02-18T15:25:45.991Z&quot;,
                &quot;status&quot;: &quot;PENDING&quot;
            },
            {
                &quot;time&quot;: &quot;2022-02-18T15:25:46.015Z&quot;,
                &quot;status&quot;: &quot;SEND&quot;
            },
            {
                &quot;time&quot;: &quot;2022-02-18T15:25:46.050Z&quot;,
                &quot;status&quot;: &quot;DELIVERED&quot;
            },
            {
                &quot;time&quot;: &quot;2022-02-18T15:42:24.600Z&quot;,
                &quot;status&quot;: &quot;PENDING&quot;
            },
            {
                &quot;time&quot;: &quot;2022-02-18T15:42:24.628Z&quot;,
                &quot;status&quot;: &quot;SEND&quot;
            },
            {
                &quot;time&quot;: &quot;2022-02-18T15:42:24.664Z&quot;,
                &quot;status&quot;: &quot;DELIVERED&quot;
            },
            {
                &quot;time&quot;: &quot;2022-02-18T15:45:04.233Z&quot;,
                &quot;status&quot;: &quot;PENDING&quot;
            },
            {
                &quot;time&quot;: &quot;2022-02-18T15:45:04.267Z&quot;,
                &quot;status&quot;: &quot;SEND&quot;
            },
            {
                &quot;time&quot;: &quot;2022-02-18T15:45:04.303Z&quot;,
                &quot;status&quot;: &quot;DELIVERED&quot;
            },
            {
                &quot;time&quot;: &quot;2022-02-18T15:45:26.812Z&quot;,
                &quot;status&quot;: &quot;PENDING&quot;
            },
            {
                &quot;time&quot;: &quot;2022-02-18T15:45:26.839Z&quot;,
                &quot;status&quot;: &quot;SEND&quot;
            },
            {
                &quot;time&quot;: &quot;2022-02-18T15:45:26.882Z&quot;,
                &quot;status&quot;: &quot;DELIVERED&quot;
            },
            {
                &quot;time&quot;: &quot;2022-02-18T15:48:05.017Z&quot;,
                &quot;status&quot;: &quot;PENDING&quot;
            },
            {
                &quot;time&quot;: &quot;2022-02-18T15:48:05.047Z&quot;,
                &quot;status&quot;: &quot;SEND&quot;
            }
        ],
        &quot;status&quot;: &quot;DELIVERED&quot;
    },
    &quot;creationTime&quot;: &quot;2022-02-18T15:10:35.358Z&quot;,
    &quot;deviceId&quot;: &quot;14382422&quot;,
    &quot;deviceName&quot;: &quot;mythic_beasts_pi_all_jobs_sag&quot;,
    &quot;self&quot;: &quot;https://t493319102.eu-latest.cumulocity.com/devicecontrol/operations/14382430&quot;,
    &quot;id&quot;: &quot;14382430&quot;,
    &quot;status&quot;: &quot;PENDING&quot;,
    &quot;c8y_LogfileRequest&quot;: {
        &quot;searchText&quot;: &quot;&quot;,
        &quot;logFile&quot;: &quot;software-management&quot;,
        &quot;dateTo&quot;: &quot;2021-11-21T18:55:49+0530&quot;,
        &quot;dateFrom&quot;: &quot;2021-11-15T18:55:49+0530&quot;,
        &quot;maximumLines&quot;: 300
    },
    &quot;description&quot;: &quot;Log file request&quot;
}
15:48:40 DEBUG Final URL of the request: https://thin-edge-io.eu-latest.cumulocity.com/devicecontrol/operations?deviceId=14382422&amp;pageSize=1&amp;revert=true&amp;dateFrom=1970-01-01T00%3A00%3A00.000Z
15:48:40 INFO  State of current operation: PENDING
15:48:40 DEBUG Final URL of the request: https://thin-edge-io.eu-latest.cumulocity.com/devicecontrol/operations?deviceId=14382422&amp;pageSize=1&amp;revert=true&amp;dateFrom=1970-01-01T00%3A00%3A00.000Z
15:48:40 DEBUG State of current operation: {
    &quot;delivery&quot;: {
        &quot;time&quot;: &quot;2022-02-18T15:48:05.094Z&quot;,
        &quot;log&quot;: [
            {
                &quot;time&quot;: &quot;2022-02-18T15:10:35.371Z&quot;,
                &quot;status&quot;: &quot;PENDING&quot;
            },
            {
                &quot;time&quot;: &quot;2022-02-18T15:10:35.380Z&quot;,
                &quot;status&quot;: &quot;SEND&quot;
            },
            {
                &quot;time&quot;: &quot;2022-02-18T15:10:35.414Z&quot;,
                &quot;status&quot;: &quot;DELIVERED&quot;
            },
            {
                &quot;time&quot;: &quot;2022-02-18T15:11:42.300Z&quot;,
                &quot;status&quot;: &quot;PENDING&quot;
            },
            {
                &quot;time&quot;: &quot;2022-02-18T15:11:42.322Z&quot;,
                &quot;status&quot;: &quot;SEND&quot;
            },
            {
                &quot;time&quot;: &quot;2022-02-18T15:11:42.359Z&quot;,
                &quot;status&quot;: &quot;DELIVERED&quot;
            },
            {
                &quot;time&quot;: &quot;2022-02-18T15:12:59.572Z&quot;,
                &quot;status&quot;: &quot;PENDING&quot;
            },
            {
                &quot;time&quot;: &quot;2022-02-18T15:12:59.593Z&quot;,
                &quot;status&quot;: &quot;SEND&quot;
            },
            {
                &quot;time&quot;: &quot;2022-02-18T15:12:59.628Z&quot;,
                &quot;status&quot;: &quot;DELIVERED&quot;
            },
            {
                &quot;time&quot;: &quot;2022-02-18T15:14:12.920Z&quot;,
                &quot;status&quot;: &quot;PENDING&quot;
            },
            {
                &quot;time&quot;: &quot;2022-02-18T15:14:12.944Z&quot;,
                &quot;status&quot;: &quot;SEND&quot;
            },
            {
                &quot;time&quot;: &quot;2022-02-18T15:14:12.981Z&quot;,
                &quot;status&quot;: &quot;DELIVERED&quot;
            },
            {
                &quot;time&quot;: &quot;2022-02-18T15:15:26.328Z&quot;,
                &quot;status&quot;: &quot;PENDING&quot;
            },
            {
                &quot;time&quot;: &quot;2022-02-18T15:15:26.352Z&quot;,
                &quot;status&quot;: &quot;SEND&quot;
            },
            {
                &quot;time&quot;: &quot;2022-02-18T15:15:26.390Z&quot;,
                &quot;status&quot;: &quot;DELIVERED&quot;
            },
            {
                &quot;time&quot;: &quot;2022-02-18T15:16:04.923Z&quot;,
                &quot;status&quot;: &quot;PENDING&quot;
            },
            {
                &quot;time&quot;: &quot;2022-02-18T15:16:04.942Z&quot;,
                &quot;status&quot;: &quot;SEND&quot;
            },
            {
                &quot;time&quot;: &quot;2022-02-18T15:16:04.979Z&quot;,
                &quot;status&quot;: &quot;DELIVERED&quot;
            },
            {
                &quot;time&quot;: &quot;2022-02-18T15:16:55.848Z&quot;,
                &quot;status&quot;: &quot;PENDING&quot;
            },
            {
                &quot;time&quot;: &quot;2022-02-18T15:16:55.868Z&quot;,
                &quot;status&quot;: &quot;SEND&quot;
            },
            {
                &quot;time&quot;: &quot;2022-02-18T15:16:55.905Z&quot;,
                &quot;status&quot;: &quot;DELIVERED&quot;
            },
            {
                &quot;time&quot;: &quot;2022-02-18T15:17:46.625Z&quot;,
                &quot;status&quot;: &quot;PENDING&quot;
            },
            {
                &quot;time&quot;: &quot;2022-02-18T15:17:46.652Z&quot;,
                &quot;status&quot;: &quot;SEND&quot;
            },
            {
                &quot;time&quot;: &quot;2022-02-18T15:17:46.687Z&quot;,
                &quot;status&quot;: &quot;DELIVERED&quot;
            },
            {
                &quot;time&quot;: &quot;2022-02-18T15:18:28.019Z&quot;,
                &quot;status&quot;: &quot;PENDING&quot;
            },
            {
                &quot;time&quot;: &quot;2022-02-18T15:18:28.043Z&quot;,
                &quot;status&quot;: &quot;SEND&quot;
            },
            {
                &quot;time&quot;: &quot;2022-02-18T15:18:28.079Z&quot;,
                &quot;status&quot;: &quot;DELIVERED&quot;
            },
            {
                &quot;time&quot;: &quot;2022-02-18T15:20:43.491Z&quot;,
                &quot;status&quot;: &quot;PENDING&quot;
            },
            {
                &quot;time&quot;: &quot;2022-02-18T15:20:43.514Z&quot;,
                &quot;status&quot;: &quot;SEND&quot;
            },
            {
                &quot;time&quot;: &quot;2022-02-18T15:20:43.550Z&quot;,
                &quot;status&quot;: &quot;DELIVERED&quot;
            },
            {
                &quot;time&quot;: &quot;2022-02-18T15:23:08.808Z&quot;,
                &quot;status&quot;: &quot;PENDING&quot;
            },
            {
                &quot;time&quot;: &quot;2022-02-18T15:23:08.831Z&quot;,
                &quot;status&quot;: &quot;SEND&quot;
            },
            {
                &quot;time&quot;: &quot;2022-02-18T15:23:08.869Z&quot;,
                &quot;status&quot;: &quot;DELIVERED&quot;
            },
            {
                &quot;time&quot;: &quot;2022-02-18T15:23:31.763Z&quot;,
                &quot;status&quot;: &quot;PENDING&quot;
            },
            {
                &quot;time&quot;: &quot;2022-02-18T15:23:31.789Z&quot;,
                &quot;status&quot;: &quot;SEND&quot;
            },
            {
                &quot;time&quot;: &quot;2022-02-18T15:23:31.829Z&quot;,
                &quot;status&quot;: &quot;DELIVERED&quot;
            },
            {
                &quot;time&quot;: &quot;2022-02-18T15:23:56.183Z&quot;,
                &quot;status&quot;: &quot;PENDING&quot;
            },
            {
                &quot;time&quot;: &quot;2022-02-18T15:23:56.205Z&quot;,
                &quot;status&quot;: &quot;SEND&quot;
            },
            {
                &quot;time&quot;: &quot;2022-02-18T15:23:56.240Z&quot;,
                &quot;status&quot;: &quot;DELIVERED&quot;
            },
            {
                &quot;time&quot;: &quot;2022-02-18T15:24:19.191Z&quot;,
                &quot;status&quot;: &quot;PENDING&quot;
            },
            {
                &quot;time&quot;: &quot;2022-02-18T15:24:19.214Z&quot;,
                &quot;status&quot;: &quot;SEND&quot;
            },
            {
                &quot;time&quot;: &quot;2022-02-18T15:24:19.249Z&quot;,
                &quot;status&quot;: &quot;DELIVERED&quot;
            },
            {
                &quot;time&quot;: &quot;2022-02-18T15:24:56.124Z&quot;,
                &quot;status&quot;: &quot;PENDING&quot;
            },
            {
                &quot;time&quot;: &quot;2022-02-18T15:24:56.152Z&quot;,
                &quot;status&quot;: &quot;SEND&quot;
            },
            {
                &quot;time&quot;: &quot;2022-02-18T15:24:56.186Z&quot;,
                &quot;status&quot;: &quot;DELIVERED&quot;
            },
            {
                &quot;time&quot;: &quot;2022-02-18T15:25:21.105Z&quot;,
                &quot;status&quot;: &quot;PENDING&quot;
            },
            {
                &quot;time&quot;: &quot;2022-02-18T15:25:21.127Z&quot;,
                &quot;status&quot;: &quot;SEND&quot;
            },
            {
                &quot;time&quot;: &quot;2022-02-18T15:25:21.164Z&quot;,
                &quot;status&quot;: &quot;DELIVERED&quot;
            },
            {
                &quot;time&quot;: &quot;2022-02-18T15:25:45.991Z&quot;,
                &quot;status&quot;: &quot;PENDING&quot;
            },
            {
                &quot;time&quot;: &quot;2022-02-18T15:25:46.015Z&quot;,
                &quot;status&quot;: &quot;SEND&quot;
            },
            {
                &quot;time&quot;: &quot;2022-02-18T15:25:46.050Z&quot;,
                &quot;status&quot;: &quot;DELIVERED&quot;
            },
            {
                &quot;time&quot;: &quot;2022-02-18T15:42:24.600Z&quot;,
                &quot;status&quot;: &quot;PENDING&quot;
            },
            {
                &quot;time&quot;: &quot;2022-02-18T15:42:24.628Z&quot;,
                &quot;status&quot;: &quot;SEND&quot;
            },
            {
                &quot;time&quot;: &quot;2022-02-18T15:42:24.664Z&quot;,
                &quot;status&quot;: &quot;DELIVERED&quot;
            },
            {
                &quot;time&quot;: &quot;2022-02-18T15:45:04.233Z&quot;,
                &quot;status&quot;: &quot;PENDING&quot;
            },
            {
                &quot;time&quot;: &quot;2022-02-18T15:45:04.267Z&quot;,
                &quot;status&quot;: &quot;SEND&quot;
            },
            {
                &quot;time&quot;: &quot;2022-02-18T15:45:04.303Z&quot;,
                &quot;status&quot;: &quot;DELIVERED&quot;
            },
            {
                &quot;time&quot;: &quot;2022-02-18T15:45:26.812Z&quot;,
                &quot;status&quot;: &quot;PENDING&quot;
            },
            {
                &quot;time&quot;: &quot;2022-02-18T15:45:26.839Z&quot;,
                &quot;status&quot;: &quot;SEND&quot;
            },
            {
                &quot;time&quot;: &quot;2022-02-18T15:45:26.882Z&quot;,
                &quot;status&quot;: &quot;DELIVERED&quot;
            },
            {
                &quot;time&quot;: &quot;2022-02-18T15:48:05.017Z&quot;,
                &quot;status&quot;: &quot;PENDING&quot;
            },
            {
                &quot;time&quot;: &quot;2022-02-18T15:48:05.047Z&quot;,
                &quot;status&quot;: &quot;SEND&quot;
            }
        ],
        &quot;status&quot;: &quot;DELIVERED&quot;
    },
    &quot;creationTime&quot;: &quot;2022-02-18T15:10:35.358Z&quot;,
    &quot;deviceId&quot;: &quot;14382422&quot;,
    &quot;deviceName&quot;: &quot;mythic_beasts_pi_all_jobs_sag&quot;,
    &quot;self&quot;: &quot;https://t493319102.eu-latest.cumulocity.com/devicecontrol/operations/14382430&quot;,
    &quot;id&quot;: &quot;14382430&quot;,
    &quot;status&quot;: &quot;PENDING&quot;,
    &quot;c8y_LogfileRequest&quot;: {
        &quot;searchText&quot;: &quot;&quot;,
        &quot;logFile&quot;: &quot;software-management&quot;,
        &quot;dateTo&quot;: &quot;2021-11-21T18:55:49+0530&quot;,
        &quot;dateFrom&quot;: &quot;2021-11-15T18:55:49+0530&quot;,
        &quot;maximumLines&quot;: 300
    },
    &quot;description&quot;: &quot;Log file request&quot;
}
15:48:42 DEBUG Final URL of the request: https://thin-edge-io.eu-latest.cumulocity.com/devicecontrol/operations?deviceId=14382422&amp;pageSize=1&amp;revert=true&amp;dateFrom=1970-01-01T00%3A00%3A00.000Z
15:48:42 INFO  State of current operation: PENDING
15:48:42 DEBUG Final URL of the request: https://thin-edge-io.eu-latest.cumulocity.com/devicecontrol/operations?deviceId=14382422&amp;pageSize=1&amp;revert=true&amp;dateFrom=1970-01-01T00%3A00%3A00.000Z
15:48:42 DEBUG State of current operation: {
    &quot;delivery&quot;: {
        &quot;time&quot;: &quot;2022-02-18T15:48:05.094Z&quot;,
        &quot;log&quot;: [
            {
                &quot;time&quot;: &quot;2022-02-18T15:10:35.371Z&quot;,
                &quot;status&quot;: &quot;PENDING&quot;
            },
            {
                &quot;time&quot;: &quot;2022-02-18T15:10:35.380Z&quot;,
                &quot;status&quot;: &quot;SEND&quot;
            },
            {
                &quot;time&quot;: &quot;2022-02-18T15:10:35.414Z&quot;,
                &quot;status&quot;: &quot;DELIVERED&quot;
            },
            {
                &quot;time&quot;: &quot;2022-02-18T15:11:42.300Z&quot;,
                &quot;status&quot;: &quot;PENDING&quot;
            },
            {
                &quot;time&quot;: &quot;2022-02-18T15:11:42.322Z&quot;,
                &quot;status&quot;: &quot;SEND&quot;
            },
            {
                &quot;time&quot;: &quot;2022-02-18T15:11:42.359Z&quot;,
                &quot;status&quot;: &quot;DELIVERED&quot;
            },
            {
                &quot;time&quot;: &quot;2022-02-18T15:12:59.572Z&quot;,
                &quot;status&quot;: &quot;PENDING&quot;
            },
            {
                &quot;time&quot;: &quot;2022-02-18T15:12:59.593Z&quot;,
                &quot;status&quot;: &quot;SEND&quot;
            },
            {
                &quot;time&quot;: &quot;2022-02-18T15:12:59.628Z&quot;,
                &quot;status&quot;: &quot;DELIVERED&quot;
            },
            {
                &quot;time&quot;: &quot;2022-02-18T15:14:12.920Z&quot;,
                &quot;status&quot;: &quot;PENDING&quot;
            },
            {
                &quot;time&quot;: &quot;2022-02-18T15:14:12.944Z&quot;,
                &quot;status&quot;: &quot;SEND&quot;
            },
            {
                &quot;time&quot;: &quot;2022-02-18T15:14:12.981Z&quot;,
                &quot;status&quot;: &quot;DELIVERED&quot;
            },
            {
                &quot;time&quot;: &quot;2022-02-18T15:15:26.328Z&quot;,
                &quot;status&quot;: &quot;PENDING&quot;
            },
            {
                &quot;time&quot;: &quot;2022-02-18T15:15:26.352Z&quot;,
                &quot;status&quot;: &quot;SEND&quot;
            },
            {
                &quot;time&quot;: &quot;2022-02-18T15:15:26.390Z&quot;,
                &quot;status&quot;: &quot;DELIVERED&quot;
            },
            {
                &quot;time&quot;: &quot;2022-02-18T15:16:04.923Z&quot;,
                &quot;status&quot;: &quot;PENDING&quot;
            },
            {
                &quot;time&quot;: &quot;2022-02-18T15:16:04.942Z&quot;,
                &quot;status&quot;: &quot;SEND&quot;
            },
            {
                &quot;time&quot;: &quot;2022-02-18T15:16:04.979Z&quot;,
                &quot;status&quot;: &quot;DELIVERED&quot;
            },
            {
                &quot;time&quot;: &quot;2022-02-18T15:16:55.848Z&quot;,
                &quot;status&quot;: &quot;PENDING&quot;
            },
            {
                &quot;time&quot;: &quot;2022-02-18T15:16:55.868Z&quot;,
                &quot;status&quot;: &quot;SEND&quot;
            },
            {
                &quot;time&quot;: &quot;2022-02-18T15:16:55.905Z&quot;,
                &quot;status&quot;: &quot;DELIVERED&quot;
            },
            {
                &quot;time&quot;: &quot;2022-02-18T15:17:46.625Z&quot;,
                &quot;status&quot;: &quot;PENDING&quot;
            },
            {
                &quot;time&quot;: &quot;2022-02-18T15:17:46.652Z&quot;,
                &quot;status&quot;: &quot;SEND&quot;
            },
            {
                &quot;time&quot;: &quot;2022-02-18T15:17:46.687Z&quot;,
                &quot;status&quot;: &quot;DELIVERED&quot;
            },
            {
                &quot;time&quot;: &quot;2022-02-18T15:18:28.019Z&quot;,
                &quot;status&quot;: &quot;PENDING&quot;
            },
            {
                &quot;time&quot;: &quot;2022-02-18T15:18:28.043Z&quot;,
                &quot;status&quot;: &quot;SEND&quot;
            },
            {
                &quot;time&quot;: &quot;2022-02-18T15:18:28.079Z&quot;,
                &quot;status&quot;: &quot;DELIVERED&quot;
            },
            {
                &quot;time&quot;: &quot;2022-02-18T15:20:43.491Z&quot;,
                &quot;status&quot;: &quot;PENDING&quot;
            },
            {
                &quot;time&quot;: &quot;2022-02-18T15:20:43.514Z&quot;,
                &quot;status&quot;: &quot;SEND&quot;
            },
            {
                &quot;time&quot;: &quot;2022-02-18T15:20:43.550Z&quot;,
                &quot;status&quot;: &quot;DELIVERED&quot;
            },
            {
                &quot;time&quot;: &quot;2022-02-18T15:23:08.808Z&quot;,
                &quot;status&quot;: &quot;PENDING&quot;
            },
            {
                &quot;time&quot;: &quot;2022-02-18T15:23:08.831Z&quot;,
                &quot;status&quot;: &quot;SEND&quot;
            },
            {
                &quot;time&quot;: &quot;2022-02-18T15:23:08.869Z&quot;,
                &quot;status&quot;: &quot;DELIVERED&quot;
            },
            {
                &quot;time&quot;: &quot;2022-02-18T15:23:31.763Z&quot;,
                &quot;status&quot;: &quot;PENDING&quot;
            },
            {
                &quot;time&quot;: &quot;2022-02-18T15:23:31.789Z&quot;,
                &quot;status&quot;: &quot;SEND&quot;
            },
            {
                &quot;time&quot;: &quot;2022-02-18T15:23:31.829Z&quot;,
                &quot;status&quot;: &quot;DELIVERED&quot;
            },
            {
                &quot;time&quot;: &quot;2022-02-18T15:23:56.183Z&quot;,
                &quot;status&quot;: &quot;PENDING&quot;
            },
            {
                &quot;time&quot;: &quot;2022-02-18T15:23:56.205Z&quot;,
                &quot;status&quot;: &quot;SEND&quot;
            },
            {
                &quot;time&quot;: &quot;2022-02-18T15:23:56.240Z&quot;,
                &quot;status&quot;: &quot;DELIVERED&quot;
            },
            {
                &quot;time&quot;: &quot;2022-02-18T15:24:19.191Z&quot;,
                &quot;status&quot;: &quot;PENDING&quot;
            },
            {
                &quot;time&quot;: &quot;2022-02-18T15:24:19.214Z&quot;,
                &quot;status&quot;: &quot;SEND&quot;
            },
            {
                &quot;time&quot;: &quot;2022-02-18T15:24:19.249Z&quot;,
                &quot;status&quot;: &quot;DELIVERED&quot;
            },
            {
                &quot;time&quot;: &quot;2022-02-18T15:24:56.124Z&quot;,
                &quot;status&quot;: &quot;PENDING&quot;
            },
            {
                &quot;time&quot;: &quot;2022-02-18T15:24:56.152Z&quot;,
                &quot;status&quot;: &quot;SEND&quot;
            },
            {
                &quot;time&quot;: &quot;2022-02-18T15:24:56.186Z&quot;,
                &quot;status&quot;: &quot;DELIVERED&quot;
            },
            {
                &quot;time&quot;: &quot;2022-02-18T15:25:21.105Z&quot;,
                &quot;status&quot;: &quot;PENDING&quot;
            },
            {
                &quot;time&quot;: &quot;2022-02-18T15:25:21.127Z&quot;,
                &quot;status&quot;: &quot;SEND&quot;
            },
            {
                &quot;time&quot;: &quot;2022-02-18T15:25:21.164Z&quot;,
                &quot;status&quot;: &quot;DELIVERED&quot;
            },
            {
                &quot;time&quot;: &quot;2022-02-18T15:25:45.991Z&quot;,
                &quot;status&quot;: &quot;PENDING&quot;
            },
            {
                &quot;time&quot;: &quot;2022-02-18T15:25:46.015Z&quot;,
                &quot;status&quot;: &quot;SEND&quot;
            },
            {
                &quot;time&quot;: &quot;2022-02-18T15:25:46.050Z&quot;,
                &quot;status&quot;: &quot;DELIVERED&quot;
            },
            {
                &quot;time&quot;: &quot;2022-02-18T15:42:24.600Z&quot;,
                &quot;status&quot;: &quot;PENDING&quot;
            },
            {
                &quot;time&quot;: &quot;2022-02-18T15:42:24.628Z&quot;,
                &quot;status&quot;: &quot;SEND&quot;
            },
            {
                &quot;time&quot;: &quot;2022-02-18T15:42:24.664Z&quot;,
                &quot;status&quot;: &quot;DELIVERED&quot;
            },
            {
                &quot;time&quot;: &quot;2022-02-18T15:45:04.233Z&quot;,
                &quot;status&quot;: &quot;PENDING&quot;
            },
            {
                &quot;time&quot;: &quot;2022-02-18T15:45:04.267Z&quot;,
                &quot;status&quot;: &quot;SEND&quot;
            },
            {
                &quot;time&quot;: &quot;2022-02-18T15:45:04.303Z&quot;,
                &quot;status&quot;: &quot;DELIVERED&quot;
            },
            {
                &quot;time&quot;: &quot;2022-02-18T15:45:26.812Z&quot;,
                &quot;status&quot;: &quot;PENDING&quot;
            },
            {
                &quot;time&quot;: &quot;2022-02-18T15:45:26.839Z&quot;,
                &quot;status&quot;: &quot;SEND&quot;
            },
            {
                &quot;time&quot;: &quot;2022-02-18T15:45:26.882Z&quot;,
                &quot;status&quot;: &quot;DELIVERED&quot;
            },
            {
                &quot;time&quot;: &quot;2022-02-18T15:48:05.017Z&quot;,
                &quot;status&quot;: &quot;PENDING&quot;
            },
            {
                &quot;time&quot;: &quot;2022-02-18T15:48:05.047Z&quot;,
                &quot;status&quot;: &quot;SEND&quot;
            }
        ],
        &quot;status&quot;: &quot;DELIVERED&quot;
    },
    &quot;creationTime&quot;: &quot;2022-02-18T15:10:35.358Z&quot;,
    &quot;deviceId&quot;: &quot;14382422&quot;,
    &quot;deviceName&quot;: &quot;mythic_beasts_pi_all_jobs_sag&quot;,
    &quot;self&quot;: &quot;https://t493319102.eu-latest.cumulocity.com/devicecontrol/operations/14382430&quot;,
    &quot;id&quot;: &quot;14382430&quot;,
    &quot;status&quot;: &quot;PENDING&quot;,
    &quot;c8y_LogfileRequest&quot;: {
        &quot;searchText&quot;: &quot;&quot;,
        &quot;logFile&quot;: &quot;software-management&quot;,
        &quot;dateTo&quot;: &quot;2021-11-21T18:55:49+0530&quot;,
        &quot;dateFrom&quot;: &quot;2021-11-15T18:55:49+0530&quot;,
        &quot;maximumLines&quot;: 300
    },
    &quot;description&quot;: &quot;Log file request&quot;
}
15:48:44 DEBUG Final URL of the request: https://thin-edge-io.eu-latest.cumulocity.com/devicecontrol/operations?deviceId=14382422&amp;pageSize=1&amp;revert=true&amp;dateFrom=1970-01-01T00%3A00%3A00.000Z
15:48:44 INFO  State of current operation: PENDING
15:48:44 DEBUG Final URL of the request: https://thin-edge-io.eu-latest.cumulocity.com/devicecontrol/operations?deviceId=14382422&amp;pageSize=1&amp;revert=true&amp;dateFrom=1970-01-01T00%3A00%3A00.000Z
15:48:44 DEBUG State of current operation: {
    &quot;delivery&quot;: {
        &quot;time&quot;: &quot;2022-02-18T15:48:05.094Z&quot;,
        &quot;log&quot;: [
            {
                &quot;time&quot;: &quot;2022-02-18T15:10:35.371Z&quot;,
                &quot;status&quot;: &quot;PENDING&quot;
            },
            {
                &quot;time&quot;: &quot;2022-02-18T15:10:35.380Z&quot;,
                &quot;status&quot;: &quot;SEND&quot;
            },
            {
                &quot;time&quot;: &quot;2022-02-18T15:10:35.414Z&quot;,
                &quot;status&quot;: &quot;DELIVERED&quot;
            },
            {
                &quot;time&quot;: &quot;2022-02-18T15:11:42.300Z&quot;,
                &quot;status&quot;: &quot;PENDING&quot;
            },
            {
                &quot;time&quot;: &quot;2022-02-18T15:11:42.322Z&quot;,
                &quot;status&quot;: &quot;SEND&quot;
            },
            {
                &quot;time&quot;: &quot;2022-02-18T15:11:42.359Z&quot;,
                &quot;status&quot;: &quot;DELIVERED&quot;
            },
            {
                &quot;time&quot;: &quot;2022-02-18T15:12:59.572Z&quot;,
                &quot;status&quot;: &quot;PENDING&quot;
            },
            {
                &quot;time&quot;: &quot;2022-02-18T15:12:59.593Z&quot;,
                &quot;status&quot;: &quot;SEND&quot;
            },
            {
                &quot;time&quot;: &quot;2022-02-18T15:12:59.628Z&quot;,
                &quot;status&quot;: &quot;DELIVERED&quot;
            },
            {
                &quot;time&quot;: &quot;2022-02-18T15:14:12.920Z&quot;,
                &quot;status&quot;: &quot;PENDING&quot;
            },
            {
                &quot;time&quot;: &quot;2022-02-18T15:14:12.944Z&quot;,
                &quot;status&quot;: &quot;SEND&quot;
            },
            {
                &quot;time&quot;: &quot;2022-02-18T15:14:12.981Z&quot;,
                &quot;status&quot;: &quot;DELIVERED&quot;
            },
            {
                &quot;time&quot;: &quot;2022-02-18T15:15:26.328Z&quot;,
                &quot;status&quot;: &quot;PENDING&quot;
            },
            {
                &quot;time&quot;: &quot;2022-02-18T15:15:26.352Z&quot;,
                &quot;status&quot;: &quot;SEND&quot;
            },
            {
                &quot;time&quot;: &quot;2022-02-18T15:15:26.390Z&quot;,
                &quot;status&quot;: &quot;DELIVERED&quot;
            },
            {
                &quot;time&quot;: &quot;2022-02-18T15:16:04.923Z&quot;,
                &quot;status&quot;: &quot;PENDING&quot;
            },
            {
                &quot;time&quot;: &quot;2022-02-18T15:16:04.942Z&quot;,
                &quot;status&quot;: &quot;SEND&quot;
            },
            {
                &quot;time&quot;: &quot;2022-02-18T15:16:04.979Z&quot;,
                &quot;status&quot;: &quot;DELIVERED&quot;
            },
            {
                &quot;time&quot;: &quot;2022-02-18T15:16:55.848Z&quot;,
                &quot;status&quot;: &quot;PENDING&quot;
            },
            {
                &quot;time&quot;: &quot;2022-02-18T15:16:55.868Z&quot;,
                &quot;status&quot;: &quot;SEND&quot;
            },
            {
                &quot;time&quot;: &quot;2022-02-18T15:16:55.905Z&quot;,
                &quot;status&quot;: &quot;DELIVERED&quot;
            },
            {
                &quot;time&quot;: &quot;2022-02-18T15:17:46.625Z&quot;,
                &quot;status&quot;: &quot;PENDING&quot;
            },
            {
                &quot;time&quot;: &quot;2022-02-18T15:17:46.652Z&quot;,
                &quot;status&quot;: &quot;SEND&quot;
            },
            {
                &quot;time&quot;: &quot;2022-02-18T15:17:46.687Z&quot;,
                &quot;status&quot;: &quot;DELIVERED&quot;
            },
            {
                &quot;time&quot;: &quot;2022-02-18T15:18:28.019Z&quot;,
                &quot;status&quot;: &quot;PENDING&quot;
            },
            {
                &quot;time&quot;: &quot;2022-02-18T15:18:28.043Z&quot;,
                &quot;status&quot;: &quot;SEND&quot;
            },
            {
                &quot;time&quot;: &quot;2022-02-18T15:18:28.079Z&quot;,
                &quot;status&quot;: &quot;DELIVERED&quot;
            },
            {
                &quot;time&quot;: &quot;2022-02-18T15:20:43.491Z&quot;,
                &quot;status&quot;: &quot;PENDING&quot;
            },
            {
                &quot;time&quot;: &quot;2022-02-18T15:20:43.514Z&quot;,
                &quot;status&quot;: &quot;SEND&quot;
            },
            {
                &quot;time&quot;: &quot;2022-02-18T15:20:43.550Z&quot;,
                &quot;status&quot;: &quot;DELIVERED&quot;
            },
            {
                &quot;time&quot;: &quot;2022-02-18T15:23:08.808Z&quot;,
                &quot;status&quot;: &quot;PENDING&quot;
            },
            {
                &quot;time&quot;: &quot;2022-02-18T15:23:08.831Z&quot;,
                &quot;status&quot;: &quot;SEND&quot;
            },
            {
                &quot;time&quot;: &quot;2022-02-18T15:23:08.869Z&quot;,
                &quot;status&quot;: &quot;DELIVERED&quot;
            },
            {
                &quot;time&quot;: &quot;2022-02-18T15:23:31.763Z&quot;,
                &quot;status&quot;: &quot;PENDING&quot;
            },
            {
                &quot;time&quot;: &quot;2022-02-18T15:23:31.789Z&quot;,
                &quot;status&quot;: &quot;SEND&quot;
            },
            {
                &quot;time&quot;: &quot;2022-02-18T15:23:31.829Z&quot;,
                &quot;status&quot;: &quot;DELIVERED&quot;
            },
            {
                &quot;time&quot;: &quot;2022-02-18T15:23:56.183Z&quot;,
                &quot;status&quot;: &quot;PENDING&quot;
            },
            {
                &quot;time&quot;: &quot;2022-02-18T15:23:56.205Z&quot;,
                &quot;status&quot;: &quot;SEND&quot;
            },
            {
                &quot;time&quot;: &quot;2022-02-18T15:23:56.240Z&quot;,
                &quot;status&quot;: &quot;DELIVERED&quot;
            },
            {
                &quot;time&quot;: &quot;2022-02-18T15:24:19.191Z&quot;,
                &quot;status&quot;: &quot;PENDING&quot;
            },
            {
                &quot;time&quot;: &quot;2022-02-18T15:24:19.214Z&quot;,
                &quot;status&quot;: &quot;SEND&quot;
            },
            {
                &quot;time&quot;: &quot;2022-02-18T15:24:19.249Z&quot;,
                &quot;status&quot;: &quot;DELIVERED&quot;
            },
            {
                &quot;time&quot;: &quot;2022-02-18T15:24:56.124Z&quot;,
                &quot;status&quot;: &quot;PENDING&quot;
            },
            {
                &quot;time&quot;: &quot;2022-02-18T15:24:56.152Z&quot;,
                &quot;status&quot;: &quot;SEND&quot;
            },
            {
                &quot;time&quot;: &quot;2022-02-18T15:24:56.186Z&quot;,
                &quot;status&quot;: &quot;DELIVERED&quot;
            },
            {
                &quot;time&quot;: &quot;2022-02-18T15:25:21.105Z&quot;,
                &quot;status&quot;: &quot;PENDING&quot;
            },
            {
                &quot;time&quot;: &quot;2022-02-18T15:25:21.127Z&quot;,
                &quot;status&quot;: &quot;SEND&quot;
            },
            {
                &quot;time&quot;: &quot;2022-02-18T15:25:21.164Z&quot;,
                &quot;status&quot;: &quot;DELIVERED&quot;
            },
            {
                &quot;time&quot;: &quot;2022-02-18T15:25:45.991Z&quot;,
                &quot;status&quot;: &quot;PENDING&quot;
            },
            {
                &quot;time&quot;: &quot;2022-02-18T15:25:46.015Z&quot;,
                &quot;status&quot;: &quot;SEND&quot;
            },
            {
                &quot;time&quot;: &quot;2022-02-18T15:25:46.050Z&quot;,
                &quot;status&quot;: &quot;DELIVERED&quot;
            },
            {
                &quot;time&quot;: &quot;2022-02-18T15:42:24.600Z&quot;,
                &quot;status&quot;: &quot;PENDING&quot;
            },
            {
                &quot;time&quot;: &quot;2022-02-18T15:42:24.628Z&quot;,
                &quot;status&quot;: &quot;SEND&quot;
            },
            {
                &quot;time&quot;: &quot;2022-02-18T15:42:24.664Z&quot;,
                &quot;status&quot;: &quot;DELIVERED&quot;
            },
            {
                &quot;time&quot;: &quot;2022-02-18T15:45:04.233Z&quot;,
                &quot;status&quot;: &quot;PENDING&quot;
            },
            {
                &quot;time&quot;: &quot;2022-02-18T15:45:04.267Z&quot;,
                &quot;status&quot;: &quot;SEND&quot;
            },
            {
                &quot;time&quot;: &quot;2022-02-18T15:45:04.303Z&quot;,
                &quot;status&quot;: &quot;DELIVERED&quot;
            },
            {
                &quot;time&quot;: &quot;2022-02-18T15:45:26.812Z&quot;,
                &quot;status&quot;: &quot;PENDING&quot;
            },
            {
                &quot;time&quot;: &quot;2022-02-18T15:45:26.839Z&quot;,
                &quot;status&quot;: &quot;SEND&quot;
            },
            {
                &quot;time&quot;: &quot;2022-02-18T15:45:26.882Z&quot;,
                &quot;status&quot;: &quot;DELIVERED&quot;
            },
            {
                &quot;time&quot;: &quot;2022-02-18T15:48:05.017Z&quot;,
                &quot;status&quot;: &quot;PENDING&quot;
            },
            {
                &quot;time&quot;: &quot;2022-02-18T15:48:05.047Z&quot;,
                &quot;status&quot;: &quot;SEND&quot;
            }
        ],
        &quot;status&quot;: &quot;DELIVERED&quot;
    },
    &quot;creationTime&quot;: &quot;2022-02-18T15:10:35.358Z&quot;,
    &quot;deviceId&quot;: &quot;14382422&quot;,
    &quot;deviceName&quot;: &quot;mythic_beasts_pi_all_jobs_sag&quot;,
    &quot;self&quot;: &quot;https://t493319102.eu-latest.cumulocity.com/devicecontrol/operations/14382430&quot;,
    &quot;id&quot;: &quot;14382430&quot;,
    &quot;status&quot;: &quot;PENDING&quot;,
    &quot;c8y_LogfileRequest&quot;: {
        &quot;searchText&quot;: &quot;&quot;,
        &quot;logFile&quot;: &quot;software-management&quot;,
        &quot;dateTo&quot;: &quot;2021-11-21T18:55:49+0530&quot;,
        &quot;dateFrom&quot;: &quot;2021-11-15T18:55:49+0530&quot;,
        &quot;maximumLines&quot;: 300
    },
    &quot;description&quot;: &quot;Log file request&quot;
}
15:48:46 DEBUG Final URL of the request: https://thin-edge-io.eu-latest.cumulocity.com/devicecontrol/operations?deviceId=14382422&amp;pageSize=1&amp;revert=true&amp;dateFrom=1970-01-01T00%3A00%3A00.000Z
15:48:46 INFO  State of current operation: PENDING
15:48:46 DEBUG Final URL of the request: https://thin-edge-io.eu-latest.cumulocity.com/devicecontrol/operations?deviceId=14382422&amp;pageSize=1&amp;revert=true&amp;dateFrom=1970-01-01T00%3A00%3A00.000Z
15:48:46 DEBUG State of current operation: {
    &quot;delivery&quot;: {
        &quot;time&quot;: &quot;2022-02-18T15:48:05.094Z&quot;,
        &quot;log&quot;: [
            {
                &quot;time&quot;: &quot;2022-02-18T15:10:35.371Z&quot;,
                &quot;status&quot;: &quot;PENDING&quot;
            },
            {
                &quot;time&quot;: &quot;2022-02-18T15:10:35.380Z&quot;,
                &quot;status&quot;: &quot;SEND&quot;
            },
            {
                &quot;time&quot;: &quot;2022-02-18T15:10:35.414Z&quot;,
                &quot;status&quot;: &quot;DELIVERED&quot;
            },
            {
                &quot;time&quot;: &quot;2022-02-18T15:11:42.300Z&quot;,
                &quot;status&quot;: &quot;PENDING&quot;
            },
            {
                &quot;time&quot;: &quot;2022-02-18T15:11:42.322Z&quot;,
                &quot;status&quot;: &quot;SEND&quot;
            },
            {
                &quot;time&quot;: &quot;2022-02-18T15:11:42.359Z&quot;,
                &quot;status&quot;: &quot;DELIVERED&quot;
            },
            {
                &quot;time&quot;: &quot;2022-02-18T15:12:59.572Z&quot;,
                &quot;status&quot;: &quot;PENDING&quot;
            },
            {
                &quot;time&quot;: &quot;2022-02-18T15:12:59.593Z&quot;,
                &quot;status&quot;: &quot;SEND&quot;
            },
            {
                &quot;time&quot;: &quot;2022-02-18T15:12:59.628Z&quot;,
                &quot;status&quot;: &quot;DELIVERED&quot;
            },
            {
                &quot;time&quot;: &quot;2022-02-18T15:14:12.920Z&quot;,
                &quot;status&quot;: &quot;PENDING&quot;
            },
            {
                &quot;time&quot;: &quot;2022-02-18T15:14:12.944Z&quot;,
                &quot;status&quot;: &quot;SEND&quot;
            },
            {
                &quot;time&quot;: &quot;2022-02-18T15:14:12.981Z&quot;,
                &quot;status&quot;: &quot;DELIVERED&quot;
            },
            {
                &quot;time&quot;: &quot;2022-02-18T15:15:26.328Z&quot;,
                &quot;status&quot;: &quot;PENDING&quot;
            },
            {
                &quot;time&quot;: &quot;2022-02-18T15:15:26.352Z&quot;,
                &quot;status&quot;: &quot;SEND&quot;
            },
            {
                &quot;time&quot;: &quot;2022-02-18T15:15:26.390Z&quot;,
                &quot;status&quot;: &quot;DELIVERED&quot;
            },
            {
                &quot;time&quot;: &quot;2022-02-18T15:16:04.923Z&quot;,
                &quot;status&quot;: &quot;PENDING&quot;
            },
            {
                &quot;time&quot;: &quot;2022-02-18T15:16:04.942Z&quot;,
                &quot;status&quot;: &quot;SEND&quot;
            },
            {
                &quot;time&quot;: &quot;2022-02-18T15:16:04.979Z&quot;,
                &quot;status&quot;: &quot;DELIVERED&quot;
            },
            {
                &quot;time&quot;: &quot;2022-02-18T15:16:55.848Z&quot;,
                &quot;status&quot;: &quot;PENDING&quot;
            },
            {
                &quot;time&quot;: &quot;2022-02-18T15:16:55.868Z&quot;,
                &quot;status&quot;: &quot;SEND&quot;
            },
            {
                &quot;time&quot;: &quot;2022-02-18T15:16:55.905Z&quot;,
                &quot;status&quot;: &quot;DELIVERED&quot;
            },
            {
                &quot;time&quot;: &quot;2022-02-18T15:17:46.625Z&quot;,
                &quot;status&quot;: &quot;PENDING&quot;
            },
            {
                &quot;time&quot;: &quot;2022-02-18T15:17:46.652Z&quot;,
                &quot;status&quot;: &quot;SEND&quot;
            },
            {
                &quot;time&quot;: &quot;2022-02-18T15:17:46.687Z&quot;,
                &quot;status&quot;: &quot;DELIVERED&quot;
            },
            {
                &quot;time&quot;: &quot;2022-02-18T15:18:28.019Z&quot;,
                &quot;status&quot;: &quot;PENDING&quot;
            },
            {
                &quot;time&quot;: &quot;2022-02-18T15:18:28.043Z&quot;,
                &quot;status&quot;: &quot;SEND&quot;
            },
            {
                &quot;time&quot;: &quot;2022-02-18T15:18:28.079Z&quot;,
                &quot;status&quot;: &quot;DELIVERED&quot;
            },
            {
                &quot;time&quot;: &quot;2022-02-18T15:20:43.491Z&quot;,
                &quot;status&quot;: &quot;PENDING&quot;
            },
            {
                &quot;time&quot;: &quot;2022-02-18T15:20:43.514Z&quot;,
                &quot;status&quot;: &quot;SEND&quot;
            },
            {
                &quot;time&quot;: &quot;2022-02-18T15:20:43.550Z&quot;,
                &quot;status&quot;: &quot;DELIVERED&quot;
            },
            {
                &quot;time&quot;: &quot;2022-02-18T15:23:08.808Z&quot;,
                &quot;status&quot;: &quot;PENDING&quot;
            },
            {
                &quot;time&quot;: &quot;2022-02-18T15:23:08.831Z&quot;,
                &quot;status&quot;: &quot;SEND&quot;
            },
            {
                &quot;time&quot;: &quot;2022-02-18T15:23:08.869Z&quot;,
                &quot;status&quot;: &quot;DELIVERED&quot;
            },
            {
                &quot;time&quot;: &quot;2022-02-18T15:23:31.763Z&quot;,
                &quot;status&quot;: &quot;PENDING&quot;
            },
            {
                &quot;time&quot;: &quot;2022-02-18T15:23:31.789Z&quot;,
                &quot;status&quot;: &quot;SEND&quot;
            },
            {
                &quot;time&quot;: &quot;2022-02-18T15:23:31.829Z&quot;,
                &quot;status&quot;: &quot;DELIVERED&quot;
            },
            {
                &quot;time&quot;: &quot;2022-02-18T15:23:56.183Z&quot;,
                &quot;status&quot;: &quot;PENDING&quot;
            },
            {
                &quot;time&quot;: &quot;2022-02-18T15:23:56.205Z&quot;,
                &quot;status&quot;: &quot;SEND&quot;
            },
            {
                &quot;time&quot;: &quot;2022-02-18T15:23:56.240Z&quot;,
                &quot;status&quot;: &quot;DELIVERED&quot;
            },
            {
                &quot;time&quot;: &quot;2022-02-18T15:24:19.191Z&quot;,
                &quot;status&quot;: &quot;PENDING&quot;
            },
            {
                &quot;time&quot;: &quot;2022-02-18T15:24:19.214Z&quot;,
                &quot;status&quot;: &quot;SEND&quot;
            },
            {
                &quot;time&quot;: &quot;2022-02-18T15:24:19.249Z&quot;,
                &quot;status&quot;: &quot;DELIVERED&quot;
            },
            {
                &quot;time&quot;: &quot;2022-02-18T15:24:56.124Z&quot;,
                &quot;status&quot;: &quot;PENDING&quot;
            },
            {
                &quot;time&quot;: &quot;2022-02-18T15:24:56.152Z&quot;,
                &quot;status&quot;: &quot;SEND&quot;
            },
            {
                &quot;time&quot;: &quot;2022-02-18T15:24:56.186Z&quot;,
                &quot;status&quot;: &quot;DELIVERED&quot;
            },
            {
                &quot;time&quot;: &quot;2022-02-18T15:25:21.105Z&quot;,
                &quot;status&quot;: &quot;PENDING&quot;
            },
            {
                &quot;time&quot;: &quot;2022-02-18T15:25:21.127Z&quot;,
                &quot;status&quot;: &quot;SEND&quot;
            },
            {
                &quot;time&quot;: &quot;2022-02-18T15:25:21.164Z&quot;,
                &quot;status&quot;: &quot;DELIVERED&quot;
            },
            {
                &quot;time&quot;: &quot;2022-02-18T15:25:45.991Z&quot;,
                &quot;status&quot;: &quot;PENDING&quot;
            },
            {
                &quot;time&quot;: &quot;2022-02-18T15:25:46.015Z&quot;,
                &quot;status&quot;: &quot;SEND&quot;
            },
            {
                &quot;time&quot;: &quot;2022-02-18T15:25:46.050Z&quot;,
                &quot;status&quot;: &quot;DELIVERED&quot;
            },
            {
                &quot;time&quot;: &quot;2022-02-18T15:42:24.600Z&quot;,
                &quot;status&quot;: &quot;PENDING&quot;
            },
            {
                &quot;time&quot;: &quot;2022-02-18T15:42:24.628Z&quot;,
                &quot;status&quot;: &quot;SEND&quot;
            },
            {
                &quot;time&quot;: &quot;2022-02-18T15:42:24.664Z&quot;,
                &quot;status&quot;: &quot;DELIVERED&quot;
            },
            {
                &quot;time&quot;: &quot;2022-02-18T15:45:04.233Z&quot;,
                &quot;status&quot;: &quot;PENDING&quot;
            },
            {
                &quot;time&quot;: &quot;2022-02-18T15:45:04.267Z&quot;,
                &quot;status&quot;: &quot;SEND&quot;
            },
            {
                &quot;time&quot;: &quot;2022-02-18T15:45:04.303Z&quot;,
                &quot;status&quot;: &quot;DELIVERED&quot;
            },
            {
                &quot;time&quot;: &quot;2022-02-18T15:45:26.812Z&quot;,
                &quot;status&quot;: &quot;PENDING&quot;
            },
            {
                &quot;time&quot;: &quot;2022-02-18T15:45:26.839Z&quot;,
                &quot;status&quot;: &quot;SEND&quot;
            },
            {
                &quot;time&quot;: &quot;2022-02-18T15:45:26.882Z&quot;,
                &quot;status&quot;: &quot;DELIVERED&quot;
            },
            {
                &quot;time&quot;: &quot;2022-02-18T15:48:05.017Z&quot;,
                &quot;status&quot;: &quot;PENDING&quot;
            },
            {
                &quot;time&quot;: &quot;2022-02-18T15:48:05.047Z&quot;,
                &quot;status&quot;: &quot;SEND&quot;
            }
        ],
        &quot;status&quot;: &quot;DELIVERED&quot;
    },
    &quot;creationTime&quot;: &quot;2022-02-18T15:10:35.358Z&quot;,
    &quot;deviceId&quot;: &quot;14382422&quot;,
    &quot;deviceName&quot;: &quot;mythic_beasts_pi_all_jobs_sag&quot;,
    &quot;self&quot;: &quot;https://t493319102.eu-latest.cumulocity.com/devicecontrol/operations/14382430&quot;,
    &quot;id&quot;: &quot;14382430&quot;,
    &quot;status&quot;: &quot;PENDING&quot;,
    &quot;c8y_LogfileRequest&quot;: {
        &quot;searchText&quot;: &quot;&quot;,
        &quot;logFile&quot;: &quot;software-management&quot;,
        &quot;dateTo&quot;: &quot;2021-11-21T18:55:49+0530&quot;,
        &quot;dateFrom&quot;: &quot;2021-11-15T18:55:49+0530&quot;,
        &quot;maximumLines&quot;: 300
    },
    &quot;description&quot;: &quot;Log file request&quot;
}
15:48:48 DEBUG Final URL of the request: https://thin-edge-io.eu-latest.cumulocity.com/devicecontrol/operations?deviceId=14382422&amp;pageSize=1&amp;revert=true&amp;dateFrom=1970-01-01T00%3A00%3A00.000Z
15:48:48 INFO  State of current operation: PENDING
15:48:48 DEBUG Final URL of the request: https://thin-edge-io.eu-latest.cumulocity.com/devicecontrol/operations?deviceId=14382422&amp;pageSize=1&amp;revert=true&amp;dateFrom=1970-01-01T00%3A00%3A00.000Z
15:48:48 DEBUG State of current operation: {
    &quot;delivery&quot;: {
        &quot;time&quot;: &quot;2022-02-18T15:48:05.094Z&quot;,
        &quot;log&quot;: [
            {
                &quot;time&quot;: &quot;2022-02-18T15:10:35.371Z&quot;,
                &quot;status&quot;: &quot;PENDING&quot;
            },
            {
                &quot;time&quot;: &quot;2022-02-18T15:10:35.380Z&quot;,
                &quot;status&quot;: &quot;SEND&quot;
            },
            {
                &quot;time&quot;: &quot;2022-02-18T15:10:35.414Z&quot;,
                &quot;status&quot;: &quot;DELIVERED&quot;
            },
            {
                &quot;time&quot;: &quot;2022-02-18T15:11:42.300Z&quot;,
                &quot;status&quot;: &quot;PENDING&quot;
            },
            {
                &quot;time&quot;: &quot;2022-02-18T15:11:42.322Z&quot;,
                &quot;status&quot;: &quot;SEND&quot;
            },
            {
                &quot;time&quot;: &quot;2022-02-18T15:11:42.359Z&quot;,
                &quot;status&quot;: &quot;DELIVERED&quot;
            },
            {
                &quot;time&quot;: &quot;2022-02-18T15:12:59.572Z&quot;,
                &quot;status&quot;: &quot;PENDING&quot;
            },
            {
                &quot;time&quot;: &quot;2022-02-18T15:12:59.593Z&quot;,
                &quot;status&quot;: &quot;SEND&quot;
            },
            {
                &quot;time&quot;: &quot;2022-02-18T15:12:59.628Z&quot;,
                &quot;status&quot;: &quot;DELIVERED&quot;
            },
            {
                &quot;time&quot;: &quot;2022-02-18T15:14:12.920Z&quot;,
                &quot;status&quot;: &quot;PENDING&quot;
            },
            {
                &quot;time&quot;: &quot;2022-02-18T15:14:12.944Z&quot;,
                &quot;status&quot;: &quot;SEND&quot;
            },
            {
                &quot;time&quot;: &quot;2022-02-18T15:14:12.981Z&quot;,
                &quot;status&quot;: &quot;DELIVERED&quot;
            },
            {
                &quot;time&quot;: &quot;2022-02-18T15:15:26.328Z&quot;,
                &quot;status&quot;: &quot;PENDING&quot;
            },
            {
                &quot;time&quot;: &quot;2022-02-18T15:15:26.352Z&quot;,
                &quot;status&quot;: &quot;SEND&quot;
            },
            {
                &quot;time&quot;: &quot;2022-02-18T15:15:26.390Z&quot;,
                &quot;status&quot;: &quot;DELIVERED&quot;
            },
            {
                &quot;time&quot;: &quot;2022-02-18T15:16:04.923Z&quot;,
                &quot;status&quot;: &quot;PENDING&quot;
            },
            {
                &quot;time&quot;: &quot;2022-02-18T15:16:04.942Z&quot;,
                &quot;status&quot;: &quot;SEND&quot;
            },
            {
                &quot;time&quot;: &quot;2022-02-18T15:16:04.979Z&quot;,
                &quot;status&quot;: &quot;DELIVERED&quot;
            },
            {
                &quot;time&quot;: &quot;2022-02-18T15:16:55.848Z&quot;,
                &quot;status&quot;: &quot;PENDING&quot;
            },
            {
                &quot;time&quot;: &quot;2022-02-18T15:16:55.868Z&quot;,
                &quot;status&quot;: &quot;SEND&quot;
            },
            {
                &quot;time&quot;: &quot;2022-02-18T15:16:55.905Z&quot;,
                &quot;status&quot;: &quot;DELIVERED&quot;
            },
            {
                &quot;time&quot;: &quot;2022-02-18T15:17:46.625Z&quot;,
                &quot;status&quot;: &quot;PENDING&quot;
            },
            {
                &quot;time&quot;: &quot;2022-02-18T15:17:46.652Z&quot;,
                &quot;status&quot;: &quot;SEND&quot;
            },
            {
                &quot;time&quot;: &quot;2022-02-18T15:17:46.687Z&quot;,
                &quot;status&quot;: &quot;DELIVERED&quot;
            },
            {
                &quot;time&quot;: &quot;2022-02-18T15:18:28.019Z&quot;,
                &quot;status&quot;: &quot;PENDING&quot;
            },
            {
                &quot;time&quot;: &quot;2022-02-18T15:18:28.043Z&quot;,
                &quot;status&quot;: &quot;SEND&quot;
            },
            {
                &quot;time&quot;: &quot;2022-02-18T15:18:28.079Z&quot;,
                &quot;status&quot;: &quot;DELIVERED&quot;
            },
            {
                &quot;time&quot;: &quot;2022-02-18T15:20:43.491Z&quot;,
                &quot;status&quot;: &quot;PENDING&quot;
            },
            {
                &quot;time&quot;: &quot;2022-02-18T15:20:43.514Z&quot;,
                &quot;status&quot;: &quot;SEND&quot;
            },
            {
                &quot;time&quot;: &quot;2022-02-18T15:20:43.550Z&quot;,
                &quot;status&quot;: &quot;DELIVERED&quot;
            },
            {
                &quot;time&quot;: &quot;2022-02-18T15:23:08.808Z&quot;,
                &quot;status&quot;: &quot;PENDING&quot;
            },
            {
                &quot;time&quot;: &quot;2022-02-18T15:23:08.831Z&quot;,
                &quot;status&quot;: &quot;SEND&quot;
            },
            {
                &quot;time&quot;: &quot;2022-02-18T15:23:08.869Z&quot;,
                &quot;status&quot;: &quot;DELIVERED&quot;
            },
            {
                &quot;time&quot;: &quot;2022-02-18T15:23:31.763Z&quot;,
                &quot;status&quot;: &quot;PENDING&quot;
            },
            {
                &quot;time&quot;: &quot;2022-02-18T15:23:31.789Z&quot;,
                &quot;status&quot;: &quot;SEND&quot;
            },
            {
                &quot;time&quot;: &quot;2022-02-18T15:23:31.829Z&quot;,
                &quot;status&quot;: &quot;DELIVERED&quot;
            },
            {
                &quot;time&quot;: &quot;2022-02-18T15:23:56.183Z&quot;,
                &quot;status&quot;: &quot;PENDING&quot;
            },
            {
                &quot;time&quot;: &quot;2022-02-18T15:23:56.205Z&quot;,
                &quot;status&quot;: &quot;SEND&quot;
            },
            {
                &quot;time&quot;: &quot;2022-02-18T15:23:56.240Z&quot;,
                &quot;status&quot;: &quot;DELIVERED&quot;
            },
            {
                &quot;time&quot;: &quot;2022-02-18T15:24:19.191Z&quot;,
                &quot;status&quot;: &quot;PENDING&quot;
            },
            {
                &quot;time&quot;: &quot;2022-02-18T15:24:19.214Z&quot;,
                &quot;status&quot;: &quot;SEND&quot;
            },
            {
                &quot;time&quot;: &quot;2022-02-18T15:24:19.249Z&quot;,
                &quot;status&quot;: &quot;DELIVERED&quot;
            },
            {
                &quot;time&quot;: &quot;2022-02-18T15:24:56.124Z&quot;,
                &quot;status&quot;: &quot;PENDING&quot;
            },
            {
                &quot;time&quot;: &quot;2022-02-18T15:24:56.152Z&quot;,
                &quot;status&quot;: &quot;SEND&quot;
            },
            {
                &quot;time&quot;: &quot;2022-02-18T15:24:56.186Z&quot;,
                &quot;status&quot;: &quot;DELIVERED&quot;
            },
            {
                &quot;time&quot;: &quot;2022-02-18T15:25:21.105Z&quot;,
                &quot;status&quot;: &quot;PENDING&quot;
            },
            {
                &quot;time&quot;: &quot;2022-02-18T15:25:21.127Z&quot;,
                &quot;status&quot;: &quot;SEND&quot;
            },
            {
                &quot;time&quot;: &quot;2022-02-18T15:25:21.164Z&quot;,
                &quot;status&quot;: &quot;DELIVERED&quot;
            },
            {
                &quot;time&quot;: &quot;2022-02-18T15:25:45.991Z&quot;,
                &quot;status&quot;: &quot;PENDING&quot;
            },
            {
                &quot;time&quot;: &quot;2022-02-18T15:25:46.015Z&quot;,
                &quot;status&quot;: &quot;SEND&quot;
            },
            {
                &quot;time&quot;: &quot;2022-02-18T15:25:46.050Z&quot;,
                &quot;status&quot;: &quot;DELIVERED&quot;
            },
            {
                &quot;time&quot;: &quot;2022-02-18T15:42:24.600Z&quot;,
                &quot;status&quot;: &quot;PENDING&quot;
            },
            {
                &quot;time&quot;: &quot;2022-02-18T15:42:24.628Z&quot;,
                &quot;status&quot;: &quot;SEND&quot;
            },
            {
                &quot;time&quot;: &quot;2022-02-18T15:42:24.664Z&quot;,
                &quot;status&quot;: &quot;DELIVERED&quot;
            },
            {
                &quot;time&quot;: &quot;2022-02-18T15:45:04.233Z&quot;,
                &quot;status&quot;: &quot;PENDING&quot;
            },
            {
                &quot;time&quot;: &quot;2022-02-18T15:45:04.267Z&quot;,
                &quot;status&quot;: &quot;SEND&quot;
            },
            {
                &quot;time&quot;: &quot;2022-02-18T15:45:04.303Z&quot;,
                &quot;status&quot;: &quot;DELIVERED&quot;
            },
            {
                &quot;time&quot;: &quot;2022-02-18T15:45:26.812Z&quot;,
                &quot;status&quot;: &quot;PENDING&quot;
            },
            {
                &quot;time&quot;: &quot;2022-02-18T15:45:26.839Z&quot;,
                &quot;status&quot;: &quot;SEND&quot;
            },
            {
                &quot;time&quot;: &quot;2022-02-18T15:45:26.882Z&quot;,
                &quot;status&quot;: &quot;DELIVERED&quot;
            },
            {
                &quot;time&quot;: &quot;2022-02-18T15:48:05.017Z&quot;,
                &quot;status&quot;: &quot;PENDING&quot;
            },
            {
                &quot;time&quot;: &quot;2022-02-18T15:48:05.047Z&quot;,
                &quot;status&quot;: &quot;SEND&quot;
            }
        ],
        &quot;status&quot;: &quot;DELIVERED&quot;
    },
    &quot;creationTime&quot;: &quot;2022-02-18T15:10:35.358Z&quot;,
    &quot;deviceId&quot;: &quot;14382422&quot;,
    &quot;deviceName&quot;: &quot;mythic_beasts_pi_all_jobs_sag&quot;,
    &quot;self&quot;: &quot;https://t493319102.eu-latest.cumulocity.com/devicecontrol/operations/14382430&quot;,
    &quot;id&quot;: &quot;14382430&quot;,
    &quot;status&quot;: &quot;PENDING&quot;,
    &quot;c8y_LogfileRequest&quot;: {
        &quot;searchText&quot;: &quot;&quot;,
        &quot;logFile&quot;: &quot;software-management&quot;,
        &quot;dateTo&quot;: &quot;2021-11-21T18:55:49+0530&quot;,
        &quot;dateFrom&quot;: &quot;2021-11-15T18:55:49+0530&quot;,
        &quot;maximumLines&quot;: 300
    },
    &quot;description&quot;: &quot;Log file request&quot;
}
15:48:50 DEBUG Final URL of the request: https://thin-edge-io.eu-latest.cumulocity.com/devicecontrol/operations?deviceId=14382422&amp;pageSize=1&amp;revert=true&amp;dateFrom=1970-01-01T00%3A00%3A00.000Z
15:48:50 INFO  State of current operation: PENDING
15:48:50 DEBUG Final URL of the request: https://thin-edge-io.eu-latest.cumulocity.com/devicecontrol/operations?deviceId=14382422&amp;pageSize=1&amp;revert=true&amp;dateFrom=1970-01-01T00%3A00%3A00.000Z
15:48:50 DEBUG State of current operation: {
    &quot;delivery&quot;: {
        &quot;time&quot;: &quot;2022-02-18T15:48:05.094Z&quot;,
        &quot;log&quot;: [
            {
                &quot;time&quot;: &quot;2022-02-18T15:10:35.371Z&quot;,
                &quot;status&quot;: &quot;PENDING&quot;
            },
            {
                &quot;time&quot;: &quot;2022-02-18T15:10:35.380Z&quot;,
                &quot;status&quot;: &quot;SEND&quot;
            },
            {
                &quot;time&quot;: &quot;2022-02-18T15:10:35.414Z&quot;,
                &quot;status&quot;: &quot;DELIVERED&quot;
            },
            {
                &quot;time&quot;: &quot;2022-02-18T15:11:42.300Z&quot;,
                &quot;status&quot;: &quot;PENDING&quot;
            },
            {
                &quot;time&quot;: &quot;2022-02-18T15:11:42.322Z&quot;,
                &quot;status&quot;: &quot;SEND&quot;
            },
            {
                &quot;time&quot;: &quot;2022-02-18T15:11:42.359Z&quot;,
                &quot;status&quot;: &quot;DELIVERED&quot;
            },
            {
                &quot;time&quot;: &quot;2022-02-18T15:12:59.572Z&quot;,
                &quot;status&quot;: &quot;PENDING&quot;
            },
            {
                &quot;time&quot;: &quot;2022-02-18T15:12:59.593Z&quot;,
                &quot;status&quot;: &quot;SEND&quot;
            },
            {
                &quot;time&quot;: &quot;2022-02-18T15:12:59.628Z&quot;,
                &quot;status&quot;: &quot;DELIVERED&quot;
            },
            {
                &quot;time&quot;: &quot;2022-02-18T15:14:12.920Z&quot;,
                &quot;status&quot;: &quot;PENDING&quot;
            },
            {
                &quot;time&quot;: &quot;2022-02-18T15:14:12.944Z&quot;,
                &quot;status&quot;: &quot;SEND&quot;
            },
            {
                &quot;time&quot;: &quot;2022-02-18T15:14:12.981Z&quot;,
                &quot;status&quot;: &quot;DELIVERED&quot;
            },
            {
                &quot;time&quot;: &quot;2022-02-18T15:15:26.328Z&quot;,
                &quot;status&quot;: &quot;PENDING&quot;
            },
            {
                &quot;time&quot;: &quot;2022-02-18T15:15:26.352Z&quot;,
                &quot;status&quot;: &quot;SEND&quot;
            },
            {
                &quot;time&quot;: &quot;2022-02-18T15:15:26.390Z&quot;,
                &quot;status&quot;: &quot;DELIVERED&quot;
            },
            {
                &quot;time&quot;: &quot;2022-02-18T15:16:04.923Z&quot;,
                &quot;status&quot;: &quot;PENDING&quot;
            },
            {
                &quot;time&quot;: &quot;2022-02-18T15:16:04.942Z&quot;,
                &quot;status&quot;: &quot;SEND&quot;
            },
            {
                &quot;time&quot;: &quot;2022-02-18T15:16:04.979Z&quot;,
                &quot;status&quot;: &quot;DELIVERED&quot;
            },
            {
                &quot;time&quot;: &quot;2022-02-18T15:16:55.848Z&quot;,
                &quot;status&quot;: &quot;PENDING&quot;
            },
            {
                &quot;time&quot;: &quot;2022-02-18T15:16:55.868Z&quot;,
                &quot;status&quot;: &quot;SEND&quot;
            },
            {
                &quot;time&quot;: &quot;2022-02-18T15:16:55.905Z&quot;,
                &quot;status&quot;: &quot;DELIVERED&quot;
            },
            {
                &quot;time&quot;: &quot;2022-02-18T15:17:46.625Z&quot;,
                &quot;status&quot;: &quot;PENDING&quot;
            },
            {
                &quot;time&quot;: &quot;2022-02-18T15:17:46.652Z&quot;,
                &quot;status&quot;: &quot;SEND&quot;
            },
            {
                &quot;time&quot;: &quot;2022-02-18T15:17:46.687Z&quot;,
                &quot;status&quot;: &quot;DELIVERED&quot;
            },
            {
                &quot;time&quot;: &quot;2022-02-18T15:18:28.019Z&quot;,
                &quot;status&quot;: &quot;PENDING&quot;
            },
            {
                &quot;time&quot;: &quot;2022-02-18T15:18:28.043Z&quot;,
                &quot;status&quot;: &quot;SEND&quot;
            },
            {
                &quot;time&quot;: &quot;2022-02-18T15:18:28.079Z&quot;,
                &quot;status&quot;: &quot;DELIVERED&quot;
            },
            {
                &quot;time&quot;: &quot;2022-02-18T15:20:43.491Z&quot;,
                &quot;status&quot;: &quot;PENDING&quot;
            },
            {
                &quot;time&quot;: &quot;2022-02-18T15:20:43.514Z&quot;,
                &quot;status&quot;: &quot;SEND&quot;
            },
            {
                &quot;time&quot;: &quot;2022-02-18T15:20:43.550Z&quot;,
                &quot;status&quot;: &quot;DELIVERED&quot;
            },
            {
                &quot;time&quot;: &quot;2022-02-18T15:23:08.808Z&quot;,
                &quot;status&quot;: &quot;PENDING&quot;
            },
            {
                &quot;time&quot;: &quot;2022-02-18T15:23:08.831Z&quot;,
                &quot;status&quot;: &quot;SEND&quot;
            },
            {
                &quot;time&quot;: &quot;2022-02-18T15:23:08.869Z&quot;,
                &quot;status&quot;: &quot;DELIVERED&quot;
            },
            {
                &quot;time&quot;: &quot;2022-02-18T15:23:31.763Z&quot;,
                &quot;status&quot;: &quot;PENDING&quot;
            },
            {
                &quot;time&quot;: &quot;2022-02-18T15:23:31.789Z&quot;,
                &quot;status&quot;: &quot;SEND&quot;
            },
            {
                &quot;time&quot;: &quot;2022-02-18T15:23:31.829Z&quot;,
                &quot;status&quot;: &quot;DELIVERED&quot;
            },
            {
                &quot;time&quot;: &quot;2022-02-18T15:23:56.183Z&quot;,
                &quot;status&quot;: &quot;PENDING&quot;
            },
            {
                &quot;time&quot;: &quot;2022-02-18T15:23:56.205Z&quot;,
                &quot;status&quot;: &quot;SEND&quot;
            },
            {
                &quot;time&quot;: &quot;2022-02-18T15:23:56.240Z&quot;,
                &quot;status&quot;: &quot;DELIVERED&quot;
            },
            {
                &quot;time&quot;: &quot;2022-02-18T15:24:19.191Z&quot;,
                &quot;status&quot;: &quot;PENDING&quot;
            },
            {
                &quot;time&quot;: &quot;2022-02-18T15:24:19.214Z&quot;,
                &quot;status&quot;: &quot;SEND&quot;
            },
            {
                &quot;time&quot;: &quot;2022-02-18T15:24:19.249Z&quot;,
                &quot;status&quot;: &quot;DELIVERED&quot;
            },
            {
                &quot;time&quot;: &quot;2022-02-18T15:24:56.124Z&quot;,
                &quot;status&quot;: &quot;PENDING&quot;
            },
            {
                &quot;time&quot;: &quot;2022-02-18T15:24:56.152Z&quot;,
                &quot;status&quot;: &quot;SEND&quot;
            },
            {
                &quot;time&quot;: &quot;2022-02-18T15:24:56.186Z&quot;,
                &quot;status&quot;: &quot;DELIVERED&quot;
            },
            {
                &quot;time&quot;: &quot;2022-02-18T15:25:21.105Z&quot;,
                &quot;status&quot;: &quot;PENDING&quot;
            },
            {
                &quot;time&quot;: &quot;2022-02-18T15:25:21.127Z&quot;,
                &quot;status&quot;: &quot;SEND&quot;
            },
            {
                &quot;time&quot;: &quot;2022-02-18T15:25:21.164Z&quot;,
                &quot;status&quot;: &quot;DELIVERED&quot;
            },
            {
                &quot;time&quot;: &quot;2022-02-18T15:25:45.991Z&quot;,
                &quot;status&quot;: &quot;PENDING&quot;
            },
            {
                &quot;time&quot;: &quot;2022-02-18T15:25:46.015Z&quot;,
                &quot;status&quot;: &quot;SEND&quot;
            },
            {
                &quot;time&quot;: &quot;2022-02-18T15:25:46.050Z&quot;,
                &quot;status&quot;: &quot;DELIVERED&quot;
            },
            {
                &quot;time&quot;: &quot;2022-02-18T15:42:24.600Z&quot;,
                &quot;status&quot;: &quot;PENDING&quot;
            },
            {
                &quot;time&quot;: &quot;2022-02-18T15:42:24.628Z&quot;,
                &quot;status&quot;: &quot;SEND&quot;
            },
            {
                &quot;time&quot;: &quot;2022-02-18T15:42:24.664Z&quot;,
                &quot;status&quot;: &quot;DELIVERED&quot;
            },
            {
                &quot;time&quot;: &quot;2022-02-18T15:45:04.233Z&quot;,
                &quot;status&quot;: &quot;PENDING&quot;
            },
            {
                &quot;time&quot;: &quot;2022-02-18T15:45:04.267Z&quot;,
                &quot;status&quot;: &quot;SEND&quot;
            },
            {
                &quot;time&quot;: &quot;2022-02-18T15:45:04.303Z&quot;,
                &quot;status&quot;: &quot;DELIVERED&quot;
            },
            {
                &quot;time&quot;: &quot;2022-02-18T15:45:26.812Z&quot;,
                &quot;status&quot;: &quot;PENDING&quot;
            },
            {
                &quot;time&quot;: &quot;2022-02-18T15:45:26.839Z&quot;,
                &quot;status&quot;: &quot;SEND&quot;
            },
            {
                &quot;time&quot;: &quot;2022-02-18T15:45:26.882Z&quot;,
                &quot;status&quot;: &quot;DELIVERED&quot;
            },
            {
                &quot;time&quot;: &quot;2022-02-18T15:48:05.017Z&quot;,
                &quot;status&quot;: &quot;PENDING&quot;
            },
            {
                &quot;time&quot;: &quot;2022-02-18T15:48:05.047Z&quot;,
                &quot;status&quot;: &quot;SEND&quot;
            }
        ],
        &quot;status&quot;: &quot;DELIVERED&quot;
    },
    &quot;creationTime&quot;: &quot;2022-02-18T15:10:35.358Z&quot;,
    &quot;deviceId&quot;: &quot;14382422&quot;,
    &quot;deviceName&quot;: &quot;mythic_beasts_pi_all_jobs_sag&quot;,
    &quot;self&quot;: &quot;https://t493319102.eu-latest.cumulocity.com/devicecontrol/operations/14382430&quot;,
    &quot;id&quot;: &quot;14382430&quot;,
    &quot;status&quot;: &quot;PENDING&quot;,
    &quot;c8y_LogfileRequest&quot;: {
        &quot;searchText&quot;: &quot;&quot;,
        &quot;logFile&quot;: &quot;software-management&quot;,
        &quot;dateTo&quot;: &quot;2021-11-21T18:55:49+0530&quot;,
        &quot;dateFrom&quot;: &quot;2021-11-15T18:55:49+0530&quot;,
        &quot;maximumLines&quot;: 300
    },
    &quot;description&quot;: &quot;Log file request&quot;
}
15:48:53 DEBUG Final URL of the request: https://thin-edge-io.eu-latest.cumulocity.com/devicecontrol/operations?deviceId=14382422&amp;pageSize=1&amp;revert=true&amp;dateFrom=1970-01-01T00%3A00%3A00.000Z
15:48:53 INFO  State of current operation: PENDING
15:48:53 DEBUG Final URL of the request: https://thin-edge-io.eu-latest.cumulocity.com/devicecontrol/operations?deviceId=14382422&amp;pageSize=1&amp;revert=true&amp;dateFrom=1970-01-01T00%3A00%3A00.000Z
15:48:53 DEBUG State of current operation: {
    &quot;delivery&quot;: {
        &quot;time&quot;: &quot;2022-02-18T15:48:05.094Z&quot;,
        &quot;log&quot;: [
            {
                &quot;time&quot;: &quot;2022-02-18T15:10:35.371Z&quot;,
                &quot;status&quot;: &quot;PENDING&quot;
            },
            {
                &quot;time&quot;: &quot;2022-02-18T15:10:35.380Z&quot;,
                &quot;status&quot;: &quot;SEND&quot;
            },
            {
                &quot;time&quot;: &quot;2022-02-18T15:10:35.414Z&quot;,
                &quot;status&quot;: &quot;DELIVERED&quot;
            },
            {
                &quot;time&quot;: &quot;2022-02-18T15:11:42.300Z&quot;,
                &quot;status&quot;: &quot;PENDING&quot;
            },
            {
                &quot;time&quot;: &quot;2022-02-18T15:11:42.322Z&quot;,
                &quot;status&quot;: &quot;SEND&quot;
            },
            {
                &quot;time&quot;: &quot;2022-02-18T15:11:42.359Z&quot;,
                &quot;status&quot;: &quot;DELIVERED&quot;
            },
            {
                &quot;time&quot;: &quot;2022-02-18T15:12:59.572Z&quot;,
                &quot;status&quot;: &quot;PENDING&quot;
            },
            {
                &quot;time&quot;: &quot;2022-02-18T15:12:59.593Z&quot;,
                &quot;status&quot;: &quot;SEND&quot;
            },
            {
                &quot;time&quot;: &quot;2022-02-18T15:12:59.628Z&quot;,
                &quot;status&quot;: &quot;DELIVERED&quot;
            },
            {
                &quot;time&quot;: &quot;2022-02-18T15:14:12.920Z&quot;,
                &quot;status&quot;: &quot;PENDING&quot;
            },
            {
                &quot;time&quot;: &quot;2022-02-18T15:14:12.944Z&quot;,
                &quot;status&quot;: &quot;SEND&quot;
            },
            {
                &quot;time&quot;: &quot;2022-02-18T15:14:12.981Z&quot;,
                &quot;status&quot;: &quot;DELIVERED&quot;
            },
            {
                &quot;time&quot;: &quot;2022-02-18T15:15:26.328Z&quot;,
                &quot;status&quot;: &quot;PENDING&quot;
            },
            {
                &quot;time&quot;: &quot;2022-02-18T15:15:26.352Z&quot;,
                &quot;status&quot;: &quot;SEND&quot;
            },
            {
                &quot;time&quot;: &quot;2022-02-18T15:15:26.390Z&quot;,
                &quot;status&quot;: &quot;DELIVERED&quot;
            },
            {
                &quot;time&quot;: &quot;2022-02-18T15:16:04.923Z&quot;,
                &quot;status&quot;: &quot;PENDING&quot;
            },
            {
                &quot;time&quot;: &quot;2022-02-18T15:16:04.942Z&quot;,
                &quot;status&quot;: &quot;SEND&quot;
            },
            {
                &quot;time&quot;: &quot;2022-02-18T15:16:04.979Z&quot;,
                &quot;status&quot;: &quot;DELIVERED&quot;
            },
            {
                &quot;time&quot;: &quot;2022-02-18T15:16:55.848Z&quot;,
                &quot;status&quot;: &quot;PENDING&quot;
            },
            {
                &quot;time&quot;: &quot;2022-02-18T15:16:55.868Z&quot;,
                &quot;status&quot;: &quot;SEND&quot;
            },
            {
                &quot;time&quot;: &quot;2022-02-18T15:16:55.905Z&quot;,
                &quot;status&quot;: &quot;DELIVERED&quot;
            },
            {
                &quot;time&quot;: &quot;2022-02-18T15:17:46.625Z&quot;,
                &quot;status&quot;: &quot;PENDING&quot;
            },
            {
                &quot;time&quot;: &quot;2022-02-18T15:17:46.652Z&quot;,
                &quot;status&quot;: &quot;SEND&quot;
            },
            {
                &quot;time&quot;: &quot;2022-02-18T15:17:46.687Z&quot;,
                &quot;status&quot;: &quot;DELIVERED&quot;
            },
            {
                &quot;time&quot;: &quot;2022-02-18T15:18:28.019Z&quot;,
                &quot;status&quot;: &quot;PENDING&quot;
            },
            {
                &quot;time&quot;: &quot;2022-02-18T15:18:28.043Z&quot;,
                &quot;status&quot;: &quot;SEND&quot;
            },
            {
                &quot;time&quot;: &quot;2022-02-18T15:18:28.079Z&quot;,
                &quot;status&quot;: &quot;DELIVERED&quot;
            },
            {
                &quot;time&quot;: &quot;2022-02-18T15:20:43.491Z&quot;,
                &quot;status&quot;: &quot;PENDING&quot;
            },
            {
                &quot;time&quot;: &quot;2022-02-18T15:20:43.514Z&quot;,
                &quot;status&quot;: &quot;SEND&quot;
            },
            {
                &quot;time&quot;: &quot;2022-02-18T15:20:43.550Z&quot;,
                &quot;status&quot;: &quot;DELIVERED&quot;
            },
            {
                &quot;time&quot;: &quot;2022-02-18T15:23:08.808Z&quot;,
                &quot;status&quot;: &quot;PENDING&quot;
            },
            {
                &quot;time&quot;: &quot;2022-02-18T15:23:08.831Z&quot;,
                &quot;status&quot;: &quot;SEND&quot;
            },
            {
                &quot;time&quot;: &quot;2022-02-18T15:23:08.869Z&quot;,
                &quot;status&quot;: &quot;DELIVERED&quot;
            },
            {
                &quot;time&quot;: &quot;2022-02-18T15:23:31.763Z&quot;,
                &quot;status&quot;: &quot;PENDING&quot;
            },
            {
                &quot;time&quot;: &quot;2022-02-18T15:23:31.789Z&quot;,
                &quot;status&quot;: &quot;SEND&quot;
            },
            {
                &quot;time&quot;: &quot;2022-02-18T15:23:31.829Z&quot;,
                &quot;status&quot;: &quot;DELIVERED&quot;
            },
            {
                &quot;time&quot;: &quot;2022-02-18T15:23:56.183Z&quot;,
                &quot;status&quot;: &quot;PENDING&quot;
            },
            {
                &quot;time&quot;: &quot;2022-02-18T15:23:56.205Z&quot;,
                &quot;status&quot;: &quot;SEND&quot;
            },
            {
                &quot;time&quot;: &quot;2022-02-18T15:23:56.240Z&quot;,
                &quot;status&quot;: &quot;DELIVERED&quot;
            },
            {
                &quot;time&quot;: &quot;2022-02-18T15:24:19.191Z&quot;,
                &quot;status&quot;: &quot;PENDING&quot;
            },
            {
                &quot;time&quot;: &quot;2022-02-18T15:24:19.214Z&quot;,
                &quot;status&quot;: &quot;SEND&quot;
            },
            {
                &quot;time&quot;: &quot;2022-02-18T15:24:19.249Z&quot;,
                &quot;status&quot;: &quot;DELIVERED&quot;
            },
            {
                &quot;time&quot;: &quot;2022-02-18T15:24:56.124Z&quot;,
                &quot;status&quot;: &quot;PENDING&quot;
            },
            {
                &quot;time&quot;: &quot;2022-02-18T15:24:56.152Z&quot;,
                &quot;status&quot;: &quot;SEND&quot;
            },
            {
                &quot;time&quot;: &quot;2022-02-18T15:24:56.186Z&quot;,
                &quot;status&quot;: &quot;DELIVERED&quot;
            },
            {
                &quot;time&quot;: &quot;2022-02-18T15:25:21.105Z&quot;,
                &quot;status&quot;: &quot;PENDING&quot;
            },
            {
                &quot;time&quot;: &quot;2022-02-18T15:25:21.127Z&quot;,
                &quot;status&quot;: &quot;SEND&quot;
            },
            {
                &quot;time&quot;: &quot;2022-02-18T15:25:21.164Z&quot;,
                &quot;status&quot;: &quot;DELIVERED&quot;
            },
            {
                &quot;time&quot;: &quot;2022-02-18T15:25:45.991Z&quot;,
                &quot;status&quot;: &quot;PENDING&quot;
            },
            {
                &quot;time&quot;: &quot;2022-02-18T15:25:46.015Z&quot;,
                &quot;status&quot;: &quot;SEND&quot;
            },
            {
                &quot;time&quot;: &quot;2022-02-18T15:25:46.050Z&quot;,
                &quot;status&quot;: &quot;DELIVERED&quot;
            },
            {
                &quot;time&quot;: &quot;2022-02-18T15:42:24.600Z&quot;,
                &quot;status&quot;: &quot;PENDING&quot;
            },
            {
                &quot;time&quot;: &quot;2022-02-18T15:42:24.628Z&quot;,
                &quot;status&quot;: &quot;SEND&quot;
            },
            {
                &quot;time&quot;: &quot;2022-02-18T15:42:24.664Z&quot;,
                &quot;status&quot;: &quot;DELIVERED&quot;
            },
            {
                &quot;time&quot;: &quot;2022-02-18T15:45:04.233Z&quot;,
                &quot;status&quot;: &quot;PENDING&quot;
            },
            {
                &quot;time&quot;: &quot;2022-02-18T15:45:04.267Z&quot;,
                &quot;status&quot;: &quot;SEND&quot;
            },
            {
                &quot;time&quot;: &quot;2022-02-18T15:45:04.303Z&quot;,
                &quot;status&quot;: &quot;DELIVERED&quot;
            },
            {
                &quot;time&quot;: &quot;2022-02-18T15:45:26.812Z&quot;,
                &quot;status&quot;: &quot;PENDING&quot;
            },
            {
                &quot;time&quot;: &quot;2022-02-18T15:45:26.839Z&quot;,
                &quot;status&quot;: &quot;SEND&quot;
            },
            {
                &quot;time&quot;: &quot;2022-02-18T15:45:26.882Z&quot;,
                &quot;status&quot;: &quot;DELIVERED&quot;
            },
            {
                &quot;time&quot;: &quot;2022-02-18T15:48:05.017Z&quot;,
                &quot;status&quot;: &quot;PENDING&quot;
            },
            {
                &quot;time&quot;: &quot;2022-02-18T15:48:05.047Z&quot;,
                &quot;status&quot;: &quot;SEND&quot;
            }
        ],
        &quot;status&quot;: &quot;DELIVERED&quot;
    },
    &quot;creationTime&quot;: &quot;2022-02-18T15:10:35.358Z&quot;,
    &quot;deviceId&quot;: &quot;14382422&quot;,
    &quot;deviceName&quot;: &quot;mythic_beasts_pi_all_jobs_sag&quot;,
    &quot;self&quot;: &quot;https://t493319102.eu-latest.cumulocity.com/devicecontrol/operations/14382430&quot;,
    &quot;id&quot;: &quot;14382430&quot;,
    &quot;status&quot;: &quot;PENDING&quot;,
    &quot;c8y_LogfileRequest&quot;: {
        &quot;searchText&quot;: &quot;&quot;,
        &quot;logFile&quot;: &quot;software-management&quot;,
        &quot;dateTo&quot;: &quot;2021-11-21T18:55:49+0530&quot;,
        &quot;dateFrom&quot;: &quot;2021-11-15T18:55:49+0530&quot;,
        &quot;maximumLines&quot;: 300
    },
    &quot;description&quot;: &quot;Log file request&quot;
}
15:48:55 DEBUG Final URL of the request: https://thin-edge-io.eu-latest.cumulocity.com/devicecontrol/operations?deviceId=14382422&amp;pageSize=1&amp;revert=true&amp;dateFrom=1970-01-01T00%3A00%3A00.000Z
15:48:55 INFO  State of current operation: PENDING
15:48:55 DEBUG Final URL of the request: https://thin-edge-io.eu-latest.cumulocity.com/devicecontrol/operations?deviceId=14382422&amp;pageSize=1&amp;revert=true&amp;dateFrom=1970-01-01T00%3A00%3A00.000Z
15:48:55 DEBUG State of current operation: {
    &quot;delivery&quot;: {
        &quot;time&quot;: &quot;2022-02-18T15:48:05.094Z&quot;,
        &quot;log&quot;: [
            {
                &quot;time&quot;: &quot;2022-02-18T15:10:35.371Z&quot;,
                &quot;status&quot;: &quot;PENDING&quot;
            },
            {
                &quot;time&quot;: &quot;2022-02-18T15:10:35.380Z&quot;,
                &quot;status&quot;: &quot;SEND&quot;
            },
            {
                &quot;time&quot;: &quot;2022-02-18T15:10:35.414Z&quot;,
                &quot;status&quot;: &quot;DELIVERED&quot;
            },
            {
                &quot;time&quot;: &quot;2022-02-18T15:11:42.300Z&quot;,
                &quot;status&quot;: &quot;PENDING&quot;
            },
            {
                &quot;time&quot;: &quot;2022-02-18T15:11:42.322Z&quot;,
                &quot;status&quot;: &quot;SEND&quot;
            },
            {
                &quot;time&quot;: &quot;2022-02-18T15:11:42.359Z&quot;,
                &quot;status&quot;: &quot;DELIVERED&quot;
            },
            {
                &quot;time&quot;: &quot;2022-02-18T15:12:59.572Z&quot;,
                &quot;status&quot;: &quot;PENDING&quot;
            },
            {
                &quot;time&quot;: &quot;2022-02-18T15:12:59.593Z&quot;,
                &quot;status&quot;: &quot;SEND&quot;
            },
            {
                &quot;time&quot;: &quot;2022-02-18T15:12:59.628Z&quot;,
                &quot;status&quot;: &quot;DELIVERED&quot;
            },
            {
                &quot;time&quot;: &quot;2022-02-18T15:14:12.920Z&quot;,
                &quot;status&quot;: &quot;PENDING&quot;
            },
            {
                &quot;time&quot;: &quot;2022-02-18T15:14:12.944Z&quot;,
                &quot;status&quot;: &quot;SEND&quot;
            },
            {
                &quot;time&quot;: &quot;2022-02-18T15:14:12.981Z&quot;,
                &quot;status&quot;: &quot;DELIVERED&quot;
            },
            {
                &quot;time&quot;: &quot;2022-02-18T15:15:26.328Z&quot;,
                &quot;status&quot;: &quot;PENDING&quot;
            },
            {
                &quot;time&quot;: &quot;2022-02-18T15:15:26.352Z&quot;,
                &quot;status&quot;: &quot;SEND&quot;
            },
            {
                &quot;time&quot;: &quot;2022-02-18T15:15:26.390Z&quot;,
                &quot;status&quot;: &quot;DELIVERED&quot;
            },
            {
                &quot;time&quot;: &quot;2022-02-18T15:16:04.923Z&quot;,
                &quot;status&quot;: &quot;PENDING&quot;
            },
            {
                &quot;time&quot;: &quot;2022-02-18T15:16:04.942Z&quot;,
                &quot;status&quot;: &quot;SEND&quot;
            },
            {
                &quot;time&quot;: &quot;2022-02-18T15:16:04.979Z&quot;,
                &quot;status&quot;: &quot;DELIVERED&quot;
            },
            {
                &quot;time&quot;: &quot;2022-02-18T15:16:55.848Z&quot;,
                &quot;status&quot;: &quot;PENDING&quot;
            },
            {
                &quot;time&quot;: &quot;2022-02-18T15:16:55.868Z&quot;,
                &quot;status&quot;: &quot;SEND&quot;
            },
            {
                &quot;time&quot;: &quot;2022-02-18T15:16:55.905Z&quot;,
                &quot;status&quot;: &quot;DELIVERED&quot;
            },
            {
                &quot;time&quot;: &quot;2022-02-18T15:17:46.625Z&quot;,
                &quot;status&quot;: &quot;PENDING&quot;
            },
            {
                &quot;time&quot;: &quot;2022-02-18T15:17:46.652Z&quot;,
                &quot;status&quot;: &quot;SEND&quot;
            },
            {
                &quot;time&quot;: &quot;2022-02-18T15:17:46.687Z&quot;,
                &quot;status&quot;: &quot;DELIVERED&quot;
            },
            {
                &quot;time&quot;: &quot;2022-02-18T15:18:28.019Z&quot;,
                &quot;status&quot;: &quot;PENDING&quot;
            },
            {
                &quot;time&quot;: &quot;2022-02-18T15:18:28.043Z&quot;,
                &quot;status&quot;: &quot;SEND&quot;
            },
            {
                &quot;time&quot;: &quot;2022-02-18T15:18:28.079Z&quot;,
                &quot;status&quot;: &quot;DELIVERED&quot;
            },
            {
                &quot;time&quot;: &quot;2022-02-18T15:20:43.491Z&quot;,
                &quot;status&quot;: &quot;PENDING&quot;
            },
            {
                &quot;time&quot;: &quot;2022-02-18T15:20:43.514Z&quot;,
                &quot;status&quot;: &quot;SEND&quot;
            },
            {
                &quot;time&quot;: &quot;2022-02-18T15:20:43.550Z&quot;,
                &quot;status&quot;: &quot;DELIVERED&quot;
            },
            {
                &quot;time&quot;: &quot;2022-02-18T15:23:08.808Z&quot;,
                &quot;status&quot;: &quot;PENDING&quot;
            },
            {
                &quot;time&quot;: &quot;2022-02-18T15:23:08.831Z&quot;,
                &quot;status&quot;: &quot;SEND&quot;
            },
            {
                &quot;time&quot;: &quot;2022-02-18T15:23:08.869Z&quot;,
                &quot;status&quot;: &quot;DELIVERED&quot;
            },
            {
                &quot;time&quot;: &quot;2022-02-18T15:23:31.763Z&quot;,
                &quot;status&quot;: &quot;PENDING&quot;
            },
            {
                &quot;time&quot;: &quot;2022-02-18T15:23:31.789Z&quot;,
                &quot;status&quot;: &quot;SEND&quot;
            },
            {
                &quot;time&quot;: &quot;2022-02-18T15:23:31.829Z&quot;,
                &quot;status&quot;: &quot;DELIVERED&quot;
            },
            {
                &quot;time&quot;: &quot;2022-02-18T15:23:56.183Z&quot;,
                &quot;status&quot;: &quot;PENDING&quot;
            },
            {
                &quot;time&quot;: &quot;2022-02-18T15:23:56.205Z&quot;,
                &quot;status&quot;: &quot;SEND&quot;
            },
            {
                &quot;time&quot;: &quot;2022-02-18T15:23:56.240Z&quot;,
                &quot;status&quot;: &quot;DELIVERED&quot;
            },
            {
                &quot;time&quot;: &quot;2022-02-18T15:24:19.191Z&quot;,
                &quot;status&quot;: &quot;PENDING&quot;
            },
            {
                &quot;time&quot;: &quot;2022-02-18T15:24:19.214Z&quot;,
                &quot;status&quot;: &quot;SEND&quot;
            },
            {
                &quot;time&quot;: &quot;2022-02-18T15:24:19.249Z&quot;,
                &quot;status&quot;: &quot;DELIVERED&quot;
            },
            {
                &quot;time&quot;: &quot;2022-02-18T15:24:56.124Z&quot;,
                &quot;status&quot;: &quot;PENDING&quot;
            },
            {
                &quot;time&quot;: &quot;2022-02-18T15:24:56.152Z&quot;,
                &quot;status&quot;: &quot;SEND&quot;
            },
            {
                &quot;time&quot;: &quot;2022-02-18T15:24:56.186Z&quot;,
                &quot;status&quot;: &quot;DELIVERED&quot;
            },
            {
                &quot;time&quot;: &quot;2022-02-18T15:25:21.105Z&quot;,
                &quot;status&quot;: &quot;PENDING&quot;
            },
            {
                &quot;time&quot;: &quot;2022-02-18T15:25:21.127Z&quot;,
                &quot;status&quot;: &quot;SEND&quot;
            },
            {
                &quot;time&quot;: &quot;2022-02-18T15:25:21.164Z&quot;,
                &quot;status&quot;: &quot;DELIVERED&quot;
            },
            {
                &quot;time&quot;: &quot;2022-02-18T15:25:45.991Z&quot;,
                &quot;status&quot;: &quot;PENDING&quot;
            },
            {
                &quot;time&quot;: &quot;2022-02-18T15:25:46.015Z&quot;,
                &quot;status&quot;: &quot;SEND&quot;
            },
            {
                &quot;time&quot;: &quot;2022-02-18T15:25:46.050Z&quot;,
                &quot;status&quot;: &quot;DELIVERED&quot;
            },
            {
                &quot;time&quot;: &quot;2022-02-18T15:42:24.600Z&quot;,
                &quot;status&quot;: &quot;PENDING&quot;
            },
            {
                &quot;time&quot;: &quot;2022-02-18T15:42:24.628Z&quot;,
                &quot;status&quot;: &quot;SEND&quot;
            },
            {
                &quot;time&quot;: &quot;2022-02-18T15:42:24.664Z&quot;,
                &quot;status&quot;: &quot;DELIVERED&quot;
            },
            {
                &quot;time&quot;: &quot;2022-02-18T15:45:04.233Z&quot;,
                &quot;status&quot;: &quot;PENDING&quot;
            },
            {
                &quot;time&quot;: &quot;2022-02-18T15:45:04.267Z&quot;,
                &quot;status&quot;: &quot;SEND&quot;
            },
            {
                &quot;time&quot;: &quot;2022-02-18T15:45:04.303Z&quot;,
                &quot;status&quot;: &quot;DELIVERED&quot;
            },
            {
                &quot;time&quot;: &quot;2022-02-18T15:45:26.812Z&quot;,
                &quot;status&quot;: &quot;PENDING&quot;
            },
            {
                &quot;time&quot;: &quot;2022-02-18T15:45:26.839Z&quot;,
                &quot;status&quot;: &quot;SEND&quot;
            },
            {
                &quot;time&quot;: &quot;2022-02-18T15:45:26.882Z&quot;,
                &quot;status&quot;: &quot;DELIVERED&quot;
            },
            {
                &quot;time&quot;: &quot;2022-02-18T15:48:05.017Z&quot;,
                &quot;status&quot;: &quot;PENDING&quot;
            },
            {
                &quot;time&quot;: &quot;2022-02-18T15:48:05.047Z&quot;,
                &quot;status&quot;: &quot;SEND&quot;
            }
        ],
        &quot;status&quot;: &quot;DELIVERED&quot;
    },
    &quot;creationTime&quot;: &quot;2022-02-18T15:10:35.358Z&quot;,
    &quot;deviceId&quot;: &quot;14382422&quot;,
    &quot;deviceName&quot;: &quot;mythic_beasts_pi_all_jobs_sag&quot;,
    &quot;self&quot;: &quot;https://t493319102.eu-latest.cumulocity.com/devicecontrol/operations/14382430&quot;,
    &quot;id&quot;: &quot;14382430&quot;,
    &quot;status&quot;: &quot;PENDING&quot;,
    &quot;c8y_LogfileRequest&quot;: {
        &quot;searchText&quot;: &quot;&quot;,
        &quot;logFile&quot;: &quot;software-management&quot;,
        &quot;dateTo&quot;: &quot;2021-11-21T18:55:49+0530&quot;,
        &quot;dateFrom&quot;: &quot;2021-11-15T18:55:49+0530&quot;,
        &quot;maximumLines&quot;: 300
    },
    &quot;description&quot;: &quot;Log file request&quot;
}
15:48:57 DEBUG Final URL of the request: https://thin-edge-io.eu-latest.cumulocity.com/devicecontrol/operations?deviceId=14382422&amp;pageSize=1&amp;revert=true&amp;dateFrom=1970-01-01T00%3A00%3A00.000Z
15:48:57 INFO  State of current operation: PENDING
15:48:57 DEBUG Final URL of the request: https://thin-edge-io.eu-latest.cumulocity.com/devicecontrol/operations?deviceId=14382422&amp;pageSize=1&amp;revert=true&amp;dateFrom=1970-01-01T00%3A00%3A00.000Z
15:48:57 DEBUG State of current operation: {
    &quot;delivery&quot;: {
        &quot;time&quot;: &quot;2022-02-18T15:48:05.094Z&quot;,
        &quot;log&quot;: [
            {
                &quot;time&quot;: &quot;2022-02-18T15:10:35.371Z&quot;,
                &quot;status&quot;: &quot;PENDING&quot;
            },
            {
                &quot;time&quot;: &quot;2022-02-18T15:10:35.380Z&quot;,
                &quot;status&quot;: &quot;SEND&quot;
            },
            {
                &quot;time&quot;: &quot;2022-02-18T15:10:35.414Z&quot;,
                &quot;status&quot;: &quot;DELIVERED&quot;
            },
            {
                &quot;time&quot;: &quot;2022-02-18T15:11:42.300Z&quot;,
                &quot;status&quot;: &quot;PENDING&quot;
            },
            {
                &quot;time&quot;: &quot;2022-02-18T15:11:42.322Z&quot;,
                &quot;status&quot;: &quot;SEND&quot;
            },
            {
                &quot;time&quot;: &quot;2022-02-18T15:11:42.359Z&quot;,
                &quot;status&quot;: &quot;DELIVERED&quot;
            },
            {
                &quot;time&quot;: &quot;2022-02-18T15:12:59.572Z&quot;,
                &quot;status&quot;: &quot;PENDING&quot;
            },
            {
                &quot;time&quot;: &quot;2022-02-18T15:12:59.593Z&quot;,
                &quot;status&quot;: &quot;SEND&quot;
            },
            {
                &quot;time&quot;: &quot;2022-02-18T15:12:59.628Z&quot;,
                &quot;status&quot;: &quot;DELIVERED&quot;
            },
            {
                &quot;time&quot;: &quot;2022-02-18T15:14:12.920Z&quot;,
                &quot;status&quot;: &quot;PENDING&quot;
            },
            {
                &quot;time&quot;: &quot;2022-02-18T15:14:12.944Z&quot;,
                &quot;status&quot;: &quot;SEND&quot;
            },
            {
                &quot;time&quot;: &quot;2022-02-18T15:14:12.981Z&quot;,
                &quot;status&quot;: &quot;DELIVERED&quot;
            },
            {
                &quot;time&quot;: &quot;2022-02-18T15:15:26.328Z&quot;,
                &quot;status&quot;: &quot;PENDING&quot;
            },
            {
                &quot;time&quot;: &quot;2022-02-18T15:15:26.352Z&quot;,
                &quot;status&quot;: &quot;SEND&quot;
            },
            {
                &quot;time&quot;: &quot;2022-02-18T15:15:26.390Z&quot;,
                &quot;status&quot;: &quot;DELIVERED&quot;
            },
            {
                &quot;time&quot;: &quot;2022-02-18T15:16:04.923Z&quot;,
                &quot;status&quot;: &quot;PENDING&quot;
            },
            {
                &quot;time&quot;: &quot;2022-02-18T15:16:04.942Z&quot;,
                &quot;status&quot;: &quot;SEND&quot;
            },
            {
                &quot;time&quot;: &quot;2022-02-18T15:16:04.979Z&quot;,
                &quot;status&quot;: &quot;DELIVERED&quot;
            },
            {
                &quot;time&quot;: &quot;2022-02-18T15:16:55.848Z&quot;,
                &quot;status&quot;: &quot;PENDING&quot;
            },
            {
                &quot;time&quot;: &quot;2022-02-18T15:16:55.868Z&quot;,
                &quot;status&quot;: &quot;SEND&quot;
            },
            {
                &quot;time&quot;: &quot;2022-02-18T15:16:55.905Z&quot;,
                &quot;status&quot;: &quot;DELIVERED&quot;
            },
            {
                &quot;time&quot;: &quot;2022-02-18T15:17:46.625Z&quot;,
                &quot;status&quot;: &quot;PENDING&quot;
            },
            {
                &quot;time&quot;: &quot;2022-02-18T15:17:46.652Z&quot;,
                &quot;status&quot;: &quot;SEND&quot;
            },
            {
                &quot;time&quot;: &quot;2022-02-18T15:17:46.687Z&quot;,
                &quot;status&quot;: &quot;DELIVERED&quot;
            },
            {
                &quot;time&quot;: &quot;2022-02-18T15:18:28.019Z&quot;,
                &quot;status&quot;: &quot;PENDING&quot;
            },
            {
                &quot;time&quot;: &quot;2022-02-18T15:18:28.043Z&quot;,
                &quot;status&quot;: &quot;SEND&quot;
            },
            {
                &quot;time&quot;: &quot;2022-02-18T15:18:28.079Z&quot;,
                &quot;status&quot;: &quot;DELIVERED&quot;
            },
            {
                &quot;time&quot;: &quot;2022-02-18T15:20:43.491Z&quot;,
                &quot;status&quot;: &quot;PENDING&quot;
            },
            {
                &quot;time&quot;: &quot;2022-02-18T15:20:43.514Z&quot;,
                &quot;status&quot;: &quot;SEND&quot;
            },
            {
                &quot;time&quot;: &quot;2022-02-18T15:20:43.550Z&quot;,
                &quot;status&quot;: &quot;DELIVERED&quot;
            },
            {
                &quot;time&quot;: &quot;2022-02-18T15:23:08.808Z&quot;,
                &quot;status&quot;: &quot;PENDING&quot;
            },
            {
                &quot;time&quot;: &quot;2022-02-18T15:23:08.831Z&quot;,
                &quot;status&quot;: &quot;SEND&quot;
            },
            {
                &quot;time&quot;: &quot;2022-02-18T15:23:08.869Z&quot;,
                &quot;status&quot;: &quot;DELIVERED&quot;
            },
            {
                &quot;time&quot;: &quot;2022-02-18T15:23:31.763Z&quot;,
                &quot;status&quot;: &quot;PENDING&quot;
            },
            {
                &quot;time&quot;: &quot;2022-02-18T15:23:31.789Z&quot;,
                &quot;status&quot;: &quot;SEND&quot;
            },
            {
                &quot;time&quot;: &quot;2022-02-18T15:23:31.829Z&quot;,
                &quot;status&quot;: &quot;DELIVERED&quot;
            },
            {
                &quot;time&quot;: &quot;2022-02-18T15:23:56.183Z&quot;,
                &quot;status&quot;: &quot;PENDING&quot;
            },
            {
                &quot;time&quot;: &quot;2022-02-18T15:23:56.205Z&quot;,
                &quot;status&quot;: &quot;SEND&quot;
            },
            {
                &quot;time&quot;: &quot;2022-02-18T15:23:56.240Z&quot;,
                &quot;status&quot;: &quot;DELIVERED&quot;
            },
            {
                &quot;time&quot;: &quot;2022-02-18T15:24:19.191Z&quot;,
                &quot;status&quot;: &quot;PENDING&quot;
            },
            {
                &quot;time&quot;: &quot;2022-02-18T15:24:19.214Z&quot;,
                &quot;status&quot;: &quot;SEND&quot;
            },
            {
                &quot;time&quot;: &quot;2022-02-18T15:24:19.249Z&quot;,
                &quot;status&quot;: &quot;DELIVERED&quot;
            },
            {
                &quot;time&quot;: &quot;2022-02-18T15:24:56.124Z&quot;,
                &quot;status&quot;: &quot;PENDING&quot;
            },
            {
                &quot;time&quot;: &quot;2022-02-18T15:24:56.152Z&quot;,
                &quot;status&quot;: &quot;SEND&quot;
            },
            {
                &quot;time&quot;: &quot;2022-02-18T15:24:56.186Z&quot;,
                &quot;status&quot;: &quot;DELIVERED&quot;
            },
            {
                &quot;time&quot;: &quot;2022-02-18T15:25:21.105Z&quot;,
                &quot;status&quot;: &quot;PENDING&quot;
            },
            {
                &quot;time&quot;: &quot;2022-02-18T15:25:21.127Z&quot;,
                &quot;status&quot;: &quot;SEND&quot;
            },
            {
                &quot;time&quot;: &quot;2022-02-18T15:25:21.164Z&quot;,
                &quot;status&quot;: &quot;DELIVERED&quot;
            },
            {
                &quot;time&quot;: &quot;2022-02-18T15:25:45.991Z&quot;,
                &quot;status&quot;: &quot;PENDING&quot;
            },
            {
                &quot;time&quot;: &quot;2022-02-18T15:25:46.015Z&quot;,
                &quot;status&quot;: &quot;SEND&quot;
            },
            {
                &quot;time&quot;: &quot;2022-02-18T15:25:46.050Z&quot;,
                &quot;status&quot;: &quot;DELIVERED&quot;
            },
            {
                &quot;time&quot;: &quot;2022-02-18T15:42:24.600Z&quot;,
                &quot;status&quot;: &quot;PENDING&quot;
            },
            {
                &quot;time&quot;: &quot;2022-02-18T15:42:24.628Z&quot;,
                &quot;status&quot;: &quot;SEND&quot;
            },
            {
                &quot;time&quot;: &quot;2022-02-18T15:42:24.664Z&quot;,
                &quot;status&quot;: &quot;DELIVERED&quot;
            },
            {
                &quot;time&quot;: &quot;2022-02-18T15:45:04.233Z&quot;,
                &quot;status&quot;: &quot;PENDING&quot;
            },
            {
                &quot;time&quot;: &quot;2022-02-18T15:45:04.267Z&quot;,
                &quot;status&quot;: &quot;SEND&quot;
            },
            {
                &quot;time&quot;: &quot;2022-02-18T15:45:04.303Z&quot;,
                &quot;status&quot;: &quot;DELIVERED&quot;
            },
            {
                &quot;time&quot;: &quot;2022-02-18T15:45:26.812Z&quot;,
                &quot;status&quot;: &quot;PENDING&quot;
            },
            {
                &quot;time&quot;: &quot;2022-02-18T15:45:26.839Z&quot;,
                &quot;status&quot;: &quot;SEND&quot;
            },
            {
                &quot;time&quot;: &quot;2022-02-18T15:45:26.882Z&quot;,
                &quot;status&quot;: &quot;DELIVERED&quot;
            },
            {
                &quot;time&quot;: &quot;2022-02-18T15:48:05.017Z&quot;,
                &quot;status&quot;: &quot;PENDING&quot;
            },
            {
                &quot;time&quot;: &quot;2022-02-18T15:48:05.047Z&quot;,
                &quot;status&quot;: &quot;SEND&quot;
            }
        ],
        &quot;status&quot;: &quot;DELIVERED&quot;
    },
    &quot;creationTime&quot;: &quot;2022-02-18T15:10:35.358Z&quot;,
    &quot;deviceId&quot;: &quot;14382422&quot;,
    &quot;deviceName&quot;: &quot;mythic_beasts_pi_all_jobs_sag&quot;,
    &quot;self&quot;: &quot;https://t493319102.eu-latest.cumulocity.com/devicecontrol/operations/14382430&quot;,
    &quot;id&quot;: &quot;14382430&quot;,
    &quot;status&quot;: &quot;PENDING&quot;,
    &quot;c8y_LogfileRequest&quot;: {
        &quot;searchText&quot;: &quot;&quot;,
        &quot;logFile&quot;: &quot;software-management&quot;,
        &quot;dateTo&quot;: &quot;2021-11-21T18:55:49+0530&quot;,
        &quot;dateFrom&quot;: &quot;2021-11-15T18:55:49+0530&quot;,
        &quot;maximumLines&quot;: 300
    },
    &quot;description&quot;: &quot;Log file request&quot;
}
15:48:59 DEBUG Final URL of the request: https://thin-edge-io.eu-latest.cumulocity.com/devicecontrol/operations?deviceId=14382422&amp;pageSize=1&amp;revert=true&amp;dateFrom=1970-01-01T00%3A00%3A00.000Z
15:48:59 INFO  State of current operation: PENDING
15:48:59 DEBUG Final URL of the request: https://thin-edge-io.eu-latest.cumulocity.com/devicecontrol/operations?deviceId=14382422&amp;pageSize=1&amp;revert=true&amp;dateFrom=1970-01-01T00%3A00%3A00.000Z
15:48:59 DEBUG State of current operation: {
    &quot;delivery&quot;: {
        &quot;time&quot;: &quot;2022-02-18T15:48:05.094Z&quot;,
        &quot;log&quot;: [
            {
                &quot;time&quot;: &quot;2022-02-18T15:10:35.371Z&quot;,
                &quot;status&quot;: &quot;PENDING&quot;
            },
            {
                &quot;time&quot;: &quot;2022-02-18T15:10:35.380Z&quot;,
                &quot;status&quot;: &quot;SEND&quot;
            },
            {
                &quot;time&quot;: &quot;2022-02-18T15:10:35.414Z&quot;,
                &quot;status&quot;: &quot;DELIVERED&quot;
            },
            {
                &quot;time&quot;: &quot;2022-02-18T15:11:42.300Z&quot;,
                &quot;status&quot;: &quot;PENDING&quot;
            },
            {
                &quot;time&quot;: &quot;2022-02-18T15:11:42.322Z&quot;,
                &quot;status&quot;: &quot;SEND&quot;
            },
            {
                &quot;time&quot;: &quot;2022-02-18T15:11:42.359Z&quot;,
                &quot;status&quot;: &quot;DELIVERED&quot;
            },
            {
                &quot;time&quot;: &quot;2022-02-18T15:12:59.572Z&quot;,
                &quot;status&quot;: &quot;PENDING&quot;
            },
            {
                &quot;time&quot;: &quot;2022-02-18T15:12:59.593Z&quot;,
                &quot;status&quot;: &quot;SEND&quot;
            },
            {
                &quot;time&quot;: &quot;2022-02-18T15:12:59.628Z&quot;,
                &quot;status&quot;: &quot;DELIVERED&quot;
            },
            {
                &quot;time&quot;: &quot;2022-02-18T15:14:12.920Z&quot;,
                &quot;status&quot;: &quot;PENDING&quot;
            },
            {
                &quot;time&quot;: &quot;2022-02-18T15:14:12.944Z&quot;,
                &quot;status&quot;: &quot;SEND&quot;
            },
            {
                &quot;time&quot;: &quot;2022-02-18T15:14:12.981Z&quot;,
                &quot;status&quot;: &quot;DELIVERED&quot;
            },
            {
                &quot;time&quot;: &quot;2022-02-18T15:15:26.328Z&quot;,
                &quot;status&quot;: &quot;PENDING&quot;
            },
            {
                &quot;time&quot;: &quot;2022-02-18T15:15:26.352Z&quot;,
                &quot;status&quot;: &quot;SEND&quot;
            },
            {
                &quot;time&quot;: &quot;2022-02-18T15:15:26.390Z&quot;,
                &quot;status&quot;: &quot;DELIVERED&quot;
            },
            {
                &quot;time&quot;: &quot;2022-02-18T15:16:04.923Z&quot;,
                &quot;status&quot;: &quot;PENDING&quot;
            },
            {
                &quot;time&quot;: &quot;2022-02-18T15:16:04.942Z&quot;,
                &quot;status&quot;: &quot;SEND&quot;
            },
            {
                &quot;time&quot;: &quot;2022-02-18T15:16:04.979Z&quot;,
                &quot;status&quot;: &quot;DELIVERED&quot;
            },
            {
                &quot;time&quot;: &quot;2022-02-18T15:16:55.848Z&quot;,
                &quot;status&quot;: &quot;PENDING&quot;
            },
            {
                &quot;time&quot;: &quot;2022-02-18T15:16:55.868Z&quot;,
                &quot;status&quot;: &quot;SEND&quot;
            },
            {
                &quot;time&quot;: &quot;2022-02-18T15:16:55.905Z&quot;,
                &quot;status&quot;: &quot;DELIVERED&quot;
            },
            {
                &quot;time&quot;: &quot;2022-02-18T15:17:46.625Z&quot;,
                &quot;status&quot;: &quot;PENDING&quot;
            },
            {
                &quot;time&quot;: &quot;2022-02-18T15:17:46.652Z&quot;,
                &quot;status&quot;: &quot;SEND&quot;
            },
            {
                &quot;time&quot;: &quot;2022-02-18T15:17:46.687Z&quot;,
                &quot;status&quot;: &quot;DELIVERED&quot;
            },
            {
                &quot;time&quot;: &quot;2022-02-18T15:18:28.019Z&quot;,
                &quot;status&quot;: &quot;PENDING&quot;
            },
            {
                &quot;time&quot;: &quot;2022-02-18T15:18:28.043Z&quot;,
                &quot;status&quot;: &quot;SEND&quot;
            },
            {
                &quot;time&quot;: &quot;2022-02-18T15:18:28.079Z&quot;,
                &quot;status&quot;: &quot;DELIVERED&quot;
            },
            {
                &quot;time&quot;: &quot;2022-02-18T15:20:43.491Z&quot;,
                &quot;status&quot;: &quot;PENDING&quot;
            },
            {
                &quot;time&quot;: &quot;2022-02-18T15:20:43.514Z&quot;,
                &quot;status&quot;: &quot;SEND&quot;
            },
            {
                &quot;time&quot;: &quot;2022-02-18T15:20:43.550Z&quot;,
                &quot;status&quot;: &quot;DELIVERED&quot;
            },
            {
                &quot;time&quot;: &quot;2022-02-18T15:23:08.808Z&quot;,
                &quot;status&quot;: &quot;PENDING&quot;
            },
            {
                &quot;time&quot;: &quot;2022-02-18T15:23:08.831Z&quot;,
                &quot;status&quot;: &quot;SEND&quot;
            },
            {
                &quot;time&quot;: &quot;2022-02-18T15:23:08.869Z&quot;,
                &quot;status&quot;: &quot;DELIVERED&quot;
            },
            {
                &quot;time&quot;: &quot;2022-02-18T15:23:31.763Z&quot;,
                &quot;status&quot;: &quot;PENDING&quot;
            },
            {
                &quot;time&quot;: &quot;2022-02-18T15:23:31.789Z&quot;,
                &quot;status&quot;: &quot;SEND&quot;
            },
            {
                &quot;time&quot;: &quot;2022-02-18T15:23:31.829Z&quot;,
                &quot;status&quot;: &quot;DELIVERED&quot;
            },
            {
                &quot;time&quot;: &quot;2022-02-18T15:23:56.183Z&quot;,
                &quot;status&quot;: &quot;PENDING&quot;
            },
            {
                &quot;time&quot;: &quot;2022-02-18T15:23:56.205Z&quot;,
                &quot;status&quot;: &quot;SEND&quot;
            },
            {
                &quot;time&quot;: &quot;2022-02-18T15:23:56.240Z&quot;,
                &quot;status&quot;: &quot;DELIVERED&quot;
            },
            {
                &quot;time&quot;: &quot;2022-02-18T15:24:19.191Z&quot;,
                &quot;status&quot;: &quot;PENDING&quot;
            },
            {
                &quot;time&quot;: &quot;2022-02-18T15:24:19.214Z&quot;,
                &quot;status&quot;: &quot;SEND&quot;
            },
            {
                &quot;time&quot;: &quot;2022-02-18T15:24:19.249Z&quot;,
                &quot;status&quot;: &quot;DELIVERED&quot;
            },
            {
                &quot;time&quot;: &quot;2022-02-18T15:24:56.124Z&quot;,
                &quot;status&quot;: &quot;PENDING&quot;
            },
            {
                &quot;time&quot;: &quot;2022-02-18T15:24:56.152Z&quot;,
                &quot;status&quot;: &quot;SEND&quot;
            },
            {
                &quot;time&quot;: &quot;2022-02-18T15:24:56.186Z&quot;,
                &quot;status&quot;: &quot;DELIVERED&quot;
            },
            {
                &quot;time&quot;: &quot;2022-02-18T15:25:21.105Z&quot;,
                &quot;status&quot;: &quot;PENDING&quot;
            },
            {
                &quot;time&quot;: &quot;2022-02-18T15:25:21.127Z&quot;,
                &quot;status&quot;: &quot;SEND&quot;
            },
            {
                &quot;time&quot;: &quot;2022-02-18T15:25:21.164Z&quot;,
                &quot;status&quot;: &quot;DELIVERED&quot;
            },
            {
                &quot;time&quot;: &quot;2022-02-18T15:25:45.991Z&quot;,
                &quot;status&quot;: &quot;PENDING&quot;
            },
            {
                &quot;time&quot;: &quot;2022-02-18T15:25:46.015Z&quot;,
                &quot;status&quot;: &quot;SEND&quot;
            },
            {
                &quot;time&quot;: &quot;2022-02-18T15:25:46.050Z&quot;,
                &quot;status&quot;: &quot;DELIVERED&quot;
            },
            {
                &quot;time&quot;: &quot;2022-02-18T15:42:24.600Z&quot;,
                &quot;status&quot;: &quot;PENDING&quot;
            },
            {
                &quot;time&quot;: &quot;2022-02-18T15:42:24.628Z&quot;,
                &quot;status&quot;: &quot;SEND&quot;
            },
            {
                &quot;time&quot;: &quot;2022-02-18T15:42:24.664Z&quot;,
                &quot;status&quot;: &quot;DELIVERED&quot;
            },
            {
                &quot;time&quot;: &quot;2022-02-18T15:45:04.233Z&quot;,
                &quot;status&quot;: &quot;PENDING&quot;
            },
            {
                &quot;time&quot;: &quot;2022-02-18T15:45:04.267Z&quot;,
                &quot;status&quot;: &quot;SEND&quot;
            },
            {
                &quot;time&quot;: &quot;2022-02-18T15:45:04.303Z&quot;,
                &quot;status&quot;: &quot;DELIVERED&quot;
            },
            {
                &quot;time&quot;: &quot;2022-02-18T15:45:26.812Z&quot;,
                &quot;status&quot;: &quot;PENDING&quot;
            },
            {
                &quot;time&quot;: &quot;2022-02-18T15:45:26.839Z&quot;,
                &quot;status&quot;: &quot;SEND&quot;
            },
            {
                &quot;time&quot;: &quot;2022-02-18T15:45:26.882Z&quot;,
                &quot;status&quot;: &quot;DELIVERED&quot;
            },
            {
                &quot;time&quot;: &quot;2022-02-18T15:48:05.017Z&quot;,
                &quot;status&quot;: &quot;PENDING&quot;
            },
            {
                &quot;time&quot;: &quot;2022-02-18T15:48:05.047Z&quot;,
                &quot;status&quot;: &quot;SEND&quot;
            }
        ],
        &quot;status&quot;: &quot;DELIVERED&quot;
    },
    &quot;creationTime&quot;: &quot;2022-02-18T15:10:35.358Z&quot;,
    &quot;deviceId&quot;: &quot;14382422&quot;,
    &quot;deviceName&quot;: &quot;mythic_beasts_pi_all_jobs_sag&quot;,
    &quot;self&quot;: &quot;https://t493319102.eu-latest.cumulocity.com/devicecontrol/operations/14382430&quot;,
    &quot;id&quot;: &quot;14382430&quot;,
    &quot;status&quot;: &quot;PENDING&quot;,
    &quot;c8y_LogfileRequest&quot;: {
        &quot;searchText&quot;: &quot;&quot;,
        &quot;logFile&quot;: &quot;software-management&quot;,
        &quot;dateTo&quot;: &quot;2021-11-21T18:55:49+0530&quot;,
        &quot;dateFrom&quot;: &quot;2021-11-15T18:55:49+0530&quot;,
        &quot;maximumLines&quot;: 300
    },
    &quot;description&quot;: &quot;Log file request&quot;
}
15:49:02 DEBUG Final URL of the request: https://thin-edge-io.eu-latest.cumulocity.com/devicecontrol/operations?deviceId=14382422&amp;pageSize=1&amp;revert=true&amp;dateFrom=1970-01-01T00%3A00%3A00.000Z
15:49:02 INFO  State of current operation: PENDING
15:49:02 DEBUG Final URL of the request: https://thin-edge-io.eu-latest.cumulocity.com/devicecontrol/operations?deviceId=14382422&amp;pageSize=1&amp;revert=true&amp;dateFrom=1970-01-01T00%3A00%3A00.000Z
15:49:02 DEBUG State of current operation: {
    &quot;delivery&quot;: {
        &quot;time&quot;: &quot;2022-02-18T15:48:05.094Z&quot;,
        &quot;log&quot;: [
            {
                &quot;time&quot;: &quot;2022-02-18T15:10:35.371Z&quot;,
                &quot;status&quot;: &quot;PENDING&quot;
            },
            {
                &quot;time&quot;: &quot;2022-02-18T15:10:35.380Z&quot;,
                &quot;status&quot;: &quot;SEND&quot;
            },
            {
                &quot;time&quot;: &quot;2022-02-18T15:10:35.414Z&quot;,
                &quot;status&quot;: &quot;DELIVERED&quot;
            },
            {
                &quot;time&quot;: &quot;2022-02-18T15:11:42.300Z&quot;,
                &quot;status&quot;: &quot;PENDING&quot;
            },
            {
                &quot;time&quot;: &quot;2022-02-18T15:11:42.322Z&quot;,
                &quot;status&quot;: &quot;SEND&quot;
            },
            {
                &quot;time&quot;: &quot;2022-02-18T15:11:42.359Z&quot;,
                &quot;status&quot;: &quot;DELIVERED&quot;
            },
            {
                &quot;time&quot;: &quot;2022-02-18T15:12:59.572Z&quot;,
                &quot;status&quot;: &quot;PENDING&quot;
            },
            {
                &quot;time&quot;: &quot;2022-02-18T15:12:59.593Z&quot;,
                &quot;status&quot;: &quot;SEND&quot;
            },
            {
                &quot;time&quot;: &quot;2022-02-18T15:12:59.628Z&quot;,
                &quot;status&quot;: &quot;DELIVERED&quot;
            },
            {
                &quot;time&quot;: &quot;2022-02-18T15:14:12.920Z&quot;,
                &quot;status&quot;: &quot;PENDING&quot;
            },
            {
                &quot;time&quot;: &quot;2022-02-18T15:14:12.944Z&quot;,
                &quot;status&quot;: &quot;SEND&quot;
            },
            {
                &quot;time&quot;: &quot;2022-02-18T15:14:12.981Z&quot;,
                &quot;status&quot;: &quot;DELIVERED&quot;
            },
            {
                &quot;time&quot;: &quot;2022-02-18T15:15:26.328Z&quot;,
                &quot;status&quot;: &quot;PENDING&quot;
            },
            {
                &quot;time&quot;: &quot;2022-02-18T15:15:26.352Z&quot;,
                &quot;status&quot;: &quot;SEND&quot;
            },
            {
                &quot;time&quot;: &quot;2022-02-18T15:15:26.390Z&quot;,
                &quot;status&quot;: &quot;DELIVERED&quot;
            },
            {
                &quot;time&quot;: &quot;2022-02-18T15:16:04.923Z&quot;,
                &quot;status&quot;: &quot;PENDING&quot;
            },
            {
                &quot;time&quot;: &quot;2022-02-18T15:16:04.942Z&quot;,
                &quot;status&quot;: &quot;SEND&quot;
            },
            {
                &quot;time&quot;: &quot;2022-02-18T15:16:04.979Z&quot;,
                &quot;status&quot;: &quot;DELIVERED&quot;
            },
            {
                &quot;time&quot;: &quot;2022-02-18T15:16:55.848Z&quot;,
                &quot;status&quot;: &quot;PENDING&quot;
            },
            {
                &quot;time&quot;: &quot;2022-02-18T15:16:55.868Z&quot;,
                &quot;status&quot;: &quot;SEND&quot;
            },
            {
                &quot;time&quot;: &quot;2022-02-18T15:16:55.905Z&quot;,
                &quot;status&quot;: &quot;DELIVERED&quot;
            },
            {
                &quot;time&quot;: &quot;2022-02-18T15:17:46.625Z&quot;,
                &quot;status&quot;: &quot;PENDING&quot;
            },
            {
                &quot;time&quot;: &quot;2022-02-18T15:17:46.652Z&quot;,
                &quot;status&quot;: &quot;SEND&quot;
            },
            {
                &quot;time&quot;: &quot;2022-02-18T15:17:46.687Z&quot;,
                &quot;status&quot;: &quot;DELIVERED&quot;
            },
            {
                &quot;time&quot;: &quot;2022-02-18T15:18:28.019Z&quot;,
                &quot;status&quot;: &quot;PENDING&quot;
            },
            {
                &quot;time&quot;: &quot;2022-02-18T15:18:28.043Z&quot;,
                &quot;status&quot;: &quot;SEND&quot;
            },
            {
                &quot;time&quot;: &quot;2022-02-18T15:18:28.079Z&quot;,
                &quot;status&quot;: &quot;DELIVERED&quot;
            },
            {
                &quot;time&quot;: &quot;2022-02-18T15:20:43.491Z&quot;,
                &quot;status&quot;: &quot;PENDING&quot;
            },
            {
                &quot;time&quot;: &quot;2022-02-18T15:20:43.514Z&quot;,
                &quot;status&quot;: &quot;SEND&quot;
            },
            {
                &quot;time&quot;: &quot;2022-02-18T15:20:43.550Z&quot;,
                &quot;status&quot;: &quot;DELIVERED&quot;
            },
            {
                &quot;time&quot;: &quot;2022-02-18T15:23:08.808Z&quot;,
                &quot;status&quot;: &quot;PENDING&quot;
            },
            {
                &quot;time&quot;: &quot;2022-02-18T15:23:08.831Z&quot;,
                &quot;status&quot;: &quot;SEND&quot;
            },
            {
                &quot;time&quot;: &quot;2022-02-18T15:23:08.869Z&quot;,
                &quot;status&quot;: &quot;DELIVERED&quot;
            },
            {
                &quot;time&quot;: &quot;2022-02-18T15:23:31.763Z&quot;,
                &quot;status&quot;: &quot;PENDING&quot;
            },
            {
                &quot;time&quot;: &quot;2022-02-18T15:23:31.789Z&quot;,
                &quot;status&quot;: &quot;SEND&quot;
            },
            {
                &quot;time&quot;: &quot;2022-02-18T15:23:31.829Z&quot;,
                &quot;status&quot;: &quot;DELIVERED&quot;
            },
            {
                &quot;time&quot;: &quot;2022-02-18T15:23:56.183Z&quot;,
                &quot;status&quot;: &quot;PENDING&quot;
            },
            {
                &quot;time&quot;: &quot;2022-02-18T15:23:56.205Z&quot;,
                &quot;status&quot;: &quot;SEND&quot;
            },
            {
                &quot;time&quot;: &quot;2022-02-18T15:23:56.240Z&quot;,
                &quot;status&quot;: &quot;DELIVERED&quot;
            },
            {
                &quot;time&quot;: &quot;2022-02-18T15:24:19.191Z&quot;,
                &quot;status&quot;: &quot;PENDING&quot;
            },
            {
                &quot;time&quot;: &quot;2022-02-18T15:24:19.214Z&quot;,
                &quot;status&quot;: &quot;SEND&quot;
            },
            {
                &quot;time&quot;: &quot;2022-02-18T15:24:19.249Z&quot;,
                &quot;status&quot;: &quot;DELIVERED&quot;
            },
            {
                &quot;time&quot;: &quot;2022-02-18T15:24:56.124Z&quot;,
                &quot;status&quot;: &quot;PENDING&quot;
            },
            {
                &quot;time&quot;: &quot;2022-02-18T15:24:56.152Z&quot;,
                &quot;status&quot;: &quot;SEND&quot;
            },
            {
                &quot;time&quot;: &quot;2022-02-18T15:24:56.186Z&quot;,
                &quot;status&quot;: &quot;DELIVERED&quot;
            },
            {
                &quot;time&quot;: &quot;2022-02-18T15:25:21.105Z&quot;,
                &quot;status&quot;: &quot;PENDING&quot;
            },
            {
                &quot;time&quot;: &quot;2022-02-18T15:25:21.127Z&quot;,
                &quot;status&quot;: &quot;SEND&quot;
            },
            {
                &quot;time&quot;: &quot;2022-02-18T15:25:21.164Z&quot;,
                &quot;status&quot;: &quot;DELIVERED&quot;
            },
            {
                &quot;time&quot;: &quot;2022-02-18T15:25:45.991Z&quot;,
                &quot;status&quot;: &quot;PENDING&quot;
            },
            {
                &quot;time&quot;: &quot;2022-02-18T15:25:46.015Z&quot;,
                &quot;status&quot;: &quot;SEND&quot;
            },
            {
                &quot;time&quot;: &quot;2022-02-18T15:25:46.050Z&quot;,
                &quot;status&quot;: &quot;DELIVERED&quot;
            },
            {
                &quot;time&quot;: &quot;2022-02-18T15:42:24.600Z&quot;,
                &quot;status&quot;: &quot;PENDING&quot;
            },
            {
                &quot;time&quot;: &quot;2022-02-18T15:42:24.628Z&quot;,
                &quot;status&quot;: &quot;SEND&quot;
            },
            {
                &quot;time&quot;: &quot;2022-02-18T15:42:24.664Z&quot;,
                &quot;status&quot;: &quot;DELIVERED&quot;
            },
            {
                &quot;time&quot;: &quot;2022-02-18T15:45:04.233Z&quot;,
                &quot;status&quot;: &quot;PENDING&quot;
            },
            {
                &quot;time&quot;: &quot;2022-02-18T15:45:04.267Z&quot;,
                &quot;status&quot;: &quot;SEND&quot;
            },
            {
                &quot;time&quot;: &quot;2022-02-18T15:45:04.303Z&quot;,
                &quot;status&quot;: &quot;DELIVERED&quot;
            },
            {
                &quot;time&quot;: &quot;2022-02-18T15:45:26.812Z&quot;,
                &quot;status&quot;: &quot;PENDING&quot;
            },
            {
                &quot;time&quot;: &quot;2022-02-18T15:45:26.839Z&quot;,
                &quot;status&quot;: &quot;SEND&quot;
            },
            {
                &quot;time&quot;: &quot;2022-02-18T15:45:26.882Z&quot;,
                &quot;status&quot;: &quot;DELIVERED&quot;
            },
            {
                &quot;time&quot;: &quot;2022-02-18T15:48:05.017Z&quot;,
                &quot;status&quot;: &quot;PENDING&quot;
            },
            {
                &quot;time&quot;: &quot;2022-02-18T15:48:05.047Z&quot;,
                &quot;status&quot;: &quot;SEND&quot;
            }
        ],
        &quot;status&quot;: &quot;DELIVERED&quot;
    },
    &quot;creationTime&quot;: &quot;2022-02-18T15:10:35.358Z&quot;,
    &quot;deviceId&quot;: &quot;14382422&quot;,
    &quot;deviceName&quot;: &quot;mythic_beasts_pi_all_jobs_sag&quot;,
    &quot;self&quot;: &quot;https://t493319102.eu-latest.cumulocity.com/devicecontrol/operations/14382430&quot;,
    &quot;id&quot;: &quot;14382430&quot;,
    &quot;status&quot;: &quot;PENDING&quot;,
    &quot;c8y_LogfileRequest&quot;: {
        &quot;searchText&quot;: &quot;&quot;,
        &quot;logFile&quot;: &quot;software-management&quot;,
        &quot;dateTo&quot;: &quot;2021-11-21T18:55:49+0530&quot;,
        &quot;dateFrom&quot;: &quot;2021-11-15T18:55:49+0530&quot;,
        &quot;maximumLines&quot;: 300
    },
    &quot;description&quot;: &quot;Log file request&quot;
}
15:49:04 DEBUG Final URL of the request: https://thin-edge-io.eu-latest.cumulocity.com/devicecontrol/operations?deviceId=14382422&amp;pageSize=1&amp;revert=true&amp;dateFrom=1970-01-01T00%3A00%3A00.000Z
15:49:04 INFO  State of current operation: PENDING
15:49:04 DEBUG Final URL of the request: https://thin-edge-io.eu-latest.cumulocity.com/devicecontrol/operations?deviceId=14382422&amp;pageSize=1&amp;revert=true&amp;dateFrom=1970-01-01T00%3A00%3A00.000Z
15:49:04 DEBUG State of current operation: {
    &quot;delivery&quot;: {
        &quot;time&quot;: &quot;2022-02-18T15:48:05.094Z&quot;,
        &quot;log&quot;: [
            {
                &quot;time&quot;: &quot;2022-02-18T15:10:35.371Z&quot;,
                &quot;status&quot;: &quot;PENDING&quot;
            },
            {
                &quot;time&quot;: &quot;2022-02-18T15:10:35.380Z&quot;,
                &quot;status&quot;: &quot;SEND&quot;
            },
            {
                &quot;time&quot;: &quot;2022-02-18T15:10:35.414Z&quot;,
                &quot;status&quot;: &quot;DELIVERED&quot;
            },
            {
                &quot;time&quot;: &quot;2022-02-18T15:11:42.300Z&quot;,
                &quot;status&quot;: &quot;PENDING&quot;
            },
            {
                &quot;time&quot;: &quot;2022-02-18T15:11:42.322Z&quot;,
                &quot;status&quot;: &quot;SEND&quot;
            },
            {
                &quot;time&quot;: &quot;2022-02-18T15:11:42.359Z&quot;,
                &quot;status&quot;: &quot;DELIVERED&quot;
            },
            {
                &quot;time&quot;: &quot;2022-02-18T15:12:59.572Z&quot;,
                &quot;status&quot;: &quot;PENDING&quot;
            },
            {
                &quot;time&quot;: &quot;2022-02-18T15:12:59.593Z&quot;,
                &quot;status&quot;: &quot;SEND&quot;
            },
            {
                &quot;time&quot;: &quot;2022-02-18T15:12:59.628Z&quot;,
                &quot;status&quot;: &quot;DELIVERED&quot;
            },
            {
                &quot;time&quot;: &quot;2022-02-18T15:14:12.920Z&quot;,
                &quot;status&quot;: &quot;PENDING&quot;
            },
            {
                &quot;time&quot;: &quot;2022-02-18T15:14:12.944Z&quot;,
                &quot;status&quot;: &quot;SEND&quot;
            },
            {
                &quot;time&quot;: &quot;2022-02-18T15:14:12.981Z&quot;,
                &quot;status&quot;: &quot;DELIVERED&quot;
            },
            {
                &quot;time&quot;: &quot;2022-02-18T15:15:26.328Z&quot;,
                &quot;status&quot;: &quot;PENDING&quot;
            },
            {
                &quot;time&quot;: &quot;2022-02-18T15:15:26.352Z&quot;,
                &quot;status&quot;: &quot;SEND&quot;
            },
            {
                &quot;time&quot;: &quot;2022-02-18T15:15:26.390Z&quot;,
                &quot;status&quot;: &quot;DELIVERED&quot;
            },
            {
                &quot;time&quot;: &quot;2022-02-18T15:16:04.923Z&quot;,
                &quot;status&quot;: &quot;PENDING&quot;
            },
            {
                &quot;time&quot;: &quot;2022-02-18T15:16:04.942Z&quot;,
                &quot;status&quot;: &quot;SEND&quot;
            },
            {
                &quot;time&quot;: &quot;2022-02-18T15:16:04.979Z&quot;,
                &quot;status&quot;: &quot;DELIVERED&quot;
            },
            {
                &quot;time&quot;: &quot;2022-02-18T15:16:55.848Z&quot;,
                &quot;status&quot;: &quot;PENDING&quot;
            },
            {
                &quot;time&quot;: &quot;2022-02-18T15:16:55.868Z&quot;,
                &quot;status&quot;: &quot;SEND&quot;
            },
            {
                &quot;time&quot;: &quot;2022-02-18T15:16:55.905Z&quot;,
                &quot;status&quot;: &quot;DELIVERED&quot;
            },
            {
                &quot;time&quot;: &quot;2022-02-18T15:17:46.625Z&quot;,
                &quot;status&quot;: &quot;PENDING&quot;
            },
            {
                &quot;time&quot;: &quot;2022-02-18T15:17:46.652Z&quot;,
                &quot;status&quot;: &quot;SEND&quot;
            },
            {
                &quot;time&quot;: &quot;2022-02-18T15:17:46.687Z&quot;,
                &quot;status&quot;: &quot;DELIVERED&quot;
            },
            {
                &quot;time&quot;: &quot;2022-02-18T15:18:28.019Z&quot;,
                &quot;status&quot;: &quot;PENDING&quot;
            },
            {
                &quot;time&quot;: &quot;2022-02-18T15:18:28.043Z&quot;,
                &quot;status&quot;: &quot;SEND&quot;
            },
            {
                &quot;time&quot;: &quot;2022-02-18T15:18:28.079Z&quot;,
                &quot;status&quot;: &quot;DELIVERED&quot;
            },
            {
                &quot;time&quot;: &quot;2022-02-18T15:20:43.491Z&quot;,
                &quot;status&quot;: &quot;PENDING&quot;
            },
            {
                &quot;time&quot;: &quot;2022-02-18T15:20:43.514Z&quot;,
                &quot;status&quot;: &quot;SEND&quot;
            },
            {
                &quot;time&quot;: &quot;2022-02-18T15:20:43.550Z&quot;,
                &quot;status&quot;: &quot;DELIVERED&quot;
            },
            {
                &quot;time&quot;: &quot;2022-02-18T15:23:08.808Z&quot;,
                &quot;status&quot;: &quot;PENDING&quot;
            },
            {
                &quot;time&quot;: &quot;2022-02-18T15:23:08.831Z&quot;,
                &quot;status&quot;: &quot;SEND&quot;
            },
            {
                &quot;time&quot;: &quot;2022-02-18T15:23:08.869Z&quot;,
                &quot;status&quot;: &quot;DELIVERED&quot;
            },
            {
                &quot;time&quot;: &quot;2022-02-18T15:23:31.763Z&quot;,
                &quot;status&quot;: &quot;PENDING&quot;
            },
            {
                &quot;time&quot;: &quot;2022-02-18T15:23:31.789Z&quot;,
                &quot;status&quot;: &quot;SEND&quot;
            },
            {
                &quot;time&quot;: &quot;2022-02-18T15:23:31.829Z&quot;,
                &quot;status&quot;: &quot;DELIVERED&quot;
            },
            {
                &quot;time&quot;: &quot;2022-02-18T15:23:56.183Z&quot;,
                &quot;status&quot;: &quot;PENDING&quot;
            },
            {
                &quot;time&quot;: &quot;2022-02-18T15:23:56.205Z&quot;,
                &quot;status&quot;: &quot;SEND&quot;
            },
            {
                &quot;time&quot;: &quot;2022-02-18T15:23:56.240Z&quot;,
                &quot;status&quot;: &quot;DELIVERED&quot;
            },
            {
                &quot;time&quot;: &quot;2022-02-18T15:24:19.191Z&quot;,
                &quot;status&quot;: &quot;PENDING&quot;
            },
            {
                &quot;time&quot;: &quot;2022-02-18T15:24:19.214Z&quot;,
                &quot;status&quot;: &quot;SEND&quot;
            },
            {
                &quot;time&quot;: &quot;2022-02-18T15:24:19.249Z&quot;,
                &quot;status&quot;: &quot;DELIVERED&quot;
            },
            {
                &quot;time&quot;: &quot;2022-02-18T15:24:56.124Z&quot;,
                &quot;status&quot;: &quot;PENDING&quot;
            },
            {
                &quot;time&quot;: &quot;2022-02-18T15:24:56.152Z&quot;,
                &quot;status&quot;: &quot;SEND&quot;
            },
            {
                &quot;time&quot;: &quot;2022-02-18T15:24:56.186Z&quot;,
                &quot;status&quot;: &quot;DELIVERED&quot;
            },
            {
                &quot;time&quot;: &quot;2022-02-18T15:25:21.105Z&quot;,
                &quot;status&quot;: &quot;PENDING&quot;
            },
            {
                &quot;time&quot;: &quot;2022-02-18T15:25:21.127Z&quot;,
                &quot;status&quot;: &quot;SEND&quot;
            },
            {
                &quot;time&quot;: &quot;2022-02-18T15:25:21.164Z&quot;,
                &quot;status&quot;: &quot;DELIVERED&quot;
            },
            {
                &quot;time&quot;: &quot;2022-02-18T15:25:45.991Z&quot;,
                &quot;status&quot;: &quot;PENDING&quot;
            },
            {
                &quot;time&quot;: &quot;2022-02-18T15:25:46.015Z&quot;,
                &quot;status&quot;: &quot;SEND&quot;
            },
            {
                &quot;time&quot;: &quot;2022-02-18T15:25:46.050Z&quot;,
                &quot;status&quot;: &quot;DELIVERED&quot;
            },
            {
                &quot;time&quot;: &quot;2022-02-18T15:42:24.600Z&quot;,
                &quot;status&quot;: &quot;PENDING&quot;
            },
            {
                &quot;time&quot;: &quot;2022-02-18T15:42:24.628Z&quot;,
                &quot;status&quot;: &quot;SEND&quot;
            },
            {
                &quot;time&quot;: &quot;2022-02-18T15:42:24.664Z&quot;,
                &quot;status&quot;: &quot;DELIVERED&quot;
            },
            {
                &quot;time&quot;: &quot;2022-02-18T15:45:04.233Z&quot;,
                &quot;status&quot;: &quot;PENDING&quot;
            },
            {
                &quot;time&quot;: &quot;2022-02-18T15:45:04.267Z&quot;,
                &quot;status&quot;: &quot;SEND&quot;
            },
            {
                &quot;time&quot;: &quot;2022-02-18T15:45:04.303Z&quot;,
                &quot;status&quot;: &quot;DELIVERED&quot;
            },
            {
                &quot;time&quot;: &quot;2022-02-18T15:45:26.812Z&quot;,
                &quot;status&quot;: &quot;PENDING&quot;
            },
            {
                &quot;time&quot;: &quot;2022-02-18T15:45:26.839Z&quot;,
                &quot;status&quot;: &quot;SEND&quot;
            },
            {
                &quot;time&quot;: &quot;2022-02-18T15:45:26.882Z&quot;,
                &quot;status&quot;: &quot;DELIVERED&quot;
            },
            {
                &quot;time&quot;: &quot;2022-02-18T15:48:05.017Z&quot;,
                &quot;status&quot;: &quot;PENDING&quot;
            },
            {
                &quot;time&quot;: &quot;2022-02-18T15:48:05.047Z&quot;,
                &quot;status&quot;: &quot;SEND&quot;
            }
        ],
        &quot;status&quot;: &quot;DELIVERED&quot;
    },
    &quot;creationTime&quot;: &quot;2022-02-18T15:10:35.358Z&quot;,
    &quot;deviceId&quot;: &quot;14382422&quot;,
    &quot;deviceName&quot;: &quot;mythic_beasts_pi_all_jobs_sag&quot;,
    &quot;self&quot;: &quot;https://t493319102.eu-latest.cumulocity.com/devicecontrol/operations/14382430&quot;,
    &quot;id&quot;: &quot;14382430&quot;,
    &quot;status&quot;: &quot;PENDING&quot;,
    &quot;c8y_LogfileRequest&quot;: {
        &quot;searchText&quot;: &quot;&quot;,
        &quot;logFile&quot;: &quot;software-management&quot;,
        &quot;dateTo&quot;: &quot;2021-11-21T18:55:49+0530&quot;,
        &quot;dateFrom&quot;: &quot;2021-11-15T18:55:49+0530&quot;,
        &quot;maximumLines&quot;: 300
    },
    &quot;description&quot;: &quot;Log file request&quot;
}
15:49:06 DEBUG Final URL of the request: https://thin-edge-io.eu-latest.cumulocity.com/devicecontrol/operations?deviceId=14382422&amp;pageSize=1&amp;revert=true&amp;dateFrom=1970-01-01T00%3A00%3A00.000Z
15:49:06 INFO  State of current operation: PENDING
15:49:06 DEBUG Final URL of the request: https://thin-edge-io.eu-latest.cumulocity.com/devicecontrol/operations?deviceId=14382422&amp;pageSize=1&amp;revert=true&amp;dateFrom=1970-01-01T00%3A00%3A00.000Z
15:49:06 DEBUG State of current operation: {
    &quot;delivery&quot;: {
        &quot;time&quot;: &quot;2022-02-18T15:48:05.094Z&quot;,
        &quot;log&quot;: [
            {
                &quot;time&quot;: &quot;2022-02-18T15:10:35.371Z&quot;,
                &quot;status&quot;: &quot;PENDING&quot;
            },
            {
                &quot;time&quot;: &quot;2022-02-18T15:10:35.380Z&quot;,
                &quot;status&quot;: &quot;SEND&quot;
            },
            {
                &quot;time&quot;: &quot;2022-02-18T15:10:35.414Z&quot;,
                &quot;status&quot;: &quot;DELIVERED&quot;
            },
            {
                &quot;time&quot;: &quot;2022-02-18T15:11:42.300Z&quot;,
                &quot;status&quot;: &quot;PENDING&quot;
            },
            {
                &quot;time&quot;: &quot;2022-02-18T15:11:42.322Z&quot;,
                &quot;status&quot;: &quot;SEND&quot;
            },
            {
                &quot;time&quot;: &quot;2022-02-18T15:11:42.359Z&quot;,
                &quot;status&quot;: &quot;DELIVERED&quot;
            },
            {
                &quot;time&quot;: &quot;2022-02-18T15:12:59.572Z&quot;,
                &quot;status&quot;: &quot;PENDING&quot;
            },
            {
                &quot;time&quot;: &quot;2022-02-18T15:12:59.593Z&quot;,
                &quot;status&quot;: &quot;SEND&quot;
            },
            {
                &quot;time&quot;: &quot;2022-02-18T15:12:59.628Z&quot;,
                &quot;status&quot;: &quot;DELIVERED&quot;
            },
            {
                &quot;time&quot;: &quot;2022-02-18T15:14:12.920Z&quot;,
                &quot;status&quot;: &quot;PENDING&quot;
            },
            {
                &quot;time&quot;: &quot;2022-02-18T15:14:12.944Z&quot;,
                &quot;status&quot;: &quot;SEND&quot;
            },
            {
                &quot;time&quot;: &quot;2022-02-18T15:14:12.981Z&quot;,
                &quot;status&quot;: &quot;DELIVERED&quot;
            },
            {
                &quot;time&quot;: &quot;2022-02-18T15:15:26.328Z&quot;,
                &quot;status&quot;: &quot;PENDING&quot;
            },
            {
                &quot;time&quot;: &quot;2022-02-18T15:15:26.352Z&quot;,
                &quot;status&quot;: &quot;SEND&quot;
            },
            {
                &quot;time&quot;: &quot;2022-02-18T15:15:26.390Z&quot;,
                &quot;status&quot;: &quot;DELIVERED&quot;
            },
            {
                &quot;time&quot;: &quot;2022-02-18T15:16:04.923Z&quot;,
                &quot;status&quot;: &quot;PENDING&quot;
            },
            {
                &quot;time&quot;: &quot;2022-02-18T15:16:04.942Z&quot;,
                &quot;status&quot;: &quot;SEND&quot;
            },
            {
                &quot;time&quot;: &quot;2022-02-18T15:16:04.979Z&quot;,
                &quot;status&quot;: &quot;DELIVERED&quot;
            },
            {
                &quot;time&quot;: &quot;2022-02-18T15:16:55.848Z&quot;,
                &quot;status&quot;: &quot;PENDING&quot;
            },
            {
                &quot;time&quot;: &quot;2022-02-18T15:16:55.868Z&quot;,
                &quot;status&quot;: &quot;SEND&quot;
            },
            {
                &quot;time&quot;: &quot;2022-02-18T15:16:55.905Z&quot;,
                &quot;status&quot;: &quot;DELIVERED&quot;
            },
            {
                &quot;time&quot;: &quot;2022-02-18T15:17:46.625Z&quot;,
                &quot;status&quot;: &quot;PENDING&quot;
            },
            {
                &quot;time&quot;: &quot;2022-02-18T15:17:46.652Z&quot;,
                &quot;status&quot;: &quot;SEND&quot;
            },
            {
                &quot;time&quot;: &quot;2022-02-18T15:17:46.687Z&quot;,
                &quot;status&quot;: &quot;DELIVERED&quot;
            },
            {
                &quot;time&quot;: &quot;2022-02-18T15:18:28.019Z&quot;,
                &quot;status&quot;: &quot;PENDING&quot;
            },
            {
                &quot;time&quot;: &quot;2022-02-18T15:18:28.043Z&quot;,
                &quot;status&quot;: &quot;SEND&quot;
            },
            {
                &quot;time&quot;: &quot;2022-02-18T15:18:28.079Z&quot;,
                &quot;status&quot;: &quot;DELIVERED&quot;
            },
            {
                &quot;time&quot;: &quot;2022-02-18T15:20:43.491Z&quot;,
                &quot;status&quot;: &quot;PENDING&quot;
            },
            {
                &quot;time&quot;: &quot;2022-02-18T15:20:43.514Z&quot;,
                &quot;status&quot;: &quot;SEND&quot;
            },
            {
                &quot;time&quot;: &quot;2022-02-18T15:20:43.550Z&quot;,
                &quot;status&quot;: &quot;DELIVERED&quot;
            },
            {
                &quot;time&quot;: &quot;2022-02-18T15:23:08.808Z&quot;,
                &quot;status&quot;: &quot;PENDING&quot;
            },
            {
                &quot;time&quot;: &quot;2022-02-18T15:23:08.831Z&quot;,
                &quot;status&quot;: &quot;SEND&quot;
            },
            {
                &quot;time&quot;: &quot;2022-02-18T15:23:08.869Z&quot;,
                &quot;status&quot;: &quot;DELIVERED&quot;
            },
            {
                &quot;time&quot;: &quot;2022-02-18T15:23:31.763Z&quot;,
                &quot;status&quot;: &quot;PENDING&quot;
            },
            {
                &quot;time&quot;: &quot;2022-02-18T15:23:31.789Z&quot;,
                &quot;status&quot;: &quot;SEND&quot;
            },
            {
                &quot;time&quot;: &quot;2022-02-18T15:23:31.829Z&quot;,
                &quot;status&quot;: &quot;DELIVERED&quot;
            },
            {
                &quot;time&quot;: &quot;2022-02-18T15:23:56.183Z&quot;,
                &quot;status&quot;: &quot;PENDING&quot;
            },
            {
                &quot;time&quot;: &quot;2022-02-18T15:23:56.205Z&quot;,
                &quot;status&quot;: &quot;SEND&quot;
            },
            {
                &quot;time&quot;: &quot;2022-02-18T15:23:56.240Z&quot;,
                &quot;status&quot;: &quot;DELIVERED&quot;
            },
            {
                &quot;time&quot;: &quot;2022-02-18T15:24:19.191Z&quot;,
                &quot;status&quot;: &quot;PENDING&quot;
            },
            {
                &quot;time&quot;: &quot;2022-02-18T15:24:19.214Z&quot;,
                &quot;status&quot;: &quot;SEND&quot;
            },
            {
                &quot;time&quot;: &quot;2022-02-18T15:24:19.249Z&quot;,
                &quot;status&quot;: &quot;DELIVERED&quot;
            },
            {
                &quot;time&quot;: &quot;2022-02-18T15:24:56.124Z&quot;,
                &quot;status&quot;: &quot;PENDING&quot;
            },
            {
                &quot;time&quot;: &quot;2022-02-18T15:24:56.152Z&quot;,
                &quot;status&quot;: &quot;SEND&quot;
            },
            {
                &quot;time&quot;: &quot;2022-02-18T15:24:56.186Z&quot;,
                &quot;status&quot;: &quot;DELIVERED&quot;
            },
            {
                &quot;time&quot;: &quot;2022-02-18T15:25:21.105Z&quot;,
                &quot;status&quot;: &quot;PENDING&quot;
            },
            {
                &quot;time&quot;: &quot;2022-02-18T15:25:21.127Z&quot;,
                &quot;status&quot;: &quot;SEND&quot;
            },
            {
                &quot;time&quot;: &quot;2022-02-18T15:25:21.164Z&quot;,
                &quot;status&quot;: &quot;DELIVERED&quot;
            },
            {
                &quot;time&quot;: &quot;2022-02-18T15:25:45.991Z&quot;,
                &quot;status&quot;: &quot;PENDING&quot;
            },
            {
                &quot;time&quot;: &quot;2022-02-18T15:25:46.015Z&quot;,
                &quot;status&quot;: &quot;SEND&quot;
            },
            {
                &quot;time&quot;: &quot;2022-02-18T15:25:46.050Z&quot;,
                &quot;status&quot;: &quot;DELIVERED&quot;
            },
            {
                &quot;time&quot;: &quot;2022-02-18T15:42:24.600Z&quot;,
                &quot;status&quot;: &quot;PENDING&quot;
            },
            {
                &quot;time&quot;: &quot;2022-02-18T15:42:24.628Z&quot;,
                &quot;status&quot;: &quot;SEND&quot;
            },
            {
                &quot;time&quot;: &quot;2022-02-18T15:42:24.664Z&quot;,
                &quot;status&quot;: &quot;DELIVERED&quot;
            },
            {
                &quot;time&quot;: &quot;2022-02-18T15:45:04.233Z&quot;,
                &quot;status&quot;: &quot;PENDING&quot;
            },
            {
                &quot;time&quot;: &quot;2022-02-18T15:45:04.267Z&quot;,
                &quot;status&quot;: &quot;SEND&quot;
            },
            {
                &quot;time&quot;: &quot;2022-02-18T15:45:04.303Z&quot;,
                &quot;status&quot;: &quot;DELIVERED&quot;
            },
            {
                &quot;time&quot;: &quot;2022-02-18T15:45:26.812Z&quot;,
                &quot;status&quot;: &quot;PENDING&quot;
            },
            {
                &quot;time&quot;: &quot;2022-02-18T15:45:26.839Z&quot;,
                &quot;status&quot;: &quot;SEND&quot;
            },
            {
                &quot;time&quot;: &quot;2022-02-18T15:45:26.882Z&quot;,
                &quot;status&quot;: &quot;DELIVERED&quot;
            },
            {
                &quot;time&quot;: &quot;2022-02-18T15:48:05.017Z&quot;,
                &quot;status&quot;: &quot;PENDING&quot;
            },
            {
                &quot;time&quot;: &quot;2022-02-18T15:48:05.047Z&quot;,
                &quot;status&quot;: &quot;SEND&quot;
            }
        ],
        &quot;status&quot;: &quot;DELIVERED&quot;
    },
    &quot;creationTime&quot;: &quot;2022-02-18T15:10:35.358Z&quot;,
    &quot;deviceId&quot;: &quot;14382422&quot;,
    &quot;deviceName&quot;: &quot;mythic_beasts_pi_all_jobs_sag&quot;,
    &quot;self&quot;: &quot;https://t493319102.eu-latest.cumulocity.com/devicecontrol/operations/14382430&quot;,
    &quot;id&quot;: &quot;14382430&quot;,
    &quot;status&quot;: &quot;PENDING&quot;,
    &quot;c8y_LogfileRequest&quot;: {
        &quot;searchText&quot;: &quot;&quot;,
        &quot;logFile&quot;: &quot;software-management&quot;,
        &quot;dateTo&quot;: &quot;2021-11-21T18:55:49+0530&quot;,
        &quot;dateFrom&quot;: &quot;2021-11-15T18:55:49+0530&quot;,
        &quot;maximumLines&quot;: 300
    },
    &quot;description&quot;: &quot;Log file request&quot;
}
15:49:08 DEBUG Final URL of the request: https://thin-edge-io.eu-latest.cumulocity.com/devicecontrol/operations?deviceId=14382422&amp;pageSize=1&amp;revert=true&amp;dateFrom=1970-01-01T00%3A00%3A00.000Z
15:49:08 INFO  State of current operation: PENDING
15:49:08 DEBUG Final URL of the request: https://thin-edge-io.eu-latest.cumulocity.com/devicecontrol/operations?deviceId=14382422&amp;pageSize=1&amp;revert=true&amp;dateFrom=1970-01-01T00%3A00%3A00.000Z
15:49:08 DEBUG State of current operation: {
    &quot;delivery&quot;: {
        &quot;time&quot;: &quot;2022-02-18T15:48:05.094Z&quot;,
        &quot;log&quot;: [
            {
                &quot;time&quot;: &quot;2022-02-18T15:10:35.371Z&quot;,
                &quot;status&quot;: &quot;PENDING&quot;
            },
            {
                &quot;time&quot;: &quot;2022-02-18T15:10:35.380Z&quot;,
                &quot;status&quot;: &quot;SEND&quot;
            },
            {
                &quot;time&quot;: &quot;2022-02-18T15:10:35.414Z&quot;,
                &quot;status&quot;: &quot;DELIVERED&quot;
            },
            {
                &quot;time&quot;: &quot;2022-02-18T15:11:42.300Z&quot;,
                &quot;status&quot;: &quot;PENDING&quot;
            },
            {
                &quot;time&quot;: &quot;2022-02-18T15:11:42.322Z&quot;,
                &quot;status&quot;: &quot;SEND&quot;
            },
            {
                &quot;time&quot;: &quot;2022-02-18T15:11:42.359Z&quot;,
                &quot;status&quot;: &quot;DELIVERED&quot;
            },
            {
                &quot;time&quot;: &quot;2022-02-18T15:12:59.572Z&quot;,
                &quot;status&quot;: &quot;PENDING&quot;
            },
            {
                &quot;time&quot;: &quot;2022-02-18T15:12:59.593Z&quot;,
                &quot;status&quot;: &quot;SEND&quot;
            },
            {
                &quot;time&quot;: &quot;2022-02-18T15:12:59.628Z&quot;,
                &quot;status&quot;: &quot;DELIVERED&quot;
            },
            {
                &quot;time&quot;: &quot;2022-02-18T15:14:12.920Z&quot;,
                &quot;status&quot;: &quot;PENDING&quot;
            },
            {
                &quot;time&quot;: &quot;2022-02-18T15:14:12.944Z&quot;,
                &quot;status&quot;: &quot;SEND&quot;
            },
            {
                &quot;time&quot;: &quot;2022-02-18T15:14:12.981Z&quot;,
                &quot;status&quot;: &quot;DELIVERED&quot;
            },
            {
                &quot;time&quot;: &quot;2022-02-18T15:15:26.328Z&quot;,
                &quot;status&quot;: &quot;PENDING&quot;
            },
            {
                &quot;time&quot;: &quot;2022-02-18T15:15:26.352Z&quot;,
                &quot;status&quot;: &quot;SEND&quot;
            },
            {
                &quot;time&quot;: &quot;2022-02-18T15:15:26.390Z&quot;,
                &quot;status&quot;: &quot;DELIVERED&quot;
            },
            {
                &quot;time&quot;: &quot;2022-02-18T15:16:04.923Z&quot;,
                &quot;status&quot;: &quot;PENDING&quot;
            },
            {
                &quot;time&quot;: &quot;2022-02-18T15:16:04.942Z&quot;,
                &quot;status&quot;: &quot;SEND&quot;
            },
            {
                &quot;time&quot;: &quot;2022-02-18T15:16:04.979Z&quot;,
                &quot;status&quot;: &quot;DELIVERED&quot;
            },
            {
                &quot;time&quot;: &quot;2022-02-18T15:16:55.848Z&quot;,
                &quot;status&quot;: &quot;PENDING&quot;
            },
            {
                &quot;time&quot;: &quot;2022-02-18T15:16:55.868Z&quot;,
                &quot;status&quot;: &quot;SEND&quot;
            },
            {
                &quot;time&quot;: &quot;2022-02-18T15:16:55.905Z&quot;,
                &quot;status&quot;: &quot;DELIVERED&quot;
            },
            {
                &quot;time&quot;: &quot;2022-02-18T15:17:46.625Z&quot;,
                &quot;status&quot;: &quot;PENDING&quot;
            },
            {
                &quot;time&quot;: &quot;2022-02-18T15:17:46.652Z&quot;,
                &quot;status&quot;: &quot;SEND&quot;
            },
            {
                &quot;time&quot;: &quot;2022-02-18T15:17:46.687Z&quot;,
                &quot;status&quot;: &quot;DELIVERED&quot;
            },
            {
                &quot;time&quot;: &quot;2022-02-18T15:18:28.019Z&quot;,
                &quot;status&quot;: &quot;PENDING&quot;
            },
            {
                &quot;time&quot;: &quot;2022-02-18T15:18:28.043Z&quot;,
                &quot;status&quot;: &quot;SEND&quot;
            },
            {
                &quot;time&quot;: &quot;2022-02-18T15:18:28.079Z&quot;,
                &quot;status&quot;: &quot;DELIVERED&quot;
            },
            {
                &quot;time&quot;: &quot;2022-02-18T15:20:43.491Z&quot;,
                &quot;status&quot;: &quot;PENDING&quot;
            },
            {
                &quot;time&quot;: &quot;2022-02-18T15:20:43.514Z&quot;,
                &quot;status&quot;: &quot;SEND&quot;
            },
            {
                &quot;time&quot;: &quot;2022-02-18T15:20:43.550Z&quot;,
                &quot;status&quot;: &quot;DELIVERED&quot;
            },
            {
                &quot;time&quot;: &quot;2022-02-18T15:23:08.808Z&quot;,
                &quot;status&quot;: &quot;PENDING&quot;
            },
            {
                &quot;time&quot;: &quot;2022-02-18T15:23:08.831Z&quot;,
                &quot;status&quot;: &quot;SEND&quot;
            },
            {
                &quot;time&quot;: &quot;2022-02-18T15:23:08.869Z&quot;,
                &quot;status&quot;: &quot;DELIVERED&quot;
            },
            {
                &quot;time&quot;: &quot;2022-02-18T15:23:31.763Z&quot;,
                &quot;status&quot;: &quot;PENDING&quot;
            },
            {
                &quot;time&quot;: &quot;2022-02-18T15:23:31.789Z&quot;,
                &quot;status&quot;: &quot;SEND&quot;
            },
            {
                &quot;time&quot;: &quot;2022-02-18T15:23:31.829Z&quot;,
                &quot;status&quot;: &quot;DELIVERED&quot;
            },
            {
                &quot;time&quot;: &quot;2022-02-18T15:23:56.183Z&quot;,
                &quot;status&quot;: &quot;PENDING&quot;
            },
            {
                &quot;time&quot;: &quot;2022-02-18T15:23:56.205Z&quot;,
                &quot;status&quot;: &quot;SEND&quot;
            },
            {
                &quot;time&quot;: &quot;2022-02-18T15:23:56.240Z&quot;,
                &quot;status&quot;: &quot;DELIVERED&quot;
            },
            {
                &quot;time&quot;: &quot;2022-02-18T15:24:19.191Z&quot;,
                &quot;status&quot;: &quot;PENDING&quot;
            },
            {
                &quot;time&quot;: &quot;2022-02-18T15:24:19.214Z&quot;,
                &quot;status&quot;: &quot;SEND&quot;
            },
            {
                &quot;time&quot;: &quot;2022-02-18T15:24:19.249Z&quot;,
                &quot;status&quot;: &quot;DELIVERED&quot;
            },
            {
                &quot;time&quot;: &quot;2022-02-18T15:24:56.124Z&quot;,
                &quot;status&quot;: &quot;PENDING&quot;
            },
            {
                &quot;time&quot;: &quot;2022-02-18T15:24:56.152Z&quot;,
                &quot;status&quot;: &quot;SEND&quot;
            },
            {
                &quot;time&quot;: &quot;2022-02-18T15:24:56.186Z&quot;,
                &quot;status&quot;: &quot;DELIVERED&quot;
            },
            {
                &quot;time&quot;: &quot;2022-02-18T15:25:21.105Z&quot;,
                &quot;status&quot;: &quot;PENDING&quot;
            },
            {
                &quot;time&quot;: &quot;2022-02-18T15:25:21.127Z&quot;,
                &quot;status&quot;: &quot;SEND&quot;
            },
            {
                &quot;time&quot;: &quot;2022-02-18T15:25:21.164Z&quot;,
                &quot;status&quot;: &quot;DELIVERED&quot;
            },
            {
                &quot;time&quot;: &quot;2022-02-18T15:25:45.991Z&quot;,
                &quot;status&quot;: &quot;PENDING&quot;
            },
            {
                &quot;time&quot;: &quot;2022-02-18T15:25:46.015Z&quot;,
                &quot;status&quot;: &quot;SEND&quot;
            },
            {
                &quot;time&quot;: &quot;2022-02-18T15:25:46.050Z&quot;,
                &quot;status&quot;: &quot;DELIVERED&quot;
            },
            {
                &quot;time&quot;: &quot;2022-02-18T15:42:24.600Z&quot;,
                &quot;status&quot;: &quot;PENDING&quot;
            },
            {
                &quot;time&quot;: &quot;2022-02-18T15:42:24.628Z&quot;,
                &quot;status&quot;: &quot;SEND&quot;
            },
            {
                &quot;time&quot;: &quot;2022-02-18T15:42:24.664Z&quot;,
                &quot;status&quot;: &quot;DELIVERED&quot;
            },
            {
                &quot;time&quot;: &quot;2022-02-18T15:45:04.233Z&quot;,
                &quot;status&quot;: &quot;PENDING&quot;
            },
            {
                &quot;time&quot;: &quot;2022-02-18T15:45:04.267Z&quot;,
                &quot;status&quot;: &quot;SEND&quot;
            },
            {
                &quot;time&quot;: &quot;2022-02-18T15:45:04.303Z&quot;,
                &quot;status&quot;: &quot;DELIVERED&quot;
            },
            {
                &quot;time&quot;: &quot;2022-02-18T15:45:26.812Z&quot;,
                &quot;status&quot;: &quot;PENDING&quot;
            },
            {
                &quot;time&quot;: &quot;2022-02-18T15:45:26.839Z&quot;,
                &quot;status&quot;: &quot;SEND&quot;
            },
            {
                &quot;time&quot;: &quot;2022-02-18T15:45:26.882Z&quot;,
                &quot;status&quot;: &quot;DELIVERED&quot;
            },
            {
                &quot;time&quot;: &quot;2022-02-18T15:48:05.017Z&quot;,
                &quot;status&quot;: &quot;PENDING&quot;
            },
            {
                &quot;time&quot;: &quot;2022-02-18T15:48:05.047Z&quot;,
                &quot;status&quot;: &quot;SEND&quot;
            }
        ],
        &quot;status&quot;: &quot;DELIVERED&quot;
    },
    &quot;creationTime&quot;: &quot;2022-02-18T15:10:35.358Z&quot;,
    &quot;deviceId&quot;: &quot;14382422&quot;,
    &quot;deviceName&quot;: &quot;mythic_beasts_pi_all_jobs_sag&quot;,
    &quot;self&quot;: &quot;https://t493319102.eu-latest.cumulocity.com/devicecontrol/operations/14382430&quot;,
    &quot;id&quot;: &quot;14382430&quot;,
    &quot;status&quot;: &quot;PENDING&quot;,
    &quot;c8y_LogfileRequest&quot;: {
        &quot;searchText&quot;: &quot;&quot;,
        &quot;logFile&quot;: &quot;software-management&quot;,
        &quot;dateTo&quot;: &quot;2021-11-21T18:55:49+0530&quot;,
        &quot;dateFrom&quot;: &quot;2021-11-15T18:55:49+0530&quot;,
        &quot;maximumLines&quot;: 300
    },
    &quot;description&quot;: &quot;Log file request&quot;
}
15:49:11 DEBUG Final URL of the request: https://thin-edge-io.eu-latest.cumulocity.com/devicecontrol/operations?deviceId=14382422&amp;pageSize=1&amp;revert=true&amp;dateFrom=1970-01-01T00%3A00%3A00.000Z
15:49:11 INFO  State of current operation: PENDING
15:49:11 DEBUG Final URL of the request: https://thin-edge-io.eu-latest.cumulocity.com/devicecontrol/operations?deviceId=14382422&amp;pageSize=1&amp;revert=true&amp;dateFrom=1970-01-01T00%3A00%3A00.000Z
15:49:11 DEBUG State of current operation: {
    &quot;delivery&quot;: {
        &quot;time&quot;: &quot;2022-02-18T15:48:05.094Z&quot;,
        &quot;log&quot;: [
            {
                &quot;time&quot;: &quot;2022-02-18T15:10:35.371Z&quot;,
                &quot;status&quot;: &quot;PENDING&quot;
            },
            {
                &quot;time&quot;: &quot;2022-02-18T15:10:35.380Z&quot;,
                &quot;status&quot;: &quot;SEND&quot;
            },
            {
                &quot;time&quot;: &quot;2022-02-18T15:10:35.414Z&quot;,
                &quot;status&quot;: &quot;DELIVERED&quot;
            },
            {
                &quot;time&quot;: &quot;2022-02-18T15:11:42.300Z&quot;,
                &quot;status&quot;: &quot;PENDING&quot;
            },
            {
                &quot;time&quot;: &quot;2022-02-18T15:11:42.322Z&quot;,
                &quot;status&quot;: &quot;SEND&quot;
            },
            {
                &quot;time&quot;: &quot;2022-02-18T15:11:42.359Z&quot;,
                &quot;status&quot;: &quot;DELIVERED&quot;
            },
            {
                &quot;time&quot;: &quot;2022-02-18T15:12:59.572Z&quot;,
                &quot;status&quot;: &quot;PENDING&quot;
            },
            {
                &quot;time&quot;: &quot;2022-02-18T15:12:59.593Z&quot;,
                &quot;status&quot;: &quot;SEND&quot;
            },
            {
                &quot;time&quot;: &quot;2022-02-18T15:12:59.628Z&quot;,
                &quot;status&quot;: &quot;DELIVERED&quot;
            },
            {
                &quot;time&quot;: &quot;2022-02-18T15:14:12.920Z&quot;,
                &quot;status&quot;: &quot;PENDING&quot;
            },
            {
                &quot;time&quot;: &quot;2022-02-18T15:14:12.944Z&quot;,
                &quot;status&quot;: &quot;SEND&quot;
            },
            {
                &quot;time&quot;: &quot;2022-02-18T15:14:12.981Z&quot;,
                &quot;status&quot;: &quot;DELIVERED&quot;
            },
            {
                &quot;time&quot;: &quot;2022-02-18T15:15:26.328Z&quot;,
                &quot;status&quot;: &quot;PENDING&quot;
            },
            {
                &quot;time&quot;: &quot;2022-02-18T15:15:26.352Z&quot;,
                &quot;status&quot;: &quot;SEND&quot;
            },
            {
                &quot;time&quot;: &quot;2022-02-18T15:15:26.390Z&quot;,
                &quot;status&quot;: &quot;DELIVERED&quot;
            },
            {
                &quot;time&quot;: &quot;2022-02-18T15:16:04.923Z&quot;,
                &quot;status&quot;: &quot;PENDING&quot;
            },
            {
                &quot;time&quot;: &quot;2022-02-18T15:16:04.942Z&quot;,
                &quot;status&quot;: &quot;SEND&quot;
            },
            {
                &quot;time&quot;: &quot;2022-02-18T15:16:04.979Z&quot;,
                &quot;status&quot;: &quot;DELIVERED&quot;
            },
            {
                &quot;time&quot;: &quot;2022-02-18T15:16:55.848Z&quot;,
                &quot;status&quot;: &quot;PENDING&quot;
            },
            {
                &quot;time&quot;: &quot;2022-02-18T15:16:55.868Z&quot;,
                &quot;status&quot;: &quot;SEND&quot;
            },
            {
                &quot;time&quot;: &quot;2022-02-18T15:16:55.905Z&quot;,
                &quot;status&quot;: &quot;DELIVERED&quot;
            },
            {
                &quot;time&quot;: &quot;2022-02-18T15:17:46.625Z&quot;,
                &quot;status&quot;: &quot;PENDING&quot;
            },
            {
                &quot;time&quot;: &quot;2022-02-18T15:17:46.652Z&quot;,
                &quot;status&quot;: &quot;SEND&quot;
            },
            {
                &quot;time&quot;: &quot;2022-02-18T15:17:46.687Z&quot;,
                &quot;status&quot;: &quot;DELIVERED&quot;
            },
            {
                &quot;time&quot;: &quot;2022-02-18T15:18:28.019Z&quot;,
                &quot;status&quot;: &quot;PENDING&quot;
            },
            {
                &quot;time&quot;: &quot;2022-02-18T15:18:28.043Z&quot;,
                &quot;status&quot;: &quot;SEND&quot;
            },
            {
                &quot;time&quot;: &quot;2022-02-18T15:18:28.079Z&quot;,
                &quot;status&quot;: &quot;DELIVERED&quot;
            },
            {
                &quot;time&quot;: &quot;2022-02-18T15:20:43.491Z&quot;,
                &quot;status&quot;: &quot;PENDING&quot;
            },
            {
                &quot;time&quot;: &quot;2022-02-18T15:20:43.514Z&quot;,
                &quot;status&quot;: &quot;SEND&quot;
            },
            {
                &quot;time&quot;: &quot;2022-02-18T15:20:43.550Z&quot;,
                &quot;status&quot;: &quot;DELIVERED&quot;
            },
            {
                &quot;time&quot;: &quot;2022-02-18T15:23:08.808Z&quot;,
                &quot;status&quot;: &quot;PENDING&quot;
            },
            {
                &quot;time&quot;: &quot;2022-02-18T15:23:08.831Z&quot;,
                &quot;status&quot;: &quot;SEND&quot;
            },
            {
                &quot;time&quot;: &quot;2022-02-18T15:23:08.869Z&quot;,
                &quot;status&quot;: &quot;DELIVERED&quot;
            },
            {
                &quot;time&quot;: &quot;2022-02-18T15:23:31.763Z&quot;,
                &quot;status&quot;: &quot;PENDING&quot;
            },
            {
                &quot;time&quot;: &quot;2022-02-18T15:23:31.789Z&quot;,
                &quot;status&quot;: &quot;SEND&quot;
            },
            {
                &quot;time&quot;: &quot;2022-02-18T15:23:31.829Z&quot;,
                &quot;status&quot;: &quot;DELIVERED&quot;
            },
            {
                &quot;time&quot;: &quot;2022-02-18T15:23:56.183Z&quot;,
                &quot;status&quot;: &quot;PENDING&quot;
            },
            {
                &quot;time&quot;: &quot;2022-02-18T15:23:56.205Z&quot;,
                &quot;status&quot;: &quot;SEND&quot;
            },
            {
                &quot;time&quot;: &quot;2022-02-18T15:23:56.240Z&quot;,
                &quot;status&quot;: &quot;DELIVERED&quot;
            },
            {
                &quot;time&quot;: &quot;2022-02-18T15:24:19.191Z&quot;,
                &quot;status&quot;: &quot;PENDING&quot;
            },
            {
                &quot;time&quot;: &quot;2022-02-18T15:24:19.214Z&quot;,
                &quot;status&quot;: &quot;SEND&quot;
            },
            {
                &quot;time&quot;: &quot;2022-02-18T15:24:19.249Z&quot;,
                &quot;status&quot;: &quot;DELIVERED&quot;
            },
            {
                &quot;time&quot;: &quot;2022-02-18T15:24:56.124Z&quot;,
                &quot;status&quot;: &quot;PENDING&quot;
            },
            {
                &quot;time&quot;: &quot;2022-02-18T15:24:56.152Z&quot;,
                &quot;status&quot;: &quot;SEND&quot;
            },
            {
                &quot;time&quot;: &quot;2022-02-18T15:24:56.186Z&quot;,
                &quot;status&quot;: &quot;DELIVERED&quot;
            },
            {
                &quot;time&quot;: &quot;2022-02-18T15:25:21.105Z&quot;,
                &quot;status&quot;: &quot;PENDING&quot;
            },
            {
                &quot;time&quot;: &quot;2022-02-18T15:25:21.127Z&quot;,
                &quot;status&quot;: &quot;SEND&quot;
            },
            {
                &quot;time&quot;: &quot;2022-02-18T15:25:21.164Z&quot;,
                &quot;status&quot;: &quot;DELIVERED&quot;
            },
            {
                &quot;time&quot;: &quot;2022-02-18T15:25:45.991Z&quot;,
                &quot;status&quot;: &quot;PENDING&quot;
            },
            {
                &quot;time&quot;: &quot;2022-02-18T15:25:46.015Z&quot;,
                &quot;status&quot;: &quot;SEND&quot;
            },
            {
                &quot;time&quot;: &quot;2022-02-18T15:25:46.050Z&quot;,
                &quot;status&quot;: &quot;DELIVERED&quot;
            },
            {
                &quot;time&quot;: &quot;2022-02-18T15:42:24.600Z&quot;,
                &quot;status&quot;: &quot;PENDING&quot;
            },
            {
                &quot;time&quot;: &quot;2022-02-18T15:42:24.628Z&quot;,
                &quot;status&quot;: &quot;SEND&quot;
            },
            {
                &quot;time&quot;: &quot;2022-02-18T15:42:24.664Z&quot;,
                &quot;status&quot;: &quot;DELIVERED&quot;
            },
            {
                &quot;time&quot;: &quot;2022-02-18T15:45:04.233Z&quot;,
                &quot;status&quot;: &quot;PENDING&quot;
            },
            {
                &quot;time&quot;: &quot;2022-02-18T15:45:04.267Z&quot;,
                &quot;status&quot;: &quot;SEND&quot;
            },
            {
                &quot;time&quot;: &quot;2022-02-18T15:45:04.303Z&quot;,
                &quot;status&quot;: &quot;DELIVERED&quot;
            },
            {
                &quot;time&quot;: &quot;2022-02-18T15:45:26.812Z&quot;,
                &quot;status&quot;: &quot;PENDING&quot;
            },
            {
                &quot;time&quot;: &quot;2022-02-18T15:45:26.839Z&quot;,
                &quot;status&quot;: &quot;SEND&quot;
            },
            {
                &quot;time&quot;: &quot;2022-02-18T15:45:26.882Z&quot;,
                &quot;status&quot;: &quot;DELIVERED&quot;
            },
            {
                &quot;time&quot;: &quot;2022-02-18T15:48:05.017Z&quot;,
                &quot;status&quot;: &quot;PENDING&quot;
            },
            {
                &quot;time&quot;: &quot;2022-02-18T15:48:05.047Z&quot;,
                &quot;status&quot;: &quot;SEND&quot;
            }
        ],
        &quot;status&quot;: &quot;DELIVERED&quot;
    },
    &quot;creationTime&quot;: &quot;2022-02-18T15:10:35.358Z&quot;,
    &quot;deviceId&quot;: &quot;14382422&quot;,
    &quot;deviceName&quot;: &quot;mythic_beasts_pi_all_jobs_sag&quot;,
    &quot;self&quot;: &quot;https://t493319102.eu-latest.cumulocity.com/devicecontrol/operations/14382430&quot;,
    &quot;id&quot;: &quot;14382430&quot;,
    &quot;status&quot;: &quot;PENDING&quot;,
    &quot;c8y_LogfileRequest&quot;: {
        &quot;searchText&quot;: &quot;&quot;,
        &quot;logFile&quot;: &quot;software-management&quot;,
        &quot;dateTo&quot;: &quot;2021-11-21T18:55:49+0530&quot;,
        &quot;dateFrom&quot;: &quot;2021-11-15T18:55:49+0530&quot;,
        &quot;maximumLines&quot;: 300
    },
    &quot;description&quot;: &quot;Log file request&quot;
}
15:49:13 DEBUG Final URL of the request: https://thin-edge-io.eu-latest.cumulocity.com/devicecontrol/operations?deviceId=14382422&amp;pageSize=1&amp;revert=true&amp;dateFrom=1970-01-01T00%3A00%3A00.000Z
15:49:13 INFO  State of current operation: PENDING
15:49:13 DEBUG Final URL of the request: https://thin-edge-io.eu-latest.cumulocity.com/devicecontrol/operations?deviceId=14382422&amp;pageSize=1&amp;revert=true&amp;dateFrom=1970-01-01T00%3A00%3A00.000Z
15:49:13 DEBUG State of current operation: {
    &quot;delivery&quot;: {
        &quot;time&quot;: &quot;2022-02-18T15:48:05.094Z&quot;,
        &quot;log&quot;: [
            {
                &quot;time&quot;: &quot;2022-02-18T15:10:35.371Z&quot;,
                &quot;status&quot;: &quot;PENDING&quot;
            },
            {
                &quot;time&quot;: &quot;2022-02-18T15:10:35.380Z&quot;,
                &quot;status&quot;: &quot;SEND&quot;
            },
            {
                &quot;time&quot;: &quot;2022-02-18T15:10:35.414Z&quot;,
                &quot;status&quot;: &quot;DELIVERED&quot;
            },
            {
                &quot;time&quot;: &quot;2022-02-18T15:11:42.300Z&quot;,
                &quot;status&quot;: &quot;PENDING&quot;
            },
            {
                &quot;time&quot;: &quot;2022-02-18T15:11:42.322Z&quot;,
                &quot;status&quot;: &quot;SEND&quot;
            },
            {
                &quot;time&quot;: &quot;2022-02-18T15:11:42.359Z&quot;,
                &quot;status&quot;: &quot;DELIVERED&quot;
            },
            {
                &quot;time&quot;: &quot;2022-02-18T15:12:59.572Z&quot;,
                &quot;status&quot;: &quot;PENDING&quot;
            },
            {
                &quot;time&quot;: &quot;2022-02-18T15:12:59.593Z&quot;,
                &quot;status&quot;: &quot;SEND&quot;
            },
            {
                &quot;time&quot;: &quot;2022-02-18T15:12:59.628Z&quot;,
                &quot;status&quot;: &quot;DELIVERED&quot;
            },
            {
                &quot;time&quot;: &quot;2022-02-18T15:14:12.920Z&quot;,
                &quot;status&quot;: &quot;PENDING&quot;
            },
            {
                &quot;time&quot;: &quot;2022-02-18T15:14:12.944Z&quot;,
                &quot;status&quot;: &quot;SEND&quot;
            },
            {
                &quot;time&quot;: &quot;2022-02-18T15:14:12.981Z&quot;,
                &quot;status&quot;: &quot;DELIVERED&quot;
            },
            {
                &quot;time&quot;: &quot;2022-02-18T15:15:26.328Z&quot;,
                &quot;status&quot;: &quot;PENDING&quot;
            },
            {
                &quot;time&quot;: &quot;2022-02-18T15:15:26.352Z&quot;,
                &quot;status&quot;: &quot;SEND&quot;
            },
            {
                &quot;time&quot;: &quot;2022-02-18T15:15:26.390Z&quot;,
                &quot;status&quot;: &quot;DELIVERED&quot;
            },
            {
                &quot;time&quot;: &quot;2022-02-18T15:16:04.923Z&quot;,
                &quot;status&quot;: &quot;PENDING&quot;
            },
            {
                &quot;time&quot;: &quot;2022-02-18T15:16:04.942Z&quot;,
                &quot;status&quot;: &quot;SEND&quot;
            },
            {
                &quot;time&quot;: &quot;2022-02-18T15:16:04.979Z&quot;,
                &quot;status&quot;: &quot;DELIVERED&quot;
            },
            {
                &quot;time&quot;: &quot;2022-02-18T15:16:55.848Z&quot;,
                &quot;status&quot;: &quot;PENDING&quot;
            },
            {
                &quot;time&quot;: &quot;2022-02-18T15:16:55.868Z&quot;,
                &quot;status&quot;: &quot;SEND&quot;
            },
            {
                &quot;time&quot;: &quot;2022-02-18T15:16:55.905Z&quot;,
                &quot;status&quot;: &quot;DELIVERED&quot;
            },
            {
                &quot;time&quot;: &quot;2022-02-18T15:17:46.625Z&quot;,
                &quot;status&quot;: &quot;PENDING&quot;
            },
            {
                &quot;time&quot;: &quot;2022-02-18T15:17:46.652Z&quot;,
                &quot;status&quot;: &quot;SEND&quot;
            },
            {
                &quot;time&quot;: &quot;2022-02-18T15:17:46.687Z&quot;,
                &quot;status&quot;: &quot;DELIVERED&quot;
            },
            {
                &quot;time&quot;: &quot;2022-02-18T15:18:28.019Z&quot;,
                &quot;status&quot;: &quot;PENDING&quot;
            },
            {
                &quot;time&quot;: &quot;2022-02-18T15:18:28.043Z&quot;,
                &quot;status&quot;: &quot;SEND&quot;
            },
            {
                &quot;time&quot;: &quot;2022-02-18T15:18:28.079Z&quot;,
                &quot;status&quot;: &quot;DELIVERED&quot;
            },
            {
                &quot;time&quot;: &quot;2022-02-18T15:20:43.491Z&quot;,
                &quot;status&quot;: &quot;PENDING&quot;
            },
            {
                &quot;time&quot;: &quot;2022-02-18T15:20:43.514Z&quot;,
                &quot;status&quot;: &quot;SEND&quot;
            },
            {
                &quot;time&quot;: &quot;2022-02-18T15:20:43.550Z&quot;,
                &quot;status&quot;: &quot;DELIVERED&quot;
            },
            {
                &quot;time&quot;: &quot;2022-02-18T15:23:08.808Z&quot;,
                &quot;status&quot;: &quot;PENDING&quot;
            },
            {
                &quot;time&quot;: &quot;2022-02-18T15:23:08.831Z&quot;,
                &quot;status&quot;: &quot;SEND&quot;
            },
            {
                &quot;time&quot;: &quot;2022-02-18T15:23:08.869Z&quot;,
                &quot;status&quot;: &quot;DELIVERED&quot;
            },
            {
                &quot;time&quot;: &quot;2022-02-18T15:23:31.763Z&quot;,
                &quot;status&quot;: &quot;PENDING&quot;
            },
            {
                &quot;time&quot;: &quot;2022-02-18T15:23:31.789Z&quot;,
                &quot;status&quot;: &quot;SEND&quot;
            },
            {
                &quot;time&quot;: &quot;2022-02-18T15:23:31.829Z&quot;,
                &quot;status&quot;: &quot;DELIVERED&quot;
            },
            {
                &quot;time&quot;: &quot;2022-02-18T15:23:56.183Z&quot;,
                &quot;status&quot;: &quot;PENDING&quot;
            },
            {
                &quot;time&quot;: &quot;2022-02-18T15:23:56.205Z&quot;,
                &quot;status&quot;: &quot;SEND&quot;
            },
            {
                &quot;time&quot;: &quot;2022-02-18T15:23:56.240Z&quot;,
                &quot;status&quot;: &quot;DELIVERED&quot;
            },
            {
                &quot;time&quot;: &quot;2022-02-18T15:24:19.191Z&quot;,
                &quot;status&quot;: &quot;PENDING&quot;
            },
            {
                &quot;time&quot;: &quot;2022-02-18T15:24:19.214Z&quot;,
                &quot;status&quot;: &quot;SEND&quot;
            },
            {
                &quot;time&quot;: &quot;2022-02-18T15:24:19.249Z&quot;,
                &quot;status&quot;: &quot;DELIVERED&quot;
            },
            {
                &quot;time&quot;: &quot;2022-02-18T15:24:56.124Z&quot;,
                &quot;status&quot;: &quot;PENDING&quot;
            },
            {
                &quot;time&quot;: &quot;2022-02-18T15:24:56.152Z&quot;,
                &quot;status&quot;: &quot;SEND&quot;
            },
            {
                &quot;time&quot;: &quot;2022-02-18T15:24:56.186Z&quot;,
                &quot;status&quot;: &quot;DELIVERED&quot;
            },
            {
                &quot;time&quot;: &quot;2022-02-18T15:25:21.105Z&quot;,
                &quot;status&quot;: &quot;PENDING&quot;
            },
            {
                &quot;time&quot;: &quot;2022-02-18T15:25:21.127Z&quot;,
                &quot;status&quot;: &quot;SEND&quot;
            },
            {
                &quot;time&quot;: &quot;2022-02-18T15:25:21.164Z&quot;,
                &quot;status&quot;: &quot;DELIVERED&quot;
            },
            {
                &quot;time&quot;: &quot;2022-02-18T15:25:45.991Z&quot;,
                &quot;status&quot;: &quot;PENDING&quot;
            },
            {
                &quot;time&quot;: &quot;2022-02-18T15:25:46.015Z&quot;,
                &quot;status&quot;: &quot;SEND&quot;
            },
            {
                &quot;time&quot;: &quot;2022-02-18T15:25:46.050Z&quot;,
                &quot;status&quot;: &quot;DELIVERED&quot;
            },
            {
                &quot;time&quot;: &quot;2022-02-18T15:42:24.600Z&quot;,
                &quot;status&quot;: &quot;PENDING&quot;
            },
            {
                &quot;time&quot;: &quot;2022-02-18T15:42:24.628Z&quot;,
                &quot;status&quot;: &quot;SEND&quot;
            },
            {
                &quot;time&quot;: &quot;2022-02-18T15:42:24.664Z&quot;,
                &quot;status&quot;: &quot;DELIVERED&quot;
            },
            {
                &quot;time&quot;: &quot;2022-02-18T15:45:04.233Z&quot;,
                &quot;status&quot;: &quot;PENDING&quot;
            },
            {
                &quot;time&quot;: &quot;2022-02-18T15:45:04.267Z&quot;,
                &quot;status&quot;: &quot;SEND&quot;
            },
            {
                &quot;time&quot;: &quot;2022-02-18T15:45:04.303Z&quot;,
                &quot;status&quot;: &quot;DELIVERED&quot;
            },
            {
                &quot;time&quot;: &quot;2022-02-18T15:45:26.812Z&quot;,
                &quot;status&quot;: &quot;PENDING&quot;
            },
            {
                &quot;time&quot;: &quot;2022-02-18T15:45:26.839Z&quot;,
                &quot;status&quot;: &quot;SEND&quot;
            },
            {
                &quot;time&quot;: &quot;2022-02-18T15:45:26.882Z&quot;,
                &quot;status&quot;: &quot;DELIVERED&quot;
            },
            {
                &quot;time&quot;: &quot;2022-02-18T15:48:05.017Z&quot;,
                &quot;status&quot;: &quot;PENDING&quot;
            },
            {
                &quot;time&quot;: &quot;2022-02-18T15:48:05.047Z&quot;,
                &quot;status&quot;: &quot;SEND&quot;
            }
        ],
        &quot;status&quot;: &quot;DELIVERED&quot;
    },
    &quot;creationTime&quot;: &quot;2022-02-18T15:10:35.358Z&quot;,
    &quot;deviceId&quot;: &quot;14382422&quot;,
    &quot;deviceName&quot;: &quot;mythic_beasts_pi_all_jobs_sag&quot;,
    &quot;self&quot;: &quot;https://t493319102.eu-latest.cumulocity.com/devicecontrol/operations/14382430&quot;,
    &quot;id&quot;: &quot;14382430&quot;,
    &quot;status&quot;: &quot;PENDING&quot;,
    &quot;c8y_LogfileRequest&quot;: {
        &quot;searchText&quot;: &quot;&quot;,
        &quot;logFile&quot;: &quot;software-management&quot;,
        &quot;dateTo&quot;: &quot;2021-11-21T18:55:49+0530&quot;,
        &quot;dateFrom&quot;: &quot;2021-11-15T18:55:49+0530&quot;,
        &quot;maximumLines&quot;: 300
    },
    &quot;description&quot;: &quot;Log file request&quot;
}
15:49:15 DEBUG Final URL of the request: https://thin-edge-io.eu-latest.cumulocity.com/devicecontrol/operations?deviceId=14382422&amp;pageSize=1&amp;revert=true&amp;dateFrom=1970-01-01T00%3A00%3A00.000Z
15:49:15 INFO  State of current operation: PENDING
15:49:15 DEBUG Final URL of the request: https://thin-edge-io.eu-latest.cumulocity.com/devicecontrol/operations?deviceId=14382422&amp;pageSize=1&amp;revert=true&amp;dateFrom=1970-01-01T00%3A00%3A00.000Z
15:49:15 DEBUG State of current operation: {
    &quot;delivery&quot;: {
        &quot;time&quot;: &quot;2022-02-18T15:48:05.094Z&quot;,
        &quot;log&quot;: [
            {
                &quot;time&quot;: &quot;2022-02-18T15:10:35.371Z&quot;,
                &quot;status&quot;: &quot;PENDING&quot;
            },
            {
                &quot;time&quot;: &quot;2022-02-18T15:10:35.380Z&quot;,
                &quot;status&quot;: &quot;SEND&quot;
            },
            {
                &quot;time&quot;: &quot;2022-02-18T15:10:35.414Z&quot;,
                &quot;status&quot;: &quot;DELIVERED&quot;
            },
            {
                &quot;time&quot;: &quot;2022-02-18T15:11:42.300Z&quot;,
                &quot;status&quot;: &quot;PENDING&quot;
            },
            {
                &quot;time&quot;: &quot;2022-02-18T15:11:42.322Z&quot;,
                &quot;status&quot;: &quot;SEND&quot;
            },
            {
                &quot;time&quot;: &quot;2022-02-18T15:11:42.359Z&quot;,
                &quot;status&quot;: &quot;DELIVERED&quot;
            },
            {
                &quot;time&quot;: &quot;2022-02-18T15:12:59.572Z&quot;,
                &quot;status&quot;: &quot;PENDING&quot;
            },
            {
                &quot;time&quot;: &quot;2022-02-18T15:12:59.593Z&quot;,
                &quot;status&quot;: &quot;SEND&quot;
            },
            {
                &quot;time&quot;: &quot;2022-02-18T15:12:59.628Z&quot;,
                &quot;status&quot;: &quot;DELIVERED&quot;
            },
            {
                &quot;time&quot;: &quot;2022-02-18T15:14:12.920Z&quot;,
                &quot;status&quot;: &quot;PENDING&quot;
            },
            {
                &quot;time&quot;: &quot;2022-02-18T15:14:12.944Z&quot;,
                &quot;status&quot;: &quot;SEND&quot;
            },
            {
                &quot;time&quot;: &quot;2022-02-18T15:14:12.981Z&quot;,
                &quot;status&quot;: &quot;DELIVERED&quot;
            },
            {
                &quot;time&quot;: &quot;2022-02-18T15:15:26.328Z&quot;,
                &quot;status&quot;: &quot;PENDING&quot;
            },
            {
                &quot;time&quot;: &quot;2022-02-18T15:15:26.352Z&quot;,
                &quot;status&quot;: &quot;SEND&quot;
            },
            {
                &quot;time&quot;: &quot;2022-02-18T15:15:26.390Z&quot;,
                &quot;status&quot;: &quot;DELIVERED&quot;
            },
            {
                &quot;time&quot;: &quot;2022-02-18T15:16:04.923Z&quot;,
                &quot;status&quot;: &quot;PENDING&quot;
            },
            {
                &quot;time&quot;: &quot;2022-02-18T15:16:04.942Z&quot;,
                &quot;status&quot;: &quot;SEND&quot;
            },
            {
                &quot;time&quot;: &quot;2022-02-18T15:16:04.979Z&quot;,
                &quot;status&quot;: &quot;DELIVERED&quot;
            },
            {
                &quot;time&quot;: &quot;2022-02-18T15:16:55.848Z&quot;,
                &quot;status&quot;: &quot;PENDING&quot;
            },
            {
                &quot;time&quot;: &quot;2022-02-18T15:16:55.868Z&quot;,
                &quot;status&quot;: &quot;SEND&quot;
            },
            {
                &quot;time&quot;: &quot;2022-02-18T15:16:55.905Z&quot;,
                &quot;status&quot;: &quot;DELIVERED&quot;
            },
            {
                &quot;time&quot;: &quot;2022-02-18T15:17:46.625Z&quot;,
                &quot;status&quot;: &quot;PENDING&quot;
            },
            {
                &quot;time&quot;: &quot;2022-02-18T15:17:46.652Z&quot;,
                &quot;status&quot;: &quot;SEND&quot;
            },
            {
                &quot;time&quot;: &quot;2022-02-18T15:17:46.687Z&quot;,
                &quot;status&quot;: &quot;DELIVERED&quot;
            },
            {
                &quot;time&quot;: &quot;2022-02-18T15:18:28.019Z&quot;,
                &quot;status&quot;: &quot;PENDING&quot;
            },
            {
                &quot;time&quot;: &quot;2022-02-18T15:18:28.043Z&quot;,
                &quot;status&quot;: &quot;SEND&quot;
            },
            {
                &quot;time&quot;: &quot;2022-02-18T15:18:28.079Z&quot;,
                &quot;status&quot;: &quot;DELIVERED&quot;
            },
            {
                &quot;time&quot;: &quot;2022-02-18T15:20:43.491Z&quot;,
                &quot;status&quot;: &quot;PENDING&quot;
            },
            {
                &quot;time&quot;: &quot;2022-02-18T15:20:43.514Z&quot;,
                &quot;status&quot;: &quot;SEND&quot;
            },
            {
                &quot;time&quot;: &quot;2022-02-18T15:20:43.550Z&quot;,
                &quot;status&quot;: &quot;DELIVERED&quot;
            },
            {
                &quot;time&quot;: &quot;2022-02-18T15:23:08.808Z&quot;,
                &quot;status&quot;: &quot;PENDING&quot;
            },
            {
                &quot;time&quot;: &quot;2022-02-18T15:23:08.831Z&quot;,
                &quot;status&quot;: &quot;SEND&quot;
            },
            {
                &quot;time&quot;: &quot;2022-02-18T15:23:08.869Z&quot;,
                &quot;status&quot;: &quot;DELIVERED&quot;
            },
            {
                &quot;time&quot;: &quot;2022-02-18T15:23:31.763Z&quot;,
                &quot;status&quot;: &quot;PENDING&quot;
            },
            {
                &quot;time&quot;: &quot;2022-02-18T15:23:31.789Z&quot;,
                &quot;status&quot;: &quot;SEND&quot;
            },
            {
                &quot;time&quot;: &quot;2022-02-18T15:23:31.829Z&quot;,
                &quot;status&quot;: &quot;DELIVERED&quot;
            },
            {
                &quot;time&quot;: &quot;2022-02-18T15:23:56.183Z&quot;,
                &quot;status&quot;: &quot;PENDING&quot;
            },
            {
                &quot;time&quot;: &quot;2022-02-18T15:23:56.205Z&quot;,
                &quot;status&quot;: &quot;SEND&quot;
            },
            {
                &quot;time&quot;: &quot;2022-02-18T15:23:56.240Z&quot;,
                &quot;status&quot;: &quot;DELIVERED&quot;
            },
            {
                &quot;time&quot;: &quot;2022-02-18T15:24:19.191Z&quot;,
                &quot;status&quot;: &quot;PENDING&quot;
            },
            {
                &quot;time&quot;: &quot;2022-02-18T15:24:19.214Z&quot;,
                &quot;status&quot;: &quot;SEND&quot;
            },
            {
                &quot;time&quot;: &quot;2022-02-18T15:24:19.249Z&quot;,
                &quot;status&quot;: &quot;DELIVERED&quot;
            },
            {
                &quot;time&quot;: &quot;2022-02-18T15:24:56.124Z&quot;,
                &quot;status&quot;: &quot;PENDING&quot;
            },
            {
                &quot;time&quot;: &quot;2022-02-18T15:24:56.152Z&quot;,
                &quot;status&quot;: &quot;SEND&quot;
            },
            {
                &quot;time&quot;: &quot;2022-02-18T15:24:56.186Z&quot;,
                &quot;status&quot;: &quot;DELIVERED&quot;
            },
            {
                &quot;time&quot;: &quot;2022-02-18T15:25:21.105Z&quot;,
                &quot;status&quot;: &quot;PENDING&quot;
            },
            {
                &quot;time&quot;: &quot;2022-02-18T15:25:21.127Z&quot;,
                &quot;status&quot;: &quot;SEND&quot;
            },
            {
                &quot;time&quot;: &quot;2022-02-18T15:25:21.164Z&quot;,
                &quot;status&quot;: &quot;DELIVERED&quot;
            },
            {
                &quot;time&quot;: &quot;2022-02-18T15:25:45.991Z&quot;,
                &quot;status&quot;: &quot;PENDING&quot;
            },
            {
                &quot;time&quot;: &quot;2022-02-18T15:25:46.015Z&quot;,
                &quot;status&quot;: &quot;SEND&quot;
            },
            {
                &quot;time&quot;: &quot;2022-02-18T15:25:46.050Z&quot;,
                &quot;status&quot;: &quot;DELIVERED&quot;
            },
            {
                &quot;time&quot;: &quot;2022-02-18T15:42:24.600Z&quot;,
                &quot;status&quot;: &quot;PENDING&quot;
            },
            {
                &quot;time&quot;: &quot;2022-02-18T15:42:24.628Z&quot;,
                &quot;status&quot;: &quot;SEND&quot;
            },
            {
                &quot;time&quot;: &quot;2022-02-18T15:42:24.664Z&quot;,
                &quot;status&quot;: &quot;DELIVERED&quot;
            },
            {
                &quot;time&quot;: &quot;2022-02-18T15:45:04.233Z&quot;,
                &quot;status&quot;: &quot;PENDING&quot;
            },
            {
                &quot;time&quot;: &quot;2022-02-18T15:45:04.267Z&quot;,
                &quot;status&quot;: &quot;SEND&quot;
            },
            {
                &quot;time&quot;: &quot;2022-02-18T15:45:04.303Z&quot;,
                &quot;status&quot;: &quot;DELIVERED&quot;
            },
            {
                &quot;time&quot;: &quot;2022-02-18T15:45:26.812Z&quot;,
                &quot;status&quot;: &quot;PENDING&quot;
            },
            {
                &quot;time&quot;: &quot;2022-02-18T15:45:26.839Z&quot;,
                &quot;status&quot;: &quot;SEND&quot;
            },
            {
                &quot;time&quot;: &quot;2022-02-18T15:45:26.882Z&quot;,
                &quot;status&quot;: &quot;DELIVERED&quot;
            },
            {
                &quot;time&quot;: &quot;2022-02-18T15:48:05.017Z&quot;,
                &quot;status&quot;: &quot;PENDING&quot;
            },
            {
                &quot;time&quot;: &quot;2022-02-18T15:48:05.047Z&quot;,
                &quot;status&quot;: &quot;SEND&quot;
            }
        ],
        &quot;status&quot;: &quot;DELIVERED&quot;
    },
    &quot;creationTime&quot;: &quot;2022-02-18T15:10:35.358Z&quot;,
    &quot;deviceId&quot;: &quot;14382422&quot;,
    &quot;deviceName&quot;: &quot;mythic_beasts_pi_all_jobs_sag&quot;,
    &quot;self&quot;: &quot;https://t493319102.eu-latest.cumulocity.com/devicecontrol/operations/14382430&quot;,
    &quot;id&quot;: &quot;14382430&quot;,
    &quot;status&quot;: &quot;PENDING&quot;,
    &quot;c8y_LogfileRequest&quot;: {
        &quot;searchText&quot;: &quot;&quot;,
        &quot;logFile&quot;: &quot;software-management&quot;,
        &quot;dateTo&quot;: &quot;2021-11-21T18:55:49+0530&quot;,
        &quot;dateFrom&quot;: &quot;2021-11-15T18:55:49+0530&quot;,
        &quot;maximumLines&quot;: 300
    },
    &quot;description&quot;: &quot;Log file request&quot;
}
15:49:17 DEBUG Final URL of the request: https://thin-edge-io.eu-latest.cumulocity.com/devicecontrol/operations?deviceId=14382422&amp;pageSize=1&amp;revert=true&amp;dateFrom=1970-01-01T00%3A00%3A00.000Z
15:49:17 INFO  State of current operation: PENDING
15:49:17 DEBUG Final URL of the request: https://thin-edge-io.eu-latest.cumulocity.com/devicecontrol/operations?deviceId=14382422&amp;pageSize=1&amp;revert=true&amp;dateFrom=1970-01-01T00%3A00%3A00.000Z
15:49:17 DEBUG State of current operation: {
    &quot;delivery&quot;: {
        &quot;time&quot;: &quot;2022-02-18T15:48:05.094Z&quot;,
        &quot;log&quot;: [
            {
                &quot;time&quot;: &quot;2022-02-18T15:10:35.371Z&quot;,
                &quot;status&quot;: &quot;PENDING&quot;
            },
            {
                &quot;time&quot;: &quot;2022-02-18T15:10:35.380Z&quot;,
                &quot;status&quot;: &quot;SEND&quot;
            },
            {
                &quot;time&quot;: &quot;2022-02-18T15:10:35.414Z&quot;,
                &quot;status&quot;: &quot;DELIVERED&quot;
            },
            {
                &quot;time&quot;: &quot;2022-02-18T15:11:42.300Z&quot;,
                &quot;status&quot;: &quot;PENDING&quot;
            },
            {
                &quot;time&quot;: &quot;2022-02-18T15:11:42.322Z&quot;,
                &quot;status&quot;: &quot;SEND&quot;
            },
            {
                &quot;time&quot;: &quot;2022-02-18T15:11:42.359Z&quot;,
                &quot;status&quot;: &quot;DELIVERED&quot;
            },
            {
                &quot;time&quot;: &quot;2022-02-18T15:12:59.572Z&quot;,
                &quot;status&quot;: &quot;PENDING&quot;
            },
            {
                &quot;time&quot;: &quot;2022-02-18T15:12:59.593Z&quot;,
                &quot;status&quot;: &quot;SEND&quot;
            },
            {
                &quot;time&quot;: &quot;2022-02-18T15:12:59.628Z&quot;,
                &quot;status&quot;: &quot;DELIVERED&quot;
            },
            {
                &quot;time&quot;: &quot;2022-02-18T15:14:12.920Z&quot;,
                &quot;status&quot;: &quot;PENDING&quot;
            },
            {
                &quot;time&quot;: &quot;2022-02-18T15:14:12.944Z&quot;,
                &quot;status&quot;: &quot;SEND&quot;
            },
            {
                &quot;time&quot;: &quot;2022-02-18T15:14:12.981Z&quot;,
                &quot;status&quot;: &quot;DELIVERED&quot;
            },
            {
                &quot;time&quot;: &quot;2022-02-18T15:15:26.328Z&quot;,
                &quot;status&quot;: &quot;PENDING&quot;
            },
            {
                &quot;time&quot;: &quot;2022-02-18T15:15:26.352Z&quot;,
                &quot;status&quot;: &quot;SEND&quot;
            },
            {
                &quot;time&quot;: &quot;2022-02-18T15:15:26.390Z&quot;,
                &quot;status&quot;: &quot;DELIVERED&quot;
            },
            {
                &quot;time&quot;: &quot;2022-02-18T15:16:04.923Z&quot;,
                &quot;status&quot;: &quot;PENDING&quot;
            },
            {
                &quot;time&quot;: &quot;2022-02-18T15:16:04.942Z&quot;,
                &quot;status&quot;: &quot;SEND&quot;
            },
            {
                &quot;time&quot;: &quot;2022-02-18T15:16:04.979Z&quot;,
                &quot;status&quot;: &quot;DELIVERED&quot;
            },
            {
                &quot;time&quot;: &quot;2022-02-18T15:16:55.848Z&quot;,
                &quot;status&quot;: &quot;PENDING&quot;
            },
            {
                &quot;time&quot;: &quot;2022-02-18T15:16:55.868Z&quot;,
                &quot;status&quot;: &quot;SEND&quot;
            },
            {
                &quot;time&quot;: &quot;2022-02-18T15:16:55.905Z&quot;,
                &quot;status&quot;: &quot;DELIVERED&quot;
            },
            {
                &quot;time&quot;: &quot;2022-02-18T15:17:46.625Z&quot;,
                &quot;status&quot;: &quot;PENDING&quot;
            },
            {
                &quot;time&quot;: &quot;2022-02-18T15:17:46.652Z&quot;,
                &quot;status&quot;: &quot;SEND&quot;
            },
            {
                &quot;time&quot;: &quot;2022-02-18T15:17:46.687Z&quot;,
                &quot;status&quot;: &quot;DELIVERED&quot;
            },
            {
                &quot;time&quot;: &quot;2022-02-18T15:18:28.019Z&quot;,
                &quot;status&quot;: &quot;PENDING&quot;
            },
            {
                &quot;time&quot;: &quot;2022-02-18T15:18:28.043Z&quot;,
                &quot;status&quot;: &quot;SEND&quot;
            },
            {
                &quot;time&quot;: &quot;2022-02-18T15:18:28.079Z&quot;,
                &quot;status&quot;: &quot;DELIVERED&quot;
            },
            {
                &quot;time&quot;: &quot;2022-02-18T15:20:43.491Z&quot;,
                &quot;status&quot;: &quot;PENDING&quot;
            },
            {
                &quot;time&quot;: &quot;2022-02-18T15:20:43.514Z&quot;,
                &quot;status&quot;: &quot;SEND&quot;
            },
            {
                &quot;time&quot;: &quot;2022-02-18T15:20:43.550Z&quot;,
                &quot;status&quot;: &quot;DELIVERED&quot;
            },
            {
                &quot;time&quot;: &quot;2022-02-18T15:23:08.808Z&quot;,
                &quot;status&quot;: &quot;PENDING&quot;
            },
            {
                &quot;time&quot;: &quot;2022-02-18T15:23:08.831Z&quot;,
                &quot;status&quot;: &quot;SEND&quot;
            },
            {
                &quot;time&quot;: &quot;2022-02-18T15:23:08.869Z&quot;,
                &quot;status&quot;: &quot;DELIVERED&quot;
            },
            {
                &quot;time&quot;: &quot;2022-02-18T15:23:31.763Z&quot;,
                &quot;status&quot;: &quot;PENDING&quot;
            },
            {
                &quot;time&quot;: &quot;2022-02-18T15:23:31.789Z&quot;,
                &quot;status&quot;: &quot;SEND&quot;
            },
            {
                &quot;time&quot;: &quot;2022-02-18T15:23:31.829Z&quot;,
                &quot;status&quot;: &quot;DELIVERED&quot;
            },
            {
                &quot;time&quot;: &quot;2022-02-18T15:23:56.183Z&quot;,
                &quot;status&quot;: &quot;PENDING&quot;
            },
            {
                &quot;time&quot;: &quot;2022-02-18T15:23:56.205Z&quot;,
                &quot;status&quot;: &quot;SEND&quot;
            },
            {
                &quot;time&quot;: &quot;2022-02-18T15:23:56.240Z&quot;,
                &quot;status&quot;: &quot;DELIVERED&quot;
            },
            {
                &quot;time&quot;: &quot;2022-02-18T15:24:19.191Z&quot;,
                &quot;status&quot;: &quot;PENDING&quot;
            },
            {
                &quot;time&quot;: &quot;2022-02-18T15:24:19.214Z&quot;,
                &quot;status&quot;: &quot;SEND&quot;
            },
            {
                &quot;time&quot;: &quot;2022-02-18T15:24:19.249Z&quot;,
                &quot;status&quot;: &quot;DELIVERED&quot;
            },
            {
                &quot;time&quot;: &quot;2022-02-18T15:24:56.124Z&quot;,
                &quot;status&quot;: &quot;PENDING&quot;
            },
            {
                &quot;time&quot;: &quot;2022-02-18T15:24:56.152Z&quot;,
                &quot;status&quot;: &quot;SEND&quot;
            },
            {
                &quot;time&quot;: &quot;2022-02-18T15:24:56.186Z&quot;,
                &quot;status&quot;: &quot;DELIVERED&quot;
            },
            {
                &quot;time&quot;: &quot;2022-02-18T15:25:21.105Z&quot;,
                &quot;status&quot;: &quot;PENDING&quot;
            },
            {
                &quot;time&quot;: &quot;2022-02-18T15:25:21.127Z&quot;,
                &quot;status&quot;: &quot;SEND&quot;
            },
            {
                &quot;time&quot;: &quot;2022-02-18T15:25:21.164Z&quot;,
                &quot;status&quot;: &quot;DELIVERED&quot;
            },
            {
                &quot;time&quot;: &quot;2022-02-18T15:25:45.991Z&quot;,
                &quot;status&quot;: &quot;PENDING&quot;
            },
            {
                &quot;time&quot;: &quot;2022-02-18T15:25:46.015Z&quot;,
                &quot;status&quot;: &quot;SEND&quot;
            },
            {
                &quot;time&quot;: &quot;2022-02-18T15:25:46.050Z&quot;,
                &quot;status&quot;: &quot;DELIVERED&quot;
            },
            {
                &quot;time&quot;: &quot;2022-02-18T15:42:24.600Z&quot;,
                &quot;status&quot;: &quot;PENDING&quot;
            },
            {
                &quot;time&quot;: &quot;2022-02-18T15:42:24.628Z&quot;,
                &quot;status&quot;: &quot;SEND&quot;
            },
            {
                &quot;time&quot;: &quot;2022-02-18T15:42:24.664Z&quot;,
                &quot;status&quot;: &quot;DELIVERED&quot;
            },
            {
                &quot;time&quot;: &quot;2022-02-18T15:45:04.233Z&quot;,
                &quot;status&quot;: &quot;PENDING&quot;
            },
            {
                &quot;time&quot;: &quot;2022-02-18T15:45:04.267Z&quot;,
                &quot;status&quot;: &quot;SEND&quot;
            },
            {
                &quot;time&quot;: &quot;2022-02-18T15:45:04.303Z&quot;,
                &quot;status&quot;: &quot;DELIVERED&quot;
            },
            {
                &quot;time&quot;: &quot;2022-02-18T15:45:26.812Z&quot;,
                &quot;status&quot;: &quot;PENDING&quot;
            },
            {
                &quot;time&quot;: &quot;2022-02-18T15:45:26.839Z&quot;,
                &quot;status&quot;: &quot;SEND&quot;
            },
            {
                &quot;time&quot;: &quot;2022-02-18T15:45:26.882Z&quot;,
                &quot;status&quot;: &quot;DELIVERED&quot;
            },
            {
                &quot;time&quot;: &quot;2022-02-18T15:48:05.017Z&quot;,
                &quot;status&quot;: &quot;PENDING&quot;
            },
            {
                &quot;time&quot;: &quot;2022-02-18T15:48:05.047Z&quot;,
                &quot;status&quot;: &quot;SEND&quot;
            }
        ],
        &quot;status&quot;: &quot;DELIVERED&quot;
    },
    &quot;creationTime&quot;: &quot;2022-02-18T15:10:35.358Z&quot;,
    &quot;deviceId&quot;: &quot;14382422&quot;,
    &quot;deviceName&quot;: &quot;mythic_beasts_pi_all_jobs_sag&quot;,
    &quot;self&quot;: &quot;https://t493319102.eu-latest.cumulocity.com/devicecontrol/operations/14382430&quot;,
    &quot;id&quot;: &quot;14382430&quot;,
    &quot;status&quot;: &quot;PENDING&quot;,
    &quot;c8y_LogfileRequest&quot;: {
        &quot;searchText&quot;: &quot;&quot;,
        &quot;logFile&quot;: &quot;software-management&quot;,
        &quot;dateTo&quot;: &quot;2021-11-21T18:55:49+0530&quot;,
        &quot;dateFrom&quot;: &quot;2021-11-15T18:55:49+0530&quot;,
        &quot;maximumLines&quot;: 300
    },
    &quot;description&quot;: &quot;Log file request&quot;
}
15:49:19 DEBUG Final URL of the request: https://thin-edge-io.eu-latest.cumulocity.com/devicecontrol/operations?deviceId=14382422&amp;pageSize=1&amp;revert=true&amp;dateFrom=1970-01-01T00%3A00%3A00.000Z
15:49:19 INFO  State of current operation: PENDING
15:49:19 DEBUG Final URL of the request: https://thin-edge-io.eu-latest.cumulocity.com/devicecontrol/operations?deviceId=14382422&amp;pageSize=1&amp;revert=true&amp;dateFrom=1970-01-01T00%3A00%3A00.000Z
15:49:19 DEBUG State of current operation: {
    &quot;delivery&quot;: {
        &quot;time&quot;: &quot;2022-02-18T15:48:05.094Z&quot;,
        &quot;log&quot;: [
            {
                &quot;time&quot;: &quot;2022-02-18T15:10:35.371Z&quot;,
                &quot;status&quot;: &quot;PENDING&quot;
            },
            {
                &quot;time&quot;: &quot;2022-02-18T15:10:35.380Z&quot;,
                &quot;status&quot;: &quot;SEND&quot;
            },
            {
                &quot;time&quot;: &quot;2022-02-18T15:10:35.414Z&quot;,
                &quot;status&quot;: &quot;DELIVERED&quot;
            },
            {
                &quot;time&quot;: &quot;2022-02-18T15:11:42.300Z&quot;,
                &quot;status&quot;: &quot;PENDING&quot;
            },
            {
                &quot;time&quot;: &quot;2022-02-18T15:11:42.322Z&quot;,
                &quot;status&quot;: &quot;SEND&quot;
            },
            {
                &quot;time&quot;: &quot;2022-02-18T15:11:42.359Z&quot;,
                &quot;status&quot;: &quot;DELIVERED&quot;
            },
            {
                &quot;time&quot;: &quot;2022-02-18T15:12:59.572Z&quot;,
                &quot;status&quot;: &quot;PENDING&quot;
            },
            {
                &quot;time&quot;: &quot;2022-02-18T15:12:59.593Z&quot;,
                &quot;status&quot;: &quot;SEND&quot;
            },
            {
                &quot;time&quot;: &quot;2022-02-18T15:12:59.628Z&quot;,
                &quot;status&quot;: &quot;DELIVERED&quot;
            },
            {
                &quot;time&quot;: &quot;2022-02-18T15:14:12.920Z&quot;,
                &quot;status&quot;: &quot;PENDING&quot;
            },
            {
                &quot;time&quot;: &quot;2022-02-18T15:14:12.944Z&quot;,
                &quot;status&quot;: &quot;SEND&quot;
            },
            {
                &quot;time&quot;: &quot;2022-02-18T15:14:12.981Z&quot;,
                &quot;status&quot;: &quot;DELIVERED&quot;
            },
            {
                &quot;time&quot;: &quot;2022-02-18T15:15:26.328Z&quot;,
                &quot;status&quot;: &quot;PENDING&quot;
            },
            {
                &quot;time&quot;: &quot;2022-02-18T15:15:26.352Z&quot;,
                &quot;status&quot;: &quot;SEND&quot;
            },
            {
                &quot;time&quot;: &quot;2022-02-18T15:15:26.390Z&quot;,
                &quot;status&quot;: &quot;DELIVERED&quot;
            },
            {
                &quot;time&quot;: &quot;2022-02-18T15:16:04.923Z&quot;,
                &quot;status&quot;: &quot;PENDING&quot;
            },
            {
                &quot;time&quot;: &quot;2022-02-18T15:16:04.942Z&quot;,
                &quot;status&quot;: &quot;SEND&quot;
            },
            {
                &quot;time&quot;: &quot;2022-02-18T15:16:04.979Z&quot;,
                &quot;status&quot;: &quot;DELIVERED&quot;
            },
            {
                &quot;time&quot;: &quot;2022-02-18T15:16:55.848Z&quot;,
                &quot;status&quot;: &quot;PENDING&quot;
            },
            {
                &quot;time&quot;: &quot;2022-02-18T15:16:55.868Z&quot;,
                &quot;status&quot;: &quot;SEND&quot;
            },
            {
                &quot;time&quot;: &quot;2022-02-18T15:16:55.905Z&quot;,
                &quot;status&quot;: &quot;DELIVERED&quot;
            },
            {
                &quot;time&quot;: &quot;2022-02-18T15:17:46.625Z&quot;,
                &quot;status&quot;: &quot;PENDING&quot;
            },
            {
                &quot;time&quot;: &quot;2022-02-18T15:17:46.652Z&quot;,
                &quot;status&quot;: &quot;SEND&quot;
            },
            {
                &quot;time&quot;: &quot;2022-02-18T15:17:46.687Z&quot;,
                &quot;status&quot;: &quot;DELIVERED&quot;
            },
            {
                &quot;time&quot;: &quot;2022-02-18T15:18:28.019Z&quot;,
                &quot;status&quot;: &quot;PENDING&quot;
            },
            {
                &quot;time&quot;: &quot;2022-02-18T15:18:28.043Z&quot;,
                &quot;status&quot;: &quot;SEND&quot;
            },
            {
                &quot;time&quot;: &quot;2022-02-18T15:18:28.079Z&quot;,
                &quot;status&quot;: &quot;DELIVERED&quot;
            },
            {
                &quot;time&quot;: &quot;2022-02-18T15:20:43.491Z&quot;,
                &quot;status&quot;: &quot;PENDING&quot;
            },
            {
                &quot;time&quot;: &quot;2022-02-18T15:20:43.514Z&quot;,
                &quot;status&quot;: &quot;SEND&quot;
            },
            {
                &quot;time&quot;: &quot;2022-02-18T15:20:43.550Z&quot;,
                &quot;status&quot;: &quot;DELIVERED&quot;
            },
            {
                &quot;time&quot;: &quot;2022-02-18T15:23:08.808Z&quot;,
                &quot;status&quot;: &quot;PENDING&quot;
            },
            {
                &quot;time&quot;: &quot;2022-02-18T15:23:08.831Z&quot;,
                &quot;status&quot;: &quot;SEND&quot;
            },
            {
                &quot;time&quot;: &quot;2022-02-18T15:23:08.869Z&quot;,
                &quot;status&quot;: &quot;DELIVERED&quot;
            },
            {
                &quot;time&quot;: &quot;2022-02-18T15:23:31.763Z&quot;,
                &quot;status&quot;: &quot;PENDING&quot;
            },
            {
                &quot;time&quot;: &quot;2022-02-18T15:23:31.789Z&quot;,
                &quot;status&quot;: &quot;SEND&quot;
            },
            {
                &quot;time&quot;: &quot;2022-02-18T15:23:31.829Z&quot;,
                &quot;status&quot;: &quot;DELIVERED&quot;
            },
            {
                &quot;time&quot;: &quot;2022-02-18T15:23:56.183Z&quot;,
                &quot;status&quot;: &quot;PENDING&quot;
            },
            {
                &quot;time&quot;: &quot;2022-02-18T15:23:56.205Z&quot;,
                &quot;status&quot;: &quot;SEND&quot;
            },
            {
                &quot;time&quot;: &quot;2022-02-18T15:23:56.240Z&quot;,
                &quot;status&quot;: &quot;DELIVERED&quot;
            },
            {
                &quot;time&quot;: &quot;2022-02-18T15:24:19.191Z&quot;,
                &quot;status&quot;: &quot;PENDING&quot;
            },
            {
                &quot;time&quot;: &quot;2022-02-18T15:24:19.214Z&quot;,
                &quot;status&quot;: &quot;SEND&quot;
            },
            {
                &quot;time&quot;: &quot;2022-02-18T15:24:19.249Z&quot;,
                &quot;status&quot;: &quot;DELIVERED&quot;
            },
            {
                &quot;time&quot;: &quot;2022-02-18T15:24:56.124Z&quot;,
                &quot;status&quot;: &quot;PENDING&quot;
            },
            {
                &quot;time&quot;: &quot;2022-02-18T15:24:56.152Z&quot;,
                &quot;status&quot;: &quot;SEND&quot;
            },
            {
                &quot;time&quot;: &quot;2022-02-18T15:24:56.186Z&quot;,
                &quot;status&quot;: &quot;DELIVERED&quot;
            },
            {
                &quot;time&quot;: &quot;2022-02-18T15:25:21.105Z&quot;,
                &quot;status&quot;: &quot;PENDING&quot;
            },
            {
                &quot;time&quot;: &quot;2022-02-18T15:25:21.127Z&quot;,
                &quot;status&quot;: &quot;SEND&quot;
            },
            {
                &quot;time&quot;: &quot;2022-02-18T15:25:21.164Z&quot;,
                &quot;status&quot;: &quot;DELIVERED&quot;
            },
            {
                &quot;time&quot;: &quot;2022-02-18T15:25:45.991Z&quot;,
                &quot;status&quot;: &quot;PENDING&quot;
            },
            {
                &quot;time&quot;: &quot;2022-02-18T15:25:46.015Z&quot;,
                &quot;status&quot;: &quot;SEND&quot;
            },
            {
                &quot;time&quot;: &quot;2022-02-18T15:25:46.050Z&quot;,
                &quot;status&quot;: &quot;DELIVERED&quot;
            },
            {
                &quot;time&quot;: &quot;2022-02-18T15:42:24.600Z&quot;,
                &quot;status&quot;: &quot;PENDING&quot;
            },
            {
                &quot;time&quot;: &quot;2022-02-18T15:42:24.628Z&quot;,
                &quot;status&quot;: &quot;SEND&quot;
            },
            {
                &quot;time&quot;: &quot;2022-02-18T15:42:24.664Z&quot;,
                &quot;status&quot;: &quot;DELIVERED&quot;
            },
            {
                &quot;time&quot;: &quot;2022-02-18T15:45:04.233Z&quot;,
                &quot;status&quot;: &quot;PENDING&quot;
            },
            {
                &quot;time&quot;: &quot;2022-02-18T15:45:04.267Z&quot;,
                &quot;status&quot;: &quot;SEND&quot;
            },
            {
                &quot;time&quot;: &quot;2022-02-18T15:45:04.303Z&quot;,
                &quot;status&quot;: &quot;DELIVERED&quot;
            },
            {
                &quot;time&quot;: &quot;2022-02-18T15:45:26.812Z&quot;,
                &quot;status&quot;: &quot;PENDING&quot;
            },
            {
                &quot;time&quot;: &quot;2022-02-18T15:45:26.839Z&quot;,
                &quot;status&quot;: &quot;SEND&quot;
            },
            {
                &quot;time&quot;: &quot;2022-02-18T15:45:26.882Z&quot;,
                &quot;status&quot;: &quot;DELIVERED&quot;
            },
            {
                &quot;time&quot;: &quot;2022-02-18T15:48:05.017Z&quot;,
                &quot;status&quot;: &quot;PENDING&quot;
            },
            {
                &quot;time&quot;: &quot;2022-02-18T15:48:05.047Z&quot;,
                &quot;status&quot;: &quot;SEND&quot;
            }
        ],
        &quot;status&quot;: &quot;DELIVERED&quot;
    },
    &quot;creationTime&quot;: &quot;2022-02-18T15:10:35.358Z&quot;,
    &quot;deviceId&quot;: &quot;14382422&quot;,
    &quot;deviceName&quot;: &quot;mythic_beasts_pi_all_jobs_sag&quot;,
    &quot;self&quot;: &quot;https://t493319102.eu-latest.cumulocity.com/devicecontrol/operations/14382430&quot;,
    &quot;id&quot;: &quot;14382430&quot;,
    &quot;status&quot;: &quot;PENDING&quot;,
    &quot;c8y_LogfileRequest&quot;: {
        &quot;searchText&quot;: &quot;&quot;,
        &quot;logFile&quot;: &quot;software-management&quot;,
        &quot;dateTo&quot;: &quot;2021-11-21T18:55:49+0530&quot;,
        &quot;dateFrom&quot;: &quot;2021-11-15T18:55:49+0530&quot;,
        &quot;maximumLines&quot;: 300
    },
    &quot;description&quot;: &quot;Log file request&quot;
}
15:49:21 DEBUG Final URL of the request: https://thin-edge-io.eu-latest.cumulocity.com/devicecontrol/operations?deviceId=14382422&amp;pageSize=1&amp;revert=true&amp;dateFrom=1970-01-01T00%3A00%3A00.000Z
15:49:21 INFO  State of current operation: PENDING
15:49:21 DEBUG Final URL of the request: https://thin-edge-io.eu-latest.cumulocity.com/devicecontrol/operations?deviceId=14382422&amp;pageSize=1&amp;revert=true&amp;dateFrom=1970-01-01T00%3A00%3A00.000Z
15:49:21 DEBUG State of current operation: {
    &quot;delivery&quot;: {
        &quot;time&quot;: &quot;2022-02-18T15:48:05.094Z&quot;,
        &quot;log&quot;: [
            {
                &quot;time&quot;: &quot;2022-02-18T15:10:35.371Z&quot;,
                &quot;status&quot;: &quot;PENDING&quot;
            },
            {
                &quot;time&quot;: &quot;2022-02-18T15:10:35.380Z&quot;,
                &quot;status&quot;: &quot;SEND&quot;
            },
            {
                &quot;time&quot;: &quot;2022-02-18T15:10:35.414Z&quot;,
                &quot;status&quot;: &quot;DELIVERED&quot;
            },
            {
                &quot;time&quot;: &quot;2022-02-18T15:11:42.300Z&quot;,
                &quot;status&quot;: &quot;PENDING&quot;
            },
            {
                &quot;time&quot;: &quot;2022-02-18T15:11:42.322Z&quot;,
                &quot;status&quot;: &quot;SEND&quot;
            },
            {
                &quot;time&quot;: &quot;2022-02-18T15:11:42.359Z&quot;,
                &quot;status&quot;: &quot;DELIVERED&quot;
            },
            {
                &quot;time&quot;: &quot;2022-02-18T15:12:59.572Z&quot;,
                &quot;status&quot;: &quot;PENDING&quot;
            },
            {
                &quot;time&quot;: &quot;2022-02-18T15:12:59.593Z&quot;,
                &quot;status&quot;: &quot;SEND&quot;
            },
            {
                &quot;time&quot;: &quot;2022-02-18T15:12:59.628Z&quot;,
                &quot;status&quot;: &quot;DELIVERED&quot;
            },
            {
                &quot;time&quot;: &quot;2022-02-18T15:14:12.920Z&quot;,
                &quot;status&quot;: &quot;PENDING&quot;
            },
            {
                &quot;time&quot;: &quot;2022-02-18T15:14:12.944Z&quot;,
                &quot;status&quot;: &quot;SEND&quot;
            },
            {
                &quot;time&quot;: &quot;2022-02-18T15:14:12.981Z&quot;,
                &quot;status&quot;: &quot;DELIVERED&quot;
            },
            {
                &quot;time&quot;: &quot;2022-02-18T15:15:26.328Z&quot;,
                &quot;status&quot;: &quot;PENDING&quot;
            },
            {
                &quot;time&quot;: &quot;2022-02-18T15:15:26.352Z&quot;,
                &quot;status&quot;: &quot;SEND&quot;
            },
            {
                &quot;time&quot;: &quot;2022-02-18T15:15:26.390Z&quot;,
                &quot;status&quot;: &quot;DELIVERED&quot;
            },
            {
                &quot;time&quot;: &quot;2022-02-18T15:16:04.923Z&quot;,
                &quot;status&quot;: &quot;PENDING&quot;
            },
            {
                &quot;time&quot;: &quot;2022-02-18T15:16:04.942Z&quot;,
                &quot;status&quot;: &quot;SEND&quot;
            },
            {
                &quot;time&quot;: &quot;2022-02-18T15:16:04.979Z&quot;,
                &quot;status&quot;: &quot;DELIVERED&quot;
            },
            {
                &quot;time&quot;: &quot;2022-02-18T15:16:55.848Z&quot;,
                &quot;status&quot;: &quot;PENDING&quot;
            },
            {
                &quot;time&quot;: &quot;2022-02-18T15:16:55.868Z&quot;,
                &quot;status&quot;: &quot;SEND&quot;
            },
            {
                &quot;time&quot;: &quot;2022-02-18T15:16:55.905Z&quot;,
                &quot;status&quot;: &quot;DELIVERED&quot;
            },
            {
                &quot;time&quot;: &quot;2022-02-18T15:17:46.625Z&quot;,
                &quot;status&quot;: &quot;PENDING&quot;
            },
            {
                &quot;time&quot;: &quot;2022-02-18T15:17:46.652Z&quot;,
                &quot;status&quot;: &quot;SEND&quot;
            },
            {
                &quot;time&quot;: &quot;2022-02-18T15:17:46.687Z&quot;,
                &quot;status&quot;: &quot;DELIVERED&quot;
            },
            {
                &quot;time&quot;: &quot;2022-02-18T15:18:28.019Z&quot;,
                &quot;status&quot;: &quot;PENDING&quot;
            },
            {
                &quot;time&quot;: &quot;2022-02-18T15:18:28.043Z&quot;,
                &quot;status&quot;: &quot;SEND&quot;
            },
            {
                &quot;time&quot;: &quot;2022-02-18T15:18:28.079Z&quot;,
                &quot;status&quot;: &quot;DELIVERED&quot;
            },
            {
                &quot;time&quot;: &quot;2022-02-18T15:20:43.491Z&quot;,
                &quot;status&quot;: &quot;PENDING&quot;
            },
            {
                &quot;time&quot;: &quot;2022-02-18T15:20:43.514Z&quot;,
                &quot;status&quot;: &quot;SEND&quot;
            },
            {
                &quot;time&quot;: &quot;2022-02-18T15:20:43.550Z&quot;,
                &quot;status&quot;: &quot;DELIVERED&quot;
            },
            {
                &quot;time&quot;: &quot;2022-02-18T15:23:08.808Z&quot;,
                &quot;status&quot;: &quot;PENDING&quot;
            },
            {
                &quot;time&quot;: &quot;2022-02-18T15:23:08.831Z&quot;,
                &quot;status&quot;: &quot;SEND&quot;
            },
            {
                &quot;time&quot;: &quot;2022-02-18T15:23:08.869Z&quot;,
                &quot;status&quot;: &quot;DELIVERED&quot;
            },
            {
                &quot;time&quot;: &quot;2022-02-18T15:23:31.763Z&quot;,
                &quot;status&quot;: &quot;PENDING&quot;
            },
            {
                &quot;time&quot;: &quot;2022-02-18T15:23:31.789Z&quot;,
                &quot;status&quot;: &quot;SEND&quot;
            },
            {
                &quot;time&quot;: &quot;2022-02-18T15:23:31.829Z&quot;,
                &quot;status&quot;: &quot;DELIVERED&quot;
            },
            {
                &quot;time&quot;: &quot;2022-02-18T15:23:56.183Z&quot;,
                &quot;status&quot;: &quot;PENDING&quot;
            },
            {
                &quot;time&quot;: &quot;2022-02-18T15:23:56.205Z&quot;,
                &quot;status&quot;: &quot;SEND&quot;
            },
            {
                &quot;time&quot;: &quot;2022-02-18T15:23:56.240Z&quot;,
                &quot;status&quot;: &quot;DELIVERED&quot;
            },
            {
                &quot;time&quot;: &quot;2022-02-18T15:24:19.191Z&quot;,
                &quot;status&quot;: &quot;PENDING&quot;
            },
            {
                &quot;time&quot;: &quot;2022-02-18T15:24:19.214Z&quot;,
                &quot;status&quot;: &quot;SEND&quot;
            },
            {
                &quot;time&quot;: &quot;2022-02-18T15:24:19.249Z&quot;,
                &quot;status&quot;: &quot;DELIVERED&quot;
            },
            {
                &quot;time&quot;: &quot;2022-02-18T15:24:56.124Z&quot;,
                &quot;status&quot;: &quot;PENDING&quot;
            },
            {
                &quot;time&quot;: &quot;2022-02-18T15:24:56.152Z&quot;,
                &quot;status&quot;: &quot;SEND&quot;
            },
            {
                &quot;time&quot;: &quot;2022-02-18T15:24:56.186Z&quot;,
                &quot;status&quot;: &quot;DELIVERED&quot;
            },
            {
                &quot;time&quot;: &quot;2022-02-18T15:25:21.105Z&quot;,
                &quot;status&quot;: &quot;PENDING&quot;
            },
            {
                &quot;time&quot;: &quot;2022-02-18T15:25:21.127Z&quot;,
                &quot;status&quot;: &quot;SEND&quot;
            },
            {
                &quot;time&quot;: &quot;2022-02-18T15:25:21.164Z&quot;,
                &quot;status&quot;: &quot;DELIVERED&quot;
            },
            {
                &quot;time&quot;: &quot;2022-02-18T15:25:45.991Z&quot;,
                &quot;status&quot;: &quot;PENDING&quot;
            },
            {
                &quot;time&quot;: &quot;2022-02-18T15:25:46.015Z&quot;,
                &quot;status&quot;: &quot;SEND&quot;
            },
            {
                &quot;time&quot;: &quot;2022-02-18T15:25:46.050Z&quot;,
                &quot;status&quot;: &quot;DELIVERED&quot;
            },
            {
                &quot;time&quot;: &quot;2022-02-18T15:42:24.600Z&quot;,
                &quot;status&quot;: &quot;PENDING&quot;
            },
            {
                &quot;time&quot;: &quot;2022-02-18T15:42:24.628Z&quot;,
                &quot;status&quot;: &quot;SEND&quot;
            },
            {
                &quot;time&quot;: &quot;2022-02-18T15:42:24.664Z&quot;,
                &quot;status&quot;: &quot;DELIVERED&quot;
            },
            {
                &quot;time&quot;: &quot;2022-02-18T15:45:04.233Z&quot;,
                &quot;status&quot;: &quot;PENDING&quot;
            },
            {
                &quot;time&quot;: &quot;2022-02-18T15:45:04.267Z&quot;,
                &quot;status&quot;: &quot;SEND&quot;
            },
            {
                &quot;time&quot;: &quot;2022-02-18T15:45:04.303Z&quot;,
                &quot;status&quot;: &quot;DELIVERED&quot;
            },
            {
                &quot;time&quot;: &quot;2022-02-18T15:45:26.812Z&quot;,
                &quot;status&quot;: &quot;PENDING&quot;
            },
            {
                &quot;time&quot;: &quot;2022-02-18T15:45:26.839Z&quot;,
                &quot;status&quot;: &quot;SEND&quot;
            },
            {
                &quot;time&quot;: &quot;2022-02-18T15:45:26.882Z&quot;,
                &quot;status&quot;: &quot;DELIVERED&quot;
            },
            {
                &quot;time&quot;: &quot;2022-02-18T15:48:05.017Z&quot;,
                &quot;status&quot;: &quot;PENDING&quot;
            },
            {
                &quot;time&quot;: &quot;2022-02-18T15:48:05.047Z&quot;,
                &quot;status&quot;: &quot;SEND&quot;
            }
        ],
        &quot;status&quot;: &quot;DELIVERED&quot;
    },
    &quot;creationTime&quot;: &quot;2022-02-18T15:10:35.358Z&quot;,
    &quot;deviceId&quot;: &quot;14382422&quot;,
    &quot;deviceName&quot;: &quot;mythic_beasts_pi_all_jobs_sag&quot;,
    &quot;self&quot;: &quot;https://t493319102.eu-latest.cumulocity.com/devicecontrol/operations/14382430&quot;,
    &quot;id&quot;: &quot;14382430&quot;,
    &quot;status&quot;: &quot;PENDING&quot;,
    &quot;c8y_LogfileRequest&quot;: {
        &quot;searchText&quot;: &quot;&quot;,
        &quot;logFile&quot;: &quot;software-management&quot;,
        &quot;dateTo&quot;: &quot;2021-11-21T18:55:49+0530&quot;,
        &quot;dateFrom&quot;: &quot;2021-11-15T18:55:49+0530&quot;,
        &quot;maximumLines&quot;: 300
    },
    &quot;description&quot;: &quot;Log file request&quot;
}
15:49:24 DEBUG Final URL of the request: https://thin-edge-io.eu-latest.cumulocity.com/devicecontrol/operations?deviceId=14382422&amp;pageSize=1&amp;revert=true&amp;dateFrom=1970-01-01T00%3A00%3A00.000Z
15:49:24 INFO  State of current operation: PENDING
15:49:24 DEBUG Final URL of the request: https://thin-edge-io.eu-latest.cumulocity.com/devicecontrol/operations?deviceId=14382422&amp;pageSize=1&amp;revert=true&amp;dateFrom=1970-01-01T00%3A00%3A00.000Z
15:49:24 DEBUG State of current operation: {
    &quot;delivery&quot;: {
        &quot;time&quot;: &quot;2022-02-18T15:48:05.094Z&quot;,
        &quot;log&quot;: [
            {
                &quot;time&quot;: &quot;2022-02-18T15:10:35.371Z&quot;,
                &quot;status&quot;: &quot;PENDING&quot;
            },
            {
                &quot;time&quot;: &quot;2022-02-18T15:10:35.380Z&quot;,
                &quot;status&quot;: &quot;SEND&quot;
            },
            {
                &quot;time&quot;: &quot;2022-02-18T15:10:35.414Z&quot;,
                &quot;status&quot;: &quot;DELIVERED&quot;
            },
            {
                &quot;time&quot;: &quot;2022-02-18T15:11:42.300Z&quot;,
                &quot;status&quot;: &quot;PENDING&quot;
            },
            {
                &quot;time&quot;: &quot;2022-02-18T15:11:42.322Z&quot;,
                &quot;status&quot;: &quot;SEND&quot;
            },
            {
                &quot;time&quot;: &quot;2022-02-18T15:11:42.359Z&quot;,
                &quot;status&quot;: &quot;DELIVERED&quot;
            },
            {
                &quot;time&quot;: &quot;2022-02-18T15:12:59.572Z&quot;,
                &quot;status&quot;: &quot;PENDING&quot;
            },
            {
                &quot;time&quot;: &quot;2022-02-18T15:12:59.593Z&quot;,
                &quot;status&quot;: &quot;SEND&quot;
            },
            {
                &quot;time&quot;: &quot;2022-02-18T15:12:59.628Z&quot;,
                &quot;status&quot;: &quot;DELIVERED&quot;
            },
            {
                &quot;time&quot;: &quot;2022-02-18T15:14:12.920Z&quot;,
                &quot;status&quot;: &quot;PENDING&quot;
            },
            {
                &quot;time&quot;: &quot;2022-02-18T15:14:12.944Z&quot;,
                &quot;status&quot;: &quot;SEND&quot;
            },
            {
                &quot;time&quot;: &quot;2022-02-18T15:14:12.981Z&quot;,
                &quot;status&quot;: &quot;DELIVERED&quot;
            },
            {
                &quot;time&quot;: &quot;2022-02-18T15:15:26.328Z&quot;,
                &quot;status&quot;: &quot;PENDING&quot;
            },
            {
                &quot;time&quot;: &quot;2022-02-18T15:15:26.352Z&quot;,
                &quot;status&quot;: &quot;SEND&quot;
            },
            {
                &quot;time&quot;: &quot;2022-02-18T15:15:26.390Z&quot;,
                &quot;status&quot;: &quot;DELIVERED&quot;
            },
            {
                &quot;time&quot;: &quot;2022-02-18T15:16:04.923Z&quot;,
                &quot;status&quot;: &quot;PENDING&quot;
            },
            {
                &quot;time&quot;: &quot;2022-02-18T15:16:04.942Z&quot;,
                &quot;status&quot;: &quot;SEND&quot;
            },
            {
                &quot;time&quot;: &quot;2022-02-18T15:16:04.979Z&quot;,
                &quot;status&quot;: &quot;DELIVERED&quot;
            },
            {
                &quot;time&quot;: &quot;2022-02-18T15:16:55.848Z&quot;,
                &quot;status&quot;: &quot;PENDING&quot;
            },
            {
                &quot;time&quot;: &quot;2022-02-18T15:16:55.868Z&quot;,
                &quot;status&quot;: &quot;SEND&quot;
            },
            {
                &quot;time&quot;: &quot;2022-02-18T15:16:55.905Z&quot;,
                &quot;status&quot;: &quot;DELIVERED&quot;
            },
            {
                &quot;time&quot;: &quot;2022-02-18T15:17:46.625Z&quot;,
                &quot;status&quot;: &quot;PENDING&quot;
            },
            {
                &quot;time&quot;: &quot;2022-02-18T15:17:46.652Z&quot;,
                &quot;status&quot;: &quot;SEND&quot;
            },
            {
                &quot;time&quot;: &quot;2022-02-18T15:17:46.687Z&quot;,
                &quot;status&quot;: &quot;DELIVERED&quot;
            },
            {
                &quot;time&quot;: &quot;2022-02-18T15:18:28.019Z&quot;,
                &quot;status&quot;: &quot;PENDING&quot;
            },
            {
                &quot;time&quot;: &quot;2022-02-18T15:18:28.043Z&quot;,
                &quot;status&quot;: &quot;SEND&quot;
            },
            {
                &quot;time&quot;: &quot;2022-02-18T15:18:28.079Z&quot;,
                &quot;status&quot;: &quot;DELIVERED&quot;
            },
            {
                &quot;time&quot;: &quot;2022-02-18T15:20:43.491Z&quot;,
                &quot;status&quot;: &quot;PENDING&quot;
            },
            {
                &quot;time&quot;: &quot;2022-02-18T15:20:43.514Z&quot;,
                &quot;status&quot;: &quot;SEND&quot;
            },
            {
                &quot;time&quot;: &quot;2022-02-18T15:20:43.550Z&quot;,
                &quot;status&quot;: &quot;DELIVERED&quot;
            },
            {
                &quot;time&quot;: &quot;2022-02-18T15:23:08.808Z&quot;,
                &quot;status&quot;: &quot;PENDING&quot;
            },
            {
                &quot;time&quot;: &quot;2022-02-18T15:23:08.831Z&quot;,
                &quot;status&quot;: &quot;SEND&quot;
            },
            {
                &quot;time&quot;: &quot;2022-02-18T15:23:08.869Z&quot;,
                &quot;status&quot;: &quot;DELIVERED&quot;
            },
            {
                &quot;time&quot;: &quot;2022-02-18T15:23:31.763Z&quot;,
                &quot;status&quot;: &quot;PENDING&quot;
            },
            {
                &quot;time&quot;: &quot;2022-02-18T15:23:31.789Z&quot;,
                &quot;status&quot;: &quot;SEND&quot;
            },
            {
                &quot;time&quot;: &quot;2022-02-18T15:23:31.829Z&quot;,
                &quot;status&quot;: &quot;DELIVERED&quot;
            },
            {
                &quot;time&quot;: &quot;2022-02-18T15:23:56.183Z&quot;,
                &quot;status&quot;: &quot;PENDING&quot;
            },
            {
                &quot;time&quot;: &quot;2022-02-18T15:23:56.205Z&quot;,
                &quot;status&quot;: &quot;SEND&quot;
            },
            {
                &quot;time&quot;: &quot;2022-02-18T15:23:56.240Z&quot;,
                &quot;status&quot;: &quot;DELIVERED&quot;
            },
            {
                &quot;time&quot;: &quot;2022-02-18T15:24:19.191Z&quot;,
                &quot;status&quot;: &quot;PENDING&quot;
            },
            {
                &quot;time&quot;: &quot;2022-02-18T15:24:19.214Z&quot;,
                &quot;status&quot;: &quot;SEND&quot;
            },
            {
                &quot;time&quot;: &quot;2022-02-18T15:24:19.249Z&quot;,
                &quot;status&quot;: &quot;DELIVERED&quot;
            },
            {
                &quot;time&quot;: &quot;2022-02-18T15:24:56.124Z&quot;,
                &quot;status&quot;: &quot;PENDING&quot;
            },
            {
                &quot;time&quot;: &quot;2022-02-18T15:24:56.152Z&quot;,
                &quot;status&quot;: &quot;SEND&quot;
            },
            {
                &quot;time&quot;: &quot;2022-02-18T15:24:56.186Z&quot;,
                &quot;status&quot;: &quot;DELIVERED&quot;
            },
            {
                &quot;time&quot;: &quot;2022-02-18T15:25:21.105Z&quot;,
                &quot;status&quot;: &quot;PENDING&quot;
            },
            {
                &quot;time&quot;: &quot;2022-02-18T15:25:21.127Z&quot;,
                &quot;status&quot;: &quot;SEND&quot;
            },
            {
                &quot;time&quot;: &quot;2022-02-18T15:25:21.164Z&quot;,
                &quot;status&quot;: &quot;DELIVERED&quot;
            },
            {
                &quot;time&quot;: &quot;2022-02-18T15:25:45.991Z&quot;,
                &quot;status&quot;: &quot;PENDING&quot;
            },
            {
                &quot;time&quot;: &quot;2022-02-18T15:25:46.015Z&quot;,
                &quot;status&quot;: &quot;SEND&quot;
            },
            {
                &quot;time&quot;: &quot;2022-02-18T15:25:46.050Z&quot;,
                &quot;status&quot;: &quot;DELIVERED&quot;
            },
            {
                &quot;time&quot;: &quot;2022-02-18T15:42:24.600Z&quot;,
                &quot;status&quot;: &quot;PENDING&quot;
            },
            {
                &quot;time&quot;: &quot;2022-02-18T15:42:24.628Z&quot;,
                &quot;status&quot;: &quot;SEND&quot;
            },
            {
                &quot;time&quot;: &quot;2022-02-18T15:42:24.664Z&quot;,
                &quot;status&quot;: &quot;DELIVERED&quot;
            },
            {
                &quot;time&quot;: &quot;2022-02-18T15:45:04.233Z&quot;,
                &quot;status&quot;: &quot;PENDING&quot;
            },
            {
                &quot;time&quot;: &quot;2022-02-18T15:45:04.267Z&quot;,
                &quot;status&quot;: &quot;SEND&quot;
            },
            {
                &quot;time&quot;: &quot;2022-02-18T15:45:04.303Z&quot;,
                &quot;status&quot;: &quot;DELIVERED&quot;
            },
            {
                &quot;time&quot;: &quot;2022-02-18T15:45:26.812Z&quot;,
                &quot;status&quot;: &quot;PENDING&quot;
            },
            {
                &quot;time&quot;: &quot;2022-02-18T15:45:26.839Z&quot;,
                &quot;status&quot;: &quot;SEND&quot;
            },
            {
                &quot;time&quot;: &quot;2022-02-18T15:45:26.882Z&quot;,
                &quot;status&quot;: &quot;DELIVERED&quot;
            },
            {
                &quot;time&quot;: &quot;2022-02-18T15:48:05.017Z&quot;,
                &quot;status&quot;: &quot;PENDING&quot;
            },
            {
                &quot;time&quot;: &quot;2022-02-18T15:48:05.047Z&quot;,
                &quot;status&quot;: &quot;SEND&quot;
            }
        ],
        &quot;status&quot;: &quot;DELIVERED&quot;
    },
    &quot;creationTime&quot;: &quot;2022-02-18T15:10:35.358Z&quot;,
    &quot;deviceId&quot;: &quot;14382422&quot;,
    &quot;deviceName&quot;: &quot;mythic_beasts_pi_all_jobs_sag&quot;,
    &quot;self&quot;: &quot;https://t493319102.eu-latest.cumulocity.com/devicecontrol/operations/14382430&quot;,
    &quot;id&quot;: &quot;14382430&quot;,
    &quot;status&quot;: &quot;PENDING&quot;,
    &quot;c8y_LogfileRequest&quot;: {
        &quot;searchText&quot;: &quot;&quot;,
        &quot;logFile&quot;: &quot;software-management&quot;,
        &quot;dateTo&quot;: &quot;2021-11-21T18:55:49+0530&quot;,
        &quot;dateFrom&quot;: &quot;2021-11-15T18:55:49+0530&quot;,
        &quot;maximumLines&quot;: 300
    },
    &quot;description&quot;: &quot;Log file request&quot;
}
15:49:26 DEBUG Final URL of the request: https://thin-edge-io.eu-latest.cumulocity.com/devicecontrol/operations?deviceId=14382422&amp;pageSize=1&amp;revert=true&amp;dateFrom=1970-01-01T00%3A00%3A00.000Z
15:49:26 INFO  State of current operation: PENDING
15:49:26 DEBUG Final URL of the request: https://thin-edge-io.eu-latest.cumulocity.com/devicecontrol/operations?deviceId=14382422&amp;pageSize=1&amp;revert=true&amp;dateFrom=1970-01-01T00%3A00%3A00.000Z
15:49:26 DEBUG State of current operation: {
    &quot;delivery&quot;: {
        &quot;time&quot;: &quot;2022-02-18T15:48:05.094Z&quot;,
        &quot;log&quot;: [
            {
                &quot;time&quot;: &quot;2022-02-18T15:10:35.371Z&quot;,
                &quot;status&quot;: &quot;PENDING&quot;
            },
            {
                &quot;time&quot;: &quot;2022-02-18T15:10:35.380Z&quot;,
                &quot;status&quot;: &quot;SEND&quot;
            },
            {
                &quot;time&quot;: &quot;2022-02-18T15:10:35.414Z&quot;,
                &quot;status&quot;: &quot;DELIVERED&quot;
            },
            {
                &quot;time&quot;: &quot;2022-02-18T15:11:42.300Z&quot;,
                &quot;status&quot;: &quot;PENDING&quot;
            },
            {
                &quot;time&quot;: &quot;2022-02-18T15:11:42.322Z&quot;,
                &quot;status&quot;: &quot;SEND&quot;
            },
            {
                &quot;time&quot;: &quot;2022-02-18T15:11:42.359Z&quot;,
                &quot;status&quot;: &quot;DELIVERED&quot;
            },
            {
                &quot;time&quot;: &quot;2022-02-18T15:12:59.572Z&quot;,
                &quot;status&quot;: &quot;PENDING&quot;
            },
            {
                &quot;time&quot;: &quot;2022-02-18T15:12:59.593Z&quot;,
                &quot;status&quot;: &quot;SEND&quot;
            },
            {
                &quot;time&quot;: &quot;2022-02-18T15:12:59.628Z&quot;,
                &quot;status&quot;: &quot;DELIVERED&quot;
            },
            {
                &quot;time&quot;: &quot;2022-02-18T15:14:12.920Z&quot;,
                &quot;status&quot;: &quot;PENDING&quot;
            },
            {
                &quot;time&quot;: &quot;2022-02-18T15:14:12.944Z&quot;,
                &quot;status&quot;: &quot;SEND&quot;
            },
            {
                &quot;time&quot;: &quot;2022-02-18T15:14:12.981Z&quot;,
                &quot;status&quot;: &quot;DELIVERED&quot;
            },
            {
                &quot;time&quot;: &quot;2022-02-18T15:15:26.328Z&quot;,
                &quot;status&quot;: &quot;PENDING&quot;
            },
            {
                &quot;time&quot;: &quot;2022-02-18T15:15:26.352Z&quot;,
                &quot;status&quot;: &quot;SEND&quot;
            },
            {
                &quot;time&quot;: &quot;2022-02-18T15:15:26.390Z&quot;,
                &quot;status&quot;: &quot;DELIVERED&quot;
            },
            {
                &quot;time&quot;: &quot;2022-02-18T15:16:04.923Z&quot;,
                &quot;status&quot;: &quot;PENDING&quot;
            },
            {
                &quot;time&quot;: &quot;2022-02-18T15:16:04.942Z&quot;,
                &quot;status&quot;: &quot;SEND&quot;
            },
            {
                &quot;time&quot;: &quot;2022-02-18T15:16:04.979Z&quot;,
                &quot;status&quot;: &quot;DELIVERED&quot;
            },
            {
                &quot;time&quot;: &quot;2022-02-18T15:16:55.848Z&quot;,
                &quot;status&quot;: &quot;PENDING&quot;
            },
            {
                &quot;time&quot;: &quot;2022-02-18T15:16:55.868Z&quot;,
                &quot;status&quot;: &quot;SEND&quot;
            },
            {
                &quot;time&quot;: &quot;2022-02-18T15:16:55.905Z&quot;,
                &quot;status&quot;: &quot;DELIVERED&quot;
            },
            {
                &quot;time&quot;: &quot;2022-02-18T15:17:46.625Z&quot;,
                &quot;status&quot;: &quot;PENDING&quot;
            },
            {
                &quot;time&quot;: &quot;2022-02-18T15:17:46.652Z&quot;,
                &quot;status&quot;: &quot;SEND&quot;
            },
            {
                &quot;time&quot;: &quot;2022-02-18T15:17:46.687Z&quot;,
                &quot;status&quot;: &quot;DELIVERED&quot;
            },
            {
                &quot;time&quot;: &quot;2022-02-18T15:18:28.019Z&quot;,
                &quot;status&quot;: &quot;PENDING&quot;
            },
            {
                &quot;time&quot;: &quot;2022-02-18T15:18:28.043Z&quot;,
                &quot;status&quot;: &quot;SEND&quot;
            },
            {
                &quot;time&quot;: &quot;2022-02-18T15:18:28.079Z&quot;,
                &quot;status&quot;: &quot;DELIVERED&quot;
            },
            {
                &quot;time&quot;: &quot;2022-02-18T15:20:43.491Z&quot;,
                &quot;status&quot;: &quot;PENDING&quot;
            },
            {
                &quot;time&quot;: &quot;2022-02-18T15:20:43.514Z&quot;,
                &quot;status&quot;: &quot;SEND&quot;
            },
            {
                &quot;time&quot;: &quot;2022-02-18T15:20:43.550Z&quot;,
                &quot;status&quot;: &quot;DELIVERED&quot;
            },
            {
                &quot;time&quot;: &quot;2022-02-18T15:23:08.808Z&quot;,
                &quot;status&quot;: &quot;PENDING&quot;
            },
            {
                &quot;time&quot;: &quot;2022-02-18T15:23:08.831Z&quot;,
                &quot;status&quot;: &quot;SEND&quot;
            },
            {
                &quot;time&quot;: &quot;2022-02-18T15:23:08.869Z&quot;,
                &quot;status&quot;: &quot;DELIVERED&quot;
            },
            {
                &quot;time&quot;: &quot;2022-02-18T15:23:31.763Z&quot;,
                &quot;status&quot;: &quot;PENDING&quot;
            },
            {
                &quot;time&quot;: &quot;2022-02-18T15:23:31.789Z&quot;,
                &quot;status&quot;: &quot;SEND&quot;
            },
            {
                &quot;time&quot;: &quot;2022-02-18T15:23:31.829Z&quot;,
                &quot;status&quot;: &quot;DELIVERED&quot;
            },
            {
                &quot;time&quot;: &quot;2022-02-18T15:23:56.183Z&quot;,
                &quot;status&quot;: &quot;PENDING&quot;
            },
            {
                &quot;time&quot;: &quot;2022-02-18T15:23:56.205Z&quot;,
                &quot;status&quot;: &quot;SEND&quot;
            },
            {
                &quot;time&quot;: &quot;2022-02-18T15:23:56.240Z&quot;,
                &quot;status&quot;: &quot;DELIVERED&quot;
            },
            {
                &quot;time&quot;: &quot;2022-02-18T15:24:19.191Z&quot;,
                &quot;status&quot;: &quot;PENDING&quot;
            },
            {
                &quot;time&quot;: &quot;2022-02-18T15:24:19.214Z&quot;,
                &quot;status&quot;: &quot;SEND&quot;
            },
            {
                &quot;time&quot;: &quot;2022-02-18T15:24:19.249Z&quot;,
                &quot;status&quot;: &quot;DELIVERED&quot;
            },
            {
                &quot;time&quot;: &quot;2022-02-18T15:24:56.124Z&quot;,
                &quot;status&quot;: &quot;PENDING&quot;
            },
            {
                &quot;time&quot;: &quot;2022-02-18T15:24:56.152Z&quot;,
                &quot;status&quot;: &quot;SEND&quot;
            },
            {
                &quot;time&quot;: &quot;2022-02-18T15:24:56.186Z&quot;,
                &quot;status&quot;: &quot;DELIVERED&quot;
            },
            {
                &quot;time&quot;: &quot;2022-02-18T15:25:21.105Z&quot;,
                &quot;status&quot;: &quot;PENDING&quot;
            },
            {
                &quot;time&quot;: &quot;2022-02-18T15:25:21.127Z&quot;,
                &quot;status&quot;: &quot;SEND&quot;
            },
            {
                &quot;time&quot;: &quot;2022-02-18T15:25:21.164Z&quot;,
                &quot;status&quot;: &quot;DELIVERED&quot;
            },
            {
                &quot;time&quot;: &quot;2022-02-18T15:25:45.991Z&quot;,
                &quot;status&quot;: &quot;PENDING&quot;
            },
            {
                &quot;time&quot;: &quot;2022-02-18T15:25:46.015Z&quot;,
                &quot;status&quot;: &quot;SEND&quot;
            },
            {
                &quot;time&quot;: &quot;2022-02-18T15:25:46.050Z&quot;,
                &quot;status&quot;: &quot;DELIVERED&quot;
            },
            {
                &quot;time&quot;: &quot;2022-02-18T15:42:24.600Z&quot;,
                &quot;status&quot;: &quot;PENDING&quot;
            },
            {
                &quot;time&quot;: &quot;2022-02-18T15:42:24.628Z&quot;,
                &quot;status&quot;: &quot;SEND&quot;
            },
            {
                &quot;time&quot;: &quot;2022-02-18T15:42:24.664Z&quot;,
                &quot;status&quot;: &quot;DELIVERED&quot;
            },
            {
                &quot;time&quot;: &quot;2022-02-18T15:45:04.233Z&quot;,
                &quot;status&quot;: &quot;PENDING&quot;
            },
            {
                &quot;time&quot;: &quot;2022-02-18T15:45:04.267Z&quot;,
                &quot;status&quot;: &quot;SEND&quot;
            },
            {
                &quot;time&quot;: &quot;2022-02-18T15:45:04.303Z&quot;,
                &quot;status&quot;: &quot;DELIVERED&quot;
            },
            {
                &quot;time&quot;: &quot;2022-02-18T15:45:26.812Z&quot;,
                &quot;status&quot;: &quot;PENDING&quot;
            },
            {
                &quot;time&quot;: &quot;2022-02-18T15:45:26.839Z&quot;,
                &quot;status&quot;: &quot;SEND&quot;
            },
            {
                &quot;time&quot;: &quot;2022-02-18T15:45:26.882Z&quot;,
                &quot;status&quot;: &quot;DELIVERED&quot;
            },
            {
                &quot;time&quot;: &quot;2022-02-18T15:48:05.017Z&quot;,
                &quot;status&quot;: &quot;PENDING&quot;
            },
            {
                &quot;time&quot;: &quot;2022-02-18T15:48:05.047Z&quot;,
                &quot;status&quot;: &quot;SEND&quot;
            }
        ],
        &quot;status&quot;: &quot;DELIVERED&quot;
    },
    &quot;creationTime&quot;: &quot;2022-02-18T15:10:35.358Z&quot;,
    &quot;deviceId&quot;: &quot;14382422&quot;,
    &quot;deviceName&quot;: &quot;mythic_beasts_pi_all_jobs_sag&quot;,
    &quot;self&quot;: &quot;https://t493319102.eu-latest.cumulocity.com/devicecontrol/operations/14382430&quot;,
    &quot;id&quot;: &quot;14382430&quot;,
    &quot;status&quot;: &quot;PENDING&quot;,
    &quot;c8y_LogfileRequest&quot;: {
        &quot;searchText&quot;: &quot;&quot;,
        &quot;logFile&quot;: &quot;software-management&quot;,
        &quot;dateTo&quot;: &quot;2021-11-21T18:55:49+0530&quot;,
        &quot;dateFrom&quot;: &quot;2021-11-15T18:55:49+0530&quot;,
        &quot;maximumLines&quot;: 300
    },
    &quot;description&quot;: &quot;Log file request&quot;
}
15:49:28 DEBUG Final URL of the request: https://thin-edge-io.eu-latest.cumulocity.com/devicecontrol/operations?deviceId=14382422&amp;pageSize=1&amp;revert=true&amp;dateFrom=1970-01-01T00%3A00%3A00.000Z
15:49:28 INFO  State of current operation: PENDING
15:49:28 DEBUG Final URL of the request: https://thin-edge-io.eu-latest.cumulocity.com/devicecontrol/operations?deviceId=14382422&amp;pageSize=1&amp;revert=true&amp;dateFrom=1970-01-01T00%3A00%3A00.000Z
15:49:28 DEBUG State of current operation: {
    &quot;delivery&quot;: {
        &quot;time&quot;: &quot;2022-02-18T15:48:05.094Z&quot;,
        &quot;log&quot;: [
            {
                &quot;time&quot;: &quot;2022-02-18T15:10:35.371Z&quot;,
                &quot;status&quot;: &quot;PENDING&quot;
            },
            {
                &quot;time&quot;: &quot;2022-02-18T15:10:35.380Z&quot;,
                &quot;status&quot;: &quot;SEND&quot;
            },
            {
                &quot;time&quot;: &quot;2022-02-18T15:10:35.414Z&quot;,
                &quot;status&quot;: &quot;DELIVERED&quot;
            },
            {
                &quot;time&quot;: &quot;2022-02-18T15:11:42.300Z&quot;,
                &quot;status&quot;: &quot;PENDING&quot;
            },
            {
                &quot;time&quot;: &quot;2022-02-18T15:11:42.322Z&quot;,
                &quot;status&quot;: &quot;SEND&quot;
            },
            {
                &quot;time&quot;: &quot;2022-02-18T15:11:42.359Z&quot;,
                &quot;status&quot;: &quot;DELIVERED&quot;
            },
            {
                &quot;time&quot;: &quot;2022-02-18T15:12:59.572Z&quot;,
                &quot;status&quot;: &quot;PENDING&quot;
            },
            {
                &quot;time&quot;: &quot;2022-02-18T15:12:59.593Z&quot;,
                &quot;status&quot;: &quot;SEND&quot;
            },
            {
                &quot;time&quot;: &quot;2022-02-18T15:12:59.628Z&quot;,
                &quot;status&quot;: &quot;DELIVERED&quot;
            },
            {
                &quot;time&quot;: &quot;2022-02-18T15:14:12.920Z&quot;,
                &quot;status&quot;: &quot;PENDING&quot;
            },
            {
                &quot;time&quot;: &quot;2022-02-18T15:14:12.944Z&quot;,
                &quot;status&quot;: &quot;SEND&quot;
            },
            {
                &quot;time&quot;: &quot;2022-02-18T15:14:12.981Z&quot;,
                &quot;status&quot;: &quot;DELIVERED&quot;
            },
            {
                &quot;time&quot;: &quot;2022-02-18T15:15:26.328Z&quot;,
                &quot;status&quot;: &quot;PENDING&quot;
            },
            {
                &quot;time&quot;: &quot;2022-02-18T15:15:26.352Z&quot;,
                &quot;status&quot;: &quot;SEND&quot;
            },
            {
                &quot;time&quot;: &quot;2022-02-18T15:15:26.390Z&quot;,
                &quot;status&quot;: &quot;DELIVERED&quot;
            },
            {
                &quot;time&quot;: &quot;2022-02-18T15:16:04.923Z&quot;,
                &quot;status&quot;: &quot;PENDING&quot;
            },
            {
                &quot;time&quot;: &quot;2022-02-18T15:16:04.942Z&quot;,
                &quot;status&quot;: &quot;SEND&quot;
            },
            {
                &quot;time&quot;: &quot;2022-02-18T15:16:04.979Z&quot;,
                &quot;status&quot;: &quot;DELIVERED&quot;
            },
            {
                &quot;time&quot;: &quot;2022-02-18T15:16:55.848Z&quot;,
                &quot;status&quot;: &quot;PENDING&quot;
            },
            {
                &quot;time&quot;: &quot;2022-02-18T15:16:55.868Z&quot;,
                &quot;status&quot;: &quot;SEND&quot;
            },
            {
                &quot;time&quot;: &quot;2022-02-18T15:16:55.905Z&quot;,
                &quot;status&quot;: &quot;DELIVERED&quot;
            },
            {
                &quot;time&quot;: &quot;2022-02-18T15:17:46.625Z&quot;,
                &quot;status&quot;: &quot;PENDING&quot;
            },
            {
                &quot;time&quot;: &quot;2022-02-18T15:17:46.652Z&quot;,
                &quot;status&quot;: &quot;SEND&quot;
            },
            {
                &quot;time&quot;: &quot;2022-02-18T15:17:46.687Z&quot;,
                &quot;status&quot;: &quot;DELIVERED&quot;
            },
            {
                &quot;time&quot;: &quot;2022-02-18T15:18:28.019Z&quot;,
                &quot;status&quot;: &quot;PENDING&quot;
            },
            {
                &quot;time&quot;: &quot;2022-02-18T15:18:28.043Z&quot;,
                &quot;status&quot;: &quot;SEND&quot;
            },
            {
                &quot;time&quot;: &quot;2022-02-18T15:18:28.079Z&quot;,
                &quot;status&quot;: &quot;DELIVERED&quot;
            },
            {
                &quot;time&quot;: &quot;2022-02-18T15:20:43.491Z&quot;,
                &quot;status&quot;: &quot;PENDING&quot;
            },
            {
                &quot;time&quot;: &quot;2022-02-18T15:20:43.514Z&quot;,
                &quot;status&quot;: &quot;SEND&quot;
            },
            {
                &quot;time&quot;: &quot;2022-02-18T15:20:43.550Z&quot;,
                &quot;status&quot;: &quot;DELIVERED&quot;
            },
            {
                &quot;time&quot;: &quot;2022-02-18T15:23:08.808Z&quot;,
                &quot;status&quot;: &quot;PENDING&quot;
            },
            {
                &quot;time&quot;: &quot;2022-02-18T15:23:08.831Z&quot;,
                &quot;status&quot;: &quot;SEND&quot;
            },
            {
                &quot;time&quot;: &quot;2022-02-18T15:23:08.869Z&quot;,
                &quot;status&quot;: &quot;DELIVERED&quot;
            },
            {
                &quot;time&quot;: &quot;2022-02-18T15:23:31.763Z&quot;,
                &quot;status&quot;: &quot;PENDING&quot;
            },
            {
                &quot;time&quot;: &quot;2022-02-18T15:23:31.789Z&quot;,
                &quot;status&quot;: &quot;SEND&quot;
            },
            {
                &quot;time&quot;: &quot;2022-02-18T15:23:31.829Z&quot;,
                &quot;status&quot;: &quot;DELIVERED&quot;
            },
            {
                &quot;time&quot;: &quot;2022-02-18T15:23:56.183Z&quot;,
                &quot;status&quot;: &quot;PENDING&quot;
            },
            {
                &quot;time&quot;: &quot;2022-02-18T15:23:56.205Z&quot;,
                &quot;status&quot;: &quot;SEND&quot;
            },
            {
                &quot;time&quot;: &quot;2022-02-18T15:23:56.240Z&quot;,
                &quot;status&quot;: &quot;DELIVERED&quot;
            },
            {
                &quot;time&quot;: &quot;2022-02-18T15:24:19.191Z&quot;,
                &quot;status&quot;: &quot;PENDING&quot;
            },
            {
                &quot;time&quot;: &quot;2022-02-18T15:24:19.214Z&quot;,
                &quot;status&quot;: &quot;SEND&quot;
            },
            {
                &quot;time&quot;: &quot;2022-02-18T15:24:19.249Z&quot;,
                &quot;status&quot;: &quot;DELIVERED&quot;
            },
            {
                &quot;time&quot;: &quot;2022-02-18T15:24:56.124Z&quot;,
                &quot;status&quot;: &quot;PENDING&quot;
            },
            {
                &quot;time&quot;: &quot;2022-02-18T15:24:56.152Z&quot;,
                &quot;status&quot;: &quot;SEND&quot;
            },
            {
                &quot;time&quot;: &quot;2022-02-18T15:24:56.186Z&quot;,
                &quot;status&quot;: &quot;DELIVERED&quot;
            },
            {
                &quot;time&quot;: &quot;2022-02-18T15:25:21.105Z&quot;,
                &quot;status&quot;: &quot;PENDING&quot;
            },
            {
                &quot;time&quot;: &quot;2022-02-18T15:25:21.127Z&quot;,
                &quot;status&quot;: &quot;SEND&quot;
            },
            {
                &quot;time&quot;: &quot;2022-02-18T15:25:21.164Z&quot;,
                &quot;status&quot;: &quot;DELIVERED&quot;
            },
            {
                &quot;time&quot;: &quot;2022-02-18T15:25:45.991Z&quot;,
                &quot;status&quot;: &quot;PENDING&quot;
            },
            {
                &quot;time&quot;: &quot;2022-02-18T15:25:46.015Z&quot;,
                &quot;status&quot;: &quot;SEND&quot;
            },
            {
                &quot;time&quot;: &quot;2022-02-18T15:25:46.050Z&quot;,
                &quot;status&quot;: &quot;DELIVERED&quot;
            },
            {
                &quot;time&quot;: &quot;2022-02-18T15:42:24.600Z&quot;,
                &quot;status&quot;: &quot;PENDING&quot;
            },
            {
                &quot;time&quot;: &quot;2022-02-18T15:42:24.628Z&quot;,
                &quot;status&quot;: &quot;SEND&quot;
            },
            {
                &quot;time&quot;: &quot;2022-02-18T15:42:24.664Z&quot;,
                &quot;status&quot;: &quot;DELIVERED&quot;
            },
            {
                &quot;time&quot;: &quot;2022-02-18T15:45:04.233Z&quot;,
                &quot;status&quot;: &quot;PENDING&quot;
            },
            {
                &quot;time&quot;: &quot;2022-02-18T15:45:04.267Z&quot;,
                &quot;status&quot;: &quot;SEND&quot;
            },
            {
                &quot;time&quot;: &quot;2022-02-18T15:45:04.303Z&quot;,
                &quot;status&quot;: &quot;DELIVERED&quot;
            },
            {
                &quot;time&quot;: &quot;2022-02-18T15:45:26.812Z&quot;,
                &quot;status&quot;: &quot;PENDING&quot;
            },
            {
                &quot;time&quot;: &quot;2022-02-18T15:45:26.839Z&quot;,
                &quot;status&quot;: &quot;SEND&quot;
            },
            {
                &quot;time&quot;: &quot;2022-02-18T15:45:26.882Z&quot;,
                &quot;status&quot;: &quot;DELIVERED&quot;
            },
            {
                &quot;time&quot;: &quot;2022-02-18T15:48:05.017Z&quot;,
                &quot;status&quot;: &quot;PENDING&quot;
            },
            {
                &quot;time&quot;: &quot;2022-02-18T15:48:05.047Z&quot;,
                &quot;status&quot;: &quot;SEND&quot;
            }
        ],
        &quot;status&quot;: &quot;DELIVERED&quot;
    },
    &quot;creationTime&quot;: &quot;2022-02-18T15:10:35.358Z&quot;,
    &quot;deviceId&quot;: &quot;14382422&quot;,
    &quot;deviceName&quot;: &quot;mythic_beasts_pi_all_jobs_sag&quot;,
    &quot;self&quot;: &quot;https://t493319102.eu-latest.cumulocity.com/devicecontrol/operations/14382430&quot;,
    &quot;id&quot;: &quot;14382430&quot;,
    &quot;status&quot;: &quot;PENDING&quot;,
    &quot;c8y_LogfileRequest&quot;: {
        &quot;searchText&quot;: &quot;&quot;,
        &quot;logFile&quot;: &quot;software-management&quot;,
        &quot;dateTo&quot;: &quot;2021-11-21T18:55:49+0530&quot;,
        &quot;dateFrom&quot;: &quot;2021-11-15T18:55:49+0530&quot;,
        &quot;maximumLines&quot;: 300
    },
    &quot;description&quot;: &quot;Log file request&quot;
}
15:49:30 DEBUG Final URL of the request: https://thin-edge-io.eu-latest.cumulocity.com/devicecontrol/operations?deviceId=14382422&amp;pageSize=1&amp;revert=true&amp;dateFrom=1970-01-01T00%3A00%3A00.000Z
15:49:30 INFO  State of current operation: PENDING
15:49:30 DEBUG Final URL of the request: https://thin-edge-io.eu-latest.cumulocity.com/devicecontrol/operations?deviceId=14382422&amp;pageSize=1&amp;revert=true&amp;dateFrom=1970-01-01T00%3A00%3A00.000Z
15:49:30 DEBUG State of current operation: {
    &quot;delivery&quot;: {
        &quot;time&quot;: &quot;2022-02-18T15:48:05.094Z&quot;,
        &quot;log&quot;: [
            {
                &quot;time&quot;: &quot;2022-02-18T15:10:35.371Z&quot;,
                &quot;status&quot;: &quot;PENDING&quot;
            },
            {
                &quot;time&quot;: &quot;2022-02-18T15:10:35.380Z&quot;,
                &quot;status&quot;: &quot;SEND&quot;
            },
            {
                &quot;time&quot;: &quot;2022-02-18T15:10:35.414Z&quot;,
                &quot;status&quot;: &quot;DELIVERED&quot;
            },
            {
                &quot;time&quot;: &quot;2022-02-18T15:11:42.300Z&quot;,
                &quot;status&quot;: &quot;PENDING&quot;
            },
            {
                &quot;time&quot;: &quot;2022-02-18T15:11:42.322Z&quot;,
                &quot;status&quot;: &quot;SEND&quot;
            },
            {
                &quot;time&quot;: &quot;2022-02-18T15:11:42.359Z&quot;,
                &quot;status&quot;: &quot;DELIVERED&quot;
            },
            {
                &quot;time&quot;: &quot;2022-02-18T15:12:59.572Z&quot;,
                &quot;status&quot;: &quot;PENDING&quot;
            },
            {
                &quot;time&quot;: &quot;2022-02-18T15:12:59.593Z&quot;,
                &quot;status&quot;: &quot;SEND&quot;
            },
            {
                &quot;time&quot;: &quot;2022-02-18T15:12:59.628Z&quot;,
                &quot;status&quot;: &quot;DELIVERED&quot;
            },
            {
                &quot;time&quot;: &quot;2022-02-18T15:14:12.920Z&quot;,
                &quot;status&quot;: &quot;PENDING&quot;
            },
            {
                &quot;time&quot;: &quot;2022-02-18T15:14:12.944Z&quot;,
                &quot;status&quot;: &quot;SEND&quot;
            },
            {
                &quot;time&quot;: &quot;2022-02-18T15:14:12.981Z&quot;,
                &quot;status&quot;: &quot;DELIVERED&quot;
            },
            {
                &quot;time&quot;: &quot;2022-02-18T15:15:26.328Z&quot;,
                &quot;status&quot;: &quot;PENDING&quot;
            },
            {
                &quot;time&quot;: &quot;2022-02-18T15:15:26.352Z&quot;,
                &quot;status&quot;: &quot;SEND&quot;
            },
            {
                &quot;time&quot;: &quot;2022-02-18T15:15:26.390Z&quot;,
                &quot;status&quot;: &quot;DELIVERED&quot;
            },
            {
                &quot;time&quot;: &quot;2022-02-18T15:16:04.923Z&quot;,
                &quot;status&quot;: &quot;PENDING&quot;
            },
            {
                &quot;time&quot;: &quot;2022-02-18T15:16:04.942Z&quot;,
                &quot;status&quot;: &quot;SEND&quot;
            },
            {
                &quot;time&quot;: &quot;2022-02-18T15:16:04.979Z&quot;,
                &quot;status&quot;: &quot;DELIVERED&quot;
            },
            {
                &quot;time&quot;: &quot;2022-02-18T15:16:55.848Z&quot;,
                &quot;status&quot;: &quot;PENDING&quot;
            },
            {
                &quot;time&quot;: &quot;2022-02-18T15:16:55.868Z&quot;,
                &quot;status&quot;: &quot;SEND&quot;
            },
            {
                &quot;time&quot;: &quot;2022-02-18T15:16:55.905Z&quot;,
                &quot;status&quot;: &quot;DELIVERED&quot;
            },
            {
                &quot;time&quot;: &quot;2022-02-18T15:17:46.625Z&quot;,
                &quot;status&quot;: &quot;PENDING&quot;
            },
            {
                &quot;time&quot;: &quot;2022-02-18T15:17:46.652Z&quot;,
                &quot;status&quot;: &quot;SEND&quot;
            },
            {
                &quot;time&quot;: &quot;2022-02-18T15:17:46.687Z&quot;,
                &quot;status&quot;: &quot;DELIVERED&quot;
            },
            {
                &quot;time&quot;: &quot;2022-02-18T15:18:28.019Z&quot;,
                &quot;status&quot;: &quot;PENDING&quot;
            },
            {
                &quot;time&quot;: &quot;2022-02-18T15:18:28.043Z&quot;,
                &quot;status&quot;: &quot;SEND&quot;
            },
            {
                &quot;time&quot;: &quot;2022-02-18T15:18:28.079Z&quot;,
                &quot;status&quot;: &quot;DELIVERED&quot;
            },
            {
                &quot;time&quot;: &quot;2022-02-18T15:20:43.491Z&quot;,
                &quot;status&quot;: &quot;PENDING&quot;
            },
            {
                &quot;time&quot;: &quot;2022-02-18T15:20:43.514Z&quot;,
                &quot;status&quot;: &quot;SEND&quot;
            },
            {
                &quot;time&quot;: &quot;2022-02-18T15:20:43.550Z&quot;,
                &quot;status&quot;: &quot;DELIVERED&quot;
            },
            {
                &quot;time&quot;: &quot;2022-02-18T15:23:08.808Z&quot;,
                &quot;status&quot;: &quot;PENDING&quot;
            },
            {
                &quot;time&quot;: &quot;2022-02-18T15:23:08.831Z&quot;,
                &quot;status&quot;: &quot;SEND&quot;
            },
            {
                &quot;time&quot;: &quot;2022-02-18T15:23:08.869Z&quot;,
                &quot;status&quot;: &quot;DELIVERED&quot;
            },
            {
                &quot;time&quot;: &quot;2022-02-18T15:23:31.763Z&quot;,
                &quot;status&quot;: &quot;PENDING&quot;
            },
            {
                &quot;time&quot;: &quot;2022-02-18T15:23:31.789Z&quot;,
                &quot;status&quot;: &quot;SEND&quot;
            },
            {
                &quot;time&quot;: &quot;2022-02-18T15:23:31.829Z&quot;,
                &quot;status&quot;: &quot;DELIVERED&quot;
            },
            {
                &quot;time&quot;: &quot;2022-02-18T15:23:56.183Z&quot;,
                &quot;status&quot;: &quot;PENDING&quot;
            },
            {
                &quot;time&quot;: &quot;2022-02-18T15:23:56.205Z&quot;,
                &quot;status&quot;: &quot;SEND&quot;
            },
            {
                &quot;time&quot;: &quot;2022-02-18T15:23:56.240Z&quot;,
                &quot;status&quot;: &quot;DELIVERED&quot;
            },
            {
                &quot;time&quot;: &quot;2022-02-18T15:24:19.191Z&quot;,
                &quot;status&quot;: &quot;PENDING&quot;
            },
            {
                &quot;time&quot;: &quot;2022-02-18T15:24:19.214Z&quot;,
                &quot;status&quot;: &quot;SEND&quot;
            },
            {
                &quot;time&quot;: &quot;2022-02-18T15:24:19.249Z&quot;,
                &quot;status&quot;: &quot;DELIVERED&quot;
            },
            {
                &quot;time&quot;: &quot;2022-02-18T15:24:56.124Z&quot;,
                &quot;status&quot;: &quot;PENDING&quot;
            },
            {
                &quot;time&quot;: &quot;2022-02-18T15:24:56.152Z&quot;,
                &quot;status&quot;: &quot;SEND&quot;
            },
            {
                &quot;time&quot;: &quot;2022-02-18T15:24:56.186Z&quot;,
                &quot;status&quot;: &quot;DELIVERED&quot;
            },
            {
                &quot;time&quot;: &quot;2022-02-18T15:25:21.105Z&quot;,
                &quot;status&quot;: &quot;PENDING&quot;
            },
            {
                &quot;time&quot;: &quot;2022-02-18T15:25:21.127Z&quot;,
                &quot;status&quot;: &quot;SEND&quot;
            },
            {
                &quot;time&quot;: &quot;2022-02-18T15:25:21.164Z&quot;,
                &quot;status&quot;: &quot;DELIVERED&quot;
            },
            {
                &quot;time&quot;: &quot;2022-02-18T15:25:45.991Z&quot;,
                &quot;status&quot;: &quot;PENDING&quot;
            },
            {
                &quot;time&quot;: &quot;2022-02-18T15:25:46.015Z&quot;,
                &quot;status&quot;: &quot;SEND&quot;
            },
            {
                &quot;time&quot;: &quot;2022-02-18T15:25:46.050Z&quot;,
                &quot;status&quot;: &quot;DELIVERED&quot;
            },
            {
                &quot;time&quot;: &quot;2022-02-18T15:42:24.600Z&quot;,
                &quot;status&quot;: &quot;PENDING&quot;
            },
            {
                &quot;time&quot;: &quot;2022-02-18T15:42:24.628Z&quot;,
                &quot;status&quot;: &quot;SEND&quot;
            },
            {
                &quot;time&quot;: &quot;2022-02-18T15:42:24.664Z&quot;,
                &quot;status&quot;: &quot;DELIVERED&quot;
            },
            {
                &quot;time&quot;: &quot;2022-02-18T15:45:04.233Z&quot;,
                &quot;status&quot;: &quot;PENDING&quot;
            },
            {
                &quot;time&quot;: &quot;2022-02-18T15:45:04.267Z&quot;,
                &quot;status&quot;: &quot;SEND&quot;
            },
            {
                &quot;time&quot;: &quot;2022-02-18T15:45:04.303Z&quot;,
                &quot;status&quot;: &quot;DELIVERED&quot;
            },
            {
                &quot;time&quot;: &quot;2022-02-18T15:45:26.812Z&quot;,
                &quot;status&quot;: &quot;PENDING&quot;
            },
            {
                &quot;time&quot;: &quot;2022-02-18T15:45:26.839Z&quot;,
                &quot;status&quot;: &quot;SEND&quot;
            },
            {
                &quot;time&quot;: &quot;2022-02-18T15:45:26.882Z&quot;,
                &quot;status&quot;: &quot;DELIVERED&quot;
            },
            {
                &quot;time&quot;: &quot;2022-02-18T15:48:05.017Z&quot;,
                &quot;status&quot;: &quot;PENDING&quot;
            },
            {
                &quot;time&quot;: &quot;2022-02-18T15:48:05.047Z&quot;,
                &quot;status&quot;: &quot;SEND&quot;
            }
        ],
        &quot;status&quot;: &quot;DELIVERED&quot;
    },
    &quot;creationTime&quot;: &quot;2022-02-18T15:10:35.358Z&quot;,
    &quot;deviceId&quot;: &quot;14382422&quot;,
    &quot;deviceName&quot;: &quot;mythic_beasts_pi_all_jobs_sag&quot;,
    &quot;self&quot;: &quot;https://t493319102.eu-latest.cumulocity.com/devicecontrol/operations/14382430&quot;,
    &quot;id&quot;: &quot;14382430&quot;,
    &quot;status&quot;: &quot;PENDING&quot;,
    &quot;c8y_LogfileRequest&quot;: {
        &quot;searchText&quot;: &quot;&quot;,
        &quot;logFile&quot;: &quot;software-management&quot;,
        &quot;dateTo&quot;: &quot;2021-11-21T18:55:49+0530&quot;,
        &quot;dateFrom&quot;: &quot;2021-11-15T18:55:49+0530&quot;,
        &quot;maximumLines&quot;: 300
    },
    &quot;description&quot;: &quot;Log file request&quot;
}
15:49:32 DEBUG Final URL of the request: https://thin-edge-io.eu-latest.cumulocity.com/devicecontrol/operations?deviceId=14382422&amp;pageSize=1&amp;revert=true&amp;dateFrom=1970-01-01T00%3A00%3A00.000Z
15:49:32 INFO  State of current operation: PENDING
15:49:32 DEBUG Final URL of the request: https://thin-edge-io.eu-latest.cumulocity.com/devicecontrol/operations?deviceId=14382422&amp;pageSize=1&amp;revert=true&amp;dateFrom=1970-01-01T00%3A00%3A00.000Z
15:49:32 DEBUG State of current operation: {
    &quot;delivery&quot;: {
        &quot;time&quot;: &quot;2022-02-18T15:48:05.094Z&quot;,
        &quot;log&quot;: [
            {
                &quot;time&quot;: &quot;2022-02-18T15:10:35.371Z&quot;,
                &quot;status&quot;: &quot;PENDING&quot;
            },
            {
                &quot;time&quot;: &quot;2022-02-18T15:10:35.380Z&quot;,
                &quot;status&quot;: &quot;SEND&quot;
            },
            {
                &quot;time&quot;: &quot;2022-02-18T15:10:35.414Z&quot;,
                &quot;status&quot;: &quot;DELIVERED&quot;
            },
            {
                &quot;time&quot;: &quot;2022-02-18T15:11:42.300Z&quot;,
                &quot;status&quot;: &quot;PENDING&quot;
            },
            {
                &quot;time&quot;: &quot;2022-02-18T15:11:42.322Z&quot;,
                &quot;status&quot;: &quot;SEND&quot;
            },
            {
                &quot;time&quot;: &quot;2022-02-18T15:11:42.359Z&quot;,
                &quot;status&quot;: &quot;DELIVERED&quot;
            },
            {
                &quot;time&quot;: &quot;2022-02-18T15:12:59.572Z&quot;,
                &quot;status&quot;: &quot;PENDING&quot;
            },
            {
                &quot;time&quot;: &quot;2022-02-18T15:12:59.593Z&quot;,
                &quot;status&quot;: &quot;SEND&quot;
            },
            {
                &quot;time&quot;: &quot;2022-02-18T15:12:59.628Z&quot;,
                &quot;status&quot;: &quot;DELIVERED&quot;
            },
            {
                &quot;time&quot;: &quot;2022-02-18T15:14:12.920Z&quot;,
                &quot;status&quot;: &quot;PENDING&quot;
            },
            {
                &quot;time&quot;: &quot;2022-02-18T15:14:12.944Z&quot;,
                &quot;status&quot;: &quot;SEND&quot;
            },
            {
                &quot;time&quot;: &quot;2022-02-18T15:14:12.981Z&quot;,
                &quot;status&quot;: &quot;DELIVERED&quot;
            },
            {
                &quot;time&quot;: &quot;2022-02-18T15:15:26.328Z&quot;,
                &quot;status&quot;: &quot;PENDING&quot;
            },
            {
                &quot;time&quot;: &quot;2022-02-18T15:15:26.352Z&quot;,
                &quot;status&quot;: &quot;SEND&quot;
            },
            {
                &quot;time&quot;: &quot;2022-02-18T15:15:26.390Z&quot;,
                &quot;status&quot;: &quot;DELIVERED&quot;
            },
            {
                &quot;time&quot;: &quot;2022-02-18T15:16:04.923Z&quot;,
                &quot;status&quot;: &quot;PENDING&quot;
            },
            {
                &quot;time&quot;: &quot;2022-02-18T15:16:04.942Z&quot;,
                &quot;status&quot;: &quot;SEND&quot;
            },
            {
                &quot;time&quot;: &quot;2022-02-18T15:16:04.979Z&quot;,
                &quot;status&quot;: &quot;DELIVERED&quot;
            },
            {
                &quot;time&quot;: &quot;2022-02-18T15:16:55.848Z&quot;,
                &quot;status&quot;: &quot;PENDING&quot;
            },
            {
                &quot;time&quot;: &quot;2022-02-18T15:16:55.868Z&quot;,
                &quot;status&quot;: &quot;SEND&quot;
            },
            {
                &quot;time&quot;: &quot;2022-02-18T15:16:55.905Z&quot;,
                &quot;status&quot;: &quot;DELIVERED&quot;
            },
            {
                &quot;time&quot;: &quot;2022-02-18T15:17:46.625Z&quot;,
                &quot;status&quot;: &quot;PENDING&quot;
            },
            {
                &quot;time&quot;: &quot;2022-02-18T15:17:46.652Z&quot;,
                &quot;status&quot;: &quot;SEND&quot;
            },
            {
                &quot;time&quot;: &quot;2022-02-18T15:17:46.687Z&quot;,
                &quot;status&quot;: &quot;DELIVERED&quot;
            },
            {
                &quot;time&quot;: &quot;2022-02-18T15:18:28.019Z&quot;,
                &quot;status&quot;: &quot;PENDING&quot;
            },
            {
                &quot;time&quot;: &quot;2022-02-18T15:18:28.043Z&quot;,
                &quot;status&quot;: &quot;SEND&quot;
            },
            {
                &quot;time&quot;: &quot;2022-02-18T15:18:28.079Z&quot;,
                &quot;status&quot;: &quot;DELIVERED&quot;
            },
            {
                &quot;time&quot;: &quot;2022-02-18T15:20:43.491Z&quot;,
                &quot;status&quot;: &quot;PENDING&quot;
            },
            {
                &quot;time&quot;: &quot;2022-02-18T15:20:43.514Z&quot;,
                &quot;status&quot;: &quot;SEND&quot;
            },
            {
                &quot;time&quot;: &quot;2022-02-18T15:20:43.550Z&quot;,
                &quot;status&quot;: &quot;DELIVERED&quot;
            },
            {
                &quot;time&quot;: &quot;2022-02-18T15:23:08.808Z&quot;,
                &quot;status&quot;: &quot;PENDING&quot;
            },
            {
                &quot;time&quot;: &quot;2022-02-18T15:23:08.831Z&quot;,
                &quot;status&quot;: &quot;SEND&quot;
            },
            {
                &quot;time&quot;: &quot;2022-02-18T15:23:08.869Z&quot;,
                &quot;status&quot;: &quot;DELIVERED&quot;
            },
            {
                &quot;time&quot;: &quot;2022-02-18T15:23:31.763Z&quot;,
                &quot;status&quot;: &quot;PENDING&quot;
            },
            {
                &quot;time&quot;: &quot;2022-02-18T15:23:31.789Z&quot;,
                &quot;status&quot;: &quot;SEND&quot;
            },
            {
                &quot;time&quot;: &quot;2022-02-18T15:23:31.829Z&quot;,
                &quot;status&quot;: &quot;DELIVERED&quot;
            },
            {
                &quot;time&quot;: &quot;2022-02-18T15:23:56.183Z&quot;,
                &quot;status&quot;: &quot;PENDING&quot;
            },
            {
                &quot;time&quot;: &quot;2022-02-18T15:23:56.205Z&quot;,
                &quot;status&quot;: &quot;SEND&quot;
            },
            {
                &quot;time&quot;: &quot;2022-02-18T15:23:56.240Z&quot;,
                &quot;status&quot;: &quot;DELIVERED&quot;
            },
            {
                &quot;time&quot;: &quot;2022-02-18T15:24:19.191Z&quot;,
                &quot;status&quot;: &quot;PENDING&quot;
            },
            {
                &quot;time&quot;: &quot;2022-02-18T15:24:19.214Z&quot;,
                &quot;status&quot;: &quot;SEND&quot;
            },
            {
                &quot;time&quot;: &quot;2022-02-18T15:24:19.249Z&quot;,
                &quot;status&quot;: &quot;DELIVERED&quot;
            },
            {
                &quot;time&quot;: &quot;2022-02-18T15:24:56.124Z&quot;,
                &quot;status&quot;: &quot;PENDING&quot;
            },
            {
                &quot;time&quot;: &quot;2022-02-18T15:24:56.152Z&quot;,
                &quot;status&quot;: &quot;SEND&quot;
            },
            {
                &quot;time&quot;: &quot;2022-02-18T15:24:56.186Z&quot;,
                &quot;status&quot;: &quot;DELIVERED&quot;
            },
            {
                &quot;time&quot;: &quot;2022-02-18T15:25:21.105Z&quot;,
                &quot;status&quot;: &quot;PENDING&quot;
            },
            {
                &quot;time&quot;: &quot;2022-02-18T15:25:21.127Z&quot;,
                &quot;status&quot;: &quot;SEND&quot;
            },
            {
                &quot;time&quot;: &quot;2022-02-18T15:25:21.164Z&quot;,
                &quot;status&quot;: &quot;DELIVERED&quot;
            },
            {
                &quot;time&quot;: &quot;2022-02-18T15:25:45.991Z&quot;,
                &quot;status&quot;: &quot;PENDING&quot;
            },
            {
                &quot;time&quot;: &quot;2022-02-18T15:25:46.015Z&quot;,
                &quot;status&quot;: &quot;SEND&quot;
            },
            {
                &quot;time&quot;: &quot;2022-02-18T15:25:46.050Z&quot;,
                &quot;status&quot;: &quot;DELIVERED&quot;
            },
            {
                &quot;time&quot;: &quot;2022-02-18T15:42:24.600Z&quot;,
                &quot;status&quot;: &quot;PENDING&quot;
            },
            {
                &quot;time&quot;: &quot;2022-02-18T15:42:24.628Z&quot;,
                &quot;status&quot;: &quot;SEND&quot;
            },
            {
                &quot;time&quot;: &quot;2022-02-18T15:42:24.664Z&quot;,
                &quot;status&quot;: &quot;DELIVERED&quot;
            },
            {
                &quot;time&quot;: &quot;2022-02-18T15:45:04.233Z&quot;,
                &quot;status&quot;: &quot;PENDING&quot;
            },
            {
                &quot;time&quot;: &quot;2022-02-18T15:45:04.267Z&quot;,
                &quot;status&quot;: &quot;SEND&quot;
            },
            {
                &quot;time&quot;: &quot;2022-02-18T15:45:04.303Z&quot;,
                &quot;status&quot;: &quot;DELIVERED&quot;
            },
            {
                &quot;time&quot;: &quot;2022-02-18T15:45:26.812Z&quot;,
                &quot;status&quot;: &quot;PENDING&quot;
            },
            {
                &quot;time&quot;: &quot;2022-02-18T15:45:26.839Z&quot;,
                &quot;status&quot;: &quot;SEND&quot;
            },
            {
                &quot;time&quot;: &quot;2022-02-18T15:45:26.882Z&quot;,
                &quot;status&quot;: &quot;DELIVERED&quot;
            },
            {
                &quot;time&quot;: &quot;2022-02-18T15:48:05.017Z&quot;,
                &quot;status&quot;: &quot;PENDING&quot;
            },
            {
                &quot;time&quot;: &quot;2022-02-18T15:48:05.047Z&quot;,
                &quot;status&quot;: &quot;SEND&quot;
            }
        ],
        &quot;status&quot;: &quot;DELIVERED&quot;
    },
    &quot;creationTime&quot;: &quot;2022-02-18T15:10:35.358Z&quot;,
    &quot;deviceId&quot;: &quot;14382422&quot;,
    &quot;deviceName&quot;: &quot;mythic_beasts_pi_all_jobs_sag&quot;,
    &quot;self&quot;: &quot;https://t493319102.eu-latest.cumulocity.com/devicecontrol/operations/14382430&quot;,
    &quot;id&quot;: &quot;14382430&quot;,
    &quot;status&quot;: &quot;PENDING&quot;,
    &quot;c8y_LogfileRequest&quot;: {
        &quot;searchText&quot;: &quot;&quot;,
        &quot;logFile&quot;: &quot;software-management&quot;,
        &quot;dateTo&quot;: &quot;2021-11-21T18:55:49+0530&quot;,
        &quot;dateFrom&quot;: &quot;2021-11-15T18:55:49+0530&quot;,
        &quot;maximumLines&quot;: 300
    },
    &quot;description&quot;: &quot;Log file request&quot;
}
15:49:34 DEBUG Final URL of the request: https://thin-edge-io.eu-latest.cumulocity.com/devicecontrol/operations?deviceId=14382422&amp;pageSize=1&amp;revert=true&amp;dateFrom=1970-01-01T00%3A00%3A00.000Z
15:49:34 INFO  State of current operation: PENDING
15:49:34 DEBUG Final URL of the request: https://thin-edge-io.eu-latest.cumulocity.com/devicecontrol/operations?deviceId=14382422&amp;pageSize=1&amp;revert=true&amp;dateFrom=1970-01-01T00%3A00%3A00.000Z
15:49:34 DEBUG State of current operation: {
    &quot;delivery&quot;: {
        &quot;time&quot;: &quot;2022-02-18T15:48:05.094Z&quot;,
        &quot;log&quot;: [
            {
                &quot;time&quot;: &quot;2022-02-18T15:10:35.371Z&quot;,
                &quot;status&quot;: &quot;PENDING&quot;
            },
            {
                &quot;time&quot;: &quot;2022-02-18T15:10:35.380Z&quot;,
                &quot;status&quot;: &quot;SEND&quot;
            },
            {
                &quot;time&quot;: &quot;2022-02-18T15:10:35.414Z&quot;,
                &quot;status&quot;: &quot;DELIVERED&quot;
            },
            {
                &quot;time&quot;: &quot;2022-02-18T15:11:42.300Z&quot;,
                &quot;status&quot;: &quot;PENDING&quot;
            },
            {
                &quot;time&quot;: &quot;2022-02-18T15:11:42.322Z&quot;,
                &quot;status&quot;: &quot;SEND&quot;
            },
            {
                &quot;time&quot;: &quot;2022-02-18T15:11:42.359Z&quot;,
                &quot;status&quot;: &quot;DELIVERED&quot;
            },
            {
                &quot;time&quot;: &quot;2022-02-18T15:12:59.572Z&quot;,
                &quot;status&quot;: &quot;PENDING&quot;
            },
            {
                &quot;time&quot;: &quot;2022-02-18T15:12:59.593Z&quot;,
                &quot;status&quot;: &quot;SEND&quot;
            },
            {
                &quot;time&quot;: &quot;2022-02-18T15:12:59.628Z&quot;,
                &quot;status&quot;: &quot;DELIVERED&quot;
            },
            {
                &quot;time&quot;: &quot;2022-02-18T15:14:12.920Z&quot;,
                &quot;status&quot;: &quot;PENDING&quot;
            },
            {
                &quot;time&quot;: &quot;2022-02-18T15:14:12.944Z&quot;,
                &quot;status&quot;: &quot;SEND&quot;
            },
            {
                &quot;time&quot;: &quot;2022-02-18T15:14:12.981Z&quot;,
                &quot;status&quot;: &quot;DELIVERED&quot;
            },
            {
                &quot;time&quot;: &quot;2022-02-18T15:15:26.328Z&quot;,
                &quot;status&quot;: &quot;PENDING&quot;
            },
            {
                &quot;time&quot;: &quot;2022-02-18T15:15:26.352Z&quot;,
                &quot;status&quot;: &quot;SEND&quot;
            },
            {
                &quot;time&quot;: &quot;2022-02-18T15:15:26.390Z&quot;,
                &quot;status&quot;: &quot;DELIVERED&quot;
            },
            {
                &quot;time&quot;: &quot;2022-02-18T15:16:04.923Z&quot;,
                &quot;status&quot;: &quot;PENDING&quot;
            },
            {
                &quot;time&quot;: &quot;2022-02-18T15:16:04.942Z&quot;,
                &quot;status&quot;: &quot;SEND&quot;
            },
            {
                &quot;time&quot;: &quot;2022-02-18T15:16:04.979Z&quot;,
                &quot;status&quot;: &quot;DELIVERED&quot;
            },
            {
                &quot;time&quot;: &quot;2022-02-18T15:16:55.848Z&quot;,
                &quot;status&quot;: &quot;PENDING&quot;
            },
            {
                &quot;time&quot;: &quot;2022-02-18T15:16:55.868Z&quot;,
                &quot;status&quot;: &quot;SEND&quot;
            },
            {
                &quot;time&quot;: &quot;2022-02-18T15:16:55.905Z&quot;,
                &quot;status&quot;: &quot;DELIVERED&quot;
            },
            {
                &quot;time&quot;: &quot;2022-02-18T15:17:46.625Z&quot;,
                &quot;status&quot;: &quot;PENDING&quot;
            },
            {
                &quot;time&quot;: &quot;2022-02-18T15:17:46.652Z&quot;,
                &quot;status&quot;: &quot;SEND&quot;
            },
            {
                &quot;time&quot;: &quot;2022-02-18T15:17:46.687Z&quot;,
                &quot;status&quot;: &quot;DELIVERED&quot;
            },
            {
                &quot;time&quot;: &quot;2022-02-18T15:18:28.019Z&quot;,
                &quot;status&quot;: &quot;PENDING&quot;
            },
            {
                &quot;time&quot;: &quot;2022-02-18T15:18:28.043Z&quot;,
                &quot;status&quot;: &quot;SEND&quot;
            },
            {
                &quot;time&quot;: &quot;2022-02-18T15:18:28.079Z&quot;,
                &quot;status&quot;: &quot;DELIVERED&quot;
            },
            {
                &quot;time&quot;: &quot;2022-02-18T15:20:43.491Z&quot;,
                &quot;status&quot;: &quot;PENDING&quot;
            },
            {
                &quot;time&quot;: &quot;2022-02-18T15:20:43.514Z&quot;,
                &quot;status&quot;: &quot;SEND&quot;
            },
            {
                &quot;time&quot;: &quot;2022-02-18T15:20:43.550Z&quot;,
                &quot;status&quot;: &quot;DELIVERED&quot;
            },
            {
                &quot;time&quot;: &quot;2022-02-18T15:23:08.808Z&quot;,
                &quot;status&quot;: &quot;PENDING&quot;
            },
            {
                &quot;time&quot;: &quot;2022-02-18T15:23:08.831Z&quot;,
                &quot;status&quot;: &quot;SEND&quot;
            },
            {
                &quot;time&quot;: &quot;2022-02-18T15:23:08.869Z&quot;,
                &quot;status&quot;: &quot;DELIVERED&quot;
            },
            {
                &quot;time&quot;: &quot;2022-02-18T15:23:31.763Z&quot;,
                &quot;status&quot;: &quot;PENDING&quot;
            },
            {
                &quot;time&quot;: &quot;2022-02-18T15:23:31.789Z&quot;,
                &quot;status&quot;: &quot;SEND&quot;
            },
            {
                &quot;time&quot;: &quot;2022-02-18T15:23:31.829Z&quot;,
                &quot;status&quot;: &quot;DELIVERED&quot;
            },
            {
                &quot;time&quot;: &quot;2022-02-18T15:23:56.183Z&quot;,
                &quot;status&quot;: &quot;PENDING&quot;
            },
            {
                &quot;time&quot;: &quot;2022-02-18T15:23:56.205Z&quot;,
                &quot;status&quot;: &quot;SEND&quot;
            },
            {
                &quot;time&quot;: &quot;2022-02-18T15:23:56.240Z&quot;,
                &quot;status&quot;: &quot;DELIVERED&quot;
            },
            {
                &quot;time&quot;: &quot;2022-02-18T15:24:19.191Z&quot;,
                &quot;status&quot;: &quot;PENDING&quot;
            },
            {
                &quot;time&quot;: &quot;2022-02-18T15:24:19.214Z&quot;,
                &quot;status&quot;: &quot;SEND&quot;
            },
            {
                &quot;time&quot;: &quot;2022-02-18T15:24:19.249Z&quot;,
                &quot;status&quot;: &quot;DELIVERED&quot;
            },
            {
                &quot;time&quot;: &quot;2022-02-18T15:24:56.124Z&quot;,
                &quot;status&quot;: &quot;PENDING&quot;
            },
            {
                &quot;time&quot;: &quot;2022-02-18T15:24:56.152Z&quot;,
                &quot;status&quot;: &quot;SEND&quot;
            },
            {
                &quot;time&quot;: &quot;2022-02-18T15:24:56.186Z&quot;,
                &quot;status&quot;: &quot;DELIVERED&quot;
            },
            {
                &quot;time&quot;: &quot;2022-02-18T15:25:21.105Z&quot;,
                &quot;status&quot;: &quot;PENDING&quot;
            },
            {
                &quot;time&quot;: &quot;2022-02-18T15:25:21.127Z&quot;,
                &quot;status&quot;: &quot;SEND&quot;
            },
            {
                &quot;time&quot;: &quot;2022-02-18T15:25:21.164Z&quot;,
                &quot;status&quot;: &quot;DELIVERED&quot;
            },
            {
                &quot;time&quot;: &quot;2022-02-18T15:25:45.991Z&quot;,
                &quot;status&quot;: &quot;PENDING&quot;
            },
            {
                &quot;time&quot;: &quot;2022-02-18T15:25:46.015Z&quot;,
                &quot;status&quot;: &quot;SEND&quot;
            },
            {
                &quot;time&quot;: &quot;2022-02-18T15:25:46.050Z&quot;,
                &quot;status&quot;: &quot;DELIVERED&quot;
            },
            {
                &quot;time&quot;: &quot;2022-02-18T15:42:24.600Z&quot;,
                &quot;status&quot;: &quot;PENDING&quot;
            },
            {
                &quot;time&quot;: &quot;2022-02-18T15:42:24.628Z&quot;,
                &quot;status&quot;: &quot;SEND&quot;
            },
            {
                &quot;time&quot;: &quot;2022-02-18T15:42:24.664Z&quot;,
                &quot;status&quot;: &quot;DELIVERED&quot;
            },
            {
                &quot;time&quot;: &quot;2022-02-18T15:45:04.233Z&quot;,
                &quot;status&quot;: &quot;PENDING&quot;
            },
            {
                &quot;time&quot;: &quot;2022-02-18T15:45:04.267Z&quot;,
                &quot;status&quot;: &quot;SEND&quot;
            },
            {
                &quot;time&quot;: &quot;2022-02-18T15:45:04.303Z&quot;,
                &quot;status&quot;: &quot;DELIVERED&quot;
            },
            {
                &quot;time&quot;: &quot;2022-02-18T15:45:26.812Z&quot;,
                &quot;status&quot;: &quot;PENDING&quot;
            },
            {
                &quot;time&quot;: &quot;2022-02-18T15:45:26.839Z&quot;,
                &quot;status&quot;: &quot;SEND&quot;
            },
            {
                &quot;time&quot;: &quot;2022-02-18T15:45:26.882Z&quot;,
                &quot;status&quot;: &quot;DELIVERED&quot;
            },
            {
                &quot;time&quot;: &quot;2022-02-18T15:48:05.017Z&quot;,
                &quot;status&quot;: &quot;PENDING&quot;
            },
            {
                &quot;time&quot;: &quot;2022-02-18T15:48:05.047Z&quot;,
                &quot;status&quot;: &quot;SEND&quot;
            }
        ],
        &quot;status&quot;: &quot;DELIVERED&quot;
    },
    &quot;creationTime&quot;: &quot;2022-02-18T15:10:35.358Z&quot;,
    &quot;deviceId&quot;: &quot;14382422&quot;,
    &quot;deviceName&quot;: &quot;mythic_beasts_pi_all_jobs_sag&quot;,
    &quot;self&quot;: &quot;https://t493319102.eu-latest.cumulocity.com/devicecontrol/operations/14382430&quot;,
    &quot;id&quot;: &quot;14382430&quot;,
    &quot;status&quot;: &quot;PENDING&quot;,
    &quot;c8y_LogfileRequest&quot;: {
        &quot;searchText&quot;: &quot;&quot;,
        &quot;logFile&quot;: &quot;software-management&quot;,
        &quot;dateTo&quot;: &quot;2021-11-21T18:55:49+0530&quot;,
        &quot;dateFrom&quot;: &quot;2021-11-15T18:55:49+0530&quot;,
        &quot;maximumLines&quot;: 300
    },
    &quot;description&quot;: &quot;Log file request&quot;
}
15:49:37 DEBUG Final URL of the request: https://thin-edge-io.eu-latest.cumulocity.com/devicecontrol/operations?deviceId=14382422&amp;pageSize=1&amp;revert=true&amp;dateFrom=1970-01-01T00%3A00%3A00.000Z
15:49:37 INFO  State of current operation: PENDING
15:49:37 DEBUG Final URL of the request: https://thin-edge-io.eu-latest.cumulocity.com/devicecontrol/operations?deviceId=14382422&amp;pageSize=1&amp;revert=true&amp;dateFrom=1970-01-01T00%3A00%3A00.000Z
15:49:37 DEBUG State of current operation: {
    &quot;delivery&quot;: {
        &quot;time&quot;: &quot;2022-02-18T15:48:05.094Z&quot;,
        &quot;log&quot;: [
            {
                &quot;time&quot;: &quot;2022-02-18T15:10:35.371Z&quot;,
                &quot;status&quot;: &quot;PENDING&quot;
            },
            {
                &quot;time&quot;: &quot;2022-02-18T15:10:35.380Z&quot;,
                &quot;status&quot;: &quot;SEND&quot;
            },
            {
                &quot;time&quot;: &quot;2022-02-18T15:10:35.414Z&quot;,
                &quot;status&quot;: &quot;DELIVERED&quot;
            },
            {
                &quot;time&quot;: &quot;2022-02-18T15:11:42.300Z&quot;,
                &quot;status&quot;: &quot;PENDING&quot;
            },
            {
                &quot;time&quot;: &quot;2022-02-18T15:11:42.322Z&quot;,
                &quot;status&quot;: &quot;SEND&quot;
            },
            {
                &quot;time&quot;: &quot;2022-02-18T15:11:42.359Z&quot;,
                &quot;status&quot;: &quot;DELIVERED&quot;
            },
            {
                &quot;time&quot;: &quot;2022-02-18T15:12:59.572Z&quot;,
                &quot;status&quot;: &quot;PENDING&quot;
            },
            {
                &quot;time&quot;: &quot;2022-02-18T15:12:59.593Z&quot;,
                &quot;status&quot;: &quot;SEND&quot;
            },
            {
                &quot;time&quot;: &quot;2022-02-18T15:12:59.628Z&quot;,
                &quot;status&quot;: &quot;DELIVERED&quot;
            },
            {
                &quot;time&quot;: &quot;2022-02-18T15:14:12.920Z&quot;,
                &quot;status&quot;: &quot;PENDING&quot;
            },
            {
                &quot;time&quot;: &quot;2022-02-18T15:14:12.944Z&quot;,
                &quot;status&quot;: &quot;SEND&quot;
            },
            {
                &quot;time&quot;: &quot;2022-02-18T15:14:12.981Z&quot;,
                &quot;status&quot;: &quot;DELIVERED&quot;
            },
            {
                &quot;time&quot;: &quot;2022-02-18T15:15:26.328Z&quot;,
                &quot;status&quot;: &quot;PENDING&quot;
            },
            {
                &quot;time&quot;: &quot;2022-02-18T15:15:26.352Z&quot;,
                &quot;status&quot;: &quot;SEND&quot;
            },
            {
                &quot;time&quot;: &quot;2022-02-18T15:15:26.390Z&quot;,
                &quot;status&quot;: &quot;DELIVERED&quot;
            },
            {
                &quot;time&quot;: &quot;2022-02-18T15:16:04.923Z&quot;,
                &quot;status&quot;: &quot;PENDING&quot;
            },
            {
                &quot;time&quot;: &quot;2022-02-18T15:16:04.942Z&quot;,
                &quot;status&quot;: &quot;SEND&quot;
            },
            {
                &quot;time&quot;: &quot;2022-02-18T15:16:04.979Z&quot;,
                &quot;status&quot;: &quot;DELIVERED&quot;
            },
            {
                &quot;time&quot;: &quot;2022-02-18T15:16:55.848Z&quot;,
                &quot;status&quot;: &quot;PENDING&quot;
            },
            {
                &quot;time&quot;: &quot;2022-02-18T15:16:55.868Z&quot;,
                &quot;status&quot;: &quot;SEND&quot;
            },
            {
                &quot;time&quot;: &quot;2022-02-18T15:16:55.905Z&quot;,
                &quot;status&quot;: &quot;DELIVERED&quot;
            },
            {
                &quot;time&quot;: &quot;2022-02-18T15:17:46.625Z&quot;,
                &quot;status&quot;: &quot;PENDING&quot;
            },
            {
                &quot;time&quot;: &quot;2022-02-18T15:17:46.652Z&quot;,
                &quot;status&quot;: &quot;SEND&quot;
            },
            {
                &quot;time&quot;: &quot;2022-02-18T15:17:46.687Z&quot;,
                &quot;status&quot;: &quot;DELIVERED&quot;
            },
            {
                &quot;time&quot;: &quot;2022-02-18T15:18:28.019Z&quot;,
                &quot;status&quot;: &quot;PENDING&quot;
            },
            {
                &quot;time&quot;: &quot;2022-02-18T15:18:28.043Z&quot;,
                &quot;status&quot;: &quot;SEND&quot;
            },
            {
                &quot;time&quot;: &quot;2022-02-18T15:18:28.079Z&quot;,
                &quot;status&quot;: &quot;DELIVERED&quot;
            },
            {
                &quot;time&quot;: &quot;2022-02-18T15:20:43.491Z&quot;,
                &quot;status&quot;: &quot;PENDING&quot;
            },
            {
                &quot;time&quot;: &quot;2022-02-18T15:20:43.514Z&quot;,
                &quot;status&quot;: &quot;SEND&quot;
            },
            {
                &quot;time&quot;: &quot;2022-02-18T15:20:43.550Z&quot;,
                &quot;status&quot;: &quot;DELIVERED&quot;
            },
            {
                &quot;time&quot;: &quot;2022-02-18T15:23:08.808Z&quot;,
                &quot;status&quot;: &quot;PENDING&quot;
            },
            {
                &quot;time&quot;: &quot;2022-02-18T15:23:08.831Z&quot;,
                &quot;status&quot;: &quot;SEND&quot;
            },
            {
                &quot;time&quot;: &quot;2022-02-18T15:23:08.869Z&quot;,
                &quot;status&quot;: &quot;DELIVERED&quot;
            },
            {
                &quot;time&quot;: &quot;2022-02-18T15:23:31.763Z&quot;,
                &quot;status&quot;: &quot;PENDING&quot;
            },
            {
                &quot;time&quot;: &quot;2022-02-18T15:23:31.789Z&quot;,
                &quot;status&quot;: &quot;SEND&quot;
            },
            {
                &quot;time&quot;: &quot;2022-02-18T15:23:31.829Z&quot;,
                &quot;status&quot;: &quot;DELIVERED&quot;
            },
            {
                &quot;time&quot;: &quot;2022-02-18T15:23:56.183Z&quot;,
                &quot;status&quot;: &quot;PENDING&quot;
            },
            {
                &quot;time&quot;: &quot;2022-02-18T15:23:56.205Z&quot;,
                &quot;status&quot;: &quot;SEND&quot;
            },
            {
                &quot;time&quot;: &quot;2022-02-18T15:23:56.240Z&quot;,
                &quot;status&quot;: &quot;DELIVERED&quot;
            },
            {
                &quot;time&quot;: &quot;2022-02-18T15:24:19.191Z&quot;,
                &quot;status&quot;: &quot;PENDING&quot;
            },
            {
                &quot;time&quot;: &quot;2022-02-18T15:24:19.214Z&quot;,
                &quot;status&quot;: &quot;SEND&quot;
            },
            {
                &quot;time&quot;: &quot;2022-02-18T15:24:19.249Z&quot;,
                &quot;status&quot;: &quot;DELIVERED&quot;
            },
            {
                &quot;time&quot;: &quot;2022-02-18T15:24:56.124Z&quot;,
                &quot;status&quot;: &quot;PENDING&quot;
            },
            {
                &quot;time&quot;: &quot;2022-02-18T15:24:56.152Z&quot;,
                &quot;status&quot;: &quot;SEND&quot;
            },
            {
                &quot;time&quot;: &quot;2022-02-18T15:24:56.186Z&quot;,
                &quot;status&quot;: &quot;DELIVERED&quot;
            },
            {
                &quot;time&quot;: &quot;2022-02-18T15:25:21.105Z&quot;,
                &quot;status&quot;: &quot;PENDING&quot;
            },
            {
                &quot;time&quot;: &quot;2022-02-18T15:25:21.127Z&quot;,
                &quot;status&quot;: &quot;SEND&quot;
            },
            {
                &quot;time&quot;: &quot;2022-02-18T15:25:21.164Z&quot;,
                &quot;status&quot;: &quot;DELIVERED&quot;
            },
            {
                &quot;time&quot;: &quot;2022-02-18T15:25:45.991Z&quot;,
                &quot;status&quot;: &quot;PENDING&quot;
            },
            {
                &quot;time&quot;: &quot;2022-02-18T15:25:46.015Z&quot;,
                &quot;status&quot;: &quot;SEND&quot;
            },
            {
                &quot;time&quot;: &quot;2022-02-18T15:25:46.050Z&quot;,
                &quot;status&quot;: &quot;DELIVERED&quot;
            },
            {
                &quot;time&quot;: &quot;2022-02-18T15:42:24.600Z&quot;,
                &quot;status&quot;: &quot;PENDING&quot;
            },
            {
                &quot;time&quot;: &quot;2022-02-18T15:42:24.628Z&quot;,
                &quot;status&quot;: &quot;SEND&quot;
            },
            {
                &quot;time&quot;: &quot;2022-02-18T15:42:24.664Z&quot;,
                &quot;status&quot;: &quot;DELIVERED&quot;
            },
            {
                &quot;time&quot;: &quot;2022-02-18T15:45:04.233Z&quot;,
                &quot;status&quot;: &quot;PENDING&quot;
            },
            {
                &quot;time&quot;: &quot;2022-02-18T15:45:04.267Z&quot;,
                &quot;status&quot;: &quot;SEND&quot;
            },
            {
                &quot;time&quot;: &quot;2022-02-18T15:45:04.303Z&quot;,
                &quot;status&quot;: &quot;DELIVERED&quot;
            },
            {
                &quot;time&quot;: &quot;2022-02-18T15:45:26.812Z&quot;,
                &quot;status&quot;: &quot;PENDING&quot;
            },
            {
                &quot;time&quot;: &quot;2022-02-18T15:45:26.839Z&quot;,
                &quot;status&quot;: &quot;SEND&quot;
            },
            {
                &quot;time&quot;: &quot;2022-02-18T15:45:26.882Z&quot;,
                &quot;status&quot;: &quot;DELIVERED&quot;
            },
            {
                &quot;time&quot;: &quot;2022-02-18T15:48:05.017Z&quot;,
                &quot;status&quot;: &quot;PENDING&quot;
            },
            {
                &quot;time&quot;: &quot;2022-02-18T15:48:05.047Z&quot;,
                &quot;status&quot;: &quot;SEND&quot;
            }
        ],
        &quot;status&quot;: &quot;DELIVERED&quot;
    },
    &quot;creationTime&quot;: &quot;2022-02-18T15:10:35.358Z&quot;,
    &quot;deviceId&quot;: &quot;14382422&quot;,
    &quot;deviceName&quot;: &quot;mythic_beasts_pi_all_jobs_sag&quot;,
    &quot;self&quot;: &quot;https://t493319102.eu-latest.cumulocity.com/devicecontrol/operations/14382430&quot;,
    &quot;id&quot;: &quot;14382430&quot;,
    &quot;status&quot;: &quot;PENDING&quot;,
    &quot;c8y_LogfileRequest&quot;: {
        &quot;searchText&quot;: &quot;&quot;,
        &quot;logFile&quot;: &quot;software-management&quot;,
        &quot;dateTo&quot;: &quot;2021-11-21T18:55:49+0530&quot;,
        &quot;dateFrom&quot;: &quot;2021-11-15T18:55:49+0530&quot;,
        &quot;maximumLines&quot;: 300
    },
    &quot;description&quot;: &quot;Log file request&quot;
}
15:49:39 DEBUG Final URL of the request: https://thin-edge-io.eu-latest.cumulocity.com/devicecontrol/operations?deviceId=14382422&amp;pageSize=1&amp;revert=true&amp;dateFrom=1970-01-01T00%3A00%3A00.000Z
15:49:39 INFO  State of current operation: PENDING
15:49:39 DEBUG Final URL of the request: https://thin-edge-io.eu-latest.cumulocity.com/devicecontrol/operations?deviceId=14382422&amp;pageSize=1&amp;revert=true&amp;dateFrom=1970-01-01T00%3A00%3A00.000Z
15:49:39 DEBUG State of current operation: {
    &quot;delivery&quot;: {
        &quot;time&quot;: &quot;2022-02-18T15:48:05.094Z&quot;,
        &quot;log&quot;: [
            {
                &quot;time&quot;: &quot;2022-02-18T15:10:35.371Z&quot;,
                &quot;status&quot;: &quot;PENDING&quot;
            },
            {
                &quot;time&quot;: &quot;2022-02-18T15:10:35.380Z&quot;,
                &quot;status&quot;: &quot;SEND&quot;
            },
            {
                &quot;time&quot;: &quot;2022-02-18T15:10:35.414Z&quot;,
                &quot;status&quot;: &quot;DELIVERED&quot;
            },
            {
                &quot;time&quot;: &quot;2022-02-18T15:11:42.300Z&quot;,
                &quot;status&quot;: &quot;PENDING&quot;
            },
            {
                &quot;time&quot;: &quot;2022-02-18T15:11:42.322Z&quot;,
                &quot;status&quot;: &quot;SEND&quot;
            },
            {
                &quot;time&quot;: &quot;2022-02-18T15:11:42.359Z&quot;,
                &quot;status&quot;: &quot;DELIVERED&quot;
            },
            {
                &quot;time&quot;: &quot;2022-02-18T15:12:59.572Z&quot;,
                &quot;status&quot;: &quot;PENDING&quot;
            },
            {
                &quot;time&quot;: &quot;2022-02-18T15:12:59.593Z&quot;,
                &quot;status&quot;: &quot;SEND&quot;
            },
            {
                &quot;time&quot;: &quot;2022-02-18T15:12:59.628Z&quot;,
                &quot;status&quot;: &quot;DELIVERED&quot;
            },
            {
                &quot;time&quot;: &quot;2022-02-18T15:14:12.920Z&quot;,
                &quot;status&quot;: &quot;PENDING&quot;
            },
            {
                &quot;time&quot;: &quot;2022-02-18T15:14:12.944Z&quot;,
                &quot;status&quot;: &quot;SEND&quot;
            },
            {
                &quot;time&quot;: &quot;2022-02-18T15:14:12.981Z&quot;,
                &quot;status&quot;: &quot;DELIVERED&quot;
            },
            {
                &quot;time&quot;: &quot;2022-02-18T15:15:26.328Z&quot;,
                &quot;status&quot;: &quot;PENDING&quot;
            },
            {
                &quot;time&quot;: &quot;2022-02-18T15:15:26.352Z&quot;,
                &quot;status&quot;: &quot;SEND&quot;
            },
            {
                &quot;time&quot;: &quot;2022-02-18T15:15:26.390Z&quot;,
                &quot;status&quot;: &quot;DELIVERED&quot;
            },
            {
                &quot;time&quot;: &quot;2022-02-18T15:16:04.923Z&quot;,
                &quot;status&quot;: &quot;PENDING&quot;
            },
            {
                &quot;time&quot;: &quot;2022-02-18T15:16:04.942Z&quot;,
                &quot;status&quot;: &quot;SEND&quot;
            },
            {
                &quot;time&quot;: &quot;2022-02-18T15:16:04.979Z&quot;,
                &quot;status&quot;: &quot;DELIVERED&quot;
            },
            {
                &quot;time&quot;: &quot;2022-02-18T15:16:55.848Z&quot;,
                &quot;status&quot;: &quot;PENDING&quot;
            },
            {
                &quot;time&quot;: &quot;2022-02-18T15:16:55.868Z&quot;,
                &quot;status&quot;: &quot;SEND&quot;
            },
            {
                &quot;time&quot;: &quot;2022-02-18T15:16:55.905Z&quot;,
                &quot;status&quot;: &quot;DELIVERED&quot;
            },
            {
                &quot;time&quot;: &quot;2022-02-18T15:17:46.625Z&quot;,
                &quot;status&quot;: &quot;PENDING&quot;
            },
            {
                &quot;time&quot;: &quot;2022-02-18T15:17:46.652Z&quot;,
                &quot;status&quot;: &quot;SEND&quot;
            },
            {
                &quot;time&quot;: &quot;2022-02-18T15:17:46.687Z&quot;,
                &quot;status&quot;: &quot;DELIVERED&quot;
            },
            {
                &quot;time&quot;: &quot;2022-02-18T15:18:28.019Z&quot;,
                &quot;status&quot;: &quot;PENDING&quot;
            },
            {
                &quot;time&quot;: &quot;2022-02-18T15:18:28.043Z&quot;,
                &quot;status&quot;: &quot;SEND&quot;
            },
            {
                &quot;time&quot;: &quot;2022-02-18T15:18:28.079Z&quot;,
                &quot;status&quot;: &quot;DELIVERED&quot;
            },
            {
                &quot;time&quot;: &quot;2022-02-18T15:20:43.491Z&quot;,
                &quot;status&quot;: &quot;PENDING&quot;
            },
            {
                &quot;time&quot;: &quot;2022-02-18T15:20:43.514Z&quot;,
                &quot;status&quot;: &quot;SEND&quot;
            },
            {
                &quot;time&quot;: &quot;2022-02-18T15:20:43.550Z&quot;,
                &quot;status&quot;: &quot;DELIVERED&quot;
            },
            {
                &quot;time&quot;: &quot;2022-02-18T15:23:08.808Z&quot;,
                &quot;status&quot;: &quot;PENDING&quot;
            },
            {
                &quot;time&quot;: &quot;2022-02-18T15:23:08.831Z&quot;,
                &quot;status&quot;: &quot;SEND&quot;
            },
            {
                &quot;time&quot;: &quot;2022-02-18T15:23:08.869Z&quot;,
                &quot;status&quot;: &quot;DELIVERED&quot;
            },
            {
                &quot;time&quot;: &quot;2022-02-18T15:23:31.763Z&quot;,
                &quot;status&quot;: &quot;PENDING&quot;
            },
            {
                &quot;time&quot;: &quot;2022-02-18T15:23:31.789Z&quot;,
                &quot;status&quot;: &quot;SEND&quot;
            },
            {
                &quot;time&quot;: &quot;2022-02-18T15:23:31.829Z&quot;,
                &quot;status&quot;: &quot;DELIVERED&quot;
            },
            {
                &quot;time&quot;: &quot;2022-02-18T15:23:56.183Z&quot;,
                &quot;status&quot;: &quot;PENDING&quot;
            },
            {
                &quot;time&quot;: &quot;2022-02-18T15:23:56.205Z&quot;,
                &quot;status&quot;: &quot;SEND&quot;
            },
            {
                &quot;time&quot;: &quot;2022-02-18T15:23:56.240Z&quot;,
                &quot;status&quot;: &quot;DELIVERED&quot;
            },
            {
                &quot;time&quot;: &quot;2022-02-18T15:24:19.191Z&quot;,
                &quot;status&quot;: &quot;PENDING&quot;
            },
            {
                &quot;time&quot;: &quot;2022-02-18T15:24:19.214Z&quot;,
                &quot;status&quot;: &quot;SEND&quot;
            },
            {
                &quot;time&quot;: &quot;2022-02-18T15:24:19.249Z&quot;,
                &quot;status&quot;: &quot;DELIVERED&quot;
            },
            {
                &quot;time&quot;: &quot;2022-02-18T15:24:56.124Z&quot;,
                &quot;status&quot;: &quot;PENDING&quot;
            },
            {
                &quot;time&quot;: &quot;2022-02-18T15:24:56.152Z&quot;,
                &quot;status&quot;: &quot;SEND&quot;
            },
            {
                &quot;time&quot;: &quot;2022-02-18T15:24:56.186Z&quot;,
                &quot;status&quot;: &quot;DELIVERED&quot;
            },
            {
                &quot;time&quot;: &quot;2022-02-18T15:25:21.105Z&quot;,
                &quot;status&quot;: &quot;PENDING&quot;
            },
            {
                &quot;time&quot;: &quot;2022-02-18T15:25:21.127Z&quot;,
                &quot;status&quot;: &quot;SEND&quot;
            },
            {
                &quot;time&quot;: &quot;2022-02-18T15:25:21.164Z&quot;,
                &quot;status&quot;: &quot;DELIVERED&quot;
            },
            {
                &quot;time&quot;: &quot;2022-02-18T15:25:45.991Z&quot;,
                &quot;status&quot;: &quot;PENDING&quot;
            },
            {
                &quot;time&quot;: &quot;2022-02-18T15:25:46.015Z&quot;,
                &quot;status&quot;: &quot;SEND&quot;
            },
            {
                &quot;time&quot;: &quot;2022-02-18T15:25:46.050Z&quot;,
                &quot;status&quot;: &quot;DELIVERED&quot;
            },
            {
                &quot;time&quot;: &quot;2022-02-18T15:42:24.600Z&quot;,
                &quot;status&quot;: &quot;PENDING&quot;
            },
            {
                &quot;time&quot;: &quot;2022-02-18T15:42:24.628Z&quot;,
                &quot;status&quot;: &quot;SEND&quot;
            },
            {
                &quot;time&quot;: &quot;2022-02-18T15:42:24.664Z&quot;,
                &quot;status&quot;: &quot;DELIVERED&quot;
            },
            {
                &quot;time&quot;: &quot;2022-02-18T15:45:04.233Z&quot;,
                &quot;status&quot;: &quot;PENDING&quot;
            },
            {
                &quot;time&quot;: &quot;2022-02-18T15:45:04.267Z&quot;,
                &quot;status&quot;: &quot;SEND&quot;
            },
            {
                &quot;time&quot;: &quot;2022-02-18T15:45:04.303Z&quot;,
                &quot;status&quot;: &quot;DELIVERED&quot;
            },
            {
                &quot;time&quot;: &quot;2022-02-18T15:45:26.812Z&quot;,
                &quot;status&quot;: &quot;PENDING&quot;
            },
            {
                &quot;time&quot;: &quot;2022-02-18T15:45:26.839Z&quot;,
                &quot;status&quot;: &quot;SEND&quot;
            },
            {
                &quot;time&quot;: &quot;2022-02-18T15:45:26.882Z&quot;,
                &quot;status&quot;: &quot;DELIVERED&quot;
            },
            {
                &quot;time&quot;: &quot;2022-02-18T15:48:05.017Z&quot;,
                &quot;status&quot;: &quot;PENDING&quot;
            },
            {
                &quot;time&quot;: &quot;2022-02-18T15:48:05.047Z&quot;,
                &quot;status&quot;: &quot;SEND&quot;
            }
        ],
        &quot;status&quot;: &quot;DELIVERED&quot;
    },
    &quot;creationTime&quot;: &quot;2022-02-18T15:10:35.358Z&quot;,
    &quot;deviceId&quot;: &quot;14382422&quot;,
    &quot;deviceName&quot;: &quot;mythic_beasts_pi_all_jobs_sag&quot;,
    &quot;self&quot;: &quot;https://t493319102.eu-latest.cumulocity.com/devicecontrol/operations/14382430&quot;,
    &quot;id&quot;: &quot;14382430&quot;,
    &quot;status&quot;: &quot;PENDING&quot;,
    &quot;c8y_LogfileRequest&quot;: {
        &quot;searchText&quot;: &quot;&quot;,
        &quot;logFile&quot;: &quot;software-management&quot;,
        &quot;dateTo&quot;: &quot;2021-11-21T18:55:49+0530&quot;,
        &quot;dateFrom&quot;: &quot;2021-11-15T18:55:49+0530&quot;,
        &quot;maximumLines&quot;: 300
    },
    &quot;description&quot;: &quot;Log file request&quot;
}
15:49:41 DEBUG Final URL of the request: https://thin-edge-io.eu-latest.cumulocity.com/devicecontrol/operations?deviceId=14382422&amp;pageSize=1&amp;revert=true&amp;dateFrom=1970-01-01T00%3A00%3A00.000Z
15:49:41 INFO  State of current operation: PENDING
15:49:41 DEBUG Final URL of the request: https://thin-edge-io.eu-latest.cumulocity.com/devicecontrol/operations?deviceId=14382422&amp;pageSize=1&amp;revert=true&amp;dateFrom=1970-01-01T00%3A00%3A00.000Z
15:49:41 DEBUG State of current operation: {
    &quot;delivery&quot;: {
        &quot;time&quot;: &quot;2022-02-18T15:48:05.094Z&quot;,
        &quot;log&quot;: [
            {
                &quot;time&quot;: &quot;2022-02-18T15:10:35.371Z&quot;,
                &quot;status&quot;: &quot;PENDING&quot;
            },
            {
                &quot;time&quot;: &quot;2022-02-18T15:10:35.380Z&quot;,
                &quot;status&quot;: &quot;SEND&quot;
            },
            {
                &quot;time&quot;: &quot;2022-02-18T15:10:35.414Z&quot;,
                &quot;status&quot;: &quot;DELIVERED&quot;
            },
            {
                &quot;time&quot;: &quot;2022-02-18T15:11:42.300Z&quot;,
                &quot;status&quot;: &quot;PENDING&quot;
            },
            {
                &quot;time&quot;: &quot;2022-02-18T15:11:42.322Z&quot;,
                &quot;status&quot;: &quot;SEND&quot;
            },
            {
                &quot;time&quot;: &quot;2022-02-18T15:11:42.359Z&quot;,
                &quot;status&quot;: &quot;DELIVERED&quot;
            },
            {
                &quot;time&quot;: &quot;2022-02-18T15:12:59.572Z&quot;,
                &quot;status&quot;: &quot;PENDING&quot;
            },
            {
                &quot;time&quot;: &quot;2022-02-18T15:12:59.593Z&quot;,
                &quot;status&quot;: &quot;SEND&quot;
            },
            {
                &quot;time&quot;: &quot;2022-02-18T15:12:59.628Z&quot;,
                &quot;status&quot;: &quot;DELIVERED&quot;
            },
            {
                &quot;time&quot;: &quot;2022-02-18T15:14:12.920Z&quot;,
                &quot;status&quot;: &quot;PENDING&quot;
            },
            {
                &quot;time&quot;: &quot;2022-02-18T15:14:12.944Z&quot;,
                &quot;status&quot;: &quot;SEND&quot;
            },
            {
                &quot;time&quot;: &quot;2022-02-18T15:14:12.981Z&quot;,
                &quot;status&quot;: &quot;DELIVERED&quot;
            },
            {
                &quot;time&quot;: &quot;2022-02-18T15:15:26.328Z&quot;,
                &quot;status&quot;: &quot;PENDING&quot;
            },
            {
                &quot;time&quot;: &quot;2022-02-18T15:15:26.352Z&quot;,
                &quot;status&quot;: &quot;SEND&quot;
            },
            {
                &quot;time&quot;: &quot;2022-02-18T15:15:26.390Z&quot;,
                &quot;status&quot;: &quot;DELIVERED&quot;
            },
            {
                &quot;time&quot;: &quot;2022-02-18T15:16:04.923Z&quot;,
                &quot;status&quot;: &quot;PENDING&quot;
            },
            {
                &quot;time&quot;: &quot;2022-02-18T15:16:04.942Z&quot;,
                &quot;status&quot;: &quot;SEND&quot;
            },
            {
                &quot;time&quot;: &quot;2022-02-18T15:16:04.979Z&quot;,
                &quot;status&quot;: &quot;DELIVERED&quot;
            },
            {
                &quot;time&quot;: &quot;2022-02-18T15:16:55.848Z&quot;,
                &quot;status&quot;: &quot;PENDING&quot;
            },
            {
                &quot;time&quot;: &quot;2022-02-18T15:16:55.868Z&quot;,
                &quot;status&quot;: &quot;SEND&quot;
            },
            {
                &quot;time&quot;: &quot;2022-02-18T15:16:55.905Z&quot;,
                &quot;status&quot;: &quot;DELIVERED&quot;
            },
            {
                &quot;time&quot;: &quot;2022-02-18T15:17:46.625Z&quot;,
                &quot;status&quot;: &quot;PENDING&quot;
            },
            {
                &quot;time&quot;: &quot;2022-02-18T15:17:46.652Z&quot;,
                &quot;status&quot;: &quot;SEND&quot;
            },
            {
                &quot;time&quot;: &quot;2022-02-18T15:17:46.687Z&quot;,
                &quot;status&quot;: &quot;DELIVERED&quot;
            },
            {
                &quot;time&quot;: &quot;2022-02-18T15:18:28.019Z&quot;,
                &quot;status&quot;: &quot;PENDING&quot;
            },
            {
                &quot;time&quot;: &quot;2022-02-18T15:18:28.043Z&quot;,
                &quot;status&quot;: &quot;SEND&quot;
            },
            {
                &quot;time&quot;: &quot;2022-02-18T15:18:28.079Z&quot;,
                &quot;status&quot;: &quot;DELIVERED&quot;
            },
            {
                &quot;time&quot;: &quot;2022-02-18T15:20:43.491Z&quot;,
                &quot;status&quot;: &quot;PENDING&quot;
            },
            {
                &quot;time&quot;: &quot;2022-02-18T15:20:43.514Z&quot;,
                &quot;status&quot;: &quot;SEND&quot;
            },
            {
                &quot;time&quot;: &quot;2022-02-18T15:20:43.550Z&quot;,
                &quot;status&quot;: &quot;DELIVERED&quot;
            },
            {
                &quot;time&quot;: &quot;2022-02-18T15:23:08.808Z&quot;,
                &quot;status&quot;: &quot;PENDING&quot;
            },
            {
                &quot;time&quot;: &quot;2022-02-18T15:23:08.831Z&quot;,
                &quot;status&quot;: &quot;SEND&quot;
            },
            {
                &quot;time&quot;: &quot;2022-02-18T15:23:08.869Z&quot;,
                &quot;status&quot;: &quot;DELIVERED&quot;
            },
            {
                &quot;time&quot;: &quot;2022-02-18T15:23:31.763Z&quot;,
                &quot;status&quot;: &quot;PENDING&quot;
            },
            {
                &quot;time&quot;: &quot;2022-02-18T15:23:31.789Z&quot;,
                &quot;status&quot;: &quot;SEND&quot;
            },
            {
                &quot;time&quot;: &quot;2022-02-18T15:23:31.829Z&quot;,
                &quot;status&quot;: &quot;DELIVERED&quot;
            },
            {
                &quot;time&quot;: &quot;2022-02-18T15:23:56.183Z&quot;,
                &quot;status&quot;: &quot;PENDING&quot;
            },
            {
                &quot;time&quot;: &quot;2022-02-18T15:23:56.205Z&quot;,
                &quot;status&quot;: &quot;SEND&quot;
            },
            {
                &quot;time&quot;: &quot;2022-02-18T15:23:56.240Z&quot;,
                &quot;status&quot;: &quot;DELIVERED&quot;
            },
            {
                &quot;time&quot;: &quot;2022-02-18T15:24:19.191Z&quot;,
                &quot;status&quot;: &quot;PENDING&quot;
            },
            {
                &quot;time&quot;: &quot;2022-02-18T15:24:19.214Z&quot;,
                &quot;status&quot;: &quot;SEND&quot;
            },
            {
                &quot;time&quot;: &quot;2022-02-18T15:24:19.249Z&quot;,
                &quot;status&quot;: &quot;DELIVERED&quot;
            },
            {
                &quot;time&quot;: &quot;2022-02-18T15:24:56.124Z&quot;,
                &quot;status&quot;: &quot;PENDING&quot;
            },
            {
                &quot;time&quot;: &quot;2022-02-18T15:24:56.152Z&quot;,
                &quot;status&quot;: &quot;SEND&quot;
            },
            {
                &quot;time&quot;: &quot;2022-02-18T15:24:56.186Z&quot;,
                &quot;status&quot;: &quot;DELIVERED&quot;
            },
            {
                &quot;time&quot;: &quot;2022-02-18T15:25:21.105Z&quot;,
                &quot;status&quot;: &quot;PENDING&quot;
            },
            {
                &quot;time&quot;: &quot;2022-02-18T15:25:21.127Z&quot;,
                &quot;status&quot;: &quot;SEND&quot;
            },
            {
                &quot;time&quot;: &quot;2022-02-18T15:25:21.164Z&quot;,
                &quot;status&quot;: &quot;DELIVERED&quot;
            },
            {
                &quot;time&quot;: &quot;2022-02-18T15:25:45.991Z&quot;,
                &quot;status&quot;: &quot;PENDING&quot;
            },
            {
                &quot;time&quot;: &quot;2022-02-18T15:25:46.015Z&quot;,
                &quot;status&quot;: &quot;SEND&quot;
            },
            {
                &quot;time&quot;: &quot;2022-02-18T15:25:46.050Z&quot;,
                &quot;status&quot;: &quot;DELIVERED&quot;
            },
            {
                &quot;time&quot;: &quot;2022-02-18T15:42:24.600Z&quot;,
                &quot;status&quot;: &quot;PENDING&quot;
            },
            {
                &quot;time&quot;: &quot;2022-02-18T15:42:24.628Z&quot;,
                &quot;status&quot;: &quot;SEND&quot;
            },
            {
                &quot;time&quot;: &quot;2022-02-18T15:42:24.664Z&quot;,
                &quot;status&quot;: &quot;DELIVERED&quot;
            },
            {
                &quot;time&quot;: &quot;2022-02-18T15:45:04.233Z&quot;,
                &quot;status&quot;: &quot;PENDING&quot;
            },
            {
                &quot;time&quot;: &quot;2022-02-18T15:45:04.267Z&quot;,
                &quot;status&quot;: &quot;SEND&quot;
            },
            {
                &quot;time&quot;: &quot;2022-02-18T15:45:04.303Z&quot;,
                &quot;status&quot;: &quot;DELIVERED&quot;
            },
            {
                &quot;time&quot;: &quot;2022-02-18T15:45:26.812Z&quot;,
                &quot;status&quot;: &quot;PENDING&quot;
            },
            {
                &quot;time&quot;: &quot;2022-02-18T15:45:26.839Z&quot;,
                &quot;status&quot;: &quot;SEND&quot;
            },
            {
                &quot;time&quot;: &quot;2022-02-18T15:45:26.882Z&quot;,
                &quot;status&quot;: &quot;DELIVERED&quot;
            },
            {
                &quot;time&quot;: &quot;2022-02-18T15:48:05.017Z&quot;,
                &quot;status&quot;: &quot;PENDING&quot;
            },
            {
                &quot;time&quot;: &quot;2022-02-18T15:48:05.047Z&quot;,
                &quot;status&quot;: &quot;SEND&quot;
            }
        ],
        &quot;status&quot;: &quot;DELIVERED&quot;
    },
    &quot;creationTime&quot;: &quot;2022-02-18T15:10:35.358Z&quot;,
    &quot;deviceId&quot;: &quot;14382422&quot;,
    &quot;deviceName&quot;: &quot;mythic_beasts_pi_all_jobs_sag&quot;,
    &quot;self&quot;: &quot;https://t493319102.eu-latest.cumulocity.com/devicecontrol/operations/14382430&quot;,
    &quot;id&quot;: &quot;14382430&quot;,
    &quot;status&quot;: &quot;PENDING&quot;,
    &quot;c8y_LogfileRequest&quot;: {
        &quot;searchText&quot;: &quot;&quot;,
        &quot;logFile&quot;: &quot;software-management&quot;,
        &quot;dateTo&quot;: &quot;2021-11-21T18:55:49+0530&quot;,
        &quot;dateFrom&quot;: &quot;2021-11-15T18:55:49+0530&quot;,
        &quot;maximumLines&quot;: 300
    },
    &quot;description&quot;: &quot;Log file request&quot;
}
15:49:43 DEBUG Final URL of the request: https://thin-edge-io.eu-latest.cumulocity.com/devicecontrol/operations?deviceId=14382422&amp;pageSize=1&amp;revert=true&amp;dateFrom=1970-01-01T00%3A00%3A00.000Z
15:49:43 INFO  State of current operation: PENDING
15:49:43 DEBUG Final URL of the request: https://thin-edge-io.eu-latest.cumulocity.com/devicecontrol/operations?deviceId=14382422&amp;pageSize=1&amp;revert=true&amp;dateFrom=1970-01-01T00%3A00%3A00.000Z
15:49:43 DEBUG State of current operation: {
    &quot;delivery&quot;: {
        &quot;time&quot;: &quot;2022-02-18T15:48:05.094Z&quot;,
        &quot;log&quot;: [
            {
                &quot;time&quot;: &quot;2022-02-18T15:10:35.371Z&quot;,
                &quot;status&quot;: &quot;PENDING&quot;
            },
            {
                &quot;time&quot;: &quot;2022-02-18T15:10:35.380Z&quot;,
                &quot;status&quot;: &quot;SEND&quot;
            },
            {
                &quot;time&quot;: &quot;2022-02-18T15:10:35.414Z&quot;,
                &quot;status&quot;: &quot;DELIVERED&quot;
            },
            {
                &quot;time&quot;: &quot;2022-02-18T15:11:42.300Z&quot;,
                &quot;status&quot;: &quot;PENDING&quot;
            },
            {
                &quot;time&quot;: &quot;2022-02-18T15:11:42.322Z&quot;,
                &quot;status&quot;: &quot;SEND&quot;
            },
            {
                &quot;time&quot;: &quot;2022-02-18T15:11:42.359Z&quot;,
                &quot;status&quot;: &quot;DELIVERED&quot;
            },
            {
                &quot;time&quot;: &quot;2022-02-18T15:12:59.572Z&quot;,
                &quot;status&quot;: &quot;PENDING&quot;
            },
            {
                &quot;time&quot;: &quot;2022-02-18T15:12:59.593Z&quot;,
                &quot;status&quot;: &quot;SEND&quot;
            },
            {
                &quot;time&quot;: &quot;2022-02-18T15:12:59.628Z&quot;,
                &quot;status&quot;: &quot;DELIVERED&quot;
            },
            {
                &quot;time&quot;: &quot;2022-02-18T15:14:12.920Z&quot;,
                &quot;status&quot;: &quot;PENDING&quot;
            },
            {
                &quot;time&quot;: &quot;2022-02-18T15:14:12.944Z&quot;,
                &quot;status&quot;: &quot;SEND&quot;
            },
            {
                &quot;time&quot;: &quot;2022-02-18T15:14:12.981Z&quot;,
                &quot;status&quot;: &quot;DELIVERED&quot;
            },
            {
                &quot;time&quot;: &quot;2022-02-18T15:15:26.328Z&quot;,
                &quot;status&quot;: &quot;PENDING&quot;
            },
            {
                &quot;time&quot;: &quot;2022-02-18T15:15:26.352Z&quot;,
                &quot;status&quot;: &quot;SEND&quot;
            },
            {
                &quot;time&quot;: &quot;2022-02-18T15:15:26.390Z&quot;,
                &quot;status&quot;: &quot;DELIVERED&quot;
            },
            {
                &quot;time&quot;: &quot;2022-02-18T15:16:04.923Z&quot;,
                &quot;status&quot;: &quot;PENDING&quot;
            },
            {
                &quot;time&quot;: &quot;2022-02-18T15:16:04.942Z&quot;,
                &quot;status&quot;: &quot;SEND&quot;
            },
            {
                &quot;time&quot;: &quot;2022-02-18T15:16:04.979Z&quot;,
                &quot;status&quot;: &quot;DELIVERED&quot;
            },
            {
                &quot;time&quot;: &quot;2022-02-18T15:16:55.848Z&quot;,
                &quot;status&quot;: &quot;PENDING&quot;
            },
            {
                &quot;time&quot;: &quot;2022-02-18T15:16:55.868Z&quot;,
                &quot;status&quot;: &quot;SEND&quot;
            },
            {
                &quot;time&quot;: &quot;2022-02-18T15:16:55.905Z&quot;,
                &quot;status&quot;: &quot;DELIVERED&quot;
            },
            {
                &quot;time&quot;: &quot;2022-02-18T15:17:46.625Z&quot;,
                &quot;status&quot;: &quot;PENDING&quot;
            },
            {
                &quot;time&quot;: &quot;2022-02-18T15:17:46.652Z&quot;,
                &quot;status&quot;: &quot;SEND&quot;
            },
            {
                &quot;time&quot;: &quot;2022-02-18T15:17:46.687Z&quot;,
                &quot;status&quot;: &quot;DELIVERED&quot;
            },
            {
                &quot;time&quot;: &quot;2022-02-18T15:18:28.019Z&quot;,
                &quot;status&quot;: &quot;PENDING&quot;
            },
            {
                &quot;time&quot;: &quot;2022-02-18T15:18:28.043Z&quot;,
                &quot;status&quot;: &quot;SEND&quot;
            },
            {
                &quot;time&quot;: &quot;2022-02-18T15:18:28.079Z&quot;,
                &quot;status&quot;: &quot;DELIVERED&quot;
            },
            {
                &quot;time&quot;: &quot;2022-02-18T15:20:43.491Z&quot;,
                &quot;status&quot;: &quot;PENDING&quot;
            },
            {
                &quot;time&quot;: &quot;2022-02-18T15:20:43.514Z&quot;,
                &quot;status&quot;: &quot;SEND&quot;
            },
            {
                &quot;time&quot;: &quot;2022-02-18T15:20:43.550Z&quot;,
                &quot;status&quot;: &quot;DELIVERED&quot;
            },
            {
                &quot;time&quot;: &quot;2022-02-18T15:23:08.808Z&quot;,
                &quot;status&quot;: &quot;PENDING&quot;
            },
            {
                &quot;time&quot;: &quot;2022-02-18T15:23:08.831Z&quot;,
                &quot;status&quot;: &quot;SEND&quot;
            },
            {
                &quot;time&quot;: &quot;2022-02-18T15:23:08.869Z&quot;,
                &quot;status&quot;: &quot;DELIVERED&quot;
            },
            {
                &quot;time&quot;: &quot;2022-02-18T15:23:31.763Z&quot;,
                &quot;status&quot;: &quot;PENDING&quot;
            },
            {
                &quot;time&quot;: &quot;2022-02-18T15:23:31.789Z&quot;,
                &quot;status&quot;: &quot;SEND&quot;
            },
            {
                &quot;time&quot;: &quot;2022-02-18T15:23:31.829Z&quot;,
                &quot;status&quot;: &quot;DELIVERED&quot;
            },
            {
                &quot;time&quot;: &quot;2022-02-18T15:23:56.183Z&quot;,
                &quot;status&quot;: &quot;PENDING&quot;
            },
            {
                &quot;time&quot;: &quot;2022-02-18T15:23:56.205Z&quot;,
                &quot;status&quot;: &quot;SEND&quot;
            },
            {
                &quot;time&quot;: &quot;2022-02-18T15:23:56.240Z&quot;,
                &quot;status&quot;: &quot;DELIVERED&quot;
            },
            {
                &quot;time&quot;: &quot;2022-02-18T15:24:19.191Z&quot;,
                &quot;status&quot;: &quot;PENDING&quot;
            },
            {
                &quot;time&quot;: &quot;2022-02-18T15:24:19.214Z&quot;,
                &quot;status&quot;: &quot;SEND&quot;
            },
            {
                &quot;time&quot;: &quot;2022-02-18T15:24:19.249Z&quot;,
                &quot;status&quot;: &quot;DELIVERED&quot;
            },
            {
                &quot;time&quot;: &quot;2022-02-18T15:24:56.124Z&quot;,
                &quot;status&quot;: &quot;PENDING&quot;
            },
            {
                &quot;time&quot;: &quot;2022-02-18T15:24:56.152Z&quot;,
                &quot;status&quot;: &quot;SEND&quot;
            },
            {
                &quot;time&quot;: &quot;2022-02-18T15:24:56.186Z&quot;,
                &quot;status&quot;: &quot;DELIVERED&quot;
            },
            {
                &quot;time&quot;: &quot;2022-02-18T15:25:21.105Z&quot;,
                &quot;status&quot;: &quot;PENDING&quot;
            },
            {
                &quot;time&quot;: &quot;2022-02-18T15:25:21.127Z&quot;,
                &quot;status&quot;: &quot;SEND&quot;
            },
            {
                &quot;time&quot;: &quot;2022-02-18T15:25:21.164Z&quot;,
                &quot;status&quot;: &quot;DELIVERED&quot;
            },
            {
                &quot;time&quot;: &quot;2022-02-18T15:25:45.991Z&quot;,
                &quot;status&quot;: &quot;PENDING&quot;
            },
            {
                &quot;time&quot;: &quot;2022-02-18T15:25:46.015Z&quot;,
                &quot;status&quot;: &quot;SEND&quot;
            },
            {
                &quot;time&quot;: &quot;2022-02-18T15:25:46.050Z&quot;,
                &quot;status&quot;: &quot;DELIVERED&quot;
            },
            {
                &quot;time&quot;: &quot;2022-02-18T15:42:24.600Z&quot;,
                &quot;status&quot;: &quot;PENDING&quot;
            },
            {
                &quot;time&quot;: &quot;2022-02-18T15:42:24.628Z&quot;,
                &quot;status&quot;: &quot;SEND&quot;
            },
            {
                &quot;time&quot;: &quot;2022-02-18T15:42:24.664Z&quot;,
                &quot;status&quot;: &quot;DELIVERED&quot;
            },
            {
                &quot;time&quot;: &quot;2022-02-18T15:45:04.233Z&quot;,
                &quot;status&quot;: &quot;PENDING&quot;
            },
            {
                &quot;time&quot;: &quot;2022-02-18T15:45:04.267Z&quot;,
                &quot;status&quot;: &quot;SEND&quot;
            },
            {
                &quot;time&quot;: &quot;2022-02-18T15:45:04.303Z&quot;,
                &quot;status&quot;: &quot;DELIVERED&quot;
            },
            {
                &quot;time&quot;: &quot;2022-02-18T15:45:26.812Z&quot;,
                &quot;status&quot;: &quot;PENDING&quot;
            },
            {
                &quot;time&quot;: &quot;2022-02-18T15:45:26.839Z&quot;,
                &quot;status&quot;: &quot;SEND&quot;
            },
            {
                &quot;time&quot;: &quot;2022-02-18T15:45:26.882Z&quot;,
                &quot;status&quot;: &quot;DELIVERED&quot;
            },
            {
                &quot;time&quot;: &quot;2022-02-18T15:48:05.017Z&quot;,
                &quot;status&quot;: &quot;PENDING&quot;
            },
            {
                &quot;time&quot;: &quot;2022-02-18T15:48:05.047Z&quot;,
                &quot;status&quot;: &quot;SEND&quot;
            }
        ],
        &quot;status&quot;: &quot;DELIVERED&quot;
    },
    &quot;creationTime&quot;: &quot;2022-02-18T15:10:35.358Z&quot;,
    &quot;deviceId&quot;: &quot;14382422&quot;,
    &quot;deviceName&quot;: &quot;mythic_beasts_pi_all_jobs_sag&quot;,
    &quot;self&quot;: &quot;https://t493319102.eu-latest.cumulocity.com/devicecontrol/operations/14382430&quot;,
    &quot;id&quot;: &quot;14382430&quot;,
    &quot;status&quot;: &quot;PENDING&quot;,
    &quot;c8y_LogfileRequest&quot;: {
        &quot;searchText&quot;: &quot;&quot;,
        &quot;logFile&quot;: &quot;software-management&quot;,
        &quot;dateTo&quot;: &quot;2021-11-21T18:55:49+0530&quot;,
        &quot;dateFrom&quot;: &quot;2021-11-15T18:55:49+0530&quot;,
        &quot;maximumLines&quot;: 300
    },
    &quot;description&quot;: &quot;Log file request&quot;
}
15:49:46 DEBUG Final URL of the request: https://thin-edge-io.eu-latest.cumulocity.com/devicecontrol/operations?deviceId=14382422&amp;pageSize=1&amp;revert=true&amp;dateFrom=1970-01-01T00%3A00%3A00.000Z
15:49:46 INFO  State of current operation: PENDING
15:49:46 DEBUG Final URL of the request: https://thin-edge-io.eu-latest.cumulocity.com/devicecontrol/operations?deviceId=14382422&amp;pageSize=1&amp;revert=true&amp;dateFrom=1970-01-01T00%3A00%3A00.000Z
15:49:46 DEBUG State of current operation: {
    &quot;delivery&quot;: {
        &quot;time&quot;: &quot;2022-02-18T15:48:05.094Z&quot;,
        &quot;log&quot;: [
            {
                &quot;time&quot;: &quot;2022-02-18T15:10:35.371Z&quot;,
                &quot;status&quot;: &quot;PENDING&quot;
            },
            {
                &quot;time&quot;: &quot;2022-02-18T15:10:35.380Z&quot;,
                &quot;status&quot;: &quot;SEND&quot;
            },
            {
                &quot;time&quot;: &quot;2022-02-18T15:10:35.414Z&quot;,
                &quot;status&quot;: &quot;DELIVERED&quot;
            },
            {
                &quot;time&quot;: &quot;2022-02-18T15:11:42.300Z&quot;,
                &quot;status&quot;: &quot;PENDING&quot;
            },
            {
                &quot;time&quot;: &quot;2022-02-18T15:11:42.322Z&quot;,
                &quot;status&quot;: &quot;SEND&quot;
            },
            {
                &quot;time&quot;: &quot;2022-02-18T15:11:42.359Z&quot;,
                &quot;status&quot;: &quot;DELIVERED&quot;
            },
            {
                &quot;time&quot;: &quot;2022-02-18T15:12:59.572Z&quot;,
                &quot;status&quot;: &quot;PENDING&quot;
            },
            {
                &quot;time&quot;: &quot;2022-02-18T15:12:59.593Z&quot;,
                &quot;status&quot;: &quot;SEND&quot;
            },
            {
                &quot;time&quot;: &quot;2022-02-18T15:12:59.628Z&quot;,
                &quot;status&quot;: &quot;DELIVERED&quot;
            },
            {
                &quot;time&quot;: &quot;2022-02-18T15:14:12.920Z&quot;,
                &quot;status&quot;: &quot;PENDING&quot;
            },
            {
                &quot;time&quot;: &quot;2022-02-18T15:14:12.944Z&quot;,
                &quot;status&quot;: &quot;SEND&quot;
            },
            {
                &quot;time&quot;: &quot;2022-02-18T15:14:12.981Z&quot;,
                &quot;status&quot;: &quot;DELIVERED&quot;
            },
            {
                &quot;time&quot;: &quot;2022-02-18T15:15:26.328Z&quot;,
                &quot;status&quot;: &quot;PENDING&quot;
            },
            {
                &quot;time&quot;: &quot;2022-02-18T15:15:26.352Z&quot;,
                &quot;status&quot;: &quot;SEND&quot;
            },
            {
                &quot;time&quot;: &quot;2022-02-18T15:15:26.390Z&quot;,
                &quot;status&quot;: &quot;DELIVERED&quot;
            },
            {
                &quot;time&quot;: &quot;2022-02-18T15:16:04.923Z&quot;,
                &quot;status&quot;: &quot;PENDING&quot;
            },
            {
                &quot;time&quot;: &quot;2022-02-18T15:16:04.942Z&quot;,
                &quot;status&quot;: &quot;SEND&quot;
            },
            {
                &quot;time&quot;: &quot;2022-02-18T15:16:04.979Z&quot;,
                &quot;status&quot;: &quot;DELIVERED&quot;
            },
            {
                &quot;time&quot;: &quot;2022-02-18T15:16:55.848Z&quot;,
                &quot;status&quot;: &quot;PENDING&quot;
            },
            {
                &quot;time&quot;: &quot;2022-02-18T15:16:55.868Z&quot;,
                &quot;status&quot;: &quot;SEND&quot;
            },
            {
                &quot;time&quot;: &quot;2022-02-18T15:16:55.905Z&quot;,
                &quot;status&quot;: &quot;DELIVERED&quot;
            },
            {
                &quot;time&quot;: &quot;2022-02-18T15:17:46.625Z&quot;,
                &quot;status&quot;: &quot;PENDING&quot;
            },
            {
                &quot;time&quot;: &quot;2022-02-18T15:17:46.652Z&quot;,
                &quot;status&quot;: &quot;SEND&quot;
            },
            {
                &quot;time&quot;: &quot;2022-02-18T15:17:46.687Z&quot;,
                &quot;status&quot;: &quot;DELIVERED&quot;
            },
            {
                &quot;time&quot;: &quot;2022-02-18T15:18:28.019Z&quot;,
                &quot;status&quot;: &quot;PENDING&quot;
            },
            {
                &quot;time&quot;: &quot;2022-02-18T15:18:28.043Z&quot;,
                &quot;status&quot;: &quot;SEND&quot;
            },
            {
                &quot;time&quot;: &quot;2022-02-18T15:18:28.079Z&quot;,
                &quot;status&quot;: &quot;DELIVERED&quot;
            },
            {
                &quot;time&quot;: &quot;2022-02-18T15:20:43.491Z&quot;,
                &quot;status&quot;: &quot;PENDING&quot;
            },
            {
                &quot;time&quot;: &quot;2022-02-18T15:20:43.514Z&quot;,
                &quot;status&quot;: &quot;SEND&quot;
            },
            {
                &quot;time&quot;: &quot;2022-02-18T15:20:43.550Z&quot;,
                &quot;status&quot;: &quot;DELIVERED&quot;
            },
            {
                &quot;time&quot;: &quot;2022-02-18T15:23:08.808Z&quot;,
                &quot;status&quot;: &quot;PENDING&quot;
            },
            {
                &quot;time&quot;: &quot;2022-02-18T15:23:08.831Z&quot;,
                &quot;status&quot;: &quot;SEND&quot;
            },
            {
                &quot;time&quot;: &quot;2022-02-18T15:23:08.869Z&quot;,
                &quot;status&quot;: &quot;DELIVERED&quot;
            },
            {
                &quot;time&quot;: &quot;2022-02-18T15:23:31.763Z&quot;,
                &quot;status&quot;: &quot;PENDING&quot;
            },
            {
                &quot;time&quot;: &quot;2022-02-18T15:23:31.789Z&quot;,
                &quot;status&quot;: &quot;SEND&quot;
            },
            {
                &quot;time&quot;: &quot;2022-02-18T15:23:31.829Z&quot;,
                &quot;status&quot;: &quot;DELIVERED&quot;
            },
            {
                &quot;time&quot;: &quot;2022-02-18T15:23:56.183Z&quot;,
                &quot;status&quot;: &quot;PENDING&quot;
            },
            {
                &quot;time&quot;: &quot;2022-02-18T15:23:56.205Z&quot;,
                &quot;status&quot;: &quot;SEND&quot;
            },
            {
                &quot;time&quot;: &quot;2022-02-18T15:23:56.240Z&quot;,
                &quot;status&quot;: &quot;DELIVERED&quot;
            },
            {
                &quot;time&quot;: &quot;2022-02-18T15:24:19.191Z&quot;,
                &quot;status&quot;: &quot;PENDING&quot;
            },
            {
                &quot;time&quot;: &quot;2022-02-18T15:24:19.214Z&quot;,
                &quot;status&quot;: &quot;SEND&quot;
            },
            {
                &quot;time&quot;: &quot;2022-02-18T15:24:19.249Z&quot;,
                &quot;status&quot;: &quot;DELIVERED&quot;
            },
            {
                &quot;time&quot;: &quot;2022-02-18T15:24:56.124Z&quot;,
                &quot;status&quot;: &quot;PENDING&quot;
            },
            {
                &quot;time&quot;: &quot;2022-02-18T15:24:56.152Z&quot;,
                &quot;status&quot;: &quot;SEND&quot;
            },
            {
                &quot;time&quot;: &quot;2022-02-18T15:24:56.186Z&quot;,
                &quot;status&quot;: &quot;DELIVERED&quot;
            },
            {
                &quot;time&quot;: &quot;2022-02-18T15:25:21.105Z&quot;,
                &quot;status&quot;: &quot;PENDING&quot;
            },
            {
                &quot;time&quot;: &quot;2022-02-18T15:25:21.127Z&quot;,
                &quot;status&quot;: &quot;SEND&quot;
            },
            {
                &quot;time&quot;: &quot;2022-02-18T15:25:21.164Z&quot;,
                &quot;status&quot;: &quot;DELIVERED&quot;
            },
            {
                &quot;time&quot;: &quot;2022-02-18T15:25:45.991Z&quot;,
                &quot;status&quot;: &quot;PENDING&quot;
            },
            {
                &quot;time&quot;: &quot;2022-02-18T15:25:46.015Z&quot;,
                &quot;status&quot;: &quot;SEND&quot;
            },
            {
                &quot;time&quot;: &quot;2022-02-18T15:25:46.050Z&quot;,
                &quot;status&quot;: &quot;DELIVERED&quot;
            },
            {
                &quot;time&quot;: &quot;2022-02-18T15:42:24.600Z&quot;,
                &quot;status&quot;: &quot;PENDING&quot;
            },
            {
                &quot;time&quot;: &quot;2022-02-18T15:42:24.628Z&quot;,
                &quot;status&quot;: &quot;SEND&quot;
            },
            {
                &quot;time&quot;: &quot;2022-02-18T15:42:24.664Z&quot;,
                &quot;status&quot;: &quot;DELIVERED&quot;
            },
            {
                &quot;time&quot;: &quot;2022-02-18T15:45:04.233Z&quot;,
                &quot;status&quot;: &quot;PENDING&quot;
            },
            {
                &quot;time&quot;: &quot;2022-02-18T15:45:04.267Z&quot;,
                &quot;status&quot;: &quot;SEND&quot;
            },
            {
                &quot;time&quot;: &quot;2022-02-18T15:45:04.303Z&quot;,
                &quot;status&quot;: &quot;DELIVERED&quot;
            },
            {
                &quot;time&quot;: &quot;2022-02-18T15:45:26.812Z&quot;,
                &quot;status&quot;: &quot;PENDING&quot;
            },
            {
                &quot;time&quot;: &quot;2022-02-18T15:45:26.839Z&quot;,
                &quot;status&quot;: &quot;SEND&quot;
            },
            {
                &quot;time&quot;: &quot;2022-02-18T15:45:26.882Z&quot;,
                &quot;status&quot;: &quot;DELIVERED&quot;
            },
            {
                &quot;time&quot;: &quot;2022-02-18T15:48:05.017Z&quot;,
                &quot;status&quot;: &quot;PENDING&quot;
            },
            {
                &quot;time&quot;: &quot;2022-02-18T15:48:05.047Z&quot;,
                &quot;status&quot;: &quot;SEND&quot;
            }
        ],
        &quot;status&quot;: &quot;DELIVERED&quot;
    },
    &quot;creationTime&quot;: &quot;2022-02-18T15:10:35.358Z&quot;,
    &quot;deviceId&quot;: &quot;14382422&quot;,
    &quot;deviceName&quot;: &quot;mythic_beasts_pi_all_jobs_sag&quot;,
    &quot;self&quot;: &quot;https://t493319102.eu-latest.cumulocity.com/devicecontrol/operations/14382430&quot;,
    &quot;id&quot;: &quot;14382430&quot;,
    &quot;status&quot;: &quot;PENDING&quot;,
    &quot;c8y_LogfileRequest&quot;: {
        &quot;searchText&quot;: &quot;&quot;,
        &quot;logFile&quot;: &quot;software-management&quot;,
        &quot;dateTo&quot;: &quot;2021-11-21T18:55:49+0530&quot;,
        &quot;dateFrom&quot;: &quot;2021-11-15T18:55:49+0530&quot;,
        &quot;maximumLines&quot;: 300
    },
    &quot;description&quot;: &quot;Log file request&quot;
}
15:49:48 DEBUG Final URL of the request: https://thin-edge-io.eu-latest.cumulocity.com/devicecontrol/operations?deviceId=14382422&amp;pageSize=1&amp;revert=true&amp;dateFrom=1970-01-01T00%3A00%3A00.000Z
15:49:48 INFO  State of current operation: PENDING
15:49:48 DEBUG Final URL of the request: https://thin-edge-io.eu-latest.cumulocity.com/devicecontrol/operations?deviceId=14382422&amp;pageSize=1&amp;revert=true&amp;dateFrom=1970-01-01T00%3A00%3A00.000Z
15:49:48 DEBUG State of current operation: {
    &quot;delivery&quot;: {
        &quot;time&quot;: &quot;2022-02-18T15:48:05.094Z&quot;,
        &quot;log&quot;: [
            {
                &quot;time&quot;: &quot;2022-02-18T15:10:35.371Z&quot;,
                &quot;status&quot;: &quot;PENDING&quot;
            },
            {
                &quot;time&quot;: &quot;2022-02-18T15:10:35.380Z&quot;,
                &quot;status&quot;: &quot;SEND&quot;
            },
            {
                &quot;time&quot;: &quot;2022-02-18T15:10:35.414Z&quot;,
                &quot;status&quot;: &quot;DELIVERED&quot;
            },
            {
                &quot;time&quot;: &quot;2022-02-18T15:11:42.300Z&quot;,
                &quot;status&quot;: &quot;PENDING&quot;
            },
            {
                &quot;time&quot;: &quot;2022-02-18T15:11:42.322Z&quot;,
                &quot;status&quot;: &quot;SEND&quot;
            },
            {
                &quot;time&quot;: &quot;2022-02-18T15:11:42.359Z&quot;,
                &quot;status&quot;: &quot;DELIVERED&quot;
            },
            {
                &quot;time&quot;: &quot;2022-02-18T15:12:59.572Z&quot;,
                &quot;status&quot;: &quot;PENDING&quot;
            },
            {
                &quot;time&quot;: &quot;2022-02-18T15:12:59.593Z&quot;,
                &quot;status&quot;: &quot;SEND&quot;
            },
            {
                &quot;time&quot;: &quot;2022-02-18T15:12:59.628Z&quot;,
                &quot;status&quot;: &quot;DELIVERED&quot;
            },
            {
                &quot;time&quot;: &quot;2022-02-18T15:14:12.920Z&quot;,
                &quot;status&quot;: &quot;PENDING&quot;
            },
            {
                &quot;time&quot;: &quot;2022-02-18T15:14:12.944Z&quot;,
                &quot;status&quot;: &quot;SEND&quot;
            },
            {
                &quot;time&quot;: &quot;2022-02-18T15:14:12.981Z&quot;,
                &quot;status&quot;: &quot;DELIVERED&quot;
            },
            {
                &quot;time&quot;: &quot;2022-02-18T15:15:26.328Z&quot;,
                &quot;status&quot;: &quot;PENDING&quot;
            },
            {
                &quot;time&quot;: &quot;2022-02-18T15:15:26.352Z&quot;,
                &quot;status&quot;: &quot;SEND&quot;
            },
            {
                &quot;time&quot;: &quot;2022-02-18T15:15:26.390Z&quot;,
                &quot;status&quot;: &quot;DELIVERED&quot;
            },
            {
                &quot;time&quot;: &quot;2022-02-18T15:16:04.923Z&quot;,
                &quot;status&quot;: &quot;PENDING&quot;
            },
            {
                &quot;time&quot;: &quot;2022-02-18T15:16:04.942Z&quot;,
                &quot;status&quot;: &quot;SEND&quot;
            },
            {
                &quot;time&quot;: &quot;2022-02-18T15:16:04.979Z&quot;,
                &quot;status&quot;: &quot;DELIVERED&quot;
            },
            {
                &quot;time&quot;: &quot;2022-02-18T15:16:55.848Z&quot;,
                &quot;status&quot;: &quot;PENDING&quot;
            },
            {
                &quot;time&quot;: &quot;2022-02-18T15:16:55.868Z&quot;,
                &quot;status&quot;: &quot;SEND&quot;
            },
            {
                &quot;time&quot;: &quot;2022-02-18T15:16:55.905Z&quot;,
                &quot;status&quot;: &quot;DELIVERED&quot;
            },
            {
                &quot;time&quot;: &quot;2022-02-18T15:17:46.625Z&quot;,
                &quot;status&quot;: &quot;PENDING&quot;
            },
            {
                &quot;time&quot;: &quot;2022-02-18T15:17:46.652Z&quot;,
                &quot;status&quot;: &quot;SEND&quot;
            },
            {
                &quot;time&quot;: &quot;2022-02-18T15:17:46.687Z&quot;,
                &quot;status&quot;: &quot;DELIVERED&quot;
            },
            {
                &quot;time&quot;: &quot;2022-02-18T15:18:28.019Z&quot;,
                &quot;status&quot;: &quot;PENDING&quot;
            },
            {
                &quot;time&quot;: &quot;2022-02-18T15:18:28.043Z&quot;,
                &quot;status&quot;: &quot;SEND&quot;
            },
            {
                &quot;time&quot;: &quot;2022-02-18T15:18:28.079Z&quot;,
                &quot;status&quot;: &quot;DELIVERED&quot;
            },
            {
                &quot;time&quot;: &quot;2022-02-18T15:20:43.491Z&quot;,
                &quot;status&quot;: &quot;PENDING&quot;
            },
            {
                &quot;time&quot;: &quot;2022-02-18T15:20:43.514Z&quot;,
                &quot;status&quot;: &quot;SEND&quot;
            },
            {
                &quot;time&quot;: &quot;2022-02-18T15:20:43.550Z&quot;,
                &quot;status&quot;: &quot;DELIVERED&quot;
            },
            {
                &quot;time&quot;: &quot;2022-02-18T15:23:08.808Z&quot;,
                &quot;status&quot;: &quot;PENDING&quot;
            },
            {
                &quot;time&quot;: &quot;2022-02-18T15:23:08.831Z&quot;,
                &quot;status&quot;: &quot;SEND&quot;
            },
            {
                &quot;time&quot;: &quot;2022-02-18T15:23:08.869Z&quot;,
                &quot;status&quot;: &quot;DELIVERED&quot;
            },
            {
                &quot;time&quot;: &quot;2022-02-18T15:23:31.763Z&quot;,
                &quot;status&quot;: &quot;PENDING&quot;
            },
            {
                &quot;time&quot;: &quot;2022-02-18T15:23:31.789Z&quot;,
                &quot;status&quot;: &quot;SEND&quot;
            },
            {
                &quot;time&quot;: &quot;2022-02-18T15:23:31.829Z&quot;,
                &quot;status&quot;: &quot;DELIVERED&quot;
            },
            {
                &quot;time&quot;: &quot;2022-02-18T15:23:56.183Z&quot;,
                &quot;status&quot;: &quot;PENDING&quot;
            },
            {
                &quot;time&quot;: &quot;2022-02-18T15:23:56.205Z&quot;,
                &quot;status&quot;: &quot;SEND&quot;
            },
            {
                &quot;time&quot;: &quot;2022-02-18T15:23:56.240Z&quot;,
                &quot;status&quot;: &quot;DELIVERED&quot;
            },
            {
                &quot;time&quot;: &quot;2022-02-18T15:24:19.191Z&quot;,
                &quot;status&quot;: &quot;PENDING&quot;
            },
            {
                &quot;time&quot;: &quot;2022-02-18T15:24:19.214Z&quot;,
                &quot;status&quot;: &quot;SEND&quot;
            },
            {
                &quot;time&quot;: &quot;2022-02-18T15:24:19.249Z&quot;,
                &quot;status&quot;: &quot;DELIVERED&quot;
            },
            {
                &quot;time&quot;: &quot;2022-02-18T15:24:56.124Z&quot;,
                &quot;status&quot;: &quot;PENDING&quot;
            },
            {
                &quot;time&quot;: &quot;2022-02-18T15:24:56.152Z&quot;,
                &quot;status&quot;: &quot;SEND&quot;
            },
            {
                &quot;time&quot;: &quot;2022-02-18T15:24:56.186Z&quot;,
                &quot;status&quot;: &quot;DELIVERED&quot;
            },
            {
                &quot;time&quot;: &quot;2022-02-18T15:25:21.105Z&quot;,
                &quot;status&quot;: &quot;PENDING&quot;
            },
            {
                &quot;time&quot;: &quot;2022-02-18T15:25:21.127Z&quot;,
                &quot;status&quot;: &quot;SEND&quot;
            },
            {
                &quot;time&quot;: &quot;2022-02-18T15:25:21.164Z&quot;,
                &quot;status&quot;: &quot;DELIVERED&quot;
            },
            {
                &quot;time&quot;: &quot;2022-02-18T15:25:45.991Z&quot;,
                &quot;status&quot;: &quot;PENDING&quot;
            },
            {
                &quot;time&quot;: &quot;2022-02-18T15:25:46.015Z&quot;,
                &quot;status&quot;: &quot;SEND&quot;
            },
            {
                &quot;time&quot;: &quot;2022-02-18T15:25:46.050Z&quot;,
                &quot;status&quot;: &quot;DELIVERED&quot;
            },
            {
                &quot;time&quot;: &quot;2022-02-18T15:42:24.600Z&quot;,
                &quot;status&quot;: &quot;PENDING&quot;
            },
            {
                &quot;time&quot;: &quot;2022-02-18T15:42:24.628Z&quot;,
                &quot;status&quot;: &quot;SEND&quot;
            },
            {
                &quot;time&quot;: &quot;2022-02-18T15:42:24.664Z&quot;,
                &quot;status&quot;: &quot;DELIVERED&quot;
            },
            {
                &quot;time&quot;: &quot;2022-02-18T15:45:04.233Z&quot;,
                &quot;status&quot;: &quot;PENDING&quot;
            },
            {
                &quot;time&quot;: &quot;2022-02-18T15:45:04.267Z&quot;,
                &quot;status&quot;: &quot;SEND&quot;
            },
            {
                &quot;time&quot;: &quot;2022-02-18T15:45:04.303Z&quot;,
                &quot;status&quot;: &quot;DELIVERED&quot;
            },
            {
                &quot;time&quot;: &quot;2022-02-18T15:45:26.812Z&quot;,
                &quot;status&quot;: &quot;PENDING&quot;
            },
            {
                &quot;time&quot;: &quot;2022-02-18T15:45:26.839Z&quot;,
                &quot;status&quot;: &quot;SEND&quot;
            },
            {
                &quot;time&quot;: &quot;2022-02-18T15:45:26.882Z&quot;,
                &quot;status&quot;: &quot;DELIVERED&quot;
            },
            {
                &quot;time&quot;: &quot;2022-02-18T15:48:05.017Z&quot;,
                &quot;status&quot;: &quot;PENDING&quot;
            },
            {
                &quot;time&quot;: &quot;2022-02-18T15:48:05.047Z&quot;,
                &quot;status&quot;: &quot;SEND&quot;
            }
        ],
        &quot;status&quot;: &quot;DELIVERED&quot;
    },
    &quot;creationTime&quot;: &quot;2022-02-18T15:10:35.358Z&quot;,
    &quot;deviceId&quot;: &quot;14382422&quot;,
    &quot;deviceName&quot;: &quot;mythic_beasts_pi_all_jobs_sag&quot;,
    &quot;self&quot;: &quot;https://t493319102.eu-latest.cumulocity.com/devicecontrol/operations/14382430&quot;,
    &quot;id&quot;: &quot;14382430&quot;,
    &quot;status&quot;: &quot;PENDING&quot;,
    &quot;c8y_LogfileRequest&quot;: {
        &quot;searchText&quot;: &quot;&quot;,
        &quot;logFile&quot;: &quot;software-management&quot;,
        &quot;dateTo&quot;: &quot;2021-11-21T18:55:49+0530&quot;,
        &quot;dateFrom&quot;: &quot;2021-11-15T18:55:49+0530&quot;,
        &quot;maximumLines&quot;: 300
    },
    &quot;description&quot;: &quot;Log file request&quot;
}
15:49:50 DEBUG Final URL of the request: https://thin-edge-io.eu-latest.cumulocity.com/devicecontrol/operations?deviceId=14382422&amp;pageSize=1&amp;revert=true&amp;dateFrom=1970-01-01T00%3A00%3A00.000Z
15:49:50 INFO  State of current operation: PENDING
15:49:50 DEBUG Final URL of the request: https://thin-edge-io.eu-latest.cumulocity.com/devicecontrol/operations?deviceId=14382422&amp;pageSize=1&amp;revert=true&amp;dateFrom=1970-01-01T00%3A00%3A00.000Z
15:49:50 DEBUG State of current operation: {
    &quot;delivery&quot;: {
        &quot;time&quot;: &quot;2022-02-18T15:48:05.094Z&quot;,
        &quot;log&quot;: [
            {
                &quot;time&quot;: &quot;2022-02-18T15:10:35.371Z&quot;,
                &quot;status&quot;: &quot;PENDING&quot;
            },
            {
                &quot;time&quot;: &quot;2022-02-18T15:10:35.380Z&quot;,
                &quot;status&quot;: &quot;SEND&quot;
            },
            {
                &quot;time&quot;: &quot;2022-02-18T15:10:35.414Z&quot;,
                &quot;status&quot;: &quot;DELIVERED&quot;
            },
            {
                &quot;time&quot;: &quot;2022-02-18T15:11:42.300Z&quot;,
                &quot;status&quot;: &quot;PENDING&quot;
            },
            {
                &quot;time&quot;: &quot;2022-02-18T15:11:42.322Z&quot;,
                &quot;status&quot;: &quot;SEND&quot;
            },
            {
                &quot;time&quot;: &quot;2022-02-18T15:11:42.359Z&quot;,
                &quot;status&quot;: &quot;DELIVERED&quot;
            },
            {
                &quot;time&quot;: &quot;2022-02-18T15:12:59.572Z&quot;,
                &quot;status&quot;: &quot;PENDING&quot;
            },
            {
                &quot;time&quot;: &quot;2022-02-18T15:12:59.593Z&quot;,
                &quot;status&quot;: &quot;SEND&quot;
            },
            {
                &quot;time&quot;: &quot;2022-02-18T15:12:59.628Z&quot;,
                &quot;status&quot;: &quot;DELIVERED&quot;
            },
            {
                &quot;time&quot;: &quot;2022-02-18T15:14:12.920Z&quot;,
                &quot;status&quot;: &quot;PENDING&quot;
            },
            {
                &quot;time&quot;: &quot;2022-02-18T15:14:12.944Z&quot;,
                &quot;status&quot;: &quot;SEND&quot;
            },
            {
                &quot;time&quot;: &quot;2022-02-18T15:14:12.981Z&quot;,
                &quot;status&quot;: &quot;DELIVERED&quot;
            },
            {
                &quot;time&quot;: &quot;2022-02-18T15:15:26.328Z&quot;,
                &quot;status&quot;: &quot;PENDING&quot;
            },
            {
                &quot;time&quot;: &quot;2022-02-18T15:15:26.352Z&quot;,
                &quot;status&quot;: &quot;SEND&quot;
            },
            {
                &quot;time&quot;: &quot;2022-02-18T15:15:26.390Z&quot;,
                &quot;status&quot;: &quot;DELIVERED&quot;
            },
            {
                &quot;time&quot;: &quot;2022-02-18T15:16:04.923Z&quot;,
                &quot;status&quot;: &quot;PENDING&quot;
            },
            {
                &quot;time&quot;: &quot;2022-02-18T15:16:04.942Z&quot;,
                &quot;status&quot;: &quot;SEND&quot;
            },
            {
                &quot;time&quot;: &quot;2022-02-18T15:16:04.979Z&quot;,
                &quot;status&quot;: &quot;DELIVERED&quot;
            },
            {
                &quot;time&quot;: &quot;2022-02-18T15:16:55.848Z&quot;,
                &quot;status&quot;: &quot;PENDING&quot;
            },
            {
                &quot;time&quot;: &quot;2022-02-18T15:16:55.868Z&quot;,
                &quot;status&quot;: &quot;SEND&quot;
            },
            {
                &quot;time&quot;: &quot;2022-02-18T15:16:55.905Z&quot;,
                &quot;status&quot;: &quot;DELIVERED&quot;
            },
            {
                &quot;time&quot;: &quot;2022-02-18T15:17:46.625Z&quot;,
                &quot;status&quot;: &quot;PENDING&quot;
            },
            {
                &quot;time&quot;: &quot;2022-02-18T15:17:46.652Z&quot;,
                &quot;status&quot;: &quot;SEND&quot;
            },
            {
                &quot;time&quot;: &quot;2022-02-18T15:17:46.687Z&quot;,
                &quot;status&quot;: &quot;DELIVERED&quot;
            },
            {
                &quot;time&quot;: &quot;2022-02-18T15:18:28.019Z&quot;,
                &quot;status&quot;: &quot;PENDING&quot;
            },
            {
                &quot;time&quot;: &quot;2022-02-18T15:18:28.043Z&quot;,
                &quot;status&quot;: &quot;SEND&quot;
            },
            {
                &quot;time&quot;: &quot;2022-02-18T15:18:28.079Z&quot;,
                &quot;status&quot;: &quot;DELIVERED&quot;
            },
            {
                &quot;time&quot;: &quot;2022-02-18T15:20:43.491Z&quot;,
                &quot;status&quot;: &quot;PENDING&quot;
            },
            {
                &quot;time&quot;: &quot;2022-02-18T15:20:43.514Z&quot;,
                &quot;status&quot;: &quot;SEND&quot;
            },
            {
                &quot;time&quot;: &quot;2022-02-18T15:20:43.550Z&quot;,
                &quot;status&quot;: &quot;DELIVERED&quot;
            },
            {
                &quot;time&quot;: &quot;2022-02-18T15:23:08.808Z&quot;,
                &quot;status&quot;: &quot;PENDING&quot;
            },
            {
                &quot;time&quot;: &quot;2022-02-18T15:23:08.831Z&quot;,
                &quot;status&quot;: &quot;SEND&quot;
            },
            {
                &quot;time&quot;: &quot;2022-02-18T15:23:08.869Z&quot;,
                &quot;status&quot;: &quot;DELIVERED&quot;
            },
            {
                &quot;time&quot;: &quot;2022-02-18T15:23:31.763Z&quot;,
                &quot;status&quot;: &quot;PENDING&quot;
            },
            {
                &quot;time&quot;: &quot;2022-02-18T15:23:31.789Z&quot;,
                &quot;status&quot;: &quot;SEND&quot;
            },
            {
                &quot;time&quot;: &quot;2022-02-18T15:23:31.829Z&quot;,
                &quot;status&quot;: &quot;DELIVERED&quot;
            },
            {
                &quot;time&quot;: &quot;2022-02-18T15:23:56.183Z&quot;,
                &quot;status&quot;: &quot;PENDING&quot;
            },
            {
                &quot;time&quot;: &quot;2022-02-18T15:23:56.205Z&quot;,
                &quot;status&quot;: &quot;SEND&quot;
            },
            {
                &quot;time&quot;: &quot;2022-02-18T15:23:56.240Z&quot;,
                &quot;status&quot;: &quot;DELIVERED&quot;
            },
            {
                &quot;time&quot;: &quot;2022-02-18T15:24:19.191Z&quot;,
                &quot;status&quot;: &quot;PENDING&quot;
            },
            {
                &quot;time&quot;: &quot;2022-02-18T15:24:19.214Z&quot;,
                &quot;status&quot;: &quot;SEND&quot;
            },
            {
                &quot;time&quot;: &quot;2022-02-18T15:24:19.249Z&quot;,
                &quot;status&quot;: &quot;DELIVERED&quot;
            },
            {
                &quot;time&quot;: &quot;2022-02-18T15:24:56.124Z&quot;,
                &quot;status&quot;: &quot;PENDING&quot;
            },
            {
                &quot;time&quot;: &quot;2022-02-18T15:24:56.152Z&quot;,
                &quot;status&quot;: &quot;SEND&quot;
            },
            {
                &quot;time&quot;: &quot;2022-02-18T15:24:56.186Z&quot;,
                &quot;status&quot;: &quot;DELIVERED&quot;
            },
            {
                &quot;time&quot;: &quot;2022-02-18T15:25:21.105Z&quot;,
                &quot;status&quot;: &quot;PENDING&quot;
            },
            {
                &quot;time&quot;: &quot;2022-02-18T15:25:21.127Z&quot;,
                &quot;status&quot;: &quot;SEND&quot;
            },
            {
                &quot;time&quot;: &quot;2022-02-18T15:25:21.164Z&quot;,
                &quot;status&quot;: &quot;DELIVERED&quot;
            },
            {
                &quot;time&quot;: &quot;2022-02-18T15:25:45.991Z&quot;,
                &quot;status&quot;: &quot;PENDING&quot;
            },
            {
                &quot;time&quot;: &quot;2022-02-18T15:25:46.015Z&quot;,
                &quot;status&quot;: &quot;SEND&quot;
            },
            {
                &quot;time&quot;: &quot;2022-02-18T15:25:46.050Z&quot;,
                &quot;status&quot;: &quot;DELIVERED&quot;
            },
            {
                &quot;time&quot;: &quot;2022-02-18T15:42:24.600Z&quot;,
                &quot;status&quot;: &quot;PENDING&quot;
            },
            {
                &quot;time&quot;: &quot;2022-02-18T15:42:24.628Z&quot;,
                &quot;status&quot;: &quot;SEND&quot;
            },
            {
                &quot;time&quot;: &quot;2022-02-18T15:42:24.664Z&quot;,
                &quot;status&quot;: &quot;DELIVERED&quot;
            },
            {
                &quot;time&quot;: &quot;2022-02-18T15:45:04.233Z&quot;,
                &quot;status&quot;: &quot;PENDING&quot;
            },
            {
                &quot;time&quot;: &quot;2022-02-18T15:45:04.267Z&quot;,
                &quot;status&quot;: &quot;SEND&quot;
            },
            {
                &quot;time&quot;: &quot;2022-02-18T15:45:04.303Z&quot;,
                &quot;status&quot;: &quot;DELIVERED&quot;
            },
            {
                &quot;time&quot;: &quot;2022-02-18T15:45:26.812Z&quot;,
                &quot;status&quot;: &quot;PENDING&quot;
            },
            {
                &quot;time&quot;: &quot;2022-02-18T15:45:26.839Z&quot;,
                &quot;status&quot;: &quot;SEND&quot;
            },
            {
                &quot;time&quot;: &quot;2022-02-18T15:45:26.882Z&quot;,
                &quot;status&quot;: &quot;DELIVERED&quot;
            },
            {
                &quot;time&quot;: &quot;2022-02-18T15:48:05.017Z&quot;,
                &quot;status&quot;: &quot;PENDING&quot;
            },
            {
                &quot;time&quot;: &quot;2022-02-18T15:48:05.047Z&quot;,
                &quot;status&quot;: &quot;SEND&quot;
            }
        ],
        &quot;status&quot;: &quot;DELIVERED&quot;
    },
    &quot;creationTime&quot;: &quot;2022-02-18T15:10:35.358Z&quot;,
    &quot;deviceId&quot;: &quot;14382422&quot;,
    &quot;deviceName&quot;: &quot;mythic_beasts_pi_all_jobs_sag&quot;,
    &quot;self&quot;: &quot;https://t493319102.eu-latest.cumulocity.com/devicecontrol/operations/14382430&quot;,
    &quot;id&quot;: &quot;14382430&quot;,
    &quot;status&quot;: &quot;PENDING&quot;,
    &quot;c8y_LogfileRequest&quot;: {
        &quot;searchText&quot;: &quot;&quot;,
        &quot;logFile&quot;: &quot;software-management&quot;,
        &quot;dateTo&quot;: &quot;2021-11-21T18:55:49+0530&quot;,
        &quot;dateFrom&quot;: &quot;2021-11-15T18:55:49+0530&quot;,
        &quot;maximumLines&quot;: 300
    },
    &quot;description&quot;: &quot;Log file request&quot;
}
15:49:52 DEBUG Final URL of the request: https://thin-edge-io.eu-latest.cumulocity.com/devicecontrol/operations?deviceId=14382422&amp;pageSize=1&amp;revert=true&amp;dateFrom=1970-01-01T00%3A00%3A00.000Z
15:49:52 INFO  State of current operation: PENDING
15:49:52 DEBUG Final URL of the request: https://thin-edge-io.eu-latest.cumulocity.com/devicecontrol/operations?deviceId=14382422&amp;pageSize=1&amp;revert=true&amp;dateFrom=1970-01-01T00%3A00%3A00.000Z
15:49:52 DEBUG State of current operation: {
    &quot;delivery&quot;: {
        &quot;time&quot;: &quot;2022-02-18T15:48:05.094Z&quot;,
        &quot;log&quot;: [
            {
                &quot;time&quot;: &quot;2022-02-18T15:10:35.371Z&quot;,
                &quot;status&quot;: &quot;PENDING&quot;
            },
            {
                &quot;time&quot;: &quot;2022-02-18T15:10:35.380Z&quot;,
                &quot;status&quot;: &quot;SEND&quot;
            },
            {
                &quot;time&quot;: &quot;2022-02-18T15:10:35.414Z&quot;,
                &quot;status&quot;: &quot;DELIVERED&quot;
            },
            {
                &quot;time&quot;: &quot;2022-02-18T15:11:42.300Z&quot;,
                &quot;status&quot;: &quot;PENDING&quot;
            },
            {
                &quot;time&quot;: &quot;2022-02-18T15:11:42.322Z&quot;,
                &quot;status&quot;: &quot;SEND&quot;
            },
            {
                &quot;time&quot;: &quot;2022-02-18T15:11:42.359Z&quot;,
                &quot;status&quot;: &quot;DELIVERED&quot;
            },
            {
                &quot;time&quot;: &quot;2022-02-18T15:12:59.572Z&quot;,
                &quot;status&quot;: &quot;PENDING&quot;
            },
            {
                &quot;time&quot;: &quot;2022-02-18T15:12:59.593Z&quot;,
                &quot;status&quot;: &quot;SEND&quot;
            },
            {
                &quot;time&quot;: &quot;2022-02-18T15:12:59.628Z&quot;,
                &quot;status&quot;: &quot;DELIVERED&quot;
            },
            {
                &quot;time&quot;: &quot;2022-02-18T15:14:12.920Z&quot;,
                &quot;status&quot;: &quot;PENDING&quot;
            },
            {
                &quot;time&quot;: &quot;2022-02-18T15:14:12.944Z&quot;,
                &quot;status&quot;: &quot;SEND&quot;
            },
            {
                &quot;time&quot;: &quot;2022-02-18T15:14:12.981Z&quot;,
                &quot;status&quot;: &quot;DELIVERED&quot;
            },
            {
                &quot;time&quot;: &quot;2022-02-18T15:15:26.328Z&quot;,
                &quot;status&quot;: &quot;PENDING&quot;
            },
            {
                &quot;time&quot;: &quot;2022-02-18T15:15:26.352Z&quot;,
                &quot;status&quot;: &quot;SEND&quot;
            },
            {
                &quot;time&quot;: &quot;2022-02-18T15:15:26.390Z&quot;,
                &quot;status&quot;: &quot;DELIVERED&quot;
            },
            {
                &quot;time&quot;: &quot;2022-02-18T15:16:04.923Z&quot;,
                &quot;status&quot;: &quot;PENDING&quot;
            },
            {
                &quot;time&quot;: &quot;2022-02-18T15:16:04.942Z&quot;,
                &quot;status&quot;: &quot;SEND&quot;
            },
            {
                &quot;time&quot;: &quot;2022-02-18T15:16:04.979Z&quot;,
                &quot;status&quot;: &quot;DELIVERED&quot;
            },
            {
                &quot;time&quot;: &quot;2022-02-18T15:16:55.848Z&quot;,
                &quot;status&quot;: &quot;PENDING&quot;
            },
            {
                &quot;time&quot;: &quot;2022-02-18T15:16:55.868Z&quot;,
                &quot;status&quot;: &quot;SEND&quot;
            },
            {
                &quot;time&quot;: &quot;2022-02-18T15:16:55.905Z&quot;,
                &quot;status&quot;: &quot;DELIVERED&quot;
            },
            {
                &quot;time&quot;: &quot;2022-02-18T15:17:46.625Z&quot;,
                &quot;status&quot;: &quot;PENDING&quot;
            },
            {
                &quot;time&quot;: &quot;2022-02-18T15:17:46.652Z&quot;,
                &quot;status&quot;: &quot;SEND&quot;
            },
            {
                &quot;time&quot;: &quot;2022-02-18T15:17:46.687Z&quot;,
                &quot;status&quot;: &quot;DELIVERED&quot;
            },
            {
                &quot;time&quot;: &quot;2022-02-18T15:18:28.019Z&quot;,
                &quot;status&quot;: &quot;PENDING&quot;
            },
            {
                &quot;time&quot;: &quot;2022-02-18T15:18:28.043Z&quot;,
                &quot;status&quot;: &quot;SEND&quot;
            },
            {
                &quot;time&quot;: &quot;2022-02-18T15:18:28.079Z&quot;,
                &quot;status&quot;: &quot;DELIVERED&quot;
            },
            {
                &quot;time&quot;: &quot;2022-02-18T15:20:43.491Z&quot;,
                &quot;status&quot;: &quot;PENDING&quot;
            },
            {
                &quot;time&quot;: &quot;2022-02-18T15:20:43.514Z&quot;,
                &quot;status&quot;: &quot;SEND&quot;
            },
            {
                &quot;time&quot;: &quot;2022-02-18T15:20:43.550Z&quot;,
                &quot;status&quot;: &quot;DELIVERED&quot;
            },
            {
                &quot;time&quot;: &quot;2022-02-18T15:23:08.808Z&quot;,
                &quot;status&quot;: &quot;PENDING&quot;
            },
            {
                &quot;time&quot;: &quot;2022-02-18T15:23:08.831Z&quot;,
                &quot;status&quot;: &quot;SEND&quot;
            },
            {
                &quot;time&quot;: &quot;2022-02-18T15:23:08.869Z&quot;,
                &quot;status&quot;: &quot;DELIVERED&quot;
            },
            {
                &quot;time&quot;: &quot;2022-02-18T15:23:31.763Z&quot;,
                &quot;status&quot;: &quot;PENDING&quot;
            },
            {
                &quot;time&quot;: &quot;2022-02-18T15:23:31.789Z&quot;,
                &quot;status&quot;: &quot;SEND&quot;
            },
            {
                &quot;time&quot;: &quot;2022-02-18T15:23:31.829Z&quot;,
                &quot;status&quot;: &quot;DELIVERED&quot;
            },
            {
                &quot;time&quot;: &quot;2022-02-18T15:23:56.183Z&quot;,
                &quot;status&quot;: &quot;PENDING&quot;
            },
            {
                &quot;time&quot;: &quot;2022-02-18T15:23:56.205Z&quot;,
                &quot;status&quot;: &quot;SEND&quot;
            },
            {
                &quot;time&quot;: &quot;2022-02-18T15:23:56.240Z&quot;,
                &quot;status&quot;: &quot;DELIVERED&quot;
            },
            {
                &quot;time&quot;: &quot;2022-02-18T15:24:19.191Z&quot;,
                &quot;status&quot;: &quot;PENDING&quot;
            },
            {
                &quot;time&quot;: &quot;2022-02-18T15:24:19.214Z&quot;,
                &quot;status&quot;: &quot;SEND&quot;
            },
            {
                &quot;time&quot;: &quot;2022-02-18T15:24:19.249Z&quot;,
                &quot;status&quot;: &quot;DELIVERED&quot;
            },
            {
                &quot;time&quot;: &quot;2022-02-18T15:24:56.124Z&quot;,
                &quot;status&quot;: &quot;PENDING&quot;
            },
            {
                &quot;time&quot;: &quot;2022-02-18T15:24:56.152Z&quot;,
                &quot;status&quot;: &quot;SEND&quot;
            },
            {
                &quot;time&quot;: &quot;2022-02-18T15:24:56.186Z&quot;,
                &quot;status&quot;: &quot;DELIVERED&quot;
            },
            {
                &quot;time&quot;: &quot;2022-02-18T15:25:21.105Z&quot;,
                &quot;status&quot;: &quot;PENDING&quot;
            },
            {
                &quot;time&quot;: &quot;2022-02-18T15:25:21.127Z&quot;,
                &quot;status&quot;: &quot;SEND&quot;
            },
            {
                &quot;time&quot;: &quot;2022-02-18T15:25:21.164Z&quot;,
                &quot;status&quot;: &quot;DELIVERED&quot;
            },
            {
                &quot;time&quot;: &quot;2022-02-18T15:25:45.991Z&quot;,
                &quot;status&quot;: &quot;PENDING&quot;
            },
            {
                &quot;time&quot;: &quot;2022-02-18T15:25:46.015Z&quot;,
                &quot;status&quot;: &quot;SEND&quot;
            },
            {
                &quot;time&quot;: &quot;2022-02-18T15:25:46.050Z&quot;,
                &quot;status&quot;: &quot;DELIVERED&quot;
            },
            {
                &quot;time&quot;: &quot;2022-02-18T15:42:24.600Z&quot;,
                &quot;status&quot;: &quot;PENDING&quot;
            },
            {
                &quot;time&quot;: &quot;2022-02-18T15:42:24.628Z&quot;,
                &quot;status&quot;: &quot;SEND&quot;
            },
            {
                &quot;time&quot;: &quot;2022-02-18T15:42:24.664Z&quot;,
                &quot;status&quot;: &quot;DELIVERED&quot;
            },
            {
                &quot;time&quot;: &quot;2022-02-18T15:45:04.233Z&quot;,
                &quot;status&quot;: &quot;PENDING&quot;
            },
            {
                &quot;time&quot;: &quot;2022-02-18T15:45:04.267Z&quot;,
                &quot;status&quot;: &quot;SEND&quot;
            },
            {
                &quot;time&quot;: &quot;2022-02-18T15:45:04.303Z&quot;,
                &quot;status&quot;: &quot;DELIVERED&quot;
            },
            {
                &quot;time&quot;: &quot;2022-02-18T15:45:26.812Z&quot;,
                &quot;status&quot;: &quot;PENDING&quot;
            },
            {
                &quot;time&quot;: &quot;2022-02-18T15:45:26.839Z&quot;,
                &quot;status&quot;: &quot;SEND&quot;
            },
            {
                &quot;time&quot;: &quot;2022-02-18T15:45:26.882Z&quot;,
                &quot;status&quot;: &quot;DELIVERED&quot;
            },
            {
                &quot;time&quot;: &quot;2022-02-18T15:48:05.017Z&quot;,
                &quot;status&quot;: &quot;PENDING&quot;
            },
            {
                &quot;time&quot;: &quot;2022-02-18T15:48:05.047Z&quot;,
                &quot;status&quot;: &quot;SEND&quot;
            }
        ],
        &quot;status&quot;: &quot;DELIVERED&quot;
    },
    &quot;creationTime&quot;: &quot;2022-02-18T15:10:35.358Z&quot;,
    &quot;deviceId&quot;: &quot;14382422&quot;,
    &quot;deviceName&quot;: &quot;mythic_beasts_pi_all_jobs_sag&quot;,
    &quot;self&quot;: &quot;https://t493319102.eu-latest.cumulocity.com/devicecontrol/operations/14382430&quot;,
    &quot;id&quot;: &quot;14382430&quot;,
    &quot;status&quot;: &quot;PENDING&quot;,
    &quot;c8y_LogfileRequest&quot;: {
        &quot;searchText&quot;: &quot;&quot;,
        &quot;logFile&quot;: &quot;software-management&quot;,
        &quot;dateTo&quot;: &quot;2021-11-21T18:55:49+0530&quot;,
        &quot;dateFrom&quot;: &quot;2021-11-15T18:55:49+0530&quot;,
        &quot;maximumLines&quot;: 300
    },
    &quot;description&quot;: &quot;Log file request&quot;
}
15:49:54 DEBUG Final URL of the request: https://thin-edge-io.eu-latest.cumulocity.com/devicecontrol/operations?deviceId=14382422&amp;pageSize=1&amp;revert=true&amp;dateFrom=1970-01-01T00%3A00%3A00.000Z
15:49:54 INFO  State of current operation: PENDING
15:49:54 DEBUG Final URL of the request: https://thin-edge-io.eu-latest.cumulocity.com/devicecontrol/operations?deviceId=14382422&amp;pageSize=1&amp;revert=true&amp;dateFrom=1970-01-01T00%3A00%3A00.000Z
15:49:54 DEBUG State of current operation: {
    &quot;delivery&quot;: {
        &quot;time&quot;: &quot;2022-02-18T15:48:05.094Z&quot;,
        &quot;log&quot;: [
            {
                &quot;time&quot;: &quot;2022-02-18T15:10:35.371Z&quot;,
                &quot;status&quot;: &quot;PENDING&quot;
            },
            {
                &quot;time&quot;: &quot;2022-02-18T15:10:35.380Z&quot;,
                &quot;status&quot;: &quot;SEND&quot;
            },
            {
                &quot;time&quot;: &quot;2022-02-18T15:10:35.414Z&quot;,
                &quot;status&quot;: &quot;DELIVERED&quot;
            },
            {
                &quot;time&quot;: &quot;2022-02-18T15:11:42.300Z&quot;,
                &quot;status&quot;: &quot;PENDING&quot;
            },
            {
                &quot;time&quot;: &quot;2022-02-18T15:11:42.322Z&quot;,
                &quot;status&quot;: &quot;SEND&quot;
            },
            {
                &quot;time&quot;: &quot;2022-02-18T15:11:42.359Z&quot;,
                &quot;status&quot;: &quot;DELIVERED&quot;
            },
            {
                &quot;time&quot;: &quot;2022-02-18T15:12:59.572Z&quot;,
                &quot;status&quot;: &quot;PENDING&quot;
            },
            {
                &quot;time&quot;: &quot;2022-02-18T15:12:59.593Z&quot;,
                &quot;status&quot;: &quot;SEND&quot;
            },
            {
                &quot;time&quot;: &quot;2022-02-18T15:12:59.628Z&quot;,
                &quot;status&quot;: &quot;DELIVERED&quot;
            },
            {
                &quot;time&quot;: &quot;2022-02-18T15:14:12.920Z&quot;,
                &quot;status&quot;: &quot;PENDING&quot;
            },
            {
                &quot;time&quot;: &quot;2022-02-18T15:14:12.944Z&quot;,
                &quot;status&quot;: &quot;SEND&quot;
            },
            {
                &quot;time&quot;: &quot;2022-02-18T15:14:12.981Z&quot;,
                &quot;status&quot;: &quot;DELIVERED&quot;
            },
            {
                &quot;time&quot;: &quot;2022-02-18T15:15:26.328Z&quot;,
                &quot;status&quot;: &quot;PENDING&quot;
            },
            {
                &quot;time&quot;: &quot;2022-02-18T15:15:26.352Z&quot;,
                &quot;status&quot;: &quot;SEND&quot;
            },
            {
                &quot;time&quot;: &quot;2022-02-18T15:15:26.390Z&quot;,
                &quot;status&quot;: &quot;DELIVERED&quot;
            },
            {
                &quot;time&quot;: &quot;2022-02-18T15:16:04.923Z&quot;,
                &quot;status&quot;: &quot;PENDING&quot;
            },
            {
                &quot;time&quot;: &quot;2022-02-18T15:16:04.942Z&quot;,
                &quot;status&quot;: &quot;SEND&quot;
            },
            {
                &quot;time&quot;: &quot;2022-02-18T15:16:04.979Z&quot;,
                &quot;status&quot;: &quot;DELIVERED&quot;
            },
            {
                &quot;time&quot;: &quot;2022-02-18T15:16:55.848Z&quot;,
                &quot;status&quot;: &quot;PENDING&quot;
            },
            {
                &quot;time&quot;: &quot;2022-02-18T15:16:55.868Z&quot;,
                &quot;status&quot;: &quot;SEND&quot;
            },
            {
                &quot;time&quot;: &quot;2022-02-18T15:16:55.905Z&quot;,
                &quot;status&quot;: &quot;DELIVERED&quot;
            },
            {
                &quot;time&quot;: &quot;2022-02-18T15:17:46.625Z&quot;,
                &quot;status&quot;: &quot;PENDING&quot;
            },
            {
                &quot;time&quot;: &quot;2022-02-18T15:17:46.652Z&quot;,
                &quot;status&quot;: &quot;SEND&quot;
            },
            {
                &quot;time&quot;: &quot;2022-02-18T15:17:46.687Z&quot;,
                &quot;status&quot;: &quot;DELIVERED&quot;
            },
            {
                &quot;time&quot;: &quot;2022-02-18T15:18:28.019Z&quot;,
                &quot;status&quot;: &quot;PENDING&quot;
            },
            {
                &quot;time&quot;: &quot;2022-02-18T15:18:28.043Z&quot;,
                &quot;status&quot;: &quot;SEND&quot;
            },
            {
                &quot;time&quot;: &quot;2022-02-18T15:18:28.079Z&quot;,
                &quot;status&quot;: &quot;DELIVERED&quot;
            },
            {
                &quot;time&quot;: &quot;2022-02-18T15:20:43.491Z&quot;,
                &quot;status&quot;: &quot;PENDING&quot;
            },
            {
                &quot;time&quot;: &quot;2022-02-18T15:20:43.514Z&quot;,
                &quot;status&quot;: &quot;SEND&quot;
            },
            {
                &quot;time&quot;: &quot;2022-02-18T15:20:43.550Z&quot;,
                &quot;status&quot;: &quot;DELIVERED&quot;
            },
            {
                &quot;time&quot;: &quot;2022-02-18T15:23:08.808Z&quot;,
                &quot;status&quot;: &quot;PENDING&quot;
            },
            {
                &quot;time&quot;: &quot;2022-02-18T15:23:08.831Z&quot;,
                &quot;status&quot;: &quot;SEND&quot;
            },
            {
                &quot;time&quot;: &quot;2022-02-18T15:23:08.869Z&quot;,
                &quot;status&quot;: &quot;DELIVERED&quot;
            },
            {
                &quot;time&quot;: &quot;2022-02-18T15:23:31.763Z&quot;,
                &quot;status&quot;: &quot;PENDING&quot;
            },
            {
                &quot;time&quot;: &quot;2022-02-18T15:23:31.789Z&quot;,
                &quot;status&quot;: &quot;SEND&quot;
            },
            {
                &quot;time&quot;: &quot;2022-02-18T15:23:31.829Z&quot;,
                &quot;status&quot;: &quot;DELIVERED&quot;
            },
            {
                &quot;time&quot;: &quot;2022-02-18T15:23:56.183Z&quot;,
                &quot;status&quot;: &quot;PENDING&quot;
            },
            {
                &quot;time&quot;: &quot;2022-02-18T15:23:56.205Z&quot;,
                &quot;status&quot;: &quot;SEND&quot;
            },
            {
                &quot;time&quot;: &quot;2022-02-18T15:23:56.240Z&quot;,
                &quot;status&quot;: &quot;DELIVERED&quot;
            },
            {
                &quot;time&quot;: &quot;2022-02-18T15:24:19.191Z&quot;,
                &quot;status&quot;: &quot;PENDING&quot;
            },
            {
                &quot;time&quot;: &quot;2022-02-18T15:24:19.214Z&quot;,
                &quot;status&quot;: &quot;SEND&quot;
            },
            {
                &quot;time&quot;: &quot;2022-02-18T15:24:19.249Z&quot;,
                &quot;status&quot;: &quot;DELIVERED&quot;
            },
            {
                &quot;time&quot;: &quot;2022-02-18T15:24:56.124Z&quot;,
                &quot;status&quot;: &quot;PENDING&quot;
            },
            {
                &quot;time&quot;: &quot;2022-02-18T15:24:56.152Z&quot;,
                &quot;status&quot;: &quot;SEND&quot;
            },
            {
                &quot;time&quot;: &quot;2022-02-18T15:24:56.186Z&quot;,
                &quot;status&quot;: &quot;DELIVERED&quot;
            },
            {
                &quot;time&quot;: &quot;2022-02-18T15:25:21.105Z&quot;,
                &quot;status&quot;: &quot;PENDING&quot;
            },
            {
                &quot;time&quot;: &quot;2022-02-18T15:25:21.127Z&quot;,
                &quot;status&quot;: &quot;SEND&quot;
            },
            {
                &quot;time&quot;: &quot;2022-02-18T15:25:21.164Z&quot;,
                &quot;status&quot;: &quot;DELIVERED&quot;
            },
            {
                &quot;time&quot;: &quot;2022-02-18T15:25:45.991Z&quot;,
                &quot;status&quot;: &quot;PENDING&quot;
            },
            {
                &quot;time&quot;: &quot;2022-02-18T15:25:46.015Z&quot;,
                &quot;status&quot;: &quot;SEND&quot;
            },
            {
                &quot;time&quot;: &quot;2022-02-18T15:25:46.050Z&quot;,
                &quot;status&quot;: &quot;DELIVERED&quot;
            },
            {
                &quot;time&quot;: &quot;2022-02-18T15:42:24.600Z&quot;,
                &quot;status&quot;: &quot;PENDING&quot;
            },
            {
                &quot;time&quot;: &quot;2022-02-18T15:42:24.628Z&quot;,
                &quot;status&quot;: &quot;SEND&quot;
            },
            {
                &quot;time&quot;: &quot;2022-02-18T15:42:24.664Z&quot;,
                &quot;status&quot;: &quot;DELIVERED&quot;
            },
            {
                &quot;time&quot;: &quot;2022-02-18T15:45:04.233Z&quot;,
                &quot;status&quot;: &quot;PENDING&quot;
            },
            {
                &quot;time&quot;: &quot;2022-02-18T15:45:04.267Z&quot;,
                &quot;status&quot;: &quot;SEND&quot;
            },
            {
                &quot;time&quot;: &quot;2022-02-18T15:45:04.303Z&quot;,
                &quot;status&quot;: &quot;DELIVERED&quot;
            },
            {
                &quot;time&quot;: &quot;2022-02-18T15:45:26.812Z&quot;,
                &quot;status&quot;: &quot;PENDING&quot;
            },
            {
                &quot;time&quot;: &quot;2022-02-18T15:45:26.839Z&quot;,
                &quot;status&quot;: &quot;SEND&quot;
            },
            {
                &quot;time&quot;: &quot;2022-02-18T15:45:26.882Z&quot;,
                &quot;status&quot;: &quot;DELIVERED&quot;
            },
            {
                &quot;time&quot;: &quot;2022-02-18T15:48:05.017Z&quot;,
                &quot;status&quot;: &quot;PENDING&quot;
            },
            {
                &quot;time&quot;: &quot;2022-02-18T15:48:05.047Z&quot;,
                &quot;status&quot;: &quot;SEND&quot;
            }
        ],
        &quot;status&quot;: &quot;DELIVERED&quot;
    },
    &quot;creationTime&quot;: &quot;2022-02-18T15:10:35.358Z&quot;,
    &quot;deviceId&quot;: &quot;14382422&quot;,
    &quot;deviceName&quot;: &quot;mythic_beasts_pi_all_jobs_sag&quot;,
    &quot;self&quot;: &quot;https://t493319102.eu-latest.cumulocity.com/devicecontrol/operations/14382430&quot;,
    &quot;id&quot;: &quot;14382430&quot;,
    &quot;status&quot;: &quot;PENDING&quot;,
    &quot;c8y_LogfileRequest&quot;: {
        &quot;searchText&quot;: &quot;&quot;,
        &quot;logFile&quot;: &quot;software-management&quot;,
        &quot;dateTo&quot;: &quot;2021-11-21T18:55:49+0530&quot;,
        &quot;dateFrom&quot;: &quot;2021-11-15T18:55:49+0530&quot;,
        &quot;maximumLines&quot;: 300
    },
    &quot;description&quot;: &quot;Log file request&quot;
}
15:49:56 DEBUG Final URL of the request: https://thin-edge-io.eu-latest.cumulocity.com/devicecontrol/operations?deviceId=14382422&amp;pageSize=1&amp;revert=true&amp;dateFrom=1970-01-01T00%3A00%3A00.000Z
15:49:56 INFO  State of current operation: PENDING
15:49:56 DEBUG Final URL of the request: https://thin-edge-io.eu-latest.cumulocity.com/devicecontrol/operations?deviceId=14382422&amp;pageSize=1&amp;revert=true&amp;dateFrom=1970-01-01T00%3A00%3A00.000Z
15:49:56 DEBUG State of current operation: {
    &quot;delivery&quot;: {
        &quot;time&quot;: &quot;2022-02-18T15:48:05.094Z&quot;,
        &quot;log&quot;: [
            {
                &quot;time&quot;: &quot;2022-02-18T15:10:35.371Z&quot;,
                &quot;status&quot;: &quot;PENDING&quot;
            },
            {
                &quot;time&quot;: &quot;2022-02-18T15:10:35.380Z&quot;,
                &quot;status&quot;: &quot;SEND&quot;
            },
            {
                &quot;time&quot;: &quot;2022-02-18T15:10:35.414Z&quot;,
                &quot;status&quot;: &quot;DELIVERED&quot;
            },
            {
                &quot;time&quot;: &quot;2022-02-18T15:11:42.300Z&quot;,
                &quot;status&quot;: &quot;PENDING&quot;
            },
            {
                &quot;time&quot;: &quot;2022-02-18T15:11:42.322Z&quot;,
                &quot;status&quot;: &quot;SEND&quot;
            },
            {
                &quot;time&quot;: &quot;2022-02-18T15:11:42.359Z&quot;,
                &quot;status&quot;: &quot;DELIVERED&quot;
            },
            {
                &quot;time&quot;: &quot;2022-02-18T15:12:59.572Z&quot;,
                &quot;status&quot;: &quot;PENDING&quot;
            },
            {
                &quot;time&quot;: &quot;2022-02-18T15:12:59.593Z&quot;,
                &quot;status&quot;: &quot;SEND&quot;
            },
            {
                &quot;time&quot;: &quot;2022-02-18T15:12:59.628Z&quot;,
                &quot;status&quot;: &quot;DELIVERED&quot;
            },
            {
                &quot;time&quot;: &quot;2022-02-18T15:14:12.920Z&quot;,
                &quot;status&quot;: &quot;PENDING&quot;
            },
            {
                &quot;time&quot;: &quot;2022-02-18T15:14:12.944Z&quot;,
                &quot;status&quot;: &quot;SEND&quot;
            },
            {
                &quot;time&quot;: &quot;2022-02-18T15:14:12.981Z&quot;,
                &quot;status&quot;: &quot;DELIVERED&quot;
            },
            {
                &quot;time&quot;: &quot;2022-02-18T15:15:26.328Z&quot;,
                &quot;status&quot;: &quot;PENDING&quot;
            },
            {
                &quot;time&quot;: &quot;2022-02-18T15:15:26.352Z&quot;,
                &quot;status&quot;: &quot;SEND&quot;
            },
            {
                &quot;time&quot;: &quot;2022-02-18T15:15:26.390Z&quot;,
                &quot;status&quot;: &quot;DELIVERED&quot;
            },
            {
                &quot;time&quot;: &quot;2022-02-18T15:16:04.923Z&quot;,
                &quot;status&quot;: &quot;PENDING&quot;
            },
            {
                &quot;time&quot;: &quot;2022-02-18T15:16:04.942Z&quot;,
                &quot;status&quot;: &quot;SEND&quot;
            },
            {
                &quot;time&quot;: &quot;2022-02-18T15:16:04.979Z&quot;,
                &quot;status&quot;: &quot;DELIVERED&quot;
            },
            {
                &quot;time&quot;: &quot;2022-02-18T15:16:55.848Z&quot;,
                &quot;status&quot;: &quot;PENDING&quot;
            },
            {
                &quot;time&quot;: &quot;2022-02-18T15:16:55.868Z&quot;,
                &quot;status&quot;: &quot;SEND&quot;
            },
            {
                &quot;time&quot;: &quot;2022-02-18T15:16:55.905Z&quot;,
                &quot;status&quot;: &quot;DELIVERED&quot;
            },
            {
                &quot;time&quot;: &quot;2022-02-18T15:17:46.625Z&quot;,
                &quot;status&quot;: &quot;PENDING&quot;
            },
            {
                &quot;time&quot;: &quot;2022-02-18T15:17:46.652Z&quot;,
                &quot;status&quot;: &quot;SEND&quot;
            },
            {
                &quot;time&quot;: &quot;2022-02-18T15:17:46.687Z&quot;,
                &quot;status&quot;: &quot;DELIVERED&quot;
            },
            {
                &quot;time&quot;: &quot;2022-02-18T15:18:28.019Z&quot;,
                &quot;status&quot;: &quot;PENDING&quot;
            },
            {
                &quot;time&quot;: &quot;2022-02-18T15:18:28.043Z&quot;,
                &quot;status&quot;: &quot;SEND&quot;
            },
            {
                &quot;time&quot;: &quot;2022-02-18T15:18:28.079Z&quot;,
                &quot;status&quot;: &quot;DELIVERED&quot;
            },
            {
                &quot;time&quot;: &quot;2022-02-18T15:20:43.491Z&quot;,
                &quot;status&quot;: &quot;PENDING&quot;
            },
            {
                &quot;time&quot;: &quot;2022-02-18T15:20:43.514Z&quot;,
                &quot;status&quot;: &quot;SEND&quot;
            },
            {
                &quot;time&quot;: &quot;2022-02-18T15:20:43.550Z&quot;,
                &quot;status&quot;: &quot;DELIVERED&quot;
            },
            {
                &quot;time&quot;: &quot;2022-02-18T15:23:08.808Z&quot;,
                &quot;status&quot;: &quot;PENDING&quot;
            },
            {
                &quot;time&quot;: &quot;2022-02-18T15:23:08.831Z&quot;,
                &quot;status&quot;: &quot;SEND&quot;
            },
            {
                &quot;time&quot;: &quot;2022-02-18T15:23:08.869Z&quot;,
                &quot;status&quot;: &quot;DELIVERED&quot;
            },
            {
                &quot;time&quot;: &quot;2022-02-18T15:23:31.763Z&quot;,
                &quot;status&quot;: &quot;PENDING&quot;
            },
            {
                &quot;time&quot;: &quot;2022-02-18T15:23:31.789Z&quot;,
                &quot;status&quot;: &quot;SEND&quot;
            },
            {
                &quot;time&quot;: &quot;2022-02-18T15:23:31.829Z&quot;,
                &quot;status&quot;: &quot;DELIVERED&quot;
            },
            {
                &quot;time&quot;: &quot;2022-02-18T15:23:56.183Z&quot;,
                &quot;status&quot;: &quot;PENDING&quot;
            },
            {
                &quot;time&quot;: &quot;2022-02-18T15:23:56.205Z&quot;,
                &quot;status&quot;: &quot;SEND&quot;
            },
            {
                &quot;time&quot;: &quot;2022-02-18T15:23:56.240Z&quot;,
                &quot;status&quot;: &quot;DELIVERED&quot;
            },
            {
                &quot;time&quot;: &quot;2022-02-18T15:24:19.191Z&quot;,
                &quot;status&quot;: &quot;PENDING&quot;
            },
            {
                &quot;time&quot;: &quot;2022-02-18T15:24:19.214Z&quot;,
                &quot;status&quot;: &quot;SEND&quot;
            },
            {
                &quot;time&quot;: &quot;2022-02-18T15:24:19.249Z&quot;,
                &quot;status&quot;: &quot;DELIVERED&quot;
            },
            {
                &quot;time&quot;: &quot;2022-02-18T15:24:56.124Z&quot;,
                &quot;status&quot;: &quot;PENDING&quot;
            },
            {
                &quot;time&quot;: &quot;2022-02-18T15:24:56.152Z&quot;,
                &quot;status&quot;: &quot;SEND&quot;
            },
            {
                &quot;time&quot;: &quot;2022-02-18T15:24:56.186Z&quot;,
                &quot;status&quot;: &quot;DELIVERED&quot;
            },
            {
                &quot;time&quot;: &quot;2022-02-18T15:25:21.105Z&quot;,
                &quot;status&quot;: &quot;PENDING&quot;
            },
            {
                &quot;time&quot;: &quot;2022-02-18T15:25:21.127Z&quot;,
                &quot;status&quot;: &quot;SEND&quot;
            },
            {
                &quot;time&quot;: &quot;2022-02-18T15:25:21.164Z&quot;,
                &quot;status&quot;: &quot;DELIVERED&quot;
            },
            {
                &quot;time&quot;: &quot;2022-02-18T15:25:45.991Z&quot;,
                &quot;status&quot;: &quot;PENDING&quot;
            },
            {
                &quot;time&quot;: &quot;2022-02-18T15:25:46.015Z&quot;,
                &quot;status&quot;: &quot;SEND&quot;
            },
            {
                &quot;time&quot;: &quot;2022-02-18T15:25:46.050Z&quot;,
                &quot;status&quot;: &quot;DELIVERED&quot;
            },
            {
                &quot;time&quot;: &quot;2022-02-18T15:42:24.600Z&quot;,
                &quot;status&quot;: &quot;PENDING&quot;
            },
            {
                &quot;time&quot;: &quot;2022-02-18T15:42:24.628Z&quot;,
                &quot;status&quot;: &quot;SEND&quot;
            },
            {
                &quot;time&quot;: &quot;2022-02-18T15:42:24.664Z&quot;,
                &quot;status&quot;: &quot;DELIVERED&quot;
            },
            {
                &quot;time&quot;: &quot;2022-02-18T15:45:04.233Z&quot;,
                &quot;status&quot;: &quot;PENDING&quot;
            },
            {
                &quot;time&quot;: &quot;2022-02-18T15:45:04.267Z&quot;,
                &quot;status&quot;: &quot;SEND&quot;
            },
            {
                &quot;time&quot;: &quot;2022-02-18T15:45:04.303Z&quot;,
                &quot;status&quot;: &quot;DELIVERED&quot;
            },
            {
                &quot;time&quot;: &quot;2022-02-18T15:45:26.812Z&quot;,
                &quot;status&quot;: &quot;PENDING&quot;
            },
            {
                &quot;time&quot;: &quot;2022-02-18T15:45:26.839Z&quot;,
                &quot;status&quot;: &quot;SEND&quot;
            },
            {
                &quot;time&quot;: &quot;2022-02-18T15:45:26.882Z&quot;,
                &quot;status&quot;: &quot;DELIVERED&quot;
            },
            {
                &quot;time&quot;: &quot;2022-02-18T15:48:05.017Z&quot;,
                &quot;status&quot;: &quot;PENDING&quot;
            },
            {
                &quot;time&quot;: &quot;2022-02-18T15:48:05.047Z&quot;,
                &quot;status&quot;: &quot;SEND&quot;
            }
        ],
        &quot;status&quot;: &quot;DELIVERED&quot;
    },
    &quot;creationTime&quot;: &quot;2022-02-18T15:10:35.358Z&quot;,
    &quot;deviceId&quot;: &quot;14382422&quot;,
    &quot;deviceName&quot;: &quot;mythic_beasts_pi_all_jobs_sag&quot;,
    &quot;self&quot;: &quot;https://t493319102.eu-latest.cumulocity.com/devicecontrol/operations/14382430&quot;,
    &quot;id&quot;: &quot;14382430&quot;,
    &quot;status&quot;: &quot;PENDING&quot;,
    &quot;c8y_LogfileRequest&quot;: {
        &quot;searchText&quot;: &quot;&quot;,
        &quot;logFile&quot;: &quot;software-management&quot;,
        &quot;dateTo&quot;: &quot;2021-11-21T18:55:49+0530&quot;,
        &quot;dateFrom&quot;: &quot;2021-11-15T18:55:49+0530&quot;,
        &quot;maximumLines&quot;: 300
    },
    &quot;description&quot;: &quot;Log file request&quot;
}
15:49:59 DEBUG Final URL of the request: https://thin-edge-io.eu-latest.cumulocity.com/devicecontrol/operations?deviceId=14382422&amp;pageSize=1&amp;revert=true&amp;dateFrom=1970-01-01T00%3A00%3A00.000Z
15:49:59 INFO  State of current operation: PENDING
15:49:59 DEBUG Final URL of the request: https://thin-edge-io.eu-latest.cumulocity.com/devicecontrol/operations?deviceId=14382422&amp;pageSize=1&amp;revert=true&amp;dateFrom=1970-01-01T00%3A00%3A00.000Z
15:49:59 DEBUG State of current operation: {
    &quot;delivery&quot;: {
        &quot;time&quot;: &quot;2022-02-18T15:48:05.094Z&quot;,
        &quot;log&quot;: [
            {
                &quot;time&quot;: &quot;2022-02-18T15:10:35.371Z&quot;,
                &quot;status&quot;: &quot;PENDING&quot;
            },
            {
                &quot;time&quot;: &quot;2022-02-18T15:10:35.380Z&quot;,
                &quot;status&quot;: &quot;SEND&quot;
            },
            {
                &quot;time&quot;: &quot;2022-02-18T15:10:35.414Z&quot;,
                &quot;status&quot;: &quot;DELIVERED&quot;
            },
            {
                &quot;time&quot;: &quot;2022-02-18T15:11:42.300Z&quot;,
                &quot;status&quot;: &quot;PENDING&quot;
            },
            {
                &quot;time&quot;: &quot;2022-02-18T15:11:42.322Z&quot;,
                &quot;status&quot;: &quot;SEND&quot;
            },
            {
                &quot;time&quot;: &quot;2022-02-18T15:11:42.359Z&quot;,
                &quot;status&quot;: &quot;DELIVERED&quot;
            },
            {
                &quot;time&quot;: &quot;2022-02-18T15:12:59.572Z&quot;,
                &quot;status&quot;: &quot;PENDING&quot;
            },
            {
                &quot;time&quot;: &quot;2022-02-18T15:12:59.593Z&quot;,
                &quot;status&quot;: &quot;SEND&quot;
            },
            {
                &quot;time&quot;: &quot;2022-02-18T15:12:59.628Z&quot;,
                &quot;status&quot;: &quot;DELIVERED&quot;
            },
            {
                &quot;time&quot;: &quot;2022-02-18T15:14:12.920Z&quot;,
                &quot;status&quot;: &quot;PENDING&quot;
            },
            {
                &quot;time&quot;: &quot;2022-02-18T15:14:12.944Z&quot;,
                &quot;status&quot;: &quot;SEND&quot;
            },
            {
                &quot;time&quot;: &quot;2022-02-18T15:14:12.981Z&quot;,
                &quot;status&quot;: &quot;DELIVERED&quot;
            },
            {
                &quot;time&quot;: &quot;2022-02-18T15:15:26.328Z&quot;,
                &quot;status&quot;: &quot;PENDING&quot;
            },
            {
                &quot;time&quot;: &quot;2022-02-18T15:15:26.352Z&quot;,
                &quot;status&quot;: &quot;SEND&quot;
            },
            {
                &quot;time&quot;: &quot;2022-02-18T15:15:26.390Z&quot;,
                &quot;status&quot;: &quot;DELIVERED&quot;
            },
            {
                &quot;time&quot;: &quot;2022-02-18T15:16:04.923Z&quot;,
                &quot;status&quot;: &quot;PENDING&quot;
            },
            {
                &quot;time&quot;: &quot;2022-02-18T15:16:04.942Z&quot;,
                &quot;status&quot;: &quot;SEND&quot;
            },
            {
                &quot;time&quot;: &quot;2022-02-18T15:16:04.979Z&quot;,
                &quot;status&quot;: &quot;DELIVERED&quot;
            },
            {
                &quot;time&quot;: &quot;2022-02-18T15:16:55.848Z&quot;,
                &quot;status&quot;: &quot;PENDING&quot;
            },
            {
                &quot;time&quot;: &quot;2022-02-18T15:16:55.868Z&quot;,
                &quot;status&quot;: &quot;SEND&quot;
            },
            {
                &quot;time&quot;: &quot;2022-02-18T15:16:55.905Z&quot;,
                &quot;status&quot;: &quot;DELIVERED&quot;
            },
            {
                &quot;time&quot;: &quot;2022-02-18T15:17:46.625Z&quot;,
                &quot;status&quot;: &quot;PENDING&quot;
            },
            {
                &quot;time&quot;: &quot;2022-02-18T15:17:46.652Z&quot;,
                &quot;status&quot;: &quot;SEND&quot;
            },
            {
                &quot;time&quot;: &quot;2022-02-18T15:17:46.687Z&quot;,
                &quot;status&quot;: &quot;DELIVERED&quot;
            },
            {
                &quot;time&quot;: &quot;2022-02-18T15:18:28.019Z&quot;,
                &quot;status&quot;: &quot;PENDING&quot;
            },
            {
                &quot;time&quot;: &quot;2022-02-18T15:18:28.043Z&quot;,
                &quot;status&quot;: &quot;SEND&quot;
            },
            {
                &quot;time&quot;: &quot;2022-02-18T15:18:28.079Z&quot;,
                &quot;status&quot;: &quot;DELIVERED&quot;
            },
            {
                &quot;time&quot;: &quot;2022-02-18T15:20:43.491Z&quot;,
                &quot;status&quot;: &quot;PENDING&quot;
            },
            {
                &quot;time&quot;: &quot;2022-02-18T15:20:43.514Z&quot;,
                &quot;status&quot;: &quot;SEND&quot;
            },
            {
                &quot;time&quot;: &quot;2022-02-18T15:20:43.550Z&quot;,
                &quot;status&quot;: &quot;DELIVERED&quot;
            },
            {
                &quot;time&quot;: &quot;2022-02-18T15:23:08.808Z&quot;,
                &quot;status&quot;: &quot;PENDING&quot;
            },
            {
                &quot;time&quot;: &quot;2022-02-18T15:23:08.831Z&quot;,
                &quot;status&quot;: &quot;SEND&quot;
            },
            {
                &quot;time&quot;: &quot;2022-02-18T15:23:08.869Z&quot;,
                &quot;status&quot;: &quot;DELIVERED&quot;
            },
            {
                &quot;time&quot;: &quot;2022-02-18T15:23:31.763Z&quot;,
                &quot;status&quot;: &quot;PENDING&quot;
            },
            {
                &quot;time&quot;: &quot;2022-02-18T15:23:31.789Z&quot;,
                &quot;status&quot;: &quot;SEND&quot;
            },
            {
                &quot;time&quot;: &quot;2022-02-18T15:23:31.829Z&quot;,
                &quot;status&quot;: &quot;DELIVERED&quot;
            },
            {
                &quot;time&quot;: &quot;2022-02-18T15:23:56.183Z&quot;,
                &quot;status&quot;: &quot;PENDING&quot;
            },
            {
                &quot;time&quot;: &quot;2022-02-18T15:23:56.205Z&quot;,
                &quot;status&quot;: &quot;SEND&quot;
            },
            {
                &quot;time&quot;: &quot;2022-02-18T15:23:56.240Z&quot;,
                &quot;status&quot;: &quot;DELIVERED&quot;
            },
            {
                &quot;time&quot;: &quot;2022-02-18T15:24:19.191Z&quot;,
                &quot;status&quot;: &quot;PENDING&quot;
            },
            {
                &quot;time&quot;: &quot;2022-02-18T15:24:19.214Z&quot;,
                &quot;status&quot;: &quot;SEND&quot;
            },
            {
                &quot;time&quot;: &quot;2022-02-18T15:24:19.249Z&quot;,
                &quot;status&quot;: &quot;DELIVERED&quot;
            },
            {
                &quot;time&quot;: &quot;2022-02-18T15:24:56.124Z&quot;,
                &quot;status&quot;: &quot;PENDING&quot;
            },
            {
                &quot;time&quot;: &quot;2022-02-18T15:24:56.152Z&quot;,
                &quot;status&quot;: &quot;SEND&quot;
            },
            {
                &quot;time&quot;: &quot;2022-02-18T15:24:56.186Z&quot;,
                &quot;status&quot;: &quot;DELIVERED&quot;
            },
            {
                &quot;time&quot;: &quot;2022-02-18T15:25:21.105Z&quot;,
                &quot;status&quot;: &quot;PENDING&quot;
            },
            {
                &quot;time&quot;: &quot;2022-02-18T15:25:21.127Z&quot;,
                &quot;status&quot;: &quot;SEND&quot;
            },
            {
                &quot;time&quot;: &quot;2022-02-18T15:25:21.164Z&quot;,
                &quot;status&quot;: &quot;DELIVERED&quot;
            },
            {
                &quot;time&quot;: &quot;2022-02-18T15:25:45.991Z&quot;,
                &quot;status&quot;: &quot;PENDING&quot;
            },
            {
                &quot;time&quot;: &quot;2022-02-18T15:25:46.015Z&quot;,
                &quot;status&quot;: &quot;SEND&quot;
            },
            {
                &quot;time&quot;: &quot;2022-02-18T15:25:46.050Z&quot;,
                &quot;status&quot;: &quot;DELIVERED&quot;
            },
            {
                &quot;time&quot;: &quot;2022-02-18T15:42:24.600Z&quot;,
                &quot;status&quot;: &quot;PENDING&quot;
            },
            {
                &quot;time&quot;: &quot;2022-02-18T15:42:24.628Z&quot;,
                &quot;status&quot;: &quot;SEND&quot;
            },
            {
                &quot;time&quot;: &quot;2022-02-18T15:42:24.664Z&quot;,
                &quot;status&quot;: &quot;DELIVERED&quot;
            },
            {
                &quot;time&quot;: &quot;2022-02-18T15:45:04.233Z&quot;,
                &quot;status&quot;: &quot;PENDING&quot;
            },
            {
                &quot;time&quot;: &quot;2022-02-18T15:45:04.267Z&quot;,
                &quot;status&quot;: &quot;SEND&quot;
            },
            {
                &quot;time&quot;: &quot;2022-02-18T15:45:04.303Z&quot;,
                &quot;status&quot;: &quot;DELIVERED&quot;
            },
            {
                &quot;time&quot;: &quot;2022-02-18T15:45:26.812Z&quot;,
                &quot;status&quot;: &quot;PENDING&quot;
            },
            {
                &quot;time&quot;: &quot;2022-02-18T15:45:26.839Z&quot;,
                &quot;status&quot;: &quot;SEND&quot;
            },
            {
                &quot;time&quot;: &quot;2022-02-18T15:45:26.882Z&quot;,
                &quot;status&quot;: &quot;DELIVERED&quot;
            },
            {
                &quot;time&quot;: &quot;2022-02-18T15:48:05.017Z&quot;,
                &quot;status&quot;: &quot;PENDING&quot;
            },
            {
                &quot;time&quot;: &quot;2022-02-18T15:48:05.047Z&quot;,
                &quot;status&quot;: &quot;SEND&quot;
            }
        ],
        &quot;status&quot;: &quot;DELIVERED&quot;
    },
    &quot;creationTime&quot;: &quot;2022-02-18T15:10:35.358Z&quot;,
    &quot;deviceId&quot;: &quot;14382422&quot;,
    &quot;deviceName&quot;: &quot;mythic_beasts_pi_all_jobs_sag&quot;,
    &quot;self&quot;: &quot;https://t493319102.eu-latest.cumulocity.com/devicecontrol/operations/14382430&quot;,
    &quot;id&quot;: &quot;14382430&quot;,
    &quot;status&quot;: &quot;PENDING&quot;,
    &quot;c8y_LogfileRequest&quot;: {
        &quot;searchText&quot;: &quot;&quot;,
        &quot;logFile&quot;: &quot;software-management&quot;,
        &quot;dateTo&quot;: &quot;2021-11-21T18:55:49+0530&quot;,
        &quot;dateFrom&quot;: &quot;2021-11-15T18:55:49+0530&quot;,
        &quot;maximumLines&quot;: 300
    },
    &quot;description&quot;: &quot;Log file request&quot;
}
15:50:01 DEBUG Final URL of the request: https://thin-edge-io.eu-latest.cumulocity.com/devicecontrol/operations?deviceId=14382422&amp;pageSize=1&amp;revert=true&amp;dateFrom=1970-01-01T00%3A00%3A00.000Z
15:50:01 INFO  State of current operation: PENDING
15:50:01 DEBUG Final URL of the request: https://thin-edge-io.eu-latest.cumulocity.com/devicecontrol/operations?deviceId=14382422&amp;pageSize=1&amp;revert=true&amp;dateFrom=1970-01-01T00%3A00%3A00.000Z
15:50:01 DEBUG State of current operation: {
    &quot;delivery&quot;: {
        &quot;time&quot;: &quot;2022-02-18T15:48:05.094Z&quot;,
        &quot;log&quot;: [
            {
                &quot;time&quot;: &quot;2022-02-18T15:10:35.371Z&quot;,
                &quot;status&quot;: &quot;PENDING&quot;
            },
            {
                &quot;time&quot;: &quot;2022-02-18T15:10:35.380Z&quot;,
                &quot;status&quot;: &quot;SEND&quot;
            },
            {
                &quot;time&quot;: &quot;2022-02-18T15:10:35.414Z&quot;,
                &quot;status&quot;: &quot;DELIVERED&quot;
            },
            {
                &quot;time&quot;: &quot;2022-02-18T15:11:42.300Z&quot;,
                &quot;status&quot;: &quot;PENDING&quot;
            },
            {
                &quot;time&quot;: &quot;2022-02-18T15:11:42.322Z&quot;,
                &quot;status&quot;: &quot;SEND&quot;
            },
            {
                &quot;time&quot;: &quot;2022-02-18T15:11:42.359Z&quot;,
                &quot;status&quot;: &quot;DELIVERED&quot;
            },
            {
                &quot;time&quot;: &quot;2022-02-18T15:12:59.572Z&quot;,
                &quot;status&quot;: &quot;PENDING&quot;
            },
            {
                &quot;time&quot;: &quot;2022-02-18T15:12:59.593Z&quot;,
                &quot;status&quot;: &quot;SEND&quot;
            },
            {
                &quot;time&quot;: &quot;2022-02-18T15:12:59.628Z&quot;,
                &quot;status&quot;: &quot;DELIVERED&quot;
            },
            {
                &quot;time&quot;: &quot;2022-02-18T15:14:12.920Z&quot;,
                &quot;status&quot;: &quot;PENDING&quot;
            },
            {
                &quot;time&quot;: &quot;2022-02-18T15:14:12.944Z&quot;,
                &quot;status&quot;: &quot;SEND&quot;
            },
            {
                &quot;time&quot;: &quot;2022-02-18T15:14:12.981Z&quot;,
                &quot;status&quot;: &quot;DELIVERED&quot;
            },
            {
                &quot;time&quot;: &quot;2022-02-18T15:15:26.328Z&quot;,
                &quot;status&quot;: &quot;PENDING&quot;
            },
            {
                &quot;time&quot;: &quot;2022-02-18T15:15:26.352Z&quot;,
                &quot;status&quot;: &quot;SEND&quot;
            },
            {
                &quot;time&quot;: &quot;2022-02-18T15:15:26.390Z&quot;,
                &quot;status&quot;: &quot;DELIVERED&quot;
            },
            {
                &quot;time&quot;: &quot;2022-02-18T15:16:04.923Z&quot;,
                &quot;status&quot;: &quot;PENDING&quot;
            },
            {
                &quot;time&quot;: &quot;2022-02-18T15:16:04.942Z&quot;,
                &quot;status&quot;: &quot;SEND&quot;
            },
            {
                &quot;time&quot;: &quot;2022-02-18T15:16:04.979Z&quot;,
                &quot;status&quot;: &quot;DELIVERED&quot;
            },
            {
                &quot;time&quot;: &quot;2022-02-18T15:16:55.848Z&quot;,
                &quot;status&quot;: &quot;PENDING&quot;
            },
            {
                &quot;time&quot;: &quot;2022-02-18T15:16:55.868Z&quot;,
                &quot;status&quot;: &quot;SEND&quot;
            },
            {
                &quot;time&quot;: &quot;2022-02-18T15:16:55.905Z&quot;,
                &quot;status&quot;: &quot;DELIVERED&quot;
            },
            {
                &quot;time&quot;: &quot;2022-02-18T15:17:46.625Z&quot;,
                &quot;status&quot;: &quot;PENDING&quot;
            },
            {
                &quot;time&quot;: &quot;2022-02-18T15:17:46.652Z&quot;,
                &quot;status&quot;: &quot;SEND&quot;
            },
            {
                &quot;time&quot;: &quot;2022-02-18T15:17:46.687Z&quot;,
                &quot;status&quot;: &quot;DELIVERED&quot;
            },
            {
                &quot;time&quot;: &quot;2022-02-18T15:18:28.019Z&quot;,
                &quot;status&quot;: &quot;PENDING&quot;
            },
            {
                &quot;time&quot;: &quot;2022-02-18T15:18:28.043Z&quot;,
                &quot;status&quot;: &quot;SEND&quot;
            },
            {
                &quot;time&quot;: &quot;2022-02-18T15:18:28.079Z&quot;,
                &quot;status&quot;: &quot;DELIVERED&quot;
            },
            {
                &quot;time&quot;: &quot;2022-02-18T15:20:43.491Z&quot;,
                &quot;status&quot;: &quot;PENDING&quot;
            },
            {
                &quot;time&quot;: &quot;2022-02-18T15:20:43.514Z&quot;,
                &quot;status&quot;: &quot;SEND&quot;
            },
            {
                &quot;time&quot;: &quot;2022-02-18T15:20:43.550Z&quot;,
                &quot;status&quot;: &quot;DELIVERED&quot;
            },
            {
                &quot;time&quot;: &quot;2022-02-18T15:23:08.808Z&quot;,
                &quot;status&quot;: &quot;PENDING&quot;
            },
            {
                &quot;time&quot;: &quot;2022-02-18T15:23:08.831Z&quot;,
                &quot;status&quot;: &quot;SEND&quot;
            },
            {
                &quot;time&quot;: &quot;2022-02-18T15:23:08.869Z&quot;,
                &quot;status&quot;: &quot;DELIVERED&quot;
            },
            {
                &quot;time&quot;: &quot;2022-02-18T15:23:31.763Z&quot;,
                &quot;status&quot;: &quot;PENDING&quot;
            },
            {
                &quot;time&quot;: &quot;2022-02-18T15:23:31.789Z&quot;,
                &quot;status&quot;: &quot;SEND&quot;
            },
            {
                &quot;time&quot;: &quot;2022-02-18T15:23:31.829Z&quot;,
                &quot;status&quot;: &quot;DELIVERED&quot;
            },
            {
                &quot;time&quot;: &quot;2022-02-18T15:23:56.183Z&quot;,
                &quot;status&quot;: &quot;PENDING&quot;
            },
            {
                &quot;time&quot;: &quot;2022-02-18T15:23:56.205Z&quot;,
                &quot;status&quot;: &quot;SEND&quot;
            },
            {
                &quot;time&quot;: &quot;2022-02-18T15:23:56.240Z&quot;,
                &quot;status&quot;: &quot;DELIVERED&quot;
            },
            {
                &quot;time&quot;: &quot;2022-02-18T15:24:19.191Z&quot;,
                &quot;status&quot;: &quot;PENDING&quot;
            },
            {
                &quot;time&quot;: &quot;2022-02-18T15:24:19.214Z&quot;,
                &quot;status&quot;: &quot;SEND&quot;
            },
            {
                &quot;time&quot;: &quot;2022-02-18T15:24:19.249Z&quot;,
                &quot;status&quot;: &quot;DELIVERED&quot;
            },
            {
                &quot;time&quot;: &quot;2022-02-18T15:24:56.124Z&quot;,
                &quot;status&quot;: &quot;PENDING&quot;
            },
            {
                &quot;time&quot;: &quot;2022-02-18T15:24:56.152Z&quot;,
                &quot;status&quot;: &quot;SEND&quot;
            },
            {
                &quot;time&quot;: &quot;2022-02-18T15:24:56.186Z&quot;,
                &quot;status&quot;: &quot;DELIVERED&quot;
            },
            {
                &quot;time&quot;: &quot;2022-02-18T15:25:21.105Z&quot;,
                &quot;status&quot;: &quot;PENDING&quot;
            },
            {
                &quot;time&quot;: &quot;2022-02-18T15:25:21.127Z&quot;,
                &quot;status&quot;: &quot;SEND&quot;
            },
            {
                &quot;time&quot;: &quot;2022-02-18T15:25:21.164Z&quot;,
                &quot;status&quot;: &quot;DELIVERED&quot;
            },
            {
                &quot;time&quot;: &quot;2022-02-18T15:25:45.991Z&quot;,
                &quot;status&quot;: &quot;PENDING&quot;
            },
            {
                &quot;time&quot;: &quot;2022-02-18T15:25:46.015Z&quot;,
                &quot;status&quot;: &quot;SEND&quot;
            },
            {
                &quot;time&quot;: &quot;2022-02-18T15:25:46.050Z&quot;,
                &quot;status&quot;: &quot;DELIVERED&quot;
            },
            {
                &quot;time&quot;: &quot;2022-02-18T15:42:24.600Z&quot;,
                &quot;status&quot;: &quot;PENDING&quot;
            },
            {
                &quot;time&quot;: &quot;2022-02-18T15:42:24.628Z&quot;,
                &quot;status&quot;: &quot;SEND&quot;
            },
            {
                &quot;time&quot;: &quot;2022-02-18T15:42:24.664Z&quot;,
                &quot;status&quot;: &quot;DELIVERED&quot;
            },
            {
                &quot;time&quot;: &quot;2022-02-18T15:45:04.233Z&quot;,
                &quot;status&quot;: &quot;PENDING&quot;
            },
            {
                &quot;time&quot;: &quot;2022-02-18T15:45:04.267Z&quot;,
                &quot;status&quot;: &quot;SEND&quot;
            },
            {
                &quot;time&quot;: &quot;2022-02-18T15:45:04.303Z&quot;,
                &quot;status&quot;: &quot;DELIVERED&quot;
            },
            {
                &quot;time&quot;: &quot;2022-02-18T15:45:26.812Z&quot;,
                &quot;status&quot;: &quot;PENDING&quot;
            },
            {
                &quot;time&quot;: &quot;2022-02-18T15:45:26.839Z&quot;,
                &quot;status&quot;: &quot;SEND&quot;
            },
            {
                &quot;time&quot;: &quot;2022-02-18T15:45:26.882Z&quot;,
                &quot;status&quot;: &quot;DELIVERED&quot;
            },
            {
                &quot;time&quot;: &quot;2022-02-18T15:48:05.017Z&quot;,
                &quot;status&quot;: &quot;PENDING&quot;
            },
            {
                &quot;time&quot;: &quot;2022-02-18T15:48:05.047Z&quot;,
                &quot;status&quot;: &quot;SEND&quot;
            }
        ],
        &quot;status&quot;: &quot;DELIVERED&quot;
    },
    &quot;creationTime&quot;: &quot;2022-02-18T15:10:35.358Z&quot;,
    &quot;deviceId&quot;: &quot;14382422&quot;,
    &quot;deviceName&quot;: &quot;mythic_beasts_pi_all_jobs_sag&quot;,
    &quot;self&quot;: &quot;https://t493319102.eu-latest.cumulocity.com/devicecontrol/operations/14382430&quot;,
    &quot;id&quot;: &quot;14382430&quot;,
    &quot;status&quot;: &quot;PENDING&quot;,
    &quot;c8y_LogfileRequest&quot;: {
        &quot;searchText&quot;: &quot;&quot;,
        &quot;logFile&quot;: &quot;software-management&quot;,
        &quot;dateTo&quot;: &quot;2021-11-21T18:55:49+0530&quot;,
        &quot;dateFrom&quot;: &quot;2021-11-15T18:55:49+0530&quot;,
        &quot;maximumLines&quot;: 300
    },
    &quot;description&quot;: &quot;Log file request&quot;
}
15:50:03 DEBUG Final URL of the request: https://thin-edge-io.eu-latest.cumulocity.com/devicecontrol/operations?deviceId=14382422&amp;pageSize=1&amp;revert=true&amp;dateFrom=1970-01-01T00%3A00%3A00.000Z
15:50:03 INFO  State of current operation: PENDING
15:50:03 DEBUG Final URL of the request: https://thin-edge-io.eu-latest.cumulocity.com/devicecontrol/operations?deviceId=14382422&amp;pageSize=1&amp;revert=true&amp;dateFrom=1970-01-01T00%3A00%3A00.000Z
15:50:03 DEBUG State of current operation: {
    &quot;delivery&quot;: {
        &quot;time&quot;: &quot;2022-02-18T15:48:05.094Z&quot;,
        &quot;log&quot;: [
            {
                &quot;time&quot;: &quot;2022-02-18T15:10:35.371Z&quot;,
                &quot;status&quot;: &quot;PENDING&quot;
            },
            {
                &quot;time&quot;: &quot;2022-02-18T15:10:35.380Z&quot;,
                &quot;status&quot;: &quot;SEND&quot;
            },
            {
                &quot;time&quot;: &quot;2022-02-18T15:10:35.414Z&quot;,
                &quot;status&quot;: &quot;DELIVERED&quot;
            },
            {
                &quot;time&quot;: &quot;2022-02-18T15:11:42.300Z&quot;,
                &quot;status&quot;: &quot;PENDING&quot;
            },
            {
                &quot;time&quot;: &quot;2022-02-18T15:11:42.322Z&quot;,
                &quot;status&quot;: &quot;SEND&quot;
            },
            {
                &quot;time&quot;: &quot;2022-02-18T15:11:42.359Z&quot;,
                &quot;status&quot;: &quot;DELIVERED&quot;
            },
            {
                &quot;time&quot;: &quot;2022-02-18T15:12:59.572Z&quot;,
                &quot;status&quot;: &quot;PENDING&quot;
            },
            {
                &quot;time&quot;: &quot;2022-02-18T15:12:59.593Z&quot;,
                &quot;status&quot;: &quot;SEND&quot;
            },
            {
                &quot;time&quot;: &quot;2022-02-18T15:12:59.628Z&quot;,
                &quot;status&quot;: &quot;DELIVERED&quot;
            },
            {
                &quot;time&quot;: &quot;2022-02-18T15:14:12.920Z&quot;,
                &quot;status&quot;: &quot;PENDING&quot;
            },
            {
                &quot;time&quot;: &quot;2022-02-18T15:14:12.944Z&quot;,
                &quot;status&quot;: &quot;SEND&quot;
            },
            {
                &quot;time&quot;: &quot;2022-02-18T15:14:12.981Z&quot;,
                &quot;status&quot;: &quot;DELIVERED&quot;
            },
            {
                &quot;time&quot;: &quot;2022-02-18T15:15:26.328Z&quot;,
                &quot;status&quot;: &quot;PENDING&quot;
            },
            {
                &quot;time&quot;: &quot;2022-02-18T15:15:26.352Z&quot;,
                &quot;status&quot;: &quot;SEND&quot;
            },
            {
                &quot;time&quot;: &quot;2022-02-18T15:15:26.390Z&quot;,
                &quot;status&quot;: &quot;DELIVERED&quot;
            },
            {
                &quot;time&quot;: &quot;2022-02-18T15:16:04.923Z&quot;,
                &quot;status&quot;: &quot;PENDING&quot;
            },
            {
                &quot;time&quot;: &quot;2022-02-18T15:16:04.942Z&quot;,
                &quot;status&quot;: &quot;SEND&quot;
            },
            {
                &quot;time&quot;: &quot;2022-02-18T15:16:04.979Z&quot;,
                &quot;status&quot;: &quot;DELIVERED&quot;
            },
            {
                &quot;time&quot;: &quot;2022-02-18T15:16:55.848Z&quot;,
                &quot;status&quot;: &quot;PENDING&quot;
            },
            {
                &quot;time&quot;: &quot;2022-02-18T15:16:55.868Z&quot;,
                &quot;status&quot;: &quot;SEND&quot;
            },
            {
                &quot;time&quot;: &quot;2022-02-18T15:16:55.905Z&quot;,
                &quot;status&quot;: &quot;DELIVERED&quot;
            },
            {
                &quot;time&quot;: &quot;2022-02-18T15:17:46.625Z&quot;,
                &quot;status&quot;: &quot;PENDING&quot;
            },
            {
                &quot;time&quot;: &quot;2022-02-18T15:17:46.652Z&quot;,
                &quot;status&quot;: &quot;SEND&quot;
            },
            {
                &quot;time&quot;: &quot;2022-02-18T15:17:46.687Z&quot;,
                &quot;status&quot;: &quot;DELIVERED&quot;
            },
            {
                &quot;time&quot;: &quot;2022-02-18T15:18:28.019Z&quot;,
                &quot;status&quot;: &quot;PENDING&quot;
            },
            {
                &quot;time&quot;: &quot;2022-02-18T15:18:28.043Z&quot;,
                &quot;status&quot;: &quot;SEND&quot;
            },
            {
                &quot;time&quot;: &quot;2022-02-18T15:18:28.079Z&quot;,
                &quot;status&quot;: &quot;DELIVERED&quot;
            },
            {
                &quot;time&quot;: &quot;2022-02-18T15:20:43.491Z&quot;,
                &quot;status&quot;: &quot;PENDING&quot;
            },
            {
                &quot;time&quot;: &quot;2022-02-18T15:20:43.514Z&quot;,
                &quot;status&quot;: &quot;SEND&quot;
            },
            {
                &quot;time&quot;: &quot;2022-02-18T15:20:43.550Z&quot;,
                &quot;status&quot;: &quot;DELIVERED&quot;
            },
            {
                &quot;time&quot;: &quot;2022-02-18T15:23:08.808Z&quot;,
                &quot;status&quot;: &quot;PENDING&quot;
            },
            {
                &quot;time&quot;: &quot;2022-02-18T15:23:08.831Z&quot;,
                &quot;status&quot;: &quot;SEND&quot;
            },
            {
                &quot;time&quot;: &quot;2022-02-18T15:23:08.869Z&quot;,
                &quot;status&quot;: &quot;DELIVERED&quot;
            },
            {
                &quot;time&quot;: &quot;2022-02-18T15:23:31.763Z&quot;,
                &quot;status&quot;: &quot;PENDING&quot;
            },
            {
                &quot;time&quot;: &quot;2022-02-18T15:23:31.789Z&quot;,
                &quot;status&quot;: &quot;SEND&quot;
            },
            {
                &quot;time&quot;: &quot;2022-02-18T15:23:31.829Z&quot;,
                &quot;status&quot;: &quot;DELIVERED&quot;
            },
            {
                &quot;time&quot;: &quot;2022-02-18T15:23:56.183Z&quot;,
                &quot;status&quot;: &quot;PENDING&quot;
            },
            {
                &quot;time&quot;: &quot;2022-02-18T15:23:56.205Z&quot;,
                &quot;status&quot;: &quot;SEND&quot;
            },
            {
                &quot;time&quot;: &quot;2022-02-18T15:23:56.240Z&quot;,
                &quot;status&quot;: &quot;DELIVERED&quot;
            },
            {
                &quot;time&quot;: &quot;2022-02-18T15:24:19.191Z&quot;,
                &quot;status&quot;: &quot;PENDING&quot;
            },
            {
                &quot;time&quot;: &quot;2022-02-18T15:24:19.214Z&quot;,
                &quot;status&quot;: &quot;SEND&quot;
            },
            {
                &quot;time&quot;: &quot;2022-02-18T15:24:19.249Z&quot;,
                &quot;status&quot;: &quot;DELIVERED&quot;
            },
            {
                &quot;time&quot;: &quot;2022-02-18T15:24:56.124Z&quot;,
                &quot;status&quot;: &quot;PENDING&quot;
            },
            {
                &quot;time&quot;: &quot;2022-02-18T15:24:56.152Z&quot;,
                &quot;status&quot;: &quot;SEND&quot;
            },
            {
                &quot;time&quot;: &quot;2022-02-18T15:24:56.186Z&quot;,
                &quot;status&quot;: &quot;DELIVERED&quot;
            },
            {
                &quot;time&quot;: &quot;2022-02-18T15:25:21.105Z&quot;,
                &quot;status&quot;: &quot;PENDING&quot;
            },
            {
                &quot;time&quot;: &quot;2022-02-18T15:25:21.127Z&quot;,
                &quot;status&quot;: &quot;SEND&quot;
            },
            {
                &quot;time&quot;: &quot;2022-02-18T15:25:21.164Z&quot;,
                &quot;status&quot;: &quot;DELIVERED&quot;
            },
            {
                &quot;time&quot;: &quot;2022-02-18T15:25:45.991Z&quot;,
                &quot;status&quot;: &quot;PENDING&quot;
            },
            {
                &quot;time&quot;: &quot;2022-02-18T15:25:46.015Z&quot;,
                &quot;status&quot;: &quot;SEND&quot;
            },
            {
                &quot;time&quot;: &quot;2022-02-18T15:25:46.050Z&quot;,
                &quot;status&quot;: &quot;DELIVERED&quot;
            },
            {
                &quot;time&quot;: &quot;2022-02-18T15:42:24.600Z&quot;,
                &quot;status&quot;: &quot;PENDING&quot;
            },
            {
                &quot;time&quot;: &quot;2022-02-18T15:42:24.628Z&quot;,
                &quot;status&quot;: &quot;SEND&quot;
            },
            {
                &quot;time&quot;: &quot;2022-02-18T15:42:24.664Z&quot;,
                &quot;status&quot;: &quot;DELIVERED&quot;
            },
            {
                &quot;time&quot;: &quot;2022-02-18T15:45:04.233Z&quot;,
                &quot;status&quot;: &quot;PENDING&quot;
            },
            {
                &quot;time&quot;: &quot;2022-02-18T15:45:04.267Z&quot;,
                &quot;status&quot;: &quot;SEND&quot;
            },
            {
                &quot;time&quot;: &quot;2022-02-18T15:45:04.303Z&quot;,
                &quot;status&quot;: &quot;DELIVERED&quot;
            },
            {
                &quot;time&quot;: &quot;2022-02-18T15:45:26.812Z&quot;,
                &quot;status&quot;: &quot;PENDING&quot;
            },
            {
                &quot;time&quot;: &quot;2022-02-18T15:45:26.839Z&quot;,
                &quot;status&quot;: &quot;SEND&quot;
            },
            {
                &quot;time&quot;: &quot;2022-02-18T15:45:26.882Z&quot;,
                &quot;status&quot;: &quot;DELIVERED&quot;
            },
            {
                &quot;time&quot;: &quot;2022-02-18T15:48:05.017Z&quot;,
                &quot;status&quot;: &quot;PENDING&quot;
            },
            {
                &quot;time&quot;: &quot;2022-02-18T15:48:05.047Z&quot;,
                &quot;status&quot;: &quot;SEND&quot;
            }
        ],
        &quot;status&quot;: &quot;DELIVERED&quot;
    },
    &quot;creationTime&quot;: &quot;2022-02-18T15:10:35.358Z&quot;,
    &quot;deviceId&quot;: &quot;14382422&quot;,
    &quot;deviceName&quot;: &quot;mythic_beasts_pi_all_jobs_sag&quot;,
    &quot;self&quot;: &quot;https://t493319102.eu-latest.cumulocity.com/devicecontrol/operations/14382430&quot;,
    &quot;id&quot;: &quot;14382430&quot;,
    &quot;status&quot;: &quot;PENDING&quot;,
    &quot;c8y_LogfileRequest&quot;: {
        &quot;searchText&quot;: &quot;&quot;,
        &quot;logFile&quot;: &quot;software-management&quot;,
        &quot;dateTo&quot;: &quot;2021-11-21T18:55:49+0530&quot;,
        &quot;dateFrom&quot;: &quot;2021-11-15T18:55:49+0530&quot;,
        &quot;maximumLines&quot;: 300
    },
    &quot;description&quot;: &quot;Log file request&quot;
}
15:50:05 DEBUG Final URL of the request: https://thin-edge-io.eu-latest.cumulocity.com/devicecontrol/operations?deviceId=14382422&amp;pageSize=1&amp;revert=true&amp;dateFrom=1970-01-01T00%3A00%3A00.000Z
15:50:05 INFO  State of current operation: PENDING
15:50:05 DEBUG Final URL of the request: https://thin-edge-io.eu-latest.cumulocity.com/devicecontrol/operations?deviceId=14382422&amp;pageSize=1&amp;revert=true&amp;dateFrom=1970-01-01T00%3A00%3A00.000Z
15:50:05 DEBUG State of current operation: {
    &quot;delivery&quot;: {
        &quot;time&quot;: &quot;2022-02-18T15:48:05.094Z&quot;,
        &quot;log&quot;: [
            {
                &quot;time&quot;: &quot;2022-02-18T15:10:35.371Z&quot;,
                &quot;status&quot;: &quot;PENDING&quot;
            },
            {
                &quot;time&quot;: &quot;2022-02-18T15:10:35.380Z&quot;,
                &quot;status&quot;: &quot;SEND&quot;
            },
            {
                &quot;time&quot;: &quot;2022-02-18T15:10:35.414Z&quot;,
                &quot;status&quot;: &quot;DELIVERED&quot;
            },
            {
                &quot;time&quot;: &quot;2022-02-18T15:11:42.300Z&quot;,
                &quot;status&quot;: &quot;PENDING&quot;
            },
            {
                &quot;time&quot;: &quot;2022-02-18T15:11:42.322Z&quot;,
                &quot;status&quot;: &quot;SEND&quot;
            },
            {
                &quot;time&quot;: &quot;2022-02-18T15:11:42.359Z&quot;,
                &quot;status&quot;: &quot;DELIVERED&quot;
            },
            {
                &quot;time&quot;: &quot;2022-02-18T15:12:59.572Z&quot;,
                &quot;status&quot;: &quot;PENDING&quot;
            },
            {
                &quot;time&quot;: &quot;2022-02-18T15:12:59.593Z&quot;,
                &quot;status&quot;: &quot;SEND&quot;
            },
            {
                &quot;time&quot;: &quot;2022-02-18T15:12:59.628Z&quot;,
                &quot;status&quot;: &quot;DELIVERED&quot;
            },
            {
                &quot;time&quot;: &quot;2022-02-18T15:14:12.920Z&quot;,
                &quot;status&quot;: &quot;PENDING&quot;
            },
            {
                &quot;time&quot;: &quot;2022-02-18T15:14:12.944Z&quot;,
                &quot;status&quot;: &quot;SEND&quot;
            },
            {
                &quot;time&quot;: &quot;2022-02-18T15:14:12.981Z&quot;,
                &quot;status&quot;: &quot;DELIVERED&quot;
            },
            {
                &quot;time&quot;: &quot;2022-02-18T15:15:26.328Z&quot;,
                &quot;status&quot;: &quot;PENDING&quot;
            },
            {
                &quot;time&quot;: &quot;2022-02-18T15:15:26.352Z&quot;,
                &quot;status&quot;: &quot;SEND&quot;
            },
            {
                &quot;time&quot;: &quot;2022-02-18T15:15:26.390Z&quot;,
                &quot;status&quot;: &quot;DELIVERED&quot;
            },
            {
                &quot;time&quot;: &quot;2022-02-18T15:16:04.923Z&quot;,
                &quot;status&quot;: &quot;PENDING&quot;
            },
            {
                &quot;time&quot;: &quot;2022-02-18T15:16:04.942Z&quot;,
                &quot;status&quot;: &quot;SEND&quot;
            },
            {
                &quot;time&quot;: &quot;2022-02-18T15:16:04.979Z&quot;,
                &quot;status&quot;: &quot;DELIVERED&quot;
            },
            {
                &quot;time&quot;: &quot;2022-02-18T15:16:55.848Z&quot;,
                &quot;status&quot;: &quot;PENDING&quot;
            },
            {
                &quot;time&quot;: &quot;2022-02-18T15:16:55.868Z&quot;,
                &quot;status&quot;: &quot;SEND&quot;
            },
            {
                &quot;time&quot;: &quot;2022-02-18T15:16:55.905Z&quot;,
                &quot;status&quot;: &quot;DELIVERED&quot;
            },
            {
                &quot;time&quot;: &quot;2022-02-18T15:17:46.625Z&quot;,
                &quot;status&quot;: &quot;PENDING&quot;
            },
            {
                &quot;time&quot;: &quot;2022-02-18T15:17:46.652Z&quot;,
                &quot;status&quot;: &quot;SEND&quot;
            },
            {
                &quot;time&quot;: &quot;2022-02-18T15:17:46.687Z&quot;,
                &quot;status&quot;: &quot;DELIVERED&quot;
            },
            {
                &quot;time&quot;: &quot;2022-02-18T15:18:28.019Z&quot;,
                &quot;status&quot;: &quot;PENDING&quot;
            },
            {
                &quot;time&quot;: &quot;2022-02-18T15:18:28.043Z&quot;,
                &quot;status&quot;: &quot;SEND&quot;
            },
            {
                &quot;time&quot;: &quot;2022-02-18T15:18:28.079Z&quot;,
                &quot;status&quot;: &quot;DELIVERED&quot;
            },
            {
                &quot;time&quot;: &quot;2022-02-18T15:20:43.491Z&quot;,
                &quot;status&quot;: &quot;PENDING&quot;
            },
            {
                &quot;time&quot;: &quot;2022-02-18T15:20:43.514Z&quot;,
                &quot;status&quot;: &quot;SEND&quot;
            },
            {
                &quot;time&quot;: &quot;2022-02-18T15:20:43.550Z&quot;,
                &quot;status&quot;: &quot;DELIVERED&quot;
            },
            {
                &quot;time&quot;: &quot;2022-02-18T15:23:08.808Z&quot;,
                &quot;status&quot;: &quot;PENDING&quot;
            },
            {
                &quot;time&quot;: &quot;2022-02-18T15:23:08.831Z&quot;,
                &quot;status&quot;: &quot;SEND&quot;
            },
            {
                &quot;time&quot;: &quot;2022-02-18T15:23:08.869Z&quot;,
                &quot;status&quot;: &quot;DELIVERED&quot;
            },
            {
                &quot;time&quot;: &quot;2022-02-18T15:23:31.763Z&quot;,
                &quot;status&quot;: &quot;PENDING&quot;
            },
            {
                &quot;time&quot;: &quot;2022-02-18T15:23:31.789Z&quot;,
                &quot;status&quot;: &quot;SEND&quot;
            },
            {
                &quot;time&quot;: &quot;2022-02-18T15:23:31.829Z&quot;,
                &quot;status&quot;: &quot;DELIVERED&quot;
            },
            {
                &quot;time&quot;: &quot;2022-02-18T15:23:56.183Z&quot;,
                &quot;status&quot;: &quot;PENDING&quot;
            },
            {
                &quot;time&quot;: &quot;2022-02-18T15:23:56.205Z&quot;,
                &quot;status&quot;: &quot;SEND&quot;
            },
            {
                &quot;time&quot;: &quot;2022-02-18T15:23:56.240Z&quot;,
                &quot;status&quot;: &quot;DELIVERED&quot;
            },
            {
                &quot;time&quot;: &quot;2022-02-18T15:24:19.191Z&quot;,
                &quot;status&quot;: &quot;PENDING&quot;
            },
            {
                &quot;time&quot;: &quot;2022-02-18T15:24:19.214Z&quot;,
                &quot;status&quot;: &quot;SEND&quot;
            },
            {
                &quot;time&quot;: &quot;2022-02-18T15:24:19.249Z&quot;,
                &quot;status&quot;: &quot;DELIVERED&quot;
            },
            {
                &quot;time&quot;: &quot;2022-02-18T15:24:56.124Z&quot;,
                &quot;status&quot;: &quot;PENDING&quot;
            },
            {
                &quot;time&quot;: &quot;2022-02-18T15:24:56.152Z&quot;,
                &quot;status&quot;: &quot;SEND&quot;
            },
            {
                &quot;time&quot;: &quot;2022-02-18T15:24:56.186Z&quot;,
                &quot;status&quot;: &quot;DELIVERED&quot;
            },
            {
                &quot;time&quot;: &quot;2022-02-18T15:25:21.105Z&quot;,
                &quot;status&quot;: &quot;PENDING&quot;
            },
            {
                &quot;time&quot;: &quot;2022-02-18T15:25:21.127Z&quot;,
                &quot;status&quot;: &quot;SEND&quot;
            },
            {
                &quot;time&quot;: &quot;2022-02-18T15:25:21.164Z&quot;,
                &quot;status&quot;: &quot;DELIVERED&quot;
            },
            {
                &quot;time&quot;: &quot;2022-02-18T15:25:45.991Z&quot;,
                &quot;status&quot;: &quot;PENDING&quot;
            },
            {
                &quot;time&quot;: &quot;2022-02-18T15:25:46.015Z&quot;,
                &quot;status&quot;: &quot;SEND&quot;
            },
            {
                &quot;time&quot;: &quot;2022-02-18T15:25:46.050Z&quot;,
                &quot;status&quot;: &quot;DELIVERED&quot;
            },
            {
                &quot;time&quot;: &quot;2022-02-18T15:42:24.600Z&quot;,
                &quot;status&quot;: &quot;PENDING&quot;
            },
            {
                &quot;time&quot;: &quot;2022-02-18T15:42:24.628Z&quot;,
                &quot;status&quot;: &quot;SEND&quot;
            },
            {
                &quot;time&quot;: &quot;2022-02-18T15:42:24.664Z&quot;,
                &quot;status&quot;: &quot;DELIVERED&quot;
            },
            {
                &quot;time&quot;: &quot;2022-02-18T15:45:04.233Z&quot;,
                &quot;status&quot;: &quot;PENDING&quot;
            },
            {
                &quot;time&quot;: &quot;2022-02-18T15:45:04.267Z&quot;,
                &quot;status&quot;: &quot;SEND&quot;
            },
            {
                &quot;time&quot;: &quot;2022-02-18T15:45:04.303Z&quot;,
                &quot;status&quot;: &quot;DELIVERED&quot;
            },
            {
                &quot;time&quot;: &quot;2022-02-18T15:45:26.812Z&quot;,
                &quot;status&quot;: &quot;PENDING&quot;
            },
            {
                &quot;time&quot;: &quot;2022-02-18T15:45:26.839Z&quot;,
                &quot;status&quot;: &quot;SEND&quot;
            },
            {
                &quot;time&quot;: &quot;2022-02-18T15:45:26.882Z&quot;,
                &quot;status&quot;: &quot;DELIVERED&quot;
            },
            {
                &quot;time&quot;: &quot;2022-02-18T15:48:05.017Z&quot;,
                &quot;status&quot;: &quot;PENDING&quot;
            },
            {
                &quot;time&quot;: &quot;2022-02-18T15:48:05.047Z&quot;,
                &quot;status&quot;: &quot;SEND&quot;
            }
        ],
        &quot;status&quot;: &quot;DELIVERED&quot;
    },
    &quot;creationTime&quot;: &quot;2022-02-18T15:10:35.358Z&quot;,
    &quot;deviceId&quot;: &quot;14382422&quot;,
    &quot;deviceName&quot;: &quot;mythic_beasts_pi_all_jobs_sag&quot;,
    &quot;self&quot;: &quot;https://t493319102.eu-latest.cumulocity.com/devicecontrol/operations/14382430&quot;,
    &quot;id&quot;: &quot;14382430&quot;,
    &quot;status&quot;: &quot;PENDING&quot;,
    &quot;c8y_LogfileRequest&quot;: {
        &quot;searchText&quot;: &quot;&quot;,
        &quot;logFile&quot;: &quot;software-management&quot;,
        &quot;dateTo&quot;: &quot;2021-11-21T18:55:49+0530&quot;,
        &quot;dateFrom&quot;: &quot;2021-11-15T18:55:49+0530&quot;,
        &quot;maximumLines&quot;: 300
    },
    &quot;description&quot;: &quot;Log file request&quot;
}
15:50:07 DEBUG Final URL of the request: https://thin-edge-io.eu-latest.cumulocity.com/devicecontrol/operations?deviceId=14382422&amp;pageSize=1&amp;revert=true&amp;dateFrom=1970-01-01T00%3A00%3A00.000Z
15:50:07 INFO  State of current operation: PENDING
15:50:07 DEBUG Final URL of the request: https://thin-edge-io.eu-latest.cumulocity.com/devicecontrol/operations?deviceId=14382422&amp;pageSize=1&amp;revert=true&amp;dateFrom=1970-01-01T00%3A00%3A00.000Z
15:50:07 DEBUG State of current operation: {
    &quot;delivery&quot;: {
        &quot;time&quot;: &quot;2022-02-18T15:48:05.094Z&quot;,
        &quot;log&quot;: [
            {
                &quot;time&quot;: &quot;2022-02-18T15:10:35.371Z&quot;,
                &quot;status&quot;: &quot;PENDING&quot;
            },
            {
                &quot;time&quot;: &quot;2022-02-18T15:10:35.380Z&quot;,
                &quot;status&quot;: &quot;SEND&quot;
            },
            {
                &quot;time&quot;: &quot;2022-02-18T15:10:35.414Z&quot;,
                &quot;status&quot;: &quot;DELIVERED&quot;
            },
            {
                &quot;time&quot;: &quot;2022-02-18T15:11:42.300Z&quot;,
                &quot;status&quot;: &quot;PENDING&quot;
            },
            {
                &quot;time&quot;: &quot;2022-02-18T15:11:42.322Z&quot;,
                &quot;status&quot;: &quot;SEND&quot;
            },
            {
                &quot;time&quot;: &quot;2022-02-18T15:11:42.359Z&quot;,
                &quot;status&quot;: &quot;DELIVERED&quot;
            },
            {
                &quot;time&quot;: &quot;2022-02-18T15:12:59.572Z&quot;,
                &quot;status&quot;: &quot;PENDING&quot;
            },
            {
                &quot;time&quot;: &quot;2022-02-18T15:12:59.593Z&quot;,
                &quot;status&quot;: &quot;SEND&quot;
            },
            {
                &quot;time&quot;: &quot;2022-02-18T15:12:59.628Z&quot;,
                &quot;status&quot;: &quot;DELIVERED&quot;
            },
            {
                &quot;time&quot;: &quot;2022-02-18T15:14:12.920Z&quot;,
                &quot;status&quot;: &quot;PENDING&quot;
            },
            {
                &quot;time&quot;: &quot;2022-02-18T15:14:12.944Z&quot;,
                &quot;status&quot;: &quot;SEND&quot;
            },
            {
                &quot;time&quot;: &quot;2022-02-18T15:14:12.981Z&quot;,
                &quot;status&quot;: &quot;DELIVERED&quot;
            },
            {
                &quot;time&quot;: &quot;2022-02-18T15:15:26.328Z&quot;,
                &quot;status&quot;: &quot;PENDING&quot;
            },
            {
                &quot;time&quot;: &quot;2022-02-18T15:15:26.352Z&quot;,
                &quot;status&quot;: &quot;SEND&quot;
            },
            {
                &quot;time&quot;: &quot;2022-02-18T15:15:26.390Z&quot;,
                &quot;status&quot;: &quot;DELIVERED&quot;
            },
            {
                &quot;time&quot;: &quot;2022-02-18T15:16:04.923Z&quot;,
                &quot;status&quot;: &quot;PENDING&quot;
            },
            {
                &quot;time&quot;: &quot;2022-02-18T15:16:04.942Z&quot;,
                &quot;status&quot;: &quot;SEND&quot;
            },
            {
                &quot;time&quot;: &quot;2022-02-18T15:16:04.979Z&quot;,
                &quot;status&quot;: &quot;DELIVERED&quot;
            },
            {
                &quot;time&quot;: &quot;2022-02-18T15:16:55.848Z&quot;,
                &quot;status&quot;: &quot;PENDING&quot;
            },
            {
                &quot;time&quot;: &quot;2022-02-18T15:16:55.868Z&quot;,
                &quot;status&quot;: &quot;SEND&quot;
            },
            {
                &quot;time&quot;: &quot;2022-02-18T15:16:55.905Z&quot;,
                &quot;status&quot;: &quot;DELIVERED&quot;
            },
            {
                &quot;time&quot;: &quot;2022-02-18T15:17:46.625Z&quot;,
                &quot;status&quot;: &quot;PENDING&quot;
            },
            {
                &quot;time&quot;: &quot;2022-02-18T15:17:46.652Z&quot;,
                &quot;status&quot;: &quot;SEND&quot;
            },
            {
                &quot;time&quot;: &quot;2022-02-18T15:17:46.687Z&quot;,
                &quot;status&quot;: &quot;DELIVERED&quot;
            },
            {
                &quot;time&quot;: &quot;2022-02-18T15:18:28.019Z&quot;,
                &quot;status&quot;: &quot;PENDING&quot;
            },
            {
                &quot;time&quot;: &quot;2022-02-18T15:18:28.043Z&quot;,
                &quot;status&quot;: &quot;SEND&quot;
            },
            {
                &quot;time&quot;: &quot;2022-02-18T15:18:28.079Z&quot;,
                &quot;status&quot;: &quot;DELIVERED&quot;
            },
            {
                &quot;time&quot;: &quot;2022-02-18T15:20:43.491Z&quot;,
                &quot;status&quot;: &quot;PENDING&quot;
            },
            {
                &quot;time&quot;: &quot;2022-02-18T15:20:43.514Z&quot;,
                &quot;status&quot;: &quot;SEND&quot;
            },
            {
                &quot;time&quot;: &quot;2022-02-18T15:20:43.550Z&quot;,
                &quot;status&quot;: &quot;DELIVERED&quot;
            },
            {
                &quot;time&quot;: &quot;2022-02-18T15:23:08.808Z&quot;,
                &quot;status&quot;: &quot;PENDING&quot;
            },
            {
                &quot;time&quot;: &quot;2022-02-18T15:23:08.831Z&quot;,
                &quot;status&quot;: &quot;SEND&quot;
            },
            {
                &quot;time&quot;: &quot;2022-02-18T15:23:08.869Z&quot;,
                &quot;status&quot;: &quot;DELIVERED&quot;
            },
            {
                &quot;time&quot;: &quot;2022-02-18T15:23:31.763Z&quot;,
                &quot;status&quot;: &quot;PENDING&quot;
            },
            {
                &quot;time&quot;: &quot;2022-02-18T15:23:31.789Z&quot;,
                &quot;status&quot;: &quot;SEND&quot;
            },
            {
                &quot;time&quot;: &quot;2022-02-18T15:23:31.829Z&quot;,
                &quot;status&quot;: &quot;DELIVERED&quot;
            },
            {
                &quot;time&quot;: &quot;2022-02-18T15:23:56.183Z&quot;,
                &quot;status&quot;: &quot;PENDING&quot;
            },
            {
                &quot;time&quot;: &quot;2022-02-18T15:23:56.205Z&quot;,
                &quot;status&quot;: &quot;SEND&quot;
            },
            {
                &quot;time&quot;: &quot;2022-02-18T15:23:56.240Z&quot;,
                &quot;status&quot;: &quot;DELIVERED&quot;
            },
            {
                &quot;time&quot;: &quot;2022-02-18T15:24:19.191Z&quot;,
                &quot;status&quot;: &quot;PENDING&quot;
            },
            {
                &quot;time&quot;: &quot;2022-02-18T15:24:19.214Z&quot;,
                &quot;status&quot;: &quot;SEND&quot;
            },
            {
                &quot;time&quot;: &quot;2022-02-18T15:24:19.249Z&quot;,
                &quot;status&quot;: &quot;DELIVERED&quot;
            },
            {
                &quot;time&quot;: &quot;2022-02-18T15:24:56.124Z&quot;,
                &quot;status&quot;: &quot;PENDING&quot;
            },
            {
                &quot;time&quot;: &quot;2022-02-18T15:24:56.152Z&quot;,
                &quot;status&quot;: &quot;SEND&quot;
            },
            {
                &quot;time&quot;: &quot;2022-02-18T15:24:56.186Z&quot;,
                &quot;status&quot;: &quot;DELIVERED&quot;
            },
            {
                &quot;time&quot;: &quot;2022-02-18T15:25:21.105Z&quot;,
                &quot;status&quot;: &quot;PENDING&quot;
            },
            {
                &quot;time&quot;: &quot;2022-02-18T15:25:21.127Z&quot;,
                &quot;status&quot;: &quot;SEND&quot;
            },
            {
                &quot;time&quot;: &quot;2022-02-18T15:25:21.164Z&quot;,
                &quot;status&quot;: &quot;DELIVERED&quot;
            },
            {
                &quot;time&quot;: &quot;2022-02-18T15:25:45.991Z&quot;,
                &quot;status&quot;: &quot;PENDING&quot;
            },
            {
                &quot;time&quot;: &quot;2022-02-18T15:25:46.015Z&quot;,
                &quot;status&quot;: &quot;SEND&quot;
            },
            {
                &quot;time&quot;: &quot;2022-02-18T15:25:46.050Z&quot;,
                &quot;status&quot;: &quot;DELIVERED&quot;
            },
            {
                &quot;time&quot;: &quot;2022-02-18T15:42:24.600Z&quot;,
                &quot;status&quot;: &quot;PENDING&quot;
            },
            {
                &quot;time&quot;: &quot;2022-02-18T15:42:24.628Z&quot;,
                &quot;status&quot;: &quot;SEND&quot;
            },
            {
                &quot;time&quot;: &quot;2022-02-18T15:42:24.664Z&quot;,
                &quot;status&quot;: &quot;DELIVERED&quot;
            },
            {
                &quot;time&quot;: &quot;2022-02-18T15:45:04.233Z&quot;,
                &quot;status&quot;: &quot;PENDING&quot;
            },
            {
                &quot;time&quot;: &quot;2022-02-18T15:45:04.267Z&quot;,
                &quot;status&quot;: &quot;SEND&quot;
            },
            {
                &quot;time&quot;: &quot;2022-02-18T15:45:04.303Z&quot;,
                &quot;status&quot;: &quot;DELIVERED&quot;
            },
            {
                &quot;time&quot;: &quot;2022-02-18T15:45:26.812Z&quot;,
                &quot;status&quot;: &quot;PENDING&quot;
            },
            {
                &quot;time&quot;: &quot;2022-02-18T15:45:26.839Z&quot;,
                &quot;status&quot;: &quot;SEND&quot;
            },
            {
                &quot;time&quot;: &quot;2022-02-18T15:45:26.882Z&quot;,
                &quot;status&quot;: &quot;DELIVERED&quot;
            },
            {
                &quot;time&quot;: &quot;2022-02-18T15:48:05.017Z&quot;,
                &quot;status&quot;: &quot;PENDING&quot;
            },
            {
                &quot;time&quot;: &quot;2022-02-18T15:48:05.047Z&quot;,
                &quot;status&quot;: &quot;SEND&quot;
            }
        ],
        &quot;status&quot;: &quot;DELIVERED&quot;
    },
    &quot;creationTime&quot;: &quot;2022-02-18T15:10:35.358Z&quot;,
    &quot;deviceId&quot;: &quot;14382422&quot;,
    &quot;deviceName&quot;: &quot;mythic_beasts_pi_all_jobs_sag&quot;,
    &quot;self&quot;: &quot;https://t493319102.eu-latest.cumulocity.com/devicecontrol/operations/14382430&quot;,
    &quot;id&quot;: &quot;14382430&quot;,
    &quot;status&quot;: &quot;PENDING&quot;,
    &quot;c8y_LogfileRequest&quot;: {
        &quot;searchText&quot;: &quot;&quot;,
        &quot;logFile&quot;: &quot;software-management&quot;,
        &quot;dateTo&quot;: &quot;2021-11-21T18:55:49+0530&quot;,
        &quot;dateFrom&quot;: &quot;2021-11-15T18:55:49+0530&quot;,
        &quot;maximumLines&quot;: 300
    },
    &quot;description&quot;: &quot;Log file request&quot;
}
15:50:09 DEBUG Final URL of the request: https://thin-edge-io.eu-latest.cumulocity.com/devicecontrol/operations?deviceId=14382422&amp;pageSize=1&amp;revert=true&amp;dateFrom=1970-01-01T00%3A00%3A00.000Z
15:50:10 INFO  State of current operation: PENDING
15:50:10 DEBUG Final URL of the request: https://thin-edge-io.eu-latest.cumulocity.com/devicecontrol/operations?deviceId=14382422&amp;pageSize=1&amp;revert=true&amp;dateFrom=1970-01-01T00%3A00%3A00.000Z
15:50:10 DEBUG State of current operation: {
    &quot;delivery&quot;: {
        &quot;time&quot;: &quot;2022-02-18T15:48:05.094Z&quot;,
        &quot;log&quot;: [
            {
                &quot;time&quot;: &quot;2022-02-18T15:10:35.371Z&quot;,
                &quot;status&quot;: &quot;PENDING&quot;
            },
            {
                &quot;time&quot;: &quot;2022-02-18T15:10:35.380Z&quot;,
                &quot;status&quot;: &quot;SEND&quot;
            },
            {
                &quot;time&quot;: &quot;2022-02-18T15:10:35.414Z&quot;,
                &quot;status&quot;: &quot;DELIVERED&quot;
            },
            {
                &quot;time&quot;: &quot;2022-02-18T15:11:42.300Z&quot;,
                &quot;status&quot;: &quot;PENDING&quot;
            },
            {
                &quot;time&quot;: &quot;2022-02-18T15:11:42.322Z&quot;,
                &quot;status&quot;: &quot;SEND&quot;
            },
            {
                &quot;time&quot;: &quot;2022-02-18T15:11:42.359Z&quot;,
                &quot;status&quot;: &quot;DELIVERED&quot;
            },
            {
                &quot;time&quot;: &quot;2022-02-18T15:12:59.572Z&quot;,
                &quot;status&quot;: &quot;PENDING&quot;
            },
            {
                &quot;time&quot;: &quot;2022-02-18T15:12:59.593Z&quot;,
                &quot;status&quot;: &quot;SEND&quot;
            },
            {
                &quot;time&quot;: &quot;2022-02-18T15:12:59.628Z&quot;,
                &quot;status&quot;: &quot;DELIVERED&quot;
            },
            {
                &quot;time&quot;: &quot;2022-02-18T15:14:12.920Z&quot;,
                &quot;status&quot;: &quot;PENDING&quot;
            },
            {
                &quot;time&quot;: &quot;2022-02-18T15:14:12.944Z&quot;,
                &quot;status&quot;: &quot;SEND&quot;
            },
            {
                &quot;time&quot;: &quot;2022-02-18T15:14:12.981Z&quot;,
                &quot;status&quot;: &quot;DELIVERED&quot;
            },
            {
                &quot;time&quot;: &quot;2022-02-18T15:15:26.328Z&quot;,
                &quot;status&quot;: &quot;PENDING&quot;
            },
            {
                &quot;time&quot;: &quot;2022-02-18T15:15:26.352Z&quot;,
                &quot;status&quot;: &quot;SEND&quot;
            },
            {
                &quot;time&quot;: &quot;2022-02-18T15:15:26.390Z&quot;,
                &quot;status&quot;: &quot;DELIVERED&quot;
            },
            {
                &quot;time&quot;: &quot;2022-02-18T15:16:04.923Z&quot;,
                &quot;status&quot;: &quot;PENDING&quot;
            },
            {
                &quot;time&quot;: &quot;2022-02-18T15:16:04.942Z&quot;,
                &quot;status&quot;: &quot;SEND&quot;
            },
            {
                &quot;time&quot;: &quot;2022-02-18T15:16:04.979Z&quot;,
                &quot;status&quot;: &quot;DELIVERED&quot;
            },
            {
                &quot;time&quot;: &quot;2022-02-18T15:16:55.848Z&quot;,
                &quot;status&quot;: &quot;PENDING&quot;
            },
            {
                &quot;time&quot;: &quot;2022-02-18T15:16:55.868Z&quot;,
                &quot;status&quot;: &quot;SEND&quot;
            },
            {
                &quot;time&quot;: &quot;2022-02-18T15:16:55.905Z&quot;,
                &quot;status&quot;: &quot;DELIVERED&quot;
            },
            {
                &quot;time&quot;: &quot;2022-02-18T15:17:46.625Z&quot;,
                &quot;status&quot;: &quot;PENDING&quot;
            },
            {
                &quot;time&quot;: &quot;2022-02-18T15:17:46.652Z&quot;,
                &quot;status&quot;: &quot;SEND&quot;
            },
            {
                &quot;time&quot;: &quot;2022-02-18T15:17:46.687Z&quot;,
                &quot;status&quot;: &quot;DELIVERED&quot;
            },
            {
                &quot;time&quot;: &quot;2022-02-18T15:18:28.019Z&quot;,
                &quot;status&quot;: &quot;PENDING&quot;
            },
            {
                &quot;time&quot;: &quot;2022-02-18T15:18:28.043Z&quot;,
                &quot;status&quot;: &quot;SEND&quot;
            },
            {
                &quot;time&quot;: &quot;2022-02-18T15:18:28.079Z&quot;,
                &quot;status&quot;: &quot;DELIVERED&quot;
            },
            {
                &quot;time&quot;: &quot;2022-02-18T15:20:43.491Z&quot;,
                &quot;status&quot;: &quot;PENDING&quot;
            },
            {
                &quot;time&quot;: &quot;2022-02-18T15:20:43.514Z&quot;,
                &quot;status&quot;: &quot;SEND&quot;
            },
            {
                &quot;time&quot;: &quot;2022-02-18T15:20:43.550Z&quot;,
                &quot;status&quot;: &quot;DELIVERED&quot;
            },
            {
                &quot;time&quot;: &quot;2022-02-18T15:23:08.808Z&quot;,
                &quot;status&quot;: &quot;PENDING&quot;
            },
            {
                &quot;time&quot;: &quot;2022-02-18T15:23:08.831Z&quot;,
                &quot;status&quot;: &quot;SEND&quot;
            },
            {
                &quot;time&quot;: &quot;2022-02-18T15:23:08.869Z&quot;,
                &quot;status&quot;: &quot;DELIVERED&quot;
            },
            {
                &quot;time&quot;: &quot;2022-02-18T15:23:31.763Z&quot;,
                &quot;status&quot;: &quot;PENDING&quot;
            },
            {
                &quot;time&quot;: &quot;2022-02-18T15:23:31.789Z&quot;,
                &quot;status&quot;: &quot;SEND&quot;
            },
            {
                &quot;time&quot;: &quot;2022-02-18T15:23:31.829Z&quot;,
                &quot;status&quot;: &quot;DELIVERED&quot;
            },
            {
                &quot;time&quot;: &quot;2022-02-18T15:23:56.183Z&quot;,
                &quot;status&quot;: &quot;PENDING&quot;
            },
            {
                &quot;time&quot;: &quot;2022-02-18T15:23:56.205Z&quot;,
                &quot;status&quot;: &quot;SEND&quot;
            },
            {
                &quot;time&quot;: &quot;2022-02-18T15:23:56.240Z&quot;,
                &quot;status&quot;: &quot;DELIVERED&quot;
            },
            {
                &quot;time&quot;: &quot;2022-02-18T15:24:19.191Z&quot;,
                &quot;status&quot;: &quot;PENDING&quot;
            },
            {
                &quot;time&quot;: &quot;2022-02-18T15:24:19.214Z&quot;,
                &quot;status&quot;: &quot;SEND&quot;
            },
            {
                &quot;time&quot;: &quot;2022-02-18T15:24:19.249Z&quot;,
                &quot;status&quot;: &quot;DELIVERED&quot;
            },
            {
                &quot;time&quot;: &quot;2022-02-18T15:24:56.124Z&quot;,
                &quot;status&quot;: &quot;PENDING&quot;
            },
            {
                &quot;time&quot;: &quot;2022-02-18T15:24:56.152Z&quot;,
                &quot;status&quot;: &quot;SEND&quot;
            },
            {
                &quot;time&quot;: &quot;2022-02-18T15:24:56.186Z&quot;,
                &quot;status&quot;: &quot;DELIVERED&quot;
            },
            {
                &quot;time&quot;: &quot;2022-02-18T15:25:21.105Z&quot;,
                &quot;status&quot;: &quot;PENDING&quot;
            },
            {
                &quot;time&quot;: &quot;2022-02-18T15:25:21.127Z&quot;,
                &quot;status&quot;: &quot;SEND&quot;
            },
            {
                &quot;time&quot;: &quot;2022-02-18T15:25:21.164Z&quot;,
                &quot;status&quot;: &quot;DELIVERED&quot;
            },
            {
                &quot;time&quot;: &quot;2022-02-18T15:25:45.991Z&quot;,
                &quot;status&quot;: &quot;PENDING&quot;
            },
            {
                &quot;time&quot;: &quot;2022-02-18T15:25:46.015Z&quot;,
                &quot;status&quot;: &quot;SEND&quot;
            },
            {
                &quot;time&quot;: &quot;2022-02-18T15:25:46.050Z&quot;,
                &quot;status&quot;: &quot;DELIVERED&quot;
            },
            {
                &quot;time&quot;: &quot;2022-02-18T15:42:24.600Z&quot;,
                &quot;status&quot;: &quot;PENDING&quot;
            },
            {
                &quot;time&quot;: &quot;2022-02-18T15:42:24.628Z&quot;,
                &quot;status&quot;: &quot;SEND&quot;
            },
            {
                &quot;time&quot;: &quot;2022-02-18T15:42:24.664Z&quot;,
                &quot;status&quot;: &quot;DELIVERED&quot;
            },
            {
                &quot;time&quot;: &quot;2022-02-18T15:45:04.233Z&quot;,
                &quot;status&quot;: &quot;PENDING&quot;
            },
            {
                &quot;time&quot;: &quot;2022-02-18T15:45:04.267Z&quot;,
                &quot;status&quot;: &quot;SEND&quot;
            },
            {
                &quot;time&quot;: &quot;2022-02-18T15:45:04.303Z&quot;,
                &quot;status&quot;: &quot;DELIVERED&quot;
            },
            {
                &quot;time&quot;: &quot;2022-02-18T15:45:26.812Z&quot;,
                &quot;status&quot;: &quot;PENDING&quot;
            },
            {
                &quot;time&quot;: &quot;2022-02-18T15:45:26.839Z&quot;,
                &quot;status&quot;: &quot;SEND&quot;
            },
            {
                &quot;time&quot;: &quot;2022-02-18T15:45:26.882Z&quot;,
                &quot;status&quot;: &quot;DELIVERED&quot;
            },
            {
                &quot;time&quot;: &quot;2022-02-18T15:48:05.017Z&quot;,
                &quot;status&quot;: &quot;PENDING&quot;
            },
            {
                &quot;time&quot;: &quot;2022-02-18T15:48:05.047Z&quot;,
                &quot;status&quot;: &quot;SEND&quot;
            }
        ],
        &quot;status&quot;: &quot;DELIVERED&quot;
    },
    &quot;creationTime&quot;: &quot;2022-02-18T15:10:35.358Z&quot;,
    &quot;deviceId&quot;: &quot;14382422&quot;,
    &quot;deviceName&quot;: &quot;mythic_beasts_pi_all_jobs_sag&quot;,
    &quot;self&quot;: &quot;https://t493319102.eu-latest.cumulocity.com/devicecontrol/operations/14382430&quot;,
    &quot;id&quot;: &quot;14382430&quot;,
    &quot;status&quot;: &quot;PENDING&quot;,
    &quot;c8y_LogfileRequest&quot;: {
        &quot;searchText&quot;: &quot;&quot;,
        &quot;logFile&quot;: &quot;software-management&quot;,
        &quot;dateTo&quot;: &quot;2021-11-21T18:55:49+0530&quot;,
        &quot;dateFrom&quot;: &quot;2021-11-15T18:55:49+0530&quot;,
        &quot;maximumLines&quot;: 300
    },
    &quot;description&quot;: &quot;Log file request&quot;
}
15:50:12 DEBUG Final URL of the request: https://thin-edge-io.eu-latest.cumulocity.com/devicecontrol/operations?deviceId=14382422&amp;pageSize=1&amp;revert=true&amp;dateFrom=1970-01-01T00%3A00%3A00.000Z
15:50:12 INFO  State of current operation: PENDING
15:50:12 DEBUG Final URL of the request: https://thin-edge-io.eu-latest.cumulocity.com/devicecontrol/operations?deviceId=14382422&amp;pageSize=1&amp;revert=true&amp;dateFrom=1970-01-01T00%3A00%3A00.000Z
15:50:12 DEBUG State of current operation: {
    &quot;delivery&quot;: {
        &quot;time&quot;: &quot;2022-02-18T15:48:05.094Z&quot;,
        &quot;log&quot;: [
            {
                &quot;time&quot;: &quot;2022-02-18T15:10:35.371Z&quot;,
                &quot;status&quot;: &quot;PENDING&quot;
            },
            {
                &quot;time&quot;: &quot;2022-02-18T15:10:35.380Z&quot;,
                &quot;status&quot;: &quot;SEND&quot;
            },
            {
                &quot;time&quot;: &quot;2022-02-18T15:10:35.414Z&quot;,
                &quot;status&quot;: &quot;DELIVERED&quot;
            },
            {
                &quot;time&quot;: &quot;2022-02-18T15:11:42.300Z&quot;,
                &quot;status&quot;: &quot;PENDING&quot;
            },
            {
                &quot;time&quot;: &quot;2022-02-18T15:11:42.322Z&quot;,
                &quot;status&quot;: &quot;SEND&quot;
            },
            {
                &quot;time&quot;: &quot;2022-02-18T15:11:42.359Z&quot;,
                &quot;status&quot;: &quot;DELIVERED&quot;
            },
            {
                &quot;time&quot;: &quot;2022-02-18T15:12:59.572Z&quot;,
                &quot;status&quot;: &quot;PENDING&quot;
            },
            {
                &quot;time&quot;: &quot;2022-02-18T15:12:59.593Z&quot;,
                &quot;status&quot;: &quot;SEND&quot;
            },
            {
                &quot;time&quot;: &quot;2022-02-18T15:12:59.628Z&quot;,
                &quot;status&quot;: &quot;DELIVERED&quot;
            },
            {
                &quot;time&quot;: &quot;2022-02-18T15:14:12.920Z&quot;,
                &quot;status&quot;: &quot;PENDING&quot;
            },
            {
                &quot;time&quot;: &quot;2022-02-18T15:14:12.944Z&quot;,
                &quot;status&quot;: &quot;SEND&quot;
            },
            {
                &quot;time&quot;: &quot;2022-02-18T15:14:12.981Z&quot;,
                &quot;status&quot;: &quot;DELIVERED&quot;
            },
            {
                &quot;time&quot;: &quot;2022-02-18T15:15:26.328Z&quot;,
                &quot;status&quot;: &quot;PENDING&quot;
            },
            {
                &quot;time&quot;: &quot;2022-02-18T15:15:26.352Z&quot;,
                &quot;status&quot;: &quot;SEND&quot;
            },
            {
                &quot;time&quot;: &quot;2022-02-18T15:15:26.390Z&quot;,
                &quot;status&quot;: &quot;DELIVERED&quot;
            },
            {
                &quot;time&quot;: &quot;2022-02-18T15:16:04.923Z&quot;,
                &quot;status&quot;: &quot;PENDING&quot;
            },
            {
                &quot;time&quot;: &quot;2022-02-18T15:16:04.942Z&quot;,
                &quot;status&quot;: &quot;SEND&quot;
            },
            {
                &quot;time&quot;: &quot;2022-02-18T15:16:04.979Z&quot;,
                &quot;status&quot;: &quot;DELIVERED&quot;
            },
            {
                &quot;time&quot;: &quot;2022-02-18T15:16:55.848Z&quot;,
                &quot;status&quot;: &quot;PENDING&quot;
            },
            {
                &quot;time&quot;: &quot;2022-02-18T15:16:55.868Z&quot;,
                &quot;status&quot;: &quot;SEND&quot;
            },
            {
                &quot;time&quot;: &quot;2022-02-18T15:16:55.905Z&quot;,
                &quot;status&quot;: &quot;DELIVERED&quot;
            },
            {
                &quot;time&quot;: &quot;2022-02-18T15:17:46.625Z&quot;,
                &quot;status&quot;: &quot;PENDING&quot;
            },
            {
                &quot;time&quot;: &quot;2022-02-18T15:17:46.652Z&quot;,
                &quot;status&quot;: &quot;SEND&quot;
            },
            {
                &quot;time&quot;: &quot;2022-02-18T15:17:46.687Z&quot;,
                &quot;status&quot;: &quot;DELIVERED&quot;
            },
            {
                &quot;time&quot;: &quot;2022-02-18T15:18:28.019Z&quot;,
                &quot;status&quot;: &quot;PENDING&quot;
            },
            {
                &quot;time&quot;: &quot;2022-02-18T15:18:28.043Z&quot;,
                &quot;status&quot;: &quot;SEND&quot;
            },
            {
                &quot;time&quot;: &quot;2022-02-18T15:18:28.079Z&quot;,
                &quot;status&quot;: &quot;DELIVERED&quot;
            },
            {
                &quot;time&quot;: &quot;2022-02-18T15:20:43.491Z&quot;,
                &quot;status&quot;: &quot;PENDING&quot;
            },
            {
                &quot;time&quot;: &quot;2022-02-18T15:20:43.514Z&quot;,
                &quot;status&quot;: &quot;SEND&quot;
            },
            {
                &quot;time&quot;: &quot;2022-02-18T15:20:43.550Z&quot;,
                &quot;status&quot;: &quot;DELIVERED&quot;
            },
            {
                &quot;time&quot;: &quot;2022-02-18T15:23:08.808Z&quot;,
                &quot;status&quot;: &quot;PENDING&quot;
            },
            {
                &quot;time&quot;: &quot;2022-02-18T15:23:08.831Z&quot;,
                &quot;status&quot;: &quot;SEND&quot;
            },
            {
                &quot;time&quot;: &quot;2022-02-18T15:23:08.869Z&quot;,
                &quot;status&quot;: &quot;DELIVERED&quot;
            },
            {
                &quot;time&quot;: &quot;2022-02-18T15:23:31.763Z&quot;,
                &quot;status&quot;: &quot;PENDING&quot;
            },
            {
                &quot;time&quot;: &quot;2022-02-18T15:23:31.789Z&quot;,
                &quot;status&quot;: &quot;SEND&quot;
            },
            {
                &quot;time&quot;: &quot;2022-02-18T15:23:31.829Z&quot;,
                &quot;status&quot;: &quot;DELIVERED&quot;
            },
            {
                &quot;time&quot;: &quot;2022-02-18T15:23:56.183Z&quot;,
                &quot;status&quot;: &quot;PENDING&quot;
            },
            {
                &quot;time&quot;: &quot;2022-02-18T15:23:56.205Z&quot;,
                &quot;status&quot;: &quot;SEND&quot;
            },
            {
                &quot;time&quot;: &quot;2022-02-18T15:23:56.240Z&quot;,
                &quot;status&quot;: &quot;DELIVERED&quot;
            },
            {
                &quot;time&quot;: &quot;2022-02-18T15:24:19.191Z&quot;,
                &quot;status&quot;: &quot;PENDING&quot;
            },
            {
                &quot;time&quot;: &quot;2022-02-18T15:24:19.214Z&quot;,
                &quot;status&quot;: &quot;SEND&quot;
            },
            {
                &quot;time&quot;: &quot;2022-02-18T15:24:19.249Z&quot;,
                &quot;status&quot;: &quot;DELIVERED&quot;
            },
            {
                &quot;time&quot;: &quot;2022-02-18T15:24:56.124Z&quot;,
                &quot;status&quot;: &quot;PENDING&quot;
            },
            {
                &quot;time&quot;: &quot;2022-02-18T15:24:56.152Z&quot;,
                &quot;status&quot;: &quot;SEND&quot;
            },
            {
                &quot;time&quot;: &quot;2022-02-18T15:24:56.186Z&quot;,
                &quot;status&quot;: &quot;DELIVERED&quot;
            },
            {
                &quot;time&quot;: &quot;2022-02-18T15:25:21.105Z&quot;,
                &quot;status&quot;: &quot;PENDING&quot;
            },
            {
                &quot;time&quot;: &quot;2022-02-18T15:25:21.127Z&quot;,
                &quot;status&quot;: &quot;SEND&quot;
            },
            {
                &quot;time&quot;: &quot;2022-02-18T15:25:21.164Z&quot;,
                &quot;status&quot;: &quot;DELIVERED&quot;
            },
            {
                &quot;time&quot;: &quot;2022-02-18T15:25:45.991Z&quot;,
                &quot;status&quot;: &quot;PENDING&quot;
            },
            {
                &quot;time&quot;: &quot;2022-02-18T15:25:46.015Z&quot;,
                &quot;status&quot;: &quot;SEND&quot;
            },
            {
                &quot;time&quot;: &quot;2022-02-18T15:25:46.050Z&quot;,
                &quot;status&quot;: &quot;DELIVERED&quot;
            },
            {
                &quot;time&quot;: &quot;2022-02-18T15:42:24.600Z&quot;,
                &quot;status&quot;: &quot;PENDING&quot;
            },
            {
                &quot;time&quot;: &quot;2022-02-18T15:42:24.628Z&quot;,
                &quot;status&quot;: &quot;SEND&quot;
            },
            {
                &quot;time&quot;: &quot;2022-02-18T15:42:24.664Z&quot;,
                &quot;status&quot;: &quot;DELIVERED&quot;
            },
            {
                &quot;time&quot;: &quot;2022-02-18T15:45:04.233Z&quot;,
                &quot;status&quot;: &quot;PENDING&quot;
            },
            {
                &quot;time&quot;: &quot;2022-02-18T15:45:04.267Z&quot;,
                &quot;status&quot;: &quot;SEND&quot;
            },
            {
                &quot;time&quot;: &quot;2022-02-18T15:45:04.303Z&quot;,
                &quot;status&quot;: &quot;DELIVERED&quot;
            },
            {
                &quot;time&quot;: &quot;2022-02-18T15:45:26.812Z&quot;,
                &quot;status&quot;: &quot;PENDING&quot;
            },
            {
                &quot;time&quot;: &quot;2022-02-18T15:45:26.839Z&quot;,
                &quot;status&quot;: &quot;SEND&quot;
            },
            {
                &quot;time&quot;: &quot;2022-02-18T15:45:26.882Z&quot;,
                &quot;status&quot;: &quot;DELIVERED&quot;
            },
            {
                &quot;time&quot;: &quot;2022-02-18T15:48:05.017Z&quot;,
                &quot;status&quot;: &quot;PENDING&quot;
            },
            {
                &quot;time&quot;: &quot;2022-02-18T15:48:05.047Z&quot;,
                &quot;status&quot;: &quot;SEND&quot;
            }
        ],
        &quot;status&quot;: &quot;DELIVERED&quot;
    },
    &quot;creationTime&quot;: &quot;2022-02-18T15:10:35.358Z&quot;,
    &quot;deviceId&quot;: &quot;14382422&quot;,
    &quot;deviceName&quot;: &quot;mythic_beasts_pi_all_jobs_sag&quot;,
    &quot;self&quot;: &quot;https://t493319102.eu-latest.cumulocity.com/devicecontrol/operations/14382430&quot;,
    &quot;id&quot;: &quot;14382430&quot;,
    &quot;status&quot;: &quot;PENDING&quot;,
    &quot;c8y_LogfileRequest&quot;: {
        &quot;searchText&quot;: &quot;&quot;,
        &quot;logFile&quot;: &quot;software-management&quot;,
        &quot;dateTo&quot;: &quot;2021-11-21T18:55:49+0530&quot;,
        &quot;dateFrom&quot;: &quot;2021-11-15T18:55:49+0530&quot;,
        &quot;maximumLines&quot;: 300
    },
    &quot;description&quot;: &quot;Log file request&quot;
}
15:50:14 DEBUG Final URL of the request: https://thin-edge-io.eu-latest.cumulocity.com/devicecontrol/operations?deviceId=14382422&amp;pageSize=1&amp;revert=true&amp;dateFrom=1970-01-01T00%3A00%3A00.000Z
15:50:14 INFO  State of current operation: PENDING
15:50:14 DEBUG Final URL of the request: https://thin-edge-io.eu-latest.cumulocity.com/devicecontrol/operations?deviceId=14382422&amp;pageSize=1&amp;revert=true&amp;dateFrom=1970-01-01T00%3A00%3A00.000Z
15:50:14 DEBUG State of current operation: {
    &quot;delivery&quot;: {
        &quot;time&quot;: &quot;2022-02-18T15:48:05.094Z&quot;,
        &quot;log&quot;: [
            {
                &quot;time&quot;: &quot;2022-02-18T15:10:35.371Z&quot;,
                &quot;status&quot;: &quot;PENDING&quot;
            },
            {
                &quot;time&quot;: &quot;2022-02-18T15:10:35.380Z&quot;,
                &quot;status&quot;: &quot;SEND&quot;
            },
            {
                &quot;time&quot;: &quot;2022-02-18T15:10:35.414Z&quot;,
                &quot;status&quot;: &quot;DELIVERED&quot;
            },
            {
                &quot;time&quot;: &quot;2022-02-18T15:11:42.300Z&quot;,
                &quot;status&quot;: &quot;PENDING&quot;
            },
            {
                &quot;time&quot;: &quot;2022-02-18T15:11:42.322Z&quot;,
                &quot;status&quot;: &quot;SEND&quot;
            },
            {
                &quot;time&quot;: &quot;2022-02-18T15:11:42.359Z&quot;,
                &quot;status&quot;: &quot;DELIVERED&quot;
            },
            {
                &quot;time&quot;: &quot;2022-02-18T15:12:59.572Z&quot;,
                &quot;status&quot;: &quot;PENDING&quot;
            },
            {
                &quot;time&quot;: &quot;2022-02-18T15:12:59.593Z&quot;,
                &quot;status&quot;: &quot;SEND&quot;
            },
            {
                &quot;time&quot;: &quot;2022-02-18T15:12:59.628Z&quot;,
                &quot;status&quot;: &quot;DELIVERED&quot;
            },
            {
                &quot;time&quot;: &quot;2022-02-18T15:14:12.920Z&quot;,
                &quot;status&quot;: &quot;PENDING&quot;
            },
            {
                &quot;time&quot;: &quot;2022-02-18T15:14:12.944Z&quot;,
                &quot;status&quot;: &quot;SEND&quot;
            },
            {
                &quot;time&quot;: &quot;2022-02-18T15:14:12.981Z&quot;,
                &quot;status&quot;: &quot;DELIVERED&quot;
            },
            {
                &quot;time&quot;: &quot;2022-02-18T15:15:26.328Z&quot;,
                &quot;status&quot;: &quot;PENDING&quot;
            },
            {
                &quot;time&quot;: &quot;2022-02-18T15:15:26.352Z&quot;,
                &quot;status&quot;: &quot;SEND&quot;
            },
            {
                &quot;time&quot;: &quot;2022-02-18T15:15:26.390Z&quot;,
                &quot;status&quot;: &quot;DELIVERED&quot;
            },
            {
                &quot;time&quot;: &quot;2022-02-18T15:16:04.923Z&quot;,
                &quot;status&quot;: &quot;PENDING&quot;
            },
            {
                &quot;time&quot;: &quot;2022-02-18T15:16:04.942Z&quot;,
                &quot;status&quot;: &quot;SEND&quot;
            },
            {
                &quot;time&quot;: &quot;2022-02-18T15:16:04.979Z&quot;,
                &quot;status&quot;: &quot;DELIVERED&quot;
            },
            {
                &quot;time&quot;: &quot;2022-02-18T15:16:55.848Z&quot;,
                &quot;status&quot;: &quot;PENDING&quot;
            },
            {
                &quot;time&quot;: &quot;2022-02-18T15:16:55.868Z&quot;,
                &quot;status&quot;: &quot;SEND&quot;
            },
            {
                &quot;time&quot;: &quot;2022-02-18T15:16:55.905Z&quot;,
                &quot;status&quot;: &quot;DELIVERED&quot;
            },
            {
                &quot;time&quot;: &quot;2022-02-18T15:17:46.625Z&quot;,
                &quot;status&quot;: &quot;PENDING&quot;
            },
            {
                &quot;time&quot;: &quot;2022-02-18T15:17:46.652Z&quot;,
                &quot;status&quot;: &quot;SEND&quot;
            },
            {
                &quot;time&quot;: &quot;2022-02-18T15:17:46.687Z&quot;,
                &quot;status&quot;: &quot;DELIVERED&quot;
            },
            {
                &quot;time&quot;: &quot;2022-02-18T15:18:28.019Z&quot;,
                &quot;status&quot;: &quot;PENDING&quot;
            },
            {
                &quot;time&quot;: &quot;2022-02-18T15:18:28.043Z&quot;,
                &quot;status&quot;: &quot;SEND&quot;
            },
            {
                &quot;time&quot;: &quot;2022-02-18T15:18:28.079Z&quot;,
                &quot;status&quot;: &quot;DELIVERED&quot;
            },
            {
                &quot;time&quot;: &quot;2022-02-18T15:20:43.491Z&quot;,
                &quot;status&quot;: &quot;PENDING&quot;
            },
            {
                &quot;time&quot;: &quot;2022-02-18T15:20:43.514Z&quot;,
                &quot;status&quot;: &quot;SEND&quot;
            },
            {
                &quot;time&quot;: &quot;2022-02-18T15:20:43.550Z&quot;,
                &quot;status&quot;: &quot;DELIVERED&quot;
            },
            {
                &quot;time&quot;: &quot;2022-02-18T15:23:08.808Z&quot;,
                &quot;status&quot;: &quot;PENDING&quot;
            },
            {
                &quot;time&quot;: &quot;2022-02-18T15:23:08.831Z&quot;,
                &quot;status&quot;: &quot;SEND&quot;
            },
            {
                &quot;time&quot;: &quot;2022-02-18T15:23:08.869Z&quot;,
                &quot;status&quot;: &quot;DELIVERED&quot;
            },
            {
                &quot;time&quot;: &quot;2022-02-18T15:23:31.763Z&quot;,
                &quot;status&quot;: &quot;PENDING&quot;
            },
            {
                &quot;time&quot;: &quot;2022-02-18T15:23:31.789Z&quot;,
                &quot;status&quot;: &quot;SEND&quot;
            },
            {
                &quot;time&quot;: &quot;2022-02-18T15:23:31.829Z&quot;,
                &quot;status&quot;: &quot;DELIVERED&quot;
            },
            {
                &quot;time&quot;: &quot;2022-02-18T15:23:56.183Z&quot;,
                &quot;status&quot;: &quot;PENDING&quot;
            },
            {
                &quot;time&quot;: &quot;2022-02-18T15:23:56.205Z&quot;,
                &quot;status&quot;: &quot;SEND&quot;
            },
            {
                &quot;time&quot;: &quot;2022-02-18T15:23:56.240Z&quot;,
                &quot;status&quot;: &quot;DELIVERED&quot;
            },
            {
                &quot;time&quot;: &quot;2022-02-18T15:24:19.191Z&quot;,
                &quot;status&quot;: &quot;PENDING&quot;
            },
            {
                &quot;time&quot;: &quot;2022-02-18T15:24:19.214Z&quot;,
                &quot;status&quot;: &quot;SEND&quot;
            },
            {
                &quot;time&quot;: &quot;2022-02-18T15:24:19.249Z&quot;,
                &quot;status&quot;: &quot;DELIVERED&quot;
            },
            {
                &quot;time&quot;: &quot;2022-02-18T15:24:56.124Z&quot;,
                &quot;status&quot;: &quot;PENDING&quot;
            },
            {
                &quot;time&quot;: &quot;2022-02-18T15:24:56.152Z&quot;,
                &quot;status&quot;: &quot;SEND&quot;
            },
            {
                &quot;time&quot;: &quot;2022-02-18T15:24:56.186Z&quot;,
                &quot;status&quot;: &quot;DELIVERED&quot;
            },
            {
                &quot;time&quot;: &quot;2022-02-18T15:25:21.105Z&quot;,
                &quot;status&quot;: &quot;PENDING&quot;
            },
            {
                &quot;time&quot;: &quot;2022-02-18T15:25:21.127Z&quot;,
                &quot;status&quot;: &quot;SEND&quot;
            },
            {
                &quot;time&quot;: &quot;2022-02-18T15:25:21.164Z&quot;,
                &quot;status&quot;: &quot;DELIVERED&quot;
            },
            {
                &quot;time&quot;: &quot;2022-02-18T15:25:45.991Z&quot;,
                &quot;status&quot;: &quot;PENDING&quot;
            },
            {
                &quot;time&quot;: &quot;2022-02-18T15:25:46.015Z&quot;,
                &quot;status&quot;: &quot;SEND&quot;
            },
            {
                &quot;time&quot;: &quot;2022-02-18T15:25:46.050Z&quot;,
                &quot;status&quot;: &quot;DELIVERED&quot;
            },
            {
                &quot;time&quot;: &quot;2022-02-18T15:42:24.600Z&quot;,
                &quot;status&quot;: &quot;PENDING&quot;
            },
            {
                &quot;time&quot;: &quot;2022-02-18T15:42:24.628Z&quot;,
                &quot;status&quot;: &quot;SEND&quot;
            },
            {
                &quot;time&quot;: &quot;2022-02-18T15:42:24.664Z&quot;,
                &quot;status&quot;: &quot;DELIVERED&quot;
            },
            {
                &quot;time&quot;: &quot;2022-02-18T15:45:04.233Z&quot;,
                &quot;status&quot;: &quot;PENDING&quot;
            },
            {
                &quot;time&quot;: &quot;2022-02-18T15:45:04.267Z&quot;,
                &quot;status&quot;: &quot;SEND&quot;
            },
            {
                &quot;time&quot;: &quot;2022-02-18T15:45:04.303Z&quot;,
                &quot;status&quot;: &quot;DELIVERED&quot;
            },
            {
                &quot;time&quot;: &quot;2022-02-18T15:45:26.812Z&quot;,
                &quot;status&quot;: &quot;PENDING&quot;
            },
            {
                &quot;time&quot;: &quot;2022-02-18T15:45:26.839Z&quot;,
                &quot;status&quot;: &quot;SEND&quot;
            },
            {
                &quot;time&quot;: &quot;2022-02-18T15:45:26.882Z&quot;,
                &quot;status&quot;: &quot;DELIVERED&quot;
            },
            {
                &quot;time&quot;: &quot;2022-02-18T15:48:05.017Z&quot;,
                &quot;status&quot;: &quot;PENDING&quot;
            },
            {
                &quot;time&quot;: &quot;2022-02-18T15:48:05.047Z&quot;,
                &quot;status&quot;: &quot;SEND&quot;
            }
        ],
        &quot;status&quot;: &quot;DELIVERED&quot;
    },
    &quot;creationTime&quot;: &quot;2022-02-18T15:10:35.358Z&quot;,
    &quot;deviceId&quot;: &quot;14382422&quot;,
    &quot;deviceName&quot;: &quot;mythic_beasts_pi_all_jobs_sag&quot;,
    &quot;self&quot;: &quot;https://t493319102.eu-latest.cumulocity.com/devicecontrol/operations/14382430&quot;,
    &quot;id&quot;: &quot;14382430&quot;,
    &quot;status&quot;: &quot;PENDING&quot;,
    &quot;c8y_LogfileRequest&quot;: {
        &quot;searchText&quot;: &quot;&quot;,
        &quot;logFile&quot;: &quot;software-management&quot;,
        &quot;dateTo&quot;: &quot;2021-11-21T18:55:49+0530&quot;,
        &quot;dateFrom&quot;: &quot;2021-11-15T18:55:49+0530&quot;,
        &quot;maximumLines&quot;: 300
    },
    &quot;description&quot;: &quot;Log file request&quot;
}
15:50:16 DEBUG Final URL of the request: https://thin-edge-io.eu-latest.cumulocity.com/devicecontrol/operations?deviceId=14382422&amp;pageSize=1&amp;revert=true&amp;dateFrom=1970-01-01T00%3A00%3A00.000Z
15:50:16 INFO  State of current operation: PENDING
15:50:16 DEBUG Final URL of the request: https://thin-edge-io.eu-latest.cumulocity.com/devicecontrol/operations?deviceId=14382422&amp;pageSize=1&amp;revert=true&amp;dateFrom=1970-01-01T00%3A00%3A00.000Z
15:50:16 DEBUG State of current operation: {
    &quot;delivery&quot;: {
        &quot;time&quot;: &quot;2022-02-18T15:48:05.094Z&quot;,
        &quot;log&quot;: [
            {
                &quot;time&quot;: &quot;2022-02-18T15:10:35.371Z&quot;,
                &quot;status&quot;: &quot;PENDING&quot;
            },
            {
                &quot;time&quot;: &quot;2022-02-18T15:10:35.380Z&quot;,
                &quot;status&quot;: &quot;SEND&quot;
            },
            {
                &quot;time&quot;: &quot;2022-02-18T15:10:35.414Z&quot;,
                &quot;status&quot;: &quot;DELIVERED&quot;
            },
            {
                &quot;time&quot;: &quot;2022-02-18T15:11:42.300Z&quot;,
                &quot;status&quot;: &quot;PENDING&quot;
            },
            {
                &quot;time&quot;: &quot;2022-02-18T15:11:42.322Z&quot;,
                &quot;status&quot;: &quot;SEND&quot;
            },
            {
                &quot;time&quot;: &quot;2022-02-18T15:11:42.359Z&quot;,
                &quot;status&quot;: &quot;DELIVERED&quot;
            },
            {
                &quot;time&quot;: &quot;2022-02-18T15:12:59.572Z&quot;,
                &quot;status&quot;: &quot;PENDING&quot;
            },
            {
                &quot;time&quot;: &quot;2022-02-18T15:12:59.593Z&quot;,
                &quot;status&quot;: &quot;SEND&quot;
            },
            {
                &quot;time&quot;: &quot;2022-02-18T15:12:59.628Z&quot;,
                &quot;status&quot;: &quot;DELIVERED&quot;
            },
            {
                &quot;time&quot;: &quot;2022-02-18T15:14:12.920Z&quot;,
                &quot;status&quot;: &quot;PENDING&quot;
            },
            {
                &quot;time&quot;: &quot;2022-02-18T15:14:12.944Z&quot;,
                &quot;status&quot;: &quot;SEND&quot;
            },
            {
                &quot;time&quot;: &quot;2022-02-18T15:14:12.981Z&quot;,
                &quot;status&quot;: &quot;DELIVERED&quot;
            },
            {
                &quot;time&quot;: &quot;2022-02-18T15:15:26.328Z&quot;,
                &quot;status&quot;: &quot;PENDING&quot;
            },
            {
                &quot;time&quot;: &quot;2022-02-18T15:15:26.352Z&quot;,
                &quot;status&quot;: &quot;SEND&quot;
            },
            {
                &quot;time&quot;: &quot;2022-02-18T15:15:26.390Z&quot;,
                &quot;status&quot;: &quot;DELIVERED&quot;
            },
            {
                &quot;time&quot;: &quot;2022-02-18T15:16:04.923Z&quot;,
                &quot;status&quot;: &quot;PENDING&quot;
            },
            {
                &quot;time&quot;: &quot;2022-02-18T15:16:04.942Z&quot;,
                &quot;status&quot;: &quot;SEND&quot;
            },
            {
                &quot;time&quot;: &quot;2022-02-18T15:16:04.979Z&quot;,
                &quot;status&quot;: &quot;DELIVERED&quot;
            },
            {
                &quot;time&quot;: &quot;2022-02-18T15:16:55.848Z&quot;,
                &quot;status&quot;: &quot;PENDING&quot;
            },
            {
                &quot;time&quot;: &quot;2022-02-18T15:16:55.868Z&quot;,
                &quot;status&quot;: &quot;SEND&quot;
            },
            {
                &quot;time&quot;: &quot;2022-02-18T15:16:55.905Z&quot;,
                &quot;status&quot;: &quot;DELIVERED&quot;
            },
            {
                &quot;time&quot;: &quot;2022-02-18T15:17:46.625Z&quot;,
                &quot;status&quot;: &quot;PENDING&quot;
            },
            {
                &quot;time&quot;: &quot;2022-02-18T15:17:46.652Z&quot;,
                &quot;status&quot;: &quot;SEND&quot;
            },
            {
                &quot;time&quot;: &quot;2022-02-18T15:17:46.687Z&quot;,
                &quot;status&quot;: &quot;DELIVERED&quot;
            },
            {
                &quot;time&quot;: &quot;2022-02-18T15:18:28.019Z&quot;,
                &quot;status&quot;: &quot;PENDING&quot;
            },
            {
                &quot;time&quot;: &quot;2022-02-18T15:18:28.043Z&quot;,
                &quot;status&quot;: &quot;SEND&quot;
            },
            {
                &quot;time&quot;: &quot;2022-02-18T15:18:28.079Z&quot;,
                &quot;status&quot;: &quot;DELIVERED&quot;
            },
            {
                &quot;time&quot;: &quot;2022-02-18T15:20:43.491Z&quot;,
                &quot;status&quot;: &quot;PENDING&quot;
            },
            {
                &quot;time&quot;: &quot;2022-02-18T15:20:43.514Z&quot;,
                &quot;status&quot;: &quot;SEND&quot;
            },
            {
                &quot;time&quot;: &quot;2022-02-18T15:20:43.550Z&quot;,
                &quot;status&quot;: &quot;DELIVERED&quot;
            },
            {
                &quot;time&quot;: &quot;2022-02-18T15:23:08.808Z&quot;,
                &quot;status&quot;: &quot;PENDING&quot;
            },
            {
                &quot;time&quot;: &quot;2022-02-18T15:23:08.831Z&quot;,
                &quot;status&quot;: &quot;SEND&quot;
            },
            {
                &quot;time&quot;: &quot;2022-02-18T15:23:08.869Z&quot;,
                &quot;status&quot;: &quot;DELIVERED&quot;
            },
            {
                &quot;time&quot;: &quot;2022-02-18T15:23:31.763Z&quot;,
                &quot;status&quot;: &quot;PENDING&quot;
            },
            {
                &quot;time&quot;: &quot;2022-02-18T15:23:31.789Z&quot;,
                &quot;status&quot;: &quot;SEND&quot;
            },
            {
                &quot;time&quot;: &quot;2022-02-18T15:23:31.829Z&quot;,
                &quot;status&quot;: &quot;DELIVERED&quot;
            },
            {
                &quot;time&quot;: &quot;2022-02-18T15:23:56.183Z&quot;,
                &quot;status&quot;: &quot;PENDING&quot;
            },
            {
                &quot;time&quot;: &quot;2022-02-18T15:23:56.205Z&quot;,
                &quot;status&quot;: &quot;SEND&quot;
            },
            {
                &quot;time&quot;: &quot;2022-02-18T15:23:56.240Z&quot;,
                &quot;status&quot;: &quot;DELIVERED&quot;
            },
            {
                &quot;time&quot;: &quot;2022-02-18T15:24:19.191Z&quot;,
                &quot;status&quot;: &quot;PENDING&quot;
            },
            {
                &quot;time&quot;: &quot;2022-02-18T15:24:19.214Z&quot;,
                &quot;status&quot;: &quot;SEND&quot;
            },
            {
                &quot;time&quot;: &quot;2022-02-18T15:24:19.249Z&quot;,
                &quot;status&quot;: &quot;DELIVERED&quot;
            },
            {
                &quot;time&quot;: &quot;2022-02-18T15:24:56.124Z&quot;,
                &quot;status&quot;: &quot;PENDING&quot;
            },
            {
                &quot;time&quot;: &quot;2022-02-18T15:24:56.152Z&quot;,
                &quot;status&quot;: &quot;SEND&quot;
            },
            {
                &quot;time&quot;: &quot;2022-02-18T15:24:56.186Z&quot;,
                &quot;status&quot;: &quot;DELIVERED&quot;
            },
            {
                &quot;time&quot;: &quot;2022-02-18T15:25:21.105Z&quot;,
                &quot;status&quot;: &quot;PENDING&quot;
            },
            {
                &quot;time&quot;: &quot;2022-02-18T15:25:21.127Z&quot;,
                &quot;status&quot;: &quot;SEND&quot;
            },
            {
                &quot;time&quot;: &quot;2022-02-18T15:25:21.164Z&quot;,
                &quot;status&quot;: &quot;DELIVERED&quot;
            },
            {
                &quot;time&quot;: &quot;2022-02-18T15:25:45.991Z&quot;,
                &quot;status&quot;: &quot;PENDING&quot;
            },
            {
                &quot;time&quot;: &quot;2022-02-18T15:25:46.015Z&quot;,
                &quot;status&quot;: &quot;SEND&quot;
            },
            {
                &quot;time&quot;: &quot;2022-02-18T15:25:46.050Z&quot;,
                &quot;status&quot;: &quot;DELIVERED&quot;
            },
            {
                &quot;time&quot;: &quot;2022-02-18T15:42:24.600Z&quot;,
                &quot;status&quot;: &quot;PENDING&quot;
            },
            {
                &quot;time&quot;: &quot;2022-02-18T15:42:24.628Z&quot;,
                &quot;status&quot;: &quot;SEND&quot;
            },
            {
                &quot;time&quot;: &quot;2022-02-18T15:42:24.664Z&quot;,
                &quot;status&quot;: &quot;DELIVERED&quot;
            },
            {
                &quot;time&quot;: &quot;2022-02-18T15:45:04.233Z&quot;,
                &quot;status&quot;: &quot;PENDING&quot;
            },
            {
                &quot;time&quot;: &quot;2022-02-18T15:45:04.267Z&quot;,
                &quot;status&quot;: &quot;SEND&quot;
            },
            {
                &quot;time&quot;: &quot;2022-02-18T15:45:04.303Z&quot;,
                &quot;status&quot;: &quot;DELIVERED&quot;
            },
            {
                &quot;time&quot;: &quot;2022-02-18T15:45:26.812Z&quot;,
                &quot;status&quot;: &quot;PENDING&quot;
            },
            {
                &quot;time&quot;: &quot;2022-02-18T15:45:26.839Z&quot;,
                &quot;status&quot;: &quot;SEND&quot;
            },
            {
                &quot;time&quot;: &quot;2022-02-18T15:45:26.882Z&quot;,
                &quot;status&quot;: &quot;DELIVERED&quot;
            },
            {
                &quot;time&quot;: &quot;2022-02-18T15:48:05.017Z&quot;,
                &quot;status&quot;: &quot;PENDING&quot;
            },
            {
                &quot;time&quot;: &quot;2022-02-18T15:48:05.047Z&quot;,
                &quot;status&quot;: &quot;SEND&quot;
            }
        ],
        &quot;status&quot;: &quot;DELIVERED&quot;
    },
    &quot;creationTime&quot;: &quot;2022-02-18T15:10:35.358Z&quot;,
    &quot;deviceId&quot;: &quot;14382422&quot;,
    &quot;deviceName&quot;: &quot;mythic_beasts_pi_all_jobs_sag&quot;,
    &quot;self&quot;: &quot;https://t493319102.eu-latest.cumulocity.com/devicecontrol/operations/14382430&quot;,
    &quot;id&quot;: &quot;14382430&quot;,
    &quot;status&quot;: &quot;PENDING&quot;,
    &quot;c8y_LogfileRequest&quot;: {
        &quot;searchText&quot;: &quot;&quot;,
        &quot;logFile&quot;: &quot;software-management&quot;,
        &quot;dateTo&quot;: &quot;2021-11-21T18:55:49+0530&quot;,
        &quot;dateFrom&quot;: &quot;2021-11-15T18:55:49+0530&quot;,
        &quot;maximumLines&quot;: 300
    },
    &quot;description&quot;: &quot;Log file request&quot;
}
15:50:18 DEBUG Final URL of the request: https://thin-edge-io.eu-latest.cumulocity.com/devicecontrol/operations?deviceId=14382422&amp;pageSize=1&amp;revert=true&amp;dateFrom=1970-01-01T00%3A00%3A00.000Z
15:50:18 INFO  State of current operation: PENDING
15:50:18 DEBUG Final URL of the request: https://thin-edge-io.eu-latest.cumulocity.com/devicecontrol/operations?deviceId=14382422&amp;pageSize=1&amp;revert=true&amp;dateFrom=1970-01-01T00%3A00%3A00.000Z
15:50:18 DEBUG State of current operation: {
    &quot;delivery&quot;: {
        &quot;time&quot;: &quot;2022-02-18T15:48:05.094Z&quot;,
        &quot;log&quot;: [
            {
                &quot;time&quot;: &quot;2022-02-18T15:10:35.371Z&quot;,
                &quot;status&quot;: &quot;PENDING&quot;
            },
            {
                &quot;time&quot;: &quot;2022-02-18T15:10:35.380Z&quot;,
                &quot;status&quot;: &quot;SEND&quot;
            },
            {
                &quot;time&quot;: &quot;2022-02-18T15:10:35.414Z&quot;,
                &quot;status&quot;: &quot;DELIVERED&quot;
            },
            {
                &quot;time&quot;: &quot;2022-02-18T15:11:42.300Z&quot;,
                &quot;status&quot;: &quot;PENDING&quot;
            },
            {
                &quot;time&quot;: &quot;2022-02-18T15:11:42.322Z&quot;,
                &quot;status&quot;: &quot;SEND&quot;
            },
            {
                &quot;time&quot;: &quot;2022-02-18T15:11:42.359Z&quot;,
                &quot;status&quot;: &quot;DELIVERED&quot;
            },
            {
                &quot;time&quot;: &quot;2022-02-18T15:12:59.572Z&quot;,
                &quot;status&quot;: &quot;PENDING&quot;
            },
            {
                &quot;time&quot;: &quot;2022-02-18T15:12:59.593Z&quot;,
                &quot;status&quot;: &quot;SEND&quot;
            },
            {
                &quot;time&quot;: &quot;2022-02-18T15:12:59.628Z&quot;,
                &quot;status&quot;: &quot;DELIVERED&quot;
            },
            {
                &quot;time&quot;: &quot;2022-02-18T15:14:12.920Z&quot;,
                &quot;status&quot;: &quot;PENDING&quot;
            },
            {
                &quot;time&quot;: &quot;2022-02-18T15:14:12.944Z&quot;,
                &quot;status&quot;: &quot;SEND&quot;
            },
            {
                &quot;time&quot;: &quot;2022-02-18T15:14:12.981Z&quot;,
                &quot;status&quot;: &quot;DELIVERED&quot;
            },
            {
                &quot;time&quot;: &quot;2022-02-18T15:15:26.328Z&quot;,
                &quot;status&quot;: &quot;PENDING&quot;
            },
            {
                &quot;time&quot;: &quot;2022-02-18T15:15:26.352Z&quot;,
                &quot;status&quot;: &quot;SEND&quot;
            },
            {
                &quot;time&quot;: &quot;2022-02-18T15:15:26.390Z&quot;,
                &quot;status&quot;: &quot;DELIVERED&quot;
            },
            {
                &quot;time&quot;: &quot;2022-02-18T15:16:04.923Z&quot;,
                &quot;status&quot;: &quot;PENDING&quot;
            },
            {
                &quot;time&quot;: &quot;2022-02-18T15:16:04.942Z&quot;,
                &quot;status&quot;: &quot;SEND&quot;
            },
            {
                &quot;time&quot;: &quot;2022-02-18T15:16:04.979Z&quot;,
                &quot;status&quot;: &quot;DELIVERED&quot;
            },
            {
                &quot;time&quot;: &quot;2022-02-18T15:16:55.848Z&quot;,
                &quot;status&quot;: &quot;PENDING&quot;
            },
            {
                &quot;time&quot;: &quot;2022-02-18T15:16:55.868Z&quot;,
                &quot;status&quot;: &quot;SEND&quot;
            },
            {
                &quot;time&quot;: &quot;2022-02-18T15:16:55.905Z&quot;,
                &quot;status&quot;: &quot;DELIVERED&quot;
            },
            {
                &quot;time&quot;: &quot;2022-02-18T15:17:46.625Z&quot;,
                &quot;status&quot;: &quot;PENDING&quot;
            },
            {
                &quot;time&quot;: &quot;2022-02-18T15:17:46.652Z&quot;,
                &quot;status&quot;: &quot;SEND&quot;
            },
            {
                &quot;time&quot;: &quot;2022-02-18T15:17:46.687Z&quot;,
                &quot;status&quot;: &quot;DELIVERED&quot;
            },
            {
                &quot;time&quot;: &quot;2022-02-18T15:18:28.019Z&quot;,
                &quot;status&quot;: &quot;PENDING&quot;
            },
            {
                &quot;time&quot;: &quot;2022-02-18T15:18:28.043Z&quot;,
                &quot;status&quot;: &quot;SEND&quot;
            },
            {
                &quot;time&quot;: &quot;2022-02-18T15:18:28.079Z&quot;,
                &quot;status&quot;: &quot;DELIVERED&quot;
            },
            {
                &quot;time&quot;: &quot;2022-02-18T15:20:43.491Z&quot;,
                &quot;status&quot;: &quot;PENDING&quot;
            },
            {
                &quot;time&quot;: &quot;2022-02-18T15:20:43.514Z&quot;,
                &quot;status&quot;: &quot;SEND&quot;
            },
            {
                &quot;time&quot;: &quot;2022-02-18T15:20:43.550Z&quot;,
                &quot;status&quot;: &quot;DELIVERED&quot;
            },
            {
                &quot;time&quot;: &quot;2022-02-18T15:23:08.808Z&quot;,
                &quot;status&quot;: &quot;PENDING&quot;
            },
            {
                &quot;time&quot;: &quot;2022-02-18T15:23:08.831Z&quot;,
                &quot;status&quot;: &quot;SEND&quot;
            },
            {
                &quot;time&quot;: &quot;2022-02-18T15:23:08.869Z&quot;,
                &quot;status&quot;: &quot;DELIVERED&quot;
            },
            {
                &quot;time&quot;: &quot;2022-02-18T15:23:31.763Z&quot;,
                &quot;status&quot;: &quot;PENDING&quot;
            },
            {
                &quot;time&quot;: &quot;2022-02-18T15:23:31.789Z&quot;,
                &quot;status&quot;: &quot;SEND&quot;
            },
            {
                &quot;time&quot;: &quot;2022-02-18T15:23:31.829Z&quot;,
                &quot;status&quot;: &quot;DELIVERED&quot;
            },
            {
                &quot;time&quot;: &quot;2022-02-18T15:23:56.183Z&quot;,
                &quot;status&quot;: &quot;PENDING&quot;
            },
            {
                &quot;time&quot;: &quot;2022-02-18T15:23:56.205Z&quot;,
                &quot;status&quot;: &quot;SEND&quot;
            },
            {
                &quot;time&quot;: &quot;2022-02-18T15:23:56.240Z&quot;,
                &quot;status&quot;: &quot;DELIVERED&quot;
            },
            {
                &quot;time&quot;: &quot;2022-02-18T15:24:19.191Z&quot;,
                &quot;status&quot;: &quot;PENDING&quot;
            },
            {
                &quot;time&quot;: &quot;2022-02-18T15:24:19.214Z&quot;,
                &quot;status&quot;: &quot;SEND&quot;
            },
            {
                &quot;time&quot;: &quot;2022-02-18T15:24:19.249Z&quot;,
                &quot;status&quot;: &quot;DELIVERED&quot;
            },
            {
                &quot;time&quot;: &quot;2022-02-18T15:24:56.124Z&quot;,
                &quot;status&quot;: &quot;PENDING&quot;
            },
            {
                &quot;time&quot;: &quot;2022-02-18T15:24:56.152Z&quot;,
                &quot;status&quot;: &quot;SEND&quot;
            },
            {
                &quot;time&quot;: &quot;2022-02-18T15:24:56.186Z&quot;,
                &quot;status&quot;: &quot;DELIVERED&quot;
            },
            {
                &quot;time&quot;: &quot;2022-02-18T15:25:21.105Z&quot;,
                &quot;status&quot;: &quot;PENDING&quot;
            },
            {
                &quot;time&quot;: &quot;2022-02-18T15:25:21.127Z&quot;,
                &quot;status&quot;: &quot;SEND&quot;
            },
            {
                &quot;time&quot;: &quot;2022-02-18T15:25:21.164Z&quot;,
                &quot;status&quot;: &quot;DELIVERED&quot;
            },
            {
                &quot;time&quot;: &quot;2022-02-18T15:25:45.991Z&quot;,
                &quot;status&quot;: &quot;PENDING&quot;
            },
            {
                &quot;time&quot;: &quot;2022-02-18T15:25:46.015Z&quot;,
                &quot;status&quot;: &quot;SEND&quot;
            },
            {
                &quot;time&quot;: &quot;2022-02-18T15:25:46.050Z&quot;,
                &quot;status&quot;: &quot;DELIVERED&quot;
            },
            {
                &quot;time&quot;: &quot;2022-02-18T15:42:24.600Z&quot;,
                &quot;status&quot;: &quot;PENDING&quot;
            },
            {
                &quot;time&quot;: &quot;2022-02-18T15:42:24.628Z&quot;,
                &quot;status&quot;: &quot;SEND&quot;
            },
            {
                &quot;time&quot;: &quot;2022-02-18T15:42:24.664Z&quot;,
                &quot;status&quot;: &quot;DELIVERED&quot;
            },
            {
                &quot;time&quot;: &quot;2022-02-18T15:45:04.233Z&quot;,
                &quot;status&quot;: &quot;PENDING&quot;
            },
            {
                &quot;time&quot;: &quot;2022-02-18T15:45:04.267Z&quot;,
                &quot;status&quot;: &quot;SEND&quot;
            },
            {
                &quot;time&quot;: &quot;2022-02-18T15:45:04.303Z&quot;,
                &quot;status&quot;: &quot;DELIVERED&quot;
            },
            {
                &quot;time&quot;: &quot;2022-02-18T15:45:26.812Z&quot;,
                &quot;status&quot;: &quot;PENDING&quot;
            },
            {
                &quot;time&quot;: &quot;2022-02-18T15:45:26.839Z&quot;,
                &quot;status&quot;: &quot;SEND&quot;
            },
            {
                &quot;time&quot;: &quot;2022-02-18T15:45:26.882Z&quot;,
                &quot;status&quot;: &quot;DELIVERED&quot;
            },
            {
                &quot;time&quot;: &quot;2022-02-18T15:48:05.017Z&quot;,
                &quot;status&quot;: &quot;PENDING&quot;
            },
            {
                &quot;time&quot;: &quot;2022-02-18T15:48:05.047Z&quot;,
                &quot;status&quot;: &quot;SEND&quot;
            }
        ],
        &quot;status&quot;: &quot;DELIVERED&quot;
    },
    &quot;creationTime&quot;: &quot;2022-02-18T15:10:35.358Z&quot;,
    &quot;deviceId&quot;: &quot;14382422&quot;,
    &quot;deviceName&quot;: &quot;mythic_beasts_pi_all_jobs_sag&quot;,
    &quot;self&quot;: &quot;https://t493319102.eu-latest.cumulocity.com/devicecontrol/operations/14382430&quot;,
    &quot;id&quot;: &quot;14382430&quot;,
    &quot;status&quot;: &quot;PENDING&quot;,
    &quot;c8y_LogfileRequest&quot;: {
        &quot;searchText&quot;: &quot;&quot;,
        &quot;logFile&quot;: &quot;software-management&quot;,
        &quot;dateTo&quot;: &quot;2021-11-21T18:55:49+0530&quot;,
        &quot;dateFrom&quot;: &quot;2021-11-15T18:55:49+0530&quot;,
        &quot;maximumLines&quot;: 300
    },
    &quot;description&quot;: &quot;Log file request&quot;
}
15:50:20 DEBUG Final URL of the request: https://thin-edge-io.eu-latest.cumulocity.com/devicecontrol/operations?deviceId=14382422&amp;pageSize=1&amp;revert=true&amp;dateFrom=1970-01-01T00%3A00%3A00.000Z
15:50:20 INFO  State of current operation: PENDING
15:50:20 DEBUG Final URL of the request: https://thin-edge-io.eu-latest.cumulocity.com/devicecontrol/operations?deviceId=14382422&amp;pageSize=1&amp;revert=true&amp;dateFrom=1970-01-01T00%3A00%3A00.000Z
15:50:20 DEBUG State of current operation: {
    &quot;delivery&quot;: {
        &quot;time&quot;: &quot;2022-02-18T15:48:05.094Z&quot;,
        &quot;log&quot;: [
            {
                &quot;time&quot;: &quot;2022-02-18T15:10:35.371Z&quot;,
                &quot;status&quot;: &quot;PENDING&quot;
            },
            {
                &quot;time&quot;: &quot;2022-02-18T15:10:35.380Z&quot;,
                &quot;status&quot;: &quot;SEND&quot;
            },
            {
                &quot;time&quot;: &quot;2022-02-18T15:10:35.414Z&quot;,
                &quot;status&quot;: &quot;DELIVERED&quot;
            },
            {
                &quot;time&quot;: &quot;2022-02-18T15:11:42.300Z&quot;,
                &quot;status&quot;: &quot;PENDING&quot;
            },
            {
                &quot;time&quot;: &quot;2022-02-18T15:11:42.322Z&quot;,
                &quot;status&quot;: &quot;SEND&quot;
            },
            {
                &quot;time&quot;: &quot;2022-02-18T15:11:42.359Z&quot;,
                &quot;status&quot;: &quot;DELIVERED&quot;
            },
            {
                &quot;time&quot;: &quot;2022-02-18T15:12:59.572Z&quot;,
                &quot;status&quot;: &quot;PENDING&quot;
            },
            {
                &quot;time&quot;: &quot;2022-02-18T15:12:59.593Z&quot;,
                &quot;status&quot;: &quot;SEND&quot;
            },
            {
                &quot;time&quot;: &quot;2022-02-18T15:12:59.628Z&quot;,
                &quot;status&quot;: &quot;DELIVERED&quot;
            },
            {
                &quot;time&quot;: &quot;2022-02-18T15:14:12.920Z&quot;,
                &quot;status&quot;: &quot;PENDING&quot;
            },
            {
                &quot;time&quot;: &quot;2022-02-18T15:14:12.944Z&quot;,
                &quot;status&quot;: &quot;SEND&quot;
            },
            {
                &quot;time&quot;: &quot;2022-02-18T15:14:12.981Z&quot;,
                &quot;status&quot;: &quot;DELIVERED&quot;
            },
            {
                &quot;time&quot;: &quot;2022-02-18T15:15:26.328Z&quot;,
                &quot;status&quot;: &quot;PENDING&quot;
            },
            {
                &quot;time&quot;: &quot;2022-02-18T15:15:26.352Z&quot;,
                &quot;status&quot;: &quot;SEND&quot;
            },
            {
                &quot;time&quot;: &quot;2022-02-18T15:15:26.390Z&quot;,
                &quot;status&quot;: &quot;DELIVERED&quot;
            },
            {
                &quot;time&quot;: &quot;2022-02-18T15:16:04.923Z&quot;,
                &quot;status&quot;: &quot;PENDING&quot;
            },
            {
                &quot;time&quot;: &quot;2022-02-18T15:16:04.942Z&quot;,
                &quot;status&quot;: &quot;SEND&quot;
            },
            {
                &quot;time&quot;: &quot;2022-02-18T15:16:04.979Z&quot;,
                &quot;status&quot;: &quot;DELIVERED&quot;
            },
            {
                &quot;time&quot;: &quot;2022-02-18T15:16:55.848Z&quot;,
                &quot;status&quot;: &quot;PENDING&quot;
            },
            {
                &quot;time&quot;: &quot;2022-02-18T15:16:55.868Z&quot;,
                &quot;status&quot;: &quot;SEND&quot;
            },
            {
                &quot;time&quot;: &quot;2022-02-18T15:16:55.905Z&quot;,
                &quot;status&quot;: &quot;DELIVERED&quot;
            },
            {
                &quot;time&quot;: &quot;2022-02-18T15:17:46.625Z&quot;,
                &quot;status&quot;: &quot;PENDING&quot;
            },
            {
                &quot;time&quot;: &quot;2022-02-18T15:17:46.652Z&quot;,
                &quot;status&quot;: &quot;SEND&quot;
            },
            {
                &quot;time&quot;: &quot;2022-02-18T15:17:46.687Z&quot;,
                &quot;status&quot;: &quot;DELIVERED&quot;
            },
            {
                &quot;time&quot;: &quot;2022-02-18T15:18:28.019Z&quot;,
                &quot;status&quot;: &quot;PENDING&quot;
            },
            {
                &quot;time&quot;: &quot;2022-02-18T15:18:28.043Z&quot;,
                &quot;status&quot;: &quot;SEND&quot;
            },
            {
                &quot;time&quot;: &quot;2022-02-18T15:18:28.079Z&quot;,
                &quot;status&quot;: &quot;DELIVERED&quot;
            },
            {
                &quot;time&quot;: &quot;2022-02-18T15:20:43.491Z&quot;,
                &quot;status&quot;: &quot;PENDING&quot;
            },
            {
                &quot;time&quot;: &quot;2022-02-18T15:20:43.514Z&quot;,
                &quot;status&quot;: &quot;SEND&quot;
            },
            {
                &quot;time&quot;: &quot;2022-02-18T15:20:43.550Z&quot;,
                &quot;status&quot;: &quot;DELIVERED&quot;
            },
            {
                &quot;time&quot;: &quot;2022-02-18T15:23:08.808Z&quot;,
                &quot;status&quot;: &quot;PENDING&quot;
            },
            {
                &quot;time&quot;: &quot;2022-02-18T15:23:08.831Z&quot;,
                &quot;status&quot;: &quot;SEND&quot;
            },
            {
                &quot;time&quot;: &quot;2022-02-18T15:23:08.869Z&quot;,
                &quot;status&quot;: &quot;DELIVERED&quot;
            },
            {
                &quot;time&quot;: &quot;2022-02-18T15:23:31.763Z&quot;,
                &quot;status&quot;: &quot;PENDING&quot;
            },
            {
                &quot;time&quot;: &quot;2022-02-18T15:23:31.789Z&quot;,
                &quot;status&quot;: &quot;SEND&quot;
            },
            {
                &quot;time&quot;: &quot;2022-02-18T15:23:31.829Z&quot;,
                &quot;status&quot;: &quot;DELIVERED&quot;
            },
            {
                &quot;time&quot;: &quot;2022-02-18T15:23:56.183Z&quot;,
                &quot;status&quot;: &quot;PENDING&quot;
            },
            {
                &quot;time&quot;: &quot;2022-02-18T15:23:56.205Z&quot;,
                &quot;status&quot;: &quot;SEND&quot;
            },
            {
                &quot;time&quot;: &quot;2022-02-18T15:23:56.240Z&quot;,
                &quot;status&quot;: &quot;DELIVERED&quot;
            },
            {
                &quot;time&quot;: &quot;2022-02-18T15:24:19.191Z&quot;,
                &quot;status&quot;: &quot;PENDING&quot;
            },
            {
                &quot;time&quot;: &quot;2022-02-18T15:24:19.214Z&quot;,
                &quot;status&quot;: &quot;SEND&quot;
            },
            {
                &quot;time&quot;: &quot;2022-02-18T15:24:19.249Z&quot;,
                &quot;status&quot;: &quot;DELIVERED&quot;
            },
            {
                &quot;time&quot;: &quot;2022-02-18T15:24:56.124Z&quot;,
                &quot;status&quot;: &quot;PENDING&quot;
            },
            {
                &quot;time&quot;: &quot;2022-02-18T15:24:56.152Z&quot;,
                &quot;status&quot;: &quot;SEND&quot;
            },
            {
                &quot;time&quot;: &quot;2022-02-18T15:24:56.186Z&quot;,
                &quot;status&quot;: &quot;DELIVERED&quot;
            },
            {
                &quot;time&quot;: &quot;2022-02-18T15:25:21.105Z&quot;,
                &quot;status&quot;: &quot;PENDING&quot;
            },
            {
                &quot;time&quot;: &quot;2022-02-18T15:25:21.127Z&quot;,
                &quot;status&quot;: &quot;SEND&quot;
            },
            {
                &quot;time&quot;: &quot;2022-02-18T15:25:21.164Z&quot;,
                &quot;status&quot;: &quot;DELIVERED&quot;
            },
            {
                &quot;time&quot;: &quot;2022-02-18T15:25:45.991Z&quot;,
                &quot;status&quot;: &quot;PENDING&quot;
            },
            {
                &quot;time&quot;: &quot;2022-02-18T15:25:46.015Z&quot;,
                &quot;status&quot;: &quot;SEND&quot;
            },
            {
                &quot;time&quot;: &quot;2022-02-18T15:25:46.050Z&quot;,
                &quot;status&quot;: &quot;DELIVERED&quot;
            },
            {
                &quot;time&quot;: &quot;2022-02-18T15:42:24.600Z&quot;,
                &quot;status&quot;: &quot;PENDING&quot;
            },
            {
                &quot;time&quot;: &quot;2022-02-18T15:42:24.628Z&quot;,
                &quot;status&quot;: &quot;SEND&quot;
            },
            {
                &quot;time&quot;: &quot;2022-02-18T15:42:24.664Z&quot;,
                &quot;status&quot;: &quot;DELIVERED&quot;
            },
            {
                &quot;time&quot;: &quot;2022-02-18T15:45:04.233Z&quot;,
                &quot;status&quot;: &quot;PENDING&quot;
            },
            {
                &quot;time&quot;: &quot;2022-02-18T15:45:04.267Z&quot;,
                &quot;status&quot;: &quot;SEND&quot;
            },
            {
                &quot;time&quot;: &quot;2022-02-18T15:45:04.303Z&quot;,
                &quot;status&quot;: &quot;DELIVERED&quot;
            },
            {
                &quot;time&quot;: &quot;2022-02-18T15:45:26.812Z&quot;,
                &quot;status&quot;: &quot;PENDING&quot;
            },
            {
                &quot;time&quot;: &quot;2022-02-18T15:45:26.839Z&quot;,
                &quot;status&quot;: &quot;SEND&quot;
            },
            {
                &quot;time&quot;: &quot;2022-02-18T15:45:26.882Z&quot;,
                &quot;status&quot;: &quot;DELIVERED&quot;
            },
            {
                &quot;time&quot;: &quot;2022-02-18T15:48:05.017Z&quot;,
                &quot;status&quot;: &quot;PENDING&quot;
            },
            {
                &quot;time&quot;: &quot;2022-02-18T15:48:05.047Z&quot;,
                &quot;status&quot;: &quot;SEND&quot;
            }
        ],
        &quot;status&quot;: &quot;DELIVERED&quot;
    },
    &quot;creationTime&quot;: &quot;2022-02-18T15:10:35.358Z&quot;,
    &quot;deviceId&quot;: &quot;14382422&quot;,
    &quot;deviceName&quot;: &quot;mythic_beasts_pi_all_jobs_sag&quot;,
    &quot;self&quot;: &quot;https://t493319102.eu-latest.cumulocity.com/devicecontrol/operations/14382430&quot;,
    &quot;id&quot;: &quot;14382430&quot;,
    &quot;status&quot;: &quot;PENDING&quot;,
    &quot;c8y_LogfileRequest&quot;: {
        &quot;searchText&quot;: &quot;&quot;,
        &quot;logFile&quot;: &quot;software-management&quot;,
        &quot;dateTo&quot;: &quot;2021-11-21T18:55:49+0530&quot;,
        &quot;dateFrom&quot;: &quot;2021-11-15T18:55:49+0530&quot;,
        &quot;maximumLines&quot;: 300
    },
    &quot;description&quot;: &quot;Log file request&quot;
}
15:50:22 WARN  caught &lt;class 'SystemError'&gt; while running test: Timeout while waiting for status FAILED or SUCCESSFUL
Traceback (most recent call last):
  File &quot;/home/pi/env-pysys/lib/python3.7/site-packages/pysys/baserunner.py&quot;, line 1207, in __call__
    self.testObj.setup()
  File &quot;/home/pi/actions-runner/_work/thin-edge.io/thin-edge.io/tests/PySys/software_management_end_to_end/sm_apt_install_remove/run.py&quot;, line 27, in setup
    super().setup()
  File &quot;/home/pi/actions-runner/_work/thin-edge.io/thin-edge.io/tests/PySys/software_management_end_to_end/environment_sm_management.py&quot;, line 150, in setup
    self.wait_until_end()
  File &quot;/home/pi/actions-runner/_work/thin-edge.io/thin-edge.io/tests/PySys/software_management_end_to_end/environment_sm_management.py&quot;, line 332, in wait_until_end
    self.wait_until_status(&quot;FAILED&quot;, &quot;SUCCESSFUL&quot;)
  File &quot;/home/pi/actions-runner/_work/thin-edge.io/thin-edge.io/tests/PySys/software_management_end_to_end/environment_sm_management.py&quot;, line 378, in wait_until_status
    status, status2)
SystemError: Timeout while waiting for status FAILED or SUCCESSFUL
15:50:22 WARN  SystemError: Timeout while waiting for status FAILED or SUCCESSFUL ... blocked 
15:50:22 DEBUG --- test cleanup
15:50:22 INFO  
15:50:22 INFO  cleanup:
15:50:22 DEBUG Running registered cleanup function: &lt;bound method SoftwareManagement.mysmcleanup of &lt;PySysTest object at 0x760606d0&gt;&gt;
15:50:22 DEBUG Running registered cleanup function: &lt;bound method EnvironmentC8y.myenvcleanup of &lt;PySysTest object at 0x760606d0&gt;&gt;
15:50:22 DEBUG EnvironmentC8y Cleanup
15:50:23 DEBUG Process parameters for sudo&lt;tedge_disconnect_c8y&gt;
  command line : /usr/bin/sudo /usr/bin/tedge disconnect c8y
    arg #1     : /usr/bin/tedge
    arg #2     : disconnect
    arg #3     : c8y
  working dir  : /home/pi/actions-runner/_work/thin-edge.io/thin-edge.io/tests/PySys/software_management_end_to_end/sm_apt_install_remove/Output/linux
  stdout       : /home/pi/actions-runner/_work/thin-edge.io/thin-edge.io/tests/PySys/software_management_end_to_end/sm_apt_install_remove/Output/linux/tedge_disconnect_c8y.out
  stderr       : /home/pi/actions-runner/_work/thin-edge.io/thin-edge.io/tests/PySys/software_management_end_to_end/sm_apt_install_remove/Output/linux/tedge_disconnect_c8y.err
  environment  : LD_LIBRARY_PATH=/usr/lib
  environment  : PATH=/bin:/usr/bin:/usr/sbin:/usr/local/bin
                   #1  /bin
                   #2  /usr/bin
                   #3  /usr/sbin
                   #4  /usr/local/bin
15:50:23 DEBUG Waiting up to 600 secs for process sudo&lt;tedge_disconnect_c8y&gt; (pid 4117)
15:50:25 INFO  Executed sudo&lt;tedge_disconnect_c8y&gt;, exit status 0
15:50:25 DEBUG Process parameters for systemctl&lt;serv_mapper5&gt;
  command line : /usr/bin/systemctl status tedge-mapper-c8y
    arg #1     : status
    arg #2     : tedge-mapper-c8y
  working dir  : /home/pi/actions-runner/_work/thin-edge.io/thin-edge.io/tests/PySys/software_management_end_to_end/sm_apt_install_remove/Output/linux
  stdout       : /home/pi/actions-runner/_work/thin-edge.io/thin-edge.io/tests/PySys/software_management_end_to_end/sm_apt_install_remove/Output/linux/serv_mapper5.out
  stderr       : /home/pi/actions-runner/_work/thin-edge.io/thin-edge.io/tests/PySys/software_management_end_to_end/sm_apt_install_remove/Output/linux/serv_mapper5.err
  environment  : LD_LIBRARY_PATH=/usr/lib
  environment  : PATH=/bin:/usr/bin:/usr/sbin:/usr/local/bin
                   #1  /bin
                   #2  /usr/bin
                   #3  /usr/sbin
                   #4  /usr/local/bin
15:50:25 DEBUG Waiting up to 600 secs for process systemctl&lt;serv_mapper5&gt; (pid 4153)
15:50:25 INFO  Executed systemctl&lt;serv_mapper5&gt;, exit status 3
15:50:25 DEBUG ProcessUser cleanup function done.
15:50:25 INFO  
15:50:25 INFO  Test duration: 157.90 secs
15:50:25 INFO  Test final outcome:  BLOCKED
15:50:25 INFO  Test outcome reason: SystemError: Timeout while waiting for status FAILED or SUCCESSFUL
15:50:25 INFO  
</system-out>
	</testcase>
</testsuite>
