<?xml version="1.0" encoding="utf-8"?>
<testsuite failures="0" name="SoftwareManagement.sm_mixed_install_remove_multiple" skipped="0" tests="1" time="139.92" timestamp="2022-03-04T13:34:21">
	<testcase classname="PySysTest" name="SoftwareManagement.sm_mixed_install_remove_multiple"/>
</testsuite>
