<?xml version="1.0" encoding="utf-8"?>
<testsuite failures="0" name="SoftwareManagement.sm_mixed_install_remove_multiple" skipped="0" tests="1" time="146.76" timestamp="2022-03-02T13:30:16">
	<testcase classname="PySysTest" name="SoftwareManagement.sm_mixed_install_remove_multiple"/>
</testsuite>
