<?xml version="1.0" encoding="utf-8"?>
<testsuite failures="1" name="SoftwareManagement.sm_mapper_fail_and_reconnect" skipped="0" tests="1" time="0.02" timestamp="2022-02-22T12:06:13">
	<testcase classname="SmMapperC8yReceiveLastMessageOnRestart" name="SoftwareManagement.sm_mapper_fail_and_reconnect">
		<failure message="BLOCKED: Failed to set up test: name 'BaseTest' is not defined" type="BLOCKED"/>
		<system-out>12:06:13 INFO  ==============================================================
12:06:13 INFO  Id:    SoftwareManagement.sm_mapper_fail_and_reconnect
12:06:13 INFO  Dir:   software_management_end_to_end/
12:06:13 INFO  Title: Validate the tedge-mapper-sm-c8y for receiving the last message on restart
12:06:13 DEBUG Execution order hint: 0.0
12:06:13 INFO  ==============================================================
12:06:13 WARN  Failed to set up test: name 'BaseTest' is not defined ... blocked 
12:06:13 WARN  caught &lt;class 'NameError'&gt; while setting up test SoftwareManagement.sm_mapper_fail_and_reconnect: name 'BaseTest' is not defined
Traceback (most recent call last):
  File &quot;/home/pi/env-pysys/lib/python3.7/site-packages/pysys/baserunner.py&quot;, line 1143, in __call__
    exec(runpycode, runpy_namespace)
  File &quot;/home/pi/actions-runner/_work/thin-edge.io/thin-edge.io/tests/PySys/software_management_end_to_end/sm_mapper_fail_and_reconnect/run.py&quot;, line 27, in &lt;module&gt;
    class SmMapperC8yReceiveLastMessageOnRestart(BaseTest):
NameError: name 'BaseTest' is not defined
12:06:13 DEBUG --- test cleanup
12:06:13 DEBUG ProcessUser cleanup function done.
12:06:13 INFO  
12:06:13 INFO  Test duration: 0.02 secs
12:06:13 INFO  Test final outcome:  BLOCKED
12:06:13 INFO  Test outcome reason: Failed to set up test: name 'BaseTest' is not defined
12:06:13 INFO  
</system-out>
	</testcase>
</testsuite>
