<?xml version="1.0" encoding="utf-8"?>
<testsuite failures="1" name="SoftwareManagement.sm_apt_install_remove_default" skipped="0" tests="1" time="119.74" timestamp="2022-02-14T14:07:40">
	<testcase classname="PySysTest" name="SoftwareManagement.sm_apt_install_remove_default">
		<failure message="FAILED: Assert that (False == value) with value=True" type="FAILED"/>
		<system-out>14:05:40 INFO  ==============================================================
14:05:40 INFO  Id:    SoftwareManagement.sm_apt_install_remove_default
14:05:40 INFO  Dir:   software_management_end_to_end/
14:05:40 INFO  Title: Validate end to end behaviour for the default plugin for installation and removal of packages
14:05:40 DEBUG Execution order hint: 0.0
14:05:40 INFO  ==============================================================
14:05:40 INFO  Using sw id database: {'asciijump': '5475369', 'robotfindskitten': '5474869', 'squirrel3': '5475279', 'rolldice': '5152439', 'moon-buggy': '5439204', 'apple': '5495053', 'banana': '5494888', 'cherry': '5495382', 'watermelon': '5494510', 'registry': '8018911', 'hello-world': '8021526', 'docker/getting-started': '8021973', 'alpine': '7991792'}
14:05:40 DEBUG EnvironmentC8y Setup
14:05:40 INFO  EnvironmentC8y Setup
14:05:40 DEBUG Process parameters for systemctl&lt;serv_mapper1&gt;
  command line : /usr/bin/systemctl status tedge-mapper-c8y
    arg #1     : status
    arg #2     : tedge-mapper-c8y
  working dir  : /home/pi/actions-runner/_work/thin-edge.io/thin-edge.io/tests/PySys/software_management_end_to_end/sm_apt_install_remove_default/Output/linux
  stdout       : /home/pi/actions-runner/_work/thin-edge.io/thin-edge.io/tests/PySys/software_management_end_to_end/sm_apt_install_remove_default/Output/linux/serv_mapper1.out
  stderr       : /home/pi/actions-runner/_work/thin-edge.io/thin-edge.io/tests/PySys/software_management_end_to_end/sm_apt_install_remove_default/Output/linux/serv_mapper1.err
  environment  : LD_LIBRARY_PATH=/usr/lib
  environment  : PATH=/bin:/usr/bin:/usr/sbin:/usr/local/bin
                   #1  /bin
                   #2  /usr/bin
                   #3  /usr/sbin
                   #4  /usr/local/bin
14:05:40 DEBUG Waiting up to 600 secs for process systemctl&lt;serv_mapper1&gt; (pid 6257)
14:05:41 INFO  Executed systemctl&lt;serv_mapper1&gt;, exit status 3
14:05:41 INFO  Restarting mosquitto too frequently in the last 10 seconds. It was only up for 4 seconds
14:05:41 INFO  Delaying execution by 7 seconds
14:05:48 DEBUG Process parameters for sudo&lt;tedge_connect_c8y&gt;
  command line : /usr/bin/sudo /usr/bin/tedge connect c8y
    arg #1     : /usr/bin/tedge
    arg #2     : connect
    arg #3     : c8y
  working dir  : /home/pi/actions-runner/_work/thin-edge.io/thin-edge.io/tests/PySys/software_management_end_to_end/sm_apt_install_remove_default/Output/linux
  stdout       : /home/pi/actions-runner/_work/thin-edge.io/thin-edge.io/tests/PySys/software_management_end_to_end/sm_apt_install_remove_default/Output/linux/tedge_connect_c8y.out
  stderr       : /home/pi/actions-runner/_work/thin-edge.io/thin-edge.io/tests/PySys/software_management_end_to_end/sm_apt_install_remove_default/Output/linux/tedge_connect_c8y.err
  environment  : LD_LIBRARY_PATH=/usr/lib
  environment  : PATH=/bin:/usr/bin:/usr/sbin:/usr/local/bin
                   #1  /bin
                   #2  /usr/bin
                   #3  /usr/sbin
                   #4  /usr/local/bin
14:05:48 DEBUG Waiting up to 600 secs for process sudo&lt;tedge_connect_c8y&gt; (pid 6263)
14:05:59 INFO  Executed sudo&lt;tedge_connect_c8y&gt;, exit status 0
14:05:59 DEBUG Process parameters for sudo&lt;tedge_connect_c8y_test&gt;
  command line : /usr/bin/sudo /usr/bin/tedge connect c8y --test
    arg #1     : /usr/bin/tedge
    arg #2     : connect
    arg #3     : c8y
    arg #4     : --test
  working dir  : /home/pi/actions-runner/_work/thin-edge.io/thin-edge.io/tests/PySys/software_management_end_to_end/sm_apt_install_remove_default/Output/linux
  stdout       : /home/pi/actions-runner/_work/thin-edge.io/thin-edge.io/tests/PySys/software_management_end_to_end/sm_apt_install_remove_default/Output/linux/tedge_connect_c8y_test.out
  stderr       : /home/pi/actions-runner/_work/thin-edge.io/thin-edge.io/tests/PySys/software_management_end_to_end/sm_apt_install_remove_default/Output/linux/tedge_connect_c8y_test.err
  environment  : LD_LIBRARY_PATH=/usr/lib
  environment  : PATH=/bin:/usr/bin:/usr/sbin:/usr/local/bin
                   #1  /bin
                   #2  /usr/bin
                   #3  /usr/sbin
                   #4  /usr/local/bin
14:05:59 DEBUG Waiting up to 600 secs for process sudo&lt;tedge_connect_c8y_test&gt; (pid 6400)
14:05:59 INFO  Executed sudo&lt;tedge_connect_c8y_test&gt;, exit status 0
14:05:59 DEBUG Process parameters for systemctl&lt;serv_mosq2&gt;
  command line : /usr/bin/systemctl status mosquitto
    arg #1     : status
    arg #2     : mosquitto
  working dir  : /home/pi/actions-runner/_work/thin-edge.io/thin-edge.io/tests/PySys/software_management_end_to_end/sm_apt_install_remove_default/Output/linux
  stdout       : /home/pi/actions-runner/_work/thin-edge.io/thin-edge.io/tests/PySys/software_management_end_to_end/sm_apt_install_remove_default/Output/linux/serv_mosq2.out
  stderr       : /home/pi/actions-runner/_work/thin-edge.io/thin-edge.io/tests/PySys/software_management_end_to_end/sm_apt_install_remove_default/Output/linux/serv_mosq2.err
  environment  : LD_LIBRARY_PATH=/usr/lib
  environment  : PATH=/bin:/usr/bin:/usr/sbin:/usr/local/bin
                   #1  /bin
                   #2  /usr/bin
                   #3  /usr/sbin
                   #4  /usr/local/bin
14:05:59 DEBUG Waiting up to 600 secs for process systemctl&lt;serv_mosq2&gt; (pid 6405)
14:05:59 INFO  Executed systemctl&lt;serv_mosq2&gt;, exit status 0
14:05:59 DEBUG Process parameters for systemctl&lt;serv_mapper3&gt;
  command line : /usr/bin/systemctl status tedge-mapper-c8y
    arg #1     : status
    arg #2     : tedge-mapper-c8y
  working dir  : /home/pi/actions-runner/_work/thin-edge.io/thin-edge.io/tests/PySys/software_management_end_to_end/sm_apt_install_remove_default/Output/linux
  stdout       : /home/pi/actions-runner/_work/thin-edge.io/thin-edge.io/tests/PySys/software_management_end_to_end/sm_apt_install_remove_default/Output/linux/serv_mapper3.out
  stderr       : /home/pi/actions-runner/_work/thin-edge.io/thin-edge.io/tests/PySys/software_management_end_to_end/sm_apt_install_remove_default/Output/linux/serv_mapper3.err
  environment  : LD_LIBRARY_PATH=/usr/lib
  environment  : PATH=/bin:/usr/bin:/usr/sbin:/usr/local/bin
                   #1  /bin
                   #2  /usr/bin
                   #3  /usr/sbin
                   #4  /usr/local/bin
14:05:59 DEBUG Waiting up to 600 secs for process systemctl&lt;serv_mapper3&gt; (pid 6406)
14:06:00 INFO  Executed systemctl&lt;serv_mapper3&gt;, exit status 0
14:06:02 DEBUG Final URL of the request: https://thin-edge-io.eu-latest.cumulocity.com/devicecontrol/operations?deviceId=8011444&amp;pageSize=1&amp;revert=true&amp;dateFrom=1970-01-01T00%3A00%3A00.000Z
14:06:02 INFO  State of current operation: FAILED
14:06:02 DEBUG Final URL of the request: https://thin-edge-io.eu-latest.cumulocity.com/devicecontrol/operations?deviceId=8011444&amp;pageSize=1&amp;revert=true&amp;dateFrom=1970-01-01T00%3A00%3A00.000Z
14:06:02 DEBUG State of current operation: {
    &quot;delivery&quot;: {
        &quot;time&quot;: &quot;2022-02-14T14:04:44.991Z&quot;,
        &quot;log&quot;: [
            {
                &quot;time&quot;: &quot;2022-02-14T14:04:44.939Z&quot;,
                &quot;status&quot;: &quot;PENDING&quot;
            },
            {
                &quot;time&quot;: &quot;2022-02-14T14:04:44.955Z&quot;,
                &quot;status&quot;: &quot;SEND&quot;
            }
        ],
        &quot;status&quot;: &quot;DELIVERED&quot;
    },
    &quot;creationTime&quot;: &quot;2022-02-14T14:04:44.911Z&quot;,
    &quot;deviceId&quot;: &quot;8011444&quot;,
    &quot;deviceName&quot;: &quot;thin-edge.io&quot;,
    &quot;failureReason&quot;: &quot;1 error, see device log file /var/log/tedge/agent/software-update-2022-02-14T14:04:46.723110922Z.log&quot;,
    &quot;self&quot;: &quot;https://t493319102.eu-latest.cumulocity.com/devicecontrol/operations/14159836&quot;,
    &quot;id&quot;: &quot;14159836&quot;,
    &quot;status&quot;: &quot;FAILED&quot;,
    &quot;description&quot;: &quot;Apply software changes, triggered from PySys: [{'name': 'does_not_exist', 'id': '5446165', 'version': '::apt', 'url': '', 'action': 'install'}]&quot;,
    &quot;c8y_SoftwareUpdate&quot;: [
        {
            &quot;name&quot;: &quot;does_not_exist&quot;,
            &quot;action&quot;: &quot;install&quot;,
            &quot;id&quot;: &quot;5446165&quot;,
            &quot;version&quot;: &quot;::apt&quot;,
            &quot;url&quot;: &quot;&quot;
        }
    ]
}
14:06:02 INFO  Package rolldice is installed
14:06:02 WARN  Assert that (False == value) with value=True ... failed 
14:06:02 DEBUG --- test execute
14:06:02 INFO  Response status: 201
14:06:02 INFO  Response to action: {
    &quot;creationTime&quot;: &quot;2022-02-14T14:06:02.572Z&quot;,
    &quot;deviceId&quot;: &quot;8011444&quot;,
    &quot;deviceName&quot;: &quot;thin-edge.io&quot;,
    &quot;self&quot;: &quot;https://t493319102.eu-latest.cumulocity.com/devicecontrol/operations/14159838&quot;,
    &quot;id&quot;: &quot;14159838&quot;,
    &quot;status&quot;: &quot;PENDING&quot;,
    &quot;description&quot;: &quot;Apply software changes, triggered from PySys: [{'name': 'rolldice', 'id': '5152439', 'version': ' ', 'url': '', 'action': 'install'}]&quot;,
    &quot;c8y_SoftwareUpdate&quot;: [
        {
            &quot;name&quot;: &quot;rolldice&quot;,
            &quot;action&quot;: &quot;install&quot;,
            &quot;id&quot;: &quot;5152439&quot;,
            &quot;version&quot;: &quot; &quot;,
            &quot;url&quot;: &quot;&quot;
        }
    ]
}
14:06:02 INFO  Started operation: {'creationTime': '2022-02-14T14:06:02.572Z', 'deviceId': '8011444', 'deviceName': 'thin-edge.io', 'self': 'https://t493319102.eu-latest.cumulocity.com/devicecontrol/operations/14159838', 'id': '14159838', 'status': 'PENDING', 'description': &quot;Apply software changes, triggered from PySys: [{'name': 'rolldice', 'id': '5152439', 'version': ' ', 'url': '', 'action': 'install'}]&quot;, 'c8y_SoftwareUpdate': [{'name': 'rolldice', 'action': 'install', 'id': '5152439', 'version': ' ', 'url': ''}]}
14:06:04 INFO  State of operation 14159838 : EXECUTING
14:06:06 INFO  State of operation 14159838 : EXECUTING
14:06:09 INFO  State of operation 14159838 : EXECUTING
14:06:11 INFO  State of operation 14159838 : EXECUTING
14:06:13 INFO  State of operation 14159838 : EXECUTING
14:06:16 INFO  State of operation 14159838 : EXECUTING
14:06:18 INFO  State of operation 14159838 : EXECUTING
14:06:20 INFO  State of operation 14159838 : EXECUTING
14:06:23 INFO  State of operation 14159838 : EXECUTING
14:06:25 INFO  State of operation 14159838 : EXECUTING
14:06:27 INFO  State of operation 14159838 : EXECUTING
14:06:29 INFO  State of operation 14159838 : EXECUTING
14:06:32 INFO  State of operation 14159838 : EXECUTING
14:06:34 INFO  State of operation 14159838 : EXECUTING
14:06:37 INFO  State of operation 14159838 : EXECUTING
14:06:39 INFO  State of operation 14159838 : EXECUTING
14:06:41 INFO  State of operation 14159838 : EXECUTING
14:06:44 INFO  State of operation 14159838 : EXECUTING
14:06:46 INFO  State of operation 14159838 : EXECUTING
14:06:48 INFO  State of operation 14159838 : EXECUTING
14:06:51 INFO  State of operation 14159838 : EXECUTING
14:06:53 INFO  State of operation 14159838 : EXECUTING
14:06:55 INFO  State of operation 14159838 : EXECUTING
14:06:57 INFO  State of operation 14159838 : EXECUTING
14:06:59 INFO  State of operation 14159838 : SUCCESSFUL
14:06:59 INFO  Package rolldice is installed
14:06:59 INFO  Assert that (True == value) with value=True ... passed
14:07:00 INFO  Response status: 201
14:07:00 INFO  Response to action: {
    &quot;creationTime&quot;: &quot;2022-02-14T14:07:00.036Z&quot;,
    &quot;deviceId&quot;: &quot;8011444&quot;,
    &quot;deviceName&quot;: &quot;thin-edge.io&quot;,
    &quot;self&quot;: &quot;https://t493319102.eu-latest.cumulocity.com/devicecontrol/operations/14159840&quot;,
    &quot;id&quot;: &quot;14159840&quot;,
    &quot;status&quot;: &quot;PENDING&quot;,
    &quot;description&quot;: &quot;Apply software changes, triggered from PySys: [{'name': 'rolldice', 'id': '5152439', 'version': ' ', 'url': '', 'action': 'delete'}]&quot;,
    &quot;c8y_SoftwareUpdate&quot;: [
        {
            &quot;name&quot;: &quot;rolldice&quot;,
            &quot;action&quot;: &quot;delete&quot;,
            &quot;id&quot;: &quot;5152439&quot;,
            &quot;version&quot;: &quot; &quot;,
            &quot;url&quot;: &quot;&quot;
        }
    ]
}
14:07:00 INFO  Started operation: {'creationTime': '2022-02-14T14:07:00.036Z', 'deviceId': '8011444', 'deviceName': 'thin-edge.io', 'self': 'https://t493319102.eu-latest.cumulocity.com/devicecontrol/operations/14159840', 'id': '14159840', 'status': 'PENDING', 'description': &quot;Apply software changes, triggered from PySys: [{'name': 'rolldice', 'id': '5152439', 'version': ' ', 'url': '', 'action': 'delete'}]&quot;, 'c8y_SoftwareUpdate': [{'name': 'rolldice', 'action': 'delete', 'id': '5152439', 'version': ' ', 'url': ''}]}
14:07:02 INFO  State of operation 14159840 : EXECUTING
14:07:04 INFO  State of operation 14159840 : EXECUTING
14:07:06 INFO  State of operation 14159840 : EXECUTING
14:07:09 INFO  State of operation 14159840 : EXECUTING
14:07:11 INFO  State of operation 14159840 : EXECUTING
14:07:14 INFO  State of operation 14159840 : EXECUTING
14:07:16 INFO  State of operation 14159840 : EXECUTING
14:07:18 INFO  State of operation 14159840 : EXECUTING
14:07:20 INFO  State of operation 14159840 : EXECUTING
14:07:22 INFO  State of operation 14159840 : EXECUTING
14:07:25 INFO  State of operation 14159840 : EXECUTING
14:07:28 INFO  State of operation 14159840 : EXECUTING
14:07:30 INFO  State of operation 14159840 : EXECUTING
14:07:32 INFO  State of operation 14159840 : EXECUTING
14:07:34 INFO  State of operation 14159840 : EXECUTING
14:07:36 INFO  State of operation 14159840 : SUCCESSFUL
14:07:36 DEBUG --- test validate
14:07:36 INFO  Assert that (False == value) with value=False ... passed
14:07:36 DEBUG --- test cleanup
14:07:36 INFO  
14:07:36 INFO  cleanup:
14:07:36 DEBUG Running registered cleanup function: &lt;bound method SoftwareManagement.mysmcleanup of &lt;PySysTest object at 0x760b77b0&gt;&gt;
14:07:36 DEBUG Running registered cleanup function: &lt;bound method EnvironmentC8y.myenvcleanup of &lt;PySysTest object at 0x760b77b0&gt;&gt;
14:07:36 DEBUG EnvironmentC8y Cleanup
14:07:37 DEBUG Process parameters for sudo&lt;tedge_disconnect_c8y&gt;
  command line : /usr/bin/sudo /usr/bin/tedge disconnect c8y
    arg #1     : /usr/bin/tedge
    arg #2     : disconnect
    arg #3     : c8y
  working dir  : /home/pi/actions-runner/_work/thin-edge.io/thin-edge.io/tests/PySys/software_management_end_to_end/sm_apt_install_remove_default/Output/linux
  stdout       : /home/pi/actions-runner/_work/thin-edge.io/thin-edge.io/tests/PySys/software_management_end_to_end/sm_apt_install_remove_default/Output/linux/tedge_disconnect_c8y.out
  stderr       : /home/pi/actions-runner/_work/thin-edge.io/thin-edge.io/tests/PySys/software_management_end_to_end/sm_apt_install_remove_default/Output/linux/tedge_disconnect_c8y.err
  environment  : LD_LIBRARY_PATH=/usr/lib
  environment  : PATH=/bin:/usr/bin:/usr/sbin:/usr/local/bin
                   #1  /bin
                   #2  /usr/bin
                   #3  /usr/sbin
                   #4  /usr/local/bin
14:07:37 DEBUG Waiting up to 600 secs for process sudo&lt;tedge_disconnect_c8y&gt; (pid 6899)
14:07:40 INFO  Executed sudo&lt;tedge_disconnect_c8y&gt;, exit status 0
14:07:40 DEBUG Process parameters for systemctl&lt;serv_mapper5&gt;
  command line : /usr/bin/systemctl status tedge-mapper-c8y
    arg #1     : status
    arg #2     : tedge-mapper-c8y
  working dir  : /home/pi/actions-runner/_work/thin-edge.io/thin-edge.io/tests/PySys/software_management_end_to_end/sm_apt_install_remove_default/Output/linux
  stdout       : /home/pi/actions-runner/_work/thin-edge.io/thin-edge.io/tests/PySys/software_management_end_to_end/sm_apt_install_remove_default/Output/linux/serv_mapper5.out
  stderr       : /home/pi/actions-runner/_work/thin-edge.io/thin-edge.io/tests/PySys/software_management_end_to_end/sm_apt_install_remove_default/Output/linux/serv_mapper5.err
  environment  : LD_LIBRARY_PATH=/usr/lib
  environment  : PATH=/bin:/usr/bin:/usr/sbin:/usr/local/bin
                   #1  /bin
                   #2  /usr/bin
                   #3  /usr/sbin
                   #4  /usr/local/bin
14:07:40 DEBUG Waiting up to 600 secs for process systemctl&lt;serv_mapper5&gt; (pid 6952)
14:07:40 INFO  Executed systemctl&lt;serv_mapper5&gt;, exit status 3
14:07:40 DEBUG ProcessUser cleanup function done.
14:07:40 INFO  
14:07:40 INFO  Test duration: 119.74 secs
14:07:40 INFO  Test final outcome:  FAILED
14:07:40 INFO  Test outcome reason: Assert that (False == value) with value=True
14:07:40 INFO  
</system-out>
	</testcase>
</testsuite>
