<?xml version="1.0" encoding="utf-8"?>
<testsuite failures="1" name="SoftwareManagement.sm_mixed_install_remove_multiple" skipped="0" tests="1" time="83.12" timestamp="2022-03-16T14:29:09">
	<testcase classname="PySysTest" name="SoftwareManagement.sm_mixed_install_remove_multiple">
		<failure message="BLOCKED: SystemError: The operation has failed" type="BLOCKED"/>
		<system-out>14:27:46 INFO  ==============================================================
14:27:46 INFO  Id:    SoftwareManagement.sm_mixed_install_remove_multiple
14:27:46 INFO  Dir:   software_management_end_to_end/
14:27:46 INFO  Title: Validate end to end behaviour for the dummy-plugin for multiple packages with mixed versions
14:27:46 DEBUG Execution order hint: 0.0
14:27:46 INFO  ==============================================================
14:27:46 INFO  Using sw id database: {'asciijump': '5475369', 'robotfindskitten': '5474869', 'squirrel3': '5475279', 'rolldice': '5152439', 'moon-buggy': '5439204', 'apple': '5495053', 'banana': '5494888', 'cherry': '5495382', 'watermelon': '5494510', 'registry': '8018911', 'hello-world': '8021526', 'docker/getting-started': '8021973', 'alpine': '7991792'}
14:27:46 DEBUG EnvironmentC8y Setup
14:27:46 INFO  EnvironmentC8y Setup
14:27:46 DEBUG Process parameters for systemctl&lt;serv_mapper1&gt;
  command line : /usr/bin/systemctl status tedge-mapper-c8y
    arg #1     : status
    arg #2     : tedge-mapper-c8y
  working dir  : /home/pi/actions-runner/_work/thin-edge.io/thin-edge.io/tests/PySys/software_management_end_to_end/sm_mixed_install_remove_multiple/Output/linux
  stdout       : /home/pi/actions-runner/_work/thin-edge.io/thin-edge.io/tests/PySys/software_management_end_to_end/sm_mixed_install_remove_multiple/Output/linux/serv_mapper1.out
  stderr       : /home/pi/actions-runner/_work/thin-edge.io/thin-edge.io/tests/PySys/software_management_end_to_end/sm_mixed_install_remove_multiple/Output/linux/serv_mapper1.err
  environment  : LD_LIBRARY_PATH=/usr/lib
  environment  : PATH=/bin:/usr/bin:/usr/sbin:/usr/local/bin
                   #1  /bin
                   #2  /usr/bin
                   #3  /usr/sbin
                   #4  /usr/local/bin
14:27:46 DEBUG Waiting up to 600 secs for process systemctl&lt;serv_mapper1&gt; (pid 23022)
14:27:47 INFO  Executed systemctl&lt;serv_mapper1&gt;, exit status 3
14:27:47 INFO  Restarting mosquitto too frequently in the last 10 seconds. It was only up for 2 seconds
14:27:47 INFO  Delaying execution by 9 seconds
14:27:56 DEBUG Process parameters for sudo&lt;tedge_connect_c8y&gt;
  command line : /usr/bin/sudo /usr/bin/tedge connect c8y
    arg #1     : /usr/bin/tedge
    arg #2     : connect
    arg #3     : c8y
  working dir  : /home/pi/actions-runner/_work/thin-edge.io/thin-edge.io/tests/PySys/software_management_end_to_end/sm_mixed_install_remove_multiple/Output/linux
  stdout       : /home/pi/actions-runner/_work/thin-edge.io/thin-edge.io/tests/PySys/software_management_end_to_end/sm_mixed_install_remove_multiple/Output/linux/tedge_connect_c8y.out
  stderr       : /home/pi/actions-runner/_work/thin-edge.io/thin-edge.io/tests/PySys/software_management_end_to_end/sm_mixed_install_remove_multiple/Output/linux/tedge_connect_c8y.err
  environment  : LD_LIBRARY_PATH=/usr/lib
  environment  : PATH=/bin:/usr/bin:/usr/sbin:/usr/local/bin
                   #1  /bin
                   #2  /usr/bin
                   #3  /usr/sbin
                   #4  /usr/local/bin
14:27:56 DEBUG Waiting up to 600 secs for process sudo&lt;tedge_connect_c8y&gt; (pid 23028)
14:28:06 INFO  Executed sudo&lt;tedge_connect_c8y&gt;, exit status 0
14:28:06 DEBUG Process parameters for sudo&lt;tedge_connect_c8y_test&gt;
  command line : /usr/bin/sudo /usr/bin/tedge connect c8y --test
    arg #1     : /usr/bin/tedge
    arg #2     : connect
    arg #3     : c8y
    arg #4     : --test
  working dir  : /home/pi/actions-runner/_work/thin-edge.io/thin-edge.io/tests/PySys/software_management_end_to_end/sm_mixed_install_remove_multiple/Output/linux
  stdout       : /home/pi/actions-runner/_work/thin-edge.io/thin-edge.io/tests/PySys/software_management_end_to_end/sm_mixed_install_remove_multiple/Output/linux/tedge_connect_c8y_test.out
  stderr       : /home/pi/actions-runner/_work/thin-edge.io/thin-edge.io/tests/PySys/software_management_end_to_end/sm_mixed_install_remove_multiple/Output/linux/tedge_connect_c8y_test.err
  environment  : LD_LIBRARY_PATH=/usr/lib
  environment  : PATH=/bin:/usr/bin:/usr/sbin:/usr/local/bin
                   #1  /bin
                   #2  /usr/bin
                   #3  /usr/sbin
                   #4  /usr/local/bin
14:28:06 DEBUG Waiting up to 600 secs for process sudo&lt;tedge_connect_c8y_test&gt; (pid 23130)
14:28:06 INFO  Executed sudo&lt;tedge_connect_c8y_test&gt;, exit status 0
14:28:06 DEBUG Process parameters for systemctl&lt;serv_mosq2&gt;
  command line : /usr/bin/systemctl status mosquitto
    arg #1     : status
    arg #2     : mosquitto
  working dir  : /home/pi/actions-runner/_work/thin-edge.io/thin-edge.io/tests/PySys/software_management_end_to_end/sm_mixed_install_remove_multiple/Output/linux
  stdout       : /home/pi/actions-runner/_work/thin-edge.io/thin-edge.io/tests/PySys/software_management_end_to_end/sm_mixed_install_remove_multiple/Output/linux/serv_mosq2.out
  stderr       : /home/pi/actions-runner/_work/thin-edge.io/thin-edge.io/tests/PySys/software_management_end_to_end/sm_mixed_install_remove_multiple/Output/linux/serv_mosq2.err
  environment  : LD_LIBRARY_PATH=/usr/lib
  environment  : PATH=/bin:/usr/bin:/usr/sbin:/usr/local/bin
                   #1  /bin
                   #2  /usr/bin
                   #3  /usr/sbin
                   #4  /usr/local/bin
14:28:06 DEBUG Waiting up to 600 secs for process systemctl&lt;serv_mosq2&gt; (pid 23134)
14:28:07 INFO  Executed systemctl&lt;serv_mosq2&gt;, exit status 0
14:28:07 DEBUG Process parameters for systemctl&lt;serv_mapper3&gt;
  command line : /usr/bin/systemctl status tedge-mapper-c8y
    arg #1     : status
    arg #2     : tedge-mapper-c8y
  working dir  : /home/pi/actions-runner/_work/thin-edge.io/thin-edge.io/tests/PySys/software_management_end_to_end/sm_mixed_install_remove_multiple/Output/linux
  stdout       : /home/pi/actions-runner/_work/thin-edge.io/thin-edge.io/tests/PySys/software_management_end_to_end/sm_mixed_install_remove_multiple/Output/linux/serv_mapper3.out
  stderr       : /home/pi/actions-runner/_work/thin-edge.io/thin-edge.io/tests/PySys/software_management_end_to_end/sm_mixed_install_remove_multiple/Output/linux/serv_mapper3.err
  environment  : LD_LIBRARY_PATH=/usr/lib
  environment  : PATH=/bin:/usr/bin:/usr/sbin:/usr/local/bin
                   #1  /bin
                   #2  /usr/bin
                   #3  /usr/sbin
                   #4  /usr/local/bin
14:28:07 DEBUG Waiting up to 600 secs for process systemctl&lt;serv_mapper3&gt; (pid 23135)
14:28:07 INFO  Executed systemctl&lt;serv_mapper3&gt;, exit status 0
14:28:09 DEBUG Final URL of the request: https://thin-edge-io.eu-latest.cumulocity.com/devicecontrol/operations?deviceId=15750777&amp;pageSize=1&amp;revert=true&amp;dateFrom=1970-01-01T00%3A00%3A00.000Z
14:28:09 INFO  State of current operation: SUCCESSFUL
14:28:09 INFO  Package apple is installed
14:28:09 INFO  Assert that (True == value) with value=True ... passed
14:28:09 INFO  Package banana is installed
14:28:09 INFO  Assert that (True == value) with value=True ... passed
14:28:10 INFO  Package cherry is installed
14:28:10 INFO  Assert that (True == value) with value=True ... passed
14:28:10 INFO  Assert that (False == value) with value=False ... passed
14:28:10 INFO  Assert that (False == value) with value=False ... passed
14:28:10 DEBUG --- test execute
14:28:10 INFO  Response status: 201
14:28:10 INFO  Response to action: {
    &quot;creationTime&quot;: &quot;2022-03-16T14:28:10.491Z&quot;,
    &quot;deviceId&quot;: &quot;15750777&quot;,
    &quot;deviceName&quot;: &quot;mythic_beasts_pi_all_jobs_sag&quot;,
    &quot;self&quot;: &quot;https://t493319102.eu-latest.cumulocity.com/devicecontrol/operations/15756667&quot;,
    &quot;id&quot;: &quot;15756667&quot;,
    &quot;status&quot;: &quot;PENDING&quot;,
    &quot;description&quot;: &quot;Apply software changes, triggered from PySys: [{'action': 'install', 'id': '5495053', 'name': 'apple', 'url': ' ', 'version': '::fruits'}, {'action': 'install', 'id': '5494888', 'name': 'banana', 'url': ' ', 'version': '::fruits'}, {'action': 'install', 'id': '5475369', 'name': 'asciijump', 'url': ' ', 'version': '::apt'}, {'action': 'install', 'id': '5495382', 'name': 'cherry', 'url': ' ', 'version': '::fruits'}, {'action': 'install', 'id': '8018911', 'name': 'registry', 'url': ' ', 'version': '::docker'}]&quot;,
    &quot;c8y_SoftwareUpdate&quot;: [
        {
            &quot;name&quot;: &quot;apple&quot;,
            &quot;action&quot;: &quot;install&quot;,
            &quot;id&quot;: &quot;5495053&quot;,
            &quot;version&quot;: &quot;::fruits&quot;,
            &quot;url&quot;: &quot; &quot;
        },
        {
            &quot;name&quot;: &quot;banana&quot;,
            &quot;action&quot;: &quot;install&quot;,
            &quot;id&quot;: &quot;5494888&quot;,
            &quot;version&quot;: &quot;::fruits&quot;,
            &quot;url&quot;: &quot; &quot;
        },
        {
            &quot;name&quot;: &quot;asciijump&quot;,
            &quot;action&quot;: &quot;install&quot;,
            &quot;id&quot;: &quot;5475369&quot;,
            &quot;version&quot;: &quot;::apt&quot;,
            &quot;url&quot;: &quot; &quot;
        },
        {
            &quot;name&quot;: &quot;cherry&quot;,
            &quot;action&quot;: &quot;install&quot;,
            &quot;id&quot;: &quot;5495382&quot;,
            &quot;version&quot;: &quot;::fruits&quot;,
            &quot;url&quot;: &quot; &quot;
        },
        {
            &quot;name&quot;: &quot;registry&quot;,
            &quot;action&quot;: &quot;install&quot;,
            &quot;id&quot;: &quot;8018911&quot;,
            &quot;version&quot;: &quot;::docker&quot;,
            &quot;url&quot;: &quot; &quot;
        }
    ]
}
14:28:10 INFO  Started operation: {'creationTime': '2022-03-16T14:28:10.491Z', 'deviceId': '15750777', 'deviceName': 'mythic_beasts_pi_all_jobs_sag', 'self': 'https://t493319102.eu-latest.cumulocity.com/devicecontrol/operations/15756667', 'id': '15756667', 'status': 'PENDING', 'description': &quot;Apply software changes, triggered from PySys: [{'action': 'install', 'id': '5495053', 'name': 'apple', 'url': ' ', 'version': '::fruits'}, {'action': 'install', 'id': '5494888', 'name': 'banana', 'url': ' ', 'version': '::fruits'}, {'action': 'install', 'id': '5475369', 'name': 'asciijump', 'url': ' ', 'version': '::apt'}, {'action': 'install', 'id': '5495382', 'name': 'cherry', 'url': ' ', 'version': '::fruits'}, {'action': 'install', 'id': '8018911', 'name': 'registry', 'url': ' ', 'version': '::docker'}]&quot;, 'c8y_SoftwareUpdate': [{'name': 'apple', 'action': 'install', 'id': '5495053', 'version': '::fruits', 'url': ' '}, {'name': 'banana', 'action': 'install', 'id': '5494888', 'version': '::fruits', 'url': ' '}, {'name': 'asciijump', 'action': 'install', 'id': '5475369', 'version': '::apt', 'url': ' '}, {'name': 'cherry', 'action': 'install', 'id': '5495382', 'version': '::fruits', 'url': ' '}, {'name': 'registry', 'action': 'install', 'id': '8018911', 'version': '::docker', 'url': ' '}]}
14:28:12 INFO  State of operation 15756667 : EXECUTING
14:28:14 INFO  State of operation 15756667 : EXECUTING
14:28:16 INFO  State of operation 15756667 : EXECUTING
14:28:19 INFO  State of operation 15756667 : EXECUTING
14:28:21 INFO  State of operation 15756667 : EXECUTING
14:28:24 INFO  State of operation 15756667 : EXECUTING
14:28:26 INFO  State of operation 15756667 : EXECUTING
14:28:28 INFO  State of operation 15756667 : EXECUTING
14:28:30 INFO  State of operation 15756667 : EXECUTING
14:28:33 INFO  State of operation 15756667 : EXECUTING
14:28:35 INFO  State of operation 15756667 : EXECUTING
14:28:37 INFO  State of operation 15756667 : EXECUTING
14:28:40 INFO  State of operation 15756667 : EXECUTING
14:28:42 INFO  State of operation 15756667 : EXECUTING
14:28:44 INFO  State of operation 15756667 : EXECUTING
14:28:47 INFO  State of operation 15756667 : EXECUTING
14:28:49 INFO  State of operation 15756667 : EXECUTING
14:28:51 INFO  State of operation 15756667 : EXECUTING
14:28:54 INFO  State of operation 15756667 : EXECUTING
14:28:56 INFO  State of operation 15756667 : EXECUTING
14:28:58 INFO  State of operation 15756667 : EXECUTING
14:29:00 INFO  State of operation 15756667 : EXECUTING
14:29:02 INFO  State of operation 15756667 : EXECUTING
14:29:04 INFO  State of operation 15756667 : EXECUTING
14:29:07 INFO  State of operation 15756667 : FAILED
14:29:07 ERROR Stopping as the operation has failed
14:29:07 WARN  caught &lt;class 'SystemError'&gt; while running test: The operation has failed
Traceback (most recent call last):
  File &quot;/home/pi/env-pysys/lib/python3.7/site-packages/pysys/baserunner.py&quot;, line 1209, in __call__
    self.testObj.execute()
  File &quot;/home/pi/actions-runner/_work/thin-edge.io/thin-edge.io/tests/PySys/software_management_end_to_end/sm_mixed_install_remove_multiple/run.py&quot;, line 93, in execute
    self.wait_until_succcess()
  File &quot;/home/pi/actions-runner/_work/thin-edge.io/thin-edge.io/tests/PySys/software_management_end_to_end/environment_sm_management.py&quot;, line 324, in wait_until_succcess
    self.wait_until_status(&quot;SUCCESSFUL&quot;)
  File &quot;/home/pi/actions-runner/_work/thin-edge.io/thin-edge.io/tests/PySys/software_management_end_to_end/environment_sm_management.py&quot;, line 361, in wait_until_status
    raise SystemError(&quot;The operation has failed&quot;)
SystemError: The operation has failed
14:29:07 WARN  SystemError: The operation has failed ... blocked 
14:29:07 DEBUG --- test cleanup
14:29:07 INFO  
14:29:07 INFO  cleanup:
14:29:07 DEBUG Running registered cleanup function: &lt;bound method SoftwareManagement.mysmcleanup of &lt;PySysTest object at 0x75cf1bb0&gt;&gt;
14:29:07 DEBUG Running registered cleanup function: &lt;bound method EnvironmentC8y.myenvcleanup of &lt;PySysTest object at 0x75cf1bb0&gt;&gt;
14:29:07 DEBUG EnvironmentC8y Cleanup
14:29:07 DEBUG Process parameters for sudo&lt;tedge_disconnect_c8y&gt;
  command line : /usr/bin/sudo /usr/bin/tedge disconnect c8y
    arg #1     : /usr/bin/tedge
    arg #2     : disconnect
    arg #3     : c8y
  working dir  : /home/pi/actions-runner/_work/thin-edge.io/thin-edge.io/tests/PySys/software_management_end_to_end/sm_mixed_install_remove_multiple/Output/linux
  stdout       : /home/pi/actions-runner/_work/thin-edge.io/thin-edge.io/tests/PySys/software_management_end_to_end/sm_mixed_install_remove_multiple/Output/linux/tedge_disconnect_c8y.out
  stderr       : /home/pi/actions-runner/_work/thin-edge.io/thin-edge.io/tests/PySys/software_management_end_to_end/sm_mixed_install_remove_multiple/Output/linux/tedge_disconnect_c8y.err
  environment  : LD_LIBRARY_PATH=/usr/lib
  environment  : PATH=/bin:/usr/bin:/usr/sbin:/usr/local/bin
                   #1  /bin
                   #2  /usr/bin
                   #3  /usr/sbin
                   #4  /usr/local/bin
14:29:07 DEBUG Waiting up to 600 secs for process sudo&lt;tedge_disconnect_c8y&gt; (pid 23486)
14:29:09 INFO  Executed sudo&lt;tedge_disconnect_c8y&gt;, exit status 0
14:29:09 DEBUG Process parameters for systemctl&lt;serv_mapper5&gt;
  command line : /usr/bin/systemctl status tedge-mapper-c8y
    arg #1     : status
    arg #2     : tedge-mapper-c8y
  working dir  : /home/pi/actions-runner/_work/thin-edge.io/thin-edge.io/tests/PySys/software_management_end_to_end/sm_mixed_install_remove_multiple/Output/linux
  stdout       : /home/pi/actions-runner/_work/thin-edge.io/thin-edge.io/tests/PySys/software_management_end_to_end/sm_mixed_install_remove_multiple/Output/linux/serv_mapper5.out
  stderr       : /home/pi/actions-runner/_work/thin-edge.io/thin-edge.io/tests/PySys/software_management_end_to_end/sm_mixed_install_remove_multiple/Output/linux/serv_mapper5.err
  environment  : LD_LIBRARY_PATH=/usr/lib
  environment  : PATH=/bin:/usr/bin:/usr/sbin:/usr/local/bin
                   #1  /bin
                   #2  /usr/bin
                   #3  /usr/sbin
                   #4  /usr/local/bin
14:29:09 DEBUG Waiting up to 600 secs for process systemctl&lt;serv_mapper5&gt; (pid 23522)
14:29:09 INFO  Executed systemctl&lt;serv_mapper5&gt;, exit status 3
14:29:09 DEBUG ProcessUser cleanup function done.
14:29:09 INFO  
14:29:09 INFO  Test duration: 83.12 secs
14:29:09 INFO  Test final outcome:  BLOCKED
14:29:09 INFO  Test outcome reason: SystemError: The operation has failed
14:29:09 INFO  
</system-out>
	</testcase>
</testsuite>
