<?xml version="1.0" encoding="utf-8"?>
<testsuite failures="1" name="SoftwareManagement.sm_apt_install_remove" skipped="0" tests="1" time="157.97" timestamp="2022-02-25T16:26:10">
	<testcase classname="PySysTest" name="SoftwareManagement.sm_apt_install_remove">
		<failure message="BLOCKED: SystemError: Timeout while waiting for status FAILED or SUCCESSFUL" type="BLOCKED"/>
		<system-out>16:23:32 INFO  ==============================================================
16:23:32 INFO  Id:    SoftwareManagement.sm_apt_install_remove
16:23:32 INFO  Dir:   software_management_end_to_end/
16:23:32 INFO  Title: Validate end to end behaviour for the apt plugin for installation and removal of packages
16:23:32 DEBUG Execution order hint: 0.0
16:23:32 INFO  ==============================================================
16:23:32 INFO  Using sw id database: {'asciijump': '5475369', 'robotfindskitten': '5474869', 'squirrel3': '5475279', 'rolldice': '5152439', 'moon-buggy': '5439204', 'apple': '5495053', 'banana': '5494888', 'cherry': '5495382', 'watermelon': '5494510', 'registry': '8018911', 'hello-world': '8021526', 'docker/getting-started': '8021973', 'alpine': '7991792'}
16:23:32 DEBUG EnvironmentC8y Setup
16:23:32 INFO  EnvironmentC8y Setup
16:23:32 DEBUG Process parameters for systemctl&lt;serv_mapper1&gt;
  command line : /usr/bin/systemctl status tedge-mapper-c8y
    arg #1     : status
    arg #2     : tedge-mapper-c8y
  working dir  : /home/pi/actions-runner/_work/thin-edge.io/thin-edge.io/tests/PySys/software_management_end_to_end/sm_apt_install_remove/Output/linux
  stdout       : /home/pi/actions-runner/_work/thin-edge.io/thin-edge.io/tests/PySys/software_management_end_to_end/sm_apt_install_remove/Output/linux/serv_mapper1.out
  stderr       : /home/pi/actions-runner/_work/thin-edge.io/thin-edge.io/tests/PySys/software_management_end_to_end/sm_apt_install_remove/Output/linux/serv_mapper1.err
  environment  : LD_LIBRARY_PATH=/usr/lib
  environment  : PATH=/bin:/usr/bin:/usr/sbin:/usr/local/bin
                   #1  /bin
                   #2  /usr/bin
                   #3  /usr/sbin
                   #4  /usr/local/bin
16:23:32 DEBUG Waiting up to 600 secs for process systemctl&lt;serv_mapper1&gt; (pid 6858)
16:23:32 INFO  Executed systemctl&lt;serv_mapper1&gt;, exit status 3
16:23:32 INFO  Restarting mosquitto too frequently in the last 10 seconds. It was only up for 2 seconds
16:23:32 INFO  Delaying execution by 9 seconds
16:23:41 DEBUG Process parameters for sudo&lt;tedge_connect_c8y&gt;
  command line : /usr/bin/sudo /usr/bin/tedge connect c8y
    arg #1     : /usr/bin/tedge
    arg #2     : connect
    arg #3     : c8y
  working dir  : /home/pi/actions-runner/_work/thin-edge.io/thin-edge.io/tests/PySys/software_management_end_to_end/sm_apt_install_remove/Output/linux
  stdout       : /home/pi/actions-runner/_work/thin-edge.io/thin-edge.io/tests/PySys/software_management_end_to_end/sm_apt_install_remove/Output/linux/tedge_connect_c8y.out
  stderr       : /home/pi/actions-runner/_work/thin-edge.io/thin-edge.io/tests/PySys/software_management_end_to_end/sm_apt_install_remove/Output/linux/tedge_connect_c8y.err
  environment  : LD_LIBRARY_PATH=/usr/lib
  environment  : PATH=/bin:/usr/bin:/usr/sbin:/usr/local/bin
                   #1  /bin
                   #2  /usr/bin
                   #3  /usr/sbin
                   #4  /usr/local/bin
16:23:41 DEBUG Waiting up to 600 secs for process sudo&lt;tedge_connect_c8y&gt; (pid 6864)
16:23:52 INFO  Executed sudo&lt;tedge_connect_c8y&gt;, exit status 0
16:23:52 DEBUG Process parameters for sudo&lt;tedge_connect_c8y_test&gt;
  command line : /usr/bin/sudo /usr/bin/tedge connect c8y --test
    arg #1     : /usr/bin/tedge
    arg #2     : connect
    arg #3     : c8y
    arg #4     : --test
  working dir  : /home/pi/actions-runner/_work/thin-edge.io/thin-edge.io/tests/PySys/software_management_end_to_end/sm_apt_install_remove/Output/linux
  stdout       : /home/pi/actions-runner/_work/thin-edge.io/thin-edge.io/tests/PySys/software_management_end_to_end/sm_apt_install_remove/Output/linux/tedge_connect_c8y_test.out
  stderr       : /home/pi/actions-runner/_work/thin-edge.io/thin-edge.io/tests/PySys/software_management_end_to_end/sm_apt_install_remove/Output/linux/tedge_connect_c8y_test.err
  environment  : LD_LIBRARY_PATH=/usr/lib
  environment  : PATH=/bin:/usr/bin:/usr/sbin:/usr/local/bin
                   #1  /bin
                   #2  /usr/bin
                   #3  /usr/sbin
                   #4  /usr/local/bin
16:23:52 DEBUG Waiting up to 600 secs for process sudo&lt;tedge_connect_c8y_test&gt; (pid 6965)
16:23:52 INFO  Executed sudo&lt;tedge_connect_c8y_test&gt;, exit status 0
16:23:52 DEBUG Process parameters for systemctl&lt;serv_mosq2&gt;
  command line : /usr/bin/systemctl status mosquitto
    arg #1     : status
    arg #2     : mosquitto
  working dir  : /home/pi/actions-runner/_work/thin-edge.io/thin-edge.io/tests/PySys/software_management_end_to_end/sm_apt_install_remove/Output/linux
  stdout       : /home/pi/actions-runner/_work/thin-edge.io/thin-edge.io/tests/PySys/software_management_end_to_end/sm_apt_install_remove/Output/linux/serv_mosq2.out
  stderr       : /home/pi/actions-runner/_work/thin-edge.io/thin-edge.io/tests/PySys/software_management_end_to_end/sm_apt_install_remove/Output/linux/serv_mosq2.err
  environment  : LD_LIBRARY_PATH=/usr/lib
  environment  : PATH=/bin:/usr/bin:/usr/sbin:/usr/local/bin
                   #1  /bin
                   #2  /usr/bin
                   #3  /usr/sbin
                   #4  /usr/local/bin
16:23:52 DEBUG Waiting up to 600 secs for process systemctl&lt;serv_mosq2&gt; (pid 6972)
16:23:52 INFO  Executed systemctl&lt;serv_mosq2&gt;, exit status 0
16:23:52 DEBUG Process parameters for systemctl&lt;serv_mapper3&gt;
  command line : /usr/bin/systemctl status tedge-mapper-c8y
    arg #1     : status
    arg #2     : tedge-mapper-c8y
  working dir  : /home/pi/actions-runner/_work/thin-edge.io/thin-edge.io/tests/PySys/software_management_end_to_end/sm_apt_install_remove/Output/linux
  stdout       : /home/pi/actions-runner/_work/thin-edge.io/thin-edge.io/tests/PySys/software_management_end_to_end/sm_apt_install_remove/Output/linux/serv_mapper3.out
  stderr       : /home/pi/actions-runner/_work/thin-edge.io/thin-edge.io/tests/PySys/software_management_end_to_end/sm_apt_install_remove/Output/linux/serv_mapper3.err
  environment  : LD_LIBRARY_PATH=/usr/lib
  environment  : PATH=/bin:/usr/bin:/usr/sbin:/usr/local/bin
                   #1  /bin
                   #2  /usr/bin
                   #3  /usr/sbin
                   #4  /usr/local/bin
16:23:52 DEBUG Waiting up to 600 secs for process systemctl&lt;serv_mapper3&gt; (pid 6973)
16:23:53 INFO  Executed systemctl&lt;serv_mapper3&gt;, exit status 0
16:23:55 DEBUG Final URL of the request: https://thin-edge-io.eu-latest.cumulocity.com/devicecontrol/operations?deviceId=14656331&amp;pageSize=1&amp;revert=true&amp;dateFrom=1970-01-01T00%3A00%3A00.000Z
16:23:55 INFO  State of current operation: PENDING
16:23:55 DEBUG Final URL of the request: https://thin-edge-io.eu-latest.cumulocity.com/devicecontrol/operations?deviceId=14656331&amp;pageSize=1&amp;revert=true&amp;dateFrom=1970-01-01T00%3A00%3A00.000Z
16:23:55 DEBUG State of current operation: {
    &quot;delivery&quot;: {
        &quot;time&quot;: &quot;2022-02-25T16:23:50.846Z&quot;,
        &quot;log&quot;: [
            {
                &quot;time&quot;: &quot;2022-02-25T15:47:06.415Z&quot;,
                &quot;status&quot;: &quot;PENDING&quot;
            },
            {
                &quot;time&quot;: &quot;2022-02-25T15:47:06.422Z&quot;,
                &quot;status&quot;: &quot;SEND&quot;
            },
            {
                &quot;time&quot;: &quot;2022-02-25T15:47:06.459Z&quot;,
                &quot;status&quot;: &quot;DELIVERED&quot;
            },
            {
                &quot;time&quot;: &quot;2022-02-25T15:48:13.784Z&quot;,
                &quot;status&quot;: &quot;PENDING&quot;
            },
            {
                &quot;time&quot;: &quot;2022-02-25T15:48:13.807Z&quot;,
                &quot;status&quot;: &quot;SEND&quot;
            },
            {
                &quot;time&quot;: &quot;2022-02-25T15:48:13.843Z&quot;,
                &quot;status&quot;: &quot;DELIVERED&quot;
            },
            {
                &quot;time&quot;: &quot;2022-02-25T15:49:26.171Z&quot;,
                &quot;status&quot;: &quot;PENDING&quot;
            },
            {
                &quot;time&quot;: &quot;2022-02-25T15:49:26.195Z&quot;,
                &quot;status&quot;: &quot;SEND&quot;
            },
            {
                &quot;time&quot;: &quot;2022-02-25T15:49:26.231Z&quot;,
                &quot;status&quot;: &quot;DELIVERED&quot;
            },
            {
                &quot;time&quot;: &quot;2022-02-25T15:50:40.517Z&quot;,
                &quot;status&quot;: &quot;PENDING&quot;
            },
            {
                &quot;time&quot;: &quot;2022-02-25T15:50:40.541Z&quot;,
                &quot;status&quot;: &quot;SEND&quot;
            },
            {
                &quot;time&quot;: &quot;2022-02-25T15:50:40.580Z&quot;,
                &quot;status&quot;: &quot;DELIVERED&quot;
            },
            {
                &quot;time&quot;: &quot;2022-02-25T15:51:54.139Z&quot;,
                &quot;status&quot;: &quot;PENDING&quot;
            },
            {
                &quot;time&quot;: &quot;2022-02-25T15:51:54.159Z&quot;,
                &quot;status&quot;: &quot;SEND&quot;
            },
            {
                &quot;time&quot;: &quot;2022-02-25T15:51:54.191Z&quot;,
                &quot;status&quot;: &quot;DELIVERED&quot;
            },
            {
                &quot;time&quot;: &quot;2022-02-25T15:52:34.081Z&quot;,
                &quot;status&quot;: &quot;PENDING&quot;
            },
            {
                &quot;time&quot;: &quot;2022-02-25T15:52:34.101Z&quot;,
                &quot;status&quot;: &quot;SEND&quot;
            },
            {
                &quot;time&quot;: &quot;2022-02-25T15:52:34.134Z&quot;,
                &quot;status&quot;: &quot;DELIVERED&quot;
            },
            {
                &quot;time&quot;: &quot;2022-02-25T15:53:26.503Z&quot;,
                &quot;status&quot;: &quot;PENDING&quot;
            },
            {
                &quot;time&quot;: &quot;2022-02-25T15:53:26.525Z&quot;,
                &quot;status&quot;: &quot;SEND&quot;
            },
            {
                &quot;time&quot;: &quot;2022-02-25T15:53:26.557Z&quot;,
                &quot;status&quot;: &quot;DELIVERED&quot;
            },
            {
                &quot;time&quot;: &quot;2022-02-25T15:54:17.893Z&quot;,
                &quot;status&quot;: &quot;PENDING&quot;
            },
            {
                &quot;time&quot;: &quot;2022-02-25T15:54:17.914Z&quot;,
                &quot;status&quot;: &quot;SEND&quot;
            },
            {
                &quot;time&quot;: &quot;2022-02-25T15:54:17.948Z&quot;,
                &quot;status&quot;: &quot;DELIVERED&quot;
            },
            {
                &quot;time&quot;: &quot;2022-02-25T15:54:59.004Z&quot;,
                &quot;status&quot;: &quot;PENDING&quot;
            },
            {
                &quot;time&quot;: &quot;2022-02-25T15:54:59.029Z&quot;,
                &quot;status&quot;: &quot;SEND&quot;
            },
            {
                &quot;time&quot;: &quot;2022-02-25T15:54:59.061Z&quot;,
                &quot;status&quot;: &quot;DELIVERED&quot;
            },
            {
                &quot;time&quot;: &quot;2022-02-25T15:57:14.375Z&quot;,
                &quot;status&quot;: &quot;PENDING&quot;
            },
            {
                &quot;time&quot;: &quot;2022-02-25T15:57:14.398Z&quot;,
                &quot;status&quot;: &quot;SEND&quot;
            },
            {
                &quot;time&quot;: &quot;2022-02-25T15:57:14.436Z&quot;,
                &quot;status&quot;: &quot;DELIVERED&quot;
            },
            {
                &quot;time&quot;: &quot;2022-02-25T15:59:40.014Z&quot;,
                &quot;status&quot;: &quot;PENDING&quot;
            },
            {
                &quot;time&quot;: &quot;2022-02-25T15:59:40.037Z&quot;,
                &quot;status&quot;: &quot;SEND&quot;
            },
            {
                &quot;time&quot;: &quot;2022-02-25T15:59:40.082Z&quot;,
                &quot;status&quot;: &quot;DELIVERED&quot;
            },
            {
                &quot;time&quot;: &quot;2022-02-25T16:00:03.129Z&quot;,
                &quot;status&quot;: &quot;PENDING&quot;
            },
            {
                &quot;time&quot;: &quot;2022-02-25T16:00:03.162Z&quot;,
                &quot;status&quot;: &quot;SEND&quot;
            },
            {
                &quot;time&quot;: &quot;2022-02-25T16:00:03.193Z&quot;,
                &quot;status&quot;: &quot;DELIVERED&quot;
            },
            {
                &quot;time&quot;: &quot;2022-02-25T16:00:26.743Z&quot;,
                &quot;status&quot;: &quot;PENDING&quot;
            },
            {
                &quot;time&quot;: &quot;2022-02-25T16:00:26.765Z&quot;,
                &quot;status&quot;: &quot;SEND&quot;
            },
            {
                &quot;time&quot;: &quot;2022-02-25T16:00:26.800Z&quot;,
                &quot;status&quot;: &quot;DELIVERED&quot;
            },
            {
                &quot;time&quot;: &quot;2022-02-25T16:00:51.687Z&quot;,
                &quot;status&quot;: &quot;PENDING&quot;
            },
            {
                &quot;time&quot;: &quot;2022-02-25T16:00:51.712Z&quot;,
                &quot;status&quot;: &quot;SEND&quot;
            },
            {
                &quot;time&quot;: &quot;2022-02-25T16:00:51.746Z&quot;,
                &quot;status&quot;: &quot;DELIVERED&quot;
            },
            {
                &quot;time&quot;: &quot;2022-02-25T16:01:29.375Z&quot;,
                &quot;status&quot;: &quot;PENDING&quot;
            },
            {
                &quot;time&quot;: &quot;2022-02-25T16:01:29.398Z&quot;,
                &quot;status&quot;: &quot;SEND&quot;
            },
            {
                &quot;time&quot;: &quot;2022-02-25T16:01:29.435Z&quot;,
                &quot;status&quot;: &quot;DELIVERED&quot;
            },
            {
                &quot;time&quot;: &quot;2022-02-25T16:01:52.649Z&quot;,
                &quot;status&quot;: &quot;PENDING&quot;
            },
            {
                &quot;time&quot;: &quot;2022-02-25T16:01:52.672Z&quot;,
                &quot;status&quot;: &quot;SEND&quot;
            },
            {
                &quot;time&quot;: &quot;2022-02-25T16:01:52.707Z&quot;,
                &quot;status&quot;: &quot;DELIVERED&quot;
            },
            {
                &quot;time&quot;: &quot;2022-02-25T16:02:18.471Z&quot;,
                &quot;status&quot;: &quot;PENDING&quot;
            },
            {
                &quot;time&quot;: &quot;2022-02-25T16:02:18.497Z&quot;,
                &quot;status&quot;: &quot;SEND&quot;
            },
            {
                &quot;time&quot;: &quot;2022-02-25T16:02:18.531Z&quot;,
                &quot;status&quot;: &quot;DELIVERED&quot;
            },
            {
                &quot;time&quot;: &quot;2022-02-25T16:18:08.774Z&quot;,
                &quot;status&quot;: &quot;PENDING&quot;
            },
            {
                &quot;time&quot;: &quot;2022-02-25T16:18:08.809Z&quot;,
                &quot;status&quot;: &quot;SEND&quot;
            },
            {
                &quot;time&quot;: &quot;2022-02-25T16:18:08.844Z&quot;,
                &quot;status&quot;: &quot;DELIVERED&quot;
            },
            {
                &quot;time&quot;: &quot;2022-02-25T16:20:48.789Z&quot;,
                &quot;status&quot;: &quot;PENDING&quot;
            },
            {
                &quot;time&quot;: &quot;2022-02-25T16:20:48.814Z&quot;,
                &quot;status&quot;: &quot;SEND&quot;
            },
            {
                &quot;time&quot;: &quot;2022-02-25T16:20:48.848Z&quot;,
                &quot;status&quot;: &quot;DELIVERED&quot;
            },
            {
                &quot;time&quot;: &quot;2022-02-25T16:21:12.421Z&quot;,
                &quot;status&quot;: &quot;PENDING&quot;
            },
            {
                &quot;time&quot;: &quot;2022-02-25T16:21:12.447Z&quot;,
                &quot;status&quot;: &quot;SEND&quot;
            },
            {
                &quot;time&quot;: &quot;2022-02-25T16:21:12.483Z&quot;,
                &quot;status&quot;: &quot;DELIVERED&quot;
            },
            {
                &quot;time&quot;: &quot;2022-02-25T16:23:50.786Z&quot;,
                &quot;status&quot;: &quot;PENDING&quot;
            },
            {
                &quot;time&quot;: &quot;2022-02-25T16:23:50.811Z&quot;,
                &quot;status&quot;: &quot;SEND&quot;
            }
        ],
        &quot;status&quot;: &quot;DELIVERED&quot;
    },
    &quot;creationTime&quot;: &quot;2022-02-25T15:47:06.397Z&quot;,
    &quot;deviceId&quot;: &quot;14656331&quot;,
    &quot;deviceName&quot;: &quot;mythic_beasts_pi_all_jobs_sag&quot;,
    &quot;self&quot;: &quot;https://t493319102.eu-latest.cumulocity.com/devicecontrol/operations/14656720&quot;,
    &quot;id&quot;: &quot;14656720&quot;,
    &quot;status&quot;: &quot;PENDING&quot;,
    &quot;c8y_LogfileRequest&quot;: {
        &quot;searchText&quot;: &quot;&quot;,
        &quot;logFile&quot;: &quot;software-management&quot;,
        &quot;dateTo&quot;: &quot;2021-11-21T18:55:49+0530&quot;,
        &quot;dateFrom&quot;: &quot;2021-11-15T18:55:49+0530&quot;,
        &quot;maximumLines&quot;: 300
    },
    &quot;description&quot;: &quot;Log file request&quot;
}
16:23:57 DEBUG Final URL of the request: https://thin-edge-io.eu-latest.cumulocity.com/devicecontrol/operations?deviceId=14656331&amp;pageSize=1&amp;revert=true&amp;dateFrom=1970-01-01T00%3A00%3A00.000Z
16:23:57 INFO  State of current operation: PENDING
16:23:57 DEBUG Final URL of the request: https://thin-edge-io.eu-latest.cumulocity.com/devicecontrol/operations?deviceId=14656331&amp;pageSize=1&amp;revert=true&amp;dateFrom=1970-01-01T00%3A00%3A00.000Z
16:23:57 DEBUG State of current operation: {
    &quot;delivery&quot;: {
        &quot;time&quot;: &quot;2022-02-25T16:23:50.846Z&quot;,
        &quot;log&quot;: [
            {
                &quot;time&quot;: &quot;2022-02-25T15:47:06.415Z&quot;,
                &quot;status&quot;: &quot;PENDING&quot;
            },
            {
                &quot;time&quot;: &quot;2022-02-25T15:47:06.422Z&quot;,
                &quot;status&quot;: &quot;SEND&quot;
            },
            {
                &quot;time&quot;: &quot;2022-02-25T15:47:06.459Z&quot;,
                &quot;status&quot;: &quot;DELIVERED&quot;
            },
            {
                &quot;time&quot;: &quot;2022-02-25T15:48:13.784Z&quot;,
                &quot;status&quot;: &quot;PENDING&quot;
            },
            {
                &quot;time&quot;: &quot;2022-02-25T15:48:13.807Z&quot;,
                &quot;status&quot;: &quot;SEND&quot;
            },
            {
                &quot;time&quot;: &quot;2022-02-25T15:48:13.843Z&quot;,
                &quot;status&quot;: &quot;DELIVERED&quot;
            },
            {
                &quot;time&quot;: &quot;2022-02-25T15:49:26.171Z&quot;,
                &quot;status&quot;: &quot;PENDING&quot;
            },
            {
                &quot;time&quot;: &quot;2022-02-25T15:49:26.195Z&quot;,
                &quot;status&quot;: &quot;SEND&quot;
            },
            {
                &quot;time&quot;: &quot;2022-02-25T15:49:26.231Z&quot;,
                &quot;status&quot;: &quot;DELIVERED&quot;
            },
            {
                &quot;time&quot;: &quot;2022-02-25T15:50:40.517Z&quot;,
                &quot;status&quot;: &quot;PENDING&quot;
            },
            {
                &quot;time&quot;: &quot;2022-02-25T15:50:40.541Z&quot;,
                &quot;status&quot;: &quot;SEND&quot;
            },
            {
                &quot;time&quot;: &quot;2022-02-25T15:50:40.580Z&quot;,
                &quot;status&quot;: &quot;DELIVERED&quot;
            },
            {
                &quot;time&quot;: &quot;2022-02-25T15:51:54.139Z&quot;,
                &quot;status&quot;: &quot;PENDING&quot;
            },
            {
                &quot;time&quot;: &quot;2022-02-25T15:51:54.159Z&quot;,
                &quot;status&quot;: &quot;SEND&quot;
            },
            {
                &quot;time&quot;: &quot;2022-02-25T15:51:54.191Z&quot;,
                &quot;status&quot;: &quot;DELIVERED&quot;
            },
            {
                &quot;time&quot;: &quot;2022-02-25T15:52:34.081Z&quot;,
                &quot;status&quot;: &quot;PENDING&quot;
            },
            {
                &quot;time&quot;: &quot;2022-02-25T15:52:34.101Z&quot;,
                &quot;status&quot;: &quot;SEND&quot;
            },
            {
                &quot;time&quot;: &quot;2022-02-25T15:52:34.134Z&quot;,
                &quot;status&quot;: &quot;DELIVERED&quot;
            },
            {
                &quot;time&quot;: &quot;2022-02-25T15:53:26.503Z&quot;,
                &quot;status&quot;: &quot;PENDING&quot;
            },
            {
                &quot;time&quot;: &quot;2022-02-25T15:53:26.525Z&quot;,
                &quot;status&quot;: &quot;SEND&quot;
            },
            {
                &quot;time&quot;: &quot;2022-02-25T15:53:26.557Z&quot;,
                &quot;status&quot;: &quot;DELIVERED&quot;
            },
            {
                &quot;time&quot;: &quot;2022-02-25T15:54:17.893Z&quot;,
                &quot;status&quot;: &quot;PENDING&quot;
            },
            {
                &quot;time&quot;: &quot;2022-02-25T15:54:17.914Z&quot;,
                &quot;status&quot;: &quot;SEND&quot;
            },
            {
                &quot;time&quot;: &quot;2022-02-25T15:54:17.948Z&quot;,
                &quot;status&quot;: &quot;DELIVERED&quot;
            },
            {
                &quot;time&quot;: &quot;2022-02-25T15:54:59.004Z&quot;,
                &quot;status&quot;: &quot;PENDING&quot;
            },
            {
                &quot;time&quot;: &quot;2022-02-25T15:54:59.029Z&quot;,
                &quot;status&quot;: &quot;SEND&quot;
            },
            {
                &quot;time&quot;: &quot;2022-02-25T15:54:59.061Z&quot;,
                &quot;status&quot;: &quot;DELIVERED&quot;
            },
            {
                &quot;time&quot;: &quot;2022-02-25T15:57:14.375Z&quot;,
                &quot;status&quot;: &quot;PENDING&quot;
            },
            {
                &quot;time&quot;: &quot;2022-02-25T15:57:14.398Z&quot;,
                &quot;status&quot;: &quot;SEND&quot;
            },
            {
                &quot;time&quot;: &quot;2022-02-25T15:57:14.436Z&quot;,
                &quot;status&quot;: &quot;DELIVERED&quot;
            },
            {
                &quot;time&quot;: &quot;2022-02-25T15:59:40.014Z&quot;,
                &quot;status&quot;: &quot;PENDING&quot;
            },
            {
                &quot;time&quot;: &quot;2022-02-25T15:59:40.037Z&quot;,
                &quot;status&quot;: &quot;SEND&quot;
            },
            {
                &quot;time&quot;: &quot;2022-02-25T15:59:40.082Z&quot;,
                &quot;status&quot;: &quot;DELIVERED&quot;
            },
            {
                &quot;time&quot;: &quot;2022-02-25T16:00:03.129Z&quot;,
                &quot;status&quot;: &quot;PENDING&quot;
            },
            {
                &quot;time&quot;: &quot;2022-02-25T16:00:03.162Z&quot;,
                &quot;status&quot;: &quot;SEND&quot;
            },
            {
                &quot;time&quot;: &quot;2022-02-25T16:00:03.193Z&quot;,
                &quot;status&quot;: &quot;DELIVERED&quot;
            },
            {
                &quot;time&quot;: &quot;2022-02-25T16:00:26.743Z&quot;,
                &quot;status&quot;: &quot;PENDING&quot;
            },
            {
                &quot;time&quot;: &quot;2022-02-25T16:00:26.765Z&quot;,
                &quot;status&quot;: &quot;SEND&quot;
            },
            {
                &quot;time&quot;: &quot;2022-02-25T16:00:26.800Z&quot;,
                &quot;status&quot;: &quot;DELIVERED&quot;
            },
            {
                &quot;time&quot;: &quot;2022-02-25T16:00:51.687Z&quot;,
                &quot;status&quot;: &quot;PENDING&quot;
            },
            {
                &quot;time&quot;: &quot;2022-02-25T16:00:51.712Z&quot;,
                &quot;status&quot;: &quot;SEND&quot;
            },
            {
                &quot;time&quot;: &quot;2022-02-25T16:00:51.746Z&quot;,
                &quot;status&quot;: &quot;DELIVERED&quot;
            },
            {
                &quot;time&quot;: &quot;2022-02-25T16:01:29.375Z&quot;,
                &quot;status&quot;: &quot;PENDING&quot;
            },
            {
                &quot;time&quot;: &quot;2022-02-25T16:01:29.398Z&quot;,
                &quot;status&quot;: &quot;SEND&quot;
            },
            {
                &quot;time&quot;: &quot;2022-02-25T16:01:29.435Z&quot;,
                &quot;status&quot;: &quot;DELIVERED&quot;
            },
            {
                &quot;time&quot;: &quot;2022-02-25T16:01:52.649Z&quot;,
                &quot;status&quot;: &quot;PENDING&quot;
            },
            {
                &quot;time&quot;: &quot;2022-02-25T16:01:52.672Z&quot;,
                &quot;status&quot;: &quot;SEND&quot;
            },
            {
                &quot;time&quot;: &quot;2022-02-25T16:01:52.707Z&quot;,
                &quot;status&quot;: &quot;DELIVERED&quot;
            },
            {
                &quot;time&quot;: &quot;2022-02-25T16:02:18.471Z&quot;,
                &quot;status&quot;: &quot;PENDING&quot;
            },
            {
                &quot;time&quot;: &quot;2022-02-25T16:02:18.497Z&quot;,
                &quot;status&quot;: &quot;SEND&quot;
            },
            {
                &quot;time&quot;: &quot;2022-02-25T16:02:18.531Z&quot;,
                &quot;status&quot;: &quot;DELIVERED&quot;
            },
            {
                &quot;time&quot;: &quot;2022-02-25T16:18:08.774Z&quot;,
                &quot;status&quot;: &quot;PENDING&quot;
            },
            {
                &quot;time&quot;: &quot;2022-02-25T16:18:08.809Z&quot;,
                &quot;status&quot;: &quot;SEND&quot;
            },
            {
                &quot;time&quot;: &quot;2022-02-25T16:18:08.844Z&quot;,
                &quot;status&quot;: &quot;DELIVERED&quot;
            },
            {
                &quot;time&quot;: &quot;2022-02-25T16:20:48.789Z&quot;,
                &quot;status&quot;: &quot;PENDING&quot;
            },
            {
                &quot;time&quot;: &quot;2022-02-25T16:20:48.814Z&quot;,
                &quot;status&quot;: &quot;SEND&quot;
            },
            {
                &quot;time&quot;: &quot;2022-02-25T16:20:48.848Z&quot;,
                &quot;status&quot;: &quot;DELIVERED&quot;
            },
            {
                &quot;time&quot;: &quot;2022-02-25T16:21:12.421Z&quot;,
                &quot;status&quot;: &quot;PENDING&quot;
            },
            {
                &quot;time&quot;: &quot;2022-02-25T16:21:12.447Z&quot;,
                &quot;status&quot;: &quot;SEND&quot;
            },
            {
                &quot;time&quot;: &quot;2022-02-25T16:21:12.483Z&quot;,
                &quot;status&quot;: &quot;DELIVERED&quot;
            },
            {
                &quot;time&quot;: &quot;2022-02-25T16:23:50.786Z&quot;,
                &quot;status&quot;: &quot;PENDING&quot;
            },
            {
                &quot;time&quot;: &quot;2022-02-25T16:23:50.811Z&quot;,
                &quot;status&quot;: &quot;SEND&quot;
            }
        ],
        &quot;status&quot;: &quot;DELIVERED&quot;
    },
    &quot;creationTime&quot;: &quot;2022-02-25T15:47:06.397Z&quot;,
    &quot;deviceId&quot;: &quot;14656331&quot;,
    &quot;deviceName&quot;: &quot;mythic_beasts_pi_all_jobs_sag&quot;,
    &quot;self&quot;: &quot;https://t493319102.eu-latest.cumulocity.com/devicecontrol/operations/14656720&quot;,
    &quot;id&quot;: &quot;14656720&quot;,
    &quot;status&quot;: &quot;PENDING&quot;,
    &quot;c8y_LogfileRequest&quot;: {
        &quot;searchText&quot;: &quot;&quot;,
        &quot;logFile&quot;: &quot;software-management&quot;,
        &quot;dateTo&quot;: &quot;2021-11-21T18:55:49+0530&quot;,
        &quot;dateFrom&quot;: &quot;2021-11-15T18:55:49+0530&quot;,
        &quot;maximumLines&quot;: 300
    },
    &quot;description&quot;: &quot;Log file request&quot;
}
16:23:59 DEBUG Final URL of the request: https://thin-edge-io.eu-latest.cumulocity.com/devicecontrol/operations?deviceId=14656331&amp;pageSize=1&amp;revert=true&amp;dateFrom=1970-01-01T00%3A00%3A00.000Z
16:23:59 INFO  State of current operation: PENDING
16:23:59 DEBUG Final URL of the request: https://thin-edge-io.eu-latest.cumulocity.com/devicecontrol/operations?deviceId=14656331&amp;pageSize=1&amp;revert=true&amp;dateFrom=1970-01-01T00%3A00%3A00.000Z
16:23:59 DEBUG State of current operation: {
    &quot;delivery&quot;: {
        &quot;time&quot;: &quot;2022-02-25T16:23:50.846Z&quot;,
        &quot;log&quot;: [
            {
                &quot;time&quot;: &quot;2022-02-25T15:47:06.415Z&quot;,
                &quot;status&quot;: &quot;PENDING&quot;
            },
            {
                &quot;time&quot;: &quot;2022-02-25T15:47:06.422Z&quot;,
                &quot;status&quot;: &quot;SEND&quot;
            },
            {
                &quot;time&quot;: &quot;2022-02-25T15:47:06.459Z&quot;,
                &quot;status&quot;: &quot;DELIVERED&quot;
            },
            {
                &quot;time&quot;: &quot;2022-02-25T15:48:13.784Z&quot;,
                &quot;status&quot;: &quot;PENDING&quot;
            },
            {
                &quot;time&quot;: &quot;2022-02-25T15:48:13.807Z&quot;,
                &quot;status&quot;: &quot;SEND&quot;
            },
            {
                &quot;time&quot;: &quot;2022-02-25T15:48:13.843Z&quot;,
                &quot;status&quot;: &quot;DELIVERED&quot;
            },
            {
                &quot;time&quot;: &quot;2022-02-25T15:49:26.171Z&quot;,
                &quot;status&quot;: &quot;PENDING&quot;
            },
            {
                &quot;time&quot;: &quot;2022-02-25T15:49:26.195Z&quot;,
                &quot;status&quot;: &quot;SEND&quot;
            },
            {
                &quot;time&quot;: &quot;2022-02-25T15:49:26.231Z&quot;,
                &quot;status&quot;: &quot;DELIVERED&quot;
            },
            {
                &quot;time&quot;: &quot;2022-02-25T15:50:40.517Z&quot;,
                &quot;status&quot;: &quot;PENDING&quot;
            },
            {
                &quot;time&quot;: &quot;2022-02-25T15:50:40.541Z&quot;,
                &quot;status&quot;: &quot;SEND&quot;
            },
            {
                &quot;time&quot;: &quot;2022-02-25T15:50:40.580Z&quot;,
                &quot;status&quot;: &quot;DELIVERED&quot;
            },
            {
                &quot;time&quot;: &quot;2022-02-25T15:51:54.139Z&quot;,
                &quot;status&quot;: &quot;PENDING&quot;
            },
            {
                &quot;time&quot;: &quot;2022-02-25T15:51:54.159Z&quot;,
                &quot;status&quot;: &quot;SEND&quot;
            },
            {
                &quot;time&quot;: &quot;2022-02-25T15:51:54.191Z&quot;,
                &quot;status&quot;: &quot;DELIVERED&quot;
            },
            {
                &quot;time&quot;: &quot;2022-02-25T15:52:34.081Z&quot;,
                &quot;status&quot;: &quot;PENDING&quot;
            },
            {
                &quot;time&quot;: &quot;2022-02-25T15:52:34.101Z&quot;,
                &quot;status&quot;: &quot;SEND&quot;
            },
            {
                &quot;time&quot;: &quot;2022-02-25T15:52:34.134Z&quot;,
                &quot;status&quot;: &quot;DELIVERED&quot;
            },
            {
                &quot;time&quot;: &quot;2022-02-25T15:53:26.503Z&quot;,
                &quot;status&quot;: &quot;PENDING&quot;
            },
            {
                &quot;time&quot;: &quot;2022-02-25T15:53:26.525Z&quot;,
                &quot;status&quot;: &quot;SEND&quot;
            },
            {
                &quot;time&quot;: &quot;2022-02-25T15:53:26.557Z&quot;,
                &quot;status&quot;: &quot;DELIVERED&quot;
            },
            {
                &quot;time&quot;: &quot;2022-02-25T15:54:17.893Z&quot;,
                &quot;status&quot;: &quot;PENDING&quot;
            },
            {
                &quot;time&quot;: &quot;2022-02-25T15:54:17.914Z&quot;,
                &quot;status&quot;: &quot;SEND&quot;
            },
            {
                &quot;time&quot;: &quot;2022-02-25T15:54:17.948Z&quot;,
                &quot;status&quot;: &quot;DELIVERED&quot;
            },
            {
                &quot;time&quot;: &quot;2022-02-25T15:54:59.004Z&quot;,
                &quot;status&quot;: &quot;PENDING&quot;
            },
            {
                &quot;time&quot;: &quot;2022-02-25T15:54:59.029Z&quot;,
                &quot;status&quot;: &quot;SEND&quot;
            },
            {
                &quot;time&quot;: &quot;2022-02-25T15:54:59.061Z&quot;,
                &quot;status&quot;: &quot;DELIVERED&quot;
            },
            {
                &quot;time&quot;: &quot;2022-02-25T15:57:14.375Z&quot;,
                &quot;status&quot;: &quot;PENDING&quot;
            },
            {
                &quot;time&quot;: &quot;2022-02-25T15:57:14.398Z&quot;,
                &quot;status&quot;: &quot;SEND&quot;
            },
            {
                &quot;time&quot;: &quot;2022-02-25T15:57:14.436Z&quot;,
                &quot;status&quot;: &quot;DELIVERED&quot;
            },
            {
                &quot;time&quot;: &quot;2022-02-25T15:59:40.014Z&quot;,
                &quot;status&quot;: &quot;PENDING&quot;
            },
            {
                &quot;time&quot;: &quot;2022-02-25T15:59:40.037Z&quot;,
                &quot;status&quot;: &quot;SEND&quot;
            },
            {
                &quot;time&quot;: &quot;2022-02-25T15:59:40.082Z&quot;,
                &quot;status&quot;: &quot;DELIVERED&quot;
            },
            {
                &quot;time&quot;: &quot;2022-02-25T16:00:03.129Z&quot;,
                &quot;status&quot;: &quot;PENDING&quot;
            },
            {
                &quot;time&quot;: &quot;2022-02-25T16:00:03.162Z&quot;,
                &quot;status&quot;: &quot;SEND&quot;
            },
            {
                &quot;time&quot;: &quot;2022-02-25T16:00:03.193Z&quot;,
                &quot;status&quot;: &quot;DELIVERED&quot;
            },
            {
                &quot;time&quot;: &quot;2022-02-25T16:00:26.743Z&quot;,
                &quot;status&quot;: &quot;PENDING&quot;
            },
            {
                &quot;time&quot;: &quot;2022-02-25T16:00:26.765Z&quot;,
                &quot;status&quot;: &quot;SEND&quot;
            },
            {
                &quot;time&quot;: &quot;2022-02-25T16:00:26.800Z&quot;,
                &quot;status&quot;: &quot;DELIVERED&quot;
            },
            {
                &quot;time&quot;: &quot;2022-02-25T16:00:51.687Z&quot;,
                &quot;status&quot;: &quot;PENDING&quot;
            },
            {
                &quot;time&quot;: &quot;2022-02-25T16:00:51.712Z&quot;,
                &quot;status&quot;: &quot;SEND&quot;
            },
            {
                &quot;time&quot;: &quot;2022-02-25T16:00:51.746Z&quot;,
                &quot;status&quot;: &quot;DELIVERED&quot;
            },
            {
                &quot;time&quot;: &quot;2022-02-25T16:01:29.375Z&quot;,
                &quot;status&quot;: &quot;PENDING&quot;
            },
            {
                &quot;time&quot;: &quot;2022-02-25T16:01:29.398Z&quot;,
                &quot;status&quot;: &quot;SEND&quot;
            },
            {
                &quot;time&quot;: &quot;2022-02-25T16:01:29.435Z&quot;,
                &quot;status&quot;: &quot;DELIVERED&quot;
            },
            {
                &quot;time&quot;: &quot;2022-02-25T16:01:52.649Z&quot;,
                &quot;status&quot;: &quot;PENDING&quot;
            },
            {
                &quot;time&quot;: &quot;2022-02-25T16:01:52.672Z&quot;,
                &quot;status&quot;: &quot;SEND&quot;
            },
            {
                &quot;time&quot;: &quot;2022-02-25T16:01:52.707Z&quot;,
                &quot;status&quot;: &quot;DELIVERED&quot;
            },
            {
                &quot;time&quot;: &quot;2022-02-25T16:02:18.471Z&quot;,
                &quot;status&quot;: &quot;PENDING&quot;
            },
            {
                &quot;time&quot;: &quot;2022-02-25T16:02:18.497Z&quot;,
                &quot;status&quot;: &quot;SEND&quot;
            },
            {
                &quot;time&quot;: &quot;2022-02-25T16:02:18.531Z&quot;,
                &quot;status&quot;: &quot;DELIVERED&quot;
            },
            {
                &quot;time&quot;: &quot;2022-02-25T16:18:08.774Z&quot;,
                &quot;status&quot;: &quot;PENDING&quot;
            },
            {
                &quot;time&quot;: &quot;2022-02-25T16:18:08.809Z&quot;,
                &quot;status&quot;: &quot;SEND&quot;
            },
            {
                &quot;time&quot;: &quot;2022-02-25T16:18:08.844Z&quot;,
                &quot;status&quot;: &quot;DELIVERED&quot;
            },
            {
                &quot;time&quot;: &quot;2022-02-25T16:20:48.789Z&quot;,
                &quot;status&quot;: &quot;PENDING&quot;
            },
            {
                &quot;time&quot;: &quot;2022-02-25T16:20:48.814Z&quot;,
                &quot;status&quot;: &quot;SEND&quot;
            },
            {
                &quot;time&quot;: &quot;2022-02-25T16:20:48.848Z&quot;,
                &quot;status&quot;: &quot;DELIVERED&quot;
            },
            {
                &quot;time&quot;: &quot;2022-02-25T16:21:12.421Z&quot;,
                &quot;status&quot;: &quot;PENDING&quot;
            },
            {
                &quot;time&quot;: &quot;2022-02-25T16:21:12.447Z&quot;,
                &quot;status&quot;: &quot;SEND&quot;
            },
            {
                &quot;time&quot;: &quot;2022-02-25T16:21:12.483Z&quot;,
                &quot;status&quot;: &quot;DELIVERED&quot;
            },
            {
                &quot;time&quot;: &quot;2022-02-25T16:23:50.786Z&quot;,
                &quot;status&quot;: &quot;PENDING&quot;
            },
            {
                &quot;time&quot;: &quot;2022-02-25T16:23:50.811Z&quot;,
                &quot;status&quot;: &quot;SEND&quot;
            }
        ],
        &quot;status&quot;: &quot;DELIVERED&quot;
    },
    &quot;creationTime&quot;: &quot;2022-02-25T15:47:06.397Z&quot;,
    &quot;deviceId&quot;: &quot;14656331&quot;,
    &quot;deviceName&quot;: &quot;mythic_beasts_pi_all_jobs_sag&quot;,
    &quot;self&quot;: &quot;https://t493319102.eu-latest.cumulocity.com/devicecontrol/operations/14656720&quot;,
    &quot;id&quot;: &quot;14656720&quot;,
    &quot;status&quot;: &quot;PENDING&quot;,
    &quot;c8y_LogfileRequest&quot;: {
        &quot;searchText&quot;: &quot;&quot;,
        &quot;logFile&quot;: &quot;software-management&quot;,
        &quot;dateTo&quot;: &quot;2021-11-21T18:55:49+0530&quot;,
        &quot;dateFrom&quot;: &quot;2021-11-15T18:55:49+0530&quot;,
        &quot;maximumLines&quot;: 300
    },
    &quot;description&quot;: &quot;Log file request&quot;
}
16:24:01 DEBUG Final URL of the request: https://thin-edge-io.eu-latest.cumulocity.com/devicecontrol/operations?deviceId=14656331&amp;pageSize=1&amp;revert=true&amp;dateFrom=1970-01-01T00%3A00%3A00.000Z
16:24:01 INFO  State of current operation: PENDING
16:24:01 DEBUG Final URL of the request: https://thin-edge-io.eu-latest.cumulocity.com/devicecontrol/operations?deviceId=14656331&amp;pageSize=1&amp;revert=true&amp;dateFrom=1970-01-01T00%3A00%3A00.000Z
16:24:01 DEBUG State of current operation: {
    &quot;delivery&quot;: {
        &quot;time&quot;: &quot;2022-02-25T16:23:50.846Z&quot;,
        &quot;log&quot;: [
            {
                &quot;time&quot;: &quot;2022-02-25T15:47:06.415Z&quot;,
                &quot;status&quot;: &quot;PENDING&quot;
            },
            {
                &quot;time&quot;: &quot;2022-02-25T15:47:06.422Z&quot;,
                &quot;status&quot;: &quot;SEND&quot;
            },
            {
                &quot;time&quot;: &quot;2022-02-25T15:47:06.459Z&quot;,
                &quot;status&quot;: &quot;DELIVERED&quot;
            },
            {
                &quot;time&quot;: &quot;2022-02-25T15:48:13.784Z&quot;,
                &quot;status&quot;: &quot;PENDING&quot;
            },
            {
                &quot;time&quot;: &quot;2022-02-25T15:48:13.807Z&quot;,
                &quot;status&quot;: &quot;SEND&quot;
            },
            {
                &quot;time&quot;: &quot;2022-02-25T15:48:13.843Z&quot;,
                &quot;status&quot;: &quot;DELIVERED&quot;
            },
            {
                &quot;time&quot;: &quot;2022-02-25T15:49:26.171Z&quot;,
                &quot;status&quot;: &quot;PENDING&quot;
            },
            {
                &quot;time&quot;: &quot;2022-02-25T15:49:26.195Z&quot;,
                &quot;status&quot;: &quot;SEND&quot;
            },
            {
                &quot;time&quot;: &quot;2022-02-25T15:49:26.231Z&quot;,
                &quot;status&quot;: &quot;DELIVERED&quot;
            },
            {
                &quot;time&quot;: &quot;2022-02-25T15:50:40.517Z&quot;,
                &quot;status&quot;: &quot;PENDING&quot;
            },
            {
                &quot;time&quot;: &quot;2022-02-25T15:50:40.541Z&quot;,
                &quot;status&quot;: &quot;SEND&quot;
            },
            {
                &quot;time&quot;: &quot;2022-02-25T15:50:40.580Z&quot;,
                &quot;status&quot;: &quot;DELIVERED&quot;
            },
            {
                &quot;time&quot;: &quot;2022-02-25T15:51:54.139Z&quot;,
                &quot;status&quot;: &quot;PENDING&quot;
            },
            {
                &quot;time&quot;: &quot;2022-02-25T15:51:54.159Z&quot;,
                &quot;status&quot;: &quot;SEND&quot;
            },
            {
                &quot;time&quot;: &quot;2022-02-25T15:51:54.191Z&quot;,
                &quot;status&quot;: &quot;DELIVERED&quot;
            },
            {
                &quot;time&quot;: &quot;2022-02-25T15:52:34.081Z&quot;,
                &quot;status&quot;: &quot;PENDING&quot;
            },
            {
                &quot;time&quot;: &quot;2022-02-25T15:52:34.101Z&quot;,
                &quot;status&quot;: &quot;SEND&quot;
            },
            {
                &quot;time&quot;: &quot;2022-02-25T15:52:34.134Z&quot;,
                &quot;status&quot;: &quot;DELIVERED&quot;
            },
            {
                &quot;time&quot;: &quot;2022-02-25T15:53:26.503Z&quot;,
                &quot;status&quot;: &quot;PENDING&quot;
            },
            {
                &quot;time&quot;: &quot;2022-02-25T15:53:26.525Z&quot;,
                &quot;status&quot;: &quot;SEND&quot;
            },
            {
                &quot;time&quot;: &quot;2022-02-25T15:53:26.557Z&quot;,
                &quot;status&quot;: &quot;DELIVERED&quot;
            },
            {
                &quot;time&quot;: &quot;2022-02-25T15:54:17.893Z&quot;,
                &quot;status&quot;: &quot;PENDING&quot;
            },
            {
                &quot;time&quot;: &quot;2022-02-25T15:54:17.914Z&quot;,
                &quot;status&quot;: &quot;SEND&quot;
            },
            {
                &quot;time&quot;: &quot;2022-02-25T15:54:17.948Z&quot;,
                &quot;status&quot;: &quot;DELIVERED&quot;
            },
            {
                &quot;time&quot;: &quot;2022-02-25T15:54:59.004Z&quot;,
                &quot;status&quot;: &quot;PENDING&quot;
            },
            {
                &quot;time&quot;: &quot;2022-02-25T15:54:59.029Z&quot;,
                &quot;status&quot;: &quot;SEND&quot;
            },
            {
                &quot;time&quot;: &quot;2022-02-25T15:54:59.061Z&quot;,
                &quot;status&quot;: &quot;DELIVERED&quot;
            },
            {
                &quot;time&quot;: &quot;2022-02-25T15:57:14.375Z&quot;,
                &quot;status&quot;: &quot;PENDING&quot;
            },
            {
                &quot;time&quot;: &quot;2022-02-25T15:57:14.398Z&quot;,
                &quot;status&quot;: &quot;SEND&quot;
            },
            {
                &quot;time&quot;: &quot;2022-02-25T15:57:14.436Z&quot;,
                &quot;status&quot;: &quot;DELIVERED&quot;
            },
            {
                &quot;time&quot;: &quot;2022-02-25T15:59:40.014Z&quot;,
                &quot;status&quot;: &quot;PENDING&quot;
            },
            {
                &quot;time&quot;: &quot;2022-02-25T15:59:40.037Z&quot;,
                &quot;status&quot;: &quot;SEND&quot;
            },
            {
                &quot;time&quot;: &quot;2022-02-25T15:59:40.082Z&quot;,
                &quot;status&quot;: &quot;DELIVERED&quot;
            },
            {
                &quot;time&quot;: &quot;2022-02-25T16:00:03.129Z&quot;,
                &quot;status&quot;: &quot;PENDING&quot;
            },
            {
                &quot;time&quot;: &quot;2022-02-25T16:00:03.162Z&quot;,
                &quot;status&quot;: &quot;SEND&quot;
            },
            {
                &quot;time&quot;: &quot;2022-02-25T16:00:03.193Z&quot;,
                &quot;status&quot;: &quot;DELIVERED&quot;
            },
            {
                &quot;time&quot;: &quot;2022-02-25T16:00:26.743Z&quot;,
                &quot;status&quot;: &quot;PENDING&quot;
            },
            {
                &quot;time&quot;: &quot;2022-02-25T16:00:26.765Z&quot;,
                &quot;status&quot;: &quot;SEND&quot;
            },
            {
                &quot;time&quot;: &quot;2022-02-25T16:00:26.800Z&quot;,
                &quot;status&quot;: &quot;DELIVERED&quot;
            },
            {
                &quot;time&quot;: &quot;2022-02-25T16:00:51.687Z&quot;,
                &quot;status&quot;: &quot;PENDING&quot;
            },
            {
                &quot;time&quot;: &quot;2022-02-25T16:00:51.712Z&quot;,
                &quot;status&quot;: &quot;SEND&quot;
            },
            {
                &quot;time&quot;: &quot;2022-02-25T16:00:51.746Z&quot;,
                &quot;status&quot;: &quot;DELIVERED&quot;
            },
            {
                &quot;time&quot;: &quot;2022-02-25T16:01:29.375Z&quot;,
                &quot;status&quot;: &quot;PENDING&quot;
            },
            {
                &quot;time&quot;: &quot;2022-02-25T16:01:29.398Z&quot;,
                &quot;status&quot;: &quot;SEND&quot;
            },
            {
                &quot;time&quot;: &quot;2022-02-25T16:01:29.435Z&quot;,
                &quot;status&quot;: &quot;DELIVERED&quot;
            },
            {
                &quot;time&quot;: &quot;2022-02-25T16:01:52.649Z&quot;,
                &quot;status&quot;: &quot;PENDING&quot;
            },
            {
                &quot;time&quot;: &quot;2022-02-25T16:01:52.672Z&quot;,
                &quot;status&quot;: &quot;SEND&quot;
            },
            {
                &quot;time&quot;: &quot;2022-02-25T16:01:52.707Z&quot;,
                &quot;status&quot;: &quot;DELIVERED&quot;
            },
            {
                &quot;time&quot;: &quot;2022-02-25T16:02:18.471Z&quot;,
                &quot;status&quot;: &quot;PENDING&quot;
            },
            {
                &quot;time&quot;: &quot;2022-02-25T16:02:18.497Z&quot;,
                &quot;status&quot;: &quot;SEND&quot;
            },
            {
                &quot;time&quot;: &quot;2022-02-25T16:02:18.531Z&quot;,
                &quot;status&quot;: &quot;DELIVERED&quot;
            },
            {
                &quot;time&quot;: &quot;2022-02-25T16:18:08.774Z&quot;,
                &quot;status&quot;: &quot;PENDING&quot;
            },
            {
                &quot;time&quot;: &quot;2022-02-25T16:18:08.809Z&quot;,
                &quot;status&quot;: &quot;SEND&quot;
            },
            {
                &quot;time&quot;: &quot;2022-02-25T16:18:08.844Z&quot;,
                &quot;status&quot;: &quot;DELIVERED&quot;
            },
            {
                &quot;time&quot;: &quot;2022-02-25T16:20:48.789Z&quot;,
                &quot;status&quot;: &quot;PENDING&quot;
            },
            {
                &quot;time&quot;: &quot;2022-02-25T16:20:48.814Z&quot;,
                &quot;status&quot;: &quot;SEND&quot;
            },
            {
                &quot;time&quot;: &quot;2022-02-25T16:20:48.848Z&quot;,
                &quot;status&quot;: &quot;DELIVERED&quot;
            },
            {
                &quot;time&quot;: &quot;2022-02-25T16:21:12.421Z&quot;,
                &quot;status&quot;: &quot;PENDING&quot;
            },
            {
                &quot;time&quot;: &quot;2022-02-25T16:21:12.447Z&quot;,
                &quot;status&quot;: &quot;SEND&quot;
            },
            {
                &quot;time&quot;: &quot;2022-02-25T16:21:12.483Z&quot;,
                &quot;status&quot;: &quot;DELIVERED&quot;
            },
            {
                &quot;time&quot;: &quot;2022-02-25T16:23:50.786Z&quot;,
                &quot;status&quot;: &quot;PENDING&quot;
            },
            {
                &quot;time&quot;: &quot;2022-02-25T16:23:50.811Z&quot;,
                &quot;status&quot;: &quot;SEND&quot;
            }
        ],
        &quot;status&quot;: &quot;DELIVERED&quot;
    },
    &quot;creationTime&quot;: &quot;2022-02-25T15:47:06.397Z&quot;,
    &quot;deviceId&quot;: &quot;14656331&quot;,
    &quot;deviceName&quot;: &quot;mythic_beasts_pi_all_jobs_sag&quot;,
    &quot;self&quot;: &quot;https://t493319102.eu-latest.cumulocity.com/devicecontrol/operations/14656720&quot;,
    &quot;id&quot;: &quot;14656720&quot;,
    &quot;status&quot;: &quot;PENDING&quot;,
    &quot;c8y_LogfileRequest&quot;: {
        &quot;searchText&quot;: &quot;&quot;,
        &quot;logFile&quot;: &quot;software-management&quot;,
        &quot;dateTo&quot;: &quot;2021-11-21T18:55:49+0530&quot;,
        &quot;dateFrom&quot;: &quot;2021-11-15T18:55:49+0530&quot;,
        &quot;maximumLines&quot;: 300
    },
    &quot;description&quot;: &quot;Log file request&quot;
}
16:24:03 DEBUG Final URL of the request: https://thin-edge-io.eu-latest.cumulocity.com/devicecontrol/operations?deviceId=14656331&amp;pageSize=1&amp;revert=true&amp;dateFrom=1970-01-01T00%3A00%3A00.000Z
16:24:03 INFO  State of current operation: PENDING
16:24:03 DEBUG Final URL of the request: https://thin-edge-io.eu-latest.cumulocity.com/devicecontrol/operations?deviceId=14656331&amp;pageSize=1&amp;revert=true&amp;dateFrom=1970-01-01T00%3A00%3A00.000Z
16:24:03 DEBUG State of current operation: {
    &quot;delivery&quot;: {
        &quot;time&quot;: &quot;2022-02-25T16:23:50.846Z&quot;,
        &quot;log&quot;: [
            {
                &quot;time&quot;: &quot;2022-02-25T15:47:06.415Z&quot;,
                &quot;status&quot;: &quot;PENDING&quot;
            },
            {
                &quot;time&quot;: &quot;2022-02-25T15:47:06.422Z&quot;,
                &quot;status&quot;: &quot;SEND&quot;
            },
            {
                &quot;time&quot;: &quot;2022-02-25T15:47:06.459Z&quot;,
                &quot;status&quot;: &quot;DELIVERED&quot;
            },
            {
                &quot;time&quot;: &quot;2022-02-25T15:48:13.784Z&quot;,
                &quot;status&quot;: &quot;PENDING&quot;
            },
            {
                &quot;time&quot;: &quot;2022-02-25T15:48:13.807Z&quot;,
                &quot;status&quot;: &quot;SEND&quot;
            },
            {
                &quot;time&quot;: &quot;2022-02-25T15:48:13.843Z&quot;,
                &quot;status&quot;: &quot;DELIVERED&quot;
            },
            {
                &quot;time&quot;: &quot;2022-02-25T15:49:26.171Z&quot;,
                &quot;status&quot;: &quot;PENDING&quot;
            },
            {
                &quot;time&quot;: &quot;2022-02-25T15:49:26.195Z&quot;,
                &quot;status&quot;: &quot;SEND&quot;
            },
            {
                &quot;time&quot;: &quot;2022-02-25T15:49:26.231Z&quot;,
                &quot;status&quot;: &quot;DELIVERED&quot;
            },
            {
                &quot;time&quot;: &quot;2022-02-25T15:50:40.517Z&quot;,
                &quot;status&quot;: &quot;PENDING&quot;
            },
            {
                &quot;time&quot;: &quot;2022-02-25T15:50:40.541Z&quot;,
                &quot;status&quot;: &quot;SEND&quot;
            },
            {
                &quot;time&quot;: &quot;2022-02-25T15:50:40.580Z&quot;,
                &quot;status&quot;: &quot;DELIVERED&quot;
            },
            {
                &quot;time&quot;: &quot;2022-02-25T15:51:54.139Z&quot;,
                &quot;status&quot;: &quot;PENDING&quot;
            },
            {
                &quot;time&quot;: &quot;2022-02-25T15:51:54.159Z&quot;,
                &quot;status&quot;: &quot;SEND&quot;
            },
            {
                &quot;time&quot;: &quot;2022-02-25T15:51:54.191Z&quot;,
                &quot;status&quot;: &quot;DELIVERED&quot;
            },
            {
                &quot;time&quot;: &quot;2022-02-25T15:52:34.081Z&quot;,
                &quot;status&quot;: &quot;PENDING&quot;
            },
            {
                &quot;time&quot;: &quot;2022-02-25T15:52:34.101Z&quot;,
                &quot;status&quot;: &quot;SEND&quot;
            },
            {
                &quot;time&quot;: &quot;2022-02-25T15:52:34.134Z&quot;,
                &quot;status&quot;: &quot;DELIVERED&quot;
            },
            {
                &quot;time&quot;: &quot;2022-02-25T15:53:26.503Z&quot;,
                &quot;status&quot;: &quot;PENDING&quot;
            },
            {
                &quot;time&quot;: &quot;2022-02-25T15:53:26.525Z&quot;,
                &quot;status&quot;: &quot;SEND&quot;
            },
            {
                &quot;time&quot;: &quot;2022-02-25T15:53:26.557Z&quot;,
                &quot;status&quot;: &quot;DELIVERED&quot;
            },
            {
                &quot;time&quot;: &quot;2022-02-25T15:54:17.893Z&quot;,
                &quot;status&quot;: &quot;PENDING&quot;
            },
            {
                &quot;time&quot;: &quot;2022-02-25T15:54:17.914Z&quot;,
                &quot;status&quot;: &quot;SEND&quot;
            },
            {
                &quot;time&quot;: &quot;2022-02-25T15:54:17.948Z&quot;,
                &quot;status&quot;: &quot;DELIVERED&quot;
            },
            {
                &quot;time&quot;: &quot;2022-02-25T15:54:59.004Z&quot;,
                &quot;status&quot;: &quot;PENDING&quot;
            },
            {
                &quot;time&quot;: &quot;2022-02-25T15:54:59.029Z&quot;,
                &quot;status&quot;: &quot;SEND&quot;
            },
            {
                &quot;time&quot;: &quot;2022-02-25T15:54:59.061Z&quot;,
                &quot;status&quot;: &quot;DELIVERED&quot;
            },
            {
                &quot;time&quot;: &quot;2022-02-25T15:57:14.375Z&quot;,
                &quot;status&quot;: &quot;PENDING&quot;
            },
            {
                &quot;time&quot;: &quot;2022-02-25T15:57:14.398Z&quot;,
                &quot;status&quot;: &quot;SEND&quot;
            },
            {
                &quot;time&quot;: &quot;2022-02-25T15:57:14.436Z&quot;,
                &quot;status&quot;: &quot;DELIVERED&quot;
            },
            {
                &quot;time&quot;: &quot;2022-02-25T15:59:40.014Z&quot;,
                &quot;status&quot;: &quot;PENDING&quot;
            },
            {
                &quot;time&quot;: &quot;2022-02-25T15:59:40.037Z&quot;,
                &quot;status&quot;: &quot;SEND&quot;
            },
            {
                &quot;time&quot;: &quot;2022-02-25T15:59:40.082Z&quot;,
                &quot;status&quot;: &quot;DELIVERED&quot;
            },
            {
                &quot;time&quot;: &quot;2022-02-25T16:00:03.129Z&quot;,
                &quot;status&quot;: &quot;PENDING&quot;
            },
            {
                &quot;time&quot;: &quot;2022-02-25T16:00:03.162Z&quot;,
                &quot;status&quot;: &quot;SEND&quot;
            },
            {
                &quot;time&quot;: &quot;2022-02-25T16:00:03.193Z&quot;,
                &quot;status&quot;: &quot;DELIVERED&quot;
            },
            {
                &quot;time&quot;: &quot;2022-02-25T16:00:26.743Z&quot;,
                &quot;status&quot;: &quot;PENDING&quot;
            },
            {
                &quot;time&quot;: &quot;2022-02-25T16:00:26.765Z&quot;,
                &quot;status&quot;: &quot;SEND&quot;
            },
            {
                &quot;time&quot;: &quot;2022-02-25T16:00:26.800Z&quot;,
                &quot;status&quot;: &quot;DELIVERED&quot;
            },
            {
                &quot;time&quot;: &quot;2022-02-25T16:00:51.687Z&quot;,
                &quot;status&quot;: &quot;PENDING&quot;
            },
            {
                &quot;time&quot;: &quot;2022-02-25T16:00:51.712Z&quot;,
                &quot;status&quot;: &quot;SEND&quot;
            },
            {
                &quot;time&quot;: &quot;2022-02-25T16:00:51.746Z&quot;,
                &quot;status&quot;: &quot;DELIVERED&quot;
            },
            {
                &quot;time&quot;: &quot;2022-02-25T16:01:29.375Z&quot;,
                &quot;status&quot;: &quot;PENDING&quot;
            },
            {
                &quot;time&quot;: &quot;2022-02-25T16:01:29.398Z&quot;,
                &quot;status&quot;: &quot;SEND&quot;
            },
            {
                &quot;time&quot;: &quot;2022-02-25T16:01:29.435Z&quot;,
                &quot;status&quot;: &quot;DELIVERED&quot;
            },
            {
                &quot;time&quot;: &quot;2022-02-25T16:01:52.649Z&quot;,
                &quot;status&quot;: &quot;PENDING&quot;
            },
            {
                &quot;time&quot;: &quot;2022-02-25T16:01:52.672Z&quot;,
                &quot;status&quot;: &quot;SEND&quot;
            },
            {
                &quot;time&quot;: &quot;2022-02-25T16:01:52.707Z&quot;,
                &quot;status&quot;: &quot;DELIVERED&quot;
            },
            {
                &quot;time&quot;: &quot;2022-02-25T16:02:18.471Z&quot;,
                &quot;status&quot;: &quot;PENDING&quot;
            },
            {
                &quot;time&quot;: &quot;2022-02-25T16:02:18.497Z&quot;,
                &quot;status&quot;: &quot;SEND&quot;
            },
            {
                &quot;time&quot;: &quot;2022-02-25T16:02:18.531Z&quot;,
                &quot;status&quot;: &quot;DELIVERED&quot;
            },
            {
                &quot;time&quot;: &quot;2022-02-25T16:18:08.774Z&quot;,
                &quot;status&quot;: &quot;PENDING&quot;
            },
            {
                &quot;time&quot;: &quot;2022-02-25T16:18:08.809Z&quot;,
                &quot;status&quot;: &quot;SEND&quot;
            },
            {
                &quot;time&quot;: &quot;2022-02-25T16:18:08.844Z&quot;,
                &quot;status&quot;: &quot;DELIVERED&quot;
            },
            {
                &quot;time&quot;: &quot;2022-02-25T16:20:48.789Z&quot;,
                &quot;status&quot;: &quot;PENDING&quot;
            },
            {
                &quot;time&quot;: &quot;2022-02-25T16:20:48.814Z&quot;,
                &quot;status&quot;: &quot;SEND&quot;
            },
            {
                &quot;time&quot;: &quot;2022-02-25T16:20:48.848Z&quot;,
                &quot;status&quot;: &quot;DELIVERED&quot;
            },
            {
                &quot;time&quot;: &quot;2022-02-25T16:21:12.421Z&quot;,
                &quot;status&quot;: &quot;PENDING&quot;
            },
            {
                &quot;time&quot;: &quot;2022-02-25T16:21:12.447Z&quot;,
                &quot;status&quot;: &quot;SEND&quot;
            },
            {
                &quot;time&quot;: &quot;2022-02-25T16:21:12.483Z&quot;,
                &quot;status&quot;: &quot;DELIVERED&quot;
            },
            {
                &quot;time&quot;: &quot;2022-02-25T16:23:50.786Z&quot;,
                &quot;status&quot;: &quot;PENDING&quot;
            },
            {
                &quot;time&quot;: &quot;2022-02-25T16:23:50.811Z&quot;,
                &quot;status&quot;: &quot;SEND&quot;
            }
        ],
        &quot;status&quot;: &quot;DELIVERED&quot;
    },
    &quot;creationTime&quot;: &quot;2022-02-25T15:47:06.397Z&quot;,
    &quot;deviceId&quot;: &quot;14656331&quot;,
    &quot;deviceName&quot;: &quot;mythic_beasts_pi_all_jobs_sag&quot;,
    &quot;self&quot;: &quot;https://t493319102.eu-latest.cumulocity.com/devicecontrol/operations/14656720&quot;,
    &quot;id&quot;: &quot;14656720&quot;,
    &quot;status&quot;: &quot;PENDING&quot;,
    &quot;c8y_LogfileRequest&quot;: {
        &quot;searchText&quot;: &quot;&quot;,
        &quot;logFile&quot;: &quot;software-management&quot;,
        &quot;dateTo&quot;: &quot;2021-11-21T18:55:49+0530&quot;,
        &quot;dateFrom&quot;: &quot;2021-11-15T18:55:49+0530&quot;,
        &quot;maximumLines&quot;: 300
    },
    &quot;description&quot;: &quot;Log file request&quot;
}
16:24:06 DEBUG Final URL of the request: https://thin-edge-io.eu-latest.cumulocity.com/devicecontrol/operations?deviceId=14656331&amp;pageSize=1&amp;revert=true&amp;dateFrom=1970-01-01T00%3A00%3A00.000Z
16:24:06 INFO  State of current operation: PENDING
16:24:06 DEBUG Final URL of the request: https://thin-edge-io.eu-latest.cumulocity.com/devicecontrol/operations?deviceId=14656331&amp;pageSize=1&amp;revert=true&amp;dateFrom=1970-01-01T00%3A00%3A00.000Z
16:24:06 DEBUG State of current operation: {
    &quot;delivery&quot;: {
        &quot;time&quot;: &quot;2022-02-25T16:23:50.846Z&quot;,
        &quot;log&quot;: [
            {
                &quot;time&quot;: &quot;2022-02-25T15:47:06.415Z&quot;,
                &quot;status&quot;: &quot;PENDING&quot;
            },
            {
                &quot;time&quot;: &quot;2022-02-25T15:47:06.422Z&quot;,
                &quot;status&quot;: &quot;SEND&quot;
            },
            {
                &quot;time&quot;: &quot;2022-02-25T15:47:06.459Z&quot;,
                &quot;status&quot;: &quot;DELIVERED&quot;
            },
            {
                &quot;time&quot;: &quot;2022-02-25T15:48:13.784Z&quot;,
                &quot;status&quot;: &quot;PENDING&quot;
            },
            {
                &quot;time&quot;: &quot;2022-02-25T15:48:13.807Z&quot;,
                &quot;status&quot;: &quot;SEND&quot;
            },
            {
                &quot;time&quot;: &quot;2022-02-25T15:48:13.843Z&quot;,
                &quot;status&quot;: &quot;DELIVERED&quot;
            },
            {
                &quot;time&quot;: &quot;2022-02-25T15:49:26.171Z&quot;,
                &quot;status&quot;: &quot;PENDING&quot;
            },
            {
                &quot;time&quot;: &quot;2022-02-25T15:49:26.195Z&quot;,
                &quot;status&quot;: &quot;SEND&quot;
            },
            {
                &quot;time&quot;: &quot;2022-02-25T15:49:26.231Z&quot;,
                &quot;status&quot;: &quot;DELIVERED&quot;
            },
            {
                &quot;time&quot;: &quot;2022-02-25T15:50:40.517Z&quot;,
                &quot;status&quot;: &quot;PENDING&quot;
            },
            {
                &quot;time&quot;: &quot;2022-02-25T15:50:40.541Z&quot;,
                &quot;status&quot;: &quot;SEND&quot;
            },
            {
                &quot;time&quot;: &quot;2022-02-25T15:50:40.580Z&quot;,
                &quot;status&quot;: &quot;DELIVERED&quot;
            },
            {
                &quot;time&quot;: &quot;2022-02-25T15:51:54.139Z&quot;,
                &quot;status&quot;: &quot;PENDING&quot;
            },
            {
                &quot;time&quot;: &quot;2022-02-25T15:51:54.159Z&quot;,
                &quot;status&quot;: &quot;SEND&quot;
            },
            {
                &quot;time&quot;: &quot;2022-02-25T15:51:54.191Z&quot;,
                &quot;status&quot;: &quot;DELIVERED&quot;
            },
            {
                &quot;time&quot;: &quot;2022-02-25T15:52:34.081Z&quot;,
                &quot;status&quot;: &quot;PENDING&quot;
            },
            {
                &quot;time&quot;: &quot;2022-02-25T15:52:34.101Z&quot;,
                &quot;status&quot;: &quot;SEND&quot;
            },
            {
                &quot;time&quot;: &quot;2022-02-25T15:52:34.134Z&quot;,
                &quot;status&quot;: &quot;DELIVERED&quot;
            },
            {
                &quot;time&quot;: &quot;2022-02-25T15:53:26.503Z&quot;,
                &quot;status&quot;: &quot;PENDING&quot;
            },
            {
                &quot;time&quot;: &quot;2022-02-25T15:53:26.525Z&quot;,
                &quot;status&quot;: &quot;SEND&quot;
            },
            {
                &quot;time&quot;: &quot;2022-02-25T15:53:26.557Z&quot;,
                &quot;status&quot;: &quot;DELIVERED&quot;
            },
            {
                &quot;time&quot;: &quot;2022-02-25T15:54:17.893Z&quot;,
                &quot;status&quot;: &quot;PENDING&quot;
            },
            {
                &quot;time&quot;: &quot;2022-02-25T15:54:17.914Z&quot;,
                &quot;status&quot;: &quot;SEND&quot;
            },
            {
                &quot;time&quot;: &quot;2022-02-25T15:54:17.948Z&quot;,
                &quot;status&quot;: &quot;DELIVERED&quot;
            },
            {
                &quot;time&quot;: &quot;2022-02-25T15:54:59.004Z&quot;,
                &quot;status&quot;: &quot;PENDING&quot;
            },
            {
                &quot;time&quot;: &quot;2022-02-25T15:54:59.029Z&quot;,
                &quot;status&quot;: &quot;SEND&quot;
            },
            {
                &quot;time&quot;: &quot;2022-02-25T15:54:59.061Z&quot;,
                &quot;status&quot;: &quot;DELIVERED&quot;
            },
            {
                &quot;time&quot;: &quot;2022-02-25T15:57:14.375Z&quot;,
                &quot;status&quot;: &quot;PENDING&quot;
            },
            {
                &quot;time&quot;: &quot;2022-02-25T15:57:14.398Z&quot;,
                &quot;status&quot;: &quot;SEND&quot;
            },
            {
                &quot;time&quot;: &quot;2022-02-25T15:57:14.436Z&quot;,
                &quot;status&quot;: &quot;DELIVERED&quot;
            },
            {
                &quot;time&quot;: &quot;2022-02-25T15:59:40.014Z&quot;,
                &quot;status&quot;: &quot;PENDING&quot;
            },
            {
                &quot;time&quot;: &quot;2022-02-25T15:59:40.037Z&quot;,
                &quot;status&quot;: &quot;SEND&quot;
            },
            {
                &quot;time&quot;: &quot;2022-02-25T15:59:40.082Z&quot;,
                &quot;status&quot;: &quot;DELIVERED&quot;
            },
            {
                &quot;time&quot;: &quot;2022-02-25T16:00:03.129Z&quot;,
                &quot;status&quot;: &quot;PENDING&quot;
            },
            {
                &quot;time&quot;: &quot;2022-02-25T16:00:03.162Z&quot;,
                &quot;status&quot;: &quot;SEND&quot;
            },
            {
                &quot;time&quot;: &quot;2022-02-25T16:00:03.193Z&quot;,
                &quot;status&quot;: &quot;DELIVERED&quot;
            },
            {
                &quot;time&quot;: &quot;2022-02-25T16:00:26.743Z&quot;,
                &quot;status&quot;: &quot;PENDING&quot;
            },
            {
                &quot;time&quot;: &quot;2022-02-25T16:00:26.765Z&quot;,
                &quot;status&quot;: &quot;SEND&quot;
            },
            {
                &quot;time&quot;: &quot;2022-02-25T16:00:26.800Z&quot;,
                &quot;status&quot;: &quot;DELIVERED&quot;
            },
            {
                &quot;time&quot;: &quot;2022-02-25T16:00:51.687Z&quot;,
                &quot;status&quot;: &quot;PENDING&quot;
            },
            {
                &quot;time&quot;: &quot;2022-02-25T16:00:51.712Z&quot;,
                &quot;status&quot;: &quot;SEND&quot;
            },
            {
                &quot;time&quot;: &quot;2022-02-25T16:00:51.746Z&quot;,
                &quot;status&quot;: &quot;DELIVERED&quot;
            },
            {
                &quot;time&quot;: &quot;2022-02-25T16:01:29.375Z&quot;,
                &quot;status&quot;: &quot;PENDING&quot;
            },
            {
                &quot;time&quot;: &quot;2022-02-25T16:01:29.398Z&quot;,
                &quot;status&quot;: &quot;SEND&quot;
            },
            {
                &quot;time&quot;: &quot;2022-02-25T16:01:29.435Z&quot;,
                &quot;status&quot;: &quot;DELIVERED&quot;
            },
            {
                &quot;time&quot;: &quot;2022-02-25T16:01:52.649Z&quot;,
                &quot;status&quot;: &quot;PENDING&quot;
            },
            {
                &quot;time&quot;: &quot;2022-02-25T16:01:52.672Z&quot;,
                &quot;status&quot;: &quot;SEND&quot;
            },
            {
                &quot;time&quot;: &quot;2022-02-25T16:01:52.707Z&quot;,
                &quot;status&quot;: &quot;DELIVERED&quot;
            },
            {
                &quot;time&quot;: &quot;2022-02-25T16:02:18.471Z&quot;,
                &quot;status&quot;: &quot;PENDING&quot;
            },
            {
                &quot;time&quot;: &quot;2022-02-25T16:02:18.497Z&quot;,
                &quot;status&quot;: &quot;SEND&quot;
            },
            {
                &quot;time&quot;: &quot;2022-02-25T16:02:18.531Z&quot;,
                &quot;status&quot;: &quot;DELIVERED&quot;
            },
            {
                &quot;time&quot;: &quot;2022-02-25T16:18:08.774Z&quot;,
                &quot;status&quot;: &quot;PENDING&quot;
            },
            {
                &quot;time&quot;: &quot;2022-02-25T16:18:08.809Z&quot;,
                &quot;status&quot;: &quot;SEND&quot;
            },
            {
                &quot;time&quot;: &quot;2022-02-25T16:18:08.844Z&quot;,
                &quot;status&quot;: &quot;DELIVERED&quot;
            },
            {
                &quot;time&quot;: &quot;2022-02-25T16:20:48.789Z&quot;,
                &quot;status&quot;: &quot;PENDING&quot;
            },
            {
                &quot;time&quot;: &quot;2022-02-25T16:20:48.814Z&quot;,
                &quot;status&quot;: &quot;SEND&quot;
            },
            {
                &quot;time&quot;: &quot;2022-02-25T16:20:48.848Z&quot;,
                &quot;status&quot;: &quot;DELIVERED&quot;
            },
            {
                &quot;time&quot;: &quot;2022-02-25T16:21:12.421Z&quot;,
                &quot;status&quot;: &quot;PENDING&quot;
            },
            {
                &quot;time&quot;: &quot;2022-02-25T16:21:12.447Z&quot;,
                &quot;status&quot;: &quot;SEND&quot;
            },
            {
                &quot;time&quot;: &quot;2022-02-25T16:21:12.483Z&quot;,
                &quot;status&quot;: &quot;DELIVERED&quot;
            },
            {
                &quot;time&quot;: &quot;2022-02-25T16:23:50.786Z&quot;,
                &quot;status&quot;: &quot;PENDING&quot;
            },
            {
                &quot;time&quot;: &quot;2022-02-25T16:23:50.811Z&quot;,
                &quot;status&quot;: &quot;SEND&quot;
            }
        ],
        &quot;status&quot;: &quot;DELIVERED&quot;
    },
    &quot;creationTime&quot;: &quot;2022-02-25T15:47:06.397Z&quot;,
    &quot;deviceId&quot;: &quot;14656331&quot;,
    &quot;deviceName&quot;: &quot;mythic_beasts_pi_all_jobs_sag&quot;,
    &quot;self&quot;: &quot;https://t493319102.eu-latest.cumulocity.com/devicecontrol/operations/14656720&quot;,
    &quot;id&quot;: &quot;14656720&quot;,
    &quot;status&quot;: &quot;PENDING&quot;,
    &quot;c8y_LogfileRequest&quot;: {
        &quot;searchText&quot;: &quot;&quot;,
        &quot;logFile&quot;: &quot;software-management&quot;,
        &quot;dateTo&quot;: &quot;2021-11-21T18:55:49+0530&quot;,
        &quot;dateFrom&quot;: &quot;2021-11-15T18:55:49+0530&quot;,
        &quot;maximumLines&quot;: 300
    },
    &quot;description&quot;: &quot;Log file request&quot;
}
16:24:08 DEBUG Final URL of the request: https://thin-edge-io.eu-latest.cumulocity.com/devicecontrol/operations?deviceId=14656331&amp;pageSize=1&amp;revert=true&amp;dateFrom=1970-01-01T00%3A00%3A00.000Z
16:24:08 INFO  State of current operation: PENDING
16:24:08 DEBUG Final URL of the request: https://thin-edge-io.eu-latest.cumulocity.com/devicecontrol/operations?deviceId=14656331&amp;pageSize=1&amp;revert=true&amp;dateFrom=1970-01-01T00%3A00%3A00.000Z
16:24:08 DEBUG State of current operation: {
    &quot;delivery&quot;: {
        &quot;time&quot;: &quot;2022-02-25T16:23:50.846Z&quot;,
        &quot;log&quot;: [
            {
                &quot;time&quot;: &quot;2022-02-25T15:47:06.415Z&quot;,
                &quot;status&quot;: &quot;PENDING&quot;
            },
            {
                &quot;time&quot;: &quot;2022-02-25T15:47:06.422Z&quot;,
                &quot;status&quot;: &quot;SEND&quot;
            },
            {
                &quot;time&quot;: &quot;2022-02-25T15:47:06.459Z&quot;,
                &quot;status&quot;: &quot;DELIVERED&quot;
            },
            {
                &quot;time&quot;: &quot;2022-02-25T15:48:13.784Z&quot;,
                &quot;status&quot;: &quot;PENDING&quot;
            },
            {
                &quot;time&quot;: &quot;2022-02-25T15:48:13.807Z&quot;,
                &quot;status&quot;: &quot;SEND&quot;
            },
            {
                &quot;time&quot;: &quot;2022-02-25T15:48:13.843Z&quot;,
                &quot;status&quot;: &quot;DELIVERED&quot;
            },
            {
                &quot;time&quot;: &quot;2022-02-25T15:49:26.171Z&quot;,
                &quot;status&quot;: &quot;PENDING&quot;
            },
            {
                &quot;time&quot;: &quot;2022-02-25T15:49:26.195Z&quot;,
                &quot;status&quot;: &quot;SEND&quot;
            },
            {
                &quot;time&quot;: &quot;2022-02-25T15:49:26.231Z&quot;,
                &quot;status&quot;: &quot;DELIVERED&quot;
            },
            {
                &quot;time&quot;: &quot;2022-02-25T15:50:40.517Z&quot;,
                &quot;status&quot;: &quot;PENDING&quot;
            },
            {
                &quot;time&quot;: &quot;2022-02-25T15:50:40.541Z&quot;,
                &quot;status&quot;: &quot;SEND&quot;
            },
            {
                &quot;time&quot;: &quot;2022-02-25T15:50:40.580Z&quot;,
                &quot;status&quot;: &quot;DELIVERED&quot;
            },
            {
                &quot;time&quot;: &quot;2022-02-25T15:51:54.139Z&quot;,
                &quot;status&quot;: &quot;PENDING&quot;
            },
            {
                &quot;time&quot;: &quot;2022-02-25T15:51:54.159Z&quot;,
                &quot;status&quot;: &quot;SEND&quot;
            },
            {
                &quot;time&quot;: &quot;2022-02-25T15:51:54.191Z&quot;,
                &quot;status&quot;: &quot;DELIVERED&quot;
            },
            {
                &quot;time&quot;: &quot;2022-02-25T15:52:34.081Z&quot;,
                &quot;status&quot;: &quot;PENDING&quot;
            },
            {
                &quot;time&quot;: &quot;2022-02-25T15:52:34.101Z&quot;,
                &quot;status&quot;: &quot;SEND&quot;
            },
            {
                &quot;time&quot;: &quot;2022-02-25T15:52:34.134Z&quot;,
                &quot;status&quot;: &quot;DELIVERED&quot;
            },
            {
                &quot;time&quot;: &quot;2022-02-25T15:53:26.503Z&quot;,
                &quot;status&quot;: &quot;PENDING&quot;
            },
            {
                &quot;time&quot;: &quot;2022-02-25T15:53:26.525Z&quot;,
                &quot;status&quot;: &quot;SEND&quot;
            },
            {
                &quot;time&quot;: &quot;2022-02-25T15:53:26.557Z&quot;,
                &quot;status&quot;: &quot;DELIVERED&quot;
            },
            {
                &quot;time&quot;: &quot;2022-02-25T15:54:17.893Z&quot;,
                &quot;status&quot;: &quot;PENDING&quot;
            },
            {
                &quot;time&quot;: &quot;2022-02-25T15:54:17.914Z&quot;,
                &quot;status&quot;: &quot;SEND&quot;
            },
            {
                &quot;time&quot;: &quot;2022-02-25T15:54:17.948Z&quot;,
                &quot;status&quot;: &quot;DELIVERED&quot;
            },
            {
                &quot;time&quot;: &quot;2022-02-25T15:54:59.004Z&quot;,
                &quot;status&quot;: &quot;PENDING&quot;
            },
            {
                &quot;time&quot;: &quot;2022-02-25T15:54:59.029Z&quot;,
                &quot;status&quot;: &quot;SEND&quot;
            },
            {
                &quot;time&quot;: &quot;2022-02-25T15:54:59.061Z&quot;,
                &quot;status&quot;: &quot;DELIVERED&quot;
            },
            {
                &quot;time&quot;: &quot;2022-02-25T15:57:14.375Z&quot;,
                &quot;status&quot;: &quot;PENDING&quot;
            },
            {
                &quot;time&quot;: &quot;2022-02-25T15:57:14.398Z&quot;,
                &quot;status&quot;: &quot;SEND&quot;
            },
            {
                &quot;time&quot;: &quot;2022-02-25T15:57:14.436Z&quot;,
                &quot;status&quot;: &quot;DELIVERED&quot;
            },
            {
                &quot;time&quot;: &quot;2022-02-25T15:59:40.014Z&quot;,
                &quot;status&quot;: &quot;PENDING&quot;
            },
            {
                &quot;time&quot;: &quot;2022-02-25T15:59:40.037Z&quot;,
                &quot;status&quot;: &quot;SEND&quot;
            },
            {
                &quot;time&quot;: &quot;2022-02-25T15:59:40.082Z&quot;,
                &quot;status&quot;: &quot;DELIVERED&quot;
            },
            {
                &quot;time&quot;: &quot;2022-02-25T16:00:03.129Z&quot;,
                &quot;status&quot;: &quot;PENDING&quot;
            },
            {
                &quot;time&quot;: &quot;2022-02-25T16:00:03.162Z&quot;,
                &quot;status&quot;: &quot;SEND&quot;
            },
            {
                &quot;time&quot;: &quot;2022-02-25T16:00:03.193Z&quot;,
                &quot;status&quot;: &quot;DELIVERED&quot;
            },
            {
                &quot;time&quot;: &quot;2022-02-25T16:00:26.743Z&quot;,
                &quot;status&quot;: &quot;PENDING&quot;
            },
            {
                &quot;time&quot;: &quot;2022-02-25T16:00:26.765Z&quot;,
                &quot;status&quot;: &quot;SEND&quot;
            },
            {
                &quot;time&quot;: &quot;2022-02-25T16:00:26.800Z&quot;,
                &quot;status&quot;: &quot;DELIVERED&quot;
            },
            {
                &quot;time&quot;: &quot;2022-02-25T16:00:51.687Z&quot;,
                &quot;status&quot;: &quot;PENDING&quot;
            },
            {
                &quot;time&quot;: &quot;2022-02-25T16:00:51.712Z&quot;,
                &quot;status&quot;: &quot;SEND&quot;
            },
            {
                &quot;time&quot;: &quot;2022-02-25T16:00:51.746Z&quot;,
                &quot;status&quot;: &quot;DELIVERED&quot;
            },
            {
                &quot;time&quot;: &quot;2022-02-25T16:01:29.375Z&quot;,
                &quot;status&quot;: &quot;PENDING&quot;
            },
            {
                &quot;time&quot;: &quot;2022-02-25T16:01:29.398Z&quot;,
                &quot;status&quot;: &quot;SEND&quot;
            },
            {
                &quot;time&quot;: &quot;2022-02-25T16:01:29.435Z&quot;,
                &quot;status&quot;: &quot;DELIVERED&quot;
            },
            {
                &quot;time&quot;: &quot;2022-02-25T16:01:52.649Z&quot;,
                &quot;status&quot;: &quot;PENDING&quot;
            },
            {
                &quot;time&quot;: &quot;2022-02-25T16:01:52.672Z&quot;,
                &quot;status&quot;: &quot;SEND&quot;
            },
            {
                &quot;time&quot;: &quot;2022-02-25T16:01:52.707Z&quot;,
                &quot;status&quot;: &quot;DELIVERED&quot;
            },
            {
                &quot;time&quot;: &quot;2022-02-25T16:02:18.471Z&quot;,
                &quot;status&quot;: &quot;PENDING&quot;
            },
            {
                &quot;time&quot;: &quot;2022-02-25T16:02:18.497Z&quot;,
                &quot;status&quot;: &quot;SEND&quot;
            },
            {
                &quot;time&quot;: &quot;2022-02-25T16:02:18.531Z&quot;,
                &quot;status&quot;: &quot;DELIVERED&quot;
            },
            {
                &quot;time&quot;: &quot;2022-02-25T16:18:08.774Z&quot;,
                &quot;status&quot;: &quot;PENDING&quot;
            },
            {
                &quot;time&quot;: &quot;2022-02-25T16:18:08.809Z&quot;,
                &quot;status&quot;: &quot;SEND&quot;
            },
            {
                &quot;time&quot;: &quot;2022-02-25T16:18:08.844Z&quot;,
                &quot;status&quot;: &quot;DELIVERED&quot;
            },
            {
                &quot;time&quot;: &quot;2022-02-25T16:20:48.789Z&quot;,
                &quot;status&quot;: &quot;PENDING&quot;
            },
            {
                &quot;time&quot;: &quot;2022-02-25T16:20:48.814Z&quot;,
                &quot;status&quot;: &quot;SEND&quot;
            },
            {
                &quot;time&quot;: &quot;2022-02-25T16:20:48.848Z&quot;,
                &quot;status&quot;: &quot;DELIVERED&quot;
            },
            {
                &quot;time&quot;: &quot;2022-02-25T16:21:12.421Z&quot;,
                &quot;status&quot;: &quot;PENDING&quot;
            },
            {
                &quot;time&quot;: &quot;2022-02-25T16:21:12.447Z&quot;,
                &quot;status&quot;: &quot;SEND&quot;
            },
            {
                &quot;time&quot;: &quot;2022-02-25T16:21:12.483Z&quot;,
                &quot;status&quot;: &quot;DELIVERED&quot;
            },
            {
                &quot;time&quot;: &quot;2022-02-25T16:23:50.786Z&quot;,
                &quot;status&quot;: &quot;PENDING&quot;
            },
            {
                &quot;time&quot;: &quot;2022-02-25T16:23:50.811Z&quot;,
                &quot;status&quot;: &quot;SEND&quot;
            }
        ],
        &quot;status&quot;: &quot;DELIVERED&quot;
    },
    &quot;creationTime&quot;: &quot;2022-02-25T15:47:06.397Z&quot;,
    &quot;deviceId&quot;: &quot;14656331&quot;,
    &quot;deviceName&quot;: &quot;mythic_beasts_pi_all_jobs_sag&quot;,
    &quot;self&quot;: &quot;https://t493319102.eu-latest.cumulocity.com/devicecontrol/operations/14656720&quot;,
    &quot;id&quot;: &quot;14656720&quot;,
    &quot;status&quot;: &quot;PENDING&quot;,
    &quot;c8y_LogfileRequest&quot;: {
        &quot;searchText&quot;: &quot;&quot;,
        &quot;logFile&quot;: &quot;software-management&quot;,
        &quot;dateTo&quot;: &quot;2021-11-21T18:55:49+0530&quot;,
        &quot;dateFrom&quot;: &quot;2021-11-15T18:55:49+0530&quot;,
        &quot;maximumLines&quot;: 300
    },
    &quot;description&quot;: &quot;Log file request&quot;
}
16:24:10 DEBUG Final URL of the request: https://thin-edge-io.eu-latest.cumulocity.com/devicecontrol/operations?deviceId=14656331&amp;pageSize=1&amp;revert=true&amp;dateFrom=1970-01-01T00%3A00%3A00.000Z
16:24:10 INFO  State of current operation: PENDING
16:24:10 DEBUG Final URL of the request: https://thin-edge-io.eu-latest.cumulocity.com/devicecontrol/operations?deviceId=14656331&amp;pageSize=1&amp;revert=true&amp;dateFrom=1970-01-01T00%3A00%3A00.000Z
16:24:10 DEBUG State of current operation: {
    &quot;delivery&quot;: {
        &quot;time&quot;: &quot;2022-02-25T16:23:50.846Z&quot;,
        &quot;log&quot;: [
            {
                &quot;time&quot;: &quot;2022-02-25T15:47:06.415Z&quot;,
                &quot;status&quot;: &quot;PENDING&quot;
            },
            {
                &quot;time&quot;: &quot;2022-02-25T15:47:06.422Z&quot;,
                &quot;status&quot;: &quot;SEND&quot;
            },
            {
                &quot;time&quot;: &quot;2022-02-25T15:47:06.459Z&quot;,
                &quot;status&quot;: &quot;DELIVERED&quot;
            },
            {
                &quot;time&quot;: &quot;2022-02-25T15:48:13.784Z&quot;,
                &quot;status&quot;: &quot;PENDING&quot;
            },
            {
                &quot;time&quot;: &quot;2022-02-25T15:48:13.807Z&quot;,
                &quot;status&quot;: &quot;SEND&quot;
            },
            {
                &quot;time&quot;: &quot;2022-02-25T15:48:13.843Z&quot;,
                &quot;status&quot;: &quot;DELIVERED&quot;
            },
            {
                &quot;time&quot;: &quot;2022-02-25T15:49:26.171Z&quot;,
                &quot;status&quot;: &quot;PENDING&quot;
            },
            {
                &quot;time&quot;: &quot;2022-02-25T15:49:26.195Z&quot;,
                &quot;status&quot;: &quot;SEND&quot;
            },
            {
                &quot;time&quot;: &quot;2022-02-25T15:49:26.231Z&quot;,
                &quot;status&quot;: &quot;DELIVERED&quot;
            },
            {
                &quot;time&quot;: &quot;2022-02-25T15:50:40.517Z&quot;,
                &quot;status&quot;: &quot;PENDING&quot;
            },
            {
                &quot;time&quot;: &quot;2022-02-25T15:50:40.541Z&quot;,
                &quot;status&quot;: &quot;SEND&quot;
            },
            {
                &quot;time&quot;: &quot;2022-02-25T15:50:40.580Z&quot;,
                &quot;status&quot;: &quot;DELIVERED&quot;
            },
            {
                &quot;time&quot;: &quot;2022-02-25T15:51:54.139Z&quot;,
                &quot;status&quot;: &quot;PENDING&quot;
            },
            {
                &quot;time&quot;: &quot;2022-02-25T15:51:54.159Z&quot;,
                &quot;status&quot;: &quot;SEND&quot;
            },
            {
                &quot;time&quot;: &quot;2022-02-25T15:51:54.191Z&quot;,
                &quot;status&quot;: &quot;DELIVERED&quot;
            },
            {
                &quot;time&quot;: &quot;2022-02-25T15:52:34.081Z&quot;,
                &quot;status&quot;: &quot;PENDING&quot;
            },
            {
                &quot;time&quot;: &quot;2022-02-25T15:52:34.101Z&quot;,
                &quot;status&quot;: &quot;SEND&quot;
            },
            {
                &quot;time&quot;: &quot;2022-02-25T15:52:34.134Z&quot;,
                &quot;status&quot;: &quot;DELIVERED&quot;
            },
            {
                &quot;time&quot;: &quot;2022-02-25T15:53:26.503Z&quot;,
                &quot;status&quot;: &quot;PENDING&quot;
            },
            {
                &quot;time&quot;: &quot;2022-02-25T15:53:26.525Z&quot;,
                &quot;status&quot;: &quot;SEND&quot;
            },
            {
                &quot;time&quot;: &quot;2022-02-25T15:53:26.557Z&quot;,
                &quot;status&quot;: &quot;DELIVERED&quot;
            },
            {
                &quot;time&quot;: &quot;2022-02-25T15:54:17.893Z&quot;,
                &quot;status&quot;: &quot;PENDING&quot;
            },
            {
                &quot;time&quot;: &quot;2022-02-25T15:54:17.914Z&quot;,
                &quot;status&quot;: &quot;SEND&quot;
            },
            {
                &quot;time&quot;: &quot;2022-02-25T15:54:17.948Z&quot;,
                &quot;status&quot;: &quot;DELIVERED&quot;
            },
            {
                &quot;time&quot;: &quot;2022-02-25T15:54:59.004Z&quot;,
                &quot;status&quot;: &quot;PENDING&quot;
            },
            {
                &quot;time&quot;: &quot;2022-02-25T15:54:59.029Z&quot;,
                &quot;status&quot;: &quot;SEND&quot;
            },
            {
                &quot;time&quot;: &quot;2022-02-25T15:54:59.061Z&quot;,
                &quot;status&quot;: &quot;DELIVERED&quot;
            },
            {
                &quot;time&quot;: &quot;2022-02-25T15:57:14.375Z&quot;,
                &quot;status&quot;: &quot;PENDING&quot;
            },
            {
                &quot;time&quot;: &quot;2022-02-25T15:57:14.398Z&quot;,
                &quot;status&quot;: &quot;SEND&quot;
            },
            {
                &quot;time&quot;: &quot;2022-02-25T15:57:14.436Z&quot;,
                &quot;status&quot;: &quot;DELIVERED&quot;
            },
            {
                &quot;time&quot;: &quot;2022-02-25T15:59:40.014Z&quot;,
                &quot;status&quot;: &quot;PENDING&quot;
            },
            {
                &quot;time&quot;: &quot;2022-02-25T15:59:40.037Z&quot;,
                &quot;status&quot;: &quot;SEND&quot;
            },
            {
                &quot;time&quot;: &quot;2022-02-25T15:59:40.082Z&quot;,
                &quot;status&quot;: &quot;DELIVERED&quot;
            },
            {
                &quot;time&quot;: &quot;2022-02-25T16:00:03.129Z&quot;,
                &quot;status&quot;: &quot;PENDING&quot;
            },
            {
                &quot;time&quot;: &quot;2022-02-25T16:00:03.162Z&quot;,
                &quot;status&quot;: &quot;SEND&quot;
            },
            {
                &quot;time&quot;: &quot;2022-02-25T16:00:03.193Z&quot;,
                &quot;status&quot;: &quot;DELIVERED&quot;
            },
            {
                &quot;time&quot;: &quot;2022-02-25T16:00:26.743Z&quot;,
                &quot;status&quot;: &quot;PENDING&quot;
            },
            {
                &quot;time&quot;: &quot;2022-02-25T16:00:26.765Z&quot;,
                &quot;status&quot;: &quot;SEND&quot;
            },
            {
                &quot;time&quot;: &quot;2022-02-25T16:00:26.800Z&quot;,
                &quot;status&quot;: &quot;DELIVERED&quot;
            },
            {
                &quot;time&quot;: &quot;2022-02-25T16:00:51.687Z&quot;,
                &quot;status&quot;: &quot;PENDING&quot;
            },
            {
                &quot;time&quot;: &quot;2022-02-25T16:00:51.712Z&quot;,
                &quot;status&quot;: &quot;SEND&quot;
            },
            {
                &quot;time&quot;: &quot;2022-02-25T16:00:51.746Z&quot;,
                &quot;status&quot;: &quot;DELIVERED&quot;
            },
            {
                &quot;time&quot;: &quot;2022-02-25T16:01:29.375Z&quot;,
                &quot;status&quot;: &quot;PENDING&quot;
            },
            {
                &quot;time&quot;: &quot;2022-02-25T16:01:29.398Z&quot;,
                &quot;status&quot;: &quot;SEND&quot;
            },
            {
                &quot;time&quot;: &quot;2022-02-25T16:01:29.435Z&quot;,
                &quot;status&quot;: &quot;DELIVERED&quot;
            },
            {
                &quot;time&quot;: &quot;2022-02-25T16:01:52.649Z&quot;,
                &quot;status&quot;: &quot;PENDING&quot;
            },
            {
                &quot;time&quot;: &quot;2022-02-25T16:01:52.672Z&quot;,
                &quot;status&quot;: &quot;SEND&quot;
            },
            {
                &quot;time&quot;: &quot;2022-02-25T16:01:52.707Z&quot;,
                &quot;status&quot;: &quot;DELIVERED&quot;
            },
            {
                &quot;time&quot;: &quot;2022-02-25T16:02:18.471Z&quot;,
                &quot;status&quot;: &quot;PENDING&quot;
            },
            {
                &quot;time&quot;: &quot;2022-02-25T16:02:18.497Z&quot;,
                &quot;status&quot;: &quot;SEND&quot;
            },
            {
                &quot;time&quot;: &quot;2022-02-25T16:02:18.531Z&quot;,
                &quot;status&quot;: &quot;DELIVERED&quot;
            },
            {
                &quot;time&quot;: &quot;2022-02-25T16:18:08.774Z&quot;,
                &quot;status&quot;: &quot;PENDING&quot;
            },
            {
                &quot;time&quot;: &quot;2022-02-25T16:18:08.809Z&quot;,
                &quot;status&quot;: &quot;SEND&quot;
            },
            {
                &quot;time&quot;: &quot;2022-02-25T16:18:08.844Z&quot;,
                &quot;status&quot;: &quot;DELIVERED&quot;
            },
            {
                &quot;time&quot;: &quot;2022-02-25T16:20:48.789Z&quot;,
                &quot;status&quot;: &quot;PENDING&quot;
            },
            {
                &quot;time&quot;: &quot;2022-02-25T16:20:48.814Z&quot;,
                &quot;status&quot;: &quot;SEND&quot;
            },
            {
                &quot;time&quot;: &quot;2022-02-25T16:20:48.848Z&quot;,
                &quot;status&quot;: &quot;DELIVERED&quot;
            },
            {
                &quot;time&quot;: &quot;2022-02-25T16:21:12.421Z&quot;,
                &quot;status&quot;: &quot;PENDING&quot;
            },
            {
                &quot;time&quot;: &quot;2022-02-25T16:21:12.447Z&quot;,
                &quot;status&quot;: &quot;SEND&quot;
            },
            {
                &quot;time&quot;: &quot;2022-02-25T16:21:12.483Z&quot;,
                &quot;status&quot;: &quot;DELIVERED&quot;
            },
            {
                &quot;time&quot;: &quot;2022-02-25T16:23:50.786Z&quot;,
                &quot;status&quot;: &quot;PENDING&quot;
            },
            {
                &quot;time&quot;: &quot;2022-02-25T16:23:50.811Z&quot;,
                &quot;status&quot;: &quot;SEND&quot;
            }
        ],
        &quot;status&quot;: &quot;DELIVERED&quot;
    },
    &quot;creationTime&quot;: &quot;2022-02-25T15:47:06.397Z&quot;,
    &quot;deviceId&quot;: &quot;14656331&quot;,
    &quot;deviceName&quot;: &quot;mythic_beasts_pi_all_jobs_sag&quot;,
    &quot;self&quot;: &quot;https://t493319102.eu-latest.cumulocity.com/devicecontrol/operations/14656720&quot;,
    &quot;id&quot;: &quot;14656720&quot;,
    &quot;status&quot;: &quot;PENDING&quot;,
    &quot;c8y_LogfileRequest&quot;: {
        &quot;searchText&quot;: &quot;&quot;,
        &quot;logFile&quot;: &quot;software-management&quot;,
        &quot;dateTo&quot;: &quot;2021-11-21T18:55:49+0530&quot;,
        &quot;dateFrom&quot;: &quot;2021-11-15T18:55:49+0530&quot;,
        &quot;maximumLines&quot;: 300
    },
    &quot;description&quot;: &quot;Log file request&quot;
}
16:24:12 DEBUG Final URL of the request: https://thin-edge-io.eu-latest.cumulocity.com/devicecontrol/operations?deviceId=14656331&amp;pageSize=1&amp;revert=true&amp;dateFrom=1970-01-01T00%3A00%3A00.000Z
16:24:12 INFO  State of current operation: PENDING
16:24:12 DEBUG Final URL of the request: https://thin-edge-io.eu-latest.cumulocity.com/devicecontrol/operations?deviceId=14656331&amp;pageSize=1&amp;revert=true&amp;dateFrom=1970-01-01T00%3A00%3A00.000Z
16:24:12 DEBUG State of current operation: {
    &quot;delivery&quot;: {
        &quot;time&quot;: &quot;2022-02-25T16:23:50.846Z&quot;,
        &quot;log&quot;: [
            {
                &quot;time&quot;: &quot;2022-02-25T15:47:06.415Z&quot;,
                &quot;status&quot;: &quot;PENDING&quot;
            },
            {
                &quot;time&quot;: &quot;2022-02-25T15:47:06.422Z&quot;,
                &quot;status&quot;: &quot;SEND&quot;
            },
            {
                &quot;time&quot;: &quot;2022-02-25T15:47:06.459Z&quot;,
                &quot;status&quot;: &quot;DELIVERED&quot;
            },
            {
                &quot;time&quot;: &quot;2022-02-25T15:48:13.784Z&quot;,
                &quot;status&quot;: &quot;PENDING&quot;
            },
            {
                &quot;time&quot;: &quot;2022-02-25T15:48:13.807Z&quot;,
                &quot;status&quot;: &quot;SEND&quot;
            },
            {
                &quot;time&quot;: &quot;2022-02-25T15:48:13.843Z&quot;,
                &quot;status&quot;: &quot;DELIVERED&quot;
            },
            {
                &quot;time&quot;: &quot;2022-02-25T15:49:26.171Z&quot;,
                &quot;status&quot;: &quot;PENDING&quot;
            },
            {
                &quot;time&quot;: &quot;2022-02-25T15:49:26.195Z&quot;,
                &quot;status&quot;: &quot;SEND&quot;
            },
            {
                &quot;time&quot;: &quot;2022-02-25T15:49:26.231Z&quot;,
                &quot;status&quot;: &quot;DELIVERED&quot;
            },
            {
                &quot;time&quot;: &quot;2022-02-25T15:50:40.517Z&quot;,
                &quot;status&quot;: &quot;PENDING&quot;
            },
            {
                &quot;time&quot;: &quot;2022-02-25T15:50:40.541Z&quot;,
                &quot;status&quot;: &quot;SEND&quot;
            },
            {
                &quot;time&quot;: &quot;2022-02-25T15:50:40.580Z&quot;,
                &quot;status&quot;: &quot;DELIVERED&quot;
            },
            {
                &quot;time&quot;: &quot;2022-02-25T15:51:54.139Z&quot;,
                &quot;status&quot;: &quot;PENDING&quot;
            },
            {
                &quot;time&quot;: &quot;2022-02-25T15:51:54.159Z&quot;,
                &quot;status&quot;: &quot;SEND&quot;
            },
            {
                &quot;time&quot;: &quot;2022-02-25T15:51:54.191Z&quot;,
                &quot;status&quot;: &quot;DELIVERED&quot;
            },
            {
                &quot;time&quot;: &quot;2022-02-25T15:52:34.081Z&quot;,
                &quot;status&quot;: &quot;PENDING&quot;
            },
            {
                &quot;time&quot;: &quot;2022-02-25T15:52:34.101Z&quot;,
                &quot;status&quot;: &quot;SEND&quot;
            },
            {
                &quot;time&quot;: &quot;2022-02-25T15:52:34.134Z&quot;,
                &quot;status&quot;: &quot;DELIVERED&quot;
            },
            {
                &quot;time&quot;: &quot;2022-02-25T15:53:26.503Z&quot;,
                &quot;status&quot;: &quot;PENDING&quot;
            },
            {
                &quot;time&quot;: &quot;2022-02-25T15:53:26.525Z&quot;,
                &quot;status&quot;: &quot;SEND&quot;
            },
            {
                &quot;time&quot;: &quot;2022-02-25T15:53:26.557Z&quot;,
                &quot;status&quot;: &quot;DELIVERED&quot;
            },
            {
                &quot;time&quot;: &quot;2022-02-25T15:54:17.893Z&quot;,
                &quot;status&quot;: &quot;PENDING&quot;
            },
            {
                &quot;time&quot;: &quot;2022-02-25T15:54:17.914Z&quot;,
                &quot;status&quot;: &quot;SEND&quot;
            },
            {
                &quot;time&quot;: &quot;2022-02-25T15:54:17.948Z&quot;,
                &quot;status&quot;: &quot;DELIVERED&quot;
            },
            {
                &quot;time&quot;: &quot;2022-02-25T15:54:59.004Z&quot;,
                &quot;status&quot;: &quot;PENDING&quot;
            },
            {
                &quot;time&quot;: &quot;2022-02-25T15:54:59.029Z&quot;,
                &quot;status&quot;: &quot;SEND&quot;
            },
            {
                &quot;time&quot;: &quot;2022-02-25T15:54:59.061Z&quot;,
                &quot;status&quot;: &quot;DELIVERED&quot;
            },
            {
                &quot;time&quot;: &quot;2022-02-25T15:57:14.375Z&quot;,
                &quot;status&quot;: &quot;PENDING&quot;
            },
            {
                &quot;time&quot;: &quot;2022-02-25T15:57:14.398Z&quot;,
                &quot;status&quot;: &quot;SEND&quot;
            },
            {
                &quot;time&quot;: &quot;2022-02-25T15:57:14.436Z&quot;,
                &quot;status&quot;: &quot;DELIVERED&quot;
            },
            {
                &quot;time&quot;: &quot;2022-02-25T15:59:40.014Z&quot;,
                &quot;status&quot;: &quot;PENDING&quot;
            },
            {
                &quot;time&quot;: &quot;2022-02-25T15:59:40.037Z&quot;,
                &quot;status&quot;: &quot;SEND&quot;
            },
            {
                &quot;time&quot;: &quot;2022-02-25T15:59:40.082Z&quot;,
                &quot;status&quot;: &quot;DELIVERED&quot;
            },
            {
                &quot;time&quot;: &quot;2022-02-25T16:00:03.129Z&quot;,
                &quot;status&quot;: &quot;PENDING&quot;
            },
            {
                &quot;time&quot;: &quot;2022-02-25T16:00:03.162Z&quot;,
                &quot;status&quot;: &quot;SEND&quot;
            },
            {
                &quot;time&quot;: &quot;2022-02-25T16:00:03.193Z&quot;,
                &quot;status&quot;: &quot;DELIVERED&quot;
            },
            {
                &quot;time&quot;: &quot;2022-02-25T16:00:26.743Z&quot;,
                &quot;status&quot;: &quot;PENDING&quot;
            },
            {
                &quot;time&quot;: &quot;2022-02-25T16:00:26.765Z&quot;,
                &quot;status&quot;: &quot;SEND&quot;
            },
            {
                &quot;time&quot;: &quot;2022-02-25T16:00:26.800Z&quot;,
                &quot;status&quot;: &quot;DELIVERED&quot;
            },
            {
                &quot;time&quot;: &quot;2022-02-25T16:00:51.687Z&quot;,
                &quot;status&quot;: &quot;PENDING&quot;
            },
            {
                &quot;time&quot;: &quot;2022-02-25T16:00:51.712Z&quot;,
                &quot;status&quot;: &quot;SEND&quot;
            },
            {
                &quot;time&quot;: &quot;2022-02-25T16:00:51.746Z&quot;,
                &quot;status&quot;: &quot;DELIVERED&quot;
            },
            {
                &quot;time&quot;: &quot;2022-02-25T16:01:29.375Z&quot;,
                &quot;status&quot;: &quot;PENDING&quot;
            },
            {
                &quot;time&quot;: &quot;2022-02-25T16:01:29.398Z&quot;,
                &quot;status&quot;: &quot;SEND&quot;
            },
            {
                &quot;time&quot;: &quot;2022-02-25T16:01:29.435Z&quot;,
                &quot;status&quot;: &quot;DELIVERED&quot;
            },
            {
                &quot;time&quot;: &quot;2022-02-25T16:01:52.649Z&quot;,
                &quot;status&quot;: &quot;PENDING&quot;
            },
            {
                &quot;time&quot;: &quot;2022-02-25T16:01:52.672Z&quot;,
                &quot;status&quot;: &quot;SEND&quot;
            },
            {
                &quot;time&quot;: &quot;2022-02-25T16:01:52.707Z&quot;,
                &quot;status&quot;: &quot;DELIVERED&quot;
            },
            {
                &quot;time&quot;: &quot;2022-02-25T16:02:18.471Z&quot;,
                &quot;status&quot;: &quot;PENDING&quot;
            },
            {
                &quot;time&quot;: &quot;2022-02-25T16:02:18.497Z&quot;,
                &quot;status&quot;: &quot;SEND&quot;
            },
            {
                &quot;time&quot;: &quot;2022-02-25T16:02:18.531Z&quot;,
                &quot;status&quot;: &quot;DELIVERED&quot;
            },
            {
                &quot;time&quot;: &quot;2022-02-25T16:18:08.774Z&quot;,
                &quot;status&quot;: &quot;PENDING&quot;
            },
            {
                &quot;time&quot;: &quot;2022-02-25T16:18:08.809Z&quot;,
                &quot;status&quot;: &quot;SEND&quot;
            },
            {
                &quot;time&quot;: &quot;2022-02-25T16:18:08.844Z&quot;,
                &quot;status&quot;: &quot;DELIVERED&quot;
            },
            {
                &quot;time&quot;: &quot;2022-02-25T16:20:48.789Z&quot;,
                &quot;status&quot;: &quot;PENDING&quot;
            },
            {
                &quot;time&quot;: &quot;2022-02-25T16:20:48.814Z&quot;,
                &quot;status&quot;: &quot;SEND&quot;
            },
            {
                &quot;time&quot;: &quot;2022-02-25T16:20:48.848Z&quot;,
                &quot;status&quot;: &quot;DELIVERED&quot;
            },
            {
                &quot;time&quot;: &quot;2022-02-25T16:21:12.421Z&quot;,
                &quot;status&quot;: &quot;PENDING&quot;
            },
            {
                &quot;time&quot;: &quot;2022-02-25T16:21:12.447Z&quot;,
                &quot;status&quot;: &quot;SEND&quot;
            },
            {
                &quot;time&quot;: &quot;2022-02-25T16:21:12.483Z&quot;,
                &quot;status&quot;: &quot;DELIVERED&quot;
            },
            {
                &quot;time&quot;: &quot;2022-02-25T16:23:50.786Z&quot;,
                &quot;status&quot;: &quot;PENDING&quot;
            },
            {
                &quot;time&quot;: &quot;2022-02-25T16:23:50.811Z&quot;,
                &quot;status&quot;: &quot;SEND&quot;
            }
        ],
        &quot;status&quot;: &quot;DELIVERED&quot;
    },
    &quot;creationTime&quot;: &quot;2022-02-25T15:47:06.397Z&quot;,
    &quot;deviceId&quot;: &quot;14656331&quot;,
    &quot;deviceName&quot;: &quot;mythic_beasts_pi_all_jobs_sag&quot;,
    &quot;self&quot;: &quot;https://t493319102.eu-latest.cumulocity.com/devicecontrol/operations/14656720&quot;,
    &quot;id&quot;: &quot;14656720&quot;,
    &quot;status&quot;: &quot;PENDING&quot;,
    &quot;c8y_LogfileRequest&quot;: {
        &quot;searchText&quot;: &quot;&quot;,
        &quot;logFile&quot;: &quot;software-management&quot;,
        &quot;dateTo&quot;: &quot;2021-11-21T18:55:49+0530&quot;,
        &quot;dateFrom&quot;: &quot;2021-11-15T18:55:49+0530&quot;,
        &quot;maximumLines&quot;: 300
    },
    &quot;description&quot;: &quot;Log file request&quot;
}
16:24:14 DEBUG Final URL of the request: https://thin-edge-io.eu-latest.cumulocity.com/devicecontrol/operations?deviceId=14656331&amp;pageSize=1&amp;revert=true&amp;dateFrom=1970-01-01T00%3A00%3A00.000Z
16:24:14 INFO  State of current operation: PENDING
16:24:14 DEBUG Final URL of the request: https://thin-edge-io.eu-latest.cumulocity.com/devicecontrol/operations?deviceId=14656331&amp;pageSize=1&amp;revert=true&amp;dateFrom=1970-01-01T00%3A00%3A00.000Z
16:24:14 DEBUG State of current operation: {
    &quot;delivery&quot;: {
        &quot;time&quot;: &quot;2022-02-25T16:23:50.846Z&quot;,
        &quot;log&quot;: [
            {
                &quot;time&quot;: &quot;2022-02-25T15:47:06.415Z&quot;,
                &quot;status&quot;: &quot;PENDING&quot;
            },
            {
                &quot;time&quot;: &quot;2022-02-25T15:47:06.422Z&quot;,
                &quot;status&quot;: &quot;SEND&quot;
            },
            {
                &quot;time&quot;: &quot;2022-02-25T15:47:06.459Z&quot;,
                &quot;status&quot;: &quot;DELIVERED&quot;
            },
            {
                &quot;time&quot;: &quot;2022-02-25T15:48:13.784Z&quot;,
                &quot;status&quot;: &quot;PENDING&quot;
            },
            {
                &quot;time&quot;: &quot;2022-02-25T15:48:13.807Z&quot;,
                &quot;status&quot;: &quot;SEND&quot;
            },
            {
                &quot;time&quot;: &quot;2022-02-25T15:48:13.843Z&quot;,
                &quot;status&quot;: &quot;DELIVERED&quot;
            },
            {
                &quot;time&quot;: &quot;2022-02-25T15:49:26.171Z&quot;,
                &quot;status&quot;: &quot;PENDING&quot;
            },
            {
                &quot;time&quot;: &quot;2022-02-25T15:49:26.195Z&quot;,
                &quot;status&quot;: &quot;SEND&quot;
            },
            {
                &quot;time&quot;: &quot;2022-02-25T15:49:26.231Z&quot;,
                &quot;status&quot;: &quot;DELIVERED&quot;
            },
            {
                &quot;time&quot;: &quot;2022-02-25T15:50:40.517Z&quot;,
                &quot;status&quot;: &quot;PENDING&quot;
            },
            {
                &quot;time&quot;: &quot;2022-02-25T15:50:40.541Z&quot;,
                &quot;status&quot;: &quot;SEND&quot;
            },
            {
                &quot;time&quot;: &quot;2022-02-25T15:50:40.580Z&quot;,
                &quot;status&quot;: &quot;DELIVERED&quot;
            },
            {
                &quot;time&quot;: &quot;2022-02-25T15:51:54.139Z&quot;,
                &quot;status&quot;: &quot;PENDING&quot;
            },
            {
                &quot;time&quot;: &quot;2022-02-25T15:51:54.159Z&quot;,
                &quot;status&quot;: &quot;SEND&quot;
            },
            {
                &quot;time&quot;: &quot;2022-02-25T15:51:54.191Z&quot;,
                &quot;status&quot;: &quot;DELIVERED&quot;
            },
            {
                &quot;time&quot;: &quot;2022-02-25T15:52:34.081Z&quot;,
                &quot;status&quot;: &quot;PENDING&quot;
            },
            {
                &quot;time&quot;: &quot;2022-02-25T15:52:34.101Z&quot;,
                &quot;status&quot;: &quot;SEND&quot;
            },
            {
                &quot;time&quot;: &quot;2022-02-25T15:52:34.134Z&quot;,
                &quot;status&quot;: &quot;DELIVERED&quot;
            },
            {
                &quot;time&quot;: &quot;2022-02-25T15:53:26.503Z&quot;,
                &quot;status&quot;: &quot;PENDING&quot;
            },
            {
                &quot;time&quot;: &quot;2022-02-25T15:53:26.525Z&quot;,
                &quot;status&quot;: &quot;SEND&quot;
            },
            {
                &quot;time&quot;: &quot;2022-02-25T15:53:26.557Z&quot;,
                &quot;status&quot;: &quot;DELIVERED&quot;
            },
            {
                &quot;time&quot;: &quot;2022-02-25T15:54:17.893Z&quot;,
                &quot;status&quot;: &quot;PENDING&quot;
            },
            {
                &quot;time&quot;: &quot;2022-02-25T15:54:17.914Z&quot;,
                &quot;status&quot;: &quot;SEND&quot;
            },
            {
                &quot;time&quot;: &quot;2022-02-25T15:54:17.948Z&quot;,
                &quot;status&quot;: &quot;DELIVERED&quot;
            },
            {
                &quot;time&quot;: &quot;2022-02-25T15:54:59.004Z&quot;,
                &quot;status&quot;: &quot;PENDING&quot;
            },
            {
                &quot;time&quot;: &quot;2022-02-25T15:54:59.029Z&quot;,
                &quot;status&quot;: &quot;SEND&quot;
            },
            {
                &quot;time&quot;: &quot;2022-02-25T15:54:59.061Z&quot;,
                &quot;status&quot;: &quot;DELIVERED&quot;
            },
            {
                &quot;time&quot;: &quot;2022-02-25T15:57:14.375Z&quot;,
                &quot;status&quot;: &quot;PENDING&quot;
            },
            {
                &quot;time&quot;: &quot;2022-02-25T15:57:14.398Z&quot;,
                &quot;status&quot;: &quot;SEND&quot;
            },
            {
                &quot;time&quot;: &quot;2022-02-25T15:57:14.436Z&quot;,
                &quot;status&quot;: &quot;DELIVERED&quot;
            },
            {
                &quot;time&quot;: &quot;2022-02-25T15:59:40.014Z&quot;,
                &quot;status&quot;: &quot;PENDING&quot;
            },
            {
                &quot;time&quot;: &quot;2022-02-25T15:59:40.037Z&quot;,
                &quot;status&quot;: &quot;SEND&quot;
            },
            {
                &quot;time&quot;: &quot;2022-02-25T15:59:40.082Z&quot;,
                &quot;status&quot;: &quot;DELIVERED&quot;
            },
            {
                &quot;time&quot;: &quot;2022-02-25T16:00:03.129Z&quot;,
                &quot;status&quot;: &quot;PENDING&quot;
            },
            {
                &quot;time&quot;: &quot;2022-02-25T16:00:03.162Z&quot;,
                &quot;status&quot;: &quot;SEND&quot;
            },
            {
                &quot;time&quot;: &quot;2022-02-25T16:00:03.193Z&quot;,
                &quot;status&quot;: &quot;DELIVERED&quot;
            },
            {
                &quot;time&quot;: &quot;2022-02-25T16:00:26.743Z&quot;,
                &quot;status&quot;: &quot;PENDING&quot;
            },
            {
                &quot;time&quot;: &quot;2022-02-25T16:00:26.765Z&quot;,
                &quot;status&quot;: &quot;SEND&quot;
            },
            {
                &quot;time&quot;: &quot;2022-02-25T16:00:26.800Z&quot;,
                &quot;status&quot;: &quot;DELIVERED&quot;
            },
            {
                &quot;time&quot;: &quot;2022-02-25T16:00:51.687Z&quot;,
                &quot;status&quot;: &quot;PENDING&quot;
            },
            {
                &quot;time&quot;: &quot;2022-02-25T16:00:51.712Z&quot;,
                &quot;status&quot;: &quot;SEND&quot;
            },
            {
                &quot;time&quot;: &quot;2022-02-25T16:00:51.746Z&quot;,
                &quot;status&quot;: &quot;DELIVERED&quot;
            },
            {
                &quot;time&quot;: &quot;2022-02-25T16:01:29.375Z&quot;,
                &quot;status&quot;: &quot;PENDING&quot;
            },
            {
                &quot;time&quot;: &quot;2022-02-25T16:01:29.398Z&quot;,
                &quot;status&quot;: &quot;SEND&quot;
            },
            {
                &quot;time&quot;: &quot;2022-02-25T16:01:29.435Z&quot;,
                &quot;status&quot;: &quot;DELIVERED&quot;
            },
            {
                &quot;time&quot;: &quot;2022-02-25T16:01:52.649Z&quot;,
                &quot;status&quot;: &quot;PENDING&quot;
            },
            {
                &quot;time&quot;: &quot;2022-02-25T16:01:52.672Z&quot;,
                &quot;status&quot;: &quot;SEND&quot;
            },
            {
                &quot;time&quot;: &quot;2022-02-25T16:01:52.707Z&quot;,
                &quot;status&quot;: &quot;DELIVERED&quot;
            },
            {
                &quot;time&quot;: &quot;2022-02-25T16:02:18.471Z&quot;,
                &quot;status&quot;: &quot;PENDING&quot;
            },
            {
                &quot;time&quot;: &quot;2022-02-25T16:02:18.497Z&quot;,
                &quot;status&quot;: &quot;SEND&quot;
            },
            {
                &quot;time&quot;: &quot;2022-02-25T16:02:18.531Z&quot;,
                &quot;status&quot;: &quot;DELIVERED&quot;
            },
            {
                &quot;time&quot;: &quot;2022-02-25T16:18:08.774Z&quot;,
                &quot;status&quot;: &quot;PENDING&quot;
            },
            {
                &quot;time&quot;: &quot;2022-02-25T16:18:08.809Z&quot;,
                &quot;status&quot;: &quot;SEND&quot;
            },
            {
                &quot;time&quot;: &quot;2022-02-25T16:18:08.844Z&quot;,
                &quot;status&quot;: &quot;DELIVERED&quot;
            },
            {
                &quot;time&quot;: &quot;2022-02-25T16:20:48.789Z&quot;,
                &quot;status&quot;: &quot;PENDING&quot;
            },
            {
                &quot;time&quot;: &quot;2022-02-25T16:20:48.814Z&quot;,
                &quot;status&quot;: &quot;SEND&quot;
            },
            {
                &quot;time&quot;: &quot;2022-02-25T16:20:48.848Z&quot;,
                &quot;status&quot;: &quot;DELIVERED&quot;
            },
            {
                &quot;time&quot;: &quot;2022-02-25T16:21:12.421Z&quot;,
                &quot;status&quot;: &quot;PENDING&quot;
            },
            {
                &quot;time&quot;: &quot;2022-02-25T16:21:12.447Z&quot;,
                &quot;status&quot;: &quot;SEND&quot;
            },
            {
                &quot;time&quot;: &quot;2022-02-25T16:21:12.483Z&quot;,
                &quot;status&quot;: &quot;DELIVERED&quot;
            },
            {
                &quot;time&quot;: &quot;2022-02-25T16:23:50.786Z&quot;,
                &quot;status&quot;: &quot;PENDING&quot;
            },
            {
                &quot;time&quot;: &quot;2022-02-25T16:23:50.811Z&quot;,
                &quot;status&quot;: &quot;SEND&quot;
            }
        ],
        &quot;status&quot;: &quot;DELIVERED&quot;
    },
    &quot;creationTime&quot;: &quot;2022-02-25T15:47:06.397Z&quot;,
    &quot;deviceId&quot;: &quot;14656331&quot;,
    &quot;deviceName&quot;: &quot;mythic_beasts_pi_all_jobs_sag&quot;,
    &quot;self&quot;: &quot;https://t493319102.eu-latest.cumulocity.com/devicecontrol/operations/14656720&quot;,
    &quot;id&quot;: &quot;14656720&quot;,
    &quot;status&quot;: &quot;PENDING&quot;,
    &quot;c8y_LogfileRequest&quot;: {
        &quot;searchText&quot;: &quot;&quot;,
        &quot;logFile&quot;: &quot;software-management&quot;,
        &quot;dateTo&quot;: &quot;2021-11-21T18:55:49+0530&quot;,
        &quot;dateFrom&quot;: &quot;2021-11-15T18:55:49+0530&quot;,
        &quot;maximumLines&quot;: 300
    },
    &quot;description&quot;: &quot;Log file request&quot;
}
16:24:16 DEBUG Final URL of the request: https://thin-edge-io.eu-latest.cumulocity.com/devicecontrol/operations?deviceId=14656331&amp;pageSize=1&amp;revert=true&amp;dateFrom=1970-01-01T00%3A00%3A00.000Z
16:24:16 INFO  State of current operation: PENDING
16:24:16 DEBUG Final URL of the request: https://thin-edge-io.eu-latest.cumulocity.com/devicecontrol/operations?deviceId=14656331&amp;pageSize=1&amp;revert=true&amp;dateFrom=1970-01-01T00%3A00%3A00.000Z
16:24:16 DEBUG State of current operation: {
    &quot;delivery&quot;: {
        &quot;time&quot;: &quot;2022-02-25T16:23:50.846Z&quot;,
        &quot;log&quot;: [
            {
                &quot;time&quot;: &quot;2022-02-25T15:47:06.415Z&quot;,
                &quot;status&quot;: &quot;PENDING&quot;
            },
            {
                &quot;time&quot;: &quot;2022-02-25T15:47:06.422Z&quot;,
                &quot;status&quot;: &quot;SEND&quot;
            },
            {
                &quot;time&quot;: &quot;2022-02-25T15:47:06.459Z&quot;,
                &quot;status&quot;: &quot;DELIVERED&quot;
            },
            {
                &quot;time&quot;: &quot;2022-02-25T15:48:13.784Z&quot;,
                &quot;status&quot;: &quot;PENDING&quot;
            },
            {
                &quot;time&quot;: &quot;2022-02-25T15:48:13.807Z&quot;,
                &quot;status&quot;: &quot;SEND&quot;
            },
            {
                &quot;time&quot;: &quot;2022-02-25T15:48:13.843Z&quot;,
                &quot;status&quot;: &quot;DELIVERED&quot;
            },
            {
                &quot;time&quot;: &quot;2022-02-25T15:49:26.171Z&quot;,
                &quot;status&quot;: &quot;PENDING&quot;
            },
            {
                &quot;time&quot;: &quot;2022-02-25T15:49:26.195Z&quot;,
                &quot;status&quot;: &quot;SEND&quot;
            },
            {
                &quot;time&quot;: &quot;2022-02-25T15:49:26.231Z&quot;,
                &quot;status&quot;: &quot;DELIVERED&quot;
            },
            {
                &quot;time&quot;: &quot;2022-02-25T15:50:40.517Z&quot;,
                &quot;status&quot;: &quot;PENDING&quot;
            },
            {
                &quot;time&quot;: &quot;2022-02-25T15:50:40.541Z&quot;,
                &quot;status&quot;: &quot;SEND&quot;
            },
            {
                &quot;time&quot;: &quot;2022-02-25T15:50:40.580Z&quot;,
                &quot;status&quot;: &quot;DELIVERED&quot;
            },
            {
                &quot;time&quot;: &quot;2022-02-25T15:51:54.139Z&quot;,
                &quot;status&quot;: &quot;PENDING&quot;
            },
            {
                &quot;time&quot;: &quot;2022-02-25T15:51:54.159Z&quot;,
                &quot;status&quot;: &quot;SEND&quot;
            },
            {
                &quot;time&quot;: &quot;2022-02-25T15:51:54.191Z&quot;,
                &quot;status&quot;: &quot;DELIVERED&quot;
            },
            {
                &quot;time&quot;: &quot;2022-02-25T15:52:34.081Z&quot;,
                &quot;status&quot;: &quot;PENDING&quot;
            },
            {
                &quot;time&quot;: &quot;2022-02-25T15:52:34.101Z&quot;,
                &quot;status&quot;: &quot;SEND&quot;
            },
            {
                &quot;time&quot;: &quot;2022-02-25T15:52:34.134Z&quot;,
                &quot;status&quot;: &quot;DELIVERED&quot;
            },
            {
                &quot;time&quot;: &quot;2022-02-25T15:53:26.503Z&quot;,
                &quot;status&quot;: &quot;PENDING&quot;
            },
            {
                &quot;time&quot;: &quot;2022-02-25T15:53:26.525Z&quot;,
                &quot;status&quot;: &quot;SEND&quot;
            },
            {
                &quot;time&quot;: &quot;2022-02-25T15:53:26.557Z&quot;,
                &quot;status&quot;: &quot;DELIVERED&quot;
            },
            {
                &quot;time&quot;: &quot;2022-02-25T15:54:17.893Z&quot;,
                &quot;status&quot;: &quot;PENDING&quot;
            },
            {
                &quot;time&quot;: &quot;2022-02-25T15:54:17.914Z&quot;,
                &quot;status&quot;: &quot;SEND&quot;
            },
            {
                &quot;time&quot;: &quot;2022-02-25T15:54:17.948Z&quot;,
                &quot;status&quot;: &quot;DELIVERED&quot;
            },
            {
                &quot;time&quot;: &quot;2022-02-25T15:54:59.004Z&quot;,
                &quot;status&quot;: &quot;PENDING&quot;
            },
            {
                &quot;time&quot;: &quot;2022-02-25T15:54:59.029Z&quot;,
                &quot;status&quot;: &quot;SEND&quot;
            },
            {
                &quot;time&quot;: &quot;2022-02-25T15:54:59.061Z&quot;,
                &quot;status&quot;: &quot;DELIVERED&quot;
            },
            {
                &quot;time&quot;: &quot;2022-02-25T15:57:14.375Z&quot;,
                &quot;status&quot;: &quot;PENDING&quot;
            },
            {
                &quot;time&quot;: &quot;2022-02-25T15:57:14.398Z&quot;,
                &quot;status&quot;: &quot;SEND&quot;
            },
            {
                &quot;time&quot;: &quot;2022-02-25T15:57:14.436Z&quot;,
                &quot;status&quot;: &quot;DELIVERED&quot;
            },
            {
                &quot;time&quot;: &quot;2022-02-25T15:59:40.014Z&quot;,
                &quot;status&quot;: &quot;PENDING&quot;
            },
            {
                &quot;time&quot;: &quot;2022-02-25T15:59:40.037Z&quot;,
                &quot;status&quot;: &quot;SEND&quot;
            },
            {
                &quot;time&quot;: &quot;2022-02-25T15:59:40.082Z&quot;,
                &quot;status&quot;: &quot;DELIVERED&quot;
            },
            {
                &quot;time&quot;: &quot;2022-02-25T16:00:03.129Z&quot;,
                &quot;status&quot;: &quot;PENDING&quot;
            },
            {
                &quot;time&quot;: &quot;2022-02-25T16:00:03.162Z&quot;,
                &quot;status&quot;: &quot;SEND&quot;
            },
            {
                &quot;time&quot;: &quot;2022-02-25T16:00:03.193Z&quot;,
                &quot;status&quot;: &quot;DELIVERED&quot;
            },
            {
                &quot;time&quot;: &quot;2022-02-25T16:00:26.743Z&quot;,
                &quot;status&quot;: &quot;PENDING&quot;
            },
            {
                &quot;time&quot;: &quot;2022-02-25T16:00:26.765Z&quot;,
                &quot;status&quot;: &quot;SEND&quot;
            },
            {
                &quot;time&quot;: &quot;2022-02-25T16:00:26.800Z&quot;,
                &quot;status&quot;: &quot;DELIVERED&quot;
            },
            {
                &quot;time&quot;: &quot;2022-02-25T16:00:51.687Z&quot;,
                &quot;status&quot;: &quot;PENDING&quot;
            },
            {
                &quot;time&quot;: &quot;2022-02-25T16:00:51.712Z&quot;,
                &quot;status&quot;: &quot;SEND&quot;
            },
            {
                &quot;time&quot;: &quot;2022-02-25T16:00:51.746Z&quot;,
                &quot;status&quot;: &quot;DELIVERED&quot;
            },
            {
                &quot;time&quot;: &quot;2022-02-25T16:01:29.375Z&quot;,
                &quot;status&quot;: &quot;PENDING&quot;
            },
            {
                &quot;time&quot;: &quot;2022-02-25T16:01:29.398Z&quot;,
                &quot;status&quot;: &quot;SEND&quot;
            },
            {
                &quot;time&quot;: &quot;2022-02-25T16:01:29.435Z&quot;,
                &quot;status&quot;: &quot;DELIVERED&quot;
            },
            {
                &quot;time&quot;: &quot;2022-02-25T16:01:52.649Z&quot;,
                &quot;status&quot;: &quot;PENDING&quot;
            },
            {
                &quot;time&quot;: &quot;2022-02-25T16:01:52.672Z&quot;,
                &quot;status&quot;: &quot;SEND&quot;
            },
            {
                &quot;time&quot;: &quot;2022-02-25T16:01:52.707Z&quot;,
                &quot;status&quot;: &quot;DELIVERED&quot;
            },
            {
                &quot;time&quot;: &quot;2022-02-25T16:02:18.471Z&quot;,
                &quot;status&quot;: &quot;PENDING&quot;
            },
            {
                &quot;time&quot;: &quot;2022-02-25T16:02:18.497Z&quot;,
                &quot;status&quot;: &quot;SEND&quot;
            },
            {
                &quot;time&quot;: &quot;2022-02-25T16:02:18.531Z&quot;,
                &quot;status&quot;: &quot;DELIVERED&quot;
            },
            {
                &quot;time&quot;: &quot;2022-02-25T16:18:08.774Z&quot;,
                &quot;status&quot;: &quot;PENDING&quot;
            },
            {
                &quot;time&quot;: &quot;2022-02-25T16:18:08.809Z&quot;,
                &quot;status&quot;: &quot;SEND&quot;
            },
            {
                &quot;time&quot;: &quot;2022-02-25T16:18:08.844Z&quot;,
                &quot;status&quot;: &quot;DELIVERED&quot;
            },
            {
                &quot;time&quot;: &quot;2022-02-25T16:20:48.789Z&quot;,
                &quot;status&quot;: &quot;PENDING&quot;
            },
            {
                &quot;time&quot;: &quot;2022-02-25T16:20:48.814Z&quot;,
                &quot;status&quot;: &quot;SEND&quot;
            },
            {
                &quot;time&quot;: &quot;2022-02-25T16:20:48.848Z&quot;,
                &quot;status&quot;: &quot;DELIVERED&quot;
            },
            {
                &quot;time&quot;: &quot;2022-02-25T16:21:12.421Z&quot;,
                &quot;status&quot;: &quot;PENDING&quot;
            },
            {
                &quot;time&quot;: &quot;2022-02-25T16:21:12.447Z&quot;,
                &quot;status&quot;: &quot;SEND&quot;
            },
            {
                &quot;time&quot;: &quot;2022-02-25T16:21:12.483Z&quot;,
                &quot;status&quot;: &quot;DELIVERED&quot;
            },
            {
                &quot;time&quot;: &quot;2022-02-25T16:23:50.786Z&quot;,
                &quot;status&quot;: &quot;PENDING&quot;
            },
            {
                &quot;time&quot;: &quot;2022-02-25T16:23:50.811Z&quot;,
                &quot;status&quot;: &quot;SEND&quot;
            }
        ],
        &quot;status&quot;: &quot;DELIVERED&quot;
    },
    &quot;creationTime&quot;: &quot;2022-02-25T15:47:06.397Z&quot;,
    &quot;deviceId&quot;: &quot;14656331&quot;,
    &quot;deviceName&quot;: &quot;mythic_beasts_pi_all_jobs_sag&quot;,
    &quot;self&quot;: &quot;https://t493319102.eu-latest.cumulocity.com/devicecontrol/operations/14656720&quot;,
    &quot;id&quot;: &quot;14656720&quot;,
    &quot;status&quot;: &quot;PENDING&quot;,
    &quot;c8y_LogfileRequest&quot;: {
        &quot;searchText&quot;: &quot;&quot;,
        &quot;logFile&quot;: &quot;software-management&quot;,
        &quot;dateTo&quot;: &quot;2021-11-21T18:55:49+0530&quot;,
        &quot;dateFrom&quot;: &quot;2021-11-15T18:55:49+0530&quot;,
        &quot;maximumLines&quot;: 300
    },
    &quot;description&quot;: &quot;Log file request&quot;
}
16:24:19 DEBUG Final URL of the request: https://thin-edge-io.eu-latest.cumulocity.com/devicecontrol/operations?deviceId=14656331&amp;pageSize=1&amp;revert=true&amp;dateFrom=1970-01-01T00%3A00%3A00.000Z
16:24:19 INFO  State of current operation: PENDING
16:24:19 DEBUG Final URL of the request: https://thin-edge-io.eu-latest.cumulocity.com/devicecontrol/operations?deviceId=14656331&amp;pageSize=1&amp;revert=true&amp;dateFrom=1970-01-01T00%3A00%3A00.000Z
16:24:19 DEBUG State of current operation: {
    &quot;delivery&quot;: {
        &quot;time&quot;: &quot;2022-02-25T16:23:50.846Z&quot;,
        &quot;log&quot;: [
            {
                &quot;time&quot;: &quot;2022-02-25T15:47:06.415Z&quot;,
                &quot;status&quot;: &quot;PENDING&quot;
            },
            {
                &quot;time&quot;: &quot;2022-02-25T15:47:06.422Z&quot;,
                &quot;status&quot;: &quot;SEND&quot;
            },
            {
                &quot;time&quot;: &quot;2022-02-25T15:47:06.459Z&quot;,
                &quot;status&quot;: &quot;DELIVERED&quot;
            },
            {
                &quot;time&quot;: &quot;2022-02-25T15:48:13.784Z&quot;,
                &quot;status&quot;: &quot;PENDING&quot;
            },
            {
                &quot;time&quot;: &quot;2022-02-25T15:48:13.807Z&quot;,
                &quot;status&quot;: &quot;SEND&quot;
            },
            {
                &quot;time&quot;: &quot;2022-02-25T15:48:13.843Z&quot;,
                &quot;status&quot;: &quot;DELIVERED&quot;
            },
            {
                &quot;time&quot;: &quot;2022-02-25T15:49:26.171Z&quot;,
                &quot;status&quot;: &quot;PENDING&quot;
            },
            {
                &quot;time&quot;: &quot;2022-02-25T15:49:26.195Z&quot;,
                &quot;status&quot;: &quot;SEND&quot;
            },
            {
                &quot;time&quot;: &quot;2022-02-25T15:49:26.231Z&quot;,
                &quot;status&quot;: &quot;DELIVERED&quot;
            },
            {
                &quot;time&quot;: &quot;2022-02-25T15:50:40.517Z&quot;,
                &quot;status&quot;: &quot;PENDING&quot;
            },
            {
                &quot;time&quot;: &quot;2022-02-25T15:50:40.541Z&quot;,
                &quot;status&quot;: &quot;SEND&quot;
            },
            {
                &quot;time&quot;: &quot;2022-02-25T15:50:40.580Z&quot;,
                &quot;status&quot;: &quot;DELIVERED&quot;
            },
            {
                &quot;time&quot;: &quot;2022-02-25T15:51:54.139Z&quot;,
                &quot;status&quot;: &quot;PENDING&quot;
            },
            {
                &quot;time&quot;: &quot;2022-02-25T15:51:54.159Z&quot;,
                &quot;status&quot;: &quot;SEND&quot;
            },
            {
                &quot;time&quot;: &quot;2022-02-25T15:51:54.191Z&quot;,
                &quot;status&quot;: &quot;DELIVERED&quot;
            },
            {
                &quot;time&quot;: &quot;2022-02-25T15:52:34.081Z&quot;,
                &quot;status&quot;: &quot;PENDING&quot;
            },
            {
                &quot;time&quot;: &quot;2022-02-25T15:52:34.101Z&quot;,
                &quot;status&quot;: &quot;SEND&quot;
            },
            {
                &quot;time&quot;: &quot;2022-02-25T15:52:34.134Z&quot;,
                &quot;status&quot;: &quot;DELIVERED&quot;
            },
            {
                &quot;time&quot;: &quot;2022-02-25T15:53:26.503Z&quot;,
                &quot;status&quot;: &quot;PENDING&quot;
            },
            {
                &quot;time&quot;: &quot;2022-02-25T15:53:26.525Z&quot;,
                &quot;status&quot;: &quot;SEND&quot;
            },
            {
                &quot;time&quot;: &quot;2022-02-25T15:53:26.557Z&quot;,
                &quot;status&quot;: &quot;DELIVERED&quot;
            },
            {
                &quot;time&quot;: &quot;2022-02-25T15:54:17.893Z&quot;,
                &quot;status&quot;: &quot;PENDING&quot;
            },
            {
                &quot;time&quot;: &quot;2022-02-25T15:54:17.914Z&quot;,
                &quot;status&quot;: &quot;SEND&quot;
            },
            {
                &quot;time&quot;: &quot;2022-02-25T15:54:17.948Z&quot;,
                &quot;status&quot;: &quot;DELIVERED&quot;
            },
            {
                &quot;time&quot;: &quot;2022-02-25T15:54:59.004Z&quot;,
                &quot;status&quot;: &quot;PENDING&quot;
            },
            {
                &quot;time&quot;: &quot;2022-02-25T15:54:59.029Z&quot;,
                &quot;status&quot;: &quot;SEND&quot;
            },
            {
                &quot;time&quot;: &quot;2022-02-25T15:54:59.061Z&quot;,
                &quot;status&quot;: &quot;DELIVERED&quot;
            },
            {
                &quot;time&quot;: &quot;2022-02-25T15:57:14.375Z&quot;,
                &quot;status&quot;: &quot;PENDING&quot;
            },
            {
                &quot;time&quot;: &quot;2022-02-25T15:57:14.398Z&quot;,
                &quot;status&quot;: &quot;SEND&quot;
            },
            {
                &quot;time&quot;: &quot;2022-02-25T15:57:14.436Z&quot;,
                &quot;status&quot;: &quot;DELIVERED&quot;
            },
            {
                &quot;time&quot;: &quot;2022-02-25T15:59:40.014Z&quot;,
                &quot;status&quot;: &quot;PENDING&quot;
            },
            {
                &quot;time&quot;: &quot;2022-02-25T15:59:40.037Z&quot;,
                &quot;status&quot;: &quot;SEND&quot;
            },
            {
                &quot;time&quot;: &quot;2022-02-25T15:59:40.082Z&quot;,
                &quot;status&quot;: &quot;DELIVERED&quot;
            },
            {
                &quot;time&quot;: &quot;2022-02-25T16:00:03.129Z&quot;,
                &quot;status&quot;: &quot;PENDING&quot;
            },
            {
                &quot;time&quot;: &quot;2022-02-25T16:00:03.162Z&quot;,
                &quot;status&quot;: &quot;SEND&quot;
            },
            {
                &quot;time&quot;: &quot;2022-02-25T16:00:03.193Z&quot;,
                &quot;status&quot;: &quot;DELIVERED&quot;
            },
            {
                &quot;time&quot;: &quot;2022-02-25T16:00:26.743Z&quot;,
                &quot;status&quot;: &quot;PENDING&quot;
            },
            {
                &quot;time&quot;: &quot;2022-02-25T16:00:26.765Z&quot;,
                &quot;status&quot;: &quot;SEND&quot;
            },
            {
                &quot;time&quot;: &quot;2022-02-25T16:00:26.800Z&quot;,
                &quot;status&quot;: &quot;DELIVERED&quot;
            },
            {
                &quot;time&quot;: &quot;2022-02-25T16:00:51.687Z&quot;,
                &quot;status&quot;: &quot;PENDING&quot;
            },
            {
                &quot;time&quot;: &quot;2022-02-25T16:00:51.712Z&quot;,
                &quot;status&quot;: &quot;SEND&quot;
            },
            {
                &quot;time&quot;: &quot;2022-02-25T16:00:51.746Z&quot;,
                &quot;status&quot;: &quot;DELIVERED&quot;
            },
            {
                &quot;time&quot;: &quot;2022-02-25T16:01:29.375Z&quot;,
                &quot;status&quot;: &quot;PENDING&quot;
            },
            {
                &quot;time&quot;: &quot;2022-02-25T16:01:29.398Z&quot;,
                &quot;status&quot;: &quot;SEND&quot;
            },
            {
                &quot;time&quot;: &quot;2022-02-25T16:01:29.435Z&quot;,
                &quot;status&quot;: &quot;DELIVERED&quot;
            },
            {
                &quot;time&quot;: &quot;2022-02-25T16:01:52.649Z&quot;,
                &quot;status&quot;: &quot;PENDING&quot;
            },
            {
                &quot;time&quot;: &quot;2022-02-25T16:01:52.672Z&quot;,
                &quot;status&quot;: &quot;SEND&quot;
            },
            {
                &quot;time&quot;: &quot;2022-02-25T16:01:52.707Z&quot;,
                &quot;status&quot;: &quot;DELIVERED&quot;
            },
            {
                &quot;time&quot;: &quot;2022-02-25T16:02:18.471Z&quot;,
                &quot;status&quot;: &quot;PENDING&quot;
            },
            {
                &quot;time&quot;: &quot;2022-02-25T16:02:18.497Z&quot;,
                &quot;status&quot;: &quot;SEND&quot;
            },
            {
                &quot;time&quot;: &quot;2022-02-25T16:02:18.531Z&quot;,
                &quot;status&quot;: &quot;DELIVERED&quot;
            },
            {
                &quot;time&quot;: &quot;2022-02-25T16:18:08.774Z&quot;,
                &quot;status&quot;: &quot;PENDING&quot;
            },
            {
                &quot;time&quot;: &quot;2022-02-25T16:18:08.809Z&quot;,
                &quot;status&quot;: &quot;SEND&quot;
            },
            {
                &quot;time&quot;: &quot;2022-02-25T16:18:08.844Z&quot;,
                &quot;status&quot;: &quot;DELIVERED&quot;
            },
            {
                &quot;time&quot;: &quot;2022-02-25T16:20:48.789Z&quot;,
                &quot;status&quot;: &quot;PENDING&quot;
            },
            {
                &quot;time&quot;: &quot;2022-02-25T16:20:48.814Z&quot;,
                &quot;status&quot;: &quot;SEND&quot;
            },
            {
                &quot;time&quot;: &quot;2022-02-25T16:20:48.848Z&quot;,
                &quot;status&quot;: &quot;DELIVERED&quot;
            },
            {
                &quot;time&quot;: &quot;2022-02-25T16:21:12.421Z&quot;,
                &quot;status&quot;: &quot;PENDING&quot;
            },
            {
                &quot;time&quot;: &quot;2022-02-25T16:21:12.447Z&quot;,
                &quot;status&quot;: &quot;SEND&quot;
            },
            {
                &quot;time&quot;: &quot;2022-02-25T16:21:12.483Z&quot;,
                &quot;status&quot;: &quot;DELIVERED&quot;
            },
            {
                &quot;time&quot;: &quot;2022-02-25T16:23:50.786Z&quot;,
                &quot;status&quot;: &quot;PENDING&quot;
            },
            {
                &quot;time&quot;: &quot;2022-02-25T16:23:50.811Z&quot;,
                &quot;status&quot;: &quot;SEND&quot;
            }
        ],
        &quot;status&quot;: &quot;DELIVERED&quot;
    },
    &quot;creationTime&quot;: &quot;2022-02-25T15:47:06.397Z&quot;,
    &quot;deviceId&quot;: &quot;14656331&quot;,
    &quot;deviceName&quot;: &quot;mythic_beasts_pi_all_jobs_sag&quot;,
    &quot;self&quot;: &quot;https://t493319102.eu-latest.cumulocity.com/devicecontrol/operations/14656720&quot;,
    &quot;id&quot;: &quot;14656720&quot;,
    &quot;status&quot;: &quot;PENDING&quot;,
    &quot;c8y_LogfileRequest&quot;: {
        &quot;searchText&quot;: &quot;&quot;,
        &quot;logFile&quot;: &quot;software-management&quot;,
        &quot;dateTo&quot;: &quot;2021-11-21T18:55:49+0530&quot;,
        &quot;dateFrom&quot;: &quot;2021-11-15T18:55:49+0530&quot;,
        &quot;maximumLines&quot;: 300
    },
    &quot;description&quot;: &quot;Log file request&quot;
}
16:24:21 DEBUG Final URL of the request: https://thin-edge-io.eu-latest.cumulocity.com/devicecontrol/operations?deviceId=14656331&amp;pageSize=1&amp;revert=true&amp;dateFrom=1970-01-01T00%3A00%3A00.000Z
16:24:21 INFO  State of current operation: PENDING
16:24:21 DEBUG Final URL of the request: https://thin-edge-io.eu-latest.cumulocity.com/devicecontrol/operations?deviceId=14656331&amp;pageSize=1&amp;revert=true&amp;dateFrom=1970-01-01T00%3A00%3A00.000Z
16:24:21 DEBUG State of current operation: {
    &quot;delivery&quot;: {
        &quot;time&quot;: &quot;2022-02-25T16:23:50.846Z&quot;,
        &quot;log&quot;: [
            {
                &quot;time&quot;: &quot;2022-02-25T15:47:06.415Z&quot;,
                &quot;status&quot;: &quot;PENDING&quot;
            },
            {
                &quot;time&quot;: &quot;2022-02-25T15:47:06.422Z&quot;,
                &quot;status&quot;: &quot;SEND&quot;
            },
            {
                &quot;time&quot;: &quot;2022-02-25T15:47:06.459Z&quot;,
                &quot;status&quot;: &quot;DELIVERED&quot;
            },
            {
                &quot;time&quot;: &quot;2022-02-25T15:48:13.784Z&quot;,
                &quot;status&quot;: &quot;PENDING&quot;
            },
            {
                &quot;time&quot;: &quot;2022-02-25T15:48:13.807Z&quot;,
                &quot;status&quot;: &quot;SEND&quot;
            },
            {
                &quot;time&quot;: &quot;2022-02-25T15:48:13.843Z&quot;,
                &quot;status&quot;: &quot;DELIVERED&quot;
            },
            {
                &quot;time&quot;: &quot;2022-02-25T15:49:26.171Z&quot;,
                &quot;status&quot;: &quot;PENDING&quot;
            },
            {
                &quot;time&quot;: &quot;2022-02-25T15:49:26.195Z&quot;,
                &quot;status&quot;: &quot;SEND&quot;
            },
            {
                &quot;time&quot;: &quot;2022-02-25T15:49:26.231Z&quot;,
                &quot;status&quot;: &quot;DELIVERED&quot;
            },
            {
                &quot;time&quot;: &quot;2022-02-25T15:50:40.517Z&quot;,
                &quot;status&quot;: &quot;PENDING&quot;
            },
            {
                &quot;time&quot;: &quot;2022-02-25T15:50:40.541Z&quot;,
                &quot;status&quot;: &quot;SEND&quot;
            },
            {
                &quot;time&quot;: &quot;2022-02-25T15:50:40.580Z&quot;,
                &quot;status&quot;: &quot;DELIVERED&quot;
            },
            {
                &quot;time&quot;: &quot;2022-02-25T15:51:54.139Z&quot;,
                &quot;status&quot;: &quot;PENDING&quot;
            },
            {
                &quot;time&quot;: &quot;2022-02-25T15:51:54.159Z&quot;,
                &quot;status&quot;: &quot;SEND&quot;
            },
            {
                &quot;time&quot;: &quot;2022-02-25T15:51:54.191Z&quot;,
                &quot;status&quot;: &quot;DELIVERED&quot;
            },
            {
                &quot;time&quot;: &quot;2022-02-25T15:52:34.081Z&quot;,
                &quot;status&quot;: &quot;PENDING&quot;
            },
            {
                &quot;time&quot;: &quot;2022-02-25T15:52:34.101Z&quot;,
                &quot;status&quot;: &quot;SEND&quot;
            },
            {
                &quot;time&quot;: &quot;2022-02-25T15:52:34.134Z&quot;,
                &quot;status&quot;: &quot;DELIVERED&quot;
            },
            {
                &quot;time&quot;: &quot;2022-02-25T15:53:26.503Z&quot;,
                &quot;status&quot;: &quot;PENDING&quot;
            },
            {
                &quot;time&quot;: &quot;2022-02-25T15:53:26.525Z&quot;,
                &quot;status&quot;: &quot;SEND&quot;
            },
            {
                &quot;time&quot;: &quot;2022-02-25T15:53:26.557Z&quot;,
                &quot;status&quot;: &quot;DELIVERED&quot;
            },
            {
                &quot;time&quot;: &quot;2022-02-25T15:54:17.893Z&quot;,
                &quot;status&quot;: &quot;PENDING&quot;
            },
            {
                &quot;time&quot;: &quot;2022-02-25T15:54:17.914Z&quot;,
                &quot;status&quot;: &quot;SEND&quot;
            },
            {
                &quot;time&quot;: &quot;2022-02-25T15:54:17.948Z&quot;,
                &quot;status&quot;: &quot;DELIVERED&quot;
            },
            {
                &quot;time&quot;: &quot;2022-02-25T15:54:59.004Z&quot;,
                &quot;status&quot;: &quot;PENDING&quot;
            },
            {
                &quot;time&quot;: &quot;2022-02-25T15:54:59.029Z&quot;,
                &quot;status&quot;: &quot;SEND&quot;
            },
            {
                &quot;time&quot;: &quot;2022-02-25T15:54:59.061Z&quot;,
                &quot;status&quot;: &quot;DELIVERED&quot;
            },
            {
                &quot;time&quot;: &quot;2022-02-25T15:57:14.375Z&quot;,
                &quot;status&quot;: &quot;PENDING&quot;
            },
            {
                &quot;time&quot;: &quot;2022-02-25T15:57:14.398Z&quot;,
                &quot;status&quot;: &quot;SEND&quot;
            },
            {
                &quot;time&quot;: &quot;2022-02-25T15:57:14.436Z&quot;,
                &quot;status&quot;: &quot;DELIVERED&quot;
            },
            {
                &quot;time&quot;: &quot;2022-02-25T15:59:40.014Z&quot;,
                &quot;status&quot;: &quot;PENDING&quot;
            },
            {
                &quot;time&quot;: &quot;2022-02-25T15:59:40.037Z&quot;,
                &quot;status&quot;: &quot;SEND&quot;
            },
            {
                &quot;time&quot;: &quot;2022-02-25T15:59:40.082Z&quot;,
                &quot;status&quot;: &quot;DELIVERED&quot;
            },
            {
                &quot;time&quot;: &quot;2022-02-25T16:00:03.129Z&quot;,
                &quot;status&quot;: &quot;PENDING&quot;
            },
            {
                &quot;time&quot;: &quot;2022-02-25T16:00:03.162Z&quot;,
                &quot;status&quot;: &quot;SEND&quot;
            },
            {
                &quot;time&quot;: &quot;2022-02-25T16:00:03.193Z&quot;,
                &quot;status&quot;: &quot;DELIVERED&quot;
            },
            {
                &quot;time&quot;: &quot;2022-02-25T16:00:26.743Z&quot;,
                &quot;status&quot;: &quot;PENDING&quot;
            },
            {
                &quot;time&quot;: &quot;2022-02-25T16:00:26.765Z&quot;,
                &quot;status&quot;: &quot;SEND&quot;
            },
            {
                &quot;time&quot;: &quot;2022-02-25T16:00:26.800Z&quot;,
                &quot;status&quot;: &quot;DELIVERED&quot;
            },
            {
                &quot;time&quot;: &quot;2022-02-25T16:00:51.687Z&quot;,
                &quot;status&quot;: &quot;PENDING&quot;
            },
            {
                &quot;time&quot;: &quot;2022-02-25T16:00:51.712Z&quot;,
                &quot;status&quot;: &quot;SEND&quot;
            },
            {
                &quot;time&quot;: &quot;2022-02-25T16:00:51.746Z&quot;,
                &quot;status&quot;: &quot;DELIVERED&quot;
            },
            {
                &quot;time&quot;: &quot;2022-02-25T16:01:29.375Z&quot;,
                &quot;status&quot;: &quot;PENDING&quot;
            },
            {
                &quot;time&quot;: &quot;2022-02-25T16:01:29.398Z&quot;,
                &quot;status&quot;: &quot;SEND&quot;
            },
            {
                &quot;time&quot;: &quot;2022-02-25T16:01:29.435Z&quot;,
                &quot;status&quot;: &quot;DELIVERED&quot;
            },
            {
                &quot;time&quot;: &quot;2022-02-25T16:01:52.649Z&quot;,
                &quot;status&quot;: &quot;PENDING&quot;
            },
            {
                &quot;time&quot;: &quot;2022-02-25T16:01:52.672Z&quot;,
                &quot;status&quot;: &quot;SEND&quot;
            },
            {
                &quot;time&quot;: &quot;2022-02-25T16:01:52.707Z&quot;,
                &quot;status&quot;: &quot;DELIVERED&quot;
            },
            {
                &quot;time&quot;: &quot;2022-02-25T16:02:18.471Z&quot;,
                &quot;status&quot;: &quot;PENDING&quot;
            },
            {
                &quot;time&quot;: &quot;2022-02-25T16:02:18.497Z&quot;,
                &quot;status&quot;: &quot;SEND&quot;
            },
            {
                &quot;time&quot;: &quot;2022-02-25T16:02:18.531Z&quot;,
                &quot;status&quot;: &quot;DELIVERED&quot;
            },
            {
                &quot;time&quot;: &quot;2022-02-25T16:18:08.774Z&quot;,
                &quot;status&quot;: &quot;PENDING&quot;
            },
            {
                &quot;time&quot;: &quot;2022-02-25T16:18:08.809Z&quot;,
                &quot;status&quot;: &quot;SEND&quot;
            },
            {
                &quot;time&quot;: &quot;2022-02-25T16:18:08.844Z&quot;,
                &quot;status&quot;: &quot;DELIVERED&quot;
            },
            {
                &quot;time&quot;: &quot;2022-02-25T16:20:48.789Z&quot;,
                &quot;status&quot;: &quot;PENDING&quot;
            },
            {
                &quot;time&quot;: &quot;2022-02-25T16:20:48.814Z&quot;,
                &quot;status&quot;: &quot;SEND&quot;
            },
            {
                &quot;time&quot;: &quot;2022-02-25T16:20:48.848Z&quot;,
                &quot;status&quot;: &quot;DELIVERED&quot;
            },
            {
                &quot;time&quot;: &quot;2022-02-25T16:21:12.421Z&quot;,
                &quot;status&quot;: &quot;PENDING&quot;
            },
            {
                &quot;time&quot;: &quot;2022-02-25T16:21:12.447Z&quot;,
                &quot;status&quot;: &quot;SEND&quot;
            },
            {
                &quot;time&quot;: &quot;2022-02-25T16:21:12.483Z&quot;,
                &quot;status&quot;: &quot;DELIVERED&quot;
            },
            {
                &quot;time&quot;: &quot;2022-02-25T16:23:50.786Z&quot;,
                &quot;status&quot;: &quot;PENDING&quot;
            },
            {
                &quot;time&quot;: &quot;2022-02-25T16:23:50.811Z&quot;,
                &quot;status&quot;: &quot;SEND&quot;
            }
        ],
        &quot;status&quot;: &quot;DELIVERED&quot;
    },
    &quot;creationTime&quot;: &quot;2022-02-25T15:47:06.397Z&quot;,
    &quot;deviceId&quot;: &quot;14656331&quot;,
    &quot;deviceName&quot;: &quot;mythic_beasts_pi_all_jobs_sag&quot;,
    &quot;self&quot;: &quot;https://t493319102.eu-latest.cumulocity.com/devicecontrol/operations/14656720&quot;,
    &quot;id&quot;: &quot;14656720&quot;,
    &quot;status&quot;: &quot;PENDING&quot;,
    &quot;c8y_LogfileRequest&quot;: {
        &quot;searchText&quot;: &quot;&quot;,
        &quot;logFile&quot;: &quot;software-management&quot;,
        &quot;dateTo&quot;: &quot;2021-11-21T18:55:49+0530&quot;,
        &quot;dateFrom&quot;: &quot;2021-11-15T18:55:49+0530&quot;,
        &quot;maximumLines&quot;: 300
    },
    &quot;description&quot;: &quot;Log file request&quot;
}
16:24:23 DEBUG Final URL of the request: https://thin-edge-io.eu-latest.cumulocity.com/devicecontrol/operations?deviceId=14656331&amp;pageSize=1&amp;revert=true&amp;dateFrom=1970-01-01T00%3A00%3A00.000Z
16:24:23 INFO  State of current operation: PENDING
16:24:23 DEBUG Final URL of the request: https://thin-edge-io.eu-latest.cumulocity.com/devicecontrol/operations?deviceId=14656331&amp;pageSize=1&amp;revert=true&amp;dateFrom=1970-01-01T00%3A00%3A00.000Z
16:24:23 DEBUG State of current operation: {
    &quot;delivery&quot;: {
        &quot;time&quot;: &quot;2022-02-25T16:23:50.846Z&quot;,
        &quot;log&quot;: [
            {
                &quot;time&quot;: &quot;2022-02-25T15:47:06.415Z&quot;,
                &quot;status&quot;: &quot;PENDING&quot;
            },
            {
                &quot;time&quot;: &quot;2022-02-25T15:47:06.422Z&quot;,
                &quot;status&quot;: &quot;SEND&quot;
            },
            {
                &quot;time&quot;: &quot;2022-02-25T15:47:06.459Z&quot;,
                &quot;status&quot;: &quot;DELIVERED&quot;
            },
            {
                &quot;time&quot;: &quot;2022-02-25T15:48:13.784Z&quot;,
                &quot;status&quot;: &quot;PENDING&quot;
            },
            {
                &quot;time&quot;: &quot;2022-02-25T15:48:13.807Z&quot;,
                &quot;status&quot;: &quot;SEND&quot;
            },
            {
                &quot;time&quot;: &quot;2022-02-25T15:48:13.843Z&quot;,
                &quot;status&quot;: &quot;DELIVERED&quot;
            },
            {
                &quot;time&quot;: &quot;2022-02-25T15:49:26.171Z&quot;,
                &quot;status&quot;: &quot;PENDING&quot;
            },
            {
                &quot;time&quot;: &quot;2022-02-25T15:49:26.195Z&quot;,
                &quot;status&quot;: &quot;SEND&quot;
            },
            {
                &quot;time&quot;: &quot;2022-02-25T15:49:26.231Z&quot;,
                &quot;status&quot;: &quot;DELIVERED&quot;
            },
            {
                &quot;time&quot;: &quot;2022-02-25T15:50:40.517Z&quot;,
                &quot;status&quot;: &quot;PENDING&quot;
            },
            {
                &quot;time&quot;: &quot;2022-02-25T15:50:40.541Z&quot;,
                &quot;status&quot;: &quot;SEND&quot;
            },
            {
                &quot;time&quot;: &quot;2022-02-25T15:50:40.580Z&quot;,
                &quot;status&quot;: &quot;DELIVERED&quot;
            },
            {
                &quot;time&quot;: &quot;2022-02-25T15:51:54.139Z&quot;,
                &quot;status&quot;: &quot;PENDING&quot;
            },
            {
                &quot;time&quot;: &quot;2022-02-25T15:51:54.159Z&quot;,
                &quot;status&quot;: &quot;SEND&quot;
            },
            {
                &quot;time&quot;: &quot;2022-02-25T15:51:54.191Z&quot;,
                &quot;status&quot;: &quot;DELIVERED&quot;
            },
            {
                &quot;time&quot;: &quot;2022-02-25T15:52:34.081Z&quot;,
                &quot;status&quot;: &quot;PENDING&quot;
            },
            {
                &quot;time&quot;: &quot;2022-02-25T15:52:34.101Z&quot;,
                &quot;status&quot;: &quot;SEND&quot;
            },
            {
                &quot;time&quot;: &quot;2022-02-25T15:52:34.134Z&quot;,
                &quot;status&quot;: &quot;DELIVERED&quot;
            },
            {
                &quot;time&quot;: &quot;2022-02-25T15:53:26.503Z&quot;,
                &quot;status&quot;: &quot;PENDING&quot;
            },
            {
                &quot;time&quot;: &quot;2022-02-25T15:53:26.525Z&quot;,
                &quot;status&quot;: &quot;SEND&quot;
            },
            {
                &quot;time&quot;: &quot;2022-02-25T15:53:26.557Z&quot;,
                &quot;status&quot;: &quot;DELIVERED&quot;
            },
            {
                &quot;time&quot;: &quot;2022-02-25T15:54:17.893Z&quot;,
                &quot;status&quot;: &quot;PENDING&quot;
            },
            {
                &quot;time&quot;: &quot;2022-02-25T15:54:17.914Z&quot;,
                &quot;status&quot;: &quot;SEND&quot;
            },
            {
                &quot;time&quot;: &quot;2022-02-25T15:54:17.948Z&quot;,
                &quot;status&quot;: &quot;DELIVERED&quot;
            },
            {
                &quot;time&quot;: &quot;2022-02-25T15:54:59.004Z&quot;,
                &quot;status&quot;: &quot;PENDING&quot;
            },
            {
                &quot;time&quot;: &quot;2022-02-25T15:54:59.029Z&quot;,
                &quot;status&quot;: &quot;SEND&quot;
            },
            {
                &quot;time&quot;: &quot;2022-02-25T15:54:59.061Z&quot;,
                &quot;status&quot;: &quot;DELIVERED&quot;
            },
            {
                &quot;time&quot;: &quot;2022-02-25T15:57:14.375Z&quot;,
                &quot;status&quot;: &quot;PENDING&quot;
            },
            {
                &quot;time&quot;: &quot;2022-02-25T15:57:14.398Z&quot;,
                &quot;status&quot;: &quot;SEND&quot;
            },
            {
                &quot;time&quot;: &quot;2022-02-25T15:57:14.436Z&quot;,
                &quot;status&quot;: &quot;DELIVERED&quot;
            },
            {
                &quot;time&quot;: &quot;2022-02-25T15:59:40.014Z&quot;,
                &quot;status&quot;: &quot;PENDING&quot;
            },
            {
                &quot;time&quot;: &quot;2022-02-25T15:59:40.037Z&quot;,
                &quot;status&quot;: &quot;SEND&quot;
            },
            {
                &quot;time&quot;: &quot;2022-02-25T15:59:40.082Z&quot;,
                &quot;status&quot;: &quot;DELIVERED&quot;
            },
            {
                &quot;time&quot;: &quot;2022-02-25T16:00:03.129Z&quot;,
                &quot;status&quot;: &quot;PENDING&quot;
            },
            {
                &quot;time&quot;: &quot;2022-02-25T16:00:03.162Z&quot;,
                &quot;status&quot;: &quot;SEND&quot;
            },
            {
                &quot;time&quot;: &quot;2022-02-25T16:00:03.193Z&quot;,
                &quot;status&quot;: &quot;DELIVERED&quot;
            },
            {
                &quot;time&quot;: &quot;2022-02-25T16:00:26.743Z&quot;,
                &quot;status&quot;: &quot;PENDING&quot;
            },
            {
                &quot;time&quot;: &quot;2022-02-25T16:00:26.765Z&quot;,
                &quot;status&quot;: &quot;SEND&quot;
            },
            {
                &quot;time&quot;: &quot;2022-02-25T16:00:26.800Z&quot;,
                &quot;status&quot;: &quot;DELIVERED&quot;
            },
            {
                &quot;time&quot;: &quot;2022-02-25T16:00:51.687Z&quot;,
                &quot;status&quot;: &quot;PENDING&quot;
            },
            {
                &quot;time&quot;: &quot;2022-02-25T16:00:51.712Z&quot;,
                &quot;status&quot;: &quot;SEND&quot;
            },
            {
                &quot;time&quot;: &quot;2022-02-25T16:00:51.746Z&quot;,
                &quot;status&quot;: &quot;DELIVERED&quot;
            },
            {
                &quot;time&quot;: &quot;2022-02-25T16:01:29.375Z&quot;,
                &quot;status&quot;: &quot;PENDING&quot;
            },
            {
                &quot;time&quot;: &quot;2022-02-25T16:01:29.398Z&quot;,
                &quot;status&quot;: &quot;SEND&quot;
            },
            {
                &quot;time&quot;: &quot;2022-02-25T16:01:29.435Z&quot;,
                &quot;status&quot;: &quot;DELIVERED&quot;
            },
            {
                &quot;time&quot;: &quot;2022-02-25T16:01:52.649Z&quot;,
                &quot;status&quot;: &quot;PENDING&quot;
            },
            {
                &quot;time&quot;: &quot;2022-02-25T16:01:52.672Z&quot;,
                &quot;status&quot;: &quot;SEND&quot;
            },
            {
                &quot;time&quot;: &quot;2022-02-25T16:01:52.707Z&quot;,
                &quot;status&quot;: &quot;DELIVERED&quot;
            },
            {
                &quot;time&quot;: &quot;2022-02-25T16:02:18.471Z&quot;,
                &quot;status&quot;: &quot;PENDING&quot;
            },
            {
                &quot;time&quot;: &quot;2022-02-25T16:02:18.497Z&quot;,
                &quot;status&quot;: &quot;SEND&quot;
            },
            {
                &quot;time&quot;: &quot;2022-02-25T16:02:18.531Z&quot;,
                &quot;status&quot;: &quot;DELIVERED&quot;
            },
            {
                &quot;time&quot;: &quot;2022-02-25T16:18:08.774Z&quot;,
                &quot;status&quot;: &quot;PENDING&quot;
            },
            {
                &quot;time&quot;: &quot;2022-02-25T16:18:08.809Z&quot;,
                &quot;status&quot;: &quot;SEND&quot;
            },
            {
                &quot;time&quot;: &quot;2022-02-25T16:18:08.844Z&quot;,
                &quot;status&quot;: &quot;DELIVERED&quot;
            },
            {
                &quot;time&quot;: &quot;2022-02-25T16:20:48.789Z&quot;,
                &quot;status&quot;: &quot;PENDING&quot;
            },
            {
                &quot;time&quot;: &quot;2022-02-25T16:20:48.814Z&quot;,
                &quot;status&quot;: &quot;SEND&quot;
            },
            {
                &quot;time&quot;: &quot;2022-02-25T16:20:48.848Z&quot;,
                &quot;status&quot;: &quot;DELIVERED&quot;
            },
            {
                &quot;time&quot;: &quot;2022-02-25T16:21:12.421Z&quot;,
                &quot;status&quot;: &quot;PENDING&quot;
            },
            {
                &quot;time&quot;: &quot;2022-02-25T16:21:12.447Z&quot;,
                &quot;status&quot;: &quot;SEND&quot;
            },
            {
                &quot;time&quot;: &quot;2022-02-25T16:21:12.483Z&quot;,
                &quot;status&quot;: &quot;DELIVERED&quot;
            },
            {
                &quot;time&quot;: &quot;2022-02-25T16:23:50.786Z&quot;,
                &quot;status&quot;: &quot;PENDING&quot;
            },
            {
                &quot;time&quot;: &quot;2022-02-25T16:23:50.811Z&quot;,
                &quot;status&quot;: &quot;SEND&quot;
            }
        ],
        &quot;status&quot;: &quot;DELIVERED&quot;
    },
    &quot;creationTime&quot;: &quot;2022-02-25T15:47:06.397Z&quot;,
    &quot;deviceId&quot;: &quot;14656331&quot;,
    &quot;deviceName&quot;: &quot;mythic_beasts_pi_all_jobs_sag&quot;,
    &quot;self&quot;: &quot;https://t493319102.eu-latest.cumulocity.com/devicecontrol/operations/14656720&quot;,
    &quot;id&quot;: &quot;14656720&quot;,
    &quot;status&quot;: &quot;PENDING&quot;,
    &quot;c8y_LogfileRequest&quot;: {
        &quot;searchText&quot;: &quot;&quot;,
        &quot;logFile&quot;: &quot;software-management&quot;,
        &quot;dateTo&quot;: &quot;2021-11-21T18:55:49+0530&quot;,
        &quot;dateFrom&quot;: &quot;2021-11-15T18:55:49+0530&quot;,
        &quot;maximumLines&quot;: 300
    },
    &quot;description&quot;: &quot;Log file request&quot;
}
16:24:25 DEBUG Final URL of the request: https://thin-edge-io.eu-latest.cumulocity.com/devicecontrol/operations?deviceId=14656331&amp;pageSize=1&amp;revert=true&amp;dateFrom=1970-01-01T00%3A00%3A00.000Z
16:24:25 INFO  State of current operation: PENDING
16:24:25 DEBUG Final URL of the request: https://thin-edge-io.eu-latest.cumulocity.com/devicecontrol/operations?deviceId=14656331&amp;pageSize=1&amp;revert=true&amp;dateFrom=1970-01-01T00%3A00%3A00.000Z
16:24:25 DEBUG State of current operation: {
    &quot;delivery&quot;: {
        &quot;time&quot;: &quot;2022-02-25T16:23:50.846Z&quot;,
        &quot;log&quot;: [
            {
                &quot;time&quot;: &quot;2022-02-25T15:47:06.415Z&quot;,
                &quot;status&quot;: &quot;PENDING&quot;
            },
            {
                &quot;time&quot;: &quot;2022-02-25T15:47:06.422Z&quot;,
                &quot;status&quot;: &quot;SEND&quot;
            },
            {
                &quot;time&quot;: &quot;2022-02-25T15:47:06.459Z&quot;,
                &quot;status&quot;: &quot;DELIVERED&quot;
            },
            {
                &quot;time&quot;: &quot;2022-02-25T15:48:13.784Z&quot;,
                &quot;status&quot;: &quot;PENDING&quot;
            },
            {
                &quot;time&quot;: &quot;2022-02-25T15:48:13.807Z&quot;,
                &quot;status&quot;: &quot;SEND&quot;
            },
            {
                &quot;time&quot;: &quot;2022-02-25T15:48:13.843Z&quot;,
                &quot;status&quot;: &quot;DELIVERED&quot;
            },
            {
                &quot;time&quot;: &quot;2022-02-25T15:49:26.171Z&quot;,
                &quot;status&quot;: &quot;PENDING&quot;
            },
            {
                &quot;time&quot;: &quot;2022-02-25T15:49:26.195Z&quot;,
                &quot;status&quot;: &quot;SEND&quot;
            },
            {
                &quot;time&quot;: &quot;2022-02-25T15:49:26.231Z&quot;,
                &quot;status&quot;: &quot;DELIVERED&quot;
            },
            {
                &quot;time&quot;: &quot;2022-02-25T15:50:40.517Z&quot;,
                &quot;status&quot;: &quot;PENDING&quot;
            },
            {
                &quot;time&quot;: &quot;2022-02-25T15:50:40.541Z&quot;,
                &quot;status&quot;: &quot;SEND&quot;
            },
            {
                &quot;time&quot;: &quot;2022-02-25T15:50:40.580Z&quot;,
                &quot;status&quot;: &quot;DELIVERED&quot;
            },
            {
                &quot;time&quot;: &quot;2022-02-25T15:51:54.139Z&quot;,
                &quot;status&quot;: &quot;PENDING&quot;
            },
            {
                &quot;time&quot;: &quot;2022-02-25T15:51:54.159Z&quot;,
                &quot;status&quot;: &quot;SEND&quot;
            },
            {
                &quot;time&quot;: &quot;2022-02-25T15:51:54.191Z&quot;,
                &quot;status&quot;: &quot;DELIVERED&quot;
            },
            {
                &quot;time&quot;: &quot;2022-02-25T15:52:34.081Z&quot;,
                &quot;status&quot;: &quot;PENDING&quot;
            },
            {
                &quot;time&quot;: &quot;2022-02-25T15:52:34.101Z&quot;,
                &quot;status&quot;: &quot;SEND&quot;
            },
            {
                &quot;time&quot;: &quot;2022-02-25T15:52:34.134Z&quot;,
                &quot;status&quot;: &quot;DELIVERED&quot;
            },
            {
                &quot;time&quot;: &quot;2022-02-25T15:53:26.503Z&quot;,
                &quot;status&quot;: &quot;PENDING&quot;
            },
            {
                &quot;time&quot;: &quot;2022-02-25T15:53:26.525Z&quot;,
                &quot;status&quot;: &quot;SEND&quot;
            },
            {
                &quot;time&quot;: &quot;2022-02-25T15:53:26.557Z&quot;,
                &quot;status&quot;: &quot;DELIVERED&quot;
            },
            {
                &quot;time&quot;: &quot;2022-02-25T15:54:17.893Z&quot;,
                &quot;status&quot;: &quot;PENDING&quot;
            },
            {
                &quot;time&quot;: &quot;2022-02-25T15:54:17.914Z&quot;,
                &quot;status&quot;: &quot;SEND&quot;
            },
            {
                &quot;time&quot;: &quot;2022-02-25T15:54:17.948Z&quot;,
                &quot;status&quot;: &quot;DELIVERED&quot;
            },
            {
                &quot;time&quot;: &quot;2022-02-25T15:54:59.004Z&quot;,
                &quot;status&quot;: &quot;PENDING&quot;
            },
            {
                &quot;time&quot;: &quot;2022-02-25T15:54:59.029Z&quot;,
                &quot;status&quot;: &quot;SEND&quot;
            },
            {
                &quot;time&quot;: &quot;2022-02-25T15:54:59.061Z&quot;,
                &quot;status&quot;: &quot;DELIVERED&quot;
            },
            {
                &quot;time&quot;: &quot;2022-02-25T15:57:14.375Z&quot;,
                &quot;status&quot;: &quot;PENDING&quot;
            },
            {
                &quot;time&quot;: &quot;2022-02-25T15:57:14.398Z&quot;,
                &quot;status&quot;: &quot;SEND&quot;
            },
            {
                &quot;time&quot;: &quot;2022-02-25T15:57:14.436Z&quot;,
                &quot;status&quot;: &quot;DELIVERED&quot;
            },
            {
                &quot;time&quot;: &quot;2022-02-25T15:59:40.014Z&quot;,
                &quot;status&quot;: &quot;PENDING&quot;
            },
            {
                &quot;time&quot;: &quot;2022-02-25T15:59:40.037Z&quot;,
                &quot;status&quot;: &quot;SEND&quot;
            },
            {
                &quot;time&quot;: &quot;2022-02-25T15:59:40.082Z&quot;,
                &quot;status&quot;: &quot;DELIVERED&quot;
            },
            {
                &quot;time&quot;: &quot;2022-02-25T16:00:03.129Z&quot;,
                &quot;status&quot;: &quot;PENDING&quot;
            },
            {
                &quot;time&quot;: &quot;2022-02-25T16:00:03.162Z&quot;,
                &quot;status&quot;: &quot;SEND&quot;
            },
            {
                &quot;time&quot;: &quot;2022-02-25T16:00:03.193Z&quot;,
                &quot;status&quot;: &quot;DELIVERED&quot;
            },
            {
                &quot;time&quot;: &quot;2022-02-25T16:00:26.743Z&quot;,
                &quot;status&quot;: &quot;PENDING&quot;
            },
            {
                &quot;time&quot;: &quot;2022-02-25T16:00:26.765Z&quot;,
                &quot;status&quot;: &quot;SEND&quot;
            },
            {
                &quot;time&quot;: &quot;2022-02-25T16:00:26.800Z&quot;,
                &quot;status&quot;: &quot;DELIVERED&quot;
            },
            {
                &quot;time&quot;: &quot;2022-02-25T16:00:51.687Z&quot;,
                &quot;status&quot;: &quot;PENDING&quot;
            },
            {
                &quot;time&quot;: &quot;2022-02-25T16:00:51.712Z&quot;,
                &quot;status&quot;: &quot;SEND&quot;
            },
            {
                &quot;time&quot;: &quot;2022-02-25T16:00:51.746Z&quot;,
                &quot;status&quot;: &quot;DELIVERED&quot;
            },
            {
                &quot;time&quot;: &quot;2022-02-25T16:01:29.375Z&quot;,
                &quot;status&quot;: &quot;PENDING&quot;
            },
            {
                &quot;time&quot;: &quot;2022-02-25T16:01:29.398Z&quot;,
                &quot;status&quot;: &quot;SEND&quot;
            },
            {
                &quot;time&quot;: &quot;2022-02-25T16:01:29.435Z&quot;,
                &quot;status&quot;: &quot;DELIVERED&quot;
            },
            {
                &quot;time&quot;: &quot;2022-02-25T16:01:52.649Z&quot;,
                &quot;status&quot;: &quot;PENDING&quot;
            },
            {
                &quot;time&quot;: &quot;2022-02-25T16:01:52.672Z&quot;,
                &quot;status&quot;: &quot;SEND&quot;
            },
            {
                &quot;time&quot;: &quot;2022-02-25T16:01:52.707Z&quot;,
                &quot;status&quot;: &quot;DELIVERED&quot;
            },
            {
                &quot;time&quot;: &quot;2022-02-25T16:02:18.471Z&quot;,
                &quot;status&quot;: &quot;PENDING&quot;
            },
            {
                &quot;time&quot;: &quot;2022-02-25T16:02:18.497Z&quot;,
                &quot;status&quot;: &quot;SEND&quot;
            },
            {
                &quot;time&quot;: &quot;2022-02-25T16:02:18.531Z&quot;,
                &quot;status&quot;: &quot;DELIVERED&quot;
            },
            {
                &quot;time&quot;: &quot;2022-02-25T16:18:08.774Z&quot;,
                &quot;status&quot;: &quot;PENDING&quot;
            },
            {
                &quot;time&quot;: &quot;2022-02-25T16:18:08.809Z&quot;,
                &quot;status&quot;: &quot;SEND&quot;
            },
            {
                &quot;time&quot;: &quot;2022-02-25T16:18:08.844Z&quot;,
                &quot;status&quot;: &quot;DELIVERED&quot;
            },
            {
                &quot;time&quot;: &quot;2022-02-25T16:20:48.789Z&quot;,
                &quot;status&quot;: &quot;PENDING&quot;
            },
            {
                &quot;time&quot;: &quot;2022-02-25T16:20:48.814Z&quot;,
                &quot;status&quot;: &quot;SEND&quot;
            },
            {
                &quot;time&quot;: &quot;2022-02-25T16:20:48.848Z&quot;,
                &quot;status&quot;: &quot;DELIVERED&quot;
            },
            {
                &quot;time&quot;: &quot;2022-02-25T16:21:12.421Z&quot;,
                &quot;status&quot;: &quot;PENDING&quot;
            },
            {
                &quot;time&quot;: &quot;2022-02-25T16:21:12.447Z&quot;,
                &quot;status&quot;: &quot;SEND&quot;
            },
            {
                &quot;time&quot;: &quot;2022-02-25T16:21:12.483Z&quot;,
                &quot;status&quot;: &quot;DELIVERED&quot;
            },
            {
                &quot;time&quot;: &quot;2022-02-25T16:23:50.786Z&quot;,
                &quot;status&quot;: &quot;PENDING&quot;
            },
            {
                &quot;time&quot;: &quot;2022-02-25T16:23:50.811Z&quot;,
                &quot;status&quot;: &quot;SEND&quot;
            }
        ],
        &quot;status&quot;: &quot;DELIVERED&quot;
    },
    &quot;creationTime&quot;: &quot;2022-02-25T15:47:06.397Z&quot;,
    &quot;deviceId&quot;: &quot;14656331&quot;,
    &quot;deviceName&quot;: &quot;mythic_beasts_pi_all_jobs_sag&quot;,
    &quot;self&quot;: &quot;https://t493319102.eu-latest.cumulocity.com/devicecontrol/operations/14656720&quot;,
    &quot;id&quot;: &quot;14656720&quot;,
    &quot;status&quot;: &quot;PENDING&quot;,
    &quot;c8y_LogfileRequest&quot;: {
        &quot;searchText&quot;: &quot;&quot;,
        &quot;logFile&quot;: &quot;software-management&quot;,
        &quot;dateTo&quot;: &quot;2021-11-21T18:55:49+0530&quot;,
        &quot;dateFrom&quot;: &quot;2021-11-15T18:55:49+0530&quot;,
        &quot;maximumLines&quot;: 300
    },
    &quot;description&quot;: &quot;Log file request&quot;
}
16:24:27 DEBUG Final URL of the request: https://thin-edge-io.eu-latest.cumulocity.com/devicecontrol/operations?deviceId=14656331&amp;pageSize=1&amp;revert=true&amp;dateFrom=1970-01-01T00%3A00%3A00.000Z
16:24:27 INFO  State of current operation: PENDING
16:24:27 DEBUG Final URL of the request: https://thin-edge-io.eu-latest.cumulocity.com/devicecontrol/operations?deviceId=14656331&amp;pageSize=1&amp;revert=true&amp;dateFrom=1970-01-01T00%3A00%3A00.000Z
16:24:27 DEBUG State of current operation: {
    &quot;delivery&quot;: {
        &quot;time&quot;: &quot;2022-02-25T16:23:50.846Z&quot;,
        &quot;log&quot;: [
            {
                &quot;time&quot;: &quot;2022-02-25T15:47:06.415Z&quot;,
                &quot;status&quot;: &quot;PENDING&quot;
            },
            {
                &quot;time&quot;: &quot;2022-02-25T15:47:06.422Z&quot;,
                &quot;status&quot;: &quot;SEND&quot;
            },
            {
                &quot;time&quot;: &quot;2022-02-25T15:47:06.459Z&quot;,
                &quot;status&quot;: &quot;DELIVERED&quot;
            },
            {
                &quot;time&quot;: &quot;2022-02-25T15:48:13.784Z&quot;,
                &quot;status&quot;: &quot;PENDING&quot;
            },
            {
                &quot;time&quot;: &quot;2022-02-25T15:48:13.807Z&quot;,
                &quot;status&quot;: &quot;SEND&quot;
            },
            {
                &quot;time&quot;: &quot;2022-02-25T15:48:13.843Z&quot;,
                &quot;status&quot;: &quot;DELIVERED&quot;
            },
            {
                &quot;time&quot;: &quot;2022-02-25T15:49:26.171Z&quot;,
                &quot;status&quot;: &quot;PENDING&quot;
            },
            {
                &quot;time&quot;: &quot;2022-02-25T15:49:26.195Z&quot;,
                &quot;status&quot;: &quot;SEND&quot;
            },
            {
                &quot;time&quot;: &quot;2022-02-25T15:49:26.231Z&quot;,
                &quot;status&quot;: &quot;DELIVERED&quot;
            },
            {
                &quot;time&quot;: &quot;2022-02-25T15:50:40.517Z&quot;,
                &quot;status&quot;: &quot;PENDING&quot;
            },
            {
                &quot;time&quot;: &quot;2022-02-25T15:50:40.541Z&quot;,
                &quot;status&quot;: &quot;SEND&quot;
            },
            {
                &quot;time&quot;: &quot;2022-02-25T15:50:40.580Z&quot;,
                &quot;status&quot;: &quot;DELIVERED&quot;
            },
            {
                &quot;time&quot;: &quot;2022-02-25T15:51:54.139Z&quot;,
                &quot;status&quot;: &quot;PENDING&quot;
            },
            {
                &quot;time&quot;: &quot;2022-02-25T15:51:54.159Z&quot;,
                &quot;status&quot;: &quot;SEND&quot;
            },
            {
                &quot;time&quot;: &quot;2022-02-25T15:51:54.191Z&quot;,
                &quot;status&quot;: &quot;DELIVERED&quot;
            },
            {
                &quot;time&quot;: &quot;2022-02-25T15:52:34.081Z&quot;,
                &quot;status&quot;: &quot;PENDING&quot;
            },
            {
                &quot;time&quot;: &quot;2022-02-25T15:52:34.101Z&quot;,
                &quot;status&quot;: &quot;SEND&quot;
            },
            {
                &quot;time&quot;: &quot;2022-02-25T15:52:34.134Z&quot;,
                &quot;status&quot;: &quot;DELIVERED&quot;
            },
            {
                &quot;time&quot;: &quot;2022-02-25T15:53:26.503Z&quot;,
                &quot;status&quot;: &quot;PENDING&quot;
            },
            {
                &quot;time&quot;: &quot;2022-02-25T15:53:26.525Z&quot;,
                &quot;status&quot;: &quot;SEND&quot;
            },
            {
                &quot;time&quot;: &quot;2022-02-25T15:53:26.557Z&quot;,
                &quot;status&quot;: &quot;DELIVERED&quot;
            },
            {
                &quot;time&quot;: &quot;2022-02-25T15:54:17.893Z&quot;,
                &quot;status&quot;: &quot;PENDING&quot;
            },
            {
                &quot;time&quot;: &quot;2022-02-25T15:54:17.914Z&quot;,
                &quot;status&quot;: &quot;SEND&quot;
            },
            {
                &quot;time&quot;: &quot;2022-02-25T15:54:17.948Z&quot;,
                &quot;status&quot;: &quot;DELIVERED&quot;
            },
            {
                &quot;time&quot;: &quot;2022-02-25T15:54:59.004Z&quot;,
                &quot;status&quot;: &quot;PENDING&quot;
            },
            {
                &quot;time&quot;: &quot;2022-02-25T15:54:59.029Z&quot;,
                &quot;status&quot;: &quot;SEND&quot;
            },
            {
                &quot;time&quot;: &quot;2022-02-25T15:54:59.061Z&quot;,
                &quot;status&quot;: &quot;DELIVERED&quot;
            },
            {
                &quot;time&quot;: &quot;2022-02-25T15:57:14.375Z&quot;,
                &quot;status&quot;: &quot;PENDING&quot;
            },
            {
                &quot;time&quot;: &quot;2022-02-25T15:57:14.398Z&quot;,
                &quot;status&quot;: &quot;SEND&quot;
            },
            {
                &quot;time&quot;: &quot;2022-02-25T15:57:14.436Z&quot;,
                &quot;status&quot;: &quot;DELIVERED&quot;
            },
            {
                &quot;time&quot;: &quot;2022-02-25T15:59:40.014Z&quot;,
                &quot;status&quot;: &quot;PENDING&quot;
            },
            {
                &quot;time&quot;: &quot;2022-02-25T15:59:40.037Z&quot;,
                &quot;status&quot;: &quot;SEND&quot;
            },
            {
                &quot;time&quot;: &quot;2022-02-25T15:59:40.082Z&quot;,
                &quot;status&quot;: &quot;DELIVERED&quot;
            },
            {
                &quot;time&quot;: &quot;2022-02-25T16:00:03.129Z&quot;,
                &quot;status&quot;: &quot;PENDING&quot;
            },
            {
                &quot;time&quot;: &quot;2022-02-25T16:00:03.162Z&quot;,
                &quot;status&quot;: &quot;SEND&quot;
            },
            {
                &quot;time&quot;: &quot;2022-02-25T16:00:03.193Z&quot;,
                &quot;status&quot;: &quot;DELIVERED&quot;
            },
            {
                &quot;time&quot;: &quot;2022-02-25T16:00:26.743Z&quot;,
                &quot;status&quot;: &quot;PENDING&quot;
            },
            {
                &quot;time&quot;: &quot;2022-02-25T16:00:26.765Z&quot;,
                &quot;status&quot;: &quot;SEND&quot;
            },
            {
                &quot;time&quot;: &quot;2022-02-25T16:00:26.800Z&quot;,
                &quot;status&quot;: &quot;DELIVERED&quot;
            },
            {
                &quot;time&quot;: &quot;2022-02-25T16:00:51.687Z&quot;,
                &quot;status&quot;: &quot;PENDING&quot;
            },
            {
                &quot;time&quot;: &quot;2022-02-25T16:00:51.712Z&quot;,
                &quot;status&quot;: &quot;SEND&quot;
            },
            {
                &quot;time&quot;: &quot;2022-02-25T16:00:51.746Z&quot;,
                &quot;status&quot;: &quot;DELIVERED&quot;
            },
            {
                &quot;time&quot;: &quot;2022-02-25T16:01:29.375Z&quot;,
                &quot;status&quot;: &quot;PENDING&quot;
            },
            {
                &quot;time&quot;: &quot;2022-02-25T16:01:29.398Z&quot;,
                &quot;status&quot;: &quot;SEND&quot;
            },
            {
                &quot;time&quot;: &quot;2022-02-25T16:01:29.435Z&quot;,
                &quot;status&quot;: &quot;DELIVERED&quot;
            },
            {
                &quot;time&quot;: &quot;2022-02-25T16:01:52.649Z&quot;,
                &quot;status&quot;: &quot;PENDING&quot;
            },
            {
                &quot;time&quot;: &quot;2022-02-25T16:01:52.672Z&quot;,
                &quot;status&quot;: &quot;SEND&quot;
            },
            {
                &quot;time&quot;: &quot;2022-02-25T16:01:52.707Z&quot;,
                &quot;status&quot;: &quot;DELIVERED&quot;
            },
            {
                &quot;time&quot;: &quot;2022-02-25T16:02:18.471Z&quot;,
                &quot;status&quot;: &quot;PENDING&quot;
            },
            {
                &quot;time&quot;: &quot;2022-02-25T16:02:18.497Z&quot;,
                &quot;status&quot;: &quot;SEND&quot;
            },
            {
                &quot;time&quot;: &quot;2022-02-25T16:02:18.531Z&quot;,
                &quot;status&quot;: &quot;DELIVERED&quot;
            },
            {
                &quot;time&quot;: &quot;2022-02-25T16:18:08.774Z&quot;,
                &quot;status&quot;: &quot;PENDING&quot;
            },
            {
                &quot;time&quot;: &quot;2022-02-25T16:18:08.809Z&quot;,
                &quot;status&quot;: &quot;SEND&quot;
            },
            {
                &quot;time&quot;: &quot;2022-02-25T16:18:08.844Z&quot;,
                &quot;status&quot;: &quot;DELIVERED&quot;
            },
            {
                &quot;time&quot;: &quot;2022-02-25T16:20:48.789Z&quot;,
                &quot;status&quot;: &quot;PENDING&quot;
            },
            {
                &quot;time&quot;: &quot;2022-02-25T16:20:48.814Z&quot;,
                &quot;status&quot;: &quot;SEND&quot;
            },
            {
                &quot;time&quot;: &quot;2022-02-25T16:20:48.848Z&quot;,
                &quot;status&quot;: &quot;DELIVERED&quot;
            },
            {
                &quot;time&quot;: &quot;2022-02-25T16:21:12.421Z&quot;,
                &quot;status&quot;: &quot;PENDING&quot;
            },
            {
                &quot;time&quot;: &quot;2022-02-25T16:21:12.447Z&quot;,
                &quot;status&quot;: &quot;SEND&quot;
            },
            {
                &quot;time&quot;: &quot;2022-02-25T16:21:12.483Z&quot;,
                &quot;status&quot;: &quot;DELIVERED&quot;
            },
            {
                &quot;time&quot;: &quot;2022-02-25T16:23:50.786Z&quot;,
                &quot;status&quot;: &quot;PENDING&quot;
            },
            {
                &quot;time&quot;: &quot;2022-02-25T16:23:50.811Z&quot;,
                &quot;status&quot;: &quot;SEND&quot;
            }
        ],
        &quot;status&quot;: &quot;DELIVERED&quot;
    },
    &quot;creationTime&quot;: &quot;2022-02-25T15:47:06.397Z&quot;,
    &quot;deviceId&quot;: &quot;14656331&quot;,
    &quot;deviceName&quot;: &quot;mythic_beasts_pi_all_jobs_sag&quot;,
    &quot;self&quot;: &quot;https://t493319102.eu-latest.cumulocity.com/devicecontrol/operations/14656720&quot;,
    &quot;id&quot;: &quot;14656720&quot;,
    &quot;status&quot;: &quot;PENDING&quot;,
    &quot;c8y_LogfileRequest&quot;: {
        &quot;searchText&quot;: &quot;&quot;,
        &quot;logFile&quot;: &quot;software-management&quot;,
        &quot;dateTo&quot;: &quot;2021-11-21T18:55:49+0530&quot;,
        &quot;dateFrom&quot;: &quot;2021-11-15T18:55:49+0530&quot;,
        &quot;maximumLines&quot;: 300
    },
    &quot;description&quot;: &quot;Log file request&quot;
}
16:24:29 DEBUG Final URL of the request: https://thin-edge-io.eu-latest.cumulocity.com/devicecontrol/operations?deviceId=14656331&amp;pageSize=1&amp;revert=true&amp;dateFrom=1970-01-01T00%3A00%3A00.000Z
16:24:29 INFO  State of current operation: PENDING
16:24:29 DEBUG Final URL of the request: https://thin-edge-io.eu-latest.cumulocity.com/devicecontrol/operations?deviceId=14656331&amp;pageSize=1&amp;revert=true&amp;dateFrom=1970-01-01T00%3A00%3A00.000Z
16:24:29 DEBUG State of current operation: {
    &quot;delivery&quot;: {
        &quot;time&quot;: &quot;2022-02-25T16:23:50.846Z&quot;,
        &quot;log&quot;: [
            {
                &quot;time&quot;: &quot;2022-02-25T15:47:06.415Z&quot;,
                &quot;status&quot;: &quot;PENDING&quot;
            },
            {
                &quot;time&quot;: &quot;2022-02-25T15:47:06.422Z&quot;,
                &quot;status&quot;: &quot;SEND&quot;
            },
            {
                &quot;time&quot;: &quot;2022-02-25T15:47:06.459Z&quot;,
                &quot;status&quot;: &quot;DELIVERED&quot;
            },
            {
                &quot;time&quot;: &quot;2022-02-25T15:48:13.784Z&quot;,
                &quot;status&quot;: &quot;PENDING&quot;
            },
            {
                &quot;time&quot;: &quot;2022-02-25T15:48:13.807Z&quot;,
                &quot;status&quot;: &quot;SEND&quot;
            },
            {
                &quot;time&quot;: &quot;2022-02-25T15:48:13.843Z&quot;,
                &quot;status&quot;: &quot;DELIVERED&quot;
            },
            {
                &quot;time&quot;: &quot;2022-02-25T15:49:26.171Z&quot;,
                &quot;status&quot;: &quot;PENDING&quot;
            },
            {
                &quot;time&quot;: &quot;2022-02-25T15:49:26.195Z&quot;,
                &quot;status&quot;: &quot;SEND&quot;
            },
            {
                &quot;time&quot;: &quot;2022-02-25T15:49:26.231Z&quot;,
                &quot;status&quot;: &quot;DELIVERED&quot;
            },
            {
                &quot;time&quot;: &quot;2022-02-25T15:50:40.517Z&quot;,
                &quot;status&quot;: &quot;PENDING&quot;
            },
            {
                &quot;time&quot;: &quot;2022-02-25T15:50:40.541Z&quot;,
                &quot;status&quot;: &quot;SEND&quot;
            },
            {
                &quot;time&quot;: &quot;2022-02-25T15:50:40.580Z&quot;,
                &quot;status&quot;: &quot;DELIVERED&quot;
            },
            {
                &quot;time&quot;: &quot;2022-02-25T15:51:54.139Z&quot;,
                &quot;status&quot;: &quot;PENDING&quot;
            },
            {
                &quot;time&quot;: &quot;2022-02-25T15:51:54.159Z&quot;,
                &quot;status&quot;: &quot;SEND&quot;
            },
            {
                &quot;time&quot;: &quot;2022-02-25T15:51:54.191Z&quot;,
                &quot;status&quot;: &quot;DELIVERED&quot;
            },
            {
                &quot;time&quot;: &quot;2022-02-25T15:52:34.081Z&quot;,
                &quot;status&quot;: &quot;PENDING&quot;
            },
            {
                &quot;time&quot;: &quot;2022-02-25T15:52:34.101Z&quot;,
                &quot;status&quot;: &quot;SEND&quot;
            },
            {
                &quot;time&quot;: &quot;2022-02-25T15:52:34.134Z&quot;,
                &quot;status&quot;: &quot;DELIVERED&quot;
            },
            {
                &quot;time&quot;: &quot;2022-02-25T15:53:26.503Z&quot;,
                &quot;status&quot;: &quot;PENDING&quot;
            },
            {
                &quot;time&quot;: &quot;2022-02-25T15:53:26.525Z&quot;,
                &quot;status&quot;: &quot;SEND&quot;
            },
            {
                &quot;time&quot;: &quot;2022-02-25T15:53:26.557Z&quot;,
                &quot;status&quot;: &quot;DELIVERED&quot;
            },
            {
                &quot;time&quot;: &quot;2022-02-25T15:54:17.893Z&quot;,
                &quot;status&quot;: &quot;PENDING&quot;
            },
            {
                &quot;time&quot;: &quot;2022-02-25T15:54:17.914Z&quot;,
                &quot;status&quot;: &quot;SEND&quot;
            },
            {
                &quot;time&quot;: &quot;2022-02-25T15:54:17.948Z&quot;,
                &quot;status&quot;: &quot;DELIVERED&quot;
            },
            {
                &quot;time&quot;: &quot;2022-02-25T15:54:59.004Z&quot;,
                &quot;status&quot;: &quot;PENDING&quot;
            },
            {
                &quot;time&quot;: &quot;2022-02-25T15:54:59.029Z&quot;,
                &quot;status&quot;: &quot;SEND&quot;
            },
            {
                &quot;time&quot;: &quot;2022-02-25T15:54:59.061Z&quot;,
                &quot;status&quot;: &quot;DELIVERED&quot;
            },
            {
                &quot;time&quot;: &quot;2022-02-25T15:57:14.375Z&quot;,
                &quot;status&quot;: &quot;PENDING&quot;
            },
            {
                &quot;time&quot;: &quot;2022-02-25T15:57:14.398Z&quot;,
                &quot;status&quot;: &quot;SEND&quot;
            },
            {
                &quot;time&quot;: &quot;2022-02-25T15:57:14.436Z&quot;,
                &quot;status&quot;: &quot;DELIVERED&quot;
            },
            {
                &quot;time&quot;: &quot;2022-02-25T15:59:40.014Z&quot;,
                &quot;status&quot;: &quot;PENDING&quot;
            },
            {
                &quot;time&quot;: &quot;2022-02-25T15:59:40.037Z&quot;,
                &quot;status&quot;: &quot;SEND&quot;
            },
            {
                &quot;time&quot;: &quot;2022-02-25T15:59:40.082Z&quot;,
                &quot;status&quot;: &quot;DELIVERED&quot;
            },
            {
                &quot;time&quot;: &quot;2022-02-25T16:00:03.129Z&quot;,
                &quot;status&quot;: &quot;PENDING&quot;
            },
            {
                &quot;time&quot;: &quot;2022-02-25T16:00:03.162Z&quot;,
                &quot;status&quot;: &quot;SEND&quot;
            },
            {
                &quot;time&quot;: &quot;2022-02-25T16:00:03.193Z&quot;,
                &quot;status&quot;: &quot;DELIVERED&quot;
            },
            {
                &quot;time&quot;: &quot;2022-02-25T16:00:26.743Z&quot;,
                &quot;status&quot;: &quot;PENDING&quot;
            },
            {
                &quot;time&quot;: &quot;2022-02-25T16:00:26.765Z&quot;,
                &quot;status&quot;: &quot;SEND&quot;
            },
            {
                &quot;time&quot;: &quot;2022-02-25T16:00:26.800Z&quot;,
                &quot;status&quot;: &quot;DELIVERED&quot;
            },
            {
                &quot;time&quot;: &quot;2022-02-25T16:00:51.687Z&quot;,
                &quot;status&quot;: &quot;PENDING&quot;
            },
            {
                &quot;time&quot;: &quot;2022-02-25T16:00:51.712Z&quot;,
                &quot;status&quot;: &quot;SEND&quot;
            },
            {
                &quot;time&quot;: &quot;2022-02-25T16:00:51.746Z&quot;,
                &quot;status&quot;: &quot;DELIVERED&quot;
            },
            {
                &quot;time&quot;: &quot;2022-02-25T16:01:29.375Z&quot;,
                &quot;status&quot;: &quot;PENDING&quot;
            },
            {
                &quot;time&quot;: &quot;2022-02-25T16:01:29.398Z&quot;,
                &quot;status&quot;: &quot;SEND&quot;
            },
            {
                &quot;time&quot;: &quot;2022-02-25T16:01:29.435Z&quot;,
                &quot;status&quot;: &quot;DELIVERED&quot;
            },
            {
                &quot;time&quot;: &quot;2022-02-25T16:01:52.649Z&quot;,
                &quot;status&quot;: &quot;PENDING&quot;
            },
            {
                &quot;time&quot;: &quot;2022-02-25T16:01:52.672Z&quot;,
                &quot;status&quot;: &quot;SEND&quot;
            },
            {
                &quot;time&quot;: &quot;2022-02-25T16:01:52.707Z&quot;,
                &quot;status&quot;: &quot;DELIVERED&quot;
            },
            {
                &quot;time&quot;: &quot;2022-02-25T16:02:18.471Z&quot;,
                &quot;status&quot;: &quot;PENDING&quot;
            },
            {
                &quot;time&quot;: &quot;2022-02-25T16:02:18.497Z&quot;,
                &quot;status&quot;: &quot;SEND&quot;
            },
            {
                &quot;time&quot;: &quot;2022-02-25T16:02:18.531Z&quot;,
                &quot;status&quot;: &quot;DELIVERED&quot;
            },
            {
                &quot;time&quot;: &quot;2022-02-25T16:18:08.774Z&quot;,
                &quot;status&quot;: &quot;PENDING&quot;
            },
            {
                &quot;time&quot;: &quot;2022-02-25T16:18:08.809Z&quot;,
                &quot;status&quot;: &quot;SEND&quot;
            },
            {
                &quot;time&quot;: &quot;2022-02-25T16:18:08.844Z&quot;,
                &quot;status&quot;: &quot;DELIVERED&quot;
            },
            {
                &quot;time&quot;: &quot;2022-02-25T16:20:48.789Z&quot;,
                &quot;status&quot;: &quot;PENDING&quot;
            },
            {
                &quot;time&quot;: &quot;2022-02-25T16:20:48.814Z&quot;,
                &quot;status&quot;: &quot;SEND&quot;
            },
            {
                &quot;time&quot;: &quot;2022-02-25T16:20:48.848Z&quot;,
                &quot;status&quot;: &quot;DELIVERED&quot;
            },
            {
                &quot;time&quot;: &quot;2022-02-25T16:21:12.421Z&quot;,
                &quot;status&quot;: &quot;PENDING&quot;
            },
            {
                &quot;time&quot;: &quot;2022-02-25T16:21:12.447Z&quot;,
                &quot;status&quot;: &quot;SEND&quot;
            },
            {
                &quot;time&quot;: &quot;2022-02-25T16:21:12.483Z&quot;,
                &quot;status&quot;: &quot;DELIVERED&quot;
            },
            {
                &quot;time&quot;: &quot;2022-02-25T16:23:50.786Z&quot;,
                &quot;status&quot;: &quot;PENDING&quot;
            },
            {
                &quot;time&quot;: &quot;2022-02-25T16:23:50.811Z&quot;,
                &quot;status&quot;: &quot;SEND&quot;
            }
        ],
        &quot;status&quot;: &quot;DELIVERED&quot;
    },
    &quot;creationTime&quot;: &quot;2022-02-25T15:47:06.397Z&quot;,
    &quot;deviceId&quot;: &quot;14656331&quot;,
    &quot;deviceName&quot;: &quot;mythic_beasts_pi_all_jobs_sag&quot;,
    &quot;self&quot;: &quot;https://t493319102.eu-latest.cumulocity.com/devicecontrol/operations/14656720&quot;,
    &quot;id&quot;: &quot;14656720&quot;,
    &quot;status&quot;: &quot;PENDING&quot;,
    &quot;c8y_LogfileRequest&quot;: {
        &quot;searchText&quot;: &quot;&quot;,
        &quot;logFile&quot;: &quot;software-management&quot;,
        &quot;dateTo&quot;: &quot;2021-11-21T18:55:49+0530&quot;,
        &quot;dateFrom&quot;: &quot;2021-11-15T18:55:49+0530&quot;,
        &quot;maximumLines&quot;: 300
    },
    &quot;description&quot;: &quot;Log file request&quot;
}
16:24:32 DEBUG Final URL of the request: https://thin-edge-io.eu-latest.cumulocity.com/devicecontrol/operations?deviceId=14656331&amp;pageSize=1&amp;revert=true&amp;dateFrom=1970-01-01T00%3A00%3A00.000Z
16:24:32 INFO  State of current operation: PENDING
16:24:32 DEBUG Final URL of the request: https://thin-edge-io.eu-latest.cumulocity.com/devicecontrol/operations?deviceId=14656331&amp;pageSize=1&amp;revert=true&amp;dateFrom=1970-01-01T00%3A00%3A00.000Z
16:24:32 DEBUG State of current operation: {
    &quot;delivery&quot;: {
        &quot;time&quot;: &quot;2022-02-25T16:23:50.846Z&quot;,
        &quot;log&quot;: [
            {
                &quot;time&quot;: &quot;2022-02-25T15:47:06.415Z&quot;,
                &quot;status&quot;: &quot;PENDING&quot;
            },
            {
                &quot;time&quot;: &quot;2022-02-25T15:47:06.422Z&quot;,
                &quot;status&quot;: &quot;SEND&quot;
            },
            {
                &quot;time&quot;: &quot;2022-02-25T15:47:06.459Z&quot;,
                &quot;status&quot;: &quot;DELIVERED&quot;
            },
            {
                &quot;time&quot;: &quot;2022-02-25T15:48:13.784Z&quot;,
                &quot;status&quot;: &quot;PENDING&quot;
            },
            {
                &quot;time&quot;: &quot;2022-02-25T15:48:13.807Z&quot;,
                &quot;status&quot;: &quot;SEND&quot;
            },
            {
                &quot;time&quot;: &quot;2022-02-25T15:48:13.843Z&quot;,
                &quot;status&quot;: &quot;DELIVERED&quot;
            },
            {
                &quot;time&quot;: &quot;2022-02-25T15:49:26.171Z&quot;,
                &quot;status&quot;: &quot;PENDING&quot;
            },
            {
                &quot;time&quot;: &quot;2022-02-25T15:49:26.195Z&quot;,
                &quot;status&quot;: &quot;SEND&quot;
            },
            {
                &quot;time&quot;: &quot;2022-02-25T15:49:26.231Z&quot;,
                &quot;status&quot;: &quot;DELIVERED&quot;
            },
            {
                &quot;time&quot;: &quot;2022-02-25T15:50:40.517Z&quot;,
                &quot;status&quot;: &quot;PENDING&quot;
            },
            {
                &quot;time&quot;: &quot;2022-02-25T15:50:40.541Z&quot;,
                &quot;status&quot;: &quot;SEND&quot;
            },
            {
                &quot;time&quot;: &quot;2022-02-25T15:50:40.580Z&quot;,
                &quot;status&quot;: &quot;DELIVERED&quot;
            },
            {
                &quot;time&quot;: &quot;2022-02-25T15:51:54.139Z&quot;,
                &quot;status&quot;: &quot;PENDING&quot;
            },
            {
                &quot;time&quot;: &quot;2022-02-25T15:51:54.159Z&quot;,
                &quot;status&quot;: &quot;SEND&quot;
            },
            {
                &quot;time&quot;: &quot;2022-02-25T15:51:54.191Z&quot;,
                &quot;status&quot;: &quot;DELIVERED&quot;
            },
            {
                &quot;time&quot;: &quot;2022-02-25T15:52:34.081Z&quot;,
                &quot;status&quot;: &quot;PENDING&quot;
            },
            {
                &quot;time&quot;: &quot;2022-02-25T15:52:34.101Z&quot;,
                &quot;status&quot;: &quot;SEND&quot;
            },
            {
                &quot;time&quot;: &quot;2022-02-25T15:52:34.134Z&quot;,
                &quot;status&quot;: &quot;DELIVERED&quot;
            },
            {
                &quot;time&quot;: &quot;2022-02-25T15:53:26.503Z&quot;,
                &quot;status&quot;: &quot;PENDING&quot;
            },
            {
                &quot;time&quot;: &quot;2022-02-25T15:53:26.525Z&quot;,
                &quot;status&quot;: &quot;SEND&quot;
            },
            {
                &quot;time&quot;: &quot;2022-02-25T15:53:26.557Z&quot;,
                &quot;status&quot;: &quot;DELIVERED&quot;
            },
            {
                &quot;time&quot;: &quot;2022-02-25T15:54:17.893Z&quot;,
                &quot;status&quot;: &quot;PENDING&quot;
            },
            {
                &quot;time&quot;: &quot;2022-02-25T15:54:17.914Z&quot;,
                &quot;status&quot;: &quot;SEND&quot;
            },
            {
                &quot;time&quot;: &quot;2022-02-25T15:54:17.948Z&quot;,
                &quot;status&quot;: &quot;DELIVERED&quot;
            },
            {
                &quot;time&quot;: &quot;2022-02-25T15:54:59.004Z&quot;,
                &quot;status&quot;: &quot;PENDING&quot;
            },
            {
                &quot;time&quot;: &quot;2022-02-25T15:54:59.029Z&quot;,
                &quot;status&quot;: &quot;SEND&quot;
            },
            {
                &quot;time&quot;: &quot;2022-02-25T15:54:59.061Z&quot;,
                &quot;status&quot;: &quot;DELIVERED&quot;
            },
            {
                &quot;time&quot;: &quot;2022-02-25T15:57:14.375Z&quot;,
                &quot;status&quot;: &quot;PENDING&quot;
            },
            {
                &quot;time&quot;: &quot;2022-02-25T15:57:14.398Z&quot;,
                &quot;status&quot;: &quot;SEND&quot;
            },
            {
                &quot;time&quot;: &quot;2022-02-25T15:57:14.436Z&quot;,
                &quot;status&quot;: &quot;DELIVERED&quot;
            },
            {
                &quot;time&quot;: &quot;2022-02-25T15:59:40.014Z&quot;,
                &quot;status&quot;: &quot;PENDING&quot;
            },
            {
                &quot;time&quot;: &quot;2022-02-25T15:59:40.037Z&quot;,
                &quot;status&quot;: &quot;SEND&quot;
            },
            {
                &quot;time&quot;: &quot;2022-02-25T15:59:40.082Z&quot;,
                &quot;status&quot;: &quot;DELIVERED&quot;
            },
            {
                &quot;time&quot;: &quot;2022-02-25T16:00:03.129Z&quot;,
                &quot;status&quot;: &quot;PENDING&quot;
            },
            {
                &quot;time&quot;: &quot;2022-02-25T16:00:03.162Z&quot;,
                &quot;status&quot;: &quot;SEND&quot;
            },
            {
                &quot;time&quot;: &quot;2022-02-25T16:00:03.193Z&quot;,
                &quot;status&quot;: &quot;DELIVERED&quot;
            },
            {
                &quot;time&quot;: &quot;2022-02-25T16:00:26.743Z&quot;,
                &quot;status&quot;: &quot;PENDING&quot;
            },
            {
                &quot;time&quot;: &quot;2022-02-25T16:00:26.765Z&quot;,
                &quot;status&quot;: &quot;SEND&quot;
            },
            {
                &quot;time&quot;: &quot;2022-02-25T16:00:26.800Z&quot;,
                &quot;status&quot;: &quot;DELIVERED&quot;
            },
            {
                &quot;time&quot;: &quot;2022-02-25T16:00:51.687Z&quot;,
                &quot;status&quot;: &quot;PENDING&quot;
            },
            {
                &quot;time&quot;: &quot;2022-02-25T16:00:51.712Z&quot;,
                &quot;status&quot;: &quot;SEND&quot;
            },
            {
                &quot;time&quot;: &quot;2022-02-25T16:00:51.746Z&quot;,
                &quot;status&quot;: &quot;DELIVERED&quot;
            },
            {
                &quot;time&quot;: &quot;2022-02-25T16:01:29.375Z&quot;,
                &quot;status&quot;: &quot;PENDING&quot;
            },
            {
                &quot;time&quot;: &quot;2022-02-25T16:01:29.398Z&quot;,
                &quot;status&quot;: &quot;SEND&quot;
            },
            {
                &quot;time&quot;: &quot;2022-02-25T16:01:29.435Z&quot;,
                &quot;status&quot;: &quot;DELIVERED&quot;
            },
            {
                &quot;time&quot;: &quot;2022-02-25T16:01:52.649Z&quot;,
                &quot;status&quot;: &quot;PENDING&quot;
            },
            {
                &quot;time&quot;: &quot;2022-02-25T16:01:52.672Z&quot;,
                &quot;status&quot;: &quot;SEND&quot;
            },
            {
                &quot;time&quot;: &quot;2022-02-25T16:01:52.707Z&quot;,
                &quot;status&quot;: &quot;DELIVERED&quot;
            },
            {
                &quot;time&quot;: &quot;2022-02-25T16:02:18.471Z&quot;,
                &quot;status&quot;: &quot;PENDING&quot;
            },
            {
                &quot;time&quot;: &quot;2022-02-25T16:02:18.497Z&quot;,
                &quot;status&quot;: &quot;SEND&quot;
            },
            {
                &quot;time&quot;: &quot;2022-02-25T16:02:18.531Z&quot;,
                &quot;status&quot;: &quot;DELIVERED&quot;
            },
            {
                &quot;time&quot;: &quot;2022-02-25T16:18:08.774Z&quot;,
                &quot;status&quot;: &quot;PENDING&quot;
            },
            {
                &quot;time&quot;: &quot;2022-02-25T16:18:08.809Z&quot;,
                &quot;status&quot;: &quot;SEND&quot;
            },
            {
                &quot;time&quot;: &quot;2022-02-25T16:18:08.844Z&quot;,
                &quot;status&quot;: &quot;DELIVERED&quot;
            },
            {
                &quot;time&quot;: &quot;2022-02-25T16:20:48.789Z&quot;,
                &quot;status&quot;: &quot;PENDING&quot;
            },
            {
                &quot;time&quot;: &quot;2022-02-25T16:20:48.814Z&quot;,
                &quot;status&quot;: &quot;SEND&quot;
            },
            {
                &quot;time&quot;: &quot;2022-02-25T16:20:48.848Z&quot;,
                &quot;status&quot;: &quot;DELIVERED&quot;
            },
            {
                &quot;time&quot;: &quot;2022-02-25T16:21:12.421Z&quot;,
                &quot;status&quot;: &quot;PENDING&quot;
            },
            {
                &quot;time&quot;: &quot;2022-02-25T16:21:12.447Z&quot;,
                &quot;status&quot;: &quot;SEND&quot;
            },
            {
                &quot;time&quot;: &quot;2022-02-25T16:21:12.483Z&quot;,
                &quot;status&quot;: &quot;DELIVERED&quot;
            },
            {
                &quot;time&quot;: &quot;2022-02-25T16:23:50.786Z&quot;,
                &quot;status&quot;: &quot;PENDING&quot;
            },
            {
                &quot;time&quot;: &quot;2022-02-25T16:23:50.811Z&quot;,
                &quot;status&quot;: &quot;SEND&quot;
            }
        ],
        &quot;status&quot;: &quot;DELIVERED&quot;
    },
    &quot;creationTime&quot;: &quot;2022-02-25T15:47:06.397Z&quot;,
    &quot;deviceId&quot;: &quot;14656331&quot;,
    &quot;deviceName&quot;: &quot;mythic_beasts_pi_all_jobs_sag&quot;,
    &quot;self&quot;: &quot;https://t493319102.eu-latest.cumulocity.com/devicecontrol/operations/14656720&quot;,
    &quot;id&quot;: &quot;14656720&quot;,
    &quot;status&quot;: &quot;PENDING&quot;,
    &quot;c8y_LogfileRequest&quot;: {
        &quot;searchText&quot;: &quot;&quot;,
        &quot;logFile&quot;: &quot;software-management&quot;,
        &quot;dateTo&quot;: &quot;2021-11-21T18:55:49+0530&quot;,
        &quot;dateFrom&quot;: &quot;2021-11-15T18:55:49+0530&quot;,
        &quot;maximumLines&quot;: 300
    },
    &quot;description&quot;: &quot;Log file request&quot;
}
16:24:34 DEBUG Final URL of the request: https://thin-edge-io.eu-latest.cumulocity.com/devicecontrol/operations?deviceId=14656331&amp;pageSize=1&amp;revert=true&amp;dateFrom=1970-01-01T00%3A00%3A00.000Z
16:24:34 INFO  State of current operation: PENDING
16:24:34 DEBUG Final URL of the request: https://thin-edge-io.eu-latest.cumulocity.com/devicecontrol/operations?deviceId=14656331&amp;pageSize=1&amp;revert=true&amp;dateFrom=1970-01-01T00%3A00%3A00.000Z
16:24:34 DEBUG State of current operation: {
    &quot;delivery&quot;: {
        &quot;time&quot;: &quot;2022-02-25T16:23:50.846Z&quot;,
        &quot;log&quot;: [
            {
                &quot;time&quot;: &quot;2022-02-25T15:47:06.415Z&quot;,
                &quot;status&quot;: &quot;PENDING&quot;
            },
            {
                &quot;time&quot;: &quot;2022-02-25T15:47:06.422Z&quot;,
                &quot;status&quot;: &quot;SEND&quot;
            },
            {
                &quot;time&quot;: &quot;2022-02-25T15:47:06.459Z&quot;,
                &quot;status&quot;: &quot;DELIVERED&quot;
            },
            {
                &quot;time&quot;: &quot;2022-02-25T15:48:13.784Z&quot;,
                &quot;status&quot;: &quot;PENDING&quot;
            },
            {
                &quot;time&quot;: &quot;2022-02-25T15:48:13.807Z&quot;,
                &quot;status&quot;: &quot;SEND&quot;
            },
            {
                &quot;time&quot;: &quot;2022-02-25T15:48:13.843Z&quot;,
                &quot;status&quot;: &quot;DELIVERED&quot;
            },
            {
                &quot;time&quot;: &quot;2022-02-25T15:49:26.171Z&quot;,
                &quot;status&quot;: &quot;PENDING&quot;
            },
            {
                &quot;time&quot;: &quot;2022-02-25T15:49:26.195Z&quot;,
                &quot;status&quot;: &quot;SEND&quot;
            },
            {
                &quot;time&quot;: &quot;2022-02-25T15:49:26.231Z&quot;,
                &quot;status&quot;: &quot;DELIVERED&quot;
            },
            {
                &quot;time&quot;: &quot;2022-02-25T15:50:40.517Z&quot;,
                &quot;status&quot;: &quot;PENDING&quot;
            },
            {
                &quot;time&quot;: &quot;2022-02-25T15:50:40.541Z&quot;,
                &quot;status&quot;: &quot;SEND&quot;
            },
            {
                &quot;time&quot;: &quot;2022-02-25T15:50:40.580Z&quot;,
                &quot;status&quot;: &quot;DELIVERED&quot;
            },
            {
                &quot;time&quot;: &quot;2022-02-25T15:51:54.139Z&quot;,
                &quot;status&quot;: &quot;PENDING&quot;
            },
            {
                &quot;time&quot;: &quot;2022-02-25T15:51:54.159Z&quot;,
                &quot;status&quot;: &quot;SEND&quot;
            },
            {
                &quot;time&quot;: &quot;2022-02-25T15:51:54.191Z&quot;,
                &quot;status&quot;: &quot;DELIVERED&quot;
            },
            {
                &quot;time&quot;: &quot;2022-02-25T15:52:34.081Z&quot;,
                &quot;status&quot;: &quot;PENDING&quot;
            },
            {
                &quot;time&quot;: &quot;2022-02-25T15:52:34.101Z&quot;,
                &quot;status&quot;: &quot;SEND&quot;
            },
            {
                &quot;time&quot;: &quot;2022-02-25T15:52:34.134Z&quot;,
                &quot;status&quot;: &quot;DELIVERED&quot;
            },
            {
                &quot;time&quot;: &quot;2022-02-25T15:53:26.503Z&quot;,
                &quot;status&quot;: &quot;PENDING&quot;
            },
            {
                &quot;time&quot;: &quot;2022-02-25T15:53:26.525Z&quot;,
                &quot;status&quot;: &quot;SEND&quot;
            },
            {
                &quot;time&quot;: &quot;2022-02-25T15:53:26.557Z&quot;,
                &quot;status&quot;: &quot;DELIVERED&quot;
            },
            {
                &quot;time&quot;: &quot;2022-02-25T15:54:17.893Z&quot;,
                &quot;status&quot;: &quot;PENDING&quot;
            },
            {
                &quot;time&quot;: &quot;2022-02-25T15:54:17.914Z&quot;,
                &quot;status&quot;: &quot;SEND&quot;
            },
            {
                &quot;time&quot;: &quot;2022-02-25T15:54:17.948Z&quot;,
                &quot;status&quot;: &quot;DELIVERED&quot;
            },
            {
                &quot;time&quot;: &quot;2022-02-25T15:54:59.004Z&quot;,
                &quot;status&quot;: &quot;PENDING&quot;
            },
            {
                &quot;time&quot;: &quot;2022-02-25T15:54:59.029Z&quot;,
                &quot;status&quot;: &quot;SEND&quot;
            },
            {
                &quot;time&quot;: &quot;2022-02-25T15:54:59.061Z&quot;,
                &quot;status&quot;: &quot;DELIVERED&quot;
            },
            {
                &quot;time&quot;: &quot;2022-02-25T15:57:14.375Z&quot;,
                &quot;status&quot;: &quot;PENDING&quot;
            },
            {
                &quot;time&quot;: &quot;2022-02-25T15:57:14.398Z&quot;,
                &quot;status&quot;: &quot;SEND&quot;
            },
            {
                &quot;time&quot;: &quot;2022-02-25T15:57:14.436Z&quot;,
                &quot;status&quot;: &quot;DELIVERED&quot;
            },
            {
                &quot;time&quot;: &quot;2022-02-25T15:59:40.014Z&quot;,
                &quot;status&quot;: &quot;PENDING&quot;
            },
            {
                &quot;time&quot;: &quot;2022-02-25T15:59:40.037Z&quot;,
                &quot;status&quot;: &quot;SEND&quot;
            },
            {
                &quot;time&quot;: &quot;2022-02-25T15:59:40.082Z&quot;,
                &quot;status&quot;: &quot;DELIVERED&quot;
            },
            {
                &quot;time&quot;: &quot;2022-02-25T16:00:03.129Z&quot;,
                &quot;status&quot;: &quot;PENDING&quot;
            },
            {
                &quot;time&quot;: &quot;2022-02-25T16:00:03.162Z&quot;,
                &quot;status&quot;: &quot;SEND&quot;
            },
            {
                &quot;time&quot;: &quot;2022-02-25T16:00:03.193Z&quot;,
                &quot;status&quot;: &quot;DELIVERED&quot;
            },
            {
                &quot;time&quot;: &quot;2022-02-25T16:00:26.743Z&quot;,
                &quot;status&quot;: &quot;PENDING&quot;
            },
            {
                &quot;time&quot;: &quot;2022-02-25T16:00:26.765Z&quot;,
                &quot;status&quot;: &quot;SEND&quot;
            },
            {
                &quot;time&quot;: &quot;2022-02-25T16:00:26.800Z&quot;,
                &quot;status&quot;: &quot;DELIVERED&quot;
            },
            {
                &quot;time&quot;: &quot;2022-02-25T16:00:51.687Z&quot;,
                &quot;status&quot;: &quot;PENDING&quot;
            },
            {
                &quot;time&quot;: &quot;2022-02-25T16:00:51.712Z&quot;,
                &quot;status&quot;: &quot;SEND&quot;
            },
            {
                &quot;time&quot;: &quot;2022-02-25T16:00:51.746Z&quot;,
                &quot;status&quot;: &quot;DELIVERED&quot;
            },
            {
                &quot;time&quot;: &quot;2022-02-25T16:01:29.375Z&quot;,
                &quot;status&quot;: &quot;PENDING&quot;
            },
            {
                &quot;time&quot;: &quot;2022-02-25T16:01:29.398Z&quot;,
                &quot;status&quot;: &quot;SEND&quot;
            },
            {
                &quot;time&quot;: &quot;2022-02-25T16:01:29.435Z&quot;,
                &quot;status&quot;: &quot;DELIVERED&quot;
            },
            {
                &quot;time&quot;: &quot;2022-02-25T16:01:52.649Z&quot;,
                &quot;status&quot;: &quot;PENDING&quot;
            },
            {
                &quot;time&quot;: &quot;2022-02-25T16:01:52.672Z&quot;,
                &quot;status&quot;: &quot;SEND&quot;
            },
            {
                &quot;time&quot;: &quot;2022-02-25T16:01:52.707Z&quot;,
                &quot;status&quot;: &quot;DELIVERED&quot;
            },
            {
                &quot;time&quot;: &quot;2022-02-25T16:02:18.471Z&quot;,
                &quot;status&quot;: &quot;PENDING&quot;
            },
            {
                &quot;time&quot;: &quot;2022-02-25T16:02:18.497Z&quot;,
                &quot;status&quot;: &quot;SEND&quot;
            },
            {
                &quot;time&quot;: &quot;2022-02-25T16:02:18.531Z&quot;,
                &quot;status&quot;: &quot;DELIVERED&quot;
            },
            {
                &quot;time&quot;: &quot;2022-02-25T16:18:08.774Z&quot;,
                &quot;status&quot;: &quot;PENDING&quot;
            },
            {
                &quot;time&quot;: &quot;2022-02-25T16:18:08.809Z&quot;,
                &quot;status&quot;: &quot;SEND&quot;
            },
            {
                &quot;time&quot;: &quot;2022-02-25T16:18:08.844Z&quot;,
                &quot;status&quot;: &quot;DELIVERED&quot;
            },
            {
                &quot;time&quot;: &quot;2022-02-25T16:20:48.789Z&quot;,
                &quot;status&quot;: &quot;PENDING&quot;
            },
            {
                &quot;time&quot;: &quot;2022-02-25T16:20:48.814Z&quot;,
                &quot;status&quot;: &quot;SEND&quot;
            },
            {
                &quot;time&quot;: &quot;2022-02-25T16:20:48.848Z&quot;,
                &quot;status&quot;: &quot;DELIVERED&quot;
            },
            {
                &quot;time&quot;: &quot;2022-02-25T16:21:12.421Z&quot;,
                &quot;status&quot;: &quot;PENDING&quot;
            },
            {
                &quot;time&quot;: &quot;2022-02-25T16:21:12.447Z&quot;,
                &quot;status&quot;: &quot;SEND&quot;
            },
            {
                &quot;time&quot;: &quot;2022-02-25T16:21:12.483Z&quot;,
                &quot;status&quot;: &quot;DELIVERED&quot;
            },
            {
                &quot;time&quot;: &quot;2022-02-25T16:23:50.786Z&quot;,
                &quot;status&quot;: &quot;PENDING&quot;
            },
            {
                &quot;time&quot;: &quot;2022-02-25T16:23:50.811Z&quot;,
                &quot;status&quot;: &quot;SEND&quot;
            }
        ],
        &quot;status&quot;: &quot;DELIVERED&quot;
    },
    &quot;creationTime&quot;: &quot;2022-02-25T15:47:06.397Z&quot;,
    &quot;deviceId&quot;: &quot;14656331&quot;,
    &quot;deviceName&quot;: &quot;mythic_beasts_pi_all_jobs_sag&quot;,
    &quot;self&quot;: &quot;https://t493319102.eu-latest.cumulocity.com/devicecontrol/operations/14656720&quot;,
    &quot;id&quot;: &quot;14656720&quot;,
    &quot;status&quot;: &quot;PENDING&quot;,
    &quot;c8y_LogfileRequest&quot;: {
        &quot;searchText&quot;: &quot;&quot;,
        &quot;logFile&quot;: &quot;software-management&quot;,
        &quot;dateTo&quot;: &quot;2021-11-21T18:55:49+0530&quot;,
        &quot;dateFrom&quot;: &quot;2021-11-15T18:55:49+0530&quot;,
        &quot;maximumLines&quot;: 300
    },
    &quot;description&quot;: &quot;Log file request&quot;
}
16:24:36 DEBUG Final URL of the request: https://thin-edge-io.eu-latest.cumulocity.com/devicecontrol/operations?deviceId=14656331&amp;pageSize=1&amp;revert=true&amp;dateFrom=1970-01-01T00%3A00%3A00.000Z
16:24:36 INFO  State of current operation: PENDING
16:24:36 DEBUG Final URL of the request: https://thin-edge-io.eu-latest.cumulocity.com/devicecontrol/operations?deviceId=14656331&amp;pageSize=1&amp;revert=true&amp;dateFrom=1970-01-01T00%3A00%3A00.000Z
16:24:36 DEBUG State of current operation: {
    &quot;delivery&quot;: {
        &quot;time&quot;: &quot;2022-02-25T16:23:50.846Z&quot;,
        &quot;log&quot;: [
            {
                &quot;time&quot;: &quot;2022-02-25T15:47:06.415Z&quot;,
                &quot;status&quot;: &quot;PENDING&quot;
            },
            {
                &quot;time&quot;: &quot;2022-02-25T15:47:06.422Z&quot;,
                &quot;status&quot;: &quot;SEND&quot;
            },
            {
                &quot;time&quot;: &quot;2022-02-25T15:47:06.459Z&quot;,
                &quot;status&quot;: &quot;DELIVERED&quot;
            },
            {
                &quot;time&quot;: &quot;2022-02-25T15:48:13.784Z&quot;,
                &quot;status&quot;: &quot;PENDING&quot;
            },
            {
                &quot;time&quot;: &quot;2022-02-25T15:48:13.807Z&quot;,
                &quot;status&quot;: &quot;SEND&quot;
            },
            {
                &quot;time&quot;: &quot;2022-02-25T15:48:13.843Z&quot;,
                &quot;status&quot;: &quot;DELIVERED&quot;
            },
            {
                &quot;time&quot;: &quot;2022-02-25T15:49:26.171Z&quot;,
                &quot;status&quot;: &quot;PENDING&quot;
            },
            {
                &quot;time&quot;: &quot;2022-02-25T15:49:26.195Z&quot;,
                &quot;status&quot;: &quot;SEND&quot;
            },
            {
                &quot;time&quot;: &quot;2022-02-25T15:49:26.231Z&quot;,
                &quot;status&quot;: &quot;DELIVERED&quot;
            },
            {
                &quot;time&quot;: &quot;2022-02-25T15:50:40.517Z&quot;,
                &quot;status&quot;: &quot;PENDING&quot;
            },
            {
                &quot;time&quot;: &quot;2022-02-25T15:50:40.541Z&quot;,
                &quot;status&quot;: &quot;SEND&quot;
            },
            {
                &quot;time&quot;: &quot;2022-02-25T15:50:40.580Z&quot;,
                &quot;status&quot;: &quot;DELIVERED&quot;
            },
            {
                &quot;time&quot;: &quot;2022-02-25T15:51:54.139Z&quot;,
                &quot;status&quot;: &quot;PENDING&quot;
            },
            {
                &quot;time&quot;: &quot;2022-02-25T15:51:54.159Z&quot;,
                &quot;status&quot;: &quot;SEND&quot;
            },
            {
                &quot;time&quot;: &quot;2022-02-25T15:51:54.191Z&quot;,
                &quot;status&quot;: &quot;DELIVERED&quot;
            },
            {
                &quot;time&quot;: &quot;2022-02-25T15:52:34.081Z&quot;,
                &quot;status&quot;: &quot;PENDING&quot;
            },
            {
                &quot;time&quot;: &quot;2022-02-25T15:52:34.101Z&quot;,
                &quot;status&quot;: &quot;SEND&quot;
            },
            {
                &quot;time&quot;: &quot;2022-02-25T15:52:34.134Z&quot;,
                &quot;status&quot;: &quot;DELIVERED&quot;
            },
            {
                &quot;time&quot;: &quot;2022-02-25T15:53:26.503Z&quot;,
                &quot;status&quot;: &quot;PENDING&quot;
            },
            {
                &quot;time&quot;: &quot;2022-02-25T15:53:26.525Z&quot;,
                &quot;status&quot;: &quot;SEND&quot;
            },
            {
                &quot;time&quot;: &quot;2022-02-25T15:53:26.557Z&quot;,
                &quot;status&quot;: &quot;DELIVERED&quot;
            },
            {
                &quot;time&quot;: &quot;2022-02-25T15:54:17.893Z&quot;,
                &quot;status&quot;: &quot;PENDING&quot;
            },
            {
                &quot;time&quot;: &quot;2022-02-25T15:54:17.914Z&quot;,
                &quot;status&quot;: &quot;SEND&quot;
            },
            {
                &quot;time&quot;: &quot;2022-02-25T15:54:17.948Z&quot;,
                &quot;status&quot;: &quot;DELIVERED&quot;
            },
            {
                &quot;time&quot;: &quot;2022-02-25T15:54:59.004Z&quot;,
                &quot;status&quot;: &quot;PENDING&quot;
            },
            {
                &quot;time&quot;: &quot;2022-02-25T15:54:59.029Z&quot;,
                &quot;status&quot;: &quot;SEND&quot;
            },
            {
                &quot;time&quot;: &quot;2022-02-25T15:54:59.061Z&quot;,
                &quot;status&quot;: &quot;DELIVERED&quot;
            },
            {
                &quot;time&quot;: &quot;2022-02-25T15:57:14.375Z&quot;,
                &quot;status&quot;: &quot;PENDING&quot;
            },
            {
                &quot;time&quot;: &quot;2022-02-25T15:57:14.398Z&quot;,
                &quot;status&quot;: &quot;SEND&quot;
            },
            {
                &quot;time&quot;: &quot;2022-02-25T15:57:14.436Z&quot;,
                &quot;status&quot;: &quot;DELIVERED&quot;
            },
            {
                &quot;time&quot;: &quot;2022-02-25T15:59:40.014Z&quot;,
                &quot;status&quot;: &quot;PENDING&quot;
            },
            {
                &quot;time&quot;: &quot;2022-02-25T15:59:40.037Z&quot;,
                &quot;status&quot;: &quot;SEND&quot;
            },
            {
                &quot;time&quot;: &quot;2022-02-25T15:59:40.082Z&quot;,
                &quot;status&quot;: &quot;DELIVERED&quot;
            },
            {
                &quot;time&quot;: &quot;2022-02-25T16:00:03.129Z&quot;,
                &quot;status&quot;: &quot;PENDING&quot;
            },
            {
                &quot;time&quot;: &quot;2022-02-25T16:00:03.162Z&quot;,
                &quot;status&quot;: &quot;SEND&quot;
            },
            {
                &quot;time&quot;: &quot;2022-02-25T16:00:03.193Z&quot;,
                &quot;status&quot;: &quot;DELIVERED&quot;
            },
            {
                &quot;time&quot;: &quot;2022-02-25T16:00:26.743Z&quot;,
                &quot;status&quot;: &quot;PENDING&quot;
            },
            {
                &quot;time&quot;: &quot;2022-02-25T16:00:26.765Z&quot;,
                &quot;status&quot;: &quot;SEND&quot;
            },
            {
                &quot;time&quot;: &quot;2022-02-25T16:00:26.800Z&quot;,
                &quot;status&quot;: &quot;DELIVERED&quot;
            },
            {
                &quot;time&quot;: &quot;2022-02-25T16:00:51.687Z&quot;,
                &quot;status&quot;: &quot;PENDING&quot;
            },
            {
                &quot;time&quot;: &quot;2022-02-25T16:00:51.712Z&quot;,
                &quot;status&quot;: &quot;SEND&quot;
            },
            {
                &quot;time&quot;: &quot;2022-02-25T16:00:51.746Z&quot;,
                &quot;status&quot;: &quot;DELIVERED&quot;
            },
            {
                &quot;time&quot;: &quot;2022-02-25T16:01:29.375Z&quot;,
                &quot;status&quot;: &quot;PENDING&quot;
            },
            {
                &quot;time&quot;: &quot;2022-02-25T16:01:29.398Z&quot;,
                &quot;status&quot;: &quot;SEND&quot;
            },
            {
                &quot;time&quot;: &quot;2022-02-25T16:01:29.435Z&quot;,
                &quot;status&quot;: &quot;DELIVERED&quot;
            },
            {
                &quot;time&quot;: &quot;2022-02-25T16:01:52.649Z&quot;,
                &quot;status&quot;: &quot;PENDING&quot;
            },
            {
                &quot;time&quot;: &quot;2022-02-25T16:01:52.672Z&quot;,
                &quot;status&quot;: &quot;SEND&quot;
            },
            {
                &quot;time&quot;: &quot;2022-02-25T16:01:52.707Z&quot;,
                &quot;status&quot;: &quot;DELIVERED&quot;
            },
            {
                &quot;time&quot;: &quot;2022-02-25T16:02:18.471Z&quot;,
                &quot;status&quot;: &quot;PENDING&quot;
            },
            {
                &quot;time&quot;: &quot;2022-02-25T16:02:18.497Z&quot;,
                &quot;status&quot;: &quot;SEND&quot;
            },
            {
                &quot;time&quot;: &quot;2022-02-25T16:02:18.531Z&quot;,
                &quot;status&quot;: &quot;DELIVERED&quot;
            },
            {
                &quot;time&quot;: &quot;2022-02-25T16:18:08.774Z&quot;,
                &quot;status&quot;: &quot;PENDING&quot;
            },
            {
                &quot;time&quot;: &quot;2022-02-25T16:18:08.809Z&quot;,
                &quot;status&quot;: &quot;SEND&quot;
            },
            {
                &quot;time&quot;: &quot;2022-02-25T16:18:08.844Z&quot;,
                &quot;status&quot;: &quot;DELIVERED&quot;
            },
            {
                &quot;time&quot;: &quot;2022-02-25T16:20:48.789Z&quot;,
                &quot;status&quot;: &quot;PENDING&quot;
            },
            {
                &quot;time&quot;: &quot;2022-02-25T16:20:48.814Z&quot;,
                &quot;status&quot;: &quot;SEND&quot;
            },
            {
                &quot;time&quot;: &quot;2022-02-25T16:20:48.848Z&quot;,
                &quot;status&quot;: &quot;DELIVERED&quot;
            },
            {
                &quot;time&quot;: &quot;2022-02-25T16:21:12.421Z&quot;,
                &quot;status&quot;: &quot;PENDING&quot;
            },
            {
                &quot;time&quot;: &quot;2022-02-25T16:21:12.447Z&quot;,
                &quot;status&quot;: &quot;SEND&quot;
            },
            {
                &quot;time&quot;: &quot;2022-02-25T16:21:12.483Z&quot;,
                &quot;status&quot;: &quot;DELIVERED&quot;
            },
            {
                &quot;time&quot;: &quot;2022-02-25T16:23:50.786Z&quot;,
                &quot;status&quot;: &quot;PENDING&quot;
            },
            {
                &quot;time&quot;: &quot;2022-02-25T16:23:50.811Z&quot;,
                &quot;status&quot;: &quot;SEND&quot;
            }
        ],
        &quot;status&quot;: &quot;DELIVERED&quot;
    },
    &quot;creationTime&quot;: &quot;2022-02-25T15:47:06.397Z&quot;,
    &quot;deviceId&quot;: &quot;14656331&quot;,
    &quot;deviceName&quot;: &quot;mythic_beasts_pi_all_jobs_sag&quot;,
    &quot;self&quot;: &quot;https://t493319102.eu-latest.cumulocity.com/devicecontrol/operations/14656720&quot;,
    &quot;id&quot;: &quot;14656720&quot;,
    &quot;status&quot;: &quot;PENDING&quot;,
    &quot;c8y_LogfileRequest&quot;: {
        &quot;searchText&quot;: &quot;&quot;,
        &quot;logFile&quot;: &quot;software-management&quot;,
        &quot;dateTo&quot;: &quot;2021-11-21T18:55:49+0530&quot;,
        &quot;dateFrom&quot;: &quot;2021-11-15T18:55:49+0530&quot;,
        &quot;maximumLines&quot;: 300
    },
    &quot;description&quot;: &quot;Log file request&quot;
}
16:24:38 DEBUG Final URL of the request: https://thin-edge-io.eu-latest.cumulocity.com/devicecontrol/operations?deviceId=14656331&amp;pageSize=1&amp;revert=true&amp;dateFrom=1970-01-01T00%3A00%3A00.000Z
16:24:38 INFO  State of current operation: PENDING
16:24:38 DEBUG Final URL of the request: https://thin-edge-io.eu-latest.cumulocity.com/devicecontrol/operations?deviceId=14656331&amp;pageSize=1&amp;revert=true&amp;dateFrom=1970-01-01T00%3A00%3A00.000Z
16:24:38 DEBUG State of current operation: {
    &quot;delivery&quot;: {
        &quot;time&quot;: &quot;2022-02-25T16:23:50.846Z&quot;,
        &quot;log&quot;: [
            {
                &quot;time&quot;: &quot;2022-02-25T15:47:06.415Z&quot;,
                &quot;status&quot;: &quot;PENDING&quot;
            },
            {
                &quot;time&quot;: &quot;2022-02-25T15:47:06.422Z&quot;,
                &quot;status&quot;: &quot;SEND&quot;
            },
            {
                &quot;time&quot;: &quot;2022-02-25T15:47:06.459Z&quot;,
                &quot;status&quot;: &quot;DELIVERED&quot;
            },
            {
                &quot;time&quot;: &quot;2022-02-25T15:48:13.784Z&quot;,
                &quot;status&quot;: &quot;PENDING&quot;
            },
            {
                &quot;time&quot;: &quot;2022-02-25T15:48:13.807Z&quot;,
                &quot;status&quot;: &quot;SEND&quot;
            },
            {
                &quot;time&quot;: &quot;2022-02-25T15:48:13.843Z&quot;,
                &quot;status&quot;: &quot;DELIVERED&quot;
            },
            {
                &quot;time&quot;: &quot;2022-02-25T15:49:26.171Z&quot;,
                &quot;status&quot;: &quot;PENDING&quot;
            },
            {
                &quot;time&quot;: &quot;2022-02-25T15:49:26.195Z&quot;,
                &quot;status&quot;: &quot;SEND&quot;
            },
            {
                &quot;time&quot;: &quot;2022-02-25T15:49:26.231Z&quot;,
                &quot;status&quot;: &quot;DELIVERED&quot;
            },
            {
                &quot;time&quot;: &quot;2022-02-25T15:50:40.517Z&quot;,
                &quot;status&quot;: &quot;PENDING&quot;
            },
            {
                &quot;time&quot;: &quot;2022-02-25T15:50:40.541Z&quot;,
                &quot;status&quot;: &quot;SEND&quot;
            },
            {
                &quot;time&quot;: &quot;2022-02-25T15:50:40.580Z&quot;,
                &quot;status&quot;: &quot;DELIVERED&quot;
            },
            {
                &quot;time&quot;: &quot;2022-02-25T15:51:54.139Z&quot;,
                &quot;status&quot;: &quot;PENDING&quot;
            },
            {
                &quot;time&quot;: &quot;2022-02-25T15:51:54.159Z&quot;,
                &quot;status&quot;: &quot;SEND&quot;
            },
            {
                &quot;time&quot;: &quot;2022-02-25T15:51:54.191Z&quot;,
                &quot;status&quot;: &quot;DELIVERED&quot;
            },
            {
                &quot;time&quot;: &quot;2022-02-25T15:52:34.081Z&quot;,
                &quot;status&quot;: &quot;PENDING&quot;
            },
            {
                &quot;time&quot;: &quot;2022-02-25T15:52:34.101Z&quot;,
                &quot;status&quot;: &quot;SEND&quot;
            },
            {
                &quot;time&quot;: &quot;2022-02-25T15:52:34.134Z&quot;,
                &quot;status&quot;: &quot;DELIVERED&quot;
            },
            {
                &quot;time&quot;: &quot;2022-02-25T15:53:26.503Z&quot;,
                &quot;status&quot;: &quot;PENDING&quot;
            },
            {
                &quot;time&quot;: &quot;2022-02-25T15:53:26.525Z&quot;,
                &quot;status&quot;: &quot;SEND&quot;
            },
            {
                &quot;time&quot;: &quot;2022-02-25T15:53:26.557Z&quot;,
                &quot;status&quot;: &quot;DELIVERED&quot;
            },
            {
                &quot;time&quot;: &quot;2022-02-25T15:54:17.893Z&quot;,
                &quot;status&quot;: &quot;PENDING&quot;
            },
            {
                &quot;time&quot;: &quot;2022-02-25T15:54:17.914Z&quot;,
                &quot;status&quot;: &quot;SEND&quot;
            },
            {
                &quot;time&quot;: &quot;2022-02-25T15:54:17.948Z&quot;,
                &quot;status&quot;: &quot;DELIVERED&quot;
            },
            {
                &quot;time&quot;: &quot;2022-02-25T15:54:59.004Z&quot;,
                &quot;status&quot;: &quot;PENDING&quot;
            },
            {
                &quot;time&quot;: &quot;2022-02-25T15:54:59.029Z&quot;,
                &quot;status&quot;: &quot;SEND&quot;
            },
            {
                &quot;time&quot;: &quot;2022-02-25T15:54:59.061Z&quot;,
                &quot;status&quot;: &quot;DELIVERED&quot;
            },
            {
                &quot;time&quot;: &quot;2022-02-25T15:57:14.375Z&quot;,
                &quot;status&quot;: &quot;PENDING&quot;
            },
            {
                &quot;time&quot;: &quot;2022-02-25T15:57:14.398Z&quot;,
                &quot;status&quot;: &quot;SEND&quot;
            },
            {
                &quot;time&quot;: &quot;2022-02-25T15:57:14.436Z&quot;,
                &quot;status&quot;: &quot;DELIVERED&quot;
            },
            {
                &quot;time&quot;: &quot;2022-02-25T15:59:40.014Z&quot;,
                &quot;status&quot;: &quot;PENDING&quot;
            },
            {
                &quot;time&quot;: &quot;2022-02-25T15:59:40.037Z&quot;,
                &quot;status&quot;: &quot;SEND&quot;
            },
            {
                &quot;time&quot;: &quot;2022-02-25T15:59:40.082Z&quot;,
                &quot;status&quot;: &quot;DELIVERED&quot;
            },
            {
                &quot;time&quot;: &quot;2022-02-25T16:00:03.129Z&quot;,
                &quot;status&quot;: &quot;PENDING&quot;
            },
            {
                &quot;time&quot;: &quot;2022-02-25T16:00:03.162Z&quot;,
                &quot;status&quot;: &quot;SEND&quot;
            },
            {
                &quot;time&quot;: &quot;2022-02-25T16:00:03.193Z&quot;,
                &quot;status&quot;: &quot;DELIVERED&quot;
            },
            {
                &quot;time&quot;: &quot;2022-02-25T16:00:26.743Z&quot;,
                &quot;status&quot;: &quot;PENDING&quot;
            },
            {
                &quot;time&quot;: &quot;2022-02-25T16:00:26.765Z&quot;,
                &quot;status&quot;: &quot;SEND&quot;
            },
            {
                &quot;time&quot;: &quot;2022-02-25T16:00:26.800Z&quot;,
                &quot;status&quot;: &quot;DELIVERED&quot;
            },
            {
                &quot;time&quot;: &quot;2022-02-25T16:00:51.687Z&quot;,
                &quot;status&quot;: &quot;PENDING&quot;
            },
            {
                &quot;time&quot;: &quot;2022-02-25T16:00:51.712Z&quot;,
                &quot;status&quot;: &quot;SEND&quot;
            },
            {
                &quot;time&quot;: &quot;2022-02-25T16:00:51.746Z&quot;,
                &quot;status&quot;: &quot;DELIVERED&quot;
            },
            {
                &quot;time&quot;: &quot;2022-02-25T16:01:29.375Z&quot;,
                &quot;status&quot;: &quot;PENDING&quot;
            },
            {
                &quot;time&quot;: &quot;2022-02-25T16:01:29.398Z&quot;,
                &quot;status&quot;: &quot;SEND&quot;
            },
            {
                &quot;time&quot;: &quot;2022-02-25T16:01:29.435Z&quot;,
                &quot;status&quot;: &quot;DELIVERED&quot;
            },
            {
                &quot;time&quot;: &quot;2022-02-25T16:01:52.649Z&quot;,
                &quot;status&quot;: &quot;PENDING&quot;
            },
            {
                &quot;time&quot;: &quot;2022-02-25T16:01:52.672Z&quot;,
                &quot;status&quot;: &quot;SEND&quot;
            },
            {
                &quot;time&quot;: &quot;2022-02-25T16:01:52.707Z&quot;,
                &quot;status&quot;: &quot;DELIVERED&quot;
            },
            {
                &quot;time&quot;: &quot;2022-02-25T16:02:18.471Z&quot;,
                &quot;status&quot;: &quot;PENDING&quot;
            },
            {
                &quot;time&quot;: &quot;2022-02-25T16:02:18.497Z&quot;,
                &quot;status&quot;: &quot;SEND&quot;
            },
            {
                &quot;time&quot;: &quot;2022-02-25T16:02:18.531Z&quot;,
                &quot;status&quot;: &quot;DELIVERED&quot;
            },
            {
                &quot;time&quot;: &quot;2022-02-25T16:18:08.774Z&quot;,
                &quot;status&quot;: &quot;PENDING&quot;
            },
            {
                &quot;time&quot;: &quot;2022-02-25T16:18:08.809Z&quot;,
                &quot;status&quot;: &quot;SEND&quot;
            },
            {
                &quot;time&quot;: &quot;2022-02-25T16:18:08.844Z&quot;,
                &quot;status&quot;: &quot;DELIVERED&quot;
            },
            {
                &quot;time&quot;: &quot;2022-02-25T16:20:48.789Z&quot;,
                &quot;status&quot;: &quot;PENDING&quot;
            },
            {
                &quot;time&quot;: &quot;2022-02-25T16:20:48.814Z&quot;,
                &quot;status&quot;: &quot;SEND&quot;
            },
            {
                &quot;time&quot;: &quot;2022-02-25T16:20:48.848Z&quot;,
                &quot;status&quot;: &quot;DELIVERED&quot;
            },
            {
                &quot;time&quot;: &quot;2022-02-25T16:21:12.421Z&quot;,
                &quot;status&quot;: &quot;PENDING&quot;
            },
            {
                &quot;time&quot;: &quot;2022-02-25T16:21:12.447Z&quot;,
                &quot;status&quot;: &quot;SEND&quot;
            },
            {
                &quot;time&quot;: &quot;2022-02-25T16:21:12.483Z&quot;,
                &quot;status&quot;: &quot;DELIVERED&quot;
            },
            {
                &quot;time&quot;: &quot;2022-02-25T16:23:50.786Z&quot;,
                &quot;status&quot;: &quot;PENDING&quot;
            },
            {
                &quot;time&quot;: &quot;2022-02-25T16:23:50.811Z&quot;,
                &quot;status&quot;: &quot;SEND&quot;
            }
        ],
        &quot;status&quot;: &quot;DELIVERED&quot;
    },
    &quot;creationTime&quot;: &quot;2022-02-25T15:47:06.397Z&quot;,
    &quot;deviceId&quot;: &quot;14656331&quot;,
    &quot;deviceName&quot;: &quot;mythic_beasts_pi_all_jobs_sag&quot;,
    &quot;self&quot;: &quot;https://t493319102.eu-latest.cumulocity.com/devicecontrol/operations/14656720&quot;,
    &quot;id&quot;: &quot;14656720&quot;,
    &quot;status&quot;: &quot;PENDING&quot;,
    &quot;c8y_LogfileRequest&quot;: {
        &quot;searchText&quot;: &quot;&quot;,
        &quot;logFile&quot;: &quot;software-management&quot;,
        &quot;dateTo&quot;: &quot;2021-11-21T18:55:49+0530&quot;,
        &quot;dateFrom&quot;: &quot;2021-11-15T18:55:49+0530&quot;,
        &quot;maximumLines&quot;: 300
    },
    &quot;description&quot;: &quot;Log file request&quot;
}
16:24:40 DEBUG Final URL of the request: https://thin-edge-io.eu-latest.cumulocity.com/devicecontrol/operations?deviceId=14656331&amp;pageSize=1&amp;revert=true&amp;dateFrom=1970-01-01T00%3A00%3A00.000Z
16:24:40 INFO  State of current operation: PENDING
16:24:40 DEBUG Final URL of the request: https://thin-edge-io.eu-latest.cumulocity.com/devicecontrol/operations?deviceId=14656331&amp;pageSize=1&amp;revert=true&amp;dateFrom=1970-01-01T00%3A00%3A00.000Z
16:24:40 DEBUG State of current operation: {
    &quot;delivery&quot;: {
        &quot;time&quot;: &quot;2022-02-25T16:23:50.846Z&quot;,
        &quot;log&quot;: [
            {
                &quot;time&quot;: &quot;2022-02-25T15:47:06.415Z&quot;,
                &quot;status&quot;: &quot;PENDING&quot;
            },
            {
                &quot;time&quot;: &quot;2022-02-25T15:47:06.422Z&quot;,
                &quot;status&quot;: &quot;SEND&quot;
            },
            {
                &quot;time&quot;: &quot;2022-02-25T15:47:06.459Z&quot;,
                &quot;status&quot;: &quot;DELIVERED&quot;
            },
            {
                &quot;time&quot;: &quot;2022-02-25T15:48:13.784Z&quot;,
                &quot;status&quot;: &quot;PENDING&quot;
            },
            {
                &quot;time&quot;: &quot;2022-02-25T15:48:13.807Z&quot;,
                &quot;status&quot;: &quot;SEND&quot;
            },
            {
                &quot;time&quot;: &quot;2022-02-25T15:48:13.843Z&quot;,
                &quot;status&quot;: &quot;DELIVERED&quot;
            },
            {
                &quot;time&quot;: &quot;2022-02-25T15:49:26.171Z&quot;,
                &quot;status&quot;: &quot;PENDING&quot;
            },
            {
                &quot;time&quot;: &quot;2022-02-25T15:49:26.195Z&quot;,
                &quot;status&quot;: &quot;SEND&quot;
            },
            {
                &quot;time&quot;: &quot;2022-02-25T15:49:26.231Z&quot;,
                &quot;status&quot;: &quot;DELIVERED&quot;
            },
            {
                &quot;time&quot;: &quot;2022-02-25T15:50:40.517Z&quot;,
                &quot;status&quot;: &quot;PENDING&quot;
            },
            {
                &quot;time&quot;: &quot;2022-02-25T15:50:40.541Z&quot;,
                &quot;status&quot;: &quot;SEND&quot;
            },
            {
                &quot;time&quot;: &quot;2022-02-25T15:50:40.580Z&quot;,
                &quot;status&quot;: &quot;DELIVERED&quot;
            },
            {
                &quot;time&quot;: &quot;2022-02-25T15:51:54.139Z&quot;,
                &quot;status&quot;: &quot;PENDING&quot;
            },
            {
                &quot;time&quot;: &quot;2022-02-25T15:51:54.159Z&quot;,
                &quot;status&quot;: &quot;SEND&quot;
            },
            {
                &quot;time&quot;: &quot;2022-02-25T15:51:54.191Z&quot;,
                &quot;status&quot;: &quot;DELIVERED&quot;
            },
            {
                &quot;time&quot;: &quot;2022-02-25T15:52:34.081Z&quot;,
                &quot;status&quot;: &quot;PENDING&quot;
            },
            {
                &quot;time&quot;: &quot;2022-02-25T15:52:34.101Z&quot;,
                &quot;status&quot;: &quot;SEND&quot;
            },
            {
                &quot;time&quot;: &quot;2022-02-25T15:52:34.134Z&quot;,
                &quot;status&quot;: &quot;DELIVERED&quot;
            },
            {
                &quot;time&quot;: &quot;2022-02-25T15:53:26.503Z&quot;,
                &quot;status&quot;: &quot;PENDING&quot;
            },
            {
                &quot;time&quot;: &quot;2022-02-25T15:53:26.525Z&quot;,
                &quot;status&quot;: &quot;SEND&quot;
            },
            {
                &quot;time&quot;: &quot;2022-02-25T15:53:26.557Z&quot;,
                &quot;status&quot;: &quot;DELIVERED&quot;
            },
            {
                &quot;time&quot;: &quot;2022-02-25T15:54:17.893Z&quot;,
                &quot;status&quot;: &quot;PENDING&quot;
            },
            {
                &quot;time&quot;: &quot;2022-02-25T15:54:17.914Z&quot;,
                &quot;status&quot;: &quot;SEND&quot;
            },
            {
                &quot;time&quot;: &quot;2022-02-25T15:54:17.948Z&quot;,
                &quot;status&quot;: &quot;DELIVERED&quot;
            },
            {
                &quot;time&quot;: &quot;2022-02-25T15:54:59.004Z&quot;,
                &quot;status&quot;: &quot;PENDING&quot;
            },
            {
                &quot;time&quot;: &quot;2022-02-25T15:54:59.029Z&quot;,
                &quot;status&quot;: &quot;SEND&quot;
            },
            {
                &quot;time&quot;: &quot;2022-02-25T15:54:59.061Z&quot;,
                &quot;status&quot;: &quot;DELIVERED&quot;
            },
            {
                &quot;time&quot;: &quot;2022-02-25T15:57:14.375Z&quot;,
                &quot;status&quot;: &quot;PENDING&quot;
            },
            {
                &quot;time&quot;: &quot;2022-02-25T15:57:14.398Z&quot;,
                &quot;status&quot;: &quot;SEND&quot;
            },
            {
                &quot;time&quot;: &quot;2022-02-25T15:57:14.436Z&quot;,
                &quot;status&quot;: &quot;DELIVERED&quot;
            },
            {
                &quot;time&quot;: &quot;2022-02-25T15:59:40.014Z&quot;,
                &quot;status&quot;: &quot;PENDING&quot;
            },
            {
                &quot;time&quot;: &quot;2022-02-25T15:59:40.037Z&quot;,
                &quot;status&quot;: &quot;SEND&quot;
            },
            {
                &quot;time&quot;: &quot;2022-02-25T15:59:40.082Z&quot;,
                &quot;status&quot;: &quot;DELIVERED&quot;
            },
            {
                &quot;time&quot;: &quot;2022-02-25T16:00:03.129Z&quot;,
                &quot;status&quot;: &quot;PENDING&quot;
            },
            {
                &quot;time&quot;: &quot;2022-02-25T16:00:03.162Z&quot;,
                &quot;status&quot;: &quot;SEND&quot;
            },
            {
                &quot;time&quot;: &quot;2022-02-25T16:00:03.193Z&quot;,
                &quot;status&quot;: &quot;DELIVERED&quot;
            },
            {
                &quot;time&quot;: &quot;2022-02-25T16:00:26.743Z&quot;,
                &quot;status&quot;: &quot;PENDING&quot;
            },
            {
                &quot;time&quot;: &quot;2022-02-25T16:00:26.765Z&quot;,
                &quot;status&quot;: &quot;SEND&quot;
            },
            {
                &quot;time&quot;: &quot;2022-02-25T16:00:26.800Z&quot;,
                &quot;status&quot;: &quot;DELIVERED&quot;
            },
            {
                &quot;time&quot;: &quot;2022-02-25T16:00:51.687Z&quot;,
                &quot;status&quot;: &quot;PENDING&quot;
            },
            {
                &quot;time&quot;: &quot;2022-02-25T16:00:51.712Z&quot;,
                &quot;status&quot;: &quot;SEND&quot;
            },
            {
                &quot;time&quot;: &quot;2022-02-25T16:00:51.746Z&quot;,
                &quot;status&quot;: &quot;DELIVERED&quot;
            },
            {
                &quot;time&quot;: &quot;2022-02-25T16:01:29.375Z&quot;,
                &quot;status&quot;: &quot;PENDING&quot;
            },
            {
                &quot;time&quot;: &quot;2022-02-25T16:01:29.398Z&quot;,
                &quot;status&quot;: &quot;SEND&quot;
            },
            {
                &quot;time&quot;: &quot;2022-02-25T16:01:29.435Z&quot;,
                &quot;status&quot;: &quot;DELIVERED&quot;
            },
            {
                &quot;time&quot;: &quot;2022-02-25T16:01:52.649Z&quot;,
                &quot;status&quot;: &quot;PENDING&quot;
            },
            {
                &quot;time&quot;: &quot;2022-02-25T16:01:52.672Z&quot;,
                &quot;status&quot;: &quot;SEND&quot;
            },
            {
                &quot;time&quot;: &quot;2022-02-25T16:01:52.707Z&quot;,
                &quot;status&quot;: &quot;DELIVERED&quot;
            },
            {
                &quot;time&quot;: &quot;2022-02-25T16:02:18.471Z&quot;,
                &quot;status&quot;: &quot;PENDING&quot;
            },
            {
                &quot;time&quot;: &quot;2022-02-25T16:02:18.497Z&quot;,
                &quot;status&quot;: &quot;SEND&quot;
            },
            {
                &quot;time&quot;: &quot;2022-02-25T16:02:18.531Z&quot;,
                &quot;status&quot;: &quot;DELIVERED&quot;
            },
            {
                &quot;time&quot;: &quot;2022-02-25T16:18:08.774Z&quot;,
                &quot;status&quot;: &quot;PENDING&quot;
            },
            {
                &quot;time&quot;: &quot;2022-02-25T16:18:08.809Z&quot;,
                &quot;status&quot;: &quot;SEND&quot;
            },
            {
                &quot;time&quot;: &quot;2022-02-25T16:18:08.844Z&quot;,
                &quot;status&quot;: &quot;DELIVERED&quot;
            },
            {
                &quot;time&quot;: &quot;2022-02-25T16:20:48.789Z&quot;,
                &quot;status&quot;: &quot;PENDING&quot;
            },
            {
                &quot;time&quot;: &quot;2022-02-25T16:20:48.814Z&quot;,
                &quot;status&quot;: &quot;SEND&quot;
            },
            {
                &quot;time&quot;: &quot;2022-02-25T16:20:48.848Z&quot;,
                &quot;status&quot;: &quot;DELIVERED&quot;
            },
            {
                &quot;time&quot;: &quot;2022-02-25T16:21:12.421Z&quot;,
                &quot;status&quot;: &quot;PENDING&quot;
            },
            {
                &quot;time&quot;: &quot;2022-02-25T16:21:12.447Z&quot;,
                &quot;status&quot;: &quot;SEND&quot;
            },
            {
                &quot;time&quot;: &quot;2022-02-25T16:21:12.483Z&quot;,
                &quot;status&quot;: &quot;DELIVERED&quot;
            },
            {
                &quot;time&quot;: &quot;2022-02-25T16:23:50.786Z&quot;,
                &quot;status&quot;: &quot;PENDING&quot;
            },
            {
                &quot;time&quot;: &quot;2022-02-25T16:23:50.811Z&quot;,
                &quot;status&quot;: &quot;SEND&quot;
            }
        ],
        &quot;status&quot;: &quot;DELIVERED&quot;
    },
    &quot;creationTime&quot;: &quot;2022-02-25T15:47:06.397Z&quot;,
    &quot;deviceId&quot;: &quot;14656331&quot;,
    &quot;deviceName&quot;: &quot;mythic_beasts_pi_all_jobs_sag&quot;,
    &quot;self&quot;: &quot;https://t493319102.eu-latest.cumulocity.com/devicecontrol/operations/14656720&quot;,
    &quot;id&quot;: &quot;14656720&quot;,
    &quot;status&quot;: &quot;PENDING&quot;,
    &quot;c8y_LogfileRequest&quot;: {
        &quot;searchText&quot;: &quot;&quot;,
        &quot;logFile&quot;: &quot;software-management&quot;,
        &quot;dateTo&quot;: &quot;2021-11-21T18:55:49+0530&quot;,
        &quot;dateFrom&quot;: &quot;2021-11-15T18:55:49+0530&quot;,
        &quot;maximumLines&quot;: 300
    },
    &quot;description&quot;: &quot;Log file request&quot;
}
16:24:42 DEBUG Final URL of the request: https://thin-edge-io.eu-latest.cumulocity.com/devicecontrol/operations?deviceId=14656331&amp;pageSize=1&amp;revert=true&amp;dateFrom=1970-01-01T00%3A00%3A00.000Z
16:24:42 INFO  State of current operation: PENDING
16:24:42 DEBUG Final URL of the request: https://thin-edge-io.eu-latest.cumulocity.com/devicecontrol/operations?deviceId=14656331&amp;pageSize=1&amp;revert=true&amp;dateFrom=1970-01-01T00%3A00%3A00.000Z
16:24:42 DEBUG State of current operation: {
    &quot;delivery&quot;: {
        &quot;time&quot;: &quot;2022-02-25T16:23:50.846Z&quot;,
        &quot;log&quot;: [
            {
                &quot;time&quot;: &quot;2022-02-25T15:47:06.415Z&quot;,
                &quot;status&quot;: &quot;PENDING&quot;
            },
            {
                &quot;time&quot;: &quot;2022-02-25T15:47:06.422Z&quot;,
                &quot;status&quot;: &quot;SEND&quot;
            },
            {
                &quot;time&quot;: &quot;2022-02-25T15:47:06.459Z&quot;,
                &quot;status&quot;: &quot;DELIVERED&quot;
            },
            {
                &quot;time&quot;: &quot;2022-02-25T15:48:13.784Z&quot;,
                &quot;status&quot;: &quot;PENDING&quot;
            },
            {
                &quot;time&quot;: &quot;2022-02-25T15:48:13.807Z&quot;,
                &quot;status&quot;: &quot;SEND&quot;
            },
            {
                &quot;time&quot;: &quot;2022-02-25T15:48:13.843Z&quot;,
                &quot;status&quot;: &quot;DELIVERED&quot;
            },
            {
                &quot;time&quot;: &quot;2022-02-25T15:49:26.171Z&quot;,
                &quot;status&quot;: &quot;PENDING&quot;
            },
            {
                &quot;time&quot;: &quot;2022-02-25T15:49:26.195Z&quot;,
                &quot;status&quot;: &quot;SEND&quot;
            },
            {
                &quot;time&quot;: &quot;2022-02-25T15:49:26.231Z&quot;,
                &quot;status&quot;: &quot;DELIVERED&quot;
            },
            {
                &quot;time&quot;: &quot;2022-02-25T15:50:40.517Z&quot;,
                &quot;status&quot;: &quot;PENDING&quot;
            },
            {
                &quot;time&quot;: &quot;2022-02-25T15:50:40.541Z&quot;,
                &quot;status&quot;: &quot;SEND&quot;
            },
            {
                &quot;time&quot;: &quot;2022-02-25T15:50:40.580Z&quot;,
                &quot;status&quot;: &quot;DELIVERED&quot;
            },
            {
                &quot;time&quot;: &quot;2022-02-25T15:51:54.139Z&quot;,
                &quot;status&quot;: &quot;PENDING&quot;
            },
            {
                &quot;time&quot;: &quot;2022-02-25T15:51:54.159Z&quot;,
                &quot;status&quot;: &quot;SEND&quot;
            },
            {
                &quot;time&quot;: &quot;2022-02-25T15:51:54.191Z&quot;,
                &quot;status&quot;: &quot;DELIVERED&quot;
            },
            {
                &quot;time&quot;: &quot;2022-02-25T15:52:34.081Z&quot;,
                &quot;status&quot;: &quot;PENDING&quot;
            },
            {
                &quot;time&quot;: &quot;2022-02-25T15:52:34.101Z&quot;,
                &quot;status&quot;: &quot;SEND&quot;
            },
            {
                &quot;time&quot;: &quot;2022-02-25T15:52:34.134Z&quot;,
                &quot;status&quot;: &quot;DELIVERED&quot;
            },
            {
                &quot;time&quot;: &quot;2022-02-25T15:53:26.503Z&quot;,
                &quot;status&quot;: &quot;PENDING&quot;
            },
            {
                &quot;time&quot;: &quot;2022-02-25T15:53:26.525Z&quot;,
                &quot;status&quot;: &quot;SEND&quot;
            },
            {
                &quot;time&quot;: &quot;2022-02-25T15:53:26.557Z&quot;,
                &quot;status&quot;: &quot;DELIVERED&quot;
            },
            {
                &quot;time&quot;: &quot;2022-02-25T15:54:17.893Z&quot;,
                &quot;status&quot;: &quot;PENDING&quot;
            },
            {
                &quot;time&quot;: &quot;2022-02-25T15:54:17.914Z&quot;,
                &quot;status&quot;: &quot;SEND&quot;
            },
            {
                &quot;time&quot;: &quot;2022-02-25T15:54:17.948Z&quot;,
                &quot;status&quot;: &quot;DELIVERED&quot;
            },
            {
                &quot;time&quot;: &quot;2022-02-25T15:54:59.004Z&quot;,
                &quot;status&quot;: &quot;PENDING&quot;
            },
            {
                &quot;time&quot;: &quot;2022-02-25T15:54:59.029Z&quot;,
                &quot;status&quot;: &quot;SEND&quot;
            },
            {
                &quot;time&quot;: &quot;2022-02-25T15:54:59.061Z&quot;,
                &quot;status&quot;: &quot;DELIVERED&quot;
            },
            {
                &quot;time&quot;: &quot;2022-02-25T15:57:14.375Z&quot;,
                &quot;status&quot;: &quot;PENDING&quot;
            },
            {
                &quot;time&quot;: &quot;2022-02-25T15:57:14.398Z&quot;,
                &quot;status&quot;: &quot;SEND&quot;
            },
            {
                &quot;time&quot;: &quot;2022-02-25T15:57:14.436Z&quot;,
                &quot;status&quot;: &quot;DELIVERED&quot;
            },
            {
                &quot;time&quot;: &quot;2022-02-25T15:59:40.014Z&quot;,
                &quot;status&quot;: &quot;PENDING&quot;
            },
            {
                &quot;time&quot;: &quot;2022-02-25T15:59:40.037Z&quot;,
                &quot;status&quot;: &quot;SEND&quot;
            },
            {
                &quot;time&quot;: &quot;2022-02-25T15:59:40.082Z&quot;,
                &quot;status&quot;: &quot;DELIVERED&quot;
            },
            {
                &quot;time&quot;: &quot;2022-02-25T16:00:03.129Z&quot;,
                &quot;status&quot;: &quot;PENDING&quot;
            },
            {
                &quot;time&quot;: &quot;2022-02-25T16:00:03.162Z&quot;,
                &quot;status&quot;: &quot;SEND&quot;
            },
            {
                &quot;time&quot;: &quot;2022-02-25T16:00:03.193Z&quot;,
                &quot;status&quot;: &quot;DELIVERED&quot;
            },
            {
                &quot;time&quot;: &quot;2022-02-25T16:00:26.743Z&quot;,
                &quot;status&quot;: &quot;PENDING&quot;
            },
            {
                &quot;time&quot;: &quot;2022-02-25T16:00:26.765Z&quot;,
                &quot;status&quot;: &quot;SEND&quot;
            },
            {
                &quot;time&quot;: &quot;2022-02-25T16:00:26.800Z&quot;,
                &quot;status&quot;: &quot;DELIVERED&quot;
            },
            {
                &quot;time&quot;: &quot;2022-02-25T16:00:51.687Z&quot;,
                &quot;status&quot;: &quot;PENDING&quot;
            },
            {
                &quot;time&quot;: &quot;2022-02-25T16:00:51.712Z&quot;,
                &quot;status&quot;: &quot;SEND&quot;
            },
            {
                &quot;time&quot;: &quot;2022-02-25T16:00:51.746Z&quot;,
                &quot;status&quot;: &quot;DELIVERED&quot;
            },
            {
                &quot;time&quot;: &quot;2022-02-25T16:01:29.375Z&quot;,
                &quot;status&quot;: &quot;PENDING&quot;
            },
            {
                &quot;time&quot;: &quot;2022-02-25T16:01:29.398Z&quot;,
                &quot;status&quot;: &quot;SEND&quot;
            },
            {
                &quot;time&quot;: &quot;2022-02-25T16:01:29.435Z&quot;,
                &quot;status&quot;: &quot;DELIVERED&quot;
            },
            {
                &quot;time&quot;: &quot;2022-02-25T16:01:52.649Z&quot;,
                &quot;status&quot;: &quot;PENDING&quot;
            },
            {
                &quot;time&quot;: &quot;2022-02-25T16:01:52.672Z&quot;,
                &quot;status&quot;: &quot;SEND&quot;
            },
            {
                &quot;time&quot;: &quot;2022-02-25T16:01:52.707Z&quot;,
                &quot;status&quot;: &quot;DELIVERED&quot;
            },
            {
                &quot;time&quot;: &quot;2022-02-25T16:02:18.471Z&quot;,
                &quot;status&quot;: &quot;PENDING&quot;
            },
            {
                &quot;time&quot;: &quot;2022-02-25T16:02:18.497Z&quot;,
                &quot;status&quot;: &quot;SEND&quot;
            },
            {
                &quot;time&quot;: &quot;2022-02-25T16:02:18.531Z&quot;,
                &quot;status&quot;: &quot;DELIVERED&quot;
            },
            {
                &quot;time&quot;: &quot;2022-02-25T16:18:08.774Z&quot;,
                &quot;status&quot;: &quot;PENDING&quot;
            },
            {
                &quot;time&quot;: &quot;2022-02-25T16:18:08.809Z&quot;,
                &quot;status&quot;: &quot;SEND&quot;
            },
            {
                &quot;time&quot;: &quot;2022-02-25T16:18:08.844Z&quot;,
                &quot;status&quot;: &quot;DELIVERED&quot;
            },
            {
                &quot;time&quot;: &quot;2022-02-25T16:20:48.789Z&quot;,
                &quot;status&quot;: &quot;PENDING&quot;
            },
            {
                &quot;time&quot;: &quot;2022-02-25T16:20:48.814Z&quot;,
                &quot;status&quot;: &quot;SEND&quot;
            },
            {
                &quot;time&quot;: &quot;2022-02-25T16:20:48.848Z&quot;,
                &quot;status&quot;: &quot;DELIVERED&quot;
            },
            {
                &quot;time&quot;: &quot;2022-02-25T16:21:12.421Z&quot;,
                &quot;status&quot;: &quot;PENDING&quot;
            },
            {
                &quot;time&quot;: &quot;2022-02-25T16:21:12.447Z&quot;,
                &quot;status&quot;: &quot;SEND&quot;
            },
            {
                &quot;time&quot;: &quot;2022-02-25T16:21:12.483Z&quot;,
                &quot;status&quot;: &quot;DELIVERED&quot;
            },
            {
                &quot;time&quot;: &quot;2022-02-25T16:23:50.786Z&quot;,
                &quot;status&quot;: &quot;PENDING&quot;
            },
            {
                &quot;time&quot;: &quot;2022-02-25T16:23:50.811Z&quot;,
                &quot;status&quot;: &quot;SEND&quot;
            }
        ],
        &quot;status&quot;: &quot;DELIVERED&quot;
    },
    &quot;creationTime&quot;: &quot;2022-02-25T15:47:06.397Z&quot;,
    &quot;deviceId&quot;: &quot;14656331&quot;,
    &quot;deviceName&quot;: &quot;mythic_beasts_pi_all_jobs_sag&quot;,
    &quot;self&quot;: &quot;https://t493319102.eu-latest.cumulocity.com/devicecontrol/operations/14656720&quot;,
    &quot;id&quot;: &quot;14656720&quot;,
    &quot;status&quot;: &quot;PENDING&quot;,
    &quot;c8y_LogfileRequest&quot;: {
        &quot;searchText&quot;: &quot;&quot;,
        &quot;logFile&quot;: &quot;software-management&quot;,
        &quot;dateTo&quot;: &quot;2021-11-21T18:55:49+0530&quot;,
        &quot;dateFrom&quot;: &quot;2021-11-15T18:55:49+0530&quot;,
        &quot;maximumLines&quot;: 300
    },
    &quot;description&quot;: &quot;Log file request&quot;
}
16:24:45 DEBUG Final URL of the request: https://thin-edge-io.eu-latest.cumulocity.com/devicecontrol/operations?deviceId=14656331&amp;pageSize=1&amp;revert=true&amp;dateFrom=1970-01-01T00%3A00%3A00.000Z
16:24:45 INFO  State of current operation: PENDING
16:24:45 DEBUG Final URL of the request: https://thin-edge-io.eu-latest.cumulocity.com/devicecontrol/operations?deviceId=14656331&amp;pageSize=1&amp;revert=true&amp;dateFrom=1970-01-01T00%3A00%3A00.000Z
16:24:45 DEBUG State of current operation: {
    &quot;delivery&quot;: {
        &quot;time&quot;: &quot;2022-02-25T16:23:50.846Z&quot;,
        &quot;log&quot;: [
            {
                &quot;time&quot;: &quot;2022-02-25T15:47:06.415Z&quot;,
                &quot;status&quot;: &quot;PENDING&quot;
            },
            {
                &quot;time&quot;: &quot;2022-02-25T15:47:06.422Z&quot;,
                &quot;status&quot;: &quot;SEND&quot;
            },
            {
                &quot;time&quot;: &quot;2022-02-25T15:47:06.459Z&quot;,
                &quot;status&quot;: &quot;DELIVERED&quot;
            },
            {
                &quot;time&quot;: &quot;2022-02-25T15:48:13.784Z&quot;,
                &quot;status&quot;: &quot;PENDING&quot;
            },
            {
                &quot;time&quot;: &quot;2022-02-25T15:48:13.807Z&quot;,
                &quot;status&quot;: &quot;SEND&quot;
            },
            {
                &quot;time&quot;: &quot;2022-02-25T15:48:13.843Z&quot;,
                &quot;status&quot;: &quot;DELIVERED&quot;
            },
            {
                &quot;time&quot;: &quot;2022-02-25T15:49:26.171Z&quot;,
                &quot;status&quot;: &quot;PENDING&quot;
            },
            {
                &quot;time&quot;: &quot;2022-02-25T15:49:26.195Z&quot;,
                &quot;status&quot;: &quot;SEND&quot;
            },
            {
                &quot;time&quot;: &quot;2022-02-25T15:49:26.231Z&quot;,
                &quot;status&quot;: &quot;DELIVERED&quot;
            },
            {
                &quot;time&quot;: &quot;2022-02-25T15:50:40.517Z&quot;,
                &quot;status&quot;: &quot;PENDING&quot;
            },
            {
                &quot;time&quot;: &quot;2022-02-25T15:50:40.541Z&quot;,
                &quot;status&quot;: &quot;SEND&quot;
            },
            {
                &quot;time&quot;: &quot;2022-02-25T15:50:40.580Z&quot;,
                &quot;status&quot;: &quot;DELIVERED&quot;
            },
            {
                &quot;time&quot;: &quot;2022-02-25T15:51:54.139Z&quot;,
                &quot;status&quot;: &quot;PENDING&quot;
            },
            {
                &quot;time&quot;: &quot;2022-02-25T15:51:54.159Z&quot;,
                &quot;status&quot;: &quot;SEND&quot;
            },
            {
                &quot;time&quot;: &quot;2022-02-25T15:51:54.191Z&quot;,
                &quot;status&quot;: &quot;DELIVERED&quot;
            },
            {
                &quot;time&quot;: &quot;2022-02-25T15:52:34.081Z&quot;,
                &quot;status&quot;: &quot;PENDING&quot;
            },
            {
                &quot;time&quot;: &quot;2022-02-25T15:52:34.101Z&quot;,
                &quot;status&quot;: &quot;SEND&quot;
            },
            {
                &quot;time&quot;: &quot;2022-02-25T15:52:34.134Z&quot;,
                &quot;status&quot;: &quot;DELIVERED&quot;
            },
            {
                &quot;time&quot;: &quot;2022-02-25T15:53:26.503Z&quot;,
                &quot;status&quot;: &quot;PENDING&quot;
            },
            {
                &quot;time&quot;: &quot;2022-02-25T15:53:26.525Z&quot;,
                &quot;status&quot;: &quot;SEND&quot;
            },
            {
                &quot;time&quot;: &quot;2022-02-25T15:53:26.557Z&quot;,
                &quot;status&quot;: &quot;DELIVERED&quot;
            },
            {
                &quot;time&quot;: &quot;2022-02-25T15:54:17.893Z&quot;,
                &quot;status&quot;: &quot;PENDING&quot;
            },
            {
                &quot;time&quot;: &quot;2022-02-25T15:54:17.914Z&quot;,
                &quot;status&quot;: &quot;SEND&quot;
            },
            {
                &quot;time&quot;: &quot;2022-02-25T15:54:17.948Z&quot;,
                &quot;status&quot;: &quot;DELIVERED&quot;
            },
            {
                &quot;time&quot;: &quot;2022-02-25T15:54:59.004Z&quot;,
                &quot;status&quot;: &quot;PENDING&quot;
            },
            {
                &quot;time&quot;: &quot;2022-02-25T15:54:59.029Z&quot;,
                &quot;status&quot;: &quot;SEND&quot;
            },
            {
                &quot;time&quot;: &quot;2022-02-25T15:54:59.061Z&quot;,
                &quot;status&quot;: &quot;DELIVERED&quot;
            },
            {
                &quot;time&quot;: &quot;2022-02-25T15:57:14.375Z&quot;,
                &quot;status&quot;: &quot;PENDING&quot;
            },
            {
                &quot;time&quot;: &quot;2022-02-25T15:57:14.398Z&quot;,
                &quot;status&quot;: &quot;SEND&quot;
            },
            {
                &quot;time&quot;: &quot;2022-02-25T15:57:14.436Z&quot;,
                &quot;status&quot;: &quot;DELIVERED&quot;
            },
            {
                &quot;time&quot;: &quot;2022-02-25T15:59:40.014Z&quot;,
                &quot;status&quot;: &quot;PENDING&quot;
            },
            {
                &quot;time&quot;: &quot;2022-02-25T15:59:40.037Z&quot;,
                &quot;status&quot;: &quot;SEND&quot;
            },
            {
                &quot;time&quot;: &quot;2022-02-25T15:59:40.082Z&quot;,
                &quot;status&quot;: &quot;DELIVERED&quot;
            },
            {
                &quot;time&quot;: &quot;2022-02-25T16:00:03.129Z&quot;,
                &quot;status&quot;: &quot;PENDING&quot;
            },
            {
                &quot;time&quot;: &quot;2022-02-25T16:00:03.162Z&quot;,
                &quot;status&quot;: &quot;SEND&quot;
            },
            {
                &quot;time&quot;: &quot;2022-02-25T16:00:03.193Z&quot;,
                &quot;status&quot;: &quot;DELIVERED&quot;
            },
            {
                &quot;time&quot;: &quot;2022-02-25T16:00:26.743Z&quot;,
                &quot;status&quot;: &quot;PENDING&quot;
            },
            {
                &quot;time&quot;: &quot;2022-02-25T16:00:26.765Z&quot;,
                &quot;status&quot;: &quot;SEND&quot;
            },
            {
                &quot;time&quot;: &quot;2022-02-25T16:00:26.800Z&quot;,
                &quot;status&quot;: &quot;DELIVERED&quot;
            },
            {
                &quot;time&quot;: &quot;2022-02-25T16:00:51.687Z&quot;,
                &quot;status&quot;: &quot;PENDING&quot;
            },
            {
                &quot;time&quot;: &quot;2022-02-25T16:00:51.712Z&quot;,
                &quot;status&quot;: &quot;SEND&quot;
            },
            {
                &quot;time&quot;: &quot;2022-02-25T16:00:51.746Z&quot;,
                &quot;status&quot;: &quot;DELIVERED&quot;
            },
            {
                &quot;time&quot;: &quot;2022-02-25T16:01:29.375Z&quot;,
                &quot;status&quot;: &quot;PENDING&quot;
            },
            {
                &quot;time&quot;: &quot;2022-02-25T16:01:29.398Z&quot;,
                &quot;status&quot;: &quot;SEND&quot;
            },
            {
                &quot;time&quot;: &quot;2022-02-25T16:01:29.435Z&quot;,
                &quot;status&quot;: &quot;DELIVERED&quot;
            },
            {
                &quot;time&quot;: &quot;2022-02-25T16:01:52.649Z&quot;,
                &quot;status&quot;: &quot;PENDING&quot;
            },
            {
                &quot;time&quot;: &quot;2022-02-25T16:01:52.672Z&quot;,
                &quot;status&quot;: &quot;SEND&quot;
            },
            {
                &quot;time&quot;: &quot;2022-02-25T16:01:52.707Z&quot;,
                &quot;status&quot;: &quot;DELIVERED&quot;
            },
            {
                &quot;time&quot;: &quot;2022-02-25T16:02:18.471Z&quot;,
                &quot;status&quot;: &quot;PENDING&quot;
            },
            {
                &quot;time&quot;: &quot;2022-02-25T16:02:18.497Z&quot;,
                &quot;status&quot;: &quot;SEND&quot;
            },
            {
                &quot;time&quot;: &quot;2022-02-25T16:02:18.531Z&quot;,
                &quot;status&quot;: &quot;DELIVERED&quot;
            },
            {
                &quot;time&quot;: &quot;2022-02-25T16:18:08.774Z&quot;,
                &quot;status&quot;: &quot;PENDING&quot;
            },
            {
                &quot;time&quot;: &quot;2022-02-25T16:18:08.809Z&quot;,
                &quot;status&quot;: &quot;SEND&quot;
            },
            {
                &quot;time&quot;: &quot;2022-02-25T16:18:08.844Z&quot;,
                &quot;status&quot;: &quot;DELIVERED&quot;
            },
            {
                &quot;time&quot;: &quot;2022-02-25T16:20:48.789Z&quot;,
                &quot;status&quot;: &quot;PENDING&quot;
            },
            {
                &quot;time&quot;: &quot;2022-02-25T16:20:48.814Z&quot;,
                &quot;status&quot;: &quot;SEND&quot;
            },
            {
                &quot;time&quot;: &quot;2022-02-25T16:20:48.848Z&quot;,
                &quot;status&quot;: &quot;DELIVERED&quot;
            },
            {
                &quot;time&quot;: &quot;2022-02-25T16:21:12.421Z&quot;,
                &quot;status&quot;: &quot;PENDING&quot;
            },
            {
                &quot;time&quot;: &quot;2022-02-25T16:21:12.447Z&quot;,
                &quot;status&quot;: &quot;SEND&quot;
            },
            {
                &quot;time&quot;: &quot;2022-02-25T16:21:12.483Z&quot;,
                &quot;status&quot;: &quot;DELIVERED&quot;
            },
            {
                &quot;time&quot;: &quot;2022-02-25T16:23:50.786Z&quot;,
                &quot;status&quot;: &quot;PENDING&quot;
            },
            {
                &quot;time&quot;: &quot;2022-02-25T16:23:50.811Z&quot;,
                &quot;status&quot;: &quot;SEND&quot;
            }
        ],
        &quot;status&quot;: &quot;DELIVERED&quot;
    },
    &quot;creationTime&quot;: &quot;2022-02-25T15:47:06.397Z&quot;,
    &quot;deviceId&quot;: &quot;14656331&quot;,
    &quot;deviceName&quot;: &quot;mythic_beasts_pi_all_jobs_sag&quot;,
    &quot;self&quot;: &quot;https://t493319102.eu-latest.cumulocity.com/devicecontrol/operations/14656720&quot;,
    &quot;id&quot;: &quot;14656720&quot;,
    &quot;status&quot;: &quot;PENDING&quot;,
    &quot;c8y_LogfileRequest&quot;: {
        &quot;searchText&quot;: &quot;&quot;,
        &quot;logFile&quot;: &quot;software-management&quot;,
        &quot;dateTo&quot;: &quot;2021-11-21T18:55:49+0530&quot;,
        &quot;dateFrom&quot;: &quot;2021-11-15T18:55:49+0530&quot;,
        &quot;maximumLines&quot;: 300
    },
    &quot;description&quot;: &quot;Log file request&quot;
}
16:24:47 DEBUG Final URL of the request: https://thin-edge-io.eu-latest.cumulocity.com/devicecontrol/operations?deviceId=14656331&amp;pageSize=1&amp;revert=true&amp;dateFrom=1970-01-01T00%3A00%3A00.000Z
16:24:47 INFO  State of current operation: PENDING
16:24:47 DEBUG Final URL of the request: https://thin-edge-io.eu-latest.cumulocity.com/devicecontrol/operations?deviceId=14656331&amp;pageSize=1&amp;revert=true&amp;dateFrom=1970-01-01T00%3A00%3A00.000Z
16:24:47 DEBUG State of current operation: {
    &quot;delivery&quot;: {
        &quot;time&quot;: &quot;2022-02-25T16:23:50.846Z&quot;,
        &quot;log&quot;: [
            {
                &quot;time&quot;: &quot;2022-02-25T15:47:06.415Z&quot;,
                &quot;status&quot;: &quot;PENDING&quot;
            },
            {
                &quot;time&quot;: &quot;2022-02-25T15:47:06.422Z&quot;,
                &quot;status&quot;: &quot;SEND&quot;
            },
            {
                &quot;time&quot;: &quot;2022-02-25T15:47:06.459Z&quot;,
                &quot;status&quot;: &quot;DELIVERED&quot;
            },
            {
                &quot;time&quot;: &quot;2022-02-25T15:48:13.784Z&quot;,
                &quot;status&quot;: &quot;PENDING&quot;
            },
            {
                &quot;time&quot;: &quot;2022-02-25T15:48:13.807Z&quot;,
                &quot;status&quot;: &quot;SEND&quot;
            },
            {
                &quot;time&quot;: &quot;2022-02-25T15:48:13.843Z&quot;,
                &quot;status&quot;: &quot;DELIVERED&quot;
            },
            {
                &quot;time&quot;: &quot;2022-02-25T15:49:26.171Z&quot;,
                &quot;status&quot;: &quot;PENDING&quot;
            },
            {
                &quot;time&quot;: &quot;2022-02-25T15:49:26.195Z&quot;,
                &quot;status&quot;: &quot;SEND&quot;
            },
            {
                &quot;time&quot;: &quot;2022-02-25T15:49:26.231Z&quot;,
                &quot;status&quot;: &quot;DELIVERED&quot;
            },
            {
                &quot;time&quot;: &quot;2022-02-25T15:50:40.517Z&quot;,
                &quot;status&quot;: &quot;PENDING&quot;
            },
            {
                &quot;time&quot;: &quot;2022-02-25T15:50:40.541Z&quot;,
                &quot;status&quot;: &quot;SEND&quot;
            },
            {
                &quot;time&quot;: &quot;2022-02-25T15:50:40.580Z&quot;,
                &quot;status&quot;: &quot;DELIVERED&quot;
            },
            {
                &quot;time&quot;: &quot;2022-02-25T15:51:54.139Z&quot;,
                &quot;status&quot;: &quot;PENDING&quot;
            },
            {
                &quot;time&quot;: &quot;2022-02-25T15:51:54.159Z&quot;,
                &quot;status&quot;: &quot;SEND&quot;
            },
            {
                &quot;time&quot;: &quot;2022-02-25T15:51:54.191Z&quot;,
                &quot;status&quot;: &quot;DELIVERED&quot;
            },
            {
                &quot;time&quot;: &quot;2022-02-25T15:52:34.081Z&quot;,
                &quot;status&quot;: &quot;PENDING&quot;
            },
            {
                &quot;time&quot;: &quot;2022-02-25T15:52:34.101Z&quot;,
                &quot;status&quot;: &quot;SEND&quot;
            },
            {
                &quot;time&quot;: &quot;2022-02-25T15:52:34.134Z&quot;,
                &quot;status&quot;: &quot;DELIVERED&quot;
            },
            {
                &quot;time&quot;: &quot;2022-02-25T15:53:26.503Z&quot;,
                &quot;status&quot;: &quot;PENDING&quot;
            },
            {
                &quot;time&quot;: &quot;2022-02-25T15:53:26.525Z&quot;,
                &quot;status&quot;: &quot;SEND&quot;
            },
            {
                &quot;time&quot;: &quot;2022-02-25T15:53:26.557Z&quot;,
                &quot;status&quot;: &quot;DELIVERED&quot;
            },
            {
                &quot;time&quot;: &quot;2022-02-25T15:54:17.893Z&quot;,
                &quot;status&quot;: &quot;PENDING&quot;
            },
            {
                &quot;time&quot;: &quot;2022-02-25T15:54:17.914Z&quot;,
                &quot;status&quot;: &quot;SEND&quot;
            },
            {
                &quot;time&quot;: &quot;2022-02-25T15:54:17.948Z&quot;,
                &quot;status&quot;: &quot;DELIVERED&quot;
            },
            {
                &quot;time&quot;: &quot;2022-02-25T15:54:59.004Z&quot;,
                &quot;status&quot;: &quot;PENDING&quot;
            },
            {
                &quot;time&quot;: &quot;2022-02-25T15:54:59.029Z&quot;,
                &quot;status&quot;: &quot;SEND&quot;
            },
            {
                &quot;time&quot;: &quot;2022-02-25T15:54:59.061Z&quot;,
                &quot;status&quot;: &quot;DELIVERED&quot;
            },
            {
                &quot;time&quot;: &quot;2022-02-25T15:57:14.375Z&quot;,
                &quot;status&quot;: &quot;PENDING&quot;
            },
            {
                &quot;time&quot;: &quot;2022-02-25T15:57:14.398Z&quot;,
                &quot;status&quot;: &quot;SEND&quot;
            },
            {
                &quot;time&quot;: &quot;2022-02-25T15:57:14.436Z&quot;,
                &quot;status&quot;: &quot;DELIVERED&quot;
            },
            {
                &quot;time&quot;: &quot;2022-02-25T15:59:40.014Z&quot;,
                &quot;status&quot;: &quot;PENDING&quot;
            },
            {
                &quot;time&quot;: &quot;2022-02-25T15:59:40.037Z&quot;,
                &quot;status&quot;: &quot;SEND&quot;
            },
            {
                &quot;time&quot;: &quot;2022-02-25T15:59:40.082Z&quot;,
                &quot;status&quot;: &quot;DELIVERED&quot;
            },
            {
                &quot;time&quot;: &quot;2022-02-25T16:00:03.129Z&quot;,
                &quot;status&quot;: &quot;PENDING&quot;
            },
            {
                &quot;time&quot;: &quot;2022-02-25T16:00:03.162Z&quot;,
                &quot;status&quot;: &quot;SEND&quot;
            },
            {
                &quot;time&quot;: &quot;2022-02-25T16:00:03.193Z&quot;,
                &quot;status&quot;: &quot;DELIVERED&quot;
            },
            {
                &quot;time&quot;: &quot;2022-02-25T16:00:26.743Z&quot;,
                &quot;status&quot;: &quot;PENDING&quot;
            },
            {
                &quot;time&quot;: &quot;2022-02-25T16:00:26.765Z&quot;,
                &quot;status&quot;: &quot;SEND&quot;
            },
            {
                &quot;time&quot;: &quot;2022-02-25T16:00:26.800Z&quot;,
                &quot;status&quot;: &quot;DELIVERED&quot;
            },
            {
                &quot;time&quot;: &quot;2022-02-25T16:00:51.687Z&quot;,
                &quot;status&quot;: &quot;PENDING&quot;
            },
            {
                &quot;time&quot;: &quot;2022-02-25T16:00:51.712Z&quot;,
                &quot;status&quot;: &quot;SEND&quot;
            },
            {
                &quot;time&quot;: &quot;2022-02-25T16:00:51.746Z&quot;,
                &quot;status&quot;: &quot;DELIVERED&quot;
            },
            {
                &quot;time&quot;: &quot;2022-02-25T16:01:29.375Z&quot;,
                &quot;status&quot;: &quot;PENDING&quot;
            },
            {
                &quot;time&quot;: &quot;2022-02-25T16:01:29.398Z&quot;,
                &quot;status&quot;: &quot;SEND&quot;
            },
            {
                &quot;time&quot;: &quot;2022-02-25T16:01:29.435Z&quot;,
                &quot;status&quot;: &quot;DELIVERED&quot;
            },
            {
                &quot;time&quot;: &quot;2022-02-25T16:01:52.649Z&quot;,
                &quot;status&quot;: &quot;PENDING&quot;
            },
            {
                &quot;time&quot;: &quot;2022-02-25T16:01:52.672Z&quot;,
                &quot;status&quot;: &quot;SEND&quot;
            },
            {
                &quot;time&quot;: &quot;2022-02-25T16:01:52.707Z&quot;,
                &quot;status&quot;: &quot;DELIVERED&quot;
            },
            {
                &quot;time&quot;: &quot;2022-02-25T16:02:18.471Z&quot;,
                &quot;status&quot;: &quot;PENDING&quot;
            },
            {
                &quot;time&quot;: &quot;2022-02-25T16:02:18.497Z&quot;,
                &quot;status&quot;: &quot;SEND&quot;
            },
            {
                &quot;time&quot;: &quot;2022-02-25T16:02:18.531Z&quot;,
                &quot;status&quot;: &quot;DELIVERED&quot;
            },
            {
                &quot;time&quot;: &quot;2022-02-25T16:18:08.774Z&quot;,
                &quot;status&quot;: &quot;PENDING&quot;
            },
            {
                &quot;time&quot;: &quot;2022-02-25T16:18:08.809Z&quot;,
                &quot;status&quot;: &quot;SEND&quot;
            },
            {
                &quot;time&quot;: &quot;2022-02-25T16:18:08.844Z&quot;,
                &quot;status&quot;: &quot;DELIVERED&quot;
            },
            {
                &quot;time&quot;: &quot;2022-02-25T16:20:48.789Z&quot;,
                &quot;status&quot;: &quot;PENDING&quot;
            },
            {
                &quot;time&quot;: &quot;2022-02-25T16:20:48.814Z&quot;,
                &quot;status&quot;: &quot;SEND&quot;
            },
            {
                &quot;time&quot;: &quot;2022-02-25T16:20:48.848Z&quot;,
                &quot;status&quot;: &quot;DELIVERED&quot;
            },
            {
                &quot;time&quot;: &quot;2022-02-25T16:21:12.421Z&quot;,
                &quot;status&quot;: &quot;PENDING&quot;
            },
            {
                &quot;time&quot;: &quot;2022-02-25T16:21:12.447Z&quot;,
                &quot;status&quot;: &quot;SEND&quot;
            },
            {
                &quot;time&quot;: &quot;2022-02-25T16:21:12.483Z&quot;,
                &quot;status&quot;: &quot;DELIVERED&quot;
            },
            {
                &quot;time&quot;: &quot;2022-02-25T16:23:50.786Z&quot;,
                &quot;status&quot;: &quot;PENDING&quot;
            },
            {
                &quot;time&quot;: &quot;2022-02-25T16:23:50.811Z&quot;,
                &quot;status&quot;: &quot;SEND&quot;
            }
        ],
        &quot;status&quot;: &quot;DELIVERED&quot;
    },
    &quot;creationTime&quot;: &quot;2022-02-25T15:47:06.397Z&quot;,
    &quot;deviceId&quot;: &quot;14656331&quot;,
    &quot;deviceName&quot;: &quot;mythic_beasts_pi_all_jobs_sag&quot;,
    &quot;self&quot;: &quot;https://t493319102.eu-latest.cumulocity.com/devicecontrol/operations/14656720&quot;,
    &quot;id&quot;: &quot;14656720&quot;,
    &quot;status&quot;: &quot;PENDING&quot;,
    &quot;c8y_LogfileRequest&quot;: {
        &quot;searchText&quot;: &quot;&quot;,
        &quot;logFile&quot;: &quot;software-management&quot;,
        &quot;dateTo&quot;: &quot;2021-11-21T18:55:49+0530&quot;,
        &quot;dateFrom&quot;: &quot;2021-11-15T18:55:49+0530&quot;,
        &quot;maximumLines&quot;: 300
    },
    &quot;description&quot;: &quot;Log file request&quot;
}
16:24:49 DEBUG Final URL of the request: https://thin-edge-io.eu-latest.cumulocity.com/devicecontrol/operations?deviceId=14656331&amp;pageSize=1&amp;revert=true&amp;dateFrom=1970-01-01T00%3A00%3A00.000Z
16:24:49 INFO  State of current operation: PENDING
16:24:49 DEBUG Final URL of the request: https://thin-edge-io.eu-latest.cumulocity.com/devicecontrol/operations?deviceId=14656331&amp;pageSize=1&amp;revert=true&amp;dateFrom=1970-01-01T00%3A00%3A00.000Z
16:24:49 DEBUG State of current operation: {
    &quot;delivery&quot;: {
        &quot;time&quot;: &quot;2022-02-25T16:23:50.846Z&quot;,
        &quot;log&quot;: [
            {
                &quot;time&quot;: &quot;2022-02-25T15:47:06.415Z&quot;,
                &quot;status&quot;: &quot;PENDING&quot;
            },
            {
                &quot;time&quot;: &quot;2022-02-25T15:47:06.422Z&quot;,
                &quot;status&quot;: &quot;SEND&quot;
            },
            {
                &quot;time&quot;: &quot;2022-02-25T15:47:06.459Z&quot;,
                &quot;status&quot;: &quot;DELIVERED&quot;
            },
            {
                &quot;time&quot;: &quot;2022-02-25T15:48:13.784Z&quot;,
                &quot;status&quot;: &quot;PENDING&quot;
            },
            {
                &quot;time&quot;: &quot;2022-02-25T15:48:13.807Z&quot;,
                &quot;status&quot;: &quot;SEND&quot;
            },
            {
                &quot;time&quot;: &quot;2022-02-25T15:48:13.843Z&quot;,
                &quot;status&quot;: &quot;DELIVERED&quot;
            },
            {
                &quot;time&quot;: &quot;2022-02-25T15:49:26.171Z&quot;,
                &quot;status&quot;: &quot;PENDING&quot;
            },
            {
                &quot;time&quot;: &quot;2022-02-25T15:49:26.195Z&quot;,
                &quot;status&quot;: &quot;SEND&quot;
            },
            {
                &quot;time&quot;: &quot;2022-02-25T15:49:26.231Z&quot;,
                &quot;status&quot;: &quot;DELIVERED&quot;
            },
            {
                &quot;time&quot;: &quot;2022-02-25T15:50:40.517Z&quot;,
                &quot;status&quot;: &quot;PENDING&quot;
            },
            {
                &quot;time&quot;: &quot;2022-02-25T15:50:40.541Z&quot;,
                &quot;status&quot;: &quot;SEND&quot;
            },
            {
                &quot;time&quot;: &quot;2022-02-25T15:50:40.580Z&quot;,
                &quot;status&quot;: &quot;DELIVERED&quot;
            },
            {
                &quot;time&quot;: &quot;2022-02-25T15:51:54.139Z&quot;,
                &quot;status&quot;: &quot;PENDING&quot;
            },
            {
                &quot;time&quot;: &quot;2022-02-25T15:51:54.159Z&quot;,
                &quot;status&quot;: &quot;SEND&quot;
            },
            {
                &quot;time&quot;: &quot;2022-02-25T15:51:54.191Z&quot;,
                &quot;status&quot;: &quot;DELIVERED&quot;
            },
            {
                &quot;time&quot;: &quot;2022-02-25T15:52:34.081Z&quot;,
                &quot;status&quot;: &quot;PENDING&quot;
            },
            {
                &quot;time&quot;: &quot;2022-02-25T15:52:34.101Z&quot;,
                &quot;status&quot;: &quot;SEND&quot;
            },
            {
                &quot;time&quot;: &quot;2022-02-25T15:52:34.134Z&quot;,
                &quot;status&quot;: &quot;DELIVERED&quot;
            },
            {
                &quot;time&quot;: &quot;2022-02-25T15:53:26.503Z&quot;,
                &quot;status&quot;: &quot;PENDING&quot;
            },
            {
                &quot;time&quot;: &quot;2022-02-25T15:53:26.525Z&quot;,
                &quot;status&quot;: &quot;SEND&quot;
            },
            {
                &quot;time&quot;: &quot;2022-02-25T15:53:26.557Z&quot;,
                &quot;status&quot;: &quot;DELIVERED&quot;
            },
            {
                &quot;time&quot;: &quot;2022-02-25T15:54:17.893Z&quot;,
                &quot;status&quot;: &quot;PENDING&quot;
            },
            {
                &quot;time&quot;: &quot;2022-02-25T15:54:17.914Z&quot;,
                &quot;status&quot;: &quot;SEND&quot;
            },
            {
                &quot;time&quot;: &quot;2022-02-25T15:54:17.948Z&quot;,
                &quot;status&quot;: &quot;DELIVERED&quot;
            },
            {
                &quot;time&quot;: &quot;2022-02-25T15:54:59.004Z&quot;,
                &quot;status&quot;: &quot;PENDING&quot;
            },
            {
                &quot;time&quot;: &quot;2022-02-25T15:54:59.029Z&quot;,
                &quot;status&quot;: &quot;SEND&quot;
            },
            {
                &quot;time&quot;: &quot;2022-02-25T15:54:59.061Z&quot;,
                &quot;status&quot;: &quot;DELIVERED&quot;
            },
            {
                &quot;time&quot;: &quot;2022-02-25T15:57:14.375Z&quot;,
                &quot;status&quot;: &quot;PENDING&quot;
            },
            {
                &quot;time&quot;: &quot;2022-02-25T15:57:14.398Z&quot;,
                &quot;status&quot;: &quot;SEND&quot;
            },
            {
                &quot;time&quot;: &quot;2022-02-25T15:57:14.436Z&quot;,
                &quot;status&quot;: &quot;DELIVERED&quot;
            },
            {
                &quot;time&quot;: &quot;2022-02-25T15:59:40.014Z&quot;,
                &quot;status&quot;: &quot;PENDING&quot;
            },
            {
                &quot;time&quot;: &quot;2022-02-25T15:59:40.037Z&quot;,
                &quot;status&quot;: &quot;SEND&quot;
            },
            {
                &quot;time&quot;: &quot;2022-02-25T15:59:40.082Z&quot;,
                &quot;status&quot;: &quot;DELIVERED&quot;
            },
            {
                &quot;time&quot;: &quot;2022-02-25T16:00:03.129Z&quot;,
                &quot;status&quot;: &quot;PENDING&quot;
            },
            {
                &quot;time&quot;: &quot;2022-02-25T16:00:03.162Z&quot;,
                &quot;status&quot;: &quot;SEND&quot;
            },
            {
                &quot;time&quot;: &quot;2022-02-25T16:00:03.193Z&quot;,
                &quot;status&quot;: &quot;DELIVERED&quot;
            },
            {
                &quot;time&quot;: &quot;2022-02-25T16:00:26.743Z&quot;,
                &quot;status&quot;: &quot;PENDING&quot;
            },
            {
                &quot;time&quot;: &quot;2022-02-25T16:00:26.765Z&quot;,
                &quot;status&quot;: &quot;SEND&quot;
            },
            {
                &quot;time&quot;: &quot;2022-02-25T16:00:26.800Z&quot;,
                &quot;status&quot;: &quot;DELIVERED&quot;
            },
            {
                &quot;time&quot;: &quot;2022-02-25T16:00:51.687Z&quot;,
                &quot;status&quot;: &quot;PENDING&quot;
            },
            {
                &quot;time&quot;: &quot;2022-02-25T16:00:51.712Z&quot;,
                &quot;status&quot;: &quot;SEND&quot;
            },
            {
                &quot;time&quot;: &quot;2022-02-25T16:00:51.746Z&quot;,
                &quot;status&quot;: &quot;DELIVERED&quot;
            },
            {
                &quot;time&quot;: &quot;2022-02-25T16:01:29.375Z&quot;,
                &quot;status&quot;: &quot;PENDING&quot;
            },
            {
                &quot;time&quot;: &quot;2022-02-25T16:01:29.398Z&quot;,
                &quot;status&quot;: &quot;SEND&quot;
            },
            {
                &quot;time&quot;: &quot;2022-02-25T16:01:29.435Z&quot;,
                &quot;status&quot;: &quot;DELIVERED&quot;
            },
            {
                &quot;time&quot;: &quot;2022-02-25T16:01:52.649Z&quot;,
                &quot;status&quot;: &quot;PENDING&quot;
            },
            {
                &quot;time&quot;: &quot;2022-02-25T16:01:52.672Z&quot;,
                &quot;status&quot;: &quot;SEND&quot;
            },
            {
                &quot;time&quot;: &quot;2022-02-25T16:01:52.707Z&quot;,
                &quot;status&quot;: &quot;DELIVERED&quot;
            },
            {
                &quot;time&quot;: &quot;2022-02-25T16:02:18.471Z&quot;,
                &quot;status&quot;: &quot;PENDING&quot;
            },
            {
                &quot;time&quot;: &quot;2022-02-25T16:02:18.497Z&quot;,
                &quot;status&quot;: &quot;SEND&quot;
            },
            {
                &quot;time&quot;: &quot;2022-02-25T16:02:18.531Z&quot;,
                &quot;status&quot;: &quot;DELIVERED&quot;
            },
            {
                &quot;time&quot;: &quot;2022-02-25T16:18:08.774Z&quot;,
                &quot;status&quot;: &quot;PENDING&quot;
            },
            {
                &quot;time&quot;: &quot;2022-02-25T16:18:08.809Z&quot;,
                &quot;status&quot;: &quot;SEND&quot;
            },
            {
                &quot;time&quot;: &quot;2022-02-25T16:18:08.844Z&quot;,
                &quot;status&quot;: &quot;DELIVERED&quot;
            },
            {
                &quot;time&quot;: &quot;2022-02-25T16:20:48.789Z&quot;,
                &quot;status&quot;: &quot;PENDING&quot;
            },
            {
                &quot;time&quot;: &quot;2022-02-25T16:20:48.814Z&quot;,
                &quot;status&quot;: &quot;SEND&quot;
            },
            {
                &quot;time&quot;: &quot;2022-02-25T16:20:48.848Z&quot;,
                &quot;status&quot;: &quot;DELIVERED&quot;
            },
            {
                &quot;time&quot;: &quot;2022-02-25T16:21:12.421Z&quot;,
                &quot;status&quot;: &quot;PENDING&quot;
            },
            {
                &quot;time&quot;: &quot;2022-02-25T16:21:12.447Z&quot;,
                &quot;status&quot;: &quot;SEND&quot;
            },
            {
                &quot;time&quot;: &quot;2022-02-25T16:21:12.483Z&quot;,
                &quot;status&quot;: &quot;DELIVERED&quot;
            },
            {
                &quot;time&quot;: &quot;2022-02-25T16:23:50.786Z&quot;,
                &quot;status&quot;: &quot;PENDING&quot;
            },
            {
                &quot;time&quot;: &quot;2022-02-25T16:23:50.811Z&quot;,
                &quot;status&quot;: &quot;SEND&quot;
            }
        ],
        &quot;status&quot;: &quot;DELIVERED&quot;
    },
    &quot;creationTime&quot;: &quot;2022-02-25T15:47:06.397Z&quot;,
    &quot;deviceId&quot;: &quot;14656331&quot;,
    &quot;deviceName&quot;: &quot;mythic_beasts_pi_all_jobs_sag&quot;,
    &quot;self&quot;: &quot;https://t493319102.eu-latest.cumulocity.com/devicecontrol/operations/14656720&quot;,
    &quot;id&quot;: &quot;14656720&quot;,
    &quot;status&quot;: &quot;PENDING&quot;,
    &quot;c8y_LogfileRequest&quot;: {
        &quot;searchText&quot;: &quot;&quot;,
        &quot;logFile&quot;: &quot;software-management&quot;,
        &quot;dateTo&quot;: &quot;2021-11-21T18:55:49+0530&quot;,
        &quot;dateFrom&quot;: &quot;2021-11-15T18:55:49+0530&quot;,
        &quot;maximumLines&quot;: 300
    },
    &quot;description&quot;: &quot;Log file request&quot;
}
16:24:51 DEBUG Final URL of the request: https://thin-edge-io.eu-latest.cumulocity.com/devicecontrol/operations?deviceId=14656331&amp;pageSize=1&amp;revert=true&amp;dateFrom=1970-01-01T00%3A00%3A00.000Z
16:24:51 INFO  State of current operation: PENDING
16:24:51 DEBUG Final URL of the request: https://thin-edge-io.eu-latest.cumulocity.com/devicecontrol/operations?deviceId=14656331&amp;pageSize=1&amp;revert=true&amp;dateFrom=1970-01-01T00%3A00%3A00.000Z
16:24:51 DEBUG State of current operation: {
    &quot;delivery&quot;: {
        &quot;time&quot;: &quot;2022-02-25T16:23:50.846Z&quot;,
        &quot;log&quot;: [
            {
                &quot;time&quot;: &quot;2022-02-25T15:47:06.415Z&quot;,
                &quot;status&quot;: &quot;PENDING&quot;
            },
            {
                &quot;time&quot;: &quot;2022-02-25T15:47:06.422Z&quot;,
                &quot;status&quot;: &quot;SEND&quot;
            },
            {
                &quot;time&quot;: &quot;2022-02-25T15:47:06.459Z&quot;,
                &quot;status&quot;: &quot;DELIVERED&quot;
            },
            {
                &quot;time&quot;: &quot;2022-02-25T15:48:13.784Z&quot;,
                &quot;status&quot;: &quot;PENDING&quot;
            },
            {
                &quot;time&quot;: &quot;2022-02-25T15:48:13.807Z&quot;,
                &quot;status&quot;: &quot;SEND&quot;
            },
            {
                &quot;time&quot;: &quot;2022-02-25T15:48:13.843Z&quot;,
                &quot;status&quot;: &quot;DELIVERED&quot;
            },
            {
                &quot;time&quot;: &quot;2022-02-25T15:49:26.171Z&quot;,
                &quot;status&quot;: &quot;PENDING&quot;
            },
            {
                &quot;time&quot;: &quot;2022-02-25T15:49:26.195Z&quot;,
                &quot;status&quot;: &quot;SEND&quot;
            },
            {
                &quot;time&quot;: &quot;2022-02-25T15:49:26.231Z&quot;,
                &quot;status&quot;: &quot;DELIVERED&quot;
            },
            {
                &quot;time&quot;: &quot;2022-02-25T15:50:40.517Z&quot;,
                &quot;status&quot;: &quot;PENDING&quot;
            },
            {
                &quot;time&quot;: &quot;2022-02-25T15:50:40.541Z&quot;,
                &quot;status&quot;: &quot;SEND&quot;
            },
            {
                &quot;time&quot;: &quot;2022-02-25T15:50:40.580Z&quot;,
                &quot;status&quot;: &quot;DELIVERED&quot;
            },
            {
                &quot;time&quot;: &quot;2022-02-25T15:51:54.139Z&quot;,
                &quot;status&quot;: &quot;PENDING&quot;
            },
            {
                &quot;time&quot;: &quot;2022-02-25T15:51:54.159Z&quot;,
                &quot;status&quot;: &quot;SEND&quot;
            },
            {
                &quot;time&quot;: &quot;2022-02-25T15:51:54.191Z&quot;,
                &quot;status&quot;: &quot;DELIVERED&quot;
            },
            {
                &quot;time&quot;: &quot;2022-02-25T15:52:34.081Z&quot;,
                &quot;status&quot;: &quot;PENDING&quot;
            },
            {
                &quot;time&quot;: &quot;2022-02-25T15:52:34.101Z&quot;,
                &quot;status&quot;: &quot;SEND&quot;
            },
            {
                &quot;time&quot;: &quot;2022-02-25T15:52:34.134Z&quot;,
                &quot;status&quot;: &quot;DELIVERED&quot;
            },
            {
                &quot;time&quot;: &quot;2022-02-25T15:53:26.503Z&quot;,
                &quot;status&quot;: &quot;PENDING&quot;
            },
            {
                &quot;time&quot;: &quot;2022-02-25T15:53:26.525Z&quot;,
                &quot;status&quot;: &quot;SEND&quot;
            },
            {
                &quot;time&quot;: &quot;2022-02-25T15:53:26.557Z&quot;,
                &quot;status&quot;: &quot;DELIVERED&quot;
            },
            {
                &quot;time&quot;: &quot;2022-02-25T15:54:17.893Z&quot;,
                &quot;status&quot;: &quot;PENDING&quot;
            },
            {
                &quot;time&quot;: &quot;2022-02-25T15:54:17.914Z&quot;,
                &quot;status&quot;: &quot;SEND&quot;
            },
            {
                &quot;time&quot;: &quot;2022-02-25T15:54:17.948Z&quot;,
                &quot;status&quot;: &quot;DELIVERED&quot;
            },
            {
                &quot;time&quot;: &quot;2022-02-25T15:54:59.004Z&quot;,
                &quot;status&quot;: &quot;PENDING&quot;
            },
            {
                &quot;time&quot;: &quot;2022-02-25T15:54:59.029Z&quot;,
                &quot;status&quot;: &quot;SEND&quot;
            },
            {
                &quot;time&quot;: &quot;2022-02-25T15:54:59.061Z&quot;,
                &quot;status&quot;: &quot;DELIVERED&quot;
            },
            {
                &quot;time&quot;: &quot;2022-02-25T15:57:14.375Z&quot;,
                &quot;status&quot;: &quot;PENDING&quot;
            },
            {
                &quot;time&quot;: &quot;2022-02-25T15:57:14.398Z&quot;,
                &quot;status&quot;: &quot;SEND&quot;
            },
            {
                &quot;time&quot;: &quot;2022-02-25T15:57:14.436Z&quot;,
                &quot;status&quot;: &quot;DELIVERED&quot;
            },
            {
                &quot;time&quot;: &quot;2022-02-25T15:59:40.014Z&quot;,
                &quot;status&quot;: &quot;PENDING&quot;
            },
            {
                &quot;time&quot;: &quot;2022-02-25T15:59:40.037Z&quot;,
                &quot;status&quot;: &quot;SEND&quot;
            },
            {
                &quot;time&quot;: &quot;2022-02-25T15:59:40.082Z&quot;,
                &quot;status&quot;: &quot;DELIVERED&quot;
            },
            {
                &quot;time&quot;: &quot;2022-02-25T16:00:03.129Z&quot;,
                &quot;status&quot;: &quot;PENDING&quot;
            },
            {
                &quot;time&quot;: &quot;2022-02-25T16:00:03.162Z&quot;,
                &quot;status&quot;: &quot;SEND&quot;
            },
            {
                &quot;time&quot;: &quot;2022-02-25T16:00:03.193Z&quot;,
                &quot;status&quot;: &quot;DELIVERED&quot;
            },
            {
                &quot;time&quot;: &quot;2022-02-25T16:00:26.743Z&quot;,
                &quot;status&quot;: &quot;PENDING&quot;
            },
            {
                &quot;time&quot;: &quot;2022-02-25T16:00:26.765Z&quot;,
                &quot;status&quot;: &quot;SEND&quot;
            },
            {
                &quot;time&quot;: &quot;2022-02-25T16:00:26.800Z&quot;,
                &quot;status&quot;: &quot;DELIVERED&quot;
            },
            {
                &quot;time&quot;: &quot;2022-02-25T16:00:51.687Z&quot;,
                &quot;status&quot;: &quot;PENDING&quot;
            },
            {
                &quot;time&quot;: &quot;2022-02-25T16:00:51.712Z&quot;,
                &quot;status&quot;: &quot;SEND&quot;
            },
            {
                &quot;time&quot;: &quot;2022-02-25T16:00:51.746Z&quot;,
                &quot;status&quot;: &quot;DELIVERED&quot;
            },
            {
                &quot;time&quot;: &quot;2022-02-25T16:01:29.375Z&quot;,
                &quot;status&quot;: &quot;PENDING&quot;
            },
            {
                &quot;time&quot;: &quot;2022-02-25T16:01:29.398Z&quot;,
                &quot;status&quot;: &quot;SEND&quot;
            },
            {
                &quot;time&quot;: &quot;2022-02-25T16:01:29.435Z&quot;,
                &quot;status&quot;: &quot;DELIVERED&quot;
            },
            {
                &quot;time&quot;: &quot;2022-02-25T16:01:52.649Z&quot;,
                &quot;status&quot;: &quot;PENDING&quot;
            },
            {
                &quot;time&quot;: &quot;2022-02-25T16:01:52.672Z&quot;,
                &quot;status&quot;: &quot;SEND&quot;
            },
            {
                &quot;time&quot;: &quot;2022-02-25T16:01:52.707Z&quot;,
                &quot;status&quot;: &quot;DELIVERED&quot;
            },
            {
                &quot;time&quot;: &quot;2022-02-25T16:02:18.471Z&quot;,
                &quot;status&quot;: &quot;PENDING&quot;
            },
            {
                &quot;time&quot;: &quot;2022-02-25T16:02:18.497Z&quot;,
                &quot;status&quot;: &quot;SEND&quot;
            },
            {
                &quot;time&quot;: &quot;2022-02-25T16:02:18.531Z&quot;,
                &quot;status&quot;: &quot;DELIVERED&quot;
            },
            {
                &quot;time&quot;: &quot;2022-02-25T16:18:08.774Z&quot;,
                &quot;status&quot;: &quot;PENDING&quot;
            },
            {
                &quot;time&quot;: &quot;2022-02-25T16:18:08.809Z&quot;,
                &quot;status&quot;: &quot;SEND&quot;
            },
            {
                &quot;time&quot;: &quot;2022-02-25T16:18:08.844Z&quot;,
                &quot;status&quot;: &quot;DELIVERED&quot;
            },
            {
                &quot;time&quot;: &quot;2022-02-25T16:20:48.789Z&quot;,
                &quot;status&quot;: &quot;PENDING&quot;
            },
            {
                &quot;time&quot;: &quot;2022-02-25T16:20:48.814Z&quot;,
                &quot;status&quot;: &quot;SEND&quot;
            },
            {
                &quot;time&quot;: &quot;2022-02-25T16:20:48.848Z&quot;,
                &quot;status&quot;: &quot;DELIVERED&quot;
            },
            {
                &quot;time&quot;: &quot;2022-02-25T16:21:12.421Z&quot;,
                &quot;status&quot;: &quot;PENDING&quot;
            },
            {
                &quot;time&quot;: &quot;2022-02-25T16:21:12.447Z&quot;,
                &quot;status&quot;: &quot;SEND&quot;
            },
            {
                &quot;time&quot;: &quot;2022-02-25T16:21:12.483Z&quot;,
                &quot;status&quot;: &quot;DELIVERED&quot;
            },
            {
                &quot;time&quot;: &quot;2022-02-25T16:23:50.786Z&quot;,
                &quot;status&quot;: &quot;PENDING&quot;
            },
            {
                &quot;time&quot;: &quot;2022-02-25T16:23:50.811Z&quot;,
                &quot;status&quot;: &quot;SEND&quot;
            }
        ],
        &quot;status&quot;: &quot;DELIVERED&quot;
    },
    &quot;creationTime&quot;: &quot;2022-02-25T15:47:06.397Z&quot;,
    &quot;deviceId&quot;: &quot;14656331&quot;,
    &quot;deviceName&quot;: &quot;mythic_beasts_pi_all_jobs_sag&quot;,
    &quot;self&quot;: &quot;https://t493319102.eu-latest.cumulocity.com/devicecontrol/operations/14656720&quot;,
    &quot;id&quot;: &quot;14656720&quot;,
    &quot;status&quot;: &quot;PENDING&quot;,
    &quot;c8y_LogfileRequest&quot;: {
        &quot;searchText&quot;: &quot;&quot;,
        &quot;logFile&quot;: &quot;software-management&quot;,
        &quot;dateTo&quot;: &quot;2021-11-21T18:55:49+0530&quot;,
        &quot;dateFrom&quot;: &quot;2021-11-15T18:55:49+0530&quot;,
        &quot;maximumLines&quot;: 300
    },
    &quot;description&quot;: &quot;Log file request&quot;
}
16:24:53 DEBUG Final URL of the request: https://thin-edge-io.eu-latest.cumulocity.com/devicecontrol/operations?deviceId=14656331&amp;pageSize=1&amp;revert=true&amp;dateFrom=1970-01-01T00%3A00%3A00.000Z
16:24:53 INFO  State of current operation: PENDING
16:24:53 DEBUG Final URL of the request: https://thin-edge-io.eu-latest.cumulocity.com/devicecontrol/operations?deviceId=14656331&amp;pageSize=1&amp;revert=true&amp;dateFrom=1970-01-01T00%3A00%3A00.000Z
16:24:53 DEBUG State of current operation: {
    &quot;delivery&quot;: {
        &quot;time&quot;: &quot;2022-02-25T16:23:50.846Z&quot;,
        &quot;log&quot;: [
            {
                &quot;time&quot;: &quot;2022-02-25T15:47:06.415Z&quot;,
                &quot;status&quot;: &quot;PENDING&quot;
            },
            {
                &quot;time&quot;: &quot;2022-02-25T15:47:06.422Z&quot;,
                &quot;status&quot;: &quot;SEND&quot;
            },
            {
                &quot;time&quot;: &quot;2022-02-25T15:47:06.459Z&quot;,
                &quot;status&quot;: &quot;DELIVERED&quot;
            },
            {
                &quot;time&quot;: &quot;2022-02-25T15:48:13.784Z&quot;,
                &quot;status&quot;: &quot;PENDING&quot;
            },
            {
                &quot;time&quot;: &quot;2022-02-25T15:48:13.807Z&quot;,
                &quot;status&quot;: &quot;SEND&quot;
            },
            {
                &quot;time&quot;: &quot;2022-02-25T15:48:13.843Z&quot;,
                &quot;status&quot;: &quot;DELIVERED&quot;
            },
            {
                &quot;time&quot;: &quot;2022-02-25T15:49:26.171Z&quot;,
                &quot;status&quot;: &quot;PENDING&quot;
            },
            {
                &quot;time&quot;: &quot;2022-02-25T15:49:26.195Z&quot;,
                &quot;status&quot;: &quot;SEND&quot;
            },
            {
                &quot;time&quot;: &quot;2022-02-25T15:49:26.231Z&quot;,
                &quot;status&quot;: &quot;DELIVERED&quot;
            },
            {
                &quot;time&quot;: &quot;2022-02-25T15:50:40.517Z&quot;,
                &quot;status&quot;: &quot;PENDING&quot;
            },
            {
                &quot;time&quot;: &quot;2022-02-25T15:50:40.541Z&quot;,
                &quot;status&quot;: &quot;SEND&quot;
            },
            {
                &quot;time&quot;: &quot;2022-02-25T15:50:40.580Z&quot;,
                &quot;status&quot;: &quot;DELIVERED&quot;
            },
            {
                &quot;time&quot;: &quot;2022-02-25T15:51:54.139Z&quot;,
                &quot;status&quot;: &quot;PENDING&quot;
            },
            {
                &quot;time&quot;: &quot;2022-02-25T15:51:54.159Z&quot;,
                &quot;status&quot;: &quot;SEND&quot;
            },
            {
                &quot;time&quot;: &quot;2022-02-25T15:51:54.191Z&quot;,
                &quot;status&quot;: &quot;DELIVERED&quot;
            },
            {
                &quot;time&quot;: &quot;2022-02-25T15:52:34.081Z&quot;,
                &quot;status&quot;: &quot;PENDING&quot;
            },
            {
                &quot;time&quot;: &quot;2022-02-25T15:52:34.101Z&quot;,
                &quot;status&quot;: &quot;SEND&quot;
            },
            {
                &quot;time&quot;: &quot;2022-02-25T15:52:34.134Z&quot;,
                &quot;status&quot;: &quot;DELIVERED&quot;
            },
            {
                &quot;time&quot;: &quot;2022-02-25T15:53:26.503Z&quot;,
                &quot;status&quot;: &quot;PENDING&quot;
            },
            {
                &quot;time&quot;: &quot;2022-02-25T15:53:26.525Z&quot;,
                &quot;status&quot;: &quot;SEND&quot;
            },
            {
                &quot;time&quot;: &quot;2022-02-25T15:53:26.557Z&quot;,
                &quot;status&quot;: &quot;DELIVERED&quot;
            },
            {
                &quot;time&quot;: &quot;2022-02-25T15:54:17.893Z&quot;,
                &quot;status&quot;: &quot;PENDING&quot;
            },
            {
                &quot;time&quot;: &quot;2022-02-25T15:54:17.914Z&quot;,
                &quot;status&quot;: &quot;SEND&quot;
            },
            {
                &quot;time&quot;: &quot;2022-02-25T15:54:17.948Z&quot;,
                &quot;status&quot;: &quot;DELIVERED&quot;
            },
            {
                &quot;time&quot;: &quot;2022-02-25T15:54:59.004Z&quot;,
                &quot;status&quot;: &quot;PENDING&quot;
            },
            {
                &quot;time&quot;: &quot;2022-02-25T15:54:59.029Z&quot;,
                &quot;status&quot;: &quot;SEND&quot;
            },
            {
                &quot;time&quot;: &quot;2022-02-25T15:54:59.061Z&quot;,
                &quot;status&quot;: &quot;DELIVERED&quot;
            },
            {
                &quot;time&quot;: &quot;2022-02-25T15:57:14.375Z&quot;,
                &quot;status&quot;: &quot;PENDING&quot;
            },
            {
                &quot;time&quot;: &quot;2022-02-25T15:57:14.398Z&quot;,
                &quot;status&quot;: &quot;SEND&quot;
            },
            {
                &quot;time&quot;: &quot;2022-02-25T15:57:14.436Z&quot;,
                &quot;status&quot;: &quot;DELIVERED&quot;
            },
            {
                &quot;time&quot;: &quot;2022-02-25T15:59:40.014Z&quot;,
                &quot;status&quot;: &quot;PENDING&quot;
            },
            {
                &quot;time&quot;: &quot;2022-02-25T15:59:40.037Z&quot;,
                &quot;status&quot;: &quot;SEND&quot;
            },
            {
                &quot;time&quot;: &quot;2022-02-25T15:59:40.082Z&quot;,
                &quot;status&quot;: &quot;DELIVERED&quot;
            },
            {
                &quot;time&quot;: &quot;2022-02-25T16:00:03.129Z&quot;,
                &quot;status&quot;: &quot;PENDING&quot;
            },
            {
                &quot;time&quot;: &quot;2022-02-25T16:00:03.162Z&quot;,
                &quot;status&quot;: &quot;SEND&quot;
            },
            {
                &quot;time&quot;: &quot;2022-02-25T16:00:03.193Z&quot;,
                &quot;status&quot;: &quot;DELIVERED&quot;
            },
            {
                &quot;time&quot;: &quot;2022-02-25T16:00:26.743Z&quot;,
                &quot;status&quot;: &quot;PENDING&quot;
            },
            {
                &quot;time&quot;: &quot;2022-02-25T16:00:26.765Z&quot;,
                &quot;status&quot;: &quot;SEND&quot;
            },
            {
                &quot;time&quot;: &quot;2022-02-25T16:00:26.800Z&quot;,
                &quot;status&quot;: &quot;DELIVERED&quot;
            },
            {
                &quot;time&quot;: &quot;2022-02-25T16:00:51.687Z&quot;,
                &quot;status&quot;: &quot;PENDING&quot;
            },
            {
                &quot;time&quot;: &quot;2022-02-25T16:00:51.712Z&quot;,
                &quot;status&quot;: &quot;SEND&quot;
            },
            {
                &quot;time&quot;: &quot;2022-02-25T16:00:51.746Z&quot;,
                &quot;status&quot;: &quot;DELIVERED&quot;
            },
            {
                &quot;time&quot;: &quot;2022-02-25T16:01:29.375Z&quot;,
                &quot;status&quot;: &quot;PENDING&quot;
            },
            {
                &quot;time&quot;: &quot;2022-02-25T16:01:29.398Z&quot;,
                &quot;status&quot;: &quot;SEND&quot;
            },
            {
                &quot;time&quot;: &quot;2022-02-25T16:01:29.435Z&quot;,
                &quot;status&quot;: &quot;DELIVERED&quot;
            },
            {
                &quot;time&quot;: &quot;2022-02-25T16:01:52.649Z&quot;,
                &quot;status&quot;: &quot;PENDING&quot;
            },
            {
                &quot;time&quot;: &quot;2022-02-25T16:01:52.672Z&quot;,
                &quot;status&quot;: &quot;SEND&quot;
            },
            {
                &quot;time&quot;: &quot;2022-02-25T16:01:52.707Z&quot;,
                &quot;status&quot;: &quot;DELIVERED&quot;
            },
            {
                &quot;time&quot;: &quot;2022-02-25T16:02:18.471Z&quot;,
                &quot;status&quot;: &quot;PENDING&quot;
            },
            {
                &quot;time&quot;: &quot;2022-02-25T16:02:18.497Z&quot;,
                &quot;status&quot;: &quot;SEND&quot;
            },
            {
                &quot;time&quot;: &quot;2022-02-25T16:02:18.531Z&quot;,
                &quot;status&quot;: &quot;DELIVERED&quot;
            },
            {
                &quot;time&quot;: &quot;2022-02-25T16:18:08.774Z&quot;,
                &quot;status&quot;: &quot;PENDING&quot;
            },
            {
                &quot;time&quot;: &quot;2022-02-25T16:18:08.809Z&quot;,
                &quot;status&quot;: &quot;SEND&quot;
            },
            {
                &quot;time&quot;: &quot;2022-02-25T16:18:08.844Z&quot;,
                &quot;status&quot;: &quot;DELIVERED&quot;
            },
            {
                &quot;time&quot;: &quot;2022-02-25T16:20:48.789Z&quot;,
                &quot;status&quot;: &quot;PENDING&quot;
            },
            {
                &quot;time&quot;: &quot;2022-02-25T16:20:48.814Z&quot;,
                &quot;status&quot;: &quot;SEND&quot;
            },
            {
                &quot;time&quot;: &quot;2022-02-25T16:20:48.848Z&quot;,
                &quot;status&quot;: &quot;DELIVERED&quot;
            },
            {
                &quot;time&quot;: &quot;2022-02-25T16:21:12.421Z&quot;,
                &quot;status&quot;: &quot;PENDING&quot;
            },
            {
                &quot;time&quot;: &quot;2022-02-25T16:21:12.447Z&quot;,
                &quot;status&quot;: &quot;SEND&quot;
            },
            {
                &quot;time&quot;: &quot;2022-02-25T16:21:12.483Z&quot;,
                &quot;status&quot;: &quot;DELIVERED&quot;
            },
            {
                &quot;time&quot;: &quot;2022-02-25T16:23:50.786Z&quot;,
                &quot;status&quot;: &quot;PENDING&quot;
            },
            {
                &quot;time&quot;: &quot;2022-02-25T16:23:50.811Z&quot;,
                &quot;status&quot;: &quot;SEND&quot;
            }
        ],
        &quot;status&quot;: &quot;DELIVERED&quot;
    },
    &quot;creationTime&quot;: &quot;2022-02-25T15:47:06.397Z&quot;,
    &quot;deviceId&quot;: &quot;14656331&quot;,
    &quot;deviceName&quot;: &quot;mythic_beasts_pi_all_jobs_sag&quot;,
    &quot;self&quot;: &quot;https://t493319102.eu-latest.cumulocity.com/devicecontrol/operations/14656720&quot;,
    &quot;id&quot;: &quot;14656720&quot;,
    &quot;status&quot;: &quot;PENDING&quot;,
    &quot;c8y_LogfileRequest&quot;: {
        &quot;searchText&quot;: &quot;&quot;,
        &quot;logFile&quot;: &quot;software-management&quot;,
        &quot;dateTo&quot;: &quot;2021-11-21T18:55:49+0530&quot;,
        &quot;dateFrom&quot;: &quot;2021-11-15T18:55:49+0530&quot;,
        &quot;maximumLines&quot;: 300
    },
    &quot;description&quot;: &quot;Log file request&quot;
}
16:24:56 DEBUG Final URL of the request: https://thin-edge-io.eu-latest.cumulocity.com/devicecontrol/operations?deviceId=14656331&amp;pageSize=1&amp;revert=true&amp;dateFrom=1970-01-01T00%3A00%3A00.000Z
16:24:56 INFO  State of current operation: PENDING
16:24:56 DEBUG Final URL of the request: https://thin-edge-io.eu-latest.cumulocity.com/devicecontrol/operations?deviceId=14656331&amp;pageSize=1&amp;revert=true&amp;dateFrom=1970-01-01T00%3A00%3A00.000Z
16:24:56 DEBUG State of current operation: {
    &quot;delivery&quot;: {
        &quot;time&quot;: &quot;2022-02-25T16:23:50.846Z&quot;,
        &quot;log&quot;: [
            {
                &quot;time&quot;: &quot;2022-02-25T15:47:06.415Z&quot;,
                &quot;status&quot;: &quot;PENDING&quot;
            },
            {
                &quot;time&quot;: &quot;2022-02-25T15:47:06.422Z&quot;,
                &quot;status&quot;: &quot;SEND&quot;
            },
            {
                &quot;time&quot;: &quot;2022-02-25T15:47:06.459Z&quot;,
                &quot;status&quot;: &quot;DELIVERED&quot;
            },
            {
                &quot;time&quot;: &quot;2022-02-25T15:48:13.784Z&quot;,
                &quot;status&quot;: &quot;PENDING&quot;
            },
            {
                &quot;time&quot;: &quot;2022-02-25T15:48:13.807Z&quot;,
                &quot;status&quot;: &quot;SEND&quot;
            },
            {
                &quot;time&quot;: &quot;2022-02-25T15:48:13.843Z&quot;,
                &quot;status&quot;: &quot;DELIVERED&quot;
            },
            {
                &quot;time&quot;: &quot;2022-02-25T15:49:26.171Z&quot;,
                &quot;status&quot;: &quot;PENDING&quot;
            },
            {
                &quot;time&quot;: &quot;2022-02-25T15:49:26.195Z&quot;,
                &quot;status&quot;: &quot;SEND&quot;
            },
            {
                &quot;time&quot;: &quot;2022-02-25T15:49:26.231Z&quot;,
                &quot;status&quot;: &quot;DELIVERED&quot;
            },
            {
                &quot;time&quot;: &quot;2022-02-25T15:50:40.517Z&quot;,
                &quot;status&quot;: &quot;PENDING&quot;
            },
            {
                &quot;time&quot;: &quot;2022-02-25T15:50:40.541Z&quot;,
                &quot;status&quot;: &quot;SEND&quot;
            },
            {
                &quot;time&quot;: &quot;2022-02-25T15:50:40.580Z&quot;,
                &quot;status&quot;: &quot;DELIVERED&quot;
            },
            {
                &quot;time&quot;: &quot;2022-02-25T15:51:54.139Z&quot;,
                &quot;status&quot;: &quot;PENDING&quot;
            },
            {
                &quot;time&quot;: &quot;2022-02-25T15:51:54.159Z&quot;,
                &quot;status&quot;: &quot;SEND&quot;
            },
            {
                &quot;time&quot;: &quot;2022-02-25T15:51:54.191Z&quot;,
                &quot;status&quot;: &quot;DELIVERED&quot;
            },
            {
                &quot;time&quot;: &quot;2022-02-25T15:52:34.081Z&quot;,
                &quot;status&quot;: &quot;PENDING&quot;
            },
            {
                &quot;time&quot;: &quot;2022-02-25T15:52:34.101Z&quot;,
                &quot;status&quot;: &quot;SEND&quot;
            },
            {
                &quot;time&quot;: &quot;2022-02-25T15:52:34.134Z&quot;,
                &quot;status&quot;: &quot;DELIVERED&quot;
            },
            {
                &quot;time&quot;: &quot;2022-02-25T15:53:26.503Z&quot;,
                &quot;status&quot;: &quot;PENDING&quot;
            },
            {
                &quot;time&quot;: &quot;2022-02-25T15:53:26.525Z&quot;,
                &quot;status&quot;: &quot;SEND&quot;
            },
            {
                &quot;time&quot;: &quot;2022-02-25T15:53:26.557Z&quot;,
                &quot;status&quot;: &quot;DELIVERED&quot;
            },
            {
                &quot;time&quot;: &quot;2022-02-25T15:54:17.893Z&quot;,
                &quot;status&quot;: &quot;PENDING&quot;
            },
            {
                &quot;time&quot;: &quot;2022-02-25T15:54:17.914Z&quot;,
                &quot;status&quot;: &quot;SEND&quot;
            },
            {
                &quot;time&quot;: &quot;2022-02-25T15:54:17.948Z&quot;,
                &quot;status&quot;: &quot;DELIVERED&quot;
            },
            {
                &quot;time&quot;: &quot;2022-02-25T15:54:59.004Z&quot;,
                &quot;status&quot;: &quot;PENDING&quot;
            },
            {
                &quot;time&quot;: &quot;2022-02-25T15:54:59.029Z&quot;,
                &quot;status&quot;: &quot;SEND&quot;
            },
            {
                &quot;time&quot;: &quot;2022-02-25T15:54:59.061Z&quot;,
                &quot;status&quot;: &quot;DELIVERED&quot;
            },
            {
                &quot;time&quot;: &quot;2022-02-25T15:57:14.375Z&quot;,
                &quot;status&quot;: &quot;PENDING&quot;
            },
            {
                &quot;time&quot;: &quot;2022-02-25T15:57:14.398Z&quot;,
                &quot;status&quot;: &quot;SEND&quot;
            },
            {
                &quot;time&quot;: &quot;2022-02-25T15:57:14.436Z&quot;,
                &quot;status&quot;: &quot;DELIVERED&quot;
            },
            {
                &quot;time&quot;: &quot;2022-02-25T15:59:40.014Z&quot;,
                &quot;status&quot;: &quot;PENDING&quot;
            },
            {
                &quot;time&quot;: &quot;2022-02-25T15:59:40.037Z&quot;,
                &quot;status&quot;: &quot;SEND&quot;
            },
            {
                &quot;time&quot;: &quot;2022-02-25T15:59:40.082Z&quot;,
                &quot;status&quot;: &quot;DELIVERED&quot;
            },
            {
                &quot;time&quot;: &quot;2022-02-25T16:00:03.129Z&quot;,
                &quot;status&quot;: &quot;PENDING&quot;
            },
            {
                &quot;time&quot;: &quot;2022-02-25T16:00:03.162Z&quot;,
                &quot;status&quot;: &quot;SEND&quot;
            },
            {
                &quot;time&quot;: &quot;2022-02-25T16:00:03.193Z&quot;,
                &quot;status&quot;: &quot;DELIVERED&quot;
            },
            {
                &quot;time&quot;: &quot;2022-02-25T16:00:26.743Z&quot;,
                &quot;status&quot;: &quot;PENDING&quot;
            },
            {
                &quot;time&quot;: &quot;2022-02-25T16:00:26.765Z&quot;,
                &quot;status&quot;: &quot;SEND&quot;
            },
            {
                &quot;time&quot;: &quot;2022-02-25T16:00:26.800Z&quot;,
                &quot;status&quot;: &quot;DELIVERED&quot;
            },
            {
                &quot;time&quot;: &quot;2022-02-25T16:00:51.687Z&quot;,
                &quot;status&quot;: &quot;PENDING&quot;
            },
            {
                &quot;time&quot;: &quot;2022-02-25T16:00:51.712Z&quot;,
                &quot;status&quot;: &quot;SEND&quot;
            },
            {
                &quot;time&quot;: &quot;2022-02-25T16:00:51.746Z&quot;,
                &quot;status&quot;: &quot;DELIVERED&quot;
            },
            {
                &quot;time&quot;: &quot;2022-02-25T16:01:29.375Z&quot;,
                &quot;status&quot;: &quot;PENDING&quot;
            },
            {
                &quot;time&quot;: &quot;2022-02-25T16:01:29.398Z&quot;,
                &quot;status&quot;: &quot;SEND&quot;
            },
            {
                &quot;time&quot;: &quot;2022-02-25T16:01:29.435Z&quot;,
                &quot;status&quot;: &quot;DELIVERED&quot;
            },
            {
                &quot;time&quot;: &quot;2022-02-25T16:01:52.649Z&quot;,
                &quot;status&quot;: &quot;PENDING&quot;
            },
            {
                &quot;time&quot;: &quot;2022-02-25T16:01:52.672Z&quot;,
                &quot;status&quot;: &quot;SEND&quot;
            },
            {
                &quot;time&quot;: &quot;2022-02-25T16:01:52.707Z&quot;,
                &quot;status&quot;: &quot;DELIVERED&quot;
            },
            {
                &quot;time&quot;: &quot;2022-02-25T16:02:18.471Z&quot;,
                &quot;status&quot;: &quot;PENDING&quot;
            },
            {
                &quot;time&quot;: &quot;2022-02-25T16:02:18.497Z&quot;,
                &quot;status&quot;: &quot;SEND&quot;
            },
            {
                &quot;time&quot;: &quot;2022-02-25T16:02:18.531Z&quot;,
                &quot;status&quot;: &quot;DELIVERED&quot;
            },
            {
                &quot;time&quot;: &quot;2022-02-25T16:18:08.774Z&quot;,
                &quot;status&quot;: &quot;PENDING&quot;
            },
            {
                &quot;time&quot;: &quot;2022-02-25T16:18:08.809Z&quot;,
                &quot;status&quot;: &quot;SEND&quot;
            },
            {
                &quot;time&quot;: &quot;2022-02-25T16:18:08.844Z&quot;,
                &quot;status&quot;: &quot;DELIVERED&quot;
            },
            {
                &quot;time&quot;: &quot;2022-02-25T16:20:48.789Z&quot;,
                &quot;status&quot;: &quot;PENDING&quot;
            },
            {
                &quot;time&quot;: &quot;2022-02-25T16:20:48.814Z&quot;,
                &quot;status&quot;: &quot;SEND&quot;
            },
            {
                &quot;time&quot;: &quot;2022-02-25T16:20:48.848Z&quot;,
                &quot;status&quot;: &quot;DELIVERED&quot;
            },
            {
                &quot;time&quot;: &quot;2022-02-25T16:21:12.421Z&quot;,
                &quot;status&quot;: &quot;PENDING&quot;
            },
            {
                &quot;time&quot;: &quot;2022-02-25T16:21:12.447Z&quot;,
                &quot;status&quot;: &quot;SEND&quot;
            },
            {
                &quot;time&quot;: &quot;2022-02-25T16:21:12.483Z&quot;,
                &quot;status&quot;: &quot;DELIVERED&quot;
            },
            {
                &quot;time&quot;: &quot;2022-02-25T16:23:50.786Z&quot;,
                &quot;status&quot;: &quot;PENDING&quot;
            },
            {
                &quot;time&quot;: &quot;2022-02-25T16:23:50.811Z&quot;,
                &quot;status&quot;: &quot;SEND&quot;
            }
        ],
        &quot;status&quot;: &quot;DELIVERED&quot;
    },
    &quot;creationTime&quot;: &quot;2022-02-25T15:47:06.397Z&quot;,
    &quot;deviceId&quot;: &quot;14656331&quot;,
    &quot;deviceName&quot;: &quot;mythic_beasts_pi_all_jobs_sag&quot;,
    &quot;self&quot;: &quot;https://t493319102.eu-latest.cumulocity.com/devicecontrol/operations/14656720&quot;,
    &quot;id&quot;: &quot;14656720&quot;,
    &quot;status&quot;: &quot;PENDING&quot;,
    &quot;c8y_LogfileRequest&quot;: {
        &quot;searchText&quot;: &quot;&quot;,
        &quot;logFile&quot;: &quot;software-management&quot;,
        &quot;dateTo&quot;: &quot;2021-11-21T18:55:49+0530&quot;,
        &quot;dateFrom&quot;: &quot;2021-11-15T18:55:49+0530&quot;,
        &quot;maximumLines&quot;: 300
    },
    &quot;description&quot;: &quot;Log file request&quot;
}
16:24:58 DEBUG Final URL of the request: https://thin-edge-io.eu-latest.cumulocity.com/devicecontrol/operations?deviceId=14656331&amp;pageSize=1&amp;revert=true&amp;dateFrom=1970-01-01T00%3A00%3A00.000Z
16:24:58 INFO  State of current operation: PENDING
16:24:58 DEBUG Final URL of the request: https://thin-edge-io.eu-latest.cumulocity.com/devicecontrol/operations?deviceId=14656331&amp;pageSize=1&amp;revert=true&amp;dateFrom=1970-01-01T00%3A00%3A00.000Z
16:24:58 DEBUG State of current operation: {
    &quot;delivery&quot;: {
        &quot;time&quot;: &quot;2022-02-25T16:23:50.846Z&quot;,
        &quot;log&quot;: [
            {
                &quot;time&quot;: &quot;2022-02-25T15:47:06.415Z&quot;,
                &quot;status&quot;: &quot;PENDING&quot;
            },
            {
                &quot;time&quot;: &quot;2022-02-25T15:47:06.422Z&quot;,
                &quot;status&quot;: &quot;SEND&quot;
            },
            {
                &quot;time&quot;: &quot;2022-02-25T15:47:06.459Z&quot;,
                &quot;status&quot;: &quot;DELIVERED&quot;
            },
            {
                &quot;time&quot;: &quot;2022-02-25T15:48:13.784Z&quot;,
                &quot;status&quot;: &quot;PENDING&quot;
            },
            {
                &quot;time&quot;: &quot;2022-02-25T15:48:13.807Z&quot;,
                &quot;status&quot;: &quot;SEND&quot;
            },
            {
                &quot;time&quot;: &quot;2022-02-25T15:48:13.843Z&quot;,
                &quot;status&quot;: &quot;DELIVERED&quot;
            },
            {
                &quot;time&quot;: &quot;2022-02-25T15:49:26.171Z&quot;,
                &quot;status&quot;: &quot;PENDING&quot;
            },
            {
                &quot;time&quot;: &quot;2022-02-25T15:49:26.195Z&quot;,
                &quot;status&quot;: &quot;SEND&quot;
            },
            {
                &quot;time&quot;: &quot;2022-02-25T15:49:26.231Z&quot;,
                &quot;status&quot;: &quot;DELIVERED&quot;
            },
            {
                &quot;time&quot;: &quot;2022-02-25T15:50:40.517Z&quot;,
                &quot;status&quot;: &quot;PENDING&quot;
            },
            {
                &quot;time&quot;: &quot;2022-02-25T15:50:40.541Z&quot;,
                &quot;status&quot;: &quot;SEND&quot;
            },
            {
                &quot;time&quot;: &quot;2022-02-25T15:50:40.580Z&quot;,
                &quot;status&quot;: &quot;DELIVERED&quot;
            },
            {
                &quot;time&quot;: &quot;2022-02-25T15:51:54.139Z&quot;,
                &quot;status&quot;: &quot;PENDING&quot;
            },
            {
                &quot;time&quot;: &quot;2022-02-25T15:51:54.159Z&quot;,
                &quot;status&quot;: &quot;SEND&quot;
            },
            {
                &quot;time&quot;: &quot;2022-02-25T15:51:54.191Z&quot;,
                &quot;status&quot;: &quot;DELIVERED&quot;
            },
            {
                &quot;time&quot;: &quot;2022-02-25T15:52:34.081Z&quot;,
                &quot;status&quot;: &quot;PENDING&quot;
            },
            {
                &quot;time&quot;: &quot;2022-02-25T15:52:34.101Z&quot;,
                &quot;status&quot;: &quot;SEND&quot;
            },
            {
                &quot;time&quot;: &quot;2022-02-25T15:52:34.134Z&quot;,
                &quot;status&quot;: &quot;DELIVERED&quot;
            },
            {
                &quot;time&quot;: &quot;2022-02-25T15:53:26.503Z&quot;,
                &quot;status&quot;: &quot;PENDING&quot;
            },
            {
                &quot;time&quot;: &quot;2022-02-25T15:53:26.525Z&quot;,
                &quot;status&quot;: &quot;SEND&quot;
            },
            {
                &quot;time&quot;: &quot;2022-02-25T15:53:26.557Z&quot;,
                &quot;status&quot;: &quot;DELIVERED&quot;
            },
            {
                &quot;time&quot;: &quot;2022-02-25T15:54:17.893Z&quot;,
                &quot;status&quot;: &quot;PENDING&quot;
            },
            {
                &quot;time&quot;: &quot;2022-02-25T15:54:17.914Z&quot;,
                &quot;status&quot;: &quot;SEND&quot;
            },
            {
                &quot;time&quot;: &quot;2022-02-25T15:54:17.948Z&quot;,
                &quot;status&quot;: &quot;DELIVERED&quot;
            },
            {
                &quot;time&quot;: &quot;2022-02-25T15:54:59.004Z&quot;,
                &quot;status&quot;: &quot;PENDING&quot;
            },
            {
                &quot;time&quot;: &quot;2022-02-25T15:54:59.029Z&quot;,
                &quot;status&quot;: &quot;SEND&quot;
            },
            {
                &quot;time&quot;: &quot;2022-02-25T15:54:59.061Z&quot;,
                &quot;status&quot;: &quot;DELIVERED&quot;
            },
            {
                &quot;time&quot;: &quot;2022-02-25T15:57:14.375Z&quot;,
                &quot;status&quot;: &quot;PENDING&quot;
            },
            {
                &quot;time&quot;: &quot;2022-02-25T15:57:14.398Z&quot;,
                &quot;status&quot;: &quot;SEND&quot;
            },
            {
                &quot;time&quot;: &quot;2022-02-25T15:57:14.436Z&quot;,
                &quot;status&quot;: &quot;DELIVERED&quot;
            },
            {
                &quot;time&quot;: &quot;2022-02-25T15:59:40.014Z&quot;,
                &quot;status&quot;: &quot;PENDING&quot;
            },
            {
                &quot;time&quot;: &quot;2022-02-25T15:59:40.037Z&quot;,
                &quot;status&quot;: &quot;SEND&quot;
            },
            {
                &quot;time&quot;: &quot;2022-02-25T15:59:40.082Z&quot;,
                &quot;status&quot;: &quot;DELIVERED&quot;
            },
            {
                &quot;time&quot;: &quot;2022-02-25T16:00:03.129Z&quot;,
                &quot;status&quot;: &quot;PENDING&quot;
            },
            {
                &quot;time&quot;: &quot;2022-02-25T16:00:03.162Z&quot;,
                &quot;status&quot;: &quot;SEND&quot;
            },
            {
                &quot;time&quot;: &quot;2022-02-25T16:00:03.193Z&quot;,
                &quot;status&quot;: &quot;DELIVERED&quot;
            },
            {
                &quot;time&quot;: &quot;2022-02-25T16:00:26.743Z&quot;,
                &quot;status&quot;: &quot;PENDING&quot;
            },
            {
                &quot;time&quot;: &quot;2022-02-25T16:00:26.765Z&quot;,
                &quot;status&quot;: &quot;SEND&quot;
            },
            {
                &quot;time&quot;: &quot;2022-02-25T16:00:26.800Z&quot;,
                &quot;status&quot;: &quot;DELIVERED&quot;
            },
            {
                &quot;time&quot;: &quot;2022-02-25T16:00:51.687Z&quot;,
                &quot;status&quot;: &quot;PENDING&quot;
            },
            {
                &quot;time&quot;: &quot;2022-02-25T16:00:51.712Z&quot;,
                &quot;status&quot;: &quot;SEND&quot;
            },
            {
                &quot;time&quot;: &quot;2022-02-25T16:00:51.746Z&quot;,
                &quot;status&quot;: &quot;DELIVERED&quot;
            },
            {
                &quot;time&quot;: &quot;2022-02-25T16:01:29.375Z&quot;,
                &quot;status&quot;: &quot;PENDING&quot;
            },
            {
                &quot;time&quot;: &quot;2022-02-25T16:01:29.398Z&quot;,
                &quot;status&quot;: &quot;SEND&quot;
            },
            {
                &quot;time&quot;: &quot;2022-02-25T16:01:29.435Z&quot;,
                &quot;status&quot;: &quot;DELIVERED&quot;
            },
            {
                &quot;time&quot;: &quot;2022-02-25T16:01:52.649Z&quot;,
                &quot;status&quot;: &quot;PENDING&quot;
            },
            {
                &quot;time&quot;: &quot;2022-02-25T16:01:52.672Z&quot;,
                &quot;status&quot;: &quot;SEND&quot;
            },
            {
                &quot;time&quot;: &quot;2022-02-25T16:01:52.707Z&quot;,
                &quot;status&quot;: &quot;DELIVERED&quot;
            },
            {
                &quot;time&quot;: &quot;2022-02-25T16:02:18.471Z&quot;,
                &quot;status&quot;: &quot;PENDING&quot;
            },
            {
                &quot;time&quot;: &quot;2022-02-25T16:02:18.497Z&quot;,
                &quot;status&quot;: &quot;SEND&quot;
            },
            {
                &quot;time&quot;: &quot;2022-02-25T16:02:18.531Z&quot;,
                &quot;status&quot;: &quot;DELIVERED&quot;
            },
            {
                &quot;time&quot;: &quot;2022-02-25T16:18:08.774Z&quot;,
                &quot;status&quot;: &quot;PENDING&quot;
            },
            {
                &quot;time&quot;: &quot;2022-02-25T16:18:08.809Z&quot;,
                &quot;status&quot;: &quot;SEND&quot;
            },
            {
                &quot;time&quot;: &quot;2022-02-25T16:18:08.844Z&quot;,
                &quot;status&quot;: &quot;DELIVERED&quot;
            },
            {
                &quot;time&quot;: &quot;2022-02-25T16:20:48.789Z&quot;,
                &quot;status&quot;: &quot;PENDING&quot;
            },
            {
                &quot;time&quot;: &quot;2022-02-25T16:20:48.814Z&quot;,
                &quot;status&quot;: &quot;SEND&quot;
            },
            {
                &quot;time&quot;: &quot;2022-02-25T16:20:48.848Z&quot;,
                &quot;status&quot;: &quot;DELIVERED&quot;
            },
            {
                &quot;time&quot;: &quot;2022-02-25T16:21:12.421Z&quot;,
                &quot;status&quot;: &quot;PENDING&quot;
            },
            {
                &quot;time&quot;: &quot;2022-02-25T16:21:12.447Z&quot;,
                &quot;status&quot;: &quot;SEND&quot;
            },
            {
                &quot;time&quot;: &quot;2022-02-25T16:21:12.483Z&quot;,
                &quot;status&quot;: &quot;DELIVERED&quot;
            },
            {
                &quot;time&quot;: &quot;2022-02-25T16:23:50.786Z&quot;,
                &quot;status&quot;: &quot;PENDING&quot;
            },
            {
                &quot;time&quot;: &quot;2022-02-25T16:23:50.811Z&quot;,
                &quot;status&quot;: &quot;SEND&quot;
            }
        ],
        &quot;status&quot;: &quot;DELIVERED&quot;
    },
    &quot;creationTime&quot;: &quot;2022-02-25T15:47:06.397Z&quot;,
    &quot;deviceId&quot;: &quot;14656331&quot;,
    &quot;deviceName&quot;: &quot;mythic_beasts_pi_all_jobs_sag&quot;,
    &quot;self&quot;: &quot;https://t493319102.eu-latest.cumulocity.com/devicecontrol/operations/14656720&quot;,
    &quot;id&quot;: &quot;14656720&quot;,
    &quot;status&quot;: &quot;PENDING&quot;,
    &quot;c8y_LogfileRequest&quot;: {
        &quot;searchText&quot;: &quot;&quot;,
        &quot;logFile&quot;: &quot;software-management&quot;,
        &quot;dateTo&quot;: &quot;2021-11-21T18:55:49+0530&quot;,
        &quot;dateFrom&quot;: &quot;2021-11-15T18:55:49+0530&quot;,
        &quot;maximumLines&quot;: 300
    },
    &quot;description&quot;: &quot;Log file request&quot;
}
16:25:00 DEBUG Final URL of the request: https://thin-edge-io.eu-latest.cumulocity.com/devicecontrol/operations?deviceId=14656331&amp;pageSize=1&amp;revert=true&amp;dateFrom=1970-01-01T00%3A00%3A00.000Z
16:25:00 INFO  State of current operation: PENDING
16:25:00 DEBUG Final URL of the request: https://thin-edge-io.eu-latest.cumulocity.com/devicecontrol/operations?deviceId=14656331&amp;pageSize=1&amp;revert=true&amp;dateFrom=1970-01-01T00%3A00%3A00.000Z
16:25:00 DEBUG State of current operation: {
    &quot;delivery&quot;: {
        &quot;time&quot;: &quot;2022-02-25T16:23:50.846Z&quot;,
        &quot;log&quot;: [
            {
                &quot;time&quot;: &quot;2022-02-25T15:47:06.415Z&quot;,
                &quot;status&quot;: &quot;PENDING&quot;
            },
            {
                &quot;time&quot;: &quot;2022-02-25T15:47:06.422Z&quot;,
                &quot;status&quot;: &quot;SEND&quot;
            },
            {
                &quot;time&quot;: &quot;2022-02-25T15:47:06.459Z&quot;,
                &quot;status&quot;: &quot;DELIVERED&quot;
            },
            {
                &quot;time&quot;: &quot;2022-02-25T15:48:13.784Z&quot;,
                &quot;status&quot;: &quot;PENDING&quot;
            },
            {
                &quot;time&quot;: &quot;2022-02-25T15:48:13.807Z&quot;,
                &quot;status&quot;: &quot;SEND&quot;
            },
            {
                &quot;time&quot;: &quot;2022-02-25T15:48:13.843Z&quot;,
                &quot;status&quot;: &quot;DELIVERED&quot;
            },
            {
                &quot;time&quot;: &quot;2022-02-25T15:49:26.171Z&quot;,
                &quot;status&quot;: &quot;PENDING&quot;
            },
            {
                &quot;time&quot;: &quot;2022-02-25T15:49:26.195Z&quot;,
                &quot;status&quot;: &quot;SEND&quot;
            },
            {
                &quot;time&quot;: &quot;2022-02-25T15:49:26.231Z&quot;,
                &quot;status&quot;: &quot;DELIVERED&quot;
            },
            {
                &quot;time&quot;: &quot;2022-02-25T15:50:40.517Z&quot;,
                &quot;status&quot;: &quot;PENDING&quot;
            },
            {
                &quot;time&quot;: &quot;2022-02-25T15:50:40.541Z&quot;,
                &quot;status&quot;: &quot;SEND&quot;
            },
            {
                &quot;time&quot;: &quot;2022-02-25T15:50:40.580Z&quot;,
                &quot;status&quot;: &quot;DELIVERED&quot;
            },
            {
                &quot;time&quot;: &quot;2022-02-25T15:51:54.139Z&quot;,
                &quot;status&quot;: &quot;PENDING&quot;
            },
            {
                &quot;time&quot;: &quot;2022-02-25T15:51:54.159Z&quot;,
                &quot;status&quot;: &quot;SEND&quot;
            },
            {
                &quot;time&quot;: &quot;2022-02-25T15:51:54.191Z&quot;,
                &quot;status&quot;: &quot;DELIVERED&quot;
            },
            {
                &quot;time&quot;: &quot;2022-02-25T15:52:34.081Z&quot;,
                &quot;status&quot;: &quot;PENDING&quot;
            },
            {
                &quot;time&quot;: &quot;2022-02-25T15:52:34.101Z&quot;,
                &quot;status&quot;: &quot;SEND&quot;
            },
            {
                &quot;time&quot;: &quot;2022-02-25T15:52:34.134Z&quot;,
                &quot;status&quot;: &quot;DELIVERED&quot;
            },
            {
                &quot;time&quot;: &quot;2022-02-25T15:53:26.503Z&quot;,
                &quot;status&quot;: &quot;PENDING&quot;
            },
            {
                &quot;time&quot;: &quot;2022-02-25T15:53:26.525Z&quot;,
                &quot;status&quot;: &quot;SEND&quot;
            },
            {
                &quot;time&quot;: &quot;2022-02-25T15:53:26.557Z&quot;,
                &quot;status&quot;: &quot;DELIVERED&quot;
            },
            {
                &quot;time&quot;: &quot;2022-02-25T15:54:17.893Z&quot;,
                &quot;status&quot;: &quot;PENDING&quot;
            },
            {
                &quot;time&quot;: &quot;2022-02-25T15:54:17.914Z&quot;,
                &quot;status&quot;: &quot;SEND&quot;
            },
            {
                &quot;time&quot;: &quot;2022-02-25T15:54:17.948Z&quot;,
                &quot;status&quot;: &quot;DELIVERED&quot;
            },
            {
                &quot;time&quot;: &quot;2022-02-25T15:54:59.004Z&quot;,
                &quot;status&quot;: &quot;PENDING&quot;
            },
            {
                &quot;time&quot;: &quot;2022-02-25T15:54:59.029Z&quot;,
                &quot;status&quot;: &quot;SEND&quot;
            },
            {
                &quot;time&quot;: &quot;2022-02-25T15:54:59.061Z&quot;,
                &quot;status&quot;: &quot;DELIVERED&quot;
            },
            {
                &quot;time&quot;: &quot;2022-02-25T15:57:14.375Z&quot;,
                &quot;status&quot;: &quot;PENDING&quot;
            },
            {
                &quot;time&quot;: &quot;2022-02-25T15:57:14.398Z&quot;,
                &quot;status&quot;: &quot;SEND&quot;
            },
            {
                &quot;time&quot;: &quot;2022-02-25T15:57:14.436Z&quot;,
                &quot;status&quot;: &quot;DELIVERED&quot;
            },
            {
                &quot;time&quot;: &quot;2022-02-25T15:59:40.014Z&quot;,
                &quot;status&quot;: &quot;PENDING&quot;
            },
            {
                &quot;time&quot;: &quot;2022-02-25T15:59:40.037Z&quot;,
                &quot;status&quot;: &quot;SEND&quot;
            },
            {
                &quot;time&quot;: &quot;2022-02-25T15:59:40.082Z&quot;,
                &quot;status&quot;: &quot;DELIVERED&quot;
            },
            {
                &quot;time&quot;: &quot;2022-02-25T16:00:03.129Z&quot;,
                &quot;status&quot;: &quot;PENDING&quot;
            },
            {
                &quot;time&quot;: &quot;2022-02-25T16:00:03.162Z&quot;,
                &quot;status&quot;: &quot;SEND&quot;
            },
            {
                &quot;time&quot;: &quot;2022-02-25T16:00:03.193Z&quot;,
                &quot;status&quot;: &quot;DELIVERED&quot;
            },
            {
                &quot;time&quot;: &quot;2022-02-25T16:00:26.743Z&quot;,
                &quot;status&quot;: &quot;PENDING&quot;
            },
            {
                &quot;time&quot;: &quot;2022-02-25T16:00:26.765Z&quot;,
                &quot;status&quot;: &quot;SEND&quot;
            },
            {
                &quot;time&quot;: &quot;2022-02-25T16:00:26.800Z&quot;,
                &quot;status&quot;: &quot;DELIVERED&quot;
            },
            {
                &quot;time&quot;: &quot;2022-02-25T16:00:51.687Z&quot;,
                &quot;status&quot;: &quot;PENDING&quot;
            },
            {
                &quot;time&quot;: &quot;2022-02-25T16:00:51.712Z&quot;,
                &quot;status&quot;: &quot;SEND&quot;
            },
            {
                &quot;time&quot;: &quot;2022-02-25T16:00:51.746Z&quot;,
                &quot;status&quot;: &quot;DELIVERED&quot;
            },
            {
                &quot;time&quot;: &quot;2022-02-25T16:01:29.375Z&quot;,
                &quot;status&quot;: &quot;PENDING&quot;
            },
            {
                &quot;time&quot;: &quot;2022-02-25T16:01:29.398Z&quot;,
                &quot;status&quot;: &quot;SEND&quot;
            },
            {
                &quot;time&quot;: &quot;2022-02-25T16:01:29.435Z&quot;,
                &quot;status&quot;: &quot;DELIVERED&quot;
            },
            {
                &quot;time&quot;: &quot;2022-02-25T16:01:52.649Z&quot;,
                &quot;status&quot;: &quot;PENDING&quot;
            },
            {
                &quot;time&quot;: &quot;2022-02-25T16:01:52.672Z&quot;,
                &quot;status&quot;: &quot;SEND&quot;
            },
            {
                &quot;time&quot;: &quot;2022-02-25T16:01:52.707Z&quot;,
                &quot;status&quot;: &quot;DELIVERED&quot;
            },
            {
                &quot;time&quot;: &quot;2022-02-25T16:02:18.471Z&quot;,
                &quot;status&quot;: &quot;PENDING&quot;
            },
            {
                &quot;time&quot;: &quot;2022-02-25T16:02:18.497Z&quot;,
                &quot;status&quot;: &quot;SEND&quot;
            },
            {
                &quot;time&quot;: &quot;2022-02-25T16:02:18.531Z&quot;,
                &quot;status&quot;: &quot;DELIVERED&quot;
            },
            {
                &quot;time&quot;: &quot;2022-02-25T16:18:08.774Z&quot;,
                &quot;status&quot;: &quot;PENDING&quot;
            },
            {
                &quot;time&quot;: &quot;2022-02-25T16:18:08.809Z&quot;,
                &quot;status&quot;: &quot;SEND&quot;
            },
            {
                &quot;time&quot;: &quot;2022-02-25T16:18:08.844Z&quot;,
                &quot;status&quot;: &quot;DELIVERED&quot;
            },
            {
                &quot;time&quot;: &quot;2022-02-25T16:20:48.789Z&quot;,
                &quot;status&quot;: &quot;PENDING&quot;
            },
            {
                &quot;time&quot;: &quot;2022-02-25T16:20:48.814Z&quot;,
                &quot;status&quot;: &quot;SEND&quot;
            },
            {
                &quot;time&quot;: &quot;2022-02-25T16:20:48.848Z&quot;,
                &quot;status&quot;: &quot;DELIVERED&quot;
            },
            {
                &quot;time&quot;: &quot;2022-02-25T16:21:12.421Z&quot;,
                &quot;status&quot;: &quot;PENDING&quot;
            },
            {
                &quot;time&quot;: &quot;2022-02-25T16:21:12.447Z&quot;,
                &quot;status&quot;: &quot;SEND&quot;
            },
            {
                &quot;time&quot;: &quot;2022-02-25T16:21:12.483Z&quot;,
                &quot;status&quot;: &quot;DELIVERED&quot;
            },
            {
                &quot;time&quot;: &quot;2022-02-25T16:23:50.786Z&quot;,
                &quot;status&quot;: &quot;PENDING&quot;
            },
            {
                &quot;time&quot;: &quot;2022-02-25T16:23:50.811Z&quot;,
                &quot;status&quot;: &quot;SEND&quot;
            }
        ],
        &quot;status&quot;: &quot;DELIVERED&quot;
    },
    &quot;creationTime&quot;: &quot;2022-02-25T15:47:06.397Z&quot;,
    &quot;deviceId&quot;: &quot;14656331&quot;,
    &quot;deviceName&quot;: &quot;mythic_beasts_pi_all_jobs_sag&quot;,
    &quot;self&quot;: &quot;https://t493319102.eu-latest.cumulocity.com/devicecontrol/operations/14656720&quot;,
    &quot;id&quot;: &quot;14656720&quot;,
    &quot;status&quot;: &quot;PENDING&quot;,
    &quot;c8y_LogfileRequest&quot;: {
        &quot;searchText&quot;: &quot;&quot;,
        &quot;logFile&quot;: &quot;software-management&quot;,
        &quot;dateTo&quot;: &quot;2021-11-21T18:55:49+0530&quot;,
        &quot;dateFrom&quot;: &quot;2021-11-15T18:55:49+0530&quot;,
        &quot;maximumLines&quot;: 300
    },
    &quot;description&quot;: &quot;Log file request&quot;
}
16:25:02 DEBUG Final URL of the request: https://thin-edge-io.eu-latest.cumulocity.com/devicecontrol/operations?deviceId=14656331&amp;pageSize=1&amp;revert=true&amp;dateFrom=1970-01-01T00%3A00%3A00.000Z
16:25:02 INFO  State of current operation: PENDING
16:25:02 DEBUG Final URL of the request: https://thin-edge-io.eu-latest.cumulocity.com/devicecontrol/operations?deviceId=14656331&amp;pageSize=1&amp;revert=true&amp;dateFrom=1970-01-01T00%3A00%3A00.000Z
16:25:02 DEBUG State of current operation: {
    &quot;delivery&quot;: {
        &quot;time&quot;: &quot;2022-02-25T16:23:50.846Z&quot;,
        &quot;log&quot;: [
            {
                &quot;time&quot;: &quot;2022-02-25T15:47:06.415Z&quot;,
                &quot;status&quot;: &quot;PENDING&quot;
            },
            {
                &quot;time&quot;: &quot;2022-02-25T15:47:06.422Z&quot;,
                &quot;status&quot;: &quot;SEND&quot;
            },
            {
                &quot;time&quot;: &quot;2022-02-25T15:47:06.459Z&quot;,
                &quot;status&quot;: &quot;DELIVERED&quot;
            },
            {
                &quot;time&quot;: &quot;2022-02-25T15:48:13.784Z&quot;,
                &quot;status&quot;: &quot;PENDING&quot;
            },
            {
                &quot;time&quot;: &quot;2022-02-25T15:48:13.807Z&quot;,
                &quot;status&quot;: &quot;SEND&quot;
            },
            {
                &quot;time&quot;: &quot;2022-02-25T15:48:13.843Z&quot;,
                &quot;status&quot;: &quot;DELIVERED&quot;
            },
            {
                &quot;time&quot;: &quot;2022-02-25T15:49:26.171Z&quot;,
                &quot;status&quot;: &quot;PENDING&quot;
            },
            {
                &quot;time&quot;: &quot;2022-02-25T15:49:26.195Z&quot;,
                &quot;status&quot;: &quot;SEND&quot;
            },
            {
                &quot;time&quot;: &quot;2022-02-25T15:49:26.231Z&quot;,
                &quot;status&quot;: &quot;DELIVERED&quot;
            },
            {
                &quot;time&quot;: &quot;2022-02-25T15:50:40.517Z&quot;,
                &quot;status&quot;: &quot;PENDING&quot;
            },
            {
                &quot;time&quot;: &quot;2022-02-25T15:50:40.541Z&quot;,
                &quot;status&quot;: &quot;SEND&quot;
            },
            {
                &quot;time&quot;: &quot;2022-02-25T15:50:40.580Z&quot;,
                &quot;status&quot;: &quot;DELIVERED&quot;
            },
            {
                &quot;time&quot;: &quot;2022-02-25T15:51:54.139Z&quot;,
                &quot;status&quot;: &quot;PENDING&quot;
            },
            {
                &quot;time&quot;: &quot;2022-02-25T15:51:54.159Z&quot;,
                &quot;status&quot;: &quot;SEND&quot;
            },
            {
                &quot;time&quot;: &quot;2022-02-25T15:51:54.191Z&quot;,
                &quot;status&quot;: &quot;DELIVERED&quot;
            },
            {
                &quot;time&quot;: &quot;2022-02-25T15:52:34.081Z&quot;,
                &quot;status&quot;: &quot;PENDING&quot;
            },
            {
                &quot;time&quot;: &quot;2022-02-25T15:52:34.101Z&quot;,
                &quot;status&quot;: &quot;SEND&quot;
            },
            {
                &quot;time&quot;: &quot;2022-02-25T15:52:34.134Z&quot;,
                &quot;status&quot;: &quot;DELIVERED&quot;
            },
            {
                &quot;time&quot;: &quot;2022-02-25T15:53:26.503Z&quot;,
                &quot;status&quot;: &quot;PENDING&quot;
            },
            {
                &quot;time&quot;: &quot;2022-02-25T15:53:26.525Z&quot;,
                &quot;status&quot;: &quot;SEND&quot;
            },
            {
                &quot;time&quot;: &quot;2022-02-25T15:53:26.557Z&quot;,
                &quot;status&quot;: &quot;DELIVERED&quot;
            },
            {
                &quot;time&quot;: &quot;2022-02-25T15:54:17.893Z&quot;,
                &quot;status&quot;: &quot;PENDING&quot;
            },
            {
                &quot;time&quot;: &quot;2022-02-25T15:54:17.914Z&quot;,
                &quot;status&quot;: &quot;SEND&quot;
            },
            {
                &quot;time&quot;: &quot;2022-02-25T15:54:17.948Z&quot;,
                &quot;status&quot;: &quot;DELIVERED&quot;
            },
            {
                &quot;time&quot;: &quot;2022-02-25T15:54:59.004Z&quot;,
                &quot;status&quot;: &quot;PENDING&quot;
            },
            {
                &quot;time&quot;: &quot;2022-02-25T15:54:59.029Z&quot;,
                &quot;status&quot;: &quot;SEND&quot;
            },
            {
                &quot;time&quot;: &quot;2022-02-25T15:54:59.061Z&quot;,
                &quot;status&quot;: &quot;DELIVERED&quot;
            },
            {
                &quot;time&quot;: &quot;2022-02-25T15:57:14.375Z&quot;,
                &quot;status&quot;: &quot;PENDING&quot;
            },
            {
                &quot;time&quot;: &quot;2022-02-25T15:57:14.398Z&quot;,
                &quot;status&quot;: &quot;SEND&quot;
            },
            {
                &quot;time&quot;: &quot;2022-02-25T15:57:14.436Z&quot;,
                &quot;status&quot;: &quot;DELIVERED&quot;
            },
            {
                &quot;time&quot;: &quot;2022-02-25T15:59:40.014Z&quot;,
                &quot;status&quot;: &quot;PENDING&quot;
            },
            {
                &quot;time&quot;: &quot;2022-02-25T15:59:40.037Z&quot;,
                &quot;status&quot;: &quot;SEND&quot;
            },
            {
                &quot;time&quot;: &quot;2022-02-25T15:59:40.082Z&quot;,
                &quot;status&quot;: &quot;DELIVERED&quot;
            },
            {
                &quot;time&quot;: &quot;2022-02-25T16:00:03.129Z&quot;,
                &quot;status&quot;: &quot;PENDING&quot;
            },
            {
                &quot;time&quot;: &quot;2022-02-25T16:00:03.162Z&quot;,
                &quot;status&quot;: &quot;SEND&quot;
            },
            {
                &quot;time&quot;: &quot;2022-02-25T16:00:03.193Z&quot;,
                &quot;status&quot;: &quot;DELIVERED&quot;
            },
            {
                &quot;time&quot;: &quot;2022-02-25T16:00:26.743Z&quot;,
                &quot;status&quot;: &quot;PENDING&quot;
            },
            {
                &quot;time&quot;: &quot;2022-02-25T16:00:26.765Z&quot;,
                &quot;status&quot;: &quot;SEND&quot;
            },
            {
                &quot;time&quot;: &quot;2022-02-25T16:00:26.800Z&quot;,
                &quot;status&quot;: &quot;DELIVERED&quot;
            },
            {
                &quot;time&quot;: &quot;2022-02-25T16:00:51.687Z&quot;,
                &quot;status&quot;: &quot;PENDING&quot;
            },
            {
                &quot;time&quot;: &quot;2022-02-25T16:00:51.712Z&quot;,
                &quot;status&quot;: &quot;SEND&quot;
            },
            {
                &quot;time&quot;: &quot;2022-02-25T16:00:51.746Z&quot;,
                &quot;status&quot;: &quot;DELIVERED&quot;
            },
            {
                &quot;time&quot;: &quot;2022-02-25T16:01:29.375Z&quot;,
                &quot;status&quot;: &quot;PENDING&quot;
            },
            {
                &quot;time&quot;: &quot;2022-02-25T16:01:29.398Z&quot;,
                &quot;status&quot;: &quot;SEND&quot;
            },
            {
                &quot;time&quot;: &quot;2022-02-25T16:01:29.435Z&quot;,
                &quot;status&quot;: &quot;DELIVERED&quot;
            },
            {
                &quot;time&quot;: &quot;2022-02-25T16:01:52.649Z&quot;,
                &quot;status&quot;: &quot;PENDING&quot;
            },
            {
                &quot;time&quot;: &quot;2022-02-25T16:01:52.672Z&quot;,
                &quot;status&quot;: &quot;SEND&quot;
            },
            {
                &quot;time&quot;: &quot;2022-02-25T16:01:52.707Z&quot;,
                &quot;status&quot;: &quot;DELIVERED&quot;
            },
            {
                &quot;time&quot;: &quot;2022-02-25T16:02:18.471Z&quot;,
                &quot;status&quot;: &quot;PENDING&quot;
            },
            {
                &quot;time&quot;: &quot;2022-02-25T16:02:18.497Z&quot;,
                &quot;status&quot;: &quot;SEND&quot;
            },
            {
                &quot;time&quot;: &quot;2022-02-25T16:02:18.531Z&quot;,
                &quot;status&quot;: &quot;DELIVERED&quot;
            },
            {
                &quot;time&quot;: &quot;2022-02-25T16:18:08.774Z&quot;,
                &quot;status&quot;: &quot;PENDING&quot;
            },
            {
                &quot;time&quot;: &quot;2022-02-25T16:18:08.809Z&quot;,
                &quot;status&quot;: &quot;SEND&quot;
            },
            {
                &quot;time&quot;: &quot;2022-02-25T16:18:08.844Z&quot;,
                &quot;status&quot;: &quot;DELIVERED&quot;
            },
            {
                &quot;time&quot;: &quot;2022-02-25T16:20:48.789Z&quot;,
                &quot;status&quot;: &quot;PENDING&quot;
            },
            {
                &quot;time&quot;: &quot;2022-02-25T16:20:48.814Z&quot;,
                &quot;status&quot;: &quot;SEND&quot;
            },
            {
                &quot;time&quot;: &quot;2022-02-25T16:20:48.848Z&quot;,
                &quot;status&quot;: &quot;DELIVERED&quot;
            },
            {
                &quot;time&quot;: &quot;2022-02-25T16:21:12.421Z&quot;,
                &quot;status&quot;: &quot;PENDING&quot;
            },
            {
                &quot;time&quot;: &quot;2022-02-25T16:21:12.447Z&quot;,
                &quot;status&quot;: &quot;SEND&quot;
            },
            {
                &quot;time&quot;: &quot;2022-02-25T16:21:12.483Z&quot;,
                &quot;status&quot;: &quot;DELIVERED&quot;
            },
            {
                &quot;time&quot;: &quot;2022-02-25T16:23:50.786Z&quot;,
                &quot;status&quot;: &quot;PENDING&quot;
            },
            {
                &quot;time&quot;: &quot;2022-02-25T16:23:50.811Z&quot;,
                &quot;status&quot;: &quot;SEND&quot;
            }
        ],
        &quot;status&quot;: &quot;DELIVERED&quot;
    },
    &quot;creationTime&quot;: &quot;2022-02-25T15:47:06.397Z&quot;,
    &quot;deviceId&quot;: &quot;14656331&quot;,
    &quot;deviceName&quot;: &quot;mythic_beasts_pi_all_jobs_sag&quot;,
    &quot;self&quot;: &quot;https://t493319102.eu-latest.cumulocity.com/devicecontrol/operations/14656720&quot;,
    &quot;id&quot;: &quot;14656720&quot;,
    &quot;status&quot;: &quot;PENDING&quot;,
    &quot;c8y_LogfileRequest&quot;: {
        &quot;searchText&quot;: &quot;&quot;,
        &quot;logFile&quot;: &quot;software-management&quot;,
        &quot;dateTo&quot;: &quot;2021-11-21T18:55:49+0530&quot;,
        &quot;dateFrom&quot;: &quot;2021-11-15T18:55:49+0530&quot;,
        &quot;maximumLines&quot;: 300
    },
    &quot;description&quot;: &quot;Log file request&quot;
}
16:25:04 DEBUG Final URL of the request: https://thin-edge-io.eu-latest.cumulocity.com/devicecontrol/operations?deviceId=14656331&amp;pageSize=1&amp;revert=true&amp;dateFrom=1970-01-01T00%3A00%3A00.000Z
16:25:04 INFO  State of current operation: PENDING
16:25:04 DEBUG Final URL of the request: https://thin-edge-io.eu-latest.cumulocity.com/devicecontrol/operations?deviceId=14656331&amp;pageSize=1&amp;revert=true&amp;dateFrom=1970-01-01T00%3A00%3A00.000Z
16:25:04 DEBUG State of current operation: {
    &quot;delivery&quot;: {
        &quot;time&quot;: &quot;2022-02-25T16:23:50.846Z&quot;,
        &quot;log&quot;: [
            {
                &quot;time&quot;: &quot;2022-02-25T15:47:06.415Z&quot;,
                &quot;status&quot;: &quot;PENDING&quot;
            },
            {
                &quot;time&quot;: &quot;2022-02-25T15:47:06.422Z&quot;,
                &quot;status&quot;: &quot;SEND&quot;
            },
            {
                &quot;time&quot;: &quot;2022-02-25T15:47:06.459Z&quot;,
                &quot;status&quot;: &quot;DELIVERED&quot;
            },
            {
                &quot;time&quot;: &quot;2022-02-25T15:48:13.784Z&quot;,
                &quot;status&quot;: &quot;PENDING&quot;
            },
            {
                &quot;time&quot;: &quot;2022-02-25T15:48:13.807Z&quot;,
                &quot;status&quot;: &quot;SEND&quot;
            },
            {
                &quot;time&quot;: &quot;2022-02-25T15:48:13.843Z&quot;,
                &quot;status&quot;: &quot;DELIVERED&quot;
            },
            {
                &quot;time&quot;: &quot;2022-02-25T15:49:26.171Z&quot;,
                &quot;status&quot;: &quot;PENDING&quot;
            },
            {
                &quot;time&quot;: &quot;2022-02-25T15:49:26.195Z&quot;,
                &quot;status&quot;: &quot;SEND&quot;
            },
            {
                &quot;time&quot;: &quot;2022-02-25T15:49:26.231Z&quot;,
                &quot;status&quot;: &quot;DELIVERED&quot;
            },
            {
                &quot;time&quot;: &quot;2022-02-25T15:50:40.517Z&quot;,
                &quot;status&quot;: &quot;PENDING&quot;
            },
            {
                &quot;time&quot;: &quot;2022-02-25T15:50:40.541Z&quot;,
                &quot;status&quot;: &quot;SEND&quot;
            },
            {
                &quot;time&quot;: &quot;2022-02-25T15:50:40.580Z&quot;,
                &quot;status&quot;: &quot;DELIVERED&quot;
            },
            {
                &quot;time&quot;: &quot;2022-02-25T15:51:54.139Z&quot;,
                &quot;status&quot;: &quot;PENDING&quot;
            },
            {
                &quot;time&quot;: &quot;2022-02-25T15:51:54.159Z&quot;,
                &quot;status&quot;: &quot;SEND&quot;
            },
            {
                &quot;time&quot;: &quot;2022-02-25T15:51:54.191Z&quot;,
                &quot;status&quot;: &quot;DELIVERED&quot;
            },
            {
                &quot;time&quot;: &quot;2022-02-25T15:52:34.081Z&quot;,
                &quot;status&quot;: &quot;PENDING&quot;
            },
            {
                &quot;time&quot;: &quot;2022-02-25T15:52:34.101Z&quot;,
                &quot;status&quot;: &quot;SEND&quot;
            },
            {
                &quot;time&quot;: &quot;2022-02-25T15:52:34.134Z&quot;,
                &quot;status&quot;: &quot;DELIVERED&quot;
            },
            {
                &quot;time&quot;: &quot;2022-02-25T15:53:26.503Z&quot;,
                &quot;status&quot;: &quot;PENDING&quot;
            },
            {
                &quot;time&quot;: &quot;2022-02-25T15:53:26.525Z&quot;,
                &quot;status&quot;: &quot;SEND&quot;
            },
            {
                &quot;time&quot;: &quot;2022-02-25T15:53:26.557Z&quot;,
                &quot;status&quot;: &quot;DELIVERED&quot;
            },
            {
                &quot;time&quot;: &quot;2022-02-25T15:54:17.893Z&quot;,
                &quot;status&quot;: &quot;PENDING&quot;
            },
            {
                &quot;time&quot;: &quot;2022-02-25T15:54:17.914Z&quot;,
                &quot;status&quot;: &quot;SEND&quot;
            },
            {
                &quot;time&quot;: &quot;2022-02-25T15:54:17.948Z&quot;,
                &quot;status&quot;: &quot;DELIVERED&quot;
            },
            {
                &quot;time&quot;: &quot;2022-02-25T15:54:59.004Z&quot;,
                &quot;status&quot;: &quot;PENDING&quot;
            },
            {
                &quot;time&quot;: &quot;2022-02-25T15:54:59.029Z&quot;,
                &quot;status&quot;: &quot;SEND&quot;
            },
            {
                &quot;time&quot;: &quot;2022-02-25T15:54:59.061Z&quot;,
                &quot;status&quot;: &quot;DELIVERED&quot;
            },
            {
                &quot;time&quot;: &quot;2022-02-25T15:57:14.375Z&quot;,
                &quot;status&quot;: &quot;PENDING&quot;
            },
            {
                &quot;time&quot;: &quot;2022-02-25T15:57:14.398Z&quot;,
                &quot;status&quot;: &quot;SEND&quot;
            },
            {
                &quot;time&quot;: &quot;2022-02-25T15:57:14.436Z&quot;,
                &quot;status&quot;: &quot;DELIVERED&quot;
            },
            {
                &quot;time&quot;: &quot;2022-02-25T15:59:40.014Z&quot;,
                &quot;status&quot;: &quot;PENDING&quot;
            },
            {
                &quot;time&quot;: &quot;2022-02-25T15:59:40.037Z&quot;,
                &quot;status&quot;: &quot;SEND&quot;
            },
            {
                &quot;time&quot;: &quot;2022-02-25T15:59:40.082Z&quot;,
                &quot;status&quot;: &quot;DELIVERED&quot;
            },
            {
                &quot;time&quot;: &quot;2022-02-25T16:00:03.129Z&quot;,
                &quot;status&quot;: &quot;PENDING&quot;
            },
            {
                &quot;time&quot;: &quot;2022-02-25T16:00:03.162Z&quot;,
                &quot;status&quot;: &quot;SEND&quot;
            },
            {
                &quot;time&quot;: &quot;2022-02-25T16:00:03.193Z&quot;,
                &quot;status&quot;: &quot;DELIVERED&quot;
            },
            {
                &quot;time&quot;: &quot;2022-02-25T16:00:26.743Z&quot;,
                &quot;status&quot;: &quot;PENDING&quot;
            },
            {
                &quot;time&quot;: &quot;2022-02-25T16:00:26.765Z&quot;,
                &quot;status&quot;: &quot;SEND&quot;
            },
            {
                &quot;time&quot;: &quot;2022-02-25T16:00:26.800Z&quot;,
                &quot;status&quot;: &quot;DELIVERED&quot;
            },
            {
                &quot;time&quot;: &quot;2022-02-25T16:00:51.687Z&quot;,
                &quot;status&quot;: &quot;PENDING&quot;
            },
            {
                &quot;time&quot;: &quot;2022-02-25T16:00:51.712Z&quot;,
                &quot;status&quot;: &quot;SEND&quot;
            },
            {
                &quot;time&quot;: &quot;2022-02-25T16:00:51.746Z&quot;,
                &quot;status&quot;: &quot;DELIVERED&quot;
            },
            {
                &quot;time&quot;: &quot;2022-02-25T16:01:29.375Z&quot;,
                &quot;status&quot;: &quot;PENDING&quot;
            },
            {
                &quot;time&quot;: &quot;2022-02-25T16:01:29.398Z&quot;,
                &quot;status&quot;: &quot;SEND&quot;
            },
            {
                &quot;time&quot;: &quot;2022-02-25T16:01:29.435Z&quot;,
                &quot;status&quot;: &quot;DELIVERED&quot;
            },
            {
                &quot;time&quot;: &quot;2022-02-25T16:01:52.649Z&quot;,
                &quot;status&quot;: &quot;PENDING&quot;
            },
            {
                &quot;time&quot;: &quot;2022-02-25T16:01:52.672Z&quot;,
                &quot;status&quot;: &quot;SEND&quot;
            },
            {
                &quot;time&quot;: &quot;2022-02-25T16:01:52.707Z&quot;,
                &quot;status&quot;: &quot;DELIVERED&quot;
            },
            {
                &quot;time&quot;: &quot;2022-02-25T16:02:18.471Z&quot;,
                &quot;status&quot;: &quot;PENDING&quot;
            },
            {
                &quot;time&quot;: &quot;2022-02-25T16:02:18.497Z&quot;,
                &quot;status&quot;: &quot;SEND&quot;
            },
            {
                &quot;time&quot;: &quot;2022-02-25T16:02:18.531Z&quot;,
                &quot;status&quot;: &quot;DELIVERED&quot;
            },
            {
                &quot;time&quot;: &quot;2022-02-25T16:18:08.774Z&quot;,
                &quot;status&quot;: &quot;PENDING&quot;
            },
            {
                &quot;time&quot;: &quot;2022-02-25T16:18:08.809Z&quot;,
                &quot;status&quot;: &quot;SEND&quot;
            },
            {
                &quot;time&quot;: &quot;2022-02-25T16:18:08.844Z&quot;,
                &quot;status&quot;: &quot;DELIVERED&quot;
            },
            {
                &quot;time&quot;: &quot;2022-02-25T16:20:48.789Z&quot;,
                &quot;status&quot;: &quot;PENDING&quot;
            },
            {
                &quot;time&quot;: &quot;2022-02-25T16:20:48.814Z&quot;,
                &quot;status&quot;: &quot;SEND&quot;
            },
            {
                &quot;time&quot;: &quot;2022-02-25T16:20:48.848Z&quot;,
                &quot;status&quot;: &quot;DELIVERED&quot;
            },
            {
                &quot;time&quot;: &quot;2022-02-25T16:21:12.421Z&quot;,
                &quot;status&quot;: &quot;PENDING&quot;
            },
            {
                &quot;time&quot;: &quot;2022-02-25T16:21:12.447Z&quot;,
                &quot;status&quot;: &quot;SEND&quot;
            },
            {
                &quot;time&quot;: &quot;2022-02-25T16:21:12.483Z&quot;,
                &quot;status&quot;: &quot;DELIVERED&quot;
            },
            {
                &quot;time&quot;: &quot;2022-02-25T16:23:50.786Z&quot;,
                &quot;status&quot;: &quot;PENDING&quot;
            },
            {
                &quot;time&quot;: &quot;2022-02-25T16:23:50.811Z&quot;,
                &quot;status&quot;: &quot;SEND&quot;
            }
        ],
        &quot;status&quot;: &quot;DELIVERED&quot;
    },
    &quot;creationTime&quot;: &quot;2022-02-25T15:47:06.397Z&quot;,
    &quot;deviceId&quot;: &quot;14656331&quot;,
    &quot;deviceName&quot;: &quot;mythic_beasts_pi_all_jobs_sag&quot;,
    &quot;self&quot;: &quot;https://t493319102.eu-latest.cumulocity.com/devicecontrol/operations/14656720&quot;,
    &quot;id&quot;: &quot;14656720&quot;,
    &quot;status&quot;: &quot;PENDING&quot;,
    &quot;c8y_LogfileRequest&quot;: {
        &quot;searchText&quot;: &quot;&quot;,
        &quot;logFile&quot;: &quot;software-management&quot;,
        &quot;dateTo&quot;: &quot;2021-11-21T18:55:49+0530&quot;,
        &quot;dateFrom&quot;: &quot;2021-11-15T18:55:49+0530&quot;,
        &quot;maximumLines&quot;: 300
    },
    &quot;description&quot;: &quot;Log file request&quot;
}
16:25:06 DEBUG Final URL of the request: https://thin-edge-io.eu-latest.cumulocity.com/devicecontrol/operations?deviceId=14656331&amp;pageSize=1&amp;revert=true&amp;dateFrom=1970-01-01T00%3A00%3A00.000Z
16:25:06 INFO  State of current operation: PENDING
16:25:06 DEBUG Final URL of the request: https://thin-edge-io.eu-latest.cumulocity.com/devicecontrol/operations?deviceId=14656331&amp;pageSize=1&amp;revert=true&amp;dateFrom=1970-01-01T00%3A00%3A00.000Z
16:25:06 DEBUG State of current operation: {
    &quot;delivery&quot;: {
        &quot;time&quot;: &quot;2022-02-25T16:23:50.846Z&quot;,
        &quot;log&quot;: [
            {
                &quot;time&quot;: &quot;2022-02-25T15:47:06.415Z&quot;,
                &quot;status&quot;: &quot;PENDING&quot;
            },
            {
                &quot;time&quot;: &quot;2022-02-25T15:47:06.422Z&quot;,
                &quot;status&quot;: &quot;SEND&quot;
            },
            {
                &quot;time&quot;: &quot;2022-02-25T15:47:06.459Z&quot;,
                &quot;status&quot;: &quot;DELIVERED&quot;
            },
            {
                &quot;time&quot;: &quot;2022-02-25T15:48:13.784Z&quot;,
                &quot;status&quot;: &quot;PENDING&quot;
            },
            {
                &quot;time&quot;: &quot;2022-02-25T15:48:13.807Z&quot;,
                &quot;status&quot;: &quot;SEND&quot;
            },
            {
                &quot;time&quot;: &quot;2022-02-25T15:48:13.843Z&quot;,
                &quot;status&quot;: &quot;DELIVERED&quot;
            },
            {
                &quot;time&quot;: &quot;2022-02-25T15:49:26.171Z&quot;,
                &quot;status&quot;: &quot;PENDING&quot;
            },
            {
                &quot;time&quot;: &quot;2022-02-25T15:49:26.195Z&quot;,
                &quot;status&quot;: &quot;SEND&quot;
            },
            {
                &quot;time&quot;: &quot;2022-02-25T15:49:26.231Z&quot;,
                &quot;status&quot;: &quot;DELIVERED&quot;
            },
            {
                &quot;time&quot;: &quot;2022-02-25T15:50:40.517Z&quot;,
                &quot;status&quot;: &quot;PENDING&quot;
            },
            {
                &quot;time&quot;: &quot;2022-02-25T15:50:40.541Z&quot;,
                &quot;status&quot;: &quot;SEND&quot;
            },
            {
                &quot;time&quot;: &quot;2022-02-25T15:50:40.580Z&quot;,
                &quot;status&quot;: &quot;DELIVERED&quot;
            },
            {
                &quot;time&quot;: &quot;2022-02-25T15:51:54.139Z&quot;,
                &quot;status&quot;: &quot;PENDING&quot;
            },
            {
                &quot;time&quot;: &quot;2022-02-25T15:51:54.159Z&quot;,
                &quot;status&quot;: &quot;SEND&quot;
            },
            {
                &quot;time&quot;: &quot;2022-02-25T15:51:54.191Z&quot;,
                &quot;status&quot;: &quot;DELIVERED&quot;
            },
            {
                &quot;time&quot;: &quot;2022-02-25T15:52:34.081Z&quot;,
                &quot;status&quot;: &quot;PENDING&quot;
            },
            {
                &quot;time&quot;: &quot;2022-02-25T15:52:34.101Z&quot;,
                &quot;status&quot;: &quot;SEND&quot;
            },
            {
                &quot;time&quot;: &quot;2022-02-25T15:52:34.134Z&quot;,
                &quot;status&quot;: &quot;DELIVERED&quot;
            },
            {
                &quot;time&quot;: &quot;2022-02-25T15:53:26.503Z&quot;,
                &quot;status&quot;: &quot;PENDING&quot;
            },
            {
                &quot;time&quot;: &quot;2022-02-25T15:53:26.525Z&quot;,
                &quot;status&quot;: &quot;SEND&quot;
            },
            {
                &quot;time&quot;: &quot;2022-02-25T15:53:26.557Z&quot;,
                &quot;status&quot;: &quot;DELIVERED&quot;
            },
            {
                &quot;time&quot;: &quot;2022-02-25T15:54:17.893Z&quot;,
                &quot;status&quot;: &quot;PENDING&quot;
            },
            {
                &quot;time&quot;: &quot;2022-02-25T15:54:17.914Z&quot;,
                &quot;status&quot;: &quot;SEND&quot;
            },
            {
                &quot;time&quot;: &quot;2022-02-25T15:54:17.948Z&quot;,
                &quot;status&quot;: &quot;DELIVERED&quot;
            },
            {
                &quot;time&quot;: &quot;2022-02-25T15:54:59.004Z&quot;,
                &quot;status&quot;: &quot;PENDING&quot;
            },
            {
                &quot;time&quot;: &quot;2022-02-25T15:54:59.029Z&quot;,
                &quot;status&quot;: &quot;SEND&quot;
            },
            {
                &quot;time&quot;: &quot;2022-02-25T15:54:59.061Z&quot;,
                &quot;status&quot;: &quot;DELIVERED&quot;
            },
            {
                &quot;time&quot;: &quot;2022-02-25T15:57:14.375Z&quot;,
                &quot;status&quot;: &quot;PENDING&quot;
            },
            {
                &quot;time&quot;: &quot;2022-02-25T15:57:14.398Z&quot;,
                &quot;status&quot;: &quot;SEND&quot;
            },
            {
                &quot;time&quot;: &quot;2022-02-25T15:57:14.436Z&quot;,
                &quot;status&quot;: &quot;DELIVERED&quot;
            },
            {
                &quot;time&quot;: &quot;2022-02-25T15:59:40.014Z&quot;,
                &quot;status&quot;: &quot;PENDING&quot;
            },
            {
                &quot;time&quot;: &quot;2022-02-25T15:59:40.037Z&quot;,
                &quot;status&quot;: &quot;SEND&quot;
            },
            {
                &quot;time&quot;: &quot;2022-02-25T15:59:40.082Z&quot;,
                &quot;status&quot;: &quot;DELIVERED&quot;
            },
            {
                &quot;time&quot;: &quot;2022-02-25T16:00:03.129Z&quot;,
                &quot;status&quot;: &quot;PENDING&quot;
            },
            {
                &quot;time&quot;: &quot;2022-02-25T16:00:03.162Z&quot;,
                &quot;status&quot;: &quot;SEND&quot;
            },
            {
                &quot;time&quot;: &quot;2022-02-25T16:00:03.193Z&quot;,
                &quot;status&quot;: &quot;DELIVERED&quot;
            },
            {
                &quot;time&quot;: &quot;2022-02-25T16:00:26.743Z&quot;,
                &quot;status&quot;: &quot;PENDING&quot;
            },
            {
                &quot;time&quot;: &quot;2022-02-25T16:00:26.765Z&quot;,
                &quot;status&quot;: &quot;SEND&quot;
            },
            {
                &quot;time&quot;: &quot;2022-02-25T16:00:26.800Z&quot;,
                &quot;status&quot;: &quot;DELIVERED&quot;
            },
            {
                &quot;time&quot;: &quot;2022-02-25T16:00:51.687Z&quot;,
                &quot;status&quot;: &quot;PENDING&quot;
            },
            {
                &quot;time&quot;: &quot;2022-02-25T16:00:51.712Z&quot;,
                &quot;status&quot;: &quot;SEND&quot;
            },
            {
                &quot;time&quot;: &quot;2022-02-25T16:00:51.746Z&quot;,
                &quot;status&quot;: &quot;DELIVERED&quot;
            },
            {
                &quot;time&quot;: &quot;2022-02-25T16:01:29.375Z&quot;,
                &quot;status&quot;: &quot;PENDING&quot;
            },
            {
                &quot;time&quot;: &quot;2022-02-25T16:01:29.398Z&quot;,
                &quot;status&quot;: &quot;SEND&quot;
            },
            {
                &quot;time&quot;: &quot;2022-02-25T16:01:29.435Z&quot;,
                &quot;status&quot;: &quot;DELIVERED&quot;
            },
            {
                &quot;time&quot;: &quot;2022-02-25T16:01:52.649Z&quot;,
                &quot;status&quot;: &quot;PENDING&quot;
            },
            {
                &quot;time&quot;: &quot;2022-02-25T16:01:52.672Z&quot;,
                &quot;status&quot;: &quot;SEND&quot;
            },
            {
                &quot;time&quot;: &quot;2022-02-25T16:01:52.707Z&quot;,
                &quot;status&quot;: &quot;DELIVERED&quot;
            },
            {
                &quot;time&quot;: &quot;2022-02-25T16:02:18.471Z&quot;,
                &quot;status&quot;: &quot;PENDING&quot;
            },
            {
                &quot;time&quot;: &quot;2022-02-25T16:02:18.497Z&quot;,
                &quot;status&quot;: &quot;SEND&quot;
            },
            {
                &quot;time&quot;: &quot;2022-02-25T16:02:18.531Z&quot;,
                &quot;status&quot;: &quot;DELIVERED&quot;
            },
            {
                &quot;time&quot;: &quot;2022-02-25T16:18:08.774Z&quot;,
                &quot;status&quot;: &quot;PENDING&quot;
            },
            {
                &quot;time&quot;: &quot;2022-02-25T16:18:08.809Z&quot;,
                &quot;status&quot;: &quot;SEND&quot;
            },
            {
                &quot;time&quot;: &quot;2022-02-25T16:18:08.844Z&quot;,
                &quot;status&quot;: &quot;DELIVERED&quot;
            },
            {
                &quot;time&quot;: &quot;2022-02-25T16:20:48.789Z&quot;,
                &quot;status&quot;: &quot;PENDING&quot;
            },
            {
                &quot;time&quot;: &quot;2022-02-25T16:20:48.814Z&quot;,
                &quot;status&quot;: &quot;SEND&quot;
            },
            {
                &quot;time&quot;: &quot;2022-02-25T16:20:48.848Z&quot;,
                &quot;status&quot;: &quot;DELIVERED&quot;
            },
            {
                &quot;time&quot;: &quot;2022-02-25T16:21:12.421Z&quot;,
                &quot;status&quot;: &quot;PENDING&quot;
            },
            {
                &quot;time&quot;: &quot;2022-02-25T16:21:12.447Z&quot;,
                &quot;status&quot;: &quot;SEND&quot;
            },
            {
                &quot;time&quot;: &quot;2022-02-25T16:21:12.483Z&quot;,
                &quot;status&quot;: &quot;DELIVERED&quot;
            },
            {
                &quot;time&quot;: &quot;2022-02-25T16:23:50.786Z&quot;,
                &quot;status&quot;: &quot;PENDING&quot;
            },
            {
                &quot;time&quot;: &quot;2022-02-25T16:23:50.811Z&quot;,
                &quot;status&quot;: &quot;SEND&quot;
            }
        ],
        &quot;status&quot;: &quot;DELIVERED&quot;
    },
    &quot;creationTime&quot;: &quot;2022-02-25T15:47:06.397Z&quot;,
    &quot;deviceId&quot;: &quot;14656331&quot;,
    &quot;deviceName&quot;: &quot;mythic_beasts_pi_all_jobs_sag&quot;,
    &quot;self&quot;: &quot;https://t493319102.eu-latest.cumulocity.com/devicecontrol/operations/14656720&quot;,
    &quot;id&quot;: &quot;14656720&quot;,
    &quot;status&quot;: &quot;PENDING&quot;,
    &quot;c8y_LogfileRequest&quot;: {
        &quot;searchText&quot;: &quot;&quot;,
        &quot;logFile&quot;: &quot;software-management&quot;,
        &quot;dateTo&quot;: &quot;2021-11-21T18:55:49+0530&quot;,
        &quot;dateFrom&quot;: &quot;2021-11-15T18:55:49+0530&quot;,
        &quot;maximumLines&quot;: 300
    },
    &quot;description&quot;: &quot;Log file request&quot;
}
16:25:09 DEBUG Final URL of the request: https://thin-edge-io.eu-latest.cumulocity.com/devicecontrol/operations?deviceId=14656331&amp;pageSize=1&amp;revert=true&amp;dateFrom=1970-01-01T00%3A00%3A00.000Z
16:25:09 INFO  State of current operation: PENDING
16:25:09 DEBUG Final URL of the request: https://thin-edge-io.eu-latest.cumulocity.com/devicecontrol/operations?deviceId=14656331&amp;pageSize=1&amp;revert=true&amp;dateFrom=1970-01-01T00%3A00%3A00.000Z
16:25:09 DEBUG State of current operation: {
    &quot;delivery&quot;: {
        &quot;time&quot;: &quot;2022-02-25T16:23:50.846Z&quot;,
        &quot;log&quot;: [
            {
                &quot;time&quot;: &quot;2022-02-25T15:47:06.415Z&quot;,
                &quot;status&quot;: &quot;PENDING&quot;
            },
            {
                &quot;time&quot;: &quot;2022-02-25T15:47:06.422Z&quot;,
                &quot;status&quot;: &quot;SEND&quot;
            },
            {
                &quot;time&quot;: &quot;2022-02-25T15:47:06.459Z&quot;,
                &quot;status&quot;: &quot;DELIVERED&quot;
            },
            {
                &quot;time&quot;: &quot;2022-02-25T15:48:13.784Z&quot;,
                &quot;status&quot;: &quot;PENDING&quot;
            },
            {
                &quot;time&quot;: &quot;2022-02-25T15:48:13.807Z&quot;,
                &quot;status&quot;: &quot;SEND&quot;
            },
            {
                &quot;time&quot;: &quot;2022-02-25T15:48:13.843Z&quot;,
                &quot;status&quot;: &quot;DELIVERED&quot;
            },
            {
                &quot;time&quot;: &quot;2022-02-25T15:49:26.171Z&quot;,
                &quot;status&quot;: &quot;PENDING&quot;
            },
            {
                &quot;time&quot;: &quot;2022-02-25T15:49:26.195Z&quot;,
                &quot;status&quot;: &quot;SEND&quot;
            },
            {
                &quot;time&quot;: &quot;2022-02-25T15:49:26.231Z&quot;,
                &quot;status&quot;: &quot;DELIVERED&quot;
            },
            {
                &quot;time&quot;: &quot;2022-02-25T15:50:40.517Z&quot;,
                &quot;status&quot;: &quot;PENDING&quot;
            },
            {
                &quot;time&quot;: &quot;2022-02-25T15:50:40.541Z&quot;,
                &quot;status&quot;: &quot;SEND&quot;
            },
            {
                &quot;time&quot;: &quot;2022-02-25T15:50:40.580Z&quot;,
                &quot;status&quot;: &quot;DELIVERED&quot;
            },
            {
                &quot;time&quot;: &quot;2022-02-25T15:51:54.139Z&quot;,
                &quot;status&quot;: &quot;PENDING&quot;
            },
            {
                &quot;time&quot;: &quot;2022-02-25T15:51:54.159Z&quot;,
                &quot;status&quot;: &quot;SEND&quot;
            },
            {
                &quot;time&quot;: &quot;2022-02-25T15:51:54.191Z&quot;,
                &quot;status&quot;: &quot;DELIVERED&quot;
            },
            {
                &quot;time&quot;: &quot;2022-02-25T15:52:34.081Z&quot;,
                &quot;status&quot;: &quot;PENDING&quot;
            },
            {
                &quot;time&quot;: &quot;2022-02-25T15:52:34.101Z&quot;,
                &quot;status&quot;: &quot;SEND&quot;
            },
            {
                &quot;time&quot;: &quot;2022-02-25T15:52:34.134Z&quot;,
                &quot;status&quot;: &quot;DELIVERED&quot;
            },
            {
                &quot;time&quot;: &quot;2022-02-25T15:53:26.503Z&quot;,
                &quot;status&quot;: &quot;PENDING&quot;
            },
            {
                &quot;time&quot;: &quot;2022-02-25T15:53:26.525Z&quot;,
                &quot;status&quot;: &quot;SEND&quot;
            },
            {
                &quot;time&quot;: &quot;2022-02-25T15:53:26.557Z&quot;,
                &quot;status&quot;: &quot;DELIVERED&quot;
            },
            {
                &quot;time&quot;: &quot;2022-02-25T15:54:17.893Z&quot;,
                &quot;status&quot;: &quot;PENDING&quot;
            },
            {
                &quot;time&quot;: &quot;2022-02-25T15:54:17.914Z&quot;,
                &quot;status&quot;: &quot;SEND&quot;
            },
            {
                &quot;time&quot;: &quot;2022-02-25T15:54:17.948Z&quot;,
                &quot;status&quot;: &quot;DELIVERED&quot;
            },
            {
                &quot;time&quot;: &quot;2022-02-25T15:54:59.004Z&quot;,
                &quot;status&quot;: &quot;PENDING&quot;
            },
            {
                &quot;time&quot;: &quot;2022-02-25T15:54:59.029Z&quot;,
                &quot;status&quot;: &quot;SEND&quot;
            },
            {
                &quot;time&quot;: &quot;2022-02-25T15:54:59.061Z&quot;,
                &quot;status&quot;: &quot;DELIVERED&quot;
            },
            {
                &quot;time&quot;: &quot;2022-02-25T15:57:14.375Z&quot;,
                &quot;status&quot;: &quot;PENDING&quot;
            },
            {
                &quot;time&quot;: &quot;2022-02-25T15:57:14.398Z&quot;,
                &quot;status&quot;: &quot;SEND&quot;
            },
            {
                &quot;time&quot;: &quot;2022-02-25T15:57:14.436Z&quot;,
                &quot;status&quot;: &quot;DELIVERED&quot;
            },
            {
                &quot;time&quot;: &quot;2022-02-25T15:59:40.014Z&quot;,
                &quot;status&quot;: &quot;PENDING&quot;
            },
            {
                &quot;time&quot;: &quot;2022-02-25T15:59:40.037Z&quot;,
                &quot;status&quot;: &quot;SEND&quot;
            },
            {
                &quot;time&quot;: &quot;2022-02-25T15:59:40.082Z&quot;,
                &quot;status&quot;: &quot;DELIVERED&quot;
            },
            {
                &quot;time&quot;: &quot;2022-02-25T16:00:03.129Z&quot;,
                &quot;status&quot;: &quot;PENDING&quot;
            },
            {
                &quot;time&quot;: &quot;2022-02-25T16:00:03.162Z&quot;,
                &quot;status&quot;: &quot;SEND&quot;
            },
            {
                &quot;time&quot;: &quot;2022-02-25T16:00:03.193Z&quot;,
                &quot;status&quot;: &quot;DELIVERED&quot;
            },
            {
                &quot;time&quot;: &quot;2022-02-25T16:00:26.743Z&quot;,
                &quot;status&quot;: &quot;PENDING&quot;
            },
            {
                &quot;time&quot;: &quot;2022-02-25T16:00:26.765Z&quot;,
                &quot;status&quot;: &quot;SEND&quot;
            },
            {
                &quot;time&quot;: &quot;2022-02-25T16:00:26.800Z&quot;,
                &quot;status&quot;: &quot;DELIVERED&quot;
            },
            {
                &quot;time&quot;: &quot;2022-02-25T16:00:51.687Z&quot;,
                &quot;status&quot;: &quot;PENDING&quot;
            },
            {
                &quot;time&quot;: &quot;2022-02-25T16:00:51.712Z&quot;,
                &quot;status&quot;: &quot;SEND&quot;
            },
            {
                &quot;time&quot;: &quot;2022-02-25T16:00:51.746Z&quot;,
                &quot;status&quot;: &quot;DELIVERED&quot;
            },
            {
                &quot;time&quot;: &quot;2022-02-25T16:01:29.375Z&quot;,
                &quot;status&quot;: &quot;PENDING&quot;
            },
            {
                &quot;time&quot;: &quot;2022-02-25T16:01:29.398Z&quot;,
                &quot;status&quot;: &quot;SEND&quot;
            },
            {
                &quot;time&quot;: &quot;2022-02-25T16:01:29.435Z&quot;,
                &quot;status&quot;: &quot;DELIVERED&quot;
            },
            {
                &quot;time&quot;: &quot;2022-02-25T16:01:52.649Z&quot;,
                &quot;status&quot;: &quot;PENDING&quot;
            },
            {
                &quot;time&quot;: &quot;2022-02-25T16:01:52.672Z&quot;,
                &quot;status&quot;: &quot;SEND&quot;
            },
            {
                &quot;time&quot;: &quot;2022-02-25T16:01:52.707Z&quot;,
                &quot;status&quot;: &quot;DELIVERED&quot;
            },
            {
                &quot;time&quot;: &quot;2022-02-25T16:02:18.471Z&quot;,
                &quot;status&quot;: &quot;PENDING&quot;
            },
            {
                &quot;time&quot;: &quot;2022-02-25T16:02:18.497Z&quot;,
                &quot;status&quot;: &quot;SEND&quot;
            },
            {
                &quot;time&quot;: &quot;2022-02-25T16:02:18.531Z&quot;,
                &quot;status&quot;: &quot;DELIVERED&quot;
            },
            {
                &quot;time&quot;: &quot;2022-02-25T16:18:08.774Z&quot;,
                &quot;status&quot;: &quot;PENDING&quot;
            },
            {
                &quot;time&quot;: &quot;2022-02-25T16:18:08.809Z&quot;,
                &quot;status&quot;: &quot;SEND&quot;
            },
            {
                &quot;time&quot;: &quot;2022-02-25T16:18:08.844Z&quot;,
                &quot;status&quot;: &quot;DELIVERED&quot;
            },
            {
                &quot;time&quot;: &quot;2022-02-25T16:20:48.789Z&quot;,
                &quot;status&quot;: &quot;PENDING&quot;
            },
            {
                &quot;time&quot;: &quot;2022-02-25T16:20:48.814Z&quot;,
                &quot;status&quot;: &quot;SEND&quot;
            },
            {
                &quot;time&quot;: &quot;2022-02-25T16:20:48.848Z&quot;,
                &quot;status&quot;: &quot;DELIVERED&quot;
            },
            {
                &quot;time&quot;: &quot;2022-02-25T16:21:12.421Z&quot;,
                &quot;status&quot;: &quot;PENDING&quot;
            },
            {
                &quot;time&quot;: &quot;2022-02-25T16:21:12.447Z&quot;,
                &quot;status&quot;: &quot;SEND&quot;
            },
            {
                &quot;time&quot;: &quot;2022-02-25T16:21:12.483Z&quot;,
                &quot;status&quot;: &quot;DELIVERED&quot;
            },
            {
                &quot;time&quot;: &quot;2022-02-25T16:23:50.786Z&quot;,
                &quot;status&quot;: &quot;PENDING&quot;
            },
            {
                &quot;time&quot;: &quot;2022-02-25T16:23:50.811Z&quot;,
                &quot;status&quot;: &quot;SEND&quot;
            }
        ],
        &quot;status&quot;: &quot;DELIVERED&quot;
    },
    &quot;creationTime&quot;: &quot;2022-02-25T15:47:06.397Z&quot;,
    &quot;deviceId&quot;: &quot;14656331&quot;,
    &quot;deviceName&quot;: &quot;mythic_beasts_pi_all_jobs_sag&quot;,
    &quot;self&quot;: &quot;https://t493319102.eu-latest.cumulocity.com/devicecontrol/operations/14656720&quot;,
    &quot;id&quot;: &quot;14656720&quot;,
    &quot;status&quot;: &quot;PENDING&quot;,
    &quot;c8y_LogfileRequest&quot;: {
        &quot;searchText&quot;: &quot;&quot;,
        &quot;logFile&quot;: &quot;software-management&quot;,
        &quot;dateTo&quot;: &quot;2021-11-21T18:55:49+0530&quot;,
        &quot;dateFrom&quot;: &quot;2021-11-15T18:55:49+0530&quot;,
        &quot;maximumLines&quot;: 300
    },
    &quot;description&quot;: &quot;Log file request&quot;
}
16:25:11 DEBUG Final URL of the request: https://thin-edge-io.eu-latest.cumulocity.com/devicecontrol/operations?deviceId=14656331&amp;pageSize=1&amp;revert=true&amp;dateFrom=1970-01-01T00%3A00%3A00.000Z
16:25:11 INFO  State of current operation: PENDING
16:25:11 DEBUG Final URL of the request: https://thin-edge-io.eu-latest.cumulocity.com/devicecontrol/operations?deviceId=14656331&amp;pageSize=1&amp;revert=true&amp;dateFrom=1970-01-01T00%3A00%3A00.000Z
16:25:11 DEBUG State of current operation: {
    &quot;delivery&quot;: {
        &quot;time&quot;: &quot;2022-02-25T16:23:50.846Z&quot;,
        &quot;log&quot;: [
            {
                &quot;time&quot;: &quot;2022-02-25T15:47:06.415Z&quot;,
                &quot;status&quot;: &quot;PENDING&quot;
            },
            {
                &quot;time&quot;: &quot;2022-02-25T15:47:06.422Z&quot;,
                &quot;status&quot;: &quot;SEND&quot;
            },
            {
                &quot;time&quot;: &quot;2022-02-25T15:47:06.459Z&quot;,
                &quot;status&quot;: &quot;DELIVERED&quot;
            },
            {
                &quot;time&quot;: &quot;2022-02-25T15:48:13.784Z&quot;,
                &quot;status&quot;: &quot;PENDING&quot;
            },
            {
                &quot;time&quot;: &quot;2022-02-25T15:48:13.807Z&quot;,
                &quot;status&quot;: &quot;SEND&quot;
            },
            {
                &quot;time&quot;: &quot;2022-02-25T15:48:13.843Z&quot;,
                &quot;status&quot;: &quot;DELIVERED&quot;
            },
            {
                &quot;time&quot;: &quot;2022-02-25T15:49:26.171Z&quot;,
                &quot;status&quot;: &quot;PENDING&quot;
            },
            {
                &quot;time&quot;: &quot;2022-02-25T15:49:26.195Z&quot;,
                &quot;status&quot;: &quot;SEND&quot;
            },
            {
                &quot;time&quot;: &quot;2022-02-25T15:49:26.231Z&quot;,
                &quot;status&quot;: &quot;DELIVERED&quot;
            },
            {
                &quot;time&quot;: &quot;2022-02-25T15:50:40.517Z&quot;,
                &quot;status&quot;: &quot;PENDING&quot;
            },
            {
                &quot;time&quot;: &quot;2022-02-25T15:50:40.541Z&quot;,
                &quot;status&quot;: &quot;SEND&quot;
            },
            {
                &quot;time&quot;: &quot;2022-02-25T15:50:40.580Z&quot;,
                &quot;status&quot;: &quot;DELIVERED&quot;
            },
            {
                &quot;time&quot;: &quot;2022-02-25T15:51:54.139Z&quot;,
                &quot;status&quot;: &quot;PENDING&quot;
            },
            {
                &quot;time&quot;: &quot;2022-02-25T15:51:54.159Z&quot;,
                &quot;status&quot;: &quot;SEND&quot;
            },
            {
                &quot;time&quot;: &quot;2022-02-25T15:51:54.191Z&quot;,
                &quot;status&quot;: &quot;DELIVERED&quot;
            },
            {
                &quot;time&quot;: &quot;2022-02-25T15:52:34.081Z&quot;,
                &quot;status&quot;: &quot;PENDING&quot;
            },
            {
                &quot;time&quot;: &quot;2022-02-25T15:52:34.101Z&quot;,
                &quot;status&quot;: &quot;SEND&quot;
            },
            {
                &quot;time&quot;: &quot;2022-02-25T15:52:34.134Z&quot;,
                &quot;status&quot;: &quot;DELIVERED&quot;
            },
            {
                &quot;time&quot;: &quot;2022-02-25T15:53:26.503Z&quot;,
                &quot;status&quot;: &quot;PENDING&quot;
            },
            {
                &quot;time&quot;: &quot;2022-02-25T15:53:26.525Z&quot;,
                &quot;status&quot;: &quot;SEND&quot;
            },
            {
                &quot;time&quot;: &quot;2022-02-25T15:53:26.557Z&quot;,
                &quot;status&quot;: &quot;DELIVERED&quot;
            },
            {
                &quot;time&quot;: &quot;2022-02-25T15:54:17.893Z&quot;,
                &quot;status&quot;: &quot;PENDING&quot;
            },
            {
                &quot;time&quot;: &quot;2022-02-25T15:54:17.914Z&quot;,
                &quot;status&quot;: &quot;SEND&quot;
            },
            {
                &quot;time&quot;: &quot;2022-02-25T15:54:17.948Z&quot;,
                &quot;status&quot;: &quot;DELIVERED&quot;
            },
            {
                &quot;time&quot;: &quot;2022-02-25T15:54:59.004Z&quot;,
                &quot;status&quot;: &quot;PENDING&quot;
            },
            {
                &quot;time&quot;: &quot;2022-02-25T15:54:59.029Z&quot;,
                &quot;status&quot;: &quot;SEND&quot;
            },
            {
                &quot;time&quot;: &quot;2022-02-25T15:54:59.061Z&quot;,
                &quot;status&quot;: &quot;DELIVERED&quot;
            },
            {
                &quot;time&quot;: &quot;2022-02-25T15:57:14.375Z&quot;,
                &quot;status&quot;: &quot;PENDING&quot;
            },
            {
                &quot;time&quot;: &quot;2022-02-25T15:57:14.398Z&quot;,
                &quot;status&quot;: &quot;SEND&quot;
            },
            {
                &quot;time&quot;: &quot;2022-02-25T15:57:14.436Z&quot;,
                &quot;status&quot;: &quot;DELIVERED&quot;
            },
            {
                &quot;time&quot;: &quot;2022-02-25T15:59:40.014Z&quot;,
                &quot;status&quot;: &quot;PENDING&quot;
            },
            {
                &quot;time&quot;: &quot;2022-02-25T15:59:40.037Z&quot;,
                &quot;status&quot;: &quot;SEND&quot;
            },
            {
                &quot;time&quot;: &quot;2022-02-25T15:59:40.082Z&quot;,
                &quot;status&quot;: &quot;DELIVERED&quot;
            },
            {
                &quot;time&quot;: &quot;2022-02-25T16:00:03.129Z&quot;,
                &quot;status&quot;: &quot;PENDING&quot;
            },
            {
                &quot;time&quot;: &quot;2022-02-25T16:00:03.162Z&quot;,
                &quot;status&quot;: &quot;SEND&quot;
            },
            {
                &quot;time&quot;: &quot;2022-02-25T16:00:03.193Z&quot;,
                &quot;status&quot;: &quot;DELIVERED&quot;
            },
            {
                &quot;time&quot;: &quot;2022-02-25T16:00:26.743Z&quot;,
                &quot;status&quot;: &quot;PENDING&quot;
            },
            {
                &quot;time&quot;: &quot;2022-02-25T16:00:26.765Z&quot;,
                &quot;status&quot;: &quot;SEND&quot;
            },
            {
                &quot;time&quot;: &quot;2022-02-25T16:00:26.800Z&quot;,
                &quot;status&quot;: &quot;DELIVERED&quot;
            },
            {
                &quot;time&quot;: &quot;2022-02-25T16:00:51.687Z&quot;,
                &quot;status&quot;: &quot;PENDING&quot;
            },
            {
                &quot;time&quot;: &quot;2022-02-25T16:00:51.712Z&quot;,
                &quot;status&quot;: &quot;SEND&quot;
            },
            {
                &quot;time&quot;: &quot;2022-02-25T16:00:51.746Z&quot;,
                &quot;status&quot;: &quot;DELIVERED&quot;
            },
            {
                &quot;time&quot;: &quot;2022-02-25T16:01:29.375Z&quot;,
                &quot;status&quot;: &quot;PENDING&quot;
            },
            {
                &quot;time&quot;: &quot;2022-02-25T16:01:29.398Z&quot;,
                &quot;status&quot;: &quot;SEND&quot;
            },
            {
                &quot;time&quot;: &quot;2022-02-25T16:01:29.435Z&quot;,
                &quot;status&quot;: &quot;DELIVERED&quot;
            },
            {
                &quot;time&quot;: &quot;2022-02-25T16:01:52.649Z&quot;,
                &quot;status&quot;: &quot;PENDING&quot;
            },
            {
                &quot;time&quot;: &quot;2022-02-25T16:01:52.672Z&quot;,
                &quot;status&quot;: &quot;SEND&quot;
            },
            {
                &quot;time&quot;: &quot;2022-02-25T16:01:52.707Z&quot;,
                &quot;status&quot;: &quot;DELIVERED&quot;
            },
            {
                &quot;time&quot;: &quot;2022-02-25T16:02:18.471Z&quot;,
                &quot;status&quot;: &quot;PENDING&quot;
            },
            {
                &quot;time&quot;: &quot;2022-02-25T16:02:18.497Z&quot;,
                &quot;status&quot;: &quot;SEND&quot;
            },
            {
                &quot;time&quot;: &quot;2022-02-25T16:02:18.531Z&quot;,
                &quot;status&quot;: &quot;DELIVERED&quot;
            },
            {
                &quot;time&quot;: &quot;2022-02-25T16:18:08.774Z&quot;,
                &quot;status&quot;: &quot;PENDING&quot;
            },
            {
                &quot;time&quot;: &quot;2022-02-25T16:18:08.809Z&quot;,
                &quot;status&quot;: &quot;SEND&quot;
            },
            {
                &quot;time&quot;: &quot;2022-02-25T16:18:08.844Z&quot;,
                &quot;status&quot;: &quot;DELIVERED&quot;
            },
            {
                &quot;time&quot;: &quot;2022-02-25T16:20:48.789Z&quot;,
                &quot;status&quot;: &quot;PENDING&quot;
            },
            {
                &quot;time&quot;: &quot;2022-02-25T16:20:48.814Z&quot;,
                &quot;status&quot;: &quot;SEND&quot;
            },
            {
                &quot;time&quot;: &quot;2022-02-25T16:20:48.848Z&quot;,
                &quot;status&quot;: &quot;DELIVERED&quot;
            },
            {
                &quot;time&quot;: &quot;2022-02-25T16:21:12.421Z&quot;,
                &quot;status&quot;: &quot;PENDING&quot;
            },
            {
                &quot;time&quot;: &quot;2022-02-25T16:21:12.447Z&quot;,
                &quot;status&quot;: &quot;SEND&quot;
            },
            {
                &quot;time&quot;: &quot;2022-02-25T16:21:12.483Z&quot;,
                &quot;status&quot;: &quot;DELIVERED&quot;
            },
            {
                &quot;time&quot;: &quot;2022-02-25T16:23:50.786Z&quot;,
                &quot;status&quot;: &quot;PENDING&quot;
            },
            {
                &quot;time&quot;: &quot;2022-02-25T16:23:50.811Z&quot;,
                &quot;status&quot;: &quot;SEND&quot;
            }
        ],
        &quot;status&quot;: &quot;DELIVERED&quot;
    },
    &quot;creationTime&quot;: &quot;2022-02-25T15:47:06.397Z&quot;,
    &quot;deviceId&quot;: &quot;14656331&quot;,
    &quot;deviceName&quot;: &quot;mythic_beasts_pi_all_jobs_sag&quot;,
    &quot;self&quot;: &quot;https://t493319102.eu-latest.cumulocity.com/devicecontrol/operations/14656720&quot;,
    &quot;id&quot;: &quot;14656720&quot;,
    &quot;status&quot;: &quot;PENDING&quot;,
    &quot;c8y_LogfileRequest&quot;: {
        &quot;searchText&quot;: &quot;&quot;,
        &quot;logFile&quot;: &quot;software-management&quot;,
        &quot;dateTo&quot;: &quot;2021-11-21T18:55:49+0530&quot;,
        &quot;dateFrom&quot;: &quot;2021-11-15T18:55:49+0530&quot;,
        &quot;maximumLines&quot;: 300
    },
    &quot;description&quot;: &quot;Log file request&quot;
}
16:25:13 DEBUG Final URL of the request: https://thin-edge-io.eu-latest.cumulocity.com/devicecontrol/operations?deviceId=14656331&amp;pageSize=1&amp;revert=true&amp;dateFrom=1970-01-01T00%3A00%3A00.000Z
16:25:13 INFO  State of current operation: PENDING
16:25:13 DEBUG Final URL of the request: https://thin-edge-io.eu-latest.cumulocity.com/devicecontrol/operations?deviceId=14656331&amp;pageSize=1&amp;revert=true&amp;dateFrom=1970-01-01T00%3A00%3A00.000Z
16:25:13 DEBUG State of current operation: {
    &quot;delivery&quot;: {
        &quot;time&quot;: &quot;2022-02-25T16:23:50.846Z&quot;,
        &quot;log&quot;: [
            {
                &quot;time&quot;: &quot;2022-02-25T15:47:06.415Z&quot;,
                &quot;status&quot;: &quot;PENDING&quot;
            },
            {
                &quot;time&quot;: &quot;2022-02-25T15:47:06.422Z&quot;,
                &quot;status&quot;: &quot;SEND&quot;
            },
            {
                &quot;time&quot;: &quot;2022-02-25T15:47:06.459Z&quot;,
                &quot;status&quot;: &quot;DELIVERED&quot;
            },
            {
                &quot;time&quot;: &quot;2022-02-25T15:48:13.784Z&quot;,
                &quot;status&quot;: &quot;PENDING&quot;
            },
            {
                &quot;time&quot;: &quot;2022-02-25T15:48:13.807Z&quot;,
                &quot;status&quot;: &quot;SEND&quot;
            },
            {
                &quot;time&quot;: &quot;2022-02-25T15:48:13.843Z&quot;,
                &quot;status&quot;: &quot;DELIVERED&quot;
            },
            {
                &quot;time&quot;: &quot;2022-02-25T15:49:26.171Z&quot;,
                &quot;status&quot;: &quot;PENDING&quot;
            },
            {
                &quot;time&quot;: &quot;2022-02-25T15:49:26.195Z&quot;,
                &quot;status&quot;: &quot;SEND&quot;
            },
            {
                &quot;time&quot;: &quot;2022-02-25T15:49:26.231Z&quot;,
                &quot;status&quot;: &quot;DELIVERED&quot;
            },
            {
                &quot;time&quot;: &quot;2022-02-25T15:50:40.517Z&quot;,
                &quot;status&quot;: &quot;PENDING&quot;
            },
            {
                &quot;time&quot;: &quot;2022-02-25T15:50:40.541Z&quot;,
                &quot;status&quot;: &quot;SEND&quot;
            },
            {
                &quot;time&quot;: &quot;2022-02-25T15:50:40.580Z&quot;,
                &quot;status&quot;: &quot;DELIVERED&quot;
            },
            {
                &quot;time&quot;: &quot;2022-02-25T15:51:54.139Z&quot;,
                &quot;status&quot;: &quot;PENDING&quot;
            },
            {
                &quot;time&quot;: &quot;2022-02-25T15:51:54.159Z&quot;,
                &quot;status&quot;: &quot;SEND&quot;
            },
            {
                &quot;time&quot;: &quot;2022-02-25T15:51:54.191Z&quot;,
                &quot;status&quot;: &quot;DELIVERED&quot;
            },
            {
                &quot;time&quot;: &quot;2022-02-25T15:52:34.081Z&quot;,
                &quot;status&quot;: &quot;PENDING&quot;
            },
            {
                &quot;time&quot;: &quot;2022-02-25T15:52:34.101Z&quot;,
                &quot;status&quot;: &quot;SEND&quot;
            },
            {
                &quot;time&quot;: &quot;2022-02-25T15:52:34.134Z&quot;,
                &quot;status&quot;: &quot;DELIVERED&quot;
            },
            {
                &quot;time&quot;: &quot;2022-02-25T15:53:26.503Z&quot;,
                &quot;status&quot;: &quot;PENDING&quot;
            },
            {
                &quot;time&quot;: &quot;2022-02-25T15:53:26.525Z&quot;,
                &quot;status&quot;: &quot;SEND&quot;
            },
            {
                &quot;time&quot;: &quot;2022-02-25T15:53:26.557Z&quot;,
                &quot;status&quot;: &quot;DELIVERED&quot;
            },
            {
                &quot;time&quot;: &quot;2022-02-25T15:54:17.893Z&quot;,
                &quot;status&quot;: &quot;PENDING&quot;
            },
            {
                &quot;time&quot;: &quot;2022-02-25T15:54:17.914Z&quot;,
                &quot;status&quot;: &quot;SEND&quot;
            },
            {
                &quot;time&quot;: &quot;2022-02-25T15:54:17.948Z&quot;,
                &quot;status&quot;: &quot;DELIVERED&quot;
            },
            {
                &quot;time&quot;: &quot;2022-02-25T15:54:59.004Z&quot;,
                &quot;status&quot;: &quot;PENDING&quot;
            },
            {
                &quot;time&quot;: &quot;2022-02-25T15:54:59.029Z&quot;,
                &quot;status&quot;: &quot;SEND&quot;
            },
            {
                &quot;time&quot;: &quot;2022-02-25T15:54:59.061Z&quot;,
                &quot;status&quot;: &quot;DELIVERED&quot;
            },
            {
                &quot;time&quot;: &quot;2022-02-25T15:57:14.375Z&quot;,
                &quot;status&quot;: &quot;PENDING&quot;
            },
            {
                &quot;time&quot;: &quot;2022-02-25T15:57:14.398Z&quot;,
                &quot;status&quot;: &quot;SEND&quot;
            },
            {
                &quot;time&quot;: &quot;2022-02-25T15:57:14.436Z&quot;,
                &quot;status&quot;: &quot;DELIVERED&quot;
            },
            {
                &quot;time&quot;: &quot;2022-02-25T15:59:40.014Z&quot;,
                &quot;status&quot;: &quot;PENDING&quot;
            },
            {
                &quot;time&quot;: &quot;2022-02-25T15:59:40.037Z&quot;,
                &quot;status&quot;: &quot;SEND&quot;
            },
            {
                &quot;time&quot;: &quot;2022-02-25T15:59:40.082Z&quot;,
                &quot;status&quot;: &quot;DELIVERED&quot;
            },
            {
                &quot;time&quot;: &quot;2022-02-25T16:00:03.129Z&quot;,
                &quot;status&quot;: &quot;PENDING&quot;
            },
            {
                &quot;time&quot;: &quot;2022-02-25T16:00:03.162Z&quot;,
                &quot;status&quot;: &quot;SEND&quot;
            },
            {
                &quot;time&quot;: &quot;2022-02-25T16:00:03.193Z&quot;,
                &quot;status&quot;: &quot;DELIVERED&quot;
            },
            {
                &quot;time&quot;: &quot;2022-02-25T16:00:26.743Z&quot;,
                &quot;status&quot;: &quot;PENDING&quot;
            },
            {
                &quot;time&quot;: &quot;2022-02-25T16:00:26.765Z&quot;,
                &quot;status&quot;: &quot;SEND&quot;
            },
            {
                &quot;time&quot;: &quot;2022-02-25T16:00:26.800Z&quot;,
                &quot;status&quot;: &quot;DELIVERED&quot;
            },
            {
                &quot;time&quot;: &quot;2022-02-25T16:00:51.687Z&quot;,
                &quot;status&quot;: &quot;PENDING&quot;
            },
            {
                &quot;time&quot;: &quot;2022-02-25T16:00:51.712Z&quot;,
                &quot;status&quot;: &quot;SEND&quot;
            },
            {
                &quot;time&quot;: &quot;2022-02-25T16:00:51.746Z&quot;,
                &quot;status&quot;: &quot;DELIVERED&quot;
            },
            {
                &quot;time&quot;: &quot;2022-02-25T16:01:29.375Z&quot;,
                &quot;status&quot;: &quot;PENDING&quot;
            },
            {
                &quot;time&quot;: &quot;2022-02-25T16:01:29.398Z&quot;,
                &quot;status&quot;: &quot;SEND&quot;
            },
            {
                &quot;time&quot;: &quot;2022-02-25T16:01:29.435Z&quot;,
                &quot;status&quot;: &quot;DELIVERED&quot;
            },
            {
                &quot;time&quot;: &quot;2022-02-25T16:01:52.649Z&quot;,
                &quot;status&quot;: &quot;PENDING&quot;
            },
            {
                &quot;time&quot;: &quot;2022-02-25T16:01:52.672Z&quot;,
                &quot;status&quot;: &quot;SEND&quot;
            },
            {
                &quot;time&quot;: &quot;2022-02-25T16:01:52.707Z&quot;,
                &quot;status&quot;: &quot;DELIVERED&quot;
            },
            {
                &quot;time&quot;: &quot;2022-02-25T16:02:18.471Z&quot;,
                &quot;status&quot;: &quot;PENDING&quot;
            },
            {
                &quot;time&quot;: &quot;2022-02-25T16:02:18.497Z&quot;,
                &quot;status&quot;: &quot;SEND&quot;
            },
            {
                &quot;time&quot;: &quot;2022-02-25T16:02:18.531Z&quot;,
                &quot;status&quot;: &quot;DELIVERED&quot;
            },
            {
                &quot;time&quot;: &quot;2022-02-25T16:18:08.774Z&quot;,
                &quot;status&quot;: &quot;PENDING&quot;
            },
            {
                &quot;time&quot;: &quot;2022-02-25T16:18:08.809Z&quot;,
                &quot;status&quot;: &quot;SEND&quot;
            },
            {
                &quot;time&quot;: &quot;2022-02-25T16:18:08.844Z&quot;,
                &quot;status&quot;: &quot;DELIVERED&quot;
            },
            {
                &quot;time&quot;: &quot;2022-02-25T16:20:48.789Z&quot;,
                &quot;status&quot;: &quot;PENDING&quot;
            },
            {
                &quot;time&quot;: &quot;2022-02-25T16:20:48.814Z&quot;,
                &quot;status&quot;: &quot;SEND&quot;
            },
            {
                &quot;time&quot;: &quot;2022-02-25T16:20:48.848Z&quot;,
                &quot;status&quot;: &quot;DELIVERED&quot;
            },
            {
                &quot;time&quot;: &quot;2022-02-25T16:21:12.421Z&quot;,
                &quot;status&quot;: &quot;PENDING&quot;
            },
            {
                &quot;time&quot;: &quot;2022-02-25T16:21:12.447Z&quot;,
                &quot;status&quot;: &quot;SEND&quot;
            },
            {
                &quot;time&quot;: &quot;2022-02-25T16:21:12.483Z&quot;,
                &quot;status&quot;: &quot;DELIVERED&quot;
            },
            {
                &quot;time&quot;: &quot;2022-02-25T16:23:50.786Z&quot;,
                &quot;status&quot;: &quot;PENDING&quot;
            },
            {
                &quot;time&quot;: &quot;2022-02-25T16:23:50.811Z&quot;,
                &quot;status&quot;: &quot;SEND&quot;
            }
        ],
        &quot;status&quot;: &quot;DELIVERED&quot;
    },
    &quot;creationTime&quot;: &quot;2022-02-25T15:47:06.397Z&quot;,
    &quot;deviceId&quot;: &quot;14656331&quot;,
    &quot;deviceName&quot;: &quot;mythic_beasts_pi_all_jobs_sag&quot;,
    &quot;self&quot;: &quot;https://t493319102.eu-latest.cumulocity.com/devicecontrol/operations/14656720&quot;,
    &quot;id&quot;: &quot;14656720&quot;,
    &quot;status&quot;: &quot;PENDING&quot;,
    &quot;c8y_LogfileRequest&quot;: {
        &quot;searchText&quot;: &quot;&quot;,
        &quot;logFile&quot;: &quot;software-management&quot;,
        &quot;dateTo&quot;: &quot;2021-11-21T18:55:49+0530&quot;,
        &quot;dateFrom&quot;: &quot;2021-11-15T18:55:49+0530&quot;,
        &quot;maximumLines&quot;: 300
    },
    &quot;description&quot;: &quot;Log file request&quot;
}
16:25:15 DEBUG Final URL of the request: https://thin-edge-io.eu-latest.cumulocity.com/devicecontrol/operations?deviceId=14656331&amp;pageSize=1&amp;revert=true&amp;dateFrom=1970-01-01T00%3A00%3A00.000Z
16:25:15 INFO  State of current operation: PENDING
16:25:15 DEBUG Final URL of the request: https://thin-edge-io.eu-latest.cumulocity.com/devicecontrol/operations?deviceId=14656331&amp;pageSize=1&amp;revert=true&amp;dateFrom=1970-01-01T00%3A00%3A00.000Z
16:25:15 DEBUG State of current operation: {
    &quot;delivery&quot;: {
        &quot;time&quot;: &quot;2022-02-25T16:23:50.846Z&quot;,
        &quot;log&quot;: [
            {
                &quot;time&quot;: &quot;2022-02-25T15:47:06.415Z&quot;,
                &quot;status&quot;: &quot;PENDING&quot;
            },
            {
                &quot;time&quot;: &quot;2022-02-25T15:47:06.422Z&quot;,
                &quot;status&quot;: &quot;SEND&quot;
            },
            {
                &quot;time&quot;: &quot;2022-02-25T15:47:06.459Z&quot;,
                &quot;status&quot;: &quot;DELIVERED&quot;
            },
            {
                &quot;time&quot;: &quot;2022-02-25T15:48:13.784Z&quot;,
                &quot;status&quot;: &quot;PENDING&quot;
            },
            {
                &quot;time&quot;: &quot;2022-02-25T15:48:13.807Z&quot;,
                &quot;status&quot;: &quot;SEND&quot;
            },
            {
                &quot;time&quot;: &quot;2022-02-25T15:48:13.843Z&quot;,
                &quot;status&quot;: &quot;DELIVERED&quot;
            },
            {
                &quot;time&quot;: &quot;2022-02-25T15:49:26.171Z&quot;,
                &quot;status&quot;: &quot;PENDING&quot;
            },
            {
                &quot;time&quot;: &quot;2022-02-25T15:49:26.195Z&quot;,
                &quot;status&quot;: &quot;SEND&quot;
            },
            {
                &quot;time&quot;: &quot;2022-02-25T15:49:26.231Z&quot;,
                &quot;status&quot;: &quot;DELIVERED&quot;
            },
            {
                &quot;time&quot;: &quot;2022-02-25T15:50:40.517Z&quot;,
                &quot;status&quot;: &quot;PENDING&quot;
            },
            {
                &quot;time&quot;: &quot;2022-02-25T15:50:40.541Z&quot;,
                &quot;status&quot;: &quot;SEND&quot;
            },
            {
                &quot;time&quot;: &quot;2022-02-25T15:50:40.580Z&quot;,
                &quot;status&quot;: &quot;DELIVERED&quot;
            },
            {
                &quot;time&quot;: &quot;2022-02-25T15:51:54.139Z&quot;,
                &quot;status&quot;: &quot;PENDING&quot;
            },
            {
                &quot;time&quot;: &quot;2022-02-25T15:51:54.159Z&quot;,
                &quot;status&quot;: &quot;SEND&quot;
            },
            {
                &quot;time&quot;: &quot;2022-02-25T15:51:54.191Z&quot;,
                &quot;status&quot;: &quot;DELIVERED&quot;
            },
            {
                &quot;time&quot;: &quot;2022-02-25T15:52:34.081Z&quot;,
                &quot;status&quot;: &quot;PENDING&quot;
            },
            {
                &quot;time&quot;: &quot;2022-02-25T15:52:34.101Z&quot;,
                &quot;status&quot;: &quot;SEND&quot;
            },
            {
                &quot;time&quot;: &quot;2022-02-25T15:52:34.134Z&quot;,
                &quot;status&quot;: &quot;DELIVERED&quot;
            },
            {
                &quot;time&quot;: &quot;2022-02-25T15:53:26.503Z&quot;,
                &quot;status&quot;: &quot;PENDING&quot;
            },
            {
                &quot;time&quot;: &quot;2022-02-25T15:53:26.525Z&quot;,
                &quot;status&quot;: &quot;SEND&quot;
            },
            {
                &quot;time&quot;: &quot;2022-02-25T15:53:26.557Z&quot;,
                &quot;status&quot;: &quot;DELIVERED&quot;
            },
            {
                &quot;time&quot;: &quot;2022-02-25T15:54:17.893Z&quot;,
                &quot;status&quot;: &quot;PENDING&quot;
            },
            {
                &quot;time&quot;: &quot;2022-02-25T15:54:17.914Z&quot;,
                &quot;status&quot;: &quot;SEND&quot;
            },
            {
                &quot;time&quot;: &quot;2022-02-25T15:54:17.948Z&quot;,
                &quot;status&quot;: &quot;DELIVERED&quot;
            },
            {
                &quot;time&quot;: &quot;2022-02-25T15:54:59.004Z&quot;,
                &quot;status&quot;: &quot;PENDING&quot;
            },
            {
                &quot;time&quot;: &quot;2022-02-25T15:54:59.029Z&quot;,
                &quot;status&quot;: &quot;SEND&quot;
            },
            {
                &quot;time&quot;: &quot;2022-02-25T15:54:59.061Z&quot;,
                &quot;status&quot;: &quot;DELIVERED&quot;
            },
            {
                &quot;time&quot;: &quot;2022-02-25T15:57:14.375Z&quot;,
                &quot;status&quot;: &quot;PENDING&quot;
            },
            {
                &quot;time&quot;: &quot;2022-02-25T15:57:14.398Z&quot;,
                &quot;status&quot;: &quot;SEND&quot;
            },
            {
                &quot;time&quot;: &quot;2022-02-25T15:57:14.436Z&quot;,
                &quot;status&quot;: &quot;DELIVERED&quot;
            },
            {
                &quot;time&quot;: &quot;2022-02-25T15:59:40.014Z&quot;,
                &quot;status&quot;: &quot;PENDING&quot;
            },
            {
                &quot;time&quot;: &quot;2022-02-25T15:59:40.037Z&quot;,
                &quot;status&quot;: &quot;SEND&quot;
            },
            {
                &quot;time&quot;: &quot;2022-02-25T15:59:40.082Z&quot;,
                &quot;status&quot;: &quot;DELIVERED&quot;
            },
            {
                &quot;time&quot;: &quot;2022-02-25T16:00:03.129Z&quot;,
                &quot;status&quot;: &quot;PENDING&quot;
            },
            {
                &quot;time&quot;: &quot;2022-02-25T16:00:03.162Z&quot;,
                &quot;status&quot;: &quot;SEND&quot;
            },
            {
                &quot;time&quot;: &quot;2022-02-25T16:00:03.193Z&quot;,
                &quot;status&quot;: &quot;DELIVERED&quot;
            },
            {
                &quot;time&quot;: &quot;2022-02-25T16:00:26.743Z&quot;,
                &quot;status&quot;: &quot;PENDING&quot;
            },
            {
                &quot;time&quot;: &quot;2022-02-25T16:00:26.765Z&quot;,
                &quot;status&quot;: &quot;SEND&quot;
            },
            {
                &quot;time&quot;: &quot;2022-02-25T16:00:26.800Z&quot;,
                &quot;status&quot;: &quot;DELIVERED&quot;
            },
            {
                &quot;time&quot;: &quot;2022-02-25T16:00:51.687Z&quot;,
                &quot;status&quot;: &quot;PENDING&quot;
            },
            {
                &quot;time&quot;: &quot;2022-02-25T16:00:51.712Z&quot;,
                &quot;status&quot;: &quot;SEND&quot;
            },
            {
                &quot;time&quot;: &quot;2022-02-25T16:00:51.746Z&quot;,
                &quot;status&quot;: &quot;DELIVERED&quot;
            },
            {
                &quot;time&quot;: &quot;2022-02-25T16:01:29.375Z&quot;,
                &quot;status&quot;: &quot;PENDING&quot;
            },
            {
                &quot;time&quot;: &quot;2022-02-25T16:01:29.398Z&quot;,
                &quot;status&quot;: &quot;SEND&quot;
            },
            {
                &quot;time&quot;: &quot;2022-02-25T16:01:29.435Z&quot;,
                &quot;status&quot;: &quot;DELIVERED&quot;
            },
            {
                &quot;time&quot;: &quot;2022-02-25T16:01:52.649Z&quot;,
                &quot;status&quot;: &quot;PENDING&quot;
            },
            {
                &quot;time&quot;: &quot;2022-02-25T16:01:52.672Z&quot;,
                &quot;status&quot;: &quot;SEND&quot;
            },
            {
                &quot;time&quot;: &quot;2022-02-25T16:01:52.707Z&quot;,
                &quot;status&quot;: &quot;DELIVERED&quot;
            },
            {
                &quot;time&quot;: &quot;2022-02-25T16:02:18.471Z&quot;,
                &quot;status&quot;: &quot;PENDING&quot;
            },
            {
                &quot;time&quot;: &quot;2022-02-25T16:02:18.497Z&quot;,
                &quot;status&quot;: &quot;SEND&quot;
            },
            {
                &quot;time&quot;: &quot;2022-02-25T16:02:18.531Z&quot;,
                &quot;status&quot;: &quot;DELIVERED&quot;
            },
            {
                &quot;time&quot;: &quot;2022-02-25T16:18:08.774Z&quot;,
                &quot;status&quot;: &quot;PENDING&quot;
            },
            {
                &quot;time&quot;: &quot;2022-02-25T16:18:08.809Z&quot;,
                &quot;status&quot;: &quot;SEND&quot;
            },
            {
                &quot;time&quot;: &quot;2022-02-25T16:18:08.844Z&quot;,
                &quot;status&quot;: &quot;DELIVERED&quot;
            },
            {
                &quot;time&quot;: &quot;2022-02-25T16:20:48.789Z&quot;,
                &quot;status&quot;: &quot;PENDING&quot;
            },
            {
                &quot;time&quot;: &quot;2022-02-25T16:20:48.814Z&quot;,
                &quot;status&quot;: &quot;SEND&quot;
            },
            {
                &quot;time&quot;: &quot;2022-02-25T16:20:48.848Z&quot;,
                &quot;status&quot;: &quot;DELIVERED&quot;
            },
            {
                &quot;time&quot;: &quot;2022-02-25T16:21:12.421Z&quot;,
                &quot;status&quot;: &quot;PENDING&quot;
            },
            {
                &quot;time&quot;: &quot;2022-02-25T16:21:12.447Z&quot;,
                &quot;status&quot;: &quot;SEND&quot;
            },
            {
                &quot;time&quot;: &quot;2022-02-25T16:21:12.483Z&quot;,
                &quot;status&quot;: &quot;DELIVERED&quot;
            },
            {
                &quot;time&quot;: &quot;2022-02-25T16:23:50.786Z&quot;,
                &quot;status&quot;: &quot;PENDING&quot;
            },
            {
                &quot;time&quot;: &quot;2022-02-25T16:23:50.811Z&quot;,
                &quot;status&quot;: &quot;SEND&quot;
            }
        ],
        &quot;status&quot;: &quot;DELIVERED&quot;
    },
    &quot;creationTime&quot;: &quot;2022-02-25T15:47:06.397Z&quot;,
    &quot;deviceId&quot;: &quot;14656331&quot;,
    &quot;deviceName&quot;: &quot;mythic_beasts_pi_all_jobs_sag&quot;,
    &quot;self&quot;: &quot;https://t493319102.eu-latest.cumulocity.com/devicecontrol/operations/14656720&quot;,
    &quot;id&quot;: &quot;14656720&quot;,
    &quot;status&quot;: &quot;PENDING&quot;,
    &quot;c8y_LogfileRequest&quot;: {
        &quot;searchText&quot;: &quot;&quot;,
        &quot;logFile&quot;: &quot;software-management&quot;,
        &quot;dateTo&quot;: &quot;2021-11-21T18:55:49+0530&quot;,
        &quot;dateFrom&quot;: &quot;2021-11-15T18:55:49+0530&quot;,
        &quot;maximumLines&quot;: 300
    },
    &quot;description&quot;: &quot;Log file request&quot;
}
16:25:17 DEBUG Final URL of the request: https://thin-edge-io.eu-latest.cumulocity.com/devicecontrol/operations?deviceId=14656331&amp;pageSize=1&amp;revert=true&amp;dateFrom=1970-01-01T00%3A00%3A00.000Z
16:25:17 INFO  State of current operation: PENDING
16:25:17 DEBUG Final URL of the request: https://thin-edge-io.eu-latest.cumulocity.com/devicecontrol/operations?deviceId=14656331&amp;pageSize=1&amp;revert=true&amp;dateFrom=1970-01-01T00%3A00%3A00.000Z
16:25:17 DEBUG State of current operation: {
    &quot;delivery&quot;: {
        &quot;time&quot;: &quot;2022-02-25T16:23:50.846Z&quot;,
        &quot;log&quot;: [
            {
                &quot;time&quot;: &quot;2022-02-25T15:47:06.415Z&quot;,
                &quot;status&quot;: &quot;PENDING&quot;
            },
            {
                &quot;time&quot;: &quot;2022-02-25T15:47:06.422Z&quot;,
                &quot;status&quot;: &quot;SEND&quot;
            },
            {
                &quot;time&quot;: &quot;2022-02-25T15:47:06.459Z&quot;,
                &quot;status&quot;: &quot;DELIVERED&quot;
            },
            {
                &quot;time&quot;: &quot;2022-02-25T15:48:13.784Z&quot;,
                &quot;status&quot;: &quot;PENDING&quot;
            },
            {
                &quot;time&quot;: &quot;2022-02-25T15:48:13.807Z&quot;,
                &quot;status&quot;: &quot;SEND&quot;
            },
            {
                &quot;time&quot;: &quot;2022-02-25T15:48:13.843Z&quot;,
                &quot;status&quot;: &quot;DELIVERED&quot;
            },
            {
                &quot;time&quot;: &quot;2022-02-25T15:49:26.171Z&quot;,
                &quot;status&quot;: &quot;PENDING&quot;
            },
            {
                &quot;time&quot;: &quot;2022-02-25T15:49:26.195Z&quot;,
                &quot;status&quot;: &quot;SEND&quot;
            },
            {
                &quot;time&quot;: &quot;2022-02-25T15:49:26.231Z&quot;,
                &quot;status&quot;: &quot;DELIVERED&quot;
            },
            {
                &quot;time&quot;: &quot;2022-02-25T15:50:40.517Z&quot;,
                &quot;status&quot;: &quot;PENDING&quot;
            },
            {
                &quot;time&quot;: &quot;2022-02-25T15:50:40.541Z&quot;,
                &quot;status&quot;: &quot;SEND&quot;
            },
            {
                &quot;time&quot;: &quot;2022-02-25T15:50:40.580Z&quot;,
                &quot;status&quot;: &quot;DELIVERED&quot;
            },
            {
                &quot;time&quot;: &quot;2022-02-25T15:51:54.139Z&quot;,
                &quot;status&quot;: &quot;PENDING&quot;
            },
            {
                &quot;time&quot;: &quot;2022-02-25T15:51:54.159Z&quot;,
                &quot;status&quot;: &quot;SEND&quot;
            },
            {
                &quot;time&quot;: &quot;2022-02-25T15:51:54.191Z&quot;,
                &quot;status&quot;: &quot;DELIVERED&quot;
            },
            {
                &quot;time&quot;: &quot;2022-02-25T15:52:34.081Z&quot;,
                &quot;status&quot;: &quot;PENDING&quot;
            },
            {
                &quot;time&quot;: &quot;2022-02-25T15:52:34.101Z&quot;,
                &quot;status&quot;: &quot;SEND&quot;
            },
            {
                &quot;time&quot;: &quot;2022-02-25T15:52:34.134Z&quot;,
                &quot;status&quot;: &quot;DELIVERED&quot;
            },
            {
                &quot;time&quot;: &quot;2022-02-25T15:53:26.503Z&quot;,
                &quot;status&quot;: &quot;PENDING&quot;
            },
            {
                &quot;time&quot;: &quot;2022-02-25T15:53:26.525Z&quot;,
                &quot;status&quot;: &quot;SEND&quot;
            },
            {
                &quot;time&quot;: &quot;2022-02-25T15:53:26.557Z&quot;,
                &quot;status&quot;: &quot;DELIVERED&quot;
            },
            {
                &quot;time&quot;: &quot;2022-02-25T15:54:17.893Z&quot;,
                &quot;status&quot;: &quot;PENDING&quot;
            },
            {
                &quot;time&quot;: &quot;2022-02-25T15:54:17.914Z&quot;,
                &quot;status&quot;: &quot;SEND&quot;
            },
            {
                &quot;time&quot;: &quot;2022-02-25T15:54:17.948Z&quot;,
                &quot;status&quot;: &quot;DELIVERED&quot;
            },
            {
                &quot;time&quot;: &quot;2022-02-25T15:54:59.004Z&quot;,
                &quot;status&quot;: &quot;PENDING&quot;
            },
            {
                &quot;time&quot;: &quot;2022-02-25T15:54:59.029Z&quot;,
                &quot;status&quot;: &quot;SEND&quot;
            },
            {
                &quot;time&quot;: &quot;2022-02-25T15:54:59.061Z&quot;,
                &quot;status&quot;: &quot;DELIVERED&quot;
            },
            {
                &quot;time&quot;: &quot;2022-02-25T15:57:14.375Z&quot;,
                &quot;status&quot;: &quot;PENDING&quot;
            },
            {
                &quot;time&quot;: &quot;2022-02-25T15:57:14.398Z&quot;,
                &quot;status&quot;: &quot;SEND&quot;
            },
            {
                &quot;time&quot;: &quot;2022-02-25T15:57:14.436Z&quot;,
                &quot;status&quot;: &quot;DELIVERED&quot;
            },
            {
                &quot;time&quot;: &quot;2022-02-25T15:59:40.014Z&quot;,
                &quot;status&quot;: &quot;PENDING&quot;
            },
            {
                &quot;time&quot;: &quot;2022-02-25T15:59:40.037Z&quot;,
                &quot;status&quot;: &quot;SEND&quot;
            },
            {
                &quot;time&quot;: &quot;2022-02-25T15:59:40.082Z&quot;,
                &quot;status&quot;: &quot;DELIVERED&quot;
            },
            {
                &quot;time&quot;: &quot;2022-02-25T16:00:03.129Z&quot;,
                &quot;status&quot;: &quot;PENDING&quot;
            },
            {
                &quot;time&quot;: &quot;2022-02-25T16:00:03.162Z&quot;,
                &quot;status&quot;: &quot;SEND&quot;
            },
            {
                &quot;time&quot;: &quot;2022-02-25T16:00:03.193Z&quot;,
                &quot;status&quot;: &quot;DELIVERED&quot;
            },
            {
                &quot;time&quot;: &quot;2022-02-25T16:00:26.743Z&quot;,
                &quot;status&quot;: &quot;PENDING&quot;
            },
            {
                &quot;time&quot;: &quot;2022-02-25T16:00:26.765Z&quot;,
                &quot;status&quot;: &quot;SEND&quot;
            },
            {
                &quot;time&quot;: &quot;2022-02-25T16:00:26.800Z&quot;,
                &quot;status&quot;: &quot;DELIVERED&quot;
            },
            {
                &quot;time&quot;: &quot;2022-02-25T16:00:51.687Z&quot;,
                &quot;status&quot;: &quot;PENDING&quot;
            },
            {
                &quot;time&quot;: &quot;2022-02-25T16:00:51.712Z&quot;,
                &quot;status&quot;: &quot;SEND&quot;
            },
            {
                &quot;time&quot;: &quot;2022-02-25T16:00:51.746Z&quot;,
                &quot;status&quot;: &quot;DELIVERED&quot;
            },
            {
                &quot;time&quot;: &quot;2022-02-25T16:01:29.375Z&quot;,
                &quot;status&quot;: &quot;PENDING&quot;
            },
            {
                &quot;time&quot;: &quot;2022-02-25T16:01:29.398Z&quot;,
                &quot;status&quot;: &quot;SEND&quot;
            },
            {
                &quot;time&quot;: &quot;2022-02-25T16:01:29.435Z&quot;,
                &quot;status&quot;: &quot;DELIVERED&quot;
            },
            {
                &quot;time&quot;: &quot;2022-02-25T16:01:52.649Z&quot;,
                &quot;status&quot;: &quot;PENDING&quot;
            },
            {
                &quot;time&quot;: &quot;2022-02-25T16:01:52.672Z&quot;,
                &quot;status&quot;: &quot;SEND&quot;
            },
            {
                &quot;time&quot;: &quot;2022-02-25T16:01:52.707Z&quot;,
                &quot;status&quot;: &quot;DELIVERED&quot;
            },
            {
                &quot;time&quot;: &quot;2022-02-25T16:02:18.471Z&quot;,
                &quot;status&quot;: &quot;PENDING&quot;
            },
            {
                &quot;time&quot;: &quot;2022-02-25T16:02:18.497Z&quot;,
                &quot;status&quot;: &quot;SEND&quot;
            },
            {
                &quot;time&quot;: &quot;2022-02-25T16:02:18.531Z&quot;,
                &quot;status&quot;: &quot;DELIVERED&quot;
            },
            {
                &quot;time&quot;: &quot;2022-02-25T16:18:08.774Z&quot;,
                &quot;status&quot;: &quot;PENDING&quot;
            },
            {
                &quot;time&quot;: &quot;2022-02-25T16:18:08.809Z&quot;,
                &quot;status&quot;: &quot;SEND&quot;
            },
            {
                &quot;time&quot;: &quot;2022-02-25T16:18:08.844Z&quot;,
                &quot;status&quot;: &quot;DELIVERED&quot;
            },
            {
                &quot;time&quot;: &quot;2022-02-25T16:20:48.789Z&quot;,
                &quot;status&quot;: &quot;PENDING&quot;
            },
            {
                &quot;time&quot;: &quot;2022-02-25T16:20:48.814Z&quot;,
                &quot;status&quot;: &quot;SEND&quot;
            },
            {
                &quot;time&quot;: &quot;2022-02-25T16:20:48.848Z&quot;,
                &quot;status&quot;: &quot;DELIVERED&quot;
            },
            {
                &quot;time&quot;: &quot;2022-02-25T16:21:12.421Z&quot;,
                &quot;status&quot;: &quot;PENDING&quot;
            },
            {
                &quot;time&quot;: &quot;2022-02-25T16:21:12.447Z&quot;,
                &quot;status&quot;: &quot;SEND&quot;
            },
            {
                &quot;time&quot;: &quot;2022-02-25T16:21:12.483Z&quot;,
                &quot;status&quot;: &quot;DELIVERED&quot;
            },
            {
                &quot;time&quot;: &quot;2022-02-25T16:23:50.786Z&quot;,
                &quot;status&quot;: &quot;PENDING&quot;
            },
            {
                &quot;time&quot;: &quot;2022-02-25T16:23:50.811Z&quot;,
                &quot;status&quot;: &quot;SEND&quot;
            }
        ],
        &quot;status&quot;: &quot;DELIVERED&quot;
    },
    &quot;creationTime&quot;: &quot;2022-02-25T15:47:06.397Z&quot;,
    &quot;deviceId&quot;: &quot;14656331&quot;,
    &quot;deviceName&quot;: &quot;mythic_beasts_pi_all_jobs_sag&quot;,
    &quot;self&quot;: &quot;https://t493319102.eu-latest.cumulocity.com/devicecontrol/operations/14656720&quot;,
    &quot;id&quot;: &quot;14656720&quot;,
    &quot;status&quot;: &quot;PENDING&quot;,
    &quot;c8y_LogfileRequest&quot;: {
        &quot;searchText&quot;: &quot;&quot;,
        &quot;logFile&quot;: &quot;software-management&quot;,
        &quot;dateTo&quot;: &quot;2021-11-21T18:55:49+0530&quot;,
        &quot;dateFrom&quot;: &quot;2021-11-15T18:55:49+0530&quot;,
        &quot;maximumLines&quot;: 300
    },
    &quot;description&quot;: &quot;Log file request&quot;
}
16:25:19 DEBUG Final URL of the request: https://thin-edge-io.eu-latest.cumulocity.com/devicecontrol/operations?deviceId=14656331&amp;pageSize=1&amp;revert=true&amp;dateFrom=1970-01-01T00%3A00%3A00.000Z
16:25:19 INFO  State of current operation: PENDING
16:25:19 DEBUG Final URL of the request: https://thin-edge-io.eu-latest.cumulocity.com/devicecontrol/operations?deviceId=14656331&amp;pageSize=1&amp;revert=true&amp;dateFrom=1970-01-01T00%3A00%3A00.000Z
16:25:19 DEBUG State of current operation: {
    &quot;delivery&quot;: {
        &quot;time&quot;: &quot;2022-02-25T16:23:50.846Z&quot;,
        &quot;log&quot;: [
            {
                &quot;time&quot;: &quot;2022-02-25T15:47:06.415Z&quot;,
                &quot;status&quot;: &quot;PENDING&quot;
            },
            {
                &quot;time&quot;: &quot;2022-02-25T15:47:06.422Z&quot;,
                &quot;status&quot;: &quot;SEND&quot;
            },
            {
                &quot;time&quot;: &quot;2022-02-25T15:47:06.459Z&quot;,
                &quot;status&quot;: &quot;DELIVERED&quot;
            },
            {
                &quot;time&quot;: &quot;2022-02-25T15:48:13.784Z&quot;,
                &quot;status&quot;: &quot;PENDING&quot;
            },
            {
                &quot;time&quot;: &quot;2022-02-25T15:48:13.807Z&quot;,
                &quot;status&quot;: &quot;SEND&quot;
            },
            {
                &quot;time&quot;: &quot;2022-02-25T15:48:13.843Z&quot;,
                &quot;status&quot;: &quot;DELIVERED&quot;
            },
            {
                &quot;time&quot;: &quot;2022-02-25T15:49:26.171Z&quot;,
                &quot;status&quot;: &quot;PENDING&quot;
            },
            {
                &quot;time&quot;: &quot;2022-02-25T15:49:26.195Z&quot;,
                &quot;status&quot;: &quot;SEND&quot;
            },
            {
                &quot;time&quot;: &quot;2022-02-25T15:49:26.231Z&quot;,
                &quot;status&quot;: &quot;DELIVERED&quot;
            },
            {
                &quot;time&quot;: &quot;2022-02-25T15:50:40.517Z&quot;,
                &quot;status&quot;: &quot;PENDING&quot;
            },
            {
                &quot;time&quot;: &quot;2022-02-25T15:50:40.541Z&quot;,
                &quot;status&quot;: &quot;SEND&quot;
            },
            {
                &quot;time&quot;: &quot;2022-02-25T15:50:40.580Z&quot;,
                &quot;status&quot;: &quot;DELIVERED&quot;
            },
            {
                &quot;time&quot;: &quot;2022-02-25T15:51:54.139Z&quot;,
                &quot;status&quot;: &quot;PENDING&quot;
            },
            {
                &quot;time&quot;: &quot;2022-02-25T15:51:54.159Z&quot;,
                &quot;status&quot;: &quot;SEND&quot;
            },
            {
                &quot;time&quot;: &quot;2022-02-25T15:51:54.191Z&quot;,
                &quot;status&quot;: &quot;DELIVERED&quot;
            },
            {
                &quot;time&quot;: &quot;2022-02-25T15:52:34.081Z&quot;,
                &quot;status&quot;: &quot;PENDING&quot;
            },
            {
                &quot;time&quot;: &quot;2022-02-25T15:52:34.101Z&quot;,
                &quot;status&quot;: &quot;SEND&quot;
            },
            {
                &quot;time&quot;: &quot;2022-02-25T15:52:34.134Z&quot;,
                &quot;status&quot;: &quot;DELIVERED&quot;
            },
            {
                &quot;time&quot;: &quot;2022-02-25T15:53:26.503Z&quot;,
                &quot;status&quot;: &quot;PENDING&quot;
            },
            {
                &quot;time&quot;: &quot;2022-02-25T15:53:26.525Z&quot;,
                &quot;status&quot;: &quot;SEND&quot;
            },
            {
                &quot;time&quot;: &quot;2022-02-25T15:53:26.557Z&quot;,
                &quot;status&quot;: &quot;DELIVERED&quot;
            },
            {
                &quot;time&quot;: &quot;2022-02-25T15:54:17.893Z&quot;,
                &quot;status&quot;: &quot;PENDING&quot;
            },
            {
                &quot;time&quot;: &quot;2022-02-25T15:54:17.914Z&quot;,
                &quot;status&quot;: &quot;SEND&quot;
            },
            {
                &quot;time&quot;: &quot;2022-02-25T15:54:17.948Z&quot;,
                &quot;status&quot;: &quot;DELIVERED&quot;
            },
            {
                &quot;time&quot;: &quot;2022-02-25T15:54:59.004Z&quot;,
                &quot;status&quot;: &quot;PENDING&quot;
            },
            {
                &quot;time&quot;: &quot;2022-02-25T15:54:59.029Z&quot;,
                &quot;status&quot;: &quot;SEND&quot;
            },
            {
                &quot;time&quot;: &quot;2022-02-25T15:54:59.061Z&quot;,
                &quot;status&quot;: &quot;DELIVERED&quot;
            },
            {
                &quot;time&quot;: &quot;2022-02-25T15:57:14.375Z&quot;,
                &quot;status&quot;: &quot;PENDING&quot;
            },
            {
                &quot;time&quot;: &quot;2022-02-25T15:57:14.398Z&quot;,
                &quot;status&quot;: &quot;SEND&quot;
            },
            {
                &quot;time&quot;: &quot;2022-02-25T15:57:14.436Z&quot;,
                &quot;status&quot;: &quot;DELIVERED&quot;
            },
            {
                &quot;time&quot;: &quot;2022-02-25T15:59:40.014Z&quot;,
                &quot;status&quot;: &quot;PENDING&quot;
            },
            {
                &quot;time&quot;: &quot;2022-02-25T15:59:40.037Z&quot;,
                &quot;status&quot;: &quot;SEND&quot;
            },
            {
                &quot;time&quot;: &quot;2022-02-25T15:59:40.082Z&quot;,
                &quot;status&quot;: &quot;DELIVERED&quot;
            },
            {
                &quot;time&quot;: &quot;2022-02-25T16:00:03.129Z&quot;,
                &quot;status&quot;: &quot;PENDING&quot;
            },
            {
                &quot;time&quot;: &quot;2022-02-25T16:00:03.162Z&quot;,
                &quot;status&quot;: &quot;SEND&quot;
            },
            {
                &quot;time&quot;: &quot;2022-02-25T16:00:03.193Z&quot;,
                &quot;status&quot;: &quot;DELIVERED&quot;
            },
            {
                &quot;time&quot;: &quot;2022-02-25T16:00:26.743Z&quot;,
                &quot;status&quot;: &quot;PENDING&quot;
            },
            {
                &quot;time&quot;: &quot;2022-02-25T16:00:26.765Z&quot;,
                &quot;status&quot;: &quot;SEND&quot;
            },
            {
                &quot;time&quot;: &quot;2022-02-25T16:00:26.800Z&quot;,
                &quot;status&quot;: &quot;DELIVERED&quot;
            },
            {
                &quot;time&quot;: &quot;2022-02-25T16:00:51.687Z&quot;,
                &quot;status&quot;: &quot;PENDING&quot;
            },
            {
                &quot;time&quot;: &quot;2022-02-25T16:00:51.712Z&quot;,
                &quot;status&quot;: &quot;SEND&quot;
            },
            {
                &quot;time&quot;: &quot;2022-02-25T16:00:51.746Z&quot;,
                &quot;status&quot;: &quot;DELIVERED&quot;
            },
            {
                &quot;time&quot;: &quot;2022-02-25T16:01:29.375Z&quot;,
                &quot;status&quot;: &quot;PENDING&quot;
            },
            {
                &quot;time&quot;: &quot;2022-02-25T16:01:29.398Z&quot;,
                &quot;status&quot;: &quot;SEND&quot;
            },
            {
                &quot;time&quot;: &quot;2022-02-25T16:01:29.435Z&quot;,
                &quot;status&quot;: &quot;DELIVERED&quot;
            },
            {
                &quot;time&quot;: &quot;2022-02-25T16:01:52.649Z&quot;,
                &quot;status&quot;: &quot;PENDING&quot;
            },
            {
                &quot;time&quot;: &quot;2022-02-25T16:01:52.672Z&quot;,
                &quot;status&quot;: &quot;SEND&quot;
            },
            {
                &quot;time&quot;: &quot;2022-02-25T16:01:52.707Z&quot;,
                &quot;status&quot;: &quot;DELIVERED&quot;
            },
            {
                &quot;time&quot;: &quot;2022-02-25T16:02:18.471Z&quot;,
                &quot;status&quot;: &quot;PENDING&quot;
            },
            {
                &quot;time&quot;: &quot;2022-02-25T16:02:18.497Z&quot;,
                &quot;status&quot;: &quot;SEND&quot;
            },
            {
                &quot;time&quot;: &quot;2022-02-25T16:02:18.531Z&quot;,
                &quot;status&quot;: &quot;DELIVERED&quot;
            },
            {
                &quot;time&quot;: &quot;2022-02-25T16:18:08.774Z&quot;,
                &quot;status&quot;: &quot;PENDING&quot;
            },
            {
                &quot;time&quot;: &quot;2022-02-25T16:18:08.809Z&quot;,
                &quot;status&quot;: &quot;SEND&quot;
            },
            {
                &quot;time&quot;: &quot;2022-02-25T16:18:08.844Z&quot;,
                &quot;status&quot;: &quot;DELIVERED&quot;
            },
            {
                &quot;time&quot;: &quot;2022-02-25T16:20:48.789Z&quot;,
                &quot;status&quot;: &quot;PENDING&quot;
            },
            {
                &quot;time&quot;: &quot;2022-02-25T16:20:48.814Z&quot;,
                &quot;status&quot;: &quot;SEND&quot;
            },
            {
                &quot;time&quot;: &quot;2022-02-25T16:20:48.848Z&quot;,
                &quot;status&quot;: &quot;DELIVERED&quot;
            },
            {
                &quot;time&quot;: &quot;2022-02-25T16:21:12.421Z&quot;,
                &quot;status&quot;: &quot;PENDING&quot;
            },
            {
                &quot;time&quot;: &quot;2022-02-25T16:21:12.447Z&quot;,
                &quot;status&quot;: &quot;SEND&quot;
            },
            {
                &quot;time&quot;: &quot;2022-02-25T16:21:12.483Z&quot;,
                &quot;status&quot;: &quot;DELIVERED&quot;
            },
            {
                &quot;time&quot;: &quot;2022-02-25T16:23:50.786Z&quot;,
                &quot;status&quot;: &quot;PENDING&quot;
            },
            {
                &quot;time&quot;: &quot;2022-02-25T16:23:50.811Z&quot;,
                &quot;status&quot;: &quot;SEND&quot;
            }
        ],
        &quot;status&quot;: &quot;DELIVERED&quot;
    },
    &quot;creationTime&quot;: &quot;2022-02-25T15:47:06.397Z&quot;,
    &quot;deviceId&quot;: &quot;14656331&quot;,
    &quot;deviceName&quot;: &quot;mythic_beasts_pi_all_jobs_sag&quot;,
    &quot;self&quot;: &quot;https://t493319102.eu-latest.cumulocity.com/devicecontrol/operations/14656720&quot;,
    &quot;id&quot;: &quot;14656720&quot;,
    &quot;status&quot;: &quot;PENDING&quot;,
    &quot;c8y_LogfileRequest&quot;: {
        &quot;searchText&quot;: &quot;&quot;,
        &quot;logFile&quot;: &quot;software-management&quot;,
        &quot;dateTo&quot;: &quot;2021-11-21T18:55:49+0530&quot;,
        &quot;dateFrom&quot;: &quot;2021-11-15T18:55:49+0530&quot;,
        &quot;maximumLines&quot;: 300
    },
    &quot;description&quot;: &quot;Log file request&quot;
}
16:25:22 DEBUG Final URL of the request: https://thin-edge-io.eu-latest.cumulocity.com/devicecontrol/operations?deviceId=14656331&amp;pageSize=1&amp;revert=true&amp;dateFrom=1970-01-01T00%3A00%3A00.000Z
16:25:22 INFO  State of current operation: PENDING
16:25:22 DEBUG Final URL of the request: https://thin-edge-io.eu-latest.cumulocity.com/devicecontrol/operations?deviceId=14656331&amp;pageSize=1&amp;revert=true&amp;dateFrom=1970-01-01T00%3A00%3A00.000Z
16:25:22 DEBUG State of current operation: {
    &quot;delivery&quot;: {
        &quot;time&quot;: &quot;2022-02-25T16:23:50.846Z&quot;,
        &quot;log&quot;: [
            {
                &quot;time&quot;: &quot;2022-02-25T15:47:06.415Z&quot;,
                &quot;status&quot;: &quot;PENDING&quot;
            },
            {
                &quot;time&quot;: &quot;2022-02-25T15:47:06.422Z&quot;,
                &quot;status&quot;: &quot;SEND&quot;
            },
            {
                &quot;time&quot;: &quot;2022-02-25T15:47:06.459Z&quot;,
                &quot;status&quot;: &quot;DELIVERED&quot;
            },
            {
                &quot;time&quot;: &quot;2022-02-25T15:48:13.784Z&quot;,
                &quot;status&quot;: &quot;PENDING&quot;
            },
            {
                &quot;time&quot;: &quot;2022-02-25T15:48:13.807Z&quot;,
                &quot;status&quot;: &quot;SEND&quot;
            },
            {
                &quot;time&quot;: &quot;2022-02-25T15:48:13.843Z&quot;,
                &quot;status&quot;: &quot;DELIVERED&quot;
            },
            {
                &quot;time&quot;: &quot;2022-02-25T15:49:26.171Z&quot;,
                &quot;status&quot;: &quot;PENDING&quot;
            },
            {
                &quot;time&quot;: &quot;2022-02-25T15:49:26.195Z&quot;,
                &quot;status&quot;: &quot;SEND&quot;
            },
            {
                &quot;time&quot;: &quot;2022-02-25T15:49:26.231Z&quot;,
                &quot;status&quot;: &quot;DELIVERED&quot;
            },
            {
                &quot;time&quot;: &quot;2022-02-25T15:50:40.517Z&quot;,
                &quot;status&quot;: &quot;PENDING&quot;
            },
            {
                &quot;time&quot;: &quot;2022-02-25T15:50:40.541Z&quot;,
                &quot;status&quot;: &quot;SEND&quot;
            },
            {
                &quot;time&quot;: &quot;2022-02-25T15:50:40.580Z&quot;,
                &quot;status&quot;: &quot;DELIVERED&quot;
            },
            {
                &quot;time&quot;: &quot;2022-02-25T15:51:54.139Z&quot;,
                &quot;status&quot;: &quot;PENDING&quot;
            },
            {
                &quot;time&quot;: &quot;2022-02-25T15:51:54.159Z&quot;,
                &quot;status&quot;: &quot;SEND&quot;
            },
            {
                &quot;time&quot;: &quot;2022-02-25T15:51:54.191Z&quot;,
                &quot;status&quot;: &quot;DELIVERED&quot;
            },
            {
                &quot;time&quot;: &quot;2022-02-25T15:52:34.081Z&quot;,
                &quot;status&quot;: &quot;PENDING&quot;
            },
            {
                &quot;time&quot;: &quot;2022-02-25T15:52:34.101Z&quot;,
                &quot;status&quot;: &quot;SEND&quot;
            },
            {
                &quot;time&quot;: &quot;2022-02-25T15:52:34.134Z&quot;,
                &quot;status&quot;: &quot;DELIVERED&quot;
            },
            {
                &quot;time&quot;: &quot;2022-02-25T15:53:26.503Z&quot;,
                &quot;status&quot;: &quot;PENDING&quot;
            },
            {
                &quot;time&quot;: &quot;2022-02-25T15:53:26.525Z&quot;,
                &quot;status&quot;: &quot;SEND&quot;
            },
            {
                &quot;time&quot;: &quot;2022-02-25T15:53:26.557Z&quot;,
                &quot;status&quot;: &quot;DELIVERED&quot;
            },
            {
                &quot;time&quot;: &quot;2022-02-25T15:54:17.893Z&quot;,
                &quot;status&quot;: &quot;PENDING&quot;
            },
            {
                &quot;time&quot;: &quot;2022-02-25T15:54:17.914Z&quot;,
                &quot;status&quot;: &quot;SEND&quot;
            },
            {
                &quot;time&quot;: &quot;2022-02-25T15:54:17.948Z&quot;,
                &quot;status&quot;: &quot;DELIVERED&quot;
            },
            {
                &quot;time&quot;: &quot;2022-02-25T15:54:59.004Z&quot;,
                &quot;status&quot;: &quot;PENDING&quot;
            },
            {
                &quot;time&quot;: &quot;2022-02-25T15:54:59.029Z&quot;,
                &quot;status&quot;: &quot;SEND&quot;
            },
            {
                &quot;time&quot;: &quot;2022-02-25T15:54:59.061Z&quot;,
                &quot;status&quot;: &quot;DELIVERED&quot;
            },
            {
                &quot;time&quot;: &quot;2022-02-25T15:57:14.375Z&quot;,
                &quot;status&quot;: &quot;PENDING&quot;
            },
            {
                &quot;time&quot;: &quot;2022-02-25T15:57:14.398Z&quot;,
                &quot;status&quot;: &quot;SEND&quot;
            },
            {
                &quot;time&quot;: &quot;2022-02-25T15:57:14.436Z&quot;,
                &quot;status&quot;: &quot;DELIVERED&quot;
            },
            {
                &quot;time&quot;: &quot;2022-02-25T15:59:40.014Z&quot;,
                &quot;status&quot;: &quot;PENDING&quot;
            },
            {
                &quot;time&quot;: &quot;2022-02-25T15:59:40.037Z&quot;,
                &quot;status&quot;: &quot;SEND&quot;
            },
            {
                &quot;time&quot;: &quot;2022-02-25T15:59:40.082Z&quot;,
                &quot;status&quot;: &quot;DELIVERED&quot;
            },
            {
                &quot;time&quot;: &quot;2022-02-25T16:00:03.129Z&quot;,
                &quot;status&quot;: &quot;PENDING&quot;
            },
            {
                &quot;time&quot;: &quot;2022-02-25T16:00:03.162Z&quot;,
                &quot;status&quot;: &quot;SEND&quot;
            },
            {
                &quot;time&quot;: &quot;2022-02-25T16:00:03.193Z&quot;,
                &quot;status&quot;: &quot;DELIVERED&quot;
            },
            {
                &quot;time&quot;: &quot;2022-02-25T16:00:26.743Z&quot;,
                &quot;status&quot;: &quot;PENDING&quot;
            },
            {
                &quot;time&quot;: &quot;2022-02-25T16:00:26.765Z&quot;,
                &quot;status&quot;: &quot;SEND&quot;
            },
            {
                &quot;time&quot;: &quot;2022-02-25T16:00:26.800Z&quot;,
                &quot;status&quot;: &quot;DELIVERED&quot;
            },
            {
                &quot;time&quot;: &quot;2022-02-25T16:00:51.687Z&quot;,
                &quot;status&quot;: &quot;PENDING&quot;
            },
            {
                &quot;time&quot;: &quot;2022-02-25T16:00:51.712Z&quot;,
                &quot;status&quot;: &quot;SEND&quot;
            },
            {
                &quot;time&quot;: &quot;2022-02-25T16:00:51.746Z&quot;,
                &quot;status&quot;: &quot;DELIVERED&quot;
            },
            {
                &quot;time&quot;: &quot;2022-02-25T16:01:29.375Z&quot;,
                &quot;status&quot;: &quot;PENDING&quot;
            },
            {
                &quot;time&quot;: &quot;2022-02-25T16:01:29.398Z&quot;,
                &quot;status&quot;: &quot;SEND&quot;
            },
            {
                &quot;time&quot;: &quot;2022-02-25T16:01:29.435Z&quot;,
                &quot;status&quot;: &quot;DELIVERED&quot;
            },
            {
                &quot;time&quot;: &quot;2022-02-25T16:01:52.649Z&quot;,
                &quot;status&quot;: &quot;PENDING&quot;
            },
            {
                &quot;time&quot;: &quot;2022-02-25T16:01:52.672Z&quot;,
                &quot;status&quot;: &quot;SEND&quot;
            },
            {
                &quot;time&quot;: &quot;2022-02-25T16:01:52.707Z&quot;,
                &quot;status&quot;: &quot;DELIVERED&quot;
            },
            {
                &quot;time&quot;: &quot;2022-02-25T16:02:18.471Z&quot;,
                &quot;status&quot;: &quot;PENDING&quot;
            },
            {
                &quot;time&quot;: &quot;2022-02-25T16:02:18.497Z&quot;,
                &quot;status&quot;: &quot;SEND&quot;
            },
            {
                &quot;time&quot;: &quot;2022-02-25T16:02:18.531Z&quot;,
                &quot;status&quot;: &quot;DELIVERED&quot;
            },
            {
                &quot;time&quot;: &quot;2022-02-25T16:18:08.774Z&quot;,
                &quot;status&quot;: &quot;PENDING&quot;
            },
            {
                &quot;time&quot;: &quot;2022-02-25T16:18:08.809Z&quot;,
                &quot;status&quot;: &quot;SEND&quot;
            },
            {
                &quot;time&quot;: &quot;2022-02-25T16:18:08.844Z&quot;,
                &quot;status&quot;: &quot;DELIVERED&quot;
            },
            {
                &quot;time&quot;: &quot;2022-02-25T16:20:48.789Z&quot;,
                &quot;status&quot;: &quot;PENDING&quot;
            },
            {
                &quot;time&quot;: &quot;2022-02-25T16:20:48.814Z&quot;,
                &quot;status&quot;: &quot;SEND&quot;
            },
            {
                &quot;time&quot;: &quot;2022-02-25T16:20:48.848Z&quot;,
                &quot;status&quot;: &quot;DELIVERED&quot;
            },
            {
                &quot;time&quot;: &quot;2022-02-25T16:21:12.421Z&quot;,
                &quot;status&quot;: &quot;PENDING&quot;
            },
            {
                &quot;time&quot;: &quot;2022-02-25T16:21:12.447Z&quot;,
                &quot;status&quot;: &quot;SEND&quot;
            },
            {
                &quot;time&quot;: &quot;2022-02-25T16:21:12.483Z&quot;,
                &quot;status&quot;: &quot;DELIVERED&quot;
            },
            {
                &quot;time&quot;: &quot;2022-02-25T16:23:50.786Z&quot;,
                &quot;status&quot;: &quot;PENDING&quot;
            },
            {
                &quot;time&quot;: &quot;2022-02-25T16:23:50.811Z&quot;,
                &quot;status&quot;: &quot;SEND&quot;
            }
        ],
        &quot;status&quot;: &quot;DELIVERED&quot;
    },
    &quot;creationTime&quot;: &quot;2022-02-25T15:47:06.397Z&quot;,
    &quot;deviceId&quot;: &quot;14656331&quot;,
    &quot;deviceName&quot;: &quot;mythic_beasts_pi_all_jobs_sag&quot;,
    &quot;self&quot;: &quot;https://t493319102.eu-latest.cumulocity.com/devicecontrol/operations/14656720&quot;,
    &quot;id&quot;: &quot;14656720&quot;,
    &quot;status&quot;: &quot;PENDING&quot;,
    &quot;c8y_LogfileRequest&quot;: {
        &quot;searchText&quot;: &quot;&quot;,
        &quot;logFile&quot;: &quot;software-management&quot;,
        &quot;dateTo&quot;: &quot;2021-11-21T18:55:49+0530&quot;,
        &quot;dateFrom&quot;: &quot;2021-11-15T18:55:49+0530&quot;,
        &quot;maximumLines&quot;: 300
    },
    &quot;description&quot;: &quot;Log file request&quot;
}
16:25:24 DEBUG Final URL of the request: https://thin-edge-io.eu-latest.cumulocity.com/devicecontrol/operations?deviceId=14656331&amp;pageSize=1&amp;revert=true&amp;dateFrom=1970-01-01T00%3A00%3A00.000Z
16:25:24 INFO  State of current operation: PENDING
16:25:24 DEBUG Final URL of the request: https://thin-edge-io.eu-latest.cumulocity.com/devicecontrol/operations?deviceId=14656331&amp;pageSize=1&amp;revert=true&amp;dateFrom=1970-01-01T00%3A00%3A00.000Z
16:25:24 DEBUG State of current operation: {
    &quot;delivery&quot;: {
        &quot;time&quot;: &quot;2022-02-25T16:23:50.846Z&quot;,
        &quot;log&quot;: [
            {
                &quot;time&quot;: &quot;2022-02-25T15:47:06.415Z&quot;,
                &quot;status&quot;: &quot;PENDING&quot;
            },
            {
                &quot;time&quot;: &quot;2022-02-25T15:47:06.422Z&quot;,
                &quot;status&quot;: &quot;SEND&quot;
            },
            {
                &quot;time&quot;: &quot;2022-02-25T15:47:06.459Z&quot;,
                &quot;status&quot;: &quot;DELIVERED&quot;
            },
            {
                &quot;time&quot;: &quot;2022-02-25T15:48:13.784Z&quot;,
                &quot;status&quot;: &quot;PENDING&quot;
            },
            {
                &quot;time&quot;: &quot;2022-02-25T15:48:13.807Z&quot;,
                &quot;status&quot;: &quot;SEND&quot;
            },
            {
                &quot;time&quot;: &quot;2022-02-25T15:48:13.843Z&quot;,
                &quot;status&quot;: &quot;DELIVERED&quot;
            },
            {
                &quot;time&quot;: &quot;2022-02-25T15:49:26.171Z&quot;,
                &quot;status&quot;: &quot;PENDING&quot;
            },
            {
                &quot;time&quot;: &quot;2022-02-25T15:49:26.195Z&quot;,
                &quot;status&quot;: &quot;SEND&quot;
            },
            {
                &quot;time&quot;: &quot;2022-02-25T15:49:26.231Z&quot;,
                &quot;status&quot;: &quot;DELIVERED&quot;
            },
            {
                &quot;time&quot;: &quot;2022-02-25T15:50:40.517Z&quot;,
                &quot;status&quot;: &quot;PENDING&quot;
            },
            {
                &quot;time&quot;: &quot;2022-02-25T15:50:40.541Z&quot;,
                &quot;status&quot;: &quot;SEND&quot;
            },
            {
                &quot;time&quot;: &quot;2022-02-25T15:50:40.580Z&quot;,
                &quot;status&quot;: &quot;DELIVERED&quot;
            },
            {
                &quot;time&quot;: &quot;2022-02-25T15:51:54.139Z&quot;,
                &quot;status&quot;: &quot;PENDING&quot;
            },
            {
                &quot;time&quot;: &quot;2022-02-25T15:51:54.159Z&quot;,
                &quot;status&quot;: &quot;SEND&quot;
            },
            {
                &quot;time&quot;: &quot;2022-02-25T15:51:54.191Z&quot;,
                &quot;status&quot;: &quot;DELIVERED&quot;
            },
            {
                &quot;time&quot;: &quot;2022-02-25T15:52:34.081Z&quot;,
                &quot;status&quot;: &quot;PENDING&quot;
            },
            {
                &quot;time&quot;: &quot;2022-02-25T15:52:34.101Z&quot;,
                &quot;status&quot;: &quot;SEND&quot;
            },
            {
                &quot;time&quot;: &quot;2022-02-25T15:52:34.134Z&quot;,
                &quot;status&quot;: &quot;DELIVERED&quot;
            },
            {
                &quot;time&quot;: &quot;2022-02-25T15:53:26.503Z&quot;,
                &quot;status&quot;: &quot;PENDING&quot;
            },
            {
                &quot;time&quot;: &quot;2022-02-25T15:53:26.525Z&quot;,
                &quot;status&quot;: &quot;SEND&quot;
            },
            {
                &quot;time&quot;: &quot;2022-02-25T15:53:26.557Z&quot;,
                &quot;status&quot;: &quot;DELIVERED&quot;
            },
            {
                &quot;time&quot;: &quot;2022-02-25T15:54:17.893Z&quot;,
                &quot;status&quot;: &quot;PENDING&quot;
            },
            {
                &quot;time&quot;: &quot;2022-02-25T15:54:17.914Z&quot;,
                &quot;status&quot;: &quot;SEND&quot;
            },
            {
                &quot;time&quot;: &quot;2022-02-25T15:54:17.948Z&quot;,
                &quot;status&quot;: &quot;DELIVERED&quot;
            },
            {
                &quot;time&quot;: &quot;2022-02-25T15:54:59.004Z&quot;,
                &quot;status&quot;: &quot;PENDING&quot;
            },
            {
                &quot;time&quot;: &quot;2022-02-25T15:54:59.029Z&quot;,
                &quot;status&quot;: &quot;SEND&quot;
            },
            {
                &quot;time&quot;: &quot;2022-02-25T15:54:59.061Z&quot;,
                &quot;status&quot;: &quot;DELIVERED&quot;
            },
            {
                &quot;time&quot;: &quot;2022-02-25T15:57:14.375Z&quot;,
                &quot;status&quot;: &quot;PENDING&quot;
            },
            {
                &quot;time&quot;: &quot;2022-02-25T15:57:14.398Z&quot;,
                &quot;status&quot;: &quot;SEND&quot;
            },
            {
                &quot;time&quot;: &quot;2022-02-25T15:57:14.436Z&quot;,
                &quot;status&quot;: &quot;DELIVERED&quot;
            },
            {
                &quot;time&quot;: &quot;2022-02-25T15:59:40.014Z&quot;,
                &quot;status&quot;: &quot;PENDING&quot;
            },
            {
                &quot;time&quot;: &quot;2022-02-25T15:59:40.037Z&quot;,
                &quot;status&quot;: &quot;SEND&quot;
            },
            {
                &quot;time&quot;: &quot;2022-02-25T15:59:40.082Z&quot;,
                &quot;status&quot;: &quot;DELIVERED&quot;
            },
            {
                &quot;time&quot;: &quot;2022-02-25T16:00:03.129Z&quot;,
                &quot;status&quot;: &quot;PENDING&quot;
            },
            {
                &quot;time&quot;: &quot;2022-02-25T16:00:03.162Z&quot;,
                &quot;status&quot;: &quot;SEND&quot;
            },
            {
                &quot;time&quot;: &quot;2022-02-25T16:00:03.193Z&quot;,
                &quot;status&quot;: &quot;DELIVERED&quot;
            },
            {
                &quot;time&quot;: &quot;2022-02-25T16:00:26.743Z&quot;,
                &quot;status&quot;: &quot;PENDING&quot;
            },
            {
                &quot;time&quot;: &quot;2022-02-25T16:00:26.765Z&quot;,
                &quot;status&quot;: &quot;SEND&quot;
            },
            {
                &quot;time&quot;: &quot;2022-02-25T16:00:26.800Z&quot;,
                &quot;status&quot;: &quot;DELIVERED&quot;
            },
            {
                &quot;time&quot;: &quot;2022-02-25T16:00:51.687Z&quot;,
                &quot;status&quot;: &quot;PENDING&quot;
            },
            {
                &quot;time&quot;: &quot;2022-02-25T16:00:51.712Z&quot;,
                &quot;status&quot;: &quot;SEND&quot;
            },
            {
                &quot;time&quot;: &quot;2022-02-25T16:00:51.746Z&quot;,
                &quot;status&quot;: &quot;DELIVERED&quot;
            },
            {
                &quot;time&quot;: &quot;2022-02-25T16:01:29.375Z&quot;,
                &quot;status&quot;: &quot;PENDING&quot;
            },
            {
                &quot;time&quot;: &quot;2022-02-25T16:01:29.398Z&quot;,
                &quot;status&quot;: &quot;SEND&quot;
            },
            {
                &quot;time&quot;: &quot;2022-02-25T16:01:29.435Z&quot;,
                &quot;status&quot;: &quot;DELIVERED&quot;
            },
            {
                &quot;time&quot;: &quot;2022-02-25T16:01:52.649Z&quot;,
                &quot;status&quot;: &quot;PENDING&quot;
            },
            {
                &quot;time&quot;: &quot;2022-02-25T16:01:52.672Z&quot;,
                &quot;status&quot;: &quot;SEND&quot;
            },
            {
                &quot;time&quot;: &quot;2022-02-25T16:01:52.707Z&quot;,
                &quot;status&quot;: &quot;DELIVERED&quot;
            },
            {
                &quot;time&quot;: &quot;2022-02-25T16:02:18.471Z&quot;,
                &quot;status&quot;: &quot;PENDING&quot;
            },
            {
                &quot;time&quot;: &quot;2022-02-25T16:02:18.497Z&quot;,
                &quot;status&quot;: &quot;SEND&quot;
            },
            {
                &quot;time&quot;: &quot;2022-02-25T16:02:18.531Z&quot;,
                &quot;status&quot;: &quot;DELIVERED&quot;
            },
            {
                &quot;time&quot;: &quot;2022-02-25T16:18:08.774Z&quot;,
                &quot;status&quot;: &quot;PENDING&quot;
            },
            {
                &quot;time&quot;: &quot;2022-02-25T16:18:08.809Z&quot;,
                &quot;status&quot;: &quot;SEND&quot;
            },
            {
                &quot;time&quot;: &quot;2022-02-25T16:18:08.844Z&quot;,
                &quot;status&quot;: &quot;DELIVERED&quot;
            },
            {
                &quot;time&quot;: &quot;2022-02-25T16:20:48.789Z&quot;,
                &quot;status&quot;: &quot;PENDING&quot;
            },
            {
                &quot;time&quot;: &quot;2022-02-25T16:20:48.814Z&quot;,
                &quot;status&quot;: &quot;SEND&quot;
            },
            {
                &quot;time&quot;: &quot;2022-02-25T16:20:48.848Z&quot;,
                &quot;status&quot;: &quot;DELIVERED&quot;
            },
            {
                &quot;time&quot;: &quot;2022-02-25T16:21:12.421Z&quot;,
                &quot;status&quot;: &quot;PENDING&quot;
            },
            {
                &quot;time&quot;: &quot;2022-02-25T16:21:12.447Z&quot;,
                &quot;status&quot;: &quot;SEND&quot;
            },
            {
                &quot;time&quot;: &quot;2022-02-25T16:21:12.483Z&quot;,
                &quot;status&quot;: &quot;DELIVERED&quot;
            },
            {
                &quot;time&quot;: &quot;2022-02-25T16:23:50.786Z&quot;,
                &quot;status&quot;: &quot;PENDING&quot;
            },
            {
                &quot;time&quot;: &quot;2022-02-25T16:23:50.811Z&quot;,
                &quot;status&quot;: &quot;SEND&quot;
            }
        ],
        &quot;status&quot;: &quot;DELIVERED&quot;
    },
    &quot;creationTime&quot;: &quot;2022-02-25T15:47:06.397Z&quot;,
    &quot;deviceId&quot;: &quot;14656331&quot;,
    &quot;deviceName&quot;: &quot;mythic_beasts_pi_all_jobs_sag&quot;,
    &quot;self&quot;: &quot;https://t493319102.eu-latest.cumulocity.com/devicecontrol/operations/14656720&quot;,
    &quot;id&quot;: &quot;14656720&quot;,
    &quot;status&quot;: &quot;PENDING&quot;,
    &quot;c8y_LogfileRequest&quot;: {
        &quot;searchText&quot;: &quot;&quot;,
        &quot;logFile&quot;: &quot;software-management&quot;,
        &quot;dateTo&quot;: &quot;2021-11-21T18:55:49+0530&quot;,
        &quot;dateFrom&quot;: &quot;2021-11-15T18:55:49+0530&quot;,
        &quot;maximumLines&quot;: 300
    },
    &quot;description&quot;: &quot;Log file request&quot;
}
16:25:26 DEBUG Final URL of the request: https://thin-edge-io.eu-latest.cumulocity.com/devicecontrol/operations?deviceId=14656331&amp;pageSize=1&amp;revert=true&amp;dateFrom=1970-01-01T00%3A00%3A00.000Z
16:25:26 INFO  State of current operation: PENDING
16:25:26 DEBUG Final URL of the request: https://thin-edge-io.eu-latest.cumulocity.com/devicecontrol/operations?deviceId=14656331&amp;pageSize=1&amp;revert=true&amp;dateFrom=1970-01-01T00%3A00%3A00.000Z
16:25:26 DEBUG State of current operation: {
    &quot;delivery&quot;: {
        &quot;time&quot;: &quot;2022-02-25T16:23:50.846Z&quot;,
        &quot;log&quot;: [
            {
                &quot;time&quot;: &quot;2022-02-25T15:47:06.415Z&quot;,
                &quot;status&quot;: &quot;PENDING&quot;
            },
            {
                &quot;time&quot;: &quot;2022-02-25T15:47:06.422Z&quot;,
                &quot;status&quot;: &quot;SEND&quot;
            },
            {
                &quot;time&quot;: &quot;2022-02-25T15:47:06.459Z&quot;,
                &quot;status&quot;: &quot;DELIVERED&quot;
            },
            {
                &quot;time&quot;: &quot;2022-02-25T15:48:13.784Z&quot;,
                &quot;status&quot;: &quot;PENDING&quot;
            },
            {
                &quot;time&quot;: &quot;2022-02-25T15:48:13.807Z&quot;,
                &quot;status&quot;: &quot;SEND&quot;
            },
            {
                &quot;time&quot;: &quot;2022-02-25T15:48:13.843Z&quot;,
                &quot;status&quot;: &quot;DELIVERED&quot;
            },
            {
                &quot;time&quot;: &quot;2022-02-25T15:49:26.171Z&quot;,
                &quot;status&quot;: &quot;PENDING&quot;
            },
            {
                &quot;time&quot;: &quot;2022-02-25T15:49:26.195Z&quot;,
                &quot;status&quot;: &quot;SEND&quot;
            },
            {
                &quot;time&quot;: &quot;2022-02-25T15:49:26.231Z&quot;,
                &quot;status&quot;: &quot;DELIVERED&quot;
            },
            {
                &quot;time&quot;: &quot;2022-02-25T15:50:40.517Z&quot;,
                &quot;status&quot;: &quot;PENDING&quot;
            },
            {
                &quot;time&quot;: &quot;2022-02-25T15:50:40.541Z&quot;,
                &quot;status&quot;: &quot;SEND&quot;
            },
            {
                &quot;time&quot;: &quot;2022-02-25T15:50:40.580Z&quot;,
                &quot;status&quot;: &quot;DELIVERED&quot;
            },
            {
                &quot;time&quot;: &quot;2022-02-25T15:51:54.139Z&quot;,
                &quot;status&quot;: &quot;PENDING&quot;
            },
            {
                &quot;time&quot;: &quot;2022-02-25T15:51:54.159Z&quot;,
                &quot;status&quot;: &quot;SEND&quot;
            },
            {
                &quot;time&quot;: &quot;2022-02-25T15:51:54.191Z&quot;,
                &quot;status&quot;: &quot;DELIVERED&quot;
            },
            {
                &quot;time&quot;: &quot;2022-02-25T15:52:34.081Z&quot;,
                &quot;status&quot;: &quot;PENDING&quot;
            },
            {
                &quot;time&quot;: &quot;2022-02-25T15:52:34.101Z&quot;,
                &quot;status&quot;: &quot;SEND&quot;
            },
            {
                &quot;time&quot;: &quot;2022-02-25T15:52:34.134Z&quot;,
                &quot;status&quot;: &quot;DELIVERED&quot;
            },
            {
                &quot;time&quot;: &quot;2022-02-25T15:53:26.503Z&quot;,
                &quot;status&quot;: &quot;PENDING&quot;
            },
            {
                &quot;time&quot;: &quot;2022-02-25T15:53:26.525Z&quot;,
                &quot;status&quot;: &quot;SEND&quot;
            },
            {
                &quot;time&quot;: &quot;2022-02-25T15:53:26.557Z&quot;,
                &quot;status&quot;: &quot;DELIVERED&quot;
            },
            {
                &quot;time&quot;: &quot;2022-02-25T15:54:17.893Z&quot;,
                &quot;status&quot;: &quot;PENDING&quot;
            },
            {
                &quot;time&quot;: &quot;2022-02-25T15:54:17.914Z&quot;,
                &quot;status&quot;: &quot;SEND&quot;
            },
            {
                &quot;time&quot;: &quot;2022-02-25T15:54:17.948Z&quot;,
                &quot;status&quot;: &quot;DELIVERED&quot;
            },
            {
                &quot;time&quot;: &quot;2022-02-25T15:54:59.004Z&quot;,
                &quot;status&quot;: &quot;PENDING&quot;
            },
            {
                &quot;time&quot;: &quot;2022-02-25T15:54:59.029Z&quot;,
                &quot;status&quot;: &quot;SEND&quot;
            },
            {
                &quot;time&quot;: &quot;2022-02-25T15:54:59.061Z&quot;,
                &quot;status&quot;: &quot;DELIVERED&quot;
            },
            {
                &quot;time&quot;: &quot;2022-02-25T15:57:14.375Z&quot;,
                &quot;status&quot;: &quot;PENDING&quot;
            },
            {
                &quot;time&quot;: &quot;2022-02-25T15:57:14.398Z&quot;,
                &quot;status&quot;: &quot;SEND&quot;
            },
            {
                &quot;time&quot;: &quot;2022-02-25T15:57:14.436Z&quot;,
                &quot;status&quot;: &quot;DELIVERED&quot;
            },
            {
                &quot;time&quot;: &quot;2022-02-25T15:59:40.014Z&quot;,
                &quot;status&quot;: &quot;PENDING&quot;
            },
            {
                &quot;time&quot;: &quot;2022-02-25T15:59:40.037Z&quot;,
                &quot;status&quot;: &quot;SEND&quot;
            },
            {
                &quot;time&quot;: &quot;2022-02-25T15:59:40.082Z&quot;,
                &quot;status&quot;: &quot;DELIVERED&quot;
            },
            {
                &quot;time&quot;: &quot;2022-02-25T16:00:03.129Z&quot;,
                &quot;status&quot;: &quot;PENDING&quot;
            },
            {
                &quot;time&quot;: &quot;2022-02-25T16:00:03.162Z&quot;,
                &quot;status&quot;: &quot;SEND&quot;
            },
            {
                &quot;time&quot;: &quot;2022-02-25T16:00:03.193Z&quot;,
                &quot;status&quot;: &quot;DELIVERED&quot;
            },
            {
                &quot;time&quot;: &quot;2022-02-25T16:00:26.743Z&quot;,
                &quot;status&quot;: &quot;PENDING&quot;
            },
            {
                &quot;time&quot;: &quot;2022-02-25T16:00:26.765Z&quot;,
                &quot;status&quot;: &quot;SEND&quot;
            },
            {
                &quot;time&quot;: &quot;2022-02-25T16:00:26.800Z&quot;,
                &quot;status&quot;: &quot;DELIVERED&quot;
            },
            {
                &quot;time&quot;: &quot;2022-02-25T16:00:51.687Z&quot;,
                &quot;status&quot;: &quot;PENDING&quot;
            },
            {
                &quot;time&quot;: &quot;2022-02-25T16:00:51.712Z&quot;,
                &quot;status&quot;: &quot;SEND&quot;
            },
            {
                &quot;time&quot;: &quot;2022-02-25T16:00:51.746Z&quot;,
                &quot;status&quot;: &quot;DELIVERED&quot;
            },
            {
                &quot;time&quot;: &quot;2022-02-25T16:01:29.375Z&quot;,
                &quot;status&quot;: &quot;PENDING&quot;
            },
            {
                &quot;time&quot;: &quot;2022-02-25T16:01:29.398Z&quot;,
                &quot;status&quot;: &quot;SEND&quot;
            },
            {
                &quot;time&quot;: &quot;2022-02-25T16:01:29.435Z&quot;,
                &quot;status&quot;: &quot;DELIVERED&quot;
            },
            {
                &quot;time&quot;: &quot;2022-02-25T16:01:52.649Z&quot;,
                &quot;status&quot;: &quot;PENDING&quot;
            },
            {
                &quot;time&quot;: &quot;2022-02-25T16:01:52.672Z&quot;,
                &quot;status&quot;: &quot;SEND&quot;
            },
            {
                &quot;time&quot;: &quot;2022-02-25T16:01:52.707Z&quot;,
                &quot;status&quot;: &quot;DELIVERED&quot;
            },
            {
                &quot;time&quot;: &quot;2022-02-25T16:02:18.471Z&quot;,
                &quot;status&quot;: &quot;PENDING&quot;
            },
            {
                &quot;time&quot;: &quot;2022-02-25T16:02:18.497Z&quot;,
                &quot;status&quot;: &quot;SEND&quot;
            },
            {
                &quot;time&quot;: &quot;2022-02-25T16:02:18.531Z&quot;,
                &quot;status&quot;: &quot;DELIVERED&quot;
            },
            {
                &quot;time&quot;: &quot;2022-02-25T16:18:08.774Z&quot;,
                &quot;status&quot;: &quot;PENDING&quot;
            },
            {
                &quot;time&quot;: &quot;2022-02-25T16:18:08.809Z&quot;,
                &quot;status&quot;: &quot;SEND&quot;
            },
            {
                &quot;time&quot;: &quot;2022-02-25T16:18:08.844Z&quot;,
                &quot;status&quot;: &quot;DELIVERED&quot;
            },
            {
                &quot;time&quot;: &quot;2022-02-25T16:20:48.789Z&quot;,
                &quot;status&quot;: &quot;PENDING&quot;
            },
            {
                &quot;time&quot;: &quot;2022-02-25T16:20:48.814Z&quot;,
                &quot;status&quot;: &quot;SEND&quot;
            },
            {
                &quot;time&quot;: &quot;2022-02-25T16:20:48.848Z&quot;,
                &quot;status&quot;: &quot;DELIVERED&quot;
            },
            {
                &quot;time&quot;: &quot;2022-02-25T16:21:12.421Z&quot;,
                &quot;status&quot;: &quot;PENDING&quot;
            },
            {
                &quot;time&quot;: &quot;2022-02-25T16:21:12.447Z&quot;,
                &quot;status&quot;: &quot;SEND&quot;
            },
            {
                &quot;time&quot;: &quot;2022-02-25T16:21:12.483Z&quot;,
                &quot;status&quot;: &quot;DELIVERED&quot;
            },
            {
                &quot;time&quot;: &quot;2022-02-25T16:23:50.786Z&quot;,
                &quot;status&quot;: &quot;PENDING&quot;
            },
            {
                &quot;time&quot;: &quot;2022-02-25T16:23:50.811Z&quot;,
                &quot;status&quot;: &quot;SEND&quot;
            }
        ],
        &quot;status&quot;: &quot;DELIVERED&quot;
    },
    &quot;creationTime&quot;: &quot;2022-02-25T15:47:06.397Z&quot;,
    &quot;deviceId&quot;: &quot;14656331&quot;,
    &quot;deviceName&quot;: &quot;mythic_beasts_pi_all_jobs_sag&quot;,
    &quot;self&quot;: &quot;https://t493319102.eu-latest.cumulocity.com/devicecontrol/operations/14656720&quot;,
    &quot;id&quot;: &quot;14656720&quot;,
    &quot;status&quot;: &quot;PENDING&quot;,
    &quot;c8y_LogfileRequest&quot;: {
        &quot;searchText&quot;: &quot;&quot;,
        &quot;logFile&quot;: &quot;software-management&quot;,
        &quot;dateTo&quot;: &quot;2021-11-21T18:55:49+0530&quot;,
        &quot;dateFrom&quot;: &quot;2021-11-15T18:55:49+0530&quot;,
        &quot;maximumLines&quot;: 300
    },
    &quot;description&quot;: &quot;Log file request&quot;
}
16:25:28 DEBUG Final URL of the request: https://thin-edge-io.eu-latest.cumulocity.com/devicecontrol/operations?deviceId=14656331&amp;pageSize=1&amp;revert=true&amp;dateFrom=1970-01-01T00%3A00%3A00.000Z
16:25:28 INFO  State of current operation: PENDING
16:25:28 DEBUG Final URL of the request: https://thin-edge-io.eu-latest.cumulocity.com/devicecontrol/operations?deviceId=14656331&amp;pageSize=1&amp;revert=true&amp;dateFrom=1970-01-01T00%3A00%3A00.000Z
16:25:28 DEBUG State of current operation: {
    &quot;delivery&quot;: {
        &quot;time&quot;: &quot;2022-02-25T16:23:50.846Z&quot;,
        &quot;log&quot;: [
            {
                &quot;time&quot;: &quot;2022-02-25T15:47:06.415Z&quot;,
                &quot;status&quot;: &quot;PENDING&quot;
            },
            {
                &quot;time&quot;: &quot;2022-02-25T15:47:06.422Z&quot;,
                &quot;status&quot;: &quot;SEND&quot;
            },
            {
                &quot;time&quot;: &quot;2022-02-25T15:47:06.459Z&quot;,
                &quot;status&quot;: &quot;DELIVERED&quot;
            },
            {
                &quot;time&quot;: &quot;2022-02-25T15:48:13.784Z&quot;,
                &quot;status&quot;: &quot;PENDING&quot;
            },
            {
                &quot;time&quot;: &quot;2022-02-25T15:48:13.807Z&quot;,
                &quot;status&quot;: &quot;SEND&quot;
            },
            {
                &quot;time&quot;: &quot;2022-02-25T15:48:13.843Z&quot;,
                &quot;status&quot;: &quot;DELIVERED&quot;
            },
            {
                &quot;time&quot;: &quot;2022-02-25T15:49:26.171Z&quot;,
                &quot;status&quot;: &quot;PENDING&quot;
            },
            {
                &quot;time&quot;: &quot;2022-02-25T15:49:26.195Z&quot;,
                &quot;status&quot;: &quot;SEND&quot;
            },
            {
                &quot;time&quot;: &quot;2022-02-25T15:49:26.231Z&quot;,
                &quot;status&quot;: &quot;DELIVERED&quot;
            },
            {
                &quot;time&quot;: &quot;2022-02-25T15:50:40.517Z&quot;,
                &quot;status&quot;: &quot;PENDING&quot;
            },
            {
                &quot;time&quot;: &quot;2022-02-25T15:50:40.541Z&quot;,
                &quot;status&quot;: &quot;SEND&quot;
            },
            {
                &quot;time&quot;: &quot;2022-02-25T15:50:40.580Z&quot;,
                &quot;status&quot;: &quot;DELIVERED&quot;
            },
            {
                &quot;time&quot;: &quot;2022-02-25T15:51:54.139Z&quot;,
                &quot;status&quot;: &quot;PENDING&quot;
            },
            {
                &quot;time&quot;: &quot;2022-02-25T15:51:54.159Z&quot;,
                &quot;status&quot;: &quot;SEND&quot;
            },
            {
                &quot;time&quot;: &quot;2022-02-25T15:51:54.191Z&quot;,
                &quot;status&quot;: &quot;DELIVERED&quot;
            },
            {
                &quot;time&quot;: &quot;2022-02-25T15:52:34.081Z&quot;,
                &quot;status&quot;: &quot;PENDING&quot;
            },
            {
                &quot;time&quot;: &quot;2022-02-25T15:52:34.101Z&quot;,
                &quot;status&quot;: &quot;SEND&quot;
            },
            {
                &quot;time&quot;: &quot;2022-02-25T15:52:34.134Z&quot;,
                &quot;status&quot;: &quot;DELIVERED&quot;
            },
            {
                &quot;time&quot;: &quot;2022-02-25T15:53:26.503Z&quot;,
                &quot;status&quot;: &quot;PENDING&quot;
            },
            {
                &quot;time&quot;: &quot;2022-02-25T15:53:26.525Z&quot;,
                &quot;status&quot;: &quot;SEND&quot;
            },
            {
                &quot;time&quot;: &quot;2022-02-25T15:53:26.557Z&quot;,
                &quot;status&quot;: &quot;DELIVERED&quot;
            },
            {
                &quot;time&quot;: &quot;2022-02-25T15:54:17.893Z&quot;,
                &quot;status&quot;: &quot;PENDING&quot;
            },
            {
                &quot;time&quot;: &quot;2022-02-25T15:54:17.914Z&quot;,
                &quot;status&quot;: &quot;SEND&quot;
            },
            {
                &quot;time&quot;: &quot;2022-02-25T15:54:17.948Z&quot;,
                &quot;status&quot;: &quot;DELIVERED&quot;
            },
            {
                &quot;time&quot;: &quot;2022-02-25T15:54:59.004Z&quot;,
                &quot;status&quot;: &quot;PENDING&quot;
            },
            {
                &quot;time&quot;: &quot;2022-02-25T15:54:59.029Z&quot;,
                &quot;status&quot;: &quot;SEND&quot;
            },
            {
                &quot;time&quot;: &quot;2022-02-25T15:54:59.061Z&quot;,
                &quot;status&quot;: &quot;DELIVERED&quot;
            },
            {
                &quot;time&quot;: &quot;2022-02-25T15:57:14.375Z&quot;,
                &quot;status&quot;: &quot;PENDING&quot;
            },
            {
                &quot;time&quot;: &quot;2022-02-25T15:57:14.398Z&quot;,
                &quot;status&quot;: &quot;SEND&quot;
            },
            {
                &quot;time&quot;: &quot;2022-02-25T15:57:14.436Z&quot;,
                &quot;status&quot;: &quot;DELIVERED&quot;
            },
            {
                &quot;time&quot;: &quot;2022-02-25T15:59:40.014Z&quot;,
                &quot;status&quot;: &quot;PENDING&quot;
            },
            {
                &quot;time&quot;: &quot;2022-02-25T15:59:40.037Z&quot;,
                &quot;status&quot;: &quot;SEND&quot;
            },
            {
                &quot;time&quot;: &quot;2022-02-25T15:59:40.082Z&quot;,
                &quot;status&quot;: &quot;DELIVERED&quot;
            },
            {
                &quot;time&quot;: &quot;2022-02-25T16:00:03.129Z&quot;,
                &quot;status&quot;: &quot;PENDING&quot;
            },
            {
                &quot;time&quot;: &quot;2022-02-25T16:00:03.162Z&quot;,
                &quot;status&quot;: &quot;SEND&quot;
            },
            {
                &quot;time&quot;: &quot;2022-02-25T16:00:03.193Z&quot;,
                &quot;status&quot;: &quot;DELIVERED&quot;
            },
            {
                &quot;time&quot;: &quot;2022-02-25T16:00:26.743Z&quot;,
                &quot;status&quot;: &quot;PENDING&quot;
            },
            {
                &quot;time&quot;: &quot;2022-02-25T16:00:26.765Z&quot;,
                &quot;status&quot;: &quot;SEND&quot;
            },
            {
                &quot;time&quot;: &quot;2022-02-25T16:00:26.800Z&quot;,
                &quot;status&quot;: &quot;DELIVERED&quot;
            },
            {
                &quot;time&quot;: &quot;2022-02-25T16:00:51.687Z&quot;,
                &quot;status&quot;: &quot;PENDING&quot;
            },
            {
                &quot;time&quot;: &quot;2022-02-25T16:00:51.712Z&quot;,
                &quot;status&quot;: &quot;SEND&quot;
            },
            {
                &quot;time&quot;: &quot;2022-02-25T16:00:51.746Z&quot;,
                &quot;status&quot;: &quot;DELIVERED&quot;
            },
            {
                &quot;time&quot;: &quot;2022-02-25T16:01:29.375Z&quot;,
                &quot;status&quot;: &quot;PENDING&quot;
            },
            {
                &quot;time&quot;: &quot;2022-02-25T16:01:29.398Z&quot;,
                &quot;status&quot;: &quot;SEND&quot;
            },
            {
                &quot;time&quot;: &quot;2022-02-25T16:01:29.435Z&quot;,
                &quot;status&quot;: &quot;DELIVERED&quot;
            },
            {
                &quot;time&quot;: &quot;2022-02-25T16:01:52.649Z&quot;,
                &quot;status&quot;: &quot;PENDING&quot;
            },
            {
                &quot;time&quot;: &quot;2022-02-25T16:01:52.672Z&quot;,
                &quot;status&quot;: &quot;SEND&quot;
            },
            {
                &quot;time&quot;: &quot;2022-02-25T16:01:52.707Z&quot;,
                &quot;status&quot;: &quot;DELIVERED&quot;
            },
            {
                &quot;time&quot;: &quot;2022-02-25T16:02:18.471Z&quot;,
                &quot;status&quot;: &quot;PENDING&quot;
            },
            {
                &quot;time&quot;: &quot;2022-02-25T16:02:18.497Z&quot;,
                &quot;status&quot;: &quot;SEND&quot;
            },
            {
                &quot;time&quot;: &quot;2022-02-25T16:02:18.531Z&quot;,
                &quot;status&quot;: &quot;DELIVERED&quot;
            },
            {
                &quot;time&quot;: &quot;2022-02-25T16:18:08.774Z&quot;,
                &quot;status&quot;: &quot;PENDING&quot;
            },
            {
                &quot;time&quot;: &quot;2022-02-25T16:18:08.809Z&quot;,
                &quot;status&quot;: &quot;SEND&quot;
            },
            {
                &quot;time&quot;: &quot;2022-02-25T16:18:08.844Z&quot;,
                &quot;status&quot;: &quot;DELIVERED&quot;
            },
            {
                &quot;time&quot;: &quot;2022-02-25T16:20:48.789Z&quot;,
                &quot;status&quot;: &quot;PENDING&quot;
            },
            {
                &quot;time&quot;: &quot;2022-02-25T16:20:48.814Z&quot;,
                &quot;status&quot;: &quot;SEND&quot;
            },
            {
                &quot;time&quot;: &quot;2022-02-25T16:20:48.848Z&quot;,
                &quot;status&quot;: &quot;DELIVERED&quot;
            },
            {
                &quot;time&quot;: &quot;2022-02-25T16:21:12.421Z&quot;,
                &quot;status&quot;: &quot;PENDING&quot;
            },
            {
                &quot;time&quot;: &quot;2022-02-25T16:21:12.447Z&quot;,
                &quot;status&quot;: &quot;SEND&quot;
            },
            {
                &quot;time&quot;: &quot;2022-02-25T16:21:12.483Z&quot;,
                &quot;status&quot;: &quot;DELIVERED&quot;
            },
            {
                &quot;time&quot;: &quot;2022-02-25T16:23:50.786Z&quot;,
                &quot;status&quot;: &quot;PENDING&quot;
            },
            {
                &quot;time&quot;: &quot;2022-02-25T16:23:50.811Z&quot;,
                &quot;status&quot;: &quot;SEND&quot;
            }
        ],
        &quot;status&quot;: &quot;DELIVERED&quot;
    },
    &quot;creationTime&quot;: &quot;2022-02-25T15:47:06.397Z&quot;,
    &quot;deviceId&quot;: &quot;14656331&quot;,
    &quot;deviceName&quot;: &quot;mythic_beasts_pi_all_jobs_sag&quot;,
    &quot;self&quot;: &quot;https://t493319102.eu-latest.cumulocity.com/devicecontrol/operations/14656720&quot;,
    &quot;id&quot;: &quot;14656720&quot;,
    &quot;status&quot;: &quot;PENDING&quot;,
    &quot;c8y_LogfileRequest&quot;: {
        &quot;searchText&quot;: &quot;&quot;,
        &quot;logFile&quot;: &quot;software-management&quot;,
        &quot;dateTo&quot;: &quot;2021-11-21T18:55:49+0530&quot;,
        &quot;dateFrom&quot;: &quot;2021-11-15T18:55:49+0530&quot;,
        &quot;maximumLines&quot;: 300
    },
    &quot;description&quot;: &quot;Log file request&quot;
}
16:25:30 DEBUG Final URL of the request: https://thin-edge-io.eu-latest.cumulocity.com/devicecontrol/operations?deviceId=14656331&amp;pageSize=1&amp;revert=true&amp;dateFrom=1970-01-01T00%3A00%3A00.000Z
16:25:30 INFO  State of current operation: PENDING
16:25:30 DEBUG Final URL of the request: https://thin-edge-io.eu-latest.cumulocity.com/devicecontrol/operations?deviceId=14656331&amp;pageSize=1&amp;revert=true&amp;dateFrom=1970-01-01T00%3A00%3A00.000Z
16:25:30 DEBUG State of current operation: {
    &quot;delivery&quot;: {
        &quot;time&quot;: &quot;2022-02-25T16:23:50.846Z&quot;,
        &quot;log&quot;: [
            {
                &quot;time&quot;: &quot;2022-02-25T15:47:06.415Z&quot;,
                &quot;status&quot;: &quot;PENDING&quot;
            },
            {
                &quot;time&quot;: &quot;2022-02-25T15:47:06.422Z&quot;,
                &quot;status&quot;: &quot;SEND&quot;
            },
            {
                &quot;time&quot;: &quot;2022-02-25T15:47:06.459Z&quot;,
                &quot;status&quot;: &quot;DELIVERED&quot;
            },
            {
                &quot;time&quot;: &quot;2022-02-25T15:48:13.784Z&quot;,
                &quot;status&quot;: &quot;PENDING&quot;
            },
            {
                &quot;time&quot;: &quot;2022-02-25T15:48:13.807Z&quot;,
                &quot;status&quot;: &quot;SEND&quot;
            },
            {
                &quot;time&quot;: &quot;2022-02-25T15:48:13.843Z&quot;,
                &quot;status&quot;: &quot;DELIVERED&quot;
            },
            {
                &quot;time&quot;: &quot;2022-02-25T15:49:26.171Z&quot;,
                &quot;status&quot;: &quot;PENDING&quot;
            },
            {
                &quot;time&quot;: &quot;2022-02-25T15:49:26.195Z&quot;,
                &quot;status&quot;: &quot;SEND&quot;
            },
            {
                &quot;time&quot;: &quot;2022-02-25T15:49:26.231Z&quot;,
                &quot;status&quot;: &quot;DELIVERED&quot;
            },
            {
                &quot;time&quot;: &quot;2022-02-25T15:50:40.517Z&quot;,
                &quot;status&quot;: &quot;PENDING&quot;
            },
            {
                &quot;time&quot;: &quot;2022-02-25T15:50:40.541Z&quot;,
                &quot;status&quot;: &quot;SEND&quot;
            },
            {
                &quot;time&quot;: &quot;2022-02-25T15:50:40.580Z&quot;,
                &quot;status&quot;: &quot;DELIVERED&quot;
            },
            {
                &quot;time&quot;: &quot;2022-02-25T15:51:54.139Z&quot;,
                &quot;status&quot;: &quot;PENDING&quot;
            },
            {
                &quot;time&quot;: &quot;2022-02-25T15:51:54.159Z&quot;,
                &quot;status&quot;: &quot;SEND&quot;
            },
            {
                &quot;time&quot;: &quot;2022-02-25T15:51:54.191Z&quot;,
                &quot;status&quot;: &quot;DELIVERED&quot;
            },
            {
                &quot;time&quot;: &quot;2022-02-25T15:52:34.081Z&quot;,
                &quot;status&quot;: &quot;PENDING&quot;
            },
            {
                &quot;time&quot;: &quot;2022-02-25T15:52:34.101Z&quot;,
                &quot;status&quot;: &quot;SEND&quot;
            },
            {
                &quot;time&quot;: &quot;2022-02-25T15:52:34.134Z&quot;,
                &quot;status&quot;: &quot;DELIVERED&quot;
            },
            {
                &quot;time&quot;: &quot;2022-02-25T15:53:26.503Z&quot;,
                &quot;status&quot;: &quot;PENDING&quot;
            },
            {
                &quot;time&quot;: &quot;2022-02-25T15:53:26.525Z&quot;,
                &quot;status&quot;: &quot;SEND&quot;
            },
            {
                &quot;time&quot;: &quot;2022-02-25T15:53:26.557Z&quot;,
                &quot;status&quot;: &quot;DELIVERED&quot;
            },
            {
                &quot;time&quot;: &quot;2022-02-25T15:54:17.893Z&quot;,
                &quot;status&quot;: &quot;PENDING&quot;
            },
            {
                &quot;time&quot;: &quot;2022-02-25T15:54:17.914Z&quot;,
                &quot;status&quot;: &quot;SEND&quot;
            },
            {
                &quot;time&quot;: &quot;2022-02-25T15:54:17.948Z&quot;,
                &quot;status&quot;: &quot;DELIVERED&quot;
            },
            {
                &quot;time&quot;: &quot;2022-02-25T15:54:59.004Z&quot;,
                &quot;status&quot;: &quot;PENDING&quot;
            },
            {
                &quot;time&quot;: &quot;2022-02-25T15:54:59.029Z&quot;,
                &quot;status&quot;: &quot;SEND&quot;
            },
            {
                &quot;time&quot;: &quot;2022-02-25T15:54:59.061Z&quot;,
                &quot;status&quot;: &quot;DELIVERED&quot;
            },
            {
                &quot;time&quot;: &quot;2022-02-25T15:57:14.375Z&quot;,
                &quot;status&quot;: &quot;PENDING&quot;
            },
            {
                &quot;time&quot;: &quot;2022-02-25T15:57:14.398Z&quot;,
                &quot;status&quot;: &quot;SEND&quot;
            },
            {
                &quot;time&quot;: &quot;2022-02-25T15:57:14.436Z&quot;,
                &quot;status&quot;: &quot;DELIVERED&quot;
            },
            {
                &quot;time&quot;: &quot;2022-02-25T15:59:40.014Z&quot;,
                &quot;status&quot;: &quot;PENDING&quot;
            },
            {
                &quot;time&quot;: &quot;2022-02-25T15:59:40.037Z&quot;,
                &quot;status&quot;: &quot;SEND&quot;
            },
            {
                &quot;time&quot;: &quot;2022-02-25T15:59:40.082Z&quot;,
                &quot;status&quot;: &quot;DELIVERED&quot;
            },
            {
                &quot;time&quot;: &quot;2022-02-25T16:00:03.129Z&quot;,
                &quot;status&quot;: &quot;PENDING&quot;
            },
            {
                &quot;time&quot;: &quot;2022-02-25T16:00:03.162Z&quot;,
                &quot;status&quot;: &quot;SEND&quot;
            },
            {
                &quot;time&quot;: &quot;2022-02-25T16:00:03.193Z&quot;,
                &quot;status&quot;: &quot;DELIVERED&quot;
            },
            {
                &quot;time&quot;: &quot;2022-02-25T16:00:26.743Z&quot;,
                &quot;status&quot;: &quot;PENDING&quot;
            },
            {
                &quot;time&quot;: &quot;2022-02-25T16:00:26.765Z&quot;,
                &quot;status&quot;: &quot;SEND&quot;
            },
            {
                &quot;time&quot;: &quot;2022-02-25T16:00:26.800Z&quot;,
                &quot;status&quot;: &quot;DELIVERED&quot;
            },
            {
                &quot;time&quot;: &quot;2022-02-25T16:00:51.687Z&quot;,
                &quot;status&quot;: &quot;PENDING&quot;
            },
            {
                &quot;time&quot;: &quot;2022-02-25T16:00:51.712Z&quot;,
                &quot;status&quot;: &quot;SEND&quot;
            },
            {
                &quot;time&quot;: &quot;2022-02-25T16:00:51.746Z&quot;,
                &quot;status&quot;: &quot;DELIVERED&quot;
            },
            {
                &quot;time&quot;: &quot;2022-02-25T16:01:29.375Z&quot;,
                &quot;status&quot;: &quot;PENDING&quot;
            },
            {
                &quot;time&quot;: &quot;2022-02-25T16:01:29.398Z&quot;,
                &quot;status&quot;: &quot;SEND&quot;
            },
            {
                &quot;time&quot;: &quot;2022-02-25T16:01:29.435Z&quot;,
                &quot;status&quot;: &quot;DELIVERED&quot;
            },
            {
                &quot;time&quot;: &quot;2022-02-25T16:01:52.649Z&quot;,
                &quot;status&quot;: &quot;PENDING&quot;
            },
            {
                &quot;time&quot;: &quot;2022-02-25T16:01:52.672Z&quot;,
                &quot;status&quot;: &quot;SEND&quot;
            },
            {
                &quot;time&quot;: &quot;2022-02-25T16:01:52.707Z&quot;,
                &quot;status&quot;: &quot;DELIVERED&quot;
            },
            {
                &quot;time&quot;: &quot;2022-02-25T16:02:18.471Z&quot;,
                &quot;status&quot;: &quot;PENDING&quot;
            },
            {
                &quot;time&quot;: &quot;2022-02-25T16:02:18.497Z&quot;,
                &quot;status&quot;: &quot;SEND&quot;
            },
            {
                &quot;time&quot;: &quot;2022-02-25T16:02:18.531Z&quot;,
                &quot;status&quot;: &quot;DELIVERED&quot;
            },
            {
                &quot;time&quot;: &quot;2022-02-25T16:18:08.774Z&quot;,
                &quot;status&quot;: &quot;PENDING&quot;
            },
            {
                &quot;time&quot;: &quot;2022-02-25T16:18:08.809Z&quot;,
                &quot;status&quot;: &quot;SEND&quot;
            },
            {
                &quot;time&quot;: &quot;2022-02-25T16:18:08.844Z&quot;,
                &quot;status&quot;: &quot;DELIVERED&quot;
            },
            {
                &quot;time&quot;: &quot;2022-02-25T16:20:48.789Z&quot;,
                &quot;status&quot;: &quot;PENDING&quot;
            },
            {
                &quot;time&quot;: &quot;2022-02-25T16:20:48.814Z&quot;,
                &quot;status&quot;: &quot;SEND&quot;
            },
            {
                &quot;time&quot;: &quot;2022-02-25T16:20:48.848Z&quot;,
                &quot;status&quot;: &quot;DELIVERED&quot;
            },
            {
                &quot;time&quot;: &quot;2022-02-25T16:21:12.421Z&quot;,
                &quot;status&quot;: &quot;PENDING&quot;
            },
            {
                &quot;time&quot;: &quot;2022-02-25T16:21:12.447Z&quot;,
                &quot;status&quot;: &quot;SEND&quot;
            },
            {
                &quot;time&quot;: &quot;2022-02-25T16:21:12.483Z&quot;,
                &quot;status&quot;: &quot;DELIVERED&quot;
            },
            {
                &quot;time&quot;: &quot;2022-02-25T16:23:50.786Z&quot;,
                &quot;status&quot;: &quot;PENDING&quot;
            },
            {
                &quot;time&quot;: &quot;2022-02-25T16:23:50.811Z&quot;,
                &quot;status&quot;: &quot;SEND&quot;
            }
        ],
        &quot;status&quot;: &quot;DELIVERED&quot;
    },
    &quot;creationTime&quot;: &quot;2022-02-25T15:47:06.397Z&quot;,
    &quot;deviceId&quot;: &quot;14656331&quot;,
    &quot;deviceName&quot;: &quot;mythic_beasts_pi_all_jobs_sag&quot;,
    &quot;self&quot;: &quot;https://t493319102.eu-latest.cumulocity.com/devicecontrol/operations/14656720&quot;,
    &quot;id&quot;: &quot;14656720&quot;,
    &quot;status&quot;: &quot;PENDING&quot;,
    &quot;c8y_LogfileRequest&quot;: {
        &quot;searchText&quot;: &quot;&quot;,
        &quot;logFile&quot;: &quot;software-management&quot;,
        &quot;dateTo&quot;: &quot;2021-11-21T18:55:49+0530&quot;,
        &quot;dateFrom&quot;: &quot;2021-11-15T18:55:49+0530&quot;,
        &quot;maximumLines&quot;: 300
    },
    &quot;description&quot;: &quot;Log file request&quot;
}
16:25:32 DEBUG Final URL of the request: https://thin-edge-io.eu-latest.cumulocity.com/devicecontrol/operations?deviceId=14656331&amp;pageSize=1&amp;revert=true&amp;dateFrom=1970-01-01T00%3A00%3A00.000Z
16:25:32 INFO  State of current operation: PENDING
16:25:32 DEBUG Final URL of the request: https://thin-edge-io.eu-latest.cumulocity.com/devicecontrol/operations?deviceId=14656331&amp;pageSize=1&amp;revert=true&amp;dateFrom=1970-01-01T00%3A00%3A00.000Z
16:25:32 DEBUG State of current operation: {
    &quot;delivery&quot;: {
        &quot;time&quot;: &quot;2022-02-25T16:23:50.846Z&quot;,
        &quot;log&quot;: [
            {
                &quot;time&quot;: &quot;2022-02-25T15:47:06.415Z&quot;,
                &quot;status&quot;: &quot;PENDING&quot;
            },
            {
                &quot;time&quot;: &quot;2022-02-25T15:47:06.422Z&quot;,
                &quot;status&quot;: &quot;SEND&quot;
            },
            {
                &quot;time&quot;: &quot;2022-02-25T15:47:06.459Z&quot;,
                &quot;status&quot;: &quot;DELIVERED&quot;
            },
            {
                &quot;time&quot;: &quot;2022-02-25T15:48:13.784Z&quot;,
                &quot;status&quot;: &quot;PENDING&quot;
            },
            {
                &quot;time&quot;: &quot;2022-02-25T15:48:13.807Z&quot;,
                &quot;status&quot;: &quot;SEND&quot;
            },
            {
                &quot;time&quot;: &quot;2022-02-25T15:48:13.843Z&quot;,
                &quot;status&quot;: &quot;DELIVERED&quot;
            },
            {
                &quot;time&quot;: &quot;2022-02-25T15:49:26.171Z&quot;,
                &quot;status&quot;: &quot;PENDING&quot;
            },
            {
                &quot;time&quot;: &quot;2022-02-25T15:49:26.195Z&quot;,
                &quot;status&quot;: &quot;SEND&quot;
            },
            {
                &quot;time&quot;: &quot;2022-02-25T15:49:26.231Z&quot;,
                &quot;status&quot;: &quot;DELIVERED&quot;
            },
            {
                &quot;time&quot;: &quot;2022-02-25T15:50:40.517Z&quot;,
                &quot;status&quot;: &quot;PENDING&quot;
            },
            {
                &quot;time&quot;: &quot;2022-02-25T15:50:40.541Z&quot;,
                &quot;status&quot;: &quot;SEND&quot;
            },
            {
                &quot;time&quot;: &quot;2022-02-25T15:50:40.580Z&quot;,
                &quot;status&quot;: &quot;DELIVERED&quot;
            },
            {
                &quot;time&quot;: &quot;2022-02-25T15:51:54.139Z&quot;,
                &quot;status&quot;: &quot;PENDING&quot;
            },
            {
                &quot;time&quot;: &quot;2022-02-25T15:51:54.159Z&quot;,
                &quot;status&quot;: &quot;SEND&quot;
            },
            {
                &quot;time&quot;: &quot;2022-02-25T15:51:54.191Z&quot;,
                &quot;status&quot;: &quot;DELIVERED&quot;
            },
            {
                &quot;time&quot;: &quot;2022-02-25T15:52:34.081Z&quot;,
                &quot;status&quot;: &quot;PENDING&quot;
            },
            {
                &quot;time&quot;: &quot;2022-02-25T15:52:34.101Z&quot;,
                &quot;status&quot;: &quot;SEND&quot;
            },
            {
                &quot;time&quot;: &quot;2022-02-25T15:52:34.134Z&quot;,
                &quot;status&quot;: &quot;DELIVERED&quot;
            },
            {
                &quot;time&quot;: &quot;2022-02-25T15:53:26.503Z&quot;,
                &quot;status&quot;: &quot;PENDING&quot;
            },
            {
                &quot;time&quot;: &quot;2022-02-25T15:53:26.525Z&quot;,
                &quot;status&quot;: &quot;SEND&quot;
            },
            {
                &quot;time&quot;: &quot;2022-02-25T15:53:26.557Z&quot;,
                &quot;status&quot;: &quot;DELIVERED&quot;
            },
            {
                &quot;time&quot;: &quot;2022-02-25T15:54:17.893Z&quot;,
                &quot;status&quot;: &quot;PENDING&quot;
            },
            {
                &quot;time&quot;: &quot;2022-02-25T15:54:17.914Z&quot;,
                &quot;status&quot;: &quot;SEND&quot;
            },
            {
                &quot;time&quot;: &quot;2022-02-25T15:54:17.948Z&quot;,
                &quot;status&quot;: &quot;DELIVERED&quot;
            },
            {
                &quot;time&quot;: &quot;2022-02-25T15:54:59.004Z&quot;,
                &quot;status&quot;: &quot;PENDING&quot;
            },
            {
                &quot;time&quot;: &quot;2022-02-25T15:54:59.029Z&quot;,
                &quot;status&quot;: &quot;SEND&quot;
            },
            {
                &quot;time&quot;: &quot;2022-02-25T15:54:59.061Z&quot;,
                &quot;status&quot;: &quot;DELIVERED&quot;
            },
            {
                &quot;time&quot;: &quot;2022-02-25T15:57:14.375Z&quot;,
                &quot;status&quot;: &quot;PENDING&quot;
            },
            {
                &quot;time&quot;: &quot;2022-02-25T15:57:14.398Z&quot;,
                &quot;status&quot;: &quot;SEND&quot;
            },
            {
                &quot;time&quot;: &quot;2022-02-25T15:57:14.436Z&quot;,
                &quot;status&quot;: &quot;DELIVERED&quot;
            },
            {
                &quot;time&quot;: &quot;2022-02-25T15:59:40.014Z&quot;,
                &quot;status&quot;: &quot;PENDING&quot;
            },
            {
                &quot;time&quot;: &quot;2022-02-25T15:59:40.037Z&quot;,
                &quot;status&quot;: &quot;SEND&quot;
            },
            {
                &quot;time&quot;: &quot;2022-02-25T15:59:40.082Z&quot;,
                &quot;status&quot;: &quot;DELIVERED&quot;
            },
            {
                &quot;time&quot;: &quot;2022-02-25T16:00:03.129Z&quot;,
                &quot;status&quot;: &quot;PENDING&quot;
            },
            {
                &quot;time&quot;: &quot;2022-02-25T16:00:03.162Z&quot;,
                &quot;status&quot;: &quot;SEND&quot;
            },
            {
                &quot;time&quot;: &quot;2022-02-25T16:00:03.193Z&quot;,
                &quot;status&quot;: &quot;DELIVERED&quot;
            },
            {
                &quot;time&quot;: &quot;2022-02-25T16:00:26.743Z&quot;,
                &quot;status&quot;: &quot;PENDING&quot;
            },
            {
                &quot;time&quot;: &quot;2022-02-25T16:00:26.765Z&quot;,
                &quot;status&quot;: &quot;SEND&quot;
            },
            {
                &quot;time&quot;: &quot;2022-02-25T16:00:26.800Z&quot;,
                &quot;status&quot;: &quot;DELIVERED&quot;
            },
            {
                &quot;time&quot;: &quot;2022-02-25T16:00:51.687Z&quot;,
                &quot;status&quot;: &quot;PENDING&quot;
            },
            {
                &quot;time&quot;: &quot;2022-02-25T16:00:51.712Z&quot;,
                &quot;status&quot;: &quot;SEND&quot;
            },
            {
                &quot;time&quot;: &quot;2022-02-25T16:00:51.746Z&quot;,
                &quot;status&quot;: &quot;DELIVERED&quot;
            },
            {
                &quot;time&quot;: &quot;2022-02-25T16:01:29.375Z&quot;,
                &quot;status&quot;: &quot;PENDING&quot;
            },
            {
                &quot;time&quot;: &quot;2022-02-25T16:01:29.398Z&quot;,
                &quot;status&quot;: &quot;SEND&quot;
            },
            {
                &quot;time&quot;: &quot;2022-02-25T16:01:29.435Z&quot;,
                &quot;status&quot;: &quot;DELIVERED&quot;
            },
            {
                &quot;time&quot;: &quot;2022-02-25T16:01:52.649Z&quot;,
                &quot;status&quot;: &quot;PENDING&quot;
            },
            {
                &quot;time&quot;: &quot;2022-02-25T16:01:52.672Z&quot;,
                &quot;status&quot;: &quot;SEND&quot;
            },
            {
                &quot;time&quot;: &quot;2022-02-25T16:01:52.707Z&quot;,
                &quot;status&quot;: &quot;DELIVERED&quot;
            },
            {
                &quot;time&quot;: &quot;2022-02-25T16:02:18.471Z&quot;,
                &quot;status&quot;: &quot;PENDING&quot;
            },
            {
                &quot;time&quot;: &quot;2022-02-25T16:02:18.497Z&quot;,
                &quot;status&quot;: &quot;SEND&quot;
            },
            {
                &quot;time&quot;: &quot;2022-02-25T16:02:18.531Z&quot;,
                &quot;status&quot;: &quot;DELIVERED&quot;
            },
            {
                &quot;time&quot;: &quot;2022-02-25T16:18:08.774Z&quot;,
                &quot;status&quot;: &quot;PENDING&quot;
            },
            {
                &quot;time&quot;: &quot;2022-02-25T16:18:08.809Z&quot;,
                &quot;status&quot;: &quot;SEND&quot;
            },
            {
                &quot;time&quot;: &quot;2022-02-25T16:18:08.844Z&quot;,
                &quot;status&quot;: &quot;DELIVERED&quot;
            },
            {
                &quot;time&quot;: &quot;2022-02-25T16:20:48.789Z&quot;,
                &quot;status&quot;: &quot;PENDING&quot;
            },
            {
                &quot;time&quot;: &quot;2022-02-25T16:20:48.814Z&quot;,
                &quot;status&quot;: &quot;SEND&quot;
            },
            {
                &quot;time&quot;: &quot;2022-02-25T16:20:48.848Z&quot;,
                &quot;status&quot;: &quot;DELIVERED&quot;
            },
            {
                &quot;time&quot;: &quot;2022-02-25T16:21:12.421Z&quot;,
                &quot;status&quot;: &quot;PENDING&quot;
            },
            {
                &quot;time&quot;: &quot;2022-02-25T16:21:12.447Z&quot;,
                &quot;status&quot;: &quot;SEND&quot;
            },
            {
                &quot;time&quot;: &quot;2022-02-25T16:21:12.483Z&quot;,
                &quot;status&quot;: &quot;DELIVERED&quot;
            },
            {
                &quot;time&quot;: &quot;2022-02-25T16:23:50.786Z&quot;,
                &quot;status&quot;: &quot;PENDING&quot;
            },
            {
                &quot;time&quot;: &quot;2022-02-25T16:23:50.811Z&quot;,
                &quot;status&quot;: &quot;SEND&quot;
            }
        ],
        &quot;status&quot;: &quot;DELIVERED&quot;
    },
    &quot;creationTime&quot;: &quot;2022-02-25T15:47:06.397Z&quot;,
    &quot;deviceId&quot;: &quot;14656331&quot;,
    &quot;deviceName&quot;: &quot;mythic_beasts_pi_all_jobs_sag&quot;,
    &quot;self&quot;: &quot;https://t493319102.eu-latest.cumulocity.com/devicecontrol/operations/14656720&quot;,
    &quot;id&quot;: &quot;14656720&quot;,
    &quot;status&quot;: &quot;PENDING&quot;,
    &quot;c8y_LogfileRequest&quot;: {
        &quot;searchText&quot;: &quot;&quot;,
        &quot;logFile&quot;: &quot;software-management&quot;,
        &quot;dateTo&quot;: &quot;2021-11-21T18:55:49+0530&quot;,
        &quot;dateFrom&quot;: &quot;2021-11-15T18:55:49+0530&quot;,
        &quot;maximumLines&quot;: 300
    },
    &quot;description&quot;: &quot;Log file request&quot;
}
16:25:35 DEBUG Final URL of the request: https://thin-edge-io.eu-latest.cumulocity.com/devicecontrol/operations?deviceId=14656331&amp;pageSize=1&amp;revert=true&amp;dateFrom=1970-01-01T00%3A00%3A00.000Z
16:25:35 INFO  State of current operation: PENDING
16:25:35 DEBUG Final URL of the request: https://thin-edge-io.eu-latest.cumulocity.com/devicecontrol/operations?deviceId=14656331&amp;pageSize=1&amp;revert=true&amp;dateFrom=1970-01-01T00%3A00%3A00.000Z
16:25:35 DEBUG State of current operation: {
    &quot;delivery&quot;: {
        &quot;time&quot;: &quot;2022-02-25T16:23:50.846Z&quot;,
        &quot;log&quot;: [
            {
                &quot;time&quot;: &quot;2022-02-25T15:47:06.415Z&quot;,
                &quot;status&quot;: &quot;PENDING&quot;
            },
            {
                &quot;time&quot;: &quot;2022-02-25T15:47:06.422Z&quot;,
                &quot;status&quot;: &quot;SEND&quot;
            },
            {
                &quot;time&quot;: &quot;2022-02-25T15:47:06.459Z&quot;,
                &quot;status&quot;: &quot;DELIVERED&quot;
            },
            {
                &quot;time&quot;: &quot;2022-02-25T15:48:13.784Z&quot;,
                &quot;status&quot;: &quot;PENDING&quot;
            },
            {
                &quot;time&quot;: &quot;2022-02-25T15:48:13.807Z&quot;,
                &quot;status&quot;: &quot;SEND&quot;
            },
            {
                &quot;time&quot;: &quot;2022-02-25T15:48:13.843Z&quot;,
                &quot;status&quot;: &quot;DELIVERED&quot;
            },
            {
                &quot;time&quot;: &quot;2022-02-25T15:49:26.171Z&quot;,
                &quot;status&quot;: &quot;PENDING&quot;
            },
            {
                &quot;time&quot;: &quot;2022-02-25T15:49:26.195Z&quot;,
                &quot;status&quot;: &quot;SEND&quot;
            },
            {
                &quot;time&quot;: &quot;2022-02-25T15:49:26.231Z&quot;,
                &quot;status&quot;: &quot;DELIVERED&quot;
            },
            {
                &quot;time&quot;: &quot;2022-02-25T15:50:40.517Z&quot;,
                &quot;status&quot;: &quot;PENDING&quot;
            },
            {
                &quot;time&quot;: &quot;2022-02-25T15:50:40.541Z&quot;,
                &quot;status&quot;: &quot;SEND&quot;
            },
            {
                &quot;time&quot;: &quot;2022-02-25T15:50:40.580Z&quot;,
                &quot;status&quot;: &quot;DELIVERED&quot;
            },
            {
                &quot;time&quot;: &quot;2022-02-25T15:51:54.139Z&quot;,
                &quot;status&quot;: &quot;PENDING&quot;
            },
            {
                &quot;time&quot;: &quot;2022-02-25T15:51:54.159Z&quot;,
                &quot;status&quot;: &quot;SEND&quot;
            },
            {
                &quot;time&quot;: &quot;2022-02-25T15:51:54.191Z&quot;,
                &quot;status&quot;: &quot;DELIVERED&quot;
            },
            {
                &quot;time&quot;: &quot;2022-02-25T15:52:34.081Z&quot;,
                &quot;status&quot;: &quot;PENDING&quot;
            },
            {
                &quot;time&quot;: &quot;2022-02-25T15:52:34.101Z&quot;,
                &quot;status&quot;: &quot;SEND&quot;
            },
            {
                &quot;time&quot;: &quot;2022-02-25T15:52:34.134Z&quot;,
                &quot;status&quot;: &quot;DELIVERED&quot;
            },
            {
                &quot;time&quot;: &quot;2022-02-25T15:53:26.503Z&quot;,
                &quot;status&quot;: &quot;PENDING&quot;
            },
            {
                &quot;time&quot;: &quot;2022-02-25T15:53:26.525Z&quot;,
                &quot;status&quot;: &quot;SEND&quot;
            },
            {
                &quot;time&quot;: &quot;2022-02-25T15:53:26.557Z&quot;,
                &quot;status&quot;: &quot;DELIVERED&quot;
            },
            {
                &quot;time&quot;: &quot;2022-02-25T15:54:17.893Z&quot;,
                &quot;status&quot;: &quot;PENDING&quot;
            },
            {
                &quot;time&quot;: &quot;2022-02-25T15:54:17.914Z&quot;,
                &quot;status&quot;: &quot;SEND&quot;
            },
            {
                &quot;time&quot;: &quot;2022-02-25T15:54:17.948Z&quot;,
                &quot;status&quot;: &quot;DELIVERED&quot;
            },
            {
                &quot;time&quot;: &quot;2022-02-25T15:54:59.004Z&quot;,
                &quot;status&quot;: &quot;PENDING&quot;
            },
            {
                &quot;time&quot;: &quot;2022-02-25T15:54:59.029Z&quot;,
                &quot;status&quot;: &quot;SEND&quot;
            },
            {
                &quot;time&quot;: &quot;2022-02-25T15:54:59.061Z&quot;,
                &quot;status&quot;: &quot;DELIVERED&quot;
            },
            {
                &quot;time&quot;: &quot;2022-02-25T15:57:14.375Z&quot;,
                &quot;status&quot;: &quot;PENDING&quot;
            },
            {
                &quot;time&quot;: &quot;2022-02-25T15:57:14.398Z&quot;,
                &quot;status&quot;: &quot;SEND&quot;
            },
            {
                &quot;time&quot;: &quot;2022-02-25T15:57:14.436Z&quot;,
                &quot;status&quot;: &quot;DELIVERED&quot;
            },
            {
                &quot;time&quot;: &quot;2022-02-25T15:59:40.014Z&quot;,
                &quot;status&quot;: &quot;PENDING&quot;
            },
            {
                &quot;time&quot;: &quot;2022-02-25T15:59:40.037Z&quot;,
                &quot;status&quot;: &quot;SEND&quot;
            },
            {
                &quot;time&quot;: &quot;2022-02-25T15:59:40.082Z&quot;,
                &quot;status&quot;: &quot;DELIVERED&quot;
            },
            {
                &quot;time&quot;: &quot;2022-02-25T16:00:03.129Z&quot;,
                &quot;status&quot;: &quot;PENDING&quot;
            },
            {
                &quot;time&quot;: &quot;2022-02-25T16:00:03.162Z&quot;,
                &quot;status&quot;: &quot;SEND&quot;
            },
            {
                &quot;time&quot;: &quot;2022-02-25T16:00:03.193Z&quot;,
                &quot;status&quot;: &quot;DELIVERED&quot;
            },
            {
                &quot;time&quot;: &quot;2022-02-25T16:00:26.743Z&quot;,
                &quot;status&quot;: &quot;PENDING&quot;
            },
            {
                &quot;time&quot;: &quot;2022-02-25T16:00:26.765Z&quot;,
                &quot;status&quot;: &quot;SEND&quot;
            },
            {
                &quot;time&quot;: &quot;2022-02-25T16:00:26.800Z&quot;,
                &quot;status&quot;: &quot;DELIVERED&quot;
            },
            {
                &quot;time&quot;: &quot;2022-02-25T16:00:51.687Z&quot;,
                &quot;status&quot;: &quot;PENDING&quot;
            },
            {
                &quot;time&quot;: &quot;2022-02-25T16:00:51.712Z&quot;,
                &quot;status&quot;: &quot;SEND&quot;
            },
            {
                &quot;time&quot;: &quot;2022-02-25T16:00:51.746Z&quot;,
                &quot;status&quot;: &quot;DELIVERED&quot;
            },
            {
                &quot;time&quot;: &quot;2022-02-25T16:01:29.375Z&quot;,
                &quot;status&quot;: &quot;PENDING&quot;
            },
            {
                &quot;time&quot;: &quot;2022-02-25T16:01:29.398Z&quot;,
                &quot;status&quot;: &quot;SEND&quot;
            },
            {
                &quot;time&quot;: &quot;2022-02-25T16:01:29.435Z&quot;,
                &quot;status&quot;: &quot;DELIVERED&quot;
            },
            {
                &quot;time&quot;: &quot;2022-02-25T16:01:52.649Z&quot;,
                &quot;status&quot;: &quot;PENDING&quot;
            },
            {
                &quot;time&quot;: &quot;2022-02-25T16:01:52.672Z&quot;,
                &quot;status&quot;: &quot;SEND&quot;
            },
            {
                &quot;time&quot;: &quot;2022-02-25T16:01:52.707Z&quot;,
                &quot;status&quot;: &quot;DELIVERED&quot;
            },
            {
                &quot;time&quot;: &quot;2022-02-25T16:02:18.471Z&quot;,
                &quot;status&quot;: &quot;PENDING&quot;
            },
            {
                &quot;time&quot;: &quot;2022-02-25T16:02:18.497Z&quot;,
                &quot;status&quot;: &quot;SEND&quot;
            },
            {
                &quot;time&quot;: &quot;2022-02-25T16:02:18.531Z&quot;,
                &quot;status&quot;: &quot;DELIVERED&quot;
            },
            {
                &quot;time&quot;: &quot;2022-02-25T16:18:08.774Z&quot;,
                &quot;status&quot;: &quot;PENDING&quot;
            },
            {
                &quot;time&quot;: &quot;2022-02-25T16:18:08.809Z&quot;,
                &quot;status&quot;: &quot;SEND&quot;
            },
            {
                &quot;time&quot;: &quot;2022-02-25T16:18:08.844Z&quot;,
                &quot;status&quot;: &quot;DELIVERED&quot;
            },
            {
                &quot;time&quot;: &quot;2022-02-25T16:20:48.789Z&quot;,
                &quot;status&quot;: &quot;PENDING&quot;
            },
            {
                &quot;time&quot;: &quot;2022-02-25T16:20:48.814Z&quot;,
                &quot;status&quot;: &quot;SEND&quot;
            },
            {
                &quot;time&quot;: &quot;2022-02-25T16:20:48.848Z&quot;,
                &quot;status&quot;: &quot;DELIVERED&quot;
            },
            {
                &quot;time&quot;: &quot;2022-02-25T16:21:12.421Z&quot;,
                &quot;status&quot;: &quot;PENDING&quot;
            },
            {
                &quot;time&quot;: &quot;2022-02-25T16:21:12.447Z&quot;,
                &quot;status&quot;: &quot;SEND&quot;
            },
            {
                &quot;time&quot;: &quot;2022-02-25T16:21:12.483Z&quot;,
                &quot;status&quot;: &quot;DELIVERED&quot;
            },
            {
                &quot;time&quot;: &quot;2022-02-25T16:23:50.786Z&quot;,
                &quot;status&quot;: &quot;PENDING&quot;
            },
            {
                &quot;time&quot;: &quot;2022-02-25T16:23:50.811Z&quot;,
                &quot;status&quot;: &quot;SEND&quot;
            }
        ],
        &quot;status&quot;: &quot;DELIVERED&quot;
    },
    &quot;creationTime&quot;: &quot;2022-02-25T15:47:06.397Z&quot;,
    &quot;deviceId&quot;: &quot;14656331&quot;,
    &quot;deviceName&quot;: &quot;mythic_beasts_pi_all_jobs_sag&quot;,
    &quot;self&quot;: &quot;https://t493319102.eu-latest.cumulocity.com/devicecontrol/operations/14656720&quot;,
    &quot;id&quot;: &quot;14656720&quot;,
    &quot;status&quot;: &quot;PENDING&quot;,
    &quot;c8y_LogfileRequest&quot;: {
        &quot;searchText&quot;: &quot;&quot;,
        &quot;logFile&quot;: &quot;software-management&quot;,
        &quot;dateTo&quot;: &quot;2021-11-21T18:55:49+0530&quot;,
        &quot;dateFrom&quot;: &quot;2021-11-15T18:55:49+0530&quot;,
        &quot;maximumLines&quot;: 300
    },
    &quot;description&quot;: &quot;Log file request&quot;
}
16:25:37 DEBUG Final URL of the request: https://thin-edge-io.eu-latest.cumulocity.com/devicecontrol/operations?deviceId=14656331&amp;pageSize=1&amp;revert=true&amp;dateFrom=1970-01-01T00%3A00%3A00.000Z
16:25:37 INFO  State of current operation: PENDING
16:25:37 DEBUG Final URL of the request: https://thin-edge-io.eu-latest.cumulocity.com/devicecontrol/operations?deviceId=14656331&amp;pageSize=1&amp;revert=true&amp;dateFrom=1970-01-01T00%3A00%3A00.000Z
16:25:37 DEBUG State of current operation: {
    &quot;delivery&quot;: {
        &quot;time&quot;: &quot;2022-02-25T16:23:50.846Z&quot;,
        &quot;log&quot;: [
            {
                &quot;time&quot;: &quot;2022-02-25T15:47:06.415Z&quot;,
                &quot;status&quot;: &quot;PENDING&quot;
            },
            {
                &quot;time&quot;: &quot;2022-02-25T15:47:06.422Z&quot;,
                &quot;status&quot;: &quot;SEND&quot;
            },
            {
                &quot;time&quot;: &quot;2022-02-25T15:47:06.459Z&quot;,
                &quot;status&quot;: &quot;DELIVERED&quot;
            },
            {
                &quot;time&quot;: &quot;2022-02-25T15:48:13.784Z&quot;,
                &quot;status&quot;: &quot;PENDING&quot;
            },
            {
                &quot;time&quot;: &quot;2022-02-25T15:48:13.807Z&quot;,
                &quot;status&quot;: &quot;SEND&quot;
            },
            {
                &quot;time&quot;: &quot;2022-02-25T15:48:13.843Z&quot;,
                &quot;status&quot;: &quot;DELIVERED&quot;
            },
            {
                &quot;time&quot;: &quot;2022-02-25T15:49:26.171Z&quot;,
                &quot;status&quot;: &quot;PENDING&quot;
            },
            {
                &quot;time&quot;: &quot;2022-02-25T15:49:26.195Z&quot;,
                &quot;status&quot;: &quot;SEND&quot;
            },
            {
                &quot;time&quot;: &quot;2022-02-25T15:49:26.231Z&quot;,
                &quot;status&quot;: &quot;DELIVERED&quot;
            },
            {
                &quot;time&quot;: &quot;2022-02-25T15:50:40.517Z&quot;,
                &quot;status&quot;: &quot;PENDING&quot;
            },
            {
                &quot;time&quot;: &quot;2022-02-25T15:50:40.541Z&quot;,
                &quot;status&quot;: &quot;SEND&quot;
            },
            {
                &quot;time&quot;: &quot;2022-02-25T15:50:40.580Z&quot;,
                &quot;status&quot;: &quot;DELIVERED&quot;
            },
            {
                &quot;time&quot;: &quot;2022-02-25T15:51:54.139Z&quot;,
                &quot;status&quot;: &quot;PENDING&quot;
            },
            {
                &quot;time&quot;: &quot;2022-02-25T15:51:54.159Z&quot;,
                &quot;status&quot;: &quot;SEND&quot;
            },
            {
                &quot;time&quot;: &quot;2022-02-25T15:51:54.191Z&quot;,
                &quot;status&quot;: &quot;DELIVERED&quot;
            },
            {
                &quot;time&quot;: &quot;2022-02-25T15:52:34.081Z&quot;,
                &quot;status&quot;: &quot;PENDING&quot;
            },
            {
                &quot;time&quot;: &quot;2022-02-25T15:52:34.101Z&quot;,
                &quot;status&quot;: &quot;SEND&quot;
            },
            {
                &quot;time&quot;: &quot;2022-02-25T15:52:34.134Z&quot;,
                &quot;status&quot;: &quot;DELIVERED&quot;
            },
            {
                &quot;time&quot;: &quot;2022-02-25T15:53:26.503Z&quot;,
                &quot;status&quot;: &quot;PENDING&quot;
            },
            {
                &quot;time&quot;: &quot;2022-02-25T15:53:26.525Z&quot;,
                &quot;status&quot;: &quot;SEND&quot;
            },
            {
                &quot;time&quot;: &quot;2022-02-25T15:53:26.557Z&quot;,
                &quot;status&quot;: &quot;DELIVERED&quot;
            },
            {
                &quot;time&quot;: &quot;2022-02-25T15:54:17.893Z&quot;,
                &quot;status&quot;: &quot;PENDING&quot;
            },
            {
                &quot;time&quot;: &quot;2022-02-25T15:54:17.914Z&quot;,
                &quot;status&quot;: &quot;SEND&quot;
            },
            {
                &quot;time&quot;: &quot;2022-02-25T15:54:17.948Z&quot;,
                &quot;status&quot;: &quot;DELIVERED&quot;
            },
            {
                &quot;time&quot;: &quot;2022-02-25T15:54:59.004Z&quot;,
                &quot;status&quot;: &quot;PENDING&quot;
            },
            {
                &quot;time&quot;: &quot;2022-02-25T15:54:59.029Z&quot;,
                &quot;status&quot;: &quot;SEND&quot;
            },
            {
                &quot;time&quot;: &quot;2022-02-25T15:54:59.061Z&quot;,
                &quot;status&quot;: &quot;DELIVERED&quot;
            },
            {
                &quot;time&quot;: &quot;2022-02-25T15:57:14.375Z&quot;,
                &quot;status&quot;: &quot;PENDING&quot;
            },
            {
                &quot;time&quot;: &quot;2022-02-25T15:57:14.398Z&quot;,
                &quot;status&quot;: &quot;SEND&quot;
            },
            {
                &quot;time&quot;: &quot;2022-02-25T15:57:14.436Z&quot;,
                &quot;status&quot;: &quot;DELIVERED&quot;
            },
            {
                &quot;time&quot;: &quot;2022-02-25T15:59:40.014Z&quot;,
                &quot;status&quot;: &quot;PENDING&quot;
            },
            {
                &quot;time&quot;: &quot;2022-02-25T15:59:40.037Z&quot;,
                &quot;status&quot;: &quot;SEND&quot;
            },
            {
                &quot;time&quot;: &quot;2022-02-25T15:59:40.082Z&quot;,
                &quot;status&quot;: &quot;DELIVERED&quot;
            },
            {
                &quot;time&quot;: &quot;2022-02-25T16:00:03.129Z&quot;,
                &quot;status&quot;: &quot;PENDING&quot;
            },
            {
                &quot;time&quot;: &quot;2022-02-25T16:00:03.162Z&quot;,
                &quot;status&quot;: &quot;SEND&quot;
            },
            {
                &quot;time&quot;: &quot;2022-02-25T16:00:03.193Z&quot;,
                &quot;status&quot;: &quot;DELIVERED&quot;
            },
            {
                &quot;time&quot;: &quot;2022-02-25T16:00:26.743Z&quot;,
                &quot;status&quot;: &quot;PENDING&quot;
            },
            {
                &quot;time&quot;: &quot;2022-02-25T16:00:26.765Z&quot;,
                &quot;status&quot;: &quot;SEND&quot;
            },
            {
                &quot;time&quot;: &quot;2022-02-25T16:00:26.800Z&quot;,
                &quot;status&quot;: &quot;DELIVERED&quot;
            },
            {
                &quot;time&quot;: &quot;2022-02-25T16:00:51.687Z&quot;,
                &quot;status&quot;: &quot;PENDING&quot;
            },
            {
                &quot;time&quot;: &quot;2022-02-25T16:00:51.712Z&quot;,
                &quot;status&quot;: &quot;SEND&quot;
            },
            {
                &quot;time&quot;: &quot;2022-02-25T16:00:51.746Z&quot;,
                &quot;status&quot;: &quot;DELIVERED&quot;
            },
            {
                &quot;time&quot;: &quot;2022-02-25T16:01:29.375Z&quot;,
                &quot;status&quot;: &quot;PENDING&quot;
            },
            {
                &quot;time&quot;: &quot;2022-02-25T16:01:29.398Z&quot;,
                &quot;status&quot;: &quot;SEND&quot;
            },
            {
                &quot;time&quot;: &quot;2022-02-25T16:01:29.435Z&quot;,
                &quot;status&quot;: &quot;DELIVERED&quot;
            },
            {
                &quot;time&quot;: &quot;2022-02-25T16:01:52.649Z&quot;,
                &quot;status&quot;: &quot;PENDING&quot;
            },
            {
                &quot;time&quot;: &quot;2022-02-25T16:01:52.672Z&quot;,
                &quot;status&quot;: &quot;SEND&quot;
            },
            {
                &quot;time&quot;: &quot;2022-02-25T16:01:52.707Z&quot;,
                &quot;status&quot;: &quot;DELIVERED&quot;
            },
            {
                &quot;time&quot;: &quot;2022-02-25T16:02:18.471Z&quot;,
                &quot;status&quot;: &quot;PENDING&quot;
            },
            {
                &quot;time&quot;: &quot;2022-02-25T16:02:18.497Z&quot;,
                &quot;status&quot;: &quot;SEND&quot;
            },
            {
                &quot;time&quot;: &quot;2022-02-25T16:02:18.531Z&quot;,
                &quot;status&quot;: &quot;DELIVERED&quot;
            },
            {
                &quot;time&quot;: &quot;2022-02-25T16:18:08.774Z&quot;,
                &quot;status&quot;: &quot;PENDING&quot;
            },
            {
                &quot;time&quot;: &quot;2022-02-25T16:18:08.809Z&quot;,
                &quot;status&quot;: &quot;SEND&quot;
            },
            {
                &quot;time&quot;: &quot;2022-02-25T16:18:08.844Z&quot;,
                &quot;status&quot;: &quot;DELIVERED&quot;
            },
            {
                &quot;time&quot;: &quot;2022-02-25T16:20:48.789Z&quot;,
                &quot;status&quot;: &quot;PENDING&quot;
            },
            {
                &quot;time&quot;: &quot;2022-02-25T16:20:48.814Z&quot;,
                &quot;status&quot;: &quot;SEND&quot;
            },
            {
                &quot;time&quot;: &quot;2022-02-25T16:20:48.848Z&quot;,
                &quot;status&quot;: &quot;DELIVERED&quot;
            },
            {
                &quot;time&quot;: &quot;2022-02-25T16:21:12.421Z&quot;,
                &quot;status&quot;: &quot;PENDING&quot;
            },
            {
                &quot;time&quot;: &quot;2022-02-25T16:21:12.447Z&quot;,
                &quot;status&quot;: &quot;SEND&quot;
            },
            {
                &quot;time&quot;: &quot;2022-02-25T16:21:12.483Z&quot;,
                &quot;status&quot;: &quot;DELIVERED&quot;
            },
            {
                &quot;time&quot;: &quot;2022-02-25T16:23:50.786Z&quot;,
                &quot;status&quot;: &quot;PENDING&quot;
            },
            {
                &quot;time&quot;: &quot;2022-02-25T16:23:50.811Z&quot;,
                &quot;status&quot;: &quot;SEND&quot;
            }
        ],
        &quot;status&quot;: &quot;DELIVERED&quot;
    },
    &quot;creationTime&quot;: &quot;2022-02-25T15:47:06.397Z&quot;,
    &quot;deviceId&quot;: &quot;14656331&quot;,
    &quot;deviceName&quot;: &quot;mythic_beasts_pi_all_jobs_sag&quot;,
    &quot;self&quot;: &quot;https://t493319102.eu-latest.cumulocity.com/devicecontrol/operations/14656720&quot;,
    &quot;id&quot;: &quot;14656720&quot;,
    &quot;status&quot;: &quot;PENDING&quot;,
    &quot;c8y_LogfileRequest&quot;: {
        &quot;searchText&quot;: &quot;&quot;,
        &quot;logFile&quot;: &quot;software-management&quot;,
        &quot;dateTo&quot;: &quot;2021-11-21T18:55:49+0530&quot;,
        &quot;dateFrom&quot;: &quot;2021-11-15T18:55:49+0530&quot;,
        &quot;maximumLines&quot;: 300
    },
    &quot;description&quot;: &quot;Log file request&quot;
}
16:25:39 DEBUG Final URL of the request: https://thin-edge-io.eu-latest.cumulocity.com/devicecontrol/operations?deviceId=14656331&amp;pageSize=1&amp;revert=true&amp;dateFrom=1970-01-01T00%3A00%3A00.000Z
16:25:39 INFO  State of current operation: PENDING
16:25:39 DEBUG Final URL of the request: https://thin-edge-io.eu-latest.cumulocity.com/devicecontrol/operations?deviceId=14656331&amp;pageSize=1&amp;revert=true&amp;dateFrom=1970-01-01T00%3A00%3A00.000Z
16:25:39 DEBUG State of current operation: {
    &quot;delivery&quot;: {
        &quot;time&quot;: &quot;2022-02-25T16:23:50.846Z&quot;,
        &quot;log&quot;: [
            {
                &quot;time&quot;: &quot;2022-02-25T15:47:06.415Z&quot;,
                &quot;status&quot;: &quot;PENDING&quot;
            },
            {
                &quot;time&quot;: &quot;2022-02-25T15:47:06.422Z&quot;,
                &quot;status&quot;: &quot;SEND&quot;
            },
            {
                &quot;time&quot;: &quot;2022-02-25T15:47:06.459Z&quot;,
                &quot;status&quot;: &quot;DELIVERED&quot;
            },
            {
                &quot;time&quot;: &quot;2022-02-25T15:48:13.784Z&quot;,
                &quot;status&quot;: &quot;PENDING&quot;
            },
            {
                &quot;time&quot;: &quot;2022-02-25T15:48:13.807Z&quot;,
                &quot;status&quot;: &quot;SEND&quot;
            },
            {
                &quot;time&quot;: &quot;2022-02-25T15:48:13.843Z&quot;,
                &quot;status&quot;: &quot;DELIVERED&quot;
            },
            {
                &quot;time&quot;: &quot;2022-02-25T15:49:26.171Z&quot;,
                &quot;status&quot;: &quot;PENDING&quot;
            },
            {
                &quot;time&quot;: &quot;2022-02-25T15:49:26.195Z&quot;,
                &quot;status&quot;: &quot;SEND&quot;
            },
            {
                &quot;time&quot;: &quot;2022-02-25T15:49:26.231Z&quot;,
                &quot;status&quot;: &quot;DELIVERED&quot;
            },
            {
                &quot;time&quot;: &quot;2022-02-25T15:50:40.517Z&quot;,
                &quot;status&quot;: &quot;PENDING&quot;
            },
            {
                &quot;time&quot;: &quot;2022-02-25T15:50:40.541Z&quot;,
                &quot;status&quot;: &quot;SEND&quot;
            },
            {
                &quot;time&quot;: &quot;2022-02-25T15:50:40.580Z&quot;,
                &quot;status&quot;: &quot;DELIVERED&quot;
            },
            {
                &quot;time&quot;: &quot;2022-02-25T15:51:54.139Z&quot;,
                &quot;status&quot;: &quot;PENDING&quot;
            },
            {
                &quot;time&quot;: &quot;2022-02-25T15:51:54.159Z&quot;,
                &quot;status&quot;: &quot;SEND&quot;
            },
            {
                &quot;time&quot;: &quot;2022-02-25T15:51:54.191Z&quot;,
                &quot;status&quot;: &quot;DELIVERED&quot;
            },
            {
                &quot;time&quot;: &quot;2022-02-25T15:52:34.081Z&quot;,
                &quot;status&quot;: &quot;PENDING&quot;
            },
            {
                &quot;time&quot;: &quot;2022-02-25T15:52:34.101Z&quot;,
                &quot;status&quot;: &quot;SEND&quot;
            },
            {
                &quot;time&quot;: &quot;2022-02-25T15:52:34.134Z&quot;,
                &quot;status&quot;: &quot;DELIVERED&quot;
            },
            {
                &quot;time&quot;: &quot;2022-02-25T15:53:26.503Z&quot;,
                &quot;status&quot;: &quot;PENDING&quot;
            },
            {
                &quot;time&quot;: &quot;2022-02-25T15:53:26.525Z&quot;,
                &quot;status&quot;: &quot;SEND&quot;
            },
            {
                &quot;time&quot;: &quot;2022-02-25T15:53:26.557Z&quot;,
                &quot;status&quot;: &quot;DELIVERED&quot;
            },
            {
                &quot;time&quot;: &quot;2022-02-25T15:54:17.893Z&quot;,
                &quot;status&quot;: &quot;PENDING&quot;
            },
            {
                &quot;time&quot;: &quot;2022-02-25T15:54:17.914Z&quot;,
                &quot;status&quot;: &quot;SEND&quot;
            },
            {
                &quot;time&quot;: &quot;2022-02-25T15:54:17.948Z&quot;,
                &quot;status&quot;: &quot;DELIVERED&quot;
            },
            {
                &quot;time&quot;: &quot;2022-02-25T15:54:59.004Z&quot;,
                &quot;status&quot;: &quot;PENDING&quot;
            },
            {
                &quot;time&quot;: &quot;2022-02-25T15:54:59.029Z&quot;,
                &quot;status&quot;: &quot;SEND&quot;
            },
            {
                &quot;time&quot;: &quot;2022-02-25T15:54:59.061Z&quot;,
                &quot;status&quot;: &quot;DELIVERED&quot;
            },
            {
                &quot;time&quot;: &quot;2022-02-25T15:57:14.375Z&quot;,
                &quot;status&quot;: &quot;PENDING&quot;
            },
            {
                &quot;time&quot;: &quot;2022-02-25T15:57:14.398Z&quot;,
                &quot;status&quot;: &quot;SEND&quot;
            },
            {
                &quot;time&quot;: &quot;2022-02-25T15:57:14.436Z&quot;,
                &quot;status&quot;: &quot;DELIVERED&quot;
            },
            {
                &quot;time&quot;: &quot;2022-02-25T15:59:40.014Z&quot;,
                &quot;status&quot;: &quot;PENDING&quot;
            },
            {
                &quot;time&quot;: &quot;2022-02-25T15:59:40.037Z&quot;,
                &quot;status&quot;: &quot;SEND&quot;
            },
            {
                &quot;time&quot;: &quot;2022-02-25T15:59:40.082Z&quot;,
                &quot;status&quot;: &quot;DELIVERED&quot;
            },
            {
                &quot;time&quot;: &quot;2022-02-25T16:00:03.129Z&quot;,
                &quot;status&quot;: &quot;PENDING&quot;
            },
            {
                &quot;time&quot;: &quot;2022-02-25T16:00:03.162Z&quot;,
                &quot;status&quot;: &quot;SEND&quot;
            },
            {
                &quot;time&quot;: &quot;2022-02-25T16:00:03.193Z&quot;,
                &quot;status&quot;: &quot;DELIVERED&quot;
            },
            {
                &quot;time&quot;: &quot;2022-02-25T16:00:26.743Z&quot;,
                &quot;status&quot;: &quot;PENDING&quot;
            },
            {
                &quot;time&quot;: &quot;2022-02-25T16:00:26.765Z&quot;,
                &quot;status&quot;: &quot;SEND&quot;
            },
            {
                &quot;time&quot;: &quot;2022-02-25T16:00:26.800Z&quot;,
                &quot;status&quot;: &quot;DELIVERED&quot;
            },
            {
                &quot;time&quot;: &quot;2022-02-25T16:00:51.687Z&quot;,
                &quot;status&quot;: &quot;PENDING&quot;
            },
            {
                &quot;time&quot;: &quot;2022-02-25T16:00:51.712Z&quot;,
                &quot;status&quot;: &quot;SEND&quot;
            },
            {
                &quot;time&quot;: &quot;2022-02-25T16:00:51.746Z&quot;,
                &quot;status&quot;: &quot;DELIVERED&quot;
            },
            {
                &quot;time&quot;: &quot;2022-02-25T16:01:29.375Z&quot;,
                &quot;status&quot;: &quot;PENDING&quot;
            },
            {
                &quot;time&quot;: &quot;2022-02-25T16:01:29.398Z&quot;,
                &quot;status&quot;: &quot;SEND&quot;
            },
            {
                &quot;time&quot;: &quot;2022-02-25T16:01:29.435Z&quot;,
                &quot;status&quot;: &quot;DELIVERED&quot;
            },
            {
                &quot;time&quot;: &quot;2022-02-25T16:01:52.649Z&quot;,
                &quot;status&quot;: &quot;PENDING&quot;
            },
            {
                &quot;time&quot;: &quot;2022-02-25T16:01:52.672Z&quot;,
                &quot;status&quot;: &quot;SEND&quot;
            },
            {
                &quot;time&quot;: &quot;2022-02-25T16:01:52.707Z&quot;,
                &quot;status&quot;: &quot;DELIVERED&quot;
            },
            {
                &quot;time&quot;: &quot;2022-02-25T16:02:18.471Z&quot;,
                &quot;status&quot;: &quot;PENDING&quot;
            },
            {
                &quot;time&quot;: &quot;2022-02-25T16:02:18.497Z&quot;,
                &quot;status&quot;: &quot;SEND&quot;
            },
            {
                &quot;time&quot;: &quot;2022-02-25T16:02:18.531Z&quot;,
                &quot;status&quot;: &quot;DELIVERED&quot;
            },
            {
                &quot;time&quot;: &quot;2022-02-25T16:18:08.774Z&quot;,
                &quot;status&quot;: &quot;PENDING&quot;
            },
            {
                &quot;time&quot;: &quot;2022-02-25T16:18:08.809Z&quot;,
                &quot;status&quot;: &quot;SEND&quot;
            },
            {
                &quot;time&quot;: &quot;2022-02-25T16:18:08.844Z&quot;,
                &quot;status&quot;: &quot;DELIVERED&quot;
            },
            {
                &quot;time&quot;: &quot;2022-02-25T16:20:48.789Z&quot;,
                &quot;status&quot;: &quot;PENDING&quot;
            },
            {
                &quot;time&quot;: &quot;2022-02-25T16:20:48.814Z&quot;,
                &quot;status&quot;: &quot;SEND&quot;
            },
            {
                &quot;time&quot;: &quot;2022-02-25T16:20:48.848Z&quot;,
                &quot;status&quot;: &quot;DELIVERED&quot;
            },
            {
                &quot;time&quot;: &quot;2022-02-25T16:21:12.421Z&quot;,
                &quot;status&quot;: &quot;PENDING&quot;
            },
            {
                &quot;time&quot;: &quot;2022-02-25T16:21:12.447Z&quot;,
                &quot;status&quot;: &quot;SEND&quot;
            },
            {
                &quot;time&quot;: &quot;2022-02-25T16:21:12.483Z&quot;,
                &quot;status&quot;: &quot;DELIVERED&quot;
            },
            {
                &quot;time&quot;: &quot;2022-02-25T16:23:50.786Z&quot;,
                &quot;status&quot;: &quot;PENDING&quot;
            },
            {
                &quot;time&quot;: &quot;2022-02-25T16:23:50.811Z&quot;,
                &quot;status&quot;: &quot;SEND&quot;
            }
        ],
        &quot;status&quot;: &quot;DELIVERED&quot;
    },
    &quot;creationTime&quot;: &quot;2022-02-25T15:47:06.397Z&quot;,
    &quot;deviceId&quot;: &quot;14656331&quot;,
    &quot;deviceName&quot;: &quot;mythic_beasts_pi_all_jobs_sag&quot;,
    &quot;self&quot;: &quot;https://t493319102.eu-latest.cumulocity.com/devicecontrol/operations/14656720&quot;,
    &quot;id&quot;: &quot;14656720&quot;,
    &quot;status&quot;: &quot;PENDING&quot;,
    &quot;c8y_LogfileRequest&quot;: {
        &quot;searchText&quot;: &quot;&quot;,
        &quot;logFile&quot;: &quot;software-management&quot;,
        &quot;dateTo&quot;: &quot;2021-11-21T18:55:49+0530&quot;,
        &quot;dateFrom&quot;: &quot;2021-11-15T18:55:49+0530&quot;,
        &quot;maximumLines&quot;: 300
    },
    &quot;description&quot;: &quot;Log file request&quot;
}
16:25:41 DEBUG Final URL of the request: https://thin-edge-io.eu-latest.cumulocity.com/devicecontrol/operations?deviceId=14656331&amp;pageSize=1&amp;revert=true&amp;dateFrom=1970-01-01T00%3A00%3A00.000Z
16:25:41 INFO  State of current operation: PENDING
16:25:41 DEBUG Final URL of the request: https://thin-edge-io.eu-latest.cumulocity.com/devicecontrol/operations?deviceId=14656331&amp;pageSize=1&amp;revert=true&amp;dateFrom=1970-01-01T00%3A00%3A00.000Z
16:25:41 DEBUG State of current operation: {
    &quot;delivery&quot;: {
        &quot;time&quot;: &quot;2022-02-25T16:23:50.846Z&quot;,
        &quot;log&quot;: [
            {
                &quot;time&quot;: &quot;2022-02-25T15:47:06.415Z&quot;,
                &quot;status&quot;: &quot;PENDING&quot;
            },
            {
                &quot;time&quot;: &quot;2022-02-25T15:47:06.422Z&quot;,
                &quot;status&quot;: &quot;SEND&quot;
            },
            {
                &quot;time&quot;: &quot;2022-02-25T15:47:06.459Z&quot;,
                &quot;status&quot;: &quot;DELIVERED&quot;
            },
            {
                &quot;time&quot;: &quot;2022-02-25T15:48:13.784Z&quot;,
                &quot;status&quot;: &quot;PENDING&quot;
            },
            {
                &quot;time&quot;: &quot;2022-02-25T15:48:13.807Z&quot;,
                &quot;status&quot;: &quot;SEND&quot;
            },
            {
                &quot;time&quot;: &quot;2022-02-25T15:48:13.843Z&quot;,
                &quot;status&quot;: &quot;DELIVERED&quot;
            },
            {
                &quot;time&quot;: &quot;2022-02-25T15:49:26.171Z&quot;,
                &quot;status&quot;: &quot;PENDING&quot;
            },
            {
                &quot;time&quot;: &quot;2022-02-25T15:49:26.195Z&quot;,
                &quot;status&quot;: &quot;SEND&quot;
            },
            {
                &quot;time&quot;: &quot;2022-02-25T15:49:26.231Z&quot;,
                &quot;status&quot;: &quot;DELIVERED&quot;
            },
            {
                &quot;time&quot;: &quot;2022-02-25T15:50:40.517Z&quot;,
                &quot;status&quot;: &quot;PENDING&quot;
            },
            {
                &quot;time&quot;: &quot;2022-02-25T15:50:40.541Z&quot;,
                &quot;status&quot;: &quot;SEND&quot;
            },
            {
                &quot;time&quot;: &quot;2022-02-25T15:50:40.580Z&quot;,
                &quot;status&quot;: &quot;DELIVERED&quot;
            },
            {
                &quot;time&quot;: &quot;2022-02-25T15:51:54.139Z&quot;,
                &quot;status&quot;: &quot;PENDING&quot;
            },
            {
                &quot;time&quot;: &quot;2022-02-25T15:51:54.159Z&quot;,
                &quot;status&quot;: &quot;SEND&quot;
            },
            {
                &quot;time&quot;: &quot;2022-02-25T15:51:54.191Z&quot;,
                &quot;status&quot;: &quot;DELIVERED&quot;
            },
            {
                &quot;time&quot;: &quot;2022-02-25T15:52:34.081Z&quot;,
                &quot;status&quot;: &quot;PENDING&quot;
            },
            {
                &quot;time&quot;: &quot;2022-02-25T15:52:34.101Z&quot;,
                &quot;status&quot;: &quot;SEND&quot;
            },
            {
                &quot;time&quot;: &quot;2022-02-25T15:52:34.134Z&quot;,
                &quot;status&quot;: &quot;DELIVERED&quot;
            },
            {
                &quot;time&quot;: &quot;2022-02-25T15:53:26.503Z&quot;,
                &quot;status&quot;: &quot;PENDING&quot;
            },
            {
                &quot;time&quot;: &quot;2022-02-25T15:53:26.525Z&quot;,
                &quot;status&quot;: &quot;SEND&quot;
            },
            {
                &quot;time&quot;: &quot;2022-02-25T15:53:26.557Z&quot;,
                &quot;status&quot;: &quot;DELIVERED&quot;
            },
            {
                &quot;time&quot;: &quot;2022-02-25T15:54:17.893Z&quot;,
                &quot;status&quot;: &quot;PENDING&quot;
            },
            {
                &quot;time&quot;: &quot;2022-02-25T15:54:17.914Z&quot;,
                &quot;status&quot;: &quot;SEND&quot;
            },
            {
                &quot;time&quot;: &quot;2022-02-25T15:54:17.948Z&quot;,
                &quot;status&quot;: &quot;DELIVERED&quot;
            },
            {
                &quot;time&quot;: &quot;2022-02-25T15:54:59.004Z&quot;,
                &quot;status&quot;: &quot;PENDING&quot;
            },
            {
                &quot;time&quot;: &quot;2022-02-25T15:54:59.029Z&quot;,
                &quot;status&quot;: &quot;SEND&quot;
            },
            {
                &quot;time&quot;: &quot;2022-02-25T15:54:59.061Z&quot;,
                &quot;status&quot;: &quot;DELIVERED&quot;
            },
            {
                &quot;time&quot;: &quot;2022-02-25T15:57:14.375Z&quot;,
                &quot;status&quot;: &quot;PENDING&quot;
            },
            {
                &quot;time&quot;: &quot;2022-02-25T15:57:14.398Z&quot;,
                &quot;status&quot;: &quot;SEND&quot;
            },
            {
                &quot;time&quot;: &quot;2022-02-25T15:57:14.436Z&quot;,
                &quot;status&quot;: &quot;DELIVERED&quot;
            },
            {
                &quot;time&quot;: &quot;2022-02-25T15:59:40.014Z&quot;,
                &quot;status&quot;: &quot;PENDING&quot;
            },
            {
                &quot;time&quot;: &quot;2022-02-25T15:59:40.037Z&quot;,
                &quot;status&quot;: &quot;SEND&quot;
            },
            {
                &quot;time&quot;: &quot;2022-02-25T15:59:40.082Z&quot;,
                &quot;status&quot;: &quot;DELIVERED&quot;
            },
            {
                &quot;time&quot;: &quot;2022-02-25T16:00:03.129Z&quot;,
                &quot;status&quot;: &quot;PENDING&quot;
            },
            {
                &quot;time&quot;: &quot;2022-02-25T16:00:03.162Z&quot;,
                &quot;status&quot;: &quot;SEND&quot;
            },
            {
                &quot;time&quot;: &quot;2022-02-25T16:00:03.193Z&quot;,
                &quot;status&quot;: &quot;DELIVERED&quot;
            },
            {
                &quot;time&quot;: &quot;2022-02-25T16:00:26.743Z&quot;,
                &quot;status&quot;: &quot;PENDING&quot;
            },
            {
                &quot;time&quot;: &quot;2022-02-25T16:00:26.765Z&quot;,
                &quot;status&quot;: &quot;SEND&quot;
            },
            {
                &quot;time&quot;: &quot;2022-02-25T16:00:26.800Z&quot;,
                &quot;status&quot;: &quot;DELIVERED&quot;
            },
            {
                &quot;time&quot;: &quot;2022-02-25T16:00:51.687Z&quot;,
                &quot;status&quot;: &quot;PENDING&quot;
            },
            {
                &quot;time&quot;: &quot;2022-02-25T16:00:51.712Z&quot;,
                &quot;status&quot;: &quot;SEND&quot;
            },
            {
                &quot;time&quot;: &quot;2022-02-25T16:00:51.746Z&quot;,
                &quot;status&quot;: &quot;DELIVERED&quot;
            },
            {
                &quot;time&quot;: &quot;2022-02-25T16:01:29.375Z&quot;,
                &quot;status&quot;: &quot;PENDING&quot;
            },
            {
                &quot;time&quot;: &quot;2022-02-25T16:01:29.398Z&quot;,
                &quot;status&quot;: &quot;SEND&quot;
            },
            {
                &quot;time&quot;: &quot;2022-02-25T16:01:29.435Z&quot;,
                &quot;status&quot;: &quot;DELIVERED&quot;
            },
            {
                &quot;time&quot;: &quot;2022-02-25T16:01:52.649Z&quot;,
                &quot;status&quot;: &quot;PENDING&quot;
            },
            {
                &quot;time&quot;: &quot;2022-02-25T16:01:52.672Z&quot;,
                &quot;status&quot;: &quot;SEND&quot;
            },
            {
                &quot;time&quot;: &quot;2022-02-25T16:01:52.707Z&quot;,
                &quot;status&quot;: &quot;DELIVERED&quot;
            },
            {
                &quot;time&quot;: &quot;2022-02-25T16:02:18.471Z&quot;,
                &quot;status&quot;: &quot;PENDING&quot;
            },
            {
                &quot;time&quot;: &quot;2022-02-25T16:02:18.497Z&quot;,
                &quot;status&quot;: &quot;SEND&quot;
            },
            {
                &quot;time&quot;: &quot;2022-02-25T16:02:18.531Z&quot;,
                &quot;status&quot;: &quot;DELIVERED&quot;
            },
            {
                &quot;time&quot;: &quot;2022-02-25T16:18:08.774Z&quot;,
                &quot;status&quot;: &quot;PENDING&quot;
            },
            {
                &quot;time&quot;: &quot;2022-02-25T16:18:08.809Z&quot;,
                &quot;status&quot;: &quot;SEND&quot;
            },
            {
                &quot;time&quot;: &quot;2022-02-25T16:18:08.844Z&quot;,
                &quot;status&quot;: &quot;DELIVERED&quot;
            },
            {
                &quot;time&quot;: &quot;2022-02-25T16:20:48.789Z&quot;,
                &quot;status&quot;: &quot;PENDING&quot;
            },
            {
                &quot;time&quot;: &quot;2022-02-25T16:20:48.814Z&quot;,
                &quot;status&quot;: &quot;SEND&quot;
            },
            {
                &quot;time&quot;: &quot;2022-02-25T16:20:48.848Z&quot;,
                &quot;status&quot;: &quot;DELIVERED&quot;
            },
            {
                &quot;time&quot;: &quot;2022-02-25T16:21:12.421Z&quot;,
                &quot;status&quot;: &quot;PENDING&quot;
            },
            {
                &quot;time&quot;: &quot;2022-02-25T16:21:12.447Z&quot;,
                &quot;status&quot;: &quot;SEND&quot;
            },
            {
                &quot;time&quot;: &quot;2022-02-25T16:21:12.483Z&quot;,
                &quot;status&quot;: &quot;DELIVERED&quot;
            },
            {
                &quot;time&quot;: &quot;2022-02-25T16:23:50.786Z&quot;,
                &quot;status&quot;: &quot;PENDING&quot;
            },
            {
                &quot;time&quot;: &quot;2022-02-25T16:23:50.811Z&quot;,
                &quot;status&quot;: &quot;SEND&quot;
            }
        ],
        &quot;status&quot;: &quot;DELIVERED&quot;
    },
    &quot;creationTime&quot;: &quot;2022-02-25T15:47:06.397Z&quot;,
    &quot;deviceId&quot;: &quot;14656331&quot;,
    &quot;deviceName&quot;: &quot;mythic_beasts_pi_all_jobs_sag&quot;,
    &quot;self&quot;: &quot;https://t493319102.eu-latest.cumulocity.com/devicecontrol/operations/14656720&quot;,
    &quot;id&quot;: &quot;14656720&quot;,
    &quot;status&quot;: &quot;PENDING&quot;,
    &quot;c8y_LogfileRequest&quot;: {
        &quot;searchText&quot;: &quot;&quot;,
        &quot;logFile&quot;: &quot;software-management&quot;,
        &quot;dateTo&quot;: &quot;2021-11-21T18:55:49+0530&quot;,
        &quot;dateFrom&quot;: &quot;2021-11-15T18:55:49+0530&quot;,
        &quot;maximumLines&quot;: 300
    },
    &quot;description&quot;: &quot;Log file request&quot;
}
16:25:43 DEBUG Final URL of the request: https://thin-edge-io.eu-latest.cumulocity.com/devicecontrol/operations?deviceId=14656331&amp;pageSize=1&amp;revert=true&amp;dateFrom=1970-01-01T00%3A00%3A00.000Z
16:25:43 INFO  State of current operation: PENDING
16:25:43 DEBUG Final URL of the request: https://thin-edge-io.eu-latest.cumulocity.com/devicecontrol/operations?deviceId=14656331&amp;pageSize=1&amp;revert=true&amp;dateFrom=1970-01-01T00%3A00%3A00.000Z
16:25:43 DEBUG State of current operation: {
    &quot;delivery&quot;: {
        &quot;time&quot;: &quot;2022-02-25T16:23:50.846Z&quot;,
        &quot;log&quot;: [
            {
                &quot;time&quot;: &quot;2022-02-25T15:47:06.415Z&quot;,
                &quot;status&quot;: &quot;PENDING&quot;
            },
            {
                &quot;time&quot;: &quot;2022-02-25T15:47:06.422Z&quot;,
                &quot;status&quot;: &quot;SEND&quot;
            },
            {
                &quot;time&quot;: &quot;2022-02-25T15:47:06.459Z&quot;,
                &quot;status&quot;: &quot;DELIVERED&quot;
            },
            {
                &quot;time&quot;: &quot;2022-02-25T15:48:13.784Z&quot;,
                &quot;status&quot;: &quot;PENDING&quot;
            },
            {
                &quot;time&quot;: &quot;2022-02-25T15:48:13.807Z&quot;,
                &quot;status&quot;: &quot;SEND&quot;
            },
            {
                &quot;time&quot;: &quot;2022-02-25T15:48:13.843Z&quot;,
                &quot;status&quot;: &quot;DELIVERED&quot;
            },
            {
                &quot;time&quot;: &quot;2022-02-25T15:49:26.171Z&quot;,
                &quot;status&quot;: &quot;PENDING&quot;
            },
            {
                &quot;time&quot;: &quot;2022-02-25T15:49:26.195Z&quot;,
                &quot;status&quot;: &quot;SEND&quot;
            },
            {
                &quot;time&quot;: &quot;2022-02-25T15:49:26.231Z&quot;,
                &quot;status&quot;: &quot;DELIVERED&quot;
            },
            {
                &quot;time&quot;: &quot;2022-02-25T15:50:40.517Z&quot;,
                &quot;status&quot;: &quot;PENDING&quot;
            },
            {
                &quot;time&quot;: &quot;2022-02-25T15:50:40.541Z&quot;,
                &quot;status&quot;: &quot;SEND&quot;
            },
            {
                &quot;time&quot;: &quot;2022-02-25T15:50:40.580Z&quot;,
                &quot;status&quot;: &quot;DELIVERED&quot;
            },
            {
                &quot;time&quot;: &quot;2022-02-25T15:51:54.139Z&quot;,
                &quot;status&quot;: &quot;PENDING&quot;
            },
            {
                &quot;time&quot;: &quot;2022-02-25T15:51:54.159Z&quot;,
                &quot;status&quot;: &quot;SEND&quot;
            },
            {
                &quot;time&quot;: &quot;2022-02-25T15:51:54.191Z&quot;,
                &quot;status&quot;: &quot;DELIVERED&quot;
            },
            {
                &quot;time&quot;: &quot;2022-02-25T15:52:34.081Z&quot;,
                &quot;status&quot;: &quot;PENDING&quot;
            },
            {
                &quot;time&quot;: &quot;2022-02-25T15:52:34.101Z&quot;,
                &quot;status&quot;: &quot;SEND&quot;
            },
            {
                &quot;time&quot;: &quot;2022-02-25T15:52:34.134Z&quot;,
                &quot;status&quot;: &quot;DELIVERED&quot;
            },
            {
                &quot;time&quot;: &quot;2022-02-25T15:53:26.503Z&quot;,
                &quot;status&quot;: &quot;PENDING&quot;
            },
            {
                &quot;time&quot;: &quot;2022-02-25T15:53:26.525Z&quot;,
                &quot;status&quot;: &quot;SEND&quot;
            },
            {
                &quot;time&quot;: &quot;2022-02-25T15:53:26.557Z&quot;,
                &quot;status&quot;: &quot;DELIVERED&quot;
            },
            {
                &quot;time&quot;: &quot;2022-02-25T15:54:17.893Z&quot;,
                &quot;status&quot;: &quot;PENDING&quot;
            },
            {
                &quot;time&quot;: &quot;2022-02-25T15:54:17.914Z&quot;,
                &quot;status&quot;: &quot;SEND&quot;
            },
            {
                &quot;time&quot;: &quot;2022-02-25T15:54:17.948Z&quot;,
                &quot;status&quot;: &quot;DELIVERED&quot;
            },
            {
                &quot;time&quot;: &quot;2022-02-25T15:54:59.004Z&quot;,
                &quot;status&quot;: &quot;PENDING&quot;
            },
            {
                &quot;time&quot;: &quot;2022-02-25T15:54:59.029Z&quot;,
                &quot;status&quot;: &quot;SEND&quot;
            },
            {
                &quot;time&quot;: &quot;2022-02-25T15:54:59.061Z&quot;,
                &quot;status&quot;: &quot;DELIVERED&quot;
            },
            {
                &quot;time&quot;: &quot;2022-02-25T15:57:14.375Z&quot;,
                &quot;status&quot;: &quot;PENDING&quot;
            },
            {
                &quot;time&quot;: &quot;2022-02-25T15:57:14.398Z&quot;,
                &quot;status&quot;: &quot;SEND&quot;
            },
            {
                &quot;time&quot;: &quot;2022-02-25T15:57:14.436Z&quot;,
                &quot;status&quot;: &quot;DELIVERED&quot;
            },
            {
                &quot;time&quot;: &quot;2022-02-25T15:59:40.014Z&quot;,
                &quot;status&quot;: &quot;PENDING&quot;
            },
            {
                &quot;time&quot;: &quot;2022-02-25T15:59:40.037Z&quot;,
                &quot;status&quot;: &quot;SEND&quot;
            },
            {
                &quot;time&quot;: &quot;2022-02-25T15:59:40.082Z&quot;,
                &quot;status&quot;: &quot;DELIVERED&quot;
            },
            {
                &quot;time&quot;: &quot;2022-02-25T16:00:03.129Z&quot;,
                &quot;status&quot;: &quot;PENDING&quot;
            },
            {
                &quot;time&quot;: &quot;2022-02-25T16:00:03.162Z&quot;,
                &quot;status&quot;: &quot;SEND&quot;
            },
            {
                &quot;time&quot;: &quot;2022-02-25T16:00:03.193Z&quot;,
                &quot;status&quot;: &quot;DELIVERED&quot;
            },
            {
                &quot;time&quot;: &quot;2022-02-25T16:00:26.743Z&quot;,
                &quot;status&quot;: &quot;PENDING&quot;
            },
            {
                &quot;time&quot;: &quot;2022-02-25T16:00:26.765Z&quot;,
                &quot;status&quot;: &quot;SEND&quot;
            },
            {
                &quot;time&quot;: &quot;2022-02-25T16:00:26.800Z&quot;,
                &quot;status&quot;: &quot;DELIVERED&quot;
            },
            {
                &quot;time&quot;: &quot;2022-02-25T16:00:51.687Z&quot;,
                &quot;status&quot;: &quot;PENDING&quot;
            },
            {
                &quot;time&quot;: &quot;2022-02-25T16:00:51.712Z&quot;,
                &quot;status&quot;: &quot;SEND&quot;
            },
            {
                &quot;time&quot;: &quot;2022-02-25T16:00:51.746Z&quot;,
                &quot;status&quot;: &quot;DELIVERED&quot;
            },
            {
                &quot;time&quot;: &quot;2022-02-25T16:01:29.375Z&quot;,
                &quot;status&quot;: &quot;PENDING&quot;
            },
            {
                &quot;time&quot;: &quot;2022-02-25T16:01:29.398Z&quot;,
                &quot;status&quot;: &quot;SEND&quot;
            },
            {
                &quot;time&quot;: &quot;2022-02-25T16:01:29.435Z&quot;,
                &quot;status&quot;: &quot;DELIVERED&quot;
            },
            {
                &quot;time&quot;: &quot;2022-02-25T16:01:52.649Z&quot;,
                &quot;status&quot;: &quot;PENDING&quot;
            },
            {
                &quot;time&quot;: &quot;2022-02-25T16:01:52.672Z&quot;,
                &quot;status&quot;: &quot;SEND&quot;
            },
            {
                &quot;time&quot;: &quot;2022-02-25T16:01:52.707Z&quot;,
                &quot;status&quot;: &quot;DELIVERED&quot;
            },
            {
                &quot;time&quot;: &quot;2022-02-25T16:02:18.471Z&quot;,
                &quot;status&quot;: &quot;PENDING&quot;
            },
            {
                &quot;time&quot;: &quot;2022-02-25T16:02:18.497Z&quot;,
                &quot;status&quot;: &quot;SEND&quot;
            },
            {
                &quot;time&quot;: &quot;2022-02-25T16:02:18.531Z&quot;,
                &quot;status&quot;: &quot;DELIVERED&quot;
            },
            {
                &quot;time&quot;: &quot;2022-02-25T16:18:08.774Z&quot;,
                &quot;status&quot;: &quot;PENDING&quot;
            },
            {
                &quot;time&quot;: &quot;2022-02-25T16:18:08.809Z&quot;,
                &quot;status&quot;: &quot;SEND&quot;
            },
            {
                &quot;time&quot;: &quot;2022-02-25T16:18:08.844Z&quot;,
                &quot;status&quot;: &quot;DELIVERED&quot;
            },
            {
                &quot;time&quot;: &quot;2022-02-25T16:20:48.789Z&quot;,
                &quot;status&quot;: &quot;PENDING&quot;
            },
            {
                &quot;time&quot;: &quot;2022-02-25T16:20:48.814Z&quot;,
                &quot;status&quot;: &quot;SEND&quot;
            },
            {
                &quot;time&quot;: &quot;2022-02-25T16:20:48.848Z&quot;,
                &quot;status&quot;: &quot;DELIVERED&quot;
            },
            {
                &quot;time&quot;: &quot;2022-02-25T16:21:12.421Z&quot;,
                &quot;status&quot;: &quot;PENDING&quot;
            },
            {
                &quot;time&quot;: &quot;2022-02-25T16:21:12.447Z&quot;,
                &quot;status&quot;: &quot;SEND&quot;
            },
            {
                &quot;time&quot;: &quot;2022-02-25T16:21:12.483Z&quot;,
                &quot;status&quot;: &quot;DELIVERED&quot;
            },
            {
                &quot;time&quot;: &quot;2022-02-25T16:23:50.786Z&quot;,
                &quot;status&quot;: &quot;PENDING&quot;
            },
            {
                &quot;time&quot;: &quot;2022-02-25T16:23:50.811Z&quot;,
                &quot;status&quot;: &quot;SEND&quot;
            }
        ],
        &quot;status&quot;: &quot;DELIVERED&quot;
    },
    &quot;creationTime&quot;: &quot;2022-02-25T15:47:06.397Z&quot;,
    &quot;deviceId&quot;: &quot;14656331&quot;,
    &quot;deviceName&quot;: &quot;mythic_beasts_pi_all_jobs_sag&quot;,
    &quot;self&quot;: &quot;https://t493319102.eu-latest.cumulocity.com/devicecontrol/operations/14656720&quot;,
    &quot;id&quot;: &quot;14656720&quot;,
    &quot;status&quot;: &quot;PENDING&quot;,
    &quot;c8y_LogfileRequest&quot;: {
        &quot;searchText&quot;: &quot;&quot;,
        &quot;logFile&quot;: &quot;software-management&quot;,
        &quot;dateTo&quot;: &quot;2021-11-21T18:55:49+0530&quot;,
        &quot;dateFrom&quot;: &quot;2021-11-15T18:55:49+0530&quot;,
        &quot;maximumLines&quot;: 300
    },
    &quot;description&quot;: &quot;Log file request&quot;
}
16:25:45 DEBUG Final URL of the request: https://thin-edge-io.eu-latest.cumulocity.com/devicecontrol/operations?deviceId=14656331&amp;pageSize=1&amp;revert=true&amp;dateFrom=1970-01-01T00%3A00%3A00.000Z
16:25:45 INFO  State of current operation: PENDING
16:25:45 DEBUG Final URL of the request: https://thin-edge-io.eu-latest.cumulocity.com/devicecontrol/operations?deviceId=14656331&amp;pageSize=1&amp;revert=true&amp;dateFrom=1970-01-01T00%3A00%3A00.000Z
16:25:45 DEBUG State of current operation: {
    &quot;delivery&quot;: {
        &quot;time&quot;: &quot;2022-02-25T16:23:50.846Z&quot;,
        &quot;log&quot;: [
            {
                &quot;time&quot;: &quot;2022-02-25T15:47:06.415Z&quot;,
                &quot;status&quot;: &quot;PENDING&quot;
            },
            {
                &quot;time&quot;: &quot;2022-02-25T15:47:06.422Z&quot;,
                &quot;status&quot;: &quot;SEND&quot;
            },
            {
                &quot;time&quot;: &quot;2022-02-25T15:47:06.459Z&quot;,
                &quot;status&quot;: &quot;DELIVERED&quot;
            },
            {
                &quot;time&quot;: &quot;2022-02-25T15:48:13.784Z&quot;,
                &quot;status&quot;: &quot;PENDING&quot;
            },
            {
                &quot;time&quot;: &quot;2022-02-25T15:48:13.807Z&quot;,
                &quot;status&quot;: &quot;SEND&quot;
            },
            {
                &quot;time&quot;: &quot;2022-02-25T15:48:13.843Z&quot;,
                &quot;status&quot;: &quot;DELIVERED&quot;
            },
            {
                &quot;time&quot;: &quot;2022-02-25T15:49:26.171Z&quot;,
                &quot;status&quot;: &quot;PENDING&quot;
            },
            {
                &quot;time&quot;: &quot;2022-02-25T15:49:26.195Z&quot;,
                &quot;status&quot;: &quot;SEND&quot;
            },
            {
                &quot;time&quot;: &quot;2022-02-25T15:49:26.231Z&quot;,
                &quot;status&quot;: &quot;DELIVERED&quot;
            },
            {
                &quot;time&quot;: &quot;2022-02-25T15:50:40.517Z&quot;,
                &quot;status&quot;: &quot;PENDING&quot;
            },
            {
                &quot;time&quot;: &quot;2022-02-25T15:50:40.541Z&quot;,
                &quot;status&quot;: &quot;SEND&quot;
            },
            {
                &quot;time&quot;: &quot;2022-02-25T15:50:40.580Z&quot;,
                &quot;status&quot;: &quot;DELIVERED&quot;
            },
            {
                &quot;time&quot;: &quot;2022-02-25T15:51:54.139Z&quot;,
                &quot;status&quot;: &quot;PENDING&quot;
            },
            {
                &quot;time&quot;: &quot;2022-02-25T15:51:54.159Z&quot;,
                &quot;status&quot;: &quot;SEND&quot;
            },
            {
                &quot;time&quot;: &quot;2022-02-25T15:51:54.191Z&quot;,
                &quot;status&quot;: &quot;DELIVERED&quot;
            },
            {
                &quot;time&quot;: &quot;2022-02-25T15:52:34.081Z&quot;,
                &quot;status&quot;: &quot;PENDING&quot;
            },
            {
                &quot;time&quot;: &quot;2022-02-25T15:52:34.101Z&quot;,
                &quot;status&quot;: &quot;SEND&quot;
            },
            {
                &quot;time&quot;: &quot;2022-02-25T15:52:34.134Z&quot;,
                &quot;status&quot;: &quot;DELIVERED&quot;
            },
            {
                &quot;time&quot;: &quot;2022-02-25T15:53:26.503Z&quot;,
                &quot;status&quot;: &quot;PENDING&quot;
            },
            {
                &quot;time&quot;: &quot;2022-02-25T15:53:26.525Z&quot;,
                &quot;status&quot;: &quot;SEND&quot;
            },
            {
                &quot;time&quot;: &quot;2022-02-25T15:53:26.557Z&quot;,
                &quot;status&quot;: &quot;DELIVERED&quot;
            },
            {
                &quot;time&quot;: &quot;2022-02-25T15:54:17.893Z&quot;,
                &quot;status&quot;: &quot;PENDING&quot;
            },
            {
                &quot;time&quot;: &quot;2022-02-25T15:54:17.914Z&quot;,
                &quot;status&quot;: &quot;SEND&quot;
            },
            {
                &quot;time&quot;: &quot;2022-02-25T15:54:17.948Z&quot;,
                &quot;status&quot;: &quot;DELIVERED&quot;
            },
            {
                &quot;time&quot;: &quot;2022-02-25T15:54:59.004Z&quot;,
                &quot;status&quot;: &quot;PENDING&quot;
            },
            {
                &quot;time&quot;: &quot;2022-02-25T15:54:59.029Z&quot;,
                &quot;status&quot;: &quot;SEND&quot;
            },
            {
                &quot;time&quot;: &quot;2022-02-25T15:54:59.061Z&quot;,
                &quot;status&quot;: &quot;DELIVERED&quot;
            },
            {
                &quot;time&quot;: &quot;2022-02-25T15:57:14.375Z&quot;,
                &quot;status&quot;: &quot;PENDING&quot;
            },
            {
                &quot;time&quot;: &quot;2022-02-25T15:57:14.398Z&quot;,
                &quot;status&quot;: &quot;SEND&quot;
            },
            {
                &quot;time&quot;: &quot;2022-02-25T15:57:14.436Z&quot;,
                &quot;status&quot;: &quot;DELIVERED&quot;
            },
            {
                &quot;time&quot;: &quot;2022-02-25T15:59:40.014Z&quot;,
                &quot;status&quot;: &quot;PENDING&quot;
            },
            {
                &quot;time&quot;: &quot;2022-02-25T15:59:40.037Z&quot;,
                &quot;status&quot;: &quot;SEND&quot;
            },
            {
                &quot;time&quot;: &quot;2022-02-25T15:59:40.082Z&quot;,
                &quot;status&quot;: &quot;DELIVERED&quot;
            },
            {
                &quot;time&quot;: &quot;2022-02-25T16:00:03.129Z&quot;,
                &quot;status&quot;: &quot;PENDING&quot;
            },
            {
                &quot;time&quot;: &quot;2022-02-25T16:00:03.162Z&quot;,
                &quot;status&quot;: &quot;SEND&quot;
            },
            {
                &quot;time&quot;: &quot;2022-02-25T16:00:03.193Z&quot;,
                &quot;status&quot;: &quot;DELIVERED&quot;
            },
            {
                &quot;time&quot;: &quot;2022-02-25T16:00:26.743Z&quot;,
                &quot;status&quot;: &quot;PENDING&quot;
            },
            {
                &quot;time&quot;: &quot;2022-02-25T16:00:26.765Z&quot;,
                &quot;status&quot;: &quot;SEND&quot;
            },
            {
                &quot;time&quot;: &quot;2022-02-25T16:00:26.800Z&quot;,
                &quot;status&quot;: &quot;DELIVERED&quot;
            },
            {
                &quot;time&quot;: &quot;2022-02-25T16:00:51.687Z&quot;,
                &quot;status&quot;: &quot;PENDING&quot;
            },
            {
                &quot;time&quot;: &quot;2022-02-25T16:00:51.712Z&quot;,
                &quot;status&quot;: &quot;SEND&quot;
            },
            {
                &quot;time&quot;: &quot;2022-02-25T16:00:51.746Z&quot;,
                &quot;status&quot;: &quot;DELIVERED&quot;
            },
            {
                &quot;time&quot;: &quot;2022-02-25T16:01:29.375Z&quot;,
                &quot;status&quot;: &quot;PENDING&quot;
            },
            {
                &quot;time&quot;: &quot;2022-02-25T16:01:29.398Z&quot;,
                &quot;status&quot;: &quot;SEND&quot;
            },
            {
                &quot;time&quot;: &quot;2022-02-25T16:01:29.435Z&quot;,
                &quot;status&quot;: &quot;DELIVERED&quot;
            },
            {
                &quot;time&quot;: &quot;2022-02-25T16:01:52.649Z&quot;,
                &quot;status&quot;: &quot;PENDING&quot;
            },
            {
                &quot;time&quot;: &quot;2022-02-25T16:01:52.672Z&quot;,
                &quot;status&quot;: &quot;SEND&quot;
            },
            {
                &quot;time&quot;: &quot;2022-02-25T16:01:52.707Z&quot;,
                &quot;status&quot;: &quot;DELIVERED&quot;
            },
            {
                &quot;time&quot;: &quot;2022-02-25T16:02:18.471Z&quot;,
                &quot;status&quot;: &quot;PENDING&quot;
            },
            {
                &quot;time&quot;: &quot;2022-02-25T16:02:18.497Z&quot;,
                &quot;status&quot;: &quot;SEND&quot;
            },
            {
                &quot;time&quot;: &quot;2022-02-25T16:02:18.531Z&quot;,
                &quot;status&quot;: &quot;DELIVERED&quot;
            },
            {
                &quot;time&quot;: &quot;2022-02-25T16:18:08.774Z&quot;,
                &quot;status&quot;: &quot;PENDING&quot;
            },
            {
                &quot;time&quot;: &quot;2022-02-25T16:18:08.809Z&quot;,
                &quot;status&quot;: &quot;SEND&quot;
            },
            {
                &quot;time&quot;: &quot;2022-02-25T16:18:08.844Z&quot;,
                &quot;status&quot;: &quot;DELIVERED&quot;
            },
            {
                &quot;time&quot;: &quot;2022-02-25T16:20:48.789Z&quot;,
                &quot;status&quot;: &quot;PENDING&quot;
            },
            {
                &quot;time&quot;: &quot;2022-02-25T16:20:48.814Z&quot;,
                &quot;status&quot;: &quot;SEND&quot;
            },
            {
                &quot;time&quot;: &quot;2022-02-25T16:20:48.848Z&quot;,
                &quot;status&quot;: &quot;DELIVERED&quot;
            },
            {
                &quot;time&quot;: &quot;2022-02-25T16:21:12.421Z&quot;,
                &quot;status&quot;: &quot;PENDING&quot;
            },
            {
                &quot;time&quot;: &quot;2022-02-25T16:21:12.447Z&quot;,
                &quot;status&quot;: &quot;SEND&quot;
            },
            {
                &quot;time&quot;: &quot;2022-02-25T16:21:12.483Z&quot;,
                &quot;status&quot;: &quot;DELIVERED&quot;
            },
            {
                &quot;time&quot;: &quot;2022-02-25T16:23:50.786Z&quot;,
                &quot;status&quot;: &quot;PENDING&quot;
            },
            {
                &quot;time&quot;: &quot;2022-02-25T16:23:50.811Z&quot;,
                &quot;status&quot;: &quot;SEND&quot;
            }
        ],
        &quot;status&quot;: &quot;DELIVERED&quot;
    },
    &quot;creationTime&quot;: &quot;2022-02-25T15:47:06.397Z&quot;,
    &quot;deviceId&quot;: &quot;14656331&quot;,
    &quot;deviceName&quot;: &quot;mythic_beasts_pi_all_jobs_sag&quot;,
    &quot;self&quot;: &quot;https://t493319102.eu-latest.cumulocity.com/devicecontrol/operations/14656720&quot;,
    &quot;id&quot;: &quot;14656720&quot;,
    &quot;status&quot;: &quot;PENDING&quot;,
    &quot;c8y_LogfileRequest&quot;: {
        &quot;searchText&quot;: &quot;&quot;,
        &quot;logFile&quot;: &quot;software-management&quot;,
        &quot;dateTo&quot;: &quot;2021-11-21T18:55:49+0530&quot;,
        &quot;dateFrom&quot;: &quot;2021-11-15T18:55:49+0530&quot;,
        &quot;maximumLines&quot;: 300
    },
    &quot;description&quot;: &quot;Log file request&quot;
}
16:25:48 DEBUG Final URL of the request: https://thin-edge-io.eu-latest.cumulocity.com/devicecontrol/operations?deviceId=14656331&amp;pageSize=1&amp;revert=true&amp;dateFrom=1970-01-01T00%3A00%3A00.000Z
16:25:48 INFO  State of current operation: PENDING
16:25:48 DEBUG Final URL of the request: https://thin-edge-io.eu-latest.cumulocity.com/devicecontrol/operations?deviceId=14656331&amp;pageSize=1&amp;revert=true&amp;dateFrom=1970-01-01T00%3A00%3A00.000Z
16:25:48 DEBUG State of current operation: {
    &quot;delivery&quot;: {
        &quot;time&quot;: &quot;2022-02-25T16:23:50.846Z&quot;,
        &quot;log&quot;: [
            {
                &quot;time&quot;: &quot;2022-02-25T15:47:06.415Z&quot;,
                &quot;status&quot;: &quot;PENDING&quot;
            },
            {
                &quot;time&quot;: &quot;2022-02-25T15:47:06.422Z&quot;,
                &quot;status&quot;: &quot;SEND&quot;
            },
            {
                &quot;time&quot;: &quot;2022-02-25T15:47:06.459Z&quot;,
                &quot;status&quot;: &quot;DELIVERED&quot;
            },
            {
                &quot;time&quot;: &quot;2022-02-25T15:48:13.784Z&quot;,
                &quot;status&quot;: &quot;PENDING&quot;
            },
            {
                &quot;time&quot;: &quot;2022-02-25T15:48:13.807Z&quot;,
                &quot;status&quot;: &quot;SEND&quot;
            },
            {
                &quot;time&quot;: &quot;2022-02-25T15:48:13.843Z&quot;,
                &quot;status&quot;: &quot;DELIVERED&quot;
            },
            {
                &quot;time&quot;: &quot;2022-02-25T15:49:26.171Z&quot;,
                &quot;status&quot;: &quot;PENDING&quot;
            },
            {
                &quot;time&quot;: &quot;2022-02-25T15:49:26.195Z&quot;,
                &quot;status&quot;: &quot;SEND&quot;
            },
            {
                &quot;time&quot;: &quot;2022-02-25T15:49:26.231Z&quot;,
                &quot;status&quot;: &quot;DELIVERED&quot;
            },
            {
                &quot;time&quot;: &quot;2022-02-25T15:50:40.517Z&quot;,
                &quot;status&quot;: &quot;PENDING&quot;
            },
            {
                &quot;time&quot;: &quot;2022-02-25T15:50:40.541Z&quot;,
                &quot;status&quot;: &quot;SEND&quot;
            },
            {
                &quot;time&quot;: &quot;2022-02-25T15:50:40.580Z&quot;,
                &quot;status&quot;: &quot;DELIVERED&quot;
            },
            {
                &quot;time&quot;: &quot;2022-02-25T15:51:54.139Z&quot;,
                &quot;status&quot;: &quot;PENDING&quot;
            },
            {
                &quot;time&quot;: &quot;2022-02-25T15:51:54.159Z&quot;,
                &quot;status&quot;: &quot;SEND&quot;
            },
            {
                &quot;time&quot;: &quot;2022-02-25T15:51:54.191Z&quot;,
                &quot;status&quot;: &quot;DELIVERED&quot;
            },
            {
                &quot;time&quot;: &quot;2022-02-25T15:52:34.081Z&quot;,
                &quot;status&quot;: &quot;PENDING&quot;
            },
            {
                &quot;time&quot;: &quot;2022-02-25T15:52:34.101Z&quot;,
                &quot;status&quot;: &quot;SEND&quot;
            },
            {
                &quot;time&quot;: &quot;2022-02-25T15:52:34.134Z&quot;,
                &quot;status&quot;: &quot;DELIVERED&quot;
            },
            {
                &quot;time&quot;: &quot;2022-02-25T15:53:26.503Z&quot;,
                &quot;status&quot;: &quot;PENDING&quot;
            },
            {
                &quot;time&quot;: &quot;2022-02-25T15:53:26.525Z&quot;,
                &quot;status&quot;: &quot;SEND&quot;
            },
            {
                &quot;time&quot;: &quot;2022-02-25T15:53:26.557Z&quot;,
                &quot;status&quot;: &quot;DELIVERED&quot;
            },
            {
                &quot;time&quot;: &quot;2022-02-25T15:54:17.893Z&quot;,
                &quot;status&quot;: &quot;PENDING&quot;
            },
            {
                &quot;time&quot;: &quot;2022-02-25T15:54:17.914Z&quot;,
                &quot;status&quot;: &quot;SEND&quot;
            },
            {
                &quot;time&quot;: &quot;2022-02-25T15:54:17.948Z&quot;,
                &quot;status&quot;: &quot;DELIVERED&quot;
            },
            {
                &quot;time&quot;: &quot;2022-02-25T15:54:59.004Z&quot;,
                &quot;status&quot;: &quot;PENDING&quot;
            },
            {
                &quot;time&quot;: &quot;2022-02-25T15:54:59.029Z&quot;,
                &quot;status&quot;: &quot;SEND&quot;
            },
            {
                &quot;time&quot;: &quot;2022-02-25T15:54:59.061Z&quot;,
                &quot;status&quot;: &quot;DELIVERED&quot;
            },
            {
                &quot;time&quot;: &quot;2022-02-25T15:57:14.375Z&quot;,
                &quot;status&quot;: &quot;PENDING&quot;
            },
            {
                &quot;time&quot;: &quot;2022-02-25T15:57:14.398Z&quot;,
                &quot;status&quot;: &quot;SEND&quot;
            },
            {
                &quot;time&quot;: &quot;2022-02-25T15:57:14.436Z&quot;,
                &quot;status&quot;: &quot;DELIVERED&quot;
            },
            {
                &quot;time&quot;: &quot;2022-02-25T15:59:40.014Z&quot;,
                &quot;status&quot;: &quot;PENDING&quot;
            },
            {
                &quot;time&quot;: &quot;2022-02-25T15:59:40.037Z&quot;,
                &quot;status&quot;: &quot;SEND&quot;
            },
            {
                &quot;time&quot;: &quot;2022-02-25T15:59:40.082Z&quot;,
                &quot;status&quot;: &quot;DELIVERED&quot;
            },
            {
                &quot;time&quot;: &quot;2022-02-25T16:00:03.129Z&quot;,
                &quot;status&quot;: &quot;PENDING&quot;
            },
            {
                &quot;time&quot;: &quot;2022-02-25T16:00:03.162Z&quot;,
                &quot;status&quot;: &quot;SEND&quot;
            },
            {
                &quot;time&quot;: &quot;2022-02-25T16:00:03.193Z&quot;,
                &quot;status&quot;: &quot;DELIVERED&quot;
            },
            {
                &quot;time&quot;: &quot;2022-02-25T16:00:26.743Z&quot;,
                &quot;status&quot;: &quot;PENDING&quot;
            },
            {
                &quot;time&quot;: &quot;2022-02-25T16:00:26.765Z&quot;,
                &quot;status&quot;: &quot;SEND&quot;
            },
            {
                &quot;time&quot;: &quot;2022-02-25T16:00:26.800Z&quot;,
                &quot;status&quot;: &quot;DELIVERED&quot;
            },
            {
                &quot;time&quot;: &quot;2022-02-25T16:00:51.687Z&quot;,
                &quot;status&quot;: &quot;PENDING&quot;
            },
            {
                &quot;time&quot;: &quot;2022-02-25T16:00:51.712Z&quot;,
                &quot;status&quot;: &quot;SEND&quot;
            },
            {
                &quot;time&quot;: &quot;2022-02-25T16:00:51.746Z&quot;,
                &quot;status&quot;: &quot;DELIVERED&quot;
            },
            {
                &quot;time&quot;: &quot;2022-02-25T16:01:29.375Z&quot;,
                &quot;status&quot;: &quot;PENDING&quot;
            },
            {
                &quot;time&quot;: &quot;2022-02-25T16:01:29.398Z&quot;,
                &quot;status&quot;: &quot;SEND&quot;
            },
            {
                &quot;time&quot;: &quot;2022-02-25T16:01:29.435Z&quot;,
                &quot;status&quot;: &quot;DELIVERED&quot;
            },
            {
                &quot;time&quot;: &quot;2022-02-25T16:01:52.649Z&quot;,
                &quot;status&quot;: &quot;PENDING&quot;
            },
            {
                &quot;time&quot;: &quot;2022-02-25T16:01:52.672Z&quot;,
                &quot;status&quot;: &quot;SEND&quot;
            },
            {
                &quot;time&quot;: &quot;2022-02-25T16:01:52.707Z&quot;,
                &quot;status&quot;: &quot;DELIVERED&quot;
            },
            {
                &quot;time&quot;: &quot;2022-02-25T16:02:18.471Z&quot;,
                &quot;status&quot;: &quot;PENDING&quot;
            },
            {
                &quot;time&quot;: &quot;2022-02-25T16:02:18.497Z&quot;,
                &quot;status&quot;: &quot;SEND&quot;
            },
            {
                &quot;time&quot;: &quot;2022-02-25T16:02:18.531Z&quot;,
                &quot;status&quot;: &quot;DELIVERED&quot;
            },
            {
                &quot;time&quot;: &quot;2022-02-25T16:18:08.774Z&quot;,
                &quot;status&quot;: &quot;PENDING&quot;
            },
            {
                &quot;time&quot;: &quot;2022-02-25T16:18:08.809Z&quot;,
                &quot;status&quot;: &quot;SEND&quot;
            },
            {
                &quot;time&quot;: &quot;2022-02-25T16:18:08.844Z&quot;,
                &quot;status&quot;: &quot;DELIVERED&quot;
            },
            {
                &quot;time&quot;: &quot;2022-02-25T16:20:48.789Z&quot;,
                &quot;status&quot;: &quot;PENDING&quot;
            },
            {
                &quot;time&quot;: &quot;2022-02-25T16:20:48.814Z&quot;,
                &quot;status&quot;: &quot;SEND&quot;
            },
            {
                &quot;time&quot;: &quot;2022-02-25T16:20:48.848Z&quot;,
                &quot;status&quot;: &quot;DELIVERED&quot;
            },
            {
                &quot;time&quot;: &quot;2022-02-25T16:21:12.421Z&quot;,
                &quot;status&quot;: &quot;PENDING&quot;
            },
            {
                &quot;time&quot;: &quot;2022-02-25T16:21:12.447Z&quot;,
                &quot;status&quot;: &quot;SEND&quot;
            },
            {
                &quot;time&quot;: &quot;2022-02-25T16:21:12.483Z&quot;,
                &quot;status&quot;: &quot;DELIVERED&quot;
            },
            {
                &quot;time&quot;: &quot;2022-02-25T16:23:50.786Z&quot;,
                &quot;status&quot;: &quot;PENDING&quot;
            },
            {
                &quot;time&quot;: &quot;2022-02-25T16:23:50.811Z&quot;,
                &quot;status&quot;: &quot;SEND&quot;
            }
        ],
        &quot;status&quot;: &quot;DELIVERED&quot;
    },
    &quot;creationTime&quot;: &quot;2022-02-25T15:47:06.397Z&quot;,
    &quot;deviceId&quot;: &quot;14656331&quot;,
    &quot;deviceName&quot;: &quot;mythic_beasts_pi_all_jobs_sag&quot;,
    &quot;self&quot;: &quot;https://t493319102.eu-latest.cumulocity.com/devicecontrol/operations/14656720&quot;,
    &quot;id&quot;: &quot;14656720&quot;,
    &quot;status&quot;: &quot;PENDING&quot;,
    &quot;c8y_LogfileRequest&quot;: {
        &quot;searchText&quot;: &quot;&quot;,
        &quot;logFile&quot;: &quot;software-management&quot;,
        &quot;dateTo&quot;: &quot;2021-11-21T18:55:49+0530&quot;,
        &quot;dateFrom&quot;: &quot;2021-11-15T18:55:49+0530&quot;,
        &quot;maximumLines&quot;: 300
    },
    &quot;description&quot;: &quot;Log file request&quot;
}
16:25:50 DEBUG Final URL of the request: https://thin-edge-io.eu-latest.cumulocity.com/devicecontrol/operations?deviceId=14656331&amp;pageSize=1&amp;revert=true&amp;dateFrom=1970-01-01T00%3A00%3A00.000Z
16:25:50 INFO  State of current operation: PENDING
16:25:50 DEBUG Final URL of the request: https://thin-edge-io.eu-latest.cumulocity.com/devicecontrol/operations?deviceId=14656331&amp;pageSize=1&amp;revert=true&amp;dateFrom=1970-01-01T00%3A00%3A00.000Z
16:25:50 DEBUG State of current operation: {
    &quot;delivery&quot;: {
        &quot;time&quot;: &quot;2022-02-25T16:23:50.846Z&quot;,
        &quot;log&quot;: [
            {
                &quot;time&quot;: &quot;2022-02-25T15:47:06.415Z&quot;,
                &quot;status&quot;: &quot;PENDING&quot;
            },
            {
                &quot;time&quot;: &quot;2022-02-25T15:47:06.422Z&quot;,
                &quot;status&quot;: &quot;SEND&quot;
            },
            {
                &quot;time&quot;: &quot;2022-02-25T15:47:06.459Z&quot;,
                &quot;status&quot;: &quot;DELIVERED&quot;
            },
            {
                &quot;time&quot;: &quot;2022-02-25T15:48:13.784Z&quot;,
                &quot;status&quot;: &quot;PENDING&quot;
            },
            {
                &quot;time&quot;: &quot;2022-02-25T15:48:13.807Z&quot;,
                &quot;status&quot;: &quot;SEND&quot;
            },
            {
                &quot;time&quot;: &quot;2022-02-25T15:48:13.843Z&quot;,
                &quot;status&quot;: &quot;DELIVERED&quot;
            },
            {
                &quot;time&quot;: &quot;2022-02-25T15:49:26.171Z&quot;,
                &quot;status&quot;: &quot;PENDING&quot;
            },
            {
                &quot;time&quot;: &quot;2022-02-25T15:49:26.195Z&quot;,
                &quot;status&quot;: &quot;SEND&quot;
            },
            {
                &quot;time&quot;: &quot;2022-02-25T15:49:26.231Z&quot;,
                &quot;status&quot;: &quot;DELIVERED&quot;
            },
            {
                &quot;time&quot;: &quot;2022-02-25T15:50:40.517Z&quot;,
                &quot;status&quot;: &quot;PENDING&quot;
            },
            {
                &quot;time&quot;: &quot;2022-02-25T15:50:40.541Z&quot;,
                &quot;status&quot;: &quot;SEND&quot;
            },
            {
                &quot;time&quot;: &quot;2022-02-25T15:50:40.580Z&quot;,
                &quot;status&quot;: &quot;DELIVERED&quot;
            },
            {
                &quot;time&quot;: &quot;2022-02-25T15:51:54.139Z&quot;,
                &quot;status&quot;: &quot;PENDING&quot;
            },
            {
                &quot;time&quot;: &quot;2022-02-25T15:51:54.159Z&quot;,
                &quot;status&quot;: &quot;SEND&quot;
            },
            {
                &quot;time&quot;: &quot;2022-02-25T15:51:54.191Z&quot;,
                &quot;status&quot;: &quot;DELIVERED&quot;
            },
            {
                &quot;time&quot;: &quot;2022-02-25T15:52:34.081Z&quot;,
                &quot;status&quot;: &quot;PENDING&quot;
            },
            {
                &quot;time&quot;: &quot;2022-02-25T15:52:34.101Z&quot;,
                &quot;status&quot;: &quot;SEND&quot;
            },
            {
                &quot;time&quot;: &quot;2022-02-25T15:52:34.134Z&quot;,
                &quot;status&quot;: &quot;DELIVERED&quot;
            },
            {
                &quot;time&quot;: &quot;2022-02-25T15:53:26.503Z&quot;,
                &quot;status&quot;: &quot;PENDING&quot;
            },
            {
                &quot;time&quot;: &quot;2022-02-25T15:53:26.525Z&quot;,
                &quot;status&quot;: &quot;SEND&quot;
            },
            {
                &quot;time&quot;: &quot;2022-02-25T15:53:26.557Z&quot;,
                &quot;status&quot;: &quot;DELIVERED&quot;
            },
            {
                &quot;time&quot;: &quot;2022-02-25T15:54:17.893Z&quot;,
                &quot;status&quot;: &quot;PENDING&quot;
            },
            {
                &quot;time&quot;: &quot;2022-02-25T15:54:17.914Z&quot;,
                &quot;status&quot;: &quot;SEND&quot;
            },
            {
                &quot;time&quot;: &quot;2022-02-25T15:54:17.948Z&quot;,
                &quot;status&quot;: &quot;DELIVERED&quot;
            },
            {
                &quot;time&quot;: &quot;2022-02-25T15:54:59.004Z&quot;,
                &quot;status&quot;: &quot;PENDING&quot;
            },
            {
                &quot;time&quot;: &quot;2022-02-25T15:54:59.029Z&quot;,
                &quot;status&quot;: &quot;SEND&quot;
            },
            {
                &quot;time&quot;: &quot;2022-02-25T15:54:59.061Z&quot;,
                &quot;status&quot;: &quot;DELIVERED&quot;
            },
            {
                &quot;time&quot;: &quot;2022-02-25T15:57:14.375Z&quot;,
                &quot;status&quot;: &quot;PENDING&quot;
            },
            {
                &quot;time&quot;: &quot;2022-02-25T15:57:14.398Z&quot;,
                &quot;status&quot;: &quot;SEND&quot;
            },
            {
                &quot;time&quot;: &quot;2022-02-25T15:57:14.436Z&quot;,
                &quot;status&quot;: &quot;DELIVERED&quot;
            },
            {
                &quot;time&quot;: &quot;2022-02-25T15:59:40.014Z&quot;,
                &quot;status&quot;: &quot;PENDING&quot;
            },
            {
                &quot;time&quot;: &quot;2022-02-25T15:59:40.037Z&quot;,
                &quot;status&quot;: &quot;SEND&quot;
            },
            {
                &quot;time&quot;: &quot;2022-02-25T15:59:40.082Z&quot;,
                &quot;status&quot;: &quot;DELIVERED&quot;
            },
            {
                &quot;time&quot;: &quot;2022-02-25T16:00:03.129Z&quot;,
                &quot;status&quot;: &quot;PENDING&quot;
            },
            {
                &quot;time&quot;: &quot;2022-02-25T16:00:03.162Z&quot;,
                &quot;status&quot;: &quot;SEND&quot;
            },
            {
                &quot;time&quot;: &quot;2022-02-25T16:00:03.193Z&quot;,
                &quot;status&quot;: &quot;DELIVERED&quot;
            },
            {
                &quot;time&quot;: &quot;2022-02-25T16:00:26.743Z&quot;,
                &quot;status&quot;: &quot;PENDING&quot;
            },
            {
                &quot;time&quot;: &quot;2022-02-25T16:00:26.765Z&quot;,
                &quot;status&quot;: &quot;SEND&quot;
            },
            {
                &quot;time&quot;: &quot;2022-02-25T16:00:26.800Z&quot;,
                &quot;status&quot;: &quot;DELIVERED&quot;
            },
            {
                &quot;time&quot;: &quot;2022-02-25T16:00:51.687Z&quot;,
                &quot;status&quot;: &quot;PENDING&quot;
            },
            {
                &quot;time&quot;: &quot;2022-02-25T16:00:51.712Z&quot;,
                &quot;status&quot;: &quot;SEND&quot;
            },
            {
                &quot;time&quot;: &quot;2022-02-25T16:00:51.746Z&quot;,
                &quot;status&quot;: &quot;DELIVERED&quot;
            },
            {
                &quot;time&quot;: &quot;2022-02-25T16:01:29.375Z&quot;,
                &quot;status&quot;: &quot;PENDING&quot;
            },
            {
                &quot;time&quot;: &quot;2022-02-25T16:01:29.398Z&quot;,
                &quot;status&quot;: &quot;SEND&quot;
            },
            {
                &quot;time&quot;: &quot;2022-02-25T16:01:29.435Z&quot;,
                &quot;status&quot;: &quot;DELIVERED&quot;
            },
            {
                &quot;time&quot;: &quot;2022-02-25T16:01:52.649Z&quot;,
                &quot;status&quot;: &quot;PENDING&quot;
            },
            {
                &quot;time&quot;: &quot;2022-02-25T16:01:52.672Z&quot;,
                &quot;status&quot;: &quot;SEND&quot;
            },
            {
                &quot;time&quot;: &quot;2022-02-25T16:01:52.707Z&quot;,
                &quot;status&quot;: &quot;DELIVERED&quot;
            },
            {
                &quot;time&quot;: &quot;2022-02-25T16:02:18.471Z&quot;,
                &quot;status&quot;: &quot;PENDING&quot;
            },
            {
                &quot;time&quot;: &quot;2022-02-25T16:02:18.497Z&quot;,
                &quot;status&quot;: &quot;SEND&quot;
            },
            {
                &quot;time&quot;: &quot;2022-02-25T16:02:18.531Z&quot;,
                &quot;status&quot;: &quot;DELIVERED&quot;
            },
            {
                &quot;time&quot;: &quot;2022-02-25T16:18:08.774Z&quot;,
                &quot;status&quot;: &quot;PENDING&quot;
            },
            {
                &quot;time&quot;: &quot;2022-02-25T16:18:08.809Z&quot;,
                &quot;status&quot;: &quot;SEND&quot;
            },
            {
                &quot;time&quot;: &quot;2022-02-25T16:18:08.844Z&quot;,
                &quot;status&quot;: &quot;DELIVERED&quot;
            },
            {
                &quot;time&quot;: &quot;2022-02-25T16:20:48.789Z&quot;,
                &quot;status&quot;: &quot;PENDING&quot;
            },
            {
                &quot;time&quot;: &quot;2022-02-25T16:20:48.814Z&quot;,
                &quot;status&quot;: &quot;SEND&quot;
            },
            {
                &quot;time&quot;: &quot;2022-02-25T16:20:48.848Z&quot;,
                &quot;status&quot;: &quot;DELIVERED&quot;
            },
            {
                &quot;time&quot;: &quot;2022-02-25T16:21:12.421Z&quot;,
                &quot;status&quot;: &quot;PENDING&quot;
            },
            {
                &quot;time&quot;: &quot;2022-02-25T16:21:12.447Z&quot;,
                &quot;status&quot;: &quot;SEND&quot;
            },
            {
                &quot;time&quot;: &quot;2022-02-25T16:21:12.483Z&quot;,
                &quot;status&quot;: &quot;DELIVERED&quot;
            },
            {
                &quot;time&quot;: &quot;2022-02-25T16:23:50.786Z&quot;,
                &quot;status&quot;: &quot;PENDING&quot;
            },
            {
                &quot;time&quot;: &quot;2022-02-25T16:23:50.811Z&quot;,
                &quot;status&quot;: &quot;SEND&quot;
            }
        ],
        &quot;status&quot;: &quot;DELIVERED&quot;
    },
    &quot;creationTime&quot;: &quot;2022-02-25T15:47:06.397Z&quot;,
    &quot;deviceId&quot;: &quot;14656331&quot;,
    &quot;deviceName&quot;: &quot;mythic_beasts_pi_all_jobs_sag&quot;,
    &quot;self&quot;: &quot;https://t493319102.eu-latest.cumulocity.com/devicecontrol/operations/14656720&quot;,
    &quot;id&quot;: &quot;14656720&quot;,
    &quot;status&quot;: &quot;PENDING&quot;,
    &quot;c8y_LogfileRequest&quot;: {
        &quot;searchText&quot;: &quot;&quot;,
        &quot;logFile&quot;: &quot;software-management&quot;,
        &quot;dateTo&quot;: &quot;2021-11-21T18:55:49+0530&quot;,
        &quot;dateFrom&quot;: &quot;2021-11-15T18:55:49+0530&quot;,
        &quot;maximumLines&quot;: 300
    },
    &quot;description&quot;: &quot;Log file request&quot;
}
16:25:52 DEBUG Final URL of the request: https://thin-edge-io.eu-latest.cumulocity.com/devicecontrol/operations?deviceId=14656331&amp;pageSize=1&amp;revert=true&amp;dateFrom=1970-01-01T00%3A00%3A00.000Z
16:25:52 INFO  State of current operation: PENDING
16:25:52 DEBUG Final URL of the request: https://thin-edge-io.eu-latest.cumulocity.com/devicecontrol/operations?deviceId=14656331&amp;pageSize=1&amp;revert=true&amp;dateFrom=1970-01-01T00%3A00%3A00.000Z
16:25:52 DEBUG State of current operation: {
    &quot;delivery&quot;: {
        &quot;time&quot;: &quot;2022-02-25T16:23:50.846Z&quot;,
        &quot;log&quot;: [
            {
                &quot;time&quot;: &quot;2022-02-25T15:47:06.415Z&quot;,
                &quot;status&quot;: &quot;PENDING&quot;
            },
            {
                &quot;time&quot;: &quot;2022-02-25T15:47:06.422Z&quot;,
                &quot;status&quot;: &quot;SEND&quot;
            },
            {
                &quot;time&quot;: &quot;2022-02-25T15:47:06.459Z&quot;,
                &quot;status&quot;: &quot;DELIVERED&quot;
            },
            {
                &quot;time&quot;: &quot;2022-02-25T15:48:13.784Z&quot;,
                &quot;status&quot;: &quot;PENDING&quot;
            },
            {
                &quot;time&quot;: &quot;2022-02-25T15:48:13.807Z&quot;,
                &quot;status&quot;: &quot;SEND&quot;
            },
            {
                &quot;time&quot;: &quot;2022-02-25T15:48:13.843Z&quot;,
                &quot;status&quot;: &quot;DELIVERED&quot;
            },
            {
                &quot;time&quot;: &quot;2022-02-25T15:49:26.171Z&quot;,
                &quot;status&quot;: &quot;PENDING&quot;
            },
            {
                &quot;time&quot;: &quot;2022-02-25T15:49:26.195Z&quot;,
                &quot;status&quot;: &quot;SEND&quot;
            },
            {
                &quot;time&quot;: &quot;2022-02-25T15:49:26.231Z&quot;,
                &quot;status&quot;: &quot;DELIVERED&quot;
            },
            {
                &quot;time&quot;: &quot;2022-02-25T15:50:40.517Z&quot;,
                &quot;status&quot;: &quot;PENDING&quot;
            },
            {
                &quot;time&quot;: &quot;2022-02-25T15:50:40.541Z&quot;,
                &quot;status&quot;: &quot;SEND&quot;
            },
            {
                &quot;time&quot;: &quot;2022-02-25T15:50:40.580Z&quot;,
                &quot;status&quot;: &quot;DELIVERED&quot;
            },
            {
                &quot;time&quot;: &quot;2022-02-25T15:51:54.139Z&quot;,
                &quot;status&quot;: &quot;PENDING&quot;
            },
            {
                &quot;time&quot;: &quot;2022-02-25T15:51:54.159Z&quot;,
                &quot;status&quot;: &quot;SEND&quot;
            },
            {
                &quot;time&quot;: &quot;2022-02-25T15:51:54.191Z&quot;,
                &quot;status&quot;: &quot;DELIVERED&quot;
            },
            {
                &quot;time&quot;: &quot;2022-02-25T15:52:34.081Z&quot;,
                &quot;status&quot;: &quot;PENDING&quot;
            },
            {
                &quot;time&quot;: &quot;2022-02-25T15:52:34.101Z&quot;,
                &quot;status&quot;: &quot;SEND&quot;
            },
            {
                &quot;time&quot;: &quot;2022-02-25T15:52:34.134Z&quot;,
                &quot;status&quot;: &quot;DELIVERED&quot;
            },
            {
                &quot;time&quot;: &quot;2022-02-25T15:53:26.503Z&quot;,
                &quot;status&quot;: &quot;PENDING&quot;
            },
            {
                &quot;time&quot;: &quot;2022-02-25T15:53:26.525Z&quot;,
                &quot;status&quot;: &quot;SEND&quot;
            },
            {
                &quot;time&quot;: &quot;2022-02-25T15:53:26.557Z&quot;,
                &quot;status&quot;: &quot;DELIVERED&quot;
            },
            {
                &quot;time&quot;: &quot;2022-02-25T15:54:17.893Z&quot;,
                &quot;status&quot;: &quot;PENDING&quot;
            },
            {
                &quot;time&quot;: &quot;2022-02-25T15:54:17.914Z&quot;,
                &quot;status&quot;: &quot;SEND&quot;
            },
            {
                &quot;time&quot;: &quot;2022-02-25T15:54:17.948Z&quot;,
                &quot;status&quot;: &quot;DELIVERED&quot;
            },
            {
                &quot;time&quot;: &quot;2022-02-25T15:54:59.004Z&quot;,
                &quot;status&quot;: &quot;PENDING&quot;
            },
            {
                &quot;time&quot;: &quot;2022-02-25T15:54:59.029Z&quot;,
                &quot;status&quot;: &quot;SEND&quot;
            },
            {
                &quot;time&quot;: &quot;2022-02-25T15:54:59.061Z&quot;,
                &quot;status&quot;: &quot;DELIVERED&quot;
            },
            {
                &quot;time&quot;: &quot;2022-02-25T15:57:14.375Z&quot;,
                &quot;status&quot;: &quot;PENDING&quot;
            },
            {
                &quot;time&quot;: &quot;2022-02-25T15:57:14.398Z&quot;,
                &quot;status&quot;: &quot;SEND&quot;
            },
            {
                &quot;time&quot;: &quot;2022-02-25T15:57:14.436Z&quot;,
                &quot;status&quot;: &quot;DELIVERED&quot;
            },
            {
                &quot;time&quot;: &quot;2022-02-25T15:59:40.014Z&quot;,
                &quot;status&quot;: &quot;PENDING&quot;
            },
            {
                &quot;time&quot;: &quot;2022-02-25T15:59:40.037Z&quot;,
                &quot;status&quot;: &quot;SEND&quot;
            },
            {
                &quot;time&quot;: &quot;2022-02-25T15:59:40.082Z&quot;,
                &quot;status&quot;: &quot;DELIVERED&quot;
            },
            {
                &quot;time&quot;: &quot;2022-02-25T16:00:03.129Z&quot;,
                &quot;status&quot;: &quot;PENDING&quot;
            },
            {
                &quot;time&quot;: &quot;2022-02-25T16:00:03.162Z&quot;,
                &quot;status&quot;: &quot;SEND&quot;
            },
            {
                &quot;time&quot;: &quot;2022-02-25T16:00:03.193Z&quot;,
                &quot;status&quot;: &quot;DELIVERED&quot;
            },
            {
                &quot;time&quot;: &quot;2022-02-25T16:00:26.743Z&quot;,
                &quot;status&quot;: &quot;PENDING&quot;
            },
            {
                &quot;time&quot;: &quot;2022-02-25T16:00:26.765Z&quot;,
                &quot;status&quot;: &quot;SEND&quot;
            },
            {
                &quot;time&quot;: &quot;2022-02-25T16:00:26.800Z&quot;,
                &quot;status&quot;: &quot;DELIVERED&quot;
            },
            {
                &quot;time&quot;: &quot;2022-02-25T16:00:51.687Z&quot;,
                &quot;status&quot;: &quot;PENDING&quot;
            },
            {
                &quot;time&quot;: &quot;2022-02-25T16:00:51.712Z&quot;,
                &quot;status&quot;: &quot;SEND&quot;
            },
            {
                &quot;time&quot;: &quot;2022-02-25T16:00:51.746Z&quot;,
                &quot;status&quot;: &quot;DELIVERED&quot;
            },
            {
                &quot;time&quot;: &quot;2022-02-25T16:01:29.375Z&quot;,
                &quot;status&quot;: &quot;PENDING&quot;
            },
            {
                &quot;time&quot;: &quot;2022-02-25T16:01:29.398Z&quot;,
                &quot;status&quot;: &quot;SEND&quot;
            },
            {
                &quot;time&quot;: &quot;2022-02-25T16:01:29.435Z&quot;,
                &quot;status&quot;: &quot;DELIVERED&quot;
            },
            {
                &quot;time&quot;: &quot;2022-02-25T16:01:52.649Z&quot;,
                &quot;status&quot;: &quot;PENDING&quot;
            },
            {
                &quot;time&quot;: &quot;2022-02-25T16:01:52.672Z&quot;,
                &quot;status&quot;: &quot;SEND&quot;
            },
            {
                &quot;time&quot;: &quot;2022-02-25T16:01:52.707Z&quot;,
                &quot;status&quot;: &quot;DELIVERED&quot;
            },
            {
                &quot;time&quot;: &quot;2022-02-25T16:02:18.471Z&quot;,
                &quot;status&quot;: &quot;PENDING&quot;
            },
            {
                &quot;time&quot;: &quot;2022-02-25T16:02:18.497Z&quot;,
                &quot;status&quot;: &quot;SEND&quot;
            },
            {
                &quot;time&quot;: &quot;2022-02-25T16:02:18.531Z&quot;,
                &quot;status&quot;: &quot;DELIVERED&quot;
            },
            {
                &quot;time&quot;: &quot;2022-02-25T16:18:08.774Z&quot;,
                &quot;status&quot;: &quot;PENDING&quot;
            },
            {
                &quot;time&quot;: &quot;2022-02-25T16:18:08.809Z&quot;,
                &quot;status&quot;: &quot;SEND&quot;
            },
            {
                &quot;time&quot;: &quot;2022-02-25T16:18:08.844Z&quot;,
                &quot;status&quot;: &quot;DELIVERED&quot;
            },
            {
                &quot;time&quot;: &quot;2022-02-25T16:20:48.789Z&quot;,
                &quot;status&quot;: &quot;PENDING&quot;
            },
            {
                &quot;time&quot;: &quot;2022-02-25T16:20:48.814Z&quot;,
                &quot;status&quot;: &quot;SEND&quot;
            },
            {
                &quot;time&quot;: &quot;2022-02-25T16:20:48.848Z&quot;,
                &quot;status&quot;: &quot;DELIVERED&quot;
            },
            {
                &quot;time&quot;: &quot;2022-02-25T16:21:12.421Z&quot;,
                &quot;status&quot;: &quot;PENDING&quot;
            },
            {
                &quot;time&quot;: &quot;2022-02-25T16:21:12.447Z&quot;,
                &quot;status&quot;: &quot;SEND&quot;
            },
            {
                &quot;time&quot;: &quot;2022-02-25T16:21:12.483Z&quot;,
                &quot;status&quot;: &quot;DELIVERED&quot;
            },
            {
                &quot;time&quot;: &quot;2022-02-25T16:23:50.786Z&quot;,
                &quot;status&quot;: &quot;PENDING&quot;
            },
            {
                &quot;time&quot;: &quot;2022-02-25T16:23:50.811Z&quot;,
                &quot;status&quot;: &quot;SEND&quot;
            }
        ],
        &quot;status&quot;: &quot;DELIVERED&quot;
    },
    &quot;creationTime&quot;: &quot;2022-02-25T15:47:06.397Z&quot;,
    &quot;deviceId&quot;: &quot;14656331&quot;,
    &quot;deviceName&quot;: &quot;mythic_beasts_pi_all_jobs_sag&quot;,
    &quot;self&quot;: &quot;https://t493319102.eu-latest.cumulocity.com/devicecontrol/operations/14656720&quot;,
    &quot;id&quot;: &quot;14656720&quot;,
    &quot;status&quot;: &quot;PENDING&quot;,
    &quot;c8y_LogfileRequest&quot;: {
        &quot;searchText&quot;: &quot;&quot;,
        &quot;logFile&quot;: &quot;software-management&quot;,
        &quot;dateTo&quot;: &quot;2021-11-21T18:55:49+0530&quot;,
        &quot;dateFrom&quot;: &quot;2021-11-15T18:55:49+0530&quot;,
        &quot;maximumLines&quot;: 300
    },
    &quot;description&quot;: &quot;Log file request&quot;
}
16:25:54 DEBUG Final URL of the request: https://thin-edge-io.eu-latest.cumulocity.com/devicecontrol/operations?deviceId=14656331&amp;pageSize=1&amp;revert=true&amp;dateFrom=1970-01-01T00%3A00%3A00.000Z
16:25:54 INFO  State of current operation: PENDING
16:25:54 DEBUG Final URL of the request: https://thin-edge-io.eu-latest.cumulocity.com/devicecontrol/operations?deviceId=14656331&amp;pageSize=1&amp;revert=true&amp;dateFrom=1970-01-01T00%3A00%3A00.000Z
16:25:54 DEBUG State of current operation: {
    &quot;delivery&quot;: {
        &quot;time&quot;: &quot;2022-02-25T16:23:50.846Z&quot;,
        &quot;log&quot;: [
            {
                &quot;time&quot;: &quot;2022-02-25T15:47:06.415Z&quot;,
                &quot;status&quot;: &quot;PENDING&quot;
            },
            {
                &quot;time&quot;: &quot;2022-02-25T15:47:06.422Z&quot;,
                &quot;status&quot;: &quot;SEND&quot;
            },
            {
                &quot;time&quot;: &quot;2022-02-25T15:47:06.459Z&quot;,
                &quot;status&quot;: &quot;DELIVERED&quot;
            },
            {
                &quot;time&quot;: &quot;2022-02-25T15:48:13.784Z&quot;,
                &quot;status&quot;: &quot;PENDING&quot;
            },
            {
                &quot;time&quot;: &quot;2022-02-25T15:48:13.807Z&quot;,
                &quot;status&quot;: &quot;SEND&quot;
            },
            {
                &quot;time&quot;: &quot;2022-02-25T15:48:13.843Z&quot;,
                &quot;status&quot;: &quot;DELIVERED&quot;
            },
            {
                &quot;time&quot;: &quot;2022-02-25T15:49:26.171Z&quot;,
                &quot;status&quot;: &quot;PENDING&quot;
            },
            {
                &quot;time&quot;: &quot;2022-02-25T15:49:26.195Z&quot;,
                &quot;status&quot;: &quot;SEND&quot;
            },
            {
                &quot;time&quot;: &quot;2022-02-25T15:49:26.231Z&quot;,
                &quot;status&quot;: &quot;DELIVERED&quot;
            },
            {
                &quot;time&quot;: &quot;2022-02-25T15:50:40.517Z&quot;,
                &quot;status&quot;: &quot;PENDING&quot;
            },
            {
                &quot;time&quot;: &quot;2022-02-25T15:50:40.541Z&quot;,
                &quot;status&quot;: &quot;SEND&quot;
            },
            {
                &quot;time&quot;: &quot;2022-02-25T15:50:40.580Z&quot;,
                &quot;status&quot;: &quot;DELIVERED&quot;
            },
            {
                &quot;time&quot;: &quot;2022-02-25T15:51:54.139Z&quot;,
                &quot;status&quot;: &quot;PENDING&quot;
            },
            {
                &quot;time&quot;: &quot;2022-02-25T15:51:54.159Z&quot;,
                &quot;status&quot;: &quot;SEND&quot;
            },
            {
                &quot;time&quot;: &quot;2022-02-25T15:51:54.191Z&quot;,
                &quot;status&quot;: &quot;DELIVERED&quot;
            },
            {
                &quot;time&quot;: &quot;2022-02-25T15:52:34.081Z&quot;,
                &quot;status&quot;: &quot;PENDING&quot;
            },
            {
                &quot;time&quot;: &quot;2022-02-25T15:52:34.101Z&quot;,
                &quot;status&quot;: &quot;SEND&quot;
            },
            {
                &quot;time&quot;: &quot;2022-02-25T15:52:34.134Z&quot;,
                &quot;status&quot;: &quot;DELIVERED&quot;
            },
            {
                &quot;time&quot;: &quot;2022-02-25T15:53:26.503Z&quot;,
                &quot;status&quot;: &quot;PENDING&quot;
            },
            {
                &quot;time&quot;: &quot;2022-02-25T15:53:26.525Z&quot;,
                &quot;status&quot;: &quot;SEND&quot;
            },
            {
                &quot;time&quot;: &quot;2022-02-25T15:53:26.557Z&quot;,
                &quot;status&quot;: &quot;DELIVERED&quot;
            },
            {
                &quot;time&quot;: &quot;2022-02-25T15:54:17.893Z&quot;,
                &quot;status&quot;: &quot;PENDING&quot;
            },
            {
                &quot;time&quot;: &quot;2022-02-25T15:54:17.914Z&quot;,
                &quot;status&quot;: &quot;SEND&quot;
            },
            {
                &quot;time&quot;: &quot;2022-02-25T15:54:17.948Z&quot;,
                &quot;status&quot;: &quot;DELIVERED&quot;
            },
            {
                &quot;time&quot;: &quot;2022-02-25T15:54:59.004Z&quot;,
                &quot;status&quot;: &quot;PENDING&quot;
            },
            {
                &quot;time&quot;: &quot;2022-02-25T15:54:59.029Z&quot;,
                &quot;status&quot;: &quot;SEND&quot;
            },
            {
                &quot;time&quot;: &quot;2022-02-25T15:54:59.061Z&quot;,
                &quot;status&quot;: &quot;DELIVERED&quot;
            },
            {
                &quot;time&quot;: &quot;2022-02-25T15:57:14.375Z&quot;,
                &quot;status&quot;: &quot;PENDING&quot;
            },
            {
                &quot;time&quot;: &quot;2022-02-25T15:57:14.398Z&quot;,
                &quot;status&quot;: &quot;SEND&quot;
            },
            {
                &quot;time&quot;: &quot;2022-02-25T15:57:14.436Z&quot;,
                &quot;status&quot;: &quot;DELIVERED&quot;
            },
            {
                &quot;time&quot;: &quot;2022-02-25T15:59:40.014Z&quot;,
                &quot;status&quot;: &quot;PENDING&quot;
            },
            {
                &quot;time&quot;: &quot;2022-02-25T15:59:40.037Z&quot;,
                &quot;status&quot;: &quot;SEND&quot;
            },
            {
                &quot;time&quot;: &quot;2022-02-25T15:59:40.082Z&quot;,
                &quot;status&quot;: &quot;DELIVERED&quot;
            },
            {
                &quot;time&quot;: &quot;2022-02-25T16:00:03.129Z&quot;,
                &quot;status&quot;: &quot;PENDING&quot;
            },
            {
                &quot;time&quot;: &quot;2022-02-25T16:00:03.162Z&quot;,
                &quot;status&quot;: &quot;SEND&quot;
            },
            {
                &quot;time&quot;: &quot;2022-02-25T16:00:03.193Z&quot;,
                &quot;status&quot;: &quot;DELIVERED&quot;
            },
            {
                &quot;time&quot;: &quot;2022-02-25T16:00:26.743Z&quot;,
                &quot;status&quot;: &quot;PENDING&quot;
            },
            {
                &quot;time&quot;: &quot;2022-02-25T16:00:26.765Z&quot;,
                &quot;status&quot;: &quot;SEND&quot;
            },
            {
                &quot;time&quot;: &quot;2022-02-25T16:00:26.800Z&quot;,
                &quot;status&quot;: &quot;DELIVERED&quot;
            },
            {
                &quot;time&quot;: &quot;2022-02-25T16:00:51.687Z&quot;,
                &quot;status&quot;: &quot;PENDING&quot;
            },
            {
                &quot;time&quot;: &quot;2022-02-25T16:00:51.712Z&quot;,
                &quot;status&quot;: &quot;SEND&quot;
            },
            {
                &quot;time&quot;: &quot;2022-02-25T16:00:51.746Z&quot;,
                &quot;status&quot;: &quot;DELIVERED&quot;
            },
            {
                &quot;time&quot;: &quot;2022-02-25T16:01:29.375Z&quot;,
                &quot;status&quot;: &quot;PENDING&quot;
            },
            {
                &quot;time&quot;: &quot;2022-02-25T16:01:29.398Z&quot;,
                &quot;status&quot;: &quot;SEND&quot;
            },
            {
                &quot;time&quot;: &quot;2022-02-25T16:01:29.435Z&quot;,
                &quot;status&quot;: &quot;DELIVERED&quot;
            },
            {
                &quot;time&quot;: &quot;2022-02-25T16:01:52.649Z&quot;,
                &quot;status&quot;: &quot;PENDING&quot;
            },
            {
                &quot;time&quot;: &quot;2022-02-25T16:01:52.672Z&quot;,
                &quot;status&quot;: &quot;SEND&quot;
            },
            {
                &quot;time&quot;: &quot;2022-02-25T16:01:52.707Z&quot;,
                &quot;status&quot;: &quot;DELIVERED&quot;
            },
            {
                &quot;time&quot;: &quot;2022-02-25T16:02:18.471Z&quot;,
                &quot;status&quot;: &quot;PENDING&quot;
            },
            {
                &quot;time&quot;: &quot;2022-02-25T16:02:18.497Z&quot;,
                &quot;status&quot;: &quot;SEND&quot;
            },
            {
                &quot;time&quot;: &quot;2022-02-25T16:02:18.531Z&quot;,
                &quot;status&quot;: &quot;DELIVERED&quot;
            },
            {
                &quot;time&quot;: &quot;2022-02-25T16:18:08.774Z&quot;,
                &quot;status&quot;: &quot;PENDING&quot;
            },
            {
                &quot;time&quot;: &quot;2022-02-25T16:18:08.809Z&quot;,
                &quot;status&quot;: &quot;SEND&quot;
            },
            {
                &quot;time&quot;: &quot;2022-02-25T16:18:08.844Z&quot;,
                &quot;status&quot;: &quot;DELIVERED&quot;
            },
            {
                &quot;time&quot;: &quot;2022-02-25T16:20:48.789Z&quot;,
                &quot;status&quot;: &quot;PENDING&quot;
            },
            {
                &quot;time&quot;: &quot;2022-02-25T16:20:48.814Z&quot;,
                &quot;status&quot;: &quot;SEND&quot;
            },
            {
                &quot;time&quot;: &quot;2022-02-25T16:20:48.848Z&quot;,
                &quot;status&quot;: &quot;DELIVERED&quot;
            },
            {
                &quot;time&quot;: &quot;2022-02-25T16:21:12.421Z&quot;,
                &quot;status&quot;: &quot;PENDING&quot;
            },
            {
                &quot;time&quot;: &quot;2022-02-25T16:21:12.447Z&quot;,
                &quot;status&quot;: &quot;SEND&quot;
            },
            {
                &quot;time&quot;: &quot;2022-02-25T16:21:12.483Z&quot;,
                &quot;status&quot;: &quot;DELIVERED&quot;
            },
            {
                &quot;time&quot;: &quot;2022-02-25T16:23:50.786Z&quot;,
                &quot;status&quot;: &quot;PENDING&quot;
            },
            {
                &quot;time&quot;: &quot;2022-02-25T16:23:50.811Z&quot;,
                &quot;status&quot;: &quot;SEND&quot;
            }
        ],
        &quot;status&quot;: &quot;DELIVERED&quot;
    },
    &quot;creationTime&quot;: &quot;2022-02-25T15:47:06.397Z&quot;,
    &quot;deviceId&quot;: &quot;14656331&quot;,
    &quot;deviceName&quot;: &quot;mythic_beasts_pi_all_jobs_sag&quot;,
    &quot;self&quot;: &quot;https://t493319102.eu-latest.cumulocity.com/devicecontrol/operations/14656720&quot;,
    &quot;id&quot;: &quot;14656720&quot;,
    &quot;status&quot;: &quot;PENDING&quot;,
    &quot;c8y_LogfileRequest&quot;: {
        &quot;searchText&quot;: &quot;&quot;,
        &quot;logFile&quot;: &quot;software-management&quot;,
        &quot;dateTo&quot;: &quot;2021-11-21T18:55:49+0530&quot;,
        &quot;dateFrom&quot;: &quot;2021-11-15T18:55:49+0530&quot;,
        &quot;maximumLines&quot;: 300
    },
    &quot;description&quot;: &quot;Log file request&quot;
}
16:25:56 DEBUG Final URL of the request: https://thin-edge-io.eu-latest.cumulocity.com/devicecontrol/operations?deviceId=14656331&amp;pageSize=1&amp;revert=true&amp;dateFrom=1970-01-01T00%3A00%3A00.000Z
16:25:56 INFO  State of current operation: PENDING
16:25:56 DEBUG Final URL of the request: https://thin-edge-io.eu-latest.cumulocity.com/devicecontrol/operations?deviceId=14656331&amp;pageSize=1&amp;revert=true&amp;dateFrom=1970-01-01T00%3A00%3A00.000Z
16:25:56 DEBUG State of current operation: {
    &quot;delivery&quot;: {
        &quot;time&quot;: &quot;2022-02-25T16:23:50.846Z&quot;,
        &quot;log&quot;: [
            {
                &quot;time&quot;: &quot;2022-02-25T15:47:06.415Z&quot;,
                &quot;status&quot;: &quot;PENDING&quot;
            },
            {
                &quot;time&quot;: &quot;2022-02-25T15:47:06.422Z&quot;,
                &quot;status&quot;: &quot;SEND&quot;
            },
            {
                &quot;time&quot;: &quot;2022-02-25T15:47:06.459Z&quot;,
                &quot;status&quot;: &quot;DELIVERED&quot;
            },
            {
                &quot;time&quot;: &quot;2022-02-25T15:48:13.784Z&quot;,
                &quot;status&quot;: &quot;PENDING&quot;
            },
            {
                &quot;time&quot;: &quot;2022-02-25T15:48:13.807Z&quot;,
                &quot;status&quot;: &quot;SEND&quot;
            },
            {
                &quot;time&quot;: &quot;2022-02-25T15:48:13.843Z&quot;,
                &quot;status&quot;: &quot;DELIVERED&quot;
            },
            {
                &quot;time&quot;: &quot;2022-02-25T15:49:26.171Z&quot;,
                &quot;status&quot;: &quot;PENDING&quot;
            },
            {
                &quot;time&quot;: &quot;2022-02-25T15:49:26.195Z&quot;,
                &quot;status&quot;: &quot;SEND&quot;
            },
            {
                &quot;time&quot;: &quot;2022-02-25T15:49:26.231Z&quot;,
                &quot;status&quot;: &quot;DELIVERED&quot;
            },
            {
                &quot;time&quot;: &quot;2022-02-25T15:50:40.517Z&quot;,
                &quot;status&quot;: &quot;PENDING&quot;
            },
            {
                &quot;time&quot;: &quot;2022-02-25T15:50:40.541Z&quot;,
                &quot;status&quot;: &quot;SEND&quot;
            },
            {
                &quot;time&quot;: &quot;2022-02-25T15:50:40.580Z&quot;,
                &quot;status&quot;: &quot;DELIVERED&quot;
            },
            {
                &quot;time&quot;: &quot;2022-02-25T15:51:54.139Z&quot;,
                &quot;status&quot;: &quot;PENDING&quot;
            },
            {
                &quot;time&quot;: &quot;2022-02-25T15:51:54.159Z&quot;,
                &quot;status&quot;: &quot;SEND&quot;
            },
            {
                &quot;time&quot;: &quot;2022-02-25T15:51:54.191Z&quot;,
                &quot;status&quot;: &quot;DELIVERED&quot;
            },
            {
                &quot;time&quot;: &quot;2022-02-25T15:52:34.081Z&quot;,
                &quot;status&quot;: &quot;PENDING&quot;
            },
            {
                &quot;time&quot;: &quot;2022-02-25T15:52:34.101Z&quot;,
                &quot;status&quot;: &quot;SEND&quot;
            },
            {
                &quot;time&quot;: &quot;2022-02-25T15:52:34.134Z&quot;,
                &quot;status&quot;: &quot;DELIVERED&quot;
            },
            {
                &quot;time&quot;: &quot;2022-02-25T15:53:26.503Z&quot;,
                &quot;status&quot;: &quot;PENDING&quot;
            },
            {
                &quot;time&quot;: &quot;2022-02-25T15:53:26.525Z&quot;,
                &quot;status&quot;: &quot;SEND&quot;
            },
            {
                &quot;time&quot;: &quot;2022-02-25T15:53:26.557Z&quot;,
                &quot;status&quot;: &quot;DELIVERED&quot;
            },
            {
                &quot;time&quot;: &quot;2022-02-25T15:54:17.893Z&quot;,
                &quot;status&quot;: &quot;PENDING&quot;
            },
            {
                &quot;time&quot;: &quot;2022-02-25T15:54:17.914Z&quot;,
                &quot;status&quot;: &quot;SEND&quot;
            },
            {
                &quot;time&quot;: &quot;2022-02-25T15:54:17.948Z&quot;,
                &quot;status&quot;: &quot;DELIVERED&quot;
            },
            {
                &quot;time&quot;: &quot;2022-02-25T15:54:59.004Z&quot;,
                &quot;status&quot;: &quot;PENDING&quot;
            },
            {
                &quot;time&quot;: &quot;2022-02-25T15:54:59.029Z&quot;,
                &quot;status&quot;: &quot;SEND&quot;
            },
            {
                &quot;time&quot;: &quot;2022-02-25T15:54:59.061Z&quot;,
                &quot;status&quot;: &quot;DELIVERED&quot;
            },
            {
                &quot;time&quot;: &quot;2022-02-25T15:57:14.375Z&quot;,
                &quot;status&quot;: &quot;PENDING&quot;
            },
            {
                &quot;time&quot;: &quot;2022-02-25T15:57:14.398Z&quot;,
                &quot;status&quot;: &quot;SEND&quot;
            },
            {
                &quot;time&quot;: &quot;2022-02-25T15:57:14.436Z&quot;,
                &quot;status&quot;: &quot;DELIVERED&quot;
            },
            {
                &quot;time&quot;: &quot;2022-02-25T15:59:40.014Z&quot;,
                &quot;status&quot;: &quot;PENDING&quot;
            },
            {
                &quot;time&quot;: &quot;2022-02-25T15:59:40.037Z&quot;,
                &quot;status&quot;: &quot;SEND&quot;
            },
            {
                &quot;time&quot;: &quot;2022-02-25T15:59:40.082Z&quot;,
                &quot;status&quot;: &quot;DELIVERED&quot;
            },
            {
                &quot;time&quot;: &quot;2022-02-25T16:00:03.129Z&quot;,
                &quot;status&quot;: &quot;PENDING&quot;
            },
            {
                &quot;time&quot;: &quot;2022-02-25T16:00:03.162Z&quot;,
                &quot;status&quot;: &quot;SEND&quot;
            },
            {
                &quot;time&quot;: &quot;2022-02-25T16:00:03.193Z&quot;,
                &quot;status&quot;: &quot;DELIVERED&quot;
            },
            {
                &quot;time&quot;: &quot;2022-02-25T16:00:26.743Z&quot;,
                &quot;status&quot;: &quot;PENDING&quot;
            },
            {
                &quot;time&quot;: &quot;2022-02-25T16:00:26.765Z&quot;,
                &quot;status&quot;: &quot;SEND&quot;
            },
            {
                &quot;time&quot;: &quot;2022-02-25T16:00:26.800Z&quot;,
                &quot;status&quot;: &quot;DELIVERED&quot;
            },
            {
                &quot;time&quot;: &quot;2022-02-25T16:00:51.687Z&quot;,
                &quot;status&quot;: &quot;PENDING&quot;
            },
            {
                &quot;time&quot;: &quot;2022-02-25T16:00:51.712Z&quot;,
                &quot;status&quot;: &quot;SEND&quot;
            },
            {
                &quot;time&quot;: &quot;2022-02-25T16:00:51.746Z&quot;,
                &quot;status&quot;: &quot;DELIVERED&quot;
            },
            {
                &quot;time&quot;: &quot;2022-02-25T16:01:29.375Z&quot;,
                &quot;status&quot;: &quot;PENDING&quot;
            },
            {
                &quot;time&quot;: &quot;2022-02-25T16:01:29.398Z&quot;,
                &quot;status&quot;: &quot;SEND&quot;
            },
            {
                &quot;time&quot;: &quot;2022-02-25T16:01:29.435Z&quot;,
                &quot;status&quot;: &quot;DELIVERED&quot;
            },
            {
                &quot;time&quot;: &quot;2022-02-25T16:01:52.649Z&quot;,
                &quot;status&quot;: &quot;PENDING&quot;
            },
            {
                &quot;time&quot;: &quot;2022-02-25T16:01:52.672Z&quot;,
                &quot;status&quot;: &quot;SEND&quot;
            },
            {
                &quot;time&quot;: &quot;2022-02-25T16:01:52.707Z&quot;,
                &quot;status&quot;: &quot;DELIVERED&quot;
            },
            {
                &quot;time&quot;: &quot;2022-02-25T16:02:18.471Z&quot;,
                &quot;status&quot;: &quot;PENDING&quot;
            },
            {
                &quot;time&quot;: &quot;2022-02-25T16:02:18.497Z&quot;,
                &quot;status&quot;: &quot;SEND&quot;
            },
            {
                &quot;time&quot;: &quot;2022-02-25T16:02:18.531Z&quot;,
                &quot;status&quot;: &quot;DELIVERED&quot;
            },
            {
                &quot;time&quot;: &quot;2022-02-25T16:18:08.774Z&quot;,
                &quot;status&quot;: &quot;PENDING&quot;
            },
            {
                &quot;time&quot;: &quot;2022-02-25T16:18:08.809Z&quot;,
                &quot;status&quot;: &quot;SEND&quot;
            },
            {
                &quot;time&quot;: &quot;2022-02-25T16:18:08.844Z&quot;,
                &quot;status&quot;: &quot;DELIVERED&quot;
            },
            {
                &quot;time&quot;: &quot;2022-02-25T16:20:48.789Z&quot;,
                &quot;status&quot;: &quot;PENDING&quot;
            },
            {
                &quot;time&quot;: &quot;2022-02-25T16:20:48.814Z&quot;,
                &quot;status&quot;: &quot;SEND&quot;
            },
            {
                &quot;time&quot;: &quot;2022-02-25T16:20:48.848Z&quot;,
                &quot;status&quot;: &quot;DELIVERED&quot;
            },
            {
                &quot;time&quot;: &quot;2022-02-25T16:21:12.421Z&quot;,
                &quot;status&quot;: &quot;PENDING&quot;
            },
            {
                &quot;time&quot;: &quot;2022-02-25T16:21:12.447Z&quot;,
                &quot;status&quot;: &quot;SEND&quot;
            },
            {
                &quot;time&quot;: &quot;2022-02-25T16:21:12.483Z&quot;,
                &quot;status&quot;: &quot;DELIVERED&quot;
            },
            {
                &quot;time&quot;: &quot;2022-02-25T16:23:50.786Z&quot;,
                &quot;status&quot;: &quot;PENDING&quot;
            },
            {
                &quot;time&quot;: &quot;2022-02-25T16:23:50.811Z&quot;,
                &quot;status&quot;: &quot;SEND&quot;
            }
        ],
        &quot;status&quot;: &quot;DELIVERED&quot;
    },
    &quot;creationTime&quot;: &quot;2022-02-25T15:47:06.397Z&quot;,
    &quot;deviceId&quot;: &quot;14656331&quot;,
    &quot;deviceName&quot;: &quot;mythic_beasts_pi_all_jobs_sag&quot;,
    &quot;self&quot;: &quot;https://t493319102.eu-latest.cumulocity.com/devicecontrol/operations/14656720&quot;,
    &quot;id&quot;: &quot;14656720&quot;,
    &quot;status&quot;: &quot;PENDING&quot;,
    &quot;c8y_LogfileRequest&quot;: {
        &quot;searchText&quot;: &quot;&quot;,
        &quot;logFile&quot;: &quot;software-management&quot;,
        &quot;dateTo&quot;: &quot;2021-11-21T18:55:49+0530&quot;,
        &quot;dateFrom&quot;: &quot;2021-11-15T18:55:49+0530&quot;,
        &quot;maximumLines&quot;: 300
    },
    &quot;description&quot;: &quot;Log file request&quot;
}
16:25:58 DEBUG Final URL of the request: https://thin-edge-io.eu-latest.cumulocity.com/devicecontrol/operations?deviceId=14656331&amp;pageSize=1&amp;revert=true&amp;dateFrom=1970-01-01T00%3A00%3A00.000Z
16:25:58 INFO  State of current operation: PENDING
16:25:58 DEBUG Final URL of the request: https://thin-edge-io.eu-latest.cumulocity.com/devicecontrol/operations?deviceId=14656331&amp;pageSize=1&amp;revert=true&amp;dateFrom=1970-01-01T00%3A00%3A00.000Z
16:25:59 DEBUG State of current operation: {
    &quot;delivery&quot;: {
        &quot;time&quot;: &quot;2022-02-25T16:23:50.846Z&quot;,
        &quot;log&quot;: [
            {
                &quot;time&quot;: &quot;2022-02-25T15:47:06.415Z&quot;,
                &quot;status&quot;: &quot;PENDING&quot;
            },
            {
                &quot;time&quot;: &quot;2022-02-25T15:47:06.422Z&quot;,
                &quot;status&quot;: &quot;SEND&quot;
            },
            {
                &quot;time&quot;: &quot;2022-02-25T15:47:06.459Z&quot;,
                &quot;status&quot;: &quot;DELIVERED&quot;
            },
            {
                &quot;time&quot;: &quot;2022-02-25T15:48:13.784Z&quot;,
                &quot;status&quot;: &quot;PENDING&quot;
            },
            {
                &quot;time&quot;: &quot;2022-02-25T15:48:13.807Z&quot;,
                &quot;status&quot;: &quot;SEND&quot;
            },
            {
                &quot;time&quot;: &quot;2022-02-25T15:48:13.843Z&quot;,
                &quot;status&quot;: &quot;DELIVERED&quot;
            },
            {
                &quot;time&quot;: &quot;2022-02-25T15:49:26.171Z&quot;,
                &quot;status&quot;: &quot;PENDING&quot;
            },
            {
                &quot;time&quot;: &quot;2022-02-25T15:49:26.195Z&quot;,
                &quot;status&quot;: &quot;SEND&quot;
            },
            {
                &quot;time&quot;: &quot;2022-02-25T15:49:26.231Z&quot;,
                &quot;status&quot;: &quot;DELIVERED&quot;
            },
            {
                &quot;time&quot;: &quot;2022-02-25T15:50:40.517Z&quot;,
                &quot;status&quot;: &quot;PENDING&quot;
            },
            {
                &quot;time&quot;: &quot;2022-02-25T15:50:40.541Z&quot;,
                &quot;status&quot;: &quot;SEND&quot;
            },
            {
                &quot;time&quot;: &quot;2022-02-25T15:50:40.580Z&quot;,
                &quot;status&quot;: &quot;DELIVERED&quot;
            },
            {
                &quot;time&quot;: &quot;2022-02-25T15:51:54.139Z&quot;,
                &quot;status&quot;: &quot;PENDING&quot;
            },
            {
                &quot;time&quot;: &quot;2022-02-25T15:51:54.159Z&quot;,
                &quot;status&quot;: &quot;SEND&quot;
            },
            {
                &quot;time&quot;: &quot;2022-02-25T15:51:54.191Z&quot;,
                &quot;status&quot;: &quot;DELIVERED&quot;
            },
            {
                &quot;time&quot;: &quot;2022-02-25T15:52:34.081Z&quot;,
                &quot;status&quot;: &quot;PENDING&quot;
            },
            {
                &quot;time&quot;: &quot;2022-02-25T15:52:34.101Z&quot;,
                &quot;status&quot;: &quot;SEND&quot;
            },
            {
                &quot;time&quot;: &quot;2022-02-25T15:52:34.134Z&quot;,
                &quot;status&quot;: &quot;DELIVERED&quot;
            },
            {
                &quot;time&quot;: &quot;2022-02-25T15:53:26.503Z&quot;,
                &quot;status&quot;: &quot;PENDING&quot;
            },
            {
                &quot;time&quot;: &quot;2022-02-25T15:53:26.525Z&quot;,
                &quot;status&quot;: &quot;SEND&quot;
            },
            {
                &quot;time&quot;: &quot;2022-02-25T15:53:26.557Z&quot;,
                &quot;status&quot;: &quot;DELIVERED&quot;
            },
            {
                &quot;time&quot;: &quot;2022-02-25T15:54:17.893Z&quot;,
                &quot;status&quot;: &quot;PENDING&quot;
            },
            {
                &quot;time&quot;: &quot;2022-02-25T15:54:17.914Z&quot;,
                &quot;status&quot;: &quot;SEND&quot;
            },
            {
                &quot;time&quot;: &quot;2022-02-25T15:54:17.948Z&quot;,
                &quot;status&quot;: &quot;DELIVERED&quot;
            },
            {
                &quot;time&quot;: &quot;2022-02-25T15:54:59.004Z&quot;,
                &quot;status&quot;: &quot;PENDING&quot;
            },
            {
                &quot;time&quot;: &quot;2022-02-25T15:54:59.029Z&quot;,
                &quot;status&quot;: &quot;SEND&quot;
            },
            {
                &quot;time&quot;: &quot;2022-02-25T15:54:59.061Z&quot;,
                &quot;status&quot;: &quot;DELIVERED&quot;
            },
            {
                &quot;time&quot;: &quot;2022-02-25T15:57:14.375Z&quot;,
                &quot;status&quot;: &quot;PENDING&quot;
            },
            {
                &quot;time&quot;: &quot;2022-02-25T15:57:14.398Z&quot;,
                &quot;status&quot;: &quot;SEND&quot;
            },
            {
                &quot;time&quot;: &quot;2022-02-25T15:57:14.436Z&quot;,
                &quot;status&quot;: &quot;DELIVERED&quot;
            },
            {
                &quot;time&quot;: &quot;2022-02-25T15:59:40.014Z&quot;,
                &quot;status&quot;: &quot;PENDING&quot;
            },
            {
                &quot;time&quot;: &quot;2022-02-25T15:59:40.037Z&quot;,
                &quot;status&quot;: &quot;SEND&quot;
            },
            {
                &quot;time&quot;: &quot;2022-02-25T15:59:40.082Z&quot;,
                &quot;status&quot;: &quot;DELIVERED&quot;
            },
            {
                &quot;time&quot;: &quot;2022-02-25T16:00:03.129Z&quot;,
                &quot;status&quot;: &quot;PENDING&quot;
            },
            {
                &quot;time&quot;: &quot;2022-02-25T16:00:03.162Z&quot;,
                &quot;status&quot;: &quot;SEND&quot;
            },
            {
                &quot;time&quot;: &quot;2022-02-25T16:00:03.193Z&quot;,
                &quot;status&quot;: &quot;DELIVERED&quot;
            },
            {
                &quot;time&quot;: &quot;2022-02-25T16:00:26.743Z&quot;,
                &quot;status&quot;: &quot;PENDING&quot;
            },
            {
                &quot;time&quot;: &quot;2022-02-25T16:00:26.765Z&quot;,
                &quot;status&quot;: &quot;SEND&quot;
            },
            {
                &quot;time&quot;: &quot;2022-02-25T16:00:26.800Z&quot;,
                &quot;status&quot;: &quot;DELIVERED&quot;
            },
            {
                &quot;time&quot;: &quot;2022-02-25T16:00:51.687Z&quot;,
                &quot;status&quot;: &quot;PENDING&quot;
            },
            {
                &quot;time&quot;: &quot;2022-02-25T16:00:51.712Z&quot;,
                &quot;status&quot;: &quot;SEND&quot;
            },
            {
                &quot;time&quot;: &quot;2022-02-25T16:00:51.746Z&quot;,
                &quot;status&quot;: &quot;DELIVERED&quot;
            },
            {
                &quot;time&quot;: &quot;2022-02-25T16:01:29.375Z&quot;,
                &quot;status&quot;: &quot;PENDING&quot;
            },
            {
                &quot;time&quot;: &quot;2022-02-25T16:01:29.398Z&quot;,
                &quot;status&quot;: &quot;SEND&quot;
            },
            {
                &quot;time&quot;: &quot;2022-02-25T16:01:29.435Z&quot;,
                &quot;status&quot;: &quot;DELIVERED&quot;
            },
            {
                &quot;time&quot;: &quot;2022-02-25T16:01:52.649Z&quot;,
                &quot;status&quot;: &quot;PENDING&quot;
            },
            {
                &quot;time&quot;: &quot;2022-02-25T16:01:52.672Z&quot;,
                &quot;status&quot;: &quot;SEND&quot;
            },
            {
                &quot;time&quot;: &quot;2022-02-25T16:01:52.707Z&quot;,
                &quot;status&quot;: &quot;DELIVERED&quot;
            },
            {
                &quot;time&quot;: &quot;2022-02-25T16:02:18.471Z&quot;,
                &quot;status&quot;: &quot;PENDING&quot;
            },
            {
                &quot;time&quot;: &quot;2022-02-25T16:02:18.497Z&quot;,
                &quot;status&quot;: &quot;SEND&quot;
            },
            {
                &quot;time&quot;: &quot;2022-02-25T16:02:18.531Z&quot;,
                &quot;status&quot;: &quot;DELIVERED&quot;
            },
            {
                &quot;time&quot;: &quot;2022-02-25T16:18:08.774Z&quot;,
                &quot;status&quot;: &quot;PENDING&quot;
            },
            {
                &quot;time&quot;: &quot;2022-02-25T16:18:08.809Z&quot;,
                &quot;status&quot;: &quot;SEND&quot;
            },
            {
                &quot;time&quot;: &quot;2022-02-25T16:18:08.844Z&quot;,
                &quot;status&quot;: &quot;DELIVERED&quot;
            },
            {
                &quot;time&quot;: &quot;2022-02-25T16:20:48.789Z&quot;,
                &quot;status&quot;: &quot;PENDING&quot;
            },
            {
                &quot;time&quot;: &quot;2022-02-25T16:20:48.814Z&quot;,
                &quot;status&quot;: &quot;SEND&quot;
            },
            {
                &quot;time&quot;: &quot;2022-02-25T16:20:48.848Z&quot;,
                &quot;status&quot;: &quot;DELIVERED&quot;
            },
            {
                &quot;time&quot;: &quot;2022-02-25T16:21:12.421Z&quot;,
                &quot;status&quot;: &quot;PENDING&quot;
            },
            {
                &quot;time&quot;: &quot;2022-02-25T16:21:12.447Z&quot;,
                &quot;status&quot;: &quot;SEND&quot;
            },
            {
                &quot;time&quot;: &quot;2022-02-25T16:21:12.483Z&quot;,
                &quot;status&quot;: &quot;DELIVERED&quot;
            },
            {
                &quot;time&quot;: &quot;2022-02-25T16:23:50.786Z&quot;,
                &quot;status&quot;: &quot;PENDING&quot;
            },
            {
                &quot;time&quot;: &quot;2022-02-25T16:23:50.811Z&quot;,
                &quot;status&quot;: &quot;SEND&quot;
            }
        ],
        &quot;status&quot;: &quot;DELIVERED&quot;
    },
    &quot;creationTime&quot;: &quot;2022-02-25T15:47:06.397Z&quot;,
    &quot;deviceId&quot;: &quot;14656331&quot;,
    &quot;deviceName&quot;: &quot;mythic_beasts_pi_all_jobs_sag&quot;,
    &quot;self&quot;: &quot;https://t493319102.eu-latest.cumulocity.com/devicecontrol/operations/14656720&quot;,
    &quot;id&quot;: &quot;14656720&quot;,
    &quot;status&quot;: &quot;PENDING&quot;,
    &quot;c8y_LogfileRequest&quot;: {
        &quot;searchText&quot;: &quot;&quot;,
        &quot;logFile&quot;: &quot;software-management&quot;,
        &quot;dateTo&quot;: &quot;2021-11-21T18:55:49+0530&quot;,
        &quot;dateFrom&quot;: &quot;2021-11-15T18:55:49+0530&quot;,
        &quot;maximumLines&quot;: 300
    },
    &quot;description&quot;: &quot;Log file request&quot;
}
16:26:01 DEBUG Final URL of the request: https://thin-edge-io.eu-latest.cumulocity.com/devicecontrol/operations?deviceId=14656331&amp;pageSize=1&amp;revert=true&amp;dateFrom=1970-01-01T00%3A00%3A00.000Z
16:26:01 INFO  State of current operation: PENDING
16:26:01 DEBUG Final URL of the request: https://thin-edge-io.eu-latest.cumulocity.com/devicecontrol/operations?deviceId=14656331&amp;pageSize=1&amp;revert=true&amp;dateFrom=1970-01-01T00%3A00%3A00.000Z
16:26:01 DEBUG State of current operation: {
    &quot;delivery&quot;: {
        &quot;time&quot;: &quot;2022-02-25T16:23:50.846Z&quot;,
        &quot;log&quot;: [
            {
                &quot;time&quot;: &quot;2022-02-25T15:47:06.415Z&quot;,
                &quot;status&quot;: &quot;PENDING&quot;
            },
            {
                &quot;time&quot;: &quot;2022-02-25T15:47:06.422Z&quot;,
                &quot;status&quot;: &quot;SEND&quot;
            },
            {
                &quot;time&quot;: &quot;2022-02-25T15:47:06.459Z&quot;,
                &quot;status&quot;: &quot;DELIVERED&quot;
            },
            {
                &quot;time&quot;: &quot;2022-02-25T15:48:13.784Z&quot;,
                &quot;status&quot;: &quot;PENDING&quot;
            },
            {
                &quot;time&quot;: &quot;2022-02-25T15:48:13.807Z&quot;,
                &quot;status&quot;: &quot;SEND&quot;
            },
            {
                &quot;time&quot;: &quot;2022-02-25T15:48:13.843Z&quot;,
                &quot;status&quot;: &quot;DELIVERED&quot;
            },
            {
                &quot;time&quot;: &quot;2022-02-25T15:49:26.171Z&quot;,
                &quot;status&quot;: &quot;PENDING&quot;
            },
            {
                &quot;time&quot;: &quot;2022-02-25T15:49:26.195Z&quot;,
                &quot;status&quot;: &quot;SEND&quot;
            },
            {
                &quot;time&quot;: &quot;2022-02-25T15:49:26.231Z&quot;,
                &quot;status&quot;: &quot;DELIVERED&quot;
            },
            {
                &quot;time&quot;: &quot;2022-02-25T15:50:40.517Z&quot;,
                &quot;status&quot;: &quot;PENDING&quot;
            },
            {
                &quot;time&quot;: &quot;2022-02-25T15:50:40.541Z&quot;,
                &quot;status&quot;: &quot;SEND&quot;
            },
            {
                &quot;time&quot;: &quot;2022-02-25T15:50:40.580Z&quot;,
                &quot;status&quot;: &quot;DELIVERED&quot;
            },
            {
                &quot;time&quot;: &quot;2022-02-25T15:51:54.139Z&quot;,
                &quot;status&quot;: &quot;PENDING&quot;
            },
            {
                &quot;time&quot;: &quot;2022-02-25T15:51:54.159Z&quot;,
                &quot;status&quot;: &quot;SEND&quot;
            },
            {
                &quot;time&quot;: &quot;2022-02-25T15:51:54.191Z&quot;,
                &quot;status&quot;: &quot;DELIVERED&quot;
            },
            {
                &quot;time&quot;: &quot;2022-02-25T15:52:34.081Z&quot;,
                &quot;status&quot;: &quot;PENDING&quot;
            },
            {
                &quot;time&quot;: &quot;2022-02-25T15:52:34.101Z&quot;,
                &quot;status&quot;: &quot;SEND&quot;
            },
            {
                &quot;time&quot;: &quot;2022-02-25T15:52:34.134Z&quot;,
                &quot;status&quot;: &quot;DELIVERED&quot;
            },
            {
                &quot;time&quot;: &quot;2022-02-25T15:53:26.503Z&quot;,
                &quot;status&quot;: &quot;PENDING&quot;
            },
            {
                &quot;time&quot;: &quot;2022-02-25T15:53:26.525Z&quot;,
                &quot;status&quot;: &quot;SEND&quot;
            },
            {
                &quot;time&quot;: &quot;2022-02-25T15:53:26.557Z&quot;,
                &quot;status&quot;: &quot;DELIVERED&quot;
            },
            {
                &quot;time&quot;: &quot;2022-02-25T15:54:17.893Z&quot;,
                &quot;status&quot;: &quot;PENDING&quot;
            },
            {
                &quot;time&quot;: &quot;2022-02-25T15:54:17.914Z&quot;,
                &quot;status&quot;: &quot;SEND&quot;
            },
            {
                &quot;time&quot;: &quot;2022-02-25T15:54:17.948Z&quot;,
                &quot;status&quot;: &quot;DELIVERED&quot;
            },
            {
                &quot;time&quot;: &quot;2022-02-25T15:54:59.004Z&quot;,
                &quot;status&quot;: &quot;PENDING&quot;
            },
            {
                &quot;time&quot;: &quot;2022-02-25T15:54:59.029Z&quot;,
                &quot;status&quot;: &quot;SEND&quot;
            },
            {
                &quot;time&quot;: &quot;2022-02-25T15:54:59.061Z&quot;,
                &quot;status&quot;: &quot;DELIVERED&quot;
            },
            {
                &quot;time&quot;: &quot;2022-02-25T15:57:14.375Z&quot;,
                &quot;status&quot;: &quot;PENDING&quot;
            },
            {
                &quot;time&quot;: &quot;2022-02-25T15:57:14.398Z&quot;,
                &quot;status&quot;: &quot;SEND&quot;
            },
            {
                &quot;time&quot;: &quot;2022-02-25T15:57:14.436Z&quot;,
                &quot;status&quot;: &quot;DELIVERED&quot;
            },
            {
                &quot;time&quot;: &quot;2022-02-25T15:59:40.014Z&quot;,
                &quot;status&quot;: &quot;PENDING&quot;
            },
            {
                &quot;time&quot;: &quot;2022-02-25T15:59:40.037Z&quot;,
                &quot;status&quot;: &quot;SEND&quot;
            },
            {
                &quot;time&quot;: &quot;2022-02-25T15:59:40.082Z&quot;,
                &quot;status&quot;: &quot;DELIVERED&quot;
            },
            {
                &quot;time&quot;: &quot;2022-02-25T16:00:03.129Z&quot;,
                &quot;status&quot;: &quot;PENDING&quot;
            },
            {
                &quot;time&quot;: &quot;2022-02-25T16:00:03.162Z&quot;,
                &quot;status&quot;: &quot;SEND&quot;
            },
            {
                &quot;time&quot;: &quot;2022-02-25T16:00:03.193Z&quot;,
                &quot;status&quot;: &quot;DELIVERED&quot;
            },
            {
                &quot;time&quot;: &quot;2022-02-25T16:00:26.743Z&quot;,
                &quot;status&quot;: &quot;PENDING&quot;
            },
            {
                &quot;time&quot;: &quot;2022-02-25T16:00:26.765Z&quot;,
                &quot;status&quot;: &quot;SEND&quot;
            },
            {
                &quot;time&quot;: &quot;2022-02-25T16:00:26.800Z&quot;,
                &quot;status&quot;: &quot;DELIVERED&quot;
            },
            {
                &quot;time&quot;: &quot;2022-02-25T16:00:51.687Z&quot;,
                &quot;status&quot;: &quot;PENDING&quot;
            },
            {
                &quot;time&quot;: &quot;2022-02-25T16:00:51.712Z&quot;,
                &quot;status&quot;: &quot;SEND&quot;
            },
            {
                &quot;time&quot;: &quot;2022-02-25T16:00:51.746Z&quot;,
                &quot;status&quot;: &quot;DELIVERED&quot;
            },
            {
                &quot;time&quot;: &quot;2022-02-25T16:01:29.375Z&quot;,
                &quot;status&quot;: &quot;PENDING&quot;
            },
            {
                &quot;time&quot;: &quot;2022-02-25T16:01:29.398Z&quot;,
                &quot;status&quot;: &quot;SEND&quot;
            },
            {
                &quot;time&quot;: &quot;2022-02-25T16:01:29.435Z&quot;,
                &quot;status&quot;: &quot;DELIVERED&quot;
            },
            {
                &quot;time&quot;: &quot;2022-02-25T16:01:52.649Z&quot;,
                &quot;status&quot;: &quot;PENDING&quot;
            },
            {
                &quot;time&quot;: &quot;2022-02-25T16:01:52.672Z&quot;,
                &quot;status&quot;: &quot;SEND&quot;
            },
            {
                &quot;time&quot;: &quot;2022-02-25T16:01:52.707Z&quot;,
                &quot;status&quot;: &quot;DELIVERED&quot;
            },
            {
                &quot;time&quot;: &quot;2022-02-25T16:02:18.471Z&quot;,
                &quot;status&quot;: &quot;PENDING&quot;
            },
            {
                &quot;time&quot;: &quot;2022-02-25T16:02:18.497Z&quot;,
                &quot;status&quot;: &quot;SEND&quot;
            },
            {
                &quot;time&quot;: &quot;2022-02-25T16:02:18.531Z&quot;,
                &quot;status&quot;: &quot;DELIVERED&quot;
            },
            {
                &quot;time&quot;: &quot;2022-02-25T16:18:08.774Z&quot;,
                &quot;status&quot;: &quot;PENDING&quot;
            },
            {
                &quot;time&quot;: &quot;2022-02-25T16:18:08.809Z&quot;,
                &quot;status&quot;: &quot;SEND&quot;
            },
            {
                &quot;time&quot;: &quot;2022-02-25T16:18:08.844Z&quot;,
                &quot;status&quot;: &quot;DELIVERED&quot;
            },
            {
                &quot;time&quot;: &quot;2022-02-25T16:20:48.789Z&quot;,
                &quot;status&quot;: &quot;PENDING&quot;
            },
            {
                &quot;time&quot;: &quot;2022-02-25T16:20:48.814Z&quot;,
                &quot;status&quot;: &quot;SEND&quot;
            },
            {
                &quot;time&quot;: &quot;2022-02-25T16:20:48.848Z&quot;,
                &quot;status&quot;: &quot;DELIVERED&quot;
            },
            {
                &quot;time&quot;: &quot;2022-02-25T16:21:12.421Z&quot;,
                &quot;status&quot;: &quot;PENDING&quot;
            },
            {
                &quot;time&quot;: &quot;2022-02-25T16:21:12.447Z&quot;,
                &quot;status&quot;: &quot;SEND&quot;
            },
            {
                &quot;time&quot;: &quot;2022-02-25T16:21:12.483Z&quot;,
                &quot;status&quot;: &quot;DELIVERED&quot;
            },
            {
                &quot;time&quot;: &quot;2022-02-25T16:23:50.786Z&quot;,
                &quot;status&quot;: &quot;PENDING&quot;
            },
            {
                &quot;time&quot;: &quot;2022-02-25T16:23:50.811Z&quot;,
                &quot;status&quot;: &quot;SEND&quot;
            }
        ],
        &quot;status&quot;: &quot;DELIVERED&quot;
    },
    &quot;creationTime&quot;: &quot;2022-02-25T15:47:06.397Z&quot;,
    &quot;deviceId&quot;: &quot;14656331&quot;,
    &quot;deviceName&quot;: &quot;mythic_beasts_pi_all_jobs_sag&quot;,
    &quot;self&quot;: &quot;https://t493319102.eu-latest.cumulocity.com/devicecontrol/operations/14656720&quot;,
    &quot;id&quot;: &quot;14656720&quot;,
    &quot;status&quot;: &quot;PENDING&quot;,
    &quot;c8y_LogfileRequest&quot;: {
        &quot;searchText&quot;: &quot;&quot;,
        &quot;logFile&quot;: &quot;software-management&quot;,
        &quot;dateTo&quot;: &quot;2021-11-21T18:55:49+0530&quot;,
        &quot;dateFrom&quot;: &quot;2021-11-15T18:55:49+0530&quot;,
        &quot;maximumLines&quot;: 300
    },
    &quot;description&quot;: &quot;Log file request&quot;
}
16:26:03 DEBUG Final URL of the request: https://thin-edge-io.eu-latest.cumulocity.com/devicecontrol/operations?deviceId=14656331&amp;pageSize=1&amp;revert=true&amp;dateFrom=1970-01-01T00%3A00%3A00.000Z
16:26:03 INFO  State of current operation: PENDING
16:26:03 DEBUG Final URL of the request: https://thin-edge-io.eu-latest.cumulocity.com/devicecontrol/operations?deviceId=14656331&amp;pageSize=1&amp;revert=true&amp;dateFrom=1970-01-01T00%3A00%3A00.000Z
16:26:03 DEBUG State of current operation: {
    &quot;delivery&quot;: {
        &quot;time&quot;: &quot;2022-02-25T16:23:50.846Z&quot;,
        &quot;log&quot;: [
            {
                &quot;time&quot;: &quot;2022-02-25T15:47:06.415Z&quot;,
                &quot;status&quot;: &quot;PENDING&quot;
            },
            {
                &quot;time&quot;: &quot;2022-02-25T15:47:06.422Z&quot;,
                &quot;status&quot;: &quot;SEND&quot;
            },
            {
                &quot;time&quot;: &quot;2022-02-25T15:47:06.459Z&quot;,
                &quot;status&quot;: &quot;DELIVERED&quot;
            },
            {
                &quot;time&quot;: &quot;2022-02-25T15:48:13.784Z&quot;,
                &quot;status&quot;: &quot;PENDING&quot;
            },
            {
                &quot;time&quot;: &quot;2022-02-25T15:48:13.807Z&quot;,
                &quot;status&quot;: &quot;SEND&quot;
            },
            {
                &quot;time&quot;: &quot;2022-02-25T15:48:13.843Z&quot;,
                &quot;status&quot;: &quot;DELIVERED&quot;
            },
            {
                &quot;time&quot;: &quot;2022-02-25T15:49:26.171Z&quot;,
                &quot;status&quot;: &quot;PENDING&quot;
            },
            {
                &quot;time&quot;: &quot;2022-02-25T15:49:26.195Z&quot;,
                &quot;status&quot;: &quot;SEND&quot;
            },
            {
                &quot;time&quot;: &quot;2022-02-25T15:49:26.231Z&quot;,
                &quot;status&quot;: &quot;DELIVERED&quot;
            },
            {
                &quot;time&quot;: &quot;2022-02-25T15:50:40.517Z&quot;,
                &quot;status&quot;: &quot;PENDING&quot;
            },
            {
                &quot;time&quot;: &quot;2022-02-25T15:50:40.541Z&quot;,
                &quot;status&quot;: &quot;SEND&quot;
            },
            {
                &quot;time&quot;: &quot;2022-02-25T15:50:40.580Z&quot;,
                &quot;status&quot;: &quot;DELIVERED&quot;
            },
            {
                &quot;time&quot;: &quot;2022-02-25T15:51:54.139Z&quot;,
                &quot;status&quot;: &quot;PENDING&quot;
            },
            {
                &quot;time&quot;: &quot;2022-02-25T15:51:54.159Z&quot;,
                &quot;status&quot;: &quot;SEND&quot;
            },
            {
                &quot;time&quot;: &quot;2022-02-25T15:51:54.191Z&quot;,
                &quot;status&quot;: &quot;DELIVERED&quot;
            },
            {
                &quot;time&quot;: &quot;2022-02-25T15:52:34.081Z&quot;,
                &quot;status&quot;: &quot;PENDING&quot;
            },
            {
                &quot;time&quot;: &quot;2022-02-25T15:52:34.101Z&quot;,
                &quot;status&quot;: &quot;SEND&quot;
            },
            {
                &quot;time&quot;: &quot;2022-02-25T15:52:34.134Z&quot;,
                &quot;status&quot;: &quot;DELIVERED&quot;
            },
            {
                &quot;time&quot;: &quot;2022-02-25T15:53:26.503Z&quot;,
                &quot;status&quot;: &quot;PENDING&quot;
            },
            {
                &quot;time&quot;: &quot;2022-02-25T15:53:26.525Z&quot;,
                &quot;status&quot;: &quot;SEND&quot;
            },
            {
                &quot;time&quot;: &quot;2022-02-25T15:53:26.557Z&quot;,
                &quot;status&quot;: &quot;DELIVERED&quot;
            },
            {
                &quot;time&quot;: &quot;2022-02-25T15:54:17.893Z&quot;,
                &quot;status&quot;: &quot;PENDING&quot;
            },
            {
                &quot;time&quot;: &quot;2022-02-25T15:54:17.914Z&quot;,
                &quot;status&quot;: &quot;SEND&quot;
            },
            {
                &quot;time&quot;: &quot;2022-02-25T15:54:17.948Z&quot;,
                &quot;status&quot;: &quot;DELIVERED&quot;
            },
            {
                &quot;time&quot;: &quot;2022-02-25T15:54:59.004Z&quot;,
                &quot;status&quot;: &quot;PENDING&quot;
            },
            {
                &quot;time&quot;: &quot;2022-02-25T15:54:59.029Z&quot;,
                &quot;status&quot;: &quot;SEND&quot;
            },
            {
                &quot;time&quot;: &quot;2022-02-25T15:54:59.061Z&quot;,
                &quot;status&quot;: &quot;DELIVERED&quot;
            },
            {
                &quot;time&quot;: &quot;2022-02-25T15:57:14.375Z&quot;,
                &quot;status&quot;: &quot;PENDING&quot;
            },
            {
                &quot;time&quot;: &quot;2022-02-25T15:57:14.398Z&quot;,
                &quot;status&quot;: &quot;SEND&quot;
            },
            {
                &quot;time&quot;: &quot;2022-02-25T15:57:14.436Z&quot;,
                &quot;status&quot;: &quot;DELIVERED&quot;
            },
            {
                &quot;time&quot;: &quot;2022-02-25T15:59:40.014Z&quot;,
                &quot;status&quot;: &quot;PENDING&quot;
            },
            {
                &quot;time&quot;: &quot;2022-02-25T15:59:40.037Z&quot;,
                &quot;status&quot;: &quot;SEND&quot;
            },
            {
                &quot;time&quot;: &quot;2022-02-25T15:59:40.082Z&quot;,
                &quot;status&quot;: &quot;DELIVERED&quot;
            },
            {
                &quot;time&quot;: &quot;2022-02-25T16:00:03.129Z&quot;,
                &quot;status&quot;: &quot;PENDING&quot;
            },
            {
                &quot;time&quot;: &quot;2022-02-25T16:00:03.162Z&quot;,
                &quot;status&quot;: &quot;SEND&quot;
            },
            {
                &quot;time&quot;: &quot;2022-02-25T16:00:03.193Z&quot;,
                &quot;status&quot;: &quot;DELIVERED&quot;
            },
            {
                &quot;time&quot;: &quot;2022-02-25T16:00:26.743Z&quot;,
                &quot;status&quot;: &quot;PENDING&quot;
            },
            {
                &quot;time&quot;: &quot;2022-02-25T16:00:26.765Z&quot;,
                &quot;status&quot;: &quot;SEND&quot;
            },
            {
                &quot;time&quot;: &quot;2022-02-25T16:00:26.800Z&quot;,
                &quot;status&quot;: &quot;DELIVERED&quot;
            },
            {
                &quot;time&quot;: &quot;2022-02-25T16:00:51.687Z&quot;,
                &quot;status&quot;: &quot;PENDING&quot;
            },
            {
                &quot;time&quot;: &quot;2022-02-25T16:00:51.712Z&quot;,
                &quot;status&quot;: &quot;SEND&quot;
            },
            {
                &quot;time&quot;: &quot;2022-02-25T16:00:51.746Z&quot;,
                &quot;status&quot;: &quot;DELIVERED&quot;
            },
            {
                &quot;time&quot;: &quot;2022-02-25T16:01:29.375Z&quot;,
                &quot;status&quot;: &quot;PENDING&quot;
            },
            {
                &quot;time&quot;: &quot;2022-02-25T16:01:29.398Z&quot;,
                &quot;status&quot;: &quot;SEND&quot;
            },
            {
                &quot;time&quot;: &quot;2022-02-25T16:01:29.435Z&quot;,
                &quot;status&quot;: &quot;DELIVERED&quot;
            },
            {
                &quot;time&quot;: &quot;2022-02-25T16:01:52.649Z&quot;,
                &quot;status&quot;: &quot;PENDING&quot;
            },
            {
                &quot;time&quot;: &quot;2022-02-25T16:01:52.672Z&quot;,
                &quot;status&quot;: &quot;SEND&quot;
            },
            {
                &quot;time&quot;: &quot;2022-02-25T16:01:52.707Z&quot;,
                &quot;status&quot;: &quot;DELIVERED&quot;
            },
            {
                &quot;time&quot;: &quot;2022-02-25T16:02:18.471Z&quot;,
                &quot;status&quot;: &quot;PENDING&quot;
            },
            {
                &quot;time&quot;: &quot;2022-02-25T16:02:18.497Z&quot;,
                &quot;status&quot;: &quot;SEND&quot;
            },
            {
                &quot;time&quot;: &quot;2022-02-25T16:02:18.531Z&quot;,
                &quot;status&quot;: &quot;DELIVERED&quot;
            },
            {
                &quot;time&quot;: &quot;2022-02-25T16:18:08.774Z&quot;,
                &quot;status&quot;: &quot;PENDING&quot;
            },
            {
                &quot;time&quot;: &quot;2022-02-25T16:18:08.809Z&quot;,
                &quot;status&quot;: &quot;SEND&quot;
            },
            {
                &quot;time&quot;: &quot;2022-02-25T16:18:08.844Z&quot;,
                &quot;status&quot;: &quot;DELIVERED&quot;
            },
            {
                &quot;time&quot;: &quot;2022-02-25T16:20:48.789Z&quot;,
                &quot;status&quot;: &quot;PENDING&quot;
            },
            {
                &quot;time&quot;: &quot;2022-02-25T16:20:48.814Z&quot;,
                &quot;status&quot;: &quot;SEND&quot;
            },
            {
                &quot;time&quot;: &quot;2022-02-25T16:20:48.848Z&quot;,
                &quot;status&quot;: &quot;DELIVERED&quot;
            },
            {
                &quot;time&quot;: &quot;2022-02-25T16:21:12.421Z&quot;,
                &quot;status&quot;: &quot;PENDING&quot;
            },
            {
                &quot;time&quot;: &quot;2022-02-25T16:21:12.447Z&quot;,
                &quot;status&quot;: &quot;SEND&quot;
            },
            {
                &quot;time&quot;: &quot;2022-02-25T16:21:12.483Z&quot;,
                &quot;status&quot;: &quot;DELIVERED&quot;
            },
            {
                &quot;time&quot;: &quot;2022-02-25T16:23:50.786Z&quot;,
                &quot;status&quot;: &quot;PENDING&quot;
            },
            {
                &quot;time&quot;: &quot;2022-02-25T16:23:50.811Z&quot;,
                &quot;status&quot;: &quot;SEND&quot;
            }
        ],
        &quot;status&quot;: &quot;DELIVERED&quot;
    },
    &quot;creationTime&quot;: &quot;2022-02-25T15:47:06.397Z&quot;,
    &quot;deviceId&quot;: &quot;14656331&quot;,
    &quot;deviceName&quot;: &quot;mythic_beasts_pi_all_jobs_sag&quot;,
    &quot;self&quot;: &quot;https://t493319102.eu-latest.cumulocity.com/devicecontrol/operations/14656720&quot;,
    &quot;id&quot;: &quot;14656720&quot;,
    &quot;status&quot;: &quot;PENDING&quot;,
    &quot;c8y_LogfileRequest&quot;: {
        &quot;searchText&quot;: &quot;&quot;,
        &quot;logFile&quot;: &quot;software-management&quot;,
        &quot;dateTo&quot;: &quot;2021-11-21T18:55:49+0530&quot;,
        &quot;dateFrom&quot;: &quot;2021-11-15T18:55:49+0530&quot;,
        &quot;maximumLines&quot;: 300
    },
    &quot;description&quot;: &quot;Log file request&quot;
}
16:26:05 DEBUG Final URL of the request: https://thin-edge-io.eu-latest.cumulocity.com/devicecontrol/operations?deviceId=14656331&amp;pageSize=1&amp;revert=true&amp;dateFrom=1970-01-01T00%3A00%3A00.000Z
16:26:05 INFO  State of current operation: PENDING
16:26:05 DEBUG Final URL of the request: https://thin-edge-io.eu-latest.cumulocity.com/devicecontrol/operations?deviceId=14656331&amp;pageSize=1&amp;revert=true&amp;dateFrom=1970-01-01T00%3A00%3A00.000Z
16:26:05 DEBUG State of current operation: {
    &quot;delivery&quot;: {
        &quot;time&quot;: &quot;2022-02-25T16:23:50.846Z&quot;,
        &quot;log&quot;: [
            {
                &quot;time&quot;: &quot;2022-02-25T15:47:06.415Z&quot;,
                &quot;status&quot;: &quot;PENDING&quot;
            },
            {
                &quot;time&quot;: &quot;2022-02-25T15:47:06.422Z&quot;,
                &quot;status&quot;: &quot;SEND&quot;
            },
            {
                &quot;time&quot;: &quot;2022-02-25T15:47:06.459Z&quot;,
                &quot;status&quot;: &quot;DELIVERED&quot;
            },
            {
                &quot;time&quot;: &quot;2022-02-25T15:48:13.784Z&quot;,
                &quot;status&quot;: &quot;PENDING&quot;
            },
            {
                &quot;time&quot;: &quot;2022-02-25T15:48:13.807Z&quot;,
                &quot;status&quot;: &quot;SEND&quot;
            },
            {
                &quot;time&quot;: &quot;2022-02-25T15:48:13.843Z&quot;,
                &quot;status&quot;: &quot;DELIVERED&quot;
            },
            {
                &quot;time&quot;: &quot;2022-02-25T15:49:26.171Z&quot;,
                &quot;status&quot;: &quot;PENDING&quot;
            },
            {
                &quot;time&quot;: &quot;2022-02-25T15:49:26.195Z&quot;,
                &quot;status&quot;: &quot;SEND&quot;
            },
            {
                &quot;time&quot;: &quot;2022-02-25T15:49:26.231Z&quot;,
                &quot;status&quot;: &quot;DELIVERED&quot;
            },
            {
                &quot;time&quot;: &quot;2022-02-25T15:50:40.517Z&quot;,
                &quot;status&quot;: &quot;PENDING&quot;
            },
            {
                &quot;time&quot;: &quot;2022-02-25T15:50:40.541Z&quot;,
                &quot;status&quot;: &quot;SEND&quot;
            },
            {
                &quot;time&quot;: &quot;2022-02-25T15:50:40.580Z&quot;,
                &quot;status&quot;: &quot;DELIVERED&quot;
            },
            {
                &quot;time&quot;: &quot;2022-02-25T15:51:54.139Z&quot;,
                &quot;status&quot;: &quot;PENDING&quot;
            },
            {
                &quot;time&quot;: &quot;2022-02-25T15:51:54.159Z&quot;,
                &quot;status&quot;: &quot;SEND&quot;
            },
            {
                &quot;time&quot;: &quot;2022-02-25T15:51:54.191Z&quot;,
                &quot;status&quot;: &quot;DELIVERED&quot;
            },
            {
                &quot;time&quot;: &quot;2022-02-25T15:52:34.081Z&quot;,
                &quot;status&quot;: &quot;PENDING&quot;
            },
            {
                &quot;time&quot;: &quot;2022-02-25T15:52:34.101Z&quot;,
                &quot;status&quot;: &quot;SEND&quot;
            },
            {
                &quot;time&quot;: &quot;2022-02-25T15:52:34.134Z&quot;,
                &quot;status&quot;: &quot;DELIVERED&quot;
            },
            {
                &quot;time&quot;: &quot;2022-02-25T15:53:26.503Z&quot;,
                &quot;status&quot;: &quot;PENDING&quot;
            },
            {
                &quot;time&quot;: &quot;2022-02-25T15:53:26.525Z&quot;,
                &quot;status&quot;: &quot;SEND&quot;
            },
            {
                &quot;time&quot;: &quot;2022-02-25T15:53:26.557Z&quot;,
                &quot;status&quot;: &quot;DELIVERED&quot;
            },
            {
                &quot;time&quot;: &quot;2022-02-25T15:54:17.893Z&quot;,
                &quot;status&quot;: &quot;PENDING&quot;
            },
            {
                &quot;time&quot;: &quot;2022-02-25T15:54:17.914Z&quot;,
                &quot;status&quot;: &quot;SEND&quot;
            },
            {
                &quot;time&quot;: &quot;2022-02-25T15:54:17.948Z&quot;,
                &quot;status&quot;: &quot;DELIVERED&quot;
            },
            {
                &quot;time&quot;: &quot;2022-02-25T15:54:59.004Z&quot;,
                &quot;status&quot;: &quot;PENDING&quot;
            },
            {
                &quot;time&quot;: &quot;2022-02-25T15:54:59.029Z&quot;,
                &quot;status&quot;: &quot;SEND&quot;
            },
            {
                &quot;time&quot;: &quot;2022-02-25T15:54:59.061Z&quot;,
                &quot;status&quot;: &quot;DELIVERED&quot;
            },
            {
                &quot;time&quot;: &quot;2022-02-25T15:57:14.375Z&quot;,
                &quot;status&quot;: &quot;PENDING&quot;
            },
            {
                &quot;time&quot;: &quot;2022-02-25T15:57:14.398Z&quot;,
                &quot;status&quot;: &quot;SEND&quot;
            },
            {
                &quot;time&quot;: &quot;2022-02-25T15:57:14.436Z&quot;,
                &quot;status&quot;: &quot;DELIVERED&quot;
            },
            {
                &quot;time&quot;: &quot;2022-02-25T15:59:40.014Z&quot;,
                &quot;status&quot;: &quot;PENDING&quot;
            },
            {
                &quot;time&quot;: &quot;2022-02-25T15:59:40.037Z&quot;,
                &quot;status&quot;: &quot;SEND&quot;
            },
            {
                &quot;time&quot;: &quot;2022-02-25T15:59:40.082Z&quot;,
                &quot;status&quot;: &quot;DELIVERED&quot;
            },
            {
                &quot;time&quot;: &quot;2022-02-25T16:00:03.129Z&quot;,
                &quot;status&quot;: &quot;PENDING&quot;
            },
            {
                &quot;time&quot;: &quot;2022-02-25T16:00:03.162Z&quot;,
                &quot;status&quot;: &quot;SEND&quot;
            },
            {
                &quot;time&quot;: &quot;2022-02-25T16:00:03.193Z&quot;,
                &quot;status&quot;: &quot;DELIVERED&quot;
            },
            {
                &quot;time&quot;: &quot;2022-02-25T16:00:26.743Z&quot;,
                &quot;status&quot;: &quot;PENDING&quot;
            },
            {
                &quot;time&quot;: &quot;2022-02-25T16:00:26.765Z&quot;,
                &quot;status&quot;: &quot;SEND&quot;
            },
            {
                &quot;time&quot;: &quot;2022-02-25T16:00:26.800Z&quot;,
                &quot;status&quot;: &quot;DELIVERED&quot;
            },
            {
                &quot;time&quot;: &quot;2022-02-25T16:00:51.687Z&quot;,
                &quot;status&quot;: &quot;PENDING&quot;
            },
            {
                &quot;time&quot;: &quot;2022-02-25T16:00:51.712Z&quot;,
                &quot;status&quot;: &quot;SEND&quot;
            },
            {
                &quot;time&quot;: &quot;2022-02-25T16:00:51.746Z&quot;,
                &quot;status&quot;: &quot;DELIVERED&quot;
            },
            {
                &quot;time&quot;: &quot;2022-02-25T16:01:29.375Z&quot;,
                &quot;status&quot;: &quot;PENDING&quot;
            },
            {
                &quot;time&quot;: &quot;2022-02-25T16:01:29.398Z&quot;,
                &quot;status&quot;: &quot;SEND&quot;
            },
            {
                &quot;time&quot;: &quot;2022-02-25T16:01:29.435Z&quot;,
                &quot;status&quot;: &quot;DELIVERED&quot;
            },
            {
                &quot;time&quot;: &quot;2022-02-25T16:01:52.649Z&quot;,
                &quot;status&quot;: &quot;PENDING&quot;
            },
            {
                &quot;time&quot;: &quot;2022-02-25T16:01:52.672Z&quot;,
                &quot;status&quot;: &quot;SEND&quot;
            },
            {
                &quot;time&quot;: &quot;2022-02-25T16:01:52.707Z&quot;,
                &quot;status&quot;: &quot;DELIVERED&quot;
            },
            {
                &quot;time&quot;: &quot;2022-02-25T16:02:18.471Z&quot;,
                &quot;status&quot;: &quot;PENDING&quot;
            },
            {
                &quot;time&quot;: &quot;2022-02-25T16:02:18.497Z&quot;,
                &quot;status&quot;: &quot;SEND&quot;
            },
            {
                &quot;time&quot;: &quot;2022-02-25T16:02:18.531Z&quot;,
                &quot;status&quot;: &quot;DELIVERED&quot;
            },
            {
                &quot;time&quot;: &quot;2022-02-25T16:18:08.774Z&quot;,
                &quot;status&quot;: &quot;PENDING&quot;
            },
            {
                &quot;time&quot;: &quot;2022-02-25T16:18:08.809Z&quot;,
                &quot;status&quot;: &quot;SEND&quot;
            },
            {
                &quot;time&quot;: &quot;2022-02-25T16:18:08.844Z&quot;,
                &quot;status&quot;: &quot;DELIVERED&quot;
            },
            {
                &quot;time&quot;: &quot;2022-02-25T16:20:48.789Z&quot;,
                &quot;status&quot;: &quot;PENDING&quot;
            },
            {
                &quot;time&quot;: &quot;2022-02-25T16:20:48.814Z&quot;,
                &quot;status&quot;: &quot;SEND&quot;
            },
            {
                &quot;time&quot;: &quot;2022-02-25T16:20:48.848Z&quot;,
                &quot;status&quot;: &quot;DELIVERED&quot;
            },
            {
                &quot;time&quot;: &quot;2022-02-25T16:21:12.421Z&quot;,
                &quot;status&quot;: &quot;PENDING&quot;
            },
            {
                &quot;time&quot;: &quot;2022-02-25T16:21:12.447Z&quot;,
                &quot;status&quot;: &quot;SEND&quot;
            },
            {
                &quot;time&quot;: &quot;2022-02-25T16:21:12.483Z&quot;,
                &quot;status&quot;: &quot;DELIVERED&quot;
            },
            {
                &quot;time&quot;: &quot;2022-02-25T16:23:50.786Z&quot;,
                &quot;status&quot;: &quot;PENDING&quot;
            },
            {
                &quot;time&quot;: &quot;2022-02-25T16:23:50.811Z&quot;,
                &quot;status&quot;: &quot;SEND&quot;
            }
        ],
        &quot;status&quot;: &quot;DELIVERED&quot;
    },
    &quot;creationTime&quot;: &quot;2022-02-25T15:47:06.397Z&quot;,
    &quot;deviceId&quot;: &quot;14656331&quot;,
    &quot;deviceName&quot;: &quot;mythic_beasts_pi_all_jobs_sag&quot;,
    &quot;self&quot;: &quot;https://t493319102.eu-latest.cumulocity.com/devicecontrol/operations/14656720&quot;,
    &quot;id&quot;: &quot;14656720&quot;,
    &quot;status&quot;: &quot;PENDING&quot;,
    &quot;c8y_LogfileRequest&quot;: {
        &quot;searchText&quot;: &quot;&quot;,
        &quot;logFile&quot;: &quot;software-management&quot;,
        &quot;dateTo&quot;: &quot;2021-11-21T18:55:49+0530&quot;,
        &quot;dateFrom&quot;: &quot;2021-11-15T18:55:49+0530&quot;,
        &quot;maximumLines&quot;: 300
    },
    &quot;description&quot;: &quot;Log file request&quot;
}
16:26:07 WARN  caught &lt;class 'SystemError'&gt; while running test: Timeout while waiting for status FAILED or SUCCESSFUL
Traceback (most recent call last):
  File &quot;/home/pi/env-pysys/lib/python3.7/site-packages/pysys/baserunner.py&quot;, line 1207, in __call__
    self.testObj.setup()
  File &quot;/home/pi/actions-runner/_work/thin-edge.io/thin-edge.io/tests/PySys/software_management_end_to_end/sm_apt_install_remove/run.py&quot;, line 27, in setup
    super().setup()
  File &quot;/home/pi/actions-runner/_work/thin-edge.io/thin-edge.io/tests/PySys/software_management_end_to_end/environment_sm_management.py&quot;, line 150, in setup
    self.wait_until_end()
  File &quot;/home/pi/actions-runner/_work/thin-edge.io/thin-edge.io/tests/PySys/software_management_end_to_end/environment_sm_management.py&quot;, line 332, in wait_until_end
    self.wait_until_status(&quot;FAILED&quot;, &quot;SUCCESSFUL&quot;)
  File &quot;/home/pi/actions-runner/_work/thin-edge.io/thin-edge.io/tests/PySys/software_management_end_to_end/environment_sm_management.py&quot;, line 378, in wait_until_status
    status, status2)
SystemError: Timeout while waiting for status FAILED or SUCCESSFUL
16:26:07 WARN  SystemError: Timeout while waiting for status FAILED or SUCCESSFUL ... blocked 
16:26:07 DEBUG --- test cleanup
16:26:07 INFO  
16:26:07 INFO  cleanup:
16:26:07 DEBUG Running registered cleanup function: &lt;bound method SoftwareManagement.mysmcleanup of &lt;PySysTest object at 0x75c89390&gt;&gt;
16:26:07 DEBUG Running registered cleanup function: &lt;bound method EnvironmentC8y.myenvcleanup of &lt;PySysTest object at 0x75c89390&gt;&gt;
16:26:07 DEBUG EnvironmentC8y Cleanup
16:26:07 DEBUG Process parameters for sudo&lt;tedge_disconnect_c8y&gt;
  command line : /usr/bin/sudo /usr/bin/tedge disconnect c8y
    arg #1     : /usr/bin/tedge
    arg #2     : disconnect
    arg #3     : c8y
  working dir  : /home/pi/actions-runner/_work/thin-edge.io/thin-edge.io/tests/PySys/software_management_end_to_end/sm_apt_install_remove/Output/linux
  stdout       : /home/pi/actions-runner/_work/thin-edge.io/thin-edge.io/tests/PySys/software_management_end_to_end/sm_apt_install_remove/Output/linux/tedge_disconnect_c8y.out
  stderr       : /home/pi/actions-runner/_work/thin-edge.io/thin-edge.io/tests/PySys/software_management_end_to_end/sm_apt_install_remove/Output/linux/tedge_disconnect_c8y.err
  environment  : LD_LIBRARY_PATH=/usr/lib
  environment  : PATH=/bin:/usr/bin:/usr/sbin:/usr/local/bin
                   #1  /bin
                   #2  /usr/bin
                   #3  /usr/sbin
                   #4  /usr/local/bin
16:26:07 DEBUG Waiting up to 600 secs for process sudo&lt;tedge_disconnect_c8y&gt; (pid 7013)
16:26:09 INFO  Executed sudo&lt;tedge_disconnect_c8y&gt;, exit status 0
16:26:09 DEBUG Process parameters for systemctl&lt;serv_mapper5&gt;
  command line : /usr/bin/systemctl status tedge-mapper-c8y
    arg #1     : status
    arg #2     : tedge-mapper-c8y
  working dir  : /home/pi/actions-runner/_work/thin-edge.io/thin-edge.io/tests/PySys/software_management_end_to_end/sm_apt_install_remove/Output/linux
  stdout       : /home/pi/actions-runner/_work/thin-edge.io/thin-edge.io/tests/PySys/software_management_end_to_end/sm_apt_install_remove/Output/linux/serv_mapper5.out
  stderr       : /home/pi/actions-runner/_work/thin-edge.io/thin-edge.io/tests/PySys/software_management_end_to_end/sm_apt_install_remove/Output/linux/serv_mapper5.err
  environment  : LD_LIBRARY_PATH=/usr/lib
  environment  : PATH=/bin:/usr/bin:/usr/sbin:/usr/local/bin
                   #1  /bin
                   #2  /usr/bin
                   #3  /usr/sbin
                   #4  /usr/local/bin
16:26:09 DEBUG Waiting up to 600 secs for process systemctl&lt;serv_mapper5&gt; (pid 7050)
16:26:10 INFO  Executed systemctl&lt;serv_mapper5&gt;, exit status 3
16:26:10 DEBUG ProcessUser cleanup function done.
16:26:10 INFO  
16:26:10 INFO  Test duration: 157.97 secs
16:26:10 INFO  Test final outcome:  BLOCKED
16:26:10 INFO  Test outcome reason: SystemError: Timeout while waiting for status FAILED or SUCCESSFUL
16:26:10 INFO  
</system-out>
	</testcase>
</testsuite>
