<?xml version="1.0" encoding="utf-8"?>
<testsuite failures="1" name="SoftwareManagement.Plugin.apama_plugin_mon_support" skipped="0" tests="1" time="7.83" timestamp="2022-03-29T17:22:41">
	<testcase classname="ApamaPluginMonSupportTest" name="SoftwareManagement.Plugin.apama_plugin_mon_support">
		<failure message="BLOCKED: sudo&lt;remove_apama_project&gt; returned non-zero exit code 1 (+1 other failures)" type="BLOCKED"/>
		<system-out>17:22:34 INFO  ==============================================================
17:22:34 INFO  Id:    SoftwareManagement.Plugin.apama_plugin_mon_support
17:22:34 INFO  Dir:   plugin_apama/
17:22:34 INFO  Title: Validate mon file support of apama plugin
17:22:34 DEBUG Execution order hint: 0.0
17:22:34 INFO  ==============================================================
17:22:34 INFO  Assertion that path exists=False for &quot;/etc/tedge/apama/project&quot; ... passed
17:22:34 DEBUG Process parameters for sudo&lt;create_project_dir&gt;
  command line : /usr/bin/sudo mkdir -p /etc/tedge/apama
    arg #1     : mkdir
    arg #2     : -p
    arg #3     : /etc/tedge/apama
  working dir  : /home/pi/actions-runner/_work/thin-edge.io/thin-edge.io/tests/PySys/plugin_apama/apama_plugin_mon_support/Output/linux
  stdout       : /home/pi/actions-runner/_work/thin-edge.io/thin-edge.io/tests/PySys/plugin_apama/apama_plugin_mon_support/Output/linux/create_project_dir.out
  stderr       : /home/pi/actions-runner/_work/thin-edge.io/thin-edge.io/tests/PySys/plugin_apama/apama_plugin_mon_support/Output/linux/create_project_dir.err
  environment  : LD_LIBRARY_PATH=/usr/lib
  environment  : PATH=/bin:/usr/bin:/usr/sbin:/usr/local/bin
                   #1  /bin
                   #2  /usr/bin
                   #3  /usr/sbin
                   #4  /usr/local/bin
17:22:34 DEBUG Waiting up to 600 secs for process sudo&lt;create_project_dir&gt; (pid 24897)
17:22:34 INFO  Executed sudo&lt;create_project_dir&gt;, exit status 0
17:22:34 DEBUG Process parameters for sudo&lt;unzip_apama_project&gt;
  command line : /usr/bin/sudo unzip /home/pi/actions-runner/_work/thin-edge.io/thin-edge.io/tests/PySys/plugin_apama/Input/quickstart.zip -d /tmp/tedge_apama_project
    arg #1     : unzip
    arg #2     : /home/pi/actions-runner/_work/thin-edge.io/thin-edge.io/tests/PySys/plugin_apama/Input/quickstart.zip
    arg #3     : -d
    arg #4     : /tmp/tedge_apama_project
  working dir  : /home/pi/actions-runner/_work/thin-edge.io/thin-edge.io/tests/PySys/plugin_apama/apama_plugin_mon_support/Output/linux
  stdout       : /home/pi/actions-runner/_work/thin-edge.io/thin-edge.io/tests/PySys/plugin_apama/apama_plugin_mon_support/Output/linux/unzip_apama_project.out
  stderr       : /home/pi/actions-runner/_work/thin-edge.io/thin-edge.io/tests/PySys/plugin_apama/apama_plugin_mon_support/Output/linux/unzip_apama_project.err
  environment  : LD_LIBRARY_PATH=/usr/lib
  environment  : PATH=/bin:/usr/bin:/usr/sbin:/usr/local/bin
                   #1  /bin
                   #2  /usr/bin
                   #3  /usr/sbin
                   #4  /usr/local/bin
17:22:34 DEBUG Waiting up to 600 secs for process sudo&lt;unzip_apama_project&gt; (pid 24899)
17:22:34 INFO  Executed sudo&lt;unzip_apama_project&gt;, exit status 0
17:22:34 DEBUG Process parameters for sudo&lt;move_apama_project&gt;
  command line : /usr/bin/sudo mv /tmp/tedge_apama_project/project /etc/tedge/apama/project
    arg #1     : mv
    arg #2     : /tmp/tedge_apama_project/project
    arg #3     : /etc/tedge/apama/project
  working dir  : /home/pi/actions-runner/_work/thin-edge.io/thin-edge.io/tests/PySys/plugin_apama/apama_plugin_mon_support/Output/linux
  stdout       : /home/pi/actions-runner/_work/thin-edge.io/thin-edge.io/tests/PySys/plugin_apama/apama_plugin_mon_support/Output/linux/move_apama_project.out
  stderr       : /home/pi/actions-runner/_work/thin-edge.io/thin-edge.io/tests/PySys/plugin_apama/apama_plugin_mon_support/Output/linux/move_apama_project.err
  environment  : LD_LIBRARY_PATH=/usr/lib
  environment  : PATH=/bin:/usr/bin:/usr/sbin:/usr/local/bin
                   #1  /bin
                   #2  /usr/bin
                   #3  /usr/sbin
                   #4  /usr/local/bin
17:22:34 DEBUG Waiting up to 600 secs for process sudo&lt;move_apama_project&gt; (pid 24901)
17:22:35 INFO  Executed sudo&lt;move_apama_project&gt;, exit status 0
17:22:35 DEBUG Process parameters for sudo&lt;restart_apama_service&gt;
  command line : /usr/bin/sudo service apama restart
    arg #1     : service
    arg #2     : apama
    arg #3     : restart
  working dir  : /home/pi/actions-runner/_work/thin-edge.io/thin-edge.io/tests/PySys/plugin_apama/apama_plugin_mon_support/Output/linux
  stdout       : /home/pi/actions-runner/_work/thin-edge.io/thin-edge.io/tests/PySys/plugin_apama/apama_plugin_mon_support/Output/linux/restart_apama_service.out
  stderr       : /home/pi/actions-runner/_work/thin-edge.io/thin-edge.io/tests/PySys/plugin_apama/apama_plugin_mon_support/Output/linux/restart_apama_service.err
  environment  : LD_LIBRARY_PATH=/usr/lib
  environment  : PATH=/bin:/usr/bin:/usr/sbin:/usr/local/bin
                   #1  /bin
                   #2  /usr/bin
                   #3  /usr/sbin
                   #4  /usr/local/bin
17:22:35 DEBUG Waiting up to 600 secs for process sudo&lt;restart_apama_service&gt; (pid 24903)
17:22:35 INFO  Executed sudo&lt;restart_apama_service&gt;, exit status 0
17:22:35 DEBUG Process parameters for sudo&lt;apama_correlator_wait&gt;
  command line : /usr/bin/sudo /opt/softwareag/Apama/bin/apama_env component_management --port 15903 --waitFor 5
    arg #1     : /opt/softwareag/Apama/bin/apama_env
    arg #2     : component_management
    arg #3     : --port
    arg #4     : 15903
    arg #5     : --waitFor
    arg #6     : 5
  working dir  : /home/pi/actions-runner/_work/thin-edge.io/thin-edge.io/tests/PySys/plugin_apama/apama_plugin_mon_support/Output/linux
  stdout       : /home/pi/actions-runner/_work/thin-edge.io/thin-edge.io/tests/PySys/plugin_apama/apama_plugin_mon_support/Output/linux/apama_correlator_wait.out
  stderr       : /home/pi/actions-runner/_work/thin-edge.io/thin-edge.io/tests/PySys/plugin_apama/apama_plugin_mon_support/Output/linux/apama_correlator_wait.err
  environment  : LD_LIBRARY_PATH=/usr/lib
  environment  : PATH=/bin:/usr/bin:/usr/sbin:/usr/local/bin
                   #1  /bin
                   #2  /usr/bin
                   #3  /usr/sbin
                   #4  /usr/local/bin
17:22:35 DEBUG Waiting up to 600 secs for process sudo&lt;apama_correlator_wait&gt; (pid 24923)
17:22:36 INFO  Executed sudo&lt;apama_correlator_wait&gt;, exit status 0
17:22:36 DEBUG Process parameters for sudo&lt;apama_list_monitors&gt;
  command line : /usr/bin/sudo /opt/softwareag/Apama/bin/apama_env engine_inspect -m -r
    arg #1     : /opt/softwareag/Apama/bin/apama_env
    arg #2     : engine_inspect
    arg #3     : -m
    arg #4     : -r
  working dir  : /home/pi/actions-runner/_work/thin-edge.io/thin-edge.io/tests/PySys/plugin_apama/apama_plugin_mon_support/Output/linux
  stdout       : /home/pi/actions-runner/_work/thin-edge.io/thin-edge.io/tests/PySys/plugin_apama/apama_plugin_mon_support/Output/linux/apama_list_monitors.out
  stderr       : /home/pi/actions-runner/_work/thin-edge.io/thin-edge.io/tests/PySys/plugin_apama/apama_plugin_mon_support/Output/linux/apama_list_monitors.err
  environment  : LD_LIBRARY_PATH=/usr/lib
  environment  : PATH=/bin:/usr/bin:/usr/sbin:/usr/local/bin
                   #1  /bin
                   #2  /usr/bin
                   #3  /usr/sbin
                   #4  /usr/local/bin
17:22:36 DEBUG Waiting up to 600 secs for process sudo&lt;apama_list_monitors&gt; (pid 24962)
17:22:36 INFO  Executed sudo&lt;apama_list_monitors&gt;, exit status 0
17:22:36 DEBUG Performing regex contains=False grep on file: /home/pi/actions-runner/_work/thin-edge.io/thin-edge.io/tests/PySys/plugin_apama/apama_plugin_mon_support/Output/linux/apama_list_monitors.out
17:22:36 INFO  Grep on file /home/pi/actions-runner/_work/thin-edge.io/thin-edge.io/tests/PySys/plugin_apama/apama_plugin_mon_support/Output/linux/apama_list_monitors.out ... passed
17:22:36 DEBUG --- test execute
17:22:36 DEBUG Process parameters for sudo&lt;plugin_list_before_install&gt;
  command line : /usr/bin/sudo /etc/tedge/sm-plugins/apama list
    arg #1     : /etc/tedge/sm-plugins/apama
    arg #2     : list
  working dir  : /home/pi/actions-runner/_work/thin-edge.io/thin-edge.io/tests/PySys/plugin_apama/apama_plugin_mon_support/Output/linux
  stdout       : /home/pi/actions-runner/_work/thin-edge.io/thin-edge.io/tests/PySys/plugin_apama/apama_plugin_mon_support/Output/linux/plugin_list_before_install.out
  stderr       : /home/pi/actions-runner/_work/thin-edge.io/thin-edge.io/tests/PySys/plugin_apama/apama_plugin_mon_support/Output/linux/plugin_list_before_install.err
  environment  : LD_LIBRARY_PATH=/usr/lib
  environment  : PATH=/bin:/usr/bin:/usr/sbin:/usr/local/bin
                   #1  /bin
                   #2  /usr/bin
                   #3  /usr/sbin
                   #4  /usr/local/bin
17:22:36 DEBUG Waiting up to 600 secs for process sudo&lt;plugin_list_before_install&gt; (pid 24984)
17:22:37 INFO  Executed sudo&lt;plugin_list_before_install&gt;, exit status 0
17:22:37 DEBUG Process parameters for sudo&lt;plugin_install&gt;
  command line : /usr/bin/sudo /etc/tedge/sm-plugins/apama install TedgeTestMonitor::mon --file /home/pi/actions-runner/_work/thin-edge.io/thin-edge.io/tests/PySys/plugin_apama/Input/TedgeTestMonitor.mon
    arg #1     : /etc/tedge/sm-plugins/apama
    arg #2     : install
    arg #3     : TedgeTestMonitor::mon
    arg #4     : --file
    arg #5     : /home/pi/actions-runner/_work/thin-edge.io/thin-edge.io/tests/PySys/plugin_apama/Input/TedgeTestMonitor.mon
  working dir  : /home/pi/actions-runner/_work/thin-edge.io/thin-edge.io/tests/PySys/plugin_apama/apama_plugin_mon_support/Output/linux
  stdout       : /home/pi/actions-runner/_work/thin-edge.io/thin-edge.io/tests/PySys/plugin_apama/apama_plugin_mon_support/Output/linux/plugin_install.out
  stderr       : /home/pi/actions-runner/_work/thin-edge.io/thin-edge.io/tests/PySys/plugin_apama/apama_plugin_mon_support/Output/linux/plugin_install.err
  environment  : LD_LIBRARY_PATH=/usr/lib
  environment  : PATH=/bin:/usr/bin:/usr/sbin:/usr/local/bin
                   #1  /bin
                   #2  /usr/bin
                   #3  /usr/sbin
                   #4  /usr/local/bin
17:22:37 DEBUG Waiting up to 600 secs for process sudo&lt;plugin_install&gt; (pid 25003)
17:22:38 INFO  Executed sudo&lt;plugin_install&gt;, exit status 0
17:22:38 DEBUG Process parameters for sudo&lt;apama_correlator_wait&gt;
  command line : /usr/bin/sudo /opt/softwareag/Apama/bin/apama_env component_management --port 15903 --waitFor 5
    arg #1     : /opt/softwareag/Apama/bin/apama_env
    arg #2     : component_management
    arg #3     : --port
    arg #4     : 15903
    arg #5     : --waitFor
    arg #6     : 5
  working dir  : /home/pi/actions-runner/_work/thin-edge.io/thin-edge.io/tests/PySys/plugin_apama/apama_plugin_mon_support/Output/linux
  stdout       : /home/pi/actions-runner/_work/thin-edge.io/thin-edge.io/tests/PySys/plugin_apama/apama_plugin_mon_support/Output/linux/apama_correlator_wait.out
  stderr       : /home/pi/actions-runner/_work/thin-edge.io/thin-edge.io/tests/PySys/plugin_apama/apama_plugin_mon_support/Output/linux/apama_correlator_wait.err
  environment  : LD_LIBRARY_PATH=/usr/lib
  environment  : PATH=/bin:/usr/bin:/usr/sbin:/usr/local/bin
                   #1  /bin
                   #2  /usr/bin
                   #3  /usr/sbin
                   #4  /usr/local/bin
17:22:38 DEBUG Waiting up to 600 secs for process sudo&lt;apama_correlator_wait&gt; (pid 25043)
17:22:38 INFO  Executed sudo&lt;apama_correlator_wait&gt;, exit status 0
17:22:38 DEBUG Process parameters for sudo&lt;plugin_list_after_install&gt;
  command line : /usr/bin/sudo /etc/tedge/sm-plugins/apama list
    arg #1     : /etc/tedge/sm-plugins/apama
    arg #2     : list
  working dir  : /home/pi/actions-runner/_work/thin-edge.io/thin-edge.io/tests/PySys/plugin_apama/apama_plugin_mon_support/Output/linux
  stdout       : /home/pi/actions-runner/_work/thin-edge.io/thin-edge.io/tests/PySys/plugin_apama/apama_plugin_mon_support/Output/linux/plugin_list_after_install.out
  stderr       : /home/pi/actions-runner/_work/thin-edge.io/thin-edge.io/tests/PySys/plugin_apama/apama_plugin_mon_support/Output/linux/plugin_list_after_install.err
  environment  : LD_LIBRARY_PATH=/usr/lib
  environment  : PATH=/bin:/usr/bin:/usr/sbin:/usr/local/bin
                   #1  /bin
                   #2  /usr/bin
                   #3  /usr/sbin
                   #4  /usr/local/bin
17:22:38 DEBUG Waiting up to 600 secs for process sudo&lt;plugin_list_after_install&gt; (pid 25059)
17:22:38 INFO  Executed sudo&lt;plugin_list_after_install&gt;, exit status 0
17:22:38 DEBUG Process parameters for sudo&lt;plugin_update&gt;
  command line : /usr/bin/sudo /etc/tedge/sm-plugins/apama install TedgeTestMonitor::mon --file /home/pi/actions-runner/_work/thin-edge.io/thin-edge.io/tests/PySys/plugin_apama/Input/TedgeTestMonitorV2.mon
    arg #1     : /etc/tedge/sm-plugins/apama
    arg #2     : install
    arg #3     : TedgeTestMonitor::mon
    arg #4     : --file
    arg #5     : /home/pi/actions-runner/_work/thin-edge.io/thin-edge.io/tests/PySys/plugin_apama/Input/TedgeTestMonitorV2.mon
  working dir  : /home/pi/actions-runner/_work/thin-edge.io/thin-edge.io/tests/PySys/plugin_apama/apama_plugin_mon_support/Output/linux
  stdout       : /home/pi/actions-runner/_work/thin-edge.io/thin-edge.io/tests/PySys/plugin_apama/apama_plugin_mon_support/Output/linux/plugin_update.out
  stderr       : /home/pi/actions-runner/_work/thin-edge.io/thin-edge.io/tests/PySys/plugin_apama/apama_plugin_mon_support/Output/linux/plugin_update.err
  environment  : LD_LIBRARY_PATH=/usr/lib
  environment  : PATH=/bin:/usr/bin:/usr/sbin:/usr/local/bin
                   #1  /bin
                   #2  /usr/bin
                   #3  /usr/sbin
                   #4  /usr/local/bin
17:22:38 DEBUG Waiting up to 600 secs for process sudo&lt;plugin_update&gt; (pid 25078)
17:22:39 INFO  Executed sudo&lt;plugin_update&gt;, exit status 0
17:22:39 DEBUG Process parameters for sudo&lt;apama_correlator_wait&gt;
  command line : /usr/bin/sudo /opt/softwareag/Apama/bin/apama_env component_management --port 15903 --waitFor 5
    arg #1     : /opt/softwareag/Apama/bin/apama_env
    arg #2     : component_management
    arg #3     : --port
    arg #4     : 15903
    arg #5     : --waitFor
    arg #6     : 5
  working dir  : /home/pi/actions-runner/_work/thin-edge.io/thin-edge.io/tests/PySys/plugin_apama/apama_plugin_mon_support/Output/linux
  stdout       : /home/pi/actions-runner/_work/thin-edge.io/thin-edge.io/tests/PySys/plugin_apama/apama_plugin_mon_support/Output/linux/apama_correlator_wait.out
  stderr       : /home/pi/actions-runner/_work/thin-edge.io/thin-edge.io/tests/PySys/plugin_apama/apama_plugin_mon_support/Output/linux/apama_correlator_wait.err
  environment  : LD_LIBRARY_PATH=/usr/lib
  environment  : PATH=/bin:/usr/bin:/usr/sbin:/usr/local/bin
                   #1  /bin
                   #2  /usr/bin
                   #3  /usr/sbin
                   #4  /usr/local/bin
17:22:39 DEBUG Waiting up to 600 secs for process sudo&lt;apama_correlator_wait&gt; (pid 25136)
17:22:40 INFO  Executed sudo&lt;apama_correlator_wait&gt;, exit status 0
17:22:40 DEBUG Process parameters for sudo&lt;plugin_list_after_update&gt;
  command line : /usr/bin/sudo /etc/tedge/sm-plugins/apama list
    arg #1     : /etc/tedge/sm-plugins/apama
    arg #2     : list
  working dir  : /home/pi/actions-runner/_work/thin-edge.io/thin-edge.io/tests/PySys/plugin_apama/apama_plugin_mon_support/Output/linux
  stdout       : /home/pi/actions-runner/_work/thin-edge.io/thin-edge.io/tests/PySys/plugin_apama/apama_plugin_mon_support/Output/linux/plugin_list_after_update.out
  stderr       : /home/pi/actions-runner/_work/thin-edge.io/thin-edge.io/tests/PySys/plugin_apama/apama_plugin_mon_support/Output/linux/plugin_list_after_update.err
  environment  : LD_LIBRARY_PATH=/usr/lib
  environment  : PATH=/bin:/usr/bin:/usr/sbin:/usr/local/bin
                   #1  /bin
                   #2  /usr/bin
                   #3  /usr/sbin
                   #4  /usr/local/bin
17:22:40 DEBUG Waiting up to 600 secs for process sudo&lt;plugin_list_after_update&gt; (pid 25152)
17:22:40 INFO  Executed sudo&lt;plugin_list_after_update&gt;, exit status 0
17:22:40 DEBUG Process parameters for sudo&lt;plugin_remove&gt;
  command line : /usr/bin/sudo /etc/tedge/sm-plugins/apama remove TedgeTestMonitor::mon
    arg #1     : /etc/tedge/sm-plugins/apama
    arg #2     : remove
    arg #3     : TedgeTestMonitor::mon
  working dir  : /home/pi/actions-runner/_work/thin-edge.io/thin-edge.io/tests/PySys/plugin_apama/apama_plugin_mon_support/Output/linux
  stdout       : /home/pi/actions-runner/_work/thin-edge.io/thin-edge.io/tests/PySys/plugin_apama/apama_plugin_mon_support/Output/linux/plugin_remove.out
  stderr       : /home/pi/actions-runner/_work/thin-edge.io/thin-edge.io/tests/PySys/plugin_apama/apama_plugin_mon_support/Output/linux/plugin_remove.err
  environment  : LD_LIBRARY_PATH=/usr/lib
  environment  : PATH=/bin:/usr/bin:/usr/sbin:/usr/local/bin
                   #1  /bin
                   #2  /usr/bin
                   #3  /usr/sbin
                   #4  /usr/local/bin
17:22:40 DEBUG Waiting up to 600 secs for process sudo&lt;plugin_remove&gt; (pid 25171)
17:22:41 INFO  Executed sudo&lt;plugin_remove&gt;, exit status 0
17:22:41 DEBUG Process parameters for sudo&lt;plugin_list_after_remove&gt;
  command line : /usr/bin/sudo /etc/tedge/sm-plugins/apama list
    arg #1     : /etc/tedge/sm-plugins/apama
    arg #2     : list
  working dir  : /home/pi/actions-runner/_work/thin-edge.io/thin-edge.io/tests/PySys/plugin_apama/apama_plugin_mon_support/Output/linux
  stdout       : /home/pi/actions-runner/_work/thin-edge.io/thin-edge.io/tests/PySys/plugin_apama/apama_plugin_mon_support/Output/linux/plugin_list_after_remove.out
  stderr       : /home/pi/actions-runner/_work/thin-edge.io/thin-edge.io/tests/PySys/plugin_apama/apama_plugin_mon_support/Output/linux/plugin_list_after_remove.err
  environment  : LD_LIBRARY_PATH=/usr/lib
  environment  : PATH=/bin:/usr/bin:/usr/sbin:/usr/local/bin
                   #1  /bin
                   #2  /usr/bin
                   #3  /usr/sbin
                   #4  /usr/local/bin
17:22:41 DEBUG Waiting up to 600 secs for process sudo&lt;plugin_list_after_remove&gt; (pid 25192)
17:22:41 INFO  Executed sudo&lt;plugin_list_after_remove&gt;, exit status 0
17:22:41 DEBUG --- test validate
17:22:41 DEBUG Performing regex contains=False grep on file: /home/pi/actions-runner/_work/thin-edge.io/thin-edge.io/tests/PySys/plugin_apama/apama_plugin_mon_support/Output/linux/plugin_list_before_install.out
17:22:41 INFO  Grep on file plugin_list_before_install.out ... passed
17:22:41 DEBUG Performing regex contains=True grep on file: /home/pi/actions-runner/_work/thin-edge.io/thin-edge.io/tests/PySys/plugin_apama/apama_plugin_mon_support/Output/linux/plugin_list_after_install.out
17:22:41 DEBUG Grep on file plugin_list_after_install.out successfully matched expression &quot;TedgeTestMonitor&quot; with line: 'TedgeTestMonitor::mon\t\n'
17:22:41 INFO  Grep on file plugin_list_after_install.out ... passed
17:22:41 DEBUG Performing regex contains=True grep on file: /home/pi/actions-runner/_work/thin-edge.io/thin-edge.io/tests/PySys/plugin_apama/apama_plugin_mon_support/Output/linux/plugin_list_after_update.out
17:22:41 DEBUG Grep on file plugin_list_after_update.out successfully matched expression &quot;TedgeTestMonitor&quot; with line: 'TedgeTestMonitor::mon\t\n'
17:22:41 INFO  Grep on file plugin_list_after_update.out ... passed
17:22:41 DEBUG Performing regex contains=False grep on file: /home/pi/actions-runner/_work/thin-edge.io/thin-edge.io/tests/PySys/plugin_apama/apama_plugin_mon_support/Output/linux/plugin_list_after_remove.out
17:22:41 INFO  Grep on file plugin_list_after_remove.out ... passed
17:22:41 DEBUG --- test cleanup
17:22:41 INFO  
17:22:41 INFO  cleanup:
17:22:41 DEBUG Running registered cleanup function: &lt;bound method ApamaPlugin.cleanup_project of &lt;ApamaPluginMonSupportTest object at 0x75fec4b0&gt;&gt;
17:22:41 INFO  Removing apama project
17:22:41 DEBUG Process parameters for sudo&lt;remove_apama_project&gt;
  command line : /usr/bin/sudo rm -rf /etc/tedge/apama/project
    arg #1     : rm
    arg #2     : -rf
    arg #3     : /etc/tedge/apama/project
  working dir  : /home/pi/actions-runner/_work/thin-edge.io/thin-edge.io/tests/PySys/plugin_apama/apama_plugin_mon_support/Output/linux
  stdout       : /home/pi/actions-runner/_work/thin-edge.io/thin-edge.io/tests/PySys/plugin_apama/apama_plugin_mon_support/Output/linux/remove_apama_project.out
  stderr       : /home/pi/actions-runner/_work/thin-edge.io/thin-edge.io/tests/PySys/plugin_apama/apama_plugin_mon_support/Output/linux/remove_apama_project.err
  environment  : LD_LIBRARY_PATH=/usr/lib
  environment  : PATH=/bin:/usr/bin:/usr/sbin:/usr/local/bin
                   #1  /bin
                   #2  /usr/bin
                   #3  /usr/sbin
                   #4  /usr/local/bin
17:22:41 DEBUG Waiting up to 600 secs for process sudo&lt;remove_apama_project&gt; (pid 25211)
17:22:41 WARN  Executed sudo&lt;remove_apama_project&gt;, exit status 1
17:22:41 DEBUG Opening file using encoding=UTF-8: /home/pi/actions-runner/_work/thin-edge.io/thin-edge.io/tests/PySys/plugin_apama/apama_plugin_mon_support/Output/linux/remove_apama_project.err
17:22:41 INFO  Contents of remove_apama_project.err: 
  rm: cannot remove '/etc/tedge/apama/project/logs': Directory not empty
  -----

17:22:41 ERROR Error while running cleanup function: 
Traceback (most recent call last):
  File &quot;/home/pi/env-pysys/lib/python3.7/site-packages/pysys/process/user.py&quot;, line 1305, in cleanup
    fn()
  File &quot;/home/pi/actions-runner/_work/thin-edge.io/thin-edge.io/tests/PySys/plugin_apama/environment_apama_plugin.py&quot;, line 136, in cleanup_project
    self.remove_project()
  File &quot;/home/pi/actions-runner/_work/thin-edge.io/thin-edge.io/tests/PySys/plugin_apama/environment_apama_plugin.py&quot;, line 89, in remove_project
    stdouterr=&quot;remove_apama_project&quot;
  File &quot;/home/pi/env-pysys/lib/python3.7/site-packages/pysys/process/user.py&quot;, line 482, in startProcess
    abortOnError=abortOnError)
  File &quot;/home/pi/env-pysys/lib/python3.7/site-packages/pysys/process/user.py&quot;, line 1401, in addOutcome
    self.abort(outcome, outcomeReason, callRecord)
  File &quot;/home/pi/env-pysys/lib/python3.7/site-packages/pysys/process/user.py&quot;, line 1420, in abort
    raise AbortExecution(outcome, outcomeReason, callRecord)
pysys.exceptions.AbortExecution: sudo&lt;remove_apama_project&gt; returned non-zero exit code 1
17:22:41 DEBUG ProcessUser cleanup function done.
17:22:41 WARN  Cleanup failed with 1 errors: Cleanup function failed: sudo&lt;remove_apama_project&gt; returned non-zero exit code 1 (AbortExecution) ... blocked 
17:22:41 INFO  
17:22:41 INFO  Test duration: 7.83 secs
17:22:41 INFO  Test final outcome:  BLOCKED
17:22:41 INFO  Test outcome reason: sudo&lt;remove_apama_project&gt; returned non-zero exit code 1 (+1 other failures)
17:22:41 INFO  
</system-out>
	</testcase>
</testsuite>
