<?xml version="1.0" encoding="utf-8"?>
<testsuite failures="1" name="SoftwareManagement.Plugin.apama_plugin_mon_support" skipped="0" tests="1" time="18.23" timestamp="2022-03-28T18:33:03">
	<testcase classname="ApamaPluginMonSupportTest" name="SoftwareManagement.Plugin.apama_plugin_mon_support">
		<failure message="FAILED: Assertion that path exists=False for &quot;/etc/tedge/apama/project&quot;" type="FAILED"/>
		<system-out>18:32:44 INFO  ==============================================================
18:32:44 INFO  Id:    SoftwareManagement.Plugin.apama_plugin_mon_support
18:32:44 INFO  Dir:   plugin_apama/
18:32:44 INFO  Title: Validate mon file support of apama plugin
18:32:44 DEBUG Execution order hint: 0.0
18:32:44 INFO  ==============================================================
18:32:44 WARN  Assertion that path exists=False for &quot;/etc/tedge/apama/project&quot; ... failed 
18:32:44 DEBUG Process parameters for sudo&lt;create_project_dir&gt;
  command line : /usr/bin/sudo mkdir -p /etc/tedge/apama
    arg #1     : mkdir
    arg #2     : -p
    arg #3     : /etc/tedge/apama
  working dir  : /home/pi/actions-runner/_work/thin-edge.io/thin-edge.io/tests/PySys/plugin_apama/apama_plugin_mon_support/Output/linux
  stdout       : /home/pi/actions-runner/_work/thin-edge.io/thin-edge.io/tests/PySys/plugin_apama/apama_plugin_mon_support/Output/linux/create_project_dir.out
  stderr       : /home/pi/actions-runner/_work/thin-edge.io/thin-edge.io/tests/PySys/plugin_apama/apama_plugin_mon_support/Output/linux/create_project_dir.err
  environment  : LD_LIBRARY_PATH=/usr/lib
  environment  : PATH=/bin:/usr/bin:/usr/sbin:/usr/local/bin
                   #1  /bin
                   #2  /usr/bin
                   #3  /usr/sbin
                   #4  /usr/local/bin
18:32:44 DEBUG Waiting up to 600 secs for process sudo&lt;create_project_dir&gt; (pid 16339)
18:32:45 INFO  Executed sudo&lt;create_project_dir&gt;, exit status 0
18:32:45 DEBUG Process parameters for sudo&lt;unzip_apama_project&gt;
  command line : /usr/bin/sudo unzip /home/pi/actions-runner/_work/thin-edge.io/thin-edge.io/tests/PySys/plugin_apama/Input/quickstart.zip -d /tmp/tedge_apama_project
    arg #1     : unzip
    arg #2     : /home/pi/actions-runner/_work/thin-edge.io/thin-edge.io/tests/PySys/plugin_apama/Input/quickstart.zip
    arg #3     : -d
    arg #4     : /tmp/tedge_apama_project
  working dir  : /home/pi/actions-runner/_work/thin-edge.io/thin-edge.io/tests/PySys/plugin_apama/apama_plugin_mon_support/Output/linux
  stdout       : /home/pi/actions-runner/_work/thin-edge.io/thin-edge.io/tests/PySys/plugin_apama/apama_plugin_mon_support/Output/linux/unzip_apama_project.out
  stderr       : /home/pi/actions-runner/_work/thin-edge.io/thin-edge.io/tests/PySys/plugin_apama/apama_plugin_mon_support/Output/linux/unzip_apama_project.err
  environment  : LD_LIBRARY_PATH=/usr/lib
  environment  : PATH=/bin:/usr/bin:/usr/sbin:/usr/local/bin
                   #1  /bin
                   #2  /usr/bin
                   #3  /usr/sbin
                   #4  /usr/local/bin
18:32:45 DEBUG Waiting up to 600 secs for process sudo&lt;unzip_apama_project&gt; (pid 16341)
18:32:45 INFO  Executed sudo&lt;unzip_apama_project&gt;, exit status 0
18:32:45 DEBUG Process parameters for sudo&lt;move_apama_project&gt;
  command line : /usr/bin/sudo mv /tmp/tedge_apama_project/project /etc/tedge/apama/project
    arg #1     : mv
    arg #2     : /tmp/tedge_apama_project/project
    arg #3     : /etc/tedge/apama/project
  working dir  : /home/pi/actions-runner/_work/thin-edge.io/thin-edge.io/tests/PySys/plugin_apama/apama_plugin_mon_support/Output/linux
  stdout       : /home/pi/actions-runner/_work/thin-edge.io/thin-edge.io/tests/PySys/plugin_apama/apama_plugin_mon_support/Output/linux/move_apama_project.out
  stderr       : /home/pi/actions-runner/_work/thin-edge.io/thin-edge.io/tests/PySys/plugin_apama/apama_plugin_mon_support/Output/linux/move_apama_project.err
  environment  : LD_LIBRARY_PATH=/usr/lib
  environment  : PATH=/bin:/usr/bin:/usr/sbin:/usr/local/bin
                   #1  /bin
                   #2  /usr/bin
                   #3  /usr/sbin
                   #4  /usr/local/bin
18:32:45 DEBUG Waiting up to 600 secs for process sudo&lt;move_apama_project&gt; (pid 16343)
18:32:45 INFO  Executed sudo&lt;move_apama_project&gt;, exit status 0
18:32:45 DEBUG Process parameters for sudo&lt;restart_apama_service&gt;
  command line : /usr/bin/sudo service apama restart
    arg #1     : service
    arg #2     : apama
    arg #3     : restart
  working dir  : /home/pi/actions-runner/_work/thin-edge.io/thin-edge.io/tests/PySys/plugin_apama/apama_plugin_mon_support/Output/linux
  stdout       : /home/pi/actions-runner/_work/thin-edge.io/thin-edge.io/tests/PySys/plugin_apama/apama_plugin_mon_support/Output/linux/restart_apama_service.out
  stderr       : /home/pi/actions-runner/_work/thin-edge.io/thin-edge.io/tests/PySys/plugin_apama/apama_plugin_mon_support/Output/linux/restart_apama_service.err
  environment  : LD_LIBRARY_PATH=/usr/lib
  environment  : PATH=/bin:/usr/bin:/usr/sbin:/usr/local/bin
                   #1  /bin
                   #2  /usr/bin
                   #3  /usr/sbin
                   #4  /usr/local/bin
18:32:45 DEBUG Waiting up to 600 secs for process sudo&lt;restart_apama_service&gt; (pid 16345)
18:32:46 INFO  Executed sudo&lt;restart_apama_service&gt;, exit status 0
18:32:46 DEBUG Process parameters for sudo&lt;apama_correlator_wait&gt;
  command line : /usr/bin/sudo /opt/softwareag/Apama/bin/apama_env component_management --port 15903 --waitFor 5
    arg #1     : /opt/softwareag/Apama/bin/apama_env
    arg #2     : component_management
    arg #3     : --port
    arg #4     : 15903
    arg #5     : --waitFor
    arg #6     : 5
  working dir  : /home/pi/actions-runner/_work/thin-edge.io/thin-edge.io/tests/PySys/plugin_apama/apama_plugin_mon_support/Output/linux
  stdout       : /home/pi/actions-runner/_work/thin-edge.io/thin-edge.io/tests/PySys/plugin_apama/apama_plugin_mon_support/Output/linux/apama_correlator_wait.out
  stderr       : /home/pi/actions-runner/_work/thin-edge.io/thin-edge.io/tests/PySys/plugin_apama/apama_plugin_mon_support/Output/linux/apama_correlator_wait.err
  environment  : LD_LIBRARY_PATH=/usr/lib
  environment  : PATH=/bin:/usr/bin:/usr/sbin:/usr/local/bin
                   #1  /bin
                   #2  /usr/bin
                   #3  /usr/sbin
                   #4  /usr/local/bin
18:32:46 DEBUG Waiting up to 600 secs for process sudo&lt;apama_correlator_wait&gt; (pid 16374)
18:32:47 INFO  Executed sudo&lt;apama_correlator_wait&gt;, exit status 0
18:32:47 DEBUG Process parameters for sudo&lt;apama_list_monitors&gt;
  command line : /usr/bin/sudo /opt/softwareag/Apama/bin/apama_env engine_inspect -m -r
    arg #1     : /opt/softwareag/Apama/bin/apama_env
    arg #2     : engine_inspect
    arg #3     : -m
    arg #4     : -r
  working dir  : /home/pi/actions-runner/_work/thin-edge.io/thin-edge.io/tests/PySys/plugin_apama/apama_plugin_mon_support/Output/linux
  stdout       : /home/pi/actions-runner/_work/thin-edge.io/thin-edge.io/tests/PySys/plugin_apama/apama_plugin_mon_support/Output/linux/apama_list_monitors.out
  stderr       : /home/pi/actions-runner/_work/thin-edge.io/thin-edge.io/tests/PySys/plugin_apama/apama_plugin_mon_support/Output/linux/apama_list_monitors.err
  environment  : LD_LIBRARY_PATH=/usr/lib
  environment  : PATH=/bin:/usr/bin:/usr/sbin:/usr/local/bin
                   #1  /bin
                   #2  /usr/bin
                   #3  /usr/sbin
                   #4  /usr/local/bin
18:32:47 DEBUG Waiting up to 600 secs for process sudo&lt;apama_list_monitors&gt; (pid 16410)
18:32:47 INFO  Executed sudo&lt;apama_list_monitors&gt;, exit status 0
18:32:47 DEBUG Performing regex contains=False grep on file: /home/pi/actions-runner/_work/thin-edge.io/thin-edge.io/tests/PySys/plugin_apama/apama_plugin_mon_support/Output/linux/apama_list_monitors.out
18:32:47 INFO  Grep on file /home/pi/actions-runner/_work/thin-edge.io/thin-edge.io/tests/PySys/plugin_apama/apama_plugin_mon_support/Output/linux/apama_list_monitors.out ... passed
18:32:47 DEBUG --- test execute
18:32:47 DEBUG Process parameters for sudo&lt;plugin_list_before_install&gt;
  command line : /usr/bin/sudo /etc/tedge/sm-plugins/apama list
    arg #1     : /etc/tedge/sm-plugins/apama
    arg #2     : list
  working dir  : /home/pi/actions-runner/_work/thin-edge.io/thin-edge.io/tests/PySys/plugin_apama/apama_plugin_mon_support/Output/linux
  stdout       : /home/pi/actions-runner/_work/thin-edge.io/thin-edge.io/tests/PySys/plugin_apama/apama_plugin_mon_support/Output/linux/plugin_list_before_install.out
  stderr       : /home/pi/actions-runner/_work/thin-edge.io/thin-edge.io/tests/PySys/plugin_apama/apama_plugin_mon_support/Output/linux/plugin_list_before_install.err
  environment  : LD_LIBRARY_PATH=/usr/lib
  environment  : PATH=/bin:/usr/bin:/usr/sbin:/usr/local/bin
                   #1  /bin
                   #2  /usr/bin
                   #3  /usr/sbin
                   #4  /usr/local/bin
18:32:47 DEBUG Waiting up to 600 secs for process sudo&lt;plugin_list_before_install&gt; (pid 16430)
18:32:48 INFO  Executed sudo&lt;plugin_list_before_install&gt;, exit status 0
18:32:48 DEBUG Process parameters for sudo&lt;plugin_install&gt;
  command line : /usr/bin/sudo /etc/tedge/sm-plugins/apama install TedgeTestMonitor::mon --file /home/pi/actions-runner/_work/thin-edge.io/thin-edge.io/tests/PySys/plugin_apama/Input/TedgeTestMonitor.mon
    arg #1     : /etc/tedge/sm-plugins/apama
    arg #2     : install
    arg #3     : TedgeTestMonitor::mon
    arg #4     : --file
    arg #5     : /home/pi/actions-runner/_work/thin-edge.io/thin-edge.io/tests/PySys/plugin_apama/Input/TedgeTestMonitor.mon
  working dir  : /home/pi/actions-runner/_work/thin-edge.io/thin-edge.io/tests/PySys/plugin_apama/apama_plugin_mon_support/Output/linux
  stdout       : /home/pi/actions-runner/_work/thin-edge.io/thin-edge.io/tests/PySys/plugin_apama/apama_plugin_mon_support/Output/linux/plugin_install.out
  stderr       : /home/pi/actions-runner/_work/thin-edge.io/thin-edge.io/tests/PySys/plugin_apama/apama_plugin_mon_support/Output/linux/plugin_install.err
  environment  : LD_LIBRARY_PATH=/usr/lib
  environment  : PATH=/bin:/usr/bin:/usr/sbin:/usr/local/bin
                   #1  /bin
                   #2  /usr/bin
                   #3  /usr/sbin
                   #4  /usr/local/bin
18:32:48 DEBUG Waiting up to 600 secs for process sudo&lt;plugin_install&gt; (pid 16449)
18:32:48 INFO  Executed sudo&lt;plugin_install&gt;, exit status 0
18:32:48 DEBUG Process parameters for sudo&lt;apama_correlator_wait&gt;
  command line : /usr/bin/sudo /opt/softwareag/Apama/bin/apama_env component_management --port 15903 --waitFor 5
    arg #1     : /opt/softwareag/Apama/bin/apama_env
    arg #2     : component_management
    arg #3     : --port
    arg #4     : 15903
    arg #5     : --waitFor
    arg #6     : 5
  working dir  : /home/pi/actions-runner/_work/thin-edge.io/thin-edge.io/tests/PySys/plugin_apama/apama_plugin_mon_support/Output/linux
  stdout       : /home/pi/actions-runner/_work/thin-edge.io/thin-edge.io/tests/PySys/plugin_apama/apama_plugin_mon_support/Output/linux/apama_correlator_wait.out
  stderr       : /home/pi/actions-runner/_work/thin-edge.io/thin-edge.io/tests/PySys/plugin_apama/apama_plugin_mon_support/Output/linux/apama_correlator_wait.err
  environment  : LD_LIBRARY_PATH=/usr/lib
  environment  : PATH=/bin:/usr/bin:/usr/sbin:/usr/local/bin
                   #1  /bin
                   #2  /usr/bin
                   #3  /usr/sbin
                   #4  /usr/local/bin
18:32:48 DEBUG Waiting up to 600 secs for process sudo&lt;apama_correlator_wait&gt; (pid 16491)
18:32:49 INFO  Executed sudo&lt;apama_correlator_wait&gt;, exit status 0
18:32:49 DEBUG Process parameters for sudo&lt;plugin_list_after_install&gt;
  command line : /usr/bin/sudo /etc/tedge/sm-plugins/apama list
    arg #1     : /etc/tedge/sm-plugins/apama
    arg #2     : list
  working dir  : /home/pi/actions-runner/_work/thin-edge.io/thin-edge.io/tests/PySys/plugin_apama/apama_plugin_mon_support/Output/linux
  stdout       : /home/pi/actions-runner/_work/thin-edge.io/thin-edge.io/tests/PySys/plugin_apama/apama_plugin_mon_support/Output/linux/plugin_list_after_install.out
  stderr       : /home/pi/actions-runner/_work/thin-edge.io/thin-edge.io/tests/PySys/plugin_apama/apama_plugin_mon_support/Output/linux/plugin_list_after_install.err
  environment  : LD_LIBRARY_PATH=/usr/lib
  environment  : PATH=/bin:/usr/bin:/usr/sbin:/usr/local/bin
                   #1  /bin
                   #2  /usr/bin
                   #3  /usr/sbin
                   #4  /usr/local/bin
18:32:49 DEBUG Waiting up to 600 secs for process sudo&lt;plugin_list_after_install&gt; (pid 16507)
18:32:49 INFO  Executed sudo&lt;plugin_list_after_install&gt;, exit status 0
18:32:49 DEBUG Process parameters for sudo&lt;plugin_update&gt;
  command line : /usr/bin/sudo /etc/tedge/sm-plugins/apama install TedgeTestMonitor::mon --file /home/pi/actions-runner/_work/thin-edge.io/thin-edge.io/tests/PySys/plugin_apama/Input/TedgeTestMonitorV2.mon
    arg #1     : /etc/tedge/sm-plugins/apama
    arg #2     : install
    arg #3     : TedgeTestMonitor::mon
    arg #4     : --file
    arg #5     : /home/pi/actions-runner/_work/thin-edge.io/thin-edge.io/tests/PySys/plugin_apama/Input/TedgeTestMonitorV2.mon
  working dir  : /home/pi/actions-runner/_work/thin-edge.io/thin-edge.io/tests/PySys/plugin_apama/apama_plugin_mon_support/Output/linux
  stdout       : /home/pi/actions-runner/_work/thin-edge.io/thin-edge.io/tests/PySys/plugin_apama/apama_plugin_mon_support/Output/linux/plugin_update.out
  stderr       : /home/pi/actions-runner/_work/thin-edge.io/thin-edge.io/tests/PySys/plugin_apama/apama_plugin_mon_support/Output/linux/plugin_update.err
  environment  : LD_LIBRARY_PATH=/usr/lib
  environment  : PATH=/bin:/usr/bin:/usr/sbin:/usr/local/bin
                   #1  /bin
                   #2  /usr/bin
                   #3  /usr/sbin
                   #4  /usr/local/bin
18:32:49 DEBUG Waiting up to 600 secs for process sudo&lt;plugin_update&gt; (pid 16526)
18:32:50 INFO  Executed sudo&lt;plugin_update&gt;, exit status 0
18:32:50 DEBUG Process parameters for sudo&lt;apama_correlator_wait&gt;
  command line : /usr/bin/sudo /opt/softwareag/Apama/bin/apama_env component_management --port 15903 --waitFor 5
    arg #1     : /opt/softwareag/Apama/bin/apama_env
    arg #2     : component_management
    arg #3     : --port
    arg #4     : 15903
    arg #5     : --waitFor
    arg #6     : 5
  working dir  : /home/pi/actions-runner/_work/thin-edge.io/thin-edge.io/tests/PySys/plugin_apama/apama_plugin_mon_support/Output/linux
  stdout       : /home/pi/actions-runner/_work/thin-edge.io/thin-edge.io/tests/PySys/plugin_apama/apama_plugin_mon_support/Output/linux/apama_correlator_wait.out
  stderr       : /home/pi/actions-runner/_work/thin-edge.io/thin-edge.io/tests/PySys/plugin_apama/apama_plugin_mon_support/Output/linux/apama_correlator_wait.err
  environment  : LD_LIBRARY_PATH=/usr/lib
  environment  : PATH=/bin:/usr/bin:/usr/sbin:/usr/local/bin
                   #1  /bin
                   #2  /usr/bin
                   #3  /usr/sbin
                   #4  /usr/local/bin
18:32:50 DEBUG Waiting up to 600 secs for process sudo&lt;apama_correlator_wait&gt; (pid 16584)
18:32:50 INFO  Executed sudo&lt;apama_correlator_wait&gt;, exit status 0
18:32:50 DEBUG Process parameters for sudo&lt;plugin_list_after_update&gt;
  command line : /usr/bin/sudo /etc/tedge/sm-plugins/apama list
    arg #1     : /etc/tedge/sm-plugins/apama
    arg #2     : list
  working dir  : /home/pi/actions-runner/_work/thin-edge.io/thin-edge.io/tests/PySys/plugin_apama/apama_plugin_mon_support/Output/linux
  stdout       : /home/pi/actions-runner/_work/thin-edge.io/thin-edge.io/tests/PySys/plugin_apama/apama_plugin_mon_support/Output/linux/plugin_list_after_update.out
  stderr       : /home/pi/actions-runner/_work/thin-edge.io/thin-edge.io/tests/PySys/plugin_apama/apama_plugin_mon_support/Output/linux/plugin_list_after_update.err
  environment  : LD_LIBRARY_PATH=/usr/lib
  environment  : PATH=/bin:/usr/bin:/usr/sbin:/usr/local/bin
                   #1  /bin
                   #2  /usr/bin
                   #3  /usr/sbin
                   #4  /usr/local/bin
18:32:50 DEBUG Waiting up to 600 secs for process sudo&lt;plugin_list_after_update&gt; (pid 16600)
18:32:51 INFO  Executed sudo&lt;plugin_list_after_update&gt;, exit status 0
18:32:51 DEBUG Process parameters for sudo&lt;plugin_remove&gt;
  command line : /usr/bin/sudo /etc/tedge/sm-plugins/apama remove TedgeTestMonitor::mon
    arg #1     : /etc/tedge/sm-plugins/apama
    arg #2     : remove
    arg #3     : TedgeTestMonitor::mon
  working dir  : /home/pi/actions-runner/_work/thin-edge.io/thin-edge.io/tests/PySys/plugin_apama/apama_plugin_mon_support/Output/linux
  stdout       : /home/pi/actions-runner/_work/thin-edge.io/thin-edge.io/tests/PySys/plugin_apama/apama_plugin_mon_support/Output/linux/plugin_remove.out
  stderr       : /home/pi/actions-runner/_work/thin-edge.io/thin-edge.io/tests/PySys/plugin_apama/apama_plugin_mon_support/Output/linux/plugin_remove.err
  environment  : LD_LIBRARY_PATH=/usr/lib
  environment  : PATH=/bin:/usr/bin:/usr/sbin:/usr/local/bin
                   #1  /bin
                   #2  /usr/bin
                   #3  /usr/sbin
                   #4  /usr/local/bin
18:32:51 DEBUG Waiting up to 600 secs for process sudo&lt;plugin_remove&gt; (pid 16619)
18:32:51 INFO  Executed sudo&lt;plugin_remove&gt;, exit status 0
18:32:51 DEBUG Process parameters for sudo&lt;plugin_list_after_remove&gt;
  command line : /usr/bin/sudo /etc/tedge/sm-plugins/apama list
    arg #1     : /etc/tedge/sm-plugins/apama
    arg #2     : list
  working dir  : /home/pi/actions-runner/_work/thin-edge.io/thin-edge.io/tests/PySys/plugin_apama/apama_plugin_mon_support/Output/linux
  stdout       : /home/pi/actions-runner/_work/thin-edge.io/thin-edge.io/tests/PySys/plugin_apama/apama_plugin_mon_support/Output/linux/plugin_list_after_remove.out
  stderr       : /home/pi/actions-runner/_work/thin-edge.io/thin-edge.io/tests/PySys/plugin_apama/apama_plugin_mon_support/Output/linux/plugin_list_after_remove.err
  environment  : LD_LIBRARY_PATH=/usr/lib
  environment  : PATH=/bin:/usr/bin:/usr/sbin:/usr/local/bin
                   #1  /bin
                   #2  /usr/bin
                   #3  /usr/sbin
                   #4  /usr/local/bin
18:32:51 DEBUG Waiting up to 600 secs for process sudo&lt;plugin_list_after_remove&gt; (pid 16640)
18:32:52 INFO  Executed sudo&lt;plugin_list_after_remove&gt;, exit status 0
18:32:52 DEBUG --- test validate
18:32:52 DEBUG Performing regex contains=False grep on file: /home/pi/actions-runner/_work/thin-edge.io/thin-edge.io/tests/PySys/plugin_apama/apama_plugin_mon_support/Output/linux/plugin_list_before_install.out
18:32:52 INFO  Grep on file plugin_list_before_install.out ... passed
18:32:52 DEBUG Performing regex contains=True grep on file: /home/pi/actions-runner/_work/thin-edge.io/thin-edge.io/tests/PySys/plugin_apama/apama_plugin_mon_support/Output/linux/plugin_list_after_install.out
18:32:52 DEBUG Grep on file plugin_list_after_install.out successfully matched expression &quot;TedgeTestMonitor&quot; with line: 'TedgeTestMonitor::mon\t\n'
18:32:52 INFO  Grep on file plugin_list_after_install.out ... passed
18:32:52 DEBUG Performing regex contains=True grep on file: /home/pi/actions-runner/_work/thin-edge.io/thin-edge.io/tests/PySys/plugin_apama/apama_plugin_mon_support/Output/linux/plugin_list_after_update.out
18:32:52 DEBUG Grep on file plugin_list_after_update.out successfully matched expression &quot;TedgeTestMonitor&quot; with line: 'TedgeTestMonitor::mon\t\n'
18:32:52 INFO  Grep on file plugin_list_after_update.out ... passed
18:32:52 DEBUG Performing regex contains=False grep on file: /home/pi/actions-runner/_work/thin-edge.io/thin-edge.io/tests/PySys/plugin_apama/apama_plugin_mon_support/Output/linux/plugin_list_after_remove.out
18:32:52 INFO  Grep on file plugin_list_after_remove.out ... passed
18:32:52 DEBUG --- test cleanup
18:32:52 INFO  
18:32:52 INFO  cleanup:
18:32:52 DEBUG Running registered cleanup function: &lt;bound method ApamaPlugin.cleanup_project of &lt;ApamaPluginMonSupportTest object at 0x75f8d210&gt;&gt;
18:32:52 INFO  Removing apama project
18:32:52 DEBUG Process parameters for sudo&lt;remove_apama_project&gt;
  command line : /usr/bin/sudo rm -rf /etc/tedge/apama/project
    arg #1     : rm
    arg #2     : -rf
    arg #3     : /etc/tedge/apama/project
  working dir  : /home/pi/actions-runner/_work/thin-edge.io/thin-edge.io/tests/PySys/plugin_apama/apama_plugin_mon_support/Output/linux
  stdout       : /home/pi/actions-runner/_work/thin-edge.io/thin-edge.io/tests/PySys/plugin_apama/apama_plugin_mon_support/Output/linux/remove_apama_project.out
  stderr       : /home/pi/actions-runner/_work/thin-edge.io/thin-edge.io/tests/PySys/plugin_apama/apama_plugin_mon_support/Output/linux/remove_apama_project.err
  environment  : LD_LIBRARY_PATH=/usr/lib
  environment  : PATH=/bin:/usr/bin:/usr/sbin:/usr/local/bin
                   #1  /bin
                   #2  /usr/bin
                   #3  /usr/sbin
                   #4  /usr/local/bin
18:32:52 DEBUG Waiting up to 600 secs for process sudo&lt;remove_apama_project&gt; (pid 16659)
18:32:52 INFO  Executed sudo&lt;remove_apama_project&gt;, exit status 0
18:32:52 DEBUG Process parameters for sudo&lt;stop_apama_service&gt;
  command line : /usr/bin/sudo service apama stop
    arg #1     : service
    arg #2     : apama
    arg #3     : stop
  working dir  : /home/pi/actions-runner/_work/thin-edge.io/thin-edge.io/tests/PySys/plugin_apama/apama_plugin_mon_support/Output/linux
  stdout       : /home/pi/actions-runner/_work/thin-edge.io/thin-edge.io/tests/PySys/plugin_apama/apama_plugin_mon_support/Output/linux/stop_apama_service.out
  stderr       : /home/pi/actions-runner/_work/thin-edge.io/thin-edge.io/tests/PySys/plugin_apama/apama_plugin_mon_support/Output/linux/stop_apama_service.err
  environment  : LD_LIBRARY_PATH=/usr/lib
  environment  : PATH=/bin:/usr/bin:/usr/sbin:/usr/local/bin
                   #1  /bin
                   #2  /usr/bin
                   #3  /usr/sbin
                   #4  /usr/local/bin
18:32:52 DEBUG Waiting up to 600 secs for process sudo&lt;stop_apama_service&gt; (pid 16661)
18:33:02 INFO  Executed sudo&lt;stop_apama_service&gt;, exit status 0
18:33:02 DEBUG Process parameters for sudo&lt;remove_apama_tmp_dir&gt;
  command line : /usr/bin/sudo rm -rf /tmp/tedge_apama_project
    arg #1     : rm
    arg #2     : -rf
    arg #3     : /tmp/tedge_apama_project
  working dir  : /home/pi/actions-runner/_work/thin-edge.io/thin-edge.io/tests/PySys/plugin_apama/apama_plugin_mon_support/Output/linux
  stdout       : /home/pi/actions-runner/_work/thin-edge.io/thin-edge.io/tests/PySys/plugin_apama/apama_plugin_mon_support/Output/linux/remove_apama_tmp_dir.out
  stderr       : /home/pi/actions-runner/_work/thin-edge.io/thin-edge.io/tests/PySys/plugin_apama/apama_plugin_mon_support/Output/linux/remove_apama_tmp_dir.err
  environment  : LD_LIBRARY_PATH=/usr/lib
  environment  : PATH=/bin:/usr/bin:/usr/sbin:/usr/local/bin
                   #1  /bin
                   #2  /usr/bin
                   #3  /usr/sbin
                   #4  /usr/local/bin
18:33:02 DEBUG Waiting up to 600 secs for process sudo&lt;remove_apama_tmp_dir&gt; (pid 16696)
18:33:03 INFO  Executed sudo&lt;remove_apama_tmp_dir&gt;, exit status 0
18:33:03 DEBUG ProcessUser cleanup function done.
18:33:03 INFO  
18:33:03 INFO  Test duration: 18.23 secs
18:33:03 INFO  Test final outcome:  FAILED
18:33:03 INFO  Test outcome reason: Assertion that path exists=False for &quot;/etc/tedge/apama/project&quot;
18:33:03 INFO  
</system-out>
	</testcase>
</testsuite>
