<?xml version="1.0" encoding="utf-8"?>
<testsuite failures="1" name="SoftwareManagement.sm_apt_install_remove_multiple_mixed" skipped="0" tests="1" time="180.94" timestamp="2022-05-02T16:17:25">
	<testcase classname="PySysTest" name="SoftwareManagement.sm_apt_install_remove_multiple_mixed">
		<failure message="BLOCKED: SystemError: Timeout while waiting for status SUCCESSFUL or False (+1 other failures)" type="BLOCKED"/>
		<system-out>16:14:24 INFO  ==============================================================
16:14:24 INFO  Id:    SoftwareManagement.sm_apt_install_remove_multiple_mixed
16:14:24 INFO  Dir:   software_management_end_to_end/
16:14:24 INFO  Title: Validate end to end behaviour for the apt plugin for multiple packages with mixed versions
16:14:24 INFO  ==============================================================
16:14:24 INFO  Using sw id database: {'asciijump': '5475369', 'robotfindskitten': '5474869', 'squirrel3': '5475279', 'rolldice': '5152439', 'moon-buggy': '5439204', 'apple': '5495053', 'banana': '5494888', 'cherry': '5495382', 'watermelon': '5494510', 'registry': '8018911', 'hello-world': '8021526', 'docker/getting-started': '8021973', 'alpine': '7991792'}
16:14:24 INFO  EnvironmentC8y Setup
16:14:24 INFO  Executed systemctl&lt;serv_mapper1&gt;, exit status 3
16:14:24 INFO  Restarting mosquitto too frequently in the last 10 seconds. It was only up for 5 seconds
16:14:24 INFO  Delaying execution by 6 seconds
16:14:45 INFO  Executed sudo&lt;tedge_connect_c8y&gt;, exit status 0, duration 14 secs
16:14:45 INFO  Executed sudo&lt;tedge_connect_c8y_test&gt;, exit status 0
16:14:46 INFO  Executed systemctl&lt;serv_mosq2&gt;, exit status 0
16:14:46 INFO  Executed systemctl&lt;serv_mapper3&gt;, exit status 0
16:14:49 INFO  State of current operation: SUCCESSFUL
16:14:49 INFO  Assert that (False == value) with value=False ... passed
16:14:49 INFO  Assert that (False == value) with value=False ... passed
16:14:49 INFO  Assert that (False == value) with value=False ... passed
16:14:49 INFO  Assert that (False == value) with value=False ... passed
16:14:50 INFO  Package moon-buggy is installed
16:14:50 WARN  Assert that (False == value) with value=True ... failed 
16:14:51 INFO  Response status: 201
16:14:51 INFO  Response to action: {
    &quot;creationTime&quot;: &quot;2022-05-02T16:14:51.372Z&quot;,
    &quot;deviceName&quot;: &quot;mythica&quot;,
    &quot;deviceId&quot;: &quot;18180749&quot;,
    &quot;self&quot;: &quot;https://t493319102.eu-latest.cumulocity.com/devicecontrol/operations/18214151&quot;,
    &quot;id&quot;: &quot;18214151&quot;,
    &quot;status&quot;: &quot;PENDING&quot;,
    &quot;description&quot;: &quot;Apply software changes, triggered from PySys: [{'action': 'install', 'id': '5475369', 'name': 'asciijump', 'url': ' ', 'version': '::apt'}, {'action': 'install', 'id': '5474869', 'name': 'robotfindskitten', 'url': ' ', 'version': ' '}, {'action': 'install', 'id': '5475279', 'name': 'squirrel3', 'url': ' ', 'version': '3.1-7::apt'}, {'action': 'install', 'id': '5152439', 'name': 'rolldice', 'url': ' ', 'version': '1.16-1+b1'}, {'action': 'install', 'id': '5439204', 'name': 'moon-buggy', 'url': ' ', 'version': '1:1.0.51-12'}, {'action': 'install', 'id': '5475369', 'name': 'asciijump', 'url': ' ', 'version': '::apt'}]&quot;,
    &quot;c8y_SoftwareUpdate&quot;: [
        {
            &quot;name&quot;: &quot;asciijump&quot;,
            &quot;action&quot;: &quot;install&quot;,
            &quot;id&quot;: &quot;5475369&quot;,
            &quot;version&quot;: &quot;::apt&quot;,
            &quot;url&quot;: &quot; &quot;
        },
        {
            &quot;name&quot;: &quot;robotfindskitten&quot;,
            &quot;action&quot;: &quot;install&quot;,
            &quot;id&quot;: &quot;5474869&quot;,
            &quot;version&quot;: &quot; &quot;,
            &quot;url&quot;: &quot; &quot;
        },
        {
            &quot;name&quot;: &quot;squirrel3&quot;,
            &quot;action&quot;: &quot;install&quot;,
            &quot;id&quot;: &quot;5475279&quot;,
            &quot;version&quot;: &quot;3.1-7::apt&quot;,
            &quot;url&quot;: &quot; &quot;
        },
        {
            &quot;name&quot;: &quot;rolldice&quot;,
            &quot;action&quot;: &quot;install&quot;,
            &quot;id&quot;: &quot;5152439&quot;,
            &quot;version&quot;: &quot;1.16-1+b1&quot;,
            &quot;url&quot;: &quot; &quot;
        },
        {
            &quot;name&quot;: &quot;moon-buggy&quot;,
            &quot;action&quot;: &quot;install&quot;,
            &quot;id&quot;: &quot;5439204&quot;,
            &quot;version&quot;: &quot;1:1.0.51-12&quot;,
            &quot;url&quot;: &quot; &quot;
        },
        {
            &quot;name&quot;: &quot;asciijump&quot;,
            &quot;action&quot;: &quot;install&quot;,
            &quot;id&quot;: &quot;5475369&quot;,
            &quot;version&quot;: &quot;::apt&quot;,
            &quot;url&quot;: &quot; &quot;
        }
    ]
}
16:14:51 INFO  Started operation: {'creationTime': '2022-05-02T16:14:51.372Z', 'deviceName': 'mythica', 'deviceId': '18180749', 'self': 'https://t493319102.eu-latest.cumulocity.com/devicecontrol/operations/18214151', 'id': '18214151', 'status': 'PENDING', 'description': &quot;Apply software changes, triggered from PySys: [{'action': 'install', 'id': '5475369', 'name': 'asciijump', 'url': ' ', 'version': '::apt'}, {'action': 'install', 'id': '5474869', 'name': 'robotfindskitten', 'url': ' ', 'version': ' '}, {'action': 'install', 'id': '5475279', 'name': 'squirrel3', 'url': ' ', 'version': '3.1-7::apt'}, {'action': 'install', 'id': '5152439', 'name': 'rolldice', 'url': ' ', 'version': '1.16-1+b1'}, {'action': 'install', 'id': '5439204', 'name': 'moon-buggy', 'url': ' ', 'version': '1:1.0.51-12'}, {'action': 'install', 'id': '5475369', 'name': 'asciijump', 'url': ' ', 'version': '::apt'}]&quot;, 'c8y_SoftwareUpdate': [{'name': 'asciijump', 'action': 'install', 'id': '5475369', 'version': '::apt', 'url': ' '}, {'name': 'robotfindskitten', 'action': 'install', 'id': '5474869', 'version': ' ', 'url': ' '}, {'name': 'squirrel3', 'action': 'install', 'id': '5475279', 'version': '3.1-7::apt', 'url': ' '}, {'name': 'rolldice', 'action': 'install', 'id': '5152439', 'version': '1.16-1+b1', 'url': ' '}, {'name': 'moon-buggy', 'action': 'install', 'id': '5439204', 'version': '1:1.0.51-12', 'url': ' '}, {'name': 'asciijump', 'action': 'install', 'id': '5475369', 'version': '::apt', 'url': ' '}]}
16:14:53 INFO  State of operation 18214151 : PENDING
16:14:55 INFO  State of operation 18214151 : EXECUTING
16:14:58 INFO  State of operation 18214151 : EXECUTING
16:15:00 INFO  State of operation 18214151 : EXECUTING
16:15:02 INFO  State of operation 18214151 : EXECUTING
16:15:04 INFO  State of operation 18214151 : EXECUTING
16:15:07 INFO  State of operation 18214151 : EXECUTING
16:15:10 INFO  State of operation 18214151 : EXECUTING
16:15:12 INFO  State of operation 18214151 : EXECUTING
16:15:15 INFO  State of operation 18214151 : EXECUTING
16:15:17 INFO  State of operation 18214151 : EXECUTING
16:15:19 INFO  State of operation 18214151 : EXECUTING
16:15:21 INFO  State of operation 18214151 : EXECUTING
16:15:24 INFO  State of operation 18214151 : EXECUTING
16:15:26 INFO  State of operation 18214151 : EXECUTING
16:15:28 INFO  State of operation 18214151 : EXECUTING
16:15:30 INFO  State of operation 18214151 : EXECUTING
16:15:33 INFO  State of operation 18214151 : EXECUTING
16:15:36 INFO  State of operation 18214151 : EXECUTING
16:15:38 INFO  State of operation 18214151 : EXECUTING
16:15:40 INFO  State of operation 18214151 : EXECUTING
16:15:42 INFO  State of operation 18214151 : EXECUTING
16:15:45 INFO  State of operation 18214151 : EXECUTING
16:15:47 INFO  State of operation 18214151 : EXECUTING
16:15:50 INFO  State of operation 18214151 : EXECUTING
16:15:53 INFO  State of operation 18214151 : EXECUTING
16:15:55 INFO  State of operation 18214151 : EXECUTING
16:15:57 INFO  State of operation 18214151 : EXECUTING
16:15:59 INFO  State of operation 18214151 : EXECUTING
16:16:02 INFO  State of operation 18214151 : EXECUTING
16:16:04 INFO  State of operation 18214151 : EXECUTING
16:16:06 INFO  State of operation 18214151 : EXECUTING
16:16:09 INFO  State of operation 18214151 : EXECUTING
16:16:11 INFO  State of operation 18214151 : EXECUTING
16:16:13 INFO  State of operation 18214151 : EXECUTING
16:16:15 INFO  State of operation 18214151 : EXECUTING
16:16:18 INFO  State of operation 18214151 : EXECUTING
16:16:20 INFO  State of operation 18214151 : EXECUTING
16:16:22 INFO  State of operation 18214151 : EXECUTING
16:16:25 INFO  State of operation 18214151 : EXECUTING
16:16:27 INFO  State of operation 18214151 : EXECUTING
16:16:30 INFO  State of operation 18214151 : EXECUTING
16:16:32 INFO  State of operation 18214151 : EXECUTING
16:16:34 INFO  State of operation 18214151 : EXECUTING
16:16:37 INFO  State of operation 18214151 : EXECUTING
16:16:39 INFO  State of operation 18214151 : EXECUTING
16:16:41 INFO  State of operation 18214151 : EXECUTING
16:16:43 INFO  State of operation 18214151 : EXECUTING
16:16:46 INFO  State of operation 18214151 : EXECUTING
16:16:48 INFO  State of operation 18214151 : EXECUTING
16:16:51 INFO  State of operation 18214151 : EXECUTING
16:16:53 INFO  State of operation 18214151 : EXECUTING
16:16:55 INFO  State of operation 18214151 : EXECUTING
16:16:58 INFO  State of operation 18214151 : EXECUTING
16:17:00 INFO  State of operation 18214151 : EXECUTING
16:17:02 INFO  State of operation 18214151 : EXECUTING
16:17:05 INFO  State of operation 18214151 : EXECUTING
16:17:07 INFO  State of operation 18214151 : EXECUTING
16:17:10 INFO  State of operation 18214151 : EXECUTING
16:17:12 INFO  State of operation 18214151 : EXECUTING
16:17:15 INFO  State of operation 18214151 : EXECUTING
16:17:17 WARN  SystemError occurred while running test - Timeout while waiting for status SUCCESSFUL or False
Traceback (most recent call last):
  File &quot;/home/pi/env-pysys/lib/python3.7/site-packages/pysys/baserunner.py&quot;, line 1294, in __call__
    self.testObj.execute()
  File &quot;/home/pi/actions-runner/_work/thin-edge.io/thin-edge.io/tests/PySys/software_management_end_to_end/sm_apt_install_remove_multiple_mixed/run.py&quot;, line 89, in execute
    self.wait_until_succcess()
  File &quot;/home/pi/actions-runner/_work/thin-edge.io/thin-edge.io/tests/PySys/software_management_end_to_end/environment_sm_management.py&quot;, line 324, in wait_until_succcess
    self.wait_until_status(&quot;SUCCESSFUL&quot;)
  File &quot;/home/pi/actions-runner/_work/thin-edge.io/thin-edge.io/tests/PySys/software_management_end_to_end/environment_sm_management.py&quot;, line 381, in wait_until_status
    &quot;Timeout while waiting for status %s or %s&quot; % (status, status2)
SystemError: Timeout while waiting for status SUCCESSFUL or False
16:17:17 WARN  SystemError: Timeout while waiting for status SUCCESSFUL or False ... blocked 
16:17:17 INFO  
16:17:17 INFO  cleanup:
16:17:24 INFO  Executed sudo&lt;tedge_disconnect_c8y&gt;, exit status 0
16:17:25 INFO  Executed systemctl&lt;serv_mapper5&gt;, exit status 3
16:17:25 INFO  
16:17:25 INFO  Test duration: 180.94 secs
16:17:25 INFO  Test final outcome:  BLOCKED
16:17:25 INFO  Test outcome reason: SystemError: Timeout while waiting for status SUCCESSFUL or False (+1 other failures)
16:17:25 INFO  
</system-out>
	</testcase>
</testsuite>
