<?xml version="1.0" encoding="utf-8"?>
<testsuite failures="0" name="SoftwareManagement.Plugin.apama_plugin_update" skipped="1" tests="1" time="0.06" timestamp="2022-05-04T08:49:10">
	<testcase classname="ApamaPluginUpdateTest" name="SoftwareManagement.Plugin.apama_plugin_update">
		<skipped message="SKIPPED: Test execution disabled due to #1052"/>
		<system-out>08:49:10 INFO  ==============================================================
08:49:10 INFO  Id:    SoftwareManagement.Plugin.apama_plugin_update
08:49:10 INFO  Dir:   plugin_apama/
08:49:10 INFO  Title: Validate apama plugin updating one project with another
08:49:10 INFO  ==============================================================
08:49:10 INFO  Test execution disabled due to #1052 ... skipped
08:49:10 INFO  
08:49:10 INFO  Test duration: 0.06 secs
08:49:10 INFO  Test final outcome:  SKIPPED
08:49:10 INFO  Test outcome reason: Test execution disabled due to #1052
08:49:10 INFO  
</system-out>
	</testcase>
</testsuite>
