<?xml version="1.0" encoding="utf-8"?>
<testsuite failures="1" name="SoftwareManagement.sm_mixed_install_remove_multiple" skipped="0" tests="1" time="170.64" timestamp="2022-04-28T16:49:52">
	<testcase classname="PySysTest" name="SoftwareManagement.sm_mixed_install_remove_multiple">
		<failure message="FAILED: Assert that (False == value) with value=True" type="FAILED"/>
		<system-out>16:47:01 INFO  ==============================================================
16:47:01 INFO  Id:    SoftwareManagement.sm_mixed_install_remove_multiple
16:47:01 INFO  Dir:   software_management_end_to_end/
16:47:01 INFO  Title: Validate end to end behaviour for the dummy-plugin for multiple packages with mixed versions
16:47:01 INFO  ==============================================================
16:47:01 INFO  Using sw id database: {'asciijump': '5475369', 'robotfindskitten': '5474869', 'squirrel3': '5475279', 'rolldice': '5152439', 'moon-buggy': '5439204', 'apple': '5495053', 'banana': '5494888', 'cherry': '5495382', 'watermelon': '5494510', 'registry': '8018911', 'hello-world': '8021526', 'docker/getting-started': '8021973', 'alpine': '7991792'}
16:47:01 INFO  EnvironmentC8y Setup
16:47:02 INFO  Executed systemctl&lt;serv_mapper1&gt;, exit status 3
16:47:02 INFO  Restarting mosquitto too frequently in the last 10 seconds. It was only up for 5 seconds
16:47:02 INFO  Delaying execution by 6 seconds
16:47:22 INFO  Executed sudo&lt;tedge_connect_c8y&gt;, exit status 0, duration 14 secs
16:47:23 INFO  Executed sudo&lt;tedge_connect_c8y_test&gt;, exit status 0
16:47:23 INFO  Executed systemctl&lt;serv_mosq2&gt;, exit status 0
16:47:24 INFO  Executed systemctl&lt;serv_mapper3&gt;, exit status 0
16:47:26 INFO  State of current operation: SUCCESSFUL
16:47:26 INFO  Package apple is installed
16:47:26 INFO  Assert that (True == value) with value=True ... passed
16:47:26 INFO  Package banana is installed
16:47:26 INFO  Assert that (True == value) with value=True ... passed
16:47:27 INFO  Package cherry is installed
16:47:27 INFO  Assert that (True == value) with value=True ... passed
16:47:27 INFO  Package asciijump is installed
16:47:27 WARN  Assert that (False == value) with value=True ... failed 
16:47:27 INFO  Assert that (False == value) with value=False ... passed
16:47:27 INFO  Response status: 201
16:47:27 INFO  Response to action: {
    &quot;creationTime&quot;: &quot;2022-04-28T16:47:27.714Z&quot;,
    &quot;deviceName&quot;: &quot;mythica&quot;,
    &quot;deviceId&quot;: &quot;17915176&quot;,
    &quot;self&quot;: &quot;https://t493319102.eu-latest.cumulocity.com/devicecontrol/operations/17923813&quot;,
    &quot;id&quot;: &quot;17923813&quot;,
    &quot;status&quot;: &quot;PENDING&quot;,
    &quot;description&quot;: &quot;Apply software changes, triggered from PySys: [{'action': 'install', 'id': '5495053', 'name': 'apple', 'url': ' ', 'version': '::fruits'}, {'action': 'install', 'id': '5494888', 'name': 'banana', 'url': ' ', 'version': '::fruits'}, {'action': 'install', 'id': '5475369', 'name': 'asciijump', 'url': ' ', 'version': '::apt'}, {'action': 'install', 'id': '5495382', 'name': 'cherry', 'url': ' ', 'version': '::fruits'}, {'action': 'install', 'id': '8018911', 'name': 'registry', 'url': ' ', 'version': '::docker'}]&quot;,
    &quot;c8y_SoftwareUpdate&quot;: [
        {
            &quot;name&quot;: &quot;apple&quot;,
            &quot;action&quot;: &quot;install&quot;,
            &quot;id&quot;: &quot;5495053&quot;,
            &quot;version&quot;: &quot;::fruits&quot;,
            &quot;url&quot;: &quot; &quot;
        },
        {
            &quot;name&quot;: &quot;banana&quot;,
            &quot;action&quot;: &quot;install&quot;,
            &quot;id&quot;: &quot;5494888&quot;,
            &quot;version&quot;: &quot;::fruits&quot;,
            &quot;url&quot;: &quot; &quot;
        },
        {
            &quot;name&quot;: &quot;asciijump&quot;,
            &quot;action&quot;: &quot;install&quot;,
            &quot;id&quot;: &quot;5475369&quot;,
            &quot;version&quot;: &quot;::apt&quot;,
            &quot;url&quot;: &quot; &quot;
        },
        {
            &quot;name&quot;: &quot;cherry&quot;,
            &quot;action&quot;: &quot;install&quot;,
            &quot;id&quot;: &quot;5495382&quot;,
            &quot;version&quot;: &quot;::fruits&quot;,
            &quot;url&quot;: &quot; &quot;
        },
        {
            &quot;name&quot;: &quot;registry&quot;,
            &quot;action&quot;: &quot;install&quot;,
            &quot;id&quot;: &quot;8018911&quot;,
            &quot;version&quot;: &quot;::docker&quot;,
            &quot;url&quot;: &quot; &quot;
        }
    ]
}
16:47:27 INFO  Started operation: {'creationTime': '2022-04-28T16:47:27.714Z', 'deviceName': 'mythica', 'deviceId': '17915176', 'self': 'https://t493319102.eu-latest.cumulocity.com/devicecontrol/operations/17923813', 'id': '17923813', 'status': 'PENDING', 'description': &quot;Apply software changes, triggered from PySys: [{'action': 'install', 'id': '5495053', 'name': 'apple', 'url': ' ', 'version': '::fruits'}, {'action': 'install', 'id': '5494888', 'name': 'banana', 'url': ' ', 'version': '::fruits'}, {'action': 'install', 'id': '5475369', 'name': 'asciijump', 'url': ' ', 'version': '::apt'}, {'action': 'install', 'id': '5495382', 'name': 'cherry', 'url': ' ', 'version': '::fruits'}, {'action': 'install', 'id': '8018911', 'name': 'registry', 'url': ' ', 'version': '::docker'}]&quot;, 'c8y_SoftwareUpdate': [{'name': 'apple', 'action': 'install', 'id': '5495053', 'version': '::fruits', 'url': ' '}, {'name': 'banana', 'action': 'install', 'id': '5494888', 'version': '::fruits', 'url': ' '}, {'name': 'asciijump', 'action': 'install', 'id': '5475369', 'version': '::apt', 'url': ' '}, {'name': 'cherry', 'action': 'install', 'id': '5495382', 'version': '::fruits', 'url': ' '}, {'name': 'registry', 'action': 'install', 'id': '8018911', 'version': '::docker', 'url': ' '}]}
16:47:29 INFO  State of operation 17923813 : PENDING
16:47:32 INFO  State of operation 17923813 : EXECUTING
16:47:34 INFO  State of operation 17923813 : EXECUTING
16:47:36 INFO  State of operation 17923813 : EXECUTING
16:47:38 INFO  State of operation 17923813 : EXECUTING
16:47:41 INFO  State of operation 17923813 : EXECUTING
16:47:43 INFO  State of operation 17923813 : EXECUTING
16:47:46 INFO  State of operation 17923813 : EXECUTING
16:47:48 INFO  State of operation 17923813 : EXECUTING
16:47:51 INFO  State of operation 17923813 : EXECUTING
16:47:53 INFO  State of operation 17923813 : EXECUTING
16:47:55 INFO  State of operation 17923813 : EXECUTING
16:47:57 INFO  State of operation 17923813 : EXECUTING
16:48:00 INFO  State of operation 17923813 : EXECUTING
16:48:02 INFO  State of operation 17923813 : EXECUTING
16:48:04 INFO  State of operation 17923813 : EXECUTING
16:48:06 INFO  State of operation 17923813 : EXECUTING
16:48:09 INFO  State of operation 17923813 : EXECUTING
16:48:11 INFO  State of operation 17923813 : EXECUTING
16:48:13 INFO  State of operation 17923813 : EXECUTING
16:48:15 INFO  State of operation 17923813 : EXECUTING
16:48:18 INFO  State of operation 17923813 : EXECUTING
16:48:20 INFO  State of operation 17923813 : EXECUTING
16:48:22 INFO  State of operation 17923813 : EXECUTING
16:48:25 INFO  State of operation 17923813 : EXECUTING
16:48:27 INFO  State of operation 17923813 : EXECUTING
16:48:29 INFO  State of operation 17923813 : EXECUTING
16:48:31 INFO  State of operation 17923813 : SUCCESSFUL
16:48:32 INFO  Package apple is installed
16:48:32 INFO  Assert that (True == value) with value=True ... passed
16:48:32 INFO  Package banana is installed
16:48:32 INFO  Assert that (True == value) with value=True ... passed
16:48:32 INFO  Package cherry is installed
16:48:32 INFO  Assert that (True == value) with value=True ... passed
16:48:32 INFO  Package asciijump is installed
16:48:32 INFO  Assert that (True == value) with value=True ... passed
16:48:33 INFO  Package registry is installed
16:48:33 INFO  Assert that (True == value) with value=True ... passed
16:48:33 INFO  Response status: 201
16:48:33 INFO  Response to action: {
    &quot;creationTime&quot;: &quot;2022-04-28T16:48:33.323Z&quot;,
    &quot;deviceName&quot;: &quot;mythica&quot;,
    &quot;deviceId&quot;: &quot;17915176&quot;,
    &quot;self&quot;: &quot;https://t493319102.eu-latest.cumulocity.com/devicecontrol/operations/17923825&quot;,
    &quot;id&quot;: &quot;17923825&quot;,
    &quot;status&quot;: &quot;PENDING&quot;,
    &quot;description&quot;: &quot;Apply software changes, triggered from PySys: [{'action': 'delete', 'id': '5495053', 'name': 'apple', 'url': ' ', 'version': '::fruits'}, {'action': 'delete', 'id': '5494888', 'name': 'banana', 'url': ' ', 'version': '::fruits'}, {'action': 'delete', 'id': '5475369', 'name': 'asciijump', 'url': ' ', 'version': '::apt'}, {'action': 'delete', 'id': '5495382', 'name': 'cherry', 'url': ' ', 'version': '::fruits'}, {'action': 'delete', 'id': '8018911', 'name': 'registry', 'url': ' ', 'version': '::docker'}]&quot;,
    &quot;c8y_SoftwareUpdate&quot;: [
        {
            &quot;name&quot;: &quot;apple&quot;,
            &quot;action&quot;: &quot;delete&quot;,
            &quot;id&quot;: &quot;5495053&quot;,
            &quot;version&quot;: &quot;::fruits&quot;,
            &quot;url&quot;: &quot; &quot;
        },
        {
            &quot;name&quot;: &quot;banana&quot;,
            &quot;action&quot;: &quot;delete&quot;,
            &quot;id&quot;: &quot;5494888&quot;,
            &quot;version&quot;: &quot;::fruits&quot;,
            &quot;url&quot;: &quot; &quot;
        },
        {
            &quot;name&quot;: &quot;asciijump&quot;,
            &quot;action&quot;: &quot;delete&quot;,
            &quot;id&quot;: &quot;5475369&quot;,
            &quot;version&quot;: &quot;::apt&quot;,
            &quot;url&quot;: &quot; &quot;
        },
        {
            &quot;name&quot;: &quot;cherry&quot;,
            &quot;action&quot;: &quot;delete&quot;,
            &quot;id&quot;: &quot;5495382&quot;,
            &quot;version&quot;: &quot;::fruits&quot;,
            &quot;url&quot;: &quot; &quot;
        },
        {
            &quot;name&quot;: &quot;registry&quot;,
            &quot;action&quot;: &quot;delete&quot;,
            &quot;id&quot;: &quot;8018911&quot;,
            &quot;version&quot;: &quot;::docker&quot;,
            &quot;url&quot;: &quot; &quot;
        }
    ]
}
16:48:33 INFO  Started operation: {'creationTime': '2022-04-28T16:48:33.323Z', 'deviceName': 'mythica', 'deviceId': '17915176', 'self': 'https://t493319102.eu-latest.cumulocity.com/devicecontrol/operations/17923825', 'id': '17923825', 'status': 'PENDING', 'description': &quot;Apply software changes, triggered from PySys: [{'action': 'delete', 'id': '5495053', 'name': 'apple', 'url': ' ', 'version': '::fruits'}, {'action': 'delete', 'id': '5494888', 'name': 'banana', 'url': ' ', 'version': '::fruits'}, {'action': 'delete', 'id': '5475369', 'name': 'asciijump', 'url': ' ', 'version': '::apt'}, {'action': 'delete', 'id': '5495382', 'name': 'cherry', 'url': ' ', 'version': '::fruits'}, {'action': 'delete', 'id': '8018911', 'name': 'registry', 'url': ' ', 'version': '::docker'}]&quot;, 'c8y_SoftwareUpdate': [{'name': 'apple', 'action': 'delete', 'id': '5495053', 'version': '::fruits', 'url': ' '}, {'name': 'banana', 'action': 'delete', 'id': '5494888', 'version': '::fruits', 'url': ' '}, {'name': 'asciijump', 'action': 'delete', 'id': '5475369', 'version': '::apt', 'url': ' '}, {'name': 'cherry', 'action': 'delete', 'id': '5495382', 'version': '::fruits', 'url': ' '}, {'name': 'registry', 'action': 'delete', 'id': '8018911', 'version': '::docker', 'url': ' '}]}
16:48:35 INFO  State of operation 17923825 : PENDING
16:48:37 INFO  State of operation 17923825 : EXECUTING
16:48:40 INFO  State of operation 17923825 : EXECUTING
16:48:42 INFO  State of operation 17923825 : EXECUTING
16:48:44 INFO  State of operation 17923825 : EXECUTING
16:48:46 INFO  State of operation 17923825 : EXECUTING
16:48:48 INFO  State of operation 17923825 : EXECUTING
16:48:51 INFO  State of operation 17923825 : EXECUTING
16:48:54 INFO  State of operation 17923825 : EXECUTING
16:48:56 INFO  State of operation 17923825 : EXECUTING
16:48:59 INFO  State of operation 17923825 : EXECUTING
16:49:01 INFO  State of operation 17923825 : EXECUTING
16:49:03 INFO  State of operation 17923825 : EXECUTING
16:49:05 INFO  State of operation 17923825 : EXECUTING
16:49:08 INFO  State of operation 17923825 : EXECUTING
16:49:10 INFO  State of operation 17923825 : EXECUTING
16:49:13 INFO  State of operation 17923825 : EXECUTING
16:49:15 INFO  State of operation 17923825 : EXECUTING
16:49:17 INFO  State of operation 17923825 : EXECUTING
16:49:20 INFO  State of operation 17923825 : EXECUTING
16:49:22 INFO  State of operation 17923825 : EXECUTING
16:49:24 INFO  State of operation 17923825 : EXECUTING
16:49:26 INFO  State of operation 17923825 : EXECUTING
16:49:30 INFO  State of operation 17923825 : EXECUTING
16:49:32 INFO  State of operation 17923825 : EXECUTING
16:49:34 INFO  State of operation 17923825 : EXECUTING
16:49:36 INFO  State of operation 17923825 : EXECUTING
16:49:39 INFO  State of operation 17923825 : EXECUTING
16:49:41 INFO  State of operation 17923825 : EXECUTING
16:49:43 INFO  State of operation 17923825 : EXECUTING
16:49:45 INFO  State of operation 17923825 : SUCCESSFUL
16:49:46 INFO  Package apple is installed
16:49:46 INFO  Assert that (True == value) with value=True ... passed
16:49:46 INFO  Package banana is installed
16:49:46 INFO  Assert that (True == value) with value=True ... passed
16:49:46 INFO  Package cherry is installed
16:49:46 INFO  Assert that (True == value) with value=True ... passed
16:49:46 INFO  Assert that (False == value) with value=False ... passed
16:49:47 INFO  Assert that (False == value) with value=False ... passed
16:49:47 INFO  
16:49:47 INFO  cleanup:
16:49:51 INFO  Executed sudo&lt;tedge_disconnect_c8y&gt;, exit status 0
16:49:52 INFO  Executed systemctl&lt;serv_mapper5&gt;, exit status 3
16:49:52 INFO  
16:49:52 INFO  Test duration: 170.64 secs
16:49:52 INFO  Test final outcome:  FAILED
16:49:52 INFO  Test outcome reason: Assert that (False == value) with value=True
16:49:52 INFO  
</system-out>
	</testcase>
</testsuite>
