<?xml version="1.0" encoding="utf-8"?>
<testsuite failures="1" name="SoftwareManagement.sm_mixed_install_remove_multiple" skipped="0" tests="1" time="169.61" timestamp="2022-05-09T08:22:20">
	<testcase classname="PySysTest" name="SoftwareManagement.sm_mixed_install_remove_multiple">
		<failure message="FAILED: Assert that (False == value) with value=True" type="FAILED"/>
		<system-out>08:19:31 INFO  ==============================================================
08:19:31 INFO  Id:    SoftwareManagement.sm_mixed_install_remove_multiple
08:19:31 INFO  Dir:   software_management_end_to_end/
08:19:31 INFO  Title: Validate end to end behaviour for the dummy-plugin for multiple packages with mixed versions
08:19:31 INFO  ==============================================================
08:19:31 INFO  Using sw id database: {'asciijump': '5475369', 'robotfindskitten': '5474869', 'squirrel3': '5475279', 'rolldice': '5152439', 'moon-buggy': '5439204', 'apple': '5495053', 'banana': '5494888', 'cherry': '5495382', 'watermelon': '5494510', 'registry': '8018911', 'hello-world': '8021526', 'docker/getting-started': '8021973', 'alpine': '7991792'}
08:19:31 INFO  EnvironmentC8y Setup
08:19:31 INFO  Executed systemctl&lt;serv_mapper1&gt;, exit status 3
08:19:32 INFO  Restarting mosquitto too frequently in the last 10 seconds. It was only up for 5 seconds
08:19:32 INFO  Delaying execution by 6 seconds
08:19:52 INFO  Executed sudo&lt;tedge_connect_c8y&gt;, exit status 0, duration 14 secs
08:19:52 INFO  Executed sudo&lt;tedge_connect_c8y_test&gt;, exit status 0
08:19:53 INFO  Executed systemctl&lt;serv_mosq2&gt;, exit status 0
08:19:53 INFO  Executed systemctl&lt;serv_mapper3&gt;, exit status 0
08:19:56 INFO  State of current operation: SUCCESSFUL
08:19:56 INFO  Package apple is installed
08:19:56 INFO  Assert that (True == value) with value=True ... passed
08:19:56 INFO  Package banana is installed
08:19:56 INFO  Assert that (True == value) with value=True ... passed
08:19:56 INFO  Package cherry is installed
08:19:56 INFO  Assert that (True == value) with value=True ... passed
08:19:56 INFO  Package asciijump is installed
08:19:56 WARN  Assert that (False == value) with value=True ... failed 
08:19:57 INFO  Assert that (False == value) with value=False ... passed
08:19:57 INFO  Response status: 201
08:19:57 INFO  Response to action: {
    &quot;delivery&quot;: {
        &quot;time&quot;: &quot;2022-05-09T08:19:57.403Z&quot;,
        &quot;log&quot;: [],
        &quot;status&quot;: &quot;PENDING&quot;
    },
    &quot;creationTime&quot;: &quot;2022-05-09T08:19:57.390Z&quot;,
    &quot;deviceName&quot;: &quot;mythica&quot;,
    &quot;deviceId&quot;: &quot;18509904&quot;,
    &quot;self&quot;: &quot;https://t493319102.eu-latest.cumulocity.com/devicecontrol/operations/18523707&quot;,
    &quot;id&quot;: &quot;18523707&quot;,
    &quot;status&quot;: &quot;PENDING&quot;,
    &quot;description&quot;: &quot;Apply software changes, triggered from PySys: [{'action': 'install', 'id': '5495053', 'name': 'apple', 'url': ' ', 'version': '::fruits'}, {'action': 'install', 'id': '5494888', 'name': 'banana', 'url': ' ', 'version': '::fruits'}, {'action': 'install', 'id': '5475369', 'name': 'asciijump', 'url': ' ', 'version': '::apt'}, {'action': 'install', 'id': '5495382', 'name': 'cherry', 'url': ' ', 'version': '::fruits'}, {'action': 'install', 'id': '8018911', 'name': 'registry', 'url': ' ', 'version': '::docker'}]&quot;,
    &quot;c8y_SoftwareUpdate&quot;: [
        {
            &quot;name&quot;: &quot;apple&quot;,
            &quot;action&quot;: &quot;install&quot;,
            &quot;id&quot;: &quot;5495053&quot;,
            &quot;version&quot;: &quot;::fruits&quot;,
            &quot;url&quot;: &quot; &quot;
        },
        {
            &quot;name&quot;: &quot;banana&quot;,
            &quot;action&quot;: &quot;install&quot;,
            &quot;id&quot;: &quot;5494888&quot;,
            &quot;version&quot;: &quot;::fruits&quot;,
            &quot;url&quot;: &quot; &quot;
        },
        {
            &quot;name&quot;: &quot;asciijump&quot;,
            &quot;action&quot;: &quot;install&quot;,
            &quot;id&quot;: &quot;5475369&quot;,
            &quot;version&quot;: &quot;::apt&quot;,
            &quot;url&quot;: &quot; &quot;
        },
        {
            &quot;name&quot;: &quot;cherry&quot;,
            &quot;action&quot;: &quot;install&quot;,
            &quot;id&quot;: &quot;5495382&quot;,
            &quot;version&quot;: &quot;::fruits&quot;,
            &quot;url&quot;: &quot; &quot;
        },
        {
            &quot;name&quot;: &quot;registry&quot;,
            &quot;action&quot;: &quot;install&quot;,
            &quot;id&quot;: &quot;8018911&quot;,
            &quot;version&quot;: &quot;::docker&quot;,
            &quot;url&quot;: &quot; &quot;
        }
    ]
}
08:19:57 INFO  Started operation: {'delivery': {'time': '2022-05-09T08:19:57.403Z', 'log': [], 'status': 'PENDING'}, 'creationTime': '2022-05-09T08:19:57.390Z', 'deviceName': 'mythica', 'deviceId': '18509904', 'self': 'https://t493319102.eu-latest.cumulocity.com/devicecontrol/operations/18523707', 'id': '18523707', 'status': 'PENDING', 'description': &quot;Apply software changes, triggered from PySys: [{'action': 'install', 'id': '5495053', 'name': 'apple', 'url': ' ', 'version': '::fruits'}, {'action': 'install', 'id': '5494888', 'name': 'banana', 'url': ' ', 'version': '::fruits'}, {'action': 'install', 'id': '5475369', 'name': 'asciijump', 'url': ' ', 'version': '::apt'}, {'action': 'install', 'id': '5495382', 'name': 'cherry', 'url': ' ', 'version': '::fruits'}, {'action': 'install', 'id': '8018911', 'name': 'registry', 'url': ' ', 'version': '::docker'}]&quot;, 'c8y_SoftwareUpdate': [{'name': 'apple', 'action': 'install', 'id': '5495053', 'version': '::fruits', 'url': ' '}, {'name': 'banana', 'action': 'install', 'id': '5494888', 'version': '::fruits', 'url': ' '}, {'name': 'asciijump', 'action': 'install', 'id': '5475369', 'version': '::apt', 'url': ' '}, {'name': 'cherry', 'action': 'install', 'id': '5495382', 'version': '::fruits', 'url': ' '}, {'name': 'registry', 'action': 'install', 'id': '8018911', 'version': '::docker', 'url': ' '}]}
08:19:59 INFO  State of operation 18523707 : PENDING
08:20:01 INFO  State of operation 18523707 : EXECUTING
08:20:04 INFO  State of operation 18523707 : EXECUTING
08:20:06 INFO  State of operation 18523707 : EXECUTING
08:20:08 INFO  State of operation 18523707 : EXECUTING
08:20:10 INFO  State of operation 18523707 : EXECUTING
08:20:13 INFO  State of operation 18523707 : EXECUTING
08:20:15 INFO  State of operation 18523707 : EXECUTING
08:20:18 INFO  State of operation 18523707 : EXECUTING
08:20:20 INFO  State of operation 18523707 : EXECUTING
08:20:23 INFO  State of operation 18523707 : EXECUTING
08:20:25 INFO  State of operation 18523707 : EXECUTING
08:20:27 INFO  State of operation 18523707 : EXECUTING
08:20:29 INFO  State of operation 18523707 : EXECUTING
08:20:32 INFO  State of operation 18523707 : EXECUTING
08:20:34 INFO  State of operation 18523707 : EXECUTING
08:20:36 INFO  State of operation 18523707 : EXECUTING
08:20:39 INFO  State of operation 18523707 : EXECUTING
08:20:41 INFO  State of operation 18523707 : EXECUTING
08:20:43 INFO  State of operation 18523707 : EXECUTING
08:20:45 INFO  State of operation 18523707 : EXECUTING
08:20:48 INFO  State of operation 18523707 : EXECUTING
08:20:50 INFO  State of operation 18523707 : EXECUTING
08:20:52 INFO  State of operation 18523707 : EXECUTING
08:20:55 INFO  State of operation 18523707 : EXECUTING
08:20:57 INFO  State of operation 18523707 : EXECUTING
08:20:59 INFO  State of operation 18523707 : SUCCESSFUL
08:20:59 INFO  Package apple is installed
08:20:59 INFO  Assert that (True == value) with value=True ... passed
08:21:00 INFO  Package banana is installed
08:21:00 INFO  Assert that (True == value) with value=True ... passed
08:21:00 INFO  Package cherry is installed
08:21:00 INFO  Assert that (True == value) with value=True ... passed
08:21:00 INFO  Package asciijump is installed
08:21:00 INFO  Assert that (True == value) with value=True ... passed
08:21:00 INFO  Package registry is installed
08:21:00 INFO  Assert that (True == value) with value=True ... passed
08:21:00 INFO  Response status: 201
08:21:00 INFO  Response to action: {
    &quot;delivery&quot;: {
        &quot;time&quot;: &quot;2022-05-09T08:21:00.961Z&quot;,
        &quot;log&quot;: [],
        &quot;status&quot;: &quot;PENDING&quot;
    },
    &quot;creationTime&quot;: &quot;2022-05-09T08:21:00.947Z&quot;,
    &quot;deviceName&quot;: &quot;mythica&quot;,
    &quot;deviceId&quot;: &quot;18509904&quot;,
    &quot;self&quot;: &quot;https://t493319102.eu-latest.cumulocity.com/devicecontrol/operations/18523728&quot;,
    &quot;id&quot;: &quot;18523728&quot;,
    &quot;status&quot;: &quot;PENDING&quot;,
    &quot;description&quot;: &quot;Apply software changes, triggered from PySys: [{'action': 'delete', 'id': '5495053', 'name': 'apple', 'url': ' ', 'version': '::fruits'}, {'action': 'delete', 'id': '5494888', 'name': 'banana', 'url': ' ', 'version': '::fruits'}, {'action': 'delete', 'id': '5475369', 'name': 'asciijump', 'url': ' ', 'version': '::apt'}, {'action': 'delete', 'id': '5495382', 'name': 'cherry', 'url': ' ', 'version': '::fruits'}, {'action': 'delete', 'id': '8018911', 'name': 'registry', 'url': ' ', 'version': '::docker'}]&quot;,
    &quot;c8y_SoftwareUpdate&quot;: [
        {
            &quot;name&quot;: &quot;apple&quot;,
            &quot;action&quot;: &quot;delete&quot;,
            &quot;id&quot;: &quot;5495053&quot;,
            &quot;version&quot;: &quot;::fruits&quot;,
            &quot;url&quot;: &quot; &quot;
        },
        {
            &quot;name&quot;: &quot;banana&quot;,
            &quot;action&quot;: &quot;delete&quot;,
            &quot;id&quot;: &quot;5494888&quot;,
            &quot;version&quot;: &quot;::fruits&quot;,
            &quot;url&quot;: &quot; &quot;
        },
        {
            &quot;name&quot;: &quot;asciijump&quot;,
            &quot;action&quot;: &quot;delete&quot;,
            &quot;id&quot;: &quot;5475369&quot;,
            &quot;version&quot;: &quot;::apt&quot;,
            &quot;url&quot;: &quot; &quot;
        },
        {
            &quot;name&quot;: &quot;cherry&quot;,
            &quot;action&quot;: &quot;delete&quot;,
            &quot;id&quot;: &quot;5495382&quot;,
            &quot;version&quot;: &quot;::fruits&quot;,
            &quot;url&quot;: &quot; &quot;
        },
        {
            &quot;name&quot;: &quot;registry&quot;,
            &quot;action&quot;: &quot;delete&quot;,
            &quot;id&quot;: &quot;8018911&quot;,
            &quot;version&quot;: &quot;::docker&quot;,
            &quot;url&quot;: &quot; &quot;
        }
    ]
}
08:21:01 INFO  Started operation: {'delivery': {'time': '2022-05-09T08:21:00.961Z', 'log': [], 'status': 'PENDING'}, 'creationTime': '2022-05-09T08:21:00.947Z', 'deviceName': 'mythica', 'deviceId': '18509904', 'self': 'https://t493319102.eu-latest.cumulocity.com/devicecontrol/operations/18523728', 'id': '18523728', 'status': 'PENDING', 'description': &quot;Apply software changes, triggered from PySys: [{'action': 'delete', 'id': '5495053', 'name': 'apple', 'url': ' ', 'version': '::fruits'}, {'action': 'delete', 'id': '5494888', 'name': 'banana', 'url': ' ', 'version': '::fruits'}, {'action': 'delete', 'id': '5475369', 'name': 'asciijump', 'url': ' ', 'version': '::apt'}, {'action': 'delete', 'id': '5495382', 'name': 'cherry', 'url': ' ', 'version': '::fruits'}, {'action': 'delete', 'id': '8018911', 'name': 'registry', 'url': ' ', 'version': '::docker'}]&quot;, 'c8y_SoftwareUpdate': [{'name': 'apple', 'action': 'delete', 'id': '5495053', 'version': '::fruits', 'url': ' '}, {'name': 'banana', 'action': 'delete', 'id': '5494888', 'version': '::fruits', 'url': ' '}, {'name': 'asciijump', 'action': 'delete', 'id': '5475369', 'version': '::apt', 'url': ' '}, {'name': 'cherry', 'action': 'delete', 'id': '5495382', 'version': '::fruits', 'url': ' '}, {'name': 'registry', 'action': 'delete', 'id': '8018911', 'version': '::docker', 'url': ' '}]}
08:21:03 INFO  State of operation 18523728 : PENDING
08:21:05 INFO  State of operation 18523728 : EXECUTING
08:21:07 INFO  State of operation 18523728 : EXECUTING
08:21:09 INFO  State of operation 18523728 : EXECUTING
08:21:12 INFO  State of operation 18523728 : EXECUTING
08:21:14 INFO  State of operation 18523728 : EXECUTING
08:21:16 INFO  State of operation 18523728 : EXECUTING
08:21:19 INFO  State of operation 18523728 : EXECUTING
08:21:22 INFO  State of operation 18523728 : EXECUTING
08:21:24 INFO  State of operation 18523728 : EXECUTING
08:21:27 INFO  State of operation 18523728 : EXECUTING
08:21:29 INFO  State of operation 18523728 : EXECUTING
08:21:31 INFO  State of operation 18523728 : EXECUTING
08:21:33 INFO  State of operation 18523728 : EXECUTING
08:21:36 INFO  State of operation 18523728 : EXECUTING
08:21:38 INFO  State of operation 18523728 : EXECUTING
08:21:40 INFO  State of operation 18523728 : EXECUTING
08:21:43 INFO  State of operation 18523728 : EXECUTING
08:21:46 INFO  State of operation 18523728 : EXECUTING
08:21:48 INFO  State of operation 18523728 : EXECUTING
08:21:50 INFO  State of operation 18523728 : EXECUTING
08:21:52 INFO  State of operation 18523728 : EXECUTING
08:21:54 INFO  State of operation 18523728 : EXECUTING
08:21:59 INFO  State of operation 18523728 : EXECUTING
08:22:01 INFO  State of operation 18523728 : EXECUTING
08:22:03 INFO  State of operation 18523728 : EXECUTING
08:22:05 INFO  State of operation 18523728 : EXECUTING
08:22:08 INFO  State of operation 18523728 : EXECUTING
08:22:10 INFO  State of operation 18523728 : EXECUTING
08:22:12 INFO  State of operation 18523728 : EXECUTING
08:22:14 INFO  State of operation 18523728 : SUCCESSFUL
08:22:15 INFO  Package apple is installed
08:22:15 INFO  Assert that (True == value) with value=True ... passed
08:22:15 INFO  Package banana is installed
08:22:15 INFO  Assert that (True == value) with value=True ... passed
08:22:15 INFO  Package cherry is installed
08:22:15 INFO  Assert that (True == value) with value=True ... passed
08:22:15 INFO  Assert that (False == value) with value=False ... passed
08:22:16 INFO  Assert that (False == value) with value=False ... passed
08:22:16 INFO  
08:22:16 INFO  cleanup:
08:22:20 INFO  Executed sudo&lt;tedge_disconnect_c8y&gt;, exit status 0
08:22:20 INFO  Executed systemctl&lt;serv_mapper5&gt;, exit status 3
08:22:20 INFO  
08:22:20 INFO  Test duration: 169.61 secs
08:22:20 INFO  Test final outcome:  FAILED
08:22:20 INFO  Test outcome reason: Assert that (False == value) with value=True
08:22:20 INFO  
</system-out>
	</testcase>
</testsuite>
