<?xml version="1.0" encoding="utf-8"?>
<testsuite failures="1" name="SoftwareManagement.sm_apt_install_remove_multiple" skipped="0" tests="1" time="150.45" timestamp="2022-05-11T12:45:36">
	<testcase classname="PySysTest" name="SoftwareManagement.sm_apt_install_remove_multiple">
		<failure message="FAILED: Assert that (False == value) with value=True (+2 other failures)" type="FAILED"/>
		<system-out>12:43:06 INFO  ==============================================================
12:43:06 INFO  Id:    SoftwareManagement.sm_apt_install_remove_multiple
12:43:06 INFO  Dir:   software_management_end_to_end/
12:43:06 INFO  Title: Validate end to end behaviour for the apt plugin for multiple packages
12:43:06 INFO  ==============================================================
12:43:06 INFO  Using sw id database: {'asciijump': '5475369', 'robotfindskitten': '5474869', 'squirrel3': '5475279', 'rolldice': '5152439', 'moon-buggy': '5439204', 'apple': '5495053', 'banana': '5494888', 'cherry': '5495382', 'watermelon': '5494510', 'registry': '8018911', 'hello-world': '8021526', 'docker/getting-started': '8021973', 'alpine': '7991792'}
12:43:06 INFO  EnvironmentC8y Setup
12:43:07 INFO  Executed systemctl&lt;serv_mapper1&gt;, exit status 3
12:43:07 INFO  Restarting mosquitto too frequently in the last 10 seconds. It was only up for 5 seconds
12:43:07 INFO  Delaying execution by 6 seconds
12:43:29 INFO  Executed sudo&lt;tedge_connect_c8y&gt;, exit status 0, duration 16 secs
12:43:29 INFO  Executed sudo&lt;tedge_connect_c8y_test&gt;, exit status 0
12:43:30 INFO  Executed systemctl&lt;serv_mosq2&gt;, exit status 0
12:43:30 INFO  Executed systemctl&lt;serv_mapper3&gt;, exit status 0
12:43:33 INFO  State of current operation: SUCCESSFUL
12:43:33 INFO  Assert that (False == value) with value=False ... passed
12:43:33 INFO  Package asciijump is installed
12:43:33 WARN  Assert that (False == value) with value=True ... failed 
12:43:33 INFO  Package squirrel3 is installed
12:43:33 WARN  Assert that (False == value) with value=True ... failed 
12:43:34 INFO  Package robotfindskitten is installed
12:43:34 WARN  Assert that (False == value) with value=True ... failed 
12:43:34 INFO  Response status: 201
12:43:34 INFO  Response to action: {
    &quot;creationTime&quot;: &quot;2022-05-11T12:43:34.419Z&quot;,
    &quot;deviceName&quot;: &quot;mythica&quot;,
    &quot;deviceId&quot;: &quot;18814966&quot;,
    &quot;self&quot;: &quot;https://t493319102.eu-latest.cumulocity.com/devicecontrol/operations/18841034&quot;,
    &quot;id&quot;: &quot;18841034&quot;,
    &quot;status&quot;: &quot;PENDING&quot;,
    &quot;description&quot;: &quot;Apply software changes, triggered from PySys: [{'action': 'install', 'id': '5475369', 'name': 'asciijump', 'url': ' ', 'version': '::apt'}, {'action': 'install', 'id': '5474869', 'name': 'robotfindskitten', 'url': ' ', 'version': '::apt'}, {'action': 'install', 'id': '5475279', 'name': 'squirrel3', 'url': ' ', 'version': '::apt'}]&quot;,
    &quot;c8y_SoftwareUpdate&quot;: [
        {
            &quot;name&quot;: &quot;asciijump&quot;,
            &quot;action&quot;: &quot;install&quot;,
            &quot;id&quot;: &quot;5475369&quot;,
            &quot;version&quot;: &quot;::apt&quot;,
            &quot;url&quot;: &quot; &quot;
        },
        {
            &quot;name&quot;: &quot;robotfindskitten&quot;,
            &quot;action&quot;: &quot;install&quot;,
            &quot;id&quot;: &quot;5474869&quot;,
            &quot;version&quot;: &quot;::apt&quot;,
            &quot;url&quot;: &quot; &quot;
        },
        {
            &quot;name&quot;: &quot;squirrel3&quot;,
            &quot;action&quot;: &quot;install&quot;,
            &quot;id&quot;: &quot;5475279&quot;,
            &quot;version&quot;: &quot;::apt&quot;,
            &quot;url&quot;: &quot; &quot;
        }
    ]
}
12:43:34 INFO  Started operation: {'creationTime': '2022-05-11T12:43:34.419Z', 'deviceName': 'mythica', 'deviceId': '18814966', 'self': 'https://t493319102.eu-latest.cumulocity.com/devicecontrol/operations/18841034', 'id': '18841034', 'status': 'PENDING', 'description': &quot;Apply software changes, triggered from PySys: [{'action': 'install', 'id': '5475369', 'name': 'asciijump', 'url': ' ', 'version': '::apt'}, {'action': 'install', 'id': '5474869', 'name': 'robotfindskitten', 'url': ' ', 'version': '::apt'}, {'action': 'install', 'id': '5475279', 'name': 'squirrel3', 'url': ' ', 'version': '::apt'}]&quot;, 'c8y_SoftwareUpdate': [{'name': 'asciijump', 'action': 'install', 'id': '5475369', 'version': '::apt', 'url': ' '}, {'name': 'robotfindskitten', 'action': 'install', 'id': '5474869', 'version': '::apt', 'url': ' '}, {'name': 'squirrel3', 'action': 'install', 'id': '5475279', 'version': '::apt', 'url': ' '}]}
12:43:36 INFO  State of operation 18841034 : PENDING
12:43:38 INFO  State of operation 18841034 : EXECUTING
12:43:41 INFO  State of operation 18841034 : EXECUTING
12:43:43 INFO  State of operation 18841034 : EXECUTING
12:43:45 INFO  State of operation 18841034 : EXECUTING
12:43:47 INFO  State of operation 18841034 : EXECUTING
12:43:50 INFO  State of operation 18841034 : EXECUTING
12:43:54 INFO  State of operation 18841034 : EXECUTING
12:43:56 INFO  State of operation 18841034 : EXECUTING
12:43:58 INFO  State of operation 18841034 : EXECUTING
12:44:01 INFO  State of operation 18841034 : EXECUTING
12:44:03 INFO  State of operation 18841034 : EXECUTING
12:44:05 INFO  State of operation 18841034 : EXECUTING
12:44:07 INFO  State of operation 18841034 : EXECUTING
12:44:09 INFO  State of operation 18841034 : EXECUTING
12:44:12 INFO  State of operation 18841034 : SUCCESSFUL
12:44:12 INFO  Assert that (False == value) with value=False ... passed
12:44:12 INFO  Package asciijump is installed
12:44:12 INFO  Assert that (True == value) with value=True ... passed
12:44:13 INFO  Package squirrel3 is installed
12:44:13 INFO  Assert that (True == value) with value=True ... passed
12:44:13 INFO  Package robotfindskitten is installed
12:44:13 INFO  Assert that (True == value) with value=True ... passed
12:44:13 INFO  Response status: 201
12:44:13 INFO  Response to action: {
    &quot;creationTime&quot;: &quot;2022-05-11T12:44:13.459Z&quot;,
    &quot;deviceName&quot;: &quot;mythica&quot;,
    &quot;deviceId&quot;: &quot;18814966&quot;,
    &quot;self&quot;: &quot;https://t493319102.eu-latest.cumulocity.com/devicecontrol/operations/18841061&quot;,
    &quot;id&quot;: &quot;18841061&quot;,
    &quot;status&quot;: &quot;PENDING&quot;,
    &quot;description&quot;: &quot;Apply software changes, triggered from PySys: [{'action': 'delete', 'id': '5475369', 'name': 'asciijump', 'url': ' ', 'version': '::apt'}, {'action': 'delete', 'id': '5474869', 'name': 'robotfindskitten', 'url': ' ', 'version': '::apt'}, {'action': 'delete', 'id': '5475279', 'name': 'squirrel3', 'url': ' ', 'version': '::apt'}]&quot;,
    &quot;c8y_SoftwareUpdate&quot;: [
        {
            &quot;name&quot;: &quot;asciijump&quot;,
            &quot;action&quot;: &quot;delete&quot;,
            &quot;id&quot;: &quot;5475369&quot;,
            &quot;version&quot;: &quot;::apt&quot;,
            &quot;url&quot;: &quot; &quot;
        },
        {
            &quot;name&quot;: &quot;robotfindskitten&quot;,
            &quot;action&quot;: &quot;delete&quot;,
            &quot;id&quot;: &quot;5474869&quot;,
            &quot;version&quot;: &quot;::apt&quot;,
            &quot;url&quot;: &quot; &quot;
        },
        {
            &quot;name&quot;: &quot;squirrel3&quot;,
            &quot;action&quot;: &quot;delete&quot;,
            &quot;id&quot;: &quot;5475279&quot;,
            &quot;version&quot;: &quot;::apt&quot;,
            &quot;url&quot;: &quot; &quot;
        }
    ]
}
12:44:13 INFO  Started operation: {'creationTime': '2022-05-11T12:44:13.459Z', 'deviceName': 'mythica', 'deviceId': '18814966', 'self': 'https://t493319102.eu-latest.cumulocity.com/devicecontrol/operations/18841061', 'id': '18841061', 'status': 'PENDING', 'description': &quot;Apply software changes, triggered from PySys: [{'action': 'delete', 'id': '5475369', 'name': 'asciijump', 'url': ' ', 'version': '::apt'}, {'action': 'delete', 'id': '5474869', 'name': 'robotfindskitten', 'url': ' ', 'version': '::apt'}, {'action': 'delete', 'id': '5475279', 'name': 'squirrel3', 'url': ' ', 'version': '::apt'}]&quot;, 'c8y_SoftwareUpdate': [{'name': 'asciijump', 'action': 'delete', 'id': '5475369', 'version': '::apt', 'url': ' '}, {'name': 'robotfindskitten', 'action': 'delete', 'id': '5474869', 'version': '::apt', 'url': ' '}, {'name': 'squirrel3', 'action': 'delete', 'id': '5475279', 'version': '::apt', 'url': ' '}]}
12:44:15 INFO  State of operation 18841061 : PENDING
12:44:17 INFO  State of operation 18841061 : EXECUTING
12:44:20 INFO  State of operation 18841061 : EXECUTING
12:44:22 INFO  State of operation 18841061 : EXECUTING
12:44:24 INFO  State of operation 18841061 : EXECUTING
12:44:26 INFO  State of operation 18841061 : EXECUTING
12:44:29 INFO  State of operation 18841061 : EXECUTING
12:44:32 INFO  State of operation 18841061 : EXECUTING
12:44:35 INFO  State of operation 18841061 : EXECUTING
12:44:37 INFO  State of operation 18841061 : EXECUTING
12:44:39 INFO  State of operation 18841061 : EXECUTING
12:44:42 INFO  State of operation 18841061 : EXECUTING
12:44:44 INFO  State of operation 18841061 : EXECUTING
12:44:46 INFO  State of operation 18841061 : EXECUTING
12:44:48 INFO  State of operation 18841061 : EXECUTING
12:44:51 INFO  State of operation 18841061 : EXECUTING
12:44:53 INFO  State of operation 18841061 : EXECUTING
12:44:55 INFO  State of operation 18841061 : EXECUTING
12:44:58 INFO  State of operation 18841061 : EXECUTING
12:45:00 INFO  State of operation 18841061 : EXECUTING
12:45:03 INFO  State of operation 18841061 : EXECUTING
12:45:05 INFO  State of operation 18841061 : EXECUTING
12:45:08 INFO  State of operation 18841061 : EXECUTING
12:45:10 INFO  State of operation 18841061 : EXECUTING
12:45:12 INFO  State of operation 18841061 : EXECUTING
12:45:14 INFO  State of operation 18841061 : EXECUTING
12:45:16 INFO  State of operation 18841061 : EXECUTING
12:45:19 INFO  State of operation 18841061 : EXECUTING
12:45:22 INFO  State of operation 18841061 : EXECUTING
12:45:24 INFO  State of operation 18841061 : EXECUTING
12:45:26 INFO  State of operation 18841061 : EXECUTING
12:45:28 INFO  State of operation 18841061 : EXECUTING
12:45:31 INFO  State of operation 18841061 : SUCCESSFUL
12:45:31 INFO  Assert that (False == value) with value=False ... passed
12:45:31 INFO  Assert that (False == value) with value=False ... passed
12:45:31 INFO  Assert that (False == value) with value=False ... passed
12:45:32 INFO  Assert that (False == value) with value=False ... passed
12:45:32 INFO  
12:45:32 INFO  cleanup:
12:45:36 INFO  Executed sudo&lt;tedge_disconnect_c8y&gt;, exit status 0
12:45:36 INFO  Executed systemctl&lt;serv_mapper5&gt;, exit status 3
12:45:36 INFO  
12:45:36 INFO  Test duration: 150.45 secs
12:45:36 INFO  Test final outcome:  FAILED
12:45:36 INFO  Test outcome reason: Assert that (False == value) with value=True (+2 other failures)
12:45:36 INFO  
</system-out>
	</testcase>
</testsuite>
