<?xml version="1.0" encoding="utf-8"?>
<testsuite failures="1" name="SoftwareManagement.sm_mixed_install_remove_multiple" skipped="0" tests="1" time="171.39" timestamp="2022-04-28T08:48:26">
	<testcase classname="PySysTest" name="SoftwareManagement.sm_mixed_install_remove_multiple">
		<failure message="FAILED: Assert that (False == value) with value=True" type="FAILED"/>
		<system-out>08:45:34 INFO  ==============================================================
08:45:34 INFO  Id:    SoftwareManagement.sm_mixed_install_remove_multiple
08:45:34 INFO  Dir:   software_management_end_to_end/
08:45:34 INFO  Title: Validate end to end behaviour for the dummy-plugin for multiple packages with mixed versions
08:45:34 INFO  ==============================================================
08:45:34 INFO  Using sw id database: {'asciijump': '5475369', 'robotfindskitten': '5474869', 'squirrel3': '5475279', 'rolldice': '5152439', 'moon-buggy': '5439204', 'apple': '5495053', 'banana': '5494888', 'cherry': '5495382', 'watermelon': '5494510', 'registry': '8018911', 'hello-world': '8021526', 'docker/getting-started': '8021973', 'alpine': '7991792'}
08:45:34 INFO  EnvironmentC8y Setup
08:45:35 INFO  Executed systemctl&lt;serv_mapper1&gt;, exit status 3
08:45:35 INFO  Restarting mosquitto too frequently in the last 10 seconds. It was only up for 4 seconds
08:45:35 INFO  Delaying execution by 7 seconds
08:45:56 INFO  Executed sudo&lt;tedge_connect_c8y&gt;, exit status 0, duration 14 secs
08:45:57 INFO  Executed sudo&lt;tedge_connect_c8y_test&gt;, exit status 0
08:45:57 INFO  Executed systemctl&lt;serv_mosq2&gt;, exit status 0
08:45:58 INFO  Executed systemctl&lt;serv_mapper3&gt;, exit status 0
08:46:00 INFO  State of current operation: SUCCESSFUL
08:46:00 INFO  Package apple is installed
08:46:00 INFO  Assert that (True == value) with value=True ... passed
08:46:01 INFO  Package banana is installed
08:46:01 INFO  Assert that (True == value) with value=True ... passed
08:46:01 INFO  Package cherry is installed
08:46:01 INFO  Assert that (True == value) with value=True ... passed
08:46:01 INFO  Package asciijump is installed
08:46:01 WARN  Assert that (False == value) with value=True ... failed 
08:46:01 INFO  Assert that (False == value) with value=False ... passed
08:46:02 INFO  Response status: 201
08:46:02 INFO  Response to action: {
    &quot;creationTime&quot;: &quot;2022-04-28T08:46:02.211Z&quot;,
    &quot;deviceName&quot;: &quot;mythica&quot;,
    &quot;deviceId&quot;: &quot;17835201&quot;,
    &quot;self&quot;: &quot;https://t493319102.eu-latest.cumulocity.com/devicecontrol/operations/17865853&quot;,
    &quot;id&quot;: &quot;17865853&quot;,
    &quot;status&quot;: &quot;PENDING&quot;,
    &quot;description&quot;: &quot;Apply software changes, triggered from PySys: [{'action': 'install', 'id': '5495053', 'name': 'apple', 'url': ' ', 'version': '::fruits'}, {'action': 'install', 'id': '5494888', 'name': 'banana', 'url': ' ', 'version': '::fruits'}, {'action': 'install', 'id': '5475369', 'name': 'asciijump', 'url': ' ', 'version': '::apt'}, {'action': 'install', 'id': '5495382', 'name': 'cherry', 'url': ' ', 'version': '::fruits'}, {'action': 'install', 'id': '8018911', 'name': 'registry', 'url': ' ', 'version': '::docker'}]&quot;,
    &quot;c8y_SoftwareUpdate&quot;: [
        {
            &quot;name&quot;: &quot;apple&quot;,
            &quot;action&quot;: &quot;install&quot;,
            &quot;id&quot;: &quot;5495053&quot;,
            &quot;version&quot;: &quot;::fruits&quot;,
            &quot;url&quot;: &quot; &quot;
        },
        {
            &quot;name&quot;: &quot;banana&quot;,
            &quot;action&quot;: &quot;install&quot;,
            &quot;id&quot;: &quot;5494888&quot;,
            &quot;version&quot;: &quot;::fruits&quot;,
            &quot;url&quot;: &quot; &quot;
        },
        {
            &quot;name&quot;: &quot;asciijump&quot;,
            &quot;action&quot;: &quot;install&quot;,
            &quot;id&quot;: &quot;5475369&quot;,
            &quot;version&quot;: &quot;::apt&quot;,
            &quot;url&quot;: &quot; &quot;
        },
        {
            &quot;name&quot;: &quot;cherry&quot;,
            &quot;action&quot;: &quot;install&quot;,
            &quot;id&quot;: &quot;5495382&quot;,
            &quot;version&quot;: &quot;::fruits&quot;,
            &quot;url&quot;: &quot; &quot;
        },
        {
            &quot;name&quot;: &quot;registry&quot;,
            &quot;action&quot;: &quot;install&quot;,
            &quot;id&quot;: &quot;8018911&quot;,
            &quot;version&quot;: &quot;::docker&quot;,
            &quot;url&quot;: &quot; &quot;
        }
    ]
}
08:46:02 INFO  Started operation: {'creationTime': '2022-04-28T08:46:02.211Z', 'deviceName': 'mythica', 'deviceId': '17835201', 'self': 'https://t493319102.eu-latest.cumulocity.com/devicecontrol/operations/17865853', 'id': '17865853', 'status': 'PENDING', 'description': &quot;Apply software changes, triggered from PySys: [{'action': 'install', 'id': '5495053', 'name': 'apple', 'url': ' ', 'version': '::fruits'}, {'action': 'install', 'id': '5494888', 'name': 'banana', 'url': ' ', 'version': '::fruits'}, {'action': 'install', 'id': '5475369', 'name': 'asciijump', 'url': ' ', 'version': '::apt'}, {'action': 'install', 'id': '5495382', 'name': 'cherry', 'url': ' ', 'version': '::fruits'}, {'action': 'install', 'id': '8018911', 'name': 'registry', 'url': ' ', 'version': '::docker'}]&quot;, 'c8y_SoftwareUpdate': [{'name': 'apple', 'action': 'install', 'id': '5495053', 'version': '::fruits', 'url': ' '}, {'name': 'banana', 'action': 'install', 'id': '5494888', 'version': '::fruits', 'url': ' '}, {'name': 'asciijump', 'action': 'install', 'id': '5475369', 'version': '::apt', 'url': ' '}, {'name': 'cherry', 'action': 'install', 'id': '5495382', 'version': '::fruits', 'url': ' '}, {'name': 'registry', 'action': 'install', 'id': '8018911', 'version': '::docker', 'url': ' '}]}
08:46:04 INFO  State of operation 17865853 : PENDING
08:46:06 INFO  State of operation 17865853 : EXECUTING
08:46:08 INFO  State of operation 17865853 : EXECUTING
08:46:11 INFO  State of operation 17865853 : EXECUTING
08:46:13 INFO  State of operation 17865853 : EXECUTING
08:46:15 INFO  State of operation 17865853 : EXECUTING
08:46:18 INFO  State of operation 17865853 : EXECUTING
08:46:21 INFO  State of operation 17865853 : EXECUTING
08:46:23 INFO  State of operation 17865853 : EXECUTING
08:46:26 INFO  State of operation 17865853 : EXECUTING
08:46:28 INFO  State of operation 17865853 : EXECUTING
08:46:30 INFO  State of operation 17865853 : EXECUTING
08:46:32 INFO  State of operation 17865853 : EXECUTING
08:46:35 INFO  State of operation 17865853 : EXECUTING
08:46:37 INFO  State of operation 17865853 : EXECUTING
08:46:39 INFO  State of operation 17865853 : EXECUTING
08:46:41 INFO  State of operation 17865853 : EXECUTING
08:46:44 INFO  State of operation 17865853 : EXECUTING
08:46:46 INFO  State of operation 17865853 : EXECUTING
08:46:48 INFO  State of operation 17865853 : EXECUTING
08:46:50 INFO  State of operation 17865853 : EXECUTING
08:46:53 INFO  State of operation 17865853 : EXECUTING
08:46:55 INFO  State of operation 17865853 : EXECUTING
08:46:57 INFO  State of operation 17865853 : EXECUTING
08:46:59 INFO  State of operation 17865853 : EXECUTING
08:47:02 INFO  State of operation 17865853 : EXECUTING
08:47:04 INFO  State of operation 17865853 : SUCCESSFUL
08:47:04 INFO  Package apple is installed
08:47:04 INFO  Assert that (True == value) with value=True ... passed
08:47:04 INFO  Package banana is installed
08:47:04 INFO  Assert that (True == value) with value=True ... passed
08:47:05 INFO  Package cherry is installed
08:47:05 INFO  Assert that (True == value) with value=True ... passed
08:47:05 INFO  Package asciijump is installed
08:47:05 INFO  Assert that (True == value) with value=True ... passed
08:47:05 INFO  Package registry is installed
08:47:05 INFO  Assert that (True == value) with value=True ... passed
08:47:05 INFO  Response status: 201
08:47:05 INFO  Response to action: {
    &quot;creationTime&quot;: &quot;2022-04-28T08:47:05.794Z&quot;,
    &quot;deviceName&quot;: &quot;mythica&quot;,
    &quot;deviceId&quot;: &quot;17835201&quot;,
    &quot;self&quot;: &quot;https://t493319102.eu-latest.cumulocity.com/devicecontrol/operations/17865863&quot;,
    &quot;id&quot;: &quot;17865863&quot;,
    &quot;status&quot;: &quot;PENDING&quot;,
    &quot;description&quot;: &quot;Apply software changes, triggered from PySys: [{'action': 'delete', 'id': '5495053', 'name': 'apple', 'url': ' ', 'version': '::fruits'}, {'action': 'delete', 'id': '5494888', 'name': 'banana', 'url': ' ', 'version': '::fruits'}, {'action': 'delete', 'id': '5475369', 'name': 'asciijump', 'url': ' ', 'version': '::apt'}, {'action': 'delete', 'id': '5495382', 'name': 'cherry', 'url': ' ', 'version': '::fruits'}, {'action': 'delete', 'id': '8018911', 'name': 'registry', 'url': ' ', 'version': '::docker'}]&quot;,
    &quot;c8y_SoftwareUpdate&quot;: [
        {
            &quot;name&quot;: &quot;apple&quot;,
            &quot;action&quot;: &quot;delete&quot;,
            &quot;id&quot;: &quot;5495053&quot;,
            &quot;version&quot;: &quot;::fruits&quot;,
            &quot;url&quot;: &quot; &quot;
        },
        {
            &quot;name&quot;: &quot;banana&quot;,
            &quot;action&quot;: &quot;delete&quot;,
            &quot;id&quot;: &quot;5494888&quot;,
            &quot;version&quot;: &quot;::fruits&quot;,
            &quot;url&quot;: &quot; &quot;
        },
        {
            &quot;name&quot;: &quot;asciijump&quot;,
            &quot;action&quot;: &quot;delete&quot;,
            &quot;id&quot;: &quot;5475369&quot;,
            &quot;version&quot;: &quot;::apt&quot;,
            &quot;url&quot;: &quot; &quot;
        },
        {
            &quot;name&quot;: &quot;cherry&quot;,
            &quot;action&quot;: &quot;delete&quot;,
            &quot;id&quot;: &quot;5495382&quot;,
            &quot;version&quot;: &quot;::fruits&quot;,
            &quot;url&quot;: &quot; &quot;
        },
        {
            &quot;name&quot;: &quot;registry&quot;,
            &quot;action&quot;: &quot;delete&quot;,
            &quot;id&quot;: &quot;8018911&quot;,
            &quot;version&quot;: &quot;::docker&quot;,
            &quot;url&quot;: &quot; &quot;
        }
    ]
}
08:47:05 INFO  Started operation: {'creationTime': '2022-04-28T08:47:05.794Z', 'deviceName': 'mythica', 'deviceId': '17835201', 'self': 'https://t493319102.eu-latest.cumulocity.com/devicecontrol/operations/17865863', 'id': '17865863', 'status': 'PENDING', 'description': &quot;Apply software changes, triggered from PySys: [{'action': 'delete', 'id': '5495053', 'name': 'apple', 'url': ' ', 'version': '::fruits'}, {'action': 'delete', 'id': '5494888', 'name': 'banana', 'url': ' ', 'version': '::fruits'}, {'action': 'delete', 'id': '5475369', 'name': 'asciijump', 'url': ' ', 'version': '::apt'}, {'action': 'delete', 'id': '5495382', 'name': 'cherry', 'url': ' ', 'version': '::fruits'}, {'action': 'delete', 'id': '8018911', 'name': 'registry', 'url': ' ', 'version': '::docker'}]&quot;, 'c8y_SoftwareUpdate': [{'name': 'apple', 'action': 'delete', 'id': '5495053', 'version': '::fruits', 'url': ' '}, {'name': 'banana', 'action': 'delete', 'id': '5494888', 'version': '::fruits', 'url': ' '}, {'name': 'asciijump', 'action': 'delete', 'id': '5475369', 'version': '::apt', 'url': ' '}, {'name': 'cherry', 'action': 'delete', 'id': '5495382', 'version': '::fruits', 'url': ' '}, {'name': 'registry', 'action': 'delete', 'id': '8018911', 'version': '::docker', 'url': ' '}]}
08:47:08 INFO  State of operation 17865863 : PENDING
08:47:10 INFO  State of operation 17865863 : EXECUTING
08:47:12 INFO  State of operation 17865863 : EXECUTING
08:47:14 INFO  State of operation 17865863 : EXECUTING
08:47:16 INFO  State of operation 17865863 : EXECUTING
08:47:19 INFO  State of operation 17865863 : EXECUTING
08:47:21 INFO  State of operation 17865863 : EXECUTING
08:47:24 INFO  State of operation 17865863 : EXECUTING
08:47:27 INFO  State of operation 17865863 : EXECUTING
08:47:29 INFO  State of operation 17865863 : EXECUTING
08:47:31 INFO  State of operation 17865863 : EXECUTING
08:47:33 INFO  State of operation 17865863 : EXECUTING
08:47:36 INFO  State of operation 17865863 : EXECUTING
08:47:38 INFO  State of operation 17865863 : EXECUTING
08:47:40 INFO  State of operation 17865863 : EXECUTING
08:47:42 INFO  State of operation 17865863 : EXECUTING
08:47:45 INFO  State of operation 17865863 : EXECUTING
08:47:47 INFO  State of operation 17865863 : EXECUTING
08:47:50 INFO  State of operation 17865863 : EXECUTING
08:47:52 INFO  State of operation 17865863 : EXECUTING
08:47:54 INFO  State of operation 17865863 : EXECUTING
08:47:57 INFO  State of operation 17865863 : EXECUTING
08:47:59 INFO  State of operation 17865863 : EXECUTING
08:48:01 INFO  State of operation 17865863 : EXECUTING
08:48:04 INFO  State of operation 17865863 : EXECUTING
08:48:06 INFO  State of operation 17865863 : EXECUTING
08:48:08 INFO  State of operation 17865863 : EXECUTING
08:48:11 INFO  State of operation 17865863 : EXECUTING
08:48:13 INFO  State of operation 17865863 : EXECUTING
08:48:15 INFO  State of operation 17865863 : EXECUTING
08:48:17 INFO  State of operation 17865863 : EXECUTING
08:48:20 INFO  State of operation 17865863 : SUCCESSFUL
08:48:20 INFO  Package apple is installed
08:48:20 INFO  Assert that (True == value) with value=True ... passed
08:48:20 INFO  Package banana is installed
08:48:20 INFO  Assert that (True == value) with value=True ... passed
08:48:20 INFO  Package cherry is installed
08:48:20 INFO  Assert that (True == value) with value=True ... passed
08:48:21 INFO  Assert that (False == value) with value=False ... passed
08:48:21 INFO  Assert that (False == value) with value=False ... passed
08:48:21 INFO  
08:48:21 INFO  cleanup:
08:48:25 INFO  Executed sudo&lt;tedge_disconnect_c8y&gt;, exit status 0
08:48:26 INFO  Executed systemctl&lt;serv_mapper5&gt;, exit status 3
08:48:26 INFO  
08:48:26 INFO  Test duration: 171.39 secs
08:48:26 INFO  Test final outcome:  FAILED
08:48:26 INFO  Test outcome reason: Assert that (False == value) with value=True
08:48:26 INFO  
</system-out>
	</testcase>
</testsuite>
