<?xml version="1.0" encoding="utf-8"?>
<testsuite failures="0" name="SoftwareManagement.Plugin.apama_plugin_update" skipped="1" tests="1" time="0.04" timestamp="2022-05-16T08:23:59">
	<testcase classname="ApamaPluginUpdateTest" name="SoftwareManagement.Plugin.apama_plugin_update">
		<skipped message="SKIPPED: Test execution disabled due to #1052"/>
		<system-out>08:23:59 INFO  ==============================================================
08:23:59 INFO  Id:    SoftwareManagement.Plugin.apama_plugin_update
08:23:59 INFO  Dir:   plugin_apama/
08:23:59 INFO  Title: Validate apama plugin updating one project with another
08:23:59 INFO  ==============================================================
08:23:59 INFO  Test execution disabled due to #1052 ... skipped
08:23:59 INFO  
08:23:59 INFO  Test duration: 0.04 secs
08:23:59 INFO  Test final outcome:  SKIPPED
08:23:59 INFO  Test outcome reason: Test execution disabled due to #1052
08:23:59 INFO  
</system-out>
	</testcase>
</testsuite>
