<?xml version="1.0" encoding="utf-8"?>
<testsuite failures="1" name="SoftwareManagement.sm_apt_install_remove_multiple" skipped="0" tests="1" time="142.3" timestamp="2022-05-23T10:27:13">
	<testcase classname="PySysTest" name="SoftwareManagement.sm_apt_install_remove_multiple">
		<failure message="FAILED: Assert that (False == value) with value=True (+2 other failures)" type="FAILED"/>
		<system-out>10:24:51 INFO  ==============================================================
10:24:51 INFO  Id:    SoftwareManagement.sm_apt_install_remove_multiple
10:24:51 INFO  Dir:   software_management_end_to_end/
10:24:51 INFO  Title: Validate end to end behaviour for the apt plugin for multiple packages
10:24:51 INFO  ==============================================================
10:24:51 INFO  Using sw id database: {'asciijump': '5475369', 'robotfindskitten': '5474869', 'squirrel3': '5475279', 'rolldice': '5152439', 'moon-buggy': '5439204', 'apple': '5495053', 'banana': '5494888', 'cherry': '5495382', 'watermelon': '5494510', 'registry': '8018911', 'hello-world': '8021526', 'docker/getting-started': '8021973', 'alpine': '7991792'}
10:24:51 INFO  EnvironmentC8y Setup
10:24:51 INFO  Executed systemctl&lt;serv_mapper1&gt;, exit status 3
10:24:51 INFO  Restarting mosquitto too frequently in the last 10 seconds. It was only up for 5 seconds
10:24:51 INFO  Delaying execution by 6 seconds
10:25:12 INFO  Executed sudo&lt;tedge_connect_c8y&gt;, exit status 0, duration 14 secs
10:25:13 INFO  Executed sudo&lt;tedge_connect_c8y_test&gt;, exit status 0
10:25:13 INFO  Executed systemctl&lt;serv_mosq2&gt;, exit status 0
10:25:14 INFO  Executed systemctl&lt;serv_mapper3&gt;, exit status 0
10:25:16 INFO  State of current operation: SUCCESSFUL
10:25:16 INFO  Assert that (False == value) with value=False ... passed
10:25:16 INFO  Package asciijump is installed
10:25:17 WARN  Assert that (False == value) with value=True ... failed 
10:25:17 INFO  Package squirrel3 is installed
10:25:17 WARN  Assert that (False == value) with value=True ... failed 
10:25:17 INFO  Package robotfindskitten is installed
10:25:17 WARN  Assert that (False == value) with value=True ... failed 
10:25:18 INFO  Response status: 201
10:25:18 INFO  Response to action: {
    &quot;delivery&quot;: {
        &quot;log&quot;: [],
        &quot;time&quot;: &quot;2022-05-23T10:25:18.062Z&quot;,
        &quot;status&quot;: &quot;PENDING&quot;
    },
    &quot;creationTime&quot;: &quot;2022-05-23T10:25:17.963Z&quot;,
    &quot;deviceId&quot;: &quot;19484863&quot;,
    &quot;deviceName&quot;: &quot;mythica&quot;,
    &quot;self&quot;: &quot;https://t493319102.eu-latest.cumulocity.com/devicecontrol/operations/19512793&quot;,
    &quot;id&quot;: &quot;19512793&quot;,
    &quot;status&quot;: &quot;PENDING&quot;,
    &quot;description&quot;: &quot;Apply software changes, triggered from PySys: [{'action': 'install', 'id': '5475369', 'name': 'asciijump', 'url': ' ', 'version': '::apt'}, {'action': 'install', 'id': '5474869', 'name': 'robotfindskitten', 'url': ' ', 'version': '::apt'}, {'action': 'install', 'id': '5475279', 'name': 'squirrel3', 'url': ' ', 'version': '::apt'}]&quot;,
    &quot;c8y_SoftwareUpdate&quot;: [
        {
            &quot;name&quot;: &quot;asciijump&quot;,
            &quot;action&quot;: &quot;install&quot;,
            &quot;id&quot;: &quot;5475369&quot;,
            &quot;version&quot;: &quot;::apt&quot;,
            &quot;url&quot;: &quot; &quot;
        },
        {
            &quot;name&quot;: &quot;robotfindskitten&quot;,
            &quot;action&quot;: &quot;install&quot;,
            &quot;id&quot;: &quot;5474869&quot;,
            &quot;version&quot;: &quot;::apt&quot;,
            &quot;url&quot;: &quot; &quot;
        },
        {
            &quot;name&quot;: &quot;squirrel3&quot;,
            &quot;action&quot;: &quot;install&quot;,
            &quot;id&quot;: &quot;5475279&quot;,
            &quot;version&quot;: &quot;::apt&quot;,
            &quot;url&quot;: &quot; &quot;
        }
    ]
}
10:25:18 INFO  Started operation: {'delivery': {'log': [], 'time': '2022-05-23T10:25:18.062Z', 'status': 'PENDING'}, 'creationTime': '2022-05-23T10:25:17.963Z', 'deviceId': '19484863', 'deviceName': 'mythica', 'self': 'https://t493319102.eu-latest.cumulocity.com/devicecontrol/operations/19512793', 'id': '19512793', 'status': 'PENDING', 'description': &quot;Apply software changes, triggered from PySys: [{'action': 'install', 'id': '5475369', 'name': 'asciijump', 'url': ' ', 'version': '::apt'}, {'action': 'install', 'id': '5474869', 'name': 'robotfindskitten', 'url': ' ', 'version': '::apt'}, {'action': 'install', 'id': '5475279', 'name': 'squirrel3', 'url': ' ', 'version': '::apt'}]&quot;, 'c8y_SoftwareUpdate': [{'name': 'asciijump', 'action': 'install', 'id': '5475369', 'version': '::apt', 'url': ' '}, {'name': 'robotfindskitten', 'action': 'install', 'id': '5474869', 'version': '::apt', 'url': ' '}, {'name': 'squirrel3', 'action': 'install', 'id': '5475279', 'version': '::apt', 'url': ' '}]}
10:25:20 INFO  State of operation 19512793 : PENDING
10:25:22 INFO  State of operation 19512793 : EXECUTING
10:25:24 INFO  State of operation 19512793 : EXECUTING
10:25:27 INFO  State of operation 19512793 : EXECUTING
10:25:29 INFO  State of operation 19512793 : EXECUTING
10:25:31 INFO  State of operation 19512793 : EXECUTING
10:25:34 INFO  State of operation 19512793 : EXECUTING
10:25:38 INFO  State of operation 19512793 : EXECUTING
10:25:40 INFO  State of operation 19512793 : EXECUTING
10:25:42 INFO  State of operation 19512793 : EXECUTING
10:25:45 INFO  State of operation 19512793 : EXECUTING
10:25:47 INFO  State of operation 19512793 : EXECUTING
10:25:49 INFO  State of operation 19512793 : EXECUTING
10:25:51 INFO  State of operation 19512793 : EXECUTING
10:25:54 INFO  State of operation 19512793 : EXECUTING
10:25:56 INFO  State of operation 19512793 : SUCCESSFUL
10:25:56 INFO  Assert that (False == value) with value=False ... passed
10:25:56 INFO  Package asciijump is installed
10:25:56 INFO  Assert that (True == value) with value=True ... passed
10:25:57 INFO  Package squirrel3 is installed
10:25:57 INFO  Assert that (True == value) with value=True ... passed
10:25:57 INFO  Package robotfindskitten is installed
10:25:57 INFO  Assert that (True == value) with value=True ... passed
10:25:57 INFO  Response status: 201
10:25:57 INFO  Response to action: {
    &quot;delivery&quot;: {
        &quot;log&quot;: [],
        &quot;time&quot;: &quot;2022-05-23T10:25:57.585Z&quot;,
        &quot;status&quot;: &quot;PENDING&quot;
    },
    &quot;creationTime&quot;: &quot;2022-05-23T10:25:57.567Z&quot;,
    &quot;deviceId&quot;: &quot;19484863&quot;,
    &quot;deviceName&quot;: &quot;mythica&quot;,
    &quot;self&quot;: &quot;https://t493319102.eu-latest.cumulocity.com/devicecontrol/operations/19512808&quot;,
    &quot;id&quot;: &quot;19512808&quot;,
    &quot;status&quot;: &quot;PENDING&quot;,
    &quot;description&quot;: &quot;Apply software changes, triggered from PySys: [{'action': 'delete', 'id': '5475369', 'name': 'asciijump', 'url': ' ', 'version': '::apt'}, {'action': 'delete', 'id': '5474869', 'name': 'robotfindskitten', 'url': ' ', 'version': '::apt'}, {'action': 'delete', 'id': '5475279', 'name': 'squirrel3', 'url': ' ', 'version': '::apt'}]&quot;,
    &quot;c8y_SoftwareUpdate&quot;: [
        {
            &quot;name&quot;: &quot;asciijump&quot;,
            &quot;action&quot;: &quot;delete&quot;,
            &quot;id&quot;: &quot;5475369&quot;,
            &quot;version&quot;: &quot;::apt&quot;,
            &quot;url&quot;: &quot; &quot;
        },
        {
            &quot;name&quot;: &quot;robotfindskitten&quot;,
            &quot;action&quot;: &quot;delete&quot;,
            &quot;id&quot;: &quot;5474869&quot;,
            &quot;version&quot;: &quot;::apt&quot;,
            &quot;url&quot;: &quot; &quot;
        },
        {
            &quot;name&quot;: &quot;squirrel3&quot;,
            &quot;action&quot;: &quot;delete&quot;,
            &quot;id&quot;: &quot;5475279&quot;,
            &quot;version&quot;: &quot;::apt&quot;,
            &quot;url&quot;: &quot; &quot;
        }
    ]
}
10:25:57 INFO  Started operation: {'delivery': {'log': [], 'time': '2022-05-23T10:25:57.585Z', 'status': 'PENDING'}, 'creationTime': '2022-05-23T10:25:57.567Z', 'deviceId': '19484863', 'deviceName': 'mythica', 'self': 'https://t493319102.eu-latest.cumulocity.com/devicecontrol/operations/19512808', 'id': '19512808', 'status': 'PENDING', 'description': &quot;Apply software changes, triggered from PySys: [{'action': 'delete', 'id': '5475369', 'name': 'asciijump', 'url': ' ', 'version': '::apt'}, {'action': 'delete', 'id': '5474869', 'name': 'robotfindskitten', 'url': ' ', 'version': '::apt'}, {'action': 'delete', 'id': '5475279', 'name': 'squirrel3', 'url': ' ', 'version': '::apt'}]&quot;, 'c8y_SoftwareUpdate': [{'name': 'asciijump', 'action': 'delete', 'id': '5475369', 'version': '::apt', 'url': ' '}, {'name': 'robotfindskitten', 'action': 'delete', 'id': '5474869', 'version': '::apt', 'url': ' '}, {'name': 'squirrel3', 'action': 'delete', 'id': '5475279', 'version': '::apt', 'url': ' '}]}
10:25:59 INFO  State of operation 19512808 : PENDING
10:26:02 INFO  State of operation 19512808 : EXECUTING
10:26:04 INFO  State of operation 19512808 : EXECUTING
10:26:06 INFO  State of operation 19512808 : EXECUTING
10:26:08 INFO  State of operation 19512808 : EXECUTING
10:26:11 INFO  State of operation 19512808 : EXECUTING
10:26:13 INFO  State of operation 19512808 : EXECUTING
10:26:16 INFO  State of operation 19512808 : EXECUTING
10:26:18 INFO  State of operation 19512808 : EXECUTING
10:26:21 INFO  State of operation 19512808 : EXECUTING
10:26:23 INFO  State of operation 19512808 : EXECUTING
10:26:25 INFO  State of operation 19512808 : EXECUTING
10:26:27 INFO  State of operation 19512808 : EXECUTING
10:26:30 INFO  State of operation 19512808 : EXECUTING
10:26:32 INFO  State of operation 19512808 : EXECUTING
10:26:34 INFO  State of operation 19512808 : EXECUTING
10:26:37 INFO  State of operation 19512808 : EXECUTING
10:26:39 INFO  State of operation 19512808 : EXECUTING
10:26:42 INFO  State of operation 19512808 : EXECUTING
10:26:44 INFO  State of operation 19512808 : EXECUTING
10:26:46 INFO  State of operation 19512808 : EXECUTING
10:26:48 INFO  State of operation 19512808 : EXECUTING
10:26:51 INFO  State of operation 19512808 : EXECUTING
10:26:53 INFO  State of operation 19512808 : EXECUTING
10:26:55 INFO  State of operation 19512808 : EXECUTING
10:26:58 INFO  State of operation 19512808 : EXECUTING
10:27:00 INFO  State of operation 19512808 : EXECUTING
10:27:03 INFO  State of operation 19512808 : EXECUTING
10:27:05 INFO  State of operation 19512808 : EXECUTING
10:27:07 INFO  State of operation 19512808 : SUCCESSFUL
10:27:07 INFO  Assert that (False == value) with value=False ... passed
10:27:08 INFO  Assert that (False == value) with value=False ... passed
10:27:08 INFO  Assert that (False == value) with value=False ... passed
10:27:08 INFO  Assert that (False == value) with value=False ... passed
10:27:08 INFO  
10:27:08 INFO  cleanup:
10:27:12 INFO  Executed sudo&lt;tedge_disconnect_c8y&gt;, exit status 0
10:27:13 INFO  Executed systemctl&lt;serv_mapper5&gt;, exit status 3
10:27:13 INFO  
10:27:13 INFO  Test duration: 142.30 secs
10:27:13 INFO  Test final outcome:  FAILED
10:27:13 INFO  Test outcome reason: Assert that (False == value) with value=True (+2 other failures)
10:27:13 INFO  
</system-out>
	</testcase>
</testsuite>
