<?xml version="1.0" encoding="utf-8"?>
<testsuite failures="1" name="SoftwareManagement.sm_mixed_install_remove_multiple" skipped="0" tests="1" time="171.87" timestamp="2022-04-19T14:41:16">
	<testcase classname="PySysTest" name="SoftwareManagement.sm_mixed_install_remove_multiple">
		<failure message="FAILED: Assert that (False == value) with value=True" type="FAILED"/>
		<system-out>14:38:24 INFO  ==============================================================
14:38:24 INFO  Id:    SoftwareManagement.sm_mixed_install_remove_multiple
14:38:24 INFO  Dir:   software_management_end_to_end/
14:38:24 INFO  Title: Validate end to end behaviour for the dummy-plugin for multiple packages with mixed versions
14:38:24 INFO  ==============================================================
14:38:24 INFO  Using sw id database: {'asciijump': '5475369', 'robotfindskitten': '5474869', 'squirrel3': '5475279', 'rolldice': '5152439', 'moon-buggy': '5439204', 'apple': '5495053', 'banana': '5494888', 'cherry': '5495382', 'watermelon': '5494510', 'registry': '8018911', 'hello-world': '8021526', 'docker/getting-started': '8021973', 'alpine': '7991792'}
14:38:24 INFO  EnvironmentC8y Setup
14:38:24 INFO  Executed systemctl&lt;serv_mapper1&gt;, exit status 3
14:38:25 INFO  Restarting mosquitto too frequently in the last 10 seconds. It was only up for 5 seconds
14:38:25 INFO  Delaying execution by 6 seconds
14:38:45 INFO  Executed sudo&lt;tedge_connect_c8y&gt;, exit status 0, duration 14 secs
14:38:46 INFO  Executed sudo&lt;tedge_connect_c8y_test&gt;, exit status 0
14:38:46 INFO  Executed systemctl&lt;serv_mosq2&gt;, exit status 0
14:38:47 INFO  Executed systemctl&lt;serv_mapper3&gt;, exit status 0
14:38:49 INFO  State of current operation: SUCCESSFUL
14:38:49 INFO  Package apple is installed
14:38:49 INFO  Assert that (True == value) with value=True ... passed
14:38:50 INFO  Package banana is installed
14:38:50 INFO  Assert that (True == value) with value=True ... passed
14:38:50 INFO  Package cherry is installed
14:38:50 INFO  Assert that (True == value) with value=True ... passed
14:38:50 INFO  Package asciijump is installed
14:38:50 WARN  Assert that (False == value) with value=True ... failed 
14:38:50 INFO  Assert that (False == value) with value=False ... passed
14:38:51 INFO  Response status: 201
14:38:51 INFO  Response to action: {
    &quot;creationTime&quot;: &quot;2022-04-19T14:38:51.127Z&quot;,
    &quot;deviceName&quot;: &quot;mythica&quot;,
    &quot;deviceId&quot;: &quot;17465677&quot;,
    &quot;self&quot;: &quot;https://t493319102.eu-latest.cumulocity.com/devicecontrol/operations/17475429&quot;,
    &quot;id&quot;: &quot;17475429&quot;,
    &quot;status&quot;: &quot;PENDING&quot;,
    &quot;description&quot;: &quot;Apply software changes, triggered from PySys: [{'action': 'install', 'id': '5495053', 'name': 'apple', 'url': ' ', 'version': '::fruits'}, {'action': 'install', 'id': '5494888', 'name': 'banana', 'url': ' ', 'version': '::fruits'}, {'action': 'install', 'id': '5475369', 'name': 'asciijump', 'url': ' ', 'version': '::apt'}, {'action': 'install', 'id': '5495382', 'name': 'cherry', 'url': ' ', 'version': '::fruits'}, {'action': 'install', 'id': '8018911', 'name': 'registry', 'url': ' ', 'version': '::docker'}]&quot;,
    &quot;c8y_SoftwareUpdate&quot;: [
        {
            &quot;name&quot;: &quot;apple&quot;,
            &quot;action&quot;: &quot;install&quot;,
            &quot;id&quot;: &quot;5495053&quot;,
            &quot;version&quot;: &quot;::fruits&quot;,
            &quot;url&quot;: &quot; &quot;
        },
        {
            &quot;name&quot;: &quot;banana&quot;,
            &quot;action&quot;: &quot;install&quot;,
            &quot;id&quot;: &quot;5494888&quot;,
            &quot;version&quot;: &quot;::fruits&quot;,
            &quot;url&quot;: &quot; &quot;
        },
        {
            &quot;name&quot;: &quot;asciijump&quot;,
            &quot;action&quot;: &quot;install&quot;,
            &quot;id&quot;: &quot;5475369&quot;,
            &quot;version&quot;: &quot;::apt&quot;,
            &quot;url&quot;: &quot; &quot;
        },
        {
            &quot;name&quot;: &quot;cherry&quot;,
            &quot;action&quot;: &quot;install&quot;,
            &quot;id&quot;: &quot;5495382&quot;,
            &quot;version&quot;: &quot;::fruits&quot;,
            &quot;url&quot;: &quot; &quot;
        },
        {
            &quot;name&quot;: &quot;registry&quot;,
            &quot;action&quot;: &quot;install&quot;,
            &quot;id&quot;: &quot;8018911&quot;,
            &quot;version&quot;: &quot;::docker&quot;,
            &quot;url&quot;: &quot; &quot;
        }
    ]
}
14:38:51 INFO  Started operation: {'creationTime': '2022-04-19T14:38:51.127Z', 'deviceName': 'mythica', 'deviceId': '17465677', 'self': 'https://t493319102.eu-latest.cumulocity.com/devicecontrol/operations/17475429', 'id': '17475429', 'status': 'PENDING', 'description': &quot;Apply software changes, triggered from PySys: [{'action': 'install', 'id': '5495053', 'name': 'apple', 'url': ' ', 'version': '::fruits'}, {'action': 'install', 'id': '5494888', 'name': 'banana', 'url': ' ', 'version': '::fruits'}, {'action': 'install', 'id': '5475369', 'name': 'asciijump', 'url': ' ', 'version': '::apt'}, {'action': 'install', 'id': '5495382', 'name': 'cherry', 'url': ' ', 'version': '::fruits'}, {'action': 'install', 'id': '8018911', 'name': 'registry', 'url': ' ', 'version': '::docker'}]&quot;, 'c8y_SoftwareUpdate': [{'name': 'apple', 'action': 'install', 'id': '5495053', 'version': '::fruits', 'url': ' '}, {'name': 'banana', 'action': 'install', 'id': '5494888', 'version': '::fruits', 'url': ' '}, {'name': 'asciijump', 'action': 'install', 'id': '5475369', 'version': '::apt', 'url': ' '}, {'name': 'cherry', 'action': 'install', 'id': '5495382', 'version': '::fruits', 'url': ' '}, {'name': 'registry', 'action': 'install', 'id': '8018911', 'version': '::docker', 'url': ' '}]}
14:38:53 INFO  State of operation 17475429 : PENDING
14:38:55 INFO  State of operation 17475429 : EXECUTING
14:38:57 INFO  State of operation 17475429 : EXECUTING
14:39:00 INFO  State of operation 17475429 : EXECUTING
14:39:02 INFO  State of operation 17475429 : EXECUTING
14:39:04 INFO  State of operation 17475429 : EXECUTING
14:39:06 INFO  State of operation 17475429 : EXECUTING
14:39:09 INFO  State of operation 17475429 : EXECUTING
14:39:12 INFO  State of operation 17475429 : EXECUTING
14:39:15 INFO  State of operation 17475429 : EXECUTING
14:39:18 INFO  State of operation 17475429 : EXECUTING
14:39:20 INFO  State of operation 17475429 : EXECUTING
14:39:22 INFO  State of operation 17475429 : EXECUTING
14:39:24 INFO  State of operation 17475429 : EXECUTING
14:39:27 INFO  State of operation 17475429 : EXECUTING
14:39:29 INFO  State of operation 17475429 : EXECUTING
14:39:31 INFO  State of operation 17475429 : EXECUTING
14:39:33 INFO  State of operation 17475429 : EXECUTING
14:39:36 INFO  State of operation 17475429 : EXECUTING
14:39:38 INFO  State of operation 17475429 : EXECUTING
14:39:40 INFO  State of operation 17475429 : EXECUTING
14:39:43 INFO  State of operation 17475429 : EXECUTING
14:39:45 INFO  State of operation 17475429 : EXECUTING
14:39:47 INFO  State of operation 17475429 : EXECUTING
14:39:50 INFO  State of operation 17475429 : EXECUTING
14:39:52 INFO  State of operation 17475429 : EXECUTING
14:39:54 INFO  State of operation 17475429 : SUCCESSFUL
14:39:54 INFO  Package apple is installed
14:39:54 INFO  Assert that (True == value) with value=True ... passed
14:39:54 INFO  Package banana is installed
14:39:54 INFO  Assert that (True == value) with value=True ... passed
14:39:55 INFO  Package cherry is installed
14:39:55 INFO  Assert that (True == value) with value=True ... passed
14:39:55 INFO  Package asciijump is installed
14:39:55 INFO  Assert that (True == value) with value=True ... passed
14:39:55 INFO  Package registry is installed
14:39:55 INFO  Assert that (True == value) with value=True ... passed
14:39:56 INFO  Response status: 201
14:39:56 INFO  Response to action: {
    &quot;creationTime&quot;: &quot;2022-04-19T14:39:56.149Z&quot;,
    &quot;deviceName&quot;: &quot;mythica&quot;,
    &quot;deviceId&quot;: &quot;17465677&quot;,
    &quot;self&quot;: &quot;https://t493319102.eu-latest.cumulocity.com/devicecontrol/operations/17475438&quot;,
    &quot;id&quot;: &quot;17475438&quot;,
    &quot;status&quot;: &quot;PENDING&quot;,
    &quot;description&quot;: &quot;Apply software changes, triggered from PySys: [{'action': 'delete', 'id': '5495053', 'name': 'apple', 'url': ' ', 'version': '::fruits'}, {'action': 'delete', 'id': '5494888', 'name': 'banana', 'url': ' ', 'version': '::fruits'}, {'action': 'delete', 'id': '5475369', 'name': 'asciijump', 'url': ' ', 'version': '::apt'}, {'action': 'delete', 'id': '5495382', 'name': 'cherry', 'url': ' ', 'version': '::fruits'}, {'action': 'delete', 'id': '8018911', 'name': 'registry', 'url': ' ', 'version': '::docker'}]&quot;,
    &quot;c8y_SoftwareUpdate&quot;: [
        {
            &quot;name&quot;: &quot;apple&quot;,
            &quot;action&quot;: &quot;delete&quot;,
            &quot;id&quot;: &quot;5495053&quot;,
            &quot;version&quot;: &quot;::fruits&quot;,
            &quot;url&quot;: &quot; &quot;
        },
        {
            &quot;name&quot;: &quot;banana&quot;,
            &quot;action&quot;: &quot;delete&quot;,
            &quot;id&quot;: &quot;5494888&quot;,
            &quot;version&quot;: &quot;::fruits&quot;,
            &quot;url&quot;: &quot; &quot;
        },
        {
            &quot;name&quot;: &quot;asciijump&quot;,
            &quot;action&quot;: &quot;delete&quot;,
            &quot;id&quot;: &quot;5475369&quot;,
            &quot;version&quot;: &quot;::apt&quot;,
            &quot;url&quot;: &quot; &quot;
        },
        {
            &quot;name&quot;: &quot;cherry&quot;,
            &quot;action&quot;: &quot;delete&quot;,
            &quot;id&quot;: &quot;5495382&quot;,
            &quot;version&quot;: &quot;::fruits&quot;,
            &quot;url&quot;: &quot; &quot;
        },
        {
            &quot;name&quot;: &quot;registry&quot;,
            &quot;action&quot;: &quot;delete&quot;,
            &quot;id&quot;: &quot;8018911&quot;,
            &quot;version&quot;: &quot;::docker&quot;,
            &quot;url&quot;: &quot; &quot;
        }
    ]
}
14:39:56 INFO  Started operation: {'creationTime': '2022-04-19T14:39:56.149Z', 'deviceName': 'mythica', 'deviceId': '17465677', 'self': 'https://t493319102.eu-latest.cumulocity.com/devicecontrol/operations/17475438', 'id': '17475438', 'status': 'PENDING', 'description': &quot;Apply software changes, triggered from PySys: [{'action': 'delete', 'id': '5495053', 'name': 'apple', 'url': ' ', 'version': '::fruits'}, {'action': 'delete', 'id': '5494888', 'name': 'banana', 'url': ' ', 'version': '::fruits'}, {'action': 'delete', 'id': '5475369', 'name': 'asciijump', 'url': ' ', 'version': '::apt'}, {'action': 'delete', 'id': '5495382', 'name': 'cherry', 'url': ' ', 'version': '::fruits'}, {'action': 'delete', 'id': '8018911', 'name': 'registry', 'url': ' ', 'version': '::docker'}]&quot;, 'c8y_SoftwareUpdate': [{'name': 'apple', 'action': 'delete', 'id': '5495053', 'version': '::fruits', 'url': ' '}, {'name': 'banana', 'action': 'delete', 'id': '5494888', 'version': '::fruits', 'url': ' '}, {'name': 'asciijump', 'action': 'delete', 'id': '5475369', 'version': '::apt', 'url': ' '}, {'name': 'cherry', 'action': 'delete', 'id': '5495382', 'version': '::fruits', 'url': ' '}, {'name': 'registry', 'action': 'delete', 'id': '8018911', 'version': '::docker', 'url': ' '}]}
14:39:58 INFO  State of operation 17475438 : PENDING
14:40:00 INFO  State of operation 17475438 : EXECUTING
14:40:03 INFO  State of operation 17475438 : EXECUTING
14:40:05 INFO  State of operation 17475438 : EXECUTING
14:40:07 INFO  State of operation 17475438 : EXECUTING
14:40:09 INFO  State of operation 17475438 : EXECUTING
14:40:12 INFO  State of operation 17475438 : EXECUTING
14:40:15 INFO  State of operation 17475438 : EXECUTING
14:40:17 INFO  State of operation 17475438 : EXECUTING
14:40:20 INFO  State of operation 17475438 : EXECUTING
14:40:22 INFO  State of operation 17475438 : EXECUTING
14:40:24 INFO  State of operation 17475438 : EXECUTING
14:40:26 INFO  State of operation 17475438 : EXECUTING
14:40:28 INFO  State of operation 17475438 : EXECUTING
14:40:31 INFO  State of operation 17475438 : EXECUTING
14:40:33 INFO  State of operation 17475438 : EXECUTING
14:40:37 INFO  State of operation 17475438 : EXECUTING
14:40:40 INFO  State of operation 17475438 : EXECUTING
14:40:42 INFO  State of operation 17475438 : EXECUTING
14:40:44 INFO  State of operation 17475438 : EXECUTING
14:40:46 INFO  State of operation 17475438 : EXECUTING
14:40:49 INFO  State of operation 17475438 : EXECUTING
14:40:51 INFO  State of operation 17475438 : EXECUTING
14:40:54 INFO  State of operation 17475438 : EXECUTING
14:40:56 INFO  State of operation 17475438 : EXECUTING
14:40:58 INFO  State of operation 17475438 : EXECUTING
14:41:00 INFO  State of operation 17475438 : EXECUTING
14:41:03 INFO  State of operation 17475438 : EXECUTING
14:41:05 INFO  State of operation 17475438 : EXECUTING
14:41:07 INFO  State of operation 17475438 : EXECUTING
14:41:09 INFO  State of operation 17475438 : SUCCESSFUL
14:41:10 INFO  Package apple is installed
14:41:10 INFO  Assert that (True == value) with value=True ... passed
14:41:10 INFO  Package banana is installed
14:41:10 INFO  Assert that (True == value) with value=True ... passed
14:41:10 INFO  Package cherry is installed
14:41:10 INFO  Assert that (True == value) with value=True ... passed
14:41:10 INFO  Assert that (False == value) with value=False ... passed
14:41:11 INFO  Assert that (False == value) with value=False ... passed
14:41:11 INFO  
14:41:11 INFO  cleanup:
14:41:15 INFO  Executed sudo&lt;tedge_disconnect_c8y&gt;, exit status 0
14:41:16 INFO  Executed systemctl&lt;serv_mapper5&gt;, exit status 3
14:41:16 INFO  
14:41:16 INFO  Test duration: 171.87 secs
14:41:16 INFO  Test final outcome:  FAILED
14:41:16 INFO  Test outcome reason: Assert that (False == value) with value=True
14:41:16 INFO  
</system-out>
	</testcase>
</testsuite>
