<?xml version="1.0" encoding="utf-8"?>
<testsuite failures="1" name="SoftwareManagement.sm_apt_install_remove_multiple" skipped="0" tests="1" time="140.4" timestamp="2022-05-16T08:34:24">
	<testcase classname="PySysTest" name="SoftwareManagement.sm_apt_install_remove_multiple">
		<failure message="FAILED: Assert that (False == value) with value=True (+2 other failures)" type="FAILED"/>
		<system-out>08:32:04 INFO  ==============================================================
08:32:04 INFO  Id:    SoftwareManagement.sm_apt_install_remove_multiple
08:32:04 INFO  Dir:   software_management_end_to_end/
08:32:04 INFO  Title: Validate end to end behaviour for the apt plugin for multiple packages
08:32:04 INFO  ==============================================================
08:32:04 INFO  Using sw id database: {'asciijump': '5475369', 'robotfindskitten': '5474869', 'squirrel3': '5475279', 'rolldice': '5152439', 'moon-buggy': '5439204', 'apple': '5495053', 'banana': '5494888', 'cherry': '5495382', 'watermelon': '5494510', 'registry': '8018911', 'hello-world': '8021526', 'docker/getting-started': '8021973', 'alpine': '7991792'}
08:32:04 INFO  EnvironmentC8y Setup
08:32:05 INFO  Executed systemctl&lt;serv_mapper1&gt;, exit status 3
08:32:05 INFO  Restarting mosquitto too frequently in the last 10 seconds. It was only up for 5 seconds
08:32:05 INFO  Delaying execution by 6 seconds
08:32:25 INFO  Executed sudo&lt;tedge_connect_c8y&gt;, exit status 0, duration 14 secs
08:32:26 INFO  Executed sudo&lt;tedge_connect_c8y_test&gt;, exit status 0
08:32:26 INFO  Executed systemctl&lt;serv_mosq2&gt;, exit status 0
08:32:27 INFO  Executed systemctl&lt;serv_mapper3&gt;, exit status 0
08:32:29 INFO  State of current operation: SUCCESSFUL
08:32:29 INFO  Assert that (False == value) with value=False ... passed
08:32:30 INFO  Package asciijump is installed
08:32:30 WARN  Assert that (False == value) with value=True ... failed 
08:32:30 INFO  Package squirrel3 is installed
08:32:30 WARN  Assert that (False == value) with value=True ... failed 
08:32:30 INFO  Package robotfindskitten is installed
08:32:30 WARN  Assert that (False == value) with value=True ... failed 
08:32:30 INFO  Response status: 201
08:32:30 INFO  Response to action: {
    &quot;delivery&quot;: {
        &quot;time&quot;: &quot;2022-05-16T08:32:30.785Z&quot;,
        &quot;log&quot;: [],
        &quot;status&quot;: &quot;PENDING&quot;
    },
    &quot;creationTime&quot;: &quot;2022-05-16T08:32:30.771Z&quot;,
    &quot;deviceId&quot;: &quot;19054949&quot;,
    &quot;deviceName&quot;: &quot;mythica&quot;,
    &quot;self&quot;: &quot;https://t493319102.eu-latest.cumulocity.com/devicecontrol/operations/19133211&quot;,
    &quot;id&quot;: &quot;19133211&quot;,
    &quot;status&quot;: &quot;PENDING&quot;,
    &quot;description&quot;: &quot;Apply software changes, triggered from PySys: [{'action': 'install', 'id': '5475369', 'name': 'asciijump', 'url': ' ', 'version': '::apt'}, {'action': 'install', 'id': '5474869', 'name': 'robotfindskitten', 'url': ' ', 'version': '::apt'}, {'action': 'install', 'id': '5475279', 'name': 'squirrel3', 'url': ' ', 'version': '::apt'}]&quot;,
    &quot;c8y_SoftwareUpdate&quot;: [
        {
            &quot;name&quot;: &quot;asciijump&quot;,
            &quot;action&quot;: &quot;install&quot;,
            &quot;id&quot;: &quot;5475369&quot;,
            &quot;version&quot;: &quot;::apt&quot;,
            &quot;url&quot;: &quot; &quot;
        },
        {
            &quot;name&quot;: &quot;robotfindskitten&quot;,
            &quot;action&quot;: &quot;install&quot;,
            &quot;id&quot;: &quot;5474869&quot;,
            &quot;version&quot;: &quot;::apt&quot;,
            &quot;url&quot;: &quot; &quot;
        },
        {
            &quot;name&quot;: &quot;squirrel3&quot;,
            &quot;action&quot;: &quot;install&quot;,
            &quot;id&quot;: &quot;5475279&quot;,
            &quot;version&quot;: &quot;::apt&quot;,
            &quot;url&quot;: &quot; &quot;
        }
    ]
}
08:32:30 INFO  Started operation: {'delivery': {'time': '2022-05-16T08:32:30.785Z', 'log': [], 'status': 'PENDING'}, 'creationTime': '2022-05-16T08:32:30.771Z', 'deviceId': '19054949', 'deviceName': 'mythica', 'self': 'https://t493319102.eu-latest.cumulocity.com/devicecontrol/operations/19133211', 'id': '19133211', 'status': 'PENDING', 'description': &quot;Apply software changes, triggered from PySys: [{'action': 'install', 'id': '5475369', 'name': 'asciijump', 'url': ' ', 'version': '::apt'}, {'action': 'install', 'id': '5474869', 'name': 'robotfindskitten', 'url': ' ', 'version': '::apt'}, {'action': 'install', 'id': '5475279', 'name': 'squirrel3', 'url': ' ', 'version': '::apt'}]&quot;, 'c8y_SoftwareUpdate': [{'name': 'asciijump', 'action': 'install', 'id': '5475369', 'version': '::apt', 'url': ' '}, {'name': 'robotfindskitten', 'action': 'install', 'id': '5474869', 'version': '::apt', 'url': ' '}, {'name': 'squirrel3', 'action': 'install', 'id': '5475279', 'version': '::apt', 'url': ' '}]}
08:32:33 INFO  State of operation 19133211 : PENDING
08:32:35 INFO  State of operation 19133211 : EXECUTING
08:32:37 INFO  State of operation 19133211 : EXECUTING
08:32:39 INFO  State of operation 19133211 : EXECUTING
08:32:41 INFO  State of operation 19133211 : EXECUTING
08:32:44 INFO  State of operation 19133211 : EXECUTING
08:32:46 INFO  State of operation 19133211 : EXECUTING
08:32:49 INFO  State of operation 19133211 : EXECUTING
08:32:52 INFO  State of operation 19133211 : EXECUTING
08:32:54 INFO  State of operation 19133211 : EXECUTING
08:32:56 INFO  State of operation 19133211 : EXECUTING
08:32:59 INFO  State of operation 19133211 : EXECUTING
08:33:01 INFO  State of operation 19133211 : EXECUTING
08:33:03 INFO  State of operation 19133211 : EXECUTING
08:33:05 INFO  State of operation 19133211 : EXECUTING
08:33:07 INFO  State of operation 19133211 : SUCCESSFUL
08:33:08 INFO  Assert that (False == value) with value=False ... passed
08:33:08 INFO  Package asciijump is installed
08:33:08 INFO  Assert that (True == value) with value=True ... passed
08:33:08 INFO  Package squirrel3 is installed
08:33:08 INFO  Assert that (True == value) with value=True ... passed
08:33:08 INFO  Package robotfindskitten is installed
08:33:08 INFO  Assert that (True == value) with value=True ... passed
08:33:09 INFO  Response status: 201
08:33:09 INFO  Response to action: {
    &quot;delivery&quot;: {
        &quot;time&quot;: &quot;2022-05-16T08:33:09.160Z&quot;,
        &quot;log&quot;: [],
        &quot;status&quot;: &quot;PENDING&quot;
    },
    &quot;creationTime&quot;: &quot;2022-05-16T08:33:09.143Z&quot;,
    &quot;deviceId&quot;: &quot;19054949&quot;,
    &quot;deviceName&quot;: &quot;mythica&quot;,
    &quot;self&quot;: &quot;https://t493319102.eu-latest.cumulocity.com/devicecontrol/operations/19133220&quot;,
    &quot;id&quot;: &quot;19133220&quot;,
    &quot;status&quot;: &quot;PENDING&quot;,
    &quot;description&quot;: &quot;Apply software changes, triggered from PySys: [{'action': 'delete', 'id': '5475369', 'name': 'asciijump', 'url': ' ', 'version': '::apt'}, {'action': 'delete', 'id': '5474869', 'name': 'robotfindskitten', 'url': ' ', 'version': '::apt'}, {'action': 'delete', 'id': '5475279', 'name': 'squirrel3', 'url': ' ', 'version': '::apt'}]&quot;,
    &quot;c8y_SoftwareUpdate&quot;: [
        {
            &quot;name&quot;: &quot;asciijump&quot;,
            &quot;action&quot;: &quot;delete&quot;,
            &quot;id&quot;: &quot;5475369&quot;,
            &quot;version&quot;: &quot;::apt&quot;,
            &quot;url&quot;: &quot; &quot;
        },
        {
            &quot;name&quot;: &quot;robotfindskitten&quot;,
            &quot;action&quot;: &quot;delete&quot;,
            &quot;id&quot;: &quot;5474869&quot;,
            &quot;version&quot;: &quot;::apt&quot;,
            &quot;url&quot;: &quot; &quot;
        },
        {
            &quot;name&quot;: &quot;squirrel3&quot;,
            &quot;action&quot;: &quot;delete&quot;,
            &quot;id&quot;: &quot;5475279&quot;,
            &quot;version&quot;: &quot;::apt&quot;,
            &quot;url&quot;: &quot; &quot;
        }
    ]
}
08:33:09 INFO  Started operation: {'delivery': {'time': '2022-05-16T08:33:09.160Z', 'log': [], 'status': 'PENDING'}, 'creationTime': '2022-05-16T08:33:09.143Z', 'deviceId': '19054949', 'deviceName': 'mythica', 'self': 'https://t493319102.eu-latest.cumulocity.com/devicecontrol/operations/19133220', 'id': '19133220', 'status': 'PENDING', 'description': &quot;Apply software changes, triggered from PySys: [{'action': 'delete', 'id': '5475369', 'name': 'asciijump', 'url': ' ', 'version': '::apt'}, {'action': 'delete', 'id': '5474869', 'name': 'robotfindskitten', 'url': ' ', 'version': '::apt'}, {'action': 'delete', 'id': '5475279', 'name': 'squirrel3', 'url': ' ', 'version': '::apt'}]&quot;, 'c8y_SoftwareUpdate': [{'name': 'asciijump', 'action': 'delete', 'id': '5475369', 'version': '::apt', 'url': ' '}, {'name': 'robotfindskitten', 'action': 'delete', 'id': '5474869', 'version': '::apt', 'url': ' '}, {'name': 'squirrel3', 'action': 'delete', 'id': '5475279', 'version': '::apt', 'url': ' '}]}
08:33:11 INFO  State of operation 19133220 : PENDING
08:33:13 INFO  State of operation 19133220 : EXECUTING
08:33:15 INFO  State of operation 19133220 : EXECUTING
08:33:18 INFO  State of operation 19133220 : EXECUTING
08:33:20 INFO  State of operation 19133220 : EXECUTING
08:33:22 INFO  State of operation 19133220 : EXECUTING
08:33:25 INFO  State of operation 19133220 : EXECUTING
08:33:27 INFO  State of operation 19133220 : EXECUTING
08:33:30 INFO  State of operation 19133220 : EXECUTING
08:33:32 INFO  State of operation 19133220 : EXECUTING
08:33:35 INFO  State of operation 19133220 : EXECUTING
08:33:37 INFO  State of operation 19133220 : EXECUTING
08:33:39 INFO  State of operation 19133220 : EXECUTING
08:33:41 INFO  State of operation 19133220 : EXECUTING
08:33:44 INFO  State of operation 19133220 : EXECUTING
08:33:46 INFO  State of operation 19133220 : EXECUTING
08:33:48 INFO  State of operation 19133220 : EXECUTING
08:33:51 INFO  State of operation 19133220 : EXECUTING
08:33:53 INFO  State of operation 19133220 : EXECUTING
08:33:55 INFO  State of operation 19133220 : EXECUTING
08:33:58 INFO  State of operation 19133220 : EXECUTING
08:34:00 INFO  State of operation 19133220 : EXECUTING
08:34:02 INFO  State of operation 19133220 : EXECUTING
08:34:05 INFO  State of operation 19133220 : EXECUTING
08:34:07 INFO  State of operation 19133220 : EXECUTING
08:34:09 INFO  State of operation 19133220 : EXECUTING
08:34:12 INFO  State of operation 19133220 : EXECUTING
08:34:14 INFO  State of operation 19133220 : EXECUTING
08:34:16 INFO  State of operation 19133220 : EXECUTING
08:34:19 INFO  State of operation 19133220 : SUCCESSFUL
08:34:19 INFO  Assert that (False == value) with value=False ... passed
08:34:19 INFO  Assert that (False == value) with value=False ... passed
08:34:19 INFO  Assert that (False == value) with value=False ... passed
08:34:20 INFO  Assert that (False == value) with value=False ... passed
08:34:20 INFO  
08:34:20 INFO  cleanup:
08:34:24 INFO  Executed sudo&lt;tedge_disconnect_c8y&gt;, exit status 0
08:34:24 INFO  Executed systemctl&lt;serv_mapper5&gt;, exit status 3
08:34:24 INFO  
08:34:24 INFO  Test duration: 140.40 secs
08:34:24 INFO  Test final outcome:  FAILED
08:34:24 INFO  Test outcome reason: Assert that (False == value) with value=True (+2 other failures)
08:34:24 INFO  
</system-out>
	</testcase>
</testsuite>
