<?xml version="1.0" encoding="utf-8"?>
<testsuite failures="1" name="SoftwareManagement.sm_apt_install_remove_multiple" skipped="0" tests="1" time="140.55" timestamp="2022-05-09T08:09:36">
	<testcase classname="PySysTest" name="SoftwareManagement.sm_apt_install_remove_multiple">
		<failure message="FAILED: Assert that (False == value) with value=True (+2 other failures)" type="FAILED"/>
		<system-out>08:07:15 INFO  ==============================================================
08:07:15 INFO  Id:    SoftwareManagement.sm_apt_install_remove_multiple
08:07:15 INFO  Dir:   software_management_end_to_end/
08:07:15 INFO  Title: Validate end to end behaviour for the apt plugin for multiple packages
08:07:15 INFO  ==============================================================
08:07:15 INFO  Using sw id database: {'asciijump': '5475369', 'robotfindskitten': '5474869', 'squirrel3': '5475279', 'rolldice': '5152439', 'moon-buggy': '5439204', 'apple': '5495053', 'banana': '5494888', 'cherry': '5495382', 'watermelon': '5494510', 'registry': '8018911', 'hello-world': '8021526', 'docker/getting-started': '8021973', 'alpine': '7991792'}
08:07:15 INFO  EnvironmentC8y Setup
08:07:16 INFO  Executed systemctl&lt;serv_mapper1&gt;, exit status 3
08:07:16 INFO  Restarting mosquitto too frequently in the last 10 seconds. It was only up for 5 seconds
08:07:16 INFO  Delaying execution by 6 seconds
08:07:36 INFO  Executed sudo&lt;tedge_connect_c8y&gt;, exit status 0, duration 14 secs
08:07:37 INFO  Executed sudo&lt;tedge_connect_c8y_test&gt;, exit status 0
08:07:37 INFO  Executed systemctl&lt;serv_mosq2&gt;, exit status 0
08:07:38 INFO  Executed systemctl&lt;serv_mapper3&gt;, exit status 0
08:07:40 INFO  State of current operation: SUCCESSFUL
08:07:40 INFO  Assert that (False == value) with value=False ... passed
08:07:41 INFO  Package asciijump is installed
08:07:41 WARN  Assert that (False == value) with value=True ... failed 
08:07:41 INFO  Package squirrel3 is installed
08:07:41 WARN  Assert that (False == value) with value=True ... failed 
08:07:41 INFO  Package robotfindskitten is installed
08:07:41 WARN  Assert that (False == value) with value=True ... failed 
08:07:41 INFO  Response status: 201
08:07:41 INFO  Response to action: {
    &quot;creationTime&quot;: &quot;2022-05-09T08:07:41.765Z&quot;,
    &quot;deviceName&quot;: &quot;mythica&quot;,
    &quot;deviceId&quot;: &quot;18509904&quot;,
    &quot;self&quot;: &quot;https://t493319102.eu-latest.cumulocity.com/devicecontrol/operations/18523585&quot;,
    &quot;id&quot;: &quot;18523585&quot;,
    &quot;status&quot;: &quot;PENDING&quot;,
    &quot;description&quot;: &quot;Apply software changes, triggered from PySys: [{'action': 'install', 'id': '5475369', 'name': 'asciijump', 'url': ' ', 'version': '::apt'}, {'action': 'install', 'id': '5474869', 'name': 'robotfindskitten', 'url': ' ', 'version': '::apt'}, {'action': 'install', 'id': '5475279', 'name': 'squirrel3', 'url': ' ', 'version': '::apt'}]&quot;,
    &quot;c8y_SoftwareUpdate&quot;: [
        {
            &quot;name&quot;: &quot;asciijump&quot;,
            &quot;action&quot;: &quot;install&quot;,
            &quot;id&quot;: &quot;5475369&quot;,
            &quot;version&quot;: &quot;::apt&quot;,
            &quot;url&quot;: &quot; &quot;
        },
        {
            &quot;name&quot;: &quot;robotfindskitten&quot;,
            &quot;action&quot;: &quot;install&quot;,
            &quot;id&quot;: &quot;5474869&quot;,
            &quot;version&quot;: &quot;::apt&quot;,
            &quot;url&quot;: &quot; &quot;
        },
        {
            &quot;name&quot;: &quot;squirrel3&quot;,
            &quot;action&quot;: &quot;install&quot;,
            &quot;id&quot;: &quot;5475279&quot;,
            &quot;version&quot;: &quot;::apt&quot;,
            &quot;url&quot;: &quot; &quot;
        }
    ]
}
08:07:41 INFO  Started operation: {'creationTime': '2022-05-09T08:07:41.765Z', 'deviceName': 'mythica', 'deviceId': '18509904', 'self': 'https://t493319102.eu-latest.cumulocity.com/devicecontrol/operations/18523585', 'id': '18523585', 'status': 'PENDING', 'description': &quot;Apply software changes, triggered from PySys: [{'action': 'install', 'id': '5475369', 'name': 'asciijump', 'url': ' ', 'version': '::apt'}, {'action': 'install', 'id': '5474869', 'name': 'robotfindskitten', 'url': ' ', 'version': '::apt'}, {'action': 'install', 'id': '5475279', 'name': 'squirrel3', 'url': ' ', 'version': '::apt'}]&quot;, 'c8y_SoftwareUpdate': [{'name': 'asciijump', 'action': 'install', 'id': '5475369', 'version': '::apt', 'url': ' '}, {'name': 'robotfindskitten', 'action': 'install', 'id': '5474869', 'version': '::apt', 'url': ' '}, {'name': 'squirrel3', 'action': 'install', 'id': '5475279', 'version': '::apt', 'url': ' '}]}
08:07:44 INFO  State of operation 18523585 : PENDING
08:07:46 INFO  State of operation 18523585 : EXECUTING
08:07:48 INFO  State of operation 18523585 : EXECUTING
08:07:50 INFO  State of operation 18523585 : EXECUTING
08:07:52 INFO  State of operation 18523585 : EXECUTING
08:07:55 INFO  State of operation 18523585 : EXECUTING
08:07:57 INFO  State of operation 18523585 : EXECUTING
08:08:00 INFO  State of operation 18523585 : EXECUTING
08:08:03 INFO  State of operation 18523585 : EXECUTING
08:08:05 INFO  State of operation 18523585 : EXECUTING
08:08:07 INFO  State of operation 18523585 : EXECUTING
08:08:10 INFO  State of operation 18523585 : EXECUTING
08:08:12 INFO  State of operation 18523585 : EXECUTING
08:08:14 INFO  State of operation 18523585 : EXECUTING
08:08:16 INFO  State of operation 18523585 : EXECUTING
08:08:18 INFO  State of operation 18523585 : SUCCESSFUL
08:08:19 INFO  Assert that (False == value) with value=False ... passed
08:08:19 INFO  Package asciijump is installed
08:08:19 INFO  Assert that (True == value) with value=True ... passed
08:08:19 INFO  Package squirrel3 is installed
08:08:19 INFO  Assert that (True == value) with value=True ... passed
08:08:19 INFO  Package robotfindskitten is installed
08:08:19 INFO  Assert that (True == value) with value=True ... passed
08:08:20 INFO  Response status: 201
08:08:20 INFO  Response to action: {
    &quot;creationTime&quot;: &quot;2022-05-09T08:08:20.081Z&quot;,
    &quot;deviceName&quot;: &quot;mythica&quot;,
    &quot;deviceId&quot;: &quot;18509904&quot;,
    &quot;self&quot;: &quot;https://t493319102.eu-latest.cumulocity.com/devicecontrol/operations/18523593&quot;,
    &quot;id&quot;: &quot;18523593&quot;,
    &quot;status&quot;: &quot;PENDING&quot;,
    &quot;description&quot;: &quot;Apply software changes, triggered from PySys: [{'action': 'delete', 'id': '5475369', 'name': 'asciijump', 'url': ' ', 'version': '::apt'}, {'action': 'delete', 'id': '5474869', 'name': 'robotfindskitten', 'url': ' ', 'version': '::apt'}, {'action': 'delete', 'id': '5475279', 'name': 'squirrel3', 'url': ' ', 'version': '::apt'}]&quot;,
    &quot;c8y_SoftwareUpdate&quot;: [
        {
            &quot;name&quot;: &quot;asciijump&quot;,
            &quot;action&quot;: &quot;delete&quot;,
            &quot;id&quot;: &quot;5475369&quot;,
            &quot;version&quot;: &quot;::apt&quot;,
            &quot;url&quot;: &quot; &quot;
        },
        {
            &quot;name&quot;: &quot;robotfindskitten&quot;,
            &quot;action&quot;: &quot;delete&quot;,
            &quot;id&quot;: &quot;5474869&quot;,
            &quot;version&quot;: &quot;::apt&quot;,
            &quot;url&quot;: &quot; &quot;
        },
        {
            &quot;name&quot;: &quot;squirrel3&quot;,
            &quot;action&quot;: &quot;delete&quot;,
            &quot;id&quot;: &quot;5475279&quot;,
            &quot;version&quot;: &quot;::apt&quot;,
            &quot;url&quot;: &quot; &quot;
        }
    ]
}
08:08:20 INFO  Started operation: {'creationTime': '2022-05-09T08:08:20.081Z', 'deviceName': 'mythica', 'deviceId': '18509904', 'self': 'https://t493319102.eu-latest.cumulocity.com/devicecontrol/operations/18523593', 'id': '18523593', 'status': 'PENDING', 'description': &quot;Apply software changes, triggered from PySys: [{'action': 'delete', 'id': '5475369', 'name': 'asciijump', 'url': ' ', 'version': '::apt'}, {'action': 'delete', 'id': '5474869', 'name': 'robotfindskitten', 'url': ' ', 'version': '::apt'}, {'action': 'delete', 'id': '5475279', 'name': 'squirrel3', 'url': ' ', 'version': '::apt'}]&quot;, 'c8y_SoftwareUpdate': [{'name': 'asciijump', 'action': 'delete', 'id': '5475369', 'version': '::apt', 'url': ' '}, {'name': 'robotfindskitten', 'action': 'delete', 'id': '5474869', 'version': '::apt', 'url': ' '}, {'name': 'squirrel3', 'action': 'delete', 'id': '5475279', 'version': '::apt', 'url': ' '}]}
08:08:22 INFO  State of operation 18523593 : PENDING
08:08:24 INFO  State of operation 18523593 : EXECUTING
08:08:26 INFO  State of operation 18523593 : EXECUTING
08:08:29 INFO  State of operation 18523593 : EXECUTING
08:08:31 INFO  State of operation 18523593 : EXECUTING
08:08:33 INFO  State of operation 18523593 : EXECUTING
08:08:36 INFO  State of operation 18523593 : EXECUTING
08:08:38 INFO  State of operation 18523593 : EXECUTING
08:08:41 INFO  State of operation 18523593 : EXECUTING
08:08:43 INFO  State of operation 18523593 : EXECUTING
08:08:45 INFO  State of operation 18523593 : EXECUTING
08:08:48 INFO  State of operation 18523593 : EXECUTING
08:08:50 INFO  State of operation 18523593 : EXECUTING
08:08:52 INFO  State of operation 18523593 : EXECUTING
08:08:55 INFO  State of operation 18523593 : EXECUTING
08:08:57 INFO  State of operation 18523593 : EXECUTING
08:08:59 INFO  State of operation 18523593 : EXECUTING
08:09:02 INFO  State of operation 18523593 : EXECUTING
08:09:04 INFO  State of operation 18523593 : EXECUTING
08:09:07 INFO  State of operation 18523593 : EXECUTING
08:09:09 INFO  State of operation 18523593 : EXECUTING
08:09:11 INFO  State of operation 18523593 : EXECUTING
08:09:13 INFO  State of operation 18523593 : EXECUTING
08:09:16 INFO  State of operation 18523593 : EXECUTING
08:09:18 INFO  State of operation 18523593 : EXECUTING
08:09:21 INFO  State of operation 18523593 : EXECUTING
08:09:23 INFO  State of operation 18523593 : EXECUTING
08:09:25 INFO  State of operation 18523593 : EXECUTING
08:09:28 INFO  State of operation 18523593 : EXECUTING
08:09:30 INFO  State of operation 18523593 : SUCCESSFUL
08:09:30 INFO  Assert that (False == value) with value=False ... passed
08:09:30 INFO  Assert that (False == value) with value=False ... passed
08:09:31 INFO  Assert that (False == value) with value=False ... passed
08:09:31 INFO  Assert that (False == value) with value=False ... passed
08:09:31 INFO  
08:09:31 INFO  cleanup:
08:09:35 INFO  Executed sudo&lt;tedge_disconnect_c8y&gt;, exit status 0
08:09:36 INFO  Executed systemctl&lt;serv_mapper5&gt;, exit status 3
08:09:36 INFO  
08:09:36 INFO  Test duration: 140.55 secs
08:09:36 INFO  Test final outcome:  FAILED
08:09:36 INFO  Test outcome reason: Assert that (False == value) with value=True (+2 other failures)
08:09:36 INFO  
</system-out>
	</testcase>
</testsuite>
