<?xml version="1.0" encoding="utf-8"?>
<testsuite failures="0" name="SoftwareManagement.sm_fake_install_remove_multiple" skipped="0" tests="1" time="49.46" timestamp="2022-05-23T10:35:14">
	<testcase classname="PySysTest" name="SoftwareManagement.sm_fake_install_remove_multiple"/>
</testsuite>
