<?xml version="1.0" encoding="utf-8"?>
<testsuite failures="1" name="SoftwareManagement.sm_apt_install_remove_multiple" skipped="0" tests="1" time="139.97" timestamp="2022-04-28T16:39:07">
	<testcase classname="PySysTest" name="SoftwareManagement.sm_apt_install_remove_multiple">
		<failure message="FAILED: Assert that (False == value) with value=True (+2 other failures)" type="FAILED"/>
		<system-out>16:36:47 INFO  ==============================================================
16:36:47 INFO  Id:    SoftwareManagement.sm_apt_install_remove_multiple
16:36:47 INFO  Dir:   software_management_end_to_end/
16:36:47 INFO  Title: Validate end to end behaviour for the apt plugin for multiple packages
16:36:47 INFO  ==============================================================
16:36:47 INFO  Using sw id database: {'asciijump': '5475369', 'robotfindskitten': '5474869', 'squirrel3': '5475279', 'rolldice': '5152439', 'moon-buggy': '5439204', 'apple': '5495053', 'banana': '5494888', 'cherry': '5495382', 'watermelon': '5494510', 'registry': '8018911', 'hello-world': '8021526', 'docker/getting-started': '8021973', 'alpine': '7991792'}
16:36:47 INFO  EnvironmentC8y Setup
16:36:47 INFO  Executed systemctl&lt;serv_mapper1&gt;, exit status 3
16:36:47 INFO  Restarting mosquitto too frequently in the last 10 seconds. It was only up for 5 seconds
16:36:47 INFO  Delaying execution by 6 seconds
16:37:07 INFO  Executed sudo&lt;tedge_connect_c8y&gt;, exit status 0, duration 13 secs
16:37:08 INFO  Executed sudo&lt;tedge_connect_c8y_test&gt;, exit status 0
16:37:09 INFO  Executed systemctl&lt;serv_mosq2&gt;, exit status 0
16:37:09 INFO  Executed systemctl&lt;serv_mapper3&gt;, exit status 0
16:37:11 INFO  State of current operation: SUCCESSFUL
16:37:12 INFO  Assert that (False == value) with value=False ... passed
16:37:12 INFO  Package asciijump is installed
16:37:12 WARN  Assert that (False == value) with value=True ... failed 
16:37:12 INFO  Package squirrel3 is installed
16:37:13 WARN  Assert that (False == value) with value=True ... failed 
16:37:13 INFO  Package robotfindskitten is installed
16:37:13 WARN  Assert that (False == value) with value=True ... failed 
16:37:13 INFO  Response status: 201
16:37:13 INFO  Response to action: {
    &quot;creationTime&quot;: &quot;2022-04-28T16:37:13.469Z&quot;,
    &quot;deviceName&quot;: &quot;mythica&quot;,
    &quot;deviceId&quot;: &quot;17915176&quot;,
    &quot;self&quot;: &quot;https://t493319102.eu-latest.cumulocity.com/devicecontrol/operations/17923697&quot;,
    &quot;id&quot;: &quot;17923697&quot;,
    &quot;status&quot;: &quot;PENDING&quot;,
    &quot;description&quot;: &quot;Apply software changes, triggered from PySys: [{'action': 'install', 'id': '5475369', 'name': 'asciijump', 'url': ' ', 'version': '::apt'}, {'action': 'install', 'id': '5474869', 'name': 'robotfindskitten', 'url': ' ', 'version': '::apt'}, {'action': 'install', 'id': '5475279', 'name': 'squirrel3', 'url': ' ', 'version': '::apt'}]&quot;,
    &quot;c8y_SoftwareUpdate&quot;: [
        {
            &quot;name&quot;: &quot;asciijump&quot;,
            &quot;action&quot;: &quot;install&quot;,
            &quot;id&quot;: &quot;5475369&quot;,
            &quot;version&quot;: &quot;::apt&quot;,
            &quot;url&quot;: &quot; &quot;
        },
        {
            &quot;name&quot;: &quot;robotfindskitten&quot;,
            &quot;action&quot;: &quot;install&quot;,
            &quot;id&quot;: &quot;5474869&quot;,
            &quot;version&quot;: &quot;::apt&quot;,
            &quot;url&quot;: &quot; &quot;
        },
        {
            &quot;name&quot;: &quot;squirrel3&quot;,
            &quot;action&quot;: &quot;install&quot;,
            &quot;id&quot;: &quot;5475279&quot;,
            &quot;version&quot;: &quot;::apt&quot;,
            &quot;url&quot;: &quot; &quot;
        }
    ]
}
16:37:13 INFO  Started operation: {'creationTime': '2022-04-28T16:37:13.469Z', 'deviceName': 'mythica', 'deviceId': '17915176', 'self': 'https://t493319102.eu-latest.cumulocity.com/devicecontrol/operations/17923697', 'id': '17923697', 'status': 'PENDING', 'description': &quot;Apply software changes, triggered from PySys: [{'action': 'install', 'id': '5475369', 'name': 'asciijump', 'url': ' ', 'version': '::apt'}, {'action': 'install', 'id': '5474869', 'name': 'robotfindskitten', 'url': ' ', 'version': '::apt'}, {'action': 'install', 'id': '5475279', 'name': 'squirrel3', 'url': ' ', 'version': '::apt'}]&quot;, 'c8y_SoftwareUpdate': [{'name': 'asciijump', 'action': 'install', 'id': '5475369', 'version': '::apt', 'url': ' '}, {'name': 'robotfindskitten', 'action': 'install', 'id': '5474869', 'version': '::apt', 'url': ' '}, {'name': 'squirrel3', 'action': 'install', 'id': '5475279', 'version': '::apt', 'url': ' '}]}
16:37:15 INFO  State of operation 17923697 : PENDING
16:37:17 INFO  State of operation 17923697 : EXECUTING
16:37:20 INFO  State of operation 17923697 : EXECUTING
16:37:22 INFO  State of operation 17923697 : EXECUTING
16:37:24 INFO  State of operation 17923697 : EXECUTING
16:37:26 INFO  State of operation 17923697 : EXECUTING
16:37:29 INFO  State of operation 17923697 : EXECUTING
16:37:32 INFO  State of operation 17923697 : EXECUTING
16:37:34 INFO  State of operation 17923697 : EXECUTING
16:37:37 INFO  State of operation 17923697 : EXECUTING
16:37:39 INFO  State of operation 17923697 : EXECUTING
16:37:41 INFO  State of operation 17923697 : EXECUTING
16:37:44 INFO  State of operation 17923697 : EXECUTING
16:37:46 INFO  State of operation 17923697 : EXECUTING
16:37:48 INFO  State of operation 17923697 : EXECUTING
16:37:50 INFO  State of operation 17923697 : SUCCESSFUL
16:37:50 INFO  Assert that (False == value) with value=False ... passed
16:37:51 INFO  Package asciijump is installed
16:37:51 INFO  Assert that (True == value) with value=True ... passed
16:37:51 INFO  Package squirrel3 is installed
16:37:51 INFO  Assert that (True == value) with value=True ... passed
16:37:51 INFO  Package robotfindskitten is installed
16:37:51 INFO  Assert that (True == value) with value=True ... passed
16:37:51 INFO  Response status: 201
16:37:51 INFO  Response to action: {
    &quot;creationTime&quot;: &quot;2022-04-28T16:37:51.847Z&quot;,
    &quot;deviceName&quot;: &quot;mythica&quot;,
    &quot;deviceId&quot;: &quot;17915176&quot;,
    &quot;self&quot;: &quot;https://t493319102.eu-latest.cumulocity.com/devicecontrol/operations/17923703&quot;,
    &quot;id&quot;: &quot;17923703&quot;,
    &quot;status&quot;: &quot;PENDING&quot;,
    &quot;description&quot;: &quot;Apply software changes, triggered from PySys: [{'action': 'delete', 'id': '5475369', 'name': 'asciijump', 'url': ' ', 'version': '::apt'}, {'action': 'delete', 'id': '5474869', 'name': 'robotfindskitten', 'url': ' ', 'version': '::apt'}, {'action': 'delete', 'id': '5475279', 'name': 'squirrel3', 'url': ' ', 'version': '::apt'}]&quot;,
    &quot;c8y_SoftwareUpdate&quot;: [
        {
            &quot;name&quot;: &quot;asciijump&quot;,
            &quot;action&quot;: &quot;delete&quot;,
            &quot;id&quot;: &quot;5475369&quot;,
            &quot;version&quot;: &quot;::apt&quot;,
            &quot;url&quot;: &quot; &quot;
        },
        {
            &quot;name&quot;: &quot;robotfindskitten&quot;,
            &quot;action&quot;: &quot;delete&quot;,
            &quot;id&quot;: &quot;5474869&quot;,
            &quot;version&quot;: &quot;::apt&quot;,
            &quot;url&quot;: &quot; &quot;
        },
        {
            &quot;name&quot;: &quot;squirrel3&quot;,
            &quot;action&quot;: &quot;delete&quot;,
            &quot;id&quot;: &quot;5475279&quot;,
            &quot;version&quot;: &quot;::apt&quot;,
            &quot;url&quot;: &quot; &quot;
        }
    ]
}
16:37:51 INFO  Started operation: {'creationTime': '2022-04-28T16:37:51.847Z', 'deviceName': 'mythica', 'deviceId': '17915176', 'self': 'https://t493319102.eu-latest.cumulocity.com/devicecontrol/operations/17923703', 'id': '17923703', 'status': 'PENDING', 'description': &quot;Apply software changes, triggered from PySys: [{'action': 'delete', 'id': '5475369', 'name': 'asciijump', 'url': ' ', 'version': '::apt'}, {'action': 'delete', 'id': '5474869', 'name': 'robotfindskitten', 'url': ' ', 'version': '::apt'}, {'action': 'delete', 'id': '5475279', 'name': 'squirrel3', 'url': ' ', 'version': '::apt'}]&quot;, 'c8y_SoftwareUpdate': [{'name': 'asciijump', 'action': 'delete', 'id': '5475369', 'version': '::apt', 'url': ' '}, {'name': 'robotfindskitten', 'action': 'delete', 'id': '5474869', 'version': '::apt', 'url': ' '}, {'name': 'squirrel3', 'action': 'delete', 'id': '5475279', 'version': '::apt', 'url': ' '}]}
16:37:54 INFO  State of operation 17923703 : PENDING
16:37:56 INFO  State of operation 17923703 : EXECUTING
16:37:58 INFO  State of operation 17923703 : EXECUTING
16:38:00 INFO  State of operation 17923703 : EXECUTING
16:38:02 INFO  State of operation 17923703 : EXECUTING
16:38:05 INFO  State of operation 17923703 : EXECUTING
16:38:07 INFO  State of operation 17923703 : EXECUTING
16:38:10 INFO  State of operation 17923703 : EXECUTING
16:38:12 INFO  State of operation 17923703 : EXECUTING
16:38:15 INFO  State of operation 17923703 : EXECUTING
16:38:17 INFO  State of operation 17923703 : EXECUTING
16:38:19 INFO  State of operation 17923703 : EXECUTING
16:38:21 INFO  State of operation 17923703 : EXECUTING
16:38:24 INFO  State of operation 17923703 : EXECUTING
16:38:26 INFO  State of operation 17923703 : EXECUTING
16:38:28 INFO  State of operation 17923703 : EXECUTING
16:38:30 INFO  State of operation 17923703 : EXECUTING
16:38:33 INFO  State of operation 17923703 : EXECUTING
16:38:35 INFO  State of operation 17923703 : EXECUTING
16:38:38 INFO  State of operation 17923703 : EXECUTING
16:38:40 INFO  State of operation 17923703 : EXECUTING
16:38:42 INFO  State of operation 17923703 : EXECUTING
16:38:45 INFO  State of operation 17923703 : EXECUTING
16:38:47 INFO  State of operation 17923703 : EXECUTING
16:38:49 INFO  State of operation 17923703 : EXECUTING
16:38:52 INFO  State of operation 17923703 : EXECUTING
16:38:54 INFO  State of operation 17923703 : EXECUTING
16:38:56 INFO  State of operation 17923703 : EXECUTING
16:38:59 INFO  State of operation 17923703 : EXECUTING
16:39:01 INFO  State of operation 17923703 : SUCCESSFUL
16:39:01 INFO  Assert that (False == value) with value=False ... passed
16:39:01 INFO  Assert that (False == value) with value=False ... passed
16:39:02 INFO  Assert that (False == value) with value=False ... passed
16:39:02 INFO  Assert that (False == value) with value=False ... passed
16:39:02 INFO  
16:39:02 INFO  cleanup:
16:39:06 INFO  Executed sudo&lt;tedge_disconnect_c8y&gt;, exit status 0
16:39:07 INFO  Executed systemctl&lt;serv_mapper5&gt;, exit status 3
16:39:07 INFO  
16:39:07 INFO  Test duration: 139.97 secs
16:39:07 INFO  Test final outcome:  FAILED
16:39:07 INFO  Test outcome reason: Assert that (False == value) with value=True (+2 other failures)
16:39:07 INFO  
</system-out>
	</testcase>
</testsuite>
