<?xml version="1.0" encoding="utf-8"?>
<testsuite failures="1" name="SoftwareManagement.sm_mixed_install_remove_multiple" skipped="0" tests="1" time="172.59" timestamp="2022-05-10T14:34:20">
	<testcase classname="PySysTest" name="SoftwareManagement.sm_mixed_install_remove_multiple">
		<failure message="FAILED: Assert that (False == value) with value=True" type="FAILED"/>
		<system-out>14:31:27 INFO  ==============================================================
14:31:27 INFO  Id:    SoftwareManagement.sm_mixed_install_remove_multiple
14:31:27 INFO  Dir:   software_management_end_to_end/
14:31:27 INFO  Title: Validate end to end behaviour for the dummy-plugin for multiple packages with mixed versions
14:31:27 INFO  ==============================================================
14:31:27 INFO  Using sw id database: {'asciijump': '5475369', 'robotfindskitten': '5474869', 'squirrel3': '5475279', 'rolldice': '5152439', 'moon-buggy': '5439204', 'apple': '5495053', 'banana': '5494888', 'cherry': '5495382', 'watermelon': '5494510', 'registry': '8018911', 'hello-world': '8021526', 'docker/getting-started': '8021973', 'alpine': '7991792'}
14:31:27 INFO  EnvironmentC8y Setup
14:31:28 INFO  Executed systemctl&lt;serv_mapper1&gt;, exit status 3
14:31:28 INFO  Restarting mosquitto too frequently in the last 10 seconds. It was only up for 4 seconds
14:31:28 INFO  Delaying execution by 7 seconds
14:31:49 INFO  Executed sudo&lt;tedge_connect_c8y&gt;, exit status 0, duration 14 secs
14:31:50 INFO  Executed sudo&lt;tedge_connect_c8y_test&gt;, exit status 0
14:31:50 INFO  Executed systemctl&lt;serv_mosq2&gt;, exit status 0
14:31:51 INFO  Executed systemctl&lt;serv_mapper3&gt;, exit status 0
14:31:53 INFO  State of current operation: SUCCESSFUL
14:31:53 INFO  Package apple is installed
14:31:53 INFO  Assert that (True == value) with value=True ... passed
14:31:54 INFO  Package banana is installed
14:31:54 INFO  Assert that (True == value) with value=True ... passed
14:31:54 INFO  Package cherry is installed
14:31:54 INFO  Assert that (True == value) with value=True ... passed
14:31:54 INFO  Package asciijump is installed
14:31:54 WARN  Assert that (False == value) with value=True ... failed 
14:31:55 INFO  Assert that (False == value) with value=False ... passed
14:31:55 INFO  Response status: 201
14:31:55 INFO  Response to action: {
    &quot;creationTime&quot;: &quot;2022-05-10T14:31:55.245Z&quot;,
    &quot;deviceName&quot;: &quot;mythica&quot;,
    &quot;deviceId&quot;: &quot;18671276&quot;,
    &quot;self&quot;: &quot;https://t493319102.eu-latest.cumulocity.com/devicecontrol/operations/18685849&quot;,
    &quot;id&quot;: &quot;18685849&quot;,
    &quot;status&quot;: &quot;PENDING&quot;,
    &quot;description&quot;: &quot;Apply software changes, triggered from PySys: [{'action': 'install', 'id': '5495053', 'name': 'apple', 'url': ' ', 'version': '::fruits'}, {'action': 'install', 'id': '5494888', 'name': 'banana', 'url': ' ', 'version': '::fruits'}, {'action': 'install', 'id': '5475369', 'name': 'asciijump', 'url': ' ', 'version': '::apt'}, {'action': 'install', 'id': '5495382', 'name': 'cherry', 'url': ' ', 'version': '::fruits'}, {'action': 'install', 'id': '8018911', 'name': 'registry', 'url': ' ', 'version': '::docker'}]&quot;,
    &quot;c8y_SoftwareUpdate&quot;: [
        {
            &quot;name&quot;: &quot;apple&quot;,
            &quot;action&quot;: &quot;install&quot;,
            &quot;id&quot;: &quot;5495053&quot;,
            &quot;version&quot;: &quot;::fruits&quot;,
            &quot;url&quot;: &quot; &quot;
        },
        {
            &quot;name&quot;: &quot;banana&quot;,
            &quot;action&quot;: &quot;install&quot;,
            &quot;id&quot;: &quot;5494888&quot;,
            &quot;version&quot;: &quot;::fruits&quot;,
            &quot;url&quot;: &quot; &quot;
        },
        {
            &quot;name&quot;: &quot;asciijump&quot;,
            &quot;action&quot;: &quot;install&quot;,
            &quot;id&quot;: &quot;5475369&quot;,
            &quot;version&quot;: &quot;::apt&quot;,
            &quot;url&quot;: &quot; &quot;
        },
        {
            &quot;name&quot;: &quot;cherry&quot;,
            &quot;action&quot;: &quot;install&quot;,
            &quot;id&quot;: &quot;5495382&quot;,
            &quot;version&quot;: &quot;::fruits&quot;,
            &quot;url&quot;: &quot; &quot;
        },
        {
            &quot;name&quot;: &quot;registry&quot;,
            &quot;action&quot;: &quot;install&quot;,
            &quot;id&quot;: &quot;8018911&quot;,
            &quot;version&quot;: &quot;::docker&quot;,
            &quot;url&quot;: &quot; &quot;
        }
    ]
}
14:31:55 INFO  Started operation: {'creationTime': '2022-05-10T14:31:55.245Z', 'deviceName': 'mythica', 'deviceId': '18671276', 'self': 'https://t493319102.eu-latest.cumulocity.com/devicecontrol/operations/18685849', 'id': '18685849', 'status': 'PENDING', 'description': &quot;Apply software changes, triggered from PySys: [{'action': 'install', 'id': '5495053', 'name': 'apple', 'url': ' ', 'version': '::fruits'}, {'action': 'install', 'id': '5494888', 'name': 'banana', 'url': ' ', 'version': '::fruits'}, {'action': 'install', 'id': '5475369', 'name': 'asciijump', 'url': ' ', 'version': '::apt'}, {'action': 'install', 'id': '5495382', 'name': 'cherry', 'url': ' ', 'version': '::fruits'}, {'action': 'install', 'id': '8018911', 'name': 'registry', 'url': ' ', 'version': '::docker'}]&quot;, 'c8y_SoftwareUpdate': [{'name': 'apple', 'action': 'install', 'id': '5495053', 'version': '::fruits', 'url': ' '}, {'name': 'banana', 'action': 'install', 'id': '5494888', 'version': '::fruits', 'url': ' '}, {'name': 'asciijump', 'action': 'install', 'id': '5475369', 'version': '::apt', 'url': ' '}, {'name': 'cherry', 'action': 'install', 'id': '5495382', 'version': '::fruits', 'url': ' '}, {'name': 'registry', 'action': 'install', 'id': '8018911', 'version': '::docker', 'url': ' '}]}
14:31:57 INFO  State of operation 18685849 : PENDING
14:31:59 INFO  State of operation 18685849 : EXECUTING
14:32:01 INFO  State of operation 18685849 : EXECUTING
14:32:04 INFO  State of operation 18685849 : EXECUTING
14:32:06 INFO  State of operation 18685849 : EXECUTING
14:32:08 INFO  State of operation 18685849 : EXECUTING
14:32:11 INFO  State of operation 18685849 : EXECUTING
14:32:14 INFO  State of operation 18685849 : EXECUTING
14:32:16 INFO  State of operation 18685849 : EXECUTING
14:32:19 INFO  State of operation 18685849 : EXECUTING
14:32:21 INFO  State of operation 18685849 : EXECUTING
14:32:23 INFO  State of operation 18685849 : EXECUTING
14:32:25 INFO  State of operation 18685849 : EXECUTING
14:32:28 INFO  State of operation 18685849 : EXECUTING
14:32:30 INFO  State of operation 18685849 : EXECUTING
14:32:32 INFO  State of operation 18685849 : EXECUTING
14:32:35 INFO  State of operation 18685849 : EXECUTING
14:32:37 INFO  State of operation 18685849 : EXECUTING
14:32:39 INFO  State of operation 18685849 : EXECUTING
14:32:41 INFO  State of operation 18685849 : EXECUTING
14:32:44 INFO  State of operation 18685849 : EXECUTING
14:32:46 INFO  State of operation 18685849 : EXECUTING
14:32:48 INFO  State of operation 18685849 : EXECUTING
14:32:51 INFO  State of operation 18685849 : EXECUTING
14:32:53 INFO  State of operation 18685849 : EXECUTING
14:32:55 INFO  State of operation 18685849 : EXECUTING
14:32:57 INFO  State of operation 18685849 : SUCCESSFUL
14:32:58 INFO  Package apple is installed
14:32:58 INFO  Assert that (True == value) with value=True ... passed
14:32:58 INFO  Package banana is installed
14:32:58 INFO  Assert that (True == value) with value=True ... passed
14:32:58 INFO  Package cherry is installed
14:32:58 INFO  Assert that (True == value) with value=True ... passed
14:32:58 INFO  Package asciijump is installed
14:32:58 INFO  Assert that (True == value) with value=True ... passed
14:32:59 INFO  Package registry is installed
14:32:59 INFO  Assert that (True == value) with value=True ... passed
14:32:59 INFO  Response status: 201
14:32:59 INFO  Response to action: {
    &quot;creationTime&quot;: &quot;2022-05-10T14:32:59.286Z&quot;,
    &quot;deviceName&quot;: &quot;mythica&quot;,
    &quot;deviceId&quot;: &quot;18671276&quot;,
    &quot;self&quot;: &quot;https://t493319102.eu-latest.cumulocity.com/devicecontrol/operations/18685857&quot;,
    &quot;id&quot;: &quot;18685857&quot;,
    &quot;status&quot;: &quot;PENDING&quot;,
    &quot;description&quot;: &quot;Apply software changes, triggered from PySys: [{'action': 'delete', 'id': '5495053', 'name': 'apple', 'url': ' ', 'version': '::fruits'}, {'action': 'delete', 'id': '5494888', 'name': 'banana', 'url': ' ', 'version': '::fruits'}, {'action': 'delete', 'id': '5475369', 'name': 'asciijump', 'url': ' ', 'version': '::apt'}, {'action': 'delete', 'id': '5495382', 'name': 'cherry', 'url': ' ', 'version': '::fruits'}, {'action': 'delete', 'id': '8018911', 'name': 'registry', 'url': ' ', 'version': '::docker'}]&quot;,
    &quot;c8y_SoftwareUpdate&quot;: [
        {
            &quot;name&quot;: &quot;apple&quot;,
            &quot;action&quot;: &quot;delete&quot;,
            &quot;id&quot;: &quot;5495053&quot;,
            &quot;version&quot;: &quot;::fruits&quot;,
            &quot;url&quot;: &quot; &quot;
        },
        {
            &quot;name&quot;: &quot;banana&quot;,
            &quot;action&quot;: &quot;delete&quot;,
            &quot;id&quot;: &quot;5494888&quot;,
            &quot;version&quot;: &quot;::fruits&quot;,
            &quot;url&quot;: &quot; &quot;
        },
        {
            &quot;name&quot;: &quot;asciijump&quot;,
            &quot;action&quot;: &quot;delete&quot;,
            &quot;id&quot;: &quot;5475369&quot;,
            &quot;version&quot;: &quot;::apt&quot;,
            &quot;url&quot;: &quot; &quot;
        },
        {
            &quot;name&quot;: &quot;cherry&quot;,
            &quot;action&quot;: &quot;delete&quot;,
            &quot;id&quot;: &quot;5495382&quot;,
            &quot;version&quot;: &quot;::fruits&quot;,
            &quot;url&quot;: &quot; &quot;
        },
        {
            &quot;name&quot;: &quot;registry&quot;,
            &quot;action&quot;: &quot;delete&quot;,
            &quot;id&quot;: &quot;8018911&quot;,
            &quot;version&quot;: &quot;::docker&quot;,
            &quot;url&quot;: &quot; &quot;
        }
    ]
}
14:32:59 INFO  Started operation: {'creationTime': '2022-05-10T14:32:59.286Z', 'deviceName': 'mythica', 'deviceId': '18671276', 'self': 'https://t493319102.eu-latest.cumulocity.com/devicecontrol/operations/18685857', 'id': '18685857', 'status': 'PENDING', 'description': &quot;Apply software changes, triggered from PySys: [{'action': 'delete', 'id': '5495053', 'name': 'apple', 'url': ' ', 'version': '::fruits'}, {'action': 'delete', 'id': '5494888', 'name': 'banana', 'url': ' ', 'version': '::fruits'}, {'action': 'delete', 'id': '5475369', 'name': 'asciijump', 'url': ' ', 'version': '::apt'}, {'action': 'delete', 'id': '5495382', 'name': 'cherry', 'url': ' ', 'version': '::fruits'}, {'action': 'delete', 'id': '8018911', 'name': 'registry', 'url': ' ', 'version': '::docker'}]&quot;, 'c8y_SoftwareUpdate': [{'name': 'apple', 'action': 'delete', 'id': '5495053', 'version': '::fruits', 'url': ' '}, {'name': 'banana', 'action': 'delete', 'id': '5494888', 'version': '::fruits', 'url': ' '}, {'name': 'asciijump', 'action': 'delete', 'id': '5475369', 'version': '::apt', 'url': ' '}, {'name': 'cherry', 'action': 'delete', 'id': '5495382', 'version': '::fruits', 'url': ' '}, {'name': 'registry', 'action': 'delete', 'id': '8018911', 'version': '::docker', 'url': ' '}]}
14:33:01 INFO  State of operation 18685857 : PENDING
14:33:03 INFO  State of operation 18685857 : EXECUTING
14:33:06 INFO  State of operation 18685857 : EXECUTING
14:33:08 INFO  State of operation 18685857 : EXECUTING
14:33:10 INFO  State of operation 18685857 : EXECUTING
14:33:12 INFO  State of operation 18685857 : EXECUTING
14:33:15 INFO  State of operation 18685857 : EXECUTING
14:33:17 INFO  State of operation 18685857 : EXECUTING
14:33:21 INFO  State of operation 18685857 : EXECUTING
14:33:23 INFO  State of operation 18685857 : EXECUTING
14:33:25 INFO  State of operation 18685857 : EXECUTING
14:33:28 INFO  State of operation 18685857 : EXECUTING
14:33:30 INFO  State of operation 18685857 : EXECUTING
14:33:32 INFO  State of operation 18685857 : EXECUTING
14:33:34 INFO  State of operation 18685857 : EXECUTING
14:33:37 INFO  State of operation 18685857 : EXECUTING
14:33:39 INFO  State of operation 18685857 : EXECUTING
14:33:42 INFO  State of operation 18685857 : EXECUTING
14:33:44 INFO  State of operation 18685857 : EXECUTING
14:33:46 INFO  State of operation 18685857 : EXECUTING
14:33:49 INFO  State of operation 18685857 : EXECUTING
14:33:51 INFO  State of operation 18685857 : EXECUTING
14:33:53 INFO  State of operation 18685857 : EXECUTING
14:33:55 INFO  State of operation 18685857 : EXECUTING
14:33:58 INFO  State of operation 18685857 : EXECUTING
14:34:00 INFO  State of operation 18685857 : EXECUTING
14:34:03 INFO  State of operation 18685857 : EXECUTING
14:34:05 INFO  State of operation 18685857 : EXECUTING
14:34:07 INFO  State of operation 18685857 : EXECUTING
14:34:09 INFO  State of operation 18685857 : EXECUTING
14:34:12 INFO  State of operation 18685857 : EXECUTING
14:34:14 INFO  State of operation 18685857 : SUCCESSFUL
14:34:14 INFO  Package apple is installed
14:34:14 INFO  Assert that (True == value) with value=True ... passed
14:34:14 INFO  Package banana is installed
14:34:14 INFO  Assert that (True == value) with value=True ... passed
14:34:15 INFO  Package cherry is installed
14:34:15 INFO  Assert that (True == value) with value=True ... passed
14:34:15 INFO  Assert that (False == value) with value=False ... passed
14:34:15 INFO  Assert that (False == value) with value=False ... passed
14:34:15 INFO  
14:34:15 INFO  cleanup:
14:34:19 INFO  Executed sudo&lt;tedge_disconnect_c8y&gt;, exit status 0
14:34:20 INFO  Executed systemctl&lt;serv_mapper5&gt;, exit status 3
14:34:20 INFO  
14:34:20 INFO  Test duration: 172.59 secs
14:34:20 INFO  Test final outcome:  FAILED
14:34:20 INFO  Test outcome reason: Assert that (False == value) with value=True
14:34:20 INFO  
</system-out>
	</testcase>
</testsuite>
