<?xml version="1.0" encoding="utf-8"?>
<testsuite failures="1" name="SoftwareManagement.sm_mixed_install_remove_multiple" skipped="0" tests="1" time="175.9" timestamp="2022-05-16T08:47:17">
	<testcase classname="PySysTest" name="SoftwareManagement.sm_mixed_install_remove_multiple">
		<failure message="FAILED: Assert that (False == value) with value=True" type="FAILED"/>
		<system-out>08:44:21 INFO  ==============================================================
08:44:21 INFO  Id:    SoftwareManagement.sm_mixed_install_remove_multiple
08:44:21 INFO  Dir:   software_management_end_to_end/
08:44:21 INFO  Title: Validate end to end behaviour for the dummy-plugin for multiple packages with mixed versions
08:44:21 INFO  ==============================================================
08:44:21 INFO  Using sw id database: {'asciijump': '5475369', 'robotfindskitten': '5474869', 'squirrel3': '5475279', 'rolldice': '5152439', 'moon-buggy': '5439204', 'apple': '5495053', 'banana': '5494888', 'cherry': '5495382', 'watermelon': '5494510', 'registry': '8018911', 'hello-world': '8021526', 'docker/getting-started': '8021973', 'alpine': '7991792'}
08:44:21 INFO  EnvironmentC8y Setup
08:44:22 INFO  Executed systemctl&lt;serv_mapper1&gt;, exit status 3
08:44:22 INFO  Restarting mosquitto too frequently in the last 10 seconds. It was only up for 4 seconds
08:44:22 INFO  Delaying execution by 7 seconds
08:44:43 INFO  Executed sudo&lt;tedge_connect_c8y&gt;, exit status 0, duration 14 secs
08:44:44 INFO  Executed sudo&lt;tedge_connect_c8y_test&gt;, exit status 0
08:44:44 INFO  Executed systemctl&lt;serv_mosq2&gt;, exit status 0
08:44:45 INFO  Executed systemctl&lt;serv_mapper3&gt;, exit status 0
08:44:47 INFO  State of current operation: SUCCESSFUL
08:44:47 INFO  Package apple is installed
08:44:47 INFO  Assert that (True == value) with value=True ... passed
08:44:48 INFO  Package banana is installed
08:44:48 INFO  Assert that (True == value) with value=True ... passed
08:44:48 INFO  Package cherry is installed
08:44:48 INFO  Assert that (True == value) with value=True ... passed
08:44:48 INFO  Package asciijump is installed
08:44:48 WARN  Assert that (False == value) with value=True ... failed 
08:44:48 INFO  Assert that (False == value) with value=False ... passed
08:44:49 INFO  Response status: 201
08:44:49 INFO  Response to action: {
    &quot;creationTime&quot;: &quot;2022-05-16T08:44:49.078Z&quot;,
    &quot;deviceId&quot;: &quot;19054949&quot;,
    &quot;deviceName&quot;: &quot;mythica&quot;,
    &quot;self&quot;: &quot;https://t493319102.eu-latest.cumulocity.com/devicecontrol/operations/19133433&quot;,
    &quot;id&quot;: &quot;19133433&quot;,
    &quot;status&quot;: &quot;PENDING&quot;,
    &quot;description&quot;: &quot;Apply software changes, triggered from PySys: [{'action': 'install', 'id': '5495053', 'name': 'apple', 'url': ' ', 'version': '::fruits'}, {'action': 'install', 'id': '5494888', 'name': 'banana', 'url': ' ', 'version': '::fruits'}, {'action': 'install', 'id': '5475369', 'name': 'asciijump', 'url': ' ', 'version': '::apt'}, {'action': 'install', 'id': '5495382', 'name': 'cherry', 'url': ' ', 'version': '::fruits'}, {'action': 'install', 'id': '8018911', 'name': 'registry', 'url': ' ', 'version': '::docker'}]&quot;,
    &quot;c8y_SoftwareUpdate&quot;: [
        {
            &quot;name&quot;: &quot;apple&quot;,
            &quot;action&quot;: &quot;install&quot;,
            &quot;id&quot;: &quot;5495053&quot;,
            &quot;version&quot;: &quot;::fruits&quot;,
            &quot;url&quot;: &quot; &quot;
        },
        {
            &quot;name&quot;: &quot;banana&quot;,
            &quot;action&quot;: &quot;install&quot;,
            &quot;id&quot;: &quot;5494888&quot;,
            &quot;version&quot;: &quot;::fruits&quot;,
            &quot;url&quot;: &quot; &quot;
        },
        {
            &quot;name&quot;: &quot;asciijump&quot;,
            &quot;action&quot;: &quot;install&quot;,
            &quot;id&quot;: &quot;5475369&quot;,
            &quot;version&quot;: &quot;::apt&quot;,
            &quot;url&quot;: &quot; &quot;
        },
        {
            &quot;name&quot;: &quot;cherry&quot;,
            &quot;action&quot;: &quot;install&quot;,
            &quot;id&quot;: &quot;5495382&quot;,
            &quot;version&quot;: &quot;::fruits&quot;,
            &quot;url&quot;: &quot; &quot;
        },
        {
            &quot;name&quot;: &quot;registry&quot;,
            &quot;action&quot;: &quot;install&quot;,
            &quot;id&quot;: &quot;8018911&quot;,
            &quot;version&quot;: &quot;::docker&quot;,
            &quot;url&quot;: &quot; &quot;
        }
    ]
}
08:44:49 INFO  Started operation: {'creationTime': '2022-05-16T08:44:49.078Z', 'deviceId': '19054949', 'deviceName': 'mythica', 'self': 'https://t493319102.eu-latest.cumulocity.com/devicecontrol/operations/19133433', 'id': '19133433', 'status': 'PENDING', 'description': &quot;Apply software changes, triggered from PySys: [{'action': 'install', 'id': '5495053', 'name': 'apple', 'url': ' ', 'version': '::fruits'}, {'action': 'install', 'id': '5494888', 'name': 'banana', 'url': ' ', 'version': '::fruits'}, {'action': 'install', 'id': '5475369', 'name': 'asciijump', 'url': ' ', 'version': '::apt'}, {'action': 'install', 'id': '5495382', 'name': 'cherry', 'url': ' ', 'version': '::fruits'}, {'action': 'install', 'id': '8018911', 'name': 'registry', 'url': ' ', 'version': '::docker'}]&quot;, 'c8y_SoftwareUpdate': [{'name': 'apple', 'action': 'install', 'id': '5495053', 'version': '::fruits', 'url': ' '}, {'name': 'banana', 'action': 'install', 'id': '5494888', 'version': '::fruits', 'url': ' '}, {'name': 'asciijump', 'action': 'install', 'id': '5475369', 'version': '::apt', 'url': ' '}, {'name': 'cherry', 'action': 'install', 'id': '5495382', 'version': '::fruits', 'url': ' '}, {'name': 'registry', 'action': 'install', 'id': '8018911', 'version': '::docker', 'url': ' '}]}
08:44:51 INFO  State of operation 19133433 : PENDING
08:44:53 INFO  State of operation 19133433 : EXECUTING
08:44:55 INFO  State of operation 19133433 : EXECUTING
08:44:58 INFO  State of operation 19133433 : EXECUTING
08:45:00 INFO  State of operation 19133433 : EXECUTING
08:45:02 INFO  State of operation 19133433 : EXECUTING
08:45:05 INFO  State of operation 19133433 : EXECUTING
08:45:07 INFO  State of operation 19133433 : EXECUTING
08:45:11 INFO  State of operation 19133433 : EXECUTING
08:45:13 INFO  State of operation 19133433 : EXECUTING
08:45:15 INFO  State of operation 19133433 : EXECUTING
08:45:17 INFO  State of operation 19133433 : EXECUTING
08:45:20 INFO  State of operation 19133433 : EXECUTING
08:45:22 INFO  State of operation 19133433 : EXECUTING
08:45:24 INFO  State of operation 19133433 : EXECUTING
08:45:26 INFO  State of operation 19133433 : EXECUTING
08:45:29 INFO  State of operation 19133433 : EXECUTING
08:45:31 INFO  State of operation 19133433 : EXECUTING
08:45:33 INFO  State of operation 19133433 : EXECUTING
08:45:35 INFO  State of operation 19133433 : EXECUTING
08:45:38 INFO  State of operation 19133433 : EXECUTING
08:45:40 INFO  State of operation 19133433 : EXECUTING
08:45:42 INFO  State of operation 19133433 : EXECUTING
08:45:44 INFO  State of operation 19133433 : EXECUTING
08:45:47 INFO  State of operation 19133433 : EXECUTING
08:45:49 INFO  State of operation 19133433 : EXECUTING
08:45:51 INFO  State of operation 19133433 : EXECUTING
08:45:53 INFO  State of operation 19133433 : SUCCESSFUL
08:45:53 INFO  Package apple is installed
08:45:53 INFO  Assert that (True == value) with value=True ... passed
08:45:54 INFO  Package banana is installed
08:45:54 INFO  Assert that (True == value) with value=True ... passed
08:45:54 INFO  Package cherry is installed
08:45:54 INFO  Assert that (True == value) with value=True ... passed
08:45:54 INFO  Package asciijump is installed
08:45:54 INFO  Assert that (True == value) with value=True ... passed
08:45:54 INFO  Package registry is installed
08:45:54 INFO  Assert that (True == value) with value=True ... passed
08:45:55 INFO  Response status: 201
08:45:55 INFO  Response to action: {
    &quot;creationTime&quot;: &quot;2022-05-16T08:45:55.114Z&quot;,
    &quot;deviceId&quot;: &quot;19054949&quot;,
    &quot;deviceName&quot;: &quot;mythica&quot;,
    &quot;self&quot;: &quot;https://t493319102.eu-latest.cumulocity.com/devicecontrol/operations/19133451&quot;,
    &quot;id&quot;: &quot;19133451&quot;,
    &quot;status&quot;: &quot;PENDING&quot;,
    &quot;description&quot;: &quot;Apply software changes, triggered from PySys: [{'action': 'delete', 'id': '5495053', 'name': 'apple', 'url': ' ', 'version': '::fruits'}, {'action': 'delete', 'id': '5494888', 'name': 'banana', 'url': ' ', 'version': '::fruits'}, {'action': 'delete', 'id': '5475369', 'name': 'asciijump', 'url': ' ', 'version': '::apt'}, {'action': 'delete', 'id': '5495382', 'name': 'cherry', 'url': ' ', 'version': '::fruits'}, {'action': 'delete', 'id': '8018911', 'name': 'registry', 'url': ' ', 'version': '::docker'}]&quot;,
    &quot;c8y_SoftwareUpdate&quot;: [
        {
            &quot;name&quot;: &quot;apple&quot;,
            &quot;action&quot;: &quot;delete&quot;,
            &quot;id&quot;: &quot;5495053&quot;,
            &quot;version&quot;: &quot;::fruits&quot;,
            &quot;url&quot;: &quot; &quot;
        },
        {
            &quot;name&quot;: &quot;banana&quot;,
            &quot;action&quot;: &quot;delete&quot;,
            &quot;id&quot;: &quot;5494888&quot;,
            &quot;version&quot;: &quot;::fruits&quot;,
            &quot;url&quot;: &quot; &quot;
        },
        {
            &quot;name&quot;: &quot;asciijump&quot;,
            &quot;action&quot;: &quot;delete&quot;,
            &quot;id&quot;: &quot;5475369&quot;,
            &quot;version&quot;: &quot;::apt&quot;,
            &quot;url&quot;: &quot; &quot;
        },
        {
            &quot;name&quot;: &quot;cherry&quot;,
            &quot;action&quot;: &quot;delete&quot;,
            &quot;id&quot;: &quot;5495382&quot;,
            &quot;version&quot;: &quot;::fruits&quot;,
            &quot;url&quot;: &quot; &quot;
        },
        {
            &quot;name&quot;: &quot;registry&quot;,
            &quot;action&quot;: &quot;delete&quot;,
            &quot;id&quot;: &quot;8018911&quot;,
            &quot;version&quot;: &quot;::docker&quot;,
            &quot;url&quot;: &quot; &quot;
        }
    ]
}
08:45:55 INFO  Started operation: {'creationTime': '2022-05-16T08:45:55.114Z', 'deviceId': '19054949', 'deviceName': 'mythica', 'self': 'https://t493319102.eu-latest.cumulocity.com/devicecontrol/operations/19133451', 'id': '19133451', 'status': 'PENDING', 'description': &quot;Apply software changes, triggered from PySys: [{'action': 'delete', 'id': '5495053', 'name': 'apple', 'url': ' ', 'version': '::fruits'}, {'action': 'delete', 'id': '5494888', 'name': 'banana', 'url': ' ', 'version': '::fruits'}, {'action': 'delete', 'id': '5475369', 'name': 'asciijump', 'url': ' ', 'version': '::apt'}, {'action': 'delete', 'id': '5495382', 'name': 'cherry', 'url': ' ', 'version': '::fruits'}, {'action': 'delete', 'id': '8018911', 'name': 'registry', 'url': ' ', 'version': '::docker'}]&quot;, 'c8y_SoftwareUpdate': [{'name': 'apple', 'action': 'delete', 'id': '5495053', 'version': '::fruits', 'url': ' '}, {'name': 'banana', 'action': 'delete', 'id': '5494888', 'version': '::fruits', 'url': ' '}, {'name': 'asciijump', 'action': 'delete', 'id': '5475369', 'version': '::apt', 'url': ' '}, {'name': 'cherry', 'action': 'delete', 'id': '5495382', 'version': '::fruits', 'url': ' '}, {'name': 'registry', 'action': 'delete', 'id': '8018911', 'version': '::docker', 'url': ' '}]}
08:45:57 INFO  State of operation 19133451 : PENDING
08:45:59 INFO  State of operation 19133451 : EXECUTING
08:46:01 INFO  State of operation 19133451 : EXECUTING
08:46:04 INFO  State of operation 19133451 : EXECUTING
08:46:06 INFO  State of operation 19133451 : EXECUTING
08:46:08 INFO  State of operation 19133451 : EXECUTING
08:46:10 INFO  State of operation 19133451 : EXECUTING
08:46:13 INFO  State of operation 19133451 : EXECUTING
08:46:17 INFO  State of operation 19133451 : EXECUTING
08:46:19 INFO  State of operation 19133451 : EXECUTING
08:46:21 INFO  State of operation 19133451 : EXECUTING
08:46:24 INFO  State of operation 19133451 : EXECUTING
08:46:26 INFO  State of operation 19133451 : EXECUTING
08:46:28 INFO  State of operation 19133451 : EXECUTING
08:46:30 INFO  State of operation 19133451 : EXECUTING
08:46:33 INFO  State of operation 19133451 : EXECUTING
08:46:37 INFO  State of operation 19133451 : EXECUTING
08:46:39 INFO  State of operation 19133451 : EXECUTING
08:46:41 INFO  State of operation 19133451 : EXECUTING
08:46:44 INFO  State of operation 19133451 : EXECUTING
08:46:46 INFO  State of operation 19133451 : EXECUTING
08:46:48 INFO  State of operation 19133451 : EXECUTING
08:46:50 INFO  State of operation 19133451 : EXECUTING
08:46:53 INFO  State of operation 19133451 : EXECUTING
08:46:55 INFO  State of operation 19133451 : EXECUTING
08:46:57 INFO  State of operation 19133451 : EXECUTING
08:47:00 INFO  State of operation 19133451 : EXECUTING
08:47:02 INFO  State of operation 19133451 : EXECUTING
08:47:04 INFO  State of operation 19133451 : EXECUTING
08:47:07 INFO  State of operation 19133451 : EXECUTING
08:47:09 INFO  State of operation 19133451 : EXECUTING
08:47:11 INFO  State of operation 19133451 : SUCCESSFUL
08:47:11 INFO  Package apple is installed
08:47:11 INFO  Assert that (True == value) with value=True ... passed
08:47:12 INFO  Package banana is installed
08:47:12 INFO  Assert that (True == value) with value=True ... passed
08:47:12 INFO  Package cherry is installed
08:47:12 INFO  Assert that (True == value) with value=True ... passed
08:47:12 INFO  Assert that (False == value) with value=False ... passed
08:47:12 INFO  Assert that (False == value) with value=False ... passed
08:47:12 INFO  
08:47:12 INFO  cleanup:
08:47:17 INFO  Executed sudo&lt;tedge_disconnect_c8y&gt;, exit status 0
08:47:17 INFO  Executed systemctl&lt;serv_mapper5&gt;, exit status 3
08:47:17 INFO  
08:47:17 INFO  Test duration: 175.90 secs
08:47:17 INFO  Test final outcome:  FAILED
08:47:17 INFO  Test outcome reason: Assert that (False == value) with value=True
08:47:17 INFO  
</system-out>
	</testcase>
</testsuite>
