<?xml version="1.0" encoding="utf-8"?>
<testsuite failures="1" name="SoftwareManagement.sm_apt_install_remove_default" skipped="0" tests="1" time="164.82" timestamp="2022-04-27T15:34:23">
	<testcase classname="PySysTest" name="SoftwareManagement.sm_apt_install_remove_default">
		<failure message="BLOCKED: SystemError: Timeout while waiting for status FAILED or SUCCESSFUL" type="BLOCKED"/>
		<system-out>15:31:39 INFO  ==============================================================
15:31:39 INFO  Id:    SoftwareManagement.sm_apt_install_remove_default
15:31:39 INFO  Dir:   software_management_end_to_end/
15:31:39 INFO  Title: Validate end to end behaviour for the default plugin for installation and removal of packages
15:31:39 INFO  ==============================================================
15:31:39 INFO  Using sw id database: {'asciijump': '5475369', 'robotfindskitten': '5474869', 'squirrel3': '5475279', 'rolldice': '5152439', 'moon-buggy': '5439204', 'apple': '5495053', 'banana': '5494888', 'cherry': '5495382', 'watermelon': '5494510', 'registry': '8018911', 'hello-world': '8021526', 'docker/getting-started': '8021973', 'alpine': '7991792'}
15:31:39 INFO  EnvironmentC8y Setup
15:31:39 INFO  Executed systemctl&lt;serv_mapper1&gt;, exit status 3
15:31:39 INFO  Restarting mosquitto too frequently in the last 10 seconds. It was only up for 6 seconds
15:31:39 INFO  Delaying execution by 5 seconds
15:31:59 INFO  Executed sudo&lt;tedge_connect_c8y&gt;, exit status 0, duration 15 secs
15:32:00 INFO  Executed sudo&lt;tedge_connect_c8y_test&gt;, exit status 0
15:32:00 INFO  Executed systemctl&lt;serv_mosq2&gt;, exit status 0
15:32:01 INFO  Executed systemctl&lt;serv_mapper3&gt;, exit status 0
15:32:03 INFO  State of current operation: PENDING
15:32:06 INFO  State of current operation: PENDING
15:32:08 INFO  State of current operation: PENDING
15:32:10 INFO  State of current operation: PENDING
15:32:12 INFO  State of current operation: PENDING
15:32:14 INFO  State of current operation: PENDING
15:32:17 INFO  State of current operation: PENDING
15:32:19 INFO  State of current operation: PENDING
15:32:21 INFO  State of current operation: PENDING
15:32:23 INFO  State of current operation: PENDING
15:32:26 INFO  State of current operation: PENDING
15:32:28 INFO  State of current operation: PENDING
15:32:30 INFO  State of current operation: PENDING
15:32:32 INFO  State of current operation: PENDING
15:32:34 INFO  State of current operation: PENDING
15:32:37 INFO  State of current operation: PENDING
15:32:39 INFO  State of current operation: PENDING
15:32:41 INFO  State of current operation: PENDING
15:32:43 INFO  State of current operation: PENDING
15:32:46 INFO  State of current operation: PENDING
15:32:48 INFO  State of current operation: PENDING
15:32:50 INFO  State of current operation: PENDING
15:32:52 INFO  State of current operation: PENDING
15:32:54 INFO  State of current operation: PENDING
15:32:57 INFO  State of current operation: PENDING
15:32:59 INFO  State of current operation: PENDING
15:33:01 INFO  State of current operation: PENDING
15:33:03 INFO  State of current operation: PENDING
15:33:06 INFO  State of current operation: PENDING
15:33:08 INFO  State of current operation: PENDING
15:33:10 INFO  State of current operation: PENDING
15:33:12 INFO  State of current operation: PENDING
15:33:14 INFO  State of current operation: PENDING
15:33:17 INFO  State of current operation: PENDING
15:33:19 INFO  State of current operation: PENDING
15:33:21 INFO  State of current operation: PENDING
15:33:23 INFO  State of current operation: PENDING
15:33:26 INFO  State of current operation: PENDING
15:33:28 INFO  State of current operation: PENDING
15:33:30 INFO  State of current operation: PENDING
15:33:32 INFO  State of current operation: PENDING
15:33:34 INFO  State of current operation: PENDING
15:33:37 INFO  State of current operation: PENDING
15:33:39 INFO  State of current operation: PENDING
15:33:41 INFO  State of current operation: PENDING
15:33:43 INFO  State of current operation: PENDING
15:33:46 INFO  State of current operation: PENDING
15:33:48 INFO  State of current operation: PENDING
15:33:50 INFO  State of current operation: PENDING
15:33:52 INFO  State of current operation: PENDING
15:33:54 INFO  State of current operation: PENDING
15:33:57 INFO  State of current operation: PENDING
15:33:59 INFO  State of current operation: PENDING
15:34:01 INFO  State of current operation: PENDING
15:34:03 INFO  State of current operation: PENDING
15:34:06 INFO  State of current operation: PENDING
15:34:08 INFO  State of current operation: PENDING
15:34:10 INFO  State of current operation: PENDING
15:34:12 INFO  State of current operation: PENDING
15:34:14 INFO  State of current operation: PENDING
15:34:17 INFO  State of current operation: PENDING
15:34:19 WARN  SystemError occurred while running test - Timeout while waiting for status FAILED or SUCCESSFUL
Traceback (most recent call last):
  File &quot;/home/pi/env-pysys/lib/python3.7/site-packages/pysys/baserunner.py&quot;, line 1292, in __call__
    self.testObj.setup()
  File &quot;/home/pi/actions-runner/_work/thin-edge.io/thin-edge.io/tests/PySys/software_management_end_to_end/sm_apt_install_remove_default/run.py&quot;, line 26, in setup
    super().setup()
  File &quot;/home/pi/actions-runner/_work/thin-edge.io/thin-edge.io/tests/PySys/software_management_end_to_end/environment_sm_management.py&quot;, line 151, in setup
    self.wait_until_end()
  File &quot;/home/pi/actions-runner/_work/thin-edge.io/thin-edge.io/tests/PySys/software_management_end_to_end/environment_sm_management.py&quot;, line 332, in wait_until_end
    self.wait_until_status(&quot;FAILED&quot;, &quot;SUCCESSFUL&quot;)
  File &quot;/home/pi/actions-runner/_work/thin-edge.io/thin-edge.io/tests/PySys/software_management_end_to_end/environment_sm_management.py&quot;, line 381, in wait_until_status
    &quot;Timeout while waiting for status %s or %s&quot; % (status, status2)
SystemError: Timeout while waiting for status FAILED or SUCCESSFUL
15:34:19 WARN  SystemError: Timeout while waiting for status FAILED or SUCCESSFUL ... blocked 
15:34:19 INFO  
15:34:19 INFO  cleanup:
15:34:23 INFO  Executed sudo&lt;tedge_disconnect_c8y&gt;, exit status 0
15:34:23 INFO  Executed systemctl&lt;serv_mapper5&gt;, exit status 3
15:34:23 INFO  
15:34:23 INFO  Test duration: 164.82 secs
15:34:23 INFO  Test final outcome:  BLOCKED
15:34:23 INFO  Test outcome reason: SystemError: Timeout while waiting for status FAILED or SUCCESSFUL
15:34:23 INFO  
</system-out>
	</testcase>
</testsuite>
