<?xml version="1.0" encoding="utf-8"?>
<testsuite failures="1" name="SoftwareManagement.sm_apt_install_fail" skipped="0" tests="1" time="165.64" timestamp="2022-04-27T15:28:53">
	<testcase classname="PySysTest" name="SoftwareManagement.sm_apt_install_fail">
		<failure message="BLOCKED: SystemError: Timeout while waiting for status FAILED or SUCCESSFUL" type="BLOCKED"/>
		<system-out>15:26:07 INFO  ==============================================================
15:26:07 INFO  Id:    SoftwareManagement.sm_apt_install_fail
15:26:07 INFO  Dir:   software_management_end_to_end/
15:26:07 INFO  Title: Validate end to end behaviour for a failing installation
15:26:07 INFO  ==============================================================
15:26:07 INFO  Using sw id database: {'asciijump': '5475369', 'robotfindskitten': '5474869', 'squirrel3': '5475279', 'rolldice': '5152439', 'moon-buggy': '5439204', 'apple': '5495053', 'banana': '5494888', 'cherry': '5495382', 'watermelon': '5494510', 'registry': '8018911', 'hello-world': '8021526', 'docker/getting-started': '8021973', 'alpine': '7991792'}
15:26:07 INFO  EnvironmentC8y Setup
15:26:08 INFO  Executed systemctl&lt;serv_mapper1&gt;, exit status 3
15:26:08 INFO  Restarting mosquitto too frequently in the last 10 seconds. It was only up for 5 seconds
15:26:08 INFO  Delaying execution by 6 seconds
15:26:28 INFO  Executed sudo&lt;tedge_connect_c8y&gt;, exit status 0, duration 14 secs
15:26:29 INFO  Executed sudo&lt;tedge_connect_c8y_test&gt;, exit status 0
15:26:29 INFO  Executed systemctl&lt;serv_mosq2&gt;, exit status 0
15:26:30 INFO  Executed systemctl&lt;serv_mapper3&gt;, exit status 0
15:26:32 INFO  State of current operation: PENDING
15:26:34 INFO  State of current operation: PENDING
15:26:37 INFO  State of current operation: PENDING
15:26:39 INFO  State of current operation: PENDING
15:26:41 INFO  State of current operation: PENDING
15:26:43 INFO  State of current operation: PENDING
15:26:45 INFO  State of current operation: PENDING
15:26:48 INFO  State of current operation: PENDING
15:26:50 INFO  State of current operation: PENDING
15:26:52 INFO  State of current operation: PENDING
15:26:54 INFO  State of current operation: PENDING
15:26:57 INFO  State of current operation: PENDING
15:26:59 INFO  State of current operation: PENDING
15:27:01 INFO  State of current operation: PENDING
15:27:03 INFO  State of current operation: PENDING
15:27:06 INFO  State of current operation: PENDING
15:27:08 INFO  State of current operation: PENDING
15:27:10 INFO  State of current operation: PENDING
15:27:12 INFO  State of current operation: PENDING
15:27:14 INFO  State of current operation: PENDING
15:27:17 INFO  State of current operation: PENDING
15:27:19 INFO  State of current operation: PENDING
15:27:21 INFO  State of current operation: PENDING
15:27:23 INFO  State of current operation: PENDING
15:27:26 INFO  State of current operation: PENDING
15:27:28 INFO  State of current operation: PENDING
15:27:30 INFO  State of current operation: PENDING
15:27:32 INFO  State of current operation: PENDING
15:27:34 INFO  State of current operation: PENDING
15:27:37 INFO  State of current operation: PENDING
15:27:39 INFO  State of current operation: PENDING
15:27:41 INFO  State of current operation: PENDING
15:27:43 INFO  State of current operation: PENDING
15:27:46 INFO  State of current operation: PENDING
15:27:48 INFO  State of current operation: PENDING
15:27:50 INFO  State of current operation: PENDING
15:27:52 INFO  State of current operation: PENDING
15:27:54 INFO  State of current operation: PENDING
15:27:57 INFO  State of current operation: PENDING
15:27:59 INFO  State of current operation: PENDING
15:28:01 INFO  State of current operation: PENDING
15:28:03 INFO  State of current operation: PENDING
15:28:06 INFO  State of current operation: PENDING
15:28:08 INFO  State of current operation: PENDING
15:28:10 INFO  State of current operation: PENDING
15:28:12 INFO  State of current operation: PENDING
15:28:14 INFO  State of current operation: PENDING
15:28:17 INFO  State of current operation: PENDING
15:28:19 INFO  State of current operation: PENDING
15:28:21 INFO  State of current operation: PENDING
15:28:23 INFO  State of current operation: PENDING
15:28:26 INFO  State of current operation: PENDING
15:28:28 INFO  State of current operation: PENDING
15:28:30 INFO  State of current operation: PENDING
15:28:32 INFO  State of current operation: PENDING
15:28:35 INFO  State of current operation: PENDING
15:28:37 INFO  State of current operation: PENDING
15:28:39 INFO  State of current operation: PENDING
15:28:41 INFO  State of current operation: PENDING
15:28:44 INFO  State of current operation: PENDING
15:28:46 INFO  State of current operation: PENDING
15:28:48 WARN  SystemError occurred while running test - Timeout while waiting for status FAILED or SUCCESSFUL
Traceback (most recent call last):
  File &quot;/home/pi/env-pysys/lib/python3.7/site-packages/pysys/baserunner.py&quot;, line 1292, in __call__
    self.testObj.setup()
  File &quot;/home/pi/actions-runner/_work/thin-edge.io/thin-edge.io/tests/PySys/software_management_end_to_end/sm_apt_install_fail/run.py&quot;, line 20, in setup
    super().setup()
  File &quot;/home/pi/actions-runner/_work/thin-edge.io/thin-edge.io/tests/PySys/software_management_end_to_end/environment_sm_management.py&quot;, line 151, in setup
    self.wait_until_end()
  File &quot;/home/pi/actions-runner/_work/thin-edge.io/thin-edge.io/tests/PySys/software_management_end_to_end/environment_sm_management.py&quot;, line 332, in wait_until_end
    self.wait_until_status(&quot;FAILED&quot;, &quot;SUCCESSFUL&quot;)
  File &quot;/home/pi/actions-runner/_work/thin-edge.io/thin-edge.io/tests/PySys/software_management_end_to_end/environment_sm_management.py&quot;, line 381, in wait_until_status
    &quot;Timeout while waiting for status %s or %s&quot; % (status, status2)
SystemError: Timeout while waiting for status FAILED or SUCCESSFUL
15:28:48 WARN  SystemError: Timeout while waiting for status FAILED or SUCCESSFUL ... blocked 
15:28:48 INFO  
15:28:48 INFO  cleanup:
15:28:52 INFO  Executed sudo&lt;tedge_disconnect_c8y&gt;, exit status 0
15:28:53 INFO  Executed systemctl&lt;serv_mapper5&gt;, exit status 3
15:28:53 INFO  
15:28:53 INFO  Test duration: 165.64 secs
15:28:53 INFO  Test final outcome:  BLOCKED
15:28:53 INFO  Test outcome reason: SystemError: Timeout while waiting for status FAILED or SUCCESSFUL
15:28:53 INFO  
</system-out>
	</testcase>
</testsuite>
