<?xml version="1.0" encoding="utf-8"?>
<testsuite failures="1" name="SoftwareManagement.sm_apt_install_remove_multiple" skipped="0" tests="1" time="186.9" timestamp="2022-05-04T09:00:29">
	<testcase classname="PySysTest" name="SoftwareManagement.sm_apt_install_remove_multiple">
		<failure message="FAILED: Assert that (False == value) with value=True" type="FAILED"/>
		<system-out>08:57:22 INFO  ==============================================================
08:57:22 INFO  Id:    SoftwareManagement.sm_apt_install_remove_multiple
08:57:22 INFO  Dir:   software_management_end_to_end/
08:57:22 INFO  Title: Validate end to end behaviour for the apt plugin for multiple packages
08:57:22 INFO  ==============================================================
08:57:22 INFO  Using sw id database: {'asciijump': '5475369', 'robotfindskitten': '5474869', 'squirrel3': '5475279', 'rolldice': '5152439', 'moon-buggy': '5439204', 'apple': '5495053', 'banana': '5494888', 'cherry': '5495382', 'watermelon': '5494510', 'registry': '8018911', 'hello-world': '8021526', 'docker/getting-started': '8021973', 'alpine': '7991792'}
08:57:22 INFO  EnvironmentC8y Setup
08:57:23 INFO  Executed systemctl&lt;serv_mapper1&gt;, exit status 3
08:57:23 INFO  Restarting mosquitto too frequently in the last 10 seconds. It was only up for 4 seconds
08:57:23 INFO  Delaying execution by 7 seconds
08:57:45 INFO  Executed sudo&lt;tedge_connect_c8y&gt;, exit status 0, duration 15 secs
08:57:46 INFO  Executed sudo&lt;tedge_connect_c8y_test&gt;, exit status 0
08:57:46 INFO  Executed systemctl&lt;serv_mosq2&gt;, exit status 0
08:57:47 INFO  Executed systemctl&lt;serv_mapper3&gt;, exit status 0
08:57:49 INFO  State of current operation: SUCCESSFUL
08:57:49 INFO  Assert that (False == value) with value=False ... passed
08:57:50 INFO  Assert that (False == value) with value=False ... passed
08:57:50 INFO  Assert that (False == value) with value=False ... passed
08:57:50 INFO  Package robotfindskitten is installed
08:57:50 WARN  Assert that (False == value) with value=True ... failed 
08:57:50 INFO  Response status: 201
08:57:50 INFO  Response to action: {
    &quot;creationTime&quot;: &quot;2022-05-04T08:57:50.890Z&quot;,
    &quot;deviceName&quot;: &quot;mythica&quot;,
    &quot;deviceId&quot;: &quot;18347007&quot;,
    &quot;self&quot;: &quot;https://t493319102.eu-latest.cumulocity.com/devicecontrol/operations/18389122&quot;,
    &quot;id&quot;: &quot;18389122&quot;,
    &quot;status&quot;: &quot;PENDING&quot;,
    &quot;description&quot;: &quot;Apply software changes, triggered from PySys: [{'action': 'install', 'id': '5475369', 'name': 'asciijump', 'url': ' ', 'version': '::apt'}, {'action': 'install', 'id': '5474869', 'name': 'robotfindskitten', 'url': ' ', 'version': '::apt'}, {'action': 'install', 'id': '5475279', 'name': 'squirrel3', 'url': ' ', 'version': '::apt'}]&quot;,
    &quot;c8y_SoftwareUpdate&quot;: [
        {
            &quot;name&quot;: &quot;asciijump&quot;,
            &quot;action&quot;: &quot;install&quot;,
            &quot;id&quot;: &quot;5475369&quot;,
            &quot;version&quot;: &quot;::apt&quot;,
            &quot;url&quot;: &quot; &quot;
        },
        {
            &quot;name&quot;: &quot;robotfindskitten&quot;,
            &quot;action&quot;: &quot;install&quot;,
            &quot;id&quot;: &quot;5474869&quot;,
            &quot;version&quot;: &quot;::apt&quot;,
            &quot;url&quot;: &quot; &quot;
        },
        {
            &quot;name&quot;: &quot;squirrel3&quot;,
            &quot;action&quot;: &quot;install&quot;,
            &quot;id&quot;: &quot;5475279&quot;,
            &quot;version&quot;: &quot;::apt&quot;,
            &quot;url&quot;: &quot; &quot;
        }
    ]
}
08:57:50 INFO  Started operation: {'creationTime': '2022-05-04T08:57:50.890Z', 'deviceName': 'mythica', 'deviceId': '18347007', 'self': 'https://t493319102.eu-latest.cumulocity.com/devicecontrol/operations/18389122', 'id': '18389122', 'status': 'PENDING', 'description': &quot;Apply software changes, triggered from PySys: [{'action': 'install', 'id': '5475369', 'name': 'asciijump', 'url': ' ', 'version': '::apt'}, {'action': 'install', 'id': '5474869', 'name': 'robotfindskitten', 'url': ' ', 'version': '::apt'}, {'action': 'install', 'id': '5475279', 'name': 'squirrel3', 'url': ' ', 'version': '::apt'}]&quot;, 'c8y_SoftwareUpdate': [{'name': 'asciijump', 'action': 'install', 'id': '5475369', 'version': '::apt', 'url': ' '}, {'name': 'robotfindskitten', 'action': 'install', 'id': '5474869', 'version': '::apt', 'url': ' '}, {'name': 'squirrel3', 'action': 'install', 'id': '5475279', 'version': '::apt', 'url': ' '}]}
08:57:53 INFO  State of operation 18389122 : PENDING
08:57:55 INFO  State of operation 18389122 : EXECUTING
08:57:57 INFO  State of operation 18389122 : EXECUTING
08:57:59 INFO  State of operation 18389122 : EXECUTING
08:58:02 INFO  State of operation 18389122 : EXECUTING
08:58:04 INFO  State of operation 18389122 : EXECUTING
08:58:06 INFO  State of operation 18389122 : EXECUTING
08:58:08 INFO  State of operation 18389122 : EXECUTING
08:58:11 INFO  State of operation 18389122 : EXECUTING
08:58:14 INFO  State of operation 18389122 : EXECUTING
08:58:16 INFO  State of operation 18389122 : EXECUTING
08:58:18 INFO  State of operation 18389122 : EXECUTING
08:58:20 INFO  State of operation 18389122 : EXECUTING
08:58:23 INFO  State of operation 18389122 : EXECUTING
08:58:25 INFO  State of operation 18389122 : EXECUTING
08:58:27 INFO  State of operation 18389122 : EXECUTING
08:58:29 INFO  State of operation 18389122 : EXECUTING
08:58:32 INFO  State of operation 18389122 : EXECUTING
08:58:34 INFO  State of operation 18389122 : EXECUTING
08:58:37 INFO  State of operation 18389122 : EXECUTING
08:58:39 INFO  State of operation 18389122 : EXECUTING
08:58:42 INFO  State of operation 18389122 : EXECUTING
08:58:45 INFO  State of operation 18389122 : EXECUTING
08:58:47 INFO  State of operation 18389122 : EXECUTING
08:58:49 INFO  State of operation 18389122 : EXECUTING
08:58:52 INFO  State of operation 18389122 : EXECUTING
08:58:54 INFO  State of operation 18389122 : EXECUTING
08:58:57 INFO  State of operation 18389122 : EXECUTING
08:58:59 INFO  State of operation 18389122 : EXECUTING
08:59:01 INFO  State of operation 18389122 : EXECUTING
08:59:03 INFO  State of operation 18389122 : EXECUTING
08:59:06 INFO  State of operation 18389122 : EXECUTING
08:59:08 INFO  State of operation 18389122 : EXECUTING
08:59:10 INFO  State of operation 18389122 : EXECUTING
08:59:13 INFO  State of operation 18389122 : EXECUTING
08:59:15 INFO  State of operation 18389122 : SUCCESSFUL
08:59:15 INFO  Assert that (False == value) with value=False ... passed
08:59:15 INFO  Package asciijump is installed
08:59:15 INFO  Assert that (True == value) with value=True ... passed
08:59:15 INFO  Package squirrel3 is installed
08:59:15 INFO  Assert that (True == value) with value=True ... passed
08:59:16 INFO  Package robotfindskitten is installed
08:59:16 INFO  Assert that (True == value) with value=True ... passed
08:59:16 INFO  Response status: 201
08:59:16 INFO  Response to action: {
    &quot;creationTime&quot;: &quot;2022-05-04T08:59:16.401Z&quot;,
    &quot;deviceName&quot;: &quot;mythica&quot;,
    &quot;deviceId&quot;: &quot;18347007&quot;,
    &quot;self&quot;: &quot;https://t493319102.eu-latest.cumulocity.com/devicecontrol/operations/18389140&quot;,
    &quot;id&quot;: &quot;18389140&quot;,
    &quot;status&quot;: &quot;PENDING&quot;,
    &quot;description&quot;: &quot;Apply software changes, triggered from PySys: [{'action': 'delete', 'id': '5475369', 'name': 'asciijump', 'url': ' ', 'version': '::apt'}, {'action': 'delete', 'id': '5474869', 'name': 'robotfindskitten', 'url': ' ', 'version': '::apt'}, {'action': 'delete', 'id': '5475279', 'name': 'squirrel3', 'url': ' ', 'version': '::apt'}]&quot;,
    &quot;c8y_SoftwareUpdate&quot;: [
        {
            &quot;name&quot;: &quot;asciijump&quot;,
            &quot;action&quot;: &quot;delete&quot;,
            &quot;id&quot;: &quot;5475369&quot;,
            &quot;version&quot;: &quot;::apt&quot;,
            &quot;url&quot;: &quot; &quot;
        },
        {
            &quot;name&quot;: &quot;robotfindskitten&quot;,
            &quot;action&quot;: &quot;delete&quot;,
            &quot;id&quot;: &quot;5474869&quot;,
            &quot;version&quot;: &quot;::apt&quot;,
            &quot;url&quot;: &quot; &quot;
        },
        {
            &quot;name&quot;: &quot;squirrel3&quot;,
            &quot;action&quot;: &quot;delete&quot;,
            &quot;id&quot;: &quot;5475279&quot;,
            &quot;version&quot;: &quot;::apt&quot;,
            &quot;url&quot;: &quot; &quot;
        }
    ]
}
08:59:16 INFO  Started operation: {'creationTime': '2022-05-04T08:59:16.401Z', 'deviceName': 'mythica', 'deviceId': '18347007', 'self': 'https://t493319102.eu-latest.cumulocity.com/devicecontrol/operations/18389140', 'id': '18389140', 'status': 'PENDING', 'description': &quot;Apply software changes, triggered from PySys: [{'action': 'delete', 'id': '5475369', 'name': 'asciijump', 'url': ' ', 'version': '::apt'}, {'action': 'delete', 'id': '5474869', 'name': 'robotfindskitten', 'url': ' ', 'version': '::apt'}, {'action': 'delete', 'id': '5475279', 'name': 'squirrel3', 'url': ' ', 'version': '::apt'}]&quot;, 'c8y_SoftwareUpdate': [{'name': 'asciijump', 'action': 'delete', 'id': '5475369', 'version': '::apt', 'url': ' '}, {'name': 'robotfindskitten', 'action': 'delete', 'id': '5474869', 'version': '::apt', 'url': ' '}, {'name': 'squirrel3', 'action': 'delete', 'id': '5475279', 'version': '::apt', 'url': ' '}]}
08:59:18 INFO  State of operation 18389140 : PENDING
08:59:20 INFO  State of operation 18389140 : EXECUTING
08:59:23 INFO  State of operation 18389140 : EXECUTING
08:59:25 INFO  State of operation 18389140 : EXECUTING
08:59:27 INFO  State of operation 18389140 : EXECUTING
08:59:29 INFO  State of operation 18389140 : EXECUTING
08:59:32 INFO  State of operation 18389140 : EXECUTING
08:59:35 INFO  State of operation 18389140 : EXECUTING
08:59:37 INFO  State of operation 18389140 : EXECUTING
08:59:40 INFO  State of operation 18389140 : EXECUTING
08:59:42 INFO  State of operation 18389140 : EXECUTING
08:59:44 INFO  State of operation 18389140 : EXECUTING
08:59:46 INFO  State of operation 18389140 : EXECUTING
08:59:49 INFO  State of operation 18389140 : EXECUTING
08:59:51 INFO  State of operation 18389140 : EXECUTING
08:59:53 INFO  State of operation 18389140 : EXECUTING
08:59:56 INFO  State of operation 18389140 : EXECUTING
08:59:58 INFO  State of operation 18389140 : EXECUTING
09:00:01 INFO  State of operation 18389140 : EXECUTING
09:00:03 INFO  State of operation 18389140 : EXECUTING
09:00:05 INFO  State of operation 18389140 : EXECUTING
09:00:07 INFO  State of operation 18389140 : EXECUTING
09:00:10 INFO  State of operation 18389140 : EXECUTING
09:00:12 INFO  State of operation 18389140 : EXECUTING
09:00:14 INFO  State of operation 18389140 : EXECUTING
09:00:17 INFO  State of operation 18389140 : EXECUTING
09:00:19 INFO  State of operation 18389140 : EXECUTING
09:00:21 INFO  State of operation 18389140 : EXECUTING
09:00:24 INFO  State of operation 18389140 : SUCCESSFUL
09:00:24 INFO  Assert that (False == value) with value=False ... passed
09:00:24 INFO  Assert that (False == value) with value=False ... passed
09:00:24 INFO  Assert that (False == value) with value=False ... passed
09:00:25 INFO  Assert that (False == value) with value=False ... passed
09:00:25 INFO  
09:00:25 INFO  cleanup:
09:00:29 INFO  Executed sudo&lt;tedge_disconnect_c8y&gt;, exit status 0
09:00:29 INFO  Executed systemctl&lt;serv_mapper5&gt;, exit status 3
09:00:29 INFO  
09:00:29 INFO  Test duration: 186.90 secs
09:00:29 INFO  Test final outcome:  FAILED
09:00:29 INFO  Test outcome reason: Assert that (False == value) with value=True
09:00:29 INFO  
</system-out>
	</testcase>
</testsuite>
