<?xml version="1.0" encoding="utf-8"?>
<testsuite failures="1" name="SoftwareManagement.sm_apt_install_download_path" skipped="0" tests="1" time="85.85" timestamp="2022-05-09T08:00:38">
	<testcase classname="AptInstallWithDownloadPath" name="SoftwareManagement.sm_apt_install_download_path">
		<failure message="BLOCKED: AssertionError:" type="BLOCKED"/>
		<system-out>07:59:12 INFO  ==============================================================
07:59:12 INFO  Id:    SoftwareManagement.sm_apt_install_download_path
07:59:12 INFO  Dir:   software_management_end_to_end/
07:59:12 INFO  Title: Install package to directory specified in tedge config set tmp.path
07:59:12 INFO  ==============================================================
07:59:14 INFO  Using sw id database: {'asciijump': '5475369', 'robotfindskitten': '5474869', 'squirrel3': '5475279', 'rolldice': '5152439', 'moon-buggy': '5439204', 'apple': '5495053', 'banana': '5494888', 'cherry': '5495382', 'watermelon': '5494510', 'registry': '8018911', 'hello-world': '8021526', 'docker/getting-started': '8021973', 'alpine': '7991792'}
07:59:14 INFO  EnvironmentC8y Setup
07:59:14 INFO  Executed systemctl&lt;serv_mapper1&gt;, exit status 3
07:59:29 INFO  Executed sudo&lt;tedge_connect_c8y&gt;, exit status 0, duration 14 secs
07:59:30 INFO  Executed sudo&lt;tedge_connect_c8y_test&gt;, exit status 0
07:59:30 INFO  Executed systemctl&lt;serv_mosq2&gt;, exit status 0
07:59:31 INFO  Executed systemctl&lt;serv_mapper3&gt;, exit status 0
07:59:33 INFO  State of current operation: SUCCESSFUL
07:59:33 INFO  Assert that (False == value) with value=False ... passed
07:59:34 INFO  Executed sudo, exit status 0
07:59:34 INFO  Executed sudo, exit status 0
07:59:35 INFO  Executed sudo, exit status 0
07:59:39 INFO  Executed sudo&lt;tedge_disconnect_c8y&gt;, exit status 0
07:59:39 INFO  Restarting mosquitto too frequently in the last 10 seconds. It was only up for 3 seconds
07:59:39 INFO  Delaying execution by 8 seconds
08:00:01 INFO  Executed sudo&lt;tedge_connect_c8y&gt;, exit status 0, duration 13 secs
08:00:01 INFO  Response status: 201
08:00:01 INFO  Response to action: {
    &quot;creationTime&quot;: &quot;2022-05-09T08:00:01.259Z&quot;,
    &quot;deviceName&quot;: &quot;mythica&quot;,
    &quot;deviceId&quot;: &quot;18509904&quot;,
    &quot;self&quot;: &quot;https://t493319102.eu-latest.cumulocity.com/devicecontrol/operations/18523507&quot;,
    &quot;id&quot;: &quot;18523507&quot;,
    &quot;status&quot;: &quot;PENDING&quot;,
    &quot;description&quot;: &quot;Apply software changes, triggered from PySys: [{'name': 'rolldice', 'id': '5152439', 'version': '::apt', 'url': 'https://thin-edge-io.eu-latest.cumulocity.com/inventory/binaries/12435463', 'action': 'install'}]&quot;,
    &quot;c8y_SoftwareUpdate&quot;: [
        {
            &quot;name&quot;: &quot;rolldice&quot;,
            &quot;action&quot;: &quot;install&quot;,
            &quot;id&quot;: &quot;5152439&quot;,
            &quot;version&quot;: &quot;::apt&quot;,
            &quot;url&quot;: &quot;https://thin-edge-io.eu-latest.cumulocity.com/inventory/binaries/12435463&quot;
        }
    ]
}
08:00:01 INFO  Started operation: {'creationTime': '2022-05-09T08:00:01.259Z', 'deviceName': 'mythica', 'deviceId': '18509904', 'self': 'https://t493319102.eu-latest.cumulocity.com/devicecontrol/operations/18523507', 'id': '18523507', 'status': 'PENDING', 'description': &quot;Apply software changes, triggered from PySys: [{'name': 'rolldice', 'id': '5152439', 'version': '::apt', 'url': 'https://thin-edge-io.eu-latest.cumulocity.com/inventory/binaries/12435463', 'action': 'install'}]&quot;, 'c8y_SoftwareUpdate': [{'name': 'rolldice', 'action': 'install', 'id': '5152439', 'version': '::apt', 'url': 'https://thin-edge-io.eu-latest.cumulocity.com/inventory/binaries/12435463'}]}
08:00:01 WARN  , retrying in 0.5 seconds...
08:00:01 WARN  , retrying in 0.5 seconds...
08:00:02 WARN  , retrying in 0.5 seconds...
08:00:02 WARN  , retrying in 0.5 seconds...
08:00:03 WARN  , retrying in 0.5 seconds...
08:00:03 WARN  , retrying in 0.5 seconds...
08:00:04 WARN  , retrying in 0.5 seconds...
08:00:04 WARN  , retrying in 0.5 seconds...
08:00:05 WARN  , retrying in 0.5 seconds...
08:00:05 WARN  AssertionError occurred while running test - 
Traceback (most recent call last):
  File &quot;/home/pi/env-pysys/lib/python3.7/site-packages/pysys/baserunner.py&quot;, line 1294, in __call__
    self.testObj.execute()
  File &quot;/home/pi/actions-runner/_work/thin-edge.io/thin-edge.io/tests/PySys/software_management_end_to_end/sm_apt_install_download_path/run.py&quot;, line 83, in execute
    assert_install_in_download_path(install_directory=self.DOWNLOAD_DIR)
  File &quot;/home/pi/env-pysys/lib/python3.7/site-packages/decorator.py&quot;, line 232, in fun
    return caller(func, *(extras + args), **kw)
  File &quot;/home/pi/env-pysys/lib/python3.7/site-packages/retry/api.py&quot;, line 74, in retry_decorator
    logger)
  File &quot;/home/pi/env-pysys/lib/python3.7/site-packages/retry/api.py&quot;, line 33, in __retry_internal
    return f()
  File &quot;/home/pi/actions-runner/_work/thin-edge.io/thin-edge.io/tests/PySys/software_management_end_to_end/sm_apt_install_download_path/run.py&quot;, line 28, in assert_install_in_download_path
    assert &quot;rolldice&quot; in os.listdir(f&quot;{install_directory}&quot;)
AssertionError
08:00:06 WARN  AssertionError: ... blocked 
08:00:06 INFO  
08:00:06 INFO  cleanup:
08:00:06 INFO  Executed sudo, exit status 0
08:00:07 INFO  Executed sudo, exit status 0
08:00:11 INFO  Executed sudo&lt;tedge_disconnect_c8y&gt;, exit status 0
08:00:12 INFO  Restarting mosquitto too frequently in the last 10 seconds. It was only up for 4 seconds
08:00:12 INFO  Delaying execution by 7 seconds
08:00:33 INFO  Executed sudo&lt;tedge_connect_c8y&gt;, exit status 0, duration 14 secs
08:00:38 INFO  Executed sudo&lt;tedge_disconnect_c8y&gt;, exit status 0
08:00:38 INFO  Executed systemctl&lt;serv_mapper5&gt;, exit status 3
08:00:38 INFO  
08:00:38 INFO  Test duration: 85.85 secs
08:00:38 INFO  Test final outcome:  BLOCKED
08:00:38 INFO  Test outcome reason: AssertionError:
08:00:38 INFO  
</system-out>
	</testcase>
</testsuite>
