<?xml version="1.0" encoding="utf-8"?>
<testsuite failures="1" name="SoftwareManagement.sm_apt_install_remove_multiple_mixed" skipped="0" tests="1" time="180.69" timestamp="2022-05-16T08:37:25">
	<testcase classname="PySysTest" name="SoftwareManagement.sm_apt_install_remove_multiple_mixed">
		<failure message="BLOCKED: SystemError: Timeout while waiting for status SUCCESSFUL or False (+1 other failures)" type="BLOCKED"/>
		<system-out>08:34:24 INFO  ==============================================================
08:34:24 INFO  Id:    SoftwareManagement.sm_apt_install_remove_multiple_mixed
08:34:24 INFO  Dir:   software_management_end_to_end/
08:34:24 INFO  Title: Validate end to end behaviour for the apt plugin for multiple packages with mixed versions
08:34:24 INFO  ==============================================================
08:34:25 INFO  Using sw id database: {'asciijump': '5475369', 'robotfindskitten': '5474869', 'squirrel3': '5475279', 'rolldice': '5152439', 'moon-buggy': '5439204', 'apple': '5495053', 'banana': '5494888', 'cherry': '5495382', 'watermelon': '5494510', 'registry': '8018911', 'hello-world': '8021526', 'docker/getting-started': '8021973', 'alpine': '7991792'}
08:34:25 INFO  EnvironmentC8y Setup
08:34:25 INFO  Executed systemctl&lt;serv_mapper1&gt;, exit status 3
08:34:25 INFO  Restarting mosquitto too frequently in the last 10 seconds. It was only up for 5 seconds
08:34:25 INFO  Delaying execution by 6 seconds
08:34:45 INFO  Executed sudo&lt;tedge_connect_c8y&gt;, exit status 0, duration 14 secs
08:34:46 INFO  Executed sudo&lt;tedge_connect_c8y_test&gt;, exit status 0
08:34:47 INFO  Executed systemctl&lt;serv_mosq2&gt;, exit status 0
08:34:47 INFO  Executed systemctl&lt;serv_mapper3&gt;, exit status 0
08:34:49 INFO  State of current operation: SUCCESSFUL
08:34:50 INFO  Assert that (False == value) with value=False ... passed
08:34:50 INFO  Assert that (False == value) with value=False ... passed
08:34:50 INFO  Assert that (False == value) with value=False ... passed
08:34:50 INFO  Assert that (False == value) with value=False ... passed
08:34:51 INFO  Package moon-buggy is installed
08:34:51 WARN  Assert that (False == value) with value=True ... failed 
08:34:52 INFO  Response status: 201
08:34:52 INFO  Response to action: {
    &quot;delivery&quot;: {
        &quot;time&quot;: &quot;2022-05-16T08:34:52.294Z&quot;,
        &quot;log&quot;: [],
        &quot;status&quot;: &quot;PENDING&quot;
    },
    &quot;creationTime&quot;: &quot;2022-05-16T08:34:52.275Z&quot;,
    &quot;deviceId&quot;: &quot;19054949&quot;,
    &quot;deviceName&quot;: &quot;mythica&quot;,
    &quot;self&quot;: &quot;https://t493319102.eu-latest.cumulocity.com/devicecontrol/operations/19133241&quot;,
    &quot;id&quot;: &quot;19133241&quot;,
    &quot;status&quot;: &quot;PENDING&quot;,
    &quot;description&quot;: &quot;Apply software changes, triggered from PySys: [{'action': 'install', 'id': '5475369', 'name': 'asciijump', 'url': ' ', 'version': '::apt'}, {'action': 'install', 'id': '5474869', 'name': 'robotfindskitten', 'url': ' ', 'version': ' '}, {'action': 'install', 'id': '5475279', 'name': 'squirrel3', 'url': ' ', 'version': '3.1-7::apt'}, {'action': 'install', 'id': '5152439', 'name': 'rolldice', 'url': ' ', 'version': '1.16-1+b1'}, {'action': 'install', 'id': '5439204', 'name': 'moon-buggy', 'url': ' ', 'version': '1:1.0.51-12'}, {'action': 'install', 'id': '5475369', 'name': 'asciijump', 'url': ' ', 'version': '::apt'}]&quot;,
    &quot;c8y_SoftwareUpdate&quot;: [
        {
            &quot;name&quot;: &quot;asciijump&quot;,
            &quot;action&quot;: &quot;install&quot;,
            &quot;id&quot;: &quot;5475369&quot;,
            &quot;version&quot;: &quot;::apt&quot;,
            &quot;url&quot;: &quot; &quot;
        },
        {
            &quot;name&quot;: &quot;robotfindskitten&quot;,
            &quot;action&quot;: &quot;install&quot;,
            &quot;id&quot;: &quot;5474869&quot;,
            &quot;version&quot;: &quot; &quot;,
            &quot;url&quot;: &quot; &quot;
        },
        {
            &quot;name&quot;: &quot;squirrel3&quot;,
            &quot;action&quot;: &quot;install&quot;,
            &quot;id&quot;: &quot;5475279&quot;,
            &quot;version&quot;: &quot;3.1-7::apt&quot;,
            &quot;url&quot;: &quot; &quot;
        },
        {
            &quot;name&quot;: &quot;rolldice&quot;,
            &quot;action&quot;: &quot;install&quot;,
            &quot;id&quot;: &quot;5152439&quot;,
            &quot;version&quot;: &quot;1.16-1+b1&quot;,
            &quot;url&quot;: &quot; &quot;
        },
        {
            &quot;name&quot;: &quot;moon-buggy&quot;,
            &quot;action&quot;: &quot;install&quot;,
            &quot;id&quot;: &quot;5439204&quot;,
            &quot;version&quot;: &quot;1:1.0.51-12&quot;,
            &quot;url&quot;: &quot; &quot;
        },
        {
            &quot;name&quot;: &quot;asciijump&quot;,
            &quot;action&quot;: &quot;install&quot;,
            &quot;id&quot;: &quot;5475369&quot;,
            &quot;version&quot;: &quot;::apt&quot;,
            &quot;url&quot;: &quot; &quot;
        }
    ]
}
08:34:52 INFO  Started operation: {'delivery': {'time': '2022-05-16T08:34:52.294Z', 'log': [], 'status': 'PENDING'}, 'creationTime': '2022-05-16T08:34:52.275Z', 'deviceId': '19054949', 'deviceName': 'mythica', 'self': 'https://t493319102.eu-latest.cumulocity.com/devicecontrol/operations/19133241', 'id': '19133241', 'status': 'PENDING', 'description': &quot;Apply software changes, triggered from PySys: [{'action': 'install', 'id': '5475369', 'name': 'asciijump', 'url': ' ', 'version': '::apt'}, {'action': 'install', 'id': '5474869', 'name': 'robotfindskitten', 'url': ' ', 'version': ' '}, {'action': 'install', 'id': '5475279', 'name': 'squirrel3', 'url': ' ', 'version': '3.1-7::apt'}, {'action': 'install', 'id': '5152439', 'name': 'rolldice', 'url': ' ', 'version': '1.16-1+b1'}, {'action': 'install', 'id': '5439204', 'name': 'moon-buggy', 'url': ' ', 'version': '1:1.0.51-12'}, {'action': 'install', 'id': '5475369', 'name': 'asciijump', 'url': ' ', 'version': '::apt'}]&quot;, 'c8y_SoftwareUpdate': [{'name': 'asciijump', 'action': 'install', 'id': '5475369', 'version': '::apt', 'url': ' '}, {'name': 'robotfindskitten', 'action': 'install', 'id': '5474869', 'version': ' ', 'url': ' '}, {'name': 'squirrel3', 'action': 'install', 'id': '5475279', 'version': '3.1-7::apt', 'url': ' '}, {'name': 'rolldice', 'action': 'install', 'id': '5152439', 'version': '1.16-1+b1', 'url': ' '}, {'name': 'moon-buggy', 'action': 'install', 'id': '5439204', 'version': '1:1.0.51-12', 'url': ' '}, {'name': 'asciijump', 'action': 'install', 'id': '5475369', 'version': '::apt', 'url': ' '}]}
08:34:54 INFO  State of operation 19133241 : PENDING
08:34:56 INFO  State of operation 19133241 : EXECUTING
08:34:59 INFO  State of operation 19133241 : EXECUTING
08:35:01 INFO  State of operation 19133241 : EXECUTING
08:35:03 INFO  State of operation 19133241 : EXECUTING
08:35:05 INFO  State of operation 19133241 : EXECUTING
08:35:08 INFO  State of operation 19133241 : EXECUTING
08:35:11 INFO  State of operation 19133241 : EXECUTING
08:35:13 INFO  State of operation 19133241 : EXECUTING
08:35:15 INFO  State of operation 19133241 : EXECUTING
08:35:18 INFO  State of operation 19133241 : EXECUTING
08:35:20 INFO  State of operation 19133241 : EXECUTING
08:35:22 INFO  State of operation 19133241 : EXECUTING
08:35:24 INFO  State of operation 19133241 : EXECUTING
08:35:26 INFO  State of operation 19133241 : EXECUTING
08:35:29 INFO  State of operation 19133241 : EXECUTING
08:35:31 INFO  State of operation 19133241 : EXECUTING
08:35:33 INFO  State of operation 19133241 : EXECUTING
08:35:36 INFO  State of operation 19133241 : EXECUTING
08:35:38 INFO  State of operation 19133241 : EXECUTING
08:35:41 INFO  State of operation 19133241 : EXECUTING
08:35:43 INFO  State of operation 19133241 : EXECUTING
08:35:46 INFO  State of operation 19133241 : EXECUTING
08:35:48 INFO  State of operation 19133241 : EXECUTING
08:35:51 INFO  State of operation 19133241 : EXECUTING
08:35:53 INFO  State of operation 19133241 : EXECUTING
08:35:56 INFO  State of operation 19133241 : EXECUTING
08:35:58 INFO  State of operation 19133241 : EXECUTING
08:36:01 INFO  State of operation 19133241 : EXECUTING
08:36:03 INFO  State of operation 19133241 : EXECUTING
08:36:06 INFO  State of operation 19133241 : EXECUTING
08:36:08 INFO  State of operation 19133241 : EXECUTING
08:36:10 INFO  State of operation 19133241 : EXECUTING
08:36:12 INFO  State of operation 19133241 : EXECUTING
08:36:15 INFO  State of operation 19133241 : EXECUTING
08:36:17 INFO  State of operation 19133241 : EXECUTING
08:36:19 INFO  State of operation 19133241 : EXECUTING
08:36:21 INFO  State of operation 19133241 : EXECUTING
08:36:24 INFO  State of operation 19133241 : EXECUTING
08:36:27 INFO  State of operation 19133241 : EXECUTING
08:36:29 INFO  State of operation 19133241 : EXECUTING
08:36:32 INFO  State of operation 19133241 : EXECUTING
08:36:34 INFO  State of operation 19133241 : EXECUTING
08:36:36 INFO  State of operation 19133241 : EXECUTING
08:36:39 INFO  State of operation 19133241 : EXECUTING
08:36:41 INFO  State of operation 19133241 : EXECUTING
08:36:43 INFO  State of operation 19133241 : EXECUTING
08:36:45 INFO  State of operation 19133241 : EXECUTING
08:36:48 INFO  State of operation 19133241 : EXECUTING
08:36:51 INFO  State of operation 19133241 : EXECUTING
08:36:53 INFO  State of operation 19133241 : EXECUTING
08:36:55 INFO  State of operation 19133241 : EXECUTING
08:36:58 INFO  State of operation 19133241 : EXECUTING
08:37:00 INFO  State of operation 19133241 : EXECUTING
08:37:02 INFO  State of operation 19133241 : EXECUTING
08:37:05 INFO  State of operation 19133241 : EXECUTING
08:37:07 INFO  State of operation 19133241 : EXECUTING
08:37:10 INFO  State of operation 19133241 : EXECUTING
08:37:12 INFO  State of operation 19133241 : EXECUTING
08:37:15 INFO  State of operation 19133241 : EXECUTING
08:37:17 INFO  State of operation 19133241 : EXECUTING
08:37:19 WARN  SystemError occurred while running test - Timeout while waiting for status SUCCESSFUL or False
Traceback (most recent call last):
  File &quot;/home/pi/env-pysys/lib/python3.7/site-packages/pysys/baserunner.py&quot;, line 1294, in __call__
    self.testObj.execute()
  File &quot;/home/pi/actions-runner/_work/thin-edge.io/thin-edge.io/tests/PySys/software_management_end_to_end/sm_apt_install_remove_multiple_mixed/run.py&quot;, line 89, in execute
    self.wait_until_succcess()
  File &quot;/home/pi/actions-runner/_work/thin-edge.io/thin-edge.io/tests/PySys/software_management_end_to_end/environment_sm_management.py&quot;, line 324, in wait_until_succcess
    self.wait_until_status(&quot;SUCCESSFUL&quot;)
  File &quot;/home/pi/actions-runner/_work/thin-edge.io/thin-edge.io/tests/PySys/software_management_end_to_end/environment_sm_management.py&quot;, line 381, in wait_until_status
    &quot;Timeout while waiting for status %s or %s&quot; % (status, status2)
SystemError: Timeout while waiting for status SUCCESSFUL or False
08:37:19 WARN  SystemError: Timeout while waiting for status SUCCESSFUL or False ... blocked 
08:37:19 INFO  
08:37:19 INFO  cleanup:
08:37:25 INFO  Executed sudo&lt;tedge_disconnect_c8y&gt;, exit status 0
08:37:25 INFO  Executed systemctl&lt;serv_mapper5&gt;, exit status 3
08:37:25 INFO  
08:37:25 INFO  Test duration: 180.69 secs
08:37:25 INFO  Test final outcome:  BLOCKED
08:37:25 INFO  Test outcome reason: SystemError: Timeout while waiting for status SUCCESSFUL or False (+1 other failures)
08:37:25 INFO  
</system-out>
	</testcase>
</testsuite>
