<?xml version="1.0" encoding="utf-8"?>
<testsuite failures="1" name="SoftwareManagement.sm_apt_install_remove_multiple" skipped="0" tests="1" time="141.06" timestamp="2022-05-30T10:20:38">
	<testcase classname="PySysTest" name="SoftwareManagement.sm_apt_install_remove_multiple">
		<failure message="FAILED: Assert that (False == value) with value=True (+2 other failures)" type="FAILED"/>
		<system-out>10:18:17 INFO  ==============================================================
10:18:17 INFO  Id:    SoftwareManagement.sm_apt_install_remove_multiple
10:18:17 INFO  Dir:   software_management_end_to_end/
10:18:17 INFO  Title: Validate end to end behaviour for the apt plugin for multiple packages
10:18:17 INFO  ==============================================================
10:18:17 INFO  Using sw id database: {'asciijump': '5475369', 'robotfindskitten': '5474869', 'squirrel3': '5475279', 'rolldice': '5152439', 'moon-buggy': '5439204', 'apple': '5495053', 'banana': '5494888', 'cherry': '5495382', 'watermelon': '5494510', 'registry': '8018911', 'hello-world': '8021526', 'docker/getting-started': '8021973', 'alpine': '7991792'}
10:18:17 INFO  EnvironmentC8y Setup
10:18:18 INFO  Executed systemctl&lt;serv_mapper1&gt;, exit status 3
10:18:18 INFO  Restarting mosquitto too frequently in the last 10 seconds. It was only up for 5 seconds
10:18:18 INFO  Delaying execution by 6 seconds
10:18:38 INFO  Executed sudo&lt;tedge_connect_c8y&gt;, exit status 0, duration 14 secs
10:18:39 INFO  Executed sudo&lt;tedge_connect_c8y_test&gt;, exit status 0
10:18:39 INFO  Executed systemctl&lt;serv_mosq2&gt;, exit status 0
10:18:40 INFO  Executed systemctl&lt;serv_mapper3&gt;, exit status 0
10:18:42 INFO  State of current operation: SUCCESSFUL
10:18:42 INFO  Assert that (False == value) with value=False ... passed
10:18:42 INFO  Package asciijump is installed
10:18:43 WARN  Assert that (False == value) with value=True ... failed 
10:18:43 INFO  Package squirrel3 is installed
10:18:43 WARN  Assert that (False == value) with value=True ... failed 
10:18:43 INFO  Package robotfindskitten is installed
10:18:43 WARN  Assert that (False == value) with value=True ... failed 
10:18:43 INFO  Response status: 201
10:18:43 INFO  Response to action: {
    &quot;creationTime&quot;: &quot;2022-05-30T10:18:43.720Z&quot;,
    &quot;deviceId&quot;: &quot;19786601&quot;,
    &quot;deviceName&quot;: &quot;mythica&quot;,
    &quot;self&quot;: &quot;https://t493319102.eu-latest.cumulocity.com/devicecontrol/operations/19798049&quot;,
    &quot;id&quot;: &quot;19798049&quot;,
    &quot;status&quot;: &quot;PENDING&quot;,
    &quot;description&quot;: &quot;Apply software changes, triggered from PySys: [{'action': 'install', 'id': '5475369', 'name': 'asciijump', 'url': ' ', 'version': '::apt'}, {'action': 'install', 'id': '5474869', 'name': 'robotfindskitten', 'url': ' ', 'version': '::apt'}, {'action': 'install', 'id': '5475279', 'name': 'squirrel3', 'url': ' ', 'version': '::apt'}]&quot;,
    &quot;c8y_SoftwareUpdate&quot;: [
        {
            &quot;name&quot;: &quot;asciijump&quot;,
            &quot;action&quot;: &quot;install&quot;,
            &quot;id&quot;: &quot;5475369&quot;,
            &quot;version&quot;: &quot;::apt&quot;,
            &quot;url&quot;: &quot; &quot;
        },
        {
            &quot;name&quot;: &quot;robotfindskitten&quot;,
            &quot;action&quot;: &quot;install&quot;,
            &quot;id&quot;: &quot;5474869&quot;,
            &quot;version&quot;: &quot;::apt&quot;,
            &quot;url&quot;: &quot; &quot;
        },
        {
            &quot;name&quot;: &quot;squirrel3&quot;,
            &quot;action&quot;: &quot;install&quot;,
            &quot;id&quot;: &quot;5475279&quot;,
            &quot;version&quot;: &quot;::apt&quot;,
            &quot;url&quot;: &quot; &quot;
        }
    ]
}
10:18:43 INFO  Started operation: {'creationTime': '2022-05-30T10:18:43.720Z', 'deviceId': '19786601', 'deviceName': 'mythica', 'self': 'https://t493319102.eu-latest.cumulocity.com/devicecontrol/operations/19798049', 'id': '19798049', 'status': 'PENDING', 'description': &quot;Apply software changes, triggered from PySys: [{'action': 'install', 'id': '5475369', 'name': 'asciijump', 'url': ' ', 'version': '::apt'}, {'action': 'install', 'id': '5474869', 'name': 'robotfindskitten', 'url': ' ', 'version': '::apt'}, {'action': 'install', 'id': '5475279', 'name': 'squirrel3', 'url': ' ', 'version': '::apt'}]&quot;, 'c8y_SoftwareUpdate': [{'name': 'asciijump', 'action': 'install', 'id': '5475369', 'version': '::apt', 'url': ' '}, {'name': 'robotfindskitten', 'action': 'install', 'id': '5474869', 'version': '::apt', 'url': ' '}, {'name': 'squirrel3', 'action': 'install', 'id': '5475279', 'version': '::apt', 'url': ' '}]}
10:18:45 INFO  State of operation 19798049 : PENDING
10:18:48 INFO  State of operation 19798049 : EXECUTING
10:18:50 INFO  State of operation 19798049 : EXECUTING
10:18:52 INFO  State of operation 19798049 : EXECUTING
10:18:54 INFO  State of operation 19798049 : EXECUTING
10:18:57 INFO  State of operation 19798049 : EXECUTING
10:18:59 INFO  State of operation 19798049 : EXECUTING
10:19:03 INFO  State of operation 19798049 : EXECUTING
10:19:05 INFO  State of operation 19798049 : EXECUTING
10:19:08 INFO  State of operation 19798049 : EXECUTING
10:19:10 INFO  State of operation 19798049 : EXECUTING
10:19:12 INFO  State of operation 19798049 : EXECUTING
10:19:14 INFO  State of operation 19798049 : EXECUTING
10:19:16 INFO  State of operation 19798049 : EXECUTING
10:19:19 INFO  State of operation 19798049 : EXECUTING
10:19:21 INFO  State of operation 19798049 : SUCCESSFUL
10:19:21 INFO  Assert that (False == value) with value=False ... passed
10:19:22 INFO  Package asciijump is installed
10:19:22 INFO  Assert that (True == value) with value=True ... passed
10:19:22 INFO  Package squirrel3 is installed
10:19:22 INFO  Assert that (True == value) with value=True ... passed
10:19:22 INFO  Package robotfindskitten is installed
10:19:22 INFO  Assert that (True == value) with value=True ... passed
10:19:22 INFO  Response status: 201
10:19:22 INFO  Response to action: {
    &quot;creationTime&quot;: &quot;2022-05-30T10:19:22.680Z&quot;,
    &quot;deviceId&quot;: &quot;19786601&quot;,
    &quot;deviceName&quot;: &quot;mythica&quot;,
    &quot;self&quot;: &quot;https://t493319102.eu-latest.cumulocity.com/devicecontrol/operations/19798064&quot;,
    &quot;id&quot;: &quot;19798064&quot;,
    &quot;status&quot;: &quot;PENDING&quot;,
    &quot;description&quot;: &quot;Apply software changes, triggered from PySys: [{'action': 'delete', 'id': '5475369', 'name': 'asciijump', 'url': ' ', 'version': '::apt'}, {'action': 'delete', 'id': '5474869', 'name': 'robotfindskitten', 'url': ' ', 'version': '::apt'}, {'action': 'delete', 'id': '5475279', 'name': 'squirrel3', 'url': ' ', 'version': '::apt'}]&quot;,
    &quot;c8y_SoftwareUpdate&quot;: [
        {
            &quot;name&quot;: &quot;asciijump&quot;,
            &quot;action&quot;: &quot;delete&quot;,
            &quot;id&quot;: &quot;5475369&quot;,
            &quot;version&quot;: &quot;::apt&quot;,
            &quot;url&quot;: &quot; &quot;
        },
        {
            &quot;name&quot;: &quot;robotfindskitten&quot;,
            &quot;action&quot;: &quot;delete&quot;,
            &quot;id&quot;: &quot;5474869&quot;,
            &quot;version&quot;: &quot;::apt&quot;,
            &quot;url&quot;: &quot; &quot;
        },
        {
            &quot;name&quot;: &quot;squirrel3&quot;,
            &quot;action&quot;: &quot;delete&quot;,
            &quot;id&quot;: &quot;5475279&quot;,
            &quot;version&quot;: &quot;::apt&quot;,
            &quot;url&quot;: &quot; &quot;
        }
    ]
}
10:19:22 INFO  Started operation: {'creationTime': '2022-05-30T10:19:22.680Z', 'deviceId': '19786601', 'deviceName': 'mythica', 'self': 'https://t493319102.eu-latest.cumulocity.com/devicecontrol/operations/19798064', 'id': '19798064', 'status': 'PENDING', 'description': &quot;Apply software changes, triggered from PySys: [{'action': 'delete', 'id': '5475369', 'name': 'asciijump', 'url': ' ', 'version': '::apt'}, {'action': 'delete', 'id': '5474869', 'name': 'robotfindskitten', 'url': ' ', 'version': '::apt'}, {'action': 'delete', 'id': '5475279', 'name': 'squirrel3', 'url': ' ', 'version': '::apt'}]&quot;, 'c8y_SoftwareUpdate': [{'name': 'asciijump', 'action': 'delete', 'id': '5475369', 'version': '::apt', 'url': ' '}, {'name': 'robotfindskitten', 'action': 'delete', 'id': '5474869', 'version': '::apt', 'url': ' '}, {'name': 'squirrel3', 'action': 'delete', 'id': '5475279', 'version': '::apt', 'url': ' '}]}
10:19:24 INFO  State of operation 19798064 : PENDING
10:19:27 INFO  State of operation 19798064 : EXECUTING
10:19:29 INFO  State of operation 19798064 : EXECUTING
10:19:31 INFO  State of operation 19798064 : EXECUTING
10:19:33 INFO  State of operation 19798064 : EXECUTING
10:19:36 INFO  State of operation 19798064 : EXECUTING
10:19:38 INFO  State of operation 19798064 : EXECUTING
10:19:41 INFO  State of operation 19798064 : EXECUTING
10:19:43 INFO  State of operation 19798064 : EXECUTING
10:19:46 INFO  State of operation 19798064 : EXECUTING
10:19:48 INFO  State of operation 19798064 : EXECUTING
10:19:50 INFO  State of operation 19798064 : EXECUTING
10:19:53 INFO  State of operation 19798064 : EXECUTING
10:19:55 INFO  State of operation 19798064 : EXECUTING
10:19:57 INFO  State of operation 19798064 : EXECUTING
10:20:00 INFO  State of operation 19798064 : EXECUTING
10:20:02 INFO  State of operation 19798064 : EXECUTING
10:20:04 INFO  State of operation 19798064 : EXECUTING
10:20:07 INFO  State of operation 19798064 : EXECUTING
10:20:09 INFO  State of operation 19798064 : EXECUTING
10:20:12 INFO  State of operation 19798064 : EXECUTING
10:20:14 INFO  State of operation 19798064 : EXECUTING
10:20:16 INFO  State of operation 19798064 : EXECUTING
10:20:19 INFO  State of operation 19798064 : EXECUTING
10:20:21 INFO  State of operation 19798064 : EXECUTING
10:20:23 INFO  State of operation 19798064 : EXECUTING
10:20:26 INFO  State of operation 19798064 : EXECUTING
10:20:28 INFO  State of operation 19798064 : EXECUTING
10:20:30 INFO  State of operation 19798064 : EXECUTING
10:20:32 INFO  State of operation 19798064 : SUCCESSFUL
10:20:33 INFO  Assert that (False == value) with value=False ... passed
10:20:33 INFO  Assert that (False == value) with value=False ... passed
10:20:33 INFO  Assert that (False == value) with value=False ... passed
10:20:33 INFO  Assert that (False == value) with value=False ... passed
10:20:33 INFO  
10:20:33 INFO  cleanup:
10:20:38 INFO  Executed sudo&lt;tedge_disconnect_c8y&gt;, exit status 0
10:20:38 INFO  Executed systemctl&lt;serv_mapper5&gt;, exit status 3
10:20:38 INFO  
10:20:38 INFO  Test duration: 141.06 secs
10:20:38 INFO  Test final outcome:  FAILED
10:20:38 INFO  Test outcome reason: Assert that (False == value) with value=True (+2 other failures)
10:20:38 INFO  
</system-out>
	</testcase>
</testsuite>
