<?xml version="1.0" encoding="utf-8"?>
<testsuite failures="1" name="SoftwareManagement.sm_fake_install_remove_multiple" skipped="0" tests="1" time="166.48" timestamp="2022-04-27T15:50:58">
	<testcase classname="PySysTest" name="SoftwareManagement.sm_fake_install_remove_multiple">
		<failure message="BLOCKED: SystemError: Timeout while waiting for status FAILED or SUCCESSFUL" type="BLOCKED"/>
		<system-out>15:48:11 INFO  ==============================================================
15:48:11 INFO  Id:    SoftwareManagement.sm_fake_install_remove_multiple
15:48:11 INFO  Dir:   software_management_end_to_end/
15:48:11 INFO  Title: Validate end to end behaviour for the dummy-plugin for multiple packages
15:48:11 INFO  ==============================================================
15:48:11 INFO  Using sw id database: {'asciijump': '5475369', 'robotfindskitten': '5474869', 'squirrel3': '5475279', 'rolldice': '5152439', 'moon-buggy': '5439204', 'apple': '5495053', 'banana': '5494888', 'cherry': '5495382', 'watermelon': '5494510', 'registry': '8018911', 'hello-world': '8021526', 'docker/getting-started': '8021973', 'alpine': '7991792'}
15:48:11 INFO  EnvironmentC8y Setup
15:48:12 INFO  Executed systemctl&lt;serv_mapper1&gt;, exit status 3
15:48:12 INFO  Restarting mosquitto too frequently in the last 10 seconds. It was only up for 4 seconds
15:48:12 INFO  Delaying execution by 7 seconds
15:48:34 INFO  Executed sudo&lt;tedge_connect_c8y&gt;, exit status 0, duration 14 secs
15:48:34 INFO  Executed sudo&lt;tedge_connect_c8y_test&gt;, exit status 0
15:48:35 INFO  Executed systemctl&lt;serv_mosq2&gt;, exit status 0
15:48:35 INFO  Executed systemctl&lt;serv_mapper3&gt;, exit status 0
15:48:37 INFO  State of current operation: PENDING
15:48:40 INFO  State of current operation: PENDING
15:48:42 INFO  State of current operation: PENDING
15:48:44 INFO  State of current operation: PENDING
15:48:46 INFO  State of current operation: PENDING
15:48:49 INFO  State of current operation: PENDING
15:48:51 INFO  State of current operation: PENDING
15:48:53 INFO  State of current operation: PENDING
15:48:55 INFO  State of current operation: PENDING
15:48:57 INFO  State of current operation: PENDING
15:49:00 INFO  State of current operation: PENDING
15:49:02 INFO  State of current operation: PENDING
15:49:04 INFO  State of current operation: PENDING
15:49:06 INFO  State of current operation: PENDING
15:49:09 INFO  State of current operation: PENDING
15:49:11 INFO  State of current operation: PENDING
15:49:13 INFO  State of current operation: PENDING
15:49:15 INFO  State of current operation: PENDING
15:49:18 INFO  State of current operation: PENDING
15:49:20 INFO  State of current operation: PENDING
15:49:22 INFO  State of current operation: PENDING
15:49:24 INFO  State of current operation: PENDING
15:49:26 INFO  State of current operation: PENDING
15:49:29 INFO  State of current operation: PENDING
15:49:31 INFO  State of current operation: PENDING
15:49:33 INFO  State of current operation: PENDING
15:49:35 INFO  State of current operation: PENDING
15:49:38 INFO  State of current operation: PENDING
15:49:40 INFO  State of current operation: PENDING
15:49:42 INFO  State of current operation: PENDING
15:49:44 INFO  State of current operation: PENDING
15:49:46 INFO  State of current operation: PENDING
15:49:49 INFO  State of current operation: PENDING
15:49:51 INFO  State of current operation: PENDING
15:49:53 INFO  State of current operation: PENDING
15:49:55 INFO  State of current operation: PENDING
15:49:58 INFO  State of current operation: PENDING
15:50:00 INFO  State of current operation: PENDING
15:50:02 INFO  State of current operation: PENDING
15:50:04 INFO  State of current operation: PENDING
15:50:07 INFO  State of current operation: PENDING
15:50:09 INFO  State of current operation: PENDING
15:50:11 INFO  State of current operation: PENDING
15:50:13 INFO  State of current operation: PENDING
15:50:16 INFO  State of current operation: PENDING
15:50:18 INFO  State of current operation: PENDING
15:50:20 INFO  State of current operation: PENDING
15:50:22 INFO  State of current operation: PENDING
15:50:24 INFO  State of current operation: PENDING
15:50:27 INFO  State of current operation: PENDING
15:50:29 INFO  State of current operation: PENDING
15:50:31 INFO  State of current operation: PENDING
15:50:33 INFO  State of current operation: PENDING
15:50:36 INFO  State of current operation: PENDING
15:50:38 INFO  State of current operation: PENDING
15:50:40 INFO  State of current operation: PENDING
15:50:42 INFO  State of current operation: PENDING
15:50:44 INFO  State of current operation: PENDING
15:50:47 INFO  State of current operation: PENDING
15:50:49 INFO  State of current operation: PENDING
15:50:51 INFO  State of current operation: PENDING
15:50:53 WARN  SystemError occurred while running test - Timeout while waiting for status FAILED or SUCCESSFUL
Traceback (most recent call last):
  File &quot;/home/pi/env-pysys/lib/python3.7/site-packages/pysys/baserunner.py&quot;, line 1292, in __call__
    self.testObj.setup()
  File &quot;/home/pi/actions-runner/_work/thin-edge.io/thin-edge.io/tests/PySys/software_management_end_to_end/sm_fake_install_remove_multiple/run.py&quot;, line 68, in setup
    super().setup()
  File &quot;/home/pi/actions-runner/_work/thin-edge.io/thin-edge.io/tests/PySys/software_management_end_to_end/environment_sm_management.py&quot;, line 151, in setup
    self.wait_until_end()
  File &quot;/home/pi/actions-runner/_work/thin-edge.io/thin-edge.io/tests/PySys/software_management_end_to_end/environment_sm_management.py&quot;, line 332, in wait_until_end
    self.wait_until_status(&quot;FAILED&quot;, &quot;SUCCESSFUL&quot;)
  File &quot;/home/pi/actions-runner/_work/thin-edge.io/thin-edge.io/tests/PySys/software_management_end_to_end/environment_sm_management.py&quot;, line 381, in wait_until_status
    &quot;Timeout while waiting for status %s or %s&quot; % (status, status2)
SystemError: Timeout while waiting for status FAILED or SUCCESSFUL
15:50:53 WARN  SystemError: Timeout while waiting for status FAILED or SUCCESSFUL ... blocked 
15:50:53 INFO  
15:50:53 INFO  cleanup:
15:50:57 INFO  Executed sudo&lt;tedge_disconnect_c8y&gt;, exit status 0
15:50:58 INFO  Executed systemctl&lt;serv_mapper5&gt;, exit status 3
15:50:58 INFO  
15:50:58 INFO  Test duration: 166.48 secs
15:50:58 INFO  Test final outcome:  BLOCKED
15:50:58 INFO  Test outcome reason: SystemError: Timeout while waiting for status FAILED or SUCCESSFUL
15:50:58 INFO  
</system-out>
	</testcase>
</testsuite>
