<?xml version="1.0" encoding="utf-8"?>
<testsuite failures="1" name="SoftwareManagement.sm_apt_install_remove" skipped="0" tests="1" time="165.72" timestamp="2022-04-27T15:31:39">
	<testcase classname="PySysTest" name="SoftwareManagement.sm_apt_install_remove">
		<failure message="BLOCKED: SystemError: Timeout while waiting for status FAILED or SUCCESSFUL" type="BLOCKED"/>
		<system-out>15:28:53 INFO  ==============================================================
15:28:53 INFO  Id:    SoftwareManagement.sm_apt_install_remove
15:28:53 INFO  Dir:   software_management_end_to_end/
15:28:53 INFO  Title: Validate end to end behaviour for the apt plugin for installation and removal of packages
15:28:53 INFO  ==============================================================
15:28:53 INFO  Using sw id database: {'asciijump': '5475369', 'robotfindskitten': '5474869', 'squirrel3': '5475279', 'rolldice': '5152439', 'moon-buggy': '5439204', 'apple': '5495053', 'banana': '5494888', 'cherry': '5495382', 'watermelon': '5494510', 'registry': '8018911', 'hello-world': '8021526', 'docker/getting-started': '8021973', 'alpine': '7991792'}
15:28:53 INFO  EnvironmentC8y Setup
15:28:53 INFO  Executed systemctl&lt;serv_mapper1&gt;, exit status 3
15:28:54 INFO  Restarting mosquitto too frequently in the last 10 seconds. It was only up for 5 seconds
15:28:54 INFO  Delaying execution by 6 seconds
15:29:14 INFO  Executed sudo&lt;tedge_connect_c8y&gt;, exit status 0, duration 14 secs
15:29:15 INFO  Executed sudo&lt;tedge_connect_c8y_test&gt;, exit status 0
15:29:15 INFO  Executed systemctl&lt;serv_mosq2&gt;, exit status 0
15:29:16 INFO  Executed systemctl&lt;serv_mapper3&gt;, exit status 0
15:29:18 INFO  State of current operation: PENDING
15:29:20 INFO  State of current operation: PENDING
15:29:22 INFO  State of current operation: PENDING
15:29:25 INFO  State of current operation: PENDING
15:29:27 INFO  State of current operation: PENDING
15:29:29 INFO  State of current operation: PENDING
15:29:31 INFO  State of current operation: PENDING
15:29:33 INFO  State of current operation: PENDING
15:29:36 INFO  State of current operation: PENDING
15:29:38 INFO  State of current operation: PENDING
15:29:40 INFO  State of current operation: PENDING
15:29:42 INFO  State of current operation: PENDING
15:29:44 INFO  State of current operation: PENDING
15:29:47 INFO  State of current operation: PENDING
15:29:49 INFO  State of current operation: PENDING
15:29:51 INFO  State of current operation: PENDING
15:29:53 INFO  State of current operation: PENDING
15:29:56 INFO  State of current operation: PENDING
15:29:58 INFO  State of current operation: PENDING
15:30:00 INFO  State of current operation: PENDING
15:30:02 INFO  State of current operation: PENDING
15:30:04 INFO  State of current operation: PENDING
15:30:07 INFO  State of current operation: PENDING
15:30:09 INFO  State of current operation: PENDING
15:30:11 INFO  State of current operation: PENDING
15:30:13 INFO  State of current operation: PENDING
15:30:16 INFO  State of current operation: PENDING
15:30:18 INFO  State of current operation: PENDING
15:30:20 INFO  State of current operation: PENDING
15:30:22 INFO  State of current operation: PENDING
15:30:24 INFO  State of current operation: PENDING
15:30:27 INFO  State of current operation: PENDING
15:30:29 INFO  State of current operation: PENDING
15:30:31 INFO  State of current operation: PENDING
15:30:33 INFO  State of current operation: PENDING
15:30:36 INFO  State of current operation: PENDING
15:30:38 INFO  State of current operation: PENDING
15:30:40 INFO  State of current operation: PENDING
15:30:42 INFO  State of current operation: PENDING
15:30:45 INFO  State of current operation: PENDING
15:30:47 INFO  State of current operation: PENDING
15:30:49 INFO  State of current operation: PENDING
15:30:51 INFO  State of current operation: PENDING
15:30:53 INFO  State of current operation: PENDING
15:30:56 INFO  State of current operation: PENDING
15:30:58 INFO  State of current operation: PENDING
15:31:00 INFO  State of current operation: PENDING
15:31:02 INFO  State of current operation: PENDING
15:31:04 INFO  State of current operation: PENDING
15:31:07 INFO  State of current operation: PENDING
15:31:09 INFO  State of current operation: PENDING
15:31:11 INFO  State of current operation: PENDING
15:31:13 INFO  State of current operation: PENDING
15:31:16 INFO  State of current operation: PENDING
15:31:18 INFO  State of current operation: PENDING
15:31:20 INFO  State of current operation: PENDING
15:31:22 INFO  State of current operation: PENDING
15:31:25 INFO  State of current operation: PENDING
15:31:27 INFO  State of current operation: PENDING
15:31:29 INFO  State of current operation: PENDING
15:31:31 INFO  State of current operation: PENDING
15:31:33 WARN  SystemError occurred while running test - Timeout while waiting for status FAILED or SUCCESSFUL
Traceback (most recent call last):
  File &quot;/home/pi/env-pysys/lib/python3.7/site-packages/pysys/baserunner.py&quot;, line 1292, in __call__
    self.testObj.setup()
  File &quot;/home/pi/actions-runner/_work/thin-edge.io/thin-edge.io/tests/PySys/software_management_end_to_end/sm_apt_install_remove/run.py&quot;, line 27, in setup
    super().setup()
  File &quot;/home/pi/actions-runner/_work/thin-edge.io/thin-edge.io/tests/PySys/software_management_end_to_end/environment_sm_management.py&quot;, line 151, in setup
    self.wait_until_end()
  File &quot;/home/pi/actions-runner/_work/thin-edge.io/thin-edge.io/tests/PySys/software_management_end_to_end/environment_sm_management.py&quot;, line 332, in wait_until_end
    self.wait_until_status(&quot;FAILED&quot;, &quot;SUCCESSFUL&quot;)
  File &quot;/home/pi/actions-runner/_work/thin-edge.io/thin-edge.io/tests/PySys/software_management_end_to_end/environment_sm_management.py&quot;, line 381, in wait_until_status
    &quot;Timeout while waiting for status %s or %s&quot; % (status, status2)
SystemError: Timeout while waiting for status FAILED or SUCCESSFUL
15:31:33 WARN  SystemError: Timeout while waiting for status FAILED or SUCCESSFUL ... blocked 
15:31:33 INFO  
15:31:33 INFO  cleanup:
15:31:38 INFO  Executed sudo&lt;tedge_disconnect_c8y&gt;, exit status 0
15:31:39 INFO  Executed systemctl&lt;serv_mapper5&gt;, exit status 3
15:31:39 INFO  
15:31:39 INFO  Test duration: 165.72 secs
15:31:39 INFO  Test final outcome:  BLOCKED
15:31:39 INFO  Test outcome reason: SystemError: Timeout while waiting for status FAILED or SUCCESSFUL
15:31:39 INFO  
</system-out>
	</testcase>
</testsuite>
