<?xml version="1.0" encoding="utf-8"?>
<testsuite failures="1" name="SoftwareManagement.sm_apt_install_remove_multiple" skipped="0" tests="1" time="140.72" timestamp="2022-04-28T08:35:40">
	<testcase classname="PySysTest" name="SoftwareManagement.sm_apt_install_remove_multiple">
		<failure message="FAILED: Assert that (False == value) with value=True (+2 other failures)" type="FAILED"/>
		<system-out>08:33:20 INFO  ==============================================================
08:33:20 INFO  Id:    SoftwareManagement.sm_apt_install_remove_multiple
08:33:20 INFO  Dir:   software_management_end_to_end/
08:33:20 INFO  Title: Validate end to end behaviour for the apt plugin for multiple packages
08:33:20 INFO  ==============================================================
08:33:20 INFO  Using sw id database: {'asciijump': '5475369', 'robotfindskitten': '5474869', 'squirrel3': '5475279', 'rolldice': '5152439', 'moon-buggy': '5439204', 'apple': '5495053', 'banana': '5494888', 'cherry': '5495382', 'watermelon': '5494510', 'registry': '8018911', 'hello-world': '8021526', 'docker/getting-started': '8021973', 'alpine': '7991792'}
08:33:20 INFO  EnvironmentC8y Setup
08:33:20 INFO  Executed systemctl&lt;serv_mapper1&gt;, exit status 3
08:33:20 INFO  Restarting mosquitto too frequently in the last 10 seconds. It was only up for 5 seconds
08:33:20 INFO  Delaying execution by 6 seconds
08:33:40 INFO  Executed sudo&lt;tedge_connect_c8y&gt;, exit status 0, duration 14 secs
08:33:41 INFO  Executed sudo&lt;tedge_connect_c8y_test&gt;, exit status 0
08:33:42 INFO  Executed systemctl&lt;serv_mosq2&gt;, exit status 0
08:33:42 INFO  Executed systemctl&lt;serv_mapper3&gt;, exit status 0
08:33:45 INFO  State of current operation: SUCCESSFUL
08:33:45 INFO  Assert that (False == value) with value=False ... passed
08:33:45 INFO  Package asciijump is installed
08:33:45 WARN  Assert that (False == value) with value=True ... failed 
08:33:46 INFO  Package squirrel3 is installed
08:33:46 WARN  Assert that (False == value) with value=True ... failed 
08:33:46 INFO  Package robotfindskitten is installed
08:33:46 WARN  Assert that (False == value) with value=True ... failed 
08:33:46 INFO  Response status: 201
08:33:46 INFO  Response to action: {
    &quot;creationTime&quot;: &quot;2022-04-28T08:33:46.622Z&quot;,
    &quot;deviceName&quot;: &quot;mythica&quot;,
    &quot;deviceId&quot;: &quot;17835201&quot;,
    &quot;self&quot;: &quot;https://t493319102.eu-latest.cumulocity.com/devicecontrol/operations/17862791&quot;,
    &quot;id&quot;: &quot;17862791&quot;,
    &quot;status&quot;: &quot;PENDING&quot;,
    &quot;description&quot;: &quot;Apply software changes, triggered from PySys: [{'action': 'install', 'id': '5475369', 'name': 'asciijump', 'url': ' ', 'version': '::apt'}, {'action': 'install', 'id': '5474869', 'name': 'robotfindskitten', 'url': ' ', 'version': '::apt'}, {'action': 'install', 'id': '5475279', 'name': 'squirrel3', 'url': ' ', 'version': '::apt'}]&quot;,
    &quot;c8y_SoftwareUpdate&quot;: [
        {
            &quot;name&quot;: &quot;asciijump&quot;,
            &quot;action&quot;: &quot;install&quot;,
            &quot;id&quot;: &quot;5475369&quot;,
            &quot;version&quot;: &quot;::apt&quot;,
            &quot;url&quot;: &quot; &quot;
        },
        {
            &quot;name&quot;: &quot;robotfindskitten&quot;,
            &quot;action&quot;: &quot;install&quot;,
            &quot;id&quot;: &quot;5474869&quot;,
            &quot;version&quot;: &quot;::apt&quot;,
            &quot;url&quot;: &quot; &quot;
        },
        {
            &quot;name&quot;: &quot;squirrel3&quot;,
            &quot;action&quot;: &quot;install&quot;,
            &quot;id&quot;: &quot;5475279&quot;,
            &quot;version&quot;: &quot;::apt&quot;,
            &quot;url&quot;: &quot; &quot;
        }
    ]
}
08:33:46 INFO  Started operation: {'creationTime': '2022-04-28T08:33:46.622Z', 'deviceName': 'mythica', 'deviceId': '17835201', 'self': 'https://t493319102.eu-latest.cumulocity.com/devicecontrol/operations/17862791', 'id': '17862791', 'status': 'PENDING', 'description': &quot;Apply software changes, triggered from PySys: [{'action': 'install', 'id': '5475369', 'name': 'asciijump', 'url': ' ', 'version': '::apt'}, {'action': 'install', 'id': '5474869', 'name': 'robotfindskitten', 'url': ' ', 'version': '::apt'}, {'action': 'install', 'id': '5475279', 'name': 'squirrel3', 'url': ' ', 'version': '::apt'}]&quot;, 'c8y_SoftwareUpdate': [{'name': 'asciijump', 'action': 'install', 'id': '5475369', 'version': '::apt', 'url': ' '}, {'name': 'robotfindskitten', 'action': 'install', 'id': '5474869', 'version': '::apt', 'url': ' '}, {'name': 'squirrel3', 'action': 'install', 'id': '5475279', 'version': '::apt', 'url': ' '}]}
08:33:48 INFO  State of operation 17862791 : PENDING
08:33:51 INFO  State of operation 17862791 : EXECUTING
08:33:53 INFO  State of operation 17862791 : EXECUTING
08:33:55 INFO  State of operation 17862791 : EXECUTING
08:33:57 INFO  State of operation 17862791 : EXECUTING
08:34:00 INFO  State of operation 17862791 : EXECUTING
08:34:02 INFO  State of operation 17862791 : EXECUTING
08:34:05 INFO  State of operation 17862791 : EXECUTING
08:34:08 INFO  State of operation 17862791 : EXECUTING
08:34:10 INFO  State of operation 17862791 : EXECUTING
08:34:12 INFO  State of operation 17862791 : EXECUTING
08:34:15 INFO  State of operation 17862791 : EXECUTING
08:34:17 INFO  State of operation 17862791 : EXECUTING
08:34:19 INFO  State of operation 17862791 : EXECUTING
08:34:21 INFO  State of operation 17862791 : EXECUTING
08:34:24 INFO  State of operation 17862791 : SUCCESSFUL
08:34:24 INFO  Assert that (False == value) with value=False ... passed
08:34:24 INFO  Package asciijump is installed
08:34:24 INFO  Assert that (True == value) with value=True ... passed
08:34:24 INFO  Package squirrel3 is installed
08:34:24 INFO  Assert that (True == value) with value=True ... passed
08:34:25 INFO  Package robotfindskitten is installed
08:34:25 INFO  Assert that (True == value) with value=True ... passed
08:34:25 INFO  Response status: 201
08:34:25 INFO  Response to action: {
    &quot;creationTime&quot;: &quot;2022-04-28T08:34:25.219Z&quot;,
    &quot;deviceName&quot;: &quot;mythica&quot;,
    &quot;deviceId&quot;: &quot;17835201&quot;,
    &quot;self&quot;: &quot;https://t493319102.eu-latest.cumulocity.com/devicecontrol/operations/17862924&quot;,
    &quot;id&quot;: &quot;17862924&quot;,
    &quot;status&quot;: &quot;PENDING&quot;,
    &quot;description&quot;: &quot;Apply software changes, triggered from PySys: [{'action': 'delete', 'id': '5475369', 'name': 'asciijump', 'url': ' ', 'version': '::apt'}, {'action': 'delete', 'id': '5474869', 'name': 'robotfindskitten', 'url': ' ', 'version': '::apt'}, {'action': 'delete', 'id': '5475279', 'name': 'squirrel3', 'url': ' ', 'version': '::apt'}]&quot;,
    &quot;c8y_SoftwareUpdate&quot;: [
        {
            &quot;name&quot;: &quot;asciijump&quot;,
            &quot;action&quot;: &quot;delete&quot;,
            &quot;id&quot;: &quot;5475369&quot;,
            &quot;version&quot;: &quot;::apt&quot;,
            &quot;url&quot;: &quot; &quot;
        },
        {
            &quot;name&quot;: &quot;robotfindskitten&quot;,
            &quot;action&quot;: &quot;delete&quot;,
            &quot;id&quot;: &quot;5474869&quot;,
            &quot;version&quot;: &quot;::apt&quot;,
            &quot;url&quot;: &quot; &quot;
        },
        {
            &quot;name&quot;: &quot;squirrel3&quot;,
            &quot;action&quot;: &quot;delete&quot;,
            &quot;id&quot;: &quot;5475279&quot;,
            &quot;version&quot;: &quot;::apt&quot;,
            &quot;url&quot;: &quot; &quot;
        }
    ]
}
08:34:25 INFO  Started operation: {'creationTime': '2022-04-28T08:34:25.219Z', 'deviceName': 'mythica', 'deviceId': '17835201', 'self': 'https://t493319102.eu-latest.cumulocity.com/devicecontrol/operations/17862924', 'id': '17862924', 'status': 'PENDING', 'description': &quot;Apply software changes, triggered from PySys: [{'action': 'delete', 'id': '5475369', 'name': 'asciijump', 'url': ' ', 'version': '::apt'}, {'action': 'delete', 'id': '5474869', 'name': 'robotfindskitten', 'url': ' ', 'version': '::apt'}, {'action': 'delete', 'id': '5475279', 'name': 'squirrel3', 'url': ' ', 'version': '::apt'}]&quot;, 'c8y_SoftwareUpdate': [{'name': 'asciijump', 'action': 'delete', 'id': '5475369', 'version': '::apt', 'url': ' '}, {'name': 'robotfindskitten', 'action': 'delete', 'id': '5474869', 'version': '::apt', 'url': ' '}, {'name': 'squirrel3', 'action': 'delete', 'id': '5475279', 'version': '::apt', 'url': ' '}]}
08:34:27 INFO  State of operation 17862924 : PENDING
08:34:29 INFO  State of operation 17862924 : EXECUTING
08:34:32 INFO  State of operation 17862924 : EXECUTING
08:34:34 INFO  State of operation 17862924 : EXECUTING
08:34:36 INFO  State of operation 17862924 : EXECUTING
08:34:38 INFO  State of operation 17862924 : EXECUTING
08:34:41 INFO  State of operation 17862924 : EXECUTING
08:34:44 INFO  State of operation 17862924 : EXECUTING
08:34:46 INFO  State of operation 17862924 : EXECUTING
08:34:48 INFO  State of operation 17862924 : EXECUTING
08:34:51 INFO  State of operation 17862924 : EXECUTING
08:34:53 INFO  State of operation 17862924 : EXECUTING
08:34:55 INFO  State of operation 17862924 : EXECUTING
08:34:57 INFO  State of operation 17862924 : EXECUTING
08:35:00 INFO  State of operation 17862924 : EXECUTING
08:35:02 INFO  State of operation 17862924 : EXECUTING
08:35:04 INFO  State of operation 17862924 : EXECUTING
08:35:07 INFO  State of operation 17862924 : EXECUTING
08:35:09 INFO  State of operation 17862924 : EXECUTING
08:35:12 INFO  State of operation 17862924 : EXECUTING
08:35:14 INFO  State of operation 17862924 : EXECUTING
08:35:16 INFO  State of operation 17862924 : EXECUTING
08:35:19 INFO  State of operation 17862924 : EXECUTING
08:35:21 INFO  State of operation 17862924 : EXECUTING
08:35:23 INFO  State of operation 17862924 : EXECUTING
08:35:26 INFO  State of operation 17862924 : EXECUTING
08:35:28 INFO  State of operation 17862924 : EXECUTING
08:35:30 INFO  State of operation 17862924 : EXECUTING
08:35:32 INFO  State of operation 17862924 : EXECUTING
08:35:35 INFO  State of operation 17862924 : SUCCESSFUL
08:35:35 INFO  Assert that (False == value) with value=False ... passed
08:35:35 INFO  Assert that (False == value) with value=False ... passed
08:35:35 INFO  Assert that (False == value) with value=False ... passed
08:35:36 INFO  Assert that (False == value) with value=False ... passed
08:35:36 INFO  
08:35:36 INFO  cleanup:
08:35:40 INFO  Executed sudo&lt;tedge_disconnect_c8y&gt;, exit status 0
08:35:40 INFO  Executed systemctl&lt;serv_mapper5&gt;, exit status 3
08:35:40 INFO  
08:35:40 INFO  Test duration: 140.72 secs
08:35:40 INFO  Test final outcome:  FAILED
08:35:40 INFO  Test outcome reason: Assert that (False == value) with value=True (+2 other failures)
08:35:40 INFO  
</system-out>
	</testcase>
</testsuite>
