<?xml version="1.0" encoding="utf-8"?>
<testsuite failures="0" name="SoftwareManagement.Plugin.apama_plugin_mon_support" skipped="0" tests="1" time="28.46" timestamp="2022-04-19T14:16:30">
	<testcase classname="ApamaPluginMonSupportTest" name="SoftwareManagement.Plugin.apama_plugin_mon_support"/>
</testsuite>
