<?xml version="1.0" encoding="utf-8"?>
<testsuite failures="1" name="SoftwareManagement.sm_apt_install_remove_multiple" skipped="0" tests="1" time="140.63" timestamp="2022-04-21T09:37:06">
	<testcase classname="PySysTest" name="SoftwareManagement.sm_apt_install_remove_multiple">
		<failure message="FAILED: Assert that (False == value) with value=True (+2 other failures)" type="FAILED"/>
		<system-out>09:34:45 INFO  ==============================================================
09:34:45 INFO  Id:    SoftwareManagement.sm_apt_install_remove_multiple
09:34:45 INFO  Dir:   software_management_end_to_end/
09:34:45 INFO  Title: Validate end to end behaviour for the apt plugin for multiple packages
09:34:45 INFO  ==============================================================
09:34:45 INFO  Using sw id database: {'asciijump': '5475369', 'robotfindskitten': '5474869', 'squirrel3': '5475279', 'rolldice': '5152439', 'moon-buggy': '5439204', 'apple': '5495053', 'banana': '5494888', 'cherry': '5495382', 'watermelon': '5494510', 'registry': '8018911', 'hello-world': '8021526', 'docker/getting-started': '8021973', 'alpine': '7991792'}
09:34:45 INFO  EnvironmentC8y Setup
09:34:46 INFO  Executed systemctl&lt;serv_mapper1&gt;, exit status 3
09:34:46 INFO  Restarting mosquitto too frequently in the last 10 seconds. It was only up for 5 seconds
09:34:46 INFO  Delaying execution by 6 seconds
09:35:06 INFO  Executed sudo&lt;tedge_connect_c8y&gt;, exit status 0, duration 14 secs
09:35:07 INFO  Executed sudo&lt;tedge_connect_c8y_test&gt;, exit status 0
09:35:07 INFO  Executed systemctl&lt;serv_mosq2&gt;, exit status 0
09:35:08 INFO  Executed systemctl&lt;serv_mapper3&gt;, exit status 0
09:35:10 INFO  State of current operation: SUCCESSFUL
09:35:11 INFO  Assert that (False == value) with value=False ... passed
09:35:11 INFO  Package asciijump is installed
09:35:11 WARN  Assert that (False == value) with value=True ... failed 
09:35:11 INFO  Package squirrel3 is installed
09:35:11 WARN  Assert that (False == value) with value=True ... failed 
09:35:12 INFO  Package robotfindskitten is installed
09:35:12 WARN  Assert that (False == value) with value=True ... failed 
09:35:12 INFO  Response status: 201
09:35:12 INFO  Response to action: {
    &quot;creationTime&quot;: &quot;2022-04-21T09:35:12.351Z&quot;,
    &quot;deviceName&quot;: &quot;mythica&quot;,
    &quot;deviceId&quot;: &quot;17530477&quot;,
    &quot;self&quot;: &quot;https://t493319102.eu-latest.cumulocity.com/devicecontrol/operations/17537662&quot;,
    &quot;id&quot;: &quot;17537662&quot;,
    &quot;status&quot;: &quot;PENDING&quot;,
    &quot;description&quot;: &quot;Apply software changes, triggered from PySys: [{'action': 'install', 'id': '5475369', 'name': 'asciijump', 'url': ' ', 'version': '::apt'}, {'action': 'install', 'id': '5474869', 'name': 'robotfindskitten', 'url': ' ', 'version': '::apt'}, {'action': 'install', 'id': '5475279', 'name': 'squirrel3', 'url': ' ', 'version': '::apt'}]&quot;,
    &quot;c8y_SoftwareUpdate&quot;: [
        {
            &quot;name&quot;: &quot;asciijump&quot;,
            &quot;action&quot;: &quot;install&quot;,
            &quot;id&quot;: &quot;5475369&quot;,
            &quot;version&quot;: &quot;::apt&quot;,
            &quot;url&quot;: &quot; &quot;
        },
        {
            &quot;name&quot;: &quot;robotfindskitten&quot;,
            &quot;action&quot;: &quot;install&quot;,
            &quot;id&quot;: &quot;5474869&quot;,
            &quot;version&quot;: &quot;::apt&quot;,
            &quot;url&quot;: &quot; &quot;
        },
        {
            &quot;name&quot;: &quot;squirrel3&quot;,
            &quot;action&quot;: &quot;install&quot;,
            &quot;id&quot;: &quot;5475279&quot;,
            &quot;version&quot;: &quot;::apt&quot;,
            &quot;url&quot;: &quot; &quot;
        }
    ]
}
09:35:12 INFO  Started operation: {'creationTime': '2022-04-21T09:35:12.351Z', 'deviceName': 'mythica', 'deviceId': '17530477', 'self': 'https://t493319102.eu-latest.cumulocity.com/devicecontrol/operations/17537662', 'id': '17537662', 'status': 'PENDING', 'description': &quot;Apply software changes, triggered from PySys: [{'action': 'install', 'id': '5475369', 'name': 'asciijump', 'url': ' ', 'version': '::apt'}, {'action': 'install', 'id': '5474869', 'name': 'robotfindskitten', 'url': ' ', 'version': '::apt'}, {'action': 'install', 'id': '5475279', 'name': 'squirrel3', 'url': ' ', 'version': '::apt'}]&quot;, 'c8y_SoftwareUpdate': [{'name': 'asciijump', 'action': 'install', 'id': '5475369', 'version': '::apt', 'url': ' '}, {'name': 'robotfindskitten', 'action': 'install', 'id': '5474869', 'version': '::apt', 'url': ' '}, {'name': 'squirrel3', 'action': 'install', 'id': '5475279', 'version': '::apt', 'url': ' '}]}
09:35:14 INFO  State of operation 17537662 : PENDING
09:35:16 INFO  State of operation 17537662 : EXECUTING
09:35:19 INFO  State of operation 17537662 : EXECUTING
09:35:21 INFO  State of operation 17537662 : EXECUTING
09:35:23 INFO  State of operation 17537662 : EXECUTING
09:35:25 INFO  State of operation 17537662 : EXECUTING
09:35:28 INFO  State of operation 17537662 : EXECUTING
09:35:30 INFO  State of operation 17537662 : EXECUTING
09:35:33 INFO  State of operation 17537662 : EXECUTING
09:35:35 INFO  State of operation 17537662 : EXECUTING
09:35:38 INFO  State of operation 17537662 : EXECUTING
09:35:40 INFO  State of operation 17537662 : EXECUTING
09:35:42 INFO  State of operation 17537662 : EXECUTING
09:35:44 INFO  State of operation 17537662 : EXECUTING
09:35:47 INFO  State of operation 17537662 : EXECUTING
09:35:49 INFO  State of operation 17537662 : SUCCESSFUL
09:35:49 INFO  Assert that (False == value) with value=False ... passed
09:35:49 INFO  Package asciijump is installed
09:35:49 INFO  Assert that (True == value) with value=True ... passed
09:35:49 INFO  Package squirrel3 is installed
09:35:49 INFO  Assert that (True == value) with value=True ... passed
09:35:50 INFO  Package robotfindskitten is installed
09:35:50 INFO  Assert that (True == value) with value=True ... passed
09:35:50 INFO  Response status: 201
09:35:50 INFO  Response to action: {
    &quot;creationTime&quot;: &quot;2022-04-21T09:35:50.414Z&quot;,
    &quot;deviceName&quot;: &quot;mythica&quot;,
    &quot;deviceId&quot;: &quot;17530477&quot;,
    &quot;self&quot;: &quot;https://t493319102.eu-latest.cumulocity.com/devicecontrol/operations/17537676&quot;,
    &quot;id&quot;: &quot;17537676&quot;,
    &quot;status&quot;: &quot;PENDING&quot;,
    &quot;description&quot;: &quot;Apply software changes, triggered from PySys: [{'action': 'delete', 'id': '5475369', 'name': 'asciijump', 'url': ' ', 'version': '::apt'}, {'action': 'delete', 'id': '5474869', 'name': 'robotfindskitten', 'url': ' ', 'version': '::apt'}, {'action': 'delete', 'id': '5475279', 'name': 'squirrel3', 'url': ' ', 'version': '::apt'}]&quot;,
    &quot;c8y_SoftwareUpdate&quot;: [
        {
            &quot;name&quot;: &quot;asciijump&quot;,
            &quot;action&quot;: &quot;delete&quot;,
            &quot;id&quot;: &quot;5475369&quot;,
            &quot;version&quot;: &quot;::apt&quot;,
            &quot;url&quot;: &quot; &quot;
        },
        {
            &quot;name&quot;: &quot;robotfindskitten&quot;,
            &quot;action&quot;: &quot;delete&quot;,
            &quot;id&quot;: &quot;5474869&quot;,
            &quot;version&quot;: &quot;::apt&quot;,
            &quot;url&quot;: &quot; &quot;
        },
        {
            &quot;name&quot;: &quot;squirrel3&quot;,
            &quot;action&quot;: &quot;delete&quot;,
            &quot;id&quot;: &quot;5475279&quot;,
            &quot;version&quot;: &quot;::apt&quot;,
            &quot;url&quot;: &quot; &quot;
        }
    ]
}
09:35:50 INFO  Started operation: {'creationTime': '2022-04-21T09:35:50.414Z', 'deviceName': 'mythica', 'deviceId': '17530477', 'self': 'https://t493319102.eu-latest.cumulocity.com/devicecontrol/operations/17537676', 'id': '17537676', 'status': 'PENDING', 'description': &quot;Apply software changes, triggered from PySys: [{'action': 'delete', 'id': '5475369', 'name': 'asciijump', 'url': ' ', 'version': '::apt'}, {'action': 'delete', 'id': '5474869', 'name': 'robotfindskitten', 'url': ' ', 'version': '::apt'}, {'action': 'delete', 'id': '5475279', 'name': 'squirrel3', 'url': ' ', 'version': '::apt'}]&quot;, 'c8y_SoftwareUpdate': [{'name': 'asciijump', 'action': 'delete', 'id': '5475369', 'version': '::apt', 'url': ' '}, {'name': 'robotfindskitten', 'action': 'delete', 'id': '5474869', 'version': '::apt', 'url': ' '}, {'name': 'squirrel3', 'action': 'delete', 'id': '5475279', 'version': '::apt', 'url': ' '}]}
09:35:52 INFO  State of operation 17537676 : PENDING
09:35:54 INFO  State of operation 17537676 : EXECUTING
09:35:57 INFO  State of operation 17537676 : EXECUTING
09:35:59 INFO  State of operation 17537676 : EXECUTING
09:36:01 INFO  State of operation 17537676 : EXECUTING
09:36:03 INFO  State of operation 17537676 : EXECUTING
09:36:06 INFO  State of operation 17537676 : EXECUTING
09:36:08 INFO  State of operation 17537676 : EXECUTING
09:36:11 INFO  State of operation 17537676 : EXECUTING
09:36:14 INFO  State of operation 17537676 : EXECUTING
09:36:16 INFO  State of operation 17537676 : EXECUTING
09:36:18 INFO  State of operation 17537676 : EXECUTING
09:36:20 INFO  State of operation 17537676 : EXECUTING
09:36:23 INFO  State of operation 17537676 : EXECUTING
09:36:25 INFO  State of operation 17537676 : EXECUTING
09:36:27 INFO  State of operation 17537676 : EXECUTING
09:36:29 INFO  State of operation 17537676 : EXECUTING
09:36:32 INFO  State of operation 17537676 : EXECUTING
09:36:35 INFO  State of operation 17537676 : EXECUTING
09:36:37 INFO  State of operation 17537676 : EXECUTING
09:36:39 INFO  State of operation 17537676 : EXECUTING
09:36:41 INFO  State of operation 17537676 : EXECUTING
09:36:44 INFO  State of operation 17537676 : EXECUTING
09:36:46 INFO  State of operation 17537676 : EXECUTING
09:36:48 INFO  State of operation 17537676 : EXECUTING
09:36:51 INFO  State of operation 17537676 : EXECUTING
09:36:53 INFO  State of operation 17537676 : EXECUTING
09:36:56 INFO  State of operation 17537676 : EXECUTING
09:36:58 INFO  State of operation 17537676 : EXECUTING
09:37:00 INFO  State of operation 17537676 : SUCCESSFUL
09:37:00 INFO  Assert that (False == value) with value=False ... passed
09:37:01 INFO  Assert that (False == value) with value=False ... passed
09:37:01 INFO  Assert that (False == value) with value=False ... passed
09:37:01 INFO  Assert that (False == value) with value=False ... passed
09:37:01 INFO  
09:37:01 INFO  cleanup:
09:37:05 INFO  Executed sudo&lt;tedge_disconnect_c8y&gt;, exit status 0
09:37:06 INFO  Executed systemctl&lt;serv_mapper5&gt;, exit status 3
09:37:06 INFO  
09:37:06 INFO  Test duration: 140.63 secs
09:37:06 INFO  Test final outcome:  FAILED
09:37:06 INFO  Test outcome reason: Assert that (False == value) with value=True (+2 other failures)
09:37:06 INFO  
</system-out>
	</testcase>
</testsuite>
