<?xml version="1.0" encoding="utf-8"?>
<testsuite failures="1" name="SoftwareManagement.sm_apt_install_remove_multiple_mixed" skipped="0" tests="1" time="180.19" timestamp="2022-04-28T08:38:41">
	<testcase classname="PySysTest" name="SoftwareManagement.sm_apt_install_remove_multiple_mixed">
		<failure message="BLOCKED: SystemError: Timeout while waiting for status SUCCESSFUL or False (+1 other failures)" type="BLOCKED"/>
		<system-out>08:35:40 INFO  ==============================================================
08:35:40 INFO  Id:    SoftwareManagement.sm_apt_install_remove_multiple_mixed
08:35:40 INFO  Dir:   software_management_end_to_end/
08:35:40 INFO  Title: Validate end to end behaviour for the apt plugin for multiple packages with mixed versions
08:35:40 INFO  ==============================================================
08:35:40 INFO  Using sw id database: {'asciijump': '5475369', 'robotfindskitten': '5474869', 'squirrel3': '5475279', 'rolldice': '5152439', 'moon-buggy': '5439204', 'apple': '5495053', 'banana': '5494888', 'cherry': '5495382', 'watermelon': '5494510', 'registry': '8018911', 'hello-world': '8021526', 'docker/getting-started': '8021973', 'alpine': '7991792'}
08:35:40 INFO  EnvironmentC8y Setup
08:35:41 INFO  Executed systemctl&lt;serv_mapper1&gt;, exit status 3
08:35:41 INFO  Restarting mosquitto too frequently in the last 10 seconds. It was only up for 4 seconds
08:35:41 INFO  Delaying execution by 7 seconds
08:36:02 INFO  Executed sudo&lt;tedge_connect_c8y&gt;, exit status 0, duration 14 secs
08:36:03 INFO  Executed sudo&lt;tedge_connect_c8y_test&gt;, exit status 0
08:36:03 INFO  Executed systemctl&lt;serv_mosq2&gt;, exit status 0
08:36:04 INFO  Executed systemctl&lt;serv_mapper3&gt;, exit status 0
08:36:06 INFO  State of current operation: SUCCESSFUL
08:36:06 INFO  Assert that (False == value) with value=False ... passed
08:36:06 INFO  Assert that (False == value) with value=False ... passed
08:36:07 INFO  Assert that (False == value) with value=False ... passed
08:36:07 INFO  Assert that (False == value) with value=False ... passed
08:36:07 INFO  Package moon-buggy is installed
08:36:07 WARN  Assert that (False == value) with value=True ... failed 
08:36:08 INFO  Response status: 201
08:36:08 INFO  Response to action: {
    &quot;delivery&quot;: {
        &quot;time&quot;: &quot;2022-04-28T08:36:08.814Z&quot;,
        &quot;log&quot;: [],
        &quot;status&quot;: &quot;PENDING&quot;
    },
    &quot;creationTime&quot;: &quot;2022-04-28T08:36:08.802Z&quot;,
    &quot;deviceName&quot;: &quot;mythica&quot;,
    &quot;deviceId&quot;: &quot;17835201&quot;,
    &quot;self&quot;: &quot;https://t493319102.eu-latest.cumulocity.com/devicecontrol/operations/17865307&quot;,
    &quot;id&quot;: &quot;17865307&quot;,
    &quot;status&quot;: &quot;PENDING&quot;,
    &quot;description&quot;: &quot;Apply software changes, triggered from PySys: [{'action': 'install', 'id': '5475369', 'name': 'asciijump', 'url': ' ', 'version': '::apt'}, {'action': 'install', 'id': '5474869', 'name': 'robotfindskitten', 'url': ' ', 'version': ' '}, {'action': 'install', 'id': '5475279', 'name': 'squirrel3', 'url': ' ', 'version': '3.1-7::apt'}, {'action': 'install', 'id': '5152439', 'name': 'rolldice', 'url': ' ', 'version': '1.16-1+b1'}, {'action': 'install', 'id': '5439204', 'name': 'moon-buggy', 'url': ' ', 'version': '1:1.0.51-12'}, {'action': 'install', 'id': '5475369', 'name': 'asciijump', 'url': ' ', 'version': '::apt'}]&quot;,
    &quot;c8y_SoftwareUpdate&quot;: [
        {
            &quot;name&quot;: &quot;asciijump&quot;,
            &quot;action&quot;: &quot;install&quot;,
            &quot;id&quot;: &quot;5475369&quot;,
            &quot;version&quot;: &quot;::apt&quot;,
            &quot;url&quot;: &quot; &quot;
        },
        {
            &quot;name&quot;: &quot;robotfindskitten&quot;,
            &quot;action&quot;: &quot;install&quot;,
            &quot;id&quot;: &quot;5474869&quot;,
            &quot;version&quot;: &quot; &quot;,
            &quot;url&quot;: &quot; &quot;
        },
        {
            &quot;name&quot;: &quot;squirrel3&quot;,
            &quot;action&quot;: &quot;install&quot;,
            &quot;id&quot;: &quot;5475279&quot;,
            &quot;version&quot;: &quot;3.1-7::apt&quot;,
            &quot;url&quot;: &quot; &quot;
        },
        {
            &quot;name&quot;: &quot;rolldice&quot;,
            &quot;action&quot;: &quot;install&quot;,
            &quot;id&quot;: &quot;5152439&quot;,
            &quot;version&quot;: &quot;1.16-1+b1&quot;,
            &quot;url&quot;: &quot; &quot;
        },
        {
            &quot;name&quot;: &quot;moon-buggy&quot;,
            &quot;action&quot;: &quot;install&quot;,
            &quot;id&quot;: &quot;5439204&quot;,
            &quot;version&quot;: &quot;1:1.0.51-12&quot;,
            &quot;url&quot;: &quot; &quot;
        },
        {
            &quot;name&quot;: &quot;asciijump&quot;,
            &quot;action&quot;: &quot;install&quot;,
            &quot;id&quot;: &quot;5475369&quot;,
            &quot;version&quot;: &quot;::apt&quot;,
            &quot;url&quot;: &quot; &quot;
        }
    ]
}
08:36:08 INFO  Started operation: {'delivery': {'time': '2022-04-28T08:36:08.814Z', 'log': [], 'status': 'PENDING'}, 'creationTime': '2022-04-28T08:36:08.802Z', 'deviceName': 'mythica', 'deviceId': '17835201', 'self': 'https://t493319102.eu-latest.cumulocity.com/devicecontrol/operations/17865307', 'id': '17865307', 'status': 'PENDING', 'description': &quot;Apply software changes, triggered from PySys: [{'action': 'install', 'id': '5475369', 'name': 'asciijump', 'url': ' ', 'version': '::apt'}, {'action': 'install', 'id': '5474869', 'name': 'robotfindskitten', 'url': ' ', 'version': ' '}, {'action': 'install', 'id': '5475279', 'name': 'squirrel3', 'url': ' ', 'version': '3.1-7::apt'}, {'action': 'install', 'id': '5152439', 'name': 'rolldice', 'url': ' ', 'version': '1.16-1+b1'}, {'action': 'install', 'id': '5439204', 'name': 'moon-buggy', 'url': ' ', 'version': '1:1.0.51-12'}, {'action': 'install', 'id': '5475369', 'name': 'asciijump', 'url': ' ', 'version': '::apt'}]&quot;, 'c8y_SoftwareUpdate': [{'name': 'asciijump', 'action': 'install', 'id': '5475369', 'version': '::apt', 'url': ' '}, {'name': 'robotfindskitten', 'action': 'install', 'id': '5474869', 'version': ' ', 'url': ' '}, {'name': 'squirrel3', 'action': 'install', 'id': '5475279', 'version': '3.1-7::apt', 'url': ' '}, {'name': 'rolldice', 'action': 'install', 'id': '5152439', 'version': '1.16-1+b1', 'url': ' '}, {'name': 'moon-buggy', 'action': 'install', 'id': '5439204', 'version': '1:1.0.51-12', 'url': ' '}, {'name': 'asciijump', 'action': 'install', 'id': '5475369', 'version': '::apt', 'url': ' '}]}
08:36:11 INFO  State of operation 17865307 : PENDING
08:36:13 INFO  State of operation 17865307 : EXECUTING
08:36:15 INFO  State of operation 17865307 : EXECUTING
08:36:17 INFO  State of operation 17865307 : EXECUTING
08:36:20 INFO  State of operation 17865307 : EXECUTING
08:36:22 INFO  State of operation 17865307 : EXECUTING
08:36:24 INFO  State of operation 17865307 : EXECUTING
08:36:27 INFO  State of operation 17865307 : EXECUTING
08:36:29 INFO  State of operation 17865307 : EXECUTING
08:36:32 INFO  State of operation 17865307 : EXECUTING
08:36:34 INFO  State of operation 17865307 : EXECUTING
08:36:36 INFO  State of operation 17865307 : EXECUTING
08:36:39 INFO  State of operation 17865307 : EXECUTING
08:36:41 INFO  State of operation 17865307 : EXECUTING
08:36:43 INFO  State of operation 17865307 : EXECUTING
08:36:45 INFO  State of operation 17865307 : EXECUTING
08:36:48 INFO  State of operation 17865307 : EXECUTING
08:36:50 INFO  State of operation 17865307 : EXECUTING
08:36:52 INFO  State of operation 17865307 : EXECUTING
08:36:55 INFO  State of operation 17865307 : EXECUTING
08:36:57 INFO  State of operation 17865307 : EXECUTING
08:36:59 INFO  State of operation 17865307 : EXECUTING
08:37:02 INFO  State of operation 17865307 : EXECUTING
08:37:04 INFO  State of operation 17865307 : EXECUTING
08:37:07 INFO  State of operation 17865307 : EXECUTING
08:37:09 INFO  State of operation 17865307 : EXECUTING
08:37:11 INFO  State of operation 17865307 : EXECUTING
08:37:14 INFO  State of operation 17865307 : EXECUTING
08:37:16 INFO  State of operation 17865307 : EXECUTING
08:37:18 INFO  State of operation 17865307 : EXECUTING
08:37:21 INFO  State of operation 17865307 : EXECUTING
08:37:23 INFO  State of operation 17865307 : EXECUTING
08:37:25 INFO  State of operation 17865307 : EXECUTING
08:37:27 INFO  State of operation 17865307 : EXECUTING
08:37:30 INFO  State of operation 17865307 : EXECUTING
08:37:32 INFO  State of operation 17865307 : EXECUTING
08:37:34 INFO  State of operation 17865307 : EXECUTING
08:37:36 INFO  State of operation 17865307 : EXECUTING
08:37:39 INFO  State of operation 17865307 : EXECUTING
08:37:41 INFO  State of operation 17865307 : EXECUTING
08:37:44 INFO  State of operation 17865307 : EXECUTING
08:37:46 INFO  State of operation 17865307 : EXECUTING
08:37:49 INFO  State of operation 17865307 : EXECUTING
08:37:51 INFO  State of operation 17865307 : EXECUTING
08:37:53 INFO  State of operation 17865307 : EXECUTING
08:37:55 INFO  State of operation 17865307 : EXECUTING
08:37:58 INFO  State of operation 17865307 : EXECUTING
08:38:00 INFO  State of operation 17865307 : EXECUTING
08:38:02 INFO  State of operation 17865307 : EXECUTING
08:38:05 INFO  State of operation 17865307 : EXECUTING
08:38:08 INFO  State of operation 17865307 : EXECUTING
08:38:10 INFO  State of operation 17865307 : EXECUTING
08:38:12 INFO  State of operation 17865307 : EXECUTING
08:38:15 INFO  State of operation 17865307 : EXECUTING
08:38:18 INFO  State of operation 17865307 : EXECUTING
08:38:21 INFO  State of operation 17865307 : EXECUTING
08:38:23 INFO  State of operation 17865307 : EXECUTING
08:38:26 INFO  State of operation 17865307 : EXECUTING
08:38:28 INFO  State of operation 17865307 : EXECUTING
08:38:31 INFO  State of operation 17865307 : EXECUTING
08:38:33 INFO  State of operation 17865307 : EXECUTING
08:38:35 WARN  SystemError occurred while running test - Timeout while waiting for status SUCCESSFUL or False
Traceback (most recent call last):
  File &quot;/home/pi/env-pysys/lib/python3.7/site-packages/pysys/baserunner.py&quot;, line 1294, in __call__
    self.testObj.execute()
  File &quot;/home/pi/actions-runner/_work/thin-edge.io/thin-edge.io/tests/PySys/software_management_end_to_end/sm_apt_install_remove_multiple_mixed/run.py&quot;, line 89, in execute
    self.wait_until_succcess()
  File &quot;/home/pi/actions-runner/_work/thin-edge.io/thin-edge.io/tests/PySys/software_management_end_to_end/environment_sm_management.py&quot;, line 324, in wait_until_succcess
    self.wait_until_status(&quot;SUCCESSFUL&quot;)
  File &quot;/home/pi/actions-runner/_work/thin-edge.io/thin-edge.io/tests/PySys/software_management_end_to_end/environment_sm_management.py&quot;, line 381, in wait_until_status
    &quot;Timeout while waiting for status %s or %s&quot; % (status, status2)
SystemError: Timeout while waiting for status SUCCESSFUL or False
08:38:35 WARN  SystemError: Timeout while waiting for status SUCCESSFUL or False ... blocked 
08:38:35 INFO  
08:38:35 INFO  cleanup:
08:38:40 INFO  Executed sudo&lt;tedge_disconnect_c8y&gt;, exit status 0
08:38:40 INFO  Executed systemctl&lt;serv_mapper5&gt;, exit status 3
08:38:40 INFO  
08:38:40 INFO  Test duration: 180.19 secs
08:38:40 INFO  Test final outcome:  BLOCKED
08:38:40 INFO  Test outcome reason: SystemError: Timeout while waiting for status SUCCESSFUL or False (+1 other failures)
08:38:40 INFO  
</system-out>
	</testcase>
</testsuite>
