<?xml version="1.0" encoding="utf-8"?>
<testsuite failures="1" name="SoftwareManagement.sm_mixed_install_remove_multiple" skipped="0" tests="1" time="170.79" timestamp="2022-05-30T10:33:23">
	<testcase classname="PySysTest" name="SoftwareManagement.sm_mixed_install_remove_multiple">
		<failure message="FAILED: Assert that (False == value) with value=True" type="FAILED"/>
		<system-out>10:30:33 INFO  ==============================================================
10:30:33 INFO  Id:    SoftwareManagement.sm_mixed_install_remove_multiple
10:30:33 INFO  Dir:   software_management_end_to_end/
10:30:33 INFO  Title: Validate end to end behaviour for the dummy-plugin for multiple packages with mixed versions
10:30:33 INFO  ==============================================================
10:30:33 INFO  Using sw id database: {'asciijump': '5475369', 'robotfindskitten': '5474869', 'squirrel3': '5475279', 'rolldice': '5152439', 'moon-buggy': '5439204', 'apple': '5495053', 'banana': '5494888', 'cherry': '5495382', 'watermelon': '5494510', 'registry': '8018911', 'hello-world': '8021526', 'docker/getting-started': '8021973', 'alpine': '7991792'}
10:30:33 INFO  EnvironmentC8y Setup
10:30:33 INFO  Executed systemctl&lt;serv_mapper1&gt;, exit status 3
10:30:33 INFO  Restarting mosquitto too frequently in the last 10 seconds. It was only up for 5 seconds
10:30:33 INFO  Delaying execution by 6 seconds
10:30:54 INFO  Executed sudo&lt;tedge_connect_c8y&gt;, exit status 0, duration 14 secs
10:30:54 INFO  Executed sudo&lt;tedge_connect_c8y_test&gt;, exit status 0
10:30:55 INFO  Executed systemctl&lt;serv_mosq2&gt;, exit status 0
10:30:55 INFO  Executed systemctl&lt;serv_mapper3&gt;, exit status 0
10:30:58 INFO  State of current operation: SUCCESSFUL
10:30:58 INFO  Package apple is installed
10:30:58 INFO  Assert that (True == value) with value=True ... passed
10:30:58 INFO  Package banana is installed
10:30:58 INFO  Assert that (True == value) with value=True ... passed
10:30:58 INFO  Package cherry is installed
10:30:58 INFO  Assert that (True == value) with value=True ... passed
10:30:59 INFO  Package asciijump is installed
10:30:59 WARN  Assert that (False == value) with value=True ... failed 
10:30:59 INFO  Assert that (False == value) with value=False ... passed
10:30:59 INFO  Response status: 201
10:30:59 INFO  Response to action: {
    &quot;creationTime&quot;: &quot;2022-05-30T10:30:59.783Z&quot;,
    &quot;deviceId&quot;: &quot;19786601&quot;,
    &quot;deviceName&quot;: &quot;mythica&quot;,
    &quot;self&quot;: &quot;https://t493319102.eu-latest.cumulocity.com/devicecontrol/operations/19820231&quot;,
    &quot;id&quot;: &quot;19820231&quot;,
    &quot;status&quot;: &quot;PENDING&quot;,
    &quot;description&quot;: &quot;Apply software changes, triggered from PySys: [{'action': 'install', 'id': '5495053', 'name': 'apple', 'url': ' ', 'version': '::fruits'}, {'action': 'install', 'id': '5494888', 'name': 'banana', 'url': ' ', 'version': '::fruits'}, {'action': 'install', 'id': '5475369', 'name': 'asciijump', 'url': ' ', 'version': '::apt'}, {'action': 'install', 'id': '5495382', 'name': 'cherry', 'url': ' ', 'version': '::fruits'}, {'action': 'install', 'id': '8018911', 'name': 'registry', 'url': ' ', 'version': '::docker'}]&quot;,
    &quot;c8y_SoftwareUpdate&quot;: [
        {
            &quot;name&quot;: &quot;apple&quot;,
            &quot;action&quot;: &quot;install&quot;,
            &quot;id&quot;: &quot;5495053&quot;,
            &quot;version&quot;: &quot;::fruits&quot;,
            &quot;url&quot;: &quot; &quot;
        },
        {
            &quot;name&quot;: &quot;banana&quot;,
            &quot;action&quot;: &quot;install&quot;,
            &quot;id&quot;: &quot;5494888&quot;,
            &quot;version&quot;: &quot;::fruits&quot;,
            &quot;url&quot;: &quot; &quot;
        },
        {
            &quot;name&quot;: &quot;asciijump&quot;,
            &quot;action&quot;: &quot;install&quot;,
            &quot;id&quot;: &quot;5475369&quot;,
            &quot;version&quot;: &quot;::apt&quot;,
            &quot;url&quot;: &quot; &quot;
        },
        {
            &quot;name&quot;: &quot;cherry&quot;,
            &quot;action&quot;: &quot;install&quot;,
            &quot;id&quot;: &quot;5495382&quot;,
            &quot;version&quot;: &quot;::fruits&quot;,
            &quot;url&quot;: &quot; &quot;
        },
        {
            &quot;name&quot;: &quot;registry&quot;,
            &quot;action&quot;: &quot;install&quot;,
            &quot;id&quot;: &quot;8018911&quot;,
            &quot;version&quot;: &quot;::docker&quot;,
            &quot;url&quot;: &quot; &quot;
        }
    ]
}
10:30:59 INFO  Started operation: {'creationTime': '2022-05-30T10:30:59.783Z', 'deviceId': '19786601', 'deviceName': 'mythica', 'self': 'https://t493319102.eu-latest.cumulocity.com/devicecontrol/operations/19820231', 'id': '19820231', 'status': 'PENDING', 'description': &quot;Apply software changes, triggered from PySys: [{'action': 'install', 'id': '5495053', 'name': 'apple', 'url': ' ', 'version': '::fruits'}, {'action': 'install', 'id': '5494888', 'name': 'banana', 'url': ' ', 'version': '::fruits'}, {'action': 'install', 'id': '5475369', 'name': 'asciijump', 'url': ' ', 'version': '::apt'}, {'action': 'install', 'id': '5495382', 'name': 'cherry', 'url': ' ', 'version': '::fruits'}, {'action': 'install', 'id': '8018911', 'name': 'registry', 'url': ' ', 'version': '::docker'}]&quot;, 'c8y_SoftwareUpdate': [{'name': 'apple', 'action': 'install', 'id': '5495053', 'version': '::fruits', 'url': ' '}, {'name': 'banana', 'action': 'install', 'id': '5494888', 'version': '::fruits', 'url': ' '}, {'name': 'asciijump', 'action': 'install', 'id': '5475369', 'version': '::apt', 'url': ' '}, {'name': 'cherry', 'action': 'install', 'id': '5495382', 'version': '::fruits', 'url': ' '}, {'name': 'registry', 'action': 'install', 'id': '8018911', 'version': '::docker', 'url': ' '}]}
10:31:02 INFO  State of operation 19820231 : PENDING
10:31:04 INFO  State of operation 19820231 : EXECUTING
10:31:06 INFO  State of operation 19820231 : EXECUTING
10:31:08 INFO  State of operation 19820231 : EXECUTING
10:31:10 INFO  State of operation 19820231 : EXECUTING
10:31:13 INFO  State of operation 19820231 : EXECUTING
10:31:15 INFO  State of operation 19820231 : EXECUTING
10:31:18 INFO  State of operation 19820231 : EXECUTING
10:31:21 INFO  State of operation 19820231 : EXECUTING
10:31:23 INFO  State of operation 19820231 : EXECUTING
10:31:25 INFO  State of operation 19820231 : EXECUTING
10:31:28 INFO  State of operation 19820231 : EXECUTING
10:31:30 INFO  State of operation 19820231 : EXECUTING
10:31:32 INFO  State of operation 19820231 : EXECUTING
10:31:34 INFO  State of operation 19820231 : EXECUTING
10:31:37 INFO  State of operation 19820231 : EXECUTING
10:31:39 INFO  State of operation 19820231 : EXECUTING
10:31:41 INFO  State of operation 19820231 : EXECUTING
10:31:43 INFO  State of operation 19820231 : EXECUTING
10:31:46 INFO  State of operation 19820231 : EXECUTING
10:31:48 INFO  State of operation 19820231 : EXECUTING
10:31:51 INFO  State of operation 19820231 : EXECUTING
10:31:53 INFO  State of operation 19820231 : EXECUTING
10:31:55 INFO  State of operation 19820231 : EXECUTING
10:31:57 INFO  State of operation 19820231 : EXECUTING
10:32:00 INFO  State of operation 19820231 : EXECUTING
10:32:02 INFO  State of operation 19820231 : SUCCESSFUL
10:32:02 INFO  Package apple is installed
10:32:02 INFO  Assert that (True == value) with value=True ... passed
10:32:02 INFO  Package banana is installed
10:32:02 INFO  Assert that (True == value) with value=True ... passed
10:32:03 INFO  Package cherry is installed
10:32:03 INFO  Assert that (True == value) with value=True ... passed
10:32:03 INFO  Package asciijump is installed
10:32:03 INFO  Assert that (True == value) with value=True ... passed
10:32:03 INFO  Package registry is installed
10:32:03 INFO  Assert that (True == value) with value=True ... passed
10:32:03 INFO  Response status: 201
10:32:03 INFO  Response to action: {
    &quot;creationTime&quot;: &quot;2022-05-30T10:32:03.707Z&quot;,
    &quot;deviceId&quot;: &quot;19786601&quot;,
    &quot;deviceName&quot;: &quot;mythica&quot;,
    &quot;self&quot;: &quot;https://t493319102.eu-latest.cumulocity.com/devicecontrol/operations/19820249&quot;,
    &quot;id&quot;: &quot;19820249&quot;,
    &quot;status&quot;: &quot;PENDING&quot;,
    &quot;description&quot;: &quot;Apply software changes, triggered from PySys: [{'action': 'delete', 'id': '5495053', 'name': 'apple', 'url': ' ', 'version': '::fruits'}, {'action': 'delete', 'id': '5494888', 'name': 'banana', 'url': ' ', 'version': '::fruits'}, {'action': 'delete', 'id': '5475369', 'name': 'asciijump', 'url': ' ', 'version': '::apt'}, {'action': 'delete', 'id': '5495382', 'name': 'cherry', 'url': ' ', 'version': '::fruits'}, {'action': 'delete', 'id': '8018911', 'name': 'registry', 'url': ' ', 'version': '::docker'}]&quot;,
    &quot;c8y_SoftwareUpdate&quot;: [
        {
            &quot;name&quot;: &quot;apple&quot;,
            &quot;action&quot;: &quot;delete&quot;,
            &quot;id&quot;: &quot;5495053&quot;,
            &quot;version&quot;: &quot;::fruits&quot;,
            &quot;url&quot;: &quot; &quot;
        },
        {
            &quot;name&quot;: &quot;banana&quot;,
            &quot;action&quot;: &quot;delete&quot;,
            &quot;id&quot;: &quot;5494888&quot;,
            &quot;version&quot;: &quot;::fruits&quot;,
            &quot;url&quot;: &quot; &quot;
        },
        {
            &quot;name&quot;: &quot;asciijump&quot;,
            &quot;action&quot;: &quot;delete&quot;,
            &quot;id&quot;: &quot;5475369&quot;,
            &quot;version&quot;: &quot;::apt&quot;,
            &quot;url&quot;: &quot; &quot;
        },
        {
            &quot;name&quot;: &quot;cherry&quot;,
            &quot;action&quot;: &quot;delete&quot;,
            &quot;id&quot;: &quot;5495382&quot;,
            &quot;version&quot;: &quot;::fruits&quot;,
            &quot;url&quot;: &quot; &quot;
        },
        {
            &quot;name&quot;: &quot;registry&quot;,
            &quot;action&quot;: &quot;delete&quot;,
            &quot;id&quot;: &quot;8018911&quot;,
            &quot;version&quot;: &quot;::docker&quot;,
            &quot;url&quot;: &quot; &quot;
        }
    ]
}
10:32:03 INFO  Started operation: {'creationTime': '2022-05-30T10:32:03.707Z', 'deviceId': '19786601', 'deviceName': 'mythica', 'self': 'https://t493319102.eu-latest.cumulocity.com/devicecontrol/operations/19820249', 'id': '19820249', 'status': 'PENDING', 'description': &quot;Apply software changes, triggered from PySys: [{'action': 'delete', 'id': '5495053', 'name': 'apple', 'url': ' ', 'version': '::fruits'}, {'action': 'delete', 'id': '5494888', 'name': 'banana', 'url': ' ', 'version': '::fruits'}, {'action': 'delete', 'id': '5475369', 'name': 'asciijump', 'url': ' ', 'version': '::apt'}, {'action': 'delete', 'id': '5495382', 'name': 'cherry', 'url': ' ', 'version': '::fruits'}, {'action': 'delete', 'id': '8018911', 'name': 'registry', 'url': ' ', 'version': '::docker'}]&quot;, 'c8y_SoftwareUpdate': [{'name': 'apple', 'action': 'delete', 'id': '5495053', 'version': '::fruits', 'url': ' '}, {'name': 'banana', 'action': 'delete', 'id': '5494888', 'version': '::fruits', 'url': ' '}, {'name': 'asciijump', 'action': 'delete', 'id': '5475369', 'version': '::apt', 'url': ' '}, {'name': 'cherry', 'action': 'delete', 'id': '5495382', 'version': '::fruits', 'url': ' '}, {'name': 'registry', 'action': 'delete', 'id': '8018911', 'version': '::docker', 'url': ' '}]}
10:32:05 INFO  State of operation 19820249 : PENDING
10:32:08 INFO  State of operation 19820249 : EXECUTING
10:32:10 INFO  State of operation 19820249 : EXECUTING
10:32:12 INFO  State of operation 19820249 : EXECUTING
10:32:14 INFO  State of operation 19820249 : EXECUTING
10:32:17 INFO  State of operation 19820249 : EXECUTING
10:32:19 INFO  State of operation 19820249 : EXECUTING
10:32:21 INFO  State of operation 19820249 : EXECUTING
10:32:24 INFO  State of operation 19820249 : EXECUTING
10:32:27 INFO  State of operation 19820249 : EXECUTING
10:32:29 INFO  State of operation 19820249 : EXECUTING
10:32:31 INFO  State of operation 19820249 : EXECUTING
10:32:33 INFO  State of operation 19820249 : EXECUTING
10:32:36 INFO  State of operation 19820249 : EXECUTING
10:32:38 INFO  State of operation 19820249 : EXECUTING
10:32:40 INFO  State of operation 19820249 : EXECUTING
10:32:44 INFO  State of operation 19820249 : EXECUTING
10:32:47 INFO  State of operation 19820249 : EXECUTING
10:32:49 INFO  State of operation 19820249 : EXECUTING
10:32:51 INFO  State of operation 19820249 : EXECUTING
10:32:54 INFO  State of operation 19820249 : EXECUTING
10:32:56 INFO  State of operation 19820249 : EXECUTING
10:32:58 INFO  State of operation 19820249 : EXECUTING
10:33:01 INFO  State of operation 19820249 : EXECUTING
10:33:03 INFO  State of operation 19820249 : EXECUTING
10:33:05 INFO  State of operation 19820249 : EXECUTING
10:33:08 INFO  State of operation 19820249 : EXECUTING
10:33:10 INFO  State of operation 19820249 : EXECUTING
10:33:12 INFO  State of operation 19820249 : EXECUTING
10:33:15 INFO  State of operation 19820249 : EXECUTING
10:33:17 INFO  State of operation 19820249 : SUCCESSFUL
10:33:17 INFO  Package apple is installed
10:33:17 INFO  Assert that (True == value) with value=True ... passed
10:33:17 INFO  Package banana is installed
10:33:17 INFO  Assert that (True == value) with value=True ... passed
10:33:17 INFO  Package cherry is installed
10:33:17 INFO  Assert that (True == value) with value=True ... passed
10:33:18 INFO  Assert that (False == value) with value=False ... passed
10:33:18 INFO  Assert that (False == value) with value=False ... passed
10:33:18 INFO  
10:33:18 INFO  cleanup:
10:33:23 INFO  Executed sudo&lt;tedge_disconnect_c8y&gt;, exit status 0
10:33:23 INFO  Executed systemctl&lt;serv_mapper5&gt;, exit status 3
10:33:23 INFO  
10:33:23 INFO  Test duration: 170.79 secs
10:33:23 INFO  Test final outcome:  FAILED
10:33:23 INFO  Test outcome reason: Assert that (False == value) with value=True
10:33:23 INFO  
</system-out>
	</testcase>
</testsuite>
