<?xml version="1.0" encoding="utf-8"?>
<testsuite failures="1" name="SoftwareManagement.sm_apt_install_remove_multiple_mixed" skipped="0" tests="1" time="182.05" timestamp="2022-04-21T09:40:08">
	<testcase classname="PySysTest" name="SoftwareManagement.sm_apt_install_remove_multiple_mixed">
		<failure message="BLOCKED: SystemError: Timeout while waiting for status SUCCESSFUL or False (+1 other failures)" type="BLOCKED"/>
		<system-out>09:37:06 INFO  ==============================================================
09:37:06 INFO  Id:    SoftwareManagement.sm_apt_install_remove_multiple_mixed
09:37:06 INFO  Dir:   software_management_end_to_end/
09:37:06 INFO  Title: Validate end to end behaviour for the apt plugin for multiple packages with mixed versions
09:37:06 INFO  ==============================================================
09:37:06 INFO  Using sw id database: {'asciijump': '5475369', 'robotfindskitten': '5474869', 'squirrel3': '5475279', 'rolldice': '5152439', 'moon-buggy': '5439204', 'apple': '5495053', 'banana': '5494888', 'cherry': '5495382', 'watermelon': '5494510', 'registry': '8018911', 'hello-world': '8021526', 'docker/getting-started': '8021973', 'alpine': '7991792'}
09:37:06 INFO  EnvironmentC8y Setup
09:37:07 INFO  Executed systemctl&lt;serv_mapper1&gt;, exit status 3
09:37:07 INFO  Restarting mosquitto too frequently in the last 10 seconds. It was only up for 5 seconds
09:37:07 INFO  Delaying execution by 6 seconds
09:37:27 INFO  Executed sudo&lt;tedge_connect_c8y&gt;, exit status 0, duration 13 secs
09:37:27 INFO  Executed sudo&lt;tedge_connect_c8y_test&gt;, exit status 0
09:37:28 INFO  Executed systemctl&lt;serv_mosq2&gt;, exit status 0
09:37:29 INFO  Executed systemctl&lt;serv_mapper3&gt;, exit status 0
09:37:31 INFO  State of current operation: SUCCESSFUL
09:37:31 INFO  Assert that (False == value) with value=False ... passed
09:37:31 INFO  Assert that (False == value) with value=False ... passed
09:37:31 INFO  Assert that (False == value) with value=False ... passed
09:37:32 INFO  Assert that (False == value) with value=False ... passed
09:37:32 INFO  Package moon-buggy is installed
09:37:32 WARN  Assert that (False == value) with value=True ... failed 
09:37:33 INFO  Response status: 201
09:37:33 INFO  Response to action: {
    &quot;creationTime&quot;: &quot;2022-04-21T09:37:33.669Z&quot;,
    &quot;deviceName&quot;: &quot;mythica&quot;,
    &quot;deviceId&quot;: &quot;17530477&quot;,
    &quot;self&quot;: &quot;https://t493319102.eu-latest.cumulocity.com/devicecontrol/operations/17537690&quot;,
    &quot;id&quot;: &quot;17537690&quot;,
    &quot;status&quot;: &quot;PENDING&quot;,
    &quot;description&quot;: &quot;Apply software changes, triggered from PySys: [{'action': 'install', 'id': '5475369', 'name': 'asciijump', 'url': ' ', 'version': '::apt'}, {'action': 'install', 'id': '5474869', 'name': 'robotfindskitten', 'url': ' ', 'version': ' '}, {'action': 'install', 'id': '5475279', 'name': 'squirrel3', 'url': ' ', 'version': '3.1-7::apt'}, {'action': 'install', 'id': '5152439', 'name': 'rolldice', 'url': ' ', 'version': '1.16-1+b1'}, {'action': 'install', 'id': '5439204', 'name': 'moon-buggy', 'url': ' ', 'version': '1:1.0.51-12'}, {'action': 'install', 'id': '5475369', 'name': 'asciijump', 'url': ' ', 'version': '::apt'}]&quot;,
    &quot;c8y_SoftwareUpdate&quot;: [
        {
            &quot;name&quot;: &quot;asciijump&quot;,
            &quot;action&quot;: &quot;install&quot;,
            &quot;id&quot;: &quot;5475369&quot;,
            &quot;version&quot;: &quot;::apt&quot;,
            &quot;url&quot;: &quot; &quot;
        },
        {
            &quot;name&quot;: &quot;robotfindskitten&quot;,
            &quot;action&quot;: &quot;install&quot;,
            &quot;id&quot;: &quot;5474869&quot;,
            &quot;version&quot;: &quot; &quot;,
            &quot;url&quot;: &quot; &quot;
        },
        {
            &quot;name&quot;: &quot;squirrel3&quot;,
            &quot;action&quot;: &quot;install&quot;,
            &quot;id&quot;: &quot;5475279&quot;,
            &quot;version&quot;: &quot;3.1-7::apt&quot;,
            &quot;url&quot;: &quot; &quot;
        },
        {
            &quot;name&quot;: &quot;rolldice&quot;,
            &quot;action&quot;: &quot;install&quot;,
            &quot;id&quot;: &quot;5152439&quot;,
            &quot;version&quot;: &quot;1.16-1+b1&quot;,
            &quot;url&quot;: &quot; &quot;
        },
        {
            &quot;name&quot;: &quot;moon-buggy&quot;,
            &quot;action&quot;: &quot;install&quot;,
            &quot;id&quot;: &quot;5439204&quot;,
            &quot;version&quot;: &quot;1:1.0.51-12&quot;,
            &quot;url&quot;: &quot; &quot;
        },
        {
            &quot;name&quot;: &quot;asciijump&quot;,
            &quot;action&quot;: &quot;install&quot;,
            &quot;id&quot;: &quot;5475369&quot;,
            &quot;version&quot;: &quot;::apt&quot;,
            &quot;url&quot;: &quot; &quot;
        }
    ]
}
09:37:33 INFO  Started operation: {'creationTime': '2022-04-21T09:37:33.669Z', 'deviceName': 'mythica', 'deviceId': '17530477', 'self': 'https://t493319102.eu-latest.cumulocity.com/devicecontrol/operations/17537690', 'id': '17537690', 'status': 'PENDING', 'description': &quot;Apply software changes, triggered from PySys: [{'action': 'install', 'id': '5475369', 'name': 'asciijump', 'url': ' ', 'version': '::apt'}, {'action': 'install', 'id': '5474869', 'name': 'robotfindskitten', 'url': ' ', 'version': ' '}, {'action': 'install', 'id': '5475279', 'name': 'squirrel3', 'url': ' ', 'version': '3.1-7::apt'}, {'action': 'install', 'id': '5152439', 'name': 'rolldice', 'url': ' ', 'version': '1.16-1+b1'}, {'action': 'install', 'id': '5439204', 'name': 'moon-buggy', 'url': ' ', 'version': '1:1.0.51-12'}, {'action': 'install', 'id': '5475369', 'name': 'asciijump', 'url': ' ', 'version': '::apt'}]&quot;, 'c8y_SoftwareUpdate': [{'name': 'asciijump', 'action': 'install', 'id': '5475369', 'version': '::apt', 'url': ' '}, {'name': 'robotfindskitten', 'action': 'install', 'id': '5474869', 'version': ' ', 'url': ' '}, {'name': 'squirrel3', 'action': 'install', 'id': '5475279', 'version': '3.1-7::apt', 'url': ' '}, {'name': 'rolldice', 'action': 'install', 'id': '5152439', 'version': '1.16-1+b1', 'url': ' '}, {'name': 'moon-buggy', 'action': 'install', 'id': '5439204', 'version': '1:1.0.51-12', 'url': ' '}, {'name': 'asciijump', 'action': 'install', 'id': '5475369', 'version': '::apt', 'url': ' '}]}
09:37:35 INFO  State of operation 17537690 : PENDING
09:37:38 INFO  State of operation 17537690 : EXECUTING
09:37:40 INFO  State of operation 17537690 : EXECUTING
09:37:42 INFO  State of operation 17537690 : EXECUTING
09:37:44 INFO  State of operation 17537690 : EXECUTING
09:37:47 INFO  State of operation 17537690 : EXECUTING
09:37:49 INFO  State of operation 17537690 : EXECUTING
09:37:51 INFO  State of operation 17537690 : EXECUTING
09:37:54 INFO  State of operation 17537690 : EXECUTING
09:37:57 INFO  State of operation 17537690 : EXECUTING
09:37:59 INFO  State of operation 17537690 : EXECUTING
09:38:01 INFO  State of operation 17537690 : EXECUTING
09:38:04 INFO  State of operation 17537690 : EXECUTING
09:38:06 INFO  State of operation 17537690 : EXECUTING
09:38:08 INFO  State of operation 17537690 : EXECUTING
09:38:10 INFO  State of operation 17537690 : EXECUTING
09:38:13 INFO  State of operation 17537690 : EXECUTING
09:38:15 INFO  State of operation 17537690 : EXECUTING
09:38:18 INFO  State of operation 17537690 : EXECUTING
09:38:20 INFO  State of operation 17537690 : EXECUTING
09:38:22 INFO  State of operation 17537690 : EXECUTING
09:38:24 INFO  State of operation 17537690 : EXECUTING
09:38:27 INFO  State of operation 17537690 : EXECUTING
09:38:29 INFO  State of operation 17537690 : EXECUTING
09:38:33 INFO  State of operation 17537690 : EXECUTING
09:38:35 INFO  State of operation 17537690 : EXECUTING
09:38:38 INFO  State of operation 17537690 : EXECUTING
09:38:40 INFO  State of operation 17537690 : EXECUTING
09:38:43 INFO  State of operation 17537690 : EXECUTING
09:38:45 INFO  State of operation 17537690 : EXECUTING
09:38:48 INFO  State of operation 17537690 : EXECUTING
09:38:50 INFO  State of operation 17537690 : EXECUTING
09:38:52 INFO  State of operation 17537690 : EXECUTING
09:38:54 INFO  State of operation 17537690 : EXECUTING
09:38:57 INFO  State of operation 17537690 : EXECUTING
09:38:59 INFO  State of operation 17537690 : EXECUTING
09:39:01 INFO  State of operation 17537690 : EXECUTING
09:39:03 INFO  State of operation 17537690 : EXECUTING
09:39:06 INFO  State of operation 17537690 : EXECUTING
09:39:08 INFO  State of operation 17537690 : EXECUTING
09:39:11 INFO  State of operation 17537690 : EXECUTING
09:39:13 INFO  State of operation 17537690 : EXECUTING
09:39:16 INFO  State of operation 17537690 : EXECUTING
09:39:18 INFO  State of operation 17537690 : EXECUTING
09:39:20 INFO  State of operation 17537690 : EXECUTING
09:39:22 INFO  State of operation 17537690 : EXECUTING
09:39:25 INFO  State of operation 17537690 : EXECUTING
09:39:27 INFO  State of operation 17537690 : EXECUTING
09:39:29 INFO  State of operation 17537690 : EXECUTING
09:39:33 INFO  State of operation 17537690 : EXECUTING
09:39:35 INFO  State of operation 17537690 : EXECUTING
09:39:38 INFO  State of operation 17537690 : EXECUTING
09:39:40 INFO  State of operation 17537690 : EXECUTING
09:39:42 INFO  State of operation 17537690 : EXECUTING
09:39:45 INFO  State of operation 17537690 : EXECUTING
09:39:47 INFO  State of operation 17537690 : EXECUTING
09:39:50 INFO  State of operation 17537690 : EXECUTING
09:39:52 INFO  State of operation 17537690 : EXECUTING
09:39:55 INFO  State of operation 17537690 : EXECUTING
09:39:57 INFO  State of operation 17537690 : EXECUTING
09:40:00 INFO  State of operation 17537690 : EXECUTING
09:40:02 WARN  SystemError occurred while running test - Timeout while waiting for status SUCCESSFUL or False
Traceback (most recent call last):
  File &quot;/home/pi/env-pysys/lib/python3.7/site-packages/pysys/baserunner.py&quot;, line 1294, in __call__
    self.testObj.execute()
  File &quot;/home/pi/actions-runner/_work/thin-edge.io/thin-edge.io/tests/PySys/software_management_end_to_end/sm_apt_install_remove_multiple_mixed/run.py&quot;, line 89, in execute
    self.wait_until_succcess()
  File &quot;/home/pi/actions-runner/_work/thin-edge.io/thin-edge.io/tests/PySys/software_management_end_to_end/environment_sm_management.py&quot;, line 324, in wait_until_succcess
    self.wait_until_status(&quot;SUCCESSFUL&quot;)
  File &quot;/home/pi/actions-runner/_work/thin-edge.io/thin-edge.io/tests/PySys/software_management_end_to_end/environment_sm_management.py&quot;, line 381, in wait_until_status
    &quot;Timeout while waiting for status %s or %s&quot; % (status, status2)
SystemError: Timeout while waiting for status SUCCESSFUL or False
09:40:02 WARN  SystemError: Timeout while waiting for status SUCCESSFUL or False ... blocked 
09:40:02 INFO  
09:40:02 INFO  cleanup:
09:40:07 INFO  Executed sudo&lt;tedge_disconnect_c8y&gt;, exit status 0
09:40:08 INFO  Executed systemctl&lt;serv_mapper5&gt;, exit status 3
09:40:08 INFO  
09:40:08 INFO  Test duration: 182.05 secs
09:40:08 INFO  Test final outcome:  BLOCKED
09:40:08 INFO  Test outcome reason: SystemError: Timeout while waiting for status SUCCESSFUL or False (+1 other failures)
09:40:08 INFO  
</system-out>
	</testcase>
</testsuite>
