<?xml version="1.0" encoding="utf-8"?>
<testsuite failures="1" name="SoftwareManagement.sm_apt_install_download_path" skipped="0" tests="1" time="85.43" timestamp="2022-05-03T08:57:45">
	<testcase classname="AptInstallWithDownloadPath" name="SoftwareManagement.sm_apt_install_download_path">
		<failure message="BLOCKED: AssertionError:" type="BLOCKED"/>
		<system-out>08:56:20 INFO  ==============================================================
08:56:20 INFO  Id:    SoftwareManagement.sm_apt_install_download_path
08:56:20 INFO  Dir:   software_management_end_to_end/
08:56:20 INFO  Title: Install package to directory specified in tedge config set tmp.path
08:56:20 INFO  ==============================================================
08:56:21 INFO  Using sw id database: {'asciijump': '5475369', 'robotfindskitten': '5474869', 'squirrel3': '5475279', 'rolldice': '5152439', 'moon-buggy': '5439204', 'apple': '5495053', 'banana': '5494888', 'cherry': '5495382', 'watermelon': '5494510', 'registry': '8018911', 'hello-world': '8021526', 'docker/getting-started': '8021973', 'alpine': '7991792'}
08:56:21 INFO  EnvironmentC8y Setup
08:56:22 INFO  Executed systemctl&lt;serv_mapper1&gt;, exit status 3
08:56:36 INFO  Executed sudo&lt;tedge_connect_c8y&gt;, exit status 0, duration 14 secs
08:56:37 INFO  Executed sudo&lt;tedge_connect_c8y_test&gt;, exit status 0
08:56:37 INFO  Executed systemctl&lt;serv_mosq2&gt;, exit status 0
08:56:38 INFO  Executed systemctl&lt;serv_mapper3&gt;, exit status 0
08:56:40 INFO  State of current operation: SUCCESSFUL
08:56:41 INFO  Assert that (False == value) with value=False ... passed
08:56:41 INFO  Executed sudo, exit status 0
08:56:42 INFO  Executed sudo, exit status 0
08:56:42 INFO  Executed sudo, exit status 0
08:56:46 INFO  Executed sudo&lt;tedge_disconnect_c8y&gt;, exit status 0
08:56:46 INFO  Restarting mosquitto too frequently in the last 10 seconds. It was only up for 4 seconds
08:56:46 INFO  Delaying execution by 7 seconds
08:57:08 INFO  Executed sudo&lt;tedge_connect_c8y&gt;, exit status 0, duration 14 secs
08:57:08 INFO  Response status: 201
08:57:08 INFO  Response to action: {
    &quot;delivery&quot;: {
        &quot;time&quot;: &quot;2022-05-03T08:57:08.712Z&quot;,
        &quot;log&quot;: [],
        &quot;status&quot;: &quot;PENDING&quot;
    },
    &quot;creationTime&quot;: &quot;2022-05-03T08:57:08.699Z&quot;,
    &quot;deviceName&quot;: &quot;mythica&quot;,
    &quot;deviceId&quot;: &quot;18245384&quot;,
    &quot;self&quot;: &quot;https://t493319102.eu-latest.cumulocity.com/devicecontrol/operations/18273693&quot;,
    &quot;id&quot;: &quot;18273693&quot;,
    &quot;status&quot;: &quot;PENDING&quot;,
    &quot;description&quot;: &quot;Apply software changes, triggered from PySys: [{'name': 'rolldice', 'id': '5152439', 'version': '::apt', 'url': 'https://thin-edge-io.eu-latest.cumulocity.com/inventory/binaries/12435463', 'action': 'install'}]&quot;,
    &quot;c8y_SoftwareUpdate&quot;: [
        {
            &quot;name&quot;: &quot;rolldice&quot;,
            &quot;action&quot;: &quot;install&quot;,
            &quot;id&quot;: &quot;5152439&quot;,
            &quot;version&quot;: &quot;::apt&quot;,
            &quot;url&quot;: &quot;https://thin-edge-io.eu-latest.cumulocity.com/inventory/binaries/12435463&quot;
        }
    ]
}
08:57:08 INFO  Started operation: {'delivery': {'time': '2022-05-03T08:57:08.712Z', 'log': [], 'status': 'PENDING'}, 'creationTime': '2022-05-03T08:57:08.699Z', 'deviceName': 'mythica', 'deviceId': '18245384', 'self': 'https://t493319102.eu-latest.cumulocity.com/devicecontrol/operations/18273693', 'id': '18273693', 'status': 'PENDING', 'description': &quot;Apply software changes, triggered from PySys: [{'name': 'rolldice', 'id': '5152439', 'version': '::apt', 'url': 'https://thin-edge-io.eu-latest.cumulocity.com/inventory/binaries/12435463', 'action': 'install'}]&quot;, 'c8y_SoftwareUpdate': [{'name': 'rolldice', 'action': 'install', 'id': '5152439', 'version': '::apt', 'url': 'https://thin-edge-io.eu-latest.cumulocity.com/inventory/binaries/12435463'}]}
08:57:08 WARN  , retrying in 0.5 seconds...
08:57:09 WARN  , retrying in 0.5 seconds...
08:57:09 WARN  , retrying in 0.5 seconds...
08:57:10 WARN  , retrying in 0.5 seconds...
08:57:10 WARN  , retrying in 0.5 seconds...
08:57:11 WARN  , retrying in 0.5 seconds...
08:57:11 WARN  , retrying in 0.5 seconds...
08:57:12 WARN  , retrying in 0.5 seconds...
08:57:12 WARN  , retrying in 0.5 seconds...
08:57:13 WARN  AssertionError occurred while running test - 
Traceback (most recent call last):
  File &quot;/home/pi/env-pysys/lib/python3.7/site-packages/pysys/baserunner.py&quot;, line 1294, in __call__
    self.testObj.execute()
  File &quot;/home/pi/actions-runner/_work/thin-edge.io/thin-edge.io/tests/PySys/software_management_end_to_end/sm_apt_install_download_path/run.py&quot;, line 83, in execute
    assert_install_in_download_path(install_directory=self.DOWNLOAD_DIR)
  File &quot;/home/pi/env-pysys/lib/python3.7/site-packages/decorator.py&quot;, line 232, in fun
    return caller(func, *(extras + args), **kw)
  File &quot;/home/pi/env-pysys/lib/python3.7/site-packages/retry/api.py&quot;, line 74, in retry_decorator
    logger)
  File &quot;/home/pi/env-pysys/lib/python3.7/site-packages/retry/api.py&quot;, line 33, in __retry_internal
    return f()
  File &quot;/home/pi/actions-runner/_work/thin-edge.io/thin-edge.io/tests/PySys/software_management_end_to_end/sm_apt_install_download_path/run.py&quot;, line 28, in assert_install_in_download_path
    assert &quot;rolldice&quot; in os.listdir(f&quot;{install_directory}&quot;)
AssertionError
08:57:13 WARN  AssertionError: ... blocked 
08:57:13 INFO  
08:57:13 INFO  cleanup:
08:57:13 INFO  Executed sudo, exit status 0
08:57:14 INFO  Executed sudo, exit status 0
08:57:19 INFO  Executed sudo&lt;tedge_disconnect_c8y&gt;, exit status 0
08:57:19 INFO  Restarting mosquitto too frequently in the last 10 seconds. It was only up for 4 seconds
08:57:19 INFO  Delaying execution by 7 seconds
08:57:40 INFO  Executed sudo&lt;tedge_connect_c8y&gt;, exit status 0, duration 14 secs
08:57:44 INFO  Executed sudo&lt;tedge_disconnect_c8y&gt;, exit status 0
08:57:45 INFO  Executed systemctl&lt;serv_mapper5&gt;, exit status 3
08:57:45 INFO  
08:57:45 INFO  Test duration: 85.43 secs
08:57:45 INFO  Test final outcome:  BLOCKED
08:57:45 INFO  Test outcome reason: AssertionError:
08:57:45 INFO  
</system-out>
	</testcase>
</testsuite>
