<?xml version="1.0" encoding="utf-8"?>
<testsuite failures="1" name="SoftwareManagement.sm_apt_install_remove_multiple" skipped="0" tests="1" time="187.7" timestamp="2022-04-19T14:28:23">
	<testcase classname="PySysTest" name="SoftwareManagement.sm_apt_install_remove_multiple">
		<failure message="FAILED: Assert that (False == value) with value=True" type="FAILED"/>
		<system-out>14:25:15 INFO  ==============================================================
14:25:15 INFO  Id:    SoftwareManagement.sm_apt_install_remove_multiple
14:25:15 INFO  Dir:   software_management_end_to_end/
14:25:15 INFO  Title: Validate end to end behaviour for the apt plugin for multiple packages
14:25:15 INFO  ==============================================================
14:25:15 INFO  Using sw id database: {'asciijump': '5475369', 'robotfindskitten': '5474869', 'squirrel3': '5475279', 'rolldice': '5152439', 'moon-buggy': '5439204', 'apple': '5495053', 'banana': '5494888', 'cherry': '5495382', 'watermelon': '5494510', 'registry': '8018911', 'hello-world': '8021526', 'docker/getting-started': '8021973', 'alpine': '7991792'}
14:25:15 INFO  EnvironmentC8y Setup
14:25:16 INFO  Executed systemctl&lt;serv_mapper1&gt;, exit status 3
14:25:16 INFO  Restarting mosquitto too frequently in the last 10 seconds. It was only up for 5 seconds
14:25:16 INFO  Delaying execution by 6 seconds
14:25:37 INFO  Executed sudo&lt;tedge_connect_c8y&gt;, exit status 0, duration 14 secs
14:25:37 INFO  Executed sudo&lt;tedge_connect_c8y_test&gt;, exit status 0
14:25:38 INFO  Executed systemctl&lt;serv_mosq2&gt;, exit status 0
14:25:38 INFO  Executed systemctl&lt;serv_mapper3&gt;, exit status 0
14:25:40 INFO  State of current operation: SUCCESSFUL
14:25:41 INFO  Assert that (False == value) with value=False ... passed
14:25:41 INFO  Assert that (False == value) with value=False ... passed
14:25:41 INFO  Assert that (False == value) with value=False ... passed
14:25:42 INFO  Package robotfindskitten is installed
14:25:42 WARN  Assert that (False == value) with value=True ... failed 
14:25:42 INFO  Response status: 201
14:25:42 INFO  Response to action: {
    &quot;creationTime&quot;: &quot;2022-04-19T14:25:42.546Z&quot;,
    &quot;deviceName&quot;: &quot;mythica&quot;,
    &quot;deviceId&quot;: &quot;17465677&quot;,
    &quot;self&quot;: &quot;https://t493319102.eu-latest.cumulocity.com/devicecontrol/operations/17475375&quot;,
    &quot;id&quot;: &quot;17475375&quot;,
    &quot;status&quot;: &quot;PENDING&quot;,
    &quot;description&quot;: &quot;Apply software changes, triggered from PySys: [{'action': 'install', 'id': '5475369', 'name': 'asciijump', 'url': ' ', 'version': '::apt'}, {'action': 'install', 'id': '5474869', 'name': 'robotfindskitten', 'url': ' ', 'version': '::apt'}, {'action': 'install', 'id': '5475279', 'name': 'squirrel3', 'url': ' ', 'version': '::apt'}]&quot;,
    &quot;c8y_SoftwareUpdate&quot;: [
        {
            &quot;name&quot;: &quot;asciijump&quot;,
            &quot;action&quot;: &quot;install&quot;,
            &quot;id&quot;: &quot;5475369&quot;,
            &quot;version&quot;: &quot;::apt&quot;,
            &quot;url&quot;: &quot; &quot;
        },
        {
            &quot;name&quot;: &quot;robotfindskitten&quot;,
            &quot;action&quot;: &quot;install&quot;,
            &quot;id&quot;: &quot;5474869&quot;,
            &quot;version&quot;: &quot;::apt&quot;,
            &quot;url&quot;: &quot; &quot;
        },
        {
            &quot;name&quot;: &quot;squirrel3&quot;,
            &quot;action&quot;: &quot;install&quot;,
            &quot;id&quot;: &quot;5475279&quot;,
            &quot;version&quot;: &quot;::apt&quot;,
            &quot;url&quot;: &quot; &quot;
        }
    ]
}
14:25:42 INFO  Started operation: {'creationTime': '2022-04-19T14:25:42.546Z', 'deviceName': 'mythica', 'deviceId': '17465677', 'self': 'https://t493319102.eu-latest.cumulocity.com/devicecontrol/operations/17475375', 'id': '17475375', 'status': 'PENDING', 'description': &quot;Apply software changes, triggered from PySys: [{'action': 'install', 'id': '5475369', 'name': 'asciijump', 'url': ' ', 'version': '::apt'}, {'action': 'install', 'id': '5474869', 'name': 'robotfindskitten', 'url': ' ', 'version': '::apt'}, {'action': 'install', 'id': '5475279', 'name': 'squirrel3', 'url': ' ', 'version': '::apt'}]&quot;, 'c8y_SoftwareUpdate': [{'name': 'asciijump', 'action': 'install', 'id': '5475369', 'version': '::apt', 'url': ' '}, {'name': 'robotfindskitten', 'action': 'install', 'id': '5474869', 'version': '::apt', 'url': ' '}, {'name': 'squirrel3', 'action': 'install', 'id': '5475279', 'version': '::apt', 'url': ' '}]}
14:25:44 INFO  State of operation 17475375 : PENDING
14:25:47 INFO  State of operation 17475375 : EXECUTING
14:25:49 INFO  State of operation 17475375 : EXECUTING
14:25:51 INFO  State of operation 17475375 : EXECUTING
14:25:53 INFO  State of operation 17475375 : EXECUTING
14:25:55 INFO  State of operation 17475375 : EXECUTING
14:25:58 INFO  State of operation 17475375 : EXECUTING
14:26:01 INFO  State of operation 17475375 : EXECUTING
14:26:03 INFO  State of operation 17475375 : EXECUTING
14:26:06 INFO  State of operation 17475375 : EXECUTING
14:26:08 INFO  State of operation 17475375 : EXECUTING
14:26:11 INFO  State of operation 17475375 : EXECUTING
14:26:13 INFO  State of operation 17475375 : EXECUTING
14:26:15 INFO  State of operation 17475375 : EXECUTING
14:26:17 INFO  State of operation 17475375 : EXECUTING
14:26:20 INFO  State of operation 17475375 : EXECUTING
14:26:22 INFO  State of operation 17475375 : EXECUTING
14:26:24 INFO  State of operation 17475375 : EXECUTING
14:26:27 INFO  State of operation 17475375 : EXECUTING
14:26:29 INFO  State of operation 17475375 : EXECUTING
14:26:31 INFO  State of operation 17475375 : EXECUTING
14:26:34 INFO  State of operation 17475375 : EXECUTING
14:26:36 INFO  State of operation 17475375 : EXECUTING
14:26:39 INFO  State of operation 17475375 : EXECUTING
14:26:41 INFO  State of operation 17475375 : EXECUTING
14:26:43 INFO  State of operation 17475375 : EXECUTING
14:26:46 INFO  State of operation 17475375 : EXECUTING
14:26:48 INFO  State of operation 17475375 : EXECUTING
14:26:50 INFO  State of operation 17475375 : EXECUTING
14:26:52 INFO  State of operation 17475375 : EXECUTING
14:26:55 INFO  State of operation 17475375 : EXECUTING
14:26:57 INFO  State of operation 17475375 : EXECUTING
14:26:59 INFO  State of operation 17475375 : EXECUTING
14:27:01 INFO  State of operation 17475375 : EXECUTING
14:27:04 INFO  State of operation 17475375 : EXECUTING
14:27:06 INFO  State of operation 17475375 : EXECUTING
14:27:08 INFO  State of operation 17475375 : SUCCESSFUL
14:27:08 INFO  Assert that (False == value) with value=False ... passed
14:27:09 INFO  Package asciijump is installed
14:27:09 INFO  Assert that (True == value) with value=True ... passed
14:27:09 INFO  Package squirrel3 is installed
14:27:09 INFO  Assert that (True == value) with value=True ... passed
14:27:09 INFO  Package robotfindskitten is installed
14:27:09 INFO  Assert that (True == value) with value=True ... passed
14:27:09 INFO  Response status: 201
14:27:09 INFO  Response to action: {
    &quot;creationTime&quot;: &quot;2022-04-19T14:27:09.782Z&quot;,
    &quot;deviceName&quot;: &quot;mythica&quot;,
    &quot;deviceId&quot;: &quot;17465677&quot;,
    &quot;self&quot;: &quot;https://t493319102.eu-latest.cumulocity.com/devicecontrol/operations/17475378&quot;,
    &quot;id&quot;: &quot;17475378&quot;,
    &quot;status&quot;: &quot;PENDING&quot;,
    &quot;description&quot;: &quot;Apply software changes, triggered from PySys: [{'action': 'delete', 'id': '5475369', 'name': 'asciijump', 'url': ' ', 'version': '::apt'}, {'action': 'delete', 'id': '5474869', 'name': 'robotfindskitten', 'url': ' ', 'version': '::apt'}, {'action': 'delete', 'id': '5475279', 'name': 'squirrel3', 'url': ' ', 'version': '::apt'}]&quot;,
    &quot;c8y_SoftwareUpdate&quot;: [
        {
            &quot;name&quot;: &quot;asciijump&quot;,
            &quot;action&quot;: &quot;delete&quot;,
            &quot;id&quot;: &quot;5475369&quot;,
            &quot;version&quot;: &quot;::apt&quot;,
            &quot;url&quot;: &quot; &quot;
        },
        {
            &quot;name&quot;: &quot;robotfindskitten&quot;,
            &quot;action&quot;: &quot;delete&quot;,
            &quot;id&quot;: &quot;5474869&quot;,
            &quot;version&quot;: &quot;::apt&quot;,
            &quot;url&quot;: &quot; &quot;
        },
        {
            &quot;name&quot;: &quot;squirrel3&quot;,
            &quot;action&quot;: &quot;delete&quot;,
            &quot;id&quot;: &quot;5475279&quot;,
            &quot;version&quot;: &quot;::apt&quot;,
            &quot;url&quot;: &quot; &quot;
        }
    ]
}
14:27:09 INFO  Started operation: {'creationTime': '2022-04-19T14:27:09.782Z', 'deviceName': 'mythica', 'deviceId': '17465677', 'self': 'https://t493319102.eu-latest.cumulocity.com/devicecontrol/operations/17475378', 'id': '17475378', 'status': 'PENDING', 'description': &quot;Apply software changes, triggered from PySys: [{'action': 'delete', 'id': '5475369', 'name': 'asciijump', 'url': ' ', 'version': '::apt'}, {'action': 'delete', 'id': '5474869', 'name': 'robotfindskitten', 'url': ' ', 'version': '::apt'}, {'action': 'delete', 'id': '5475279', 'name': 'squirrel3', 'url': ' ', 'version': '::apt'}]&quot;, 'c8y_SoftwareUpdate': [{'name': 'asciijump', 'action': 'delete', 'id': '5475369', 'version': '::apt', 'url': ' '}, {'name': 'robotfindskitten', 'action': 'delete', 'id': '5474869', 'version': '::apt', 'url': ' '}, {'name': 'squirrel3', 'action': 'delete', 'id': '5475279', 'version': '::apt', 'url': ' '}]}
14:27:12 INFO  State of operation 17475378 : PENDING
14:27:14 INFO  State of operation 17475378 : EXECUTING
14:27:16 INFO  State of operation 17475378 : EXECUTING
14:27:18 INFO  State of operation 17475378 : EXECUTING
14:27:20 INFO  State of operation 17475378 : EXECUTING
14:27:23 INFO  State of operation 17475378 : EXECUTING
14:27:25 INFO  State of operation 17475378 : EXECUTING
14:27:28 INFO  State of operation 17475378 : EXECUTING
14:27:30 INFO  State of operation 17475378 : EXECUTING
14:27:33 INFO  State of operation 17475378 : EXECUTING
14:27:35 INFO  State of operation 17475378 : EXECUTING
14:27:37 INFO  State of operation 17475378 : EXECUTING
14:27:40 INFO  State of operation 17475378 : EXECUTING
14:27:42 INFO  State of operation 17475378 : EXECUTING
14:27:44 INFO  State of operation 17475378 : EXECUTING
14:27:46 INFO  State of operation 17475378 : EXECUTING
14:27:49 INFO  State of operation 17475378 : EXECUTING
14:27:52 INFO  State of operation 17475378 : EXECUTING
14:27:54 INFO  State of operation 17475378 : EXECUTING
14:27:56 INFO  State of operation 17475378 : EXECUTING
14:27:58 INFO  State of operation 17475378 : EXECUTING
14:28:01 INFO  State of operation 17475378 : EXECUTING
14:28:03 INFO  State of operation 17475378 : EXECUTING
14:28:05 INFO  State of operation 17475378 : EXECUTING
14:28:08 INFO  State of operation 17475378 : EXECUTING
14:28:10 INFO  State of operation 17475378 : EXECUTING
14:28:13 INFO  State of operation 17475378 : EXECUTING
14:28:15 INFO  State of operation 17475378 : EXECUTING
14:28:17 INFO  State of operation 17475378 : SUCCESSFUL
14:28:17 INFO  Assert that (False == value) with value=False ... passed
14:28:18 INFO  Assert that (False == value) with value=False ... passed
14:28:18 INFO  Assert that (False == value) with value=False ... passed
14:28:18 INFO  Assert that (False == value) with value=False ... passed
14:28:18 INFO  
14:28:18 INFO  cleanup:
14:28:22 INFO  Executed sudo&lt;tedge_disconnect_c8y&gt;, exit status 0
14:28:23 INFO  Executed systemctl&lt;serv_mapper5&gt;, exit status 3
14:28:23 INFO  
14:28:23 INFO  Test duration: 187.70 secs
14:28:23 INFO  Test final outcome:  FAILED
14:28:23 INFO  Test outcome reason: Assert that (False == value) with value=True
14:28:23 INFO  
</system-out>
	</testcase>
</testsuite>
