<?xml version="1.0" encoding="utf-8"?>
<testsuite failures="0" name="SoftwareManagement.Plugin.apama_plugin_update" skipped="1" tests="1" time="0.02" timestamp="2022-05-23T10:16:14">
	<testcase classname="ApamaPluginUpdateTest" name="SoftwareManagement.Plugin.apama_plugin_update">
		<skipped message="SKIPPED: Test execution disabled due to #1052"/>
		<system-out>10:16:14 INFO  ==============================================================
10:16:14 INFO  Id:    SoftwareManagement.Plugin.apama_plugin_update
10:16:14 INFO  Dir:   plugin_apama/
10:16:14 INFO  Title: Validate apama plugin updating one project with another
10:16:14 INFO  ==============================================================
10:16:14 INFO  Test execution disabled due to #1052 ... skipped
10:16:14 INFO  
10:16:14 INFO  Test duration: 0.02 secs
10:16:14 INFO  Test final outcome:  SKIPPED
10:16:14 INFO  Test outcome reason: Test execution disabled due to #1052
10:16:14 INFO  
</system-out>
	</testcase>
</testsuite>
