<?xml version="1.0" encoding="utf-8"?>
<testsuite failures="0" name="apt_prepare" skipped="0" tests="1" time="12.57" timestamp="2022-03-15T18:03:39">
	<testcase classname="AptPluginPrepare" name="apt_prepare"/>
</testsuite>
