<?xml version="1.0" encoding="utf-8"?>
<testsuite failures="0" name="apt_finalize" skipped="0" tests="1" time="76.2" timestamp="2022-02-15T15:51:24">
	<testcase classname="AptPluginFinalize" name="apt_finalize"/>
</testsuite>
