<?xml version="1.0" encoding="utf-8"?>
<testsuite failures="1" name="SoftwareManagement.sm_apt_install_remove_multiple" skipped="0" tests="1" time="137.89" timestamp="2022-02-09T11:33:25">
	<testcase classname="PySysTest" name="SoftwareManagement.sm_apt_install_remove_multiple">
		<failure message="FAILED: Assert that (False == value) with value=True" type="FAILED"/>
		<system-out>11:31:08 INFO  ==============================================================
11:31:08 INFO  Id:    SoftwareManagement.sm_apt_install_remove_multiple
11:31:08 INFO  Dir:   software_management_end_to_end/
11:31:08 INFO  Title: Validate end to end behaviour for the apt plugin for multiple packages
11:31:08 DEBUG Execution order hint: 0.0
11:31:08 INFO  ==============================================================
11:31:08 INFO  Using sw id database: {'asciijump': '5475369', 'robotfindskitten': '5474869', 'squirrel3': '5475279', 'rolldice': '5152439', 'moon-buggy': '5439204', 'apple': '5495053', 'banana': '5494888', 'cherry': '5495382', 'watermelon': '5494510', 'registry': '8018911', 'hello-world': '8021526', 'docker/getting-started': '8021973', 'alpine': '7991792'}
11:31:08 DEBUG EnvironmentC8y Setup
11:31:08 INFO  EnvironmentC8y Setup
11:31:08 DEBUG Process parameters for systemctl&lt;serv_mapper1&gt;
  command line : /usr/bin/systemctl status tedge-mapper-c8y
    arg #1     : status
    arg #2     : tedge-mapper-c8y
  working dir  : /home/pi/actions-runner/_work/thin-edge.io/thin-edge.io/tests/PySys/software_management_end_to_end/sm_apt_install_remove_multiple/Output/linux
  stdout       : /home/pi/actions-runner/_work/thin-edge.io/thin-edge.io/tests/PySys/software_management_end_to_end/sm_apt_install_remove_multiple/Output/linux/serv_mapper1.out
  stderr       : /home/pi/actions-runner/_work/thin-edge.io/thin-edge.io/tests/PySys/software_management_end_to_end/sm_apt_install_remove_multiple/Output/linux/serv_mapper1.err
  environment  : LD_LIBRARY_PATH=/usr/lib
  environment  : PATH=/bin:/usr/bin:/usr/sbin:/usr/local/bin
                   #1  /bin
                   #2  /usr/bin
                   #3  /usr/sbin
                   #4  /usr/local/bin
11:31:08 DEBUG Waiting up to 600 secs for process systemctl&lt;serv_mapper1&gt; (pid 28310)
11:31:08 INFO  Executed systemctl&lt;serv_mapper1&gt;, exit status 3
11:31:08 INFO  Restarting mosquitto too frequently in the last 10 seconds. It was only up for 4 seconds
11:31:08 INFO  Delaying execution by 7 seconds
11:31:15 DEBUG Process parameters for sudo&lt;tedge_connect_c8y&gt;
  command line : /usr/bin/sudo /usr/bin/tedge connect c8y
    arg #1     : /usr/bin/tedge
    arg #2     : connect
    arg #3     : c8y
  working dir  : /home/pi/actions-runner/_work/thin-edge.io/thin-edge.io/tests/PySys/software_management_end_to_end/sm_apt_install_remove_multiple/Output/linux
  stdout       : /home/pi/actions-runner/_work/thin-edge.io/thin-edge.io/tests/PySys/software_management_end_to_end/sm_apt_install_remove_multiple/Output/linux/tedge_connect_c8y.out
  stderr       : /home/pi/actions-runner/_work/thin-edge.io/thin-edge.io/tests/PySys/software_management_end_to_end/sm_apt_install_remove_multiple/Output/linux/tedge_connect_c8y.err
  environment  : LD_LIBRARY_PATH=/usr/lib
  environment  : PATH=/bin:/usr/bin:/usr/sbin:/usr/local/bin
                   #1  /bin
                   #2  /usr/bin
                   #3  /usr/sbin
                   #4  /usr/local/bin
11:31:15 DEBUG Waiting up to 600 secs for process sudo&lt;tedge_connect_c8y&gt; (pid 28317)
11:31:26 INFO  Executed sudo&lt;tedge_connect_c8y&gt;, exit status 0, duration 11 secs
11:31:26 DEBUG Process parameters for sudo&lt;tedge_connect_c8y_test&gt;
  command line : /usr/bin/sudo /usr/bin/tedge connect c8y --test
    arg #1     : /usr/bin/tedge
    arg #2     : connect
    arg #3     : c8y
    arg #4     : --test
  working dir  : /home/pi/actions-runner/_work/thin-edge.io/thin-edge.io/tests/PySys/software_management_end_to_end/sm_apt_install_remove_multiple/Output/linux
  stdout       : /home/pi/actions-runner/_work/thin-edge.io/thin-edge.io/tests/PySys/software_management_end_to_end/sm_apt_install_remove_multiple/Output/linux/tedge_connect_c8y_test.out
  stderr       : /home/pi/actions-runner/_work/thin-edge.io/thin-edge.io/tests/PySys/software_management_end_to_end/sm_apt_install_remove_multiple/Output/linux/tedge_connect_c8y_test.err
  environment  : LD_LIBRARY_PATH=/usr/lib
  environment  : PATH=/bin:/usr/bin:/usr/sbin:/usr/local/bin
                   #1  /bin
                   #2  /usr/bin
                   #3  /usr/sbin
                   #4  /usr/local/bin
11:31:26 DEBUG Waiting up to 600 secs for process sudo&lt;tedge_connect_c8y_test&gt; (pid 28473)
11:31:27 INFO  Executed sudo&lt;tedge_connect_c8y_test&gt;, exit status 0
11:31:27 DEBUG Process parameters for systemctl&lt;serv_mosq2&gt;
  command line : /usr/bin/systemctl status mosquitto
    arg #1     : status
    arg #2     : mosquitto
  working dir  : /home/pi/actions-runner/_work/thin-edge.io/thin-edge.io/tests/PySys/software_management_end_to_end/sm_apt_install_remove_multiple/Output/linux
  stdout       : /home/pi/actions-runner/_work/thin-edge.io/thin-edge.io/tests/PySys/software_management_end_to_end/sm_apt_install_remove_multiple/Output/linux/serv_mosq2.out
  stderr       : /home/pi/actions-runner/_work/thin-edge.io/thin-edge.io/tests/PySys/software_management_end_to_end/sm_apt_install_remove_multiple/Output/linux/serv_mosq2.err
  environment  : LD_LIBRARY_PATH=/usr/lib
  environment  : PATH=/bin:/usr/bin:/usr/sbin:/usr/local/bin
                   #1  /bin
                   #2  /usr/bin
                   #3  /usr/sbin
                   #4  /usr/local/bin
11:31:27 DEBUG Waiting up to 600 secs for process systemctl&lt;serv_mosq2&gt; (pid 28478)
11:31:27 INFO  Executed systemctl&lt;serv_mosq2&gt;, exit status 0
11:31:27 DEBUG Process parameters for systemctl&lt;serv_mapper3&gt;
  command line : /usr/bin/systemctl status tedge-mapper-c8y
    arg #1     : status
    arg #2     : tedge-mapper-c8y
  working dir  : /home/pi/actions-runner/_work/thin-edge.io/thin-edge.io/tests/PySys/software_management_end_to_end/sm_apt_install_remove_multiple/Output/linux
  stdout       : /home/pi/actions-runner/_work/thin-edge.io/thin-edge.io/tests/PySys/software_management_end_to_end/sm_apt_install_remove_multiple/Output/linux/serv_mapper3.out
  stderr       : /home/pi/actions-runner/_work/thin-edge.io/thin-edge.io/tests/PySys/software_management_end_to_end/sm_apt_install_remove_multiple/Output/linux/serv_mapper3.err
  environment  : LD_LIBRARY_PATH=/usr/lib
  environment  : PATH=/bin:/usr/bin:/usr/sbin:/usr/local/bin
                   #1  /bin
                   #2  /usr/bin
                   #3  /usr/sbin
                   #4  /usr/local/bin
11:31:27 DEBUG Waiting up to 600 secs for process systemctl&lt;serv_mapper3&gt; (pid 28479)
11:31:27 INFO  Executed systemctl&lt;serv_mapper3&gt;, exit status 0
11:31:30 DEBUG Final URL of the request: https://thin-edge-io.eu-latest.cumulocity.com/devicecontrol/operations?deviceId=13985977&amp;pageSize=1&amp;revert=true&amp;dateFrom=1970-01-01T00%3A00%3A00.000Z
11:31:30 INFO  State of current operation: SUCCESSFUL
11:31:30 INFO  Assert that (False == value) with value=False ... passed
11:31:30 INFO  Package asciijump is installed
11:31:30 WARN  Assert that (False == value) with value=True ... failed 
11:31:30 INFO  Assert that (False == value) with value=False ... passed
11:31:30 INFO  Assert that (False == value) with value=False ... passed
11:31:30 DEBUG --- test execute
11:31:30 INFO  Response status: 201
11:31:30 INFO  Response to action: {
    &quot;creationTime&quot;: &quot;2022-02-09T11:31:30.842Z&quot;,
    &quot;deviceId&quot;: &quot;13985977&quot;,
    &quot;deviceName&quot;: &quot;offsitec&quot;,
    &quot;self&quot;: &quot;https://t493319102.eu-latest.cumulocity.com/devicecontrol/operations/14005298&quot;,
    &quot;id&quot;: &quot;14005298&quot;,
    &quot;status&quot;: &quot;PENDING&quot;,
    &quot;description&quot;: &quot;Apply software changes, triggered from PySys: [{'action': 'install', 'id': '5475369', 'name': 'asciijump', 'url': ' ', 'version': '::apt'}, {'action': 'install', 'id': '5474869', 'name': 'robotfindskitten', 'url': ' ', 'version': '::apt'}, {'action': 'install', 'id': '5475279', 'name': 'squirrel3', 'url': ' ', 'version': '::apt'}]&quot;,
    &quot;c8y_SoftwareUpdate&quot;: [
        {
            &quot;name&quot;: &quot;asciijump&quot;,
            &quot;action&quot;: &quot;install&quot;,
            &quot;id&quot;: &quot;5475369&quot;,
            &quot;version&quot;: &quot;::apt&quot;,
            &quot;url&quot;: &quot; &quot;
        },
        {
            &quot;name&quot;: &quot;robotfindskitten&quot;,
            &quot;action&quot;: &quot;install&quot;,
            &quot;id&quot;: &quot;5474869&quot;,
            &quot;version&quot;: &quot;::apt&quot;,
            &quot;url&quot;: &quot; &quot;
        },
        {
            &quot;name&quot;: &quot;squirrel3&quot;,
            &quot;action&quot;: &quot;install&quot;,
            &quot;id&quot;: &quot;5475279&quot;,
            &quot;version&quot;: &quot;::apt&quot;,
            &quot;url&quot;: &quot; &quot;
        }
    ]
}
11:31:30 INFO  Started operation: {'creationTime': '2022-02-09T11:31:30.842Z', 'deviceId': '13985977', 'deviceName': 'offsitec', 'self': 'https://t493319102.eu-latest.cumulocity.com/devicecontrol/operations/14005298', 'id': '14005298', 'status': 'PENDING', 'description': &quot;Apply software changes, triggered from PySys: [{'action': 'install', 'id': '5475369', 'name': 'asciijump', 'url': ' ', 'version': '::apt'}, {'action': 'install', 'id': '5474869', 'name': 'robotfindskitten', 'url': ' ', 'version': '::apt'}, {'action': 'install', 'id': '5475279', 'name': 'squirrel3', 'url': ' ', 'version': '::apt'}]&quot;, 'c8y_SoftwareUpdate': [{'name': 'asciijump', 'action': 'install', 'id': '5475369', 'version': '::apt', 'url': ' '}, {'name': 'robotfindskitten', 'action': 'install', 'id': '5474869', 'version': '::apt', 'url': ' '}, {'name': 'squirrel3', 'action': 'install', 'id': '5475279', 'version': '::apt', 'url': ' '}]}
11:31:33 INFO  State of operation 14005298 : EXECUTING
11:31:35 INFO  State of operation 14005298 : EXECUTING
11:31:37 INFO  State of operation 14005298 : EXECUTING
11:31:40 INFO  State of operation 14005298 : EXECUTING
11:31:42 INFO  State of operation 14005298 : EXECUTING
11:31:45 INFO  State of operation 14005298 : EXECUTING
11:31:47 INFO  State of operation 14005298 : EXECUTING
11:31:49 INFO  State of operation 14005298 : EXECUTING
11:31:51 INFO  State of operation 14005298 : EXECUTING
11:31:54 INFO  State of operation 14005298 : EXECUTING
11:31:56 INFO  State of operation 14005298 : EXECUTING
11:31:58 INFO  State of operation 14005298 : EXECUTING
11:32:00 INFO  State of operation 14005298 : EXECUTING
11:32:02 INFO  State of operation 14005298 : EXECUTING
11:32:05 INFO  State of operation 14005298 : EXECUTING
11:32:07 INFO  State of operation 14005298 : EXECUTING
11:32:10 INFO  State of operation 14005298 : EXECUTING
11:32:12 INFO  State of operation 14005298 : EXECUTING
11:32:14 INFO  State of operation 14005298 : EXECUTING
11:32:16 INFO  State of operation 14005298 : EXECUTING
11:32:19 INFO  State of operation 14005298 : EXECUTING
11:32:21 INFO  State of operation 14005298 : EXECUTING
11:32:23 INFO  State of operation 14005298 : EXECUTING
11:32:26 INFO  State of operation 14005298 : EXECUTING
11:32:28 INFO  State of operation 14005298 : EXECUTING
11:32:30 INFO  State of operation 14005298 : SUCCESSFUL
11:32:30 INFO  Assert that (False == value) with value=False ... passed
11:32:30 INFO  Package asciijump is installed
11:32:30 INFO  Assert that (True == value) with value=True ... passed
11:32:31 INFO  Package squirrel3 is installed
11:32:31 INFO  Assert that (True == value) with value=True ... passed
11:32:31 INFO  Package robotfindskitten is installed
11:32:31 INFO  Assert that (True == value) with value=True ... passed
11:32:31 INFO  Response status: 201
11:32:31 INFO  Response to action: {
    &quot;creationTime&quot;: &quot;2022-02-09T11:32:31.353Z&quot;,
    &quot;deviceId&quot;: &quot;13985977&quot;,
    &quot;deviceName&quot;: &quot;offsitec&quot;,
    &quot;self&quot;: &quot;https://t493319102.eu-latest.cumulocity.com/devicecontrol/operations/14005308&quot;,
    &quot;id&quot;: &quot;14005308&quot;,
    &quot;status&quot;: &quot;PENDING&quot;,
    &quot;description&quot;: &quot;Apply software changes, triggered from PySys: [{'action': 'delete', 'id': '5475369', 'name': 'asciijump', 'url': ' ', 'version': '::apt'}, {'action': 'delete', 'id': '5474869', 'name': 'robotfindskitten', 'url': ' ', 'version': '::apt'}, {'action': 'delete', 'id': '5475279', 'name': 'squirrel3', 'url': ' ', 'version': '::apt'}]&quot;,
    &quot;c8y_SoftwareUpdate&quot;: [
        {
            &quot;name&quot;: &quot;asciijump&quot;,
            &quot;action&quot;: &quot;delete&quot;,
            &quot;id&quot;: &quot;5475369&quot;,
            &quot;version&quot;: &quot;::apt&quot;,
            &quot;url&quot;: &quot; &quot;
        },
        {
            &quot;name&quot;: &quot;robotfindskitten&quot;,
            &quot;action&quot;: &quot;delete&quot;,
            &quot;id&quot;: &quot;5474869&quot;,
            &quot;version&quot;: &quot;::apt&quot;,
            &quot;url&quot;: &quot; &quot;
        },
        {
            &quot;name&quot;: &quot;squirrel3&quot;,
            &quot;action&quot;: &quot;delete&quot;,
            &quot;id&quot;: &quot;5475279&quot;,
            &quot;version&quot;: &quot;::apt&quot;,
            &quot;url&quot;: &quot; &quot;
        }
    ]
}
11:32:31 INFO  Started operation: {'creationTime': '2022-02-09T11:32:31.353Z', 'deviceId': '13985977', 'deviceName': 'offsitec', 'self': 'https://t493319102.eu-latest.cumulocity.com/devicecontrol/operations/14005308', 'id': '14005308', 'status': 'PENDING', 'description': &quot;Apply software changes, triggered from PySys: [{'action': 'delete', 'id': '5475369', 'name': 'asciijump', 'url': ' ', 'version': '::apt'}, {'action': 'delete', 'id': '5474869', 'name': 'robotfindskitten', 'url': ' ', 'version': '::apt'}, {'action': 'delete', 'id': '5475279', 'name': 'squirrel3', 'url': ' ', 'version': '::apt'}]&quot;, 'c8y_SoftwareUpdate': [{'name': 'asciijump', 'action': 'delete', 'id': '5475369', 'version': '::apt', 'url': ' '}, {'name': 'robotfindskitten', 'action': 'delete', 'id': '5474869', 'version': '::apt', 'url': ' '}, {'name': 'squirrel3', 'action': 'delete', 'id': '5475279', 'version': '::apt', 'url': ' '}]}
11:32:33 INFO  State of operation 14005308 : EXECUTING
11:32:35 INFO  State of operation 14005308 : EXECUTING
11:32:37 INFO  State of operation 14005308 : EXECUTING
11:32:40 INFO  State of operation 14005308 : EXECUTING
11:32:43 INFO  State of operation 14005308 : EXECUTING
11:32:45 INFO  State of operation 14005308 : EXECUTING
11:32:48 INFO  State of operation 14005308 : EXECUTING
11:32:50 INFO  State of operation 14005308 : EXECUTING
11:32:52 INFO  State of operation 14005308 : EXECUTING
11:32:54 INFO  State of operation 14005308 : EXECUTING
11:32:56 INFO  State of operation 14005308 : EXECUTING
11:32:59 INFO  State of operation 14005308 : EXECUTING
11:33:01 INFO  State of operation 14005308 : EXECUTING
11:33:03 INFO  State of operation 14005308 : EXECUTING
11:33:06 INFO  State of operation 14005308 : EXECUTING
11:33:08 INFO  State of operation 14005308 : EXECUTING
11:33:10 INFO  State of operation 14005308 : EXECUTING
11:33:12 INFO  State of operation 14005308 : EXECUTING
11:33:15 INFO  State of operation 14005308 : EXECUTING
11:33:17 INFO  State of operation 14005308 : EXECUTING
11:33:19 INFO  State of operation 14005308 : EXECUTING
11:33:21 INFO  State of operation 14005308 : SUCCESSFUL
11:33:21 DEBUG --- test validate
11:33:21 INFO  Assert that (False == value) with value=False ... passed
11:33:21 INFO  Assert that (False == value) with value=False ... passed
11:33:22 INFO  Assert that (False == value) with value=False ... passed
11:33:22 INFO  Assert that (False == value) with value=False ... passed
11:33:22 DEBUG --- test cleanup
11:33:22 INFO  
11:33:22 INFO  cleanup:
11:33:22 DEBUG Running registered cleanup function: &lt;bound method SoftwareManagement.mysmcleanup of &lt;PySysTest object at 0x75da9c50&gt;&gt;
11:33:22 DEBUG Running registered cleanup function: &lt;bound method EnvironmentC8y.myenvcleanup of &lt;PySysTest object at 0x75da9c50&gt;&gt;
11:33:22 DEBUG EnvironmentC8y Cleanup
11:33:22 DEBUG Process parameters for sudo&lt;tedge_disconnect_c8y&gt;
  command line : /usr/bin/sudo /usr/bin/tedge disconnect c8y
    arg #1     : /usr/bin/tedge
    arg #2     : disconnect
    arg #3     : c8y
  working dir  : /home/pi/actions-runner/_work/thin-edge.io/thin-edge.io/tests/PySys/software_management_end_to_end/sm_apt_install_remove_multiple/Output/linux
  stdout       : /home/pi/actions-runner/_work/thin-edge.io/thin-edge.io/tests/PySys/software_management_end_to_end/sm_apt_install_remove_multiple/Output/linux/tedge_disconnect_c8y.out
  stderr       : /home/pi/actions-runner/_work/thin-edge.io/thin-edge.io/tests/PySys/software_management_end_to_end/sm_apt_install_remove_multiple/Output/linux/tedge_disconnect_c8y.err
  environment  : LD_LIBRARY_PATH=/usr/lib
  environment  : PATH=/bin:/usr/bin:/usr/sbin:/usr/local/bin
                   #1  /bin
                   #2  /usr/bin
                   #3  /usr/sbin
                   #4  /usr/local/bin
11:33:22 DEBUG Waiting up to 600 secs for process sudo&lt;tedge_disconnect_c8y&gt; (pid 29176)
11:33:25 INFO  Executed sudo&lt;tedge_disconnect_c8y&gt;, exit status 0
11:33:25 DEBUG Process parameters for systemctl&lt;serv_mapper5&gt;
  command line : /usr/bin/systemctl status tedge-mapper-c8y
    arg #1     : status
    arg #2     : tedge-mapper-c8y
  working dir  : /home/pi/actions-runner/_work/thin-edge.io/thin-edge.io/tests/PySys/software_management_end_to_end/sm_apt_install_remove_multiple/Output/linux
  stdout       : /home/pi/actions-runner/_work/thin-edge.io/thin-edge.io/tests/PySys/software_management_end_to_end/sm_apt_install_remove_multiple/Output/linux/serv_mapper5.out
  stderr       : /home/pi/actions-runner/_work/thin-edge.io/thin-edge.io/tests/PySys/software_management_end_to_end/sm_apt_install_remove_multiple/Output/linux/serv_mapper5.err
  environment  : LD_LIBRARY_PATH=/usr/lib
  environment  : PATH=/bin:/usr/bin:/usr/sbin:/usr/local/bin
                   #1  /bin
                   #2  /usr/bin
                   #3  /usr/sbin
                   #4  /usr/local/bin
11:33:25 DEBUG Waiting up to 600 secs for process systemctl&lt;serv_mapper5&gt; (pid 29237)
11:33:25 INFO  Executed systemctl&lt;serv_mapper5&gt;, exit status 3
11:33:25 DEBUG ProcessUser cleanup function done.
11:33:25 INFO  
11:33:25 INFO  Test duration: 137.89 secs
11:33:25 INFO  Test final outcome:  FAILED
11:33:25 INFO  Test outcome reason: Assert that (False == value) with value=True
11:33:25 INFO  
</system-out>
	</testcase>
</testsuite>
