<?xml version="1.0" encoding="utf-8"?>
<testsuite failures="0" name="apt_install_fail" skipped="0" tests="1" time="7.71" timestamp="2022-02-24T13:50:53">
	<testcase classname="AptPluginInstallFail" name="apt_install_fail"/>
</testsuite>
