<?xml version="1.0" encoding="utf-8"?>
<testsuite failures="0" name="apt_remove" skipped="0" tests="1" time="52.51" timestamp="2022-04-04T08:42:15">
	<testcase classname="AptPluginRemoveDense" name="apt_remove"/>
</testsuite>
