<?xml version="1.0" encoding="utf-8"?>
<testsuite failures="0" name="apt_install" skipped="0" tests="1" time="46.29" timestamp="2022-03-02T08:57:44">
	<testcase classname="AptPluginInstallDense" name="apt_install"/>
</testsuite>
