<?xml version="1.0" encoding="utf-8"?>
<testsuite failures="0" name="apt_fail_noarg" skipped="0" tests="1" time="3.66" timestamp="2022-03-22T14:02:26">
	<testcase classname="AptPluginFailNoArg" name="apt_fail_noarg"/>
</testsuite>
