<?xml version="1.0" encoding="utf-8"?>
<testsuite failures="1" name="SoftwareManagement.sm_apt_install_remove_default" skipped="0" tests="1" time="106.87" timestamp="2022-02-09T11:31:08">
	<testcase classname="PySysTest" name="SoftwareManagement.sm_apt_install_remove_default">
		<failure message="FAILED: Assert that (False == value) with value=True" type="FAILED"/>
		<system-out>11:29:21 INFO  ==============================================================
11:29:21 INFO  Id:    SoftwareManagement.sm_apt_install_remove_default
11:29:21 INFO  Dir:   software_management_end_to_end/
11:29:21 INFO  Title: Validate end to end behaviour for the default plugin for installation and removal of packages
11:29:21 DEBUG Execution order hint: 0.0
11:29:21 INFO  ==============================================================
11:29:21 INFO  Using sw id database: {'asciijump': '5475369', 'robotfindskitten': '5474869', 'squirrel3': '5475279', 'rolldice': '5152439', 'moon-buggy': '5439204', 'apple': '5495053', 'banana': '5494888', 'cherry': '5495382', 'watermelon': '5494510', 'registry': '8018911', 'hello-world': '8021526', 'docker/getting-started': '8021973', 'alpine': '7991792'}
11:29:21 DEBUG EnvironmentC8y Setup
11:29:21 INFO  EnvironmentC8y Setup
11:29:21 DEBUG Process parameters for systemctl&lt;serv_mapper1&gt;
  command line : /usr/bin/systemctl status tedge-mapper-c8y
    arg #1     : status
    arg #2     : tedge-mapper-c8y
  working dir  : /home/pi/actions-runner/_work/thin-edge.io/thin-edge.io/tests/PySys/software_management_end_to_end/sm_apt_install_remove_default/Output/linux
  stdout       : /home/pi/actions-runner/_work/thin-edge.io/thin-edge.io/tests/PySys/software_management_end_to_end/sm_apt_install_remove_default/Output/linux/serv_mapper1.out
  stderr       : /home/pi/actions-runner/_work/thin-edge.io/thin-edge.io/tests/PySys/software_management_end_to_end/sm_apt_install_remove_default/Output/linux/serv_mapper1.err
  environment  : LD_LIBRARY_PATH=/usr/lib
  environment  : PATH=/bin:/usr/bin:/usr/sbin:/usr/local/bin
                   #1  /bin
                   #2  /usr/bin
                   #3  /usr/sbin
                   #4  /usr/local/bin
11:29:21 DEBUG Waiting up to 600 secs for process systemctl&lt;serv_mapper1&gt; (pid 27697)
11:29:21 INFO  Executed systemctl&lt;serv_mapper1&gt;, exit status 3
11:29:21 INFO  Restarting mosquitto too frequently in the last 10 seconds. It was only up for 4 seconds
11:29:21 INFO  Delaying execution by 7 seconds
11:29:28 DEBUG Process parameters for sudo&lt;tedge_connect_c8y&gt;
  command line : /usr/bin/sudo /usr/bin/tedge connect c8y
    arg #1     : /usr/bin/tedge
    arg #2     : connect
    arg #3     : c8y
  working dir  : /home/pi/actions-runner/_work/thin-edge.io/thin-edge.io/tests/PySys/software_management_end_to_end/sm_apt_install_remove_default/Output/linux
  stdout       : /home/pi/actions-runner/_work/thin-edge.io/thin-edge.io/tests/PySys/software_management_end_to_end/sm_apt_install_remove_default/Output/linux/tedge_connect_c8y.out
  stderr       : /home/pi/actions-runner/_work/thin-edge.io/thin-edge.io/tests/PySys/software_management_end_to_end/sm_apt_install_remove_default/Output/linux/tedge_connect_c8y.err
  environment  : LD_LIBRARY_PATH=/usr/lib
  environment  : PATH=/bin:/usr/bin:/usr/sbin:/usr/local/bin
                   #1  /bin
                   #2  /usr/bin
                   #3  /usr/sbin
                   #4  /usr/local/bin
11:29:28 DEBUG Waiting up to 600 secs for process sudo&lt;tedge_connect_c8y&gt; (pid 27704)
11:29:39 INFO  Executed sudo&lt;tedge_connect_c8y&gt;, exit status 0, duration 11 secs
11:29:39 DEBUG Process parameters for sudo&lt;tedge_connect_c8y_test&gt;
  command line : /usr/bin/sudo /usr/bin/tedge connect c8y --test
    arg #1     : /usr/bin/tedge
    arg #2     : connect
    arg #3     : c8y
    arg #4     : --test
  working dir  : /home/pi/actions-runner/_work/thin-edge.io/thin-edge.io/tests/PySys/software_management_end_to_end/sm_apt_install_remove_default/Output/linux
  stdout       : /home/pi/actions-runner/_work/thin-edge.io/thin-edge.io/tests/PySys/software_management_end_to_end/sm_apt_install_remove_default/Output/linux/tedge_connect_c8y_test.out
  stderr       : /home/pi/actions-runner/_work/thin-edge.io/thin-edge.io/tests/PySys/software_management_end_to_end/sm_apt_install_remove_default/Output/linux/tedge_connect_c8y_test.err
  environment  : LD_LIBRARY_PATH=/usr/lib
  environment  : PATH=/bin:/usr/bin:/usr/sbin:/usr/local/bin
                   #1  /bin
                   #2  /usr/bin
                   #3  /usr/sbin
                   #4  /usr/local/bin
11:29:39 DEBUG Waiting up to 600 secs for process sudo&lt;tedge_connect_c8y_test&gt; (pid 27854)
11:29:40 INFO  Executed sudo&lt;tedge_connect_c8y_test&gt;, exit status 0
11:29:40 DEBUG Process parameters for systemctl&lt;serv_mosq2&gt;
  command line : /usr/bin/systemctl status mosquitto
    arg #1     : status
    arg #2     : mosquitto
  working dir  : /home/pi/actions-runner/_work/thin-edge.io/thin-edge.io/tests/PySys/software_management_end_to_end/sm_apt_install_remove_default/Output/linux
  stdout       : /home/pi/actions-runner/_work/thin-edge.io/thin-edge.io/tests/PySys/software_management_end_to_end/sm_apt_install_remove_default/Output/linux/serv_mosq2.out
  stderr       : /home/pi/actions-runner/_work/thin-edge.io/thin-edge.io/tests/PySys/software_management_end_to_end/sm_apt_install_remove_default/Output/linux/serv_mosq2.err
  environment  : LD_LIBRARY_PATH=/usr/lib
  environment  : PATH=/bin:/usr/bin:/usr/sbin:/usr/local/bin
                   #1  /bin
                   #2  /usr/bin
                   #3  /usr/sbin
                   #4  /usr/local/bin
11:29:40 DEBUG Waiting up to 600 secs for process systemctl&lt;serv_mosq2&gt; (pid 27862)
11:29:40 INFO  Executed systemctl&lt;serv_mosq2&gt;, exit status 0
11:29:40 DEBUG Process parameters for systemctl&lt;serv_mapper3&gt;
  command line : /usr/bin/systemctl status tedge-mapper-c8y
    arg #1     : status
    arg #2     : tedge-mapper-c8y
  working dir  : /home/pi/actions-runner/_work/thin-edge.io/thin-edge.io/tests/PySys/software_management_end_to_end/sm_apt_install_remove_default/Output/linux
  stdout       : /home/pi/actions-runner/_work/thin-edge.io/thin-edge.io/tests/PySys/software_management_end_to_end/sm_apt_install_remove_default/Output/linux/serv_mapper3.out
  stderr       : /home/pi/actions-runner/_work/thin-edge.io/thin-edge.io/tests/PySys/software_management_end_to_end/sm_apt_install_remove_default/Output/linux/serv_mapper3.err
  environment  : LD_LIBRARY_PATH=/usr/lib
  environment  : PATH=/bin:/usr/bin:/usr/sbin:/usr/local/bin
                   #1  /bin
                   #2  /usr/bin
                   #3  /usr/sbin
                   #4  /usr/local/bin
11:29:40 DEBUG Waiting up to 600 secs for process systemctl&lt;serv_mapper3&gt; (pid 27863)
11:29:40 INFO  Executed systemctl&lt;serv_mapper3&gt;, exit status 0
11:29:42 DEBUG Final URL of the request: https://thin-edge-io.eu-latest.cumulocity.com/devicecontrol/operations?deviceId=13985977&amp;pageSize=1&amp;revert=true&amp;dateFrom=1970-01-01T00%3A00%3A00.000Z
11:29:42 INFO  State of current operation: FAILED
11:29:42 DEBUG Final URL of the request: https://thin-edge-io.eu-latest.cumulocity.com/devicecontrol/operations?deviceId=13985977&amp;pageSize=1&amp;revert=true&amp;dateFrom=1970-01-01T00%3A00%3A00.000Z
11:29:42 DEBUG State of current operation: {
    &quot;delivery&quot;: {
        &quot;time&quot;: &quot;2022-02-09T11:28:25.978Z&quot;,
        &quot;log&quot;: [
            {
                &quot;time&quot;: &quot;2022-02-09T11:28:25.926Z&quot;,
                &quot;status&quot;: &quot;PENDING&quot;
            },
            {
                &quot;time&quot;: &quot;2022-02-09T11:28:25.942Z&quot;,
                &quot;status&quot;: &quot;SEND&quot;
            }
        ],
        &quot;status&quot;: &quot;DELIVERED&quot;
    },
    &quot;creationTime&quot;: &quot;2022-02-09T11:28:25.907Z&quot;,
    &quot;deviceId&quot;: &quot;13985977&quot;,
    &quot;deviceName&quot;: &quot;offsitec&quot;,
    &quot;failureReason&quot;: &quot;1 error, see device log file /var/log/tedge/agent/software-update-2022-02-09T11:28:27Z.log&quot;,
    &quot;self&quot;: &quot;https://t493319102.eu-latest.cumulocity.com/devicecontrol/operations/14005264&quot;,
    &quot;id&quot;: &quot;14005264&quot;,
    &quot;status&quot;: &quot;FAILED&quot;,
    &quot;description&quot;: &quot;Apply software changes, triggered from PySys: [{'name': 'does_not_exist', 'id': '5446165', 'version': '::apt', 'url': '', 'action': 'install'}]&quot;,
    &quot;c8y_SoftwareUpdate&quot;: [
        {
            &quot;name&quot;: &quot;does_not_exist&quot;,
            &quot;action&quot;: &quot;install&quot;,
            &quot;id&quot;: &quot;5446165&quot;,
            &quot;version&quot;: &quot;::apt&quot;,
            &quot;url&quot;: &quot;&quot;
        }
    ]
}
11:29:43 INFO  Package rolldice is installed
11:29:43 WARN  Assert that (False == value) with value=True ... failed 
11:29:43 DEBUG --- test execute
11:29:43 INFO  Response status: 201
11:29:43 INFO  Response to action: {
    &quot;creationTime&quot;: &quot;2022-02-09T11:29:43.305Z&quot;,
    &quot;deviceId&quot;: &quot;13985977&quot;,
    &quot;deviceName&quot;: &quot;offsitec&quot;,
    &quot;self&quot;: &quot;https://t493319102.eu-latest.cumulocity.com/devicecontrol/operations/14005282&quot;,
    &quot;id&quot;: &quot;14005282&quot;,
    &quot;status&quot;: &quot;PENDING&quot;,
    &quot;description&quot;: &quot;Apply software changes, triggered from PySys: [{'name': 'rolldice', 'id': '5152439', 'version': ' ', 'url': '', 'action': 'install'}]&quot;,
    &quot;c8y_SoftwareUpdate&quot;: [
        {
            &quot;name&quot;: &quot;rolldice&quot;,
            &quot;action&quot;: &quot;install&quot;,
            &quot;id&quot;: &quot;5152439&quot;,
            &quot;version&quot;: &quot; &quot;,
            &quot;url&quot;: &quot;&quot;
        }
    ]
}
11:29:43 INFO  Started operation: {'creationTime': '2022-02-09T11:29:43.305Z', 'deviceId': '13985977', 'deviceName': 'offsitec', 'self': 'https://t493319102.eu-latest.cumulocity.com/devicecontrol/operations/14005282', 'id': '14005282', 'status': 'PENDING', 'description': &quot;Apply software changes, triggered from PySys: [{'name': 'rolldice', 'id': '5152439', 'version': ' ', 'url': '', 'action': 'install'}]&quot;, 'c8y_SoftwareUpdate': [{'name': 'rolldice', 'action': 'install', 'id': '5152439', 'version': ' ', 'url': ''}]}
11:29:45 INFO  State of operation 14005282 : EXECUTING
11:29:47 INFO  State of operation 14005282 : EXECUTING
11:29:49 INFO  State of operation 14005282 : EXECUTING
11:29:52 INFO  State of operation 14005282 : EXECUTING
11:29:54 INFO  State of operation 14005282 : EXECUTING
11:29:56 INFO  State of operation 14005282 : EXECUTING
11:29:59 INFO  State of operation 14005282 : EXECUTING
11:30:01 INFO  State of operation 14005282 : EXECUTING
11:30:03 INFO  State of operation 14005282 : EXECUTING
11:30:05 INFO  State of operation 14005282 : EXECUTING
11:30:07 INFO  State of operation 14005282 : SUCCESSFUL
11:30:07 INFO  Package rolldice is installed
11:30:07 INFO  Assert that (True == value) with value=True ... passed
11:30:08 INFO  Response status: 201
11:30:08 INFO  Response to action: {
    &quot;creationTime&quot;: &quot;2022-02-09T11:30:08.092Z&quot;,
    &quot;deviceId&quot;: &quot;13985977&quot;,
    &quot;deviceName&quot;: &quot;offsitec&quot;,
    &quot;self&quot;: &quot;https://t493319102.eu-latest.cumulocity.com/devicecontrol/operations/14005286&quot;,
    &quot;id&quot;: &quot;14005286&quot;,
    &quot;status&quot;: &quot;PENDING&quot;,
    &quot;description&quot;: &quot;Apply software changes, triggered from PySys: [{'name': 'rolldice', 'id': '5152439', 'version': ' ', 'url': '', 'action': 'delete'}]&quot;,
    &quot;c8y_SoftwareUpdate&quot;: [
        {
            &quot;name&quot;: &quot;rolldice&quot;,
            &quot;action&quot;: &quot;delete&quot;,
            &quot;id&quot;: &quot;5152439&quot;,
            &quot;version&quot;: &quot; &quot;,
            &quot;url&quot;: &quot;&quot;
        }
    ]
}
11:30:08 INFO  Started operation: {'creationTime': '2022-02-09T11:30:08.092Z', 'deviceId': '13985977', 'deviceName': 'offsitec', 'self': 'https://t493319102.eu-latest.cumulocity.com/devicecontrol/operations/14005286', 'id': '14005286', 'status': 'PENDING', 'description': &quot;Apply software changes, triggered from PySys: [{'name': 'rolldice', 'id': '5152439', 'version': ' ', 'url': '', 'action': 'delete'}]&quot;, 'c8y_SoftwareUpdate': [{'name': 'rolldice', 'action': 'delete', 'id': '5152439', 'version': ' ', 'url': ''}]}
11:30:10 INFO  State of operation 14005286 : EXECUTING
11:30:12 INFO  State of operation 14005286 : EXECUTING
11:30:14 INFO  State of operation 14005286 : EXECUTING
11:30:17 INFO  State of operation 14005286 : EXECUTING
11:30:19 INFO  State of operation 14005286 : EXECUTING
11:30:21 INFO  State of operation 14005286 : EXECUTING
11:30:24 INFO  State of operation 14005286 : EXECUTING
11:30:26 INFO  State of operation 14005286 : EXECUTING
11:30:28 INFO  State of operation 14005286 : EXECUTING
11:30:30 INFO  State of operation 14005286 : EXECUTING
11:30:32 INFO  State of operation 14005286 : EXECUTING
11:30:35 INFO  State of operation 14005286 : EXECUTING
11:30:37 INFO  State of operation 14005286 : EXECUTING
11:30:39 INFO  State of operation 14005286 : EXECUTING
11:30:41 INFO  State of operation 14005286 : EXECUTING
11:30:44 INFO  State of operation 14005286 : EXECUTING
11:30:46 INFO  State of operation 14005286 : EXECUTING
11:30:48 INFO  State of operation 14005286 : EXECUTING
11:30:50 INFO  State of operation 14005286 : EXECUTING
11:30:53 INFO  State of operation 14005286 : EXECUTING
11:30:55 INFO  State of operation 14005286 : EXECUTING
11:30:57 INFO  State of operation 14005286 : EXECUTING
11:30:59 INFO  State of operation 14005286 : EXECUTING
11:31:02 INFO  State of operation 14005286 : EXECUTING
11:31:04 INFO  State of operation 14005286 : SUCCESSFUL
11:31:04 DEBUG --- test validate
11:31:04 INFO  Assert that (False == value) with value=False ... passed
11:31:04 DEBUG --- test cleanup
11:31:04 INFO  
11:31:04 INFO  cleanup:
11:31:04 DEBUG Running registered cleanup function: &lt;bound method SoftwareManagement.mysmcleanup of &lt;PySysTest object at 0x75c6cfd0&gt;&gt;
11:31:04 DEBUG Running registered cleanup function: &lt;bound method EnvironmentC8y.myenvcleanup of &lt;PySysTest object at 0x75c6cfd0&gt;&gt;
11:31:04 DEBUG EnvironmentC8y Cleanup
11:31:04 DEBUG Process parameters for sudo&lt;tedge_disconnect_c8y&gt;
  command line : /usr/bin/sudo /usr/bin/tedge disconnect c8y
    arg #1     : /usr/bin/tedge
    arg #2     : disconnect
    arg #3     : c8y
  working dir  : /home/pi/actions-runner/_work/thin-edge.io/thin-edge.io/tests/PySys/software_management_end_to_end/sm_apt_install_remove_default/Output/linux
  stdout       : /home/pi/actions-runner/_work/thin-edge.io/thin-edge.io/tests/PySys/software_management_end_to_end/sm_apt_install_remove_default/Output/linux/tedge_disconnect_c8y.out
  stderr       : /home/pi/actions-runner/_work/thin-edge.io/thin-edge.io/tests/PySys/software_management_end_to_end/sm_apt_install_remove_default/Output/linux/tedge_disconnect_c8y.err
  environment  : LD_LIBRARY_PATH=/usr/lib
  environment  : PATH=/bin:/usr/bin:/usr/sbin:/usr/local/bin
                   #1  /bin
                   #2  /usr/bin
                   #3  /usr/sbin
                   #4  /usr/local/bin
11:31:04 DEBUG Waiting up to 600 secs for process sudo&lt;tedge_disconnect_c8y&gt; (pid 28251)
11:31:07 INFO  Executed sudo&lt;tedge_disconnect_c8y&gt;, exit status 0
11:31:07 DEBUG Process parameters for systemctl&lt;serv_mapper5&gt;
  command line : /usr/bin/systemctl status tedge-mapper-c8y
    arg #1     : status
    arg #2     : tedge-mapper-c8y
  working dir  : /home/pi/actions-runner/_work/thin-edge.io/thin-edge.io/tests/PySys/software_management_end_to_end/sm_apt_install_remove_default/Output/linux
  stdout       : /home/pi/actions-runner/_work/thin-edge.io/thin-edge.io/tests/PySys/software_management_end_to_end/sm_apt_install_remove_default/Output/linux/serv_mapper5.out
  stderr       : /home/pi/actions-runner/_work/thin-edge.io/thin-edge.io/tests/PySys/software_management_end_to_end/sm_apt_install_remove_default/Output/linux/serv_mapper5.err
  environment  : LD_LIBRARY_PATH=/usr/lib
  environment  : PATH=/bin:/usr/bin:/usr/sbin:/usr/local/bin
                   #1  /bin
                   #2  /usr/bin
                   #3  /usr/sbin
                   #4  /usr/local/bin
11:31:07 DEBUG Waiting up to 600 secs for process systemctl&lt;serv_mapper5&gt; (pid 28309)
11:31:08 INFO  Executed systemctl&lt;serv_mapper5&gt;, exit status 3
11:31:08 DEBUG ProcessUser cleanup function done.
11:31:08 INFO  
11:31:08 INFO  Test duration: 106.87 secs
11:31:08 INFO  Test final outcome:  FAILED
11:31:08 INFO  Test outcome reason: Assert that (False == value) with value=True
11:31:08 INFO  
</system-out>
	</testcase>
</testsuite>
