<?xml version="1.0" encoding="utf-8"?>
<testsuite failures="1" name="SoftwareManagement.sm_apt_install_download_path" skipped="0" tests="1" time="70.41" timestamp="2022-04-04T08:48:46">
	<testcase classname="AptInstallWithDownloadPath" name="SoftwareManagement.sm_apt_install_download_path">
		<failure message="BLOCKED: AssertionError:" type="BLOCKED"/>
		<system-out>08:47:36 INFO  ==============================================================
08:47:36 INFO  Id:    SoftwareManagement.sm_apt_install_download_path
08:47:36 INFO  Dir:   software_management_end_to_end/
08:47:36 INFO  Title: Install package to directory specified in tedge config set tmp.path
08:47:36 DEBUG Execution order hint: 0.0
08:47:36 INFO  ==============================================================
08:47:36 INFO  Using sw id database: {'asciijump': '5475369', 'robotfindskitten': '5474869', 'squirrel3': '5475279', 'rolldice': '5152439', 'moon-buggy': '5439204', 'apple': '5495053', 'banana': '5494888', 'cherry': '5495382', 'watermelon': '5494510', 'registry': '8018911', 'hello-world': '8021526', 'docker/getting-started': '8021973', 'alpine': '7991792'}
08:47:36 DEBUG EnvironmentC8y Setup
08:47:36 INFO  EnvironmentC8y Setup
08:47:36 DEBUG Process parameters for systemctl&lt;serv_mapper1&gt;
  command line : /usr/bin/systemctl status tedge-mapper-c8y
    arg #1     : status
    arg #2     : tedge-mapper-c8y
  working dir  : /home/pi/actions-runner/_work/thin-edge.io/thin-edge.io/tests/PySys/software_management_end_to_end/sm_apt_install_download_path/Output/linux
  stdout       : /home/pi/actions-runner/_work/thin-edge.io/thin-edge.io/tests/PySys/software_management_end_to_end/sm_apt_install_download_path/Output/linux/serv_mapper1.out
  stderr       : /home/pi/actions-runner/_work/thin-edge.io/thin-edge.io/tests/PySys/software_management_end_to_end/sm_apt_install_download_path/Output/linux/serv_mapper1.err
  environment  : LD_LIBRARY_PATH=/usr/lib
  environment  : PATH=/bin:/usr/bin:/usr/sbin:/usr/local/bin
                   #1  /bin
                   #2  /usr/bin
                   #3  /usr/sbin
                   #4  /usr/local/bin
08:47:36 DEBUG Waiting up to 600 secs for process systemctl&lt;serv_mapper1&gt; (pid 22637)
08:47:36 INFO  Executed systemctl&lt;serv_mapper1&gt;, exit status 3
08:47:36 DEBUG Process parameters for sudo&lt;tedge_connect_c8y&gt;
  command line : /usr/bin/sudo /usr/bin/tedge connect c8y
    arg #1     : /usr/bin/tedge
    arg #2     : connect
    arg #3     : c8y
  working dir  : /home/pi/actions-runner/_work/thin-edge.io/thin-edge.io/tests/PySys/software_management_end_to_end/sm_apt_install_download_path/Output/linux
  stdout       : /home/pi/actions-runner/_work/thin-edge.io/thin-edge.io/tests/PySys/software_management_end_to_end/sm_apt_install_download_path/Output/linux/tedge_connect_c8y.out
  stderr       : /home/pi/actions-runner/_work/thin-edge.io/thin-edge.io/tests/PySys/software_management_end_to_end/sm_apt_install_download_path/Output/linux/tedge_connect_c8y.err
  environment  : LD_LIBRARY_PATH=/usr/lib
  environment  : PATH=/bin:/usr/bin:/usr/sbin:/usr/local/bin
                   #1  /bin
                   #2  /usr/bin
                   #3  /usr/sbin
                   #4  /usr/local/bin
08:47:36 DEBUG Waiting up to 600 secs for process sudo&lt;tedge_connect_c8y&gt; (pid 22641)
08:47:47 INFO  Executed sudo&lt;tedge_connect_c8y&gt;, exit status 0
08:47:47 DEBUG Process parameters for sudo&lt;tedge_connect_c8y_test&gt;
  command line : /usr/bin/sudo /usr/bin/tedge connect c8y --test
    arg #1     : /usr/bin/tedge
    arg #2     : connect
    arg #3     : c8y
    arg #4     : --test
  working dir  : /home/pi/actions-runner/_work/thin-edge.io/thin-edge.io/tests/PySys/software_management_end_to_end/sm_apt_install_download_path/Output/linux
  stdout       : /home/pi/actions-runner/_work/thin-edge.io/thin-edge.io/tests/PySys/software_management_end_to_end/sm_apt_install_download_path/Output/linux/tedge_connect_c8y_test.out
  stderr       : /home/pi/actions-runner/_work/thin-edge.io/thin-edge.io/tests/PySys/software_management_end_to_end/sm_apt_install_download_path/Output/linux/tedge_connect_c8y_test.err
  environment  : LD_LIBRARY_PATH=/usr/lib
  environment  : PATH=/bin:/usr/bin:/usr/sbin:/usr/local/bin
                   #1  /bin
                   #2  /usr/bin
                   #3  /usr/sbin
                   #4  /usr/local/bin
08:47:47 DEBUG Waiting up to 600 secs for process sudo&lt;tedge_connect_c8y_test&gt; (pid 22752)
08:47:49 INFO  Executed sudo&lt;tedge_connect_c8y_test&gt;, exit status 0
08:47:49 DEBUG Process parameters for systemctl&lt;serv_mosq2&gt;
  command line : /usr/bin/systemctl status mosquitto
    arg #1     : status
    arg #2     : mosquitto
  working dir  : /home/pi/actions-runner/_work/thin-edge.io/thin-edge.io/tests/PySys/software_management_end_to_end/sm_apt_install_download_path/Output/linux
  stdout       : /home/pi/actions-runner/_work/thin-edge.io/thin-edge.io/tests/PySys/software_management_end_to_end/sm_apt_install_download_path/Output/linux/serv_mosq2.out
  stderr       : /home/pi/actions-runner/_work/thin-edge.io/thin-edge.io/tests/PySys/software_management_end_to_end/sm_apt_install_download_path/Output/linux/serv_mosq2.err
  environment  : LD_LIBRARY_PATH=/usr/lib
  environment  : PATH=/bin:/usr/bin:/usr/sbin:/usr/local/bin
                   #1  /bin
                   #2  /usr/bin
                   #3  /usr/sbin
                   #4  /usr/local/bin
08:47:49 DEBUG Waiting up to 600 secs for process systemctl&lt;serv_mosq2&gt; (pid 22756)
08:47:49 INFO  Executed systemctl&lt;serv_mosq2&gt;, exit status 0
08:47:49 DEBUG Process parameters for systemctl&lt;serv_mapper3&gt;
  command line : /usr/bin/systemctl status tedge-mapper-c8y
    arg #1     : status
    arg #2     : tedge-mapper-c8y
  working dir  : /home/pi/actions-runner/_work/thin-edge.io/thin-edge.io/tests/PySys/software_management_end_to_end/sm_apt_install_download_path/Output/linux
  stdout       : /home/pi/actions-runner/_work/thin-edge.io/thin-edge.io/tests/PySys/software_management_end_to_end/sm_apt_install_download_path/Output/linux/serv_mapper3.out
  stderr       : /home/pi/actions-runner/_work/thin-edge.io/thin-edge.io/tests/PySys/software_management_end_to_end/sm_apt_install_download_path/Output/linux/serv_mapper3.err
  environment  : LD_LIBRARY_PATH=/usr/lib
  environment  : PATH=/bin:/usr/bin:/usr/sbin:/usr/local/bin
                   #1  /bin
                   #2  /usr/bin
                   #3  /usr/sbin
                   #4  /usr/local/bin
08:47:49 DEBUG Waiting up to 600 secs for process systemctl&lt;serv_mapper3&gt; (pid 22757)
08:47:50 INFO  Executed systemctl&lt;serv_mapper3&gt;, exit status 0
08:47:52 DEBUG Starting new HTTPS connection (1): thin-edge-io.eu-latest.cumulocity.com:443
08:47:52 DEBUG https://thin-edge-io.eu-latest.cumulocity.com:443 &quot;GET /devicecontrol/operations?deviceId=16586587&amp;pageSize=1&amp;revert=true&amp;dateFrom=1970-01-01T00%3A00%3A00.000Z HTTP/1.1&quot; 200 1075
08:47:52 DEBUG Final URL of the request: https://thin-edge-io.eu-latest.cumulocity.com/devicecontrol/operations?deviceId=16586587&amp;pageSize=1&amp;revert=true&amp;dateFrom=1970-01-01T00%3A00%3A00.000Z
08:47:52 INFO  State of current operation: SUCCESSFUL
08:47:52 DEBUG Starting new HTTPS connection (1): thin-edge-io.eu-latest.cumulocity.com:443
08:47:52 DEBUG https://thin-edge-io.eu-latest.cumulocity.com:443 &quot;GET /inventory/managedObjects/16586587 HTTP/1.1&quot; 200 None
08:47:52 INFO  Assert that (False == value) with value=False ... passed
08:47:52 DEBUG Process parameters for sudo
  command line : /usr/bin/sudo mkdir /tedge_download_path_test
    arg #1     : mkdir
    arg #2     : /tedge_download_path_test
  working dir  : /home/pi/actions-runner/_work/thin-edge.io/thin-edge.io/tests/PySys/software_management_end_to_end/sm_apt_install_download_path/Output/linux
  stdout       : None
  stderr       : None
  environment  : LD_LIBRARY_PATH=/usr/lib
  environment  : PATH=/bin:/usr/bin:/usr/sbin:/usr/local/bin
                   #1  /bin
                   #2  /usr/bin
                   #3  /usr/sbin
                   #4  /usr/local/bin
08:47:52 DEBUG Waiting up to 600 secs for process sudo (pid 22765)
08:47:52 INFO  Executed sudo, exit status 0
08:47:52 DEBUG Process parameters for sudo
  command line : /usr/bin/sudo chmod a+rwx /tedge_download_path_test
    arg #1     : chmod
    arg #2     : a+rwx
    arg #3     : /tedge_download_path_test
  working dir  : /home/pi/actions-runner/_work/thin-edge.io/thin-edge.io/tests/PySys/software_management_end_to_end/sm_apt_install_download_path/Output/linux
  stdout       : None
  stderr       : None
  environment  : LD_LIBRARY_PATH=/usr/lib
  environment  : PATH=/bin:/usr/bin:/usr/sbin:/usr/local/bin
                   #1  /bin
                   #2  /usr/bin
                   #3  /usr/sbin
                   #4  /usr/local/bin
08:47:52 DEBUG Waiting up to 600 secs for process sudo (pid 22768)
08:47:53 INFO  Executed sudo, exit status 0
08:47:53 DEBUG Process parameters for sudo
  command line : /usr/bin/sudo /usr/bin/tedge config set tmp.path /tedge_download_path_test
    arg #1     : /usr/bin/tedge
    arg #2     : config
    arg #3     : set
    arg #4     : tmp.path
    arg #5     : /tedge_download_path_test
  working dir  : /home/pi/actions-runner/_work/thin-edge.io/thin-edge.io/tests/PySys/software_management_end_to_end/sm_apt_install_download_path/Output/linux
  stdout       : None
  stderr       : None
  environment  : LD_LIBRARY_PATH=/usr/lib
  environment  : PATH=/bin:/usr/bin:/usr/sbin:/usr/local/bin
                   #1  /bin
                   #2  /usr/bin
                   #3  /usr/sbin
                   #4  /usr/local/bin
08:47:53 DEBUG Waiting up to 600 secs for process sudo (pid 22773)
08:47:53 INFO  Executed sudo, exit status 0
08:47:53 DEBUG Process parameters for sudo&lt;tedge_disconnect_c8y&gt;
  command line : /usr/bin/sudo /usr/bin/tedge disconnect c8y
    arg #1     : /usr/bin/tedge
    arg #2     : disconnect
    arg #3     : c8y
  working dir  : /home/pi/actions-runner/_work/thin-edge.io/thin-edge.io/tests/PySys/software_management_end_to_end/sm_apt_install_download_path/Output/linux
  stdout       : /home/pi/actions-runner/_work/thin-edge.io/thin-edge.io/tests/PySys/software_management_end_to_end/sm_apt_install_download_path/Output/linux/tedge_disconnect_c8y.out
  stderr       : /home/pi/actions-runner/_work/thin-edge.io/thin-edge.io/tests/PySys/software_management_end_to_end/sm_apt_install_download_path/Output/linux/tedge_disconnect_c8y.err
  environment  : LD_LIBRARY_PATH=/usr/lib
  environment  : PATH=/bin:/usr/bin:/usr/sbin:/usr/local/bin
                   #1  /bin
                   #2  /usr/bin
                   #3  /usr/sbin
                   #4  /usr/local/bin
08:47:53 DEBUG Waiting up to 600 secs for process sudo&lt;tedge_disconnect_c8y&gt; (pid 22778)
08:47:55 INFO  Executed sudo&lt;tedge_disconnect_c8y&gt;, exit status 0
08:47:55 INFO  Restarting mosquitto too frequently in the last 10 seconds. It was only up for 2 seconds
08:47:55 INFO  Delaying execution by 9 seconds
08:48:04 DEBUG Process parameters for sudo&lt;tedge_connect_c8y&gt;
  command line : /usr/bin/sudo /usr/bin/tedge connect c8y
    arg #1     : /usr/bin/tedge
    arg #2     : connect
    arg #3     : c8y
  working dir  : /home/pi/actions-runner/_work/thin-edge.io/thin-edge.io/tests/PySys/software_management_end_to_end/sm_apt_install_download_path/Output/linux
  stdout       : /home/pi/actions-runner/_work/thin-edge.io/thin-edge.io/tests/PySys/software_management_end_to_end/sm_apt_install_download_path/Output/linux/tedge_connect_c8y.out
  stderr       : /home/pi/actions-runner/_work/thin-edge.io/thin-edge.io/tests/PySys/software_management_end_to_end/sm_apt_install_download_path/Output/linux/tedge_connect_c8y.err
  environment  : LD_LIBRARY_PATH=/usr/lib
  environment  : PATH=/bin:/usr/bin:/usr/sbin:/usr/local/bin
                   #1  /bin
                   #2  /usr/bin
                   #3  /usr/sbin
                   #4  /usr/local/bin
08:48:04 DEBUG Waiting up to 600 secs for process sudo&lt;tedge_connect_c8y&gt; (pid 22827)
08:48:15 INFO  Executed sudo&lt;tedge_connect_c8y&gt;, exit status 0
08:48:15 DEBUG --- test execute
08:48:15 DEBUG Starting new HTTPS connection (1): thin-edge-io.eu-latest.cumulocity.com:443
08:48:15 DEBUG https://thin-edge-io.eu-latest.cumulocity.com:443 &quot;POST /devicecontrol/operations HTTP/1.1&quot; 201 615
08:48:15 INFO  Response status: 201
08:48:15 INFO  Response to action: {
    &quot;creationTime&quot;: &quot;2022-04-04T08:48:15.373Z&quot;,
    &quot;deviceId&quot;: &quot;16586587&quot;,
    &quot;deviceName&quot;: &quot;offsitec&quot;,
    &quot;self&quot;: &quot;https://t493319102.eu-latest.cumulocity.com/devicecontrol/operations/16602608&quot;,
    &quot;id&quot;: &quot;16602608&quot;,
    &quot;status&quot;: &quot;PENDING&quot;,
    &quot;description&quot;: &quot;Apply software changes, triggered from PySys: [{'name': 'rolldice', 'id': '5152439', 'version': '::apt', 'url': 'https://thin-edge-io.eu-latest.cumulocity.com/inventory/binaries/12435463', 'action': 'install'}]&quot;,
    &quot;c8y_SoftwareUpdate&quot;: [
        {
            &quot;name&quot;: &quot;rolldice&quot;,
            &quot;action&quot;: &quot;install&quot;,
            &quot;id&quot;: &quot;5152439&quot;,
            &quot;version&quot;: &quot;::apt&quot;,
            &quot;url&quot;: &quot;https://thin-edge-io.eu-latest.cumulocity.com/inventory/binaries/12435463&quot;
        }
    ]
}
08:48:15 INFO  Started operation: {'creationTime': '2022-04-04T08:48:15.373Z', 'deviceId': '16586587', 'deviceName': 'offsitec', 'self': 'https://t493319102.eu-latest.cumulocity.com/devicecontrol/operations/16602608', 'id': '16602608', 'status': 'PENDING', 'description': &quot;Apply software changes, triggered from PySys: [{'name': 'rolldice', 'id': '5152439', 'version': '::apt', 'url': 'https://thin-edge-io.eu-latest.cumulocity.com/inventory/binaries/12435463', 'action': 'install'}]&quot;, 'c8y_SoftwareUpdate': [{'name': 'rolldice', 'action': 'install', 'id': '5152439', 'version': '::apt', 'url': 'https://thin-edge-io.eu-latest.cumulocity.com/inventory/binaries/12435463'}]}
08:48:15 WARN  , retrying in 0.5 seconds...
08:48:15 WARN  , retrying in 0.5 seconds...
08:48:16 WARN  , retrying in 0.5 seconds...
08:48:16 WARN  , retrying in 0.5 seconds...
08:48:17 WARN  , retrying in 0.5 seconds...
08:48:17 WARN  , retrying in 0.5 seconds...
08:48:18 WARN  , retrying in 0.5 seconds...
08:48:18 WARN  , retrying in 0.5 seconds...
08:48:19 WARN  , retrying in 0.5 seconds...
08:48:19 WARN  AssertionError occurred while running test - 
Traceback (most recent call last):
  File &quot;/home/pi/env-pysys/lib/python3.7/site-packages/pysys/baserunner.py&quot;, line 1294, in __call__
    self.testObj.execute()
  File &quot;/home/pi/actions-runner/_work/thin-edge.io/thin-edge.io/tests/PySys/software_management_end_to_end/sm_apt_install_download_path/run.py&quot;, line 76, in execute
    assert_install_in_download_path(install_directory=self.DOWNLOAD_DIR)
  File &quot;/home/pi/env-pysys/lib/python3.7/site-packages/decorator.py&quot;, line 232, in fun
    return caller(func, *(extras + args), **kw)
  File &quot;/home/pi/env-pysys/lib/python3.7/site-packages/retry/api.py&quot;, line 74, in retry_decorator
    logger)
  File &quot;/home/pi/env-pysys/lib/python3.7/site-packages/retry/api.py&quot;, line 33, in __retry_internal
    return f()
  File &quot;/home/pi/actions-runner/_work/thin-edge.io/thin-edge.io/tests/PySys/software_management_end_to_end/sm_apt_install_download_path/run.py&quot;, line 28, in assert_install_in_download_path
    assert &quot;rolldice&quot; in os.listdir(f&quot;{install_directory}&quot;)
AssertionError
08:48:20 WARN  AssertionError: ... blocked 
08:48:20 DEBUG --- test cleanup
08:48:20 INFO  
08:48:20 INFO  cleanup:
08:48:20 DEBUG Running registered cleanup function: &lt;bound method AptInstallWithDownloadPath.mysmcleanup of &lt;AptInstallWithDownloadPath object at 0x75d585f0&gt;&gt;
08:48:20 DEBUG Process parameters for sudo
  command line : /usr/bin/sudo rm -rf /tedge_download_path_test
    arg #1     : rm
    arg #2     : -rf
    arg #3     : /tedge_download_path_test
  working dir  : /home/pi/actions-runner/_work/thin-edge.io/thin-edge.io/tests/PySys/software_management_end_to_end/sm_apt_install_download_path/Output/linux
  stdout       : None
  stderr       : None
  environment  : LD_LIBRARY_PATH=/usr/lib
  environment  : PATH=/bin:/usr/bin:/usr/sbin:/usr/local/bin
                   #1  /bin
                   #2  /usr/bin
                   #3  /usr/sbin
                   #4  /usr/local/bin
08:48:20 DEBUG Waiting up to 600 secs for process sudo (pid 23059)
08:48:20 INFO  Executed sudo, exit status 0
08:48:20 DEBUG Process parameters for sudo
  command line : /usr/bin/sudo /usr/bin/tedge config set tmp.path /tmp
    arg #1     : /usr/bin/tedge
    arg #2     : config
    arg #3     : set
    arg #4     : tmp.path
    arg #5     : /tmp
  working dir  : /home/pi/actions-runner/_work/thin-edge.io/thin-edge.io/tests/PySys/software_management_end_to_end/sm_apt_install_download_path/Output/linux
  stdout       : None
  stderr       : None
  environment  : LD_LIBRARY_PATH=/usr/lib
  environment  : PATH=/bin:/usr/bin:/usr/sbin:/usr/local/bin
                   #1  /bin
                   #2  /usr/bin
                   #3  /usr/sbin
                   #4  /usr/local/bin
08:48:20 DEBUG Waiting up to 600 secs for process sudo (pid 23061)
08:48:20 INFO  Executed sudo, exit status 0
08:48:20 DEBUG Process parameters for sudo&lt;tedge_disconnect_c8y&gt;
  command line : /usr/bin/sudo /usr/bin/tedge disconnect c8y
    arg #1     : /usr/bin/tedge
    arg #2     : disconnect
    arg #3     : c8y
  working dir  : /home/pi/actions-runner/_work/thin-edge.io/thin-edge.io/tests/PySys/software_management_end_to_end/sm_apt_install_download_path/Output/linux
  stdout       : /home/pi/actions-runner/_work/thin-edge.io/thin-edge.io/tests/PySys/software_management_end_to_end/sm_apt_install_download_path/Output/linux/tedge_disconnect_c8y.out
  stderr       : /home/pi/actions-runner/_work/thin-edge.io/thin-edge.io/tests/PySys/software_management_end_to_end/sm_apt_install_download_path/Output/linux/tedge_disconnect_c8y.err
  environment  : LD_LIBRARY_PATH=/usr/lib
  environment  : PATH=/bin:/usr/bin:/usr/sbin:/usr/local/bin
                   #1  /bin
                   #2  /usr/bin
                   #3  /usr/sbin
                   #4  /usr/local/bin
08:48:20 DEBUG Waiting up to 600 secs for process sudo&lt;tedge_disconnect_c8y&gt; (pid 23066)
08:48:23 INFO  Executed sudo&lt;tedge_disconnect_c8y&gt;, exit status 0
08:48:23 INFO  Restarting mosquitto too frequently in the last 10 seconds. It was only up for 2 seconds
08:48:23 INFO  Delaying execution by 9 seconds
08:48:32 DEBUG Process parameters for sudo&lt;tedge_connect_c8y&gt;
  command line : /usr/bin/sudo /usr/bin/tedge connect c8y
    arg #1     : /usr/bin/tedge
    arg #2     : connect
    arg #3     : c8y
  working dir  : /home/pi/actions-runner/_work/thin-edge.io/thin-edge.io/tests/PySys/software_management_end_to_end/sm_apt_install_download_path/Output/linux
  stdout       : /home/pi/actions-runner/_work/thin-edge.io/thin-edge.io/tests/PySys/software_management_end_to_end/sm_apt_install_download_path/Output/linux/tedge_connect_c8y.out
  stderr       : /home/pi/actions-runner/_work/thin-edge.io/thin-edge.io/tests/PySys/software_management_end_to_end/sm_apt_install_download_path/Output/linux/tedge_connect_c8y.err
  environment  : LD_LIBRARY_PATH=/usr/lib
  environment  : PATH=/bin:/usr/bin:/usr/sbin:/usr/local/bin
                   #1  /bin
                   #2  /usr/bin
                   #3  /usr/sbin
                   #4  /usr/local/bin
08:48:32 DEBUG Waiting up to 600 secs for process sudo&lt;tedge_connect_c8y&gt; (pid 23109)
08:48:42 INFO  Executed sudo&lt;tedge_connect_c8y&gt;, exit status 0
08:48:42 DEBUG Running registered cleanup function: &lt;bound method EnvironmentC8y.myenvcleanup of &lt;AptInstallWithDownloadPath object at 0x75d585f0&gt;&gt;
08:48:42 DEBUG EnvironmentC8y Cleanup
08:48:42 INFO  Restarting mosquitto too frequently in the last 10 seconds. It was only up for 10 seconds
08:48:42 INFO  Delaying execution by 1 seconds
08:48:43 DEBUG Process parameters for sudo&lt;tedge_disconnect_c8y&gt;
  command line : /usr/bin/sudo /usr/bin/tedge disconnect c8y
    arg #1     : /usr/bin/tedge
    arg #2     : disconnect
    arg #3     : c8y
  working dir  : /home/pi/actions-runner/_work/thin-edge.io/thin-edge.io/tests/PySys/software_management_end_to_end/sm_apt_install_download_path/Output/linux
  stdout       : /home/pi/actions-runner/_work/thin-edge.io/thin-edge.io/tests/PySys/software_management_end_to_end/sm_apt_install_download_path/Output/linux/tedge_disconnect_c8y.out
  stderr       : /home/pi/actions-runner/_work/thin-edge.io/thin-edge.io/tests/PySys/software_management_end_to_end/sm_apt_install_download_path/Output/linux/tedge_disconnect_c8y.err
  environment  : LD_LIBRARY_PATH=/usr/lib
  environment  : PATH=/bin:/usr/bin:/usr/sbin:/usr/local/bin
                   #1  /bin
                   #2  /usr/bin
                   #3  /usr/sbin
                   #4  /usr/local/bin
08:48:43 DEBUG Waiting up to 600 secs for process sudo&lt;tedge_disconnect_c8y&gt; (pid 23233)
08:48:46 INFO  Executed sudo&lt;tedge_disconnect_c8y&gt;, exit status 0
08:48:46 DEBUG Process parameters for systemctl&lt;serv_mapper5&gt;
  command line : /usr/bin/systemctl status tedge-mapper-c8y
    arg #1     : status
    arg #2     : tedge-mapper-c8y
  working dir  : /home/pi/actions-runner/_work/thin-edge.io/thin-edge.io/tests/PySys/software_management_end_to_end/sm_apt_install_download_path/Output/linux
  stdout       : /home/pi/actions-runner/_work/thin-edge.io/thin-edge.io/tests/PySys/software_management_end_to_end/sm_apt_install_download_path/Output/linux/serv_mapper5.out
  stderr       : /home/pi/actions-runner/_work/thin-edge.io/thin-edge.io/tests/PySys/software_management_end_to_end/sm_apt_install_download_path/Output/linux/serv_mapper5.err
  environment  : LD_LIBRARY_PATH=/usr/lib
  environment  : PATH=/bin:/usr/bin:/usr/sbin:/usr/local/bin
                   #1  /bin
                   #2  /usr/bin
                   #3  /usr/sbin
                   #4  /usr/local/bin
08:48:46 DEBUG Waiting up to 600 secs for process systemctl&lt;serv_mapper5&gt; (pid 23273)
08:48:46 INFO  Executed systemctl&lt;serv_mapper5&gt;, exit status 3
08:48:46 DEBUG ProcessUser cleanup function done.
08:48:46 INFO  
08:48:46 INFO  Test duration: 70.41 secs
08:48:46 INFO  Test final outcome:  BLOCKED
08:48:46 INFO  Test outcome reason: AssertionError:
08:48:46 INFO  
</system-out>
	</testcase>
</testsuite>
