<?xml version="1.0" encoding="utf-8"?>
<testsuite failures="0" name="apt_prepare" skipped="0" tests="1" time="12.5" timestamp="2022-04-04T08:40:15">
	<testcase classname="AptPluginPrepare" name="apt_prepare"/>
</testsuite>
