<?xml version="1.0" encoding="utf-8"?>
<testsuite failures="0" name="apt_finalize" skipped="0" tests="1" time="76.92" timestamp="2022-03-30T08:35:00">
	<testcase classname="AptPluginFinalize" name="apt_finalize"/>
</testsuite>
