<?xml version="1.0" encoding="utf-8"?>
<testsuite failures="0" name="apt_update_list" skipped="0" tests="1" time="110.71" timestamp="2022-02-22T10:59:58">
	<testcase classname="AptPluginUpdateList" name="apt_update_list"/>
</testsuite>
