<?xml version="1.0" encoding="utf-8"?>
<testsuite failures="0" name="apt_finalize" skipped="0" tests="1" time="73.16" timestamp="2022-03-04T12:21:11">
	<testcase classname="AptPluginFinalize" name="apt_finalize"/>
</testsuite>
