<?xml version="1.0" encoding="utf-8"?>
<testsuite failures="0" name="apt_update_list" skipped="0" tests="1" time="83.16" timestamp="2022-02-15T16:02:02">
	<testcase classname="AptPluginUpdateList" name="apt_update_list"/>
</testsuite>
