<?xml version="1.0" encoding="utf-8"?>
<testsuite failures="1" name="SoftwareManagement.sm_apt_install_remove_default" skipped="0" tests="1" time="108.29" timestamp="2022-02-07T14:22:00">
	<testcase classname="PySysTest" name="SoftwareManagement.sm_apt_install_remove_default">
		<failure message="FAILED: Assert that (False == value) with value=True" type="FAILED"/>
		<system-out>14:20:12 INFO  ==============================================================
14:20:12 INFO  Id:    SoftwareManagement.sm_apt_install_remove_default
14:20:12 INFO  Dir:   software_management_end_to_end/
14:20:12 INFO  Title: Validate end to end behaviour for the default plugin for installation and removal of packages
14:20:12 DEBUG Execution order hint: 0.0
14:20:12 INFO  ==============================================================
14:20:12 INFO  Using sw id database: {'asciijump': '5475369', 'robotfindskitten': '5474869', 'squirrel3': '5475279', 'rolldice': '5152439', 'moon-buggy': '5439204', 'apple': '5495053', 'banana': '5494888', 'cherry': '5495382', 'watermelon': '5494510', 'registry': '8018911', 'hello-world': '8021526', 'docker/getting-started': '8021973', 'alpine': '7991792'}
14:20:12 DEBUG EnvironmentC8y Setup
14:20:12 INFO  EnvironmentC8y Setup
14:20:12 DEBUG Process parameters for systemctl&lt;serv_mapper1&gt;
  command line : /usr/bin/systemctl status tedge-mapper-c8y
    arg #1     : status
    arg #2     : tedge-mapper-c8y
  working dir  : /home/pi/actions-runner/_work/thin-edge.io/thin-edge.io/tests/PySys/software_management_end_to_end/sm_apt_install_remove_default/Output/linux
  stdout       : /home/pi/actions-runner/_work/thin-edge.io/thin-edge.io/tests/PySys/software_management_end_to_end/sm_apt_install_remove_default/Output/linux/serv_mapper1.out
  stderr       : /home/pi/actions-runner/_work/thin-edge.io/thin-edge.io/tests/PySys/software_management_end_to_end/sm_apt_install_remove_default/Output/linux/serv_mapper1.err
  environment  : LD_LIBRARY_PATH=/usr/lib
  environment  : PATH=/bin:/usr/bin:/usr/sbin:/usr/local/bin
                   #1  /bin
                   #2  /usr/bin
                   #3  /usr/sbin
                   #4  /usr/local/bin
14:20:12 DEBUG Waiting up to 600 secs for process systemctl&lt;serv_mapper1&gt; (pid 24424)
14:20:12 INFO  Executed systemctl&lt;serv_mapper1&gt;, exit status 3
14:20:12 INFO  Restarting mosquitto too frequently in the last 10 seconds. It was only up for 4 seconds
14:20:12 INFO  Delaying execution by 7 seconds
14:20:19 DEBUG Process parameters for sudo&lt;tedge_connect_c8y&gt;
  command line : /usr/bin/sudo /usr/bin/tedge connect c8y
    arg #1     : /usr/bin/tedge
    arg #2     : connect
    arg #3     : c8y
  working dir  : /home/pi/actions-runner/_work/thin-edge.io/thin-edge.io/tests/PySys/software_management_end_to_end/sm_apt_install_remove_default/Output/linux
  stdout       : /home/pi/actions-runner/_work/thin-edge.io/thin-edge.io/tests/PySys/software_management_end_to_end/sm_apt_install_remove_default/Output/linux/tedge_connect_c8y.out
  stderr       : /home/pi/actions-runner/_work/thin-edge.io/thin-edge.io/tests/PySys/software_management_end_to_end/sm_apt_install_remove_default/Output/linux/tedge_connect_c8y.err
  environment  : LD_LIBRARY_PATH=/usr/lib
  environment  : PATH=/bin:/usr/bin:/usr/sbin:/usr/local/bin
                   #1  /bin
                   #2  /usr/bin
                   #3  /usr/sbin
                   #4  /usr/local/bin
14:20:19 DEBUG Waiting up to 600 secs for process sudo&lt;tedge_connect_c8y&gt; (pid 24431)
14:20:30 INFO  Executed sudo&lt;tedge_connect_c8y&gt;, exit status 0, duration 11 secs
14:20:30 DEBUG Process parameters for sudo&lt;tedge_connect_c8y_test&gt;
  command line : /usr/bin/sudo /usr/bin/tedge connect c8y --test
    arg #1     : /usr/bin/tedge
    arg #2     : connect
    arg #3     : c8y
    arg #4     : --test
  working dir  : /home/pi/actions-runner/_work/thin-edge.io/thin-edge.io/tests/PySys/software_management_end_to_end/sm_apt_install_remove_default/Output/linux
  stdout       : /home/pi/actions-runner/_work/thin-edge.io/thin-edge.io/tests/PySys/software_management_end_to_end/sm_apt_install_remove_default/Output/linux/tedge_connect_c8y_test.out
  stderr       : /home/pi/actions-runner/_work/thin-edge.io/thin-edge.io/tests/PySys/software_management_end_to_end/sm_apt_install_remove_default/Output/linux/tedge_connect_c8y_test.err
  environment  : LD_LIBRARY_PATH=/usr/lib
  environment  : PATH=/bin:/usr/bin:/usr/sbin:/usr/local/bin
                   #1  /bin
                   #2  /usr/bin
                   #3  /usr/sbin
                   #4  /usr/local/bin
14:20:30 DEBUG Waiting up to 600 secs for process sudo&lt;tedge_connect_c8y_test&gt; (pid 24581)
14:20:31 INFO  Executed sudo&lt;tedge_connect_c8y_test&gt;, exit status 0
14:20:31 DEBUG Process parameters for systemctl&lt;serv_mosq2&gt;
  command line : /usr/bin/systemctl status mosquitto
    arg #1     : status
    arg #2     : mosquitto
  working dir  : /home/pi/actions-runner/_work/thin-edge.io/thin-edge.io/tests/PySys/software_management_end_to_end/sm_apt_install_remove_default/Output/linux
  stdout       : /home/pi/actions-runner/_work/thin-edge.io/thin-edge.io/tests/PySys/software_management_end_to_end/sm_apt_install_remove_default/Output/linux/serv_mosq2.out
  stderr       : /home/pi/actions-runner/_work/thin-edge.io/thin-edge.io/tests/PySys/software_management_end_to_end/sm_apt_install_remove_default/Output/linux/serv_mosq2.err
  environment  : LD_LIBRARY_PATH=/usr/lib
  environment  : PATH=/bin:/usr/bin:/usr/sbin:/usr/local/bin
                   #1  /bin
                   #2  /usr/bin
                   #3  /usr/sbin
                   #4  /usr/local/bin
14:20:31 DEBUG Waiting up to 600 secs for process systemctl&lt;serv_mosq2&gt; (pid 24589)
14:20:31 INFO  Executed systemctl&lt;serv_mosq2&gt;, exit status 0
14:20:31 DEBUG Process parameters for systemctl&lt;serv_mapper3&gt;
  command line : /usr/bin/systemctl status tedge-mapper-c8y
    arg #1     : status
    arg #2     : tedge-mapper-c8y
  working dir  : /home/pi/actions-runner/_work/thin-edge.io/thin-edge.io/tests/PySys/software_management_end_to_end/sm_apt_install_remove_default/Output/linux
  stdout       : /home/pi/actions-runner/_work/thin-edge.io/thin-edge.io/tests/PySys/software_management_end_to_end/sm_apt_install_remove_default/Output/linux/serv_mapper3.out
  stderr       : /home/pi/actions-runner/_work/thin-edge.io/thin-edge.io/tests/PySys/software_management_end_to_end/sm_apt_install_remove_default/Output/linux/serv_mapper3.err
  environment  : LD_LIBRARY_PATH=/usr/lib
  environment  : PATH=/bin:/usr/bin:/usr/sbin:/usr/local/bin
                   #1  /bin
                   #2  /usr/bin
                   #3  /usr/sbin
                   #4  /usr/local/bin
14:20:31 DEBUG Waiting up to 600 secs for process systemctl&lt;serv_mapper3&gt; (pid 24590)
14:20:31 INFO  Executed systemctl&lt;serv_mapper3&gt;, exit status 0
14:20:34 DEBUG Final URL of the request: https://thin-edge-io.eu-latest.cumulocity.com/devicecontrol/operations?deviceId=13869051&amp;pageSize=1&amp;revert=true&amp;dateFrom=1970-01-01T00%3A00%3A00.000Z
14:20:34 INFO  State of current operation: FAILED
14:20:34 DEBUG Final URL of the request: https://thin-edge-io.eu-latest.cumulocity.com/devicecontrol/operations?deviceId=13869051&amp;pageSize=1&amp;revert=true&amp;dateFrom=1970-01-01T00%3A00%3A00.000Z
14:20:34 DEBUG State of current operation: {
    &quot;delivery&quot;: {
        &quot;time&quot;: &quot;2022-02-07T14:19:17.079Z&quot;,
        &quot;log&quot;: [
            {
                &quot;time&quot;: &quot;2022-02-07T14:19:17.024Z&quot;,
                &quot;status&quot;: &quot;PENDING&quot;
            },
            {
                &quot;time&quot;: &quot;2022-02-07T14:19:17.043Z&quot;,
                &quot;status&quot;: &quot;SEND&quot;
            }
        ],
        &quot;status&quot;: &quot;DELIVERED&quot;
    },
    &quot;creationTime&quot;: &quot;2022-02-07T14:19:17.001Z&quot;,
    &quot;deviceId&quot;: &quot;13869051&quot;,
    &quot;deviceName&quot;: &quot;offsitec&quot;,
    &quot;failureReason&quot;: &quot;1 error, see device log file /var/log/tedge/agent/software-update-2022-02-07T14:19:18Z.log&quot;,
    &quot;self&quot;: &quot;https://t493319102.eu-latest.cumulocity.com/devicecontrol/operations/13882412&quot;,
    &quot;id&quot;: &quot;13882412&quot;,
    &quot;status&quot;: &quot;FAILED&quot;,
    &quot;description&quot;: &quot;Apply software changes, triggered from PySys: [{'name': 'does_not_exist', 'id': '5446165', 'version': '::apt', 'url': '', 'action': 'install'}]&quot;,
    &quot;c8y_SoftwareUpdate&quot;: [
        {
            &quot;name&quot;: &quot;does_not_exist&quot;,
            &quot;action&quot;: &quot;install&quot;,
            &quot;id&quot;: &quot;5446165&quot;,
            &quot;version&quot;: &quot;::apt&quot;,
            &quot;url&quot;: &quot;&quot;
        }
    ]
}
14:20:34 INFO  Package rolldice is installed
14:20:34 WARN  Assert that (False == value) with value=True ... failed 
14:20:34 DEBUG --- test execute
14:20:34 INFO  Response status: 201
14:20:34 INFO  Response to action: {
    &quot;delivery&quot;: {
        &quot;time&quot;: &quot;2022-02-07T14:20:34.414Z&quot;,
        &quot;log&quot;: [],
        &quot;status&quot;: &quot;PENDING&quot;
    },
    &quot;creationTime&quot;: &quot;2022-02-07T14:20:34.369Z&quot;,
    &quot;deviceId&quot;: &quot;13869051&quot;,
    &quot;deviceName&quot;: &quot;offsitec&quot;,
    &quot;self&quot;: &quot;https://t493319102.eu-latest.cumulocity.com/devicecontrol/operations/13882426&quot;,
    &quot;id&quot;: &quot;13882426&quot;,
    &quot;status&quot;: &quot;PENDING&quot;,
    &quot;description&quot;: &quot;Apply software changes, triggered from PySys: [{'name': 'rolldice', 'id': '5152439', 'version': ' ', 'url': '', 'action': 'install'}]&quot;,
    &quot;c8y_SoftwareUpdate&quot;: [
        {
            &quot;name&quot;: &quot;rolldice&quot;,
            &quot;action&quot;: &quot;install&quot;,
            &quot;id&quot;: &quot;5152439&quot;,
            &quot;version&quot;: &quot; &quot;,
            &quot;url&quot;: &quot;&quot;
        }
    ]
}
14:20:34 INFO  Started operation: {'delivery': {'time': '2022-02-07T14:20:34.414Z', 'log': [], 'status': 'PENDING'}, 'creationTime': '2022-02-07T14:20:34.369Z', 'deviceId': '13869051', 'deviceName': 'offsitec', 'self': 'https://t493319102.eu-latest.cumulocity.com/devicecontrol/operations/13882426', 'id': '13882426', 'status': 'PENDING', 'description': &quot;Apply software changes, triggered from PySys: [{'name': 'rolldice', 'id': '5152439', 'version': ' ', 'url': '', 'action': 'install'}]&quot;, 'c8y_SoftwareUpdate': [{'name': 'rolldice', 'action': 'install', 'id': '5152439', 'version': ' ', 'url': ''}]}
14:20:36 INFO  State of operation 13882426 : EXECUTING
14:20:38 INFO  State of operation 13882426 : EXECUTING
14:20:40 INFO  State of operation 13882426 : EXECUTING
14:20:43 INFO  State of operation 13882426 : EXECUTING
14:20:45 INFO  State of operation 13882426 : EXECUTING
14:20:48 INFO  State of operation 13882426 : EXECUTING
14:20:50 INFO  State of operation 13882426 : EXECUTING
14:20:52 INFO  State of operation 13882426 : EXECUTING
14:20:55 INFO  State of operation 13882426 : EXECUTING
14:20:57 INFO  State of operation 13882426 : EXECUTING
14:20:59 INFO  State of operation 13882426 : SUCCESSFUL
14:20:59 INFO  Package rolldice is installed
14:20:59 INFO  Assert that (True == value) with value=True ... passed
14:20:59 INFO  Response status: 201
14:20:59 INFO  Response to action: {
    &quot;delivery&quot;: {
        &quot;time&quot;: &quot;2022-02-07T14:20:59.751Z&quot;,
        &quot;log&quot;: [],
        &quot;status&quot;: &quot;PENDING&quot;
    },
    &quot;creationTime&quot;: &quot;2022-02-07T14:20:59.737Z&quot;,
    &quot;deviceId&quot;: &quot;13869051&quot;,
    &quot;deviceName&quot;: &quot;offsitec&quot;,
    &quot;self&quot;: &quot;https://t493319102.eu-latest.cumulocity.com/devicecontrol/operations/13882434&quot;,
    &quot;id&quot;: &quot;13882434&quot;,
    &quot;status&quot;: &quot;PENDING&quot;,
    &quot;description&quot;: &quot;Apply software changes, triggered from PySys: [{'name': 'rolldice', 'id': '5152439', 'version': ' ', 'url': '', 'action': 'delete'}]&quot;,
    &quot;c8y_SoftwareUpdate&quot;: [
        {
            &quot;name&quot;: &quot;rolldice&quot;,
            &quot;action&quot;: &quot;delete&quot;,
            &quot;id&quot;: &quot;5152439&quot;,
            &quot;version&quot;: &quot; &quot;,
            &quot;url&quot;: &quot;&quot;
        }
    ]
}
14:20:59 INFO  Started operation: {'delivery': {'time': '2022-02-07T14:20:59.751Z', 'log': [], 'status': 'PENDING'}, 'creationTime': '2022-02-07T14:20:59.737Z', 'deviceId': '13869051', 'deviceName': 'offsitec', 'self': 'https://t493319102.eu-latest.cumulocity.com/devicecontrol/operations/13882434', 'id': '13882434', 'status': 'PENDING', 'description': &quot;Apply software changes, triggered from PySys: [{'name': 'rolldice', 'id': '5152439', 'version': ' ', 'url': '', 'action': 'delete'}]&quot;, 'c8y_SoftwareUpdate': [{'name': 'rolldice', 'action': 'delete', 'id': '5152439', 'version': ' ', 'url': ''}]}
14:21:01 INFO  State of operation 13882434 : EXECUTING
14:21:04 INFO  State of operation 13882434 : EXECUTING
14:21:06 INFO  State of operation 13882434 : EXECUTING
14:21:08 INFO  State of operation 13882434 : EXECUTING
14:21:11 INFO  State of operation 13882434 : EXECUTING
14:21:13 INFO  State of operation 13882434 : EXECUTING
14:21:15 INFO  State of operation 13882434 : EXECUTING
14:21:18 INFO  State of operation 13882434 : EXECUTING
14:21:20 INFO  State of operation 13882434 : EXECUTING
14:21:22 INFO  State of operation 13882434 : EXECUTING
14:21:24 INFO  State of operation 13882434 : EXECUTING
14:21:27 INFO  State of operation 13882434 : EXECUTING
14:21:30 INFO  State of operation 13882434 : EXECUTING
14:21:32 INFO  State of operation 13882434 : EXECUTING
14:21:34 INFO  State of operation 13882434 : EXECUTING
14:21:37 INFO  State of operation 13882434 : EXECUTING
14:21:39 INFO  State of operation 13882434 : EXECUTING
14:21:41 INFO  State of operation 13882434 : EXECUTING
14:21:43 INFO  State of operation 13882434 : EXECUTING
14:21:46 INFO  State of operation 13882434 : EXECUTING
14:21:48 INFO  State of operation 13882434 : EXECUTING
14:21:50 INFO  State of operation 13882434 : EXECUTING
14:21:52 INFO  State of operation 13882434 : EXECUTING
14:21:54 INFO  State of operation 13882434 : EXECUTING
14:21:56 INFO  State of operation 13882434 : SUCCESSFUL
14:21:56 DEBUG --- test validate
14:21:57 INFO  Assert that (False == value) with value=False ... passed
14:21:57 DEBUG --- test cleanup
14:21:57 INFO  
14:21:57 INFO  cleanup:
14:21:57 DEBUG Running registered cleanup function: &lt;bound method SoftwareManagement.mysmcleanup of &lt;PySysTest object at 0x75ce3a70&gt;&gt;
14:21:57 DEBUG Running registered cleanup function: &lt;bound method EnvironmentC8y.myenvcleanup of &lt;PySysTest object at 0x75ce3a70&gt;&gt;
14:21:57 DEBUG EnvironmentC8y Cleanup
14:21:57 DEBUG Process parameters for sudo&lt;tedge_disconnect_c8y&gt;
  command line : /usr/bin/sudo /usr/bin/tedge disconnect c8y
    arg #1     : /usr/bin/tedge
    arg #2     : disconnect
    arg #3     : c8y
  working dir  : /home/pi/actions-runner/_work/thin-edge.io/thin-edge.io/tests/PySys/software_management_end_to_end/sm_apt_install_remove_default/Output/linux
  stdout       : /home/pi/actions-runner/_work/thin-edge.io/thin-edge.io/tests/PySys/software_management_end_to_end/sm_apt_install_remove_default/Output/linux/tedge_disconnect_c8y.out
  stderr       : /home/pi/actions-runner/_work/thin-edge.io/thin-edge.io/tests/PySys/software_management_end_to_end/sm_apt_install_remove_default/Output/linux/tedge_disconnect_c8y.err
  environment  : LD_LIBRARY_PATH=/usr/lib
  environment  : PATH=/bin:/usr/bin:/usr/sbin:/usr/local/bin
                   #1  /bin
                   #2  /usr/bin
                   #3  /usr/sbin
                   #4  /usr/local/bin
14:21:57 DEBUG Waiting up to 600 secs for process sudo&lt;tedge_disconnect_c8y&gt; (pid 25002)
14:22:00 INFO  Executed sudo&lt;tedge_disconnect_c8y&gt;, exit status 0
14:22:00 DEBUG Process parameters for systemctl&lt;serv_mapper5&gt;
  command line : /usr/bin/systemctl status tedge-mapper-c8y
    arg #1     : status
    arg #2     : tedge-mapper-c8y
  working dir  : /home/pi/actions-runner/_work/thin-edge.io/thin-edge.io/tests/PySys/software_management_end_to_end/sm_apt_install_remove_default/Output/linux
  stdout       : /home/pi/actions-runner/_work/thin-edge.io/thin-edge.io/tests/PySys/software_management_end_to_end/sm_apt_install_remove_default/Output/linux/serv_mapper5.out
  stderr       : /home/pi/actions-runner/_work/thin-edge.io/thin-edge.io/tests/PySys/software_management_end_to_end/sm_apt_install_remove_default/Output/linux/serv_mapper5.err
  environment  : LD_LIBRARY_PATH=/usr/lib
  environment  : PATH=/bin:/usr/bin:/usr/sbin:/usr/local/bin
                   #1  /bin
                   #2  /usr/bin
                   #3  /usr/sbin
                   #4  /usr/local/bin
14:22:00 DEBUG Waiting up to 600 secs for process systemctl&lt;serv_mapper5&gt; (pid 25061)
14:22:00 INFO  Executed systemctl&lt;serv_mapper5&gt;, exit status 3
14:22:00 DEBUG ProcessUser cleanup function done.
14:22:00 INFO  
14:22:00 INFO  Test duration: 108.29 secs
14:22:00 INFO  Test final outcome:  FAILED
14:22:00 INFO  Test outcome reason: Assert that (False == value) with value=True
14:22:00 INFO  
</system-out>
	</testcase>
</testsuite>
