<?xml version="1.0" encoding="utf-8"?>
<testsuite failures="1" name="apt_wrong_option" skipped="0" tests="1" time="0.35" timestamp="2022-02-22T10:59:59">
	<testcase classname="AptPluginWrongOption" name="apt_wrong_option">
		<failure message="BLOCKED: sudo&lt;outp&gt; returned exit code 2 (expected ==1)" type="BLOCKED"/>
		<system-out>10:59:58 INFO  ==============================================================
10:59:58 INFO  Id:    apt_wrong_option
10:59:58 INFO  Dir:   plugin_apt/
10:59:58 INFO  Title: Validate apt plugin install
10:59:58 DEBUG Execution order hint: 0.0
10:59:58 INFO  ==============================================================
10:59:58 DEBUG --- test execute
10:59:58 DEBUG Process parameters for sudo&lt;outp&gt;
  command line : /usr/bin/sudo /etc/tedge/sm-plugins/apt nonsense
    arg #1     : /etc/tedge/sm-plugins/apt
    arg #2     : nonsense
  working dir  : /home/pi/actions-runner/_work/thin-edge.io/thin-edge.io/tests/PySys/plugin_apt/apt_wrong_option/Output/linux
  stdout       : /home/pi/actions-runner/_work/thin-edge.io/thin-edge.io/tests/PySys/plugin_apt/apt_wrong_option/Output/linux/outp.out
  stderr       : /home/pi/actions-runner/_work/thin-edge.io/thin-edge.io/tests/PySys/plugin_apt/apt_wrong_option/Output/linux/outp.err
  environment  : LD_LIBRARY_PATH=/usr/lib
  environment  : PATH=/bin:/usr/bin:/usr/sbin:/usr/local/bin
                   #1  /bin
                   #2  /usr/bin
                   #3  /usr/sbin
                   #4  /usr/local/bin
10:59:58 DEBUG Waiting up to 600 secs for process sudo&lt;outp&gt; (pid 1165)
10:59:59 WARN  Executed sudo&lt;outp&gt;, exit status 2
10:59:59 DEBUG Opening file using encoding=UTF-8: /home/pi/actions-runner/_work/thin-edge.io/thin-edge.io/tests/PySys/plugin_apt/apt_wrong_option/Output/linux/outp.err
10:59:59 INFO  Contents of outp.err: 
10:59:59 INFO    error: Found argument 'nonsense' which wasn't expected, or isn't valid in this context
10:59:59 INFO    USAGE:
10:59:59 INFO        apt &lt;SUBCOMMAND&gt;
10:59:59 INFO    For more information try --help
10:59:59 INFO    -----
10:59:59 INFO  
10:59:59 WARN  sudo&lt;outp&gt; returned exit code 2 (expected ==1) ... blocked [environment_apt_plugin.py:70,run.py:17]
10:59:59 WARN  Aborted test due to BLOCKED outcome
10:59:59 DEBUG --- test cleanup
10:59:59 DEBUG ProcessUser cleanup function done.
10:59:59 INFO  
10:59:59 INFO  Test duration: 0.35 secs
10:59:59 INFO  Test final outcome:  BLOCKED
10:59:59 INFO  Test outcome reason: sudo&lt;outp&gt; returned exit code 2 (expected ==1)
10:59:59 INFO  
</system-out>
	</testcase>
</testsuite>
