<?xml version="1.0" encoding="utf-8"?>
<testsuite failures="0" name="apt_list_format" skipped="0" tests="1" time="2.05" timestamp="2022-03-29T16:59:20">
	<testcase classname="AptPluginListFormat" name="apt_list_format"/>
</testsuite>
