<?xml version="1.0" encoding="utf-8"?>
<testsuite failures="0" name="apt_sequence_remove_with_version_fail" skipped="0" tests="1" time="41.57" timestamp="2022-04-04T08:46:16">
	<testcase classname="AptPluginRemoveWithVersionFails" name="apt_sequence_remove_with_version_fail"/>
</testsuite>
