<?xml version="1.0" encoding="utf-8"?>
<testsuite failures="0" name="apt_fail_noarg" skipped="0" tests="1" time="3.52" timestamp="2022-04-04T08:36:03">
	<testcase classname="AptPluginFailNoArg" name="apt_fail_noarg"/>
</testsuite>
