<?xml version="1.0" encoding="utf-8"?>
<testsuite name="publish_sawmill_record_statistics_long" tests="1" failures="0" skipped="0" time="161.92">
	<testcase classname="PublishSawmillRecordStatisticsLong" name="publish_sawmill_record_statistics_long"/>
</testsuite>
