<?xml version="1.0" encoding="utf-8"?>
<testsuite failures="1" name="local_mqtt_pub_sub_retain" skipped="0" tests="1" time="6.14" timestamp="2022-05-30T09:07:08">
	<testcase classname="MqttPublishWithRetain" name="local_mqtt_pub_sub_retain">
		<failure message="FAILED: Grep on temp_sensor_sub.out contains &quot;\[test/alarms/temp_sensor\] alarm msg 2&quot; (+1 other failures)" type="FAILED"/>
		<system-out>09:07:02 INFO  ==============================================================
09:07:02 INFO  Id:    local_mqtt_pub_sub_retain
09:07:02 INFO  Dir:   local_mqtt/
09:07:02 INFO  Title: Validate local publishing with retain flag
09:07:02 INFO  ==============================================================
09:07:02 INFO  Executed tedge&lt;pub_to_set_alarm&gt;, exit status 0
09:07:03 INFO  Executed tedge&lt;pub_to_set_alarm&gt;, exit status 0
09:07:04 INFO  Started tedge&lt;temp_sensor_sub&gt; with process id 22144
09:07:04 INFO  Executed tedge&lt;pub_to_clear_alarm&gt;, exit status 0
09:07:06 INFO  Executed sudo&lt;kill_out&gt;, exit status 0
09:07:06 INFO  Executed tedge&lt;pub_to_clear_alarm&gt;, exit status 0
09:07:06 INFO  Started tedge&lt;temp_sensor_empty_message&gt; with process id 22149
09:07:08 INFO  Executed sudo&lt;kill_out&gt;, exit status 0
09:07:08 WARN  Grep on temp_sensor_sub.out contains &quot;\[test/alarms/temp_sensor\] alarm msg 2&quot; ... failed [run.py:139]
09:07:08 WARN  Grep on temp_sensor_sub.out contains &quot;\[test/alarms/temp_sensor\] &quot; ... failed [run.py:142]
09:07:08 INFO  Grep on file temp_sensor_empty_message.out ... passed
09:07:08 INFO  
09:07:08 INFO  Test duration: 6.14 secs
09:07:08 INFO  Test final outcome:  FAILED
09:07:08 INFO  Test outcome reason: Grep on temp_sensor_sub.out contains &quot;\[test/alarms/temp_sensor\] alarm msg 2&quot; (+1 other failures)
09:07:08 INFO  
</system-out>
	</testcase>
</testsuite>
