<?xml version="1.0" encoding="utf-8"?>
<testsuite failures="0" name="docker_plugin_update" skipped="1" tests="1" time="0.02" timestamp="2022-05-03T07:53:53">
	<testcase classname="DockerPluginUpdateTest" name="docker_plugin_update">
		<skipped message="SKIPPED: Testing the docker plugin is not supported on this platform.To run it, all the test with -XmyPlatform='container'"/>
		<system-out>07:53:53 INFO  ==============================================================
07:53:53 INFO  Id:    docker_plugin_update
07:53:53 INFO  Dir:   plugin_docker/
07:53:53 INFO  Title: Validate docker plugin install updates existing containers
07:53:53 INFO  ==============================================================
07:53:53 INFO  Testing the docker plugin is not supported on this platform.To run it, all the test with -XmyPlatform='container' ... skipped
07:53:53 WARN  Aborted test due to SKIPPED outcome
07:53:53 INFO  
07:53:53 INFO  Test duration: 0.02 secs
07:53:53 INFO  Test final outcome:  SKIPPED
07:53:53 INFO  Test outcome reason: Testing the docker plugin is not supported on this platform.To run it, all the test with -XmyPlatform='container'
07:53:53 INFO  
</system-out>
	</testcase>
</testsuite>
