<?xml version="1.0" encoding="utf-8"?>
<testsuite failures="1" name="log_request_num_lines" skipped="0" tests="1" time="31.95" timestamp="2022-04-28T07:23:06">
	<testcase classname="LogRequestVerifyNumberOfLines" name="log_request_num_lines">
		<failure message="FAILED: Assert that (True == value) with value=False" type="FAILED"/>
		<system-out>07:22:34 INFO  ==============================================================
07:22:34 INFO  Id:    log_request_num_lines
07:22:34 INFO  Dir:   log_request_end_to_end/
07:22:34 INFO  Title: Validate end to end behaviour for the log request operation check for number of lines
07:22:34 INFO  ==============================================================
07:22:34 INFO  EnvironmentC8y Setup
07:22:34 INFO  Executed systemctl&lt;serv_mapper1&gt;, exit status 3
07:22:35 INFO  Restarting mosquitto too frequently in the last 10 seconds. It was only up for 5 seconds
07:22:35 INFO  Delaying execution by 6 seconds
07:22:55 INFO  Executed sudo&lt;tedge_connect_c8y&gt;, exit status 0, duration 14 secs
07:22:56 INFO  Executed sudo&lt;tedge_connect_c8y_test&gt;, exit status 0
07:22:56 INFO  Executed systemctl&lt;serv_mosq2&gt;, exit status 0
07:22:57 INFO  Executed systemctl&lt;serv_mapper3&gt;, exit status 0
07:22:57 INFO  Executed sudo&lt;rm_logs&gt;, exit status 0
07:22:58 INFO  Executed sudo&lt;move_logs&gt;, exit status 0
07:22:58 INFO  log response None
07:22:58 WARN  retry, retrying in 1 seconds...
07:22:59 INFO  log response https://thin-edge-io.eu-latest.cumulocity.com/event/events/17820966/binaries
07:23:00 INFO  nlines 0
07:23:00 WARN  Assert that (True == value) with value=False ... failed [run.py:44]
07:23:00 INFO  
07:23:00 INFO  cleanup:
07:23:00 INFO  Executed sudo&lt;rm_logs&gt;, exit status 0
07:23:01 INFO  Executed sudo&lt;rm_tmp_logs&gt;, exit status 0
07:23:01 INFO  Executed sudo&lt;send_failed&gt;, exit status 0
07:23:05 INFO  Executed sudo&lt;tedge_disconnect_c8y&gt;, exit status 0
07:23:06 INFO  Executed systemctl&lt;serv_mapper5&gt;, exit status 3
07:23:06 INFO  
07:23:06 INFO  Test duration: 31.95 secs
07:23:06 INFO  Test final outcome:  FAILED
07:23:06 INFO  Test outcome reason: Assert that (True == value) with value=False
07:23:06 INFO  
</system-out>
	</testcase>
</testsuite>
