<?xml version="1.0" encoding="utf-8"?>
<testsuite failures="0" name="apt_prepare" skipped="1" tests="1" time="0.03" timestamp="2022-04-29T09:09:30">
	<testcase classname="AptPluginPrepare" name="apt_prepare">
		<skipped message="SKIPPED: Testing the apt plugin is not supported on this platform.To run the tests call PySys with -XmyPlatform='container'"/>
		<system-out>09:09:30 INFO  ==============================================================
09:09:30 INFO  Id:    apt_prepare
09:09:30 INFO  Dir:   plugin_apt/
09:09:30 INFO  Title: Validate apt plugin install - dense version
09:09:30 INFO  ==============================================================
09:09:30 INFO  Testing the apt plugin is not supported on this platform.To run the tests call PySys with -XmyPlatform='container' ... skipped
09:09:30 WARN  Aborted test due to SKIPPED outcome
09:09:30 INFO  
09:09:30 INFO  Test duration: 0.03 secs
09:09:30 INFO  Test final outcome:  SKIPPED
09:09:30 INFO  Test outcome reason: Testing the apt plugin is not supported on this platform.To run the tests call PySys with -XmyPlatform='container'
09:09:30 INFO  
</system-out>
	</testcase>
</testsuite>
