<?xml version="1.0" encoding="utf-8"?>
<testsuite failures="0" name="log_request_error_messages" skipped="1" tests="1" time="1.8" timestamp="2022-05-09T06:59:24">
	<testcase classname="LogRequestVerifySearchTextError" name="log_request_error_messages">
		<skipped message="SKIPPED: Test execution disabled due to #1123"/>
		<system-out>06:59:23 INFO  ==============================================================
06:59:23 INFO  Id:    log_request_error_messages
06:59:23 INFO  Dir:   log_request_end_to_end/
06:59:23 INFO  Title: Validate end to end behaviour for the log request operation check for error messages
06:59:23 INFO  ==============================================================
06:59:24 INFO  Test execution disabled due to #1123 ... skipped
06:59:24 INFO  
06:59:24 INFO  Test duration: 1.80 secs
06:59:24 INFO  Test final outcome:  SKIPPED
06:59:24 INFO  Test outcome reason: Test execution disabled due to #1123
06:59:24 INFO  
</system-out>
	</testcase>
</testsuite>
