<?xml version="1.0" encoding="utf-8"?>
<testsuite failures="0" name="monitoring_smaller_interval" skipped="1" tests="1" time="0.04" timestamp="2022-05-02T15:06:35">
	<testcase classname="MonitoringSmallInterval" name="monitoring_smaller_interval">
		<skipped message="SKIPPED: Fails due to retained message"/>
		<system-out>15:06:35 INFO  ==============================================================
15:06:35 INFO  Id:    monitoring_smaller_interval
15:06:35 INFO  Dir:   monitoring/
15:06:35 INFO  Title: Validate the tedge dm agent messages that are produced with smaller sampling interval than the batching window. Here the simulated collectd messages are used
15:06:35 INFO  ==============================================================
15:06:35 INFO  Fails due to retained message ... skipped
15:06:35 INFO  
15:06:35 INFO  Test duration: 0.04 secs
15:06:35 INFO  Test final outcome:  SKIPPED
15:06:35 INFO  Test outcome reason: Fails due to retained message
15:06:35 INFO  
</system-out>
	</testcase>
</testsuite>
