<?xml version="1.0" encoding="utf-8"?>
<testsuite failures="0" name="apt_update_list" skipped="1" tests="1" time="0.04" timestamp="2022-05-11T11:32:40">
	<testcase classname="AptPluginUpdateList" name="apt_update_list">
		<skipped message="SKIPPED: Testing the apt plugin is not supported on this platform.To run the tests call PySys with -XmyPlatform='container'"/>
		<system-out>11:32:40 INFO  ==============================================================
11:32:40 INFO  Id:    apt_update_list
11:32:40 INFO  Dir:   plugin_apt/
11:32:40 INFO  Title: Validate apt plugin update-list command use case
11:32:40 INFO  ==============================================================
11:32:40 INFO  Testing the apt plugin is not supported on this platform.To run the tests call PySys with -XmyPlatform='container' ... skipped
11:32:40 WARN  Aborted test due to SKIPPED outcome
11:32:40 INFO  
11:32:40 INFO  Test duration: 0.04 secs
11:32:40 INFO  Test final outcome:  SKIPPED
11:32:40 INFO  Test outcome reason: Testing the apt plugin is not supported on this platform.To run the tests call PySys with -XmyPlatform='container'
11:32:40 INFO  
</system-out>
	</testcase>
</testsuite>
