<?xml version="1.0" encoding="utf-8"?>
<testsuite failures="0" name="log_request_num_lines" skipped="1" tests="1" time="0.03" timestamp="2022-05-11T11:31:06">
	<testcase classname="LogRequestVerifyNumberOfLines" name="log_request_num_lines">
		<skipped message="SKIPPED: Test execution disabled due to #1123"/>
		<system-out>11:31:06 INFO  ==============================================================
11:31:06 INFO  Id:    log_request_num_lines
11:31:06 INFO  Dir:   log_request_end_to_end/
11:31:06 INFO  Title: Validate end to end behaviour for the log request operation check for number of lines
11:31:06 INFO  ==============================================================
11:31:06 INFO  Test execution disabled due to #1123 ... skipped
11:31:06 INFO  
11:31:06 INFO  Test duration: 0.03 secs
11:31:06 INFO  Test final outcome:  SKIPPED
11:31:06 INFO  Test outcome reason: Test execution disabled due to #1123
11:31:06 INFO  
</system-out>
	</testcase>
</testsuite>
