<?xml version="1.0" encoding="utf-8"?>
<testsuite failures="0" name="pysys_fail" skipped="1" tests="1" time="0.01" timestamp="2022-05-03T07:53:15">
	<testcase classname="Fail" name="pysys_fail">
		<skipped message="SKIPPED: Enable this to observe a failing test"/>
		<system-out>07:53:15 INFO  ==============================================================
07:53:15 INFO  Id:    pysys_fail
07:53:15 INFO  Dir:   misc_features/
07:53:15 INFO  Title: fail
07:53:15 INFO  ==============================================================
07:53:15 INFO  Enable this to observe a failing test ... skipped
07:53:15 INFO  
07:53:15 INFO  Test duration: 0.01 secs
07:53:15 INFO  Test final outcome:  SKIPPED
07:53:15 INFO  Test outcome reason: Enable this to observe a failing test
07:53:15 INFO  
</system-out>
	</testcase>
</testsuite>
