<?xml version="1.0" encoding="utf-8"?>
<testsuite failures="1" name="smoketest_smartrest_200_samples_20ms" skipped="0" tests="1" time="0.03" timestamp="2022-04-29T09:17:22">
	<testcase classname="SmoketestSmartRest200Samples20ms" name="smoketest_smartrest_200_samples_20ms">
		<failure message="BLOCKED: Failed to set up test: 'SmoketestSmartRest200Samples20ms'" type="BLOCKED"/>
		<system-out>09:17:22 INFO  ==============================================================
09:17:22 INFO  Id:    smoketest_smartrest_200_samples_20ms
09:17:22 INFO  Dir:   smoketests/
09:17:22 INFO  Title: Smoketest SmartRest 200 Samples 20ms Delay
09:17:22 INFO  ==============================================================
09:17:22 WARN  Failed to set up test: 'SmoketestSmartRest200Samples20ms' ... blocked 
09:17:22 ERROR Caught KeyError while setting up test smoketest_smartrest_200_samples_20ms: 'SmoketestSmartRest200Samples20ms'
Traceback (most recent call last):
  File &quot;/home/pi/env-pysys/lib/python3.7/site-packages/pysys/baserunner.py&quot;, line 1229, in __call__
    clazz = runpy_namespace[self.descriptor.classname]
KeyError: 'SmoketestSmartRest200Samples20ms'
09:17:22 INFO  
09:17:22 INFO  Test duration: 0.03 secs
09:17:22 INFO  Test final outcome:  BLOCKED
09:17:22 INFO  Test outcome reason: Failed to set up test: 'SmoketestSmartRest200Samples20ms'
09:17:22 INFO  
</system-out>
	</testcase>
</testsuite>
