<?xml version="1.0" encoding="utf-8"?>
<testsuite failures="0" name="monitoring_smaller_interval" skipped="1" tests="1" time="0.02" timestamp="2022-05-16T07:21:58">
	<testcase classname="MonitoringSmallInterval" name="monitoring_smaller_interval">
		<skipped message="SKIPPED: Fails due to retained message"/>
		<system-out>07:21:58 INFO  ==============================================================
07:21:58 INFO  Id:    monitoring_smaller_interval
07:21:58 INFO  Dir:   monitoring/
07:21:58 INFO  Title: Validate the tedge dm agent messages that are produced with smaller sampling interval than the batching window. Here the simulated collectd messages are used
07:21:58 INFO  ==============================================================
07:21:58 INFO  Fails due to retained message ... skipped
07:21:58 INFO  
07:21:58 INFO  Test duration: 0.02 secs
07:21:58 INFO  Test final outcome:  SKIPPED
07:21:58 INFO  Test outcome reason: Fails due to retained message
07:21:58 INFO  
</system-out>
	</testcase>
</testsuite>
