<?xml version="1.0" encoding="utf-8"?>
<testsuite failures="0" name="tedge_agent_user_sudo_access" skipped="1" tests="1" time="0.04" timestamp="2022-04-28T07:33:02">
	<testcase classname="TedgeAgentUserSudoAccess" name="tedge_agent_user_sudo_access">
		<skipped message="SKIPPED: #955 Observation: Exit code of the apt plugin when called with no arguments"/>
		<system-out>07:33:02 INFO  ==============================================================
07:33:02 INFO  Id:    tedge_agent_user_sudo_access
07:33:02 INFO  Dir:   tedge/
07:33:02 INFO  Title: Validate tedge-agent user has a limited sudo right
07:33:02 INFO  ==============================================================
07:33:02 INFO  #955 Observation: Exit code of the apt plugin when called with no arguments ... skipped
07:33:02 INFO  
07:33:02 INFO  Test duration: 0.04 secs
07:33:02 INFO  Test final outcome:  SKIPPED
07:33:02 INFO  Test outcome reason: #955 Observation: Exit code of the apt plugin when called with no arguments
07:33:02 INFO  
</system-out>
	</testcase>
</testsuite>
