<?xml version="1.0" encoding="utf-8"?>
<testsuite failures="1" name="log_request_error_messages" skipped="0" tests="1" time="35.51" timestamp="2022-04-28T07:22:34">
	<testcase classname="LogRequestVerifySearchTextError" name="log_request_error_messages">
		<failure message="FAILED: Assert that (True == value) with value=False" type="FAILED"/>
		<system-out>07:21:58 INFO  ==============================================================
07:21:58 INFO  Id:    log_request_error_messages
07:21:58 INFO  Dir:   log_request_end_to_end/
07:21:58 INFO  Title: Validate end to end behaviour for the log request operation check for error messages
07:21:58 INFO  ==============================================================
07:22:00 INFO  EnvironmentC8y Setup
07:22:00 INFO  Executed systemctl&lt;serv_mapper1&gt;, exit status 3
07:22:01 INFO  Restarting mosquitto too frequently in the last 10 seconds. It was only up for 3 seconds
07:22:01 INFO  Delaying execution by 8 seconds
07:22:23 INFO  Executed sudo&lt;tedge_connect_c8y&gt;, exit status 0, duration 13 secs
07:22:23 INFO  Executed sudo&lt;tedge_connect_c8y_test&gt;, exit status 0
07:22:24 INFO  Executed systemctl&lt;serv_mosq2&gt;, exit status 0
07:22:24 INFO  Executed systemctl&lt;serv_mapper3&gt;, exit status 0
07:22:25 INFO  Executed sudo&lt;rm_logs&gt;, exit status 0
07:22:25 INFO  Executed sudo&lt;move_logs&gt;, exit status 0
07:22:26 INFO  log response None
07:22:26 WARN  retry, retrying in 1 seconds...
07:22:27 INFO  log response https://thin-edge-io.eu-latest.cumulocity.com/event/events/17834396/binaries
07:22:28 WARN  Assert that (True == value) with value=False ... failed [run.py:43]
07:22:28 INFO  
07:22:28 INFO  cleanup:
07:22:28 INFO  Executed sudo&lt;rm_logs&gt;, exit status 0
07:22:29 INFO  Executed sudo&lt;rm_tmp_logs&gt;, exit status 0
07:22:29 INFO  Executed sudo&lt;send_failed&gt;, exit status 0
07:22:33 INFO  Executed sudo&lt;tedge_disconnect_c8y&gt;, exit status 0
07:22:34 INFO  Executed systemctl&lt;serv_mapper5&gt;, exit status 3
07:22:34 INFO  
07:22:34 INFO  Test duration: 35.51 secs
07:22:34 INFO  Test final outcome:  FAILED
07:22:34 INFO  Test outcome reason: Assert that (True == value) with value=False
07:22:34 INFO  
</system-out>
	</testcase>
</testsuite>
