<?xml version="1.0" encoding="utf-8"?>
<testsuite failures="0" name="log_request_error_messages" skipped="1" tests="1" time="1.45" timestamp="2022-05-10T19:26:55">
	<testcase classname="LogRequestVerifySearchTextError" name="log_request_error_messages">
		<skipped message="SKIPPED: Test execution disabled due to #1123"/>
		<system-out>19:26:53 INFO  ==============================================================
19:26:53 INFO  Id:    log_request_error_messages
19:26:53 INFO  Dir:   log_request_end_to_end/
19:26:53 INFO  Title: Validate end to end behaviour for the log request operation check for error messages
19:26:53 INFO  ==============================================================
19:26:55 INFO  Test execution disabled due to #1123 ... skipped
19:26:55 INFO  
19:26:55 INFO  Test duration: 1.45 secs
19:26:55 INFO  Test final outcome:  SKIPPED
19:26:55 INFO  Test outcome reason: Test execution disabled due to #1123
19:26:55 INFO  
</system-out>
	</testcase>
</testsuite>
