<?xml version="1.0" encoding="utf-8"?>
<testsuite failures="0" name="SoftwareManagement.Plugin.apama_plugin_install" skipped="1" tests="1" time="0.05" timestamp="2022-04-28T15:28:18">
	<testcase classname="ApamaPluginInstallTest" name="SoftwareManagement.Plugin.apama_plugin_install">
		<skipped message="SKIPPED: Apama plugin tests are disabled by default. Execute `pysys run` with `-XmyPlatform=container` to run these tests"/>
		<system-out>15:28:18 INFO  ==============================================================
15:28:18 INFO  Id:    SoftwareManagement.Plugin.apama_plugin_install
15:28:18 INFO  Dir:   plugin_apama/
15:28:18 INFO  Title: Validate apama plugin install
15:28:18 INFO  ==============================================================
15:28:18 INFO  Apama plugin tests are disabled by default. Execute `pysys run` with `-XmyPlatform=container` to run these tests ... skipped
15:28:18 WARN  Aborted test due to SKIPPED outcome
15:28:18 INFO  
15:28:18 INFO  Test duration: 0.05 secs
15:28:18 INFO  Test final outcome:  SKIPPED
15:28:18 INFO  Test outcome reason: Apama plugin tests are disabled by default. Execute `pysys run` with `-XmyPlatform=container` to run these tests
15:28:18 INFO  
</system-out>
	</testcase>
</testsuite>
