<?xml version="1.0" encoding="utf-8"?>
<testsuite failures="0" name="custom_init_system" skipped="0" tests="1" time="28.98" timestamp="2022-04-29T09:08:06">
	<testcase classname="CustomInitSystem" name="custom_init_system"/>
</testsuite>
