<?xml version="1.0" encoding="utf-8"?>
<testsuite failures="0" name="log_request_error_messages" skipped="1" tests="1" time="1.57" timestamp="2022-05-23T09:12:39">
	<testcase classname="LogRequestVerifySearchTextError" name="log_request_error_messages">
		<skipped message="SKIPPED: Test execution disabled due to #1123"/>
		<system-out>09:12:38 INFO  ==============================================================
09:12:38 INFO  Id:    log_request_error_messages
09:12:38 INFO  Dir:   log_request_end_to_end/
09:12:38 INFO  Title: Validate end to end behaviour for the log request operation check for error messages
09:12:38 INFO  ==============================================================
09:12:39 INFO  Test execution disabled due to #1123 ... skipped
09:12:39 INFO  
09:12:39 INFO  Test duration: 1.57 secs
09:12:39 INFO  Test final outcome:  SKIPPED
09:12:39 INFO  Test outcome reason: Test execution disabled due to #1123
09:12:39 INFO  
</system-out>
	</testcase>
</testsuite>
