<?xml version="1.0" encoding="utf-8"?>
<testsuite failures="0" name="log_request_num_lines" skipped="1" tests="1" time="0.02" timestamp="2022-05-30T09:07:14">
	<testcase classname="LogRequestVerifyNumberOfLines" name="log_request_num_lines">
		<skipped message="SKIPPED: Test execution disabled due to #1123"/>
		<system-out>09:07:14 INFO  ==============================================================
09:07:14 INFO  Id:    log_request_num_lines
09:07:14 INFO  Dir:   log_request_end_to_end/
09:07:14 INFO  Title: Validate end to end behaviour for the log request operation check for number of lines
09:07:14 INFO  ==============================================================
09:07:14 INFO  Test execution disabled due to #1123 ... skipped
09:07:14 INFO  
09:07:14 INFO  Test duration: 0.02 secs
09:07:14 INFO  Test final outcome:  SKIPPED
09:07:14 INFO  Test outcome reason: Test execution disabled due to #1123
09:07:14 INFO  
</system-out>
	</testcase>
</testsuite>
