<?xml version="1.0" encoding="utf-8"?>
<testsuite failures="0" name="docker_plugin_remove" skipped="1" tests="1" time="0.02" timestamp="2022-05-03T07:53:52">
	<testcase classname="DockerPluginRemoveTest" name="docker_plugin_remove">
		<skipped message="SKIPPED: Testing the docker plugin is not supported on this platform.To run it, all the test with -XmyPlatform='container'"/>
		<system-out>07:53:52 INFO  ==============================================================
07:53:52 INFO  Id:    docker_plugin_remove
07:53:52 INFO  Dir:   plugin_docker/
07:53:52 INFO  Title: Validate docker plugin remove
07:53:52 INFO  ==============================================================
07:53:52 INFO  Testing the docker plugin is not supported on this platform.To run it, all the test with -XmyPlatform='container' ... skipped
07:53:52 WARN  Aborted test due to SKIPPED outcome
07:53:52 INFO  
07:53:52 INFO  Test duration: 0.02 secs
07:53:52 INFO  Test final outcome:  SKIPPED
07:53:52 INFO  Test outcome reason: Testing the docker plugin is not supported on this platform.To run it, all the test with -XmyPlatform='container'
07:53:52 INFO  
</system-out>
	</testcase>
</testsuite>
