<?xml version="1.0" encoding="utf-8"?>
<testsuite failures="0" name="pysys_block" skipped="1" tests="1" time="0.02" timestamp="2022-05-02T15:06:04">
	<testcase classname="Fail" name="pysys_block">
		<skipped message="SKIPPED: Enable this to observe a blocking test"/>
		<system-out>15:06:04 INFO  ==============================================================
15:06:04 INFO  Id:    pysys_block
15:06:04 INFO  Dir:   misc_features/
15:06:04 INFO  Title: fail
15:06:04 INFO  ==============================================================
15:06:04 INFO  Enable this to observe a blocking test ... skipped
15:06:04 INFO  
15:06:04 INFO  Test duration: 0.02 secs
15:06:04 INFO  Test final outcome:  SKIPPED
15:06:04 INFO  Test outcome reason: Enable this to observe a blocking test
15:06:04 INFO  
</system-out>
	</testcase>
</testsuite>
