<?xml version="1.0" encoding="utf-8"?>
<testsuite failures="0" name="SoftwareManagement.Plugin.apama_plugin_mon_support" skipped="1" tests="1" time="0.02" timestamp="2022-04-28T07:24:35">
	<testcase classname="ApamaPluginMonSupportTest" name="SoftwareManagement.Plugin.apama_plugin_mon_support">
		<skipped message="SKIPPED: Apama plugin tests are disabled by default. Execute `pysys run` with `-XmyPlatform=container` to run these tests"/>
		<system-out>07:24:35 INFO  ==============================================================
07:24:35 INFO  Id:    SoftwareManagement.Plugin.apama_plugin_mon_support
07:24:35 INFO  Dir:   plugin_apama/
07:24:35 INFO  Title: Validate mon file support of apama plugin
07:24:35 INFO  ==============================================================
07:24:35 INFO  Apama plugin tests are disabled by default. Execute `pysys run` with `-XmyPlatform=container` to run these tests ... skipped
07:24:35 WARN  Aborted test due to SKIPPED outcome
07:24:35 INFO  
07:24:35 INFO  Test duration: 0.02 secs
07:24:35 INFO  Test final outcome:  SKIPPED
07:24:35 INFO  Test outcome reason: Apama plugin tests are disabled by default. Execute `pysys run` with `-XmyPlatform=container` to run these tests
07:24:35 INFO  
</system-out>
	</testcase>
</testsuite>
