<?xml version="1.0" encoding="utf-8"?>
<testsuite failures="0" name="SoftwareManagement.sm_apt_install_remove_default" skipped="1" tests="1" time="0.05" timestamp="2022-04-28T15:36:15">
	<testcase classname="PySysTest" name="SoftwareManagement.sm_apt_install_remove_default">
		<skipped message="SKIPPED: Testing the apt plugin is not supported on this platform.Use parameter -XmyPlatform='container' to enable it"/>
		<system-out>15:36:15 INFO  ==============================================================
15:36:15 INFO  Id:    SoftwareManagement.sm_apt_install_remove_default
15:36:15 INFO  Dir:   software_management_end_to_end/
15:36:15 INFO  Title: Validate end to end behaviour for the default plugin for installation and removal of packages
15:36:15 INFO  ==============================================================
15:36:15 INFO  Testing the apt plugin is not supported on this platform.Use parameter -XmyPlatform='container' to enable it ... skipped
15:36:15 WARN  Aborted test due to SKIPPED outcome
15:36:15 INFO  
15:36:15 INFO  Test duration: 0.05 secs
15:36:15 INFO  Test final outcome:  SKIPPED
15:36:15 INFO  Test outcome reason: Testing the apt plugin is not supported on this platform.Use parameter -XmyPlatform='container' to enable it
15:36:15 INFO  
</system-out>
	</testcase>
</testsuite>
