<?xml version="1.0" encoding="utf-8"?>
<testsuite failures="0" name="apt_sequence_remove_with_version_fail" skipped="1" tests="1" time="0.03" timestamp="2022-05-16T07:22:03">
	<testcase classname="AptPluginRemoveWithVersionFails" name="apt_sequence_remove_with_version_fail">
		<skipped message="SKIPPED: Testing the apt plugin is not supported on this platform.To run the tests call PySys with -XmyPlatform='container'"/>
		<system-out>07:22:03 INFO  ==============================================================
07:22:03 INFO  Id:    apt_sequence_remove_with_version_fail
07:22:03 INFO  Dir:   plugin_apt/
07:22:03 INFO  Title: Validate apt plugin remove with version fails when the version not found
07:22:03 INFO  ==============================================================
07:22:03 INFO  Testing the apt plugin is not supported on this platform.To run the tests call PySys with -XmyPlatform='container' ... skipped
07:22:03 WARN  Aborted test due to SKIPPED outcome
07:22:03 INFO  
07:22:03 INFO  Test duration: 0.03 secs
07:22:03 INFO  Test final outcome:  SKIPPED
07:22:03 INFO  Test outcome reason: Testing the apt plugin is not supported on this platform.To run the tests call PySys with -XmyPlatform='container'
07:22:03 INFO  
</system-out>
	</testcase>
</testsuite>
