<?xml version="1.0" encoding="utf-8"?>
<testsuite failures="0" name="log_request_num_lines" skipped="1" tests="1" time="0.04" timestamp="2022-05-09T06:59:25">
	<testcase classname="LogRequestVerifyNumberOfLines" name="log_request_num_lines">
		<skipped message="SKIPPED: Test execution disabled due to #1123"/>
		<system-out>06:59:24 INFO  ==============================================================
06:59:24 INFO  Id:    log_request_num_lines
06:59:24 INFO  Dir:   log_request_end_to_end/
06:59:24 INFO  Title: Validate end to end behaviour for the log request operation check for number of lines
06:59:24 INFO  ==============================================================
06:59:24 INFO  Test execution disabled due to #1123 ... skipped
06:59:25 INFO  
06:59:25 INFO  Test duration: 0.04 secs
06:59:25 INFO  Test final outcome:  SKIPPED
06:59:25 INFO  Test outcome reason: Test execution disabled due to #1123
06:59:25 INFO  
</system-out>
	</testcase>
</testsuite>
