<?xml version="1.0" encoding="utf-8"?>
<testsuite failures="0" name="publish_sawmill" skipped="0" tests="1" time="79.27" timestamp="2022-04-27T14:25:06">
	<testcase classname="PublishSawmill" name="publish_sawmill"/>
</testsuite>
