<?xml version="1.0" encoding="utf-8"?>
<testsuite failures="1" name="log_request_num_lines" skipped="0" tests="1" time="32.93" timestamp="2022-05-03T07:52:18">
	<testcase classname="LogRequestVerifyNumberOfLines" name="log_request_num_lines">
		<failure message="FAILED: Assert that (True == value) with value=False" type="FAILED"/>
		<system-out>07:51:46 INFO  ==============================================================
07:51:46 INFO  Id:    log_request_num_lines
07:51:46 INFO  Dir:   log_request_end_to_end/
07:51:46 INFO  Title: Validate end to end behaviour for the log request operation check for number of lines
07:51:46 INFO  ==============================================================
07:51:46 INFO  EnvironmentC8y Setup
07:51:46 INFO  Executed systemctl&lt;serv_mapper1&gt;, exit status 3
07:51:46 INFO  Restarting mosquitto too frequently in the last 10 seconds. It was only up for 4 seconds
07:51:46 INFO  Delaying execution by 7 seconds
07:52:07 INFO  Executed sudo&lt;tedge_connect_c8y&gt;, exit status 0, duration 14 secs
07:52:08 INFO  Executed sudo&lt;tedge_connect_c8y_test&gt;, exit status 0
07:52:09 INFO  Executed systemctl&lt;serv_mosq2&gt;, exit status 0
07:52:09 INFO  Executed systemctl&lt;serv_mapper3&gt;, exit status 0
07:52:10 INFO  Executed sudo&lt;rm_logs&gt;, exit status 0
07:52:10 INFO  Executed sudo&lt;move_logs&gt;, exit status 0
07:52:11 INFO  log response None
07:52:11 WARN  retry, retrying in 1 seconds...
07:52:12 INFO  log response https://thin-edge-io.eu-latest.cumulocity.com/event/events/18245582/binaries
07:52:12 INFO  nlines 0
07:52:12 WARN  Assert that (True == value) with value=False ... failed [run.py:44]
07:52:12 INFO  
07:52:12 INFO  cleanup:
07:52:13 INFO  Executed sudo&lt;rm_logs&gt;, exit status 0
07:52:13 INFO  Executed sudo&lt;rm_tmp_logs&gt;, exit status 0
07:52:14 INFO  Executed sudo&lt;send_failed&gt;, exit status 0
07:52:18 INFO  Executed sudo&lt;tedge_disconnect_c8y&gt;, exit status 0
07:52:18 INFO  Executed systemctl&lt;serv_mapper5&gt;, exit status 3
07:52:18 INFO  
07:52:18 INFO  Test duration: 32.93 secs
07:52:18 INFO  Test final outcome:  FAILED
07:52:18 INFO  Test outcome reason: Assert that (True == value) with value=False
07:52:18 INFO  
</system-out>
	</testcase>
</testsuite>
