<?xml version="1.0" encoding="utf-8"?>
<testsuite failures="0" name="SoftwareManagement.sm_docker_install_remove_multiple" skipped="1" tests="1" time="0.05" timestamp="2022-05-03T08:03:29">
	<testcase classname="SMDockerInstallRemove" name="SoftwareManagement.sm_docker_install_remove_multiple">
		<skipped message="SKIPPED: Testing the apt plugin is not supported on this platform.Use parameter -XmyPlatform='container' to enable it"/>
		<system-out>08:03:29 INFO  ==============================================================
08:03:29 INFO  Id:    SoftwareManagement.sm_docker_install_remove_multiple
08:03:29 INFO  Dir:   software_management_end_to_end/
08:03:29 INFO  Title: Validate end to end behaviour for the docker plugin for multiple docker images with mixed versions
08:03:29 INFO  ==============================================================
08:03:29 INFO  Testing the apt plugin is not supported on this platform.Use parameter -XmyPlatform='container' to enable it ... skipped
08:03:29 WARN  Aborted test due to SKIPPED outcome
08:03:29 INFO  
08:03:29 INFO  Test duration: 0.05 secs
08:03:29 INFO  Test final outcome:  SKIPPED
08:03:29 INFO  Test outcome reason: Testing the apt plugin is not supported on this platform.Use parameter -XmyPlatform='container' to enable it
08:03:29 INFO  
</system-out>
	</testcase>
</testsuite>
