<?xml version="1.0" encoding="utf-8"?>
<testsuite failures="0" name="runtime_start_two_mappers" skipped="1" tests="1" time="0.09" timestamp="2022-05-09T07:14:12">
	<testcase classname="RuntimeMultiMappers" name="runtime_start_two_mappers">
		<skipped message="SKIPPED: Test execution disabled due to #1124"/>
		<system-out>07:14:12 INFO  ==============================================================
07:14:12 INFO  Id:    runtime_start_two_mappers
07:14:12 INFO  Dir:   tedge_mapper_c8y/
07:14:12 INFO  Title: Validate two mappers can't be started at the same time
07:14:12 INFO  ==============================================================
07:14:12 INFO  Test execution disabled due to #1124 ... skipped
07:14:12 INFO  
07:14:12 INFO  Test duration: 0.09 secs
07:14:12 INFO  Test final outcome:  SKIPPED
07:14:12 INFO  Test outcome reason: Test execution disabled due to #1124
07:14:12 INFO  
</system-out>
	</testcase>
</testsuite>
