<?xml version="1.0" encoding="utf-8"?>
<testsuite failures="0" name="pysys_block" skipped="1" tests="1" time="0.02" timestamp="2022-05-10T13:09:28">
	<testcase classname="Fail" name="pysys_block">
		<skipped message="SKIPPED: Enable this to observe a blocking test"/>
		<system-out>13:09:28 INFO  ==============================================================
13:09:28 INFO  Id:    pysys_block
13:09:28 INFO  Dir:   misc_features/
13:09:28 INFO  Title: fail
13:09:28 INFO  ==============================================================
13:09:28 INFO  Enable this to observe a blocking test ... skipped
13:09:28 INFO  
13:09:28 INFO  Test duration: 0.02 secs
13:09:28 INFO  Test final outcome:  SKIPPED
13:09:28 INFO  Test outcome reason: Enable this to observe a blocking test
13:09:28 INFO  
</system-out>
	</testcase>
</testsuite>
