<?xml version="1.0" encoding="utf-8"?>
<testsuite failures="0" name="docker_plugin_install" skipped="1" tests="1" time="0.02" timestamp="2022-04-27T14:22:34">
	<testcase classname="DockerPluginInstallTest" name="docker_plugin_install">
		<skipped message="SKIPPED: Testing the docker plugin is not supported on this platform.To run it, all the test with -XmyPlatform='container'"/>
		<system-out>14:22:34 INFO  ==============================================================
14:22:34 INFO  Id:    docker_plugin_install
14:22:34 INFO  Dir:   plugin_docker/
14:22:34 INFO  Title: Validate docker plugin install
14:22:34 INFO  ==============================================================
14:22:34 INFO  Testing the docker plugin is not supported on this platform.To run it, all the test with -XmyPlatform='container' ... skipped
14:22:34 WARN  Aborted test due to SKIPPED outcome
14:22:34 INFO  
14:22:34 INFO  Test duration: 0.02 secs
14:22:34 INFO  Test final outcome:  SKIPPED
14:22:34 INFO  Test outcome reason: Testing the docker plugin is not supported on this platform.To run it, all the test with -XmyPlatform='container'
14:22:34 INFO  
</system-out>
	</testcase>
</testsuite>
