<?xml version="1.0" encoding="utf-8"?>
<testsuite failures="0" name="publish_sawmill" skipped="0" tests="1" time="79.14" timestamp="2022-05-10T13:12:38">
	<testcase classname="PublishSawmill" name="publish_sawmill"/>
</testsuite>
