<?xml version="1.0" encoding="utf-8"?>
<testsuite failures="1" name="tedge_mapper_c8y_alarms" skipped="0" tests="1" time="31.39" timestamp="2022-04-19T13:44:03">
	<testcase classname="TedgeMapperC8yAlarm" name="tedge_mapper_c8y_alarms">
		<failure message="BLOCKED: IndexError: list index out of range" type="BLOCKED"/>
		<system-out>13:43:31 INFO  ==============================================================
13:43:31 INFO  Id:    tedge_mapper_c8y_alarms
13:43:31 INFO  Dir:   tedge_mapper_c8y/
13:43:31 INFO  Title: Validate that alarms sent to tedge/alarms topic \ gets mapped as alarms in Cumulocity
13:43:31 INFO  ==============================================================
13:43:31 INFO  EnvironmentC8y Setup
13:43:32 INFO  Executed systemctl&lt;serv_mapper1&gt;, exit status 3
13:43:47 INFO  Executed sudo&lt;tedge_connect_c8y&gt;, exit status 0, duration 14 secs
13:43:47 INFO  Executed sudo&lt;tedge_connect_c8y_test&gt;, exit status 0
13:43:48 INFO  Executed systemctl&lt;serv_mosq2&gt;, exit status 0
13:43:48 INFO  Executed systemctl&lt;serv_mapper3&gt;, exit status 0
13:43:54 INFO  Executed tedge, exit status 0
13:43:54 INFO  Executed tedge, exit status 0
13:43:54 INFO  Executed tedge, exit status 0
13:43:55 INFO  Executed tedge, exit status 0
13:43:55 INFO  Executed tedge, exit status 0
13:43:56 WARN  IndexError occurred while running test - list index out of range
Traceback (most recent call last):
  File &quot;/home/pi/env-pysys/lib/python3.7/site-packages/pysys/baserunner.py&quot;, line 1296, in __call__
    self.testObj.validate()
  File &quot;/home/pi/actions-runner/_work/thin-edge.io/thin-edge.io/tests/PySys/tedge_mapper_c8y/tedge_mapper_c8y_alarms/run.py&quot;, line 100, in validate
    alarms[0],
IndexError: list index out of range
13:43:56 WARN  IndexError: list index out of range ... blocked 
13:43:56 INFO  
13:43:56 INFO  cleanup:
13:43:57 INFO  Executed tedge, exit status 0
13:43:57 INFO  Executed tedge, exit status 0
13:43:58 INFO  Executed tedge, exit status 0
13:44:02 INFO  Executed sudo&lt;tedge_disconnect_c8y&gt;, exit status 0
13:44:03 INFO  Executed systemctl&lt;serv_mapper5&gt;, exit status 3
13:44:03 INFO  
13:44:03 INFO  Test duration: 31.39 secs
13:44:03 INFO  Test final outcome:  BLOCKED
13:44:03 INFO  Test outcome reason: IndexError: list index out of range
13:44:03 INFO  
</system-out>
	</testcase>
</testsuite>
