<?xml version="1.0" encoding="utf-8"?>
<testsuite failures="0" name="c8y_restart_bridge" skipped="0" tests="1" time="22.29" timestamp="2022-04-27T14:33:35">
	<testcase classname="RestartBridge" name="c8y_restart_bridge"/>
</testsuite>
