<?xml version="1.0" encoding="utf-8"?>
<testsuite failures="1" name="log_request_error_messages" skipped="0" tests="1" time="35.9" timestamp="2022-05-02T15:04:32">
	<testcase classname="LogRequestVerifySearchTextError" name="log_request_error_messages">
		<failure message="FAILED: Assert that (True == value) with value=False" type="FAILED"/>
		<system-out>15:03:56 INFO  ==============================================================
15:03:56 INFO  Id:    log_request_error_messages
15:03:56 INFO  Dir:   log_request_end_to_end/
15:03:56 INFO  Title: Validate end to end behaviour for the log request operation check for error messages
15:03:56 INFO  ==============================================================
15:03:57 INFO  EnvironmentC8y Setup
15:03:58 INFO  Executed systemctl&lt;serv_mapper1&gt;, exit status 3
15:03:58 INFO  Restarting mosquitto too frequently in the last 10 seconds. It was only up for 2 seconds
15:03:58 INFO  Delaying execution by 9 seconds
15:04:21 INFO  Executed sudo&lt;tedge_connect_c8y&gt;, exit status 0, duration 13 secs
15:04:21 INFO  Executed sudo&lt;tedge_connect_c8y_test&gt;, exit status 0
15:04:22 INFO  Executed systemctl&lt;serv_mosq2&gt;, exit status 0
15:04:22 INFO  Executed systemctl&lt;serv_mapper3&gt;, exit status 0
15:04:23 INFO  Executed sudo&lt;rm_logs&gt;, exit status 0
15:04:24 INFO  Executed sudo&lt;move_logs&gt;, exit status 0
15:04:24 INFO  log response None
15:04:24 WARN  retry, retrying in 1 seconds...
15:04:25 INFO  log response https://thin-edge-io.eu-latest.cumulocity.com/event/events/18181842/binaries
15:04:26 WARN  Assert that (True == value) with value=False ... failed [run.py:43]
15:04:26 INFO  
15:04:26 INFO  cleanup:
15:04:27 INFO  Executed sudo&lt;rm_logs&gt;, exit status 0
15:04:27 INFO  Executed sudo&lt;rm_tmp_logs&gt;, exit status 0
15:04:28 INFO  Executed sudo&lt;send_failed&gt;, exit status 0
15:04:32 INFO  Executed sudo&lt;tedge_disconnect_c8y&gt;, exit status 0
15:04:32 INFO  Executed systemctl&lt;serv_mapper5&gt;, exit status 3
15:04:32 INFO  
15:04:32 INFO  Test duration: 35.90 secs
15:04:32 INFO  Test final outcome:  FAILED
15:04:32 INFO  Test outcome reason: Assert that (True == value) with value=False
15:04:32 INFO  
</system-out>
	</testcase>
</testsuite>
