<?xml version="1.0" encoding="utf-8"?>
<testsuite failures="0" name="mqtt_port_set" skipped="0" tests="1" time="20.74" timestamp="2022-04-28T15:27:45">
	<testcase classname="MqttPortSet" name="mqtt_port_set"/>
</testsuite>
