<?xml version="1.0" encoding="utf-8"?>
<testsuite failures="0" name="apt_sequence_remove_with_version" skipped="1" tests="1" time="0.02" timestamp="2022-04-21T08:23:18">
	<testcase classname="AptPluginRemoveWithVersion" name="apt_sequence_remove_with_version">
		<skipped message="SKIPPED: Testing the apt plugin is not supported on this platform.To run the tests call PySys with -XmyPlatform='container'"/>
		<system-out>08:23:18 INFO  ==============================================================
08:23:18 INFO  Id:    apt_sequence_remove_with_version
08:23:18 INFO  Dir:   plugin_apt/
08:23:18 INFO  Title: Validate apt plugin remove with version use case
08:23:18 INFO  ==============================================================
08:23:18 INFO  Testing the apt plugin is not supported on this platform.To run the tests call PySys with -XmyPlatform='container' ... skipped
08:23:18 WARN  Aborted test due to SKIPPED outcome
08:23:18 INFO  
08:23:18 INFO  Test duration: 0.02 secs
08:23:18 INFO  Test final outcome:  SKIPPED
08:23:18 INFO  Test outcome reason: Testing the apt plugin is not supported on this platform.To run the tests call PySys with -XmyPlatform='container'
08:23:18 INFO  
</system-out>
	</testcase>
</testsuite>
