<?xml version="1.0" encoding="utf-8"?>
<testsuite failures="0" name="SoftwareManagement.sm_mapper_fail_and_reconnect" skipped="1" tests="1" time="0.03" timestamp="2022-05-09T07:10:37">
	<testcase classname="MapperC8yReceiveLastMessageOnRestart" name="SoftwareManagement.sm_mapper_fail_and_reconnect">
		<skipped message="SKIPPED: instable https://github.com/thin-edge/thin-edge.io/issues/752"/>
		<system-out>07:10:37 INFO  ==============================================================
07:10:37 INFO  Id:    SoftwareManagement.sm_mapper_fail_and_reconnect
07:10:37 INFO  Dir:   software_management_end_to_end/
07:10:37 INFO  Title: Validate the tedge-mapper-sm-c8y for receiving the last message on restart
07:10:37 INFO  ==============================================================
07:10:37 INFO  instable https://github.com/thin-edge/thin-edge.io/issues/752 ... skipped
07:10:37 INFO  
07:10:37 INFO  Test duration: 0.03 secs
07:10:37 INFO  Test final outcome:  SKIPPED
07:10:37 INFO  Test outcome reason: instable https://github.com/thin-edge/thin-edge.io/issues/752
07:10:37 INFO  
</system-out>
	</testcase>
</testsuite>
