<?xml version="1.0" encoding="utf-8"?>
<testsuite failures="0" name="log_request_num_lines" skipped="1" tests="1" time="0.02" timestamp="2022-05-10T13:08:31">
	<testcase classname="LogRequestVerifyNumberOfLines" name="log_request_num_lines">
		<skipped message="SKIPPED: Test execution disabled due to #1123"/>
		<system-out>13:08:31 INFO  ==============================================================
13:08:31 INFO  Id:    log_request_num_lines
13:08:31 INFO  Dir:   log_request_end_to_end/
13:08:31 INFO  Title: Validate end to end behaviour for the log request operation check for number of lines
13:08:31 INFO  ==============================================================
13:08:31 INFO  Test execution disabled due to #1123 ... skipped
13:08:31 INFO  
13:08:31 INFO  Test duration: 0.02 secs
13:08:31 INFO  Test final outcome:  SKIPPED
13:08:31 INFO  Test outcome reason: Test execution disabled due to #1123
13:08:31 INFO  
</system-out>
	</testcase>
</testsuite>
