<?xml version="1.0" encoding="utf-8"?>
<testsuite failures="0" name="docker_plugin_finalize" skipped="1" tests="1" time="0.08" timestamp="2022-05-30T09:09:08">
	<testcase classname="DockerPluginFinalizeTest" name="docker_plugin_finalize">
		<skipped message="SKIPPED: Testing the docker plugin is not supported on this platform.To run it, all the test with -XmyPlatform='container'"/>
		<system-out>09:09:08 INFO  ==============================================================
09:09:08 INFO  Id:    docker_plugin_finalize
09:09:08 INFO  Dir:   plugin_docker/
09:09:08 INFO  Title: Validate docker plugin finalize command
09:09:08 INFO  ==============================================================
09:09:08 INFO  Testing the docker plugin is not supported on this platform.To run it, all the test with -XmyPlatform='container' ... skipped
09:09:08 WARN  Aborted test due to SKIPPED outcome
09:09:08 INFO  
09:09:08 INFO  Test duration: 0.08 secs
09:09:08 INFO  Test final outcome:  SKIPPED
09:09:08 INFO  Test outcome reason: Testing the docker plugin is not supported on this platform.To run it, all the test with -XmyPlatform='container'
09:09:08 INFO  
</system-out>
	</testcase>
</testsuite>
