<?xml version="1.0" encoding="utf-8"?>
<testsuite failures="0" name="SoftwareManagement.sm_apt_install_remove_multiple" skipped="1" tests="1" time="0.04" timestamp="2022-05-23T09:24:18">
	<testcase classname="PySysTest" name="SoftwareManagement.sm_apt_install_remove_multiple">
		<skipped message="SKIPPED: Testing the apt plugin is not supported on this platform.Use parameter -XmyPlatform='container' to enable it"/>
		<system-out>09:24:18 INFO  ==============================================================
09:24:18 INFO  Id:    SoftwareManagement.sm_apt_install_remove_multiple
09:24:18 INFO  Dir:   software_management_end_to_end/
09:24:18 INFO  Title: Validate end to end behaviour for the apt plugin for multiple packages
09:24:18 INFO  ==============================================================
09:24:18 INFO  Testing the apt plugin is not supported on this platform.Use parameter -XmyPlatform='container' to enable it ... skipped
09:24:18 WARN  Aborted test due to SKIPPED outcome
09:24:18 INFO  
09:24:18 INFO  Test duration: 0.04 secs
09:24:18 INFO  Test final outcome:  SKIPPED
09:24:18 INFO  Test outcome reason: Testing the apt plugin is not supported on this platform.Use parameter -XmyPlatform='container' to enable it
09:24:18 INFO  
</system-out>
	</testcase>
</testsuite>
