<?xml version="1.0" encoding="utf-8"?>
<testsuite failures="0" name="smoketest_json" skipped="0" tests="1" time="44.94" timestamp="2022-05-11T11:35:58">
	<testcase classname="SmokeTestJson" name="smoketest_json"/>
</testsuite>
