<?xml version="1.0" encoding="utf-8"?>
<testsuite failures="0" name="SoftwareManagement.sm_apt_install_download_path" skipped="1" tests="1" time="0.09" timestamp="2022-04-21T08:33:02">
	<testcase classname="AptInstallWithDownloadPath" name="SoftwareManagement.sm_apt_install_download_path">
		<skipped message="SKIPPED: Testing the apt plugin is not supported on this platform.Use parameter -XmyPlatform='container' to enable it"/>
		<system-out>08:33:02 INFO  ==============================================================
08:33:02 INFO  Id:    SoftwareManagement.sm_apt_install_download_path
08:33:02 INFO  Dir:   software_management_end_to_end/
08:33:02 INFO  Title: Install package to directory specified in tedge config set tmp.path
08:33:02 INFO  ==============================================================
08:33:02 INFO  Testing the apt plugin is not supported on this platform.Use parameter -XmyPlatform='container' to enable it ... skipped
08:33:02 WARN  Aborted test due to SKIPPED outcome
08:33:02 INFO  
08:33:02 INFO  Test duration: 0.09 secs
08:33:02 INFO  Test final outcome:  SKIPPED
08:33:02 INFO  Test outcome reason: Testing the apt plugin is not supported on this platform.Use parameter -XmyPlatform='container' to enable it
08:33:02 INFO  
</system-out>
	</testcase>
</testsuite>
