<?xml version="1.0" encoding="utf-8"?>
<testsuite failures="0" name="apt_finalize" skipped="1" tests="1" time="0.03" timestamp="2022-05-04T07:59:30">
	<testcase classname="AptPluginFinalize" name="apt_finalize">
		<skipped message="SKIPPED: Testing the apt plugin is not supported on this platform.To run the tests call PySys with -XmyPlatform='container'"/>
		<system-out>07:59:30 INFO  ==============================================================
07:59:30 INFO  Id:    apt_finalize
07:59:30 INFO  Dir:   plugin_apt/
07:59:30 INFO  Title: Validate apt plugin finalize - dense version
07:59:30 INFO  ==============================================================
07:59:30 INFO  Testing the apt plugin is not supported on this platform.To run the tests call PySys with -XmyPlatform='container' ... skipped
07:59:30 WARN  Aborted test due to SKIPPED outcome
07:59:30 INFO  
07:59:30 INFO  Test duration: 0.03 secs
07:59:30 INFO  Test final outcome:  SKIPPED
07:59:30 INFO  Test outcome reason: Testing the apt plugin is not supported on this platform.To run the tests call PySys with -XmyPlatform='container'
07:59:30 INFO  
</system-out>
	</testcase>
</testsuite>
