<?xml version="1.0" encoding="utf-8"?>
<testsuite failures="0" name="SoftwareManagement.Plugin.apama_plugin_update" skipped="1" tests="1" time="0.02" timestamp="2022-04-21T08:23:14">
	<testcase classname="ApamaPluginUpdateTest" name="SoftwareManagement.Plugin.apama_plugin_update">
		<skipped message="SKIPPED: Apama plugin tests are disabled by default. Execute `pysys run` with `-XmyPlatform=container` to run these tests"/>
		<system-out>08:23:14 INFO  ==============================================================
08:23:14 INFO  Id:    SoftwareManagement.Plugin.apama_plugin_update
08:23:14 INFO  Dir:   plugin_apama/
08:23:14 INFO  Title: Validate apama plugin updating one project with another
08:23:14 INFO  ==============================================================
08:23:14 INFO  Apama plugin tests are disabled by default. Execute `pysys run` with `-XmyPlatform=container` to run these tests ... skipped
08:23:14 WARN  Aborted test due to SKIPPED outcome
08:23:14 INFO  
08:23:14 INFO  Test duration: 0.02 secs
08:23:14 INFO  Test final outcome:  SKIPPED
08:23:14 INFO  Test outcome reason: Apama plugin tests are disabled by default. Execute `pysys run` with `-XmyPlatform=container` to run these tests
08:23:14 INFO  
</system-out>
	</testcase>
</testsuite>
