<?xml version="1.0" encoding="utf-8"?>
<testsuite failures="0" name="publish_sawmill" skipped="0" tests="1" time="78.91" timestamp="2022-05-03T07:56:24">
	<testcase classname="PublishSawmill" name="publish_sawmill"/>
</testsuite>
