<?xml version="1.0" encoding="utf-8"?>
<testsuite failures="1" name="valid_device_id" skipped="0" tests="1" time="51.44" timestamp="2022-04-29T09:09:26">
	<testcase classname="ValidateValidDeviceId" name="valid_device_id">
		<failure message="FAILED: Grep on tedge_connect_c8y_test.out contains &quot;successful&quot;" type="FAILED"/>
		<system-out>09:08:35 INFO  ==============================================================
09:08:35 INFO  Id:    valid_device_id
09:08:35 INFO  Dir:   misc_features/
09:08:35 INFO  Title: Valid device ID
09:08:35 INFO  ==============================================================
09:08:35 INFO  Restarting mosquitto too frequently in the last 10 seconds. It was only up for 5 seconds
09:08:35 INFO  Delaying execution by 6 seconds
09:08:41 INFO  Executed sudo&lt;tedge_disconnect_c8y&gt;, exit status 0
09:08:42 INFO  Executed sudo&lt;create_cert_dir&gt;, exit status 0
09:08:42 INFO  Executed sudo&lt;change_owner_of_dir&gt;, exit status 0
09:08:43 INFO  Executed sudo&lt;set_cert_path&gt;, exit status 0
09:08:43 INFO  Executed sudo&lt;set_key_path&gt;, exit status 0
09:08:44 INFO  Executed sudo&lt;cert_create&gt;, exit status 0
09:08:45 INFO  Executed sudo&lt;cert_upload&gt;, exit status 0
09:09:10 INFO  Executed sudo&lt;tedge_connect_c8y&gt;, exit status 0, duration 23 secs
09:09:21 INFO  Executed sudo&lt;tedge_connect_c8y_test&gt;, exit status 0
09:09:21 INFO  Grep on file tedge_connect_c8y.out ... passed
09:09:21 WARN  Grep on tedge_connect_c8y_test.out contains &quot;successful&quot; ... failed [run.py:108]
09:09:21 INFO  
09:09:21 INFO  cleanup:
09:09:25 INFO  Executed sudo&lt;tedge_disconnect_c8y&gt;, exit status 0
09:09:25 INFO  Executed sudo&lt;unset_cert_path&gt;, exit status 0
09:09:26 INFO  Executed sudo&lt;unset_key_path&gt;, exit status 0
09:09:26 INFO  Executed sudo&lt;remove_cert_dir&gt;, exit status 0
09:09:26 INFO  
09:09:26 INFO  Test duration: 51.44 secs
09:09:26 INFO  Test final outcome:  FAILED
09:09:26 INFO  Test outcome reason: Grep on tedge_connect_c8y_test.out contains &quot;successful&quot;
09:09:26 INFO  
</system-out>
	</testcase>
</testsuite>
