<?xml version="1.0" encoding="utf-8"?>
<testsuite failures="0" name="local_mqtt_pub_fail_qos1" skipped="0" tests="1" time="1.62" timestamp="2022-05-16T07:19:52">
	<testcase classname="PySysTest" name="local_mqtt_pub_fail_qos1"/>
</testsuite>
