<?xml version="1.0" encoding="utf-8"?>
<testsuite failures="1" name="c8y_jwt_token_retrieval" skipped="0" tests="1" time="23.28" timestamp="2022-04-28T07:21:38">
	<testcase classname="ValidateJWTTokenRetrieval" name="c8y_jwt_token_retrieval">
		<failure message="FAILED: Grep on resp_jwt.out contains &quot;\[c8y/s/dat\] 71,&quot;" type="FAILED"/>
		<system-out>07:21:15 INFO  ==============================================================
07:21:15 INFO  Id:    c8y_jwt_token_retrieval
07:21:15 INFO  Dir:   cloud_c8y/
07:21:15 INFO  Title: Validate the Cumulocity JWT Token Retrieval feature
07:21:15 INFO  ==============================================================
07:21:15 INFO  Executed sudo&lt;tedge_disconnect_c8y&gt;, exit status 0
07:21:30 INFO  Executed sudo&lt;tedge_connect_c8y&gt;, exit status 0, duration 14 secs
07:21:30 INFO  Started sudo&lt;resp_jwt&gt; with process id 28591
07:21:31 INFO  Executed sudo&lt;req_jwt&gt;, exit status 0
07:21:33 INFO  Executed sudo&lt;kill_out&gt;, exit status 0
07:21:34 WARN  Grep on resp_jwt.out contains &quot;\[c8y/s/dat\] 71,&quot; ... failed [run.py:60]
07:21:34 INFO  
07:21:34 INFO  cleanup:
07:21:38 INFO  Executed sudo&lt;tedge_disconnect_c8y&gt;, exit status 0
07:21:38 INFO  
07:21:38 INFO  Test duration: 23.28 secs
07:21:38 INFO  Test final outcome:  FAILED
07:21:38 INFO  Test outcome reason: Grep on resp_jwt.out contains &quot;\[c8y/s/dat\] 71,&quot;
07:21:38 INFO  
</system-out>
	</testcase>
</testsuite>
