<?xml version="1.0" encoding="utf-8"?>
<testsuite failures="1" name="agent_init_session" skipped="0" tests="1" time="6.35" timestamp="2022-04-21T13:49:49">
	<testcase classname="AgentInitSession" name="agent_init_session">
		<failure message="FAILED: Grep on sub_resp.out contains &quot;Ld3KgqpcLDlrYH6sfpG7w&quot;" type="FAILED"/>
		<system-out>13:49:43 INFO  ==============================================================
13:49:43 INFO  Id:    agent_init_session
13:49:43 INFO  Dir:   tedge_agent/
13:49:43 INFO  Title: Validate tedge agent init session feature
13:49:43 INFO  ==============================================================
13:49:43 INFO  Executed sudo&lt;remove_lock&gt;, exit status 0
13:49:44 INFO  Executed sudo&lt;agent_clear&gt;, exit status 0
13:49:44 INFO  Executed sudo&lt;agent_init&gt;, exit status 0
13:49:45 INFO  Executed sudo&lt;pub_req&gt;, exit status 0
13:49:45 INFO  Started sudo&lt;sub_resp&gt; with process id 8827
13:49:45 INFO  Executed sudo&lt;agent_start&gt;, exit status 0
13:49:45 INFO  Waiting for 2.0 seconds
13:49:48 INFO  Executed sudo&lt;agent_stop&gt;, exit status 0
13:49:49 INFO  Executed sudo&lt;sub_stop&gt;, exit status 0
13:49:49 WARN  Grep on sub_resp.out contains &quot;Ld3KgqpcLDlrYH6sfpG7w&quot; ... failed [run.py:87]
13:49:49 INFO  
13:49:49 INFO  Test duration: 6.35 secs
13:49:49 INFO  Test final outcome:  FAILED
13:49:49 INFO  Test outcome reason: Grep on sub_resp.out contains &quot;Ld3KgqpcLDlrYH6sfpG7w&quot;
13:49:49 INFO  
</system-out>
	</testcase>
</testsuite>
