<?xml version="1.0" encoding="utf-8"?>
<testsuite failures="0" name="call_tedge_-h" skipped="0" tests="1" time="0.47" timestamp="2022-05-23T09:24:20">
	<testcase classname="PySysTest" name="call_tedge_-h"/>
</testsuite>
