<?xml version="1.0" encoding="utf-8"?>
<testsuite failures="0" name="monitoring_with_collectd" skipped="1" tests="1" time="0.04" timestamp="2022-04-28T15:28:18">
	<testcase classname="MonitoringWithCollectd" name="monitoring_with_collectd">
		<skipped message="SKIPPED: Test execution disabled due to #792 (instable)"/>
		<system-out>15:28:18 INFO  ==============================================================
15:28:18 INFO  Id:    monitoring_with_collectd
15:28:18 INFO  Dir:   monitoring/
15:28:18 INFO  Title: Validate tedge dm agent messages that are produced by batching the collectd messages
15:28:18 INFO  ==============================================================
15:28:18 INFO  Test execution disabled due to #792 (instable) ... skipped
15:28:18 INFO  
15:28:18 INFO  Test duration: 0.04 secs
15:28:18 INFO  Test final outcome:  SKIPPED
15:28:18 INFO  Test outcome reason: Test execution disabled due to #792 (instable)
15:28:18 INFO  
</system-out>
	</testcase>
</testsuite>
