<?xml version="1.0" encoding="utf-8"?>
<testsuite failures="0" name="local_mqtt_pub_fail_qos1" skipped="0" tests="1" time="1.79" timestamp="2022-05-11T11:30:51">
	<testcase classname="PySysTest" name="local_mqtt_pub_fail_qos1"/>
</testsuite>
