<?xml version="1.0" encoding="utf-8"?>
<testsuite failures="0" name="mapper_awaits_before_reconnect" skipped="0" tests="1" time="30.06" timestamp="2022-05-30T09:22:24">
	<testcase classname="MapperReconnectAwait" name="mapper_awaits_before_reconnect"/>
</testsuite>
