<?xml version="1.0" encoding="utf-8"?>
<testsuite failures="0" name="monitoring_with_simulated_messages" skipped="1" tests="1" time="0.02" timestamp="2022-05-30T09:09:03">
	<testcase classname="MonitoringWithSimulatedMessages" name="monitoring_with_simulated_messages">
		<skipped message="SKIPPED: Fails due to retained message"/>
		<system-out>09:09:03 INFO  ==============================================================
09:09:03 INFO  Id:    monitoring_with_simulated_messages
09:09:03 INFO  Dir:   monitoring/
09:09:03 INFO  Title: Validate the tedge dm agent messages that are produced from the simulated collectd messages
09:09:03 INFO  ==============================================================
09:09:03 INFO  Fails due to retained message ... skipped
09:09:03 INFO  
09:09:03 INFO  Test duration: 0.02 secs
09:09:03 INFO  Test final outcome:  SKIPPED
09:09:03 INFO  Test outcome reason: Fails due to retained message
09:09:03 INFO  
</system-out>
	</testcase>
</testsuite>
