<?xml version="1.0" encoding="utf-8"?>
<testsuite failures="0" name="valid_device_id" skipped="0" tests="1" time="53.43" timestamp="2022-04-21T13:39:01">
	<testcase classname="ValidateValidDeviceId" name="valid_device_id"/>
</testsuite>
