<?xml version="1.0" encoding="utf-8"?>
<testsuite failures="0" name="apt_prepare" skipped="1" tests="1" time="0.03" timestamp="2022-05-09T07:00:59">
	<testcase classname="AptPluginPrepare" name="apt_prepare">
		<skipped message="SKIPPED: Testing the apt plugin is not supported on this platform.To run the tests call PySys with -XmyPlatform='container'"/>
		<system-out>07:00:59 INFO  ==============================================================
07:00:59 INFO  Id:    apt_prepare
07:00:59 INFO  Dir:   plugin_apt/
07:00:59 INFO  Title: Validate apt plugin install - dense version
07:00:59 INFO  ==============================================================
07:00:59 INFO  Testing the apt plugin is not supported on this platform.To run the tests call PySys with -XmyPlatform='container' ... skipped
07:00:59 WARN  Aborted test due to SKIPPED outcome
07:00:59 INFO  
07:00:59 INFO  Test duration: 0.03 secs
07:00:59 INFO  Test final outcome:  SKIPPED
07:00:59 INFO  Test outcome reason: Testing the apt plugin is not supported on this platform.To run the tests call PySys with -XmyPlatform='container'
07:00:59 INFO  
</system-out>
	</testcase>
</testsuite>
