<?xml version="1.0" encoding="utf-8"?>
<testsuite failures="0" name="SoftwareManagement.sm_apt_install_download_path" skipped="1" tests="1" time="0.08" timestamp="2022-05-02T15:16:23">
	<testcase classname="AptInstallWithDownloadPath" name="SoftwareManagement.sm_apt_install_download_path">
		<skipped message="SKIPPED: Testing the apt plugin is not supported on this platform.Use parameter -XmyPlatform='container' to enable it"/>
		<system-out>15:16:23 INFO  ==============================================================
15:16:23 INFO  Id:    SoftwareManagement.sm_apt_install_download_path
15:16:23 INFO  Dir:   software_management_end_to_end/
15:16:23 INFO  Title: Install package to directory specified in tedge config set tmp.path
15:16:23 INFO  ==============================================================
15:16:23 INFO  Testing the apt plugin is not supported on this platform.Use parameter -XmyPlatform='container' to enable it ... skipped
15:16:23 WARN  Aborted test due to SKIPPED outcome
15:16:23 INFO  
15:16:23 INFO  Test duration: 0.08 secs
15:16:23 INFO  Test final outcome:  SKIPPED
15:16:23 INFO  Test outcome reason: Testing the apt plugin is not supported on this platform.Use parameter -XmyPlatform='container' to enable it
15:16:23 INFO  
</system-out>
	</testcase>
</testsuite>
