<?xml version="1.0" encoding="utf-8"?>
<testsuite failures="0" name="docker_plugin_install" skipped="1" tests="1" time="0.05" timestamp="2022-04-28T07:24:40">
	<testcase classname="DockerPluginInstallTest" name="docker_plugin_install">
		<skipped message="SKIPPED: Testing the docker plugin is not supported on this platform.To run it, all the test with -XmyPlatform='container'"/>
		<system-out>07:24:40 INFO  ==============================================================
07:24:40 INFO  Id:    docker_plugin_install
07:24:40 INFO  Dir:   plugin_docker/
07:24:40 INFO  Title: Validate docker plugin install
07:24:40 INFO  ==============================================================
07:24:40 INFO  Testing the docker plugin is not supported on this platform.To run it, all the test with -XmyPlatform='container' ... skipped
07:24:40 WARN  Aborted test due to SKIPPED outcome
07:24:40 INFO  
07:24:40 INFO  Test duration: 0.05 secs
07:24:40 INFO  Test final outcome:  SKIPPED
07:24:40 INFO  Test outcome reason: Testing the docker plugin is not supported on this platform.To run it, all the test with -XmyPlatform='container'
07:24:40 INFO  
</system-out>
	</testcase>
</testsuite>
