<?xml version="1.0" encoding="utf-8"?>
<testsuite failures="0" name="smoketest_smartrest" skipped="0" tests="1" time="49.06" timestamp="2022-05-11T11:38:44">
	<testcase classname="SmoketestSmartRest" name="smoketest_smartrest"/>
</testsuite>
