<?xml version="1.0" encoding="utf-8"?>
<testsuite failures="0" name="apt_wrong_option" skipped="1" tests="1" time="0.04" timestamp="2022-05-30T09:09:08">
	<testcase classname="AptPluginWrongOption" name="apt_wrong_option">
		<skipped message="SKIPPED: Testing the apt plugin is not supported on this platform.To run the tests call PySys with -XmyPlatform='container'"/>
		<system-out>09:09:08 INFO  ==============================================================
09:09:08 INFO  Id:    apt_wrong_option
09:09:08 INFO  Dir:   plugin_apt/
09:09:08 INFO  Title: Validate apt plugin install
09:09:08 INFO  ==============================================================
09:09:08 INFO  Testing the apt plugin is not supported on this platform.To run the tests call PySys with -XmyPlatform='container' ... skipped
09:09:08 WARN  Aborted test due to SKIPPED outcome
09:09:08 INFO  
09:09:08 INFO  Test duration: 0.04 secs
09:09:08 INFO  Test final outcome:  SKIPPED
09:09:08 INFO  Test outcome reason: Testing the apt plugin is not supported on this platform.To run the tests call PySys with -XmyPlatform='container'
09:09:08 INFO  
</system-out>
	</testcase>
</testsuite>
