<?xml version="1.0" encoding="utf-8"?>
<testsuite failures="0" name="pysys_fail" skipped="1" tests="1" time="0.01" timestamp="2022-05-11T11:32:04">
	<testcase classname="Fail" name="pysys_fail">
		<skipped message="SKIPPED: Enable this to observe a failing test"/>
		<system-out>11:32:04 INFO  ==============================================================
11:32:04 INFO  Id:    pysys_fail
11:32:04 INFO  Dir:   misc_features/
11:32:04 INFO  Title: fail
11:32:04 INFO  ==============================================================
11:32:04 INFO  Enable this to observe a failing test ... skipped
11:32:04 INFO  
11:32:04 INFO  Test duration: 0.01 secs
11:32:04 INFO  Test final outcome:  SKIPPED
11:32:04 INFO  Test outcome reason: Enable this to observe a failing test
11:32:04 INFO  
</system-out>
	</testcase>
</testsuite>
