<?xml version="1.0" encoding="utf-8"?>
<testsuite failures="0" name="mqtt_port_set" skipped="0" tests="1" time="20.51" timestamp="2022-04-28T07:24:02">
	<testcase classname="MqttPortSet" name="mqtt_port_set"/>
</testsuite>
