<?xml version="1.0" encoding="utf-8"?>
<testsuite failures="0" name="call_tedge_config_list" skipped="0" tests="1" time="24.08" timestamp="2022-05-11T11:42:47">
	<testcase classname="PySysTest" name="call_tedge_config_list"/>
</testsuite>
