<?xml version="1.0" encoding="utf-8"?>
<testsuite failures="0" name="publish_flux" skipped="0" tests="1" time="74.19" timestamp="2022-04-21T08:24:33">
	<testcase classname="PublishFlux" name="publish_flux"/>
</testsuite>
