<?xml version="1.0" encoding="utf-8"?>
<testsuite failures="0" name="pysys_fail" skipped="1" tests="1" time="0.04" timestamp="2022-04-27T14:21:35">
	<testcase classname="Fail" name="pysys_fail">
		<skipped message="SKIPPED: Enable this to observe a failing test"/>
		<system-out>14:21:35 INFO  ==============================================================
14:21:35 INFO  Id:    pysys_fail
14:21:35 INFO  Dir:   misc_features/
14:21:35 INFO  Title: fail
14:21:35 INFO  ==============================================================
14:21:35 INFO  Enable this to observe a failing test ... skipped
14:21:35 INFO  
14:21:35 INFO  Test duration: 0.04 secs
14:21:35 INFO  Test final outcome:  SKIPPED
14:21:35 INFO  Test outcome reason: Enable this to observe a failing test
14:21:35 INFO  
</system-out>
	</testcase>
</testsuite>
