<?xml version="1.0" encoding="utf-8"?>
<testsuite failures="0" name="smoketest_smartrest" skipped="0" tests="1" time="48.86" timestamp="2022-04-28T07:30:46">
	<testcase classname="SmoketestSmartRest" name="smoketest_smartrest"/>
</testsuite>
