<?xml version="1.0" encoding="utf-8"?>
<testsuite failures="0" name="SoftwareManagement.Plugin.apama_plugin_remove" skipped="1" tests="1" time="0.02" timestamp="2022-04-28T15:28:18">
	<testcase classname="ApamaPluginRemoveTest" name="SoftwareManagement.Plugin.apama_plugin_remove">
		<skipped message="SKIPPED: Apama plugin tests are disabled by default. Execute `pysys run` with `-XmyPlatform=container` to run these tests"/>
		<system-out>15:28:18 INFO  ==============================================================
15:28:18 INFO  Id:    SoftwareManagement.Plugin.apama_plugin_remove
15:28:18 INFO  Dir:   plugin_apama/
15:28:18 INFO  Title: Validate apama plugin remove
15:28:18 INFO  ==============================================================
15:28:18 INFO  Apama plugin tests are disabled by default. Execute `pysys run` with `-XmyPlatform=container` to run these tests ... skipped
15:28:18 WARN  Aborted test due to SKIPPED outcome
15:28:18 INFO  
15:28:18 INFO  Test duration: 0.02 secs
15:28:18 INFO  Test final outcome:  SKIPPED
15:28:18 INFO  Test outcome reason: Apama plugin tests are disabled by default. Execute `pysys run` with `-XmyPlatform=container` to run these tests
15:28:18 INFO  
</system-out>
	</testcase>
</testsuite>
