<?xml version="1.0" encoding="utf-8"?>
<testsuite failures="1" name="tedge_mapper_c8y_child_device_measurement" skipped="0" tests="1" time="34.06" timestamp="2022-04-21T08:38:29">
	<testcase classname="TedgeMapperC8yChildDevice" name="tedge_mapper_c8y_child_device_measurement">
		<failure message="BLOCKED: TypeError: 'NoneType' object is not subscriptable (+1 other failures)" type="BLOCKED"/>
		<system-out>08:37:55 INFO  ==============================================================
08:37:55 INFO  Id:    tedge_mapper_c8y_child_device_measurement
08:37:55 INFO  Dir:   tedge_mapper_c8y/
08:37:55 INFO  Title: Validate that measurements sent to tedge/measurements/child topic gets mapped as the child device's measurement in Cumulocity
08:37:55 INFO  ==============================================================
08:37:55 INFO  EnvironmentC8y Setup
08:37:55 INFO  Executed systemctl&lt;serv_mapper1&gt;, exit status 3
08:37:55 INFO  Restarting mosquitto too frequently in the last 10 seconds. It was only up for 4 seconds
08:37:55 INFO  Delaying execution by 7 seconds
08:38:17 INFO  Executed sudo&lt;tedge_connect_c8y&gt;, exit status 0, duration 14 secs
08:38:18 INFO  Executed sudo&lt;tedge_connect_c8y_test&gt;, exit status 0
08:38:18 INFO  Executed systemctl&lt;serv_mosq2&gt;, exit status 0
08:38:18 INFO  Executed systemctl&lt;serv_mapper3&gt;, exit status 0
08:38:19 INFO  Assert that (actual == expected) with actual=None, expected=None ... passed
08:38:20 INFO  Executed tedge_pub, exit status 0
08:38:20 INFO  Executed tedge_pub, exit status 0
08:38:20 INFO  Executed tedge_pub, exit status 0
08:38:21 INFO  Executed tedge_pub, exit status 0
08:38:22 INFO  Executed tedge_pub, exit status 0
08:38:24 WARN  TypeError occurred while running test - 'NoneType' object is not subscriptable
Traceback (most recent call last):
  File &quot;/home/pi/env-pysys/lib/python3.7/site-packages/pysys/baserunner.py&quot;, line 1296, in __call__
    self.testObj.validate()
  File &quot;/home/pi/actions-runner/_work/thin-edge.io/thin-edge.io/tests/PySys/tedge_mapper_c8y/tedge_mapper_c8y_child_device_measurement/run.py&quot;, line 115, in validate
    self.child_device_json[&quot;id&quot;], 3
TypeError: 'NoneType' object is not subscriptable
08:38:24 WARN  TypeError: 'NoneType' object is not subscriptable ... blocked 
08:38:24 INFO  
08:38:24 INFO  cleanup:
08:38:24 ERROR Error while running cleanup function: 
Traceback (most recent call last):
  File &quot;/home/pi/env-pysys/lib/python3.7/site-packages/pysys/process/user.py&quot;, line 1305, in cleanup
    fn()
  File &quot;/home/pi/actions-runner/_work/thin-edge.io/thin-edge.io/tests/PySys/tedge_mapper_c8y/tedge_mapper_c8y_child_device_measurement/run.py&quot;, line 165, in test_cleanup
    self.child_device_json[&quot;id&quot;]
TypeError: 'NoneType' object is not subscriptable
08:38:28 INFO  Executed sudo&lt;tedge_disconnect_c8y&gt;, exit status 0
08:38:29 INFO  Executed systemctl&lt;serv_mapper5&gt;, exit status 3
08:38:29 WARN  Cleanup failed with 1 errors: Cleanup function failed: 'NoneType' object is not subscriptable (TypeError) ... blocked 
08:38:29 INFO  
08:38:29 INFO  Test duration: 34.06 secs
08:38:29 INFO  Test final outcome:  BLOCKED
08:38:29 INFO  Test outcome reason: TypeError: 'NoneType' object is not subscriptable (+1 other failures)
08:38:29 INFO  
</system-out>
	</testcase>
</testsuite>
