<?xml version="1.0" encoding="utf-8"?>
<testsuite failures="0" name="tedge_agent_user_sudo_access" skipped="1" tests="1" time="0.04" timestamp="2022-05-04T08:09:41">
	<testcase classname="TedgeAgentUserSudoAccess" name="tedge_agent_user_sudo_access">
		<skipped message="SKIPPED: #955 Observation: Exit code of the apt plugin when called with no arguments"/>
		<system-out>08:09:41 INFO  ==============================================================
08:09:41 INFO  Id:    tedge_agent_user_sudo_access
08:09:41 INFO  Dir:   tedge/
08:09:41 INFO  Title: Validate tedge-agent user has a limited sudo right
08:09:41 INFO  ==============================================================
08:09:41 INFO  #955 Observation: Exit code of the apt plugin when called with no arguments ... skipped
08:09:41 INFO  
08:09:41 INFO  Test duration: 0.04 secs
08:09:41 INFO  Test final outcome:  SKIPPED
08:09:41 INFO  Test outcome reason: #955 Observation: Exit code of the apt plugin when called with no arguments
08:09:41 INFO  
</system-out>
	</testcase>
</testsuite>
