<?xml version="1.0" encoding="utf-8"?>
<testsuite failures="0" name="local_mqtt_pub_sub" skipped="0" tests="1" time="2.01" timestamp="2022-04-27T14:19:18">
	<testcase classname="PySysTest" name="local_mqtt_pub_sub"/>
</testsuite>
