<?xml version="1.0" encoding="utf-8"?>
<testsuite failures="0" name="publish_flux" skipped="0" tests="1" time="74.51" timestamp="2022-05-10T13:11:19">
	<testcase classname="PublishFlux" name="publish_flux"/>
</testsuite>
