<?xml version="1.0" encoding="utf-8"?>
<testsuite failures="0" name="pysys_block" skipped="1" tests="1" time="0.04" timestamp="2022-05-09T07:00:22">
	<testcase classname="Fail" name="pysys_block">
		<skipped message="SKIPPED: Enable this to observe a blocking test"/>
		<system-out>07:00:22 INFO  ==============================================================
07:00:22 INFO  Id:    pysys_block
07:00:22 INFO  Dir:   misc_features/
07:00:22 INFO  Title: fail
07:00:22 INFO  ==============================================================
07:00:22 INFO  Enable this to observe a blocking test ... skipped
07:00:22 INFO  
07:00:22 INFO  Test duration: 0.04 secs
07:00:22 INFO  Test final outcome:  SKIPPED
07:00:22 INFO  Test outcome reason: Enable this to observe a blocking test
07:00:22 INFO  
</system-out>
	</testcase>
</testsuite>
