<?xml version="1.0" encoding="utf-8"?>
<testsuite failures="0" name="local_mqtt_sub_fail" skipped="0" tests="1" time="1.71" timestamp="2022-04-27T14:19:28">
	<testcase classname="PySysTest" name="local_mqtt_sub_fail"/>
</testsuite>
