<?xml version="1.0" encoding="utf-8"?>
<testsuite failures="1" name="local_mqtt_pub_sub_retain" skipped="0" tests="1" time="5.89" timestamp="2022-04-29T09:06:25">
	<testcase classname="MqttPublishWithRetain" name="local_mqtt_pub_sub_retain">
		<failure message="FAILED: Grep on temp_sensor_sub.out contains &quot;\[test/alarms/temp_sensor\] alarm msg 2&quot; (+1 other failures)" type="FAILED"/>
		<system-out>09:06:19 INFO  ==============================================================
09:06:19 INFO  Id:    local_mqtt_pub_sub_retain
09:06:19 INFO  Dir:   local_mqtt/
09:06:19 INFO  Title: Validate local publishing with retain flag
09:06:19 INFO  ==============================================================
09:06:19 INFO  Executed tedge&lt;pub_to_set_alarm&gt;, exit status 0
09:06:20 INFO  Executed tedge&lt;pub_to_set_alarm&gt;, exit status 0
09:06:21 INFO  Started tedge&lt;temp_sensor_sub&gt; with process id 26958
09:06:21 INFO  Executed tedge&lt;pub_to_clear_alarm&gt;, exit status 0
09:06:23 INFO  Executed sudo&lt;kill_out&gt;, exit status 0
09:06:23 INFO  Executed tedge&lt;pub_to_clear_alarm&gt;, exit status 0
09:06:23 INFO  Started tedge&lt;temp_sensor_empty_message&gt; with process id 26964
09:06:25 INFO  Executed sudo&lt;kill_out&gt;, exit status 0
09:06:25 WARN  Grep on temp_sensor_sub.out contains &quot;\[test/alarms/temp_sensor\] alarm msg 2&quot; ... failed [run.py:139]
09:06:25 WARN  Grep on temp_sensor_sub.out contains &quot;\[test/alarms/temp_sensor\] &quot; ... failed [run.py:142]
09:06:25 INFO  Grep on file temp_sensor_empty_message.out ... passed
09:06:25 INFO  
09:06:25 INFO  Test duration: 5.89 secs
09:06:25 INFO  Test final outcome:  FAILED
09:06:25 INFO  Test outcome reason: Grep on temp_sensor_sub.out contains &quot;\[test/alarms/temp_sensor\] alarm msg 2&quot; (+1 other failures)
09:06:25 INFO  
</system-out>
	</testcase>
</testsuite>
