<?xml version="1.0" encoding="utf-8"?>
<testsuite failures="0" name="docker_plugin_install" skipped="1" tests="1" time="0.02" timestamp="2022-05-09T07:01:00">
	<testcase classname="DockerPluginInstallTest" name="docker_plugin_install">
		<skipped message="SKIPPED: Testing the docker plugin is not supported on this platform.To run it, all the test with -XmyPlatform='container'"/>
		<system-out>07:01:00 INFO  ==============================================================
07:01:00 INFO  Id:    docker_plugin_install
07:01:00 INFO  Dir:   plugin_docker/
07:01:00 INFO  Title: Validate docker plugin install
07:01:00 INFO  ==============================================================
07:01:00 INFO  Testing the docker plugin is not supported on this platform.To run it, all the test with -XmyPlatform='container' ... skipped
07:01:00 WARN  Aborted test due to SKIPPED outcome
07:01:00 INFO  
07:01:00 INFO  Test duration: 0.02 secs
07:01:00 INFO  Test final outcome:  SKIPPED
07:01:00 INFO  Test outcome reason: Testing the docker plugin is not supported on this platform.To run it, all the test with -XmyPlatform='container'
07:01:00 INFO  
</system-out>
	</testcase>
</testsuite>
