<?xml version="1.0" encoding="utf-8"?>
<testsuite failures="1" name="c8y_jwt_token_retrieval" skipped="0" tests="1" time="23.29" timestamp="2022-05-03T07:50:50">
	<testcase classname="ValidateJWTTokenRetrieval" name="c8y_jwt_token_retrieval">
		<failure message="FAILED: Grep on resp_jwt.out contains &quot;\[c8y/s/dat\] 71,&quot;" type="FAILED"/>
		<system-out>07:50:26 INFO  ==============================================================
07:50:26 INFO  Id:    c8y_jwt_token_retrieval
07:50:26 INFO  Dir:   cloud_c8y/
07:50:26 INFO  Title: Validate the Cumulocity JWT Token Retrieval feature
07:50:26 INFO  ==============================================================
07:50:27 INFO  Executed sudo&lt;tedge_disconnect_c8y&gt;, exit status 0
07:50:41 INFO  Executed sudo&lt;tedge_connect_c8y&gt;, exit status 0, duration 14 secs
07:50:41 INFO  Started sudo&lt;resp_jwt&gt; with process id 1976
07:50:42 INFO  Executed sudo&lt;req_jwt&gt;, exit status 0
07:50:45 INFO  Executed sudo&lt;kill_out&gt;, exit status 0
07:50:45 WARN  Grep on resp_jwt.out contains &quot;\[c8y/s/dat\] 71,&quot; ... failed [run.py:60]
07:50:45 INFO  
07:50:45 INFO  cleanup:
07:50:50 INFO  Executed sudo&lt;tedge_disconnect_c8y&gt;, exit status 0
07:50:50 INFO  
07:50:50 INFO  Test duration: 23.29 secs
07:50:50 INFO  Test final outcome:  FAILED
07:50:50 INFO  Test outcome reason: Grep on resp_jwt.out contains &quot;\[c8y/s/dat\] 71,&quot;
07:50:50 INFO  
</system-out>
	</testcase>
</testsuite>
