<?xml version="1.0" encoding="utf-8"?>
<testsuite failures="0" name="local_mqtt_pub_fail_qos1" skipped="0" tests="1" time="1.81" timestamp="2022-04-21T13:35:48">
	<testcase classname="PySysTest" name="local_mqtt_pub_fail_qos1"/>
</testsuite>
