<?xml version="1.0" encoding="utf-8"?>
<testsuite failures="1" name="c8y_jwt_token_retrieval" skipped="0" tests="1" time="22.94" timestamp="2022-04-29T09:06:10">
	<testcase classname="ValidateJWTTokenRetrieval" name="c8y_jwt_token_retrieval">
		<failure message="FAILED: Grep on resp_jwt.out contains &quot;\[c8y/s/dat\] 71,&quot;" type="FAILED"/>
		<system-out>09:05:47 INFO  ==============================================================
09:05:47 INFO  Id:    c8y_jwt_token_retrieval
09:05:47 INFO  Dir:   cloud_c8y/
09:05:47 INFO  Title: Validate the Cumulocity JWT Token Retrieval feature
09:05:47 INFO  ==============================================================
09:05:47 INFO  Executed sudo&lt;tedge_disconnect_c8y&gt;, exit status 0
09:06:02 INFO  Executed sudo&lt;tedge_connect_c8y&gt;, exit status 0, duration 14 secs
09:06:02 INFO  Started sudo&lt;resp_jwt&gt; with process id 26865
09:06:03 INFO  Executed sudo&lt;req_jwt&gt;, exit status 0
09:06:05 INFO  Executed sudo&lt;kill_out&gt;, exit status 0
09:06:05 WARN  Grep on resp_jwt.out contains &quot;\[c8y/s/dat\] 71,&quot; ... failed [run.py:60]
09:06:05 INFO  
09:06:05 INFO  cleanup:
09:06:10 INFO  Executed sudo&lt;tedge_disconnect_c8y&gt;, exit status 0
09:06:10 INFO  
09:06:10 INFO  Test duration: 22.94 secs
09:06:10 INFO  Test final outcome:  FAILED
09:06:10 INFO  Test outcome reason: Grep on resp_jwt.out contains &quot;\[c8y/s/dat\] 71,&quot;
09:06:10 INFO  
</system-out>
	</testcase>
</testsuite>
