<?xml version="1.0" encoding="utf-8"?>
<testsuite failures="0" name="SoftwareManagement.sm_apt_install_remove" skipped="1" tests="1" time="0.02" timestamp="2022-05-04T08:09:13">
	<testcase classname="PySysTest" name="SoftwareManagement.sm_apt_install_remove">
		<skipped message="SKIPPED: Testing the apt plugin is not supported on this platform.Use parameter -XmyPlatform='container' to enable it"/>
		<system-out>08:09:13 INFO  ==============================================================
08:09:13 INFO  Id:    SoftwareManagement.sm_apt_install_remove
08:09:13 INFO  Dir:   software_management_end_to_end/
08:09:13 INFO  Title: Validate end to end behaviour for the apt plugin for installation and removal of packages
08:09:13 INFO  ==============================================================
08:09:13 INFO  Testing the apt plugin is not supported on this platform.Use parameter -XmyPlatform='container' to enable it ... skipped
08:09:13 WARN  Aborted test due to SKIPPED outcome
08:09:13 INFO  
08:09:13 INFO  Test duration: 0.02 secs
08:09:13 INFO  Test final outcome:  SKIPPED
08:09:13 INFO  Test outcome reason: Testing the apt plugin is not supported on this platform.Use parameter -XmyPlatform='container' to enable it
08:09:13 INFO  
</system-out>
	</testcase>
</testsuite>
