<?xml version="1.0" encoding="utf-8"?>
<testsuite failures="0" name="apt_list_format" skipped="0" tests="1" time="2.96" timestamp="2022-04-28T07:24:39">
	<testcase classname="AptPluginListFormat" name="apt_list_format"/>
</testsuite>
