<?xml version="1.0" encoding="utf-8"?>
<testsuite failures="1" name="local_mqtt_pub_sub_retain" skipped="0" tests="1" time="5.82" timestamp="2022-04-28T07:21:54">
	<testcase classname="MqttPublishWithRetain" name="local_mqtt_pub_sub_retain">
		<failure message="FAILED: Grep on temp_sensor_sub.out contains &quot;\[test/alarms/temp_sensor\] alarm msg 2&quot; (+1 other failures)" type="FAILED"/>
		<system-out>07:21:48 INFO  ==============================================================
07:21:48 INFO  Id:    local_mqtt_pub_sub_retain
07:21:48 INFO  Dir:   local_mqtt/
07:21:48 INFO  Title: Validate local publishing with retain flag
07:21:48 INFO  ==============================================================
07:21:49 INFO  Executed tedge&lt;pub_to_set_alarm&gt;, exit status 0
07:21:49 INFO  Executed tedge&lt;pub_to_set_alarm&gt;, exit status 0
07:21:50 INFO  Started tedge&lt;temp_sensor_sub&gt; with process id 28686
07:21:50 INFO  Executed tedge&lt;pub_to_clear_alarm&gt;, exit status 0
07:21:52 INFO  Executed sudo&lt;kill_out&gt;, exit status 0
07:21:52 INFO  Executed tedge&lt;pub_to_clear_alarm&gt;, exit status 0
07:21:52 INFO  Started tedge&lt;temp_sensor_empty_message&gt; with process id 28691
07:21:54 INFO  Executed sudo&lt;kill_out&gt;, exit status 0
07:21:54 WARN  Grep on temp_sensor_sub.out contains &quot;\[test/alarms/temp_sensor\] alarm msg 2&quot; ... failed [run.py:139]
07:21:54 WARN  Grep on temp_sensor_sub.out contains &quot;\[test/alarms/temp_sensor\] &quot; ... failed [run.py:142]
07:21:54 INFO  Grep on file temp_sensor_empty_message.out ... passed
07:21:54 INFO  
07:21:54 INFO  Test duration: 5.82 secs
07:21:54 INFO  Test final outcome:  FAILED
07:21:54 INFO  Test outcome reason: Grep on temp_sensor_sub.out contains &quot;\[test/alarms/temp_sensor\] alarm msg 2&quot; (+1 other failures)
07:21:54 INFO  
</system-out>
	</testcase>
</testsuite>
