<?xml version="1.0" encoding="utf-8"?>
<testsuite failures="0" name="monitoring_smaller_interval" skipped="1" tests="1" time="0.02" timestamp="2022-04-29T09:09:26">
	<testcase classname="MonitoringSmallInterval" name="monitoring_smaller_interval">
		<skipped message="SKIPPED: Fails due to retained message"/>
		<system-out>09:09:26 INFO  ==============================================================
09:09:26 INFO  Id:    monitoring_smaller_interval
09:09:26 INFO  Dir:   monitoring/
09:09:26 INFO  Title: Validate the tedge dm agent messages that are produced with smaller sampling interval than the batching window. Here the simulated collectd messages are used
09:09:26 INFO  ==============================================================
09:09:26 INFO  Fails due to retained message ... skipped
09:09:26 INFO  
09:09:26 INFO  Test duration: 0.02 secs
09:09:26 INFO  Test final outcome:  SKIPPED
09:09:26 INFO  Test outcome reason: Fails due to retained message
09:09:26 INFO  
</system-out>
	</testcase>
</testsuite>
