<?xml version="1.0" encoding="utf-8"?>
<testsuite failures="0" name="apt_list_format" skipped="0" tests="1" time="2.99" timestamp="2022-05-10T13:10:04">
	<testcase classname="AptPluginListFormat" name="apt_list_format"/>
</testsuite>
