<?xml version="1.0" encoding="utf-8"?>
<testsuite failures="0" name="mapper_awaits_before_reconnect" skipped="0" tests="1" time="29.16" timestamp="2022-04-29T09:20:57">
	<testcase classname="MapperReconnectAwait" name="mapper_awaits_before_reconnect"/>
</testsuite>
