<?xml version="1.0" encoding="utf-8"?>
<testsuite failures="1" name="local_mqtt_pub_sub_retain" skipped="0" tests="1" time="6.06" timestamp="2022-04-21T08:20:30">
	<testcase classname="MqttPublishWithRetain" name="local_mqtt_pub_sub_retain">
		<failure message="FAILED: Grep on temp_sensor_sub.out contains &quot;\[test/alarms/temp_sensor\] alarm msg 2&quot; (+1 other failures)" type="FAILED"/>
		<system-out>08:20:24 INFO  ==============================================================
08:20:24 INFO  Id:    local_mqtt_pub_sub_retain
08:20:24 INFO  Dir:   local_mqtt/
08:20:24 INFO  Title: Validate local publishing with retain flag
08:20:24 INFO  ==============================================================
08:20:24 INFO  Executed tedge&lt;pub_to_set_alarm&gt;, exit status 0
08:20:25 INFO  Executed tedge&lt;pub_to_set_alarm&gt;, exit status 0
08:20:26 INFO  Started tedge&lt;temp_sensor_sub&gt; with process id 7591
08:20:26 INFO  Executed tedge&lt;pub_to_clear_alarm&gt;, exit status 0
08:20:28 INFO  Executed sudo&lt;kill_out&gt;, exit status 0
08:20:28 INFO  Executed tedge&lt;pub_to_clear_alarm&gt;, exit status 0
08:20:28 INFO  Started tedge&lt;temp_sensor_empty_message&gt; with process id 7596
08:20:30 INFO  Executed sudo&lt;kill_out&gt;, exit status 0
08:20:30 WARN  Grep on temp_sensor_sub.out contains &quot;\[test/alarms/temp_sensor\] alarm msg 2&quot; ... failed [run.py:139]
08:20:30 WARN  Grep on temp_sensor_sub.out contains &quot;\[test/alarms/temp_sensor\] &quot; ... failed [run.py:142]
08:20:30 INFO  Grep on file temp_sensor_empty_message.out ... passed
08:20:30 INFO  
08:20:30 INFO  Test duration: 6.06 secs
08:20:30 INFO  Test final outcome:  FAILED
08:20:30 INFO  Test outcome reason: Grep on temp_sensor_sub.out contains &quot;\[test/alarms/temp_sensor\] alarm msg 2&quot; (+1 other failures)
08:20:30 INFO  
</system-out>
	</testcase>
</testsuite>
