<?xml version="1.0" encoding="utf-8"?>
<testsuite failures="0" name="call_tedge_config_list" skipped="0" tests="1" time="24.28" timestamp="2022-04-29T09:17:49">
	<testcase classname="PySysTest" name="call_tedge_config_list"/>
</testsuite>
