<?xml version="1.0" encoding="utf-8"?>
<testsuite failures="0" name="apt_prepare" skipped="1" tests="1" time="0.02" timestamp="2022-05-03T07:53:51">
	<testcase classname="AptPluginPrepare" name="apt_prepare">
		<skipped message="SKIPPED: Testing the apt plugin is not supported on this platform.To run the tests call PySys with -XmyPlatform='container'"/>
		<system-out>07:53:51 INFO  ==============================================================
07:53:51 INFO  Id:    apt_prepare
07:53:51 INFO  Dir:   plugin_apt/
07:53:51 INFO  Title: Validate apt plugin install - dense version
07:53:51 INFO  ==============================================================
07:53:51 INFO  Testing the apt plugin is not supported on this platform.To run the tests call PySys with -XmyPlatform='container' ... skipped
07:53:51 WARN  Aborted test due to SKIPPED outcome
07:53:51 INFO  
07:53:51 INFO  Test duration: 0.02 secs
07:53:51 INFO  Test final outcome:  SKIPPED
07:53:51 INFO  Test outcome reason: Testing the apt plugin is not supported on this platform.To run the tests call PySys with -XmyPlatform='container'
07:53:51 INFO  
</system-out>
	</testcase>
</testsuite>
