<?xml version="1.0" encoding="utf-8"?>
<testsuite failures="0" name="pysys_fail" skipped="1" tests="1" time="0.01" timestamp="2022-05-23T09:13:37">
	<testcase classname="Fail" name="pysys_fail">
		<skipped message="SKIPPED: Enable this to observe a failing test"/>
		<system-out>09:13:37 INFO  ==============================================================
09:13:37 INFO  Id:    pysys_fail
09:13:37 INFO  Dir:   misc_features/
09:13:37 INFO  Title: fail
09:13:37 INFO  ==============================================================
09:13:37 INFO  Enable this to observe a failing test ... skipped
09:13:37 INFO  
09:13:37 INFO  Test duration: 0.01 secs
09:13:37 INFO  Test final outcome:  SKIPPED
09:13:37 INFO  Test outcome reason: Enable this to observe a failing test
09:13:37 INFO  
</system-out>
	</testcase>
</testsuite>
