<?xml version="1.0" encoding="utf-8"?>
<testsuite failures="0" name="publish_sawmill" skipped="0" tests="1" time="79.45" timestamp="2022-05-16T07:24:35">
	<testcase classname="PublishSawmill" name="publish_sawmill"/>
</testsuite>
