<?xml version="1.0" encoding="utf-8"?>
<testsuite failures="0" name="mapper_awaits_before_reconnect" skipped="0" tests="1" time="29.5" timestamp="2022-04-19T13:42:49">
	<testcase classname="MapperReconnectAwait" name="mapper_awaits_before_reconnect"/>
</testsuite>
