<?xml version="1.0" encoding="utf-8"?>
<testsuite failures="0" name="tedge_mapper_c8y_packet_threshold_size" skipped="0" tests="1" time="30.52" timestamp="2022-05-11T11:47:42">
	<testcase classname="TedgeMapperC8yThresholdPacketSize" name="tedge_mapper_c8y_packet_threshold_size"/>
</testsuite>
