<?xml version="1.0" encoding="utf-8"?>
<testsuite failures="0" name="smoketest_json_400_samples_20ms" skipped="0" tests="1" time="59.08" timestamp="2022-04-28T15:33:39">
	<testcase classname="SmoketestJson400Samples20ms" name="smoketest_json_400_samples_20ms"/>
</testsuite>
