<?xml version="1.0" encoding="utf-8"?>
<testsuite name="publish_sawmill_record_statistics" tests="1" failures="0" skipped="0" time="95.39">
	<testcase classname="PublishSawmillRecordStatistics" name="publish_sawmill_record_statistics"/>
</testsuite>
