<?xml version="1.0" encoding="utf-8"?>
<testsuite name="docker_plugin_remove" tests="1" failures="1" skipped="0" time="5.26" timestamp="2022-05-02T16:05:32">
	<testcase classname="DockerPluginRemoveTest" name="docker_plugin_remove">
		<failure message="BLOCKED: sudo&lt;docker_run&gt; returned non-zero exit code 125" type="BLOCKED"/>
		<system-out>16:05:26 INFO  ==============================================================
16:05:26 INFO  Id:    docker_plugin_remove
16:05:26 INFO  Dir:   plugin_docker/
16:05:26 INFO  Title: Validate docker plugin remove
16:05:26 INFO  ==============================================================
16:05:27 INFO  Executed sudo&lt;docker_images&gt;, exit status 0
16:05:27 INFO  Grep on file /home/pi/actions-runner/_work/thin-edge.io/thin-edge.io/tests/PySys/plugin_docker/docker_plugin_remove/Output/linux/docker_images.out ... passed
16:05:30 WARN  Executed sudo&lt;docker_run&gt;, exit status 125
16:05:30 INFO  Contents of docker_run.err: 
  Unable to find image 'registry:latest' locally
  docker: Error response from daemon: toomanyrequests: You have reached your pull rate limit. You may increase the limit by authenticating and upgrading: https://www.docker.com/increase-rate-limit.
  See 'docker run --help'.
  -----

16:05:30 WARN  sudo&lt;docker_run&gt; returned non-zero exit code 125 ... blocked 
16:05:30 WARN  Aborted test due to BLOCKED outcome
16:05:30 INFO  
16:05:30 INFO  cleanup:
16:05:30 INFO  Removing containers scheduled to be cleaned up: ['', '']
16:05:31 WARN  Executed sudo&lt;containers_for_cleanup&gt;, exit status 1
16:05:31 INFO  Removing images scheduled to be cleaned up: ['registry', 'registry:2.7.1']
16:05:32 INFO  Executed sudo&lt;containers_for_cleanup&gt;, exit status 0
16:05:32 INFO  
16:05:32 INFO  Test duration: 5.26 secs
16:05:32 INFO  Test final outcome:  BLOCKED
16:05:32 INFO  Test outcome reason: sudo&lt;docker_run&gt; returned non-zero exit code 125
16:05:32 INFO  
</system-out>
	</testcase>
</testsuite>
