<?xml version="1.0" encoding="utf-8"?>
<testsuite name="docker_plugin_remove" tests="1" failures="0" skipped="0" time="34.37" timestamp="2022-05-03T08:53:59">
	<testcase classname="DockerPluginRemoveTest" name="docker_plugin_remove"/>
</testsuite>
