<?xml version="1.0" encoding="utf-8"?>
<testsuite name="docker_plugin_finalize" tests="1" failures="0" skipped="0" time="40.23" timestamp="2022-05-16T08:21:09">
	<testcase classname="DockerPluginFinalizeTest" name="docker_plugin_finalize"/>
</testsuite>
