<?xml version="1.0" encoding="utf-8"?>
<testsuite name="docker_plugin_install" tests="1" failures="0" skipped="0" time="33.66" timestamp="2022-05-09T07:55:11">
	<testcase classname="DockerPluginInstallTest" name="docker_plugin_install"/>
</testsuite>
