<?xml version="1.0" encoding="utf-8"?>
<testsuite name="docker_plugin_update" tests="1" failures="0" skipped="0" time="64.68" timestamp="2022-05-16T08:24:30">
	<testcase classname="DockerPluginUpdateTest" name="docker_plugin_update"/>
</testsuite>
