<?xml version="1.0" encoding="utf-8"?>
<testsuite name="docker_plugin_remove" tests="1" failures="0" skipped="0" time="34.16" timestamp="2022-05-09T07:56:18">
	<testcase classname="DockerPluginRemoveTest" name="docker_plugin_remove"/>
</testsuite>
