<?xml version="1.0" encoding="utf-8"?>
<testsuite name="docker_plugin_install" tests="1" failures="0" skipped="0" time="34.3" timestamp="2022-05-03T08:52:51">
	<testcase classname="DockerPluginInstallTest" name="docker_plugin_install"/>
</testsuite>
