<?xml version="1.0" encoding="utf-8"?>
<testsuite name="docker_plugin_install" tests="1" failures="0" skipped="0" time="34.55" timestamp="2022-05-10T14:10:07">
	<testcase classname="DockerPluginInstallTest" name="docker_plugin_install"/>
</testsuite>
