<?xml version="1.0" encoding="utf-8"?>
<testsuite failures="0" name="docker_plugin_finalize" skipped="0" tests="1" time="17.92" timestamp="2022-02-09T11:40:11">
	<testcase classname="DockerPluginFinalizeTest" name="docker_plugin_finalize"/>
</testsuite>
