<?xml version="1.0" encoding="utf-8"?>
<testsuite failures="0" name="docker_plugin_update" skipped="0" tests="1" time="41.57" timestamp="2022-02-15T16:04:32">
	<testcase classname="DockerPluginUpdateTest" name="docker_plugin_update"/>
</testsuite>
