<?xml version="1.0" encoding="utf-8"?>
<testsuite failures="0" name="docker_plugin_install_with_version" skipped="0" tests="1" time="22.2" timestamp="2022-03-30T09:02:39">
	<testcase classname="DockerPluginInstallWithVersionTest" name="docker_plugin_install_with_version"/>
</testsuite>
