<?xml version="1.0" encoding="utf-8"?>
<testsuite failures="0" name="docker_plugin_install" skipped="0" tests="1" time="20.32" timestamp="2022-03-03T11:27:29">
	<testcase classname="DockerPluginInstallTest" name="docker_plugin_install"/>
</testsuite>
