<?xml version="1.0" encoding="utf-8"?>
<testsuite failures="0" name="docker_plugin_update" skipped="0" tests="1" time="40.95" timestamp="2022-04-04T09:05:37">
	<testcase classname="DockerPluginUpdateTest" name="docker_plugin_update"/>
</testsuite>
