<?xml version="1.0" encoding="utf-8"?>
<testsuite failures="0" name="docker_plugin_install" skipped="0" tests="1" time="20.65" timestamp="2022-03-04T12:32:27">
	<testcase classname="DockerPluginInstallTest" name="docker_plugin_install"/>
</testsuite>
