<?xml version="1.0" encoding="utf-8"?>
<testsuite failures="0" name="docker_plugin_finalize" skipped="0" tests="1" time="19.94" timestamp="2022-02-16T09:51:05">
	<testcase classname="DockerPluginFinalizeTest" name="docker_plugin_finalize"/>
</testsuite>
