<?xml version="1.0" encoding="utf-8"?>
<testsuite failures="0" name="docker_plugin_update" skipped="0" tests="1" time="41.58" timestamp="2022-03-21T17:34:45">
	<testcase classname="DockerPluginUpdateTest" name="docker_plugin_update"/>
</testsuite>
