<?xml version="1.0" encoding="utf-8"?>
<testsuite failures="1" name="docker_plugin_update" skipped="0" tests="1" time="3.22" timestamp="2022-03-15T18:12:27">
	<testcase classname="DockerPluginUpdateTest" name="docker_plugin_update">
		<failure message="BLOCKED: sudo&lt;docker_run&gt; returned non-zero exit code 125" type="BLOCKED"/>
		<system-out>18:12:24 INFO  ==============================================================
18:12:24 INFO  Id:    docker_plugin_update
18:12:24 INFO  Dir:   plugin_docker/
18:12:24 INFO  Title: Validate docker plugin install updates existing containers
18:12:24 DEBUG Execution order hint: 0.0
18:12:24 INFO  ==============================================================
18:12:24 DEBUG Process parameters for sudo&lt;docker_images&gt;
  command line : /usr/bin/sudo docker images
    arg #1     : docker
    arg #2     : images
  working dir  : /home/pi/actions-runner/_work/thin-edge.io/thin-edge.io/tests/PySys/plugin_docker/docker_plugin_update/Output/linux
  stdout       : /home/pi/actions-runner/_work/thin-edge.io/thin-edge.io/tests/PySys/plugin_docker/docker_plugin_update/Output/linux/docker_images.out
  stderr       : /home/pi/actions-runner/_work/thin-edge.io/thin-edge.io/tests/PySys/plugin_docker/docker_plugin_update/Output/linux/docker_images.err
  environment  : LD_LIBRARY_PATH=/usr/lib
  environment  : PATH=/bin:/usr/bin:/usr/sbin:/usr/local/bin
                   #1  /bin
                   #2  /usr/bin
                   #3  /usr/sbin
                   #4  /usr/local/bin
18:12:24 DEBUG Waiting up to 600 secs for process sudo&lt;docker_images&gt; (pid 26142)
18:12:25 INFO  Executed sudo&lt;docker_images&gt;, exit status 0
18:12:25 DEBUG Performing regex contains=False grep on file: /home/pi/actions-runner/_work/thin-edge.io/thin-edge.io/tests/PySys/plugin_docker/docker_plugin_update/Output/linux/docker_images.out
18:12:25 INFO  Grep on input file /home/pi/actions-runner/_work/thin-edge.io/thin-edge.io/tests/PySys/plugin_docker/docker_plugin_update/Output/linux/docker_images.out ... passed
18:12:25 DEBUG Process parameters for sudo&lt;docker_run&gt;
  command line : /usr/bin/sudo docker run -d registry:2.6.2
    arg #1     : docker
    arg #2     : run
    arg #3     : -d
    arg #4     : registry:2.6.2
  working dir  : /home/pi/actions-runner/_work/thin-edge.io/thin-edge.io/tests/PySys/plugin_docker/docker_plugin_update/Output/linux
  stdout       : /home/pi/actions-runner/_work/thin-edge.io/thin-edge.io/tests/PySys/plugin_docker/docker_plugin_update/Output/linux/docker_run.out
  stderr       : /home/pi/actions-runner/_work/thin-edge.io/thin-edge.io/tests/PySys/plugin_docker/docker_plugin_update/Output/linux/docker_run.err
  environment  : LD_LIBRARY_PATH=/usr/lib
  environment  : PATH=/bin:/usr/bin:/usr/sbin:/usr/local/bin
                   #1  /bin
                   #2  /usr/bin
                   #3  /usr/sbin
                   #4  /usr/local/bin
18:12:25 DEBUG Waiting up to 600 secs for process sudo&lt;docker_run&gt; (pid 26152)
18:12:27 WARN  Executed sudo&lt;docker_run&gt;, exit status 125
18:12:27 DEBUG Opening file using encoding=UTF-8: /home/pi/actions-runner/_work/thin-edge.io/thin-edge.io/tests/PySys/plugin_docker/docker_plugin_update/Output/linux/docker_run.err
18:12:27 INFO  Contents of docker_run.err: 
18:12:27 INFO    Unable to find image 'registry:2.6.2' locally
18:12:27 INFO    docker: Error response from daemon: toomanyrequests: You have reached your pull rate limit. You may increase the limit by authenticating and upgrading: https://www.docker.com/increase-rate-limit.
18:12:27 INFO    See 'docker run --help'.
18:12:27 INFO    -----
18:12:27 INFO  
18:12:27 WARN  sudo&lt;docker_run&gt; returned non-zero exit code 125 ... blocked 
18:12:27 WARN  Aborted test due to BLOCKED outcome
18:12:27 DEBUG --- test cleanup
18:12:27 INFO  
18:12:27 INFO  cleanup:
18:12:27 DEBUG Running registered cleanup function: &lt;bound method DockerPlugin.cleanup_containers of &lt;DockerPluginUpdateTest object at 0x7608a370&gt;&gt;
18:12:27 INFO  Removing containers scheduled to be cleaned up: ['5a70d1bb5b5c', 'd9167de9892a']
18:12:27 DEBUG Process parameters for sudo&lt;containers_for_cleanup&gt;
  command line : /usr/bin/sudo docker rm -f 5a70d1bb5b5c d9167de9892a
    arg #1     : docker
    arg #2     : rm
    arg #3     : -f
    arg #4     : 5a70d1bb5b5c
    arg #5     : d9167de9892a
  working dir  : /home/pi/actions-runner/_work/thin-edge.io/thin-edge.io/tests/PySys/plugin_docker/docker_plugin_update/Output/linux
  stdout       : /home/pi/actions-runner/_work/thin-edge.io/thin-edge.io/tests/PySys/plugin_docker/docker_plugin_update/Output/linux/containers_for_cleanup.out
  stderr       : /home/pi/actions-runner/_work/thin-edge.io/thin-edge.io/tests/PySys/plugin_docker/docker_plugin_update/Output/linux/containers_for_cleanup.err
  environment  : LD_LIBRARY_PATH=/usr/lib
  environment  : PATH=/bin:/usr/bin:/usr/sbin:/usr/local/bin
                   #1  /bin
                   #2  /usr/bin
                   #3  /usr/sbin
                   #4  /usr/local/bin
18:12:27 DEBUG Waiting up to 600 secs for process sudo&lt;containers_for_cleanup&gt; (pid 26170)
18:12:27 WARN  Executed sudo&lt;containers_for_cleanup&gt;, exit status 1
18:12:27 DEBUG Running registered cleanup function: &lt;bound method DockerPlugin.cleanup_images of &lt;DockerPluginUpdateTest object at 0x7608a370&gt;&gt;
18:12:27 INFO  Removing images scheduled to be cleaned up: ['registry', 'registry', 'registry:2.7.1']
18:12:27 DEBUG Process parameters for sudo&lt;containers_for_cleanup&gt;
  command line : /usr/bin/sudo docker rmi -f registry registry registry:2.7.1
    arg #1     : docker
    arg #2     : rmi
    arg #3     : -f
    arg #4     : registry
    arg #5     : registry
    arg #6     : registry:2.7.1
  working dir  : /home/pi/actions-runner/_work/thin-edge.io/thin-edge.io/tests/PySys/plugin_docker/docker_plugin_update/Output/linux
  stdout       : /home/pi/actions-runner/_work/thin-edge.io/thin-edge.io/tests/PySys/plugin_docker/docker_plugin_update/Output/linux/containers_for_cleanup.out
  stderr       : /home/pi/actions-runner/_work/thin-edge.io/thin-edge.io/tests/PySys/plugin_docker/docker_plugin_update/Output/linux/containers_for_cleanup.err
  environment  : LD_LIBRARY_PATH=/usr/lib
  environment  : PATH=/bin:/usr/bin:/usr/sbin:/usr/local/bin
                   #1  /bin
                   #2  /usr/bin
                   #3  /usr/sbin
                   #4  /usr/local/bin
18:12:27 DEBUG Waiting up to 600 secs for process sudo&lt;containers_for_cleanup&gt; (pid 26180)
18:12:27 INFO  Executed sudo&lt;containers_for_cleanup&gt;, exit status 0
18:12:27 DEBUG ProcessUser cleanup function done.
18:12:27 INFO  
18:12:27 INFO  Test duration: 3.22 secs
18:12:27 INFO  Test final outcome:  BLOCKED
18:12:27 INFO  Test outcome reason: sudo&lt;docker_run&gt; returned non-zero exit code 125
18:12:27 INFO  
</system-out>
	</testcase>
</testsuite>
