<?xml version="1.0" encoding="utf-8"?>
<testsuite failures="0" name="SoftwareManagement.Plugin.apama_plugin_update" skipped="1" tests="1" time="0.02" timestamp="2022-05-16T08:15:23">
	<testcase classname="ApamaPluginUpdateTest" name="SoftwareManagement.Plugin.apama_plugin_update">
		<skipped message="SKIPPED: Test execution disabled due to #1052"/>
		<system-out>08:15:23 INFO  ==============================================================
08:15:23 INFO  Id:    SoftwareManagement.Plugin.apama_plugin_update
08:15:23 INFO  Dir:   plugin_apama/
08:15:23 INFO  Title: Validate apama plugin updating one project with another
08:15:23 INFO  ==============================================================
08:15:23 INFO  Test execution disabled due to #1052 ... skipped
08:15:23 INFO  
08:15:23 INFO  Test duration: 0.02 secs
08:15:23 INFO  Test final outcome:  SKIPPED
08:15:23 INFO  Test outcome reason: Test execution disabled due to #1052
08:15:23 INFO  
</system-out>
	</testcase>
</testsuite>
