<?xml version="1.0" encoding="utf-8"?>
<testsuite failures="1" name="SoftwareManagement.Plugin.apama_plugin_update" skipped="0" tests="1" time="22.09" timestamp="2022-05-03T08:47:18">
	<testcase classname="ApamaPluginUpdateTest" name="SoftwareManagement.Plugin.apama_plugin_update">
		<failure message="BLOCKED: sudo&lt;plugin_install&gt; returned non-zero exit code 2" type="BLOCKED"/>
		<system-out>08:46:56 INFO  ==============================================================
08:46:56 INFO  Id:    SoftwareManagement.Plugin.apama_plugin_update
08:46:56 INFO  Dir:   plugin_apama/
08:46:56 INFO  Title: Validate apama plugin updating one project with another
08:46:56 INFO  ==============================================================
08:46:56 INFO  Assertion that path exists=False for &quot;/etc/tedge/apama/project&quot; ... passed
08:46:56 INFO  Executed sudo&lt;create_project_dir&gt;, exit status 0
08:46:57 INFO  Executed sudo&lt;unzip_apama_project&gt;, exit status 0
08:46:57 INFO  Executed sudo&lt;move_apama_project&gt;, exit status 0
08:46:58 INFO  Executed sudo&lt;restart_apama_service&gt;, exit status 0
08:46:59 INFO  Executed sudo&lt;apama_correlator_wait&gt;, exit status 0
08:46:59 INFO  Assertion that path exists=True for &quot;/etc/tedge/apama/project&quot; ... passed
08:47:00 INFO  Executed sudo&lt;apama_list_monitors&gt;, exit status 0
08:47:00 INFO  Grep on file /home/pi/actions-runner/_work/thin-edge.io/thin-edge.io/tests/PySys/plugin_apama/apama_plugin_update/Output/linux/apama_list_monitors.out ... passed
08:47:00 WARN  Executed sudo&lt;plugin_install&gt;, exit status 2
08:47:00 INFO  Contents of plugin_install.err: 
  ERROR: Directory not empty (os error 39)
  -----

08:47:01 WARN  sudo&lt;plugin_install&gt; returned non-zero exit code 2 ... blocked [run.py:35]
08:47:01 WARN  Aborted test due to BLOCKED outcome
08:47:01 INFO  
08:47:01 INFO  cleanup:
08:47:01 INFO  Removing apama project
08:47:17 INFO  Executed sudo&lt;stop_apama_service&gt;, exit status 0, duration 16 secs
08:47:17 INFO  Executed sudo&lt;remove_apama_project&gt;, exit status 0
08:47:18 INFO  Executed sudo&lt;remove_apama_tmp_dir&gt;, exit status 0
08:47:18 INFO  
08:47:18 INFO  Test duration: 22.09 secs
08:47:18 INFO  Test final outcome:  BLOCKED
08:47:18 INFO  Test outcome reason: sudo&lt;plugin_install&gt; returned non-zero exit code 2
08:47:18 INFO  
</system-out>
	</testcase>
</testsuite>
