<?xml version="1.0" encoding="utf-8"?>
<testsuite failures="0" name="docker_plugin_install" skipped="0" tests="1" time="20.64" timestamp="2022-02-18T15:39:53">
	<testcase classname="DockerPluginInstallTest" name="docker_plugin_install"/>
</testsuite>
