<?xml version="1.0" encoding="utf-8"?>
<testsuite failures="1" name="docker_plugin_remove" skipped="0" tests="1" time="3.2" timestamp="2022-03-16T14:09:23">
	<testcase classname="DockerPluginRemoveTest" name="docker_plugin_remove">
		<failure message="BLOCKED: sudo&lt;docker_run&gt; returned non-zero exit code 125" type="BLOCKED"/>
		<system-out>14:09:20 INFO  ==============================================================
14:09:20 INFO  Id:    docker_plugin_remove
14:09:20 INFO  Dir:   plugin_docker/
14:09:20 INFO  Title: Validate docker plugin remove
14:09:20 DEBUG Execution order hint: 0.0
14:09:20 INFO  ==============================================================
14:09:20 DEBUG Process parameters for sudo&lt;docker_images&gt;
  command line : /usr/bin/sudo docker images
    arg #1     : docker
    arg #2     : images
  working dir  : /home/pi/actions-runner/_work/thin-edge.io/thin-edge.io/tests/PySys/plugin_docker/docker_plugin_remove/Output/linux
  stdout       : /home/pi/actions-runner/_work/thin-edge.io/thin-edge.io/tests/PySys/plugin_docker/docker_plugin_remove/Output/linux/docker_images.out
  stderr       : /home/pi/actions-runner/_work/thin-edge.io/thin-edge.io/tests/PySys/plugin_docker/docker_plugin_remove/Output/linux/docker_images.err
  environment  : LD_LIBRARY_PATH=/usr/lib
  environment  : PATH=/bin:/usr/bin:/usr/sbin:/usr/local/bin
                   #1  /bin
                   #2  /usr/bin
                   #3  /usr/sbin
                   #4  /usr/local/bin
14:09:20 DEBUG Waiting up to 600 secs for process sudo&lt;docker_images&gt; (pid 15815)
14:09:21 INFO  Executed sudo&lt;docker_images&gt;, exit status 0
14:09:21 DEBUG Performing regex contains=False grep on file: /home/pi/actions-runner/_work/thin-edge.io/thin-edge.io/tests/PySys/plugin_docker/docker_plugin_remove/Output/linux/docker_images.out
14:09:21 INFO  Grep on input file /home/pi/actions-runner/_work/thin-edge.io/thin-edge.io/tests/PySys/plugin_docker/docker_plugin_remove/Output/linux/docker_images.out ... passed
14:09:21 DEBUG Process parameters for sudo&lt;docker_run&gt;
  command line : /usr/bin/sudo docker run -d registry
    arg #1     : docker
    arg #2     : run
    arg #3     : -d
    arg #4     : registry
  working dir  : /home/pi/actions-runner/_work/thin-edge.io/thin-edge.io/tests/PySys/plugin_docker/docker_plugin_remove/Output/linux
  stdout       : /home/pi/actions-runner/_work/thin-edge.io/thin-edge.io/tests/PySys/plugin_docker/docker_plugin_remove/Output/linux/docker_run.out
  stderr       : /home/pi/actions-runner/_work/thin-edge.io/thin-edge.io/tests/PySys/plugin_docker/docker_plugin_remove/Output/linux/docker_run.err
  environment  : LD_LIBRARY_PATH=/usr/lib
  environment  : PATH=/bin:/usr/bin:/usr/sbin:/usr/local/bin
                   #1  /bin
                   #2  /usr/bin
                   #3  /usr/sbin
                   #4  /usr/local/bin
14:09:21 DEBUG Waiting up to 600 secs for process sudo&lt;docker_run&gt; (pid 15825)
14:09:22 WARN  Executed sudo&lt;docker_run&gt;, exit status 125
14:09:22 DEBUG Opening file using encoding=UTF-8: /home/pi/actions-runner/_work/thin-edge.io/thin-edge.io/tests/PySys/plugin_docker/docker_plugin_remove/Output/linux/docker_run.err
14:09:22 INFO  Contents of docker_run.err: 
14:09:22 INFO    Unable to find image 'registry:latest' locally
14:09:22 INFO    docker: Error response from daemon: toomanyrequests: You have reached your pull rate limit. You may increase the limit by authenticating and upgrading: https://www.docker.com/increase-rate-limit.
14:09:22 INFO    See 'docker run --help'.
14:09:22 INFO    -----
14:09:22 INFO  
14:09:22 WARN  sudo&lt;docker_run&gt; returned non-zero exit code 125 ... blocked 
14:09:22 WARN  Aborted test due to BLOCKED outcome
14:09:22 DEBUG --- test cleanup
14:09:22 INFO  
14:09:22 INFO  cleanup:
14:09:22 DEBUG Running registered cleanup function: &lt;bound method DockerPlugin.cleanup_containers of &lt;DockerPluginRemoveTest object at 0x75fd0710&gt;&gt;
14:09:22 INFO  Removing containers scheduled to be cleaned up: ['', '']
14:09:22 DEBUG Process parameters for sudo&lt;containers_for_cleanup&gt;
  command line : /usr/bin/sudo docker rm -f '' ''
    arg #1     : docker
    arg #2     : rm
    arg #3     : -f
    arg #4     : 
    arg #5     : 
  working dir  : /home/pi/actions-runner/_work/thin-edge.io/thin-edge.io/tests/PySys/plugin_docker/docker_plugin_remove/Output/linux
  stdout       : /home/pi/actions-runner/_work/thin-edge.io/thin-edge.io/tests/PySys/plugin_docker/docker_plugin_remove/Output/linux/containers_for_cleanup.out
  stderr       : /home/pi/actions-runner/_work/thin-edge.io/thin-edge.io/tests/PySys/plugin_docker/docker_plugin_remove/Output/linux/containers_for_cleanup.err
  environment  : LD_LIBRARY_PATH=/usr/lib
  environment  : PATH=/bin:/usr/bin:/usr/sbin:/usr/local/bin
                   #1  /bin
                   #2  /usr/bin
                   #3  /usr/sbin
                   #4  /usr/local/bin
14:09:22 DEBUG Waiting up to 600 secs for process sudo&lt;containers_for_cleanup&gt; (pid 15843)
14:09:23 WARN  Executed sudo&lt;containers_for_cleanup&gt;, exit status 1
14:09:23 DEBUG Running registered cleanup function: &lt;bound method DockerPlugin.cleanup_images of &lt;DockerPluginRemoveTest object at 0x75fd0710&gt;&gt;
14:09:23 INFO  Removing images scheduled to be cleaned up: ['registry', 'registry:2.7.1']
14:09:23 DEBUG Process parameters for sudo&lt;containers_for_cleanup&gt;
  command line : /usr/bin/sudo docker rmi -f registry registry:2.7.1
    arg #1     : docker
    arg #2     : rmi
    arg #3     : -f
    arg #4     : registry
    arg #5     : registry:2.7.1
  working dir  : /home/pi/actions-runner/_work/thin-edge.io/thin-edge.io/tests/PySys/plugin_docker/docker_plugin_remove/Output/linux
  stdout       : /home/pi/actions-runner/_work/thin-edge.io/thin-edge.io/tests/PySys/plugin_docker/docker_plugin_remove/Output/linux/containers_for_cleanup.out
  stderr       : /home/pi/actions-runner/_work/thin-edge.io/thin-edge.io/tests/PySys/plugin_docker/docker_plugin_remove/Output/linux/containers_for_cleanup.err
  environment  : LD_LIBRARY_PATH=/usr/lib
  environment  : PATH=/bin:/usr/bin:/usr/sbin:/usr/local/bin
                   #1  /bin
                   #2  /usr/bin
                   #3  /usr/sbin
                   #4  /usr/local/bin
14:09:23 DEBUG Waiting up to 600 secs for process sudo&lt;containers_for_cleanup&gt; (pid 15854)
14:09:23 INFO  Executed sudo&lt;containers_for_cleanup&gt;, exit status 0
14:09:23 DEBUG ProcessUser cleanup function done.
14:09:23 INFO  
14:09:23 INFO  Test duration: 3.20 secs
14:09:23 INFO  Test final outcome:  BLOCKED
14:09:23 INFO  Test outcome reason: sudo&lt;docker_run&gt; returned non-zero exit code 125
14:09:23 INFO  
</system-out>
	</testcase>
</testsuite>
