<?xml version="1.0" encoding="utf-8"?>
<testsuite failures="1" name="docker_plugin_finalize" skipped="0" tests="1" time="3.81" timestamp="2022-03-16T14:09:12">
	<testcase classname="DockerPluginFinalizeTest" name="docker_plugin_finalize">
		<failure message="BLOCKED: sudo&lt;docker_pull&gt; returned non-zero exit code 1" type="BLOCKED"/>
		<system-out>14:09:08 INFO  ==============================================================
14:09:08 INFO  Id:    docker_plugin_finalize
14:09:08 INFO  Dir:   plugin_docker/
14:09:08 INFO  Title: Validate docker plugin finalize command
14:09:08 DEBUG Execution order hint: 0.0
14:09:08 INFO  ==============================================================
14:09:08 DEBUG Process parameters for sudo&lt;docker_images&gt;
  command line : /usr/bin/sudo docker images
    arg #1     : docker
    arg #2     : images
  working dir  : /home/pi/actions-runner/_work/thin-edge.io/thin-edge.io/tests/PySys/plugin_docker/docker_plugin_finalize/Output/linux
  stdout       : /home/pi/actions-runner/_work/thin-edge.io/thin-edge.io/tests/PySys/plugin_docker/docker_plugin_finalize/Output/linux/docker_images.out
  stderr       : /home/pi/actions-runner/_work/thin-edge.io/thin-edge.io/tests/PySys/plugin_docker/docker_plugin_finalize/Output/linux/docker_images.err
  environment  : LD_LIBRARY_PATH=/usr/lib
  environment  : PATH=/bin:/usr/bin:/usr/sbin:/usr/local/bin
                   #1  /bin
                   #2  /usr/bin
                   #3  /usr/sbin
                   #4  /usr/local/bin
14:09:08 DEBUG Waiting up to 600 secs for process sudo&lt;docker_images&gt; (pid 15623)
14:09:09 INFO  Executed sudo&lt;docker_images&gt;, exit status 0
14:09:09 DEBUG Performing regex contains=False grep on file: /home/pi/actions-runner/_work/thin-edge.io/thin-edge.io/tests/PySys/plugin_docker/docker_plugin_finalize/Output/linux/docker_images.out
14:09:09 INFO  Grep on input file /home/pi/actions-runner/_work/thin-edge.io/thin-edge.io/tests/PySys/plugin_docker/docker_plugin_finalize/Output/linux/docker_images.out ... passed
14:09:09 DEBUG Process parameters for sudo&lt;docker_pull&gt;
  command line : /usr/bin/sudo docker pull registry
    arg #1     : docker
    arg #2     : pull
    arg #3     : registry
  working dir  : /home/pi/actions-runner/_work/thin-edge.io/thin-edge.io/tests/PySys/plugin_docker/docker_plugin_finalize/Output/linux
  stdout       : /home/pi/actions-runner/_work/thin-edge.io/thin-edge.io/tests/PySys/plugin_docker/docker_plugin_finalize/Output/linux/docker_pull.out
  stderr       : /home/pi/actions-runner/_work/thin-edge.io/thin-edge.io/tests/PySys/plugin_docker/docker_plugin_finalize/Output/linux/docker_pull.err
  environment  : LD_LIBRARY_PATH=/usr/lib
  environment  : PATH=/bin:/usr/bin:/usr/sbin:/usr/local/bin
                   #1  /bin
                   #2  /usr/bin
                   #3  /usr/sbin
                   #4  /usr/local/bin
14:09:09 DEBUG Waiting up to 600 secs for process sudo&lt;docker_pull&gt; (pid 15633)
14:09:11 WARN  Executed sudo&lt;docker_pull&gt;, exit status 1
14:09:11 DEBUG Opening file using encoding=UTF-8: /home/pi/actions-runner/_work/thin-edge.io/thin-edge.io/tests/PySys/plugin_docker/docker_plugin_finalize/Output/linux/docker_pull.err
14:09:11 INFO  Contents of docker_pull.err: 
14:09:11 INFO    toomanyrequests: You have reached your pull rate limit. You may increase the limit by authenticating and upgrading: https://www.docker.com/increase-rate-limit
14:09:11 INFO    -----
14:09:11 INFO  
14:09:12 WARN  sudo&lt;docker_pull&gt; returned non-zero exit code 1 ... blocked 
14:09:12 WARN  Aborted test due to BLOCKED outcome
14:09:12 DEBUG --- test cleanup
14:09:12 INFO  
14:09:12 INFO  cleanup:
14:09:12 DEBUG Running registered cleanup function: &lt;bound method DockerPlugin.cleanup_containers of &lt;DockerPluginFinalizeTest object at 0x76042a90&gt;&gt;
14:09:12 DEBUG Running registered cleanup function: &lt;bound method DockerPlugin.cleanup_images of &lt;DockerPluginFinalizeTest object at 0x76042a90&gt;&gt;
14:09:12 DEBUG ProcessUser cleanup function done.
14:09:12 INFO  
14:09:12 INFO  Test duration: 3.81 secs
14:09:12 INFO  Test final outcome:  BLOCKED
14:09:12 INFO  Test outcome reason: sudo&lt;docker_pull&gt; returned non-zero exit code 1
14:09:12 INFO  
</system-out>
	</testcase>
</testsuite>
