<?xml version="1.0" encoding="utf-8"?>
<testsuite failures="0" name="docker_plugin_install" skipped="0" tests="1" time="19.75" timestamp="2022-02-25T16:15:46">
	<testcase classname="DockerPluginInstallTest" name="docker_plugin_install"/>
</testsuite>
