<?xml version="1.0" encoding="utf-8"?>
<testsuite failures="1" name="docker_plugin_remove_with_version" skipped="0" tests="1" time="3.12" timestamp="2022-03-16T14:09:26">
	<testcase classname="DockerPluginRemoveWithVersionTest" name="docker_plugin_remove_with_version">
		<failure message="BLOCKED: sudo&lt;docker_run&gt; returned non-zero exit code 125" type="BLOCKED"/>
		<system-out>14:09:23 INFO  ==============================================================
14:09:23 INFO  Id:    docker_plugin_remove_with_version
14:09:23 INFO  Dir:   plugin_docker/
14:09:23 INFO  Title: Validate docker plugin remove with version
14:09:23 DEBUG Execution order hint: 0.0
14:09:23 INFO  ==============================================================
14:09:23 DEBUG Process parameters for sudo&lt;docker_images&gt;
  command line : /usr/bin/sudo docker images
    arg #1     : docker
    arg #2     : images
  working dir  : /home/pi/actions-runner/_work/thin-edge.io/thin-edge.io/tests/PySys/plugin_docker/docker_plugin_remove_with_version/Output/linux
  stdout       : /home/pi/actions-runner/_work/thin-edge.io/thin-edge.io/tests/PySys/plugin_docker/docker_plugin_remove_with_version/Output/linux/docker_images.out
  stderr       : /home/pi/actions-runner/_work/thin-edge.io/thin-edge.io/tests/PySys/plugin_docker/docker_plugin_remove_with_version/Output/linux/docker_images.err
  environment  : LD_LIBRARY_PATH=/usr/lib
  environment  : PATH=/bin:/usr/bin:/usr/sbin:/usr/local/bin
                   #1  /bin
                   #2  /usr/bin
                   #3  /usr/sbin
                   #4  /usr/local/bin
14:09:23 DEBUG Waiting up to 600 secs for process sudo&lt;docker_images&gt; (pid 15864)
14:09:24 INFO  Executed sudo&lt;docker_images&gt;, exit status 0
14:09:24 DEBUG Performing regex contains=False grep on file: /home/pi/actions-runner/_work/thin-edge.io/thin-edge.io/tests/PySys/plugin_docker/docker_plugin_remove_with_version/Output/linux/docker_images.out
14:09:24 INFO  Grep on input file /home/pi/actions-runner/_work/thin-edge.io/thin-edge.io/tests/PySys/plugin_docker/docker_plugin_remove_with_version/Output/linux/docker_images.out ... passed
14:09:24 DEBUG Process parameters for sudo&lt;docker_run&gt;
  command line : /usr/bin/sudo docker run -d registry:2.7.1
    arg #1     : docker
    arg #2     : run
    arg #3     : -d
    arg #4     : registry:2.7.1
  working dir  : /home/pi/actions-runner/_work/thin-edge.io/thin-edge.io/tests/PySys/plugin_docker/docker_plugin_remove_with_version/Output/linux
  stdout       : /home/pi/actions-runner/_work/thin-edge.io/thin-edge.io/tests/PySys/plugin_docker/docker_plugin_remove_with_version/Output/linux/docker_run.out
  stderr       : /home/pi/actions-runner/_work/thin-edge.io/thin-edge.io/tests/PySys/plugin_docker/docker_plugin_remove_with_version/Output/linux/docker_run.err
  environment  : LD_LIBRARY_PATH=/usr/lib
  environment  : PATH=/bin:/usr/bin:/usr/sbin:/usr/local/bin
                   #1  /bin
                   #2  /usr/bin
                   #3  /usr/sbin
                   #4  /usr/local/bin
14:09:24 DEBUG Waiting up to 600 secs for process sudo&lt;docker_run&gt; (pid 15874)
14:09:25 WARN  Executed sudo&lt;docker_run&gt;, exit status 125
14:09:25 DEBUG Opening file using encoding=UTF-8: /home/pi/actions-runner/_work/thin-edge.io/thin-edge.io/tests/PySys/plugin_docker/docker_plugin_remove_with_version/Output/linux/docker_run.err
14:09:25 INFO  Contents of docker_run.err: 
14:09:25 INFO    Unable to find image 'registry:2.7.1' locally
14:09:25 INFO    docker: Error response from daemon: toomanyrequests: You have reached your pull rate limit. You may increase the limit by authenticating and upgrading: https://www.docker.com/increase-rate-limit.
14:09:25 INFO    See 'docker run --help'.
14:09:25 INFO    -----
14:09:25 INFO  
14:09:26 WARN  sudo&lt;docker_run&gt; returned non-zero exit code 125 ... blocked 
14:09:26 WARN  Aborted test due to BLOCKED outcome
14:09:26 DEBUG --- test cleanup
14:09:26 INFO  
14:09:26 INFO  cleanup:
14:09:26 DEBUG Running registered cleanup function: &lt;bound method DockerPlugin.cleanup_containers of &lt;DockerPluginRemoveWithVersionTest object at 0x766fc970&gt;&gt;
14:09:26 INFO  Removing containers scheduled to be cleaned up: ['', '']
14:09:26 DEBUG Process parameters for sudo&lt;containers_for_cleanup&gt;
  command line : /usr/bin/sudo docker rm -f '' ''
    arg #1     : docker
    arg #2     : rm
    arg #3     : -f
    arg #4     : 
    arg #5     : 
  working dir  : /home/pi/actions-runner/_work/thin-edge.io/thin-edge.io/tests/PySys/plugin_docker/docker_plugin_remove_with_version/Output/linux
  stdout       : /home/pi/actions-runner/_work/thin-edge.io/thin-edge.io/tests/PySys/plugin_docker/docker_plugin_remove_with_version/Output/linux/containers_for_cleanup.out
  stderr       : /home/pi/actions-runner/_work/thin-edge.io/thin-edge.io/tests/PySys/plugin_docker/docker_plugin_remove_with_version/Output/linux/containers_for_cleanup.err
  environment  : LD_LIBRARY_PATH=/usr/lib
  environment  : PATH=/bin:/usr/bin:/usr/sbin:/usr/local/bin
                   #1  /bin
                   #2  /usr/bin
                   #3  /usr/sbin
                   #4  /usr/local/bin
14:09:26 DEBUG Waiting up to 600 secs for process sudo&lt;containers_for_cleanup&gt; (pid 15891)
14:09:26 WARN  Executed sudo&lt;containers_for_cleanup&gt;, exit status 1
14:09:26 DEBUG Running registered cleanup function: &lt;bound method DockerPlugin.cleanup_images of &lt;DockerPluginRemoveWithVersionTest object at 0x766fc970&gt;&gt;
14:09:26 INFO  Removing images scheduled to be cleaned up: ['registry', 'registry:2.7.1']
14:09:26 DEBUG Process parameters for sudo&lt;containers_for_cleanup&gt;
  command line : /usr/bin/sudo docker rmi -f registry registry:2.7.1
    arg #1     : docker
    arg #2     : rmi
    arg #3     : -f
    arg #4     : registry
    arg #5     : registry:2.7.1
  working dir  : /home/pi/actions-runner/_work/thin-edge.io/thin-edge.io/tests/PySys/plugin_docker/docker_plugin_remove_with_version/Output/linux
  stdout       : /home/pi/actions-runner/_work/thin-edge.io/thin-edge.io/tests/PySys/plugin_docker/docker_plugin_remove_with_version/Output/linux/containers_for_cleanup.out
  stderr       : /home/pi/actions-runner/_work/thin-edge.io/thin-edge.io/tests/PySys/plugin_docker/docker_plugin_remove_with_version/Output/linux/containers_for_cleanup.err
  environment  : LD_LIBRARY_PATH=/usr/lib
  environment  : PATH=/bin:/usr/bin:/usr/sbin:/usr/local/bin
                   #1  /bin
                   #2  /usr/bin
                   #3  /usr/sbin
                   #4  /usr/local/bin
14:09:26 DEBUG Waiting up to 600 secs for process sudo&lt;containers_for_cleanup&gt; (pid 15901)
14:09:26 INFO  Executed sudo&lt;containers_for_cleanup&gt;, exit status 0
14:09:26 DEBUG ProcessUser cleanup function done.
14:09:26 INFO  
14:09:26 INFO  Test duration: 3.12 secs
14:09:26 INFO  Test final outcome:  BLOCKED
14:09:26 INFO  Test outcome reason: sudo&lt;docker_run&gt; returned non-zero exit code 125
14:09:26 INFO  
</system-out>
	</testcase>
</testsuite>
