<?xml version="1.0" encoding="utf-8"?>
<testsuite failures="0" name="publish_sawmill" skipped="0" tests="1" time="74.49" timestamp="2022-03-30T08:20:22">
	<testcase classname="PublishSawmill" name="publish_sawmill"/>
</testsuite>
