<?xml version="1.0" encoding="utf-8"?>
<testsuite failures="0" name="tedge_mapper_c8y_child_device_measurement" skipped="0" tests="1" time="18.91" timestamp="2022-03-02T08:54:57">
	<testcase classname="TedgeMapperC8yChildDevice" name="tedge_mapper_c8y_child_device_measurement"/>
</testsuite>
