<?xml version="1.0" encoding="utf-8"?>
<testsuite failures="0" name="mqtt_port_set" skipped="0" tests="1" time="14.74" timestamp="2022-02-24T13:34:23">
	<testcase classname="MqttPortSet" name="mqtt_port_set"/>
</testsuite>
