<?xml version="1.0" encoding="utf-8"?>
<testsuite failures="0" name="SoftwareManagement.Plugin.apama_plugin_install" skipped="1" tests="1" time="0.05" timestamp="2022-03-30T08:17:58">
	<testcase classname="ApamaPluginInstallTest" name="SoftwareManagement.Plugin.apama_plugin_install">
		<skipped message="SKIPPED: Apama plugin tests are disabled by default. Execute `pysys run` with `-XmyPlatform=container` to run these tests"/>
		<system-out>08:17:58 DEBUG deletedir failed to update permissions and delete /home/pi/actions-runner/_work/thin-edge.io/thin-edge.io/tests/PySys/plugin_apama/apama_plugin_install/Output/linux on this attempt: [Errno 2] No such file or directory: '/home/pi/actions-runner/_work/thin-edge.io/thin-edge.io/tests/PySys/plugin_apama/apama_plugin_install/Output/linux'
08:17:58 INFO  ==============================================================
08:17:58 INFO  Id:    SoftwareManagement.Plugin.apama_plugin_install
08:17:58 INFO  Dir:   plugin_apama/
08:17:58 INFO  Title: Validate apama plugin install
08:17:58 DEBUG Execution order hint: 0.0
08:17:58 INFO  ==============================================================
08:17:58 INFO  Apama plugin tests are disabled by default. Execute `pysys run` with `-XmyPlatform=container` to run these tests ... skipped
08:17:58 WARN  Aborted test due to SKIPPED outcome
08:17:58 DEBUG --- test cleanup
08:17:58 DEBUG ProcessUser cleanup function done.
08:17:58 INFO  
08:17:58 INFO  Test duration: 0.05 secs
08:17:58 INFO  Test final outcome:  SKIPPED
08:17:58 INFO  Test outcome reason: Apama plugin tests are disabled by default. Execute `pysys run` with `-XmyPlatform=container` to run these tests
08:17:58 INFO  
</system-out>
	</testcase>
</testsuite>
