<?xml version="1.0" encoding="utf-8"?>
<testsuite failures="0" name="smoketest_smartrest" skipped="0" tests="1" time="41.41" timestamp="2022-03-29T16:45:03">
	<testcase classname="SmoketestSmartRest" name="smoketest_smartrest"/>
</testsuite>
