<?xml version="1.0" encoding="utf-8"?>
<testsuite failures="0" name="mqtt_port_set" skipped="0" tests="1" time="14.81" timestamp="2022-03-29T16:38:53">
	<testcase classname="MqttPortSet" name="mqtt_port_set"/>
</testsuite>
