<?xml version="1.0" encoding="utf-8"?>
<testsuite failures="0" name="SoftwareManagement.sm_mapper_fail_and_reconnect" skipped="1" tests="1" time="0.01" timestamp="2022-03-02T08:52:38">
	<testcase classname="SmMapperC8yReceiveLastMessageOnRestart" name="SoftwareManagement.sm_mapper_fail_and_reconnect"/>
</testsuite>
