<?xml version="1.0" encoding="utf-8"?>
<testsuite failures="1" name="local_mqtt_pub_sub_retain" skipped="0" tests="1" time="4.84" timestamp="2022-02-07T14:00:30">
	<testcase classname="MqttPublishWithRetain" name="local_mqtt_pub_sub_retain">
		<failure message="FAILED: Grep on temp_sensor_sub.out contains &quot;\[test/alarms/temp_sensor\] alarm msg 2&quot; (+1 other failures)" type="FAILED"/>
		<system-out>14:00:25 INFO  ==============================================================
14:00:25 INFO  Id:    local_mqtt_pub_sub_retain
14:00:25 INFO  Dir:   local_mqtt/
14:00:25 INFO  Title: Validate local publishing with retain flag
14:00:25 DEBUG Execution order hint: 0.0
14:00:25 INFO  ==============================================================
14:00:25 DEBUG --- test execute
14:00:25 DEBUG Process parameters for tedge&lt;pub_to_set_alarm&gt;
  command line : /usr/bin/tedge mqtt pub --retain --qos 1 test/alarms/temp_sensor 'alarm msg 1'
    arg #1     : mqtt
    arg #2     : pub
    arg #3     : --retain
    arg #4     : --qos
    arg #5     : 1
    arg #6     : test/alarms/temp_sensor
    arg #7     : alarm msg 1
  working dir  : /home/pi/actions-runner/_work/thin-edge.io/thin-edge.io/tests/PySys/local_mqtt/local_mqtt_pub_sub_retain/Output/linux
  stdout       : /home/pi/actions-runner/_work/thin-edge.io/thin-edge.io/tests/PySys/local_mqtt/local_mqtt_pub_sub_retain/Output/linux/pub_to_set_alarm.out
  stderr       : /home/pi/actions-runner/_work/thin-edge.io/thin-edge.io/tests/PySys/local_mqtt/local_mqtt_pub_sub_retain/Output/linux/pub_to_set_alarm.err
  environment  : HOME=/home/pi
14:00:25 DEBUG Waiting up to 600 secs for process tedge&lt;pub_to_set_alarm&gt; (pid 14335)
14:00:25 INFO  Executed tedge&lt;pub_to_set_alarm&gt;, exit status 0
14:00:25 DEBUG Process parameters for tedge&lt;pub_to_set_alarm&gt;
  command line : /usr/bin/tedge mqtt pub --retain --qos 1 test/alarms/temp_sensor 'alarm msg 2'
    arg #1     : mqtt
    arg #2     : pub
    arg #3     : --retain
    arg #4     : --qos
    arg #5     : 1
    arg #6     : test/alarms/temp_sensor
    arg #7     : alarm msg 2
  working dir  : /home/pi/actions-runner/_work/thin-edge.io/thin-edge.io/tests/PySys/local_mqtt/local_mqtt_pub_sub_retain/Output/linux
  stdout       : /home/pi/actions-runner/_work/thin-edge.io/thin-edge.io/tests/PySys/local_mqtt/local_mqtt_pub_sub_retain/Output/linux/pub_to_set_alarm.out
  stderr       : /home/pi/actions-runner/_work/thin-edge.io/thin-edge.io/tests/PySys/local_mqtt/local_mqtt_pub_sub_retain/Output/linux/pub_to_set_alarm.err
  environment  : HOME=/home/pi
14:00:25 DEBUG Waiting up to 600 secs for process tedge&lt;pub_to_set_alarm&gt; (pid 14337)
14:00:25 INFO  Executed tedge&lt;pub_to_set_alarm&gt;, exit status 0
14:00:26 DEBUG Process parameters for tedge&lt;temp_sensor_sub&gt;
  command line : /usr/bin/tedge mqtt sub 'test/alarms/#'
    arg #1     : mqtt
    arg #2     : sub
    arg #3     : test/alarms/#
  working dir  : /home/pi/actions-runner/_work/thin-edge.io/thin-edge.io/tests/PySys/local_mqtt/local_mqtt_pub_sub_retain/Output/linux
  stdout       : /home/pi/actions-runner/_work/thin-edge.io/thin-edge.io/tests/PySys/local_mqtt/local_mqtt_pub_sub_retain/Output/linux/temp_sensor_sub.out
  stderr       : /home/pi/actions-runner/_work/thin-edge.io/thin-edge.io/tests/PySys/local_mqtt/local_mqtt_pub_sub_retain/Output/linux/temp_sensor_sub.err
  environment  : HOME=/home/pi
14:00:26 INFO  Started tedge&lt;temp_sensor_sub&gt; with process id 14342
14:00:26 DEBUG Process parameters for tedge&lt;pub_to_clear_alarm&gt;
  command line : /usr/bin/tedge mqtt pub --retain --qos 1 test/alarms/temp_sensor ''
    arg #1     : mqtt
    arg #2     : pub
    arg #3     : --retain
    arg #4     : --qos
    arg #5     : 1
    arg #6     : test/alarms/temp_sensor
    arg #7     : 
  working dir  : /home/pi/actions-runner/_work/thin-edge.io/thin-edge.io/tests/PySys/local_mqtt/local_mqtt_pub_sub_retain/Output/linux
  stdout       : /home/pi/actions-runner/_work/thin-edge.io/thin-edge.io/tests/PySys/local_mqtt/local_mqtt_pub_sub_retain/Output/linux/pub_to_clear_alarm.out
  stderr       : /home/pi/actions-runner/_work/thin-edge.io/thin-edge.io/tests/PySys/local_mqtt/local_mqtt_pub_sub_retain/Output/linux/pub_to_clear_alarm.err
  environment  : HOME=/home/pi
14:00:26 DEBUG Waiting up to 600 secs for process tedge&lt;pub_to_clear_alarm&gt; (pid 14343)
14:00:27 INFO  Executed tedge&lt;pub_to_clear_alarm&gt;, exit status 0
14:00:28 DEBUG Process parameters for sudo&lt;kill_out&gt;
  command line : /usr/bin/sudo killall tedge
    arg #1     : killall
    arg #2     : tedge
  working dir  : /home/pi/actions-runner/_work/thin-edge.io/thin-edge.io/tests/PySys/local_mqtt/local_mqtt_pub_sub_retain/Output/linux
  stdout       : /home/pi/actions-runner/_work/thin-edge.io/thin-edge.io/tests/PySys/local_mqtt/local_mqtt_pub_sub_retain/Output/linux/kill_out.out
  stderr       : /home/pi/actions-runner/_work/thin-edge.io/thin-edge.io/tests/PySys/local_mqtt/local_mqtt_pub_sub_retain/Output/linux/kill_out.err
  environment  : LD_LIBRARY_PATH=/usr/lib
  environment  : PATH=/bin:/usr/bin:/usr/sbin:/usr/local/bin
                   #1  /bin
                   #2  /usr/bin
                   #3  /usr/sbin
                   #4  /usr/local/bin
14:00:28 DEBUG Waiting up to 600 secs for process sudo&lt;kill_out&gt; (pid 14346)
14:00:28 INFO  Executed sudo&lt;kill_out&gt;, exit status 0
14:00:28 DEBUG Process parameters for tedge&lt;pub_to_clear_alarm&gt;
  command line : /usr/bin/tedge mqtt pub --retain --qos 1 test/alarms/temp_sensor ''
    arg #1     : mqtt
    arg #2     : pub
    arg #3     : --retain
    arg #4     : --qos
    arg #5     : 1
    arg #6     : test/alarms/temp_sensor
    arg #7     : 
  working dir  : /home/pi/actions-runner/_work/thin-edge.io/thin-edge.io/tests/PySys/local_mqtt/local_mqtt_pub_sub_retain/Output/linux
  stdout       : /home/pi/actions-runner/_work/thin-edge.io/thin-edge.io/tests/PySys/local_mqtt/local_mqtt_pub_sub_retain/Output/linux/pub_to_clear_alarm.out
  stderr       : /home/pi/actions-runner/_work/thin-edge.io/thin-edge.io/tests/PySys/local_mqtt/local_mqtt_pub_sub_retain/Output/linux/pub_to_clear_alarm.err
  environment  : HOME=/home/pi
14:00:28 DEBUG Waiting up to 600 secs for process tedge&lt;pub_to_clear_alarm&gt; (pid 14348)
14:00:28 INFO  Executed tedge&lt;pub_to_clear_alarm&gt;, exit status 0
14:00:28 DEBUG Process parameters for tedge&lt;temp_sensor_empty_message&gt;
  command line : /usr/bin/tedge mqtt sub 'test/alarms/#'
    arg #1     : mqtt
    arg #2     : sub
    arg #3     : test/alarms/#
  working dir  : /home/pi/actions-runner/_work/thin-edge.io/thin-edge.io/tests/PySys/local_mqtt/local_mqtt_pub_sub_retain/Output/linux
  stdout       : /home/pi/actions-runner/_work/thin-edge.io/thin-edge.io/tests/PySys/local_mqtt/local_mqtt_pub_sub_retain/Output/linux/temp_sensor_empty_message.out
  stderr       : /home/pi/actions-runner/_work/thin-edge.io/thin-edge.io/tests/PySys/local_mqtt/local_mqtt_pub_sub_retain/Output/linux/temp_sensor_empty_message.err
  environment  : HOME=/home/pi
14:00:28 INFO  Started tedge&lt;temp_sensor_empty_message&gt; with process id 14350
14:00:29 DEBUG Process parameters for sudo&lt;kill_out&gt;
  command line : /usr/bin/sudo killall tedge
    arg #1     : killall
    arg #2     : tedge
  working dir  : /home/pi/actions-runner/_work/thin-edge.io/thin-edge.io/tests/PySys/local_mqtt/local_mqtt_pub_sub_retain/Output/linux
  stdout       : /home/pi/actions-runner/_work/thin-edge.io/thin-edge.io/tests/PySys/local_mqtt/local_mqtt_pub_sub_retain/Output/linux/kill_out.out
  stderr       : /home/pi/actions-runner/_work/thin-edge.io/thin-edge.io/tests/PySys/local_mqtt/local_mqtt_pub_sub_retain/Output/linux/kill_out.err
  environment  : HOME=/home/pi
14:00:29 DEBUG Waiting up to 600 secs for process sudo&lt;kill_out&gt; (pid 14352)
14:00:29 INFO  Executed sudo&lt;kill_out&gt;, exit status 0
14:00:29 DEBUG --- test validate
14:00:29 DEBUG Performing regex contains=True grep on file: /home/pi/actions-runner/_work/thin-edge.io/thin-edge.io/tests/PySys/local_mqtt/local_mqtt_pub_sub_retain/Output/linux/temp_sensor_sub.out
14:00:30 WARN  Grep on temp_sensor_sub.out contains &quot;\[test/alarms/temp_sensor\] alarm msg 2&quot; ... failed [run.py:104]
14:00:30 DEBUG Performing regex contains=True grep on file: /home/pi/actions-runner/_work/thin-edge.io/thin-edge.io/tests/PySys/local_mqtt/local_mqtt_pub_sub_retain/Output/linux/temp_sensor_sub.out
14:00:30 WARN  Grep on temp_sensor_sub.out contains &quot;\[test/alarms/temp_sensor\] &quot; ... failed [run.py:105]
14:00:30 DEBUG Performing regex contains=False grep on file: /home/pi/actions-runner/_work/thin-edge.io/thin-edge.io/tests/PySys/local_mqtt/local_mqtt_pub_sub_retain/Output/linux/temp_sensor_empty_message.out
14:00:30 INFO  Grep on input file temp_sensor_empty_message.out ... passed
14:00:30 DEBUG --- test cleanup
14:00:30 DEBUG ProcessUser cleanup function done.
14:00:30 INFO  
14:00:30 INFO  Test duration: 4.84 secs
14:00:30 INFO  Test final outcome:  FAILED
14:00:30 INFO  Test outcome reason: Grep on temp_sensor_sub.out contains &quot;\[test/alarms/temp_sensor\] alarm msg 2&quot; (+1 other failures)
14:00:30 INFO  
</system-out>
	</testcase>
</testsuite>
