<?xml version="1.0" encoding="utf-8"?>
<testsuite failures="0" name="docker_plugin_remove_with_version" skipped="1" tests="1" time="0.02" timestamp="2022-03-30T08:18:02">
	<testcase classname="DockerPluginRemoveWithVersionTest" name="docker_plugin_remove_with_version">
		<skipped message="SKIPPED: Testing the docker plugin is not supported on this platform.To run it, all the test with -XmyPlatform='container'"/>
		<system-out>08:18:02 DEBUG deletedir failed to update permissions and delete /home/pi/actions-runner/_work/thin-edge.io/thin-edge.io/tests/PySys/plugin_docker/docker_plugin_remove_with_version/Output/linux on this attempt: [Errno 2] No such file or directory: '/home/pi/actions-runner/_work/thin-edge.io/thin-edge.io/tests/PySys/plugin_docker/docker_plugin_remove_with_version/Output/linux'
08:18:02 INFO  ==============================================================
08:18:02 INFO  Id:    docker_plugin_remove_with_version
08:18:02 INFO  Dir:   plugin_docker/
08:18:02 INFO  Title: Validate docker plugin remove with version
08:18:02 DEBUG Execution order hint: 0.0
08:18:02 INFO  ==============================================================
08:18:02 INFO  Testing the docker plugin is not supported on this platform.To run it, all the test with -XmyPlatform='container' ... skipped
08:18:02 WARN  Aborted test due to SKIPPED outcome
08:18:02 DEBUG --- test cleanup
08:18:02 DEBUG ProcessUser cleanup function done.
08:18:02 INFO  
08:18:02 INFO  Test duration: 0.02 secs
08:18:02 INFO  Test final outcome:  SKIPPED
08:18:02 INFO  Test outcome reason: Testing the docker plugin is not supported on this platform.To run it, all the test with -XmyPlatform='container'
08:18:02 INFO  
</system-out>
	</testcase>
</testsuite>
