<?xml version="1.0" encoding="utf-8"?>
<testsuite failures="0" name="publish_sawmill" skipped="0" tests="1" time="73.58" timestamp="2022-04-04T08:22:44">
	<testcase classname="PublishSawmill" name="publish_sawmill"/>
</testsuite>
