<?xml version="1.0" encoding="utf-8"?>
<testsuite failures="0" name="tedge_mapper_az_without_timestamp" skipped="0" tests="1" time="2.18" timestamp="2022-02-15T15:48:12">
	<testcase classname="TedgeMapperAzWithoutTimestamp" name="tedge_mapper_az_without_timestamp"/>
</testsuite>
