<?xml version="1.0" encoding="utf-8"?>
<testsuite failures="0" name="SoftwareManagement.sm_apt_install_remove_default" skipped="1" tests="1" time="0.05" timestamp="2022-03-30T08:27:52">
	<testcase classname="PySysTest" name="SoftwareManagement.sm_apt_install_remove_default">
		<skipped message="SKIPPED: Testing the apt plugin is not supported on this platform.Use parameter -XmyPlatform='container' to enable it"/>
		<system-out>08:27:52 DEBUG deletedir failed to update permissions and delete /home/pi/actions-runner/_work/thin-edge.io/thin-edge.io/tests/PySys/software_management_end_to_end/sm_apt_install_remove_default/Output/linux on this attempt: [Errno 2] No such file or directory: '/home/pi/actions-runner/_work/thin-edge.io/thin-edge.io/tests/PySys/software_management_end_to_end/sm_apt_install_remove_default/Output/linux'
08:27:52 INFO  ==============================================================
08:27:52 INFO  Id:    SoftwareManagement.sm_apt_install_remove_default
08:27:52 INFO  Dir:   software_management_end_to_end/
08:27:52 INFO  Title: Validate end to end behaviour for the default plugin for installation and removal of packages
08:27:52 DEBUG Execution order hint: 0.0
08:27:52 INFO  ==============================================================
08:27:52 INFO  Testing the apt plugin is not supported on this platform.Use parameter -XmyPlatform='container' to enable it ... skipped
08:27:52 WARN  Aborted test due to SKIPPED outcome
08:27:52 DEBUG --- test cleanup
08:27:52 DEBUG ProcessUser cleanup function done.
08:27:52 INFO  
08:27:52 INFO  Test duration: 0.05 secs
08:27:52 INFO  Test final outcome:  SKIPPED
08:27:52 INFO  Test outcome reason: Testing the apt plugin is not supported on this platform.Use parameter -XmyPlatform='container' to enable it
08:27:52 INFO  
</system-out>
	</testcase>
</testsuite>
