<?xml version="1.0" encoding="utf-8"?>
<testsuite failures="0" name="apt_wrong_option" skipped="1" tests="1" time="0.02" timestamp="2022-03-03T11:00:17">
	<testcase classname="AptPluginWrongOption" name="apt_wrong_option"/>
</testsuite>
