<?xml version="1.0" encoding="utf-8"?>
<testsuite failures="0" name="smoketest_smartrest" skipped="0" tests="1" time="41.19" timestamp="2022-03-21T12:52:02">
	<testcase classname="SmoketestSmartRest" name="smoketest_smartrest"/>
</testsuite>
