<?xml version="1.0" encoding="utf-8"?>
<testsuite failures="0" name="SoftwareManagement.Plugin.apama_plugin_update" skipped="1" tests="1" time="0.01" timestamp="2022-03-22T13:46:43">
	<testcase classname="ApamaPluginUpdateTest" name="SoftwareManagement.Plugin.apama_plugin_update">
		<skipped message="SKIPPED: Apama plugin tests are disabled by default. Execute `pysys run` with `-XmyPlatform=container` to run these tests"/>
		<system-out>13:46:43 DEBUG deletedir failed to update permissions and delete /home/pi/actions-runner/_work/thin-edge.io/thin-edge.io/tests/PySys/plugin_apama/apama_plugin_update/Output/linux on this attempt: [Errno 2] No such file or directory: '/home/pi/actions-runner/_work/thin-edge.io/thin-edge.io/tests/PySys/plugin_apama/apama_plugin_update/Output/linux'
13:46:43 INFO  ==============================================================
13:46:43 INFO  Id:    SoftwareManagement.Plugin.apama_plugin_update
13:46:43 INFO  Dir:   plugin_apama/
13:46:43 INFO  Title: Validate apama plugin updating one project with another
13:46:43 DEBUG Execution order hint: 0.0
13:46:43 INFO  ==============================================================
13:46:43 INFO  Apama plugin tests are disabled by default. Execute `pysys run` with `-XmyPlatform=container` to run these tests ... skipped
13:46:43 WARN  Aborted test due to SKIPPED outcome
13:46:43 DEBUG --- test cleanup
13:46:43 DEBUG ProcessUser cleanup function done.
13:46:43 INFO  
13:46:43 INFO  Test duration: 0.01 secs
13:46:43 INFO  Test final outcome:  SKIPPED
13:46:43 INFO  Test outcome reason: Apama plugin tests are disabled by default. Execute `pysys run` with `-XmyPlatform=container` to run these tests
13:46:43 INFO  
</system-out>
	</testcase>
</testsuite>
