<?xml version="1.0" encoding="utf-8"?>
<testsuite failures="0" name="apt_fail_noarg" skipped="1" tests="1" time="0.04" timestamp="2022-03-30T08:17:59">
	<testcase classname="AptPluginFailNoArg" name="apt_fail_noarg">
		<skipped message="SKIPPED: Testing the apt plugin is not supported on this platform.To run the tests call PySys with -XmyPlatform='container'"/>
		<system-out>08:17:59 DEBUG deletedir failed to update permissions and delete /home/pi/actions-runner/_work/thin-edge.io/thin-edge.io/tests/PySys/plugin_apt/apt_fail_noarg/Output/linux on this attempt: [Errno 2] No such file or directory: '/home/pi/actions-runner/_work/thin-edge.io/thin-edge.io/tests/PySys/plugin_apt/apt_fail_noarg/Output/linux'
08:17:59 INFO  ==============================================================
08:17:59 INFO  Id:    apt_fail_noarg
08:17:59 INFO  Dir:   plugin_apt/
08:17:59 INFO  Title: Validate apt plugin fetures(prepare, list, install, remove finalize) without arguments
08:17:59 DEBUG Execution order hint: 0.0
08:17:59 INFO  ==============================================================
08:17:59 INFO  Testing the apt plugin is not supported on this platform.To run the tests call PySys with -XmyPlatform='container' ... skipped
08:17:59 WARN  Aborted test due to SKIPPED outcome
08:17:59 DEBUG --- test cleanup
08:17:59 DEBUG ProcessUser cleanup function done.
08:17:59 INFO  
08:17:59 INFO  Test duration: 0.04 secs
08:17:59 INFO  Test final outcome:  SKIPPED
08:17:59 INFO  Test outcome reason: Testing the apt plugin is not supported on this platform.To run the tests call PySys with -XmyPlatform='container'
08:17:59 INFO  
</system-out>
	</testcase>
</testsuite>
