<?xml version="1.0" encoding="utf-8"?>
<testsuite failures="0" name="tedge_agent_user_sudo_access" skipped="0" tests="1" time="1.37" timestamp="2022-02-14T08:47:17">
	<testcase classname="TedgeAgentUserSudoAccess" name="tedge_agent_user_sudo_access"/>
</testsuite>
