<?xml version="1.0" encoding="utf-8"?>
<testsuite failures="0" name="apt_list_format" skipped="0" tests="1" time="1.7" timestamp="2022-03-22T13:46:45">
	<testcase classname="AptPluginListFormat" name="apt_list_format"/>
</testsuite>
