<?xml version="1.0" encoding="utf-8"?>
<testsuite failures="0" name="SoftwareManagement.Plugin.apama_plugin_install" skipped="1" tests="1" time="0.03" timestamp="2022-04-04T08:20:22">
	<testcase classname="ApamaPluginInstallTest" name="SoftwareManagement.Plugin.apama_plugin_install">
		<skipped message="SKIPPED: Apama plugin tests are disabled by default. Execute `pysys run` with `-XmyPlatform=container` to run these tests"/>
		<system-out>08:20:22 DEBUG deletedir failed to update permissions and delete /home/pi/actions-runner/_work/thin-edge.io/thin-edge.io/tests/PySys/plugin_apama/apama_plugin_install/Output/linux on this attempt: [Errno 2] No such file or directory: '/home/pi/actions-runner/_work/thin-edge.io/thin-edge.io/tests/PySys/plugin_apama/apama_plugin_install/Output/linux'
08:20:22 INFO  ==============================================================
08:20:22 INFO  Id:    SoftwareManagement.Plugin.apama_plugin_install
08:20:22 INFO  Dir:   plugin_apama/
08:20:22 INFO  Title: Validate apama plugin install
08:20:22 DEBUG Execution order hint: 0.0
08:20:22 INFO  ==============================================================
08:20:22 INFO  Apama plugin tests are disabled by default. Execute `pysys run` with `-XmyPlatform=container` to run these tests ... skipped
08:20:22 WARN  Aborted test due to SKIPPED outcome
08:20:22 DEBUG --- test cleanup
08:20:22 DEBUG ProcessUser cleanup function done.
08:20:22 INFO  
08:20:22 INFO  Test duration: 0.03 secs
08:20:22 INFO  Test final outcome:  SKIPPED
08:20:22 INFO  Test outcome reason: Apama plugin tests are disabled by default. Execute `pysys run` with `-XmyPlatform=container` to run these tests
08:20:22 INFO  
</system-out>
	</testcase>
</testsuite>
