<?xml version="1.0" encoding="utf-8"?>
<testsuite failures="0" name="smoketest_json" skipped="0" tests="1" time="40.48" timestamp="2022-04-04T08:23:25">
	<testcase classname="SmokeTestJson" name="smoketest_json"/>
</testsuite>
