<?xml version="1.0" encoding="utf-8"?>
<testsuite failures="0" name="apt_remove" skipped="1" tests="1" time="0.01" timestamp="2022-03-22T13:46:45">
	<testcase classname="AptPluginRemoveDense" name="apt_remove">
		<skipped message="SKIPPED: Testing the apt plugin is not supported on this platform.To run the tests call PySys with -XmyPlatform='container'"/>
		<system-out>13:46:45 DEBUG deletedir failed to update permissions and delete /home/pi/actions-runner/_work/thin-edge.io/thin-edge.io/tests/PySys/plugin_apt/apt_remove/Output/linux on this attempt: [Errno 2] No such file or directory: '/home/pi/actions-runner/_work/thin-edge.io/thin-edge.io/tests/PySys/plugin_apt/apt_remove/Output/linux'
13:46:45 INFO  ==============================================================
13:46:45 INFO  Id:    apt_remove
13:46:45 INFO  Dir:   plugin_apt/
13:46:45 INFO  Title: Validate apt plugin prepare - dense version
13:46:45 DEBUG Execution order hint: 0.0
13:46:45 INFO  ==============================================================
13:46:45 INFO  Testing the apt plugin is not supported on this platform.To run the tests call PySys with -XmyPlatform='container' ... skipped
13:46:45 WARN  Aborted test due to SKIPPED outcome
13:46:45 DEBUG --- test cleanup
13:46:45 DEBUG ProcessUser cleanup function done.
13:46:45 INFO  
13:46:45 INFO  Test duration: 0.01 secs
13:46:45 INFO  Test final outcome:  SKIPPED
13:46:45 INFO  Test outcome reason: Testing the apt plugin is not supported on this platform.To run the tests call PySys with -XmyPlatform='container'
13:46:45 INFO  
</system-out>
	</testcase>
</testsuite>
