<?xml version="1.0" encoding="utf-8"?>
<testsuite failures="1" name="call_tedge_-h" skipped="0" tests="1" time="0.32" timestamp="2022-02-22T10:44:27">
	<testcase classname="PySysTest" name="call_tedge_-h">
		<failure message="FAILED: Grep on tedge.out contains &quot;FLAGS:&quot;" type="FAILED"/>
		<system-out>10:44:26 INFO  ==============================================================
10:44:26 INFO  Id:    call_tedge_-h
10:44:26 INFO  Dir:   tedge/
10:44:26 INFO  Title: Validate command line option -h
10:44:26 DEBUG Execution order hint: 0.0
10:44:26 INFO  ==============================================================
10:44:27 DEBUG --- test execute
10:44:27 DEBUG Process parameters for tedge
  command line : /usr/bin/tedge -h
    arg #1     : -h
  working dir  : /home/pi/actions-runner/_work/thin-edge.io/thin-edge.io/tests/PySys/tedge/call_tedge_-h/Output/linux
  stdout       : /home/pi/actions-runner/_work/thin-edge.io/thin-edge.io/tests/PySys/tedge/call_tedge_-h/Output/linux/tedge.out
  stderr       : /home/pi/actions-runner/_work/thin-edge.io/thin-edge.io/tests/PySys/tedge/call_tedge_-h/Output/linux/tedge.err
  environment  : LD_LIBRARY_PATH=/usr/lib
  environment  : PATH=/bin:/usr/bin:/usr/sbin:/usr/local/bin
                   #1  /bin
                   #2  /usr/bin
                   #3  /usr/sbin
                   #4  /usr/local/bin
10:44:27 DEBUG Waiting up to 600 secs for process tedge (pid 28899)
10:44:27 INFO  Executed tedge, exit status 0
10:44:27 DEBUG --- test validate
10:44:27 DEBUG Performing regex contains=True grep on file: /home/pi/actions-runner/_work/thin-edge.io/thin-edge.io/tests/PySys/tedge/call_tedge_-h/Output/linux/tedge.out
10:44:27 DEBUG Grep on input file tedge.out successfully matched expression &quot;USAGE:&quot; with line: 'USAGE:\n'
10:44:27 INFO  Grep on input file tedge.out ... passed
10:44:27 DEBUG Performing regex contains=True grep on file: /home/pi/actions-runner/_work/thin-edge.io/thin-edge.io/tests/PySys/tedge/call_tedge_-h/Output/linux/tedge.out
10:44:27 WARN  Grep on tedge.out contains &quot;FLAGS:&quot; ... failed [run.py:30]
10:44:27 DEBUG Performing regex contains=True grep on file: /home/pi/actions-runner/_work/thin-edge.io/thin-edge.io/tests/PySys/tedge/call_tedge_-h/Output/linux/tedge.out
10:44:27 DEBUG Grep on input file tedge.out successfully matched expression &quot;SUBCOMMANDS:&quot; with line: 'SUBCOMMANDS:\n'
10:44:27 INFO  Grep on input file tedge.out ... passed
10:44:27 DEBUG --- test cleanup
10:44:27 DEBUG ProcessUser cleanup function done.
10:44:27 INFO  
10:44:27 INFO  Test duration: 0.32 secs
10:44:27 INFO  Test final outcome:  FAILED
10:44:27 INFO  Test outcome reason: Grep on tedge.out contains &quot;FLAGS:&quot;
10:44:27 INFO  
</system-out>
	</testcase>
</testsuite>
