<?xml version="1.0" encoding="utf-8"?>
<testsuite failures="0" name="monitoring_smaller_interval" skipped="0" tests="1" time="9.8" timestamp="2022-02-09T11:12:20">
	<testcase classname="MonitoringSmallInterval" name="monitoring_smaller_interval"/>
</testsuite>
