<?xml version="1.0" encoding="utf-8"?>
<testsuite failures="0" name="c8y_restart_bridge" skipped="0" tests="1" time="14.6" timestamp="2022-02-24T13:45:35">
	<testcase classname="RestartBridge" name="c8y_restart_bridge"/>
</testsuite>
