<?xml version="1.0" encoding="utf-8"?>
<testsuite failures="0" name="tedge_software_update" skipped="0" tests="1" time="17.32" timestamp="2022-03-21T12:57:00">
	<testcase classname="PySysTest" name="tedge_software_update"/>
</testsuite>
