<?xml version="1.0" encoding="utf-8"?>
<testsuite failures="0" name="invalid_device_id" skipped="0" tests="1" time="2.55" timestamp="2022-03-02T08:41:47">
	<testcase classname="InvalidDeviceId" name="invalid_device_id"/>
</testsuite>
