<?xml version="1.0" encoding="utf-8"?>
<testsuite failures="0" name="call_tedge_-h" skipped="0" tests="1" time="0.32" timestamp="2022-03-29T16:49:28">
	<testcase classname="PySysTest" name="call_tedge_-h"/>
</testsuite>
