<?xml version="1.0" encoding="utf-8"?>
<testsuite failures="0" name="docker_plugin_install" skipped="1" tests="1" time="0.02" timestamp="2022-03-29T16:39:38">
	<testcase classname="DockerPluginInstallTest" name="docker_plugin_install">
		<skipped message="SKIPPED: Testing the docker plugin is not supported on this platform.To run it, all the test with -XmyPlatform='container'"/>
		<system-out>16:39:38 DEBUG deletedir failed to update permissions and delete /home/pi/actions-runner/_work/thin-edge.io/thin-edge.io/tests/PySys/plugin_docker/docker_plugin_install/Output/linux on this attempt: [Errno 2] No such file or directory: '/home/pi/actions-runner/_work/thin-edge.io/thin-edge.io/tests/PySys/plugin_docker/docker_plugin_install/Output/linux'
16:39:38 INFO  ==============================================================
16:39:38 INFO  Id:    docker_plugin_install
16:39:38 INFO  Dir:   plugin_docker/
16:39:38 INFO  Title: Validate docker plugin install
16:39:38 DEBUG Execution order hint: 0.0
16:39:38 INFO  ==============================================================
16:39:38 INFO  Testing the docker plugin is not supported on this platform.To run it, all the test with -XmyPlatform='container' ... skipped
16:39:38 WARN  Aborted test due to SKIPPED outcome
16:39:38 DEBUG --- test cleanup
16:39:38 DEBUG ProcessUser cleanup function done.
16:39:38 INFO  
16:39:38 INFO  Test duration: 0.02 secs
16:39:38 INFO  Test final outcome:  SKIPPED
16:39:38 INFO  Test outcome reason: Testing the docker plugin is not supported on this platform.To run it, all the test with -XmyPlatform='container'
16:39:38 INFO  
</system-out>
	</testcase>
</testsuite>
