<?xml version="1.0" encoding="utf-8"?>
<testsuite failures="0" name="call_tedge_-h" skipped="0" tests="1" time="0.29" timestamp="2022-03-04T12:14:49">
	<testcase classname="PySysTest" name="call_tedge_-h"/>
</testsuite>
