<?xml version="1.0" encoding="utf-8"?>
<testsuite failures="0" name="mqtt_port_change_connection_works" skipped="1" tests="1" time="0.03" timestamp="2022-03-21T12:45:17">
	<testcase classname="MqttPortChangeConnectionWorks" name="mqtt_port_change_connection_works">
		<skipped message="SKIPPED: failing intermitently"/>
		<system-out>12:45:17 DEBUG deletedir failed to update permissions and delete /home/pi/actions-runner/_work/thin-edge.io/thin-edge.io/tests/PySys/misc_features/mqtt_port_change_connection_works/Output/linux on this attempt: [Errno 2] No such file or directory: '/home/pi/actions-runner/_work/thin-edge.io/thin-edge.io/tests/PySys/misc_features/mqtt_port_change_connection_works/Output/linux'
12:45:17 INFO  ==============================================================
12:45:17 INFO  Id:    mqtt_port_change_connection_works
12:45:17 INFO  Dir:   misc_features/
12:45:17 INFO  Title: mqtt port change connection works for all the thin-edge services that use the mosquitto broker
12:45:17 DEBUG Execution order hint: 0.0
12:45:17 INFO  ==============================================================
12:45:17 INFO  failing intermitently ... skipped
12:45:17 DEBUG --- test cleanup
12:45:17 DEBUG ProcessUser cleanup function done.
12:45:17 INFO  
12:45:17 INFO  Test duration: 0.03 secs
12:45:17 INFO  Test final outcome:  SKIPPED
12:45:17 INFO  Test outcome reason: failing intermitently
12:45:17 INFO  
</system-out>
	</testcase>
</testsuite>
