<?xml version="1.0" encoding="utf-8"?>
<testsuite failures="0" name="SoftwareManagement.Plugin.apama_plugin_update" skipped="1" tests="1" time="0.02" timestamp="2022-03-30T08:17:59">
	<testcase classname="ApamaPluginUpdateTest" name="SoftwareManagement.Plugin.apama_plugin_update">
		<skipped message="SKIPPED: Apama plugin tests are disabled by default. Execute `pysys run` with `-XmyPlatform=container` to run these tests"/>
		<system-out>08:17:59 DEBUG deletedir failed to update permissions and delete /home/pi/actions-runner/_work/thin-edge.io/thin-edge.io/tests/PySys/plugin_apama/apama_plugin_update/Output/linux on this attempt: [Errno 2] No such file or directory: '/home/pi/actions-runner/_work/thin-edge.io/thin-edge.io/tests/PySys/plugin_apama/apama_plugin_update/Output/linux'
08:17:59 INFO  ==============================================================
08:17:59 INFO  Id:    SoftwareManagement.Plugin.apama_plugin_update
08:17:59 INFO  Dir:   plugin_apama/
08:17:59 INFO  Title: Validate apama plugin updating one project with another
08:17:59 DEBUG Execution order hint: 0.0
08:17:59 INFO  ==============================================================
08:17:59 INFO  Apama plugin tests are disabled by default. Execute `pysys run` with `-XmyPlatform=container` to run these tests ... skipped
08:17:59 WARN  Aborted test due to SKIPPED outcome
08:17:59 DEBUG --- test cleanup
08:17:59 DEBUG ProcessUser cleanup function done.
08:17:59 INFO  
08:17:59 INFO  Test duration: 0.02 secs
08:17:59 INFO  Test final outcome:  SKIPPED
08:17:59 INFO  Test outcome reason: Apama plugin tests are disabled by default. Execute `pysys run` with `-XmyPlatform=container` to run these tests
08:17:59 INFO  
</system-out>
	</testcase>
</testsuite>
