<?xml version="1.0" encoding="utf-8"?>
<testsuite failures="0" name="SoftwareManagement.sm_mixed_install_remove_multiple" skipped="1" tests="1" time="0.02" timestamp="2022-03-30T08:27:53">
	<testcase classname="PySysTest" name="SoftwareManagement.sm_mixed_install_remove_multiple">
		<skipped message="SKIPPED: Testing the fake plugin is not enabled.Use parameter -Xfakeplugin=fakeplugin to enable it"/>
		<system-out>08:27:53 DEBUG deletedir failed to update permissions and delete /home/pi/actions-runner/_work/thin-edge.io/thin-edge.io/tests/PySys/software_management_end_to_end/sm_mixed_install_remove_multiple/Output/linux on this attempt: [Errno 2] No such file or directory: '/home/pi/actions-runner/_work/thin-edge.io/thin-edge.io/tests/PySys/software_management_end_to_end/sm_mixed_install_remove_multiple/Output/linux'
08:27:53 INFO  ==============================================================
08:27:53 INFO  Id:    SoftwareManagement.sm_mixed_install_remove_multiple
08:27:53 INFO  Dir:   software_management_end_to_end/
08:27:53 INFO  Title: Validate end to end behaviour for the dummy-plugin for multiple packages with mixed versions
08:27:53 DEBUG Execution order hint: 0.0
08:27:53 INFO  ==============================================================
08:27:53 INFO  Testing the fake plugin is not enabled.Use parameter -Xfakeplugin=fakeplugin to enable it ... skipped
08:27:53 WARN  Aborted test due to SKIPPED outcome
08:27:53 DEBUG --- test cleanup
08:27:53 DEBUG ProcessUser cleanup function done.
08:27:53 INFO  
08:27:53 INFO  Test duration: 0.02 secs
08:27:53 INFO  Test final outcome:  SKIPPED
08:27:53 INFO  Test outcome reason: Testing the fake plugin is not enabled.Use parameter -Xfakeplugin=fakeplugin to enable it
08:27:53 INFO  
</system-out>
	</testcase>
</testsuite>
