<?xml version="1.0" encoding="utf-8"?>
<testsuite failures="0" name="apt_wrong_option" skipped="1" tests="1" time="0.01" timestamp="2022-02-16T09:24:44">
	<testcase classname="AptPluginWrongOption" name="apt_wrong_option"/>
</testsuite>
