<?xml version="1.0" encoding="utf-8"?>
<testsuite failures="0" name="SoftwareManagement.sm_apt_install_download_path" skipped="1" tests="1" time="0.05" timestamp="2022-03-21T12:56:26">
	<testcase classname="AptInstallWithDownloadPath" name="SoftwareManagement.sm_apt_install_download_path">
		<skipped message="SKIPPED: Testing the apt plugin is not supported on this platform.Use parameter -XmyPlatform='container' to enable it"/>
		<system-out>12:56:26 DEBUG deletedir failed to update permissions and delete /home/pi/actions-runner/_work/thin-edge.io/thin-edge.io/tests/PySys/software_management_end_to_end/sm_apt_install_download_path/Output/linux on this attempt: [Errno 2] No such file or directory: '/home/pi/actions-runner/_work/thin-edge.io/thin-edge.io/tests/PySys/software_management_end_to_end/sm_apt_install_download_path/Output/linux'
12:56:26 INFO  ==============================================================
12:56:26 INFO  Id:    SoftwareManagement.sm_apt_install_download_path
12:56:26 INFO  Dir:   software_management_end_to_end/
12:56:26 INFO  Title: Install package to directory specified in tedge config set tmp.path
12:56:26 DEBUG Execution order hint: 0.0
12:56:26 INFO  ==============================================================
12:56:26 INFO  Testing the apt plugin is not supported on this platform.Use parameter -XmyPlatform='container' to enable it ... skipped
12:56:26 WARN  Aborted test due to SKIPPED outcome
12:56:26 DEBUG --- test cleanup
12:56:26 DEBUG ProcessUser cleanup function done.
12:56:26 INFO  
12:56:26 INFO  Test duration: 0.05 secs
12:56:26 INFO  Test final outcome:  SKIPPED
12:56:26 INFO  Test outcome reason: Testing the apt plugin is not supported on this platform.Use parameter -XmyPlatform='container' to enable it
12:56:26 INFO  
</system-out>
	</testcase>
</testsuite>
