<?xml version="1.0" encoding="utf-8"?>
<testsuite failures="0" name="mqtt_port_set" skipped="0" tests="1" time="16.78" timestamp="2022-02-09T11:11:17">
	<testcase classname="MqttPortSet" name="mqtt_port_set"/>
</testsuite>
