<?xml version="1.0" encoding="utf-8"?>
<testsuite failures="0" name="monitoring_with_collectd" skipped="1" tests="1" time="0.01" timestamp="2022-04-04T08:20:19">
	<testcase classname="MonitoringWithCollectd" name="monitoring_with_collectd">
		<skipped message="SKIPPED: Test execution disabled due to #792 (instable)"/>
		<system-out>08:20:19 DEBUG deletedir failed to update permissions and delete /home/pi/actions-runner/_work/thin-edge.io/thin-edge.io/tests/PySys/monitoring/monitoring_with_collectd/Output/linux on this attempt: [Errno 2] No such file or directory: '/home/pi/actions-runner/_work/thin-edge.io/thin-edge.io/tests/PySys/monitoring/monitoring_with_collectd/Output/linux'
08:20:19 INFO  ==============================================================
08:20:19 INFO  Id:    monitoring_with_collectd
08:20:19 INFO  Dir:   monitoring/
08:20:19 INFO  Title: Validate tedge dm agent messages that are produced by batching the collectd messages
08:20:19 DEBUG Execution order hint: 0.0
08:20:19 INFO  ==============================================================
08:20:19 INFO  Test execution disabled due to #792 (instable) ... skipped
08:20:19 DEBUG --- test cleanup
08:20:19 DEBUG ProcessUser cleanup function done.
08:20:19 INFO  
08:20:19 INFO  Test duration: 0.01 secs
08:20:19 INFO  Test final outcome:  SKIPPED
08:20:19 INFO  Test outcome reason: Test execution disabled due to #792 (instable)
08:20:19 INFO  
</system-out>
	</testcase>
</testsuite>
