<?xml version="1.0" encoding="utf-8"?>
<testsuite failures="0" name="monitoring_with_collectd" skipped="1" tests="1" time="0.03" timestamp="2022-03-21T12:46:31">
	<testcase classname="MonitoringWithCollectd" name="monitoring_with_collectd">
		<skipped message="SKIPPED: Test execution disabled due to #792 (instable)"/>
		<system-out>12:46:31 DEBUG deletedir failed to update permissions and delete /home/pi/actions-runner/_work/thin-edge.io/thin-edge.io/tests/PySys/monitoring/monitoring_with_collectd/Output/linux on this attempt: [Errno 2] No such file or directory: '/home/pi/actions-runner/_work/thin-edge.io/thin-edge.io/tests/PySys/monitoring/monitoring_with_collectd/Output/linux'
12:46:31 INFO  ==============================================================
12:46:31 INFO  Id:    monitoring_with_collectd
12:46:31 INFO  Dir:   monitoring/
12:46:31 INFO  Title: Validate tedge dm agent messages that are produced by batching the collectd messages
12:46:31 DEBUG Execution order hint: 0.0
12:46:31 INFO  ==============================================================
12:46:31 INFO  Test execution disabled due to #792 (instable) ... skipped
12:46:31 DEBUG --- test cleanup
12:46:31 DEBUG ProcessUser cleanup function done.
12:46:31 INFO  
12:46:31 INFO  Test duration: 0.03 secs
12:46:31 INFO  Test final outcome:  SKIPPED
12:46:31 INFO  Test outcome reason: Test execution disabled due to #792 (instable)
12:46:31 INFO  
</system-out>
	</testcase>
</testsuite>
