<?xml version="1.0" encoding="utf-8"?>
<testsuite failures="0" name="smoketest_smartrest" skipped="0" tests="1" time="41.0" timestamp="2022-03-02T08:48:12">
	<testcase classname="SmoketestSmartRest" name="smoketest_smartrest"/>
</testsuite>
