<?xml version="1.0" encoding="utf-8"?>
<testsuite failures="0" name="tedge_mapper_c8y_negative" skipped="0" tests="1" time="23.85" timestamp="2022-03-29T16:54:03">
	<testcase classname="TedgeMapperC8y" name="tedge_mapper_c8y_negative"/>
</testsuite>
