<?xml version="1.0" encoding="utf-8"?>
<testsuite failures="0" name="mqtt_port_unset" skipped="0" tests="1" time="0.94" timestamp="2022-03-15T17:42:47">
	<testcase classname="MqttPortUnSet" name="mqtt_port_unset"/>
</testsuite>
