<?xml version="1.0" encoding="utf-8"?>
<testsuite failures="0" name="SoftwareManagement.sm_docker_install_remove_multiple" skipped="1" tests="1" time="0.03" timestamp="2022-03-29T16:49:28">
	<testcase classname="SMDockerInstallRemove" name="SoftwareManagement.sm_docker_install_remove_multiple">
		<skipped message="SKIPPED: Testing the apt plugin is not supported on this platform.Use parameter -XmyPlatform='container' to enable it"/>
		<system-out>16:49:28 DEBUG deletedir failed to update permissions and delete /home/pi/actions-runner/_work/thin-edge.io/thin-edge.io/tests/PySys/software_management_end_to_end/sm_docker_install_remove_multiple/Output/linux on this attempt: [Errno 2] No such file or directory: '/home/pi/actions-runner/_work/thin-edge.io/thin-edge.io/tests/PySys/software_management_end_to_end/sm_docker_install_remove_multiple/Output/linux'
16:49:28 INFO  ==============================================================
16:49:28 INFO  Id:    SoftwareManagement.sm_docker_install_remove_multiple
16:49:28 INFO  Dir:   software_management_end_to_end/
16:49:28 INFO  Title: Validate end to end behaviour for the docker plugin for multiple docker images with mixed versions
16:49:28 DEBUG Execution order hint: 0.0
16:49:28 INFO  ==============================================================
16:49:28 INFO  Testing the apt plugin is not supported on this platform.Use parameter -XmyPlatform='container' to enable it ... skipped
16:49:28 WARN  Aborted test due to SKIPPED outcome
16:49:28 DEBUG --- test cleanup
16:49:28 DEBUG ProcessUser cleanup function done.
16:49:28 INFO  
16:49:28 INFO  Test duration: 0.03 secs
16:49:28 INFO  Test final outcome:  SKIPPED
16:49:28 INFO  Test outcome reason: Testing the apt plugin is not supported on this platform.Use parameter -XmyPlatform='container' to enable it
16:49:28 INFO  
</system-out>
	</testcase>
</testsuite>
