<?xml version="1.0" encoding="utf-8"?>
<testsuite failures="0" name="apt_prepare" skipped="1" tests="1" time="0.02" timestamp="2022-03-02T08:42:47">
	<testcase classname="AptPluginPrepare" name="apt_prepare"/>
</testsuite>
