<?xml version="1.0" encoding="utf-8"?>
<testsuite failures="0" name="publish_sawmill" skipped="0" tests="1" time="75.31" timestamp="2022-02-09T14:46:46">
	<testcase classname="PublishSawmill" name="publish_sawmill"/>
</testsuite>
