<?xml version="1.0" encoding="utf-8"?>
<testsuite failures="0" name="apt_prepare" skipped="1" tests="1" time="0.01" timestamp="2022-03-21T16:48:30">
	<testcase classname="AptPluginPrepare" name="apt_prepare">
		<skipped message="SKIPPED: Testing the apt plugin is not supported on this platform.To run the tests call PySys with -XmyPlatform='container'"/>
		<system-out>16:48:30 DEBUG deletedir failed to update permissions and delete /home/pi/actions-runner/_work/thin-edge.io/thin-edge.io/tests/PySys/plugin_apt/apt_prepare/Output/linux on this attempt: [Errno 2] No such file or directory: '/home/pi/actions-runner/_work/thin-edge.io/thin-edge.io/tests/PySys/plugin_apt/apt_prepare/Output/linux'
16:48:30 INFO  ==============================================================
16:48:30 INFO  Id:    apt_prepare
16:48:30 INFO  Dir:   plugin_apt/
16:48:30 INFO  Title: Validate apt plugin install - dense version
16:48:30 DEBUG Execution order hint: 0.0
16:48:30 INFO  ==============================================================
16:48:30 INFO  Testing the apt plugin is not supported on this platform.To run the tests call PySys with -XmyPlatform='container' ... skipped
16:48:30 WARN  Aborted test due to SKIPPED outcome
16:48:30 DEBUG --- test cleanup
16:48:30 DEBUG ProcessUser cleanup function done.
16:48:30 INFO  
16:48:30 INFO  Test duration: 0.01 secs
16:48:30 INFO  Test final outcome:  SKIPPED
16:48:30 INFO  Test outcome reason: Testing the apt plugin is not supported on this platform.To run the tests call PySys with -XmyPlatform='container'
16:48:30 INFO  
</system-out>
	</testcase>
</testsuite>
