<?xml version="1.0" encoding="utf-8"?>
<testsuite failures="0" name="invalid_device_id" skipped="0" tests="1" time="2.67" timestamp="2022-02-09T11:10:59">
	<testcase classname="InvalidDeviceId" name="invalid_device_id"/>
</testsuite>
