<?xml version="1.0" encoding="utf-8"?>
<testsuite failures="0" name="SoftwareManagement.sm_apt_install_remove" skipped="1" tests="1" time="0.01" timestamp="2022-03-21T16:58:20">
	<testcase classname="PySysTest" name="SoftwareManagement.sm_apt_install_remove">
		<skipped message="SKIPPED: Testing the apt plugin is not supported on this platform.Use parameter -XmyPlatform='container' to enable it"/>
		<system-out>16:58:20 DEBUG deletedir failed to update permissions and delete /home/pi/actions-runner/_work/thin-edge.io/thin-edge.io/tests/PySys/software_management_end_to_end/sm_apt_install_remove/Output/linux on this attempt: [Errno 2] No such file or directory: '/home/pi/actions-runner/_work/thin-edge.io/thin-edge.io/tests/PySys/software_management_end_to_end/sm_apt_install_remove/Output/linux'
16:58:20 INFO  ==============================================================
16:58:20 INFO  Id:    SoftwareManagement.sm_apt_install_remove
16:58:20 INFO  Dir:   software_management_end_to_end/
16:58:20 INFO  Title: Validate end to end behaviour for the apt plugin for installation and removal of packages
16:58:20 DEBUG Execution order hint: 0.0
16:58:20 INFO  ==============================================================
16:58:20 INFO  Testing the apt plugin is not supported on this platform.Use parameter -XmyPlatform='container' to enable it ... skipped
16:58:20 WARN  Aborted test due to SKIPPED outcome
16:58:20 DEBUG --- test cleanup
16:58:20 DEBUG ProcessUser cleanup function done.
16:58:20 INFO  
16:58:20 INFO  Test duration: 0.01 secs
16:58:20 INFO  Test final outcome:  SKIPPED
16:58:20 INFO  Test outcome reason: Testing the apt plugin is not supported on this platform.Use parameter -XmyPlatform='container' to enable it
16:58:20 INFO  
</system-out>
	</testcase>
</testsuite>
