<?xml version="1.0" encoding="utf-8"?>
<testsuite failures="0" name="apt_finalize" skipped="1" tests="1" time="0.01" timestamp="2022-04-04T08:20:22">
	<testcase classname="AptPluginFinalize" name="apt_finalize">
		<skipped message="SKIPPED: Testing the apt plugin is not supported on this platform.To run the tests call PySys with -XmyPlatform='container'"/>
		<system-out>08:20:22 DEBUG deletedir failed to update permissions and delete /home/pi/actions-runner/_work/thin-edge.io/thin-edge.io/tests/PySys/plugin_apt/apt_finalize/Output/linux on this attempt: [Errno 2] No such file or directory: '/home/pi/actions-runner/_work/thin-edge.io/thin-edge.io/tests/PySys/plugin_apt/apt_finalize/Output/linux'
08:20:22 INFO  ==============================================================
08:20:22 INFO  Id:    apt_finalize
08:20:22 INFO  Dir:   plugin_apt/
08:20:22 INFO  Title: Validate apt plugin finalize - dense version
08:20:22 DEBUG Execution order hint: 0.0
08:20:22 INFO  ==============================================================
08:20:22 INFO  Testing the apt plugin is not supported on this platform.To run the tests call PySys with -XmyPlatform='container' ... skipped
08:20:22 WARN  Aborted test due to SKIPPED outcome
08:20:22 DEBUG --- test cleanup
08:20:22 DEBUG ProcessUser cleanup function done.
08:20:22 INFO  
08:20:22 INFO  Test duration: 0.01 secs
08:20:22 INFO  Test final outcome:  SKIPPED
08:20:22 INFO  Test outcome reason: Testing the apt plugin is not supported on this platform.To run the tests call PySys with -XmyPlatform='container'
08:20:22 INFO  
</system-out>
	</testcase>
</testsuite>
