<?xml version="1.0" encoding="utf-8"?>
<testsuite failures="0" name="apt_wrong_option" skipped="1" tests="1" time="0.01" timestamp="2022-03-30T08:18:01">
	<testcase classname="AptPluginWrongOption" name="apt_wrong_option">
		<skipped message="SKIPPED: Testing the apt plugin is not supported on this platform.To run the tests call PySys with -XmyPlatform='container'"/>
		<system-out>08:18:01 DEBUG deletedir failed to update permissions and delete /home/pi/actions-runner/_work/thin-edge.io/thin-edge.io/tests/PySys/plugin_apt/apt_wrong_option/Output/linux on this attempt: [Errno 2] No such file or directory: '/home/pi/actions-runner/_work/thin-edge.io/thin-edge.io/tests/PySys/plugin_apt/apt_wrong_option/Output/linux'
08:18:01 INFO  ==============================================================
08:18:01 INFO  Id:    apt_wrong_option
08:18:01 INFO  Dir:   plugin_apt/
08:18:01 INFO  Title: Validate apt plugin install
08:18:01 DEBUG Execution order hint: 0.0
08:18:01 INFO  ==============================================================
08:18:01 INFO  Testing the apt plugin is not supported on this platform.To run the tests call PySys with -XmyPlatform='container' ... skipped
08:18:01 WARN  Aborted test due to SKIPPED outcome
08:18:01 DEBUG --- test cleanup
08:18:01 DEBUG ProcessUser cleanup function done.
08:18:01 INFO  
08:18:01 INFO  Test duration: 0.01 secs
08:18:01 INFO  Test final outcome:  SKIPPED
08:18:01 INFO  Test outcome reason: Testing the apt plugin is not supported on this platform.To run the tests call PySys with -XmyPlatform='container'
08:18:01 INFO  
</system-out>
	</testcase>
</testsuite>
