<?xml version="1.0" encoding="utf-8"?>
<testsuite failures="0" name="SoftwareManagement.sm_mapper_fail_and_reconnect" skipped="1" tests="1" time="0.02" timestamp="2022-03-30T08:27:53">
	<testcase classname="MapperC8yReceiveLastMessageOnRestart" name="SoftwareManagement.sm_mapper_fail_and_reconnect">
		<skipped message="SKIPPED: instable https://github.com/thin-edge/thin-edge.io/issues/752"/>
		<system-out>08:27:53 DEBUG deletedir failed to update permissions and delete /home/pi/actions-runner/_work/thin-edge.io/thin-edge.io/tests/PySys/software_management_end_to_end/sm_mapper_fail_and_reconnect/Output/linux on this attempt: [Errno 2] No such file or directory: '/home/pi/actions-runner/_work/thin-edge.io/thin-edge.io/tests/PySys/software_management_end_to_end/sm_mapper_fail_and_reconnect/Output/linux'
08:27:53 INFO  ==============================================================
08:27:53 INFO  Id:    SoftwareManagement.sm_mapper_fail_and_reconnect
08:27:53 INFO  Dir:   software_management_end_to_end/
08:27:53 INFO  Title: Validate the tedge-mapper-sm-c8y for receiving the last message on restart
08:27:53 DEBUG Execution order hint: 0.0
08:27:53 INFO  ==============================================================
08:27:53 INFO  instable https://github.com/thin-edge/thin-edge.io/issues/752 ... skipped
08:27:53 DEBUG --- test cleanup
08:27:53 DEBUG ProcessUser cleanup function done.
08:27:53 INFO  
08:27:53 INFO  Test duration: 0.02 secs
08:27:53 INFO  Test final outcome:  SKIPPED
08:27:53 INFO  Test outcome reason: instable https://github.com/thin-edge/thin-edge.io/issues/752
08:27:53 INFO  
</system-out>
	</testcase>
</testsuite>
