<?xml version="1.0" encoding="utf-8"?>
<testsuite failures="0" name="local_mqtt_pub_sub" skipped="0" tests="1" time="1.3" timestamp="2022-02-07T14:00:25">
	<testcase classname="PySysTest" name="local_mqtt_pub_sub"/>
</testsuite>
