<?xml version="1.0" encoding="utf-8"?>
<testsuite failures="0" name="apt_remove" skipped="1" tests="1" time="0.03" timestamp="2022-02-16T09:24:43">
	<testcase classname="AptPluginRemoveDense" name="apt_remove"/>
</testsuite>
