<?xml version="1.0" encoding="utf-8"?>
<testsuite failures="0" name="SoftwareManagement.sm_apt_install_fail" skipped="1" tests="1" time="0.01" timestamp="2022-04-04T08:30:15">
	<testcase classname="PySysTest" name="SoftwareManagement.sm_apt_install_fail">
		<skipped message="SKIPPED: Testing the apt plugin is not supported on this platform.Use parameter -XmyPlatform='container' to enable it"/>
		<system-out>08:30:15 DEBUG deletedir failed to update permissions and delete /home/pi/actions-runner/_work/thin-edge.io/thin-edge.io/tests/PySys/software_management_end_to_end/sm_apt_install_fail/Output/linux on this attempt: [Errno 2] No such file or directory: '/home/pi/actions-runner/_work/thin-edge.io/thin-edge.io/tests/PySys/software_management_end_to_end/sm_apt_install_fail/Output/linux'
08:30:15 INFO  ==============================================================
08:30:15 INFO  Id:    SoftwareManagement.sm_apt_install_fail
08:30:15 INFO  Dir:   software_management_end_to_end/
08:30:15 INFO  Title: Validate end to end behaviour for a failing installation
08:30:15 DEBUG Execution order hint: 0.0
08:30:15 INFO  ==============================================================
08:30:15 INFO  Testing the apt plugin is not supported on this platform.Use parameter -XmyPlatform='container' to enable it ... skipped
08:30:15 WARN  Aborted test due to SKIPPED outcome
08:30:15 DEBUG --- test cleanup
08:30:15 DEBUG ProcessUser cleanup function done.
08:30:15 INFO  
08:30:15 INFO  Test duration: 0.01 secs
08:30:15 INFO  Test final outcome:  SKIPPED
08:30:15 INFO  Test outcome reason: Testing the apt plugin is not supported on this platform.Use parameter -XmyPlatform='container' to enable it
08:30:15 INFO  
</system-out>
	</testcase>
</testsuite>
