<?xml version="1.0" encoding="utf-8"?>
<testsuite failures="0" name="apt_install_local_file_with_version_fail" skipped="1" tests="1" time="0.01" timestamp="2022-03-21T16:48:28">
	<testcase classname="AptPluginInstallFromLocalFileWithVersionFail" name="apt_install_local_file_with_version_fail">
		<skipped message="SKIPPED: Testing the apt plugin is not supported on this platform.To run the tests call PySys with -XmyPlatform='container'"/>
		<system-out>16:48:28 DEBUG deletedir failed to update permissions and delete /home/pi/actions-runner/_work/thin-edge.io/thin-edge.io/tests/PySys/plugin_apt/apt_install_local_file_with_version_fail/Output/linux on this attempt: [Errno 2] No such file or directory: '/home/pi/actions-runner/_work/thin-edge.io/thin-edge.io/tests/PySys/plugin_apt/apt_install_local_file_with_version_fail/Output/linux'
16:48:28 INFO  ==============================================================
16:48:28 INFO  Id:    apt_install_local_file_with_version_fail
16:48:28 INFO  Dir:   plugin_apt/
16:48:28 INFO  Title: Validate apt plugin install from local file AND with a version - FAIL case
16:48:28 DEBUG Execution order hint: 0.0
16:48:28 INFO  ==============================================================
16:48:28 INFO  Testing the apt plugin is not supported on this platform.To run the tests call PySys with -XmyPlatform='container' ... skipped
16:48:28 WARN  Aborted test due to SKIPPED outcome
16:48:28 DEBUG --- test cleanup
16:48:28 DEBUG ProcessUser cleanup function done.
16:48:28 INFO  
16:48:28 INFO  Test duration: 0.01 secs
16:48:28 INFO  Test final outcome:  SKIPPED
16:48:28 INFO  Test outcome reason: Testing the apt plugin is not supported on this platform.To run the tests call PySys with -XmyPlatform='container'
16:48:28 INFO  
</system-out>
	</testcase>
</testsuite>
