<?xml version="1.0" encoding="utf-8"?>
<testsuite failures="0" name="log_request_error_messages" skipped="0" tests="1" time="28.92" timestamp="2022-02-15T15:34:02">
	<testcase classname="LogRequestVerifySearchTextError" name="log_request_error_messages"/>
</testsuite>
