<?xml version="1.0" encoding="utf-8"?>
<testsuite failures="0" name="apt_install_local_file_with_version_fail" skipped="1" tests="1" time="0.01" timestamp="2022-03-22T13:46:44">
	<testcase classname="AptPluginInstallFromLocalFileWithVersionFail" name="apt_install_local_file_with_version_fail">
		<skipped message="SKIPPED: Testing the apt plugin is not supported on this platform.To run the tests call PySys with -XmyPlatform='container'"/>
		<system-out>13:46:44 DEBUG deletedir failed to update permissions and delete /home/pi/actions-runner/_work/thin-edge.io/thin-edge.io/tests/PySys/plugin_apt/apt_install_local_file_with_version_fail/Output/linux on this attempt: [Errno 2] No such file or directory: '/home/pi/actions-runner/_work/thin-edge.io/thin-edge.io/tests/PySys/plugin_apt/apt_install_local_file_with_version_fail/Output/linux'
13:46:44 INFO  ==============================================================
13:46:44 INFO  Id:    apt_install_local_file_with_version_fail
13:46:44 INFO  Dir:   plugin_apt/
13:46:44 INFO  Title: Validate apt plugin install from local file AND with a version - FAIL case
13:46:44 DEBUG Execution order hint: 0.0
13:46:44 INFO  ==============================================================
13:46:44 INFO  Testing the apt plugin is not supported on this platform.To run the tests call PySys with -XmyPlatform='container' ... skipped
13:46:44 WARN  Aborted test due to SKIPPED outcome
13:46:44 DEBUG --- test cleanup
13:46:44 DEBUG ProcessUser cleanup function done.
13:46:44 INFO  
13:46:44 INFO  Test duration: 0.01 secs
13:46:44 INFO  Test final outcome:  SKIPPED
13:46:44 INFO  Test outcome reason: Testing the apt plugin is not supported on this platform.To run the tests call PySys with -XmyPlatform='container'
13:46:44 INFO  
</system-out>
	</testcase>
</testsuite>
