<?xml version="1.0" encoding="utf-8"?>
<testsuite failures="0" name="docker_plugin_remove" skipped="1" tests="1" time="0.01" timestamp="2022-03-21T12:46:37">
	<testcase classname="DockerPluginRemoveTest" name="docker_plugin_remove">
		<skipped message="SKIPPED: Testing the docker plugin is not supported on this platform.To run it, all the test with -XmyPlatform='container'"/>
		<system-out>12:46:37 DEBUG deletedir failed to update permissions and delete /home/pi/actions-runner/_work/thin-edge.io/thin-edge.io/tests/PySys/plugin_docker/docker_plugin_remove/Output/linux on this attempt: [Errno 2] No such file or directory: '/home/pi/actions-runner/_work/thin-edge.io/thin-edge.io/tests/PySys/plugin_docker/docker_plugin_remove/Output/linux'
12:46:37 INFO  ==============================================================
12:46:37 INFO  Id:    docker_plugin_remove
12:46:37 INFO  Dir:   plugin_docker/
12:46:37 INFO  Title: Validate docker plugin remove
12:46:37 DEBUG Execution order hint: 0.0
12:46:37 INFO  ==============================================================
12:46:37 INFO  Testing the docker plugin is not supported on this platform.To run it, all the test with -XmyPlatform='container' ... skipped
12:46:37 WARN  Aborted test due to SKIPPED outcome
12:46:37 DEBUG --- test cleanup
12:46:37 DEBUG ProcessUser cleanup function done.
12:46:37 INFO  
12:46:37 INFO  Test duration: 0.01 secs
12:46:37 INFO  Test final outcome:  SKIPPED
12:46:37 INFO  Test outcome reason: Testing the docker plugin is not supported on this platform.To run it, all the test with -XmyPlatform='container'
12:46:37 INFO  
</system-out>
	</testcase>
</testsuite>
