<?xml version="1.0" encoding="utf-8"?>
<testsuite failures="0" name="smoketest_smartrest" skipped="0" tests="1" time="42.65" timestamp="2022-03-30T08:23:28">
	<testcase classname="SmoketestSmartRest" name="smoketest_smartrest"/>
</testsuite>
