<?xml version="1.0" encoding="utf-8"?>
<testsuite failures="0" name="apt_install_fail" skipped="1" tests="1" time="0.02" timestamp="2022-03-22T13:46:43">
	<testcase classname="AptPluginInstallFail" name="apt_install_fail">
		<skipped message="SKIPPED: Testing the apt plugin is not supported on this platform.To run the tests call PySys with -XmyPlatform='container'"/>
		<system-out>13:46:43 DEBUG deletedir failed to update permissions and delete /home/pi/actions-runner/_work/thin-edge.io/thin-edge.io/tests/PySys/plugin_apt/apt_install_fail/Output/linux on this attempt: [Errno 2] No such file or directory: '/home/pi/actions-runner/_work/thin-edge.io/thin-edge.io/tests/PySys/plugin_apt/apt_install_fail/Output/linux'
13:46:43 INFO  ==============================================================
13:46:43 INFO  Id:    apt_install_fail
13:46:43 INFO  Dir:   plugin_apt/
13:46:43 INFO  Title: Validate apt plugin prepare - failing
13:46:43 DEBUG Execution order hint: 0.0
13:46:43 INFO  ==============================================================
13:46:43 INFO  Testing the apt plugin is not supported on this platform.To run the tests call PySys with -XmyPlatform='container' ... skipped
13:46:43 WARN  Aborted test due to SKIPPED outcome
13:46:43 DEBUG --- test cleanup
13:46:43 DEBUG ProcessUser cleanup function done.
13:46:43 INFO  
13:46:43 INFO  Test duration: 0.02 secs
13:46:43 INFO  Test final outcome:  SKIPPED
13:46:43 INFO  Test outcome reason: Testing the apt plugin is not supported on this platform.To run the tests call PySys with -XmyPlatform='container'
13:46:43 INFO  
</system-out>
	</testcase>
</testsuite>
