<?xml version="1.0" encoding="utf-8"?>
<testsuite failures="1" name="monitoring_smaller_interval" skipped="0" tests="1" time="10.09" timestamp="2022-02-07T14:03:14">
	<testcase classname="MonitoringSmallInterval" name="monitoring_smaller_interval">
		<failure message="FAILED: Assert that (collectd_msg_validation_result == expected_result) with collectd_msg_validation_result=False, expected_result=True" type="FAILED"/>
		<system-out>14:03:04 INFO  ==============================================================
14:03:04 INFO  Id:    monitoring_smaller_interval
14:03:04 INFO  Dir:   monitoring/
14:03:04 INFO  Title: Validate the tedge dm agent messages that are produced with smaller sampling interval than the batching window. Here the simulated collectd messages are used
14:03:04 DEBUG Execution order hint: 0.0
14:03:04 INFO  ==============================================================
14:03:04 DEBUG Process parameters for sudo&lt;collectd&gt;
  command line : /usr/bin/sudo systemctl stop collectd
    arg #1     : systemctl
    arg #2     : stop
    arg #3     : collectd
  working dir  : /home/pi/actions-runner/_work/thin-edge.io/thin-edge.io/tests/PySys/monitoring/monitoring_smaller_interval/Output/linux
  stdout       : /home/pi/actions-runner/_work/thin-edge.io/thin-edge.io/tests/PySys/monitoring/monitoring_smaller_interval/Output/linux/collectd.out
  stderr       : /home/pi/actions-runner/_work/thin-edge.io/thin-edge.io/tests/PySys/monitoring/monitoring_smaller_interval/Output/linux/collectd.err
  environment  : LD_LIBRARY_PATH=/usr/lib
  environment  : PATH=/bin:/usr/bin:/usr/sbin:/usr/local/bin
                   #1  /bin
                   #2  /usr/bin
                   #3  /usr/sbin
                   #4  /usr/local/bin
14:03:04 DEBUG Waiting up to 600 secs for process sudo&lt;collectd&gt; (pid 15488)
14:03:04 INFO  Executed sudo&lt;collectd&gt;, exit status 0
14:03:04 DEBUG Process parameters for sudo&lt;collectd_mapper&gt;
  command line : /usr/bin/sudo systemctl start tedge-mapper-collectd
    arg #1     : systemctl
    arg #2     : start
    arg #3     : tedge-mapper-collectd
  working dir  : /home/pi/actions-runner/_work/thin-edge.io/thin-edge.io/tests/PySys/monitoring/monitoring_smaller_interval/Output/linux
  stdout       : /home/pi/actions-runner/_work/thin-edge.io/thin-edge.io/tests/PySys/monitoring/monitoring_smaller_interval/Output/linux/collectd_mapper.out
  stderr       : /home/pi/actions-runner/_work/thin-edge.io/thin-edge.io/tests/PySys/monitoring/monitoring_smaller_interval/Output/linux/collectd_mapper.err
  environment  : LD_LIBRARY_PATH=/usr/lib
  environment  : PATH=/bin:/usr/bin:/usr/sbin:/usr/local/bin
                   #1  /bin
                   #2  /usr/bin
                   #3  /usr/sbin
                   #4  /usr/local/bin
14:03:04 DEBUG Waiting up to 600 secs for process sudo&lt;collectd_mapper&gt; (pid 15490)
14:03:04 INFO  Executed sudo&lt;collectd_mapper&gt;, exit status 0
14:03:04 DEBUG --- test execute
14:03:04 DEBUG Process parameters for sudo&lt;tedge_sub&gt;
  command line : /usr/bin/sudo /usr/bin/tedge mqtt sub --no-topic 'tedge/#'
    arg #1     : /usr/bin/tedge
    arg #2     : mqtt
    arg #3     : sub
    arg #4     : --no-topic
    arg #5     : tedge/#
  working dir  : /home/pi/actions-runner/_work/thin-edge.io/thin-edge.io/tests/PySys/monitoring/monitoring_smaller_interval/Output/linux
  stdout       : /home/pi/actions-runner/_work/thin-edge.io/thin-edge.io/tests/PySys/monitoring/monitoring_smaller_interval/Output/linux/tedge_sub.out
  stderr       : /home/pi/actions-runner/_work/thin-edge.io/thin-edge.io/tests/PySys/monitoring/monitoring_smaller_interval/Output/linux/tedge_sub.err
  environment  : LD_LIBRARY_PATH=/usr/lib
  environment  : PATH=/bin:/usr/bin:/usr/sbin:/usr/local/bin
                   #1  /bin
                   #2  /usr/bin
                   #3  /usr/sbin
                   #4  /usr/local/bin
14:03:04 INFO  Started sudo&lt;tedge_sub&gt; with process id 15493
14:03:04 DEBUG Process parameters for sudo&lt;tedge_temp&gt;
  command line : /usr/bin/sudo /usr/bin/tedge mqtt pub collectd/host/temperature/temp 1644242584.9204025:25.5
    arg #1     : /usr/bin/tedge
    arg #2     : mqtt
    arg #3     : pub
    arg #4     : collectd/host/temperature/temp
    arg #5     : 1644242584.9204025:25.5
  working dir  : /home/pi/actions-runner/_work/thin-edge.io/thin-edge.io/tests/PySys/monitoring/monitoring_smaller_interval/Output/linux
  stdout       : /home/pi/actions-runner/_work/thin-edge.io/thin-edge.io/tests/PySys/monitoring/monitoring_smaller_interval/Output/linux/tedge_temp.out
  stderr       : /home/pi/actions-runner/_work/thin-edge.io/thin-edge.io/tests/PySys/monitoring/monitoring_smaller_interval/Output/linux/tedge_temp.err
  environment  : LD_LIBRARY_PATH=/usr/lib
  environment  : PATH=/bin:/usr/bin:/usr/sbin:/usr/local/bin
                   #1  /bin
                   #2  /usr/bin
                   #3  /usr/sbin
                   #4  /usr/local/bin
14:03:04 DEBUG Waiting up to 600 secs for process sudo&lt;tedge_temp&gt; (pid 15499)
14:03:05 INFO  Executed sudo&lt;tedge_temp&gt;, exit status 0
14:03:05 DEBUG Process parameters for sudo&lt;tedge_pres&gt;
  command line : /usr/bin/sudo /usr/bin/tedge mqtt pub collectd/host/pressure/pres 1644242585.2325585:500.5
    arg #1     : /usr/bin/tedge
    arg #2     : mqtt
    arg #3     : pub
    arg #4     : collectd/host/pressure/pres
    arg #5     : 1644242585.2325585:500.5
  working dir  : /home/pi/actions-runner/_work/thin-edge.io/thin-edge.io/tests/PySys/monitoring/monitoring_smaller_interval/Output/linux
  stdout       : /home/pi/actions-runner/_work/thin-edge.io/thin-edge.io/tests/PySys/monitoring/monitoring_smaller_interval/Output/linux/tedge_pres.out
  stderr       : /home/pi/actions-runner/_work/thin-edge.io/thin-edge.io/tests/PySys/monitoring/monitoring_smaller_interval/Output/linux/tedge_pres.err
  environment  : LD_LIBRARY_PATH=/usr/lib
  environment  : PATH=/bin:/usr/bin:/usr/sbin:/usr/local/bin
                   #1  /bin
                   #2  /usr/bin
                   #3  /usr/sbin
                   #4  /usr/local/bin
14:03:05 DEBUG Waiting up to 600 secs for process sudo&lt;tedge_pres&gt; (pid 15504)
14:03:05 INFO  Executed sudo&lt;tedge_pres&gt;, exit status 0
14:03:05 DEBUG Process parameters for sudo&lt;tedge_temp&gt;
  command line : /usr/bin/sudo /usr/bin/tedge mqtt pub collectd/host/temperature/temp 1644242585.6594443:25.5
    arg #1     : /usr/bin/tedge
    arg #2     : mqtt
    arg #3     : pub
    arg #4     : collectd/host/temperature/temp
    arg #5     : 1644242585.6594443:25.5
  working dir  : /home/pi/actions-runner/_work/thin-edge.io/thin-edge.io/tests/PySys/monitoring/monitoring_smaller_interval/Output/linux
  stdout       : /home/pi/actions-runner/_work/thin-edge.io/thin-edge.io/tests/PySys/monitoring/monitoring_smaller_interval/Output/linux/tedge_temp.out
  stderr       : /home/pi/actions-runner/_work/thin-edge.io/thin-edge.io/tests/PySys/monitoring/monitoring_smaller_interval/Output/linux/tedge_temp.err
  environment  : LD_LIBRARY_PATH=/usr/lib
  environment  : PATH=/bin:/usr/bin:/usr/sbin:/usr/local/bin
                   #1  /bin
                   #2  /usr/bin
                   #3  /usr/sbin
                   #4  /usr/local/bin
14:03:05 DEBUG Waiting up to 600 secs for process sudo&lt;tedge_temp&gt; (pid 15508)
14:03:05 INFO  Executed sudo&lt;tedge_temp&gt;, exit status 0
14:03:05 DEBUG Process parameters for sudo&lt;tedge_pres&gt;
  command line : /usr/bin/sudo /usr/bin/tedge mqtt pub collectd/host/pressure/pres 1644242585.9548688:500.5
    arg #1     : /usr/bin/tedge
    arg #2     : mqtt
    arg #3     : pub
    arg #4     : collectd/host/pressure/pres
    arg #5     : 1644242585.9548688:500.5
  working dir  : /home/pi/actions-runner/_work/thin-edge.io/thin-edge.io/tests/PySys/monitoring/monitoring_smaller_interval/Output/linux
  stdout       : /home/pi/actions-runner/_work/thin-edge.io/thin-edge.io/tests/PySys/monitoring/monitoring_smaller_interval/Output/linux/tedge_pres.out
  stderr       : /home/pi/actions-runner/_work/thin-edge.io/thin-edge.io/tests/PySys/monitoring/monitoring_smaller_interval/Output/linux/tedge_pres.err
  environment  : LD_LIBRARY_PATH=/usr/lib
  environment  : PATH=/bin:/usr/bin:/usr/sbin:/usr/local/bin
                   #1  /bin
                   #2  /usr/bin
                   #3  /usr/sbin
                   #4  /usr/local/bin
14:03:05 DEBUG Waiting up to 600 secs for process sudo&lt;tedge_pres&gt; (pid 15514)
14:03:06 INFO  Executed sudo&lt;tedge_pres&gt;, exit status 0
14:03:06 DEBUG Process parameters for sudo&lt;tedge_temp&gt;
  command line : /usr/bin/sudo /usr/bin/tedge mqtt pub collectd/host/temperature/temp 1644242586.3675108:25.5
    arg #1     : /usr/bin/tedge
    arg #2     : mqtt
    arg #3     : pub
    arg #4     : collectd/host/temperature/temp
    arg #5     : 1644242586.3675108:25.5
  working dir  : /home/pi/actions-runner/_work/thin-edge.io/thin-edge.io/tests/PySys/monitoring/monitoring_smaller_interval/Output/linux
  stdout       : /home/pi/actions-runner/_work/thin-edge.io/thin-edge.io/tests/PySys/monitoring/monitoring_smaller_interval/Output/linux/tedge_temp.out
  stderr       : /home/pi/actions-runner/_work/thin-edge.io/thin-edge.io/tests/PySys/monitoring/monitoring_smaller_interval/Output/linux/tedge_temp.err
  environment  : LD_LIBRARY_PATH=/usr/lib
  environment  : PATH=/bin:/usr/bin:/usr/sbin:/usr/local/bin
                   #1  /bin
                   #2  /usr/bin
                   #3  /usr/sbin
                   #4  /usr/local/bin
14:03:06 DEBUG Waiting up to 600 secs for process sudo&lt;tedge_temp&gt; (pid 15517)
14:03:06 INFO  Executed sudo&lt;tedge_temp&gt;, exit status 0
14:03:06 DEBUG Process parameters for sudo&lt;tedge_pres&gt;
  command line : /usr/bin/sudo /usr/bin/tedge mqtt pub collectd/host/pressure/pres 1644242586.6838822:500.5
    arg #1     : /usr/bin/tedge
    arg #2     : mqtt
    arg #3     : pub
    arg #4     : collectd/host/pressure/pres
    arg #5     : 1644242586.6838822:500.5
  working dir  : /home/pi/actions-runner/_work/thin-edge.io/thin-edge.io/tests/PySys/monitoring/monitoring_smaller_interval/Output/linux
  stdout       : /home/pi/actions-runner/_work/thin-edge.io/thin-edge.io/tests/PySys/monitoring/monitoring_smaller_interval/Output/linux/tedge_pres.out
  stderr       : /home/pi/actions-runner/_work/thin-edge.io/thin-edge.io/tests/PySys/monitoring/monitoring_smaller_interval/Output/linux/tedge_pres.err
  environment  : LD_LIBRARY_PATH=/usr/lib
  environment  : PATH=/bin:/usr/bin:/usr/sbin:/usr/local/bin
                   #1  /bin
                   #2  /usr/bin
                   #3  /usr/sbin
                   #4  /usr/local/bin
14:03:06 DEBUG Waiting up to 600 secs for process sudo&lt;tedge_pres&gt; (pid 15520)
14:03:06 INFO  Executed sudo&lt;tedge_pres&gt;, exit status 0
14:03:07 DEBUG Process parameters for sudo&lt;tedge_temp&gt;
  command line : /usr/bin/sudo /usr/bin/tedge mqtt pub collectd/host/temperature/temp 1644242587.0998251:25.5
    arg #1     : /usr/bin/tedge
    arg #2     : mqtt
    arg #3     : pub
    arg #4     : collectd/host/temperature/temp
    arg #5     : 1644242587.0998251:25.5
  working dir  : /home/pi/actions-runner/_work/thin-edge.io/thin-edge.io/tests/PySys/monitoring/monitoring_smaller_interval/Output/linux
  stdout       : /home/pi/actions-runner/_work/thin-edge.io/thin-edge.io/tests/PySys/monitoring/monitoring_smaller_interval/Output/linux/tedge_temp.out
  stderr       : /home/pi/actions-runner/_work/thin-edge.io/thin-edge.io/tests/PySys/monitoring/monitoring_smaller_interval/Output/linux/tedge_temp.err
  environment  : LD_LIBRARY_PATH=/usr/lib
  environment  : PATH=/bin:/usr/bin:/usr/sbin:/usr/local/bin
                   #1  /bin
                   #2  /usr/bin
                   #3  /usr/sbin
                   #4  /usr/local/bin
14:03:07 DEBUG Waiting up to 600 secs for process sudo&lt;tedge_temp&gt; (pid 15523)
14:03:07 INFO  Executed sudo&lt;tedge_temp&gt;, exit status 0
14:03:07 DEBUG Process parameters for sudo&lt;tedge_pres&gt;
  command line : /usr/bin/sudo /usr/bin/tedge mqtt pub collectd/host/pressure/pres 1644242587.4220474:500.5
    arg #1     : /usr/bin/tedge
    arg #2     : mqtt
    arg #3     : pub
    arg #4     : collectd/host/pressure/pres
    arg #5     : 1644242587.4220474:500.5
  working dir  : /home/pi/actions-runner/_work/thin-edge.io/thin-edge.io/tests/PySys/monitoring/monitoring_smaller_interval/Output/linux
  stdout       : /home/pi/actions-runner/_work/thin-edge.io/thin-edge.io/tests/PySys/monitoring/monitoring_smaller_interval/Output/linux/tedge_pres.out
  stderr       : /home/pi/actions-runner/_work/thin-edge.io/thin-edge.io/tests/PySys/monitoring/monitoring_smaller_interval/Output/linux/tedge_pres.err
  environment  : LD_LIBRARY_PATH=/usr/lib
  environment  : PATH=/bin:/usr/bin:/usr/sbin:/usr/local/bin
                   #1  /bin
                   #2  /usr/bin
                   #3  /usr/sbin
                   #4  /usr/local/bin
14:03:07 DEBUG Waiting up to 600 secs for process sudo&lt;tedge_pres&gt; (pid 15526)
14:03:07 INFO  Executed sudo&lt;tedge_pres&gt;, exit status 0
14:03:07 DEBUG Process parameters for sudo&lt;tedge_temp&gt;
  command line : /usr/bin/sudo /usr/bin/tedge mqtt pub collectd/host/temperature/temp 1644242587.8372703:25.5
    arg #1     : /usr/bin/tedge
    arg #2     : mqtt
    arg #3     : pub
    arg #4     : collectd/host/temperature/temp
    arg #5     : 1644242587.8372703:25.5
  working dir  : /home/pi/actions-runner/_work/thin-edge.io/thin-edge.io/tests/PySys/monitoring/monitoring_smaller_interval/Output/linux
  stdout       : /home/pi/actions-runner/_work/thin-edge.io/thin-edge.io/tests/PySys/monitoring/monitoring_smaller_interval/Output/linux/tedge_temp.out
  stderr       : /home/pi/actions-runner/_work/thin-edge.io/thin-edge.io/tests/PySys/monitoring/monitoring_smaller_interval/Output/linux/tedge_temp.err
  environment  : LD_LIBRARY_PATH=/usr/lib
  environment  : PATH=/bin:/usr/bin:/usr/sbin:/usr/local/bin
                   #1  /bin
                   #2  /usr/bin
                   #3  /usr/sbin
                   #4  /usr/local/bin
14:03:07 DEBUG Waiting up to 600 secs for process sudo&lt;tedge_temp&gt; (pid 15529)
14:03:08 INFO  Executed sudo&lt;tedge_temp&gt;, exit status 0
14:03:08 DEBUG Process parameters for sudo&lt;tedge_pres&gt;
  command line : /usr/bin/sudo /usr/bin/tedge mqtt pub collectd/host/pressure/pres 1644242588.306297:500.5
    arg #1     : /usr/bin/tedge
    arg #2     : mqtt
    arg #3     : pub
    arg #4     : collectd/host/pressure/pres
    arg #5     : 1644242588.306297:500.5
  working dir  : /home/pi/actions-runner/_work/thin-edge.io/thin-edge.io/tests/PySys/monitoring/monitoring_smaller_interval/Output/linux
  stdout       : /home/pi/actions-runner/_work/thin-edge.io/thin-edge.io/tests/PySys/monitoring/monitoring_smaller_interval/Output/linux/tedge_pres.out
  stderr       : /home/pi/actions-runner/_work/thin-edge.io/thin-edge.io/tests/PySys/monitoring/monitoring_smaller_interval/Output/linux/tedge_pres.err
  environment  : LD_LIBRARY_PATH=/usr/lib
  environment  : PATH=/bin:/usr/bin:/usr/sbin:/usr/local/bin
                   #1  /bin
                   #2  /usr/bin
                   #3  /usr/sbin
                   #4  /usr/local/bin
14:03:08 DEBUG Waiting up to 600 secs for process sudo&lt;tedge_pres&gt; (pid 15532)
14:03:08 INFO  Executed sudo&lt;tedge_pres&gt;, exit status 0
14:03:08 DEBUG Process parameters for sudo&lt;tedge_temp&gt;
  command line : /usr/bin/sudo /usr/bin/tedge mqtt pub collectd/host/temperature/temp 1644242588.721583:25.5
    arg #1     : /usr/bin/tedge
    arg #2     : mqtt
    arg #3     : pub
    arg #4     : collectd/host/temperature/temp
    arg #5     : 1644242588.721583:25.5
  working dir  : /home/pi/actions-runner/_work/thin-edge.io/thin-edge.io/tests/PySys/monitoring/monitoring_smaller_interval/Output/linux
  stdout       : /home/pi/actions-runner/_work/thin-edge.io/thin-edge.io/tests/PySys/monitoring/monitoring_smaller_interval/Output/linux/tedge_temp.out
  stderr       : /home/pi/actions-runner/_work/thin-edge.io/thin-edge.io/tests/PySys/monitoring/monitoring_smaller_interval/Output/linux/tedge_temp.err
  environment  : LD_LIBRARY_PATH=/usr/lib
  environment  : PATH=/bin:/usr/bin:/usr/sbin:/usr/local/bin
                   #1  /bin
                   #2  /usr/bin
                   #3  /usr/sbin
                   #4  /usr/local/bin
14:03:08 DEBUG Waiting up to 600 secs for process sudo&lt;tedge_temp&gt; (pid 15535)
14:03:09 INFO  Executed sudo&lt;tedge_temp&gt;, exit status 0
14:03:09 DEBUG Process parameters for sudo&lt;tedge_pres&gt;
  command line : /usr/bin/sudo /usr/bin/tedge mqtt pub collectd/host/pressure/pres 1644242589.0377648:500.5
    arg #1     : /usr/bin/tedge
    arg #2     : mqtt
    arg #3     : pub
    arg #4     : collectd/host/pressure/pres
    arg #5     : 1644242589.0377648:500.5
  working dir  : /home/pi/actions-runner/_work/thin-edge.io/thin-edge.io/tests/PySys/monitoring/monitoring_smaller_interval/Output/linux
  stdout       : /home/pi/actions-runner/_work/thin-edge.io/thin-edge.io/tests/PySys/monitoring/monitoring_smaller_interval/Output/linux/tedge_pres.out
  stderr       : /home/pi/actions-runner/_work/thin-edge.io/thin-edge.io/tests/PySys/monitoring/monitoring_smaller_interval/Output/linux/tedge_pres.err
  environment  : LD_LIBRARY_PATH=/usr/lib
  environment  : PATH=/bin:/usr/bin:/usr/sbin:/usr/local/bin
                   #1  /bin
                   #2  /usr/bin
                   #3  /usr/sbin
                   #4  /usr/local/bin
14:03:09 DEBUG Waiting up to 600 secs for process sudo&lt;tedge_pres&gt; (pid 15538)
14:03:09 INFO  Executed sudo&lt;tedge_pres&gt;, exit status 0
14:03:09 DEBUG Process parameters for sudo&lt;tedge_temp&gt;
  command line : /usr/bin/sudo /usr/bin/tedge mqtt pub collectd/host/temperature/temp 1644242589.4521668:25.5
    arg #1     : /usr/bin/tedge
    arg #2     : mqtt
    arg #3     : pub
    arg #4     : collectd/host/temperature/temp
    arg #5     : 1644242589.4521668:25.5
  working dir  : /home/pi/actions-runner/_work/thin-edge.io/thin-edge.io/tests/PySys/monitoring/monitoring_smaller_interval/Output/linux
  stdout       : /home/pi/actions-runner/_work/thin-edge.io/thin-edge.io/tests/PySys/monitoring/monitoring_smaller_interval/Output/linux/tedge_temp.out
  stderr       : /home/pi/actions-runner/_work/thin-edge.io/thin-edge.io/tests/PySys/monitoring/monitoring_smaller_interval/Output/linux/tedge_temp.err
  environment  : LD_LIBRARY_PATH=/usr/lib
  environment  : PATH=/bin:/usr/bin:/usr/sbin:/usr/local/bin
                   #1  /bin
                   #2  /usr/bin
                   #3  /usr/sbin
                   #4  /usr/local/bin
14:03:09 DEBUG Waiting up to 600 secs for process sudo&lt;tedge_temp&gt; (pid 15541)
14:03:09 INFO  Executed sudo&lt;tedge_temp&gt;, exit status 0
14:03:09 DEBUG Process parameters for sudo&lt;tedge_pres&gt;
  command line : /usr/bin/sudo /usr/bin/tedge mqtt pub collectd/host/pressure/pres 1644242589.767598:500.5
    arg #1     : /usr/bin/tedge
    arg #2     : mqtt
    arg #3     : pub
    arg #4     : collectd/host/pressure/pres
    arg #5     : 1644242589.767598:500.5
  working dir  : /home/pi/actions-runner/_work/thin-edge.io/thin-edge.io/tests/PySys/monitoring/monitoring_smaller_interval/Output/linux
  stdout       : /home/pi/actions-runner/_work/thin-edge.io/thin-edge.io/tests/PySys/monitoring/monitoring_smaller_interval/Output/linux/tedge_pres.out
  stderr       : /home/pi/actions-runner/_work/thin-edge.io/thin-edge.io/tests/PySys/monitoring/monitoring_smaller_interval/Output/linux/tedge_pres.err
  environment  : LD_LIBRARY_PATH=/usr/lib
  environment  : PATH=/bin:/usr/bin:/usr/sbin:/usr/local/bin
                   #1  /bin
                   #2  /usr/bin
                   #3  /usr/sbin
                   #4  /usr/local/bin
14:03:09 DEBUG Waiting up to 600 secs for process sudo&lt;tedge_pres&gt; (pid 15544)
14:03:10 INFO  Executed sudo&lt;tedge_pres&gt;, exit status 0
14:03:10 DEBUG Process parameters for sudo&lt;tedge_temp&gt;
  command line : /usr/bin/sudo /usr/bin/tedge mqtt pub collectd/host/temperature/temp 1644242590.1799316:25.5
    arg #1     : /usr/bin/tedge
    arg #2     : mqtt
    arg #3     : pub
    arg #4     : collectd/host/temperature/temp
    arg #5     : 1644242590.1799316:25.5
  working dir  : /home/pi/actions-runner/_work/thin-edge.io/thin-edge.io/tests/PySys/monitoring/monitoring_smaller_interval/Output/linux
  stdout       : /home/pi/actions-runner/_work/thin-edge.io/thin-edge.io/tests/PySys/monitoring/monitoring_smaller_interval/Output/linux/tedge_temp.out
  stderr       : /home/pi/actions-runner/_work/thin-edge.io/thin-edge.io/tests/PySys/monitoring/monitoring_smaller_interval/Output/linux/tedge_temp.err
  environment  : LD_LIBRARY_PATH=/usr/lib
  environment  : PATH=/bin:/usr/bin:/usr/sbin:/usr/local/bin
                   #1  /bin
                   #2  /usr/bin
                   #3  /usr/sbin
                   #4  /usr/local/bin
14:03:10 DEBUG Waiting up to 600 secs for process sudo&lt;tedge_temp&gt; (pid 15547)
14:03:10 INFO  Executed sudo&lt;tedge_temp&gt;, exit status 0
14:03:10 DEBUG Process parameters for sudo&lt;tedge_pres&gt;
  command line : /usr/bin/sudo /usr/bin/tedge mqtt pub collectd/host/pressure/pres 1644242590.4961548:500.5
    arg #1     : /usr/bin/tedge
    arg #2     : mqtt
    arg #3     : pub
    arg #4     : collectd/host/pressure/pres
    arg #5     : 1644242590.4961548:500.5
  working dir  : /home/pi/actions-runner/_work/thin-edge.io/thin-edge.io/tests/PySys/monitoring/monitoring_smaller_interval/Output/linux
  stdout       : /home/pi/actions-runner/_work/thin-edge.io/thin-edge.io/tests/PySys/monitoring/monitoring_smaller_interval/Output/linux/tedge_pres.out
  stderr       : /home/pi/actions-runner/_work/thin-edge.io/thin-edge.io/tests/PySys/monitoring/monitoring_smaller_interval/Output/linux/tedge_pres.err
  environment  : LD_LIBRARY_PATH=/usr/lib
  environment  : PATH=/bin:/usr/bin:/usr/sbin:/usr/local/bin
                   #1  /bin
                   #2  /usr/bin
                   #3  /usr/sbin
                   #4  /usr/local/bin
14:03:10 DEBUG Waiting up to 600 secs for process sudo&lt;tedge_pres&gt; (pid 15550)
14:03:10 INFO  Executed sudo&lt;tedge_pres&gt;, exit status 0
14:03:10 DEBUG Process parameters for sudo&lt;tedge_temp&gt;
  command line : /usr/bin/sudo /usr/bin/tedge mqtt pub collectd/host/temperature/temp 1644242590.9125137:25.5
    arg #1     : /usr/bin/tedge
    arg #2     : mqtt
    arg #3     : pub
    arg #4     : collectd/host/temperature/temp
    arg #5     : 1644242590.9125137:25.5
  working dir  : /home/pi/actions-runner/_work/thin-edge.io/thin-edge.io/tests/PySys/monitoring/monitoring_smaller_interval/Output/linux
  stdout       : /home/pi/actions-runner/_work/thin-edge.io/thin-edge.io/tests/PySys/monitoring/monitoring_smaller_interval/Output/linux/tedge_temp.out
  stderr       : /home/pi/actions-runner/_work/thin-edge.io/thin-edge.io/tests/PySys/monitoring/monitoring_smaller_interval/Output/linux/tedge_temp.err
  environment  : LD_LIBRARY_PATH=/usr/lib
  environment  : PATH=/bin:/usr/bin:/usr/sbin:/usr/local/bin
                   #1  /bin
                   #2  /usr/bin
                   #3  /usr/sbin
                   #4  /usr/local/bin
14:03:10 DEBUG Waiting up to 600 secs for process sudo&lt;tedge_temp&gt; (pid 15553)
14:03:11 INFO  Executed sudo&lt;tedge_temp&gt;, exit status 0
14:03:11 DEBUG Process parameters for sudo&lt;tedge_pres&gt;
  command line : /usr/bin/sudo /usr/bin/tedge mqtt pub collectd/host/pressure/pres 1644242591.2791677:500.5
    arg #1     : /usr/bin/tedge
    arg #2     : mqtt
    arg #3     : pub
    arg #4     : collectd/host/pressure/pres
    arg #5     : 1644242591.2791677:500.5
  working dir  : /home/pi/actions-runner/_work/thin-edge.io/thin-edge.io/tests/PySys/monitoring/monitoring_smaller_interval/Output/linux
  stdout       : /home/pi/actions-runner/_work/thin-edge.io/thin-edge.io/tests/PySys/monitoring/monitoring_smaller_interval/Output/linux/tedge_pres.out
  stderr       : /home/pi/actions-runner/_work/thin-edge.io/thin-edge.io/tests/PySys/monitoring/monitoring_smaller_interval/Output/linux/tedge_pres.err
  environment  : LD_LIBRARY_PATH=/usr/lib
  environment  : PATH=/bin:/usr/bin:/usr/sbin:/usr/local/bin
                   #1  /bin
                   #2  /usr/bin
                   #3  /usr/sbin
                   #4  /usr/local/bin
14:03:11 DEBUG Waiting up to 600 secs for process sudo&lt;tedge_pres&gt; (pid 15556)
14:03:11 INFO  Executed sudo&lt;tedge_pres&gt;, exit status 0
14:03:11 DEBUG Process parameters for sudo&lt;tedge_temp&gt;
  command line : /usr/bin/sudo /usr/bin/tedge mqtt pub collectd/host/temperature/temp 1644242591.693271:25.5
    arg #1     : /usr/bin/tedge
    arg #2     : mqtt
    arg #3     : pub
    arg #4     : collectd/host/temperature/temp
    arg #5     : 1644242591.693271:25.5
  working dir  : /home/pi/actions-runner/_work/thin-edge.io/thin-edge.io/tests/PySys/monitoring/monitoring_smaller_interval/Output/linux
  stdout       : /home/pi/actions-runner/_work/thin-edge.io/thin-edge.io/tests/PySys/monitoring/monitoring_smaller_interval/Output/linux/tedge_temp.out
  stderr       : /home/pi/actions-runner/_work/thin-edge.io/thin-edge.io/tests/PySys/monitoring/monitoring_smaller_interval/Output/linux/tedge_temp.err
  environment  : LD_LIBRARY_PATH=/usr/lib
  environment  : PATH=/bin:/usr/bin:/usr/sbin:/usr/local/bin
                   #1  /bin
                   #2  /usr/bin
                   #3  /usr/sbin
                   #4  /usr/local/bin
14:03:11 DEBUG Waiting up to 600 secs for process sudo&lt;tedge_temp&gt; (pid 15559)
14:03:12 INFO  Executed sudo&lt;tedge_temp&gt;, exit status 0
14:03:12 DEBUG Process parameters for sudo&lt;tedge_pres&gt;
  command line : /usr/bin/sudo /usr/bin/tedge mqtt pub collectd/host/pressure/pres 1644242592.0092576:500.5
    arg #1     : /usr/bin/tedge
    arg #2     : mqtt
    arg #3     : pub
    arg #4     : collectd/host/pressure/pres
    arg #5     : 1644242592.0092576:500.5
  working dir  : /home/pi/actions-runner/_work/thin-edge.io/thin-edge.io/tests/PySys/monitoring/monitoring_smaller_interval/Output/linux
  stdout       : /home/pi/actions-runner/_work/thin-edge.io/thin-edge.io/tests/PySys/monitoring/monitoring_smaller_interval/Output/linux/tedge_pres.out
  stderr       : /home/pi/actions-runner/_work/thin-edge.io/thin-edge.io/tests/PySys/monitoring/monitoring_smaller_interval/Output/linux/tedge_pres.err
  environment  : LD_LIBRARY_PATH=/usr/lib
  environment  : PATH=/bin:/usr/bin:/usr/sbin:/usr/local/bin
                   #1  /bin
                   #2  /usr/bin
                   #3  /usr/sbin
                   #4  /usr/local/bin
14:03:12 DEBUG Waiting up to 600 secs for process sudo&lt;tedge_pres&gt; (pid 15562)
14:03:12 INFO  Executed sudo&lt;tedge_pres&gt;, exit status 0
14:03:13 DEBUG Process parameters for sudo&lt;kill_out&gt;
  command line : /usr/bin/sudo killall tedge
    arg #1     : killall
    arg #2     : tedge
  working dir  : /home/pi/actions-runner/_work/thin-edge.io/thin-edge.io/tests/PySys/monitoring/monitoring_smaller_interval/Output/linux
  stdout       : /home/pi/actions-runner/_work/thin-edge.io/thin-edge.io/tests/PySys/monitoring/monitoring_smaller_interval/Output/linux/kill_out.out
  stderr       : /home/pi/actions-runner/_work/thin-edge.io/thin-edge.io/tests/PySys/monitoring/monitoring_smaller_interval/Output/linux/kill_out.err
  environment  : LD_LIBRARY_PATH=/usr/lib
  environment  : PATH=/bin:/usr/bin:/usr/sbin:/usr/local/bin
                   #1  /bin
                   #2  /usr/bin
                   #3  /usr/sbin
                   #4  /usr/local/bin
14:03:13 DEBUG Waiting up to 600 secs for process sudo&lt;kill_out&gt; (pid 15565)
14:03:13 INFO  Executed sudo&lt;kill_out&gt;, exit status 0
14:03:13 DEBUG --- test validate
14:03:13 INFO  {&quot;time&quot;:&quot;2022-02-07T14:03:04.920402526+00:00&quot;,&quot;temperature&quot;:{&quot;temp&quot;:25.5},&quot;pressure&quot;:{&quot;pres&quot;:500.5}}

14:03:13 INFO  {&quot;time&quot;:&quot;2022-02-07T14:03:05.659444332+00:00&quot;,&quot;pressure&quot;:{&quot;pres&quot;:500.5},&quot;temperature&quot;:{&quot;temp&quot;:25.5}}

14:03:13 INFO  {&quot;time&quot;:&quot;2022-02-07T14:03:06.683882236+00:00&quot;,&quot;temperature&quot;:{&quot;temp&quot;:25.5},&quot;pressure&quot;:{&quot;pres&quot;:500.5}}

14:03:13 INFO  {&quot;time&quot;:&quot;2022-02-07T14:03:07.099825143+00:00&quot;,&quot;temperature&quot;:{&quot;temp&quot;:25.5},&quot;pressure&quot;:{&quot;pres&quot;:500.5}}

14:03:13 INFO  {&quot;time&quot;:&quot;2022-02-07T14:03:08.306297063+00:00&quot;,&quot;temperature&quot;:{&quot;temp&quot;:25.5},&quot;pressure&quot;:{&quot;pres&quot;:500.5}}

14:03:13 INFO  {&quot;time&quot;:&quot;2022-02-07T14:03:09.452166795+00:00&quot;,&quot;temperature&quot;:{&quot;temp&quot;:25.5},&quot;pressure&quot;:{&quot;pres&quot;:500.5}}

14:03:13 INFO  {&quot;time&quot;:&quot;2022-02-07T14:03:10.179931640+00:00&quot;,&quot;temperature&quot;:{&quot;temp&quot;:25.5},&quot;pressure&quot;:{&quot;pres&quot;:500.5}}

14:03:13 INFO  {&quot;time&quot;:&quot;2022-02-07T14:03:10.912513732+00:00&quot;,&quot;temperature&quot;:{&quot;temp&quot;:25.5},&quot;pressure&quot;:{&quot;pres&quot;:500.5}}

14:03:13 INFO  {&quot;time&quot;:&quot;2022-02-07T14:03:11.693270921+00:00&quot;,&quot;pressure&quot;:{&quot;pres&quot;:500.5},&quot;temperature&quot;:{&quot;temp&quot;:25.5}}

14:03:13 INFO  {&quot;time&quot;:&quot;2022-02-07T14:03:12.009257555+00:00&quot;,&quot;pressure&quot;:{&quot;pres&quot;:500.5}}

14:03:13 WARN  Assert that (collectd_msg_validation_result == expected_result) with collectd_msg_validation_result=False, expected_result=True ... failed [run.py:93]
14:03:13 INFO     collectd_msg_validation_result: False
14:03:13 INFO                    expected_result: True
14:03:13 DEBUG --- test cleanup
14:03:13 INFO  
14:03:13 INFO  cleanup:
14:03:13 DEBUG Running registered cleanup function: &lt;bound method MonitoringSmallInterval.monitoring_cleanup of &lt;MonitoringSmallInterval object at 0x76004bb0&gt;&gt;
14:03:13 INFO  monitoring_cleanup
14:03:13 DEBUG Process parameters for sudo&lt;collectd_mapper&gt;
  command line : /usr/bin/sudo systemctl stop tedge-mapper-collectd
    arg #1     : systemctl
    arg #2     : stop
    arg #3     : tedge-mapper-collectd
  working dir  : /home/pi/actions-runner/_work/thin-edge.io/thin-edge.io/tests/PySys/monitoring/monitoring_smaller_interval/Output/linux
  stdout       : /home/pi/actions-runner/_work/thin-edge.io/thin-edge.io/tests/PySys/monitoring/monitoring_smaller_interval/Output/linux/collectd_mapper.out
  stderr       : /home/pi/actions-runner/_work/thin-edge.io/thin-edge.io/tests/PySys/monitoring/monitoring_smaller_interval/Output/linux/collectd_mapper.err
  environment  : LD_LIBRARY_PATH=/usr/lib
  environment  : PATH=/bin:/usr/bin:/usr/sbin:/usr/local/bin
                   #1  /bin
                   #2  /usr/bin
                   #3  /usr/sbin
                   #4  /usr/local/bin
14:03:13 DEBUG Waiting up to 600 secs for process sudo&lt;collectd_mapper&gt; (pid 15567)
14:03:14 INFO  Executed sudo&lt;collectd_mapper&gt;, exit status 0
14:03:14 DEBUG ProcessUser cleanup function done.
14:03:14 INFO  
14:03:14 INFO  Test duration: 10.09 secs
14:03:14 INFO  Test final outcome:  FAILED
14:03:14 INFO  Test outcome reason: Assert that (collectd_msg_validation_result == expected_result) with collectd_msg_validation_result=False, expected_result=True
14:03:14 INFO  
</system-out>
	</testcase>
</testsuite>
