<?xml version="1.0" encoding="utf-8"?>
<testsuite name="apt_install_local_file_with_version_fail" tests="1" failures="0" skipped="0" time="31.03" timestamp="2022-05-04T08:24:57">
	<testcase classname="AptPluginInstallFromLocalFileWithVersionFail" name="apt_install_local_file_with_version_fail"/>
</testsuite>
