<?xml version="1.0" encoding="utf-8"?>
<testsuite name="apt_sequence_install_with_version" tests="1" failures="1" skipped="0" time="108.77" timestamp="2022-05-03T08:25:19">
	<testcase classname="AptPluginPrepInstallWithVersionFinalize" name="apt_sequence_install_with_version">
		<failure message="FAILED: Grep on outp_check_1.out contains 'rolldice\t1.16-1(\\+b|build)(1|3)'" type="FAILED"/>
		<system-out>08:23:30 INFO  ==============================================================
08:23:30 INFO  Id:    apt_sequence_install_with_version
08:23:30 INFO  Dir:   plugin_apt/
08:23:30 INFO  Title: Validate apt plugin install with version use case
08:23:30 INFO  ==============================================================
08:23:36 INFO  Executed sudo, exit status 0
08:23:39 INFO  Executed sudo&lt;outp_check_0&gt;, exit status 0
08:23:39 INFO  Assert that (value==0) with value=0 ... passed
08:23:39 INFO  Grep on file outp_check_0.out ... passed
08:24:00 INFO  Executed sudo&lt;outp_prepare&gt;, exit status 0, duration 21 secs
08:24:00 INFO  Assert that (value==0) with value=0 ... passed
08:24:51 INFO  Executed sudo&lt;outp_install&gt;, exit status 0, duration 50 secs
08:24:51 INFO  Assert that (value==0) with value=0 ... passed
08:24:59 INFO  Executed sudo&lt;outp_finalize&gt;, exit status 0
08:24:59 INFO  Assert that (value==0) with value=0 ... passed
08:25:02 INFO  Executed sudo&lt;outp_check_1&gt;, exit status 0
08:25:02 INFO  Assert that (value==0) with value=0 ... passed
08:25:02 INFO  Grep on file outp_check_1.out ... passed
08:25:03 WARN  Grep on outp_check_1.out contains 'rolldice\t1.16-1(\\+b|build)(1|3)' ... failed [run.py:61]
08:25:03 INFO  
08:25:03 INFO  cleanup:
08:25:19 INFO  Executed sudo, exit status 0, duration 16 secs
08:25:19 INFO  
08:25:19 INFO  Test duration: 108.77 secs
08:25:19 INFO  Test final outcome:  FAILED
08:25:19 INFO  Test outcome reason: Grep on outp_check_1.out contains 'rolldice\t1.16-1(\\+b|build)(1|3)'
08:25:19 INFO  
</system-out>
	</testcase>
</testsuite>
