<?xml version="1.0" encoding="utf-8"?>
<testsuite name="apt_sequence_install_with_version" tests="1" failures="1" skipped="0" time="109.69" timestamp="2022-05-10T19:59:04">
	<testcase classname="AptPluginPrepInstallWithVersionFinalize" name="apt_sequence_install_with_version">
		<failure message="FAILED: Grep on outp_check_1.out contains 'rolldice\t1.16-1(\\+b|build)(1|3)'" type="FAILED"/>
		<system-out>19:57:15 INFO  ==============================================================
19:57:15 INFO  Id:    apt_sequence_install_with_version
19:57:15 INFO  Dir:   plugin_apt/
19:57:15 INFO  Title: Validate apt plugin install with version use case
19:57:15 INFO  ==============================================================
19:57:20 INFO  Executed sudo, exit status 0
19:57:23 INFO  Executed sudo&lt;outp_check_0&gt;, exit status 0
19:57:23 INFO  Assert that (value==0) with value=0 ... passed
19:57:23 INFO  Grep on file outp_check_0.out ... passed
19:57:44 INFO  Executed sudo&lt;outp_prepare&gt;, exit status 0, duration 21 secs
19:57:44 INFO  Assert that (value==0) with value=0 ... passed
19:58:36 INFO  Executed sudo&lt;outp_install&gt;, exit status 0, duration 51 secs
19:58:36 INFO  Assert that (value==0) with value=0 ... passed
19:58:44 INFO  Executed sudo&lt;outp_finalize&gt;, exit status 0
19:58:44 INFO  Assert that (value==0) with value=0 ... passed
19:58:47 INFO  Executed sudo&lt;outp_check_1&gt;, exit status 0
19:58:47 INFO  Assert that (value==0) with value=0 ... passed
19:58:47 INFO  Grep on file outp_check_1.out ... passed
19:58:47 WARN  Grep on outp_check_1.out contains 'rolldice\t1.16-1(\\+b|build)(1|3)' ... failed [run.py:61]
19:58:47 INFO  
19:58:47 INFO  cleanup:
19:59:04 INFO  Executed sudo, exit status 0, duration 16 secs
19:59:04 INFO  
19:59:04 INFO  Test duration: 109.69 secs
19:59:04 INFO  Test final outcome:  FAILED
19:59:04 INFO  Test outcome reason: Grep on outp_check_1.out contains 'rolldice\t1.16-1(\\+b|build)(1|3)'
19:59:04 INFO  
</system-out>
	</testcase>
</testsuite>
