<?xml version="1.0" encoding="utf-8"?>
<testsuite name="apt_update_list" tests="1" failures="0" skipped="0" time="177.26" timestamp="2022-05-10T20:06:48">
	<testcase classname="AptPluginUpdateList" name="apt_update_list"/>
</testsuite>
