<?xml version="1.0" encoding="utf-8"?>
<testsuite name="apt_sequence_install_with_version" tests="1" failures="1" skipped="0" time="110.56" timestamp="2022-05-11T12:03:18">
	<testcase classname="AptPluginPrepInstallWithVersionFinalize" name="apt_sequence_install_with_version">
		<failure message="FAILED: Grep on outp_check_1.out contains 'rolldice\t1.16-1(\\+b|build)(1|3)'" type="FAILED"/>
		<system-out>12:01:28 INFO  ==============================================================
12:01:28 INFO  Id:    apt_sequence_install_with_version
12:01:28 INFO  Dir:   plugin_apt/
12:01:28 INFO  Title: Validate apt plugin install with version use case
12:01:28 INFO  ==============================================================
12:01:33 INFO  Executed sudo, exit status 0
12:01:36 INFO  Executed sudo&lt;outp_check_0&gt;, exit status 0
12:01:36 INFO  Assert that (value==0) with value=0 ... passed
12:01:36 INFO  Grep on file outp_check_0.out ... passed
12:01:58 INFO  Executed sudo&lt;outp_prepare&gt;, exit status 0, duration 21 secs
12:01:58 INFO  Assert that (value==0) with value=0 ... passed
12:02:50 INFO  Executed sudo&lt;outp_install&gt;, exit status 0, duration 51 secs
12:02:50 INFO  Assert that (value==0) with value=0 ... passed
12:02:58 INFO  Executed sudo&lt;outp_finalize&gt;, exit status 0
12:02:58 INFO  Assert that (value==0) with value=0 ... passed
12:03:01 INFO  Executed sudo&lt;outp_check_1&gt;, exit status 0
12:03:01 INFO  Assert that (value==0) with value=0 ... passed
12:03:01 INFO  Grep on file outp_check_1.out ... passed
12:03:01 WARN  Grep on outp_check_1.out contains 'rolldice\t1.16-1(\\+b|build)(1|3)' ... failed [run.py:61]
12:03:01 INFO  
12:03:01 INFO  cleanup:
12:03:18 INFO  Executed sudo, exit status 0, duration 16 secs
12:03:18 INFO  
12:03:18 INFO  Test duration: 110.56 secs
12:03:18 INFO  Test final outcome:  FAILED
12:03:18 INFO  Test outcome reason: Grep on outp_check_1.out contains 'rolldice\t1.16-1(\\+b|build)(1|3)'
12:03:18 INFO  
</system-out>
	</testcase>
</testsuite>
