<?xml version="1.0" encoding="utf-8"?>
<testsuite name="apt_sequence_install_with_version" tests="1" failures="1" skipped="0" time="110.01" timestamp="2022-05-16T07:53:22">
	<testcase classname="AptPluginPrepInstallWithVersionFinalize" name="apt_sequence_install_with_version">
		<failure message="FAILED: Grep on outp_check_1.out contains 'rolldice\t1.16-1(\\+b|build)(1|3)'" type="FAILED"/>
		<system-out>07:51:32 INFO  ==============================================================
07:51:32 INFO  Id:    apt_sequence_install_with_version
07:51:32 INFO  Dir:   plugin_apt/
07:51:32 INFO  Title: Validate apt plugin install with version use case
07:51:32 INFO  ==============================================================
07:51:38 INFO  Executed sudo, exit status 0
07:51:41 INFO  Executed sudo&lt;outp_check_0&gt;, exit status 0
07:51:41 INFO  Assert that (value==0) with value=0 ... passed
07:51:41 INFO  Grep on file outp_check_0.out ... passed
07:52:03 INFO  Executed sudo&lt;outp_prepare&gt;, exit status 0, duration 21 secs
07:52:03 INFO  Assert that (value==0) with value=0 ... passed
07:52:54 INFO  Executed sudo&lt;outp_install&gt;, exit status 0, duration 51 secs
07:52:54 INFO  Assert that (value==0) with value=0 ... passed
07:53:02 INFO  Executed sudo&lt;outp_finalize&gt;, exit status 0
07:53:02 INFO  Assert that (value==0) with value=0 ... passed
07:53:05 INFO  Executed sudo&lt;outp_check_1&gt;, exit status 0
07:53:05 INFO  Assert that (value==0) with value=0 ... passed
07:53:05 INFO  Grep on file outp_check_1.out ... passed
07:53:06 WARN  Grep on outp_check_1.out contains 'rolldice\t1.16-1(\\+b|build)(1|3)' ... failed [run.py:61]
07:53:06 INFO  
07:53:06 INFO  cleanup:
07:53:22 INFO  Executed sudo, exit status 0, duration 16 secs
07:53:22 INFO  
07:53:22 INFO  Test duration: 110.01 secs
07:53:22 INFO  Test final outcome:  FAILED
07:53:22 INFO  Test outcome reason: Grep on outp_check_1.out contains 'rolldice\t1.16-1(\\+b|build)(1|3)'
07:53:22 INFO  
</system-out>
	</testcase>
</testsuite>
