<?xml version="1.0" encoding="utf-8"?>
<testsuite name="apt_sequence_install_with_version" tests="1" failures="1" skipped="0" time="110.67" timestamp="2022-05-02T15:38:17">
	<testcase classname="AptPluginPrepInstallWithVersionFinalize" name="apt_sequence_install_with_version">
		<failure message="FAILED: Grep on outp_check_1.out contains 'rolldice\t1.16-1(\\+b|build)(1|3)'" type="FAILED"/>
		<system-out>15:36:26 INFO  ==============================================================
15:36:26 INFO  Id:    apt_sequence_install_with_version
15:36:26 INFO  Dir:   plugin_apt/
15:36:26 INFO  Title: Validate apt plugin install with version use case
15:36:26 INFO  ==============================================================
15:36:32 INFO  Executed sudo, exit status 0
15:36:35 INFO  Executed sudo&lt;outp_check_0&gt;, exit status 0
15:36:35 INFO  Assert that (value==0) with value=0 ... passed
15:36:35 INFO  Grep on file outp_check_0.out ... passed
15:36:57 INFO  Executed sudo&lt;outp_prepare&gt;, exit status 0, duration 21 secs
15:36:57 INFO  Assert that (value==0) with value=0 ... passed
15:37:49 INFO  Executed sudo&lt;outp_install&gt;, exit status 0, duration 52 secs
15:37:49 INFO  Assert that (value==0) with value=0 ... passed
15:37:57 INFO  Executed sudo&lt;outp_finalize&gt;, exit status 0
15:37:57 INFO  Assert that (value==0) with value=0 ... passed
15:38:00 INFO  Executed sudo&lt;outp_check_1&gt;, exit status 0
15:38:00 INFO  Assert that (value==0) with value=0 ... passed
15:38:00 INFO  Grep on file outp_check_1.out ... passed
15:38:01 WARN  Grep on outp_check_1.out contains 'rolldice\t1.16-1(\\+b|build)(1|3)' ... failed [run.py:61]
15:38:01 INFO  
15:38:01 INFO  cleanup:
15:38:17 INFO  Executed sudo, exit status 0, duration 16 secs
15:38:17 INFO  
15:38:17 INFO  Test duration: 110.67 secs
15:38:17 INFO  Test final outcome:  FAILED
15:38:17 INFO  Test outcome reason: Grep on outp_check_1.out contains 'rolldice\t1.16-1(\\+b|build)(1|3)'
15:38:17 INFO  
</system-out>
	</testcase>
</testsuite>
