<?xml version="1.0" encoding="utf-8"?>
<testsuite name="SoftwareManagement.sm_apt_install_remove_multiple" tests="1" failures="1" skipped="0" time="206.64" timestamp="2022-05-03T08:45:12">
	<testcase classname="PySysTest" name="SoftwareManagement.sm_apt_install_remove_multiple">
		<failure message="FAILED: Assert that (False == value) with value=True" type="FAILED"/>
		<system-out>08:41:45 INFO  ==============================================================
08:41:45 INFO  Id:    SoftwareManagement.sm_apt_install_remove_multiple
08:41:45 INFO  Dir:   software_management_end_to_end/
08:41:45 INFO  Title: Validate end to end behaviour for the apt plugin for multiple packages
08:41:45 INFO  ==============================================================
08:41:45 INFO  Using sw id database: {'asciijump': '5475369', 'robotfindskitten': '5474869', 'squirrel3': '5475279', 'rolldice': '5152439', 'moon-buggy': '5439204', 'apple': '5495053', 'banana': '5494888', 'cherry': '5495382', 'watermelon': '5494510', 'registry': '8018911', 'hello-world': '8021526', 'docker/getting-started': '8021973', 'alpine': '7991792'}
08:41:45 INFO  EnvironmentC8y Setup
08:41:46 INFO  Executed systemctl&lt;serv_mapper1&gt;, exit status 3
08:41:46 INFO  Restarting mosquitto too frequently in the last 10 seconds. It was only up for 6 seconds
08:41:46 INFO  Delaying execution by 5 seconds
08:42:08 INFO  Executed sudo&lt;tedge_connect_c8y&gt;, exit status 0, duration 17 secs
08:42:09 INFO  Executed sudo&lt;tedge_connect_c8y_test&gt;, exit status 0
08:42:09 INFO  Executed systemctl&lt;serv_mosq2&gt;, exit status 0
08:42:10 INFO  Executed systemctl&lt;serv_mapper3&gt;, exit status 0
08:42:12 INFO  State of current operation: SUCCESSFUL
08:42:12 INFO  Assert that (False == value) with value=False ... passed
08:42:13 INFO  Assert that (False == value) with value=False ... passed
08:42:13 INFO  Assert that (False == value) with value=False ... passed
08:42:13 INFO  Package robotfindskitten is installed
08:42:13 WARN  Assert that (False == value) with value=True ... failed 
08:42:13 INFO  Response status: 201
08:42:13 INFO  Response to action: {
    &quot;creationTime&quot;: &quot;2022-05-03T08:42:13.933Z&quot;,
    &quot;deviceName&quot;: &quot;m32sd11e&quot;,
    &quot;deviceId&quot;: &quot;18246155&quot;,
    &quot;self&quot;: &quot;https://t493319102.eu-latest.cumulocity.com/devicecontrol/operations/18263636&quot;,
    &quot;id&quot;: &quot;18263636&quot;,
    &quot;status&quot;: &quot;PENDING&quot;,
    &quot;description&quot;: &quot;Apply software changes, triggered from PySys: [{'action': 'install', 'id': '5475369', 'name': 'asciijump', 'url': ' ', 'version': '::apt'}, {'action': 'install', 'id': '5474869', 'name': 'robotfindskitten', 'url': ' ', 'version': '::apt'}, {'action': 'install', 'id': '5475279', 'name': 'squirrel3', 'url': ' ', 'version': '::apt'}]&quot;,
    &quot;c8y_SoftwareUpdate&quot;: [
        {
            &quot;name&quot;: &quot;asciijump&quot;,
            &quot;action&quot;: &quot;install&quot;,
            &quot;id&quot;: &quot;5475369&quot;,
            &quot;version&quot;: &quot;::apt&quot;,
            &quot;url&quot;: &quot; &quot;
        },
        {
            &quot;name&quot;: &quot;robotfindskitten&quot;,
            &quot;action&quot;: &quot;install&quot;,
            &quot;id&quot;: &quot;5474869&quot;,
            &quot;version&quot;: &quot;::apt&quot;,
            &quot;url&quot;: &quot; &quot;
        },
        {
            &quot;name&quot;: &quot;squirrel3&quot;,
            &quot;action&quot;: &quot;install&quot;,
            &quot;id&quot;: &quot;5475279&quot;,
            &quot;version&quot;: &quot;::apt&quot;,
            &quot;url&quot;: &quot; &quot;
        }
    ]
}
08:42:13 INFO  Started operation: {'creationTime': '2022-05-03T08:42:13.933Z', 'deviceName': 'm32sd11e', 'deviceId': '18246155', 'self': 'https://t493319102.eu-latest.cumulocity.com/devicecontrol/operations/18263636', 'id': '18263636', 'status': 'PENDING', 'description': &quot;Apply software changes, triggered from PySys: [{'action': 'install', 'id': '5475369', 'name': 'asciijump', 'url': ' ', 'version': '::apt'}, {'action': 'install', 'id': '5474869', 'name': 'robotfindskitten', 'url': ' ', 'version': '::apt'}, {'action': 'install', 'id': '5475279', 'name': 'squirrel3', 'url': ' ', 'version': '::apt'}]&quot;, 'c8y_SoftwareUpdate': [{'name': 'asciijump', 'action': 'install', 'id': '5475369', 'version': '::apt', 'url': ' '}, {'name': 'robotfindskitten', 'action': 'install', 'id': '5474869', 'version': '::apt', 'url': ' '}, {'name': 'squirrel3', 'action': 'install', 'id': '5475279', 'version': '::apt', 'url': ' '}]}
08:42:16 INFO  State of operation 18263636 : PENDING
08:42:18 INFO  State of operation 18263636 : EXECUTING
08:42:20 INFO  State of operation 18263636 : EXECUTING
08:42:22 INFO  State of operation 18263636 : EXECUTING
08:42:25 INFO  State of operation 18263636 : EXECUTING
08:42:27 INFO  State of operation 18263636 : EXECUTING
08:42:29 INFO  State of operation 18263636 : EXECUTING
08:42:32 INFO  State of operation 18263636 : EXECUTING
08:42:35 INFO  State of operation 18263636 : EXECUTING
08:42:37 INFO  State of operation 18263636 : EXECUTING
08:42:40 INFO  State of operation 18263636 : EXECUTING
08:42:42 INFO  State of operation 18263636 : EXECUTING
08:42:44 INFO  State of operation 18263636 : EXECUTING
08:42:46 INFO  State of operation 18263636 : EXECUTING
08:42:48 INFO  State of operation 18263636 : EXECUTING
08:42:51 INFO  State of operation 18263636 : EXECUTING
08:42:53 INFO  State of operation 18263636 : EXECUTING
08:42:55 INFO  State of operation 18263636 : EXECUTING
08:42:58 INFO  State of operation 18263636 : EXECUTING
08:43:00 INFO  State of operation 18263636 : EXECUTING
08:43:03 INFO  State of operation 18263636 : EXECUTING
08:43:05 INFO  State of operation 18263636 : EXECUTING
08:43:08 INFO  State of operation 18263636 : EXECUTING
08:43:10 INFO  State of operation 18263636 : EXECUTING
08:43:12 INFO  State of operation 18263636 : EXECUTING
08:43:16 INFO  State of operation 18263636 : EXECUTING
08:43:18 INFO  State of operation 18263636 : EXECUTING
08:43:20 INFO  State of operation 18263636 : EXECUTING
08:43:23 INFO  State of operation 18263636 : EXECUTING
08:43:25 INFO  State of operation 18263636 : EXECUTING
08:43:28 INFO  State of operation 18263636 : EXECUTING
08:43:30 INFO  State of operation 18263636 : EXECUTING
08:43:33 INFO  State of operation 18263636 : EXECUTING
08:43:35 INFO  State of operation 18263636 : EXECUTING
08:43:38 INFO  State of operation 18263636 : EXECUTING
08:43:40 INFO  State of operation 18263636 : EXECUTING
08:43:42 INFO  State of operation 18263636 : EXECUTING
08:43:45 INFO  State of operation 18263636 : EXECUTING
08:43:47 INFO  State of operation 18263636 : SUCCESSFUL
08:43:47 INFO  Assert that (False == value) with value=False ... passed
08:43:47 INFO  Package asciijump is installed
08:43:47 INFO  Assert that (True == value) with value=True ... passed
08:43:48 INFO  Package squirrel3 is installed
08:43:48 INFO  Assert that (True == value) with value=True ... passed
08:43:48 INFO  Package robotfindskitten is installed
08:43:48 INFO  Assert that (True == value) with value=True ... passed
08:43:48 INFO  Response status: 201
08:43:48 INFO  Response to action: {
    &quot;creationTime&quot;: &quot;2022-05-03T08:43:48.514Z&quot;,
    &quot;deviceName&quot;: &quot;m32sd11e&quot;,
    &quot;deviceId&quot;: &quot;18246155&quot;,
    &quot;self&quot;: &quot;https://t493319102.eu-latest.cumulocity.com/devicecontrol/operations/18263660&quot;,
    &quot;id&quot;: &quot;18263660&quot;,
    &quot;status&quot;: &quot;PENDING&quot;,
    &quot;description&quot;: &quot;Apply software changes, triggered from PySys: [{'action': 'delete', 'id': '5475369', 'name': 'asciijump', 'url': ' ', 'version': '::apt'}, {'action': 'delete', 'id': '5474869', 'name': 'robotfindskitten', 'url': ' ', 'version': '::apt'}, {'action': 'delete', 'id': '5475279', 'name': 'squirrel3', 'url': ' ', 'version': '::apt'}]&quot;,
    &quot;c8y_SoftwareUpdate&quot;: [
        {
            &quot;name&quot;: &quot;asciijump&quot;,
            &quot;action&quot;: &quot;delete&quot;,
            &quot;id&quot;: &quot;5475369&quot;,
            &quot;version&quot;: &quot;::apt&quot;,
            &quot;url&quot;: &quot; &quot;
        },
        {
            &quot;name&quot;: &quot;robotfindskitten&quot;,
            &quot;action&quot;: &quot;delete&quot;,
            &quot;id&quot;: &quot;5474869&quot;,
            &quot;version&quot;: &quot;::apt&quot;,
            &quot;url&quot;: &quot; &quot;
        },
        {
            &quot;name&quot;: &quot;squirrel3&quot;,
            &quot;action&quot;: &quot;delete&quot;,
            &quot;id&quot;: &quot;5475279&quot;,
            &quot;version&quot;: &quot;::apt&quot;,
            &quot;url&quot;: &quot; &quot;
        }
    ]
}
08:43:48 INFO  Started operation: {'creationTime': '2022-05-03T08:43:48.514Z', 'deviceName': 'm32sd11e', 'deviceId': '18246155', 'self': 'https://t493319102.eu-latest.cumulocity.com/devicecontrol/operations/18263660', 'id': '18263660', 'status': 'PENDING', 'description': &quot;Apply software changes, triggered from PySys: [{'action': 'delete', 'id': '5475369', 'name': 'asciijump', 'url': ' ', 'version': '::apt'}, {'action': 'delete', 'id': '5474869', 'name': 'robotfindskitten', 'url': ' ', 'version': '::apt'}, {'action': 'delete', 'id': '5475279', 'name': 'squirrel3', 'url': ' ', 'version': '::apt'}]&quot;, 'c8y_SoftwareUpdate': [{'name': 'asciijump', 'action': 'delete', 'id': '5475369', 'version': '::apt', 'url': ' '}, {'name': 'robotfindskitten', 'action': 'delete', 'id': '5474869', 'version': '::apt', 'url': ' '}, {'name': 'squirrel3', 'action': 'delete', 'id': '5475279', 'version': '::apt', 'url': ' '}]}
08:43:50 INFO  State of operation 18263660 : PENDING
08:43:53 INFO  State of operation 18263660 : EXECUTING
08:43:55 INFO  State of operation 18263660 : EXECUTING
08:43:57 INFO  State of operation 18263660 : EXECUTING
08:43:59 INFO  State of operation 18263660 : EXECUTING
08:44:01 INFO  State of operation 18263660 : EXECUTING
08:44:04 INFO  State of operation 18263660 : EXECUTING
08:44:06 INFO  State of operation 18263660 : EXECUTING
08:44:09 INFO  State of operation 18263660 : EXECUTING
08:44:11 INFO  State of operation 18263660 : EXECUTING
08:44:14 INFO  State of operation 18263660 : EXECUTING
08:44:16 INFO  State of operation 18263660 : EXECUTING
08:44:18 INFO  State of operation 18263660 : EXECUTING
08:44:20 INFO  State of operation 18263660 : EXECUTING
08:44:23 INFO  State of operation 18263660 : EXECUTING
08:44:25 INFO  State of operation 18263660 : EXECUTING
08:44:27 INFO  State of operation 18263660 : EXECUTING
08:44:29 INFO  State of operation 18263660 : EXECUTING
08:44:32 INFO  State of operation 18263660 : EXECUTING
08:44:34 INFO  State of operation 18263660 : EXECUTING
08:44:37 INFO  State of operation 18263660 : EXECUTING
08:44:39 INFO  State of operation 18263660 : EXECUTING
08:44:41 INFO  State of operation 18263660 : EXECUTING
08:44:44 INFO  State of operation 18263660 : EXECUTING
08:44:46 INFO  State of operation 18263660 : EXECUTING
08:44:48 INFO  State of operation 18263660 : EXECUTING
08:44:50 INFO  State of operation 18263660 : EXECUTING
08:44:52 INFO  State of operation 18263660 : EXECUTING
08:44:55 INFO  State of operation 18263660 : EXECUTING
08:44:57 INFO  State of operation 18263660 : EXECUTING
08:45:00 INFO  State of operation 18263660 : EXECUTING
08:45:02 INFO  State of operation 18263660 : EXECUTING
08:45:04 INFO  State of operation 18263660 : SUCCESSFUL
08:45:05 INFO  Assert that (False == value) with value=False ... passed
08:45:05 INFO  Assert that (False == value) with value=False ... passed
08:45:05 INFO  Assert that (False == value) with value=False ... passed
08:45:05 INFO  Assert that (False == value) with value=False ... passed
08:45:05 INFO  
08:45:05 INFO  cleanup:
08:45:11 INFO  Executed sudo&lt;tedge_disconnect_c8y&gt;, exit status 0
08:45:12 INFO  Executed systemctl&lt;serv_mapper5&gt;, exit status 3
08:45:12 INFO  
08:45:12 INFO  Test duration: 206.64 secs
08:45:12 INFO  Test final outcome:  FAILED
08:45:12 INFO  Test outcome reason: Assert that (False == value) with value=True
08:45:12 INFO  
</system-out>
	</testcase>
</testsuite>
