<?xml version="1.0" encoding="utf-8"?>
<testsuite name="SoftwareManagement.sm_apt_install_remove_multiple" tests="1" failures="1" skipped="0" time="208.56" timestamp="2022-05-04T08:51:25">
	<testcase classname="PySysTest" name="SoftwareManagement.sm_apt_install_remove_multiple">
		<failure message="FAILED: Assert that (False == value) with value=True" type="FAILED"/>
		<system-out>08:47:57 INFO  ==============================================================
08:47:57 INFO  Id:    SoftwareManagement.sm_apt_install_remove_multiple
08:47:57 INFO  Dir:   software_management_end_to_end/
08:47:57 INFO  Title: Validate end to end behaviour for the apt plugin for multiple packages
08:47:57 INFO  ==============================================================
08:47:57 INFO  Using sw id database: {'asciijump': '5475369', 'robotfindskitten': '5474869', 'squirrel3': '5475279', 'rolldice': '5152439', 'moon-buggy': '5439204', 'apple': '5495053', 'banana': '5494888', 'cherry': '5495382', 'watermelon': '5494510', 'registry': '8018911', 'hello-world': '8021526', 'docker/getting-started': '8021973', 'alpine': '7991792'}
08:47:57 INFO  EnvironmentC8y Setup
08:47:57 INFO  Executed systemctl&lt;serv_mapper1&gt;, exit status 3
08:47:57 INFO  Restarting mosquitto too frequently in the last 10 seconds. It was only up for 6 seconds
08:47:57 INFO  Delaying execution by 5 seconds
08:48:20 INFO  Executed sudo&lt;tedge_connect_c8y&gt;, exit status 0, duration 18 secs
08:48:21 INFO  Executed sudo&lt;tedge_connect_c8y_test&gt;, exit status 0
08:48:22 INFO  Executed systemctl&lt;serv_mosq2&gt;, exit status 0
08:48:22 INFO  Executed systemctl&lt;serv_mapper3&gt;, exit status 0
08:48:24 INFO  State of current operation: SUCCESSFUL
08:48:25 INFO  Assert that (False == value) with value=False ... passed
08:48:25 INFO  Assert that (False == value) with value=False ... passed
08:48:25 INFO  Assert that (False == value) with value=False ... passed
08:48:25 INFO  Package robotfindskitten is installed
08:48:25 WARN  Assert that (False == value) with value=True ... failed 
08:48:26 INFO  Response status: 201
08:48:26 INFO  Response to action: {
    &quot;creationTime&quot;: &quot;2022-05-04T08:48:26.026Z&quot;,
    &quot;deviceName&quot;: &quot;m32sd11e&quot;,
    &quot;deviceId&quot;: &quot;18334601&quot;,
    &quot;self&quot;: &quot;https://t493319102.eu-latest.cumulocity.com/devicecontrol/operations/18370029&quot;,
    &quot;id&quot;: &quot;18370029&quot;,
    &quot;status&quot;: &quot;PENDING&quot;,
    &quot;description&quot;: &quot;Apply software changes, triggered from PySys: [{'action': 'install', 'id': '5475369', 'name': 'asciijump', 'url': ' ', 'version': '::apt'}, {'action': 'install', 'id': '5474869', 'name': 'robotfindskitten', 'url': ' ', 'version': '::apt'}, {'action': 'install', 'id': '5475279', 'name': 'squirrel3', 'url': ' ', 'version': '::apt'}]&quot;,
    &quot;c8y_SoftwareUpdate&quot;: [
        {
            &quot;name&quot;: &quot;asciijump&quot;,
            &quot;action&quot;: &quot;install&quot;,
            &quot;id&quot;: &quot;5475369&quot;,
            &quot;version&quot;: &quot;::apt&quot;,
            &quot;url&quot;: &quot; &quot;
        },
        {
            &quot;name&quot;: &quot;robotfindskitten&quot;,
            &quot;action&quot;: &quot;install&quot;,
            &quot;id&quot;: &quot;5474869&quot;,
            &quot;version&quot;: &quot;::apt&quot;,
            &quot;url&quot;: &quot; &quot;
        },
        {
            &quot;name&quot;: &quot;squirrel3&quot;,
            &quot;action&quot;: &quot;install&quot;,
            &quot;id&quot;: &quot;5475279&quot;,
            &quot;version&quot;: &quot;::apt&quot;,
            &quot;url&quot;: &quot; &quot;
        }
    ]
}
08:48:26 INFO  Started operation: {'creationTime': '2022-05-04T08:48:26.026Z', 'deviceName': 'm32sd11e', 'deviceId': '18334601', 'self': 'https://t493319102.eu-latest.cumulocity.com/devicecontrol/operations/18370029', 'id': '18370029', 'status': 'PENDING', 'description': &quot;Apply software changes, triggered from PySys: [{'action': 'install', 'id': '5475369', 'name': 'asciijump', 'url': ' ', 'version': '::apt'}, {'action': 'install', 'id': '5474869', 'name': 'robotfindskitten', 'url': ' ', 'version': '::apt'}, {'action': 'install', 'id': '5475279', 'name': 'squirrel3', 'url': ' ', 'version': '::apt'}]&quot;, 'c8y_SoftwareUpdate': [{'name': 'asciijump', 'action': 'install', 'id': '5475369', 'version': '::apt', 'url': ' '}, {'name': 'robotfindskitten', 'action': 'install', 'id': '5474869', 'version': '::apt', 'url': ' '}, {'name': 'squirrel3', 'action': 'install', 'id': '5475279', 'version': '::apt', 'url': ' '}]}
08:48:28 INFO  State of operation 18370029 : PENDING
08:48:30 INFO  State of operation 18370029 : EXECUTING
08:48:32 INFO  State of operation 18370029 : EXECUTING
08:48:35 INFO  State of operation 18370029 : EXECUTING
08:48:37 INFO  State of operation 18370029 : EXECUTING
08:48:39 INFO  State of operation 18370029 : EXECUTING
08:48:41 INFO  State of operation 18370029 : EXECUTING
08:48:44 INFO  State of operation 18370029 : EXECUTING
08:48:47 INFO  State of operation 18370029 : EXECUTING
08:48:50 INFO  State of operation 18370029 : EXECUTING
08:48:52 INFO  State of operation 18370029 : EXECUTING
08:48:54 INFO  State of operation 18370029 : EXECUTING
08:48:56 INFO  State of operation 18370029 : EXECUTING
08:48:59 INFO  State of operation 18370029 : EXECUTING
08:49:01 INFO  State of operation 18370029 : EXECUTING
08:49:03 INFO  State of operation 18370029 : EXECUTING
08:49:05 INFO  State of operation 18370029 : EXECUTING
08:49:08 INFO  State of operation 18370029 : EXECUTING
08:49:10 INFO  State of operation 18370029 : EXECUTING
08:49:13 INFO  State of operation 18370029 : EXECUTING
08:49:15 INFO  State of operation 18370029 : EXECUTING
08:49:18 INFO  State of operation 18370029 : EXECUTING
08:49:20 INFO  State of operation 18370029 : EXECUTING
08:49:22 INFO  State of operation 18370029 : EXECUTING
08:49:25 INFO  State of operation 18370029 : EXECUTING
08:49:27 INFO  State of operation 18370029 : EXECUTING
08:49:29 INFO  State of operation 18370029 : EXECUTING
08:49:31 INFO  State of operation 18370029 : EXECUTING
08:49:34 INFO  State of operation 18370029 : EXECUTING
08:49:37 INFO  State of operation 18370029 : EXECUTING
08:49:39 INFO  State of operation 18370029 : EXECUTING
08:49:42 INFO  State of operation 18370029 : EXECUTING
08:49:45 INFO  State of operation 18370029 : EXECUTING
08:49:47 INFO  State of operation 18370029 : EXECUTING
08:49:49 INFO  State of operation 18370029 : EXECUTING
08:49:51 INFO  State of operation 18370029 : EXECUTING
08:49:54 INFO  State of operation 18370029 : EXECUTING
08:49:56 INFO  State of operation 18370029 : EXECUTING
08:49:58 INFO  State of operation 18370029 : EXECUTING
08:50:00 INFO  State of operation 18370029 : SUCCESSFUL
08:50:01 INFO  Assert that (False == value) with value=False ... passed
08:50:01 INFO  Package asciijump is installed
08:50:01 INFO  Assert that (True == value) with value=True ... passed
08:50:01 INFO  Package squirrel3 is installed
08:50:01 INFO  Assert that (True == value) with value=True ... passed
08:50:01 INFO  Package robotfindskitten is installed
08:50:01 INFO  Assert that (True == value) with value=True ... passed
08:50:02 INFO  Response status: 201
08:50:02 INFO  Response to action: {
    &quot;creationTime&quot;: &quot;2022-05-04T08:50:02.177Z&quot;,
    &quot;deviceName&quot;: &quot;m32sd11e&quot;,
    &quot;deviceId&quot;: &quot;18334601&quot;,
    &quot;self&quot;: &quot;https://t493319102.eu-latest.cumulocity.com/devicecontrol/operations/18370073&quot;,
    &quot;id&quot;: &quot;18370073&quot;,
    &quot;status&quot;: &quot;PENDING&quot;,
    &quot;description&quot;: &quot;Apply software changes, triggered from PySys: [{'action': 'delete', 'id': '5475369', 'name': 'asciijump', 'url': ' ', 'version': '::apt'}, {'action': 'delete', 'id': '5474869', 'name': 'robotfindskitten', 'url': ' ', 'version': '::apt'}, {'action': 'delete', 'id': '5475279', 'name': 'squirrel3', 'url': ' ', 'version': '::apt'}]&quot;,
    &quot;c8y_SoftwareUpdate&quot;: [
        {
            &quot;name&quot;: &quot;asciijump&quot;,
            &quot;action&quot;: &quot;delete&quot;,
            &quot;id&quot;: &quot;5475369&quot;,
            &quot;version&quot;: &quot;::apt&quot;,
            &quot;url&quot;: &quot; &quot;
        },
        {
            &quot;name&quot;: &quot;robotfindskitten&quot;,
            &quot;action&quot;: &quot;delete&quot;,
            &quot;id&quot;: &quot;5474869&quot;,
            &quot;version&quot;: &quot;::apt&quot;,
            &quot;url&quot;: &quot; &quot;
        },
        {
            &quot;name&quot;: &quot;squirrel3&quot;,
            &quot;action&quot;: &quot;delete&quot;,
            &quot;id&quot;: &quot;5475279&quot;,
            &quot;version&quot;: &quot;::apt&quot;,
            &quot;url&quot;: &quot; &quot;
        }
    ]
}
08:50:02 INFO  Started operation: {'creationTime': '2022-05-04T08:50:02.177Z', 'deviceName': 'm32sd11e', 'deviceId': '18334601', 'self': 'https://t493319102.eu-latest.cumulocity.com/devicecontrol/operations/18370073', 'id': '18370073', 'status': 'PENDING', 'description': &quot;Apply software changes, triggered from PySys: [{'action': 'delete', 'id': '5475369', 'name': 'asciijump', 'url': ' ', 'version': '::apt'}, {'action': 'delete', 'id': '5474869', 'name': 'robotfindskitten', 'url': ' ', 'version': '::apt'}, {'action': 'delete', 'id': '5475279', 'name': 'squirrel3', 'url': ' ', 'version': '::apt'}]&quot;, 'c8y_SoftwareUpdate': [{'name': 'asciijump', 'action': 'delete', 'id': '5475369', 'version': '::apt', 'url': ' '}, {'name': 'robotfindskitten', 'action': 'delete', 'id': '5474869', 'version': '::apt', 'url': ' '}, {'name': 'squirrel3', 'action': 'delete', 'id': '5475279', 'version': '::apt', 'url': ' '}]}
08:50:04 INFO  State of operation 18370073 : PENDING
08:50:06 INFO  State of operation 18370073 : EXECUTING
08:50:08 INFO  State of operation 18370073 : EXECUTING
08:50:11 INFO  State of operation 18370073 : EXECUTING
08:50:13 INFO  State of operation 18370073 : EXECUTING
08:50:15 INFO  State of operation 18370073 : EXECUTING
08:50:17 INFO  State of operation 18370073 : EXECUTING
08:50:20 INFO  State of operation 18370073 : EXECUTING
08:50:23 INFO  State of operation 18370073 : EXECUTING
08:50:25 INFO  State of operation 18370073 : EXECUTING
08:50:27 INFO  State of operation 18370073 : EXECUTING
08:50:29 INFO  State of operation 18370073 : EXECUTING
08:50:32 INFO  State of operation 18370073 : EXECUTING
08:50:34 INFO  State of operation 18370073 : EXECUTING
08:50:36 INFO  State of operation 18370073 : EXECUTING
08:50:38 INFO  State of operation 18370073 : EXECUTING
08:50:41 INFO  State of operation 18370073 : EXECUTING
08:50:43 INFO  State of operation 18370073 : EXECUTING
08:50:45 INFO  State of operation 18370073 : EXECUTING
08:50:48 INFO  State of operation 18370073 : EXECUTING
08:50:50 INFO  State of operation 18370073 : EXECUTING
08:50:53 INFO  State of operation 18370073 : EXECUTING
08:50:55 INFO  State of operation 18370073 : EXECUTING
08:50:57 INFO  State of operation 18370073 : EXECUTING
08:50:59 INFO  State of operation 18370073 : EXECUTING
08:51:01 INFO  State of operation 18370073 : EXECUTING
08:51:04 INFO  State of operation 18370073 : EXECUTING
08:51:06 INFO  State of operation 18370073 : EXECUTING
08:51:09 INFO  State of operation 18370073 : EXECUTING
08:51:11 INFO  State of operation 18370073 : EXECUTING
08:51:13 INFO  State of operation 18370073 : EXECUTING
08:51:16 INFO  State of operation 18370073 : EXECUTING
08:51:18 INFO  State of operation 18370073 : SUCCESSFUL
08:51:18 INFO  Assert that (False == value) with value=False ... passed
08:51:18 INFO  Assert that (False == value) with value=False ... passed
08:51:19 INFO  Assert that (False == value) with value=False ... passed
08:51:19 INFO  Assert that (False == value) with value=False ... passed
08:51:19 INFO  
08:51:19 INFO  cleanup:
08:51:25 INFO  Executed sudo&lt;tedge_disconnect_c8y&gt;, exit status 0
08:51:25 INFO  Executed systemctl&lt;serv_mapper5&gt;, exit status 3
08:51:25 INFO  
08:51:25 INFO  Test duration: 208.56 secs
08:51:25 INFO  Test final outcome:  FAILED
08:51:25 INFO  Test outcome reason: Assert that (False == value) with value=True
08:51:25 INFO  
</system-out>
	</testcase>
</testsuite>
