<?xml version="1.0" encoding="utf-8"?>
<testsuite name="SoftwareManagement.sm_apt_install_download_path" tests="1" failures="1" skipped="0" time="99.01" timestamp="2022-05-02T15:47:20">
	<testcase classname="AptInstallWithDownloadPath" name="SoftwareManagement.sm_apt_install_download_path">
		<failure message="BLOCKED: AssertionError:" type="BLOCKED"/>
		<system-out>15:45:41 INFO  ==============================================================
15:45:41 INFO  Id:    SoftwareManagement.sm_apt_install_download_path
15:45:41 INFO  Dir:   software_management_end_to_end/
15:45:41 INFO  Title: Install package to directory specified in tedge config set tmp.path
15:45:41 INFO  ==============================================================
15:45:41 INFO  Using sw id database: {'asciijump': '5475369', 'robotfindskitten': '5474869', 'squirrel3': '5475279', 'rolldice': '5152439', 'moon-buggy': '5439204', 'apple': '5495053', 'banana': '5494888', 'cherry': '5495382', 'watermelon': '5494510', 'registry': '8018911', 'hello-world': '8021526', 'docker/getting-started': '8021973', 'alpine': '7991792'}
15:45:41 INFO  EnvironmentC8y Setup
15:45:42 INFO  Executed systemctl&lt;serv_mapper1&gt;, exit status 3
15:46:02 INFO  Executed sudo&lt;tedge_connect_c8y&gt;, exit status 0, duration 20 secs
15:46:03 INFO  Executed sudo&lt;tedge_connect_c8y_test&gt;, exit status 0
15:46:03 INFO  Executed systemctl&lt;serv_mosq2&gt;, exit status 0
15:46:04 INFO  Executed systemctl&lt;serv_mapper3&gt;, exit status 0
15:46:06 INFO  State of current operation: SUCCESSFUL
15:46:06 INFO  Assert that (False == value) with value=False ... passed
15:46:07 INFO  Executed sudo, exit status 0
15:46:07 INFO  Executed sudo, exit status 0
15:46:08 INFO  Executed sudo, exit status 0
15:46:14 INFO  Executed sudo&lt;tedge_disconnect_c8y&gt;, exit status 0
15:46:14 INFO  Restarting mosquitto too frequently in the last 10 seconds. It was only up for 5 seconds
15:46:14 INFO  Delaying execution by 6 seconds
15:46:37 INFO  Executed sudo&lt;tedge_connect_c8y&gt;, exit status 0, duration 17 secs
15:46:37 INFO  Response status: 201
15:46:37 INFO  Response to action: {
    &quot;delivery&quot;: {
        &quot;time&quot;: &quot;2022-05-02T15:46:37.816Z&quot;,
        &quot;log&quot;: [],
        &quot;status&quot;: &quot;PENDING&quot;
    },
    &quot;creationTime&quot;: &quot;2022-05-02T15:46:37.804Z&quot;,
    &quot;deviceName&quot;: &quot;m32sd11e&quot;,
    &quot;deviceId&quot;: &quot;18180747&quot;,
    &quot;self&quot;: &quot;https://t493319102.eu-latest.cumulocity.com/devicecontrol/operations/18197831&quot;,
    &quot;id&quot;: &quot;18197831&quot;,
    &quot;status&quot;: &quot;PENDING&quot;,
    &quot;description&quot;: &quot;Apply software changes, triggered from PySys: [{'name': 'rolldice', 'id': '5152439', 'version': '::apt', 'url': 'https://thin-edge-io.eu-latest.cumulocity.com/inventory/binaries/12435463', 'action': 'install'}]&quot;,
    &quot;c8y_SoftwareUpdate&quot;: [
        {
            &quot;name&quot;: &quot;rolldice&quot;,
            &quot;action&quot;: &quot;install&quot;,
            &quot;id&quot;: &quot;5152439&quot;,
            &quot;version&quot;: &quot;::apt&quot;,
            &quot;url&quot;: &quot;https://thin-edge-io.eu-latest.cumulocity.com/inventory/binaries/12435463&quot;
        }
    ]
}
15:46:37 INFO  Started operation: {'delivery': {'time': '2022-05-02T15:46:37.816Z', 'log': [], 'status': 'PENDING'}, 'creationTime': '2022-05-02T15:46:37.804Z', 'deviceName': 'm32sd11e', 'deviceId': '18180747', 'self': 'https://t493319102.eu-latest.cumulocity.com/devicecontrol/operations/18197831', 'id': '18197831', 'status': 'PENDING', 'description': &quot;Apply software changes, triggered from PySys: [{'name': 'rolldice', 'id': '5152439', 'version': '::apt', 'url': 'https://thin-edge-io.eu-latest.cumulocity.com/inventory/binaries/12435463', 'action': 'install'}]&quot;, 'c8y_SoftwareUpdate': [{'name': 'rolldice', 'action': 'install', 'id': '5152439', 'version': '::apt', 'url': 'https://thin-edge-io.eu-latest.cumulocity.com/inventory/binaries/12435463'}]}
15:46:37 WARN  , retrying in 0.5 seconds...
15:46:38 WARN  , retrying in 0.5 seconds...
15:46:38 WARN  , retrying in 0.5 seconds...
15:46:39 WARN  , retrying in 0.5 seconds...
15:46:39 WARN  , retrying in 0.5 seconds...
15:46:40 WARN  , retrying in 0.5 seconds...
15:46:40 WARN  , retrying in 0.5 seconds...
15:46:41 WARN  , retrying in 0.5 seconds...
15:46:41 WARN  , retrying in 0.5 seconds...
15:46:42 WARN  AssertionError occurred while running test - 
Traceback (most recent call last):
  File &quot;/home/pi/env-pysys/lib/python3.9/site-packages/pysys/baserunner.py&quot;, line 1294, in __call__
    self.testObj.execute()
  File &quot;/home/pi/actions-runner/_work/thin-edge.io/thin-edge.io/tests/PySys/software_management_end_to_end/sm_apt_install_download_path/run.py&quot;, line 83, in execute
    assert_install_in_download_path(install_directory=self.DOWNLOAD_DIR)
  File &quot;/home/pi/env-pysys/lib/python3.9/site-packages/decorator.py&quot;, line 232, in fun
    return caller(func, *(extras + args), **kw)
  File &quot;/home/pi/env-pysys/lib/python3.9/site-packages/retry/api.py&quot;, line 73, in retry_decorator
    return __retry_internal(partial(f, *args, **kwargs), exceptions, tries, delay, max_delay, backoff, jitter,
  File &quot;/home/pi/env-pysys/lib/python3.9/site-packages/retry/api.py&quot;, line 33, in __retry_internal
    return f()
  File &quot;/home/pi/actions-runner/_work/thin-edge.io/thin-edge.io/tests/PySys/software_management_end_to_end/sm_apt_install_download_path/run.py&quot;, line 28, in assert_install_in_download_path
    assert &quot;rolldice&quot; in os.listdir(f&quot;{install_directory}&quot;)
AssertionError
15:46:42 WARN  AssertionError: ... blocked 
15:46:42 INFO  
15:46:42 INFO  cleanup:
15:46:43 INFO  Executed sudo, exit status 0
15:46:43 INFO  Executed sudo, exit status 0
15:46:49 INFO  Executed sudo&lt;tedge_disconnect_c8y&gt;, exit status 0
15:46:49 INFO  Restarting mosquitto too frequently in the last 10 seconds. It was only up for 5 seconds
15:46:49 INFO  Delaying execution by 6 seconds
15:47:13 INFO  Executed sudo&lt;tedge_connect_c8y&gt;, exit status 0, duration 18 secs
15:47:19 INFO  Executed sudo&lt;tedge_disconnect_c8y&gt;, exit status 0
15:47:20 INFO  Executed systemctl&lt;serv_mapper5&gt;, exit status 3
15:47:20 INFO  
15:47:20 INFO  Test duration: 99.01 secs
15:47:20 INFO  Test final outcome:  BLOCKED
15:47:20 INFO  Test outcome reason: AssertionError:
15:47:20 INFO  
</system-out>
	</testcase>
</testsuite>
