<?xml version="1.0" encoding="utf-8"?>
<testsuite name="apt_sequence_install_with_version" tests="1" failures="1" skipped="0" time="109.24" timestamp="2022-05-23T09:45:44">
	<testcase classname="AptPluginPrepInstallWithVersionFinalize" name="apt_sequence_install_with_version">
		<failure message="FAILED: Grep on outp_check_1.out contains 'rolldice\t1.16-1(\\+b|build)(1|3)'" type="FAILED"/>
		<system-out>09:43:55 INFO  ==============================================================
09:43:55 INFO  Id:    apt_sequence_install_with_version
09:43:55 INFO  Dir:   plugin_apt/
09:43:55 INFO  Title: Validate apt plugin install with version use case
09:43:55 INFO  ==============================================================
09:44:01 INFO  Executed sudo, exit status 0
09:44:03 INFO  Executed sudo&lt;outp_check_0&gt;, exit status 0
09:44:03 INFO  Assert that (value==0) with value=0 ... passed
09:44:03 INFO  Grep on file outp_check_0.out ... passed
09:44:25 INFO  Executed sudo&lt;outp_prepare&gt;, exit status 0, duration 21 secs
09:44:25 INFO  Assert that (value==0) with value=0 ... passed
09:45:16 INFO  Executed sudo&lt;outp_install&gt;, exit status 0, duration 51 secs
09:45:16 INFO  Assert that (value==0) with value=0 ... passed
09:45:24 INFO  Executed sudo&lt;outp_finalize&gt;, exit status 0
09:45:24 INFO  Assert that (value==0) with value=0 ... passed
09:45:27 INFO  Executed sudo&lt;outp_check_1&gt;, exit status 0
09:45:27 INFO  Assert that (value==0) with value=0 ... passed
09:45:27 INFO  Grep on file outp_check_1.out ... passed
09:45:27 WARN  Grep on outp_check_1.out contains 'rolldice\t1.16-1(\\+b|build)(1|3)' ... failed [run.py:61]
09:45:27 INFO  
09:45:27 INFO  cleanup:
09:45:44 INFO  Executed sudo, exit status 0, duration 16 secs
09:45:44 INFO  
09:45:44 INFO  Test duration: 109.24 secs
09:45:44 INFO  Test final outcome:  FAILED
09:45:44 INFO  Test outcome reason: Grep on outp_check_1.out contains 'rolldice\t1.16-1(\\+b|build)(1|3)'
09:45:44 INFO  
</system-out>
	</testcase>
</testsuite>
