<?xml version="1.0" encoding="utf-8"?>
<testsuite name="SoftwareManagement.sm_apt_install_remove_multiple_mixed" tests="1" failures="1" skipped="0" time="185.9" timestamp="2022-05-30T10:02:43">
	<testcase classname="PySysTest" name="SoftwareManagement.sm_apt_install_remove_multiple_mixed">
		<failure message="BLOCKED: SystemError: Timeout while waiting for status SUCCESSFUL or False" type="BLOCKED"/>
		<system-out>09:59:37 INFO  ==============================================================
09:59:37 INFO  Id:    SoftwareManagement.sm_apt_install_remove_multiple_mixed
09:59:37 INFO  Dir:   software_management_end_to_end/
09:59:37 INFO  Title: Validate end to end behaviour for the apt plugin for multiple packages with mixed versions
09:59:37 INFO  ==============================================================
09:59:37 INFO  Using sw id database: {'asciijump': '5475369', 'robotfindskitten': '5474869', 'squirrel3': '5475279', 'rolldice': '5152439', 'moon-buggy': '5439204', 'apple': '5495053', 'banana': '5494888', 'cherry': '5495382', 'watermelon': '5494510', 'registry': '8018911', 'hello-world': '8021526', 'docker/getting-started': '8021973', 'alpine': '7991792'}
09:59:37 INFO  EnvironmentC8y Setup
09:59:38 INFO  Executed systemctl&lt;serv_mapper1&gt;, exit status 3
09:59:38 INFO  Restarting mosquitto too frequently in the last 10 seconds. It was only up for 6 seconds
09:59:38 INFO  Delaying execution by 5 seconds
10:00:01 INFO  Executed sudo&lt;tedge_connect_c8y&gt;, exit status 0, duration 18 secs
10:00:02 INFO  Executed sudo&lt;tedge_connect_c8y_test&gt;, exit status 0
10:00:02 INFO  Executed systemctl&lt;serv_mosq2&gt;, exit status 0
10:00:03 INFO  Executed systemctl&lt;serv_mapper3&gt;, exit status 0
10:00:05 INFO  State of current operation: SUCCESSFUL
10:00:05 INFO  Assert that (False == value) with value=False ... passed
10:00:06 INFO  Assert that (False == value) with value=False ... passed
10:00:06 INFO  Assert that (False == value) with value=False ... passed
10:00:06 INFO  Assert that (False == value) with value=False ... passed
10:00:07 INFO  Assert that (False == value) with value=False ... passed
10:00:09 INFO  Response status: 201
10:00:09 INFO  Response to action: {
    &quot;creationTime&quot;: &quot;2022-05-30T10:00:09.364Z&quot;,
    &quot;deviceId&quot;: &quot;19784168&quot;,
    &quot;deviceName&quot;: &quot;m32sd11e&quot;,
    &quot;self&quot;: &quot;https://t493319102.eu-latest.cumulocity.com/devicecontrol/operations/19797898&quot;,
    &quot;id&quot;: &quot;19797898&quot;,
    &quot;status&quot;: &quot;PENDING&quot;,
    &quot;description&quot;: &quot;Apply software changes, triggered from PySys: [{'action': 'install', 'id': '5475369', 'name': 'asciijump', 'url': ' ', 'version': '::apt'}, {'action': 'install', 'id': '5474869', 'name': 'robotfindskitten', 'url': ' ', 'version': ' '}, {'action': 'install', 'id': '5475279', 'name': 'squirrel3', 'url': ' ', 'version': '3.1-8::apt'}, {'action': 'install', 'id': '5152439', 'name': 'rolldice', 'url': ' ', 'version': '1.16-1+b2'}, {'action': 'install', 'id': '5439204', 'name': 'moon-buggy', 'url': ' ', 'version': '1:1.0.51-13'}, {'action': 'install', 'id': '5475369', 'name': 'asciijump', 'url': ' ', 'version': '::apt'}]&quot;,
    &quot;c8y_SoftwareUpdate&quot;: [
        {
            &quot;name&quot;: &quot;asciijump&quot;,
            &quot;action&quot;: &quot;install&quot;,
            &quot;id&quot;: &quot;5475369&quot;,
            &quot;version&quot;: &quot;::apt&quot;,
            &quot;url&quot;: &quot; &quot;
        },
        {
            &quot;name&quot;: &quot;robotfindskitten&quot;,
            &quot;action&quot;: &quot;install&quot;,
            &quot;id&quot;: &quot;5474869&quot;,
            &quot;version&quot;: &quot; &quot;,
            &quot;url&quot;: &quot; &quot;
        },
        {
            &quot;name&quot;: &quot;squirrel3&quot;,
            &quot;action&quot;: &quot;install&quot;,
            &quot;id&quot;: &quot;5475279&quot;,
            &quot;version&quot;: &quot;3.1-8::apt&quot;,
            &quot;url&quot;: &quot; &quot;
        },
        {
            &quot;name&quot;: &quot;rolldice&quot;,
            &quot;action&quot;: &quot;install&quot;,
            &quot;id&quot;: &quot;5152439&quot;,
            &quot;version&quot;: &quot;1.16-1+b2&quot;,
            &quot;url&quot;: &quot; &quot;
        },
        {
            &quot;name&quot;: &quot;moon-buggy&quot;,
            &quot;action&quot;: &quot;install&quot;,
            &quot;id&quot;: &quot;5439204&quot;,
            &quot;version&quot;: &quot;1:1.0.51-13&quot;,
            &quot;url&quot;: &quot; &quot;
        },
        {
            &quot;name&quot;: &quot;asciijump&quot;,
            &quot;action&quot;: &quot;install&quot;,
            &quot;id&quot;: &quot;5475369&quot;,
            &quot;version&quot;: &quot;::apt&quot;,
            &quot;url&quot;: &quot; &quot;
        }
    ]
}
10:00:09 INFO  Started operation: {'creationTime': '2022-05-30T10:00:09.364Z', 'deviceId': '19784168', 'deviceName': 'm32sd11e', 'self': 'https://t493319102.eu-latest.cumulocity.com/devicecontrol/operations/19797898', 'id': '19797898', 'status': 'PENDING', 'description': &quot;Apply software changes, triggered from PySys: [{'action': 'install', 'id': '5475369', 'name': 'asciijump', 'url': ' ', 'version': '::apt'}, {'action': 'install', 'id': '5474869', 'name': 'robotfindskitten', 'url': ' ', 'version': ' '}, {'action': 'install', 'id': '5475279', 'name': 'squirrel3', 'url': ' ', 'version': '3.1-8::apt'}, {'action': 'install', 'id': '5152439', 'name': 'rolldice', 'url': ' ', 'version': '1.16-1+b2'}, {'action': 'install', 'id': '5439204', 'name': 'moon-buggy', 'url': ' ', 'version': '1:1.0.51-13'}, {'action': 'install', 'id': '5475369', 'name': 'asciijump', 'url': ' ', 'version': '::apt'}]&quot;, 'c8y_SoftwareUpdate': [{'name': 'asciijump', 'action': 'install', 'id': '5475369', 'version': '::apt', 'url': ' '}, {'name': 'robotfindskitten', 'action': 'install', 'id': '5474869', 'version': ' ', 'url': ' '}, {'name': 'squirrel3', 'action': 'install', 'id': '5475279', 'version': '3.1-8::apt', 'url': ' '}, {'name': 'rolldice', 'action': 'install', 'id': '5152439', 'version': '1.16-1+b2', 'url': ' '}, {'name': 'moon-buggy', 'action': 'install', 'id': '5439204', 'version': '1:1.0.51-13', 'url': ' '}, {'name': 'asciijump', 'action': 'install', 'id': '5475369', 'version': '::apt', 'url': ' '}]}
10:00:11 INFO  State of operation 19797898 : PENDING
10:00:13 INFO  State of operation 19797898 : EXECUTING
10:00:16 INFO  State of operation 19797898 : EXECUTING
10:00:18 INFO  State of operation 19797898 : EXECUTING
10:00:20 INFO  State of operation 19797898 : EXECUTING
10:00:22 INFO  State of operation 19797898 : EXECUTING
10:00:25 INFO  State of operation 19797898 : EXECUTING
10:00:27 INFO  State of operation 19797898 : EXECUTING
10:00:30 INFO  State of operation 19797898 : EXECUTING
10:00:32 INFO  State of operation 19797898 : EXECUTING
10:00:35 INFO  State of operation 19797898 : EXECUTING
10:00:37 INFO  State of operation 19797898 : EXECUTING
10:00:39 INFO  State of operation 19797898 : EXECUTING
10:00:42 INFO  State of operation 19797898 : EXECUTING
10:00:44 INFO  State of operation 19797898 : EXECUTING
10:00:46 INFO  State of operation 19797898 : EXECUTING
10:00:48 INFO  State of operation 19797898 : EXECUTING
10:00:51 INFO  State of operation 19797898 : EXECUTING
10:00:53 INFO  State of operation 19797898 : EXECUTING
10:00:56 INFO  State of operation 19797898 : EXECUTING
10:00:58 INFO  State of operation 19797898 : EXECUTING
10:01:01 INFO  State of operation 19797898 : EXECUTING
10:01:03 INFO  State of operation 19797898 : EXECUTING
10:01:05 INFO  State of operation 19797898 : EXECUTING
10:01:07 INFO  State of operation 19797898 : EXECUTING
10:01:10 INFO  State of operation 19797898 : EXECUTING
10:01:12 INFO  State of operation 19797898 : EXECUTING
10:01:15 INFO  State of operation 19797898 : EXECUTING
10:01:17 INFO  State of operation 19797898 : EXECUTING
10:01:20 INFO  State of operation 19797898 : EXECUTING
10:01:22 INFO  State of operation 19797898 : EXECUTING
10:01:24 INFO  State of operation 19797898 : EXECUTING
10:01:26 INFO  State of operation 19797898 : EXECUTING
10:01:29 INFO  State of operation 19797898 : EXECUTING
10:01:31 INFO  State of operation 19797898 : EXECUTING
10:01:34 INFO  State of operation 19797898 : EXECUTING
10:01:36 INFO  State of operation 19797898 : EXECUTING
10:01:38 INFO  State of operation 19797898 : EXECUTING
10:01:40 INFO  State of operation 19797898 : EXECUTING
10:01:42 INFO  State of operation 19797898 : EXECUTING
10:01:45 INFO  State of operation 19797898 : EXECUTING
10:01:47 INFO  State of operation 19797898 : EXECUTING
10:01:49 INFO  State of operation 19797898 : EXECUTING
10:01:51 INFO  State of operation 19797898 : EXECUTING
10:01:54 INFO  State of operation 19797898 : EXECUTING
10:01:57 INFO  State of operation 19797898 : EXECUTING
10:01:59 INFO  State of operation 19797898 : EXECUTING
10:02:02 INFO  State of operation 19797898 : EXECUTING
10:02:04 INFO  State of operation 19797898 : EXECUTING
10:02:06 INFO  State of operation 19797898 : EXECUTING
10:02:08 INFO  State of operation 19797898 : EXECUTING
10:02:11 INFO  State of operation 19797898 : EXECUTING
10:02:13 INFO  State of operation 19797898 : EXECUTING
10:02:15 INFO  State of operation 19797898 : EXECUTING
10:02:17 INFO  State of operation 19797898 : EXECUTING
10:02:20 INFO  State of operation 19797898 : EXECUTING
10:02:22 INFO  State of operation 19797898 : EXECUTING
10:02:25 INFO  State of operation 19797898 : EXECUTING
10:02:27 INFO  State of operation 19797898 : EXECUTING
10:02:29 INFO  State of operation 19797898 : EXECUTING
10:02:32 INFO  State of operation 19797898 : EXECUTING
10:02:34 WARN  SystemError occurred while running test - Timeout while waiting for status SUCCESSFUL or False
Traceback (most recent call last):
  File &quot;/home/pi/env-pysys/lib/python3.9/site-packages/pysys/baserunner.py&quot;, line 1294, in __call__
    self.testObj.execute()
  File &quot;/home/pi/actions-runner/_work/thin-edge.io/thin-edge.io/tests/PySys/software_management_end_to_end/sm_apt_install_remove_multiple_mixed/run.py&quot;, line 89, in execute
    self.wait_until_succcess()
  File &quot;/home/pi/actions-runner/_work/thin-edge.io/thin-edge.io/tests/PySys/software_management_end_to_end/environment_sm_management.py&quot;, line 324, in wait_until_succcess
    self.wait_until_status(&quot;SUCCESSFUL&quot;)
  File &quot;/home/pi/actions-runner/_work/thin-edge.io/thin-edge.io/tests/PySys/software_management_end_to_end/environment_sm_management.py&quot;, line 380, in wait_until_status
    raise SystemError(
SystemError: Timeout while waiting for status SUCCESSFUL or False
10:02:34 WARN  SystemError: Timeout while waiting for status SUCCESSFUL or False ... blocked 
10:02:34 INFO  
10:02:34 INFO  cleanup:
10:02:42 INFO  Executed sudo&lt;tedge_disconnect_c8y&gt;, exit status 0
10:02:43 INFO  Executed systemctl&lt;serv_mapper5&gt;, exit status 3
10:02:43 INFO  
10:02:43 INFO  Test duration: 185.90 secs
10:02:43 INFO  Test final outcome:  BLOCKED
10:02:43 INFO  Test outcome reason: SystemError: Timeout while waiting for status SUCCESSFUL or False
10:02:43 INFO  
</system-out>
	</testcase>
</testsuite>
