<?xml version="1.0" encoding="utf-8"?>
<testsuite name="apt_install_local_file" tests="1" failures="0" skipped="0" time="65.37" timestamp="2022-05-03T08:17:47">
	<testcase classname="AptPluginInstallFromLocalFile" name="apt_install_local_file"/>
</testsuite>
