<?xml version="1.0" encoding="utf-8"?>
<testsuite name="SoftwareManagement.sm_apt_install_download_path" tests="1" failures="1" skipped="0" time="98.9" timestamp="2022-05-10T20:08:28">
	<testcase classname="AptInstallWithDownloadPath" name="SoftwareManagement.sm_apt_install_download_path">
		<failure message="BLOCKED: AssertionError:" type="BLOCKED"/>
		<system-out>20:06:49 INFO  ==============================================================
20:06:49 INFO  Id:    SoftwareManagement.sm_apt_install_download_path
20:06:49 INFO  Dir:   software_management_end_to_end/
20:06:49 INFO  Title: Install package to directory specified in tedge config set tmp.path
20:06:49 INFO  ==============================================================
20:06:49 INFO  Using sw id database: {'asciijump': '5475369', 'robotfindskitten': '5474869', 'squirrel3': '5475279', 'rolldice': '5152439', 'moon-buggy': '5439204', 'apple': '5495053', 'banana': '5494888', 'cherry': '5495382', 'watermelon': '5494510', 'registry': '8018911', 'hello-world': '8021526', 'docker/getting-started': '8021973', 'alpine': '7991792'}
20:06:49 INFO  EnvironmentC8y Setup
20:06:50 INFO  Executed systemctl&lt;serv_mapper1&gt;, exit status 3
20:07:10 INFO  Executed sudo&lt;tedge_connect_c8y&gt;, exit status 0, duration 20 secs
20:07:11 INFO  Executed sudo&lt;tedge_connect_c8y_test&gt;, exit status 0
20:07:11 INFO  Executed systemctl&lt;serv_mosq2&gt;, exit status 0
20:07:12 INFO  Executed systemctl&lt;serv_mapper3&gt;, exit status 0
20:07:14 ERROR No operations found, assuming it passed
20:07:14 INFO  Assert that (False == value) with value=False ... passed
20:07:15 INFO  Executed sudo, exit status 0
20:07:15 INFO  Executed sudo, exit status 0
20:07:16 INFO  Executed sudo, exit status 0
20:07:21 INFO  Executed sudo&lt;tedge_disconnect_c8y&gt;, exit status 0
20:07:21 INFO  Restarting mosquitto too frequently in the last 10 seconds. It was only up for 4 seconds
20:07:21 INFO  Delaying execution by 7 seconds
20:07:46 INFO  Executed sudo&lt;tedge_connect_c8y&gt;, exit status 0, duration 17 secs
20:07:46 INFO  Response status: 201
20:07:46 INFO  Response to action: {
    &quot;creationTime&quot;: &quot;2022-05-10T20:07:46.527Z&quot;,
    &quot;deviceName&quot;: &quot;m32sd11e&quot;,
    &quot;deviceId&quot;: &quot;18731567&quot;,
    &quot;self&quot;: &quot;https://t493319102.eu-latest.cumulocity.com/devicecontrol/operations/18751577&quot;,
    &quot;id&quot;: &quot;18751577&quot;,
    &quot;status&quot;: &quot;PENDING&quot;,
    &quot;description&quot;: &quot;Apply software changes, triggered from PySys: [{'name': 'rolldice', 'id': '5152439', 'version': '::apt', 'url': 'https://thin-edge-io.eu-latest.cumulocity.com/inventory/binaries/12435463', 'action': 'install'}]&quot;,
    &quot;c8y_SoftwareUpdate&quot;: [
        {
            &quot;name&quot;: &quot;rolldice&quot;,
            &quot;action&quot;: &quot;install&quot;,
            &quot;id&quot;: &quot;5152439&quot;,
            &quot;version&quot;: &quot;::apt&quot;,
            &quot;url&quot;: &quot;https://thin-edge-io.eu-latest.cumulocity.com/inventory/binaries/12435463&quot;
        }
    ]
}
20:07:46 INFO  Started operation: {'creationTime': '2022-05-10T20:07:46.527Z', 'deviceName': 'm32sd11e', 'deviceId': '18731567', 'self': 'https://t493319102.eu-latest.cumulocity.com/devicecontrol/operations/18751577', 'id': '18751577', 'status': 'PENDING', 'description': &quot;Apply software changes, triggered from PySys: [{'name': 'rolldice', 'id': '5152439', 'version': '::apt', 'url': 'https://thin-edge-io.eu-latest.cumulocity.com/inventory/binaries/12435463', 'action': 'install'}]&quot;, 'c8y_SoftwareUpdate': [{'name': 'rolldice', 'action': 'install', 'id': '5152439', 'version': '::apt', 'url': 'https://thin-edge-io.eu-latest.cumulocity.com/inventory/binaries/12435463'}]}
20:07:46 WARN  , retrying in 0.5 seconds...
20:07:47 WARN  , retrying in 0.5 seconds...
20:07:47 WARN  , retrying in 0.5 seconds...
20:07:48 WARN  , retrying in 0.5 seconds...
20:07:48 WARN  , retrying in 0.5 seconds...
20:07:49 WARN  , retrying in 0.5 seconds...
20:07:49 WARN  , retrying in 0.5 seconds...
20:07:50 WARN  , retrying in 0.5 seconds...
20:07:50 WARN  , retrying in 0.5 seconds...
20:07:51 WARN  AssertionError occurred while running test - 
Traceback (most recent call last):
  File &quot;/home/pi/env-pysys/lib/python3.9/site-packages/pysys/baserunner.py&quot;, line 1294, in __call__
    self.testObj.execute()
  File &quot;/home/pi/actions-runner/_work/thin-edge.io/thin-edge.io/tests/PySys/software_management_end_to_end/sm_apt_install_download_path/run.py&quot;, line 83, in execute
    assert_install_in_download_path(install_directory=self.DOWNLOAD_DIR)
  File &quot;/home/pi/env-pysys/lib/python3.9/site-packages/decorator.py&quot;, line 232, in fun
    return caller(func, *(extras + args), **kw)
  File &quot;/home/pi/env-pysys/lib/python3.9/site-packages/retry/api.py&quot;, line 73, in retry_decorator
    return __retry_internal(partial(f, *args, **kwargs), exceptions, tries, delay, max_delay, backoff, jitter,
  File &quot;/home/pi/env-pysys/lib/python3.9/site-packages/retry/api.py&quot;, line 33, in __retry_internal
    return f()
  File &quot;/home/pi/actions-runner/_work/thin-edge.io/thin-edge.io/tests/PySys/software_management_end_to_end/sm_apt_install_download_path/run.py&quot;, line 28, in assert_install_in_download_path
    assert &quot;rolldice&quot; in os.listdir(f&quot;{install_directory}&quot;)
AssertionError
20:07:51 WARN  AssertionError: ... blocked 
20:07:51 INFO  
20:07:51 INFO  cleanup:
20:07:51 INFO  Executed sudo, exit status 0
20:07:52 INFO  Executed sudo, exit status 0
20:07:58 INFO  Executed sudo&lt;tedge_disconnect_c8y&gt;, exit status 0
20:07:58 INFO  Restarting mosquitto too frequently in the last 10 seconds. It was only up for 5 seconds
20:07:58 INFO  Delaying execution by 6 seconds
20:08:21 INFO  Executed sudo&lt;tedge_connect_c8y&gt;, exit status 0, duration 17 secs
20:08:27 INFO  Executed sudo&lt;tedge_disconnect_c8y&gt;, exit status 0
20:08:28 INFO  Executed systemctl&lt;serv_mapper5&gt;, exit status 3
20:08:28 INFO  
20:08:28 INFO  Test duration: 98.90 secs
20:08:28 INFO  Test final outcome:  BLOCKED
20:08:28 INFO  Test outcome reason: AssertionError:
20:08:28 INFO  
</system-out>
	</testcase>
</testsuite>
