<?xml version="1.0" encoding="utf-8"?>
<testsuite name="apt_sequence_install_with_version" tests="1" failures="1" skipped="0" time="109.47" timestamp="2022-05-30T09:39:17">
	<testcase classname="AptPluginPrepInstallWithVersionFinalize" name="apt_sequence_install_with_version">
		<failure message="FAILED: Grep on outp_check_1.out contains 'rolldice\t1.16-1(\\+b|build)(1|3)'" type="FAILED"/>
		<system-out>09:37:27 INFO  ==============================================================
09:37:27 INFO  Id:    apt_sequence_install_with_version
09:37:27 INFO  Dir:   plugin_apt/
09:37:27 INFO  Title: Validate apt plugin install with version use case
09:37:27 INFO  ==============================================================
09:37:33 INFO  Executed sudo, exit status 0
09:37:36 INFO  Executed sudo&lt;outp_check_0&gt;, exit status 0
09:37:36 INFO  Assert that (value==0) with value=0 ... passed
09:37:36 INFO  Grep on file outp_check_0.out ... passed
09:37:57 INFO  Executed sudo&lt;outp_prepare&gt;, exit status 0, duration 21 secs
09:37:57 INFO  Assert that (value==0) with value=0 ... passed
09:38:49 INFO  Executed sudo&lt;outp_install&gt;, exit status 0, duration 51 secs
09:38:49 INFO  Assert that (value==0) with value=0 ... passed
09:38:57 INFO  Executed sudo&lt;outp_finalize&gt;, exit status 0
09:38:57 INFO  Assert that (value==0) with value=0 ... passed
09:39:00 INFO  Executed sudo&lt;outp_check_1&gt;, exit status 0
09:39:00 INFO  Assert that (value==0) with value=0 ... passed
09:39:00 INFO  Grep on file outp_check_1.out ... passed
09:39:00 WARN  Grep on outp_check_1.out contains 'rolldice\t1.16-1(\\+b|build)(1|3)' ... failed [run.py:61]
09:39:00 INFO  
09:39:00 INFO  cleanup:
09:39:17 INFO  Executed sudo, exit status 0, duration 16 secs
09:39:17 INFO  
09:39:17 INFO  Test duration: 109.47 secs
09:39:17 INFO  Test final outcome:  FAILED
09:39:17 INFO  Test outcome reason: Grep on outp_check_1.out contains 'rolldice\t1.16-1(\\+b|build)(1|3)'
09:39:17 INFO  
</system-out>
	</testcase>
</testsuite>
