<?xml version="1.0" encoding="utf-8"?>
<testsuite name="apt_finalize" tests="1" failures="0" skipped="0" time="159.88" timestamp="2022-05-10T19:48:56">
	<testcase classname="AptPluginFinalize" name="apt_finalize"/>
</testsuite>
