<?xml version="1.0" encoding="utf-8"?>
<testsuite name="apt_sequence_install_with_version" tests="1" failures="1" skipped="0" time="109.86" timestamp="2022-05-09T07:31:23">
	<testcase classname="AptPluginPrepInstallWithVersionFinalize" name="apt_sequence_install_with_version">
		<failure message="FAILED: Grep on outp_check_1.out contains 'rolldice\t1.16-1(\\+b|build)(1|3)'" type="FAILED"/>
		<system-out>07:29:33 INFO  ==============================================================
07:29:33 INFO  Id:    apt_sequence_install_with_version
07:29:33 INFO  Dir:   plugin_apt/
07:29:33 INFO  Title: Validate apt plugin install with version use case
07:29:33 INFO  ==============================================================
07:29:39 INFO  Executed sudo, exit status 0
07:29:42 INFO  Executed sudo&lt;outp_check_0&gt;, exit status 0
07:29:42 INFO  Assert that (value==0) with value=0 ... passed
07:29:42 INFO  Grep on file outp_check_0.out ... passed
07:30:03 INFO  Executed sudo&lt;outp_prepare&gt;, exit status 0, duration 20 secs
07:30:03 INFO  Assert that (value==0) with value=0 ... passed
07:30:55 INFO  Executed sudo&lt;outp_install&gt;, exit status 0, duration 51 secs
07:30:55 INFO  Assert that (value==0) with value=0 ... passed
07:31:03 INFO  Executed sudo&lt;outp_finalize&gt;, exit status 0
07:31:03 INFO  Assert that (value==0) with value=0 ... passed
07:31:06 INFO  Executed sudo&lt;outp_check_1&gt;, exit status 0
07:31:06 INFO  Assert that (value==0) with value=0 ... passed
07:31:06 INFO  Grep on file outp_check_1.out ... passed
07:31:06 WARN  Grep on outp_check_1.out contains 'rolldice\t1.16-1(\\+b|build)(1|3)' ... failed [run.py:61]
07:31:06 INFO  
07:31:06 INFO  cleanup:
07:31:23 INFO  Executed sudo, exit status 0, duration 16 secs
07:31:23 INFO  
07:31:23 INFO  Test duration: 109.86 secs
07:31:23 INFO  Test final outcome:  FAILED
07:31:23 INFO  Test outcome reason: Grep on outp_check_1.out contains 'rolldice\t1.16-1(\\+b|build)(1|3)'
07:31:23 INFO  
</system-out>
	</testcase>
</testsuite>
