<?xml version="1.0" encoding="utf-8"?>
<testsuite name="apt_sequence_install_with_version" tests="1" failures="1" skipped="0" time="108.72" timestamp="2022-05-04T08:30:51">
	<testcase classname="AptPluginPrepInstallWithVersionFinalize" name="apt_sequence_install_with_version">
		<failure message="FAILED: Grep on outp_check_1.out contains 'rolldice\t1.16-1(\\+b|build)(1|3)'" type="FAILED"/>
		<system-out>08:29:03 INFO  ==============================================================
08:29:03 INFO  Id:    apt_sequence_install_with_version
08:29:03 INFO  Dir:   plugin_apt/
08:29:03 INFO  Title: Validate apt plugin install with version use case
08:29:03 INFO  ==============================================================
08:29:08 INFO  Executed sudo, exit status 0
08:29:11 INFO  Executed sudo&lt;outp_check_0&gt;, exit status 0
08:29:11 INFO  Assert that (value==0) with value=0 ... passed
08:29:11 INFO  Grep on file outp_check_0.out ... passed
08:29:32 INFO  Executed sudo&lt;outp_prepare&gt;, exit status 0, duration 20 secs
08:29:32 INFO  Assert that (value==0) with value=0 ... passed
08:30:23 INFO  Executed sudo&lt;outp_install&gt;, exit status 0, duration 51 secs
08:30:23 INFO  Assert that (value==0) with value=0 ... passed
08:30:32 INFO  Executed sudo&lt;outp_finalize&gt;, exit status 0
08:30:32 INFO  Assert that (value==0) with value=0 ... passed
08:30:34 INFO  Executed sudo&lt;outp_check_1&gt;, exit status 0
08:30:34 INFO  Assert that (value==0) with value=0 ... passed
08:30:34 INFO  Grep on file outp_check_1.out ... passed
08:30:35 WARN  Grep on outp_check_1.out contains 'rolldice\t1.16-1(\\+b|build)(1|3)' ... failed [run.py:61]
08:30:35 INFO  
08:30:35 INFO  cleanup:
08:30:51 INFO  Executed sudo, exit status 0, duration 16 secs
08:30:51 INFO  
08:30:51 INFO  Test duration: 108.72 secs
08:30:51 INFO  Test final outcome:  FAILED
08:30:51 INFO  Test outcome reason: Grep on outp_check_1.out contains 'rolldice\t1.16-1(\\+b|build)(1|3)'
08:30:51 INFO  
</system-out>
	</testcase>
</testsuite>
