<?xml version="1.0" encoding="utf-8"?>
<testsuite name="apt_install" tests="1" failures="0" skipped="0" time="75.93" timestamp="2022-05-10T19:50:12">
	<testcase classname="AptPluginInstallDense" name="apt_install"/>
</testsuite>
