<?xml version="1.0" encoding="utf-8"?>
<testsuite name="apt_install_fail" tests="1" failures="0" skipped="0" time="12.6" timestamp="2022-05-04T08:21:48">
	<testcase classname="AptPluginInstallFail" name="apt_install_fail"/>
</testsuite>
