<?xml version="1.0" encoding="utf-8"?>
<testsuite name="apt_update_list" tests="1" failures="0" skipped="0" time="176.06" timestamp="2022-05-10T13:48:54">
	<testcase classname="AptPluginUpdateList" name="apt_update_list"/>
</testsuite>
