<?xml version="1.0" encoding="utf-8"?>
<testsuite name="SoftwareManagement.sm_apt_install_remove_multiple" tests="1" failures="1" skipped="0" time="207.86" timestamp="2022-05-02T15:58:19">
	<testcase classname="PySysTest" name="SoftwareManagement.sm_apt_install_remove_multiple">
		<failure message="FAILED: Assert that (False == value) with value=True" type="FAILED"/>
		<system-out>15:54:51 INFO  ==============================================================
15:54:51 INFO  Id:    SoftwareManagement.sm_apt_install_remove_multiple
15:54:51 INFO  Dir:   software_management_end_to_end/
15:54:51 INFO  Title: Validate end to end behaviour for the apt plugin for multiple packages
15:54:51 INFO  ==============================================================
15:54:51 INFO  Using sw id database: {'asciijump': '5475369', 'robotfindskitten': '5474869', 'squirrel3': '5475279', 'rolldice': '5152439', 'moon-buggy': '5439204', 'apple': '5495053', 'banana': '5494888', 'cherry': '5495382', 'watermelon': '5494510', 'registry': '8018911', 'hello-world': '8021526', 'docker/getting-started': '8021973', 'alpine': '7991792'}
15:54:51 INFO  EnvironmentC8y Setup
15:54:51 INFO  Executed systemctl&lt;serv_mapper1&gt;, exit status 3
15:54:51 INFO  Restarting mosquitto too frequently in the last 10 seconds. It was only up for 5 seconds
15:54:51 INFO  Delaying execution by 6 seconds
15:55:15 INFO  Executed sudo&lt;tedge_connect_c8y&gt;, exit status 0, duration 17 secs
15:55:16 INFO  Executed sudo&lt;tedge_connect_c8y_test&gt;, exit status 0
15:55:16 INFO  Executed systemctl&lt;serv_mosq2&gt;, exit status 0
15:55:17 INFO  Executed systemctl&lt;serv_mapper3&gt;, exit status 0
15:55:19 INFO  State of current operation: SUCCESSFUL
15:55:19 INFO  Assert that (False == value) with value=False ... passed
15:55:20 INFO  Assert that (False == value) with value=False ... passed
15:55:20 INFO  Assert that (False == value) with value=False ... passed
15:55:20 INFO  Package robotfindskitten is installed
15:55:20 WARN  Assert that (False == value) with value=True ... failed 
15:55:20 INFO  Response status: 201
15:55:20 INFO  Response to action: {
    &quot;creationTime&quot;: &quot;2022-05-02T15:55:20.739Z&quot;,
    &quot;deviceName&quot;: &quot;m32sd11e&quot;,
    &quot;deviceId&quot;: &quot;18180747&quot;,
    &quot;self&quot;: &quot;https://t493319102.eu-latest.cumulocity.com/devicecontrol/operations/18211950&quot;,
    &quot;id&quot;: &quot;18211950&quot;,
    &quot;status&quot;: &quot;PENDING&quot;,
    &quot;description&quot;: &quot;Apply software changes, triggered from PySys: [{'action': 'install', 'id': '5475369', 'name': 'asciijump', 'url': ' ', 'version': '::apt'}, {'action': 'install', 'id': '5474869', 'name': 'robotfindskitten', 'url': ' ', 'version': '::apt'}, {'action': 'install', 'id': '5475279', 'name': 'squirrel3', 'url': ' ', 'version': '::apt'}]&quot;,
    &quot;c8y_SoftwareUpdate&quot;: [
        {
            &quot;name&quot;: &quot;asciijump&quot;,
            &quot;action&quot;: &quot;install&quot;,
            &quot;id&quot;: &quot;5475369&quot;,
            &quot;version&quot;: &quot;::apt&quot;,
            &quot;url&quot;: &quot; &quot;
        },
        {
            &quot;name&quot;: &quot;robotfindskitten&quot;,
            &quot;action&quot;: &quot;install&quot;,
            &quot;id&quot;: &quot;5474869&quot;,
            &quot;version&quot;: &quot;::apt&quot;,
            &quot;url&quot;: &quot; &quot;
        },
        {
            &quot;name&quot;: &quot;squirrel3&quot;,
            &quot;action&quot;: &quot;install&quot;,
            &quot;id&quot;: &quot;5475279&quot;,
            &quot;version&quot;: &quot;::apt&quot;,
            &quot;url&quot;: &quot; &quot;
        }
    ]
}
15:55:20 INFO  Started operation: {'creationTime': '2022-05-02T15:55:20.739Z', 'deviceName': 'm32sd11e', 'deviceId': '18180747', 'self': 'https://t493319102.eu-latest.cumulocity.com/devicecontrol/operations/18211950', 'id': '18211950', 'status': 'PENDING', 'description': &quot;Apply software changes, triggered from PySys: [{'action': 'install', 'id': '5475369', 'name': 'asciijump', 'url': ' ', 'version': '::apt'}, {'action': 'install', 'id': '5474869', 'name': 'robotfindskitten', 'url': ' ', 'version': '::apt'}, {'action': 'install', 'id': '5475279', 'name': 'squirrel3', 'url': ' ', 'version': '::apt'}]&quot;, 'c8y_SoftwareUpdate': [{'name': 'asciijump', 'action': 'install', 'id': '5475369', 'version': '::apt', 'url': ' '}, {'name': 'robotfindskitten', 'action': 'install', 'id': '5474869', 'version': '::apt', 'url': ' '}, {'name': 'squirrel3', 'action': 'install', 'id': '5475279', 'version': '::apt', 'url': ' '}]}
15:55:23 INFO  State of operation 18211950 : PENDING
15:55:25 INFO  State of operation 18211950 : EXECUTING
15:55:27 INFO  State of operation 18211950 : EXECUTING
15:55:29 INFO  State of operation 18211950 : EXECUTING
15:55:31 INFO  State of operation 18211950 : EXECUTING
15:55:34 INFO  State of operation 18211950 : EXECUTING
15:55:36 INFO  State of operation 18211950 : EXECUTING
15:55:39 INFO  State of operation 18211950 : EXECUTING
15:55:41 INFO  State of operation 18211950 : EXECUTING
15:55:44 INFO  State of operation 18211950 : EXECUTING
15:55:46 INFO  State of operation 18211950 : EXECUTING
15:55:48 INFO  State of operation 18211950 : EXECUTING
15:55:50 INFO  State of operation 18211950 : EXECUTING
15:55:53 INFO  State of operation 18211950 : EXECUTING
15:55:55 INFO  State of operation 18211950 : EXECUTING
15:55:57 INFO  State of operation 18211950 : EXECUTING
15:55:59 INFO  State of operation 18211950 : EXECUTING
15:56:02 INFO  State of operation 18211950 : EXECUTING
15:56:04 INFO  State of operation 18211950 : EXECUTING
15:56:06 INFO  State of operation 18211950 : EXECUTING
15:56:08 INFO  State of operation 18211950 : EXECUTING
15:56:11 INFO  State of operation 18211950 : EXECUTING
15:56:13 INFO  State of operation 18211950 : EXECUTING
15:56:16 INFO  State of operation 18211950 : EXECUTING
15:56:18 INFO  State of operation 18211950 : EXECUTING
15:56:20 INFO  State of operation 18211950 : EXECUTING
15:56:23 INFO  State of operation 18211950 : EXECUTING
15:56:25 INFO  State of operation 18211950 : EXECUTING
15:56:28 INFO  State of operation 18211950 : EXECUTING
15:56:30 INFO  State of operation 18211950 : EXECUTING
15:56:32 INFO  State of operation 18211950 : EXECUTING
15:56:35 INFO  State of operation 18211950 : EXECUTING
15:56:37 INFO  State of operation 18211950 : EXECUTING
15:56:40 INFO  State of operation 18211950 : EXECUTING
15:56:42 INFO  State of operation 18211950 : EXECUTING
15:56:44 INFO  State of operation 18211950 : EXECUTING
15:56:46 INFO  State of operation 18211950 : EXECUTING
15:56:49 INFO  State of operation 18211950 : EXECUTING
15:56:51 INFO  State of operation 18211950 : EXECUTING
15:56:53 INFO  State of operation 18211950 : SUCCESSFUL
15:56:53 INFO  Assert that (False == value) with value=False ... passed
15:56:54 INFO  Package asciijump is installed
15:56:54 INFO  Assert that (True == value) with value=True ... passed
15:56:54 INFO  Package squirrel3 is installed
15:56:54 INFO  Assert that (True == value) with value=True ... passed
15:56:54 INFO  Package robotfindskitten is installed
15:56:54 INFO  Assert that (True == value) with value=True ... passed
15:56:54 INFO  Response status: 201
15:56:54 INFO  Response to action: {
    &quot;creationTime&quot;: &quot;2022-05-02T15:56:54.793Z&quot;,
    &quot;deviceName&quot;: &quot;m32sd11e&quot;,
    &quot;deviceId&quot;: &quot;18180747&quot;,
    &quot;self&quot;: &quot;https://t493319102.eu-latest.cumulocity.com/devicecontrol/operations/18211970&quot;,
    &quot;id&quot;: &quot;18211970&quot;,
    &quot;status&quot;: &quot;PENDING&quot;,
    &quot;description&quot;: &quot;Apply software changes, triggered from PySys: [{'action': 'delete', 'id': '5475369', 'name': 'asciijump', 'url': ' ', 'version': '::apt'}, {'action': 'delete', 'id': '5474869', 'name': 'robotfindskitten', 'url': ' ', 'version': '::apt'}, {'action': 'delete', 'id': '5475279', 'name': 'squirrel3', 'url': ' ', 'version': '::apt'}]&quot;,
    &quot;c8y_SoftwareUpdate&quot;: [
        {
            &quot;name&quot;: &quot;asciijump&quot;,
            &quot;action&quot;: &quot;delete&quot;,
            &quot;id&quot;: &quot;5475369&quot;,
            &quot;version&quot;: &quot;::apt&quot;,
            &quot;url&quot;: &quot; &quot;
        },
        {
            &quot;name&quot;: &quot;robotfindskitten&quot;,
            &quot;action&quot;: &quot;delete&quot;,
            &quot;id&quot;: &quot;5474869&quot;,
            &quot;version&quot;: &quot;::apt&quot;,
            &quot;url&quot;: &quot; &quot;
        },
        {
            &quot;name&quot;: &quot;squirrel3&quot;,
            &quot;action&quot;: &quot;delete&quot;,
            &quot;id&quot;: &quot;5475279&quot;,
            &quot;version&quot;: &quot;::apt&quot;,
            &quot;url&quot;: &quot; &quot;
        }
    ]
}
15:56:54 INFO  Started operation: {'creationTime': '2022-05-02T15:56:54.793Z', 'deviceName': 'm32sd11e', 'deviceId': '18180747', 'self': 'https://t493319102.eu-latest.cumulocity.com/devicecontrol/operations/18211970', 'id': '18211970', 'status': 'PENDING', 'description': &quot;Apply software changes, triggered from PySys: [{'action': 'delete', 'id': '5475369', 'name': 'asciijump', 'url': ' ', 'version': '::apt'}, {'action': 'delete', 'id': '5474869', 'name': 'robotfindskitten', 'url': ' ', 'version': '::apt'}, {'action': 'delete', 'id': '5475279', 'name': 'squirrel3', 'url': ' ', 'version': '::apt'}]&quot;, 'c8y_SoftwareUpdate': [{'name': 'asciijump', 'action': 'delete', 'id': '5475369', 'version': '::apt', 'url': ' '}, {'name': 'robotfindskitten', 'action': 'delete', 'id': '5474869', 'version': '::apt', 'url': ' '}, {'name': 'squirrel3', 'action': 'delete', 'id': '5475279', 'version': '::apt', 'url': ' '}]}
15:56:57 INFO  State of operation 18211970 : PENDING
15:56:59 INFO  State of operation 18211970 : EXECUTING
15:57:01 INFO  State of operation 18211970 : EXECUTING
15:57:03 INFO  State of operation 18211970 : EXECUTING
15:57:06 INFO  State of operation 18211970 : EXECUTING
15:57:08 INFO  State of operation 18211970 : EXECUTING
15:57:10 INFO  State of operation 18211970 : EXECUTING
15:57:13 INFO  State of operation 18211970 : EXECUTING
15:57:15 INFO  State of operation 18211970 : EXECUTING
15:57:18 INFO  State of operation 18211970 : EXECUTING
15:57:20 INFO  State of operation 18211970 : EXECUTING
15:57:23 INFO  State of operation 18211970 : EXECUTING
15:57:25 INFO  State of operation 18211970 : EXECUTING
15:57:27 INFO  State of operation 18211970 : EXECUTING
15:57:29 INFO  State of operation 18211970 : EXECUTING
15:57:31 INFO  State of operation 18211970 : EXECUTING
15:57:34 INFO  State of operation 18211970 : EXECUTING
15:57:36 INFO  State of operation 18211970 : EXECUTING
15:57:38 INFO  State of operation 18211970 : EXECUTING
15:57:41 INFO  State of operation 18211970 : EXECUTING
15:57:43 INFO  State of operation 18211970 : EXECUTING
15:57:46 INFO  State of operation 18211970 : EXECUTING
15:57:48 INFO  State of operation 18211970 : EXECUTING
15:57:51 INFO  State of operation 18211970 : EXECUTING
15:57:53 INFO  State of operation 18211970 : EXECUTING
15:57:55 INFO  State of operation 18211970 : EXECUTING
15:57:57 INFO  State of operation 18211970 : EXECUTING
15:58:00 INFO  State of operation 18211970 : EXECUTING
15:58:02 INFO  State of operation 18211970 : EXECUTING
15:58:05 INFO  State of operation 18211970 : EXECUTING
15:58:07 INFO  State of operation 18211970 : EXECUTING
15:58:09 INFO  State of operation 18211970 : EXECUTING
15:58:11 INFO  State of operation 18211970 : SUCCESSFUL
15:58:12 INFO  Assert that (False == value) with value=False ... passed
15:58:12 INFO  Assert that (False == value) with value=False ... passed
15:58:12 INFO  Assert that (False == value) with value=False ... passed
15:58:12 INFO  Assert that (False == value) with value=False ... passed
15:58:12 INFO  
15:58:12 INFO  cleanup:
15:58:18 INFO  Executed sudo&lt;tedge_disconnect_c8y&gt;, exit status 0
15:58:19 INFO  Executed systemctl&lt;serv_mapper5&gt;, exit status 3
15:58:19 INFO  
15:58:19 INFO  Test duration: 207.86 secs
15:58:19 INFO  Test final outcome:  FAILED
15:58:19 INFO  Test outcome reason: Assert that (False == value) with value=True
15:58:19 INFO  
</system-out>
	</testcase>
</testsuite>
