<?xml version="1.0" encoding="utf-8"?>
<testsuite name="SoftwareManagement.sm_apt_install_remove_with_version" tests="1" failures="1" skipped="0" time="176.3" timestamp="2022-05-16T08:19:51">
	<testcase classname="PySysTest" name="SoftwareManagement.sm_apt_install_remove_with_version">
		<failure message="FAILED: Assert that (False == value) with value=True" type="FAILED"/>
		<system-out>08:16:55 INFO  ==============================================================
08:16:55 INFO  Id:    SoftwareManagement.sm_apt_install_remove_with_version
08:16:55 INFO  Dir:   software_management_end_to_end/
08:16:55 INFO  Title: Validate end to end behaviour for the apt plugin for packages with version
08:16:55 INFO  ==============================================================
08:16:55 INFO  Using sw id database: {'asciijump': '5475369', 'robotfindskitten': '5474869', 'squirrel3': '5475279', 'rolldice': '5152439', 'moon-buggy': '5439204', 'apple': '5495053', 'banana': '5494888', 'cherry': '5495382', 'watermelon': '5494510', 'registry': '8018911', 'hello-world': '8021526', 'docker/getting-started': '8021973', 'alpine': '7991792'}
08:16:55 INFO  EnvironmentC8y Setup
08:16:55 INFO  Executed systemctl&lt;serv_mapper1&gt;, exit status 3
08:16:55 INFO  Restarting mosquitto too frequently in the last 10 seconds. It was only up for 8 seconds
08:16:55 INFO  Delaying execution by 3 seconds
08:17:20 INFO  Executed sudo&lt;tedge_connect_c8y&gt;, exit status 0, duration 21 secs
08:17:21 INFO  Executed sudo&lt;tedge_connect_c8y_test&gt;, exit status 0
08:17:21 INFO  Executed systemctl&lt;serv_mosq2&gt;, exit status 0
08:17:22 INFO  Executed systemctl&lt;serv_mapper3&gt;, exit status 0
08:17:24 INFO  State of current operation: FAILED
08:17:24 INFO  Package rolldice is installed
08:17:25 WARN  Assert that (False == value) with value=True ... failed 
08:17:25 INFO  Response status: 201
08:17:25 INFO  Response to action: {
    &quot;creationTime&quot;: &quot;2022-05-16T08:17:25.877Z&quot;,
    &quot;deviceId&quot;: &quot;19103185&quot;,
    &quot;deviceName&quot;: &quot;m32sd11e&quot;,
    &quot;self&quot;: &quot;https://t493319102.eu-latest.cumulocity.com/devicecontrol/operations/19119075&quot;,
    &quot;id&quot;: &quot;19119075&quot;,
    &quot;status&quot;: &quot;PENDING&quot;,
    &quot;description&quot;: &quot;Apply software changes, triggered from PySys: [{'name': 'rolldice', 'id': '5152439', 'version': '1.16-1+b2', 'url': '', 'action': 'install'}]&quot;,
    &quot;c8y_SoftwareUpdate&quot;: [
        {
            &quot;name&quot;: &quot;rolldice&quot;,
            &quot;action&quot;: &quot;install&quot;,
            &quot;id&quot;: &quot;5152439&quot;,
            &quot;version&quot;: &quot;1.16-1+b2&quot;,
            &quot;url&quot;: &quot;&quot;
        }
    ]
}
08:17:25 INFO  Started operation: {'creationTime': '2022-05-16T08:17:25.877Z', 'deviceId': '19103185', 'deviceName': 'm32sd11e', 'self': 'https://t493319102.eu-latest.cumulocity.com/devicecontrol/operations/19119075', 'id': '19119075', 'status': 'PENDING', 'description': &quot;Apply software changes, triggered from PySys: [{'name': 'rolldice', 'id': '5152439', 'version': '1.16-1+b2', 'url': '', 'action': 'install'}]&quot;, 'c8y_SoftwareUpdate': [{'name': 'rolldice', 'action': 'install', 'id': '5152439', 'version': '1.16-1+b2', 'url': ''}]}
08:17:28 INFO  State of operation 19119075 : PENDING
08:17:30 INFO  State of operation 19119075 : EXECUTING
08:17:32 INFO  State of operation 19119075 : EXECUTING
08:17:34 INFO  State of operation 19119075 : EXECUTING
08:17:37 INFO  State of operation 19119075 : EXECUTING
08:17:39 INFO  State of operation 19119075 : EXECUTING
08:17:41 INFO  State of operation 19119075 : EXECUTING
08:17:44 INFO  State of operation 19119075 : EXECUTING
08:17:47 INFO  State of operation 19119075 : EXECUTING
08:17:49 INFO  State of operation 19119075 : EXECUTING
08:17:51 INFO  State of operation 19119075 : EXECUTING
08:17:54 INFO  State of operation 19119075 : EXECUTING
08:17:56 INFO  State of operation 19119075 : EXECUTING
08:17:58 INFO  State of operation 19119075 : EXECUTING
08:18:00 INFO  State of operation 19119075 : EXECUTING
08:18:03 INFO  State of operation 19119075 : EXECUTING
08:18:05 INFO  State of operation 19119075 : SUCCESSFUL
08:18:05 INFO  Package rolldice is installed
08:18:05 INFO  Assert that (True == value) with value=True ... passed
08:18:05 INFO  Response status: 201
08:18:05 INFO  Response to action: {
    &quot;creationTime&quot;: &quot;2022-05-16T08:18:05.809Z&quot;,
    &quot;deviceId&quot;: &quot;19103185&quot;,
    &quot;deviceName&quot;: &quot;m32sd11e&quot;,
    &quot;self&quot;: &quot;https://t493319102.eu-latest.cumulocity.com/devicecontrol/operations/19119079&quot;,
    &quot;id&quot;: &quot;19119079&quot;,
    &quot;status&quot;: &quot;PENDING&quot;,
    &quot;description&quot;: &quot;Apply software changes, triggered from PySys: [{'name': 'rolldice', 'id': '5152439', 'version': '88::apt', 'url': '', 'action': 'delete'}]&quot;,
    &quot;c8y_SoftwareUpdate&quot;: [
        {
            &quot;name&quot;: &quot;rolldice&quot;,
            &quot;action&quot;: &quot;delete&quot;,
            &quot;id&quot;: &quot;5152439&quot;,
            &quot;version&quot;: &quot;88::apt&quot;,
            &quot;url&quot;: &quot;&quot;
        }
    ]
}
08:18:05 INFO  Started operation: {'creationTime': '2022-05-16T08:18:05.809Z', 'deviceId': '19103185', 'deviceName': 'm32sd11e', 'self': 'https://t493319102.eu-latest.cumulocity.com/devicecontrol/operations/19119079', 'id': '19119079', 'status': 'PENDING', 'description': &quot;Apply software changes, triggered from PySys: [{'name': 'rolldice', 'id': '5152439', 'version': '88::apt', 'url': '', 'action': 'delete'}]&quot;, 'c8y_SoftwareUpdate': [{'name': 'rolldice', 'action': 'delete', 'id': '5152439', 'version': '88::apt', 'url': ''}]}
08:18:08 INFO  State of operation 19119079 : PENDING
08:18:10 INFO  State of operation 19119079 : EXECUTING
08:18:12 INFO  State of operation 19119079 : EXECUTING
08:18:14 INFO  State of operation 19119079 : EXECUTING
08:18:16 INFO  State of operation 19119079 : EXECUTING
08:18:19 INFO  State of operation 19119079 : EXECUTING
08:18:21 INFO  State of operation 19119079 : EXECUTING
08:18:24 INFO  State of operation 19119079 : EXECUTING
08:18:27 INFO  State of operation 19119079 : EXECUTING
08:18:30 INFO  State of operation 19119079 : EXECUTING
08:18:32 INFO  State of operation 19119079 : EXECUTING
08:18:34 INFO  State of operation 19119079 : EXECUTING
08:18:37 INFO  State of operation 19119079 : EXECUTING
08:18:39 INFO  State of operation 19119079 : EXECUTING
08:18:41 INFO  State of operation 19119079 : EXECUTING
08:18:43 INFO  State of operation 19119079 : FAILED
08:18:44 INFO  Package rolldice is installed
08:18:44 INFO  Assert that (True == value) with value=True ... passed
08:18:45 INFO  Response status: 201
08:18:45 INFO  Response to action: {
    &quot;creationTime&quot;: &quot;2022-05-16T08:18:45.020Z&quot;,
    &quot;deviceId&quot;: &quot;19103185&quot;,
    &quot;deviceName&quot;: &quot;m32sd11e&quot;,
    &quot;self&quot;: &quot;https://t493319102.eu-latest.cumulocity.com/devicecontrol/operations/19119081&quot;,
    &quot;id&quot;: &quot;19119081&quot;,
    &quot;status&quot;: &quot;PENDING&quot;,
    &quot;description&quot;: &quot;Apply software changes, triggered from PySys: [{'name': 'rolldice', 'id': '5152439', 'version': '1.16-1+b2', 'url': '', 'action': 'delete'}]&quot;,
    &quot;c8y_SoftwareUpdate&quot;: [
        {
            &quot;name&quot;: &quot;rolldice&quot;,
            &quot;action&quot;: &quot;delete&quot;,
            &quot;id&quot;: &quot;5152439&quot;,
            &quot;version&quot;: &quot;1.16-1+b2&quot;,
            &quot;url&quot;: &quot;&quot;
        }
    ]
}
08:18:45 INFO  Started operation: {'creationTime': '2022-05-16T08:18:45.020Z', 'deviceId': '19103185', 'deviceName': 'm32sd11e', 'self': 'https://t493319102.eu-latest.cumulocity.com/devicecontrol/operations/19119081', 'id': '19119081', 'status': 'PENDING', 'description': &quot;Apply software changes, triggered from PySys: [{'name': 'rolldice', 'id': '5152439', 'version': '1.16-1+b2', 'url': '', 'action': 'delete'}]&quot;, 'c8y_SoftwareUpdate': [{'name': 'rolldice', 'action': 'delete', 'id': '5152439', 'version': '1.16-1+b2', 'url': ''}]}
08:18:47 INFO  State of operation 19119081 : PENDING
08:18:49 INFO  State of operation 19119081 : EXECUTING
08:18:51 INFO  State of operation 19119081 : EXECUTING
08:18:54 INFO  State of operation 19119081 : EXECUTING
08:18:56 INFO  State of operation 19119081 : EXECUTING
08:18:58 INFO  State of operation 19119081 : EXECUTING
08:19:01 INFO  State of operation 19119081 : EXECUTING
08:19:03 INFO  State of operation 19119081 : EXECUTING
08:19:06 INFO  State of operation 19119081 : EXECUTING
08:19:08 INFO  State of operation 19119081 : EXECUTING
08:19:11 INFO  State of operation 19119081 : EXECUTING
08:19:13 INFO  State of operation 19119081 : EXECUTING
08:19:15 INFO  State of operation 19119081 : EXECUTING
08:19:17 INFO  State of operation 19119081 : EXECUTING
08:19:19 INFO  State of operation 19119081 : EXECUTING
08:19:22 INFO  State of operation 19119081 : EXECUTING
08:19:24 INFO  State of operation 19119081 : EXECUTING
08:19:27 INFO  State of operation 19119081 : EXECUTING
08:19:30 INFO  State of operation 19119081 : EXECUTING
08:19:32 INFO  State of operation 19119081 : EXECUTING
08:19:35 INFO  State of operation 19119081 : EXECUTING
08:19:37 INFO  State of operation 19119081 : EXECUTING
08:19:39 INFO  State of operation 19119081 : EXECUTING
08:19:41 INFO  State of operation 19119081 : EXECUTING
08:19:44 INFO  State of operation 19119081 : SUCCESSFUL
08:19:45 INFO  Assert that (False == value) with value=False ... passed
08:19:45 INFO  
08:19:45 INFO  cleanup:
08:19:50 INFO  Executed sudo&lt;tedge_disconnect_c8y&gt;, exit status 0
08:19:51 INFO  Executed systemctl&lt;serv_mapper5&gt;, exit status 3
08:19:51 INFO  
08:19:51 INFO  Test duration: 176.30 secs
08:19:51 INFO  Test final outcome:  FAILED
08:19:51 INFO  Test outcome reason: Assert that (False == value) with value=True
08:19:51 INFO  
</system-out>
	</testcase>
</testsuite>
