<?xml version="1.0" encoding="utf-8"?>
<testsuite name="apt_finalize" tests="1" failures="0" skipped="0" time="165.48" timestamp="2022-05-30T09:29:09">
	<testcase classname="AptPluginFinalize" name="apt_finalize"/>
</testsuite>
