<?xml version="1.0" encoding="utf-8"?>
<testsuite name="apt_sequence_remove" tests="1" failures="0" skipped="0" time="111.3" timestamp="2022-05-10T20:01:13">
	<testcase classname="AptPluginInstallPrepareRemoveFinalize" name="apt_sequence_remove"/>
</testsuite>
