<?xml version="1.0" encoding="utf-8"?>
<testsuite name="apt_update_list" tests="1" failures="0" skipped="0" time="177.27" timestamp="2022-05-23T09:53:25">
	<testcase classname="AptPluginUpdateList" name="apt_update_list"/>
</testsuite>
