<?xml version="1.0" encoding="utf-8"?>
<testsuite name="apt_install_local_file" tests="1" failures="0" skipped="0" time="65.12" timestamp="2022-05-11T11:55:42">
	<testcase classname="AptPluginInstallFromLocalFile" name="apt_install_local_file"/>
</testsuite>
