<?xml version="1.0" encoding="utf-8"?>
<testsuite name="apt_prepare" tests="1" failures="0" skipped="0" time="24.02" timestamp="2022-05-30T09:34:11">
	<testcase classname="AptPluginPrepare" name="apt_prepare"/>
</testsuite>
