<?xml version="1.0" encoding="utf-8"?>
<testsuite name="apt_install_local_file_with_version_fail" tests="1" failures="0" skipped="0" time="30.38" timestamp="2022-05-11T11:57:44">
	<testcase classname="AptPluginInstallFromLocalFileWithVersionFail" name="apt_install_local_file_with_version_fail"/>
</testsuite>
