<?xml version="1.0" encoding="utf-8"?>
<testsuite name="apt_list_format" tests="1" failures="0" skipped="0" time="3.25" timestamp="2022-05-23T09:39:53">
	<testcase classname="AptPluginListFormat" name="apt_list_format"/>
</testsuite>
