<?xml version="1.0" encoding="utf-8"?>
<testsuite name="SoftwareManagement.sm_apt_install_remove_multiple_mixed" tests="1" failures="1" skipped="0" time="183.22" timestamp="2022-05-09T07:54:17">
	<testcase classname="PySysTest" name="SoftwareManagement.sm_apt_install_remove_multiple_mixed">
		<failure message="BLOCKED: SystemError: Timeout while waiting for status SUCCESSFUL or False" type="BLOCKED"/>
		<system-out>07:51:14 INFO  ==============================================================
07:51:14 INFO  Id:    SoftwareManagement.sm_apt_install_remove_multiple_mixed
07:51:14 INFO  Dir:   software_management_end_to_end/
07:51:14 INFO  Title: Validate end to end behaviour for the apt plugin for multiple packages with mixed versions
07:51:14 INFO  ==============================================================
07:51:14 INFO  Using sw id database: {'asciijump': '5475369', 'robotfindskitten': '5474869', 'squirrel3': '5475279', 'rolldice': '5152439', 'moon-buggy': '5439204', 'apple': '5495053', 'banana': '5494888', 'cherry': '5495382', 'watermelon': '5494510', 'registry': '8018911', 'hello-world': '8021526', 'docker/getting-started': '8021973', 'alpine': '7991792'}
07:51:14 INFO  EnvironmentC8y Setup
07:51:15 INFO  Executed systemctl&lt;serv_mapper1&gt;, exit status 3
07:51:15 INFO  Restarting mosquitto too frequently in the last 10 seconds. It was only up for 6 seconds
07:51:15 INFO  Delaying execution by 5 seconds
07:51:37 INFO  Executed sudo&lt;tedge_connect_c8y&gt;, exit status 0, duration 17 secs
07:51:38 INFO  Executed sudo&lt;tedge_connect_c8y_test&gt;, exit status 0
07:51:38 INFO  Executed systemctl&lt;serv_mosq2&gt;, exit status 0
07:51:39 INFO  Executed systemctl&lt;serv_mapper3&gt;, exit status 0
07:51:41 INFO  State of current operation: SUCCESSFUL
07:51:41 INFO  Assert that (False == value) with value=False ... passed
07:51:41 INFO  Assert that (False == value) with value=False ... passed
07:51:42 INFO  Assert that (False == value) with value=False ... passed
07:51:42 INFO  Assert that (False == value) with value=False ... passed
07:51:42 INFO  Assert that (False == value) with value=False ... passed
07:51:44 INFO  Response status: 201
07:51:44 INFO  Response to action: {
    &quot;creationTime&quot;: &quot;2022-05-09T07:51:44.563Z&quot;,
    &quot;deviceName&quot;: &quot;m32sd11e&quot;,
    &quot;deviceId&quot;: &quot;18457341&quot;,
    &quot;self&quot;: &quot;https://t493319102.eu-latest.cumulocity.com/devicecontrol/operations/18523464&quot;,
    &quot;id&quot;: &quot;18523464&quot;,
    &quot;status&quot;: &quot;PENDING&quot;,
    &quot;description&quot;: &quot;Apply software changes, triggered from PySys: [{'action': 'install', 'id': '5475369', 'name': 'asciijump', 'url': ' ', 'version': '::apt'}, {'action': 'install', 'id': '5474869', 'name': 'robotfindskitten', 'url': ' ', 'version': ' '}, {'action': 'install', 'id': '5475279', 'name': 'squirrel3', 'url': ' ', 'version': '3.1-8::apt'}, {'action': 'install', 'id': '5152439', 'name': 'rolldice', 'url': ' ', 'version': '1.16-1+b2'}, {'action': 'install', 'id': '5439204', 'name': 'moon-buggy', 'url': ' ', 'version': '1:1.0.51-13'}, {'action': 'install', 'id': '5475369', 'name': 'asciijump', 'url': ' ', 'version': '::apt'}]&quot;,
    &quot;c8y_SoftwareUpdate&quot;: [
        {
            &quot;name&quot;: &quot;asciijump&quot;,
            &quot;action&quot;: &quot;install&quot;,
            &quot;id&quot;: &quot;5475369&quot;,
            &quot;version&quot;: &quot;::apt&quot;,
            &quot;url&quot;: &quot; &quot;
        },
        {
            &quot;name&quot;: &quot;robotfindskitten&quot;,
            &quot;action&quot;: &quot;install&quot;,
            &quot;id&quot;: &quot;5474869&quot;,
            &quot;version&quot;: &quot; &quot;,
            &quot;url&quot;: &quot; &quot;
        },
        {
            &quot;name&quot;: &quot;squirrel3&quot;,
            &quot;action&quot;: &quot;install&quot;,
            &quot;id&quot;: &quot;5475279&quot;,
            &quot;version&quot;: &quot;3.1-8::apt&quot;,
            &quot;url&quot;: &quot; &quot;
        },
        {
            &quot;name&quot;: &quot;rolldice&quot;,
            &quot;action&quot;: &quot;install&quot;,
            &quot;id&quot;: &quot;5152439&quot;,
            &quot;version&quot;: &quot;1.16-1+b2&quot;,
            &quot;url&quot;: &quot; &quot;
        },
        {
            &quot;name&quot;: &quot;moon-buggy&quot;,
            &quot;action&quot;: &quot;install&quot;,
            &quot;id&quot;: &quot;5439204&quot;,
            &quot;version&quot;: &quot;1:1.0.51-13&quot;,
            &quot;url&quot;: &quot; &quot;
        },
        {
            &quot;name&quot;: &quot;asciijump&quot;,
            &quot;action&quot;: &quot;install&quot;,
            &quot;id&quot;: &quot;5475369&quot;,
            &quot;version&quot;: &quot;::apt&quot;,
            &quot;url&quot;: &quot; &quot;
        }
    ]
}
07:51:44 INFO  Started operation: {'creationTime': '2022-05-09T07:51:44.563Z', 'deviceName': 'm32sd11e', 'deviceId': '18457341', 'self': 'https://t493319102.eu-latest.cumulocity.com/devicecontrol/operations/18523464', 'id': '18523464', 'status': 'PENDING', 'description': &quot;Apply software changes, triggered from PySys: [{'action': 'install', 'id': '5475369', 'name': 'asciijump', 'url': ' ', 'version': '::apt'}, {'action': 'install', 'id': '5474869', 'name': 'robotfindskitten', 'url': ' ', 'version': ' '}, {'action': 'install', 'id': '5475279', 'name': 'squirrel3', 'url': ' ', 'version': '3.1-8::apt'}, {'action': 'install', 'id': '5152439', 'name': 'rolldice', 'url': ' ', 'version': '1.16-1+b2'}, {'action': 'install', 'id': '5439204', 'name': 'moon-buggy', 'url': ' ', 'version': '1:1.0.51-13'}, {'action': 'install', 'id': '5475369', 'name': 'asciijump', 'url': ' ', 'version': '::apt'}]&quot;, 'c8y_SoftwareUpdate': [{'name': 'asciijump', 'action': 'install', 'id': '5475369', 'version': '::apt', 'url': ' '}, {'name': 'robotfindskitten', 'action': 'install', 'id': '5474869', 'version': ' ', 'url': ' '}, {'name': 'squirrel3', 'action': 'install', 'id': '5475279', 'version': '3.1-8::apt', 'url': ' '}, {'name': 'rolldice', 'action': 'install', 'id': '5152439', 'version': '1.16-1+b2', 'url': ' '}, {'name': 'moon-buggy', 'action': 'install', 'id': '5439204', 'version': '1:1.0.51-13', 'url': ' '}, {'name': 'asciijump', 'action': 'install', 'id': '5475369', 'version': '::apt', 'url': ' '}]}
07:51:46 INFO  State of operation 18523464 : PENDING
07:51:49 INFO  State of operation 18523464 : EXECUTING
07:51:51 INFO  State of operation 18523464 : EXECUTING
07:51:53 INFO  State of operation 18523464 : EXECUTING
07:51:55 INFO  State of operation 18523464 : EXECUTING
07:51:58 INFO  State of operation 18523464 : EXECUTING
07:52:00 INFO  State of operation 18523464 : EXECUTING
07:52:02 INFO  State of operation 18523464 : EXECUTING
07:52:05 INFO  State of operation 18523464 : EXECUTING
07:52:08 INFO  State of operation 18523464 : EXECUTING
07:52:10 INFO  State of operation 18523464 : EXECUTING
07:52:12 INFO  State of operation 18523464 : EXECUTING
07:52:15 INFO  State of operation 18523464 : EXECUTING
07:52:17 INFO  State of operation 18523464 : EXECUTING
07:52:19 INFO  State of operation 18523464 : EXECUTING
07:52:21 INFO  State of operation 18523464 : EXECUTING
07:52:23 INFO  State of operation 18523464 : EXECUTING
07:52:26 INFO  State of operation 18523464 : EXECUTING
07:52:28 INFO  State of operation 18523464 : EXECUTING
07:52:31 INFO  State of operation 18523464 : EXECUTING
07:52:33 INFO  State of operation 18523464 : EXECUTING
07:52:36 INFO  State of operation 18523464 : EXECUTING
07:52:38 INFO  State of operation 18523464 : EXECUTING
07:52:40 INFO  State of operation 18523464 : EXECUTING
07:52:43 INFO  State of operation 18523464 : EXECUTING
07:52:45 INFO  State of operation 18523464 : EXECUTING
07:52:47 INFO  State of operation 18523464 : EXECUTING
07:52:50 INFO  State of operation 18523464 : EXECUTING
07:52:52 INFO  State of operation 18523464 : EXECUTING
07:52:54 INFO  State of operation 18523464 : EXECUTING
07:52:57 INFO  State of operation 18523464 : EXECUTING
07:52:59 INFO  State of operation 18523464 : EXECUTING
07:53:01 INFO  State of operation 18523464 : EXECUTING
07:53:04 INFO  State of operation 18523464 : EXECUTING
07:53:06 INFO  State of operation 18523464 : EXECUTING
07:53:08 INFO  State of operation 18523464 : EXECUTING
07:53:11 INFO  State of operation 18523464 : EXECUTING
07:53:13 INFO  State of operation 18523464 : EXECUTING
07:53:15 INFO  State of operation 18523464 : EXECUTING
07:53:17 INFO  State of operation 18523464 : EXECUTING
07:53:20 INFO  State of operation 18523464 : EXECUTING
07:53:22 INFO  State of operation 18523464 : EXECUTING
07:53:24 INFO  State of operation 18523464 : EXECUTING
07:53:26 INFO  State of operation 18523464 : EXECUTING
07:53:29 INFO  State of operation 18523464 : EXECUTING
07:53:32 INFO  State of operation 18523464 : EXECUTING
07:53:34 INFO  State of operation 18523464 : EXECUTING
07:53:36 INFO  State of operation 18523464 : EXECUTING
07:53:39 INFO  State of operation 18523464 : EXECUTING
07:53:41 INFO  State of operation 18523464 : EXECUTING
07:53:43 INFO  State of operation 18523464 : EXECUTING
07:53:46 INFO  State of operation 18523464 : EXECUTING
07:53:48 INFO  State of operation 18523464 : EXECUTING
07:53:50 INFO  State of operation 18523464 : EXECUTING
07:53:53 INFO  State of operation 18523464 : EXECUTING
07:53:55 INFO  State of operation 18523464 : EXECUTING
07:53:57 INFO  State of operation 18523464 : EXECUTING
07:54:00 INFO  State of operation 18523464 : EXECUTING
07:54:02 INFO  State of operation 18523464 : EXECUTING
07:54:05 INFO  State of operation 18523464 : EXECUTING
07:54:07 INFO  State of operation 18523464 : EXECUTING
07:54:09 WARN  SystemError occurred while running test - Timeout while waiting for status SUCCESSFUL or False
Traceback (most recent call last):
  File &quot;/home/pi/env-pysys/lib/python3.9/site-packages/pysys/baserunner.py&quot;, line 1294, in __call__
    self.testObj.execute()
  File &quot;/home/pi/actions-runner/_work/thin-edge.io/thin-edge.io/tests/PySys/software_management_end_to_end/sm_apt_install_remove_multiple_mixed/run.py&quot;, line 89, in execute
    self.wait_until_succcess()
  File &quot;/home/pi/actions-runner/_work/thin-edge.io/thin-edge.io/tests/PySys/software_management_end_to_end/environment_sm_management.py&quot;, line 324, in wait_until_succcess
    self.wait_until_status(&quot;SUCCESSFUL&quot;)
  File &quot;/home/pi/actions-runner/_work/thin-edge.io/thin-edge.io/tests/PySys/software_management_end_to_end/environment_sm_management.py&quot;, line 380, in wait_until_status
    raise SystemError(
SystemError: Timeout while waiting for status SUCCESSFUL or False
07:54:09 WARN  SystemError: Timeout while waiting for status SUCCESSFUL or False ... blocked 
07:54:09 INFO  
07:54:09 INFO  cleanup:
07:54:17 INFO  Executed sudo&lt;tedge_disconnect_c8y&gt;, exit status 0
07:54:17 INFO  Executed systemctl&lt;serv_mapper5&gt;, exit status 3
07:54:17 INFO  
07:54:17 INFO  Test duration: 183.22 secs
07:54:17 INFO  Test final outcome:  BLOCKED
07:54:17 INFO  Test outcome reason: SystemError: Timeout while waiting for status SUCCESSFUL or False
07:54:17 INFO  
</system-out>
	</testcase>
</testsuite>
