<?xml version="1.0" encoding="utf-8"?>
<testsuite name="apt_fail_noarg" tests="1" failures="0" skipped="0" time="6.32" timestamp="2022-05-11T11:50:29">
	<testcase classname="AptPluginFailNoArg" name="apt_fail_noarg"/>
</testsuite>
