<?xml version="1.0" encoding="utf-8"?>
<testsuite name="docker_plugin_install_with_version" tests="1" failures="0" skipped="0" time="5.43" timestamp="2022-05-11T11:47:59">
	<testcase classname="DockerPluginInstallWithVersionTest" name="docker_plugin_install_with_version"/>
</testsuite>
