<?xml version="1.0" encoding="utf-8"?>
<testsuite name="docker_plugin_remove_with_version" tests="1" failures="0" skipped="0" time="5.64" timestamp="2022-05-11T11:48:10">
	<testcase classname="DockerPluginRemoveWithVersionTest" name="docker_plugin_remove_with_version"/>
</testsuite>
