<?xml version="1.0" encoding="utf-8"?>
<testsuite name="docker_plugin_install_with_version" tests="1" failures="0" skipped="0" time="4.93" timestamp="2022-05-04T08:17:15">
	<testcase classname="DockerPluginInstallWithVersionTest" name="docker_plugin_install_with_version"/>
</testsuite>
