<?xml version="1.0" encoding="utf-8"?>
<testsuite name="docker_plugin_remove_with_version" tests="1" failures="0" skipped="0" time="8.65" timestamp="2022-05-23T09:34:20">
	<testcase classname="DockerPluginRemoveWithVersionTest" name="docker_plugin_remove_with_version"/>
</testsuite>
