<?xml version="1.0" encoding="utf-8"?>
<testsuite name="docker_plugin_install_with_version" tests="1" failures="0" skipped="0" time="7.59" timestamp="2022-05-10T19:43:51">
	<testcase classname="DockerPluginInstallWithVersionTest" name="docker_plugin_install_with_version"/>
</testsuite>
