<?xml version="1.0" encoding="utf-8"?>
<testsuite name="docker_plugin_remove_with_version" tests="1" failures="0" skipped="0" time="5.33" timestamp="2022-05-16T07:35:24">
	<testcase classname="DockerPluginRemoveWithVersionTest" name="docker_plugin_remove_with_version"/>
</testsuite>
