<?xml version="1.0" encoding="utf-8"?>
<testsuite name="SoftwareManagement.Plugin.apama_plugin_update" tests="1" failures="0" skipped="1" time="0.0" timestamp="2022-05-10T17:30:00">
	<testcase classname="ApamaPluginUpdateTest" name="SoftwareManagement.Plugin.apama_plugin_update">
		<skipped message="SKIPPED: Test execution disabled due to #1052"/>
		<system-out>17:30:00 INFO  ==============================================================
17:30:00 INFO  Id:    SoftwareManagement.Plugin.apama_plugin_update
17:30:00 INFO  Dir:   plugin_apama/
17:30:00 INFO  Title: Validate apama plugin updating one project with another
17:30:00 INFO  ==============================================================
17:30:00 INFO  Test execution disabled due to #1052 ... skipped
17:30:00 INFO  
17:30:00 INFO  Test duration: 0.00 secs
17:30:00 INFO  Test final outcome:  SKIPPED
17:30:00 INFO  Test outcome reason: Test execution disabled due to #1052
17:30:00 INFO  
</system-out>
	</testcase>
</testsuite>
