<?xml version="1.0" encoding="utf-8"?>
<testsuite name="SoftwareManagement.sm_docker_install_remove_multiple" tests="1" failures="1" skipped="0" time="140.92" timestamp="2022-05-23T09:53:00">
	<testcase classname="SMDockerInstallRemove" name="SoftwareManagement.sm_docker_install_remove_multiple">
		<failure message="BLOCKED: SystemError: Timeout while waiting for status FAILED or SUCCESSFUL" type="BLOCKED"/>
		<system-out>09:50:39 INFO  ==============================================================
09:50:39 INFO  Id:    SoftwareManagement.sm_docker_install_remove_multiple
09:50:39 INFO  Dir:   software_management_end_to_end/
09:50:39 INFO  Title: Validate end to end behaviour for the docker plugin for multiple docker images with mixed versions
09:50:39 INFO  ==============================================================
09:50:39 INFO  Using sw id database: {'asciijump': '5475369', 'robotfindskitten': '5474869', 'squirrel3': '5475279', 'rolldice': '5152439', 'moon-buggy': '5439204', 'apple': '5495053', 'banana': '5494888', 'cherry': '5495382', 'watermelon': '5494510', 'registry': '8018911', 'hello-world': '8021526', 'docker/getting-started': '8021973', 'alpine': '7991792'}
09:50:39 INFO  EnvironmentC8y Setup
09:50:39 INFO  Executed systemctl&lt;serv_mapper1&gt;, exit status 3
09:50:39 INFO  Restarting mosquitto too frequently in the last 10 seconds. It was only up for 1 seconds
09:50:39 INFO  Delaying execution by 10 seconds
09:51:07 INFO  Executed sudo&lt;tedge_connect_c8y&gt;, exit status 0, duration 17 secs
09:51:07 INFO  Executed sudo&lt;tedge_connect_c8y_test&gt;, exit status 0
09:51:07 INFO  Executed systemctl&lt;serv_mosq2&gt;, exit status 0
09:51:07 INFO  Executed systemctl&lt;serv_mapper3&gt;, exit status 0
09:51:09 INFO  State of current operation: EXECUTING
09:51:11 INFO  State of current operation: EXECUTING
09:51:14 INFO  State of current operation: EXECUTING
09:51:16 INFO  State of current operation: EXECUTING
09:51:18 INFO  State of current operation: EXECUTING
09:51:20 INFO  State of current operation: EXECUTING
09:51:22 INFO  State of current operation: EXECUTING
09:51:24 INFO  State of current operation: EXECUTING
09:51:27 INFO  State of current operation: EXECUTING
09:51:29 INFO  State of current operation: EXECUTING
09:51:31 INFO  State of current operation: EXECUTING
09:51:33 INFO  State of current operation: EXECUTING
09:51:35 INFO  State of current operation: EXECUTING
09:51:37 INFO  State of current operation: EXECUTING
09:51:39 INFO  State of current operation: EXECUTING
09:51:42 INFO  State of current operation: EXECUTING
09:51:44 INFO  State of current operation: EXECUTING
09:51:46 INFO  State of current operation: EXECUTING
09:51:48 INFO  State of current operation: EXECUTING
09:51:50 INFO  State of current operation: EXECUTING
09:51:52 INFO  State of current operation: EXECUTING
09:51:55 INFO  State of current operation: EXECUTING
09:51:57 INFO  State of current operation: EXECUTING
09:51:59 INFO  State of current operation: EXECUTING
09:52:01 INFO  State of current operation: EXECUTING
09:52:03 INFO  State of current operation: EXECUTING
09:52:05 INFO  State of current operation: EXECUTING
09:52:08 INFO  State of current operation: EXECUTING
09:52:10 INFO  State of current operation: EXECUTING
09:52:12 INFO  State of current operation: EXECUTING
09:52:14 INFO  State of current operation: EXECUTING
09:52:16 INFO  State of current operation: EXECUTING
09:52:19 INFO  State of current operation: EXECUTING
09:52:21 INFO  State of current operation: EXECUTING
09:52:23 INFO  State of current operation: EXECUTING
09:52:25 INFO  State of current operation: EXECUTING
09:52:27 INFO  State of current operation: EXECUTING
09:52:29 INFO  State of current operation: EXECUTING
09:52:32 INFO  State of current operation: EXECUTING
09:52:34 INFO  State of current operation: EXECUTING
09:52:36 INFO  State of current operation: EXECUTING
09:52:38 INFO  State of current operation: EXECUTING
09:52:40 INFO  State of current operation: EXECUTING
09:52:42 INFO  State of current operation: EXECUTING
09:52:44 INFO  State of current operation: EXECUTING
09:52:47 INFO  State of current operation: EXECUTING
09:52:49 WARN  SystemError occurred while running test - Timeout while waiting for status FAILED or SUCCESSFUL
Traceback (most recent call last):
  File &quot;/home/pi/env-pysys/lib/python3.8/site-packages/pysys/baserunner.py&quot;, line 1292, in __call__
    self.testObj.setup()
  File &quot;/home/pi/actions-runner/_work/thin-edge.io/thin-edge.io/tests/PySys/software_management_end_to_end/sm_docker_install_remove_multiple/run.py&quot;, line 29, in setup
    super().setup()
  File &quot;/home/pi/actions-runner/_work/thin-edge.io/thin-edge.io/tests/PySys/software_management_end_to_end/environment_sm_management.py&quot;, line 151, in setup
    self.wait_until_end()
  File &quot;/home/pi/actions-runner/_work/thin-edge.io/thin-edge.io/tests/PySys/software_management_end_to_end/environment_sm_management.py&quot;, line 332, in wait_until_end
    self.wait_until_status(&quot;FAILED&quot;, &quot;SUCCESSFUL&quot;)
  File &quot;/home/pi/actions-runner/_work/thin-edge.io/thin-edge.io/tests/PySys/software_management_end_to_end/environment_sm_management.py&quot;, line 380, in wait_until_status
    raise SystemError(
SystemError: Timeout while waiting for status FAILED or SUCCESSFUL
09:52:49 WARN  SystemError: Timeout while waiting for status FAILED or SUCCESSFUL ... blocked 
09:52:49 INFO  
09:52:49 INFO  cleanup:
09:53:00 INFO  Executed sudo&lt;tedge_disconnect_c8y&gt;, exit status 0
09:53:00 INFO  Executed systemctl&lt;serv_mapper5&gt;, exit status 3
09:53:00 INFO  
09:53:00 INFO  Test duration: 140.92 secs
09:53:00 INFO  Test final outcome:  BLOCKED
09:53:00 INFO  Test outcome reason: SystemError: Timeout while waiting for status FAILED or SUCCESSFUL
09:53:00 INFO  
</system-out>
	</testcase>
</testsuite>
