<?xml version="1.0" encoding="utf-8"?>
<testsuite name="SoftwareManagement.Plugin.apama_plugin_install" tests="1" failures="1" skipped="0" time="0.06" timestamp="2022-05-02T15:24:02">
	<testcase classname="ApamaPluginInstallTest" name="SoftwareManagement.Plugin.apama_plugin_install">
		<failure message="BLOCKED: sudo&lt;plugin_install&gt; returned non-zero exit code 2" type="BLOCKED"/>
		<system-out>15:24:02 INFO  ==============================================================
15:24:02 INFO  Id:    SoftwareManagement.Plugin.apama_plugin_install
15:24:02 INFO  Dir:   plugin_apama/
15:24:02 INFO  Title: Validate apama plugin install
15:24:02 INFO  ==============================================================
15:24:02 INFO  Assertion that path exists=False for &quot;/etc/tedge/apama/project&quot; ... passed
15:24:02 WARN  Executed sudo&lt;plugin_install&gt;, exit status 2
15:24:02 INFO  Contents of plugin_install.err: 
  ERROR: Apama not installed at /opt/softwareag/Apama
  -----

15:24:02 WARN  sudo&lt;plugin_install&gt; returned non-zero exit code 2 ... blocked [run.py:20]
15:24:02 WARN  Aborted test due to BLOCKED outcome
15:24:02 INFO  
15:24:02 INFO  cleanup:
15:24:02 INFO  
15:24:02 INFO  Test duration: 0.06 secs
15:24:02 INFO  Test final outcome:  BLOCKED
15:24:02 INFO  Test outcome reason: sudo&lt;plugin_install&gt; returned non-zero exit code 2
15:24:02 INFO  
</system-out>
	</testcase>
</testsuite>
