<?xml version="1.0" encoding="utf-8"?>
<testsuite name="SoftwareManagement.sm_mixed_install_remove_multiple" tests="1" failures="1" skipped="0" time="140.78" timestamp="2022-05-23T10:00:02">
	<testcase classname="PySysTest" name="SoftwareManagement.sm_mixed_install_remove_multiple">
		<failure message="BLOCKED: SystemError: Timeout while waiting for status FAILED or SUCCESSFUL" type="BLOCKED"/>
		<system-out>09:57:41 INFO  ==============================================================
09:57:41 INFO  Id:    SoftwareManagement.sm_mixed_install_remove_multiple
09:57:41 INFO  Dir:   software_management_end_to_end/
09:57:41 INFO  Title: Validate end to end behaviour for the dummy-plugin for multiple packages with mixed versions
09:57:41 INFO  ==============================================================
09:57:41 INFO  Using sw id database: {'asciijump': '5475369', 'robotfindskitten': '5474869', 'squirrel3': '5475279', 'rolldice': '5152439', 'moon-buggy': '5439204', 'apple': '5495053', 'banana': '5494888', 'cherry': '5495382', 'watermelon': '5494510', 'registry': '8018911', 'hello-world': '8021526', 'docker/getting-started': '8021973', 'alpine': '7991792'}
09:57:41 INFO  EnvironmentC8y Setup
09:57:41 INFO  Executed systemctl&lt;serv_mapper1&gt;, exit status 3
09:57:41 INFO  Restarting mosquitto too frequently in the last 10 seconds. It was only up for 1 seconds
09:57:41 INFO  Delaying execution by 10 seconds
09:58:09 INFO  Executed sudo&lt;tedge_connect_c8y&gt;, exit status 0, duration 17 secs
09:58:09 INFO  Executed sudo&lt;tedge_connect_c8y_test&gt;, exit status 0
09:58:09 INFO  Executed systemctl&lt;serv_mosq2&gt;, exit status 0
09:58:10 INFO  Executed systemctl&lt;serv_mapper3&gt;, exit status 0
09:58:12 INFO  State of current operation: EXECUTING
09:58:14 INFO  State of current operation: EXECUTING
09:58:16 INFO  State of current operation: EXECUTING
09:58:18 INFO  State of current operation: EXECUTING
09:58:20 INFO  State of current operation: EXECUTING
09:58:22 INFO  State of current operation: EXECUTING
09:58:25 INFO  State of current operation: EXECUTING
09:58:27 INFO  State of current operation: EXECUTING
09:58:29 INFO  State of current operation: EXECUTING
09:58:31 INFO  State of current operation: EXECUTING
09:58:33 INFO  State of current operation: EXECUTING
09:58:35 INFO  State of current operation: EXECUTING
09:58:38 INFO  State of current operation: EXECUTING
09:58:40 INFO  State of current operation: EXECUTING
09:58:42 INFO  State of current operation: EXECUTING
09:58:44 INFO  State of current operation: EXECUTING
09:58:46 INFO  State of current operation: EXECUTING
09:58:48 INFO  State of current operation: EXECUTING
09:58:50 INFO  State of current operation: EXECUTING
09:58:53 INFO  State of current operation: EXECUTING
09:58:55 INFO  State of current operation: EXECUTING
09:58:57 INFO  State of current operation: EXECUTING
09:58:59 INFO  State of current operation: EXECUTING
09:59:01 INFO  State of current operation: EXECUTING
09:59:03 INFO  State of current operation: EXECUTING
09:59:06 INFO  State of current operation: EXECUTING
09:59:08 INFO  State of current operation: EXECUTING
09:59:10 INFO  State of current operation: EXECUTING
09:59:12 INFO  State of current operation: EXECUTING
09:59:14 INFO  State of current operation: EXECUTING
09:59:16 INFO  State of current operation: EXECUTING
09:59:19 INFO  State of current operation: EXECUTING
09:59:21 INFO  State of current operation: EXECUTING
09:59:23 INFO  State of current operation: EXECUTING
09:59:25 INFO  State of current operation: EXECUTING
09:59:27 INFO  State of current operation: EXECUTING
09:59:29 INFO  State of current operation: EXECUTING
09:59:32 INFO  State of current operation: EXECUTING
09:59:34 INFO  State of current operation: EXECUTING
09:59:36 INFO  State of current operation: EXECUTING
09:59:38 INFO  State of current operation: EXECUTING
09:59:40 INFO  State of current operation: EXECUTING
09:59:42 INFO  State of current operation: EXECUTING
09:59:45 INFO  State of current operation: EXECUTING
09:59:47 INFO  State of current operation: EXECUTING
09:59:49 INFO  State of current operation: EXECUTING
09:59:51 WARN  SystemError occurred while running test - Timeout while waiting for status FAILED or SUCCESSFUL
Traceback (most recent call last):
  File &quot;/home/pi/env-pysys/lib/python3.8/site-packages/pysys/baserunner.py&quot;, line 1292, in __call__
    self.testObj.setup()
  File &quot;/home/pi/actions-runner/_work/thin-edge.io/thin-edge.io/tests/PySys/software_management_end_to_end/sm_mixed_install_remove_multiple/run.py&quot;, line 83, in setup
    super().setup()
  File &quot;/home/pi/actions-runner/_work/thin-edge.io/thin-edge.io/tests/PySys/software_management_end_to_end/environment_sm_management.py&quot;, line 151, in setup
    self.wait_until_end()
  File &quot;/home/pi/actions-runner/_work/thin-edge.io/thin-edge.io/tests/PySys/software_management_end_to_end/environment_sm_management.py&quot;, line 332, in wait_until_end
    self.wait_until_status(&quot;FAILED&quot;, &quot;SUCCESSFUL&quot;)
  File &quot;/home/pi/actions-runner/_work/thin-edge.io/thin-edge.io/tests/PySys/software_management_end_to_end/environment_sm_management.py&quot;, line 380, in wait_until_status
    raise SystemError(
SystemError: Timeout while waiting for status FAILED or SUCCESSFUL
09:59:51 WARN  SystemError: Timeout while waiting for status FAILED or SUCCESSFUL ... blocked 
09:59:51 INFO  
09:59:51 INFO  cleanup:
10:00:02 INFO  Executed sudo&lt;tedge_disconnect_c8y&gt;, exit status 0, duration 11 secs
10:00:02 INFO  Executed systemctl&lt;serv_mapper5&gt;, exit status 3
10:00:02 INFO  
10:00:02 INFO  Test duration: 140.78 secs
10:00:02 INFO  Test final outcome:  BLOCKED
10:00:02 INFO  Test outcome reason: SystemError: Timeout while waiting for status FAILED or SUCCESSFUL
10:00:02 INFO  
</system-out>
	</testcase>
</testsuite>
