<?xml version="1.0" encoding="utf-8"?>
<testsuite name="SoftwareManagement.sm_apt_install_fail" tests="1" failures="0" skipped="0" time="47.86" timestamp="2022-05-16T07:39:52">
	<testcase classname="PySysTest" name="SoftwareManagement.sm_apt_install_fail"/>
</testsuite>
