<?xml version="1.0" encoding="utf-8"?>
<testsuite name="SoftwareManagement.sm_apt_install_remove_multiple" tests="1" failures="1" skipped="0" time="208.42" timestamp="2022-05-23T09:45:56">
	<testcase classname="PySysTest" name="SoftwareManagement.sm_apt_install_remove_multiple">
		<failure message="BLOCKED: SystemError: Timeout while waiting for status SUCCESSFUL or False" type="BLOCKED"/>
		<system-out>09:42:28 INFO  ==============================================================
09:42:28 INFO  Id:    SoftwareManagement.sm_apt_install_remove_multiple
09:42:28 INFO  Dir:   software_management_end_to_end/
09:42:28 INFO  Title: Validate end to end behaviour for the apt plugin for multiple packages
09:42:28 INFO  ==============================================================
09:42:28 INFO  Using sw id database: {'asciijump': '5475369', 'robotfindskitten': '5474869', 'squirrel3': '5475279', 'rolldice': '5152439', 'moon-buggy': '5439204', 'apple': '5495053', 'banana': '5494888', 'cherry': '5495382', 'watermelon': '5494510', 'registry': '8018911', 'hello-world': '8021526', 'docker/getting-started': '8021973', 'alpine': '7991792'}
09:42:28 INFO  EnvironmentC8y Setup
09:42:28 INFO  Executed systemctl&lt;serv_mapper1&gt;, exit status 3
09:42:28 INFO  Restarting mosquitto too frequently in the last 10 seconds. It was only up for 1 seconds
09:42:28 INFO  Delaying execution by 10 seconds
09:42:58 INFO  Executed sudo&lt;tedge_connect_c8y&gt;, exit status 0, duration 20 secs
09:42:59 INFO  Executed sudo&lt;tedge_connect_c8y_test&gt;, exit status 0
09:42:59 INFO  Executed systemctl&lt;serv_mosq2&gt;, exit status 0
09:42:59 INFO  Executed systemctl&lt;serv_mapper3&gt;, exit status 0
09:43:01 INFO  State of current operation: SUCCESSFUL
09:43:02 INFO  Assert that (False == value) with value=False ... passed
09:43:04 INFO  Assert that (False == value) with value=False ... passed
09:43:05 INFO  Assert that (False == value) with value=False ... passed
09:43:06 INFO  Assert that (False == value) with value=False ... passed
09:43:06 INFO  Response status: 201
09:43:06 INFO  Response to action: {
    &quot;delivery&quot;: {
        &quot;log&quot;: [],
        &quot;time&quot;: &quot;2022-05-23T09:43:06.901Z&quot;,
        &quot;status&quot;: &quot;PENDING&quot;
    },
    &quot;creationTime&quot;: &quot;2022-05-23T09:43:06.884Z&quot;,
    &quot;deviceId&quot;: &quot;19488622&quot;,
    &quot;deviceName&quot;: &quot;ubuntu-2gb-hel1-4-thin-edge-a&quot;,
    &quot;self&quot;: &quot;https://t493319102.eu-latest.cumulocity.com/devicecontrol/operations/19508223&quot;,
    &quot;id&quot;: &quot;19508223&quot;,
    &quot;status&quot;: &quot;PENDING&quot;,
    &quot;description&quot;: &quot;Apply software changes, triggered from PySys: [{'action': 'install', 'id': '5475369', 'name': 'asciijump', 'url': ' ', 'version': '::apt'}, {'action': 'install', 'id': '5474869', 'name': 'robotfindskitten', 'url': ' ', 'version': '::apt'}, {'action': 'install', 'id': '5475279', 'name': 'squirrel3', 'url': ' ', 'version': '::apt'}]&quot;,
    &quot;c8y_SoftwareUpdate&quot;: [
        {
            &quot;name&quot;: &quot;asciijump&quot;,
            &quot;action&quot;: &quot;install&quot;,
            &quot;id&quot;: &quot;5475369&quot;,
            &quot;version&quot;: &quot;::apt&quot;,
            &quot;url&quot;: &quot; &quot;
        },
        {
            &quot;name&quot;: &quot;robotfindskitten&quot;,
            &quot;action&quot;: &quot;install&quot;,
            &quot;id&quot;: &quot;5474869&quot;,
            &quot;version&quot;: &quot;::apt&quot;,
            &quot;url&quot;: &quot; &quot;
        },
        {
            &quot;name&quot;: &quot;squirrel3&quot;,
            &quot;action&quot;: &quot;install&quot;,
            &quot;id&quot;: &quot;5475279&quot;,
            &quot;version&quot;: &quot;::apt&quot;,
            &quot;url&quot;: &quot; &quot;
        }
    ]
}
09:43:06 INFO  Started operation: {'delivery': {'log': [], 'time': '2022-05-23T09:43:06.901Z', 'status': 'PENDING'}, 'creationTime': '2022-05-23T09:43:06.884Z', 'deviceId': '19488622', 'deviceName': 'ubuntu-2gb-hel1-4-thin-edge-a', 'self': 'https://t493319102.eu-latest.cumulocity.com/devicecontrol/operations/19508223', 'id': '19508223', 'status': 'PENDING', 'description': &quot;Apply software changes, triggered from PySys: [{'action': 'install', 'id': '5475369', 'name': 'asciijump', 'url': ' ', 'version': '::apt'}, {'action': 'install', 'id': '5474869', 'name': 'robotfindskitten', 'url': ' ', 'version': '::apt'}, {'action': 'install', 'id': '5475279', 'name': 'squirrel3', 'url': ' ', 'version': '::apt'}]&quot;, 'c8y_SoftwareUpdate': [{'name': 'asciijump', 'action': 'install', 'id': '5475369', 'version': '::apt', 'url': ' '}, {'name': 'robotfindskitten', 'action': 'install', 'id': '5474869', 'version': '::apt', 'url': ' '}, {'name': 'squirrel3', 'action': 'install', 'id': '5475279', 'version': '::apt', 'url': ' '}]}
09:43:12 INFO  State of operation 19508223 : EXECUTING
09:43:15 INFO  State of operation 19508223 : EXECUTING
09:43:17 INFO  State of operation 19508223 : EXECUTING
09:43:20 INFO  State of operation 19508223 : SUCCESSFUL
09:43:21 INFO  Assert that (False == value) with value=False ... passed
09:43:21 INFO  Package asciijump is installed
09:43:21 INFO  Assert that (True == value) with value=True ... passed
09:43:22 INFO  Package squirrel3 is installed
09:43:22 INFO  Assert that (True == value) with value=True ... passed
09:43:22 INFO  Package robotfindskitten is installed
09:43:22 INFO  Assert that (True == value) with value=True ... passed
09:43:23 INFO  Response status: 201
09:43:23 INFO  Response to action: {
    &quot;delivery&quot;: {
        &quot;log&quot;: [],
        &quot;time&quot;: &quot;2022-05-23T09:43:23.697Z&quot;,
        &quot;status&quot;: &quot;PENDING&quot;
    },
    &quot;creationTime&quot;: &quot;2022-05-23T09:43:23.679Z&quot;,
    &quot;deviceId&quot;: &quot;19488622&quot;,
    &quot;deviceName&quot;: &quot;ubuntu-2gb-hel1-4-thin-edge-a&quot;,
    &quot;self&quot;: &quot;https://t493319102.eu-latest.cumulocity.com/devicecontrol/operations/19508231&quot;,
    &quot;id&quot;: &quot;19508231&quot;,
    &quot;status&quot;: &quot;PENDING&quot;,
    &quot;description&quot;: &quot;Apply software changes, triggered from PySys: [{'action': 'delete', 'id': '5475369', 'name': 'asciijump', 'url': ' ', 'version': '::apt'}, {'action': 'delete', 'id': '5474869', 'name': 'robotfindskitten', 'url': ' ', 'version': '::apt'}, {'action': 'delete', 'id': '5475279', 'name': 'squirrel3', 'url': ' ', 'version': '::apt'}]&quot;,
    &quot;c8y_SoftwareUpdate&quot;: [
        {
            &quot;name&quot;: &quot;asciijump&quot;,
            &quot;action&quot;: &quot;delete&quot;,
            &quot;id&quot;: &quot;5475369&quot;,
            &quot;version&quot;: &quot;::apt&quot;,
            &quot;url&quot;: &quot; &quot;
        },
        {
            &quot;name&quot;: &quot;robotfindskitten&quot;,
            &quot;action&quot;: &quot;delete&quot;,
            &quot;id&quot;: &quot;5474869&quot;,
            &quot;version&quot;: &quot;::apt&quot;,
            &quot;url&quot;: &quot; &quot;
        },
        {
            &quot;name&quot;: &quot;squirrel3&quot;,
            &quot;action&quot;: &quot;delete&quot;,
            &quot;id&quot;: &quot;5475279&quot;,
            &quot;version&quot;: &quot;::apt&quot;,
            &quot;url&quot;: &quot; &quot;
        }
    ]
}
09:43:23 INFO  Started operation: {'delivery': {'log': [], 'time': '2022-05-23T09:43:23.697Z', 'status': 'PENDING'}, 'creationTime': '2022-05-23T09:43:23.679Z', 'deviceId': '19488622', 'deviceName': 'ubuntu-2gb-hel1-4-thin-edge-a', 'self': 'https://t493319102.eu-latest.cumulocity.com/devicecontrol/operations/19508231', 'id': '19508231', 'status': 'PENDING', 'description': &quot;Apply software changes, triggered from PySys: [{'action': 'delete', 'id': '5475369', 'name': 'asciijump', 'url': ' ', 'version': '::apt'}, {'action': 'delete', 'id': '5474869', 'name': 'robotfindskitten', 'url': ' ', 'version': '::apt'}, {'action': 'delete', 'id': '5475279', 'name': 'squirrel3', 'url': ' ', 'version': '::apt'}]&quot;, 'c8y_SoftwareUpdate': [{'name': 'asciijump', 'action': 'delete', 'id': '5475369', 'version': '::apt', 'url': ' '}, {'name': 'robotfindskitten', 'action': 'delete', 'id': '5474869', 'version': '::apt', 'url': ' '}, {'name': 'squirrel3', 'action': 'delete', 'id': '5475279', 'version': '::apt', 'url': ' '}]}
09:43:26 INFO  State of operation 19508231 : EXECUTING
09:43:28 INFO  State of operation 19508231 : EXECUTING
09:43:31 INFO  State of operation 19508231 : EXECUTING
09:43:33 INFO  State of operation 19508231 : EXECUTING
09:43:35 INFO  State of operation 19508231 : EXECUTING
09:43:38 INFO  State of operation 19508231 : EXECUTING
09:43:40 INFO  State of operation 19508231 : EXECUTING
09:43:42 INFO  State of operation 19508231 : EXECUTING
09:43:45 INFO  State of operation 19508231 : EXECUTING
09:43:47 INFO  State of operation 19508231 : EXECUTING
09:43:49 INFO  State of operation 19508231 : EXECUTING
09:43:52 INFO  State of operation 19508231 : EXECUTING
09:43:54 INFO  State of operation 19508231 : EXECUTING
09:43:56 INFO  State of operation 19508231 : EXECUTING
09:43:59 INFO  State of operation 19508231 : EXECUTING
09:44:01 INFO  State of operation 19508231 : EXECUTING
09:44:03 INFO  State of operation 19508231 : EXECUTING
09:44:06 INFO  State of operation 19508231 : EXECUTING
09:44:08 INFO  State of operation 19508231 : EXECUTING
09:44:10 INFO  State of operation 19508231 : EXECUTING
09:44:13 INFO  State of operation 19508231 : EXECUTING
09:44:15 INFO  State of operation 19508231 : EXECUTING
09:44:18 INFO  State of operation 19508231 : EXECUTING
09:44:20 INFO  State of operation 19508231 : EXECUTING
09:44:22 INFO  State of operation 19508231 : EXECUTING
09:44:25 INFO  State of operation 19508231 : EXECUTING
09:44:27 INFO  State of operation 19508231 : EXECUTING
09:44:30 INFO  State of operation 19508231 : EXECUTING
09:44:32 INFO  State of operation 19508231 : EXECUTING
09:44:34 INFO  State of operation 19508231 : EXECUTING
09:44:37 INFO  State of operation 19508231 : EXECUTING
09:44:39 INFO  State of operation 19508231 : EXECUTING
09:44:41 INFO  State of operation 19508231 : EXECUTING
09:44:44 INFO  State of operation 19508231 : EXECUTING
09:44:46 INFO  State of operation 19508231 : EXECUTING
09:44:48 INFO  State of operation 19508231 : EXECUTING
09:44:51 INFO  State of operation 19508231 : EXECUTING
09:44:53 INFO  State of operation 19508231 : EXECUTING
09:44:55 INFO  State of operation 19508231 : EXECUTING
09:44:58 INFO  State of operation 19508231 : EXECUTING
09:45:00 INFO  State of operation 19508231 : EXECUTING
09:45:03 INFO  State of operation 19508231 : EXECUTING
09:45:37 INFO  State of operation 19508231 : EXECUTING
09:45:39 INFO  State of operation 19508231 : EXECUTING
09:45:41 INFO  State of operation 19508231 : EXECUTING
09:45:43 INFO  State of operation 19508231 : EXECUTING
09:45:45 WARN  SystemError occurred while running test - Timeout while waiting for status SUCCESSFUL or False
Traceback (most recent call last):
  File &quot;/home/pi/env-pysys/lib/python3.8/site-packages/pysys/baserunner.py&quot;, line 1294, in __call__
    self.testObj.execute()
  File &quot;/home/pi/actions-runner/_work/thin-edge.io/thin-edge.io/tests/PySys/software_management_end_to_end/sm_apt_install_remove_multiple/run.py&quot;, line 78, in execute
    self.wait_until_succcess()
  File &quot;/home/pi/actions-runner/_work/thin-edge.io/thin-edge.io/tests/PySys/software_management_end_to_end/environment_sm_management.py&quot;, line 324, in wait_until_succcess
    self.wait_until_status(&quot;SUCCESSFUL&quot;)
  File &quot;/home/pi/actions-runner/_work/thin-edge.io/thin-edge.io/tests/PySys/software_management_end_to_end/environment_sm_management.py&quot;, line 380, in wait_until_status
    raise SystemError(
SystemError: Timeout while waiting for status SUCCESSFUL or False
09:45:45 WARN  SystemError: Timeout while waiting for status SUCCESSFUL or False ... blocked 
09:45:45 INFO  
09:45:45 INFO  cleanup:
09:45:56 INFO  Executed sudo&lt;tedge_disconnect_c8y&gt;, exit status 0
09:45:56 INFO  Executed systemctl&lt;serv_mapper5&gt;, exit status 3
09:45:56 INFO  
09:45:56 INFO  Test duration: 208.42 secs
09:45:56 INFO  Test final outcome:  BLOCKED
09:45:56 INFO  Test outcome reason: SystemError: Timeout while waiting for status SUCCESSFUL or False
09:45:56 INFO  
</system-out>
	</testcase>
</testsuite>
