<?xml version="1.0" encoding="utf-8"?>
<testsuite name="SoftwareManagement.sm_fake_install_remove" tests="1" failures="1" skipped="0" time="140.38" timestamp="2022-05-23T09:55:20">
	<testcase classname="PySysTest" name="SoftwareManagement.sm_fake_install_remove">
		<failure message="BLOCKED: SystemError: Timeout while waiting for status FAILED or SUCCESSFUL" type="BLOCKED"/>
		<system-out>09:53:00 INFO  ==============================================================
09:53:00 INFO  Id:    SoftwareManagement.sm_fake_install_remove
09:53:00 INFO  Dir:   software_management_end_to_end/
09:53:00 INFO  Title: Validate end to end behaviour for the dummy plugin for installation and removal of packages
09:53:00 INFO  ==============================================================
09:53:00 INFO  Using sw id database: {'asciijump': '5475369', 'robotfindskitten': '5474869', 'squirrel3': '5475279', 'rolldice': '5152439', 'moon-buggy': '5439204', 'apple': '5495053', 'banana': '5494888', 'cherry': '5495382', 'watermelon': '5494510', 'registry': '8018911', 'hello-world': '8021526', 'docker/getting-started': '8021973', 'alpine': '7991792'}
09:53:00 INFO  EnvironmentC8y Setup
09:53:00 INFO  Executed systemctl&lt;serv_mapper1&gt;, exit status 3
09:53:00 INFO  Restarting mosquitto too frequently in the last 10 seconds. It was only up for 1 seconds
09:53:00 INFO  Delaying execution by 10 seconds
09:53:27 INFO  Executed sudo&lt;tedge_connect_c8y&gt;, exit status 0, duration 17 secs
09:53:28 INFO  Executed sudo&lt;tedge_connect_c8y_test&gt;, exit status 0
09:53:28 INFO  Executed systemctl&lt;serv_mosq2&gt;, exit status 0
09:53:28 INFO  Executed systemctl&lt;serv_mapper3&gt;, exit status 0
09:53:30 INFO  State of current operation: EXECUTING
09:53:32 INFO  State of current operation: EXECUTING
09:53:34 INFO  State of current operation: EXECUTING
09:53:36 INFO  State of current operation: EXECUTING
09:53:39 INFO  State of current operation: EXECUTING
09:53:41 INFO  State of current operation: EXECUTING
09:53:43 INFO  State of current operation: EXECUTING
09:53:45 INFO  State of current operation: EXECUTING
09:53:47 INFO  State of current operation: EXECUTING
09:53:49 INFO  State of current operation: EXECUTING
09:53:52 INFO  State of current operation: EXECUTING
09:53:54 INFO  State of current operation: EXECUTING
09:53:56 INFO  State of current operation: EXECUTING
09:53:58 INFO  State of current operation: EXECUTING
09:54:00 INFO  State of current operation: EXECUTING
09:54:02 INFO  State of current operation: EXECUTING
09:54:04 INFO  State of current operation: EXECUTING
09:54:07 INFO  State of current operation: EXECUTING
09:54:09 INFO  State of current operation: EXECUTING
09:54:11 INFO  State of current operation: EXECUTING
09:54:13 INFO  State of current operation: EXECUTING
09:54:15 INFO  State of current operation: EXECUTING
09:54:17 INFO  State of current operation: EXECUTING
09:54:20 INFO  State of current operation: EXECUTING
09:54:22 INFO  State of current operation: EXECUTING
09:54:24 INFO  State of current operation: EXECUTING
09:54:26 INFO  State of current operation: EXECUTING
09:54:28 INFO  State of current operation: EXECUTING
09:54:30 INFO  State of current operation: EXECUTING
09:54:32 INFO  State of current operation: EXECUTING
09:54:35 INFO  State of current operation: EXECUTING
09:54:37 INFO  State of current operation: EXECUTING
09:54:39 INFO  State of current operation: EXECUTING
09:54:41 INFO  State of current operation: EXECUTING
09:54:43 INFO  State of current operation: EXECUTING
09:54:45 INFO  State of current operation: EXECUTING
09:54:48 INFO  State of current operation: EXECUTING
09:54:50 INFO  State of current operation: EXECUTING
09:54:52 INFO  State of current operation: EXECUTING
09:54:54 INFO  State of current operation: EXECUTING
09:54:56 INFO  State of current operation: EXECUTING
09:54:58 INFO  State of current operation: EXECUTING
09:55:01 INFO  State of current operation: EXECUTING
09:55:03 INFO  State of current operation: EXECUTING
09:55:05 INFO  State of current operation: EXECUTING
09:55:07 INFO  State of current operation: EXECUTING
09:55:09 WARN  SystemError occurred while running test - Timeout while waiting for status FAILED or SUCCESSFUL
Traceback (most recent call last):
  File &quot;/home/pi/env-pysys/lib/python3.8/site-packages/pysys/baserunner.py&quot;, line 1292, in __call__
    self.testObj.setup()
  File &quot;/home/pi/actions-runner/_work/thin-edge.io/thin-edge.io/tests/PySys/software_management_end_to_end/sm_fake_install_remove/run.py&quot;, line 38, in setup
    super().setup()
  File &quot;/home/pi/actions-runner/_work/thin-edge.io/thin-edge.io/tests/PySys/software_management_end_to_end/environment_sm_management.py&quot;, line 151, in setup
    self.wait_until_end()
  File &quot;/home/pi/actions-runner/_work/thin-edge.io/thin-edge.io/tests/PySys/software_management_end_to_end/environment_sm_management.py&quot;, line 332, in wait_until_end
    self.wait_until_status(&quot;FAILED&quot;, &quot;SUCCESSFUL&quot;)
  File &quot;/home/pi/actions-runner/_work/thin-edge.io/thin-edge.io/tests/PySys/software_management_end_to_end/environment_sm_management.py&quot;, line 380, in wait_until_status
    raise SystemError(
SystemError: Timeout while waiting for status FAILED or SUCCESSFUL
09:55:09 WARN  SystemError: Timeout while waiting for status FAILED or SUCCESSFUL ... blocked 
09:55:09 INFO  
09:55:09 INFO  cleanup:
09:55:20 INFO  Executed sudo&lt;tedge_disconnect_c8y&gt;, exit status 0
09:55:20 INFO  Executed systemctl&lt;serv_mapper5&gt;, exit status 3
09:55:20 INFO  
09:55:20 INFO  Test duration: 140.38 secs
09:55:20 INFO  Test final outcome:  BLOCKED
09:55:20 INFO  Test outcome reason: SystemError: Timeout while waiting for status FAILED or SUCCESSFUL
09:55:20 INFO  
</system-out>
	</testcase>
</testsuite>
