<?xml version="1.0" encoding="utf-8"?>
<testsuite name="SoftwareManagement.Plugin.apama_plugin_update" tests="1" failures="1" skipped="0" time="1.11" timestamp="2022-05-03T08:11:01">
	<testcase classname="ApamaPluginUpdateTest" name="SoftwareManagement.Plugin.apama_plugin_update">
		<failure message="BLOCKED: sudo&lt;restart_apama_service&gt; returned non-zero exit code 1" type="BLOCKED"/>
		<system-out>08:11:00 INFO  ==============================================================
08:11:00 INFO  Id:    SoftwareManagement.Plugin.apama_plugin_update
08:11:00 INFO  Dir:   plugin_apama/
08:11:00 INFO  Title: Validate apama plugin updating one project with another
08:11:00 INFO  ==============================================================
08:11:00 INFO  Assertion that path exists=False for &quot;/etc/tedge/apama/project&quot; ... passed
08:11:00 INFO  Executed sudo&lt;create_project_dir&gt;, exit status 0
08:11:00 INFO  Executed sudo&lt;unzip_apama_project&gt;, exit status 0
08:11:00 INFO  Executed sudo&lt;move_apama_project&gt;, exit status 0
08:11:00 WARN  Executed sudo&lt;restart_apama_service&gt;, exit status 1
08:11:00 INFO  Contents of restart_apama_service.err: 
  Job for apama.service failed because the control process exited with error code.
  See &quot;systemctl status apama.service&quot; and &quot;journalctl -xe&quot; for details.
  -----

08:11:00 WARN  sudo&lt;restart_apama_service&gt; returned non-zero exit code 1 ... blocked 
08:11:00 WARN  Aborted test due to BLOCKED outcome
08:11:00 INFO  
08:11:00 INFO  cleanup:
08:11:00 INFO  Removing apama project
08:11:01 INFO  Executed sudo&lt;stop_apama_service&gt;, exit status 0
08:11:01 INFO  Executed sudo&lt;remove_apama_project&gt;, exit status 0
08:11:01 INFO  Executed sudo&lt;remove_apama_tmp_dir&gt;, exit status 0
08:11:01 INFO  
08:11:01 INFO  Test duration: 1.11 secs
08:11:01 INFO  Test final outcome:  BLOCKED
08:11:01 INFO  Test outcome reason: sudo&lt;restart_apama_service&gt; returned non-zero exit code 1
08:11:01 INFO  
</system-out>
	</testcase>
</testsuite>
