<?xml version="1.0" encoding="utf-8"?>
<testsuite name="SoftwareManagement.sm_apt_install_fail" tests="1" failures="0" skipped="0" time="45.62" timestamp="2022-05-09T07:18:59">
	<testcase classname="PySysTest" name="SoftwareManagement.sm_apt_install_fail"/>
</testsuite>
