<?xml version="1.0" encoding="utf-8"?>
<testsuite failures="0" name="pysys_block" skipped="1" tests="1" time="0.02" timestamp="2022-02-09T11:11:21">
	<testcase classname="Fail" name="pysys_block"/>
</testsuite>
