<?xml version="1.0" encoding="utf-8"?>
<testsuite failures="0" name="docker_plugin_remove" skipped="1" tests="1" time="0.01" timestamp="2022-03-21T16:48:59">
	<testcase classname="DockerPluginRemoveTest" name="docker_plugin_remove">
		<skipped message="SKIPPED: Testing the docker plugin is not supported on this platform.To run it, all the test with -XmyPlatform='container'"/>
		<system-out>16:48:58 DEBUG deletedir failed to update permissions and delete /home/pi/actions-runner/_work/thin-edge.io/thin-edge.io/tests/PySys/plugin_docker/docker_plugin_remove/Output/linux on this attempt: [Errno 2] No such file or directory: '/home/pi/actions-runner/_work/thin-edge.io/thin-edge.io/tests/PySys/plugin_docker/docker_plugin_remove/Output/linux'
16:48:59 INFO  ==============================================================
16:48:59 INFO  Id:    docker_plugin_remove
16:48:59 INFO  Dir:   plugin_docker/
16:48:59 INFO  Title: Validate docker plugin remove
16:48:59 DEBUG Execution order hint: 0.0
16:48:59 INFO  ==============================================================
16:48:59 INFO  Testing the docker plugin is not supported on this platform.To run it, all the test with -XmyPlatform='container' ... skipped
16:48:59 WARN  Aborted test due to SKIPPED outcome
16:48:59 DEBUG --- test cleanup
16:48:59 DEBUG ProcessUser cleanup function done.
16:48:59 INFO  
16:48:59 INFO  Test duration: 0.01 secs
16:48:59 INFO  Test final outcome:  SKIPPED
16:48:59 INFO  Test outcome reason: Testing the docker plugin is not supported on this platform.To run it, all the test with -XmyPlatform='container'
16:48:59 INFO  
</system-out>
	</testcase>
</testsuite>
