<?xml version="1.0" encoding="utf-8"?>
<testsuite failures="0" name="SoftwareManagement.sm_fake_install_remove" skipped="1" tests="1" time="0.01" timestamp="2022-04-04T08:30:17">
	<testcase classname="PySysTest" name="SoftwareManagement.sm_fake_install_remove">
		<skipped message="SKIPPED: Testing the fake plugin is not enabled.Use parameter -Xfakeplugin=fakeplugin to enable it"/>
		<system-out>08:30:17 DEBUG deletedir failed to update permissions and delete /home/pi/actions-runner/_work/thin-edge.io/thin-edge.io/tests/PySys/software_management_end_to_end/sm_fake_install_remove/Output/linux on this attempt: [Errno 2] No such file or directory: '/home/pi/actions-runner/_work/thin-edge.io/thin-edge.io/tests/PySys/software_management_end_to_end/sm_fake_install_remove/Output/linux'
08:30:17 INFO  ==============================================================
08:30:17 INFO  Id:    SoftwareManagement.sm_fake_install_remove
08:30:17 INFO  Dir:   software_management_end_to_end/
08:30:17 INFO  Title: Validate end to end behaviour for the dummy plugin for installation and removal of packages
08:30:17 DEBUG Execution order hint: 0.0
08:30:17 INFO  ==============================================================
08:30:17 INFO  Testing the fake plugin is not enabled.Use parameter -Xfakeplugin=fakeplugin to enable it ... skipped
08:30:17 WARN  Aborted test due to SKIPPED outcome
08:30:17 DEBUG --- test cleanup
08:30:17 DEBUG ProcessUser cleanup function done.
08:30:17 INFO  
08:30:17 INFO  Test duration: 0.01 secs
08:30:17 INFO  Test final outcome:  SKIPPED
08:30:17 INFO  Test outcome reason: Testing the fake plugin is not enabled.Use parameter -Xfakeplugin=fakeplugin to enable it
08:30:17 INFO  
</system-out>
	</testcase>
</testsuite>
