<?xml version="1.0" encoding="utf-8"?>
<testsuite failures="0" name="mqtt_port_unset" skipped="0" tests="1" time="0.99" timestamp="2022-02-15T21:20:30">
	<testcase classname="MqttPortUnSet" name="mqtt_port_unset"/>
</testsuite>
