<?xml version="1.0" encoding="utf-8"?>
<testsuite failures="0" name="apt_install" skipped="1" tests="1" time="0.01" timestamp="2022-03-29T16:39:43">
	<testcase classname="AptPluginInstallDense" name="apt_install">
		<skipped message="SKIPPED: Testing the apt plugin is not supported on this platform.To run the tests call PySys with -XmyPlatform='container'"/>
		<system-out>16:39:43 DEBUG deletedir failed to update permissions and delete /home/pi/actions-runner/_work/thin-edge.io/thin-edge.io/tests/PySys/plugin_apt/apt_install/Output/linux on this attempt: [Errno 2] No such file or directory: '/home/pi/actions-runner/_work/thin-edge.io/thin-edge.io/tests/PySys/plugin_apt/apt_install/Output/linux'
16:39:43 INFO  ==============================================================
16:39:43 INFO  Id:    apt_install
16:39:43 INFO  Dir:   plugin_apt/
16:39:43 INFO  Title: Validate apt plugin prepare - dense version
16:39:43 DEBUG Execution order hint: 0.0
16:39:43 INFO  ==============================================================
16:39:43 INFO  Testing the apt plugin is not supported on this platform.To run the tests call PySys with -XmyPlatform='container' ... skipped
16:39:43 WARN  Aborted test due to SKIPPED outcome
16:39:43 DEBUG --- test cleanup
16:39:43 DEBUG ProcessUser cleanup function done.
16:39:43 INFO  
16:39:43 INFO  Test duration: 0.01 secs
16:39:43 INFO  Test final outcome:  SKIPPED
16:39:43 INFO  Test outcome reason: Testing the apt plugin is not supported on this platform.To run the tests call PySys with -XmyPlatform='container'
16:39:43 INFO  
</system-out>
	</testcase>
</testsuite>
