<?xml version="1.0" encoding="utf-8"?>
<testsuite failures="0" name="smoketest_json" skipped="0" tests="1" time="41.26" timestamp="2022-02-15T21:24:17">
	<testcase classname="SmokeTestJson" name="smoketest_json"/>
</testsuite>
