<?xml version="1.0" encoding="utf-8"?>
<testsuite failures="0" name="invalid_device_id" skipped="0" tests="1" time="2.54" timestamp="2022-02-24T13:34:04">
	<testcase classname="InvalidDeviceId" name="invalid_device_id"/>
</testsuite>
