<?xml version="1.0" encoding="utf-8"?>
<testsuite failures="0" name="pysys_block" skipped="1" tests="1" time="0.01" timestamp="2022-03-29T16:39:03">
	<testcase classname="Fail" name="pysys_block">
		<skipped message="SKIPPED: Enable this to observe a blocking test"/>
		<system-out>16:39:03 DEBUG deletedir failed to update permissions and delete /home/pi/actions-runner/_work/thin-edge.io/thin-edge.io/tests/PySys/misc_features/pysys_block/Output/linux on this attempt: [Errno 2] No such file or directory: '/home/pi/actions-runner/_work/thin-edge.io/thin-edge.io/tests/PySys/misc_features/pysys_block/Output/linux'
16:39:03 INFO  ==============================================================
16:39:03 INFO  Id:    pysys_block
16:39:03 INFO  Dir:   misc_features/
16:39:03 INFO  Title: fail
16:39:03 DEBUG Execution order hint: 0.0
16:39:03 INFO  ==============================================================
16:39:03 INFO  Enable this to observe a blocking test ... skipped
16:39:03 DEBUG --- test cleanup
16:39:03 DEBUG ProcessUser cleanup function done.
16:39:03 INFO  
16:39:03 INFO  Test duration: 0.01 secs
16:39:03 INFO  Test final outcome:  SKIPPED
16:39:03 INFO  Test outcome reason: Enable this to observe a blocking test
16:39:03 INFO  
</system-out>
	</testcase>
</testsuite>
