<?xml version="1.0" encoding="utf-8"?>
<testsuite failures="0" name="tedge_disconnect_test_sm_services" skipped="0" tests="1" time="31.98" timestamp="2022-02-07T14:16:07">
	<testcase classname="TedgeDisConnectTestSMServices" name="tedge_disconnect_test_sm_services"/>
</testsuite>
