<?xml version="1.0" encoding="utf-8"?>
<testsuite failures="0" name="publish_flux" skipped="0" tests="1" time="65.4" timestamp="2022-03-29T16:40:52">
	<testcase classname="PublishFlux" name="publish_flux"/>
</testsuite>
