<?xml version="1.0" encoding="utf-8"?>
<testsuite failures="0" name="smoketest_smartrest" skipped="0" tests="1" time="43.11" timestamp="2022-02-09T14:49:52">
	<testcase classname="SmoketestSmartRest" name="smoketest_smartrest"/>
</testsuite>
