<?xml version="1.0" encoding="utf-8"?>
<testsuite failures="0" name="c8y_restart_bridge" skipped="0" tests="1" time="18.75" timestamp="2022-03-03T11:11:13">
	<testcase classname="RestartBridge" name="c8y_restart_bridge"/>
</testsuite>
