<?xml version="1.0" encoding="utf-8"?>
<testsuite failures="0" name="local_mqtt_sub_fail" skipped="0" tests="1" time="1.02" timestamp="2022-03-21T12:43:58">
	<testcase classname="PySysTest" name="local_mqtt_sub_fail"/>
</testsuite>
