<?xml version="1.0" encoding="utf-8"?>
<testsuite failures="0" name="SoftwareManagement.Plugin.apama_plugin_install" skipped="1" tests="1" time="0.03" timestamp="2022-03-21T12:46:19">
	<testcase classname="ApamaPluginInstallTest" name="SoftwareManagement.Plugin.apama_plugin_install">
		<skipped message="SKIPPED: Apama plugin tests are disabled by default. Execute `pysys run` with `-XmyPlatform=container` to run these tests"/>
		<system-out>12:46:19 DEBUG deletedir failed to update permissions and delete /home/pi/actions-runner/_work/thin-edge.io/thin-edge.io/tests/PySys/plugin_apama/apama_plugin_install/Output/linux on this attempt: [Errno 2] No such file or directory: '/home/pi/actions-runner/_work/thin-edge.io/thin-edge.io/tests/PySys/plugin_apama/apama_plugin_install/Output/linux'
12:46:19 INFO  ==============================================================
12:46:19 INFO  Id:    SoftwareManagement.Plugin.apama_plugin_install
12:46:19 INFO  Dir:   plugin_apama/
12:46:19 INFO  Title: Validate apama plugin install
12:46:19 DEBUG Execution order hint: 0.0
12:46:19 INFO  ==============================================================
12:46:19 INFO  Apama plugin tests are disabled by default. Execute `pysys run` with `-XmyPlatform=container` to run these tests ... skipped
12:46:19 WARN  Aborted test due to SKIPPED outcome
12:46:19 DEBUG --- test cleanup
12:46:19 DEBUG ProcessUser cleanup function done.
12:46:19 INFO  
12:46:19 INFO  Test duration: 0.03 secs
12:46:19 INFO  Test final outcome:  SKIPPED
12:46:19 INFO  Test outcome reason: Apama plugin tests are disabled by default. Execute `pysys run` with `-XmyPlatform=container` to run these tests
12:46:19 INFO  
</system-out>
	</testcase>
</testsuite>
