<?xml version="1.0" encoding="utf-8"?>
<testsuite failures="0" name="publish_flux" skipped="0" tests="1" time="65.64" timestamp="2022-04-04T08:21:30">
	<testcase classname="PublishFlux" name="publish_flux"/>
</testsuite>
