<?xml version="1.0" encoding="utf-8"?>
<testsuite failures="0" name="docker_plugin_install" skipped="1" tests="1" time="0.03" timestamp="2022-02-22T10:34:56">
	<testcase classname="DockerPluginInstallTest" name="docker_plugin_install"/>
</testsuite>
