<?xml version="1.0" encoding="utf-8"?>
<testsuite failures="0" name="apt_remove" skipped="1" tests="1" time="0.02" timestamp="2022-03-21T12:46:21">
	<testcase classname="AptPluginRemoveDense" name="apt_remove">
		<skipped message="SKIPPED: Testing the apt plugin is not supported on this platform.To run the tests call PySys with -XmyPlatform='container'"/>
		<system-out>12:46:21 DEBUG deletedir failed to update permissions and delete /home/pi/actions-runner/_work/thin-edge.io/thin-edge.io/tests/PySys/plugin_apt/apt_remove/Output/linux on this attempt: [Errno 2] No such file or directory: '/home/pi/actions-runner/_work/thin-edge.io/thin-edge.io/tests/PySys/plugin_apt/apt_remove/Output/linux'
12:46:21 INFO  ==============================================================
12:46:21 INFO  Id:    apt_remove
12:46:21 INFO  Dir:   plugin_apt/
12:46:21 INFO  Title: Validate apt plugin prepare - dense version
12:46:21 DEBUG Execution order hint: 0.0
12:46:21 INFO  ==============================================================
12:46:21 INFO  Testing the apt plugin is not supported on this platform.To run the tests call PySys with -XmyPlatform='container' ... skipped
12:46:21 WARN  Aborted test due to SKIPPED outcome
12:46:21 DEBUG --- test cleanup
12:46:21 DEBUG ProcessUser cleanup function done.
12:46:21 INFO  
12:46:21 INFO  Test duration: 0.02 secs
12:46:21 INFO  Test final outcome:  SKIPPED
12:46:21 INFO  Test outcome reason: Testing the apt plugin is not supported on this platform.To run the tests call PySys with -XmyPlatform='container'
12:46:21 INFO  
</system-out>
	</testcase>
</testsuite>
