<?xml version="1.0" encoding="utf-8"?>
<testsuite failures="0" name="pysys_block" skipped="1" tests="1" time="0.02" timestamp="2022-03-30T08:17:28">
	<testcase classname="Fail" name="pysys_block">
		<skipped message="SKIPPED: Enable this to observe a blocking test"/>
		<system-out>08:17:28 DEBUG deletedir failed to update permissions and delete /home/pi/actions-runner/_work/thin-edge.io/thin-edge.io/tests/PySys/misc_features/pysys_block/Output/linux on this attempt: [Errno 2] No such file or directory: '/home/pi/actions-runner/_work/thin-edge.io/thin-edge.io/tests/PySys/misc_features/pysys_block/Output/linux'
08:17:28 INFO  ==============================================================
08:17:28 INFO  Id:    pysys_block
08:17:28 INFO  Dir:   misc_features/
08:17:28 INFO  Title: fail
08:17:28 DEBUG Execution order hint: 0.0
08:17:28 INFO  ==============================================================
08:17:28 INFO  Enable this to observe a blocking test ... skipped
08:17:28 DEBUG --- test cleanup
08:17:28 DEBUG ProcessUser cleanup function done.
08:17:28 INFO  
08:17:28 INFO  Test duration: 0.02 secs
08:17:28 INFO  Test final outcome:  SKIPPED
08:17:28 INFO  Test outcome reason: Enable this to observe a blocking test
08:17:28 INFO  
</system-out>
	</testcase>
</testsuite>
