<?xml version="1.0" encoding="utf-8"?>
<testsuite failures="0" name="sm_tedge_mapper_init_session" skipped="0" tests="1" time="35.46" timestamp="2022-04-04T08:33:36">
	<testcase classname="TedgeSMMapperInitSession" name="sm_tedge_mapper_init_session"/>
</testsuite>
