<?xml version="1.0" encoding="utf-8"?>
<testsuite failures="0" name="smoketest_json" skipped="0" tests="1" time="39.48" timestamp="2022-03-28T17:52:24">
	<testcase classname="SmokeTestJson" name="smoketest_json"/>
</testsuite>
