<?xml version="1.0" encoding="utf-8"?>
<testsuite failures="0" name="apt_remove" skipped="1" tests="1" time="0.02" timestamp="2022-03-29T16:39:45">
	<testcase classname="AptPluginRemoveDense" name="apt_remove">
		<skipped message="SKIPPED: Testing the apt plugin is not supported on this platform.To run the tests call PySys with -XmyPlatform='container'"/>
		<system-out>16:39:45 DEBUG deletedir failed to update permissions and delete /home/pi/actions-runner/_work/thin-edge.io/thin-edge.io/tests/PySys/plugin_apt/apt_remove/Output/linux on this attempt: [Errno 2] No such file or directory: '/home/pi/actions-runner/_work/thin-edge.io/thin-edge.io/tests/PySys/plugin_apt/apt_remove/Output/linux'
16:39:45 INFO  ==============================================================
16:39:45 INFO  Id:    apt_remove
16:39:45 INFO  Dir:   plugin_apt/
16:39:45 INFO  Title: Validate apt plugin prepare - dense version
16:39:45 DEBUG Execution order hint: 0.0
16:39:45 INFO  ==============================================================
16:39:45 INFO  Testing the apt plugin is not supported on this platform.To run the tests call PySys with -XmyPlatform='container' ... skipped
16:39:45 WARN  Aborted test due to SKIPPED outcome
16:39:45 DEBUG --- test cleanup
16:39:45 DEBUG ProcessUser cleanup function done.
16:39:45 INFO  
16:39:45 INFO  Test duration: 0.02 secs
16:39:45 INFO  Test final outcome:  SKIPPED
16:39:45 INFO  Test outcome reason: Testing the apt plugin is not supported on this platform.To run the tests call PySys with -XmyPlatform='container'
16:39:45 INFO  
</system-out>
	</testcase>
</testsuite>
