<?xml version="1.0" encoding="utf-8"?>
<testsuite failures="0" name="local_mqtt_sub_fail" skipped="0" tests="1" time="0.97" timestamp="2022-02-09T11:09:36">
	<testcase classname="PySysTest" name="local_mqtt_sub_fail"/>
</testsuite>
