<?xml version="1.0" encoding="utf-8"?>
<testsuite failures="0" name="apt_install_local_file" skipped="1" tests="1" time="0.01" timestamp="2022-03-21T12:46:20">
	<testcase classname="AptPluginInstallFromLocalFile" name="apt_install_local_file">
		<skipped message="SKIPPED: Testing the apt plugin is not supported on this platform.To run the tests call PySys with -XmyPlatform='container'"/>
		<system-out>12:46:19 DEBUG deletedir failed to update permissions and delete /home/pi/actions-runner/_work/thin-edge.io/thin-edge.io/tests/PySys/plugin_apt/apt_install_local_file/Output/linux on this attempt: [Errno 2] No such file or directory: '/home/pi/actions-runner/_work/thin-edge.io/thin-edge.io/tests/PySys/plugin_apt/apt_install_local_file/Output/linux'
12:46:19 INFO  ==============================================================
12:46:19 INFO  Id:    apt_install_local_file
12:46:19 INFO  Dir:   plugin_apt/
12:46:19 INFO  Title: Validate apt plugin install from local file - SUCCESS case
12:46:19 DEBUG Execution order hint: 0.0
12:46:19 INFO  ==============================================================
12:46:19 INFO  Testing the apt plugin is not supported on this platform.To run the tests call PySys with -XmyPlatform='container' ... skipped
12:46:19 WARN  Aborted test due to SKIPPED outcome
12:46:19 DEBUG --- test cleanup
12:46:19 DEBUG ProcessUser cleanup function done.
12:46:19 INFO  
12:46:20 INFO  Test duration: 0.01 secs
12:46:20 INFO  Test final outcome:  SKIPPED
12:46:20 INFO  Test outcome reason: Testing the apt plugin is not supported on this platform.To run the tests call PySys with -XmyPlatform='container'
12:46:20 INFO  
</system-out>
	</testcase>
</testsuite>
