<?xml version="1.0" encoding="utf-8"?>
<testsuite failures="0" name="mqtt_port_set" skipped="0" tests="1" time="15.69" timestamp="2022-03-03T10:59:32">
	<testcase classname="MqttPortSet" name="mqtt_port_set"/>
</testsuite>
