<?xml version="1.0" encoding="utf-8"?>
<testsuite failures="0" name="apt_sequence_remove_with_version" skipped="1" tests="1" time="0.01" timestamp="2022-03-22T13:46:26">
	<testcase classname="AptPluginRemoveWithVersion" name="apt_sequence_remove_with_version">
		<skipped message="SKIPPED: Testing the apt plugin is not supported on this platform.To run the tests call PySys with -XmyPlatform='container'"/>
		<system-out>13:46:26 DEBUG deletedir failed to update permissions and delete /home/pi/actions-runner/_work/thin-edge.io/thin-edge.io/tests/PySys/plugin_apt/apt_sequence_remove_with_version/Output/linux on this attempt: [Errno 2] No such file or directory: '/home/pi/actions-runner/_work/thin-edge.io/thin-edge.io/tests/PySys/plugin_apt/apt_sequence_remove_with_version/Output/linux'
13:46:26 INFO  ==============================================================
13:46:26 INFO  Id:    apt_sequence_remove_with_version
13:46:26 INFO  Dir:   plugin_apt/
13:46:26 INFO  Title: Validate apt plugin remove with version use case
13:46:26 DEBUG Execution order hint: 0.0
13:46:26 INFO  ==============================================================
13:46:26 INFO  Testing the apt plugin is not supported on this platform.To run the tests call PySys with -XmyPlatform='container' ... skipped
13:46:26 WARN  Aborted test due to SKIPPED outcome
13:46:26 DEBUG --- test cleanup
13:46:26 DEBUG ProcessUser cleanup function done.
13:46:26 INFO  
13:46:26 INFO  Test duration: 0.01 secs
13:46:26 INFO  Test final outcome:  SKIPPED
13:46:26 INFO  Test outcome reason: Testing the apt plugin is not supported on this platform.To run the tests call PySys with -XmyPlatform='container'
13:46:26 INFO  
</system-out>
	</testcase>
</testsuite>
