<?xml version="1.0" encoding="utf-8"?>
<testsuite failures="0" name="publish_sawmill" skipped="0" tests="1" time="74.59" timestamp="2022-03-15T17:45:48">
	<testcase classname="PublishSawmill" name="publish_sawmill"/>
</testsuite>
