<?xml version="1.0" encoding="utf-8"?>
<testsuite failures="0" name="apt_remove_fail" skipped="1" tests="1" time="0.03" timestamp="2022-03-02T08:42:49">
	<testcase classname="AptPluginRemoveFails" name="apt_remove_fail"/>
</testsuite>
