<?xml version="1.0" encoding="utf-8"?>
<testsuite failures="0" name="apt_finalize" skipped="1" tests="1" time="0.01" timestamp="2022-03-22T13:46:23">
	<testcase classname="AptPluginFinalize" name="apt_finalize">
		<skipped message="SKIPPED: Testing the apt plugin is not supported on this platform.To run the tests call PySys with -XmyPlatform='container'"/>
		<system-out>13:46:23 DEBUG deletedir failed to update permissions and delete /home/pi/actions-runner/_work/thin-edge.io/thin-edge.io/tests/PySys/plugin_apt/apt_finalize/Output/linux on this attempt: [Errno 2] No such file or directory: '/home/pi/actions-runner/_work/thin-edge.io/thin-edge.io/tests/PySys/plugin_apt/apt_finalize/Output/linux'
13:46:23 INFO  ==============================================================
13:46:23 INFO  Id:    apt_finalize
13:46:23 INFO  Dir:   plugin_apt/
13:46:23 INFO  Title: Validate apt plugin finalize - dense version
13:46:23 DEBUG Execution order hint: 0.0
13:46:23 INFO  ==============================================================
13:46:23 INFO  Testing the apt plugin is not supported on this platform.To run the tests call PySys with -XmyPlatform='container' ... skipped
13:46:23 WARN  Aborted test due to SKIPPED outcome
13:46:23 DEBUG --- test cleanup
13:46:23 DEBUG ProcessUser cleanup function done.
13:46:23 INFO  
13:46:23 INFO  Test duration: 0.01 secs
13:46:23 INFO  Test final outcome:  SKIPPED
13:46:23 INFO  Test outcome reason: Testing the apt plugin is not supported on this platform.To run the tests call PySys with -XmyPlatform='container'
13:46:23 INFO  
</system-out>
	</testcase>
</testsuite>
