<?xml version="1.0" encoding="utf-8"?>
<testsuite failures="0" name="apt_list_format" skipped="0" tests="1" time="1.68" timestamp="2022-02-16T09:24:56">
	<testcase classname="AptPluginListFormat" name="apt_list_format"/>
</testsuite>
