<?xml version="1.0" encoding="utf-8"?>
<testsuite failures="0" name="monitoring_with_simulated_messages" skipped="0" tests="1" time="3.17" timestamp="2022-02-15T21:21:11">
	<testcase classname="MonitoringWithSimulatedMessages" name="monitoring_with_simulated_messages"/>
</testsuite>
