<?xml version="1.0" encoding="utf-8"?>
<testsuite failures="0" name="tedge_agent_user_sudo_access" skipped="0" tests="1" time="1.45" timestamp="2022-02-15T21:31:33">
	<testcase classname="TedgeAgentUserSudoAccess" name="tedge_agent_user_sudo_access"/>
</testsuite>
