<?xml version="1.0" encoding="utf-8"?>
<testsuite failures="0" name="apt_prepare_install_finalize" skipped="1" tests="1" time="0.01" timestamp="2022-03-21T16:48:58">
	<testcase classname="AptPluginPrepareInstallFinalize" name="apt_prepare_install_finalize">
		<skipped message="SKIPPED: Testing the apt plugin is not supported on this platform.To run the tests call PySys with -XmyPlatform='container'"/>
		<system-out>16:48:58 DEBUG deletedir failed to update permissions and delete /home/pi/actions-runner/_work/thin-edge.io/thin-edge.io/tests/PySys/plugin_apt/apt_prepare_install_finalize/Output/linux on this attempt: [Errno 2] No such file or directory: '/home/pi/actions-runner/_work/thin-edge.io/thin-edge.io/tests/PySys/plugin_apt/apt_prepare_install_finalize/Output/linux'
16:48:58 INFO  ==============================================================
16:48:58 INFO  Id:    apt_prepare_install_finalize
16:48:58 INFO  Dir:   plugin_apt/
16:48:58 INFO  Title: Validate apt plugin install use case
16:48:58 DEBUG Execution order hint: 0.0
16:48:58 INFO  ==============================================================
16:48:58 INFO  Testing the apt plugin is not supported on this platform.To run the tests call PySys with -XmyPlatform='container' ... skipped
16:48:58 WARN  Aborted test due to SKIPPED outcome
16:48:58 DEBUG --- test cleanup
16:48:58 DEBUG ProcessUser cleanup function done.
16:48:58 INFO  
16:48:58 INFO  Test duration: 0.01 secs
16:48:58 INFO  Test final outcome:  SKIPPED
16:48:58 INFO  Test outcome reason: Testing the apt plugin is not supported on this platform.To run the tests call PySys with -XmyPlatform='container'
16:48:58 INFO  
</system-out>
	</testcase>
</testsuite>
