<?xml version="1.0" encoding="utf-8"?>
<testsuite failures="0" name="valid_device_id" skipped="0" tests="1" time="49.26" timestamp="2022-03-04T12:04:42">
	<testcase classname="ValidateValidDeviceId" name="valid_device_id"/>
</testsuite>
