<?xml version="1.0" encoding="utf-8"?>
<testsuite failures="0" name="publish_sawmill" skipped="0" tests="1" time="74.54" timestamp="2022-03-04T12:07:19">
	<testcase classname="PublishSawmill" name="publish_sawmill"/>
</testsuite>
