<?xml version="1.0" encoding="utf-8"?>
<testsuite failures="0" name="smoketest_smartrest" skipped="0" tests="1" time="42.16" timestamp="2022-03-04T12:10:24">
	<testcase classname="SmoketestSmartRest" name="smoketest_smartrest"/>
</testsuite>
