<?xml version="1.0" encoding="utf-8"?>
<testsuite failures="0" name="apt_install_local_file_with_version" skipped="1" tests="1" time="0.02" timestamp="2022-03-29T16:39:44">
	<testcase classname="AptPluginInstallFromLocalFileWithVersion" name="apt_install_local_file_with_version">
		<skipped message="SKIPPED: Testing the apt plugin is not supported on this platform.To run the tests call PySys with -XmyPlatform='container'"/>
		<system-out>16:39:44 DEBUG deletedir failed to update permissions and delete /home/pi/actions-runner/_work/thin-edge.io/thin-edge.io/tests/PySys/plugin_apt/apt_install_local_file_with_version/Output/linux on this attempt: [Errno 2] No such file or directory: '/home/pi/actions-runner/_work/thin-edge.io/thin-edge.io/tests/PySys/plugin_apt/apt_install_local_file_with_version/Output/linux'
16:39:44 INFO  ==============================================================
16:39:44 INFO  Id:    apt_install_local_file_with_version
16:39:44 INFO  Dir:   plugin_apt/
16:39:44 INFO  Title: Validate apt plugin install from local file AND with a version - SUCCESS case
16:39:44 DEBUG Execution order hint: 0.0
16:39:44 INFO  ==============================================================
16:39:44 INFO  Testing the apt plugin is not supported on this platform.To run the tests call PySys with -XmyPlatform='container' ... skipped
16:39:44 WARN  Aborted test due to SKIPPED outcome
16:39:44 DEBUG --- test cleanup
16:39:44 DEBUG ProcessUser cleanup function done.
16:39:44 INFO  
16:39:44 INFO  Test duration: 0.02 secs
16:39:44 INFO  Test final outcome:  SKIPPED
16:39:44 INFO  Test outcome reason: Testing the apt plugin is not supported on this platform.To run the tests call PySys with -XmyPlatform='container'
16:39:44 INFO  
</system-out>
	</testcase>
</testsuite>
