<?xml version="1.0" encoding="utf-8"?>
<testsuite failures="0" name="mqtt_port_set" skipped="0" tests="1" time="16.58" timestamp="2022-02-16T09:23:47">
	<testcase classname="MqttPortSet" name="mqtt_port_set"/>
</testsuite>
