<?xml version="1.0" encoding="utf-8"?>
<testsuite failures="0" name="publish_sawmill" skipped="0" tests="1" time="74.42" timestamp="2022-02-15T21:23:36">
	<testcase classname="PublishSawmill" name="publish_sawmill"/>
</testsuite>
