<?xml version="1.0" encoding="utf-8"?>
<testsuite failures="1" name="smoketest_json" skipped="0" tests="1" time="39.66" timestamp="2022-02-07T14:06:02">
	<testcase classname="SmokeTestJson" name="smoketest_json">
		<failure message="BLOCKED: python3&lt;stdout&gt; returned non-zero exit code 1" type="BLOCKED"/>
		<system-out>14:05:22 INFO  ==============================================================
14:05:22 INFO  Id:    smoketest_json
14:05:22 INFO  Dir:   smoketests/
14:05:22 INFO  Title: Smoke Test Json
14:05:22 DEBUG Execution order hint: 0.0
14:05:22 INFO  ==============================================================
14:05:22 DEBUG EnvironmentC8y Setup
14:05:22 INFO  EnvironmentC8y Setup
14:05:22 DEBUG Process parameters for systemctl&lt;serv_mapper1&gt;
  command line : /usr/bin/systemctl status tedge-mapper-c8y
    arg #1     : status
    arg #2     : tedge-mapper-c8y
  working dir  : /home/pi/actions-runner/_work/thin-edge.io/thin-edge.io/tests/PySys/smoketests/smoketest_json/Output/linux
  stdout       : /home/pi/actions-runner/_work/thin-edge.io/thin-edge.io/tests/PySys/smoketests/smoketest_json/Output/linux/serv_mapper1.out
  stderr       : /home/pi/actions-runner/_work/thin-edge.io/thin-edge.io/tests/PySys/smoketests/smoketest_json/Output/linux/serv_mapper1.err
  environment  : LD_LIBRARY_PATH=/usr/lib
  environment  : PATH=/bin:/usr/bin:/usr/sbin:/usr/local/bin
                   #1  /bin
                   #2  /usr/bin
                   #3  /usr/sbin
                   #4  /usr/local/bin
14:05:22 DEBUG Waiting up to 600 secs for process systemctl&lt;serv_mapper1&gt; (pid 11036)
14:05:22 INFO  Executed systemctl&lt;serv_mapper1&gt;, exit status 3
14:05:22 INFO  Restarting mosquitto too frequently in the last 10 seconds. It was only up for 4 seconds
14:05:22 INFO  Delaying execution by 7 seconds
14:05:29 DEBUG Process parameters for sudo&lt;tedge_connect_c8y&gt;
  command line : /usr/bin/sudo /usr/bin/tedge connect c8y
    arg #1     : /usr/bin/tedge
    arg #2     : connect
    arg #3     : c8y
  working dir  : /home/pi/actions-runner/_work/thin-edge.io/thin-edge.io/tests/PySys/smoketests/smoketest_json/Output/linux
  stdout       : /home/pi/actions-runner/_work/thin-edge.io/thin-edge.io/tests/PySys/smoketests/smoketest_json/Output/linux/tedge_connect_c8y.out
  stderr       : /home/pi/actions-runner/_work/thin-edge.io/thin-edge.io/tests/PySys/smoketests/smoketest_json/Output/linux/tedge_connect_c8y.err
  environment  : LD_LIBRARY_PATH=/usr/lib
  environment  : PATH=/bin:/usr/bin:/usr/sbin:/usr/local/bin
                   #1  /bin
                   #2  /usr/bin
                   #3  /usr/sbin
                   #4  /usr/local/bin
14:05:29 DEBUG Waiting up to 600 secs for process sudo&lt;tedge_connect_c8y&gt; (pid 11042)
14:05:41 INFO  Executed sudo&lt;tedge_connect_c8y&gt;, exit status 0, duration 11 secs
14:05:41 DEBUG Process parameters for sudo&lt;tedge_connect_c8y_test&gt;
  command line : /usr/bin/sudo /usr/bin/tedge connect c8y --test
    arg #1     : /usr/bin/tedge
    arg #2     : connect
    arg #3     : c8y
    arg #4     : --test
  working dir  : /home/pi/actions-runner/_work/thin-edge.io/thin-edge.io/tests/PySys/smoketests/smoketest_json/Output/linux
  stdout       : /home/pi/actions-runner/_work/thin-edge.io/thin-edge.io/tests/PySys/smoketests/smoketest_json/Output/linux/tedge_connect_c8y_test.out
  stderr       : /home/pi/actions-runner/_work/thin-edge.io/thin-edge.io/tests/PySys/smoketests/smoketest_json/Output/linux/tedge_connect_c8y_test.err
  environment  : LD_LIBRARY_PATH=/usr/lib
  environment  : PATH=/bin:/usr/bin:/usr/sbin:/usr/local/bin
                   #1  /bin
                   #2  /usr/bin
                   #3  /usr/sbin
                   #4  /usr/local/bin
14:05:41 DEBUG Waiting up to 600 secs for process sudo&lt;tedge_connect_c8y_test&gt; (pid 11191)
14:05:41 INFO  Executed sudo&lt;tedge_connect_c8y_test&gt;, exit status 0
14:05:41 DEBUG Process parameters for systemctl&lt;serv_mosq2&gt;
  command line : /usr/bin/systemctl status mosquitto
    arg #1     : status
    arg #2     : mosquitto
  working dir  : /home/pi/actions-runner/_work/thin-edge.io/thin-edge.io/tests/PySys/smoketests/smoketest_json/Output/linux
  stdout       : /home/pi/actions-runner/_work/thin-edge.io/thin-edge.io/tests/PySys/smoketests/smoketest_json/Output/linux/serv_mosq2.out
  stderr       : /home/pi/actions-runner/_work/thin-edge.io/thin-edge.io/tests/PySys/smoketests/smoketest_json/Output/linux/serv_mosq2.err
  environment  : LD_LIBRARY_PATH=/usr/lib
  environment  : PATH=/bin:/usr/bin:/usr/sbin:/usr/local/bin
                   #1  /bin
                   #2  /usr/bin
                   #3  /usr/sbin
                   #4  /usr/local/bin
14:05:41 DEBUG Waiting up to 600 secs for process systemctl&lt;serv_mosq2&gt; (pid 11199)
14:05:41 INFO  Executed systemctl&lt;serv_mosq2&gt;, exit status 0
14:05:41 DEBUG Process parameters for systemctl&lt;serv_mapper3&gt;
  command line : /usr/bin/systemctl status tedge-mapper-c8y
    arg #1     : status
    arg #2     : tedge-mapper-c8y
  working dir  : /home/pi/actions-runner/_work/thin-edge.io/thin-edge.io/tests/PySys/smoketests/smoketest_json/Output/linux
  stdout       : /home/pi/actions-runner/_work/thin-edge.io/thin-edge.io/tests/PySys/smoketests/smoketest_json/Output/linux/serv_mapper3.out
  stderr       : /home/pi/actions-runner/_work/thin-edge.io/thin-edge.io/tests/PySys/smoketests/smoketest_json/Output/linux/serv_mapper3.err
  environment  : LD_LIBRARY_PATH=/usr/lib
  environment  : PATH=/bin:/usr/bin:/usr/sbin:/usr/local/bin
                   #1  /bin
                   #2  /usr/bin
                   #3  /usr/sbin
                   #4  /usr/local/bin
14:05:41 DEBUG Waiting up to 600 secs for process systemctl&lt;serv_mapper3&gt; (pid 11200)
14:05:42 INFO  Executed systemctl&lt;serv_mapper3&gt;, exit status 0
14:05:42 DEBUG C8y Roundtrip Setup
14:05:42 DEBUG --- test execute
14:05:42 DEBUG EnvironmentC8y Execute
14:05:42 DEBUG C8y Roundtrip Execute
14:05:52 DEBUG Process parameters for python3&lt;stdout&gt;
  command line : /home/pi/env-pysys/bin/python3 /home/pi/actions-runner/_work/thin-edge.io/thin-edge.io/ci/roundtrip_local_to_c8y.py -m JSON -pub /home/pi/examples -u octocat -t t493319102 -id 13860697 -o 10 -d 100 -s 20
    arg #1     : /home/pi/actions-runner/_work/thin-edge.io/thin-edge.io/ci/roundtrip_local_to_c8y.py
    arg #2     : -m
    arg #3     : JSON
    arg #4     : -pub
    arg #5     : /home/pi/examples
    arg #6     : -u
    arg #7     : octocat
    arg #8     : -t
    arg #9     : t493319102
    arg #10    : -id
    arg #11    : 13860697
    arg #12    : -o
    arg #13    : 10
    arg #14    : -d
    arg #15    : 100
    arg #16    : -s
    arg #17    : 20
  working dir  : /home/pi/actions-runner/_work/thin-edge.io/thin-edge.io/tests/PySys/smoketests/smoketest_json/Output/linux
  stdout       : /home/pi/actions-runner/_work/thin-edge.io/thin-edge.io/tests/PySys/smoketests/smoketest_json/Output/linux/stdout.out
  stderr       : /home/pi/actions-runner/_work/thin-edge.io/thin-edge.io/tests/PySys/smoketests/smoketest_json/Output/linux/stdout.err
  environment  : C8YPASS=CsiqG9s25z//
14:05:52 DEBUG Waiting up to 600 secs for process python3&lt;stdout&gt; (pid 11207)
14:05:58 WARN  Executed python3&lt;stdout&gt;, exit status 1
14:05:58 DEBUG Opening file using encoding=UTF-8: /home/pi/actions-runner/_work/thin-edge.io/thin-edge.io/tests/PySys/smoketests/smoketest_json/Output/linux/stdout.err
14:05:58 DEBUG Opening file using encoding=UTF-8: /home/pi/actions-runner/_work/thin-edge.io/thin-edge.io/tests/PySys/smoketests/smoketest_json/Output/linux/stdout.out
14:05:58 INFO  Contents of stdout.out: 
14:05:58 INFO    Publishing sawtooth with delay 100ms height 20 iterations 1 template flux will cause 20 publishs.
14:05:58 INFO    Iteraton: 0
14:05:58 INFO    Execution took 2 s 2005 ms
14:05:58 INFO    Publish rate: 100.250 ms/pub
14:05:58 INFO    Publish per second: 9.975 pub/s
14:05:58 INFO    Act: Publishing values with temperature_publisher
14:05:58 INFO    Waiting 3s for values to arrive in C8y
14:05:58 INFO    Assert: Retrieving data via REST interface
14:05:58 INFO    Gathering values from 2022-02-07 14:05:48+00:00 to 2022-02-07 14:05:58+00:00
14:05:58 INFO    Found 0 recorded values:
14:05:58 INFO    Retrieved values:
14:05:58 INFO    Expected:  0.0  ...  19.0
14:05:58 INFO    Data verification FAILED
14:05:58 INFO    -----
14:05:58 INFO  
14:05:58 WARN  python3&lt;stdout&gt; returned non-zero exit code 1 ... blocked 
14:05:58 WARN  Aborted test due to BLOCKED outcome
14:05:58 DEBUG --- test cleanup
14:05:58 INFO  
14:05:58 INFO  cleanup:
14:05:58 DEBUG Running registered cleanup function: &lt;bound method Environment_roundtrip_c8y.myenvroundtripcleanup of &lt;SmokeTestJson object at 0x75c60c50&gt;&gt;
14:05:58 DEBUG C8y Roundtrip MyCleanup
14:05:58 DEBUG Running registered cleanup function: &lt;bound method EnvironmentC8y.myenvcleanup of &lt;SmokeTestJson object at 0x75c60c50&gt;&gt;
14:05:58 DEBUG EnvironmentC8y Cleanup
14:05:58 DEBUG Process parameters for sudo&lt;tedge_disconnect_c8y&gt;
  command line : /usr/bin/sudo /usr/bin/tedge disconnect c8y
    arg #1     : /usr/bin/tedge
    arg #2     : disconnect
    arg #3     : c8y
  working dir  : /home/pi/actions-runner/_work/thin-edge.io/thin-edge.io/tests/PySys/smoketests/smoketest_json/Output/linux
  stdout       : /home/pi/actions-runner/_work/thin-edge.io/thin-edge.io/tests/PySys/smoketests/smoketest_json/Output/linux/tedge_disconnect_c8y.out
  stderr       : /home/pi/actions-runner/_work/thin-edge.io/thin-edge.io/tests/PySys/smoketests/smoketest_json/Output/linux/tedge_disconnect_c8y.err
  environment  : LD_LIBRARY_PATH=/usr/lib
  environment  : PATH=/bin:/usr/bin:/usr/sbin:/usr/local/bin
                   #1  /bin
                   #2  /usr/bin
                   #3  /usr/sbin
                   #4  /usr/local/bin
14:05:58 DEBUG Waiting up to 600 secs for process sudo&lt;tedge_disconnect_c8y&gt; (pid 11215)
14:06:01 INFO  Executed sudo&lt;tedge_disconnect_c8y&gt;, exit status 0
14:06:01 DEBUG Process parameters for systemctl&lt;serv_mapper5&gt;
  command line : /usr/bin/systemctl status tedge-mapper-c8y
    arg #1     : status
    arg #2     : tedge-mapper-c8y
  working dir  : /home/pi/actions-runner/_work/thin-edge.io/thin-edge.io/tests/PySys/smoketests/smoketest_json/Output/linux
  stdout       : /home/pi/actions-runner/_work/thin-edge.io/thin-edge.io/tests/PySys/smoketests/smoketest_json/Output/linux/serv_mapper5.out
  stderr       : /home/pi/actions-runner/_work/thin-edge.io/thin-edge.io/tests/PySys/smoketests/smoketest_json/Output/linux/serv_mapper5.err
  environment  : LD_LIBRARY_PATH=/usr/lib
  environment  : PATH=/bin:/usr/bin:/usr/sbin:/usr/local/bin
                   #1  /bin
                   #2  /usr/bin
                   #3  /usr/sbin
                   #4  /usr/local/bin
14:06:01 DEBUG Waiting up to 600 secs for process systemctl&lt;serv_mapper5&gt; (pid 11272)
14:06:02 INFO  Executed systemctl&lt;serv_mapper5&gt;, exit status 3
14:06:02 DEBUG ProcessUser cleanup function done.
14:06:02 INFO  
14:06:02 INFO  Test duration: 39.66 secs
14:06:02 INFO  Test final outcome:  BLOCKED
14:06:02 INFO  Test outcome reason: python3&lt;stdout&gt; returned non-zero exit code 1
14:06:02 INFO  
</system-out>
	</testcase>
</testsuite>
