<?xml version="1.0" encoding="utf-8"?>
<testsuite failures="0" name="monitoring_with_collectd" skipped="1" tests="1" time="0.02" timestamp="2022-02-24T13:35:20">
	<testcase classname="MonitoringWithCollectd" name="monitoring_with_collectd"/>
</testsuite>
