<?xml version="1.0" encoding="utf-8"?>
<testsuite failures="0" name="apt_remove" skipped="1" tests="1" time="0.02" timestamp="2022-03-28T17:49:24">
	<testcase classname="AptPluginRemoveDense" name="apt_remove">
		<skipped message="SKIPPED: Testing the apt plugin is not supported on this platform.To run the tests call PySys with -XmyPlatform='container'"/>
		<system-out>17:49:24 DEBUG deletedir failed to update permissions and delete /home/pi/actions-runner/_work/thin-edge.io/thin-edge.io/tests/PySys/plugin_apt/apt_remove/Output/linux on this attempt: [Errno 2] No such file or directory: '/home/pi/actions-runner/_work/thin-edge.io/thin-edge.io/tests/PySys/plugin_apt/apt_remove/Output/linux'
17:49:24 INFO  ==============================================================
17:49:24 INFO  Id:    apt_remove
17:49:24 INFO  Dir:   plugin_apt/
17:49:24 INFO  Title: Validate apt plugin prepare - dense version
17:49:24 DEBUG Execution order hint: 0.0
17:49:24 INFO  ==============================================================
17:49:24 INFO  Testing the apt plugin is not supported on this platform.To run the tests call PySys with -XmyPlatform='container' ... skipped
17:49:24 WARN  Aborted test due to SKIPPED outcome
17:49:24 DEBUG --- test cleanup
17:49:24 DEBUG ProcessUser cleanup function done.
17:49:24 INFO  
17:49:24 INFO  Test duration: 0.02 secs
17:49:24 INFO  Test final outcome:  SKIPPED
17:49:24 INFO  Test outcome reason: Testing the apt plugin is not supported on this platform.To run the tests call PySys with -XmyPlatform='container'
17:49:24 INFO  
</system-out>
	</testcase>
</testsuite>
