<?xml version="1.0" encoding="utf-8"?>
<testsuite failures="0" name="mqtt_port_set" skipped="0" tests="1" time="16.9" timestamp="2022-02-14T08:35:03">
	<testcase classname="MqttPortSet" name="mqtt_port_set"/>
</testsuite>
