<?xml version="1.0" encoding="utf-8"?>
<testsuite failures="0" name="custom_init_system" skipped="0" tests="1" time="27.65" timestamp="2022-02-16T09:23:27">
	<testcase classname="CustomInitSystem" name="custom_init_system"/>
</testsuite>
