<?xml version="1.0" encoding="utf-8"?>
<testsuite failures="0" name="pysys_fail" skipped="1" tests="1" time="0.01" timestamp="2022-03-21T12:45:39">
	<testcase classname="Fail" name="pysys_fail">
		<skipped message="SKIPPED: Enable this to observe a failing test"/>
		<system-out>12:45:39 DEBUG deletedir failed to update permissions and delete /home/pi/actions-runner/_work/thin-edge.io/thin-edge.io/tests/PySys/misc_features/pysys_fail/Output/linux on this attempt: [Errno 2] No such file or directory: '/home/pi/actions-runner/_work/thin-edge.io/thin-edge.io/tests/PySys/misc_features/pysys_fail/Output/linux'
12:45:39 INFO  ==============================================================
12:45:39 INFO  Id:    pysys_fail
12:45:39 INFO  Dir:   misc_features/
12:45:39 INFO  Title: fail
12:45:39 DEBUG Execution order hint: 0.0
12:45:39 INFO  ==============================================================
12:45:39 INFO  Enable this to observe a failing test ... skipped
12:45:39 DEBUG --- test cleanup
12:45:39 DEBUG ProcessUser cleanup function done.
12:45:39 INFO  
12:45:39 INFO  Test duration: 0.01 secs
12:45:39 INFO  Test final outcome:  SKIPPED
12:45:39 INFO  Test outcome reason: Enable this to observe a failing test
12:45:39 INFO  
</system-out>
	</testcase>
</testsuite>
