<?xml version="1.0" encoding="utf-8"?>
<testsuite failures="0" name="local_mqtt_pub_fail_qos0" skipped="0" tests="1" time="1.05" timestamp="2022-03-15T17:40:52">
	<testcase classname="PySysTest" name="local_mqtt_pub_fail_qos0"/>
</testsuite>
