<?xml version="1.0" encoding="utf-8"?>
<testsuite failures="0" name="publish_flux" skipped="0" tests="1" time="65.34" timestamp="2022-03-28T17:50:30">
	<testcase classname="PublishFlux" name="publish_flux"/>
</testsuite>
