<?xml version="1.0" encoding="utf-8"?>
<testsuite failures="0" name="mqtt_port_set" skipped="0" tests="1" time="15.34" timestamp="2022-03-29T16:39:02">
	<testcase classname="MqttPortSet" name="mqtt_port_set"/>
</testsuite>
