<?xml version="1.0" encoding="utf-8"?>
<testsuite failures="0" name="smoketest_json" skipped="0" tests="1" time="40.19" timestamp="2022-02-16T09:27:58">
	<testcase classname="SmokeTestJson" name="smoketest_json"/>
</testsuite>
