<?xml version="1.0" encoding="utf-8"?>
<testsuite failures="0" name="valid_device_id" skipped="0" tests="1" time="51.84" timestamp="2022-02-16T09:24:40">
	<testcase classname="ValidateValidDeviceId" name="valid_device_id"/>
</testsuite>
