<?xml version="1.0" encoding="utf-8"?>
<testsuite failures="0" name="smoketest_smartrest" skipped="0" tests="1" time="42.25" timestamp="2022-04-04T08:25:51">
	<testcase classname="SmoketestSmartRest" name="smoketest_smartrest"/>
</testsuite>
