<?xml version="1.0" encoding="utf-8"?>
<testsuite failures="0" name="tedge_software_update" skipped="1" tests="1" time="0.02" timestamp="2022-02-24T13:45:36">
	<testcase classname="PySysTest" name="tedge_software_update"/>
</testsuite>
