<?xml version="1.0" encoding="utf-8"?>
<testsuite failures="0" name="smoketest_smartrest_400_samples_20ms" skipped="0" tests="1" time="131.03" timestamp="2022-03-02T08:52:39">
	<testcase classname="SmoketestSmartRest400Samples20ms" name="smoketest_smartrest_400_samples_20ms"/>
</testsuite>
