<?xml version="1.0" encoding="utf-8"?>
<testsuite failures="0" name="mqtt_port_change_connection_works" skipped="1" tests="1" time="0.02" timestamp="2022-04-04T08:19:24">
	<testcase classname="MqttPortChangeConnectionWorks" name="mqtt_port_change_connection_works">
		<skipped message="SKIPPED: failing intermitently"/>
		<system-out>08:19:24 DEBUG deletedir failed to update permissions and delete /home/pi/actions-runner/_work/thin-edge.io/thin-edge.io/tests/PySys/misc_features/mqtt_port_change_connection_works/Output/linux on this attempt: [Errno 2] No such file or directory: '/home/pi/actions-runner/_work/thin-edge.io/thin-edge.io/tests/PySys/misc_features/mqtt_port_change_connection_works/Output/linux'
08:19:24 INFO  ==============================================================
08:19:24 INFO  Id:    mqtt_port_change_connection_works
08:19:24 INFO  Dir:   misc_features/
08:19:24 INFO  Title: mqtt port change connection works for all the thin-edge services that use the mosquitto broker
08:19:24 DEBUG Execution order hint: 0.0
08:19:24 INFO  ==============================================================
08:19:24 INFO  failing intermitently ... skipped
08:19:24 DEBUG --- test cleanup
08:19:24 DEBUG ProcessUser cleanup function done.
08:19:24 INFO  
08:19:24 INFO  Test duration: 0.02 secs
08:19:24 INFO  Test final outcome:  SKIPPED
08:19:24 INFO  Test outcome reason: failing intermitently
08:19:24 INFO  
</system-out>
	</testcase>
</testsuite>
