<?xml version="1.0" encoding="utf-8"?>
<testsuite failures="0" name="publish_flux" skipped="0" tests="1" time="67.19" timestamp="2022-02-07T14:04:06">
	<testcase classname="PublishFlux" name="publish_flux"/>
</testsuite>
