<?xml version="1.0" encoding="utf-8"?>
<testsuite failures="0" name="SoftwareManagement.sm_mapper_fail_and_reconnect" skipped="1" tests="1" time="0.01" timestamp="2022-03-22T13:56:15">
	<testcase classname="MapperC8yReceiveLastMessageOnRestart" name="SoftwareManagement.sm_mapper_fail_and_reconnect">
		<skipped message="SKIPPED: instable https://github.com/thin-edge/thin-edge.io/issues/752"/>
		<system-out>13:56:15 DEBUG deletedir failed to update permissions and delete /home/pi/actions-runner/_work/thin-edge.io/thin-edge.io/tests/PySys/software_management_end_to_end/sm_mapper_fail_and_reconnect/Output/linux on this attempt: [Errno 2] No such file or directory: '/home/pi/actions-runner/_work/thin-edge.io/thin-edge.io/tests/PySys/software_management_end_to_end/sm_mapper_fail_and_reconnect/Output/linux'
13:56:15 INFO  ==============================================================
13:56:15 INFO  Id:    SoftwareManagement.sm_mapper_fail_and_reconnect
13:56:15 INFO  Dir:   software_management_end_to_end/
13:56:15 INFO  Title: Validate the tedge-mapper-sm-c8y for receiving the last message on restart
13:56:15 DEBUG Execution order hint: 0.0
13:56:15 INFO  ==============================================================
13:56:15 INFO  instable https://github.com/thin-edge/thin-edge.io/issues/752 ... skipped
13:56:15 DEBUG --- test cleanup
13:56:15 DEBUG ProcessUser cleanup function done.
13:56:15 INFO  
13:56:15 INFO  Test duration: 0.01 secs
13:56:15 INFO  Test final outcome:  SKIPPED
13:56:15 INFO  Test outcome reason: instable https://github.com/thin-edge/thin-edge.io/issues/752
13:56:15 INFO  
</system-out>
	</testcase>
</testsuite>
