<?xml version="1.0" encoding="utf-8"?>
<testsuite failures="0" name="apt_remove" skipped="1" tests="1" time="0.02" timestamp="2022-02-15T21:21:13">
	<testcase classname="AptPluginRemoveDense" name="apt_remove"/>
</testsuite>
