<?xml version="1.0" encoding="utf-8"?>
<testsuite failures="0" name="SoftwareManagement.sm_apt_install_remove_multiple" skipped="1" tests="1" time="0.02" timestamp="2022-03-22T13:56:15">
	<testcase classname="PySysTest" name="SoftwareManagement.sm_apt_install_remove_multiple">
		<skipped message="SKIPPED: Testing the apt plugin is not supported on this platform.Use parameter -XmyPlatform='container' to enable it"/>
		<system-out>13:56:15 DEBUG deletedir failed to update permissions and delete /home/pi/actions-runner/_work/thin-edge.io/thin-edge.io/tests/PySys/software_management_end_to_end/sm_apt_install_remove_multiple/Output/linux on this attempt: [Errno 2] No such file or directory: '/home/pi/actions-runner/_work/thin-edge.io/thin-edge.io/tests/PySys/software_management_end_to_end/sm_apt_install_remove_multiple/Output/linux'
13:56:15 INFO  ==============================================================
13:56:15 INFO  Id:    SoftwareManagement.sm_apt_install_remove_multiple
13:56:15 INFO  Dir:   software_management_end_to_end/
13:56:15 INFO  Title: Validate end to end behaviour for the apt plugin for multiple packages
13:56:15 DEBUG Execution order hint: 0.0
13:56:15 INFO  ==============================================================
13:56:15 INFO  Testing the apt plugin is not supported on this platform.Use parameter -XmyPlatform='container' to enable it ... skipped
13:56:15 WARN  Aborted test due to SKIPPED outcome
13:56:15 DEBUG --- test cleanup
13:56:15 DEBUG ProcessUser cleanup function done.
13:56:15 INFO  
13:56:15 INFO  Test duration: 0.02 secs
13:56:15 INFO  Test final outcome:  SKIPPED
13:56:15 INFO  Test outcome reason: Testing the apt plugin is not supported on this platform.Use parameter -XmyPlatform='container' to enable it
13:56:15 INFO  
</system-out>
	</testcase>
</testsuite>
