<?xml version="1.0" encoding="utf-8"?>
<testsuite failures="1" name="SoftwareManagement.sm_mixed_install_remove_multiple" skipped="0" tests="1" time="172.03" timestamp="2022-04-28T08:49:14">
	<testcase classname="PySysTest" name="SoftwareManagement.sm_mixed_install_remove_multiple">
		<failure message="FAILED: Assert that (False == value) with value=True" type="FAILED"/>
		<system-out>08:46:22 INFO  ==============================================================
08:46:22 INFO  Id:    SoftwareManagement.sm_mixed_install_remove_multiple
08:46:22 INFO  Dir:   software_management_end_to_end/
08:46:22 INFO  Title: Validate end to end behaviour for the dummy-plugin for multiple packages with mixed versions
08:46:22 INFO  ==============================================================
08:46:22 INFO  Using sw id database: {'asciijump': '5475369', 'robotfindskitten': '5474869', 'squirrel3': '5475279', 'rolldice': '5152439', 'moon-buggy': '5439204', 'apple': '5495053', 'banana': '5494888', 'cherry': '5495382', 'watermelon': '5494510', 'registry': '8018911', 'hello-world': '8021526', 'docker/getting-started': '8021973', 'alpine': '7991792'}
08:46:22 INFO  EnvironmentC8y Setup
08:46:22 INFO  Executed systemctl&lt;serv_mapper1&gt;, exit status 3
08:46:22 INFO  Restarting mosquitto too frequently in the last 10 seconds. It was only up for 4 seconds
08:46:22 INFO  Delaying execution by 7 seconds
08:46:44 INFO  Executed sudo&lt;tedge_connect_c8y&gt;, exit status 0, duration 14 secs
08:46:44 INFO  Executed sudo&lt;tedge_connect_c8y_test&gt;, exit status 0
08:46:45 INFO  Executed systemctl&lt;serv_mosq2&gt;, exit status 0
08:46:45 INFO  Executed systemctl&lt;serv_mapper3&gt;, exit status 0
08:46:47 INFO  State of current operation: SUCCESSFUL
08:46:48 INFO  Package apple is installed
08:46:48 INFO  Assert that (True == value) with value=True ... passed
08:46:48 INFO  Package banana is installed
08:46:48 INFO  Assert that (True == value) with value=True ... passed
08:46:48 INFO  Package cherry is installed
08:46:48 INFO  Assert that (True == value) with value=True ... passed
08:46:49 INFO  Package asciijump is installed
08:46:49 WARN  Assert that (False == value) with value=True ... failed 
08:46:49 INFO  Assert that (False == value) with value=False ... passed
08:46:49 INFO  Response status: 201
08:46:49 INFO  Response to action: {
    &quot;creationTime&quot;: &quot;2022-04-28T08:46:49.485Z&quot;,
    &quot;deviceName&quot;: &quot;mythicc&quot;,
    &quot;deviceId&quot;: &quot;17845532&quot;,
    &quot;self&quot;: &quot;https://t493319102.eu-latest.cumulocity.com/devicecontrol/operations/17865861&quot;,
    &quot;id&quot;: &quot;17865861&quot;,
    &quot;status&quot;: &quot;PENDING&quot;,
    &quot;description&quot;: &quot;Apply software changes, triggered from PySys: [{'action': 'install', 'id': '5495053', 'name': 'apple', 'url': ' ', 'version': '::fruits'}, {'action': 'install', 'id': '5494888', 'name': 'banana', 'url': ' ', 'version': '::fruits'}, {'action': 'install', 'id': '5475369', 'name': 'asciijump', 'url': ' ', 'version': '::apt'}, {'action': 'install', 'id': '5495382', 'name': 'cherry', 'url': ' ', 'version': '::fruits'}, {'action': 'install', 'id': '8018911', 'name': 'registry', 'url': ' ', 'version': '::docker'}]&quot;,
    &quot;c8y_SoftwareUpdate&quot;: [
        {
            &quot;name&quot;: &quot;apple&quot;,
            &quot;action&quot;: &quot;install&quot;,
            &quot;id&quot;: &quot;5495053&quot;,
            &quot;version&quot;: &quot;::fruits&quot;,
            &quot;url&quot;: &quot; &quot;
        },
        {
            &quot;name&quot;: &quot;banana&quot;,
            &quot;action&quot;: &quot;install&quot;,
            &quot;id&quot;: &quot;5494888&quot;,
            &quot;version&quot;: &quot;::fruits&quot;,
            &quot;url&quot;: &quot; &quot;
        },
        {
            &quot;name&quot;: &quot;asciijump&quot;,
            &quot;action&quot;: &quot;install&quot;,
            &quot;id&quot;: &quot;5475369&quot;,
            &quot;version&quot;: &quot;::apt&quot;,
            &quot;url&quot;: &quot; &quot;
        },
        {
            &quot;name&quot;: &quot;cherry&quot;,
            &quot;action&quot;: &quot;install&quot;,
            &quot;id&quot;: &quot;5495382&quot;,
            &quot;version&quot;: &quot;::fruits&quot;,
            &quot;url&quot;: &quot; &quot;
        },
        {
            &quot;name&quot;: &quot;registry&quot;,
            &quot;action&quot;: &quot;install&quot;,
            &quot;id&quot;: &quot;8018911&quot;,
            &quot;version&quot;: &quot;::docker&quot;,
            &quot;url&quot;: &quot; &quot;
        }
    ]
}
08:46:49 INFO  Started operation: {'creationTime': '2022-04-28T08:46:49.485Z', 'deviceName': 'mythicc', 'deviceId': '17845532', 'self': 'https://t493319102.eu-latest.cumulocity.com/devicecontrol/operations/17865861', 'id': '17865861', 'status': 'PENDING', 'description': &quot;Apply software changes, triggered from PySys: [{'action': 'install', 'id': '5495053', 'name': 'apple', 'url': ' ', 'version': '::fruits'}, {'action': 'install', 'id': '5494888', 'name': 'banana', 'url': ' ', 'version': '::fruits'}, {'action': 'install', 'id': '5475369', 'name': 'asciijump', 'url': ' ', 'version': '::apt'}, {'action': 'install', 'id': '5495382', 'name': 'cherry', 'url': ' ', 'version': '::fruits'}, {'action': 'install', 'id': '8018911', 'name': 'registry', 'url': ' ', 'version': '::docker'}]&quot;, 'c8y_SoftwareUpdate': [{'name': 'apple', 'action': 'install', 'id': '5495053', 'version': '::fruits', 'url': ' '}, {'name': 'banana', 'action': 'install', 'id': '5494888', 'version': '::fruits', 'url': ' '}, {'name': 'asciijump', 'action': 'install', 'id': '5475369', 'version': '::apt', 'url': ' '}, {'name': 'cherry', 'action': 'install', 'id': '5495382', 'version': '::fruits', 'url': ' '}, {'name': 'registry', 'action': 'install', 'id': '8018911', 'version': '::docker', 'url': ' '}]}
08:46:51 INFO  State of operation 17865861 : PENDING
08:46:53 INFO  State of operation 17865861 : EXECUTING
08:46:56 INFO  State of operation 17865861 : EXECUTING
08:46:58 INFO  State of operation 17865861 : EXECUTING
08:47:00 INFO  State of operation 17865861 : EXECUTING
08:47:03 INFO  State of operation 17865861 : EXECUTING
08:47:05 INFO  State of operation 17865861 : EXECUTING
08:47:08 INFO  State of operation 17865861 : EXECUTING
08:47:11 INFO  State of operation 17865861 : EXECUTING
08:47:13 INFO  State of operation 17865861 : EXECUTING
08:47:15 INFO  State of operation 17865861 : EXECUTING
08:47:18 INFO  State of operation 17865861 : EXECUTING
08:47:20 INFO  State of operation 17865861 : EXECUTING
08:47:22 INFO  State of operation 17865861 : EXECUTING
08:47:24 INFO  State of operation 17865861 : EXECUTING
08:47:26 INFO  State of operation 17865861 : EXECUTING
08:47:29 INFO  State of operation 17865861 : EXECUTING
08:47:31 INFO  State of operation 17865861 : EXECUTING
08:47:33 INFO  State of operation 17865861 : EXECUTING
08:47:35 INFO  State of operation 17865861 : EXECUTING
08:47:38 INFO  State of operation 17865861 : EXECUTING
08:47:40 INFO  State of operation 17865861 : EXECUTING
08:47:42 INFO  State of operation 17865861 : EXECUTING
08:47:45 INFO  State of operation 17865861 : EXECUTING
08:47:47 INFO  State of operation 17865861 : EXECUTING
08:47:49 INFO  State of operation 17865861 : EXECUTING
08:47:51 INFO  State of operation 17865861 : SUCCESSFUL
08:47:52 INFO  Package apple is installed
08:47:52 INFO  Assert that (True == value) with value=True ... passed
08:47:52 INFO  Package banana is installed
08:47:52 INFO  Assert that (True == value) with value=True ... passed
08:47:52 INFO  Package cherry is installed
08:47:52 INFO  Assert that (True == value) with value=True ... passed
08:47:52 INFO  Package asciijump is installed
08:47:52 INFO  Assert that (True == value) with value=True ... passed
08:47:53 INFO  Package registry is installed
08:47:53 INFO  Assert that (True == value) with value=True ... passed
08:47:53 INFO  Response status: 201
08:47:53 INFO  Response to action: {
    &quot;creationTime&quot;: &quot;2022-04-28T08:47:53.329Z&quot;,
    &quot;deviceName&quot;: &quot;mythicc&quot;,
    &quot;deviceId&quot;: &quot;17845532&quot;,
    &quot;self&quot;: &quot;https://t493319102.eu-latest.cumulocity.com/devicecontrol/operations/17865869&quot;,
    &quot;id&quot;: &quot;17865869&quot;,
    &quot;status&quot;: &quot;PENDING&quot;,
    &quot;description&quot;: &quot;Apply software changes, triggered from PySys: [{'action': 'delete', 'id': '5495053', 'name': 'apple', 'url': ' ', 'version': '::fruits'}, {'action': 'delete', 'id': '5494888', 'name': 'banana', 'url': ' ', 'version': '::fruits'}, {'action': 'delete', 'id': '5475369', 'name': 'asciijump', 'url': ' ', 'version': '::apt'}, {'action': 'delete', 'id': '5495382', 'name': 'cherry', 'url': ' ', 'version': '::fruits'}, {'action': 'delete', 'id': '8018911', 'name': 'registry', 'url': ' ', 'version': '::docker'}]&quot;,
    &quot;c8y_SoftwareUpdate&quot;: [
        {
            &quot;name&quot;: &quot;apple&quot;,
            &quot;action&quot;: &quot;delete&quot;,
            &quot;id&quot;: &quot;5495053&quot;,
            &quot;version&quot;: &quot;::fruits&quot;,
            &quot;url&quot;: &quot; &quot;
        },
        {
            &quot;name&quot;: &quot;banana&quot;,
            &quot;action&quot;: &quot;delete&quot;,
            &quot;id&quot;: &quot;5494888&quot;,
            &quot;version&quot;: &quot;::fruits&quot;,
            &quot;url&quot;: &quot; &quot;
        },
        {
            &quot;name&quot;: &quot;asciijump&quot;,
            &quot;action&quot;: &quot;delete&quot;,
            &quot;id&quot;: &quot;5475369&quot;,
            &quot;version&quot;: &quot;::apt&quot;,
            &quot;url&quot;: &quot; &quot;
        },
        {
            &quot;name&quot;: &quot;cherry&quot;,
            &quot;action&quot;: &quot;delete&quot;,
            &quot;id&quot;: &quot;5495382&quot;,
            &quot;version&quot;: &quot;::fruits&quot;,
            &quot;url&quot;: &quot; &quot;
        },
        {
            &quot;name&quot;: &quot;registry&quot;,
            &quot;action&quot;: &quot;delete&quot;,
            &quot;id&quot;: &quot;8018911&quot;,
            &quot;version&quot;: &quot;::docker&quot;,
            &quot;url&quot;: &quot; &quot;
        }
    ]
}
08:47:53 INFO  Started operation: {'creationTime': '2022-04-28T08:47:53.329Z', 'deviceName': 'mythicc', 'deviceId': '17845532', 'self': 'https://t493319102.eu-latest.cumulocity.com/devicecontrol/operations/17865869', 'id': '17865869', 'status': 'PENDING', 'description': &quot;Apply software changes, triggered from PySys: [{'action': 'delete', 'id': '5495053', 'name': 'apple', 'url': ' ', 'version': '::fruits'}, {'action': 'delete', 'id': '5494888', 'name': 'banana', 'url': ' ', 'version': '::fruits'}, {'action': 'delete', 'id': '5475369', 'name': 'asciijump', 'url': ' ', 'version': '::apt'}, {'action': 'delete', 'id': '5495382', 'name': 'cherry', 'url': ' ', 'version': '::fruits'}, {'action': 'delete', 'id': '8018911', 'name': 'registry', 'url': ' ', 'version': '::docker'}]&quot;, 'c8y_SoftwareUpdate': [{'name': 'apple', 'action': 'delete', 'id': '5495053', 'version': '::fruits', 'url': ' '}, {'name': 'banana', 'action': 'delete', 'id': '5494888', 'version': '::fruits', 'url': ' '}, {'name': 'asciijump', 'action': 'delete', 'id': '5475369', 'version': '::apt', 'url': ' '}, {'name': 'cherry', 'action': 'delete', 'id': '5495382', 'version': '::fruits', 'url': ' '}, {'name': 'registry', 'action': 'delete', 'id': '8018911', 'version': '::docker', 'url': ' '}]}
08:47:55 INFO  State of operation 17865869 : PENDING
08:47:57 INFO  State of operation 17865869 : EXECUTING
08:48:00 INFO  State of operation 17865869 : EXECUTING
08:48:02 INFO  State of operation 17865869 : EXECUTING
08:48:04 INFO  State of operation 17865869 : EXECUTING
08:48:06 INFO  State of operation 17865869 : EXECUTING
08:48:09 INFO  State of operation 17865869 : EXECUTING
08:48:11 INFO  State of operation 17865869 : EXECUTING
08:48:14 INFO  State of operation 17865869 : EXECUTING
08:48:17 INFO  State of operation 17865869 : EXECUTING
08:48:19 INFO  State of operation 17865869 : EXECUTING
08:48:21 INFO  State of operation 17865869 : EXECUTING
08:48:24 INFO  State of operation 17865869 : EXECUTING
08:48:26 INFO  State of operation 17865869 : EXECUTING
08:48:28 INFO  State of operation 17865869 : EXECUTING
08:48:30 INFO  State of operation 17865869 : EXECUTING
08:48:33 INFO  State of operation 17865869 : EXECUTING
08:48:35 INFO  State of operation 17865869 : EXECUTING
08:48:38 INFO  State of operation 17865869 : EXECUTING
08:48:40 INFO  State of operation 17865869 : EXECUTING
08:48:42 INFO  State of operation 17865869 : EXECUTING
08:48:44 INFO  State of operation 17865869 : EXECUTING
08:48:47 INFO  State of operation 17865869 : EXECUTING
08:48:49 INFO  State of operation 17865869 : EXECUTING
08:48:52 INFO  State of operation 17865869 : EXECUTING
08:48:54 INFO  State of operation 17865869 : EXECUTING
08:48:56 INFO  State of operation 17865869 : EXECUTING
08:48:59 INFO  State of operation 17865869 : EXECUTING
08:49:01 INFO  State of operation 17865869 : EXECUTING
08:49:03 INFO  State of operation 17865869 : EXECUTING
08:49:05 INFO  State of operation 17865869 : EXECUTING
08:49:08 INFO  State of operation 17865869 : SUCCESSFUL
08:49:08 INFO  Package apple is installed
08:49:08 INFO  Assert that (True == value) with value=True ... passed
08:49:08 INFO  Package banana is installed
08:49:08 INFO  Assert that (True == value) with value=True ... passed
08:49:08 INFO  Package cherry is installed
08:49:08 INFO  Assert that (True == value) with value=True ... passed
08:49:09 INFO  Assert that (False == value) with value=False ... passed
08:49:09 INFO  Assert that (False == value) with value=False ... passed
08:49:09 INFO  
08:49:09 INFO  cleanup:
08:49:13 INFO  Executed sudo&lt;tedge_disconnect_c8y&gt;, exit status 0
08:49:14 INFO  Executed systemctl&lt;serv_mapper5&gt;, exit status 3
08:49:14 INFO  
08:49:14 INFO  Test duration: 172.03 secs
08:49:14 INFO  Test final outcome:  FAILED
08:49:14 INFO  Test outcome reason: Assert that (False == value) with value=True
08:49:14 INFO  
</system-out>
	</testcase>
</testsuite>
