<?xml version="1.0" encoding="utf-8"?>
<testsuite failures="1" name="SoftwareManagement.sm_apt_install_remove_multiple" skipped="0" tests="1" time="141.64" timestamp="2022-04-27T15:34:25">
	<testcase classname="PySysTest" name="SoftwareManagement.sm_apt_install_remove_multiple">
		<failure message="FAILED: Assert that (False == value) with value=True (+2 other failures)" type="FAILED"/>
		<system-out>15:32:04 INFO  ==============================================================
15:32:04 INFO  Id:    SoftwareManagement.sm_apt_install_remove_multiple
15:32:04 INFO  Dir:   software_management_end_to_end/
15:32:04 INFO  Title: Validate end to end behaviour for the apt plugin for multiple packages
15:32:04 INFO  ==============================================================
15:32:04 INFO  Using sw id database: {'asciijump': '5475369', 'robotfindskitten': '5474869', 'squirrel3': '5475279', 'rolldice': '5152439', 'moon-buggy': '5439204', 'apple': '5495053', 'banana': '5494888', 'cherry': '5495382', 'watermelon': '5494510', 'registry': '8018911', 'hello-world': '8021526', 'docker/getting-started': '8021973', 'alpine': '7991792'}
15:32:04 INFO  EnvironmentC8y Setup
15:32:04 INFO  Executed systemctl&lt;serv_mapper1&gt;, exit status 3
15:32:04 INFO  Restarting mosquitto too frequently in the last 10 seconds. It was only up for 5 seconds
15:32:04 INFO  Delaying execution by 6 seconds
15:32:24 INFO  Executed sudo&lt;tedge_connect_c8y&gt;, exit status 0, duration 13 secs
15:32:25 INFO  Executed sudo&lt;tedge_connect_c8y_test&gt;, exit status 0
15:32:25 INFO  Executed systemctl&lt;serv_mosq2&gt;, exit status 0
15:32:26 INFO  Executed systemctl&lt;serv_mapper3&gt;, exit status 0
15:32:28 INFO  State of current operation: SUCCESSFUL
15:32:29 INFO  Assert that (False == value) with value=False ... passed
15:32:29 INFO  Package asciijump is installed
15:32:29 WARN  Assert that (False == value) with value=True ... failed 
15:32:29 INFO  Package squirrel3 is installed
15:32:29 WARN  Assert that (False == value) with value=True ... failed 
15:32:30 INFO  Package robotfindskitten is installed
15:32:30 WARN  Assert that (False == value) with value=True ... failed 
15:32:30 INFO  Response status: 201
15:32:30 INFO  Response to action: {
    &quot;creationTime&quot;: &quot;2022-04-27T15:32:30.343Z&quot;,
    &quot;deviceName&quot;: &quot;mythicc&quot;,
    &quot;deviceId&quot;: &quot;17788041&quot;,
    &quot;self&quot;: &quot;https://t493319102.eu-latest.cumulocity.com/devicecontrol/operations/17799228&quot;,
    &quot;id&quot;: &quot;17799228&quot;,
    &quot;status&quot;: &quot;PENDING&quot;,
    &quot;description&quot;: &quot;Apply software changes, triggered from PySys: [{'action': 'install', 'id': '5475369', 'name': 'asciijump', 'url': ' ', 'version': '::apt'}, {'action': 'install', 'id': '5474869', 'name': 'robotfindskitten', 'url': ' ', 'version': '::apt'}, {'action': 'install', 'id': '5475279', 'name': 'squirrel3', 'url': ' ', 'version': '::apt'}]&quot;,
    &quot;c8y_SoftwareUpdate&quot;: [
        {
            &quot;name&quot;: &quot;asciijump&quot;,
            &quot;action&quot;: &quot;install&quot;,
            &quot;id&quot;: &quot;5475369&quot;,
            &quot;version&quot;: &quot;::apt&quot;,
            &quot;url&quot;: &quot; &quot;
        },
        {
            &quot;name&quot;: &quot;robotfindskitten&quot;,
            &quot;action&quot;: &quot;install&quot;,
            &quot;id&quot;: &quot;5474869&quot;,
            &quot;version&quot;: &quot;::apt&quot;,
            &quot;url&quot;: &quot; &quot;
        },
        {
            &quot;name&quot;: &quot;squirrel3&quot;,
            &quot;action&quot;: &quot;install&quot;,
            &quot;id&quot;: &quot;5475279&quot;,
            &quot;version&quot;: &quot;::apt&quot;,
            &quot;url&quot;: &quot; &quot;
        }
    ]
}
15:32:30 INFO  Started operation: {'creationTime': '2022-04-27T15:32:30.343Z', 'deviceName': 'mythicc', 'deviceId': '17788041', 'self': 'https://t493319102.eu-latest.cumulocity.com/devicecontrol/operations/17799228', 'id': '17799228', 'status': 'PENDING', 'description': &quot;Apply software changes, triggered from PySys: [{'action': 'install', 'id': '5475369', 'name': 'asciijump', 'url': ' ', 'version': '::apt'}, {'action': 'install', 'id': '5474869', 'name': 'robotfindskitten', 'url': ' ', 'version': '::apt'}, {'action': 'install', 'id': '5475279', 'name': 'squirrel3', 'url': ' ', 'version': '::apt'}]&quot;, 'c8y_SoftwareUpdate': [{'name': 'asciijump', 'action': 'install', 'id': '5475369', 'version': '::apt', 'url': ' '}, {'name': 'robotfindskitten', 'action': 'install', 'id': '5474869', 'version': '::apt', 'url': ' '}, {'name': 'squirrel3', 'action': 'install', 'id': '5475279', 'version': '::apt', 'url': ' '}]}
15:32:32 INFO  State of operation 17799228 : PENDING
15:32:34 INFO  State of operation 17799228 : EXECUTING
15:32:37 INFO  State of operation 17799228 : EXECUTING
15:32:39 INFO  State of operation 17799228 : EXECUTING
15:32:41 INFO  State of operation 17799228 : EXECUTING
15:32:43 INFO  State of operation 17799228 : EXECUTING
15:32:46 INFO  State of operation 17799228 : EXECUTING
15:32:49 INFO  State of operation 17799228 : EXECUTING
15:32:51 INFO  State of operation 17799228 : EXECUTING
15:32:54 INFO  State of operation 17799228 : EXECUTING
15:32:56 INFO  State of operation 17799228 : EXECUTING
15:32:58 INFO  State of operation 17799228 : EXECUTING
15:33:00 INFO  State of operation 17799228 : EXECUTING
15:33:03 INFO  State of operation 17799228 : EXECUTING
15:33:05 INFO  State of operation 17799228 : EXECUTING
15:33:07 INFO  State of operation 17799228 : SUCCESSFUL
15:33:07 INFO  Assert that (False == value) with value=False ... passed
15:33:07 INFO  Package asciijump is installed
15:33:07 INFO  Assert that (True == value) with value=True ... passed
15:33:08 INFO  Package squirrel3 is installed
15:33:08 INFO  Assert that (True == value) with value=True ... passed
15:33:08 INFO  Package robotfindskitten is installed
15:33:08 INFO  Assert that (True == value) with value=True ... passed
15:33:08 INFO  Response status: 201
15:33:08 INFO  Response to action: {
    &quot;creationTime&quot;: &quot;2022-04-27T15:33:08.555Z&quot;,
    &quot;deviceName&quot;: &quot;mythicc&quot;,
    &quot;deviceId&quot;: &quot;17788041&quot;,
    &quot;self&quot;: &quot;https://t493319102.eu-latest.cumulocity.com/devicecontrol/operations/17799237&quot;,
    &quot;id&quot;: &quot;17799237&quot;,
    &quot;status&quot;: &quot;PENDING&quot;,
    &quot;description&quot;: &quot;Apply software changes, triggered from PySys: [{'action': 'delete', 'id': '5475369', 'name': 'asciijump', 'url': ' ', 'version': '::apt'}, {'action': 'delete', 'id': '5474869', 'name': 'robotfindskitten', 'url': ' ', 'version': '::apt'}, {'action': 'delete', 'id': '5475279', 'name': 'squirrel3', 'url': ' ', 'version': '::apt'}]&quot;,
    &quot;c8y_SoftwareUpdate&quot;: [
        {
            &quot;name&quot;: &quot;asciijump&quot;,
            &quot;action&quot;: &quot;delete&quot;,
            &quot;id&quot;: &quot;5475369&quot;,
            &quot;version&quot;: &quot;::apt&quot;,
            &quot;url&quot;: &quot; &quot;
        },
        {
            &quot;name&quot;: &quot;robotfindskitten&quot;,
            &quot;action&quot;: &quot;delete&quot;,
            &quot;id&quot;: &quot;5474869&quot;,
            &quot;version&quot;: &quot;::apt&quot;,
            &quot;url&quot;: &quot; &quot;
        },
        {
            &quot;name&quot;: &quot;squirrel3&quot;,
            &quot;action&quot;: &quot;delete&quot;,
            &quot;id&quot;: &quot;5475279&quot;,
            &quot;version&quot;: &quot;::apt&quot;,
            &quot;url&quot;: &quot; &quot;
        }
    ]
}
15:33:08 INFO  Started operation: {'creationTime': '2022-04-27T15:33:08.555Z', 'deviceName': 'mythicc', 'deviceId': '17788041', 'self': 'https://t493319102.eu-latest.cumulocity.com/devicecontrol/operations/17799237', 'id': '17799237', 'status': 'PENDING', 'description': &quot;Apply software changes, triggered from PySys: [{'action': 'delete', 'id': '5475369', 'name': 'asciijump', 'url': ' ', 'version': '::apt'}, {'action': 'delete', 'id': '5474869', 'name': 'robotfindskitten', 'url': ' ', 'version': '::apt'}, {'action': 'delete', 'id': '5475279', 'name': 'squirrel3', 'url': ' ', 'version': '::apt'}]&quot;, 'c8y_SoftwareUpdate': [{'name': 'asciijump', 'action': 'delete', 'id': '5475369', 'version': '::apt', 'url': ' '}, {'name': 'robotfindskitten', 'action': 'delete', 'id': '5474869', 'version': '::apt', 'url': ' '}, {'name': 'squirrel3', 'action': 'delete', 'id': '5475279', 'version': '::apt', 'url': ' '}]}
15:33:10 INFO  State of operation 17799237 : PENDING
15:33:13 INFO  State of operation 17799237 : EXECUTING
15:33:15 INFO  State of operation 17799237 : EXECUTING
15:33:17 INFO  State of operation 17799237 : EXECUTING
15:33:19 INFO  State of operation 17799237 : EXECUTING
15:33:21 INFO  State of operation 17799237 : EXECUTING
15:33:24 INFO  State of operation 17799237 : EXECUTING
15:33:26 INFO  State of operation 17799237 : EXECUTING
15:33:29 INFO  State of operation 17799237 : EXECUTING
15:33:31 INFO  State of operation 17799237 : EXECUTING
15:33:33 INFO  State of operation 17799237 : EXECUTING
15:33:36 INFO  State of operation 17799237 : EXECUTING
15:33:38 INFO  State of operation 17799237 : EXECUTING
15:33:40 INFO  State of operation 17799237 : EXECUTING
15:33:42 INFO  State of operation 17799237 : EXECUTING
15:33:45 INFO  State of operation 17799237 : EXECUTING
15:33:47 INFO  State of operation 17799237 : EXECUTING
15:33:49 INFO  State of operation 17799237 : EXECUTING
15:33:52 INFO  State of operation 17799237 : EXECUTING
15:33:54 INFO  State of operation 17799237 : EXECUTING
15:33:57 INFO  State of operation 17799237 : EXECUTING
15:33:59 INFO  State of operation 17799237 : EXECUTING
15:34:01 INFO  State of operation 17799237 : EXECUTING
15:34:03 INFO  State of operation 17799237 : EXECUTING
15:34:06 INFO  State of operation 17799237 : EXECUTING
15:34:08 INFO  State of operation 17799237 : EXECUTING
15:34:11 INFO  State of operation 17799237 : EXECUTING
15:34:13 INFO  State of operation 17799237 : EXECUTING
15:34:16 INFO  State of operation 17799237 : EXECUTING
15:34:18 INFO  State of operation 17799237 : EXECUTING
15:34:20 INFO  State of operation 17799237 : SUCCESSFUL
15:34:20 INFO  Assert that (False == value) with value=False ... passed
15:34:20 INFO  Assert that (False == value) with value=False ... passed
15:34:21 INFO  Assert that (False == value) with value=False ... passed
15:34:21 INFO  Assert that (False == value) with value=False ... passed
15:34:21 INFO  
15:34:21 INFO  cleanup:
15:34:25 INFO  Executed sudo&lt;tedge_disconnect_c8y&gt;, exit status 0
15:34:25 INFO  Executed systemctl&lt;serv_mapper5&gt;, exit status 3
15:34:25 INFO  
15:34:25 INFO  Test duration: 141.64 secs
15:34:25 INFO  Test final outcome:  FAILED
15:34:25 INFO  Test outcome reason: Assert that (False == value) with value=True (+2 other failures)
15:34:25 INFO  
</system-out>
	</testcase>
</testsuite>
