<?xml version="1.0" encoding="utf-8"?>
<testsuite failures="1" name="SoftwareManagement.sm_apt_install_remove_multiple" skipped="0" tests="1" time="143.0" timestamp="2022-05-16T08:33:51">
	<testcase classname="PySysTest" name="SoftwareManagement.sm_apt_install_remove_multiple">
		<failure message="FAILED: Assert that (False == value) with value=True (+2 other failures)" type="FAILED"/>
		<system-out>08:31:28 INFO  ==============================================================
08:31:28 INFO  Id:    SoftwareManagement.sm_apt_install_remove_multiple
08:31:28 INFO  Dir:   software_management_end_to_end/
08:31:28 INFO  Title: Validate end to end behaviour for the apt plugin for multiple packages
08:31:28 INFO  ==============================================================
08:31:28 INFO  Using sw id database: {'asciijump': '5475369', 'robotfindskitten': '5474869', 'squirrel3': '5475279', 'rolldice': '5152439', 'moon-buggy': '5439204', 'apple': '5495053', 'banana': '5494888', 'cherry': '5495382', 'watermelon': '5494510', 'registry': '8018911', 'hello-world': '8021526', 'docker/getting-started': '8021973', 'alpine': '7991792'}
08:31:28 INFO  EnvironmentC8y Setup
08:31:28 INFO  Executed systemctl&lt;serv_mapper1&gt;, exit status 3
08:31:28 INFO  Restarting mosquitto too frequently in the last 10 seconds. It was only up for 5 seconds
08:31:28 INFO  Delaying execution by 6 seconds
08:31:49 INFO  Executed sudo&lt;tedge_connect_c8y&gt;, exit status 0, duration 14 secs
08:31:49 INFO  Executed sudo&lt;tedge_connect_c8y_test&gt;, exit status 0
08:31:50 INFO  Executed systemctl&lt;serv_mosq2&gt;, exit status 0
08:31:50 INFO  Executed systemctl&lt;serv_mapper3&gt;, exit status 0
08:31:53 INFO  State of current operation: SUCCESSFUL
08:31:53 INFO  Assert that (False == value) with value=False ... passed
08:31:53 INFO  Package asciijump is installed
08:31:53 WARN  Assert that (False == value) with value=True ... failed 
08:31:53 INFO  Package squirrel3 is installed
08:31:53 WARN  Assert that (False == value) with value=True ... failed 
08:31:54 INFO  Package robotfindskitten is installed
08:31:54 WARN  Assert that (False == value) with value=True ... failed 
08:31:54 INFO  Response status: 201
08:31:54 INFO  Response to action: {
    &quot;creationTime&quot;: &quot;2022-05-16T08:31:54.394Z&quot;,
    &quot;deviceId&quot;: &quot;19103173&quot;,
    &quot;deviceName&quot;: &quot;mythicc&quot;,
    &quot;self&quot;: &quot;https://t493319102.eu-latest.cumulocity.com/devicecontrol/operations/19133199&quot;,
    &quot;id&quot;: &quot;19133199&quot;,
    &quot;status&quot;: &quot;PENDING&quot;,
    &quot;description&quot;: &quot;Apply software changes, triggered from PySys: [{'action': 'install', 'id': '5475369', 'name': 'asciijump', 'url': ' ', 'version': '::apt'}, {'action': 'install', 'id': '5474869', 'name': 'robotfindskitten', 'url': ' ', 'version': '::apt'}, {'action': 'install', 'id': '5475279', 'name': 'squirrel3', 'url': ' ', 'version': '::apt'}]&quot;,
    &quot;c8y_SoftwareUpdate&quot;: [
        {
            &quot;name&quot;: &quot;asciijump&quot;,
            &quot;action&quot;: &quot;install&quot;,
            &quot;id&quot;: &quot;5475369&quot;,
            &quot;version&quot;: &quot;::apt&quot;,
            &quot;url&quot;: &quot; &quot;
        },
        {
            &quot;name&quot;: &quot;robotfindskitten&quot;,
            &quot;action&quot;: &quot;install&quot;,
            &quot;id&quot;: &quot;5474869&quot;,
            &quot;version&quot;: &quot;::apt&quot;,
            &quot;url&quot;: &quot; &quot;
        },
        {
            &quot;name&quot;: &quot;squirrel3&quot;,
            &quot;action&quot;: &quot;install&quot;,
            &quot;id&quot;: &quot;5475279&quot;,
            &quot;version&quot;: &quot;::apt&quot;,
            &quot;url&quot;: &quot; &quot;
        }
    ]
}
08:31:54 INFO  Started operation: {'creationTime': '2022-05-16T08:31:54.394Z', 'deviceId': '19103173', 'deviceName': 'mythicc', 'self': 'https://t493319102.eu-latest.cumulocity.com/devicecontrol/operations/19133199', 'id': '19133199', 'status': 'PENDING', 'description': &quot;Apply software changes, triggered from PySys: [{'action': 'install', 'id': '5475369', 'name': 'asciijump', 'url': ' ', 'version': '::apt'}, {'action': 'install', 'id': '5474869', 'name': 'robotfindskitten', 'url': ' ', 'version': '::apt'}, {'action': 'install', 'id': '5475279', 'name': 'squirrel3', 'url': ' ', 'version': '::apt'}]&quot;, 'c8y_SoftwareUpdate': [{'name': 'asciijump', 'action': 'install', 'id': '5475369', 'version': '::apt', 'url': ' '}, {'name': 'robotfindskitten', 'action': 'install', 'id': '5474869', 'version': '::apt', 'url': ' '}, {'name': 'squirrel3', 'action': 'install', 'id': '5475279', 'version': '::apt', 'url': ' '}]}
08:31:56 INFO  State of operation 19133199 : PENDING
08:31:58 INFO  State of operation 19133199 : EXECUTING
08:32:01 INFO  State of operation 19133199 : EXECUTING
08:32:03 INFO  State of operation 19133199 : EXECUTING
08:32:05 INFO  State of operation 19133199 : EXECUTING
08:32:07 INFO  State of operation 19133199 : EXECUTING
08:32:10 INFO  State of operation 19133199 : EXECUTING
08:32:13 INFO  State of operation 19133199 : EXECUTING
08:32:15 INFO  State of operation 19133199 : EXECUTING
08:32:18 INFO  State of operation 19133199 : EXECUTING
08:32:20 INFO  State of operation 19133199 : EXECUTING
08:32:22 INFO  State of operation 19133199 : EXECUTING
08:32:24 INFO  State of operation 19133199 : EXECUTING
08:32:27 INFO  State of operation 19133199 : EXECUTING
08:32:29 INFO  State of operation 19133199 : EXECUTING
08:32:31 INFO  State of operation 19133199 : EXECUTING
08:32:33 INFO  State of operation 19133199 : SUCCESSFUL
08:32:33 INFO  Assert that (False == value) with value=False ... passed
08:32:34 INFO  Package asciijump is installed
08:32:34 INFO  Assert that (True == value) with value=True ... passed
08:32:34 INFO  Package squirrel3 is installed
08:32:34 INFO  Assert that (True == value) with value=True ... passed
08:32:34 INFO  Package robotfindskitten is installed
08:32:34 INFO  Assert that (True == value) with value=True ... passed
08:32:34 INFO  Response status: 201
08:32:34 INFO  Response to action: {
    &quot;creationTime&quot;: &quot;2022-05-16T08:32:34.811Z&quot;,
    &quot;deviceId&quot;: &quot;19103173&quot;,
    &quot;deviceName&quot;: &quot;mythicc&quot;,
    &quot;self&quot;: &quot;https://t493319102.eu-latest.cumulocity.com/devicecontrol/operations/19133216&quot;,
    &quot;id&quot;: &quot;19133216&quot;,
    &quot;status&quot;: &quot;PENDING&quot;,
    &quot;description&quot;: &quot;Apply software changes, triggered from PySys: [{'action': 'delete', 'id': '5475369', 'name': 'asciijump', 'url': ' ', 'version': '::apt'}, {'action': 'delete', 'id': '5474869', 'name': 'robotfindskitten', 'url': ' ', 'version': '::apt'}, {'action': 'delete', 'id': '5475279', 'name': 'squirrel3', 'url': ' ', 'version': '::apt'}]&quot;,
    &quot;c8y_SoftwareUpdate&quot;: [
        {
            &quot;name&quot;: &quot;asciijump&quot;,
            &quot;action&quot;: &quot;delete&quot;,
            &quot;id&quot;: &quot;5475369&quot;,
            &quot;version&quot;: &quot;::apt&quot;,
            &quot;url&quot;: &quot; &quot;
        },
        {
            &quot;name&quot;: &quot;robotfindskitten&quot;,
            &quot;action&quot;: &quot;delete&quot;,
            &quot;id&quot;: &quot;5474869&quot;,
            &quot;version&quot;: &quot;::apt&quot;,
            &quot;url&quot;: &quot; &quot;
        },
        {
            &quot;name&quot;: &quot;squirrel3&quot;,
            &quot;action&quot;: &quot;delete&quot;,
            &quot;id&quot;: &quot;5475279&quot;,
            &quot;version&quot;: &quot;::apt&quot;,
            &quot;url&quot;: &quot; &quot;
        }
    ]
}
08:32:34 INFO  Started operation: {'creationTime': '2022-05-16T08:32:34.811Z', 'deviceId': '19103173', 'deviceName': 'mythicc', 'self': 'https://t493319102.eu-latest.cumulocity.com/devicecontrol/operations/19133216', 'id': '19133216', 'status': 'PENDING', 'description': &quot;Apply software changes, triggered from PySys: [{'action': 'delete', 'id': '5475369', 'name': 'asciijump', 'url': ' ', 'version': '::apt'}, {'action': 'delete', 'id': '5474869', 'name': 'robotfindskitten', 'url': ' ', 'version': '::apt'}, {'action': 'delete', 'id': '5475279', 'name': 'squirrel3', 'url': ' ', 'version': '::apt'}]&quot;, 'c8y_SoftwareUpdate': [{'name': 'asciijump', 'action': 'delete', 'id': '5475369', 'version': '::apt', 'url': ' '}, {'name': 'robotfindskitten', 'action': 'delete', 'id': '5474869', 'version': '::apt', 'url': ' '}, {'name': 'squirrel3', 'action': 'delete', 'id': '5475279', 'version': '::apt', 'url': ' '}]}
08:32:37 INFO  State of operation 19133216 : PENDING
08:32:39 INFO  State of operation 19133216 : EXECUTING
08:32:41 INFO  State of operation 19133216 : EXECUTING
08:32:44 INFO  State of operation 19133216 : EXECUTING
08:32:46 INFO  State of operation 19133216 : EXECUTING
08:32:48 INFO  State of operation 19133216 : EXECUTING
08:32:51 INFO  State of operation 19133216 : EXECUTING
08:32:54 INFO  State of operation 19133216 : EXECUTING
08:32:56 INFO  State of operation 19133216 : EXECUTING
08:32:58 INFO  State of operation 19133216 : EXECUTING
08:33:00 INFO  State of operation 19133216 : EXECUTING
08:33:03 INFO  State of operation 19133216 : EXECUTING
08:33:05 INFO  State of operation 19133216 : EXECUTING
08:33:07 INFO  State of operation 19133216 : EXECUTING
08:33:09 INFO  State of operation 19133216 : EXECUTING
08:33:12 INFO  State of operation 19133216 : EXECUTING
08:33:14 INFO  State of operation 19133216 : EXECUTING
08:33:16 INFO  State of operation 19133216 : EXECUTING
08:33:20 INFO  State of operation 19133216 : EXECUTING
08:33:22 INFO  State of operation 19133216 : EXECUTING
08:33:24 INFO  State of operation 19133216 : EXECUTING
08:33:27 INFO  State of operation 19133216 : EXECUTING
08:33:29 INFO  State of operation 19133216 : EXECUTING
08:33:31 INFO  State of operation 19133216 : EXECUTING
08:33:33 INFO  State of operation 19133216 : EXECUTING
08:33:36 INFO  State of operation 19133216 : EXECUTING
08:33:38 INFO  State of operation 19133216 : EXECUTING
08:33:41 INFO  State of operation 19133216 : EXECUTING
08:33:43 INFO  State of operation 19133216 : EXECUTING
08:33:45 INFO  State of operation 19133216 : SUCCESSFUL
08:33:45 INFO  Assert that (False == value) with value=False ... passed
08:33:46 INFO  Assert that (False == value) with value=False ... passed
08:33:46 INFO  Assert that (False == value) with value=False ... passed
08:33:46 INFO  Assert that (False == value) with value=False ... passed
08:33:46 INFO  
08:33:46 INFO  cleanup:
08:33:50 INFO  Executed sudo&lt;tedge_disconnect_c8y&gt;, exit status 0
08:33:51 INFO  Executed systemctl&lt;serv_mapper5&gt;, exit status 3
08:33:51 INFO  
08:33:51 INFO  Test duration: 143.00 secs
08:33:51 INFO  Test final outcome:  FAILED
08:33:51 INFO  Test outcome reason: Assert that (False == value) with value=True (+2 other failures)
08:33:51 INFO  
</system-out>
	</testcase>
</testsuite>
