<?xml version="1.0" encoding="utf-8"?>
<testsuite failures="1" name="SoftwareManagement.sm_docker_install_remove_multiple" skipped="0" tests="1" time="166.18" timestamp="2022-04-19T14:54:44">
	<testcase classname="SMDockerInstallRemove" name="SoftwareManagement.sm_docker_install_remove_multiple">
		<failure message="BLOCKED: SystemError: Timeout while waiting for status FAILED or SUCCESSFUL" type="BLOCKED"/>
		<system-out>14:51:58 INFO  ==============================================================
14:51:58 INFO  Id:    SoftwareManagement.sm_docker_install_remove_multiple
14:51:58 INFO  Dir:   software_management_end_to_end/
14:51:58 INFO  Title: Validate end to end behaviour for the docker plugin for multiple docker images with mixed versions
14:51:58 INFO  ==============================================================
14:51:58 INFO  Using sw id database: {'asciijump': '5475369', 'robotfindskitten': '5474869', 'squirrel3': '5475279', 'rolldice': '5152439', 'moon-buggy': '5439204', 'apple': '5495053', 'banana': '5494888', 'cherry': '5495382', 'watermelon': '5494510', 'registry': '8018911', 'hello-world': '8021526', 'docker/getting-started': '8021973', 'alpine': '7991792'}
14:51:58 INFO  EnvironmentC8y Setup
14:51:58 INFO  Executed systemctl&lt;serv_mapper1&gt;, exit status 3
14:51:59 INFO  Restarting mosquitto too frequently in the last 10 seconds. It was only up for 5 seconds
14:51:59 INFO  Delaying execution by 6 seconds
14:52:19 INFO  Executed sudo&lt;tedge_connect_c8y&gt;, exit status 0, duration 13 secs
14:52:19 INFO  Executed sudo&lt;tedge_connect_c8y_test&gt;, exit status 0
14:52:20 INFO  Executed systemctl&lt;serv_mosq2&gt;, exit status 0
14:52:20 INFO  Executed systemctl&lt;serv_mapper3&gt;, exit status 0
14:52:22 INFO  State of current operation: PENDING
14:52:25 INFO  State of current operation: PENDING
14:52:27 INFO  State of current operation: PENDING
14:52:29 INFO  State of current operation: PENDING
14:52:31 INFO  State of current operation: PENDING
14:52:34 INFO  State of current operation: PENDING
14:52:36 INFO  State of current operation: PENDING
14:52:38 INFO  State of current operation: PENDING
14:52:40 INFO  State of current operation: PENDING
14:52:42 INFO  State of current operation: PENDING
14:52:45 INFO  State of current operation: PENDING
14:52:47 INFO  State of current operation: PENDING
14:52:49 INFO  State of current operation: PENDING
14:52:51 INFO  State of current operation: PENDING
14:52:54 INFO  State of current operation: PENDING
14:52:56 INFO  State of current operation: PENDING
14:52:58 INFO  State of current operation: PENDING
14:53:00 INFO  State of current operation: PENDING
14:53:03 INFO  State of current operation: PENDING
14:53:05 INFO  State of current operation: PENDING
14:53:08 INFO  State of current operation: PENDING
14:53:10 INFO  State of current operation: PENDING
14:53:12 INFO  State of current operation: PENDING
14:53:15 INFO  State of current operation: PENDING
14:53:17 INFO  State of current operation: PENDING
14:53:19 INFO  State of current operation: PENDING
14:53:21 INFO  State of current operation: PENDING
14:53:24 INFO  State of current operation: PENDING
14:53:26 INFO  State of current operation: PENDING
14:53:28 INFO  State of current operation: PENDING
14:53:30 INFO  State of current operation: PENDING
14:53:33 INFO  State of current operation: PENDING
14:53:35 INFO  State of current operation: PENDING
14:53:37 INFO  State of current operation: PENDING
14:53:39 INFO  State of current operation: PENDING
14:53:42 INFO  State of current operation: PENDING
14:53:44 INFO  State of current operation: PENDING
14:53:46 INFO  State of current operation: PENDING
14:53:48 INFO  State of current operation: PENDING
14:53:50 INFO  State of current operation: PENDING
14:53:53 INFO  State of current operation: PENDING
14:53:55 INFO  State of current operation: PENDING
14:53:57 INFO  State of current operation: PENDING
14:53:59 INFO  State of current operation: PENDING
14:54:02 INFO  State of current operation: PENDING
14:54:04 INFO  State of current operation: PENDING
14:54:06 INFO  State of current operation: PENDING
14:54:08 INFO  State of current operation: PENDING
14:54:11 INFO  State of current operation: PENDING
14:54:13 INFO  State of current operation: PENDING
14:54:15 INFO  State of current operation: PENDING
14:54:17 INFO  State of current operation: PENDING
14:54:20 INFO  State of current operation: PENDING
14:54:22 INFO  State of current operation: PENDING
14:54:24 INFO  State of current operation: PENDING
14:54:26 INFO  State of current operation: PENDING
14:54:28 INFO  State of current operation: PENDING
14:54:31 INFO  State of current operation: PENDING
14:54:33 INFO  State of current operation: PENDING
14:54:35 INFO  State of current operation: PENDING
14:54:37 INFO  State of current operation: PENDING
14:54:39 WARN  SystemError occurred while running test - Timeout while waiting for status FAILED or SUCCESSFUL
Traceback (most recent call last):
  File &quot;/home/pi/env-pysys/lib/python3.7/site-packages/pysys/baserunner.py&quot;, line 1292, in __call__
    self.testObj.setup()
  File &quot;/home/pi/actions-runner/_work/thin-edge.io/thin-edge.io/tests/PySys/software_management_end_to_end/sm_docker_install_remove_multiple/run.py&quot;, line 29, in setup
    super().setup()
  File &quot;/home/pi/actions-runner/_work/thin-edge.io/thin-edge.io/tests/PySys/software_management_end_to_end/environment_sm_management.py&quot;, line 151, in setup
    self.wait_until_end()
  File &quot;/home/pi/actions-runner/_work/thin-edge.io/thin-edge.io/tests/PySys/software_management_end_to_end/environment_sm_management.py&quot;, line 332, in wait_until_end
    self.wait_until_status(&quot;FAILED&quot;, &quot;SUCCESSFUL&quot;)
  File &quot;/home/pi/actions-runner/_work/thin-edge.io/thin-edge.io/tests/PySys/software_management_end_to_end/environment_sm_management.py&quot;, line 381, in wait_until_status
    &quot;Timeout while waiting for status %s or %s&quot; % (status, status2)
SystemError: Timeout while waiting for status FAILED or SUCCESSFUL
14:54:39 WARN  SystemError: Timeout while waiting for status FAILED or SUCCESSFUL ... blocked 
14:54:39 INFO  
14:54:39 INFO  cleanup:
14:54:43 INFO  Executed sudo&lt;tedge_disconnect_c8y&gt;, exit status 0
14:54:44 INFO  Executed systemctl&lt;serv_mapper5&gt;, exit status 3
14:54:44 INFO  
14:54:44 INFO  Test duration: 166.18 secs
14:54:44 INFO  Test final outcome:  BLOCKED
14:54:44 INFO  Test outcome reason: SystemError: Timeout while waiting for status FAILED or SUCCESSFUL
14:54:44 INFO  
</system-out>
	</testcase>
</testsuite>
