<?xml version="1.0" encoding="utf-8"?>
<testsuite failures="1" name="SoftwareManagement.sm_apt_install_remove_multiple" skipped="0" tests="1" time="140.07" timestamp="2022-05-30T10:20:19">
	<testcase classname="PySysTest" name="SoftwareManagement.sm_apt_install_remove_multiple">
		<failure message="FAILED: Assert that (False == value) with value=True (+2 other failures)" type="FAILED"/>
		<system-out>10:17:59 INFO  ==============================================================
10:17:59 INFO  Id:    SoftwareManagement.sm_apt_install_remove_multiple
10:17:59 INFO  Dir:   software_management_end_to_end/
10:17:59 INFO  Title: Validate end to end behaviour for the apt plugin for multiple packages
10:17:59 INFO  ==============================================================
10:17:59 INFO  Using sw id database: {'asciijump': '5475369', 'robotfindskitten': '5474869', 'squirrel3': '5475279', 'rolldice': '5152439', 'moon-buggy': '5439204', 'apple': '5495053', 'banana': '5494888', 'cherry': '5495382', 'watermelon': '5494510', 'registry': '8018911', 'hello-world': '8021526', 'docker/getting-started': '8021973', 'alpine': '7991792'}
10:17:59 INFO  EnvironmentC8y Setup
10:17:59 INFO  Executed systemctl&lt;serv_mapper1&gt;, exit status 3
10:17:59 INFO  Restarting mosquitto too frequently in the last 10 seconds. It was only up for 5 seconds
10:17:59 INFO  Delaying execution by 6 seconds
10:18:20 INFO  Executed sudo&lt;tedge_connect_c8y&gt;, exit status 0, duration 14 secs
10:18:20 INFO  Executed sudo&lt;tedge_connect_c8y_test&gt;, exit status 0
10:18:21 INFO  Executed systemctl&lt;serv_mosq2&gt;, exit status 0
10:18:21 INFO  Executed systemctl&lt;serv_mapper3&gt;, exit status 0
10:18:23 INFO  State of current operation: SUCCESSFUL
10:18:24 INFO  Assert that (False == value) with value=False ... passed
10:18:24 INFO  Package asciijump is installed
10:18:24 WARN  Assert that (False == value) with value=True ... failed 
10:18:24 INFO  Package squirrel3 is installed
10:18:24 WARN  Assert that (False == value) with value=True ... failed 
10:18:24 INFO  Package robotfindskitten is installed
10:18:24 WARN  Assert that (False == value) with value=True ... failed 
10:18:25 INFO  Response status: 201
10:18:25 INFO  Response to action: {
    &quot;creationTime&quot;: &quot;2022-05-30T10:18:25.179Z&quot;,
    &quot;deviceId&quot;: &quot;19787676&quot;,
    &quot;deviceName&quot;: &quot;mythicc&quot;,
    &quot;self&quot;: &quot;https://t493319102.eu-latest.cumulocity.com/devicecontrol/operations/19798045&quot;,
    &quot;id&quot;: &quot;19798045&quot;,
    &quot;status&quot;: &quot;PENDING&quot;,
    &quot;description&quot;: &quot;Apply software changes, triggered from PySys: [{'action': 'install', 'id': '5475369', 'name': 'asciijump', 'url': ' ', 'version': '::apt'}, {'action': 'install', 'id': '5474869', 'name': 'robotfindskitten', 'url': ' ', 'version': '::apt'}, {'action': 'install', 'id': '5475279', 'name': 'squirrel3', 'url': ' ', 'version': '::apt'}]&quot;,
    &quot;c8y_SoftwareUpdate&quot;: [
        {
            &quot;name&quot;: &quot;asciijump&quot;,
            &quot;action&quot;: &quot;install&quot;,
            &quot;id&quot;: &quot;5475369&quot;,
            &quot;version&quot;: &quot;::apt&quot;,
            &quot;url&quot;: &quot; &quot;
        },
        {
            &quot;name&quot;: &quot;robotfindskitten&quot;,
            &quot;action&quot;: &quot;install&quot;,
            &quot;id&quot;: &quot;5474869&quot;,
            &quot;version&quot;: &quot;::apt&quot;,
            &quot;url&quot;: &quot; &quot;
        },
        {
            &quot;name&quot;: &quot;squirrel3&quot;,
            &quot;action&quot;: &quot;install&quot;,
            &quot;id&quot;: &quot;5475279&quot;,
            &quot;version&quot;: &quot;::apt&quot;,
            &quot;url&quot;: &quot; &quot;
        }
    ]
}
10:18:25 INFO  Started operation: {'creationTime': '2022-05-30T10:18:25.179Z', 'deviceId': '19787676', 'deviceName': 'mythicc', 'self': 'https://t493319102.eu-latest.cumulocity.com/devicecontrol/operations/19798045', 'id': '19798045', 'status': 'PENDING', 'description': &quot;Apply software changes, triggered from PySys: [{'action': 'install', 'id': '5475369', 'name': 'asciijump', 'url': ' ', 'version': '::apt'}, {'action': 'install', 'id': '5474869', 'name': 'robotfindskitten', 'url': ' ', 'version': '::apt'}, {'action': 'install', 'id': '5475279', 'name': 'squirrel3', 'url': ' ', 'version': '::apt'}]&quot;, 'c8y_SoftwareUpdate': [{'name': 'asciijump', 'action': 'install', 'id': '5475369', 'version': '::apt', 'url': ' '}, {'name': 'robotfindskitten', 'action': 'install', 'id': '5474869', 'version': '::apt', 'url': ' '}, {'name': 'squirrel3', 'action': 'install', 'id': '5475279', 'version': '::apt', 'url': ' '}]}
10:18:27 INFO  State of operation 19798045 : PENDING
10:18:29 INFO  State of operation 19798045 : EXECUTING
10:18:31 INFO  State of operation 19798045 : EXECUTING
10:18:34 INFO  State of operation 19798045 : EXECUTING
10:18:36 INFO  State of operation 19798045 : EXECUTING
10:18:38 INFO  State of operation 19798045 : EXECUTING
10:18:41 INFO  State of operation 19798045 : EXECUTING
10:18:44 INFO  State of operation 19798045 : EXECUTING
10:18:46 INFO  State of operation 19798045 : EXECUTING
10:18:48 INFO  State of operation 19798045 : EXECUTING
10:18:51 INFO  State of operation 19798045 : EXECUTING
10:18:53 INFO  State of operation 19798045 : EXECUTING
10:18:55 INFO  State of operation 19798045 : EXECUTING
10:18:57 INFO  State of operation 19798045 : EXECUTING
10:19:00 INFO  State of operation 19798045 : EXECUTING
10:19:02 INFO  State of operation 19798045 : SUCCESSFUL
10:19:02 INFO  Assert that (False == value) with value=False ... passed
10:19:02 INFO  Package asciijump is installed
10:19:02 INFO  Assert that (True == value) with value=True ... passed
10:19:02 INFO  Package squirrel3 is installed
10:19:02 INFO  Assert that (True == value) with value=True ... passed
10:19:03 INFO  Package robotfindskitten is installed
10:19:03 INFO  Assert that (True == value) with value=True ... passed
10:19:03 INFO  Response status: 201
10:19:03 INFO  Response to action: {
    &quot;creationTime&quot;: &quot;2022-05-30T10:19:03.396Z&quot;,
    &quot;deviceId&quot;: &quot;19787676&quot;,
    &quot;deviceName&quot;: &quot;mythicc&quot;,
    &quot;self&quot;: &quot;https://t493319102.eu-latest.cumulocity.com/devicecontrol/operations/19798060&quot;,
    &quot;id&quot;: &quot;19798060&quot;,
    &quot;status&quot;: &quot;PENDING&quot;,
    &quot;description&quot;: &quot;Apply software changes, triggered from PySys: [{'action': 'delete', 'id': '5475369', 'name': 'asciijump', 'url': ' ', 'version': '::apt'}, {'action': 'delete', 'id': '5474869', 'name': 'robotfindskitten', 'url': ' ', 'version': '::apt'}, {'action': 'delete', 'id': '5475279', 'name': 'squirrel3', 'url': ' ', 'version': '::apt'}]&quot;,
    &quot;c8y_SoftwareUpdate&quot;: [
        {
            &quot;name&quot;: &quot;asciijump&quot;,
            &quot;action&quot;: &quot;delete&quot;,
            &quot;id&quot;: &quot;5475369&quot;,
            &quot;version&quot;: &quot;::apt&quot;,
            &quot;url&quot;: &quot; &quot;
        },
        {
            &quot;name&quot;: &quot;robotfindskitten&quot;,
            &quot;action&quot;: &quot;delete&quot;,
            &quot;id&quot;: &quot;5474869&quot;,
            &quot;version&quot;: &quot;::apt&quot;,
            &quot;url&quot;: &quot; &quot;
        },
        {
            &quot;name&quot;: &quot;squirrel3&quot;,
            &quot;action&quot;: &quot;delete&quot;,
            &quot;id&quot;: &quot;5475279&quot;,
            &quot;version&quot;: &quot;::apt&quot;,
            &quot;url&quot;: &quot; &quot;
        }
    ]
}
10:19:03 INFO  Started operation: {'creationTime': '2022-05-30T10:19:03.396Z', 'deviceId': '19787676', 'deviceName': 'mythicc', 'self': 'https://t493319102.eu-latest.cumulocity.com/devicecontrol/operations/19798060', 'id': '19798060', 'status': 'PENDING', 'description': &quot;Apply software changes, triggered from PySys: [{'action': 'delete', 'id': '5475369', 'name': 'asciijump', 'url': ' ', 'version': '::apt'}, {'action': 'delete', 'id': '5474869', 'name': 'robotfindskitten', 'url': ' ', 'version': '::apt'}, {'action': 'delete', 'id': '5475279', 'name': 'squirrel3', 'url': ' ', 'version': '::apt'}]&quot;, 'c8y_SoftwareUpdate': [{'name': 'asciijump', 'action': 'delete', 'id': '5475369', 'version': '::apt', 'url': ' '}, {'name': 'robotfindskitten', 'action': 'delete', 'id': '5474869', 'version': '::apt', 'url': ' '}, {'name': 'squirrel3', 'action': 'delete', 'id': '5475279', 'version': '::apt', 'url': ' '}]}
10:19:05 INFO  State of operation 19798060 : PENDING
10:19:08 INFO  State of operation 19798060 : EXECUTING
10:19:10 INFO  State of operation 19798060 : EXECUTING
10:19:12 INFO  State of operation 19798060 : EXECUTING
10:19:14 INFO  State of operation 19798060 : EXECUTING
10:19:16 INFO  State of operation 19798060 : EXECUTING
10:19:19 INFO  State of operation 19798060 : EXECUTING
10:19:21 INFO  State of operation 19798060 : EXECUTING
10:19:24 INFO  State of operation 19798060 : EXECUTING
10:19:26 INFO  State of operation 19798060 : EXECUTING
10:19:28 INFO  State of operation 19798060 : EXECUTING
10:19:31 INFO  State of operation 19798060 : EXECUTING
10:19:33 INFO  State of operation 19798060 : EXECUTING
10:19:35 INFO  State of operation 19798060 : EXECUTING
10:19:37 INFO  State of operation 19798060 : EXECUTING
10:19:40 INFO  State of operation 19798060 : EXECUTING
10:19:42 INFO  State of operation 19798060 : EXECUTING
10:19:44 INFO  State of operation 19798060 : EXECUTING
10:19:47 INFO  State of operation 19798060 : EXECUTING
10:19:50 INFO  State of operation 19798060 : EXECUTING
10:19:52 INFO  State of operation 19798060 : EXECUTING
10:19:54 INFO  State of operation 19798060 : EXECUTING
10:19:56 INFO  State of operation 19798060 : EXECUTING
10:19:59 INFO  State of operation 19798060 : EXECUTING
10:20:01 INFO  State of operation 19798060 : EXECUTING
10:20:03 INFO  State of operation 19798060 : EXECUTING
10:20:06 INFO  State of operation 19798060 : EXECUTING
10:20:08 INFO  State of operation 19798060 : EXECUTING
10:20:11 INFO  State of operation 19798060 : EXECUTING
10:20:13 INFO  State of operation 19798060 : SUCCESSFUL
10:20:13 INFO  Assert that (False == value) with value=False ... passed
10:20:13 INFO  Assert that (False == value) with value=False ... passed
10:20:14 INFO  Assert that (False == value) with value=False ... passed
10:20:14 INFO  Assert that (False == value) with value=False ... passed
10:20:14 INFO  
10:20:14 INFO  cleanup:
10:20:18 INFO  Executed sudo&lt;tedge_disconnect_c8y&gt;, exit status 0
10:20:19 INFO  Executed systemctl&lt;serv_mapper5&gt;, exit status 3
10:20:19 INFO  
10:20:19 INFO  Test duration: 140.07 secs
10:20:19 INFO  Test final outcome:  FAILED
10:20:19 INFO  Test outcome reason: Assert that (False == value) with value=True (+2 other failures)
10:20:19 INFO  
</system-out>
	</testcase>
</testsuite>
