<?xml version="1.0" encoding="utf-8"?>
<testsuite failures="1" name="SoftwareManagement.sm_mixed_install_remove_multiple" skipped="0" tests="1" time="170.54" timestamp="2022-04-21T09:48:21">
	<testcase classname="PySysTest" name="SoftwareManagement.sm_mixed_install_remove_multiple">
		<failure message="FAILED: Assert that (False == value) with value=True" type="FAILED"/>
		<system-out>09:45:30 INFO  ==============================================================
09:45:30 INFO  Id:    SoftwareManagement.sm_mixed_install_remove_multiple
09:45:30 INFO  Dir:   software_management_end_to_end/
09:45:30 INFO  Title: Validate end to end behaviour for the dummy-plugin for multiple packages with mixed versions
09:45:30 INFO  ==============================================================
09:45:30 INFO  Using sw id database: {'asciijump': '5475369', 'robotfindskitten': '5474869', 'squirrel3': '5475279', 'rolldice': '5152439', 'moon-buggy': '5439204', 'apple': '5495053', 'banana': '5494888', 'cherry': '5495382', 'watermelon': '5494510', 'registry': '8018911', 'hello-world': '8021526', 'docker/getting-started': '8021973', 'alpine': '7991792'}
09:45:30 INFO  EnvironmentC8y Setup
09:45:31 INFO  Executed systemctl&lt;serv_mapper1&gt;, exit status 3
09:45:31 INFO  Restarting mosquitto too frequently in the last 10 seconds. It was only up for 5 seconds
09:45:31 INFO  Delaying execution by 6 seconds
09:45:52 INFO  Executed sudo&lt;tedge_connect_c8y&gt;, exit status 0, duration 14 secs
09:45:52 INFO  Executed sudo&lt;tedge_connect_c8y_test&gt;, exit status 0
09:45:53 INFO  Executed systemctl&lt;serv_mosq2&gt;, exit status 0
09:45:53 INFO  Executed systemctl&lt;serv_mapper3&gt;, exit status 0
09:45:55 INFO  State of current operation: SUCCESSFUL
09:45:55 INFO  Package apple is installed
09:45:56 INFO  Assert that (True == value) with value=True ... passed
09:45:56 INFO  Package banana is installed
09:45:56 INFO  Assert that (True == value) with value=True ... passed
09:45:56 INFO  Package cherry is installed
09:45:56 INFO  Assert that (True == value) with value=True ... passed
09:45:56 INFO  Package asciijump is installed
09:45:56 WARN  Assert that (False == value) with value=True ... failed 
09:45:57 INFO  Assert that (False == value) with value=False ... passed
09:45:57 INFO  Response status: 201
09:45:57 INFO  Response to action: {
    &quot;delivery&quot;: {
        &quot;time&quot;: &quot;2022-04-21T09:45:57.228Z&quot;,
        &quot;log&quot;: [],
        &quot;status&quot;: &quot;PENDING&quot;
    },
    &quot;creationTime&quot;: &quot;2022-04-21T09:45:57.213Z&quot;,
    &quot;deviceName&quot;: &quot;mythicc&quot;,
    &quot;deviceId&quot;: &quot;17501604&quot;,
    &quot;self&quot;: &quot;https://t493319102.eu-latest.cumulocity.com/devicecontrol/operations/17537838&quot;,
    &quot;id&quot;: &quot;17537838&quot;,
    &quot;status&quot;: &quot;PENDING&quot;,
    &quot;description&quot;: &quot;Apply software changes, triggered from PySys: [{'action': 'install', 'id': '5495053', 'name': 'apple', 'url': ' ', 'version': '::fruits'}, {'action': 'install', 'id': '5494888', 'name': 'banana', 'url': ' ', 'version': '::fruits'}, {'action': 'install', 'id': '5475369', 'name': 'asciijump', 'url': ' ', 'version': '::apt'}, {'action': 'install', 'id': '5495382', 'name': 'cherry', 'url': ' ', 'version': '::fruits'}, {'action': 'install', 'id': '8018911', 'name': 'registry', 'url': ' ', 'version': '::docker'}]&quot;,
    &quot;c8y_SoftwareUpdate&quot;: [
        {
            &quot;name&quot;: &quot;apple&quot;,
            &quot;action&quot;: &quot;install&quot;,
            &quot;id&quot;: &quot;5495053&quot;,
            &quot;version&quot;: &quot;::fruits&quot;,
            &quot;url&quot;: &quot; &quot;
        },
        {
            &quot;name&quot;: &quot;banana&quot;,
            &quot;action&quot;: &quot;install&quot;,
            &quot;id&quot;: &quot;5494888&quot;,
            &quot;version&quot;: &quot;::fruits&quot;,
            &quot;url&quot;: &quot; &quot;
        },
        {
            &quot;name&quot;: &quot;asciijump&quot;,
            &quot;action&quot;: &quot;install&quot;,
            &quot;id&quot;: &quot;5475369&quot;,
            &quot;version&quot;: &quot;::apt&quot;,
            &quot;url&quot;: &quot; &quot;
        },
        {
            &quot;name&quot;: &quot;cherry&quot;,
            &quot;action&quot;: &quot;install&quot;,
            &quot;id&quot;: &quot;5495382&quot;,
            &quot;version&quot;: &quot;::fruits&quot;,
            &quot;url&quot;: &quot; &quot;
        },
        {
            &quot;name&quot;: &quot;registry&quot;,
            &quot;action&quot;: &quot;install&quot;,
            &quot;id&quot;: &quot;8018911&quot;,
            &quot;version&quot;: &quot;::docker&quot;,
            &quot;url&quot;: &quot; &quot;
        }
    ]
}
09:45:57 INFO  Started operation: {'delivery': {'time': '2022-04-21T09:45:57.228Z', 'log': [], 'status': 'PENDING'}, 'creationTime': '2022-04-21T09:45:57.213Z', 'deviceName': 'mythicc', 'deviceId': '17501604', 'self': 'https://t493319102.eu-latest.cumulocity.com/devicecontrol/operations/17537838', 'id': '17537838', 'status': 'PENDING', 'description': &quot;Apply software changes, triggered from PySys: [{'action': 'install', 'id': '5495053', 'name': 'apple', 'url': ' ', 'version': '::fruits'}, {'action': 'install', 'id': '5494888', 'name': 'banana', 'url': ' ', 'version': '::fruits'}, {'action': 'install', 'id': '5475369', 'name': 'asciijump', 'url': ' ', 'version': '::apt'}, {'action': 'install', 'id': '5495382', 'name': 'cherry', 'url': ' ', 'version': '::fruits'}, {'action': 'install', 'id': '8018911', 'name': 'registry', 'url': ' ', 'version': '::docker'}]&quot;, 'c8y_SoftwareUpdate': [{'name': 'apple', 'action': 'install', 'id': '5495053', 'version': '::fruits', 'url': ' '}, {'name': 'banana', 'action': 'install', 'id': '5494888', 'version': '::fruits', 'url': ' '}, {'name': 'asciijump', 'action': 'install', 'id': '5475369', 'version': '::apt', 'url': ' '}, {'name': 'cherry', 'action': 'install', 'id': '5495382', 'version': '::fruits', 'url': ' '}, {'name': 'registry', 'action': 'install', 'id': '8018911', 'version': '::docker', 'url': ' '}]}
09:45:59 INFO  State of operation 17537838 : PENDING
09:46:01 INFO  State of operation 17537838 : EXECUTING
09:46:03 INFO  State of operation 17537838 : EXECUTING
09:46:06 INFO  State of operation 17537838 : EXECUTING
09:46:08 INFO  State of operation 17537838 : EXECUTING
09:46:10 INFO  State of operation 17537838 : EXECUTING
09:46:13 INFO  State of operation 17537838 : EXECUTING
09:46:16 INFO  State of operation 17537838 : EXECUTING
09:46:18 INFO  State of operation 17537838 : EXECUTING
09:46:21 INFO  State of operation 17537838 : EXECUTING
09:46:23 INFO  State of operation 17537838 : EXECUTING
09:46:25 INFO  State of operation 17537838 : EXECUTING
09:46:27 INFO  State of operation 17537838 : EXECUTING
09:46:30 INFO  State of operation 17537838 : EXECUTING
09:46:32 INFO  State of operation 17537838 : EXECUTING
09:46:34 INFO  State of operation 17537838 : EXECUTING
09:46:36 INFO  State of operation 17537838 : EXECUTING
09:46:39 INFO  State of operation 17537838 : EXECUTING
09:46:41 INFO  State of operation 17537838 : EXECUTING
09:46:43 INFO  State of operation 17537838 : EXECUTING
09:46:45 INFO  State of operation 17537838 : EXECUTING
09:46:48 INFO  State of operation 17537838 : EXECUTING
09:46:50 INFO  State of operation 17537838 : EXECUTING
09:46:52 INFO  State of operation 17537838 : EXECUTING
09:46:55 INFO  State of operation 17537838 : EXECUTING
09:46:57 INFO  State of operation 17537838 : EXECUTING
09:46:59 INFO  State of operation 17537838 : SUCCESSFUL
09:46:59 INFO  Package apple is installed
09:46:59 INFO  Assert that (True == value) with value=True ... passed
09:47:00 INFO  Package banana is installed
09:47:00 INFO  Assert that (True == value) with value=True ... passed
09:47:00 INFO  Package cherry is installed
09:47:00 INFO  Assert that (True == value) with value=True ... passed
09:47:00 INFO  Package asciijump is installed
09:47:00 INFO  Assert that (True == value) with value=True ... passed
09:47:00 INFO  Package registry is installed
09:47:00 INFO  Assert that (True == value) with value=True ... passed
09:47:01 INFO  Response status: 201
09:47:01 INFO  Response to action: {
    &quot;delivery&quot;: {
        &quot;time&quot;: &quot;2022-04-21T09:47:00.980Z&quot;,
        &quot;log&quot;: [],
        &quot;status&quot;: &quot;PENDING&quot;
    },
    &quot;creationTime&quot;: &quot;2022-04-21T09:47:00.966Z&quot;,
    &quot;deviceName&quot;: &quot;mythicc&quot;,
    &quot;deviceId&quot;: &quot;17501604&quot;,
    &quot;self&quot;: &quot;https://t493319102.eu-latest.cumulocity.com/devicecontrol/operations/17541401&quot;,
    &quot;id&quot;: &quot;17541401&quot;,
    &quot;status&quot;: &quot;PENDING&quot;,
    &quot;description&quot;: &quot;Apply software changes, triggered from PySys: [{'action': 'delete', 'id': '5495053', 'name': 'apple', 'url': ' ', 'version': '::fruits'}, {'action': 'delete', 'id': '5494888', 'name': 'banana', 'url': ' ', 'version': '::fruits'}, {'action': 'delete', 'id': '5475369', 'name': 'asciijump', 'url': ' ', 'version': '::apt'}, {'action': 'delete', 'id': '5495382', 'name': 'cherry', 'url': ' ', 'version': '::fruits'}, {'action': 'delete', 'id': '8018911', 'name': 'registry', 'url': ' ', 'version': '::docker'}]&quot;,
    &quot;c8y_SoftwareUpdate&quot;: [
        {
            &quot;name&quot;: &quot;apple&quot;,
            &quot;action&quot;: &quot;delete&quot;,
            &quot;id&quot;: &quot;5495053&quot;,
            &quot;version&quot;: &quot;::fruits&quot;,
            &quot;url&quot;: &quot; &quot;
        },
        {
            &quot;name&quot;: &quot;banana&quot;,
            &quot;action&quot;: &quot;delete&quot;,
            &quot;id&quot;: &quot;5494888&quot;,
            &quot;version&quot;: &quot;::fruits&quot;,
            &quot;url&quot;: &quot; &quot;
        },
        {
            &quot;name&quot;: &quot;asciijump&quot;,
            &quot;action&quot;: &quot;delete&quot;,
            &quot;id&quot;: &quot;5475369&quot;,
            &quot;version&quot;: &quot;::apt&quot;,
            &quot;url&quot;: &quot; &quot;
        },
        {
            &quot;name&quot;: &quot;cherry&quot;,
            &quot;action&quot;: &quot;delete&quot;,
            &quot;id&quot;: &quot;5495382&quot;,
            &quot;version&quot;: &quot;::fruits&quot;,
            &quot;url&quot;: &quot; &quot;
        },
        {
            &quot;name&quot;: &quot;registry&quot;,
            &quot;action&quot;: &quot;delete&quot;,
            &quot;id&quot;: &quot;8018911&quot;,
            &quot;version&quot;: &quot;::docker&quot;,
            &quot;url&quot;: &quot; &quot;
        }
    ]
}
09:47:01 INFO  Started operation: {'delivery': {'time': '2022-04-21T09:47:00.980Z', 'log': [], 'status': 'PENDING'}, 'creationTime': '2022-04-21T09:47:00.966Z', 'deviceName': 'mythicc', 'deviceId': '17501604', 'self': 'https://t493319102.eu-latest.cumulocity.com/devicecontrol/operations/17541401', 'id': '17541401', 'status': 'PENDING', 'description': &quot;Apply software changes, triggered from PySys: [{'action': 'delete', 'id': '5495053', 'name': 'apple', 'url': ' ', 'version': '::fruits'}, {'action': 'delete', 'id': '5494888', 'name': 'banana', 'url': ' ', 'version': '::fruits'}, {'action': 'delete', 'id': '5475369', 'name': 'asciijump', 'url': ' ', 'version': '::apt'}, {'action': 'delete', 'id': '5495382', 'name': 'cherry', 'url': ' ', 'version': '::fruits'}, {'action': 'delete', 'id': '8018911', 'name': 'registry', 'url': ' ', 'version': '::docker'}]&quot;, 'c8y_SoftwareUpdate': [{'name': 'apple', 'action': 'delete', 'id': '5495053', 'version': '::fruits', 'url': ' '}, {'name': 'banana', 'action': 'delete', 'id': '5494888', 'version': '::fruits', 'url': ' '}, {'name': 'asciijump', 'action': 'delete', 'id': '5475369', 'version': '::apt', 'url': ' '}, {'name': 'cherry', 'action': 'delete', 'id': '5495382', 'version': '::fruits', 'url': ' '}, {'name': 'registry', 'action': 'delete', 'id': '8018911', 'version': '::docker', 'url': ' '}]}
09:47:03 INFO  State of operation 17541401 : PENDING
09:47:05 INFO  State of operation 17541401 : EXECUTING
09:47:07 INFO  State of operation 17541401 : EXECUTING
09:47:09 INFO  State of operation 17541401 : EXECUTING
09:47:12 INFO  State of operation 17541401 : EXECUTING
09:47:14 INFO  State of operation 17541401 : EXECUTING
09:47:17 INFO  State of operation 17541401 : EXECUTING
09:47:20 INFO  State of operation 17541401 : EXECUTING
09:47:22 INFO  State of operation 17541401 : EXECUTING
09:47:24 INFO  State of operation 17541401 : EXECUTING
09:47:27 INFO  State of operation 17541401 : EXECUTING
09:47:29 INFO  State of operation 17541401 : EXECUTING
09:47:31 INFO  State of operation 17541401 : EXECUTING
09:47:33 INFO  State of operation 17541401 : EXECUTING
09:47:35 INFO  State of operation 17541401 : EXECUTING
09:47:38 INFO  State of operation 17541401 : EXECUTING
09:47:42 INFO  State of operation 17541401 : EXECUTING
09:47:44 INFO  State of operation 17541401 : EXECUTING
09:47:47 INFO  State of operation 17541401 : EXECUTING
09:47:49 INFO  State of operation 17541401 : EXECUTING
09:47:51 INFO  State of operation 17541401 : EXECUTING
09:47:53 INFO  State of operation 17541401 : EXECUTING
09:47:56 INFO  State of operation 17541401 : EXECUTING
09:47:58 INFO  State of operation 17541401 : EXECUTING
09:48:00 INFO  State of operation 17541401 : EXECUTING
09:48:03 INFO  State of operation 17541401 : EXECUTING
09:48:05 INFO  State of operation 17541401 : EXECUTING
09:48:07 INFO  State of operation 17541401 : EXECUTING
09:48:10 INFO  State of operation 17541401 : EXECUTING
09:48:12 INFO  State of operation 17541401 : EXECUTING
09:48:14 INFO  State of operation 17541401 : SUCCESSFUL
09:48:15 INFO  Package apple is installed
09:48:15 INFO  Assert that (True == value) with value=True ... passed
09:48:15 INFO  Package banana is installed
09:48:15 INFO  Assert that (True == value) with value=True ... passed
09:48:15 INFO  Package cherry is installed
09:48:15 INFO  Assert that (True == value) with value=True ... passed
09:48:15 INFO  Assert that (False == value) with value=False ... passed
09:48:16 INFO  Assert that (False == value) with value=False ... passed
09:48:16 INFO  
09:48:16 INFO  cleanup:
09:48:20 INFO  Executed sudo&lt;tedge_disconnect_c8y&gt;, exit status 0
09:48:21 INFO  Executed systemctl&lt;serv_mapper5&gt;, exit status 3
09:48:21 INFO  
09:48:21 INFO  Test duration: 170.54 secs
09:48:21 INFO  Test final outcome:  FAILED
09:48:21 INFO  Test outcome reason: Assert that (False == value) with value=True
09:48:21 INFO  
</system-out>
	</testcase>
</testsuite>
