<?xml version="1.0" encoding="utf-8"?>
<testsuite failures="1" name="SoftwareManagement.sm_mixed_install_remove_multiple" skipped="0" tests="1" time="166.63" timestamp="2022-04-19T15:03:03">
	<testcase classname="PySysTest" name="SoftwareManagement.sm_mixed_install_remove_multiple">
		<failure message="BLOCKED: SystemError: Timeout while waiting for status FAILED or SUCCESSFUL" type="BLOCKED"/>
		<system-out>15:00:16 INFO  ==============================================================
15:00:16 INFO  Id:    SoftwareManagement.sm_mixed_install_remove_multiple
15:00:16 INFO  Dir:   software_management_end_to_end/
15:00:16 INFO  Title: Validate end to end behaviour for the dummy-plugin for multiple packages with mixed versions
15:00:16 INFO  ==============================================================
15:00:16 INFO  Using sw id database: {'asciijump': '5475369', 'robotfindskitten': '5474869', 'squirrel3': '5475279', 'rolldice': '5152439', 'moon-buggy': '5439204', 'apple': '5495053', 'banana': '5494888', 'cherry': '5495382', 'watermelon': '5494510', 'registry': '8018911', 'hello-world': '8021526', 'docker/getting-started': '8021973', 'alpine': '7991792'}
15:00:16 INFO  EnvironmentC8y Setup
15:00:17 INFO  Executed systemctl&lt;serv_mapper1&gt;, exit status 3
15:00:17 INFO  Restarting mosquitto too frequently in the last 10 seconds. It was only up for 5 seconds
15:00:17 INFO  Delaying execution by 6 seconds
15:00:37 INFO  Executed sudo&lt;tedge_connect_c8y&gt;, exit status 0, duration 14 secs
15:00:38 INFO  Executed sudo&lt;tedge_connect_c8y_test&gt;, exit status 0
15:00:38 INFO  Executed systemctl&lt;serv_mosq2&gt;, exit status 0
15:00:39 INFO  Executed systemctl&lt;serv_mapper3&gt;, exit status 0
15:00:41 INFO  State of current operation: PENDING
15:00:43 INFO  State of current operation: PENDING
15:00:46 INFO  State of current operation: PENDING
15:00:48 INFO  State of current operation: PENDING
15:00:50 INFO  State of current operation: PENDING
15:00:53 INFO  State of current operation: PENDING
15:00:55 INFO  State of current operation: PENDING
15:00:58 INFO  State of current operation: PENDING
15:01:00 INFO  State of current operation: PENDING
15:01:02 INFO  State of current operation: PENDING
15:01:04 INFO  State of current operation: PENDING
15:01:06 INFO  State of current operation: PENDING
15:01:09 INFO  State of current operation: PENDING
15:01:11 INFO  State of current operation: PENDING
15:01:13 INFO  State of current operation: PENDING
15:01:15 INFO  State of current operation: PENDING
15:01:18 INFO  State of current operation: PENDING
15:01:20 INFO  State of current operation: PENDING
15:01:22 INFO  State of current operation: PENDING
15:01:24 INFO  State of current operation: PENDING
15:01:27 INFO  State of current operation: PENDING
15:01:29 INFO  State of current operation: PENDING
15:01:31 INFO  State of current operation: PENDING
15:01:33 INFO  State of current operation: PENDING
15:01:36 INFO  State of current operation: PENDING
15:01:38 INFO  State of current operation: PENDING
15:01:40 INFO  State of current operation: PENDING
15:01:42 INFO  State of current operation: PENDING
15:01:45 INFO  State of current operation: PENDING
15:01:47 INFO  State of current operation: PENDING
15:01:49 INFO  State of current operation: PENDING
15:01:51 INFO  State of current operation: PENDING
15:01:53 INFO  State of current operation: PENDING
15:01:56 INFO  State of current operation: PENDING
15:01:58 INFO  State of current operation: PENDING
15:02:00 INFO  State of current operation: PENDING
15:02:02 INFO  State of current operation: PENDING
15:02:05 INFO  State of current operation: PENDING
15:02:07 INFO  State of current operation: PENDING
15:02:09 INFO  State of current operation: PENDING
15:02:11 INFO  State of current operation: PENDING
15:02:14 INFO  State of current operation: PENDING
15:02:16 INFO  State of current operation: PENDING
15:02:18 INFO  State of current operation: PENDING
15:02:20 INFO  State of current operation: PENDING
15:02:23 INFO  State of current operation: PENDING
15:02:25 INFO  State of current operation: PENDING
15:02:27 INFO  State of current operation: PENDING
15:02:29 INFO  State of current operation: PENDING
15:02:32 INFO  State of current operation: PENDING
15:02:34 INFO  State of current operation: PENDING
15:02:36 INFO  State of current operation: PENDING
15:02:38 INFO  State of current operation: PENDING
15:02:40 INFO  State of current operation: PENDING
15:02:43 INFO  State of current operation: PENDING
15:02:45 INFO  State of current operation: PENDING
15:02:47 INFO  State of current operation: PENDING
15:02:49 INFO  State of current operation: PENDING
15:02:52 INFO  State of current operation: PENDING
15:02:54 INFO  State of current operation: PENDING
15:02:56 INFO  State of current operation: PENDING
15:02:58 WARN  SystemError occurred while running test - Timeout while waiting for status FAILED or SUCCESSFUL
Traceback (most recent call last):
  File &quot;/home/pi/env-pysys/lib/python3.7/site-packages/pysys/baserunner.py&quot;, line 1292, in __call__
    self.testObj.setup()
  File &quot;/home/pi/actions-runner/_work/thin-edge.io/thin-edge.io/tests/PySys/software_management_end_to_end/sm_mixed_install_remove_multiple/run.py&quot;, line 83, in setup
    super().setup()
  File &quot;/home/pi/actions-runner/_work/thin-edge.io/thin-edge.io/tests/PySys/software_management_end_to_end/environment_sm_management.py&quot;, line 151, in setup
    self.wait_until_end()
  File &quot;/home/pi/actions-runner/_work/thin-edge.io/thin-edge.io/tests/PySys/software_management_end_to_end/environment_sm_management.py&quot;, line 332, in wait_until_end
    self.wait_until_status(&quot;FAILED&quot;, &quot;SUCCESSFUL&quot;)
  File &quot;/home/pi/actions-runner/_work/thin-edge.io/thin-edge.io/tests/PySys/software_management_end_to_end/environment_sm_management.py&quot;, line 381, in wait_until_status
    &quot;Timeout while waiting for status %s or %s&quot; % (status, status2)
SystemError: Timeout while waiting for status FAILED or SUCCESSFUL
15:02:58 WARN  SystemError: Timeout while waiting for status FAILED or SUCCESSFUL ... blocked 
15:02:58 INFO  
15:02:58 INFO  cleanup:
15:03:02 INFO  Executed sudo&lt;tedge_disconnect_c8y&gt;, exit status 0
15:03:03 INFO  Executed systemctl&lt;serv_mapper5&gt;, exit status 3
15:03:03 INFO  
15:03:03 INFO  Test duration: 166.63 secs
15:03:03 INFO  Test final outcome:  BLOCKED
15:03:03 INFO  Test outcome reason: SystemError: Timeout while waiting for status FAILED or SUCCESSFUL
15:03:03 INFO  
</system-out>
	</testcase>
</testsuite>
