<?xml version="1.0" encoding="utf-8"?>
<testsuite failures="1" name="SoftwareManagement.sm_mixed_install_remove_multiple" skipped="0" tests="1" time="175.64" timestamp="2022-05-10T20:53:32">
	<testcase classname="PySysTest" name="SoftwareManagement.sm_mixed_install_remove_multiple">
		<failure message="FAILED: Assert that (False == value) with value=True" type="FAILED"/>
		<system-out>20:50:37 INFO  ==============================================================
20:50:37 INFO  Id:    SoftwareManagement.sm_mixed_install_remove_multiple
20:50:37 INFO  Dir:   software_management_end_to_end/
20:50:37 INFO  Title: Validate end to end behaviour for the dummy-plugin for multiple packages with mixed versions
20:50:37 INFO  ==============================================================
20:50:37 INFO  Using sw id database: {'asciijump': '5475369', 'robotfindskitten': '5474869', 'squirrel3': '5475279', 'rolldice': '5152439', 'moon-buggy': '5439204', 'apple': '5495053', 'banana': '5494888', 'cherry': '5495382', 'watermelon': '5494510', 'registry': '8018911', 'hello-world': '8021526', 'docker/getting-started': '8021973', 'alpine': '7991792'}
20:50:37 INFO  EnvironmentC8y Setup
20:50:37 INFO  Executed systemctl&lt;serv_mapper1&gt;, exit status 3
20:50:37 INFO  Restarting mosquitto too frequently in the last 10 seconds. It was only up for 4 seconds
20:50:37 INFO  Delaying execution by 7 seconds
20:50:59 INFO  Executed sudo&lt;tedge_connect_c8y&gt;, exit status 0, duration 14 secs
20:50:59 INFO  Executed sudo&lt;tedge_connect_c8y_test&gt;, exit status 0
20:51:00 INFO  Executed systemctl&lt;serv_mosq2&gt;, exit status 0
20:51:00 INFO  Executed systemctl&lt;serv_mapper3&gt;, exit status 0
20:51:03 INFO  State of current operation: SUCCESSFUL
20:51:03 INFO  Package apple is installed
20:51:03 INFO  Assert that (True == value) with value=True ... passed
20:51:03 INFO  Package banana is installed
20:51:03 INFO  Assert that (True == value) with value=True ... passed
20:51:03 INFO  Package cherry is installed
20:51:03 INFO  Assert that (True == value) with value=True ... passed
20:51:03 INFO  Package asciijump is installed
20:51:03 WARN  Assert that (False == value) with value=True ... failed 
20:51:04 INFO  Assert that (False == value) with value=False ... passed
20:51:04 INFO  Response status: 201
20:51:04 INFO  Response to action: {
    &quot;creationTime&quot;: &quot;2022-05-10T20:51:04.391Z&quot;,
    &quot;deviceName&quot;: &quot;mythicc&quot;,
    &quot;deviceId&quot;: &quot;18732225&quot;,
    &quot;self&quot;: &quot;https://t493319102.eu-latest.cumulocity.com/devicecontrol/operations/18752041&quot;,
    &quot;id&quot;: &quot;18752041&quot;,
    &quot;status&quot;: &quot;PENDING&quot;,
    &quot;description&quot;: &quot;Apply software changes, triggered from PySys: [{'action': 'install', 'id': '5495053', 'name': 'apple', 'url': ' ', 'version': '::fruits'}, {'action': 'install', 'id': '5494888', 'name': 'banana', 'url': ' ', 'version': '::fruits'}, {'action': 'install', 'id': '5475369', 'name': 'asciijump', 'url': ' ', 'version': '::apt'}, {'action': 'install', 'id': '5495382', 'name': 'cherry', 'url': ' ', 'version': '::fruits'}, {'action': 'install', 'id': '8018911', 'name': 'registry', 'url': ' ', 'version': '::docker'}]&quot;,
    &quot;c8y_SoftwareUpdate&quot;: [
        {
            &quot;name&quot;: &quot;apple&quot;,
            &quot;action&quot;: &quot;install&quot;,
            &quot;id&quot;: &quot;5495053&quot;,
            &quot;version&quot;: &quot;::fruits&quot;,
            &quot;url&quot;: &quot; &quot;
        },
        {
            &quot;name&quot;: &quot;banana&quot;,
            &quot;action&quot;: &quot;install&quot;,
            &quot;id&quot;: &quot;5494888&quot;,
            &quot;version&quot;: &quot;::fruits&quot;,
            &quot;url&quot;: &quot; &quot;
        },
        {
            &quot;name&quot;: &quot;asciijump&quot;,
            &quot;action&quot;: &quot;install&quot;,
            &quot;id&quot;: &quot;5475369&quot;,
            &quot;version&quot;: &quot;::apt&quot;,
            &quot;url&quot;: &quot; &quot;
        },
        {
            &quot;name&quot;: &quot;cherry&quot;,
            &quot;action&quot;: &quot;install&quot;,
            &quot;id&quot;: &quot;5495382&quot;,
            &quot;version&quot;: &quot;::fruits&quot;,
            &quot;url&quot;: &quot; &quot;
        },
        {
            &quot;name&quot;: &quot;registry&quot;,
            &quot;action&quot;: &quot;install&quot;,
            &quot;id&quot;: &quot;8018911&quot;,
            &quot;version&quot;: &quot;::docker&quot;,
            &quot;url&quot;: &quot; &quot;
        }
    ]
}
20:51:04 INFO  Started operation: {'creationTime': '2022-05-10T20:51:04.391Z', 'deviceName': 'mythicc', 'deviceId': '18732225', 'self': 'https://t493319102.eu-latest.cumulocity.com/devicecontrol/operations/18752041', 'id': '18752041', 'status': 'PENDING', 'description': &quot;Apply software changes, triggered from PySys: [{'action': 'install', 'id': '5495053', 'name': 'apple', 'url': ' ', 'version': '::fruits'}, {'action': 'install', 'id': '5494888', 'name': 'banana', 'url': ' ', 'version': '::fruits'}, {'action': 'install', 'id': '5475369', 'name': 'asciijump', 'url': ' ', 'version': '::apt'}, {'action': 'install', 'id': '5495382', 'name': 'cherry', 'url': ' ', 'version': '::fruits'}, {'action': 'install', 'id': '8018911', 'name': 'registry', 'url': ' ', 'version': '::docker'}]&quot;, 'c8y_SoftwareUpdate': [{'name': 'apple', 'action': 'install', 'id': '5495053', 'version': '::fruits', 'url': ' '}, {'name': 'banana', 'action': 'install', 'id': '5494888', 'version': '::fruits', 'url': ' '}, {'name': 'asciijump', 'action': 'install', 'id': '5475369', 'version': '::apt', 'url': ' '}, {'name': 'cherry', 'action': 'install', 'id': '5495382', 'version': '::fruits', 'url': ' '}, {'name': 'registry', 'action': 'install', 'id': '8018911', 'version': '::docker', 'url': ' '}]}
20:51:06 INFO  State of operation 18752041 : PENDING
20:51:08 INFO  State of operation 18752041 : EXECUTING
20:51:11 INFO  State of operation 18752041 : EXECUTING
20:51:13 INFO  State of operation 18752041 : EXECUTING
20:51:15 INFO  State of operation 18752041 : EXECUTING
20:51:17 INFO  State of operation 18752041 : EXECUTING
20:51:20 INFO  State of operation 18752041 : EXECUTING
20:51:22 INFO  State of operation 18752041 : EXECUTING
20:51:25 INFO  State of operation 18752041 : EXECUTING
20:51:28 INFO  State of operation 18752041 : EXECUTING
20:51:30 INFO  State of operation 18752041 : EXECUTING
20:51:32 INFO  State of operation 18752041 : EXECUTING
20:51:35 INFO  State of operation 18752041 : EXECUTING
20:51:37 INFO  State of operation 18752041 : EXECUTING
20:51:39 INFO  State of operation 18752041 : EXECUTING
20:51:41 INFO  State of operation 18752041 : EXECUTING
20:51:44 INFO  State of operation 18752041 : EXECUTING
20:51:46 INFO  State of operation 18752041 : EXECUTING
20:51:48 INFO  State of operation 18752041 : EXECUTING
20:51:50 INFO  State of operation 18752041 : EXECUTING
20:51:53 INFO  State of operation 18752041 : EXECUTING
20:51:55 INFO  State of operation 18752041 : EXECUTING
20:51:58 INFO  State of operation 18752041 : EXECUTING
20:52:00 INFO  State of operation 18752041 : EXECUTING
20:52:02 INFO  State of operation 18752041 : EXECUTING
20:52:04 INFO  State of operation 18752041 : EXECUTING
20:52:06 INFO  State of operation 18752041 : EXECUTING
20:52:09 INFO  State of operation 18752041 : SUCCESSFUL
20:52:09 INFO  Package apple is installed
20:52:09 INFO  Assert that (True == value) with value=True ... passed
20:52:09 INFO  Package banana is installed
20:52:09 INFO  Assert that (True == value) with value=True ... passed
20:52:09 INFO  Package cherry is installed
20:52:09 INFO  Assert that (True == value) with value=True ... passed
20:52:10 INFO  Package asciijump is installed
20:52:10 INFO  Assert that (True == value) with value=True ... passed
20:52:10 INFO  Package registry is installed
20:52:10 INFO  Assert that (True == value) with value=True ... passed
20:52:10 INFO  Response status: 201
20:52:10 INFO  Response to action: {
    &quot;creationTime&quot;: &quot;2022-05-10T20:52:10.635Z&quot;,
    &quot;deviceName&quot;: &quot;mythicc&quot;,
    &quot;deviceId&quot;: &quot;18732225&quot;,
    &quot;self&quot;: &quot;https://t493319102.eu-latest.cumulocity.com/devicecontrol/operations/18752071&quot;,
    &quot;id&quot;: &quot;18752071&quot;,
    &quot;status&quot;: &quot;PENDING&quot;,
    &quot;description&quot;: &quot;Apply software changes, triggered from PySys: [{'action': 'delete', 'id': '5495053', 'name': 'apple', 'url': ' ', 'version': '::fruits'}, {'action': 'delete', 'id': '5494888', 'name': 'banana', 'url': ' ', 'version': '::fruits'}, {'action': 'delete', 'id': '5475369', 'name': 'asciijump', 'url': ' ', 'version': '::apt'}, {'action': 'delete', 'id': '5495382', 'name': 'cherry', 'url': ' ', 'version': '::fruits'}, {'action': 'delete', 'id': '8018911', 'name': 'registry', 'url': ' ', 'version': '::docker'}]&quot;,
    &quot;c8y_SoftwareUpdate&quot;: [
        {
            &quot;name&quot;: &quot;apple&quot;,
            &quot;action&quot;: &quot;delete&quot;,
            &quot;id&quot;: &quot;5495053&quot;,
            &quot;version&quot;: &quot;::fruits&quot;,
            &quot;url&quot;: &quot; &quot;
        },
        {
            &quot;name&quot;: &quot;banana&quot;,
            &quot;action&quot;: &quot;delete&quot;,
            &quot;id&quot;: &quot;5494888&quot;,
            &quot;version&quot;: &quot;::fruits&quot;,
            &quot;url&quot;: &quot; &quot;
        },
        {
            &quot;name&quot;: &quot;asciijump&quot;,
            &quot;action&quot;: &quot;delete&quot;,
            &quot;id&quot;: &quot;5475369&quot;,
            &quot;version&quot;: &quot;::apt&quot;,
            &quot;url&quot;: &quot; &quot;
        },
        {
            &quot;name&quot;: &quot;cherry&quot;,
            &quot;action&quot;: &quot;delete&quot;,
            &quot;id&quot;: &quot;5495382&quot;,
            &quot;version&quot;: &quot;::fruits&quot;,
            &quot;url&quot;: &quot; &quot;
        },
        {
            &quot;name&quot;: &quot;registry&quot;,
            &quot;action&quot;: &quot;delete&quot;,
            &quot;id&quot;: &quot;8018911&quot;,
            &quot;version&quot;: &quot;::docker&quot;,
            &quot;url&quot;: &quot; &quot;
        }
    ]
}
20:52:10 INFO  Started operation: {'creationTime': '2022-05-10T20:52:10.635Z', 'deviceName': 'mythicc', 'deviceId': '18732225', 'self': 'https://t493319102.eu-latest.cumulocity.com/devicecontrol/operations/18752071', 'id': '18752071', 'status': 'PENDING', 'description': &quot;Apply software changes, triggered from PySys: [{'action': 'delete', 'id': '5495053', 'name': 'apple', 'url': ' ', 'version': '::fruits'}, {'action': 'delete', 'id': '5494888', 'name': 'banana', 'url': ' ', 'version': '::fruits'}, {'action': 'delete', 'id': '5475369', 'name': 'asciijump', 'url': ' ', 'version': '::apt'}, {'action': 'delete', 'id': '5495382', 'name': 'cherry', 'url': ' ', 'version': '::fruits'}, {'action': 'delete', 'id': '8018911', 'name': 'registry', 'url': ' ', 'version': '::docker'}]&quot;, 'c8y_SoftwareUpdate': [{'name': 'apple', 'action': 'delete', 'id': '5495053', 'version': '::fruits', 'url': ' '}, {'name': 'banana', 'action': 'delete', 'id': '5494888', 'version': '::fruits', 'url': ' '}, {'name': 'asciijump', 'action': 'delete', 'id': '5475369', 'version': '::apt', 'url': ' '}, {'name': 'cherry', 'action': 'delete', 'id': '5495382', 'version': '::fruits', 'url': ' '}, {'name': 'registry', 'action': 'delete', 'id': '8018911', 'version': '::docker', 'url': ' '}]}
20:52:12 INFO  State of operation 18752071 : PENDING
20:52:15 INFO  State of operation 18752071 : EXECUTING
20:52:17 INFO  State of operation 18752071 : EXECUTING
20:52:19 INFO  State of operation 18752071 : EXECUTING
20:52:21 INFO  State of operation 18752071 : EXECUTING
20:52:23 INFO  State of operation 18752071 : EXECUTING
20:52:26 INFO  State of operation 18752071 : EXECUTING
20:52:28 INFO  State of operation 18752071 : EXECUTING
20:52:31 INFO  State of operation 18752071 : EXECUTING
20:52:34 INFO  State of operation 18752071 : EXECUTING
20:52:36 INFO  State of operation 18752071 : EXECUTING
20:52:38 INFO  State of operation 18752071 : EXECUTING
20:52:40 INFO  State of operation 18752071 : EXECUTING
20:52:43 INFO  State of operation 18752071 : EXECUTING
20:52:45 INFO  State of operation 18752071 : EXECUTING
20:52:47 INFO  State of operation 18752071 : EXECUTING
20:52:50 INFO  State of operation 18752071 : EXECUTING
20:52:53 INFO  State of operation 18752071 : EXECUTING
20:52:55 INFO  State of operation 18752071 : EXECUTING
20:52:58 INFO  State of operation 18752071 : EXECUTING
20:53:00 INFO  State of operation 18752071 : EXECUTING
20:53:02 INFO  State of operation 18752071 : EXECUTING
20:53:05 INFO  State of operation 18752071 : EXECUTING
20:53:07 INFO  State of operation 18752071 : EXECUTING
20:53:10 INFO  State of operation 18752071 : EXECUTING
20:53:12 INFO  State of operation 18752071 : EXECUTING
20:53:14 INFO  State of operation 18752071 : EXECUTING
20:53:17 INFO  State of operation 18752071 : EXECUTING
20:53:19 INFO  State of operation 18752071 : EXECUTING
20:53:21 INFO  State of operation 18752071 : EXECUTING
20:53:24 INFO  State of operation 18752071 : EXECUTING
20:53:26 INFO  State of operation 18752071 : SUCCESSFUL
20:53:26 INFO  Package apple is installed
20:53:26 INFO  Assert that (True == value) with value=True ... passed
20:53:26 INFO  Package banana is installed
20:53:26 INFO  Assert that (True == value) with value=True ... passed
20:53:27 INFO  Package cherry is installed
20:53:27 INFO  Assert that (True == value) with value=True ... passed
20:53:27 INFO  Assert that (False == value) with value=False ... passed
20:53:27 INFO  Assert that (False == value) with value=False ... passed
20:53:27 INFO  
20:53:27 INFO  cleanup:
20:53:32 INFO  Executed sudo&lt;tedge_disconnect_c8y&gt;, exit status 0
20:53:32 INFO  Executed systemctl&lt;serv_mapper5&gt;, exit status 3
20:53:32 INFO  
20:53:32 INFO  Test duration: 175.64 secs
20:53:32 INFO  Test final outcome:  FAILED
20:53:32 INFO  Test outcome reason: Assert that (False == value) with value=True
20:53:32 INFO  
</system-out>
	</testcase>
</testsuite>
