<?xml version="1.0" encoding="utf-8"?>
<testsuite failures="0" name="SoftwareManagement.Plugin.apama_plugin_update" skipped="1" tests="1" time="0.03" timestamp="2022-05-11T12:34:54">
	<testcase classname="ApamaPluginUpdateTest" name="SoftwareManagement.Plugin.apama_plugin_update">
		<skipped message="SKIPPED: Test execution disabled due to #1052"/>
		<system-out>12:34:54 INFO  ==============================================================
12:34:54 INFO  Id:    SoftwareManagement.Plugin.apama_plugin_update
12:34:54 INFO  Dir:   plugin_apama/
12:34:54 INFO  Title: Validate apama plugin updating one project with another
12:34:54 INFO  ==============================================================
12:34:54 INFO  Test execution disabled due to #1052 ... skipped
12:34:54 INFO  
12:34:54 INFO  Test duration: 0.03 secs
12:34:54 INFO  Test final outcome:  SKIPPED
12:34:54 INFO  Test outcome reason: Test execution disabled due to #1052
12:34:54 INFO  
</system-out>
	</testcase>
</testsuite>
