<?xml version="1.0" encoding="utf-8"?>
<testsuite failures="1" name="SoftwareManagement.sm_apt_install_remove_multiple_mixed" skipped="0" tests="1" time="183.15" timestamp="2022-05-11T12:48:35">
	<testcase classname="PySysTest" name="SoftwareManagement.sm_apt_install_remove_multiple_mixed">
		<failure message="BLOCKED: SystemError: Timeout while waiting for status SUCCESSFUL or False (+1 other failures)" type="BLOCKED"/>
		<system-out>12:45:32 INFO  ==============================================================
12:45:32 INFO  Id:    SoftwareManagement.sm_apt_install_remove_multiple_mixed
12:45:32 INFO  Dir:   software_management_end_to_end/
12:45:32 INFO  Title: Validate end to end behaviour for the apt plugin for multiple packages with mixed versions
12:45:32 INFO  ==============================================================
12:45:32 INFO  Using sw id database: {'asciijump': '5475369', 'robotfindskitten': '5474869', 'squirrel3': '5475279', 'rolldice': '5152439', 'moon-buggy': '5439204', 'apple': '5495053', 'banana': '5494888', 'cherry': '5495382', 'watermelon': '5494510', 'registry': '8018911', 'hello-world': '8021526', 'docker/getting-started': '8021973', 'alpine': '7991792'}
12:45:32 INFO  EnvironmentC8y Setup
12:45:33 INFO  Executed systemctl&lt;serv_mapper1&gt;, exit status 3
12:45:33 INFO  Restarting mosquitto too frequently in the last 10 seconds. It was only up for 5 seconds
12:45:33 INFO  Delaying execution by 6 seconds
12:45:53 INFO  Executed sudo&lt;tedge_connect_c8y&gt;, exit status 0, duration 14 secs
12:45:54 INFO  Executed sudo&lt;tedge_connect_c8y_test&gt;, exit status 0
12:45:54 INFO  Executed systemctl&lt;serv_mosq2&gt;, exit status 0
12:45:55 INFO  Executed systemctl&lt;serv_mapper3&gt;, exit status 0
12:45:57 INFO  State of current operation: SUCCESSFUL
12:45:57 INFO  Assert that (False == value) with value=False ... passed
12:45:57 INFO  Assert that (False == value) with value=False ... passed
12:45:58 INFO  Assert that (False == value) with value=False ... passed
12:45:58 INFO  Assert that (False == value) with value=False ... passed
12:45:58 INFO  Package moon-buggy is installed
12:45:58 WARN  Assert that (False == value) with value=True ... failed 
12:45:59 INFO  Response status: 201
12:45:59 INFO  Response to action: {
    &quot;creationTime&quot;: &quot;2022-05-11T12:45:59.898Z&quot;,
    &quot;deviceName&quot;: &quot;mythicc&quot;,
    &quot;deviceId&quot;: &quot;18809479&quot;,
    &quot;self&quot;: &quot;https://t493319102.eu-latest.cumulocity.com/devicecontrol/operations/18841099&quot;,
    &quot;id&quot;: &quot;18841099&quot;,
    &quot;status&quot;: &quot;PENDING&quot;,
    &quot;description&quot;: &quot;Apply software changes, triggered from PySys: [{'action': 'install', 'id': '5475369', 'name': 'asciijump', 'url': ' ', 'version': '::apt'}, {'action': 'install', 'id': '5474869', 'name': 'robotfindskitten', 'url': ' ', 'version': ' '}, {'action': 'install', 'id': '5475279', 'name': 'squirrel3', 'url': ' ', 'version': '3.1-7::apt'}, {'action': 'install', 'id': '5152439', 'name': 'rolldice', 'url': ' ', 'version': '1.16-1+b1'}, {'action': 'install', 'id': '5439204', 'name': 'moon-buggy', 'url': ' ', 'version': '1:1.0.51-12'}, {'action': 'install', 'id': '5475369', 'name': 'asciijump', 'url': ' ', 'version': '::apt'}]&quot;,
    &quot;c8y_SoftwareUpdate&quot;: [
        {
            &quot;name&quot;: &quot;asciijump&quot;,
            &quot;action&quot;: &quot;install&quot;,
            &quot;id&quot;: &quot;5475369&quot;,
            &quot;version&quot;: &quot;::apt&quot;,
            &quot;url&quot;: &quot; &quot;
        },
        {
            &quot;name&quot;: &quot;robotfindskitten&quot;,
            &quot;action&quot;: &quot;install&quot;,
            &quot;id&quot;: &quot;5474869&quot;,
            &quot;version&quot;: &quot; &quot;,
            &quot;url&quot;: &quot; &quot;
        },
        {
            &quot;name&quot;: &quot;squirrel3&quot;,
            &quot;action&quot;: &quot;install&quot;,
            &quot;id&quot;: &quot;5475279&quot;,
            &quot;version&quot;: &quot;3.1-7::apt&quot;,
            &quot;url&quot;: &quot; &quot;
        },
        {
            &quot;name&quot;: &quot;rolldice&quot;,
            &quot;action&quot;: &quot;install&quot;,
            &quot;id&quot;: &quot;5152439&quot;,
            &quot;version&quot;: &quot;1.16-1+b1&quot;,
            &quot;url&quot;: &quot; &quot;
        },
        {
            &quot;name&quot;: &quot;moon-buggy&quot;,
            &quot;action&quot;: &quot;install&quot;,
            &quot;id&quot;: &quot;5439204&quot;,
            &quot;version&quot;: &quot;1:1.0.51-12&quot;,
            &quot;url&quot;: &quot; &quot;
        },
        {
            &quot;name&quot;: &quot;asciijump&quot;,
            &quot;action&quot;: &quot;install&quot;,
            &quot;id&quot;: &quot;5475369&quot;,
            &quot;version&quot;: &quot;::apt&quot;,
            &quot;url&quot;: &quot; &quot;
        }
    ]
}
12:45:59 INFO  Started operation: {'creationTime': '2022-05-11T12:45:59.898Z', 'deviceName': 'mythicc', 'deviceId': '18809479', 'self': 'https://t493319102.eu-latest.cumulocity.com/devicecontrol/operations/18841099', 'id': '18841099', 'status': 'PENDING', 'description': &quot;Apply software changes, triggered from PySys: [{'action': 'install', 'id': '5475369', 'name': 'asciijump', 'url': ' ', 'version': '::apt'}, {'action': 'install', 'id': '5474869', 'name': 'robotfindskitten', 'url': ' ', 'version': ' '}, {'action': 'install', 'id': '5475279', 'name': 'squirrel3', 'url': ' ', 'version': '3.1-7::apt'}, {'action': 'install', 'id': '5152439', 'name': 'rolldice', 'url': ' ', 'version': '1.16-1+b1'}, {'action': 'install', 'id': '5439204', 'name': 'moon-buggy', 'url': ' ', 'version': '1:1.0.51-12'}, {'action': 'install', 'id': '5475369', 'name': 'asciijump', 'url': ' ', 'version': '::apt'}]&quot;, 'c8y_SoftwareUpdate': [{'name': 'asciijump', 'action': 'install', 'id': '5475369', 'version': '::apt', 'url': ' '}, {'name': 'robotfindskitten', 'action': 'install', 'id': '5474869', 'version': ' ', 'url': ' '}, {'name': 'squirrel3', 'action': 'install', 'id': '5475279', 'version': '3.1-7::apt', 'url': ' '}, {'name': 'rolldice', 'action': 'install', 'id': '5152439', 'version': '1.16-1+b1', 'url': ' '}, {'name': 'moon-buggy', 'action': 'install', 'id': '5439204', 'version': '1:1.0.51-12', 'url': ' '}, {'name': 'asciijump', 'action': 'install', 'id': '5475369', 'version': '::apt', 'url': ' '}]}
12:46:02 INFO  State of operation 18841099 : PENDING
12:46:04 INFO  State of operation 18841099 : EXECUTING
12:46:06 INFO  State of operation 18841099 : EXECUTING
12:46:08 INFO  State of operation 18841099 : EXECUTING
12:46:11 INFO  State of operation 18841099 : EXECUTING
12:46:13 INFO  State of operation 18841099 : EXECUTING
12:46:16 INFO  State of operation 18841099 : EXECUTING
12:46:19 INFO  State of operation 18841099 : EXECUTING
12:46:21 INFO  State of operation 18841099 : EXECUTING
12:46:23 INFO  State of operation 18841099 : EXECUTING
12:46:26 INFO  State of operation 18841099 : EXECUTING
12:46:28 INFO  State of operation 18841099 : EXECUTING
12:46:30 INFO  State of operation 18841099 : EXECUTING
12:46:32 INFO  State of operation 18841099 : EXECUTING
12:46:35 INFO  State of operation 18841099 : EXECUTING
12:46:37 INFO  State of operation 18841099 : EXECUTING
12:46:39 INFO  State of operation 18841099 : EXECUTING
12:46:42 INFO  State of operation 18841099 : EXECUTING
12:46:44 INFO  State of operation 18841099 : EXECUTING
12:46:47 INFO  State of operation 18841099 : EXECUTING
12:46:49 INFO  State of operation 18841099 : EXECUTING
12:46:51 INFO  State of operation 18841099 : EXECUTING
12:46:54 INFO  State of operation 18841099 : EXECUTING
12:46:56 INFO  State of operation 18841099 : EXECUTING
12:47:00 INFO  State of operation 18841099 : EXECUTING
12:47:02 INFO  State of operation 18841099 : EXECUTING
12:47:05 INFO  State of operation 18841099 : EXECUTING
12:47:07 INFO  State of operation 18841099 : EXECUTING
12:47:10 INFO  State of operation 18841099 : EXECUTING
12:47:12 INFO  State of operation 18841099 : EXECUTING
12:47:14 INFO  State of operation 18841099 : EXECUTING
12:47:17 INFO  State of operation 18841099 : EXECUTING
12:47:19 INFO  State of operation 18841099 : EXECUTING
12:47:21 INFO  State of operation 18841099 : EXECUTING
12:47:23 INFO  State of operation 18841099 : EXECUTING
12:47:26 INFO  State of operation 18841099 : EXECUTING
12:47:28 INFO  State of operation 18841099 : EXECUTING
12:47:30 INFO  State of operation 18841099 : EXECUTING
12:47:33 INFO  State of operation 18841099 : EXECUTING
12:47:35 INFO  State of operation 18841099 : EXECUTING
12:47:38 INFO  State of operation 18841099 : EXECUTING
12:47:40 INFO  State of operation 18841099 : EXECUTING
12:47:43 INFO  State of operation 18841099 : EXECUTING
12:47:45 INFO  State of operation 18841099 : EXECUTING
12:47:47 INFO  State of operation 18841099 : EXECUTING
12:47:49 INFO  State of operation 18841099 : EXECUTING
12:47:52 INFO  State of operation 18841099 : EXECUTING
12:47:54 INFO  State of operation 18841099 : EXECUTING
12:47:56 INFO  State of operation 18841099 : EXECUTING
12:48:00 INFO  State of operation 18841099 : EXECUTING
12:48:03 INFO  State of operation 18841099 : EXECUTING
12:48:05 INFO  State of operation 18841099 : EXECUTING
12:48:07 INFO  State of operation 18841099 : EXECUTING
12:48:10 INFO  State of operation 18841099 : EXECUTING
12:48:12 INFO  State of operation 18841099 : EXECUTING
12:48:14 INFO  State of operation 18841099 : EXECUTING
12:48:17 INFO  State of operation 18841099 : EXECUTING
12:48:19 INFO  State of operation 18841099 : EXECUTING
12:48:21 INFO  State of operation 18841099 : EXECUTING
12:48:23 INFO  State of operation 18841099 : EXECUTING
12:48:26 INFO  State of operation 18841099 : EXECUTING
12:48:28 WARN  SystemError occurred while running test - Timeout while waiting for status SUCCESSFUL or False
Traceback (most recent call last):
  File &quot;/home/pi/env-pysys/lib/python3.7/site-packages/pysys/baserunner.py&quot;, line 1294, in __call__
    self.testObj.execute()
  File &quot;/home/pi/actions-runner/_work/thin-edge.io/thin-edge.io/tests/PySys/software_management_end_to_end/sm_apt_install_remove_multiple_mixed/run.py&quot;, line 89, in execute
    self.wait_until_succcess()
  File &quot;/home/pi/actions-runner/_work/thin-edge.io/thin-edge.io/tests/PySys/software_management_end_to_end/environment_sm_management.py&quot;, line 324, in wait_until_succcess
    self.wait_until_status(&quot;SUCCESSFUL&quot;)
  File &quot;/home/pi/actions-runner/_work/thin-edge.io/thin-edge.io/tests/PySys/software_management_end_to_end/environment_sm_management.py&quot;, line 381, in wait_until_status
    &quot;Timeout while waiting for status %s or %s&quot; % (status, status2)
SystemError: Timeout while waiting for status SUCCESSFUL or False
12:48:28 WARN  SystemError: Timeout while waiting for status SUCCESSFUL or False ... blocked 
12:48:28 INFO  
12:48:28 INFO  cleanup:
12:48:34 INFO  Executed sudo&lt;tedge_disconnect_c8y&gt;, exit status 0
12:48:35 INFO  Executed systemctl&lt;serv_mapper5&gt;, exit status 3
12:48:35 INFO  
12:48:35 INFO  Test duration: 183.15 secs
12:48:35 INFO  Test final outcome:  BLOCKED
12:48:35 INFO  Test outcome reason: SystemError: Timeout while waiting for status SUCCESSFUL or False (+1 other failures)
12:48:35 INFO  
</system-out>
	</testcase>
</testsuite>
