<?xml version="1.0" encoding="utf-8"?>
<testsuite failures="1" name="SoftwareManagement.sm_apt_install_remove_multiple" skipped="0" tests="1" time="141.99" timestamp="2022-04-21T14:48:21">
	<testcase classname="PySysTest" name="SoftwareManagement.sm_apt_install_remove_multiple">
		<failure message="FAILED: Assert that (False == value) with value=True (+2 other failures)" type="FAILED"/>
		<system-out>14:45:59 INFO  ==============================================================
14:45:59 INFO  Id:    SoftwareManagement.sm_apt_install_remove_multiple
14:45:59 INFO  Dir:   software_management_end_to_end/
14:45:59 INFO  Title: Validate end to end behaviour for the apt plugin for multiple packages
14:45:59 INFO  ==============================================================
14:45:59 INFO  Using sw id database: {'asciijump': '5475369', 'robotfindskitten': '5474869', 'squirrel3': '5475279', 'rolldice': '5152439', 'moon-buggy': '5439204', 'apple': '5495053', 'banana': '5494888', 'cherry': '5495382', 'watermelon': '5494510', 'registry': '8018911', 'hello-world': '8021526', 'docker/getting-started': '8021973', 'alpine': '7991792'}
14:45:59 INFO  EnvironmentC8y Setup
14:46:00 INFO  Executed systemctl&lt;serv_mapper1&gt;, exit status 3
14:46:00 INFO  Restarting mosquitto too frequently in the last 10 seconds. It was only up for 5 seconds
14:46:00 INFO  Delaying execution by 6 seconds
14:46:20 INFO  Executed sudo&lt;tedge_connect_c8y&gt;, exit status 0, duration 14 secs
14:46:21 INFO  Executed sudo&lt;tedge_connect_c8y_test&gt;, exit status 0
14:46:22 INFO  Executed systemctl&lt;serv_mosq2&gt;, exit status 0
14:46:22 INFO  Executed systemctl&lt;serv_mapper3&gt;, exit status 0
14:46:24 INFO  State of current operation: SUCCESSFUL
14:46:25 INFO  Assert that (False == value) with value=False ... passed
14:46:25 INFO  Package asciijump is installed
14:46:25 WARN  Assert that (False == value) with value=True ... failed 
14:46:26 INFO  Package squirrel3 is installed
14:46:26 WARN  Assert that (False == value) with value=True ... failed 
14:46:26 INFO  Package robotfindskitten is installed
14:46:26 WARN  Assert that (False == value) with value=True ... failed 
14:46:26 INFO  Response status: 201
14:46:26 INFO  Response to action: {
    &quot;creationTime&quot;: &quot;2022-04-21T14:46:26.639Z&quot;,
    &quot;deviceName&quot;: &quot;mythicc&quot;,
    &quot;deviceId&quot;: &quot;17556638&quot;,
    &quot;self&quot;: &quot;https://t493319102.eu-latest.cumulocity.com/devicecontrol/operations/17588851&quot;,
    &quot;id&quot;: &quot;17588851&quot;,
    &quot;status&quot;: &quot;PENDING&quot;,
    &quot;description&quot;: &quot;Apply software changes, triggered from PySys: [{'action': 'install', 'id': '5475369', 'name': 'asciijump', 'url': ' ', 'version': '::apt'}, {'action': 'install', 'id': '5474869', 'name': 'robotfindskitten', 'url': ' ', 'version': '::apt'}, {'action': 'install', 'id': '5475279', 'name': 'squirrel3', 'url': ' ', 'version': '::apt'}]&quot;,
    &quot;c8y_SoftwareUpdate&quot;: [
        {
            &quot;name&quot;: &quot;asciijump&quot;,
            &quot;action&quot;: &quot;install&quot;,
            &quot;id&quot;: &quot;5475369&quot;,
            &quot;version&quot;: &quot;::apt&quot;,
            &quot;url&quot;: &quot; &quot;
        },
        {
            &quot;name&quot;: &quot;robotfindskitten&quot;,
            &quot;action&quot;: &quot;install&quot;,
            &quot;id&quot;: &quot;5474869&quot;,
            &quot;version&quot;: &quot;::apt&quot;,
            &quot;url&quot;: &quot; &quot;
        },
        {
            &quot;name&quot;: &quot;squirrel3&quot;,
            &quot;action&quot;: &quot;install&quot;,
            &quot;id&quot;: &quot;5475279&quot;,
            &quot;version&quot;: &quot;::apt&quot;,
            &quot;url&quot;: &quot; &quot;
        }
    ]
}
14:46:26 INFO  Started operation: {'creationTime': '2022-04-21T14:46:26.639Z', 'deviceName': 'mythicc', 'deviceId': '17556638', 'self': 'https://t493319102.eu-latest.cumulocity.com/devicecontrol/operations/17588851', 'id': '17588851', 'status': 'PENDING', 'description': &quot;Apply software changes, triggered from PySys: [{'action': 'install', 'id': '5475369', 'name': 'asciijump', 'url': ' ', 'version': '::apt'}, {'action': 'install', 'id': '5474869', 'name': 'robotfindskitten', 'url': ' ', 'version': '::apt'}, {'action': 'install', 'id': '5475279', 'name': 'squirrel3', 'url': ' ', 'version': '::apt'}]&quot;, 'c8y_SoftwareUpdate': [{'name': 'asciijump', 'action': 'install', 'id': '5475369', 'version': '::apt', 'url': ' '}, {'name': 'robotfindskitten', 'action': 'install', 'id': '5474869', 'version': '::apt', 'url': ' '}, {'name': 'squirrel3', 'action': 'install', 'id': '5475279', 'version': '::apt', 'url': ' '}]}
14:46:28 INFO  State of operation 17588851 : PENDING
14:46:31 INFO  State of operation 17588851 : EXECUTING
14:46:33 INFO  State of operation 17588851 : EXECUTING
14:46:35 INFO  State of operation 17588851 : EXECUTING
14:46:37 INFO  State of operation 17588851 : EXECUTING
14:46:40 INFO  State of operation 17588851 : EXECUTING
14:46:43 INFO  State of operation 17588851 : EXECUTING
14:46:46 INFO  State of operation 17588851 : EXECUTING
14:46:48 INFO  State of operation 17588851 : EXECUTING
14:46:51 INFO  State of operation 17588851 : EXECUTING
14:46:53 INFO  State of operation 17588851 : EXECUTING
14:46:55 INFO  State of operation 17588851 : EXECUTING
14:46:57 INFO  State of operation 17588851 : EXECUTING
14:47:00 INFO  State of operation 17588851 : EXECUTING
14:47:02 INFO  State of operation 17588851 : EXECUTING
14:47:04 INFO  State of operation 17588851 : SUCCESSFUL
14:47:04 INFO  Assert that (False == value) with value=False ... passed
14:47:04 INFO  Package asciijump is installed
14:47:04 INFO  Assert that (True == value) with value=True ... passed
14:47:05 INFO  Package squirrel3 is installed
14:47:05 INFO  Assert that (True == value) with value=True ... passed
14:47:05 INFO  Package robotfindskitten is installed
14:47:05 INFO  Assert that (True == value) with value=True ... passed
14:47:06 INFO  Response status: 201
14:47:06 INFO  Response to action: {
    &quot;creationTime&quot;: &quot;2022-04-21T14:47:05.987Z&quot;,
    &quot;deviceName&quot;: &quot;mythicc&quot;,
    &quot;deviceId&quot;: &quot;17556638&quot;,
    &quot;self&quot;: &quot;https://t493319102.eu-latest.cumulocity.com/devicecontrol/operations/17588859&quot;,
    &quot;id&quot;: &quot;17588859&quot;,
    &quot;status&quot;: &quot;PENDING&quot;,
    &quot;description&quot;: &quot;Apply software changes, triggered from PySys: [{'action': 'delete', 'id': '5475369', 'name': 'asciijump', 'url': ' ', 'version': '::apt'}, {'action': 'delete', 'id': '5474869', 'name': 'robotfindskitten', 'url': ' ', 'version': '::apt'}, {'action': 'delete', 'id': '5475279', 'name': 'squirrel3', 'url': ' ', 'version': '::apt'}]&quot;,
    &quot;c8y_SoftwareUpdate&quot;: [
        {
            &quot;name&quot;: &quot;asciijump&quot;,
            &quot;action&quot;: &quot;delete&quot;,
            &quot;id&quot;: &quot;5475369&quot;,
            &quot;version&quot;: &quot;::apt&quot;,
            &quot;url&quot;: &quot; &quot;
        },
        {
            &quot;name&quot;: &quot;robotfindskitten&quot;,
            &quot;action&quot;: &quot;delete&quot;,
            &quot;id&quot;: &quot;5474869&quot;,
            &quot;version&quot;: &quot;::apt&quot;,
            &quot;url&quot;: &quot; &quot;
        },
        {
            &quot;name&quot;: &quot;squirrel3&quot;,
            &quot;action&quot;: &quot;delete&quot;,
            &quot;id&quot;: &quot;5475279&quot;,
            &quot;version&quot;: &quot;::apt&quot;,
            &quot;url&quot;: &quot; &quot;
        }
    ]
}
14:47:06 INFO  Started operation: {'creationTime': '2022-04-21T14:47:05.987Z', 'deviceName': 'mythicc', 'deviceId': '17556638', 'self': 'https://t493319102.eu-latest.cumulocity.com/devicecontrol/operations/17588859', 'id': '17588859', 'status': 'PENDING', 'description': &quot;Apply software changes, triggered from PySys: [{'action': 'delete', 'id': '5475369', 'name': 'asciijump', 'url': ' ', 'version': '::apt'}, {'action': 'delete', 'id': '5474869', 'name': 'robotfindskitten', 'url': ' ', 'version': '::apt'}, {'action': 'delete', 'id': '5475279', 'name': 'squirrel3', 'url': ' ', 'version': '::apt'}]&quot;, 'c8y_SoftwareUpdate': [{'name': 'asciijump', 'action': 'delete', 'id': '5475369', 'version': '::apt', 'url': ' '}, {'name': 'robotfindskitten', 'action': 'delete', 'id': '5474869', 'version': '::apt', 'url': ' '}, {'name': 'squirrel3', 'action': 'delete', 'id': '5475279', 'version': '::apt', 'url': ' '}]}
14:47:08 INFO  State of operation 17588859 : PENDING
14:47:10 INFO  State of operation 17588859 : EXECUTING
14:47:12 INFO  State of operation 17588859 : EXECUTING
14:47:14 INFO  State of operation 17588859 : EXECUTING
14:47:17 INFO  State of operation 17588859 : EXECUTING
14:47:19 INFO  State of operation 17588859 : EXECUTING
14:47:22 INFO  State of operation 17588859 : EXECUTING
14:47:24 INFO  State of operation 17588859 : EXECUTING
14:47:27 INFO  State of operation 17588859 : EXECUTING
14:47:29 INFO  State of operation 17588859 : EXECUTING
14:47:31 INFO  State of operation 17588859 : EXECUTING
14:47:33 INFO  State of operation 17588859 : EXECUTING
14:47:36 INFO  State of operation 17588859 : EXECUTING
14:47:38 INFO  State of operation 17588859 : EXECUTING
14:47:40 INFO  State of operation 17588859 : EXECUTING
14:47:42 INFO  State of operation 17588859 : EXECUTING
14:47:45 INFO  State of operation 17588859 : EXECUTING
14:47:47 INFO  State of operation 17588859 : EXECUTING
14:47:50 INFO  State of operation 17588859 : EXECUTING
14:47:52 INFO  State of operation 17588859 : EXECUTING
14:47:55 INFO  State of operation 17588859 : EXECUTING
14:47:57 INFO  State of operation 17588859 : EXECUTING
14:47:59 INFO  State of operation 17588859 : EXECUTING
14:48:01 INFO  State of operation 17588859 : EXECUTING
14:48:03 INFO  State of operation 17588859 : EXECUTING
14:48:06 INFO  State of operation 17588859 : EXECUTING
14:48:08 INFO  State of operation 17588859 : EXECUTING
14:48:11 INFO  State of operation 17588859 : EXECUTING
14:48:13 INFO  State of operation 17588859 : EXECUTING
14:48:15 INFO  State of operation 17588859 : SUCCESSFUL
14:48:15 INFO  Assert that (False == value) with value=False ... passed
14:48:16 INFO  Assert that (False == value) with value=False ... passed
14:48:16 INFO  Assert that (False == value) with value=False ... passed
14:48:16 INFO  Assert that (False == value) with value=False ... passed
14:48:16 INFO  
14:48:16 INFO  cleanup:
14:48:20 INFO  Executed sudo&lt;tedge_disconnect_c8y&gt;, exit status 0
14:48:21 INFO  Executed systemctl&lt;serv_mapper5&gt;, exit status 3
14:48:21 INFO  
14:48:21 INFO  Test duration: 141.99 secs
14:48:21 INFO  Test final outcome:  FAILED
14:48:21 INFO  Test outcome reason: Assert that (False == value) with value=True (+2 other failures)
14:48:21 INFO  
</system-out>
	</testcase>
</testsuite>
