<?xml version="1.0" encoding="utf-8"?>
<testsuite failures="1" name="SoftwareManagement.sm_mixed_install_remove_multiple" skipped="0" tests="1" time="169.11" timestamp="2022-04-27T15:47:08">
	<testcase classname="PySysTest" name="SoftwareManagement.sm_mixed_install_remove_multiple">
		<failure message="FAILED: Assert that (False == value) with value=True" type="FAILED"/>
		<system-out>15:44:19 INFO  ==============================================================
15:44:19 INFO  Id:    SoftwareManagement.sm_mixed_install_remove_multiple
15:44:19 INFO  Dir:   software_management_end_to_end/
15:44:19 INFO  Title: Validate end to end behaviour for the dummy-plugin for multiple packages with mixed versions
15:44:19 INFO  ==============================================================
15:44:19 INFO  Using sw id database: {'asciijump': '5475369', 'robotfindskitten': '5474869', 'squirrel3': '5475279', 'rolldice': '5152439', 'moon-buggy': '5439204', 'apple': '5495053', 'banana': '5494888', 'cherry': '5495382', 'watermelon': '5494510', 'registry': '8018911', 'hello-world': '8021526', 'docker/getting-started': '8021973', 'alpine': '7991792'}
15:44:19 INFO  EnvironmentC8y Setup
15:44:19 INFO  Executed systemctl&lt;serv_mapper1&gt;, exit status 3
15:44:19 INFO  Restarting mosquitto too frequently in the last 10 seconds. It was only up for 4 seconds
15:44:19 INFO  Delaying execution by 7 seconds
15:44:40 INFO  Executed sudo&lt;tedge_connect_c8y&gt;, exit status 0, duration 14 secs
15:44:41 INFO  Executed sudo&lt;tedge_connect_c8y_test&gt;, exit status 0
15:44:42 INFO  Executed systemctl&lt;serv_mosq2&gt;, exit status 0
15:44:42 INFO  Executed systemctl&lt;serv_mapper3&gt;, exit status 0
15:44:44 INFO  State of current operation: SUCCESSFUL
15:44:44 INFO  Package apple is installed
15:44:44 INFO  Assert that (True == value) with value=True ... passed
15:44:45 INFO  Package banana is installed
15:44:45 INFO  Assert that (True == value) with value=True ... passed
15:44:45 INFO  Package cherry is installed
15:44:45 INFO  Assert that (True == value) with value=True ... passed
15:44:45 INFO  Package asciijump is installed
15:44:45 WARN  Assert that (False == value) with value=True ... failed 
15:44:45 INFO  Assert that (False == value) with value=False ... passed
15:44:46 INFO  Response status: 201
15:44:46 INFO  Response to action: {
    &quot;creationTime&quot;: &quot;2022-04-27T15:44:46.103Z&quot;,
    &quot;deviceName&quot;: &quot;mythicc&quot;,
    &quot;deviceId&quot;: &quot;17788041&quot;,
    &quot;self&quot;: &quot;https://t493319102.eu-latest.cumulocity.com/devicecontrol/operations/17799314&quot;,
    &quot;id&quot;: &quot;17799314&quot;,
    &quot;status&quot;: &quot;PENDING&quot;,
    &quot;description&quot;: &quot;Apply software changes, triggered from PySys: [{'action': 'install', 'id': '5495053', 'name': 'apple', 'url': ' ', 'version': '::fruits'}, {'action': 'install', 'id': '5494888', 'name': 'banana', 'url': ' ', 'version': '::fruits'}, {'action': 'install', 'id': '5475369', 'name': 'asciijump', 'url': ' ', 'version': '::apt'}, {'action': 'install', 'id': '5495382', 'name': 'cherry', 'url': ' ', 'version': '::fruits'}, {'action': 'install', 'id': '8018911', 'name': 'registry', 'url': ' ', 'version': '::docker'}]&quot;,
    &quot;c8y_SoftwareUpdate&quot;: [
        {
            &quot;name&quot;: &quot;apple&quot;,
            &quot;action&quot;: &quot;install&quot;,
            &quot;id&quot;: &quot;5495053&quot;,
            &quot;version&quot;: &quot;::fruits&quot;,
            &quot;url&quot;: &quot; &quot;
        },
        {
            &quot;name&quot;: &quot;banana&quot;,
            &quot;action&quot;: &quot;install&quot;,
            &quot;id&quot;: &quot;5494888&quot;,
            &quot;version&quot;: &quot;::fruits&quot;,
            &quot;url&quot;: &quot; &quot;
        },
        {
            &quot;name&quot;: &quot;asciijump&quot;,
            &quot;action&quot;: &quot;install&quot;,
            &quot;id&quot;: &quot;5475369&quot;,
            &quot;version&quot;: &quot;::apt&quot;,
            &quot;url&quot;: &quot; &quot;
        },
        {
            &quot;name&quot;: &quot;cherry&quot;,
            &quot;action&quot;: &quot;install&quot;,
            &quot;id&quot;: &quot;5495382&quot;,
            &quot;version&quot;: &quot;::fruits&quot;,
            &quot;url&quot;: &quot; &quot;
        },
        {
            &quot;name&quot;: &quot;registry&quot;,
            &quot;action&quot;: &quot;install&quot;,
            &quot;id&quot;: &quot;8018911&quot;,
            &quot;version&quot;: &quot;::docker&quot;,
            &quot;url&quot;: &quot; &quot;
        }
    ]
}
15:44:46 INFO  Started operation: {'creationTime': '2022-04-27T15:44:46.103Z', 'deviceName': 'mythicc', 'deviceId': '17788041', 'self': 'https://t493319102.eu-latest.cumulocity.com/devicecontrol/operations/17799314', 'id': '17799314', 'status': 'PENDING', 'description': &quot;Apply software changes, triggered from PySys: [{'action': 'install', 'id': '5495053', 'name': 'apple', 'url': ' ', 'version': '::fruits'}, {'action': 'install', 'id': '5494888', 'name': 'banana', 'url': ' ', 'version': '::fruits'}, {'action': 'install', 'id': '5475369', 'name': 'asciijump', 'url': ' ', 'version': '::apt'}, {'action': 'install', 'id': '5495382', 'name': 'cherry', 'url': ' ', 'version': '::fruits'}, {'action': 'install', 'id': '8018911', 'name': 'registry', 'url': ' ', 'version': '::docker'}]&quot;, 'c8y_SoftwareUpdate': [{'name': 'apple', 'action': 'install', 'id': '5495053', 'version': '::fruits', 'url': ' '}, {'name': 'banana', 'action': 'install', 'id': '5494888', 'version': '::fruits', 'url': ' '}, {'name': 'asciijump', 'action': 'install', 'id': '5475369', 'version': '::apt', 'url': ' '}, {'name': 'cherry', 'action': 'install', 'id': '5495382', 'version': '::fruits', 'url': ' '}, {'name': 'registry', 'action': 'install', 'id': '8018911', 'version': '::docker', 'url': ' '}]}
15:44:48 INFO  State of operation 17799314 : PENDING
15:44:50 INFO  State of operation 17799314 : EXECUTING
15:44:52 INFO  State of operation 17799314 : EXECUTING
15:44:55 INFO  State of operation 17799314 : EXECUTING
15:44:57 INFO  State of operation 17799314 : EXECUTING
15:44:59 INFO  State of operation 17799314 : EXECUTING
15:45:01 INFO  State of operation 17799314 : EXECUTING
15:45:04 INFO  State of operation 17799314 : EXECUTING
15:45:07 INFO  State of operation 17799314 : EXECUTING
15:45:09 INFO  State of operation 17799314 : EXECUTING
15:45:11 INFO  State of operation 17799314 : EXECUTING
15:45:14 INFO  State of operation 17799314 : EXECUTING
15:45:16 INFO  State of operation 17799314 : EXECUTING
15:45:18 INFO  State of operation 17799314 : EXECUTING
15:45:20 INFO  State of operation 17799314 : EXECUTING
15:45:23 INFO  State of operation 17799314 : EXECUTING
15:45:25 INFO  State of operation 17799314 : EXECUTING
15:45:27 INFO  State of operation 17799314 : EXECUTING
15:45:30 INFO  State of operation 17799314 : EXECUTING
15:45:32 INFO  State of operation 17799314 : EXECUTING
15:45:34 INFO  State of operation 17799314 : EXECUTING
15:45:37 INFO  State of operation 17799314 : EXECUTING
15:45:39 INFO  State of operation 17799314 : EXECUTING
15:45:41 INFO  State of operation 17799314 : EXECUTING
15:45:43 INFO  State of operation 17799314 : EXECUTING
15:45:46 INFO  State of operation 17799314 : EXECUTING
15:45:48 INFO  State of operation 17799314 : SUCCESSFUL
15:45:48 INFO  Package apple is installed
15:45:48 INFO  Assert that (True == value) with value=True ... passed
15:45:49 INFO  Package banana is installed
15:45:49 INFO  Assert that (True == value) with value=True ... passed
15:45:49 INFO  Package cherry is installed
15:45:49 INFO  Assert that (True == value) with value=True ... passed
15:45:49 INFO  Package asciijump is installed
15:45:49 INFO  Assert that (True == value) with value=True ... passed
15:45:49 INFO  Package registry is installed
15:45:49 INFO  Assert that (True == value) with value=True ... passed
15:45:50 INFO  Response status: 201
15:45:50 INFO  Response to action: {
    &quot;creationTime&quot;: &quot;2022-04-27T15:45:49.958Z&quot;,
    &quot;deviceName&quot;: &quot;mythicc&quot;,
    &quot;deviceId&quot;: &quot;17788041&quot;,
    &quot;self&quot;: &quot;https://t493319102.eu-latest.cumulocity.com/devicecontrol/operations/17799320&quot;,
    &quot;id&quot;: &quot;17799320&quot;,
    &quot;status&quot;: &quot;PENDING&quot;,
    &quot;description&quot;: &quot;Apply software changes, triggered from PySys: [{'action': 'delete', 'id': '5495053', 'name': 'apple', 'url': ' ', 'version': '::fruits'}, {'action': 'delete', 'id': '5494888', 'name': 'banana', 'url': ' ', 'version': '::fruits'}, {'action': 'delete', 'id': '5475369', 'name': 'asciijump', 'url': ' ', 'version': '::apt'}, {'action': 'delete', 'id': '5495382', 'name': 'cherry', 'url': ' ', 'version': '::fruits'}, {'action': 'delete', 'id': '8018911', 'name': 'registry', 'url': ' ', 'version': '::docker'}]&quot;,
    &quot;c8y_SoftwareUpdate&quot;: [
        {
            &quot;name&quot;: &quot;apple&quot;,
            &quot;action&quot;: &quot;delete&quot;,
            &quot;id&quot;: &quot;5495053&quot;,
            &quot;version&quot;: &quot;::fruits&quot;,
            &quot;url&quot;: &quot; &quot;
        },
        {
            &quot;name&quot;: &quot;banana&quot;,
            &quot;action&quot;: &quot;delete&quot;,
            &quot;id&quot;: &quot;5494888&quot;,
            &quot;version&quot;: &quot;::fruits&quot;,
            &quot;url&quot;: &quot; &quot;
        },
        {
            &quot;name&quot;: &quot;asciijump&quot;,
            &quot;action&quot;: &quot;delete&quot;,
            &quot;id&quot;: &quot;5475369&quot;,
            &quot;version&quot;: &quot;::apt&quot;,
            &quot;url&quot;: &quot; &quot;
        },
        {
            &quot;name&quot;: &quot;cherry&quot;,
            &quot;action&quot;: &quot;delete&quot;,
            &quot;id&quot;: &quot;5495382&quot;,
            &quot;version&quot;: &quot;::fruits&quot;,
            &quot;url&quot;: &quot; &quot;
        },
        {
            &quot;name&quot;: &quot;registry&quot;,
            &quot;action&quot;: &quot;delete&quot;,
            &quot;id&quot;: &quot;8018911&quot;,
            &quot;version&quot;: &quot;::docker&quot;,
            &quot;url&quot;: &quot; &quot;
        }
    ]
}
15:45:50 INFO  Started operation: {'creationTime': '2022-04-27T15:45:49.958Z', 'deviceName': 'mythicc', 'deviceId': '17788041', 'self': 'https://t493319102.eu-latest.cumulocity.com/devicecontrol/operations/17799320', 'id': '17799320', 'status': 'PENDING', 'description': &quot;Apply software changes, triggered from PySys: [{'action': 'delete', 'id': '5495053', 'name': 'apple', 'url': ' ', 'version': '::fruits'}, {'action': 'delete', 'id': '5494888', 'name': 'banana', 'url': ' ', 'version': '::fruits'}, {'action': 'delete', 'id': '5475369', 'name': 'asciijump', 'url': ' ', 'version': '::apt'}, {'action': 'delete', 'id': '5495382', 'name': 'cherry', 'url': ' ', 'version': '::fruits'}, {'action': 'delete', 'id': '8018911', 'name': 'registry', 'url': ' ', 'version': '::docker'}]&quot;, 'c8y_SoftwareUpdate': [{'name': 'apple', 'action': 'delete', 'id': '5495053', 'version': '::fruits', 'url': ' '}, {'name': 'banana', 'action': 'delete', 'id': '5494888', 'version': '::fruits', 'url': ' '}, {'name': 'asciijump', 'action': 'delete', 'id': '5475369', 'version': '::apt', 'url': ' '}, {'name': 'cherry', 'action': 'delete', 'id': '5495382', 'version': '::fruits', 'url': ' '}, {'name': 'registry', 'action': 'delete', 'id': '8018911', 'version': '::docker', 'url': ' '}]}
15:45:52 INFO  State of operation 17799320 : PENDING
15:45:54 INFO  State of operation 17799320 : EXECUTING
15:45:56 INFO  State of operation 17799320 : EXECUTING
15:45:59 INFO  State of operation 17799320 : EXECUTING
15:46:01 INFO  State of operation 17799320 : EXECUTING
15:46:03 INFO  State of operation 17799320 : EXECUTING
15:46:06 INFO  State of operation 17799320 : EXECUTING
15:46:09 INFO  State of operation 17799320 : EXECUTING
15:46:11 INFO  State of operation 17799320 : EXECUTING
15:46:14 INFO  State of operation 17799320 : EXECUTING
15:46:16 INFO  State of operation 17799320 : EXECUTING
15:46:18 INFO  State of operation 17799320 : EXECUTING
15:46:20 INFO  State of operation 17799320 : EXECUTING
15:46:23 INFO  State of operation 17799320 : EXECUTING
15:46:25 INFO  State of operation 17799320 : EXECUTING
15:46:27 INFO  State of operation 17799320 : EXECUTING
15:46:31 INFO  State of operation 17799320 : EXECUTING
15:46:34 INFO  State of operation 17799320 : EXECUTING
15:46:36 INFO  State of operation 17799320 : EXECUTING
15:46:38 INFO  State of operation 17799320 : EXECUTING
15:46:41 INFO  State of operation 17799320 : EXECUTING
15:46:43 INFO  State of operation 17799320 : EXECUTING
15:46:45 INFO  State of operation 17799320 : EXECUTING
15:46:48 INFO  State of operation 17799320 : EXECUTING
15:46:50 INFO  State of operation 17799320 : EXECUTING
15:46:52 INFO  State of operation 17799320 : EXECUTING
15:46:54 INFO  State of operation 17799320 : EXECUTING
15:46:57 INFO  State of operation 17799320 : EXECUTING
15:46:59 INFO  State of operation 17799320 : EXECUTING
15:47:01 INFO  State of operation 17799320 : SUCCESSFUL
15:47:02 INFO  Package apple is installed
15:47:02 INFO  Assert that (True == value) with value=True ... passed
15:47:02 INFO  Package banana is installed
15:47:02 INFO  Assert that (True == value) with value=True ... passed
15:47:02 INFO  Package cherry is installed
15:47:02 INFO  Assert that (True == value) with value=True ... passed
15:47:02 INFO  Assert that (False == value) with value=False ... passed
15:47:03 INFO  Assert that (False == value) with value=False ... passed
15:47:03 INFO  
15:47:03 INFO  cleanup:
15:47:07 INFO  Executed sudo&lt;tedge_disconnect_c8y&gt;, exit status 0
15:47:08 INFO  Executed systemctl&lt;serv_mapper5&gt;, exit status 3
15:47:08 INFO  
15:47:08 INFO  Test duration: 169.11 secs
15:47:08 INFO  Test final outcome:  FAILED
15:47:08 INFO  Test outcome reason: Assert that (False == value) with value=True
15:47:08 INFO  
</system-out>
	</testcase>
</testsuite>
