<?xml version="1.0" encoding="utf-8"?>
<testsuite failures="1" name="SoftwareManagement.sm_docker_install_remove_multiple" skipped="0" tests="1" time="144.8" timestamp="2022-05-04T09:19:51">
	<testcase classname="SMDockerInstallRemove" name="SoftwareManagement.sm_docker_install_remove_multiple">
		<failure message="BLOCKED: SystemError: The operation has failed" type="BLOCKED"/>
		<system-out>09:17:26 INFO  ==============================================================
09:17:26 INFO  Id:    SoftwareManagement.sm_docker_install_remove_multiple
09:17:26 INFO  Dir:   software_management_end_to_end/
09:17:26 INFO  Title: Validate end to end behaviour for the docker plugin for multiple docker images with mixed versions
09:17:26 INFO  ==============================================================
09:17:26 INFO  Using sw id database: {'asciijump': '5475369', 'robotfindskitten': '5474869', 'squirrel3': '5475279', 'rolldice': '5152439', 'moon-buggy': '5439204', 'apple': '5495053', 'banana': '5494888', 'cherry': '5495382', 'watermelon': '5494510', 'registry': '8018911', 'hello-world': '8021526', 'docker/getting-started': '8021973', 'alpine': '7991792'}
09:17:26 INFO  EnvironmentC8y Setup
09:17:27 INFO  Executed systemctl&lt;serv_mapper1&gt;, exit status 3
09:17:27 INFO  Restarting mosquitto too frequently in the last 10 seconds. It was only up for 5 seconds
09:17:27 INFO  Delaying execution by 6 seconds
09:17:47 INFO  Executed sudo&lt;tedge_connect_c8y&gt;, exit status 0, duration 14 secs
09:17:48 INFO  Executed sudo&lt;tedge_connect_c8y_test&gt;, exit status 0
09:17:48 INFO  Executed systemctl&lt;serv_mosq2&gt;, exit status 0
09:17:49 INFO  Executed systemctl&lt;serv_mapper3&gt;, exit status 0
09:17:51 INFO  State of current operation: SUCCESSFUL
09:17:51 INFO  Response status: 201
09:17:51 INFO  Response to action: {
    &quot;creationTime&quot;: &quot;2022-05-04T09:17:51.569Z&quot;,
    &quot;deviceName&quot;: &quot;mythicc&quot;,
    &quot;deviceId&quot;: &quot;18330806&quot;,
    &quot;self&quot;: &quot;https://t493319102.eu-latest.cumulocity.com/devicecontrol/operations/18389449&quot;,
    &quot;id&quot;: &quot;18389449&quot;,
    &quot;status&quot;: &quot;PENDING&quot;,
    &quot;description&quot;: &quot;Apply software changes, triggered from PySys: [{'action': 'install', 'id': '8021526', 'name': 'hello-world', 'url': '', 'version': '::docker'}, {'action': 'install', 'id': '8018911', 'name': 'registry', 'url': '', 'version': '2.6.2::docker'}]&quot;,
    &quot;c8y_SoftwareUpdate&quot;: [
        {
            &quot;name&quot;: &quot;hello-world&quot;,
            &quot;action&quot;: &quot;install&quot;,
            &quot;id&quot;: &quot;8021526&quot;,
            &quot;version&quot;: &quot;::docker&quot;,
            &quot;url&quot;: &quot;&quot;
        },
        {
            &quot;name&quot;: &quot;registry&quot;,
            &quot;action&quot;: &quot;install&quot;,
            &quot;id&quot;: &quot;8018911&quot;,
            &quot;version&quot;: &quot;2.6.2::docker&quot;,
            &quot;url&quot;: &quot;&quot;
        }
    ]
}
09:17:51 INFO  Started operation: {'creationTime': '2022-05-04T09:17:51.569Z', 'deviceName': 'mythicc', 'deviceId': '18330806', 'self': 'https://t493319102.eu-latest.cumulocity.com/devicecontrol/operations/18389449', 'id': '18389449', 'status': 'PENDING', 'description': &quot;Apply software changes, triggered from PySys: [{'action': 'install', 'id': '8021526', 'name': 'hello-world', 'url': '', 'version': '::docker'}, {'action': 'install', 'id': '8018911', 'name': 'registry', 'url': '', 'version': '2.6.2::docker'}]&quot;, 'c8y_SoftwareUpdate': [{'name': 'hello-world', 'action': 'install', 'id': '8021526', 'version': '::docker', 'url': ''}, {'name': 'registry', 'action': 'install', 'id': '8018911', 'version': '2.6.2::docker', 'url': ''}]}
09:17:53 INFO  State of operation 18389449 : PENDING
09:17:56 INFO  State of operation 18389449 : EXECUTING
09:17:58 INFO  State of operation 18389449 : EXECUTING
09:18:00 INFO  State of operation 18389449 : EXECUTING
09:18:02 INFO  State of operation 18389449 : EXECUTING
09:18:05 INFO  State of operation 18389449 : EXECUTING
09:18:07 INFO  State of operation 18389449 : EXECUTING
09:18:09 INFO  State of operation 18389449 : EXECUTING
09:18:11 INFO  State of operation 18389449 : EXECUTING
09:18:14 INFO  State of operation 18389449 : EXECUTING
09:18:16 INFO  State of operation 18389449 : EXECUTING
09:18:18 INFO  State of operation 18389449 : EXECUTING
09:18:21 INFO  State of operation 18389449 : EXECUTING
09:18:24 INFO  State of operation 18389449 : EXECUTING
09:18:26 INFO  State of operation 18389449 : EXECUTING
09:18:28 INFO  State of operation 18389449 : EXECUTING
09:18:30 INFO  State of operation 18389449 : EXECUTING
09:18:32 INFO  State of operation 18389449 : SUCCESSFUL
09:18:34 INFO  Package hello-world is installed
09:18:34 INFO  Package hello-world is installed
09:18:34 INFO  Assert that (True == value) with value=True ... passed
09:18:34 INFO  Package registry is installed
09:18:34 INFO  Assert that (True == value) with value=True ... passed
09:18:34 INFO  Assert that (False == value) with value=False ... passed
09:18:35 INFO  Response status: 201
09:18:35 INFO  Response to action: {
    &quot;creationTime&quot;: &quot;2022-05-04T09:18:35.022Z&quot;,
    &quot;deviceName&quot;: &quot;mythicc&quot;,
    &quot;deviceId&quot;: &quot;18330806&quot;,
    &quot;self&quot;: &quot;https://t493319102.eu-latest.cumulocity.com/devicecontrol/operations/18389457&quot;,
    &quot;id&quot;: &quot;18389457&quot;,
    &quot;status&quot;: &quot;PENDING&quot;,
    &quot;description&quot;: &quot;Apply software changes, triggered from PySys: [{'action': 'install', 'id': '8018911', 'name': 'registry', 'url': '', 'version': '2.7.1::docker'}, {'action': 'install', 'id': '7991792', 'name': 'alpine', 'url': '', 'version': '::docker'}]&quot;,
    &quot;c8y_SoftwareUpdate&quot;: [
        {
            &quot;name&quot;: &quot;registry&quot;,
            &quot;action&quot;: &quot;install&quot;,
            &quot;id&quot;: &quot;8018911&quot;,
            &quot;version&quot;: &quot;2.7.1::docker&quot;,
            &quot;url&quot;: &quot;&quot;
        },
        {
            &quot;name&quot;: &quot;alpine&quot;,
            &quot;action&quot;: &quot;install&quot;,
            &quot;id&quot;: &quot;7991792&quot;,
            &quot;version&quot;: &quot;::docker&quot;,
            &quot;url&quot;: &quot;&quot;
        }
    ]
}
09:18:35 INFO  Started operation: {'creationTime': '2022-05-04T09:18:35.022Z', 'deviceName': 'mythicc', 'deviceId': '18330806', 'self': 'https://t493319102.eu-latest.cumulocity.com/devicecontrol/operations/18389457', 'id': '18389457', 'status': 'PENDING', 'description': &quot;Apply software changes, triggered from PySys: [{'action': 'install', 'id': '8018911', 'name': 'registry', 'url': '', 'version': '2.7.1::docker'}, {'action': 'install', 'id': '7991792', 'name': 'alpine', 'url': '', 'version': '::docker'}]&quot;, 'c8y_SoftwareUpdate': [{'name': 'registry', 'action': 'install', 'id': '8018911', 'version': '2.7.1::docker', 'url': ''}, {'name': 'alpine', 'action': 'install', 'id': '7991792', 'version': '::docker', 'url': ''}]}
09:18:37 INFO  State of operation 18389457 : PENDING
09:18:39 INFO  State of operation 18389457 : EXECUTING
09:18:41 INFO  State of operation 18389457 : EXECUTING
09:18:44 INFO  State of operation 18389457 : EXECUTING
09:18:46 INFO  State of operation 18389457 : EXECUTING
09:18:48 INFO  State of operation 18389457 : EXECUTING
09:18:50 INFO  State of operation 18389457 : EXECUTING
09:18:53 INFO  State of operation 18389457 : EXECUTING
09:18:55 INFO  State of operation 18389457 : EXECUTING
09:18:57 INFO  State of operation 18389457 : EXECUTING
09:18:59 INFO  State of operation 18389457 : EXECUTING
09:19:02 INFO  State of operation 18389457 : EXECUTING
09:19:04 INFO  State of operation 18389457 : EXECUTING
09:19:06 INFO  State of operation 18389457 : EXECUTING
09:19:08 INFO  State of operation 18389457 : EXECUTING
09:19:11 INFO  State of operation 18389457 : EXECUTING
09:19:13 INFO  State of operation 18389457 : EXECUTING
09:19:15 INFO  State of operation 18389457 : FAILED
09:19:15 ERROR Stopping as the operation has failed
09:19:15 WARN  SystemError occurred while running test - The operation has failed
Traceback (most recent call last):
  File &quot;/home/pi/env-pysys/lib/python3.7/site-packages/pysys/baserunner.py&quot;, line 1294, in __call__
    self.testObj.execute()
  File &quot;/home/pi/actions-runner/_work/thin-edge.io/thin-edge.io/tests/PySys/software_management_end_to_end/sm_docker_install_remove_multiple/run.py&quot;, line 91, in execute
    self.wait_until_succcess()
  File &quot;/home/pi/actions-runner/_work/thin-edge.io/thin-edge.io/tests/PySys/software_management_end_to_end/environment_sm_management.py&quot;, line 324, in wait_until_succcess
    self.wait_until_status(&quot;SUCCESSFUL&quot;)
  File &quot;/home/pi/actions-runner/_work/thin-edge.io/thin-edge.io/tests/PySys/software_management_end_to_end/environment_sm_management.py&quot;, line 361, in wait_until_status
    raise SystemError(&quot;The operation has failed&quot;)
SystemError: The operation has failed
09:19:15 WARN  SystemError: The operation has failed ... blocked 
09:19:15 INFO  
09:19:15 INFO  cleanup:
09:19:15 INFO  Response status: 201
09:19:15 INFO  Response to action: {
    &quot;creationTime&quot;: &quot;2022-05-04T09:19:15.873Z&quot;,
    &quot;deviceName&quot;: &quot;mythicc&quot;,
    &quot;deviceId&quot;: &quot;18330806&quot;,
    &quot;self&quot;: &quot;https://t493319102.eu-latest.cumulocity.com/devicecontrol/operations/18389468&quot;,
    &quot;id&quot;: &quot;18389468&quot;,
    &quot;status&quot;: &quot;PENDING&quot;,
    &quot;description&quot;: &quot;Apply software changes, triggered from PySys: [{'action': 'delete', 'id': '8018911', 'name': 'registry', 'url': '', 'version': '2.7.1::docker'}, {'action': 'delete', 'id': '7991792', 'name': 'alpine', 'url': '', 'version': '::docker'}, {'action': 'delete', 'id': '8021526', 'name': 'hello-world', 'url': '', 'version': '::docker'}]&quot;,
    &quot;c8y_SoftwareUpdate&quot;: [
        {
            &quot;name&quot;: &quot;registry&quot;,
            &quot;action&quot;: &quot;delete&quot;,
            &quot;id&quot;: &quot;8018911&quot;,
            &quot;version&quot;: &quot;2.7.1::docker&quot;,
            &quot;url&quot;: &quot;&quot;
        },
        {
            &quot;name&quot;: &quot;alpine&quot;,
            &quot;action&quot;: &quot;delete&quot;,
            &quot;id&quot;: &quot;7991792&quot;,
            &quot;version&quot;: &quot;::docker&quot;,
            &quot;url&quot;: &quot;&quot;
        },
        {
            &quot;name&quot;: &quot;hello-world&quot;,
            &quot;action&quot;: &quot;delete&quot;,
            &quot;id&quot;: &quot;8021526&quot;,
            &quot;version&quot;: &quot;::docker&quot;,
            &quot;url&quot;: &quot;&quot;
        }
    ]
}
09:19:15 INFO  Started operation: {'creationTime': '2022-05-04T09:19:15.873Z', 'deviceName': 'mythicc', 'deviceId': '18330806', 'self': 'https://t493319102.eu-latest.cumulocity.com/devicecontrol/operations/18389468', 'id': '18389468', 'status': 'PENDING', 'description': &quot;Apply software changes, triggered from PySys: [{'action': 'delete', 'id': '8018911', 'name': 'registry', 'url': '', 'version': '2.7.1::docker'}, {'action': 'delete', 'id': '7991792', 'name': 'alpine', 'url': '', 'version': '::docker'}, {'action': 'delete', 'id': '8021526', 'name': 'hello-world', 'url': '', 'version': '::docker'}]&quot;, 'c8y_SoftwareUpdate': [{'name': 'registry', 'action': 'delete', 'id': '8018911', 'version': '2.7.1::docker', 'url': ''}, {'name': 'alpine', 'action': 'delete', 'id': '7991792', 'version': '::docker', 'url': ''}, {'name': 'hello-world', 'action': 'delete', 'id': '8021526', 'version': '::docker', 'url': ''}]}
09:19:18 INFO  State of operation 18389468 : PENDING
09:19:20 INFO  State of operation 18389468 : EXECUTING
09:19:22 INFO  State of operation 18389468 : EXECUTING
09:19:24 INFO  State of operation 18389468 : EXECUTING
09:19:27 INFO  State of operation 18389468 : EXECUTING
09:19:29 INFO  State of operation 18389468 : EXECUTING
09:19:31 INFO  State of operation 18389468 : EXECUTING
09:19:33 INFO  State of operation 18389468 : SUCCESSFUL
09:19:45 INFO  Assert that (False == value) with value=False ... passed
09:19:45 INFO  Assert that (False == value) with value=False ... passed
09:19:45 INFO  Assert that (False == value) with value=False ... passed
09:19:50 INFO  Executed sudo&lt;tedge_disconnect_c8y&gt;, exit status 0
09:19:51 INFO  Executed systemctl&lt;serv_mapper5&gt;, exit status 3
09:19:51 INFO  
09:19:51 INFO  Test duration: 144.80 secs
09:19:51 INFO  Test final outcome:  BLOCKED
09:19:51 INFO  Test outcome reason: SystemError: The operation has failed
09:19:51 INFO  
</system-out>
	</testcase>
</testsuite>
