<?xml version="1.0" encoding="utf-8"?>
<testsuite failures="1" name="SoftwareManagement.sm_mixed_install_remove_multiple" skipped="0" tests="1" time="173.14" timestamp="2022-05-16T08:46:39">
	<testcase classname="PySysTest" name="SoftwareManagement.sm_mixed_install_remove_multiple">
		<failure message="FAILED: Assert that (False == value) with value=True" type="FAILED"/>
		<system-out>08:43:46 INFO  ==============================================================
08:43:46 INFO  Id:    SoftwareManagement.sm_mixed_install_remove_multiple
08:43:46 INFO  Dir:   software_management_end_to_end/
08:43:46 INFO  Title: Validate end to end behaviour for the dummy-plugin for multiple packages with mixed versions
08:43:46 INFO  ==============================================================
08:43:46 INFO  Using sw id database: {'asciijump': '5475369', 'robotfindskitten': '5474869', 'squirrel3': '5475279', 'rolldice': '5152439', 'moon-buggy': '5439204', 'apple': '5495053', 'banana': '5494888', 'cherry': '5495382', 'watermelon': '5494510', 'registry': '8018911', 'hello-world': '8021526', 'docker/getting-started': '8021973', 'alpine': '7991792'}
08:43:46 INFO  EnvironmentC8y Setup
08:43:47 INFO  Executed systemctl&lt;serv_mapper1&gt;, exit status 3
08:43:47 INFO  Restarting mosquitto too frequently in the last 10 seconds. It was only up for 5 seconds
08:43:47 INFO  Delaying execution by 6 seconds
08:44:07 INFO  Executed sudo&lt;tedge_connect_c8y&gt;, exit status 0, duration 14 secs
08:44:08 INFO  Executed sudo&lt;tedge_connect_c8y_test&gt;, exit status 0
08:44:08 INFO  Executed systemctl&lt;serv_mosq2&gt;, exit status 0
08:44:09 INFO  Executed systemctl&lt;serv_mapper3&gt;, exit status 0
08:44:11 INFO  State of current operation: SUCCESSFUL
08:44:11 INFO  Package apple is installed
08:44:11 INFO  Assert that (True == value) with value=True ... passed
08:44:12 INFO  Package banana is installed
08:44:12 INFO  Assert that (True == value) with value=True ... passed
08:44:12 INFO  Package cherry is installed
08:44:12 INFO  Assert that (True == value) with value=True ... passed
08:44:12 INFO  Package asciijump is installed
08:44:12 WARN  Assert that (False == value) with value=True ... failed 
08:44:12 INFO  Assert that (False == value) with value=False ... passed
08:44:13 INFO  Response status: 201
08:44:13 INFO  Response to action: {
    &quot;delivery&quot;: {
        &quot;time&quot;: &quot;2022-05-16T08:44:12.991Z&quot;,
        &quot;log&quot;: [],
        &quot;status&quot;: &quot;PENDING&quot;
    },
    &quot;creationTime&quot;: &quot;2022-05-16T08:44:12.977Z&quot;,
    &quot;deviceId&quot;: &quot;19103173&quot;,
    &quot;deviceName&quot;: &quot;mythicc&quot;,
    &quot;self&quot;: &quot;https://t493319102.eu-latest.cumulocity.com/devicecontrol/operations/19133428&quot;,
    &quot;id&quot;: &quot;19133428&quot;,
    &quot;status&quot;: &quot;PENDING&quot;,
    &quot;description&quot;: &quot;Apply software changes, triggered from PySys: [{'action': 'install', 'id': '5495053', 'name': 'apple', 'url': ' ', 'version': '::fruits'}, {'action': 'install', 'id': '5494888', 'name': 'banana', 'url': ' ', 'version': '::fruits'}, {'action': 'install', 'id': '5475369', 'name': 'asciijump', 'url': ' ', 'version': '::apt'}, {'action': 'install', 'id': '5495382', 'name': 'cherry', 'url': ' ', 'version': '::fruits'}, {'action': 'install', 'id': '8018911', 'name': 'registry', 'url': ' ', 'version': '::docker'}]&quot;,
    &quot;c8y_SoftwareUpdate&quot;: [
        {
            &quot;name&quot;: &quot;apple&quot;,
            &quot;action&quot;: &quot;install&quot;,
            &quot;id&quot;: &quot;5495053&quot;,
            &quot;version&quot;: &quot;::fruits&quot;,
            &quot;url&quot;: &quot; &quot;
        },
        {
            &quot;name&quot;: &quot;banana&quot;,
            &quot;action&quot;: &quot;install&quot;,
            &quot;id&quot;: &quot;5494888&quot;,
            &quot;version&quot;: &quot;::fruits&quot;,
            &quot;url&quot;: &quot; &quot;
        },
        {
            &quot;name&quot;: &quot;asciijump&quot;,
            &quot;action&quot;: &quot;install&quot;,
            &quot;id&quot;: &quot;5475369&quot;,
            &quot;version&quot;: &quot;::apt&quot;,
            &quot;url&quot;: &quot; &quot;
        },
        {
            &quot;name&quot;: &quot;cherry&quot;,
            &quot;action&quot;: &quot;install&quot;,
            &quot;id&quot;: &quot;5495382&quot;,
            &quot;version&quot;: &quot;::fruits&quot;,
            &quot;url&quot;: &quot; &quot;
        },
        {
            &quot;name&quot;: &quot;registry&quot;,
            &quot;action&quot;: &quot;install&quot;,
            &quot;id&quot;: &quot;8018911&quot;,
            &quot;version&quot;: &quot;::docker&quot;,
            &quot;url&quot;: &quot; &quot;
        }
    ]
}
08:44:13 INFO  Started operation: {'delivery': {'time': '2022-05-16T08:44:12.991Z', 'log': [], 'status': 'PENDING'}, 'creationTime': '2022-05-16T08:44:12.977Z', 'deviceId': '19103173', 'deviceName': 'mythicc', 'self': 'https://t493319102.eu-latest.cumulocity.com/devicecontrol/operations/19133428', 'id': '19133428', 'status': 'PENDING', 'description': &quot;Apply software changes, triggered from PySys: [{'action': 'install', 'id': '5495053', 'name': 'apple', 'url': ' ', 'version': '::fruits'}, {'action': 'install', 'id': '5494888', 'name': 'banana', 'url': ' ', 'version': '::fruits'}, {'action': 'install', 'id': '5475369', 'name': 'asciijump', 'url': ' ', 'version': '::apt'}, {'action': 'install', 'id': '5495382', 'name': 'cherry', 'url': ' ', 'version': '::fruits'}, {'action': 'install', 'id': '8018911', 'name': 'registry', 'url': ' ', 'version': '::docker'}]&quot;, 'c8y_SoftwareUpdate': [{'name': 'apple', 'action': 'install', 'id': '5495053', 'version': '::fruits', 'url': ' '}, {'name': 'banana', 'action': 'install', 'id': '5494888', 'version': '::fruits', 'url': ' '}, {'name': 'asciijump', 'action': 'install', 'id': '5475369', 'version': '::apt', 'url': ' '}, {'name': 'cherry', 'action': 'install', 'id': '5495382', 'version': '::fruits', 'url': ' '}, {'name': 'registry', 'action': 'install', 'id': '8018911', 'version': '::docker', 'url': ' '}]}
08:44:15 INFO  State of operation 19133428 : PENDING
08:44:17 INFO  State of operation 19133428 : EXECUTING
08:44:19 INFO  State of operation 19133428 : EXECUTING
08:44:21 INFO  State of operation 19133428 : EXECUTING
08:44:24 INFO  State of operation 19133428 : EXECUTING
08:44:26 INFO  State of operation 19133428 : EXECUTING
08:44:29 INFO  State of operation 19133428 : EXECUTING
08:44:31 INFO  State of operation 19133428 : EXECUTING
08:44:34 INFO  State of operation 19133428 : EXECUTING
08:44:36 INFO  State of operation 19133428 : EXECUTING
08:44:38 INFO  State of operation 19133428 : EXECUTING
08:44:41 INFO  State of operation 19133428 : EXECUTING
08:44:43 INFO  State of operation 19133428 : EXECUTING
08:44:45 INFO  State of operation 19133428 : EXECUTING
08:44:47 INFO  State of operation 19133428 : EXECUTING
08:44:50 INFO  State of operation 19133428 : EXECUTING
08:44:52 INFO  State of operation 19133428 : EXECUTING
08:44:54 INFO  State of operation 19133428 : EXECUTING
08:44:57 INFO  State of operation 19133428 : EXECUTING
08:44:59 INFO  State of operation 19133428 : EXECUTING
08:45:01 INFO  State of operation 19133428 : EXECUTING
08:45:04 INFO  State of operation 19133428 : EXECUTING
08:45:06 INFO  State of operation 19133428 : EXECUTING
08:45:09 INFO  State of operation 19133428 : EXECUTING
08:45:11 INFO  State of operation 19133428 : EXECUTING
08:45:13 INFO  State of operation 19133428 : EXECUTING
08:45:16 INFO  State of operation 19133428 : SUCCESSFUL
08:45:16 INFO  Package apple is installed
08:45:16 INFO  Assert that (True == value) with value=True ... passed
08:45:16 INFO  Package banana is installed
08:45:16 INFO  Assert that (True == value) with value=True ... passed
08:45:17 INFO  Package cherry is installed
08:45:17 INFO  Assert that (True == value) with value=True ... passed
08:45:17 INFO  Package asciijump is installed
08:45:17 INFO  Assert that (True == value) with value=True ... passed
08:45:17 INFO  Package registry is installed
08:45:17 INFO  Assert that (True == value) with value=True ... passed
08:45:17 INFO  Response status: 201
08:45:17 INFO  Response to action: {
    &quot;delivery&quot;: {
        &quot;time&quot;: &quot;2022-05-16T08:45:17.707Z&quot;,
        &quot;log&quot;: [],
        &quot;status&quot;: &quot;PENDING&quot;
    },
    &quot;creationTime&quot;: &quot;2022-05-16T08:45:17.687Z&quot;,
    &quot;deviceId&quot;: &quot;19103173&quot;,
    &quot;deviceName&quot;: &quot;mythicc&quot;,
    &quot;self&quot;: &quot;https://t493319102.eu-latest.cumulocity.com/devicecontrol/operations/19133444&quot;,
    &quot;id&quot;: &quot;19133444&quot;,
    &quot;status&quot;: &quot;PENDING&quot;,
    &quot;description&quot;: &quot;Apply software changes, triggered from PySys: [{'action': 'delete', 'id': '5495053', 'name': 'apple', 'url': ' ', 'version': '::fruits'}, {'action': 'delete', 'id': '5494888', 'name': 'banana', 'url': ' ', 'version': '::fruits'}, {'action': 'delete', 'id': '5475369', 'name': 'asciijump', 'url': ' ', 'version': '::apt'}, {'action': 'delete', 'id': '5495382', 'name': 'cherry', 'url': ' ', 'version': '::fruits'}, {'action': 'delete', 'id': '8018911', 'name': 'registry', 'url': ' ', 'version': '::docker'}]&quot;,
    &quot;c8y_SoftwareUpdate&quot;: [
        {
            &quot;name&quot;: &quot;apple&quot;,
            &quot;action&quot;: &quot;delete&quot;,
            &quot;id&quot;: &quot;5495053&quot;,
            &quot;version&quot;: &quot;::fruits&quot;,
            &quot;url&quot;: &quot; &quot;
        },
        {
            &quot;name&quot;: &quot;banana&quot;,
            &quot;action&quot;: &quot;delete&quot;,
            &quot;id&quot;: &quot;5494888&quot;,
            &quot;version&quot;: &quot;::fruits&quot;,
            &quot;url&quot;: &quot; &quot;
        },
        {
            &quot;name&quot;: &quot;asciijump&quot;,
            &quot;action&quot;: &quot;delete&quot;,
            &quot;id&quot;: &quot;5475369&quot;,
            &quot;version&quot;: &quot;::apt&quot;,
            &quot;url&quot;: &quot; &quot;
        },
        {
            &quot;name&quot;: &quot;cherry&quot;,
            &quot;action&quot;: &quot;delete&quot;,
            &quot;id&quot;: &quot;5495382&quot;,
            &quot;version&quot;: &quot;::fruits&quot;,
            &quot;url&quot;: &quot; &quot;
        },
        {
            &quot;name&quot;: &quot;registry&quot;,
            &quot;action&quot;: &quot;delete&quot;,
            &quot;id&quot;: &quot;8018911&quot;,
            &quot;version&quot;: &quot;::docker&quot;,
            &quot;url&quot;: &quot; &quot;
        }
    ]
}
08:45:17 INFO  Started operation: {'delivery': {'time': '2022-05-16T08:45:17.707Z', 'log': [], 'status': 'PENDING'}, 'creationTime': '2022-05-16T08:45:17.687Z', 'deviceId': '19103173', 'deviceName': 'mythicc', 'self': 'https://t493319102.eu-latest.cumulocity.com/devicecontrol/operations/19133444', 'id': '19133444', 'status': 'PENDING', 'description': &quot;Apply software changes, triggered from PySys: [{'action': 'delete', 'id': '5495053', 'name': 'apple', 'url': ' ', 'version': '::fruits'}, {'action': 'delete', 'id': '5494888', 'name': 'banana', 'url': ' ', 'version': '::fruits'}, {'action': 'delete', 'id': '5475369', 'name': 'asciijump', 'url': ' ', 'version': '::apt'}, {'action': 'delete', 'id': '5495382', 'name': 'cherry', 'url': ' ', 'version': '::fruits'}, {'action': 'delete', 'id': '8018911', 'name': 'registry', 'url': ' ', 'version': '::docker'}]&quot;, 'c8y_SoftwareUpdate': [{'name': 'apple', 'action': 'delete', 'id': '5495053', 'version': '::fruits', 'url': ' '}, {'name': 'banana', 'action': 'delete', 'id': '5494888', 'version': '::fruits', 'url': ' '}, {'name': 'asciijump', 'action': 'delete', 'id': '5475369', 'version': '::apt', 'url': ' '}, {'name': 'cherry', 'action': 'delete', 'id': '5495382', 'version': '::fruits', 'url': ' '}, {'name': 'registry', 'action': 'delete', 'id': '8018911', 'version': '::docker', 'url': ' '}]}
08:45:19 INFO  State of operation 19133444 : PENDING
08:45:22 INFO  State of operation 19133444 : EXECUTING
08:45:24 INFO  State of operation 19133444 : EXECUTING
08:45:26 INFO  State of operation 19133444 : EXECUTING
08:45:28 INFO  State of operation 19133444 : EXECUTING
08:45:31 INFO  State of operation 19133444 : EXECUTING
08:45:34 INFO  State of operation 19133444 : EXECUTING
08:45:36 INFO  State of operation 19133444 : EXECUTING
08:45:39 INFO  State of operation 19133444 : EXECUTING
08:45:41 INFO  State of operation 19133444 : EXECUTING
08:45:43 INFO  State of operation 19133444 : EXECUTING
08:45:46 INFO  State of operation 19133444 : EXECUTING
08:45:48 INFO  State of operation 19133444 : EXECUTING
08:45:50 INFO  State of operation 19133444 : EXECUTING
08:45:52 INFO  State of operation 19133444 : EXECUTING
08:45:55 INFO  State of operation 19133444 : EXECUTING
08:45:58 INFO  State of operation 19133444 : EXECUTING
08:46:00 INFO  State of operation 19133444 : EXECUTING
08:46:02 INFO  State of operation 19133444 : EXECUTING
08:46:04 INFO  State of operation 19133444 : EXECUTING
08:46:07 INFO  State of operation 19133444 : EXECUTING
08:46:09 INFO  State of operation 19133444 : EXECUTING
08:46:11 INFO  State of operation 19133444 : EXECUTING
08:46:14 INFO  State of operation 19133444 : EXECUTING
08:46:16 INFO  State of operation 19133444 : EXECUTING
08:46:18 INFO  State of operation 19133444 : EXECUTING
08:46:21 INFO  State of operation 19133444 : EXECUTING
08:46:23 INFO  State of operation 19133444 : EXECUTING
08:46:25 INFO  State of operation 19133444 : EXECUTING
08:46:28 INFO  State of operation 19133444 : EXECUTING
08:46:30 INFO  State of operation 19133444 : EXECUTING
08:46:32 INFO  State of operation 19133444 : SUCCESSFUL
08:46:32 INFO  Package apple is installed
08:46:32 INFO  Assert that (True == value) with value=True ... passed
08:46:33 INFO  Package banana is installed
08:46:33 INFO  Assert that (True == value) with value=True ... passed
08:46:33 INFO  Package cherry is installed
08:46:33 INFO  Assert that (True == value) with value=True ... passed
08:46:33 INFO  Assert that (False == value) with value=False ... passed
08:46:33 INFO  Assert that (False == value) with value=False ... passed
08:46:33 INFO  
08:46:33 INFO  cleanup:
08:46:39 INFO  Executed sudo&lt;tedge_disconnect_c8y&gt;, exit status 0
08:46:39 INFO  Executed systemctl&lt;serv_mapper5&gt;, exit status 3
08:46:39 INFO  
08:46:39 INFO  Test duration: 173.14 secs
08:46:39 INFO  Test final outcome:  FAILED
08:46:39 INFO  Test outcome reason: Assert that (False == value) with value=True
08:46:39 INFO  
</system-out>
	</testcase>
</testsuite>
