<?xml version="1.0" encoding="utf-8"?>
<testsuite failures="0" name="SoftwareManagement.Plugin.apama_plugin_update" skipped="1" tests="1" time="0.05" timestamp="2022-05-09T08:01:55">
	<testcase classname="ApamaPluginUpdateTest" name="SoftwareManagement.Plugin.apama_plugin_update">
		<skipped message="SKIPPED: Test execution disabled due to #1052"/>
		<system-out>08:01:55 INFO  ==============================================================
08:01:55 INFO  Id:    SoftwareManagement.Plugin.apama_plugin_update
08:01:55 INFO  Dir:   plugin_apama/
08:01:55 INFO  Title: Validate apama plugin updating one project with another
08:01:55 INFO  ==============================================================
08:01:55 INFO  Test execution disabled due to #1052 ... skipped
08:01:55 INFO  
08:01:55 INFO  Test duration: 0.05 secs
08:01:55 INFO  Test final outcome:  SKIPPED
08:01:55 INFO  Test outcome reason: Test execution disabled due to #1052
08:01:55 INFO  
</system-out>
	</testcase>
</testsuite>
