<?xml version="1.0" encoding="utf-8"?>
<testsuite failures="1" name="SoftwareManagement.sm_apt_install_remove_multiple" skipped="0" tests="1" time="142.6" timestamp="2022-05-10T20:40:46">
	<testcase classname="PySysTest" name="SoftwareManagement.sm_apt_install_remove_multiple">
		<failure message="FAILED: Assert that (False == value) with value=True (+2 other failures)" type="FAILED"/>
		<system-out>20:38:23 INFO  ==============================================================
20:38:23 INFO  Id:    SoftwareManagement.sm_apt_install_remove_multiple
20:38:23 INFO  Dir:   software_management_end_to_end/
20:38:23 INFO  Title: Validate end to end behaviour for the apt plugin for multiple packages
20:38:23 INFO  ==============================================================
20:38:23 INFO  Using sw id database: {'asciijump': '5475369', 'robotfindskitten': '5474869', 'squirrel3': '5475279', 'rolldice': '5152439', 'moon-buggy': '5439204', 'apple': '5495053', 'banana': '5494888', 'cherry': '5495382', 'watermelon': '5494510', 'registry': '8018911', 'hello-world': '8021526', 'docker/getting-started': '8021973', 'alpine': '7991792'}
20:38:23 INFO  EnvironmentC8y Setup
20:38:24 INFO  Executed systemctl&lt;serv_mapper1&gt;, exit status 3
20:38:24 INFO  Restarting mosquitto too frequently in the last 10 seconds. It was only up for 4 seconds
20:38:24 INFO  Delaying execution by 7 seconds
20:38:45 INFO  Executed sudo&lt;tedge_connect_c8y&gt;, exit status 0, duration 14 secs
20:38:46 INFO  Executed sudo&lt;tedge_connect_c8y_test&gt;, exit status 0
20:38:46 INFO  Executed systemctl&lt;serv_mosq2&gt;, exit status 0
20:38:47 INFO  Executed systemctl&lt;serv_mapper3&gt;, exit status 0
20:38:49 INFO  State of current operation: SUCCESSFUL
20:38:49 INFO  Assert that (False == value) with value=False ... passed
20:38:49 INFO  Package asciijump is installed
20:38:49 WARN  Assert that (False == value) with value=True ... failed 
20:38:50 INFO  Package squirrel3 is installed
20:38:50 WARN  Assert that (False == value) with value=True ... failed 
20:38:50 INFO  Package robotfindskitten is installed
20:38:50 WARN  Assert that (False == value) with value=True ... failed 
20:38:50 INFO  Response status: 201
20:38:50 INFO  Response to action: {
    &quot;creationTime&quot;: &quot;2022-05-10T20:38:50.624Z&quot;,
    &quot;deviceName&quot;: &quot;mythicc&quot;,
    &quot;deviceId&quot;: &quot;18732225&quot;,
    &quot;self&quot;: &quot;https://t493319102.eu-latest.cumulocity.com/devicecontrol/operations/18751861&quot;,
    &quot;id&quot;: &quot;18751861&quot;,
    &quot;status&quot;: &quot;PENDING&quot;,
    &quot;description&quot;: &quot;Apply software changes, triggered from PySys: [{'action': 'install', 'id': '5475369', 'name': 'asciijump', 'url': ' ', 'version': '::apt'}, {'action': 'install', 'id': '5474869', 'name': 'robotfindskitten', 'url': ' ', 'version': '::apt'}, {'action': 'install', 'id': '5475279', 'name': 'squirrel3', 'url': ' ', 'version': '::apt'}]&quot;,
    &quot;c8y_SoftwareUpdate&quot;: [
        {
            &quot;name&quot;: &quot;asciijump&quot;,
            &quot;action&quot;: &quot;install&quot;,
            &quot;id&quot;: &quot;5475369&quot;,
            &quot;version&quot;: &quot;::apt&quot;,
            &quot;url&quot;: &quot; &quot;
        },
        {
            &quot;name&quot;: &quot;robotfindskitten&quot;,
            &quot;action&quot;: &quot;install&quot;,
            &quot;id&quot;: &quot;5474869&quot;,
            &quot;version&quot;: &quot;::apt&quot;,
            &quot;url&quot;: &quot; &quot;
        },
        {
            &quot;name&quot;: &quot;squirrel3&quot;,
            &quot;action&quot;: &quot;install&quot;,
            &quot;id&quot;: &quot;5475279&quot;,
            &quot;version&quot;: &quot;::apt&quot;,
            &quot;url&quot;: &quot; &quot;
        }
    ]
}
20:38:50 INFO  Started operation: {'creationTime': '2022-05-10T20:38:50.624Z', 'deviceName': 'mythicc', 'deviceId': '18732225', 'self': 'https://t493319102.eu-latest.cumulocity.com/devicecontrol/operations/18751861', 'id': '18751861', 'status': 'PENDING', 'description': &quot;Apply software changes, triggered from PySys: [{'action': 'install', 'id': '5475369', 'name': 'asciijump', 'url': ' ', 'version': '::apt'}, {'action': 'install', 'id': '5474869', 'name': 'robotfindskitten', 'url': ' ', 'version': '::apt'}, {'action': 'install', 'id': '5475279', 'name': 'squirrel3', 'url': ' ', 'version': '::apt'}]&quot;, 'c8y_SoftwareUpdate': [{'name': 'asciijump', 'action': 'install', 'id': '5475369', 'version': '::apt', 'url': ' '}, {'name': 'robotfindskitten', 'action': 'install', 'id': '5474869', 'version': '::apt', 'url': ' '}, {'name': 'squirrel3', 'action': 'install', 'id': '5475279', 'version': '::apt', 'url': ' '}]}
20:38:52 INFO  State of operation 18751861 : PENDING
20:38:55 INFO  State of operation 18751861 : EXECUTING
20:38:57 INFO  State of operation 18751861 : EXECUTING
20:38:59 INFO  State of operation 18751861 : EXECUTING
20:39:01 INFO  State of operation 18751861 : EXECUTING
20:39:04 INFO  State of operation 18751861 : EXECUTING
20:39:06 INFO  State of operation 18751861 : EXECUTING
20:39:11 INFO  State of operation 18751861 : EXECUTING
20:39:13 INFO  State of operation 18751861 : EXECUTING
20:39:15 INFO  State of operation 18751861 : EXECUTING
20:39:17 INFO  State of operation 18751861 : EXECUTING
20:39:20 INFO  State of operation 18751861 : EXECUTING
20:39:22 INFO  State of operation 18751861 : EXECUTING
20:39:24 INFO  State of operation 18751861 : EXECUTING
20:39:26 INFO  State of operation 18751861 : EXECUTING
20:39:28 INFO  State of operation 18751861 : SUCCESSFUL
20:39:29 INFO  Assert that (False == value) with value=False ... passed
20:39:29 INFO  Package asciijump is installed
20:39:29 INFO  Assert that (True == value) with value=True ... passed
20:39:29 INFO  Package squirrel3 is installed
20:39:29 INFO  Assert that (True == value) with value=True ... passed
20:39:29 INFO  Package robotfindskitten is installed
20:39:29 INFO  Assert that (True == value) with value=True ... passed
20:39:30 INFO  Response status: 201
20:39:30 INFO  Response to action: {
    &quot;creationTime&quot;: &quot;2022-05-10T20:39:30.184Z&quot;,
    &quot;deviceName&quot;: &quot;mythicc&quot;,
    &quot;deviceId&quot;: &quot;18732225&quot;,
    &quot;self&quot;: &quot;https://t493319102.eu-latest.cumulocity.com/devicecontrol/operations/18751877&quot;,
    &quot;id&quot;: &quot;18751877&quot;,
    &quot;status&quot;: &quot;PENDING&quot;,
    &quot;description&quot;: &quot;Apply software changes, triggered from PySys: [{'action': 'delete', 'id': '5475369', 'name': 'asciijump', 'url': ' ', 'version': '::apt'}, {'action': 'delete', 'id': '5474869', 'name': 'robotfindskitten', 'url': ' ', 'version': '::apt'}, {'action': 'delete', 'id': '5475279', 'name': 'squirrel3', 'url': ' ', 'version': '::apt'}]&quot;,
    &quot;c8y_SoftwareUpdate&quot;: [
        {
            &quot;name&quot;: &quot;asciijump&quot;,
            &quot;action&quot;: &quot;delete&quot;,
            &quot;id&quot;: &quot;5475369&quot;,
            &quot;version&quot;: &quot;::apt&quot;,
            &quot;url&quot;: &quot; &quot;
        },
        {
            &quot;name&quot;: &quot;robotfindskitten&quot;,
            &quot;action&quot;: &quot;delete&quot;,
            &quot;id&quot;: &quot;5474869&quot;,
            &quot;version&quot;: &quot;::apt&quot;,
            &quot;url&quot;: &quot; &quot;
        },
        {
            &quot;name&quot;: &quot;squirrel3&quot;,
            &quot;action&quot;: &quot;delete&quot;,
            &quot;id&quot;: &quot;5475279&quot;,
            &quot;version&quot;: &quot;::apt&quot;,
            &quot;url&quot;: &quot; &quot;
        }
    ]
}
20:39:30 INFO  Started operation: {'creationTime': '2022-05-10T20:39:30.184Z', 'deviceName': 'mythicc', 'deviceId': '18732225', 'self': 'https://t493319102.eu-latest.cumulocity.com/devicecontrol/operations/18751877', 'id': '18751877', 'status': 'PENDING', 'description': &quot;Apply software changes, triggered from PySys: [{'action': 'delete', 'id': '5475369', 'name': 'asciijump', 'url': ' ', 'version': '::apt'}, {'action': 'delete', 'id': '5474869', 'name': 'robotfindskitten', 'url': ' ', 'version': '::apt'}, {'action': 'delete', 'id': '5475279', 'name': 'squirrel3', 'url': ' ', 'version': '::apt'}]&quot;, 'c8y_SoftwareUpdate': [{'name': 'asciijump', 'action': 'delete', 'id': '5475369', 'version': '::apt', 'url': ' '}, {'name': 'robotfindskitten', 'action': 'delete', 'id': '5474869', 'version': '::apt', 'url': ' '}, {'name': 'squirrel3', 'action': 'delete', 'id': '5475279', 'version': '::apt', 'url': ' '}]}
20:39:32 INFO  State of operation 18751877 : PENDING
20:39:34 INFO  State of operation 18751877 : EXECUTING
20:39:36 INFO  State of operation 18751877 : EXECUTING
20:39:39 INFO  State of operation 18751877 : EXECUTING
20:39:41 INFO  State of operation 18751877 : EXECUTING
20:39:43 INFO  State of operation 18751877 : EXECUTING
20:39:46 INFO  State of operation 18751877 : EXECUTING
20:39:48 INFO  State of operation 18751877 : EXECUTING
20:39:51 INFO  State of operation 18751877 : EXECUTING
20:39:53 INFO  State of operation 18751877 : EXECUTING
20:39:55 INFO  State of operation 18751877 : EXECUTING
20:39:58 INFO  State of operation 18751877 : EXECUTING
20:40:00 INFO  State of operation 18751877 : EXECUTING
20:40:02 INFO  State of operation 18751877 : EXECUTING
20:40:04 INFO  State of operation 18751877 : EXECUTING
20:40:07 INFO  State of operation 18751877 : EXECUTING
20:40:09 INFO  State of operation 18751877 : EXECUTING
20:40:11 INFO  State of operation 18751877 : EXECUTING
20:40:15 INFO  State of operation 18751877 : EXECUTING
20:40:17 INFO  State of operation 18751877 : EXECUTING
20:40:19 INFO  State of operation 18751877 : EXECUTING
20:40:21 INFO  State of operation 18751877 : EXECUTING
20:40:24 INFO  State of operation 18751877 : EXECUTING
20:40:26 INFO  State of operation 18751877 : EXECUTING
20:40:28 INFO  State of operation 18751877 : EXECUTING
20:40:31 INFO  State of operation 18751877 : EXECUTING
20:40:33 INFO  State of operation 18751877 : EXECUTING
20:40:36 INFO  State of operation 18751877 : EXECUTING
20:40:38 INFO  State of operation 18751877 : EXECUTING
20:40:40 INFO  State of operation 18751877 : SUCCESSFUL
20:40:40 INFO  Assert that (False == value) with value=False ... passed
20:40:41 INFO  Assert that (False == value) with value=False ... passed
20:40:41 INFO  Assert that (False == value) with value=False ... passed
20:40:41 INFO  Assert that (False == value) with value=False ... passed
20:40:41 INFO  
20:40:41 INFO  cleanup:
20:40:45 INFO  Executed sudo&lt;tedge_disconnect_c8y&gt;, exit status 0
20:40:46 INFO  Executed systemctl&lt;serv_mapper5&gt;, exit status 3
20:40:46 INFO  
20:40:46 INFO  Test duration: 142.60 secs
20:40:46 INFO  Test final outcome:  FAILED
20:40:46 INFO  Test outcome reason: Assert that (False == value) with value=True (+2 other failures)
20:40:46 INFO  
</system-out>
	</testcase>
</testsuite>
