<?xml version="1.0" encoding="utf-8"?>
<testsuite failures="1" name="SoftwareManagement.sm_apt_install_download_path" skipped="0" tests="1" time="188.36" timestamp="2022-04-19T14:35:22">
	<testcase classname="AptInstallWithDownloadPath" name="SoftwareManagement.sm_apt_install_download_path">
		<failure message="BLOCKED: SystemError: Timeout while waiting for status FAILED or SUCCESSFUL" type="BLOCKED"/>
		<system-out>14:32:14 INFO  ==============================================================
14:32:14 INFO  Id:    SoftwareManagement.sm_apt_install_download_path
14:32:14 INFO  Dir:   software_management_end_to_end/
14:32:14 INFO  Title: Install package to directory specified in tedge config set tmp.path
14:32:14 INFO  ==============================================================
14:32:15 INFO  Using sw id database: {'asciijump': '5475369', 'robotfindskitten': '5474869', 'squirrel3': '5475279', 'rolldice': '5152439', 'moon-buggy': '5439204', 'apple': '5495053', 'banana': '5494888', 'cherry': '5495382', 'watermelon': '5494510', 'registry': '8018911', 'hello-world': '8021526', 'docker/getting-started': '8021973', 'alpine': '7991792'}
14:32:15 INFO  EnvironmentC8y Setup
14:32:15 INFO  Executed systemctl&lt;serv_mapper1&gt;, exit status 3
14:32:30 INFO  Executed sudo&lt;tedge_connect_c8y&gt;, exit status 0, duration 14 secs
14:32:31 INFO  Executed sudo&lt;tedge_connect_c8y_test&gt;, exit status 0
14:32:31 INFO  Executed systemctl&lt;serv_mosq2&gt;, exit status 0
14:32:32 INFO  Executed systemctl&lt;serv_mapper3&gt;, exit status 0
14:32:34 INFO  State of current operation: PENDING
14:32:36 INFO  State of current operation: PENDING
14:32:38 INFO  State of current operation: PENDING
14:32:41 INFO  State of current operation: PENDING
14:32:43 INFO  State of current operation: PENDING
14:32:45 INFO  State of current operation: PENDING
14:32:47 INFO  State of current operation: PENDING
14:32:49 INFO  State of current operation: PENDING
14:32:52 INFO  State of current operation: PENDING
14:32:54 INFO  State of current operation: PENDING
14:32:56 INFO  State of current operation: PENDING
14:32:58 INFO  State of current operation: PENDING
14:33:01 INFO  State of current operation: PENDING
14:33:03 INFO  State of current operation: PENDING
14:33:05 INFO  State of current operation: PENDING
14:33:07 INFO  State of current operation: PENDING
14:33:10 INFO  State of current operation: PENDING
14:33:12 INFO  State of current operation: PENDING
14:33:14 INFO  State of current operation: PENDING
14:33:16 INFO  State of current operation: PENDING
14:33:18 INFO  State of current operation: PENDING
14:33:21 INFO  State of current operation: PENDING
14:33:23 INFO  State of current operation: PENDING
14:33:25 INFO  State of current operation: PENDING
14:33:27 INFO  State of current operation: PENDING
14:33:30 INFO  State of current operation: PENDING
14:33:32 INFO  State of current operation: PENDING
14:33:34 INFO  State of current operation: PENDING
14:33:36 INFO  State of current operation: PENDING
14:33:39 INFO  State of current operation: PENDING
14:33:41 INFO  State of current operation: PENDING
14:33:43 INFO  State of current operation: PENDING
14:33:45 INFO  State of current operation: PENDING
14:33:48 INFO  State of current operation: PENDING
14:33:50 INFO  State of current operation: PENDING
14:33:52 INFO  State of current operation: PENDING
14:33:54 INFO  State of current operation: PENDING
14:33:56 INFO  State of current operation: PENDING
14:33:59 INFO  State of current operation: PENDING
14:34:01 INFO  State of current operation: PENDING
14:34:03 INFO  State of current operation: PENDING
14:34:05 INFO  State of current operation: PENDING
14:34:08 INFO  State of current operation: PENDING
14:34:10 INFO  State of current operation: PENDING
14:34:12 INFO  State of current operation: PENDING
14:34:14 INFO  State of current operation: PENDING
14:34:17 INFO  State of current operation: PENDING
14:34:19 INFO  State of current operation: PENDING
14:34:21 INFO  State of current operation: PENDING
14:34:23 INFO  State of current operation: PENDING
14:34:25 INFO  State of current operation: PENDING
14:34:28 INFO  State of current operation: PENDING
14:34:30 INFO  State of current operation: PENDING
14:34:32 INFO  State of current operation: PENDING
14:34:34 INFO  State of current operation: PENDING
14:34:37 INFO  State of current operation: PENDING
14:34:39 INFO  State of current operation: PENDING
14:34:41 INFO  State of current operation: PENDING
14:34:43 INFO  State of current operation: PENDING
14:34:45 INFO  State of current operation: PENDING
14:34:48 INFO  State of current operation: PENDING
14:34:50 WARN  SystemError occurred while running test - Timeout while waiting for status FAILED or SUCCESSFUL
Traceback (most recent call last):
  File &quot;/home/pi/env-pysys/lib/python3.7/site-packages/pysys/baserunner.py&quot;, line 1292, in __call__
    self.testObj.setup()
  File &quot;/home/pi/actions-runner/_work/thin-edge.io/thin-edge.io/tests/PySys/software_management_end_to_end/sm_apt_install_download_path/run.py&quot;, line 48, in setup
    super().setup()
  File &quot;/home/pi/actions-runner/_work/thin-edge.io/thin-edge.io/tests/PySys/software_management_end_to_end/environment_sm_management.py&quot;, line 151, in setup
    self.wait_until_end()
  File &quot;/home/pi/actions-runner/_work/thin-edge.io/thin-edge.io/tests/PySys/software_management_end_to_end/environment_sm_management.py&quot;, line 332, in wait_until_end
    self.wait_until_status(&quot;FAILED&quot;, &quot;SUCCESSFUL&quot;)
  File &quot;/home/pi/actions-runner/_work/thin-edge.io/thin-edge.io/tests/PySys/software_management_end_to_end/environment_sm_management.py&quot;, line 381, in wait_until_status
    &quot;Timeout while waiting for status %s or %s&quot; % (status, status2)
SystemError: Timeout while waiting for status FAILED or SUCCESSFUL
14:34:50 WARN  SystemError: Timeout while waiting for status FAILED or SUCCESSFUL ... blocked 
14:34:50 INFO  
14:34:50 INFO  cleanup:
14:34:50 INFO  Executed sudo, exit status 0
14:34:51 INFO  Executed sudo, exit status 0
14:34:55 INFO  Executed sudo&lt;tedge_disconnect_c8y&gt;, exit status 0
14:34:55 INFO  Restarting mosquitto too frequently in the last 10 seconds. It was only up for 3 seconds
14:34:55 INFO  Delaying execution by 8 seconds
14:35:17 INFO  Executed sudo&lt;tedge_connect_c8y&gt;, exit status 0, duration 14 secs
14:35:21 INFO  Executed sudo&lt;tedge_disconnect_c8y&gt;, exit status 0
14:35:22 INFO  Executed systemctl&lt;serv_mapper5&gt;, exit status 3
14:35:22 INFO  
14:35:22 INFO  Test duration: 188.36 secs
14:35:22 INFO  Test final outcome:  BLOCKED
14:35:22 INFO  Test outcome reason: SystemError: Timeout while waiting for status FAILED or SUCCESSFUL
14:35:22 INFO  
</system-out>
	</testcase>
</testsuite>
