<?xml version="1.0" encoding="utf-8"?>
<testsuite failures="1" name="SoftwareManagement.sm_apt_install_remove_multiple" skipped="0" tests="1" time="141.45" timestamp="2022-04-28T16:39:01">
	<testcase classname="PySysTest" name="SoftwareManagement.sm_apt_install_remove_multiple">
		<failure message="FAILED: Assert that (False == value) with value=True (+2 other failures)" type="FAILED"/>
		<system-out>16:36:40 INFO  ==============================================================
16:36:40 INFO  Id:    SoftwareManagement.sm_apt_install_remove_multiple
16:36:40 INFO  Dir:   software_management_end_to_end/
16:36:40 INFO  Title: Validate end to end behaviour for the apt plugin for multiple packages
16:36:40 INFO  ==============================================================
16:36:40 INFO  Using sw id database: {'asciijump': '5475369', 'robotfindskitten': '5474869', 'squirrel3': '5475279', 'rolldice': '5152439', 'moon-buggy': '5439204', 'apple': '5495053', 'banana': '5494888', 'cherry': '5495382', 'watermelon': '5494510', 'registry': '8018911', 'hello-world': '8021526', 'docker/getting-started': '8021973', 'alpine': '7991792'}
16:36:40 INFO  EnvironmentC8y Setup
16:36:40 INFO  Executed systemctl&lt;serv_mapper1&gt;, exit status 3
16:36:40 INFO  Restarting mosquitto too frequently in the last 10 seconds. It was only up for 4 seconds
16:36:40 INFO  Delaying execution by 7 seconds
16:37:01 INFO  Executed sudo&lt;tedge_connect_c8y&gt;, exit status 0, duration 14 secs
16:37:02 INFO  Executed sudo&lt;tedge_connect_c8y_test&gt;, exit status 0
16:37:03 INFO  Executed systemctl&lt;serv_mosq2&gt;, exit status 0
16:37:03 INFO  Executed systemctl&lt;serv_mapper3&gt;, exit status 0
16:37:05 INFO  State of current operation: SUCCESSFUL
16:37:06 INFO  Assert that (False == value) with value=False ... passed
16:37:06 INFO  Package asciijump is installed
16:37:06 WARN  Assert that (False == value) with value=True ... failed 
16:37:06 INFO  Package squirrel3 is installed
16:37:06 WARN  Assert that (False == value) with value=True ... failed 
16:37:07 INFO  Package robotfindskitten is installed
16:37:07 WARN  Assert that (False == value) with value=True ... failed 
16:37:07 INFO  Response status: 201
16:37:07 INFO  Response to action: {
    &quot;creationTime&quot;: &quot;2022-04-28T16:37:07.385Z&quot;,
    &quot;deviceName&quot;: &quot;mythicc&quot;,
    &quot;deviceId&quot;: &quot;17913167&quot;,
    &quot;self&quot;: &quot;https://t493319102.eu-latest.cumulocity.com/devicecontrol/operations/17923693&quot;,
    &quot;id&quot;: &quot;17923693&quot;,
    &quot;status&quot;: &quot;PENDING&quot;,
    &quot;description&quot;: &quot;Apply software changes, triggered from PySys: [{'action': 'install', 'id': '5475369', 'name': 'asciijump', 'url': ' ', 'version': '::apt'}, {'action': 'install', 'id': '5474869', 'name': 'robotfindskitten', 'url': ' ', 'version': '::apt'}, {'action': 'install', 'id': '5475279', 'name': 'squirrel3', 'url': ' ', 'version': '::apt'}]&quot;,
    &quot;c8y_SoftwareUpdate&quot;: [
        {
            &quot;name&quot;: &quot;asciijump&quot;,
            &quot;action&quot;: &quot;install&quot;,
            &quot;id&quot;: &quot;5475369&quot;,
            &quot;version&quot;: &quot;::apt&quot;,
            &quot;url&quot;: &quot; &quot;
        },
        {
            &quot;name&quot;: &quot;robotfindskitten&quot;,
            &quot;action&quot;: &quot;install&quot;,
            &quot;id&quot;: &quot;5474869&quot;,
            &quot;version&quot;: &quot;::apt&quot;,
            &quot;url&quot;: &quot; &quot;
        },
        {
            &quot;name&quot;: &quot;squirrel3&quot;,
            &quot;action&quot;: &quot;install&quot;,
            &quot;id&quot;: &quot;5475279&quot;,
            &quot;version&quot;: &quot;::apt&quot;,
            &quot;url&quot;: &quot; &quot;
        }
    ]
}
16:37:07 INFO  Started operation: {'creationTime': '2022-04-28T16:37:07.385Z', 'deviceName': 'mythicc', 'deviceId': '17913167', 'self': 'https://t493319102.eu-latest.cumulocity.com/devicecontrol/operations/17923693', 'id': '17923693', 'status': 'PENDING', 'description': &quot;Apply software changes, triggered from PySys: [{'action': 'install', 'id': '5475369', 'name': 'asciijump', 'url': ' ', 'version': '::apt'}, {'action': 'install', 'id': '5474869', 'name': 'robotfindskitten', 'url': ' ', 'version': '::apt'}, {'action': 'install', 'id': '5475279', 'name': 'squirrel3', 'url': ' ', 'version': '::apt'}]&quot;, 'c8y_SoftwareUpdate': [{'name': 'asciijump', 'action': 'install', 'id': '5475369', 'version': '::apt', 'url': ' '}, {'name': 'robotfindskitten', 'action': 'install', 'id': '5474869', 'version': '::apt', 'url': ' '}, {'name': 'squirrel3', 'action': 'install', 'id': '5475279', 'version': '::apt', 'url': ' '}]}
16:37:09 INFO  State of operation 17923693 : PENDING
16:37:11 INFO  State of operation 17923693 : EXECUTING
16:37:14 INFO  State of operation 17923693 : EXECUTING
16:37:16 INFO  State of operation 17923693 : EXECUTING
16:37:18 INFO  State of operation 17923693 : EXECUTING
16:37:20 INFO  State of operation 17923693 : EXECUTING
16:37:23 INFO  State of operation 17923693 : EXECUTING
16:37:26 INFO  State of operation 17923693 : EXECUTING
16:37:29 INFO  State of operation 17923693 : EXECUTING
16:37:31 INFO  State of operation 17923693 : EXECUTING
16:37:34 INFO  State of operation 17923693 : EXECUTING
16:37:36 INFO  State of operation 17923693 : EXECUTING
16:37:38 INFO  State of operation 17923693 : EXECUTING
16:37:40 INFO  State of operation 17923693 : EXECUTING
16:37:43 INFO  State of operation 17923693 : EXECUTING
16:37:45 INFO  State of operation 17923693 : SUCCESSFUL
16:37:45 INFO  Assert that (False == value) with value=False ... passed
16:37:45 INFO  Package asciijump is installed
16:37:45 INFO  Assert that (True == value) with value=True ... passed
16:37:45 INFO  Package squirrel3 is installed
16:37:45 INFO  Assert that (True == value) with value=True ... passed
16:37:46 INFO  Package robotfindskitten is installed
16:37:46 INFO  Assert that (True == value) with value=True ... passed
16:37:46 INFO  Response status: 201
16:37:46 INFO  Response to action: {
    &quot;creationTime&quot;: &quot;2022-04-28T16:37:46.363Z&quot;,
    &quot;deviceName&quot;: &quot;mythicc&quot;,
    &quot;deviceId&quot;: &quot;17913167&quot;,
    &quot;self&quot;: &quot;https://t493319102.eu-latest.cumulocity.com/devicecontrol/operations/17923701&quot;,
    &quot;id&quot;: &quot;17923701&quot;,
    &quot;status&quot;: &quot;PENDING&quot;,
    &quot;description&quot;: &quot;Apply software changes, triggered from PySys: [{'action': 'delete', 'id': '5475369', 'name': 'asciijump', 'url': ' ', 'version': '::apt'}, {'action': 'delete', 'id': '5474869', 'name': 'robotfindskitten', 'url': ' ', 'version': '::apt'}, {'action': 'delete', 'id': '5475279', 'name': 'squirrel3', 'url': ' ', 'version': '::apt'}]&quot;,
    &quot;c8y_SoftwareUpdate&quot;: [
        {
            &quot;name&quot;: &quot;asciijump&quot;,
            &quot;action&quot;: &quot;delete&quot;,
            &quot;id&quot;: &quot;5475369&quot;,
            &quot;version&quot;: &quot;::apt&quot;,
            &quot;url&quot;: &quot; &quot;
        },
        {
            &quot;name&quot;: &quot;robotfindskitten&quot;,
            &quot;action&quot;: &quot;delete&quot;,
            &quot;id&quot;: &quot;5474869&quot;,
            &quot;version&quot;: &quot;::apt&quot;,
            &quot;url&quot;: &quot; &quot;
        },
        {
            &quot;name&quot;: &quot;squirrel3&quot;,
            &quot;action&quot;: &quot;delete&quot;,
            &quot;id&quot;: &quot;5475279&quot;,
            &quot;version&quot;: &quot;::apt&quot;,
            &quot;url&quot;: &quot; &quot;
        }
    ]
}
16:37:46 INFO  Started operation: {'creationTime': '2022-04-28T16:37:46.363Z', 'deviceName': 'mythicc', 'deviceId': '17913167', 'self': 'https://t493319102.eu-latest.cumulocity.com/devicecontrol/operations/17923701', 'id': '17923701', 'status': 'PENDING', 'description': &quot;Apply software changes, triggered from PySys: [{'action': 'delete', 'id': '5475369', 'name': 'asciijump', 'url': ' ', 'version': '::apt'}, {'action': 'delete', 'id': '5474869', 'name': 'robotfindskitten', 'url': ' ', 'version': '::apt'}, {'action': 'delete', 'id': '5475279', 'name': 'squirrel3', 'url': ' ', 'version': '::apt'}]&quot;, 'c8y_SoftwareUpdate': [{'name': 'asciijump', 'action': 'delete', 'id': '5475369', 'version': '::apt', 'url': ' '}, {'name': 'robotfindskitten', 'action': 'delete', 'id': '5474869', 'version': '::apt', 'url': ' '}, {'name': 'squirrel3', 'action': 'delete', 'id': '5475279', 'version': '::apt', 'url': ' '}]}
16:37:48 INFO  State of operation 17923701 : PENDING
16:37:50 INFO  State of operation 17923701 : EXECUTING
16:37:53 INFO  State of operation 17923701 : EXECUTING
16:37:55 INFO  State of operation 17923701 : EXECUTING
16:37:57 INFO  State of operation 17923701 : EXECUTING
16:37:59 INFO  State of operation 17923701 : EXECUTING
16:38:02 INFO  State of operation 17923701 : EXECUTING
16:38:05 INFO  State of operation 17923701 : EXECUTING
16:38:07 INFO  State of operation 17923701 : EXECUTING
16:38:09 INFO  State of operation 17923701 : EXECUTING
16:38:11 INFO  State of operation 17923701 : EXECUTING
16:38:14 INFO  State of operation 17923701 : EXECUTING
16:38:16 INFO  State of operation 17923701 : EXECUTING
16:38:18 INFO  State of operation 17923701 : EXECUTING
16:38:20 INFO  State of operation 17923701 : EXECUTING
16:38:23 INFO  State of operation 17923701 : EXECUTING
16:38:25 INFO  State of operation 17923701 : EXECUTING
16:38:28 INFO  State of operation 17923701 : EXECUTING
16:38:30 INFO  State of operation 17923701 : EXECUTING
16:38:33 INFO  State of operation 17923701 : EXECUTING
16:38:35 INFO  State of operation 17923701 : EXECUTING
16:38:37 INFO  State of operation 17923701 : EXECUTING
16:38:39 INFO  State of operation 17923701 : EXECUTING
16:38:42 INFO  State of operation 17923701 : EXECUTING
16:38:44 INFO  State of operation 17923701 : EXECUTING
16:38:47 INFO  State of operation 17923701 : EXECUTING
16:38:49 INFO  State of operation 17923701 : EXECUTING
16:38:51 INFO  State of operation 17923701 : EXECUTING
16:38:53 INFO  State of operation 17923701 : EXECUTING
16:38:56 INFO  State of operation 17923701 : SUCCESSFUL
16:38:56 INFO  Assert that (False == value) with value=False ... passed
16:38:56 INFO  Assert that (False == value) with value=False ... passed
16:38:56 INFO  Assert that (False == value) with value=False ... passed
16:38:56 INFO  Assert that (False == value) with value=False ... passed
16:38:56 INFO  
16:38:56 INFO  cleanup:
16:39:01 INFO  Executed sudo&lt;tedge_disconnect_c8y&gt;, exit status 0
16:39:01 INFO  Executed systemctl&lt;serv_mapper5&gt;, exit status 3
16:39:01 INFO  
16:39:01 INFO  Test duration: 141.45 secs
16:39:01 INFO  Test final outcome:  FAILED
16:39:01 INFO  Test outcome reason: Assert that (False == value) with value=True (+2 other failures)
16:39:01 INFO  
</system-out>
	</testcase>
</testsuite>
