<?xml version="1.0" encoding="utf-8"?>
<testsuite failures="1" name="SoftwareManagement.sm_apt_install_remove_multiple" skipped="0" tests="1" time="141.77" timestamp="2022-04-29T10:20:07">
	<testcase classname="PySysTest" name="SoftwareManagement.sm_apt_install_remove_multiple">
		<failure message="FAILED: Assert that (False == value) with value=True (+2 other failures)" type="FAILED"/>
		<system-out>10:17:45 INFO  ==============================================================
10:17:45 INFO  Id:    SoftwareManagement.sm_apt_install_remove_multiple
10:17:45 INFO  Dir:   software_management_end_to_end/
10:17:45 INFO  Title: Validate end to end behaviour for the apt plugin for multiple packages
10:17:45 INFO  ==============================================================
10:17:45 INFO  Using sw id database: {'asciijump': '5475369', 'robotfindskitten': '5474869', 'squirrel3': '5475279', 'rolldice': '5152439', 'moon-buggy': '5439204', 'apple': '5495053', 'banana': '5494888', 'cherry': '5495382', 'watermelon': '5494510', 'registry': '8018911', 'hello-world': '8021526', 'docker/getting-started': '8021973', 'alpine': '7991792'}
10:17:45 INFO  EnvironmentC8y Setup
10:17:46 INFO  Executed systemctl&lt;serv_mapper1&gt;, exit status 3
10:17:46 INFO  Restarting mosquitto too frequently in the last 10 seconds. It was only up for 4 seconds
10:17:46 INFO  Delaying execution by 7 seconds
10:18:08 INFO  Executed sudo&lt;tedge_connect_c8y&gt;, exit status 0, duration 14 secs
10:18:08 INFO  Executed sudo&lt;tedge_connect_c8y_test&gt;, exit status 0
10:18:09 INFO  Executed systemctl&lt;serv_mosq2&gt;, exit status 0
10:18:09 INFO  Executed systemctl&lt;serv_mapper3&gt;, exit status 0
10:18:11 INFO  State of current operation: SUCCESSFUL
10:18:12 INFO  Assert that (False == value) with value=False ... passed
10:18:12 INFO  Package asciijump is installed
10:18:12 WARN  Assert that (False == value) with value=True ... failed 
10:18:12 INFO  Package squirrel3 is installed
10:18:12 WARN  Assert that (False == value) with value=True ... failed 
10:18:13 INFO  Package robotfindskitten is installed
10:18:13 WARN  Assert that (False == value) with value=True ... failed 
10:18:13 INFO  Response status: 201
10:18:13 INFO  Response to action: {
    &quot;creationTime&quot;: &quot;2022-04-29T10:18:13.435Z&quot;,
    &quot;deviceName&quot;: &quot;mythicc&quot;,
    &quot;deviceId&quot;: &quot;17920056&quot;,
    &quot;self&quot;: &quot;https://t493319102.eu-latest.cumulocity.com/devicecontrol/operations/17962976&quot;,
    &quot;id&quot;: &quot;17962976&quot;,
    &quot;status&quot;: &quot;PENDING&quot;,
    &quot;description&quot;: &quot;Apply software changes, triggered from PySys: [{'action': 'install', 'id': '5475369', 'name': 'asciijump', 'url': ' ', 'version': '::apt'}, {'action': 'install', 'id': '5474869', 'name': 'robotfindskitten', 'url': ' ', 'version': '::apt'}, {'action': 'install', 'id': '5475279', 'name': 'squirrel3', 'url': ' ', 'version': '::apt'}]&quot;,
    &quot;c8y_SoftwareUpdate&quot;: [
        {
            &quot;name&quot;: &quot;asciijump&quot;,
            &quot;action&quot;: &quot;install&quot;,
            &quot;id&quot;: &quot;5475369&quot;,
            &quot;version&quot;: &quot;::apt&quot;,
            &quot;url&quot;: &quot; &quot;
        },
        {
            &quot;name&quot;: &quot;robotfindskitten&quot;,
            &quot;action&quot;: &quot;install&quot;,
            &quot;id&quot;: &quot;5474869&quot;,
            &quot;version&quot;: &quot;::apt&quot;,
            &quot;url&quot;: &quot; &quot;
        },
        {
            &quot;name&quot;: &quot;squirrel3&quot;,
            &quot;action&quot;: &quot;install&quot;,
            &quot;id&quot;: &quot;5475279&quot;,
            &quot;version&quot;: &quot;::apt&quot;,
            &quot;url&quot;: &quot; &quot;
        }
    ]
}
10:18:13 INFO  Started operation: {'creationTime': '2022-04-29T10:18:13.435Z', 'deviceName': 'mythicc', 'deviceId': '17920056', 'self': 'https://t493319102.eu-latest.cumulocity.com/devicecontrol/operations/17962976', 'id': '17962976', 'status': 'PENDING', 'description': &quot;Apply software changes, triggered from PySys: [{'action': 'install', 'id': '5475369', 'name': 'asciijump', 'url': ' ', 'version': '::apt'}, {'action': 'install', 'id': '5474869', 'name': 'robotfindskitten', 'url': ' ', 'version': '::apt'}, {'action': 'install', 'id': '5475279', 'name': 'squirrel3', 'url': ' ', 'version': '::apt'}]&quot;, 'c8y_SoftwareUpdate': [{'name': 'asciijump', 'action': 'install', 'id': '5475369', 'version': '::apt', 'url': ' '}, {'name': 'robotfindskitten', 'action': 'install', 'id': '5474869', 'version': '::apt', 'url': ' '}, {'name': 'squirrel3', 'action': 'install', 'id': '5475279', 'version': '::apt', 'url': ' '}]}
10:18:15 INFO  State of operation 17962976 : PENDING
10:18:17 INFO  State of operation 17962976 : EXECUTING
10:18:20 INFO  State of operation 17962976 : EXECUTING
10:18:22 INFO  State of operation 17962976 : EXECUTING
10:18:24 INFO  State of operation 17962976 : EXECUTING
10:18:26 INFO  State of operation 17962976 : EXECUTING
10:18:29 INFO  State of operation 17962976 : EXECUTING
10:18:31 INFO  State of operation 17962976 : EXECUTING
10:18:34 INFO  State of operation 17962976 : EXECUTING
10:18:36 INFO  State of operation 17962976 : EXECUTING
10:18:39 INFO  State of operation 17962976 : EXECUTING
10:18:41 INFO  State of operation 17962976 : EXECUTING
10:18:43 INFO  State of operation 17962976 : EXECUTING
10:18:45 INFO  State of operation 17962976 : EXECUTING
10:18:48 INFO  State of operation 17962976 : EXECUTING
10:18:50 INFO  State of operation 17962976 : SUCCESSFUL
10:18:50 INFO  Assert that (False == value) with value=False ... passed
10:18:50 INFO  Package asciijump is installed
10:18:50 INFO  Assert that (True == value) with value=True ... passed
10:18:50 INFO  Package squirrel3 is installed
10:18:50 INFO  Assert that (True == value) with value=True ... passed
10:18:51 INFO  Package robotfindskitten is installed
10:18:51 INFO  Assert that (True == value) with value=True ... passed
10:18:51 INFO  Response status: 201
10:18:51 INFO  Response to action: {
    &quot;creationTime&quot;: &quot;2022-04-29T10:18:51.367Z&quot;,
    &quot;deviceName&quot;: &quot;mythicc&quot;,
    &quot;deviceId&quot;: &quot;17920056&quot;,
    &quot;self&quot;: &quot;https://t493319102.eu-latest.cumulocity.com/devicecontrol/operations/17962984&quot;,
    &quot;id&quot;: &quot;17962984&quot;,
    &quot;status&quot;: &quot;PENDING&quot;,
    &quot;description&quot;: &quot;Apply software changes, triggered from PySys: [{'action': 'delete', 'id': '5475369', 'name': 'asciijump', 'url': ' ', 'version': '::apt'}, {'action': 'delete', 'id': '5474869', 'name': 'robotfindskitten', 'url': ' ', 'version': '::apt'}, {'action': 'delete', 'id': '5475279', 'name': 'squirrel3', 'url': ' ', 'version': '::apt'}]&quot;,
    &quot;c8y_SoftwareUpdate&quot;: [
        {
            &quot;name&quot;: &quot;asciijump&quot;,
            &quot;action&quot;: &quot;delete&quot;,
            &quot;id&quot;: &quot;5475369&quot;,
            &quot;version&quot;: &quot;::apt&quot;,
            &quot;url&quot;: &quot; &quot;
        },
        {
            &quot;name&quot;: &quot;robotfindskitten&quot;,
            &quot;action&quot;: &quot;delete&quot;,
            &quot;id&quot;: &quot;5474869&quot;,
            &quot;version&quot;: &quot;::apt&quot;,
            &quot;url&quot;: &quot; &quot;
        },
        {
            &quot;name&quot;: &quot;squirrel3&quot;,
            &quot;action&quot;: &quot;delete&quot;,
            &quot;id&quot;: &quot;5475279&quot;,
            &quot;version&quot;: &quot;::apt&quot;,
            &quot;url&quot;: &quot; &quot;
        }
    ]
}
10:18:51 INFO  Started operation: {'creationTime': '2022-04-29T10:18:51.367Z', 'deviceName': 'mythicc', 'deviceId': '17920056', 'self': 'https://t493319102.eu-latest.cumulocity.com/devicecontrol/operations/17962984', 'id': '17962984', 'status': 'PENDING', 'description': &quot;Apply software changes, triggered from PySys: [{'action': 'delete', 'id': '5475369', 'name': 'asciijump', 'url': ' ', 'version': '::apt'}, {'action': 'delete', 'id': '5474869', 'name': 'robotfindskitten', 'url': ' ', 'version': '::apt'}, {'action': 'delete', 'id': '5475279', 'name': 'squirrel3', 'url': ' ', 'version': '::apt'}]&quot;, 'c8y_SoftwareUpdate': [{'name': 'asciijump', 'action': 'delete', 'id': '5475369', 'version': '::apt', 'url': ' '}, {'name': 'robotfindskitten', 'action': 'delete', 'id': '5474869', 'version': '::apt', 'url': ' '}, {'name': 'squirrel3', 'action': 'delete', 'id': '5475279', 'version': '::apt', 'url': ' '}]}
10:18:53 INFO  State of operation 17962984 : PENDING
10:18:55 INFO  State of operation 17962984 : EXECUTING
10:18:58 INFO  State of operation 17962984 : EXECUTING
10:19:00 INFO  State of operation 17962984 : EXECUTING
10:19:02 INFO  State of operation 17962984 : EXECUTING
10:19:04 INFO  State of operation 17962984 : EXECUTING
10:19:07 INFO  State of operation 17962984 : EXECUTING
10:19:10 INFO  State of operation 17962984 : EXECUTING
10:19:12 INFO  State of operation 17962984 : EXECUTING
10:19:15 INFO  State of operation 17962984 : EXECUTING
10:19:17 INFO  State of operation 17962984 : EXECUTING
10:19:19 INFO  State of operation 17962984 : EXECUTING
10:19:21 INFO  State of operation 17962984 : EXECUTING
10:19:23 INFO  State of operation 17962984 : EXECUTING
10:19:26 INFO  State of operation 17962984 : EXECUTING
10:19:28 INFO  State of operation 17962984 : EXECUTING
10:19:30 INFO  State of operation 17962984 : EXECUTING
10:19:33 INFO  State of operation 17962984 : EXECUTING
10:19:36 INFO  State of operation 17962984 : EXECUTING
10:19:38 INFO  State of operation 17962984 : EXECUTING
10:19:40 INFO  State of operation 17962984 : EXECUTING
10:19:43 INFO  State of operation 17962984 : EXECUTING
10:19:45 INFO  State of operation 17962984 : EXECUTING
10:19:47 INFO  State of operation 17962984 : EXECUTING
10:19:49 INFO  State of operation 17962984 : EXECUTING
10:19:52 INFO  State of operation 17962984 : EXECUTING
10:19:54 INFO  State of operation 17962984 : EXECUTING
10:19:57 INFO  State of operation 17962984 : EXECUTING
10:19:59 INFO  State of operation 17962984 : EXECUTING
10:20:01 INFO  State of operation 17962984 : SUCCESSFUL
10:20:01 INFO  Assert that (False == value) with value=False ... passed
10:20:02 INFO  Assert that (False == value) with value=False ... passed
10:20:02 INFO  Assert that (False == value) with value=False ... passed
10:20:02 INFO  Assert that (False == value) with value=False ... passed
10:20:02 INFO  
10:20:02 INFO  cleanup:
10:20:07 INFO  Executed sudo&lt;tedge_disconnect_c8y&gt;, exit status 0
10:20:07 INFO  Executed systemctl&lt;serv_mapper5&gt;, exit status 3
10:20:07 INFO  
10:20:07 INFO  Test duration: 141.77 secs
10:20:07 INFO  Test final outcome:  FAILED
10:20:07 INFO  Test outcome reason: Assert that (False == value) with value=True (+2 other failures)
10:20:07 INFO  
</system-out>
	</testcase>
</testsuite>
