<?xml version="1.0" encoding="utf-8"?>
<testsuite failures="1" name="SoftwareManagement.sm_apt_install_remove_multiple" skipped="0" tests="1" time="143.33" timestamp="2022-05-02T16:14:22">
	<testcase classname="PySysTest" name="SoftwareManagement.sm_apt_install_remove_multiple">
		<failure message="FAILED: Assert that (False == value) with value=True (+2 other failures)" type="FAILED"/>
		<system-out>16:11:59 INFO  ==============================================================
16:11:59 INFO  Id:    SoftwareManagement.sm_apt_install_remove_multiple
16:11:59 INFO  Dir:   software_management_end_to_end/
16:11:59 INFO  Title: Validate end to end behaviour for the apt plugin for multiple packages
16:11:59 INFO  ==============================================================
16:11:59 INFO  Using sw id database: {'asciijump': '5475369', 'robotfindskitten': '5474869', 'squirrel3': '5475279', 'rolldice': '5152439', 'moon-buggy': '5439204', 'apple': '5495053', 'banana': '5494888', 'cherry': '5495382', 'watermelon': '5494510', 'registry': '8018911', 'hello-world': '8021526', 'docker/getting-started': '8021973', 'alpine': '7991792'}
16:11:59 INFO  EnvironmentC8y Setup
16:11:59 INFO  Executed systemctl&lt;serv_mapper1&gt;, exit status 3
16:12:00 INFO  Restarting mosquitto too frequently in the last 10 seconds. It was only up for 5 seconds
16:12:00 INFO  Delaying execution by 6 seconds
16:12:20 INFO  Executed sudo&lt;tedge_connect_c8y&gt;, exit status 0, duration 14 secs
16:12:21 INFO  Executed sudo&lt;tedge_connect_c8y_test&gt;, exit status 0
16:12:21 INFO  Executed systemctl&lt;serv_mosq2&gt;, exit status 0
16:12:22 INFO  Executed systemctl&lt;serv_mapper3&gt;, exit status 0
16:12:24 INFO  State of current operation: SUCCESSFUL
16:12:24 INFO  Assert that (False == value) with value=False ... passed
16:12:24 INFO  Package asciijump is installed
16:12:25 WARN  Assert that (False == value) with value=True ... failed 
16:12:25 INFO  Package squirrel3 is installed
16:12:25 WARN  Assert that (False == value) with value=True ... failed 
16:12:25 INFO  Package robotfindskitten is installed
16:12:25 WARN  Assert that (False == value) with value=True ... failed 
16:12:25 INFO  Response status: 201
16:12:25 INFO  Response to action: {
    &quot;delivery&quot;: {
        &quot;time&quot;: &quot;2022-05-02T16:12:25.705Z&quot;,
        &quot;log&quot;: [],
        &quot;status&quot;: &quot;PENDING&quot;
    },
    &quot;creationTime&quot;: &quot;2022-05-02T16:12:25.693Z&quot;,
    &quot;deviceName&quot;: &quot;mythicc&quot;,
    &quot;deviceId&quot;: &quot;18176681&quot;,
    &quot;self&quot;: &quot;https://t493319102.eu-latest.cumulocity.com/devicecontrol/operations/18214112&quot;,
    &quot;id&quot;: &quot;18214112&quot;,
    &quot;status&quot;: &quot;PENDING&quot;,
    &quot;description&quot;: &quot;Apply software changes, triggered from PySys: [{'action': 'install', 'id': '5475369', 'name': 'asciijump', 'url': ' ', 'version': '::apt'}, {'action': 'install', 'id': '5474869', 'name': 'robotfindskitten', 'url': ' ', 'version': '::apt'}, {'action': 'install', 'id': '5475279', 'name': 'squirrel3', 'url': ' ', 'version': '::apt'}]&quot;,
    &quot;c8y_SoftwareUpdate&quot;: [
        {
            &quot;name&quot;: &quot;asciijump&quot;,
            &quot;action&quot;: &quot;install&quot;,
            &quot;id&quot;: &quot;5475369&quot;,
            &quot;version&quot;: &quot;::apt&quot;,
            &quot;url&quot;: &quot; &quot;
        },
        {
            &quot;name&quot;: &quot;robotfindskitten&quot;,
            &quot;action&quot;: &quot;install&quot;,
            &quot;id&quot;: &quot;5474869&quot;,
            &quot;version&quot;: &quot;::apt&quot;,
            &quot;url&quot;: &quot; &quot;
        },
        {
            &quot;name&quot;: &quot;squirrel3&quot;,
            &quot;action&quot;: &quot;install&quot;,
            &quot;id&quot;: &quot;5475279&quot;,
            &quot;version&quot;: &quot;::apt&quot;,
            &quot;url&quot;: &quot; &quot;
        }
    ]
}
16:12:25 INFO  Started operation: {'delivery': {'time': '2022-05-02T16:12:25.705Z', 'log': [], 'status': 'PENDING'}, 'creationTime': '2022-05-02T16:12:25.693Z', 'deviceName': 'mythicc', 'deviceId': '18176681', 'self': 'https://t493319102.eu-latest.cumulocity.com/devicecontrol/operations/18214112', 'id': '18214112', 'status': 'PENDING', 'description': &quot;Apply software changes, triggered from PySys: [{'action': 'install', 'id': '5475369', 'name': 'asciijump', 'url': ' ', 'version': '::apt'}, {'action': 'install', 'id': '5474869', 'name': 'robotfindskitten', 'url': ' ', 'version': '::apt'}, {'action': 'install', 'id': '5475279', 'name': 'squirrel3', 'url': ' ', 'version': '::apt'}]&quot;, 'c8y_SoftwareUpdate': [{'name': 'asciijump', 'action': 'install', 'id': '5475369', 'version': '::apt', 'url': ' '}, {'name': 'robotfindskitten', 'action': 'install', 'id': '5474869', 'version': '::apt', 'url': ' '}, {'name': 'squirrel3', 'action': 'install', 'id': '5475279', 'version': '::apt', 'url': ' '}]}
16:12:27 INFO  State of operation 18214112 : PENDING
16:12:30 INFO  State of operation 18214112 : EXECUTING
16:12:32 INFO  State of operation 18214112 : EXECUTING
16:12:34 INFO  State of operation 18214112 : EXECUTING
16:12:36 INFO  State of operation 18214112 : EXECUTING
16:12:39 INFO  State of operation 18214112 : EXECUTING
16:12:42 INFO  State of operation 18214112 : EXECUTING
16:12:44 INFO  State of operation 18214112 : EXECUTING
16:12:46 INFO  State of operation 18214112 : EXECUTING
16:12:49 INFO  State of operation 18214112 : EXECUTING
16:12:51 INFO  State of operation 18214112 : EXECUTING
16:12:54 INFO  State of operation 18214112 : EXECUTING
16:12:56 INFO  State of operation 18214112 : EXECUTING
16:12:58 INFO  State of operation 18214112 : EXECUTING
16:13:00 INFO  State of operation 18214112 : EXECUTING
16:13:03 INFO  State of operation 18214112 : SUCCESSFUL
16:13:03 INFO  Assert that (False == value) with value=False ... passed
16:13:03 INFO  Package asciijump is installed
16:13:03 INFO  Assert that (True == value) with value=True ... passed
16:13:03 INFO  Package squirrel3 is installed
16:13:03 INFO  Assert that (True == value) with value=True ... passed
16:13:03 INFO  Package robotfindskitten is installed
16:13:03 INFO  Assert that (True == value) with value=True ... passed
16:13:04 INFO  Response status: 201
16:13:04 INFO  Response to action: {
    &quot;delivery&quot;: {
        &quot;time&quot;: &quot;2022-05-02T16:13:04.194Z&quot;,
        &quot;log&quot;: [],
        &quot;status&quot;: &quot;PENDING&quot;
    },
    &quot;creationTime&quot;: &quot;2022-05-02T16:13:04.178Z&quot;,
    &quot;deviceName&quot;: &quot;mythicc&quot;,
    &quot;deviceId&quot;: &quot;18176681&quot;,
    &quot;self&quot;: &quot;https://t493319102.eu-latest.cumulocity.com/devicecontrol/operations/18214132&quot;,
    &quot;id&quot;: &quot;18214132&quot;,
    &quot;status&quot;: &quot;PENDING&quot;,
    &quot;description&quot;: &quot;Apply software changes, triggered from PySys: [{'action': 'delete', 'id': '5475369', 'name': 'asciijump', 'url': ' ', 'version': '::apt'}, {'action': 'delete', 'id': '5474869', 'name': 'robotfindskitten', 'url': ' ', 'version': '::apt'}, {'action': 'delete', 'id': '5475279', 'name': 'squirrel3', 'url': ' ', 'version': '::apt'}]&quot;,
    &quot;c8y_SoftwareUpdate&quot;: [
        {
            &quot;name&quot;: &quot;asciijump&quot;,
            &quot;action&quot;: &quot;delete&quot;,
            &quot;id&quot;: &quot;5475369&quot;,
            &quot;version&quot;: &quot;::apt&quot;,
            &quot;url&quot;: &quot; &quot;
        },
        {
            &quot;name&quot;: &quot;robotfindskitten&quot;,
            &quot;action&quot;: &quot;delete&quot;,
            &quot;id&quot;: &quot;5474869&quot;,
            &quot;version&quot;: &quot;::apt&quot;,
            &quot;url&quot;: &quot; &quot;
        },
        {
            &quot;name&quot;: &quot;squirrel3&quot;,
            &quot;action&quot;: &quot;delete&quot;,
            &quot;id&quot;: &quot;5475279&quot;,
            &quot;version&quot;: &quot;::apt&quot;,
            &quot;url&quot;: &quot; &quot;
        }
    ]
}
16:13:04 INFO  Started operation: {'delivery': {'time': '2022-05-02T16:13:04.194Z', 'log': [], 'status': 'PENDING'}, 'creationTime': '2022-05-02T16:13:04.178Z', 'deviceName': 'mythicc', 'deviceId': '18176681', 'self': 'https://t493319102.eu-latest.cumulocity.com/devicecontrol/operations/18214132', 'id': '18214132', 'status': 'PENDING', 'description': &quot;Apply software changes, triggered from PySys: [{'action': 'delete', 'id': '5475369', 'name': 'asciijump', 'url': ' ', 'version': '::apt'}, {'action': 'delete', 'id': '5474869', 'name': 'robotfindskitten', 'url': ' ', 'version': '::apt'}, {'action': 'delete', 'id': '5475279', 'name': 'squirrel3', 'url': ' ', 'version': '::apt'}]&quot;, 'c8y_SoftwareUpdate': [{'name': 'asciijump', 'action': 'delete', 'id': '5475369', 'version': '::apt', 'url': ' '}, {'name': 'robotfindskitten', 'action': 'delete', 'id': '5474869', 'version': '::apt', 'url': ' '}, {'name': 'squirrel3', 'action': 'delete', 'id': '5475279', 'version': '::apt', 'url': ' '}]}
16:13:06 INFO  State of operation 18214132 : PENDING
16:13:08 INFO  State of operation 18214132 : EXECUTING
16:13:10 INFO  State of operation 18214132 : EXECUTING
16:13:13 INFO  State of operation 18214132 : EXECUTING
16:13:15 INFO  State of operation 18214132 : EXECUTING
16:13:17 INFO  State of operation 18214132 : EXECUTING
16:13:20 INFO  State of operation 18214132 : EXECUTING
16:13:22 INFO  State of operation 18214132 : EXECUTING
16:13:25 INFO  State of operation 18214132 : EXECUTING
16:13:27 INFO  State of operation 18214132 : EXECUTING
16:13:30 INFO  State of operation 18214132 : EXECUTING
16:13:32 INFO  State of operation 18214132 : EXECUTING
16:13:34 INFO  State of operation 18214132 : EXECUTING
16:13:36 INFO  State of operation 18214132 : EXECUTING
16:13:39 INFO  State of operation 18214132 : EXECUTING
16:13:41 INFO  State of operation 18214132 : EXECUTING
16:13:44 INFO  State of operation 18214132 : EXECUTING
16:13:46 INFO  State of operation 18214132 : EXECUTING
16:13:51 INFO  State of operation 18214132 : EXECUTING
16:13:53 INFO  State of operation 18214132 : EXECUTING
16:13:55 INFO  State of operation 18214132 : EXECUTING
16:13:58 INFO  State of operation 18214132 : EXECUTING
16:14:00 INFO  State of operation 18214132 : EXECUTING
16:14:02 INFO  State of operation 18214132 : EXECUTING
16:14:04 INFO  State of operation 18214132 : EXECUTING
16:14:07 INFO  State of operation 18214132 : EXECUTING
16:14:10 INFO  State of operation 18214132 : EXECUTING
16:14:12 INFO  State of operation 18214132 : EXECUTING
16:14:14 INFO  State of operation 18214132 : EXECUTING
16:14:16 INFO  State of operation 18214132 : SUCCESSFUL
16:14:17 INFO  Assert that (False == value) with value=False ... passed
16:14:17 INFO  Assert that (False == value) with value=False ... passed
16:14:17 INFO  Assert that (False == value) with value=False ... passed
16:14:17 INFO  Assert that (False == value) with value=False ... passed
16:14:17 INFO  
16:14:17 INFO  cleanup:
16:14:22 INFO  Executed sudo&lt;tedge_disconnect_c8y&gt;, exit status 0
16:14:22 INFO  Executed systemctl&lt;serv_mapper5&gt;, exit status 3
16:14:22 INFO  
16:14:22 INFO  Test duration: 143.33 secs
16:14:22 INFO  Test final outcome:  FAILED
16:14:22 INFO  Test outcome reason: Assert that (False == value) with value=True (+2 other failures)
16:14:22 INFO  
</system-out>
	</testcase>
</testsuite>
