<?xml version="1.0" encoding="utf-8"?>
<testsuite failures="1" name="SoftwareManagement.sm_apt_install_remove_multiple" skipped="0" tests="1" time="145.34" timestamp="2022-05-11T12:45:32">
	<testcase classname="PySysTest" name="SoftwareManagement.sm_apt_install_remove_multiple">
		<failure message="FAILED: Assert that (False == value) with value=True (+2 other failures)" type="FAILED"/>
		<system-out>12:43:07 INFO  ==============================================================
12:43:07 INFO  Id:    SoftwareManagement.sm_apt_install_remove_multiple
12:43:07 INFO  Dir:   software_management_end_to_end/
12:43:07 INFO  Title: Validate end to end behaviour for the apt plugin for multiple packages
12:43:07 INFO  ==============================================================
12:43:07 INFO  Using sw id database: {'asciijump': '5475369', 'robotfindskitten': '5474869', 'squirrel3': '5475279', 'rolldice': '5152439', 'moon-buggy': '5439204', 'apple': '5495053', 'banana': '5494888', 'cherry': '5495382', 'watermelon': '5494510', 'registry': '8018911', 'hello-world': '8021526', 'docker/getting-started': '8021973', 'alpine': '7991792'}
12:43:07 INFO  EnvironmentC8y Setup
12:43:07 INFO  Executed systemctl&lt;serv_mapper1&gt;, exit status 3
12:43:07 INFO  Restarting mosquitto too frequently in the last 10 seconds. It was only up for 5 seconds
12:43:07 INFO  Delaying execution by 6 seconds
12:43:29 INFO  Executed sudo&lt;tedge_connect_c8y&gt;, exit status 0, duration 15 secs
12:43:30 INFO  Executed sudo&lt;tedge_connect_c8y_test&gt;, exit status 0
12:43:30 INFO  Executed systemctl&lt;serv_mosq2&gt;, exit status 0
12:43:30 INFO  Executed systemctl&lt;serv_mapper3&gt;, exit status 0
12:43:33 INFO  State of current operation: SUCCESSFUL
12:43:33 INFO  Assert that (False == value) with value=False ... passed
12:43:33 INFO  Package asciijump is installed
12:43:33 WARN  Assert that (False == value) with value=True ... failed 
12:43:34 INFO  Package squirrel3 is installed
12:43:34 WARN  Assert that (False == value) with value=True ... failed 
12:43:34 INFO  Package robotfindskitten is installed
12:43:34 WARN  Assert that (False == value) with value=True ... failed 
12:43:34 INFO  Response status: 201
12:43:34 INFO  Response to action: {
    &quot;delivery&quot;: {
        &quot;time&quot;: &quot;2022-05-11T12:43:34.523Z&quot;,
        &quot;log&quot;: [],
        &quot;status&quot;: &quot;PENDING&quot;
    },
    &quot;creationTime&quot;: &quot;2022-05-11T12:43:34.511Z&quot;,
    &quot;deviceName&quot;: &quot;mythicc&quot;,
    &quot;deviceId&quot;: &quot;18809479&quot;,
    &quot;self&quot;: &quot;https://t493319102.eu-latest.cumulocity.com/devicecontrol/operations/18841036&quot;,
    &quot;id&quot;: &quot;18841036&quot;,
    &quot;status&quot;: &quot;PENDING&quot;,
    &quot;description&quot;: &quot;Apply software changes, triggered from PySys: [{'action': 'install', 'id': '5475369', 'name': 'asciijump', 'url': ' ', 'version': '::apt'}, {'action': 'install', 'id': '5474869', 'name': 'robotfindskitten', 'url': ' ', 'version': '::apt'}, {'action': 'install', 'id': '5475279', 'name': 'squirrel3', 'url': ' ', 'version': '::apt'}]&quot;,
    &quot;c8y_SoftwareUpdate&quot;: [
        {
            &quot;name&quot;: &quot;asciijump&quot;,
            &quot;action&quot;: &quot;install&quot;,
            &quot;id&quot;: &quot;5475369&quot;,
            &quot;version&quot;: &quot;::apt&quot;,
            &quot;url&quot;: &quot; &quot;
        },
        {
            &quot;name&quot;: &quot;robotfindskitten&quot;,
            &quot;action&quot;: &quot;install&quot;,
            &quot;id&quot;: &quot;5474869&quot;,
            &quot;version&quot;: &quot;::apt&quot;,
            &quot;url&quot;: &quot; &quot;
        },
        {
            &quot;name&quot;: &quot;squirrel3&quot;,
            &quot;action&quot;: &quot;install&quot;,
            &quot;id&quot;: &quot;5475279&quot;,
            &quot;version&quot;: &quot;::apt&quot;,
            &quot;url&quot;: &quot; &quot;
        }
    ]
}
12:43:34 INFO  Started operation: {'delivery': {'time': '2022-05-11T12:43:34.523Z', 'log': [], 'status': 'PENDING'}, 'creationTime': '2022-05-11T12:43:34.511Z', 'deviceName': 'mythicc', 'deviceId': '18809479', 'self': 'https://t493319102.eu-latest.cumulocity.com/devicecontrol/operations/18841036', 'id': '18841036', 'status': 'PENDING', 'description': &quot;Apply software changes, triggered from PySys: [{'action': 'install', 'id': '5475369', 'name': 'asciijump', 'url': ' ', 'version': '::apt'}, {'action': 'install', 'id': '5474869', 'name': 'robotfindskitten', 'url': ' ', 'version': '::apt'}, {'action': 'install', 'id': '5475279', 'name': 'squirrel3', 'url': ' ', 'version': '::apt'}]&quot;, 'c8y_SoftwareUpdate': [{'name': 'asciijump', 'action': 'install', 'id': '5475369', 'version': '::apt', 'url': ' '}, {'name': 'robotfindskitten', 'action': 'install', 'id': '5474869', 'version': '::apt', 'url': ' '}, {'name': 'squirrel3', 'action': 'install', 'id': '5475279', 'version': '::apt', 'url': ' '}]}
12:43:36 INFO  State of operation 18841036 : PENDING
12:43:38 INFO  State of operation 18841036 : EXECUTING
12:43:41 INFO  State of operation 18841036 : EXECUTING
12:43:43 INFO  State of operation 18841036 : EXECUTING
12:43:45 INFO  State of operation 18841036 : EXECUTING
12:43:47 INFO  State of operation 18841036 : EXECUTING
12:43:50 INFO  State of operation 18841036 : EXECUTING
12:43:52 INFO  State of operation 18841036 : EXECUTING
12:43:56 INFO  State of operation 18841036 : EXECUTING
12:43:58 INFO  State of operation 18841036 : EXECUTING
12:44:00 INFO  State of operation 18841036 : EXECUTING
12:44:02 INFO  State of operation 18841036 : EXECUTING
12:44:05 INFO  State of operation 18841036 : EXECUTING
12:44:07 INFO  State of operation 18841036 : EXECUTING
12:44:09 INFO  State of operation 18841036 : EXECUTING
12:44:11 INFO  State of operation 18841036 : SUCCESSFUL
12:44:12 INFO  Assert that (False == value) with value=False ... passed
12:44:12 INFO  Package asciijump is installed
12:44:12 INFO  Assert that (True == value) with value=True ... passed
12:44:12 INFO  Package squirrel3 is installed
12:44:12 INFO  Assert that (True == value) with value=True ... passed
12:44:12 INFO  Package robotfindskitten is installed
12:44:12 INFO  Assert that (True == value) with value=True ... passed
12:44:12 INFO  Response status: 201
12:44:12 INFO  Response to action: {
    &quot;delivery&quot;: {
        &quot;time&quot;: &quot;2022-05-11T12:44:12.959Z&quot;,
        &quot;log&quot;: [],
        &quot;status&quot;: &quot;PENDING&quot;
    },
    &quot;creationTime&quot;: &quot;2022-05-11T12:44:12.946Z&quot;,
    &quot;deviceName&quot;: &quot;mythicc&quot;,
    &quot;deviceId&quot;: &quot;18809479&quot;,
    &quot;self&quot;: &quot;https://t493319102.eu-latest.cumulocity.com/devicecontrol/operations/18841057&quot;,
    &quot;id&quot;: &quot;18841057&quot;,
    &quot;status&quot;: &quot;PENDING&quot;,
    &quot;description&quot;: &quot;Apply software changes, triggered from PySys: [{'action': 'delete', 'id': '5475369', 'name': 'asciijump', 'url': ' ', 'version': '::apt'}, {'action': 'delete', 'id': '5474869', 'name': 'robotfindskitten', 'url': ' ', 'version': '::apt'}, {'action': 'delete', 'id': '5475279', 'name': 'squirrel3', 'url': ' ', 'version': '::apt'}]&quot;,
    &quot;c8y_SoftwareUpdate&quot;: [
        {
            &quot;name&quot;: &quot;asciijump&quot;,
            &quot;action&quot;: &quot;delete&quot;,
            &quot;id&quot;: &quot;5475369&quot;,
            &quot;version&quot;: &quot;::apt&quot;,
            &quot;url&quot;: &quot; &quot;
        },
        {
            &quot;name&quot;: &quot;robotfindskitten&quot;,
            &quot;action&quot;: &quot;delete&quot;,
            &quot;id&quot;: &quot;5474869&quot;,
            &quot;version&quot;: &quot;::apt&quot;,
            &quot;url&quot;: &quot; &quot;
        },
        {
            &quot;name&quot;: &quot;squirrel3&quot;,
            &quot;action&quot;: &quot;delete&quot;,
            &quot;id&quot;: &quot;5475279&quot;,
            &quot;version&quot;: &quot;::apt&quot;,
            &quot;url&quot;: &quot; &quot;
        }
    ]
}
12:44:12 INFO  Started operation: {'delivery': {'time': '2022-05-11T12:44:12.959Z', 'log': [], 'status': 'PENDING'}, 'creationTime': '2022-05-11T12:44:12.946Z', 'deviceName': 'mythicc', 'deviceId': '18809479', 'self': 'https://t493319102.eu-latest.cumulocity.com/devicecontrol/operations/18841057', 'id': '18841057', 'status': 'PENDING', 'description': &quot;Apply software changes, triggered from PySys: [{'action': 'delete', 'id': '5475369', 'name': 'asciijump', 'url': ' ', 'version': '::apt'}, {'action': 'delete', 'id': '5474869', 'name': 'robotfindskitten', 'url': ' ', 'version': '::apt'}, {'action': 'delete', 'id': '5475279', 'name': 'squirrel3', 'url': ' ', 'version': '::apt'}]&quot;, 'c8y_SoftwareUpdate': [{'name': 'asciijump', 'action': 'delete', 'id': '5475369', 'version': '::apt', 'url': ' '}, {'name': 'robotfindskitten', 'action': 'delete', 'id': '5474869', 'version': '::apt', 'url': ' '}, {'name': 'squirrel3', 'action': 'delete', 'id': '5475279', 'version': '::apt', 'url': ' '}]}
12:44:15 INFO  State of operation 18841057 : PENDING
12:44:17 INFO  State of operation 18841057 : EXECUTING
12:44:19 INFO  State of operation 18841057 : EXECUTING
12:44:21 INFO  State of operation 18841057 : EXECUTING
12:44:24 INFO  State of operation 18841057 : EXECUTING
12:44:26 INFO  State of operation 18841057 : EXECUTING
12:44:29 INFO  State of operation 18841057 : EXECUTING
12:44:32 INFO  State of operation 18841057 : EXECUTING
12:44:34 INFO  State of operation 18841057 : EXECUTING
12:44:37 INFO  State of operation 18841057 : EXECUTING
12:44:39 INFO  State of operation 18841057 : EXECUTING
12:44:41 INFO  State of operation 18841057 : EXECUTING
12:44:43 INFO  State of operation 18841057 : EXECUTING
12:44:46 INFO  State of operation 18841057 : EXECUTING
12:44:48 INFO  State of operation 18841057 : EXECUTING
12:44:50 INFO  State of operation 18841057 : EXECUTING
12:44:52 INFO  State of operation 18841057 : EXECUTING
12:44:55 INFO  State of operation 18841057 : EXECUTING
12:44:57 INFO  State of operation 18841057 : EXECUTING
12:45:00 INFO  State of operation 18841057 : EXECUTING
12:45:02 INFO  State of operation 18841057 : EXECUTING
12:45:05 INFO  State of operation 18841057 : EXECUTING
12:45:07 INFO  State of operation 18841057 : EXECUTING
12:45:09 INFO  State of operation 18841057 : EXECUTING
12:45:12 INFO  State of operation 18841057 : EXECUTING
12:45:14 INFO  State of operation 18841057 : EXECUTING
12:45:17 INFO  State of operation 18841057 : EXECUTING
12:45:19 INFO  State of operation 18841057 : EXECUTING
12:45:22 INFO  State of operation 18841057 : EXECUTING
12:45:24 INFO  State of operation 18841057 : EXECUTING
12:45:26 INFO  State of operation 18841057 : SUCCESSFUL
12:45:27 INFO  Assert that (False == value) with value=False ... passed
12:45:27 INFO  Assert that (False == value) with value=False ... passed
12:45:27 INFO  Assert that (False == value) with value=False ... passed
12:45:27 INFO  Assert that (False == value) with value=False ... passed
12:45:27 INFO  
12:45:27 INFO  cleanup:
12:45:31 INFO  Executed sudo&lt;tedge_disconnect_c8y&gt;, exit status 0
12:45:32 INFO  Executed systemctl&lt;serv_mapper5&gt;, exit status 3
12:45:32 INFO  
12:45:32 INFO  Test duration: 145.34 secs
12:45:32 INFO  Test final outcome:  FAILED
12:45:32 INFO  Test outcome reason: Assert that (False == value) with value=True (+2 other failures)
12:45:32 INFO  
</system-out>
	</testcase>
</testsuite>
