<?xml version="1.0" encoding="utf-8"?>
<testsuite failures="1" name="SoftwareManagement.sm_apt_install_remove_multiple_mixed" skipped="0" tests="1" time="177.02" timestamp="2022-05-09T08:15:25">
	<testcase classname="PySysTest" name="SoftwareManagement.sm_apt_install_remove_multiple_mixed">
		<failure message="BLOCKED: SystemError: Timeout while waiting for status SUCCESSFUL or False (+1 other failures)" type="BLOCKED"/>
		<system-out>08:12:28 INFO  ==============================================================
08:12:28 INFO  Id:    SoftwareManagement.sm_apt_install_remove_multiple_mixed
08:12:28 INFO  Dir:   software_management_end_to_end/
08:12:28 INFO  Title: Validate end to end behaviour for the apt plugin for multiple packages with mixed versions
08:12:28 INFO  ==============================================================
08:12:28 INFO  Using sw id database: {'asciijump': '5475369', 'robotfindskitten': '5474869', 'squirrel3': '5475279', 'rolldice': '5152439', 'moon-buggy': '5439204', 'apple': '5495053', 'banana': '5494888', 'cherry': '5495382', 'watermelon': '5494510', 'registry': '8018911', 'hello-world': '8021526', 'docker/getting-started': '8021973', 'alpine': '7991792'}
08:12:28 INFO  EnvironmentC8y Setup
08:12:29 INFO  Executed systemctl&lt;serv_mapper1&gt;, exit status 3
08:12:29 INFO  Restarting mosquitto too frequently in the last 10 seconds. It was only up for 5 seconds
08:12:29 INFO  Delaying execution by 6 seconds
08:12:49 INFO  Executed sudo&lt;tedge_connect_c8y&gt;, exit status 0, duration 13 secs
08:12:50 INFO  Executed sudo&lt;tedge_connect_c8y_test&gt;, exit status 0
08:12:50 INFO  Executed systemctl&lt;serv_mosq2&gt;, exit status 0
08:12:50 INFO  Executed systemctl&lt;serv_mapper3&gt;, exit status 0
08:12:53 INFO  State of current operation: SUCCESSFUL
08:12:53 INFO  Assert that (False == value) with value=False ... passed
08:12:53 INFO  Assert that (False == value) with value=False ... passed
08:12:53 INFO  Assert that (False == value) with value=False ... passed
08:12:54 INFO  Assert that (False == value) with value=False ... passed
08:12:54 INFO  Package moon-buggy is installed
08:12:54 WARN  Assert that (False == value) with value=True ... failed 
08:12:55 INFO  Response status: 201
08:12:55 INFO  Response to action: {
    &quot;delivery&quot;: {
        &quot;time&quot;: &quot;2022-05-09T08:12:55.746Z&quot;,
        &quot;log&quot;: [],
        &quot;status&quot;: &quot;PENDING&quot;
    },
    &quot;creationTime&quot;: &quot;2022-05-09T08:12:55.732Z&quot;,
    &quot;deviceName&quot;: &quot;mythicc&quot;,
    &quot;deviceId&quot;: &quot;18507404&quot;,
    &quot;self&quot;: &quot;https://t493319102.eu-latest.cumulocity.com/devicecontrol/operations/18523633&quot;,
    &quot;id&quot;: &quot;18523633&quot;,
    &quot;status&quot;: &quot;PENDING&quot;,
    &quot;description&quot;: &quot;Apply software changes, triggered from PySys: [{'action': 'install', 'id': '5475369', 'name': 'asciijump', 'url': ' ', 'version': '::apt'}, {'action': 'install', 'id': '5474869', 'name': 'robotfindskitten', 'url': ' ', 'version': ' '}, {'action': 'install', 'id': '5475279', 'name': 'squirrel3', 'url': ' ', 'version': '3.1-7::apt'}, {'action': 'install', 'id': '5152439', 'name': 'rolldice', 'url': ' ', 'version': '1.16-1+b1'}, {'action': 'install', 'id': '5439204', 'name': 'moon-buggy', 'url': ' ', 'version': '1:1.0.51-12'}, {'action': 'install', 'id': '5475369', 'name': 'asciijump', 'url': ' ', 'version': '::apt'}]&quot;,
    &quot;c8y_SoftwareUpdate&quot;: [
        {
            &quot;name&quot;: &quot;asciijump&quot;,
            &quot;action&quot;: &quot;install&quot;,
            &quot;id&quot;: &quot;5475369&quot;,
            &quot;version&quot;: &quot;::apt&quot;,
            &quot;url&quot;: &quot; &quot;
        },
        {
            &quot;name&quot;: &quot;robotfindskitten&quot;,
            &quot;action&quot;: &quot;install&quot;,
            &quot;id&quot;: &quot;5474869&quot;,
            &quot;version&quot;: &quot; &quot;,
            &quot;url&quot;: &quot; &quot;
        },
        {
            &quot;name&quot;: &quot;squirrel3&quot;,
            &quot;action&quot;: &quot;install&quot;,
            &quot;id&quot;: &quot;5475279&quot;,
            &quot;version&quot;: &quot;3.1-7::apt&quot;,
            &quot;url&quot;: &quot; &quot;
        },
        {
            &quot;name&quot;: &quot;rolldice&quot;,
            &quot;action&quot;: &quot;install&quot;,
            &quot;id&quot;: &quot;5152439&quot;,
            &quot;version&quot;: &quot;1.16-1+b1&quot;,
            &quot;url&quot;: &quot; &quot;
        },
        {
            &quot;name&quot;: &quot;moon-buggy&quot;,
            &quot;action&quot;: &quot;install&quot;,
            &quot;id&quot;: &quot;5439204&quot;,
            &quot;version&quot;: &quot;1:1.0.51-12&quot;,
            &quot;url&quot;: &quot; &quot;
        },
        {
            &quot;name&quot;: &quot;asciijump&quot;,
            &quot;action&quot;: &quot;install&quot;,
            &quot;id&quot;: &quot;5475369&quot;,
            &quot;version&quot;: &quot;::apt&quot;,
            &quot;url&quot;: &quot; &quot;
        }
    ]
}
08:12:55 INFO  Started operation: {'delivery': {'time': '2022-05-09T08:12:55.746Z', 'log': [], 'status': 'PENDING'}, 'creationTime': '2022-05-09T08:12:55.732Z', 'deviceName': 'mythicc', 'deviceId': '18507404', 'self': 'https://t493319102.eu-latest.cumulocity.com/devicecontrol/operations/18523633', 'id': '18523633', 'status': 'PENDING', 'description': &quot;Apply software changes, triggered from PySys: [{'action': 'install', 'id': '5475369', 'name': 'asciijump', 'url': ' ', 'version': '::apt'}, {'action': 'install', 'id': '5474869', 'name': 'robotfindskitten', 'url': ' ', 'version': ' '}, {'action': 'install', 'id': '5475279', 'name': 'squirrel3', 'url': ' ', 'version': '3.1-7::apt'}, {'action': 'install', 'id': '5152439', 'name': 'rolldice', 'url': ' ', 'version': '1.16-1+b1'}, {'action': 'install', 'id': '5439204', 'name': 'moon-buggy', 'url': ' ', 'version': '1:1.0.51-12'}, {'action': 'install', 'id': '5475369', 'name': 'asciijump', 'url': ' ', 'version': '::apt'}]&quot;, 'c8y_SoftwareUpdate': [{'name': 'asciijump', 'action': 'install', 'id': '5475369', 'version': '::apt', 'url': ' '}, {'name': 'robotfindskitten', 'action': 'install', 'id': '5474869', 'version': ' ', 'url': ' '}, {'name': 'squirrel3', 'action': 'install', 'id': '5475279', 'version': '3.1-7::apt', 'url': ' '}, {'name': 'rolldice', 'action': 'install', 'id': '5152439', 'version': '1.16-1+b1', 'url': ' '}, {'name': 'moon-buggy', 'action': 'install', 'id': '5439204', 'version': '1:1.0.51-12', 'url': ' '}, {'name': 'asciijump', 'action': 'install', 'id': '5475369', 'version': '::apt', 'url': ' '}]}
08:12:58 INFO  State of operation 18523633 : PENDING
08:13:00 INFO  State of operation 18523633 : EXECUTING
08:13:02 INFO  State of operation 18523633 : EXECUTING
08:13:04 INFO  State of operation 18523633 : EXECUTING
08:13:06 INFO  State of operation 18523633 : EXECUTING
08:13:09 INFO  State of operation 18523633 : EXECUTING
08:13:11 INFO  State of operation 18523633 : EXECUTING
08:13:14 INFO  State of operation 18523633 : EXECUTING
08:13:16 INFO  State of operation 18523633 : EXECUTING
08:13:19 INFO  State of operation 18523633 : EXECUTING
08:13:21 INFO  State of operation 18523633 : EXECUTING
08:13:23 INFO  State of operation 18523633 : EXECUTING
08:13:26 INFO  State of operation 18523633 : EXECUTING
08:13:28 INFO  State of operation 18523633 : EXECUTING
08:13:30 INFO  State of operation 18523633 : EXECUTING
08:13:32 INFO  State of operation 18523633 : EXECUTING
08:13:35 INFO  State of operation 18523633 : EXECUTING
08:13:37 INFO  State of operation 18523633 : EXECUTING
08:13:39 INFO  State of operation 18523633 : EXECUTING
08:13:42 INFO  State of operation 18523633 : EXECUTING
08:13:44 INFO  State of operation 18523633 : EXECUTING
08:13:47 INFO  State of operation 18523633 : EXECUTING
08:13:49 INFO  State of operation 18523633 : EXECUTING
08:13:51 INFO  State of operation 18523633 : EXECUTING
08:13:54 INFO  State of operation 18523633 : EXECUTING
08:13:56 INFO  State of operation 18523633 : EXECUTING
08:13:59 INFO  State of operation 18523633 : EXECUTING
08:14:01 INFO  State of operation 18523633 : EXECUTING
08:14:04 INFO  State of operation 18523633 : EXECUTING
08:14:06 INFO  State of operation 18523633 : EXECUTING
08:14:08 INFO  State of operation 18523633 : EXECUTING
08:14:11 INFO  State of operation 18523633 : EXECUTING
08:14:13 INFO  State of operation 18523633 : EXECUTING
08:14:15 INFO  State of operation 18523633 : EXECUTING
08:14:17 INFO  State of operation 18523633 : EXECUTING
08:14:20 INFO  State of operation 18523633 : EXECUTING
08:14:22 INFO  State of operation 18523633 : EXECUTING
08:14:24 INFO  State of operation 18523633 : EXECUTING
08:14:26 INFO  State of operation 18523633 : EXECUTING
08:14:29 INFO  State of operation 18523633 : EXECUTING
08:14:32 INFO  State of operation 18523633 : EXECUTING
08:14:34 INFO  State of operation 18523633 : EXECUTING
08:14:37 INFO  State of operation 18523633 : EXECUTING
08:14:39 INFO  State of operation 18523633 : EXECUTING
08:14:41 INFO  State of operation 18523633 : EXECUTING
08:14:43 INFO  State of operation 18523633 : EXECUTING
08:14:45 INFO  State of operation 18523633 : EXECUTING
08:14:48 INFO  State of operation 18523633 : EXECUTING
08:14:50 INFO  State of operation 18523633 : EXECUTING
08:14:52 INFO  State of operation 18523633 : EXECUTING
08:14:55 INFO  State of operation 18523633 : EXECUTING
08:14:57 INFO  State of operation 18523633 : EXECUTING
08:14:59 INFO  State of operation 18523633 : EXECUTING
08:15:02 INFO  State of operation 18523633 : EXECUTING
08:15:04 INFO  State of operation 18523633 : EXECUTING
08:15:07 INFO  State of operation 18523633 : EXECUTING
08:15:09 INFO  State of operation 18523633 : EXECUTING
08:15:11 INFO  State of operation 18523633 : EXECUTING
08:15:13 INFO  State of operation 18523633 : EXECUTING
08:15:16 INFO  State of operation 18523633 : EXECUTING
08:15:18 INFO  State of operation 18523633 : EXECUTING
08:15:20 WARN  SystemError occurred while running test - Timeout while waiting for status SUCCESSFUL or False
Traceback (most recent call last):
  File &quot;/home/pi/env-pysys/lib/python3.7/site-packages/pysys/baserunner.py&quot;, line 1294, in __call__
    self.testObj.execute()
  File &quot;/home/pi/actions-runner/_work/thin-edge.io/thin-edge.io/tests/PySys/software_management_end_to_end/sm_apt_install_remove_multiple_mixed/run.py&quot;, line 89, in execute
    self.wait_until_succcess()
  File &quot;/home/pi/actions-runner/_work/thin-edge.io/thin-edge.io/tests/PySys/software_management_end_to_end/environment_sm_management.py&quot;, line 324, in wait_until_succcess
    self.wait_until_status(&quot;SUCCESSFUL&quot;)
  File &quot;/home/pi/actions-runner/_work/thin-edge.io/thin-edge.io/tests/PySys/software_management_end_to_end/environment_sm_management.py&quot;, line 381, in wait_until_status
    &quot;Timeout while waiting for status %s or %s&quot; % (status, status2)
SystemError: Timeout while waiting for status SUCCESSFUL or False
08:15:20 WARN  SystemError: Timeout while waiting for status SUCCESSFUL or False ... blocked 
08:15:20 INFO  
08:15:20 INFO  cleanup:
08:15:25 INFO  Executed sudo&lt;tedge_disconnect_c8y&gt;, exit status 0
08:15:25 INFO  Executed systemctl&lt;serv_mapper5&gt;, exit status 3
08:15:25 INFO  
08:15:25 INFO  Test duration: 177.02 secs
08:15:25 INFO  Test final outcome:  BLOCKED
08:15:25 INFO  Test outcome reason: SystemError: Timeout while waiting for status SUCCESSFUL or False (+1 other failures)
08:15:25 INFO  
</system-out>
	</testcase>
</testsuite>
