<?xml version="1.0" encoding="utf-8"?>
<testsuite failures="1" name="SoftwareManagement.sm_apt_install_remove_multiple" skipped="0" tests="1" time="140.78" timestamp="2022-04-21T09:35:35">
	<testcase classname="PySysTest" name="SoftwareManagement.sm_apt_install_remove_multiple">
		<failure message="FAILED: Assert that (False == value) with value=True (+2 other failures)" type="FAILED"/>
		<system-out>09:33:15 INFO  ==============================================================
09:33:15 INFO  Id:    SoftwareManagement.sm_apt_install_remove_multiple
09:33:15 INFO  Dir:   software_management_end_to_end/
09:33:15 INFO  Title: Validate end to end behaviour for the apt plugin for multiple packages
09:33:15 INFO  ==============================================================
09:33:15 INFO  Using sw id database: {'asciijump': '5475369', 'robotfindskitten': '5474869', 'squirrel3': '5475279', 'rolldice': '5152439', 'moon-buggy': '5439204', 'apple': '5495053', 'banana': '5494888', 'cherry': '5495382', 'watermelon': '5494510', 'registry': '8018911', 'hello-world': '8021526', 'docker/getting-started': '8021973', 'alpine': '7991792'}
09:33:15 INFO  EnvironmentC8y Setup
09:33:15 INFO  Executed systemctl&lt;serv_mapper1&gt;, exit status 3
09:33:15 INFO  Restarting mosquitto too frequently in the last 10 seconds. It was only up for 5 seconds
09:33:15 INFO  Delaying execution by 6 seconds
09:33:36 INFO  Executed sudo&lt;tedge_connect_c8y&gt;, exit status 0, duration 14 secs
09:33:36 INFO  Executed sudo&lt;tedge_connect_c8y_test&gt;, exit status 0
09:33:37 INFO  Executed systemctl&lt;serv_mosq2&gt;, exit status 0
09:33:37 INFO  Executed systemctl&lt;serv_mapper3&gt;, exit status 0
09:33:39 INFO  State of current operation: SUCCESSFUL
09:33:40 INFO  Assert that (False == value) with value=False ... passed
09:33:40 INFO  Package asciijump is installed
09:33:40 WARN  Assert that (False == value) with value=True ... failed 
09:33:41 INFO  Package squirrel3 is installed
09:33:41 WARN  Assert that (False == value) with value=True ... failed 
09:33:41 INFO  Package robotfindskitten is installed
09:33:41 WARN  Assert that (False == value) with value=True ... failed 
09:33:41 INFO  Response status: 201
09:33:41 INFO  Response to action: {
    &quot;creationTime&quot;: &quot;2022-04-21T09:33:41.495Z&quot;,
    &quot;deviceName&quot;: &quot;mythicc&quot;,
    &quot;deviceId&quot;: &quot;17501604&quot;,
    &quot;self&quot;: &quot;https://t493319102.eu-latest.cumulocity.com/devicecontrol/operations/17537645&quot;,
    &quot;id&quot;: &quot;17537645&quot;,
    &quot;status&quot;: &quot;PENDING&quot;,
    &quot;description&quot;: &quot;Apply software changes, triggered from PySys: [{'action': 'install', 'id': '5475369', 'name': 'asciijump', 'url': ' ', 'version': '::apt'}, {'action': 'install', 'id': '5474869', 'name': 'robotfindskitten', 'url': ' ', 'version': '::apt'}, {'action': 'install', 'id': '5475279', 'name': 'squirrel3', 'url': ' ', 'version': '::apt'}]&quot;,
    &quot;c8y_SoftwareUpdate&quot;: [
        {
            &quot;name&quot;: &quot;asciijump&quot;,
            &quot;action&quot;: &quot;install&quot;,
            &quot;id&quot;: &quot;5475369&quot;,
            &quot;version&quot;: &quot;::apt&quot;,
            &quot;url&quot;: &quot; &quot;
        },
        {
            &quot;name&quot;: &quot;robotfindskitten&quot;,
            &quot;action&quot;: &quot;install&quot;,
            &quot;id&quot;: &quot;5474869&quot;,
            &quot;version&quot;: &quot;::apt&quot;,
            &quot;url&quot;: &quot; &quot;
        },
        {
            &quot;name&quot;: &quot;squirrel3&quot;,
            &quot;action&quot;: &quot;install&quot;,
            &quot;id&quot;: &quot;5475279&quot;,
            &quot;version&quot;: &quot;::apt&quot;,
            &quot;url&quot;: &quot; &quot;
        }
    ]
}
09:33:41 INFO  Started operation: {'creationTime': '2022-04-21T09:33:41.495Z', 'deviceName': 'mythicc', 'deviceId': '17501604', 'self': 'https://t493319102.eu-latest.cumulocity.com/devicecontrol/operations/17537645', 'id': '17537645', 'status': 'PENDING', 'description': &quot;Apply software changes, triggered from PySys: [{'action': 'install', 'id': '5475369', 'name': 'asciijump', 'url': ' ', 'version': '::apt'}, {'action': 'install', 'id': '5474869', 'name': 'robotfindskitten', 'url': ' ', 'version': '::apt'}, {'action': 'install', 'id': '5475279', 'name': 'squirrel3', 'url': ' ', 'version': '::apt'}]&quot;, 'c8y_SoftwareUpdate': [{'name': 'asciijump', 'action': 'install', 'id': '5475369', 'version': '::apt', 'url': ' '}, {'name': 'robotfindskitten', 'action': 'install', 'id': '5474869', 'version': '::apt', 'url': ' '}, {'name': 'squirrel3', 'action': 'install', 'id': '5475279', 'version': '::apt', 'url': ' '}]}
09:33:43 INFO  State of operation 17537645 : PENDING
09:33:45 INFO  State of operation 17537645 : EXECUTING
09:33:48 INFO  State of operation 17537645 : EXECUTING
09:33:50 INFO  State of operation 17537645 : EXECUTING
09:33:52 INFO  State of operation 17537645 : EXECUTING
09:33:54 INFO  State of operation 17537645 : EXECUTING
09:33:57 INFO  State of operation 17537645 : EXECUTING
09:34:00 INFO  State of operation 17537645 : EXECUTING
09:34:03 INFO  State of operation 17537645 : EXECUTING
09:34:05 INFO  State of operation 17537645 : EXECUTING
09:34:08 INFO  State of operation 17537645 : EXECUTING
09:34:10 INFO  State of operation 17537645 : EXECUTING
09:34:12 INFO  State of operation 17537645 : EXECUTING
09:34:14 INFO  State of operation 17537645 : EXECUTING
09:34:17 INFO  State of operation 17537645 : EXECUTING
09:34:19 INFO  State of operation 17537645 : SUCCESSFUL
09:34:19 INFO  Assert that (False == value) with value=False ... passed
09:34:19 INFO  Package asciijump is installed
09:34:19 INFO  Assert that (True == value) with value=True ... passed
09:34:19 INFO  Package squirrel3 is installed
09:34:19 INFO  Assert that (True == value) with value=True ... passed
09:34:20 INFO  Package robotfindskitten is installed
09:34:20 INFO  Assert that (True == value) with value=True ... passed
09:34:20 INFO  Response status: 201
09:34:20 INFO  Response to action: {
    &quot;creationTime&quot;: &quot;2022-04-21T09:34:20.422Z&quot;,
    &quot;deviceName&quot;: &quot;mythicc&quot;,
    &quot;deviceId&quot;: &quot;17501604&quot;,
    &quot;self&quot;: &quot;https://t493319102.eu-latest.cumulocity.com/devicecontrol/operations/17537649&quot;,
    &quot;id&quot;: &quot;17537649&quot;,
    &quot;status&quot;: &quot;PENDING&quot;,
    &quot;description&quot;: &quot;Apply software changes, triggered from PySys: [{'action': 'delete', 'id': '5475369', 'name': 'asciijump', 'url': ' ', 'version': '::apt'}, {'action': 'delete', 'id': '5474869', 'name': 'robotfindskitten', 'url': ' ', 'version': '::apt'}, {'action': 'delete', 'id': '5475279', 'name': 'squirrel3', 'url': ' ', 'version': '::apt'}]&quot;,
    &quot;c8y_SoftwareUpdate&quot;: [
        {
            &quot;name&quot;: &quot;asciijump&quot;,
            &quot;action&quot;: &quot;delete&quot;,
            &quot;id&quot;: &quot;5475369&quot;,
            &quot;version&quot;: &quot;::apt&quot;,
            &quot;url&quot;: &quot; &quot;
        },
        {
            &quot;name&quot;: &quot;robotfindskitten&quot;,
            &quot;action&quot;: &quot;delete&quot;,
            &quot;id&quot;: &quot;5474869&quot;,
            &quot;version&quot;: &quot;::apt&quot;,
            &quot;url&quot;: &quot; &quot;
        },
        {
            &quot;name&quot;: &quot;squirrel3&quot;,
            &quot;action&quot;: &quot;delete&quot;,
            &quot;id&quot;: &quot;5475279&quot;,
            &quot;version&quot;: &quot;::apt&quot;,
            &quot;url&quot;: &quot; &quot;
        }
    ]
}
09:34:20 INFO  Started operation: {'creationTime': '2022-04-21T09:34:20.422Z', 'deviceName': 'mythicc', 'deviceId': '17501604', 'self': 'https://t493319102.eu-latest.cumulocity.com/devicecontrol/operations/17537649', 'id': '17537649', 'status': 'PENDING', 'description': &quot;Apply software changes, triggered from PySys: [{'action': 'delete', 'id': '5475369', 'name': 'asciijump', 'url': ' ', 'version': '::apt'}, {'action': 'delete', 'id': '5474869', 'name': 'robotfindskitten', 'url': ' ', 'version': '::apt'}, {'action': 'delete', 'id': '5475279', 'name': 'squirrel3', 'url': ' ', 'version': '::apt'}]&quot;, 'c8y_SoftwareUpdate': [{'name': 'asciijump', 'action': 'delete', 'id': '5475369', 'version': '::apt', 'url': ' '}, {'name': 'robotfindskitten', 'action': 'delete', 'id': '5474869', 'version': '::apt', 'url': ' '}, {'name': 'squirrel3', 'action': 'delete', 'id': '5475279', 'version': '::apt', 'url': ' '}]}
09:34:22 INFO  State of operation 17537649 : PENDING
09:34:24 INFO  State of operation 17537649 : EXECUTING
09:34:27 INFO  State of operation 17537649 : EXECUTING
09:34:29 INFO  State of operation 17537649 : EXECUTING
09:34:31 INFO  State of operation 17537649 : EXECUTING
09:34:33 INFO  State of operation 17537649 : EXECUTING
09:34:36 INFO  State of operation 17537649 : EXECUTING
09:34:39 INFO  State of operation 17537649 : EXECUTING
09:34:41 INFO  State of operation 17537649 : EXECUTING
09:34:44 INFO  State of operation 17537649 : EXECUTING
09:34:46 INFO  State of operation 17537649 : EXECUTING
09:34:48 INFO  State of operation 17537649 : EXECUTING
09:34:50 INFO  State of operation 17537649 : EXECUTING
09:34:52 INFO  State of operation 17537649 : EXECUTING
09:34:55 INFO  State of operation 17537649 : EXECUTING
09:34:57 INFO  State of operation 17537649 : EXECUTING
09:34:59 INFO  State of operation 17537649 : EXECUTING
09:35:02 INFO  State of operation 17537649 : EXECUTING
09:35:04 INFO  State of operation 17537649 : EXECUTING
09:35:07 INFO  State of operation 17537649 : EXECUTING
09:35:09 INFO  State of operation 17537649 : EXECUTING
09:35:11 INFO  State of operation 17537649 : EXECUTING
09:35:14 INFO  State of operation 17537649 : EXECUTING
09:35:16 INFO  State of operation 17537649 : EXECUTING
09:35:18 INFO  State of operation 17537649 : EXECUTING
09:35:21 INFO  State of operation 17537649 : EXECUTING
09:35:23 INFO  State of operation 17537649 : EXECUTING
09:35:25 INFO  State of operation 17537649 : EXECUTING
09:35:28 INFO  State of operation 17537649 : EXECUTING
09:35:30 INFO  State of operation 17537649 : SUCCESSFUL
09:35:30 INFO  Assert that (False == value) with value=False ... passed
09:35:30 INFO  Assert that (False == value) with value=False ... passed
09:35:31 INFO  Assert that (False == value) with value=False ... passed
09:35:31 INFO  Assert that (False == value) with value=False ... passed
09:35:31 INFO  
09:35:31 INFO  cleanup:
09:35:35 INFO  Executed sudo&lt;tedge_disconnect_c8y&gt;, exit status 0
09:35:35 INFO  Executed systemctl&lt;serv_mapper5&gt;, exit status 3
09:35:35 INFO  
09:35:35 INFO  Test duration: 140.78 secs
09:35:35 INFO  Test final outcome:  FAILED
09:35:35 INFO  Test outcome reason: Assert that (False == value) with value=True (+2 other failures)
09:35:35 INFO  
</system-out>
	</testcase>
</testsuite>
