<?xml version="1.0" encoding="utf-8"?>
<testsuite failures="1" name="SoftwareManagement.sm_mixed_install_remove_multiple" skipped="0" tests="1" time="171.81" timestamp="2022-05-03T09:19:19">
	<testcase classname="PySysTest" name="SoftwareManagement.sm_mixed_install_remove_multiple">
		<failure message="FAILED: Assert that (False == value) with value=True" type="FAILED"/>
		<system-out>09:16:27 INFO  ==============================================================
09:16:27 INFO  Id:    SoftwareManagement.sm_mixed_install_remove_multiple
09:16:27 INFO  Dir:   software_management_end_to_end/
09:16:27 INFO  Title: Validate end to end behaviour for the dummy-plugin for multiple packages with mixed versions
09:16:27 INFO  ==============================================================
09:16:27 INFO  Using sw id database: {'asciijump': '5475369', 'robotfindskitten': '5474869', 'squirrel3': '5475279', 'rolldice': '5152439', 'moon-buggy': '5439204', 'apple': '5495053', 'banana': '5494888', 'cherry': '5495382', 'watermelon': '5494510', 'registry': '8018911', 'hello-world': '8021526', 'docker/getting-started': '8021973', 'alpine': '7991792'}
09:16:27 INFO  EnvironmentC8y Setup
09:16:28 INFO  Executed systemctl&lt;serv_mapper1&gt;, exit status 3
09:16:28 INFO  Restarting mosquitto too frequently in the last 10 seconds. It was only up for 5 seconds
09:16:28 INFO  Delaying execution by 6 seconds
09:16:49 INFO  Executed sudo&lt;tedge_connect_c8y&gt;, exit status 0, duration 14 secs
09:16:49 INFO  Executed sudo&lt;tedge_connect_c8y_test&gt;, exit status 0
09:16:50 INFO  Executed systemctl&lt;serv_mosq2&gt;, exit status 0
09:16:50 INFO  Executed systemctl&lt;serv_mapper3&gt;, exit status 0
09:16:52 INFO  State of current operation: SUCCESSFUL
09:16:53 INFO  Package apple is installed
09:16:53 INFO  Assert that (True == value) with value=True ... passed
09:16:53 INFO  Package banana is installed
09:16:53 INFO  Assert that (True == value) with value=True ... passed
09:16:53 INFO  Package cherry is installed
09:16:53 INFO  Assert that (True == value) with value=True ... passed
09:16:53 INFO  Package asciijump is installed
09:16:53 WARN  Assert that (False == value) with value=True ... failed 
09:16:54 INFO  Assert that (False == value) with value=False ... passed
09:16:54 INFO  Response status: 201
09:16:54 INFO  Response to action: {
    &quot;creationTime&quot;: &quot;2022-05-03T09:16:54.238Z&quot;,
    &quot;deviceName&quot;: &quot;mythicc&quot;,
    &quot;deviceId&quot;: &quot;18235099&quot;,
    &quot;self&quot;: &quot;https://t493319102.eu-latest.cumulocity.com/devicecontrol/operations/18277180&quot;,
    &quot;id&quot;: &quot;18277180&quot;,
    &quot;status&quot;: &quot;PENDING&quot;,
    &quot;description&quot;: &quot;Apply software changes, triggered from PySys: [{'action': 'install', 'id': '5495053', 'name': 'apple', 'url': ' ', 'version': '::fruits'}, {'action': 'install', 'id': '5494888', 'name': 'banana', 'url': ' ', 'version': '::fruits'}, {'action': 'install', 'id': '5475369', 'name': 'asciijump', 'url': ' ', 'version': '::apt'}, {'action': 'install', 'id': '5495382', 'name': 'cherry', 'url': ' ', 'version': '::fruits'}, {'action': 'install', 'id': '8018911', 'name': 'registry', 'url': ' ', 'version': '::docker'}]&quot;,
    &quot;c8y_SoftwareUpdate&quot;: [
        {
            &quot;name&quot;: &quot;apple&quot;,
            &quot;action&quot;: &quot;install&quot;,
            &quot;id&quot;: &quot;5495053&quot;,
            &quot;version&quot;: &quot;::fruits&quot;,
            &quot;url&quot;: &quot; &quot;
        },
        {
            &quot;name&quot;: &quot;banana&quot;,
            &quot;action&quot;: &quot;install&quot;,
            &quot;id&quot;: &quot;5494888&quot;,
            &quot;version&quot;: &quot;::fruits&quot;,
            &quot;url&quot;: &quot; &quot;
        },
        {
            &quot;name&quot;: &quot;asciijump&quot;,
            &quot;action&quot;: &quot;install&quot;,
            &quot;id&quot;: &quot;5475369&quot;,
            &quot;version&quot;: &quot;::apt&quot;,
            &quot;url&quot;: &quot; &quot;
        },
        {
            &quot;name&quot;: &quot;cherry&quot;,
            &quot;action&quot;: &quot;install&quot;,
            &quot;id&quot;: &quot;5495382&quot;,
            &quot;version&quot;: &quot;::fruits&quot;,
            &quot;url&quot;: &quot; &quot;
        },
        {
            &quot;name&quot;: &quot;registry&quot;,
            &quot;action&quot;: &quot;install&quot;,
            &quot;id&quot;: &quot;8018911&quot;,
            &quot;version&quot;: &quot;::docker&quot;,
            &quot;url&quot;: &quot; &quot;
        }
    ]
}
09:16:54 INFO  Started operation: {'creationTime': '2022-05-03T09:16:54.238Z', 'deviceName': 'mythicc', 'deviceId': '18235099', 'self': 'https://t493319102.eu-latest.cumulocity.com/devicecontrol/operations/18277180', 'id': '18277180', 'status': 'PENDING', 'description': &quot;Apply software changes, triggered from PySys: [{'action': 'install', 'id': '5495053', 'name': 'apple', 'url': ' ', 'version': '::fruits'}, {'action': 'install', 'id': '5494888', 'name': 'banana', 'url': ' ', 'version': '::fruits'}, {'action': 'install', 'id': '5475369', 'name': 'asciijump', 'url': ' ', 'version': '::apt'}, {'action': 'install', 'id': '5495382', 'name': 'cherry', 'url': ' ', 'version': '::fruits'}, {'action': 'install', 'id': '8018911', 'name': 'registry', 'url': ' ', 'version': '::docker'}]&quot;, 'c8y_SoftwareUpdate': [{'name': 'apple', 'action': 'install', 'id': '5495053', 'version': '::fruits', 'url': ' '}, {'name': 'banana', 'action': 'install', 'id': '5494888', 'version': '::fruits', 'url': ' '}, {'name': 'asciijump', 'action': 'install', 'id': '5475369', 'version': '::apt', 'url': ' '}, {'name': 'cherry', 'action': 'install', 'id': '5495382', 'version': '::fruits', 'url': ' '}, {'name': 'registry', 'action': 'install', 'id': '8018911', 'version': '::docker', 'url': ' '}]}
09:16:56 INFO  State of operation 18277180 : PENDING
09:16:58 INFO  State of operation 18277180 : EXECUTING
09:17:00 INFO  State of operation 18277180 : EXECUTING
09:17:03 INFO  State of operation 18277180 : EXECUTING
09:17:05 INFO  State of operation 18277180 : EXECUTING
09:17:07 INFO  State of operation 18277180 : EXECUTING
09:17:10 INFO  State of operation 18277180 : EXECUTING
09:17:12 INFO  State of operation 18277180 : EXECUTING
09:17:15 INFO  State of operation 18277180 : EXECUTING
09:17:17 INFO  State of operation 18277180 : EXECUTING
09:17:20 INFO  State of operation 18277180 : EXECUTING
09:17:22 INFO  State of operation 18277180 : EXECUTING
09:17:24 INFO  State of operation 18277180 : EXECUTING
09:17:26 INFO  State of operation 18277180 : EXECUTING
09:17:29 INFO  State of operation 18277180 : EXECUTING
09:17:31 INFO  State of operation 18277180 : EXECUTING
09:17:33 INFO  State of operation 18277180 : EXECUTING
09:17:36 INFO  State of operation 18277180 : EXECUTING
09:17:38 INFO  State of operation 18277180 : EXECUTING
09:17:40 INFO  State of operation 18277180 : EXECUTING
09:17:42 INFO  State of operation 18277180 : EXECUTING
09:17:45 INFO  State of operation 18277180 : EXECUTING
09:17:47 INFO  State of operation 18277180 : EXECUTING
09:17:50 INFO  State of operation 18277180 : EXECUTING
09:17:52 INFO  State of operation 18277180 : EXECUTING
09:17:54 INFO  State of operation 18277180 : EXECUTING
09:17:56 INFO  State of operation 18277180 : SUCCESSFUL
09:17:56 INFO  Package apple is installed
09:17:56 INFO  Assert that (True == value) with value=True ... passed
09:17:57 INFO  Package banana is installed
09:17:57 INFO  Assert that (True == value) with value=True ... passed
09:17:57 INFO  Package cherry is installed
09:17:57 INFO  Assert that (True == value) with value=True ... passed
09:17:57 INFO  Package asciijump is installed
09:17:57 INFO  Assert that (True == value) with value=True ... passed
09:17:57 INFO  Package registry is installed
09:17:57 INFO  Assert that (True == value) with value=True ... passed
09:17:58 INFO  Response status: 201
09:17:58 INFO  Response to action: {
    &quot;creationTime&quot;: &quot;2022-05-03T09:17:58.128Z&quot;,
    &quot;deviceName&quot;: &quot;mythicc&quot;,
    &quot;deviceId&quot;: &quot;18235099&quot;,
    &quot;self&quot;: &quot;https://t493319102.eu-latest.cumulocity.com/devicecontrol/operations/18277190&quot;,
    &quot;id&quot;: &quot;18277190&quot;,
    &quot;status&quot;: &quot;PENDING&quot;,
    &quot;description&quot;: &quot;Apply software changes, triggered from PySys: [{'action': 'delete', 'id': '5495053', 'name': 'apple', 'url': ' ', 'version': '::fruits'}, {'action': 'delete', 'id': '5494888', 'name': 'banana', 'url': ' ', 'version': '::fruits'}, {'action': 'delete', 'id': '5475369', 'name': 'asciijump', 'url': ' ', 'version': '::apt'}, {'action': 'delete', 'id': '5495382', 'name': 'cherry', 'url': ' ', 'version': '::fruits'}, {'action': 'delete', 'id': '8018911', 'name': 'registry', 'url': ' ', 'version': '::docker'}]&quot;,
    &quot;c8y_SoftwareUpdate&quot;: [
        {
            &quot;name&quot;: &quot;apple&quot;,
            &quot;action&quot;: &quot;delete&quot;,
            &quot;id&quot;: &quot;5495053&quot;,
            &quot;version&quot;: &quot;::fruits&quot;,
            &quot;url&quot;: &quot; &quot;
        },
        {
            &quot;name&quot;: &quot;banana&quot;,
            &quot;action&quot;: &quot;delete&quot;,
            &quot;id&quot;: &quot;5494888&quot;,
            &quot;version&quot;: &quot;::fruits&quot;,
            &quot;url&quot;: &quot; &quot;
        },
        {
            &quot;name&quot;: &quot;asciijump&quot;,
            &quot;action&quot;: &quot;delete&quot;,
            &quot;id&quot;: &quot;5475369&quot;,
            &quot;version&quot;: &quot;::apt&quot;,
            &quot;url&quot;: &quot; &quot;
        },
        {
            &quot;name&quot;: &quot;cherry&quot;,
            &quot;action&quot;: &quot;delete&quot;,
            &quot;id&quot;: &quot;5495382&quot;,
            &quot;version&quot;: &quot;::fruits&quot;,
            &quot;url&quot;: &quot; &quot;
        },
        {
            &quot;name&quot;: &quot;registry&quot;,
            &quot;action&quot;: &quot;delete&quot;,
            &quot;id&quot;: &quot;8018911&quot;,
            &quot;version&quot;: &quot;::docker&quot;,
            &quot;url&quot;: &quot; &quot;
        }
    ]
}
09:17:58 INFO  Started operation: {'creationTime': '2022-05-03T09:17:58.128Z', 'deviceName': 'mythicc', 'deviceId': '18235099', 'self': 'https://t493319102.eu-latest.cumulocity.com/devicecontrol/operations/18277190', 'id': '18277190', 'status': 'PENDING', 'description': &quot;Apply software changes, triggered from PySys: [{'action': 'delete', 'id': '5495053', 'name': 'apple', 'url': ' ', 'version': '::fruits'}, {'action': 'delete', 'id': '5494888', 'name': 'banana', 'url': ' ', 'version': '::fruits'}, {'action': 'delete', 'id': '5475369', 'name': 'asciijump', 'url': ' ', 'version': '::apt'}, {'action': 'delete', 'id': '5495382', 'name': 'cherry', 'url': ' ', 'version': '::fruits'}, {'action': 'delete', 'id': '8018911', 'name': 'registry', 'url': ' ', 'version': '::docker'}]&quot;, 'c8y_SoftwareUpdate': [{'name': 'apple', 'action': 'delete', 'id': '5495053', 'version': '::fruits', 'url': ' '}, {'name': 'banana', 'action': 'delete', 'id': '5494888', 'version': '::fruits', 'url': ' '}, {'name': 'asciijump', 'action': 'delete', 'id': '5475369', 'version': '::apt', 'url': ' '}, {'name': 'cherry', 'action': 'delete', 'id': '5495382', 'version': '::fruits', 'url': ' '}, {'name': 'registry', 'action': 'delete', 'id': '8018911', 'version': '::docker', 'url': ' '}]}
09:18:00 INFO  State of operation 18277190 : PENDING
09:18:02 INFO  State of operation 18277190 : EXECUTING
09:18:04 INFO  State of operation 18277190 : EXECUTING
09:18:07 INFO  State of operation 18277190 : EXECUTING
09:18:09 INFO  State of operation 18277190 : EXECUTING
09:18:11 INFO  State of operation 18277190 : EXECUTING
09:18:14 INFO  State of operation 18277190 : EXECUTING
09:18:17 INFO  State of operation 18277190 : EXECUTING
09:18:19 INFO  State of operation 18277190 : EXECUTING
09:18:21 INFO  State of operation 18277190 : EXECUTING
09:18:24 INFO  State of operation 18277190 : EXECUTING
09:18:26 INFO  State of operation 18277190 : EXECUTING
09:18:28 INFO  State of operation 18277190 : EXECUTING
09:18:30 INFO  State of operation 18277190 : EXECUTING
09:18:33 INFO  State of operation 18277190 : EXECUTING
09:18:35 INFO  State of operation 18277190 : EXECUTING
09:18:37 INFO  State of operation 18277190 : EXECUTING
09:18:41 INFO  State of operation 18277190 : EXECUTING
09:18:43 INFO  State of operation 18277190 : EXECUTING
09:18:45 INFO  State of operation 18277190 : EXECUTING
09:18:47 INFO  State of operation 18277190 : EXECUTING
09:18:50 INFO  State of operation 18277190 : EXECUTING
09:18:52 INFO  State of operation 18277190 : EXECUTING
09:18:55 INFO  State of operation 18277190 : EXECUTING
09:18:57 INFO  State of operation 18277190 : EXECUTING
09:18:59 INFO  State of operation 18277190 : EXECUTING
09:19:01 INFO  State of operation 18277190 : EXECUTING
09:19:04 INFO  State of operation 18277190 : EXECUTING
09:19:06 INFO  State of operation 18277190 : EXECUTING
09:19:08 INFO  State of operation 18277190 : EXECUTING
09:19:11 INFO  State of operation 18277190 : EXECUTING
09:19:13 INFO  State of operation 18277190 : SUCCESSFUL
09:19:13 INFO  Package apple is installed
09:19:13 INFO  Assert that (True == value) with value=True ... passed
09:19:13 INFO  Package banana is installed
09:19:13 INFO  Assert that (True == value) with value=True ... passed
09:19:14 INFO  Package cherry is installed
09:19:14 INFO  Assert that (True == value) with value=True ... passed
09:19:14 INFO  Assert that (False == value) with value=False ... passed
09:19:14 INFO  Assert that (False == value) with value=False ... passed
09:19:14 INFO  
09:19:14 INFO  cleanup:
09:19:19 INFO  Executed sudo&lt;tedge_disconnect_c8y&gt;, exit status 0
09:19:19 INFO  Executed systemctl&lt;serv_mapper5&gt;, exit status 3
09:19:19 INFO  
09:19:19 INFO  Test duration: 171.81 secs
09:19:19 INFO  Test final outcome:  FAILED
09:19:19 INFO  Test outcome reason: Assert that (False == value) with value=True
09:19:19 INFO  
</system-out>
	</testcase>
</testsuite>
