<?xml version="1.0" encoding="utf-8"?>
<testsuite failures="1" name="SoftwareManagement.sm_apt_install_remove_multiple" skipped="0" tests="1" time="142.91" timestamp="2022-05-04T09:11:46">
	<testcase classname="PySysTest" name="SoftwareManagement.sm_apt_install_remove_multiple">
		<failure message="FAILED: Assert that (False == value) with value=True (+2 other failures)" type="FAILED"/>
		<system-out>09:09:23 INFO  ==============================================================
09:09:23 INFO  Id:    SoftwareManagement.sm_apt_install_remove_multiple
09:09:23 INFO  Dir:   software_management_end_to_end/
09:09:23 INFO  Title: Validate end to end behaviour for the apt plugin for multiple packages
09:09:23 INFO  ==============================================================
09:09:23 INFO  Using sw id database: {'asciijump': '5475369', 'robotfindskitten': '5474869', 'squirrel3': '5475279', 'rolldice': '5152439', 'moon-buggy': '5439204', 'apple': '5495053', 'banana': '5494888', 'cherry': '5495382', 'watermelon': '5494510', 'registry': '8018911', 'hello-world': '8021526', 'docker/getting-started': '8021973', 'alpine': '7991792'}
09:09:23 INFO  EnvironmentC8y Setup
09:09:23 INFO  Executed systemctl&lt;serv_mapper1&gt;, exit status 3
09:09:23 INFO  Restarting mosquitto too frequently in the last 10 seconds. It was only up for 5 seconds
09:09:23 INFO  Delaying execution by 6 seconds
09:09:44 INFO  Executed sudo&lt;tedge_connect_c8y&gt;, exit status 0, duration 14 secs
09:09:45 INFO  Executed sudo&lt;tedge_connect_c8y_test&gt;, exit status 0
09:09:45 INFO  Executed systemctl&lt;serv_mosq2&gt;, exit status 0
09:09:46 INFO  Executed systemctl&lt;serv_mapper3&gt;, exit status 0
09:09:48 INFO  State of current operation: SUCCESSFUL
09:09:48 INFO  Assert that (False == value) with value=False ... passed
09:09:48 INFO  Package asciijump is installed
09:09:48 WARN  Assert that (False == value) with value=True ... failed 
09:09:49 INFO  Package squirrel3 is installed
09:09:49 WARN  Assert that (False == value) with value=True ... failed 
09:09:49 INFO  Package robotfindskitten is installed
09:09:49 WARN  Assert that (False == value) with value=True ... failed 
09:09:49 INFO  Response status: 201
09:09:49 INFO  Response to action: {
    &quot;delivery&quot;: {
        &quot;time&quot;: &quot;2022-05-04T09:09:49.512Z&quot;,
        &quot;log&quot;: [],
        &quot;status&quot;: &quot;PENDING&quot;
    },
    &quot;creationTime&quot;: &quot;2022-05-04T09:09:49.494Z&quot;,
    &quot;deviceName&quot;: &quot;mythicc&quot;,
    &quot;deviceId&quot;: &quot;18330806&quot;,
    &quot;self&quot;: &quot;https://t493319102.eu-latest.cumulocity.com/devicecontrol/operations/18389326&quot;,
    &quot;id&quot;: &quot;18389326&quot;,
    &quot;status&quot;: &quot;PENDING&quot;,
    &quot;description&quot;: &quot;Apply software changes, triggered from PySys: [{'action': 'install', 'id': '5475369', 'name': 'asciijump', 'url': ' ', 'version': '::apt'}, {'action': 'install', 'id': '5474869', 'name': 'robotfindskitten', 'url': ' ', 'version': '::apt'}, {'action': 'install', 'id': '5475279', 'name': 'squirrel3', 'url': ' ', 'version': '::apt'}]&quot;,
    &quot;c8y_SoftwareUpdate&quot;: [
        {
            &quot;name&quot;: &quot;asciijump&quot;,
            &quot;action&quot;: &quot;install&quot;,
            &quot;id&quot;: &quot;5475369&quot;,
            &quot;version&quot;: &quot;::apt&quot;,
            &quot;url&quot;: &quot; &quot;
        },
        {
            &quot;name&quot;: &quot;robotfindskitten&quot;,
            &quot;action&quot;: &quot;install&quot;,
            &quot;id&quot;: &quot;5474869&quot;,
            &quot;version&quot;: &quot;::apt&quot;,
            &quot;url&quot;: &quot; &quot;
        },
        {
            &quot;name&quot;: &quot;squirrel3&quot;,
            &quot;action&quot;: &quot;install&quot;,
            &quot;id&quot;: &quot;5475279&quot;,
            &quot;version&quot;: &quot;::apt&quot;,
            &quot;url&quot;: &quot; &quot;
        }
    ]
}
09:09:49 INFO  Started operation: {'delivery': {'time': '2022-05-04T09:09:49.512Z', 'log': [], 'status': 'PENDING'}, 'creationTime': '2022-05-04T09:09:49.494Z', 'deviceName': 'mythicc', 'deviceId': '18330806', 'self': 'https://t493319102.eu-latest.cumulocity.com/devicecontrol/operations/18389326', 'id': '18389326', 'status': 'PENDING', 'description': &quot;Apply software changes, triggered from PySys: [{'action': 'install', 'id': '5475369', 'name': 'asciijump', 'url': ' ', 'version': '::apt'}, {'action': 'install', 'id': '5474869', 'name': 'robotfindskitten', 'url': ' ', 'version': '::apt'}, {'action': 'install', 'id': '5475279', 'name': 'squirrel3', 'url': ' ', 'version': '::apt'}]&quot;, 'c8y_SoftwareUpdate': [{'name': 'asciijump', 'action': 'install', 'id': '5475369', 'version': '::apt', 'url': ' '}, {'name': 'robotfindskitten', 'action': 'install', 'id': '5474869', 'version': '::apt', 'url': ' '}, {'name': 'squirrel3', 'action': 'install', 'id': '5475279', 'version': '::apt', 'url': ' '}]}
09:09:51 INFO  State of operation 18389326 : PENDING
09:09:53 INFO  State of operation 18389326 : EXECUTING
09:09:56 INFO  State of operation 18389326 : EXECUTING
09:09:58 INFO  State of operation 18389326 : EXECUTING
09:10:00 INFO  State of operation 18389326 : EXECUTING
09:10:03 INFO  State of operation 18389326 : EXECUTING
09:10:05 INFO  State of operation 18389326 : EXECUTING
09:10:08 INFO  State of operation 18389326 : EXECUTING
09:10:10 INFO  State of operation 18389326 : EXECUTING
09:10:13 INFO  State of operation 18389326 : EXECUTING
09:10:15 INFO  State of operation 18389326 : EXECUTING
09:10:17 INFO  State of operation 18389326 : EXECUTING
09:10:20 INFO  State of operation 18389326 : EXECUTING
09:10:22 INFO  State of operation 18389326 : EXECUTING
09:10:24 INFO  State of operation 18389326 : EXECUTING
09:10:26 INFO  State of operation 18389326 : SUCCESSFUL
09:10:26 INFO  Assert that (False == value) with value=False ... passed
09:10:27 INFO  Package asciijump is installed
09:10:27 INFO  Assert that (True == value) with value=True ... passed
09:10:27 INFO  Package squirrel3 is installed
09:10:27 INFO  Assert that (True == value) with value=True ... passed
09:10:27 INFO  Package robotfindskitten is installed
09:10:27 INFO  Assert that (True == value) with value=True ... passed
09:10:27 INFO  Response status: 201
09:10:27 INFO  Response to action: {
    &quot;delivery&quot;: {
        &quot;time&quot;: &quot;2022-05-04T09:10:27.777Z&quot;,
        &quot;log&quot;: [],
        &quot;status&quot;: &quot;PENDING&quot;
    },
    &quot;creationTime&quot;: &quot;2022-05-04T09:10:27.763Z&quot;,
    &quot;deviceName&quot;: &quot;mythicc&quot;,
    &quot;deviceId&quot;: &quot;18330806&quot;,
    &quot;self&quot;: &quot;https://t493319102.eu-latest.cumulocity.com/devicecontrol/operations/18389347&quot;,
    &quot;id&quot;: &quot;18389347&quot;,
    &quot;status&quot;: &quot;PENDING&quot;,
    &quot;description&quot;: &quot;Apply software changes, triggered from PySys: [{'action': 'delete', 'id': '5475369', 'name': 'asciijump', 'url': ' ', 'version': '::apt'}, {'action': 'delete', 'id': '5474869', 'name': 'robotfindskitten', 'url': ' ', 'version': '::apt'}, {'action': 'delete', 'id': '5475279', 'name': 'squirrel3', 'url': ' ', 'version': '::apt'}]&quot;,
    &quot;c8y_SoftwareUpdate&quot;: [
        {
            &quot;name&quot;: &quot;asciijump&quot;,
            &quot;action&quot;: &quot;delete&quot;,
            &quot;id&quot;: &quot;5475369&quot;,
            &quot;version&quot;: &quot;::apt&quot;,
            &quot;url&quot;: &quot; &quot;
        },
        {
            &quot;name&quot;: &quot;robotfindskitten&quot;,
            &quot;action&quot;: &quot;delete&quot;,
            &quot;id&quot;: &quot;5474869&quot;,
            &quot;version&quot;: &quot;::apt&quot;,
            &quot;url&quot;: &quot; &quot;
        },
        {
            &quot;name&quot;: &quot;squirrel3&quot;,
            &quot;action&quot;: &quot;delete&quot;,
            &quot;id&quot;: &quot;5475279&quot;,
            &quot;version&quot;: &quot;::apt&quot;,
            &quot;url&quot;: &quot; &quot;
        }
    ]
}
09:10:27 INFO  Started operation: {'delivery': {'time': '2022-05-04T09:10:27.777Z', 'log': [], 'status': 'PENDING'}, 'creationTime': '2022-05-04T09:10:27.763Z', 'deviceName': 'mythicc', 'deviceId': '18330806', 'self': 'https://t493319102.eu-latest.cumulocity.com/devicecontrol/operations/18389347', 'id': '18389347', 'status': 'PENDING', 'description': &quot;Apply software changes, triggered from PySys: [{'action': 'delete', 'id': '5475369', 'name': 'asciijump', 'url': ' ', 'version': '::apt'}, {'action': 'delete', 'id': '5474869', 'name': 'robotfindskitten', 'url': ' ', 'version': '::apt'}, {'action': 'delete', 'id': '5475279', 'name': 'squirrel3', 'url': ' ', 'version': '::apt'}]&quot;, 'c8y_SoftwareUpdate': [{'name': 'asciijump', 'action': 'delete', 'id': '5475369', 'version': '::apt', 'url': ' '}, {'name': 'robotfindskitten', 'action': 'delete', 'id': '5474869', 'version': '::apt', 'url': ' '}, {'name': 'squirrel3', 'action': 'delete', 'id': '5475279', 'version': '::apt', 'url': ' '}]}
09:10:30 INFO  State of operation 18389347 : PENDING
09:10:32 INFO  State of operation 18389347 : EXECUTING
09:10:34 INFO  State of operation 18389347 : EXECUTING
09:10:36 INFO  State of operation 18389347 : EXECUTING
09:10:38 INFO  State of operation 18389347 : EXECUTING
09:10:41 INFO  State of operation 18389347 : EXECUTING
09:10:43 INFO  State of operation 18389347 : EXECUTING
09:10:45 INFO  State of operation 18389347 : EXECUTING
09:10:48 INFO  State of operation 18389347 : EXECUTING
09:10:51 INFO  State of operation 18389347 : EXECUTING
09:10:53 INFO  State of operation 18389347 : EXECUTING
09:10:55 INFO  State of operation 18389347 : EXECUTING
09:10:57 INFO  State of operation 18389347 : EXECUTING
09:11:00 INFO  State of operation 18389347 : EXECUTING
09:11:02 INFO  State of operation 18389347 : EXECUTING
09:11:04 INFO  State of operation 18389347 : EXECUTING
09:11:06 INFO  State of operation 18389347 : EXECUTING
09:11:09 INFO  State of operation 18389347 : EXECUTING
09:11:11 INFO  State of operation 18389347 : EXECUTING
09:11:14 INFO  State of operation 18389347 : EXECUTING
09:11:16 INFO  State of operation 18389347 : EXECUTING
09:11:18 INFO  State of operation 18389347 : EXECUTING
09:11:20 INFO  State of operation 18389347 : EXECUTING
09:11:23 INFO  State of operation 18389347 : EXECUTING
09:11:25 INFO  State of operation 18389347 : EXECUTING
09:11:27 INFO  State of operation 18389347 : EXECUTING
09:11:30 INFO  State of operation 18389347 : EXECUTING
09:11:32 INFO  State of operation 18389347 : EXECUTING
09:11:35 INFO  State of operation 18389347 : EXECUTING
09:11:37 INFO  State of operation 18389347 : EXECUTING
09:11:39 INFO  State of operation 18389347 : SUCCESSFUL
09:11:40 INFO  Assert that (False == value) with value=False ... passed
09:11:40 INFO  Assert that (False == value) with value=False ... passed
09:11:40 INFO  Assert that (False == value) with value=False ... passed
09:11:40 INFO  Assert that (False == value) with value=False ... passed
09:11:40 INFO  
09:11:40 INFO  cleanup:
09:11:45 INFO  Executed sudo&lt;tedge_disconnect_c8y&gt;, exit status 0
09:11:46 INFO  Executed systemctl&lt;serv_mapper5&gt;, exit status 3
09:11:46 INFO  
09:11:46 INFO  Test duration: 142.91 secs
09:11:46 INFO  Test final outcome:  FAILED
09:11:46 INFO  Test outcome reason: Assert that (False == value) with value=True (+2 other failures)
09:11:46 INFO  
</system-out>
	</testcase>
</testsuite>
