<?xml version="1.0" encoding="utf-8"?>
<testsuite failures="1" name="SoftwareManagement.sm_apt_install_remove_with_version" skipped="0" tests="1" time="166.28" timestamp="2022-04-19T14:51:58">
	<testcase classname="PySysTest" name="SoftwareManagement.sm_apt_install_remove_with_version">
		<failure message="BLOCKED: SystemError: Timeout while waiting for status FAILED or SUCCESSFUL" type="BLOCKED"/>
		<system-out>14:49:12 INFO  ==============================================================
14:49:12 INFO  Id:    SoftwareManagement.sm_apt_install_remove_with_version
14:49:12 INFO  Dir:   software_management_end_to_end/
14:49:12 INFO  Title: Validate end to end behaviour for the apt plugin for packages with version
14:49:12 INFO  ==============================================================
14:49:12 INFO  Using sw id database: {'asciijump': '5475369', 'robotfindskitten': '5474869', 'squirrel3': '5475279', 'rolldice': '5152439', 'moon-buggy': '5439204', 'apple': '5495053', 'banana': '5494888', 'cherry': '5495382', 'watermelon': '5494510', 'registry': '8018911', 'hello-world': '8021526', 'docker/getting-started': '8021973', 'alpine': '7991792'}
14:49:12 INFO  EnvironmentC8y Setup
14:49:12 INFO  Executed systemctl&lt;serv_mapper1&gt;, exit status 3
14:49:12 INFO  Restarting mosquitto too frequently in the last 10 seconds. It was only up for 4 seconds
14:49:12 INFO  Delaying execution by 7 seconds
14:49:33 INFO  Executed sudo&lt;tedge_connect_c8y&gt;, exit status 0, duration 14 secs
14:49:34 INFO  Executed sudo&lt;tedge_connect_c8y_test&gt;, exit status 0
14:49:34 INFO  Executed systemctl&lt;serv_mosq2&gt;, exit status 0
14:49:35 INFO  Executed systemctl&lt;serv_mapper3&gt;, exit status 0
14:49:37 INFO  State of current operation: PENDING
14:49:39 INFO  State of current operation: PENDING
14:49:42 INFO  State of current operation: PENDING
14:49:44 INFO  State of current operation: PENDING
14:49:46 INFO  State of current operation: PENDING
14:49:48 INFO  State of current operation: PENDING
14:49:50 INFO  State of current operation: PENDING
14:49:53 INFO  State of current operation: PENDING
14:49:55 INFO  State of current operation: PENDING
14:49:57 INFO  State of current operation: PENDING
14:50:00 INFO  State of current operation: PENDING
14:50:02 INFO  State of current operation: PENDING
14:50:04 INFO  State of current operation: PENDING
14:50:06 INFO  State of current operation: PENDING
14:50:08 INFO  State of current operation: PENDING
14:50:11 INFO  State of current operation: PENDING
14:50:13 INFO  State of current operation: PENDING
14:50:15 INFO  State of current operation: PENDING
14:50:17 INFO  State of current operation: PENDING
14:50:20 INFO  State of current operation: PENDING
14:50:22 INFO  State of current operation: PENDING
14:50:24 INFO  State of current operation: PENDING
14:50:26 INFO  State of current operation: PENDING
14:50:29 INFO  State of current operation: PENDING
14:50:31 INFO  State of current operation: PENDING
14:50:33 INFO  State of current operation: PENDING
14:50:35 INFO  State of current operation: PENDING
14:50:37 INFO  State of current operation: PENDING
14:50:40 INFO  State of current operation: PENDING
14:50:42 INFO  State of current operation: PENDING
14:50:44 INFO  State of current operation: PENDING
14:50:46 INFO  State of current operation: PENDING
14:50:49 INFO  State of current operation: PENDING
14:50:51 INFO  State of current operation: PENDING
14:50:53 INFO  State of current operation: PENDING
14:50:55 INFO  State of current operation: PENDING
14:50:58 INFO  State of current operation: PENDING
14:51:00 INFO  State of current operation: PENDING
14:51:02 INFO  State of current operation: PENDING
14:51:04 INFO  State of current operation: PENDING
14:51:06 INFO  State of current operation: PENDING
14:51:09 INFO  State of current operation: PENDING
14:51:11 INFO  State of current operation: PENDING
14:51:13 INFO  State of current operation: PENDING
14:51:15 INFO  State of current operation: PENDING
14:51:18 INFO  State of current operation: PENDING
14:51:20 INFO  State of current operation: PENDING
14:51:22 INFO  State of current operation: PENDING
14:51:24 INFO  State of current operation: PENDING
14:51:27 INFO  State of current operation: PENDING
14:51:29 INFO  State of current operation: PENDING
14:51:31 INFO  State of current operation: PENDING
14:51:33 INFO  State of current operation: PENDING
14:51:35 INFO  State of current operation: PENDING
14:51:38 INFO  State of current operation: PENDING
14:51:40 INFO  State of current operation: PENDING
14:51:42 INFO  State of current operation: PENDING
14:51:44 INFO  State of current operation: PENDING
14:51:47 INFO  State of current operation: PENDING
14:51:49 INFO  State of current operation: PENDING
14:51:51 INFO  State of current operation: PENDING
14:51:53 WARN  SystemError occurred while running test - Timeout while waiting for status FAILED or SUCCESSFUL
Traceback (most recent call last):
  File &quot;/home/pi/env-pysys/lib/python3.7/site-packages/pysys/baserunner.py&quot;, line 1292, in __call__
    self.testObj.setup()
  File &quot;/home/pi/actions-runner/_work/thin-edge.io/thin-edge.io/tests/PySys/software_management_end_to_end/sm_apt_install_remove_with_version/run.py&quot;, line 27, in setup
    super().setup()
  File &quot;/home/pi/actions-runner/_work/thin-edge.io/thin-edge.io/tests/PySys/software_management_end_to_end/environment_sm_management.py&quot;, line 151, in setup
    self.wait_until_end()
  File &quot;/home/pi/actions-runner/_work/thin-edge.io/thin-edge.io/tests/PySys/software_management_end_to_end/environment_sm_management.py&quot;, line 332, in wait_until_end
    self.wait_until_status(&quot;FAILED&quot;, &quot;SUCCESSFUL&quot;)
  File &quot;/home/pi/actions-runner/_work/thin-edge.io/thin-edge.io/tests/PySys/software_management_end_to_end/environment_sm_management.py&quot;, line 381, in wait_until_status
    &quot;Timeout while waiting for status %s or %s&quot; % (status, status2)
SystemError: Timeout while waiting for status FAILED or SUCCESSFUL
14:51:53 WARN  SystemError: Timeout while waiting for status FAILED or SUCCESSFUL ... blocked 
14:51:53 INFO  
14:51:53 INFO  cleanup:
14:51:57 INFO  Executed sudo&lt;tedge_disconnect_c8y&gt;, exit status 0
14:51:58 INFO  Executed systemctl&lt;serv_mapper5&gt;, exit status 3
14:51:58 INFO  
14:51:58 INFO  Test duration: 166.28 secs
14:51:58 INFO  Test final outcome:  BLOCKED
14:51:58 INFO  Test outcome reason: SystemError: Timeout while waiting for status FAILED or SUCCESSFUL
14:51:58 INFO  
</system-out>
	</testcase>
</testsuite>
