<?xml version="1.0" encoding="utf-8"?>
<testsuite failures="1" name="SoftwareManagement.sm_apt_install_remove_default" skipped="0" tests="1" time="165.73" timestamp="2022-04-19T14:43:40">
	<testcase classname="PySysTest" name="SoftwareManagement.sm_apt_install_remove_default">
		<failure message="BLOCKED: SystemError: Timeout while waiting for status FAILED or SUCCESSFUL" type="BLOCKED"/>
		<system-out>14:40:54 INFO  ==============================================================
14:40:54 INFO  Id:    SoftwareManagement.sm_apt_install_remove_default
14:40:54 INFO  Dir:   software_management_end_to_end/
14:40:54 INFO  Title: Validate end to end behaviour for the default plugin for installation and removal of packages
14:40:54 INFO  ==============================================================
14:40:54 INFO  Using sw id database: {'asciijump': '5475369', 'robotfindskitten': '5474869', 'squirrel3': '5475279', 'rolldice': '5152439', 'moon-buggy': '5439204', 'apple': '5495053', 'banana': '5494888', 'cherry': '5495382', 'watermelon': '5494510', 'registry': '8018911', 'hello-world': '8021526', 'docker/getting-started': '8021973', 'alpine': '7991792'}
14:40:54 INFO  EnvironmentC8y Setup
14:40:55 INFO  Executed systemctl&lt;serv_mapper1&gt;, exit status 3
14:40:55 INFO  Restarting mosquitto too frequently in the last 10 seconds. It was only up for 5 seconds
14:40:55 INFO  Delaying execution by 6 seconds
14:41:15 INFO  Executed sudo&lt;tedge_connect_c8y&gt;, exit status 0, duration 13 secs
14:41:15 INFO  Executed sudo&lt;tedge_connect_c8y_test&gt;, exit status 0
14:41:16 INFO  Executed systemctl&lt;serv_mosq2&gt;, exit status 0
14:41:16 INFO  Executed systemctl&lt;serv_mapper3&gt;, exit status 0
14:41:18 INFO  State of current operation: PENDING
14:41:21 INFO  State of current operation: PENDING
14:41:23 INFO  State of current operation: PENDING
14:41:25 INFO  State of current operation: PENDING
14:41:28 INFO  State of current operation: PENDING
14:41:30 INFO  State of current operation: PENDING
14:41:32 INFO  State of current operation: PENDING
14:41:34 INFO  State of current operation: PENDING
14:41:37 INFO  State of current operation: PENDING
14:41:39 INFO  State of current operation: PENDING
14:41:41 INFO  State of current operation: PENDING
14:41:43 INFO  State of current operation: PENDING
14:41:45 INFO  State of current operation: PENDING
14:41:48 INFO  State of current operation: PENDING
14:41:50 INFO  State of current operation: PENDING
14:41:52 INFO  State of current operation: PENDING
14:41:54 INFO  State of current operation: PENDING
14:41:57 INFO  State of current operation: PENDING
14:41:59 INFO  State of current operation: PENDING
14:42:01 INFO  State of current operation: PENDING
14:42:03 INFO  State of current operation: PENDING
14:42:06 INFO  State of current operation: PENDING
14:42:08 INFO  State of current operation: PENDING
14:42:10 INFO  State of current operation: PENDING
14:42:12 INFO  State of current operation: PENDING
14:42:14 INFO  State of current operation: PENDING
14:42:17 INFO  State of current operation: PENDING
14:42:19 INFO  State of current operation: PENDING
14:42:21 INFO  State of current operation: PENDING
14:42:23 INFO  State of current operation: PENDING
14:42:26 INFO  State of current operation: PENDING
14:42:28 INFO  State of current operation: PENDING
14:42:30 INFO  State of current operation: PENDING
14:42:32 INFO  State of current operation: PENDING
14:42:34 INFO  State of current operation: PENDING
14:42:37 INFO  State of current operation: PENDING
14:42:39 INFO  State of current operation: PENDING
14:42:41 INFO  State of current operation: PENDING
14:42:43 INFO  State of current operation: PENDING
14:42:46 INFO  State of current operation: PENDING
14:42:48 INFO  State of current operation: PENDING
14:42:50 INFO  State of current operation: PENDING
14:42:52 INFO  State of current operation: PENDING
14:42:55 INFO  State of current operation: PENDING
14:42:57 INFO  State of current operation: PENDING
14:42:59 INFO  State of current operation: PENDING
14:43:01 INFO  State of current operation: PENDING
14:43:03 INFO  State of current operation: PENDING
14:43:06 INFO  State of current operation: PENDING
14:43:08 INFO  State of current operation: PENDING
14:43:10 INFO  State of current operation: PENDING
14:43:12 INFO  State of current operation: PENDING
14:43:15 INFO  State of current operation: PENDING
14:43:17 INFO  State of current operation: PENDING
14:43:19 INFO  State of current operation: PENDING
14:43:21 INFO  State of current operation: PENDING
14:43:24 INFO  State of current operation: PENDING
14:43:26 INFO  State of current operation: PENDING
14:43:28 INFO  State of current operation: PENDING
14:43:30 INFO  State of current operation: PENDING
14:43:32 INFO  State of current operation: PENDING
14:43:34 WARN  SystemError occurred while running test - Timeout while waiting for status FAILED or SUCCESSFUL
Traceback (most recent call last):
  File &quot;/home/pi/env-pysys/lib/python3.7/site-packages/pysys/baserunner.py&quot;, line 1292, in __call__
    self.testObj.setup()
  File &quot;/home/pi/actions-runner/_work/thin-edge.io/thin-edge.io/tests/PySys/software_management_end_to_end/sm_apt_install_remove_default/run.py&quot;, line 26, in setup
    super().setup()
  File &quot;/home/pi/actions-runner/_work/thin-edge.io/thin-edge.io/tests/PySys/software_management_end_to_end/environment_sm_management.py&quot;, line 151, in setup
    self.wait_until_end()
  File &quot;/home/pi/actions-runner/_work/thin-edge.io/thin-edge.io/tests/PySys/software_management_end_to_end/environment_sm_management.py&quot;, line 332, in wait_until_end
    self.wait_until_status(&quot;FAILED&quot;, &quot;SUCCESSFUL&quot;)
  File &quot;/home/pi/actions-runner/_work/thin-edge.io/thin-edge.io/tests/PySys/software_management_end_to_end/environment_sm_management.py&quot;, line 381, in wait_until_status
    &quot;Timeout while waiting for status %s or %s&quot; % (status, status2)
SystemError: Timeout while waiting for status FAILED or SUCCESSFUL
14:43:34 WARN  SystemError: Timeout while waiting for status FAILED or SUCCESSFUL ... blocked 
14:43:34 INFO  
14:43:34 INFO  cleanup:
14:43:39 INFO  Executed sudo&lt;tedge_disconnect_c8y&gt;, exit status 0
14:43:40 INFO  Executed systemctl&lt;serv_mapper5&gt;, exit status 3
14:43:40 INFO  
14:43:40 INFO  Test duration: 165.73 secs
14:43:40 INFO  Test final outcome:  BLOCKED
14:43:40 INFO  Test outcome reason: SystemError: Timeout while waiting for status FAILED or SUCCESSFUL
14:43:40 INFO  
</system-out>
	</testcase>
</testsuite>
