<?xml version="1.0" encoding="utf-8"?>
<testsuite failures="1" name="SoftwareManagement.sm_fake_install_remove" skipped="0" tests="1" time="165.97" timestamp="2022-04-19T14:57:30">
	<testcase classname="PySysTest" name="SoftwareManagement.sm_fake_install_remove">
		<failure message="BLOCKED: SystemError: Timeout while waiting for status FAILED or SUCCESSFUL" type="BLOCKED"/>
		<system-out>14:54:44 INFO  ==============================================================
14:54:44 INFO  Id:    SoftwareManagement.sm_fake_install_remove
14:54:44 INFO  Dir:   software_management_end_to_end/
14:54:44 INFO  Title: Validate end to end behaviour for the dummy plugin for installation and removal of packages
14:54:44 INFO  ==============================================================
14:54:44 INFO  Using sw id database: {'asciijump': '5475369', 'robotfindskitten': '5474869', 'squirrel3': '5475279', 'rolldice': '5152439', 'moon-buggy': '5439204', 'apple': '5495053', 'banana': '5494888', 'cherry': '5495382', 'watermelon': '5494510', 'registry': '8018911', 'hello-world': '8021526', 'docker/getting-started': '8021973', 'alpine': '7991792'}
14:54:44 INFO  EnvironmentC8y Setup
14:54:45 INFO  Executed systemctl&lt;serv_mapper1&gt;, exit status 3
14:54:45 INFO  Restarting mosquitto too frequently in the last 10 seconds. It was only up for 5 seconds
14:54:45 INFO  Delaying execution by 6 seconds
14:55:05 INFO  Executed sudo&lt;tedge_connect_c8y&gt;, exit status 0, duration 14 secs
14:55:06 INFO  Executed sudo&lt;tedge_connect_c8y_test&gt;, exit status 0
14:55:06 INFO  Executed systemctl&lt;serv_mosq2&gt;, exit status 0
14:55:06 INFO  Executed systemctl&lt;serv_mapper3&gt;, exit status 0
14:55:09 INFO  State of current operation: PENDING
14:55:11 INFO  State of current operation: PENDING
14:55:13 INFO  State of current operation: PENDING
14:55:15 INFO  State of current operation: PENDING
14:55:18 INFO  State of current operation: PENDING
14:55:20 INFO  State of current operation: PENDING
14:55:22 INFO  State of current operation: PENDING
14:55:24 INFO  State of current operation: PENDING
14:55:27 INFO  State of current operation: PENDING
14:55:29 INFO  State of current operation: PENDING
14:55:31 INFO  State of current operation: PENDING
14:55:34 INFO  State of current operation: PENDING
14:55:36 INFO  State of current operation: PENDING
14:55:38 INFO  State of current operation: PENDING
14:55:40 INFO  State of current operation: PENDING
14:55:42 INFO  State of current operation: PENDING
14:55:45 INFO  State of current operation: PENDING
14:55:47 INFO  State of current operation: PENDING
14:55:49 INFO  State of current operation: PENDING
14:55:51 INFO  State of current operation: PENDING
14:55:54 INFO  State of current operation: PENDING
14:55:56 INFO  State of current operation: PENDING
14:55:58 INFO  State of current operation: PENDING
14:56:00 INFO  State of current operation: PENDING
14:56:03 INFO  State of current operation: PENDING
14:56:05 INFO  State of current operation: PENDING
14:56:07 INFO  State of current operation: PENDING
14:56:09 INFO  State of current operation: PENDING
14:56:12 INFO  State of current operation: PENDING
14:56:14 INFO  State of current operation: PENDING
14:56:16 INFO  State of current operation: PENDING
14:56:18 INFO  State of current operation: PENDING
14:56:20 INFO  State of current operation: PENDING
14:56:23 INFO  State of current operation: PENDING
14:56:25 INFO  State of current operation: PENDING
14:56:27 INFO  State of current operation: PENDING
14:56:29 INFO  State of current operation: PENDING
14:56:32 INFO  State of current operation: PENDING
14:56:34 INFO  State of current operation: PENDING
14:56:36 INFO  State of current operation: PENDING
14:56:38 INFO  State of current operation: PENDING
14:56:41 INFO  State of current operation: PENDING
14:56:43 INFO  State of current operation: PENDING
14:56:45 INFO  State of current operation: PENDING
14:56:47 INFO  State of current operation: PENDING
14:56:50 INFO  State of current operation: PENDING
14:56:52 INFO  State of current operation: PENDING
14:56:54 INFO  State of current operation: PENDING
14:56:56 INFO  State of current operation: PENDING
14:56:58 INFO  State of current operation: PENDING
14:57:01 INFO  State of current operation: PENDING
14:57:03 INFO  State of current operation: PENDING
14:57:05 INFO  State of current operation: PENDING
14:57:08 INFO  State of current operation: PENDING
14:57:10 INFO  State of current operation: PENDING
14:57:12 INFO  State of current operation: PENDING
14:57:14 INFO  State of current operation: PENDING
14:57:16 INFO  State of current operation: PENDING
14:57:19 INFO  State of current operation: PENDING
14:57:21 INFO  State of current operation: PENDING
14:57:23 INFO  State of current operation: PENDING
14:57:25 WARN  SystemError occurred while running test - Timeout while waiting for status FAILED or SUCCESSFUL
Traceback (most recent call last):
  File &quot;/home/pi/env-pysys/lib/python3.7/site-packages/pysys/baserunner.py&quot;, line 1292, in __call__
    self.testObj.setup()
  File &quot;/home/pi/actions-runner/_work/thin-edge.io/thin-edge.io/tests/PySys/software_management_end_to_end/sm_fake_install_remove/run.py&quot;, line 38, in setup
    super().setup()
  File &quot;/home/pi/actions-runner/_work/thin-edge.io/thin-edge.io/tests/PySys/software_management_end_to_end/environment_sm_management.py&quot;, line 151, in setup
    self.wait_until_end()
  File &quot;/home/pi/actions-runner/_work/thin-edge.io/thin-edge.io/tests/PySys/software_management_end_to_end/environment_sm_management.py&quot;, line 332, in wait_until_end
    self.wait_until_status(&quot;FAILED&quot;, &quot;SUCCESSFUL&quot;)
  File &quot;/home/pi/actions-runner/_work/thin-edge.io/thin-edge.io/tests/PySys/software_management_end_to_end/environment_sm_management.py&quot;, line 381, in wait_until_status
    &quot;Timeout while waiting for status %s or %s&quot; % (status, status2)
SystemError: Timeout while waiting for status FAILED or SUCCESSFUL
14:57:25 WARN  SystemError: Timeout while waiting for status FAILED or SUCCESSFUL ... blocked 
14:57:25 INFO  
14:57:25 INFO  cleanup:
14:57:30 INFO  Executed sudo&lt;tedge_disconnect_c8y&gt;, exit status 0
14:57:30 INFO  Executed systemctl&lt;serv_mapper5&gt;, exit status 3
14:57:30 INFO  
14:57:30 INFO  Test duration: 165.97 secs
14:57:30 INFO  Test final outcome:  BLOCKED
14:57:30 INFO  Test outcome reason: SystemError: Timeout while waiting for status FAILED or SUCCESSFUL
14:57:30 INFO  
</system-out>
	</testcase>
</testsuite>
