<?xml version="1.0" encoding="utf-8"?>
<testsuite failures="1" name="SoftwareManagement.sm_apt_install_remove_multiple_mixed" skipped="0" tests="1" time="179.76" timestamp="2022-04-28T16:42:01">
	<testcase classname="PySysTest" name="SoftwareManagement.sm_apt_install_remove_multiple_mixed">
		<failure message="BLOCKED: SystemError: Timeout while waiting for status SUCCESSFUL or False (+1 other failures)" type="BLOCKED"/>
		<system-out>16:39:01 INFO  ==============================================================
16:39:01 INFO  Id:    SoftwareManagement.sm_apt_install_remove_multiple_mixed
16:39:01 INFO  Dir:   software_management_end_to_end/
16:39:01 INFO  Title: Validate end to end behaviour for the apt plugin for multiple packages with mixed versions
16:39:01 INFO  ==============================================================
16:39:01 INFO  Using sw id database: {'asciijump': '5475369', 'robotfindskitten': '5474869', 'squirrel3': '5475279', 'rolldice': '5152439', 'moon-buggy': '5439204', 'apple': '5495053', 'banana': '5494888', 'cherry': '5495382', 'watermelon': '5494510', 'registry': '8018911', 'hello-world': '8021526', 'docker/getting-started': '8021973', 'alpine': '7991792'}
16:39:01 INFO  EnvironmentC8y Setup
16:39:02 INFO  Executed systemctl&lt;serv_mapper1&gt;, exit status 3
16:39:02 INFO  Restarting mosquitto too frequently in the last 10 seconds. It was only up for 5 seconds
16:39:02 INFO  Delaying execution by 6 seconds
16:39:22 INFO  Executed sudo&lt;tedge_connect_c8y&gt;, exit status 0, duration 13 secs
16:39:22 INFO  Executed sudo&lt;tedge_connect_c8y_test&gt;, exit status 0
16:39:23 INFO  Executed systemctl&lt;serv_mosq2&gt;, exit status 0
16:39:23 INFO  Executed systemctl&lt;serv_mapper3&gt;, exit status 0
16:39:26 INFO  State of current operation: SUCCESSFUL
16:39:26 INFO  Assert that (False == value) with value=False ... passed
16:39:26 INFO  Assert that (False == value) with value=False ... passed
16:39:26 INFO  Assert that (False == value) with value=False ... passed
16:39:27 INFO  Assert that (False == value) with value=False ... passed
16:39:27 INFO  Package moon-buggy is installed
16:39:27 WARN  Assert that (False == value) with value=True ... failed 
16:39:28 INFO  Response status: 201
16:39:28 INFO  Response to action: {
    &quot;delivery&quot;: {
        &quot;time&quot;: &quot;2022-04-28T16:39:28.619Z&quot;,
        &quot;log&quot;: [],
        &quot;status&quot;: &quot;PENDING&quot;
    },
    &quot;creationTime&quot;: &quot;2022-04-28T16:39:28.605Z&quot;,
    &quot;deviceName&quot;: &quot;mythicc&quot;,
    &quot;deviceId&quot;: &quot;17913167&quot;,
    &quot;self&quot;: &quot;https://t493319102.eu-latest.cumulocity.com/devicecontrol/operations/17923709&quot;,
    &quot;id&quot;: &quot;17923709&quot;,
    &quot;status&quot;: &quot;PENDING&quot;,
    &quot;description&quot;: &quot;Apply software changes, triggered from PySys: [{'action': 'install', 'id': '5475369', 'name': 'asciijump', 'url': ' ', 'version': '::apt'}, {'action': 'install', 'id': '5474869', 'name': 'robotfindskitten', 'url': ' ', 'version': ' '}, {'action': 'install', 'id': '5475279', 'name': 'squirrel3', 'url': ' ', 'version': '3.1-7::apt'}, {'action': 'install', 'id': '5152439', 'name': 'rolldice', 'url': ' ', 'version': '1.16-1+b1'}, {'action': 'install', 'id': '5439204', 'name': 'moon-buggy', 'url': ' ', 'version': '1:1.0.51-12'}, {'action': 'install', 'id': '5475369', 'name': 'asciijump', 'url': ' ', 'version': '::apt'}]&quot;,
    &quot;c8y_SoftwareUpdate&quot;: [
        {
            &quot;name&quot;: &quot;asciijump&quot;,
            &quot;action&quot;: &quot;install&quot;,
            &quot;id&quot;: &quot;5475369&quot;,
            &quot;version&quot;: &quot;::apt&quot;,
            &quot;url&quot;: &quot; &quot;
        },
        {
            &quot;name&quot;: &quot;robotfindskitten&quot;,
            &quot;action&quot;: &quot;install&quot;,
            &quot;id&quot;: &quot;5474869&quot;,
            &quot;version&quot;: &quot; &quot;,
            &quot;url&quot;: &quot; &quot;
        },
        {
            &quot;name&quot;: &quot;squirrel3&quot;,
            &quot;action&quot;: &quot;install&quot;,
            &quot;id&quot;: &quot;5475279&quot;,
            &quot;version&quot;: &quot;3.1-7::apt&quot;,
            &quot;url&quot;: &quot; &quot;
        },
        {
            &quot;name&quot;: &quot;rolldice&quot;,
            &quot;action&quot;: &quot;install&quot;,
            &quot;id&quot;: &quot;5152439&quot;,
            &quot;version&quot;: &quot;1.16-1+b1&quot;,
            &quot;url&quot;: &quot; &quot;
        },
        {
            &quot;name&quot;: &quot;moon-buggy&quot;,
            &quot;action&quot;: &quot;install&quot;,
            &quot;id&quot;: &quot;5439204&quot;,
            &quot;version&quot;: &quot;1:1.0.51-12&quot;,
            &quot;url&quot;: &quot; &quot;
        },
        {
            &quot;name&quot;: &quot;asciijump&quot;,
            &quot;action&quot;: &quot;install&quot;,
            &quot;id&quot;: &quot;5475369&quot;,
            &quot;version&quot;: &quot;::apt&quot;,
            &quot;url&quot;: &quot; &quot;
        }
    ]
}
16:39:28 INFO  Started operation: {'delivery': {'time': '2022-04-28T16:39:28.619Z', 'log': [], 'status': 'PENDING'}, 'creationTime': '2022-04-28T16:39:28.605Z', 'deviceName': 'mythicc', 'deviceId': '17913167', 'self': 'https://t493319102.eu-latest.cumulocity.com/devicecontrol/operations/17923709', 'id': '17923709', 'status': 'PENDING', 'description': &quot;Apply software changes, triggered from PySys: [{'action': 'install', 'id': '5475369', 'name': 'asciijump', 'url': ' ', 'version': '::apt'}, {'action': 'install', 'id': '5474869', 'name': 'robotfindskitten', 'url': ' ', 'version': ' '}, {'action': 'install', 'id': '5475279', 'name': 'squirrel3', 'url': ' ', 'version': '3.1-7::apt'}, {'action': 'install', 'id': '5152439', 'name': 'rolldice', 'url': ' ', 'version': '1.16-1+b1'}, {'action': 'install', 'id': '5439204', 'name': 'moon-buggy', 'url': ' ', 'version': '1:1.0.51-12'}, {'action': 'install', 'id': '5475369', 'name': 'asciijump', 'url': ' ', 'version': '::apt'}]&quot;, 'c8y_SoftwareUpdate': [{'name': 'asciijump', 'action': 'install', 'id': '5475369', 'version': '::apt', 'url': ' '}, {'name': 'robotfindskitten', 'action': 'install', 'id': '5474869', 'version': ' ', 'url': ' '}, {'name': 'squirrel3', 'action': 'install', 'id': '5475279', 'version': '3.1-7::apt', 'url': ' '}, {'name': 'rolldice', 'action': 'install', 'id': '5152439', 'version': '1.16-1+b1', 'url': ' '}, {'name': 'moon-buggy', 'action': 'install', 'id': '5439204', 'version': '1:1.0.51-12', 'url': ' '}, {'name': 'asciijump', 'action': 'install', 'id': '5475369', 'version': '::apt', 'url': ' '}]}
16:39:30 INFO  State of operation 17923709 : PENDING
16:39:33 INFO  State of operation 17923709 : EXECUTING
16:39:35 INFO  State of operation 17923709 : EXECUTING
16:39:37 INFO  State of operation 17923709 : EXECUTING
16:39:39 INFO  State of operation 17923709 : EXECUTING
16:39:41 INFO  State of operation 17923709 : EXECUTING
16:39:44 INFO  State of operation 17923709 : EXECUTING
16:39:47 INFO  State of operation 17923709 : EXECUTING
16:39:49 INFO  State of operation 17923709 : EXECUTING
16:39:52 INFO  State of operation 17923709 : EXECUTING
16:39:54 INFO  State of operation 17923709 : EXECUTING
16:39:56 INFO  State of operation 17923709 : EXECUTING
16:39:58 INFO  State of operation 17923709 : EXECUTING
16:40:01 INFO  State of operation 17923709 : EXECUTING
16:40:03 INFO  State of operation 17923709 : EXECUTING
16:40:05 INFO  State of operation 17923709 : EXECUTING
16:40:08 INFO  State of operation 17923709 : EXECUTING
16:40:10 INFO  State of operation 17923709 : EXECUTING
16:40:13 INFO  State of operation 17923709 : EXECUTING
16:40:15 INFO  State of operation 17923709 : EXECUTING
16:40:17 INFO  State of operation 17923709 : EXECUTING
16:40:19 INFO  State of operation 17923709 : EXECUTING
16:40:22 INFO  State of operation 17923709 : EXECUTING
16:40:24 INFO  State of operation 17923709 : EXECUTING
16:40:27 INFO  State of operation 17923709 : EXECUTING
16:40:29 INFO  State of operation 17923709 : EXECUTING
16:40:31 INFO  State of operation 17923709 : EXECUTING
16:40:34 INFO  State of operation 17923709 : EXECUTING
16:40:36 INFO  State of operation 17923709 : EXECUTING
16:40:38 INFO  State of operation 17923709 : EXECUTING
16:40:40 INFO  State of operation 17923709 : EXECUTING
16:40:43 INFO  State of operation 17923709 : EXECUTING
16:40:45 INFO  State of operation 17923709 : EXECUTING
16:40:47 INFO  State of operation 17923709 : EXECUTING
16:40:50 INFO  State of operation 17923709 : EXECUTING
16:40:52 INFO  State of operation 17923709 : EXECUTING
16:40:54 INFO  State of operation 17923709 : EXECUTING
16:40:56 INFO  State of operation 17923709 : EXECUTING
16:40:58 INFO  State of operation 17923709 : EXECUTING
16:41:01 INFO  State of operation 17923709 : EXECUTING
16:41:04 INFO  State of operation 17923709 : EXECUTING
16:41:06 INFO  State of operation 17923709 : EXECUTING
16:41:09 INFO  State of operation 17923709 : EXECUTING
16:41:11 INFO  State of operation 17923709 : EXECUTING
16:41:13 INFO  State of operation 17923709 : EXECUTING
16:41:16 INFO  State of operation 17923709 : EXECUTING
16:41:18 INFO  State of operation 17923709 : EXECUTING
16:41:20 INFO  State of operation 17923709 : EXECUTING
16:41:22 INFO  State of operation 17923709 : EXECUTING
16:41:25 INFO  State of operation 17923709 : EXECUTING
16:41:27 INFO  State of operation 17923709 : EXECUTING
16:41:30 INFO  State of operation 17923709 : EXECUTING
16:41:32 INFO  State of operation 17923709 : EXECUTING
16:41:34 INFO  State of operation 17923709 : EXECUTING
16:41:37 INFO  State of operation 17923709 : EXECUTING
16:41:39 INFO  State of operation 17923709 : EXECUTING
16:41:42 INFO  State of operation 17923709 : EXECUTING
16:41:44 INFO  State of operation 17923709 : EXECUTING
16:41:47 INFO  State of operation 17923709 : EXECUTING
16:41:49 INFO  State of operation 17923709 : EXECUTING
16:41:52 INFO  State of operation 17923709 : EXECUTING
16:41:54 WARN  SystemError occurred while running test - Timeout while waiting for status SUCCESSFUL or False
Traceback (most recent call last):
  File &quot;/home/pi/env-pysys/lib/python3.7/site-packages/pysys/baserunner.py&quot;, line 1294, in __call__
    self.testObj.execute()
  File &quot;/home/pi/actions-runner/_work/thin-edge.io/thin-edge.io/tests/PySys/software_management_end_to_end/sm_apt_install_remove_multiple_mixed/run.py&quot;, line 89, in execute
    self.wait_until_succcess()
  File &quot;/home/pi/actions-runner/_work/thin-edge.io/thin-edge.io/tests/PySys/software_management_end_to_end/environment_sm_management.py&quot;, line 324, in wait_until_succcess
    self.wait_until_status(&quot;SUCCESSFUL&quot;)
  File &quot;/home/pi/actions-runner/_work/thin-edge.io/thin-edge.io/tests/PySys/software_management_end_to_end/environment_sm_management.py&quot;, line 381, in wait_until_status
    &quot;Timeout while waiting for status %s or %s&quot; % (status, status2)
SystemError: Timeout while waiting for status SUCCESSFUL or False
16:41:54 WARN  SystemError: Timeout while waiting for status SUCCESSFUL or False ... blocked 
16:41:54 INFO  
16:41:54 INFO  cleanup:
16:42:00 INFO  Executed sudo&lt;tedge_disconnect_c8y&gt;, exit status 0
16:42:01 INFO  Executed systemctl&lt;serv_mapper5&gt;, exit status 3
16:42:01 INFO  
16:42:01 INFO  Test duration: 179.76 secs
16:42:01 INFO  Test final outcome:  BLOCKED
16:42:01 INFO  Test outcome reason: SystemError: Timeout while waiting for status SUCCESSFUL or False (+1 other failures)
16:42:01 INFO  
</system-out>
	</testcase>
</testsuite>
