<?xml version="1.0" encoding="utf-8"?>
<testsuite failures="1" name="SoftwareManagement.sm_mixed_install_remove_multiple" skipped="0" tests="1" time="169.32" timestamp="2022-05-09T08:25:22">
	<testcase classname="PySysTest" name="SoftwareManagement.sm_mixed_install_remove_multiple">
		<failure message="FAILED: Assert that (False == value) with value=True" type="FAILED"/>
		<system-out>08:22:32 INFO  ==============================================================
08:22:32 INFO  Id:    SoftwareManagement.sm_mixed_install_remove_multiple
08:22:32 INFO  Dir:   software_management_end_to_end/
08:22:32 INFO  Title: Validate end to end behaviour for the dummy-plugin for multiple packages with mixed versions
08:22:32 INFO  ==============================================================
08:22:32 INFO  Using sw id database: {'asciijump': '5475369', 'robotfindskitten': '5474869', 'squirrel3': '5475279', 'rolldice': '5152439', 'moon-buggy': '5439204', 'apple': '5495053', 'banana': '5494888', 'cherry': '5495382', 'watermelon': '5494510', 'registry': '8018911', 'hello-world': '8021526', 'docker/getting-started': '8021973', 'alpine': '7991792'}
08:22:32 INFO  EnvironmentC8y Setup
08:22:33 INFO  Executed systemctl&lt;serv_mapper1&gt;, exit status 3
08:22:33 INFO  Restarting mosquitto too frequently in the last 10 seconds. It was only up for 7 seconds
08:22:33 INFO  Delaying execution by 4 seconds
08:22:52 INFO  Executed sudo&lt;tedge_connect_c8y&gt;, exit status 0, duration 14 secs
08:22:52 INFO  Executed sudo&lt;tedge_connect_c8y_test&gt;, exit status 0
08:22:53 INFO  Executed systemctl&lt;serv_mosq2&gt;, exit status 0
08:22:53 INFO  Executed systemctl&lt;serv_mapper3&gt;, exit status 0
08:22:55 INFO  State of current operation: SUCCESSFUL
08:22:56 INFO  Package apple is installed
08:22:56 INFO  Assert that (True == value) with value=True ... passed
08:22:56 INFO  Package banana is installed
08:22:56 INFO  Assert that (True == value) with value=True ... passed
08:22:56 INFO  Package cherry is installed
08:22:56 INFO  Assert that (True == value) with value=True ... passed
08:22:56 INFO  Package asciijump is installed
08:22:56 WARN  Assert that (False == value) with value=True ... failed 
08:22:57 INFO  Assert that (False == value) with value=False ... passed
08:22:57 INFO  Response status: 201
08:22:57 INFO  Response to action: {
    &quot;creationTime&quot;: &quot;2022-05-09T08:22:57.370Z&quot;,
    &quot;deviceName&quot;: &quot;mythicc&quot;,
    &quot;deviceId&quot;: &quot;18507404&quot;,
    &quot;self&quot;: &quot;https://t493319102.eu-latest.cumulocity.com/devicecontrol/operations/18523761&quot;,
    &quot;id&quot;: &quot;18523761&quot;,
    &quot;status&quot;: &quot;PENDING&quot;,
    &quot;description&quot;: &quot;Apply software changes, triggered from PySys: [{'action': 'install', 'id': '5495053', 'name': 'apple', 'url': ' ', 'version': '::fruits'}, {'action': 'install', 'id': '5494888', 'name': 'banana', 'url': ' ', 'version': '::fruits'}, {'action': 'install', 'id': '5475369', 'name': 'asciijump', 'url': ' ', 'version': '::apt'}, {'action': 'install', 'id': '5495382', 'name': 'cherry', 'url': ' ', 'version': '::fruits'}, {'action': 'install', 'id': '8018911', 'name': 'registry', 'url': ' ', 'version': '::docker'}]&quot;,
    &quot;c8y_SoftwareUpdate&quot;: [
        {
            &quot;name&quot;: &quot;apple&quot;,
            &quot;action&quot;: &quot;install&quot;,
            &quot;id&quot;: &quot;5495053&quot;,
            &quot;version&quot;: &quot;::fruits&quot;,
            &quot;url&quot;: &quot; &quot;
        },
        {
            &quot;name&quot;: &quot;banana&quot;,
            &quot;action&quot;: &quot;install&quot;,
            &quot;id&quot;: &quot;5494888&quot;,
            &quot;version&quot;: &quot;::fruits&quot;,
            &quot;url&quot;: &quot; &quot;
        },
        {
            &quot;name&quot;: &quot;asciijump&quot;,
            &quot;action&quot;: &quot;install&quot;,
            &quot;id&quot;: &quot;5475369&quot;,
            &quot;version&quot;: &quot;::apt&quot;,
            &quot;url&quot;: &quot; &quot;
        },
        {
            &quot;name&quot;: &quot;cherry&quot;,
            &quot;action&quot;: &quot;install&quot;,
            &quot;id&quot;: &quot;5495382&quot;,
            &quot;version&quot;: &quot;::fruits&quot;,
            &quot;url&quot;: &quot; &quot;
        },
        {
            &quot;name&quot;: &quot;registry&quot;,
            &quot;action&quot;: &quot;install&quot;,
            &quot;id&quot;: &quot;8018911&quot;,
            &quot;version&quot;: &quot;::docker&quot;,
            &quot;url&quot;: &quot; &quot;
        }
    ]
}
08:22:57 INFO  Started operation: {'creationTime': '2022-05-09T08:22:57.370Z', 'deviceName': 'mythicc', 'deviceId': '18507404', 'self': 'https://t493319102.eu-latest.cumulocity.com/devicecontrol/operations/18523761', 'id': '18523761', 'status': 'PENDING', 'description': &quot;Apply software changes, triggered from PySys: [{'action': 'install', 'id': '5495053', 'name': 'apple', 'url': ' ', 'version': '::fruits'}, {'action': 'install', 'id': '5494888', 'name': 'banana', 'url': ' ', 'version': '::fruits'}, {'action': 'install', 'id': '5475369', 'name': 'asciijump', 'url': ' ', 'version': '::apt'}, {'action': 'install', 'id': '5495382', 'name': 'cherry', 'url': ' ', 'version': '::fruits'}, {'action': 'install', 'id': '8018911', 'name': 'registry', 'url': ' ', 'version': '::docker'}]&quot;, 'c8y_SoftwareUpdate': [{'name': 'apple', 'action': 'install', 'id': '5495053', 'version': '::fruits', 'url': ' '}, {'name': 'banana', 'action': 'install', 'id': '5494888', 'version': '::fruits', 'url': ' '}, {'name': 'asciijump', 'action': 'install', 'id': '5475369', 'version': '::apt', 'url': ' '}, {'name': 'cherry', 'action': 'install', 'id': '5495382', 'version': '::fruits', 'url': ' '}, {'name': 'registry', 'action': 'install', 'id': '8018911', 'version': '::docker', 'url': ' '}]}
08:22:59 INFO  State of operation 18523761 : PENDING
08:23:01 INFO  State of operation 18523761 : EXECUTING
08:23:04 INFO  State of operation 18523761 : EXECUTING
08:23:06 INFO  State of operation 18523761 : EXECUTING
08:23:08 INFO  State of operation 18523761 : EXECUTING
08:23:10 INFO  State of operation 18523761 : EXECUTING
08:23:13 INFO  State of operation 18523761 : EXECUTING
08:23:15 INFO  State of operation 18523761 : EXECUTING
08:23:19 INFO  State of operation 18523761 : EXECUTING
08:23:21 INFO  State of operation 18523761 : EXECUTING
08:23:23 INFO  State of operation 18523761 : EXECUTING
08:23:25 INFO  State of operation 18523761 : EXECUTING
08:23:28 INFO  State of operation 18523761 : EXECUTING
08:23:30 INFO  State of operation 18523761 : EXECUTING
08:23:32 INFO  State of operation 18523761 : EXECUTING
08:23:34 INFO  State of operation 18523761 : EXECUTING
08:23:37 INFO  State of operation 18523761 : EXECUTING
08:23:39 INFO  State of operation 18523761 : EXECUTING
08:23:41 INFO  State of operation 18523761 : EXECUTING
08:23:43 INFO  State of operation 18523761 : EXECUTING
08:23:46 INFO  State of operation 18523761 : EXECUTING
08:23:48 INFO  State of operation 18523761 : EXECUTING
08:23:50 INFO  State of operation 18523761 : EXECUTING
08:23:52 INFO  State of operation 18523761 : EXECUTING
08:23:55 INFO  State of operation 18523761 : EXECUTING
08:23:57 INFO  State of operation 18523761 : EXECUTING
08:23:59 INFO  State of operation 18523761 : SUCCESSFUL
08:23:59 INFO  Package apple is installed
08:23:59 INFO  Assert that (True == value) with value=True ... passed
08:24:00 INFO  Package banana is installed
08:24:00 INFO  Assert that (True == value) with value=True ... passed
08:24:00 INFO  Package cherry is installed
08:24:00 INFO  Assert that (True == value) with value=True ... passed
08:24:00 INFO  Package asciijump is installed
08:24:00 INFO  Assert that (True == value) with value=True ... passed
08:24:00 INFO  Package registry is installed
08:24:00 INFO  Assert that (True == value) with value=True ... passed
08:24:01 INFO  Response status: 201
08:24:01 INFO  Response to action: {
    &quot;creationTime&quot;: &quot;2022-05-09T08:24:01.022Z&quot;,
    &quot;deviceName&quot;: &quot;mythicc&quot;,
    &quot;deviceId&quot;: &quot;18507404&quot;,
    &quot;self&quot;: &quot;https://t493319102.eu-latest.cumulocity.com/devicecontrol/operations/18523771&quot;,
    &quot;id&quot;: &quot;18523771&quot;,
    &quot;status&quot;: &quot;PENDING&quot;,
    &quot;description&quot;: &quot;Apply software changes, triggered from PySys: [{'action': 'delete', 'id': '5495053', 'name': 'apple', 'url': ' ', 'version': '::fruits'}, {'action': 'delete', 'id': '5494888', 'name': 'banana', 'url': ' ', 'version': '::fruits'}, {'action': 'delete', 'id': '5475369', 'name': 'asciijump', 'url': ' ', 'version': '::apt'}, {'action': 'delete', 'id': '5495382', 'name': 'cherry', 'url': ' ', 'version': '::fruits'}, {'action': 'delete', 'id': '8018911', 'name': 'registry', 'url': ' ', 'version': '::docker'}]&quot;,
    &quot;c8y_SoftwareUpdate&quot;: [
        {
            &quot;name&quot;: &quot;apple&quot;,
            &quot;action&quot;: &quot;delete&quot;,
            &quot;id&quot;: &quot;5495053&quot;,
            &quot;version&quot;: &quot;::fruits&quot;,
            &quot;url&quot;: &quot; &quot;
        },
        {
            &quot;name&quot;: &quot;banana&quot;,
            &quot;action&quot;: &quot;delete&quot;,
            &quot;id&quot;: &quot;5494888&quot;,
            &quot;version&quot;: &quot;::fruits&quot;,
            &quot;url&quot;: &quot; &quot;
        },
        {
            &quot;name&quot;: &quot;asciijump&quot;,
            &quot;action&quot;: &quot;delete&quot;,
            &quot;id&quot;: &quot;5475369&quot;,
            &quot;version&quot;: &quot;::apt&quot;,
            &quot;url&quot;: &quot; &quot;
        },
        {
            &quot;name&quot;: &quot;cherry&quot;,
            &quot;action&quot;: &quot;delete&quot;,
            &quot;id&quot;: &quot;5495382&quot;,
            &quot;version&quot;: &quot;::fruits&quot;,
            &quot;url&quot;: &quot; &quot;
        },
        {
            &quot;name&quot;: &quot;registry&quot;,
            &quot;action&quot;: &quot;delete&quot;,
            &quot;id&quot;: &quot;8018911&quot;,
            &quot;version&quot;: &quot;::docker&quot;,
            &quot;url&quot;: &quot; &quot;
        }
    ]
}
08:24:01 INFO  Started operation: {'creationTime': '2022-05-09T08:24:01.022Z', 'deviceName': 'mythicc', 'deviceId': '18507404', 'self': 'https://t493319102.eu-latest.cumulocity.com/devicecontrol/operations/18523771', 'id': '18523771', 'status': 'PENDING', 'description': &quot;Apply software changes, triggered from PySys: [{'action': 'delete', 'id': '5495053', 'name': 'apple', 'url': ' ', 'version': '::fruits'}, {'action': 'delete', 'id': '5494888', 'name': 'banana', 'url': ' ', 'version': '::fruits'}, {'action': 'delete', 'id': '5475369', 'name': 'asciijump', 'url': ' ', 'version': '::apt'}, {'action': 'delete', 'id': '5495382', 'name': 'cherry', 'url': ' ', 'version': '::fruits'}, {'action': 'delete', 'id': '8018911', 'name': 'registry', 'url': ' ', 'version': '::docker'}]&quot;, 'c8y_SoftwareUpdate': [{'name': 'apple', 'action': 'delete', 'id': '5495053', 'version': '::fruits', 'url': ' '}, {'name': 'banana', 'action': 'delete', 'id': '5494888', 'version': '::fruits', 'url': ' '}, {'name': 'asciijump', 'action': 'delete', 'id': '5475369', 'version': '::apt', 'url': ' '}, {'name': 'cherry', 'action': 'delete', 'id': '5495382', 'version': '::fruits', 'url': ' '}, {'name': 'registry', 'action': 'delete', 'id': '8018911', 'version': '::docker', 'url': ' '}]}
08:24:03 INFO  State of operation 18523771 : PENDING
08:24:05 INFO  State of operation 18523771 : EXECUTING
08:24:07 INFO  State of operation 18523771 : EXECUTING
08:24:10 INFO  State of operation 18523771 : EXECUTING
08:24:12 INFO  State of operation 18523771 : EXECUTING
08:24:14 INFO  State of operation 18523771 : EXECUTING
08:24:16 INFO  State of operation 18523771 : EXECUTING
08:24:19 INFO  State of operation 18523771 : EXECUTING
08:24:22 INFO  State of operation 18523771 : EXECUTING
08:24:25 INFO  State of operation 18523771 : EXECUTING
08:24:27 INFO  State of operation 18523771 : EXECUTING
08:24:29 INFO  State of operation 18523771 : EXECUTING
08:24:31 INFO  State of operation 18523771 : EXECUTING
08:24:34 INFO  State of operation 18523771 : EXECUTING
08:24:36 INFO  State of operation 18523771 : EXECUTING
08:24:38 INFO  State of operation 18523771 : EXECUTING
08:24:41 INFO  State of operation 18523771 : EXECUTING
08:24:43 INFO  State of operation 18523771 : EXECUTING
08:24:46 INFO  State of operation 18523771 : EXECUTING
08:24:48 INFO  State of operation 18523771 : EXECUTING
08:24:50 INFO  State of operation 18523771 : EXECUTING
08:24:52 INFO  State of operation 18523771 : EXECUTING
08:24:55 INFO  State of operation 18523771 : EXECUTING
08:24:57 INFO  State of operation 18523771 : EXECUTING
08:25:00 INFO  State of operation 18523771 : EXECUTING
08:25:02 INFO  State of operation 18523771 : EXECUTING
08:25:04 INFO  State of operation 18523771 : EXECUTING
08:25:06 INFO  State of operation 18523771 : EXECUTING
08:25:09 INFO  State of operation 18523771 : EXECUTING
08:25:11 INFO  State of operation 18523771 : EXECUTING
08:25:13 INFO  State of operation 18523771 : EXECUTING
08:25:15 INFO  State of operation 18523771 : SUCCESSFUL
08:25:16 INFO  Package apple is installed
08:25:16 INFO  Assert that (True == value) with value=True ... passed
08:25:16 INFO  Package banana is installed
08:25:16 INFO  Assert that (True == value) with value=True ... passed
08:25:16 INFO  Package cherry is installed
08:25:16 INFO  Assert that (True == value) with value=True ... passed
08:25:17 INFO  Assert that (False == value) with value=False ... passed
08:25:17 INFO  Assert that (False == value) with value=False ... passed
08:25:17 INFO  
08:25:17 INFO  cleanup:
08:25:21 INFO  Executed sudo&lt;tedge_disconnect_c8y&gt;, exit status 0
08:25:22 INFO  Executed systemctl&lt;serv_mapper5&gt;, exit status 3
08:25:22 INFO  
08:25:22 INFO  Test duration: 169.32 secs
08:25:22 INFO  Test final outcome:  FAILED
08:25:22 INFO  Test outcome reason: Assert that (False == value) with value=True
08:25:22 INFO  
</system-out>
	</testcase>
</testsuite>
