<?xml version="1.0" encoding="utf-8"?>
<testsuite failures="1" name="SoftwareManagement.sm_apt_install_remove_multiple_mixed" skipped="0" tests="1" time="181.04" timestamp="2022-04-15T10:12:22">
	<testcase classname="PySysTest" name="SoftwareManagement.sm_apt_install_remove_multiple_mixed">
		<failure message="BLOCKED: SystemError: Timeout while waiting for status SUCCESSFUL or False (+1 other failures)" type="BLOCKED"/>
		<system-out>10:09:21 INFO  ==============================================================
10:09:21 INFO  Id:    SoftwareManagement.sm_apt_install_remove_multiple_mixed
10:09:21 INFO  Dir:   software_management_end_to_end/
10:09:21 INFO  Title: Validate end to end behaviour for the apt plugin for multiple packages with mixed versions
10:09:21 INFO  ==============================================================
10:09:21 INFO  Using sw id database: {'asciijump': '5475369', 'robotfindskitten': '5474869', 'squirrel3': '5475279', 'rolldice': '5152439', 'moon-buggy': '5439204', 'apple': '5495053', 'banana': '5494888', 'cherry': '5495382', 'watermelon': '5494510', 'registry': '8018911', 'hello-world': '8021526', 'docker/getting-started': '8021973', 'alpine': '7991792'}
10:09:21 INFO  EnvironmentC8y Setup
10:09:21 INFO  Executed systemctl&lt;serv_mapper1&gt;, exit status 3
10:09:22 INFO  Restarting mosquitto too frequently in the last 10 seconds. It was only up for 5 seconds
10:09:22 INFO  Delaying execution by 6 seconds
10:09:42 INFO  Executed sudo&lt;tedge_connect_c8y&gt;, exit status 0, duration 14 secs
10:09:42 INFO  Executed sudo&lt;tedge_connect_c8y_test&gt;, exit status 0
10:09:43 INFO  Executed systemctl&lt;serv_mosq2&gt;, exit status 0
10:09:43 INFO  Executed systemctl&lt;serv_mapper3&gt;, exit status 0
10:09:46 INFO  State of current operation: SUCCESSFUL
10:09:46 INFO  Assert that (False == value) with value=False ... passed
10:09:46 INFO  Assert that (False == value) with value=False ... passed
10:09:46 INFO  Assert that (False == value) with value=False ... passed
10:09:47 INFO  Assert that (False == value) with value=False ... passed
10:09:47 INFO  Package moon-buggy is installed
10:09:47 WARN  Assert that (False == value) with value=True ... failed 
10:09:48 INFO  Response status: 201
10:09:48 INFO  Response to action: {
    &quot;creationTime&quot;: &quot;2022-04-15T10:09:48.623Z&quot;,
    &quot;deviceName&quot;: &quot;mythica&quot;,
    &quot;deviceId&quot;: &quot;17361611&quot;,
    &quot;self&quot;: &quot;https://t493319102.eu-latest.cumulocity.com/devicecontrol/operations/17372167&quot;,
    &quot;id&quot;: &quot;17372167&quot;,
    &quot;status&quot;: &quot;PENDING&quot;,
    &quot;description&quot;: &quot;Apply software changes, triggered from PySys: [{'action': 'install', 'id': '5475369', 'name': 'asciijump', 'url': ' ', 'version': '::apt'}, {'action': 'install', 'id': '5474869', 'name': 'robotfindskitten', 'url': ' ', 'version': ' '}, {'action': 'install', 'id': '5475279', 'name': 'squirrel3', 'url': ' ', 'version': '3.1-7::apt'}, {'action': 'install', 'id': '5152439', 'name': 'rolldice', 'url': ' ', 'version': '1.16-1+b1'}, {'action': 'install', 'id': '5439204', 'name': 'moon-buggy', 'url': ' ', 'version': '1:1.0.51-12'}, {'action': 'install', 'id': '5475369', 'name': 'asciijump', 'url': ' ', 'version': '::apt'}]&quot;,
    &quot;c8y_SoftwareUpdate&quot;: [
        {
            &quot;name&quot;: &quot;asciijump&quot;,
            &quot;action&quot;: &quot;install&quot;,
            &quot;id&quot;: &quot;5475369&quot;,
            &quot;version&quot;: &quot;::apt&quot;,
            &quot;url&quot;: &quot; &quot;
        },
        {
            &quot;name&quot;: &quot;robotfindskitten&quot;,
            &quot;action&quot;: &quot;install&quot;,
            &quot;id&quot;: &quot;5474869&quot;,
            &quot;version&quot;: &quot; &quot;,
            &quot;url&quot;: &quot; &quot;
        },
        {
            &quot;name&quot;: &quot;squirrel3&quot;,
            &quot;action&quot;: &quot;install&quot;,
            &quot;id&quot;: &quot;5475279&quot;,
            &quot;version&quot;: &quot;3.1-7::apt&quot;,
            &quot;url&quot;: &quot; &quot;
        },
        {
            &quot;name&quot;: &quot;rolldice&quot;,
            &quot;action&quot;: &quot;install&quot;,
            &quot;id&quot;: &quot;5152439&quot;,
            &quot;version&quot;: &quot;1.16-1+b1&quot;,
            &quot;url&quot;: &quot; &quot;
        },
        {
            &quot;name&quot;: &quot;moon-buggy&quot;,
            &quot;action&quot;: &quot;install&quot;,
            &quot;id&quot;: &quot;5439204&quot;,
            &quot;version&quot;: &quot;1:1.0.51-12&quot;,
            &quot;url&quot;: &quot; &quot;
        },
        {
            &quot;name&quot;: &quot;asciijump&quot;,
            &quot;action&quot;: &quot;install&quot;,
            &quot;id&quot;: &quot;5475369&quot;,
            &quot;version&quot;: &quot;::apt&quot;,
            &quot;url&quot;: &quot; &quot;
        }
    ]
}
10:09:48 INFO  Started operation: {'creationTime': '2022-04-15T10:09:48.623Z', 'deviceName': 'mythica', 'deviceId': '17361611', 'self': 'https://t493319102.eu-latest.cumulocity.com/devicecontrol/operations/17372167', 'id': '17372167', 'status': 'PENDING', 'description': &quot;Apply software changes, triggered from PySys: [{'action': 'install', 'id': '5475369', 'name': 'asciijump', 'url': ' ', 'version': '::apt'}, {'action': 'install', 'id': '5474869', 'name': 'robotfindskitten', 'url': ' ', 'version': ' '}, {'action': 'install', 'id': '5475279', 'name': 'squirrel3', 'url': ' ', 'version': '3.1-7::apt'}, {'action': 'install', 'id': '5152439', 'name': 'rolldice', 'url': ' ', 'version': '1.16-1+b1'}, {'action': 'install', 'id': '5439204', 'name': 'moon-buggy', 'url': ' ', 'version': '1:1.0.51-12'}, {'action': 'install', 'id': '5475369', 'name': 'asciijump', 'url': ' ', 'version': '::apt'}]&quot;, 'c8y_SoftwareUpdate': [{'name': 'asciijump', 'action': 'install', 'id': '5475369', 'version': '::apt', 'url': ' '}, {'name': 'robotfindskitten', 'action': 'install', 'id': '5474869', 'version': ' ', 'url': ' '}, {'name': 'squirrel3', 'action': 'install', 'id': '5475279', 'version': '3.1-7::apt', 'url': ' '}, {'name': 'rolldice', 'action': 'install', 'id': '5152439', 'version': '1.16-1+b1', 'url': ' '}, {'name': 'moon-buggy', 'action': 'install', 'id': '5439204', 'version': '1:1.0.51-12', 'url': ' '}, {'name': 'asciijump', 'action': 'install', 'id': '5475369', 'version': '::apt', 'url': ' '}]}
10:09:50 INFO  State of operation 17372167 : PENDING
10:09:53 INFO  State of operation 17372167 : EXECUTING
10:09:55 INFO  State of operation 17372167 : EXECUTING
10:09:57 INFO  State of operation 17372167 : EXECUTING
10:09:59 INFO  State of operation 17372167 : EXECUTING
10:10:02 INFO  State of operation 17372167 : EXECUTING
10:10:04 INFO  State of operation 17372167 : EXECUTING
10:10:07 INFO  State of operation 17372167 : EXECUTING
10:10:09 INFO  State of operation 17372167 : EXECUTING
10:10:12 INFO  State of operation 17372167 : EXECUTING
10:10:14 INFO  State of operation 17372167 : EXECUTING
10:10:16 INFO  State of operation 17372167 : EXECUTING
10:10:19 INFO  State of operation 17372167 : EXECUTING
10:10:21 INFO  State of operation 17372167 : EXECUTING
10:10:23 INFO  State of operation 17372167 : EXECUTING
10:10:25 INFO  State of operation 17372167 : EXECUTING
10:10:28 INFO  State of operation 17372167 : EXECUTING
10:10:30 INFO  State of operation 17372167 : EXECUTING
10:10:33 INFO  State of operation 17372167 : EXECUTING
10:10:35 INFO  State of operation 17372167 : EXECUTING
10:10:38 INFO  State of operation 17372167 : EXECUTING
10:10:40 INFO  State of operation 17372167 : EXECUTING
10:10:42 INFO  State of operation 17372167 : EXECUTING
10:10:45 INFO  State of operation 17372167 : EXECUTING
10:10:48 INFO  State of operation 17372167 : EXECUTING
10:10:50 INFO  State of operation 17372167 : EXECUTING
10:10:53 INFO  State of operation 17372167 : EXECUTING
10:10:56 INFO  State of operation 17372167 : EXECUTING
10:10:58 INFO  State of operation 17372167 : EXECUTING
10:11:00 INFO  State of operation 17372167 : EXECUTING
10:11:03 INFO  State of operation 17372167 : EXECUTING
10:11:05 INFO  State of operation 17372167 : EXECUTING
10:11:07 INFO  State of operation 17372167 : EXECUTING
10:11:09 INFO  State of operation 17372167 : EXECUTING
10:11:12 INFO  State of operation 17372167 : EXECUTING
10:11:14 INFO  State of operation 17372167 : EXECUTING
10:11:16 INFO  State of operation 17372167 : EXECUTING
10:11:18 INFO  State of operation 17372167 : EXECUTING
10:11:21 INFO  State of operation 17372167 : EXECUTING
10:11:23 INFO  State of operation 17372167 : EXECUTING
10:11:26 INFO  State of operation 17372167 : EXECUTING
10:11:28 INFO  State of operation 17372167 : EXECUTING
10:11:30 INFO  State of operation 17372167 : EXECUTING
10:11:33 INFO  State of operation 17372167 : EXECUTING
10:11:35 INFO  State of operation 17372167 : EXECUTING
10:11:37 INFO  State of operation 17372167 : EXECUTING
10:11:39 INFO  State of operation 17372167 : EXECUTING
10:11:42 INFO  State of operation 17372167 : EXECUTING
10:11:44 INFO  State of operation 17372167 : EXECUTING
10:11:47 INFO  State of operation 17372167 : EXECUTING
10:11:49 INFO  State of operation 17372167 : EXECUTING
10:11:51 INFO  State of operation 17372167 : EXECUTING
10:11:53 INFO  State of operation 17372167 : EXECUTING
10:11:56 INFO  State of operation 17372167 : EXECUTING
10:11:58 INFO  State of operation 17372167 : EXECUTING
10:12:01 INFO  State of operation 17372167 : EXECUTING
10:12:03 INFO  State of operation 17372167 : EXECUTING
10:12:05 INFO  State of operation 17372167 : EXECUTING
10:12:08 INFO  State of operation 17372167 : EXECUTING
10:12:10 INFO  State of operation 17372167 : EXECUTING
10:12:13 INFO  State of operation 17372167 : EXECUTING
10:12:15 WARN  SystemError occurred while running test - Timeout while waiting for status SUCCESSFUL or False
Traceback (most recent call last):
  File &quot;/home/pi/env-pysys/lib/python3.7/site-packages/pysys/baserunner.py&quot;, line 1294, in __call__
    self.testObj.execute()
  File &quot;/home/pi/actions-runner/_work/thin-edge.io/thin-edge.io/tests/PySys/software_management_end_to_end/sm_apt_install_remove_multiple_mixed/run.py&quot;, line 89, in execute
    self.wait_until_succcess()
  File &quot;/home/pi/actions-runner/_work/thin-edge.io/thin-edge.io/tests/PySys/software_management_end_to_end/environment_sm_management.py&quot;, line 324, in wait_until_succcess
    self.wait_until_status(&quot;SUCCESSFUL&quot;)
  File &quot;/home/pi/actions-runner/_work/thin-edge.io/thin-edge.io/tests/PySys/software_management_end_to_end/environment_sm_management.py&quot;, line 381, in wait_until_status
    &quot;Timeout while waiting for status %s or %s&quot; % (status, status2)
SystemError: Timeout while waiting for status SUCCESSFUL or False
10:12:15 WARN  SystemError: Timeout while waiting for status SUCCESSFUL or False ... blocked 
10:12:15 INFO  
10:12:15 INFO  cleanup:
10:12:21 INFO  Executed sudo&lt;tedge_disconnect_c8y&gt;, exit status 0
10:12:22 INFO  Executed systemctl&lt;serv_mapper5&gt;, exit status 3
10:12:22 INFO  
10:12:22 INFO  Test duration: 181.04 secs
10:12:22 INFO  Test final outcome:  BLOCKED
10:12:22 INFO  Test outcome reason: SystemError: Timeout while waiting for status SUCCESSFUL or False (+1 other failures)
10:12:22 INFO  
</system-out>
	</testcase>
</testsuite>
