<?xml version="1.0" encoding="utf-8"?>
<testsuite failures="1" name="SoftwareManagement.sm_mixed_install_remove_multiple" skipped="0" tests="1" time="168.7" timestamp="2022-04-15T10:22:11">
	<testcase classname="PySysTest" name="SoftwareManagement.sm_mixed_install_remove_multiple">
		<failure message="FAILED: Assert that (False == value) with value=True" type="FAILED"/>
		<system-out>10:19:22 INFO  ==============================================================
10:19:22 INFO  Id:    SoftwareManagement.sm_mixed_install_remove_multiple
10:19:22 INFO  Dir:   software_management_end_to_end/
10:19:22 INFO  Title: Validate end to end behaviour for the dummy-plugin for multiple packages with mixed versions
10:19:22 INFO  ==============================================================
10:19:22 INFO  Using sw id database: {'asciijump': '5475369', 'robotfindskitten': '5474869', 'squirrel3': '5475279', 'rolldice': '5152439', 'moon-buggy': '5439204', 'apple': '5495053', 'banana': '5494888', 'cherry': '5495382', 'watermelon': '5494510', 'registry': '8018911', 'hello-world': '8021526', 'docker/getting-started': '8021973', 'alpine': '7991792'}
10:19:22 INFO  EnvironmentC8y Setup
10:19:22 INFO  Executed systemctl&lt;serv_mapper1&gt;, exit status 3
10:19:23 INFO  Restarting mosquitto too frequently in the last 10 seconds. It was only up for 5 seconds
10:19:23 INFO  Delaying execution by 6 seconds
10:19:43 INFO  Executed sudo&lt;tedge_connect_c8y&gt;, exit status 0, duration 14 secs
10:19:44 INFO  Executed sudo&lt;tedge_connect_c8y_test&gt;, exit status 0
10:19:44 INFO  Executed systemctl&lt;serv_mosq2&gt;, exit status 0
10:19:45 INFO  Executed systemctl&lt;serv_mapper3&gt;, exit status 0
10:19:47 INFO  State of current operation: SUCCESSFUL
10:19:47 INFO  Package apple is installed
10:19:47 INFO  Assert that (True == value) with value=True ... passed
10:19:47 INFO  Package banana is installed
10:19:47 INFO  Assert that (True == value) with value=True ... passed
10:19:48 INFO  Package cherry is installed
10:19:48 INFO  Assert that (True == value) with value=True ... passed
10:19:48 INFO  Package asciijump is installed
10:19:48 WARN  Assert that (False == value) with value=True ... failed 
10:19:48 INFO  Assert that (False == value) with value=False ... passed
10:19:48 INFO  Response status: 201
10:19:48 INFO  Response to action: {
    &quot;creationTime&quot;: &quot;2022-04-15T10:19:48.768Z&quot;,
    &quot;deviceName&quot;: &quot;mythica&quot;,
    &quot;deviceId&quot;: &quot;17361611&quot;,
    &quot;self&quot;: &quot;https://t493319102.eu-latest.cumulocity.com/devicecontrol/operations/17372239&quot;,
    &quot;id&quot;: &quot;17372239&quot;,
    &quot;status&quot;: &quot;PENDING&quot;,
    &quot;description&quot;: &quot;Apply software changes, triggered from PySys: [{'action': 'install', 'id': '5495053', 'name': 'apple', 'url': ' ', 'version': '::fruits'}, {'action': 'install', 'id': '5494888', 'name': 'banana', 'url': ' ', 'version': '::fruits'}, {'action': 'install', 'id': '5475369', 'name': 'asciijump', 'url': ' ', 'version': '::apt'}, {'action': 'install', 'id': '5495382', 'name': 'cherry', 'url': ' ', 'version': '::fruits'}, {'action': 'install', 'id': '8018911', 'name': 'registry', 'url': ' ', 'version': '::docker'}]&quot;,
    &quot;c8y_SoftwareUpdate&quot;: [
        {
            &quot;name&quot;: &quot;apple&quot;,
            &quot;action&quot;: &quot;install&quot;,
            &quot;id&quot;: &quot;5495053&quot;,
            &quot;version&quot;: &quot;::fruits&quot;,
            &quot;url&quot;: &quot; &quot;
        },
        {
            &quot;name&quot;: &quot;banana&quot;,
            &quot;action&quot;: &quot;install&quot;,
            &quot;id&quot;: &quot;5494888&quot;,
            &quot;version&quot;: &quot;::fruits&quot;,
            &quot;url&quot;: &quot; &quot;
        },
        {
            &quot;name&quot;: &quot;asciijump&quot;,
            &quot;action&quot;: &quot;install&quot;,
            &quot;id&quot;: &quot;5475369&quot;,
            &quot;version&quot;: &quot;::apt&quot;,
            &quot;url&quot;: &quot; &quot;
        },
        {
            &quot;name&quot;: &quot;cherry&quot;,
            &quot;action&quot;: &quot;install&quot;,
            &quot;id&quot;: &quot;5495382&quot;,
            &quot;version&quot;: &quot;::fruits&quot;,
            &quot;url&quot;: &quot; &quot;
        },
        {
            &quot;name&quot;: &quot;registry&quot;,
            &quot;action&quot;: &quot;install&quot;,
            &quot;id&quot;: &quot;8018911&quot;,
            &quot;version&quot;: &quot;::docker&quot;,
            &quot;url&quot;: &quot; &quot;
        }
    ]
}
10:19:48 INFO  Started operation: {'creationTime': '2022-04-15T10:19:48.768Z', 'deviceName': 'mythica', 'deviceId': '17361611', 'self': 'https://t493319102.eu-latest.cumulocity.com/devicecontrol/operations/17372239', 'id': '17372239', 'status': 'PENDING', 'description': &quot;Apply software changes, triggered from PySys: [{'action': 'install', 'id': '5495053', 'name': 'apple', 'url': ' ', 'version': '::fruits'}, {'action': 'install', 'id': '5494888', 'name': 'banana', 'url': ' ', 'version': '::fruits'}, {'action': 'install', 'id': '5475369', 'name': 'asciijump', 'url': ' ', 'version': '::apt'}, {'action': 'install', 'id': '5495382', 'name': 'cherry', 'url': ' ', 'version': '::fruits'}, {'action': 'install', 'id': '8018911', 'name': 'registry', 'url': ' ', 'version': '::docker'}]&quot;, 'c8y_SoftwareUpdate': [{'name': 'apple', 'action': 'install', 'id': '5495053', 'version': '::fruits', 'url': ' '}, {'name': 'banana', 'action': 'install', 'id': '5494888', 'version': '::fruits', 'url': ' '}, {'name': 'asciijump', 'action': 'install', 'id': '5475369', 'version': '::apt', 'url': ' '}, {'name': 'cherry', 'action': 'install', 'id': '5495382', 'version': '::fruits', 'url': ' '}, {'name': 'registry', 'action': 'install', 'id': '8018911', 'version': '::docker', 'url': ' '}]}
10:19:51 INFO  State of operation 17372239 : PENDING
10:19:53 INFO  State of operation 17372239 : EXECUTING
10:19:55 INFO  State of operation 17372239 : EXECUTING
10:19:57 INFO  State of operation 17372239 : EXECUTING
10:19:59 INFO  State of operation 17372239 : EXECUTING
10:20:02 INFO  State of operation 17372239 : EXECUTING
10:20:04 INFO  State of operation 17372239 : EXECUTING
10:20:07 INFO  State of operation 17372239 : EXECUTING
10:20:10 INFO  State of operation 17372239 : EXECUTING
10:20:12 INFO  State of operation 17372239 : EXECUTING
10:20:14 INFO  State of operation 17372239 : EXECUTING
10:20:16 INFO  State of operation 17372239 : EXECUTING
10:20:19 INFO  State of operation 17372239 : EXECUTING
10:20:21 INFO  State of operation 17372239 : EXECUTING
10:20:23 INFO  State of operation 17372239 : EXECUTING
10:20:26 INFO  State of operation 17372239 : EXECUTING
10:20:28 INFO  State of operation 17372239 : EXECUTING
10:20:30 INFO  State of operation 17372239 : EXECUTING
10:20:33 INFO  State of operation 17372239 : EXECUTING
10:20:35 INFO  State of operation 17372239 : EXECUTING
10:20:37 INFO  State of operation 17372239 : EXECUTING
10:20:40 INFO  State of operation 17372239 : EXECUTING
10:20:42 INFO  State of operation 17372239 : EXECUTING
10:20:44 INFO  State of operation 17372239 : EXECUTING
10:20:46 INFO  State of operation 17372239 : EXECUTING
10:20:49 INFO  State of operation 17372239 : EXECUTING
10:20:51 INFO  State of operation 17372239 : SUCCESSFUL
10:20:51 INFO  Package apple is installed
10:20:51 INFO  Assert that (True == value) with value=True ... passed
10:20:51 INFO  Package banana is installed
10:20:51 INFO  Assert that (True == value) with value=True ... passed
10:20:51 INFO  Package cherry is installed
10:20:51 INFO  Assert that (True == value) with value=True ... passed
10:20:52 INFO  Package asciijump is installed
10:20:52 INFO  Assert that (True == value) with value=True ... passed
10:20:52 INFO  Package registry is installed
10:20:52 INFO  Assert that (True == value) with value=True ... passed
10:20:52 INFO  Response status: 201
10:20:52 INFO  Response to action: {
    &quot;creationTime&quot;: &quot;2022-04-15T10:20:52.631Z&quot;,
    &quot;deviceName&quot;: &quot;mythica&quot;,
    &quot;deviceId&quot;: &quot;17361611&quot;,
    &quot;self&quot;: &quot;https://t493319102.eu-latest.cumulocity.com/devicecontrol/operations/17372247&quot;,
    &quot;id&quot;: &quot;17372247&quot;,
    &quot;status&quot;: &quot;PENDING&quot;,
    &quot;description&quot;: &quot;Apply software changes, triggered from PySys: [{'action': 'delete', 'id': '5495053', 'name': 'apple', 'url': ' ', 'version': '::fruits'}, {'action': 'delete', 'id': '5494888', 'name': 'banana', 'url': ' ', 'version': '::fruits'}, {'action': 'delete', 'id': '5475369', 'name': 'asciijump', 'url': ' ', 'version': '::apt'}, {'action': 'delete', 'id': '5495382', 'name': 'cherry', 'url': ' ', 'version': '::fruits'}, {'action': 'delete', 'id': '8018911', 'name': 'registry', 'url': ' ', 'version': '::docker'}]&quot;,
    &quot;c8y_SoftwareUpdate&quot;: [
        {
            &quot;name&quot;: &quot;apple&quot;,
            &quot;action&quot;: &quot;delete&quot;,
            &quot;id&quot;: &quot;5495053&quot;,
            &quot;version&quot;: &quot;::fruits&quot;,
            &quot;url&quot;: &quot; &quot;
        },
        {
            &quot;name&quot;: &quot;banana&quot;,
            &quot;action&quot;: &quot;delete&quot;,
            &quot;id&quot;: &quot;5494888&quot;,
            &quot;version&quot;: &quot;::fruits&quot;,
            &quot;url&quot;: &quot; &quot;
        },
        {
            &quot;name&quot;: &quot;asciijump&quot;,
            &quot;action&quot;: &quot;delete&quot;,
            &quot;id&quot;: &quot;5475369&quot;,
            &quot;version&quot;: &quot;::apt&quot;,
            &quot;url&quot;: &quot; &quot;
        },
        {
            &quot;name&quot;: &quot;cherry&quot;,
            &quot;action&quot;: &quot;delete&quot;,
            &quot;id&quot;: &quot;5495382&quot;,
            &quot;version&quot;: &quot;::fruits&quot;,
            &quot;url&quot;: &quot; &quot;
        },
        {
            &quot;name&quot;: &quot;registry&quot;,
            &quot;action&quot;: &quot;delete&quot;,
            &quot;id&quot;: &quot;8018911&quot;,
            &quot;version&quot;: &quot;::docker&quot;,
            &quot;url&quot;: &quot; &quot;
        }
    ]
}
10:20:52 INFO  Started operation: {'creationTime': '2022-04-15T10:20:52.631Z', 'deviceName': 'mythica', 'deviceId': '17361611', 'self': 'https://t493319102.eu-latest.cumulocity.com/devicecontrol/operations/17372247', 'id': '17372247', 'status': 'PENDING', 'description': &quot;Apply software changes, triggered from PySys: [{'action': 'delete', 'id': '5495053', 'name': 'apple', 'url': ' ', 'version': '::fruits'}, {'action': 'delete', 'id': '5494888', 'name': 'banana', 'url': ' ', 'version': '::fruits'}, {'action': 'delete', 'id': '5475369', 'name': 'asciijump', 'url': ' ', 'version': '::apt'}, {'action': 'delete', 'id': '5495382', 'name': 'cherry', 'url': ' ', 'version': '::fruits'}, {'action': 'delete', 'id': '8018911', 'name': 'registry', 'url': ' ', 'version': '::docker'}]&quot;, 'c8y_SoftwareUpdate': [{'name': 'apple', 'action': 'delete', 'id': '5495053', 'version': '::fruits', 'url': ' '}, {'name': 'banana', 'action': 'delete', 'id': '5494888', 'version': '::fruits', 'url': ' '}, {'name': 'asciijump', 'action': 'delete', 'id': '5475369', 'version': '::apt', 'url': ' '}, {'name': 'cherry', 'action': 'delete', 'id': '5495382', 'version': '::fruits', 'url': ' '}, {'name': 'registry', 'action': 'delete', 'id': '8018911', 'version': '::docker', 'url': ' '}]}
10:20:54 INFO  State of operation 17372247 : PENDING
10:20:57 INFO  State of operation 17372247 : EXECUTING
10:20:59 INFO  State of operation 17372247 : EXECUTING
10:21:01 INFO  State of operation 17372247 : EXECUTING
10:21:03 INFO  State of operation 17372247 : EXECUTING
10:21:06 INFO  State of operation 17372247 : EXECUTING
10:21:08 INFO  State of operation 17372247 : EXECUTING
10:21:11 INFO  State of operation 17372247 : EXECUTING
10:21:14 INFO  State of operation 17372247 : EXECUTING
10:21:16 INFO  State of operation 17372247 : EXECUTING
10:21:19 INFO  State of operation 17372247 : EXECUTING
10:21:21 INFO  State of operation 17372247 : EXECUTING
10:21:23 INFO  State of operation 17372247 : EXECUTING
10:21:25 INFO  State of operation 17372247 : EXECUTING
10:21:28 INFO  State of operation 17372247 : EXECUTING
10:21:30 INFO  State of operation 17372247 : EXECUTING
10:21:34 INFO  State of operation 17372247 : EXECUTING
10:21:37 INFO  State of operation 17372247 : EXECUTING
10:21:39 INFO  State of operation 17372247 : EXECUTING
10:21:41 INFO  State of operation 17372247 : EXECUTING
10:21:43 INFO  State of operation 17372247 : EXECUTING
10:21:46 INFO  State of operation 17372247 : EXECUTING
10:21:49 INFO  State of operation 17372247 : EXECUTING
10:21:51 INFO  State of operation 17372247 : EXECUTING
10:21:53 INFO  State of operation 17372247 : EXECUTING
10:21:55 INFO  State of operation 17372247 : EXECUTING
10:21:58 INFO  State of operation 17372247 : EXECUTING
10:22:00 INFO  State of operation 17372247 : EXECUTING
10:22:02 INFO  State of operation 17372247 : EXECUTING
10:22:04 INFO  State of operation 17372247 : SUCCESSFUL
10:22:05 INFO  Package apple is installed
10:22:05 INFO  Assert that (True == value) with value=True ... passed
10:22:05 INFO  Package banana is installed
10:22:05 INFO  Assert that (True == value) with value=True ... passed
10:22:05 INFO  Package cherry is installed
10:22:05 INFO  Assert that (True == value) with value=True ... passed
10:22:05 INFO  Assert that (False == value) with value=False ... passed
10:22:06 INFO  Assert that (False == value) with value=False ... passed
10:22:06 INFO  
10:22:06 INFO  cleanup:
10:22:10 INFO  Executed sudo&lt;tedge_disconnect_c8y&gt;, exit status 0
10:22:11 INFO  Executed systemctl&lt;serv_mapper5&gt;, exit status 3
10:22:11 INFO  
10:22:11 INFO  Test duration: 168.70 secs
10:22:11 INFO  Test final outcome:  FAILED
10:22:11 INFO  Test outcome reason: Assert that (False == value) with value=True
10:22:11 INFO  
</system-out>
	</testcase>
</testsuite>
