<?xml version="1.0" encoding="utf-8"?>
<testsuite failures="1" name="SoftwareManagement.sm_mixed_install_remove_multiple" skipped="0" tests="1" time="164.21" timestamp="2022-04-12T10:03:51">
	<testcase classname="PySysTest" name="SoftwareManagement.sm_mixed_install_remove_multiple">
		<failure message="FAILED: Assert that (False == value) with value=True" type="FAILED"/>
		<system-out>10:01:07 INFO  ==============================================================
10:01:07 INFO  Id:    SoftwareManagement.sm_mixed_install_remove_multiple
10:01:07 INFO  Dir:   software_management_end_to_end/
10:01:07 INFO  Title: Validate end to end behaviour for the dummy-plugin for multiple packages with mixed versions
10:01:07 INFO  ==============================================================
10:01:07 INFO  Using sw id database: {'asciijump': '5475369', 'robotfindskitten': '5474869', 'squirrel3': '5475279', 'rolldice': '5152439', 'moon-buggy': '5439204', 'apple': '5495053', 'banana': '5494888', 'cherry': '5495382', 'watermelon': '5494510', 'registry': '8018911', 'hello-world': '8021526', 'docker/getting-started': '8021973', 'alpine': '7991792'}
10:01:07 INFO  EnvironmentC8y Setup
10:01:08 INFO  Executed systemctl&lt;serv_mapper1&gt;, exit status 3
10:01:08 INFO  Restarting mosquitto too frequently in the last 10 seconds. It was only up for 5 seconds
10:01:08 INFO  Delaying execution by 6 seconds
10:01:28 INFO  Executed sudo&lt;tedge_connect_c8y&gt;, exit status 0, duration 14 secs
10:01:28 INFO  Executed sudo&lt;tedge_connect_c8y_test&gt;, exit status 0
10:01:29 INFO  Executed systemctl&lt;serv_mosq2&gt;, exit status 0
10:01:29 INFO  Executed systemctl&lt;serv_mapper3&gt;, exit status 0
10:01:32 INFO  State of current operation: SUCCESSFUL
10:01:32 INFO  Package apple is installed
10:01:32 INFO  Assert that (True == value) with value=True ... passed
10:01:32 INFO  Package banana is installed
10:01:32 INFO  Assert that (True == value) with value=True ... passed
10:01:32 INFO  Package cherry is installed
10:01:32 INFO  Assert that (True == value) with value=True ... passed
10:01:33 INFO  Package asciijump is installed
10:01:33 WARN  Assert that (False == value) with value=True ... failed 
10:01:33 INFO  Assert that (False == value) with value=False ... passed
10:01:33 INFO  Response status: 201
10:01:33 INFO  Response to action: {
    &quot;delivery&quot;: {
        &quot;time&quot;: &quot;2022-04-12T10:01:33.584Z&quot;,
        &quot;log&quot;: [],
        &quot;status&quot;: &quot;PENDING&quot;
    },
    &quot;creationTime&quot;: &quot;2022-04-12T10:01:33.570Z&quot;,
    &quot;deviceId&quot;: &quot;17153250&quot;,
    &quot;deviceName&quot;: &quot;mythica&quot;,
    &quot;self&quot;: &quot;https://t493319102.eu-latest.cumulocity.com/devicecontrol/operations/17197650&quot;,
    &quot;id&quot;: &quot;17197650&quot;,
    &quot;status&quot;: &quot;PENDING&quot;,
    &quot;description&quot;: &quot;Apply software changes, triggered from PySys: [{'action': 'install', 'id': '5495053', 'name': 'apple', 'url': ' ', 'version': '::fruits'}, {'action': 'install', 'id': '5494888', 'name': 'banana', 'url': ' ', 'version': '::fruits'}, {'action': 'install', 'id': '5475369', 'name': 'asciijump', 'url': ' ', 'version': '::apt'}, {'action': 'install', 'id': '5495382', 'name': 'cherry', 'url': ' ', 'version': '::fruits'}, {'action': 'install', 'id': '8018911', 'name': 'registry', 'url': ' ', 'version': '::docker'}]&quot;,
    &quot;c8y_SoftwareUpdate&quot;: [
        {
            &quot;name&quot;: &quot;apple&quot;,
            &quot;action&quot;: &quot;install&quot;,
            &quot;id&quot;: &quot;5495053&quot;,
            &quot;version&quot;: &quot;::fruits&quot;,
            &quot;url&quot;: &quot; &quot;
        },
        {
            &quot;name&quot;: &quot;banana&quot;,
            &quot;action&quot;: &quot;install&quot;,
            &quot;id&quot;: &quot;5494888&quot;,
            &quot;version&quot;: &quot;::fruits&quot;,
            &quot;url&quot;: &quot; &quot;
        },
        {
            &quot;name&quot;: &quot;asciijump&quot;,
            &quot;action&quot;: &quot;install&quot;,
            &quot;id&quot;: &quot;5475369&quot;,
            &quot;version&quot;: &quot;::apt&quot;,
            &quot;url&quot;: &quot; &quot;
        },
        {
            &quot;name&quot;: &quot;cherry&quot;,
            &quot;action&quot;: &quot;install&quot;,
            &quot;id&quot;: &quot;5495382&quot;,
            &quot;version&quot;: &quot;::fruits&quot;,
            &quot;url&quot;: &quot; &quot;
        },
        {
            &quot;name&quot;: &quot;registry&quot;,
            &quot;action&quot;: &quot;install&quot;,
            &quot;id&quot;: &quot;8018911&quot;,
            &quot;version&quot;: &quot;::docker&quot;,
            &quot;url&quot;: &quot; &quot;
        }
    ]
}
10:01:33 INFO  Started operation: {'delivery': {'time': '2022-04-12T10:01:33.584Z', 'log': [], 'status': 'PENDING'}, 'creationTime': '2022-04-12T10:01:33.570Z', 'deviceId': '17153250', 'deviceName': 'mythica', 'self': 'https://t493319102.eu-latest.cumulocity.com/devicecontrol/operations/17197650', 'id': '17197650', 'status': 'PENDING', 'description': &quot;Apply software changes, triggered from PySys: [{'action': 'install', 'id': '5495053', 'name': 'apple', 'url': ' ', 'version': '::fruits'}, {'action': 'install', 'id': '5494888', 'name': 'banana', 'url': ' ', 'version': '::fruits'}, {'action': 'install', 'id': '5475369', 'name': 'asciijump', 'url': ' ', 'version': '::apt'}, {'action': 'install', 'id': '5495382', 'name': 'cherry', 'url': ' ', 'version': '::fruits'}, {'action': 'install', 'id': '8018911', 'name': 'registry', 'url': ' ', 'version': '::docker'}]&quot;, 'c8y_SoftwareUpdate': [{'name': 'apple', 'action': 'install', 'id': '5495053', 'version': '::fruits', 'url': ' '}, {'name': 'banana', 'action': 'install', 'id': '5494888', 'version': '::fruits', 'url': ' '}, {'name': 'asciijump', 'action': 'install', 'id': '5475369', 'version': '::apt', 'url': ' '}, {'name': 'cherry', 'action': 'install', 'id': '5495382', 'version': '::fruits', 'url': ' '}, {'name': 'registry', 'action': 'install', 'id': '8018911', 'version': '::docker', 'url': ' '}]}
10:01:35 INFO  State of operation 17197650 : PENDING
10:01:38 INFO  State of operation 17197650 : EXECUTING
10:01:40 INFO  State of operation 17197650 : EXECUTING
10:01:42 INFO  State of operation 17197650 : EXECUTING
10:01:44 INFO  State of operation 17197650 : EXECUTING
10:01:46 INFO  State of operation 17197650 : EXECUTING
10:01:49 INFO  State of operation 17197650 : EXECUTING
10:01:51 INFO  State of operation 17197650 : EXECUTING
10:01:54 INFO  State of operation 17197650 : EXECUTING
10:01:56 INFO  State of operation 17197650 : EXECUTING
10:01:59 INFO  State of operation 17197650 : EXECUTING
10:02:01 INFO  State of operation 17197650 : EXECUTING
10:02:03 INFO  State of operation 17197650 : EXECUTING
10:02:05 INFO  State of operation 17197650 : EXECUTING
10:02:08 INFO  State of operation 17197650 : EXECUTING
10:02:10 INFO  State of operation 17197650 : EXECUTING
10:02:12 INFO  State of operation 17197650 : EXECUTING
10:02:14 INFO  State of operation 17197650 : EXECUTING
10:02:17 INFO  State of operation 17197650 : EXECUTING
10:02:19 INFO  State of operation 17197650 : EXECUTING
10:02:21 INFO  State of operation 17197650 : EXECUTING
10:02:23 INFO  State of operation 17197650 : EXECUTING
10:02:26 INFO  State of operation 17197650 : EXECUTING
10:02:28 INFO  State of operation 17197650 : EXECUTING
10:02:30 INFO  State of operation 17197650 : EXECUTING
10:02:32 INFO  State of operation 17197650 : SUCCESSFUL
10:02:33 INFO  Package apple is installed
10:02:33 INFO  Assert that (True == value) with value=True ... passed
10:02:33 INFO  Package banana is installed
10:02:33 INFO  Assert that (True == value) with value=True ... passed
10:02:33 INFO  Package cherry is installed
10:02:33 INFO  Assert that (True == value) with value=True ... passed
10:02:33 INFO  Package asciijump is installed
10:02:33 INFO  Assert that (True == value) with value=True ... passed
10:02:33 INFO  Package registry is installed
10:02:33 INFO  Assert that (True == value) with value=True ... passed
10:02:34 INFO  Response status: 201
10:02:34 INFO  Response to action: {
    &quot;delivery&quot;: {
        &quot;time&quot;: &quot;2022-04-12T10:02:34.149Z&quot;,
        &quot;log&quot;: [],
        &quot;status&quot;: &quot;PENDING&quot;
    },
    &quot;creationTime&quot;: &quot;2022-04-12T10:02:34.136Z&quot;,
    &quot;deviceId&quot;: &quot;17153250&quot;,
    &quot;deviceName&quot;: &quot;mythica&quot;,
    &quot;self&quot;: &quot;https://t493319102.eu-latest.cumulocity.com/devicecontrol/operations/17197658&quot;,
    &quot;id&quot;: &quot;17197658&quot;,
    &quot;status&quot;: &quot;PENDING&quot;,
    &quot;description&quot;: &quot;Apply software changes, triggered from PySys: [{'action': 'delete', 'id': '5495053', 'name': 'apple', 'url': ' ', 'version': '::fruits'}, {'action': 'delete', 'id': '5494888', 'name': 'banana', 'url': ' ', 'version': '::fruits'}, {'action': 'delete', 'id': '5475369', 'name': 'asciijump', 'url': ' ', 'version': '::apt'}, {'action': 'delete', 'id': '5495382', 'name': 'cherry', 'url': ' ', 'version': '::fruits'}, {'action': 'delete', 'id': '8018911', 'name': 'registry', 'url': ' ', 'version': '::docker'}]&quot;,
    &quot;c8y_SoftwareUpdate&quot;: [
        {
            &quot;name&quot;: &quot;apple&quot;,
            &quot;action&quot;: &quot;delete&quot;,
            &quot;id&quot;: &quot;5495053&quot;,
            &quot;version&quot;: &quot;::fruits&quot;,
            &quot;url&quot;: &quot; &quot;
        },
        {
            &quot;name&quot;: &quot;banana&quot;,
            &quot;action&quot;: &quot;delete&quot;,
            &quot;id&quot;: &quot;5494888&quot;,
            &quot;version&quot;: &quot;::fruits&quot;,
            &quot;url&quot;: &quot; &quot;
        },
        {
            &quot;name&quot;: &quot;asciijump&quot;,
            &quot;action&quot;: &quot;delete&quot;,
            &quot;id&quot;: &quot;5475369&quot;,
            &quot;version&quot;: &quot;::apt&quot;,
            &quot;url&quot;: &quot; &quot;
        },
        {
            &quot;name&quot;: &quot;cherry&quot;,
            &quot;action&quot;: &quot;delete&quot;,
            &quot;id&quot;: &quot;5495382&quot;,
            &quot;version&quot;: &quot;::fruits&quot;,
            &quot;url&quot;: &quot; &quot;
        },
        {
            &quot;name&quot;: &quot;registry&quot;,
            &quot;action&quot;: &quot;delete&quot;,
            &quot;id&quot;: &quot;8018911&quot;,
            &quot;version&quot;: &quot;::docker&quot;,
            &quot;url&quot;: &quot; &quot;
        }
    ]
}
10:02:34 INFO  Started operation: {'delivery': {'time': '2022-04-12T10:02:34.149Z', 'log': [], 'status': 'PENDING'}, 'creationTime': '2022-04-12T10:02:34.136Z', 'deviceId': '17153250', 'deviceName': 'mythica', 'self': 'https://t493319102.eu-latest.cumulocity.com/devicecontrol/operations/17197658', 'id': '17197658', 'status': 'PENDING', 'description': &quot;Apply software changes, triggered from PySys: [{'action': 'delete', 'id': '5495053', 'name': 'apple', 'url': ' ', 'version': '::fruits'}, {'action': 'delete', 'id': '5494888', 'name': 'banana', 'url': ' ', 'version': '::fruits'}, {'action': 'delete', 'id': '5475369', 'name': 'asciijump', 'url': ' ', 'version': '::apt'}, {'action': 'delete', 'id': '5495382', 'name': 'cherry', 'url': ' ', 'version': '::fruits'}, {'action': 'delete', 'id': '8018911', 'name': 'registry', 'url': ' ', 'version': '::docker'}]&quot;, 'c8y_SoftwareUpdate': [{'name': 'apple', 'action': 'delete', 'id': '5495053', 'version': '::fruits', 'url': ' '}, {'name': 'banana', 'action': 'delete', 'id': '5494888', 'version': '::fruits', 'url': ' '}, {'name': 'asciijump', 'action': 'delete', 'id': '5475369', 'version': '::apt', 'url': ' '}, {'name': 'cherry', 'action': 'delete', 'id': '5495382', 'version': '::fruits', 'url': ' '}, {'name': 'registry', 'action': 'delete', 'id': '8018911', 'version': '::docker', 'url': ' '}]}
10:02:36 INFO  State of operation 17197658 : PENDING
10:02:38 INFO  State of operation 17197658 : EXECUTING
10:02:40 INFO  State of operation 17197658 : EXECUTING
10:02:43 INFO  State of operation 17197658 : EXECUTING
10:02:45 INFO  State of operation 17197658 : EXECUTING
10:02:47 INFO  State of operation 17197658 : EXECUTING
10:02:50 INFO  State of operation 17197658 : EXECUTING
10:02:52 INFO  State of operation 17197658 : EXECUTING
10:02:55 INFO  State of operation 17197658 : EXECUTING
10:02:57 INFO  State of operation 17197658 : EXECUTING
10:02:59 INFO  State of operation 17197658 : EXECUTING
10:03:01 INFO  State of operation 17197658 : EXECUTING
10:03:04 INFO  State of operation 17197658 : EXECUTING
10:03:06 INFO  State of operation 17197658 : EXECUTING
10:03:08 INFO  State of operation 17197658 : EXECUTING
10:03:10 INFO  State of operation 17197658 : EXECUTING
10:03:13 INFO  State of operation 17197658 : EXECUTING
10:03:15 INFO  State of operation 17197658 : EXECUTING
10:03:18 INFO  State of operation 17197658 : EXECUTING
10:03:20 INFO  State of operation 17197658 : EXECUTING
10:03:22 INFO  State of operation 17197658 : EXECUTING
10:03:25 INFO  State of operation 17197658 : EXECUTING
10:03:27 INFO  State of operation 17197658 : EXECUTING
10:03:30 INFO  State of operation 17197658 : EXECUTING
10:03:32 INFO  State of operation 17197658 : EXECUTING
10:03:34 INFO  State of operation 17197658 : EXECUTING
10:03:36 INFO  State of operation 17197658 : EXECUTING
10:03:39 INFO  State of operation 17197658 : EXECUTING
10:03:41 INFO  State of operation 17197658 : EXECUTING
10:03:43 INFO  State of operation 17197658 : EXECUTING
10:03:45 INFO  State of operation 17197658 : SUCCESSFUL
10:03:46 INFO  Package apple is installed
10:03:46 INFO  Assert that (True == value) with value=True ... passed
10:03:46 INFO  Package banana is installed
10:03:46 INFO  Assert that (True == value) with value=True ... passed
10:03:46 INFO  Package cherry is installed
10:03:46 INFO  Assert that (True == value) with value=True ... passed
10:03:46 INFO  Assert that (False == value) with value=False ... passed
10:03:47 INFO  Assert that (False == value) with value=False ... passed
10:03:47 INFO  
10:03:47 INFO  cleanup:
10:03:51 INFO  Executed sudo&lt;tedge_disconnect_c8y&gt;, exit status 0
10:03:51 INFO  Executed systemctl&lt;serv_mapper5&gt;, exit status 3
10:03:51 INFO  
10:03:51 INFO  Test duration: 164.21 secs
10:03:51 INFO  Test final outcome:  FAILED
10:03:51 INFO  Test outcome reason: Assert that (False == value) with value=True
10:03:51 INFO  
</system-out>
	</testcase>
</testsuite>
