<?xml version="1.0" encoding="utf-8"?>
<testsuite failures="0" name="SoftwareManagement.sm_apt_install_remove" skipped="0" tests="1" time="163.63" timestamp="2022-04-12T09:46:33">
	<testcase classname="PySysTest" name="SoftwareManagement.sm_apt_install_remove"/>
</testsuite>
