<?xml version="1.0" encoding="utf-8"?>
<testsuite failures="0" name="SoftwareManagement.sm_mapper_fail_and_reconnect" skipped="1" tests="1" time="0.04" timestamp="2022-04-11T11:07:09">
	<testcase classname="MapperC8yReceiveLastMessageOnRestart" name="SoftwareManagement.sm_mapper_fail_and_reconnect">
		<skipped message="SKIPPED: instable https://github.com/thin-edge/thin-edge.io/issues/752"/>
		<system-out>11:07:09 INFO  ==============================================================
11:07:09 INFO  Id:    SoftwareManagement.sm_mapper_fail_and_reconnect
11:07:09 INFO  Dir:   software_management_end_to_end/
11:07:09 INFO  Title: Validate the tedge-mapper-sm-c8y for receiving the last message on restart
11:07:09 DEBUG Execution order hint: 0.0
11:07:09 INFO  ==============================================================
11:07:09 INFO  instable https://github.com/thin-edge/thin-edge.io/issues/752 ... skipped
11:07:09 DEBUG --- test cleanup
11:07:09 DEBUG ProcessUser cleanup function done.
11:07:09 INFO  
11:07:09 INFO  Test duration: 0.04 secs
11:07:09 INFO  Test final outcome:  SKIPPED
11:07:09 INFO  Test outcome reason: instable https://github.com/thin-edge/thin-edge.io/issues/752
11:07:09 INFO  
</system-out>
	</testcase>
</testsuite>
