<?xml version="1.0" encoding="utf-8"?>
<testsuite failures="1" name="SoftwareManagement.sm_mixed_install_remove_multiple" skipped="0" tests="1" time="71.22" timestamp="2022-04-07T17:40:47">
	<testcase classname="PySysTest" name="SoftwareManagement.sm_mixed_install_remove_multiple">
		<failure message="BLOCKED: SystemError: The operation has failed (+1 other failures)" type="BLOCKED"/>
		<system-out>17:39:35 INFO  ==============================================================
17:39:35 INFO  Id:    SoftwareManagement.sm_mixed_install_remove_multiple
17:39:35 INFO  Dir:   software_management_end_to_end/
17:39:35 INFO  Title: Validate end to end behaviour for the dummy-plugin for multiple packages with mixed versions
17:39:35 DEBUG Execution order hint: 0.0
17:39:35 INFO  ==============================================================
17:39:35 INFO  Using sw id database: {'asciijump': '5475369', 'robotfindskitten': '5474869', 'squirrel3': '5475279', 'rolldice': '5152439', 'moon-buggy': '5439204', 'apple': '5495053', 'banana': '5494888', 'cherry': '5495382', 'watermelon': '5494510', 'registry': '8018911', 'hello-world': '8021526', 'docker/getting-started': '8021973', 'alpine': '7991792'}
17:39:35 DEBUG EnvironmentC8y Setup
17:39:35 INFO  EnvironmentC8y Setup
17:39:35 DEBUG Process parameters for systemctl&lt;serv_mapper1&gt;
  command line : /usr/bin/systemctl status tedge-mapper-c8y
    arg #1     : status
    arg #2     : tedge-mapper-c8y
  working dir  : /home/pi/actions-runner/_work/thin-edge.io/thin-edge.io/tests/PySys/software_management_end_to_end/sm_mixed_install_remove_multiple/Output/linux
  stdout       : /home/pi/actions-runner/_work/thin-edge.io/thin-edge.io/tests/PySys/software_management_end_to_end/sm_mixed_install_remove_multiple/Output/linux/serv_mapper1.out
  stderr       : /home/pi/actions-runner/_work/thin-edge.io/thin-edge.io/tests/PySys/software_management_end_to_end/sm_mixed_install_remove_multiple/Output/linux/serv_mapper1.err
  environment  : LD_LIBRARY_PATH=/usr/lib
  environment  : PATH=/bin:/usr/bin:/usr/sbin:/usr/local/bin
                   #1  /bin
                   #2  /usr/bin
                   #3  /usr/sbin
                   #4  /usr/local/bin
17:39:36 DEBUG Waiting up to 600 secs for process systemctl&lt;serv_mapper1&gt; (pid 19811)
17:39:36 INFO  Executed systemctl&lt;serv_mapper1&gt;, exit status 3
17:39:36 INFO  Restarting mosquitto too frequently in the last 10 seconds. It was only up for 4 seconds
17:39:36 INFO  Delaying execution by 7 seconds
17:39:43 DEBUG Process parameters for sudo&lt;tedge_connect_c8y&gt;
  command line : /usr/bin/sudo /usr/bin/tedge connect c8y
    arg #1     : /usr/bin/tedge
    arg #2     : connect
    arg #3     : c8y
  working dir  : /home/pi/actions-runner/_work/thin-edge.io/thin-edge.io/tests/PySys/software_management_end_to_end/sm_mixed_install_remove_multiple/Output/linux
  stdout       : /home/pi/actions-runner/_work/thin-edge.io/thin-edge.io/tests/PySys/software_management_end_to_end/sm_mixed_install_remove_multiple/Output/linux/tedge_connect_c8y.out
  stderr       : /home/pi/actions-runner/_work/thin-edge.io/thin-edge.io/tests/PySys/software_management_end_to_end/sm_mixed_install_remove_multiple/Output/linux/tedge_connect_c8y.err
  environment  : LD_LIBRARY_PATH=/usr/lib
  environment  : PATH=/bin:/usr/bin:/usr/sbin:/usr/local/bin
                   #1  /bin
                   #2  /usr/bin
                   #3  /usr/sbin
                   #4  /usr/local/bin
17:39:43 DEBUG Waiting up to 600 secs for process sudo&lt;tedge_connect_c8y&gt; (pid 19815)
17:39:57 INFO  Executed sudo&lt;tedge_connect_c8y&gt;, exit status 0, duration 13 secs
17:39:57 DEBUG Process parameters for sudo&lt;tedge_connect_c8y_test&gt;
  command line : /usr/bin/sudo /usr/bin/tedge connect c8y --test
    arg #1     : /usr/bin/tedge
    arg #2     : connect
    arg #3     : c8y
    arg #4     : --test
  working dir  : /home/pi/actions-runner/_work/thin-edge.io/thin-edge.io/tests/PySys/software_management_end_to_end/sm_mixed_install_remove_multiple/Output/linux
  stdout       : /home/pi/actions-runner/_work/thin-edge.io/thin-edge.io/tests/PySys/software_management_end_to_end/sm_mixed_install_remove_multiple/Output/linux/tedge_connect_c8y_test.out
  stderr       : /home/pi/actions-runner/_work/thin-edge.io/thin-edge.io/tests/PySys/software_management_end_to_end/sm_mixed_install_remove_multiple/Output/linux/tedge_connect_c8y_test.err
  environment  : LD_LIBRARY_PATH=/usr/lib
  environment  : PATH=/bin:/usr/bin:/usr/sbin:/usr/local/bin
                   #1  /bin
                   #2  /usr/bin
                   #3  /usr/sbin
                   #4  /usr/local/bin
17:39:57 DEBUG Waiting up to 600 secs for process sudo&lt;tedge_connect_c8y_test&gt; (pid 19923)
17:39:58 INFO  Executed sudo&lt;tedge_connect_c8y_test&gt;, exit status 0
17:39:58 DEBUG Process parameters for systemctl&lt;serv_mosq2&gt;
  command line : /usr/bin/systemctl status mosquitto
    arg #1     : status
    arg #2     : mosquitto
  working dir  : /home/pi/actions-runner/_work/thin-edge.io/thin-edge.io/tests/PySys/software_management_end_to_end/sm_mixed_install_remove_multiple/Output/linux
  stdout       : /home/pi/actions-runner/_work/thin-edge.io/thin-edge.io/tests/PySys/software_management_end_to_end/sm_mixed_install_remove_multiple/Output/linux/serv_mosq2.out
  stderr       : /home/pi/actions-runner/_work/thin-edge.io/thin-edge.io/tests/PySys/software_management_end_to_end/sm_mixed_install_remove_multiple/Output/linux/serv_mosq2.err
  environment  : LD_LIBRARY_PATH=/usr/lib
  environment  : PATH=/bin:/usr/bin:/usr/sbin:/usr/local/bin
                   #1  /bin
                   #2  /usr/bin
                   #3  /usr/sbin
                   #4  /usr/local/bin
17:39:58 DEBUG Waiting up to 600 secs for process systemctl&lt;serv_mosq2&gt; (pid 19929)
17:39:58 INFO  Executed systemctl&lt;serv_mosq2&gt;, exit status 0
17:39:58 DEBUG Process parameters for systemctl&lt;serv_mapper3&gt;
  command line : /usr/bin/systemctl status tedge-mapper-c8y
    arg #1     : status
    arg #2     : tedge-mapper-c8y
  working dir  : /home/pi/actions-runner/_work/thin-edge.io/thin-edge.io/tests/PySys/software_management_end_to_end/sm_mixed_install_remove_multiple/Output/linux
  stdout       : /home/pi/actions-runner/_work/thin-edge.io/thin-edge.io/tests/PySys/software_management_end_to_end/sm_mixed_install_remove_multiple/Output/linux/serv_mapper3.out
  stderr       : /home/pi/actions-runner/_work/thin-edge.io/thin-edge.io/tests/PySys/software_management_end_to_end/sm_mixed_install_remove_multiple/Output/linux/serv_mapper3.err
  environment  : LD_LIBRARY_PATH=/usr/lib
  environment  : PATH=/bin:/usr/bin:/usr/sbin:/usr/local/bin
                   #1  /bin
                   #2  /usr/bin
                   #3  /usr/sbin
                   #4  /usr/local/bin
17:39:58 DEBUG Waiting up to 600 secs for process systemctl&lt;serv_mapper3&gt; (pid 19930)
17:39:59 INFO  Executed systemctl&lt;serv_mapper3&gt;, exit status 0
17:40:01 DEBUG Starting new HTTPS connection (1): thin-edge-io.eu-latest.cumulocity.com:443
17:40:01 DEBUG https://thin-edge-io.eu-latest.cumulocity.com:443 &quot;GET /devicecontrol/operations?deviceId=16979395&amp;pageSize=1&amp;revert=true&amp;dateFrom=1970-01-01T00%3A00%3A00.000Z HTTP/1.1&quot; 200 1411
17:40:01 DEBUG Final URL of the request: https://thin-edge-io.eu-latest.cumulocity.com/devicecontrol/operations?deviceId=16979395&amp;pageSize=1&amp;revert=true&amp;dateFrom=1970-01-01T00%3A00%3A00.000Z
17:40:01 INFO  State of current operation: SUCCESSFUL
17:40:01 DEBUG Starting new HTTPS connection (1): thin-edge-io.eu-latest.cumulocity.com:443
17:40:01 DEBUG https://thin-edge-io.eu-latest.cumulocity.com:443 &quot;GET /inventory/managedObjects/16979395 HTTP/1.1&quot; 200 None
17:40:01 INFO  Package apple is installed
17:40:01 INFO  Assert that (True == value) with value=True ... passed
17:40:01 DEBUG Starting new HTTPS connection (1): thin-edge-io.eu-latest.cumulocity.com:443
17:40:01 DEBUG https://thin-edge-io.eu-latest.cumulocity.com:443 &quot;GET /inventory/managedObjects/16979395 HTTP/1.1&quot; 200 None
17:40:02 INFO  Package banana is installed
17:40:02 INFO  Assert that (True == value) with value=True ... passed
17:40:02 DEBUG Starting new HTTPS connection (1): thin-edge-io.eu-latest.cumulocity.com:443
17:40:02 DEBUG https://thin-edge-io.eu-latest.cumulocity.com:443 &quot;GET /inventory/managedObjects/16979395 HTTP/1.1&quot; 200 None
17:40:02 INFO  Package cherry is installed
17:40:02 INFO  Assert that (True == value) with value=True ... passed
17:40:02 DEBUG Starting new HTTPS connection (1): thin-edge-io.eu-latest.cumulocity.com:443
17:40:02 DEBUG https://thin-edge-io.eu-latest.cumulocity.com:443 &quot;GET /inventory/managedObjects/16979395 HTTP/1.1&quot; 200 None
17:40:02 INFO  Package asciijump is installed
17:40:02 WARN  Assert that (False == value) with value=True ... failed 
17:40:02 DEBUG Starting new HTTPS connection (1): thin-edge-io.eu-latest.cumulocity.com:443
17:40:02 DEBUG https://thin-edge-io.eu-latest.cumulocity.com:443 &quot;GET /inventory/managedObjects/16979395 HTTP/1.1&quot; 200 None
17:40:02 INFO  Assert that (False == value) with value=False ... passed
17:40:02 DEBUG --- test execute
17:40:02 DEBUG Starting new HTTPS connection (1): thin-edge-io.eu-latest.cumulocity.com:443
17:40:03 DEBUG https://thin-edge-io.eu-latest.cumulocity.com:443 &quot;POST /devicecontrol/operations HTTP/1.1&quot; 201 1186
17:40:03 INFO  Response status: 201
17:40:03 INFO  Response to action: {
    &quot;creationTime&quot;: &quot;2022-04-07T17:40:03.041Z&quot;,
    &quot;deviceId&quot;: &quot;16979395&quot;,
    &quot;deviceName&quot;: &quot;offsite_mythica&quot;,
    &quot;self&quot;: &quot;https://t493319102.eu-latest.cumulocity.com/devicecontrol/operations/17009407&quot;,
    &quot;id&quot;: &quot;17009407&quot;,
    &quot;status&quot;: &quot;PENDING&quot;,
    &quot;description&quot;: &quot;Apply software changes, triggered from PySys: [{'action': 'install', 'id': '5495053', 'name': 'apple', 'url': ' ', 'version': '::fruits'}, {'action': 'install', 'id': '5494888', 'name': 'banana', 'url': ' ', 'version': '::fruits'}, {'action': 'install', 'id': '5475369', 'name': 'asciijump', 'url': ' ', 'version': '::apt'}, {'action': 'install', 'id': '5495382', 'name': 'cherry', 'url': ' ', 'version': '::fruits'}, {'action': 'install', 'id': '8018911', 'name': 'registry', 'url': ' ', 'version': '::docker'}]&quot;,
    &quot;c8y_SoftwareUpdate&quot;: [
        {
            &quot;name&quot;: &quot;apple&quot;,
            &quot;action&quot;: &quot;install&quot;,
            &quot;id&quot;: &quot;5495053&quot;,
            &quot;version&quot;: &quot;::fruits&quot;,
            &quot;url&quot;: &quot; &quot;
        },
        {
            &quot;name&quot;: &quot;banana&quot;,
            &quot;action&quot;: &quot;install&quot;,
            &quot;id&quot;: &quot;5494888&quot;,
            &quot;version&quot;: &quot;::fruits&quot;,
            &quot;url&quot;: &quot; &quot;
        },
        {
            &quot;name&quot;: &quot;asciijump&quot;,
            &quot;action&quot;: &quot;install&quot;,
            &quot;id&quot;: &quot;5475369&quot;,
            &quot;version&quot;: &quot;::apt&quot;,
            &quot;url&quot;: &quot; &quot;
        },
        {
            &quot;name&quot;: &quot;cherry&quot;,
            &quot;action&quot;: &quot;install&quot;,
            &quot;id&quot;: &quot;5495382&quot;,
            &quot;version&quot;: &quot;::fruits&quot;,
            &quot;url&quot;: &quot; &quot;
        },
        {
            &quot;name&quot;: &quot;registry&quot;,
            &quot;action&quot;: &quot;install&quot;,
            &quot;id&quot;: &quot;8018911&quot;,
            &quot;version&quot;: &quot;::docker&quot;,
            &quot;url&quot;: &quot; &quot;
        }
    ]
}
17:40:03 INFO  Started operation: {'creationTime': '2022-04-07T17:40:03.041Z', 'deviceId': '16979395', 'deviceName': 'offsite_mythica', 'self': 'https://t493319102.eu-latest.cumulocity.com/devicecontrol/operations/17009407', 'id': '17009407', 'status': 'PENDING', 'description': &quot;Apply software changes, triggered from PySys: [{'action': 'install', 'id': '5495053', 'name': 'apple', 'url': ' ', 'version': '::fruits'}, {'action': 'install', 'id': '5494888', 'name': 'banana', 'url': ' ', 'version': '::fruits'}, {'action': 'install', 'id': '5475369', 'name': 'asciijump', 'url': ' ', 'version': '::apt'}, {'action': 'install', 'id': '5495382', 'name': 'cherry', 'url': ' ', 'version': '::fruits'}, {'action': 'install', 'id': '8018911', 'name': 'registry', 'url': ' ', 'version': '::docker'}]&quot;, 'c8y_SoftwareUpdate': [{'name': 'apple', 'action': 'install', 'id': '5495053', 'version': '::fruits', 'url': ' '}, {'name': 'banana', 'action': 'install', 'id': '5494888', 'version': '::fruits', 'url': ' '}, {'name': 'asciijump', 'action': 'install', 'id': '5475369', 'version': '::apt', 'url': ' '}, {'name': 'cherry', 'action': 'install', 'id': '5495382', 'version': '::fruits', 'url': ' '}, {'name': 'registry', 'action': 'install', 'id': '8018911', 'version': '::docker', 'url': ' '}]}
17:40:05 DEBUG Starting new HTTPS connection (1): thin-edge-io.eu-latest.cumulocity.com:443
17:40:05 DEBUG https://thin-edge-io.eu-latest.cumulocity.com:443 &quot;GET /devicecontrol/operations/17009407 HTTP/1.1&quot; 200 1338
17:40:05 INFO  State of operation 17009407 : PENDING
17:40:07 DEBUG Starting new HTTPS connection (1): thin-edge-io.eu-latest.cumulocity.com:443
17:40:07 DEBUG https://thin-edge-io.eu-latest.cumulocity.com:443 &quot;GET /devicecontrol/operations/17009407 HTTP/1.1&quot; 200 1340
17:40:07 INFO  State of operation 17009407 : EXECUTING
17:40:09 DEBUG Starting new HTTPS connection (1): thin-edge-io.eu-latest.cumulocity.com:443
17:40:09 DEBUG https://thin-edge-io.eu-latest.cumulocity.com:443 &quot;GET /devicecontrol/operations/17009407 HTTP/1.1&quot; 200 1340
17:40:09 INFO  State of operation 17009407 : EXECUTING
17:40:11 DEBUG Starting new HTTPS connection (1): thin-edge-io.eu-latest.cumulocity.com:443
17:40:12 DEBUG https://thin-edge-io.eu-latest.cumulocity.com:443 &quot;GET /devicecontrol/operations/17009407 HTTP/1.1&quot; 200 1340
17:40:12 INFO  State of operation 17009407 : EXECUTING
17:40:14 DEBUG Starting new HTTPS connection (1): thin-edge-io.eu-latest.cumulocity.com:443
17:40:14 DEBUG https://thin-edge-io.eu-latest.cumulocity.com:443 &quot;GET /devicecontrol/operations/17009407 HTTP/1.1&quot; 200 1340
17:40:14 INFO  State of operation 17009407 : EXECUTING
17:40:16 DEBUG Starting new HTTPS connection (1): thin-edge-io.eu-latest.cumulocity.com:443
17:40:16 DEBUG https://thin-edge-io.eu-latest.cumulocity.com:443 &quot;GET /devicecontrol/operations/17009407 HTTP/1.1&quot; 200 1340
17:40:16 INFO  State of operation 17009407 : EXECUTING
17:40:18 DEBUG Starting new HTTPS connection (1): thin-edge-io.eu-latest.cumulocity.com:443
17:40:19 DEBUG https://thin-edge-io.eu-latest.cumulocity.com:443 &quot;GET /devicecontrol/operations/17009407 HTTP/1.1&quot; 200 1340
17:40:19 INFO  State of operation 17009407 : EXECUTING
17:40:21 DEBUG Starting new HTTPS connection (1): thin-edge-io.eu-latest.cumulocity.com:443
17:40:22 DEBUG https://thin-edge-io.eu-latest.cumulocity.com:443 &quot;GET /devicecontrol/operations/17009407 HTTP/1.1&quot; 200 1340
17:40:22 INFO  State of operation 17009407 : EXECUTING
17:40:24 DEBUG Starting new HTTPS connection (1): thin-edge-io.eu-latest.cumulocity.com:443
17:40:24 DEBUG https://thin-edge-io.eu-latest.cumulocity.com:443 &quot;GET /devicecontrol/operations/17009407 HTTP/1.1&quot; 200 1340
17:40:24 INFO  State of operation 17009407 : EXECUTING
17:40:26 DEBUG Starting new HTTPS connection (1): thin-edge-io.eu-latest.cumulocity.com:443
17:40:27 DEBUG https://thin-edge-io.eu-latest.cumulocity.com:443 &quot;GET /devicecontrol/operations/17009407 HTTP/1.1&quot; 200 1340
17:40:27 INFO  State of operation 17009407 : EXECUTING
17:40:29 DEBUG Starting new HTTPS connection (1): thin-edge-io.eu-latest.cumulocity.com:443
17:40:29 DEBUG https://thin-edge-io.eu-latest.cumulocity.com:443 &quot;GET /devicecontrol/operations/17009407 HTTP/1.1&quot; 200 1340
17:40:29 INFO  State of operation 17009407 : EXECUTING
17:40:31 DEBUG Starting new HTTPS connection (1): thin-edge-io.eu-latest.cumulocity.com:443
17:40:31 DEBUG https://thin-edge-io.eu-latest.cumulocity.com:443 &quot;GET /devicecontrol/operations/17009407 HTTP/1.1&quot; 200 1340
17:40:31 INFO  State of operation 17009407 : EXECUTING
17:40:33 DEBUG Starting new HTTPS connection (1): thin-edge-io.eu-latest.cumulocity.com:443
17:40:33 DEBUG https://thin-edge-io.eu-latest.cumulocity.com:443 &quot;GET /devicecontrol/operations/17009407 HTTP/1.1&quot; 200 1340
17:40:33 INFO  State of operation 17009407 : EXECUTING
17:40:35 DEBUG Starting new HTTPS connection (1): thin-edge-io.eu-latest.cumulocity.com:443
17:40:35 DEBUG https://thin-edge-io.eu-latest.cumulocity.com:443 &quot;GET /devicecontrol/operations/17009407 HTTP/1.1&quot; 200 1340
17:40:36 INFO  State of operation 17009407 : EXECUTING
17:40:38 DEBUG Starting new HTTPS connection (1): thin-edge-io.eu-latest.cumulocity.com:443
17:40:38 DEBUG https://thin-edge-io.eu-latest.cumulocity.com:443 &quot;GET /devicecontrol/operations/17009407 HTTP/1.1&quot; 200 1340
17:40:38 INFO  State of operation 17009407 : EXECUTING
17:40:40 DEBUG Starting new HTTPS connection (1): thin-edge-io.eu-latest.cumulocity.com:443
17:40:40 DEBUG https://thin-edge-io.eu-latest.cumulocity.com:443 &quot;GET /devicecontrol/operations/17009407 HTTP/1.1&quot; 200 1340
17:40:40 INFO  State of operation 17009407 : EXECUTING
17:40:42 DEBUG Starting new HTTPS connection (1): thin-edge-io.eu-latest.cumulocity.com:443
17:40:42 DEBUG https://thin-edge-io.eu-latest.cumulocity.com:443 &quot;GET /devicecontrol/operations/17009407 HTTP/1.1&quot; 200 1456
17:40:42 INFO  State of operation 17009407 : FAILED
17:40:42 ERROR Stopping as the operation has failed
17:40:42 WARN  SystemError occurred while running test - The operation has failed
Traceback (most recent call last):
  File &quot;/home/pi/env-pysys/lib/python3.7/site-packages/pysys/baserunner.py&quot;, line 1294, in __call__
    self.testObj.execute()
  File &quot;/home/pi/actions-runner/_work/thin-edge.io/thin-edge.io/tests/PySys/software_management_end_to_end/sm_mixed_install_remove_multiple/run.py&quot;, line 95, in execute
    self.wait_until_succcess()
  File &quot;/home/pi/actions-runner/_work/thin-edge.io/thin-edge.io/tests/PySys/software_management_end_to_end/environment_sm_management.py&quot;, line 324, in wait_until_succcess
    self.wait_until_status(&quot;SUCCESSFUL&quot;)
  File &quot;/home/pi/actions-runner/_work/thin-edge.io/thin-edge.io/tests/PySys/software_management_end_to_end/environment_sm_management.py&quot;, line 361, in wait_until_status
    raise SystemError(&quot;The operation has failed&quot;)
SystemError: The operation has failed
17:40:42 WARN  SystemError: The operation has failed ... blocked 
17:40:42 DEBUG --- test cleanup
17:40:42 INFO  
17:40:42 INFO  cleanup:
17:40:42 DEBUG Running registered cleanup function: &lt;bound method SoftwareManagement.mysmcleanup of &lt;PySysTest object at 0x75c5bf30&gt;&gt;
17:40:42 DEBUG Running registered cleanup function: &lt;bound method EnvironmentC8y.myenvcleanup of &lt;PySysTest object at 0x75c5bf30&gt;&gt;
17:40:42 DEBUG EnvironmentC8y Cleanup
17:40:42 DEBUG Process parameters for sudo&lt;tedge_disconnect_c8y&gt;
  command line : /usr/bin/sudo /usr/bin/tedge disconnect c8y
    arg #1     : /usr/bin/tedge
    arg #2     : disconnect
    arg #3     : c8y
  working dir  : /home/pi/actions-runner/_work/thin-edge.io/thin-edge.io/tests/PySys/software_management_end_to_end/sm_mixed_install_remove_multiple/Output/linux
  stdout       : /home/pi/actions-runner/_work/thin-edge.io/thin-edge.io/tests/PySys/software_management_end_to_end/sm_mixed_install_remove_multiple/Output/linux/tedge_disconnect_c8y.out
  stderr       : /home/pi/actions-runner/_work/thin-edge.io/thin-edge.io/tests/PySys/software_management_end_to_end/sm_mixed_install_remove_multiple/Output/linux/tedge_disconnect_c8y.err
  environment  : LD_LIBRARY_PATH=/usr/lib
  environment  : PATH=/bin:/usr/bin:/usr/sbin:/usr/local/bin
                   #1  /bin
                   #2  /usr/bin
                   #3  /usr/sbin
                   #4  /usr/local/bin
17:40:42 DEBUG Waiting up to 600 secs for process sudo&lt;tedge_disconnect_c8y&gt; (pid 20217)
17:40:46 INFO  Executed sudo&lt;tedge_disconnect_c8y&gt;, exit status 0
17:40:46 DEBUG Process parameters for systemctl&lt;serv_mapper5&gt;
  command line : /usr/bin/systemctl status tedge-mapper-c8y
    arg #1     : status
    arg #2     : tedge-mapper-c8y
  working dir  : /home/pi/actions-runner/_work/thin-edge.io/thin-edge.io/tests/PySys/software_management_end_to_end/sm_mixed_install_remove_multiple/Output/linux
  stdout       : /home/pi/actions-runner/_work/thin-edge.io/thin-edge.io/tests/PySys/software_management_end_to_end/sm_mixed_install_remove_multiple/Output/linux/serv_mapper5.out
  stderr       : /home/pi/actions-runner/_work/thin-edge.io/thin-edge.io/tests/PySys/software_management_end_to_end/sm_mixed_install_remove_multiple/Output/linux/serv_mapper5.err
  environment  : LD_LIBRARY_PATH=/usr/lib
  environment  : PATH=/bin:/usr/bin:/usr/sbin:/usr/local/bin
                   #1  /bin
                   #2  /usr/bin
                   #3  /usr/sbin
                   #4  /usr/local/bin
17:40:46 DEBUG Waiting up to 600 secs for process systemctl&lt;serv_mapper5&gt; (pid 20257)
17:40:47 INFO  Executed systemctl&lt;serv_mapper5&gt;, exit status 3
17:40:47 DEBUG ProcessUser cleanup function done.
17:40:47 INFO  
17:40:47 INFO  Test duration: 71.22 secs
17:40:47 INFO  Test final outcome:  BLOCKED
17:40:47 INFO  Test outcome reason: SystemError: The operation has failed (+1 other failures)
17:40:47 INFO  
</system-out>
	</testcase>
</testsuite>
