<?xml version="1.0" encoding="utf-8"?>
<testsuite failures="1" name="SoftwareManagement.sm_apt_install_remove_multiple" skipped="0" tests="1" time="141.37" timestamp="2022-04-15T10:09:21">
	<testcase classname="PySysTest" name="SoftwareManagement.sm_apt_install_remove_multiple">
		<failure message="FAILED: Assert that (False == value) with value=True (+2 other failures)" type="FAILED"/>
		<system-out>10:06:59 INFO  ==============================================================
10:06:59 INFO  Id:    SoftwareManagement.sm_apt_install_remove_multiple
10:06:59 INFO  Dir:   software_management_end_to_end/
10:06:59 INFO  Title: Validate end to end behaviour for the apt plugin for multiple packages
10:06:59 INFO  ==============================================================
10:06:59 INFO  Using sw id database: {'asciijump': '5475369', 'robotfindskitten': '5474869', 'squirrel3': '5475279', 'rolldice': '5152439', 'moon-buggy': '5439204', 'apple': '5495053', 'banana': '5494888', 'cherry': '5495382', 'watermelon': '5494510', 'registry': '8018911', 'hello-world': '8021526', 'docker/getting-started': '8021973', 'alpine': '7991792'}
10:06:59 INFO  EnvironmentC8y Setup
10:07:00 INFO  Executed systemctl&lt;serv_mapper1&gt;, exit status 3
10:07:00 INFO  Restarting mosquitto too frequently in the last 10 seconds. It was only up for 4 seconds
10:07:00 INFO  Delaying execution by 7 seconds
10:07:21 INFO  Executed sudo&lt;tedge_connect_c8y&gt;, exit status 0, duration 13 secs
10:07:22 INFO  Executed sudo&lt;tedge_connect_c8y_test&gt;, exit status 0
10:07:22 INFO  Executed systemctl&lt;serv_mosq2&gt;, exit status 0
10:07:23 INFO  Executed systemctl&lt;serv_mapper3&gt;, exit status 0
10:07:25 INFO  State of current operation: SUCCESSFUL
10:07:25 INFO  Assert that (False == value) with value=False ... passed
10:07:25 INFO  Package asciijump is installed
10:07:26 WARN  Assert that (False == value) with value=True ... failed 
10:07:26 INFO  Package squirrel3 is installed
10:07:26 WARN  Assert that (False == value) with value=True ... failed 
10:07:26 INFO  Package robotfindskitten is installed
10:07:26 WARN  Assert that (False == value) with value=True ... failed 
10:07:26 INFO  Response status: 201
10:07:26 INFO  Response to action: {
    &quot;creationTime&quot;: &quot;2022-04-15T10:07:26.854Z&quot;,
    &quot;deviceName&quot;: &quot;mythica&quot;,
    &quot;deviceId&quot;: &quot;17361611&quot;,
    &quot;self&quot;: &quot;https://t493319102.eu-latest.cumulocity.com/devicecontrol/operations/17372159&quot;,
    &quot;id&quot;: &quot;17372159&quot;,
    &quot;status&quot;: &quot;PENDING&quot;,
    &quot;description&quot;: &quot;Apply software changes, triggered from PySys: [{'action': 'install', 'id': '5475369', 'name': 'asciijump', 'url': ' ', 'version': '::apt'}, {'action': 'install', 'id': '5474869', 'name': 'robotfindskitten', 'url': ' ', 'version': '::apt'}, {'action': 'install', 'id': '5475279', 'name': 'squirrel3', 'url': ' ', 'version': '::apt'}]&quot;,
    &quot;c8y_SoftwareUpdate&quot;: [
        {
            &quot;name&quot;: &quot;asciijump&quot;,
            &quot;action&quot;: &quot;install&quot;,
            &quot;id&quot;: &quot;5475369&quot;,
            &quot;version&quot;: &quot;::apt&quot;,
            &quot;url&quot;: &quot; &quot;
        },
        {
            &quot;name&quot;: &quot;robotfindskitten&quot;,
            &quot;action&quot;: &quot;install&quot;,
            &quot;id&quot;: &quot;5474869&quot;,
            &quot;version&quot;: &quot;::apt&quot;,
            &quot;url&quot;: &quot; &quot;
        },
        {
            &quot;name&quot;: &quot;squirrel3&quot;,
            &quot;action&quot;: &quot;install&quot;,
            &quot;id&quot;: &quot;5475279&quot;,
            &quot;version&quot;: &quot;::apt&quot;,
            &quot;url&quot;: &quot; &quot;
        }
    ]
}
10:07:26 INFO  Started operation: {'creationTime': '2022-04-15T10:07:26.854Z', 'deviceName': 'mythica', 'deviceId': '17361611', 'self': 'https://t493319102.eu-latest.cumulocity.com/devicecontrol/operations/17372159', 'id': '17372159', 'status': 'PENDING', 'description': &quot;Apply software changes, triggered from PySys: [{'action': 'install', 'id': '5475369', 'name': 'asciijump', 'url': ' ', 'version': '::apt'}, {'action': 'install', 'id': '5474869', 'name': 'robotfindskitten', 'url': ' ', 'version': '::apt'}, {'action': 'install', 'id': '5475279', 'name': 'squirrel3', 'url': ' ', 'version': '::apt'}]&quot;, 'c8y_SoftwareUpdate': [{'name': 'asciijump', 'action': 'install', 'id': '5475369', 'version': '::apt', 'url': ' '}, {'name': 'robotfindskitten', 'action': 'install', 'id': '5474869', 'version': '::apt', 'url': ' '}, {'name': 'squirrel3', 'action': 'install', 'id': '5475279', 'version': '::apt', 'url': ' '}]}
10:07:29 INFO  State of operation 17372159 : PENDING
10:07:31 INFO  State of operation 17372159 : EXECUTING
10:07:33 INFO  State of operation 17372159 : EXECUTING
10:07:35 INFO  State of operation 17372159 : EXECUTING
10:07:38 INFO  State of operation 17372159 : EXECUTING
10:07:40 INFO  State of operation 17372159 : EXECUTING
10:07:43 INFO  State of operation 17372159 : EXECUTING
10:07:45 INFO  State of operation 17372159 : EXECUTING
10:07:48 INFO  State of operation 17372159 : EXECUTING
10:07:50 INFO  State of operation 17372159 : EXECUTING
10:07:53 INFO  State of operation 17372159 : EXECUTING
10:07:55 INFO  State of operation 17372159 : EXECUTING
10:07:57 INFO  State of operation 17372159 : EXECUTING
10:07:59 INFO  State of operation 17372159 : EXECUTING
10:08:01 INFO  State of operation 17372159 : EXECUTING
10:08:04 INFO  State of operation 17372159 : SUCCESSFUL
10:08:04 INFO  Assert that (False == value) with value=False ... passed
10:08:04 INFO  Package asciijump is installed
10:08:04 INFO  Assert that (True == value) with value=True ... passed
10:08:04 INFO  Package squirrel3 is installed
10:08:04 INFO  Assert that (True == value) with value=True ... passed
10:08:05 INFO  Package robotfindskitten is installed
10:08:05 INFO  Assert that (True == value) with value=True ... passed
10:08:05 INFO  Response status: 201
10:08:05 INFO  Response to action: {
    &quot;creationTime&quot;: &quot;2022-04-15T10:08:05.272Z&quot;,
    &quot;deviceName&quot;: &quot;mythica&quot;,
    &quot;deviceId&quot;: &quot;17361611&quot;,
    &quot;self&quot;: &quot;https://t493319102.eu-latest.cumulocity.com/devicecontrol/operations/17372161&quot;,
    &quot;id&quot;: &quot;17372161&quot;,
    &quot;status&quot;: &quot;PENDING&quot;,
    &quot;description&quot;: &quot;Apply software changes, triggered from PySys: [{'action': 'delete', 'id': '5475369', 'name': 'asciijump', 'url': ' ', 'version': '::apt'}, {'action': 'delete', 'id': '5474869', 'name': 'robotfindskitten', 'url': ' ', 'version': '::apt'}, {'action': 'delete', 'id': '5475279', 'name': 'squirrel3', 'url': ' ', 'version': '::apt'}]&quot;,
    &quot;c8y_SoftwareUpdate&quot;: [
        {
            &quot;name&quot;: &quot;asciijump&quot;,
            &quot;action&quot;: &quot;delete&quot;,
            &quot;id&quot;: &quot;5475369&quot;,
            &quot;version&quot;: &quot;::apt&quot;,
            &quot;url&quot;: &quot; &quot;
        },
        {
            &quot;name&quot;: &quot;robotfindskitten&quot;,
            &quot;action&quot;: &quot;delete&quot;,
            &quot;id&quot;: &quot;5474869&quot;,
            &quot;version&quot;: &quot;::apt&quot;,
            &quot;url&quot;: &quot; &quot;
        },
        {
            &quot;name&quot;: &quot;squirrel3&quot;,
            &quot;action&quot;: &quot;delete&quot;,
            &quot;id&quot;: &quot;5475279&quot;,
            &quot;version&quot;: &quot;::apt&quot;,
            &quot;url&quot;: &quot; &quot;
        }
    ]
}
10:08:05 INFO  Started operation: {'creationTime': '2022-04-15T10:08:05.272Z', 'deviceName': 'mythica', 'deviceId': '17361611', 'self': 'https://t493319102.eu-latest.cumulocity.com/devicecontrol/operations/17372161', 'id': '17372161', 'status': 'PENDING', 'description': &quot;Apply software changes, triggered from PySys: [{'action': 'delete', 'id': '5475369', 'name': 'asciijump', 'url': ' ', 'version': '::apt'}, {'action': 'delete', 'id': '5474869', 'name': 'robotfindskitten', 'url': ' ', 'version': '::apt'}, {'action': 'delete', 'id': '5475279', 'name': 'squirrel3', 'url': ' ', 'version': '::apt'}]&quot;, 'c8y_SoftwareUpdate': [{'name': 'asciijump', 'action': 'delete', 'id': '5475369', 'version': '::apt', 'url': ' '}, {'name': 'robotfindskitten', 'action': 'delete', 'id': '5474869', 'version': '::apt', 'url': ' '}, {'name': 'squirrel3', 'action': 'delete', 'id': '5475279', 'version': '::apt', 'url': ' '}]}
10:08:07 INFO  State of operation 17372161 : PENDING
10:08:09 INFO  State of operation 17372161 : EXECUTING
10:08:11 INFO  State of operation 17372161 : EXECUTING
10:08:14 INFO  State of operation 17372161 : EXECUTING
10:08:16 INFO  State of operation 17372161 : EXECUTING
10:08:18 INFO  State of operation 17372161 : EXECUTING
10:08:21 INFO  State of operation 17372161 : EXECUTING
10:08:24 INFO  State of operation 17372161 : EXECUTING
10:08:26 INFO  State of operation 17372161 : EXECUTING
10:08:29 INFO  State of operation 17372161 : EXECUTING
10:08:31 INFO  State of operation 17372161 : EXECUTING
10:08:33 INFO  State of operation 17372161 : EXECUTING
10:08:35 INFO  State of operation 17372161 : EXECUTING
10:08:37 INFO  State of operation 17372161 : EXECUTING
10:08:40 INFO  State of operation 17372161 : EXECUTING
10:08:42 INFO  State of operation 17372161 : EXECUTING
10:08:44 INFO  State of operation 17372161 : EXECUTING
10:08:47 INFO  State of operation 17372161 : EXECUTING
10:08:49 INFO  State of operation 17372161 : EXECUTING
10:08:52 INFO  State of operation 17372161 : EXECUTING
10:08:54 INFO  State of operation 17372161 : EXECUTING
10:08:56 INFO  State of operation 17372161 : EXECUTING
10:08:59 INFO  State of operation 17372161 : EXECUTING
10:09:01 INFO  State of operation 17372161 : EXECUTING
10:09:03 INFO  State of operation 17372161 : EXECUTING
10:09:06 INFO  State of operation 17372161 : EXECUTING
10:09:08 INFO  State of operation 17372161 : EXECUTING
10:09:10 INFO  State of operation 17372161 : EXECUTING
10:09:13 INFO  State of operation 17372161 : EXECUTING
10:09:15 INFO  State of operation 17372161 : SUCCESSFUL
10:09:15 INFO  Assert that (False == value) with value=False ... passed
10:09:15 INFO  Assert that (False == value) with value=False ... passed
10:09:16 INFO  Assert that (False == value) with value=False ... passed
10:09:16 INFO  Assert that (False == value) with value=False ... passed
10:09:16 INFO  
10:09:16 INFO  cleanup:
10:09:20 INFO  Executed sudo&lt;tedge_disconnect_c8y&gt;, exit status 0
10:09:21 INFO  Executed systemctl&lt;serv_mapper5&gt;, exit status 3
10:09:21 INFO  
10:09:21 INFO  Test duration: 141.37 secs
10:09:21 INFO  Test final outcome:  FAILED
10:09:21 INFO  Test outcome reason: Assert that (False == value) with value=True (+2 other failures)
10:09:21 INFO  
</system-out>
	</testcase>
</testsuite>
