<?xml version="1.0" encoding="utf-8"?>
<testsuite failures="0" name="SoftwareManagement.sm_mapper_fail_and_reconnect" skipped="1" tests="1" time="0.28" timestamp="2022-04-08T10:52:55">
	<testcase classname="MapperC8yReceiveLastMessageOnRestart" name="SoftwareManagement.sm_mapper_fail_and_reconnect">
		<skipped message="SKIPPED: instable https://github.com/thin-edge/thin-edge.io/issues/752"/>
		<system-out>10:52:54 INFO  ==============================================================
10:52:54 INFO  Id:    SoftwareManagement.sm_mapper_fail_and_reconnect
10:52:54 INFO  Dir:   software_management_end_to_end/
10:52:54 INFO  Title: Validate the tedge-mapper-sm-c8y for receiving the last message on restart
10:52:54 DEBUG Execution order hint: 0.0
10:52:54 INFO  ==============================================================
10:52:55 INFO  instable https://github.com/thin-edge/thin-edge.io/issues/752 ... skipped
10:52:55 DEBUG --- test cleanup
10:52:55 DEBUG ProcessUser cleanup function done.
10:52:55 INFO  
10:52:55 INFO  Test duration: 0.28 secs
10:52:55 INFO  Test final outcome:  SKIPPED
10:52:55 INFO  Test outcome reason: instable https://github.com/thin-edge/thin-edge.io/issues/752
10:52:55 INFO  
</system-out>
	</testcase>
</testsuite>
