<?xml version="1.0" encoding="utf-8"?>
<testsuite failures="0" name="SoftwareManagement.sm_fake_install_remove" skipped="0" tests="1" time="38.59" timestamp="2022-03-29T17:54:17">
	<testcase classname="PySysTest" name="SoftwareManagement.sm_fake_install_remove"/>
</testsuite>
