<?xml version="1.0" encoding="utf-8"?>
<testsuite failures="1" name="SoftwareManagement.sm_apt_install_download_path" skipped="0" tests="1" time="0.79" timestamp="2022-02-09T11:42:43">
	<testcase classname="AptInstallWithDownloadPath" name="SoftwareManagement.sm_apt_install_download_path">
		<failure message="FAILED: Device ID is not set. Set with the env variable C8YDEVICEID" type="FAILED"/>
		<system-out>11:42:42 INFO  ==============================================================
11:42:42 INFO  Id:    SoftwareManagement.sm_apt_install_download_path
11:42:42 INFO  Dir:   software_management_end_to_end/
11:42:42 INFO  Title: Install package to directory specified in tedge config set tmp.path
11:42:42 DEBUG Execution order hint: 0.0
11:42:42 INFO  ==============================================================
11:42:43 INFO  Using sw id database: {'asciijump': '5475369', 'robotfindskitten': '5474869', 'squirrel3': '5475279', 'rolldice': '5152439', 'moon-buggy': '5439204', 'apple': '5495053', 'banana': '5494888', 'cherry': '5495382', 'watermelon': '5494510', 'registry': '8018911', 'hello-world': '8021526', 'docker/getting-started': '8021973', 'alpine': '7991792'}
11:42:43 DEBUG EnvironmentC8y Setup
11:42:43 WARN  Device ID is not set. Set with the env variable C8YDEVICEID ... failed 
11:42:43 WARN  Aborted test due to FAILED outcome
11:42:43 DEBUG --- test cleanup
11:42:43 DEBUG ProcessUser cleanup function done.
11:42:43 INFO  
11:42:43 INFO  Test duration: 0.79 secs
11:42:43 INFO  Test final outcome:  FAILED
11:42:43 INFO  Test outcome reason: Device ID is not set. Set with the env variable C8YDEVICEID
11:42:43 INFO  
</system-out>
	</testcase>
</testsuite>
