<?xml version="1.0" encoding="utf-8"?>
<testsuite failures="1" name="SoftwareManagement.Plugin.apama_plugin_update" skipped="0" tests="1" time="11.75" timestamp="2022-03-30T09:07:06">
	<testcase classname="ApamaPluginUpdateTest" name="SoftwareManagement.Plugin.apama_plugin_update">
		<failure message="BLOCKED: sudo&lt;plugin_install&gt; returned non-zero exit code 2" type="BLOCKED"/>
		<system-out>09:06:54 INFO  ==============================================================
09:06:54 INFO  Id:    SoftwareManagement.Plugin.apama_plugin_update
09:06:54 INFO  Dir:   plugin_apama/
09:06:54 INFO  Title: Validate apama plugin updating one project with another
09:06:54 DEBUG Execution order hint: 0.0
09:06:54 INFO  ==============================================================
09:06:54 INFO  Assertion that path exists=False for &quot;/etc/tedge/apama/project&quot; ... passed
09:06:54 DEBUG Process parameters for sudo&lt;create_project_dir&gt;
  command line : /usr/bin/sudo mkdir -p /etc/tedge/apama
    arg #1     : mkdir
    arg #2     : -p
    arg #3     : /etc/tedge/apama
  working dir  : /home/pi/actions-runner/_work/thin-edge.io/thin-edge.io/tests/PySys/plugin_apama/apama_plugin_update/Output/linux
  stdout       : /home/pi/actions-runner/_work/thin-edge.io/thin-edge.io/tests/PySys/plugin_apama/apama_plugin_update/Output/linux/create_project_dir.out
  stderr       : /home/pi/actions-runner/_work/thin-edge.io/thin-edge.io/tests/PySys/plugin_apama/apama_plugin_update/Output/linux/create_project_dir.err
  environment  : LD_LIBRARY_PATH=/usr/lib
  environment  : PATH=/bin:/usr/bin:/usr/sbin:/usr/local/bin
                   #1  /bin
                   #2  /usr/bin
                   #3  /usr/sbin
                   #4  /usr/local/bin
09:06:54 DEBUG Waiting up to 600 secs for process sudo&lt;create_project_dir&gt; (pid 6108)
09:06:54 INFO  Executed sudo&lt;create_project_dir&gt;, exit status 0
09:06:54 DEBUG Process parameters for sudo&lt;unzip_apama_project&gt;
  command line : /usr/bin/sudo unzip /home/pi/actions-runner/_work/thin-edge.io/thin-edge.io/tests/PySys/plugin_apama/Input/quickstart.zip -d /tmp/tedge_apama_project
    arg #1     : unzip
    arg #2     : /home/pi/actions-runner/_work/thin-edge.io/thin-edge.io/tests/PySys/plugin_apama/Input/quickstart.zip
    arg #3     : -d
    arg #4     : /tmp/tedge_apama_project
  working dir  : /home/pi/actions-runner/_work/thin-edge.io/thin-edge.io/tests/PySys/plugin_apama/apama_plugin_update/Output/linux
  stdout       : /home/pi/actions-runner/_work/thin-edge.io/thin-edge.io/tests/PySys/plugin_apama/apama_plugin_update/Output/linux/unzip_apama_project.out
  stderr       : /home/pi/actions-runner/_work/thin-edge.io/thin-edge.io/tests/PySys/plugin_apama/apama_plugin_update/Output/linux/unzip_apama_project.err
  environment  : LD_LIBRARY_PATH=/usr/lib
  environment  : PATH=/bin:/usr/bin:/usr/sbin:/usr/local/bin
                   #1  /bin
                   #2  /usr/bin
                   #3  /usr/sbin
                   #4  /usr/local/bin
09:06:54 DEBUG Waiting up to 600 secs for process sudo&lt;unzip_apama_project&gt; (pid 6110)
09:06:54 INFO  Executed sudo&lt;unzip_apama_project&gt;, exit status 0
09:06:54 DEBUG Process parameters for sudo&lt;move_apama_project&gt;
  command line : /usr/bin/sudo mv /tmp/tedge_apama_project/project /etc/tedge/apama/project
    arg #1     : mv
    arg #2     : /tmp/tedge_apama_project/project
    arg #3     : /etc/tedge/apama/project
  working dir  : /home/pi/actions-runner/_work/thin-edge.io/thin-edge.io/tests/PySys/plugin_apama/apama_plugin_update/Output/linux
  stdout       : /home/pi/actions-runner/_work/thin-edge.io/thin-edge.io/tests/PySys/plugin_apama/apama_plugin_update/Output/linux/move_apama_project.out
  stderr       : /home/pi/actions-runner/_work/thin-edge.io/thin-edge.io/tests/PySys/plugin_apama/apama_plugin_update/Output/linux/move_apama_project.err
  environment  : LD_LIBRARY_PATH=/usr/lib
  environment  : PATH=/bin:/usr/bin:/usr/sbin:/usr/local/bin
                   #1  /bin
                   #2  /usr/bin
                   #3  /usr/sbin
                   #4  /usr/local/bin
09:06:55 DEBUG Waiting up to 600 secs for process sudo&lt;move_apama_project&gt; (pid 6112)
09:06:55 INFO  Executed sudo&lt;move_apama_project&gt;, exit status 0
09:06:55 DEBUG Process parameters for sudo&lt;restart_apama_service&gt;
  command line : /usr/bin/sudo service apama restart
    arg #1     : service
    arg #2     : apama
    arg #3     : restart
  working dir  : /home/pi/actions-runner/_work/thin-edge.io/thin-edge.io/tests/PySys/plugin_apama/apama_plugin_update/Output/linux
  stdout       : /home/pi/actions-runner/_work/thin-edge.io/thin-edge.io/tests/PySys/plugin_apama/apama_plugin_update/Output/linux/restart_apama_service.out
  stderr       : /home/pi/actions-runner/_work/thin-edge.io/thin-edge.io/tests/PySys/plugin_apama/apama_plugin_update/Output/linux/restart_apama_service.err
  environment  : LD_LIBRARY_PATH=/usr/lib
  environment  : PATH=/bin:/usr/bin:/usr/sbin:/usr/local/bin
                   #1  /bin
                   #2  /usr/bin
                   #3  /usr/sbin
                   #4  /usr/local/bin
09:06:55 DEBUG Waiting up to 600 secs for process sudo&lt;restart_apama_service&gt; (pid 6114)
09:06:55 INFO  Executed sudo&lt;restart_apama_service&gt;, exit status 0
09:06:55 DEBUG Process parameters for sudo&lt;apama_correlator_wait&gt;
  command line : /usr/bin/sudo /opt/softwareag/Apama/bin/apama_env component_management --port 15903 --waitFor 5
    arg #1     : /opt/softwareag/Apama/bin/apama_env
    arg #2     : component_management
    arg #3     : --port
    arg #4     : 15903
    arg #5     : --waitFor
    arg #6     : 5
  working dir  : /home/pi/actions-runner/_work/thin-edge.io/thin-edge.io/tests/PySys/plugin_apama/apama_plugin_update/Output/linux
  stdout       : /home/pi/actions-runner/_work/thin-edge.io/thin-edge.io/tests/PySys/plugin_apama/apama_plugin_update/Output/linux/apama_correlator_wait.out
  stderr       : /home/pi/actions-runner/_work/thin-edge.io/thin-edge.io/tests/PySys/plugin_apama/apama_plugin_update/Output/linux/apama_correlator_wait.err
  environment  : LD_LIBRARY_PATH=/usr/lib
  environment  : PATH=/bin:/usr/bin:/usr/sbin:/usr/local/bin
                   #1  /bin
                   #2  /usr/bin
                   #3  /usr/sbin
                   #4  /usr/local/bin
09:06:55 DEBUG Waiting up to 600 secs for process sudo&lt;apama_correlator_wait&gt; (pid 6134)
09:06:56 INFO  Executed sudo&lt;apama_correlator_wait&gt;, exit status 0
09:06:56 INFO  Assertion that path exists=True for &quot;/etc/tedge/apama/project&quot; ... passed
09:06:56 DEBUG Process parameters for sudo&lt;apama_list_monitors&gt;
  command line : /usr/bin/sudo /opt/softwareag/Apama/bin/apama_env engine_inspect -m -r
    arg #1     : /opt/softwareag/Apama/bin/apama_env
    arg #2     : engine_inspect
    arg #3     : -m
    arg #4     : -r
  working dir  : /home/pi/actions-runner/_work/thin-edge.io/thin-edge.io/tests/PySys/plugin_apama/apama_plugin_update/Output/linux
  stdout       : /home/pi/actions-runner/_work/thin-edge.io/thin-edge.io/tests/PySys/plugin_apama/apama_plugin_update/Output/linux/apama_list_monitors.out
  stderr       : /home/pi/actions-runner/_work/thin-edge.io/thin-edge.io/tests/PySys/plugin_apama/apama_plugin_update/Output/linux/apama_list_monitors.err
  environment  : LD_LIBRARY_PATH=/usr/lib
  environment  : PATH=/bin:/usr/bin:/usr/sbin:/usr/local/bin
                   #1  /bin
                   #2  /usr/bin
                   #3  /usr/sbin
                   #4  /usr/local/bin
09:06:56 DEBUG Waiting up to 600 secs for process sudo&lt;apama_list_monitors&gt; (pid 6175)
09:06:56 INFO  Executed sudo&lt;apama_list_monitors&gt;, exit status 0
09:06:56 DEBUG Performing regex contains=True grep on file: /home/pi/actions-runner/_work/thin-edge.io/thin-edge.io/tests/PySys/plugin_apama/apama_plugin_update/Output/linux/apama_list_monitors.out
09:06:56 DEBUG Grep on file /home/pi/actions-runner/_work/thin-edge.io/thin-edge.io/tests/PySys/plugin_apama/apama_plugin_update/Output/linux/apama_list_monitors.out successfully matched expression &quot;TedgeDemoMonitor&quot; with line: 'TedgeDemoMonitor 1\n'
09:06:56 INFO  Grep on file /home/pi/actions-runner/_work/thin-edge.io/thin-edge.io/tests/PySys/plugin_apama/apama_plugin_update/Output/linux/apama_list_monitors.out ... passed
09:06:56 DEBUG --- test execute
09:06:56 DEBUG Process parameters for sudo&lt;plugin_install&gt;
  command line : /usr/bin/sudo /etc/tedge/sm-plugins/apama install LimitedBandwidth::project --file /home/pi/actions-runner/_work/thin-edge.io/thin-edge.io/tests/PySys/plugin_apama/Input/limitedbandwidth.zip
    arg #1     : /etc/tedge/sm-plugins/apama
    arg #2     : install
    arg #3     : LimitedBandwidth::project
    arg #4     : --file
    arg #5     : /home/pi/actions-runner/_work/thin-edge.io/thin-edge.io/tests/PySys/plugin_apama/Input/limitedbandwidth.zip
  working dir  : /home/pi/actions-runner/_work/thin-edge.io/thin-edge.io/tests/PySys/plugin_apama/apama_plugin_update/Output/linux
  stdout       : /home/pi/actions-runner/_work/thin-edge.io/thin-edge.io/tests/PySys/plugin_apama/apama_plugin_update/Output/linux/plugin_install.out
  stderr       : /home/pi/actions-runner/_work/thin-edge.io/thin-edge.io/tests/PySys/plugin_apama/apama_plugin_update/Output/linux/plugin_install.err
  environment  : LD_LIBRARY_PATH=/usr/lib
  environment  : PATH=/bin:/usr/bin:/usr/sbin:/usr/local/bin
                   #1  /bin
                   #2  /usr/bin
                   #3  /usr/sbin
                   #4  /usr/local/bin
09:06:56 DEBUG Waiting up to 600 secs for process sudo&lt;plugin_install&gt; (pid 6195)
09:06:57 WARN  Executed sudo&lt;plugin_install&gt;, exit status 2
09:06:57 DEBUG Opening file using encoding=UTF-8: /home/pi/actions-runner/_work/thin-edge.io/thin-edge.io/tests/PySys/plugin_apama/apama_plugin_update/Output/linux/plugin_install.err
09:06:57 INFO  Contents of plugin_install.err: 
  ERROR: Directory not empty (os error 39)
  -----

09:06:57 WARN  sudo&lt;plugin_install&gt; returned non-zero exit code 2 ... blocked [run.py:31]
09:06:57 WARN  Aborted test due to BLOCKED outcome
09:06:57 DEBUG --- test cleanup
09:06:57 INFO  
09:06:57 INFO  cleanup:
09:06:57 DEBUG Running registered cleanup function: &lt;bound method ApamaPlugin.cleanup_project of &lt;ApamaPluginUpdateTest object at 0x75fd4850&gt;&gt;
09:06:57 INFO  Removing apama project
09:06:57 DEBUG Process parameters for sudo&lt;stop_apama_service&gt;
  command line : /usr/bin/sudo service apama stop
    arg #1     : service
    arg #2     : apama
    arg #3     : stop
  working dir  : /home/pi/actions-runner/_work/thin-edge.io/thin-edge.io/tests/PySys/plugin_apama/apama_plugin_update/Output/linux
  stdout       : /home/pi/actions-runner/_work/thin-edge.io/thin-edge.io/tests/PySys/plugin_apama/apama_plugin_update/Output/linux/stop_apama_service.out
  stderr       : /home/pi/actions-runner/_work/thin-edge.io/thin-edge.io/tests/PySys/plugin_apama/apama_plugin_update/Output/linux/stop_apama_service.err
  environment  : LD_LIBRARY_PATH=/usr/lib
  environment  : PATH=/bin:/usr/bin:/usr/sbin:/usr/local/bin
                   #1  /bin
                   #2  /usr/bin
                   #3  /usr/sbin
                   #4  /usr/local/bin
09:06:57 DEBUG Waiting up to 600 secs for process sudo&lt;stop_apama_service&gt; (pid 6197)
09:07:05 INFO  Executed sudo&lt;stop_apama_service&gt;, exit status 0
09:07:05 DEBUG Process parameters for sudo&lt;remove_apama_project&gt;
  command line : /usr/bin/sudo rm -rf /etc/tedge/apama/project
    arg #1     : rm
    arg #2     : -rf
    arg #3     : /etc/tedge/apama/project
  working dir  : /home/pi/actions-runner/_work/thin-edge.io/thin-edge.io/tests/PySys/plugin_apama/apama_plugin_update/Output/linux
  stdout       : /home/pi/actions-runner/_work/thin-edge.io/thin-edge.io/tests/PySys/plugin_apama/apama_plugin_update/Output/linux/remove_apama_project.out
  stderr       : /home/pi/actions-runner/_work/thin-edge.io/thin-edge.io/tests/PySys/plugin_apama/apama_plugin_update/Output/linux/remove_apama_project.err
  environment  : LD_LIBRARY_PATH=/usr/lib
  environment  : PATH=/bin:/usr/bin:/usr/sbin:/usr/local/bin
                   #1  /bin
                   #2  /usr/bin
                   #3  /usr/sbin
                   #4  /usr/local/bin
09:07:05 DEBUG Waiting up to 600 secs for process sudo&lt;remove_apama_project&gt; (pid 6236)
09:07:05 INFO  Executed sudo&lt;remove_apama_project&gt;, exit status 0
09:07:05 DEBUG Process parameters for sudo&lt;remove_apama_tmp_dir&gt;
  command line : /usr/bin/sudo rm -rf /tmp/tedge_apama_project
    arg #1     : rm
    arg #2     : -rf
    arg #3     : /tmp/tedge_apama_project
  working dir  : /home/pi/actions-runner/_work/thin-edge.io/thin-edge.io/tests/PySys/plugin_apama/apama_plugin_update/Output/linux
  stdout       : /home/pi/actions-runner/_work/thin-edge.io/thin-edge.io/tests/PySys/plugin_apama/apama_plugin_update/Output/linux/remove_apama_tmp_dir.out
  stderr       : /home/pi/actions-runner/_work/thin-edge.io/thin-edge.io/tests/PySys/plugin_apama/apama_plugin_update/Output/linux/remove_apama_tmp_dir.err
  environment  : LD_LIBRARY_PATH=/usr/lib
  environment  : PATH=/bin:/usr/bin:/usr/sbin:/usr/local/bin
                   #1  /bin
                   #2  /usr/bin
                   #3  /usr/sbin
                   #4  /usr/local/bin
09:07:05 DEBUG Waiting up to 600 secs for process sudo&lt;remove_apama_tmp_dir&gt; (pid 6238)
09:07:06 INFO  Executed sudo&lt;remove_apama_tmp_dir&gt;, exit status 0
09:07:06 DEBUG ProcessUser cleanup function done.
09:07:06 INFO  
09:07:06 INFO  Test duration: 11.75 secs
09:07:06 INFO  Test final outcome:  BLOCKED
09:07:06 INFO  Test outcome reason: sudo&lt;plugin_install&gt; returned non-zero exit code 2
09:07:06 INFO  
</system-out>
	</testcase>
</testsuite>
