<?xml version="1.0" encoding="utf-8"?>
<testsuite failures="1" name="SoftwareManagement.sm_fake_install_remove" skipped="0" tests="1" time="158.12" timestamp="2022-02-16T10:17:30">
	<testcase classname="PySysTest" name="SoftwareManagement.sm_fake_install_remove">
		<failure message="BLOCKED: SystemError: Timeout while waiting for status FAILED or SUCCESSFUL" type="BLOCKED"/>
		<system-out>10:14:52 INFO  ==============================================================
10:14:52 INFO  Id:    SoftwareManagement.sm_fake_install_remove
10:14:52 INFO  Dir:   software_management_end_to_end/
10:14:52 INFO  Title: Validate end to end behaviour for the dummy plugin for installation and removal of packages
10:14:52 DEBUG Execution order hint: 0.0
10:14:52 INFO  ==============================================================
10:14:52 INFO  Using sw id database: {'asciijump': '5475369', 'robotfindskitten': '5474869', 'squirrel3': '5475279', 'rolldice': '5152439', 'moon-buggy': '5439204', 'apple': '5495053', 'banana': '5494888', 'cherry': '5495382', 'watermelon': '5494510', 'registry': '8018911', 'hello-world': '8021526', 'docker/getting-started': '8021973', 'alpine': '7991792'}
10:14:52 DEBUG EnvironmentC8y Setup
10:14:52 INFO  EnvironmentC8y Setup
10:14:52 DEBUG Process parameters for systemctl&lt;serv_mapper1&gt;
  command line : /usr/bin/systemctl status tedge-mapper-c8y
    arg #1     : status
    arg #2     : tedge-mapper-c8y
  working dir  : /home/pi/actions-runner/_work/thin-edge.io/thin-edge.io/tests/PySys/software_management_end_to_end/sm_fake_install_remove/Output/linux
  stdout       : /home/pi/actions-runner/_work/thin-edge.io/thin-edge.io/tests/PySys/software_management_end_to_end/sm_fake_install_remove/Output/linux/serv_mapper1.out
  stderr       : /home/pi/actions-runner/_work/thin-edge.io/thin-edge.io/tests/PySys/software_management_end_to_end/sm_fake_install_remove/Output/linux/serv_mapper1.err
  environment  : LD_LIBRARY_PATH=/usr/lib
  environment  : PATH=/bin:/usr/bin:/usr/sbin:/usr/local/bin
                   #1  /bin
                   #2  /usr/bin
                   #3  /usr/sbin
                   #4  /usr/local/bin
10:14:52 DEBUG Waiting up to 600 secs for process systemctl&lt;serv_mapper1&gt; (pid 8102)
10:14:52 INFO  Executed systemctl&lt;serv_mapper1&gt;, exit status 3
10:14:52 INFO  Restarting mosquitto too frequently in the last 10 seconds. It was only up for 5 seconds
10:14:52 INFO  Delaying execution by 6 seconds
10:14:58 DEBUG Process parameters for sudo&lt;tedge_connect_c8y&gt;
  command line : /usr/bin/sudo /usr/bin/tedge connect c8y
    arg #1     : /usr/bin/tedge
    arg #2     : connect
    arg #3     : c8y
  working dir  : /home/pi/actions-runner/_work/thin-edge.io/thin-edge.io/tests/PySys/software_management_end_to_end/sm_fake_install_remove/Output/linux
  stdout       : /home/pi/actions-runner/_work/thin-edge.io/thin-edge.io/tests/PySys/software_management_end_to_end/sm_fake_install_remove/Output/linux/tedge_connect_c8y.out
  stderr       : /home/pi/actions-runner/_work/thin-edge.io/thin-edge.io/tests/PySys/software_management_end_to_end/sm_fake_install_remove/Output/linux/tedge_connect_c8y.err
  environment  : LD_LIBRARY_PATH=/usr/lib
  environment  : PATH=/bin:/usr/bin:/usr/sbin:/usr/local/bin
                   #1  /bin
                   #2  /usr/bin
                   #3  /usr/sbin
                   #4  /usr/local/bin
10:14:58 DEBUG Waiting up to 600 secs for process sudo&lt;tedge_connect_c8y&gt; (pid 8111)
10:15:10 INFO  Executed sudo&lt;tedge_connect_c8y&gt;, exit status 0, duration 11 secs
10:15:10 DEBUG Process parameters for sudo&lt;tedge_connect_c8y_test&gt;
  command line : /usr/bin/sudo /usr/bin/tedge connect c8y --test
    arg #1     : /usr/bin/tedge
    arg #2     : connect
    arg #3     : c8y
    arg #4     : --test
  working dir  : /home/pi/actions-runner/_work/thin-edge.io/thin-edge.io/tests/PySys/software_management_end_to_end/sm_fake_install_remove/Output/linux
  stdout       : /home/pi/actions-runner/_work/thin-edge.io/thin-edge.io/tests/PySys/software_management_end_to_end/sm_fake_install_remove/Output/linux/tedge_connect_c8y_test.out
  stderr       : /home/pi/actions-runner/_work/thin-edge.io/thin-edge.io/tests/PySys/software_management_end_to_end/sm_fake_install_remove/Output/linux/tedge_connect_c8y_test.err
  environment  : LD_LIBRARY_PATH=/usr/lib
  environment  : PATH=/bin:/usr/bin:/usr/sbin:/usr/local/bin
                   #1  /bin
                   #2  /usr/bin
                   #3  /usr/sbin
                   #4  /usr/local/bin
10:15:10 DEBUG Waiting up to 600 secs for process sudo&lt;tedge_connect_c8y_test&gt; (pid 8273)
10:15:10 INFO  Executed sudo&lt;tedge_connect_c8y_test&gt;, exit status 0
10:15:10 DEBUG Process parameters for systemctl&lt;serv_mosq2&gt;
  command line : /usr/bin/systemctl status mosquitto
    arg #1     : status
    arg #2     : mosquitto
  working dir  : /home/pi/actions-runner/_work/thin-edge.io/thin-edge.io/tests/PySys/software_management_end_to_end/sm_fake_install_remove/Output/linux
  stdout       : /home/pi/actions-runner/_work/thin-edge.io/thin-edge.io/tests/PySys/software_management_end_to_end/sm_fake_install_remove/Output/linux/serv_mosq2.out
  stderr       : /home/pi/actions-runner/_work/thin-edge.io/thin-edge.io/tests/PySys/software_management_end_to_end/sm_fake_install_remove/Output/linux/serv_mosq2.err
  environment  : LD_LIBRARY_PATH=/usr/lib
  environment  : PATH=/bin:/usr/bin:/usr/sbin:/usr/local/bin
                   #1  /bin
                   #2  /usr/bin
                   #3  /usr/sbin
                   #4  /usr/local/bin
10:15:10 DEBUG Waiting up to 600 secs for process systemctl&lt;serv_mosq2&gt; (pid 8280)
10:15:10 INFO  Executed systemctl&lt;serv_mosq2&gt;, exit status 0
10:15:10 DEBUG Process parameters for systemctl&lt;serv_mapper3&gt;
  command line : /usr/bin/systemctl status tedge-mapper-c8y
    arg #1     : status
    arg #2     : tedge-mapper-c8y
  working dir  : /home/pi/actions-runner/_work/thin-edge.io/thin-edge.io/tests/PySys/software_management_end_to_end/sm_fake_install_remove/Output/linux
  stdout       : /home/pi/actions-runner/_work/thin-edge.io/thin-edge.io/tests/PySys/software_management_end_to_end/sm_fake_install_remove/Output/linux/serv_mapper3.out
  stderr       : /home/pi/actions-runner/_work/thin-edge.io/thin-edge.io/tests/PySys/software_management_end_to_end/sm_fake_install_remove/Output/linux/serv_mapper3.err
  environment  : LD_LIBRARY_PATH=/usr/lib
  environment  : PATH=/bin:/usr/bin:/usr/sbin:/usr/local/bin
                   #1  /bin
                   #2  /usr/bin
                   #3  /usr/sbin
                   #4  /usr/local/bin
10:15:10 DEBUG Waiting up to 600 secs for process systemctl&lt;serv_mapper3&gt; (pid 8281)
10:15:11 INFO  Executed systemctl&lt;serv_mapper3&gt;, exit status 0
10:15:13 DEBUG Final URL of the request: https://thin-edge-io.eu-latest.cumulocity.com/devicecontrol/operations?deviceId=14273295&amp;pageSize=1&amp;revert=true&amp;dateFrom=1970-01-01T00%3A00%3A00.000Z
10:15:13 INFO  State of current operation: PENDING
10:15:13 DEBUG Final URL of the request: https://thin-edge-io.eu-latest.cumulocity.com/devicecontrol/operations?deviceId=14273295&amp;pageSize=1&amp;revert=true&amp;dateFrom=1970-01-01T00%3A00%3A00.000Z
10:15:13 DEBUG State of current operation: {
    &quot;delivery&quot;: {
        &quot;time&quot;: &quot;2022-02-16T10:15:09.472Z&quot;,
        &quot;log&quot;: [
            {
                &quot;time&quot;: &quot;2022-02-16T09:22:46.166Z&quot;,
                &quot;status&quot;: &quot;PENDING&quot;
            },
            {
                &quot;time&quot;: &quot;2022-02-16T09:22:46.185Z&quot;,
                &quot;status&quot;: &quot;SEND&quot;
            },
            {
                &quot;time&quot;: &quot;2022-02-16T09:22:46.219Z&quot;,
                &quot;status&quot;: &quot;DELIVERED&quot;
            },
            {
                &quot;time&quot;: &quot;2022-02-16T09:23:55.047Z&quot;,
                &quot;status&quot;: &quot;PENDING&quot;
            },
            {
                &quot;time&quot;: &quot;2022-02-16T09:23:55.077Z&quot;,
                &quot;status&quot;: &quot;SEND&quot;
            },
            {
                &quot;time&quot;: &quot;2022-02-16T09:23:55.114Z&quot;,
                &quot;status&quot;: &quot;DELIVERED&quot;
            },
            {
                &quot;time&quot;: &quot;2022-02-16T09:23:55.901Z&quot;,
                &quot;status&quot;: &quot;PENDING&quot;
            },
            {
                &quot;time&quot;: &quot;2022-02-16T09:23:55.930Z&quot;,
                &quot;status&quot;: &quot;SEND&quot;
            },
            {
                &quot;time&quot;: &quot;2022-02-16T09:23:55.967Z&quot;,
                &quot;status&quot;: &quot;DELIVERED&quot;
            },
            {
                &quot;time&quot;: &quot;2022-02-16T09:24:55.073Z&quot;,
                &quot;status&quot;: &quot;PENDING&quot;
            },
            {
                &quot;time&quot;: &quot;2022-02-16T09:24:55.106Z&quot;,
                &quot;status&quot;: &quot;SEND&quot;
            },
            {
                &quot;time&quot;: &quot;2022-02-16T09:24:55.144Z&quot;,
                &quot;status&quot;: &quot;DELIVERED&quot;
            },
            {
                &quot;time&quot;: &quot;2022-02-16T09:24:55.971Z&quot;,
                &quot;status&quot;: &quot;PENDING&quot;
            },
            {
                &quot;time&quot;: &quot;2022-02-16T09:24:56.008Z&quot;,
                &quot;status&quot;: &quot;SEND&quot;
            },
            {
                &quot;time&quot;: &quot;2022-02-16T09:24:56.044Z&quot;,
                &quot;status&quot;: &quot;DELIVERED&quot;
            },
            {
                &quot;time&quot;: &quot;2022-02-16T09:26:09.362Z&quot;,
                &quot;status&quot;: &quot;PENDING&quot;
            },
            {
                &quot;time&quot;: &quot;2022-02-16T09:26:09.392Z&quot;,
                &quot;status&quot;: &quot;SEND&quot;
            },
            {
                &quot;time&quot;: &quot;2022-02-16T09:26:09.428Z&quot;,
                &quot;status&quot;: &quot;DELIVERED&quot;
            },
            {
                &quot;time&quot;: &quot;2022-02-16T09:26:10.287Z&quot;,
                &quot;status&quot;: &quot;PENDING&quot;
            },
            {
                &quot;time&quot;: &quot;2022-02-16T09:26:10.317Z&quot;,
                &quot;status&quot;: &quot;SEND&quot;
            },
            {
                &quot;time&quot;: &quot;2022-02-16T09:26:10.353Z&quot;,
                &quot;status&quot;: &quot;DELIVERED&quot;
            },
            {
                &quot;time&quot;: &quot;2022-02-16T09:27:24.861Z&quot;,
                &quot;status&quot;: &quot;PENDING&quot;
            },
            {
                &quot;time&quot;: &quot;2022-02-16T09:27:24.898Z&quot;,
                &quot;status&quot;: &quot;SEND&quot;
            },
            {
                &quot;time&quot;: &quot;2022-02-16T09:27:24.935Z&quot;,
                &quot;status&quot;: &quot;DELIVERED&quot;
            },
            {
                &quot;time&quot;: &quot;2022-02-16T09:27:25.773Z&quot;,
                &quot;status&quot;: &quot;PENDING&quot;
            },
            {
                &quot;time&quot;: &quot;2022-02-16T09:27:25.812Z&quot;,
                &quot;status&quot;: &quot;SEND&quot;
            },
            {
                &quot;time&quot;: &quot;2022-02-16T09:27:25.849Z&quot;,
                &quot;status&quot;: &quot;DELIVERED&quot;
            },
            {
                &quot;time&quot;: &quot;2022-02-16T09:28:06.037Z&quot;,
                &quot;status&quot;: &quot;PENDING&quot;
            },
            {
                &quot;time&quot;: &quot;2022-02-16T09:28:06.069Z&quot;,
                &quot;status&quot;: &quot;SEND&quot;
            },
            {
                &quot;time&quot;: &quot;2022-02-16T09:28:06.107Z&quot;,
                &quot;status&quot;: &quot;DELIVERED&quot;
            },
            {
                &quot;time&quot;: &quot;2022-02-16T09:28:06.968Z&quot;,
                &quot;status&quot;: &quot;PENDING&quot;
            },
            {
                &quot;time&quot;: &quot;2022-02-16T09:28:07.002Z&quot;,
                &quot;status&quot;: &quot;SEND&quot;
            },
            {
                &quot;time&quot;: &quot;2022-02-16T09:28:07.039Z&quot;,
                &quot;status&quot;: &quot;DELIVERED&quot;
            },
            {
                &quot;time&quot;: &quot;2022-02-16T09:28:58.713Z&quot;,
                &quot;status&quot;: &quot;PENDING&quot;
            },
            {
                &quot;time&quot;: &quot;2022-02-16T09:28:58.744Z&quot;,
                &quot;status&quot;: &quot;SEND&quot;
            },
            {
                &quot;time&quot;: &quot;2022-02-16T09:28:58.782Z&quot;,
                &quot;status&quot;: &quot;DELIVERED&quot;
            },
            {
                &quot;time&quot;: &quot;2022-02-16T09:28:59.589Z&quot;,
                &quot;status&quot;: &quot;PENDING&quot;
            },
            {
                &quot;time&quot;: &quot;2022-02-16T09:28:59.620Z&quot;,
                &quot;status&quot;: &quot;SEND&quot;
            },
            {
                &quot;time&quot;: &quot;2022-02-16T09:28:59.658Z&quot;,
                &quot;status&quot;: &quot;DELIVERED&quot;
            },
            {
                &quot;time&quot;: &quot;2022-02-16T09:29:51.098Z&quot;,
                &quot;status&quot;: &quot;PENDING&quot;
            },
            {
                &quot;time&quot;: &quot;2022-02-16T09:29:51.134Z&quot;,
                &quot;status&quot;: &quot;SEND&quot;
            },
            {
                &quot;time&quot;: &quot;2022-02-16T09:29:51.171Z&quot;,
                &quot;status&quot;: &quot;DELIVERED&quot;
            },
            {
                &quot;time&quot;: &quot;2022-02-16T09:29:52.013Z&quot;,
                &quot;status&quot;: &quot;PENDING&quot;
            },
            {
                &quot;time&quot;: &quot;2022-02-16T09:29:52.047Z&quot;,
                &quot;status&quot;: &quot;SEND&quot;
            },
            {
                &quot;time&quot;: &quot;2022-02-16T09:29:52.089Z&quot;,
                &quot;status&quot;: &quot;DELIVERED&quot;
            },
            {
                &quot;time&quot;: &quot;2022-02-16T09:30:33.494Z&quot;,
                &quot;status&quot;: &quot;PENDING&quot;
            },
            {
                &quot;time&quot;: &quot;2022-02-16T09:30:33.534Z&quot;,
                &quot;status&quot;: &quot;SEND&quot;
            },
            {
                &quot;time&quot;: &quot;2022-02-16T09:30:33.571Z&quot;,
                &quot;status&quot;: &quot;DELIVERED&quot;
            },
            {
                &quot;time&quot;: &quot;2022-02-16T09:30:34.412Z&quot;,
                &quot;status&quot;: &quot;PENDING&quot;
            },
            {
                &quot;time&quot;: &quot;2022-02-16T09:30:34.453Z&quot;,
                &quot;status&quot;: &quot;SEND&quot;
            },
            {
                &quot;time&quot;: &quot;2022-02-16T09:30:34.488Z&quot;,
                &quot;status&quot;: &quot;DELIVERED&quot;
            },
            {
                &quot;time&quot;: &quot;2022-02-16T09:32:49.337Z&quot;,
                &quot;status&quot;: &quot;PENDING&quot;
            },
            {
                &quot;time&quot;: &quot;2022-02-16T09:32:49.371Z&quot;,
                &quot;status&quot;: &quot;SEND&quot;
            },
            {
                &quot;time&quot;: &quot;2022-02-16T09:32:49.408Z&quot;,
                &quot;status&quot;: &quot;DELIVERED&quot;
            },
            {
                &quot;time&quot;: &quot;2022-02-16T09:32:50.347Z&quot;,
                &quot;status&quot;: &quot;PENDING&quot;
            },
            {
                &quot;time&quot;: &quot;2022-02-16T09:32:50.382Z&quot;,
                &quot;status&quot;: &quot;SEND&quot;
            },
            {
                &quot;time&quot;: &quot;2022-02-16T09:32:50.423Z&quot;,
                &quot;status&quot;: &quot;DELIVERED&quot;
            },
            {
                &quot;time&quot;: &quot;2022-02-16T09:35:18.696Z&quot;,
                &quot;status&quot;: &quot;PENDING&quot;
            },
            {
                &quot;time&quot;: &quot;2022-02-16T09:35:18.734Z&quot;,
                &quot;status&quot;: &quot;SEND&quot;
            },
            {
                &quot;time&quot;: &quot;2022-02-16T09:35:18.769Z&quot;,
                &quot;status&quot;: &quot;DELIVERED&quot;
            },
            {
                &quot;time&quot;: &quot;2022-02-16T09:35:41.813Z&quot;,
                &quot;status&quot;: &quot;PENDING&quot;
            },
            {
                &quot;time&quot;: &quot;2022-02-16T09:35:41.852Z&quot;,
                &quot;status&quot;: &quot;SEND&quot;
            },
            {
                &quot;time&quot;: &quot;2022-02-16T09:35:41.891Z&quot;,
                &quot;status&quot;: &quot;DELIVERED&quot;
            },
            {
                &quot;time&quot;: &quot;2022-02-16T09:35:42.766Z&quot;,
                &quot;status&quot;: &quot;PENDING&quot;
            },
            {
                &quot;time&quot;: &quot;2022-02-16T09:35:42.811Z&quot;,
                &quot;status&quot;: &quot;SEND&quot;
            },
            {
                &quot;time&quot;: &quot;2022-02-16T09:35:42.849Z&quot;,
                &quot;status&quot;: &quot;DELIVERED&quot;
            },
            {
                &quot;time&quot;: &quot;2022-02-16T09:36:06.394Z&quot;,
                &quot;status&quot;: &quot;PENDING&quot;
            },
            {
                &quot;time&quot;: &quot;2022-02-16T09:36:06.432Z&quot;,
                &quot;status&quot;: &quot;SEND&quot;
            },
            {
                &quot;time&quot;: &quot;2022-02-16T09:36:06.488Z&quot;,
                &quot;status&quot;: &quot;DELIVERED&quot;
            },
            {
                &quot;time&quot;: &quot;2022-02-16T09:36:07.318Z&quot;,
                &quot;status&quot;: &quot;PENDING&quot;
            },
            {
                &quot;time&quot;: &quot;2022-02-16T09:36:07.358Z&quot;,
                &quot;status&quot;: &quot;SEND&quot;
            },
            {
                &quot;time&quot;: &quot;2022-02-16T09:36:07.393Z&quot;,
                &quot;status&quot;: &quot;DELIVERED&quot;
            },
            {
                &quot;time&quot;: &quot;2022-02-16T09:36:30.178Z&quot;,
                &quot;status&quot;: &quot;PENDING&quot;
            },
            {
                &quot;time&quot;: &quot;2022-02-16T09:36:30.210Z&quot;,
                &quot;status&quot;: &quot;SEND&quot;
            },
            {
                &quot;time&quot;: &quot;2022-02-16T09:36:30.248Z&quot;,
                &quot;status&quot;: &quot;DELIVERED&quot;
            },
            {
                &quot;time&quot;: &quot;2022-02-16T09:36:31.123Z&quot;,
                &quot;status&quot;: &quot;PENDING&quot;
            },
            {
                &quot;time&quot;: &quot;2022-02-16T09:36:31.156Z&quot;,
                &quot;status&quot;: &quot;SEND&quot;
            },
            {
                &quot;time&quot;: &quot;2022-02-16T09:36:31.207Z&quot;,
                &quot;status&quot;: &quot;DELIVERED&quot;
            },
            {
                &quot;time&quot;: &quot;2022-02-16T09:37:08.443Z&quot;,
                &quot;status&quot;: &quot;PENDING&quot;
            },
            {
                &quot;time&quot;: &quot;2022-02-16T09:37:08.481Z&quot;,
                &quot;status&quot;: &quot;SEND&quot;
            },
            {
                &quot;time&quot;: &quot;2022-02-16T09:37:08.522Z&quot;,
                &quot;status&quot;: &quot;DELIVERED&quot;
            },
            {
                &quot;time&quot;: &quot;2022-02-16T09:37:09.439Z&quot;,
                &quot;status&quot;: &quot;PENDING&quot;
            },
            {
                &quot;time&quot;: &quot;2022-02-16T09:37:09.478Z&quot;,
                &quot;status&quot;: &quot;SEND&quot;
            },
            {
                &quot;time&quot;: &quot;2022-02-16T09:37:09.516Z&quot;,
                &quot;status&quot;: &quot;DELIVERED&quot;
            },
            {
                &quot;time&quot;: &quot;2022-02-16T09:37:13.026Z&quot;,
                &quot;status&quot;: &quot;PENDING&quot;
            },
            {
                &quot;time&quot;: &quot;2022-02-16T09:37:13.068Z&quot;,
                &quot;status&quot;: &quot;SEND&quot;
            },
            {
                &quot;time&quot;: &quot;2022-02-16T09:37:13.106Z&quot;,
                &quot;status&quot;: &quot;DELIVERED&quot;
            },
            {
                &quot;time&quot;: &quot;2022-02-16T09:37:37.817Z&quot;,
                &quot;status&quot;: &quot;PENDING&quot;
            },
            {
                &quot;time&quot;: &quot;2022-02-16T09:37:37.857Z&quot;,
                &quot;status&quot;: &quot;SEND&quot;
            },
            {
                &quot;time&quot;: &quot;2022-02-16T09:37:37.893Z&quot;,
                &quot;status&quot;: &quot;DELIVERED&quot;
            },
            {
                &quot;time&quot;: &quot;2022-02-16T09:37:38.638Z&quot;,
                &quot;status&quot;: &quot;PENDING&quot;
            },
            {
                &quot;time&quot;: &quot;2022-02-16T09:37:38.675Z&quot;,
                &quot;status&quot;: &quot;SEND&quot;
            },
            {
                &quot;time&quot;: &quot;2022-02-16T09:37:38.712Z&quot;,
                &quot;status&quot;: &quot;DELIVERED&quot;
            },
            {
                &quot;time&quot;: &quot;2022-02-16T09:38:03.926Z&quot;,
                &quot;status&quot;: &quot;PENDING&quot;
            },
            {
                &quot;time&quot;: &quot;2022-02-16T09:38:03.965Z&quot;,
                &quot;status&quot;: &quot;SEND&quot;
            },
            {
                &quot;time&quot;: &quot;2022-02-16T09:38:04.001Z&quot;,
                &quot;status&quot;: &quot;DELIVERED&quot;
            },
            {
                &quot;time&quot;: &quot;2022-02-16T09:38:04.819Z&quot;,
                &quot;status&quot;: &quot;PENDING&quot;
            },
            {
                &quot;time&quot;: &quot;2022-02-16T09:38:04.864Z&quot;,
                &quot;status&quot;: &quot;SEND&quot;
            },
            {
                &quot;time&quot;: &quot;2022-02-16T09:38:04.911Z&quot;,
                &quot;status&quot;: &quot;DELIVERED&quot;
            },
            {
                &quot;time&quot;: &quot;2022-02-16T09:53:50.860Z&quot;,
                &quot;status&quot;: &quot;PENDING&quot;
            },
            {
                &quot;time&quot;: &quot;2022-02-16T09:53:50.900Z&quot;,
                &quot;status&quot;: &quot;SEND&quot;
            },
            {
                &quot;time&quot;: &quot;2022-02-16T09:53:50.939Z&quot;,
                &quot;status&quot;: &quot;DELIVERED&quot;
            },
            {
                &quot;time&quot;: &quot;2022-02-16T09:53:51.831Z&quot;,
                &quot;status&quot;: &quot;PENDING&quot;
            },
            {
                &quot;time&quot;: &quot;2022-02-16T09:53:51.869Z&quot;,
                &quot;status&quot;: &quot;SEND&quot;
            },
            {
                &quot;time&quot;: &quot;2022-02-16T09:53:51.917Z&quot;,
                &quot;status&quot;: &quot;DELIVERED&quot;
            },
            {
                &quot;time&quot;: &quot;2022-02-16T09:56:32.333Z&quot;,
                &quot;status&quot;: &quot;PENDING&quot;
            },
            {
                &quot;time&quot;: &quot;2022-02-16T09:56:32.376Z&quot;,
                &quot;status&quot;: &quot;SEND&quot;
            },
            {
                &quot;time&quot;: &quot;2022-02-16T09:56:32.413Z&quot;,
                &quot;status&quot;: &quot;DELIVERED&quot;
            },
            {
                &quot;time&quot;: &quot;2022-02-16T09:56:33.226Z&quot;,
                &quot;status&quot;: &quot;PENDING&quot;
            },
            {
                &quot;time&quot;: &quot;2022-02-16T09:56:33.279Z&quot;,
                &quot;status&quot;: &quot;SEND&quot;
            },
            {
                &quot;time&quot;: &quot;2022-02-16T09:56:33.321Z&quot;,
                &quot;status&quot;: &quot;DELIVERED&quot;
            },
            {
                &quot;time&quot;: &quot;2022-02-16T09:59:11.843Z&quot;,
                &quot;status&quot;: &quot;PENDING&quot;
            },
            {
                &quot;time&quot;: &quot;2022-02-16T09:59:11.885Z&quot;,
                &quot;status&quot;: &quot;SEND&quot;
            },
            {
                &quot;time&quot;: &quot;2022-02-16T09:59:11.929Z&quot;,
                &quot;status&quot;: &quot;DELIVERED&quot;
            },
            {
                &quot;time&quot;: &quot;2022-02-16T09:59:12.799Z&quot;,
                &quot;status&quot;: &quot;PENDING&quot;
            },
            {
                &quot;time&quot;: &quot;2022-02-16T09:59:12.857Z&quot;,
                &quot;status&quot;: &quot;SEND&quot;
            },
            {
                &quot;time&quot;: &quot;2022-02-16T09:59:12.913Z&quot;,
                &quot;status&quot;: &quot;DELIVERED&quot;
            },
            {
                &quot;time&quot;: &quot;2022-02-16T10:01:50.751Z&quot;,
                &quot;status&quot;: &quot;PENDING&quot;
            },
            {
                &quot;time&quot;: &quot;2022-02-16T10:01:50.791Z&quot;,
                &quot;status&quot;: &quot;SEND&quot;
            },
            {
                &quot;time&quot;: &quot;2022-02-16T10:01:50.828Z&quot;,
                &quot;status&quot;: &quot;DELIVERED&quot;
            },
            {
                &quot;time&quot;: &quot;2022-02-16T10:01:51.673Z&quot;,
                &quot;status&quot;: &quot;PENDING&quot;
            },
            {
                &quot;time&quot;: &quot;2022-02-16T10:01:51.713Z&quot;,
                &quot;status&quot;: &quot;SEND&quot;
            },
            {
                &quot;time&quot;: &quot;2022-02-16T10:01:51.755Z&quot;,
                &quot;status&quot;: &quot;DELIVERED&quot;
            },
            {
                &quot;time&quot;: &quot;2022-02-16T10:04:30.106Z&quot;,
                &quot;status&quot;: &quot;PENDING&quot;
            },
            {
                &quot;time&quot;: &quot;2022-02-16T10:04:30.153Z&quot;,
                &quot;status&quot;: &quot;SEND&quot;
            },
            {
                &quot;time&quot;: &quot;2022-02-16T10:04:30.200Z&quot;,
                &quot;status&quot;: &quot;DELIVERED&quot;
            },
            {
                &quot;time&quot;: &quot;2022-02-16T10:04:31.076Z&quot;,
                &quot;status&quot;: &quot;PENDING&quot;
            },
            {
                &quot;time&quot;: &quot;2022-02-16T10:04:31.122Z&quot;,
                &quot;status&quot;: &quot;SEND&quot;
            },
            {
                &quot;time&quot;: &quot;2022-02-16T10:04:31.164Z&quot;,
                &quot;status&quot;: &quot;DELIVERED&quot;
            },
            {
                &quot;time&quot;: &quot;2022-02-16T10:07:10.462Z&quot;,
                &quot;status&quot;: &quot;PENDING&quot;
            },
            {
                &quot;time&quot;: &quot;2022-02-16T10:07:10.499Z&quot;,
                &quot;status&quot;: &quot;SEND&quot;
            },
            {
                &quot;time&quot;: &quot;2022-02-16T10:07:10.537Z&quot;,
                &quot;status&quot;: &quot;DELIVERED&quot;
            },
            {
                &quot;time&quot;: &quot;2022-02-16T10:07:11.343Z&quot;,
                &quot;status&quot;: &quot;PENDING&quot;
            },
            {
                &quot;time&quot;: &quot;2022-02-16T10:07:11.380Z&quot;,
                &quot;status&quot;: &quot;SEND&quot;
            },
            {
                &quot;time&quot;: &quot;2022-02-16T10:07:11.418Z&quot;,
                &quot;status&quot;: &quot;DELIVERED&quot;
            },
            {
                &quot;time&quot;: &quot;2022-02-16T10:09:49.720Z&quot;,
                &quot;status&quot;: &quot;PENDING&quot;
            },
            {
                &quot;time&quot;: &quot;2022-02-16T10:09:49.762Z&quot;,
                &quot;status&quot;: &quot;SEND&quot;
            },
            {
                &quot;time&quot;: &quot;2022-02-16T10:09:49.803Z&quot;,
                &quot;status&quot;: &quot;DELIVERED&quot;
            },
            {
                &quot;time&quot;: &quot;2022-02-16T10:09:50.610Z&quot;,
                &quot;status&quot;: &quot;PENDING&quot;
            },
            {
                &quot;time&quot;: &quot;2022-02-16T10:09:50.651Z&quot;,
                &quot;status&quot;: &quot;SEND&quot;
            },
            {
                &quot;time&quot;: &quot;2022-02-16T10:09:50.691Z&quot;,
                &quot;status&quot;: &quot;DELIVERED&quot;
            },
            {
                &quot;time&quot;: &quot;2022-02-16T10:12:29.403Z&quot;,
                &quot;status&quot;: &quot;PENDING&quot;
            },
            {
                &quot;time&quot;: &quot;2022-02-16T10:12:29.449Z&quot;,
                &quot;status&quot;: &quot;SEND&quot;
            },
            {
                &quot;time&quot;: &quot;2022-02-16T10:12:29.494Z&quot;,
                &quot;status&quot;: &quot;DELIVERED&quot;
            },
            {
                &quot;time&quot;: &quot;2022-02-16T10:12:30.338Z&quot;,
                &quot;status&quot;: &quot;PENDING&quot;
            },
            {
                &quot;time&quot;: &quot;2022-02-16T10:12:30.379Z&quot;,
                &quot;status&quot;: &quot;SEND&quot;
            },
            {
                &quot;time&quot;: &quot;2022-02-16T10:12:30.423Z&quot;,
                &quot;status&quot;: &quot;DELIVERED&quot;
            },
            {
                &quot;time&quot;: &quot;2022-02-16T10:15:08.464Z&quot;,
                &quot;status&quot;: &quot;PENDING&quot;
            },
            {
                &quot;time&quot;: &quot;2022-02-16T10:15:08.507Z&quot;,
                &quot;status&quot;: &quot;SEND&quot;
            },
            {
                &quot;time&quot;: &quot;2022-02-16T10:15:08.549Z&quot;,
                &quot;status&quot;: &quot;DELIVERED&quot;
            },
            {
                &quot;time&quot;: &quot;2022-02-16T10:15:09.384Z&quot;,
                &quot;status&quot;: &quot;PENDING&quot;
            },
            {
                &quot;time&quot;: &quot;2022-02-16T10:15:09.428Z&quot;,
                &quot;status&quot;: &quot;SEND&quot;
            }
        ],
        &quot;status&quot;: &quot;DELIVERED&quot;
    },
    &quot;creationTime&quot;: &quot;2022-02-16T09:22:46.140Z&quot;,
    &quot;deviceId&quot;: &quot;14273295&quot;,
    &quot;deviceName&quot;: &quot;offsitec&quot;,
    &quot;self&quot;: &quot;https://t493319102.eu-latest.cumulocity.com/devicecontrol/operations/14275540&quot;,
    &quot;id&quot;: &quot;14275540&quot;,
    &quot;status&quot;: &quot;PENDING&quot;,
    &quot;c8y_LogfileRequest&quot;: {
        &quot;searchText&quot;: &quot;&quot;,
        &quot;logFile&quot;: &quot;software-management&quot;,
        &quot;dateTo&quot;: &quot;2021-11-21T18:55:49+0530&quot;,
        &quot;dateFrom&quot;: &quot;2021-11-15T18:55:49+0530&quot;,
        &quot;maximumLines&quot;: 300
    },
    &quot;description&quot;: &quot;Log file request&quot;
}
10:15:15 DEBUG Final URL of the request: https://thin-edge-io.eu-latest.cumulocity.com/devicecontrol/operations?deviceId=14273295&amp;pageSize=1&amp;revert=true&amp;dateFrom=1970-01-01T00%3A00%3A00.000Z
10:15:15 INFO  State of current operation: PENDING
10:15:15 DEBUG Final URL of the request: https://thin-edge-io.eu-latest.cumulocity.com/devicecontrol/operations?deviceId=14273295&amp;pageSize=1&amp;revert=true&amp;dateFrom=1970-01-01T00%3A00%3A00.000Z
10:15:15 DEBUG State of current operation: {
    &quot;delivery&quot;: {
        &quot;time&quot;: &quot;2022-02-16T10:15:09.472Z&quot;,
        &quot;log&quot;: [
            {
                &quot;time&quot;: &quot;2022-02-16T09:22:46.166Z&quot;,
                &quot;status&quot;: &quot;PENDING&quot;
            },
            {
                &quot;time&quot;: &quot;2022-02-16T09:22:46.185Z&quot;,
                &quot;status&quot;: &quot;SEND&quot;
            },
            {
                &quot;time&quot;: &quot;2022-02-16T09:22:46.219Z&quot;,
                &quot;status&quot;: &quot;DELIVERED&quot;
            },
            {
                &quot;time&quot;: &quot;2022-02-16T09:23:55.047Z&quot;,
                &quot;status&quot;: &quot;PENDING&quot;
            },
            {
                &quot;time&quot;: &quot;2022-02-16T09:23:55.077Z&quot;,
                &quot;status&quot;: &quot;SEND&quot;
            },
            {
                &quot;time&quot;: &quot;2022-02-16T09:23:55.114Z&quot;,
                &quot;status&quot;: &quot;DELIVERED&quot;
            },
            {
                &quot;time&quot;: &quot;2022-02-16T09:23:55.901Z&quot;,
                &quot;status&quot;: &quot;PENDING&quot;
            },
            {
                &quot;time&quot;: &quot;2022-02-16T09:23:55.930Z&quot;,
                &quot;status&quot;: &quot;SEND&quot;
            },
            {
                &quot;time&quot;: &quot;2022-02-16T09:23:55.967Z&quot;,
                &quot;status&quot;: &quot;DELIVERED&quot;
            },
            {
                &quot;time&quot;: &quot;2022-02-16T09:24:55.073Z&quot;,
                &quot;status&quot;: &quot;PENDING&quot;
            },
            {
                &quot;time&quot;: &quot;2022-02-16T09:24:55.106Z&quot;,
                &quot;status&quot;: &quot;SEND&quot;
            },
            {
                &quot;time&quot;: &quot;2022-02-16T09:24:55.144Z&quot;,
                &quot;status&quot;: &quot;DELIVERED&quot;
            },
            {
                &quot;time&quot;: &quot;2022-02-16T09:24:55.971Z&quot;,
                &quot;status&quot;: &quot;PENDING&quot;
            },
            {
                &quot;time&quot;: &quot;2022-02-16T09:24:56.008Z&quot;,
                &quot;status&quot;: &quot;SEND&quot;
            },
            {
                &quot;time&quot;: &quot;2022-02-16T09:24:56.044Z&quot;,
                &quot;status&quot;: &quot;DELIVERED&quot;
            },
            {
                &quot;time&quot;: &quot;2022-02-16T09:26:09.362Z&quot;,
                &quot;status&quot;: &quot;PENDING&quot;
            },
            {
                &quot;time&quot;: &quot;2022-02-16T09:26:09.392Z&quot;,
                &quot;status&quot;: &quot;SEND&quot;
            },
            {
                &quot;time&quot;: &quot;2022-02-16T09:26:09.428Z&quot;,
                &quot;status&quot;: &quot;DELIVERED&quot;
            },
            {
                &quot;time&quot;: &quot;2022-02-16T09:26:10.287Z&quot;,
                &quot;status&quot;: &quot;PENDING&quot;
            },
            {
                &quot;time&quot;: &quot;2022-02-16T09:26:10.317Z&quot;,
                &quot;status&quot;: &quot;SEND&quot;
            },
            {
                &quot;time&quot;: &quot;2022-02-16T09:26:10.353Z&quot;,
                &quot;status&quot;: &quot;DELIVERED&quot;
            },
            {
                &quot;time&quot;: &quot;2022-02-16T09:27:24.861Z&quot;,
                &quot;status&quot;: &quot;PENDING&quot;
            },
            {
                &quot;time&quot;: &quot;2022-02-16T09:27:24.898Z&quot;,
                &quot;status&quot;: &quot;SEND&quot;
            },
            {
                &quot;time&quot;: &quot;2022-02-16T09:27:24.935Z&quot;,
                &quot;status&quot;: &quot;DELIVERED&quot;
            },
            {
                &quot;time&quot;: &quot;2022-02-16T09:27:25.773Z&quot;,
                &quot;status&quot;: &quot;PENDING&quot;
            },
            {
                &quot;time&quot;: &quot;2022-02-16T09:27:25.812Z&quot;,
                &quot;status&quot;: &quot;SEND&quot;
            },
            {
                &quot;time&quot;: &quot;2022-02-16T09:27:25.849Z&quot;,
                &quot;status&quot;: &quot;DELIVERED&quot;
            },
            {
                &quot;time&quot;: &quot;2022-02-16T09:28:06.037Z&quot;,
                &quot;status&quot;: &quot;PENDING&quot;
            },
            {
                &quot;time&quot;: &quot;2022-02-16T09:28:06.069Z&quot;,
                &quot;status&quot;: &quot;SEND&quot;
            },
            {
                &quot;time&quot;: &quot;2022-02-16T09:28:06.107Z&quot;,
                &quot;status&quot;: &quot;DELIVERED&quot;
            },
            {
                &quot;time&quot;: &quot;2022-02-16T09:28:06.968Z&quot;,
                &quot;status&quot;: &quot;PENDING&quot;
            },
            {
                &quot;time&quot;: &quot;2022-02-16T09:28:07.002Z&quot;,
                &quot;status&quot;: &quot;SEND&quot;
            },
            {
                &quot;time&quot;: &quot;2022-02-16T09:28:07.039Z&quot;,
                &quot;status&quot;: &quot;DELIVERED&quot;
            },
            {
                &quot;time&quot;: &quot;2022-02-16T09:28:58.713Z&quot;,
                &quot;status&quot;: &quot;PENDING&quot;
            },
            {
                &quot;time&quot;: &quot;2022-02-16T09:28:58.744Z&quot;,
                &quot;status&quot;: &quot;SEND&quot;
            },
            {
                &quot;time&quot;: &quot;2022-02-16T09:28:58.782Z&quot;,
                &quot;status&quot;: &quot;DELIVERED&quot;
            },
            {
                &quot;time&quot;: &quot;2022-02-16T09:28:59.589Z&quot;,
                &quot;status&quot;: &quot;PENDING&quot;
            },
            {
                &quot;time&quot;: &quot;2022-02-16T09:28:59.620Z&quot;,
                &quot;status&quot;: &quot;SEND&quot;
            },
            {
                &quot;time&quot;: &quot;2022-02-16T09:28:59.658Z&quot;,
                &quot;status&quot;: &quot;DELIVERED&quot;
            },
            {
                &quot;time&quot;: &quot;2022-02-16T09:29:51.098Z&quot;,
                &quot;status&quot;: &quot;PENDING&quot;
            },
            {
                &quot;time&quot;: &quot;2022-02-16T09:29:51.134Z&quot;,
                &quot;status&quot;: &quot;SEND&quot;
            },
            {
                &quot;time&quot;: &quot;2022-02-16T09:29:51.171Z&quot;,
                &quot;status&quot;: &quot;DELIVERED&quot;
            },
            {
                &quot;time&quot;: &quot;2022-02-16T09:29:52.013Z&quot;,
                &quot;status&quot;: &quot;PENDING&quot;
            },
            {
                &quot;time&quot;: &quot;2022-02-16T09:29:52.047Z&quot;,
                &quot;status&quot;: &quot;SEND&quot;
            },
            {
                &quot;time&quot;: &quot;2022-02-16T09:29:52.089Z&quot;,
                &quot;status&quot;: &quot;DELIVERED&quot;
            },
            {
                &quot;time&quot;: &quot;2022-02-16T09:30:33.494Z&quot;,
                &quot;status&quot;: &quot;PENDING&quot;
            },
            {
                &quot;time&quot;: &quot;2022-02-16T09:30:33.534Z&quot;,
                &quot;status&quot;: &quot;SEND&quot;
            },
            {
                &quot;time&quot;: &quot;2022-02-16T09:30:33.571Z&quot;,
                &quot;status&quot;: &quot;DELIVERED&quot;
            },
            {
                &quot;time&quot;: &quot;2022-02-16T09:30:34.412Z&quot;,
                &quot;status&quot;: &quot;PENDING&quot;
            },
            {
                &quot;time&quot;: &quot;2022-02-16T09:30:34.453Z&quot;,
                &quot;status&quot;: &quot;SEND&quot;
            },
            {
                &quot;time&quot;: &quot;2022-02-16T09:30:34.488Z&quot;,
                &quot;status&quot;: &quot;DELIVERED&quot;
            },
            {
                &quot;time&quot;: &quot;2022-02-16T09:32:49.337Z&quot;,
                &quot;status&quot;: &quot;PENDING&quot;
            },
            {
                &quot;time&quot;: &quot;2022-02-16T09:32:49.371Z&quot;,
                &quot;status&quot;: &quot;SEND&quot;
            },
            {
                &quot;time&quot;: &quot;2022-02-16T09:32:49.408Z&quot;,
                &quot;status&quot;: &quot;DELIVERED&quot;
            },
            {
                &quot;time&quot;: &quot;2022-02-16T09:32:50.347Z&quot;,
                &quot;status&quot;: &quot;PENDING&quot;
            },
            {
                &quot;time&quot;: &quot;2022-02-16T09:32:50.382Z&quot;,
                &quot;status&quot;: &quot;SEND&quot;
            },
            {
                &quot;time&quot;: &quot;2022-02-16T09:32:50.423Z&quot;,
                &quot;status&quot;: &quot;DELIVERED&quot;
            },
            {
                &quot;time&quot;: &quot;2022-02-16T09:35:18.696Z&quot;,
                &quot;status&quot;: &quot;PENDING&quot;
            },
            {
                &quot;time&quot;: &quot;2022-02-16T09:35:18.734Z&quot;,
                &quot;status&quot;: &quot;SEND&quot;
            },
            {
                &quot;time&quot;: &quot;2022-02-16T09:35:18.769Z&quot;,
                &quot;status&quot;: &quot;DELIVERED&quot;
            },
            {
                &quot;time&quot;: &quot;2022-02-16T09:35:41.813Z&quot;,
                &quot;status&quot;: &quot;PENDING&quot;
            },
            {
                &quot;time&quot;: &quot;2022-02-16T09:35:41.852Z&quot;,
                &quot;status&quot;: &quot;SEND&quot;
            },
            {
                &quot;time&quot;: &quot;2022-02-16T09:35:41.891Z&quot;,
                &quot;status&quot;: &quot;DELIVERED&quot;
            },
            {
                &quot;time&quot;: &quot;2022-02-16T09:35:42.766Z&quot;,
                &quot;status&quot;: &quot;PENDING&quot;
            },
            {
                &quot;time&quot;: &quot;2022-02-16T09:35:42.811Z&quot;,
                &quot;status&quot;: &quot;SEND&quot;
            },
            {
                &quot;time&quot;: &quot;2022-02-16T09:35:42.849Z&quot;,
                &quot;status&quot;: &quot;DELIVERED&quot;
            },
            {
                &quot;time&quot;: &quot;2022-02-16T09:36:06.394Z&quot;,
                &quot;status&quot;: &quot;PENDING&quot;
            },
            {
                &quot;time&quot;: &quot;2022-02-16T09:36:06.432Z&quot;,
                &quot;status&quot;: &quot;SEND&quot;
            },
            {
                &quot;time&quot;: &quot;2022-02-16T09:36:06.488Z&quot;,
                &quot;status&quot;: &quot;DELIVERED&quot;
            },
            {
                &quot;time&quot;: &quot;2022-02-16T09:36:07.318Z&quot;,
                &quot;status&quot;: &quot;PENDING&quot;
            },
            {
                &quot;time&quot;: &quot;2022-02-16T09:36:07.358Z&quot;,
                &quot;status&quot;: &quot;SEND&quot;
            },
            {
                &quot;time&quot;: &quot;2022-02-16T09:36:07.393Z&quot;,
                &quot;status&quot;: &quot;DELIVERED&quot;
            },
            {
                &quot;time&quot;: &quot;2022-02-16T09:36:30.178Z&quot;,
                &quot;status&quot;: &quot;PENDING&quot;
            },
            {
                &quot;time&quot;: &quot;2022-02-16T09:36:30.210Z&quot;,
                &quot;status&quot;: &quot;SEND&quot;
            },
            {
                &quot;time&quot;: &quot;2022-02-16T09:36:30.248Z&quot;,
                &quot;status&quot;: &quot;DELIVERED&quot;
            },
            {
                &quot;time&quot;: &quot;2022-02-16T09:36:31.123Z&quot;,
                &quot;status&quot;: &quot;PENDING&quot;
            },
            {
                &quot;time&quot;: &quot;2022-02-16T09:36:31.156Z&quot;,
                &quot;status&quot;: &quot;SEND&quot;
            },
            {
                &quot;time&quot;: &quot;2022-02-16T09:36:31.207Z&quot;,
                &quot;status&quot;: &quot;DELIVERED&quot;
            },
            {
                &quot;time&quot;: &quot;2022-02-16T09:37:08.443Z&quot;,
                &quot;status&quot;: &quot;PENDING&quot;
            },
            {
                &quot;time&quot;: &quot;2022-02-16T09:37:08.481Z&quot;,
                &quot;status&quot;: &quot;SEND&quot;
            },
            {
                &quot;time&quot;: &quot;2022-02-16T09:37:08.522Z&quot;,
                &quot;status&quot;: &quot;DELIVERED&quot;
            },
            {
                &quot;time&quot;: &quot;2022-02-16T09:37:09.439Z&quot;,
                &quot;status&quot;: &quot;PENDING&quot;
            },
            {
                &quot;time&quot;: &quot;2022-02-16T09:37:09.478Z&quot;,
                &quot;status&quot;: &quot;SEND&quot;
            },
            {
                &quot;time&quot;: &quot;2022-02-16T09:37:09.516Z&quot;,
                &quot;status&quot;: &quot;DELIVERED&quot;
            },
            {
                &quot;time&quot;: &quot;2022-02-16T09:37:13.026Z&quot;,
                &quot;status&quot;: &quot;PENDING&quot;
            },
            {
                &quot;time&quot;: &quot;2022-02-16T09:37:13.068Z&quot;,
                &quot;status&quot;: &quot;SEND&quot;
            },
            {
                &quot;time&quot;: &quot;2022-02-16T09:37:13.106Z&quot;,
                &quot;status&quot;: &quot;DELIVERED&quot;
            },
            {
                &quot;time&quot;: &quot;2022-02-16T09:37:37.817Z&quot;,
                &quot;status&quot;: &quot;PENDING&quot;
            },
            {
                &quot;time&quot;: &quot;2022-02-16T09:37:37.857Z&quot;,
                &quot;status&quot;: &quot;SEND&quot;
            },
            {
                &quot;time&quot;: &quot;2022-02-16T09:37:37.893Z&quot;,
                &quot;status&quot;: &quot;DELIVERED&quot;
            },
            {
                &quot;time&quot;: &quot;2022-02-16T09:37:38.638Z&quot;,
                &quot;status&quot;: &quot;PENDING&quot;
            },
            {
                &quot;time&quot;: &quot;2022-02-16T09:37:38.675Z&quot;,
                &quot;status&quot;: &quot;SEND&quot;
            },
            {
                &quot;time&quot;: &quot;2022-02-16T09:37:38.712Z&quot;,
                &quot;status&quot;: &quot;DELIVERED&quot;
            },
            {
                &quot;time&quot;: &quot;2022-02-16T09:38:03.926Z&quot;,
                &quot;status&quot;: &quot;PENDING&quot;
            },
            {
                &quot;time&quot;: &quot;2022-02-16T09:38:03.965Z&quot;,
                &quot;status&quot;: &quot;SEND&quot;
            },
            {
                &quot;time&quot;: &quot;2022-02-16T09:38:04.001Z&quot;,
                &quot;status&quot;: &quot;DELIVERED&quot;
            },
            {
                &quot;time&quot;: &quot;2022-02-16T09:38:04.819Z&quot;,
                &quot;status&quot;: &quot;PENDING&quot;
            },
            {
                &quot;time&quot;: &quot;2022-02-16T09:38:04.864Z&quot;,
                &quot;status&quot;: &quot;SEND&quot;
            },
            {
                &quot;time&quot;: &quot;2022-02-16T09:38:04.911Z&quot;,
                &quot;status&quot;: &quot;DELIVERED&quot;
            },
            {
                &quot;time&quot;: &quot;2022-02-16T09:53:50.860Z&quot;,
                &quot;status&quot;: &quot;PENDING&quot;
            },
            {
                &quot;time&quot;: &quot;2022-02-16T09:53:50.900Z&quot;,
                &quot;status&quot;: &quot;SEND&quot;
            },
            {
                &quot;time&quot;: &quot;2022-02-16T09:53:50.939Z&quot;,
                &quot;status&quot;: &quot;DELIVERED&quot;
            },
            {
                &quot;time&quot;: &quot;2022-02-16T09:53:51.831Z&quot;,
                &quot;status&quot;: &quot;PENDING&quot;
            },
            {
                &quot;time&quot;: &quot;2022-02-16T09:53:51.869Z&quot;,
                &quot;status&quot;: &quot;SEND&quot;
            },
            {
                &quot;time&quot;: &quot;2022-02-16T09:53:51.917Z&quot;,
                &quot;status&quot;: &quot;DELIVERED&quot;
            },
            {
                &quot;time&quot;: &quot;2022-02-16T09:56:32.333Z&quot;,
                &quot;status&quot;: &quot;PENDING&quot;
            },
            {
                &quot;time&quot;: &quot;2022-02-16T09:56:32.376Z&quot;,
                &quot;status&quot;: &quot;SEND&quot;
            },
            {
                &quot;time&quot;: &quot;2022-02-16T09:56:32.413Z&quot;,
                &quot;status&quot;: &quot;DELIVERED&quot;
            },
            {
                &quot;time&quot;: &quot;2022-02-16T09:56:33.226Z&quot;,
                &quot;status&quot;: &quot;PENDING&quot;
            },
            {
                &quot;time&quot;: &quot;2022-02-16T09:56:33.279Z&quot;,
                &quot;status&quot;: &quot;SEND&quot;
            },
            {
                &quot;time&quot;: &quot;2022-02-16T09:56:33.321Z&quot;,
                &quot;status&quot;: &quot;DELIVERED&quot;
            },
            {
                &quot;time&quot;: &quot;2022-02-16T09:59:11.843Z&quot;,
                &quot;status&quot;: &quot;PENDING&quot;
            },
            {
                &quot;time&quot;: &quot;2022-02-16T09:59:11.885Z&quot;,
                &quot;status&quot;: &quot;SEND&quot;
            },
            {
                &quot;time&quot;: &quot;2022-02-16T09:59:11.929Z&quot;,
                &quot;status&quot;: &quot;DELIVERED&quot;
            },
            {
                &quot;time&quot;: &quot;2022-02-16T09:59:12.799Z&quot;,
                &quot;status&quot;: &quot;PENDING&quot;
            },
            {
                &quot;time&quot;: &quot;2022-02-16T09:59:12.857Z&quot;,
                &quot;status&quot;: &quot;SEND&quot;
            },
            {
                &quot;time&quot;: &quot;2022-02-16T09:59:12.913Z&quot;,
                &quot;status&quot;: &quot;DELIVERED&quot;
            },
            {
                &quot;time&quot;: &quot;2022-02-16T10:01:50.751Z&quot;,
                &quot;status&quot;: &quot;PENDING&quot;
            },
            {
                &quot;time&quot;: &quot;2022-02-16T10:01:50.791Z&quot;,
                &quot;status&quot;: &quot;SEND&quot;
            },
            {
                &quot;time&quot;: &quot;2022-02-16T10:01:50.828Z&quot;,
                &quot;status&quot;: &quot;DELIVERED&quot;
            },
            {
                &quot;time&quot;: &quot;2022-02-16T10:01:51.673Z&quot;,
                &quot;status&quot;: &quot;PENDING&quot;
            },
            {
                &quot;time&quot;: &quot;2022-02-16T10:01:51.713Z&quot;,
                &quot;status&quot;: &quot;SEND&quot;
            },
            {
                &quot;time&quot;: &quot;2022-02-16T10:01:51.755Z&quot;,
                &quot;status&quot;: &quot;DELIVERED&quot;
            },
            {
                &quot;time&quot;: &quot;2022-02-16T10:04:30.106Z&quot;,
                &quot;status&quot;: &quot;PENDING&quot;
            },
            {
                &quot;time&quot;: &quot;2022-02-16T10:04:30.153Z&quot;,
                &quot;status&quot;: &quot;SEND&quot;
            },
            {
                &quot;time&quot;: &quot;2022-02-16T10:04:30.200Z&quot;,
                &quot;status&quot;: &quot;DELIVERED&quot;
            },
            {
                &quot;time&quot;: &quot;2022-02-16T10:04:31.076Z&quot;,
                &quot;status&quot;: &quot;PENDING&quot;
            },
            {
                &quot;time&quot;: &quot;2022-02-16T10:04:31.122Z&quot;,
                &quot;status&quot;: &quot;SEND&quot;
            },
            {
                &quot;time&quot;: &quot;2022-02-16T10:04:31.164Z&quot;,
                &quot;status&quot;: &quot;DELIVERED&quot;
            },
            {
                &quot;time&quot;: &quot;2022-02-16T10:07:10.462Z&quot;,
                &quot;status&quot;: &quot;PENDING&quot;
            },
            {
                &quot;time&quot;: &quot;2022-02-16T10:07:10.499Z&quot;,
                &quot;status&quot;: &quot;SEND&quot;
            },
            {
                &quot;time&quot;: &quot;2022-02-16T10:07:10.537Z&quot;,
                &quot;status&quot;: &quot;DELIVERED&quot;
            },
            {
                &quot;time&quot;: &quot;2022-02-16T10:07:11.343Z&quot;,
                &quot;status&quot;: &quot;PENDING&quot;
            },
            {
                &quot;time&quot;: &quot;2022-02-16T10:07:11.380Z&quot;,
                &quot;status&quot;: &quot;SEND&quot;
            },
            {
                &quot;time&quot;: &quot;2022-02-16T10:07:11.418Z&quot;,
                &quot;status&quot;: &quot;DELIVERED&quot;
            },
            {
                &quot;time&quot;: &quot;2022-02-16T10:09:49.720Z&quot;,
                &quot;status&quot;: &quot;PENDING&quot;
            },
            {
                &quot;time&quot;: &quot;2022-02-16T10:09:49.762Z&quot;,
                &quot;status&quot;: &quot;SEND&quot;
            },
            {
                &quot;time&quot;: &quot;2022-02-16T10:09:49.803Z&quot;,
                &quot;status&quot;: &quot;DELIVERED&quot;
            },
            {
                &quot;time&quot;: &quot;2022-02-16T10:09:50.610Z&quot;,
                &quot;status&quot;: &quot;PENDING&quot;
            },
            {
                &quot;time&quot;: &quot;2022-02-16T10:09:50.651Z&quot;,
                &quot;status&quot;: &quot;SEND&quot;
            },
            {
                &quot;time&quot;: &quot;2022-02-16T10:09:50.691Z&quot;,
                &quot;status&quot;: &quot;DELIVERED&quot;
            },
            {
                &quot;time&quot;: &quot;2022-02-16T10:12:29.403Z&quot;,
                &quot;status&quot;: &quot;PENDING&quot;
            },
            {
                &quot;time&quot;: &quot;2022-02-16T10:12:29.449Z&quot;,
                &quot;status&quot;: &quot;SEND&quot;
            },
            {
                &quot;time&quot;: &quot;2022-02-16T10:12:29.494Z&quot;,
                &quot;status&quot;: &quot;DELIVERED&quot;
            },
            {
                &quot;time&quot;: &quot;2022-02-16T10:12:30.338Z&quot;,
                &quot;status&quot;: &quot;PENDING&quot;
            },
            {
                &quot;time&quot;: &quot;2022-02-16T10:12:30.379Z&quot;,
                &quot;status&quot;: &quot;SEND&quot;
            },
            {
                &quot;time&quot;: &quot;2022-02-16T10:12:30.423Z&quot;,
                &quot;status&quot;: &quot;DELIVERED&quot;
            },
            {
                &quot;time&quot;: &quot;2022-02-16T10:15:08.464Z&quot;,
                &quot;status&quot;: &quot;PENDING&quot;
            },
            {
                &quot;time&quot;: &quot;2022-02-16T10:15:08.507Z&quot;,
                &quot;status&quot;: &quot;SEND&quot;
            },
            {
                &quot;time&quot;: &quot;2022-02-16T10:15:08.549Z&quot;,
                &quot;status&quot;: &quot;DELIVERED&quot;
            },
            {
                &quot;time&quot;: &quot;2022-02-16T10:15:09.384Z&quot;,
                &quot;status&quot;: &quot;PENDING&quot;
            },
            {
                &quot;time&quot;: &quot;2022-02-16T10:15:09.428Z&quot;,
                &quot;status&quot;: &quot;SEND&quot;
            }
        ],
        &quot;status&quot;: &quot;DELIVERED&quot;
    },
    &quot;creationTime&quot;: &quot;2022-02-16T09:22:46.140Z&quot;,
    &quot;deviceId&quot;: &quot;14273295&quot;,
    &quot;deviceName&quot;: &quot;offsitec&quot;,
    &quot;self&quot;: &quot;https://t493319102.eu-latest.cumulocity.com/devicecontrol/operations/14275540&quot;,
    &quot;id&quot;: &quot;14275540&quot;,
    &quot;status&quot;: &quot;PENDING&quot;,
    &quot;c8y_LogfileRequest&quot;: {
        &quot;searchText&quot;: &quot;&quot;,
        &quot;logFile&quot;: &quot;software-management&quot;,
        &quot;dateTo&quot;: &quot;2021-11-21T18:55:49+0530&quot;,
        &quot;dateFrom&quot;: &quot;2021-11-15T18:55:49+0530&quot;,
        &quot;maximumLines&quot;: 300
    },
    &quot;description&quot;: &quot;Log file request&quot;
}
10:15:17 DEBUG Final URL of the request: https://thin-edge-io.eu-latest.cumulocity.com/devicecontrol/operations?deviceId=14273295&amp;pageSize=1&amp;revert=true&amp;dateFrom=1970-01-01T00%3A00%3A00.000Z
10:15:17 INFO  State of current operation: PENDING
10:15:17 DEBUG Final URL of the request: https://thin-edge-io.eu-latest.cumulocity.com/devicecontrol/operations?deviceId=14273295&amp;pageSize=1&amp;revert=true&amp;dateFrom=1970-01-01T00%3A00%3A00.000Z
10:15:17 DEBUG State of current operation: {
    &quot;delivery&quot;: {
        &quot;time&quot;: &quot;2022-02-16T10:15:09.472Z&quot;,
        &quot;log&quot;: [
            {
                &quot;time&quot;: &quot;2022-02-16T09:22:46.166Z&quot;,
                &quot;status&quot;: &quot;PENDING&quot;
            },
            {
                &quot;time&quot;: &quot;2022-02-16T09:22:46.185Z&quot;,
                &quot;status&quot;: &quot;SEND&quot;
            },
            {
                &quot;time&quot;: &quot;2022-02-16T09:22:46.219Z&quot;,
                &quot;status&quot;: &quot;DELIVERED&quot;
            },
            {
                &quot;time&quot;: &quot;2022-02-16T09:23:55.047Z&quot;,
                &quot;status&quot;: &quot;PENDING&quot;
            },
            {
                &quot;time&quot;: &quot;2022-02-16T09:23:55.077Z&quot;,
                &quot;status&quot;: &quot;SEND&quot;
            },
            {
                &quot;time&quot;: &quot;2022-02-16T09:23:55.114Z&quot;,
                &quot;status&quot;: &quot;DELIVERED&quot;
            },
            {
                &quot;time&quot;: &quot;2022-02-16T09:23:55.901Z&quot;,
                &quot;status&quot;: &quot;PENDING&quot;
            },
            {
                &quot;time&quot;: &quot;2022-02-16T09:23:55.930Z&quot;,
                &quot;status&quot;: &quot;SEND&quot;
            },
            {
                &quot;time&quot;: &quot;2022-02-16T09:23:55.967Z&quot;,
                &quot;status&quot;: &quot;DELIVERED&quot;
            },
            {
                &quot;time&quot;: &quot;2022-02-16T09:24:55.073Z&quot;,
                &quot;status&quot;: &quot;PENDING&quot;
            },
            {
                &quot;time&quot;: &quot;2022-02-16T09:24:55.106Z&quot;,
                &quot;status&quot;: &quot;SEND&quot;
            },
            {
                &quot;time&quot;: &quot;2022-02-16T09:24:55.144Z&quot;,
                &quot;status&quot;: &quot;DELIVERED&quot;
            },
            {
                &quot;time&quot;: &quot;2022-02-16T09:24:55.971Z&quot;,
                &quot;status&quot;: &quot;PENDING&quot;
            },
            {
                &quot;time&quot;: &quot;2022-02-16T09:24:56.008Z&quot;,
                &quot;status&quot;: &quot;SEND&quot;
            },
            {
                &quot;time&quot;: &quot;2022-02-16T09:24:56.044Z&quot;,
                &quot;status&quot;: &quot;DELIVERED&quot;
            },
            {
                &quot;time&quot;: &quot;2022-02-16T09:26:09.362Z&quot;,
                &quot;status&quot;: &quot;PENDING&quot;
            },
            {
                &quot;time&quot;: &quot;2022-02-16T09:26:09.392Z&quot;,
                &quot;status&quot;: &quot;SEND&quot;
            },
            {
                &quot;time&quot;: &quot;2022-02-16T09:26:09.428Z&quot;,
                &quot;status&quot;: &quot;DELIVERED&quot;
            },
            {
                &quot;time&quot;: &quot;2022-02-16T09:26:10.287Z&quot;,
                &quot;status&quot;: &quot;PENDING&quot;
            },
            {
                &quot;time&quot;: &quot;2022-02-16T09:26:10.317Z&quot;,
                &quot;status&quot;: &quot;SEND&quot;
            },
            {
                &quot;time&quot;: &quot;2022-02-16T09:26:10.353Z&quot;,
                &quot;status&quot;: &quot;DELIVERED&quot;
            },
            {
                &quot;time&quot;: &quot;2022-02-16T09:27:24.861Z&quot;,
                &quot;status&quot;: &quot;PENDING&quot;
            },
            {
                &quot;time&quot;: &quot;2022-02-16T09:27:24.898Z&quot;,
                &quot;status&quot;: &quot;SEND&quot;
            },
            {
                &quot;time&quot;: &quot;2022-02-16T09:27:24.935Z&quot;,
                &quot;status&quot;: &quot;DELIVERED&quot;
            },
            {
                &quot;time&quot;: &quot;2022-02-16T09:27:25.773Z&quot;,
                &quot;status&quot;: &quot;PENDING&quot;
            },
            {
                &quot;time&quot;: &quot;2022-02-16T09:27:25.812Z&quot;,
                &quot;status&quot;: &quot;SEND&quot;
            },
            {
                &quot;time&quot;: &quot;2022-02-16T09:27:25.849Z&quot;,
                &quot;status&quot;: &quot;DELIVERED&quot;
            },
            {
                &quot;time&quot;: &quot;2022-02-16T09:28:06.037Z&quot;,
                &quot;status&quot;: &quot;PENDING&quot;
            },
            {
                &quot;time&quot;: &quot;2022-02-16T09:28:06.069Z&quot;,
                &quot;status&quot;: &quot;SEND&quot;
            },
            {
                &quot;time&quot;: &quot;2022-02-16T09:28:06.107Z&quot;,
                &quot;status&quot;: &quot;DELIVERED&quot;
            },
            {
                &quot;time&quot;: &quot;2022-02-16T09:28:06.968Z&quot;,
                &quot;status&quot;: &quot;PENDING&quot;
            },
            {
                &quot;time&quot;: &quot;2022-02-16T09:28:07.002Z&quot;,
                &quot;status&quot;: &quot;SEND&quot;
            },
            {
                &quot;time&quot;: &quot;2022-02-16T09:28:07.039Z&quot;,
                &quot;status&quot;: &quot;DELIVERED&quot;
            },
            {
                &quot;time&quot;: &quot;2022-02-16T09:28:58.713Z&quot;,
                &quot;status&quot;: &quot;PENDING&quot;
            },
            {
                &quot;time&quot;: &quot;2022-02-16T09:28:58.744Z&quot;,
                &quot;status&quot;: &quot;SEND&quot;
            },
            {
                &quot;time&quot;: &quot;2022-02-16T09:28:58.782Z&quot;,
                &quot;status&quot;: &quot;DELIVERED&quot;
            },
            {
                &quot;time&quot;: &quot;2022-02-16T09:28:59.589Z&quot;,
                &quot;status&quot;: &quot;PENDING&quot;
            },
            {
                &quot;time&quot;: &quot;2022-02-16T09:28:59.620Z&quot;,
                &quot;status&quot;: &quot;SEND&quot;
            },
            {
                &quot;time&quot;: &quot;2022-02-16T09:28:59.658Z&quot;,
                &quot;status&quot;: &quot;DELIVERED&quot;
            },
            {
                &quot;time&quot;: &quot;2022-02-16T09:29:51.098Z&quot;,
                &quot;status&quot;: &quot;PENDING&quot;
            },
            {
                &quot;time&quot;: &quot;2022-02-16T09:29:51.134Z&quot;,
                &quot;status&quot;: &quot;SEND&quot;
            },
            {
                &quot;time&quot;: &quot;2022-02-16T09:29:51.171Z&quot;,
                &quot;status&quot;: &quot;DELIVERED&quot;
            },
            {
                &quot;time&quot;: &quot;2022-02-16T09:29:52.013Z&quot;,
                &quot;status&quot;: &quot;PENDING&quot;
            },
            {
                &quot;time&quot;: &quot;2022-02-16T09:29:52.047Z&quot;,
                &quot;status&quot;: &quot;SEND&quot;
            },
            {
                &quot;time&quot;: &quot;2022-02-16T09:29:52.089Z&quot;,
                &quot;status&quot;: &quot;DELIVERED&quot;
            },
            {
                &quot;time&quot;: &quot;2022-02-16T09:30:33.494Z&quot;,
                &quot;status&quot;: &quot;PENDING&quot;
            },
            {
                &quot;time&quot;: &quot;2022-02-16T09:30:33.534Z&quot;,
                &quot;status&quot;: &quot;SEND&quot;
            },
            {
                &quot;time&quot;: &quot;2022-02-16T09:30:33.571Z&quot;,
                &quot;status&quot;: &quot;DELIVERED&quot;
            },
            {
                &quot;time&quot;: &quot;2022-02-16T09:30:34.412Z&quot;,
                &quot;status&quot;: &quot;PENDING&quot;
            },
            {
                &quot;time&quot;: &quot;2022-02-16T09:30:34.453Z&quot;,
                &quot;status&quot;: &quot;SEND&quot;
            },
            {
                &quot;time&quot;: &quot;2022-02-16T09:30:34.488Z&quot;,
                &quot;status&quot;: &quot;DELIVERED&quot;
            },
            {
                &quot;time&quot;: &quot;2022-02-16T09:32:49.337Z&quot;,
                &quot;status&quot;: &quot;PENDING&quot;
            },
            {
                &quot;time&quot;: &quot;2022-02-16T09:32:49.371Z&quot;,
                &quot;status&quot;: &quot;SEND&quot;
            },
            {
                &quot;time&quot;: &quot;2022-02-16T09:32:49.408Z&quot;,
                &quot;status&quot;: &quot;DELIVERED&quot;
            },
            {
                &quot;time&quot;: &quot;2022-02-16T09:32:50.347Z&quot;,
                &quot;status&quot;: &quot;PENDING&quot;
            },
            {
                &quot;time&quot;: &quot;2022-02-16T09:32:50.382Z&quot;,
                &quot;status&quot;: &quot;SEND&quot;
            },
            {
                &quot;time&quot;: &quot;2022-02-16T09:32:50.423Z&quot;,
                &quot;status&quot;: &quot;DELIVERED&quot;
            },
            {
                &quot;time&quot;: &quot;2022-02-16T09:35:18.696Z&quot;,
                &quot;status&quot;: &quot;PENDING&quot;
            },
            {
                &quot;time&quot;: &quot;2022-02-16T09:35:18.734Z&quot;,
                &quot;status&quot;: &quot;SEND&quot;
            },
            {
                &quot;time&quot;: &quot;2022-02-16T09:35:18.769Z&quot;,
                &quot;status&quot;: &quot;DELIVERED&quot;
            },
            {
                &quot;time&quot;: &quot;2022-02-16T09:35:41.813Z&quot;,
                &quot;status&quot;: &quot;PENDING&quot;
            },
            {
                &quot;time&quot;: &quot;2022-02-16T09:35:41.852Z&quot;,
                &quot;status&quot;: &quot;SEND&quot;
            },
            {
                &quot;time&quot;: &quot;2022-02-16T09:35:41.891Z&quot;,
                &quot;status&quot;: &quot;DELIVERED&quot;
            },
            {
                &quot;time&quot;: &quot;2022-02-16T09:35:42.766Z&quot;,
                &quot;status&quot;: &quot;PENDING&quot;
            },
            {
                &quot;time&quot;: &quot;2022-02-16T09:35:42.811Z&quot;,
                &quot;status&quot;: &quot;SEND&quot;
            },
            {
                &quot;time&quot;: &quot;2022-02-16T09:35:42.849Z&quot;,
                &quot;status&quot;: &quot;DELIVERED&quot;
            },
            {
                &quot;time&quot;: &quot;2022-02-16T09:36:06.394Z&quot;,
                &quot;status&quot;: &quot;PENDING&quot;
            },
            {
                &quot;time&quot;: &quot;2022-02-16T09:36:06.432Z&quot;,
                &quot;status&quot;: &quot;SEND&quot;
            },
            {
                &quot;time&quot;: &quot;2022-02-16T09:36:06.488Z&quot;,
                &quot;status&quot;: &quot;DELIVERED&quot;
            },
            {
                &quot;time&quot;: &quot;2022-02-16T09:36:07.318Z&quot;,
                &quot;status&quot;: &quot;PENDING&quot;
            },
            {
                &quot;time&quot;: &quot;2022-02-16T09:36:07.358Z&quot;,
                &quot;status&quot;: &quot;SEND&quot;
            },
            {
                &quot;time&quot;: &quot;2022-02-16T09:36:07.393Z&quot;,
                &quot;status&quot;: &quot;DELIVERED&quot;
            },
            {
                &quot;time&quot;: &quot;2022-02-16T09:36:30.178Z&quot;,
                &quot;status&quot;: &quot;PENDING&quot;
            },
            {
                &quot;time&quot;: &quot;2022-02-16T09:36:30.210Z&quot;,
                &quot;status&quot;: &quot;SEND&quot;
            },
            {
                &quot;time&quot;: &quot;2022-02-16T09:36:30.248Z&quot;,
                &quot;status&quot;: &quot;DELIVERED&quot;
            },
            {
                &quot;time&quot;: &quot;2022-02-16T09:36:31.123Z&quot;,
                &quot;status&quot;: &quot;PENDING&quot;
            },
            {
                &quot;time&quot;: &quot;2022-02-16T09:36:31.156Z&quot;,
                &quot;status&quot;: &quot;SEND&quot;
            },
            {
                &quot;time&quot;: &quot;2022-02-16T09:36:31.207Z&quot;,
                &quot;status&quot;: &quot;DELIVERED&quot;
            },
            {
                &quot;time&quot;: &quot;2022-02-16T09:37:08.443Z&quot;,
                &quot;status&quot;: &quot;PENDING&quot;
            },
            {
                &quot;time&quot;: &quot;2022-02-16T09:37:08.481Z&quot;,
                &quot;status&quot;: &quot;SEND&quot;
            },
            {
                &quot;time&quot;: &quot;2022-02-16T09:37:08.522Z&quot;,
                &quot;status&quot;: &quot;DELIVERED&quot;
            },
            {
                &quot;time&quot;: &quot;2022-02-16T09:37:09.439Z&quot;,
                &quot;status&quot;: &quot;PENDING&quot;
            },
            {
                &quot;time&quot;: &quot;2022-02-16T09:37:09.478Z&quot;,
                &quot;status&quot;: &quot;SEND&quot;
            },
            {
                &quot;time&quot;: &quot;2022-02-16T09:37:09.516Z&quot;,
                &quot;status&quot;: &quot;DELIVERED&quot;
            },
            {
                &quot;time&quot;: &quot;2022-02-16T09:37:13.026Z&quot;,
                &quot;status&quot;: &quot;PENDING&quot;
            },
            {
                &quot;time&quot;: &quot;2022-02-16T09:37:13.068Z&quot;,
                &quot;status&quot;: &quot;SEND&quot;
            },
            {
                &quot;time&quot;: &quot;2022-02-16T09:37:13.106Z&quot;,
                &quot;status&quot;: &quot;DELIVERED&quot;
            },
            {
                &quot;time&quot;: &quot;2022-02-16T09:37:37.817Z&quot;,
                &quot;status&quot;: &quot;PENDING&quot;
            },
            {
                &quot;time&quot;: &quot;2022-02-16T09:37:37.857Z&quot;,
                &quot;status&quot;: &quot;SEND&quot;
            },
            {
                &quot;time&quot;: &quot;2022-02-16T09:37:37.893Z&quot;,
                &quot;status&quot;: &quot;DELIVERED&quot;
            },
            {
                &quot;time&quot;: &quot;2022-02-16T09:37:38.638Z&quot;,
                &quot;status&quot;: &quot;PENDING&quot;
            },
            {
                &quot;time&quot;: &quot;2022-02-16T09:37:38.675Z&quot;,
                &quot;status&quot;: &quot;SEND&quot;
            },
            {
                &quot;time&quot;: &quot;2022-02-16T09:37:38.712Z&quot;,
                &quot;status&quot;: &quot;DELIVERED&quot;
            },
            {
                &quot;time&quot;: &quot;2022-02-16T09:38:03.926Z&quot;,
                &quot;status&quot;: &quot;PENDING&quot;
            },
            {
                &quot;time&quot;: &quot;2022-02-16T09:38:03.965Z&quot;,
                &quot;status&quot;: &quot;SEND&quot;
            },
            {
                &quot;time&quot;: &quot;2022-02-16T09:38:04.001Z&quot;,
                &quot;status&quot;: &quot;DELIVERED&quot;
            },
            {
                &quot;time&quot;: &quot;2022-02-16T09:38:04.819Z&quot;,
                &quot;status&quot;: &quot;PENDING&quot;
            },
            {
                &quot;time&quot;: &quot;2022-02-16T09:38:04.864Z&quot;,
                &quot;status&quot;: &quot;SEND&quot;
            },
            {
                &quot;time&quot;: &quot;2022-02-16T09:38:04.911Z&quot;,
                &quot;status&quot;: &quot;DELIVERED&quot;
            },
            {
                &quot;time&quot;: &quot;2022-02-16T09:53:50.860Z&quot;,
                &quot;status&quot;: &quot;PENDING&quot;
            },
            {
                &quot;time&quot;: &quot;2022-02-16T09:53:50.900Z&quot;,
                &quot;status&quot;: &quot;SEND&quot;
            },
            {
                &quot;time&quot;: &quot;2022-02-16T09:53:50.939Z&quot;,
                &quot;status&quot;: &quot;DELIVERED&quot;
            },
            {
                &quot;time&quot;: &quot;2022-02-16T09:53:51.831Z&quot;,
                &quot;status&quot;: &quot;PENDING&quot;
            },
            {
                &quot;time&quot;: &quot;2022-02-16T09:53:51.869Z&quot;,
                &quot;status&quot;: &quot;SEND&quot;
            },
            {
                &quot;time&quot;: &quot;2022-02-16T09:53:51.917Z&quot;,
                &quot;status&quot;: &quot;DELIVERED&quot;
            },
            {
                &quot;time&quot;: &quot;2022-02-16T09:56:32.333Z&quot;,
                &quot;status&quot;: &quot;PENDING&quot;
            },
            {
                &quot;time&quot;: &quot;2022-02-16T09:56:32.376Z&quot;,
                &quot;status&quot;: &quot;SEND&quot;
            },
            {
                &quot;time&quot;: &quot;2022-02-16T09:56:32.413Z&quot;,
                &quot;status&quot;: &quot;DELIVERED&quot;
            },
            {
                &quot;time&quot;: &quot;2022-02-16T09:56:33.226Z&quot;,
                &quot;status&quot;: &quot;PENDING&quot;
            },
            {
                &quot;time&quot;: &quot;2022-02-16T09:56:33.279Z&quot;,
                &quot;status&quot;: &quot;SEND&quot;
            },
            {
                &quot;time&quot;: &quot;2022-02-16T09:56:33.321Z&quot;,
                &quot;status&quot;: &quot;DELIVERED&quot;
            },
            {
                &quot;time&quot;: &quot;2022-02-16T09:59:11.843Z&quot;,
                &quot;status&quot;: &quot;PENDING&quot;
            },
            {
                &quot;time&quot;: &quot;2022-02-16T09:59:11.885Z&quot;,
                &quot;status&quot;: &quot;SEND&quot;
            },
            {
                &quot;time&quot;: &quot;2022-02-16T09:59:11.929Z&quot;,
                &quot;status&quot;: &quot;DELIVERED&quot;
            },
            {
                &quot;time&quot;: &quot;2022-02-16T09:59:12.799Z&quot;,
                &quot;status&quot;: &quot;PENDING&quot;
            },
            {
                &quot;time&quot;: &quot;2022-02-16T09:59:12.857Z&quot;,
                &quot;status&quot;: &quot;SEND&quot;
            },
            {
                &quot;time&quot;: &quot;2022-02-16T09:59:12.913Z&quot;,
                &quot;status&quot;: &quot;DELIVERED&quot;
            },
            {
                &quot;time&quot;: &quot;2022-02-16T10:01:50.751Z&quot;,
                &quot;status&quot;: &quot;PENDING&quot;
            },
            {
                &quot;time&quot;: &quot;2022-02-16T10:01:50.791Z&quot;,
                &quot;status&quot;: &quot;SEND&quot;
            },
            {
                &quot;time&quot;: &quot;2022-02-16T10:01:50.828Z&quot;,
                &quot;status&quot;: &quot;DELIVERED&quot;
            },
            {
                &quot;time&quot;: &quot;2022-02-16T10:01:51.673Z&quot;,
                &quot;status&quot;: &quot;PENDING&quot;
            },
            {
                &quot;time&quot;: &quot;2022-02-16T10:01:51.713Z&quot;,
                &quot;status&quot;: &quot;SEND&quot;
            },
            {
                &quot;time&quot;: &quot;2022-02-16T10:01:51.755Z&quot;,
                &quot;status&quot;: &quot;DELIVERED&quot;
            },
            {
                &quot;time&quot;: &quot;2022-02-16T10:04:30.106Z&quot;,
                &quot;status&quot;: &quot;PENDING&quot;
            },
            {
                &quot;time&quot;: &quot;2022-02-16T10:04:30.153Z&quot;,
                &quot;status&quot;: &quot;SEND&quot;
            },
            {
                &quot;time&quot;: &quot;2022-02-16T10:04:30.200Z&quot;,
                &quot;status&quot;: &quot;DELIVERED&quot;
            },
            {
                &quot;time&quot;: &quot;2022-02-16T10:04:31.076Z&quot;,
                &quot;status&quot;: &quot;PENDING&quot;
            },
            {
                &quot;time&quot;: &quot;2022-02-16T10:04:31.122Z&quot;,
                &quot;status&quot;: &quot;SEND&quot;
            },
            {
                &quot;time&quot;: &quot;2022-02-16T10:04:31.164Z&quot;,
                &quot;status&quot;: &quot;DELIVERED&quot;
            },
            {
                &quot;time&quot;: &quot;2022-02-16T10:07:10.462Z&quot;,
                &quot;status&quot;: &quot;PENDING&quot;
            },
            {
                &quot;time&quot;: &quot;2022-02-16T10:07:10.499Z&quot;,
                &quot;status&quot;: &quot;SEND&quot;
            },
            {
                &quot;time&quot;: &quot;2022-02-16T10:07:10.537Z&quot;,
                &quot;status&quot;: &quot;DELIVERED&quot;
            },
            {
                &quot;time&quot;: &quot;2022-02-16T10:07:11.343Z&quot;,
                &quot;status&quot;: &quot;PENDING&quot;
            },
            {
                &quot;time&quot;: &quot;2022-02-16T10:07:11.380Z&quot;,
                &quot;status&quot;: &quot;SEND&quot;
            },
            {
                &quot;time&quot;: &quot;2022-02-16T10:07:11.418Z&quot;,
                &quot;status&quot;: &quot;DELIVERED&quot;
            },
            {
                &quot;time&quot;: &quot;2022-02-16T10:09:49.720Z&quot;,
                &quot;status&quot;: &quot;PENDING&quot;
            },
            {
                &quot;time&quot;: &quot;2022-02-16T10:09:49.762Z&quot;,
                &quot;status&quot;: &quot;SEND&quot;
            },
            {
                &quot;time&quot;: &quot;2022-02-16T10:09:49.803Z&quot;,
                &quot;status&quot;: &quot;DELIVERED&quot;
            },
            {
                &quot;time&quot;: &quot;2022-02-16T10:09:50.610Z&quot;,
                &quot;status&quot;: &quot;PENDING&quot;
            },
            {
                &quot;time&quot;: &quot;2022-02-16T10:09:50.651Z&quot;,
                &quot;status&quot;: &quot;SEND&quot;
            },
            {
                &quot;time&quot;: &quot;2022-02-16T10:09:50.691Z&quot;,
                &quot;status&quot;: &quot;DELIVERED&quot;
            },
            {
                &quot;time&quot;: &quot;2022-02-16T10:12:29.403Z&quot;,
                &quot;status&quot;: &quot;PENDING&quot;
            },
            {
                &quot;time&quot;: &quot;2022-02-16T10:12:29.449Z&quot;,
                &quot;status&quot;: &quot;SEND&quot;
            },
            {
                &quot;time&quot;: &quot;2022-02-16T10:12:29.494Z&quot;,
                &quot;status&quot;: &quot;DELIVERED&quot;
            },
            {
                &quot;time&quot;: &quot;2022-02-16T10:12:30.338Z&quot;,
                &quot;status&quot;: &quot;PENDING&quot;
            },
            {
                &quot;time&quot;: &quot;2022-02-16T10:12:30.379Z&quot;,
                &quot;status&quot;: &quot;SEND&quot;
            },
            {
                &quot;time&quot;: &quot;2022-02-16T10:12:30.423Z&quot;,
                &quot;status&quot;: &quot;DELIVERED&quot;
            },
            {
                &quot;time&quot;: &quot;2022-02-16T10:15:08.464Z&quot;,
                &quot;status&quot;: &quot;PENDING&quot;
            },
            {
                &quot;time&quot;: &quot;2022-02-16T10:15:08.507Z&quot;,
                &quot;status&quot;: &quot;SEND&quot;
            },
            {
                &quot;time&quot;: &quot;2022-02-16T10:15:08.549Z&quot;,
                &quot;status&quot;: &quot;DELIVERED&quot;
            },
            {
                &quot;time&quot;: &quot;2022-02-16T10:15:09.384Z&quot;,
                &quot;status&quot;: &quot;PENDING&quot;
            },
            {
                &quot;time&quot;: &quot;2022-02-16T10:15:09.428Z&quot;,
                &quot;status&quot;: &quot;SEND&quot;
            }
        ],
        &quot;status&quot;: &quot;DELIVERED&quot;
    },
    &quot;creationTime&quot;: &quot;2022-02-16T09:22:46.140Z&quot;,
    &quot;deviceId&quot;: &quot;14273295&quot;,
    &quot;deviceName&quot;: &quot;offsitec&quot;,
    &quot;self&quot;: &quot;https://t493319102.eu-latest.cumulocity.com/devicecontrol/operations/14275540&quot;,
    &quot;id&quot;: &quot;14275540&quot;,
    &quot;status&quot;: &quot;PENDING&quot;,
    &quot;c8y_LogfileRequest&quot;: {
        &quot;searchText&quot;: &quot;&quot;,
        &quot;logFile&quot;: &quot;software-management&quot;,
        &quot;dateTo&quot;: &quot;2021-11-21T18:55:49+0530&quot;,
        &quot;dateFrom&quot;: &quot;2021-11-15T18:55:49+0530&quot;,
        &quot;maximumLines&quot;: 300
    },
    &quot;description&quot;: &quot;Log file request&quot;
}
10:15:19 DEBUG Final URL of the request: https://thin-edge-io.eu-latest.cumulocity.com/devicecontrol/operations?deviceId=14273295&amp;pageSize=1&amp;revert=true&amp;dateFrom=1970-01-01T00%3A00%3A00.000Z
10:15:19 INFO  State of current operation: PENDING
10:15:19 DEBUG Final URL of the request: https://thin-edge-io.eu-latest.cumulocity.com/devicecontrol/operations?deviceId=14273295&amp;pageSize=1&amp;revert=true&amp;dateFrom=1970-01-01T00%3A00%3A00.000Z
10:15:19 DEBUG State of current operation: {
    &quot;delivery&quot;: {
        &quot;time&quot;: &quot;2022-02-16T10:15:09.472Z&quot;,
        &quot;log&quot;: [
            {
                &quot;time&quot;: &quot;2022-02-16T09:22:46.166Z&quot;,
                &quot;status&quot;: &quot;PENDING&quot;
            },
            {
                &quot;time&quot;: &quot;2022-02-16T09:22:46.185Z&quot;,
                &quot;status&quot;: &quot;SEND&quot;
            },
            {
                &quot;time&quot;: &quot;2022-02-16T09:22:46.219Z&quot;,
                &quot;status&quot;: &quot;DELIVERED&quot;
            },
            {
                &quot;time&quot;: &quot;2022-02-16T09:23:55.047Z&quot;,
                &quot;status&quot;: &quot;PENDING&quot;
            },
            {
                &quot;time&quot;: &quot;2022-02-16T09:23:55.077Z&quot;,
                &quot;status&quot;: &quot;SEND&quot;
            },
            {
                &quot;time&quot;: &quot;2022-02-16T09:23:55.114Z&quot;,
                &quot;status&quot;: &quot;DELIVERED&quot;
            },
            {
                &quot;time&quot;: &quot;2022-02-16T09:23:55.901Z&quot;,
                &quot;status&quot;: &quot;PENDING&quot;
            },
            {
                &quot;time&quot;: &quot;2022-02-16T09:23:55.930Z&quot;,
                &quot;status&quot;: &quot;SEND&quot;
            },
            {
                &quot;time&quot;: &quot;2022-02-16T09:23:55.967Z&quot;,
                &quot;status&quot;: &quot;DELIVERED&quot;
            },
            {
                &quot;time&quot;: &quot;2022-02-16T09:24:55.073Z&quot;,
                &quot;status&quot;: &quot;PENDING&quot;
            },
            {
                &quot;time&quot;: &quot;2022-02-16T09:24:55.106Z&quot;,
                &quot;status&quot;: &quot;SEND&quot;
            },
            {
                &quot;time&quot;: &quot;2022-02-16T09:24:55.144Z&quot;,
                &quot;status&quot;: &quot;DELIVERED&quot;
            },
            {
                &quot;time&quot;: &quot;2022-02-16T09:24:55.971Z&quot;,
                &quot;status&quot;: &quot;PENDING&quot;
            },
            {
                &quot;time&quot;: &quot;2022-02-16T09:24:56.008Z&quot;,
                &quot;status&quot;: &quot;SEND&quot;
            },
            {
                &quot;time&quot;: &quot;2022-02-16T09:24:56.044Z&quot;,
                &quot;status&quot;: &quot;DELIVERED&quot;
            },
            {
                &quot;time&quot;: &quot;2022-02-16T09:26:09.362Z&quot;,
                &quot;status&quot;: &quot;PENDING&quot;
            },
            {
                &quot;time&quot;: &quot;2022-02-16T09:26:09.392Z&quot;,
                &quot;status&quot;: &quot;SEND&quot;
            },
            {
                &quot;time&quot;: &quot;2022-02-16T09:26:09.428Z&quot;,
                &quot;status&quot;: &quot;DELIVERED&quot;
            },
            {
                &quot;time&quot;: &quot;2022-02-16T09:26:10.287Z&quot;,
                &quot;status&quot;: &quot;PENDING&quot;
            },
            {
                &quot;time&quot;: &quot;2022-02-16T09:26:10.317Z&quot;,
                &quot;status&quot;: &quot;SEND&quot;
            },
            {
                &quot;time&quot;: &quot;2022-02-16T09:26:10.353Z&quot;,
                &quot;status&quot;: &quot;DELIVERED&quot;
            },
            {
                &quot;time&quot;: &quot;2022-02-16T09:27:24.861Z&quot;,
                &quot;status&quot;: &quot;PENDING&quot;
            },
            {
                &quot;time&quot;: &quot;2022-02-16T09:27:24.898Z&quot;,
                &quot;status&quot;: &quot;SEND&quot;
            },
            {
                &quot;time&quot;: &quot;2022-02-16T09:27:24.935Z&quot;,
                &quot;status&quot;: &quot;DELIVERED&quot;
            },
            {
                &quot;time&quot;: &quot;2022-02-16T09:27:25.773Z&quot;,
                &quot;status&quot;: &quot;PENDING&quot;
            },
            {
                &quot;time&quot;: &quot;2022-02-16T09:27:25.812Z&quot;,
                &quot;status&quot;: &quot;SEND&quot;
            },
            {
                &quot;time&quot;: &quot;2022-02-16T09:27:25.849Z&quot;,
                &quot;status&quot;: &quot;DELIVERED&quot;
            },
            {
                &quot;time&quot;: &quot;2022-02-16T09:28:06.037Z&quot;,
                &quot;status&quot;: &quot;PENDING&quot;
            },
            {
                &quot;time&quot;: &quot;2022-02-16T09:28:06.069Z&quot;,
                &quot;status&quot;: &quot;SEND&quot;
            },
            {
                &quot;time&quot;: &quot;2022-02-16T09:28:06.107Z&quot;,
                &quot;status&quot;: &quot;DELIVERED&quot;
            },
            {
                &quot;time&quot;: &quot;2022-02-16T09:28:06.968Z&quot;,
                &quot;status&quot;: &quot;PENDING&quot;
            },
            {
                &quot;time&quot;: &quot;2022-02-16T09:28:07.002Z&quot;,
                &quot;status&quot;: &quot;SEND&quot;
            },
            {
                &quot;time&quot;: &quot;2022-02-16T09:28:07.039Z&quot;,
                &quot;status&quot;: &quot;DELIVERED&quot;
            },
            {
                &quot;time&quot;: &quot;2022-02-16T09:28:58.713Z&quot;,
                &quot;status&quot;: &quot;PENDING&quot;
            },
            {
                &quot;time&quot;: &quot;2022-02-16T09:28:58.744Z&quot;,
                &quot;status&quot;: &quot;SEND&quot;
            },
            {
                &quot;time&quot;: &quot;2022-02-16T09:28:58.782Z&quot;,
                &quot;status&quot;: &quot;DELIVERED&quot;
            },
            {
                &quot;time&quot;: &quot;2022-02-16T09:28:59.589Z&quot;,
                &quot;status&quot;: &quot;PENDING&quot;
            },
            {
                &quot;time&quot;: &quot;2022-02-16T09:28:59.620Z&quot;,
                &quot;status&quot;: &quot;SEND&quot;
            },
            {
                &quot;time&quot;: &quot;2022-02-16T09:28:59.658Z&quot;,
                &quot;status&quot;: &quot;DELIVERED&quot;
            },
            {
                &quot;time&quot;: &quot;2022-02-16T09:29:51.098Z&quot;,
                &quot;status&quot;: &quot;PENDING&quot;
            },
            {
                &quot;time&quot;: &quot;2022-02-16T09:29:51.134Z&quot;,
                &quot;status&quot;: &quot;SEND&quot;
            },
            {
                &quot;time&quot;: &quot;2022-02-16T09:29:51.171Z&quot;,
                &quot;status&quot;: &quot;DELIVERED&quot;
            },
            {
                &quot;time&quot;: &quot;2022-02-16T09:29:52.013Z&quot;,
                &quot;status&quot;: &quot;PENDING&quot;
            },
            {
                &quot;time&quot;: &quot;2022-02-16T09:29:52.047Z&quot;,
                &quot;status&quot;: &quot;SEND&quot;
            },
            {
                &quot;time&quot;: &quot;2022-02-16T09:29:52.089Z&quot;,
                &quot;status&quot;: &quot;DELIVERED&quot;
            },
            {
                &quot;time&quot;: &quot;2022-02-16T09:30:33.494Z&quot;,
                &quot;status&quot;: &quot;PENDING&quot;
            },
            {
                &quot;time&quot;: &quot;2022-02-16T09:30:33.534Z&quot;,
                &quot;status&quot;: &quot;SEND&quot;
            },
            {
                &quot;time&quot;: &quot;2022-02-16T09:30:33.571Z&quot;,
                &quot;status&quot;: &quot;DELIVERED&quot;
            },
            {
                &quot;time&quot;: &quot;2022-02-16T09:30:34.412Z&quot;,
                &quot;status&quot;: &quot;PENDING&quot;
            },
            {
                &quot;time&quot;: &quot;2022-02-16T09:30:34.453Z&quot;,
                &quot;status&quot;: &quot;SEND&quot;
            },
            {
                &quot;time&quot;: &quot;2022-02-16T09:30:34.488Z&quot;,
                &quot;status&quot;: &quot;DELIVERED&quot;
            },
            {
                &quot;time&quot;: &quot;2022-02-16T09:32:49.337Z&quot;,
                &quot;status&quot;: &quot;PENDING&quot;
            },
            {
                &quot;time&quot;: &quot;2022-02-16T09:32:49.371Z&quot;,
                &quot;status&quot;: &quot;SEND&quot;
            },
            {
                &quot;time&quot;: &quot;2022-02-16T09:32:49.408Z&quot;,
                &quot;status&quot;: &quot;DELIVERED&quot;
            },
            {
                &quot;time&quot;: &quot;2022-02-16T09:32:50.347Z&quot;,
                &quot;status&quot;: &quot;PENDING&quot;
            },
            {
                &quot;time&quot;: &quot;2022-02-16T09:32:50.382Z&quot;,
                &quot;status&quot;: &quot;SEND&quot;
            },
            {
                &quot;time&quot;: &quot;2022-02-16T09:32:50.423Z&quot;,
                &quot;status&quot;: &quot;DELIVERED&quot;
            },
            {
                &quot;time&quot;: &quot;2022-02-16T09:35:18.696Z&quot;,
                &quot;status&quot;: &quot;PENDING&quot;
            },
            {
                &quot;time&quot;: &quot;2022-02-16T09:35:18.734Z&quot;,
                &quot;status&quot;: &quot;SEND&quot;
            },
            {
                &quot;time&quot;: &quot;2022-02-16T09:35:18.769Z&quot;,
                &quot;status&quot;: &quot;DELIVERED&quot;
            },
            {
                &quot;time&quot;: &quot;2022-02-16T09:35:41.813Z&quot;,
                &quot;status&quot;: &quot;PENDING&quot;
            },
            {
                &quot;time&quot;: &quot;2022-02-16T09:35:41.852Z&quot;,
                &quot;status&quot;: &quot;SEND&quot;
            },
            {
                &quot;time&quot;: &quot;2022-02-16T09:35:41.891Z&quot;,
                &quot;status&quot;: &quot;DELIVERED&quot;
            },
            {
                &quot;time&quot;: &quot;2022-02-16T09:35:42.766Z&quot;,
                &quot;status&quot;: &quot;PENDING&quot;
            },
            {
                &quot;time&quot;: &quot;2022-02-16T09:35:42.811Z&quot;,
                &quot;status&quot;: &quot;SEND&quot;
            },
            {
                &quot;time&quot;: &quot;2022-02-16T09:35:42.849Z&quot;,
                &quot;status&quot;: &quot;DELIVERED&quot;
            },
            {
                &quot;time&quot;: &quot;2022-02-16T09:36:06.394Z&quot;,
                &quot;status&quot;: &quot;PENDING&quot;
            },
            {
                &quot;time&quot;: &quot;2022-02-16T09:36:06.432Z&quot;,
                &quot;status&quot;: &quot;SEND&quot;
            },
            {
                &quot;time&quot;: &quot;2022-02-16T09:36:06.488Z&quot;,
                &quot;status&quot;: &quot;DELIVERED&quot;
            },
            {
                &quot;time&quot;: &quot;2022-02-16T09:36:07.318Z&quot;,
                &quot;status&quot;: &quot;PENDING&quot;
            },
            {
                &quot;time&quot;: &quot;2022-02-16T09:36:07.358Z&quot;,
                &quot;status&quot;: &quot;SEND&quot;
            },
            {
                &quot;time&quot;: &quot;2022-02-16T09:36:07.393Z&quot;,
                &quot;status&quot;: &quot;DELIVERED&quot;
            },
            {
                &quot;time&quot;: &quot;2022-02-16T09:36:30.178Z&quot;,
                &quot;status&quot;: &quot;PENDING&quot;
            },
            {
                &quot;time&quot;: &quot;2022-02-16T09:36:30.210Z&quot;,
                &quot;status&quot;: &quot;SEND&quot;
            },
            {
                &quot;time&quot;: &quot;2022-02-16T09:36:30.248Z&quot;,
                &quot;status&quot;: &quot;DELIVERED&quot;
            },
            {
                &quot;time&quot;: &quot;2022-02-16T09:36:31.123Z&quot;,
                &quot;status&quot;: &quot;PENDING&quot;
            },
            {
                &quot;time&quot;: &quot;2022-02-16T09:36:31.156Z&quot;,
                &quot;status&quot;: &quot;SEND&quot;
            },
            {
                &quot;time&quot;: &quot;2022-02-16T09:36:31.207Z&quot;,
                &quot;status&quot;: &quot;DELIVERED&quot;
            },
            {
                &quot;time&quot;: &quot;2022-02-16T09:37:08.443Z&quot;,
                &quot;status&quot;: &quot;PENDING&quot;
            },
            {
                &quot;time&quot;: &quot;2022-02-16T09:37:08.481Z&quot;,
                &quot;status&quot;: &quot;SEND&quot;
            },
            {
                &quot;time&quot;: &quot;2022-02-16T09:37:08.522Z&quot;,
                &quot;status&quot;: &quot;DELIVERED&quot;
            },
            {
                &quot;time&quot;: &quot;2022-02-16T09:37:09.439Z&quot;,
                &quot;status&quot;: &quot;PENDING&quot;
            },
            {
                &quot;time&quot;: &quot;2022-02-16T09:37:09.478Z&quot;,
                &quot;status&quot;: &quot;SEND&quot;
            },
            {
                &quot;time&quot;: &quot;2022-02-16T09:37:09.516Z&quot;,
                &quot;status&quot;: &quot;DELIVERED&quot;
            },
            {
                &quot;time&quot;: &quot;2022-02-16T09:37:13.026Z&quot;,
                &quot;status&quot;: &quot;PENDING&quot;
            },
            {
                &quot;time&quot;: &quot;2022-02-16T09:37:13.068Z&quot;,
                &quot;status&quot;: &quot;SEND&quot;
            },
            {
                &quot;time&quot;: &quot;2022-02-16T09:37:13.106Z&quot;,
                &quot;status&quot;: &quot;DELIVERED&quot;
            },
            {
                &quot;time&quot;: &quot;2022-02-16T09:37:37.817Z&quot;,
                &quot;status&quot;: &quot;PENDING&quot;
            },
            {
                &quot;time&quot;: &quot;2022-02-16T09:37:37.857Z&quot;,
                &quot;status&quot;: &quot;SEND&quot;
            },
            {
                &quot;time&quot;: &quot;2022-02-16T09:37:37.893Z&quot;,
                &quot;status&quot;: &quot;DELIVERED&quot;
            },
            {
                &quot;time&quot;: &quot;2022-02-16T09:37:38.638Z&quot;,
                &quot;status&quot;: &quot;PENDING&quot;
            },
            {
                &quot;time&quot;: &quot;2022-02-16T09:37:38.675Z&quot;,
                &quot;status&quot;: &quot;SEND&quot;
            },
            {
                &quot;time&quot;: &quot;2022-02-16T09:37:38.712Z&quot;,
                &quot;status&quot;: &quot;DELIVERED&quot;
            },
            {
                &quot;time&quot;: &quot;2022-02-16T09:38:03.926Z&quot;,
                &quot;status&quot;: &quot;PENDING&quot;
            },
            {
                &quot;time&quot;: &quot;2022-02-16T09:38:03.965Z&quot;,
                &quot;status&quot;: &quot;SEND&quot;
            },
            {
                &quot;time&quot;: &quot;2022-02-16T09:38:04.001Z&quot;,
                &quot;status&quot;: &quot;DELIVERED&quot;
            },
            {
                &quot;time&quot;: &quot;2022-02-16T09:38:04.819Z&quot;,
                &quot;status&quot;: &quot;PENDING&quot;
            },
            {
                &quot;time&quot;: &quot;2022-02-16T09:38:04.864Z&quot;,
                &quot;status&quot;: &quot;SEND&quot;
            },
            {
                &quot;time&quot;: &quot;2022-02-16T09:38:04.911Z&quot;,
                &quot;status&quot;: &quot;DELIVERED&quot;
            },
            {
                &quot;time&quot;: &quot;2022-02-16T09:53:50.860Z&quot;,
                &quot;status&quot;: &quot;PENDING&quot;
            },
            {
                &quot;time&quot;: &quot;2022-02-16T09:53:50.900Z&quot;,
                &quot;status&quot;: &quot;SEND&quot;
            },
            {
                &quot;time&quot;: &quot;2022-02-16T09:53:50.939Z&quot;,
                &quot;status&quot;: &quot;DELIVERED&quot;
            },
            {
                &quot;time&quot;: &quot;2022-02-16T09:53:51.831Z&quot;,
                &quot;status&quot;: &quot;PENDING&quot;
            },
            {
                &quot;time&quot;: &quot;2022-02-16T09:53:51.869Z&quot;,
                &quot;status&quot;: &quot;SEND&quot;
            },
            {
                &quot;time&quot;: &quot;2022-02-16T09:53:51.917Z&quot;,
                &quot;status&quot;: &quot;DELIVERED&quot;
            },
            {
                &quot;time&quot;: &quot;2022-02-16T09:56:32.333Z&quot;,
                &quot;status&quot;: &quot;PENDING&quot;
            },
            {
                &quot;time&quot;: &quot;2022-02-16T09:56:32.376Z&quot;,
                &quot;status&quot;: &quot;SEND&quot;
            },
            {
                &quot;time&quot;: &quot;2022-02-16T09:56:32.413Z&quot;,
                &quot;status&quot;: &quot;DELIVERED&quot;
            },
            {
                &quot;time&quot;: &quot;2022-02-16T09:56:33.226Z&quot;,
                &quot;status&quot;: &quot;PENDING&quot;
            },
            {
                &quot;time&quot;: &quot;2022-02-16T09:56:33.279Z&quot;,
                &quot;status&quot;: &quot;SEND&quot;
            },
            {
                &quot;time&quot;: &quot;2022-02-16T09:56:33.321Z&quot;,
                &quot;status&quot;: &quot;DELIVERED&quot;
            },
            {
                &quot;time&quot;: &quot;2022-02-16T09:59:11.843Z&quot;,
                &quot;status&quot;: &quot;PENDING&quot;
            },
            {
                &quot;time&quot;: &quot;2022-02-16T09:59:11.885Z&quot;,
                &quot;status&quot;: &quot;SEND&quot;
            },
            {
                &quot;time&quot;: &quot;2022-02-16T09:59:11.929Z&quot;,
                &quot;status&quot;: &quot;DELIVERED&quot;
            },
            {
                &quot;time&quot;: &quot;2022-02-16T09:59:12.799Z&quot;,
                &quot;status&quot;: &quot;PENDING&quot;
            },
            {
                &quot;time&quot;: &quot;2022-02-16T09:59:12.857Z&quot;,
                &quot;status&quot;: &quot;SEND&quot;
            },
            {
                &quot;time&quot;: &quot;2022-02-16T09:59:12.913Z&quot;,
                &quot;status&quot;: &quot;DELIVERED&quot;
            },
            {
                &quot;time&quot;: &quot;2022-02-16T10:01:50.751Z&quot;,
                &quot;status&quot;: &quot;PENDING&quot;
            },
            {
                &quot;time&quot;: &quot;2022-02-16T10:01:50.791Z&quot;,
                &quot;status&quot;: &quot;SEND&quot;
            },
            {
                &quot;time&quot;: &quot;2022-02-16T10:01:50.828Z&quot;,
                &quot;status&quot;: &quot;DELIVERED&quot;
            },
            {
                &quot;time&quot;: &quot;2022-02-16T10:01:51.673Z&quot;,
                &quot;status&quot;: &quot;PENDING&quot;
            },
            {
                &quot;time&quot;: &quot;2022-02-16T10:01:51.713Z&quot;,
                &quot;status&quot;: &quot;SEND&quot;
            },
            {
                &quot;time&quot;: &quot;2022-02-16T10:01:51.755Z&quot;,
                &quot;status&quot;: &quot;DELIVERED&quot;
            },
            {
                &quot;time&quot;: &quot;2022-02-16T10:04:30.106Z&quot;,
                &quot;status&quot;: &quot;PENDING&quot;
            },
            {
                &quot;time&quot;: &quot;2022-02-16T10:04:30.153Z&quot;,
                &quot;status&quot;: &quot;SEND&quot;
            },
            {
                &quot;time&quot;: &quot;2022-02-16T10:04:30.200Z&quot;,
                &quot;status&quot;: &quot;DELIVERED&quot;
            },
            {
                &quot;time&quot;: &quot;2022-02-16T10:04:31.076Z&quot;,
                &quot;status&quot;: &quot;PENDING&quot;
            },
            {
                &quot;time&quot;: &quot;2022-02-16T10:04:31.122Z&quot;,
                &quot;status&quot;: &quot;SEND&quot;
            },
            {
                &quot;time&quot;: &quot;2022-02-16T10:04:31.164Z&quot;,
                &quot;status&quot;: &quot;DELIVERED&quot;
            },
            {
                &quot;time&quot;: &quot;2022-02-16T10:07:10.462Z&quot;,
                &quot;status&quot;: &quot;PENDING&quot;
            },
            {
                &quot;time&quot;: &quot;2022-02-16T10:07:10.499Z&quot;,
                &quot;status&quot;: &quot;SEND&quot;
            },
            {
                &quot;time&quot;: &quot;2022-02-16T10:07:10.537Z&quot;,
                &quot;status&quot;: &quot;DELIVERED&quot;
            },
            {
                &quot;time&quot;: &quot;2022-02-16T10:07:11.343Z&quot;,
                &quot;status&quot;: &quot;PENDING&quot;
            },
            {
                &quot;time&quot;: &quot;2022-02-16T10:07:11.380Z&quot;,
                &quot;status&quot;: &quot;SEND&quot;
            },
            {
                &quot;time&quot;: &quot;2022-02-16T10:07:11.418Z&quot;,
                &quot;status&quot;: &quot;DELIVERED&quot;
            },
            {
                &quot;time&quot;: &quot;2022-02-16T10:09:49.720Z&quot;,
                &quot;status&quot;: &quot;PENDING&quot;
            },
            {
                &quot;time&quot;: &quot;2022-02-16T10:09:49.762Z&quot;,
                &quot;status&quot;: &quot;SEND&quot;
            },
            {
                &quot;time&quot;: &quot;2022-02-16T10:09:49.803Z&quot;,
                &quot;status&quot;: &quot;DELIVERED&quot;
            },
            {
                &quot;time&quot;: &quot;2022-02-16T10:09:50.610Z&quot;,
                &quot;status&quot;: &quot;PENDING&quot;
            },
            {
                &quot;time&quot;: &quot;2022-02-16T10:09:50.651Z&quot;,
                &quot;status&quot;: &quot;SEND&quot;
            },
            {
                &quot;time&quot;: &quot;2022-02-16T10:09:50.691Z&quot;,
                &quot;status&quot;: &quot;DELIVERED&quot;
            },
            {
                &quot;time&quot;: &quot;2022-02-16T10:12:29.403Z&quot;,
                &quot;status&quot;: &quot;PENDING&quot;
            },
            {
                &quot;time&quot;: &quot;2022-02-16T10:12:29.449Z&quot;,
                &quot;status&quot;: &quot;SEND&quot;
            },
            {
                &quot;time&quot;: &quot;2022-02-16T10:12:29.494Z&quot;,
                &quot;status&quot;: &quot;DELIVERED&quot;
            },
            {
                &quot;time&quot;: &quot;2022-02-16T10:12:30.338Z&quot;,
                &quot;status&quot;: &quot;PENDING&quot;
            },
            {
                &quot;time&quot;: &quot;2022-02-16T10:12:30.379Z&quot;,
                &quot;status&quot;: &quot;SEND&quot;
            },
            {
                &quot;time&quot;: &quot;2022-02-16T10:12:30.423Z&quot;,
                &quot;status&quot;: &quot;DELIVERED&quot;
            },
            {
                &quot;time&quot;: &quot;2022-02-16T10:15:08.464Z&quot;,
                &quot;status&quot;: &quot;PENDING&quot;
            },
            {
                &quot;time&quot;: &quot;2022-02-16T10:15:08.507Z&quot;,
                &quot;status&quot;: &quot;SEND&quot;
            },
            {
                &quot;time&quot;: &quot;2022-02-16T10:15:08.549Z&quot;,
                &quot;status&quot;: &quot;DELIVERED&quot;
            },
            {
                &quot;time&quot;: &quot;2022-02-16T10:15:09.384Z&quot;,
                &quot;status&quot;: &quot;PENDING&quot;
            },
            {
                &quot;time&quot;: &quot;2022-02-16T10:15:09.428Z&quot;,
                &quot;status&quot;: &quot;SEND&quot;
            }
        ],
        &quot;status&quot;: &quot;DELIVERED&quot;
    },
    &quot;creationTime&quot;: &quot;2022-02-16T09:22:46.140Z&quot;,
    &quot;deviceId&quot;: &quot;14273295&quot;,
    &quot;deviceName&quot;: &quot;offsitec&quot;,
    &quot;self&quot;: &quot;https://t493319102.eu-latest.cumulocity.com/devicecontrol/operations/14275540&quot;,
    &quot;id&quot;: &quot;14275540&quot;,
    &quot;status&quot;: &quot;PENDING&quot;,
    &quot;c8y_LogfileRequest&quot;: {
        &quot;searchText&quot;: &quot;&quot;,
        &quot;logFile&quot;: &quot;software-management&quot;,
        &quot;dateTo&quot;: &quot;2021-11-21T18:55:49+0530&quot;,
        &quot;dateFrom&quot;: &quot;2021-11-15T18:55:49+0530&quot;,
        &quot;maximumLines&quot;: 300
    },
    &quot;description&quot;: &quot;Log file request&quot;
}
10:15:22 DEBUG Final URL of the request: https://thin-edge-io.eu-latest.cumulocity.com/devicecontrol/operations?deviceId=14273295&amp;pageSize=1&amp;revert=true&amp;dateFrom=1970-01-01T00%3A00%3A00.000Z
10:15:22 INFO  State of current operation: PENDING
10:15:22 DEBUG Final URL of the request: https://thin-edge-io.eu-latest.cumulocity.com/devicecontrol/operations?deviceId=14273295&amp;pageSize=1&amp;revert=true&amp;dateFrom=1970-01-01T00%3A00%3A00.000Z
10:15:22 DEBUG State of current operation: {
    &quot;delivery&quot;: {
        &quot;time&quot;: &quot;2022-02-16T10:15:09.472Z&quot;,
        &quot;log&quot;: [
            {
                &quot;time&quot;: &quot;2022-02-16T09:22:46.166Z&quot;,
                &quot;status&quot;: &quot;PENDING&quot;
            },
            {
                &quot;time&quot;: &quot;2022-02-16T09:22:46.185Z&quot;,
                &quot;status&quot;: &quot;SEND&quot;
            },
            {
                &quot;time&quot;: &quot;2022-02-16T09:22:46.219Z&quot;,
                &quot;status&quot;: &quot;DELIVERED&quot;
            },
            {
                &quot;time&quot;: &quot;2022-02-16T09:23:55.047Z&quot;,
                &quot;status&quot;: &quot;PENDING&quot;
            },
            {
                &quot;time&quot;: &quot;2022-02-16T09:23:55.077Z&quot;,
                &quot;status&quot;: &quot;SEND&quot;
            },
            {
                &quot;time&quot;: &quot;2022-02-16T09:23:55.114Z&quot;,
                &quot;status&quot;: &quot;DELIVERED&quot;
            },
            {
                &quot;time&quot;: &quot;2022-02-16T09:23:55.901Z&quot;,
                &quot;status&quot;: &quot;PENDING&quot;
            },
            {
                &quot;time&quot;: &quot;2022-02-16T09:23:55.930Z&quot;,
                &quot;status&quot;: &quot;SEND&quot;
            },
            {
                &quot;time&quot;: &quot;2022-02-16T09:23:55.967Z&quot;,
                &quot;status&quot;: &quot;DELIVERED&quot;
            },
            {
                &quot;time&quot;: &quot;2022-02-16T09:24:55.073Z&quot;,
                &quot;status&quot;: &quot;PENDING&quot;
            },
            {
                &quot;time&quot;: &quot;2022-02-16T09:24:55.106Z&quot;,
                &quot;status&quot;: &quot;SEND&quot;
            },
            {
                &quot;time&quot;: &quot;2022-02-16T09:24:55.144Z&quot;,
                &quot;status&quot;: &quot;DELIVERED&quot;
            },
            {
                &quot;time&quot;: &quot;2022-02-16T09:24:55.971Z&quot;,
                &quot;status&quot;: &quot;PENDING&quot;
            },
            {
                &quot;time&quot;: &quot;2022-02-16T09:24:56.008Z&quot;,
                &quot;status&quot;: &quot;SEND&quot;
            },
            {
                &quot;time&quot;: &quot;2022-02-16T09:24:56.044Z&quot;,
                &quot;status&quot;: &quot;DELIVERED&quot;
            },
            {
                &quot;time&quot;: &quot;2022-02-16T09:26:09.362Z&quot;,
                &quot;status&quot;: &quot;PENDING&quot;
            },
            {
                &quot;time&quot;: &quot;2022-02-16T09:26:09.392Z&quot;,
                &quot;status&quot;: &quot;SEND&quot;
            },
            {
                &quot;time&quot;: &quot;2022-02-16T09:26:09.428Z&quot;,
                &quot;status&quot;: &quot;DELIVERED&quot;
            },
            {
                &quot;time&quot;: &quot;2022-02-16T09:26:10.287Z&quot;,
                &quot;status&quot;: &quot;PENDING&quot;
            },
            {
                &quot;time&quot;: &quot;2022-02-16T09:26:10.317Z&quot;,
                &quot;status&quot;: &quot;SEND&quot;
            },
            {
                &quot;time&quot;: &quot;2022-02-16T09:26:10.353Z&quot;,
                &quot;status&quot;: &quot;DELIVERED&quot;
            },
            {
                &quot;time&quot;: &quot;2022-02-16T09:27:24.861Z&quot;,
                &quot;status&quot;: &quot;PENDING&quot;
            },
            {
                &quot;time&quot;: &quot;2022-02-16T09:27:24.898Z&quot;,
                &quot;status&quot;: &quot;SEND&quot;
            },
            {
                &quot;time&quot;: &quot;2022-02-16T09:27:24.935Z&quot;,
                &quot;status&quot;: &quot;DELIVERED&quot;
            },
            {
                &quot;time&quot;: &quot;2022-02-16T09:27:25.773Z&quot;,
                &quot;status&quot;: &quot;PENDING&quot;
            },
            {
                &quot;time&quot;: &quot;2022-02-16T09:27:25.812Z&quot;,
                &quot;status&quot;: &quot;SEND&quot;
            },
            {
                &quot;time&quot;: &quot;2022-02-16T09:27:25.849Z&quot;,
                &quot;status&quot;: &quot;DELIVERED&quot;
            },
            {
                &quot;time&quot;: &quot;2022-02-16T09:28:06.037Z&quot;,
                &quot;status&quot;: &quot;PENDING&quot;
            },
            {
                &quot;time&quot;: &quot;2022-02-16T09:28:06.069Z&quot;,
                &quot;status&quot;: &quot;SEND&quot;
            },
            {
                &quot;time&quot;: &quot;2022-02-16T09:28:06.107Z&quot;,
                &quot;status&quot;: &quot;DELIVERED&quot;
            },
            {
                &quot;time&quot;: &quot;2022-02-16T09:28:06.968Z&quot;,
                &quot;status&quot;: &quot;PENDING&quot;
            },
            {
                &quot;time&quot;: &quot;2022-02-16T09:28:07.002Z&quot;,
                &quot;status&quot;: &quot;SEND&quot;
            },
            {
                &quot;time&quot;: &quot;2022-02-16T09:28:07.039Z&quot;,
                &quot;status&quot;: &quot;DELIVERED&quot;
            },
            {
                &quot;time&quot;: &quot;2022-02-16T09:28:58.713Z&quot;,
                &quot;status&quot;: &quot;PENDING&quot;
            },
            {
                &quot;time&quot;: &quot;2022-02-16T09:28:58.744Z&quot;,
                &quot;status&quot;: &quot;SEND&quot;
            },
            {
                &quot;time&quot;: &quot;2022-02-16T09:28:58.782Z&quot;,
                &quot;status&quot;: &quot;DELIVERED&quot;
            },
            {
                &quot;time&quot;: &quot;2022-02-16T09:28:59.589Z&quot;,
                &quot;status&quot;: &quot;PENDING&quot;
            },
            {
                &quot;time&quot;: &quot;2022-02-16T09:28:59.620Z&quot;,
                &quot;status&quot;: &quot;SEND&quot;
            },
            {
                &quot;time&quot;: &quot;2022-02-16T09:28:59.658Z&quot;,
                &quot;status&quot;: &quot;DELIVERED&quot;
            },
            {
                &quot;time&quot;: &quot;2022-02-16T09:29:51.098Z&quot;,
                &quot;status&quot;: &quot;PENDING&quot;
            },
            {
                &quot;time&quot;: &quot;2022-02-16T09:29:51.134Z&quot;,
                &quot;status&quot;: &quot;SEND&quot;
            },
            {
                &quot;time&quot;: &quot;2022-02-16T09:29:51.171Z&quot;,
                &quot;status&quot;: &quot;DELIVERED&quot;
            },
            {
                &quot;time&quot;: &quot;2022-02-16T09:29:52.013Z&quot;,
                &quot;status&quot;: &quot;PENDING&quot;
            },
            {
                &quot;time&quot;: &quot;2022-02-16T09:29:52.047Z&quot;,
                &quot;status&quot;: &quot;SEND&quot;
            },
            {
                &quot;time&quot;: &quot;2022-02-16T09:29:52.089Z&quot;,
                &quot;status&quot;: &quot;DELIVERED&quot;
            },
            {
                &quot;time&quot;: &quot;2022-02-16T09:30:33.494Z&quot;,
                &quot;status&quot;: &quot;PENDING&quot;
            },
            {
                &quot;time&quot;: &quot;2022-02-16T09:30:33.534Z&quot;,
                &quot;status&quot;: &quot;SEND&quot;
            },
            {
                &quot;time&quot;: &quot;2022-02-16T09:30:33.571Z&quot;,
                &quot;status&quot;: &quot;DELIVERED&quot;
            },
            {
                &quot;time&quot;: &quot;2022-02-16T09:30:34.412Z&quot;,
                &quot;status&quot;: &quot;PENDING&quot;
            },
            {
                &quot;time&quot;: &quot;2022-02-16T09:30:34.453Z&quot;,
                &quot;status&quot;: &quot;SEND&quot;
            },
            {
                &quot;time&quot;: &quot;2022-02-16T09:30:34.488Z&quot;,
                &quot;status&quot;: &quot;DELIVERED&quot;
            },
            {
                &quot;time&quot;: &quot;2022-02-16T09:32:49.337Z&quot;,
                &quot;status&quot;: &quot;PENDING&quot;
            },
            {
                &quot;time&quot;: &quot;2022-02-16T09:32:49.371Z&quot;,
                &quot;status&quot;: &quot;SEND&quot;
            },
            {
                &quot;time&quot;: &quot;2022-02-16T09:32:49.408Z&quot;,
                &quot;status&quot;: &quot;DELIVERED&quot;
            },
            {
                &quot;time&quot;: &quot;2022-02-16T09:32:50.347Z&quot;,
                &quot;status&quot;: &quot;PENDING&quot;
            },
            {
                &quot;time&quot;: &quot;2022-02-16T09:32:50.382Z&quot;,
                &quot;status&quot;: &quot;SEND&quot;
            },
            {
                &quot;time&quot;: &quot;2022-02-16T09:32:50.423Z&quot;,
                &quot;status&quot;: &quot;DELIVERED&quot;
            },
            {
                &quot;time&quot;: &quot;2022-02-16T09:35:18.696Z&quot;,
                &quot;status&quot;: &quot;PENDING&quot;
            },
            {
                &quot;time&quot;: &quot;2022-02-16T09:35:18.734Z&quot;,
                &quot;status&quot;: &quot;SEND&quot;
            },
            {
                &quot;time&quot;: &quot;2022-02-16T09:35:18.769Z&quot;,
                &quot;status&quot;: &quot;DELIVERED&quot;
            },
            {
                &quot;time&quot;: &quot;2022-02-16T09:35:41.813Z&quot;,
                &quot;status&quot;: &quot;PENDING&quot;
            },
            {
                &quot;time&quot;: &quot;2022-02-16T09:35:41.852Z&quot;,
                &quot;status&quot;: &quot;SEND&quot;
            },
            {
                &quot;time&quot;: &quot;2022-02-16T09:35:41.891Z&quot;,
                &quot;status&quot;: &quot;DELIVERED&quot;
            },
            {
                &quot;time&quot;: &quot;2022-02-16T09:35:42.766Z&quot;,
                &quot;status&quot;: &quot;PENDING&quot;
            },
            {
                &quot;time&quot;: &quot;2022-02-16T09:35:42.811Z&quot;,
                &quot;status&quot;: &quot;SEND&quot;
            },
            {
                &quot;time&quot;: &quot;2022-02-16T09:35:42.849Z&quot;,
                &quot;status&quot;: &quot;DELIVERED&quot;
            },
            {
                &quot;time&quot;: &quot;2022-02-16T09:36:06.394Z&quot;,
                &quot;status&quot;: &quot;PENDING&quot;
            },
            {
                &quot;time&quot;: &quot;2022-02-16T09:36:06.432Z&quot;,
                &quot;status&quot;: &quot;SEND&quot;
            },
            {
                &quot;time&quot;: &quot;2022-02-16T09:36:06.488Z&quot;,
                &quot;status&quot;: &quot;DELIVERED&quot;
            },
            {
                &quot;time&quot;: &quot;2022-02-16T09:36:07.318Z&quot;,
                &quot;status&quot;: &quot;PENDING&quot;
            },
            {
                &quot;time&quot;: &quot;2022-02-16T09:36:07.358Z&quot;,
                &quot;status&quot;: &quot;SEND&quot;
            },
            {
                &quot;time&quot;: &quot;2022-02-16T09:36:07.393Z&quot;,
                &quot;status&quot;: &quot;DELIVERED&quot;
            },
            {
                &quot;time&quot;: &quot;2022-02-16T09:36:30.178Z&quot;,
                &quot;status&quot;: &quot;PENDING&quot;
            },
            {
                &quot;time&quot;: &quot;2022-02-16T09:36:30.210Z&quot;,
                &quot;status&quot;: &quot;SEND&quot;
            },
            {
                &quot;time&quot;: &quot;2022-02-16T09:36:30.248Z&quot;,
                &quot;status&quot;: &quot;DELIVERED&quot;
            },
            {
                &quot;time&quot;: &quot;2022-02-16T09:36:31.123Z&quot;,
                &quot;status&quot;: &quot;PENDING&quot;
            },
            {
                &quot;time&quot;: &quot;2022-02-16T09:36:31.156Z&quot;,
                &quot;status&quot;: &quot;SEND&quot;
            },
            {
                &quot;time&quot;: &quot;2022-02-16T09:36:31.207Z&quot;,
                &quot;status&quot;: &quot;DELIVERED&quot;
            },
            {
                &quot;time&quot;: &quot;2022-02-16T09:37:08.443Z&quot;,
                &quot;status&quot;: &quot;PENDING&quot;
            },
            {
                &quot;time&quot;: &quot;2022-02-16T09:37:08.481Z&quot;,
                &quot;status&quot;: &quot;SEND&quot;
            },
            {
                &quot;time&quot;: &quot;2022-02-16T09:37:08.522Z&quot;,
                &quot;status&quot;: &quot;DELIVERED&quot;
            },
            {
                &quot;time&quot;: &quot;2022-02-16T09:37:09.439Z&quot;,
                &quot;status&quot;: &quot;PENDING&quot;
            },
            {
                &quot;time&quot;: &quot;2022-02-16T09:37:09.478Z&quot;,
                &quot;status&quot;: &quot;SEND&quot;
            },
            {
                &quot;time&quot;: &quot;2022-02-16T09:37:09.516Z&quot;,
                &quot;status&quot;: &quot;DELIVERED&quot;
            },
            {
                &quot;time&quot;: &quot;2022-02-16T09:37:13.026Z&quot;,
                &quot;status&quot;: &quot;PENDING&quot;
            },
            {
                &quot;time&quot;: &quot;2022-02-16T09:37:13.068Z&quot;,
                &quot;status&quot;: &quot;SEND&quot;
            },
            {
                &quot;time&quot;: &quot;2022-02-16T09:37:13.106Z&quot;,
                &quot;status&quot;: &quot;DELIVERED&quot;
            },
            {
                &quot;time&quot;: &quot;2022-02-16T09:37:37.817Z&quot;,
                &quot;status&quot;: &quot;PENDING&quot;
            },
            {
                &quot;time&quot;: &quot;2022-02-16T09:37:37.857Z&quot;,
                &quot;status&quot;: &quot;SEND&quot;
            },
            {
                &quot;time&quot;: &quot;2022-02-16T09:37:37.893Z&quot;,
                &quot;status&quot;: &quot;DELIVERED&quot;
            },
            {
                &quot;time&quot;: &quot;2022-02-16T09:37:38.638Z&quot;,
                &quot;status&quot;: &quot;PENDING&quot;
            },
            {
                &quot;time&quot;: &quot;2022-02-16T09:37:38.675Z&quot;,
                &quot;status&quot;: &quot;SEND&quot;
            },
            {
                &quot;time&quot;: &quot;2022-02-16T09:37:38.712Z&quot;,
                &quot;status&quot;: &quot;DELIVERED&quot;
            },
            {
                &quot;time&quot;: &quot;2022-02-16T09:38:03.926Z&quot;,
                &quot;status&quot;: &quot;PENDING&quot;
            },
            {
                &quot;time&quot;: &quot;2022-02-16T09:38:03.965Z&quot;,
                &quot;status&quot;: &quot;SEND&quot;
            },
            {
                &quot;time&quot;: &quot;2022-02-16T09:38:04.001Z&quot;,
                &quot;status&quot;: &quot;DELIVERED&quot;
            },
            {
                &quot;time&quot;: &quot;2022-02-16T09:38:04.819Z&quot;,
                &quot;status&quot;: &quot;PENDING&quot;
            },
            {
                &quot;time&quot;: &quot;2022-02-16T09:38:04.864Z&quot;,
                &quot;status&quot;: &quot;SEND&quot;
            },
            {
                &quot;time&quot;: &quot;2022-02-16T09:38:04.911Z&quot;,
                &quot;status&quot;: &quot;DELIVERED&quot;
            },
            {
                &quot;time&quot;: &quot;2022-02-16T09:53:50.860Z&quot;,
                &quot;status&quot;: &quot;PENDING&quot;
            },
            {
                &quot;time&quot;: &quot;2022-02-16T09:53:50.900Z&quot;,
                &quot;status&quot;: &quot;SEND&quot;
            },
            {
                &quot;time&quot;: &quot;2022-02-16T09:53:50.939Z&quot;,
                &quot;status&quot;: &quot;DELIVERED&quot;
            },
            {
                &quot;time&quot;: &quot;2022-02-16T09:53:51.831Z&quot;,
                &quot;status&quot;: &quot;PENDING&quot;
            },
            {
                &quot;time&quot;: &quot;2022-02-16T09:53:51.869Z&quot;,
                &quot;status&quot;: &quot;SEND&quot;
            },
            {
                &quot;time&quot;: &quot;2022-02-16T09:53:51.917Z&quot;,
                &quot;status&quot;: &quot;DELIVERED&quot;
            },
            {
                &quot;time&quot;: &quot;2022-02-16T09:56:32.333Z&quot;,
                &quot;status&quot;: &quot;PENDING&quot;
            },
            {
                &quot;time&quot;: &quot;2022-02-16T09:56:32.376Z&quot;,
                &quot;status&quot;: &quot;SEND&quot;
            },
            {
                &quot;time&quot;: &quot;2022-02-16T09:56:32.413Z&quot;,
                &quot;status&quot;: &quot;DELIVERED&quot;
            },
            {
                &quot;time&quot;: &quot;2022-02-16T09:56:33.226Z&quot;,
                &quot;status&quot;: &quot;PENDING&quot;
            },
            {
                &quot;time&quot;: &quot;2022-02-16T09:56:33.279Z&quot;,
                &quot;status&quot;: &quot;SEND&quot;
            },
            {
                &quot;time&quot;: &quot;2022-02-16T09:56:33.321Z&quot;,
                &quot;status&quot;: &quot;DELIVERED&quot;
            },
            {
                &quot;time&quot;: &quot;2022-02-16T09:59:11.843Z&quot;,
                &quot;status&quot;: &quot;PENDING&quot;
            },
            {
                &quot;time&quot;: &quot;2022-02-16T09:59:11.885Z&quot;,
                &quot;status&quot;: &quot;SEND&quot;
            },
            {
                &quot;time&quot;: &quot;2022-02-16T09:59:11.929Z&quot;,
                &quot;status&quot;: &quot;DELIVERED&quot;
            },
            {
                &quot;time&quot;: &quot;2022-02-16T09:59:12.799Z&quot;,
                &quot;status&quot;: &quot;PENDING&quot;
            },
            {
                &quot;time&quot;: &quot;2022-02-16T09:59:12.857Z&quot;,
                &quot;status&quot;: &quot;SEND&quot;
            },
            {
                &quot;time&quot;: &quot;2022-02-16T09:59:12.913Z&quot;,
                &quot;status&quot;: &quot;DELIVERED&quot;
            },
            {
                &quot;time&quot;: &quot;2022-02-16T10:01:50.751Z&quot;,
                &quot;status&quot;: &quot;PENDING&quot;
            },
            {
                &quot;time&quot;: &quot;2022-02-16T10:01:50.791Z&quot;,
                &quot;status&quot;: &quot;SEND&quot;
            },
            {
                &quot;time&quot;: &quot;2022-02-16T10:01:50.828Z&quot;,
                &quot;status&quot;: &quot;DELIVERED&quot;
            },
            {
                &quot;time&quot;: &quot;2022-02-16T10:01:51.673Z&quot;,
                &quot;status&quot;: &quot;PENDING&quot;
            },
            {
                &quot;time&quot;: &quot;2022-02-16T10:01:51.713Z&quot;,
                &quot;status&quot;: &quot;SEND&quot;
            },
            {
                &quot;time&quot;: &quot;2022-02-16T10:01:51.755Z&quot;,
                &quot;status&quot;: &quot;DELIVERED&quot;
            },
            {
                &quot;time&quot;: &quot;2022-02-16T10:04:30.106Z&quot;,
                &quot;status&quot;: &quot;PENDING&quot;
            },
            {
                &quot;time&quot;: &quot;2022-02-16T10:04:30.153Z&quot;,
                &quot;status&quot;: &quot;SEND&quot;
            },
            {
                &quot;time&quot;: &quot;2022-02-16T10:04:30.200Z&quot;,
                &quot;status&quot;: &quot;DELIVERED&quot;
            },
            {
                &quot;time&quot;: &quot;2022-02-16T10:04:31.076Z&quot;,
                &quot;status&quot;: &quot;PENDING&quot;
            },
            {
                &quot;time&quot;: &quot;2022-02-16T10:04:31.122Z&quot;,
                &quot;status&quot;: &quot;SEND&quot;
            },
            {
                &quot;time&quot;: &quot;2022-02-16T10:04:31.164Z&quot;,
                &quot;status&quot;: &quot;DELIVERED&quot;
            },
            {
                &quot;time&quot;: &quot;2022-02-16T10:07:10.462Z&quot;,
                &quot;status&quot;: &quot;PENDING&quot;
            },
            {
                &quot;time&quot;: &quot;2022-02-16T10:07:10.499Z&quot;,
                &quot;status&quot;: &quot;SEND&quot;
            },
            {
                &quot;time&quot;: &quot;2022-02-16T10:07:10.537Z&quot;,
                &quot;status&quot;: &quot;DELIVERED&quot;
            },
            {
                &quot;time&quot;: &quot;2022-02-16T10:07:11.343Z&quot;,
                &quot;status&quot;: &quot;PENDING&quot;
            },
            {
                &quot;time&quot;: &quot;2022-02-16T10:07:11.380Z&quot;,
                &quot;status&quot;: &quot;SEND&quot;
            },
            {
                &quot;time&quot;: &quot;2022-02-16T10:07:11.418Z&quot;,
                &quot;status&quot;: &quot;DELIVERED&quot;
            },
            {
                &quot;time&quot;: &quot;2022-02-16T10:09:49.720Z&quot;,
                &quot;status&quot;: &quot;PENDING&quot;
            },
            {
                &quot;time&quot;: &quot;2022-02-16T10:09:49.762Z&quot;,
                &quot;status&quot;: &quot;SEND&quot;
            },
            {
                &quot;time&quot;: &quot;2022-02-16T10:09:49.803Z&quot;,
                &quot;status&quot;: &quot;DELIVERED&quot;
            },
            {
                &quot;time&quot;: &quot;2022-02-16T10:09:50.610Z&quot;,
                &quot;status&quot;: &quot;PENDING&quot;
            },
            {
                &quot;time&quot;: &quot;2022-02-16T10:09:50.651Z&quot;,
                &quot;status&quot;: &quot;SEND&quot;
            },
            {
                &quot;time&quot;: &quot;2022-02-16T10:09:50.691Z&quot;,
                &quot;status&quot;: &quot;DELIVERED&quot;
            },
            {
                &quot;time&quot;: &quot;2022-02-16T10:12:29.403Z&quot;,
                &quot;status&quot;: &quot;PENDING&quot;
            },
            {
                &quot;time&quot;: &quot;2022-02-16T10:12:29.449Z&quot;,
                &quot;status&quot;: &quot;SEND&quot;
            },
            {
                &quot;time&quot;: &quot;2022-02-16T10:12:29.494Z&quot;,
                &quot;status&quot;: &quot;DELIVERED&quot;
            },
            {
                &quot;time&quot;: &quot;2022-02-16T10:12:30.338Z&quot;,
                &quot;status&quot;: &quot;PENDING&quot;
            },
            {
                &quot;time&quot;: &quot;2022-02-16T10:12:30.379Z&quot;,
                &quot;status&quot;: &quot;SEND&quot;
            },
            {
                &quot;time&quot;: &quot;2022-02-16T10:12:30.423Z&quot;,
                &quot;status&quot;: &quot;DELIVERED&quot;
            },
            {
                &quot;time&quot;: &quot;2022-02-16T10:15:08.464Z&quot;,
                &quot;status&quot;: &quot;PENDING&quot;
            },
            {
                &quot;time&quot;: &quot;2022-02-16T10:15:08.507Z&quot;,
                &quot;status&quot;: &quot;SEND&quot;
            },
            {
                &quot;time&quot;: &quot;2022-02-16T10:15:08.549Z&quot;,
                &quot;status&quot;: &quot;DELIVERED&quot;
            },
            {
                &quot;time&quot;: &quot;2022-02-16T10:15:09.384Z&quot;,
                &quot;status&quot;: &quot;PENDING&quot;
            },
            {
                &quot;time&quot;: &quot;2022-02-16T10:15:09.428Z&quot;,
                &quot;status&quot;: &quot;SEND&quot;
            }
        ],
        &quot;status&quot;: &quot;DELIVERED&quot;
    },
    &quot;creationTime&quot;: &quot;2022-02-16T09:22:46.140Z&quot;,
    &quot;deviceId&quot;: &quot;14273295&quot;,
    &quot;deviceName&quot;: &quot;offsitec&quot;,
    &quot;self&quot;: &quot;https://t493319102.eu-latest.cumulocity.com/devicecontrol/operations/14275540&quot;,
    &quot;id&quot;: &quot;14275540&quot;,
    &quot;status&quot;: &quot;PENDING&quot;,
    &quot;c8y_LogfileRequest&quot;: {
        &quot;searchText&quot;: &quot;&quot;,
        &quot;logFile&quot;: &quot;software-management&quot;,
        &quot;dateTo&quot;: &quot;2021-11-21T18:55:49+0530&quot;,
        &quot;dateFrom&quot;: &quot;2021-11-15T18:55:49+0530&quot;,
        &quot;maximumLines&quot;: 300
    },
    &quot;description&quot;: &quot;Log file request&quot;
}
10:15:24 DEBUG Final URL of the request: https://thin-edge-io.eu-latest.cumulocity.com/devicecontrol/operations?deviceId=14273295&amp;pageSize=1&amp;revert=true&amp;dateFrom=1970-01-01T00%3A00%3A00.000Z
10:15:24 INFO  State of current operation: PENDING
10:15:24 DEBUG Final URL of the request: https://thin-edge-io.eu-latest.cumulocity.com/devicecontrol/operations?deviceId=14273295&amp;pageSize=1&amp;revert=true&amp;dateFrom=1970-01-01T00%3A00%3A00.000Z
10:15:24 DEBUG State of current operation: {
    &quot;delivery&quot;: {
        &quot;time&quot;: &quot;2022-02-16T10:15:09.472Z&quot;,
        &quot;log&quot;: [
            {
                &quot;time&quot;: &quot;2022-02-16T09:22:46.166Z&quot;,
                &quot;status&quot;: &quot;PENDING&quot;
            },
            {
                &quot;time&quot;: &quot;2022-02-16T09:22:46.185Z&quot;,
                &quot;status&quot;: &quot;SEND&quot;
            },
            {
                &quot;time&quot;: &quot;2022-02-16T09:22:46.219Z&quot;,
                &quot;status&quot;: &quot;DELIVERED&quot;
            },
            {
                &quot;time&quot;: &quot;2022-02-16T09:23:55.047Z&quot;,
                &quot;status&quot;: &quot;PENDING&quot;
            },
            {
                &quot;time&quot;: &quot;2022-02-16T09:23:55.077Z&quot;,
                &quot;status&quot;: &quot;SEND&quot;
            },
            {
                &quot;time&quot;: &quot;2022-02-16T09:23:55.114Z&quot;,
                &quot;status&quot;: &quot;DELIVERED&quot;
            },
            {
                &quot;time&quot;: &quot;2022-02-16T09:23:55.901Z&quot;,
                &quot;status&quot;: &quot;PENDING&quot;
            },
            {
                &quot;time&quot;: &quot;2022-02-16T09:23:55.930Z&quot;,
                &quot;status&quot;: &quot;SEND&quot;
            },
            {
                &quot;time&quot;: &quot;2022-02-16T09:23:55.967Z&quot;,
                &quot;status&quot;: &quot;DELIVERED&quot;
            },
            {
                &quot;time&quot;: &quot;2022-02-16T09:24:55.073Z&quot;,
                &quot;status&quot;: &quot;PENDING&quot;
            },
            {
                &quot;time&quot;: &quot;2022-02-16T09:24:55.106Z&quot;,
                &quot;status&quot;: &quot;SEND&quot;
            },
            {
                &quot;time&quot;: &quot;2022-02-16T09:24:55.144Z&quot;,
                &quot;status&quot;: &quot;DELIVERED&quot;
            },
            {
                &quot;time&quot;: &quot;2022-02-16T09:24:55.971Z&quot;,
                &quot;status&quot;: &quot;PENDING&quot;
            },
            {
                &quot;time&quot;: &quot;2022-02-16T09:24:56.008Z&quot;,
                &quot;status&quot;: &quot;SEND&quot;
            },
            {
                &quot;time&quot;: &quot;2022-02-16T09:24:56.044Z&quot;,
                &quot;status&quot;: &quot;DELIVERED&quot;
            },
            {
                &quot;time&quot;: &quot;2022-02-16T09:26:09.362Z&quot;,
                &quot;status&quot;: &quot;PENDING&quot;
            },
            {
                &quot;time&quot;: &quot;2022-02-16T09:26:09.392Z&quot;,
                &quot;status&quot;: &quot;SEND&quot;
            },
            {
                &quot;time&quot;: &quot;2022-02-16T09:26:09.428Z&quot;,
                &quot;status&quot;: &quot;DELIVERED&quot;
            },
            {
                &quot;time&quot;: &quot;2022-02-16T09:26:10.287Z&quot;,
                &quot;status&quot;: &quot;PENDING&quot;
            },
            {
                &quot;time&quot;: &quot;2022-02-16T09:26:10.317Z&quot;,
                &quot;status&quot;: &quot;SEND&quot;
            },
            {
                &quot;time&quot;: &quot;2022-02-16T09:26:10.353Z&quot;,
                &quot;status&quot;: &quot;DELIVERED&quot;
            },
            {
                &quot;time&quot;: &quot;2022-02-16T09:27:24.861Z&quot;,
                &quot;status&quot;: &quot;PENDING&quot;
            },
            {
                &quot;time&quot;: &quot;2022-02-16T09:27:24.898Z&quot;,
                &quot;status&quot;: &quot;SEND&quot;
            },
            {
                &quot;time&quot;: &quot;2022-02-16T09:27:24.935Z&quot;,
                &quot;status&quot;: &quot;DELIVERED&quot;
            },
            {
                &quot;time&quot;: &quot;2022-02-16T09:27:25.773Z&quot;,
                &quot;status&quot;: &quot;PENDING&quot;
            },
            {
                &quot;time&quot;: &quot;2022-02-16T09:27:25.812Z&quot;,
                &quot;status&quot;: &quot;SEND&quot;
            },
            {
                &quot;time&quot;: &quot;2022-02-16T09:27:25.849Z&quot;,
                &quot;status&quot;: &quot;DELIVERED&quot;
            },
            {
                &quot;time&quot;: &quot;2022-02-16T09:28:06.037Z&quot;,
                &quot;status&quot;: &quot;PENDING&quot;
            },
            {
                &quot;time&quot;: &quot;2022-02-16T09:28:06.069Z&quot;,
                &quot;status&quot;: &quot;SEND&quot;
            },
            {
                &quot;time&quot;: &quot;2022-02-16T09:28:06.107Z&quot;,
                &quot;status&quot;: &quot;DELIVERED&quot;
            },
            {
                &quot;time&quot;: &quot;2022-02-16T09:28:06.968Z&quot;,
                &quot;status&quot;: &quot;PENDING&quot;
            },
            {
                &quot;time&quot;: &quot;2022-02-16T09:28:07.002Z&quot;,
                &quot;status&quot;: &quot;SEND&quot;
            },
            {
                &quot;time&quot;: &quot;2022-02-16T09:28:07.039Z&quot;,
                &quot;status&quot;: &quot;DELIVERED&quot;
            },
            {
                &quot;time&quot;: &quot;2022-02-16T09:28:58.713Z&quot;,
                &quot;status&quot;: &quot;PENDING&quot;
            },
            {
                &quot;time&quot;: &quot;2022-02-16T09:28:58.744Z&quot;,
                &quot;status&quot;: &quot;SEND&quot;
            },
            {
                &quot;time&quot;: &quot;2022-02-16T09:28:58.782Z&quot;,
                &quot;status&quot;: &quot;DELIVERED&quot;
            },
            {
                &quot;time&quot;: &quot;2022-02-16T09:28:59.589Z&quot;,
                &quot;status&quot;: &quot;PENDING&quot;
            },
            {
                &quot;time&quot;: &quot;2022-02-16T09:28:59.620Z&quot;,
                &quot;status&quot;: &quot;SEND&quot;
            },
            {
                &quot;time&quot;: &quot;2022-02-16T09:28:59.658Z&quot;,
                &quot;status&quot;: &quot;DELIVERED&quot;
            },
            {
                &quot;time&quot;: &quot;2022-02-16T09:29:51.098Z&quot;,
                &quot;status&quot;: &quot;PENDING&quot;
            },
            {
                &quot;time&quot;: &quot;2022-02-16T09:29:51.134Z&quot;,
                &quot;status&quot;: &quot;SEND&quot;
            },
            {
                &quot;time&quot;: &quot;2022-02-16T09:29:51.171Z&quot;,
                &quot;status&quot;: &quot;DELIVERED&quot;
            },
            {
                &quot;time&quot;: &quot;2022-02-16T09:29:52.013Z&quot;,
                &quot;status&quot;: &quot;PENDING&quot;
            },
            {
                &quot;time&quot;: &quot;2022-02-16T09:29:52.047Z&quot;,
                &quot;status&quot;: &quot;SEND&quot;
            },
            {
                &quot;time&quot;: &quot;2022-02-16T09:29:52.089Z&quot;,
                &quot;status&quot;: &quot;DELIVERED&quot;
            },
            {
                &quot;time&quot;: &quot;2022-02-16T09:30:33.494Z&quot;,
                &quot;status&quot;: &quot;PENDING&quot;
            },
            {
                &quot;time&quot;: &quot;2022-02-16T09:30:33.534Z&quot;,
                &quot;status&quot;: &quot;SEND&quot;
            },
            {
                &quot;time&quot;: &quot;2022-02-16T09:30:33.571Z&quot;,
                &quot;status&quot;: &quot;DELIVERED&quot;
            },
            {
                &quot;time&quot;: &quot;2022-02-16T09:30:34.412Z&quot;,
                &quot;status&quot;: &quot;PENDING&quot;
            },
            {
                &quot;time&quot;: &quot;2022-02-16T09:30:34.453Z&quot;,
                &quot;status&quot;: &quot;SEND&quot;
            },
            {
                &quot;time&quot;: &quot;2022-02-16T09:30:34.488Z&quot;,
                &quot;status&quot;: &quot;DELIVERED&quot;
            },
            {
                &quot;time&quot;: &quot;2022-02-16T09:32:49.337Z&quot;,
                &quot;status&quot;: &quot;PENDING&quot;
            },
            {
                &quot;time&quot;: &quot;2022-02-16T09:32:49.371Z&quot;,
                &quot;status&quot;: &quot;SEND&quot;
            },
            {
                &quot;time&quot;: &quot;2022-02-16T09:32:49.408Z&quot;,
                &quot;status&quot;: &quot;DELIVERED&quot;
            },
            {
                &quot;time&quot;: &quot;2022-02-16T09:32:50.347Z&quot;,
                &quot;status&quot;: &quot;PENDING&quot;
            },
            {
                &quot;time&quot;: &quot;2022-02-16T09:32:50.382Z&quot;,
                &quot;status&quot;: &quot;SEND&quot;
            },
            {
                &quot;time&quot;: &quot;2022-02-16T09:32:50.423Z&quot;,
                &quot;status&quot;: &quot;DELIVERED&quot;
            },
            {
                &quot;time&quot;: &quot;2022-02-16T09:35:18.696Z&quot;,
                &quot;status&quot;: &quot;PENDING&quot;
            },
            {
                &quot;time&quot;: &quot;2022-02-16T09:35:18.734Z&quot;,
                &quot;status&quot;: &quot;SEND&quot;
            },
            {
                &quot;time&quot;: &quot;2022-02-16T09:35:18.769Z&quot;,
                &quot;status&quot;: &quot;DELIVERED&quot;
            },
            {
                &quot;time&quot;: &quot;2022-02-16T09:35:41.813Z&quot;,
                &quot;status&quot;: &quot;PENDING&quot;
            },
            {
                &quot;time&quot;: &quot;2022-02-16T09:35:41.852Z&quot;,
                &quot;status&quot;: &quot;SEND&quot;
            },
            {
                &quot;time&quot;: &quot;2022-02-16T09:35:41.891Z&quot;,
                &quot;status&quot;: &quot;DELIVERED&quot;
            },
            {
                &quot;time&quot;: &quot;2022-02-16T09:35:42.766Z&quot;,
                &quot;status&quot;: &quot;PENDING&quot;
            },
            {
                &quot;time&quot;: &quot;2022-02-16T09:35:42.811Z&quot;,
                &quot;status&quot;: &quot;SEND&quot;
            },
            {
                &quot;time&quot;: &quot;2022-02-16T09:35:42.849Z&quot;,
                &quot;status&quot;: &quot;DELIVERED&quot;
            },
            {
                &quot;time&quot;: &quot;2022-02-16T09:36:06.394Z&quot;,
                &quot;status&quot;: &quot;PENDING&quot;
            },
            {
                &quot;time&quot;: &quot;2022-02-16T09:36:06.432Z&quot;,
                &quot;status&quot;: &quot;SEND&quot;
            },
            {
                &quot;time&quot;: &quot;2022-02-16T09:36:06.488Z&quot;,
                &quot;status&quot;: &quot;DELIVERED&quot;
            },
            {
                &quot;time&quot;: &quot;2022-02-16T09:36:07.318Z&quot;,
                &quot;status&quot;: &quot;PENDING&quot;
            },
            {
                &quot;time&quot;: &quot;2022-02-16T09:36:07.358Z&quot;,
                &quot;status&quot;: &quot;SEND&quot;
            },
            {
                &quot;time&quot;: &quot;2022-02-16T09:36:07.393Z&quot;,
                &quot;status&quot;: &quot;DELIVERED&quot;
            },
            {
                &quot;time&quot;: &quot;2022-02-16T09:36:30.178Z&quot;,
                &quot;status&quot;: &quot;PENDING&quot;
            },
            {
                &quot;time&quot;: &quot;2022-02-16T09:36:30.210Z&quot;,
                &quot;status&quot;: &quot;SEND&quot;
            },
            {
                &quot;time&quot;: &quot;2022-02-16T09:36:30.248Z&quot;,
                &quot;status&quot;: &quot;DELIVERED&quot;
            },
            {
                &quot;time&quot;: &quot;2022-02-16T09:36:31.123Z&quot;,
                &quot;status&quot;: &quot;PENDING&quot;
            },
            {
                &quot;time&quot;: &quot;2022-02-16T09:36:31.156Z&quot;,
                &quot;status&quot;: &quot;SEND&quot;
            },
            {
                &quot;time&quot;: &quot;2022-02-16T09:36:31.207Z&quot;,
                &quot;status&quot;: &quot;DELIVERED&quot;
            },
            {
                &quot;time&quot;: &quot;2022-02-16T09:37:08.443Z&quot;,
                &quot;status&quot;: &quot;PENDING&quot;
            },
            {
                &quot;time&quot;: &quot;2022-02-16T09:37:08.481Z&quot;,
                &quot;status&quot;: &quot;SEND&quot;
            },
            {
                &quot;time&quot;: &quot;2022-02-16T09:37:08.522Z&quot;,
                &quot;status&quot;: &quot;DELIVERED&quot;
            },
            {
                &quot;time&quot;: &quot;2022-02-16T09:37:09.439Z&quot;,
                &quot;status&quot;: &quot;PENDING&quot;
            },
            {
                &quot;time&quot;: &quot;2022-02-16T09:37:09.478Z&quot;,
                &quot;status&quot;: &quot;SEND&quot;
            },
            {
                &quot;time&quot;: &quot;2022-02-16T09:37:09.516Z&quot;,
                &quot;status&quot;: &quot;DELIVERED&quot;
            },
            {
                &quot;time&quot;: &quot;2022-02-16T09:37:13.026Z&quot;,
                &quot;status&quot;: &quot;PENDING&quot;
            },
            {
                &quot;time&quot;: &quot;2022-02-16T09:37:13.068Z&quot;,
                &quot;status&quot;: &quot;SEND&quot;
            },
            {
                &quot;time&quot;: &quot;2022-02-16T09:37:13.106Z&quot;,
                &quot;status&quot;: &quot;DELIVERED&quot;
            },
            {
                &quot;time&quot;: &quot;2022-02-16T09:37:37.817Z&quot;,
                &quot;status&quot;: &quot;PENDING&quot;
            },
            {
                &quot;time&quot;: &quot;2022-02-16T09:37:37.857Z&quot;,
                &quot;status&quot;: &quot;SEND&quot;
            },
            {
                &quot;time&quot;: &quot;2022-02-16T09:37:37.893Z&quot;,
                &quot;status&quot;: &quot;DELIVERED&quot;
            },
            {
                &quot;time&quot;: &quot;2022-02-16T09:37:38.638Z&quot;,
                &quot;status&quot;: &quot;PENDING&quot;
            },
            {
                &quot;time&quot;: &quot;2022-02-16T09:37:38.675Z&quot;,
                &quot;status&quot;: &quot;SEND&quot;
            },
            {
                &quot;time&quot;: &quot;2022-02-16T09:37:38.712Z&quot;,
                &quot;status&quot;: &quot;DELIVERED&quot;
            },
            {
                &quot;time&quot;: &quot;2022-02-16T09:38:03.926Z&quot;,
                &quot;status&quot;: &quot;PENDING&quot;
            },
            {
                &quot;time&quot;: &quot;2022-02-16T09:38:03.965Z&quot;,
                &quot;status&quot;: &quot;SEND&quot;
            },
            {
                &quot;time&quot;: &quot;2022-02-16T09:38:04.001Z&quot;,
                &quot;status&quot;: &quot;DELIVERED&quot;
            },
            {
                &quot;time&quot;: &quot;2022-02-16T09:38:04.819Z&quot;,
                &quot;status&quot;: &quot;PENDING&quot;
            },
            {
                &quot;time&quot;: &quot;2022-02-16T09:38:04.864Z&quot;,
                &quot;status&quot;: &quot;SEND&quot;
            },
            {
                &quot;time&quot;: &quot;2022-02-16T09:38:04.911Z&quot;,
                &quot;status&quot;: &quot;DELIVERED&quot;
            },
            {
                &quot;time&quot;: &quot;2022-02-16T09:53:50.860Z&quot;,
                &quot;status&quot;: &quot;PENDING&quot;
            },
            {
                &quot;time&quot;: &quot;2022-02-16T09:53:50.900Z&quot;,
                &quot;status&quot;: &quot;SEND&quot;
            },
            {
                &quot;time&quot;: &quot;2022-02-16T09:53:50.939Z&quot;,
                &quot;status&quot;: &quot;DELIVERED&quot;
            },
            {
                &quot;time&quot;: &quot;2022-02-16T09:53:51.831Z&quot;,
                &quot;status&quot;: &quot;PENDING&quot;
            },
            {
                &quot;time&quot;: &quot;2022-02-16T09:53:51.869Z&quot;,
                &quot;status&quot;: &quot;SEND&quot;
            },
            {
                &quot;time&quot;: &quot;2022-02-16T09:53:51.917Z&quot;,
                &quot;status&quot;: &quot;DELIVERED&quot;
            },
            {
                &quot;time&quot;: &quot;2022-02-16T09:56:32.333Z&quot;,
                &quot;status&quot;: &quot;PENDING&quot;
            },
            {
                &quot;time&quot;: &quot;2022-02-16T09:56:32.376Z&quot;,
                &quot;status&quot;: &quot;SEND&quot;
            },
            {
                &quot;time&quot;: &quot;2022-02-16T09:56:32.413Z&quot;,
                &quot;status&quot;: &quot;DELIVERED&quot;
            },
            {
                &quot;time&quot;: &quot;2022-02-16T09:56:33.226Z&quot;,
                &quot;status&quot;: &quot;PENDING&quot;
            },
            {
                &quot;time&quot;: &quot;2022-02-16T09:56:33.279Z&quot;,
                &quot;status&quot;: &quot;SEND&quot;
            },
            {
                &quot;time&quot;: &quot;2022-02-16T09:56:33.321Z&quot;,
                &quot;status&quot;: &quot;DELIVERED&quot;
            },
            {
                &quot;time&quot;: &quot;2022-02-16T09:59:11.843Z&quot;,
                &quot;status&quot;: &quot;PENDING&quot;
            },
            {
                &quot;time&quot;: &quot;2022-02-16T09:59:11.885Z&quot;,
                &quot;status&quot;: &quot;SEND&quot;
            },
            {
                &quot;time&quot;: &quot;2022-02-16T09:59:11.929Z&quot;,
                &quot;status&quot;: &quot;DELIVERED&quot;
            },
            {
                &quot;time&quot;: &quot;2022-02-16T09:59:12.799Z&quot;,
                &quot;status&quot;: &quot;PENDING&quot;
            },
            {
                &quot;time&quot;: &quot;2022-02-16T09:59:12.857Z&quot;,
                &quot;status&quot;: &quot;SEND&quot;
            },
            {
                &quot;time&quot;: &quot;2022-02-16T09:59:12.913Z&quot;,
                &quot;status&quot;: &quot;DELIVERED&quot;
            },
            {
                &quot;time&quot;: &quot;2022-02-16T10:01:50.751Z&quot;,
                &quot;status&quot;: &quot;PENDING&quot;
            },
            {
                &quot;time&quot;: &quot;2022-02-16T10:01:50.791Z&quot;,
                &quot;status&quot;: &quot;SEND&quot;
            },
            {
                &quot;time&quot;: &quot;2022-02-16T10:01:50.828Z&quot;,
                &quot;status&quot;: &quot;DELIVERED&quot;
            },
            {
                &quot;time&quot;: &quot;2022-02-16T10:01:51.673Z&quot;,
                &quot;status&quot;: &quot;PENDING&quot;
            },
            {
                &quot;time&quot;: &quot;2022-02-16T10:01:51.713Z&quot;,
                &quot;status&quot;: &quot;SEND&quot;
            },
            {
                &quot;time&quot;: &quot;2022-02-16T10:01:51.755Z&quot;,
                &quot;status&quot;: &quot;DELIVERED&quot;
            },
            {
                &quot;time&quot;: &quot;2022-02-16T10:04:30.106Z&quot;,
                &quot;status&quot;: &quot;PENDING&quot;
            },
            {
                &quot;time&quot;: &quot;2022-02-16T10:04:30.153Z&quot;,
                &quot;status&quot;: &quot;SEND&quot;
            },
            {
                &quot;time&quot;: &quot;2022-02-16T10:04:30.200Z&quot;,
                &quot;status&quot;: &quot;DELIVERED&quot;
            },
            {
                &quot;time&quot;: &quot;2022-02-16T10:04:31.076Z&quot;,
                &quot;status&quot;: &quot;PENDING&quot;
            },
            {
                &quot;time&quot;: &quot;2022-02-16T10:04:31.122Z&quot;,
                &quot;status&quot;: &quot;SEND&quot;
            },
            {
                &quot;time&quot;: &quot;2022-02-16T10:04:31.164Z&quot;,
                &quot;status&quot;: &quot;DELIVERED&quot;
            },
            {
                &quot;time&quot;: &quot;2022-02-16T10:07:10.462Z&quot;,
                &quot;status&quot;: &quot;PENDING&quot;
            },
            {
                &quot;time&quot;: &quot;2022-02-16T10:07:10.499Z&quot;,
                &quot;status&quot;: &quot;SEND&quot;
            },
            {
                &quot;time&quot;: &quot;2022-02-16T10:07:10.537Z&quot;,
                &quot;status&quot;: &quot;DELIVERED&quot;
            },
            {
                &quot;time&quot;: &quot;2022-02-16T10:07:11.343Z&quot;,
                &quot;status&quot;: &quot;PENDING&quot;
            },
            {
                &quot;time&quot;: &quot;2022-02-16T10:07:11.380Z&quot;,
                &quot;status&quot;: &quot;SEND&quot;
            },
            {
                &quot;time&quot;: &quot;2022-02-16T10:07:11.418Z&quot;,
                &quot;status&quot;: &quot;DELIVERED&quot;
            },
            {
                &quot;time&quot;: &quot;2022-02-16T10:09:49.720Z&quot;,
                &quot;status&quot;: &quot;PENDING&quot;
            },
            {
                &quot;time&quot;: &quot;2022-02-16T10:09:49.762Z&quot;,
                &quot;status&quot;: &quot;SEND&quot;
            },
            {
                &quot;time&quot;: &quot;2022-02-16T10:09:49.803Z&quot;,
                &quot;status&quot;: &quot;DELIVERED&quot;
            },
            {
                &quot;time&quot;: &quot;2022-02-16T10:09:50.610Z&quot;,
                &quot;status&quot;: &quot;PENDING&quot;
            },
            {
                &quot;time&quot;: &quot;2022-02-16T10:09:50.651Z&quot;,
                &quot;status&quot;: &quot;SEND&quot;
            },
            {
                &quot;time&quot;: &quot;2022-02-16T10:09:50.691Z&quot;,
                &quot;status&quot;: &quot;DELIVERED&quot;
            },
            {
                &quot;time&quot;: &quot;2022-02-16T10:12:29.403Z&quot;,
                &quot;status&quot;: &quot;PENDING&quot;
            },
            {
                &quot;time&quot;: &quot;2022-02-16T10:12:29.449Z&quot;,
                &quot;status&quot;: &quot;SEND&quot;
            },
            {
                &quot;time&quot;: &quot;2022-02-16T10:12:29.494Z&quot;,
                &quot;status&quot;: &quot;DELIVERED&quot;
            },
            {
                &quot;time&quot;: &quot;2022-02-16T10:12:30.338Z&quot;,
                &quot;status&quot;: &quot;PENDING&quot;
            },
            {
                &quot;time&quot;: &quot;2022-02-16T10:12:30.379Z&quot;,
                &quot;status&quot;: &quot;SEND&quot;
            },
            {
                &quot;time&quot;: &quot;2022-02-16T10:12:30.423Z&quot;,
                &quot;status&quot;: &quot;DELIVERED&quot;
            },
            {
                &quot;time&quot;: &quot;2022-02-16T10:15:08.464Z&quot;,
                &quot;status&quot;: &quot;PENDING&quot;
            },
            {
                &quot;time&quot;: &quot;2022-02-16T10:15:08.507Z&quot;,
                &quot;status&quot;: &quot;SEND&quot;
            },
            {
                &quot;time&quot;: &quot;2022-02-16T10:15:08.549Z&quot;,
                &quot;status&quot;: &quot;DELIVERED&quot;
            },
            {
                &quot;time&quot;: &quot;2022-02-16T10:15:09.384Z&quot;,
                &quot;status&quot;: &quot;PENDING&quot;
            },
            {
                &quot;time&quot;: &quot;2022-02-16T10:15:09.428Z&quot;,
                &quot;status&quot;: &quot;SEND&quot;
            }
        ],
        &quot;status&quot;: &quot;DELIVERED&quot;
    },
    &quot;creationTime&quot;: &quot;2022-02-16T09:22:46.140Z&quot;,
    &quot;deviceId&quot;: &quot;14273295&quot;,
    &quot;deviceName&quot;: &quot;offsitec&quot;,
    &quot;self&quot;: &quot;https://t493319102.eu-latest.cumulocity.com/devicecontrol/operations/14275540&quot;,
    &quot;id&quot;: &quot;14275540&quot;,
    &quot;status&quot;: &quot;PENDING&quot;,
    &quot;c8y_LogfileRequest&quot;: {
        &quot;searchText&quot;: &quot;&quot;,
        &quot;logFile&quot;: &quot;software-management&quot;,
        &quot;dateTo&quot;: &quot;2021-11-21T18:55:49+0530&quot;,
        &quot;dateFrom&quot;: &quot;2021-11-15T18:55:49+0530&quot;,
        &quot;maximumLines&quot;: 300
    },
    &quot;description&quot;: &quot;Log file request&quot;
}
10:15:26 DEBUG Final URL of the request: https://thin-edge-io.eu-latest.cumulocity.com/devicecontrol/operations?deviceId=14273295&amp;pageSize=1&amp;revert=true&amp;dateFrom=1970-01-01T00%3A00%3A00.000Z
10:15:26 INFO  State of current operation: PENDING
10:15:26 DEBUG Final URL of the request: https://thin-edge-io.eu-latest.cumulocity.com/devicecontrol/operations?deviceId=14273295&amp;pageSize=1&amp;revert=true&amp;dateFrom=1970-01-01T00%3A00%3A00.000Z
10:15:26 DEBUG State of current operation: {
    &quot;delivery&quot;: {
        &quot;time&quot;: &quot;2022-02-16T10:15:09.472Z&quot;,
        &quot;log&quot;: [
            {
                &quot;time&quot;: &quot;2022-02-16T09:22:46.166Z&quot;,
                &quot;status&quot;: &quot;PENDING&quot;
            },
            {
                &quot;time&quot;: &quot;2022-02-16T09:22:46.185Z&quot;,
                &quot;status&quot;: &quot;SEND&quot;
            },
            {
                &quot;time&quot;: &quot;2022-02-16T09:22:46.219Z&quot;,
                &quot;status&quot;: &quot;DELIVERED&quot;
            },
            {
                &quot;time&quot;: &quot;2022-02-16T09:23:55.047Z&quot;,
                &quot;status&quot;: &quot;PENDING&quot;
            },
            {
                &quot;time&quot;: &quot;2022-02-16T09:23:55.077Z&quot;,
                &quot;status&quot;: &quot;SEND&quot;
            },
            {
                &quot;time&quot;: &quot;2022-02-16T09:23:55.114Z&quot;,
                &quot;status&quot;: &quot;DELIVERED&quot;
            },
            {
                &quot;time&quot;: &quot;2022-02-16T09:23:55.901Z&quot;,
                &quot;status&quot;: &quot;PENDING&quot;
            },
            {
                &quot;time&quot;: &quot;2022-02-16T09:23:55.930Z&quot;,
                &quot;status&quot;: &quot;SEND&quot;
            },
            {
                &quot;time&quot;: &quot;2022-02-16T09:23:55.967Z&quot;,
                &quot;status&quot;: &quot;DELIVERED&quot;
            },
            {
                &quot;time&quot;: &quot;2022-02-16T09:24:55.073Z&quot;,
                &quot;status&quot;: &quot;PENDING&quot;
            },
            {
                &quot;time&quot;: &quot;2022-02-16T09:24:55.106Z&quot;,
                &quot;status&quot;: &quot;SEND&quot;
            },
            {
                &quot;time&quot;: &quot;2022-02-16T09:24:55.144Z&quot;,
                &quot;status&quot;: &quot;DELIVERED&quot;
            },
            {
                &quot;time&quot;: &quot;2022-02-16T09:24:55.971Z&quot;,
                &quot;status&quot;: &quot;PENDING&quot;
            },
            {
                &quot;time&quot;: &quot;2022-02-16T09:24:56.008Z&quot;,
                &quot;status&quot;: &quot;SEND&quot;
            },
            {
                &quot;time&quot;: &quot;2022-02-16T09:24:56.044Z&quot;,
                &quot;status&quot;: &quot;DELIVERED&quot;
            },
            {
                &quot;time&quot;: &quot;2022-02-16T09:26:09.362Z&quot;,
                &quot;status&quot;: &quot;PENDING&quot;
            },
            {
                &quot;time&quot;: &quot;2022-02-16T09:26:09.392Z&quot;,
                &quot;status&quot;: &quot;SEND&quot;
            },
            {
                &quot;time&quot;: &quot;2022-02-16T09:26:09.428Z&quot;,
                &quot;status&quot;: &quot;DELIVERED&quot;
            },
            {
                &quot;time&quot;: &quot;2022-02-16T09:26:10.287Z&quot;,
                &quot;status&quot;: &quot;PENDING&quot;
            },
            {
                &quot;time&quot;: &quot;2022-02-16T09:26:10.317Z&quot;,
                &quot;status&quot;: &quot;SEND&quot;
            },
            {
                &quot;time&quot;: &quot;2022-02-16T09:26:10.353Z&quot;,
                &quot;status&quot;: &quot;DELIVERED&quot;
            },
            {
                &quot;time&quot;: &quot;2022-02-16T09:27:24.861Z&quot;,
                &quot;status&quot;: &quot;PENDING&quot;
            },
            {
                &quot;time&quot;: &quot;2022-02-16T09:27:24.898Z&quot;,
                &quot;status&quot;: &quot;SEND&quot;
            },
            {
                &quot;time&quot;: &quot;2022-02-16T09:27:24.935Z&quot;,
                &quot;status&quot;: &quot;DELIVERED&quot;
            },
            {
                &quot;time&quot;: &quot;2022-02-16T09:27:25.773Z&quot;,
                &quot;status&quot;: &quot;PENDING&quot;
            },
            {
                &quot;time&quot;: &quot;2022-02-16T09:27:25.812Z&quot;,
                &quot;status&quot;: &quot;SEND&quot;
            },
            {
                &quot;time&quot;: &quot;2022-02-16T09:27:25.849Z&quot;,
                &quot;status&quot;: &quot;DELIVERED&quot;
            },
            {
                &quot;time&quot;: &quot;2022-02-16T09:28:06.037Z&quot;,
                &quot;status&quot;: &quot;PENDING&quot;
            },
            {
                &quot;time&quot;: &quot;2022-02-16T09:28:06.069Z&quot;,
                &quot;status&quot;: &quot;SEND&quot;
            },
            {
                &quot;time&quot;: &quot;2022-02-16T09:28:06.107Z&quot;,
                &quot;status&quot;: &quot;DELIVERED&quot;
            },
            {
                &quot;time&quot;: &quot;2022-02-16T09:28:06.968Z&quot;,
                &quot;status&quot;: &quot;PENDING&quot;
            },
            {
                &quot;time&quot;: &quot;2022-02-16T09:28:07.002Z&quot;,
                &quot;status&quot;: &quot;SEND&quot;
            },
            {
                &quot;time&quot;: &quot;2022-02-16T09:28:07.039Z&quot;,
                &quot;status&quot;: &quot;DELIVERED&quot;
            },
            {
                &quot;time&quot;: &quot;2022-02-16T09:28:58.713Z&quot;,
                &quot;status&quot;: &quot;PENDING&quot;
            },
            {
                &quot;time&quot;: &quot;2022-02-16T09:28:58.744Z&quot;,
                &quot;status&quot;: &quot;SEND&quot;
            },
            {
                &quot;time&quot;: &quot;2022-02-16T09:28:58.782Z&quot;,
                &quot;status&quot;: &quot;DELIVERED&quot;
            },
            {
                &quot;time&quot;: &quot;2022-02-16T09:28:59.589Z&quot;,
                &quot;status&quot;: &quot;PENDING&quot;
            },
            {
                &quot;time&quot;: &quot;2022-02-16T09:28:59.620Z&quot;,
                &quot;status&quot;: &quot;SEND&quot;
            },
            {
                &quot;time&quot;: &quot;2022-02-16T09:28:59.658Z&quot;,
                &quot;status&quot;: &quot;DELIVERED&quot;
            },
            {
                &quot;time&quot;: &quot;2022-02-16T09:29:51.098Z&quot;,
                &quot;status&quot;: &quot;PENDING&quot;
            },
            {
                &quot;time&quot;: &quot;2022-02-16T09:29:51.134Z&quot;,
                &quot;status&quot;: &quot;SEND&quot;
            },
            {
                &quot;time&quot;: &quot;2022-02-16T09:29:51.171Z&quot;,
                &quot;status&quot;: &quot;DELIVERED&quot;
            },
            {
                &quot;time&quot;: &quot;2022-02-16T09:29:52.013Z&quot;,
                &quot;status&quot;: &quot;PENDING&quot;
            },
            {
                &quot;time&quot;: &quot;2022-02-16T09:29:52.047Z&quot;,
                &quot;status&quot;: &quot;SEND&quot;
            },
            {
                &quot;time&quot;: &quot;2022-02-16T09:29:52.089Z&quot;,
                &quot;status&quot;: &quot;DELIVERED&quot;
            },
            {
                &quot;time&quot;: &quot;2022-02-16T09:30:33.494Z&quot;,
                &quot;status&quot;: &quot;PENDING&quot;
            },
            {
                &quot;time&quot;: &quot;2022-02-16T09:30:33.534Z&quot;,
                &quot;status&quot;: &quot;SEND&quot;
            },
            {
                &quot;time&quot;: &quot;2022-02-16T09:30:33.571Z&quot;,
                &quot;status&quot;: &quot;DELIVERED&quot;
            },
            {
                &quot;time&quot;: &quot;2022-02-16T09:30:34.412Z&quot;,
                &quot;status&quot;: &quot;PENDING&quot;
            },
            {
                &quot;time&quot;: &quot;2022-02-16T09:30:34.453Z&quot;,
                &quot;status&quot;: &quot;SEND&quot;
            },
            {
                &quot;time&quot;: &quot;2022-02-16T09:30:34.488Z&quot;,
                &quot;status&quot;: &quot;DELIVERED&quot;
            },
            {
                &quot;time&quot;: &quot;2022-02-16T09:32:49.337Z&quot;,
                &quot;status&quot;: &quot;PENDING&quot;
            },
            {
                &quot;time&quot;: &quot;2022-02-16T09:32:49.371Z&quot;,
                &quot;status&quot;: &quot;SEND&quot;
            },
            {
                &quot;time&quot;: &quot;2022-02-16T09:32:49.408Z&quot;,
                &quot;status&quot;: &quot;DELIVERED&quot;
            },
            {
                &quot;time&quot;: &quot;2022-02-16T09:32:50.347Z&quot;,
                &quot;status&quot;: &quot;PENDING&quot;
            },
            {
                &quot;time&quot;: &quot;2022-02-16T09:32:50.382Z&quot;,
                &quot;status&quot;: &quot;SEND&quot;
            },
            {
                &quot;time&quot;: &quot;2022-02-16T09:32:50.423Z&quot;,
                &quot;status&quot;: &quot;DELIVERED&quot;
            },
            {
                &quot;time&quot;: &quot;2022-02-16T09:35:18.696Z&quot;,
                &quot;status&quot;: &quot;PENDING&quot;
            },
            {
                &quot;time&quot;: &quot;2022-02-16T09:35:18.734Z&quot;,
                &quot;status&quot;: &quot;SEND&quot;
            },
            {
                &quot;time&quot;: &quot;2022-02-16T09:35:18.769Z&quot;,
                &quot;status&quot;: &quot;DELIVERED&quot;
            },
            {
                &quot;time&quot;: &quot;2022-02-16T09:35:41.813Z&quot;,
                &quot;status&quot;: &quot;PENDING&quot;
            },
            {
                &quot;time&quot;: &quot;2022-02-16T09:35:41.852Z&quot;,
                &quot;status&quot;: &quot;SEND&quot;
            },
            {
                &quot;time&quot;: &quot;2022-02-16T09:35:41.891Z&quot;,
                &quot;status&quot;: &quot;DELIVERED&quot;
            },
            {
                &quot;time&quot;: &quot;2022-02-16T09:35:42.766Z&quot;,
                &quot;status&quot;: &quot;PENDING&quot;
            },
            {
                &quot;time&quot;: &quot;2022-02-16T09:35:42.811Z&quot;,
                &quot;status&quot;: &quot;SEND&quot;
            },
            {
                &quot;time&quot;: &quot;2022-02-16T09:35:42.849Z&quot;,
                &quot;status&quot;: &quot;DELIVERED&quot;
            },
            {
                &quot;time&quot;: &quot;2022-02-16T09:36:06.394Z&quot;,
                &quot;status&quot;: &quot;PENDING&quot;
            },
            {
                &quot;time&quot;: &quot;2022-02-16T09:36:06.432Z&quot;,
                &quot;status&quot;: &quot;SEND&quot;
            },
            {
                &quot;time&quot;: &quot;2022-02-16T09:36:06.488Z&quot;,
                &quot;status&quot;: &quot;DELIVERED&quot;
            },
            {
                &quot;time&quot;: &quot;2022-02-16T09:36:07.318Z&quot;,
                &quot;status&quot;: &quot;PENDING&quot;
            },
            {
                &quot;time&quot;: &quot;2022-02-16T09:36:07.358Z&quot;,
                &quot;status&quot;: &quot;SEND&quot;
            },
            {
                &quot;time&quot;: &quot;2022-02-16T09:36:07.393Z&quot;,
                &quot;status&quot;: &quot;DELIVERED&quot;
            },
            {
                &quot;time&quot;: &quot;2022-02-16T09:36:30.178Z&quot;,
                &quot;status&quot;: &quot;PENDING&quot;
            },
            {
                &quot;time&quot;: &quot;2022-02-16T09:36:30.210Z&quot;,
                &quot;status&quot;: &quot;SEND&quot;
            },
            {
                &quot;time&quot;: &quot;2022-02-16T09:36:30.248Z&quot;,
                &quot;status&quot;: &quot;DELIVERED&quot;
            },
            {
                &quot;time&quot;: &quot;2022-02-16T09:36:31.123Z&quot;,
                &quot;status&quot;: &quot;PENDING&quot;
            },
            {
                &quot;time&quot;: &quot;2022-02-16T09:36:31.156Z&quot;,
                &quot;status&quot;: &quot;SEND&quot;
            },
            {
                &quot;time&quot;: &quot;2022-02-16T09:36:31.207Z&quot;,
                &quot;status&quot;: &quot;DELIVERED&quot;
            },
            {
                &quot;time&quot;: &quot;2022-02-16T09:37:08.443Z&quot;,
                &quot;status&quot;: &quot;PENDING&quot;
            },
            {
                &quot;time&quot;: &quot;2022-02-16T09:37:08.481Z&quot;,
                &quot;status&quot;: &quot;SEND&quot;
            },
            {
                &quot;time&quot;: &quot;2022-02-16T09:37:08.522Z&quot;,
                &quot;status&quot;: &quot;DELIVERED&quot;
            },
            {
                &quot;time&quot;: &quot;2022-02-16T09:37:09.439Z&quot;,
                &quot;status&quot;: &quot;PENDING&quot;
            },
            {
                &quot;time&quot;: &quot;2022-02-16T09:37:09.478Z&quot;,
                &quot;status&quot;: &quot;SEND&quot;
            },
            {
                &quot;time&quot;: &quot;2022-02-16T09:37:09.516Z&quot;,
                &quot;status&quot;: &quot;DELIVERED&quot;
            },
            {
                &quot;time&quot;: &quot;2022-02-16T09:37:13.026Z&quot;,
                &quot;status&quot;: &quot;PENDING&quot;
            },
            {
                &quot;time&quot;: &quot;2022-02-16T09:37:13.068Z&quot;,
                &quot;status&quot;: &quot;SEND&quot;
            },
            {
                &quot;time&quot;: &quot;2022-02-16T09:37:13.106Z&quot;,
                &quot;status&quot;: &quot;DELIVERED&quot;
            },
            {
                &quot;time&quot;: &quot;2022-02-16T09:37:37.817Z&quot;,
                &quot;status&quot;: &quot;PENDING&quot;
            },
            {
                &quot;time&quot;: &quot;2022-02-16T09:37:37.857Z&quot;,
                &quot;status&quot;: &quot;SEND&quot;
            },
            {
                &quot;time&quot;: &quot;2022-02-16T09:37:37.893Z&quot;,
                &quot;status&quot;: &quot;DELIVERED&quot;
            },
            {
                &quot;time&quot;: &quot;2022-02-16T09:37:38.638Z&quot;,
                &quot;status&quot;: &quot;PENDING&quot;
            },
            {
                &quot;time&quot;: &quot;2022-02-16T09:37:38.675Z&quot;,
                &quot;status&quot;: &quot;SEND&quot;
            },
            {
                &quot;time&quot;: &quot;2022-02-16T09:37:38.712Z&quot;,
                &quot;status&quot;: &quot;DELIVERED&quot;
            },
            {
                &quot;time&quot;: &quot;2022-02-16T09:38:03.926Z&quot;,
                &quot;status&quot;: &quot;PENDING&quot;
            },
            {
                &quot;time&quot;: &quot;2022-02-16T09:38:03.965Z&quot;,
                &quot;status&quot;: &quot;SEND&quot;
            },
            {
                &quot;time&quot;: &quot;2022-02-16T09:38:04.001Z&quot;,
                &quot;status&quot;: &quot;DELIVERED&quot;
            },
            {
                &quot;time&quot;: &quot;2022-02-16T09:38:04.819Z&quot;,
                &quot;status&quot;: &quot;PENDING&quot;
            },
            {
                &quot;time&quot;: &quot;2022-02-16T09:38:04.864Z&quot;,
                &quot;status&quot;: &quot;SEND&quot;
            },
            {
                &quot;time&quot;: &quot;2022-02-16T09:38:04.911Z&quot;,
                &quot;status&quot;: &quot;DELIVERED&quot;
            },
            {
                &quot;time&quot;: &quot;2022-02-16T09:53:50.860Z&quot;,
                &quot;status&quot;: &quot;PENDING&quot;
            },
            {
                &quot;time&quot;: &quot;2022-02-16T09:53:50.900Z&quot;,
                &quot;status&quot;: &quot;SEND&quot;
            },
            {
                &quot;time&quot;: &quot;2022-02-16T09:53:50.939Z&quot;,
                &quot;status&quot;: &quot;DELIVERED&quot;
            },
            {
                &quot;time&quot;: &quot;2022-02-16T09:53:51.831Z&quot;,
                &quot;status&quot;: &quot;PENDING&quot;
            },
            {
                &quot;time&quot;: &quot;2022-02-16T09:53:51.869Z&quot;,
                &quot;status&quot;: &quot;SEND&quot;
            },
            {
                &quot;time&quot;: &quot;2022-02-16T09:53:51.917Z&quot;,
                &quot;status&quot;: &quot;DELIVERED&quot;
            },
            {
                &quot;time&quot;: &quot;2022-02-16T09:56:32.333Z&quot;,
                &quot;status&quot;: &quot;PENDING&quot;
            },
            {
                &quot;time&quot;: &quot;2022-02-16T09:56:32.376Z&quot;,
                &quot;status&quot;: &quot;SEND&quot;
            },
            {
                &quot;time&quot;: &quot;2022-02-16T09:56:32.413Z&quot;,
                &quot;status&quot;: &quot;DELIVERED&quot;
            },
            {
                &quot;time&quot;: &quot;2022-02-16T09:56:33.226Z&quot;,
                &quot;status&quot;: &quot;PENDING&quot;
            },
            {
                &quot;time&quot;: &quot;2022-02-16T09:56:33.279Z&quot;,
                &quot;status&quot;: &quot;SEND&quot;
            },
            {
                &quot;time&quot;: &quot;2022-02-16T09:56:33.321Z&quot;,
                &quot;status&quot;: &quot;DELIVERED&quot;
            },
            {
                &quot;time&quot;: &quot;2022-02-16T09:59:11.843Z&quot;,
                &quot;status&quot;: &quot;PENDING&quot;
            },
            {
                &quot;time&quot;: &quot;2022-02-16T09:59:11.885Z&quot;,
                &quot;status&quot;: &quot;SEND&quot;
            },
            {
                &quot;time&quot;: &quot;2022-02-16T09:59:11.929Z&quot;,
                &quot;status&quot;: &quot;DELIVERED&quot;
            },
            {
                &quot;time&quot;: &quot;2022-02-16T09:59:12.799Z&quot;,
                &quot;status&quot;: &quot;PENDING&quot;
            },
            {
                &quot;time&quot;: &quot;2022-02-16T09:59:12.857Z&quot;,
                &quot;status&quot;: &quot;SEND&quot;
            },
            {
                &quot;time&quot;: &quot;2022-02-16T09:59:12.913Z&quot;,
                &quot;status&quot;: &quot;DELIVERED&quot;
            },
            {
                &quot;time&quot;: &quot;2022-02-16T10:01:50.751Z&quot;,
                &quot;status&quot;: &quot;PENDING&quot;
            },
            {
                &quot;time&quot;: &quot;2022-02-16T10:01:50.791Z&quot;,
                &quot;status&quot;: &quot;SEND&quot;
            },
            {
                &quot;time&quot;: &quot;2022-02-16T10:01:50.828Z&quot;,
                &quot;status&quot;: &quot;DELIVERED&quot;
            },
            {
                &quot;time&quot;: &quot;2022-02-16T10:01:51.673Z&quot;,
                &quot;status&quot;: &quot;PENDING&quot;
            },
            {
                &quot;time&quot;: &quot;2022-02-16T10:01:51.713Z&quot;,
                &quot;status&quot;: &quot;SEND&quot;
            },
            {
                &quot;time&quot;: &quot;2022-02-16T10:01:51.755Z&quot;,
                &quot;status&quot;: &quot;DELIVERED&quot;
            },
            {
                &quot;time&quot;: &quot;2022-02-16T10:04:30.106Z&quot;,
                &quot;status&quot;: &quot;PENDING&quot;
            },
            {
                &quot;time&quot;: &quot;2022-02-16T10:04:30.153Z&quot;,
                &quot;status&quot;: &quot;SEND&quot;
            },
            {
                &quot;time&quot;: &quot;2022-02-16T10:04:30.200Z&quot;,
                &quot;status&quot;: &quot;DELIVERED&quot;
            },
            {
                &quot;time&quot;: &quot;2022-02-16T10:04:31.076Z&quot;,
                &quot;status&quot;: &quot;PENDING&quot;
            },
            {
                &quot;time&quot;: &quot;2022-02-16T10:04:31.122Z&quot;,
                &quot;status&quot;: &quot;SEND&quot;
            },
            {
                &quot;time&quot;: &quot;2022-02-16T10:04:31.164Z&quot;,
                &quot;status&quot;: &quot;DELIVERED&quot;
            },
            {
                &quot;time&quot;: &quot;2022-02-16T10:07:10.462Z&quot;,
                &quot;status&quot;: &quot;PENDING&quot;
            },
            {
                &quot;time&quot;: &quot;2022-02-16T10:07:10.499Z&quot;,
                &quot;status&quot;: &quot;SEND&quot;
            },
            {
                &quot;time&quot;: &quot;2022-02-16T10:07:10.537Z&quot;,
                &quot;status&quot;: &quot;DELIVERED&quot;
            },
            {
                &quot;time&quot;: &quot;2022-02-16T10:07:11.343Z&quot;,
                &quot;status&quot;: &quot;PENDING&quot;
            },
            {
                &quot;time&quot;: &quot;2022-02-16T10:07:11.380Z&quot;,
                &quot;status&quot;: &quot;SEND&quot;
            },
            {
                &quot;time&quot;: &quot;2022-02-16T10:07:11.418Z&quot;,
                &quot;status&quot;: &quot;DELIVERED&quot;
            },
            {
                &quot;time&quot;: &quot;2022-02-16T10:09:49.720Z&quot;,
                &quot;status&quot;: &quot;PENDING&quot;
            },
            {
                &quot;time&quot;: &quot;2022-02-16T10:09:49.762Z&quot;,
                &quot;status&quot;: &quot;SEND&quot;
            },
            {
                &quot;time&quot;: &quot;2022-02-16T10:09:49.803Z&quot;,
                &quot;status&quot;: &quot;DELIVERED&quot;
            },
            {
                &quot;time&quot;: &quot;2022-02-16T10:09:50.610Z&quot;,
                &quot;status&quot;: &quot;PENDING&quot;
            },
            {
                &quot;time&quot;: &quot;2022-02-16T10:09:50.651Z&quot;,
                &quot;status&quot;: &quot;SEND&quot;
            },
            {
                &quot;time&quot;: &quot;2022-02-16T10:09:50.691Z&quot;,
                &quot;status&quot;: &quot;DELIVERED&quot;
            },
            {
                &quot;time&quot;: &quot;2022-02-16T10:12:29.403Z&quot;,
                &quot;status&quot;: &quot;PENDING&quot;
            },
            {
                &quot;time&quot;: &quot;2022-02-16T10:12:29.449Z&quot;,
                &quot;status&quot;: &quot;SEND&quot;
            },
            {
                &quot;time&quot;: &quot;2022-02-16T10:12:29.494Z&quot;,
                &quot;status&quot;: &quot;DELIVERED&quot;
            },
            {
                &quot;time&quot;: &quot;2022-02-16T10:12:30.338Z&quot;,
                &quot;status&quot;: &quot;PENDING&quot;
            },
            {
                &quot;time&quot;: &quot;2022-02-16T10:12:30.379Z&quot;,
                &quot;status&quot;: &quot;SEND&quot;
            },
            {
                &quot;time&quot;: &quot;2022-02-16T10:12:30.423Z&quot;,
                &quot;status&quot;: &quot;DELIVERED&quot;
            },
            {
                &quot;time&quot;: &quot;2022-02-16T10:15:08.464Z&quot;,
                &quot;status&quot;: &quot;PENDING&quot;
            },
            {
                &quot;time&quot;: &quot;2022-02-16T10:15:08.507Z&quot;,
                &quot;status&quot;: &quot;SEND&quot;
            },
            {
                &quot;time&quot;: &quot;2022-02-16T10:15:08.549Z&quot;,
                &quot;status&quot;: &quot;DELIVERED&quot;
            },
            {
                &quot;time&quot;: &quot;2022-02-16T10:15:09.384Z&quot;,
                &quot;status&quot;: &quot;PENDING&quot;
            },
            {
                &quot;time&quot;: &quot;2022-02-16T10:15:09.428Z&quot;,
                &quot;status&quot;: &quot;SEND&quot;
            }
        ],
        &quot;status&quot;: &quot;DELIVERED&quot;
    },
    &quot;creationTime&quot;: &quot;2022-02-16T09:22:46.140Z&quot;,
    &quot;deviceId&quot;: &quot;14273295&quot;,
    &quot;deviceName&quot;: &quot;offsitec&quot;,
    &quot;self&quot;: &quot;https://t493319102.eu-latest.cumulocity.com/devicecontrol/operations/14275540&quot;,
    &quot;id&quot;: &quot;14275540&quot;,
    &quot;status&quot;: &quot;PENDING&quot;,
    &quot;c8y_LogfileRequest&quot;: {
        &quot;searchText&quot;: &quot;&quot;,
        &quot;logFile&quot;: &quot;software-management&quot;,
        &quot;dateTo&quot;: &quot;2021-11-21T18:55:49+0530&quot;,
        &quot;dateFrom&quot;: &quot;2021-11-15T18:55:49+0530&quot;,
        &quot;maximumLines&quot;: 300
    },
    &quot;description&quot;: &quot;Log file request&quot;
}
10:15:28 DEBUG Final URL of the request: https://thin-edge-io.eu-latest.cumulocity.com/devicecontrol/operations?deviceId=14273295&amp;pageSize=1&amp;revert=true&amp;dateFrom=1970-01-01T00%3A00%3A00.000Z
10:15:28 INFO  State of current operation: PENDING
10:15:28 DEBUG Final URL of the request: https://thin-edge-io.eu-latest.cumulocity.com/devicecontrol/operations?deviceId=14273295&amp;pageSize=1&amp;revert=true&amp;dateFrom=1970-01-01T00%3A00%3A00.000Z
10:15:28 DEBUG State of current operation: {
    &quot;delivery&quot;: {
        &quot;time&quot;: &quot;2022-02-16T10:15:09.472Z&quot;,
        &quot;log&quot;: [
            {
                &quot;time&quot;: &quot;2022-02-16T09:22:46.166Z&quot;,
                &quot;status&quot;: &quot;PENDING&quot;
            },
            {
                &quot;time&quot;: &quot;2022-02-16T09:22:46.185Z&quot;,
                &quot;status&quot;: &quot;SEND&quot;
            },
            {
                &quot;time&quot;: &quot;2022-02-16T09:22:46.219Z&quot;,
                &quot;status&quot;: &quot;DELIVERED&quot;
            },
            {
                &quot;time&quot;: &quot;2022-02-16T09:23:55.047Z&quot;,
                &quot;status&quot;: &quot;PENDING&quot;
            },
            {
                &quot;time&quot;: &quot;2022-02-16T09:23:55.077Z&quot;,
                &quot;status&quot;: &quot;SEND&quot;
            },
            {
                &quot;time&quot;: &quot;2022-02-16T09:23:55.114Z&quot;,
                &quot;status&quot;: &quot;DELIVERED&quot;
            },
            {
                &quot;time&quot;: &quot;2022-02-16T09:23:55.901Z&quot;,
                &quot;status&quot;: &quot;PENDING&quot;
            },
            {
                &quot;time&quot;: &quot;2022-02-16T09:23:55.930Z&quot;,
                &quot;status&quot;: &quot;SEND&quot;
            },
            {
                &quot;time&quot;: &quot;2022-02-16T09:23:55.967Z&quot;,
                &quot;status&quot;: &quot;DELIVERED&quot;
            },
            {
                &quot;time&quot;: &quot;2022-02-16T09:24:55.073Z&quot;,
                &quot;status&quot;: &quot;PENDING&quot;
            },
            {
                &quot;time&quot;: &quot;2022-02-16T09:24:55.106Z&quot;,
                &quot;status&quot;: &quot;SEND&quot;
            },
            {
                &quot;time&quot;: &quot;2022-02-16T09:24:55.144Z&quot;,
                &quot;status&quot;: &quot;DELIVERED&quot;
            },
            {
                &quot;time&quot;: &quot;2022-02-16T09:24:55.971Z&quot;,
                &quot;status&quot;: &quot;PENDING&quot;
            },
            {
                &quot;time&quot;: &quot;2022-02-16T09:24:56.008Z&quot;,
                &quot;status&quot;: &quot;SEND&quot;
            },
            {
                &quot;time&quot;: &quot;2022-02-16T09:24:56.044Z&quot;,
                &quot;status&quot;: &quot;DELIVERED&quot;
            },
            {
                &quot;time&quot;: &quot;2022-02-16T09:26:09.362Z&quot;,
                &quot;status&quot;: &quot;PENDING&quot;
            },
            {
                &quot;time&quot;: &quot;2022-02-16T09:26:09.392Z&quot;,
                &quot;status&quot;: &quot;SEND&quot;
            },
            {
                &quot;time&quot;: &quot;2022-02-16T09:26:09.428Z&quot;,
                &quot;status&quot;: &quot;DELIVERED&quot;
            },
            {
                &quot;time&quot;: &quot;2022-02-16T09:26:10.287Z&quot;,
                &quot;status&quot;: &quot;PENDING&quot;
            },
            {
                &quot;time&quot;: &quot;2022-02-16T09:26:10.317Z&quot;,
                &quot;status&quot;: &quot;SEND&quot;
            },
            {
                &quot;time&quot;: &quot;2022-02-16T09:26:10.353Z&quot;,
                &quot;status&quot;: &quot;DELIVERED&quot;
            },
            {
                &quot;time&quot;: &quot;2022-02-16T09:27:24.861Z&quot;,
                &quot;status&quot;: &quot;PENDING&quot;
            },
            {
                &quot;time&quot;: &quot;2022-02-16T09:27:24.898Z&quot;,
                &quot;status&quot;: &quot;SEND&quot;
            },
            {
                &quot;time&quot;: &quot;2022-02-16T09:27:24.935Z&quot;,
                &quot;status&quot;: &quot;DELIVERED&quot;
            },
            {
                &quot;time&quot;: &quot;2022-02-16T09:27:25.773Z&quot;,
                &quot;status&quot;: &quot;PENDING&quot;
            },
            {
                &quot;time&quot;: &quot;2022-02-16T09:27:25.812Z&quot;,
                &quot;status&quot;: &quot;SEND&quot;
            },
            {
                &quot;time&quot;: &quot;2022-02-16T09:27:25.849Z&quot;,
                &quot;status&quot;: &quot;DELIVERED&quot;
            },
            {
                &quot;time&quot;: &quot;2022-02-16T09:28:06.037Z&quot;,
                &quot;status&quot;: &quot;PENDING&quot;
            },
            {
                &quot;time&quot;: &quot;2022-02-16T09:28:06.069Z&quot;,
                &quot;status&quot;: &quot;SEND&quot;
            },
            {
                &quot;time&quot;: &quot;2022-02-16T09:28:06.107Z&quot;,
                &quot;status&quot;: &quot;DELIVERED&quot;
            },
            {
                &quot;time&quot;: &quot;2022-02-16T09:28:06.968Z&quot;,
                &quot;status&quot;: &quot;PENDING&quot;
            },
            {
                &quot;time&quot;: &quot;2022-02-16T09:28:07.002Z&quot;,
                &quot;status&quot;: &quot;SEND&quot;
            },
            {
                &quot;time&quot;: &quot;2022-02-16T09:28:07.039Z&quot;,
                &quot;status&quot;: &quot;DELIVERED&quot;
            },
            {
                &quot;time&quot;: &quot;2022-02-16T09:28:58.713Z&quot;,
                &quot;status&quot;: &quot;PENDING&quot;
            },
            {
                &quot;time&quot;: &quot;2022-02-16T09:28:58.744Z&quot;,
                &quot;status&quot;: &quot;SEND&quot;
            },
            {
                &quot;time&quot;: &quot;2022-02-16T09:28:58.782Z&quot;,
                &quot;status&quot;: &quot;DELIVERED&quot;
            },
            {
                &quot;time&quot;: &quot;2022-02-16T09:28:59.589Z&quot;,
                &quot;status&quot;: &quot;PENDING&quot;
            },
            {
                &quot;time&quot;: &quot;2022-02-16T09:28:59.620Z&quot;,
                &quot;status&quot;: &quot;SEND&quot;
            },
            {
                &quot;time&quot;: &quot;2022-02-16T09:28:59.658Z&quot;,
                &quot;status&quot;: &quot;DELIVERED&quot;
            },
            {
                &quot;time&quot;: &quot;2022-02-16T09:29:51.098Z&quot;,
                &quot;status&quot;: &quot;PENDING&quot;
            },
            {
                &quot;time&quot;: &quot;2022-02-16T09:29:51.134Z&quot;,
                &quot;status&quot;: &quot;SEND&quot;
            },
            {
                &quot;time&quot;: &quot;2022-02-16T09:29:51.171Z&quot;,
                &quot;status&quot;: &quot;DELIVERED&quot;
            },
            {
                &quot;time&quot;: &quot;2022-02-16T09:29:52.013Z&quot;,
                &quot;status&quot;: &quot;PENDING&quot;
            },
            {
                &quot;time&quot;: &quot;2022-02-16T09:29:52.047Z&quot;,
                &quot;status&quot;: &quot;SEND&quot;
            },
            {
                &quot;time&quot;: &quot;2022-02-16T09:29:52.089Z&quot;,
                &quot;status&quot;: &quot;DELIVERED&quot;
            },
            {
                &quot;time&quot;: &quot;2022-02-16T09:30:33.494Z&quot;,
                &quot;status&quot;: &quot;PENDING&quot;
            },
            {
                &quot;time&quot;: &quot;2022-02-16T09:30:33.534Z&quot;,
                &quot;status&quot;: &quot;SEND&quot;
            },
            {
                &quot;time&quot;: &quot;2022-02-16T09:30:33.571Z&quot;,
                &quot;status&quot;: &quot;DELIVERED&quot;
            },
            {
                &quot;time&quot;: &quot;2022-02-16T09:30:34.412Z&quot;,
                &quot;status&quot;: &quot;PENDING&quot;
            },
            {
                &quot;time&quot;: &quot;2022-02-16T09:30:34.453Z&quot;,
                &quot;status&quot;: &quot;SEND&quot;
            },
            {
                &quot;time&quot;: &quot;2022-02-16T09:30:34.488Z&quot;,
                &quot;status&quot;: &quot;DELIVERED&quot;
            },
            {
                &quot;time&quot;: &quot;2022-02-16T09:32:49.337Z&quot;,
                &quot;status&quot;: &quot;PENDING&quot;
            },
            {
                &quot;time&quot;: &quot;2022-02-16T09:32:49.371Z&quot;,
                &quot;status&quot;: &quot;SEND&quot;
            },
            {
                &quot;time&quot;: &quot;2022-02-16T09:32:49.408Z&quot;,
                &quot;status&quot;: &quot;DELIVERED&quot;
            },
            {
                &quot;time&quot;: &quot;2022-02-16T09:32:50.347Z&quot;,
                &quot;status&quot;: &quot;PENDING&quot;
            },
            {
                &quot;time&quot;: &quot;2022-02-16T09:32:50.382Z&quot;,
                &quot;status&quot;: &quot;SEND&quot;
            },
            {
                &quot;time&quot;: &quot;2022-02-16T09:32:50.423Z&quot;,
                &quot;status&quot;: &quot;DELIVERED&quot;
            },
            {
                &quot;time&quot;: &quot;2022-02-16T09:35:18.696Z&quot;,
                &quot;status&quot;: &quot;PENDING&quot;
            },
            {
                &quot;time&quot;: &quot;2022-02-16T09:35:18.734Z&quot;,
                &quot;status&quot;: &quot;SEND&quot;
            },
            {
                &quot;time&quot;: &quot;2022-02-16T09:35:18.769Z&quot;,
                &quot;status&quot;: &quot;DELIVERED&quot;
            },
            {
                &quot;time&quot;: &quot;2022-02-16T09:35:41.813Z&quot;,
                &quot;status&quot;: &quot;PENDING&quot;
            },
            {
                &quot;time&quot;: &quot;2022-02-16T09:35:41.852Z&quot;,
                &quot;status&quot;: &quot;SEND&quot;
            },
            {
                &quot;time&quot;: &quot;2022-02-16T09:35:41.891Z&quot;,
                &quot;status&quot;: &quot;DELIVERED&quot;
            },
            {
                &quot;time&quot;: &quot;2022-02-16T09:35:42.766Z&quot;,
                &quot;status&quot;: &quot;PENDING&quot;
            },
            {
                &quot;time&quot;: &quot;2022-02-16T09:35:42.811Z&quot;,
                &quot;status&quot;: &quot;SEND&quot;
            },
            {
                &quot;time&quot;: &quot;2022-02-16T09:35:42.849Z&quot;,
                &quot;status&quot;: &quot;DELIVERED&quot;
            },
            {
                &quot;time&quot;: &quot;2022-02-16T09:36:06.394Z&quot;,
                &quot;status&quot;: &quot;PENDING&quot;
            },
            {
                &quot;time&quot;: &quot;2022-02-16T09:36:06.432Z&quot;,
                &quot;status&quot;: &quot;SEND&quot;
            },
            {
                &quot;time&quot;: &quot;2022-02-16T09:36:06.488Z&quot;,
                &quot;status&quot;: &quot;DELIVERED&quot;
            },
            {
                &quot;time&quot;: &quot;2022-02-16T09:36:07.318Z&quot;,
                &quot;status&quot;: &quot;PENDING&quot;
            },
            {
                &quot;time&quot;: &quot;2022-02-16T09:36:07.358Z&quot;,
                &quot;status&quot;: &quot;SEND&quot;
            },
            {
                &quot;time&quot;: &quot;2022-02-16T09:36:07.393Z&quot;,
                &quot;status&quot;: &quot;DELIVERED&quot;
            },
            {
                &quot;time&quot;: &quot;2022-02-16T09:36:30.178Z&quot;,
                &quot;status&quot;: &quot;PENDING&quot;
            },
            {
                &quot;time&quot;: &quot;2022-02-16T09:36:30.210Z&quot;,
                &quot;status&quot;: &quot;SEND&quot;
            },
            {
                &quot;time&quot;: &quot;2022-02-16T09:36:30.248Z&quot;,
                &quot;status&quot;: &quot;DELIVERED&quot;
            },
            {
                &quot;time&quot;: &quot;2022-02-16T09:36:31.123Z&quot;,
                &quot;status&quot;: &quot;PENDING&quot;
            },
            {
                &quot;time&quot;: &quot;2022-02-16T09:36:31.156Z&quot;,
                &quot;status&quot;: &quot;SEND&quot;
            },
            {
                &quot;time&quot;: &quot;2022-02-16T09:36:31.207Z&quot;,
                &quot;status&quot;: &quot;DELIVERED&quot;
            },
            {
                &quot;time&quot;: &quot;2022-02-16T09:37:08.443Z&quot;,
                &quot;status&quot;: &quot;PENDING&quot;
            },
            {
                &quot;time&quot;: &quot;2022-02-16T09:37:08.481Z&quot;,
                &quot;status&quot;: &quot;SEND&quot;
            },
            {
                &quot;time&quot;: &quot;2022-02-16T09:37:08.522Z&quot;,
                &quot;status&quot;: &quot;DELIVERED&quot;
            },
            {
                &quot;time&quot;: &quot;2022-02-16T09:37:09.439Z&quot;,
                &quot;status&quot;: &quot;PENDING&quot;
            },
            {
                &quot;time&quot;: &quot;2022-02-16T09:37:09.478Z&quot;,
                &quot;status&quot;: &quot;SEND&quot;
            },
            {
                &quot;time&quot;: &quot;2022-02-16T09:37:09.516Z&quot;,
                &quot;status&quot;: &quot;DELIVERED&quot;
            },
            {
                &quot;time&quot;: &quot;2022-02-16T09:37:13.026Z&quot;,
                &quot;status&quot;: &quot;PENDING&quot;
            },
            {
                &quot;time&quot;: &quot;2022-02-16T09:37:13.068Z&quot;,
                &quot;status&quot;: &quot;SEND&quot;
            },
            {
                &quot;time&quot;: &quot;2022-02-16T09:37:13.106Z&quot;,
                &quot;status&quot;: &quot;DELIVERED&quot;
            },
            {
                &quot;time&quot;: &quot;2022-02-16T09:37:37.817Z&quot;,
                &quot;status&quot;: &quot;PENDING&quot;
            },
            {
                &quot;time&quot;: &quot;2022-02-16T09:37:37.857Z&quot;,
                &quot;status&quot;: &quot;SEND&quot;
            },
            {
                &quot;time&quot;: &quot;2022-02-16T09:37:37.893Z&quot;,
                &quot;status&quot;: &quot;DELIVERED&quot;
            },
            {
                &quot;time&quot;: &quot;2022-02-16T09:37:38.638Z&quot;,
                &quot;status&quot;: &quot;PENDING&quot;
            },
            {
                &quot;time&quot;: &quot;2022-02-16T09:37:38.675Z&quot;,
                &quot;status&quot;: &quot;SEND&quot;
            },
            {
                &quot;time&quot;: &quot;2022-02-16T09:37:38.712Z&quot;,
                &quot;status&quot;: &quot;DELIVERED&quot;
            },
            {
                &quot;time&quot;: &quot;2022-02-16T09:38:03.926Z&quot;,
                &quot;status&quot;: &quot;PENDING&quot;
            },
            {
                &quot;time&quot;: &quot;2022-02-16T09:38:03.965Z&quot;,
                &quot;status&quot;: &quot;SEND&quot;
            },
            {
                &quot;time&quot;: &quot;2022-02-16T09:38:04.001Z&quot;,
                &quot;status&quot;: &quot;DELIVERED&quot;
            },
            {
                &quot;time&quot;: &quot;2022-02-16T09:38:04.819Z&quot;,
                &quot;status&quot;: &quot;PENDING&quot;
            },
            {
                &quot;time&quot;: &quot;2022-02-16T09:38:04.864Z&quot;,
                &quot;status&quot;: &quot;SEND&quot;
            },
            {
                &quot;time&quot;: &quot;2022-02-16T09:38:04.911Z&quot;,
                &quot;status&quot;: &quot;DELIVERED&quot;
            },
            {
                &quot;time&quot;: &quot;2022-02-16T09:53:50.860Z&quot;,
                &quot;status&quot;: &quot;PENDING&quot;
            },
            {
                &quot;time&quot;: &quot;2022-02-16T09:53:50.900Z&quot;,
                &quot;status&quot;: &quot;SEND&quot;
            },
            {
                &quot;time&quot;: &quot;2022-02-16T09:53:50.939Z&quot;,
                &quot;status&quot;: &quot;DELIVERED&quot;
            },
            {
                &quot;time&quot;: &quot;2022-02-16T09:53:51.831Z&quot;,
                &quot;status&quot;: &quot;PENDING&quot;
            },
            {
                &quot;time&quot;: &quot;2022-02-16T09:53:51.869Z&quot;,
                &quot;status&quot;: &quot;SEND&quot;
            },
            {
                &quot;time&quot;: &quot;2022-02-16T09:53:51.917Z&quot;,
                &quot;status&quot;: &quot;DELIVERED&quot;
            },
            {
                &quot;time&quot;: &quot;2022-02-16T09:56:32.333Z&quot;,
                &quot;status&quot;: &quot;PENDING&quot;
            },
            {
                &quot;time&quot;: &quot;2022-02-16T09:56:32.376Z&quot;,
                &quot;status&quot;: &quot;SEND&quot;
            },
            {
                &quot;time&quot;: &quot;2022-02-16T09:56:32.413Z&quot;,
                &quot;status&quot;: &quot;DELIVERED&quot;
            },
            {
                &quot;time&quot;: &quot;2022-02-16T09:56:33.226Z&quot;,
                &quot;status&quot;: &quot;PENDING&quot;
            },
            {
                &quot;time&quot;: &quot;2022-02-16T09:56:33.279Z&quot;,
                &quot;status&quot;: &quot;SEND&quot;
            },
            {
                &quot;time&quot;: &quot;2022-02-16T09:56:33.321Z&quot;,
                &quot;status&quot;: &quot;DELIVERED&quot;
            },
            {
                &quot;time&quot;: &quot;2022-02-16T09:59:11.843Z&quot;,
                &quot;status&quot;: &quot;PENDING&quot;
            },
            {
                &quot;time&quot;: &quot;2022-02-16T09:59:11.885Z&quot;,
                &quot;status&quot;: &quot;SEND&quot;
            },
            {
                &quot;time&quot;: &quot;2022-02-16T09:59:11.929Z&quot;,
                &quot;status&quot;: &quot;DELIVERED&quot;
            },
            {
                &quot;time&quot;: &quot;2022-02-16T09:59:12.799Z&quot;,
                &quot;status&quot;: &quot;PENDING&quot;
            },
            {
                &quot;time&quot;: &quot;2022-02-16T09:59:12.857Z&quot;,
                &quot;status&quot;: &quot;SEND&quot;
            },
            {
                &quot;time&quot;: &quot;2022-02-16T09:59:12.913Z&quot;,
                &quot;status&quot;: &quot;DELIVERED&quot;
            },
            {
                &quot;time&quot;: &quot;2022-02-16T10:01:50.751Z&quot;,
                &quot;status&quot;: &quot;PENDING&quot;
            },
            {
                &quot;time&quot;: &quot;2022-02-16T10:01:50.791Z&quot;,
                &quot;status&quot;: &quot;SEND&quot;
            },
            {
                &quot;time&quot;: &quot;2022-02-16T10:01:50.828Z&quot;,
                &quot;status&quot;: &quot;DELIVERED&quot;
            },
            {
                &quot;time&quot;: &quot;2022-02-16T10:01:51.673Z&quot;,
                &quot;status&quot;: &quot;PENDING&quot;
            },
            {
                &quot;time&quot;: &quot;2022-02-16T10:01:51.713Z&quot;,
                &quot;status&quot;: &quot;SEND&quot;
            },
            {
                &quot;time&quot;: &quot;2022-02-16T10:01:51.755Z&quot;,
                &quot;status&quot;: &quot;DELIVERED&quot;
            },
            {
                &quot;time&quot;: &quot;2022-02-16T10:04:30.106Z&quot;,
                &quot;status&quot;: &quot;PENDING&quot;
            },
            {
                &quot;time&quot;: &quot;2022-02-16T10:04:30.153Z&quot;,
                &quot;status&quot;: &quot;SEND&quot;
            },
            {
                &quot;time&quot;: &quot;2022-02-16T10:04:30.200Z&quot;,
                &quot;status&quot;: &quot;DELIVERED&quot;
            },
            {
                &quot;time&quot;: &quot;2022-02-16T10:04:31.076Z&quot;,
                &quot;status&quot;: &quot;PENDING&quot;
            },
            {
                &quot;time&quot;: &quot;2022-02-16T10:04:31.122Z&quot;,
                &quot;status&quot;: &quot;SEND&quot;
            },
            {
                &quot;time&quot;: &quot;2022-02-16T10:04:31.164Z&quot;,
                &quot;status&quot;: &quot;DELIVERED&quot;
            },
            {
                &quot;time&quot;: &quot;2022-02-16T10:07:10.462Z&quot;,
                &quot;status&quot;: &quot;PENDING&quot;
            },
            {
                &quot;time&quot;: &quot;2022-02-16T10:07:10.499Z&quot;,
                &quot;status&quot;: &quot;SEND&quot;
            },
            {
                &quot;time&quot;: &quot;2022-02-16T10:07:10.537Z&quot;,
                &quot;status&quot;: &quot;DELIVERED&quot;
            },
            {
                &quot;time&quot;: &quot;2022-02-16T10:07:11.343Z&quot;,
                &quot;status&quot;: &quot;PENDING&quot;
            },
            {
                &quot;time&quot;: &quot;2022-02-16T10:07:11.380Z&quot;,
                &quot;status&quot;: &quot;SEND&quot;
            },
            {
                &quot;time&quot;: &quot;2022-02-16T10:07:11.418Z&quot;,
                &quot;status&quot;: &quot;DELIVERED&quot;
            },
            {
                &quot;time&quot;: &quot;2022-02-16T10:09:49.720Z&quot;,
                &quot;status&quot;: &quot;PENDING&quot;
            },
            {
                &quot;time&quot;: &quot;2022-02-16T10:09:49.762Z&quot;,
                &quot;status&quot;: &quot;SEND&quot;
            },
            {
                &quot;time&quot;: &quot;2022-02-16T10:09:49.803Z&quot;,
                &quot;status&quot;: &quot;DELIVERED&quot;
            },
            {
                &quot;time&quot;: &quot;2022-02-16T10:09:50.610Z&quot;,
                &quot;status&quot;: &quot;PENDING&quot;
            },
            {
                &quot;time&quot;: &quot;2022-02-16T10:09:50.651Z&quot;,
                &quot;status&quot;: &quot;SEND&quot;
            },
            {
                &quot;time&quot;: &quot;2022-02-16T10:09:50.691Z&quot;,
                &quot;status&quot;: &quot;DELIVERED&quot;
            },
            {
                &quot;time&quot;: &quot;2022-02-16T10:12:29.403Z&quot;,
                &quot;status&quot;: &quot;PENDING&quot;
            },
            {
                &quot;time&quot;: &quot;2022-02-16T10:12:29.449Z&quot;,
                &quot;status&quot;: &quot;SEND&quot;
            },
            {
                &quot;time&quot;: &quot;2022-02-16T10:12:29.494Z&quot;,
                &quot;status&quot;: &quot;DELIVERED&quot;
            },
            {
                &quot;time&quot;: &quot;2022-02-16T10:12:30.338Z&quot;,
                &quot;status&quot;: &quot;PENDING&quot;
            },
            {
                &quot;time&quot;: &quot;2022-02-16T10:12:30.379Z&quot;,
                &quot;status&quot;: &quot;SEND&quot;
            },
            {
                &quot;time&quot;: &quot;2022-02-16T10:12:30.423Z&quot;,
                &quot;status&quot;: &quot;DELIVERED&quot;
            },
            {
                &quot;time&quot;: &quot;2022-02-16T10:15:08.464Z&quot;,
                &quot;status&quot;: &quot;PENDING&quot;
            },
            {
                &quot;time&quot;: &quot;2022-02-16T10:15:08.507Z&quot;,
                &quot;status&quot;: &quot;SEND&quot;
            },
            {
                &quot;time&quot;: &quot;2022-02-16T10:15:08.549Z&quot;,
                &quot;status&quot;: &quot;DELIVERED&quot;
            },
            {
                &quot;time&quot;: &quot;2022-02-16T10:15:09.384Z&quot;,
                &quot;status&quot;: &quot;PENDING&quot;
            },
            {
                &quot;time&quot;: &quot;2022-02-16T10:15:09.428Z&quot;,
                &quot;status&quot;: &quot;SEND&quot;
            }
        ],
        &quot;status&quot;: &quot;DELIVERED&quot;
    },
    &quot;creationTime&quot;: &quot;2022-02-16T09:22:46.140Z&quot;,
    &quot;deviceId&quot;: &quot;14273295&quot;,
    &quot;deviceName&quot;: &quot;offsitec&quot;,
    &quot;self&quot;: &quot;https://t493319102.eu-latest.cumulocity.com/devicecontrol/operations/14275540&quot;,
    &quot;id&quot;: &quot;14275540&quot;,
    &quot;status&quot;: &quot;PENDING&quot;,
    &quot;c8y_LogfileRequest&quot;: {
        &quot;searchText&quot;: &quot;&quot;,
        &quot;logFile&quot;: &quot;software-management&quot;,
        &quot;dateTo&quot;: &quot;2021-11-21T18:55:49+0530&quot;,
        &quot;dateFrom&quot;: &quot;2021-11-15T18:55:49+0530&quot;,
        &quot;maximumLines&quot;: 300
    },
    &quot;description&quot;: &quot;Log file request&quot;
}
10:15:30 DEBUG Final URL of the request: https://thin-edge-io.eu-latest.cumulocity.com/devicecontrol/operations?deviceId=14273295&amp;pageSize=1&amp;revert=true&amp;dateFrom=1970-01-01T00%3A00%3A00.000Z
10:15:30 INFO  State of current operation: PENDING
10:15:30 DEBUG Final URL of the request: https://thin-edge-io.eu-latest.cumulocity.com/devicecontrol/operations?deviceId=14273295&amp;pageSize=1&amp;revert=true&amp;dateFrom=1970-01-01T00%3A00%3A00.000Z
10:15:30 DEBUG State of current operation: {
    &quot;delivery&quot;: {
        &quot;time&quot;: &quot;2022-02-16T10:15:09.472Z&quot;,
        &quot;log&quot;: [
            {
                &quot;time&quot;: &quot;2022-02-16T09:22:46.166Z&quot;,
                &quot;status&quot;: &quot;PENDING&quot;
            },
            {
                &quot;time&quot;: &quot;2022-02-16T09:22:46.185Z&quot;,
                &quot;status&quot;: &quot;SEND&quot;
            },
            {
                &quot;time&quot;: &quot;2022-02-16T09:22:46.219Z&quot;,
                &quot;status&quot;: &quot;DELIVERED&quot;
            },
            {
                &quot;time&quot;: &quot;2022-02-16T09:23:55.047Z&quot;,
                &quot;status&quot;: &quot;PENDING&quot;
            },
            {
                &quot;time&quot;: &quot;2022-02-16T09:23:55.077Z&quot;,
                &quot;status&quot;: &quot;SEND&quot;
            },
            {
                &quot;time&quot;: &quot;2022-02-16T09:23:55.114Z&quot;,
                &quot;status&quot;: &quot;DELIVERED&quot;
            },
            {
                &quot;time&quot;: &quot;2022-02-16T09:23:55.901Z&quot;,
                &quot;status&quot;: &quot;PENDING&quot;
            },
            {
                &quot;time&quot;: &quot;2022-02-16T09:23:55.930Z&quot;,
                &quot;status&quot;: &quot;SEND&quot;
            },
            {
                &quot;time&quot;: &quot;2022-02-16T09:23:55.967Z&quot;,
                &quot;status&quot;: &quot;DELIVERED&quot;
            },
            {
                &quot;time&quot;: &quot;2022-02-16T09:24:55.073Z&quot;,
                &quot;status&quot;: &quot;PENDING&quot;
            },
            {
                &quot;time&quot;: &quot;2022-02-16T09:24:55.106Z&quot;,
                &quot;status&quot;: &quot;SEND&quot;
            },
            {
                &quot;time&quot;: &quot;2022-02-16T09:24:55.144Z&quot;,
                &quot;status&quot;: &quot;DELIVERED&quot;
            },
            {
                &quot;time&quot;: &quot;2022-02-16T09:24:55.971Z&quot;,
                &quot;status&quot;: &quot;PENDING&quot;
            },
            {
                &quot;time&quot;: &quot;2022-02-16T09:24:56.008Z&quot;,
                &quot;status&quot;: &quot;SEND&quot;
            },
            {
                &quot;time&quot;: &quot;2022-02-16T09:24:56.044Z&quot;,
                &quot;status&quot;: &quot;DELIVERED&quot;
            },
            {
                &quot;time&quot;: &quot;2022-02-16T09:26:09.362Z&quot;,
                &quot;status&quot;: &quot;PENDING&quot;
            },
            {
                &quot;time&quot;: &quot;2022-02-16T09:26:09.392Z&quot;,
                &quot;status&quot;: &quot;SEND&quot;
            },
            {
                &quot;time&quot;: &quot;2022-02-16T09:26:09.428Z&quot;,
                &quot;status&quot;: &quot;DELIVERED&quot;
            },
            {
                &quot;time&quot;: &quot;2022-02-16T09:26:10.287Z&quot;,
                &quot;status&quot;: &quot;PENDING&quot;
            },
            {
                &quot;time&quot;: &quot;2022-02-16T09:26:10.317Z&quot;,
                &quot;status&quot;: &quot;SEND&quot;
            },
            {
                &quot;time&quot;: &quot;2022-02-16T09:26:10.353Z&quot;,
                &quot;status&quot;: &quot;DELIVERED&quot;
            },
            {
                &quot;time&quot;: &quot;2022-02-16T09:27:24.861Z&quot;,
                &quot;status&quot;: &quot;PENDING&quot;
            },
            {
                &quot;time&quot;: &quot;2022-02-16T09:27:24.898Z&quot;,
                &quot;status&quot;: &quot;SEND&quot;
            },
            {
                &quot;time&quot;: &quot;2022-02-16T09:27:24.935Z&quot;,
                &quot;status&quot;: &quot;DELIVERED&quot;
            },
            {
                &quot;time&quot;: &quot;2022-02-16T09:27:25.773Z&quot;,
                &quot;status&quot;: &quot;PENDING&quot;
            },
            {
                &quot;time&quot;: &quot;2022-02-16T09:27:25.812Z&quot;,
                &quot;status&quot;: &quot;SEND&quot;
            },
            {
                &quot;time&quot;: &quot;2022-02-16T09:27:25.849Z&quot;,
                &quot;status&quot;: &quot;DELIVERED&quot;
            },
            {
                &quot;time&quot;: &quot;2022-02-16T09:28:06.037Z&quot;,
                &quot;status&quot;: &quot;PENDING&quot;
            },
            {
                &quot;time&quot;: &quot;2022-02-16T09:28:06.069Z&quot;,
                &quot;status&quot;: &quot;SEND&quot;
            },
            {
                &quot;time&quot;: &quot;2022-02-16T09:28:06.107Z&quot;,
                &quot;status&quot;: &quot;DELIVERED&quot;
            },
            {
                &quot;time&quot;: &quot;2022-02-16T09:28:06.968Z&quot;,
                &quot;status&quot;: &quot;PENDING&quot;
            },
            {
                &quot;time&quot;: &quot;2022-02-16T09:28:07.002Z&quot;,
                &quot;status&quot;: &quot;SEND&quot;
            },
            {
                &quot;time&quot;: &quot;2022-02-16T09:28:07.039Z&quot;,
                &quot;status&quot;: &quot;DELIVERED&quot;
            },
            {
                &quot;time&quot;: &quot;2022-02-16T09:28:58.713Z&quot;,
                &quot;status&quot;: &quot;PENDING&quot;
            },
            {
                &quot;time&quot;: &quot;2022-02-16T09:28:58.744Z&quot;,
                &quot;status&quot;: &quot;SEND&quot;
            },
            {
                &quot;time&quot;: &quot;2022-02-16T09:28:58.782Z&quot;,
                &quot;status&quot;: &quot;DELIVERED&quot;
            },
            {
                &quot;time&quot;: &quot;2022-02-16T09:28:59.589Z&quot;,
                &quot;status&quot;: &quot;PENDING&quot;
            },
            {
                &quot;time&quot;: &quot;2022-02-16T09:28:59.620Z&quot;,
                &quot;status&quot;: &quot;SEND&quot;
            },
            {
                &quot;time&quot;: &quot;2022-02-16T09:28:59.658Z&quot;,
                &quot;status&quot;: &quot;DELIVERED&quot;
            },
            {
                &quot;time&quot;: &quot;2022-02-16T09:29:51.098Z&quot;,
                &quot;status&quot;: &quot;PENDING&quot;
            },
            {
                &quot;time&quot;: &quot;2022-02-16T09:29:51.134Z&quot;,
                &quot;status&quot;: &quot;SEND&quot;
            },
            {
                &quot;time&quot;: &quot;2022-02-16T09:29:51.171Z&quot;,
                &quot;status&quot;: &quot;DELIVERED&quot;
            },
            {
                &quot;time&quot;: &quot;2022-02-16T09:29:52.013Z&quot;,
                &quot;status&quot;: &quot;PENDING&quot;
            },
            {
                &quot;time&quot;: &quot;2022-02-16T09:29:52.047Z&quot;,
                &quot;status&quot;: &quot;SEND&quot;
            },
            {
                &quot;time&quot;: &quot;2022-02-16T09:29:52.089Z&quot;,
                &quot;status&quot;: &quot;DELIVERED&quot;
            },
            {
                &quot;time&quot;: &quot;2022-02-16T09:30:33.494Z&quot;,
                &quot;status&quot;: &quot;PENDING&quot;
            },
            {
                &quot;time&quot;: &quot;2022-02-16T09:30:33.534Z&quot;,
                &quot;status&quot;: &quot;SEND&quot;
            },
            {
                &quot;time&quot;: &quot;2022-02-16T09:30:33.571Z&quot;,
                &quot;status&quot;: &quot;DELIVERED&quot;
            },
            {
                &quot;time&quot;: &quot;2022-02-16T09:30:34.412Z&quot;,
                &quot;status&quot;: &quot;PENDING&quot;
            },
            {
                &quot;time&quot;: &quot;2022-02-16T09:30:34.453Z&quot;,
                &quot;status&quot;: &quot;SEND&quot;
            },
            {
                &quot;time&quot;: &quot;2022-02-16T09:30:34.488Z&quot;,
                &quot;status&quot;: &quot;DELIVERED&quot;
            },
            {
                &quot;time&quot;: &quot;2022-02-16T09:32:49.337Z&quot;,
                &quot;status&quot;: &quot;PENDING&quot;
            },
            {
                &quot;time&quot;: &quot;2022-02-16T09:32:49.371Z&quot;,
                &quot;status&quot;: &quot;SEND&quot;
            },
            {
                &quot;time&quot;: &quot;2022-02-16T09:32:49.408Z&quot;,
                &quot;status&quot;: &quot;DELIVERED&quot;
            },
            {
                &quot;time&quot;: &quot;2022-02-16T09:32:50.347Z&quot;,
                &quot;status&quot;: &quot;PENDING&quot;
            },
            {
                &quot;time&quot;: &quot;2022-02-16T09:32:50.382Z&quot;,
                &quot;status&quot;: &quot;SEND&quot;
            },
            {
                &quot;time&quot;: &quot;2022-02-16T09:32:50.423Z&quot;,
                &quot;status&quot;: &quot;DELIVERED&quot;
            },
            {
                &quot;time&quot;: &quot;2022-02-16T09:35:18.696Z&quot;,
                &quot;status&quot;: &quot;PENDING&quot;
            },
            {
                &quot;time&quot;: &quot;2022-02-16T09:35:18.734Z&quot;,
                &quot;status&quot;: &quot;SEND&quot;
            },
            {
                &quot;time&quot;: &quot;2022-02-16T09:35:18.769Z&quot;,
                &quot;status&quot;: &quot;DELIVERED&quot;
            },
            {
                &quot;time&quot;: &quot;2022-02-16T09:35:41.813Z&quot;,
                &quot;status&quot;: &quot;PENDING&quot;
            },
            {
                &quot;time&quot;: &quot;2022-02-16T09:35:41.852Z&quot;,
                &quot;status&quot;: &quot;SEND&quot;
            },
            {
                &quot;time&quot;: &quot;2022-02-16T09:35:41.891Z&quot;,
                &quot;status&quot;: &quot;DELIVERED&quot;
            },
            {
                &quot;time&quot;: &quot;2022-02-16T09:35:42.766Z&quot;,
                &quot;status&quot;: &quot;PENDING&quot;
            },
            {
                &quot;time&quot;: &quot;2022-02-16T09:35:42.811Z&quot;,
                &quot;status&quot;: &quot;SEND&quot;
            },
            {
                &quot;time&quot;: &quot;2022-02-16T09:35:42.849Z&quot;,
                &quot;status&quot;: &quot;DELIVERED&quot;
            },
            {
                &quot;time&quot;: &quot;2022-02-16T09:36:06.394Z&quot;,
                &quot;status&quot;: &quot;PENDING&quot;
            },
            {
                &quot;time&quot;: &quot;2022-02-16T09:36:06.432Z&quot;,
                &quot;status&quot;: &quot;SEND&quot;
            },
            {
                &quot;time&quot;: &quot;2022-02-16T09:36:06.488Z&quot;,
                &quot;status&quot;: &quot;DELIVERED&quot;
            },
            {
                &quot;time&quot;: &quot;2022-02-16T09:36:07.318Z&quot;,
                &quot;status&quot;: &quot;PENDING&quot;
            },
            {
                &quot;time&quot;: &quot;2022-02-16T09:36:07.358Z&quot;,
                &quot;status&quot;: &quot;SEND&quot;
            },
            {
                &quot;time&quot;: &quot;2022-02-16T09:36:07.393Z&quot;,
                &quot;status&quot;: &quot;DELIVERED&quot;
            },
            {
                &quot;time&quot;: &quot;2022-02-16T09:36:30.178Z&quot;,
                &quot;status&quot;: &quot;PENDING&quot;
            },
            {
                &quot;time&quot;: &quot;2022-02-16T09:36:30.210Z&quot;,
                &quot;status&quot;: &quot;SEND&quot;
            },
            {
                &quot;time&quot;: &quot;2022-02-16T09:36:30.248Z&quot;,
                &quot;status&quot;: &quot;DELIVERED&quot;
            },
            {
                &quot;time&quot;: &quot;2022-02-16T09:36:31.123Z&quot;,
                &quot;status&quot;: &quot;PENDING&quot;
            },
            {
                &quot;time&quot;: &quot;2022-02-16T09:36:31.156Z&quot;,
                &quot;status&quot;: &quot;SEND&quot;
            },
            {
                &quot;time&quot;: &quot;2022-02-16T09:36:31.207Z&quot;,
                &quot;status&quot;: &quot;DELIVERED&quot;
            },
            {
                &quot;time&quot;: &quot;2022-02-16T09:37:08.443Z&quot;,
                &quot;status&quot;: &quot;PENDING&quot;
            },
            {
                &quot;time&quot;: &quot;2022-02-16T09:37:08.481Z&quot;,
                &quot;status&quot;: &quot;SEND&quot;
            },
            {
                &quot;time&quot;: &quot;2022-02-16T09:37:08.522Z&quot;,
                &quot;status&quot;: &quot;DELIVERED&quot;
            },
            {
                &quot;time&quot;: &quot;2022-02-16T09:37:09.439Z&quot;,
                &quot;status&quot;: &quot;PENDING&quot;
            },
            {
                &quot;time&quot;: &quot;2022-02-16T09:37:09.478Z&quot;,
                &quot;status&quot;: &quot;SEND&quot;
            },
            {
                &quot;time&quot;: &quot;2022-02-16T09:37:09.516Z&quot;,
                &quot;status&quot;: &quot;DELIVERED&quot;
            },
            {
                &quot;time&quot;: &quot;2022-02-16T09:37:13.026Z&quot;,
                &quot;status&quot;: &quot;PENDING&quot;
            },
            {
                &quot;time&quot;: &quot;2022-02-16T09:37:13.068Z&quot;,
                &quot;status&quot;: &quot;SEND&quot;
            },
            {
                &quot;time&quot;: &quot;2022-02-16T09:37:13.106Z&quot;,
                &quot;status&quot;: &quot;DELIVERED&quot;
            },
            {
                &quot;time&quot;: &quot;2022-02-16T09:37:37.817Z&quot;,
                &quot;status&quot;: &quot;PENDING&quot;
            },
            {
                &quot;time&quot;: &quot;2022-02-16T09:37:37.857Z&quot;,
                &quot;status&quot;: &quot;SEND&quot;
            },
            {
                &quot;time&quot;: &quot;2022-02-16T09:37:37.893Z&quot;,
                &quot;status&quot;: &quot;DELIVERED&quot;
            },
            {
                &quot;time&quot;: &quot;2022-02-16T09:37:38.638Z&quot;,
                &quot;status&quot;: &quot;PENDING&quot;
            },
            {
                &quot;time&quot;: &quot;2022-02-16T09:37:38.675Z&quot;,
                &quot;status&quot;: &quot;SEND&quot;
            },
            {
                &quot;time&quot;: &quot;2022-02-16T09:37:38.712Z&quot;,
                &quot;status&quot;: &quot;DELIVERED&quot;
            },
            {
                &quot;time&quot;: &quot;2022-02-16T09:38:03.926Z&quot;,
                &quot;status&quot;: &quot;PENDING&quot;
            },
            {
                &quot;time&quot;: &quot;2022-02-16T09:38:03.965Z&quot;,
                &quot;status&quot;: &quot;SEND&quot;
            },
            {
                &quot;time&quot;: &quot;2022-02-16T09:38:04.001Z&quot;,
                &quot;status&quot;: &quot;DELIVERED&quot;
            },
            {
                &quot;time&quot;: &quot;2022-02-16T09:38:04.819Z&quot;,
                &quot;status&quot;: &quot;PENDING&quot;
            },
            {
                &quot;time&quot;: &quot;2022-02-16T09:38:04.864Z&quot;,
                &quot;status&quot;: &quot;SEND&quot;
            },
            {
                &quot;time&quot;: &quot;2022-02-16T09:38:04.911Z&quot;,
                &quot;status&quot;: &quot;DELIVERED&quot;
            },
            {
                &quot;time&quot;: &quot;2022-02-16T09:53:50.860Z&quot;,
                &quot;status&quot;: &quot;PENDING&quot;
            },
            {
                &quot;time&quot;: &quot;2022-02-16T09:53:50.900Z&quot;,
                &quot;status&quot;: &quot;SEND&quot;
            },
            {
                &quot;time&quot;: &quot;2022-02-16T09:53:50.939Z&quot;,
                &quot;status&quot;: &quot;DELIVERED&quot;
            },
            {
                &quot;time&quot;: &quot;2022-02-16T09:53:51.831Z&quot;,
                &quot;status&quot;: &quot;PENDING&quot;
            },
            {
                &quot;time&quot;: &quot;2022-02-16T09:53:51.869Z&quot;,
                &quot;status&quot;: &quot;SEND&quot;
            },
            {
                &quot;time&quot;: &quot;2022-02-16T09:53:51.917Z&quot;,
                &quot;status&quot;: &quot;DELIVERED&quot;
            },
            {
                &quot;time&quot;: &quot;2022-02-16T09:56:32.333Z&quot;,
                &quot;status&quot;: &quot;PENDING&quot;
            },
            {
                &quot;time&quot;: &quot;2022-02-16T09:56:32.376Z&quot;,
                &quot;status&quot;: &quot;SEND&quot;
            },
            {
                &quot;time&quot;: &quot;2022-02-16T09:56:32.413Z&quot;,
                &quot;status&quot;: &quot;DELIVERED&quot;
            },
            {
                &quot;time&quot;: &quot;2022-02-16T09:56:33.226Z&quot;,
                &quot;status&quot;: &quot;PENDING&quot;
            },
            {
                &quot;time&quot;: &quot;2022-02-16T09:56:33.279Z&quot;,
                &quot;status&quot;: &quot;SEND&quot;
            },
            {
                &quot;time&quot;: &quot;2022-02-16T09:56:33.321Z&quot;,
                &quot;status&quot;: &quot;DELIVERED&quot;
            },
            {
                &quot;time&quot;: &quot;2022-02-16T09:59:11.843Z&quot;,
                &quot;status&quot;: &quot;PENDING&quot;
            },
            {
                &quot;time&quot;: &quot;2022-02-16T09:59:11.885Z&quot;,
                &quot;status&quot;: &quot;SEND&quot;
            },
            {
                &quot;time&quot;: &quot;2022-02-16T09:59:11.929Z&quot;,
                &quot;status&quot;: &quot;DELIVERED&quot;
            },
            {
                &quot;time&quot;: &quot;2022-02-16T09:59:12.799Z&quot;,
                &quot;status&quot;: &quot;PENDING&quot;
            },
            {
                &quot;time&quot;: &quot;2022-02-16T09:59:12.857Z&quot;,
                &quot;status&quot;: &quot;SEND&quot;
            },
            {
                &quot;time&quot;: &quot;2022-02-16T09:59:12.913Z&quot;,
                &quot;status&quot;: &quot;DELIVERED&quot;
            },
            {
                &quot;time&quot;: &quot;2022-02-16T10:01:50.751Z&quot;,
                &quot;status&quot;: &quot;PENDING&quot;
            },
            {
                &quot;time&quot;: &quot;2022-02-16T10:01:50.791Z&quot;,
                &quot;status&quot;: &quot;SEND&quot;
            },
            {
                &quot;time&quot;: &quot;2022-02-16T10:01:50.828Z&quot;,
                &quot;status&quot;: &quot;DELIVERED&quot;
            },
            {
                &quot;time&quot;: &quot;2022-02-16T10:01:51.673Z&quot;,
                &quot;status&quot;: &quot;PENDING&quot;
            },
            {
                &quot;time&quot;: &quot;2022-02-16T10:01:51.713Z&quot;,
                &quot;status&quot;: &quot;SEND&quot;
            },
            {
                &quot;time&quot;: &quot;2022-02-16T10:01:51.755Z&quot;,
                &quot;status&quot;: &quot;DELIVERED&quot;
            },
            {
                &quot;time&quot;: &quot;2022-02-16T10:04:30.106Z&quot;,
                &quot;status&quot;: &quot;PENDING&quot;
            },
            {
                &quot;time&quot;: &quot;2022-02-16T10:04:30.153Z&quot;,
                &quot;status&quot;: &quot;SEND&quot;
            },
            {
                &quot;time&quot;: &quot;2022-02-16T10:04:30.200Z&quot;,
                &quot;status&quot;: &quot;DELIVERED&quot;
            },
            {
                &quot;time&quot;: &quot;2022-02-16T10:04:31.076Z&quot;,
                &quot;status&quot;: &quot;PENDING&quot;
            },
            {
                &quot;time&quot;: &quot;2022-02-16T10:04:31.122Z&quot;,
                &quot;status&quot;: &quot;SEND&quot;
            },
            {
                &quot;time&quot;: &quot;2022-02-16T10:04:31.164Z&quot;,
                &quot;status&quot;: &quot;DELIVERED&quot;
            },
            {
                &quot;time&quot;: &quot;2022-02-16T10:07:10.462Z&quot;,
                &quot;status&quot;: &quot;PENDING&quot;
            },
            {
                &quot;time&quot;: &quot;2022-02-16T10:07:10.499Z&quot;,
                &quot;status&quot;: &quot;SEND&quot;
            },
            {
                &quot;time&quot;: &quot;2022-02-16T10:07:10.537Z&quot;,
                &quot;status&quot;: &quot;DELIVERED&quot;
            },
            {
                &quot;time&quot;: &quot;2022-02-16T10:07:11.343Z&quot;,
                &quot;status&quot;: &quot;PENDING&quot;
            },
            {
                &quot;time&quot;: &quot;2022-02-16T10:07:11.380Z&quot;,
                &quot;status&quot;: &quot;SEND&quot;
            },
            {
                &quot;time&quot;: &quot;2022-02-16T10:07:11.418Z&quot;,
                &quot;status&quot;: &quot;DELIVERED&quot;
            },
            {
                &quot;time&quot;: &quot;2022-02-16T10:09:49.720Z&quot;,
                &quot;status&quot;: &quot;PENDING&quot;
            },
            {
                &quot;time&quot;: &quot;2022-02-16T10:09:49.762Z&quot;,
                &quot;status&quot;: &quot;SEND&quot;
            },
            {
                &quot;time&quot;: &quot;2022-02-16T10:09:49.803Z&quot;,
                &quot;status&quot;: &quot;DELIVERED&quot;
            },
            {
                &quot;time&quot;: &quot;2022-02-16T10:09:50.610Z&quot;,
                &quot;status&quot;: &quot;PENDING&quot;
            },
            {
                &quot;time&quot;: &quot;2022-02-16T10:09:50.651Z&quot;,
                &quot;status&quot;: &quot;SEND&quot;
            },
            {
                &quot;time&quot;: &quot;2022-02-16T10:09:50.691Z&quot;,
                &quot;status&quot;: &quot;DELIVERED&quot;
            },
            {
                &quot;time&quot;: &quot;2022-02-16T10:12:29.403Z&quot;,
                &quot;status&quot;: &quot;PENDING&quot;
            },
            {
                &quot;time&quot;: &quot;2022-02-16T10:12:29.449Z&quot;,
                &quot;status&quot;: &quot;SEND&quot;
            },
            {
                &quot;time&quot;: &quot;2022-02-16T10:12:29.494Z&quot;,
                &quot;status&quot;: &quot;DELIVERED&quot;
            },
            {
                &quot;time&quot;: &quot;2022-02-16T10:12:30.338Z&quot;,
                &quot;status&quot;: &quot;PENDING&quot;
            },
            {
                &quot;time&quot;: &quot;2022-02-16T10:12:30.379Z&quot;,
                &quot;status&quot;: &quot;SEND&quot;
            },
            {
                &quot;time&quot;: &quot;2022-02-16T10:12:30.423Z&quot;,
                &quot;status&quot;: &quot;DELIVERED&quot;
            },
            {
                &quot;time&quot;: &quot;2022-02-16T10:15:08.464Z&quot;,
                &quot;status&quot;: &quot;PENDING&quot;
            },
            {
                &quot;time&quot;: &quot;2022-02-16T10:15:08.507Z&quot;,
                &quot;status&quot;: &quot;SEND&quot;
            },
            {
                &quot;time&quot;: &quot;2022-02-16T10:15:08.549Z&quot;,
                &quot;status&quot;: &quot;DELIVERED&quot;
            },
            {
                &quot;time&quot;: &quot;2022-02-16T10:15:09.384Z&quot;,
                &quot;status&quot;: &quot;PENDING&quot;
            },
            {
                &quot;time&quot;: &quot;2022-02-16T10:15:09.428Z&quot;,
                &quot;status&quot;: &quot;SEND&quot;
            }
        ],
        &quot;status&quot;: &quot;DELIVERED&quot;
    },
    &quot;creationTime&quot;: &quot;2022-02-16T09:22:46.140Z&quot;,
    &quot;deviceId&quot;: &quot;14273295&quot;,
    &quot;deviceName&quot;: &quot;offsitec&quot;,
    &quot;self&quot;: &quot;https://t493319102.eu-latest.cumulocity.com/devicecontrol/operations/14275540&quot;,
    &quot;id&quot;: &quot;14275540&quot;,
    &quot;status&quot;: &quot;PENDING&quot;,
    &quot;c8y_LogfileRequest&quot;: {
        &quot;searchText&quot;: &quot;&quot;,
        &quot;logFile&quot;: &quot;software-management&quot;,
        &quot;dateTo&quot;: &quot;2021-11-21T18:55:49+0530&quot;,
        &quot;dateFrom&quot;: &quot;2021-11-15T18:55:49+0530&quot;,
        &quot;maximumLines&quot;: 300
    },
    &quot;description&quot;: &quot;Log file request&quot;
}
10:15:32 DEBUG Final URL of the request: https://thin-edge-io.eu-latest.cumulocity.com/devicecontrol/operations?deviceId=14273295&amp;pageSize=1&amp;revert=true&amp;dateFrom=1970-01-01T00%3A00%3A00.000Z
10:15:32 INFO  State of current operation: PENDING
10:15:32 DEBUG Final URL of the request: https://thin-edge-io.eu-latest.cumulocity.com/devicecontrol/operations?deviceId=14273295&amp;pageSize=1&amp;revert=true&amp;dateFrom=1970-01-01T00%3A00%3A00.000Z
10:15:32 DEBUG State of current operation: {
    &quot;delivery&quot;: {
        &quot;time&quot;: &quot;2022-02-16T10:15:09.472Z&quot;,
        &quot;log&quot;: [
            {
                &quot;time&quot;: &quot;2022-02-16T09:22:46.166Z&quot;,
                &quot;status&quot;: &quot;PENDING&quot;
            },
            {
                &quot;time&quot;: &quot;2022-02-16T09:22:46.185Z&quot;,
                &quot;status&quot;: &quot;SEND&quot;
            },
            {
                &quot;time&quot;: &quot;2022-02-16T09:22:46.219Z&quot;,
                &quot;status&quot;: &quot;DELIVERED&quot;
            },
            {
                &quot;time&quot;: &quot;2022-02-16T09:23:55.047Z&quot;,
                &quot;status&quot;: &quot;PENDING&quot;
            },
            {
                &quot;time&quot;: &quot;2022-02-16T09:23:55.077Z&quot;,
                &quot;status&quot;: &quot;SEND&quot;
            },
            {
                &quot;time&quot;: &quot;2022-02-16T09:23:55.114Z&quot;,
                &quot;status&quot;: &quot;DELIVERED&quot;
            },
            {
                &quot;time&quot;: &quot;2022-02-16T09:23:55.901Z&quot;,
                &quot;status&quot;: &quot;PENDING&quot;
            },
            {
                &quot;time&quot;: &quot;2022-02-16T09:23:55.930Z&quot;,
                &quot;status&quot;: &quot;SEND&quot;
            },
            {
                &quot;time&quot;: &quot;2022-02-16T09:23:55.967Z&quot;,
                &quot;status&quot;: &quot;DELIVERED&quot;
            },
            {
                &quot;time&quot;: &quot;2022-02-16T09:24:55.073Z&quot;,
                &quot;status&quot;: &quot;PENDING&quot;
            },
            {
                &quot;time&quot;: &quot;2022-02-16T09:24:55.106Z&quot;,
                &quot;status&quot;: &quot;SEND&quot;
            },
            {
                &quot;time&quot;: &quot;2022-02-16T09:24:55.144Z&quot;,
                &quot;status&quot;: &quot;DELIVERED&quot;
            },
            {
                &quot;time&quot;: &quot;2022-02-16T09:24:55.971Z&quot;,
                &quot;status&quot;: &quot;PENDING&quot;
            },
            {
                &quot;time&quot;: &quot;2022-02-16T09:24:56.008Z&quot;,
                &quot;status&quot;: &quot;SEND&quot;
            },
            {
                &quot;time&quot;: &quot;2022-02-16T09:24:56.044Z&quot;,
                &quot;status&quot;: &quot;DELIVERED&quot;
            },
            {
                &quot;time&quot;: &quot;2022-02-16T09:26:09.362Z&quot;,
                &quot;status&quot;: &quot;PENDING&quot;
            },
            {
                &quot;time&quot;: &quot;2022-02-16T09:26:09.392Z&quot;,
                &quot;status&quot;: &quot;SEND&quot;
            },
            {
                &quot;time&quot;: &quot;2022-02-16T09:26:09.428Z&quot;,
                &quot;status&quot;: &quot;DELIVERED&quot;
            },
            {
                &quot;time&quot;: &quot;2022-02-16T09:26:10.287Z&quot;,
                &quot;status&quot;: &quot;PENDING&quot;
            },
            {
                &quot;time&quot;: &quot;2022-02-16T09:26:10.317Z&quot;,
                &quot;status&quot;: &quot;SEND&quot;
            },
            {
                &quot;time&quot;: &quot;2022-02-16T09:26:10.353Z&quot;,
                &quot;status&quot;: &quot;DELIVERED&quot;
            },
            {
                &quot;time&quot;: &quot;2022-02-16T09:27:24.861Z&quot;,
                &quot;status&quot;: &quot;PENDING&quot;
            },
            {
                &quot;time&quot;: &quot;2022-02-16T09:27:24.898Z&quot;,
                &quot;status&quot;: &quot;SEND&quot;
            },
            {
                &quot;time&quot;: &quot;2022-02-16T09:27:24.935Z&quot;,
                &quot;status&quot;: &quot;DELIVERED&quot;
            },
            {
                &quot;time&quot;: &quot;2022-02-16T09:27:25.773Z&quot;,
                &quot;status&quot;: &quot;PENDING&quot;
            },
            {
                &quot;time&quot;: &quot;2022-02-16T09:27:25.812Z&quot;,
                &quot;status&quot;: &quot;SEND&quot;
            },
            {
                &quot;time&quot;: &quot;2022-02-16T09:27:25.849Z&quot;,
                &quot;status&quot;: &quot;DELIVERED&quot;
            },
            {
                &quot;time&quot;: &quot;2022-02-16T09:28:06.037Z&quot;,
                &quot;status&quot;: &quot;PENDING&quot;
            },
            {
                &quot;time&quot;: &quot;2022-02-16T09:28:06.069Z&quot;,
                &quot;status&quot;: &quot;SEND&quot;
            },
            {
                &quot;time&quot;: &quot;2022-02-16T09:28:06.107Z&quot;,
                &quot;status&quot;: &quot;DELIVERED&quot;
            },
            {
                &quot;time&quot;: &quot;2022-02-16T09:28:06.968Z&quot;,
                &quot;status&quot;: &quot;PENDING&quot;
            },
            {
                &quot;time&quot;: &quot;2022-02-16T09:28:07.002Z&quot;,
                &quot;status&quot;: &quot;SEND&quot;
            },
            {
                &quot;time&quot;: &quot;2022-02-16T09:28:07.039Z&quot;,
                &quot;status&quot;: &quot;DELIVERED&quot;
            },
            {
                &quot;time&quot;: &quot;2022-02-16T09:28:58.713Z&quot;,
                &quot;status&quot;: &quot;PENDING&quot;
            },
            {
                &quot;time&quot;: &quot;2022-02-16T09:28:58.744Z&quot;,
                &quot;status&quot;: &quot;SEND&quot;
            },
            {
                &quot;time&quot;: &quot;2022-02-16T09:28:58.782Z&quot;,
                &quot;status&quot;: &quot;DELIVERED&quot;
            },
            {
                &quot;time&quot;: &quot;2022-02-16T09:28:59.589Z&quot;,
                &quot;status&quot;: &quot;PENDING&quot;
            },
            {
                &quot;time&quot;: &quot;2022-02-16T09:28:59.620Z&quot;,
                &quot;status&quot;: &quot;SEND&quot;
            },
            {
                &quot;time&quot;: &quot;2022-02-16T09:28:59.658Z&quot;,
                &quot;status&quot;: &quot;DELIVERED&quot;
            },
            {
                &quot;time&quot;: &quot;2022-02-16T09:29:51.098Z&quot;,
                &quot;status&quot;: &quot;PENDING&quot;
            },
            {
                &quot;time&quot;: &quot;2022-02-16T09:29:51.134Z&quot;,
                &quot;status&quot;: &quot;SEND&quot;
            },
            {
                &quot;time&quot;: &quot;2022-02-16T09:29:51.171Z&quot;,
                &quot;status&quot;: &quot;DELIVERED&quot;
            },
            {
                &quot;time&quot;: &quot;2022-02-16T09:29:52.013Z&quot;,
                &quot;status&quot;: &quot;PENDING&quot;
            },
            {
                &quot;time&quot;: &quot;2022-02-16T09:29:52.047Z&quot;,
                &quot;status&quot;: &quot;SEND&quot;
            },
            {
                &quot;time&quot;: &quot;2022-02-16T09:29:52.089Z&quot;,
                &quot;status&quot;: &quot;DELIVERED&quot;
            },
            {
                &quot;time&quot;: &quot;2022-02-16T09:30:33.494Z&quot;,
                &quot;status&quot;: &quot;PENDING&quot;
            },
            {
                &quot;time&quot;: &quot;2022-02-16T09:30:33.534Z&quot;,
                &quot;status&quot;: &quot;SEND&quot;
            },
            {
                &quot;time&quot;: &quot;2022-02-16T09:30:33.571Z&quot;,
                &quot;status&quot;: &quot;DELIVERED&quot;
            },
            {
                &quot;time&quot;: &quot;2022-02-16T09:30:34.412Z&quot;,
                &quot;status&quot;: &quot;PENDING&quot;
            },
            {
                &quot;time&quot;: &quot;2022-02-16T09:30:34.453Z&quot;,
                &quot;status&quot;: &quot;SEND&quot;
            },
            {
                &quot;time&quot;: &quot;2022-02-16T09:30:34.488Z&quot;,
                &quot;status&quot;: &quot;DELIVERED&quot;
            },
            {
                &quot;time&quot;: &quot;2022-02-16T09:32:49.337Z&quot;,
                &quot;status&quot;: &quot;PENDING&quot;
            },
            {
                &quot;time&quot;: &quot;2022-02-16T09:32:49.371Z&quot;,
                &quot;status&quot;: &quot;SEND&quot;
            },
            {
                &quot;time&quot;: &quot;2022-02-16T09:32:49.408Z&quot;,
                &quot;status&quot;: &quot;DELIVERED&quot;
            },
            {
                &quot;time&quot;: &quot;2022-02-16T09:32:50.347Z&quot;,
                &quot;status&quot;: &quot;PENDING&quot;
            },
            {
                &quot;time&quot;: &quot;2022-02-16T09:32:50.382Z&quot;,
                &quot;status&quot;: &quot;SEND&quot;
            },
            {
                &quot;time&quot;: &quot;2022-02-16T09:32:50.423Z&quot;,
                &quot;status&quot;: &quot;DELIVERED&quot;
            },
            {
                &quot;time&quot;: &quot;2022-02-16T09:35:18.696Z&quot;,
                &quot;status&quot;: &quot;PENDING&quot;
            },
            {
                &quot;time&quot;: &quot;2022-02-16T09:35:18.734Z&quot;,
                &quot;status&quot;: &quot;SEND&quot;
            },
            {
                &quot;time&quot;: &quot;2022-02-16T09:35:18.769Z&quot;,
                &quot;status&quot;: &quot;DELIVERED&quot;
            },
            {
                &quot;time&quot;: &quot;2022-02-16T09:35:41.813Z&quot;,
                &quot;status&quot;: &quot;PENDING&quot;
            },
            {
                &quot;time&quot;: &quot;2022-02-16T09:35:41.852Z&quot;,
                &quot;status&quot;: &quot;SEND&quot;
            },
            {
                &quot;time&quot;: &quot;2022-02-16T09:35:41.891Z&quot;,
                &quot;status&quot;: &quot;DELIVERED&quot;
            },
            {
                &quot;time&quot;: &quot;2022-02-16T09:35:42.766Z&quot;,
                &quot;status&quot;: &quot;PENDING&quot;
            },
            {
                &quot;time&quot;: &quot;2022-02-16T09:35:42.811Z&quot;,
                &quot;status&quot;: &quot;SEND&quot;
            },
            {
                &quot;time&quot;: &quot;2022-02-16T09:35:42.849Z&quot;,
                &quot;status&quot;: &quot;DELIVERED&quot;
            },
            {
                &quot;time&quot;: &quot;2022-02-16T09:36:06.394Z&quot;,
                &quot;status&quot;: &quot;PENDING&quot;
            },
            {
                &quot;time&quot;: &quot;2022-02-16T09:36:06.432Z&quot;,
                &quot;status&quot;: &quot;SEND&quot;
            },
            {
                &quot;time&quot;: &quot;2022-02-16T09:36:06.488Z&quot;,
                &quot;status&quot;: &quot;DELIVERED&quot;
            },
            {
                &quot;time&quot;: &quot;2022-02-16T09:36:07.318Z&quot;,
                &quot;status&quot;: &quot;PENDING&quot;
            },
            {
                &quot;time&quot;: &quot;2022-02-16T09:36:07.358Z&quot;,
                &quot;status&quot;: &quot;SEND&quot;
            },
            {
                &quot;time&quot;: &quot;2022-02-16T09:36:07.393Z&quot;,
                &quot;status&quot;: &quot;DELIVERED&quot;
            },
            {
                &quot;time&quot;: &quot;2022-02-16T09:36:30.178Z&quot;,
                &quot;status&quot;: &quot;PENDING&quot;
            },
            {
                &quot;time&quot;: &quot;2022-02-16T09:36:30.210Z&quot;,
                &quot;status&quot;: &quot;SEND&quot;
            },
            {
                &quot;time&quot;: &quot;2022-02-16T09:36:30.248Z&quot;,
                &quot;status&quot;: &quot;DELIVERED&quot;
            },
            {
                &quot;time&quot;: &quot;2022-02-16T09:36:31.123Z&quot;,
                &quot;status&quot;: &quot;PENDING&quot;
            },
            {
                &quot;time&quot;: &quot;2022-02-16T09:36:31.156Z&quot;,
                &quot;status&quot;: &quot;SEND&quot;
            },
            {
                &quot;time&quot;: &quot;2022-02-16T09:36:31.207Z&quot;,
                &quot;status&quot;: &quot;DELIVERED&quot;
            },
            {
                &quot;time&quot;: &quot;2022-02-16T09:37:08.443Z&quot;,
                &quot;status&quot;: &quot;PENDING&quot;
            },
            {
                &quot;time&quot;: &quot;2022-02-16T09:37:08.481Z&quot;,
                &quot;status&quot;: &quot;SEND&quot;
            },
            {
                &quot;time&quot;: &quot;2022-02-16T09:37:08.522Z&quot;,
                &quot;status&quot;: &quot;DELIVERED&quot;
            },
            {
                &quot;time&quot;: &quot;2022-02-16T09:37:09.439Z&quot;,
                &quot;status&quot;: &quot;PENDING&quot;
            },
            {
                &quot;time&quot;: &quot;2022-02-16T09:37:09.478Z&quot;,
                &quot;status&quot;: &quot;SEND&quot;
            },
            {
                &quot;time&quot;: &quot;2022-02-16T09:37:09.516Z&quot;,
                &quot;status&quot;: &quot;DELIVERED&quot;
            },
            {
                &quot;time&quot;: &quot;2022-02-16T09:37:13.026Z&quot;,
                &quot;status&quot;: &quot;PENDING&quot;
            },
            {
                &quot;time&quot;: &quot;2022-02-16T09:37:13.068Z&quot;,
                &quot;status&quot;: &quot;SEND&quot;
            },
            {
                &quot;time&quot;: &quot;2022-02-16T09:37:13.106Z&quot;,
                &quot;status&quot;: &quot;DELIVERED&quot;
            },
            {
                &quot;time&quot;: &quot;2022-02-16T09:37:37.817Z&quot;,
                &quot;status&quot;: &quot;PENDING&quot;
            },
            {
                &quot;time&quot;: &quot;2022-02-16T09:37:37.857Z&quot;,
                &quot;status&quot;: &quot;SEND&quot;
            },
            {
                &quot;time&quot;: &quot;2022-02-16T09:37:37.893Z&quot;,
                &quot;status&quot;: &quot;DELIVERED&quot;
            },
            {
                &quot;time&quot;: &quot;2022-02-16T09:37:38.638Z&quot;,
                &quot;status&quot;: &quot;PENDING&quot;
            },
            {
                &quot;time&quot;: &quot;2022-02-16T09:37:38.675Z&quot;,
                &quot;status&quot;: &quot;SEND&quot;
            },
            {
                &quot;time&quot;: &quot;2022-02-16T09:37:38.712Z&quot;,
                &quot;status&quot;: &quot;DELIVERED&quot;
            },
            {
                &quot;time&quot;: &quot;2022-02-16T09:38:03.926Z&quot;,
                &quot;status&quot;: &quot;PENDING&quot;
            },
            {
                &quot;time&quot;: &quot;2022-02-16T09:38:03.965Z&quot;,
                &quot;status&quot;: &quot;SEND&quot;
            },
            {
                &quot;time&quot;: &quot;2022-02-16T09:38:04.001Z&quot;,
                &quot;status&quot;: &quot;DELIVERED&quot;
            },
            {
                &quot;time&quot;: &quot;2022-02-16T09:38:04.819Z&quot;,
                &quot;status&quot;: &quot;PENDING&quot;
            },
            {
                &quot;time&quot;: &quot;2022-02-16T09:38:04.864Z&quot;,
                &quot;status&quot;: &quot;SEND&quot;
            },
            {
                &quot;time&quot;: &quot;2022-02-16T09:38:04.911Z&quot;,
                &quot;status&quot;: &quot;DELIVERED&quot;
            },
            {
                &quot;time&quot;: &quot;2022-02-16T09:53:50.860Z&quot;,
                &quot;status&quot;: &quot;PENDING&quot;
            },
            {
                &quot;time&quot;: &quot;2022-02-16T09:53:50.900Z&quot;,
                &quot;status&quot;: &quot;SEND&quot;
            },
            {
                &quot;time&quot;: &quot;2022-02-16T09:53:50.939Z&quot;,
                &quot;status&quot;: &quot;DELIVERED&quot;
            },
            {
                &quot;time&quot;: &quot;2022-02-16T09:53:51.831Z&quot;,
                &quot;status&quot;: &quot;PENDING&quot;
            },
            {
                &quot;time&quot;: &quot;2022-02-16T09:53:51.869Z&quot;,
                &quot;status&quot;: &quot;SEND&quot;
            },
            {
                &quot;time&quot;: &quot;2022-02-16T09:53:51.917Z&quot;,
                &quot;status&quot;: &quot;DELIVERED&quot;
            },
            {
                &quot;time&quot;: &quot;2022-02-16T09:56:32.333Z&quot;,
                &quot;status&quot;: &quot;PENDING&quot;
            },
            {
                &quot;time&quot;: &quot;2022-02-16T09:56:32.376Z&quot;,
                &quot;status&quot;: &quot;SEND&quot;
            },
            {
                &quot;time&quot;: &quot;2022-02-16T09:56:32.413Z&quot;,
                &quot;status&quot;: &quot;DELIVERED&quot;
            },
            {
                &quot;time&quot;: &quot;2022-02-16T09:56:33.226Z&quot;,
                &quot;status&quot;: &quot;PENDING&quot;
            },
            {
                &quot;time&quot;: &quot;2022-02-16T09:56:33.279Z&quot;,
                &quot;status&quot;: &quot;SEND&quot;
            },
            {
                &quot;time&quot;: &quot;2022-02-16T09:56:33.321Z&quot;,
                &quot;status&quot;: &quot;DELIVERED&quot;
            },
            {
                &quot;time&quot;: &quot;2022-02-16T09:59:11.843Z&quot;,
                &quot;status&quot;: &quot;PENDING&quot;
            },
            {
                &quot;time&quot;: &quot;2022-02-16T09:59:11.885Z&quot;,
                &quot;status&quot;: &quot;SEND&quot;
            },
            {
                &quot;time&quot;: &quot;2022-02-16T09:59:11.929Z&quot;,
                &quot;status&quot;: &quot;DELIVERED&quot;
            },
            {
                &quot;time&quot;: &quot;2022-02-16T09:59:12.799Z&quot;,
                &quot;status&quot;: &quot;PENDING&quot;
            },
            {
                &quot;time&quot;: &quot;2022-02-16T09:59:12.857Z&quot;,
                &quot;status&quot;: &quot;SEND&quot;
            },
            {
                &quot;time&quot;: &quot;2022-02-16T09:59:12.913Z&quot;,
                &quot;status&quot;: &quot;DELIVERED&quot;
            },
            {
                &quot;time&quot;: &quot;2022-02-16T10:01:50.751Z&quot;,
                &quot;status&quot;: &quot;PENDING&quot;
            },
            {
                &quot;time&quot;: &quot;2022-02-16T10:01:50.791Z&quot;,
                &quot;status&quot;: &quot;SEND&quot;
            },
            {
                &quot;time&quot;: &quot;2022-02-16T10:01:50.828Z&quot;,
                &quot;status&quot;: &quot;DELIVERED&quot;
            },
            {
                &quot;time&quot;: &quot;2022-02-16T10:01:51.673Z&quot;,
                &quot;status&quot;: &quot;PENDING&quot;
            },
            {
                &quot;time&quot;: &quot;2022-02-16T10:01:51.713Z&quot;,
                &quot;status&quot;: &quot;SEND&quot;
            },
            {
                &quot;time&quot;: &quot;2022-02-16T10:01:51.755Z&quot;,
                &quot;status&quot;: &quot;DELIVERED&quot;
            },
            {
                &quot;time&quot;: &quot;2022-02-16T10:04:30.106Z&quot;,
                &quot;status&quot;: &quot;PENDING&quot;
            },
            {
                &quot;time&quot;: &quot;2022-02-16T10:04:30.153Z&quot;,
                &quot;status&quot;: &quot;SEND&quot;
            },
            {
                &quot;time&quot;: &quot;2022-02-16T10:04:30.200Z&quot;,
                &quot;status&quot;: &quot;DELIVERED&quot;
            },
            {
                &quot;time&quot;: &quot;2022-02-16T10:04:31.076Z&quot;,
                &quot;status&quot;: &quot;PENDING&quot;
            },
            {
                &quot;time&quot;: &quot;2022-02-16T10:04:31.122Z&quot;,
                &quot;status&quot;: &quot;SEND&quot;
            },
            {
                &quot;time&quot;: &quot;2022-02-16T10:04:31.164Z&quot;,
                &quot;status&quot;: &quot;DELIVERED&quot;
            },
            {
                &quot;time&quot;: &quot;2022-02-16T10:07:10.462Z&quot;,
                &quot;status&quot;: &quot;PENDING&quot;
            },
            {
                &quot;time&quot;: &quot;2022-02-16T10:07:10.499Z&quot;,
                &quot;status&quot;: &quot;SEND&quot;
            },
            {
                &quot;time&quot;: &quot;2022-02-16T10:07:10.537Z&quot;,
                &quot;status&quot;: &quot;DELIVERED&quot;
            },
            {
                &quot;time&quot;: &quot;2022-02-16T10:07:11.343Z&quot;,
                &quot;status&quot;: &quot;PENDING&quot;
            },
            {
                &quot;time&quot;: &quot;2022-02-16T10:07:11.380Z&quot;,
                &quot;status&quot;: &quot;SEND&quot;
            },
            {
                &quot;time&quot;: &quot;2022-02-16T10:07:11.418Z&quot;,
                &quot;status&quot;: &quot;DELIVERED&quot;
            },
            {
                &quot;time&quot;: &quot;2022-02-16T10:09:49.720Z&quot;,
                &quot;status&quot;: &quot;PENDING&quot;
            },
            {
                &quot;time&quot;: &quot;2022-02-16T10:09:49.762Z&quot;,
                &quot;status&quot;: &quot;SEND&quot;
            },
            {
                &quot;time&quot;: &quot;2022-02-16T10:09:49.803Z&quot;,
                &quot;status&quot;: &quot;DELIVERED&quot;
            },
            {
                &quot;time&quot;: &quot;2022-02-16T10:09:50.610Z&quot;,
                &quot;status&quot;: &quot;PENDING&quot;
            },
            {
                &quot;time&quot;: &quot;2022-02-16T10:09:50.651Z&quot;,
                &quot;status&quot;: &quot;SEND&quot;
            },
            {
                &quot;time&quot;: &quot;2022-02-16T10:09:50.691Z&quot;,
                &quot;status&quot;: &quot;DELIVERED&quot;
            },
            {
                &quot;time&quot;: &quot;2022-02-16T10:12:29.403Z&quot;,
                &quot;status&quot;: &quot;PENDING&quot;
            },
            {
                &quot;time&quot;: &quot;2022-02-16T10:12:29.449Z&quot;,
                &quot;status&quot;: &quot;SEND&quot;
            },
            {
                &quot;time&quot;: &quot;2022-02-16T10:12:29.494Z&quot;,
                &quot;status&quot;: &quot;DELIVERED&quot;
            },
            {
                &quot;time&quot;: &quot;2022-02-16T10:12:30.338Z&quot;,
                &quot;status&quot;: &quot;PENDING&quot;
            },
            {
                &quot;time&quot;: &quot;2022-02-16T10:12:30.379Z&quot;,
                &quot;status&quot;: &quot;SEND&quot;
            },
            {
                &quot;time&quot;: &quot;2022-02-16T10:12:30.423Z&quot;,
                &quot;status&quot;: &quot;DELIVERED&quot;
            },
            {
                &quot;time&quot;: &quot;2022-02-16T10:15:08.464Z&quot;,
                &quot;status&quot;: &quot;PENDING&quot;
            },
            {
                &quot;time&quot;: &quot;2022-02-16T10:15:08.507Z&quot;,
                &quot;status&quot;: &quot;SEND&quot;
            },
            {
                &quot;time&quot;: &quot;2022-02-16T10:15:08.549Z&quot;,
                &quot;status&quot;: &quot;DELIVERED&quot;
            },
            {
                &quot;time&quot;: &quot;2022-02-16T10:15:09.384Z&quot;,
                &quot;status&quot;: &quot;PENDING&quot;
            },
            {
                &quot;time&quot;: &quot;2022-02-16T10:15:09.428Z&quot;,
                &quot;status&quot;: &quot;SEND&quot;
            }
        ],
        &quot;status&quot;: &quot;DELIVERED&quot;
    },
    &quot;creationTime&quot;: &quot;2022-02-16T09:22:46.140Z&quot;,
    &quot;deviceId&quot;: &quot;14273295&quot;,
    &quot;deviceName&quot;: &quot;offsitec&quot;,
    &quot;self&quot;: &quot;https://t493319102.eu-latest.cumulocity.com/devicecontrol/operations/14275540&quot;,
    &quot;id&quot;: &quot;14275540&quot;,
    &quot;status&quot;: &quot;PENDING&quot;,
    &quot;c8y_LogfileRequest&quot;: {
        &quot;searchText&quot;: &quot;&quot;,
        &quot;logFile&quot;: &quot;software-management&quot;,
        &quot;dateTo&quot;: &quot;2021-11-21T18:55:49+0530&quot;,
        &quot;dateFrom&quot;: &quot;2021-11-15T18:55:49+0530&quot;,
        &quot;maximumLines&quot;: 300
    },
    &quot;description&quot;: &quot;Log file request&quot;
}
10:15:35 DEBUG Final URL of the request: https://thin-edge-io.eu-latest.cumulocity.com/devicecontrol/operations?deviceId=14273295&amp;pageSize=1&amp;revert=true&amp;dateFrom=1970-01-01T00%3A00%3A00.000Z
10:15:35 INFO  State of current operation: PENDING
10:15:35 DEBUG Final URL of the request: https://thin-edge-io.eu-latest.cumulocity.com/devicecontrol/operations?deviceId=14273295&amp;pageSize=1&amp;revert=true&amp;dateFrom=1970-01-01T00%3A00%3A00.000Z
10:15:35 DEBUG State of current operation: {
    &quot;delivery&quot;: {
        &quot;time&quot;: &quot;2022-02-16T10:15:09.472Z&quot;,
        &quot;log&quot;: [
            {
                &quot;time&quot;: &quot;2022-02-16T09:22:46.166Z&quot;,
                &quot;status&quot;: &quot;PENDING&quot;
            },
            {
                &quot;time&quot;: &quot;2022-02-16T09:22:46.185Z&quot;,
                &quot;status&quot;: &quot;SEND&quot;
            },
            {
                &quot;time&quot;: &quot;2022-02-16T09:22:46.219Z&quot;,
                &quot;status&quot;: &quot;DELIVERED&quot;
            },
            {
                &quot;time&quot;: &quot;2022-02-16T09:23:55.047Z&quot;,
                &quot;status&quot;: &quot;PENDING&quot;
            },
            {
                &quot;time&quot;: &quot;2022-02-16T09:23:55.077Z&quot;,
                &quot;status&quot;: &quot;SEND&quot;
            },
            {
                &quot;time&quot;: &quot;2022-02-16T09:23:55.114Z&quot;,
                &quot;status&quot;: &quot;DELIVERED&quot;
            },
            {
                &quot;time&quot;: &quot;2022-02-16T09:23:55.901Z&quot;,
                &quot;status&quot;: &quot;PENDING&quot;
            },
            {
                &quot;time&quot;: &quot;2022-02-16T09:23:55.930Z&quot;,
                &quot;status&quot;: &quot;SEND&quot;
            },
            {
                &quot;time&quot;: &quot;2022-02-16T09:23:55.967Z&quot;,
                &quot;status&quot;: &quot;DELIVERED&quot;
            },
            {
                &quot;time&quot;: &quot;2022-02-16T09:24:55.073Z&quot;,
                &quot;status&quot;: &quot;PENDING&quot;
            },
            {
                &quot;time&quot;: &quot;2022-02-16T09:24:55.106Z&quot;,
                &quot;status&quot;: &quot;SEND&quot;
            },
            {
                &quot;time&quot;: &quot;2022-02-16T09:24:55.144Z&quot;,
                &quot;status&quot;: &quot;DELIVERED&quot;
            },
            {
                &quot;time&quot;: &quot;2022-02-16T09:24:55.971Z&quot;,
                &quot;status&quot;: &quot;PENDING&quot;
            },
            {
                &quot;time&quot;: &quot;2022-02-16T09:24:56.008Z&quot;,
                &quot;status&quot;: &quot;SEND&quot;
            },
            {
                &quot;time&quot;: &quot;2022-02-16T09:24:56.044Z&quot;,
                &quot;status&quot;: &quot;DELIVERED&quot;
            },
            {
                &quot;time&quot;: &quot;2022-02-16T09:26:09.362Z&quot;,
                &quot;status&quot;: &quot;PENDING&quot;
            },
            {
                &quot;time&quot;: &quot;2022-02-16T09:26:09.392Z&quot;,
                &quot;status&quot;: &quot;SEND&quot;
            },
            {
                &quot;time&quot;: &quot;2022-02-16T09:26:09.428Z&quot;,
                &quot;status&quot;: &quot;DELIVERED&quot;
            },
            {
                &quot;time&quot;: &quot;2022-02-16T09:26:10.287Z&quot;,
                &quot;status&quot;: &quot;PENDING&quot;
            },
            {
                &quot;time&quot;: &quot;2022-02-16T09:26:10.317Z&quot;,
                &quot;status&quot;: &quot;SEND&quot;
            },
            {
                &quot;time&quot;: &quot;2022-02-16T09:26:10.353Z&quot;,
                &quot;status&quot;: &quot;DELIVERED&quot;
            },
            {
                &quot;time&quot;: &quot;2022-02-16T09:27:24.861Z&quot;,
                &quot;status&quot;: &quot;PENDING&quot;
            },
            {
                &quot;time&quot;: &quot;2022-02-16T09:27:24.898Z&quot;,
                &quot;status&quot;: &quot;SEND&quot;
            },
            {
                &quot;time&quot;: &quot;2022-02-16T09:27:24.935Z&quot;,
                &quot;status&quot;: &quot;DELIVERED&quot;
            },
            {
                &quot;time&quot;: &quot;2022-02-16T09:27:25.773Z&quot;,
                &quot;status&quot;: &quot;PENDING&quot;
            },
            {
                &quot;time&quot;: &quot;2022-02-16T09:27:25.812Z&quot;,
                &quot;status&quot;: &quot;SEND&quot;
            },
            {
                &quot;time&quot;: &quot;2022-02-16T09:27:25.849Z&quot;,
                &quot;status&quot;: &quot;DELIVERED&quot;
            },
            {
                &quot;time&quot;: &quot;2022-02-16T09:28:06.037Z&quot;,
                &quot;status&quot;: &quot;PENDING&quot;
            },
            {
                &quot;time&quot;: &quot;2022-02-16T09:28:06.069Z&quot;,
                &quot;status&quot;: &quot;SEND&quot;
            },
            {
                &quot;time&quot;: &quot;2022-02-16T09:28:06.107Z&quot;,
                &quot;status&quot;: &quot;DELIVERED&quot;
            },
            {
                &quot;time&quot;: &quot;2022-02-16T09:28:06.968Z&quot;,
                &quot;status&quot;: &quot;PENDING&quot;
            },
            {
                &quot;time&quot;: &quot;2022-02-16T09:28:07.002Z&quot;,
                &quot;status&quot;: &quot;SEND&quot;
            },
            {
                &quot;time&quot;: &quot;2022-02-16T09:28:07.039Z&quot;,
                &quot;status&quot;: &quot;DELIVERED&quot;
            },
            {
                &quot;time&quot;: &quot;2022-02-16T09:28:58.713Z&quot;,
                &quot;status&quot;: &quot;PENDING&quot;
            },
            {
                &quot;time&quot;: &quot;2022-02-16T09:28:58.744Z&quot;,
                &quot;status&quot;: &quot;SEND&quot;
            },
            {
                &quot;time&quot;: &quot;2022-02-16T09:28:58.782Z&quot;,
                &quot;status&quot;: &quot;DELIVERED&quot;
            },
            {
                &quot;time&quot;: &quot;2022-02-16T09:28:59.589Z&quot;,
                &quot;status&quot;: &quot;PENDING&quot;
            },
            {
                &quot;time&quot;: &quot;2022-02-16T09:28:59.620Z&quot;,
                &quot;status&quot;: &quot;SEND&quot;
            },
            {
                &quot;time&quot;: &quot;2022-02-16T09:28:59.658Z&quot;,
                &quot;status&quot;: &quot;DELIVERED&quot;
            },
            {
                &quot;time&quot;: &quot;2022-02-16T09:29:51.098Z&quot;,
                &quot;status&quot;: &quot;PENDING&quot;
            },
            {
                &quot;time&quot;: &quot;2022-02-16T09:29:51.134Z&quot;,
                &quot;status&quot;: &quot;SEND&quot;
            },
            {
                &quot;time&quot;: &quot;2022-02-16T09:29:51.171Z&quot;,
                &quot;status&quot;: &quot;DELIVERED&quot;
            },
            {
                &quot;time&quot;: &quot;2022-02-16T09:29:52.013Z&quot;,
                &quot;status&quot;: &quot;PENDING&quot;
            },
            {
                &quot;time&quot;: &quot;2022-02-16T09:29:52.047Z&quot;,
                &quot;status&quot;: &quot;SEND&quot;
            },
            {
                &quot;time&quot;: &quot;2022-02-16T09:29:52.089Z&quot;,
                &quot;status&quot;: &quot;DELIVERED&quot;
            },
            {
                &quot;time&quot;: &quot;2022-02-16T09:30:33.494Z&quot;,
                &quot;status&quot;: &quot;PENDING&quot;
            },
            {
                &quot;time&quot;: &quot;2022-02-16T09:30:33.534Z&quot;,
                &quot;status&quot;: &quot;SEND&quot;
            },
            {
                &quot;time&quot;: &quot;2022-02-16T09:30:33.571Z&quot;,
                &quot;status&quot;: &quot;DELIVERED&quot;
            },
            {
                &quot;time&quot;: &quot;2022-02-16T09:30:34.412Z&quot;,
                &quot;status&quot;: &quot;PENDING&quot;
            },
            {
                &quot;time&quot;: &quot;2022-02-16T09:30:34.453Z&quot;,
                &quot;status&quot;: &quot;SEND&quot;
            },
            {
                &quot;time&quot;: &quot;2022-02-16T09:30:34.488Z&quot;,
                &quot;status&quot;: &quot;DELIVERED&quot;
            },
            {
                &quot;time&quot;: &quot;2022-02-16T09:32:49.337Z&quot;,
                &quot;status&quot;: &quot;PENDING&quot;
            },
            {
                &quot;time&quot;: &quot;2022-02-16T09:32:49.371Z&quot;,
                &quot;status&quot;: &quot;SEND&quot;
            },
            {
                &quot;time&quot;: &quot;2022-02-16T09:32:49.408Z&quot;,
                &quot;status&quot;: &quot;DELIVERED&quot;
            },
            {
                &quot;time&quot;: &quot;2022-02-16T09:32:50.347Z&quot;,
                &quot;status&quot;: &quot;PENDING&quot;
            },
            {
                &quot;time&quot;: &quot;2022-02-16T09:32:50.382Z&quot;,
                &quot;status&quot;: &quot;SEND&quot;
            },
            {
                &quot;time&quot;: &quot;2022-02-16T09:32:50.423Z&quot;,
                &quot;status&quot;: &quot;DELIVERED&quot;
            },
            {
                &quot;time&quot;: &quot;2022-02-16T09:35:18.696Z&quot;,
                &quot;status&quot;: &quot;PENDING&quot;
            },
            {
                &quot;time&quot;: &quot;2022-02-16T09:35:18.734Z&quot;,
                &quot;status&quot;: &quot;SEND&quot;
            },
            {
                &quot;time&quot;: &quot;2022-02-16T09:35:18.769Z&quot;,
                &quot;status&quot;: &quot;DELIVERED&quot;
            },
            {
                &quot;time&quot;: &quot;2022-02-16T09:35:41.813Z&quot;,
                &quot;status&quot;: &quot;PENDING&quot;
            },
            {
                &quot;time&quot;: &quot;2022-02-16T09:35:41.852Z&quot;,
                &quot;status&quot;: &quot;SEND&quot;
            },
            {
                &quot;time&quot;: &quot;2022-02-16T09:35:41.891Z&quot;,
                &quot;status&quot;: &quot;DELIVERED&quot;
            },
            {
                &quot;time&quot;: &quot;2022-02-16T09:35:42.766Z&quot;,
                &quot;status&quot;: &quot;PENDING&quot;
            },
            {
                &quot;time&quot;: &quot;2022-02-16T09:35:42.811Z&quot;,
                &quot;status&quot;: &quot;SEND&quot;
            },
            {
                &quot;time&quot;: &quot;2022-02-16T09:35:42.849Z&quot;,
                &quot;status&quot;: &quot;DELIVERED&quot;
            },
            {
                &quot;time&quot;: &quot;2022-02-16T09:36:06.394Z&quot;,
                &quot;status&quot;: &quot;PENDING&quot;
            },
            {
                &quot;time&quot;: &quot;2022-02-16T09:36:06.432Z&quot;,
                &quot;status&quot;: &quot;SEND&quot;
            },
            {
                &quot;time&quot;: &quot;2022-02-16T09:36:06.488Z&quot;,
                &quot;status&quot;: &quot;DELIVERED&quot;
            },
            {
                &quot;time&quot;: &quot;2022-02-16T09:36:07.318Z&quot;,
                &quot;status&quot;: &quot;PENDING&quot;
            },
            {
                &quot;time&quot;: &quot;2022-02-16T09:36:07.358Z&quot;,
                &quot;status&quot;: &quot;SEND&quot;
            },
            {
                &quot;time&quot;: &quot;2022-02-16T09:36:07.393Z&quot;,
                &quot;status&quot;: &quot;DELIVERED&quot;
            },
            {
                &quot;time&quot;: &quot;2022-02-16T09:36:30.178Z&quot;,
                &quot;status&quot;: &quot;PENDING&quot;
            },
            {
                &quot;time&quot;: &quot;2022-02-16T09:36:30.210Z&quot;,
                &quot;status&quot;: &quot;SEND&quot;
            },
            {
                &quot;time&quot;: &quot;2022-02-16T09:36:30.248Z&quot;,
                &quot;status&quot;: &quot;DELIVERED&quot;
            },
            {
                &quot;time&quot;: &quot;2022-02-16T09:36:31.123Z&quot;,
                &quot;status&quot;: &quot;PENDING&quot;
            },
            {
                &quot;time&quot;: &quot;2022-02-16T09:36:31.156Z&quot;,
                &quot;status&quot;: &quot;SEND&quot;
            },
            {
                &quot;time&quot;: &quot;2022-02-16T09:36:31.207Z&quot;,
                &quot;status&quot;: &quot;DELIVERED&quot;
            },
            {
                &quot;time&quot;: &quot;2022-02-16T09:37:08.443Z&quot;,
                &quot;status&quot;: &quot;PENDING&quot;
            },
            {
                &quot;time&quot;: &quot;2022-02-16T09:37:08.481Z&quot;,
                &quot;status&quot;: &quot;SEND&quot;
            },
            {
                &quot;time&quot;: &quot;2022-02-16T09:37:08.522Z&quot;,
                &quot;status&quot;: &quot;DELIVERED&quot;
            },
            {
                &quot;time&quot;: &quot;2022-02-16T09:37:09.439Z&quot;,
                &quot;status&quot;: &quot;PENDING&quot;
            },
            {
                &quot;time&quot;: &quot;2022-02-16T09:37:09.478Z&quot;,
                &quot;status&quot;: &quot;SEND&quot;
            },
            {
                &quot;time&quot;: &quot;2022-02-16T09:37:09.516Z&quot;,
                &quot;status&quot;: &quot;DELIVERED&quot;
            },
            {
                &quot;time&quot;: &quot;2022-02-16T09:37:13.026Z&quot;,
                &quot;status&quot;: &quot;PENDING&quot;
            },
            {
                &quot;time&quot;: &quot;2022-02-16T09:37:13.068Z&quot;,
                &quot;status&quot;: &quot;SEND&quot;
            },
            {
                &quot;time&quot;: &quot;2022-02-16T09:37:13.106Z&quot;,
                &quot;status&quot;: &quot;DELIVERED&quot;
            },
            {
                &quot;time&quot;: &quot;2022-02-16T09:37:37.817Z&quot;,
                &quot;status&quot;: &quot;PENDING&quot;
            },
            {
                &quot;time&quot;: &quot;2022-02-16T09:37:37.857Z&quot;,
                &quot;status&quot;: &quot;SEND&quot;
            },
            {
                &quot;time&quot;: &quot;2022-02-16T09:37:37.893Z&quot;,
                &quot;status&quot;: &quot;DELIVERED&quot;
            },
            {
                &quot;time&quot;: &quot;2022-02-16T09:37:38.638Z&quot;,
                &quot;status&quot;: &quot;PENDING&quot;
            },
            {
                &quot;time&quot;: &quot;2022-02-16T09:37:38.675Z&quot;,
                &quot;status&quot;: &quot;SEND&quot;
            },
            {
                &quot;time&quot;: &quot;2022-02-16T09:37:38.712Z&quot;,
                &quot;status&quot;: &quot;DELIVERED&quot;
            },
            {
                &quot;time&quot;: &quot;2022-02-16T09:38:03.926Z&quot;,
                &quot;status&quot;: &quot;PENDING&quot;
            },
            {
                &quot;time&quot;: &quot;2022-02-16T09:38:03.965Z&quot;,
                &quot;status&quot;: &quot;SEND&quot;
            },
            {
                &quot;time&quot;: &quot;2022-02-16T09:38:04.001Z&quot;,
                &quot;status&quot;: &quot;DELIVERED&quot;
            },
            {
                &quot;time&quot;: &quot;2022-02-16T09:38:04.819Z&quot;,
                &quot;status&quot;: &quot;PENDING&quot;
            },
            {
                &quot;time&quot;: &quot;2022-02-16T09:38:04.864Z&quot;,
                &quot;status&quot;: &quot;SEND&quot;
            },
            {
                &quot;time&quot;: &quot;2022-02-16T09:38:04.911Z&quot;,
                &quot;status&quot;: &quot;DELIVERED&quot;
            },
            {
                &quot;time&quot;: &quot;2022-02-16T09:53:50.860Z&quot;,
                &quot;status&quot;: &quot;PENDING&quot;
            },
            {
                &quot;time&quot;: &quot;2022-02-16T09:53:50.900Z&quot;,
                &quot;status&quot;: &quot;SEND&quot;
            },
            {
                &quot;time&quot;: &quot;2022-02-16T09:53:50.939Z&quot;,
                &quot;status&quot;: &quot;DELIVERED&quot;
            },
            {
                &quot;time&quot;: &quot;2022-02-16T09:53:51.831Z&quot;,
                &quot;status&quot;: &quot;PENDING&quot;
            },
            {
                &quot;time&quot;: &quot;2022-02-16T09:53:51.869Z&quot;,
                &quot;status&quot;: &quot;SEND&quot;
            },
            {
                &quot;time&quot;: &quot;2022-02-16T09:53:51.917Z&quot;,
                &quot;status&quot;: &quot;DELIVERED&quot;
            },
            {
                &quot;time&quot;: &quot;2022-02-16T09:56:32.333Z&quot;,
                &quot;status&quot;: &quot;PENDING&quot;
            },
            {
                &quot;time&quot;: &quot;2022-02-16T09:56:32.376Z&quot;,
                &quot;status&quot;: &quot;SEND&quot;
            },
            {
                &quot;time&quot;: &quot;2022-02-16T09:56:32.413Z&quot;,
                &quot;status&quot;: &quot;DELIVERED&quot;
            },
            {
                &quot;time&quot;: &quot;2022-02-16T09:56:33.226Z&quot;,
                &quot;status&quot;: &quot;PENDING&quot;
            },
            {
                &quot;time&quot;: &quot;2022-02-16T09:56:33.279Z&quot;,
                &quot;status&quot;: &quot;SEND&quot;
            },
            {
                &quot;time&quot;: &quot;2022-02-16T09:56:33.321Z&quot;,
                &quot;status&quot;: &quot;DELIVERED&quot;
            },
            {
                &quot;time&quot;: &quot;2022-02-16T09:59:11.843Z&quot;,
                &quot;status&quot;: &quot;PENDING&quot;
            },
            {
                &quot;time&quot;: &quot;2022-02-16T09:59:11.885Z&quot;,
                &quot;status&quot;: &quot;SEND&quot;
            },
            {
                &quot;time&quot;: &quot;2022-02-16T09:59:11.929Z&quot;,
                &quot;status&quot;: &quot;DELIVERED&quot;
            },
            {
                &quot;time&quot;: &quot;2022-02-16T09:59:12.799Z&quot;,
                &quot;status&quot;: &quot;PENDING&quot;
            },
            {
                &quot;time&quot;: &quot;2022-02-16T09:59:12.857Z&quot;,
                &quot;status&quot;: &quot;SEND&quot;
            },
            {
                &quot;time&quot;: &quot;2022-02-16T09:59:12.913Z&quot;,
                &quot;status&quot;: &quot;DELIVERED&quot;
            },
            {
                &quot;time&quot;: &quot;2022-02-16T10:01:50.751Z&quot;,
                &quot;status&quot;: &quot;PENDING&quot;
            },
            {
                &quot;time&quot;: &quot;2022-02-16T10:01:50.791Z&quot;,
                &quot;status&quot;: &quot;SEND&quot;
            },
            {
                &quot;time&quot;: &quot;2022-02-16T10:01:50.828Z&quot;,
                &quot;status&quot;: &quot;DELIVERED&quot;
            },
            {
                &quot;time&quot;: &quot;2022-02-16T10:01:51.673Z&quot;,
                &quot;status&quot;: &quot;PENDING&quot;
            },
            {
                &quot;time&quot;: &quot;2022-02-16T10:01:51.713Z&quot;,
                &quot;status&quot;: &quot;SEND&quot;
            },
            {
                &quot;time&quot;: &quot;2022-02-16T10:01:51.755Z&quot;,
                &quot;status&quot;: &quot;DELIVERED&quot;
            },
            {
                &quot;time&quot;: &quot;2022-02-16T10:04:30.106Z&quot;,
                &quot;status&quot;: &quot;PENDING&quot;
            },
            {
                &quot;time&quot;: &quot;2022-02-16T10:04:30.153Z&quot;,
                &quot;status&quot;: &quot;SEND&quot;
            },
            {
                &quot;time&quot;: &quot;2022-02-16T10:04:30.200Z&quot;,
                &quot;status&quot;: &quot;DELIVERED&quot;
            },
            {
                &quot;time&quot;: &quot;2022-02-16T10:04:31.076Z&quot;,
                &quot;status&quot;: &quot;PENDING&quot;
            },
            {
                &quot;time&quot;: &quot;2022-02-16T10:04:31.122Z&quot;,
                &quot;status&quot;: &quot;SEND&quot;
            },
            {
                &quot;time&quot;: &quot;2022-02-16T10:04:31.164Z&quot;,
                &quot;status&quot;: &quot;DELIVERED&quot;
            },
            {
                &quot;time&quot;: &quot;2022-02-16T10:07:10.462Z&quot;,
                &quot;status&quot;: &quot;PENDING&quot;
            },
            {
                &quot;time&quot;: &quot;2022-02-16T10:07:10.499Z&quot;,
                &quot;status&quot;: &quot;SEND&quot;
            },
            {
                &quot;time&quot;: &quot;2022-02-16T10:07:10.537Z&quot;,
                &quot;status&quot;: &quot;DELIVERED&quot;
            },
            {
                &quot;time&quot;: &quot;2022-02-16T10:07:11.343Z&quot;,
                &quot;status&quot;: &quot;PENDING&quot;
            },
            {
                &quot;time&quot;: &quot;2022-02-16T10:07:11.380Z&quot;,
                &quot;status&quot;: &quot;SEND&quot;
            },
            {
                &quot;time&quot;: &quot;2022-02-16T10:07:11.418Z&quot;,
                &quot;status&quot;: &quot;DELIVERED&quot;
            },
            {
                &quot;time&quot;: &quot;2022-02-16T10:09:49.720Z&quot;,
                &quot;status&quot;: &quot;PENDING&quot;
            },
            {
                &quot;time&quot;: &quot;2022-02-16T10:09:49.762Z&quot;,
                &quot;status&quot;: &quot;SEND&quot;
            },
            {
                &quot;time&quot;: &quot;2022-02-16T10:09:49.803Z&quot;,
                &quot;status&quot;: &quot;DELIVERED&quot;
            },
            {
                &quot;time&quot;: &quot;2022-02-16T10:09:50.610Z&quot;,
                &quot;status&quot;: &quot;PENDING&quot;
            },
            {
                &quot;time&quot;: &quot;2022-02-16T10:09:50.651Z&quot;,
                &quot;status&quot;: &quot;SEND&quot;
            },
            {
                &quot;time&quot;: &quot;2022-02-16T10:09:50.691Z&quot;,
                &quot;status&quot;: &quot;DELIVERED&quot;
            },
            {
                &quot;time&quot;: &quot;2022-02-16T10:12:29.403Z&quot;,
                &quot;status&quot;: &quot;PENDING&quot;
            },
            {
                &quot;time&quot;: &quot;2022-02-16T10:12:29.449Z&quot;,
                &quot;status&quot;: &quot;SEND&quot;
            },
            {
                &quot;time&quot;: &quot;2022-02-16T10:12:29.494Z&quot;,
                &quot;status&quot;: &quot;DELIVERED&quot;
            },
            {
                &quot;time&quot;: &quot;2022-02-16T10:12:30.338Z&quot;,
                &quot;status&quot;: &quot;PENDING&quot;
            },
            {
                &quot;time&quot;: &quot;2022-02-16T10:12:30.379Z&quot;,
                &quot;status&quot;: &quot;SEND&quot;
            },
            {
                &quot;time&quot;: &quot;2022-02-16T10:12:30.423Z&quot;,
                &quot;status&quot;: &quot;DELIVERED&quot;
            },
            {
                &quot;time&quot;: &quot;2022-02-16T10:15:08.464Z&quot;,
                &quot;status&quot;: &quot;PENDING&quot;
            },
            {
                &quot;time&quot;: &quot;2022-02-16T10:15:08.507Z&quot;,
                &quot;status&quot;: &quot;SEND&quot;
            },
            {
                &quot;time&quot;: &quot;2022-02-16T10:15:08.549Z&quot;,
                &quot;status&quot;: &quot;DELIVERED&quot;
            },
            {
                &quot;time&quot;: &quot;2022-02-16T10:15:09.384Z&quot;,
                &quot;status&quot;: &quot;PENDING&quot;
            },
            {
                &quot;time&quot;: &quot;2022-02-16T10:15:09.428Z&quot;,
                &quot;status&quot;: &quot;SEND&quot;
            }
        ],
        &quot;status&quot;: &quot;DELIVERED&quot;
    },
    &quot;creationTime&quot;: &quot;2022-02-16T09:22:46.140Z&quot;,
    &quot;deviceId&quot;: &quot;14273295&quot;,
    &quot;deviceName&quot;: &quot;offsitec&quot;,
    &quot;self&quot;: &quot;https://t493319102.eu-latest.cumulocity.com/devicecontrol/operations/14275540&quot;,
    &quot;id&quot;: &quot;14275540&quot;,
    &quot;status&quot;: &quot;PENDING&quot;,
    &quot;c8y_LogfileRequest&quot;: {
        &quot;searchText&quot;: &quot;&quot;,
        &quot;logFile&quot;: &quot;software-management&quot;,
        &quot;dateTo&quot;: &quot;2021-11-21T18:55:49+0530&quot;,
        &quot;dateFrom&quot;: &quot;2021-11-15T18:55:49+0530&quot;,
        &quot;maximumLines&quot;: 300
    },
    &quot;description&quot;: &quot;Log file request&quot;
}
10:15:37 DEBUG Final URL of the request: https://thin-edge-io.eu-latest.cumulocity.com/devicecontrol/operations?deviceId=14273295&amp;pageSize=1&amp;revert=true&amp;dateFrom=1970-01-01T00%3A00%3A00.000Z
10:15:37 INFO  State of current operation: PENDING
10:15:37 DEBUG Final URL of the request: https://thin-edge-io.eu-latest.cumulocity.com/devicecontrol/operations?deviceId=14273295&amp;pageSize=1&amp;revert=true&amp;dateFrom=1970-01-01T00%3A00%3A00.000Z
10:15:37 DEBUG State of current operation: {
    &quot;delivery&quot;: {
        &quot;time&quot;: &quot;2022-02-16T10:15:09.472Z&quot;,
        &quot;log&quot;: [
            {
                &quot;time&quot;: &quot;2022-02-16T09:22:46.166Z&quot;,
                &quot;status&quot;: &quot;PENDING&quot;
            },
            {
                &quot;time&quot;: &quot;2022-02-16T09:22:46.185Z&quot;,
                &quot;status&quot;: &quot;SEND&quot;
            },
            {
                &quot;time&quot;: &quot;2022-02-16T09:22:46.219Z&quot;,
                &quot;status&quot;: &quot;DELIVERED&quot;
            },
            {
                &quot;time&quot;: &quot;2022-02-16T09:23:55.047Z&quot;,
                &quot;status&quot;: &quot;PENDING&quot;
            },
            {
                &quot;time&quot;: &quot;2022-02-16T09:23:55.077Z&quot;,
                &quot;status&quot;: &quot;SEND&quot;
            },
            {
                &quot;time&quot;: &quot;2022-02-16T09:23:55.114Z&quot;,
                &quot;status&quot;: &quot;DELIVERED&quot;
            },
            {
                &quot;time&quot;: &quot;2022-02-16T09:23:55.901Z&quot;,
                &quot;status&quot;: &quot;PENDING&quot;
            },
            {
                &quot;time&quot;: &quot;2022-02-16T09:23:55.930Z&quot;,
                &quot;status&quot;: &quot;SEND&quot;
            },
            {
                &quot;time&quot;: &quot;2022-02-16T09:23:55.967Z&quot;,
                &quot;status&quot;: &quot;DELIVERED&quot;
            },
            {
                &quot;time&quot;: &quot;2022-02-16T09:24:55.073Z&quot;,
                &quot;status&quot;: &quot;PENDING&quot;
            },
            {
                &quot;time&quot;: &quot;2022-02-16T09:24:55.106Z&quot;,
                &quot;status&quot;: &quot;SEND&quot;
            },
            {
                &quot;time&quot;: &quot;2022-02-16T09:24:55.144Z&quot;,
                &quot;status&quot;: &quot;DELIVERED&quot;
            },
            {
                &quot;time&quot;: &quot;2022-02-16T09:24:55.971Z&quot;,
                &quot;status&quot;: &quot;PENDING&quot;
            },
            {
                &quot;time&quot;: &quot;2022-02-16T09:24:56.008Z&quot;,
                &quot;status&quot;: &quot;SEND&quot;
            },
            {
                &quot;time&quot;: &quot;2022-02-16T09:24:56.044Z&quot;,
                &quot;status&quot;: &quot;DELIVERED&quot;
            },
            {
                &quot;time&quot;: &quot;2022-02-16T09:26:09.362Z&quot;,
                &quot;status&quot;: &quot;PENDING&quot;
            },
            {
                &quot;time&quot;: &quot;2022-02-16T09:26:09.392Z&quot;,
                &quot;status&quot;: &quot;SEND&quot;
            },
            {
                &quot;time&quot;: &quot;2022-02-16T09:26:09.428Z&quot;,
                &quot;status&quot;: &quot;DELIVERED&quot;
            },
            {
                &quot;time&quot;: &quot;2022-02-16T09:26:10.287Z&quot;,
                &quot;status&quot;: &quot;PENDING&quot;
            },
            {
                &quot;time&quot;: &quot;2022-02-16T09:26:10.317Z&quot;,
                &quot;status&quot;: &quot;SEND&quot;
            },
            {
                &quot;time&quot;: &quot;2022-02-16T09:26:10.353Z&quot;,
                &quot;status&quot;: &quot;DELIVERED&quot;
            },
            {
                &quot;time&quot;: &quot;2022-02-16T09:27:24.861Z&quot;,
                &quot;status&quot;: &quot;PENDING&quot;
            },
            {
                &quot;time&quot;: &quot;2022-02-16T09:27:24.898Z&quot;,
                &quot;status&quot;: &quot;SEND&quot;
            },
            {
                &quot;time&quot;: &quot;2022-02-16T09:27:24.935Z&quot;,
                &quot;status&quot;: &quot;DELIVERED&quot;
            },
            {
                &quot;time&quot;: &quot;2022-02-16T09:27:25.773Z&quot;,
                &quot;status&quot;: &quot;PENDING&quot;
            },
            {
                &quot;time&quot;: &quot;2022-02-16T09:27:25.812Z&quot;,
                &quot;status&quot;: &quot;SEND&quot;
            },
            {
                &quot;time&quot;: &quot;2022-02-16T09:27:25.849Z&quot;,
                &quot;status&quot;: &quot;DELIVERED&quot;
            },
            {
                &quot;time&quot;: &quot;2022-02-16T09:28:06.037Z&quot;,
                &quot;status&quot;: &quot;PENDING&quot;
            },
            {
                &quot;time&quot;: &quot;2022-02-16T09:28:06.069Z&quot;,
                &quot;status&quot;: &quot;SEND&quot;
            },
            {
                &quot;time&quot;: &quot;2022-02-16T09:28:06.107Z&quot;,
                &quot;status&quot;: &quot;DELIVERED&quot;
            },
            {
                &quot;time&quot;: &quot;2022-02-16T09:28:06.968Z&quot;,
                &quot;status&quot;: &quot;PENDING&quot;
            },
            {
                &quot;time&quot;: &quot;2022-02-16T09:28:07.002Z&quot;,
                &quot;status&quot;: &quot;SEND&quot;
            },
            {
                &quot;time&quot;: &quot;2022-02-16T09:28:07.039Z&quot;,
                &quot;status&quot;: &quot;DELIVERED&quot;
            },
            {
                &quot;time&quot;: &quot;2022-02-16T09:28:58.713Z&quot;,
                &quot;status&quot;: &quot;PENDING&quot;
            },
            {
                &quot;time&quot;: &quot;2022-02-16T09:28:58.744Z&quot;,
                &quot;status&quot;: &quot;SEND&quot;
            },
            {
                &quot;time&quot;: &quot;2022-02-16T09:28:58.782Z&quot;,
                &quot;status&quot;: &quot;DELIVERED&quot;
            },
            {
                &quot;time&quot;: &quot;2022-02-16T09:28:59.589Z&quot;,
                &quot;status&quot;: &quot;PENDING&quot;
            },
            {
                &quot;time&quot;: &quot;2022-02-16T09:28:59.620Z&quot;,
                &quot;status&quot;: &quot;SEND&quot;
            },
            {
                &quot;time&quot;: &quot;2022-02-16T09:28:59.658Z&quot;,
                &quot;status&quot;: &quot;DELIVERED&quot;
            },
            {
                &quot;time&quot;: &quot;2022-02-16T09:29:51.098Z&quot;,
                &quot;status&quot;: &quot;PENDING&quot;
            },
            {
                &quot;time&quot;: &quot;2022-02-16T09:29:51.134Z&quot;,
                &quot;status&quot;: &quot;SEND&quot;
            },
            {
                &quot;time&quot;: &quot;2022-02-16T09:29:51.171Z&quot;,
                &quot;status&quot;: &quot;DELIVERED&quot;
            },
            {
                &quot;time&quot;: &quot;2022-02-16T09:29:52.013Z&quot;,
                &quot;status&quot;: &quot;PENDING&quot;
            },
            {
                &quot;time&quot;: &quot;2022-02-16T09:29:52.047Z&quot;,
                &quot;status&quot;: &quot;SEND&quot;
            },
            {
                &quot;time&quot;: &quot;2022-02-16T09:29:52.089Z&quot;,
                &quot;status&quot;: &quot;DELIVERED&quot;
            },
            {
                &quot;time&quot;: &quot;2022-02-16T09:30:33.494Z&quot;,
                &quot;status&quot;: &quot;PENDING&quot;
            },
            {
                &quot;time&quot;: &quot;2022-02-16T09:30:33.534Z&quot;,
                &quot;status&quot;: &quot;SEND&quot;
            },
            {
                &quot;time&quot;: &quot;2022-02-16T09:30:33.571Z&quot;,
                &quot;status&quot;: &quot;DELIVERED&quot;
            },
            {
                &quot;time&quot;: &quot;2022-02-16T09:30:34.412Z&quot;,
                &quot;status&quot;: &quot;PENDING&quot;
            },
            {
                &quot;time&quot;: &quot;2022-02-16T09:30:34.453Z&quot;,
                &quot;status&quot;: &quot;SEND&quot;
            },
            {
                &quot;time&quot;: &quot;2022-02-16T09:30:34.488Z&quot;,
                &quot;status&quot;: &quot;DELIVERED&quot;
            },
            {
                &quot;time&quot;: &quot;2022-02-16T09:32:49.337Z&quot;,
                &quot;status&quot;: &quot;PENDING&quot;
            },
            {
                &quot;time&quot;: &quot;2022-02-16T09:32:49.371Z&quot;,
                &quot;status&quot;: &quot;SEND&quot;
            },
            {
                &quot;time&quot;: &quot;2022-02-16T09:32:49.408Z&quot;,
                &quot;status&quot;: &quot;DELIVERED&quot;
            },
            {
                &quot;time&quot;: &quot;2022-02-16T09:32:50.347Z&quot;,
                &quot;status&quot;: &quot;PENDING&quot;
            },
            {
                &quot;time&quot;: &quot;2022-02-16T09:32:50.382Z&quot;,
                &quot;status&quot;: &quot;SEND&quot;
            },
            {
                &quot;time&quot;: &quot;2022-02-16T09:32:50.423Z&quot;,
                &quot;status&quot;: &quot;DELIVERED&quot;
            },
            {
                &quot;time&quot;: &quot;2022-02-16T09:35:18.696Z&quot;,
                &quot;status&quot;: &quot;PENDING&quot;
            },
            {
                &quot;time&quot;: &quot;2022-02-16T09:35:18.734Z&quot;,
                &quot;status&quot;: &quot;SEND&quot;
            },
            {
                &quot;time&quot;: &quot;2022-02-16T09:35:18.769Z&quot;,
                &quot;status&quot;: &quot;DELIVERED&quot;
            },
            {
                &quot;time&quot;: &quot;2022-02-16T09:35:41.813Z&quot;,
                &quot;status&quot;: &quot;PENDING&quot;
            },
            {
                &quot;time&quot;: &quot;2022-02-16T09:35:41.852Z&quot;,
                &quot;status&quot;: &quot;SEND&quot;
            },
            {
                &quot;time&quot;: &quot;2022-02-16T09:35:41.891Z&quot;,
                &quot;status&quot;: &quot;DELIVERED&quot;
            },
            {
                &quot;time&quot;: &quot;2022-02-16T09:35:42.766Z&quot;,
                &quot;status&quot;: &quot;PENDING&quot;
            },
            {
                &quot;time&quot;: &quot;2022-02-16T09:35:42.811Z&quot;,
                &quot;status&quot;: &quot;SEND&quot;
            },
            {
                &quot;time&quot;: &quot;2022-02-16T09:35:42.849Z&quot;,
                &quot;status&quot;: &quot;DELIVERED&quot;
            },
            {
                &quot;time&quot;: &quot;2022-02-16T09:36:06.394Z&quot;,
                &quot;status&quot;: &quot;PENDING&quot;
            },
            {
                &quot;time&quot;: &quot;2022-02-16T09:36:06.432Z&quot;,
                &quot;status&quot;: &quot;SEND&quot;
            },
            {
                &quot;time&quot;: &quot;2022-02-16T09:36:06.488Z&quot;,
                &quot;status&quot;: &quot;DELIVERED&quot;
            },
            {
                &quot;time&quot;: &quot;2022-02-16T09:36:07.318Z&quot;,
                &quot;status&quot;: &quot;PENDING&quot;
            },
            {
                &quot;time&quot;: &quot;2022-02-16T09:36:07.358Z&quot;,
                &quot;status&quot;: &quot;SEND&quot;
            },
            {
                &quot;time&quot;: &quot;2022-02-16T09:36:07.393Z&quot;,
                &quot;status&quot;: &quot;DELIVERED&quot;
            },
            {
                &quot;time&quot;: &quot;2022-02-16T09:36:30.178Z&quot;,
                &quot;status&quot;: &quot;PENDING&quot;
            },
            {
                &quot;time&quot;: &quot;2022-02-16T09:36:30.210Z&quot;,
                &quot;status&quot;: &quot;SEND&quot;
            },
            {
                &quot;time&quot;: &quot;2022-02-16T09:36:30.248Z&quot;,
                &quot;status&quot;: &quot;DELIVERED&quot;
            },
            {
                &quot;time&quot;: &quot;2022-02-16T09:36:31.123Z&quot;,
                &quot;status&quot;: &quot;PENDING&quot;
            },
            {
                &quot;time&quot;: &quot;2022-02-16T09:36:31.156Z&quot;,
                &quot;status&quot;: &quot;SEND&quot;
            },
            {
                &quot;time&quot;: &quot;2022-02-16T09:36:31.207Z&quot;,
                &quot;status&quot;: &quot;DELIVERED&quot;
            },
            {
                &quot;time&quot;: &quot;2022-02-16T09:37:08.443Z&quot;,
                &quot;status&quot;: &quot;PENDING&quot;
            },
            {
                &quot;time&quot;: &quot;2022-02-16T09:37:08.481Z&quot;,
                &quot;status&quot;: &quot;SEND&quot;
            },
            {
                &quot;time&quot;: &quot;2022-02-16T09:37:08.522Z&quot;,
                &quot;status&quot;: &quot;DELIVERED&quot;
            },
            {
                &quot;time&quot;: &quot;2022-02-16T09:37:09.439Z&quot;,
                &quot;status&quot;: &quot;PENDING&quot;
            },
            {
                &quot;time&quot;: &quot;2022-02-16T09:37:09.478Z&quot;,
                &quot;status&quot;: &quot;SEND&quot;
            },
            {
                &quot;time&quot;: &quot;2022-02-16T09:37:09.516Z&quot;,
                &quot;status&quot;: &quot;DELIVERED&quot;
            },
            {
                &quot;time&quot;: &quot;2022-02-16T09:37:13.026Z&quot;,
                &quot;status&quot;: &quot;PENDING&quot;
            },
            {
                &quot;time&quot;: &quot;2022-02-16T09:37:13.068Z&quot;,
                &quot;status&quot;: &quot;SEND&quot;
            },
            {
                &quot;time&quot;: &quot;2022-02-16T09:37:13.106Z&quot;,
                &quot;status&quot;: &quot;DELIVERED&quot;
            },
            {
                &quot;time&quot;: &quot;2022-02-16T09:37:37.817Z&quot;,
                &quot;status&quot;: &quot;PENDING&quot;
            },
            {
                &quot;time&quot;: &quot;2022-02-16T09:37:37.857Z&quot;,
                &quot;status&quot;: &quot;SEND&quot;
            },
            {
                &quot;time&quot;: &quot;2022-02-16T09:37:37.893Z&quot;,
                &quot;status&quot;: &quot;DELIVERED&quot;
            },
            {
                &quot;time&quot;: &quot;2022-02-16T09:37:38.638Z&quot;,
                &quot;status&quot;: &quot;PENDING&quot;
            },
            {
                &quot;time&quot;: &quot;2022-02-16T09:37:38.675Z&quot;,
                &quot;status&quot;: &quot;SEND&quot;
            },
            {
                &quot;time&quot;: &quot;2022-02-16T09:37:38.712Z&quot;,
                &quot;status&quot;: &quot;DELIVERED&quot;
            },
            {
                &quot;time&quot;: &quot;2022-02-16T09:38:03.926Z&quot;,
                &quot;status&quot;: &quot;PENDING&quot;
            },
            {
                &quot;time&quot;: &quot;2022-02-16T09:38:03.965Z&quot;,
                &quot;status&quot;: &quot;SEND&quot;
            },
            {
                &quot;time&quot;: &quot;2022-02-16T09:38:04.001Z&quot;,
                &quot;status&quot;: &quot;DELIVERED&quot;
            },
            {
                &quot;time&quot;: &quot;2022-02-16T09:38:04.819Z&quot;,
                &quot;status&quot;: &quot;PENDING&quot;
            },
            {
                &quot;time&quot;: &quot;2022-02-16T09:38:04.864Z&quot;,
                &quot;status&quot;: &quot;SEND&quot;
            },
            {
                &quot;time&quot;: &quot;2022-02-16T09:38:04.911Z&quot;,
                &quot;status&quot;: &quot;DELIVERED&quot;
            },
            {
                &quot;time&quot;: &quot;2022-02-16T09:53:50.860Z&quot;,
                &quot;status&quot;: &quot;PENDING&quot;
            },
            {
                &quot;time&quot;: &quot;2022-02-16T09:53:50.900Z&quot;,
                &quot;status&quot;: &quot;SEND&quot;
            },
            {
                &quot;time&quot;: &quot;2022-02-16T09:53:50.939Z&quot;,
                &quot;status&quot;: &quot;DELIVERED&quot;
            },
            {
                &quot;time&quot;: &quot;2022-02-16T09:53:51.831Z&quot;,
                &quot;status&quot;: &quot;PENDING&quot;
            },
            {
                &quot;time&quot;: &quot;2022-02-16T09:53:51.869Z&quot;,
                &quot;status&quot;: &quot;SEND&quot;
            },
            {
                &quot;time&quot;: &quot;2022-02-16T09:53:51.917Z&quot;,
                &quot;status&quot;: &quot;DELIVERED&quot;
            },
            {
                &quot;time&quot;: &quot;2022-02-16T09:56:32.333Z&quot;,
                &quot;status&quot;: &quot;PENDING&quot;
            },
            {
                &quot;time&quot;: &quot;2022-02-16T09:56:32.376Z&quot;,
                &quot;status&quot;: &quot;SEND&quot;
            },
            {
                &quot;time&quot;: &quot;2022-02-16T09:56:32.413Z&quot;,
                &quot;status&quot;: &quot;DELIVERED&quot;
            },
            {
                &quot;time&quot;: &quot;2022-02-16T09:56:33.226Z&quot;,
                &quot;status&quot;: &quot;PENDING&quot;
            },
            {
                &quot;time&quot;: &quot;2022-02-16T09:56:33.279Z&quot;,
                &quot;status&quot;: &quot;SEND&quot;
            },
            {
                &quot;time&quot;: &quot;2022-02-16T09:56:33.321Z&quot;,
                &quot;status&quot;: &quot;DELIVERED&quot;
            },
            {
                &quot;time&quot;: &quot;2022-02-16T09:59:11.843Z&quot;,
                &quot;status&quot;: &quot;PENDING&quot;
            },
            {
                &quot;time&quot;: &quot;2022-02-16T09:59:11.885Z&quot;,
                &quot;status&quot;: &quot;SEND&quot;
            },
            {
                &quot;time&quot;: &quot;2022-02-16T09:59:11.929Z&quot;,
                &quot;status&quot;: &quot;DELIVERED&quot;
            },
            {
                &quot;time&quot;: &quot;2022-02-16T09:59:12.799Z&quot;,
                &quot;status&quot;: &quot;PENDING&quot;
            },
            {
                &quot;time&quot;: &quot;2022-02-16T09:59:12.857Z&quot;,
                &quot;status&quot;: &quot;SEND&quot;
            },
            {
                &quot;time&quot;: &quot;2022-02-16T09:59:12.913Z&quot;,
                &quot;status&quot;: &quot;DELIVERED&quot;
            },
            {
                &quot;time&quot;: &quot;2022-02-16T10:01:50.751Z&quot;,
                &quot;status&quot;: &quot;PENDING&quot;
            },
            {
                &quot;time&quot;: &quot;2022-02-16T10:01:50.791Z&quot;,
                &quot;status&quot;: &quot;SEND&quot;
            },
            {
                &quot;time&quot;: &quot;2022-02-16T10:01:50.828Z&quot;,
                &quot;status&quot;: &quot;DELIVERED&quot;
            },
            {
                &quot;time&quot;: &quot;2022-02-16T10:01:51.673Z&quot;,
                &quot;status&quot;: &quot;PENDING&quot;
            },
            {
                &quot;time&quot;: &quot;2022-02-16T10:01:51.713Z&quot;,
                &quot;status&quot;: &quot;SEND&quot;
            },
            {
                &quot;time&quot;: &quot;2022-02-16T10:01:51.755Z&quot;,
                &quot;status&quot;: &quot;DELIVERED&quot;
            },
            {
                &quot;time&quot;: &quot;2022-02-16T10:04:30.106Z&quot;,
                &quot;status&quot;: &quot;PENDING&quot;
            },
            {
                &quot;time&quot;: &quot;2022-02-16T10:04:30.153Z&quot;,
                &quot;status&quot;: &quot;SEND&quot;
            },
            {
                &quot;time&quot;: &quot;2022-02-16T10:04:30.200Z&quot;,
                &quot;status&quot;: &quot;DELIVERED&quot;
            },
            {
                &quot;time&quot;: &quot;2022-02-16T10:04:31.076Z&quot;,
                &quot;status&quot;: &quot;PENDING&quot;
            },
            {
                &quot;time&quot;: &quot;2022-02-16T10:04:31.122Z&quot;,
                &quot;status&quot;: &quot;SEND&quot;
            },
            {
                &quot;time&quot;: &quot;2022-02-16T10:04:31.164Z&quot;,
                &quot;status&quot;: &quot;DELIVERED&quot;
            },
            {
                &quot;time&quot;: &quot;2022-02-16T10:07:10.462Z&quot;,
                &quot;status&quot;: &quot;PENDING&quot;
            },
            {
                &quot;time&quot;: &quot;2022-02-16T10:07:10.499Z&quot;,
                &quot;status&quot;: &quot;SEND&quot;
            },
            {
                &quot;time&quot;: &quot;2022-02-16T10:07:10.537Z&quot;,
                &quot;status&quot;: &quot;DELIVERED&quot;
            },
            {
                &quot;time&quot;: &quot;2022-02-16T10:07:11.343Z&quot;,
                &quot;status&quot;: &quot;PENDING&quot;
            },
            {
                &quot;time&quot;: &quot;2022-02-16T10:07:11.380Z&quot;,
                &quot;status&quot;: &quot;SEND&quot;
            },
            {
                &quot;time&quot;: &quot;2022-02-16T10:07:11.418Z&quot;,
                &quot;status&quot;: &quot;DELIVERED&quot;
            },
            {
                &quot;time&quot;: &quot;2022-02-16T10:09:49.720Z&quot;,
                &quot;status&quot;: &quot;PENDING&quot;
            },
            {
                &quot;time&quot;: &quot;2022-02-16T10:09:49.762Z&quot;,
                &quot;status&quot;: &quot;SEND&quot;
            },
            {
                &quot;time&quot;: &quot;2022-02-16T10:09:49.803Z&quot;,
                &quot;status&quot;: &quot;DELIVERED&quot;
            },
            {
                &quot;time&quot;: &quot;2022-02-16T10:09:50.610Z&quot;,
                &quot;status&quot;: &quot;PENDING&quot;
            },
            {
                &quot;time&quot;: &quot;2022-02-16T10:09:50.651Z&quot;,
                &quot;status&quot;: &quot;SEND&quot;
            },
            {
                &quot;time&quot;: &quot;2022-02-16T10:09:50.691Z&quot;,
                &quot;status&quot;: &quot;DELIVERED&quot;
            },
            {
                &quot;time&quot;: &quot;2022-02-16T10:12:29.403Z&quot;,
                &quot;status&quot;: &quot;PENDING&quot;
            },
            {
                &quot;time&quot;: &quot;2022-02-16T10:12:29.449Z&quot;,
                &quot;status&quot;: &quot;SEND&quot;
            },
            {
                &quot;time&quot;: &quot;2022-02-16T10:12:29.494Z&quot;,
                &quot;status&quot;: &quot;DELIVERED&quot;
            },
            {
                &quot;time&quot;: &quot;2022-02-16T10:12:30.338Z&quot;,
                &quot;status&quot;: &quot;PENDING&quot;
            },
            {
                &quot;time&quot;: &quot;2022-02-16T10:12:30.379Z&quot;,
                &quot;status&quot;: &quot;SEND&quot;
            },
            {
                &quot;time&quot;: &quot;2022-02-16T10:12:30.423Z&quot;,
                &quot;status&quot;: &quot;DELIVERED&quot;
            },
            {
                &quot;time&quot;: &quot;2022-02-16T10:15:08.464Z&quot;,
                &quot;status&quot;: &quot;PENDING&quot;
            },
            {
                &quot;time&quot;: &quot;2022-02-16T10:15:08.507Z&quot;,
                &quot;status&quot;: &quot;SEND&quot;
            },
            {
                &quot;time&quot;: &quot;2022-02-16T10:15:08.549Z&quot;,
                &quot;status&quot;: &quot;DELIVERED&quot;
            },
            {
                &quot;time&quot;: &quot;2022-02-16T10:15:09.384Z&quot;,
                &quot;status&quot;: &quot;PENDING&quot;
            },
            {
                &quot;time&quot;: &quot;2022-02-16T10:15:09.428Z&quot;,
                &quot;status&quot;: &quot;SEND&quot;
            }
        ],
        &quot;status&quot;: &quot;DELIVERED&quot;
    },
    &quot;creationTime&quot;: &quot;2022-02-16T09:22:46.140Z&quot;,
    &quot;deviceId&quot;: &quot;14273295&quot;,
    &quot;deviceName&quot;: &quot;offsitec&quot;,
    &quot;self&quot;: &quot;https://t493319102.eu-latest.cumulocity.com/devicecontrol/operations/14275540&quot;,
    &quot;id&quot;: &quot;14275540&quot;,
    &quot;status&quot;: &quot;PENDING&quot;,
    &quot;c8y_LogfileRequest&quot;: {
        &quot;searchText&quot;: &quot;&quot;,
        &quot;logFile&quot;: &quot;software-management&quot;,
        &quot;dateTo&quot;: &quot;2021-11-21T18:55:49+0530&quot;,
        &quot;dateFrom&quot;: &quot;2021-11-15T18:55:49+0530&quot;,
        &quot;maximumLines&quot;: 300
    },
    &quot;description&quot;: &quot;Log file request&quot;
}
10:15:39 DEBUG Final URL of the request: https://thin-edge-io.eu-latest.cumulocity.com/devicecontrol/operations?deviceId=14273295&amp;pageSize=1&amp;revert=true&amp;dateFrom=1970-01-01T00%3A00%3A00.000Z
10:15:39 INFO  State of current operation: PENDING
10:15:39 DEBUG Final URL of the request: https://thin-edge-io.eu-latest.cumulocity.com/devicecontrol/operations?deviceId=14273295&amp;pageSize=1&amp;revert=true&amp;dateFrom=1970-01-01T00%3A00%3A00.000Z
10:15:39 DEBUG State of current operation: {
    &quot;delivery&quot;: {
        &quot;time&quot;: &quot;2022-02-16T10:15:09.472Z&quot;,
        &quot;log&quot;: [
            {
                &quot;time&quot;: &quot;2022-02-16T09:22:46.166Z&quot;,
                &quot;status&quot;: &quot;PENDING&quot;
            },
            {
                &quot;time&quot;: &quot;2022-02-16T09:22:46.185Z&quot;,
                &quot;status&quot;: &quot;SEND&quot;
            },
            {
                &quot;time&quot;: &quot;2022-02-16T09:22:46.219Z&quot;,
                &quot;status&quot;: &quot;DELIVERED&quot;
            },
            {
                &quot;time&quot;: &quot;2022-02-16T09:23:55.047Z&quot;,
                &quot;status&quot;: &quot;PENDING&quot;
            },
            {
                &quot;time&quot;: &quot;2022-02-16T09:23:55.077Z&quot;,
                &quot;status&quot;: &quot;SEND&quot;
            },
            {
                &quot;time&quot;: &quot;2022-02-16T09:23:55.114Z&quot;,
                &quot;status&quot;: &quot;DELIVERED&quot;
            },
            {
                &quot;time&quot;: &quot;2022-02-16T09:23:55.901Z&quot;,
                &quot;status&quot;: &quot;PENDING&quot;
            },
            {
                &quot;time&quot;: &quot;2022-02-16T09:23:55.930Z&quot;,
                &quot;status&quot;: &quot;SEND&quot;
            },
            {
                &quot;time&quot;: &quot;2022-02-16T09:23:55.967Z&quot;,
                &quot;status&quot;: &quot;DELIVERED&quot;
            },
            {
                &quot;time&quot;: &quot;2022-02-16T09:24:55.073Z&quot;,
                &quot;status&quot;: &quot;PENDING&quot;
            },
            {
                &quot;time&quot;: &quot;2022-02-16T09:24:55.106Z&quot;,
                &quot;status&quot;: &quot;SEND&quot;
            },
            {
                &quot;time&quot;: &quot;2022-02-16T09:24:55.144Z&quot;,
                &quot;status&quot;: &quot;DELIVERED&quot;
            },
            {
                &quot;time&quot;: &quot;2022-02-16T09:24:55.971Z&quot;,
                &quot;status&quot;: &quot;PENDING&quot;
            },
            {
                &quot;time&quot;: &quot;2022-02-16T09:24:56.008Z&quot;,
                &quot;status&quot;: &quot;SEND&quot;
            },
            {
                &quot;time&quot;: &quot;2022-02-16T09:24:56.044Z&quot;,
                &quot;status&quot;: &quot;DELIVERED&quot;
            },
            {
                &quot;time&quot;: &quot;2022-02-16T09:26:09.362Z&quot;,
                &quot;status&quot;: &quot;PENDING&quot;
            },
            {
                &quot;time&quot;: &quot;2022-02-16T09:26:09.392Z&quot;,
                &quot;status&quot;: &quot;SEND&quot;
            },
            {
                &quot;time&quot;: &quot;2022-02-16T09:26:09.428Z&quot;,
                &quot;status&quot;: &quot;DELIVERED&quot;
            },
            {
                &quot;time&quot;: &quot;2022-02-16T09:26:10.287Z&quot;,
                &quot;status&quot;: &quot;PENDING&quot;
            },
            {
                &quot;time&quot;: &quot;2022-02-16T09:26:10.317Z&quot;,
                &quot;status&quot;: &quot;SEND&quot;
            },
            {
                &quot;time&quot;: &quot;2022-02-16T09:26:10.353Z&quot;,
                &quot;status&quot;: &quot;DELIVERED&quot;
            },
            {
                &quot;time&quot;: &quot;2022-02-16T09:27:24.861Z&quot;,
                &quot;status&quot;: &quot;PENDING&quot;
            },
            {
                &quot;time&quot;: &quot;2022-02-16T09:27:24.898Z&quot;,
                &quot;status&quot;: &quot;SEND&quot;
            },
            {
                &quot;time&quot;: &quot;2022-02-16T09:27:24.935Z&quot;,
                &quot;status&quot;: &quot;DELIVERED&quot;
            },
            {
                &quot;time&quot;: &quot;2022-02-16T09:27:25.773Z&quot;,
                &quot;status&quot;: &quot;PENDING&quot;
            },
            {
                &quot;time&quot;: &quot;2022-02-16T09:27:25.812Z&quot;,
                &quot;status&quot;: &quot;SEND&quot;
            },
            {
                &quot;time&quot;: &quot;2022-02-16T09:27:25.849Z&quot;,
                &quot;status&quot;: &quot;DELIVERED&quot;
            },
            {
                &quot;time&quot;: &quot;2022-02-16T09:28:06.037Z&quot;,
                &quot;status&quot;: &quot;PENDING&quot;
            },
            {
                &quot;time&quot;: &quot;2022-02-16T09:28:06.069Z&quot;,
                &quot;status&quot;: &quot;SEND&quot;
            },
            {
                &quot;time&quot;: &quot;2022-02-16T09:28:06.107Z&quot;,
                &quot;status&quot;: &quot;DELIVERED&quot;
            },
            {
                &quot;time&quot;: &quot;2022-02-16T09:28:06.968Z&quot;,
                &quot;status&quot;: &quot;PENDING&quot;
            },
            {
                &quot;time&quot;: &quot;2022-02-16T09:28:07.002Z&quot;,
                &quot;status&quot;: &quot;SEND&quot;
            },
            {
                &quot;time&quot;: &quot;2022-02-16T09:28:07.039Z&quot;,
                &quot;status&quot;: &quot;DELIVERED&quot;
            },
            {
                &quot;time&quot;: &quot;2022-02-16T09:28:58.713Z&quot;,
                &quot;status&quot;: &quot;PENDING&quot;
            },
            {
                &quot;time&quot;: &quot;2022-02-16T09:28:58.744Z&quot;,
                &quot;status&quot;: &quot;SEND&quot;
            },
            {
                &quot;time&quot;: &quot;2022-02-16T09:28:58.782Z&quot;,
                &quot;status&quot;: &quot;DELIVERED&quot;
            },
            {
                &quot;time&quot;: &quot;2022-02-16T09:28:59.589Z&quot;,
                &quot;status&quot;: &quot;PENDING&quot;
            },
            {
                &quot;time&quot;: &quot;2022-02-16T09:28:59.620Z&quot;,
                &quot;status&quot;: &quot;SEND&quot;
            },
            {
                &quot;time&quot;: &quot;2022-02-16T09:28:59.658Z&quot;,
                &quot;status&quot;: &quot;DELIVERED&quot;
            },
            {
                &quot;time&quot;: &quot;2022-02-16T09:29:51.098Z&quot;,
                &quot;status&quot;: &quot;PENDING&quot;
            },
            {
                &quot;time&quot;: &quot;2022-02-16T09:29:51.134Z&quot;,
                &quot;status&quot;: &quot;SEND&quot;
            },
            {
                &quot;time&quot;: &quot;2022-02-16T09:29:51.171Z&quot;,
                &quot;status&quot;: &quot;DELIVERED&quot;
            },
            {
                &quot;time&quot;: &quot;2022-02-16T09:29:52.013Z&quot;,
                &quot;status&quot;: &quot;PENDING&quot;
            },
            {
                &quot;time&quot;: &quot;2022-02-16T09:29:52.047Z&quot;,
                &quot;status&quot;: &quot;SEND&quot;
            },
            {
                &quot;time&quot;: &quot;2022-02-16T09:29:52.089Z&quot;,
                &quot;status&quot;: &quot;DELIVERED&quot;
            },
            {
                &quot;time&quot;: &quot;2022-02-16T09:30:33.494Z&quot;,
                &quot;status&quot;: &quot;PENDING&quot;
            },
            {
                &quot;time&quot;: &quot;2022-02-16T09:30:33.534Z&quot;,
                &quot;status&quot;: &quot;SEND&quot;
            },
            {
                &quot;time&quot;: &quot;2022-02-16T09:30:33.571Z&quot;,
                &quot;status&quot;: &quot;DELIVERED&quot;
            },
            {
                &quot;time&quot;: &quot;2022-02-16T09:30:34.412Z&quot;,
                &quot;status&quot;: &quot;PENDING&quot;
            },
            {
                &quot;time&quot;: &quot;2022-02-16T09:30:34.453Z&quot;,
                &quot;status&quot;: &quot;SEND&quot;
            },
            {
                &quot;time&quot;: &quot;2022-02-16T09:30:34.488Z&quot;,
                &quot;status&quot;: &quot;DELIVERED&quot;
            },
            {
                &quot;time&quot;: &quot;2022-02-16T09:32:49.337Z&quot;,
                &quot;status&quot;: &quot;PENDING&quot;
            },
            {
                &quot;time&quot;: &quot;2022-02-16T09:32:49.371Z&quot;,
                &quot;status&quot;: &quot;SEND&quot;
            },
            {
                &quot;time&quot;: &quot;2022-02-16T09:32:49.408Z&quot;,
                &quot;status&quot;: &quot;DELIVERED&quot;
            },
            {
                &quot;time&quot;: &quot;2022-02-16T09:32:50.347Z&quot;,
                &quot;status&quot;: &quot;PENDING&quot;
            },
            {
                &quot;time&quot;: &quot;2022-02-16T09:32:50.382Z&quot;,
                &quot;status&quot;: &quot;SEND&quot;
            },
            {
                &quot;time&quot;: &quot;2022-02-16T09:32:50.423Z&quot;,
                &quot;status&quot;: &quot;DELIVERED&quot;
            },
            {
                &quot;time&quot;: &quot;2022-02-16T09:35:18.696Z&quot;,
                &quot;status&quot;: &quot;PENDING&quot;
            },
            {
                &quot;time&quot;: &quot;2022-02-16T09:35:18.734Z&quot;,
                &quot;status&quot;: &quot;SEND&quot;
            },
            {
                &quot;time&quot;: &quot;2022-02-16T09:35:18.769Z&quot;,
                &quot;status&quot;: &quot;DELIVERED&quot;
            },
            {
                &quot;time&quot;: &quot;2022-02-16T09:35:41.813Z&quot;,
                &quot;status&quot;: &quot;PENDING&quot;
            },
            {
                &quot;time&quot;: &quot;2022-02-16T09:35:41.852Z&quot;,
                &quot;status&quot;: &quot;SEND&quot;
            },
            {
                &quot;time&quot;: &quot;2022-02-16T09:35:41.891Z&quot;,
                &quot;status&quot;: &quot;DELIVERED&quot;
            },
            {
                &quot;time&quot;: &quot;2022-02-16T09:35:42.766Z&quot;,
                &quot;status&quot;: &quot;PENDING&quot;
            },
            {
                &quot;time&quot;: &quot;2022-02-16T09:35:42.811Z&quot;,
                &quot;status&quot;: &quot;SEND&quot;
            },
            {
                &quot;time&quot;: &quot;2022-02-16T09:35:42.849Z&quot;,
                &quot;status&quot;: &quot;DELIVERED&quot;
            },
            {
                &quot;time&quot;: &quot;2022-02-16T09:36:06.394Z&quot;,
                &quot;status&quot;: &quot;PENDING&quot;
            },
            {
                &quot;time&quot;: &quot;2022-02-16T09:36:06.432Z&quot;,
                &quot;status&quot;: &quot;SEND&quot;
            },
            {
                &quot;time&quot;: &quot;2022-02-16T09:36:06.488Z&quot;,
                &quot;status&quot;: &quot;DELIVERED&quot;
            },
            {
                &quot;time&quot;: &quot;2022-02-16T09:36:07.318Z&quot;,
                &quot;status&quot;: &quot;PENDING&quot;
            },
            {
                &quot;time&quot;: &quot;2022-02-16T09:36:07.358Z&quot;,
                &quot;status&quot;: &quot;SEND&quot;
            },
            {
                &quot;time&quot;: &quot;2022-02-16T09:36:07.393Z&quot;,
                &quot;status&quot;: &quot;DELIVERED&quot;
            },
            {
                &quot;time&quot;: &quot;2022-02-16T09:36:30.178Z&quot;,
                &quot;status&quot;: &quot;PENDING&quot;
            },
            {
                &quot;time&quot;: &quot;2022-02-16T09:36:30.210Z&quot;,
                &quot;status&quot;: &quot;SEND&quot;
            },
            {
                &quot;time&quot;: &quot;2022-02-16T09:36:30.248Z&quot;,
                &quot;status&quot;: &quot;DELIVERED&quot;
            },
            {
                &quot;time&quot;: &quot;2022-02-16T09:36:31.123Z&quot;,
                &quot;status&quot;: &quot;PENDING&quot;
            },
            {
                &quot;time&quot;: &quot;2022-02-16T09:36:31.156Z&quot;,
                &quot;status&quot;: &quot;SEND&quot;
            },
            {
                &quot;time&quot;: &quot;2022-02-16T09:36:31.207Z&quot;,
                &quot;status&quot;: &quot;DELIVERED&quot;
            },
            {
                &quot;time&quot;: &quot;2022-02-16T09:37:08.443Z&quot;,
                &quot;status&quot;: &quot;PENDING&quot;
            },
            {
                &quot;time&quot;: &quot;2022-02-16T09:37:08.481Z&quot;,
                &quot;status&quot;: &quot;SEND&quot;
            },
            {
                &quot;time&quot;: &quot;2022-02-16T09:37:08.522Z&quot;,
                &quot;status&quot;: &quot;DELIVERED&quot;
            },
            {
                &quot;time&quot;: &quot;2022-02-16T09:37:09.439Z&quot;,
                &quot;status&quot;: &quot;PENDING&quot;
            },
            {
                &quot;time&quot;: &quot;2022-02-16T09:37:09.478Z&quot;,
                &quot;status&quot;: &quot;SEND&quot;
            },
            {
                &quot;time&quot;: &quot;2022-02-16T09:37:09.516Z&quot;,
                &quot;status&quot;: &quot;DELIVERED&quot;
            },
            {
                &quot;time&quot;: &quot;2022-02-16T09:37:13.026Z&quot;,
                &quot;status&quot;: &quot;PENDING&quot;
            },
            {
                &quot;time&quot;: &quot;2022-02-16T09:37:13.068Z&quot;,
                &quot;status&quot;: &quot;SEND&quot;
            },
            {
                &quot;time&quot;: &quot;2022-02-16T09:37:13.106Z&quot;,
                &quot;status&quot;: &quot;DELIVERED&quot;
            },
            {
                &quot;time&quot;: &quot;2022-02-16T09:37:37.817Z&quot;,
                &quot;status&quot;: &quot;PENDING&quot;
            },
            {
                &quot;time&quot;: &quot;2022-02-16T09:37:37.857Z&quot;,
                &quot;status&quot;: &quot;SEND&quot;
            },
            {
                &quot;time&quot;: &quot;2022-02-16T09:37:37.893Z&quot;,
                &quot;status&quot;: &quot;DELIVERED&quot;
            },
            {
                &quot;time&quot;: &quot;2022-02-16T09:37:38.638Z&quot;,
                &quot;status&quot;: &quot;PENDING&quot;
            },
            {
                &quot;time&quot;: &quot;2022-02-16T09:37:38.675Z&quot;,
                &quot;status&quot;: &quot;SEND&quot;
            },
            {
                &quot;time&quot;: &quot;2022-02-16T09:37:38.712Z&quot;,
                &quot;status&quot;: &quot;DELIVERED&quot;
            },
            {
                &quot;time&quot;: &quot;2022-02-16T09:38:03.926Z&quot;,
                &quot;status&quot;: &quot;PENDING&quot;
            },
            {
                &quot;time&quot;: &quot;2022-02-16T09:38:03.965Z&quot;,
                &quot;status&quot;: &quot;SEND&quot;
            },
            {
                &quot;time&quot;: &quot;2022-02-16T09:38:04.001Z&quot;,
                &quot;status&quot;: &quot;DELIVERED&quot;
            },
            {
                &quot;time&quot;: &quot;2022-02-16T09:38:04.819Z&quot;,
                &quot;status&quot;: &quot;PENDING&quot;
            },
            {
                &quot;time&quot;: &quot;2022-02-16T09:38:04.864Z&quot;,
                &quot;status&quot;: &quot;SEND&quot;
            },
            {
                &quot;time&quot;: &quot;2022-02-16T09:38:04.911Z&quot;,
                &quot;status&quot;: &quot;DELIVERED&quot;
            },
            {
                &quot;time&quot;: &quot;2022-02-16T09:53:50.860Z&quot;,
                &quot;status&quot;: &quot;PENDING&quot;
            },
            {
                &quot;time&quot;: &quot;2022-02-16T09:53:50.900Z&quot;,
                &quot;status&quot;: &quot;SEND&quot;
            },
            {
                &quot;time&quot;: &quot;2022-02-16T09:53:50.939Z&quot;,
                &quot;status&quot;: &quot;DELIVERED&quot;
            },
            {
                &quot;time&quot;: &quot;2022-02-16T09:53:51.831Z&quot;,
                &quot;status&quot;: &quot;PENDING&quot;
            },
            {
                &quot;time&quot;: &quot;2022-02-16T09:53:51.869Z&quot;,
                &quot;status&quot;: &quot;SEND&quot;
            },
            {
                &quot;time&quot;: &quot;2022-02-16T09:53:51.917Z&quot;,
                &quot;status&quot;: &quot;DELIVERED&quot;
            },
            {
                &quot;time&quot;: &quot;2022-02-16T09:56:32.333Z&quot;,
                &quot;status&quot;: &quot;PENDING&quot;
            },
            {
                &quot;time&quot;: &quot;2022-02-16T09:56:32.376Z&quot;,
                &quot;status&quot;: &quot;SEND&quot;
            },
            {
                &quot;time&quot;: &quot;2022-02-16T09:56:32.413Z&quot;,
                &quot;status&quot;: &quot;DELIVERED&quot;
            },
            {
                &quot;time&quot;: &quot;2022-02-16T09:56:33.226Z&quot;,
                &quot;status&quot;: &quot;PENDING&quot;
            },
            {
                &quot;time&quot;: &quot;2022-02-16T09:56:33.279Z&quot;,
                &quot;status&quot;: &quot;SEND&quot;
            },
            {
                &quot;time&quot;: &quot;2022-02-16T09:56:33.321Z&quot;,
                &quot;status&quot;: &quot;DELIVERED&quot;
            },
            {
                &quot;time&quot;: &quot;2022-02-16T09:59:11.843Z&quot;,
                &quot;status&quot;: &quot;PENDING&quot;
            },
            {
                &quot;time&quot;: &quot;2022-02-16T09:59:11.885Z&quot;,
                &quot;status&quot;: &quot;SEND&quot;
            },
            {
                &quot;time&quot;: &quot;2022-02-16T09:59:11.929Z&quot;,
                &quot;status&quot;: &quot;DELIVERED&quot;
            },
            {
                &quot;time&quot;: &quot;2022-02-16T09:59:12.799Z&quot;,
                &quot;status&quot;: &quot;PENDING&quot;
            },
            {
                &quot;time&quot;: &quot;2022-02-16T09:59:12.857Z&quot;,
                &quot;status&quot;: &quot;SEND&quot;
            },
            {
                &quot;time&quot;: &quot;2022-02-16T09:59:12.913Z&quot;,
                &quot;status&quot;: &quot;DELIVERED&quot;
            },
            {
                &quot;time&quot;: &quot;2022-02-16T10:01:50.751Z&quot;,
                &quot;status&quot;: &quot;PENDING&quot;
            },
            {
                &quot;time&quot;: &quot;2022-02-16T10:01:50.791Z&quot;,
                &quot;status&quot;: &quot;SEND&quot;
            },
            {
                &quot;time&quot;: &quot;2022-02-16T10:01:50.828Z&quot;,
                &quot;status&quot;: &quot;DELIVERED&quot;
            },
            {
                &quot;time&quot;: &quot;2022-02-16T10:01:51.673Z&quot;,
                &quot;status&quot;: &quot;PENDING&quot;
            },
            {
                &quot;time&quot;: &quot;2022-02-16T10:01:51.713Z&quot;,
                &quot;status&quot;: &quot;SEND&quot;
            },
            {
                &quot;time&quot;: &quot;2022-02-16T10:01:51.755Z&quot;,
                &quot;status&quot;: &quot;DELIVERED&quot;
            },
            {
                &quot;time&quot;: &quot;2022-02-16T10:04:30.106Z&quot;,
                &quot;status&quot;: &quot;PENDING&quot;
            },
            {
                &quot;time&quot;: &quot;2022-02-16T10:04:30.153Z&quot;,
                &quot;status&quot;: &quot;SEND&quot;
            },
            {
                &quot;time&quot;: &quot;2022-02-16T10:04:30.200Z&quot;,
                &quot;status&quot;: &quot;DELIVERED&quot;
            },
            {
                &quot;time&quot;: &quot;2022-02-16T10:04:31.076Z&quot;,
                &quot;status&quot;: &quot;PENDING&quot;
            },
            {
                &quot;time&quot;: &quot;2022-02-16T10:04:31.122Z&quot;,
                &quot;status&quot;: &quot;SEND&quot;
            },
            {
                &quot;time&quot;: &quot;2022-02-16T10:04:31.164Z&quot;,
                &quot;status&quot;: &quot;DELIVERED&quot;
            },
            {
                &quot;time&quot;: &quot;2022-02-16T10:07:10.462Z&quot;,
                &quot;status&quot;: &quot;PENDING&quot;
            },
            {
                &quot;time&quot;: &quot;2022-02-16T10:07:10.499Z&quot;,
                &quot;status&quot;: &quot;SEND&quot;
            },
            {
                &quot;time&quot;: &quot;2022-02-16T10:07:10.537Z&quot;,
                &quot;status&quot;: &quot;DELIVERED&quot;
            },
            {
                &quot;time&quot;: &quot;2022-02-16T10:07:11.343Z&quot;,
                &quot;status&quot;: &quot;PENDING&quot;
            },
            {
                &quot;time&quot;: &quot;2022-02-16T10:07:11.380Z&quot;,
                &quot;status&quot;: &quot;SEND&quot;
            },
            {
                &quot;time&quot;: &quot;2022-02-16T10:07:11.418Z&quot;,
                &quot;status&quot;: &quot;DELIVERED&quot;
            },
            {
                &quot;time&quot;: &quot;2022-02-16T10:09:49.720Z&quot;,
                &quot;status&quot;: &quot;PENDING&quot;
            },
            {
                &quot;time&quot;: &quot;2022-02-16T10:09:49.762Z&quot;,
                &quot;status&quot;: &quot;SEND&quot;
            },
            {
                &quot;time&quot;: &quot;2022-02-16T10:09:49.803Z&quot;,
                &quot;status&quot;: &quot;DELIVERED&quot;
            },
            {
                &quot;time&quot;: &quot;2022-02-16T10:09:50.610Z&quot;,
                &quot;status&quot;: &quot;PENDING&quot;
            },
            {
                &quot;time&quot;: &quot;2022-02-16T10:09:50.651Z&quot;,
                &quot;status&quot;: &quot;SEND&quot;
            },
            {
                &quot;time&quot;: &quot;2022-02-16T10:09:50.691Z&quot;,
                &quot;status&quot;: &quot;DELIVERED&quot;
            },
            {
                &quot;time&quot;: &quot;2022-02-16T10:12:29.403Z&quot;,
                &quot;status&quot;: &quot;PENDING&quot;
            },
            {
                &quot;time&quot;: &quot;2022-02-16T10:12:29.449Z&quot;,
                &quot;status&quot;: &quot;SEND&quot;
            },
            {
                &quot;time&quot;: &quot;2022-02-16T10:12:29.494Z&quot;,
                &quot;status&quot;: &quot;DELIVERED&quot;
            },
            {
                &quot;time&quot;: &quot;2022-02-16T10:12:30.338Z&quot;,
                &quot;status&quot;: &quot;PENDING&quot;
            },
            {
                &quot;time&quot;: &quot;2022-02-16T10:12:30.379Z&quot;,
                &quot;status&quot;: &quot;SEND&quot;
            },
            {
                &quot;time&quot;: &quot;2022-02-16T10:12:30.423Z&quot;,
                &quot;status&quot;: &quot;DELIVERED&quot;
            },
            {
                &quot;time&quot;: &quot;2022-02-16T10:15:08.464Z&quot;,
                &quot;status&quot;: &quot;PENDING&quot;
            },
            {
                &quot;time&quot;: &quot;2022-02-16T10:15:08.507Z&quot;,
                &quot;status&quot;: &quot;SEND&quot;
            },
            {
                &quot;time&quot;: &quot;2022-02-16T10:15:08.549Z&quot;,
                &quot;status&quot;: &quot;DELIVERED&quot;
            },
            {
                &quot;time&quot;: &quot;2022-02-16T10:15:09.384Z&quot;,
                &quot;status&quot;: &quot;PENDING&quot;
            },
            {
                &quot;time&quot;: &quot;2022-02-16T10:15:09.428Z&quot;,
                &quot;status&quot;: &quot;SEND&quot;
            }
        ],
        &quot;status&quot;: &quot;DELIVERED&quot;
    },
    &quot;creationTime&quot;: &quot;2022-02-16T09:22:46.140Z&quot;,
    &quot;deviceId&quot;: &quot;14273295&quot;,
    &quot;deviceName&quot;: &quot;offsitec&quot;,
    &quot;self&quot;: &quot;https://t493319102.eu-latest.cumulocity.com/devicecontrol/operations/14275540&quot;,
    &quot;id&quot;: &quot;14275540&quot;,
    &quot;status&quot;: &quot;PENDING&quot;,
    &quot;c8y_LogfileRequest&quot;: {
        &quot;searchText&quot;: &quot;&quot;,
        &quot;logFile&quot;: &quot;software-management&quot;,
        &quot;dateTo&quot;: &quot;2021-11-21T18:55:49+0530&quot;,
        &quot;dateFrom&quot;: &quot;2021-11-15T18:55:49+0530&quot;,
        &quot;maximumLines&quot;: 300
    },
    &quot;description&quot;: &quot;Log file request&quot;
}
10:15:41 DEBUG Final URL of the request: https://thin-edge-io.eu-latest.cumulocity.com/devicecontrol/operations?deviceId=14273295&amp;pageSize=1&amp;revert=true&amp;dateFrom=1970-01-01T00%3A00%3A00.000Z
10:15:41 INFO  State of current operation: PENDING
10:15:41 DEBUG Final URL of the request: https://thin-edge-io.eu-latest.cumulocity.com/devicecontrol/operations?deviceId=14273295&amp;pageSize=1&amp;revert=true&amp;dateFrom=1970-01-01T00%3A00%3A00.000Z
10:15:41 DEBUG State of current operation: {
    &quot;delivery&quot;: {
        &quot;time&quot;: &quot;2022-02-16T10:15:09.472Z&quot;,
        &quot;log&quot;: [
            {
                &quot;time&quot;: &quot;2022-02-16T09:22:46.166Z&quot;,
                &quot;status&quot;: &quot;PENDING&quot;
            },
            {
                &quot;time&quot;: &quot;2022-02-16T09:22:46.185Z&quot;,
                &quot;status&quot;: &quot;SEND&quot;
            },
            {
                &quot;time&quot;: &quot;2022-02-16T09:22:46.219Z&quot;,
                &quot;status&quot;: &quot;DELIVERED&quot;
            },
            {
                &quot;time&quot;: &quot;2022-02-16T09:23:55.047Z&quot;,
                &quot;status&quot;: &quot;PENDING&quot;
            },
            {
                &quot;time&quot;: &quot;2022-02-16T09:23:55.077Z&quot;,
                &quot;status&quot;: &quot;SEND&quot;
            },
            {
                &quot;time&quot;: &quot;2022-02-16T09:23:55.114Z&quot;,
                &quot;status&quot;: &quot;DELIVERED&quot;
            },
            {
                &quot;time&quot;: &quot;2022-02-16T09:23:55.901Z&quot;,
                &quot;status&quot;: &quot;PENDING&quot;
            },
            {
                &quot;time&quot;: &quot;2022-02-16T09:23:55.930Z&quot;,
                &quot;status&quot;: &quot;SEND&quot;
            },
            {
                &quot;time&quot;: &quot;2022-02-16T09:23:55.967Z&quot;,
                &quot;status&quot;: &quot;DELIVERED&quot;
            },
            {
                &quot;time&quot;: &quot;2022-02-16T09:24:55.073Z&quot;,
                &quot;status&quot;: &quot;PENDING&quot;
            },
            {
                &quot;time&quot;: &quot;2022-02-16T09:24:55.106Z&quot;,
                &quot;status&quot;: &quot;SEND&quot;
            },
            {
                &quot;time&quot;: &quot;2022-02-16T09:24:55.144Z&quot;,
                &quot;status&quot;: &quot;DELIVERED&quot;
            },
            {
                &quot;time&quot;: &quot;2022-02-16T09:24:55.971Z&quot;,
                &quot;status&quot;: &quot;PENDING&quot;
            },
            {
                &quot;time&quot;: &quot;2022-02-16T09:24:56.008Z&quot;,
                &quot;status&quot;: &quot;SEND&quot;
            },
            {
                &quot;time&quot;: &quot;2022-02-16T09:24:56.044Z&quot;,
                &quot;status&quot;: &quot;DELIVERED&quot;
            },
            {
                &quot;time&quot;: &quot;2022-02-16T09:26:09.362Z&quot;,
                &quot;status&quot;: &quot;PENDING&quot;
            },
            {
                &quot;time&quot;: &quot;2022-02-16T09:26:09.392Z&quot;,
                &quot;status&quot;: &quot;SEND&quot;
            },
            {
                &quot;time&quot;: &quot;2022-02-16T09:26:09.428Z&quot;,
                &quot;status&quot;: &quot;DELIVERED&quot;
            },
            {
                &quot;time&quot;: &quot;2022-02-16T09:26:10.287Z&quot;,
                &quot;status&quot;: &quot;PENDING&quot;
            },
            {
                &quot;time&quot;: &quot;2022-02-16T09:26:10.317Z&quot;,
                &quot;status&quot;: &quot;SEND&quot;
            },
            {
                &quot;time&quot;: &quot;2022-02-16T09:26:10.353Z&quot;,
                &quot;status&quot;: &quot;DELIVERED&quot;
            },
            {
                &quot;time&quot;: &quot;2022-02-16T09:27:24.861Z&quot;,
                &quot;status&quot;: &quot;PENDING&quot;
            },
            {
                &quot;time&quot;: &quot;2022-02-16T09:27:24.898Z&quot;,
                &quot;status&quot;: &quot;SEND&quot;
            },
            {
                &quot;time&quot;: &quot;2022-02-16T09:27:24.935Z&quot;,
                &quot;status&quot;: &quot;DELIVERED&quot;
            },
            {
                &quot;time&quot;: &quot;2022-02-16T09:27:25.773Z&quot;,
                &quot;status&quot;: &quot;PENDING&quot;
            },
            {
                &quot;time&quot;: &quot;2022-02-16T09:27:25.812Z&quot;,
                &quot;status&quot;: &quot;SEND&quot;
            },
            {
                &quot;time&quot;: &quot;2022-02-16T09:27:25.849Z&quot;,
                &quot;status&quot;: &quot;DELIVERED&quot;
            },
            {
                &quot;time&quot;: &quot;2022-02-16T09:28:06.037Z&quot;,
                &quot;status&quot;: &quot;PENDING&quot;
            },
            {
                &quot;time&quot;: &quot;2022-02-16T09:28:06.069Z&quot;,
                &quot;status&quot;: &quot;SEND&quot;
            },
            {
                &quot;time&quot;: &quot;2022-02-16T09:28:06.107Z&quot;,
                &quot;status&quot;: &quot;DELIVERED&quot;
            },
            {
                &quot;time&quot;: &quot;2022-02-16T09:28:06.968Z&quot;,
                &quot;status&quot;: &quot;PENDING&quot;
            },
            {
                &quot;time&quot;: &quot;2022-02-16T09:28:07.002Z&quot;,
                &quot;status&quot;: &quot;SEND&quot;
            },
            {
                &quot;time&quot;: &quot;2022-02-16T09:28:07.039Z&quot;,
                &quot;status&quot;: &quot;DELIVERED&quot;
            },
            {
                &quot;time&quot;: &quot;2022-02-16T09:28:58.713Z&quot;,
                &quot;status&quot;: &quot;PENDING&quot;
            },
            {
                &quot;time&quot;: &quot;2022-02-16T09:28:58.744Z&quot;,
                &quot;status&quot;: &quot;SEND&quot;
            },
            {
                &quot;time&quot;: &quot;2022-02-16T09:28:58.782Z&quot;,
                &quot;status&quot;: &quot;DELIVERED&quot;
            },
            {
                &quot;time&quot;: &quot;2022-02-16T09:28:59.589Z&quot;,
                &quot;status&quot;: &quot;PENDING&quot;
            },
            {
                &quot;time&quot;: &quot;2022-02-16T09:28:59.620Z&quot;,
                &quot;status&quot;: &quot;SEND&quot;
            },
            {
                &quot;time&quot;: &quot;2022-02-16T09:28:59.658Z&quot;,
                &quot;status&quot;: &quot;DELIVERED&quot;
            },
            {
                &quot;time&quot;: &quot;2022-02-16T09:29:51.098Z&quot;,
                &quot;status&quot;: &quot;PENDING&quot;
            },
            {
                &quot;time&quot;: &quot;2022-02-16T09:29:51.134Z&quot;,
                &quot;status&quot;: &quot;SEND&quot;
            },
            {
                &quot;time&quot;: &quot;2022-02-16T09:29:51.171Z&quot;,
                &quot;status&quot;: &quot;DELIVERED&quot;
            },
            {
                &quot;time&quot;: &quot;2022-02-16T09:29:52.013Z&quot;,
                &quot;status&quot;: &quot;PENDING&quot;
            },
            {
                &quot;time&quot;: &quot;2022-02-16T09:29:52.047Z&quot;,
                &quot;status&quot;: &quot;SEND&quot;
            },
            {
                &quot;time&quot;: &quot;2022-02-16T09:29:52.089Z&quot;,
                &quot;status&quot;: &quot;DELIVERED&quot;
            },
            {
                &quot;time&quot;: &quot;2022-02-16T09:30:33.494Z&quot;,
                &quot;status&quot;: &quot;PENDING&quot;
            },
            {
                &quot;time&quot;: &quot;2022-02-16T09:30:33.534Z&quot;,
                &quot;status&quot;: &quot;SEND&quot;
            },
            {
                &quot;time&quot;: &quot;2022-02-16T09:30:33.571Z&quot;,
                &quot;status&quot;: &quot;DELIVERED&quot;
            },
            {
                &quot;time&quot;: &quot;2022-02-16T09:30:34.412Z&quot;,
                &quot;status&quot;: &quot;PENDING&quot;
            },
            {
                &quot;time&quot;: &quot;2022-02-16T09:30:34.453Z&quot;,
                &quot;status&quot;: &quot;SEND&quot;
            },
            {
                &quot;time&quot;: &quot;2022-02-16T09:30:34.488Z&quot;,
                &quot;status&quot;: &quot;DELIVERED&quot;
            },
            {
                &quot;time&quot;: &quot;2022-02-16T09:32:49.337Z&quot;,
                &quot;status&quot;: &quot;PENDING&quot;
            },
            {
                &quot;time&quot;: &quot;2022-02-16T09:32:49.371Z&quot;,
                &quot;status&quot;: &quot;SEND&quot;
            },
            {
                &quot;time&quot;: &quot;2022-02-16T09:32:49.408Z&quot;,
                &quot;status&quot;: &quot;DELIVERED&quot;
            },
            {
                &quot;time&quot;: &quot;2022-02-16T09:32:50.347Z&quot;,
                &quot;status&quot;: &quot;PENDING&quot;
            },
            {
                &quot;time&quot;: &quot;2022-02-16T09:32:50.382Z&quot;,
                &quot;status&quot;: &quot;SEND&quot;
            },
            {
                &quot;time&quot;: &quot;2022-02-16T09:32:50.423Z&quot;,
                &quot;status&quot;: &quot;DELIVERED&quot;
            },
            {
                &quot;time&quot;: &quot;2022-02-16T09:35:18.696Z&quot;,
                &quot;status&quot;: &quot;PENDING&quot;
            },
            {
                &quot;time&quot;: &quot;2022-02-16T09:35:18.734Z&quot;,
                &quot;status&quot;: &quot;SEND&quot;
            },
            {
                &quot;time&quot;: &quot;2022-02-16T09:35:18.769Z&quot;,
                &quot;status&quot;: &quot;DELIVERED&quot;
            },
            {
                &quot;time&quot;: &quot;2022-02-16T09:35:41.813Z&quot;,
                &quot;status&quot;: &quot;PENDING&quot;
            },
            {
                &quot;time&quot;: &quot;2022-02-16T09:35:41.852Z&quot;,
                &quot;status&quot;: &quot;SEND&quot;
            },
            {
                &quot;time&quot;: &quot;2022-02-16T09:35:41.891Z&quot;,
                &quot;status&quot;: &quot;DELIVERED&quot;
            },
            {
                &quot;time&quot;: &quot;2022-02-16T09:35:42.766Z&quot;,
                &quot;status&quot;: &quot;PENDING&quot;
            },
            {
                &quot;time&quot;: &quot;2022-02-16T09:35:42.811Z&quot;,
                &quot;status&quot;: &quot;SEND&quot;
            },
            {
                &quot;time&quot;: &quot;2022-02-16T09:35:42.849Z&quot;,
                &quot;status&quot;: &quot;DELIVERED&quot;
            },
            {
                &quot;time&quot;: &quot;2022-02-16T09:36:06.394Z&quot;,
                &quot;status&quot;: &quot;PENDING&quot;
            },
            {
                &quot;time&quot;: &quot;2022-02-16T09:36:06.432Z&quot;,
                &quot;status&quot;: &quot;SEND&quot;
            },
            {
                &quot;time&quot;: &quot;2022-02-16T09:36:06.488Z&quot;,
                &quot;status&quot;: &quot;DELIVERED&quot;
            },
            {
                &quot;time&quot;: &quot;2022-02-16T09:36:07.318Z&quot;,
                &quot;status&quot;: &quot;PENDING&quot;
            },
            {
                &quot;time&quot;: &quot;2022-02-16T09:36:07.358Z&quot;,
                &quot;status&quot;: &quot;SEND&quot;
            },
            {
                &quot;time&quot;: &quot;2022-02-16T09:36:07.393Z&quot;,
                &quot;status&quot;: &quot;DELIVERED&quot;
            },
            {
                &quot;time&quot;: &quot;2022-02-16T09:36:30.178Z&quot;,
                &quot;status&quot;: &quot;PENDING&quot;
            },
            {
                &quot;time&quot;: &quot;2022-02-16T09:36:30.210Z&quot;,
                &quot;status&quot;: &quot;SEND&quot;
            },
            {
                &quot;time&quot;: &quot;2022-02-16T09:36:30.248Z&quot;,
                &quot;status&quot;: &quot;DELIVERED&quot;
            },
            {
                &quot;time&quot;: &quot;2022-02-16T09:36:31.123Z&quot;,
                &quot;status&quot;: &quot;PENDING&quot;
            },
            {
                &quot;time&quot;: &quot;2022-02-16T09:36:31.156Z&quot;,
                &quot;status&quot;: &quot;SEND&quot;
            },
            {
                &quot;time&quot;: &quot;2022-02-16T09:36:31.207Z&quot;,
                &quot;status&quot;: &quot;DELIVERED&quot;
            },
            {
                &quot;time&quot;: &quot;2022-02-16T09:37:08.443Z&quot;,
                &quot;status&quot;: &quot;PENDING&quot;
            },
            {
                &quot;time&quot;: &quot;2022-02-16T09:37:08.481Z&quot;,
                &quot;status&quot;: &quot;SEND&quot;
            },
            {
                &quot;time&quot;: &quot;2022-02-16T09:37:08.522Z&quot;,
                &quot;status&quot;: &quot;DELIVERED&quot;
            },
            {
                &quot;time&quot;: &quot;2022-02-16T09:37:09.439Z&quot;,
                &quot;status&quot;: &quot;PENDING&quot;
            },
            {
                &quot;time&quot;: &quot;2022-02-16T09:37:09.478Z&quot;,
                &quot;status&quot;: &quot;SEND&quot;
            },
            {
                &quot;time&quot;: &quot;2022-02-16T09:37:09.516Z&quot;,
                &quot;status&quot;: &quot;DELIVERED&quot;
            },
            {
                &quot;time&quot;: &quot;2022-02-16T09:37:13.026Z&quot;,
                &quot;status&quot;: &quot;PENDING&quot;
            },
            {
                &quot;time&quot;: &quot;2022-02-16T09:37:13.068Z&quot;,
                &quot;status&quot;: &quot;SEND&quot;
            },
            {
                &quot;time&quot;: &quot;2022-02-16T09:37:13.106Z&quot;,
                &quot;status&quot;: &quot;DELIVERED&quot;
            },
            {
                &quot;time&quot;: &quot;2022-02-16T09:37:37.817Z&quot;,
                &quot;status&quot;: &quot;PENDING&quot;
            },
            {
                &quot;time&quot;: &quot;2022-02-16T09:37:37.857Z&quot;,
                &quot;status&quot;: &quot;SEND&quot;
            },
            {
                &quot;time&quot;: &quot;2022-02-16T09:37:37.893Z&quot;,
                &quot;status&quot;: &quot;DELIVERED&quot;
            },
            {
                &quot;time&quot;: &quot;2022-02-16T09:37:38.638Z&quot;,
                &quot;status&quot;: &quot;PENDING&quot;
            },
            {
                &quot;time&quot;: &quot;2022-02-16T09:37:38.675Z&quot;,
                &quot;status&quot;: &quot;SEND&quot;
            },
            {
                &quot;time&quot;: &quot;2022-02-16T09:37:38.712Z&quot;,
                &quot;status&quot;: &quot;DELIVERED&quot;
            },
            {
                &quot;time&quot;: &quot;2022-02-16T09:38:03.926Z&quot;,
                &quot;status&quot;: &quot;PENDING&quot;
            },
            {
                &quot;time&quot;: &quot;2022-02-16T09:38:03.965Z&quot;,
                &quot;status&quot;: &quot;SEND&quot;
            },
            {
                &quot;time&quot;: &quot;2022-02-16T09:38:04.001Z&quot;,
                &quot;status&quot;: &quot;DELIVERED&quot;
            },
            {
                &quot;time&quot;: &quot;2022-02-16T09:38:04.819Z&quot;,
                &quot;status&quot;: &quot;PENDING&quot;
            },
            {
                &quot;time&quot;: &quot;2022-02-16T09:38:04.864Z&quot;,
                &quot;status&quot;: &quot;SEND&quot;
            },
            {
                &quot;time&quot;: &quot;2022-02-16T09:38:04.911Z&quot;,
                &quot;status&quot;: &quot;DELIVERED&quot;
            },
            {
                &quot;time&quot;: &quot;2022-02-16T09:53:50.860Z&quot;,
                &quot;status&quot;: &quot;PENDING&quot;
            },
            {
                &quot;time&quot;: &quot;2022-02-16T09:53:50.900Z&quot;,
                &quot;status&quot;: &quot;SEND&quot;
            },
            {
                &quot;time&quot;: &quot;2022-02-16T09:53:50.939Z&quot;,
                &quot;status&quot;: &quot;DELIVERED&quot;
            },
            {
                &quot;time&quot;: &quot;2022-02-16T09:53:51.831Z&quot;,
                &quot;status&quot;: &quot;PENDING&quot;
            },
            {
                &quot;time&quot;: &quot;2022-02-16T09:53:51.869Z&quot;,
                &quot;status&quot;: &quot;SEND&quot;
            },
            {
                &quot;time&quot;: &quot;2022-02-16T09:53:51.917Z&quot;,
                &quot;status&quot;: &quot;DELIVERED&quot;
            },
            {
                &quot;time&quot;: &quot;2022-02-16T09:56:32.333Z&quot;,
                &quot;status&quot;: &quot;PENDING&quot;
            },
            {
                &quot;time&quot;: &quot;2022-02-16T09:56:32.376Z&quot;,
                &quot;status&quot;: &quot;SEND&quot;
            },
            {
                &quot;time&quot;: &quot;2022-02-16T09:56:32.413Z&quot;,
                &quot;status&quot;: &quot;DELIVERED&quot;
            },
            {
                &quot;time&quot;: &quot;2022-02-16T09:56:33.226Z&quot;,
                &quot;status&quot;: &quot;PENDING&quot;
            },
            {
                &quot;time&quot;: &quot;2022-02-16T09:56:33.279Z&quot;,
                &quot;status&quot;: &quot;SEND&quot;
            },
            {
                &quot;time&quot;: &quot;2022-02-16T09:56:33.321Z&quot;,
                &quot;status&quot;: &quot;DELIVERED&quot;
            },
            {
                &quot;time&quot;: &quot;2022-02-16T09:59:11.843Z&quot;,
                &quot;status&quot;: &quot;PENDING&quot;
            },
            {
                &quot;time&quot;: &quot;2022-02-16T09:59:11.885Z&quot;,
                &quot;status&quot;: &quot;SEND&quot;
            },
            {
                &quot;time&quot;: &quot;2022-02-16T09:59:11.929Z&quot;,
                &quot;status&quot;: &quot;DELIVERED&quot;
            },
            {
                &quot;time&quot;: &quot;2022-02-16T09:59:12.799Z&quot;,
                &quot;status&quot;: &quot;PENDING&quot;
            },
            {
                &quot;time&quot;: &quot;2022-02-16T09:59:12.857Z&quot;,
                &quot;status&quot;: &quot;SEND&quot;
            },
            {
                &quot;time&quot;: &quot;2022-02-16T09:59:12.913Z&quot;,
                &quot;status&quot;: &quot;DELIVERED&quot;
            },
            {
                &quot;time&quot;: &quot;2022-02-16T10:01:50.751Z&quot;,
                &quot;status&quot;: &quot;PENDING&quot;
            },
            {
                &quot;time&quot;: &quot;2022-02-16T10:01:50.791Z&quot;,
                &quot;status&quot;: &quot;SEND&quot;
            },
            {
                &quot;time&quot;: &quot;2022-02-16T10:01:50.828Z&quot;,
                &quot;status&quot;: &quot;DELIVERED&quot;
            },
            {
                &quot;time&quot;: &quot;2022-02-16T10:01:51.673Z&quot;,
                &quot;status&quot;: &quot;PENDING&quot;
            },
            {
                &quot;time&quot;: &quot;2022-02-16T10:01:51.713Z&quot;,
                &quot;status&quot;: &quot;SEND&quot;
            },
            {
                &quot;time&quot;: &quot;2022-02-16T10:01:51.755Z&quot;,
                &quot;status&quot;: &quot;DELIVERED&quot;
            },
            {
                &quot;time&quot;: &quot;2022-02-16T10:04:30.106Z&quot;,
                &quot;status&quot;: &quot;PENDING&quot;
            },
            {
                &quot;time&quot;: &quot;2022-02-16T10:04:30.153Z&quot;,
                &quot;status&quot;: &quot;SEND&quot;
            },
            {
                &quot;time&quot;: &quot;2022-02-16T10:04:30.200Z&quot;,
                &quot;status&quot;: &quot;DELIVERED&quot;
            },
            {
                &quot;time&quot;: &quot;2022-02-16T10:04:31.076Z&quot;,
                &quot;status&quot;: &quot;PENDING&quot;
            },
            {
                &quot;time&quot;: &quot;2022-02-16T10:04:31.122Z&quot;,
                &quot;status&quot;: &quot;SEND&quot;
            },
            {
                &quot;time&quot;: &quot;2022-02-16T10:04:31.164Z&quot;,
                &quot;status&quot;: &quot;DELIVERED&quot;
            },
            {
                &quot;time&quot;: &quot;2022-02-16T10:07:10.462Z&quot;,
                &quot;status&quot;: &quot;PENDING&quot;
            },
            {
                &quot;time&quot;: &quot;2022-02-16T10:07:10.499Z&quot;,
                &quot;status&quot;: &quot;SEND&quot;
            },
            {
                &quot;time&quot;: &quot;2022-02-16T10:07:10.537Z&quot;,
                &quot;status&quot;: &quot;DELIVERED&quot;
            },
            {
                &quot;time&quot;: &quot;2022-02-16T10:07:11.343Z&quot;,
                &quot;status&quot;: &quot;PENDING&quot;
            },
            {
                &quot;time&quot;: &quot;2022-02-16T10:07:11.380Z&quot;,
                &quot;status&quot;: &quot;SEND&quot;
            },
            {
                &quot;time&quot;: &quot;2022-02-16T10:07:11.418Z&quot;,
                &quot;status&quot;: &quot;DELIVERED&quot;
            },
            {
                &quot;time&quot;: &quot;2022-02-16T10:09:49.720Z&quot;,
                &quot;status&quot;: &quot;PENDING&quot;
            },
            {
                &quot;time&quot;: &quot;2022-02-16T10:09:49.762Z&quot;,
                &quot;status&quot;: &quot;SEND&quot;
            },
            {
                &quot;time&quot;: &quot;2022-02-16T10:09:49.803Z&quot;,
                &quot;status&quot;: &quot;DELIVERED&quot;
            },
            {
                &quot;time&quot;: &quot;2022-02-16T10:09:50.610Z&quot;,
                &quot;status&quot;: &quot;PENDING&quot;
            },
            {
                &quot;time&quot;: &quot;2022-02-16T10:09:50.651Z&quot;,
                &quot;status&quot;: &quot;SEND&quot;
            },
            {
                &quot;time&quot;: &quot;2022-02-16T10:09:50.691Z&quot;,
                &quot;status&quot;: &quot;DELIVERED&quot;
            },
            {
                &quot;time&quot;: &quot;2022-02-16T10:12:29.403Z&quot;,
                &quot;status&quot;: &quot;PENDING&quot;
            },
            {
                &quot;time&quot;: &quot;2022-02-16T10:12:29.449Z&quot;,
                &quot;status&quot;: &quot;SEND&quot;
            },
            {
                &quot;time&quot;: &quot;2022-02-16T10:12:29.494Z&quot;,
                &quot;status&quot;: &quot;DELIVERED&quot;
            },
            {
                &quot;time&quot;: &quot;2022-02-16T10:12:30.338Z&quot;,
                &quot;status&quot;: &quot;PENDING&quot;
            },
            {
                &quot;time&quot;: &quot;2022-02-16T10:12:30.379Z&quot;,
                &quot;status&quot;: &quot;SEND&quot;
            },
            {
                &quot;time&quot;: &quot;2022-02-16T10:12:30.423Z&quot;,
                &quot;status&quot;: &quot;DELIVERED&quot;
            },
            {
                &quot;time&quot;: &quot;2022-02-16T10:15:08.464Z&quot;,
                &quot;status&quot;: &quot;PENDING&quot;
            },
            {
                &quot;time&quot;: &quot;2022-02-16T10:15:08.507Z&quot;,
                &quot;status&quot;: &quot;SEND&quot;
            },
            {
                &quot;time&quot;: &quot;2022-02-16T10:15:08.549Z&quot;,
                &quot;status&quot;: &quot;DELIVERED&quot;
            },
            {
                &quot;time&quot;: &quot;2022-02-16T10:15:09.384Z&quot;,
                &quot;status&quot;: &quot;PENDING&quot;
            },
            {
                &quot;time&quot;: &quot;2022-02-16T10:15:09.428Z&quot;,
                &quot;status&quot;: &quot;SEND&quot;
            }
        ],
        &quot;status&quot;: &quot;DELIVERED&quot;
    },
    &quot;creationTime&quot;: &quot;2022-02-16T09:22:46.140Z&quot;,
    &quot;deviceId&quot;: &quot;14273295&quot;,
    &quot;deviceName&quot;: &quot;offsitec&quot;,
    &quot;self&quot;: &quot;https://t493319102.eu-latest.cumulocity.com/devicecontrol/operations/14275540&quot;,
    &quot;id&quot;: &quot;14275540&quot;,
    &quot;status&quot;: &quot;PENDING&quot;,
    &quot;c8y_LogfileRequest&quot;: {
        &quot;searchText&quot;: &quot;&quot;,
        &quot;logFile&quot;: &quot;software-management&quot;,
        &quot;dateTo&quot;: &quot;2021-11-21T18:55:49+0530&quot;,
        &quot;dateFrom&quot;: &quot;2021-11-15T18:55:49+0530&quot;,
        &quot;maximumLines&quot;: 300
    },
    &quot;description&quot;: &quot;Log file request&quot;
}
10:15:43 DEBUG Final URL of the request: https://thin-edge-io.eu-latest.cumulocity.com/devicecontrol/operations?deviceId=14273295&amp;pageSize=1&amp;revert=true&amp;dateFrom=1970-01-01T00%3A00%3A00.000Z
10:15:43 INFO  State of current operation: PENDING
10:15:43 DEBUG Final URL of the request: https://thin-edge-io.eu-latest.cumulocity.com/devicecontrol/operations?deviceId=14273295&amp;pageSize=1&amp;revert=true&amp;dateFrom=1970-01-01T00%3A00%3A00.000Z
10:15:43 DEBUG State of current operation: {
    &quot;delivery&quot;: {
        &quot;time&quot;: &quot;2022-02-16T10:15:09.472Z&quot;,
        &quot;log&quot;: [
            {
                &quot;time&quot;: &quot;2022-02-16T09:22:46.166Z&quot;,
                &quot;status&quot;: &quot;PENDING&quot;
            },
            {
                &quot;time&quot;: &quot;2022-02-16T09:22:46.185Z&quot;,
                &quot;status&quot;: &quot;SEND&quot;
            },
            {
                &quot;time&quot;: &quot;2022-02-16T09:22:46.219Z&quot;,
                &quot;status&quot;: &quot;DELIVERED&quot;
            },
            {
                &quot;time&quot;: &quot;2022-02-16T09:23:55.047Z&quot;,
                &quot;status&quot;: &quot;PENDING&quot;
            },
            {
                &quot;time&quot;: &quot;2022-02-16T09:23:55.077Z&quot;,
                &quot;status&quot;: &quot;SEND&quot;
            },
            {
                &quot;time&quot;: &quot;2022-02-16T09:23:55.114Z&quot;,
                &quot;status&quot;: &quot;DELIVERED&quot;
            },
            {
                &quot;time&quot;: &quot;2022-02-16T09:23:55.901Z&quot;,
                &quot;status&quot;: &quot;PENDING&quot;
            },
            {
                &quot;time&quot;: &quot;2022-02-16T09:23:55.930Z&quot;,
                &quot;status&quot;: &quot;SEND&quot;
            },
            {
                &quot;time&quot;: &quot;2022-02-16T09:23:55.967Z&quot;,
                &quot;status&quot;: &quot;DELIVERED&quot;
            },
            {
                &quot;time&quot;: &quot;2022-02-16T09:24:55.073Z&quot;,
                &quot;status&quot;: &quot;PENDING&quot;
            },
            {
                &quot;time&quot;: &quot;2022-02-16T09:24:55.106Z&quot;,
                &quot;status&quot;: &quot;SEND&quot;
            },
            {
                &quot;time&quot;: &quot;2022-02-16T09:24:55.144Z&quot;,
                &quot;status&quot;: &quot;DELIVERED&quot;
            },
            {
                &quot;time&quot;: &quot;2022-02-16T09:24:55.971Z&quot;,
                &quot;status&quot;: &quot;PENDING&quot;
            },
            {
                &quot;time&quot;: &quot;2022-02-16T09:24:56.008Z&quot;,
                &quot;status&quot;: &quot;SEND&quot;
            },
            {
                &quot;time&quot;: &quot;2022-02-16T09:24:56.044Z&quot;,
                &quot;status&quot;: &quot;DELIVERED&quot;
            },
            {
                &quot;time&quot;: &quot;2022-02-16T09:26:09.362Z&quot;,
                &quot;status&quot;: &quot;PENDING&quot;
            },
            {
                &quot;time&quot;: &quot;2022-02-16T09:26:09.392Z&quot;,
                &quot;status&quot;: &quot;SEND&quot;
            },
            {
                &quot;time&quot;: &quot;2022-02-16T09:26:09.428Z&quot;,
                &quot;status&quot;: &quot;DELIVERED&quot;
            },
            {
                &quot;time&quot;: &quot;2022-02-16T09:26:10.287Z&quot;,
                &quot;status&quot;: &quot;PENDING&quot;
            },
            {
                &quot;time&quot;: &quot;2022-02-16T09:26:10.317Z&quot;,
                &quot;status&quot;: &quot;SEND&quot;
            },
            {
                &quot;time&quot;: &quot;2022-02-16T09:26:10.353Z&quot;,
                &quot;status&quot;: &quot;DELIVERED&quot;
            },
            {
                &quot;time&quot;: &quot;2022-02-16T09:27:24.861Z&quot;,
                &quot;status&quot;: &quot;PENDING&quot;
            },
            {
                &quot;time&quot;: &quot;2022-02-16T09:27:24.898Z&quot;,
                &quot;status&quot;: &quot;SEND&quot;
            },
            {
                &quot;time&quot;: &quot;2022-02-16T09:27:24.935Z&quot;,
                &quot;status&quot;: &quot;DELIVERED&quot;
            },
            {
                &quot;time&quot;: &quot;2022-02-16T09:27:25.773Z&quot;,
                &quot;status&quot;: &quot;PENDING&quot;
            },
            {
                &quot;time&quot;: &quot;2022-02-16T09:27:25.812Z&quot;,
                &quot;status&quot;: &quot;SEND&quot;
            },
            {
                &quot;time&quot;: &quot;2022-02-16T09:27:25.849Z&quot;,
                &quot;status&quot;: &quot;DELIVERED&quot;
            },
            {
                &quot;time&quot;: &quot;2022-02-16T09:28:06.037Z&quot;,
                &quot;status&quot;: &quot;PENDING&quot;
            },
            {
                &quot;time&quot;: &quot;2022-02-16T09:28:06.069Z&quot;,
                &quot;status&quot;: &quot;SEND&quot;
            },
            {
                &quot;time&quot;: &quot;2022-02-16T09:28:06.107Z&quot;,
                &quot;status&quot;: &quot;DELIVERED&quot;
            },
            {
                &quot;time&quot;: &quot;2022-02-16T09:28:06.968Z&quot;,
                &quot;status&quot;: &quot;PENDING&quot;
            },
            {
                &quot;time&quot;: &quot;2022-02-16T09:28:07.002Z&quot;,
                &quot;status&quot;: &quot;SEND&quot;
            },
            {
                &quot;time&quot;: &quot;2022-02-16T09:28:07.039Z&quot;,
                &quot;status&quot;: &quot;DELIVERED&quot;
            },
            {
                &quot;time&quot;: &quot;2022-02-16T09:28:58.713Z&quot;,
                &quot;status&quot;: &quot;PENDING&quot;
            },
            {
                &quot;time&quot;: &quot;2022-02-16T09:28:58.744Z&quot;,
                &quot;status&quot;: &quot;SEND&quot;
            },
            {
                &quot;time&quot;: &quot;2022-02-16T09:28:58.782Z&quot;,
                &quot;status&quot;: &quot;DELIVERED&quot;
            },
            {
                &quot;time&quot;: &quot;2022-02-16T09:28:59.589Z&quot;,
                &quot;status&quot;: &quot;PENDING&quot;
            },
            {
                &quot;time&quot;: &quot;2022-02-16T09:28:59.620Z&quot;,
                &quot;status&quot;: &quot;SEND&quot;
            },
            {
                &quot;time&quot;: &quot;2022-02-16T09:28:59.658Z&quot;,
                &quot;status&quot;: &quot;DELIVERED&quot;
            },
            {
                &quot;time&quot;: &quot;2022-02-16T09:29:51.098Z&quot;,
                &quot;status&quot;: &quot;PENDING&quot;
            },
            {
                &quot;time&quot;: &quot;2022-02-16T09:29:51.134Z&quot;,
                &quot;status&quot;: &quot;SEND&quot;
            },
            {
                &quot;time&quot;: &quot;2022-02-16T09:29:51.171Z&quot;,
                &quot;status&quot;: &quot;DELIVERED&quot;
            },
            {
                &quot;time&quot;: &quot;2022-02-16T09:29:52.013Z&quot;,
                &quot;status&quot;: &quot;PENDING&quot;
            },
            {
                &quot;time&quot;: &quot;2022-02-16T09:29:52.047Z&quot;,
                &quot;status&quot;: &quot;SEND&quot;
            },
            {
                &quot;time&quot;: &quot;2022-02-16T09:29:52.089Z&quot;,
                &quot;status&quot;: &quot;DELIVERED&quot;
            },
            {
                &quot;time&quot;: &quot;2022-02-16T09:30:33.494Z&quot;,
                &quot;status&quot;: &quot;PENDING&quot;
            },
            {
                &quot;time&quot;: &quot;2022-02-16T09:30:33.534Z&quot;,
                &quot;status&quot;: &quot;SEND&quot;
            },
            {
                &quot;time&quot;: &quot;2022-02-16T09:30:33.571Z&quot;,
                &quot;status&quot;: &quot;DELIVERED&quot;
            },
            {
                &quot;time&quot;: &quot;2022-02-16T09:30:34.412Z&quot;,
                &quot;status&quot;: &quot;PENDING&quot;
            },
            {
                &quot;time&quot;: &quot;2022-02-16T09:30:34.453Z&quot;,
                &quot;status&quot;: &quot;SEND&quot;
            },
            {
                &quot;time&quot;: &quot;2022-02-16T09:30:34.488Z&quot;,
                &quot;status&quot;: &quot;DELIVERED&quot;
            },
            {
                &quot;time&quot;: &quot;2022-02-16T09:32:49.337Z&quot;,
                &quot;status&quot;: &quot;PENDING&quot;
            },
            {
                &quot;time&quot;: &quot;2022-02-16T09:32:49.371Z&quot;,
                &quot;status&quot;: &quot;SEND&quot;
            },
            {
                &quot;time&quot;: &quot;2022-02-16T09:32:49.408Z&quot;,
                &quot;status&quot;: &quot;DELIVERED&quot;
            },
            {
                &quot;time&quot;: &quot;2022-02-16T09:32:50.347Z&quot;,
                &quot;status&quot;: &quot;PENDING&quot;
            },
            {
                &quot;time&quot;: &quot;2022-02-16T09:32:50.382Z&quot;,
                &quot;status&quot;: &quot;SEND&quot;
            },
            {
                &quot;time&quot;: &quot;2022-02-16T09:32:50.423Z&quot;,
                &quot;status&quot;: &quot;DELIVERED&quot;
            },
            {
                &quot;time&quot;: &quot;2022-02-16T09:35:18.696Z&quot;,
                &quot;status&quot;: &quot;PENDING&quot;
            },
            {
                &quot;time&quot;: &quot;2022-02-16T09:35:18.734Z&quot;,
                &quot;status&quot;: &quot;SEND&quot;
            },
            {
                &quot;time&quot;: &quot;2022-02-16T09:35:18.769Z&quot;,
                &quot;status&quot;: &quot;DELIVERED&quot;
            },
            {
                &quot;time&quot;: &quot;2022-02-16T09:35:41.813Z&quot;,
                &quot;status&quot;: &quot;PENDING&quot;
            },
            {
                &quot;time&quot;: &quot;2022-02-16T09:35:41.852Z&quot;,
                &quot;status&quot;: &quot;SEND&quot;
            },
            {
                &quot;time&quot;: &quot;2022-02-16T09:35:41.891Z&quot;,
                &quot;status&quot;: &quot;DELIVERED&quot;
            },
            {
                &quot;time&quot;: &quot;2022-02-16T09:35:42.766Z&quot;,
                &quot;status&quot;: &quot;PENDING&quot;
            },
            {
                &quot;time&quot;: &quot;2022-02-16T09:35:42.811Z&quot;,
                &quot;status&quot;: &quot;SEND&quot;
            },
            {
                &quot;time&quot;: &quot;2022-02-16T09:35:42.849Z&quot;,
                &quot;status&quot;: &quot;DELIVERED&quot;
            },
            {
                &quot;time&quot;: &quot;2022-02-16T09:36:06.394Z&quot;,
                &quot;status&quot;: &quot;PENDING&quot;
            },
            {
                &quot;time&quot;: &quot;2022-02-16T09:36:06.432Z&quot;,
                &quot;status&quot;: &quot;SEND&quot;
            },
            {
                &quot;time&quot;: &quot;2022-02-16T09:36:06.488Z&quot;,
                &quot;status&quot;: &quot;DELIVERED&quot;
            },
            {
                &quot;time&quot;: &quot;2022-02-16T09:36:07.318Z&quot;,
                &quot;status&quot;: &quot;PENDING&quot;
            },
            {
                &quot;time&quot;: &quot;2022-02-16T09:36:07.358Z&quot;,
                &quot;status&quot;: &quot;SEND&quot;
            },
            {
                &quot;time&quot;: &quot;2022-02-16T09:36:07.393Z&quot;,
                &quot;status&quot;: &quot;DELIVERED&quot;
            },
            {
                &quot;time&quot;: &quot;2022-02-16T09:36:30.178Z&quot;,
                &quot;status&quot;: &quot;PENDING&quot;
            },
            {
                &quot;time&quot;: &quot;2022-02-16T09:36:30.210Z&quot;,
                &quot;status&quot;: &quot;SEND&quot;
            },
            {
                &quot;time&quot;: &quot;2022-02-16T09:36:30.248Z&quot;,
                &quot;status&quot;: &quot;DELIVERED&quot;
            },
            {
                &quot;time&quot;: &quot;2022-02-16T09:36:31.123Z&quot;,
                &quot;status&quot;: &quot;PENDING&quot;
            },
            {
                &quot;time&quot;: &quot;2022-02-16T09:36:31.156Z&quot;,
                &quot;status&quot;: &quot;SEND&quot;
            },
            {
                &quot;time&quot;: &quot;2022-02-16T09:36:31.207Z&quot;,
                &quot;status&quot;: &quot;DELIVERED&quot;
            },
            {
                &quot;time&quot;: &quot;2022-02-16T09:37:08.443Z&quot;,
                &quot;status&quot;: &quot;PENDING&quot;
            },
            {
                &quot;time&quot;: &quot;2022-02-16T09:37:08.481Z&quot;,
                &quot;status&quot;: &quot;SEND&quot;
            },
            {
                &quot;time&quot;: &quot;2022-02-16T09:37:08.522Z&quot;,
                &quot;status&quot;: &quot;DELIVERED&quot;
            },
            {
                &quot;time&quot;: &quot;2022-02-16T09:37:09.439Z&quot;,
                &quot;status&quot;: &quot;PENDING&quot;
            },
            {
                &quot;time&quot;: &quot;2022-02-16T09:37:09.478Z&quot;,
                &quot;status&quot;: &quot;SEND&quot;
            },
            {
                &quot;time&quot;: &quot;2022-02-16T09:37:09.516Z&quot;,
                &quot;status&quot;: &quot;DELIVERED&quot;
            },
            {
                &quot;time&quot;: &quot;2022-02-16T09:37:13.026Z&quot;,
                &quot;status&quot;: &quot;PENDING&quot;
            },
            {
                &quot;time&quot;: &quot;2022-02-16T09:37:13.068Z&quot;,
                &quot;status&quot;: &quot;SEND&quot;
            },
            {
                &quot;time&quot;: &quot;2022-02-16T09:37:13.106Z&quot;,
                &quot;status&quot;: &quot;DELIVERED&quot;
            },
            {
                &quot;time&quot;: &quot;2022-02-16T09:37:37.817Z&quot;,
                &quot;status&quot;: &quot;PENDING&quot;
            },
            {
                &quot;time&quot;: &quot;2022-02-16T09:37:37.857Z&quot;,
                &quot;status&quot;: &quot;SEND&quot;
            },
            {
                &quot;time&quot;: &quot;2022-02-16T09:37:37.893Z&quot;,
                &quot;status&quot;: &quot;DELIVERED&quot;
            },
            {
                &quot;time&quot;: &quot;2022-02-16T09:37:38.638Z&quot;,
                &quot;status&quot;: &quot;PENDING&quot;
            },
            {
                &quot;time&quot;: &quot;2022-02-16T09:37:38.675Z&quot;,
                &quot;status&quot;: &quot;SEND&quot;
            },
            {
                &quot;time&quot;: &quot;2022-02-16T09:37:38.712Z&quot;,
                &quot;status&quot;: &quot;DELIVERED&quot;
            },
            {
                &quot;time&quot;: &quot;2022-02-16T09:38:03.926Z&quot;,
                &quot;status&quot;: &quot;PENDING&quot;
            },
            {
                &quot;time&quot;: &quot;2022-02-16T09:38:03.965Z&quot;,
                &quot;status&quot;: &quot;SEND&quot;
            },
            {
                &quot;time&quot;: &quot;2022-02-16T09:38:04.001Z&quot;,
                &quot;status&quot;: &quot;DELIVERED&quot;
            },
            {
                &quot;time&quot;: &quot;2022-02-16T09:38:04.819Z&quot;,
                &quot;status&quot;: &quot;PENDING&quot;
            },
            {
                &quot;time&quot;: &quot;2022-02-16T09:38:04.864Z&quot;,
                &quot;status&quot;: &quot;SEND&quot;
            },
            {
                &quot;time&quot;: &quot;2022-02-16T09:38:04.911Z&quot;,
                &quot;status&quot;: &quot;DELIVERED&quot;
            },
            {
                &quot;time&quot;: &quot;2022-02-16T09:53:50.860Z&quot;,
                &quot;status&quot;: &quot;PENDING&quot;
            },
            {
                &quot;time&quot;: &quot;2022-02-16T09:53:50.900Z&quot;,
                &quot;status&quot;: &quot;SEND&quot;
            },
            {
                &quot;time&quot;: &quot;2022-02-16T09:53:50.939Z&quot;,
                &quot;status&quot;: &quot;DELIVERED&quot;
            },
            {
                &quot;time&quot;: &quot;2022-02-16T09:53:51.831Z&quot;,
                &quot;status&quot;: &quot;PENDING&quot;
            },
            {
                &quot;time&quot;: &quot;2022-02-16T09:53:51.869Z&quot;,
                &quot;status&quot;: &quot;SEND&quot;
            },
            {
                &quot;time&quot;: &quot;2022-02-16T09:53:51.917Z&quot;,
                &quot;status&quot;: &quot;DELIVERED&quot;
            },
            {
                &quot;time&quot;: &quot;2022-02-16T09:56:32.333Z&quot;,
                &quot;status&quot;: &quot;PENDING&quot;
            },
            {
                &quot;time&quot;: &quot;2022-02-16T09:56:32.376Z&quot;,
                &quot;status&quot;: &quot;SEND&quot;
            },
            {
                &quot;time&quot;: &quot;2022-02-16T09:56:32.413Z&quot;,
                &quot;status&quot;: &quot;DELIVERED&quot;
            },
            {
                &quot;time&quot;: &quot;2022-02-16T09:56:33.226Z&quot;,
                &quot;status&quot;: &quot;PENDING&quot;
            },
            {
                &quot;time&quot;: &quot;2022-02-16T09:56:33.279Z&quot;,
                &quot;status&quot;: &quot;SEND&quot;
            },
            {
                &quot;time&quot;: &quot;2022-02-16T09:56:33.321Z&quot;,
                &quot;status&quot;: &quot;DELIVERED&quot;
            },
            {
                &quot;time&quot;: &quot;2022-02-16T09:59:11.843Z&quot;,
                &quot;status&quot;: &quot;PENDING&quot;
            },
            {
                &quot;time&quot;: &quot;2022-02-16T09:59:11.885Z&quot;,
                &quot;status&quot;: &quot;SEND&quot;
            },
            {
                &quot;time&quot;: &quot;2022-02-16T09:59:11.929Z&quot;,
                &quot;status&quot;: &quot;DELIVERED&quot;
            },
            {
                &quot;time&quot;: &quot;2022-02-16T09:59:12.799Z&quot;,
                &quot;status&quot;: &quot;PENDING&quot;
            },
            {
                &quot;time&quot;: &quot;2022-02-16T09:59:12.857Z&quot;,
                &quot;status&quot;: &quot;SEND&quot;
            },
            {
                &quot;time&quot;: &quot;2022-02-16T09:59:12.913Z&quot;,
                &quot;status&quot;: &quot;DELIVERED&quot;
            },
            {
                &quot;time&quot;: &quot;2022-02-16T10:01:50.751Z&quot;,
                &quot;status&quot;: &quot;PENDING&quot;
            },
            {
                &quot;time&quot;: &quot;2022-02-16T10:01:50.791Z&quot;,
                &quot;status&quot;: &quot;SEND&quot;
            },
            {
                &quot;time&quot;: &quot;2022-02-16T10:01:50.828Z&quot;,
                &quot;status&quot;: &quot;DELIVERED&quot;
            },
            {
                &quot;time&quot;: &quot;2022-02-16T10:01:51.673Z&quot;,
                &quot;status&quot;: &quot;PENDING&quot;
            },
            {
                &quot;time&quot;: &quot;2022-02-16T10:01:51.713Z&quot;,
                &quot;status&quot;: &quot;SEND&quot;
            },
            {
                &quot;time&quot;: &quot;2022-02-16T10:01:51.755Z&quot;,
                &quot;status&quot;: &quot;DELIVERED&quot;
            },
            {
                &quot;time&quot;: &quot;2022-02-16T10:04:30.106Z&quot;,
                &quot;status&quot;: &quot;PENDING&quot;
            },
            {
                &quot;time&quot;: &quot;2022-02-16T10:04:30.153Z&quot;,
                &quot;status&quot;: &quot;SEND&quot;
            },
            {
                &quot;time&quot;: &quot;2022-02-16T10:04:30.200Z&quot;,
                &quot;status&quot;: &quot;DELIVERED&quot;
            },
            {
                &quot;time&quot;: &quot;2022-02-16T10:04:31.076Z&quot;,
                &quot;status&quot;: &quot;PENDING&quot;
            },
            {
                &quot;time&quot;: &quot;2022-02-16T10:04:31.122Z&quot;,
                &quot;status&quot;: &quot;SEND&quot;
            },
            {
                &quot;time&quot;: &quot;2022-02-16T10:04:31.164Z&quot;,
                &quot;status&quot;: &quot;DELIVERED&quot;
            },
            {
                &quot;time&quot;: &quot;2022-02-16T10:07:10.462Z&quot;,
                &quot;status&quot;: &quot;PENDING&quot;
            },
            {
                &quot;time&quot;: &quot;2022-02-16T10:07:10.499Z&quot;,
                &quot;status&quot;: &quot;SEND&quot;
            },
            {
                &quot;time&quot;: &quot;2022-02-16T10:07:10.537Z&quot;,
                &quot;status&quot;: &quot;DELIVERED&quot;
            },
            {
                &quot;time&quot;: &quot;2022-02-16T10:07:11.343Z&quot;,
                &quot;status&quot;: &quot;PENDING&quot;
            },
            {
                &quot;time&quot;: &quot;2022-02-16T10:07:11.380Z&quot;,
                &quot;status&quot;: &quot;SEND&quot;
            },
            {
                &quot;time&quot;: &quot;2022-02-16T10:07:11.418Z&quot;,
                &quot;status&quot;: &quot;DELIVERED&quot;
            },
            {
                &quot;time&quot;: &quot;2022-02-16T10:09:49.720Z&quot;,
                &quot;status&quot;: &quot;PENDING&quot;
            },
            {
                &quot;time&quot;: &quot;2022-02-16T10:09:49.762Z&quot;,
                &quot;status&quot;: &quot;SEND&quot;
            },
            {
                &quot;time&quot;: &quot;2022-02-16T10:09:49.803Z&quot;,
                &quot;status&quot;: &quot;DELIVERED&quot;
            },
            {
                &quot;time&quot;: &quot;2022-02-16T10:09:50.610Z&quot;,
                &quot;status&quot;: &quot;PENDING&quot;
            },
            {
                &quot;time&quot;: &quot;2022-02-16T10:09:50.651Z&quot;,
                &quot;status&quot;: &quot;SEND&quot;
            },
            {
                &quot;time&quot;: &quot;2022-02-16T10:09:50.691Z&quot;,
                &quot;status&quot;: &quot;DELIVERED&quot;
            },
            {
                &quot;time&quot;: &quot;2022-02-16T10:12:29.403Z&quot;,
                &quot;status&quot;: &quot;PENDING&quot;
            },
            {
                &quot;time&quot;: &quot;2022-02-16T10:12:29.449Z&quot;,
                &quot;status&quot;: &quot;SEND&quot;
            },
            {
                &quot;time&quot;: &quot;2022-02-16T10:12:29.494Z&quot;,
                &quot;status&quot;: &quot;DELIVERED&quot;
            },
            {
                &quot;time&quot;: &quot;2022-02-16T10:12:30.338Z&quot;,
                &quot;status&quot;: &quot;PENDING&quot;
            },
            {
                &quot;time&quot;: &quot;2022-02-16T10:12:30.379Z&quot;,
                &quot;status&quot;: &quot;SEND&quot;
            },
            {
                &quot;time&quot;: &quot;2022-02-16T10:12:30.423Z&quot;,
                &quot;status&quot;: &quot;DELIVERED&quot;
            },
            {
                &quot;time&quot;: &quot;2022-02-16T10:15:08.464Z&quot;,
                &quot;status&quot;: &quot;PENDING&quot;
            },
            {
                &quot;time&quot;: &quot;2022-02-16T10:15:08.507Z&quot;,
                &quot;status&quot;: &quot;SEND&quot;
            },
            {
                &quot;time&quot;: &quot;2022-02-16T10:15:08.549Z&quot;,
                &quot;status&quot;: &quot;DELIVERED&quot;
            },
            {
                &quot;time&quot;: &quot;2022-02-16T10:15:09.384Z&quot;,
                &quot;status&quot;: &quot;PENDING&quot;
            },
            {
                &quot;time&quot;: &quot;2022-02-16T10:15:09.428Z&quot;,
                &quot;status&quot;: &quot;SEND&quot;
            }
        ],
        &quot;status&quot;: &quot;DELIVERED&quot;
    },
    &quot;creationTime&quot;: &quot;2022-02-16T09:22:46.140Z&quot;,
    &quot;deviceId&quot;: &quot;14273295&quot;,
    &quot;deviceName&quot;: &quot;offsitec&quot;,
    &quot;self&quot;: &quot;https://t493319102.eu-latest.cumulocity.com/devicecontrol/operations/14275540&quot;,
    &quot;id&quot;: &quot;14275540&quot;,
    &quot;status&quot;: &quot;PENDING&quot;,
    &quot;c8y_LogfileRequest&quot;: {
        &quot;searchText&quot;: &quot;&quot;,
        &quot;logFile&quot;: &quot;software-management&quot;,
        &quot;dateTo&quot;: &quot;2021-11-21T18:55:49+0530&quot;,
        &quot;dateFrom&quot;: &quot;2021-11-15T18:55:49+0530&quot;,
        &quot;maximumLines&quot;: 300
    },
    &quot;description&quot;: &quot;Log file request&quot;
}
10:15:46 DEBUG Final URL of the request: https://thin-edge-io.eu-latest.cumulocity.com/devicecontrol/operations?deviceId=14273295&amp;pageSize=1&amp;revert=true&amp;dateFrom=1970-01-01T00%3A00%3A00.000Z
10:15:46 INFO  State of current operation: PENDING
10:15:46 DEBUG Final URL of the request: https://thin-edge-io.eu-latest.cumulocity.com/devicecontrol/operations?deviceId=14273295&amp;pageSize=1&amp;revert=true&amp;dateFrom=1970-01-01T00%3A00%3A00.000Z
10:15:46 DEBUG State of current operation: {
    &quot;delivery&quot;: {
        &quot;time&quot;: &quot;2022-02-16T10:15:09.472Z&quot;,
        &quot;log&quot;: [
            {
                &quot;time&quot;: &quot;2022-02-16T09:22:46.166Z&quot;,
                &quot;status&quot;: &quot;PENDING&quot;
            },
            {
                &quot;time&quot;: &quot;2022-02-16T09:22:46.185Z&quot;,
                &quot;status&quot;: &quot;SEND&quot;
            },
            {
                &quot;time&quot;: &quot;2022-02-16T09:22:46.219Z&quot;,
                &quot;status&quot;: &quot;DELIVERED&quot;
            },
            {
                &quot;time&quot;: &quot;2022-02-16T09:23:55.047Z&quot;,
                &quot;status&quot;: &quot;PENDING&quot;
            },
            {
                &quot;time&quot;: &quot;2022-02-16T09:23:55.077Z&quot;,
                &quot;status&quot;: &quot;SEND&quot;
            },
            {
                &quot;time&quot;: &quot;2022-02-16T09:23:55.114Z&quot;,
                &quot;status&quot;: &quot;DELIVERED&quot;
            },
            {
                &quot;time&quot;: &quot;2022-02-16T09:23:55.901Z&quot;,
                &quot;status&quot;: &quot;PENDING&quot;
            },
            {
                &quot;time&quot;: &quot;2022-02-16T09:23:55.930Z&quot;,
                &quot;status&quot;: &quot;SEND&quot;
            },
            {
                &quot;time&quot;: &quot;2022-02-16T09:23:55.967Z&quot;,
                &quot;status&quot;: &quot;DELIVERED&quot;
            },
            {
                &quot;time&quot;: &quot;2022-02-16T09:24:55.073Z&quot;,
                &quot;status&quot;: &quot;PENDING&quot;
            },
            {
                &quot;time&quot;: &quot;2022-02-16T09:24:55.106Z&quot;,
                &quot;status&quot;: &quot;SEND&quot;
            },
            {
                &quot;time&quot;: &quot;2022-02-16T09:24:55.144Z&quot;,
                &quot;status&quot;: &quot;DELIVERED&quot;
            },
            {
                &quot;time&quot;: &quot;2022-02-16T09:24:55.971Z&quot;,
                &quot;status&quot;: &quot;PENDING&quot;
            },
            {
                &quot;time&quot;: &quot;2022-02-16T09:24:56.008Z&quot;,
                &quot;status&quot;: &quot;SEND&quot;
            },
            {
                &quot;time&quot;: &quot;2022-02-16T09:24:56.044Z&quot;,
                &quot;status&quot;: &quot;DELIVERED&quot;
            },
            {
                &quot;time&quot;: &quot;2022-02-16T09:26:09.362Z&quot;,
                &quot;status&quot;: &quot;PENDING&quot;
            },
            {
                &quot;time&quot;: &quot;2022-02-16T09:26:09.392Z&quot;,
                &quot;status&quot;: &quot;SEND&quot;
            },
            {
                &quot;time&quot;: &quot;2022-02-16T09:26:09.428Z&quot;,
                &quot;status&quot;: &quot;DELIVERED&quot;
            },
            {
                &quot;time&quot;: &quot;2022-02-16T09:26:10.287Z&quot;,
                &quot;status&quot;: &quot;PENDING&quot;
            },
            {
                &quot;time&quot;: &quot;2022-02-16T09:26:10.317Z&quot;,
                &quot;status&quot;: &quot;SEND&quot;
            },
            {
                &quot;time&quot;: &quot;2022-02-16T09:26:10.353Z&quot;,
                &quot;status&quot;: &quot;DELIVERED&quot;
            },
            {
                &quot;time&quot;: &quot;2022-02-16T09:27:24.861Z&quot;,
                &quot;status&quot;: &quot;PENDING&quot;
            },
            {
                &quot;time&quot;: &quot;2022-02-16T09:27:24.898Z&quot;,
                &quot;status&quot;: &quot;SEND&quot;
            },
            {
                &quot;time&quot;: &quot;2022-02-16T09:27:24.935Z&quot;,
                &quot;status&quot;: &quot;DELIVERED&quot;
            },
            {
                &quot;time&quot;: &quot;2022-02-16T09:27:25.773Z&quot;,
                &quot;status&quot;: &quot;PENDING&quot;
            },
            {
                &quot;time&quot;: &quot;2022-02-16T09:27:25.812Z&quot;,
                &quot;status&quot;: &quot;SEND&quot;
            },
            {
                &quot;time&quot;: &quot;2022-02-16T09:27:25.849Z&quot;,
                &quot;status&quot;: &quot;DELIVERED&quot;
            },
            {
                &quot;time&quot;: &quot;2022-02-16T09:28:06.037Z&quot;,
                &quot;status&quot;: &quot;PENDING&quot;
            },
            {
                &quot;time&quot;: &quot;2022-02-16T09:28:06.069Z&quot;,
                &quot;status&quot;: &quot;SEND&quot;
            },
            {
                &quot;time&quot;: &quot;2022-02-16T09:28:06.107Z&quot;,
                &quot;status&quot;: &quot;DELIVERED&quot;
            },
            {
                &quot;time&quot;: &quot;2022-02-16T09:28:06.968Z&quot;,
                &quot;status&quot;: &quot;PENDING&quot;
            },
            {
                &quot;time&quot;: &quot;2022-02-16T09:28:07.002Z&quot;,
                &quot;status&quot;: &quot;SEND&quot;
            },
            {
                &quot;time&quot;: &quot;2022-02-16T09:28:07.039Z&quot;,
                &quot;status&quot;: &quot;DELIVERED&quot;
            },
            {
                &quot;time&quot;: &quot;2022-02-16T09:28:58.713Z&quot;,
                &quot;status&quot;: &quot;PENDING&quot;
            },
            {
                &quot;time&quot;: &quot;2022-02-16T09:28:58.744Z&quot;,
                &quot;status&quot;: &quot;SEND&quot;
            },
            {
                &quot;time&quot;: &quot;2022-02-16T09:28:58.782Z&quot;,
                &quot;status&quot;: &quot;DELIVERED&quot;
            },
            {
                &quot;time&quot;: &quot;2022-02-16T09:28:59.589Z&quot;,
                &quot;status&quot;: &quot;PENDING&quot;
            },
            {
                &quot;time&quot;: &quot;2022-02-16T09:28:59.620Z&quot;,
                &quot;status&quot;: &quot;SEND&quot;
            },
            {
                &quot;time&quot;: &quot;2022-02-16T09:28:59.658Z&quot;,
                &quot;status&quot;: &quot;DELIVERED&quot;
            },
            {
                &quot;time&quot;: &quot;2022-02-16T09:29:51.098Z&quot;,
                &quot;status&quot;: &quot;PENDING&quot;
            },
            {
                &quot;time&quot;: &quot;2022-02-16T09:29:51.134Z&quot;,
                &quot;status&quot;: &quot;SEND&quot;
            },
            {
                &quot;time&quot;: &quot;2022-02-16T09:29:51.171Z&quot;,
                &quot;status&quot;: &quot;DELIVERED&quot;
            },
            {
                &quot;time&quot;: &quot;2022-02-16T09:29:52.013Z&quot;,
                &quot;status&quot;: &quot;PENDING&quot;
            },
            {
                &quot;time&quot;: &quot;2022-02-16T09:29:52.047Z&quot;,
                &quot;status&quot;: &quot;SEND&quot;
            },
            {
                &quot;time&quot;: &quot;2022-02-16T09:29:52.089Z&quot;,
                &quot;status&quot;: &quot;DELIVERED&quot;
            },
            {
                &quot;time&quot;: &quot;2022-02-16T09:30:33.494Z&quot;,
                &quot;status&quot;: &quot;PENDING&quot;
            },
            {
                &quot;time&quot;: &quot;2022-02-16T09:30:33.534Z&quot;,
                &quot;status&quot;: &quot;SEND&quot;
            },
            {
                &quot;time&quot;: &quot;2022-02-16T09:30:33.571Z&quot;,
                &quot;status&quot;: &quot;DELIVERED&quot;
            },
            {
                &quot;time&quot;: &quot;2022-02-16T09:30:34.412Z&quot;,
                &quot;status&quot;: &quot;PENDING&quot;
            },
            {
                &quot;time&quot;: &quot;2022-02-16T09:30:34.453Z&quot;,
                &quot;status&quot;: &quot;SEND&quot;
            },
            {
                &quot;time&quot;: &quot;2022-02-16T09:30:34.488Z&quot;,
                &quot;status&quot;: &quot;DELIVERED&quot;
            },
            {
                &quot;time&quot;: &quot;2022-02-16T09:32:49.337Z&quot;,
                &quot;status&quot;: &quot;PENDING&quot;
            },
            {
                &quot;time&quot;: &quot;2022-02-16T09:32:49.371Z&quot;,
                &quot;status&quot;: &quot;SEND&quot;
            },
            {
                &quot;time&quot;: &quot;2022-02-16T09:32:49.408Z&quot;,
                &quot;status&quot;: &quot;DELIVERED&quot;
            },
            {
                &quot;time&quot;: &quot;2022-02-16T09:32:50.347Z&quot;,
                &quot;status&quot;: &quot;PENDING&quot;
            },
            {
                &quot;time&quot;: &quot;2022-02-16T09:32:50.382Z&quot;,
                &quot;status&quot;: &quot;SEND&quot;
            },
            {
                &quot;time&quot;: &quot;2022-02-16T09:32:50.423Z&quot;,
                &quot;status&quot;: &quot;DELIVERED&quot;
            },
            {
                &quot;time&quot;: &quot;2022-02-16T09:35:18.696Z&quot;,
                &quot;status&quot;: &quot;PENDING&quot;
            },
            {
                &quot;time&quot;: &quot;2022-02-16T09:35:18.734Z&quot;,
                &quot;status&quot;: &quot;SEND&quot;
            },
            {
                &quot;time&quot;: &quot;2022-02-16T09:35:18.769Z&quot;,
                &quot;status&quot;: &quot;DELIVERED&quot;
            },
            {
                &quot;time&quot;: &quot;2022-02-16T09:35:41.813Z&quot;,
                &quot;status&quot;: &quot;PENDING&quot;
            },
            {
                &quot;time&quot;: &quot;2022-02-16T09:35:41.852Z&quot;,
                &quot;status&quot;: &quot;SEND&quot;
            },
            {
                &quot;time&quot;: &quot;2022-02-16T09:35:41.891Z&quot;,
                &quot;status&quot;: &quot;DELIVERED&quot;
            },
            {
                &quot;time&quot;: &quot;2022-02-16T09:35:42.766Z&quot;,
                &quot;status&quot;: &quot;PENDING&quot;
            },
            {
                &quot;time&quot;: &quot;2022-02-16T09:35:42.811Z&quot;,
                &quot;status&quot;: &quot;SEND&quot;
            },
            {
                &quot;time&quot;: &quot;2022-02-16T09:35:42.849Z&quot;,
                &quot;status&quot;: &quot;DELIVERED&quot;
            },
            {
                &quot;time&quot;: &quot;2022-02-16T09:36:06.394Z&quot;,
                &quot;status&quot;: &quot;PENDING&quot;
            },
            {
                &quot;time&quot;: &quot;2022-02-16T09:36:06.432Z&quot;,
                &quot;status&quot;: &quot;SEND&quot;
            },
            {
                &quot;time&quot;: &quot;2022-02-16T09:36:06.488Z&quot;,
                &quot;status&quot;: &quot;DELIVERED&quot;
            },
            {
                &quot;time&quot;: &quot;2022-02-16T09:36:07.318Z&quot;,
                &quot;status&quot;: &quot;PENDING&quot;
            },
            {
                &quot;time&quot;: &quot;2022-02-16T09:36:07.358Z&quot;,
                &quot;status&quot;: &quot;SEND&quot;
            },
            {
                &quot;time&quot;: &quot;2022-02-16T09:36:07.393Z&quot;,
                &quot;status&quot;: &quot;DELIVERED&quot;
            },
            {
                &quot;time&quot;: &quot;2022-02-16T09:36:30.178Z&quot;,
                &quot;status&quot;: &quot;PENDING&quot;
            },
            {
                &quot;time&quot;: &quot;2022-02-16T09:36:30.210Z&quot;,
                &quot;status&quot;: &quot;SEND&quot;
            },
            {
                &quot;time&quot;: &quot;2022-02-16T09:36:30.248Z&quot;,
                &quot;status&quot;: &quot;DELIVERED&quot;
            },
            {
                &quot;time&quot;: &quot;2022-02-16T09:36:31.123Z&quot;,
                &quot;status&quot;: &quot;PENDING&quot;
            },
            {
                &quot;time&quot;: &quot;2022-02-16T09:36:31.156Z&quot;,
                &quot;status&quot;: &quot;SEND&quot;
            },
            {
                &quot;time&quot;: &quot;2022-02-16T09:36:31.207Z&quot;,
                &quot;status&quot;: &quot;DELIVERED&quot;
            },
            {
                &quot;time&quot;: &quot;2022-02-16T09:37:08.443Z&quot;,
                &quot;status&quot;: &quot;PENDING&quot;
            },
            {
                &quot;time&quot;: &quot;2022-02-16T09:37:08.481Z&quot;,
                &quot;status&quot;: &quot;SEND&quot;
            },
            {
                &quot;time&quot;: &quot;2022-02-16T09:37:08.522Z&quot;,
                &quot;status&quot;: &quot;DELIVERED&quot;
            },
            {
                &quot;time&quot;: &quot;2022-02-16T09:37:09.439Z&quot;,
                &quot;status&quot;: &quot;PENDING&quot;
            },
            {
                &quot;time&quot;: &quot;2022-02-16T09:37:09.478Z&quot;,
                &quot;status&quot;: &quot;SEND&quot;
            },
            {
                &quot;time&quot;: &quot;2022-02-16T09:37:09.516Z&quot;,
                &quot;status&quot;: &quot;DELIVERED&quot;
            },
            {
                &quot;time&quot;: &quot;2022-02-16T09:37:13.026Z&quot;,
                &quot;status&quot;: &quot;PENDING&quot;
            },
            {
                &quot;time&quot;: &quot;2022-02-16T09:37:13.068Z&quot;,
                &quot;status&quot;: &quot;SEND&quot;
            },
            {
                &quot;time&quot;: &quot;2022-02-16T09:37:13.106Z&quot;,
                &quot;status&quot;: &quot;DELIVERED&quot;
            },
            {
                &quot;time&quot;: &quot;2022-02-16T09:37:37.817Z&quot;,
                &quot;status&quot;: &quot;PENDING&quot;
            },
            {
                &quot;time&quot;: &quot;2022-02-16T09:37:37.857Z&quot;,
                &quot;status&quot;: &quot;SEND&quot;
            },
            {
                &quot;time&quot;: &quot;2022-02-16T09:37:37.893Z&quot;,
                &quot;status&quot;: &quot;DELIVERED&quot;
            },
            {
                &quot;time&quot;: &quot;2022-02-16T09:37:38.638Z&quot;,
                &quot;status&quot;: &quot;PENDING&quot;
            },
            {
                &quot;time&quot;: &quot;2022-02-16T09:37:38.675Z&quot;,
                &quot;status&quot;: &quot;SEND&quot;
            },
            {
                &quot;time&quot;: &quot;2022-02-16T09:37:38.712Z&quot;,
                &quot;status&quot;: &quot;DELIVERED&quot;
            },
            {
                &quot;time&quot;: &quot;2022-02-16T09:38:03.926Z&quot;,
                &quot;status&quot;: &quot;PENDING&quot;
            },
            {
                &quot;time&quot;: &quot;2022-02-16T09:38:03.965Z&quot;,
                &quot;status&quot;: &quot;SEND&quot;
            },
            {
                &quot;time&quot;: &quot;2022-02-16T09:38:04.001Z&quot;,
                &quot;status&quot;: &quot;DELIVERED&quot;
            },
            {
                &quot;time&quot;: &quot;2022-02-16T09:38:04.819Z&quot;,
                &quot;status&quot;: &quot;PENDING&quot;
            },
            {
                &quot;time&quot;: &quot;2022-02-16T09:38:04.864Z&quot;,
                &quot;status&quot;: &quot;SEND&quot;
            },
            {
                &quot;time&quot;: &quot;2022-02-16T09:38:04.911Z&quot;,
                &quot;status&quot;: &quot;DELIVERED&quot;
            },
            {
                &quot;time&quot;: &quot;2022-02-16T09:53:50.860Z&quot;,
                &quot;status&quot;: &quot;PENDING&quot;
            },
            {
                &quot;time&quot;: &quot;2022-02-16T09:53:50.900Z&quot;,
                &quot;status&quot;: &quot;SEND&quot;
            },
            {
                &quot;time&quot;: &quot;2022-02-16T09:53:50.939Z&quot;,
                &quot;status&quot;: &quot;DELIVERED&quot;
            },
            {
                &quot;time&quot;: &quot;2022-02-16T09:53:51.831Z&quot;,
                &quot;status&quot;: &quot;PENDING&quot;
            },
            {
                &quot;time&quot;: &quot;2022-02-16T09:53:51.869Z&quot;,
                &quot;status&quot;: &quot;SEND&quot;
            },
            {
                &quot;time&quot;: &quot;2022-02-16T09:53:51.917Z&quot;,
                &quot;status&quot;: &quot;DELIVERED&quot;
            },
            {
                &quot;time&quot;: &quot;2022-02-16T09:56:32.333Z&quot;,
                &quot;status&quot;: &quot;PENDING&quot;
            },
            {
                &quot;time&quot;: &quot;2022-02-16T09:56:32.376Z&quot;,
                &quot;status&quot;: &quot;SEND&quot;
            },
            {
                &quot;time&quot;: &quot;2022-02-16T09:56:32.413Z&quot;,
                &quot;status&quot;: &quot;DELIVERED&quot;
            },
            {
                &quot;time&quot;: &quot;2022-02-16T09:56:33.226Z&quot;,
                &quot;status&quot;: &quot;PENDING&quot;
            },
            {
                &quot;time&quot;: &quot;2022-02-16T09:56:33.279Z&quot;,
                &quot;status&quot;: &quot;SEND&quot;
            },
            {
                &quot;time&quot;: &quot;2022-02-16T09:56:33.321Z&quot;,
                &quot;status&quot;: &quot;DELIVERED&quot;
            },
            {
                &quot;time&quot;: &quot;2022-02-16T09:59:11.843Z&quot;,
                &quot;status&quot;: &quot;PENDING&quot;
            },
            {
                &quot;time&quot;: &quot;2022-02-16T09:59:11.885Z&quot;,
                &quot;status&quot;: &quot;SEND&quot;
            },
            {
                &quot;time&quot;: &quot;2022-02-16T09:59:11.929Z&quot;,
                &quot;status&quot;: &quot;DELIVERED&quot;
            },
            {
                &quot;time&quot;: &quot;2022-02-16T09:59:12.799Z&quot;,
                &quot;status&quot;: &quot;PENDING&quot;
            },
            {
                &quot;time&quot;: &quot;2022-02-16T09:59:12.857Z&quot;,
                &quot;status&quot;: &quot;SEND&quot;
            },
            {
                &quot;time&quot;: &quot;2022-02-16T09:59:12.913Z&quot;,
                &quot;status&quot;: &quot;DELIVERED&quot;
            },
            {
                &quot;time&quot;: &quot;2022-02-16T10:01:50.751Z&quot;,
                &quot;status&quot;: &quot;PENDING&quot;
            },
            {
                &quot;time&quot;: &quot;2022-02-16T10:01:50.791Z&quot;,
                &quot;status&quot;: &quot;SEND&quot;
            },
            {
                &quot;time&quot;: &quot;2022-02-16T10:01:50.828Z&quot;,
                &quot;status&quot;: &quot;DELIVERED&quot;
            },
            {
                &quot;time&quot;: &quot;2022-02-16T10:01:51.673Z&quot;,
                &quot;status&quot;: &quot;PENDING&quot;
            },
            {
                &quot;time&quot;: &quot;2022-02-16T10:01:51.713Z&quot;,
                &quot;status&quot;: &quot;SEND&quot;
            },
            {
                &quot;time&quot;: &quot;2022-02-16T10:01:51.755Z&quot;,
                &quot;status&quot;: &quot;DELIVERED&quot;
            },
            {
                &quot;time&quot;: &quot;2022-02-16T10:04:30.106Z&quot;,
                &quot;status&quot;: &quot;PENDING&quot;
            },
            {
                &quot;time&quot;: &quot;2022-02-16T10:04:30.153Z&quot;,
                &quot;status&quot;: &quot;SEND&quot;
            },
            {
                &quot;time&quot;: &quot;2022-02-16T10:04:30.200Z&quot;,
                &quot;status&quot;: &quot;DELIVERED&quot;
            },
            {
                &quot;time&quot;: &quot;2022-02-16T10:04:31.076Z&quot;,
                &quot;status&quot;: &quot;PENDING&quot;
            },
            {
                &quot;time&quot;: &quot;2022-02-16T10:04:31.122Z&quot;,
                &quot;status&quot;: &quot;SEND&quot;
            },
            {
                &quot;time&quot;: &quot;2022-02-16T10:04:31.164Z&quot;,
                &quot;status&quot;: &quot;DELIVERED&quot;
            },
            {
                &quot;time&quot;: &quot;2022-02-16T10:07:10.462Z&quot;,
                &quot;status&quot;: &quot;PENDING&quot;
            },
            {
                &quot;time&quot;: &quot;2022-02-16T10:07:10.499Z&quot;,
                &quot;status&quot;: &quot;SEND&quot;
            },
            {
                &quot;time&quot;: &quot;2022-02-16T10:07:10.537Z&quot;,
                &quot;status&quot;: &quot;DELIVERED&quot;
            },
            {
                &quot;time&quot;: &quot;2022-02-16T10:07:11.343Z&quot;,
                &quot;status&quot;: &quot;PENDING&quot;
            },
            {
                &quot;time&quot;: &quot;2022-02-16T10:07:11.380Z&quot;,
                &quot;status&quot;: &quot;SEND&quot;
            },
            {
                &quot;time&quot;: &quot;2022-02-16T10:07:11.418Z&quot;,
                &quot;status&quot;: &quot;DELIVERED&quot;
            },
            {
                &quot;time&quot;: &quot;2022-02-16T10:09:49.720Z&quot;,
                &quot;status&quot;: &quot;PENDING&quot;
            },
            {
                &quot;time&quot;: &quot;2022-02-16T10:09:49.762Z&quot;,
                &quot;status&quot;: &quot;SEND&quot;
            },
            {
                &quot;time&quot;: &quot;2022-02-16T10:09:49.803Z&quot;,
                &quot;status&quot;: &quot;DELIVERED&quot;
            },
            {
                &quot;time&quot;: &quot;2022-02-16T10:09:50.610Z&quot;,
                &quot;status&quot;: &quot;PENDING&quot;
            },
            {
                &quot;time&quot;: &quot;2022-02-16T10:09:50.651Z&quot;,
                &quot;status&quot;: &quot;SEND&quot;
            },
            {
                &quot;time&quot;: &quot;2022-02-16T10:09:50.691Z&quot;,
                &quot;status&quot;: &quot;DELIVERED&quot;
            },
            {
                &quot;time&quot;: &quot;2022-02-16T10:12:29.403Z&quot;,
                &quot;status&quot;: &quot;PENDING&quot;
            },
            {
                &quot;time&quot;: &quot;2022-02-16T10:12:29.449Z&quot;,
                &quot;status&quot;: &quot;SEND&quot;
            },
            {
                &quot;time&quot;: &quot;2022-02-16T10:12:29.494Z&quot;,
                &quot;status&quot;: &quot;DELIVERED&quot;
            },
            {
                &quot;time&quot;: &quot;2022-02-16T10:12:30.338Z&quot;,
                &quot;status&quot;: &quot;PENDING&quot;
            },
            {
                &quot;time&quot;: &quot;2022-02-16T10:12:30.379Z&quot;,
                &quot;status&quot;: &quot;SEND&quot;
            },
            {
                &quot;time&quot;: &quot;2022-02-16T10:12:30.423Z&quot;,
                &quot;status&quot;: &quot;DELIVERED&quot;
            },
            {
                &quot;time&quot;: &quot;2022-02-16T10:15:08.464Z&quot;,
                &quot;status&quot;: &quot;PENDING&quot;
            },
            {
                &quot;time&quot;: &quot;2022-02-16T10:15:08.507Z&quot;,
                &quot;status&quot;: &quot;SEND&quot;
            },
            {
                &quot;time&quot;: &quot;2022-02-16T10:15:08.549Z&quot;,
                &quot;status&quot;: &quot;DELIVERED&quot;
            },
            {
                &quot;time&quot;: &quot;2022-02-16T10:15:09.384Z&quot;,
                &quot;status&quot;: &quot;PENDING&quot;
            },
            {
                &quot;time&quot;: &quot;2022-02-16T10:15:09.428Z&quot;,
                &quot;status&quot;: &quot;SEND&quot;
            }
        ],
        &quot;status&quot;: &quot;DELIVERED&quot;
    },
    &quot;creationTime&quot;: &quot;2022-02-16T09:22:46.140Z&quot;,
    &quot;deviceId&quot;: &quot;14273295&quot;,
    &quot;deviceName&quot;: &quot;offsitec&quot;,
    &quot;self&quot;: &quot;https://t493319102.eu-latest.cumulocity.com/devicecontrol/operations/14275540&quot;,
    &quot;id&quot;: &quot;14275540&quot;,
    &quot;status&quot;: &quot;PENDING&quot;,
    &quot;c8y_LogfileRequest&quot;: {
        &quot;searchText&quot;: &quot;&quot;,
        &quot;logFile&quot;: &quot;software-management&quot;,
        &quot;dateTo&quot;: &quot;2021-11-21T18:55:49+0530&quot;,
        &quot;dateFrom&quot;: &quot;2021-11-15T18:55:49+0530&quot;,
        &quot;maximumLines&quot;: 300
    },
    &quot;description&quot;: &quot;Log file request&quot;
}
10:15:48 DEBUG Final URL of the request: https://thin-edge-io.eu-latest.cumulocity.com/devicecontrol/operations?deviceId=14273295&amp;pageSize=1&amp;revert=true&amp;dateFrom=1970-01-01T00%3A00%3A00.000Z
10:15:48 INFO  State of current operation: PENDING
10:15:48 DEBUG Final URL of the request: https://thin-edge-io.eu-latest.cumulocity.com/devicecontrol/operations?deviceId=14273295&amp;pageSize=1&amp;revert=true&amp;dateFrom=1970-01-01T00%3A00%3A00.000Z
10:15:48 DEBUG State of current operation: {
    &quot;delivery&quot;: {
        &quot;time&quot;: &quot;2022-02-16T10:15:09.472Z&quot;,
        &quot;log&quot;: [
            {
                &quot;time&quot;: &quot;2022-02-16T09:22:46.166Z&quot;,
                &quot;status&quot;: &quot;PENDING&quot;
            },
            {
                &quot;time&quot;: &quot;2022-02-16T09:22:46.185Z&quot;,
                &quot;status&quot;: &quot;SEND&quot;
            },
            {
                &quot;time&quot;: &quot;2022-02-16T09:22:46.219Z&quot;,
                &quot;status&quot;: &quot;DELIVERED&quot;
            },
            {
                &quot;time&quot;: &quot;2022-02-16T09:23:55.047Z&quot;,
                &quot;status&quot;: &quot;PENDING&quot;
            },
            {
                &quot;time&quot;: &quot;2022-02-16T09:23:55.077Z&quot;,
                &quot;status&quot;: &quot;SEND&quot;
            },
            {
                &quot;time&quot;: &quot;2022-02-16T09:23:55.114Z&quot;,
                &quot;status&quot;: &quot;DELIVERED&quot;
            },
            {
                &quot;time&quot;: &quot;2022-02-16T09:23:55.901Z&quot;,
                &quot;status&quot;: &quot;PENDING&quot;
            },
            {
                &quot;time&quot;: &quot;2022-02-16T09:23:55.930Z&quot;,
                &quot;status&quot;: &quot;SEND&quot;
            },
            {
                &quot;time&quot;: &quot;2022-02-16T09:23:55.967Z&quot;,
                &quot;status&quot;: &quot;DELIVERED&quot;
            },
            {
                &quot;time&quot;: &quot;2022-02-16T09:24:55.073Z&quot;,
                &quot;status&quot;: &quot;PENDING&quot;
            },
            {
                &quot;time&quot;: &quot;2022-02-16T09:24:55.106Z&quot;,
                &quot;status&quot;: &quot;SEND&quot;
            },
            {
                &quot;time&quot;: &quot;2022-02-16T09:24:55.144Z&quot;,
                &quot;status&quot;: &quot;DELIVERED&quot;
            },
            {
                &quot;time&quot;: &quot;2022-02-16T09:24:55.971Z&quot;,
                &quot;status&quot;: &quot;PENDING&quot;
            },
            {
                &quot;time&quot;: &quot;2022-02-16T09:24:56.008Z&quot;,
                &quot;status&quot;: &quot;SEND&quot;
            },
            {
                &quot;time&quot;: &quot;2022-02-16T09:24:56.044Z&quot;,
                &quot;status&quot;: &quot;DELIVERED&quot;
            },
            {
                &quot;time&quot;: &quot;2022-02-16T09:26:09.362Z&quot;,
                &quot;status&quot;: &quot;PENDING&quot;
            },
            {
                &quot;time&quot;: &quot;2022-02-16T09:26:09.392Z&quot;,
                &quot;status&quot;: &quot;SEND&quot;
            },
            {
                &quot;time&quot;: &quot;2022-02-16T09:26:09.428Z&quot;,
                &quot;status&quot;: &quot;DELIVERED&quot;
            },
            {
                &quot;time&quot;: &quot;2022-02-16T09:26:10.287Z&quot;,
                &quot;status&quot;: &quot;PENDING&quot;
            },
            {
                &quot;time&quot;: &quot;2022-02-16T09:26:10.317Z&quot;,
                &quot;status&quot;: &quot;SEND&quot;
            },
            {
                &quot;time&quot;: &quot;2022-02-16T09:26:10.353Z&quot;,
                &quot;status&quot;: &quot;DELIVERED&quot;
            },
            {
                &quot;time&quot;: &quot;2022-02-16T09:27:24.861Z&quot;,
                &quot;status&quot;: &quot;PENDING&quot;
            },
            {
                &quot;time&quot;: &quot;2022-02-16T09:27:24.898Z&quot;,
                &quot;status&quot;: &quot;SEND&quot;
            },
            {
                &quot;time&quot;: &quot;2022-02-16T09:27:24.935Z&quot;,
                &quot;status&quot;: &quot;DELIVERED&quot;
            },
            {
                &quot;time&quot;: &quot;2022-02-16T09:27:25.773Z&quot;,
                &quot;status&quot;: &quot;PENDING&quot;
            },
            {
                &quot;time&quot;: &quot;2022-02-16T09:27:25.812Z&quot;,
                &quot;status&quot;: &quot;SEND&quot;
            },
            {
                &quot;time&quot;: &quot;2022-02-16T09:27:25.849Z&quot;,
                &quot;status&quot;: &quot;DELIVERED&quot;
            },
            {
                &quot;time&quot;: &quot;2022-02-16T09:28:06.037Z&quot;,
                &quot;status&quot;: &quot;PENDING&quot;
            },
            {
                &quot;time&quot;: &quot;2022-02-16T09:28:06.069Z&quot;,
                &quot;status&quot;: &quot;SEND&quot;
            },
            {
                &quot;time&quot;: &quot;2022-02-16T09:28:06.107Z&quot;,
                &quot;status&quot;: &quot;DELIVERED&quot;
            },
            {
                &quot;time&quot;: &quot;2022-02-16T09:28:06.968Z&quot;,
                &quot;status&quot;: &quot;PENDING&quot;
            },
            {
                &quot;time&quot;: &quot;2022-02-16T09:28:07.002Z&quot;,
                &quot;status&quot;: &quot;SEND&quot;
            },
            {
                &quot;time&quot;: &quot;2022-02-16T09:28:07.039Z&quot;,
                &quot;status&quot;: &quot;DELIVERED&quot;
            },
            {
                &quot;time&quot;: &quot;2022-02-16T09:28:58.713Z&quot;,
                &quot;status&quot;: &quot;PENDING&quot;
            },
            {
                &quot;time&quot;: &quot;2022-02-16T09:28:58.744Z&quot;,
                &quot;status&quot;: &quot;SEND&quot;
            },
            {
                &quot;time&quot;: &quot;2022-02-16T09:28:58.782Z&quot;,
                &quot;status&quot;: &quot;DELIVERED&quot;
            },
            {
                &quot;time&quot;: &quot;2022-02-16T09:28:59.589Z&quot;,
                &quot;status&quot;: &quot;PENDING&quot;
            },
            {
                &quot;time&quot;: &quot;2022-02-16T09:28:59.620Z&quot;,
                &quot;status&quot;: &quot;SEND&quot;
            },
            {
                &quot;time&quot;: &quot;2022-02-16T09:28:59.658Z&quot;,
                &quot;status&quot;: &quot;DELIVERED&quot;
            },
            {
                &quot;time&quot;: &quot;2022-02-16T09:29:51.098Z&quot;,
                &quot;status&quot;: &quot;PENDING&quot;
            },
            {
                &quot;time&quot;: &quot;2022-02-16T09:29:51.134Z&quot;,
                &quot;status&quot;: &quot;SEND&quot;
            },
            {
                &quot;time&quot;: &quot;2022-02-16T09:29:51.171Z&quot;,
                &quot;status&quot;: &quot;DELIVERED&quot;
            },
            {
                &quot;time&quot;: &quot;2022-02-16T09:29:52.013Z&quot;,
                &quot;status&quot;: &quot;PENDING&quot;
            },
            {
                &quot;time&quot;: &quot;2022-02-16T09:29:52.047Z&quot;,
                &quot;status&quot;: &quot;SEND&quot;
            },
            {
                &quot;time&quot;: &quot;2022-02-16T09:29:52.089Z&quot;,
                &quot;status&quot;: &quot;DELIVERED&quot;
            },
            {
                &quot;time&quot;: &quot;2022-02-16T09:30:33.494Z&quot;,
                &quot;status&quot;: &quot;PENDING&quot;
            },
            {
                &quot;time&quot;: &quot;2022-02-16T09:30:33.534Z&quot;,
                &quot;status&quot;: &quot;SEND&quot;
            },
            {
                &quot;time&quot;: &quot;2022-02-16T09:30:33.571Z&quot;,
                &quot;status&quot;: &quot;DELIVERED&quot;
            },
            {
                &quot;time&quot;: &quot;2022-02-16T09:30:34.412Z&quot;,
                &quot;status&quot;: &quot;PENDING&quot;
            },
            {
                &quot;time&quot;: &quot;2022-02-16T09:30:34.453Z&quot;,
                &quot;status&quot;: &quot;SEND&quot;
            },
            {
                &quot;time&quot;: &quot;2022-02-16T09:30:34.488Z&quot;,
                &quot;status&quot;: &quot;DELIVERED&quot;
            },
            {
                &quot;time&quot;: &quot;2022-02-16T09:32:49.337Z&quot;,
                &quot;status&quot;: &quot;PENDING&quot;
            },
            {
                &quot;time&quot;: &quot;2022-02-16T09:32:49.371Z&quot;,
                &quot;status&quot;: &quot;SEND&quot;
            },
            {
                &quot;time&quot;: &quot;2022-02-16T09:32:49.408Z&quot;,
                &quot;status&quot;: &quot;DELIVERED&quot;
            },
            {
                &quot;time&quot;: &quot;2022-02-16T09:32:50.347Z&quot;,
                &quot;status&quot;: &quot;PENDING&quot;
            },
            {
                &quot;time&quot;: &quot;2022-02-16T09:32:50.382Z&quot;,
                &quot;status&quot;: &quot;SEND&quot;
            },
            {
                &quot;time&quot;: &quot;2022-02-16T09:32:50.423Z&quot;,
                &quot;status&quot;: &quot;DELIVERED&quot;
            },
            {
                &quot;time&quot;: &quot;2022-02-16T09:35:18.696Z&quot;,
                &quot;status&quot;: &quot;PENDING&quot;
            },
            {
                &quot;time&quot;: &quot;2022-02-16T09:35:18.734Z&quot;,
                &quot;status&quot;: &quot;SEND&quot;
            },
            {
                &quot;time&quot;: &quot;2022-02-16T09:35:18.769Z&quot;,
                &quot;status&quot;: &quot;DELIVERED&quot;
            },
            {
                &quot;time&quot;: &quot;2022-02-16T09:35:41.813Z&quot;,
                &quot;status&quot;: &quot;PENDING&quot;
            },
            {
                &quot;time&quot;: &quot;2022-02-16T09:35:41.852Z&quot;,
                &quot;status&quot;: &quot;SEND&quot;
            },
            {
                &quot;time&quot;: &quot;2022-02-16T09:35:41.891Z&quot;,
                &quot;status&quot;: &quot;DELIVERED&quot;
            },
            {
                &quot;time&quot;: &quot;2022-02-16T09:35:42.766Z&quot;,
                &quot;status&quot;: &quot;PENDING&quot;
            },
            {
                &quot;time&quot;: &quot;2022-02-16T09:35:42.811Z&quot;,
                &quot;status&quot;: &quot;SEND&quot;
            },
            {
                &quot;time&quot;: &quot;2022-02-16T09:35:42.849Z&quot;,
                &quot;status&quot;: &quot;DELIVERED&quot;
            },
            {
                &quot;time&quot;: &quot;2022-02-16T09:36:06.394Z&quot;,
                &quot;status&quot;: &quot;PENDING&quot;
            },
            {
                &quot;time&quot;: &quot;2022-02-16T09:36:06.432Z&quot;,
                &quot;status&quot;: &quot;SEND&quot;
            },
            {
                &quot;time&quot;: &quot;2022-02-16T09:36:06.488Z&quot;,
                &quot;status&quot;: &quot;DELIVERED&quot;
            },
            {
                &quot;time&quot;: &quot;2022-02-16T09:36:07.318Z&quot;,
                &quot;status&quot;: &quot;PENDING&quot;
            },
            {
                &quot;time&quot;: &quot;2022-02-16T09:36:07.358Z&quot;,
                &quot;status&quot;: &quot;SEND&quot;
            },
            {
                &quot;time&quot;: &quot;2022-02-16T09:36:07.393Z&quot;,
                &quot;status&quot;: &quot;DELIVERED&quot;
            },
            {
                &quot;time&quot;: &quot;2022-02-16T09:36:30.178Z&quot;,
                &quot;status&quot;: &quot;PENDING&quot;
            },
            {
                &quot;time&quot;: &quot;2022-02-16T09:36:30.210Z&quot;,
                &quot;status&quot;: &quot;SEND&quot;
            },
            {
                &quot;time&quot;: &quot;2022-02-16T09:36:30.248Z&quot;,
                &quot;status&quot;: &quot;DELIVERED&quot;
            },
            {
                &quot;time&quot;: &quot;2022-02-16T09:36:31.123Z&quot;,
                &quot;status&quot;: &quot;PENDING&quot;
            },
            {
                &quot;time&quot;: &quot;2022-02-16T09:36:31.156Z&quot;,
                &quot;status&quot;: &quot;SEND&quot;
            },
            {
                &quot;time&quot;: &quot;2022-02-16T09:36:31.207Z&quot;,
                &quot;status&quot;: &quot;DELIVERED&quot;
            },
            {
                &quot;time&quot;: &quot;2022-02-16T09:37:08.443Z&quot;,
                &quot;status&quot;: &quot;PENDING&quot;
            },
            {
                &quot;time&quot;: &quot;2022-02-16T09:37:08.481Z&quot;,
                &quot;status&quot;: &quot;SEND&quot;
            },
            {
                &quot;time&quot;: &quot;2022-02-16T09:37:08.522Z&quot;,
                &quot;status&quot;: &quot;DELIVERED&quot;
            },
            {
                &quot;time&quot;: &quot;2022-02-16T09:37:09.439Z&quot;,
                &quot;status&quot;: &quot;PENDING&quot;
            },
            {
                &quot;time&quot;: &quot;2022-02-16T09:37:09.478Z&quot;,
                &quot;status&quot;: &quot;SEND&quot;
            },
            {
                &quot;time&quot;: &quot;2022-02-16T09:37:09.516Z&quot;,
                &quot;status&quot;: &quot;DELIVERED&quot;
            },
            {
                &quot;time&quot;: &quot;2022-02-16T09:37:13.026Z&quot;,
                &quot;status&quot;: &quot;PENDING&quot;
            },
            {
                &quot;time&quot;: &quot;2022-02-16T09:37:13.068Z&quot;,
                &quot;status&quot;: &quot;SEND&quot;
            },
            {
                &quot;time&quot;: &quot;2022-02-16T09:37:13.106Z&quot;,
                &quot;status&quot;: &quot;DELIVERED&quot;
            },
            {
                &quot;time&quot;: &quot;2022-02-16T09:37:37.817Z&quot;,
                &quot;status&quot;: &quot;PENDING&quot;
            },
            {
                &quot;time&quot;: &quot;2022-02-16T09:37:37.857Z&quot;,
                &quot;status&quot;: &quot;SEND&quot;
            },
            {
                &quot;time&quot;: &quot;2022-02-16T09:37:37.893Z&quot;,
                &quot;status&quot;: &quot;DELIVERED&quot;
            },
            {
                &quot;time&quot;: &quot;2022-02-16T09:37:38.638Z&quot;,
                &quot;status&quot;: &quot;PENDING&quot;
            },
            {
                &quot;time&quot;: &quot;2022-02-16T09:37:38.675Z&quot;,
                &quot;status&quot;: &quot;SEND&quot;
            },
            {
                &quot;time&quot;: &quot;2022-02-16T09:37:38.712Z&quot;,
                &quot;status&quot;: &quot;DELIVERED&quot;
            },
            {
                &quot;time&quot;: &quot;2022-02-16T09:38:03.926Z&quot;,
                &quot;status&quot;: &quot;PENDING&quot;
            },
            {
                &quot;time&quot;: &quot;2022-02-16T09:38:03.965Z&quot;,
                &quot;status&quot;: &quot;SEND&quot;
            },
            {
                &quot;time&quot;: &quot;2022-02-16T09:38:04.001Z&quot;,
                &quot;status&quot;: &quot;DELIVERED&quot;
            },
            {
                &quot;time&quot;: &quot;2022-02-16T09:38:04.819Z&quot;,
                &quot;status&quot;: &quot;PENDING&quot;
            },
            {
                &quot;time&quot;: &quot;2022-02-16T09:38:04.864Z&quot;,
                &quot;status&quot;: &quot;SEND&quot;
            },
            {
                &quot;time&quot;: &quot;2022-02-16T09:38:04.911Z&quot;,
                &quot;status&quot;: &quot;DELIVERED&quot;
            },
            {
                &quot;time&quot;: &quot;2022-02-16T09:53:50.860Z&quot;,
                &quot;status&quot;: &quot;PENDING&quot;
            },
            {
                &quot;time&quot;: &quot;2022-02-16T09:53:50.900Z&quot;,
                &quot;status&quot;: &quot;SEND&quot;
            },
            {
                &quot;time&quot;: &quot;2022-02-16T09:53:50.939Z&quot;,
                &quot;status&quot;: &quot;DELIVERED&quot;
            },
            {
                &quot;time&quot;: &quot;2022-02-16T09:53:51.831Z&quot;,
                &quot;status&quot;: &quot;PENDING&quot;
            },
            {
                &quot;time&quot;: &quot;2022-02-16T09:53:51.869Z&quot;,
                &quot;status&quot;: &quot;SEND&quot;
            },
            {
                &quot;time&quot;: &quot;2022-02-16T09:53:51.917Z&quot;,
                &quot;status&quot;: &quot;DELIVERED&quot;
            },
            {
                &quot;time&quot;: &quot;2022-02-16T09:56:32.333Z&quot;,
                &quot;status&quot;: &quot;PENDING&quot;
            },
            {
                &quot;time&quot;: &quot;2022-02-16T09:56:32.376Z&quot;,
                &quot;status&quot;: &quot;SEND&quot;
            },
            {
                &quot;time&quot;: &quot;2022-02-16T09:56:32.413Z&quot;,
                &quot;status&quot;: &quot;DELIVERED&quot;
            },
            {
                &quot;time&quot;: &quot;2022-02-16T09:56:33.226Z&quot;,
                &quot;status&quot;: &quot;PENDING&quot;
            },
            {
                &quot;time&quot;: &quot;2022-02-16T09:56:33.279Z&quot;,
                &quot;status&quot;: &quot;SEND&quot;
            },
            {
                &quot;time&quot;: &quot;2022-02-16T09:56:33.321Z&quot;,
                &quot;status&quot;: &quot;DELIVERED&quot;
            },
            {
                &quot;time&quot;: &quot;2022-02-16T09:59:11.843Z&quot;,
                &quot;status&quot;: &quot;PENDING&quot;
            },
            {
                &quot;time&quot;: &quot;2022-02-16T09:59:11.885Z&quot;,
                &quot;status&quot;: &quot;SEND&quot;
            },
            {
                &quot;time&quot;: &quot;2022-02-16T09:59:11.929Z&quot;,
                &quot;status&quot;: &quot;DELIVERED&quot;
            },
            {
                &quot;time&quot;: &quot;2022-02-16T09:59:12.799Z&quot;,
                &quot;status&quot;: &quot;PENDING&quot;
            },
            {
                &quot;time&quot;: &quot;2022-02-16T09:59:12.857Z&quot;,
                &quot;status&quot;: &quot;SEND&quot;
            },
            {
                &quot;time&quot;: &quot;2022-02-16T09:59:12.913Z&quot;,
                &quot;status&quot;: &quot;DELIVERED&quot;
            },
            {
                &quot;time&quot;: &quot;2022-02-16T10:01:50.751Z&quot;,
                &quot;status&quot;: &quot;PENDING&quot;
            },
            {
                &quot;time&quot;: &quot;2022-02-16T10:01:50.791Z&quot;,
                &quot;status&quot;: &quot;SEND&quot;
            },
            {
                &quot;time&quot;: &quot;2022-02-16T10:01:50.828Z&quot;,
                &quot;status&quot;: &quot;DELIVERED&quot;
            },
            {
                &quot;time&quot;: &quot;2022-02-16T10:01:51.673Z&quot;,
                &quot;status&quot;: &quot;PENDING&quot;
            },
            {
                &quot;time&quot;: &quot;2022-02-16T10:01:51.713Z&quot;,
                &quot;status&quot;: &quot;SEND&quot;
            },
            {
                &quot;time&quot;: &quot;2022-02-16T10:01:51.755Z&quot;,
                &quot;status&quot;: &quot;DELIVERED&quot;
            },
            {
                &quot;time&quot;: &quot;2022-02-16T10:04:30.106Z&quot;,
                &quot;status&quot;: &quot;PENDING&quot;
            },
            {
                &quot;time&quot;: &quot;2022-02-16T10:04:30.153Z&quot;,
                &quot;status&quot;: &quot;SEND&quot;
            },
            {
                &quot;time&quot;: &quot;2022-02-16T10:04:30.200Z&quot;,
                &quot;status&quot;: &quot;DELIVERED&quot;
            },
            {
                &quot;time&quot;: &quot;2022-02-16T10:04:31.076Z&quot;,
                &quot;status&quot;: &quot;PENDING&quot;
            },
            {
                &quot;time&quot;: &quot;2022-02-16T10:04:31.122Z&quot;,
                &quot;status&quot;: &quot;SEND&quot;
            },
            {
                &quot;time&quot;: &quot;2022-02-16T10:04:31.164Z&quot;,
                &quot;status&quot;: &quot;DELIVERED&quot;
            },
            {
                &quot;time&quot;: &quot;2022-02-16T10:07:10.462Z&quot;,
                &quot;status&quot;: &quot;PENDING&quot;
            },
            {
                &quot;time&quot;: &quot;2022-02-16T10:07:10.499Z&quot;,
                &quot;status&quot;: &quot;SEND&quot;
            },
            {
                &quot;time&quot;: &quot;2022-02-16T10:07:10.537Z&quot;,
                &quot;status&quot;: &quot;DELIVERED&quot;
            },
            {
                &quot;time&quot;: &quot;2022-02-16T10:07:11.343Z&quot;,
                &quot;status&quot;: &quot;PENDING&quot;
            },
            {
                &quot;time&quot;: &quot;2022-02-16T10:07:11.380Z&quot;,
                &quot;status&quot;: &quot;SEND&quot;
            },
            {
                &quot;time&quot;: &quot;2022-02-16T10:07:11.418Z&quot;,
                &quot;status&quot;: &quot;DELIVERED&quot;
            },
            {
                &quot;time&quot;: &quot;2022-02-16T10:09:49.720Z&quot;,
                &quot;status&quot;: &quot;PENDING&quot;
            },
            {
                &quot;time&quot;: &quot;2022-02-16T10:09:49.762Z&quot;,
                &quot;status&quot;: &quot;SEND&quot;
            },
            {
                &quot;time&quot;: &quot;2022-02-16T10:09:49.803Z&quot;,
                &quot;status&quot;: &quot;DELIVERED&quot;
            },
            {
                &quot;time&quot;: &quot;2022-02-16T10:09:50.610Z&quot;,
                &quot;status&quot;: &quot;PENDING&quot;
            },
            {
                &quot;time&quot;: &quot;2022-02-16T10:09:50.651Z&quot;,
                &quot;status&quot;: &quot;SEND&quot;
            },
            {
                &quot;time&quot;: &quot;2022-02-16T10:09:50.691Z&quot;,
                &quot;status&quot;: &quot;DELIVERED&quot;
            },
            {
                &quot;time&quot;: &quot;2022-02-16T10:12:29.403Z&quot;,
                &quot;status&quot;: &quot;PENDING&quot;
            },
            {
                &quot;time&quot;: &quot;2022-02-16T10:12:29.449Z&quot;,
                &quot;status&quot;: &quot;SEND&quot;
            },
            {
                &quot;time&quot;: &quot;2022-02-16T10:12:29.494Z&quot;,
                &quot;status&quot;: &quot;DELIVERED&quot;
            },
            {
                &quot;time&quot;: &quot;2022-02-16T10:12:30.338Z&quot;,
                &quot;status&quot;: &quot;PENDING&quot;
            },
            {
                &quot;time&quot;: &quot;2022-02-16T10:12:30.379Z&quot;,
                &quot;status&quot;: &quot;SEND&quot;
            },
            {
                &quot;time&quot;: &quot;2022-02-16T10:12:30.423Z&quot;,
                &quot;status&quot;: &quot;DELIVERED&quot;
            },
            {
                &quot;time&quot;: &quot;2022-02-16T10:15:08.464Z&quot;,
                &quot;status&quot;: &quot;PENDING&quot;
            },
            {
                &quot;time&quot;: &quot;2022-02-16T10:15:08.507Z&quot;,
                &quot;status&quot;: &quot;SEND&quot;
            },
            {
                &quot;time&quot;: &quot;2022-02-16T10:15:08.549Z&quot;,
                &quot;status&quot;: &quot;DELIVERED&quot;
            },
            {
                &quot;time&quot;: &quot;2022-02-16T10:15:09.384Z&quot;,
                &quot;status&quot;: &quot;PENDING&quot;
            },
            {
                &quot;time&quot;: &quot;2022-02-16T10:15:09.428Z&quot;,
                &quot;status&quot;: &quot;SEND&quot;
            }
        ],
        &quot;status&quot;: &quot;DELIVERED&quot;
    },
    &quot;creationTime&quot;: &quot;2022-02-16T09:22:46.140Z&quot;,
    &quot;deviceId&quot;: &quot;14273295&quot;,
    &quot;deviceName&quot;: &quot;offsitec&quot;,
    &quot;self&quot;: &quot;https://t493319102.eu-latest.cumulocity.com/devicecontrol/operations/14275540&quot;,
    &quot;id&quot;: &quot;14275540&quot;,
    &quot;status&quot;: &quot;PENDING&quot;,
    &quot;c8y_LogfileRequest&quot;: {
        &quot;searchText&quot;: &quot;&quot;,
        &quot;logFile&quot;: &quot;software-management&quot;,
        &quot;dateTo&quot;: &quot;2021-11-21T18:55:49+0530&quot;,
        &quot;dateFrom&quot;: &quot;2021-11-15T18:55:49+0530&quot;,
        &quot;maximumLines&quot;: 300
    },
    &quot;description&quot;: &quot;Log file request&quot;
}
10:15:50 DEBUG Final URL of the request: https://thin-edge-io.eu-latest.cumulocity.com/devicecontrol/operations?deviceId=14273295&amp;pageSize=1&amp;revert=true&amp;dateFrom=1970-01-01T00%3A00%3A00.000Z
10:15:50 INFO  State of current operation: PENDING
10:15:50 DEBUG Final URL of the request: https://thin-edge-io.eu-latest.cumulocity.com/devicecontrol/operations?deviceId=14273295&amp;pageSize=1&amp;revert=true&amp;dateFrom=1970-01-01T00%3A00%3A00.000Z
10:15:50 DEBUG State of current operation: {
    &quot;delivery&quot;: {
        &quot;time&quot;: &quot;2022-02-16T10:15:09.472Z&quot;,
        &quot;log&quot;: [
            {
                &quot;time&quot;: &quot;2022-02-16T09:22:46.166Z&quot;,
                &quot;status&quot;: &quot;PENDING&quot;
            },
            {
                &quot;time&quot;: &quot;2022-02-16T09:22:46.185Z&quot;,
                &quot;status&quot;: &quot;SEND&quot;
            },
            {
                &quot;time&quot;: &quot;2022-02-16T09:22:46.219Z&quot;,
                &quot;status&quot;: &quot;DELIVERED&quot;
            },
            {
                &quot;time&quot;: &quot;2022-02-16T09:23:55.047Z&quot;,
                &quot;status&quot;: &quot;PENDING&quot;
            },
            {
                &quot;time&quot;: &quot;2022-02-16T09:23:55.077Z&quot;,
                &quot;status&quot;: &quot;SEND&quot;
            },
            {
                &quot;time&quot;: &quot;2022-02-16T09:23:55.114Z&quot;,
                &quot;status&quot;: &quot;DELIVERED&quot;
            },
            {
                &quot;time&quot;: &quot;2022-02-16T09:23:55.901Z&quot;,
                &quot;status&quot;: &quot;PENDING&quot;
            },
            {
                &quot;time&quot;: &quot;2022-02-16T09:23:55.930Z&quot;,
                &quot;status&quot;: &quot;SEND&quot;
            },
            {
                &quot;time&quot;: &quot;2022-02-16T09:23:55.967Z&quot;,
                &quot;status&quot;: &quot;DELIVERED&quot;
            },
            {
                &quot;time&quot;: &quot;2022-02-16T09:24:55.073Z&quot;,
                &quot;status&quot;: &quot;PENDING&quot;
            },
            {
                &quot;time&quot;: &quot;2022-02-16T09:24:55.106Z&quot;,
                &quot;status&quot;: &quot;SEND&quot;
            },
            {
                &quot;time&quot;: &quot;2022-02-16T09:24:55.144Z&quot;,
                &quot;status&quot;: &quot;DELIVERED&quot;
            },
            {
                &quot;time&quot;: &quot;2022-02-16T09:24:55.971Z&quot;,
                &quot;status&quot;: &quot;PENDING&quot;
            },
            {
                &quot;time&quot;: &quot;2022-02-16T09:24:56.008Z&quot;,
                &quot;status&quot;: &quot;SEND&quot;
            },
            {
                &quot;time&quot;: &quot;2022-02-16T09:24:56.044Z&quot;,
                &quot;status&quot;: &quot;DELIVERED&quot;
            },
            {
                &quot;time&quot;: &quot;2022-02-16T09:26:09.362Z&quot;,
                &quot;status&quot;: &quot;PENDING&quot;
            },
            {
                &quot;time&quot;: &quot;2022-02-16T09:26:09.392Z&quot;,
                &quot;status&quot;: &quot;SEND&quot;
            },
            {
                &quot;time&quot;: &quot;2022-02-16T09:26:09.428Z&quot;,
                &quot;status&quot;: &quot;DELIVERED&quot;
            },
            {
                &quot;time&quot;: &quot;2022-02-16T09:26:10.287Z&quot;,
                &quot;status&quot;: &quot;PENDING&quot;
            },
            {
                &quot;time&quot;: &quot;2022-02-16T09:26:10.317Z&quot;,
                &quot;status&quot;: &quot;SEND&quot;
            },
            {
                &quot;time&quot;: &quot;2022-02-16T09:26:10.353Z&quot;,
                &quot;status&quot;: &quot;DELIVERED&quot;
            },
            {
                &quot;time&quot;: &quot;2022-02-16T09:27:24.861Z&quot;,
                &quot;status&quot;: &quot;PENDING&quot;
            },
            {
                &quot;time&quot;: &quot;2022-02-16T09:27:24.898Z&quot;,
                &quot;status&quot;: &quot;SEND&quot;
            },
            {
                &quot;time&quot;: &quot;2022-02-16T09:27:24.935Z&quot;,
                &quot;status&quot;: &quot;DELIVERED&quot;
            },
            {
                &quot;time&quot;: &quot;2022-02-16T09:27:25.773Z&quot;,
                &quot;status&quot;: &quot;PENDING&quot;
            },
            {
                &quot;time&quot;: &quot;2022-02-16T09:27:25.812Z&quot;,
                &quot;status&quot;: &quot;SEND&quot;
            },
            {
                &quot;time&quot;: &quot;2022-02-16T09:27:25.849Z&quot;,
                &quot;status&quot;: &quot;DELIVERED&quot;
            },
            {
                &quot;time&quot;: &quot;2022-02-16T09:28:06.037Z&quot;,
                &quot;status&quot;: &quot;PENDING&quot;
            },
            {
                &quot;time&quot;: &quot;2022-02-16T09:28:06.069Z&quot;,
                &quot;status&quot;: &quot;SEND&quot;
            },
            {
                &quot;time&quot;: &quot;2022-02-16T09:28:06.107Z&quot;,
                &quot;status&quot;: &quot;DELIVERED&quot;
            },
            {
                &quot;time&quot;: &quot;2022-02-16T09:28:06.968Z&quot;,
                &quot;status&quot;: &quot;PENDING&quot;
            },
            {
                &quot;time&quot;: &quot;2022-02-16T09:28:07.002Z&quot;,
                &quot;status&quot;: &quot;SEND&quot;
            },
            {
                &quot;time&quot;: &quot;2022-02-16T09:28:07.039Z&quot;,
                &quot;status&quot;: &quot;DELIVERED&quot;
            },
            {
                &quot;time&quot;: &quot;2022-02-16T09:28:58.713Z&quot;,
                &quot;status&quot;: &quot;PENDING&quot;
            },
            {
                &quot;time&quot;: &quot;2022-02-16T09:28:58.744Z&quot;,
                &quot;status&quot;: &quot;SEND&quot;
            },
            {
                &quot;time&quot;: &quot;2022-02-16T09:28:58.782Z&quot;,
                &quot;status&quot;: &quot;DELIVERED&quot;
            },
            {
                &quot;time&quot;: &quot;2022-02-16T09:28:59.589Z&quot;,
                &quot;status&quot;: &quot;PENDING&quot;
            },
            {
                &quot;time&quot;: &quot;2022-02-16T09:28:59.620Z&quot;,
                &quot;status&quot;: &quot;SEND&quot;
            },
            {
                &quot;time&quot;: &quot;2022-02-16T09:28:59.658Z&quot;,
                &quot;status&quot;: &quot;DELIVERED&quot;
            },
            {
                &quot;time&quot;: &quot;2022-02-16T09:29:51.098Z&quot;,
                &quot;status&quot;: &quot;PENDING&quot;
            },
            {
                &quot;time&quot;: &quot;2022-02-16T09:29:51.134Z&quot;,
                &quot;status&quot;: &quot;SEND&quot;
            },
            {
                &quot;time&quot;: &quot;2022-02-16T09:29:51.171Z&quot;,
                &quot;status&quot;: &quot;DELIVERED&quot;
            },
            {
                &quot;time&quot;: &quot;2022-02-16T09:29:52.013Z&quot;,
                &quot;status&quot;: &quot;PENDING&quot;
            },
            {
                &quot;time&quot;: &quot;2022-02-16T09:29:52.047Z&quot;,
                &quot;status&quot;: &quot;SEND&quot;
            },
            {
                &quot;time&quot;: &quot;2022-02-16T09:29:52.089Z&quot;,
                &quot;status&quot;: &quot;DELIVERED&quot;
            },
            {
                &quot;time&quot;: &quot;2022-02-16T09:30:33.494Z&quot;,
                &quot;status&quot;: &quot;PENDING&quot;
            },
            {
                &quot;time&quot;: &quot;2022-02-16T09:30:33.534Z&quot;,
                &quot;status&quot;: &quot;SEND&quot;
            },
            {
                &quot;time&quot;: &quot;2022-02-16T09:30:33.571Z&quot;,
                &quot;status&quot;: &quot;DELIVERED&quot;
            },
            {
                &quot;time&quot;: &quot;2022-02-16T09:30:34.412Z&quot;,
                &quot;status&quot;: &quot;PENDING&quot;
            },
            {
                &quot;time&quot;: &quot;2022-02-16T09:30:34.453Z&quot;,
                &quot;status&quot;: &quot;SEND&quot;
            },
            {
                &quot;time&quot;: &quot;2022-02-16T09:30:34.488Z&quot;,
                &quot;status&quot;: &quot;DELIVERED&quot;
            },
            {
                &quot;time&quot;: &quot;2022-02-16T09:32:49.337Z&quot;,
                &quot;status&quot;: &quot;PENDING&quot;
            },
            {
                &quot;time&quot;: &quot;2022-02-16T09:32:49.371Z&quot;,
                &quot;status&quot;: &quot;SEND&quot;
            },
            {
                &quot;time&quot;: &quot;2022-02-16T09:32:49.408Z&quot;,
                &quot;status&quot;: &quot;DELIVERED&quot;
            },
            {
                &quot;time&quot;: &quot;2022-02-16T09:32:50.347Z&quot;,
                &quot;status&quot;: &quot;PENDING&quot;
            },
            {
                &quot;time&quot;: &quot;2022-02-16T09:32:50.382Z&quot;,
                &quot;status&quot;: &quot;SEND&quot;
            },
            {
                &quot;time&quot;: &quot;2022-02-16T09:32:50.423Z&quot;,
                &quot;status&quot;: &quot;DELIVERED&quot;
            },
            {
                &quot;time&quot;: &quot;2022-02-16T09:35:18.696Z&quot;,
                &quot;status&quot;: &quot;PENDING&quot;
            },
            {
                &quot;time&quot;: &quot;2022-02-16T09:35:18.734Z&quot;,
                &quot;status&quot;: &quot;SEND&quot;
            },
            {
                &quot;time&quot;: &quot;2022-02-16T09:35:18.769Z&quot;,
                &quot;status&quot;: &quot;DELIVERED&quot;
            },
            {
                &quot;time&quot;: &quot;2022-02-16T09:35:41.813Z&quot;,
                &quot;status&quot;: &quot;PENDING&quot;
            },
            {
                &quot;time&quot;: &quot;2022-02-16T09:35:41.852Z&quot;,
                &quot;status&quot;: &quot;SEND&quot;
            },
            {
                &quot;time&quot;: &quot;2022-02-16T09:35:41.891Z&quot;,
                &quot;status&quot;: &quot;DELIVERED&quot;
            },
            {
                &quot;time&quot;: &quot;2022-02-16T09:35:42.766Z&quot;,
                &quot;status&quot;: &quot;PENDING&quot;
            },
            {
                &quot;time&quot;: &quot;2022-02-16T09:35:42.811Z&quot;,
                &quot;status&quot;: &quot;SEND&quot;
            },
            {
                &quot;time&quot;: &quot;2022-02-16T09:35:42.849Z&quot;,
                &quot;status&quot;: &quot;DELIVERED&quot;
            },
            {
                &quot;time&quot;: &quot;2022-02-16T09:36:06.394Z&quot;,
                &quot;status&quot;: &quot;PENDING&quot;
            },
            {
                &quot;time&quot;: &quot;2022-02-16T09:36:06.432Z&quot;,
                &quot;status&quot;: &quot;SEND&quot;
            },
            {
                &quot;time&quot;: &quot;2022-02-16T09:36:06.488Z&quot;,
                &quot;status&quot;: &quot;DELIVERED&quot;
            },
            {
                &quot;time&quot;: &quot;2022-02-16T09:36:07.318Z&quot;,
                &quot;status&quot;: &quot;PENDING&quot;
            },
            {
                &quot;time&quot;: &quot;2022-02-16T09:36:07.358Z&quot;,
                &quot;status&quot;: &quot;SEND&quot;
            },
            {
                &quot;time&quot;: &quot;2022-02-16T09:36:07.393Z&quot;,
                &quot;status&quot;: &quot;DELIVERED&quot;
            },
            {
                &quot;time&quot;: &quot;2022-02-16T09:36:30.178Z&quot;,
                &quot;status&quot;: &quot;PENDING&quot;
            },
            {
                &quot;time&quot;: &quot;2022-02-16T09:36:30.210Z&quot;,
                &quot;status&quot;: &quot;SEND&quot;
            },
            {
                &quot;time&quot;: &quot;2022-02-16T09:36:30.248Z&quot;,
                &quot;status&quot;: &quot;DELIVERED&quot;
            },
            {
                &quot;time&quot;: &quot;2022-02-16T09:36:31.123Z&quot;,
                &quot;status&quot;: &quot;PENDING&quot;
            },
            {
                &quot;time&quot;: &quot;2022-02-16T09:36:31.156Z&quot;,
                &quot;status&quot;: &quot;SEND&quot;
            },
            {
                &quot;time&quot;: &quot;2022-02-16T09:36:31.207Z&quot;,
                &quot;status&quot;: &quot;DELIVERED&quot;
            },
            {
                &quot;time&quot;: &quot;2022-02-16T09:37:08.443Z&quot;,
                &quot;status&quot;: &quot;PENDING&quot;
            },
            {
                &quot;time&quot;: &quot;2022-02-16T09:37:08.481Z&quot;,
                &quot;status&quot;: &quot;SEND&quot;
            },
            {
                &quot;time&quot;: &quot;2022-02-16T09:37:08.522Z&quot;,
                &quot;status&quot;: &quot;DELIVERED&quot;
            },
            {
                &quot;time&quot;: &quot;2022-02-16T09:37:09.439Z&quot;,
                &quot;status&quot;: &quot;PENDING&quot;
            },
            {
                &quot;time&quot;: &quot;2022-02-16T09:37:09.478Z&quot;,
                &quot;status&quot;: &quot;SEND&quot;
            },
            {
                &quot;time&quot;: &quot;2022-02-16T09:37:09.516Z&quot;,
                &quot;status&quot;: &quot;DELIVERED&quot;
            },
            {
                &quot;time&quot;: &quot;2022-02-16T09:37:13.026Z&quot;,
                &quot;status&quot;: &quot;PENDING&quot;
            },
            {
                &quot;time&quot;: &quot;2022-02-16T09:37:13.068Z&quot;,
                &quot;status&quot;: &quot;SEND&quot;
            },
            {
                &quot;time&quot;: &quot;2022-02-16T09:37:13.106Z&quot;,
                &quot;status&quot;: &quot;DELIVERED&quot;
            },
            {
                &quot;time&quot;: &quot;2022-02-16T09:37:37.817Z&quot;,
                &quot;status&quot;: &quot;PENDING&quot;
            },
            {
                &quot;time&quot;: &quot;2022-02-16T09:37:37.857Z&quot;,
                &quot;status&quot;: &quot;SEND&quot;
            },
            {
                &quot;time&quot;: &quot;2022-02-16T09:37:37.893Z&quot;,
                &quot;status&quot;: &quot;DELIVERED&quot;
            },
            {
                &quot;time&quot;: &quot;2022-02-16T09:37:38.638Z&quot;,
                &quot;status&quot;: &quot;PENDING&quot;
            },
            {
                &quot;time&quot;: &quot;2022-02-16T09:37:38.675Z&quot;,
                &quot;status&quot;: &quot;SEND&quot;
            },
            {
                &quot;time&quot;: &quot;2022-02-16T09:37:38.712Z&quot;,
                &quot;status&quot;: &quot;DELIVERED&quot;
            },
            {
                &quot;time&quot;: &quot;2022-02-16T09:38:03.926Z&quot;,
                &quot;status&quot;: &quot;PENDING&quot;
            },
            {
                &quot;time&quot;: &quot;2022-02-16T09:38:03.965Z&quot;,
                &quot;status&quot;: &quot;SEND&quot;
            },
            {
                &quot;time&quot;: &quot;2022-02-16T09:38:04.001Z&quot;,
                &quot;status&quot;: &quot;DELIVERED&quot;
            },
            {
                &quot;time&quot;: &quot;2022-02-16T09:38:04.819Z&quot;,
                &quot;status&quot;: &quot;PENDING&quot;
            },
            {
                &quot;time&quot;: &quot;2022-02-16T09:38:04.864Z&quot;,
                &quot;status&quot;: &quot;SEND&quot;
            },
            {
                &quot;time&quot;: &quot;2022-02-16T09:38:04.911Z&quot;,
                &quot;status&quot;: &quot;DELIVERED&quot;
            },
            {
                &quot;time&quot;: &quot;2022-02-16T09:53:50.860Z&quot;,
                &quot;status&quot;: &quot;PENDING&quot;
            },
            {
                &quot;time&quot;: &quot;2022-02-16T09:53:50.900Z&quot;,
                &quot;status&quot;: &quot;SEND&quot;
            },
            {
                &quot;time&quot;: &quot;2022-02-16T09:53:50.939Z&quot;,
                &quot;status&quot;: &quot;DELIVERED&quot;
            },
            {
                &quot;time&quot;: &quot;2022-02-16T09:53:51.831Z&quot;,
                &quot;status&quot;: &quot;PENDING&quot;
            },
            {
                &quot;time&quot;: &quot;2022-02-16T09:53:51.869Z&quot;,
                &quot;status&quot;: &quot;SEND&quot;
            },
            {
                &quot;time&quot;: &quot;2022-02-16T09:53:51.917Z&quot;,
                &quot;status&quot;: &quot;DELIVERED&quot;
            },
            {
                &quot;time&quot;: &quot;2022-02-16T09:56:32.333Z&quot;,
                &quot;status&quot;: &quot;PENDING&quot;
            },
            {
                &quot;time&quot;: &quot;2022-02-16T09:56:32.376Z&quot;,
                &quot;status&quot;: &quot;SEND&quot;
            },
            {
                &quot;time&quot;: &quot;2022-02-16T09:56:32.413Z&quot;,
                &quot;status&quot;: &quot;DELIVERED&quot;
            },
            {
                &quot;time&quot;: &quot;2022-02-16T09:56:33.226Z&quot;,
                &quot;status&quot;: &quot;PENDING&quot;
            },
            {
                &quot;time&quot;: &quot;2022-02-16T09:56:33.279Z&quot;,
                &quot;status&quot;: &quot;SEND&quot;
            },
            {
                &quot;time&quot;: &quot;2022-02-16T09:56:33.321Z&quot;,
                &quot;status&quot;: &quot;DELIVERED&quot;
            },
            {
                &quot;time&quot;: &quot;2022-02-16T09:59:11.843Z&quot;,
                &quot;status&quot;: &quot;PENDING&quot;
            },
            {
                &quot;time&quot;: &quot;2022-02-16T09:59:11.885Z&quot;,
                &quot;status&quot;: &quot;SEND&quot;
            },
            {
                &quot;time&quot;: &quot;2022-02-16T09:59:11.929Z&quot;,
                &quot;status&quot;: &quot;DELIVERED&quot;
            },
            {
                &quot;time&quot;: &quot;2022-02-16T09:59:12.799Z&quot;,
                &quot;status&quot;: &quot;PENDING&quot;
            },
            {
                &quot;time&quot;: &quot;2022-02-16T09:59:12.857Z&quot;,
                &quot;status&quot;: &quot;SEND&quot;
            },
            {
                &quot;time&quot;: &quot;2022-02-16T09:59:12.913Z&quot;,
                &quot;status&quot;: &quot;DELIVERED&quot;
            },
            {
                &quot;time&quot;: &quot;2022-02-16T10:01:50.751Z&quot;,
                &quot;status&quot;: &quot;PENDING&quot;
            },
            {
                &quot;time&quot;: &quot;2022-02-16T10:01:50.791Z&quot;,
                &quot;status&quot;: &quot;SEND&quot;
            },
            {
                &quot;time&quot;: &quot;2022-02-16T10:01:50.828Z&quot;,
                &quot;status&quot;: &quot;DELIVERED&quot;
            },
            {
                &quot;time&quot;: &quot;2022-02-16T10:01:51.673Z&quot;,
                &quot;status&quot;: &quot;PENDING&quot;
            },
            {
                &quot;time&quot;: &quot;2022-02-16T10:01:51.713Z&quot;,
                &quot;status&quot;: &quot;SEND&quot;
            },
            {
                &quot;time&quot;: &quot;2022-02-16T10:01:51.755Z&quot;,
                &quot;status&quot;: &quot;DELIVERED&quot;
            },
            {
                &quot;time&quot;: &quot;2022-02-16T10:04:30.106Z&quot;,
                &quot;status&quot;: &quot;PENDING&quot;
            },
            {
                &quot;time&quot;: &quot;2022-02-16T10:04:30.153Z&quot;,
                &quot;status&quot;: &quot;SEND&quot;
            },
            {
                &quot;time&quot;: &quot;2022-02-16T10:04:30.200Z&quot;,
                &quot;status&quot;: &quot;DELIVERED&quot;
            },
            {
                &quot;time&quot;: &quot;2022-02-16T10:04:31.076Z&quot;,
                &quot;status&quot;: &quot;PENDING&quot;
            },
            {
                &quot;time&quot;: &quot;2022-02-16T10:04:31.122Z&quot;,
                &quot;status&quot;: &quot;SEND&quot;
            },
            {
                &quot;time&quot;: &quot;2022-02-16T10:04:31.164Z&quot;,
                &quot;status&quot;: &quot;DELIVERED&quot;
            },
            {
                &quot;time&quot;: &quot;2022-02-16T10:07:10.462Z&quot;,
                &quot;status&quot;: &quot;PENDING&quot;
            },
            {
                &quot;time&quot;: &quot;2022-02-16T10:07:10.499Z&quot;,
                &quot;status&quot;: &quot;SEND&quot;
            },
            {
                &quot;time&quot;: &quot;2022-02-16T10:07:10.537Z&quot;,
                &quot;status&quot;: &quot;DELIVERED&quot;
            },
            {
                &quot;time&quot;: &quot;2022-02-16T10:07:11.343Z&quot;,
                &quot;status&quot;: &quot;PENDING&quot;
            },
            {
                &quot;time&quot;: &quot;2022-02-16T10:07:11.380Z&quot;,
                &quot;status&quot;: &quot;SEND&quot;
            },
            {
                &quot;time&quot;: &quot;2022-02-16T10:07:11.418Z&quot;,
                &quot;status&quot;: &quot;DELIVERED&quot;
            },
            {
                &quot;time&quot;: &quot;2022-02-16T10:09:49.720Z&quot;,
                &quot;status&quot;: &quot;PENDING&quot;
            },
            {
                &quot;time&quot;: &quot;2022-02-16T10:09:49.762Z&quot;,
                &quot;status&quot;: &quot;SEND&quot;
            },
            {
                &quot;time&quot;: &quot;2022-02-16T10:09:49.803Z&quot;,
                &quot;status&quot;: &quot;DELIVERED&quot;
            },
            {
                &quot;time&quot;: &quot;2022-02-16T10:09:50.610Z&quot;,
                &quot;status&quot;: &quot;PENDING&quot;
            },
            {
                &quot;time&quot;: &quot;2022-02-16T10:09:50.651Z&quot;,
                &quot;status&quot;: &quot;SEND&quot;
            },
            {
                &quot;time&quot;: &quot;2022-02-16T10:09:50.691Z&quot;,
                &quot;status&quot;: &quot;DELIVERED&quot;
            },
            {
                &quot;time&quot;: &quot;2022-02-16T10:12:29.403Z&quot;,
                &quot;status&quot;: &quot;PENDING&quot;
            },
            {
                &quot;time&quot;: &quot;2022-02-16T10:12:29.449Z&quot;,
                &quot;status&quot;: &quot;SEND&quot;
            },
            {
                &quot;time&quot;: &quot;2022-02-16T10:12:29.494Z&quot;,
                &quot;status&quot;: &quot;DELIVERED&quot;
            },
            {
                &quot;time&quot;: &quot;2022-02-16T10:12:30.338Z&quot;,
                &quot;status&quot;: &quot;PENDING&quot;
            },
            {
                &quot;time&quot;: &quot;2022-02-16T10:12:30.379Z&quot;,
                &quot;status&quot;: &quot;SEND&quot;
            },
            {
                &quot;time&quot;: &quot;2022-02-16T10:12:30.423Z&quot;,
                &quot;status&quot;: &quot;DELIVERED&quot;
            },
            {
                &quot;time&quot;: &quot;2022-02-16T10:15:08.464Z&quot;,
                &quot;status&quot;: &quot;PENDING&quot;
            },
            {
                &quot;time&quot;: &quot;2022-02-16T10:15:08.507Z&quot;,
                &quot;status&quot;: &quot;SEND&quot;
            },
            {
                &quot;time&quot;: &quot;2022-02-16T10:15:08.549Z&quot;,
                &quot;status&quot;: &quot;DELIVERED&quot;
            },
            {
                &quot;time&quot;: &quot;2022-02-16T10:15:09.384Z&quot;,
                &quot;status&quot;: &quot;PENDING&quot;
            },
            {
                &quot;time&quot;: &quot;2022-02-16T10:15:09.428Z&quot;,
                &quot;status&quot;: &quot;SEND&quot;
            }
        ],
        &quot;status&quot;: &quot;DELIVERED&quot;
    },
    &quot;creationTime&quot;: &quot;2022-02-16T09:22:46.140Z&quot;,
    &quot;deviceId&quot;: &quot;14273295&quot;,
    &quot;deviceName&quot;: &quot;offsitec&quot;,
    &quot;self&quot;: &quot;https://t493319102.eu-latest.cumulocity.com/devicecontrol/operations/14275540&quot;,
    &quot;id&quot;: &quot;14275540&quot;,
    &quot;status&quot;: &quot;PENDING&quot;,
    &quot;c8y_LogfileRequest&quot;: {
        &quot;searchText&quot;: &quot;&quot;,
        &quot;logFile&quot;: &quot;software-management&quot;,
        &quot;dateTo&quot;: &quot;2021-11-21T18:55:49+0530&quot;,
        &quot;dateFrom&quot;: &quot;2021-11-15T18:55:49+0530&quot;,
        &quot;maximumLines&quot;: 300
    },
    &quot;description&quot;: &quot;Log file request&quot;
}
10:15:52 DEBUG Final URL of the request: https://thin-edge-io.eu-latest.cumulocity.com/devicecontrol/operations?deviceId=14273295&amp;pageSize=1&amp;revert=true&amp;dateFrom=1970-01-01T00%3A00%3A00.000Z
10:15:52 INFO  State of current operation: PENDING
10:15:52 DEBUG Final URL of the request: https://thin-edge-io.eu-latest.cumulocity.com/devicecontrol/operations?deviceId=14273295&amp;pageSize=1&amp;revert=true&amp;dateFrom=1970-01-01T00%3A00%3A00.000Z
10:15:52 DEBUG State of current operation: {
    &quot;delivery&quot;: {
        &quot;time&quot;: &quot;2022-02-16T10:15:09.472Z&quot;,
        &quot;log&quot;: [
            {
                &quot;time&quot;: &quot;2022-02-16T09:22:46.166Z&quot;,
                &quot;status&quot;: &quot;PENDING&quot;
            },
            {
                &quot;time&quot;: &quot;2022-02-16T09:22:46.185Z&quot;,
                &quot;status&quot;: &quot;SEND&quot;
            },
            {
                &quot;time&quot;: &quot;2022-02-16T09:22:46.219Z&quot;,
                &quot;status&quot;: &quot;DELIVERED&quot;
            },
            {
                &quot;time&quot;: &quot;2022-02-16T09:23:55.047Z&quot;,
                &quot;status&quot;: &quot;PENDING&quot;
            },
            {
                &quot;time&quot;: &quot;2022-02-16T09:23:55.077Z&quot;,
                &quot;status&quot;: &quot;SEND&quot;
            },
            {
                &quot;time&quot;: &quot;2022-02-16T09:23:55.114Z&quot;,
                &quot;status&quot;: &quot;DELIVERED&quot;
            },
            {
                &quot;time&quot;: &quot;2022-02-16T09:23:55.901Z&quot;,
                &quot;status&quot;: &quot;PENDING&quot;
            },
            {
                &quot;time&quot;: &quot;2022-02-16T09:23:55.930Z&quot;,
                &quot;status&quot;: &quot;SEND&quot;
            },
            {
                &quot;time&quot;: &quot;2022-02-16T09:23:55.967Z&quot;,
                &quot;status&quot;: &quot;DELIVERED&quot;
            },
            {
                &quot;time&quot;: &quot;2022-02-16T09:24:55.073Z&quot;,
                &quot;status&quot;: &quot;PENDING&quot;
            },
            {
                &quot;time&quot;: &quot;2022-02-16T09:24:55.106Z&quot;,
                &quot;status&quot;: &quot;SEND&quot;
            },
            {
                &quot;time&quot;: &quot;2022-02-16T09:24:55.144Z&quot;,
                &quot;status&quot;: &quot;DELIVERED&quot;
            },
            {
                &quot;time&quot;: &quot;2022-02-16T09:24:55.971Z&quot;,
                &quot;status&quot;: &quot;PENDING&quot;
            },
            {
                &quot;time&quot;: &quot;2022-02-16T09:24:56.008Z&quot;,
                &quot;status&quot;: &quot;SEND&quot;
            },
            {
                &quot;time&quot;: &quot;2022-02-16T09:24:56.044Z&quot;,
                &quot;status&quot;: &quot;DELIVERED&quot;
            },
            {
                &quot;time&quot;: &quot;2022-02-16T09:26:09.362Z&quot;,
                &quot;status&quot;: &quot;PENDING&quot;
            },
            {
                &quot;time&quot;: &quot;2022-02-16T09:26:09.392Z&quot;,
                &quot;status&quot;: &quot;SEND&quot;
            },
            {
                &quot;time&quot;: &quot;2022-02-16T09:26:09.428Z&quot;,
                &quot;status&quot;: &quot;DELIVERED&quot;
            },
            {
                &quot;time&quot;: &quot;2022-02-16T09:26:10.287Z&quot;,
                &quot;status&quot;: &quot;PENDING&quot;
            },
            {
                &quot;time&quot;: &quot;2022-02-16T09:26:10.317Z&quot;,
                &quot;status&quot;: &quot;SEND&quot;
            },
            {
                &quot;time&quot;: &quot;2022-02-16T09:26:10.353Z&quot;,
                &quot;status&quot;: &quot;DELIVERED&quot;
            },
            {
                &quot;time&quot;: &quot;2022-02-16T09:27:24.861Z&quot;,
                &quot;status&quot;: &quot;PENDING&quot;
            },
            {
                &quot;time&quot;: &quot;2022-02-16T09:27:24.898Z&quot;,
                &quot;status&quot;: &quot;SEND&quot;
            },
            {
                &quot;time&quot;: &quot;2022-02-16T09:27:24.935Z&quot;,
                &quot;status&quot;: &quot;DELIVERED&quot;
            },
            {
                &quot;time&quot;: &quot;2022-02-16T09:27:25.773Z&quot;,
                &quot;status&quot;: &quot;PENDING&quot;
            },
            {
                &quot;time&quot;: &quot;2022-02-16T09:27:25.812Z&quot;,
                &quot;status&quot;: &quot;SEND&quot;
            },
            {
                &quot;time&quot;: &quot;2022-02-16T09:27:25.849Z&quot;,
                &quot;status&quot;: &quot;DELIVERED&quot;
            },
            {
                &quot;time&quot;: &quot;2022-02-16T09:28:06.037Z&quot;,
                &quot;status&quot;: &quot;PENDING&quot;
            },
            {
                &quot;time&quot;: &quot;2022-02-16T09:28:06.069Z&quot;,
                &quot;status&quot;: &quot;SEND&quot;
            },
            {
                &quot;time&quot;: &quot;2022-02-16T09:28:06.107Z&quot;,
                &quot;status&quot;: &quot;DELIVERED&quot;
            },
            {
                &quot;time&quot;: &quot;2022-02-16T09:28:06.968Z&quot;,
                &quot;status&quot;: &quot;PENDING&quot;
            },
            {
                &quot;time&quot;: &quot;2022-02-16T09:28:07.002Z&quot;,
                &quot;status&quot;: &quot;SEND&quot;
            },
            {
                &quot;time&quot;: &quot;2022-02-16T09:28:07.039Z&quot;,
                &quot;status&quot;: &quot;DELIVERED&quot;
            },
            {
                &quot;time&quot;: &quot;2022-02-16T09:28:58.713Z&quot;,
                &quot;status&quot;: &quot;PENDING&quot;
            },
            {
                &quot;time&quot;: &quot;2022-02-16T09:28:58.744Z&quot;,
                &quot;status&quot;: &quot;SEND&quot;
            },
            {
                &quot;time&quot;: &quot;2022-02-16T09:28:58.782Z&quot;,
                &quot;status&quot;: &quot;DELIVERED&quot;
            },
            {
                &quot;time&quot;: &quot;2022-02-16T09:28:59.589Z&quot;,
                &quot;status&quot;: &quot;PENDING&quot;
            },
            {
                &quot;time&quot;: &quot;2022-02-16T09:28:59.620Z&quot;,
                &quot;status&quot;: &quot;SEND&quot;
            },
            {
                &quot;time&quot;: &quot;2022-02-16T09:28:59.658Z&quot;,
                &quot;status&quot;: &quot;DELIVERED&quot;
            },
            {
                &quot;time&quot;: &quot;2022-02-16T09:29:51.098Z&quot;,
                &quot;status&quot;: &quot;PENDING&quot;
            },
            {
                &quot;time&quot;: &quot;2022-02-16T09:29:51.134Z&quot;,
                &quot;status&quot;: &quot;SEND&quot;
            },
            {
                &quot;time&quot;: &quot;2022-02-16T09:29:51.171Z&quot;,
                &quot;status&quot;: &quot;DELIVERED&quot;
            },
            {
                &quot;time&quot;: &quot;2022-02-16T09:29:52.013Z&quot;,
                &quot;status&quot;: &quot;PENDING&quot;
            },
            {
                &quot;time&quot;: &quot;2022-02-16T09:29:52.047Z&quot;,
                &quot;status&quot;: &quot;SEND&quot;
            },
            {
                &quot;time&quot;: &quot;2022-02-16T09:29:52.089Z&quot;,
                &quot;status&quot;: &quot;DELIVERED&quot;
            },
            {
                &quot;time&quot;: &quot;2022-02-16T09:30:33.494Z&quot;,
                &quot;status&quot;: &quot;PENDING&quot;
            },
            {
                &quot;time&quot;: &quot;2022-02-16T09:30:33.534Z&quot;,
                &quot;status&quot;: &quot;SEND&quot;
            },
            {
                &quot;time&quot;: &quot;2022-02-16T09:30:33.571Z&quot;,
                &quot;status&quot;: &quot;DELIVERED&quot;
            },
            {
                &quot;time&quot;: &quot;2022-02-16T09:30:34.412Z&quot;,
                &quot;status&quot;: &quot;PENDING&quot;
            },
            {
                &quot;time&quot;: &quot;2022-02-16T09:30:34.453Z&quot;,
                &quot;status&quot;: &quot;SEND&quot;
            },
            {
                &quot;time&quot;: &quot;2022-02-16T09:30:34.488Z&quot;,
                &quot;status&quot;: &quot;DELIVERED&quot;
            },
            {
                &quot;time&quot;: &quot;2022-02-16T09:32:49.337Z&quot;,
                &quot;status&quot;: &quot;PENDING&quot;
            },
            {
                &quot;time&quot;: &quot;2022-02-16T09:32:49.371Z&quot;,
                &quot;status&quot;: &quot;SEND&quot;
            },
            {
                &quot;time&quot;: &quot;2022-02-16T09:32:49.408Z&quot;,
                &quot;status&quot;: &quot;DELIVERED&quot;
            },
            {
                &quot;time&quot;: &quot;2022-02-16T09:32:50.347Z&quot;,
                &quot;status&quot;: &quot;PENDING&quot;
            },
            {
                &quot;time&quot;: &quot;2022-02-16T09:32:50.382Z&quot;,
                &quot;status&quot;: &quot;SEND&quot;
            },
            {
                &quot;time&quot;: &quot;2022-02-16T09:32:50.423Z&quot;,
                &quot;status&quot;: &quot;DELIVERED&quot;
            },
            {
                &quot;time&quot;: &quot;2022-02-16T09:35:18.696Z&quot;,
                &quot;status&quot;: &quot;PENDING&quot;
            },
            {
                &quot;time&quot;: &quot;2022-02-16T09:35:18.734Z&quot;,
                &quot;status&quot;: &quot;SEND&quot;
            },
            {
                &quot;time&quot;: &quot;2022-02-16T09:35:18.769Z&quot;,
                &quot;status&quot;: &quot;DELIVERED&quot;
            },
            {
                &quot;time&quot;: &quot;2022-02-16T09:35:41.813Z&quot;,
                &quot;status&quot;: &quot;PENDING&quot;
            },
            {
                &quot;time&quot;: &quot;2022-02-16T09:35:41.852Z&quot;,
                &quot;status&quot;: &quot;SEND&quot;
            },
            {
                &quot;time&quot;: &quot;2022-02-16T09:35:41.891Z&quot;,
                &quot;status&quot;: &quot;DELIVERED&quot;
            },
            {
                &quot;time&quot;: &quot;2022-02-16T09:35:42.766Z&quot;,
                &quot;status&quot;: &quot;PENDING&quot;
            },
            {
                &quot;time&quot;: &quot;2022-02-16T09:35:42.811Z&quot;,
                &quot;status&quot;: &quot;SEND&quot;
            },
            {
                &quot;time&quot;: &quot;2022-02-16T09:35:42.849Z&quot;,
                &quot;status&quot;: &quot;DELIVERED&quot;
            },
            {
                &quot;time&quot;: &quot;2022-02-16T09:36:06.394Z&quot;,
                &quot;status&quot;: &quot;PENDING&quot;
            },
            {
                &quot;time&quot;: &quot;2022-02-16T09:36:06.432Z&quot;,
                &quot;status&quot;: &quot;SEND&quot;
            },
            {
                &quot;time&quot;: &quot;2022-02-16T09:36:06.488Z&quot;,
                &quot;status&quot;: &quot;DELIVERED&quot;
            },
            {
                &quot;time&quot;: &quot;2022-02-16T09:36:07.318Z&quot;,
                &quot;status&quot;: &quot;PENDING&quot;
            },
            {
                &quot;time&quot;: &quot;2022-02-16T09:36:07.358Z&quot;,
                &quot;status&quot;: &quot;SEND&quot;
            },
            {
                &quot;time&quot;: &quot;2022-02-16T09:36:07.393Z&quot;,
                &quot;status&quot;: &quot;DELIVERED&quot;
            },
            {
                &quot;time&quot;: &quot;2022-02-16T09:36:30.178Z&quot;,
                &quot;status&quot;: &quot;PENDING&quot;
            },
            {
                &quot;time&quot;: &quot;2022-02-16T09:36:30.210Z&quot;,
                &quot;status&quot;: &quot;SEND&quot;
            },
            {
                &quot;time&quot;: &quot;2022-02-16T09:36:30.248Z&quot;,
                &quot;status&quot;: &quot;DELIVERED&quot;
            },
            {
                &quot;time&quot;: &quot;2022-02-16T09:36:31.123Z&quot;,
                &quot;status&quot;: &quot;PENDING&quot;
            },
            {
                &quot;time&quot;: &quot;2022-02-16T09:36:31.156Z&quot;,
                &quot;status&quot;: &quot;SEND&quot;
            },
            {
                &quot;time&quot;: &quot;2022-02-16T09:36:31.207Z&quot;,
                &quot;status&quot;: &quot;DELIVERED&quot;
            },
            {
                &quot;time&quot;: &quot;2022-02-16T09:37:08.443Z&quot;,
                &quot;status&quot;: &quot;PENDING&quot;
            },
            {
                &quot;time&quot;: &quot;2022-02-16T09:37:08.481Z&quot;,
                &quot;status&quot;: &quot;SEND&quot;
            },
            {
                &quot;time&quot;: &quot;2022-02-16T09:37:08.522Z&quot;,
                &quot;status&quot;: &quot;DELIVERED&quot;
            },
            {
                &quot;time&quot;: &quot;2022-02-16T09:37:09.439Z&quot;,
                &quot;status&quot;: &quot;PENDING&quot;
            },
            {
                &quot;time&quot;: &quot;2022-02-16T09:37:09.478Z&quot;,
                &quot;status&quot;: &quot;SEND&quot;
            },
            {
                &quot;time&quot;: &quot;2022-02-16T09:37:09.516Z&quot;,
                &quot;status&quot;: &quot;DELIVERED&quot;
            },
            {
                &quot;time&quot;: &quot;2022-02-16T09:37:13.026Z&quot;,
                &quot;status&quot;: &quot;PENDING&quot;
            },
            {
                &quot;time&quot;: &quot;2022-02-16T09:37:13.068Z&quot;,
                &quot;status&quot;: &quot;SEND&quot;
            },
            {
                &quot;time&quot;: &quot;2022-02-16T09:37:13.106Z&quot;,
                &quot;status&quot;: &quot;DELIVERED&quot;
            },
            {
                &quot;time&quot;: &quot;2022-02-16T09:37:37.817Z&quot;,
                &quot;status&quot;: &quot;PENDING&quot;
            },
            {
                &quot;time&quot;: &quot;2022-02-16T09:37:37.857Z&quot;,
                &quot;status&quot;: &quot;SEND&quot;
            },
            {
                &quot;time&quot;: &quot;2022-02-16T09:37:37.893Z&quot;,
                &quot;status&quot;: &quot;DELIVERED&quot;
            },
            {
                &quot;time&quot;: &quot;2022-02-16T09:37:38.638Z&quot;,
                &quot;status&quot;: &quot;PENDING&quot;
            },
            {
                &quot;time&quot;: &quot;2022-02-16T09:37:38.675Z&quot;,
                &quot;status&quot;: &quot;SEND&quot;
            },
            {
                &quot;time&quot;: &quot;2022-02-16T09:37:38.712Z&quot;,
                &quot;status&quot;: &quot;DELIVERED&quot;
            },
            {
                &quot;time&quot;: &quot;2022-02-16T09:38:03.926Z&quot;,
                &quot;status&quot;: &quot;PENDING&quot;
            },
            {
                &quot;time&quot;: &quot;2022-02-16T09:38:03.965Z&quot;,
                &quot;status&quot;: &quot;SEND&quot;
            },
            {
                &quot;time&quot;: &quot;2022-02-16T09:38:04.001Z&quot;,
                &quot;status&quot;: &quot;DELIVERED&quot;
            },
            {
                &quot;time&quot;: &quot;2022-02-16T09:38:04.819Z&quot;,
                &quot;status&quot;: &quot;PENDING&quot;
            },
            {
                &quot;time&quot;: &quot;2022-02-16T09:38:04.864Z&quot;,
                &quot;status&quot;: &quot;SEND&quot;
            },
            {
                &quot;time&quot;: &quot;2022-02-16T09:38:04.911Z&quot;,
                &quot;status&quot;: &quot;DELIVERED&quot;
            },
            {
                &quot;time&quot;: &quot;2022-02-16T09:53:50.860Z&quot;,
                &quot;status&quot;: &quot;PENDING&quot;
            },
            {
                &quot;time&quot;: &quot;2022-02-16T09:53:50.900Z&quot;,
                &quot;status&quot;: &quot;SEND&quot;
            },
            {
                &quot;time&quot;: &quot;2022-02-16T09:53:50.939Z&quot;,
                &quot;status&quot;: &quot;DELIVERED&quot;
            },
            {
                &quot;time&quot;: &quot;2022-02-16T09:53:51.831Z&quot;,
                &quot;status&quot;: &quot;PENDING&quot;
            },
            {
                &quot;time&quot;: &quot;2022-02-16T09:53:51.869Z&quot;,
                &quot;status&quot;: &quot;SEND&quot;
            },
            {
                &quot;time&quot;: &quot;2022-02-16T09:53:51.917Z&quot;,
                &quot;status&quot;: &quot;DELIVERED&quot;
            },
            {
                &quot;time&quot;: &quot;2022-02-16T09:56:32.333Z&quot;,
                &quot;status&quot;: &quot;PENDING&quot;
            },
            {
                &quot;time&quot;: &quot;2022-02-16T09:56:32.376Z&quot;,
                &quot;status&quot;: &quot;SEND&quot;
            },
            {
                &quot;time&quot;: &quot;2022-02-16T09:56:32.413Z&quot;,
                &quot;status&quot;: &quot;DELIVERED&quot;
            },
            {
                &quot;time&quot;: &quot;2022-02-16T09:56:33.226Z&quot;,
                &quot;status&quot;: &quot;PENDING&quot;
            },
            {
                &quot;time&quot;: &quot;2022-02-16T09:56:33.279Z&quot;,
                &quot;status&quot;: &quot;SEND&quot;
            },
            {
                &quot;time&quot;: &quot;2022-02-16T09:56:33.321Z&quot;,
                &quot;status&quot;: &quot;DELIVERED&quot;
            },
            {
                &quot;time&quot;: &quot;2022-02-16T09:59:11.843Z&quot;,
                &quot;status&quot;: &quot;PENDING&quot;
            },
            {
                &quot;time&quot;: &quot;2022-02-16T09:59:11.885Z&quot;,
                &quot;status&quot;: &quot;SEND&quot;
            },
            {
                &quot;time&quot;: &quot;2022-02-16T09:59:11.929Z&quot;,
                &quot;status&quot;: &quot;DELIVERED&quot;
            },
            {
                &quot;time&quot;: &quot;2022-02-16T09:59:12.799Z&quot;,
                &quot;status&quot;: &quot;PENDING&quot;
            },
            {
                &quot;time&quot;: &quot;2022-02-16T09:59:12.857Z&quot;,
                &quot;status&quot;: &quot;SEND&quot;
            },
            {
                &quot;time&quot;: &quot;2022-02-16T09:59:12.913Z&quot;,
                &quot;status&quot;: &quot;DELIVERED&quot;
            },
            {
                &quot;time&quot;: &quot;2022-02-16T10:01:50.751Z&quot;,
                &quot;status&quot;: &quot;PENDING&quot;
            },
            {
                &quot;time&quot;: &quot;2022-02-16T10:01:50.791Z&quot;,
                &quot;status&quot;: &quot;SEND&quot;
            },
            {
                &quot;time&quot;: &quot;2022-02-16T10:01:50.828Z&quot;,
                &quot;status&quot;: &quot;DELIVERED&quot;
            },
            {
                &quot;time&quot;: &quot;2022-02-16T10:01:51.673Z&quot;,
                &quot;status&quot;: &quot;PENDING&quot;
            },
            {
                &quot;time&quot;: &quot;2022-02-16T10:01:51.713Z&quot;,
                &quot;status&quot;: &quot;SEND&quot;
            },
            {
                &quot;time&quot;: &quot;2022-02-16T10:01:51.755Z&quot;,
                &quot;status&quot;: &quot;DELIVERED&quot;
            },
            {
                &quot;time&quot;: &quot;2022-02-16T10:04:30.106Z&quot;,
                &quot;status&quot;: &quot;PENDING&quot;
            },
            {
                &quot;time&quot;: &quot;2022-02-16T10:04:30.153Z&quot;,
                &quot;status&quot;: &quot;SEND&quot;
            },
            {
                &quot;time&quot;: &quot;2022-02-16T10:04:30.200Z&quot;,
                &quot;status&quot;: &quot;DELIVERED&quot;
            },
            {
                &quot;time&quot;: &quot;2022-02-16T10:04:31.076Z&quot;,
                &quot;status&quot;: &quot;PENDING&quot;
            },
            {
                &quot;time&quot;: &quot;2022-02-16T10:04:31.122Z&quot;,
                &quot;status&quot;: &quot;SEND&quot;
            },
            {
                &quot;time&quot;: &quot;2022-02-16T10:04:31.164Z&quot;,
                &quot;status&quot;: &quot;DELIVERED&quot;
            },
            {
                &quot;time&quot;: &quot;2022-02-16T10:07:10.462Z&quot;,
                &quot;status&quot;: &quot;PENDING&quot;
            },
            {
                &quot;time&quot;: &quot;2022-02-16T10:07:10.499Z&quot;,
                &quot;status&quot;: &quot;SEND&quot;
            },
            {
                &quot;time&quot;: &quot;2022-02-16T10:07:10.537Z&quot;,
                &quot;status&quot;: &quot;DELIVERED&quot;
            },
            {
                &quot;time&quot;: &quot;2022-02-16T10:07:11.343Z&quot;,
                &quot;status&quot;: &quot;PENDING&quot;
            },
            {
                &quot;time&quot;: &quot;2022-02-16T10:07:11.380Z&quot;,
                &quot;status&quot;: &quot;SEND&quot;
            },
            {
                &quot;time&quot;: &quot;2022-02-16T10:07:11.418Z&quot;,
                &quot;status&quot;: &quot;DELIVERED&quot;
            },
            {
                &quot;time&quot;: &quot;2022-02-16T10:09:49.720Z&quot;,
                &quot;status&quot;: &quot;PENDING&quot;
            },
            {
                &quot;time&quot;: &quot;2022-02-16T10:09:49.762Z&quot;,
                &quot;status&quot;: &quot;SEND&quot;
            },
            {
                &quot;time&quot;: &quot;2022-02-16T10:09:49.803Z&quot;,
                &quot;status&quot;: &quot;DELIVERED&quot;
            },
            {
                &quot;time&quot;: &quot;2022-02-16T10:09:50.610Z&quot;,
                &quot;status&quot;: &quot;PENDING&quot;
            },
            {
                &quot;time&quot;: &quot;2022-02-16T10:09:50.651Z&quot;,
                &quot;status&quot;: &quot;SEND&quot;
            },
            {
                &quot;time&quot;: &quot;2022-02-16T10:09:50.691Z&quot;,
                &quot;status&quot;: &quot;DELIVERED&quot;
            },
            {
                &quot;time&quot;: &quot;2022-02-16T10:12:29.403Z&quot;,
                &quot;status&quot;: &quot;PENDING&quot;
            },
            {
                &quot;time&quot;: &quot;2022-02-16T10:12:29.449Z&quot;,
                &quot;status&quot;: &quot;SEND&quot;
            },
            {
                &quot;time&quot;: &quot;2022-02-16T10:12:29.494Z&quot;,
                &quot;status&quot;: &quot;DELIVERED&quot;
            },
            {
                &quot;time&quot;: &quot;2022-02-16T10:12:30.338Z&quot;,
                &quot;status&quot;: &quot;PENDING&quot;
            },
            {
                &quot;time&quot;: &quot;2022-02-16T10:12:30.379Z&quot;,
                &quot;status&quot;: &quot;SEND&quot;
            },
            {
                &quot;time&quot;: &quot;2022-02-16T10:12:30.423Z&quot;,
                &quot;status&quot;: &quot;DELIVERED&quot;
            },
            {
                &quot;time&quot;: &quot;2022-02-16T10:15:08.464Z&quot;,
                &quot;status&quot;: &quot;PENDING&quot;
            },
            {
                &quot;time&quot;: &quot;2022-02-16T10:15:08.507Z&quot;,
                &quot;status&quot;: &quot;SEND&quot;
            },
            {
                &quot;time&quot;: &quot;2022-02-16T10:15:08.549Z&quot;,
                &quot;status&quot;: &quot;DELIVERED&quot;
            },
            {
                &quot;time&quot;: &quot;2022-02-16T10:15:09.384Z&quot;,
                &quot;status&quot;: &quot;PENDING&quot;
            },
            {
                &quot;time&quot;: &quot;2022-02-16T10:15:09.428Z&quot;,
                &quot;status&quot;: &quot;SEND&quot;
            }
        ],
        &quot;status&quot;: &quot;DELIVERED&quot;
    },
    &quot;creationTime&quot;: &quot;2022-02-16T09:22:46.140Z&quot;,
    &quot;deviceId&quot;: &quot;14273295&quot;,
    &quot;deviceName&quot;: &quot;offsitec&quot;,
    &quot;self&quot;: &quot;https://t493319102.eu-latest.cumulocity.com/devicecontrol/operations/14275540&quot;,
    &quot;id&quot;: &quot;14275540&quot;,
    &quot;status&quot;: &quot;PENDING&quot;,
    &quot;c8y_LogfileRequest&quot;: {
        &quot;searchText&quot;: &quot;&quot;,
        &quot;logFile&quot;: &quot;software-management&quot;,
        &quot;dateTo&quot;: &quot;2021-11-21T18:55:49+0530&quot;,
        &quot;dateFrom&quot;: &quot;2021-11-15T18:55:49+0530&quot;,
        &quot;maximumLines&quot;: 300
    },
    &quot;description&quot;: &quot;Log file request&quot;
}
10:15:54 DEBUG Final URL of the request: https://thin-edge-io.eu-latest.cumulocity.com/devicecontrol/operations?deviceId=14273295&amp;pageSize=1&amp;revert=true&amp;dateFrom=1970-01-01T00%3A00%3A00.000Z
10:15:54 INFO  State of current operation: PENDING
10:15:54 DEBUG Final URL of the request: https://thin-edge-io.eu-latest.cumulocity.com/devicecontrol/operations?deviceId=14273295&amp;pageSize=1&amp;revert=true&amp;dateFrom=1970-01-01T00%3A00%3A00.000Z
10:15:54 DEBUG State of current operation: {
    &quot;delivery&quot;: {
        &quot;time&quot;: &quot;2022-02-16T10:15:09.472Z&quot;,
        &quot;log&quot;: [
            {
                &quot;time&quot;: &quot;2022-02-16T09:22:46.166Z&quot;,
                &quot;status&quot;: &quot;PENDING&quot;
            },
            {
                &quot;time&quot;: &quot;2022-02-16T09:22:46.185Z&quot;,
                &quot;status&quot;: &quot;SEND&quot;
            },
            {
                &quot;time&quot;: &quot;2022-02-16T09:22:46.219Z&quot;,
                &quot;status&quot;: &quot;DELIVERED&quot;
            },
            {
                &quot;time&quot;: &quot;2022-02-16T09:23:55.047Z&quot;,
                &quot;status&quot;: &quot;PENDING&quot;
            },
            {
                &quot;time&quot;: &quot;2022-02-16T09:23:55.077Z&quot;,
                &quot;status&quot;: &quot;SEND&quot;
            },
            {
                &quot;time&quot;: &quot;2022-02-16T09:23:55.114Z&quot;,
                &quot;status&quot;: &quot;DELIVERED&quot;
            },
            {
                &quot;time&quot;: &quot;2022-02-16T09:23:55.901Z&quot;,
                &quot;status&quot;: &quot;PENDING&quot;
            },
            {
                &quot;time&quot;: &quot;2022-02-16T09:23:55.930Z&quot;,
                &quot;status&quot;: &quot;SEND&quot;
            },
            {
                &quot;time&quot;: &quot;2022-02-16T09:23:55.967Z&quot;,
                &quot;status&quot;: &quot;DELIVERED&quot;
            },
            {
                &quot;time&quot;: &quot;2022-02-16T09:24:55.073Z&quot;,
                &quot;status&quot;: &quot;PENDING&quot;
            },
            {
                &quot;time&quot;: &quot;2022-02-16T09:24:55.106Z&quot;,
                &quot;status&quot;: &quot;SEND&quot;
            },
            {
                &quot;time&quot;: &quot;2022-02-16T09:24:55.144Z&quot;,
                &quot;status&quot;: &quot;DELIVERED&quot;
            },
            {
                &quot;time&quot;: &quot;2022-02-16T09:24:55.971Z&quot;,
                &quot;status&quot;: &quot;PENDING&quot;
            },
            {
                &quot;time&quot;: &quot;2022-02-16T09:24:56.008Z&quot;,
                &quot;status&quot;: &quot;SEND&quot;
            },
            {
                &quot;time&quot;: &quot;2022-02-16T09:24:56.044Z&quot;,
                &quot;status&quot;: &quot;DELIVERED&quot;
            },
            {
                &quot;time&quot;: &quot;2022-02-16T09:26:09.362Z&quot;,
                &quot;status&quot;: &quot;PENDING&quot;
            },
            {
                &quot;time&quot;: &quot;2022-02-16T09:26:09.392Z&quot;,
                &quot;status&quot;: &quot;SEND&quot;
            },
            {
                &quot;time&quot;: &quot;2022-02-16T09:26:09.428Z&quot;,
                &quot;status&quot;: &quot;DELIVERED&quot;
            },
            {
                &quot;time&quot;: &quot;2022-02-16T09:26:10.287Z&quot;,
                &quot;status&quot;: &quot;PENDING&quot;
            },
            {
                &quot;time&quot;: &quot;2022-02-16T09:26:10.317Z&quot;,
                &quot;status&quot;: &quot;SEND&quot;
            },
            {
                &quot;time&quot;: &quot;2022-02-16T09:26:10.353Z&quot;,
                &quot;status&quot;: &quot;DELIVERED&quot;
            },
            {
                &quot;time&quot;: &quot;2022-02-16T09:27:24.861Z&quot;,
                &quot;status&quot;: &quot;PENDING&quot;
            },
            {
                &quot;time&quot;: &quot;2022-02-16T09:27:24.898Z&quot;,
                &quot;status&quot;: &quot;SEND&quot;
            },
            {
                &quot;time&quot;: &quot;2022-02-16T09:27:24.935Z&quot;,
                &quot;status&quot;: &quot;DELIVERED&quot;
            },
            {
                &quot;time&quot;: &quot;2022-02-16T09:27:25.773Z&quot;,
                &quot;status&quot;: &quot;PENDING&quot;
            },
            {
                &quot;time&quot;: &quot;2022-02-16T09:27:25.812Z&quot;,
                &quot;status&quot;: &quot;SEND&quot;
            },
            {
                &quot;time&quot;: &quot;2022-02-16T09:27:25.849Z&quot;,
                &quot;status&quot;: &quot;DELIVERED&quot;
            },
            {
                &quot;time&quot;: &quot;2022-02-16T09:28:06.037Z&quot;,
                &quot;status&quot;: &quot;PENDING&quot;
            },
            {
                &quot;time&quot;: &quot;2022-02-16T09:28:06.069Z&quot;,
                &quot;status&quot;: &quot;SEND&quot;
            },
            {
                &quot;time&quot;: &quot;2022-02-16T09:28:06.107Z&quot;,
                &quot;status&quot;: &quot;DELIVERED&quot;
            },
            {
                &quot;time&quot;: &quot;2022-02-16T09:28:06.968Z&quot;,
                &quot;status&quot;: &quot;PENDING&quot;
            },
            {
                &quot;time&quot;: &quot;2022-02-16T09:28:07.002Z&quot;,
                &quot;status&quot;: &quot;SEND&quot;
            },
            {
                &quot;time&quot;: &quot;2022-02-16T09:28:07.039Z&quot;,
                &quot;status&quot;: &quot;DELIVERED&quot;
            },
            {
                &quot;time&quot;: &quot;2022-02-16T09:28:58.713Z&quot;,
                &quot;status&quot;: &quot;PENDING&quot;
            },
            {
                &quot;time&quot;: &quot;2022-02-16T09:28:58.744Z&quot;,
                &quot;status&quot;: &quot;SEND&quot;
            },
            {
                &quot;time&quot;: &quot;2022-02-16T09:28:58.782Z&quot;,
                &quot;status&quot;: &quot;DELIVERED&quot;
            },
            {
                &quot;time&quot;: &quot;2022-02-16T09:28:59.589Z&quot;,
                &quot;status&quot;: &quot;PENDING&quot;
            },
            {
                &quot;time&quot;: &quot;2022-02-16T09:28:59.620Z&quot;,
                &quot;status&quot;: &quot;SEND&quot;
            },
            {
                &quot;time&quot;: &quot;2022-02-16T09:28:59.658Z&quot;,
                &quot;status&quot;: &quot;DELIVERED&quot;
            },
            {
                &quot;time&quot;: &quot;2022-02-16T09:29:51.098Z&quot;,
                &quot;status&quot;: &quot;PENDING&quot;
            },
            {
                &quot;time&quot;: &quot;2022-02-16T09:29:51.134Z&quot;,
                &quot;status&quot;: &quot;SEND&quot;
            },
            {
                &quot;time&quot;: &quot;2022-02-16T09:29:51.171Z&quot;,
                &quot;status&quot;: &quot;DELIVERED&quot;
            },
            {
                &quot;time&quot;: &quot;2022-02-16T09:29:52.013Z&quot;,
                &quot;status&quot;: &quot;PENDING&quot;
            },
            {
                &quot;time&quot;: &quot;2022-02-16T09:29:52.047Z&quot;,
                &quot;status&quot;: &quot;SEND&quot;
            },
            {
                &quot;time&quot;: &quot;2022-02-16T09:29:52.089Z&quot;,
                &quot;status&quot;: &quot;DELIVERED&quot;
            },
            {
                &quot;time&quot;: &quot;2022-02-16T09:30:33.494Z&quot;,
                &quot;status&quot;: &quot;PENDING&quot;
            },
            {
                &quot;time&quot;: &quot;2022-02-16T09:30:33.534Z&quot;,
                &quot;status&quot;: &quot;SEND&quot;
            },
            {
                &quot;time&quot;: &quot;2022-02-16T09:30:33.571Z&quot;,
                &quot;status&quot;: &quot;DELIVERED&quot;
            },
            {
                &quot;time&quot;: &quot;2022-02-16T09:30:34.412Z&quot;,
                &quot;status&quot;: &quot;PENDING&quot;
            },
            {
                &quot;time&quot;: &quot;2022-02-16T09:30:34.453Z&quot;,
                &quot;status&quot;: &quot;SEND&quot;
            },
            {
                &quot;time&quot;: &quot;2022-02-16T09:30:34.488Z&quot;,
                &quot;status&quot;: &quot;DELIVERED&quot;
            },
            {
                &quot;time&quot;: &quot;2022-02-16T09:32:49.337Z&quot;,
                &quot;status&quot;: &quot;PENDING&quot;
            },
            {
                &quot;time&quot;: &quot;2022-02-16T09:32:49.371Z&quot;,
                &quot;status&quot;: &quot;SEND&quot;
            },
            {
                &quot;time&quot;: &quot;2022-02-16T09:32:49.408Z&quot;,
                &quot;status&quot;: &quot;DELIVERED&quot;
            },
            {
                &quot;time&quot;: &quot;2022-02-16T09:32:50.347Z&quot;,
                &quot;status&quot;: &quot;PENDING&quot;
            },
            {
                &quot;time&quot;: &quot;2022-02-16T09:32:50.382Z&quot;,
                &quot;status&quot;: &quot;SEND&quot;
            },
            {
                &quot;time&quot;: &quot;2022-02-16T09:32:50.423Z&quot;,
                &quot;status&quot;: &quot;DELIVERED&quot;
            },
            {
                &quot;time&quot;: &quot;2022-02-16T09:35:18.696Z&quot;,
                &quot;status&quot;: &quot;PENDING&quot;
            },
            {
                &quot;time&quot;: &quot;2022-02-16T09:35:18.734Z&quot;,
                &quot;status&quot;: &quot;SEND&quot;
            },
            {
                &quot;time&quot;: &quot;2022-02-16T09:35:18.769Z&quot;,
                &quot;status&quot;: &quot;DELIVERED&quot;
            },
            {
                &quot;time&quot;: &quot;2022-02-16T09:35:41.813Z&quot;,
                &quot;status&quot;: &quot;PENDING&quot;
            },
            {
                &quot;time&quot;: &quot;2022-02-16T09:35:41.852Z&quot;,
                &quot;status&quot;: &quot;SEND&quot;
            },
            {
                &quot;time&quot;: &quot;2022-02-16T09:35:41.891Z&quot;,
                &quot;status&quot;: &quot;DELIVERED&quot;
            },
            {
                &quot;time&quot;: &quot;2022-02-16T09:35:42.766Z&quot;,
                &quot;status&quot;: &quot;PENDING&quot;
            },
            {
                &quot;time&quot;: &quot;2022-02-16T09:35:42.811Z&quot;,
                &quot;status&quot;: &quot;SEND&quot;
            },
            {
                &quot;time&quot;: &quot;2022-02-16T09:35:42.849Z&quot;,
                &quot;status&quot;: &quot;DELIVERED&quot;
            },
            {
                &quot;time&quot;: &quot;2022-02-16T09:36:06.394Z&quot;,
                &quot;status&quot;: &quot;PENDING&quot;
            },
            {
                &quot;time&quot;: &quot;2022-02-16T09:36:06.432Z&quot;,
                &quot;status&quot;: &quot;SEND&quot;
            },
            {
                &quot;time&quot;: &quot;2022-02-16T09:36:06.488Z&quot;,
                &quot;status&quot;: &quot;DELIVERED&quot;
            },
            {
                &quot;time&quot;: &quot;2022-02-16T09:36:07.318Z&quot;,
                &quot;status&quot;: &quot;PENDING&quot;
            },
            {
                &quot;time&quot;: &quot;2022-02-16T09:36:07.358Z&quot;,
                &quot;status&quot;: &quot;SEND&quot;
            },
            {
                &quot;time&quot;: &quot;2022-02-16T09:36:07.393Z&quot;,
                &quot;status&quot;: &quot;DELIVERED&quot;
            },
            {
                &quot;time&quot;: &quot;2022-02-16T09:36:30.178Z&quot;,
                &quot;status&quot;: &quot;PENDING&quot;
            },
            {
                &quot;time&quot;: &quot;2022-02-16T09:36:30.210Z&quot;,
                &quot;status&quot;: &quot;SEND&quot;
            },
            {
                &quot;time&quot;: &quot;2022-02-16T09:36:30.248Z&quot;,
                &quot;status&quot;: &quot;DELIVERED&quot;
            },
            {
                &quot;time&quot;: &quot;2022-02-16T09:36:31.123Z&quot;,
                &quot;status&quot;: &quot;PENDING&quot;
            },
            {
                &quot;time&quot;: &quot;2022-02-16T09:36:31.156Z&quot;,
                &quot;status&quot;: &quot;SEND&quot;
            },
            {
                &quot;time&quot;: &quot;2022-02-16T09:36:31.207Z&quot;,
                &quot;status&quot;: &quot;DELIVERED&quot;
            },
            {
                &quot;time&quot;: &quot;2022-02-16T09:37:08.443Z&quot;,
                &quot;status&quot;: &quot;PENDING&quot;
            },
            {
                &quot;time&quot;: &quot;2022-02-16T09:37:08.481Z&quot;,
                &quot;status&quot;: &quot;SEND&quot;
            },
            {
                &quot;time&quot;: &quot;2022-02-16T09:37:08.522Z&quot;,
                &quot;status&quot;: &quot;DELIVERED&quot;
            },
            {
                &quot;time&quot;: &quot;2022-02-16T09:37:09.439Z&quot;,
                &quot;status&quot;: &quot;PENDING&quot;
            },
            {
                &quot;time&quot;: &quot;2022-02-16T09:37:09.478Z&quot;,
                &quot;status&quot;: &quot;SEND&quot;
            },
            {
                &quot;time&quot;: &quot;2022-02-16T09:37:09.516Z&quot;,
                &quot;status&quot;: &quot;DELIVERED&quot;
            },
            {
                &quot;time&quot;: &quot;2022-02-16T09:37:13.026Z&quot;,
                &quot;status&quot;: &quot;PENDING&quot;
            },
            {
                &quot;time&quot;: &quot;2022-02-16T09:37:13.068Z&quot;,
                &quot;status&quot;: &quot;SEND&quot;
            },
            {
                &quot;time&quot;: &quot;2022-02-16T09:37:13.106Z&quot;,
                &quot;status&quot;: &quot;DELIVERED&quot;
            },
            {
                &quot;time&quot;: &quot;2022-02-16T09:37:37.817Z&quot;,
                &quot;status&quot;: &quot;PENDING&quot;
            },
            {
                &quot;time&quot;: &quot;2022-02-16T09:37:37.857Z&quot;,
                &quot;status&quot;: &quot;SEND&quot;
            },
            {
                &quot;time&quot;: &quot;2022-02-16T09:37:37.893Z&quot;,
                &quot;status&quot;: &quot;DELIVERED&quot;
            },
            {
                &quot;time&quot;: &quot;2022-02-16T09:37:38.638Z&quot;,
                &quot;status&quot;: &quot;PENDING&quot;
            },
            {
                &quot;time&quot;: &quot;2022-02-16T09:37:38.675Z&quot;,
                &quot;status&quot;: &quot;SEND&quot;
            },
            {
                &quot;time&quot;: &quot;2022-02-16T09:37:38.712Z&quot;,
                &quot;status&quot;: &quot;DELIVERED&quot;
            },
            {
                &quot;time&quot;: &quot;2022-02-16T09:38:03.926Z&quot;,
                &quot;status&quot;: &quot;PENDING&quot;
            },
            {
                &quot;time&quot;: &quot;2022-02-16T09:38:03.965Z&quot;,
                &quot;status&quot;: &quot;SEND&quot;
            },
            {
                &quot;time&quot;: &quot;2022-02-16T09:38:04.001Z&quot;,
                &quot;status&quot;: &quot;DELIVERED&quot;
            },
            {
                &quot;time&quot;: &quot;2022-02-16T09:38:04.819Z&quot;,
                &quot;status&quot;: &quot;PENDING&quot;
            },
            {
                &quot;time&quot;: &quot;2022-02-16T09:38:04.864Z&quot;,
                &quot;status&quot;: &quot;SEND&quot;
            },
            {
                &quot;time&quot;: &quot;2022-02-16T09:38:04.911Z&quot;,
                &quot;status&quot;: &quot;DELIVERED&quot;
            },
            {
                &quot;time&quot;: &quot;2022-02-16T09:53:50.860Z&quot;,
                &quot;status&quot;: &quot;PENDING&quot;
            },
            {
                &quot;time&quot;: &quot;2022-02-16T09:53:50.900Z&quot;,
                &quot;status&quot;: &quot;SEND&quot;
            },
            {
                &quot;time&quot;: &quot;2022-02-16T09:53:50.939Z&quot;,
                &quot;status&quot;: &quot;DELIVERED&quot;
            },
            {
                &quot;time&quot;: &quot;2022-02-16T09:53:51.831Z&quot;,
                &quot;status&quot;: &quot;PENDING&quot;
            },
            {
                &quot;time&quot;: &quot;2022-02-16T09:53:51.869Z&quot;,
                &quot;status&quot;: &quot;SEND&quot;
            },
            {
                &quot;time&quot;: &quot;2022-02-16T09:53:51.917Z&quot;,
                &quot;status&quot;: &quot;DELIVERED&quot;
            },
            {
                &quot;time&quot;: &quot;2022-02-16T09:56:32.333Z&quot;,
                &quot;status&quot;: &quot;PENDING&quot;
            },
            {
                &quot;time&quot;: &quot;2022-02-16T09:56:32.376Z&quot;,
                &quot;status&quot;: &quot;SEND&quot;
            },
            {
                &quot;time&quot;: &quot;2022-02-16T09:56:32.413Z&quot;,
                &quot;status&quot;: &quot;DELIVERED&quot;
            },
            {
                &quot;time&quot;: &quot;2022-02-16T09:56:33.226Z&quot;,
                &quot;status&quot;: &quot;PENDING&quot;
            },
            {
                &quot;time&quot;: &quot;2022-02-16T09:56:33.279Z&quot;,
                &quot;status&quot;: &quot;SEND&quot;
            },
            {
                &quot;time&quot;: &quot;2022-02-16T09:56:33.321Z&quot;,
                &quot;status&quot;: &quot;DELIVERED&quot;
            },
            {
                &quot;time&quot;: &quot;2022-02-16T09:59:11.843Z&quot;,
                &quot;status&quot;: &quot;PENDING&quot;
            },
            {
                &quot;time&quot;: &quot;2022-02-16T09:59:11.885Z&quot;,
                &quot;status&quot;: &quot;SEND&quot;
            },
            {
                &quot;time&quot;: &quot;2022-02-16T09:59:11.929Z&quot;,
                &quot;status&quot;: &quot;DELIVERED&quot;
            },
            {
                &quot;time&quot;: &quot;2022-02-16T09:59:12.799Z&quot;,
                &quot;status&quot;: &quot;PENDING&quot;
            },
            {
                &quot;time&quot;: &quot;2022-02-16T09:59:12.857Z&quot;,
                &quot;status&quot;: &quot;SEND&quot;
            },
            {
                &quot;time&quot;: &quot;2022-02-16T09:59:12.913Z&quot;,
                &quot;status&quot;: &quot;DELIVERED&quot;
            },
            {
                &quot;time&quot;: &quot;2022-02-16T10:01:50.751Z&quot;,
                &quot;status&quot;: &quot;PENDING&quot;
            },
            {
                &quot;time&quot;: &quot;2022-02-16T10:01:50.791Z&quot;,
                &quot;status&quot;: &quot;SEND&quot;
            },
            {
                &quot;time&quot;: &quot;2022-02-16T10:01:50.828Z&quot;,
                &quot;status&quot;: &quot;DELIVERED&quot;
            },
            {
                &quot;time&quot;: &quot;2022-02-16T10:01:51.673Z&quot;,
                &quot;status&quot;: &quot;PENDING&quot;
            },
            {
                &quot;time&quot;: &quot;2022-02-16T10:01:51.713Z&quot;,
                &quot;status&quot;: &quot;SEND&quot;
            },
            {
                &quot;time&quot;: &quot;2022-02-16T10:01:51.755Z&quot;,
                &quot;status&quot;: &quot;DELIVERED&quot;
            },
            {
                &quot;time&quot;: &quot;2022-02-16T10:04:30.106Z&quot;,
                &quot;status&quot;: &quot;PENDING&quot;
            },
            {
                &quot;time&quot;: &quot;2022-02-16T10:04:30.153Z&quot;,
                &quot;status&quot;: &quot;SEND&quot;
            },
            {
                &quot;time&quot;: &quot;2022-02-16T10:04:30.200Z&quot;,
                &quot;status&quot;: &quot;DELIVERED&quot;
            },
            {
                &quot;time&quot;: &quot;2022-02-16T10:04:31.076Z&quot;,
                &quot;status&quot;: &quot;PENDING&quot;
            },
            {
                &quot;time&quot;: &quot;2022-02-16T10:04:31.122Z&quot;,
                &quot;status&quot;: &quot;SEND&quot;
            },
            {
                &quot;time&quot;: &quot;2022-02-16T10:04:31.164Z&quot;,
                &quot;status&quot;: &quot;DELIVERED&quot;
            },
            {
                &quot;time&quot;: &quot;2022-02-16T10:07:10.462Z&quot;,
                &quot;status&quot;: &quot;PENDING&quot;
            },
            {
                &quot;time&quot;: &quot;2022-02-16T10:07:10.499Z&quot;,
                &quot;status&quot;: &quot;SEND&quot;
            },
            {
                &quot;time&quot;: &quot;2022-02-16T10:07:10.537Z&quot;,
                &quot;status&quot;: &quot;DELIVERED&quot;
            },
            {
                &quot;time&quot;: &quot;2022-02-16T10:07:11.343Z&quot;,
                &quot;status&quot;: &quot;PENDING&quot;
            },
            {
                &quot;time&quot;: &quot;2022-02-16T10:07:11.380Z&quot;,
                &quot;status&quot;: &quot;SEND&quot;
            },
            {
                &quot;time&quot;: &quot;2022-02-16T10:07:11.418Z&quot;,
                &quot;status&quot;: &quot;DELIVERED&quot;
            },
            {
                &quot;time&quot;: &quot;2022-02-16T10:09:49.720Z&quot;,
                &quot;status&quot;: &quot;PENDING&quot;
            },
            {
                &quot;time&quot;: &quot;2022-02-16T10:09:49.762Z&quot;,
                &quot;status&quot;: &quot;SEND&quot;
            },
            {
                &quot;time&quot;: &quot;2022-02-16T10:09:49.803Z&quot;,
                &quot;status&quot;: &quot;DELIVERED&quot;
            },
            {
                &quot;time&quot;: &quot;2022-02-16T10:09:50.610Z&quot;,
                &quot;status&quot;: &quot;PENDING&quot;
            },
            {
                &quot;time&quot;: &quot;2022-02-16T10:09:50.651Z&quot;,
                &quot;status&quot;: &quot;SEND&quot;
            },
            {
                &quot;time&quot;: &quot;2022-02-16T10:09:50.691Z&quot;,
                &quot;status&quot;: &quot;DELIVERED&quot;
            },
            {
                &quot;time&quot;: &quot;2022-02-16T10:12:29.403Z&quot;,
                &quot;status&quot;: &quot;PENDING&quot;
            },
            {
                &quot;time&quot;: &quot;2022-02-16T10:12:29.449Z&quot;,
                &quot;status&quot;: &quot;SEND&quot;
            },
            {
                &quot;time&quot;: &quot;2022-02-16T10:12:29.494Z&quot;,
                &quot;status&quot;: &quot;DELIVERED&quot;
            },
            {
                &quot;time&quot;: &quot;2022-02-16T10:12:30.338Z&quot;,
                &quot;status&quot;: &quot;PENDING&quot;
            },
            {
                &quot;time&quot;: &quot;2022-02-16T10:12:30.379Z&quot;,
                &quot;status&quot;: &quot;SEND&quot;
            },
            {
                &quot;time&quot;: &quot;2022-02-16T10:12:30.423Z&quot;,
                &quot;status&quot;: &quot;DELIVERED&quot;
            },
            {
                &quot;time&quot;: &quot;2022-02-16T10:15:08.464Z&quot;,
                &quot;status&quot;: &quot;PENDING&quot;
            },
            {
                &quot;time&quot;: &quot;2022-02-16T10:15:08.507Z&quot;,
                &quot;status&quot;: &quot;SEND&quot;
            },
            {
                &quot;time&quot;: &quot;2022-02-16T10:15:08.549Z&quot;,
                &quot;status&quot;: &quot;DELIVERED&quot;
            },
            {
                &quot;time&quot;: &quot;2022-02-16T10:15:09.384Z&quot;,
                &quot;status&quot;: &quot;PENDING&quot;
            },
            {
                &quot;time&quot;: &quot;2022-02-16T10:15:09.428Z&quot;,
                &quot;status&quot;: &quot;SEND&quot;
            }
        ],
        &quot;status&quot;: &quot;DELIVERED&quot;
    },
    &quot;creationTime&quot;: &quot;2022-02-16T09:22:46.140Z&quot;,
    &quot;deviceId&quot;: &quot;14273295&quot;,
    &quot;deviceName&quot;: &quot;offsitec&quot;,
    &quot;self&quot;: &quot;https://t493319102.eu-latest.cumulocity.com/devicecontrol/operations/14275540&quot;,
    &quot;id&quot;: &quot;14275540&quot;,
    &quot;status&quot;: &quot;PENDING&quot;,
    &quot;c8y_LogfileRequest&quot;: {
        &quot;searchText&quot;: &quot;&quot;,
        &quot;logFile&quot;: &quot;software-management&quot;,
        &quot;dateTo&quot;: &quot;2021-11-21T18:55:49+0530&quot;,
        &quot;dateFrom&quot;: &quot;2021-11-15T18:55:49+0530&quot;,
        &quot;maximumLines&quot;: 300
    },
    &quot;description&quot;: &quot;Log file request&quot;
}
10:15:57 DEBUG Final URL of the request: https://thin-edge-io.eu-latest.cumulocity.com/devicecontrol/operations?deviceId=14273295&amp;pageSize=1&amp;revert=true&amp;dateFrom=1970-01-01T00%3A00%3A00.000Z
10:15:57 INFO  State of current operation: PENDING
10:15:57 DEBUG Final URL of the request: https://thin-edge-io.eu-latest.cumulocity.com/devicecontrol/operations?deviceId=14273295&amp;pageSize=1&amp;revert=true&amp;dateFrom=1970-01-01T00%3A00%3A00.000Z
10:15:57 DEBUG State of current operation: {
    &quot;delivery&quot;: {
        &quot;time&quot;: &quot;2022-02-16T10:15:09.472Z&quot;,
        &quot;log&quot;: [
            {
                &quot;time&quot;: &quot;2022-02-16T09:22:46.166Z&quot;,
                &quot;status&quot;: &quot;PENDING&quot;
            },
            {
                &quot;time&quot;: &quot;2022-02-16T09:22:46.185Z&quot;,
                &quot;status&quot;: &quot;SEND&quot;
            },
            {
                &quot;time&quot;: &quot;2022-02-16T09:22:46.219Z&quot;,
                &quot;status&quot;: &quot;DELIVERED&quot;
            },
            {
                &quot;time&quot;: &quot;2022-02-16T09:23:55.047Z&quot;,
                &quot;status&quot;: &quot;PENDING&quot;
            },
            {
                &quot;time&quot;: &quot;2022-02-16T09:23:55.077Z&quot;,
                &quot;status&quot;: &quot;SEND&quot;
            },
            {
                &quot;time&quot;: &quot;2022-02-16T09:23:55.114Z&quot;,
                &quot;status&quot;: &quot;DELIVERED&quot;
            },
            {
                &quot;time&quot;: &quot;2022-02-16T09:23:55.901Z&quot;,
                &quot;status&quot;: &quot;PENDING&quot;
            },
            {
                &quot;time&quot;: &quot;2022-02-16T09:23:55.930Z&quot;,
                &quot;status&quot;: &quot;SEND&quot;
            },
            {
                &quot;time&quot;: &quot;2022-02-16T09:23:55.967Z&quot;,
                &quot;status&quot;: &quot;DELIVERED&quot;
            },
            {
                &quot;time&quot;: &quot;2022-02-16T09:24:55.073Z&quot;,
                &quot;status&quot;: &quot;PENDING&quot;
            },
            {
                &quot;time&quot;: &quot;2022-02-16T09:24:55.106Z&quot;,
                &quot;status&quot;: &quot;SEND&quot;
            },
            {
                &quot;time&quot;: &quot;2022-02-16T09:24:55.144Z&quot;,
                &quot;status&quot;: &quot;DELIVERED&quot;
            },
            {
                &quot;time&quot;: &quot;2022-02-16T09:24:55.971Z&quot;,
                &quot;status&quot;: &quot;PENDING&quot;
            },
            {
                &quot;time&quot;: &quot;2022-02-16T09:24:56.008Z&quot;,
                &quot;status&quot;: &quot;SEND&quot;
            },
            {
                &quot;time&quot;: &quot;2022-02-16T09:24:56.044Z&quot;,
                &quot;status&quot;: &quot;DELIVERED&quot;
            },
            {
                &quot;time&quot;: &quot;2022-02-16T09:26:09.362Z&quot;,
                &quot;status&quot;: &quot;PENDING&quot;
            },
            {
                &quot;time&quot;: &quot;2022-02-16T09:26:09.392Z&quot;,
                &quot;status&quot;: &quot;SEND&quot;
            },
            {
                &quot;time&quot;: &quot;2022-02-16T09:26:09.428Z&quot;,
                &quot;status&quot;: &quot;DELIVERED&quot;
            },
            {
                &quot;time&quot;: &quot;2022-02-16T09:26:10.287Z&quot;,
                &quot;status&quot;: &quot;PENDING&quot;
            },
            {
                &quot;time&quot;: &quot;2022-02-16T09:26:10.317Z&quot;,
                &quot;status&quot;: &quot;SEND&quot;
            },
            {
                &quot;time&quot;: &quot;2022-02-16T09:26:10.353Z&quot;,
                &quot;status&quot;: &quot;DELIVERED&quot;
            },
            {
                &quot;time&quot;: &quot;2022-02-16T09:27:24.861Z&quot;,
                &quot;status&quot;: &quot;PENDING&quot;
            },
            {
                &quot;time&quot;: &quot;2022-02-16T09:27:24.898Z&quot;,
                &quot;status&quot;: &quot;SEND&quot;
            },
            {
                &quot;time&quot;: &quot;2022-02-16T09:27:24.935Z&quot;,
                &quot;status&quot;: &quot;DELIVERED&quot;
            },
            {
                &quot;time&quot;: &quot;2022-02-16T09:27:25.773Z&quot;,
                &quot;status&quot;: &quot;PENDING&quot;
            },
            {
                &quot;time&quot;: &quot;2022-02-16T09:27:25.812Z&quot;,
                &quot;status&quot;: &quot;SEND&quot;
            },
            {
                &quot;time&quot;: &quot;2022-02-16T09:27:25.849Z&quot;,
                &quot;status&quot;: &quot;DELIVERED&quot;
            },
            {
                &quot;time&quot;: &quot;2022-02-16T09:28:06.037Z&quot;,
                &quot;status&quot;: &quot;PENDING&quot;
            },
            {
                &quot;time&quot;: &quot;2022-02-16T09:28:06.069Z&quot;,
                &quot;status&quot;: &quot;SEND&quot;
            },
            {
                &quot;time&quot;: &quot;2022-02-16T09:28:06.107Z&quot;,
                &quot;status&quot;: &quot;DELIVERED&quot;
            },
            {
                &quot;time&quot;: &quot;2022-02-16T09:28:06.968Z&quot;,
                &quot;status&quot;: &quot;PENDING&quot;
            },
            {
                &quot;time&quot;: &quot;2022-02-16T09:28:07.002Z&quot;,
                &quot;status&quot;: &quot;SEND&quot;
            },
            {
                &quot;time&quot;: &quot;2022-02-16T09:28:07.039Z&quot;,
                &quot;status&quot;: &quot;DELIVERED&quot;
            },
            {
                &quot;time&quot;: &quot;2022-02-16T09:28:58.713Z&quot;,
                &quot;status&quot;: &quot;PENDING&quot;
            },
            {
                &quot;time&quot;: &quot;2022-02-16T09:28:58.744Z&quot;,
                &quot;status&quot;: &quot;SEND&quot;
            },
            {
                &quot;time&quot;: &quot;2022-02-16T09:28:58.782Z&quot;,
                &quot;status&quot;: &quot;DELIVERED&quot;
            },
            {
                &quot;time&quot;: &quot;2022-02-16T09:28:59.589Z&quot;,
                &quot;status&quot;: &quot;PENDING&quot;
            },
            {
                &quot;time&quot;: &quot;2022-02-16T09:28:59.620Z&quot;,
                &quot;status&quot;: &quot;SEND&quot;
            },
            {
                &quot;time&quot;: &quot;2022-02-16T09:28:59.658Z&quot;,
                &quot;status&quot;: &quot;DELIVERED&quot;
            },
            {
                &quot;time&quot;: &quot;2022-02-16T09:29:51.098Z&quot;,
                &quot;status&quot;: &quot;PENDING&quot;
            },
            {
                &quot;time&quot;: &quot;2022-02-16T09:29:51.134Z&quot;,
                &quot;status&quot;: &quot;SEND&quot;
            },
            {
                &quot;time&quot;: &quot;2022-02-16T09:29:51.171Z&quot;,
                &quot;status&quot;: &quot;DELIVERED&quot;
            },
            {
                &quot;time&quot;: &quot;2022-02-16T09:29:52.013Z&quot;,
                &quot;status&quot;: &quot;PENDING&quot;
            },
            {
                &quot;time&quot;: &quot;2022-02-16T09:29:52.047Z&quot;,
                &quot;status&quot;: &quot;SEND&quot;
            },
            {
                &quot;time&quot;: &quot;2022-02-16T09:29:52.089Z&quot;,
                &quot;status&quot;: &quot;DELIVERED&quot;
            },
            {
                &quot;time&quot;: &quot;2022-02-16T09:30:33.494Z&quot;,
                &quot;status&quot;: &quot;PENDING&quot;
            },
            {
                &quot;time&quot;: &quot;2022-02-16T09:30:33.534Z&quot;,
                &quot;status&quot;: &quot;SEND&quot;
            },
            {
                &quot;time&quot;: &quot;2022-02-16T09:30:33.571Z&quot;,
                &quot;status&quot;: &quot;DELIVERED&quot;
            },
            {
                &quot;time&quot;: &quot;2022-02-16T09:30:34.412Z&quot;,
                &quot;status&quot;: &quot;PENDING&quot;
            },
            {
                &quot;time&quot;: &quot;2022-02-16T09:30:34.453Z&quot;,
                &quot;status&quot;: &quot;SEND&quot;
            },
            {
                &quot;time&quot;: &quot;2022-02-16T09:30:34.488Z&quot;,
                &quot;status&quot;: &quot;DELIVERED&quot;
            },
            {
                &quot;time&quot;: &quot;2022-02-16T09:32:49.337Z&quot;,
                &quot;status&quot;: &quot;PENDING&quot;
            },
            {
                &quot;time&quot;: &quot;2022-02-16T09:32:49.371Z&quot;,
                &quot;status&quot;: &quot;SEND&quot;
            },
            {
                &quot;time&quot;: &quot;2022-02-16T09:32:49.408Z&quot;,
                &quot;status&quot;: &quot;DELIVERED&quot;
            },
            {
                &quot;time&quot;: &quot;2022-02-16T09:32:50.347Z&quot;,
                &quot;status&quot;: &quot;PENDING&quot;
            },
            {
                &quot;time&quot;: &quot;2022-02-16T09:32:50.382Z&quot;,
                &quot;status&quot;: &quot;SEND&quot;
            },
            {
                &quot;time&quot;: &quot;2022-02-16T09:32:50.423Z&quot;,
                &quot;status&quot;: &quot;DELIVERED&quot;
            },
            {
                &quot;time&quot;: &quot;2022-02-16T09:35:18.696Z&quot;,
                &quot;status&quot;: &quot;PENDING&quot;
            },
            {
                &quot;time&quot;: &quot;2022-02-16T09:35:18.734Z&quot;,
                &quot;status&quot;: &quot;SEND&quot;
            },
            {
                &quot;time&quot;: &quot;2022-02-16T09:35:18.769Z&quot;,
                &quot;status&quot;: &quot;DELIVERED&quot;
            },
            {
                &quot;time&quot;: &quot;2022-02-16T09:35:41.813Z&quot;,
                &quot;status&quot;: &quot;PENDING&quot;
            },
            {
                &quot;time&quot;: &quot;2022-02-16T09:35:41.852Z&quot;,
                &quot;status&quot;: &quot;SEND&quot;
            },
            {
                &quot;time&quot;: &quot;2022-02-16T09:35:41.891Z&quot;,
                &quot;status&quot;: &quot;DELIVERED&quot;
            },
            {
                &quot;time&quot;: &quot;2022-02-16T09:35:42.766Z&quot;,
                &quot;status&quot;: &quot;PENDING&quot;
            },
            {
                &quot;time&quot;: &quot;2022-02-16T09:35:42.811Z&quot;,
                &quot;status&quot;: &quot;SEND&quot;
            },
            {
                &quot;time&quot;: &quot;2022-02-16T09:35:42.849Z&quot;,
                &quot;status&quot;: &quot;DELIVERED&quot;
            },
            {
                &quot;time&quot;: &quot;2022-02-16T09:36:06.394Z&quot;,
                &quot;status&quot;: &quot;PENDING&quot;
            },
            {
                &quot;time&quot;: &quot;2022-02-16T09:36:06.432Z&quot;,
                &quot;status&quot;: &quot;SEND&quot;
            },
            {
                &quot;time&quot;: &quot;2022-02-16T09:36:06.488Z&quot;,
                &quot;status&quot;: &quot;DELIVERED&quot;
            },
            {
                &quot;time&quot;: &quot;2022-02-16T09:36:07.318Z&quot;,
                &quot;status&quot;: &quot;PENDING&quot;
            },
            {
                &quot;time&quot;: &quot;2022-02-16T09:36:07.358Z&quot;,
                &quot;status&quot;: &quot;SEND&quot;
            },
            {
                &quot;time&quot;: &quot;2022-02-16T09:36:07.393Z&quot;,
                &quot;status&quot;: &quot;DELIVERED&quot;
            },
            {
                &quot;time&quot;: &quot;2022-02-16T09:36:30.178Z&quot;,
                &quot;status&quot;: &quot;PENDING&quot;
            },
            {
                &quot;time&quot;: &quot;2022-02-16T09:36:30.210Z&quot;,
                &quot;status&quot;: &quot;SEND&quot;
            },
            {
                &quot;time&quot;: &quot;2022-02-16T09:36:30.248Z&quot;,
                &quot;status&quot;: &quot;DELIVERED&quot;
            },
            {
                &quot;time&quot;: &quot;2022-02-16T09:36:31.123Z&quot;,
                &quot;status&quot;: &quot;PENDING&quot;
            },
            {
                &quot;time&quot;: &quot;2022-02-16T09:36:31.156Z&quot;,
                &quot;status&quot;: &quot;SEND&quot;
            },
            {
                &quot;time&quot;: &quot;2022-02-16T09:36:31.207Z&quot;,
                &quot;status&quot;: &quot;DELIVERED&quot;
            },
            {
                &quot;time&quot;: &quot;2022-02-16T09:37:08.443Z&quot;,
                &quot;status&quot;: &quot;PENDING&quot;
            },
            {
                &quot;time&quot;: &quot;2022-02-16T09:37:08.481Z&quot;,
                &quot;status&quot;: &quot;SEND&quot;
            },
            {
                &quot;time&quot;: &quot;2022-02-16T09:37:08.522Z&quot;,
                &quot;status&quot;: &quot;DELIVERED&quot;
            },
            {
                &quot;time&quot;: &quot;2022-02-16T09:37:09.439Z&quot;,
                &quot;status&quot;: &quot;PENDING&quot;
            },
            {
                &quot;time&quot;: &quot;2022-02-16T09:37:09.478Z&quot;,
                &quot;status&quot;: &quot;SEND&quot;
            },
            {
                &quot;time&quot;: &quot;2022-02-16T09:37:09.516Z&quot;,
                &quot;status&quot;: &quot;DELIVERED&quot;
            },
            {
                &quot;time&quot;: &quot;2022-02-16T09:37:13.026Z&quot;,
                &quot;status&quot;: &quot;PENDING&quot;
            },
            {
                &quot;time&quot;: &quot;2022-02-16T09:37:13.068Z&quot;,
                &quot;status&quot;: &quot;SEND&quot;
            },
            {
                &quot;time&quot;: &quot;2022-02-16T09:37:13.106Z&quot;,
                &quot;status&quot;: &quot;DELIVERED&quot;
            },
            {
                &quot;time&quot;: &quot;2022-02-16T09:37:37.817Z&quot;,
                &quot;status&quot;: &quot;PENDING&quot;
            },
            {
                &quot;time&quot;: &quot;2022-02-16T09:37:37.857Z&quot;,
                &quot;status&quot;: &quot;SEND&quot;
            },
            {
                &quot;time&quot;: &quot;2022-02-16T09:37:37.893Z&quot;,
                &quot;status&quot;: &quot;DELIVERED&quot;
            },
            {
                &quot;time&quot;: &quot;2022-02-16T09:37:38.638Z&quot;,
                &quot;status&quot;: &quot;PENDING&quot;
            },
            {
                &quot;time&quot;: &quot;2022-02-16T09:37:38.675Z&quot;,
                &quot;status&quot;: &quot;SEND&quot;
            },
            {
                &quot;time&quot;: &quot;2022-02-16T09:37:38.712Z&quot;,
                &quot;status&quot;: &quot;DELIVERED&quot;
            },
            {
                &quot;time&quot;: &quot;2022-02-16T09:38:03.926Z&quot;,
                &quot;status&quot;: &quot;PENDING&quot;
            },
            {
                &quot;time&quot;: &quot;2022-02-16T09:38:03.965Z&quot;,
                &quot;status&quot;: &quot;SEND&quot;
            },
            {
                &quot;time&quot;: &quot;2022-02-16T09:38:04.001Z&quot;,
                &quot;status&quot;: &quot;DELIVERED&quot;
            },
            {
                &quot;time&quot;: &quot;2022-02-16T09:38:04.819Z&quot;,
                &quot;status&quot;: &quot;PENDING&quot;
            },
            {
                &quot;time&quot;: &quot;2022-02-16T09:38:04.864Z&quot;,
                &quot;status&quot;: &quot;SEND&quot;
            },
            {
                &quot;time&quot;: &quot;2022-02-16T09:38:04.911Z&quot;,
                &quot;status&quot;: &quot;DELIVERED&quot;
            },
            {
                &quot;time&quot;: &quot;2022-02-16T09:53:50.860Z&quot;,
                &quot;status&quot;: &quot;PENDING&quot;
            },
            {
                &quot;time&quot;: &quot;2022-02-16T09:53:50.900Z&quot;,
                &quot;status&quot;: &quot;SEND&quot;
            },
            {
                &quot;time&quot;: &quot;2022-02-16T09:53:50.939Z&quot;,
                &quot;status&quot;: &quot;DELIVERED&quot;
            },
            {
                &quot;time&quot;: &quot;2022-02-16T09:53:51.831Z&quot;,
                &quot;status&quot;: &quot;PENDING&quot;
            },
            {
                &quot;time&quot;: &quot;2022-02-16T09:53:51.869Z&quot;,
                &quot;status&quot;: &quot;SEND&quot;
            },
            {
                &quot;time&quot;: &quot;2022-02-16T09:53:51.917Z&quot;,
                &quot;status&quot;: &quot;DELIVERED&quot;
            },
            {
                &quot;time&quot;: &quot;2022-02-16T09:56:32.333Z&quot;,
                &quot;status&quot;: &quot;PENDING&quot;
            },
            {
                &quot;time&quot;: &quot;2022-02-16T09:56:32.376Z&quot;,
                &quot;status&quot;: &quot;SEND&quot;
            },
            {
                &quot;time&quot;: &quot;2022-02-16T09:56:32.413Z&quot;,
                &quot;status&quot;: &quot;DELIVERED&quot;
            },
            {
                &quot;time&quot;: &quot;2022-02-16T09:56:33.226Z&quot;,
                &quot;status&quot;: &quot;PENDING&quot;
            },
            {
                &quot;time&quot;: &quot;2022-02-16T09:56:33.279Z&quot;,
                &quot;status&quot;: &quot;SEND&quot;
            },
            {
                &quot;time&quot;: &quot;2022-02-16T09:56:33.321Z&quot;,
                &quot;status&quot;: &quot;DELIVERED&quot;
            },
            {
                &quot;time&quot;: &quot;2022-02-16T09:59:11.843Z&quot;,
                &quot;status&quot;: &quot;PENDING&quot;
            },
            {
                &quot;time&quot;: &quot;2022-02-16T09:59:11.885Z&quot;,
                &quot;status&quot;: &quot;SEND&quot;
            },
            {
                &quot;time&quot;: &quot;2022-02-16T09:59:11.929Z&quot;,
                &quot;status&quot;: &quot;DELIVERED&quot;
            },
            {
                &quot;time&quot;: &quot;2022-02-16T09:59:12.799Z&quot;,
                &quot;status&quot;: &quot;PENDING&quot;
            },
            {
                &quot;time&quot;: &quot;2022-02-16T09:59:12.857Z&quot;,
                &quot;status&quot;: &quot;SEND&quot;
            },
            {
                &quot;time&quot;: &quot;2022-02-16T09:59:12.913Z&quot;,
                &quot;status&quot;: &quot;DELIVERED&quot;
            },
            {
                &quot;time&quot;: &quot;2022-02-16T10:01:50.751Z&quot;,
                &quot;status&quot;: &quot;PENDING&quot;
            },
            {
                &quot;time&quot;: &quot;2022-02-16T10:01:50.791Z&quot;,
                &quot;status&quot;: &quot;SEND&quot;
            },
            {
                &quot;time&quot;: &quot;2022-02-16T10:01:50.828Z&quot;,
                &quot;status&quot;: &quot;DELIVERED&quot;
            },
            {
                &quot;time&quot;: &quot;2022-02-16T10:01:51.673Z&quot;,
                &quot;status&quot;: &quot;PENDING&quot;
            },
            {
                &quot;time&quot;: &quot;2022-02-16T10:01:51.713Z&quot;,
                &quot;status&quot;: &quot;SEND&quot;
            },
            {
                &quot;time&quot;: &quot;2022-02-16T10:01:51.755Z&quot;,
                &quot;status&quot;: &quot;DELIVERED&quot;
            },
            {
                &quot;time&quot;: &quot;2022-02-16T10:04:30.106Z&quot;,
                &quot;status&quot;: &quot;PENDING&quot;
            },
            {
                &quot;time&quot;: &quot;2022-02-16T10:04:30.153Z&quot;,
                &quot;status&quot;: &quot;SEND&quot;
            },
            {
                &quot;time&quot;: &quot;2022-02-16T10:04:30.200Z&quot;,
                &quot;status&quot;: &quot;DELIVERED&quot;
            },
            {
                &quot;time&quot;: &quot;2022-02-16T10:04:31.076Z&quot;,
                &quot;status&quot;: &quot;PENDING&quot;
            },
            {
                &quot;time&quot;: &quot;2022-02-16T10:04:31.122Z&quot;,
                &quot;status&quot;: &quot;SEND&quot;
            },
            {
                &quot;time&quot;: &quot;2022-02-16T10:04:31.164Z&quot;,
                &quot;status&quot;: &quot;DELIVERED&quot;
            },
            {
                &quot;time&quot;: &quot;2022-02-16T10:07:10.462Z&quot;,
                &quot;status&quot;: &quot;PENDING&quot;
            },
            {
                &quot;time&quot;: &quot;2022-02-16T10:07:10.499Z&quot;,
                &quot;status&quot;: &quot;SEND&quot;
            },
            {
                &quot;time&quot;: &quot;2022-02-16T10:07:10.537Z&quot;,
                &quot;status&quot;: &quot;DELIVERED&quot;
            },
            {
                &quot;time&quot;: &quot;2022-02-16T10:07:11.343Z&quot;,
                &quot;status&quot;: &quot;PENDING&quot;
            },
            {
                &quot;time&quot;: &quot;2022-02-16T10:07:11.380Z&quot;,
                &quot;status&quot;: &quot;SEND&quot;
            },
            {
                &quot;time&quot;: &quot;2022-02-16T10:07:11.418Z&quot;,
                &quot;status&quot;: &quot;DELIVERED&quot;
            },
            {
                &quot;time&quot;: &quot;2022-02-16T10:09:49.720Z&quot;,
                &quot;status&quot;: &quot;PENDING&quot;
            },
            {
                &quot;time&quot;: &quot;2022-02-16T10:09:49.762Z&quot;,
                &quot;status&quot;: &quot;SEND&quot;
            },
            {
                &quot;time&quot;: &quot;2022-02-16T10:09:49.803Z&quot;,
                &quot;status&quot;: &quot;DELIVERED&quot;
            },
            {
                &quot;time&quot;: &quot;2022-02-16T10:09:50.610Z&quot;,
                &quot;status&quot;: &quot;PENDING&quot;
            },
            {
                &quot;time&quot;: &quot;2022-02-16T10:09:50.651Z&quot;,
                &quot;status&quot;: &quot;SEND&quot;
            },
            {
                &quot;time&quot;: &quot;2022-02-16T10:09:50.691Z&quot;,
                &quot;status&quot;: &quot;DELIVERED&quot;
            },
            {
                &quot;time&quot;: &quot;2022-02-16T10:12:29.403Z&quot;,
                &quot;status&quot;: &quot;PENDING&quot;
            },
            {
                &quot;time&quot;: &quot;2022-02-16T10:12:29.449Z&quot;,
                &quot;status&quot;: &quot;SEND&quot;
            },
            {
                &quot;time&quot;: &quot;2022-02-16T10:12:29.494Z&quot;,
                &quot;status&quot;: &quot;DELIVERED&quot;
            },
            {
                &quot;time&quot;: &quot;2022-02-16T10:12:30.338Z&quot;,
                &quot;status&quot;: &quot;PENDING&quot;
            },
            {
                &quot;time&quot;: &quot;2022-02-16T10:12:30.379Z&quot;,
                &quot;status&quot;: &quot;SEND&quot;
            },
            {
                &quot;time&quot;: &quot;2022-02-16T10:12:30.423Z&quot;,
                &quot;status&quot;: &quot;DELIVERED&quot;
            },
            {
                &quot;time&quot;: &quot;2022-02-16T10:15:08.464Z&quot;,
                &quot;status&quot;: &quot;PENDING&quot;
            },
            {
                &quot;time&quot;: &quot;2022-02-16T10:15:08.507Z&quot;,
                &quot;status&quot;: &quot;SEND&quot;
            },
            {
                &quot;time&quot;: &quot;2022-02-16T10:15:08.549Z&quot;,
                &quot;status&quot;: &quot;DELIVERED&quot;
            },
            {
                &quot;time&quot;: &quot;2022-02-16T10:15:09.384Z&quot;,
                &quot;status&quot;: &quot;PENDING&quot;
            },
            {
                &quot;time&quot;: &quot;2022-02-16T10:15:09.428Z&quot;,
                &quot;status&quot;: &quot;SEND&quot;
            }
        ],
        &quot;status&quot;: &quot;DELIVERED&quot;
    },
    &quot;creationTime&quot;: &quot;2022-02-16T09:22:46.140Z&quot;,
    &quot;deviceId&quot;: &quot;14273295&quot;,
    &quot;deviceName&quot;: &quot;offsitec&quot;,
    &quot;self&quot;: &quot;https://t493319102.eu-latest.cumulocity.com/devicecontrol/operations/14275540&quot;,
    &quot;id&quot;: &quot;14275540&quot;,
    &quot;status&quot;: &quot;PENDING&quot;,
    &quot;c8y_LogfileRequest&quot;: {
        &quot;searchText&quot;: &quot;&quot;,
        &quot;logFile&quot;: &quot;software-management&quot;,
        &quot;dateTo&quot;: &quot;2021-11-21T18:55:49+0530&quot;,
        &quot;dateFrom&quot;: &quot;2021-11-15T18:55:49+0530&quot;,
        &quot;maximumLines&quot;: 300
    },
    &quot;description&quot;: &quot;Log file request&quot;
}
10:15:59 DEBUG Final URL of the request: https://thin-edge-io.eu-latest.cumulocity.com/devicecontrol/operations?deviceId=14273295&amp;pageSize=1&amp;revert=true&amp;dateFrom=1970-01-01T00%3A00%3A00.000Z
10:15:59 INFO  State of current operation: PENDING
10:15:59 DEBUG Final URL of the request: https://thin-edge-io.eu-latest.cumulocity.com/devicecontrol/operations?deviceId=14273295&amp;pageSize=1&amp;revert=true&amp;dateFrom=1970-01-01T00%3A00%3A00.000Z
10:15:59 DEBUG State of current operation: {
    &quot;delivery&quot;: {
        &quot;time&quot;: &quot;2022-02-16T10:15:09.472Z&quot;,
        &quot;log&quot;: [
            {
                &quot;time&quot;: &quot;2022-02-16T09:22:46.166Z&quot;,
                &quot;status&quot;: &quot;PENDING&quot;
            },
            {
                &quot;time&quot;: &quot;2022-02-16T09:22:46.185Z&quot;,
                &quot;status&quot;: &quot;SEND&quot;
            },
            {
                &quot;time&quot;: &quot;2022-02-16T09:22:46.219Z&quot;,
                &quot;status&quot;: &quot;DELIVERED&quot;
            },
            {
                &quot;time&quot;: &quot;2022-02-16T09:23:55.047Z&quot;,
                &quot;status&quot;: &quot;PENDING&quot;
            },
            {
                &quot;time&quot;: &quot;2022-02-16T09:23:55.077Z&quot;,
                &quot;status&quot;: &quot;SEND&quot;
            },
            {
                &quot;time&quot;: &quot;2022-02-16T09:23:55.114Z&quot;,
                &quot;status&quot;: &quot;DELIVERED&quot;
            },
            {
                &quot;time&quot;: &quot;2022-02-16T09:23:55.901Z&quot;,
                &quot;status&quot;: &quot;PENDING&quot;
            },
            {
                &quot;time&quot;: &quot;2022-02-16T09:23:55.930Z&quot;,
                &quot;status&quot;: &quot;SEND&quot;
            },
            {
                &quot;time&quot;: &quot;2022-02-16T09:23:55.967Z&quot;,
                &quot;status&quot;: &quot;DELIVERED&quot;
            },
            {
                &quot;time&quot;: &quot;2022-02-16T09:24:55.073Z&quot;,
                &quot;status&quot;: &quot;PENDING&quot;
            },
            {
                &quot;time&quot;: &quot;2022-02-16T09:24:55.106Z&quot;,
                &quot;status&quot;: &quot;SEND&quot;
            },
            {
                &quot;time&quot;: &quot;2022-02-16T09:24:55.144Z&quot;,
                &quot;status&quot;: &quot;DELIVERED&quot;
            },
            {
                &quot;time&quot;: &quot;2022-02-16T09:24:55.971Z&quot;,
                &quot;status&quot;: &quot;PENDING&quot;
            },
            {
                &quot;time&quot;: &quot;2022-02-16T09:24:56.008Z&quot;,
                &quot;status&quot;: &quot;SEND&quot;
            },
            {
                &quot;time&quot;: &quot;2022-02-16T09:24:56.044Z&quot;,
                &quot;status&quot;: &quot;DELIVERED&quot;
            },
            {
                &quot;time&quot;: &quot;2022-02-16T09:26:09.362Z&quot;,
                &quot;status&quot;: &quot;PENDING&quot;
            },
            {
                &quot;time&quot;: &quot;2022-02-16T09:26:09.392Z&quot;,
                &quot;status&quot;: &quot;SEND&quot;
            },
            {
                &quot;time&quot;: &quot;2022-02-16T09:26:09.428Z&quot;,
                &quot;status&quot;: &quot;DELIVERED&quot;
            },
            {
                &quot;time&quot;: &quot;2022-02-16T09:26:10.287Z&quot;,
                &quot;status&quot;: &quot;PENDING&quot;
            },
            {
                &quot;time&quot;: &quot;2022-02-16T09:26:10.317Z&quot;,
                &quot;status&quot;: &quot;SEND&quot;
            },
            {
                &quot;time&quot;: &quot;2022-02-16T09:26:10.353Z&quot;,
                &quot;status&quot;: &quot;DELIVERED&quot;
            },
            {
                &quot;time&quot;: &quot;2022-02-16T09:27:24.861Z&quot;,
                &quot;status&quot;: &quot;PENDING&quot;
            },
            {
                &quot;time&quot;: &quot;2022-02-16T09:27:24.898Z&quot;,
                &quot;status&quot;: &quot;SEND&quot;
            },
            {
                &quot;time&quot;: &quot;2022-02-16T09:27:24.935Z&quot;,
                &quot;status&quot;: &quot;DELIVERED&quot;
            },
            {
                &quot;time&quot;: &quot;2022-02-16T09:27:25.773Z&quot;,
                &quot;status&quot;: &quot;PENDING&quot;
            },
            {
                &quot;time&quot;: &quot;2022-02-16T09:27:25.812Z&quot;,
                &quot;status&quot;: &quot;SEND&quot;
            },
            {
                &quot;time&quot;: &quot;2022-02-16T09:27:25.849Z&quot;,
                &quot;status&quot;: &quot;DELIVERED&quot;
            },
            {
                &quot;time&quot;: &quot;2022-02-16T09:28:06.037Z&quot;,
                &quot;status&quot;: &quot;PENDING&quot;
            },
            {
                &quot;time&quot;: &quot;2022-02-16T09:28:06.069Z&quot;,
                &quot;status&quot;: &quot;SEND&quot;
            },
            {
                &quot;time&quot;: &quot;2022-02-16T09:28:06.107Z&quot;,
                &quot;status&quot;: &quot;DELIVERED&quot;
            },
            {
                &quot;time&quot;: &quot;2022-02-16T09:28:06.968Z&quot;,
                &quot;status&quot;: &quot;PENDING&quot;
            },
            {
                &quot;time&quot;: &quot;2022-02-16T09:28:07.002Z&quot;,
                &quot;status&quot;: &quot;SEND&quot;
            },
            {
                &quot;time&quot;: &quot;2022-02-16T09:28:07.039Z&quot;,
                &quot;status&quot;: &quot;DELIVERED&quot;
            },
            {
                &quot;time&quot;: &quot;2022-02-16T09:28:58.713Z&quot;,
                &quot;status&quot;: &quot;PENDING&quot;
            },
            {
                &quot;time&quot;: &quot;2022-02-16T09:28:58.744Z&quot;,
                &quot;status&quot;: &quot;SEND&quot;
            },
            {
                &quot;time&quot;: &quot;2022-02-16T09:28:58.782Z&quot;,
                &quot;status&quot;: &quot;DELIVERED&quot;
            },
            {
                &quot;time&quot;: &quot;2022-02-16T09:28:59.589Z&quot;,
                &quot;status&quot;: &quot;PENDING&quot;
            },
            {
                &quot;time&quot;: &quot;2022-02-16T09:28:59.620Z&quot;,
                &quot;status&quot;: &quot;SEND&quot;
            },
            {
                &quot;time&quot;: &quot;2022-02-16T09:28:59.658Z&quot;,
                &quot;status&quot;: &quot;DELIVERED&quot;
            },
            {
                &quot;time&quot;: &quot;2022-02-16T09:29:51.098Z&quot;,
                &quot;status&quot;: &quot;PENDING&quot;
            },
            {
                &quot;time&quot;: &quot;2022-02-16T09:29:51.134Z&quot;,
                &quot;status&quot;: &quot;SEND&quot;
            },
            {
                &quot;time&quot;: &quot;2022-02-16T09:29:51.171Z&quot;,
                &quot;status&quot;: &quot;DELIVERED&quot;
            },
            {
                &quot;time&quot;: &quot;2022-02-16T09:29:52.013Z&quot;,
                &quot;status&quot;: &quot;PENDING&quot;
            },
            {
                &quot;time&quot;: &quot;2022-02-16T09:29:52.047Z&quot;,
                &quot;status&quot;: &quot;SEND&quot;
            },
            {
                &quot;time&quot;: &quot;2022-02-16T09:29:52.089Z&quot;,
                &quot;status&quot;: &quot;DELIVERED&quot;
            },
            {
                &quot;time&quot;: &quot;2022-02-16T09:30:33.494Z&quot;,
                &quot;status&quot;: &quot;PENDING&quot;
            },
            {
                &quot;time&quot;: &quot;2022-02-16T09:30:33.534Z&quot;,
                &quot;status&quot;: &quot;SEND&quot;
            },
            {
                &quot;time&quot;: &quot;2022-02-16T09:30:33.571Z&quot;,
                &quot;status&quot;: &quot;DELIVERED&quot;
            },
            {
                &quot;time&quot;: &quot;2022-02-16T09:30:34.412Z&quot;,
                &quot;status&quot;: &quot;PENDING&quot;
            },
            {
                &quot;time&quot;: &quot;2022-02-16T09:30:34.453Z&quot;,
                &quot;status&quot;: &quot;SEND&quot;
            },
            {
                &quot;time&quot;: &quot;2022-02-16T09:30:34.488Z&quot;,
                &quot;status&quot;: &quot;DELIVERED&quot;
            },
            {
                &quot;time&quot;: &quot;2022-02-16T09:32:49.337Z&quot;,
                &quot;status&quot;: &quot;PENDING&quot;
            },
            {
                &quot;time&quot;: &quot;2022-02-16T09:32:49.371Z&quot;,
                &quot;status&quot;: &quot;SEND&quot;
            },
            {
                &quot;time&quot;: &quot;2022-02-16T09:32:49.408Z&quot;,
                &quot;status&quot;: &quot;DELIVERED&quot;
            },
            {
                &quot;time&quot;: &quot;2022-02-16T09:32:50.347Z&quot;,
                &quot;status&quot;: &quot;PENDING&quot;
            },
            {
                &quot;time&quot;: &quot;2022-02-16T09:32:50.382Z&quot;,
                &quot;status&quot;: &quot;SEND&quot;
            },
            {
                &quot;time&quot;: &quot;2022-02-16T09:32:50.423Z&quot;,
                &quot;status&quot;: &quot;DELIVERED&quot;
            },
            {
                &quot;time&quot;: &quot;2022-02-16T09:35:18.696Z&quot;,
                &quot;status&quot;: &quot;PENDING&quot;
            },
            {
                &quot;time&quot;: &quot;2022-02-16T09:35:18.734Z&quot;,
                &quot;status&quot;: &quot;SEND&quot;
            },
            {
                &quot;time&quot;: &quot;2022-02-16T09:35:18.769Z&quot;,
                &quot;status&quot;: &quot;DELIVERED&quot;
            },
            {
                &quot;time&quot;: &quot;2022-02-16T09:35:41.813Z&quot;,
                &quot;status&quot;: &quot;PENDING&quot;
            },
            {
                &quot;time&quot;: &quot;2022-02-16T09:35:41.852Z&quot;,
                &quot;status&quot;: &quot;SEND&quot;
            },
            {
                &quot;time&quot;: &quot;2022-02-16T09:35:41.891Z&quot;,
                &quot;status&quot;: &quot;DELIVERED&quot;
            },
            {
                &quot;time&quot;: &quot;2022-02-16T09:35:42.766Z&quot;,
                &quot;status&quot;: &quot;PENDING&quot;
            },
            {
                &quot;time&quot;: &quot;2022-02-16T09:35:42.811Z&quot;,
                &quot;status&quot;: &quot;SEND&quot;
            },
            {
                &quot;time&quot;: &quot;2022-02-16T09:35:42.849Z&quot;,
                &quot;status&quot;: &quot;DELIVERED&quot;
            },
            {
                &quot;time&quot;: &quot;2022-02-16T09:36:06.394Z&quot;,
                &quot;status&quot;: &quot;PENDING&quot;
            },
            {
                &quot;time&quot;: &quot;2022-02-16T09:36:06.432Z&quot;,
                &quot;status&quot;: &quot;SEND&quot;
            },
            {
                &quot;time&quot;: &quot;2022-02-16T09:36:06.488Z&quot;,
                &quot;status&quot;: &quot;DELIVERED&quot;
            },
            {
                &quot;time&quot;: &quot;2022-02-16T09:36:07.318Z&quot;,
                &quot;status&quot;: &quot;PENDING&quot;
            },
            {
                &quot;time&quot;: &quot;2022-02-16T09:36:07.358Z&quot;,
                &quot;status&quot;: &quot;SEND&quot;
            },
            {
                &quot;time&quot;: &quot;2022-02-16T09:36:07.393Z&quot;,
                &quot;status&quot;: &quot;DELIVERED&quot;
            },
            {
                &quot;time&quot;: &quot;2022-02-16T09:36:30.178Z&quot;,
                &quot;status&quot;: &quot;PENDING&quot;
            },
            {
                &quot;time&quot;: &quot;2022-02-16T09:36:30.210Z&quot;,
                &quot;status&quot;: &quot;SEND&quot;
            },
            {
                &quot;time&quot;: &quot;2022-02-16T09:36:30.248Z&quot;,
                &quot;status&quot;: &quot;DELIVERED&quot;
            },
            {
                &quot;time&quot;: &quot;2022-02-16T09:36:31.123Z&quot;,
                &quot;status&quot;: &quot;PENDING&quot;
            },
            {
                &quot;time&quot;: &quot;2022-02-16T09:36:31.156Z&quot;,
                &quot;status&quot;: &quot;SEND&quot;
            },
            {
                &quot;time&quot;: &quot;2022-02-16T09:36:31.207Z&quot;,
                &quot;status&quot;: &quot;DELIVERED&quot;
            },
            {
                &quot;time&quot;: &quot;2022-02-16T09:37:08.443Z&quot;,
                &quot;status&quot;: &quot;PENDING&quot;
            },
            {
                &quot;time&quot;: &quot;2022-02-16T09:37:08.481Z&quot;,
                &quot;status&quot;: &quot;SEND&quot;
            },
            {
                &quot;time&quot;: &quot;2022-02-16T09:37:08.522Z&quot;,
                &quot;status&quot;: &quot;DELIVERED&quot;
            },
            {
                &quot;time&quot;: &quot;2022-02-16T09:37:09.439Z&quot;,
                &quot;status&quot;: &quot;PENDING&quot;
            },
            {
                &quot;time&quot;: &quot;2022-02-16T09:37:09.478Z&quot;,
                &quot;status&quot;: &quot;SEND&quot;
            },
            {
                &quot;time&quot;: &quot;2022-02-16T09:37:09.516Z&quot;,
                &quot;status&quot;: &quot;DELIVERED&quot;
            },
            {
                &quot;time&quot;: &quot;2022-02-16T09:37:13.026Z&quot;,
                &quot;status&quot;: &quot;PENDING&quot;
            },
            {
                &quot;time&quot;: &quot;2022-02-16T09:37:13.068Z&quot;,
                &quot;status&quot;: &quot;SEND&quot;
            },
            {
                &quot;time&quot;: &quot;2022-02-16T09:37:13.106Z&quot;,
                &quot;status&quot;: &quot;DELIVERED&quot;
            },
            {
                &quot;time&quot;: &quot;2022-02-16T09:37:37.817Z&quot;,
                &quot;status&quot;: &quot;PENDING&quot;
            },
            {
                &quot;time&quot;: &quot;2022-02-16T09:37:37.857Z&quot;,
                &quot;status&quot;: &quot;SEND&quot;
            },
            {
                &quot;time&quot;: &quot;2022-02-16T09:37:37.893Z&quot;,
                &quot;status&quot;: &quot;DELIVERED&quot;
            },
            {
                &quot;time&quot;: &quot;2022-02-16T09:37:38.638Z&quot;,
                &quot;status&quot;: &quot;PENDING&quot;
            },
            {
                &quot;time&quot;: &quot;2022-02-16T09:37:38.675Z&quot;,
                &quot;status&quot;: &quot;SEND&quot;
            },
            {
                &quot;time&quot;: &quot;2022-02-16T09:37:38.712Z&quot;,
                &quot;status&quot;: &quot;DELIVERED&quot;
            },
            {
                &quot;time&quot;: &quot;2022-02-16T09:38:03.926Z&quot;,
                &quot;status&quot;: &quot;PENDING&quot;
            },
            {
                &quot;time&quot;: &quot;2022-02-16T09:38:03.965Z&quot;,
                &quot;status&quot;: &quot;SEND&quot;
            },
            {
                &quot;time&quot;: &quot;2022-02-16T09:38:04.001Z&quot;,
                &quot;status&quot;: &quot;DELIVERED&quot;
            },
            {
                &quot;time&quot;: &quot;2022-02-16T09:38:04.819Z&quot;,
                &quot;status&quot;: &quot;PENDING&quot;
            },
            {
                &quot;time&quot;: &quot;2022-02-16T09:38:04.864Z&quot;,
                &quot;status&quot;: &quot;SEND&quot;
            },
            {
                &quot;time&quot;: &quot;2022-02-16T09:38:04.911Z&quot;,
                &quot;status&quot;: &quot;DELIVERED&quot;
            },
            {
                &quot;time&quot;: &quot;2022-02-16T09:53:50.860Z&quot;,
                &quot;status&quot;: &quot;PENDING&quot;
            },
            {
                &quot;time&quot;: &quot;2022-02-16T09:53:50.900Z&quot;,
                &quot;status&quot;: &quot;SEND&quot;
            },
            {
                &quot;time&quot;: &quot;2022-02-16T09:53:50.939Z&quot;,
                &quot;status&quot;: &quot;DELIVERED&quot;
            },
            {
                &quot;time&quot;: &quot;2022-02-16T09:53:51.831Z&quot;,
                &quot;status&quot;: &quot;PENDING&quot;
            },
            {
                &quot;time&quot;: &quot;2022-02-16T09:53:51.869Z&quot;,
                &quot;status&quot;: &quot;SEND&quot;
            },
            {
                &quot;time&quot;: &quot;2022-02-16T09:53:51.917Z&quot;,
                &quot;status&quot;: &quot;DELIVERED&quot;
            },
            {
                &quot;time&quot;: &quot;2022-02-16T09:56:32.333Z&quot;,
                &quot;status&quot;: &quot;PENDING&quot;
            },
            {
                &quot;time&quot;: &quot;2022-02-16T09:56:32.376Z&quot;,
                &quot;status&quot;: &quot;SEND&quot;
            },
            {
                &quot;time&quot;: &quot;2022-02-16T09:56:32.413Z&quot;,
                &quot;status&quot;: &quot;DELIVERED&quot;
            },
            {
                &quot;time&quot;: &quot;2022-02-16T09:56:33.226Z&quot;,
                &quot;status&quot;: &quot;PENDING&quot;
            },
            {
                &quot;time&quot;: &quot;2022-02-16T09:56:33.279Z&quot;,
                &quot;status&quot;: &quot;SEND&quot;
            },
            {
                &quot;time&quot;: &quot;2022-02-16T09:56:33.321Z&quot;,
                &quot;status&quot;: &quot;DELIVERED&quot;
            },
            {
                &quot;time&quot;: &quot;2022-02-16T09:59:11.843Z&quot;,
                &quot;status&quot;: &quot;PENDING&quot;
            },
            {
                &quot;time&quot;: &quot;2022-02-16T09:59:11.885Z&quot;,
                &quot;status&quot;: &quot;SEND&quot;
            },
            {
                &quot;time&quot;: &quot;2022-02-16T09:59:11.929Z&quot;,
                &quot;status&quot;: &quot;DELIVERED&quot;
            },
            {
                &quot;time&quot;: &quot;2022-02-16T09:59:12.799Z&quot;,
                &quot;status&quot;: &quot;PENDING&quot;
            },
            {
                &quot;time&quot;: &quot;2022-02-16T09:59:12.857Z&quot;,
                &quot;status&quot;: &quot;SEND&quot;
            },
            {
                &quot;time&quot;: &quot;2022-02-16T09:59:12.913Z&quot;,
                &quot;status&quot;: &quot;DELIVERED&quot;
            },
            {
                &quot;time&quot;: &quot;2022-02-16T10:01:50.751Z&quot;,
                &quot;status&quot;: &quot;PENDING&quot;
            },
            {
                &quot;time&quot;: &quot;2022-02-16T10:01:50.791Z&quot;,
                &quot;status&quot;: &quot;SEND&quot;
            },
            {
                &quot;time&quot;: &quot;2022-02-16T10:01:50.828Z&quot;,
                &quot;status&quot;: &quot;DELIVERED&quot;
            },
            {
                &quot;time&quot;: &quot;2022-02-16T10:01:51.673Z&quot;,
                &quot;status&quot;: &quot;PENDING&quot;
            },
            {
                &quot;time&quot;: &quot;2022-02-16T10:01:51.713Z&quot;,
                &quot;status&quot;: &quot;SEND&quot;
            },
            {
                &quot;time&quot;: &quot;2022-02-16T10:01:51.755Z&quot;,
                &quot;status&quot;: &quot;DELIVERED&quot;
            },
            {
                &quot;time&quot;: &quot;2022-02-16T10:04:30.106Z&quot;,
                &quot;status&quot;: &quot;PENDING&quot;
            },
            {
                &quot;time&quot;: &quot;2022-02-16T10:04:30.153Z&quot;,
                &quot;status&quot;: &quot;SEND&quot;
            },
            {
                &quot;time&quot;: &quot;2022-02-16T10:04:30.200Z&quot;,
                &quot;status&quot;: &quot;DELIVERED&quot;
            },
            {
                &quot;time&quot;: &quot;2022-02-16T10:04:31.076Z&quot;,
                &quot;status&quot;: &quot;PENDING&quot;
            },
            {
                &quot;time&quot;: &quot;2022-02-16T10:04:31.122Z&quot;,
                &quot;status&quot;: &quot;SEND&quot;
            },
            {
                &quot;time&quot;: &quot;2022-02-16T10:04:31.164Z&quot;,
                &quot;status&quot;: &quot;DELIVERED&quot;
            },
            {
                &quot;time&quot;: &quot;2022-02-16T10:07:10.462Z&quot;,
                &quot;status&quot;: &quot;PENDING&quot;
            },
            {
                &quot;time&quot;: &quot;2022-02-16T10:07:10.499Z&quot;,
                &quot;status&quot;: &quot;SEND&quot;
            },
            {
                &quot;time&quot;: &quot;2022-02-16T10:07:10.537Z&quot;,
                &quot;status&quot;: &quot;DELIVERED&quot;
            },
            {
                &quot;time&quot;: &quot;2022-02-16T10:07:11.343Z&quot;,
                &quot;status&quot;: &quot;PENDING&quot;
            },
            {
                &quot;time&quot;: &quot;2022-02-16T10:07:11.380Z&quot;,
                &quot;status&quot;: &quot;SEND&quot;
            },
            {
                &quot;time&quot;: &quot;2022-02-16T10:07:11.418Z&quot;,
                &quot;status&quot;: &quot;DELIVERED&quot;
            },
            {
                &quot;time&quot;: &quot;2022-02-16T10:09:49.720Z&quot;,
                &quot;status&quot;: &quot;PENDING&quot;
            },
            {
                &quot;time&quot;: &quot;2022-02-16T10:09:49.762Z&quot;,
                &quot;status&quot;: &quot;SEND&quot;
            },
            {
                &quot;time&quot;: &quot;2022-02-16T10:09:49.803Z&quot;,
                &quot;status&quot;: &quot;DELIVERED&quot;
            },
            {
                &quot;time&quot;: &quot;2022-02-16T10:09:50.610Z&quot;,
                &quot;status&quot;: &quot;PENDING&quot;
            },
            {
                &quot;time&quot;: &quot;2022-02-16T10:09:50.651Z&quot;,
                &quot;status&quot;: &quot;SEND&quot;
            },
            {
                &quot;time&quot;: &quot;2022-02-16T10:09:50.691Z&quot;,
                &quot;status&quot;: &quot;DELIVERED&quot;
            },
            {
                &quot;time&quot;: &quot;2022-02-16T10:12:29.403Z&quot;,
                &quot;status&quot;: &quot;PENDING&quot;
            },
            {
                &quot;time&quot;: &quot;2022-02-16T10:12:29.449Z&quot;,
                &quot;status&quot;: &quot;SEND&quot;
            },
            {
                &quot;time&quot;: &quot;2022-02-16T10:12:29.494Z&quot;,
                &quot;status&quot;: &quot;DELIVERED&quot;
            },
            {
                &quot;time&quot;: &quot;2022-02-16T10:12:30.338Z&quot;,
                &quot;status&quot;: &quot;PENDING&quot;
            },
            {
                &quot;time&quot;: &quot;2022-02-16T10:12:30.379Z&quot;,
                &quot;status&quot;: &quot;SEND&quot;
            },
            {
                &quot;time&quot;: &quot;2022-02-16T10:12:30.423Z&quot;,
                &quot;status&quot;: &quot;DELIVERED&quot;
            },
            {
                &quot;time&quot;: &quot;2022-02-16T10:15:08.464Z&quot;,
                &quot;status&quot;: &quot;PENDING&quot;
            },
            {
                &quot;time&quot;: &quot;2022-02-16T10:15:08.507Z&quot;,
                &quot;status&quot;: &quot;SEND&quot;
            },
            {
                &quot;time&quot;: &quot;2022-02-16T10:15:08.549Z&quot;,
                &quot;status&quot;: &quot;DELIVERED&quot;
            },
            {
                &quot;time&quot;: &quot;2022-02-16T10:15:09.384Z&quot;,
                &quot;status&quot;: &quot;PENDING&quot;
            },
            {
                &quot;time&quot;: &quot;2022-02-16T10:15:09.428Z&quot;,
                &quot;status&quot;: &quot;SEND&quot;
            }
        ],
        &quot;status&quot;: &quot;DELIVERED&quot;
    },
    &quot;creationTime&quot;: &quot;2022-02-16T09:22:46.140Z&quot;,
    &quot;deviceId&quot;: &quot;14273295&quot;,
    &quot;deviceName&quot;: &quot;offsitec&quot;,
    &quot;self&quot;: &quot;https://t493319102.eu-latest.cumulocity.com/devicecontrol/operations/14275540&quot;,
    &quot;id&quot;: &quot;14275540&quot;,
    &quot;status&quot;: &quot;PENDING&quot;,
    &quot;c8y_LogfileRequest&quot;: {
        &quot;searchText&quot;: &quot;&quot;,
        &quot;logFile&quot;: &quot;software-management&quot;,
        &quot;dateTo&quot;: &quot;2021-11-21T18:55:49+0530&quot;,
        &quot;dateFrom&quot;: &quot;2021-11-15T18:55:49+0530&quot;,
        &quot;maximumLines&quot;: 300
    },
    &quot;description&quot;: &quot;Log file request&quot;
}
10:16:01 DEBUG Final URL of the request: https://thin-edge-io.eu-latest.cumulocity.com/devicecontrol/operations?deviceId=14273295&amp;pageSize=1&amp;revert=true&amp;dateFrom=1970-01-01T00%3A00%3A00.000Z
10:16:01 INFO  State of current operation: PENDING
10:16:01 DEBUG Final URL of the request: https://thin-edge-io.eu-latest.cumulocity.com/devicecontrol/operations?deviceId=14273295&amp;pageSize=1&amp;revert=true&amp;dateFrom=1970-01-01T00%3A00%3A00.000Z
10:16:01 DEBUG State of current operation: {
    &quot;delivery&quot;: {
        &quot;time&quot;: &quot;2022-02-16T10:15:09.472Z&quot;,
        &quot;log&quot;: [
            {
                &quot;time&quot;: &quot;2022-02-16T09:22:46.166Z&quot;,
                &quot;status&quot;: &quot;PENDING&quot;
            },
            {
                &quot;time&quot;: &quot;2022-02-16T09:22:46.185Z&quot;,
                &quot;status&quot;: &quot;SEND&quot;
            },
            {
                &quot;time&quot;: &quot;2022-02-16T09:22:46.219Z&quot;,
                &quot;status&quot;: &quot;DELIVERED&quot;
            },
            {
                &quot;time&quot;: &quot;2022-02-16T09:23:55.047Z&quot;,
                &quot;status&quot;: &quot;PENDING&quot;
            },
            {
                &quot;time&quot;: &quot;2022-02-16T09:23:55.077Z&quot;,
                &quot;status&quot;: &quot;SEND&quot;
            },
            {
                &quot;time&quot;: &quot;2022-02-16T09:23:55.114Z&quot;,
                &quot;status&quot;: &quot;DELIVERED&quot;
            },
            {
                &quot;time&quot;: &quot;2022-02-16T09:23:55.901Z&quot;,
                &quot;status&quot;: &quot;PENDING&quot;
            },
            {
                &quot;time&quot;: &quot;2022-02-16T09:23:55.930Z&quot;,
                &quot;status&quot;: &quot;SEND&quot;
            },
            {
                &quot;time&quot;: &quot;2022-02-16T09:23:55.967Z&quot;,
                &quot;status&quot;: &quot;DELIVERED&quot;
            },
            {
                &quot;time&quot;: &quot;2022-02-16T09:24:55.073Z&quot;,
                &quot;status&quot;: &quot;PENDING&quot;
            },
            {
                &quot;time&quot;: &quot;2022-02-16T09:24:55.106Z&quot;,
                &quot;status&quot;: &quot;SEND&quot;
            },
            {
                &quot;time&quot;: &quot;2022-02-16T09:24:55.144Z&quot;,
                &quot;status&quot;: &quot;DELIVERED&quot;
            },
            {
                &quot;time&quot;: &quot;2022-02-16T09:24:55.971Z&quot;,
                &quot;status&quot;: &quot;PENDING&quot;
            },
            {
                &quot;time&quot;: &quot;2022-02-16T09:24:56.008Z&quot;,
                &quot;status&quot;: &quot;SEND&quot;
            },
            {
                &quot;time&quot;: &quot;2022-02-16T09:24:56.044Z&quot;,
                &quot;status&quot;: &quot;DELIVERED&quot;
            },
            {
                &quot;time&quot;: &quot;2022-02-16T09:26:09.362Z&quot;,
                &quot;status&quot;: &quot;PENDING&quot;
            },
            {
                &quot;time&quot;: &quot;2022-02-16T09:26:09.392Z&quot;,
                &quot;status&quot;: &quot;SEND&quot;
            },
            {
                &quot;time&quot;: &quot;2022-02-16T09:26:09.428Z&quot;,
                &quot;status&quot;: &quot;DELIVERED&quot;
            },
            {
                &quot;time&quot;: &quot;2022-02-16T09:26:10.287Z&quot;,
                &quot;status&quot;: &quot;PENDING&quot;
            },
            {
                &quot;time&quot;: &quot;2022-02-16T09:26:10.317Z&quot;,
                &quot;status&quot;: &quot;SEND&quot;
            },
            {
                &quot;time&quot;: &quot;2022-02-16T09:26:10.353Z&quot;,
                &quot;status&quot;: &quot;DELIVERED&quot;
            },
            {
                &quot;time&quot;: &quot;2022-02-16T09:27:24.861Z&quot;,
                &quot;status&quot;: &quot;PENDING&quot;
            },
            {
                &quot;time&quot;: &quot;2022-02-16T09:27:24.898Z&quot;,
                &quot;status&quot;: &quot;SEND&quot;
            },
            {
                &quot;time&quot;: &quot;2022-02-16T09:27:24.935Z&quot;,
                &quot;status&quot;: &quot;DELIVERED&quot;
            },
            {
                &quot;time&quot;: &quot;2022-02-16T09:27:25.773Z&quot;,
                &quot;status&quot;: &quot;PENDING&quot;
            },
            {
                &quot;time&quot;: &quot;2022-02-16T09:27:25.812Z&quot;,
                &quot;status&quot;: &quot;SEND&quot;
            },
            {
                &quot;time&quot;: &quot;2022-02-16T09:27:25.849Z&quot;,
                &quot;status&quot;: &quot;DELIVERED&quot;
            },
            {
                &quot;time&quot;: &quot;2022-02-16T09:28:06.037Z&quot;,
                &quot;status&quot;: &quot;PENDING&quot;
            },
            {
                &quot;time&quot;: &quot;2022-02-16T09:28:06.069Z&quot;,
                &quot;status&quot;: &quot;SEND&quot;
            },
            {
                &quot;time&quot;: &quot;2022-02-16T09:28:06.107Z&quot;,
                &quot;status&quot;: &quot;DELIVERED&quot;
            },
            {
                &quot;time&quot;: &quot;2022-02-16T09:28:06.968Z&quot;,
                &quot;status&quot;: &quot;PENDING&quot;
            },
            {
                &quot;time&quot;: &quot;2022-02-16T09:28:07.002Z&quot;,
                &quot;status&quot;: &quot;SEND&quot;
            },
            {
                &quot;time&quot;: &quot;2022-02-16T09:28:07.039Z&quot;,
                &quot;status&quot;: &quot;DELIVERED&quot;
            },
            {
                &quot;time&quot;: &quot;2022-02-16T09:28:58.713Z&quot;,
                &quot;status&quot;: &quot;PENDING&quot;
            },
            {
                &quot;time&quot;: &quot;2022-02-16T09:28:58.744Z&quot;,
                &quot;status&quot;: &quot;SEND&quot;
            },
            {
                &quot;time&quot;: &quot;2022-02-16T09:28:58.782Z&quot;,
                &quot;status&quot;: &quot;DELIVERED&quot;
            },
            {
                &quot;time&quot;: &quot;2022-02-16T09:28:59.589Z&quot;,
                &quot;status&quot;: &quot;PENDING&quot;
            },
            {
                &quot;time&quot;: &quot;2022-02-16T09:28:59.620Z&quot;,
                &quot;status&quot;: &quot;SEND&quot;
            },
            {
                &quot;time&quot;: &quot;2022-02-16T09:28:59.658Z&quot;,
                &quot;status&quot;: &quot;DELIVERED&quot;
            },
            {
                &quot;time&quot;: &quot;2022-02-16T09:29:51.098Z&quot;,
                &quot;status&quot;: &quot;PENDING&quot;
            },
            {
                &quot;time&quot;: &quot;2022-02-16T09:29:51.134Z&quot;,
                &quot;status&quot;: &quot;SEND&quot;
            },
            {
                &quot;time&quot;: &quot;2022-02-16T09:29:51.171Z&quot;,
                &quot;status&quot;: &quot;DELIVERED&quot;
            },
            {
                &quot;time&quot;: &quot;2022-02-16T09:29:52.013Z&quot;,
                &quot;status&quot;: &quot;PENDING&quot;
            },
            {
                &quot;time&quot;: &quot;2022-02-16T09:29:52.047Z&quot;,
                &quot;status&quot;: &quot;SEND&quot;
            },
            {
                &quot;time&quot;: &quot;2022-02-16T09:29:52.089Z&quot;,
                &quot;status&quot;: &quot;DELIVERED&quot;
            },
            {
                &quot;time&quot;: &quot;2022-02-16T09:30:33.494Z&quot;,
                &quot;status&quot;: &quot;PENDING&quot;
            },
            {
                &quot;time&quot;: &quot;2022-02-16T09:30:33.534Z&quot;,
                &quot;status&quot;: &quot;SEND&quot;
            },
            {
                &quot;time&quot;: &quot;2022-02-16T09:30:33.571Z&quot;,
                &quot;status&quot;: &quot;DELIVERED&quot;
            },
            {
                &quot;time&quot;: &quot;2022-02-16T09:30:34.412Z&quot;,
                &quot;status&quot;: &quot;PENDING&quot;
            },
            {
                &quot;time&quot;: &quot;2022-02-16T09:30:34.453Z&quot;,
                &quot;status&quot;: &quot;SEND&quot;
            },
            {
                &quot;time&quot;: &quot;2022-02-16T09:30:34.488Z&quot;,
                &quot;status&quot;: &quot;DELIVERED&quot;
            },
            {
                &quot;time&quot;: &quot;2022-02-16T09:32:49.337Z&quot;,
                &quot;status&quot;: &quot;PENDING&quot;
            },
            {
                &quot;time&quot;: &quot;2022-02-16T09:32:49.371Z&quot;,
                &quot;status&quot;: &quot;SEND&quot;
            },
            {
                &quot;time&quot;: &quot;2022-02-16T09:32:49.408Z&quot;,
                &quot;status&quot;: &quot;DELIVERED&quot;
            },
            {
                &quot;time&quot;: &quot;2022-02-16T09:32:50.347Z&quot;,
                &quot;status&quot;: &quot;PENDING&quot;
            },
            {
                &quot;time&quot;: &quot;2022-02-16T09:32:50.382Z&quot;,
                &quot;status&quot;: &quot;SEND&quot;
            },
            {
                &quot;time&quot;: &quot;2022-02-16T09:32:50.423Z&quot;,
                &quot;status&quot;: &quot;DELIVERED&quot;
            },
            {
                &quot;time&quot;: &quot;2022-02-16T09:35:18.696Z&quot;,
                &quot;status&quot;: &quot;PENDING&quot;
            },
            {
                &quot;time&quot;: &quot;2022-02-16T09:35:18.734Z&quot;,
                &quot;status&quot;: &quot;SEND&quot;
            },
            {
                &quot;time&quot;: &quot;2022-02-16T09:35:18.769Z&quot;,
                &quot;status&quot;: &quot;DELIVERED&quot;
            },
            {
                &quot;time&quot;: &quot;2022-02-16T09:35:41.813Z&quot;,
                &quot;status&quot;: &quot;PENDING&quot;
            },
            {
                &quot;time&quot;: &quot;2022-02-16T09:35:41.852Z&quot;,
                &quot;status&quot;: &quot;SEND&quot;
            },
            {
                &quot;time&quot;: &quot;2022-02-16T09:35:41.891Z&quot;,
                &quot;status&quot;: &quot;DELIVERED&quot;
            },
            {
                &quot;time&quot;: &quot;2022-02-16T09:35:42.766Z&quot;,
                &quot;status&quot;: &quot;PENDING&quot;
            },
            {
                &quot;time&quot;: &quot;2022-02-16T09:35:42.811Z&quot;,
                &quot;status&quot;: &quot;SEND&quot;
            },
            {
                &quot;time&quot;: &quot;2022-02-16T09:35:42.849Z&quot;,
                &quot;status&quot;: &quot;DELIVERED&quot;
            },
            {
                &quot;time&quot;: &quot;2022-02-16T09:36:06.394Z&quot;,
                &quot;status&quot;: &quot;PENDING&quot;
            },
            {
                &quot;time&quot;: &quot;2022-02-16T09:36:06.432Z&quot;,
                &quot;status&quot;: &quot;SEND&quot;
            },
            {
                &quot;time&quot;: &quot;2022-02-16T09:36:06.488Z&quot;,
                &quot;status&quot;: &quot;DELIVERED&quot;
            },
            {
                &quot;time&quot;: &quot;2022-02-16T09:36:07.318Z&quot;,
                &quot;status&quot;: &quot;PENDING&quot;
            },
            {
                &quot;time&quot;: &quot;2022-02-16T09:36:07.358Z&quot;,
                &quot;status&quot;: &quot;SEND&quot;
            },
            {
                &quot;time&quot;: &quot;2022-02-16T09:36:07.393Z&quot;,
                &quot;status&quot;: &quot;DELIVERED&quot;
            },
            {
                &quot;time&quot;: &quot;2022-02-16T09:36:30.178Z&quot;,
                &quot;status&quot;: &quot;PENDING&quot;
            },
            {
                &quot;time&quot;: &quot;2022-02-16T09:36:30.210Z&quot;,
                &quot;status&quot;: &quot;SEND&quot;
            },
            {
                &quot;time&quot;: &quot;2022-02-16T09:36:30.248Z&quot;,
                &quot;status&quot;: &quot;DELIVERED&quot;
            },
            {
                &quot;time&quot;: &quot;2022-02-16T09:36:31.123Z&quot;,
                &quot;status&quot;: &quot;PENDING&quot;
            },
            {
                &quot;time&quot;: &quot;2022-02-16T09:36:31.156Z&quot;,
                &quot;status&quot;: &quot;SEND&quot;
            },
            {
                &quot;time&quot;: &quot;2022-02-16T09:36:31.207Z&quot;,
                &quot;status&quot;: &quot;DELIVERED&quot;
            },
            {
                &quot;time&quot;: &quot;2022-02-16T09:37:08.443Z&quot;,
                &quot;status&quot;: &quot;PENDING&quot;
            },
            {
                &quot;time&quot;: &quot;2022-02-16T09:37:08.481Z&quot;,
                &quot;status&quot;: &quot;SEND&quot;
            },
            {
                &quot;time&quot;: &quot;2022-02-16T09:37:08.522Z&quot;,
                &quot;status&quot;: &quot;DELIVERED&quot;
            },
            {
                &quot;time&quot;: &quot;2022-02-16T09:37:09.439Z&quot;,
                &quot;status&quot;: &quot;PENDING&quot;
            },
            {
                &quot;time&quot;: &quot;2022-02-16T09:37:09.478Z&quot;,
                &quot;status&quot;: &quot;SEND&quot;
            },
            {
                &quot;time&quot;: &quot;2022-02-16T09:37:09.516Z&quot;,
                &quot;status&quot;: &quot;DELIVERED&quot;
            },
            {
                &quot;time&quot;: &quot;2022-02-16T09:37:13.026Z&quot;,
                &quot;status&quot;: &quot;PENDING&quot;
            },
            {
                &quot;time&quot;: &quot;2022-02-16T09:37:13.068Z&quot;,
                &quot;status&quot;: &quot;SEND&quot;
            },
            {
                &quot;time&quot;: &quot;2022-02-16T09:37:13.106Z&quot;,
                &quot;status&quot;: &quot;DELIVERED&quot;
            },
            {
                &quot;time&quot;: &quot;2022-02-16T09:37:37.817Z&quot;,
                &quot;status&quot;: &quot;PENDING&quot;
            },
            {
                &quot;time&quot;: &quot;2022-02-16T09:37:37.857Z&quot;,
                &quot;status&quot;: &quot;SEND&quot;
            },
            {
                &quot;time&quot;: &quot;2022-02-16T09:37:37.893Z&quot;,
                &quot;status&quot;: &quot;DELIVERED&quot;
            },
            {
                &quot;time&quot;: &quot;2022-02-16T09:37:38.638Z&quot;,
                &quot;status&quot;: &quot;PENDING&quot;
            },
            {
                &quot;time&quot;: &quot;2022-02-16T09:37:38.675Z&quot;,
                &quot;status&quot;: &quot;SEND&quot;
            },
            {
                &quot;time&quot;: &quot;2022-02-16T09:37:38.712Z&quot;,
                &quot;status&quot;: &quot;DELIVERED&quot;
            },
            {
                &quot;time&quot;: &quot;2022-02-16T09:38:03.926Z&quot;,
                &quot;status&quot;: &quot;PENDING&quot;
            },
            {
                &quot;time&quot;: &quot;2022-02-16T09:38:03.965Z&quot;,
                &quot;status&quot;: &quot;SEND&quot;
            },
            {
                &quot;time&quot;: &quot;2022-02-16T09:38:04.001Z&quot;,
                &quot;status&quot;: &quot;DELIVERED&quot;
            },
            {
                &quot;time&quot;: &quot;2022-02-16T09:38:04.819Z&quot;,
                &quot;status&quot;: &quot;PENDING&quot;
            },
            {
                &quot;time&quot;: &quot;2022-02-16T09:38:04.864Z&quot;,
                &quot;status&quot;: &quot;SEND&quot;
            },
            {
                &quot;time&quot;: &quot;2022-02-16T09:38:04.911Z&quot;,
                &quot;status&quot;: &quot;DELIVERED&quot;
            },
            {
                &quot;time&quot;: &quot;2022-02-16T09:53:50.860Z&quot;,
                &quot;status&quot;: &quot;PENDING&quot;
            },
            {
                &quot;time&quot;: &quot;2022-02-16T09:53:50.900Z&quot;,
                &quot;status&quot;: &quot;SEND&quot;
            },
            {
                &quot;time&quot;: &quot;2022-02-16T09:53:50.939Z&quot;,
                &quot;status&quot;: &quot;DELIVERED&quot;
            },
            {
                &quot;time&quot;: &quot;2022-02-16T09:53:51.831Z&quot;,
                &quot;status&quot;: &quot;PENDING&quot;
            },
            {
                &quot;time&quot;: &quot;2022-02-16T09:53:51.869Z&quot;,
                &quot;status&quot;: &quot;SEND&quot;
            },
            {
                &quot;time&quot;: &quot;2022-02-16T09:53:51.917Z&quot;,
                &quot;status&quot;: &quot;DELIVERED&quot;
            },
            {
                &quot;time&quot;: &quot;2022-02-16T09:56:32.333Z&quot;,
                &quot;status&quot;: &quot;PENDING&quot;
            },
            {
                &quot;time&quot;: &quot;2022-02-16T09:56:32.376Z&quot;,
                &quot;status&quot;: &quot;SEND&quot;
            },
            {
                &quot;time&quot;: &quot;2022-02-16T09:56:32.413Z&quot;,
                &quot;status&quot;: &quot;DELIVERED&quot;
            },
            {
                &quot;time&quot;: &quot;2022-02-16T09:56:33.226Z&quot;,
                &quot;status&quot;: &quot;PENDING&quot;
            },
            {
                &quot;time&quot;: &quot;2022-02-16T09:56:33.279Z&quot;,
                &quot;status&quot;: &quot;SEND&quot;
            },
            {
                &quot;time&quot;: &quot;2022-02-16T09:56:33.321Z&quot;,
                &quot;status&quot;: &quot;DELIVERED&quot;
            },
            {
                &quot;time&quot;: &quot;2022-02-16T09:59:11.843Z&quot;,
                &quot;status&quot;: &quot;PENDING&quot;
            },
            {
                &quot;time&quot;: &quot;2022-02-16T09:59:11.885Z&quot;,
                &quot;status&quot;: &quot;SEND&quot;
            },
            {
                &quot;time&quot;: &quot;2022-02-16T09:59:11.929Z&quot;,
                &quot;status&quot;: &quot;DELIVERED&quot;
            },
            {
                &quot;time&quot;: &quot;2022-02-16T09:59:12.799Z&quot;,
                &quot;status&quot;: &quot;PENDING&quot;
            },
            {
                &quot;time&quot;: &quot;2022-02-16T09:59:12.857Z&quot;,
                &quot;status&quot;: &quot;SEND&quot;
            },
            {
                &quot;time&quot;: &quot;2022-02-16T09:59:12.913Z&quot;,
                &quot;status&quot;: &quot;DELIVERED&quot;
            },
            {
                &quot;time&quot;: &quot;2022-02-16T10:01:50.751Z&quot;,
                &quot;status&quot;: &quot;PENDING&quot;
            },
            {
                &quot;time&quot;: &quot;2022-02-16T10:01:50.791Z&quot;,
                &quot;status&quot;: &quot;SEND&quot;
            },
            {
                &quot;time&quot;: &quot;2022-02-16T10:01:50.828Z&quot;,
                &quot;status&quot;: &quot;DELIVERED&quot;
            },
            {
                &quot;time&quot;: &quot;2022-02-16T10:01:51.673Z&quot;,
                &quot;status&quot;: &quot;PENDING&quot;
            },
            {
                &quot;time&quot;: &quot;2022-02-16T10:01:51.713Z&quot;,
                &quot;status&quot;: &quot;SEND&quot;
            },
            {
                &quot;time&quot;: &quot;2022-02-16T10:01:51.755Z&quot;,
                &quot;status&quot;: &quot;DELIVERED&quot;
            },
            {
                &quot;time&quot;: &quot;2022-02-16T10:04:30.106Z&quot;,
                &quot;status&quot;: &quot;PENDING&quot;
            },
            {
                &quot;time&quot;: &quot;2022-02-16T10:04:30.153Z&quot;,
                &quot;status&quot;: &quot;SEND&quot;
            },
            {
                &quot;time&quot;: &quot;2022-02-16T10:04:30.200Z&quot;,
                &quot;status&quot;: &quot;DELIVERED&quot;
            },
            {
                &quot;time&quot;: &quot;2022-02-16T10:04:31.076Z&quot;,
                &quot;status&quot;: &quot;PENDING&quot;
            },
            {
                &quot;time&quot;: &quot;2022-02-16T10:04:31.122Z&quot;,
                &quot;status&quot;: &quot;SEND&quot;
            },
            {
                &quot;time&quot;: &quot;2022-02-16T10:04:31.164Z&quot;,
                &quot;status&quot;: &quot;DELIVERED&quot;
            },
            {
                &quot;time&quot;: &quot;2022-02-16T10:07:10.462Z&quot;,
                &quot;status&quot;: &quot;PENDING&quot;
            },
            {
                &quot;time&quot;: &quot;2022-02-16T10:07:10.499Z&quot;,
                &quot;status&quot;: &quot;SEND&quot;
            },
            {
                &quot;time&quot;: &quot;2022-02-16T10:07:10.537Z&quot;,
                &quot;status&quot;: &quot;DELIVERED&quot;
            },
            {
                &quot;time&quot;: &quot;2022-02-16T10:07:11.343Z&quot;,
                &quot;status&quot;: &quot;PENDING&quot;
            },
            {
                &quot;time&quot;: &quot;2022-02-16T10:07:11.380Z&quot;,
                &quot;status&quot;: &quot;SEND&quot;
            },
            {
                &quot;time&quot;: &quot;2022-02-16T10:07:11.418Z&quot;,
                &quot;status&quot;: &quot;DELIVERED&quot;
            },
            {
                &quot;time&quot;: &quot;2022-02-16T10:09:49.720Z&quot;,
                &quot;status&quot;: &quot;PENDING&quot;
            },
            {
                &quot;time&quot;: &quot;2022-02-16T10:09:49.762Z&quot;,
                &quot;status&quot;: &quot;SEND&quot;
            },
            {
                &quot;time&quot;: &quot;2022-02-16T10:09:49.803Z&quot;,
                &quot;status&quot;: &quot;DELIVERED&quot;
            },
            {
                &quot;time&quot;: &quot;2022-02-16T10:09:50.610Z&quot;,
                &quot;status&quot;: &quot;PENDING&quot;
            },
            {
                &quot;time&quot;: &quot;2022-02-16T10:09:50.651Z&quot;,
                &quot;status&quot;: &quot;SEND&quot;
            },
            {
                &quot;time&quot;: &quot;2022-02-16T10:09:50.691Z&quot;,
                &quot;status&quot;: &quot;DELIVERED&quot;
            },
            {
                &quot;time&quot;: &quot;2022-02-16T10:12:29.403Z&quot;,
                &quot;status&quot;: &quot;PENDING&quot;
            },
            {
                &quot;time&quot;: &quot;2022-02-16T10:12:29.449Z&quot;,
                &quot;status&quot;: &quot;SEND&quot;
            },
            {
                &quot;time&quot;: &quot;2022-02-16T10:12:29.494Z&quot;,
                &quot;status&quot;: &quot;DELIVERED&quot;
            },
            {
                &quot;time&quot;: &quot;2022-02-16T10:12:30.338Z&quot;,
                &quot;status&quot;: &quot;PENDING&quot;
            },
            {
                &quot;time&quot;: &quot;2022-02-16T10:12:30.379Z&quot;,
                &quot;status&quot;: &quot;SEND&quot;
            },
            {
                &quot;time&quot;: &quot;2022-02-16T10:12:30.423Z&quot;,
                &quot;status&quot;: &quot;DELIVERED&quot;
            },
            {
                &quot;time&quot;: &quot;2022-02-16T10:15:08.464Z&quot;,
                &quot;status&quot;: &quot;PENDING&quot;
            },
            {
                &quot;time&quot;: &quot;2022-02-16T10:15:08.507Z&quot;,
                &quot;status&quot;: &quot;SEND&quot;
            },
            {
                &quot;time&quot;: &quot;2022-02-16T10:15:08.549Z&quot;,
                &quot;status&quot;: &quot;DELIVERED&quot;
            },
            {
                &quot;time&quot;: &quot;2022-02-16T10:15:09.384Z&quot;,
                &quot;status&quot;: &quot;PENDING&quot;
            },
            {
                &quot;time&quot;: &quot;2022-02-16T10:15:09.428Z&quot;,
                &quot;status&quot;: &quot;SEND&quot;
            }
        ],
        &quot;status&quot;: &quot;DELIVERED&quot;
    },
    &quot;creationTime&quot;: &quot;2022-02-16T09:22:46.140Z&quot;,
    &quot;deviceId&quot;: &quot;14273295&quot;,
    &quot;deviceName&quot;: &quot;offsitec&quot;,
    &quot;self&quot;: &quot;https://t493319102.eu-latest.cumulocity.com/devicecontrol/operations/14275540&quot;,
    &quot;id&quot;: &quot;14275540&quot;,
    &quot;status&quot;: &quot;PENDING&quot;,
    &quot;c8y_LogfileRequest&quot;: {
        &quot;searchText&quot;: &quot;&quot;,
        &quot;logFile&quot;: &quot;software-management&quot;,
        &quot;dateTo&quot;: &quot;2021-11-21T18:55:49+0530&quot;,
        &quot;dateFrom&quot;: &quot;2021-11-15T18:55:49+0530&quot;,
        &quot;maximumLines&quot;: 300
    },
    &quot;description&quot;: &quot;Log file request&quot;
}
10:16:03 DEBUG Final URL of the request: https://thin-edge-io.eu-latest.cumulocity.com/devicecontrol/operations?deviceId=14273295&amp;pageSize=1&amp;revert=true&amp;dateFrom=1970-01-01T00%3A00%3A00.000Z
10:16:03 INFO  State of current operation: PENDING
10:16:03 DEBUG Final URL of the request: https://thin-edge-io.eu-latest.cumulocity.com/devicecontrol/operations?deviceId=14273295&amp;pageSize=1&amp;revert=true&amp;dateFrom=1970-01-01T00%3A00%3A00.000Z
10:16:03 DEBUG State of current operation: {
    &quot;delivery&quot;: {
        &quot;time&quot;: &quot;2022-02-16T10:15:09.472Z&quot;,
        &quot;log&quot;: [
            {
                &quot;time&quot;: &quot;2022-02-16T09:22:46.166Z&quot;,
                &quot;status&quot;: &quot;PENDING&quot;
            },
            {
                &quot;time&quot;: &quot;2022-02-16T09:22:46.185Z&quot;,
                &quot;status&quot;: &quot;SEND&quot;
            },
            {
                &quot;time&quot;: &quot;2022-02-16T09:22:46.219Z&quot;,
                &quot;status&quot;: &quot;DELIVERED&quot;
            },
            {
                &quot;time&quot;: &quot;2022-02-16T09:23:55.047Z&quot;,
                &quot;status&quot;: &quot;PENDING&quot;
            },
            {
                &quot;time&quot;: &quot;2022-02-16T09:23:55.077Z&quot;,
                &quot;status&quot;: &quot;SEND&quot;
            },
            {
                &quot;time&quot;: &quot;2022-02-16T09:23:55.114Z&quot;,
                &quot;status&quot;: &quot;DELIVERED&quot;
            },
            {
                &quot;time&quot;: &quot;2022-02-16T09:23:55.901Z&quot;,
                &quot;status&quot;: &quot;PENDING&quot;
            },
            {
                &quot;time&quot;: &quot;2022-02-16T09:23:55.930Z&quot;,
                &quot;status&quot;: &quot;SEND&quot;
            },
            {
                &quot;time&quot;: &quot;2022-02-16T09:23:55.967Z&quot;,
                &quot;status&quot;: &quot;DELIVERED&quot;
            },
            {
                &quot;time&quot;: &quot;2022-02-16T09:24:55.073Z&quot;,
                &quot;status&quot;: &quot;PENDING&quot;
            },
            {
                &quot;time&quot;: &quot;2022-02-16T09:24:55.106Z&quot;,
                &quot;status&quot;: &quot;SEND&quot;
            },
            {
                &quot;time&quot;: &quot;2022-02-16T09:24:55.144Z&quot;,
                &quot;status&quot;: &quot;DELIVERED&quot;
            },
            {
                &quot;time&quot;: &quot;2022-02-16T09:24:55.971Z&quot;,
                &quot;status&quot;: &quot;PENDING&quot;
            },
            {
                &quot;time&quot;: &quot;2022-02-16T09:24:56.008Z&quot;,
                &quot;status&quot;: &quot;SEND&quot;
            },
            {
                &quot;time&quot;: &quot;2022-02-16T09:24:56.044Z&quot;,
                &quot;status&quot;: &quot;DELIVERED&quot;
            },
            {
                &quot;time&quot;: &quot;2022-02-16T09:26:09.362Z&quot;,
                &quot;status&quot;: &quot;PENDING&quot;
            },
            {
                &quot;time&quot;: &quot;2022-02-16T09:26:09.392Z&quot;,
                &quot;status&quot;: &quot;SEND&quot;
            },
            {
                &quot;time&quot;: &quot;2022-02-16T09:26:09.428Z&quot;,
                &quot;status&quot;: &quot;DELIVERED&quot;
            },
            {
                &quot;time&quot;: &quot;2022-02-16T09:26:10.287Z&quot;,
                &quot;status&quot;: &quot;PENDING&quot;
            },
            {
                &quot;time&quot;: &quot;2022-02-16T09:26:10.317Z&quot;,
                &quot;status&quot;: &quot;SEND&quot;
            },
            {
                &quot;time&quot;: &quot;2022-02-16T09:26:10.353Z&quot;,
                &quot;status&quot;: &quot;DELIVERED&quot;
            },
            {
                &quot;time&quot;: &quot;2022-02-16T09:27:24.861Z&quot;,
                &quot;status&quot;: &quot;PENDING&quot;
            },
            {
                &quot;time&quot;: &quot;2022-02-16T09:27:24.898Z&quot;,
                &quot;status&quot;: &quot;SEND&quot;
            },
            {
                &quot;time&quot;: &quot;2022-02-16T09:27:24.935Z&quot;,
                &quot;status&quot;: &quot;DELIVERED&quot;
            },
            {
                &quot;time&quot;: &quot;2022-02-16T09:27:25.773Z&quot;,
                &quot;status&quot;: &quot;PENDING&quot;
            },
            {
                &quot;time&quot;: &quot;2022-02-16T09:27:25.812Z&quot;,
                &quot;status&quot;: &quot;SEND&quot;
            },
            {
                &quot;time&quot;: &quot;2022-02-16T09:27:25.849Z&quot;,
                &quot;status&quot;: &quot;DELIVERED&quot;
            },
            {
                &quot;time&quot;: &quot;2022-02-16T09:28:06.037Z&quot;,
                &quot;status&quot;: &quot;PENDING&quot;
            },
            {
                &quot;time&quot;: &quot;2022-02-16T09:28:06.069Z&quot;,
                &quot;status&quot;: &quot;SEND&quot;
            },
            {
                &quot;time&quot;: &quot;2022-02-16T09:28:06.107Z&quot;,
                &quot;status&quot;: &quot;DELIVERED&quot;
            },
            {
                &quot;time&quot;: &quot;2022-02-16T09:28:06.968Z&quot;,
                &quot;status&quot;: &quot;PENDING&quot;
            },
            {
                &quot;time&quot;: &quot;2022-02-16T09:28:07.002Z&quot;,
                &quot;status&quot;: &quot;SEND&quot;
            },
            {
                &quot;time&quot;: &quot;2022-02-16T09:28:07.039Z&quot;,
                &quot;status&quot;: &quot;DELIVERED&quot;
            },
            {
                &quot;time&quot;: &quot;2022-02-16T09:28:58.713Z&quot;,
                &quot;status&quot;: &quot;PENDING&quot;
            },
            {
                &quot;time&quot;: &quot;2022-02-16T09:28:58.744Z&quot;,
                &quot;status&quot;: &quot;SEND&quot;
            },
            {
                &quot;time&quot;: &quot;2022-02-16T09:28:58.782Z&quot;,
                &quot;status&quot;: &quot;DELIVERED&quot;
            },
            {
                &quot;time&quot;: &quot;2022-02-16T09:28:59.589Z&quot;,
                &quot;status&quot;: &quot;PENDING&quot;
            },
            {
                &quot;time&quot;: &quot;2022-02-16T09:28:59.620Z&quot;,
                &quot;status&quot;: &quot;SEND&quot;
            },
            {
                &quot;time&quot;: &quot;2022-02-16T09:28:59.658Z&quot;,
                &quot;status&quot;: &quot;DELIVERED&quot;
            },
            {
                &quot;time&quot;: &quot;2022-02-16T09:29:51.098Z&quot;,
                &quot;status&quot;: &quot;PENDING&quot;
            },
            {
                &quot;time&quot;: &quot;2022-02-16T09:29:51.134Z&quot;,
                &quot;status&quot;: &quot;SEND&quot;
            },
            {
                &quot;time&quot;: &quot;2022-02-16T09:29:51.171Z&quot;,
                &quot;status&quot;: &quot;DELIVERED&quot;
            },
            {
                &quot;time&quot;: &quot;2022-02-16T09:29:52.013Z&quot;,
                &quot;status&quot;: &quot;PENDING&quot;
            },
            {
                &quot;time&quot;: &quot;2022-02-16T09:29:52.047Z&quot;,
                &quot;status&quot;: &quot;SEND&quot;
            },
            {
                &quot;time&quot;: &quot;2022-02-16T09:29:52.089Z&quot;,
                &quot;status&quot;: &quot;DELIVERED&quot;
            },
            {
                &quot;time&quot;: &quot;2022-02-16T09:30:33.494Z&quot;,
                &quot;status&quot;: &quot;PENDING&quot;
            },
            {
                &quot;time&quot;: &quot;2022-02-16T09:30:33.534Z&quot;,
                &quot;status&quot;: &quot;SEND&quot;
            },
            {
                &quot;time&quot;: &quot;2022-02-16T09:30:33.571Z&quot;,
                &quot;status&quot;: &quot;DELIVERED&quot;
            },
            {
                &quot;time&quot;: &quot;2022-02-16T09:30:34.412Z&quot;,
                &quot;status&quot;: &quot;PENDING&quot;
            },
            {
                &quot;time&quot;: &quot;2022-02-16T09:30:34.453Z&quot;,
                &quot;status&quot;: &quot;SEND&quot;
            },
            {
                &quot;time&quot;: &quot;2022-02-16T09:30:34.488Z&quot;,
                &quot;status&quot;: &quot;DELIVERED&quot;
            },
            {
                &quot;time&quot;: &quot;2022-02-16T09:32:49.337Z&quot;,
                &quot;status&quot;: &quot;PENDING&quot;
            },
            {
                &quot;time&quot;: &quot;2022-02-16T09:32:49.371Z&quot;,
                &quot;status&quot;: &quot;SEND&quot;
            },
            {
                &quot;time&quot;: &quot;2022-02-16T09:32:49.408Z&quot;,
                &quot;status&quot;: &quot;DELIVERED&quot;
            },
            {
                &quot;time&quot;: &quot;2022-02-16T09:32:50.347Z&quot;,
                &quot;status&quot;: &quot;PENDING&quot;
            },
            {
                &quot;time&quot;: &quot;2022-02-16T09:32:50.382Z&quot;,
                &quot;status&quot;: &quot;SEND&quot;
            },
            {
                &quot;time&quot;: &quot;2022-02-16T09:32:50.423Z&quot;,
                &quot;status&quot;: &quot;DELIVERED&quot;
            },
            {
                &quot;time&quot;: &quot;2022-02-16T09:35:18.696Z&quot;,
                &quot;status&quot;: &quot;PENDING&quot;
            },
            {
                &quot;time&quot;: &quot;2022-02-16T09:35:18.734Z&quot;,
                &quot;status&quot;: &quot;SEND&quot;
            },
            {
                &quot;time&quot;: &quot;2022-02-16T09:35:18.769Z&quot;,
                &quot;status&quot;: &quot;DELIVERED&quot;
            },
            {
                &quot;time&quot;: &quot;2022-02-16T09:35:41.813Z&quot;,
                &quot;status&quot;: &quot;PENDING&quot;
            },
            {
                &quot;time&quot;: &quot;2022-02-16T09:35:41.852Z&quot;,
                &quot;status&quot;: &quot;SEND&quot;
            },
            {
                &quot;time&quot;: &quot;2022-02-16T09:35:41.891Z&quot;,
                &quot;status&quot;: &quot;DELIVERED&quot;
            },
            {
                &quot;time&quot;: &quot;2022-02-16T09:35:42.766Z&quot;,
                &quot;status&quot;: &quot;PENDING&quot;
            },
            {
                &quot;time&quot;: &quot;2022-02-16T09:35:42.811Z&quot;,
                &quot;status&quot;: &quot;SEND&quot;
            },
            {
                &quot;time&quot;: &quot;2022-02-16T09:35:42.849Z&quot;,
                &quot;status&quot;: &quot;DELIVERED&quot;
            },
            {
                &quot;time&quot;: &quot;2022-02-16T09:36:06.394Z&quot;,
                &quot;status&quot;: &quot;PENDING&quot;
            },
            {
                &quot;time&quot;: &quot;2022-02-16T09:36:06.432Z&quot;,
                &quot;status&quot;: &quot;SEND&quot;
            },
            {
                &quot;time&quot;: &quot;2022-02-16T09:36:06.488Z&quot;,
                &quot;status&quot;: &quot;DELIVERED&quot;
            },
            {
                &quot;time&quot;: &quot;2022-02-16T09:36:07.318Z&quot;,
                &quot;status&quot;: &quot;PENDING&quot;
            },
            {
                &quot;time&quot;: &quot;2022-02-16T09:36:07.358Z&quot;,
                &quot;status&quot;: &quot;SEND&quot;
            },
            {
                &quot;time&quot;: &quot;2022-02-16T09:36:07.393Z&quot;,
                &quot;status&quot;: &quot;DELIVERED&quot;
            },
            {
                &quot;time&quot;: &quot;2022-02-16T09:36:30.178Z&quot;,
                &quot;status&quot;: &quot;PENDING&quot;
            },
            {
                &quot;time&quot;: &quot;2022-02-16T09:36:30.210Z&quot;,
                &quot;status&quot;: &quot;SEND&quot;
            },
            {
                &quot;time&quot;: &quot;2022-02-16T09:36:30.248Z&quot;,
                &quot;status&quot;: &quot;DELIVERED&quot;
            },
            {
                &quot;time&quot;: &quot;2022-02-16T09:36:31.123Z&quot;,
                &quot;status&quot;: &quot;PENDING&quot;
            },
            {
                &quot;time&quot;: &quot;2022-02-16T09:36:31.156Z&quot;,
                &quot;status&quot;: &quot;SEND&quot;
            },
            {
                &quot;time&quot;: &quot;2022-02-16T09:36:31.207Z&quot;,
                &quot;status&quot;: &quot;DELIVERED&quot;
            },
            {
                &quot;time&quot;: &quot;2022-02-16T09:37:08.443Z&quot;,
                &quot;status&quot;: &quot;PENDING&quot;
            },
            {
                &quot;time&quot;: &quot;2022-02-16T09:37:08.481Z&quot;,
                &quot;status&quot;: &quot;SEND&quot;
            },
            {
                &quot;time&quot;: &quot;2022-02-16T09:37:08.522Z&quot;,
                &quot;status&quot;: &quot;DELIVERED&quot;
            },
            {
                &quot;time&quot;: &quot;2022-02-16T09:37:09.439Z&quot;,
                &quot;status&quot;: &quot;PENDING&quot;
            },
            {
                &quot;time&quot;: &quot;2022-02-16T09:37:09.478Z&quot;,
                &quot;status&quot;: &quot;SEND&quot;
            },
            {
                &quot;time&quot;: &quot;2022-02-16T09:37:09.516Z&quot;,
                &quot;status&quot;: &quot;DELIVERED&quot;
            },
            {
                &quot;time&quot;: &quot;2022-02-16T09:37:13.026Z&quot;,
                &quot;status&quot;: &quot;PENDING&quot;
            },
            {
                &quot;time&quot;: &quot;2022-02-16T09:37:13.068Z&quot;,
                &quot;status&quot;: &quot;SEND&quot;
            },
            {
                &quot;time&quot;: &quot;2022-02-16T09:37:13.106Z&quot;,
                &quot;status&quot;: &quot;DELIVERED&quot;
            },
            {
                &quot;time&quot;: &quot;2022-02-16T09:37:37.817Z&quot;,
                &quot;status&quot;: &quot;PENDING&quot;
            },
            {
                &quot;time&quot;: &quot;2022-02-16T09:37:37.857Z&quot;,
                &quot;status&quot;: &quot;SEND&quot;
            },
            {
                &quot;time&quot;: &quot;2022-02-16T09:37:37.893Z&quot;,
                &quot;status&quot;: &quot;DELIVERED&quot;
            },
            {
                &quot;time&quot;: &quot;2022-02-16T09:37:38.638Z&quot;,
                &quot;status&quot;: &quot;PENDING&quot;
            },
            {
                &quot;time&quot;: &quot;2022-02-16T09:37:38.675Z&quot;,
                &quot;status&quot;: &quot;SEND&quot;
            },
            {
                &quot;time&quot;: &quot;2022-02-16T09:37:38.712Z&quot;,
                &quot;status&quot;: &quot;DELIVERED&quot;
            },
            {
                &quot;time&quot;: &quot;2022-02-16T09:38:03.926Z&quot;,
                &quot;status&quot;: &quot;PENDING&quot;
            },
            {
                &quot;time&quot;: &quot;2022-02-16T09:38:03.965Z&quot;,
                &quot;status&quot;: &quot;SEND&quot;
            },
            {
                &quot;time&quot;: &quot;2022-02-16T09:38:04.001Z&quot;,
                &quot;status&quot;: &quot;DELIVERED&quot;
            },
            {
                &quot;time&quot;: &quot;2022-02-16T09:38:04.819Z&quot;,
                &quot;status&quot;: &quot;PENDING&quot;
            },
            {
                &quot;time&quot;: &quot;2022-02-16T09:38:04.864Z&quot;,
                &quot;status&quot;: &quot;SEND&quot;
            },
            {
                &quot;time&quot;: &quot;2022-02-16T09:38:04.911Z&quot;,
                &quot;status&quot;: &quot;DELIVERED&quot;
            },
            {
                &quot;time&quot;: &quot;2022-02-16T09:53:50.860Z&quot;,
                &quot;status&quot;: &quot;PENDING&quot;
            },
            {
                &quot;time&quot;: &quot;2022-02-16T09:53:50.900Z&quot;,
                &quot;status&quot;: &quot;SEND&quot;
            },
            {
                &quot;time&quot;: &quot;2022-02-16T09:53:50.939Z&quot;,
                &quot;status&quot;: &quot;DELIVERED&quot;
            },
            {
                &quot;time&quot;: &quot;2022-02-16T09:53:51.831Z&quot;,
                &quot;status&quot;: &quot;PENDING&quot;
            },
            {
                &quot;time&quot;: &quot;2022-02-16T09:53:51.869Z&quot;,
                &quot;status&quot;: &quot;SEND&quot;
            },
            {
                &quot;time&quot;: &quot;2022-02-16T09:53:51.917Z&quot;,
                &quot;status&quot;: &quot;DELIVERED&quot;
            },
            {
                &quot;time&quot;: &quot;2022-02-16T09:56:32.333Z&quot;,
                &quot;status&quot;: &quot;PENDING&quot;
            },
            {
                &quot;time&quot;: &quot;2022-02-16T09:56:32.376Z&quot;,
                &quot;status&quot;: &quot;SEND&quot;
            },
            {
                &quot;time&quot;: &quot;2022-02-16T09:56:32.413Z&quot;,
                &quot;status&quot;: &quot;DELIVERED&quot;
            },
            {
                &quot;time&quot;: &quot;2022-02-16T09:56:33.226Z&quot;,
                &quot;status&quot;: &quot;PENDING&quot;
            },
            {
                &quot;time&quot;: &quot;2022-02-16T09:56:33.279Z&quot;,
                &quot;status&quot;: &quot;SEND&quot;
            },
            {
                &quot;time&quot;: &quot;2022-02-16T09:56:33.321Z&quot;,
                &quot;status&quot;: &quot;DELIVERED&quot;
            },
            {
                &quot;time&quot;: &quot;2022-02-16T09:59:11.843Z&quot;,
                &quot;status&quot;: &quot;PENDING&quot;
            },
            {
                &quot;time&quot;: &quot;2022-02-16T09:59:11.885Z&quot;,
                &quot;status&quot;: &quot;SEND&quot;
            },
            {
                &quot;time&quot;: &quot;2022-02-16T09:59:11.929Z&quot;,
                &quot;status&quot;: &quot;DELIVERED&quot;
            },
            {
                &quot;time&quot;: &quot;2022-02-16T09:59:12.799Z&quot;,
                &quot;status&quot;: &quot;PENDING&quot;
            },
            {
                &quot;time&quot;: &quot;2022-02-16T09:59:12.857Z&quot;,
                &quot;status&quot;: &quot;SEND&quot;
            },
            {
                &quot;time&quot;: &quot;2022-02-16T09:59:12.913Z&quot;,
                &quot;status&quot;: &quot;DELIVERED&quot;
            },
            {
                &quot;time&quot;: &quot;2022-02-16T10:01:50.751Z&quot;,
                &quot;status&quot;: &quot;PENDING&quot;
            },
            {
                &quot;time&quot;: &quot;2022-02-16T10:01:50.791Z&quot;,
                &quot;status&quot;: &quot;SEND&quot;
            },
            {
                &quot;time&quot;: &quot;2022-02-16T10:01:50.828Z&quot;,
                &quot;status&quot;: &quot;DELIVERED&quot;
            },
            {
                &quot;time&quot;: &quot;2022-02-16T10:01:51.673Z&quot;,
                &quot;status&quot;: &quot;PENDING&quot;
            },
            {
                &quot;time&quot;: &quot;2022-02-16T10:01:51.713Z&quot;,
                &quot;status&quot;: &quot;SEND&quot;
            },
            {
                &quot;time&quot;: &quot;2022-02-16T10:01:51.755Z&quot;,
                &quot;status&quot;: &quot;DELIVERED&quot;
            },
            {
                &quot;time&quot;: &quot;2022-02-16T10:04:30.106Z&quot;,
                &quot;status&quot;: &quot;PENDING&quot;
            },
            {
                &quot;time&quot;: &quot;2022-02-16T10:04:30.153Z&quot;,
                &quot;status&quot;: &quot;SEND&quot;
            },
            {
                &quot;time&quot;: &quot;2022-02-16T10:04:30.200Z&quot;,
                &quot;status&quot;: &quot;DELIVERED&quot;
            },
            {
                &quot;time&quot;: &quot;2022-02-16T10:04:31.076Z&quot;,
                &quot;status&quot;: &quot;PENDING&quot;
            },
            {
                &quot;time&quot;: &quot;2022-02-16T10:04:31.122Z&quot;,
                &quot;status&quot;: &quot;SEND&quot;
            },
            {
                &quot;time&quot;: &quot;2022-02-16T10:04:31.164Z&quot;,
                &quot;status&quot;: &quot;DELIVERED&quot;
            },
            {
                &quot;time&quot;: &quot;2022-02-16T10:07:10.462Z&quot;,
                &quot;status&quot;: &quot;PENDING&quot;
            },
            {
                &quot;time&quot;: &quot;2022-02-16T10:07:10.499Z&quot;,
                &quot;status&quot;: &quot;SEND&quot;
            },
            {
                &quot;time&quot;: &quot;2022-02-16T10:07:10.537Z&quot;,
                &quot;status&quot;: &quot;DELIVERED&quot;
            },
            {
                &quot;time&quot;: &quot;2022-02-16T10:07:11.343Z&quot;,
                &quot;status&quot;: &quot;PENDING&quot;
            },
            {
                &quot;time&quot;: &quot;2022-02-16T10:07:11.380Z&quot;,
                &quot;status&quot;: &quot;SEND&quot;
            },
            {
                &quot;time&quot;: &quot;2022-02-16T10:07:11.418Z&quot;,
                &quot;status&quot;: &quot;DELIVERED&quot;
            },
            {
                &quot;time&quot;: &quot;2022-02-16T10:09:49.720Z&quot;,
                &quot;status&quot;: &quot;PENDING&quot;
            },
            {
                &quot;time&quot;: &quot;2022-02-16T10:09:49.762Z&quot;,
                &quot;status&quot;: &quot;SEND&quot;
            },
            {
                &quot;time&quot;: &quot;2022-02-16T10:09:49.803Z&quot;,
                &quot;status&quot;: &quot;DELIVERED&quot;
            },
            {
                &quot;time&quot;: &quot;2022-02-16T10:09:50.610Z&quot;,
                &quot;status&quot;: &quot;PENDING&quot;
            },
            {
                &quot;time&quot;: &quot;2022-02-16T10:09:50.651Z&quot;,
                &quot;status&quot;: &quot;SEND&quot;
            },
            {
                &quot;time&quot;: &quot;2022-02-16T10:09:50.691Z&quot;,
                &quot;status&quot;: &quot;DELIVERED&quot;
            },
            {
                &quot;time&quot;: &quot;2022-02-16T10:12:29.403Z&quot;,
                &quot;status&quot;: &quot;PENDING&quot;
            },
            {
                &quot;time&quot;: &quot;2022-02-16T10:12:29.449Z&quot;,
                &quot;status&quot;: &quot;SEND&quot;
            },
            {
                &quot;time&quot;: &quot;2022-02-16T10:12:29.494Z&quot;,
                &quot;status&quot;: &quot;DELIVERED&quot;
            },
            {
                &quot;time&quot;: &quot;2022-02-16T10:12:30.338Z&quot;,
                &quot;status&quot;: &quot;PENDING&quot;
            },
            {
                &quot;time&quot;: &quot;2022-02-16T10:12:30.379Z&quot;,
                &quot;status&quot;: &quot;SEND&quot;
            },
            {
                &quot;time&quot;: &quot;2022-02-16T10:12:30.423Z&quot;,
                &quot;status&quot;: &quot;DELIVERED&quot;
            },
            {
                &quot;time&quot;: &quot;2022-02-16T10:15:08.464Z&quot;,
                &quot;status&quot;: &quot;PENDING&quot;
            },
            {
                &quot;time&quot;: &quot;2022-02-16T10:15:08.507Z&quot;,
                &quot;status&quot;: &quot;SEND&quot;
            },
            {
                &quot;time&quot;: &quot;2022-02-16T10:15:08.549Z&quot;,
                &quot;status&quot;: &quot;DELIVERED&quot;
            },
            {
                &quot;time&quot;: &quot;2022-02-16T10:15:09.384Z&quot;,
                &quot;status&quot;: &quot;PENDING&quot;
            },
            {
                &quot;time&quot;: &quot;2022-02-16T10:15:09.428Z&quot;,
                &quot;status&quot;: &quot;SEND&quot;
            }
        ],
        &quot;status&quot;: &quot;DELIVERED&quot;
    },
    &quot;creationTime&quot;: &quot;2022-02-16T09:22:46.140Z&quot;,
    &quot;deviceId&quot;: &quot;14273295&quot;,
    &quot;deviceName&quot;: &quot;offsitec&quot;,
    &quot;self&quot;: &quot;https://t493319102.eu-latest.cumulocity.com/devicecontrol/operations/14275540&quot;,
    &quot;id&quot;: &quot;14275540&quot;,
    &quot;status&quot;: &quot;PENDING&quot;,
    &quot;c8y_LogfileRequest&quot;: {
        &quot;searchText&quot;: &quot;&quot;,
        &quot;logFile&quot;: &quot;software-management&quot;,
        &quot;dateTo&quot;: &quot;2021-11-21T18:55:49+0530&quot;,
        &quot;dateFrom&quot;: &quot;2021-11-15T18:55:49+0530&quot;,
        &quot;maximumLines&quot;: 300
    },
    &quot;description&quot;: &quot;Log file request&quot;
}
10:16:05 DEBUG Final URL of the request: https://thin-edge-io.eu-latest.cumulocity.com/devicecontrol/operations?deviceId=14273295&amp;pageSize=1&amp;revert=true&amp;dateFrom=1970-01-01T00%3A00%3A00.000Z
10:16:05 INFO  State of current operation: PENDING
10:16:05 DEBUG Final URL of the request: https://thin-edge-io.eu-latest.cumulocity.com/devicecontrol/operations?deviceId=14273295&amp;pageSize=1&amp;revert=true&amp;dateFrom=1970-01-01T00%3A00%3A00.000Z
10:16:05 DEBUG State of current operation: {
    &quot;delivery&quot;: {
        &quot;time&quot;: &quot;2022-02-16T10:15:09.472Z&quot;,
        &quot;log&quot;: [
            {
                &quot;time&quot;: &quot;2022-02-16T09:22:46.166Z&quot;,
                &quot;status&quot;: &quot;PENDING&quot;
            },
            {
                &quot;time&quot;: &quot;2022-02-16T09:22:46.185Z&quot;,
                &quot;status&quot;: &quot;SEND&quot;
            },
            {
                &quot;time&quot;: &quot;2022-02-16T09:22:46.219Z&quot;,
                &quot;status&quot;: &quot;DELIVERED&quot;
            },
            {
                &quot;time&quot;: &quot;2022-02-16T09:23:55.047Z&quot;,
                &quot;status&quot;: &quot;PENDING&quot;
            },
            {
                &quot;time&quot;: &quot;2022-02-16T09:23:55.077Z&quot;,
                &quot;status&quot;: &quot;SEND&quot;
            },
            {
                &quot;time&quot;: &quot;2022-02-16T09:23:55.114Z&quot;,
                &quot;status&quot;: &quot;DELIVERED&quot;
            },
            {
                &quot;time&quot;: &quot;2022-02-16T09:23:55.901Z&quot;,
                &quot;status&quot;: &quot;PENDING&quot;
            },
            {
                &quot;time&quot;: &quot;2022-02-16T09:23:55.930Z&quot;,
                &quot;status&quot;: &quot;SEND&quot;
            },
            {
                &quot;time&quot;: &quot;2022-02-16T09:23:55.967Z&quot;,
                &quot;status&quot;: &quot;DELIVERED&quot;
            },
            {
                &quot;time&quot;: &quot;2022-02-16T09:24:55.073Z&quot;,
                &quot;status&quot;: &quot;PENDING&quot;
            },
            {
                &quot;time&quot;: &quot;2022-02-16T09:24:55.106Z&quot;,
                &quot;status&quot;: &quot;SEND&quot;
            },
            {
                &quot;time&quot;: &quot;2022-02-16T09:24:55.144Z&quot;,
                &quot;status&quot;: &quot;DELIVERED&quot;
            },
            {
                &quot;time&quot;: &quot;2022-02-16T09:24:55.971Z&quot;,
                &quot;status&quot;: &quot;PENDING&quot;
            },
            {
                &quot;time&quot;: &quot;2022-02-16T09:24:56.008Z&quot;,
                &quot;status&quot;: &quot;SEND&quot;
            },
            {
                &quot;time&quot;: &quot;2022-02-16T09:24:56.044Z&quot;,
                &quot;status&quot;: &quot;DELIVERED&quot;
            },
            {
                &quot;time&quot;: &quot;2022-02-16T09:26:09.362Z&quot;,
                &quot;status&quot;: &quot;PENDING&quot;
            },
            {
                &quot;time&quot;: &quot;2022-02-16T09:26:09.392Z&quot;,
                &quot;status&quot;: &quot;SEND&quot;
            },
            {
                &quot;time&quot;: &quot;2022-02-16T09:26:09.428Z&quot;,
                &quot;status&quot;: &quot;DELIVERED&quot;
            },
            {
                &quot;time&quot;: &quot;2022-02-16T09:26:10.287Z&quot;,
                &quot;status&quot;: &quot;PENDING&quot;
            },
            {
                &quot;time&quot;: &quot;2022-02-16T09:26:10.317Z&quot;,
                &quot;status&quot;: &quot;SEND&quot;
            },
            {
                &quot;time&quot;: &quot;2022-02-16T09:26:10.353Z&quot;,
                &quot;status&quot;: &quot;DELIVERED&quot;
            },
            {
                &quot;time&quot;: &quot;2022-02-16T09:27:24.861Z&quot;,
                &quot;status&quot;: &quot;PENDING&quot;
            },
            {
                &quot;time&quot;: &quot;2022-02-16T09:27:24.898Z&quot;,
                &quot;status&quot;: &quot;SEND&quot;
            },
            {
                &quot;time&quot;: &quot;2022-02-16T09:27:24.935Z&quot;,
                &quot;status&quot;: &quot;DELIVERED&quot;
            },
            {
                &quot;time&quot;: &quot;2022-02-16T09:27:25.773Z&quot;,
                &quot;status&quot;: &quot;PENDING&quot;
            },
            {
                &quot;time&quot;: &quot;2022-02-16T09:27:25.812Z&quot;,
                &quot;status&quot;: &quot;SEND&quot;
            },
            {
                &quot;time&quot;: &quot;2022-02-16T09:27:25.849Z&quot;,
                &quot;status&quot;: &quot;DELIVERED&quot;
            },
            {
                &quot;time&quot;: &quot;2022-02-16T09:28:06.037Z&quot;,
                &quot;status&quot;: &quot;PENDING&quot;
            },
            {
                &quot;time&quot;: &quot;2022-02-16T09:28:06.069Z&quot;,
                &quot;status&quot;: &quot;SEND&quot;
            },
            {
                &quot;time&quot;: &quot;2022-02-16T09:28:06.107Z&quot;,
                &quot;status&quot;: &quot;DELIVERED&quot;
            },
            {
                &quot;time&quot;: &quot;2022-02-16T09:28:06.968Z&quot;,
                &quot;status&quot;: &quot;PENDING&quot;
            },
            {
                &quot;time&quot;: &quot;2022-02-16T09:28:07.002Z&quot;,
                &quot;status&quot;: &quot;SEND&quot;
            },
            {
                &quot;time&quot;: &quot;2022-02-16T09:28:07.039Z&quot;,
                &quot;status&quot;: &quot;DELIVERED&quot;
            },
            {
                &quot;time&quot;: &quot;2022-02-16T09:28:58.713Z&quot;,
                &quot;status&quot;: &quot;PENDING&quot;
            },
            {
                &quot;time&quot;: &quot;2022-02-16T09:28:58.744Z&quot;,
                &quot;status&quot;: &quot;SEND&quot;
            },
            {
                &quot;time&quot;: &quot;2022-02-16T09:28:58.782Z&quot;,
                &quot;status&quot;: &quot;DELIVERED&quot;
            },
            {
                &quot;time&quot;: &quot;2022-02-16T09:28:59.589Z&quot;,
                &quot;status&quot;: &quot;PENDING&quot;
            },
            {
                &quot;time&quot;: &quot;2022-02-16T09:28:59.620Z&quot;,
                &quot;status&quot;: &quot;SEND&quot;
            },
            {
                &quot;time&quot;: &quot;2022-02-16T09:28:59.658Z&quot;,
                &quot;status&quot;: &quot;DELIVERED&quot;
            },
            {
                &quot;time&quot;: &quot;2022-02-16T09:29:51.098Z&quot;,
                &quot;status&quot;: &quot;PENDING&quot;
            },
            {
                &quot;time&quot;: &quot;2022-02-16T09:29:51.134Z&quot;,
                &quot;status&quot;: &quot;SEND&quot;
            },
            {
                &quot;time&quot;: &quot;2022-02-16T09:29:51.171Z&quot;,
                &quot;status&quot;: &quot;DELIVERED&quot;
            },
            {
                &quot;time&quot;: &quot;2022-02-16T09:29:52.013Z&quot;,
                &quot;status&quot;: &quot;PENDING&quot;
            },
            {
                &quot;time&quot;: &quot;2022-02-16T09:29:52.047Z&quot;,
                &quot;status&quot;: &quot;SEND&quot;
            },
            {
                &quot;time&quot;: &quot;2022-02-16T09:29:52.089Z&quot;,
                &quot;status&quot;: &quot;DELIVERED&quot;
            },
            {
                &quot;time&quot;: &quot;2022-02-16T09:30:33.494Z&quot;,
                &quot;status&quot;: &quot;PENDING&quot;
            },
            {
                &quot;time&quot;: &quot;2022-02-16T09:30:33.534Z&quot;,
                &quot;status&quot;: &quot;SEND&quot;
            },
            {
                &quot;time&quot;: &quot;2022-02-16T09:30:33.571Z&quot;,
                &quot;status&quot;: &quot;DELIVERED&quot;
            },
            {
                &quot;time&quot;: &quot;2022-02-16T09:30:34.412Z&quot;,
                &quot;status&quot;: &quot;PENDING&quot;
            },
            {
                &quot;time&quot;: &quot;2022-02-16T09:30:34.453Z&quot;,
                &quot;status&quot;: &quot;SEND&quot;
            },
            {
                &quot;time&quot;: &quot;2022-02-16T09:30:34.488Z&quot;,
                &quot;status&quot;: &quot;DELIVERED&quot;
            },
            {
                &quot;time&quot;: &quot;2022-02-16T09:32:49.337Z&quot;,
                &quot;status&quot;: &quot;PENDING&quot;
            },
            {
                &quot;time&quot;: &quot;2022-02-16T09:32:49.371Z&quot;,
                &quot;status&quot;: &quot;SEND&quot;
            },
            {
                &quot;time&quot;: &quot;2022-02-16T09:32:49.408Z&quot;,
                &quot;status&quot;: &quot;DELIVERED&quot;
            },
            {
                &quot;time&quot;: &quot;2022-02-16T09:32:50.347Z&quot;,
                &quot;status&quot;: &quot;PENDING&quot;
            },
            {
                &quot;time&quot;: &quot;2022-02-16T09:32:50.382Z&quot;,
                &quot;status&quot;: &quot;SEND&quot;
            },
            {
                &quot;time&quot;: &quot;2022-02-16T09:32:50.423Z&quot;,
                &quot;status&quot;: &quot;DELIVERED&quot;
            },
            {
                &quot;time&quot;: &quot;2022-02-16T09:35:18.696Z&quot;,
                &quot;status&quot;: &quot;PENDING&quot;
            },
            {
                &quot;time&quot;: &quot;2022-02-16T09:35:18.734Z&quot;,
                &quot;status&quot;: &quot;SEND&quot;
            },
            {
                &quot;time&quot;: &quot;2022-02-16T09:35:18.769Z&quot;,
                &quot;status&quot;: &quot;DELIVERED&quot;
            },
            {
                &quot;time&quot;: &quot;2022-02-16T09:35:41.813Z&quot;,
                &quot;status&quot;: &quot;PENDING&quot;
            },
            {
                &quot;time&quot;: &quot;2022-02-16T09:35:41.852Z&quot;,
                &quot;status&quot;: &quot;SEND&quot;
            },
            {
                &quot;time&quot;: &quot;2022-02-16T09:35:41.891Z&quot;,
                &quot;status&quot;: &quot;DELIVERED&quot;
            },
            {
                &quot;time&quot;: &quot;2022-02-16T09:35:42.766Z&quot;,
                &quot;status&quot;: &quot;PENDING&quot;
            },
            {
                &quot;time&quot;: &quot;2022-02-16T09:35:42.811Z&quot;,
                &quot;status&quot;: &quot;SEND&quot;
            },
            {
                &quot;time&quot;: &quot;2022-02-16T09:35:42.849Z&quot;,
                &quot;status&quot;: &quot;DELIVERED&quot;
            },
            {
                &quot;time&quot;: &quot;2022-02-16T09:36:06.394Z&quot;,
                &quot;status&quot;: &quot;PENDING&quot;
            },
            {
                &quot;time&quot;: &quot;2022-02-16T09:36:06.432Z&quot;,
                &quot;status&quot;: &quot;SEND&quot;
            },
            {
                &quot;time&quot;: &quot;2022-02-16T09:36:06.488Z&quot;,
                &quot;status&quot;: &quot;DELIVERED&quot;
            },
            {
                &quot;time&quot;: &quot;2022-02-16T09:36:07.318Z&quot;,
                &quot;status&quot;: &quot;PENDING&quot;
            },
            {
                &quot;time&quot;: &quot;2022-02-16T09:36:07.358Z&quot;,
                &quot;status&quot;: &quot;SEND&quot;
            },
            {
                &quot;time&quot;: &quot;2022-02-16T09:36:07.393Z&quot;,
                &quot;status&quot;: &quot;DELIVERED&quot;
            },
            {
                &quot;time&quot;: &quot;2022-02-16T09:36:30.178Z&quot;,
                &quot;status&quot;: &quot;PENDING&quot;
            },
            {
                &quot;time&quot;: &quot;2022-02-16T09:36:30.210Z&quot;,
                &quot;status&quot;: &quot;SEND&quot;
            },
            {
                &quot;time&quot;: &quot;2022-02-16T09:36:30.248Z&quot;,
                &quot;status&quot;: &quot;DELIVERED&quot;
            },
            {
                &quot;time&quot;: &quot;2022-02-16T09:36:31.123Z&quot;,
                &quot;status&quot;: &quot;PENDING&quot;
            },
            {
                &quot;time&quot;: &quot;2022-02-16T09:36:31.156Z&quot;,
                &quot;status&quot;: &quot;SEND&quot;
            },
            {
                &quot;time&quot;: &quot;2022-02-16T09:36:31.207Z&quot;,
                &quot;status&quot;: &quot;DELIVERED&quot;
            },
            {
                &quot;time&quot;: &quot;2022-02-16T09:37:08.443Z&quot;,
                &quot;status&quot;: &quot;PENDING&quot;
            },
            {
                &quot;time&quot;: &quot;2022-02-16T09:37:08.481Z&quot;,
                &quot;status&quot;: &quot;SEND&quot;
            },
            {
                &quot;time&quot;: &quot;2022-02-16T09:37:08.522Z&quot;,
                &quot;status&quot;: &quot;DELIVERED&quot;
            },
            {
                &quot;time&quot;: &quot;2022-02-16T09:37:09.439Z&quot;,
                &quot;status&quot;: &quot;PENDING&quot;
            },
            {
                &quot;time&quot;: &quot;2022-02-16T09:37:09.478Z&quot;,
                &quot;status&quot;: &quot;SEND&quot;
            },
            {
                &quot;time&quot;: &quot;2022-02-16T09:37:09.516Z&quot;,
                &quot;status&quot;: &quot;DELIVERED&quot;
            },
            {
                &quot;time&quot;: &quot;2022-02-16T09:37:13.026Z&quot;,
                &quot;status&quot;: &quot;PENDING&quot;
            },
            {
                &quot;time&quot;: &quot;2022-02-16T09:37:13.068Z&quot;,
                &quot;status&quot;: &quot;SEND&quot;
            },
            {
                &quot;time&quot;: &quot;2022-02-16T09:37:13.106Z&quot;,
                &quot;status&quot;: &quot;DELIVERED&quot;
            },
            {
                &quot;time&quot;: &quot;2022-02-16T09:37:37.817Z&quot;,
                &quot;status&quot;: &quot;PENDING&quot;
            },
            {
                &quot;time&quot;: &quot;2022-02-16T09:37:37.857Z&quot;,
                &quot;status&quot;: &quot;SEND&quot;
            },
            {
                &quot;time&quot;: &quot;2022-02-16T09:37:37.893Z&quot;,
                &quot;status&quot;: &quot;DELIVERED&quot;
            },
            {
                &quot;time&quot;: &quot;2022-02-16T09:37:38.638Z&quot;,
                &quot;status&quot;: &quot;PENDING&quot;
            },
            {
                &quot;time&quot;: &quot;2022-02-16T09:37:38.675Z&quot;,
                &quot;status&quot;: &quot;SEND&quot;
            },
            {
                &quot;time&quot;: &quot;2022-02-16T09:37:38.712Z&quot;,
                &quot;status&quot;: &quot;DELIVERED&quot;
            },
            {
                &quot;time&quot;: &quot;2022-02-16T09:38:03.926Z&quot;,
                &quot;status&quot;: &quot;PENDING&quot;
            },
            {
                &quot;time&quot;: &quot;2022-02-16T09:38:03.965Z&quot;,
                &quot;status&quot;: &quot;SEND&quot;
            },
            {
                &quot;time&quot;: &quot;2022-02-16T09:38:04.001Z&quot;,
                &quot;status&quot;: &quot;DELIVERED&quot;
            },
            {
                &quot;time&quot;: &quot;2022-02-16T09:38:04.819Z&quot;,
                &quot;status&quot;: &quot;PENDING&quot;
            },
            {
                &quot;time&quot;: &quot;2022-02-16T09:38:04.864Z&quot;,
                &quot;status&quot;: &quot;SEND&quot;
            },
            {
                &quot;time&quot;: &quot;2022-02-16T09:38:04.911Z&quot;,
                &quot;status&quot;: &quot;DELIVERED&quot;
            },
            {
                &quot;time&quot;: &quot;2022-02-16T09:53:50.860Z&quot;,
                &quot;status&quot;: &quot;PENDING&quot;
            },
            {
                &quot;time&quot;: &quot;2022-02-16T09:53:50.900Z&quot;,
                &quot;status&quot;: &quot;SEND&quot;
            },
            {
                &quot;time&quot;: &quot;2022-02-16T09:53:50.939Z&quot;,
                &quot;status&quot;: &quot;DELIVERED&quot;
            },
            {
                &quot;time&quot;: &quot;2022-02-16T09:53:51.831Z&quot;,
                &quot;status&quot;: &quot;PENDING&quot;
            },
            {
                &quot;time&quot;: &quot;2022-02-16T09:53:51.869Z&quot;,
                &quot;status&quot;: &quot;SEND&quot;
            },
            {
                &quot;time&quot;: &quot;2022-02-16T09:53:51.917Z&quot;,
                &quot;status&quot;: &quot;DELIVERED&quot;
            },
            {
                &quot;time&quot;: &quot;2022-02-16T09:56:32.333Z&quot;,
                &quot;status&quot;: &quot;PENDING&quot;
            },
            {
                &quot;time&quot;: &quot;2022-02-16T09:56:32.376Z&quot;,
                &quot;status&quot;: &quot;SEND&quot;
            },
            {
                &quot;time&quot;: &quot;2022-02-16T09:56:32.413Z&quot;,
                &quot;status&quot;: &quot;DELIVERED&quot;
            },
            {
                &quot;time&quot;: &quot;2022-02-16T09:56:33.226Z&quot;,
                &quot;status&quot;: &quot;PENDING&quot;
            },
            {
                &quot;time&quot;: &quot;2022-02-16T09:56:33.279Z&quot;,
                &quot;status&quot;: &quot;SEND&quot;
            },
            {
                &quot;time&quot;: &quot;2022-02-16T09:56:33.321Z&quot;,
                &quot;status&quot;: &quot;DELIVERED&quot;
            },
            {
                &quot;time&quot;: &quot;2022-02-16T09:59:11.843Z&quot;,
                &quot;status&quot;: &quot;PENDING&quot;
            },
            {
                &quot;time&quot;: &quot;2022-02-16T09:59:11.885Z&quot;,
                &quot;status&quot;: &quot;SEND&quot;
            },
            {
                &quot;time&quot;: &quot;2022-02-16T09:59:11.929Z&quot;,
                &quot;status&quot;: &quot;DELIVERED&quot;
            },
            {
                &quot;time&quot;: &quot;2022-02-16T09:59:12.799Z&quot;,
                &quot;status&quot;: &quot;PENDING&quot;
            },
            {
                &quot;time&quot;: &quot;2022-02-16T09:59:12.857Z&quot;,
                &quot;status&quot;: &quot;SEND&quot;
            },
            {
                &quot;time&quot;: &quot;2022-02-16T09:59:12.913Z&quot;,
                &quot;status&quot;: &quot;DELIVERED&quot;
            },
            {
                &quot;time&quot;: &quot;2022-02-16T10:01:50.751Z&quot;,
                &quot;status&quot;: &quot;PENDING&quot;
            },
            {
                &quot;time&quot;: &quot;2022-02-16T10:01:50.791Z&quot;,
                &quot;status&quot;: &quot;SEND&quot;
            },
            {
                &quot;time&quot;: &quot;2022-02-16T10:01:50.828Z&quot;,
                &quot;status&quot;: &quot;DELIVERED&quot;
            },
            {
                &quot;time&quot;: &quot;2022-02-16T10:01:51.673Z&quot;,
                &quot;status&quot;: &quot;PENDING&quot;
            },
            {
                &quot;time&quot;: &quot;2022-02-16T10:01:51.713Z&quot;,
                &quot;status&quot;: &quot;SEND&quot;
            },
            {
                &quot;time&quot;: &quot;2022-02-16T10:01:51.755Z&quot;,
                &quot;status&quot;: &quot;DELIVERED&quot;
            },
            {
                &quot;time&quot;: &quot;2022-02-16T10:04:30.106Z&quot;,
                &quot;status&quot;: &quot;PENDING&quot;
            },
            {
                &quot;time&quot;: &quot;2022-02-16T10:04:30.153Z&quot;,
                &quot;status&quot;: &quot;SEND&quot;
            },
            {
                &quot;time&quot;: &quot;2022-02-16T10:04:30.200Z&quot;,
                &quot;status&quot;: &quot;DELIVERED&quot;
            },
            {
                &quot;time&quot;: &quot;2022-02-16T10:04:31.076Z&quot;,
                &quot;status&quot;: &quot;PENDING&quot;
            },
            {
                &quot;time&quot;: &quot;2022-02-16T10:04:31.122Z&quot;,
                &quot;status&quot;: &quot;SEND&quot;
            },
            {
                &quot;time&quot;: &quot;2022-02-16T10:04:31.164Z&quot;,
                &quot;status&quot;: &quot;DELIVERED&quot;
            },
            {
                &quot;time&quot;: &quot;2022-02-16T10:07:10.462Z&quot;,
                &quot;status&quot;: &quot;PENDING&quot;
            },
            {
                &quot;time&quot;: &quot;2022-02-16T10:07:10.499Z&quot;,
                &quot;status&quot;: &quot;SEND&quot;
            },
            {
                &quot;time&quot;: &quot;2022-02-16T10:07:10.537Z&quot;,
                &quot;status&quot;: &quot;DELIVERED&quot;
            },
            {
                &quot;time&quot;: &quot;2022-02-16T10:07:11.343Z&quot;,
                &quot;status&quot;: &quot;PENDING&quot;
            },
            {
                &quot;time&quot;: &quot;2022-02-16T10:07:11.380Z&quot;,
                &quot;status&quot;: &quot;SEND&quot;
            },
            {
                &quot;time&quot;: &quot;2022-02-16T10:07:11.418Z&quot;,
                &quot;status&quot;: &quot;DELIVERED&quot;
            },
            {
                &quot;time&quot;: &quot;2022-02-16T10:09:49.720Z&quot;,
                &quot;status&quot;: &quot;PENDING&quot;
            },
            {
                &quot;time&quot;: &quot;2022-02-16T10:09:49.762Z&quot;,
                &quot;status&quot;: &quot;SEND&quot;
            },
            {
                &quot;time&quot;: &quot;2022-02-16T10:09:49.803Z&quot;,
                &quot;status&quot;: &quot;DELIVERED&quot;
            },
            {
                &quot;time&quot;: &quot;2022-02-16T10:09:50.610Z&quot;,
                &quot;status&quot;: &quot;PENDING&quot;
            },
            {
                &quot;time&quot;: &quot;2022-02-16T10:09:50.651Z&quot;,
                &quot;status&quot;: &quot;SEND&quot;
            },
            {
                &quot;time&quot;: &quot;2022-02-16T10:09:50.691Z&quot;,
                &quot;status&quot;: &quot;DELIVERED&quot;
            },
            {
                &quot;time&quot;: &quot;2022-02-16T10:12:29.403Z&quot;,
                &quot;status&quot;: &quot;PENDING&quot;
            },
            {
                &quot;time&quot;: &quot;2022-02-16T10:12:29.449Z&quot;,
                &quot;status&quot;: &quot;SEND&quot;
            },
            {
                &quot;time&quot;: &quot;2022-02-16T10:12:29.494Z&quot;,
                &quot;status&quot;: &quot;DELIVERED&quot;
            },
            {
                &quot;time&quot;: &quot;2022-02-16T10:12:30.338Z&quot;,
                &quot;status&quot;: &quot;PENDING&quot;
            },
            {
                &quot;time&quot;: &quot;2022-02-16T10:12:30.379Z&quot;,
                &quot;status&quot;: &quot;SEND&quot;
            },
            {
                &quot;time&quot;: &quot;2022-02-16T10:12:30.423Z&quot;,
                &quot;status&quot;: &quot;DELIVERED&quot;
            },
            {
                &quot;time&quot;: &quot;2022-02-16T10:15:08.464Z&quot;,
                &quot;status&quot;: &quot;PENDING&quot;
            },
            {
                &quot;time&quot;: &quot;2022-02-16T10:15:08.507Z&quot;,
                &quot;status&quot;: &quot;SEND&quot;
            },
            {
                &quot;time&quot;: &quot;2022-02-16T10:15:08.549Z&quot;,
                &quot;status&quot;: &quot;DELIVERED&quot;
            },
            {
                &quot;time&quot;: &quot;2022-02-16T10:15:09.384Z&quot;,
                &quot;status&quot;: &quot;PENDING&quot;
            },
            {
                &quot;time&quot;: &quot;2022-02-16T10:15:09.428Z&quot;,
                &quot;status&quot;: &quot;SEND&quot;
            }
        ],
        &quot;status&quot;: &quot;DELIVERED&quot;
    },
    &quot;creationTime&quot;: &quot;2022-02-16T09:22:46.140Z&quot;,
    &quot;deviceId&quot;: &quot;14273295&quot;,
    &quot;deviceName&quot;: &quot;offsitec&quot;,
    &quot;self&quot;: &quot;https://t493319102.eu-latest.cumulocity.com/devicecontrol/operations/14275540&quot;,
    &quot;id&quot;: &quot;14275540&quot;,
    &quot;status&quot;: &quot;PENDING&quot;,
    &quot;c8y_LogfileRequest&quot;: {
        &quot;searchText&quot;: &quot;&quot;,
        &quot;logFile&quot;: &quot;software-management&quot;,
        &quot;dateTo&quot;: &quot;2021-11-21T18:55:49+0530&quot;,
        &quot;dateFrom&quot;: &quot;2021-11-15T18:55:49+0530&quot;,
        &quot;maximumLines&quot;: 300
    },
    &quot;description&quot;: &quot;Log file request&quot;
}
10:16:07 DEBUG Final URL of the request: https://thin-edge-io.eu-latest.cumulocity.com/devicecontrol/operations?deviceId=14273295&amp;pageSize=1&amp;revert=true&amp;dateFrom=1970-01-01T00%3A00%3A00.000Z
10:16:07 INFO  State of current operation: PENDING
10:16:07 DEBUG Final URL of the request: https://thin-edge-io.eu-latest.cumulocity.com/devicecontrol/operations?deviceId=14273295&amp;pageSize=1&amp;revert=true&amp;dateFrom=1970-01-01T00%3A00%3A00.000Z
10:16:07 DEBUG State of current operation: {
    &quot;delivery&quot;: {
        &quot;time&quot;: &quot;2022-02-16T10:15:09.472Z&quot;,
        &quot;log&quot;: [
            {
                &quot;time&quot;: &quot;2022-02-16T09:22:46.166Z&quot;,
                &quot;status&quot;: &quot;PENDING&quot;
            },
            {
                &quot;time&quot;: &quot;2022-02-16T09:22:46.185Z&quot;,
                &quot;status&quot;: &quot;SEND&quot;
            },
            {
                &quot;time&quot;: &quot;2022-02-16T09:22:46.219Z&quot;,
                &quot;status&quot;: &quot;DELIVERED&quot;
            },
            {
                &quot;time&quot;: &quot;2022-02-16T09:23:55.047Z&quot;,
                &quot;status&quot;: &quot;PENDING&quot;
            },
            {
                &quot;time&quot;: &quot;2022-02-16T09:23:55.077Z&quot;,
                &quot;status&quot;: &quot;SEND&quot;
            },
            {
                &quot;time&quot;: &quot;2022-02-16T09:23:55.114Z&quot;,
                &quot;status&quot;: &quot;DELIVERED&quot;
            },
            {
                &quot;time&quot;: &quot;2022-02-16T09:23:55.901Z&quot;,
                &quot;status&quot;: &quot;PENDING&quot;
            },
            {
                &quot;time&quot;: &quot;2022-02-16T09:23:55.930Z&quot;,
                &quot;status&quot;: &quot;SEND&quot;
            },
            {
                &quot;time&quot;: &quot;2022-02-16T09:23:55.967Z&quot;,
                &quot;status&quot;: &quot;DELIVERED&quot;
            },
            {
                &quot;time&quot;: &quot;2022-02-16T09:24:55.073Z&quot;,
                &quot;status&quot;: &quot;PENDING&quot;
            },
            {
                &quot;time&quot;: &quot;2022-02-16T09:24:55.106Z&quot;,
                &quot;status&quot;: &quot;SEND&quot;
            },
            {
                &quot;time&quot;: &quot;2022-02-16T09:24:55.144Z&quot;,
                &quot;status&quot;: &quot;DELIVERED&quot;
            },
            {
                &quot;time&quot;: &quot;2022-02-16T09:24:55.971Z&quot;,
                &quot;status&quot;: &quot;PENDING&quot;
            },
            {
                &quot;time&quot;: &quot;2022-02-16T09:24:56.008Z&quot;,
                &quot;status&quot;: &quot;SEND&quot;
            },
            {
                &quot;time&quot;: &quot;2022-02-16T09:24:56.044Z&quot;,
                &quot;status&quot;: &quot;DELIVERED&quot;
            },
            {
                &quot;time&quot;: &quot;2022-02-16T09:26:09.362Z&quot;,
                &quot;status&quot;: &quot;PENDING&quot;
            },
            {
                &quot;time&quot;: &quot;2022-02-16T09:26:09.392Z&quot;,
                &quot;status&quot;: &quot;SEND&quot;
            },
            {
                &quot;time&quot;: &quot;2022-02-16T09:26:09.428Z&quot;,
                &quot;status&quot;: &quot;DELIVERED&quot;
            },
            {
                &quot;time&quot;: &quot;2022-02-16T09:26:10.287Z&quot;,
                &quot;status&quot;: &quot;PENDING&quot;
            },
            {
                &quot;time&quot;: &quot;2022-02-16T09:26:10.317Z&quot;,
                &quot;status&quot;: &quot;SEND&quot;
            },
            {
                &quot;time&quot;: &quot;2022-02-16T09:26:10.353Z&quot;,
                &quot;status&quot;: &quot;DELIVERED&quot;
            },
            {
                &quot;time&quot;: &quot;2022-02-16T09:27:24.861Z&quot;,
                &quot;status&quot;: &quot;PENDING&quot;
            },
            {
                &quot;time&quot;: &quot;2022-02-16T09:27:24.898Z&quot;,
                &quot;status&quot;: &quot;SEND&quot;
            },
            {
                &quot;time&quot;: &quot;2022-02-16T09:27:24.935Z&quot;,
                &quot;status&quot;: &quot;DELIVERED&quot;
            },
            {
                &quot;time&quot;: &quot;2022-02-16T09:27:25.773Z&quot;,
                &quot;status&quot;: &quot;PENDING&quot;
            },
            {
                &quot;time&quot;: &quot;2022-02-16T09:27:25.812Z&quot;,
                &quot;status&quot;: &quot;SEND&quot;
            },
            {
                &quot;time&quot;: &quot;2022-02-16T09:27:25.849Z&quot;,
                &quot;status&quot;: &quot;DELIVERED&quot;
            },
            {
                &quot;time&quot;: &quot;2022-02-16T09:28:06.037Z&quot;,
                &quot;status&quot;: &quot;PENDING&quot;
            },
            {
                &quot;time&quot;: &quot;2022-02-16T09:28:06.069Z&quot;,
                &quot;status&quot;: &quot;SEND&quot;
            },
            {
                &quot;time&quot;: &quot;2022-02-16T09:28:06.107Z&quot;,
                &quot;status&quot;: &quot;DELIVERED&quot;
            },
            {
                &quot;time&quot;: &quot;2022-02-16T09:28:06.968Z&quot;,
                &quot;status&quot;: &quot;PENDING&quot;
            },
            {
                &quot;time&quot;: &quot;2022-02-16T09:28:07.002Z&quot;,
                &quot;status&quot;: &quot;SEND&quot;
            },
            {
                &quot;time&quot;: &quot;2022-02-16T09:28:07.039Z&quot;,
                &quot;status&quot;: &quot;DELIVERED&quot;
            },
            {
                &quot;time&quot;: &quot;2022-02-16T09:28:58.713Z&quot;,
                &quot;status&quot;: &quot;PENDING&quot;
            },
            {
                &quot;time&quot;: &quot;2022-02-16T09:28:58.744Z&quot;,
                &quot;status&quot;: &quot;SEND&quot;
            },
            {
                &quot;time&quot;: &quot;2022-02-16T09:28:58.782Z&quot;,
                &quot;status&quot;: &quot;DELIVERED&quot;
            },
            {
                &quot;time&quot;: &quot;2022-02-16T09:28:59.589Z&quot;,
                &quot;status&quot;: &quot;PENDING&quot;
            },
            {
                &quot;time&quot;: &quot;2022-02-16T09:28:59.620Z&quot;,
                &quot;status&quot;: &quot;SEND&quot;
            },
            {
                &quot;time&quot;: &quot;2022-02-16T09:28:59.658Z&quot;,
                &quot;status&quot;: &quot;DELIVERED&quot;
            },
            {
                &quot;time&quot;: &quot;2022-02-16T09:29:51.098Z&quot;,
                &quot;status&quot;: &quot;PENDING&quot;
            },
            {
                &quot;time&quot;: &quot;2022-02-16T09:29:51.134Z&quot;,
                &quot;status&quot;: &quot;SEND&quot;
            },
            {
                &quot;time&quot;: &quot;2022-02-16T09:29:51.171Z&quot;,
                &quot;status&quot;: &quot;DELIVERED&quot;
            },
            {
                &quot;time&quot;: &quot;2022-02-16T09:29:52.013Z&quot;,
                &quot;status&quot;: &quot;PENDING&quot;
            },
            {
                &quot;time&quot;: &quot;2022-02-16T09:29:52.047Z&quot;,
                &quot;status&quot;: &quot;SEND&quot;
            },
            {
                &quot;time&quot;: &quot;2022-02-16T09:29:52.089Z&quot;,
                &quot;status&quot;: &quot;DELIVERED&quot;
            },
            {
                &quot;time&quot;: &quot;2022-02-16T09:30:33.494Z&quot;,
                &quot;status&quot;: &quot;PENDING&quot;
            },
            {
                &quot;time&quot;: &quot;2022-02-16T09:30:33.534Z&quot;,
                &quot;status&quot;: &quot;SEND&quot;
            },
            {
                &quot;time&quot;: &quot;2022-02-16T09:30:33.571Z&quot;,
                &quot;status&quot;: &quot;DELIVERED&quot;
            },
            {
                &quot;time&quot;: &quot;2022-02-16T09:30:34.412Z&quot;,
                &quot;status&quot;: &quot;PENDING&quot;
            },
            {
                &quot;time&quot;: &quot;2022-02-16T09:30:34.453Z&quot;,
                &quot;status&quot;: &quot;SEND&quot;
            },
            {
                &quot;time&quot;: &quot;2022-02-16T09:30:34.488Z&quot;,
                &quot;status&quot;: &quot;DELIVERED&quot;
            },
            {
                &quot;time&quot;: &quot;2022-02-16T09:32:49.337Z&quot;,
                &quot;status&quot;: &quot;PENDING&quot;
            },
            {
                &quot;time&quot;: &quot;2022-02-16T09:32:49.371Z&quot;,
                &quot;status&quot;: &quot;SEND&quot;
            },
            {
                &quot;time&quot;: &quot;2022-02-16T09:32:49.408Z&quot;,
                &quot;status&quot;: &quot;DELIVERED&quot;
            },
            {
                &quot;time&quot;: &quot;2022-02-16T09:32:50.347Z&quot;,
                &quot;status&quot;: &quot;PENDING&quot;
            },
            {
                &quot;time&quot;: &quot;2022-02-16T09:32:50.382Z&quot;,
                &quot;status&quot;: &quot;SEND&quot;
            },
            {
                &quot;time&quot;: &quot;2022-02-16T09:32:50.423Z&quot;,
                &quot;status&quot;: &quot;DELIVERED&quot;
            },
            {
                &quot;time&quot;: &quot;2022-02-16T09:35:18.696Z&quot;,
                &quot;status&quot;: &quot;PENDING&quot;
            },
            {
                &quot;time&quot;: &quot;2022-02-16T09:35:18.734Z&quot;,
                &quot;status&quot;: &quot;SEND&quot;
            },
            {
                &quot;time&quot;: &quot;2022-02-16T09:35:18.769Z&quot;,
                &quot;status&quot;: &quot;DELIVERED&quot;
            },
            {
                &quot;time&quot;: &quot;2022-02-16T09:35:41.813Z&quot;,
                &quot;status&quot;: &quot;PENDING&quot;
            },
            {
                &quot;time&quot;: &quot;2022-02-16T09:35:41.852Z&quot;,
                &quot;status&quot;: &quot;SEND&quot;
            },
            {
                &quot;time&quot;: &quot;2022-02-16T09:35:41.891Z&quot;,
                &quot;status&quot;: &quot;DELIVERED&quot;
            },
            {
                &quot;time&quot;: &quot;2022-02-16T09:35:42.766Z&quot;,
                &quot;status&quot;: &quot;PENDING&quot;
            },
            {
                &quot;time&quot;: &quot;2022-02-16T09:35:42.811Z&quot;,
                &quot;status&quot;: &quot;SEND&quot;
            },
            {
                &quot;time&quot;: &quot;2022-02-16T09:35:42.849Z&quot;,
                &quot;status&quot;: &quot;DELIVERED&quot;
            },
            {
                &quot;time&quot;: &quot;2022-02-16T09:36:06.394Z&quot;,
                &quot;status&quot;: &quot;PENDING&quot;
            },
            {
                &quot;time&quot;: &quot;2022-02-16T09:36:06.432Z&quot;,
                &quot;status&quot;: &quot;SEND&quot;
            },
            {
                &quot;time&quot;: &quot;2022-02-16T09:36:06.488Z&quot;,
                &quot;status&quot;: &quot;DELIVERED&quot;
            },
            {
                &quot;time&quot;: &quot;2022-02-16T09:36:07.318Z&quot;,
                &quot;status&quot;: &quot;PENDING&quot;
            },
            {
                &quot;time&quot;: &quot;2022-02-16T09:36:07.358Z&quot;,
                &quot;status&quot;: &quot;SEND&quot;
            },
            {
                &quot;time&quot;: &quot;2022-02-16T09:36:07.393Z&quot;,
                &quot;status&quot;: &quot;DELIVERED&quot;
            },
            {
                &quot;time&quot;: &quot;2022-02-16T09:36:30.178Z&quot;,
                &quot;status&quot;: &quot;PENDING&quot;
            },
            {
                &quot;time&quot;: &quot;2022-02-16T09:36:30.210Z&quot;,
                &quot;status&quot;: &quot;SEND&quot;
            },
            {
                &quot;time&quot;: &quot;2022-02-16T09:36:30.248Z&quot;,
                &quot;status&quot;: &quot;DELIVERED&quot;
            },
            {
                &quot;time&quot;: &quot;2022-02-16T09:36:31.123Z&quot;,
                &quot;status&quot;: &quot;PENDING&quot;
            },
            {
                &quot;time&quot;: &quot;2022-02-16T09:36:31.156Z&quot;,
                &quot;status&quot;: &quot;SEND&quot;
            },
            {
                &quot;time&quot;: &quot;2022-02-16T09:36:31.207Z&quot;,
                &quot;status&quot;: &quot;DELIVERED&quot;
            },
            {
                &quot;time&quot;: &quot;2022-02-16T09:37:08.443Z&quot;,
                &quot;status&quot;: &quot;PENDING&quot;
            },
            {
                &quot;time&quot;: &quot;2022-02-16T09:37:08.481Z&quot;,
                &quot;status&quot;: &quot;SEND&quot;
            },
            {
                &quot;time&quot;: &quot;2022-02-16T09:37:08.522Z&quot;,
                &quot;status&quot;: &quot;DELIVERED&quot;
            },
            {
                &quot;time&quot;: &quot;2022-02-16T09:37:09.439Z&quot;,
                &quot;status&quot;: &quot;PENDING&quot;
            },
            {
                &quot;time&quot;: &quot;2022-02-16T09:37:09.478Z&quot;,
                &quot;status&quot;: &quot;SEND&quot;
            },
            {
                &quot;time&quot;: &quot;2022-02-16T09:37:09.516Z&quot;,
                &quot;status&quot;: &quot;DELIVERED&quot;
            },
            {
                &quot;time&quot;: &quot;2022-02-16T09:37:13.026Z&quot;,
                &quot;status&quot;: &quot;PENDING&quot;
            },
            {
                &quot;time&quot;: &quot;2022-02-16T09:37:13.068Z&quot;,
                &quot;status&quot;: &quot;SEND&quot;
            },
            {
                &quot;time&quot;: &quot;2022-02-16T09:37:13.106Z&quot;,
                &quot;status&quot;: &quot;DELIVERED&quot;
            },
            {
                &quot;time&quot;: &quot;2022-02-16T09:37:37.817Z&quot;,
                &quot;status&quot;: &quot;PENDING&quot;
            },
            {
                &quot;time&quot;: &quot;2022-02-16T09:37:37.857Z&quot;,
                &quot;status&quot;: &quot;SEND&quot;
            },
            {
                &quot;time&quot;: &quot;2022-02-16T09:37:37.893Z&quot;,
                &quot;status&quot;: &quot;DELIVERED&quot;
            },
            {
                &quot;time&quot;: &quot;2022-02-16T09:37:38.638Z&quot;,
                &quot;status&quot;: &quot;PENDING&quot;
            },
            {
                &quot;time&quot;: &quot;2022-02-16T09:37:38.675Z&quot;,
                &quot;status&quot;: &quot;SEND&quot;
            },
            {
                &quot;time&quot;: &quot;2022-02-16T09:37:38.712Z&quot;,
                &quot;status&quot;: &quot;DELIVERED&quot;
            },
            {
                &quot;time&quot;: &quot;2022-02-16T09:38:03.926Z&quot;,
                &quot;status&quot;: &quot;PENDING&quot;
            },
            {
                &quot;time&quot;: &quot;2022-02-16T09:38:03.965Z&quot;,
                &quot;status&quot;: &quot;SEND&quot;
            },
            {
                &quot;time&quot;: &quot;2022-02-16T09:38:04.001Z&quot;,
                &quot;status&quot;: &quot;DELIVERED&quot;
            },
            {
                &quot;time&quot;: &quot;2022-02-16T09:38:04.819Z&quot;,
                &quot;status&quot;: &quot;PENDING&quot;
            },
            {
                &quot;time&quot;: &quot;2022-02-16T09:38:04.864Z&quot;,
                &quot;status&quot;: &quot;SEND&quot;
            },
            {
                &quot;time&quot;: &quot;2022-02-16T09:38:04.911Z&quot;,
                &quot;status&quot;: &quot;DELIVERED&quot;
            },
            {
                &quot;time&quot;: &quot;2022-02-16T09:53:50.860Z&quot;,
                &quot;status&quot;: &quot;PENDING&quot;
            },
            {
                &quot;time&quot;: &quot;2022-02-16T09:53:50.900Z&quot;,
                &quot;status&quot;: &quot;SEND&quot;
            },
            {
                &quot;time&quot;: &quot;2022-02-16T09:53:50.939Z&quot;,
                &quot;status&quot;: &quot;DELIVERED&quot;
            },
            {
                &quot;time&quot;: &quot;2022-02-16T09:53:51.831Z&quot;,
                &quot;status&quot;: &quot;PENDING&quot;
            },
            {
                &quot;time&quot;: &quot;2022-02-16T09:53:51.869Z&quot;,
                &quot;status&quot;: &quot;SEND&quot;
            },
            {
                &quot;time&quot;: &quot;2022-02-16T09:53:51.917Z&quot;,
                &quot;status&quot;: &quot;DELIVERED&quot;
            },
            {
                &quot;time&quot;: &quot;2022-02-16T09:56:32.333Z&quot;,
                &quot;status&quot;: &quot;PENDING&quot;
            },
            {
                &quot;time&quot;: &quot;2022-02-16T09:56:32.376Z&quot;,
                &quot;status&quot;: &quot;SEND&quot;
            },
            {
                &quot;time&quot;: &quot;2022-02-16T09:56:32.413Z&quot;,
                &quot;status&quot;: &quot;DELIVERED&quot;
            },
            {
                &quot;time&quot;: &quot;2022-02-16T09:56:33.226Z&quot;,
                &quot;status&quot;: &quot;PENDING&quot;
            },
            {
                &quot;time&quot;: &quot;2022-02-16T09:56:33.279Z&quot;,
                &quot;status&quot;: &quot;SEND&quot;
            },
            {
                &quot;time&quot;: &quot;2022-02-16T09:56:33.321Z&quot;,
                &quot;status&quot;: &quot;DELIVERED&quot;
            },
            {
                &quot;time&quot;: &quot;2022-02-16T09:59:11.843Z&quot;,
                &quot;status&quot;: &quot;PENDING&quot;
            },
            {
                &quot;time&quot;: &quot;2022-02-16T09:59:11.885Z&quot;,
                &quot;status&quot;: &quot;SEND&quot;
            },
            {
                &quot;time&quot;: &quot;2022-02-16T09:59:11.929Z&quot;,
                &quot;status&quot;: &quot;DELIVERED&quot;
            },
            {
                &quot;time&quot;: &quot;2022-02-16T09:59:12.799Z&quot;,
                &quot;status&quot;: &quot;PENDING&quot;
            },
            {
                &quot;time&quot;: &quot;2022-02-16T09:59:12.857Z&quot;,
                &quot;status&quot;: &quot;SEND&quot;
            },
            {
                &quot;time&quot;: &quot;2022-02-16T09:59:12.913Z&quot;,
                &quot;status&quot;: &quot;DELIVERED&quot;
            },
            {
                &quot;time&quot;: &quot;2022-02-16T10:01:50.751Z&quot;,
                &quot;status&quot;: &quot;PENDING&quot;
            },
            {
                &quot;time&quot;: &quot;2022-02-16T10:01:50.791Z&quot;,
                &quot;status&quot;: &quot;SEND&quot;
            },
            {
                &quot;time&quot;: &quot;2022-02-16T10:01:50.828Z&quot;,
                &quot;status&quot;: &quot;DELIVERED&quot;
            },
            {
                &quot;time&quot;: &quot;2022-02-16T10:01:51.673Z&quot;,
                &quot;status&quot;: &quot;PENDING&quot;
            },
            {
                &quot;time&quot;: &quot;2022-02-16T10:01:51.713Z&quot;,
                &quot;status&quot;: &quot;SEND&quot;
            },
            {
                &quot;time&quot;: &quot;2022-02-16T10:01:51.755Z&quot;,
                &quot;status&quot;: &quot;DELIVERED&quot;
            },
            {
                &quot;time&quot;: &quot;2022-02-16T10:04:30.106Z&quot;,
                &quot;status&quot;: &quot;PENDING&quot;
            },
            {
                &quot;time&quot;: &quot;2022-02-16T10:04:30.153Z&quot;,
                &quot;status&quot;: &quot;SEND&quot;
            },
            {
                &quot;time&quot;: &quot;2022-02-16T10:04:30.200Z&quot;,
                &quot;status&quot;: &quot;DELIVERED&quot;
            },
            {
                &quot;time&quot;: &quot;2022-02-16T10:04:31.076Z&quot;,
                &quot;status&quot;: &quot;PENDING&quot;
            },
            {
                &quot;time&quot;: &quot;2022-02-16T10:04:31.122Z&quot;,
                &quot;status&quot;: &quot;SEND&quot;
            },
            {
                &quot;time&quot;: &quot;2022-02-16T10:04:31.164Z&quot;,
                &quot;status&quot;: &quot;DELIVERED&quot;
            },
            {
                &quot;time&quot;: &quot;2022-02-16T10:07:10.462Z&quot;,
                &quot;status&quot;: &quot;PENDING&quot;
            },
            {
                &quot;time&quot;: &quot;2022-02-16T10:07:10.499Z&quot;,
                &quot;status&quot;: &quot;SEND&quot;
            },
            {
                &quot;time&quot;: &quot;2022-02-16T10:07:10.537Z&quot;,
                &quot;status&quot;: &quot;DELIVERED&quot;
            },
            {
                &quot;time&quot;: &quot;2022-02-16T10:07:11.343Z&quot;,
                &quot;status&quot;: &quot;PENDING&quot;
            },
            {
                &quot;time&quot;: &quot;2022-02-16T10:07:11.380Z&quot;,
                &quot;status&quot;: &quot;SEND&quot;
            },
            {
                &quot;time&quot;: &quot;2022-02-16T10:07:11.418Z&quot;,
                &quot;status&quot;: &quot;DELIVERED&quot;
            },
            {
                &quot;time&quot;: &quot;2022-02-16T10:09:49.720Z&quot;,
                &quot;status&quot;: &quot;PENDING&quot;
            },
            {
                &quot;time&quot;: &quot;2022-02-16T10:09:49.762Z&quot;,
                &quot;status&quot;: &quot;SEND&quot;
            },
            {
                &quot;time&quot;: &quot;2022-02-16T10:09:49.803Z&quot;,
                &quot;status&quot;: &quot;DELIVERED&quot;
            },
            {
                &quot;time&quot;: &quot;2022-02-16T10:09:50.610Z&quot;,
                &quot;status&quot;: &quot;PENDING&quot;
            },
            {
                &quot;time&quot;: &quot;2022-02-16T10:09:50.651Z&quot;,
                &quot;status&quot;: &quot;SEND&quot;
            },
            {
                &quot;time&quot;: &quot;2022-02-16T10:09:50.691Z&quot;,
                &quot;status&quot;: &quot;DELIVERED&quot;
            },
            {
                &quot;time&quot;: &quot;2022-02-16T10:12:29.403Z&quot;,
                &quot;status&quot;: &quot;PENDING&quot;
            },
            {
                &quot;time&quot;: &quot;2022-02-16T10:12:29.449Z&quot;,
                &quot;status&quot;: &quot;SEND&quot;
            },
            {
                &quot;time&quot;: &quot;2022-02-16T10:12:29.494Z&quot;,
                &quot;status&quot;: &quot;DELIVERED&quot;
            },
            {
                &quot;time&quot;: &quot;2022-02-16T10:12:30.338Z&quot;,
                &quot;status&quot;: &quot;PENDING&quot;
            },
            {
                &quot;time&quot;: &quot;2022-02-16T10:12:30.379Z&quot;,
                &quot;status&quot;: &quot;SEND&quot;
            },
            {
                &quot;time&quot;: &quot;2022-02-16T10:12:30.423Z&quot;,
                &quot;status&quot;: &quot;DELIVERED&quot;
            },
            {
                &quot;time&quot;: &quot;2022-02-16T10:15:08.464Z&quot;,
                &quot;status&quot;: &quot;PENDING&quot;
            },
            {
                &quot;time&quot;: &quot;2022-02-16T10:15:08.507Z&quot;,
                &quot;status&quot;: &quot;SEND&quot;
            },
            {
                &quot;time&quot;: &quot;2022-02-16T10:15:08.549Z&quot;,
                &quot;status&quot;: &quot;DELIVERED&quot;
            },
            {
                &quot;time&quot;: &quot;2022-02-16T10:15:09.384Z&quot;,
                &quot;status&quot;: &quot;PENDING&quot;
            },
            {
                &quot;time&quot;: &quot;2022-02-16T10:15:09.428Z&quot;,
                &quot;status&quot;: &quot;SEND&quot;
            }
        ],
        &quot;status&quot;: &quot;DELIVERED&quot;
    },
    &quot;creationTime&quot;: &quot;2022-02-16T09:22:46.140Z&quot;,
    &quot;deviceId&quot;: &quot;14273295&quot;,
    &quot;deviceName&quot;: &quot;offsitec&quot;,
    &quot;self&quot;: &quot;https://t493319102.eu-latest.cumulocity.com/devicecontrol/operations/14275540&quot;,
    &quot;id&quot;: &quot;14275540&quot;,
    &quot;status&quot;: &quot;PENDING&quot;,
    &quot;c8y_LogfileRequest&quot;: {
        &quot;searchText&quot;: &quot;&quot;,
        &quot;logFile&quot;: &quot;software-management&quot;,
        &quot;dateTo&quot;: &quot;2021-11-21T18:55:49+0530&quot;,
        &quot;dateFrom&quot;: &quot;2021-11-15T18:55:49+0530&quot;,
        &quot;maximumLines&quot;: 300
    },
    &quot;description&quot;: &quot;Log file request&quot;
}
10:16:10 DEBUG Final URL of the request: https://thin-edge-io.eu-latest.cumulocity.com/devicecontrol/operations?deviceId=14273295&amp;pageSize=1&amp;revert=true&amp;dateFrom=1970-01-01T00%3A00%3A00.000Z
10:16:10 INFO  State of current operation: PENDING
10:16:10 DEBUG Final URL of the request: https://thin-edge-io.eu-latest.cumulocity.com/devicecontrol/operations?deviceId=14273295&amp;pageSize=1&amp;revert=true&amp;dateFrom=1970-01-01T00%3A00%3A00.000Z
10:16:10 DEBUG State of current operation: {
    &quot;delivery&quot;: {
        &quot;time&quot;: &quot;2022-02-16T10:15:09.472Z&quot;,
        &quot;log&quot;: [
            {
                &quot;time&quot;: &quot;2022-02-16T09:22:46.166Z&quot;,
                &quot;status&quot;: &quot;PENDING&quot;
            },
            {
                &quot;time&quot;: &quot;2022-02-16T09:22:46.185Z&quot;,
                &quot;status&quot;: &quot;SEND&quot;
            },
            {
                &quot;time&quot;: &quot;2022-02-16T09:22:46.219Z&quot;,
                &quot;status&quot;: &quot;DELIVERED&quot;
            },
            {
                &quot;time&quot;: &quot;2022-02-16T09:23:55.047Z&quot;,
                &quot;status&quot;: &quot;PENDING&quot;
            },
            {
                &quot;time&quot;: &quot;2022-02-16T09:23:55.077Z&quot;,
                &quot;status&quot;: &quot;SEND&quot;
            },
            {
                &quot;time&quot;: &quot;2022-02-16T09:23:55.114Z&quot;,
                &quot;status&quot;: &quot;DELIVERED&quot;
            },
            {
                &quot;time&quot;: &quot;2022-02-16T09:23:55.901Z&quot;,
                &quot;status&quot;: &quot;PENDING&quot;
            },
            {
                &quot;time&quot;: &quot;2022-02-16T09:23:55.930Z&quot;,
                &quot;status&quot;: &quot;SEND&quot;
            },
            {
                &quot;time&quot;: &quot;2022-02-16T09:23:55.967Z&quot;,
                &quot;status&quot;: &quot;DELIVERED&quot;
            },
            {
                &quot;time&quot;: &quot;2022-02-16T09:24:55.073Z&quot;,
                &quot;status&quot;: &quot;PENDING&quot;
            },
            {
                &quot;time&quot;: &quot;2022-02-16T09:24:55.106Z&quot;,
                &quot;status&quot;: &quot;SEND&quot;
            },
            {
                &quot;time&quot;: &quot;2022-02-16T09:24:55.144Z&quot;,
                &quot;status&quot;: &quot;DELIVERED&quot;
            },
            {
                &quot;time&quot;: &quot;2022-02-16T09:24:55.971Z&quot;,
                &quot;status&quot;: &quot;PENDING&quot;
            },
            {
                &quot;time&quot;: &quot;2022-02-16T09:24:56.008Z&quot;,
                &quot;status&quot;: &quot;SEND&quot;
            },
            {
                &quot;time&quot;: &quot;2022-02-16T09:24:56.044Z&quot;,
                &quot;status&quot;: &quot;DELIVERED&quot;
            },
            {
                &quot;time&quot;: &quot;2022-02-16T09:26:09.362Z&quot;,
                &quot;status&quot;: &quot;PENDING&quot;
            },
            {
                &quot;time&quot;: &quot;2022-02-16T09:26:09.392Z&quot;,
                &quot;status&quot;: &quot;SEND&quot;
            },
            {
                &quot;time&quot;: &quot;2022-02-16T09:26:09.428Z&quot;,
                &quot;status&quot;: &quot;DELIVERED&quot;
            },
            {
                &quot;time&quot;: &quot;2022-02-16T09:26:10.287Z&quot;,
                &quot;status&quot;: &quot;PENDING&quot;
            },
            {
                &quot;time&quot;: &quot;2022-02-16T09:26:10.317Z&quot;,
                &quot;status&quot;: &quot;SEND&quot;
            },
            {
                &quot;time&quot;: &quot;2022-02-16T09:26:10.353Z&quot;,
                &quot;status&quot;: &quot;DELIVERED&quot;
            },
            {
                &quot;time&quot;: &quot;2022-02-16T09:27:24.861Z&quot;,
                &quot;status&quot;: &quot;PENDING&quot;
            },
            {
                &quot;time&quot;: &quot;2022-02-16T09:27:24.898Z&quot;,
                &quot;status&quot;: &quot;SEND&quot;
            },
            {
                &quot;time&quot;: &quot;2022-02-16T09:27:24.935Z&quot;,
                &quot;status&quot;: &quot;DELIVERED&quot;
            },
            {
                &quot;time&quot;: &quot;2022-02-16T09:27:25.773Z&quot;,
                &quot;status&quot;: &quot;PENDING&quot;
            },
            {
                &quot;time&quot;: &quot;2022-02-16T09:27:25.812Z&quot;,
                &quot;status&quot;: &quot;SEND&quot;
            },
            {
                &quot;time&quot;: &quot;2022-02-16T09:27:25.849Z&quot;,
                &quot;status&quot;: &quot;DELIVERED&quot;
            },
            {
                &quot;time&quot;: &quot;2022-02-16T09:28:06.037Z&quot;,
                &quot;status&quot;: &quot;PENDING&quot;
            },
            {
                &quot;time&quot;: &quot;2022-02-16T09:28:06.069Z&quot;,
                &quot;status&quot;: &quot;SEND&quot;
            },
            {
                &quot;time&quot;: &quot;2022-02-16T09:28:06.107Z&quot;,
                &quot;status&quot;: &quot;DELIVERED&quot;
            },
            {
                &quot;time&quot;: &quot;2022-02-16T09:28:06.968Z&quot;,
                &quot;status&quot;: &quot;PENDING&quot;
            },
            {
                &quot;time&quot;: &quot;2022-02-16T09:28:07.002Z&quot;,
                &quot;status&quot;: &quot;SEND&quot;
            },
            {
                &quot;time&quot;: &quot;2022-02-16T09:28:07.039Z&quot;,
                &quot;status&quot;: &quot;DELIVERED&quot;
            },
            {
                &quot;time&quot;: &quot;2022-02-16T09:28:58.713Z&quot;,
                &quot;status&quot;: &quot;PENDING&quot;
            },
            {
                &quot;time&quot;: &quot;2022-02-16T09:28:58.744Z&quot;,
                &quot;status&quot;: &quot;SEND&quot;
            },
            {
                &quot;time&quot;: &quot;2022-02-16T09:28:58.782Z&quot;,
                &quot;status&quot;: &quot;DELIVERED&quot;
            },
            {
                &quot;time&quot;: &quot;2022-02-16T09:28:59.589Z&quot;,
                &quot;status&quot;: &quot;PENDING&quot;
            },
            {
                &quot;time&quot;: &quot;2022-02-16T09:28:59.620Z&quot;,
                &quot;status&quot;: &quot;SEND&quot;
            },
            {
                &quot;time&quot;: &quot;2022-02-16T09:28:59.658Z&quot;,
                &quot;status&quot;: &quot;DELIVERED&quot;
            },
            {
                &quot;time&quot;: &quot;2022-02-16T09:29:51.098Z&quot;,
                &quot;status&quot;: &quot;PENDING&quot;
            },
            {
                &quot;time&quot;: &quot;2022-02-16T09:29:51.134Z&quot;,
                &quot;status&quot;: &quot;SEND&quot;
            },
            {
                &quot;time&quot;: &quot;2022-02-16T09:29:51.171Z&quot;,
                &quot;status&quot;: &quot;DELIVERED&quot;
            },
            {
                &quot;time&quot;: &quot;2022-02-16T09:29:52.013Z&quot;,
                &quot;status&quot;: &quot;PENDING&quot;
            },
            {
                &quot;time&quot;: &quot;2022-02-16T09:29:52.047Z&quot;,
                &quot;status&quot;: &quot;SEND&quot;
            },
            {
                &quot;time&quot;: &quot;2022-02-16T09:29:52.089Z&quot;,
                &quot;status&quot;: &quot;DELIVERED&quot;
            },
            {
                &quot;time&quot;: &quot;2022-02-16T09:30:33.494Z&quot;,
                &quot;status&quot;: &quot;PENDING&quot;
            },
            {
                &quot;time&quot;: &quot;2022-02-16T09:30:33.534Z&quot;,
                &quot;status&quot;: &quot;SEND&quot;
            },
            {
                &quot;time&quot;: &quot;2022-02-16T09:30:33.571Z&quot;,
                &quot;status&quot;: &quot;DELIVERED&quot;
            },
            {
                &quot;time&quot;: &quot;2022-02-16T09:30:34.412Z&quot;,
                &quot;status&quot;: &quot;PENDING&quot;
            },
            {
                &quot;time&quot;: &quot;2022-02-16T09:30:34.453Z&quot;,
                &quot;status&quot;: &quot;SEND&quot;
            },
            {
                &quot;time&quot;: &quot;2022-02-16T09:30:34.488Z&quot;,
                &quot;status&quot;: &quot;DELIVERED&quot;
            },
            {
                &quot;time&quot;: &quot;2022-02-16T09:32:49.337Z&quot;,
                &quot;status&quot;: &quot;PENDING&quot;
            },
            {
                &quot;time&quot;: &quot;2022-02-16T09:32:49.371Z&quot;,
                &quot;status&quot;: &quot;SEND&quot;
            },
            {
                &quot;time&quot;: &quot;2022-02-16T09:32:49.408Z&quot;,
                &quot;status&quot;: &quot;DELIVERED&quot;
            },
            {
                &quot;time&quot;: &quot;2022-02-16T09:32:50.347Z&quot;,
                &quot;status&quot;: &quot;PENDING&quot;
            },
            {
                &quot;time&quot;: &quot;2022-02-16T09:32:50.382Z&quot;,
                &quot;status&quot;: &quot;SEND&quot;
            },
            {
                &quot;time&quot;: &quot;2022-02-16T09:32:50.423Z&quot;,
                &quot;status&quot;: &quot;DELIVERED&quot;
            },
            {
                &quot;time&quot;: &quot;2022-02-16T09:35:18.696Z&quot;,
                &quot;status&quot;: &quot;PENDING&quot;
            },
            {
                &quot;time&quot;: &quot;2022-02-16T09:35:18.734Z&quot;,
                &quot;status&quot;: &quot;SEND&quot;
            },
            {
                &quot;time&quot;: &quot;2022-02-16T09:35:18.769Z&quot;,
                &quot;status&quot;: &quot;DELIVERED&quot;
            },
            {
                &quot;time&quot;: &quot;2022-02-16T09:35:41.813Z&quot;,
                &quot;status&quot;: &quot;PENDING&quot;
            },
            {
                &quot;time&quot;: &quot;2022-02-16T09:35:41.852Z&quot;,
                &quot;status&quot;: &quot;SEND&quot;
            },
            {
                &quot;time&quot;: &quot;2022-02-16T09:35:41.891Z&quot;,
                &quot;status&quot;: &quot;DELIVERED&quot;
            },
            {
                &quot;time&quot;: &quot;2022-02-16T09:35:42.766Z&quot;,
                &quot;status&quot;: &quot;PENDING&quot;
            },
            {
                &quot;time&quot;: &quot;2022-02-16T09:35:42.811Z&quot;,
                &quot;status&quot;: &quot;SEND&quot;
            },
            {
                &quot;time&quot;: &quot;2022-02-16T09:35:42.849Z&quot;,
                &quot;status&quot;: &quot;DELIVERED&quot;
            },
            {
                &quot;time&quot;: &quot;2022-02-16T09:36:06.394Z&quot;,
                &quot;status&quot;: &quot;PENDING&quot;
            },
            {
                &quot;time&quot;: &quot;2022-02-16T09:36:06.432Z&quot;,
                &quot;status&quot;: &quot;SEND&quot;
            },
            {
                &quot;time&quot;: &quot;2022-02-16T09:36:06.488Z&quot;,
                &quot;status&quot;: &quot;DELIVERED&quot;
            },
            {
                &quot;time&quot;: &quot;2022-02-16T09:36:07.318Z&quot;,
                &quot;status&quot;: &quot;PENDING&quot;
            },
            {
                &quot;time&quot;: &quot;2022-02-16T09:36:07.358Z&quot;,
                &quot;status&quot;: &quot;SEND&quot;
            },
            {
                &quot;time&quot;: &quot;2022-02-16T09:36:07.393Z&quot;,
                &quot;status&quot;: &quot;DELIVERED&quot;
            },
            {
                &quot;time&quot;: &quot;2022-02-16T09:36:30.178Z&quot;,
                &quot;status&quot;: &quot;PENDING&quot;
            },
            {
                &quot;time&quot;: &quot;2022-02-16T09:36:30.210Z&quot;,
                &quot;status&quot;: &quot;SEND&quot;
            },
            {
                &quot;time&quot;: &quot;2022-02-16T09:36:30.248Z&quot;,
                &quot;status&quot;: &quot;DELIVERED&quot;
            },
            {
                &quot;time&quot;: &quot;2022-02-16T09:36:31.123Z&quot;,
                &quot;status&quot;: &quot;PENDING&quot;
            },
            {
                &quot;time&quot;: &quot;2022-02-16T09:36:31.156Z&quot;,
                &quot;status&quot;: &quot;SEND&quot;
            },
            {
                &quot;time&quot;: &quot;2022-02-16T09:36:31.207Z&quot;,
                &quot;status&quot;: &quot;DELIVERED&quot;
            },
            {
                &quot;time&quot;: &quot;2022-02-16T09:37:08.443Z&quot;,
                &quot;status&quot;: &quot;PENDING&quot;
            },
            {
                &quot;time&quot;: &quot;2022-02-16T09:37:08.481Z&quot;,
                &quot;status&quot;: &quot;SEND&quot;
            },
            {
                &quot;time&quot;: &quot;2022-02-16T09:37:08.522Z&quot;,
                &quot;status&quot;: &quot;DELIVERED&quot;
            },
            {
                &quot;time&quot;: &quot;2022-02-16T09:37:09.439Z&quot;,
                &quot;status&quot;: &quot;PENDING&quot;
            },
            {
                &quot;time&quot;: &quot;2022-02-16T09:37:09.478Z&quot;,
                &quot;status&quot;: &quot;SEND&quot;
            },
            {
                &quot;time&quot;: &quot;2022-02-16T09:37:09.516Z&quot;,
                &quot;status&quot;: &quot;DELIVERED&quot;
            },
            {
                &quot;time&quot;: &quot;2022-02-16T09:37:13.026Z&quot;,
                &quot;status&quot;: &quot;PENDING&quot;
            },
            {
                &quot;time&quot;: &quot;2022-02-16T09:37:13.068Z&quot;,
                &quot;status&quot;: &quot;SEND&quot;
            },
            {
                &quot;time&quot;: &quot;2022-02-16T09:37:13.106Z&quot;,
                &quot;status&quot;: &quot;DELIVERED&quot;
            },
            {
                &quot;time&quot;: &quot;2022-02-16T09:37:37.817Z&quot;,
                &quot;status&quot;: &quot;PENDING&quot;
            },
            {
                &quot;time&quot;: &quot;2022-02-16T09:37:37.857Z&quot;,
                &quot;status&quot;: &quot;SEND&quot;
            },
            {
                &quot;time&quot;: &quot;2022-02-16T09:37:37.893Z&quot;,
                &quot;status&quot;: &quot;DELIVERED&quot;
            },
            {
                &quot;time&quot;: &quot;2022-02-16T09:37:38.638Z&quot;,
                &quot;status&quot;: &quot;PENDING&quot;
            },
            {
                &quot;time&quot;: &quot;2022-02-16T09:37:38.675Z&quot;,
                &quot;status&quot;: &quot;SEND&quot;
            },
            {
                &quot;time&quot;: &quot;2022-02-16T09:37:38.712Z&quot;,
                &quot;status&quot;: &quot;DELIVERED&quot;
            },
            {
                &quot;time&quot;: &quot;2022-02-16T09:38:03.926Z&quot;,
                &quot;status&quot;: &quot;PENDING&quot;
            },
            {
                &quot;time&quot;: &quot;2022-02-16T09:38:03.965Z&quot;,
                &quot;status&quot;: &quot;SEND&quot;
            },
            {
                &quot;time&quot;: &quot;2022-02-16T09:38:04.001Z&quot;,
                &quot;status&quot;: &quot;DELIVERED&quot;
            },
            {
                &quot;time&quot;: &quot;2022-02-16T09:38:04.819Z&quot;,
                &quot;status&quot;: &quot;PENDING&quot;
            },
            {
                &quot;time&quot;: &quot;2022-02-16T09:38:04.864Z&quot;,
                &quot;status&quot;: &quot;SEND&quot;
            },
            {
                &quot;time&quot;: &quot;2022-02-16T09:38:04.911Z&quot;,
                &quot;status&quot;: &quot;DELIVERED&quot;
            },
            {
                &quot;time&quot;: &quot;2022-02-16T09:53:50.860Z&quot;,
                &quot;status&quot;: &quot;PENDING&quot;
            },
            {
                &quot;time&quot;: &quot;2022-02-16T09:53:50.900Z&quot;,
                &quot;status&quot;: &quot;SEND&quot;
            },
            {
                &quot;time&quot;: &quot;2022-02-16T09:53:50.939Z&quot;,
                &quot;status&quot;: &quot;DELIVERED&quot;
            },
            {
                &quot;time&quot;: &quot;2022-02-16T09:53:51.831Z&quot;,
                &quot;status&quot;: &quot;PENDING&quot;
            },
            {
                &quot;time&quot;: &quot;2022-02-16T09:53:51.869Z&quot;,
                &quot;status&quot;: &quot;SEND&quot;
            },
            {
                &quot;time&quot;: &quot;2022-02-16T09:53:51.917Z&quot;,
                &quot;status&quot;: &quot;DELIVERED&quot;
            },
            {
                &quot;time&quot;: &quot;2022-02-16T09:56:32.333Z&quot;,
                &quot;status&quot;: &quot;PENDING&quot;
            },
            {
                &quot;time&quot;: &quot;2022-02-16T09:56:32.376Z&quot;,
                &quot;status&quot;: &quot;SEND&quot;
            },
            {
                &quot;time&quot;: &quot;2022-02-16T09:56:32.413Z&quot;,
                &quot;status&quot;: &quot;DELIVERED&quot;
            },
            {
                &quot;time&quot;: &quot;2022-02-16T09:56:33.226Z&quot;,
                &quot;status&quot;: &quot;PENDING&quot;
            },
            {
                &quot;time&quot;: &quot;2022-02-16T09:56:33.279Z&quot;,
                &quot;status&quot;: &quot;SEND&quot;
            },
            {
                &quot;time&quot;: &quot;2022-02-16T09:56:33.321Z&quot;,
                &quot;status&quot;: &quot;DELIVERED&quot;
            },
            {
                &quot;time&quot;: &quot;2022-02-16T09:59:11.843Z&quot;,
                &quot;status&quot;: &quot;PENDING&quot;
            },
            {
                &quot;time&quot;: &quot;2022-02-16T09:59:11.885Z&quot;,
                &quot;status&quot;: &quot;SEND&quot;
            },
            {
                &quot;time&quot;: &quot;2022-02-16T09:59:11.929Z&quot;,
                &quot;status&quot;: &quot;DELIVERED&quot;
            },
            {
                &quot;time&quot;: &quot;2022-02-16T09:59:12.799Z&quot;,
                &quot;status&quot;: &quot;PENDING&quot;
            },
            {
                &quot;time&quot;: &quot;2022-02-16T09:59:12.857Z&quot;,
                &quot;status&quot;: &quot;SEND&quot;
            },
            {
                &quot;time&quot;: &quot;2022-02-16T09:59:12.913Z&quot;,
                &quot;status&quot;: &quot;DELIVERED&quot;
            },
            {
                &quot;time&quot;: &quot;2022-02-16T10:01:50.751Z&quot;,
                &quot;status&quot;: &quot;PENDING&quot;
            },
            {
                &quot;time&quot;: &quot;2022-02-16T10:01:50.791Z&quot;,
                &quot;status&quot;: &quot;SEND&quot;
            },
            {
                &quot;time&quot;: &quot;2022-02-16T10:01:50.828Z&quot;,
                &quot;status&quot;: &quot;DELIVERED&quot;
            },
            {
                &quot;time&quot;: &quot;2022-02-16T10:01:51.673Z&quot;,
                &quot;status&quot;: &quot;PENDING&quot;
            },
            {
                &quot;time&quot;: &quot;2022-02-16T10:01:51.713Z&quot;,
                &quot;status&quot;: &quot;SEND&quot;
            },
            {
                &quot;time&quot;: &quot;2022-02-16T10:01:51.755Z&quot;,
                &quot;status&quot;: &quot;DELIVERED&quot;
            },
            {
                &quot;time&quot;: &quot;2022-02-16T10:04:30.106Z&quot;,
                &quot;status&quot;: &quot;PENDING&quot;
            },
            {
                &quot;time&quot;: &quot;2022-02-16T10:04:30.153Z&quot;,
                &quot;status&quot;: &quot;SEND&quot;
            },
            {
                &quot;time&quot;: &quot;2022-02-16T10:04:30.200Z&quot;,
                &quot;status&quot;: &quot;DELIVERED&quot;
            },
            {
                &quot;time&quot;: &quot;2022-02-16T10:04:31.076Z&quot;,
                &quot;status&quot;: &quot;PENDING&quot;
            },
            {
                &quot;time&quot;: &quot;2022-02-16T10:04:31.122Z&quot;,
                &quot;status&quot;: &quot;SEND&quot;
            },
            {
                &quot;time&quot;: &quot;2022-02-16T10:04:31.164Z&quot;,
                &quot;status&quot;: &quot;DELIVERED&quot;
            },
            {
                &quot;time&quot;: &quot;2022-02-16T10:07:10.462Z&quot;,
                &quot;status&quot;: &quot;PENDING&quot;
            },
            {
                &quot;time&quot;: &quot;2022-02-16T10:07:10.499Z&quot;,
                &quot;status&quot;: &quot;SEND&quot;
            },
            {
                &quot;time&quot;: &quot;2022-02-16T10:07:10.537Z&quot;,
                &quot;status&quot;: &quot;DELIVERED&quot;
            },
            {
                &quot;time&quot;: &quot;2022-02-16T10:07:11.343Z&quot;,
                &quot;status&quot;: &quot;PENDING&quot;
            },
            {
                &quot;time&quot;: &quot;2022-02-16T10:07:11.380Z&quot;,
                &quot;status&quot;: &quot;SEND&quot;
            },
            {
                &quot;time&quot;: &quot;2022-02-16T10:07:11.418Z&quot;,
                &quot;status&quot;: &quot;DELIVERED&quot;
            },
            {
                &quot;time&quot;: &quot;2022-02-16T10:09:49.720Z&quot;,
                &quot;status&quot;: &quot;PENDING&quot;
            },
            {
                &quot;time&quot;: &quot;2022-02-16T10:09:49.762Z&quot;,
                &quot;status&quot;: &quot;SEND&quot;
            },
            {
                &quot;time&quot;: &quot;2022-02-16T10:09:49.803Z&quot;,
                &quot;status&quot;: &quot;DELIVERED&quot;
            },
            {
                &quot;time&quot;: &quot;2022-02-16T10:09:50.610Z&quot;,
                &quot;status&quot;: &quot;PENDING&quot;
            },
            {
                &quot;time&quot;: &quot;2022-02-16T10:09:50.651Z&quot;,
                &quot;status&quot;: &quot;SEND&quot;
            },
            {
                &quot;time&quot;: &quot;2022-02-16T10:09:50.691Z&quot;,
                &quot;status&quot;: &quot;DELIVERED&quot;
            },
            {
                &quot;time&quot;: &quot;2022-02-16T10:12:29.403Z&quot;,
                &quot;status&quot;: &quot;PENDING&quot;
            },
            {
                &quot;time&quot;: &quot;2022-02-16T10:12:29.449Z&quot;,
                &quot;status&quot;: &quot;SEND&quot;
            },
            {
                &quot;time&quot;: &quot;2022-02-16T10:12:29.494Z&quot;,
                &quot;status&quot;: &quot;DELIVERED&quot;
            },
            {
                &quot;time&quot;: &quot;2022-02-16T10:12:30.338Z&quot;,
                &quot;status&quot;: &quot;PENDING&quot;
            },
            {
                &quot;time&quot;: &quot;2022-02-16T10:12:30.379Z&quot;,
                &quot;status&quot;: &quot;SEND&quot;
            },
            {
                &quot;time&quot;: &quot;2022-02-16T10:12:30.423Z&quot;,
                &quot;status&quot;: &quot;DELIVERED&quot;
            },
            {
                &quot;time&quot;: &quot;2022-02-16T10:15:08.464Z&quot;,
                &quot;status&quot;: &quot;PENDING&quot;
            },
            {
                &quot;time&quot;: &quot;2022-02-16T10:15:08.507Z&quot;,
                &quot;status&quot;: &quot;SEND&quot;
            },
            {
                &quot;time&quot;: &quot;2022-02-16T10:15:08.549Z&quot;,
                &quot;status&quot;: &quot;DELIVERED&quot;
            },
            {
                &quot;time&quot;: &quot;2022-02-16T10:15:09.384Z&quot;,
                &quot;status&quot;: &quot;PENDING&quot;
            },
            {
                &quot;time&quot;: &quot;2022-02-16T10:15:09.428Z&quot;,
                &quot;status&quot;: &quot;SEND&quot;
            }
        ],
        &quot;status&quot;: &quot;DELIVERED&quot;
    },
    &quot;creationTime&quot;: &quot;2022-02-16T09:22:46.140Z&quot;,
    &quot;deviceId&quot;: &quot;14273295&quot;,
    &quot;deviceName&quot;: &quot;offsitec&quot;,
    &quot;self&quot;: &quot;https://t493319102.eu-latest.cumulocity.com/devicecontrol/operations/14275540&quot;,
    &quot;id&quot;: &quot;14275540&quot;,
    &quot;status&quot;: &quot;PENDING&quot;,
    &quot;c8y_LogfileRequest&quot;: {
        &quot;searchText&quot;: &quot;&quot;,
        &quot;logFile&quot;: &quot;software-management&quot;,
        &quot;dateTo&quot;: &quot;2021-11-21T18:55:49+0530&quot;,
        &quot;dateFrom&quot;: &quot;2021-11-15T18:55:49+0530&quot;,
        &quot;maximumLines&quot;: 300
    },
    &quot;description&quot;: &quot;Log file request&quot;
}
10:16:12 DEBUG Final URL of the request: https://thin-edge-io.eu-latest.cumulocity.com/devicecontrol/operations?deviceId=14273295&amp;pageSize=1&amp;revert=true&amp;dateFrom=1970-01-01T00%3A00%3A00.000Z
10:16:12 INFO  State of current operation: PENDING
10:16:12 DEBUG Final URL of the request: https://thin-edge-io.eu-latest.cumulocity.com/devicecontrol/operations?deviceId=14273295&amp;pageSize=1&amp;revert=true&amp;dateFrom=1970-01-01T00%3A00%3A00.000Z
10:16:12 DEBUG State of current operation: {
    &quot;delivery&quot;: {
        &quot;time&quot;: &quot;2022-02-16T10:15:09.472Z&quot;,
        &quot;log&quot;: [
            {
                &quot;time&quot;: &quot;2022-02-16T09:22:46.166Z&quot;,
                &quot;status&quot;: &quot;PENDING&quot;
            },
            {
                &quot;time&quot;: &quot;2022-02-16T09:22:46.185Z&quot;,
                &quot;status&quot;: &quot;SEND&quot;
            },
            {
                &quot;time&quot;: &quot;2022-02-16T09:22:46.219Z&quot;,
                &quot;status&quot;: &quot;DELIVERED&quot;
            },
            {
                &quot;time&quot;: &quot;2022-02-16T09:23:55.047Z&quot;,
                &quot;status&quot;: &quot;PENDING&quot;
            },
            {
                &quot;time&quot;: &quot;2022-02-16T09:23:55.077Z&quot;,
                &quot;status&quot;: &quot;SEND&quot;
            },
            {
                &quot;time&quot;: &quot;2022-02-16T09:23:55.114Z&quot;,
                &quot;status&quot;: &quot;DELIVERED&quot;
            },
            {
                &quot;time&quot;: &quot;2022-02-16T09:23:55.901Z&quot;,
                &quot;status&quot;: &quot;PENDING&quot;
            },
            {
                &quot;time&quot;: &quot;2022-02-16T09:23:55.930Z&quot;,
                &quot;status&quot;: &quot;SEND&quot;
            },
            {
                &quot;time&quot;: &quot;2022-02-16T09:23:55.967Z&quot;,
                &quot;status&quot;: &quot;DELIVERED&quot;
            },
            {
                &quot;time&quot;: &quot;2022-02-16T09:24:55.073Z&quot;,
                &quot;status&quot;: &quot;PENDING&quot;
            },
            {
                &quot;time&quot;: &quot;2022-02-16T09:24:55.106Z&quot;,
                &quot;status&quot;: &quot;SEND&quot;
            },
            {
                &quot;time&quot;: &quot;2022-02-16T09:24:55.144Z&quot;,
                &quot;status&quot;: &quot;DELIVERED&quot;
            },
            {
                &quot;time&quot;: &quot;2022-02-16T09:24:55.971Z&quot;,
                &quot;status&quot;: &quot;PENDING&quot;
            },
            {
                &quot;time&quot;: &quot;2022-02-16T09:24:56.008Z&quot;,
                &quot;status&quot;: &quot;SEND&quot;
            },
            {
                &quot;time&quot;: &quot;2022-02-16T09:24:56.044Z&quot;,
                &quot;status&quot;: &quot;DELIVERED&quot;
            },
            {
                &quot;time&quot;: &quot;2022-02-16T09:26:09.362Z&quot;,
                &quot;status&quot;: &quot;PENDING&quot;
            },
            {
                &quot;time&quot;: &quot;2022-02-16T09:26:09.392Z&quot;,
                &quot;status&quot;: &quot;SEND&quot;
            },
            {
                &quot;time&quot;: &quot;2022-02-16T09:26:09.428Z&quot;,
                &quot;status&quot;: &quot;DELIVERED&quot;
            },
            {
                &quot;time&quot;: &quot;2022-02-16T09:26:10.287Z&quot;,
                &quot;status&quot;: &quot;PENDING&quot;
            },
            {
                &quot;time&quot;: &quot;2022-02-16T09:26:10.317Z&quot;,
                &quot;status&quot;: &quot;SEND&quot;
            },
            {
                &quot;time&quot;: &quot;2022-02-16T09:26:10.353Z&quot;,
                &quot;status&quot;: &quot;DELIVERED&quot;
            },
            {
                &quot;time&quot;: &quot;2022-02-16T09:27:24.861Z&quot;,
                &quot;status&quot;: &quot;PENDING&quot;
            },
            {
                &quot;time&quot;: &quot;2022-02-16T09:27:24.898Z&quot;,
                &quot;status&quot;: &quot;SEND&quot;
            },
            {
                &quot;time&quot;: &quot;2022-02-16T09:27:24.935Z&quot;,
                &quot;status&quot;: &quot;DELIVERED&quot;
            },
            {
                &quot;time&quot;: &quot;2022-02-16T09:27:25.773Z&quot;,
                &quot;status&quot;: &quot;PENDING&quot;
            },
            {
                &quot;time&quot;: &quot;2022-02-16T09:27:25.812Z&quot;,
                &quot;status&quot;: &quot;SEND&quot;
            },
            {
                &quot;time&quot;: &quot;2022-02-16T09:27:25.849Z&quot;,
                &quot;status&quot;: &quot;DELIVERED&quot;
            },
            {
                &quot;time&quot;: &quot;2022-02-16T09:28:06.037Z&quot;,
                &quot;status&quot;: &quot;PENDING&quot;
            },
            {
                &quot;time&quot;: &quot;2022-02-16T09:28:06.069Z&quot;,
                &quot;status&quot;: &quot;SEND&quot;
            },
            {
                &quot;time&quot;: &quot;2022-02-16T09:28:06.107Z&quot;,
                &quot;status&quot;: &quot;DELIVERED&quot;
            },
            {
                &quot;time&quot;: &quot;2022-02-16T09:28:06.968Z&quot;,
                &quot;status&quot;: &quot;PENDING&quot;
            },
            {
                &quot;time&quot;: &quot;2022-02-16T09:28:07.002Z&quot;,
                &quot;status&quot;: &quot;SEND&quot;
            },
            {
                &quot;time&quot;: &quot;2022-02-16T09:28:07.039Z&quot;,
                &quot;status&quot;: &quot;DELIVERED&quot;
            },
            {
                &quot;time&quot;: &quot;2022-02-16T09:28:58.713Z&quot;,
                &quot;status&quot;: &quot;PENDING&quot;
            },
            {
                &quot;time&quot;: &quot;2022-02-16T09:28:58.744Z&quot;,
                &quot;status&quot;: &quot;SEND&quot;
            },
            {
                &quot;time&quot;: &quot;2022-02-16T09:28:58.782Z&quot;,
                &quot;status&quot;: &quot;DELIVERED&quot;
            },
            {
                &quot;time&quot;: &quot;2022-02-16T09:28:59.589Z&quot;,
                &quot;status&quot;: &quot;PENDING&quot;
            },
            {
                &quot;time&quot;: &quot;2022-02-16T09:28:59.620Z&quot;,
                &quot;status&quot;: &quot;SEND&quot;
            },
            {
                &quot;time&quot;: &quot;2022-02-16T09:28:59.658Z&quot;,
                &quot;status&quot;: &quot;DELIVERED&quot;
            },
            {
                &quot;time&quot;: &quot;2022-02-16T09:29:51.098Z&quot;,
                &quot;status&quot;: &quot;PENDING&quot;
            },
            {
                &quot;time&quot;: &quot;2022-02-16T09:29:51.134Z&quot;,
                &quot;status&quot;: &quot;SEND&quot;
            },
            {
                &quot;time&quot;: &quot;2022-02-16T09:29:51.171Z&quot;,
                &quot;status&quot;: &quot;DELIVERED&quot;
            },
            {
                &quot;time&quot;: &quot;2022-02-16T09:29:52.013Z&quot;,
                &quot;status&quot;: &quot;PENDING&quot;
            },
            {
                &quot;time&quot;: &quot;2022-02-16T09:29:52.047Z&quot;,
                &quot;status&quot;: &quot;SEND&quot;
            },
            {
                &quot;time&quot;: &quot;2022-02-16T09:29:52.089Z&quot;,
                &quot;status&quot;: &quot;DELIVERED&quot;
            },
            {
                &quot;time&quot;: &quot;2022-02-16T09:30:33.494Z&quot;,
                &quot;status&quot;: &quot;PENDING&quot;
            },
            {
                &quot;time&quot;: &quot;2022-02-16T09:30:33.534Z&quot;,
                &quot;status&quot;: &quot;SEND&quot;
            },
            {
                &quot;time&quot;: &quot;2022-02-16T09:30:33.571Z&quot;,
                &quot;status&quot;: &quot;DELIVERED&quot;
            },
            {
                &quot;time&quot;: &quot;2022-02-16T09:30:34.412Z&quot;,
                &quot;status&quot;: &quot;PENDING&quot;
            },
            {
                &quot;time&quot;: &quot;2022-02-16T09:30:34.453Z&quot;,
                &quot;status&quot;: &quot;SEND&quot;
            },
            {
                &quot;time&quot;: &quot;2022-02-16T09:30:34.488Z&quot;,
                &quot;status&quot;: &quot;DELIVERED&quot;
            },
            {
                &quot;time&quot;: &quot;2022-02-16T09:32:49.337Z&quot;,
                &quot;status&quot;: &quot;PENDING&quot;
            },
            {
                &quot;time&quot;: &quot;2022-02-16T09:32:49.371Z&quot;,
                &quot;status&quot;: &quot;SEND&quot;
            },
            {
                &quot;time&quot;: &quot;2022-02-16T09:32:49.408Z&quot;,
                &quot;status&quot;: &quot;DELIVERED&quot;
            },
            {
                &quot;time&quot;: &quot;2022-02-16T09:32:50.347Z&quot;,
                &quot;status&quot;: &quot;PENDING&quot;
            },
            {
                &quot;time&quot;: &quot;2022-02-16T09:32:50.382Z&quot;,
                &quot;status&quot;: &quot;SEND&quot;
            },
            {
                &quot;time&quot;: &quot;2022-02-16T09:32:50.423Z&quot;,
                &quot;status&quot;: &quot;DELIVERED&quot;
            },
            {
                &quot;time&quot;: &quot;2022-02-16T09:35:18.696Z&quot;,
                &quot;status&quot;: &quot;PENDING&quot;
            },
            {
                &quot;time&quot;: &quot;2022-02-16T09:35:18.734Z&quot;,
                &quot;status&quot;: &quot;SEND&quot;
            },
            {
                &quot;time&quot;: &quot;2022-02-16T09:35:18.769Z&quot;,
                &quot;status&quot;: &quot;DELIVERED&quot;
            },
            {
                &quot;time&quot;: &quot;2022-02-16T09:35:41.813Z&quot;,
                &quot;status&quot;: &quot;PENDING&quot;
            },
            {
                &quot;time&quot;: &quot;2022-02-16T09:35:41.852Z&quot;,
                &quot;status&quot;: &quot;SEND&quot;
            },
            {
                &quot;time&quot;: &quot;2022-02-16T09:35:41.891Z&quot;,
                &quot;status&quot;: &quot;DELIVERED&quot;
            },
            {
                &quot;time&quot;: &quot;2022-02-16T09:35:42.766Z&quot;,
                &quot;status&quot;: &quot;PENDING&quot;
            },
            {
                &quot;time&quot;: &quot;2022-02-16T09:35:42.811Z&quot;,
                &quot;status&quot;: &quot;SEND&quot;
            },
            {
                &quot;time&quot;: &quot;2022-02-16T09:35:42.849Z&quot;,
                &quot;status&quot;: &quot;DELIVERED&quot;
            },
            {
                &quot;time&quot;: &quot;2022-02-16T09:36:06.394Z&quot;,
                &quot;status&quot;: &quot;PENDING&quot;
            },
            {
                &quot;time&quot;: &quot;2022-02-16T09:36:06.432Z&quot;,
                &quot;status&quot;: &quot;SEND&quot;
            },
            {
                &quot;time&quot;: &quot;2022-02-16T09:36:06.488Z&quot;,
                &quot;status&quot;: &quot;DELIVERED&quot;
            },
            {
                &quot;time&quot;: &quot;2022-02-16T09:36:07.318Z&quot;,
                &quot;status&quot;: &quot;PENDING&quot;
            },
            {
                &quot;time&quot;: &quot;2022-02-16T09:36:07.358Z&quot;,
                &quot;status&quot;: &quot;SEND&quot;
            },
            {
                &quot;time&quot;: &quot;2022-02-16T09:36:07.393Z&quot;,
                &quot;status&quot;: &quot;DELIVERED&quot;
            },
            {
                &quot;time&quot;: &quot;2022-02-16T09:36:30.178Z&quot;,
                &quot;status&quot;: &quot;PENDING&quot;
            },
            {
                &quot;time&quot;: &quot;2022-02-16T09:36:30.210Z&quot;,
                &quot;status&quot;: &quot;SEND&quot;
            },
            {
                &quot;time&quot;: &quot;2022-02-16T09:36:30.248Z&quot;,
                &quot;status&quot;: &quot;DELIVERED&quot;
            },
            {
                &quot;time&quot;: &quot;2022-02-16T09:36:31.123Z&quot;,
                &quot;status&quot;: &quot;PENDING&quot;
            },
            {
                &quot;time&quot;: &quot;2022-02-16T09:36:31.156Z&quot;,
                &quot;status&quot;: &quot;SEND&quot;
            },
            {
                &quot;time&quot;: &quot;2022-02-16T09:36:31.207Z&quot;,
                &quot;status&quot;: &quot;DELIVERED&quot;
            },
            {
                &quot;time&quot;: &quot;2022-02-16T09:37:08.443Z&quot;,
                &quot;status&quot;: &quot;PENDING&quot;
            },
            {
                &quot;time&quot;: &quot;2022-02-16T09:37:08.481Z&quot;,
                &quot;status&quot;: &quot;SEND&quot;
            },
            {
                &quot;time&quot;: &quot;2022-02-16T09:37:08.522Z&quot;,
                &quot;status&quot;: &quot;DELIVERED&quot;
            },
            {
                &quot;time&quot;: &quot;2022-02-16T09:37:09.439Z&quot;,
                &quot;status&quot;: &quot;PENDING&quot;
            },
            {
                &quot;time&quot;: &quot;2022-02-16T09:37:09.478Z&quot;,
                &quot;status&quot;: &quot;SEND&quot;
            },
            {
                &quot;time&quot;: &quot;2022-02-16T09:37:09.516Z&quot;,
                &quot;status&quot;: &quot;DELIVERED&quot;
            },
            {
                &quot;time&quot;: &quot;2022-02-16T09:37:13.026Z&quot;,
                &quot;status&quot;: &quot;PENDING&quot;
            },
            {
                &quot;time&quot;: &quot;2022-02-16T09:37:13.068Z&quot;,
                &quot;status&quot;: &quot;SEND&quot;
            },
            {
                &quot;time&quot;: &quot;2022-02-16T09:37:13.106Z&quot;,
                &quot;status&quot;: &quot;DELIVERED&quot;
            },
            {
                &quot;time&quot;: &quot;2022-02-16T09:37:37.817Z&quot;,
                &quot;status&quot;: &quot;PENDING&quot;
            },
            {
                &quot;time&quot;: &quot;2022-02-16T09:37:37.857Z&quot;,
                &quot;status&quot;: &quot;SEND&quot;
            },
            {
                &quot;time&quot;: &quot;2022-02-16T09:37:37.893Z&quot;,
                &quot;status&quot;: &quot;DELIVERED&quot;
            },
            {
                &quot;time&quot;: &quot;2022-02-16T09:37:38.638Z&quot;,
                &quot;status&quot;: &quot;PENDING&quot;
            },
            {
                &quot;time&quot;: &quot;2022-02-16T09:37:38.675Z&quot;,
                &quot;status&quot;: &quot;SEND&quot;
            },
            {
                &quot;time&quot;: &quot;2022-02-16T09:37:38.712Z&quot;,
                &quot;status&quot;: &quot;DELIVERED&quot;
            },
            {
                &quot;time&quot;: &quot;2022-02-16T09:38:03.926Z&quot;,
                &quot;status&quot;: &quot;PENDING&quot;
            },
            {
                &quot;time&quot;: &quot;2022-02-16T09:38:03.965Z&quot;,
                &quot;status&quot;: &quot;SEND&quot;
            },
            {
                &quot;time&quot;: &quot;2022-02-16T09:38:04.001Z&quot;,
                &quot;status&quot;: &quot;DELIVERED&quot;
            },
            {
                &quot;time&quot;: &quot;2022-02-16T09:38:04.819Z&quot;,
                &quot;status&quot;: &quot;PENDING&quot;
            },
            {
                &quot;time&quot;: &quot;2022-02-16T09:38:04.864Z&quot;,
                &quot;status&quot;: &quot;SEND&quot;
            },
            {
                &quot;time&quot;: &quot;2022-02-16T09:38:04.911Z&quot;,
                &quot;status&quot;: &quot;DELIVERED&quot;
            },
            {
                &quot;time&quot;: &quot;2022-02-16T09:53:50.860Z&quot;,
                &quot;status&quot;: &quot;PENDING&quot;
            },
            {
                &quot;time&quot;: &quot;2022-02-16T09:53:50.900Z&quot;,
                &quot;status&quot;: &quot;SEND&quot;
            },
            {
                &quot;time&quot;: &quot;2022-02-16T09:53:50.939Z&quot;,
                &quot;status&quot;: &quot;DELIVERED&quot;
            },
            {
                &quot;time&quot;: &quot;2022-02-16T09:53:51.831Z&quot;,
                &quot;status&quot;: &quot;PENDING&quot;
            },
            {
                &quot;time&quot;: &quot;2022-02-16T09:53:51.869Z&quot;,
                &quot;status&quot;: &quot;SEND&quot;
            },
            {
                &quot;time&quot;: &quot;2022-02-16T09:53:51.917Z&quot;,
                &quot;status&quot;: &quot;DELIVERED&quot;
            },
            {
                &quot;time&quot;: &quot;2022-02-16T09:56:32.333Z&quot;,
                &quot;status&quot;: &quot;PENDING&quot;
            },
            {
                &quot;time&quot;: &quot;2022-02-16T09:56:32.376Z&quot;,
                &quot;status&quot;: &quot;SEND&quot;
            },
            {
                &quot;time&quot;: &quot;2022-02-16T09:56:32.413Z&quot;,
                &quot;status&quot;: &quot;DELIVERED&quot;
            },
            {
                &quot;time&quot;: &quot;2022-02-16T09:56:33.226Z&quot;,
                &quot;status&quot;: &quot;PENDING&quot;
            },
            {
                &quot;time&quot;: &quot;2022-02-16T09:56:33.279Z&quot;,
                &quot;status&quot;: &quot;SEND&quot;
            },
            {
                &quot;time&quot;: &quot;2022-02-16T09:56:33.321Z&quot;,
                &quot;status&quot;: &quot;DELIVERED&quot;
            },
            {
                &quot;time&quot;: &quot;2022-02-16T09:59:11.843Z&quot;,
                &quot;status&quot;: &quot;PENDING&quot;
            },
            {
                &quot;time&quot;: &quot;2022-02-16T09:59:11.885Z&quot;,
                &quot;status&quot;: &quot;SEND&quot;
            },
            {
                &quot;time&quot;: &quot;2022-02-16T09:59:11.929Z&quot;,
                &quot;status&quot;: &quot;DELIVERED&quot;
            },
            {
                &quot;time&quot;: &quot;2022-02-16T09:59:12.799Z&quot;,
                &quot;status&quot;: &quot;PENDING&quot;
            },
            {
                &quot;time&quot;: &quot;2022-02-16T09:59:12.857Z&quot;,
                &quot;status&quot;: &quot;SEND&quot;
            },
            {
                &quot;time&quot;: &quot;2022-02-16T09:59:12.913Z&quot;,
                &quot;status&quot;: &quot;DELIVERED&quot;
            },
            {
                &quot;time&quot;: &quot;2022-02-16T10:01:50.751Z&quot;,
                &quot;status&quot;: &quot;PENDING&quot;
            },
            {
                &quot;time&quot;: &quot;2022-02-16T10:01:50.791Z&quot;,
                &quot;status&quot;: &quot;SEND&quot;
            },
            {
                &quot;time&quot;: &quot;2022-02-16T10:01:50.828Z&quot;,
                &quot;status&quot;: &quot;DELIVERED&quot;
            },
            {
                &quot;time&quot;: &quot;2022-02-16T10:01:51.673Z&quot;,
                &quot;status&quot;: &quot;PENDING&quot;
            },
            {
                &quot;time&quot;: &quot;2022-02-16T10:01:51.713Z&quot;,
                &quot;status&quot;: &quot;SEND&quot;
            },
            {
                &quot;time&quot;: &quot;2022-02-16T10:01:51.755Z&quot;,
                &quot;status&quot;: &quot;DELIVERED&quot;
            },
            {
                &quot;time&quot;: &quot;2022-02-16T10:04:30.106Z&quot;,
                &quot;status&quot;: &quot;PENDING&quot;
            },
            {
                &quot;time&quot;: &quot;2022-02-16T10:04:30.153Z&quot;,
                &quot;status&quot;: &quot;SEND&quot;
            },
            {
                &quot;time&quot;: &quot;2022-02-16T10:04:30.200Z&quot;,
                &quot;status&quot;: &quot;DELIVERED&quot;
            },
            {
                &quot;time&quot;: &quot;2022-02-16T10:04:31.076Z&quot;,
                &quot;status&quot;: &quot;PENDING&quot;
            },
            {
                &quot;time&quot;: &quot;2022-02-16T10:04:31.122Z&quot;,
                &quot;status&quot;: &quot;SEND&quot;
            },
            {
                &quot;time&quot;: &quot;2022-02-16T10:04:31.164Z&quot;,
                &quot;status&quot;: &quot;DELIVERED&quot;
            },
            {
                &quot;time&quot;: &quot;2022-02-16T10:07:10.462Z&quot;,
                &quot;status&quot;: &quot;PENDING&quot;
            },
            {
                &quot;time&quot;: &quot;2022-02-16T10:07:10.499Z&quot;,
                &quot;status&quot;: &quot;SEND&quot;
            },
            {
                &quot;time&quot;: &quot;2022-02-16T10:07:10.537Z&quot;,
                &quot;status&quot;: &quot;DELIVERED&quot;
            },
            {
                &quot;time&quot;: &quot;2022-02-16T10:07:11.343Z&quot;,
                &quot;status&quot;: &quot;PENDING&quot;
            },
            {
                &quot;time&quot;: &quot;2022-02-16T10:07:11.380Z&quot;,
                &quot;status&quot;: &quot;SEND&quot;
            },
            {
                &quot;time&quot;: &quot;2022-02-16T10:07:11.418Z&quot;,
                &quot;status&quot;: &quot;DELIVERED&quot;
            },
            {
                &quot;time&quot;: &quot;2022-02-16T10:09:49.720Z&quot;,
                &quot;status&quot;: &quot;PENDING&quot;
            },
            {
                &quot;time&quot;: &quot;2022-02-16T10:09:49.762Z&quot;,
                &quot;status&quot;: &quot;SEND&quot;
            },
            {
                &quot;time&quot;: &quot;2022-02-16T10:09:49.803Z&quot;,
                &quot;status&quot;: &quot;DELIVERED&quot;
            },
            {
                &quot;time&quot;: &quot;2022-02-16T10:09:50.610Z&quot;,
                &quot;status&quot;: &quot;PENDING&quot;
            },
            {
                &quot;time&quot;: &quot;2022-02-16T10:09:50.651Z&quot;,
                &quot;status&quot;: &quot;SEND&quot;
            },
            {
                &quot;time&quot;: &quot;2022-02-16T10:09:50.691Z&quot;,
                &quot;status&quot;: &quot;DELIVERED&quot;
            },
            {
                &quot;time&quot;: &quot;2022-02-16T10:12:29.403Z&quot;,
                &quot;status&quot;: &quot;PENDING&quot;
            },
            {
                &quot;time&quot;: &quot;2022-02-16T10:12:29.449Z&quot;,
                &quot;status&quot;: &quot;SEND&quot;
            },
            {
                &quot;time&quot;: &quot;2022-02-16T10:12:29.494Z&quot;,
                &quot;status&quot;: &quot;DELIVERED&quot;
            },
            {
                &quot;time&quot;: &quot;2022-02-16T10:12:30.338Z&quot;,
                &quot;status&quot;: &quot;PENDING&quot;
            },
            {
                &quot;time&quot;: &quot;2022-02-16T10:12:30.379Z&quot;,
                &quot;status&quot;: &quot;SEND&quot;
            },
            {
                &quot;time&quot;: &quot;2022-02-16T10:12:30.423Z&quot;,
                &quot;status&quot;: &quot;DELIVERED&quot;
            },
            {
                &quot;time&quot;: &quot;2022-02-16T10:15:08.464Z&quot;,
                &quot;status&quot;: &quot;PENDING&quot;
            },
            {
                &quot;time&quot;: &quot;2022-02-16T10:15:08.507Z&quot;,
                &quot;status&quot;: &quot;SEND&quot;
            },
            {
                &quot;time&quot;: &quot;2022-02-16T10:15:08.549Z&quot;,
                &quot;status&quot;: &quot;DELIVERED&quot;
            },
            {
                &quot;time&quot;: &quot;2022-02-16T10:15:09.384Z&quot;,
                &quot;status&quot;: &quot;PENDING&quot;
            },
            {
                &quot;time&quot;: &quot;2022-02-16T10:15:09.428Z&quot;,
                &quot;status&quot;: &quot;SEND&quot;
            }
        ],
        &quot;status&quot;: &quot;DELIVERED&quot;
    },
    &quot;creationTime&quot;: &quot;2022-02-16T09:22:46.140Z&quot;,
    &quot;deviceId&quot;: &quot;14273295&quot;,
    &quot;deviceName&quot;: &quot;offsitec&quot;,
    &quot;self&quot;: &quot;https://t493319102.eu-latest.cumulocity.com/devicecontrol/operations/14275540&quot;,
    &quot;id&quot;: &quot;14275540&quot;,
    &quot;status&quot;: &quot;PENDING&quot;,
    &quot;c8y_LogfileRequest&quot;: {
        &quot;searchText&quot;: &quot;&quot;,
        &quot;logFile&quot;: &quot;software-management&quot;,
        &quot;dateTo&quot;: &quot;2021-11-21T18:55:49+0530&quot;,
        &quot;dateFrom&quot;: &quot;2021-11-15T18:55:49+0530&quot;,
        &quot;maximumLines&quot;: 300
    },
    &quot;description&quot;: &quot;Log file request&quot;
}
10:16:14 DEBUG Final URL of the request: https://thin-edge-io.eu-latest.cumulocity.com/devicecontrol/operations?deviceId=14273295&amp;pageSize=1&amp;revert=true&amp;dateFrom=1970-01-01T00%3A00%3A00.000Z
10:16:14 INFO  State of current operation: PENDING
10:16:14 DEBUG Final URL of the request: https://thin-edge-io.eu-latest.cumulocity.com/devicecontrol/operations?deviceId=14273295&amp;pageSize=1&amp;revert=true&amp;dateFrom=1970-01-01T00%3A00%3A00.000Z
10:16:14 DEBUG State of current operation: {
    &quot;delivery&quot;: {
        &quot;time&quot;: &quot;2022-02-16T10:15:09.472Z&quot;,
        &quot;log&quot;: [
            {
                &quot;time&quot;: &quot;2022-02-16T09:22:46.166Z&quot;,
                &quot;status&quot;: &quot;PENDING&quot;
            },
            {
                &quot;time&quot;: &quot;2022-02-16T09:22:46.185Z&quot;,
                &quot;status&quot;: &quot;SEND&quot;
            },
            {
                &quot;time&quot;: &quot;2022-02-16T09:22:46.219Z&quot;,
                &quot;status&quot;: &quot;DELIVERED&quot;
            },
            {
                &quot;time&quot;: &quot;2022-02-16T09:23:55.047Z&quot;,
                &quot;status&quot;: &quot;PENDING&quot;
            },
            {
                &quot;time&quot;: &quot;2022-02-16T09:23:55.077Z&quot;,
                &quot;status&quot;: &quot;SEND&quot;
            },
            {
                &quot;time&quot;: &quot;2022-02-16T09:23:55.114Z&quot;,
                &quot;status&quot;: &quot;DELIVERED&quot;
            },
            {
                &quot;time&quot;: &quot;2022-02-16T09:23:55.901Z&quot;,
                &quot;status&quot;: &quot;PENDING&quot;
            },
            {
                &quot;time&quot;: &quot;2022-02-16T09:23:55.930Z&quot;,
                &quot;status&quot;: &quot;SEND&quot;
            },
            {
                &quot;time&quot;: &quot;2022-02-16T09:23:55.967Z&quot;,
                &quot;status&quot;: &quot;DELIVERED&quot;
            },
            {
                &quot;time&quot;: &quot;2022-02-16T09:24:55.073Z&quot;,
                &quot;status&quot;: &quot;PENDING&quot;
            },
            {
                &quot;time&quot;: &quot;2022-02-16T09:24:55.106Z&quot;,
                &quot;status&quot;: &quot;SEND&quot;
            },
            {
                &quot;time&quot;: &quot;2022-02-16T09:24:55.144Z&quot;,
                &quot;status&quot;: &quot;DELIVERED&quot;
            },
            {
                &quot;time&quot;: &quot;2022-02-16T09:24:55.971Z&quot;,
                &quot;status&quot;: &quot;PENDING&quot;
            },
            {
                &quot;time&quot;: &quot;2022-02-16T09:24:56.008Z&quot;,
                &quot;status&quot;: &quot;SEND&quot;
            },
            {
                &quot;time&quot;: &quot;2022-02-16T09:24:56.044Z&quot;,
                &quot;status&quot;: &quot;DELIVERED&quot;
            },
            {
                &quot;time&quot;: &quot;2022-02-16T09:26:09.362Z&quot;,
                &quot;status&quot;: &quot;PENDING&quot;
            },
            {
                &quot;time&quot;: &quot;2022-02-16T09:26:09.392Z&quot;,
                &quot;status&quot;: &quot;SEND&quot;
            },
            {
                &quot;time&quot;: &quot;2022-02-16T09:26:09.428Z&quot;,
                &quot;status&quot;: &quot;DELIVERED&quot;
            },
            {
                &quot;time&quot;: &quot;2022-02-16T09:26:10.287Z&quot;,
                &quot;status&quot;: &quot;PENDING&quot;
            },
            {
                &quot;time&quot;: &quot;2022-02-16T09:26:10.317Z&quot;,
                &quot;status&quot;: &quot;SEND&quot;
            },
            {
                &quot;time&quot;: &quot;2022-02-16T09:26:10.353Z&quot;,
                &quot;status&quot;: &quot;DELIVERED&quot;
            },
            {
                &quot;time&quot;: &quot;2022-02-16T09:27:24.861Z&quot;,
                &quot;status&quot;: &quot;PENDING&quot;
            },
            {
                &quot;time&quot;: &quot;2022-02-16T09:27:24.898Z&quot;,
                &quot;status&quot;: &quot;SEND&quot;
            },
            {
                &quot;time&quot;: &quot;2022-02-16T09:27:24.935Z&quot;,
                &quot;status&quot;: &quot;DELIVERED&quot;
            },
            {
                &quot;time&quot;: &quot;2022-02-16T09:27:25.773Z&quot;,
                &quot;status&quot;: &quot;PENDING&quot;
            },
            {
                &quot;time&quot;: &quot;2022-02-16T09:27:25.812Z&quot;,
                &quot;status&quot;: &quot;SEND&quot;
            },
            {
                &quot;time&quot;: &quot;2022-02-16T09:27:25.849Z&quot;,
                &quot;status&quot;: &quot;DELIVERED&quot;
            },
            {
                &quot;time&quot;: &quot;2022-02-16T09:28:06.037Z&quot;,
                &quot;status&quot;: &quot;PENDING&quot;
            },
            {
                &quot;time&quot;: &quot;2022-02-16T09:28:06.069Z&quot;,
                &quot;status&quot;: &quot;SEND&quot;
            },
            {
                &quot;time&quot;: &quot;2022-02-16T09:28:06.107Z&quot;,
                &quot;status&quot;: &quot;DELIVERED&quot;
            },
            {
                &quot;time&quot;: &quot;2022-02-16T09:28:06.968Z&quot;,
                &quot;status&quot;: &quot;PENDING&quot;
            },
            {
                &quot;time&quot;: &quot;2022-02-16T09:28:07.002Z&quot;,
                &quot;status&quot;: &quot;SEND&quot;
            },
            {
                &quot;time&quot;: &quot;2022-02-16T09:28:07.039Z&quot;,
                &quot;status&quot;: &quot;DELIVERED&quot;
            },
            {
                &quot;time&quot;: &quot;2022-02-16T09:28:58.713Z&quot;,
                &quot;status&quot;: &quot;PENDING&quot;
            },
            {
                &quot;time&quot;: &quot;2022-02-16T09:28:58.744Z&quot;,
                &quot;status&quot;: &quot;SEND&quot;
            },
            {
                &quot;time&quot;: &quot;2022-02-16T09:28:58.782Z&quot;,
                &quot;status&quot;: &quot;DELIVERED&quot;
            },
            {
                &quot;time&quot;: &quot;2022-02-16T09:28:59.589Z&quot;,
                &quot;status&quot;: &quot;PENDING&quot;
            },
            {
                &quot;time&quot;: &quot;2022-02-16T09:28:59.620Z&quot;,
                &quot;status&quot;: &quot;SEND&quot;
            },
            {
                &quot;time&quot;: &quot;2022-02-16T09:28:59.658Z&quot;,
                &quot;status&quot;: &quot;DELIVERED&quot;
            },
            {
                &quot;time&quot;: &quot;2022-02-16T09:29:51.098Z&quot;,
                &quot;status&quot;: &quot;PENDING&quot;
            },
            {
                &quot;time&quot;: &quot;2022-02-16T09:29:51.134Z&quot;,
                &quot;status&quot;: &quot;SEND&quot;
            },
            {
                &quot;time&quot;: &quot;2022-02-16T09:29:51.171Z&quot;,
                &quot;status&quot;: &quot;DELIVERED&quot;
            },
            {
                &quot;time&quot;: &quot;2022-02-16T09:29:52.013Z&quot;,
                &quot;status&quot;: &quot;PENDING&quot;
            },
            {
                &quot;time&quot;: &quot;2022-02-16T09:29:52.047Z&quot;,
                &quot;status&quot;: &quot;SEND&quot;
            },
            {
                &quot;time&quot;: &quot;2022-02-16T09:29:52.089Z&quot;,
                &quot;status&quot;: &quot;DELIVERED&quot;
            },
            {
                &quot;time&quot;: &quot;2022-02-16T09:30:33.494Z&quot;,
                &quot;status&quot;: &quot;PENDING&quot;
            },
            {
                &quot;time&quot;: &quot;2022-02-16T09:30:33.534Z&quot;,
                &quot;status&quot;: &quot;SEND&quot;
            },
            {
                &quot;time&quot;: &quot;2022-02-16T09:30:33.571Z&quot;,
                &quot;status&quot;: &quot;DELIVERED&quot;
            },
            {
                &quot;time&quot;: &quot;2022-02-16T09:30:34.412Z&quot;,
                &quot;status&quot;: &quot;PENDING&quot;
            },
            {
                &quot;time&quot;: &quot;2022-02-16T09:30:34.453Z&quot;,
                &quot;status&quot;: &quot;SEND&quot;
            },
            {
                &quot;time&quot;: &quot;2022-02-16T09:30:34.488Z&quot;,
                &quot;status&quot;: &quot;DELIVERED&quot;
            },
            {
                &quot;time&quot;: &quot;2022-02-16T09:32:49.337Z&quot;,
                &quot;status&quot;: &quot;PENDING&quot;
            },
            {
                &quot;time&quot;: &quot;2022-02-16T09:32:49.371Z&quot;,
                &quot;status&quot;: &quot;SEND&quot;
            },
            {
                &quot;time&quot;: &quot;2022-02-16T09:32:49.408Z&quot;,
                &quot;status&quot;: &quot;DELIVERED&quot;
            },
            {
                &quot;time&quot;: &quot;2022-02-16T09:32:50.347Z&quot;,
                &quot;status&quot;: &quot;PENDING&quot;
            },
            {
                &quot;time&quot;: &quot;2022-02-16T09:32:50.382Z&quot;,
                &quot;status&quot;: &quot;SEND&quot;
            },
            {
                &quot;time&quot;: &quot;2022-02-16T09:32:50.423Z&quot;,
                &quot;status&quot;: &quot;DELIVERED&quot;
            },
            {
                &quot;time&quot;: &quot;2022-02-16T09:35:18.696Z&quot;,
                &quot;status&quot;: &quot;PENDING&quot;
            },
            {
                &quot;time&quot;: &quot;2022-02-16T09:35:18.734Z&quot;,
                &quot;status&quot;: &quot;SEND&quot;
            },
            {
                &quot;time&quot;: &quot;2022-02-16T09:35:18.769Z&quot;,
                &quot;status&quot;: &quot;DELIVERED&quot;
            },
            {
                &quot;time&quot;: &quot;2022-02-16T09:35:41.813Z&quot;,
                &quot;status&quot;: &quot;PENDING&quot;
            },
            {
                &quot;time&quot;: &quot;2022-02-16T09:35:41.852Z&quot;,
                &quot;status&quot;: &quot;SEND&quot;
            },
            {
                &quot;time&quot;: &quot;2022-02-16T09:35:41.891Z&quot;,
                &quot;status&quot;: &quot;DELIVERED&quot;
            },
            {
                &quot;time&quot;: &quot;2022-02-16T09:35:42.766Z&quot;,
                &quot;status&quot;: &quot;PENDING&quot;
            },
            {
                &quot;time&quot;: &quot;2022-02-16T09:35:42.811Z&quot;,
                &quot;status&quot;: &quot;SEND&quot;
            },
            {
                &quot;time&quot;: &quot;2022-02-16T09:35:42.849Z&quot;,
                &quot;status&quot;: &quot;DELIVERED&quot;
            },
            {
                &quot;time&quot;: &quot;2022-02-16T09:36:06.394Z&quot;,
                &quot;status&quot;: &quot;PENDING&quot;
            },
            {
                &quot;time&quot;: &quot;2022-02-16T09:36:06.432Z&quot;,
                &quot;status&quot;: &quot;SEND&quot;
            },
            {
                &quot;time&quot;: &quot;2022-02-16T09:36:06.488Z&quot;,
                &quot;status&quot;: &quot;DELIVERED&quot;
            },
            {
                &quot;time&quot;: &quot;2022-02-16T09:36:07.318Z&quot;,
                &quot;status&quot;: &quot;PENDING&quot;
            },
            {
                &quot;time&quot;: &quot;2022-02-16T09:36:07.358Z&quot;,
                &quot;status&quot;: &quot;SEND&quot;
            },
            {
                &quot;time&quot;: &quot;2022-02-16T09:36:07.393Z&quot;,
                &quot;status&quot;: &quot;DELIVERED&quot;
            },
            {
                &quot;time&quot;: &quot;2022-02-16T09:36:30.178Z&quot;,
                &quot;status&quot;: &quot;PENDING&quot;
            },
            {
                &quot;time&quot;: &quot;2022-02-16T09:36:30.210Z&quot;,
                &quot;status&quot;: &quot;SEND&quot;
            },
            {
                &quot;time&quot;: &quot;2022-02-16T09:36:30.248Z&quot;,
                &quot;status&quot;: &quot;DELIVERED&quot;
            },
            {
                &quot;time&quot;: &quot;2022-02-16T09:36:31.123Z&quot;,
                &quot;status&quot;: &quot;PENDING&quot;
            },
            {
                &quot;time&quot;: &quot;2022-02-16T09:36:31.156Z&quot;,
                &quot;status&quot;: &quot;SEND&quot;
            },
            {
                &quot;time&quot;: &quot;2022-02-16T09:36:31.207Z&quot;,
                &quot;status&quot;: &quot;DELIVERED&quot;
            },
            {
                &quot;time&quot;: &quot;2022-02-16T09:37:08.443Z&quot;,
                &quot;status&quot;: &quot;PENDING&quot;
            },
            {
                &quot;time&quot;: &quot;2022-02-16T09:37:08.481Z&quot;,
                &quot;status&quot;: &quot;SEND&quot;
            },
            {
                &quot;time&quot;: &quot;2022-02-16T09:37:08.522Z&quot;,
                &quot;status&quot;: &quot;DELIVERED&quot;
            },
            {
                &quot;time&quot;: &quot;2022-02-16T09:37:09.439Z&quot;,
                &quot;status&quot;: &quot;PENDING&quot;
            },
            {
                &quot;time&quot;: &quot;2022-02-16T09:37:09.478Z&quot;,
                &quot;status&quot;: &quot;SEND&quot;
            },
            {
                &quot;time&quot;: &quot;2022-02-16T09:37:09.516Z&quot;,
                &quot;status&quot;: &quot;DELIVERED&quot;
            },
            {
                &quot;time&quot;: &quot;2022-02-16T09:37:13.026Z&quot;,
                &quot;status&quot;: &quot;PENDING&quot;
            },
            {
                &quot;time&quot;: &quot;2022-02-16T09:37:13.068Z&quot;,
                &quot;status&quot;: &quot;SEND&quot;
            },
            {
                &quot;time&quot;: &quot;2022-02-16T09:37:13.106Z&quot;,
                &quot;status&quot;: &quot;DELIVERED&quot;
            },
            {
                &quot;time&quot;: &quot;2022-02-16T09:37:37.817Z&quot;,
                &quot;status&quot;: &quot;PENDING&quot;
            },
            {
                &quot;time&quot;: &quot;2022-02-16T09:37:37.857Z&quot;,
                &quot;status&quot;: &quot;SEND&quot;
            },
            {
                &quot;time&quot;: &quot;2022-02-16T09:37:37.893Z&quot;,
                &quot;status&quot;: &quot;DELIVERED&quot;
            },
            {
                &quot;time&quot;: &quot;2022-02-16T09:37:38.638Z&quot;,
                &quot;status&quot;: &quot;PENDING&quot;
            },
            {
                &quot;time&quot;: &quot;2022-02-16T09:37:38.675Z&quot;,
                &quot;status&quot;: &quot;SEND&quot;
            },
            {
                &quot;time&quot;: &quot;2022-02-16T09:37:38.712Z&quot;,
                &quot;status&quot;: &quot;DELIVERED&quot;
            },
            {
                &quot;time&quot;: &quot;2022-02-16T09:38:03.926Z&quot;,
                &quot;status&quot;: &quot;PENDING&quot;
            },
            {
                &quot;time&quot;: &quot;2022-02-16T09:38:03.965Z&quot;,
                &quot;status&quot;: &quot;SEND&quot;
            },
            {
                &quot;time&quot;: &quot;2022-02-16T09:38:04.001Z&quot;,
                &quot;status&quot;: &quot;DELIVERED&quot;
            },
            {
                &quot;time&quot;: &quot;2022-02-16T09:38:04.819Z&quot;,
                &quot;status&quot;: &quot;PENDING&quot;
            },
            {
                &quot;time&quot;: &quot;2022-02-16T09:38:04.864Z&quot;,
                &quot;status&quot;: &quot;SEND&quot;
            },
            {
                &quot;time&quot;: &quot;2022-02-16T09:38:04.911Z&quot;,
                &quot;status&quot;: &quot;DELIVERED&quot;
            },
            {
                &quot;time&quot;: &quot;2022-02-16T09:53:50.860Z&quot;,
                &quot;status&quot;: &quot;PENDING&quot;
            },
            {
                &quot;time&quot;: &quot;2022-02-16T09:53:50.900Z&quot;,
                &quot;status&quot;: &quot;SEND&quot;
            },
            {
                &quot;time&quot;: &quot;2022-02-16T09:53:50.939Z&quot;,
                &quot;status&quot;: &quot;DELIVERED&quot;
            },
            {
                &quot;time&quot;: &quot;2022-02-16T09:53:51.831Z&quot;,
                &quot;status&quot;: &quot;PENDING&quot;
            },
            {
                &quot;time&quot;: &quot;2022-02-16T09:53:51.869Z&quot;,
                &quot;status&quot;: &quot;SEND&quot;
            },
            {
                &quot;time&quot;: &quot;2022-02-16T09:53:51.917Z&quot;,
                &quot;status&quot;: &quot;DELIVERED&quot;
            },
            {
                &quot;time&quot;: &quot;2022-02-16T09:56:32.333Z&quot;,
                &quot;status&quot;: &quot;PENDING&quot;
            },
            {
                &quot;time&quot;: &quot;2022-02-16T09:56:32.376Z&quot;,
                &quot;status&quot;: &quot;SEND&quot;
            },
            {
                &quot;time&quot;: &quot;2022-02-16T09:56:32.413Z&quot;,
                &quot;status&quot;: &quot;DELIVERED&quot;
            },
            {
                &quot;time&quot;: &quot;2022-02-16T09:56:33.226Z&quot;,
                &quot;status&quot;: &quot;PENDING&quot;
            },
            {
                &quot;time&quot;: &quot;2022-02-16T09:56:33.279Z&quot;,
                &quot;status&quot;: &quot;SEND&quot;
            },
            {
                &quot;time&quot;: &quot;2022-02-16T09:56:33.321Z&quot;,
                &quot;status&quot;: &quot;DELIVERED&quot;
            },
            {
                &quot;time&quot;: &quot;2022-02-16T09:59:11.843Z&quot;,
                &quot;status&quot;: &quot;PENDING&quot;
            },
            {
                &quot;time&quot;: &quot;2022-02-16T09:59:11.885Z&quot;,
                &quot;status&quot;: &quot;SEND&quot;
            },
            {
                &quot;time&quot;: &quot;2022-02-16T09:59:11.929Z&quot;,
                &quot;status&quot;: &quot;DELIVERED&quot;
            },
            {
                &quot;time&quot;: &quot;2022-02-16T09:59:12.799Z&quot;,
                &quot;status&quot;: &quot;PENDING&quot;
            },
            {
                &quot;time&quot;: &quot;2022-02-16T09:59:12.857Z&quot;,
                &quot;status&quot;: &quot;SEND&quot;
            },
            {
                &quot;time&quot;: &quot;2022-02-16T09:59:12.913Z&quot;,
                &quot;status&quot;: &quot;DELIVERED&quot;
            },
            {
                &quot;time&quot;: &quot;2022-02-16T10:01:50.751Z&quot;,
                &quot;status&quot;: &quot;PENDING&quot;
            },
            {
                &quot;time&quot;: &quot;2022-02-16T10:01:50.791Z&quot;,
                &quot;status&quot;: &quot;SEND&quot;
            },
            {
                &quot;time&quot;: &quot;2022-02-16T10:01:50.828Z&quot;,
                &quot;status&quot;: &quot;DELIVERED&quot;
            },
            {
                &quot;time&quot;: &quot;2022-02-16T10:01:51.673Z&quot;,
                &quot;status&quot;: &quot;PENDING&quot;
            },
            {
                &quot;time&quot;: &quot;2022-02-16T10:01:51.713Z&quot;,
                &quot;status&quot;: &quot;SEND&quot;
            },
            {
                &quot;time&quot;: &quot;2022-02-16T10:01:51.755Z&quot;,
                &quot;status&quot;: &quot;DELIVERED&quot;
            },
            {
                &quot;time&quot;: &quot;2022-02-16T10:04:30.106Z&quot;,
                &quot;status&quot;: &quot;PENDING&quot;
            },
            {
                &quot;time&quot;: &quot;2022-02-16T10:04:30.153Z&quot;,
                &quot;status&quot;: &quot;SEND&quot;
            },
            {
                &quot;time&quot;: &quot;2022-02-16T10:04:30.200Z&quot;,
                &quot;status&quot;: &quot;DELIVERED&quot;
            },
            {
                &quot;time&quot;: &quot;2022-02-16T10:04:31.076Z&quot;,
                &quot;status&quot;: &quot;PENDING&quot;
            },
            {
                &quot;time&quot;: &quot;2022-02-16T10:04:31.122Z&quot;,
                &quot;status&quot;: &quot;SEND&quot;
            },
            {
                &quot;time&quot;: &quot;2022-02-16T10:04:31.164Z&quot;,
                &quot;status&quot;: &quot;DELIVERED&quot;
            },
            {
                &quot;time&quot;: &quot;2022-02-16T10:07:10.462Z&quot;,
                &quot;status&quot;: &quot;PENDING&quot;
            },
            {
                &quot;time&quot;: &quot;2022-02-16T10:07:10.499Z&quot;,
                &quot;status&quot;: &quot;SEND&quot;
            },
            {
                &quot;time&quot;: &quot;2022-02-16T10:07:10.537Z&quot;,
                &quot;status&quot;: &quot;DELIVERED&quot;
            },
            {
                &quot;time&quot;: &quot;2022-02-16T10:07:11.343Z&quot;,
                &quot;status&quot;: &quot;PENDING&quot;
            },
            {
                &quot;time&quot;: &quot;2022-02-16T10:07:11.380Z&quot;,
                &quot;status&quot;: &quot;SEND&quot;
            },
            {
                &quot;time&quot;: &quot;2022-02-16T10:07:11.418Z&quot;,
                &quot;status&quot;: &quot;DELIVERED&quot;
            },
            {
                &quot;time&quot;: &quot;2022-02-16T10:09:49.720Z&quot;,
                &quot;status&quot;: &quot;PENDING&quot;
            },
            {
                &quot;time&quot;: &quot;2022-02-16T10:09:49.762Z&quot;,
                &quot;status&quot;: &quot;SEND&quot;
            },
            {
                &quot;time&quot;: &quot;2022-02-16T10:09:49.803Z&quot;,
                &quot;status&quot;: &quot;DELIVERED&quot;
            },
            {
                &quot;time&quot;: &quot;2022-02-16T10:09:50.610Z&quot;,
                &quot;status&quot;: &quot;PENDING&quot;
            },
            {
                &quot;time&quot;: &quot;2022-02-16T10:09:50.651Z&quot;,
                &quot;status&quot;: &quot;SEND&quot;
            },
            {
                &quot;time&quot;: &quot;2022-02-16T10:09:50.691Z&quot;,
                &quot;status&quot;: &quot;DELIVERED&quot;
            },
            {
                &quot;time&quot;: &quot;2022-02-16T10:12:29.403Z&quot;,
                &quot;status&quot;: &quot;PENDING&quot;
            },
            {
                &quot;time&quot;: &quot;2022-02-16T10:12:29.449Z&quot;,
                &quot;status&quot;: &quot;SEND&quot;
            },
            {
                &quot;time&quot;: &quot;2022-02-16T10:12:29.494Z&quot;,
                &quot;status&quot;: &quot;DELIVERED&quot;
            },
            {
                &quot;time&quot;: &quot;2022-02-16T10:12:30.338Z&quot;,
                &quot;status&quot;: &quot;PENDING&quot;
            },
            {
                &quot;time&quot;: &quot;2022-02-16T10:12:30.379Z&quot;,
                &quot;status&quot;: &quot;SEND&quot;
            },
            {
                &quot;time&quot;: &quot;2022-02-16T10:12:30.423Z&quot;,
                &quot;status&quot;: &quot;DELIVERED&quot;
            },
            {
                &quot;time&quot;: &quot;2022-02-16T10:15:08.464Z&quot;,
                &quot;status&quot;: &quot;PENDING&quot;
            },
            {
                &quot;time&quot;: &quot;2022-02-16T10:15:08.507Z&quot;,
                &quot;status&quot;: &quot;SEND&quot;
            },
            {
                &quot;time&quot;: &quot;2022-02-16T10:15:08.549Z&quot;,
                &quot;status&quot;: &quot;DELIVERED&quot;
            },
            {
                &quot;time&quot;: &quot;2022-02-16T10:15:09.384Z&quot;,
                &quot;status&quot;: &quot;PENDING&quot;
            },
            {
                &quot;time&quot;: &quot;2022-02-16T10:15:09.428Z&quot;,
                &quot;status&quot;: &quot;SEND&quot;
            }
        ],
        &quot;status&quot;: &quot;DELIVERED&quot;
    },
    &quot;creationTime&quot;: &quot;2022-02-16T09:22:46.140Z&quot;,
    &quot;deviceId&quot;: &quot;14273295&quot;,
    &quot;deviceName&quot;: &quot;offsitec&quot;,
    &quot;self&quot;: &quot;https://t493319102.eu-latest.cumulocity.com/devicecontrol/operations/14275540&quot;,
    &quot;id&quot;: &quot;14275540&quot;,
    &quot;status&quot;: &quot;PENDING&quot;,
    &quot;c8y_LogfileRequest&quot;: {
        &quot;searchText&quot;: &quot;&quot;,
        &quot;logFile&quot;: &quot;software-management&quot;,
        &quot;dateTo&quot;: &quot;2021-11-21T18:55:49+0530&quot;,
        &quot;dateFrom&quot;: &quot;2021-11-15T18:55:49+0530&quot;,
        &quot;maximumLines&quot;: 300
    },
    &quot;description&quot;: &quot;Log file request&quot;
}
10:16:16 DEBUG Final URL of the request: https://thin-edge-io.eu-latest.cumulocity.com/devicecontrol/operations?deviceId=14273295&amp;pageSize=1&amp;revert=true&amp;dateFrom=1970-01-01T00%3A00%3A00.000Z
10:16:16 INFO  State of current operation: PENDING
10:16:16 DEBUG Final URL of the request: https://thin-edge-io.eu-latest.cumulocity.com/devicecontrol/operations?deviceId=14273295&amp;pageSize=1&amp;revert=true&amp;dateFrom=1970-01-01T00%3A00%3A00.000Z
10:16:16 DEBUG State of current operation: {
    &quot;delivery&quot;: {
        &quot;time&quot;: &quot;2022-02-16T10:15:09.472Z&quot;,
        &quot;log&quot;: [
            {
                &quot;time&quot;: &quot;2022-02-16T09:22:46.166Z&quot;,
                &quot;status&quot;: &quot;PENDING&quot;
            },
            {
                &quot;time&quot;: &quot;2022-02-16T09:22:46.185Z&quot;,
                &quot;status&quot;: &quot;SEND&quot;
            },
            {
                &quot;time&quot;: &quot;2022-02-16T09:22:46.219Z&quot;,
                &quot;status&quot;: &quot;DELIVERED&quot;
            },
            {
                &quot;time&quot;: &quot;2022-02-16T09:23:55.047Z&quot;,
                &quot;status&quot;: &quot;PENDING&quot;
            },
            {
                &quot;time&quot;: &quot;2022-02-16T09:23:55.077Z&quot;,
                &quot;status&quot;: &quot;SEND&quot;
            },
            {
                &quot;time&quot;: &quot;2022-02-16T09:23:55.114Z&quot;,
                &quot;status&quot;: &quot;DELIVERED&quot;
            },
            {
                &quot;time&quot;: &quot;2022-02-16T09:23:55.901Z&quot;,
                &quot;status&quot;: &quot;PENDING&quot;
            },
            {
                &quot;time&quot;: &quot;2022-02-16T09:23:55.930Z&quot;,
                &quot;status&quot;: &quot;SEND&quot;
            },
            {
                &quot;time&quot;: &quot;2022-02-16T09:23:55.967Z&quot;,
                &quot;status&quot;: &quot;DELIVERED&quot;
            },
            {
                &quot;time&quot;: &quot;2022-02-16T09:24:55.073Z&quot;,
                &quot;status&quot;: &quot;PENDING&quot;
            },
            {
                &quot;time&quot;: &quot;2022-02-16T09:24:55.106Z&quot;,
                &quot;status&quot;: &quot;SEND&quot;
            },
            {
                &quot;time&quot;: &quot;2022-02-16T09:24:55.144Z&quot;,
                &quot;status&quot;: &quot;DELIVERED&quot;
            },
            {
                &quot;time&quot;: &quot;2022-02-16T09:24:55.971Z&quot;,
                &quot;status&quot;: &quot;PENDING&quot;
            },
            {
                &quot;time&quot;: &quot;2022-02-16T09:24:56.008Z&quot;,
                &quot;status&quot;: &quot;SEND&quot;
            },
            {
                &quot;time&quot;: &quot;2022-02-16T09:24:56.044Z&quot;,
                &quot;status&quot;: &quot;DELIVERED&quot;
            },
            {
                &quot;time&quot;: &quot;2022-02-16T09:26:09.362Z&quot;,
                &quot;status&quot;: &quot;PENDING&quot;
            },
            {
                &quot;time&quot;: &quot;2022-02-16T09:26:09.392Z&quot;,
                &quot;status&quot;: &quot;SEND&quot;
            },
            {
                &quot;time&quot;: &quot;2022-02-16T09:26:09.428Z&quot;,
                &quot;status&quot;: &quot;DELIVERED&quot;
            },
            {
                &quot;time&quot;: &quot;2022-02-16T09:26:10.287Z&quot;,
                &quot;status&quot;: &quot;PENDING&quot;
            },
            {
                &quot;time&quot;: &quot;2022-02-16T09:26:10.317Z&quot;,
                &quot;status&quot;: &quot;SEND&quot;
            },
            {
                &quot;time&quot;: &quot;2022-02-16T09:26:10.353Z&quot;,
                &quot;status&quot;: &quot;DELIVERED&quot;
            },
            {
                &quot;time&quot;: &quot;2022-02-16T09:27:24.861Z&quot;,
                &quot;status&quot;: &quot;PENDING&quot;
            },
            {
                &quot;time&quot;: &quot;2022-02-16T09:27:24.898Z&quot;,
                &quot;status&quot;: &quot;SEND&quot;
            },
            {
                &quot;time&quot;: &quot;2022-02-16T09:27:24.935Z&quot;,
                &quot;status&quot;: &quot;DELIVERED&quot;
            },
            {
                &quot;time&quot;: &quot;2022-02-16T09:27:25.773Z&quot;,
                &quot;status&quot;: &quot;PENDING&quot;
            },
            {
                &quot;time&quot;: &quot;2022-02-16T09:27:25.812Z&quot;,
                &quot;status&quot;: &quot;SEND&quot;
            },
            {
                &quot;time&quot;: &quot;2022-02-16T09:27:25.849Z&quot;,
                &quot;status&quot;: &quot;DELIVERED&quot;
            },
            {
                &quot;time&quot;: &quot;2022-02-16T09:28:06.037Z&quot;,
                &quot;status&quot;: &quot;PENDING&quot;
            },
            {
                &quot;time&quot;: &quot;2022-02-16T09:28:06.069Z&quot;,
                &quot;status&quot;: &quot;SEND&quot;
            },
            {
                &quot;time&quot;: &quot;2022-02-16T09:28:06.107Z&quot;,
                &quot;status&quot;: &quot;DELIVERED&quot;
            },
            {
                &quot;time&quot;: &quot;2022-02-16T09:28:06.968Z&quot;,
                &quot;status&quot;: &quot;PENDING&quot;
            },
            {
                &quot;time&quot;: &quot;2022-02-16T09:28:07.002Z&quot;,
                &quot;status&quot;: &quot;SEND&quot;
            },
            {
                &quot;time&quot;: &quot;2022-02-16T09:28:07.039Z&quot;,
                &quot;status&quot;: &quot;DELIVERED&quot;
            },
            {
                &quot;time&quot;: &quot;2022-02-16T09:28:58.713Z&quot;,
                &quot;status&quot;: &quot;PENDING&quot;
            },
            {
                &quot;time&quot;: &quot;2022-02-16T09:28:58.744Z&quot;,
                &quot;status&quot;: &quot;SEND&quot;
            },
            {
                &quot;time&quot;: &quot;2022-02-16T09:28:58.782Z&quot;,
                &quot;status&quot;: &quot;DELIVERED&quot;
            },
            {
                &quot;time&quot;: &quot;2022-02-16T09:28:59.589Z&quot;,
                &quot;status&quot;: &quot;PENDING&quot;
            },
            {
                &quot;time&quot;: &quot;2022-02-16T09:28:59.620Z&quot;,
                &quot;status&quot;: &quot;SEND&quot;
            },
            {
                &quot;time&quot;: &quot;2022-02-16T09:28:59.658Z&quot;,
                &quot;status&quot;: &quot;DELIVERED&quot;
            },
            {
                &quot;time&quot;: &quot;2022-02-16T09:29:51.098Z&quot;,
                &quot;status&quot;: &quot;PENDING&quot;
            },
            {
                &quot;time&quot;: &quot;2022-02-16T09:29:51.134Z&quot;,
                &quot;status&quot;: &quot;SEND&quot;
            },
            {
                &quot;time&quot;: &quot;2022-02-16T09:29:51.171Z&quot;,
                &quot;status&quot;: &quot;DELIVERED&quot;
            },
            {
                &quot;time&quot;: &quot;2022-02-16T09:29:52.013Z&quot;,
                &quot;status&quot;: &quot;PENDING&quot;
            },
            {
                &quot;time&quot;: &quot;2022-02-16T09:29:52.047Z&quot;,
                &quot;status&quot;: &quot;SEND&quot;
            },
            {
                &quot;time&quot;: &quot;2022-02-16T09:29:52.089Z&quot;,
                &quot;status&quot;: &quot;DELIVERED&quot;
            },
            {
                &quot;time&quot;: &quot;2022-02-16T09:30:33.494Z&quot;,
                &quot;status&quot;: &quot;PENDING&quot;
            },
            {
                &quot;time&quot;: &quot;2022-02-16T09:30:33.534Z&quot;,
                &quot;status&quot;: &quot;SEND&quot;
            },
            {
                &quot;time&quot;: &quot;2022-02-16T09:30:33.571Z&quot;,
                &quot;status&quot;: &quot;DELIVERED&quot;
            },
            {
                &quot;time&quot;: &quot;2022-02-16T09:30:34.412Z&quot;,
                &quot;status&quot;: &quot;PENDING&quot;
            },
            {
                &quot;time&quot;: &quot;2022-02-16T09:30:34.453Z&quot;,
                &quot;status&quot;: &quot;SEND&quot;
            },
            {
                &quot;time&quot;: &quot;2022-02-16T09:30:34.488Z&quot;,
                &quot;status&quot;: &quot;DELIVERED&quot;
            },
            {
                &quot;time&quot;: &quot;2022-02-16T09:32:49.337Z&quot;,
                &quot;status&quot;: &quot;PENDING&quot;
            },
            {
                &quot;time&quot;: &quot;2022-02-16T09:32:49.371Z&quot;,
                &quot;status&quot;: &quot;SEND&quot;
            },
            {
                &quot;time&quot;: &quot;2022-02-16T09:32:49.408Z&quot;,
                &quot;status&quot;: &quot;DELIVERED&quot;
            },
            {
                &quot;time&quot;: &quot;2022-02-16T09:32:50.347Z&quot;,
                &quot;status&quot;: &quot;PENDING&quot;
            },
            {
                &quot;time&quot;: &quot;2022-02-16T09:32:50.382Z&quot;,
                &quot;status&quot;: &quot;SEND&quot;
            },
            {
                &quot;time&quot;: &quot;2022-02-16T09:32:50.423Z&quot;,
                &quot;status&quot;: &quot;DELIVERED&quot;
            },
            {
                &quot;time&quot;: &quot;2022-02-16T09:35:18.696Z&quot;,
                &quot;status&quot;: &quot;PENDING&quot;
            },
            {
                &quot;time&quot;: &quot;2022-02-16T09:35:18.734Z&quot;,
                &quot;status&quot;: &quot;SEND&quot;
            },
            {
                &quot;time&quot;: &quot;2022-02-16T09:35:18.769Z&quot;,
                &quot;status&quot;: &quot;DELIVERED&quot;
            },
            {
                &quot;time&quot;: &quot;2022-02-16T09:35:41.813Z&quot;,
                &quot;status&quot;: &quot;PENDING&quot;
            },
            {
                &quot;time&quot;: &quot;2022-02-16T09:35:41.852Z&quot;,
                &quot;status&quot;: &quot;SEND&quot;
            },
            {
                &quot;time&quot;: &quot;2022-02-16T09:35:41.891Z&quot;,
                &quot;status&quot;: &quot;DELIVERED&quot;
            },
            {
                &quot;time&quot;: &quot;2022-02-16T09:35:42.766Z&quot;,
                &quot;status&quot;: &quot;PENDING&quot;
            },
            {
                &quot;time&quot;: &quot;2022-02-16T09:35:42.811Z&quot;,
                &quot;status&quot;: &quot;SEND&quot;
            },
            {
                &quot;time&quot;: &quot;2022-02-16T09:35:42.849Z&quot;,
                &quot;status&quot;: &quot;DELIVERED&quot;
            },
            {
                &quot;time&quot;: &quot;2022-02-16T09:36:06.394Z&quot;,
                &quot;status&quot;: &quot;PENDING&quot;
            },
            {
                &quot;time&quot;: &quot;2022-02-16T09:36:06.432Z&quot;,
                &quot;status&quot;: &quot;SEND&quot;
            },
            {
                &quot;time&quot;: &quot;2022-02-16T09:36:06.488Z&quot;,
                &quot;status&quot;: &quot;DELIVERED&quot;
            },
            {
                &quot;time&quot;: &quot;2022-02-16T09:36:07.318Z&quot;,
                &quot;status&quot;: &quot;PENDING&quot;
            },
            {
                &quot;time&quot;: &quot;2022-02-16T09:36:07.358Z&quot;,
                &quot;status&quot;: &quot;SEND&quot;
            },
            {
                &quot;time&quot;: &quot;2022-02-16T09:36:07.393Z&quot;,
                &quot;status&quot;: &quot;DELIVERED&quot;
            },
            {
                &quot;time&quot;: &quot;2022-02-16T09:36:30.178Z&quot;,
                &quot;status&quot;: &quot;PENDING&quot;
            },
            {
                &quot;time&quot;: &quot;2022-02-16T09:36:30.210Z&quot;,
                &quot;status&quot;: &quot;SEND&quot;
            },
            {
                &quot;time&quot;: &quot;2022-02-16T09:36:30.248Z&quot;,
                &quot;status&quot;: &quot;DELIVERED&quot;
            },
            {
                &quot;time&quot;: &quot;2022-02-16T09:36:31.123Z&quot;,
                &quot;status&quot;: &quot;PENDING&quot;
            },
            {
                &quot;time&quot;: &quot;2022-02-16T09:36:31.156Z&quot;,
                &quot;status&quot;: &quot;SEND&quot;
            },
            {
                &quot;time&quot;: &quot;2022-02-16T09:36:31.207Z&quot;,
                &quot;status&quot;: &quot;DELIVERED&quot;
            },
            {
                &quot;time&quot;: &quot;2022-02-16T09:37:08.443Z&quot;,
                &quot;status&quot;: &quot;PENDING&quot;
            },
            {
                &quot;time&quot;: &quot;2022-02-16T09:37:08.481Z&quot;,
                &quot;status&quot;: &quot;SEND&quot;
            },
            {
                &quot;time&quot;: &quot;2022-02-16T09:37:08.522Z&quot;,
                &quot;status&quot;: &quot;DELIVERED&quot;
            },
            {
                &quot;time&quot;: &quot;2022-02-16T09:37:09.439Z&quot;,
                &quot;status&quot;: &quot;PENDING&quot;
            },
            {
                &quot;time&quot;: &quot;2022-02-16T09:37:09.478Z&quot;,
                &quot;status&quot;: &quot;SEND&quot;
            },
            {
                &quot;time&quot;: &quot;2022-02-16T09:37:09.516Z&quot;,
                &quot;status&quot;: &quot;DELIVERED&quot;
            },
            {
                &quot;time&quot;: &quot;2022-02-16T09:37:13.026Z&quot;,
                &quot;status&quot;: &quot;PENDING&quot;
            },
            {
                &quot;time&quot;: &quot;2022-02-16T09:37:13.068Z&quot;,
                &quot;status&quot;: &quot;SEND&quot;
            },
            {
                &quot;time&quot;: &quot;2022-02-16T09:37:13.106Z&quot;,
                &quot;status&quot;: &quot;DELIVERED&quot;
            },
            {
                &quot;time&quot;: &quot;2022-02-16T09:37:37.817Z&quot;,
                &quot;status&quot;: &quot;PENDING&quot;
            },
            {
                &quot;time&quot;: &quot;2022-02-16T09:37:37.857Z&quot;,
                &quot;status&quot;: &quot;SEND&quot;
            },
            {
                &quot;time&quot;: &quot;2022-02-16T09:37:37.893Z&quot;,
                &quot;status&quot;: &quot;DELIVERED&quot;
            },
            {
                &quot;time&quot;: &quot;2022-02-16T09:37:38.638Z&quot;,
                &quot;status&quot;: &quot;PENDING&quot;
            },
            {
                &quot;time&quot;: &quot;2022-02-16T09:37:38.675Z&quot;,
                &quot;status&quot;: &quot;SEND&quot;
            },
            {
                &quot;time&quot;: &quot;2022-02-16T09:37:38.712Z&quot;,
                &quot;status&quot;: &quot;DELIVERED&quot;
            },
            {
                &quot;time&quot;: &quot;2022-02-16T09:38:03.926Z&quot;,
                &quot;status&quot;: &quot;PENDING&quot;
            },
            {
                &quot;time&quot;: &quot;2022-02-16T09:38:03.965Z&quot;,
                &quot;status&quot;: &quot;SEND&quot;
            },
            {
                &quot;time&quot;: &quot;2022-02-16T09:38:04.001Z&quot;,
                &quot;status&quot;: &quot;DELIVERED&quot;
            },
            {
                &quot;time&quot;: &quot;2022-02-16T09:38:04.819Z&quot;,
                &quot;status&quot;: &quot;PENDING&quot;
            },
            {
                &quot;time&quot;: &quot;2022-02-16T09:38:04.864Z&quot;,
                &quot;status&quot;: &quot;SEND&quot;
            },
            {
                &quot;time&quot;: &quot;2022-02-16T09:38:04.911Z&quot;,
                &quot;status&quot;: &quot;DELIVERED&quot;
            },
            {
                &quot;time&quot;: &quot;2022-02-16T09:53:50.860Z&quot;,
                &quot;status&quot;: &quot;PENDING&quot;
            },
            {
                &quot;time&quot;: &quot;2022-02-16T09:53:50.900Z&quot;,
                &quot;status&quot;: &quot;SEND&quot;
            },
            {
                &quot;time&quot;: &quot;2022-02-16T09:53:50.939Z&quot;,
                &quot;status&quot;: &quot;DELIVERED&quot;
            },
            {
                &quot;time&quot;: &quot;2022-02-16T09:53:51.831Z&quot;,
                &quot;status&quot;: &quot;PENDING&quot;
            },
            {
                &quot;time&quot;: &quot;2022-02-16T09:53:51.869Z&quot;,
                &quot;status&quot;: &quot;SEND&quot;
            },
            {
                &quot;time&quot;: &quot;2022-02-16T09:53:51.917Z&quot;,
                &quot;status&quot;: &quot;DELIVERED&quot;
            },
            {
                &quot;time&quot;: &quot;2022-02-16T09:56:32.333Z&quot;,
                &quot;status&quot;: &quot;PENDING&quot;
            },
            {
                &quot;time&quot;: &quot;2022-02-16T09:56:32.376Z&quot;,
                &quot;status&quot;: &quot;SEND&quot;
            },
            {
                &quot;time&quot;: &quot;2022-02-16T09:56:32.413Z&quot;,
                &quot;status&quot;: &quot;DELIVERED&quot;
            },
            {
                &quot;time&quot;: &quot;2022-02-16T09:56:33.226Z&quot;,
                &quot;status&quot;: &quot;PENDING&quot;
            },
            {
                &quot;time&quot;: &quot;2022-02-16T09:56:33.279Z&quot;,
                &quot;status&quot;: &quot;SEND&quot;
            },
            {
                &quot;time&quot;: &quot;2022-02-16T09:56:33.321Z&quot;,
                &quot;status&quot;: &quot;DELIVERED&quot;
            },
            {
                &quot;time&quot;: &quot;2022-02-16T09:59:11.843Z&quot;,
                &quot;status&quot;: &quot;PENDING&quot;
            },
            {
                &quot;time&quot;: &quot;2022-02-16T09:59:11.885Z&quot;,
                &quot;status&quot;: &quot;SEND&quot;
            },
            {
                &quot;time&quot;: &quot;2022-02-16T09:59:11.929Z&quot;,
                &quot;status&quot;: &quot;DELIVERED&quot;
            },
            {
                &quot;time&quot;: &quot;2022-02-16T09:59:12.799Z&quot;,
                &quot;status&quot;: &quot;PENDING&quot;
            },
            {
                &quot;time&quot;: &quot;2022-02-16T09:59:12.857Z&quot;,
                &quot;status&quot;: &quot;SEND&quot;
            },
            {
                &quot;time&quot;: &quot;2022-02-16T09:59:12.913Z&quot;,
                &quot;status&quot;: &quot;DELIVERED&quot;
            },
            {
                &quot;time&quot;: &quot;2022-02-16T10:01:50.751Z&quot;,
                &quot;status&quot;: &quot;PENDING&quot;
            },
            {
                &quot;time&quot;: &quot;2022-02-16T10:01:50.791Z&quot;,
                &quot;status&quot;: &quot;SEND&quot;
            },
            {
                &quot;time&quot;: &quot;2022-02-16T10:01:50.828Z&quot;,
                &quot;status&quot;: &quot;DELIVERED&quot;
            },
            {
                &quot;time&quot;: &quot;2022-02-16T10:01:51.673Z&quot;,
                &quot;status&quot;: &quot;PENDING&quot;
            },
            {
                &quot;time&quot;: &quot;2022-02-16T10:01:51.713Z&quot;,
                &quot;status&quot;: &quot;SEND&quot;
            },
            {
                &quot;time&quot;: &quot;2022-02-16T10:01:51.755Z&quot;,
                &quot;status&quot;: &quot;DELIVERED&quot;
            },
            {
                &quot;time&quot;: &quot;2022-02-16T10:04:30.106Z&quot;,
                &quot;status&quot;: &quot;PENDING&quot;
            },
            {
                &quot;time&quot;: &quot;2022-02-16T10:04:30.153Z&quot;,
                &quot;status&quot;: &quot;SEND&quot;
            },
            {
                &quot;time&quot;: &quot;2022-02-16T10:04:30.200Z&quot;,
                &quot;status&quot;: &quot;DELIVERED&quot;
            },
            {
                &quot;time&quot;: &quot;2022-02-16T10:04:31.076Z&quot;,
                &quot;status&quot;: &quot;PENDING&quot;
            },
            {
                &quot;time&quot;: &quot;2022-02-16T10:04:31.122Z&quot;,
                &quot;status&quot;: &quot;SEND&quot;
            },
            {
                &quot;time&quot;: &quot;2022-02-16T10:04:31.164Z&quot;,
                &quot;status&quot;: &quot;DELIVERED&quot;
            },
            {
                &quot;time&quot;: &quot;2022-02-16T10:07:10.462Z&quot;,
                &quot;status&quot;: &quot;PENDING&quot;
            },
            {
                &quot;time&quot;: &quot;2022-02-16T10:07:10.499Z&quot;,
                &quot;status&quot;: &quot;SEND&quot;
            },
            {
                &quot;time&quot;: &quot;2022-02-16T10:07:10.537Z&quot;,
                &quot;status&quot;: &quot;DELIVERED&quot;
            },
            {
                &quot;time&quot;: &quot;2022-02-16T10:07:11.343Z&quot;,
                &quot;status&quot;: &quot;PENDING&quot;
            },
            {
                &quot;time&quot;: &quot;2022-02-16T10:07:11.380Z&quot;,
                &quot;status&quot;: &quot;SEND&quot;
            },
            {
                &quot;time&quot;: &quot;2022-02-16T10:07:11.418Z&quot;,
                &quot;status&quot;: &quot;DELIVERED&quot;
            },
            {
                &quot;time&quot;: &quot;2022-02-16T10:09:49.720Z&quot;,
                &quot;status&quot;: &quot;PENDING&quot;
            },
            {
                &quot;time&quot;: &quot;2022-02-16T10:09:49.762Z&quot;,
                &quot;status&quot;: &quot;SEND&quot;
            },
            {
                &quot;time&quot;: &quot;2022-02-16T10:09:49.803Z&quot;,
                &quot;status&quot;: &quot;DELIVERED&quot;
            },
            {
                &quot;time&quot;: &quot;2022-02-16T10:09:50.610Z&quot;,
                &quot;status&quot;: &quot;PENDING&quot;
            },
            {
                &quot;time&quot;: &quot;2022-02-16T10:09:50.651Z&quot;,
                &quot;status&quot;: &quot;SEND&quot;
            },
            {
                &quot;time&quot;: &quot;2022-02-16T10:09:50.691Z&quot;,
                &quot;status&quot;: &quot;DELIVERED&quot;
            },
            {
                &quot;time&quot;: &quot;2022-02-16T10:12:29.403Z&quot;,
                &quot;status&quot;: &quot;PENDING&quot;
            },
            {
                &quot;time&quot;: &quot;2022-02-16T10:12:29.449Z&quot;,
                &quot;status&quot;: &quot;SEND&quot;
            },
            {
                &quot;time&quot;: &quot;2022-02-16T10:12:29.494Z&quot;,
                &quot;status&quot;: &quot;DELIVERED&quot;
            },
            {
                &quot;time&quot;: &quot;2022-02-16T10:12:30.338Z&quot;,
                &quot;status&quot;: &quot;PENDING&quot;
            },
            {
                &quot;time&quot;: &quot;2022-02-16T10:12:30.379Z&quot;,
                &quot;status&quot;: &quot;SEND&quot;
            },
            {
                &quot;time&quot;: &quot;2022-02-16T10:12:30.423Z&quot;,
                &quot;status&quot;: &quot;DELIVERED&quot;
            },
            {
                &quot;time&quot;: &quot;2022-02-16T10:15:08.464Z&quot;,
                &quot;status&quot;: &quot;PENDING&quot;
            },
            {
                &quot;time&quot;: &quot;2022-02-16T10:15:08.507Z&quot;,
                &quot;status&quot;: &quot;SEND&quot;
            },
            {
                &quot;time&quot;: &quot;2022-02-16T10:15:08.549Z&quot;,
                &quot;status&quot;: &quot;DELIVERED&quot;
            },
            {
                &quot;time&quot;: &quot;2022-02-16T10:15:09.384Z&quot;,
                &quot;status&quot;: &quot;PENDING&quot;
            },
            {
                &quot;time&quot;: &quot;2022-02-16T10:15:09.428Z&quot;,
                &quot;status&quot;: &quot;SEND&quot;
            }
        ],
        &quot;status&quot;: &quot;DELIVERED&quot;
    },
    &quot;creationTime&quot;: &quot;2022-02-16T09:22:46.140Z&quot;,
    &quot;deviceId&quot;: &quot;14273295&quot;,
    &quot;deviceName&quot;: &quot;offsitec&quot;,
    &quot;self&quot;: &quot;https://t493319102.eu-latest.cumulocity.com/devicecontrol/operations/14275540&quot;,
    &quot;id&quot;: &quot;14275540&quot;,
    &quot;status&quot;: &quot;PENDING&quot;,
    &quot;c8y_LogfileRequest&quot;: {
        &quot;searchText&quot;: &quot;&quot;,
        &quot;logFile&quot;: &quot;software-management&quot;,
        &quot;dateTo&quot;: &quot;2021-11-21T18:55:49+0530&quot;,
        &quot;dateFrom&quot;: &quot;2021-11-15T18:55:49+0530&quot;,
        &quot;maximumLines&quot;: 300
    },
    &quot;description&quot;: &quot;Log file request&quot;
}
10:16:18 DEBUG Final URL of the request: https://thin-edge-io.eu-latest.cumulocity.com/devicecontrol/operations?deviceId=14273295&amp;pageSize=1&amp;revert=true&amp;dateFrom=1970-01-01T00%3A00%3A00.000Z
10:16:18 INFO  State of current operation: PENDING
10:16:18 DEBUG Final URL of the request: https://thin-edge-io.eu-latest.cumulocity.com/devicecontrol/operations?deviceId=14273295&amp;pageSize=1&amp;revert=true&amp;dateFrom=1970-01-01T00%3A00%3A00.000Z
10:16:18 DEBUG State of current operation: {
    &quot;delivery&quot;: {
        &quot;time&quot;: &quot;2022-02-16T10:15:09.472Z&quot;,
        &quot;log&quot;: [
            {
                &quot;time&quot;: &quot;2022-02-16T09:22:46.166Z&quot;,
                &quot;status&quot;: &quot;PENDING&quot;
            },
            {
                &quot;time&quot;: &quot;2022-02-16T09:22:46.185Z&quot;,
                &quot;status&quot;: &quot;SEND&quot;
            },
            {
                &quot;time&quot;: &quot;2022-02-16T09:22:46.219Z&quot;,
                &quot;status&quot;: &quot;DELIVERED&quot;
            },
            {
                &quot;time&quot;: &quot;2022-02-16T09:23:55.047Z&quot;,
                &quot;status&quot;: &quot;PENDING&quot;
            },
            {
                &quot;time&quot;: &quot;2022-02-16T09:23:55.077Z&quot;,
                &quot;status&quot;: &quot;SEND&quot;
            },
            {
                &quot;time&quot;: &quot;2022-02-16T09:23:55.114Z&quot;,
                &quot;status&quot;: &quot;DELIVERED&quot;
            },
            {
                &quot;time&quot;: &quot;2022-02-16T09:23:55.901Z&quot;,
                &quot;status&quot;: &quot;PENDING&quot;
            },
            {
                &quot;time&quot;: &quot;2022-02-16T09:23:55.930Z&quot;,
                &quot;status&quot;: &quot;SEND&quot;
            },
            {
                &quot;time&quot;: &quot;2022-02-16T09:23:55.967Z&quot;,
                &quot;status&quot;: &quot;DELIVERED&quot;
            },
            {
                &quot;time&quot;: &quot;2022-02-16T09:24:55.073Z&quot;,
                &quot;status&quot;: &quot;PENDING&quot;
            },
            {
                &quot;time&quot;: &quot;2022-02-16T09:24:55.106Z&quot;,
                &quot;status&quot;: &quot;SEND&quot;
            },
            {
                &quot;time&quot;: &quot;2022-02-16T09:24:55.144Z&quot;,
                &quot;status&quot;: &quot;DELIVERED&quot;
            },
            {
                &quot;time&quot;: &quot;2022-02-16T09:24:55.971Z&quot;,
                &quot;status&quot;: &quot;PENDING&quot;
            },
            {
                &quot;time&quot;: &quot;2022-02-16T09:24:56.008Z&quot;,
                &quot;status&quot;: &quot;SEND&quot;
            },
            {
                &quot;time&quot;: &quot;2022-02-16T09:24:56.044Z&quot;,
                &quot;status&quot;: &quot;DELIVERED&quot;
            },
            {
                &quot;time&quot;: &quot;2022-02-16T09:26:09.362Z&quot;,
                &quot;status&quot;: &quot;PENDING&quot;
            },
            {
                &quot;time&quot;: &quot;2022-02-16T09:26:09.392Z&quot;,
                &quot;status&quot;: &quot;SEND&quot;
            },
            {
                &quot;time&quot;: &quot;2022-02-16T09:26:09.428Z&quot;,
                &quot;status&quot;: &quot;DELIVERED&quot;
            },
            {
                &quot;time&quot;: &quot;2022-02-16T09:26:10.287Z&quot;,
                &quot;status&quot;: &quot;PENDING&quot;
            },
            {
                &quot;time&quot;: &quot;2022-02-16T09:26:10.317Z&quot;,
                &quot;status&quot;: &quot;SEND&quot;
            },
            {
                &quot;time&quot;: &quot;2022-02-16T09:26:10.353Z&quot;,
                &quot;status&quot;: &quot;DELIVERED&quot;
            },
            {
                &quot;time&quot;: &quot;2022-02-16T09:27:24.861Z&quot;,
                &quot;status&quot;: &quot;PENDING&quot;
            },
            {
                &quot;time&quot;: &quot;2022-02-16T09:27:24.898Z&quot;,
                &quot;status&quot;: &quot;SEND&quot;
            },
            {
                &quot;time&quot;: &quot;2022-02-16T09:27:24.935Z&quot;,
                &quot;status&quot;: &quot;DELIVERED&quot;
            },
            {
                &quot;time&quot;: &quot;2022-02-16T09:27:25.773Z&quot;,
                &quot;status&quot;: &quot;PENDING&quot;
            },
            {
                &quot;time&quot;: &quot;2022-02-16T09:27:25.812Z&quot;,
                &quot;status&quot;: &quot;SEND&quot;
            },
            {
                &quot;time&quot;: &quot;2022-02-16T09:27:25.849Z&quot;,
                &quot;status&quot;: &quot;DELIVERED&quot;
            },
            {
                &quot;time&quot;: &quot;2022-02-16T09:28:06.037Z&quot;,
                &quot;status&quot;: &quot;PENDING&quot;
            },
            {
                &quot;time&quot;: &quot;2022-02-16T09:28:06.069Z&quot;,
                &quot;status&quot;: &quot;SEND&quot;
            },
            {
                &quot;time&quot;: &quot;2022-02-16T09:28:06.107Z&quot;,
                &quot;status&quot;: &quot;DELIVERED&quot;
            },
            {
                &quot;time&quot;: &quot;2022-02-16T09:28:06.968Z&quot;,
                &quot;status&quot;: &quot;PENDING&quot;
            },
            {
                &quot;time&quot;: &quot;2022-02-16T09:28:07.002Z&quot;,
                &quot;status&quot;: &quot;SEND&quot;
            },
            {
                &quot;time&quot;: &quot;2022-02-16T09:28:07.039Z&quot;,
                &quot;status&quot;: &quot;DELIVERED&quot;
            },
            {
                &quot;time&quot;: &quot;2022-02-16T09:28:58.713Z&quot;,
                &quot;status&quot;: &quot;PENDING&quot;
            },
            {
                &quot;time&quot;: &quot;2022-02-16T09:28:58.744Z&quot;,
                &quot;status&quot;: &quot;SEND&quot;
            },
            {
                &quot;time&quot;: &quot;2022-02-16T09:28:58.782Z&quot;,
                &quot;status&quot;: &quot;DELIVERED&quot;
            },
            {
                &quot;time&quot;: &quot;2022-02-16T09:28:59.589Z&quot;,
                &quot;status&quot;: &quot;PENDING&quot;
            },
            {
                &quot;time&quot;: &quot;2022-02-16T09:28:59.620Z&quot;,
                &quot;status&quot;: &quot;SEND&quot;
            },
            {
                &quot;time&quot;: &quot;2022-02-16T09:28:59.658Z&quot;,
                &quot;status&quot;: &quot;DELIVERED&quot;
            },
            {
                &quot;time&quot;: &quot;2022-02-16T09:29:51.098Z&quot;,
                &quot;status&quot;: &quot;PENDING&quot;
            },
            {
                &quot;time&quot;: &quot;2022-02-16T09:29:51.134Z&quot;,
                &quot;status&quot;: &quot;SEND&quot;
            },
            {
                &quot;time&quot;: &quot;2022-02-16T09:29:51.171Z&quot;,
                &quot;status&quot;: &quot;DELIVERED&quot;
            },
            {
                &quot;time&quot;: &quot;2022-02-16T09:29:52.013Z&quot;,
                &quot;status&quot;: &quot;PENDING&quot;
            },
            {
                &quot;time&quot;: &quot;2022-02-16T09:29:52.047Z&quot;,
                &quot;status&quot;: &quot;SEND&quot;
            },
            {
                &quot;time&quot;: &quot;2022-02-16T09:29:52.089Z&quot;,
                &quot;status&quot;: &quot;DELIVERED&quot;
            },
            {
                &quot;time&quot;: &quot;2022-02-16T09:30:33.494Z&quot;,
                &quot;status&quot;: &quot;PENDING&quot;
            },
            {
                &quot;time&quot;: &quot;2022-02-16T09:30:33.534Z&quot;,
                &quot;status&quot;: &quot;SEND&quot;
            },
            {
                &quot;time&quot;: &quot;2022-02-16T09:30:33.571Z&quot;,
                &quot;status&quot;: &quot;DELIVERED&quot;
            },
            {
                &quot;time&quot;: &quot;2022-02-16T09:30:34.412Z&quot;,
                &quot;status&quot;: &quot;PENDING&quot;
            },
            {
                &quot;time&quot;: &quot;2022-02-16T09:30:34.453Z&quot;,
                &quot;status&quot;: &quot;SEND&quot;
            },
            {
                &quot;time&quot;: &quot;2022-02-16T09:30:34.488Z&quot;,
                &quot;status&quot;: &quot;DELIVERED&quot;
            },
            {
                &quot;time&quot;: &quot;2022-02-16T09:32:49.337Z&quot;,
                &quot;status&quot;: &quot;PENDING&quot;
            },
            {
                &quot;time&quot;: &quot;2022-02-16T09:32:49.371Z&quot;,
                &quot;status&quot;: &quot;SEND&quot;
            },
            {
                &quot;time&quot;: &quot;2022-02-16T09:32:49.408Z&quot;,
                &quot;status&quot;: &quot;DELIVERED&quot;
            },
            {
                &quot;time&quot;: &quot;2022-02-16T09:32:50.347Z&quot;,
                &quot;status&quot;: &quot;PENDING&quot;
            },
            {
                &quot;time&quot;: &quot;2022-02-16T09:32:50.382Z&quot;,
                &quot;status&quot;: &quot;SEND&quot;
            },
            {
                &quot;time&quot;: &quot;2022-02-16T09:32:50.423Z&quot;,
                &quot;status&quot;: &quot;DELIVERED&quot;
            },
            {
                &quot;time&quot;: &quot;2022-02-16T09:35:18.696Z&quot;,
                &quot;status&quot;: &quot;PENDING&quot;
            },
            {
                &quot;time&quot;: &quot;2022-02-16T09:35:18.734Z&quot;,
                &quot;status&quot;: &quot;SEND&quot;
            },
            {
                &quot;time&quot;: &quot;2022-02-16T09:35:18.769Z&quot;,
                &quot;status&quot;: &quot;DELIVERED&quot;
            },
            {
                &quot;time&quot;: &quot;2022-02-16T09:35:41.813Z&quot;,
                &quot;status&quot;: &quot;PENDING&quot;
            },
            {
                &quot;time&quot;: &quot;2022-02-16T09:35:41.852Z&quot;,
                &quot;status&quot;: &quot;SEND&quot;
            },
            {
                &quot;time&quot;: &quot;2022-02-16T09:35:41.891Z&quot;,
                &quot;status&quot;: &quot;DELIVERED&quot;
            },
            {
                &quot;time&quot;: &quot;2022-02-16T09:35:42.766Z&quot;,
                &quot;status&quot;: &quot;PENDING&quot;
            },
            {
                &quot;time&quot;: &quot;2022-02-16T09:35:42.811Z&quot;,
                &quot;status&quot;: &quot;SEND&quot;
            },
            {
                &quot;time&quot;: &quot;2022-02-16T09:35:42.849Z&quot;,
                &quot;status&quot;: &quot;DELIVERED&quot;
            },
            {
                &quot;time&quot;: &quot;2022-02-16T09:36:06.394Z&quot;,
                &quot;status&quot;: &quot;PENDING&quot;
            },
            {
                &quot;time&quot;: &quot;2022-02-16T09:36:06.432Z&quot;,
                &quot;status&quot;: &quot;SEND&quot;
            },
            {
                &quot;time&quot;: &quot;2022-02-16T09:36:06.488Z&quot;,
                &quot;status&quot;: &quot;DELIVERED&quot;
            },
            {
                &quot;time&quot;: &quot;2022-02-16T09:36:07.318Z&quot;,
                &quot;status&quot;: &quot;PENDING&quot;
            },
            {
                &quot;time&quot;: &quot;2022-02-16T09:36:07.358Z&quot;,
                &quot;status&quot;: &quot;SEND&quot;
            },
            {
                &quot;time&quot;: &quot;2022-02-16T09:36:07.393Z&quot;,
                &quot;status&quot;: &quot;DELIVERED&quot;
            },
            {
                &quot;time&quot;: &quot;2022-02-16T09:36:30.178Z&quot;,
                &quot;status&quot;: &quot;PENDING&quot;
            },
            {
                &quot;time&quot;: &quot;2022-02-16T09:36:30.210Z&quot;,
                &quot;status&quot;: &quot;SEND&quot;
            },
            {
                &quot;time&quot;: &quot;2022-02-16T09:36:30.248Z&quot;,
                &quot;status&quot;: &quot;DELIVERED&quot;
            },
            {
                &quot;time&quot;: &quot;2022-02-16T09:36:31.123Z&quot;,
                &quot;status&quot;: &quot;PENDING&quot;
            },
            {
                &quot;time&quot;: &quot;2022-02-16T09:36:31.156Z&quot;,
                &quot;status&quot;: &quot;SEND&quot;
            },
            {
                &quot;time&quot;: &quot;2022-02-16T09:36:31.207Z&quot;,
                &quot;status&quot;: &quot;DELIVERED&quot;
            },
            {
                &quot;time&quot;: &quot;2022-02-16T09:37:08.443Z&quot;,
                &quot;status&quot;: &quot;PENDING&quot;
            },
            {
                &quot;time&quot;: &quot;2022-02-16T09:37:08.481Z&quot;,
                &quot;status&quot;: &quot;SEND&quot;
            },
            {
                &quot;time&quot;: &quot;2022-02-16T09:37:08.522Z&quot;,
                &quot;status&quot;: &quot;DELIVERED&quot;
            },
            {
                &quot;time&quot;: &quot;2022-02-16T09:37:09.439Z&quot;,
                &quot;status&quot;: &quot;PENDING&quot;
            },
            {
                &quot;time&quot;: &quot;2022-02-16T09:37:09.478Z&quot;,
                &quot;status&quot;: &quot;SEND&quot;
            },
            {
                &quot;time&quot;: &quot;2022-02-16T09:37:09.516Z&quot;,
                &quot;status&quot;: &quot;DELIVERED&quot;
            },
            {
                &quot;time&quot;: &quot;2022-02-16T09:37:13.026Z&quot;,
                &quot;status&quot;: &quot;PENDING&quot;
            },
            {
                &quot;time&quot;: &quot;2022-02-16T09:37:13.068Z&quot;,
                &quot;status&quot;: &quot;SEND&quot;
            },
            {
                &quot;time&quot;: &quot;2022-02-16T09:37:13.106Z&quot;,
                &quot;status&quot;: &quot;DELIVERED&quot;
            },
            {
                &quot;time&quot;: &quot;2022-02-16T09:37:37.817Z&quot;,
                &quot;status&quot;: &quot;PENDING&quot;
            },
            {
                &quot;time&quot;: &quot;2022-02-16T09:37:37.857Z&quot;,
                &quot;status&quot;: &quot;SEND&quot;
            },
            {
                &quot;time&quot;: &quot;2022-02-16T09:37:37.893Z&quot;,
                &quot;status&quot;: &quot;DELIVERED&quot;
            },
            {
                &quot;time&quot;: &quot;2022-02-16T09:37:38.638Z&quot;,
                &quot;status&quot;: &quot;PENDING&quot;
            },
            {
                &quot;time&quot;: &quot;2022-02-16T09:37:38.675Z&quot;,
                &quot;status&quot;: &quot;SEND&quot;
            },
            {
                &quot;time&quot;: &quot;2022-02-16T09:37:38.712Z&quot;,
                &quot;status&quot;: &quot;DELIVERED&quot;
            },
            {
                &quot;time&quot;: &quot;2022-02-16T09:38:03.926Z&quot;,
                &quot;status&quot;: &quot;PENDING&quot;
            },
            {
                &quot;time&quot;: &quot;2022-02-16T09:38:03.965Z&quot;,
                &quot;status&quot;: &quot;SEND&quot;
            },
            {
                &quot;time&quot;: &quot;2022-02-16T09:38:04.001Z&quot;,
                &quot;status&quot;: &quot;DELIVERED&quot;
            },
            {
                &quot;time&quot;: &quot;2022-02-16T09:38:04.819Z&quot;,
                &quot;status&quot;: &quot;PENDING&quot;
            },
            {
                &quot;time&quot;: &quot;2022-02-16T09:38:04.864Z&quot;,
                &quot;status&quot;: &quot;SEND&quot;
            },
            {
                &quot;time&quot;: &quot;2022-02-16T09:38:04.911Z&quot;,
                &quot;status&quot;: &quot;DELIVERED&quot;
            },
            {
                &quot;time&quot;: &quot;2022-02-16T09:53:50.860Z&quot;,
                &quot;status&quot;: &quot;PENDING&quot;
            },
            {
                &quot;time&quot;: &quot;2022-02-16T09:53:50.900Z&quot;,
                &quot;status&quot;: &quot;SEND&quot;
            },
            {
                &quot;time&quot;: &quot;2022-02-16T09:53:50.939Z&quot;,
                &quot;status&quot;: &quot;DELIVERED&quot;
            },
            {
                &quot;time&quot;: &quot;2022-02-16T09:53:51.831Z&quot;,
                &quot;status&quot;: &quot;PENDING&quot;
            },
            {
                &quot;time&quot;: &quot;2022-02-16T09:53:51.869Z&quot;,
                &quot;status&quot;: &quot;SEND&quot;
            },
            {
                &quot;time&quot;: &quot;2022-02-16T09:53:51.917Z&quot;,
                &quot;status&quot;: &quot;DELIVERED&quot;
            },
            {
                &quot;time&quot;: &quot;2022-02-16T09:56:32.333Z&quot;,
                &quot;status&quot;: &quot;PENDING&quot;
            },
            {
                &quot;time&quot;: &quot;2022-02-16T09:56:32.376Z&quot;,
                &quot;status&quot;: &quot;SEND&quot;
            },
            {
                &quot;time&quot;: &quot;2022-02-16T09:56:32.413Z&quot;,
                &quot;status&quot;: &quot;DELIVERED&quot;
            },
            {
                &quot;time&quot;: &quot;2022-02-16T09:56:33.226Z&quot;,
                &quot;status&quot;: &quot;PENDING&quot;
            },
            {
                &quot;time&quot;: &quot;2022-02-16T09:56:33.279Z&quot;,
                &quot;status&quot;: &quot;SEND&quot;
            },
            {
                &quot;time&quot;: &quot;2022-02-16T09:56:33.321Z&quot;,
                &quot;status&quot;: &quot;DELIVERED&quot;
            },
            {
                &quot;time&quot;: &quot;2022-02-16T09:59:11.843Z&quot;,
                &quot;status&quot;: &quot;PENDING&quot;
            },
            {
                &quot;time&quot;: &quot;2022-02-16T09:59:11.885Z&quot;,
                &quot;status&quot;: &quot;SEND&quot;
            },
            {
                &quot;time&quot;: &quot;2022-02-16T09:59:11.929Z&quot;,
                &quot;status&quot;: &quot;DELIVERED&quot;
            },
            {
                &quot;time&quot;: &quot;2022-02-16T09:59:12.799Z&quot;,
                &quot;status&quot;: &quot;PENDING&quot;
            },
            {
                &quot;time&quot;: &quot;2022-02-16T09:59:12.857Z&quot;,
                &quot;status&quot;: &quot;SEND&quot;
            },
            {
                &quot;time&quot;: &quot;2022-02-16T09:59:12.913Z&quot;,
                &quot;status&quot;: &quot;DELIVERED&quot;
            },
            {
                &quot;time&quot;: &quot;2022-02-16T10:01:50.751Z&quot;,
                &quot;status&quot;: &quot;PENDING&quot;
            },
            {
                &quot;time&quot;: &quot;2022-02-16T10:01:50.791Z&quot;,
                &quot;status&quot;: &quot;SEND&quot;
            },
            {
                &quot;time&quot;: &quot;2022-02-16T10:01:50.828Z&quot;,
                &quot;status&quot;: &quot;DELIVERED&quot;
            },
            {
                &quot;time&quot;: &quot;2022-02-16T10:01:51.673Z&quot;,
                &quot;status&quot;: &quot;PENDING&quot;
            },
            {
                &quot;time&quot;: &quot;2022-02-16T10:01:51.713Z&quot;,
                &quot;status&quot;: &quot;SEND&quot;
            },
            {
                &quot;time&quot;: &quot;2022-02-16T10:01:51.755Z&quot;,
                &quot;status&quot;: &quot;DELIVERED&quot;
            },
            {
                &quot;time&quot;: &quot;2022-02-16T10:04:30.106Z&quot;,
                &quot;status&quot;: &quot;PENDING&quot;
            },
            {
                &quot;time&quot;: &quot;2022-02-16T10:04:30.153Z&quot;,
                &quot;status&quot;: &quot;SEND&quot;
            },
            {
                &quot;time&quot;: &quot;2022-02-16T10:04:30.200Z&quot;,
                &quot;status&quot;: &quot;DELIVERED&quot;
            },
            {
                &quot;time&quot;: &quot;2022-02-16T10:04:31.076Z&quot;,
                &quot;status&quot;: &quot;PENDING&quot;
            },
            {
                &quot;time&quot;: &quot;2022-02-16T10:04:31.122Z&quot;,
                &quot;status&quot;: &quot;SEND&quot;
            },
            {
                &quot;time&quot;: &quot;2022-02-16T10:04:31.164Z&quot;,
                &quot;status&quot;: &quot;DELIVERED&quot;
            },
            {
                &quot;time&quot;: &quot;2022-02-16T10:07:10.462Z&quot;,
                &quot;status&quot;: &quot;PENDING&quot;
            },
            {
                &quot;time&quot;: &quot;2022-02-16T10:07:10.499Z&quot;,
                &quot;status&quot;: &quot;SEND&quot;
            },
            {
                &quot;time&quot;: &quot;2022-02-16T10:07:10.537Z&quot;,
                &quot;status&quot;: &quot;DELIVERED&quot;
            },
            {
                &quot;time&quot;: &quot;2022-02-16T10:07:11.343Z&quot;,
                &quot;status&quot;: &quot;PENDING&quot;
            },
            {
                &quot;time&quot;: &quot;2022-02-16T10:07:11.380Z&quot;,
                &quot;status&quot;: &quot;SEND&quot;
            },
            {
                &quot;time&quot;: &quot;2022-02-16T10:07:11.418Z&quot;,
                &quot;status&quot;: &quot;DELIVERED&quot;
            },
            {
                &quot;time&quot;: &quot;2022-02-16T10:09:49.720Z&quot;,
                &quot;status&quot;: &quot;PENDING&quot;
            },
            {
                &quot;time&quot;: &quot;2022-02-16T10:09:49.762Z&quot;,
                &quot;status&quot;: &quot;SEND&quot;
            },
            {
                &quot;time&quot;: &quot;2022-02-16T10:09:49.803Z&quot;,
                &quot;status&quot;: &quot;DELIVERED&quot;
            },
            {
                &quot;time&quot;: &quot;2022-02-16T10:09:50.610Z&quot;,
                &quot;status&quot;: &quot;PENDING&quot;
            },
            {
                &quot;time&quot;: &quot;2022-02-16T10:09:50.651Z&quot;,
                &quot;status&quot;: &quot;SEND&quot;
            },
            {
                &quot;time&quot;: &quot;2022-02-16T10:09:50.691Z&quot;,
                &quot;status&quot;: &quot;DELIVERED&quot;
            },
            {
                &quot;time&quot;: &quot;2022-02-16T10:12:29.403Z&quot;,
                &quot;status&quot;: &quot;PENDING&quot;
            },
            {
                &quot;time&quot;: &quot;2022-02-16T10:12:29.449Z&quot;,
                &quot;status&quot;: &quot;SEND&quot;
            },
            {
                &quot;time&quot;: &quot;2022-02-16T10:12:29.494Z&quot;,
                &quot;status&quot;: &quot;DELIVERED&quot;
            },
            {
                &quot;time&quot;: &quot;2022-02-16T10:12:30.338Z&quot;,
                &quot;status&quot;: &quot;PENDING&quot;
            },
            {
                &quot;time&quot;: &quot;2022-02-16T10:12:30.379Z&quot;,
                &quot;status&quot;: &quot;SEND&quot;
            },
            {
                &quot;time&quot;: &quot;2022-02-16T10:12:30.423Z&quot;,
                &quot;status&quot;: &quot;DELIVERED&quot;
            },
            {
                &quot;time&quot;: &quot;2022-02-16T10:15:08.464Z&quot;,
                &quot;status&quot;: &quot;PENDING&quot;
            },
            {
                &quot;time&quot;: &quot;2022-02-16T10:15:08.507Z&quot;,
                &quot;status&quot;: &quot;SEND&quot;
            },
            {
                &quot;time&quot;: &quot;2022-02-16T10:15:08.549Z&quot;,
                &quot;status&quot;: &quot;DELIVERED&quot;
            },
            {
                &quot;time&quot;: &quot;2022-02-16T10:15:09.384Z&quot;,
                &quot;status&quot;: &quot;PENDING&quot;
            },
            {
                &quot;time&quot;: &quot;2022-02-16T10:15:09.428Z&quot;,
                &quot;status&quot;: &quot;SEND&quot;
            }
        ],
        &quot;status&quot;: &quot;DELIVERED&quot;
    },
    &quot;creationTime&quot;: &quot;2022-02-16T09:22:46.140Z&quot;,
    &quot;deviceId&quot;: &quot;14273295&quot;,
    &quot;deviceName&quot;: &quot;offsitec&quot;,
    &quot;self&quot;: &quot;https://t493319102.eu-latest.cumulocity.com/devicecontrol/operations/14275540&quot;,
    &quot;id&quot;: &quot;14275540&quot;,
    &quot;status&quot;: &quot;PENDING&quot;,
    &quot;c8y_LogfileRequest&quot;: {
        &quot;searchText&quot;: &quot;&quot;,
        &quot;logFile&quot;: &quot;software-management&quot;,
        &quot;dateTo&quot;: &quot;2021-11-21T18:55:49+0530&quot;,
        &quot;dateFrom&quot;: &quot;2021-11-15T18:55:49+0530&quot;,
        &quot;maximumLines&quot;: 300
    },
    &quot;description&quot;: &quot;Log file request&quot;
}
10:16:21 DEBUG Final URL of the request: https://thin-edge-io.eu-latest.cumulocity.com/devicecontrol/operations?deviceId=14273295&amp;pageSize=1&amp;revert=true&amp;dateFrom=1970-01-01T00%3A00%3A00.000Z
10:16:21 INFO  State of current operation: PENDING
10:16:21 DEBUG Final URL of the request: https://thin-edge-io.eu-latest.cumulocity.com/devicecontrol/operations?deviceId=14273295&amp;pageSize=1&amp;revert=true&amp;dateFrom=1970-01-01T00%3A00%3A00.000Z
10:16:21 DEBUG State of current operation: {
    &quot;delivery&quot;: {
        &quot;time&quot;: &quot;2022-02-16T10:15:09.472Z&quot;,
        &quot;log&quot;: [
            {
                &quot;time&quot;: &quot;2022-02-16T09:22:46.166Z&quot;,
                &quot;status&quot;: &quot;PENDING&quot;
            },
            {
                &quot;time&quot;: &quot;2022-02-16T09:22:46.185Z&quot;,
                &quot;status&quot;: &quot;SEND&quot;
            },
            {
                &quot;time&quot;: &quot;2022-02-16T09:22:46.219Z&quot;,
                &quot;status&quot;: &quot;DELIVERED&quot;
            },
            {
                &quot;time&quot;: &quot;2022-02-16T09:23:55.047Z&quot;,
                &quot;status&quot;: &quot;PENDING&quot;
            },
            {
                &quot;time&quot;: &quot;2022-02-16T09:23:55.077Z&quot;,
                &quot;status&quot;: &quot;SEND&quot;
            },
            {
                &quot;time&quot;: &quot;2022-02-16T09:23:55.114Z&quot;,
                &quot;status&quot;: &quot;DELIVERED&quot;
            },
            {
                &quot;time&quot;: &quot;2022-02-16T09:23:55.901Z&quot;,
                &quot;status&quot;: &quot;PENDING&quot;
            },
            {
                &quot;time&quot;: &quot;2022-02-16T09:23:55.930Z&quot;,
                &quot;status&quot;: &quot;SEND&quot;
            },
            {
                &quot;time&quot;: &quot;2022-02-16T09:23:55.967Z&quot;,
                &quot;status&quot;: &quot;DELIVERED&quot;
            },
            {
                &quot;time&quot;: &quot;2022-02-16T09:24:55.073Z&quot;,
                &quot;status&quot;: &quot;PENDING&quot;
            },
            {
                &quot;time&quot;: &quot;2022-02-16T09:24:55.106Z&quot;,
                &quot;status&quot;: &quot;SEND&quot;
            },
            {
                &quot;time&quot;: &quot;2022-02-16T09:24:55.144Z&quot;,
                &quot;status&quot;: &quot;DELIVERED&quot;
            },
            {
                &quot;time&quot;: &quot;2022-02-16T09:24:55.971Z&quot;,
                &quot;status&quot;: &quot;PENDING&quot;
            },
            {
                &quot;time&quot;: &quot;2022-02-16T09:24:56.008Z&quot;,
                &quot;status&quot;: &quot;SEND&quot;
            },
            {
                &quot;time&quot;: &quot;2022-02-16T09:24:56.044Z&quot;,
                &quot;status&quot;: &quot;DELIVERED&quot;
            },
            {
                &quot;time&quot;: &quot;2022-02-16T09:26:09.362Z&quot;,
                &quot;status&quot;: &quot;PENDING&quot;
            },
            {
                &quot;time&quot;: &quot;2022-02-16T09:26:09.392Z&quot;,
                &quot;status&quot;: &quot;SEND&quot;
            },
            {
                &quot;time&quot;: &quot;2022-02-16T09:26:09.428Z&quot;,
                &quot;status&quot;: &quot;DELIVERED&quot;
            },
            {
                &quot;time&quot;: &quot;2022-02-16T09:26:10.287Z&quot;,
                &quot;status&quot;: &quot;PENDING&quot;
            },
            {
                &quot;time&quot;: &quot;2022-02-16T09:26:10.317Z&quot;,
                &quot;status&quot;: &quot;SEND&quot;
            },
            {
                &quot;time&quot;: &quot;2022-02-16T09:26:10.353Z&quot;,
                &quot;status&quot;: &quot;DELIVERED&quot;
            },
            {
                &quot;time&quot;: &quot;2022-02-16T09:27:24.861Z&quot;,
                &quot;status&quot;: &quot;PENDING&quot;
            },
            {
                &quot;time&quot;: &quot;2022-02-16T09:27:24.898Z&quot;,
                &quot;status&quot;: &quot;SEND&quot;
            },
            {
                &quot;time&quot;: &quot;2022-02-16T09:27:24.935Z&quot;,
                &quot;status&quot;: &quot;DELIVERED&quot;
            },
            {
                &quot;time&quot;: &quot;2022-02-16T09:27:25.773Z&quot;,
                &quot;status&quot;: &quot;PENDING&quot;
            },
            {
                &quot;time&quot;: &quot;2022-02-16T09:27:25.812Z&quot;,
                &quot;status&quot;: &quot;SEND&quot;
            },
            {
                &quot;time&quot;: &quot;2022-02-16T09:27:25.849Z&quot;,
                &quot;status&quot;: &quot;DELIVERED&quot;
            },
            {
                &quot;time&quot;: &quot;2022-02-16T09:28:06.037Z&quot;,
                &quot;status&quot;: &quot;PENDING&quot;
            },
            {
                &quot;time&quot;: &quot;2022-02-16T09:28:06.069Z&quot;,
                &quot;status&quot;: &quot;SEND&quot;
            },
            {
                &quot;time&quot;: &quot;2022-02-16T09:28:06.107Z&quot;,
                &quot;status&quot;: &quot;DELIVERED&quot;
            },
            {
                &quot;time&quot;: &quot;2022-02-16T09:28:06.968Z&quot;,
                &quot;status&quot;: &quot;PENDING&quot;
            },
            {
                &quot;time&quot;: &quot;2022-02-16T09:28:07.002Z&quot;,
                &quot;status&quot;: &quot;SEND&quot;
            },
            {
                &quot;time&quot;: &quot;2022-02-16T09:28:07.039Z&quot;,
                &quot;status&quot;: &quot;DELIVERED&quot;
            },
            {
                &quot;time&quot;: &quot;2022-02-16T09:28:58.713Z&quot;,
                &quot;status&quot;: &quot;PENDING&quot;
            },
            {
                &quot;time&quot;: &quot;2022-02-16T09:28:58.744Z&quot;,
                &quot;status&quot;: &quot;SEND&quot;
            },
            {
                &quot;time&quot;: &quot;2022-02-16T09:28:58.782Z&quot;,
                &quot;status&quot;: &quot;DELIVERED&quot;
            },
            {
                &quot;time&quot;: &quot;2022-02-16T09:28:59.589Z&quot;,
                &quot;status&quot;: &quot;PENDING&quot;
            },
            {
                &quot;time&quot;: &quot;2022-02-16T09:28:59.620Z&quot;,
                &quot;status&quot;: &quot;SEND&quot;
            },
            {
                &quot;time&quot;: &quot;2022-02-16T09:28:59.658Z&quot;,
                &quot;status&quot;: &quot;DELIVERED&quot;
            },
            {
                &quot;time&quot;: &quot;2022-02-16T09:29:51.098Z&quot;,
                &quot;status&quot;: &quot;PENDING&quot;
            },
            {
                &quot;time&quot;: &quot;2022-02-16T09:29:51.134Z&quot;,
                &quot;status&quot;: &quot;SEND&quot;
            },
            {
                &quot;time&quot;: &quot;2022-02-16T09:29:51.171Z&quot;,
                &quot;status&quot;: &quot;DELIVERED&quot;
            },
            {
                &quot;time&quot;: &quot;2022-02-16T09:29:52.013Z&quot;,
                &quot;status&quot;: &quot;PENDING&quot;
            },
            {
                &quot;time&quot;: &quot;2022-02-16T09:29:52.047Z&quot;,
                &quot;status&quot;: &quot;SEND&quot;
            },
            {
                &quot;time&quot;: &quot;2022-02-16T09:29:52.089Z&quot;,
                &quot;status&quot;: &quot;DELIVERED&quot;
            },
            {
                &quot;time&quot;: &quot;2022-02-16T09:30:33.494Z&quot;,
                &quot;status&quot;: &quot;PENDING&quot;
            },
            {
                &quot;time&quot;: &quot;2022-02-16T09:30:33.534Z&quot;,
                &quot;status&quot;: &quot;SEND&quot;
            },
            {
                &quot;time&quot;: &quot;2022-02-16T09:30:33.571Z&quot;,
                &quot;status&quot;: &quot;DELIVERED&quot;
            },
            {
                &quot;time&quot;: &quot;2022-02-16T09:30:34.412Z&quot;,
                &quot;status&quot;: &quot;PENDING&quot;
            },
            {
                &quot;time&quot;: &quot;2022-02-16T09:30:34.453Z&quot;,
                &quot;status&quot;: &quot;SEND&quot;
            },
            {
                &quot;time&quot;: &quot;2022-02-16T09:30:34.488Z&quot;,
                &quot;status&quot;: &quot;DELIVERED&quot;
            },
            {
                &quot;time&quot;: &quot;2022-02-16T09:32:49.337Z&quot;,
                &quot;status&quot;: &quot;PENDING&quot;
            },
            {
                &quot;time&quot;: &quot;2022-02-16T09:32:49.371Z&quot;,
                &quot;status&quot;: &quot;SEND&quot;
            },
            {
                &quot;time&quot;: &quot;2022-02-16T09:32:49.408Z&quot;,
                &quot;status&quot;: &quot;DELIVERED&quot;
            },
            {
                &quot;time&quot;: &quot;2022-02-16T09:32:50.347Z&quot;,
                &quot;status&quot;: &quot;PENDING&quot;
            },
            {
                &quot;time&quot;: &quot;2022-02-16T09:32:50.382Z&quot;,
                &quot;status&quot;: &quot;SEND&quot;
            },
            {
                &quot;time&quot;: &quot;2022-02-16T09:32:50.423Z&quot;,
                &quot;status&quot;: &quot;DELIVERED&quot;
            },
            {
                &quot;time&quot;: &quot;2022-02-16T09:35:18.696Z&quot;,
                &quot;status&quot;: &quot;PENDING&quot;
            },
            {
                &quot;time&quot;: &quot;2022-02-16T09:35:18.734Z&quot;,
                &quot;status&quot;: &quot;SEND&quot;
            },
            {
                &quot;time&quot;: &quot;2022-02-16T09:35:18.769Z&quot;,
                &quot;status&quot;: &quot;DELIVERED&quot;
            },
            {
                &quot;time&quot;: &quot;2022-02-16T09:35:41.813Z&quot;,
                &quot;status&quot;: &quot;PENDING&quot;
            },
            {
                &quot;time&quot;: &quot;2022-02-16T09:35:41.852Z&quot;,
                &quot;status&quot;: &quot;SEND&quot;
            },
            {
                &quot;time&quot;: &quot;2022-02-16T09:35:41.891Z&quot;,
                &quot;status&quot;: &quot;DELIVERED&quot;
            },
            {
                &quot;time&quot;: &quot;2022-02-16T09:35:42.766Z&quot;,
                &quot;status&quot;: &quot;PENDING&quot;
            },
            {
                &quot;time&quot;: &quot;2022-02-16T09:35:42.811Z&quot;,
                &quot;status&quot;: &quot;SEND&quot;
            },
            {
                &quot;time&quot;: &quot;2022-02-16T09:35:42.849Z&quot;,
                &quot;status&quot;: &quot;DELIVERED&quot;
            },
            {
                &quot;time&quot;: &quot;2022-02-16T09:36:06.394Z&quot;,
                &quot;status&quot;: &quot;PENDING&quot;
            },
            {
                &quot;time&quot;: &quot;2022-02-16T09:36:06.432Z&quot;,
                &quot;status&quot;: &quot;SEND&quot;
            },
            {
                &quot;time&quot;: &quot;2022-02-16T09:36:06.488Z&quot;,
                &quot;status&quot;: &quot;DELIVERED&quot;
            },
            {
                &quot;time&quot;: &quot;2022-02-16T09:36:07.318Z&quot;,
                &quot;status&quot;: &quot;PENDING&quot;
            },
            {
                &quot;time&quot;: &quot;2022-02-16T09:36:07.358Z&quot;,
                &quot;status&quot;: &quot;SEND&quot;
            },
            {
                &quot;time&quot;: &quot;2022-02-16T09:36:07.393Z&quot;,
                &quot;status&quot;: &quot;DELIVERED&quot;
            },
            {
                &quot;time&quot;: &quot;2022-02-16T09:36:30.178Z&quot;,
                &quot;status&quot;: &quot;PENDING&quot;
            },
            {
                &quot;time&quot;: &quot;2022-02-16T09:36:30.210Z&quot;,
                &quot;status&quot;: &quot;SEND&quot;
            },
            {
                &quot;time&quot;: &quot;2022-02-16T09:36:30.248Z&quot;,
                &quot;status&quot;: &quot;DELIVERED&quot;
            },
            {
                &quot;time&quot;: &quot;2022-02-16T09:36:31.123Z&quot;,
                &quot;status&quot;: &quot;PENDING&quot;
            },
            {
                &quot;time&quot;: &quot;2022-02-16T09:36:31.156Z&quot;,
                &quot;status&quot;: &quot;SEND&quot;
            },
            {
                &quot;time&quot;: &quot;2022-02-16T09:36:31.207Z&quot;,
                &quot;status&quot;: &quot;DELIVERED&quot;
            },
            {
                &quot;time&quot;: &quot;2022-02-16T09:37:08.443Z&quot;,
                &quot;status&quot;: &quot;PENDING&quot;
            },
            {
                &quot;time&quot;: &quot;2022-02-16T09:37:08.481Z&quot;,
                &quot;status&quot;: &quot;SEND&quot;
            },
            {
                &quot;time&quot;: &quot;2022-02-16T09:37:08.522Z&quot;,
                &quot;status&quot;: &quot;DELIVERED&quot;
            },
            {
                &quot;time&quot;: &quot;2022-02-16T09:37:09.439Z&quot;,
                &quot;status&quot;: &quot;PENDING&quot;
            },
            {
                &quot;time&quot;: &quot;2022-02-16T09:37:09.478Z&quot;,
                &quot;status&quot;: &quot;SEND&quot;
            },
            {
                &quot;time&quot;: &quot;2022-02-16T09:37:09.516Z&quot;,
                &quot;status&quot;: &quot;DELIVERED&quot;
            },
            {
                &quot;time&quot;: &quot;2022-02-16T09:37:13.026Z&quot;,
                &quot;status&quot;: &quot;PENDING&quot;
            },
            {
                &quot;time&quot;: &quot;2022-02-16T09:37:13.068Z&quot;,
                &quot;status&quot;: &quot;SEND&quot;
            },
            {
                &quot;time&quot;: &quot;2022-02-16T09:37:13.106Z&quot;,
                &quot;status&quot;: &quot;DELIVERED&quot;
            },
            {
                &quot;time&quot;: &quot;2022-02-16T09:37:37.817Z&quot;,
                &quot;status&quot;: &quot;PENDING&quot;
            },
            {
                &quot;time&quot;: &quot;2022-02-16T09:37:37.857Z&quot;,
                &quot;status&quot;: &quot;SEND&quot;
            },
            {
                &quot;time&quot;: &quot;2022-02-16T09:37:37.893Z&quot;,
                &quot;status&quot;: &quot;DELIVERED&quot;
            },
            {
                &quot;time&quot;: &quot;2022-02-16T09:37:38.638Z&quot;,
                &quot;status&quot;: &quot;PENDING&quot;
            },
            {
                &quot;time&quot;: &quot;2022-02-16T09:37:38.675Z&quot;,
                &quot;status&quot;: &quot;SEND&quot;
            },
            {
                &quot;time&quot;: &quot;2022-02-16T09:37:38.712Z&quot;,
                &quot;status&quot;: &quot;DELIVERED&quot;
            },
            {
                &quot;time&quot;: &quot;2022-02-16T09:38:03.926Z&quot;,
                &quot;status&quot;: &quot;PENDING&quot;
            },
            {
                &quot;time&quot;: &quot;2022-02-16T09:38:03.965Z&quot;,
                &quot;status&quot;: &quot;SEND&quot;
            },
            {
                &quot;time&quot;: &quot;2022-02-16T09:38:04.001Z&quot;,
                &quot;status&quot;: &quot;DELIVERED&quot;
            },
            {
                &quot;time&quot;: &quot;2022-02-16T09:38:04.819Z&quot;,
                &quot;status&quot;: &quot;PENDING&quot;
            },
            {
                &quot;time&quot;: &quot;2022-02-16T09:38:04.864Z&quot;,
                &quot;status&quot;: &quot;SEND&quot;
            },
            {
                &quot;time&quot;: &quot;2022-02-16T09:38:04.911Z&quot;,
                &quot;status&quot;: &quot;DELIVERED&quot;
            },
            {
                &quot;time&quot;: &quot;2022-02-16T09:53:50.860Z&quot;,
                &quot;status&quot;: &quot;PENDING&quot;
            },
            {
                &quot;time&quot;: &quot;2022-02-16T09:53:50.900Z&quot;,
                &quot;status&quot;: &quot;SEND&quot;
            },
            {
                &quot;time&quot;: &quot;2022-02-16T09:53:50.939Z&quot;,
                &quot;status&quot;: &quot;DELIVERED&quot;
            },
            {
                &quot;time&quot;: &quot;2022-02-16T09:53:51.831Z&quot;,
                &quot;status&quot;: &quot;PENDING&quot;
            },
            {
                &quot;time&quot;: &quot;2022-02-16T09:53:51.869Z&quot;,
                &quot;status&quot;: &quot;SEND&quot;
            },
            {
                &quot;time&quot;: &quot;2022-02-16T09:53:51.917Z&quot;,
                &quot;status&quot;: &quot;DELIVERED&quot;
            },
            {
                &quot;time&quot;: &quot;2022-02-16T09:56:32.333Z&quot;,
                &quot;status&quot;: &quot;PENDING&quot;
            },
            {
                &quot;time&quot;: &quot;2022-02-16T09:56:32.376Z&quot;,
                &quot;status&quot;: &quot;SEND&quot;
            },
            {
                &quot;time&quot;: &quot;2022-02-16T09:56:32.413Z&quot;,
                &quot;status&quot;: &quot;DELIVERED&quot;
            },
            {
                &quot;time&quot;: &quot;2022-02-16T09:56:33.226Z&quot;,
                &quot;status&quot;: &quot;PENDING&quot;
            },
            {
                &quot;time&quot;: &quot;2022-02-16T09:56:33.279Z&quot;,
                &quot;status&quot;: &quot;SEND&quot;
            },
            {
                &quot;time&quot;: &quot;2022-02-16T09:56:33.321Z&quot;,
                &quot;status&quot;: &quot;DELIVERED&quot;
            },
            {
                &quot;time&quot;: &quot;2022-02-16T09:59:11.843Z&quot;,
                &quot;status&quot;: &quot;PENDING&quot;
            },
            {
                &quot;time&quot;: &quot;2022-02-16T09:59:11.885Z&quot;,
                &quot;status&quot;: &quot;SEND&quot;
            },
            {
                &quot;time&quot;: &quot;2022-02-16T09:59:11.929Z&quot;,
                &quot;status&quot;: &quot;DELIVERED&quot;
            },
            {
                &quot;time&quot;: &quot;2022-02-16T09:59:12.799Z&quot;,
                &quot;status&quot;: &quot;PENDING&quot;
            },
            {
                &quot;time&quot;: &quot;2022-02-16T09:59:12.857Z&quot;,
                &quot;status&quot;: &quot;SEND&quot;
            },
            {
                &quot;time&quot;: &quot;2022-02-16T09:59:12.913Z&quot;,
                &quot;status&quot;: &quot;DELIVERED&quot;
            },
            {
                &quot;time&quot;: &quot;2022-02-16T10:01:50.751Z&quot;,
                &quot;status&quot;: &quot;PENDING&quot;
            },
            {
                &quot;time&quot;: &quot;2022-02-16T10:01:50.791Z&quot;,
                &quot;status&quot;: &quot;SEND&quot;
            },
            {
                &quot;time&quot;: &quot;2022-02-16T10:01:50.828Z&quot;,
                &quot;status&quot;: &quot;DELIVERED&quot;
            },
            {
                &quot;time&quot;: &quot;2022-02-16T10:01:51.673Z&quot;,
                &quot;status&quot;: &quot;PENDING&quot;
            },
            {
                &quot;time&quot;: &quot;2022-02-16T10:01:51.713Z&quot;,
                &quot;status&quot;: &quot;SEND&quot;
            },
            {
                &quot;time&quot;: &quot;2022-02-16T10:01:51.755Z&quot;,
                &quot;status&quot;: &quot;DELIVERED&quot;
            },
            {
                &quot;time&quot;: &quot;2022-02-16T10:04:30.106Z&quot;,
                &quot;status&quot;: &quot;PENDING&quot;
            },
            {
                &quot;time&quot;: &quot;2022-02-16T10:04:30.153Z&quot;,
                &quot;status&quot;: &quot;SEND&quot;
            },
            {
                &quot;time&quot;: &quot;2022-02-16T10:04:30.200Z&quot;,
                &quot;status&quot;: &quot;DELIVERED&quot;
            },
            {
                &quot;time&quot;: &quot;2022-02-16T10:04:31.076Z&quot;,
                &quot;status&quot;: &quot;PENDING&quot;
            },
            {
                &quot;time&quot;: &quot;2022-02-16T10:04:31.122Z&quot;,
                &quot;status&quot;: &quot;SEND&quot;
            },
            {
                &quot;time&quot;: &quot;2022-02-16T10:04:31.164Z&quot;,
                &quot;status&quot;: &quot;DELIVERED&quot;
            },
            {
                &quot;time&quot;: &quot;2022-02-16T10:07:10.462Z&quot;,
                &quot;status&quot;: &quot;PENDING&quot;
            },
            {
                &quot;time&quot;: &quot;2022-02-16T10:07:10.499Z&quot;,
                &quot;status&quot;: &quot;SEND&quot;
            },
            {
                &quot;time&quot;: &quot;2022-02-16T10:07:10.537Z&quot;,
                &quot;status&quot;: &quot;DELIVERED&quot;
            },
            {
                &quot;time&quot;: &quot;2022-02-16T10:07:11.343Z&quot;,
                &quot;status&quot;: &quot;PENDING&quot;
            },
            {
                &quot;time&quot;: &quot;2022-02-16T10:07:11.380Z&quot;,
                &quot;status&quot;: &quot;SEND&quot;
            },
            {
                &quot;time&quot;: &quot;2022-02-16T10:07:11.418Z&quot;,
                &quot;status&quot;: &quot;DELIVERED&quot;
            },
            {
                &quot;time&quot;: &quot;2022-02-16T10:09:49.720Z&quot;,
                &quot;status&quot;: &quot;PENDING&quot;
            },
            {
                &quot;time&quot;: &quot;2022-02-16T10:09:49.762Z&quot;,
                &quot;status&quot;: &quot;SEND&quot;
            },
            {
                &quot;time&quot;: &quot;2022-02-16T10:09:49.803Z&quot;,
                &quot;status&quot;: &quot;DELIVERED&quot;
            },
            {
                &quot;time&quot;: &quot;2022-02-16T10:09:50.610Z&quot;,
                &quot;status&quot;: &quot;PENDING&quot;
            },
            {
                &quot;time&quot;: &quot;2022-02-16T10:09:50.651Z&quot;,
                &quot;status&quot;: &quot;SEND&quot;
            },
            {
                &quot;time&quot;: &quot;2022-02-16T10:09:50.691Z&quot;,
                &quot;status&quot;: &quot;DELIVERED&quot;
            },
            {
                &quot;time&quot;: &quot;2022-02-16T10:12:29.403Z&quot;,
                &quot;status&quot;: &quot;PENDING&quot;
            },
            {
                &quot;time&quot;: &quot;2022-02-16T10:12:29.449Z&quot;,
                &quot;status&quot;: &quot;SEND&quot;
            },
            {
                &quot;time&quot;: &quot;2022-02-16T10:12:29.494Z&quot;,
                &quot;status&quot;: &quot;DELIVERED&quot;
            },
            {
                &quot;time&quot;: &quot;2022-02-16T10:12:30.338Z&quot;,
                &quot;status&quot;: &quot;PENDING&quot;
            },
            {
                &quot;time&quot;: &quot;2022-02-16T10:12:30.379Z&quot;,
                &quot;status&quot;: &quot;SEND&quot;
            },
            {
                &quot;time&quot;: &quot;2022-02-16T10:12:30.423Z&quot;,
                &quot;status&quot;: &quot;DELIVERED&quot;
            },
            {
                &quot;time&quot;: &quot;2022-02-16T10:15:08.464Z&quot;,
                &quot;status&quot;: &quot;PENDING&quot;
            },
            {
                &quot;time&quot;: &quot;2022-02-16T10:15:08.507Z&quot;,
                &quot;status&quot;: &quot;SEND&quot;
            },
            {
                &quot;time&quot;: &quot;2022-02-16T10:15:08.549Z&quot;,
                &quot;status&quot;: &quot;DELIVERED&quot;
            },
            {
                &quot;time&quot;: &quot;2022-02-16T10:15:09.384Z&quot;,
                &quot;status&quot;: &quot;PENDING&quot;
            },
            {
                &quot;time&quot;: &quot;2022-02-16T10:15:09.428Z&quot;,
                &quot;status&quot;: &quot;SEND&quot;
            }
        ],
        &quot;status&quot;: &quot;DELIVERED&quot;
    },
    &quot;creationTime&quot;: &quot;2022-02-16T09:22:46.140Z&quot;,
    &quot;deviceId&quot;: &quot;14273295&quot;,
    &quot;deviceName&quot;: &quot;offsitec&quot;,
    &quot;self&quot;: &quot;https://t493319102.eu-latest.cumulocity.com/devicecontrol/operations/14275540&quot;,
    &quot;id&quot;: &quot;14275540&quot;,
    &quot;status&quot;: &quot;PENDING&quot;,
    &quot;c8y_LogfileRequest&quot;: {
        &quot;searchText&quot;: &quot;&quot;,
        &quot;logFile&quot;: &quot;software-management&quot;,
        &quot;dateTo&quot;: &quot;2021-11-21T18:55:49+0530&quot;,
        &quot;dateFrom&quot;: &quot;2021-11-15T18:55:49+0530&quot;,
        &quot;maximumLines&quot;: 300
    },
    &quot;description&quot;: &quot;Log file request&quot;
}
10:16:23 DEBUG Final URL of the request: https://thin-edge-io.eu-latest.cumulocity.com/devicecontrol/operations?deviceId=14273295&amp;pageSize=1&amp;revert=true&amp;dateFrom=1970-01-01T00%3A00%3A00.000Z
10:16:23 INFO  State of current operation: PENDING
10:16:23 DEBUG Final URL of the request: https://thin-edge-io.eu-latest.cumulocity.com/devicecontrol/operations?deviceId=14273295&amp;pageSize=1&amp;revert=true&amp;dateFrom=1970-01-01T00%3A00%3A00.000Z
10:16:23 DEBUG State of current operation: {
    &quot;delivery&quot;: {
        &quot;time&quot;: &quot;2022-02-16T10:15:09.472Z&quot;,
        &quot;log&quot;: [
            {
                &quot;time&quot;: &quot;2022-02-16T09:22:46.166Z&quot;,
                &quot;status&quot;: &quot;PENDING&quot;
            },
            {
                &quot;time&quot;: &quot;2022-02-16T09:22:46.185Z&quot;,
                &quot;status&quot;: &quot;SEND&quot;
            },
            {
                &quot;time&quot;: &quot;2022-02-16T09:22:46.219Z&quot;,
                &quot;status&quot;: &quot;DELIVERED&quot;
            },
            {
                &quot;time&quot;: &quot;2022-02-16T09:23:55.047Z&quot;,
                &quot;status&quot;: &quot;PENDING&quot;
            },
            {
                &quot;time&quot;: &quot;2022-02-16T09:23:55.077Z&quot;,
                &quot;status&quot;: &quot;SEND&quot;
            },
            {
                &quot;time&quot;: &quot;2022-02-16T09:23:55.114Z&quot;,
                &quot;status&quot;: &quot;DELIVERED&quot;
            },
            {
                &quot;time&quot;: &quot;2022-02-16T09:23:55.901Z&quot;,
                &quot;status&quot;: &quot;PENDING&quot;
            },
            {
                &quot;time&quot;: &quot;2022-02-16T09:23:55.930Z&quot;,
                &quot;status&quot;: &quot;SEND&quot;
            },
            {
                &quot;time&quot;: &quot;2022-02-16T09:23:55.967Z&quot;,
                &quot;status&quot;: &quot;DELIVERED&quot;
            },
            {
                &quot;time&quot;: &quot;2022-02-16T09:24:55.073Z&quot;,
                &quot;status&quot;: &quot;PENDING&quot;
            },
            {
                &quot;time&quot;: &quot;2022-02-16T09:24:55.106Z&quot;,
                &quot;status&quot;: &quot;SEND&quot;
            },
            {
                &quot;time&quot;: &quot;2022-02-16T09:24:55.144Z&quot;,
                &quot;status&quot;: &quot;DELIVERED&quot;
            },
            {
                &quot;time&quot;: &quot;2022-02-16T09:24:55.971Z&quot;,
                &quot;status&quot;: &quot;PENDING&quot;
            },
            {
                &quot;time&quot;: &quot;2022-02-16T09:24:56.008Z&quot;,
                &quot;status&quot;: &quot;SEND&quot;
            },
            {
                &quot;time&quot;: &quot;2022-02-16T09:24:56.044Z&quot;,
                &quot;status&quot;: &quot;DELIVERED&quot;
            },
            {
                &quot;time&quot;: &quot;2022-02-16T09:26:09.362Z&quot;,
                &quot;status&quot;: &quot;PENDING&quot;
            },
            {
                &quot;time&quot;: &quot;2022-02-16T09:26:09.392Z&quot;,
                &quot;status&quot;: &quot;SEND&quot;
            },
            {
                &quot;time&quot;: &quot;2022-02-16T09:26:09.428Z&quot;,
                &quot;status&quot;: &quot;DELIVERED&quot;
            },
            {
                &quot;time&quot;: &quot;2022-02-16T09:26:10.287Z&quot;,
                &quot;status&quot;: &quot;PENDING&quot;
            },
            {
                &quot;time&quot;: &quot;2022-02-16T09:26:10.317Z&quot;,
                &quot;status&quot;: &quot;SEND&quot;
            },
            {
                &quot;time&quot;: &quot;2022-02-16T09:26:10.353Z&quot;,
                &quot;status&quot;: &quot;DELIVERED&quot;
            },
            {
                &quot;time&quot;: &quot;2022-02-16T09:27:24.861Z&quot;,
                &quot;status&quot;: &quot;PENDING&quot;
            },
            {
                &quot;time&quot;: &quot;2022-02-16T09:27:24.898Z&quot;,
                &quot;status&quot;: &quot;SEND&quot;
            },
            {
                &quot;time&quot;: &quot;2022-02-16T09:27:24.935Z&quot;,
                &quot;status&quot;: &quot;DELIVERED&quot;
            },
            {
                &quot;time&quot;: &quot;2022-02-16T09:27:25.773Z&quot;,
                &quot;status&quot;: &quot;PENDING&quot;
            },
            {
                &quot;time&quot;: &quot;2022-02-16T09:27:25.812Z&quot;,
                &quot;status&quot;: &quot;SEND&quot;
            },
            {
                &quot;time&quot;: &quot;2022-02-16T09:27:25.849Z&quot;,
                &quot;status&quot;: &quot;DELIVERED&quot;
            },
            {
                &quot;time&quot;: &quot;2022-02-16T09:28:06.037Z&quot;,
                &quot;status&quot;: &quot;PENDING&quot;
            },
            {
                &quot;time&quot;: &quot;2022-02-16T09:28:06.069Z&quot;,
                &quot;status&quot;: &quot;SEND&quot;
            },
            {
                &quot;time&quot;: &quot;2022-02-16T09:28:06.107Z&quot;,
                &quot;status&quot;: &quot;DELIVERED&quot;
            },
            {
                &quot;time&quot;: &quot;2022-02-16T09:28:06.968Z&quot;,
                &quot;status&quot;: &quot;PENDING&quot;
            },
            {
                &quot;time&quot;: &quot;2022-02-16T09:28:07.002Z&quot;,
                &quot;status&quot;: &quot;SEND&quot;
            },
            {
                &quot;time&quot;: &quot;2022-02-16T09:28:07.039Z&quot;,
                &quot;status&quot;: &quot;DELIVERED&quot;
            },
            {
                &quot;time&quot;: &quot;2022-02-16T09:28:58.713Z&quot;,
                &quot;status&quot;: &quot;PENDING&quot;
            },
            {
                &quot;time&quot;: &quot;2022-02-16T09:28:58.744Z&quot;,
                &quot;status&quot;: &quot;SEND&quot;
            },
            {
                &quot;time&quot;: &quot;2022-02-16T09:28:58.782Z&quot;,
                &quot;status&quot;: &quot;DELIVERED&quot;
            },
            {
                &quot;time&quot;: &quot;2022-02-16T09:28:59.589Z&quot;,
                &quot;status&quot;: &quot;PENDING&quot;
            },
            {
                &quot;time&quot;: &quot;2022-02-16T09:28:59.620Z&quot;,
                &quot;status&quot;: &quot;SEND&quot;
            },
            {
                &quot;time&quot;: &quot;2022-02-16T09:28:59.658Z&quot;,
                &quot;status&quot;: &quot;DELIVERED&quot;
            },
            {
                &quot;time&quot;: &quot;2022-02-16T09:29:51.098Z&quot;,
                &quot;status&quot;: &quot;PENDING&quot;
            },
            {
                &quot;time&quot;: &quot;2022-02-16T09:29:51.134Z&quot;,
                &quot;status&quot;: &quot;SEND&quot;
            },
            {
                &quot;time&quot;: &quot;2022-02-16T09:29:51.171Z&quot;,
                &quot;status&quot;: &quot;DELIVERED&quot;
            },
            {
                &quot;time&quot;: &quot;2022-02-16T09:29:52.013Z&quot;,
                &quot;status&quot;: &quot;PENDING&quot;
            },
            {
                &quot;time&quot;: &quot;2022-02-16T09:29:52.047Z&quot;,
                &quot;status&quot;: &quot;SEND&quot;
            },
            {
                &quot;time&quot;: &quot;2022-02-16T09:29:52.089Z&quot;,
                &quot;status&quot;: &quot;DELIVERED&quot;
            },
            {
                &quot;time&quot;: &quot;2022-02-16T09:30:33.494Z&quot;,
                &quot;status&quot;: &quot;PENDING&quot;
            },
            {
                &quot;time&quot;: &quot;2022-02-16T09:30:33.534Z&quot;,
                &quot;status&quot;: &quot;SEND&quot;
            },
            {
                &quot;time&quot;: &quot;2022-02-16T09:30:33.571Z&quot;,
                &quot;status&quot;: &quot;DELIVERED&quot;
            },
            {
                &quot;time&quot;: &quot;2022-02-16T09:30:34.412Z&quot;,
                &quot;status&quot;: &quot;PENDING&quot;
            },
            {
                &quot;time&quot;: &quot;2022-02-16T09:30:34.453Z&quot;,
                &quot;status&quot;: &quot;SEND&quot;
            },
            {
                &quot;time&quot;: &quot;2022-02-16T09:30:34.488Z&quot;,
                &quot;status&quot;: &quot;DELIVERED&quot;
            },
            {
                &quot;time&quot;: &quot;2022-02-16T09:32:49.337Z&quot;,
                &quot;status&quot;: &quot;PENDING&quot;
            },
            {
                &quot;time&quot;: &quot;2022-02-16T09:32:49.371Z&quot;,
                &quot;status&quot;: &quot;SEND&quot;
            },
            {
                &quot;time&quot;: &quot;2022-02-16T09:32:49.408Z&quot;,
                &quot;status&quot;: &quot;DELIVERED&quot;
            },
            {
                &quot;time&quot;: &quot;2022-02-16T09:32:50.347Z&quot;,
                &quot;status&quot;: &quot;PENDING&quot;
            },
            {
                &quot;time&quot;: &quot;2022-02-16T09:32:50.382Z&quot;,
                &quot;status&quot;: &quot;SEND&quot;
            },
            {
                &quot;time&quot;: &quot;2022-02-16T09:32:50.423Z&quot;,
                &quot;status&quot;: &quot;DELIVERED&quot;
            },
            {
                &quot;time&quot;: &quot;2022-02-16T09:35:18.696Z&quot;,
                &quot;status&quot;: &quot;PENDING&quot;
            },
            {
                &quot;time&quot;: &quot;2022-02-16T09:35:18.734Z&quot;,
                &quot;status&quot;: &quot;SEND&quot;
            },
            {
                &quot;time&quot;: &quot;2022-02-16T09:35:18.769Z&quot;,
                &quot;status&quot;: &quot;DELIVERED&quot;
            },
            {
                &quot;time&quot;: &quot;2022-02-16T09:35:41.813Z&quot;,
                &quot;status&quot;: &quot;PENDING&quot;
            },
            {
                &quot;time&quot;: &quot;2022-02-16T09:35:41.852Z&quot;,
                &quot;status&quot;: &quot;SEND&quot;
            },
            {
                &quot;time&quot;: &quot;2022-02-16T09:35:41.891Z&quot;,
                &quot;status&quot;: &quot;DELIVERED&quot;
            },
            {
                &quot;time&quot;: &quot;2022-02-16T09:35:42.766Z&quot;,
                &quot;status&quot;: &quot;PENDING&quot;
            },
            {
                &quot;time&quot;: &quot;2022-02-16T09:35:42.811Z&quot;,
                &quot;status&quot;: &quot;SEND&quot;
            },
            {
                &quot;time&quot;: &quot;2022-02-16T09:35:42.849Z&quot;,
                &quot;status&quot;: &quot;DELIVERED&quot;
            },
            {
                &quot;time&quot;: &quot;2022-02-16T09:36:06.394Z&quot;,
                &quot;status&quot;: &quot;PENDING&quot;
            },
            {
                &quot;time&quot;: &quot;2022-02-16T09:36:06.432Z&quot;,
                &quot;status&quot;: &quot;SEND&quot;
            },
            {
                &quot;time&quot;: &quot;2022-02-16T09:36:06.488Z&quot;,
                &quot;status&quot;: &quot;DELIVERED&quot;
            },
            {
                &quot;time&quot;: &quot;2022-02-16T09:36:07.318Z&quot;,
                &quot;status&quot;: &quot;PENDING&quot;
            },
            {
                &quot;time&quot;: &quot;2022-02-16T09:36:07.358Z&quot;,
                &quot;status&quot;: &quot;SEND&quot;
            },
            {
                &quot;time&quot;: &quot;2022-02-16T09:36:07.393Z&quot;,
                &quot;status&quot;: &quot;DELIVERED&quot;
            },
            {
                &quot;time&quot;: &quot;2022-02-16T09:36:30.178Z&quot;,
                &quot;status&quot;: &quot;PENDING&quot;
            },
            {
                &quot;time&quot;: &quot;2022-02-16T09:36:30.210Z&quot;,
                &quot;status&quot;: &quot;SEND&quot;
            },
            {
                &quot;time&quot;: &quot;2022-02-16T09:36:30.248Z&quot;,
                &quot;status&quot;: &quot;DELIVERED&quot;
            },
            {
                &quot;time&quot;: &quot;2022-02-16T09:36:31.123Z&quot;,
                &quot;status&quot;: &quot;PENDING&quot;
            },
            {
                &quot;time&quot;: &quot;2022-02-16T09:36:31.156Z&quot;,
                &quot;status&quot;: &quot;SEND&quot;
            },
            {
                &quot;time&quot;: &quot;2022-02-16T09:36:31.207Z&quot;,
                &quot;status&quot;: &quot;DELIVERED&quot;
            },
            {
                &quot;time&quot;: &quot;2022-02-16T09:37:08.443Z&quot;,
                &quot;status&quot;: &quot;PENDING&quot;
            },
            {
                &quot;time&quot;: &quot;2022-02-16T09:37:08.481Z&quot;,
                &quot;status&quot;: &quot;SEND&quot;
            },
            {
                &quot;time&quot;: &quot;2022-02-16T09:37:08.522Z&quot;,
                &quot;status&quot;: &quot;DELIVERED&quot;
            },
            {
                &quot;time&quot;: &quot;2022-02-16T09:37:09.439Z&quot;,
                &quot;status&quot;: &quot;PENDING&quot;
            },
            {
                &quot;time&quot;: &quot;2022-02-16T09:37:09.478Z&quot;,
                &quot;status&quot;: &quot;SEND&quot;
            },
            {
                &quot;time&quot;: &quot;2022-02-16T09:37:09.516Z&quot;,
                &quot;status&quot;: &quot;DELIVERED&quot;
            },
            {
                &quot;time&quot;: &quot;2022-02-16T09:37:13.026Z&quot;,
                &quot;status&quot;: &quot;PENDING&quot;
            },
            {
                &quot;time&quot;: &quot;2022-02-16T09:37:13.068Z&quot;,
                &quot;status&quot;: &quot;SEND&quot;
            },
            {
                &quot;time&quot;: &quot;2022-02-16T09:37:13.106Z&quot;,
                &quot;status&quot;: &quot;DELIVERED&quot;
            },
            {
                &quot;time&quot;: &quot;2022-02-16T09:37:37.817Z&quot;,
                &quot;status&quot;: &quot;PENDING&quot;
            },
            {
                &quot;time&quot;: &quot;2022-02-16T09:37:37.857Z&quot;,
                &quot;status&quot;: &quot;SEND&quot;
            },
            {
                &quot;time&quot;: &quot;2022-02-16T09:37:37.893Z&quot;,
                &quot;status&quot;: &quot;DELIVERED&quot;
            },
            {
                &quot;time&quot;: &quot;2022-02-16T09:37:38.638Z&quot;,
                &quot;status&quot;: &quot;PENDING&quot;
            },
            {
                &quot;time&quot;: &quot;2022-02-16T09:37:38.675Z&quot;,
                &quot;status&quot;: &quot;SEND&quot;
            },
            {
                &quot;time&quot;: &quot;2022-02-16T09:37:38.712Z&quot;,
                &quot;status&quot;: &quot;DELIVERED&quot;
            },
            {
                &quot;time&quot;: &quot;2022-02-16T09:38:03.926Z&quot;,
                &quot;status&quot;: &quot;PENDING&quot;
            },
            {
                &quot;time&quot;: &quot;2022-02-16T09:38:03.965Z&quot;,
                &quot;status&quot;: &quot;SEND&quot;
            },
            {
                &quot;time&quot;: &quot;2022-02-16T09:38:04.001Z&quot;,
                &quot;status&quot;: &quot;DELIVERED&quot;
            },
            {
                &quot;time&quot;: &quot;2022-02-16T09:38:04.819Z&quot;,
                &quot;status&quot;: &quot;PENDING&quot;
            },
            {
                &quot;time&quot;: &quot;2022-02-16T09:38:04.864Z&quot;,
                &quot;status&quot;: &quot;SEND&quot;
            },
            {
                &quot;time&quot;: &quot;2022-02-16T09:38:04.911Z&quot;,
                &quot;status&quot;: &quot;DELIVERED&quot;
            },
            {
                &quot;time&quot;: &quot;2022-02-16T09:53:50.860Z&quot;,
                &quot;status&quot;: &quot;PENDING&quot;
            },
            {
                &quot;time&quot;: &quot;2022-02-16T09:53:50.900Z&quot;,
                &quot;status&quot;: &quot;SEND&quot;
            },
            {
                &quot;time&quot;: &quot;2022-02-16T09:53:50.939Z&quot;,
                &quot;status&quot;: &quot;DELIVERED&quot;
            },
            {
                &quot;time&quot;: &quot;2022-02-16T09:53:51.831Z&quot;,
                &quot;status&quot;: &quot;PENDING&quot;
            },
            {
                &quot;time&quot;: &quot;2022-02-16T09:53:51.869Z&quot;,
                &quot;status&quot;: &quot;SEND&quot;
            },
            {
                &quot;time&quot;: &quot;2022-02-16T09:53:51.917Z&quot;,
                &quot;status&quot;: &quot;DELIVERED&quot;
            },
            {
                &quot;time&quot;: &quot;2022-02-16T09:56:32.333Z&quot;,
                &quot;status&quot;: &quot;PENDING&quot;
            },
            {
                &quot;time&quot;: &quot;2022-02-16T09:56:32.376Z&quot;,
                &quot;status&quot;: &quot;SEND&quot;
            },
            {
                &quot;time&quot;: &quot;2022-02-16T09:56:32.413Z&quot;,
                &quot;status&quot;: &quot;DELIVERED&quot;
            },
            {
                &quot;time&quot;: &quot;2022-02-16T09:56:33.226Z&quot;,
                &quot;status&quot;: &quot;PENDING&quot;
            },
            {
                &quot;time&quot;: &quot;2022-02-16T09:56:33.279Z&quot;,
                &quot;status&quot;: &quot;SEND&quot;
            },
            {
                &quot;time&quot;: &quot;2022-02-16T09:56:33.321Z&quot;,
                &quot;status&quot;: &quot;DELIVERED&quot;
            },
            {
                &quot;time&quot;: &quot;2022-02-16T09:59:11.843Z&quot;,
                &quot;status&quot;: &quot;PENDING&quot;
            },
            {
                &quot;time&quot;: &quot;2022-02-16T09:59:11.885Z&quot;,
                &quot;status&quot;: &quot;SEND&quot;
            },
            {
                &quot;time&quot;: &quot;2022-02-16T09:59:11.929Z&quot;,
                &quot;status&quot;: &quot;DELIVERED&quot;
            },
            {
                &quot;time&quot;: &quot;2022-02-16T09:59:12.799Z&quot;,
                &quot;status&quot;: &quot;PENDING&quot;
            },
            {
                &quot;time&quot;: &quot;2022-02-16T09:59:12.857Z&quot;,
                &quot;status&quot;: &quot;SEND&quot;
            },
            {
                &quot;time&quot;: &quot;2022-02-16T09:59:12.913Z&quot;,
                &quot;status&quot;: &quot;DELIVERED&quot;
            },
            {
                &quot;time&quot;: &quot;2022-02-16T10:01:50.751Z&quot;,
                &quot;status&quot;: &quot;PENDING&quot;
            },
            {
                &quot;time&quot;: &quot;2022-02-16T10:01:50.791Z&quot;,
                &quot;status&quot;: &quot;SEND&quot;
            },
            {
                &quot;time&quot;: &quot;2022-02-16T10:01:50.828Z&quot;,
                &quot;status&quot;: &quot;DELIVERED&quot;
            },
            {
                &quot;time&quot;: &quot;2022-02-16T10:01:51.673Z&quot;,
                &quot;status&quot;: &quot;PENDING&quot;
            },
            {
                &quot;time&quot;: &quot;2022-02-16T10:01:51.713Z&quot;,
                &quot;status&quot;: &quot;SEND&quot;
            },
            {
                &quot;time&quot;: &quot;2022-02-16T10:01:51.755Z&quot;,
                &quot;status&quot;: &quot;DELIVERED&quot;
            },
            {
                &quot;time&quot;: &quot;2022-02-16T10:04:30.106Z&quot;,
                &quot;status&quot;: &quot;PENDING&quot;
            },
            {
                &quot;time&quot;: &quot;2022-02-16T10:04:30.153Z&quot;,
                &quot;status&quot;: &quot;SEND&quot;
            },
            {
                &quot;time&quot;: &quot;2022-02-16T10:04:30.200Z&quot;,
                &quot;status&quot;: &quot;DELIVERED&quot;
            },
            {
                &quot;time&quot;: &quot;2022-02-16T10:04:31.076Z&quot;,
                &quot;status&quot;: &quot;PENDING&quot;
            },
            {
                &quot;time&quot;: &quot;2022-02-16T10:04:31.122Z&quot;,
                &quot;status&quot;: &quot;SEND&quot;
            },
            {
                &quot;time&quot;: &quot;2022-02-16T10:04:31.164Z&quot;,
                &quot;status&quot;: &quot;DELIVERED&quot;
            },
            {
                &quot;time&quot;: &quot;2022-02-16T10:07:10.462Z&quot;,
                &quot;status&quot;: &quot;PENDING&quot;
            },
            {
                &quot;time&quot;: &quot;2022-02-16T10:07:10.499Z&quot;,
                &quot;status&quot;: &quot;SEND&quot;
            },
            {
                &quot;time&quot;: &quot;2022-02-16T10:07:10.537Z&quot;,
                &quot;status&quot;: &quot;DELIVERED&quot;
            },
            {
                &quot;time&quot;: &quot;2022-02-16T10:07:11.343Z&quot;,
                &quot;status&quot;: &quot;PENDING&quot;
            },
            {
                &quot;time&quot;: &quot;2022-02-16T10:07:11.380Z&quot;,
                &quot;status&quot;: &quot;SEND&quot;
            },
            {
                &quot;time&quot;: &quot;2022-02-16T10:07:11.418Z&quot;,
                &quot;status&quot;: &quot;DELIVERED&quot;
            },
            {
                &quot;time&quot;: &quot;2022-02-16T10:09:49.720Z&quot;,
                &quot;status&quot;: &quot;PENDING&quot;
            },
            {
                &quot;time&quot;: &quot;2022-02-16T10:09:49.762Z&quot;,
                &quot;status&quot;: &quot;SEND&quot;
            },
            {
                &quot;time&quot;: &quot;2022-02-16T10:09:49.803Z&quot;,
                &quot;status&quot;: &quot;DELIVERED&quot;
            },
            {
                &quot;time&quot;: &quot;2022-02-16T10:09:50.610Z&quot;,
                &quot;status&quot;: &quot;PENDING&quot;
            },
            {
                &quot;time&quot;: &quot;2022-02-16T10:09:50.651Z&quot;,
                &quot;status&quot;: &quot;SEND&quot;
            },
            {
                &quot;time&quot;: &quot;2022-02-16T10:09:50.691Z&quot;,
                &quot;status&quot;: &quot;DELIVERED&quot;
            },
            {
                &quot;time&quot;: &quot;2022-02-16T10:12:29.403Z&quot;,
                &quot;status&quot;: &quot;PENDING&quot;
            },
            {
                &quot;time&quot;: &quot;2022-02-16T10:12:29.449Z&quot;,
                &quot;status&quot;: &quot;SEND&quot;
            },
            {
                &quot;time&quot;: &quot;2022-02-16T10:12:29.494Z&quot;,
                &quot;status&quot;: &quot;DELIVERED&quot;
            },
            {
                &quot;time&quot;: &quot;2022-02-16T10:12:30.338Z&quot;,
                &quot;status&quot;: &quot;PENDING&quot;
            },
            {
                &quot;time&quot;: &quot;2022-02-16T10:12:30.379Z&quot;,
                &quot;status&quot;: &quot;SEND&quot;
            },
            {
                &quot;time&quot;: &quot;2022-02-16T10:12:30.423Z&quot;,
                &quot;status&quot;: &quot;DELIVERED&quot;
            },
            {
                &quot;time&quot;: &quot;2022-02-16T10:15:08.464Z&quot;,
                &quot;status&quot;: &quot;PENDING&quot;
            },
            {
                &quot;time&quot;: &quot;2022-02-16T10:15:08.507Z&quot;,
                &quot;status&quot;: &quot;SEND&quot;
            },
            {
                &quot;time&quot;: &quot;2022-02-16T10:15:08.549Z&quot;,
                &quot;status&quot;: &quot;DELIVERED&quot;
            },
            {
                &quot;time&quot;: &quot;2022-02-16T10:15:09.384Z&quot;,
                &quot;status&quot;: &quot;PENDING&quot;
            },
            {
                &quot;time&quot;: &quot;2022-02-16T10:15:09.428Z&quot;,
                &quot;status&quot;: &quot;SEND&quot;
            }
        ],
        &quot;status&quot;: &quot;DELIVERED&quot;
    },
    &quot;creationTime&quot;: &quot;2022-02-16T09:22:46.140Z&quot;,
    &quot;deviceId&quot;: &quot;14273295&quot;,
    &quot;deviceName&quot;: &quot;offsitec&quot;,
    &quot;self&quot;: &quot;https://t493319102.eu-latest.cumulocity.com/devicecontrol/operations/14275540&quot;,
    &quot;id&quot;: &quot;14275540&quot;,
    &quot;status&quot;: &quot;PENDING&quot;,
    &quot;c8y_LogfileRequest&quot;: {
        &quot;searchText&quot;: &quot;&quot;,
        &quot;logFile&quot;: &quot;software-management&quot;,
        &quot;dateTo&quot;: &quot;2021-11-21T18:55:49+0530&quot;,
        &quot;dateFrom&quot;: &quot;2021-11-15T18:55:49+0530&quot;,
        &quot;maximumLines&quot;: 300
    },
    &quot;description&quot;: &quot;Log file request&quot;
}
10:16:25 DEBUG Final URL of the request: https://thin-edge-io.eu-latest.cumulocity.com/devicecontrol/operations?deviceId=14273295&amp;pageSize=1&amp;revert=true&amp;dateFrom=1970-01-01T00%3A00%3A00.000Z
10:16:25 INFO  State of current operation: PENDING
10:16:25 DEBUG Final URL of the request: https://thin-edge-io.eu-latest.cumulocity.com/devicecontrol/operations?deviceId=14273295&amp;pageSize=1&amp;revert=true&amp;dateFrom=1970-01-01T00%3A00%3A00.000Z
10:16:25 DEBUG State of current operation: {
    &quot;delivery&quot;: {
        &quot;time&quot;: &quot;2022-02-16T10:15:09.472Z&quot;,
        &quot;log&quot;: [
            {
                &quot;time&quot;: &quot;2022-02-16T09:22:46.166Z&quot;,
                &quot;status&quot;: &quot;PENDING&quot;
            },
            {
                &quot;time&quot;: &quot;2022-02-16T09:22:46.185Z&quot;,
                &quot;status&quot;: &quot;SEND&quot;
            },
            {
                &quot;time&quot;: &quot;2022-02-16T09:22:46.219Z&quot;,
                &quot;status&quot;: &quot;DELIVERED&quot;
            },
            {
                &quot;time&quot;: &quot;2022-02-16T09:23:55.047Z&quot;,
                &quot;status&quot;: &quot;PENDING&quot;
            },
            {
                &quot;time&quot;: &quot;2022-02-16T09:23:55.077Z&quot;,
                &quot;status&quot;: &quot;SEND&quot;
            },
            {
                &quot;time&quot;: &quot;2022-02-16T09:23:55.114Z&quot;,
                &quot;status&quot;: &quot;DELIVERED&quot;
            },
            {
                &quot;time&quot;: &quot;2022-02-16T09:23:55.901Z&quot;,
                &quot;status&quot;: &quot;PENDING&quot;
            },
            {
                &quot;time&quot;: &quot;2022-02-16T09:23:55.930Z&quot;,
                &quot;status&quot;: &quot;SEND&quot;
            },
            {
                &quot;time&quot;: &quot;2022-02-16T09:23:55.967Z&quot;,
                &quot;status&quot;: &quot;DELIVERED&quot;
            },
            {
                &quot;time&quot;: &quot;2022-02-16T09:24:55.073Z&quot;,
                &quot;status&quot;: &quot;PENDING&quot;
            },
            {
                &quot;time&quot;: &quot;2022-02-16T09:24:55.106Z&quot;,
                &quot;status&quot;: &quot;SEND&quot;
            },
            {
                &quot;time&quot;: &quot;2022-02-16T09:24:55.144Z&quot;,
                &quot;status&quot;: &quot;DELIVERED&quot;
            },
            {
                &quot;time&quot;: &quot;2022-02-16T09:24:55.971Z&quot;,
                &quot;status&quot;: &quot;PENDING&quot;
            },
            {
                &quot;time&quot;: &quot;2022-02-16T09:24:56.008Z&quot;,
                &quot;status&quot;: &quot;SEND&quot;
            },
            {
                &quot;time&quot;: &quot;2022-02-16T09:24:56.044Z&quot;,
                &quot;status&quot;: &quot;DELIVERED&quot;
            },
            {
                &quot;time&quot;: &quot;2022-02-16T09:26:09.362Z&quot;,
                &quot;status&quot;: &quot;PENDING&quot;
            },
            {
                &quot;time&quot;: &quot;2022-02-16T09:26:09.392Z&quot;,
                &quot;status&quot;: &quot;SEND&quot;
            },
            {
                &quot;time&quot;: &quot;2022-02-16T09:26:09.428Z&quot;,
                &quot;status&quot;: &quot;DELIVERED&quot;
            },
            {
                &quot;time&quot;: &quot;2022-02-16T09:26:10.287Z&quot;,
                &quot;status&quot;: &quot;PENDING&quot;
            },
            {
                &quot;time&quot;: &quot;2022-02-16T09:26:10.317Z&quot;,
                &quot;status&quot;: &quot;SEND&quot;
            },
            {
                &quot;time&quot;: &quot;2022-02-16T09:26:10.353Z&quot;,
                &quot;status&quot;: &quot;DELIVERED&quot;
            },
            {
                &quot;time&quot;: &quot;2022-02-16T09:27:24.861Z&quot;,
                &quot;status&quot;: &quot;PENDING&quot;
            },
            {
                &quot;time&quot;: &quot;2022-02-16T09:27:24.898Z&quot;,
                &quot;status&quot;: &quot;SEND&quot;
            },
            {
                &quot;time&quot;: &quot;2022-02-16T09:27:24.935Z&quot;,
                &quot;status&quot;: &quot;DELIVERED&quot;
            },
            {
                &quot;time&quot;: &quot;2022-02-16T09:27:25.773Z&quot;,
                &quot;status&quot;: &quot;PENDING&quot;
            },
            {
                &quot;time&quot;: &quot;2022-02-16T09:27:25.812Z&quot;,
                &quot;status&quot;: &quot;SEND&quot;
            },
            {
                &quot;time&quot;: &quot;2022-02-16T09:27:25.849Z&quot;,
                &quot;status&quot;: &quot;DELIVERED&quot;
            },
            {
                &quot;time&quot;: &quot;2022-02-16T09:28:06.037Z&quot;,
                &quot;status&quot;: &quot;PENDING&quot;
            },
            {
                &quot;time&quot;: &quot;2022-02-16T09:28:06.069Z&quot;,
                &quot;status&quot;: &quot;SEND&quot;
            },
            {
                &quot;time&quot;: &quot;2022-02-16T09:28:06.107Z&quot;,
                &quot;status&quot;: &quot;DELIVERED&quot;
            },
            {
                &quot;time&quot;: &quot;2022-02-16T09:28:06.968Z&quot;,
                &quot;status&quot;: &quot;PENDING&quot;
            },
            {
                &quot;time&quot;: &quot;2022-02-16T09:28:07.002Z&quot;,
                &quot;status&quot;: &quot;SEND&quot;
            },
            {
                &quot;time&quot;: &quot;2022-02-16T09:28:07.039Z&quot;,
                &quot;status&quot;: &quot;DELIVERED&quot;
            },
            {
                &quot;time&quot;: &quot;2022-02-16T09:28:58.713Z&quot;,
                &quot;status&quot;: &quot;PENDING&quot;
            },
            {
                &quot;time&quot;: &quot;2022-02-16T09:28:58.744Z&quot;,
                &quot;status&quot;: &quot;SEND&quot;
            },
            {
                &quot;time&quot;: &quot;2022-02-16T09:28:58.782Z&quot;,
                &quot;status&quot;: &quot;DELIVERED&quot;
            },
            {
                &quot;time&quot;: &quot;2022-02-16T09:28:59.589Z&quot;,
                &quot;status&quot;: &quot;PENDING&quot;
            },
            {
                &quot;time&quot;: &quot;2022-02-16T09:28:59.620Z&quot;,
                &quot;status&quot;: &quot;SEND&quot;
            },
            {
                &quot;time&quot;: &quot;2022-02-16T09:28:59.658Z&quot;,
                &quot;status&quot;: &quot;DELIVERED&quot;
            },
            {
                &quot;time&quot;: &quot;2022-02-16T09:29:51.098Z&quot;,
                &quot;status&quot;: &quot;PENDING&quot;
            },
            {
                &quot;time&quot;: &quot;2022-02-16T09:29:51.134Z&quot;,
                &quot;status&quot;: &quot;SEND&quot;
            },
            {
                &quot;time&quot;: &quot;2022-02-16T09:29:51.171Z&quot;,
                &quot;status&quot;: &quot;DELIVERED&quot;
            },
            {
                &quot;time&quot;: &quot;2022-02-16T09:29:52.013Z&quot;,
                &quot;status&quot;: &quot;PENDING&quot;
            },
            {
                &quot;time&quot;: &quot;2022-02-16T09:29:52.047Z&quot;,
                &quot;status&quot;: &quot;SEND&quot;
            },
            {
                &quot;time&quot;: &quot;2022-02-16T09:29:52.089Z&quot;,
                &quot;status&quot;: &quot;DELIVERED&quot;
            },
            {
                &quot;time&quot;: &quot;2022-02-16T09:30:33.494Z&quot;,
                &quot;status&quot;: &quot;PENDING&quot;
            },
            {
                &quot;time&quot;: &quot;2022-02-16T09:30:33.534Z&quot;,
                &quot;status&quot;: &quot;SEND&quot;
            },
            {
                &quot;time&quot;: &quot;2022-02-16T09:30:33.571Z&quot;,
                &quot;status&quot;: &quot;DELIVERED&quot;
            },
            {
                &quot;time&quot;: &quot;2022-02-16T09:30:34.412Z&quot;,
                &quot;status&quot;: &quot;PENDING&quot;
            },
            {
                &quot;time&quot;: &quot;2022-02-16T09:30:34.453Z&quot;,
                &quot;status&quot;: &quot;SEND&quot;
            },
            {
                &quot;time&quot;: &quot;2022-02-16T09:30:34.488Z&quot;,
                &quot;status&quot;: &quot;DELIVERED&quot;
            },
            {
                &quot;time&quot;: &quot;2022-02-16T09:32:49.337Z&quot;,
                &quot;status&quot;: &quot;PENDING&quot;
            },
            {
                &quot;time&quot;: &quot;2022-02-16T09:32:49.371Z&quot;,
                &quot;status&quot;: &quot;SEND&quot;
            },
            {
                &quot;time&quot;: &quot;2022-02-16T09:32:49.408Z&quot;,
                &quot;status&quot;: &quot;DELIVERED&quot;
            },
            {
                &quot;time&quot;: &quot;2022-02-16T09:32:50.347Z&quot;,
                &quot;status&quot;: &quot;PENDING&quot;
            },
            {
                &quot;time&quot;: &quot;2022-02-16T09:32:50.382Z&quot;,
                &quot;status&quot;: &quot;SEND&quot;
            },
            {
                &quot;time&quot;: &quot;2022-02-16T09:32:50.423Z&quot;,
                &quot;status&quot;: &quot;DELIVERED&quot;
            },
            {
                &quot;time&quot;: &quot;2022-02-16T09:35:18.696Z&quot;,
                &quot;status&quot;: &quot;PENDING&quot;
            },
            {
                &quot;time&quot;: &quot;2022-02-16T09:35:18.734Z&quot;,
                &quot;status&quot;: &quot;SEND&quot;
            },
            {
                &quot;time&quot;: &quot;2022-02-16T09:35:18.769Z&quot;,
                &quot;status&quot;: &quot;DELIVERED&quot;
            },
            {
                &quot;time&quot;: &quot;2022-02-16T09:35:41.813Z&quot;,
                &quot;status&quot;: &quot;PENDING&quot;
            },
            {
                &quot;time&quot;: &quot;2022-02-16T09:35:41.852Z&quot;,
                &quot;status&quot;: &quot;SEND&quot;
            },
            {
                &quot;time&quot;: &quot;2022-02-16T09:35:41.891Z&quot;,
                &quot;status&quot;: &quot;DELIVERED&quot;
            },
            {
                &quot;time&quot;: &quot;2022-02-16T09:35:42.766Z&quot;,
                &quot;status&quot;: &quot;PENDING&quot;
            },
            {
                &quot;time&quot;: &quot;2022-02-16T09:35:42.811Z&quot;,
                &quot;status&quot;: &quot;SEND&quot;
            },
            {
                &quot;time&quot;: &quot;2022-02-16T09:35:42.849Z&quot;,
                &quot;status&quot;: &quot;DELIVERED&quot;
            },
            {
                &quot;time&quot;: &quot;2022-02-16T09:36:06.394Z&quot;,
                &quot;status&quot;: &quot;PENDING&quot;
            },
            {
                &quot;time&quot;: &quot;2022-02-16T09:36:06.432Z&quot;,
                &quot;status&quot;: &quot;SEND&quot;
            },
            {
                &quot;time&quot;: &quot;2022-02-16T09:36:06.488Z&quot;,
                &quot;status&quot;: &quot;DELIVERED&quot;
            },
            {
                &quot;time&quot;: &quot;2022-02-16T09:36:07.318Z&quot;,
                &quot;status&quot;: &quot;PENDING&quot;
            },
            {
                &quot;time&quot;: &quot;2022-02-16T09:36:07.358Z&quot;,
                &quot;status&quot;: &quot;SEND&quot;
            },
            {
                &quot;time&quot;: &quot;2022-02-16T09:36:07.393Z&quot;,
                &quot;status&quot;: &quot;DELIVERED&quot;
            },
            {
                &quot;time&quot;: &quot;2022-02-16T09:36:30.178Z&quot;,
                &quot;status&quot;: &quot;PENDING&quot;
            },
            {
                &quot;time&quot;: &quot;2022-02-16T09:36:30.210Z&quot;,
                &quot;status&quot;: &quot;SEND&quot;
            },
            {
                &quot;time&quot;: &quot;2022-02-16T09:36:30.248Z&quot;,
                &quot;status&quot;: &quot;DELIVERED&quot;
            },
            {
                &quot;time&quot;: &quot;2022-02-16T09:36:31.123Z&quot;,
                &quot;status&quot;: &quot;PENDING&quot;
            },
            {
                &quot;time&quot;: &quot;2022-02-16T09:36:31.156Z&quot;,
                &quot;status&quot;: &quot;SEND&quot;
            },
            {
                &quot;time&quot;: &quot;2022-02-16T09:36:31.207Z&quot;,
                &quot;status&quot;: &quot;DELIVERED&quot;
            },
            {
                &quot;time&quot;: &quot;2022-02-16T09:37:08.443Z&quot;,
                &quot;status&quot;: &quot;PENDING&quot;
            },
            {
                &quot;time&quot;: &quot;2022-02-16T09:37:08.481Z&quot;,
                &quot;status&quot;: &quot;SEND&quot;
            },
            {
                &quot;time&quot;: &quot;2022-02-16T09:37:08.522Z&quot;,
                &quot;status&quot;: &quot;DELIVERED&quot;
            },
            {
                &quot;time&quot;: &quot;2022-02-16T09:37:09.439Z&quot;,
                &quot;status&quot;: &quot;PENDING&quot;
            },
            {
                &quot;time&quot;: &quot;2022-02-16T09:37:09.478Z&quot;,
                &quot;status&quot;: &quot;SEND&quot;
            },
            {
                &quot;time&quot;: &quot;2022-02-16T09:37:09.516Z&quot;,
                &quot;status&quot;: &quot;DELIVERED&quot;
            },
            {
                &quot;time&quot;: &quot;2022-02-16T09:37:13.026Z&quot;,
                &quot;status&quot;: &quot;PENDING&quot;
            },
            {
                &quot;time&quot;: &quot;2022-02-16T09:37:13.068Z&quot;,
                &quot;status&quot;: &quot;SEND&quot;
            },
            {
                &quot;time&quot;: &quot;2022-02-16T09:37:13.106Z&quot;,
                &quot;status&quot;: &quot;DELIVERED&quot;
            },
            {
                &quot;time&quot;: &quot;2022-02-16T09:37:37.817Z&quot;,
                &quot;status&quot;: &quot;PENDING&quot;
            },
            {
                &quot;time&quot;: &quot;2022-02-16T09:37:37.857Z&quot;,
                &quot;status&quot;: &quot;SEND&quot;
            },
            {
                &quot;time&quot;: &quot;2022-02-16T09:37:37.893Z&quot;,
                &quot;status&quot;: &quot;DELIVERED&quot;
            },
            {
                &quot;time&quot;: &quot;2022-02-16T09:37:38.638Z&quot;,
                &quot;status&quot;: &quot;PENDING&quot;
            },
            {
                &quot;time&quot;: &quot;2022-02-16T09:37:38.675Z&quot;,
                &quot;status&quot;: &quot;SEND&quot;
            },
            {
                &quot;time&quot;: &quot;2022-02-16T09:37:38.712Z&quot;,
                &quot;status&quot;: &quot;DELIVERED&quot;
            },
            {
                &quot;time&quot;: &quot;2022-02-16T09:38:03.926Z&quot;,
                &quot;status&quot;: &quot;PENDING&quot;
            },
            {
                &quot;time&quot;: &quot;2022-02-16T09:38:03.965Z&quot;,
                &quot;status&quot;: &quot;SEND&quot;
            },
            {
                &quot;time&quot;: &quot;2022-02-16T09:38:04.001Z&quot;,
                &quot;status&quot;: &quot;DELIVERED&quot;
            },
            {
                &quot;time&quot;: &quot;2022-02-16T09:38:04.819Z&quot;,
                &quot;status&quot;: &quot;PENDING&quot;
            },
            {
                &quot;time&quot;: &quot;2022-02-16T09:38:04.864Z&quot;,
                &quot;status&quot;: &quot;SEND&quot;
            },
            {
                &quot;time&quot;: &quot;2022-02-16T09:38:04.911Z&quot;,
                &quot;status&quot;: &quot;DELIVERED&quot;
            },
            {
                &quot;time&quot;: &quot;2022-02-16T09:53:50.860Z&quot;,
                &quot;status&quot;: &quot;PENDING&quot;
            },
            {
                &quot;time&quot;: &quot;2022-02-16T09:53:50.900Z&quot;,
                &quot;status&quot;: &quot;SEND&quot;
            },
            {
                &quot;time&quot;: &quot;2022-02-16T09:53:50.939Z&quot;,
                &quot;status&quot;: &quot;DELIVERED&quot;
            },
            {
                &quot;time&quot;: &quot;2022-02-16T09:53:51.831Z&quot;,
                &quot;status&quot;: &quot;PENDING&quot;
            },
            {
                &quot;time&quot;: &quot;2022-02-16T09:53:51.869Z&quot;,
                &quot;status&quot;: &quot;SEND&quot;
            },
            {
                &quot;time&quot;: &quot;2022-02-16T09:53:51.917Z&quot;,
                &quot;status&quot;: &quot;DELIVERED&quot;
            },
            {
                &quot;time&quot;: &quot;2022-02-16T09:56:32.333Z&quot;,
                &quot;status&quot;: &quot;PENDING&quot;
            },
            {
                &quot;time&quot;: &quot;2022-02-16T09:56:32.376Z&quot;,
                &quot;status&quot;: &quot;SEND&quot;
            },
            {
                &quot;time&quot;: &quot;2022-02-16T09:56:32.413Z&quot;,
                &quot;status&quot;: &quot;DELIVERED&quot;
            },
            {
                &quot;time&quot;: &quot;2022-02-16T09:56:33.226Z&quot;,
                &quot;status&quot;: &quot;PENDING&quot;
            },
            {
                &quot;time&quot;: &quot;2022-02-16T09:56:33.279Z&quot;,
                &quot;status&quot;: &quot;SEND&quot;
            },
            {
                &quot;time&quot;: &quot;2022-02-16T09:56:33.321Z&quot;,
                &quot;status&quot;: &quot;DELIVERED&quot;
            },
            {
                &quot;time&quot;: &quot;2022-02-16T09:59:11.843Z&quot;,
                &quot;status&quot;: &quot;PENDING&quot;
            },
            {
                &quot;time&quot;: &quot;2022-02-16T09:59:11.885Z&quot;,
                &quot;status&quot;: &quot;SEND&quot;
            },
            {
                &quot;time&quot;: &quot;2022-02-16T09:59:11.929Z&quot;,
                &quot;status&quot;: &quot;DELIVERED&quot;
            },
            {
                &quot;time&quot;: &quot;2022-02-16T09:59:12.799Z&quot;,
                &quot;status&quot;: &quot;PENDING&quot;
            },
            {
                &quot;time&quot;: &quot;2022-02-16T09:59:12.857Z&quot;,
                &quot;status&quot;: &quot;SEND&quot;
            },
            {
                &quot;time&quot;: &quot;2022-02-16T09:59:12.913Z&quot;,
                &quot;status&quot;: &quot;DELIVERED&quot;
            },
            {
                &quot;time&quot;: &quot;2022-02-16T10:01:50.751Z&quot;,
                &quot;status&quot;: &quot;PENDING&quot;
            },
            {
                &quot;time&quot;: &quot;2022-02-16T10:01:50.791Z&quot;,
                &quot;status&quot;: &quot;SEND&quot;
            },
            {
                &quot;time&quot;: &quot;2022-02-16T10:01:50.828Z&quot;,
                &quot;status&quot;: &quot;DELIVERED&quot;
            },
            {
                &quot;time&quot;: &quot;2022-02-16T10:01:51.673Z&quot;,
                &quot;status&quot;: &quot;PENDING&quot;
            },
            {
                &quot;time&quot;: &quot;2022-02-16T10:01:51.713Z&quot;,
                &quot;status&quot;: &quot;SEND&quot;
            },
            {
                &quot;time&quot;: &quot;2022-02-16T10:01:51.755Z&quot;,
                &quot;status&quot;: &quot;DELIVERED&quot;
            },
            {
                &quot;time&quot;: &quot;2022-02-16T10:04:30.106Z&quot;,
                &quot;status&quot;: &quot;PENDING&quot;
            },
            {
                &quot;time&quot;: &quot;2022-02-16T10:04:30.153Z&quot;,
                &quot;status&quot;: &quot;SEND&quot;
            },
            {
                &quot;time&quot;: &quot;2022-02-16T10:04:30.200Z&quot;,
                &quot;status&quot;: &quot;DELIVERED&quot;
            },
            {
                &quot;time&quot;: &quot;2022-02-16T10:04:31.076Z&quot;,
                &quot;status&quot;: &quot;PENDING&quot;
            },
            {
                &quot;time&quot;: &quot;2022-02-16T10:04:31.122Z&quot;,
                &quot;status&quot;: &quot;SEND&quot;
            },
            {
                &quot;time&quot;: &quot;2022-02-16T10:04:31.164Z&quot;,
                &quot;status&quot;: &quot;DELIVERED&quot;
            },
            {
                &quot;time&quot;: &quot;2022-02-16T10:07:10.462Z&quot;,
                &quot;status&quot;: &quot;PENDING&quot;
            },
            {
                &quot;time&quot;: &quot;2022-02-16T10:07:10.499Z&quot;,
                &quot;status&quot;: &quot;SEND&quot;
            },
            {
                &quot;time&quot;: &quot;2022-02-16T10:07:10.537Z&quot;,
                &quot;status&quot;: &quot;DELIVERED&quot;
            },
            {
                &quot;time&quot;: &quot;2022-02-16T10:07:11.343Z&quot;,
                &quot;status&quot;: &quot;PENDING&quot;
            },
            {
                &quot;time&quot;: &quot;2022-02-16T10:07:11.380Z&quot;,
                &quot;status&quot;: &quot;SEND&quot;
            },
            {
                &quot;time&quot;: &quot;2022-02-16T10:07:11.418Z&quot;,
                &quot;status&quot;: &quot;DELIVERED&quot;
            },
            {
                &quot;time&quot;: &quot;2022-02-16T10:09:49.720Z&quot;,
                &quot;status&quot;: &quot;PENDING&quot;
            },
            {
                &quot;time&quot;: &quot;2022-02-16T10:09:49.762Z&quot;,
                &quot;status&quot;: &quot;SEND&quot;
            },
            {
                &quot;time&quot;: &quot;2022-02-16T10:09:49.803Z&quot;,
                &quot;status&quot;: &quot;DELIVERED&quot;
            },
            {
                &quot;time&quot;: &quot;2022-02-16T10:09:50.610Z&quot;,
                &quot;status&quot;: &quot;PENDING&quot;
            },
            {
                &quot;time&quot;: &quot;2022-02-16T10:09:50.651Z&quot;,
                &quot;status&quot;: &quot;SEND&quot;
            },
            {
                &quot;time&quot;: &quot;2022-02-16T10:09:50.691Z&quot;,
                &quot;status&quot;: &quot;DELIVERED&quot;
            },
            {
                &quot;time&quot;: &quot;2022-02-16T10:12:29.403Z&quot;,
                &quot;status&quot;: &quot;PENDING&quot;
            },
            {
                &quot;time&quot;: &quot;2022-02-16T10:12:29.449Z&quot;,
                &quot;status&quot;: &quot;SEND&quot;
            },
            {
                &quot;time&quot;: &quot;2022-02-16T10:12:29.494Z&quot;,
                &quot;status&quot;: &quot;DELIVERED&quot;
            },
            {
                &quot;time&quot;: &quot;2022-02-16T10:12:30.338Z&quot;,
                &quot;status&quot;: &quot;PENDING&quot;
            },
            {
                &quot;time&quot;: &quot;2022-02-16T10:12:30.379Z&quot;,
                &quot;status&quot;: &quot;SEND&quot;
            },
            {
                &quot;time&quot;: &quot;2022-02-16T10:12:30.423Z&quot;,
                &quot;status&quot;: &quot;DELIVERED&quot;
            },
            {
                &quot;time&quot;: &quot;2022-02-16T10:15:08.464Z&quot;,
                &quot;status&quot;: &quot;PENDING&quot;
            },
            {
                &quot;time&quot;: &quot;2022-02-16T10:15:08.507Z&quot;,
                &quot;status&quot;: &quot;SEND&quot;
            },
            {
                &quot;time&quot;: &quot;2022-02-16T10:15:08.549Z&quot;,
                &quot;status&quot;: &quot;DELIVERED&quot;
            },
            {
                &quot;time&quot;: &quot;2022-02-16T10:15:09.384Z&quot;,
                &quot;status&quot;: &quot;PENDING&quot;
            },
            {
                &quot;time&quot;: &quot;2022-02-16T10:15:09.428Z&quot;,
                &quot;status&quot;: &quot;SEND&quot;
            }
        ],
        &quot;status&quot;: &quot;DELIVERED&quot;
    },
    &quot;creationTime&quot;: &quot;2022-02-16T09:22:46.140Z&quot;,
    &quot;deviceId&quot;: &quot;14273295&quot;,
    &quot;deviceName&quot;: &quot;offsitec&quot;,
    &quot;self&quot;: &quot;https://t493319102.eu-latest.cumulocity.com/devicecontrol/operations/14275540&quot;,
    &quot;id&quot;: &quot;14275540&quot;,
    &quot;status&quot;: &quot;PENDING&quot;,
    &quot;c8y_LogfileRequest&quot;: {
        &quot;searchText&quot;: &quot;&quot;,
        &quot;logFile&quot;: &quot;software-management&quot;,
        &quot;dateTo&quot;: &quot;2021-11-21T18:55:49+0530&quot;,
        &quot;dateFrom&quot;: &quot;2021-11-15T18:55:49+0530&quot;,
        &quot;maximumLines&quot;: 300
    },
    &quot;description&quot;: &quot;Log file request&quot;
}
10:16:27 DEBUG Final URL of the request: https://thin-edge-io.eu-latest.cumulocity.com/devicecontrol/operations?deviceId=14273295&amp;pageSize=1&amp;revert=true&amp;dateFrom=1970-01-01T00%3A00%3A00.000Z
10:16:27 INFO  State of current operation: PENDING
10:16:27 DEBUG Final URL of the request: https://thin-edge-io.eu-latest.cumulocity.com/devicecontrol/operations?deviceId=14273295&amp;pageSize=1&amp;revert=true&amp;dateFrom=1970-01-01T00%3A00%3A00.000Z
10:16:27 DEBUG State of current operation: {
    &quot;delivery&quot;: {
        &quot;time&quot;: &quot;2022-02-16T10:15:09.472Z&quot;,
        &quot;log&quot;: [
            {
                &quot;time&quot;: &quot;2022-02-16T09:22:46.166Z&quot;,
                &quot;status&quot;: &quot;PENDING&quot;
            },
            {
                &quot;time&quot;: &quot;2022-02-16T09:22:46.185Z&quot;,
                &quot;status&quot;: &quot;SEND&quot;
            },
            {
                &quot;time&quot;: &quot;2022-02-16T09:22:46.219Z&quot;,
                &quot;status&quot;: &quot;DELIVERED&quot;
            },
            {
                &quot;time&quot;: &quot;2022-02-16T09:23:55.047Z&quot;,
                &quot;status&quot;: &quot;PENDING&quot;
            },
            {
                &quot;time&quot;: &quot;2022-02-16T09:23:55.077Z&quot;,
                &quot;status&quot;: &quot;SEND&quot;
            },
            {
                &quot;time&quot;: &quot;2022-02-16T09:23:55.114Z&quot;,
                &quot;status&quot;: &quot;DELIVERED&quot;
            },
            {
                &quot;time&quot;: &quot;2022-02-16T09:23:55.901Z&quot;,
                &quot;status&quot;: &quot;PENDING&quot;
            },
            {
                &quot;time&quot;: &quot;2022-02-16T09:23:55.930Z&quot;,
                &quot;status&quot;: &quot;SEND&quot;
            },
            {
                &quot;time&quot;: &quot;2022-02-16T09:23:55.967Z&quot;,
                &quot;status&quot;: &quot;DELIVERED&quot;
            },
            {
                &quot;time&quot;: &quot;2022-02-16T09:24:55.073Z&quot;,
                &quot;status&quot;: &quot;PENDING&quot;
            },
            {
                &quot;time&quot;: &quot;2022-02-16T09:24:55.106Z&quot;,
                &quot;status&quot;: &quot;SEND&quot;
            },
            {
                &quot;time&quot;: &quot;2022-02-16T09:24:55.144Z&quot;,
                &quot;status&quot;: &quot;DELIVERED&quot;
            },
            {
                &quot;time&quot;: &quot;2022-02-16T09:24:55.971Z&quot;,
                &quot;status&quot;: &quot;PENDING&quot;
            },
            {
                &quot;time&quot;: &quot;2022-02-16T09:24:56.008Z&quot;,
                &quot;status&quot;: &quot;SEND&quot;
            },
            {
                &quot;time&quot;: &quot;2022-02-16T09:24:56.044Z&quot;,
                &quot;status&quot;: &quot;DELIVERED&quot;
            },
            {
                &quot;time&quot;: &quot;2022-02-16T09:26:09.362Z&quot;,
                &quot;status&quot;: &quot;PENDING&quot;
            },
            {
                &quot;time&quot;: &quot;2022-02-16T09:26:09.392Z&quot;,
                &quot;status&quot;: &quot;SEND&quot;
            },
            {
                &quot;time&quot;: &quot;2022-02-16T09:26:09.428Z&quot;,
                &quot;status&quot;: &quot;DELIVERED&quot;
            },
            {
                &quot;time&quot;: &quot;2022-02-16T09:26:10.287Z&quot;,
                &quot;status&quot;: &quot;PENDING&quot;
            },
            {
                &quot;time&quot;: &quot;2022-02-16T09:26:10.317Z&quot;,
                &quot;status&quot;: &quot;SEND&quot;
            },
            {
                &quot;time&quot;: &quot;2022-02-16T09:26:10.353Z&quot;,
                &quot;status&quot;: &quot;DELIVERED&quot;
            },
            {
                &quot;time&quot;: &quot;2022-02-16T09:27:24.861Z&quot;,
                &quot;status&quot;: &quot;PENDING&quot;
            },
            {
                &quot;time&quot;: &quot;2022-02-16T09:27:24.898Z&quot;,
                &quot;status&quot;: &quot;SEND&quot;
            },
            {
                &quot;time&quot;: &quot;2022-02-16T09:27:24.935Z&quot;,
                &quot;status&quot;: &quot;DELIVERED&quot;
            },
            {
                &quot;time&quot;: &quot;2022-02-16T09:27:25.773Z&quot;,
                &quot;status&quot;: &quot;PENDING&quot;
            },
            {
                &quot;time&quot;: &quot;2022-02-16T09:27:25.812Z&quot;,
                &quot;status&quot;: &quot;SEND&quot;
            },
            {
                &quot;time&quot;: &quot;2022-02-16T09:27:25.849Z&quot;,
                &quot;status&quot;: &quot;DELIVERED&quot;
            },
            {
                &quot;time&quot;: &quot;2022-02-16T09:28:06.037Z&quot;,
                &quot;status&quot;: &quot;PENDING&quot;
            },
            {
                &quot;time&quot;: &quot;2022-02-16T09:28:06.069Z&quot;,
                &quot;status&quot;: &quot;SEND&quot;
            },
            {
                &quot;time&quot;: &quot;2022-02-16T09:28:06.107Z&quot;,
                &quot;status&quot;: &quot;DELIVERED&quot;
            },
            {
                &quot;time&quot;: &quot;2022-02-16T09:28:06.968Z&quot;,
                &quot;status&quot;: &quot;PENDING&quot;
            },
            {
                &quot;time&quot;: &quot;2022-02-16T09:28:07.002Z&quot;,
                &quot;status&quot;: &quot;SEND&quot;
            },
            {
                &quot;time&quot;: &quot;2022-02-16T09:28:07.039Z&quot;,
                &quot;status&quot;: &quot;DELIVERED&quot;
            },
            {
                &quot;time&quot;: &quot;2022-02-16T09:28:58.713Z&quot;,
                &quot;status&quot;: &quot;PENDING&quot;
            },
            {
                &quot;time&quot;: &quot;2022-02-16T09:28:58.744Z&quot;,
                &quot;status&quot;: &quot;SEND&quot;
            },
            {
                &quot;time&quot;: &quot;2022-02-16T09:28:58.782Z&quot;,
                &quot;status&quot;: &quot;DELIVERED&quot;
            },
            {
                &quot;time&quot;: &quot;2022-02-16T09:28:59.589Z&quot;,
                &quot;status&quot;: &quot;PENDING&quot;
            },
            {
                &quot;time&quot;: &quot;2022-02-16T09:28:59.620Z&quot;,
                &quot;status&quot;: &quot;SEND&quot;
            },
            {
                &quot;time&quot;: &quot;2022-02-16T09:28:59.658Z&quot;,
                &quot;status&quot;: &quot;DELIVERED&quot;
            },
            {
                &quot;time&quot;: &quot;2022-02-16T09:29:51.098Z&quot;,
                &quot;status&quot;: &quot;PENDING&quot;
            },
            {
                &quot;time&quot;: &quot;2022-02-16T09:29:51.134Z&quot;,
                &quot;status&quot;: &quot;SEND&quot;
            },
            {
                &quot;time&quot;: &quot;2022-02-16T09:29:51.171Z&quot;,
                &quot;status&quot;: &quot;DELIVERED&quot;
            },
            {
                &quot;time&quot;: &quot;2022-02-16T09:29:52.013Z&quot;,
                &quot;status&quot;: &quot;PENDING&quot;
            },
            {
                &quot;time&quot;: &quot;2022-02-16T09:29:52.047Z&quot;,
                &quot;status&quot;: &quot;SEND&quot;
            },
            {
                &quot;time&quot;: &quot;2022-02-16T09:29:52.089Z&quot;,
                &quot;status&quot;: &quot;DELIVERED&quot;
            },
            {
                &quot;time&quot;: &quot;2022-02-16T09:30:33.494Z&quot;,
                &quot;status&quot;: &quot;PENDING&quot;
            },
            {
                &quot;time&quot;: &quot;2022-02-16T09:30:33.534Z&quot;,
                &quot;status&quot;: &quot;SEND&quot;
            },
            {
                &quot;time&quot;: &quot;2022-02-16T09:30:33.571Z&quot;,
                &quot;status&quot;: &quot;DELIVERED&quot;
            },
            {
                &quot;time&quot;: &quot;2022-02-16T09:30:34.412Z&quot;,
                &quot;status&quot;: &quot;PENDING&quot;
            },
            {
                &quot;time&quot;: &quot;2022-02-16T09:30:34.453Z&quot;,
                &quot;status&quot;: &quot;SEND&quot;
            },
            {
                &quot;time&quot;: &quot;2022-02-16T09:30:34.488Z&quot;,
                &quot;status&quot;: &quot;DELIVERED&quot;
            },
            {
                &quot;time&quot;: &quot;2022-02-16T09:32:49.337Z&quot;,
                &quot;status&quot;: &quot;PENDING&quot;
            },
            {
                &quot;time&quot;: &quot;2022-02-16T09:32:49.371Z&quot;,
                &quot;status&quot;: &quot;SEND&quot;
            },
            {
                &quot;time&quot;: &quot;2022-02-16T09:32:49.408Z&quot;,
                &quot;status&quot;: &quot;DELIVERED&quot;
            },
            {
                &quot;time&quot;: &quot;2022-02-16T09:32:50.347Z&quot;,
                &quot;status&quot;: &quot;PENDING&quot;
            },
            {
                &quot;time&quot;: &quot;2022-02-16T09:32:50.382Z&quot;,
                &quot;status&quot;: &quot;SEND&quot;
            },
            {
                &quot;time&quot;: &quot;2022-02-16T09:32:50.423Z&quot;,
                &quot;status&quot;: &quot;DELIVERED&quot;
            },
            {
                &quot;time&quot;: &quot;2022-02-16T09:35:18.696Z&quot;,
                &quot;status&quot;: &quot;PENDING&quot;
            },
            {
                &quot;time&quot;: &quot;2022-02-16T09:35:18.734Z&quot;,
                &quot;status&quot;: &quot;SEND&quot;
            },
            {
                &quot;time&quot;: &quot;2022-02-16T09:35:18.769Z&quot;,
                &quot;status&quot;: &quot;DELIVERED&quot;
            },
            {
                &quot;time&quot;: &quot;2022-02-16T09:35:41.813Z&quot;,
                &quot;status&quot;: &quot;PENDING&quot;
            },
            {
                &quot;time&quot;: &quot;2022-02-16T09:35:41.852Z&quot;,
                &quot;status&quot;: &quot;SEND&quot;
            },
            {
                &quot;time&quot;: &quot;2022-02-16T09:35:41.891Z&quot;,
                &quot;status&quot;: &quot;DELIVERED&quot;
            },
            {
                &quot;time&quot;: &quot;2022-02-16T09:35:42.766Z&quot;,
                &quot;status&quot;: &quot;PENDING&quot;
            },
            {
                &quot;time&quot;: &quot;2022-02-16T09:35:42.811Z&quot;,
                &quot;status&quot;: &quot;SEND&quot;
            },
            {
                &quot;time&quot;: &quot;2022-02-16T09:35:42.849Z&quot;,
                &quot;status&quot;: &quot;DELIVERED&quot;
            },
            {
                &quot;time&quot;: &quot;2022-02-16T09:36:06.394Z&quot;,
                &quot;status&quot;: &quot;PENDING&quot;
            },
            {
                &quot;time&quot;: &quot;2022-02-16T09:36:06.432Z&quot;,
                &quot;status&quot;: &quot;SEND&quot;
            },
            {
                &quot;time&quot;: &quot;2022-02-16T09:36:06.488Z&quot;,
                &quot;status&quot;: &quot;DELIVERED&quot;
            },
            {
                &quot;time&quot;: &quot;2022-02-16T09:36:07.318Z&quot;,
                &quot;status&quot;: &quot;PENDING&quot;
            },
            {
                &quot;time&quot;: &quot;2022-02-16T09:36:07.358Z&quot;,
                &quot;status&quot;: &quot;SEND&quot;
            },
            {
                &quot;time&quot;: &quot;2022-02-16T09:36:07.393Z&quot;,
                &quot;status&quot;: &quot;DELIVERED&quot;
            },
            {
                &quot;time&quot;: &quot;2022-02-16T09:36:30.178Z&quot;,
                &quot;status&quot;: &quot;PENDING&quot;
            },
            {
                &quot;time&quot;: &quot;2022-02-16T09:36:30.210Z&quot;,
                &quot;status&quot;: &quot;SEND&quot;
            },
            {
                &quot;time&quot;: &quot;2022-02-16T09:36:30.248Z&quot;,
                &quot;status&quot;: &quot;DELIVERED&quot;
            },
            {
                &quot;time&quot;: &quot;2022-02-16T09:36:31.123Z&quot;,
                &quot;status&quot;: &quot;PENDING&quot;
            },
            {
                &quot;time&quot;: &quot;2022-02-16T09:36:31.156Z&quot;,
                &quot;status&quot;: &quot;SEND&quot;
            },
            {
                &quot;time&quot;: &quot;2022-02-16T09:36:31.207Z&quot;,
                &quot;status&quot;: &quot;DELIVERED&quot;
            },
            {
                &quot;time&quot;: &quot;2022-02-16T09:37:08.443Z&quot;,
                &quot;status&quot;: &quot;PENDING&quot;
            },
            {
                &quot;time&quot;: &quot;2022-02-16T09:37:08.481Z&quot;,
                &quot;status&quot;: &quot;SEND&quot;
            },
            {
                &quot;time&quot;: &quot;2022-02-16T09:37:08.522Z&quot;,
                &quot;status&quot;: &quot;DELIVERED&quot;
            },
            {
                &quot;time&quot;: &quot;2022-02-16T09:37:09.439Z&quot;,
                &quot;status&quot;: &quot;PENDING&quot;
            },
            {
                &quot;time&quot;: &quot;2022-02-16T09:37:09.478Z&quot;,
                &quot;status&quot;: &quot;SEND&quot;
            },
            {
                &quot;time&quot;: &quot;2022-02-16T09:37:09.516Z&quot;,
                &quot;status&quot;: &quot;DELIVERED&quot;
            },
            {
                &quot;time&quot;: &quot;2022-02-16T09:37:13.026Z&quot;,
                &quot;status&quot;: &quot;PENDING&quot;
            },
            {
                &quot;time&quot;: &quot;2022-02-16T09:37:13.068Z&quot;,
                &quot;status&quot;: &quot;SEND&quot;
            },
            {
                &quot;time&quot;: &quot;2022-02-16T09:37:13.106Z&quot;,
                &quot;status&quot;: &quot;DELIVERED&quot;
            },
            {
                &quot;time&quot;: &quot;2022-02-16T09:37:37.817Z&quot;,
                &quot;status&quot;: &quot;PENDING&quot;
            },
            {
                &quot;time&quot;: &quot;2022-02-16T09:37:37.857Z&quot;,
                &quot;status&quot;: &quot;SEND&quot;
            },
            {
                &quot;time&quot;: &quot;2022-02-16T09:37:37.893Z&quot;,
                &quot;status&quot;: &quot;DELIVERED&quot;
            },
            {
                &quot;time&quot;: &quot;2022-02-16T09:37:38.638Z&quot;,
                &quot;status&quot;: &quot;PENDING&quot;
            },
            {
                &quot;time&quot;: &quot;2022-02-16T09:37:38.675Z&quot;,
                &quot;status&quot;: &quot;SEND&quot;
            },
            {
                &quot;time&quot;: &quot;2022-02-16T09:37:38.712Z&quot;,
                &quot;status&quot;: &quot;DELIVERED&quot;
            },
            {
                &quot;time&quot;: &quot;2022-02-16T09:38:03.926Z&quot;,
                &quot;status&quot;: &quot;PENDING&quot;
            },
            {
                &quot;time&quot;: &quot;2022-02-16T09:38:03.965Z&quot;,
                &quot;status&quot;: &quot;SEND&quot;
            },
            {
                &quot;time&quot;: &quot;2022-02-16T09:38:04.001Z&quot;,
                &quot;status&quot;: &quot;DELIVERED&quot;
            },
            {
                &quot;time&quot;: &quot;2022-02-16T09:38:04.819Z&quot;,
                &quot;status&quot;: &quot;PENDING&quot;
            },
            {
                &quot;time&quot;: &quot;2022-02-16T09:38:04.864Z&quot;,
                &quot;status&quot;: &quot;SEND&quot;
            },
            {
                &quot;time&quot;: &quot;2022-02-16T09:38:04.911Z&quot;,
                &quot;status&quot;: &quot;DELIVERED&quot;
            },
            {
                &quot;time&quot;: &quot;2022-02-16T09:53:50.860Z&quot;,
                &quot;status&quot;: &quot;PENDING&quot;
            },
            {
                &quot;time&quot;: &quot;2022-02-16T09:53:50.900Z&quot;,
                &quot;status&quot;: &quot;SEND&quot;
            },
            {
                &quot;time&quot;: &quot;2022-02-16T09:53:50.939Z&quot;,
                &quot;status&quot;: &quot;DELIVERED&quot;
            },
            {
                &quot;time&quot;: &quot;2022-02-16T09:53:51.831Z&quot;,
                &quot;status&quot;: &quot;PENDING&quot;
            },
            {
                &quot;time&quot;: &quot;2022-02-16T09:53:51.869Z&quot;,
                &quot;status&quot;: &quot;SEND&quot;
            },
            {
                &quot;time&quot;: &quot;2022-02-16T09:53:51.917Z&quot;,
                &quot;status&quot;: &quot;DELIVERED&quot;
            },
            {
                &quot;time&quot;: &quot;2022-02-16T09:56:32.333Z&quot;,
                &quot;status&quot;: &quot;PENDING&quot;
            },
            {
                &quot;time&quot;: &quot;2022-02-16T09:56:32.376Z&quot;,
                &quot;status&quot;: &quot;SEND&quot;
            },
            {
                &quot;time&quot;: &quot;2022-02-16T09:56:32.413Z&quot;,
                &quot;status&quot;: &quot;DELIVERED&quot;
            },
            {
                &quot;time&quot;: &quot;2022-02-16T09:56:33.226Z&quot;,
                &quot;status&quot;: &quot;PENDING&quot;
            },
            {
                &quot;time&quot;: &quot;2022-02-16T09:56:33.279Z&quot;,
                &quot;status&quot;: &quot;SEND&quot;
            },
            {
                &quot;time&quot;: &quot;2022-02-16T09:56:33.321Z&quot;,
                &quot;status&quot;: &quot;DELIVERED&quot;
            },
            {
                &quot;time&quot;: &quot;2022-02-16T09:59:11.843Z&quot;,
                &quot;status&quot;: &quot;PENDING&quot;
            },
            {
                &quot;time&quot;: &quot;2022-02-16T09:59:11.885Z&quot;,
                &quot;status&quot;: &quot;SEND&quot;
            },
            {
                &quot;time&quot;: &quot;2022-02-16T09:59:11.929Z&quot;,
                &quot;status&quot;: &quot;DELIVERED&quot;
            },
            {
                &quot;time&quot;: &quot;2022-02-16T09:59:12.799Z&quot;,
                &quot;status&quot;: &quot;PENDING&quot;
            },
            {
                &quot;time&quot;: &quot;2022-02-16T09:59:12.857Z&quot;,
                &quot;status&quot;: &quot;SEND&quot;
            },
            {
                &quot;time&quot;: &quot;2022-02-16T09:59:12.913Z&quot;,
                &quot;status&quot;: &quot;DELIVERED&quot;
            },
            {
                &quot;time&quot;: &quot;2022-02-16T10:01:50.751Z&quot;,
                &quot;status&quot;: &quot;PENDING&quot;
            },
            {
                &quot;time&quot;: &quot;2022-02-16T10:01:50.791Z&quot;,
                &quot;status&quot;: &quot;SEND&quot;
            },
            {
                &quot;time&quot;: &quot;2022-02-16T10:01:50.828Z&quot;,
                &quot;status&quot;: &quot;DELIVERED&quot;
            },
            {
                &quot;time&quot;: &quot;2022-02-16T10:01:51.673Z&quot;,
                &quot;status&quot;: &quot;PENDING&quot;
            },
            {
                &quot;time&quot;: &quot;2022-02-16T10:01:51.713Z&quot;,
                &quot;status&quot;: &quot;SEND&quot;
            },
            {
                &quot;time&quot;: &quot;2022-02-16T10:01:51.755Z&quot;,
                &quot;status&quot;: &quot;DELIVERED&quot;
            },
            {
                &quot;time&quot;: &quot;2022-02-16T10:04:30.106Z&quot;,
                &quot;status&quot;: &quot;PENDING&quot;
            },
            {
                &quot;time&quot;: &quot;2022-02-16T10:04:30.153Z&quot;,
                &quot;status&quot;: &quot;SEND&quot;
            },
            {
                &quot;time&quot;: &quot;2022-02-16T10:04:30.200Z&quot;,
                &quot;status&quot;: &quot;DELIVERED&quot;
            },
            {
                &quot;time&quot;: &quot;2022-02-16T10:04:31.076Z&quot;,
                &quot;status&quot;: &quot;PENDING&quot;
            },
            {
                &quot;time&quot;: &quot;2022-02-16T10:04:31.122Z&quot;,
                &quot;status&quot;: &quot;SEND&quot;
            },
            {
                &quot;time&quot;: &quot;2022-02-16T10:04:31.164Z&quot;,
                &quot;status&quot;: &quot;DELIVERED&quot;
            },
            {
                &quot;time&quot;: &quot;2022-02-16T10:07:10.462Z&quot;,
                &quot;status&quot;: &quot;PENDING&quot;
            },
            {
                &quot;time&quot;: &quot;2022-02-16T10:07:10.499Z&quot;,
                &quot;status&quot;: &quot;SEND&quot;
            },
            {
                &quot;time&quot;: &quot;2022-02-16T10:07:10.537Z&quot;,
                &quot;status&quot;: &quot;DELIVERED&quot;
            },
            {
                &quot;time&quot;: &quot;2022-02-16T10:07:11.343Z&quot;,
                &quot;status&quot;: &quot;PENDING&quot;
            },
            {
                &quot;time&quot;: &quot;2022-02-16T10:07:11.380Z&quot;,
                &quot;status&quot;: &quot;SEND&quot;
            },
            {
                &quot;time&quot;: &quot;2022-02-16T10:07:11.418Z&quot;,
                &quot;status&quot;: &quot;DELIVERED&quot;
            },
            {
                &quot;time&quot;: &quot;2022-02-16T10:09:49.720Z&quot;,
                &quot;status&quot;: &quot;PENDING&quot;
            },
            {
                &quot;time&quot;: &quot;2022-02-16T10:09:49.762Z&quot;,
                &quot;status&quot;: &quot;SEND&quot;
            },
            {
                &quot;time&quot;: &quot;2022-02-16T10:09:49.803Z&quot;,
                &quot;status&quot;: &quot;DELIVERED&quot;
            },
            {
                &quot;time&quot;: &quot;2022-02-16T10:09:50.610Z&quot;,
                &quot;status&quot;: &quot;PENDING&quot;
            },
            {
                &quot;time&quot;: &quot;2022-02-16T10:09:50.651Z&quot;,
                &quot;status&quot;: &quot;SEND&quot;
            },
            {
                &quot;time&quot;: &quot;2022-02-16T10:09:50.691Z&quot;,
                &quot;status&quot;: &quot;DELIVERED&quot;
            },
            {
                &quot;time&quot;: &quot;2022-02-16T10:12:29.403Z&quot;,
                &quot;status&quot;: &quot;PENDING&quot;
            },
            {
                &quot;time&quot;: &quot;2022-02-16T10:12:29.449Z&quot;,
                &quot;status&quot;: &quot;SEND&quot;
            },
            {
                &quot;time&quot;: &quot;2022-02-16T10:12:29.494Z&quot;,
                &quot;status&quot;: &quot;DELIVERED&quot;
            },
            {
                &quot;time&quot;: &quot;2022-02-16T10:12:30.338Z&quot;,
                &quot;status&quot;: &quot;PENDING&quot;
            },
            {
                &quot;time&quot;: &quot;2022-02-16T10:12:30.379Z&quot;,
                &quot;status&quot;: &quot;SEND&quot;
            },
            {
                &quot;time&quot;: &quot;2022-02-16T10:12:30.423Z&quot;,
                &quot;status&quot;: &quot;DELIVERED&quot;
            },
            {
                &quot;time&quot;: &quot;2022-02-16T10:15:08.464Z&quot;,
                &quot;status&quot;: &quot;PENDING&quot;
            },
            {
                &quot;time&quot;: &quot;2022-02-16T10:15:08.507Z&quot;,
                &quot;status&quot;: &quot;SEND&quot;
            },
            {
                &quot;time&quot;: &quot;2022-02-16T10:15:08.549Z&quot;,
                &quot;status&quot;: &quot;DELIVERED&quot;
            },
            {
                &quot;time&quot;: &quot;2022-02-16T10:15:09.384Z&quot;,
                &quot;status&quot;: &quot;PENDING&quot;
            },
            {
                &quot;time&quot;: &quot;2022-02-16T10:15:09.428Z&quot;,
                &quot;status&quot;: &quot;SEND&quot;
            }
        ],
        &quot;status&quot;: &quot;DELIVERED&quot;
    },
    &quot;creationTime&quot;: &quot;2022-02-16T09:22:46.140Z&quot;,
    &quot;deviceId&quot;: &quot;14273295&quot;,
    &quot;deviceName&quot;: &quot;offsitec&quot;,
    &quot;self&quot;: &quot;https://t493319102.eu-latest.cumulocity.com/devicecontrol/operations/14275540&quot;,
    &quot;id&quot;: &quot;14275540&quot;,
    &quot;status&quot;: &quot;PENDING&quot;,
    &quot;c8y_LogfileRequest&quot;: {
        &quot;searchText&quot;: &quot;&quot;,
        &quot;logFile&quot;: &quot;software-management&quot;,
        &quot;dateTo&quot;: &quot;2021-11-21T18:55:49+0530&quot;,
        &quot;dateFrom&quot;: &quot;2021-11-15T18:55:49+0530&quot;,
        &quot;maximumLines&quot;: 300
    },
    &quot;description&quot;: &quot;Log file request&quot;
}
10:16:29 DEBUG Final URL of the request: https://thin-edge-io.eu-latest.cumulocity.com/devicecontrol/operations?deviceId=14273295&amp;pageSize=1&amp;revert=true&amp;dateFrom=1970-01-01T00%3A00%3A00.000Z
10:16:29 INFO  State of current operation: PENDING
10:16:29 DEBUG Final URL of the request: https://thin-edge-io.eu-latest.cumulocity.com/devicecontrol/operations?deviceId=14273295&amp;pageSize=1&amp;revert=true&amp;dateFrom=1970-01-01T00%3A00%3A00.000Z
10:16:29 DEBUG State of current operation: {
    &quot;delivery&quot;: {
        &quot;time&quot;: &quot;2022-02-16T10:15:09.472Z&quot;,
        &quot;log&quot;: [
            {
                &quot;time&quot;: &quot;2022-02-16T09:22:46.166Z&quot;,
                &quot;status&quot;: &quot;PENDING&quot;
            },
            {
                &quot;time&quot;: &quot;2022-02-16T09:22:46.185Z&quot;,
                &quot;status&quot;: &quot;SEND&quot;
            },
            {
                &quot;time&quot;: &quot;2022-02-16T09:22:46.219Z&quot;,
                &quot;status&quot;: &quot;DELIVERED&quot;
            },
            {
                &quot;time&quot;: &quot;2022-02-16T09:23:55.047Z&quot;,
                &quot;status&quot;: &quot;PENDING&quot;
            },
            {
                &quot;time&quot;: &quot;2022-02-16T09:23:55.077Z&quot;,
                &quot;status&quot;: &quot;SEND&quot;
            },
            {
                &quot;time&quot;: &quot;2022-02-16T09:23:55.114Z&quot;,
                &quot;status&quot;: &quot;DELIVERED&quot;
            },
            {
                &quot;time&quot;: &quot;2022-02-16T09:23:55.901Z&quot;,
                &quot;status&quot;: &quot;PENDING&quot;
            },
            {
                &quot;time&quot;: &quot;2022-02-16T09:23:55.930Z&quot;,
                &quot;status&quot;: &quot;SEND&quot;
            },
            {
                &quot;time&quot;: &quot;2022-02-16T09:23:55.967Z&quot;,
                &quot;status&quot;: &quot;DELIVERED&quot;
            },
            {
                &quot;time&quot;: &quot;2022-02-16T09:24:55.073Z&quot;,
                &quot;status&quot;: &quot;PENDING&quot;
            },
            {
                &quot;time&quot;: &quot;2022-02-16T09:24:55.106Z&quot;,
                &quot;status&quot;: &quot;SEND&quot;
            },
            {
                &quot;time&quot;: &quot;2022-02-16T09:24:55.144Z&quot;,
                &quot;status&quot;: &quot;DELIVERED&quot;
            },
            {
                &quot;time&quot;: &quot;2022-02-16T09:24:55.971Z&quot;,
                &quot;status&quot;: &quot;PENDING&quot;
            },
            {
                &quot;time&quot;: &quot;2022-02-16T09:24:56.008Z&quot;,
                &quot;status&quot;: &quot;SEND&quot;
            },
            {
                &quot;time&quot;: &quot;2022-02-16T09:24:56.044Z&quot;,
                &quot;status&quot;: &quot;DELIVERED&quot;
            },
            {
                &quot;time&quot;: &quot;2022-02-16T09:26:09.362Z&quot;,
                &quot;status&quot;: &quot;PENDING&quot;
            },
            {
                &quot;time&quot;: &quot;2022-02-16T09:26:09.392Z&quot;,
                &quot;status&quot;: &quot;SEND&quot;
            },
            {
                &quot;time&quot;: &quot;2022-02-16T09:26:09.428Z&quot;,
                &quot;status&quot;: &quot;DELIVERED&quot;
            },
            {
                &quot;time&quot;: &quot;2022-02-16T09:26:10.287Z&quot;,
                &quot;status&quot;: &quot;PENDING&quot;
            },
            {
                &quot;time&quot;: &quot;2022-02-16T09:26:10.317Z&quot;,
                &quot;status&quot;: &quot;SEND&quot;
            },
            {
                &quot;time&quot;: &quot;2022-02-16T09:26:10.353Z&quot;,
                &quot;status&quot;: &quot;DELIVERED&quot;
            },
            {
                &quot;time&quot;: &quot;2022-02-16T09:27:24.861Z&quot;,
                &quot;status&quot;: &quot;PENDING&quot;
            },
            {
                &quot;time&quot;: &quot;2022-02-16T09:27:24.898Z&quot;,
                &quot;status&quot;: &quot;SEND&quot;
            },
            {
                &quot;time&quot;: &quot;2022-02-16T09:27:24.935Z&quot;,
                &quot;status&quot;: &quot;DELIVERED&quot;
            },
            {
                &quot;time&quot;: &quot;2022-02-16T09:27:25.773Z&quot;,
                &quot;status&quot;: &quot;PENDING&quot;
            },
            {
                &quot;time&quot;: &quot;2022-02-16T09:27:25.812Z&quot;,
                &quot;status&quot;: &quot;SEND&quot;
            },
            {
                &quot;time&quot;: &quot;2022-02-16T09:27:25.849Z&quot;,
                &quot;status&quot;: &quot;DELIVERED&quot;
            },
            {
                &quot;time&quot;: &quot;2022-02-16T09:28:06.037Z&quot;,
                &quot;status&quot;: &quot;PENDING&quot;
            },
            {
                &quot;time&quot;: &quot;2022-02-16T09:28:06.069Z&quot;,
                &quot;status&quot;: &quot;SEND&quot;
            },
            {
                &quot;time&quot;: &quot;2022-02-16T09:28:06.107Z&quot;,
                &quot;status&quot;: &quot;DELIVERED&quot;
            },
            {
                &quot;time&quot;: &quot;2022-02-16T09:28:06.968Z&quot;,
                &quot;status&quot;: &quot;PENDING&quot;
            },
            {
                &quot;time&quot;: &quot;2022-02-16T09:28:07.002Z&quot;,
                &quot;status&quot;: &quot;SEND&quot;
            },
            {
                &quot;time&quot;: &quot;2022-02-16T09:28:07.039Z&quot;,
                &quot;status&quot;: &quot;DELIVERED&quot;
            },
            {
                &quot;time&quot;: &quot;2022-02-16T09:28:58.713Z&quot;,
                &quot;status&quot;: &quot;PENDING&quot;
            },
            {
                &quot;time&quot;: &quot;2022-02-16T09:28:58.744Z&quot;,
                &quot;status&quot;: &quot;SEND&quot;
            },
            {
                &quot;time&quot;: &quot;2022-02-16T09:28:58.782Z&quot;,
                &quot;status&quot;: &quot;DELIVERED&quot;
            },
            {
                &quot;time&quot;: &quot;2022-02-16T09:28:59.589Z&quot;,
                &quot;status&quot;: &quot;PENDING&quot;
            },
            {
                &quot;time&quot;: &quot;2022-02-16T09:28:59.620Z&quot;,
                &quot;status&quot;: &quot;SEND&quot;
            },
            {
                &quot;time&quot;: &quot;2022-02-16T09:28:59.658Z&quot;,
                &quot;status&quot;: &quot;DELIVERED&quot;
            },
            {
                &quot;time&quot;: &quot;2022-02-16T09:29:51.098Z&quot;,
                &quot;status&quot;: &quot;PENDING&quot;
            },
            {
                &quot;time&quot;: &quot;2022-02-16T09:29:51.134Z&quot;,
                &quot;status&quot;: &quot;SEND&quot;
            },
            {
                &quot;time&quot;: &quot;2022-02-16T09:29:51.171Z&quot;,
                &quot;status&quot;: &quot;DELIVERED&quot;
            },
            {
                &quot;time&quot;: &quot;2022-02-16T09:29:52.013Z&quot;,
                &quot;status&quot;: &quot;PENDING&quot;
            },
            {
                &quot;time&quot;: &quot;2022-02-16T09:29:52.047Z&quot;,
                &quot;status&quot;: &quot;SEND&quot;
            },
            {
                &quot;time&quot;: &quot;2022-02-16T09:29:52.089Z&quot;,
                &quot;status&quot;: &quot;DELIVERED&quot;
            },
            {
                &quot;time&quot;: &quot;2022-02-16T09:30:33.494Z&quot;,
                &quot;status&quot;: &quot;PENDING&quot;
            },
            {
                &quot;time&quot;: &quot;2022-02-16T09:30:33.534Z&quot;,
                &quot;status&quot;: &quot;SEND&quot;
            },
            {
                &quot;time&quot;: &quot;2022-02-16T09:30:33.571Z&quot;,
                &quot;status&quot;: &quot;DELIVERED&quot;
            },
            {
                &quot;time&quot;: &quot;2022-02-16T09:30:34.412Z&quot;,
                &quot;status&quot;: &quot;PENDING&quot;
            },
            {
                &quot;time&quot;: &quot;2022-02-16T09:30:34.453Z&quot;,
                &quot;status&quot;: &quot;SEND&quot;
            },
            {
                &quot;time&quot;: &quot;2022-02-16T09:30:34.488Z&quot;,
                &quot;status&quot;: &quot;DELIVERED&quot;
            },
            {
                &quot;time&quot;: &quot;2022-02-16T09:32:49.337Z&quot;,
                &quot;status&quot;: &quot;PENDING&quot;
            },
            {
                &quot;time&quot;: &quot;2022-02-16T09:32:49.371Z&quot;,
                &quot;status&quot;: &quot;SEND&quot;
            },
            {
                &quot;time&quot;: &quot;2022-02-16T09:32:49.408Z&quot;,
                &quot;status&quot;: &quot;DELIVERED&quot;
            },
            {
                &quot;time&quot;: &quot;2022-02-16T09:32:50.347Z&quot;,
                &quot;status&quot;: &quot;PENDING&quot;
            },
            {
                &quot;time&quot;: &quot;2022-02-16T09:32:50.382Z&quot;,
                &quot;status&quot;: &quot;SEND&quot;
            },
            {
                &quot;time&quot;: &quot;2022-02-16T09:32:50.423Z&quot;,
                &quot;status&quot;: &quot;DELIVERED&quot;
            },
            {
                &quot;time&quot;: &quot;2022-02-16T09:35:18.696Z&quot;,
                &quot;status&quot;: &quot;PENDING&quot;
            },
            {
                &quot;time&quot;: &quot;2022-02-16T09:35:18.734Z&quot;,
                &quot;status&quot;: &quot;SEND&quot;
            },
            {
                &quot;time&quot;: &quot;2022-02-16T09:35:18.769Z&quot;,
                &quot;status&quot;: &quot;DELIVERED&quot;
            },
            {
                &quot;time&quot;: &quot;2022-02-16T09:35:41.813Z&quot;,
                &quot;status&quot;: &quot;PENDING&quot;
            },
            {
                &quot;time&quot;: &quot;2022-02-16T09:35:41.852Z&quot;,
                &quot;status&quot;: &quot;SEND&quot;
            },
            {
                &quot;time&quot;: &quot;2022-02-16T09:35:41.891Z&quot;,
                &quot;status&quot;: &quot;DELIVERED&quot;
            },
            {
                &quot;time&quot;: &quot;2022-02-16T09:35:42.766Z&quot;,
                &quot;status&quot;: &quot;PENDING&quot;
            },
            {
                &quot;time&quot;: &quot;2022-02-16T09:35:42.811Z&quot;,
                &quot;status&quot;: &quot;SEND&quot;
            },
            {
                &quot;time&quot;: &quot;2022-02-16T09:35:42.849Z&quot;,
                &quot;status&quot;: &quot;DELIVERED&quot;
            },
            {
                &quot;time&quot;: &quot;2022-02-16T09:36:06.394Z&quot;,
                &quot;status&quot;: &quot;PENDING&quot;
            },
            {
                &quot;time&quot;: &quot;2022-02-16T09:36:06.432Z&quot;,
                &quot;status&quot;: &quot;SEND&quot;
            },
            {
                &quot;time&quot;: &quot;2022-02-16T09:36:06.488Z&quot;,
                &quot;status&quot;: &quot;DELIVERED&quot;
            },
            {
                &quot;time&quot;: &quot;2022-02-16T09:36:07.318Z&quot;,
                &quot;status&quot;: &quot;PENDING&quot;
            },
            {
                &quot;time&quot;: &quot;2022-02-16T09:36:07.358Z&quot;,
                &quot;status&quot;: &quot;SEND&quot;
            },
            {
                &quot;time&quot;: &quot;2022-02-16T09:36:07.393Z&quot;,
                &quot;status&quot;: &quot;DELIVERED&quot;
            },
            {
                &quot;time&quot;: &quot;2022-02-16T09:36:30.178Z&quot;,
                &quot;status&quot;: &quot;PENDING&quot;
            },
            {
                &quot;time&quot;: &quot;2022-02-16T09:36:30.210Z&quot;,
                &quot;status&quot;: &quot;SEND&quot;
            },
            {
                &quot;time&quot;: &quot;2022-02-16T09:36:30.248Z&quot;,
                &quot;status&quot;: &quot;DELIVERED&quot;
            },
            {
                &quot;time&quot;: &quot;2022-02-16T09:36:31.123Z&quot;,
                &quot;status&quot;: &quot;PENDING&quot;
            },
            {
                &quot;time&quot;: &quot;2022-02-16T09:36:31.156Z&quot;,
                &quot;status&quot;: &quot;SEND&quot;
            },
            {
                &quot;time&quot;: &quot;2022-02-16T09:36:31.207Z&quot;,
                &quot;status&quot;: &quot;DELIVERED&quot;
            },
            {
                &quot;time&quot;: &quot;2022-02-16T09:37:08.443Z&quot;,
                &quot;status&quot;: &quot;PENDING&quot;
            },
            {
                &quot;time&quot;: &quot;2022-02-16T09:37:08.481Z&quot;,
                &quot;status&quot;: &quot;SEND&quot;
            },
            {
                &quot;time&quot;: &quot;2022-02-16T09:37:08.522Z&quot;,
                &quot;status&quot;: &quot;DELIVERED&quot;
            },
            {
                &quot;time&quot;: &quot;2022-02-16T09:37:09.439Z&quot;,
                &quot;status&quot;: &quot;PENDING&quot;
            },
            {
                &quot;time&quot;: &quot;2022-02-16T09:37:09.478Z&quot;,
                &quot;status&quot;: &quot;SEND&quot;
            },
            {
                &quot;time&quot;: &quot;2022-02-16T09:37:09.516Z&quot;,
                &quot;status&quot;: &quot;DELIVERED&quot;
            },
            {
                &quot;time&quot;: &quot;2022-02-16T09:37:13.026Z&quot;,
                &quot;status&quot;: &quot;PENDING&quot;
            },
            {
                &quot;time&quot;: &quot;2022-02-16T09:37:13.068Z&quot;,
                &quot;status&quot;: &quot;SEND&quot;
            },
            {
                &quot;time&quot;: &quot;2022-02-16T09:37:13.106Z&quot;,
                &quot;status&quot;: &quot;DELIVERED&quot;
            },
            {
                &quot;time&quot;: &quot;2022-02-16T09:37:37.817Z&quot;,
                &quot;status&quot;: &quot;PENDING&quot;
            },
            {
                &quot;time&quot;: &quot;2022-02-16T09:37:37.857Z&quot;,
                &quot;status&quot;: &quot;SEND&quot;
            },
            {
                &quot;time&quot;: &quot;2022-02-16T09:37:37.893Z&quot;,
                &quot;status&quot;: &quot;DELIVERED&quot;
            },
            {
                &quot;time&quot;: &quot;2022-02-16T09:37:38.638Z&quot;,
                &quot;status&quot;: &quot;PENDING&quot;
            },
            {
                &quot;time&quot;: &quot;2022-02-16T09:37:38.675Z&quot;,
                &quot;status&quot;: &quot;SEND&quot;
            },
            {
                &quot;time&quot;: &quot;2022-02-16T09:37:38.712Z&quot;,
                &quot;status&quot;: &quot;DELIVERED&quot;
            },
            {
                &quot;time&quot;: &quot;2022-02-16T09:38:03.926Z&quot;,
                &quot;status&quot;: &quot;PENDING&quot;
            },
            {
                &quot;time&quot;: &quot;2022-02-16T09:38:03.965Z&quot;,
                &quot;status&quot;: &quot;SEND&quot;
            },
            {
                &quot;time&quot;: &quot;2022-02-16T09:38:04.001Z&quot;,
                &quot;status&quot;: &quot;DELIVERED&quot;
            },
            {
                &quot;time&quot;: &quot;2022-02-16T09:38:04.819Z&quot;,
                &quot;status&quot;: &quot;PENDING&quot;
            },
            {
                &quot;time&quot;: &quot;2022-02-16T09:38:04.864Z&quot;,
                &quot;status&quot;: &quot;SEND&quot;
            },
            {
                &quot;time&quot;: &quot;2022-02-16T09:38:04.911Z&quot;,
                &quot;status&quot;: &quot;DELIVERED&quot;
            },
            {
                &quot;time&quot;: &quot;2022-02-16T09:53:50.860Z&quot;,
                &quot;status&quot;: &quot;PENDING&quot;
            },
            {
                &quot;time&quot;: &quot;2022-02-16T09:53:50.900Z&quot;,
                &quot;status&quot;: &quot;SEND&quot;
            },
            {
                &quot;time&quot;: &quot;2022-02-16T09:53:50.939Z&quot;,
                &quot;status&quot;: &quot;DELIVERED&quot;
            },
            {
                &quot;time&quot;: &quot;2022-02-16T09:53:51.831Z&quot;,
                &quot;status&quot;: &quot;PENDING&quot;
            },
            {
                &quot;time&quot;: &quot;2022-02-16T09:53:51.869Z&quot;,
                &quot;status&quot;: &quot;SEND&quot;
            },
            {
                &quot;time&quot;: &quot;2022-02-16T09:53:51.917Z&quot;,
                &quot;status&quot;: &quot;DELIVERED&quot;
            },
            {
                &quot;time&quot;: &quot;2022-02-16T09:56:32.333Z&quot;,
                &quot;status&quot;: &quot;PENDING&quot;
            },
            {
                &quot;time&quot;: &quot;2022-02-16T09:56:32.376Z&quot;,
                &quot;status&quot;: &quot;SEND&quot;
            },
            {
                &quot;time&quot;: &quot;2022-02-16T09:56:32.413Z&quot;,
                &quot;status&quot;: &quot;DELIVERED&quot;
            },
            {
                &quot;time&quot;: &quot;2022-02-16T09:56:33.226Z&quot;,
                &quot;status&quot;: &quot;PENDING&quot;
            },
            {
                &quot;time&quot;: &quot;2022-02-16T09:56:33.279Z&quot;,
                &quot;status&quot;: &quot;SEND&quot;
            },
            {
                &quot;time&quot;: &quot;2022-02-16T09:56:33.321Z&quot;,
                &quot;status&quot;: &quot;DELIVERED&quot;
            },
            {
                &quot;time&quot;: &quot;2022-02-16T09:59:11.843Z&quot;,
                &quot;status&quot;: &quot;PENDING&quot;
            },
            {
                &quot;time&quot;: &quot;2022-02-16T09:59:11.885Z&quot;,
                &quot;status&quot;: &quot;SEND&quot;
            },
            {
                &quot;time&quot;: &quot;2022-02-16T09:59:11.929Z&quot;,
                &quot;status&quot;: &quot;DELIVERED&quot;
            },
            {
                &quot;time&quot;: &quot;2022-02-16T09:59:12.799Z&quot;,
                &quot;status&quot;: &quot;PENDING&quot;
            },
            {
                &quot;time&quot;: &quot;2022-02-16T09:59:12.857Z&quot;,
                &quot;status&quot;: &quot;SEND&quot;
            },
            {
                &quot;time&quot;: &quot;2022-02-16T09:59:12.913Z&quot;,
                &quot;status&quot;: &quot;DELIVERED&quot;
            },
            {
                &quot;time&quot;: &quot;2022-02-16T10:01:50.751Z&quot;,
                &quot;status&quot;: &quot;PENDING&quot;
            },
            {
                &quot;time&quot;: &quot;2022-02-16T10:01:50.791Z&quot;,
                &quot;status&quot;: &quot;SEND&quot;
            },
            {
                &quot;time&quot;: &quot;2022-02-16T10:01:50.828Z&quot;,
                &quot;status&quot;: &quot;DELIVERED&quot;
            },
            {
                &quot;time&quot;: &quot;2022-02-16T10:01:51.673Z&quot;,
                &quot;status&quot;: &quot;PENDING&quot;
            },
            {
                &quot;time&quot;: &quot;2022-02-16T10:01:51.713Z&quot;,
                &quot;status&quot;: &quot;SEND&quot;
            },
            {
                &quot;time&quot;: &quot;2022-02-16T10:01:51.755Z&quot;,
                &quot;status&quot;: &quot;DELIVERED&quot;
            },
            {
                &quot;time&quot;: &quot;2022-02-16T10:04:30.106Z&quot;,
                &quot;status&quot;: &quot;PENDING&quot;
            },
            {
                &quot;time&quot;: &quot;2022-02-16T10:04:30.153Z&quot;,
                &quot;status&quot;: &quot;SEND&quot;
            },
            {
                &quot;time&quot;: &quot;2022-02-16T10:04:30.200Z&quot;,
                &quot;status&quot;: &quot;DELIVERED&quot;
            },
            {
                &quot;time&quot;: &quot;2022-02-16T10:04:31.076Z&quot;,
                &quot;status&quot;: &quot;PENDING&quot;
            },
            {
                &quot;time&quot;: &quot;2022-02-16T10:04:31.122Z&quot;,
                &quot;status&quot;: &quot;SEND&quot;
            },
            {
                &quot;time&quot;: &quot;2022-02-16T10:04:31.164Z&quot;,
                &quot;status&quot;: &quot;DELIVERED&quot;
            },
            {
                &quot;time&quot;: &quot;2022-02-16T10:07:10.462Z&quot;,
                &quot;status&quot;: &quot;PENDING&quot;
            },
            {
                &quot;time&quot;: &quot;2022-02-16T10:07:10.499Z&quot;,
                &quot;status&quot;: &quot;SEND&quot;
            },
            {
                &quot;time&quot;: &quot;2022-02-16T10:07:10.537Z&quot;,
                &quot;status&quot;: &quot;DELIVERED&quot;
            },
            {
                &quot;time&quot;: &quot;2022-02-16T10:07:11.343Z&quot;,
                &quot;status&quot;: &quot;PENDING&quot;
            },
            {
                &quot;time&quot;: &quot;2022-02-16T10:07:11.380Z&quot;,
                &quot;status&quot;: &quot;SEND&quot;
            },
            {
                &quot;time&quot;: &quot;2022-02-16T10:07:11.418Z&quot;,
                &quot;status&quot;: &quot;DELIVERED&quot;
            },
            {
                &quot;time&quot;: &quot;2022-02-16T10:09:49.720Z&quot;,
                &quot;status&quot;: &quot;PENDING&quot;
            },
            {
                &quot;time&quot;: &quot;2022-02-16T10:09:49.762Z&quot;,
                &quot;status&quot;: &quot;SEND&quot;
            },
            {
                &quot;time&quot;: &quot;2022-02-16T10:09:49.803Z&quot;,
                &quot;status&quot;: &quot;DELIVERED&quot;
            },
            {
                &quot;time&quot;: &quot;2022-02-16T10:09:50.610Z&quot;,
                &quot;status&quot;: &quot;PENDING&quot;
            },
            {
                &quot;time&quot;: &quot;2022-02-16T10:09:50.651Z&quot;,
                &quot;status&quot;: &quot;SEND&quot;
            },
            {
                &quot;time&quot;: &quot;2022-02-16T10:09:50.691Z&quot;,
                &quot;status&quot;: &quot;DELIVERED&quot;
            },
            {
                &quot;time&quot;: &quot;2022-02-16T10:12:29.403Z&quot;,
                &quot;status&quot;: &quot;PENDING&quot;
            },
            {
                &quot;time&quot;: &quot;2022-02-16T10:12:29.449Z&quot;,
                &quot;status&quot;: &quot;SEND&quot;
            },
            {
                &quot;time&quot;: &quot;2022-02-16T10:12:29.494Z&quot;,
                &quot;status&quot;: &quot;DELIVERED&quot;
            },
            {
                &quot;time&quot;: &quot;2022-02-16T10:12:30.338Z&quot;,
                &quot;status&quot;: &quot;PENDING&quot;
            },
            {
                &quot;time&quot;: &quot;2022-02-16T10:12:30.379Z&quot;,
                &quot;status&quot;: &quot;SEND&quot;
            },
            {
                &quot;time&quot;: &quot;2022-02-16T10:12:30.423Z&quot;,
                &quot;status&quot;: &quot;DELIVERED&quot;
            },
            {
                &quot;time&quot;: &quot;2022-02-16T10:15:08.464Z&quot;,
                &quot;status&quot;: &quot;PENDING&quot;
            },
            {
                &quot;time&quot;: &quot;2022-02-16T10:15:08.507Z&quot;,
                &quot;status&quot;: &quot;SEND&quot;
            },
            {
                &quot;time&quot;: &quot;2022-02-16T10:15:08.549Z&quot;,
                &quot;status&quot;: &quot;DELIVERED&quot;
            },
            {
                &quot;time&quot;: &quot;2022-02-16T10:15:09.384Z&quot;,
                &quot;status&quot;: &quot;PENDING&quot;
            },
            {
                &quot;time&quot;: &quot;2022-02-16T10:15:09.428Z&quot;,
                &quot;status&quot;: &quot;SEND&quot;
            }
        ],
        &quot;status&quot;: &quot;DELIVERED&quot;
    },
    &quot;creationTime&quot;: &quot;2022-02-16T09:22:46.140Z&quot;,
    &quot;deviceId&quot;: &quot;14273295&quot;,
    &quot;deviceName&quot;: &quot;offsitec&quot;,
    &quot;self&quot;: &quot;https://t493319102.eu-latest.cumulocity.com/devicecontrol/operations/14275540&quot;,
    &quot;id&quot;: &quot;14275540&quot;,
    &quot;status&quot;: &quot;PENDING&quot;,
    &quot;c8y_LogfileRequest&quot;: {
        &quot;searchText&quot;: &quot;&quot;,
        &quot;logFile&quot;: &quot;software-management&quot;,
        &quot;dateTo&quot;: &quot;2021-11-21T18:55:49+0530&quot;,
        &quot;dateFrom&quot;: &quot;2021-11-15T18:55:49+0530&quot;,
        &quot;maximumLines&quot;: 300
    },
    &quot;description&quot;: &quot;Log file request&quot;
}
10:16:32 DEBUG Final URL of the request: https://thin-edge-io.eu-latest.cumulocity.com/devicecontrol/operations?deviceId=14273295&amp;pageSize=1&amp;revert=true&amp;dateFrom=1970-01-01T00%3A00%3A00.000Z
10:16:32 INFO  State of current operation: PENDING
10:16:32 DEBUG Final URL of the request: https://thin-edge-io.eu-latest.cumulocity.com/devicecontrol/operations?deviceId=14273295&amp;pageSize=1&amp;revert=true&amp;dateFrom=1970-01-01T00%3A00%3A00.000Z
10:16:32 DEBUG State of current operation: {
    &quot;delivery&quot;: {
        &quot;time&quot;: &quot;2022-02-16T10:15:09.472Z&quot;,
        &quot;log&quot;: [
            {
                &quot;time&quot;: &quot;2022-02-16T09:22:46.166Z&quot;,
                &quot;status&quot;: &quot;PENDING&quot;
            },
            {
                &quot;time&quot;: &quot;2022-02-16T09:22:46.185Z&quot;,
                &quot;status&quot;: &quot;SEND&quot;
            },
            {
                &quot;time&quot;: &quot;2022-02-16T09:22:46.219Z&quot;,
                &quot;status&quot;: &quot;DELIVERED&quot;
            },
            {
                &quot;time&quot;: &quot;2022-02-16T09:23:55.047Z&quot;,
                &quot;status&quot;: &quot;PENDING&quot;
            },
            {
                &quot;time&quot;: &quot;2022-02-16T09:23:55.077Z&quot;,
                &quot;status&quot;: &quot;SEND&quot;
            },
            {
                &quot;time&quot;: &quot;2022-02-16T09:23:55.114Z&quot;,
                &quot;status&quot;: &quot;DELIVERED&quot;
            },
            {
                &quot;time&quot;: &quot;2022-02-16T09:23:55.901Z&quot;,
                &quot;status&quot;: &quot;PENDING&quot;
            },
            {
                &quot;time&quot;: &quot;2022-02-16T09:23:55.930Z&quot;,
                &quot;status&quot;: &quot;SEND&quot;
            },
            {
                &quot;time&quot;: &quot;2022-02-16T09:23:55.967Z&quot;,
                &quot;status&quot;: &quot;DELIVERED&quot;
            },
            {
                &quot;time&quot;: &quot;2022-02-16T09:24:55.073Z&quot;,
                &quot;status&quot;: &quot;PENDING&quot;
            },
            {
                &quot;time&quot;: &quot;2022-02-16T09:24:55.106Z&quot;,
                &quot;status&quot;: &quot;SEND&quot;
            },
            {
                &quot;time&quot;: &quot;2022-02-16T09:24:55.144Z&quot;,
                &quot;status&quot;: &quot;DELIVERED&quot;
            },
            {
                &quot;time&quot;: &quot;2022-02-16T09:24:55.971Z&quot;,
                &quot;status&quot;: &quot;PENDING&quot;
            },
            {
                &quot;time&quot;: &quot;2022-02-16T09:24:56.008Z&quot;,
                &quot;status&quot;: &quot;SEND&quot;
            },
            {
                &quot;time&quot;: &quot;2022-02-16T09:24:56.044Z&quot;,
                &quot;status&quot;: &quot;DELIVERED&quot;
            },
            {
                &quot;time&quot;: &quot;2022-02-16T09:26:09.362Z&quot;,
                &quot;status&quot;: &quot;PENDING&quot;
            },
            {
                &quot;time&quot;: &quot;2022-02-16T09:26:09.392Z&quot;,
                &quot;status&quot;: &quot;SEND&quot;
            },
            {
                &quot;time&quot;: &quot;2022-02-16T09:26:09.428Z&quot;,
                &quot;status&quot;: &quot;DELIVERED&quot;
            },
            {
                &quot;time&quot;: &quot;2022-02-16T09:26:10.287Z&quot;,
                &quot;status&quot;: &quot;PENDING&quot;
            },
            {
                &quot;time&quot;: &quot;2022-02-16T09:26:10.317Z&quot;,
                &quot;status&quot;: &quot;SEND&quot;
            },
            {
                &quot;time&quot;: &quot;2022-02-16T09:26:10.353Z&quot;,
                &quot;status&quot;: &quot;DELIVERED&quot;
            },
            {
                &quot;time&quot;: &quot;2022-02-16T09:27:24.861Z&quot;,
                &quot;status&quot;: &quot;PENDING&quot;
            },
            {
                &quot;time&quot;: &quot;2022-02-16T09:27:24.898Z&quot;,
                &quot;status&quot;: &quot;SEND&quot;
            },
            {
                &quot;time&quot;: &quot;2022-02-16T09:27:24.935Z&quot;,
                &quot;status&quot;: &quot;DELIVERED&quot;
            },
            {
                &quot;time&quot;: &quot;2022-02-16T09:27:25.773Z&quot;,
                &quot;status&quot;: &quot;PENDING&quot;
            },
            {
                &quot;time&quot;: &quot;2022-02-16T09:27:25.812Z&quot;,
                &quot;status&quot;: &quot;SEND&quot;
            },
            {
                &quot;time&quot;: &quot;2022-02-16T09:27:25.849Z&quot;,
                &quot;status&quot;: &quot;DELIVERED&quot;
            },
            {
                &quot;time&quot;: &quot;2022-02-16T09:28:06.037Z&quot;,
                &quot;status&quot;: &quot;PENDING&quot;
            },
            {
                &quot;time&quot;: &quot;2022-02-16T09:28:06.069Z&quot;,
                &quot;status&quot;: &quot;SEND&quot;
            },
            {
                &quot;time&quot;: &quot;2022-02-16T09:28:06.107Z&quot;,
                &quot;status&quot;: &quot;DELIVERED&quot;
            },
            {
                &quot;time&quot;: &quot;2022-02-16T09:28:06.968Z&quot;,
                &quot;status&quot;: &quot;PENDING&quot;
            },
            {
                &quot;time&quot;: &quot;2022-02-16T09:28:07.002Z&quot;,
                &quot;status&quot;: &quot;SEND&quot;
            },
            {
                &quot;time&quot;: &quot;2022-02-16T09:28:07.039Z&quot;,
                &quot;status&quot;: &quot;DELIVERED&quot;
            },
            {
                &quot;time&quot;: &quot;2022-02-16T09:28:58.713Z&quot;,
                &quot;status&quot;: &quot;PENDING&quot;
            },
            {
                &quot;time&quot;: &quot;2022-02-16T09:28:58.744Z&quot;,
                &quot;status&quot;: &quot;SEND&quot;
            },
            {
                &quot;time&quot;: &quot;2022-02-16T09:28:58.782Z&quot;,
                &quot;status&quot;: &quot;DELIVERED&quot;
            },
            {
                &quot;time&quot;: &quot;2022-02-16T09:28:59.589Z&quot;,
                &quot;status&quot;: &quot;PENDING&quot;
            },
            {
                &quot;time&quot;: &quot;2022-02-16T09:28:59.620Z&quot;,
                &quot;status&quot;: &quot;SEND&quot;
            },
            {
                &quot;time&quot;: &quot;2022-02-16T09:28:59.658Z&quot;,
                &quot;status&quot;: &quot;DELIVERED&quot;
            },
            {
                &quot;time&quot;: &quot;2022-02-16T09:29:51.098Z&quot;,
                &quot;status&quot;: &quot;PENDING&quot;
            },
            {
                &quot;time&quot;: &quot;2022-02-16T09:29:51.134Z&quot;,
                &quot;status&quot;: &quot;SEND&quot;
            },
            {
                &quot;time&quot;: &quot;2022-02-16T09:29:51.171Z&quot;,
                &quot;status&quot;: &quot;DELIVERED&quot;
            },
            {
                &quot;time&quot;: &quot;2022-02-16T09:29:52.013Z&quot;,
                &quot;status&quot;: &quot;PENDING&quot;
            },
            {
                &quot;time&quot;: &quot;2022-02-16T09:29:52.047Z&quot;,
                &quot;status&quot;: &quot;SEND&quot;
            },
            {
                &quot;time&quot;: &quot;2022-02-16T09:29:52.089Z&quot;,
                &quot;status&quot;: &quot;DELIVERED&quot;
            },
            {
                &quot;time&quot;: &quot;2022-02-16T09:30:33.494Z&quot;,
                &quot;status&quot;: &quot;PENDING&quot;
            },
            {
                &quot;time&quot;: &quot;2022-02-16T09:30:33.534Z&quot;,
                &quot;status&quot;: &quot;SEND&quot;
            },
            {
                &quot;time&quot;: &quot;2022-02-16T09:30:33.571Z&quot;,
                &quot;status&quot;: &quot;DELIVERED&quot;
            },
            {
                &quot;time&quot;: &quot;2022-02-16T09:30:34.412Z&quot;,
                &quot;status&quot;: &quot;PENDING&quot;
            },
            {
                &quot;time&quot;: &quot;2022-02-16T09:30:34.453Z&quot;,
                &quot;status&quot;: &quot;SEND&quot;
            },
            {
                &quot;time&quot;: &quot;2022-02-16T09:30:34.488Z&quot;,
                &quot;status&quot;: &quot;DELIVERED&quot;
            },
            {
                &quot;time&quot;: &quot;2022-02-16T09:32:49.337Z&quot;,
                &quot;status&quot;: &quot;PENDING&quot;
            },
            {
                &quot;time&quot;: &quot;2022-02-16T09:32:49.371Z&quot;,
                &quot;status&quot;: &quot;SEND&quot;
            },
            {
                &quot;time&quot;: &quot;2022-02-16T09:32:49.408Z&quot;,
                &quot;status&quot;: &quot;DELIVERED&quot;
            },
            {
                &quot;time&quot;: &quot;2022-02-16T09:32:50.347Z&quot;,
                &quot;status&quot;: &quot;PENDING&quot;
            },
            {
                &quot;time&quot;: &quot;2022-02-16T09:32:50.382Z&quot;,
                &quot;status&quot;: &quot;SEND&quot;
            },
            {
                &quot;time&quot;: &quot;2022-02-16T09:32:50.423Z&quot;,
                &quot;status&quot;: &quot;DELIVERED&quot;
            },
            {
                &quot;time&quot;: &quot;2022-02-16T09:35:18.696Z&quot;,
                &quot;status&quot;: &quot;PENDING&quot;
            },
            {
                &quot;time&quot;: &quot;2022-02-16T09:35:18.734Z&quot;,
                &quot;status&quot;: &quot;SEND&quot;
            },
            {
                &quot;time&quot;: &quot;2022-02-16T09:35:18.769Z&quot;,
                &quot;status&quot;: &quot;DELIVERED&quot;
            },
            {
                &quot;time&quot;: &quot;2022-02-16T09:35:41.813Z&quot;,
                &quot;status&quot;: &quot;PENDING&quot;
            },
            {
                &quot;time&quot;: &quot;2022-02-16T09:35:41.852Z&quot;,
                &quot;status&quot;: &quot;SEND&quot;
            },
            {
                &quot;time&quot;: &quot;2022-02-16T09:35:41.891Z&quot;,
                &quot;status&quot;: &quot;DELIVERED&quot;
            },
            {
                &quot;time&quot;: &quot;2022-02-16T09:35:42.766Z&quot;,
                &quot;status&quot;: &quot;PENDING&quot;
            },
            {
                &quot;time&quot;: &quot;2022-02-16T09:35:42.811Z&quot;,
                &quot;status&quot;: &quot;SEND&quot;
            },
            {
                &quot;time&quot;: &quot;2022-02-16T09:35:42.849Z&quot;,
                &quot;status&quot;: &quot;DELIVERED&quot;
            },
            {
                &quot;time&quot;: &quot;2022-02-16T09:36:06.394Z&quot;,
                &quot;status&quot;: &quot;PENDING&quot;
            },
            {
                &quot;time&quot;: &quot;2022-02-16T09:36:06.432Z&quot;,
                &quot;status&quot;: &quot;SEND&quot;
            },
            {
                &quot;time&quot;: &quot;2022-02-16T09:36:06.488Z&quot;,
                &quot;status&quot;: &quot;DELIVERED&quot;
            },
            {
                &quot;time&quot;: &quot;2022-02-16T09:36:07.318Z&quot;,
                &quot;status&quot;: &quot;PENDING&quot;
            },
            {
                &quot;time&quot;: &quot;2022-02-16T09:36:07.358Z&quot;,
                &quot;status&quot;: &quot;SEND&quot;
            },
            {
                &quot;time&quot;: &quot;2022-02-16T09:36:07.393Z&quot;,
                &quot;status&quot;: &quot;DELIVERED&quot;
            },
            {
                &quot;time&quot;: &quot;2022-02-16T09:36:30.178Z&quot;,
                &quot;status&quot;: &quot;PENDING&quot;
            },
            {
                &quot;time&quot;: &quot;2022-02-16T09:36:30.210Z&quot;,
                &quot;status&quot;: &quot;SEND&quot;
            },
            {
                &quot;time&quot;: &quot;2022-02-16T09:36:30.248Z&quot;,
                &quot;status&quot;: &quot;DELIVERED&quot;
            },
            {
                &quot;time&quot;: &quot;2022-02-16T09:36:31.123Z&quot;,
                &quot;status&quot;: &quot;PENDING&quot;
            },
            {
                &quot;time&quot;: &quot;2022-02-16T09:36:31.156Z&quot;,
                &quot;status&quot;: &quot;SEND&quot;
            },
            {
                &quot;time&quot;: &quot;2022-02-16T09:36:31.207Z&quot;,
                &quot;status&quot;: &quot;DELIVERED&quot;
            },
            {
                &quot;time&quot;: &quot;2022-02-16T09:37:08.443Z&quot;,
                &quot;status&quot;: &quot;PENDING&quot;
            },
            {
                &quot;time&quot;: &quot;2022-02-16T09:37:08.481Z&quot;,
                &quot;status&quot;: &quot;SEND&quot;
            },
            {
                &quot;time&quot;: &quot;2022-02-16T09:37:08.522Z&quot;,
                &quot;status&quot;: &quot;DELIVERED&quot;
            },
            {
                &quot;time&quot;: &quot;2022-02-16T09:37:09.439Z&quot;,
                &quot;status&quot;: &quot;PENDING&quot;
            },
            {
                &quot;time&quot;: &quot;2022-02-16T09:37:09.478Z&quot;,
                &quot;status&quot;: &quot;SEND&quot;
            },
            {
                &quot;time&quot;: &quot;2022-02-16T09:37:09.516Z&quot;,
                &quot;status&quot;: &quot;DELIVERED&quot;
            },
            {
                &quot;time&quot;: &quot;2022-02-16T09:37:13.026Z&quot;,
                &quot;status&quot;: &quot;PENDING&quot;
            },
            {
                &quot;time&quot;: &quot;2022-02-16T09:37:13.068Z&quot;,
                &quot;status&quot;: &quot;SEND&quot;
            },
            {
                &quot;time&quot;: &quot;2022-02-16T09:37:13.106Z&quot;,
                &quot;status&quot;: &quot;DELIVERED&quot;
            },
            {
                &quot;time&quot;: &quot;2022-02-16T09:37:37.817Z&quot;,
                &quot;status&quot;: &quot;PENDING&quot;
            },
            {
                &quot;time&quot;: &quot;2022-02-16T09:37:37.857Z&quot;,
                &quot;status&quot;: &quot;SEND&quot;
            },
            {
                &quot;time&quot;: &quot;2022-02-16T09:37:37.893Z&quot;,
                &quot;status&quot;: &quot;DELIVERED&quot;
            },
            {
                &quot;time&quot;: &quot;2022-02-16T09:37:38.638Z&quot;,
                &quot;status&quot;: &quot;PENDING&quot;
            },
            {
                &quot;time&quot;: &quot;2022-02-16T09:37:38.675Z&quot;,
                &quot;status&quot;: &quot;SEND&quot;
            },
            {
                &quot;time&quot;: &quot;2022-02-16T09:37:38.712Z&quot;,
                &quot;status&quot;: &quot;DELIVERED&quot;
            },
            {
                &quot;time&quot;: &quot;2022-02-16T09:38:03.926Z&quot;,
                &quot;status&quot;: &quot;PENDING&quot;
            },
            {
                &quot;time&quot;: &quot;2022-02-16T09:38:03.965Z&quot;,
                &quot;status&quot;: &quot;SEND&quot;
            },
            {
                &quot;time&quot;: &quot;2022-02-16T09:38:04.001Z&quot;,
                &quot;status&quot;: &quot;DELIVERED&quot;
            },
            {
                &quot;time&quot;: &quot;2022-02-16T09:38:04.819Z&quot;,
                &quot;status&quot;: &quot;PENDING&quot;
            },
            {
                &quot;time&quot;: &quot;2022-02-16T09:38:04.864Z&quot;,
                &quot;status&quot;: &quot;SEND&quot;
            },
            {
                &quot;time&quot;: &quot;2022-02-16T09:38:04.911Z&quot;,
                &quot;status&quot;: &quot;DELIVERED&quot;
            },
            {
                &quot;time&quot;: &quot;2022-02-16T09:53:50.860Z&quot;,
                &quot;status&quot;: &quot;PENDING&quot;
            },
            {
                &quot;time&quot;: &quot;2022-02-16T09:53:50.900Z&quot;,
                &quot;status&quot;: &quot;SEND&quot;
            },
            {
                &quot;time&quot;: &quot;2022-02-16T09:53:50.939Z&quot;,
                &quot;status&quot;: &quot;DELIVERED&quot;
            },
            {
                &quot;time&quot;: &quot;2022-02-16T09:53:51.831Z&quot;,
                &quot;status&quot;: &quot;PENDING&quot;
            },
            {
                &quot;time&quot;: &quot;2022-02-16T09:53:51.869Z&quot;,
                &quot;status&quot;: &quot;SEND&quot;
            },
            {
                &quot;time&quot;: &quot;2022-02-16T09:53:51.917Z&quot;,
                &quot;status&quot;: &quot;DELIVERED&quot;
            },
            {
                &quot;time&quot;: &quot;2022-02-16T09:56:32.333Z&quot;,
                &quot;status&quot;: &quot;PENDING&quot;
            },
            {
                &quot;time&quot;: &quot;2022-02-16T09:56:32.376Z&quot;,
                &quot;status&quot;: &quot;SEND&quot;
            },
            {
                &quot;time&quot;: &quot;2022-02-16T09:56:32.413Z&quot;,
                &quot;status&quot;: &quot;DELIVERED&quot;
            },
            {
                &quot;time&quot;: &quot;2022-02-16T09:56:33.226Z&quot;,
                &quot;status&quot;: &quot;PENDING&quot;
            },
            {
                &quot;time&quot;: &quot;2022-02-16T09:56:33.279Z&quot;,
                &quot;status&quot;: &quot;SEND&quot;
            },
            {
                &quot;time&quot;: &quot;2022-02-16T09:56:33.321Z&quot;,
                &quot;status&quot;: &quot;DELIVERED&quot;
            },
            {
                &quot;time&quot;: &quot;2022-02-16T09:59:11.843Z&quot;,
                &quot;status&quot;: &quot;PENDING&quot;
            },
            {
                &quot;time&quot;: &quot;2022-02-16T09:59:11.885Z&quot;,
                &quot;status&quot;: &quot;SEND&quot;
            },
            {
                &quot;time&quot;: &quot;2022-02-16T09:59:11.929Z&quot;,
                &quot;status&quot;: &quot;DELIVERED&quot;
            },
            {
                &quot;time&quot;: &quot;2022-02-16T09:59:12.799Z&quot;,
                &quot;status&quot;: &quot;PENDING&quot;
            },
            {
                &quot;time&quot;: &quot;2022-02-16T09:59:12.857Z&quot;,
                &quot;status&quot;: &quot;SEND&quot;
            },
            {
                &quot;time&quot;: &quot;2022-02-16T09:59:12.913Z&quot;,
                &quot;status&quot;: &quot;DELIVERED&quot;
            },
            {
                &quot;time&quot;: &quot;2022-02-16T10:01:50.751Z&quot;,
                &quot;status&quot;: &quot;PENDING&quot;
            },
            {
                &quot;time&quot;: &quot;2022-02-16T10:01:50.791Z&quot;,
                &quot;status&quot;: &quot;SEND&quot;
            },
            {
                &quot;time&quot;: &quot;2022-02-16T10:01:50.828Z&quot;,
                &quot;status&quot;: &quot;DELIVERED&quot;
            },
            {
                &quot;time&quot;: &quot;2022-02-16T10:01:51.673Z&quot;,
                &quot;status&quot;: &quot;PENDING&quot;
            },
            {
                &quot;time&quot;: &quot;2022-02-16T10:01:51.713Z&quot;,
                &quot;status&quot;: &quot;SEND&quot;
            },
            {
                &quot;time&quot;: &quot;2022-02-16T10:01:51.755Z&quot;,
                &quot;status&quot;: &quot;DELIVERED&quot;
            },
            {
                &quot;time&quot;: &quot;2022-02-16T10:04:30.106Z&quot;,
                &quot;status&quot;: &quot;PENDING&quot;
            },
            {
                &quot;time&quot;: &quot;2022-02-16T10:04:30.153Z&quot;,
                &quot;status&quot;: &quot;SEND&quot;
            },
            {
                &quot;time&quot;: &quot;2022-02-16T10:04:30.200Z&quot;,
                &quot;status&quot;: &quot;DELIVERED&quot;
            },
            {
                &quot;time&quot;: &quot;2022-02-16T10:04:31.076Z&quot;,
                &quot;status&quot;: &quot;PENDING&quot;
            },
            {
                &quot;time&quot;: &quot;2022-02-16T10:04:31.122Z&quot;,
                &quot;status&quot;: &quot;SEND&quot;
            },
            {
                &quot;time&quot;: &quot;2022-02-16T10:04:31.164Z&quot;,
                &quot;status&quot;: &quot;DELIVERED&quot;
            },
            {
                &quot;time&quot;: &quot;2022-02-16T10:07:10.462Z&quot;,
                &quot;status&quot;: &quot;PENDING&quot;
            },
            {
                &quot;time&quot;: &quot;2022-02-16T10:07:10.499Z&quot;,
                &quot;status&quot;: &quot;SEND&quot;
            },
            {
                &quot;time&quot;: &quot;2022-02-16T10:07:10.537Z&quot;,
                &quot;status&quot;: &quot;DELIVERED&quot;
            },
            {
                &quot;time&quot;: &quot;2022-02-16T10:07:11.343Z&quot;,
                &quot;status&quot;: &quot;PENDING&quot;
            },
            {
                &quot;time&quot;: &quot;2022-02-16T10:07:11.380Z&quot;,
                &quot;status&quot;: &quot;SEND&quot;
            },
            {
                &quot;time&quot;: &quot;2022-02-16T10:07:11.418Z&quot;,
                &quot;status&quot;: &quot;DELIVERED&quot;
            },
            {
                &quot;time&quot;: &quot;2022-02-16T10:09:49.720Z&quot;,
                &quot;status&quot;: &quot;PENDING&quot;
            },
            {
                &quot;time&quot;: &quot;2022-02-16T10:09:49.762Z&quot;,
                &quot;status&quot;: &quot;SEND&quot;
            },
            {
                &quot;time&quot;: &quot;2022-02-16T10:09:49.803Z&quot;,
                &quot;status&quot;: &quot;DELIVERED&quot;
            },
            {
                &quot;time&quot;: &quot;2022-02-16T10:09:50.610Z&quot;,
                &quot;status&quot;: &quot;PENDING&quot;
            },
            {
                &quot;time&quot;: &quot;2022-02-16T10:09:50.651Z&quot;,
                &quot;status&quot;: &quot;SEND&quot;
            },
            {
                &quot;time&quot;: &quot;2022-02-16T10:09:50.691Z&quot;,
                &quot;status&quot;: &quot;DELIVERED&quot;
            },
            {
                &quot;time&quot;: &quot;2022-02-16T10:12:29.403Z&quot;,
                &quot;status&quot;: &quot;PENDING&quot;
            },
            {
                &quot;time&quot;: &quot;2022-02-16T10:12:29.449Z&quot;,
                &quot;status&quot;: &quot;SEND&quot;
            },
            {
                &quot;time&quot;: &quot;2022-02-16T10:12:29.494Z&quot;,
                &quot;status&quot;: &quot;DELIVERED&quot;
            },
            {
                &quot;time&quot;: &quot;2022-02-16T10:12:30.338Z&quot;,
                &quot;status&quot;: &quot;PENDING&quot;
            },
            {
                &quot;time&quot;: &quot;2022-02-16T10:12:30.379Z&quot;,
                &quot;status&quot;: &quot;SEND&quot;
            },
            {
                &quot;time&quot;: &quot;2022-02-16T10:12:30.423Z&quot;,
                &quot;status&quot;: &quot;DELIVERED&quot;
            },
            {
                &quot;time&quot;: &quot;2022-02-16T10:15:08.464Z&quot;,
                &quot;status&quot;: &quot;PENDING&quot;
            },
            {
                &quot;time&quot;: &quot;2022-02-16T10:15:08.507Z&quot;,
                &quot;status&quot;: &quot;SEND&quot;
            },
            {
                &quot;time&quot;: &quot;2022-02-16T10:15:08.549Z&quot;,
                &quot;status&quot;: &quot;DELIVERED&quot;
            },
            {
                &quot;time&quot;: &quot;2022-02-16T10:15:09.384Z&quot;,
                &quot;status&quot;: &quot;PENDING&quot;
            },
            {
                &quot;time&quot;: &quot;2022-02-16T10:15:09.428Z&quot;,
                &quot;status&quot;: &quot;SEND&quot;
            }
        ],
        &quot;status&quot;: &quot;DELIVERED&quot;
    },
    &quot;creationTime&quot;: &quot;2022-02-16T09:22:46.140Z&quot;,
    &quot;deviceId&quot;: &quot;14273295&quot;,
    &quot;deviceName&quot;: &quot;offsitec&quot;,
    &quot;self&quot;: &quot;https://t493319102.eu-latest.cumulocity.com/devicecontrol/operations/14275540&quot;,
    &quot;id&quot;: &quot;14275540&quot;,
    &quot;status&quot;: &quot;PENDING&quot;,
    &quot;c8y_LogfileRequest&quot;: {
        &quot;searchText&quot;: &quot;&quot;,
        &quot;logFile&quot;: &quot;software-management&quot;,
        &quot;dateTo&quot;: &quot;2021-11-21T18:55:49+0530&quot;,
        &quot;dateFrom&quot;: &quot;2021-11-15T18:55:49+0530&quot;,
        &quot;maximumLines&quot;: 300
    },
    &quot;description&quot;: &quot;Log file request&quot;
}
10:16:34 DEBUG Final URL of the request: https://thin-edge-io.eu-latest.cumulocity.com/devicecontrol/operations?deviceId=14273295&amp;pageSize=1&amp;revert=true&amp;dateFrom=1970-01-01T00%3A00%3A00.000Z
10:16:34 INFO  State of current operation: PENDING
10:16:34 DEBUG Final URL of the request: https://thin-edge-io.eu-latest.cumulocity.com/devicecontrol/operations?deviceId=14273295&amp;pageSize=1&amp;revert=true&amp;dateFrom=1970-01-01T00%3A00%3A00.000Z
10:16:34 DEBUG State of current operation: {
    &quot;delivery&quot;: {
        &quot;time&quot;: &quot;2022-02-16T10:15:09.472Z&quot;,
        &quot;log&quot;: [
            {
                &quot;time&quot;: &quot;2022-02-16T09:22:46.166Z&quot;,
                &quot;status&quot;: &quot;PENDING&quot;
            },
            {
                &quot;time&quot;: &quot;2022-02-16T09:22:46.185Z&quot;,
                &quot;status&quot;: &quot;SEND&quot;
            },
            {
                &quot;time&quot;: &quot;2022-02-16T09:22:46.219Z&quot;,
                &quot;status&quot;: &quot;DELIVERED&quot;
            },
            {
                &quot;time&quot;: &quot;2022-02-16T09:23:55.047Z&quot;,
                &quot;status&quot;: &quot;PENDING&quot;
            },
            {
                &quot;time&quot;: &quot;2022-02-16T09:23:55.077Z&quot;,
                &quot;status&quot;: &quot;SEND&quot;
            },
            {
                &quot;time&quot;: &quot;2022-02-16T09:23:55.114Z&quot;,
                &quot;status&quot;: &quot;DELIVERED&quot;
            },
            {
                &quot;time&quot;: &quot;2022-02-16T09:23:55.901Z&quot;,
                &quot;status&quot;: &quot;PENDING&quot;
            },
            {
                &quot;time&quot;: &quot;2022-02-16T09:23:55.930Z&quot;,
                &quot;status&quot;: &quot;SEND&quot;
            },
            {
                &quot;time&quot;: &quot;2022-02-16T09:23:55.967Z&quot;,
                &quot;status&quot;: &quot;DELIVERED&quot;
            },
            {
                &quot;time&quot;: &quot;2022-02-16T09:24:55.073Z&quot;,
                &quot;status&quot;: &quot;PENDING&quot;
            },
            {
                &quot;time&quot;: &quot;2022-02-16T09:24:55.106Z&quot;,
                &quot;status&quot;: &quot;SEND&quot;
            },
            {
                &quot;time&quot;: &quot;2022-02-16T09:24:55.144Z&quot;,
                &quot;status&quot;: &quot;DELIVERED&quot;
            },
            {
                &quot;time&quot;: &quot;2022-02-16T09:24:55.971Z&quot;,
                &quot;status&quot;: &quot;PENDING&quot;
            },
            {
                &quot;time&quot;: &quot;2022-02-16T09:24:56.008Z&quot;,
                &quot;status&quot;: &quot;SEND&quot;
            },
            {
                &quot;time&quot;: &quot;2022-02-16T09:24:56.044Z&quot;,
                &quot;status&quot;: &quot;DELIVERED&quot;
            },
            {
                &quot;time&quot;: &quot;2022-02-16T09:26:09.362Z&quot;,
                &quot;status&quot;: &quot;PENDING&quot;
            },
            {
                &quot;time&quot;: &quot;2022-02-16T09:26:09.392Z&quot;,
                &quot;status&quot;: &quot;SEND&quot;
            },
            {
                &quot;time&quot;: &quot;2022-02-16T09:26:09.428Z&quot;,
                &quot;status&quot;: &quot;DELIVERED&quot;
            },
            {
                &quot;time&quot;: &quot;2022-02-16T09:26:10.287Z&quot;,
                &quot;status&quot;: &quot;PENDING&quot;
            },
            {
                &quot;time&quot;: &quot;2022-02-16T09:26:10.317Z&quot;,
                &quot;status&quot;: &quot;SEND&quot;
            },
            {
                &quot;time&quot;: &quot;2022-02-16T09:26:10.353Z&quot;,
                &quot;status&quot;: &quot;DELIVERED&quot;
            },
            {
                &quot;time&quot;: &quot;2022-02-16T09:27:24.861Z&quot;,
                &quot;status&quot;: &quot;PENDING&quot;
            },
            {
                &quot;time&quot;: &quot;2022-02-16T09:27:24.898Z&quot;,
                &quot;status&quot;: &quot;SEND&quot;
            },
            {
                &quot;time&quot;: &quot;2022-02-16T09:27:24.935Z&quot;,
                &quot;status&quot;: &quot;DELIVERED&quot;
            },
            {
                &quot;time&quot;: &quot;2022-02-16T09:27:25.773Z&quot;,
                &quot;status&quot;: &quot;PENDING&quot;
            },
            {
                &quot;time&quot;: &quot;2022-02-16T09:27:25.812Z&quot;,
                &quot;status&quot;: &quot;SEND&quot;
            },
            {
                &quot;time&quot;: &quot;2022-02-16T09:27:25.849Z&quot;,
                &quot;status&quot;: &quot;DELIVERED&quot;
            },
            {
                &quot;time&quot;: &quot;2022-02-16T09:28:06.037Z&quot;,
                &quot;status&quot;: &quot;PENDING&quot;
            },
            {
                &quot;time&quot;: &quot;2022-02-16T09:28:06.069Z&quot;,
                &quot;status&quot;: &quot;SEND&quot;
            },
            {
                &quot;time&quot;: &quot;2022-02-16T09:28:06.107Z&quot;,
                &quot;status&quot;: &quot;DELIVERED&quot;
            },
            {
                &quot;time&quot;: &quot;2022-02-16T09:28:06.968Z&quot;,
                &quot;status&quot;: &quot;PENDING&quot;
            },
            {
                &quot;time&quot;: &quot;2022-02-16T09:28:07.002Z&quot;,
                &quot;status&quot;: &quot;SEND&quot;
            },
            {
                &quot;time&quot;: &quot;2022-02-16T09:28:07.039Z&quot;,
                &quot;status&quot;: &quot;DELIVERED&quot;
            },
            {
                &quot;time&quot;: &quot;2022-02-16T09:28:58.713Z&quot;,
                &quot;status&quot;: &quot;PENDING&quot;
            },
            {
                &quot;time&quot;: &quot;2022-02-16T09:28:58.744Z&quot;,
                &quot;status&quot;: &quot;SEND&quot;
            },
            {
                &quot;time&quot;: &quot;2022-02-16T09:28:58.782Z&quot;,
                &quot;status&quot;: &quot;DELIVERED&quot;
            },
            {
                &quot;time&quot;: &quot;2022-02-16T09:28:59.589Z&quot;,
                &quot;status&quot;: &quot;PENDING&quot;
            },
            {
                &quot;time&quot;: &quot;2022-02-16T09:28:59.620Z&quot;,
                &quot;status&quot;: &quot;SEND&quot;
            },
            {
                &quot;time&quot;: &quot;2022-02-16T09:28:59.658Z&quot;,
                &quot;status&quot;: &quot;DELIVERED&quot;
            },
            {
                &quot;time&quot;: &quot;2022-02-16T09:29:51.098Z&quot;,
                &quot;status&quot;: &quot;PENDING&quot;
            },
            {
                &quot;time&quot;: &quot;2022-02-16T09:29:51.134Z&quot;,
                &quot;status&quot;: &quot;SEND&quot;
            },
            {
                &quot;time&quot;: &quot;2022-02-16T09:29:51.171Z&quot;,
                &quot;status&quot;: &quot;DELIVERED&quot;
            },
            {
                &quot;time&quot;: &quot;2022-02-16T09:29:52.013Z&quot;,
                &quot;status&quot;: &quot;PENDING&quot;
            },
            {
                &quot;time&quot;: &quot;2022-02-16T09:29:52.047Z&quot;,
                &quot;status&quot;: &quot;SEND&quot;
            },
            {
                &quot;time&quot;: &quot;2022-02-16T09:29:52.089Z&quot;,
                &quot;status&quot;: &quot;DELIVERED&quot;
            },
            {
                &quot;time&quot;: &quot;2022-02-16T09:30:33.494Z&quot;,
                &quot;status&quot;: &quot;PENDING&quot;
            },
            {
                &quot;time&quot;: &quot;2022-02-16T09:30:33.534Z&quot;,
                &quot;status&quot;: &quot;SEND&quot;
            },
            {
                &quot;time&quot;: &quot;2022-02-16T09:30:33.571Z&quot;,
                &quot;status&quot;: &quot;DELIVERED&quot;
            },
            {
                &quot;time&quot;: &quot;2022-02-16T09:30:34.412Z&quot;,
                &quot;status&quot;: &quot;PENDING&quot;
            },
            {
                &quot;time&quot;: &quot;2022-02-16T09:30:34.453Z&quot;,
                &quot;status&quot;: &quot;SEND&quot;
            },
            {
                &quot;time&quot;: &quot;2022-02-16T09:30:34.488Z&quot;,
                &quot;status&quot;: &quot;DELIVERED&quot;
            },
            {
                &quot;time&quot;: &quot;2022-02-16T09:32:49.337Z&quot;,
                &quot;status&quot;: &quot;PENDING&quot;
            },
            {
                &quot;time&quot;: &quot;2022-02-16T09:32:49.371Z&quot;,
                &quot;status&quot;: &quot;SEND&quot;
            },
            {
                &quot;time&quot;: &quot;2022-02-16T09:32:49.408Z&quot;,
                &quot;status&quot;: &quot;DELIVERED&quot;
            },
            {
                &quot;time&quot;: &quot;2022-02-16T09:32:50.347Z&quot;,
                &quot;status&quot;: &quot;PENDING&quot;
            },
            {
                &quot;time&quot;: &quot;2022-02-16T09:32:50.382Z&quot;,
                &quot;status&quot;: &quot;SEND&quot;
            },
            {
                &quot;time&quot;: &quot;2022-02-16T09:32:50.423Z&quot;,
                &quot;status&quot;: &quot;DELIVERED&quot;
            },
            {
                &quot;time&quot;: &quot;2022-02-16T09:35:18.696Z&quot;,
                &quot;status&quot;: &quot;PENDING&quot;
            },
            {
                &quot;time&quot;: &quot;2022-02-16T09:35:18.734Z&quot;,
                &quot;status&quot;: &quot;SEND&quot;
            },
            {
                &quot;time&quot;: &quot;2022-02-16T09:35:18.769Z&quot;,
                &quot;status&quot;: &quot;DELIVERED&quot;
            },
            {
                &quot;time&quot;: &quot;2022-02-16T09:35:41.813Z&quot;,
                &quot;status&quot;: &quot;PENDING&quot;
            },
            {
                &quot;time&quot;: &quot;2022-02-16T09:35:41.852Z&quot;,
                &quot;status&quot;: &quot;SEND&quot;
            },
            {
                &quot;time&quot;: &quot;2022-02-16T09:35:41.891Z&quot;,
                &quot;status&quot;: &quot;DELIVERED&quot;
            },
            {
                &quot;time&quot;: &quot;2022-02-16T09:35:42.766Z&quot;,
                &quot;status&quot;: &quot;PENDING&quot;
            },
            {
                &quot;time&quot;: &quot;2022-02-16T09:35:42.811Z&quot;,
                &quot;status&quot;: &quot;SEND&quot;
            },
            {
                &quot;time&quot;: &quot;2022-02-16T09:35:42.849Z&quot;,
                &quot;status&quot;: &quot;DELIVERED&quot;
            },
            {
                &quot;time&quot;: &quot;2022-02-16T09:36:06.394Z&quot;,
                &quot;status&quot;: &quot;PENDING&quot;
            },
            {
                &quot;time&quot;: &quot;2022-02-16T09:36:06.432Z&quot;,
                &quot;status&quot;: &quot;SEND&quot;
            },
            {
                &quot;time&quot;: &quot;2022-02-16T09:36:06.488Z&quot;,
                &quot;status&quot;: &quot;DELIVERED&quot;
            },
            {
                &quot;time&quot;: &quot;2022-02-16T09:36:07.318Z&quot;,
                &quot;status&quot;: &quot;PENDING&quot;
            },
            {
                &quot;time&quot;: &quot;2022-02-16T09:36:07.358Z&quot;,
                &quot;status&quot;: &quot;SEND&quot;
            },
            {
                &quot;time&quot;: &quot;2022-02-16T09:36:07.393Z&quot;,
                &quot;status&quot;: &quot;DELIVERED&quot;
            },
            {
                &quot;time&quot;: &quot;2022-02-16T09:36:30.178Z&quot;,
                &quot;status&quot;: &quot;PENDING&quot;
            },
            {
                &quot;time&quot;: &quot;2022-02-16T09:36:30.210Z&quot;,
                &quot;status&quot;: &quot;SEND&quot;
            },
            {
                &quot;time&quot;: &quot;2022-02-16T09:36:30.248Z&quot;,
                &quot;status&quot;: &quot;DELIVERED&quot;
            },
            {
                &quot;time&quot;: &quot;2022-02-16T09:36:31.123Z&quot;,
                &quot;status&quot;: &quot;PENDING&quot;
            },
            {
                &quot;time&quot;: &quot;2022-02-16T09:36:31.156Z&quot;,
                &quot;status&quot;: &quot;SEND&quot;
            },
            {
                &quot;time&quot;: &quot;2022-02-16T09:36:31.207Z&quot;,
                &quot;status&quot;: &quot;DELIVERED&quot;
            },
            {
                &quot;time&quot;: &quot;2022-02-16T09:37:08.443Z&quot;,
                &quot;status&quot;: &quot;PENDING&quot;
            },
            {
                &quot;time&quot;: &quot;2022-02-16T09:37:08.481Z&quot;,
                &quot;status&quot;: &quot;SEND&quot;
            },
            {
                &quot;time&quot;: &quot;2022-02-16T09:37:08.522Z&quot;,
                &quot;status&quot;: &quot;DELIVERED&quot;
            },
            {
                &quot;time&quot;: &quot;2022-02-16T09:37:09.439Z&quot;,
                &quot;status&quot;: &quot;PENDING&quot;
            },
            {
                &quot;time&quot;: &quot;2022-02-16T09:37:09.478Z&quot;,
                &quot;status&quot;: &quot;SEND&quot;
            },
            {
                &quot;time&quot;: &quot;2022-02-16T09:37:09.516Z&quot;,
                &quot;status&quot;: &quot;DELIVERED&quot;
            },
            {
                &quot;time&quot;: &quot;2022-02-16T09:37:13.026Z&quot;,
                &quot;status&quot;: &quot;PENDING&quot;
            },
            {
                &quot;time&quot;: &quot;2022-02-16T09:37:13.068Z&quot;,
                &quot;status&quot;: &quot;SEND&quot;
            },
            {
                &quot;time&quot;: &quot;2022-02-16T09:37:13.106Z&quot;,
                &quot;status&quot;: &quot;DELIVERED&quot;
            },
            {
                &quot;time&quot;: &quot;2022-02-16T09:37:37.817Z&quot;,
                &quot;status&quot;: &quot;PENDING&quot;
            },
            {
                &quot;time&quot;: &quot;2022-02-16T09:37:37.857Z&quot;,
                &quot;status&quot;: &quot;SEND&quot;
            },
            {
                &quot;time&quot;: &quot;2022-02-16T09:37:37.893Z&quot;,
                &quot;status&quot;: &quot;DELIVERED&quot;
            },
            {
                &quot;time&quot;: &quot;2022-02-16T09:37:38.638Z&quot;,
                &quot;status&quot;: &quot;PENDING&quot;
            },
            {
                &quot;time&quot;: &quot;2022-02-16T09:37:38.675Z&quot;,
                &quot;status&quot;: &quot;SEND&quot;
            },
            {
                &quot;time&quot;: &quot;2022-02-16T09:37:38.712Z&quot;,
                &quot;status&quot;: &quot;DELIVERED&quot;
            },
            {
                &quot;time&quot;: &quot;2022-02-16T09:38:03.926Z&quot;,
                &quot;status&quot;: &quot;PENDING&quot;
            },
            {
                &quot;time&quot;: &quot;2022-02-16T09:38:03.965Z&quot;,
                &quot;status&quot;: &quot;SEND&quot;
            },
            {
                &quot;time&quot;: &quot;2022-02-16T09:38:04.001Z&quot;,
                &quot;status&quot;: &quot;DELIVERED&quot;
            },
            {
                &quot;time&quot;: &quot;2022-02-16T09:38:04.819Z&quot;,
                &quot;status&quot;: &quot;PENDING&quot;
            },
            {
                &quot;time&quot;: &quot;2022-02-16T09:38:04.864Z&quot;,
                &quot;status&quot;: &quot;SEND&quot;
            },
            {
                &quot;time&quot;: &quot;2022-02-16T09:38:04.911Z&quot;,
                &quot;status&quot;: &quot;DELIVERED&quot;
            },
            {
                &quot;time&quot;: &quot;2022-02-16T09:53:50.860Z&quot;,
                &quot;status&quot;: &quot;PENDING&quot;
            },
            {
                &quot;time&quot;: &quot;2022-02-16T09:53:50.900Z&quot;,
                &quot;status&quot;: &quot;SEND&quot;
            },
            {
                &quot;time&quot;: &quot;2022-02-16T09:53:50.939Z&quot;,
                &quot;status&quot;: &quot;DELIVERED&quot;
            },
            {
                &quot;time&quot;: &quot;2022-02-16T09:53:51.831Z&quot;,
                &quot;status&quot;: &quot;PENDING&quot;
            },
            {
                &quot;time&quot;: &quot;2022-02-16T09:53:51.869Z&quot;,
                &quot;status&quot;: &quot;SEND&quot;
            },
            {
                &quot;time&quot;: &quot;2022-02-16T09:53:51.917Z&quot;,
                &quot;status&quot;: &quot;DELIVERED&quot;
            },
            {
                &quot;time&quot;: &quot;2022-02-16T09:56:32.333Z&quot;,
                &quot;status&quot;: &quot;PENDING&quot;
            },
            {
                &quot;time&quot;: &quot;2022-02-16T09:56:32.376Z&quot;,
                &quot;status&quot;: &quot;SEND&quot;
            },
            {
                &quot;time&quot;: &quot;2022-02-16T09:56:32.413Z&quot;,
                &quot;status&quot;: &quot;DELIVERED&quot;
            },
            {
                &quot;time&quot;: &quot;2022-02-16T09:56:33.226Z&quot;,
                &quot;status&quot;: &quot;PENDING&quot;
            },
            {
                &quot;time&quot;: &quot;2022-02-16T09:56:33.279Z&quot;,
                &quot;status&quot;: &quot;SEND&quot;
            },
            {
                &quot;time&quot;: &quot;2022-02-16T09:56:33.321Z&quot;,
                &quot;status&quot;: &quot;DELIVERED&quot;
            },
            {
                &quot;time&quot;: &quot;2022-02-16T09:59:11.843Z&quot;,
                &quot;status&quot;: &quot;PENDING&quot;
            },
            {
                &quot;time&quot;: &quot;2022-02-16T09:59:11.885Z&quot;,
                &quot;status&quot;: &quot;SEND&quot;
            },
            {
                &quot;time&quot;: &quot;2022-02-16T09:59:11.929Z&quot;,
                &quot;status&quot;: &quot;DELIVERED&quot;
            },
            {
                &quot;time&quot;: &quot;2022-02-16T09:59:12.799Z&quot;,
                &quot;status&quot;: &quot;PENDING&quot;
            },
            {
                &quot;time&quot;: &quot;2022-02-16T09:59:12.857Z&quot;,
                &quot;status&quot;: &quot;SEND&quot;
            },
            {
                &quot;time&quot;: &quot;2022-02-16T09:59:12.913Z&quot;,
                &quot;status&quot;: &quot;DELIVERED&quot;
            },
            {
                &quot;time&quot;: &quot;2022-02-16T10:01:50.751Z&quot;,
                &quot;status&quot;: &quot;PENDING&quot;
            },
            {
                &quot;time&quot;: &quot;2022-02-16T10:01:50.791Z&quot;,
                &quot;status&quot;: &quot;SEND&quot;
            },
            {
                &quot;time&quot;: &quot;2022-02-16T10:01:50.828Z&quot;,
                &quot;status&quot;: &quot;DELIVERED&quot;
            },
            {
                &quot;time&quot;: &quot;2022-02-16T10:01:51.673Z&quot;,
                &quot;status&quot;: &quot;PENDING&quot;
            },
            {
                &quot;time&quot;: &quot;2022-02-16T10:01:51.713Z&quot;,
                &quot;status&quot;: &quot;SEND&quot;
            },
            {
                &quot;time&quot;: &quot;2022-02-16T10:01:51.755Z&quot;,
                &quot;status&quot;: &quot;DELIVERED&quot;
            },
            {
                &quot;time&quot;: &quot;2022-02-16T10:04:30.106Z&quot;,
                &quot;status&quot;: &quot;PENDING&quot;
            },
            {
                &quot;time&quot;: &quot;2022-02-16T10:04:30.153Z&quot;,
                &quot;status&quot;: &quot;SEND&quot;
            },
            {
                &quot;time&quot;: &quot;2022-02-16T10:04:30.200Z&quot;,
                &quot;status&quot;: &quot;DELIVERED&quot;
            },
            {
                &quot;time&quot;: &quot;2022-02-16T10:04:31.076Z&quot;,
                &quot;status&quot;: &quot;PENDING&quot;
            },
            {
                &quot;time&quot;: &quot;2022-02-16T10:04:31.122Z&quot;,
                &quot;status&quot;: &quot;SEND&quot;
            },
            {
                &quot;time&quot;: &quot;2022-02-16T10:04:31.164Z&quot;,
                &quot;status&quot;: &quot;DELIVERED&quot;
            },
            {
                &quot;time&quot;: &quot;2022-02-16T10:07:10.462Z&quot;,
                &quot;status&quot;: &quot;PENDING&quot;
            },
            {
                &quot;time&quot;: &quot;2022-02-16T10:07:10.499Z&quot;,
                &quot;status&quot;: &quot;SEND&quot;
            },
            {
                &quot;time&quot;: &quot;2022-02-16T10:07:10.537Z&quot;,
                &quot;status&quot;: &quot;DELIVERED&quot;
            },
            {
                &quot;time&quot;: &quot;2022-02-16T10:07:11.343Z&quot;,
                &quot;status&quot;: &quot;PENDING&quot;
            },
            {
                &quot;time&quot;: &quot;2022-02-16T10:07:11.380Z&quot;,
                &quot;status&quot;: &quot;SEND&quot;
            },
            {
                &quot;time&quot;: &quot;2022-02-16T10:07:11.418Z&quot;,
                &quot;status&quot;: &quot;DELIVERED&quot;
            },
            {
                &quot;time&quot;: &quot;2022-02-16T10:09:49.720Z&quot;,
                &quot;status&quot;: &quot;PENDING&quot;
            },
            {
                &quot;time&quot;: &quot;2022-02-16T10:09:49.762Z&quot;,
                &quot;status&quot;: &quot;SEND&quot;
            },
            {
                &quot;time&quot;: &quot;2022-02-16T10:09:49.803Z&quot;,
                &quot;status&quot;: &quot;DELIVERED&quot;
            },
            {
                &quot;time&quot;: &quot;2022-02-16T10:09:50.610Z&quot;,
                &quot;status&quot;: &quot;PENDING&quot;
            },
            {
                &quot;time&quot;: &quot;2022-02-16T10:09:50.651Z&quot;,
                &quot;status&quot;: &quot;SEND&quot;
            },
            {
                &quot;time&quot;: &quot;2022-02-16T10:09:50.691Z&quot;,
                &quot;status&quot;: &quot;DELIVERED&quot;
            },
            {
                &quot;time&quot;: &quot;2022-02-16T10:12:29.403Z&quot;,
                &quot;status&quot;: &quot;PENDING&quot;
            },
            {
                &quot;time&quot;: &quot;2022-02-16T10:12:29.449Z&quot;,
                &quot;status&quot;: &quot;SEND&quot;
            },
            {
                &quot;time&quot;: &quot;2022-02-16T10:12:29.494Z&quot;,
                &quot;status&quot;: &quot;DELIVERED&quot;
            },
            {
                &quot;time&quot;: &quot;2022-02-16T10:12:30.338Z&quot;,
                &quot;status&quot;: &quot;PENDING&quot;
            },
            {
                &quot;time&quot;: &quot;2022-02-16T10:12:30.379Z&quot;,
                &quot;status&quot;: &quot;SEND&quot;
            },
            {
                &quot;time&quot;: &quot;2022-02-16T10:12:30.423Z&quot;,
                &quot;status&quot;: &quot;DELIVERED&quot;
            },
            {
                &quot;time&quot;: &quot;2022-02-16T10:15:08.464Z&quot;,
                &quot;status&quot;: &quot;PENDING&quot;
            },
            {
                &quot;time&quot;: &quot;2022-02-16T10:15:08.507Z&quot;,
                &quot;status&quot;: &quot;SEND&quot;
            },
            {
                &quot;time&quot;: &quot;2022-02-16T10:15:08.549Z&quot;,
                &quot;status&quot;: &quot;DELIVERED&quot;
            },
            {
                &quot;time&quot;: &quot;2022-02-16T10:15:09.384Z&quot;,
                &quot;status&quot;: &quot;PENDING&quot;
            },
            {
                &quot;time&quot;: &quot;2022-02-16T10:15:09.428Z&quot;,
                &quot;status&quot;: &quot;SEND&quot;
            }
        ],
        &quot;status&quot;: &quot;DELIVERED&quot;
    },
    &quot;creationTime&quot;: &quot;2022-02-16T09:22:46.140Z&quot;,
    &quot;deviceId&quot;: &quot;14273295&quot;,
    &quot;deviceName&quot;: &quot;offsitec&quot;,
    &quot;self&quot;: &quot;https://t493319102.eu-latest.cumulocity.com/devicecontrol/operations/14275540&quot;,
    &quot;id&quot;: &quot;14275540&quot;,
    &quot;status&quot;: &quot;PENDING&quot;,
    &quot;c8y_LogfileRequest&quot;: {
        &quot;searchText&quot;: &quot;&quot;,
        &quot;logFile&quot;: &quot;software-management&quot;,
        &quot;dateTo&quot;: &quot;2021-11-21T18:55:49+0530&quot;,
        &quot;dateFrom&quot;: &quot;2021-11-15T18:55:49+0530&quot;,
        &quot;maximumLines&quot;: 300
    },
    &quot;description&quot;: &quot;Log file request&quot;
}
10:16:36 DEBUG Final URL of the request: https://thin-edge-io.eu-latest.cumulocity.com/devicecontrol/operations?deviceId=14273295&amp;pageSize=1&amp;revert=true&amp;dateFrom=1970-01-01T00%3A00%3A00.000Z
10:16:36 INFO  State of current operation: PENDING
10:16:36 DEBUG Final URL of the request: https://thin-edge-io.eu-latest.cumulocity.com/devicecontrol/operations?deviceId=14273295&amp;pageSize=1&amp;revert=true&amp;dateFrom=1970-01-01T00%3A00%3A00.000Z
10:16:36 DEBUG State of current operation: {
    &quot;delivery&quot;: {
        &quot;time&quot;: &quot;2022-02-16T10:15:09.472Z&quot;,
        &quot;log&quot;: [
            {
                &quot;time&quot;: &quot;2022-02-16T09:22:46.166Z&quot;,
                &quot;status&quot;: &quot;PENDING&quot;
            },
            {
                &quot;time&quot;: &quot;2022-02-16T09:22:46.185Z&quot;,
                &quot;status&quot;: &quot;SEND&quot;
            },
            {
                &quot;time&quot;: &quot;2022-02-16T09:22:46.219Z&quot;,
                &quot;status&quot;: &quot;DELIVERED&quot;
            },
            {
                &quot;time&quot;: &quot;2022-02-16T09:23:55.047Z&quot;,
                &quot;status&quot;: &quot;PENDING&quot;
            },
            {
                &quot;time&quot;: &quot;2022-02-16T09:23:55.077Z&quot;,
                &quot;status&quot;: &quot;SEND&quot;
            },
            {
                &quot;time&quot;: &quot;2022-02-16T09:23:55.114Z&quot;,
                &quot;status&quot;: &quot;DELIVERED&quot;
            },
            {
                &quot;time&quot;: &quot;2022-02-16T09:23:55.901Z&quot;,
                &quot;status&quot;: &quot;PENDING&quot;
            },
            {
                &quot;time&quot;: &quot;2022-02-16T09:23:55.930Z&quot;,
                &quot;status&quot;: &quot;SEND&quot;
            },
            {
                &quot;time&quot;: &quot;2022-02-16T09:23:55.967Z&quot;,
                &quot;status&quot;: &quot;DELIVERED&quot;
            },
            {
                &quot;time&quot;: &quot;2022-02-16T09:24:55.073Z&quot;,
                &quot;status&quot;: &quot;PENDING&quot;
            },
            {
                &quot;time&quot;: &quot;2022-02-16T09:24:55.106Z&quot;,
                &quot;status&quot;: &quot;SEND&quot;
            },
            {
                &quot;time&quot;: &quot;2022-02-16T09:24:55.144Z&quot;,
                &quot;status&quot;: &quot;DELIVERED&quot;
            },
            {
                &quot;time&quot;: &quot;2022-02-16T09:24:55.971Z&quot;,
                &quot;status&quot;: &quot;PENDING&quot;
            },
            {
                &quot;time&quot;: &quot;2022-02-16T09:24:56.008Z&quot;,
                &quot;status&quot;: &quot;SEND&quot;
            },
            {
                &quot;time&quot;: &quot;2022-02-16T09:24:56.044Z&quot;,
                &quot;status&quot;: &quot;DELIVERED&quot;
            },
            {
                &quot;time&quot;: &quot;2022-02-16T09:26:09.362Z&quot;,
                &quot;status&quot;: &quot;PENDING&quot;
            },
            {
                &quot;time&quot;: &quot;2022-02-16T09:26:09.392Z&quot;,
                &quot;status&quot;: &quot;SEND&quot;
            },
            {
                &quot;time&quot;: &quot;2022-02-16T09:26:09.428Z&quot;,
                &quot;status&quot;: &quot;DELIVERED&quot;
            },
            {
                &quot;time&quot;: &quot;2022-02-16T09:26:10.287Z&quot;,
                &quot;status&quot;: &quot;PENDING&quot;
            },
            {
                &quot;time&quot;: &quot;2022-02-16T09:26:10.317Z&quot;,
                &quot;status&quot;: &quot;SEND&quot;
            },
            {
                &quot;time&quot;: &quot;2022-02-16T09:26:10.353Z&quot;,
                &quot;status&quot;: &quot;DELIVERED&quot;
            },
            {
                &quot;time&quot;: &quot;2022-02-16T09:27:24.861Z&quot;,
                &quot;status&quot;: &quot;PENDING&quot;
            },
            {
                &quot;time&quot;: &quot;2022-02-16T09:27:24.898Z&quot;,
                &quot;status&quot;: &quot;SEND&quot;
            },
            {
                &quot;time&quot;: &quot;2022-02-16T09:27:24.935Z&quot;,
                &quot;status&quot;: &quot;DELIVERED&quot;
            },
            {
                &quot;time&quot;: &quot;2022-02-16T09:27:25.773Z&quot;,
                &quot;status&quot;: &quot;PENDING&quot;
            },
            {
                &quot;time&quot;: &quot;2022-02-16T09:27:25.812Z&quot;,
                &quot;status&quot;: &quot;SEND&quot;
            },
            {
                &quot;time&quot;: &quot;2022-02-16T09:27:25.849Z&quot;,
                &quot;status&quot;: &quot;DELIVERED&quot;
            },
            {
                &quot;time&quot;: &quot;2022-02-16T09:28:06.037Z&quot;,
                &quot;status&quot;: &quot;PENDING&quot;
            },
            {
                &quot;time&quot;: &quot;2022-02-16T09:28:06.069Z&quot;,
                &quot;status&quot;: &quot;SEND&quot;
            },
            {
                &quot;time&quot;: &quot;2022-02-16T09:28:06.107Z&quot;,
                &quot;status&quot;: &quot;DELIVERED&quot;
            },
            {
                &quot;time&quot;: &quot;2022-02-16T09:28:06.968Z&quot;,
                &quot;status&quot;: &quot;PENDING&quot;
            },
            {
                &quot;time&quot;: &quot;2022-02-16T09:28:07.002Z&quot;,
                &quot;status&quot;: &quot;SEND&quot;
            },
            {
                &quot;time&quot;: &quot;2022-02-16T09:28:07.039Z&quot;,
                &quot;status&quot;: &quot;DELIVERED&quot;
            },
            {
                &quot;time&quot;: &quot;2022-02-16T09:28:58.713Z&quot;,
                &quot;status&quot;: &quot;PENDING&quot;
            },
            {
                &quot;time&quot;: &quot;2022-02-16T09:28:58.744Z&quot;,
                &quot;status&quot;: &quot;SEND&quot;
            },
            {
                &quot;time&quot;: &quot;2022-02-16T09:28:58.782Z&quot;,
                &quot;status&quot;: &quot;DELIVERED&quot;
            },
            {
                &quot;time&quot;: &quot;2022-02-16T09:28:59.589Z&quot;,
                &quot;status&quot;: &quot;PENDING&quot;
            },
            {
                &quot;time&quot;: &quot;2022-02-16T09:28:59.620Z&quot;,
                &quot;status&quot;: &quot;SEND&quot;
            },
            {
                &quot;time&quot;: &quot;2022-02-16T09:28:59.658Z&quot;,
                &quot;status&quot;: &quot;DELIVERED&quot;
            },
            {
                &quot;time&quot;: &quot;2022-02-16T09:29:51.098Z&quot;,
                &quot;status&quot;: &quot;PENDING&quot;
            },
            {
                &quot;time&quot;: &quot;2022-02-16T09:29:51.134Z&quot;,
                &quot;status&quot;: &quot;SEND&quot;
            },
            {
                &quot;time&quot;: &quot;2022-02-16T09:29:51.171Z&quot;,
                &quot;status&quot;: &quot;DELIVERED&quot;
            },
            {
                &quot;time&quot;: &quot;2022-02-16T09:29:52.013Z&quot;,
                &quot;status&quot;: &quot;PENDING&quot;
            },
            {
                &quot;time&quot;: &quot;2022-02-16T09:29:52.047Z&quot;,
                &quot;status&quot;: &quot;SEND&quot;
            },
            {
                &quot;time&quot;: &quot;2022-02-16T09:29:52.089Z&quot;,
                &quot;status&quot;: &quot;DELIVERED&quot;
            },
            {
                &quot;time&quot;: &quot;2022-02-16T09:30:33.494Z&quot;,
                &quot;status&quot;: &quot;PENDING&quot;
            },
            {
                &quot;time&quot;: &quot;2022-02-16T09:30:33.534Z&quot;,
                &quot;status&quot;: &quot;SEND&quot;
            },
            {
                &quot;time&quot;: &quot;2022-02-16T09:30:33.571Z&quot;,
                &quot;status&quot;: &quot;DELIVERED&quot;
            },
            {
                &quot;time&quot;: &quot;2022-02-16T09:30:34.412Z&quot;,
                &quot;status&quot;: &quot;PENDING&quot;
            },
            {
                &quot;time&quot;: &quot;2022-02-16T09:30:34.453Z&quot;,
                &quot;status&quot;: &quot;SEND&quot;
            },
            {
                &quot;time&quot;: &quot;2022-02-16T09:30:34.488Z&quot;,
                &quot;status&quot;: &quot;DELIVERED&quot;
            },
            {
                &quot;time&quot;: &quot;2022-02-16T09:32:49.337Z&quot;,
                &quot;status&quot;: &quot;PENDING&quot;
            },
            {
                &quot;time&quot;: &quot;2022-02-16T09:32:49.371Z&quot;,
                &quot;status&quot;: &quot;SEND&quot;
            },
            {
                &quot;time&quot;: &quot;2022-02-16T09:32:49.408Z&quot;,
                &quot;status&quot;: &quot;DELIVERED&quot;
            },
            {
                &quot;time&quot;: &quot;2022-02-16T09:32:50.347Z&quot;,
                &quot;status&quot;: &quot;PENDING&quot;
            },
            {
                &quot;time&quot;: &quot;2022-02-16T09:32:50.382Z&quot;,
                &quot;status&quot;: &quot;SEND&quot;
            },
            {
                &quot;time&quot;: &quot;2022-02-16T09:32:50.423Z&quot;,
                &quot;status&quot;: &quot;DELIVERED&quot;
            },
            {
                &quot;time&quot;: &quot;2022-02-16T09:35:18.696Z&quot;,
                &quot;status&quot;: &quot;PENDING&quot;
            },
            {
                &quot;time&quot;: &quot;2022-02-16T09:35:18.734Z&quot;,
                &quot;status&quot;: &quot;SEND&quot;
            },
            {
                &quot;time&quot;: &quot;2022-02-16T09:35:18.769Z&quot;,
                &quot;status&quot;: &quot;DELIVERED&quot;
            },
            {
                &quot;time&quot;: &quot;2022-02-16T09:35:41.813Z&quot;,
                &quot;status&quot;: &quot;PENDING&quot;
            },
            {
                &quot;time&quot;: &quot;2022-02-16T09:35:41.852Z&quot;,
                &quot;status&quot;: &quot;SEND&quot;
            },
            {
                &quot;time&quot;: &quot;2022-02-16T09:35:41.891Z&quot;,
                &quot;status&quot;: &quot;DELIVERED&quot;
            },
            {
                &quot;time&quot;: &quot;2022-02-16T09:35:42.766Z&quot;,
                &quot;status&quot;: &quot;PENDING&quot;
            },
            {
                &quot;time&quot;: &quot;2022-02-16T09:35:42.811Z&quot;,
                &quot;status&quot;: &quot;SEND&quot;
            },
            {
                &quot;time&quot;: &quot;2022-02-16T09:35:42.849Z&quot;,
                &quot;status&quot;: &quot;DELIVERED&quot;
            },
            {
                &quot;time&quot;: &quot;2022-02-16T09:36:06.394Z&quot;,
                &quot;status&quot;: &quot;PENDING&quot;
            },
            {
                &quot;time&quot;: &quot;2022-02-16T09:36:06.432Z&quot;,
                &quot;status&quot;: &quot;SEND&quot;
            },
            {
                &quot;time&quot;: &quot;2022-02-16T09:36:06.488Z&quot;,
                &quot;status&quot;: &quot;DELIVERED&quot;
            },
            {
                &quot;time&quot;: &quot;2022-02-16T09:36:07.318Z&quot;,
                &quot;status&quot;: &quot;PENDING&quot;
            },
            {
                &quot;time&quot;: &quot;2022-02-16T09:36:07.358Z&quot;,
                &quot;status&quot;: &quot;SEND&quot;
            },
            {
                &quot;time&quot;: &quot;2022-02-16T09:36:07.393Z&quot;,
                &quot;status&quot;: &quot;DELIVERED&quot;
            },
            {
                &quot;time&quot;: &quot;2022-02-16T09:36:30.178Z&quot;,
                &quot;status&quot;: &quot;PENDING&quot;
            },
            {
                &quot;time&quot;: &quot;2022-02-16T09:36:30.210Z&quot;,
                &quot;status&quot;: &quot;SEND&quot;
            },
            {
                &quot;time&quot;: &quot;2022-02-16T09:36:30.248Z&quot;,
                &quot;status&quot;: &quot;DELIVERED&quot;
            },
            {
                &quot;time&quot;: &quot;2022-02-16T09:36:31.123Z&quot;,
                &quot;status&quot;: &quot;PENDING&quot;
            },
            {
                &quot;time&quot;: &quot;2022-02-16T09:36:31.156Z&quot;,
                &quot;status&quot;: &quot;SEND&quot;
            },
            {
                &quot;time&quot;: &quot;2022-02-16T09:36:31.207Z&quot;,
                &quot;status&quot;: &quot;DELIVERED&quot;
            },
            {
                &quot;time&quot;: &quot;2022-02-16T09:37:08.443Z&quot;,
                &quot;status&quot;: &quot;PENDING&quot;
            },
            {
                &quot;time&quot;: &quot;2022-02-16T09:37:08.481Z&quot;,
                &quot;status&quot;: &quot;SEND&quot;
            },
            {
                &quot;time&quot;: &quot;2022-02-16T09:37:08.522Z&quot;,
                &quot;status&quot;: &quot;DELIVERED&quot;
            },
            {
                &quot;time&quot;: &quot;2022-02-16T09:37:09.439Z&quot;,
                &quot;status&quot;: &quot;PENDING&quot;
            },
            {
                &quot;time&quot;: &quot;2022-02-16T09:37:09.478Z&quot;,
                &quot;status&quot;: &quot;SEND&quot;
            },
            {
                &quot;time&quot;: &quot;2022-02-16T09:37:09.516Z&quot;,
                &quot;status&quot;: &quot;DELIVERED&quot;
            },
            {
                &quot;time&quot;: &quot;2022-02-16T09:37:13.026Z&quot;,
                &quot;status&quot;: &quot;PENDING&quot;
            },
            {
                &quot;time&quot;: &quot;2022-02-16T09:37:13.068Z&quot;,
                &quot;status&quot;: &quot;SEND&quot;
            },
            {
                &quot;time&quot;: &quot;2022-02-16T09:37:13.106Z&quot;,
                &quot;status&quot;: &quot;DELIVERED&quot;
            },
            {
                &quot;time&quot;: &quot;2022-02-16T09:37:37.817Z&quot;,
                &quot;status&quot;: &quot;PENDING&quot;
            },
            {
                &quot;time&quot;: &quot;2022-02-16T09:37:37.857Z&quot;,
                &quot;status&quot;: &quot;SEND&quot;
            },
            {
                &quot;time&quot;: &quot;2022-02-16T09:37:37.893Z&quot;,
                &quot;status&quot;: &quot;DELIVERED&quot;
            },
            {
                &quot;time&quot;: &quot;2022-02-16T09:37:38.638Z&quot;,
                &quot;status&quot;: &quot;PENDING&quot;
            },
            {
                &quot;time&quot;: &quot;2022-02-16T09:37:38.675Z&quot;,
                &quot;status&quot;: &quot;SEND&quot;
            },
            {
                &quot;time&quot;: &quot;2022-02-16T09:37:38.712Z&quot;,
                &quot;status&quot;: &quot;DELIVERED&quot;
            },
            {
                &quot;time&quot;: &quot;2022-02-16T09:38:03.926Z&quot;,
                &quot;status&quot;: &quot;PENDING&quot;
            },
            {
                &quot;time&quot;: &quot;2022-02-16T09:38:03.965Z&quot;,
                &quot;status&quot;: &quot;SEND&quot;
            },
            {
                &quot;time&quot;: &quot;2022-02-16T09:38:04.001Z&quot;,
                &quot;status&quot;: &quot;DELIVERED&quot;
            },
            {
                &quot;time&quot;: &quot;2022-02-16T09:38:04.819Z&quot;,
                &quot;status&quot;: &quot;PENDING&quot;
            },
            {
                &quot;time&quot;: &quot;2022-02-16T09:38:04.864Z&quot;,
                &quot;status&quot;: &quot;SEND&quot;
            },
            {
                &quot;time&quot;: &quot;2022-02-16T09:38:04.911Z&quot;,
                &quot;status&quot;: &quot;DELIVERED&quot;
            },
            {
                &quot;time&quot;: &quot;2022-02-16T09:53:50.860Z&quot;,
                &quot;status&quot;: &quot;PENDING&quot;
            },
            {
                &quot;time&quot;: &quot;2022-02-16T09:53:50.900Z&quot;,
                &quot;status&quot;: &quot;SEND&quot;
            },
            {
                &quot;time&quot;: &quot;2022-02-16T09:53:50.939Z&quot;,
                &quot;status&quot;: &quot;DELIVERED&quot;
            },
            {
                &quot;time&quot;: &quot;2022-02-16T09:53:51.831Z&quot;,
                &quot;status&quot;: &quot;PENDING&quot;
            },
            {
                &quot;time&quot;: &quot;2022-02-16T09:53:51.869Z&quot;,
                &quot;status&quot;: &quot;SEND&quot;
            },
            {
                &quot;time&quot;: &quot;2022-02-16T09:53:51.917Z&quot;,
                &quot;status&quot;: &quot;DELIVERED&quot;
            },
            {
                &quot;time&quot;: &quot;2022-02-16T09:56:32.333Z&quot;,
                &quot;status&quot;: &quot;PENDING&quot;
            },
            {
                &quot;time&quot;: &quot;2022-02-16T09:56:32.376Z&quot;,
                &quot;status&quot;: &quot;SEND&quot;
            },
            {
                &quot;time&quot;: &quot;2022-02-16T09:56:32.413Z&quot;,
                &quot;status&quot;: &quot;DELIVERED&quot;
            },
            {
                &quot;time&quot;: &quot;2022-02-16T09:56:33.226Z&quot;,
                &quot;status&quot;: &quot;PENDING&quot;
            },
            {
                &quot;time&quot;: &quot;2022-02-16T09:56:33.279Z&quot;,
                &quot;status&quot;: &quot;SEND&quot;
            },
            {
                &quot;time&quot;: &quot;2022-02-16T09:56:33.321Z&quot;,
                &quot;status&quot;: &quot;DELIVERED&quot;
            },
            {
                &quot;time&quot;: &quot;2022-02-16T09:59:11.843Z&quot;,
                &quot;status&quot;: &quot;PENDING&quot;
            },
            {
                &quot;time&quot;: &quot;2022-02-16T09:59:11.885Z&quot;,
                &quot;status&quot;: &quot;SEND&quot;
            },
            {
                &quot;time&quot;: &quot;2022-02-16T09:59:11.929Z&quot;,
                &quot;status&quot;: &quot;DELIVERED&quot;
            },
            {
                &quot;time&quot;: &quot;2022-02-16T09:59:12.799Z&quot;,
                &quot;status&quot;: &quot;PENDING&quot;
            },
            {
                &quot;time&quot;: &quot;2022-02-16T09:59:12.857Z&quot;,
                &quot;status&quot;: &quot;SEND&quot;
            },
            {
                &quot;time&quot;: &quot;2022-02-16T09:59:12.913Z&quot;,
                &quot;status&quot;: &quot;DELIVERED&quot;
            },
            {
                &quot;time&quot;: &quot;2022-02-16T10:01:50.751Z&quot;,
                &quot;status&quot;: &quot;PENDING&quot;
            },
            {
                &quot;time&quot;: &quot;2022-02-16T10:01:50.791Z&quot;,
                &quot;status&quot;: &quot;SEND&quot;
            },
            {
                &quot;time&quot;: &quot;2022-02-16T10:01:50.828Z&quot;,
                &quot;status&quot;: &quot;DELIVERED&quot;
            },
            {
                &quot;time&quot;: &quot;2022-02-16T10:01:51.673Z&quot;,
                &quot;status&quot;: &quot;PENDING&quot;
            },
            {
                &quot;time&quot;: &quot;2022-02-16T10:01:51.713Z&quot;,
                &quot;status&quot;: &quot;SEND&quot;
            },
            {
                &quot;time&quot;: &quot;2022-02-16T10:01:51.755Z&quot;,
                &quot;status&quot;: &quot;DELIVERED&quot;
            },
            {
                &quot;time&quot;: &quot;2022-02-16T10:04:30.106Z&quot;,
                &quot;status&quot;: &quot;PENDING&quot;
            },
            {
                &quot;time&quot;: &quot;2022-02-16T10:04:30.153Z&quot;,
                &quot;status&quot;: &quot;SEND&quot;
            },
            {
                &quot;time&quot;: &quot;2022-02-16T10:04:30.200Z&quot;,
                &quot;status&quot;: &quot;DELIVERED&quot;
            },
            {
                &quot;time&quot;: &quot;2022-02-16T10:04:31.076Z&quot;,
                &quot;status&quot;: &quot;PENDING&quot;
            },
            {
                &quot;time&quot;: &quot;2022-02-16T10:04:31.122Z&quot;,
                &quot;status&quot;: &quot;SEND&quot;
            },
            {
                &quot;time&quot;: &quot;2022-02-16T10:04:31.164Z&quot;,
                &quot;status&quot;: &quot;DELIVERED&quot;
            },
            {
                &quot;time&quot;: &quot;2022-02-16T10:07:10.462Z&quot;,
                &quot;status&quot;: &quot;PENDING&quot;
            },
            {
                &quot;time&quot;: &quot;2022-02-16T10:07:10.499Z&quot;,
                &quot;status&quot;: &quot;SEND&quot;
            },
            {
                &quot;time&quot;: &quot;2022-02-16T10:07:10.537Z&quot;,
                &quot;status&quot;: &quot;DELIVERED&quot;
            },
            {
                &quot;time&quot;: &quot;2022-02-16T10:07:11.343Z&quot;,
                &quot;status&quot;: &quot;PENDING&quot;
            },
            {
                &quot;time&quot;: &quot;2022-02-16T10:07:11.380Z&quot;,
                &quot;status&quot;: &quot;SEND&quot;
            },
            {
                &quot;time&quot;: &quot;2022-02-16T10:07:11.418Z&quot;,
                &quot;status&quot;: &quot;DELIVERED&quot;
            },
            {
                &quot;time&quot;: &quot;2022-02-16T10:09:49.720Z&quot;,
                &quot;status&quot;: &quot;PENDING&quot;
            },
            {
                &quot;time&quot;: &quot;2022-02-16T10:09:49.762Z&quot;,
                &quot;status&quot;: &quot;SEND&quot;
            },
            {
                &quot;time&quot;: &quot;2022-02-16T10:09:49.803Z&quot;,
                &quot;status&quot;: &quot;DELIVERED&quot;
            },
            {
                &quot;time&quot;: &quot;2022-02-16T10:09:50.610Z&quot;,
                &quot;status&quot;: &quot;PENDING&quot;
            },
            {
                &quot;time&quot;: &quot;2022-02-16T10:09:50.651Z&quot;,
                &quot;status&quot;: &quot;SEND&quot;
            },
            {
                &quot;time&quot;: &quot;2022-02-16T10:09:50.691Z&quot;,
                &quot;status&quot;: &quot;DELIVERED&quot;
            },
            {
                &quot;time&quot;: &quot;2022-02-16T10:12:29.403Z&quot;,
                &quot;status&quot;: &quot;PENDING&quot;
            },
            {
                &quot;time&quot;: &quot;2022-02-16T10:12:29.449Z&quot;,
                &quot;status&quot;: &quot;SEND&quot;
            },
            {
                &quot;time&quot;: &quot;2022-02-16T10:12:29.494Z&quot;,
                &quot;status&quot;: &quot;DELIVERED&quot;
            },
            {
                &quot;time&quot;: &quot;2022-02-16T10:12:30.338Z&quot;,
                &quot;status&quot;: &quot;PENDING&quot;
            },
            {
                &quot;time&quot;: &quot;2022-02-16T10:12:30.379Z&quot;,
                &quot;status&quot;: &quot;SEND&quot;
            },
            {
                &quot;time&quot;: &quot;2022-02-16T10:12:30.423Z&quot;,
                &quot;status&quot;: &quot;DELIVERED&quot;
            },
            {
                &quot;time&quot;: &quot;2022-02-16T10:15:08.464Z&quot;,
                &quot;status&quot;: &quot;PENDING&quot;
            },
            {
                &quot;time&quot;: &quot;2022-02-16T10:15:08.507Z&quot;,
                &quot;status&quot;: &quot;SEND&quot;
            },
            {
                &quot;time&quot;: &quot;2022-02-16T10:15:08.549Z&quot;,
                &quot;status&quot;: &quot;DELIVERED&quot;
            },
            {
                &quot;time&quot;: &quot;2022-02-16T10:15:09.384Z&quot;,
                &quot;status&quot;: &quot;PENDING&quot;
            },
            {
                &quot;time&quot;: &quot;2022-02-16T10:15:09.428Z&quot;,
                &quot;status&quot;: &quot;SEND&quot;
            }
        ],
        &quot;status&quot;: &quot;DELIVERED&quot;
    },
    &quot;creationTime&quot;: &quot;2022-02-16T09:22:46.140Z&quot;,
    &quot;deviceId&quot;: &quot;14273295&quot;,
    &quot;deviceName&quot;: &quot;offsitec&quot;,
    &quot;self&quot;: &quot;https://t493319102.eu-latest.cumulocity.com/devicecontrol/operations/14275540&quot;,
    &quot;id&quot;: &quot;14275540&quot;,
    &quot;status&quot;: &quot;PENDING&quot;,
    &quot;c8y_LogfileRequest&quot;: {
        &quot;searchText&quot;: &quot;&quot;,
        &quot;logFile&quot;: &quot;software-management&quot;,
        &quot;dateTo&quot;: &quot;2021-11-21T18:55:49+0530&quot;,
        &quot;dateFrom&quot;: &quot;2021-11-15T18:55:49+0530&quot;,
        &quot;maximumLines&quot;: 300
    },
    &quot;description&quot;: &quot;Log file request&quot;
}
10:16:38 DEBUG Final URL of the request: https://thin-edge-io.eu-latest.cumulocity.com/devicecontrol/operations?deviceId=14273295&amp;pageSize=1&amp;revert=true&amp;dateFrom=1970-01-01T00%3A00%3A00.000Z
10:16:38 INFO  State of current operation: PENDING
10:16:38 DEBUG Final URL of the request: https://thin-edge-io.eu-latest.cumulocity.com/devicecontrol/operations?deviceId=14273295&amp;pageSize=1&amp;revert=true&amp;dateFrom=1970-01-01T00%3A00%3A00.000Z
10:16:38 DEBUG State of current operation: {
    &quot;delivery&quot;: {
        &quot;time&quot;: &quot;2022-02-16T10:15:09.472Z&quot;,
        &quot;log&quot;: [
            {
                &quot;time&quot;: &quot;2022-02-16T09:22:46.166Z&quot;,
                &quot;status&quot;: &quot;PENDING&quot;
            },
            {
                &quot;time&quot;: &quot;2022-02-16T09:22:46.185Z&quot;,
                &quot;status&quot;: &quot;SEND&quot;
            },
            {
                &quot;time&quot;: &quot;2022-02-16T09:22:46.219Z&quot;,
                &quot;status&quot;: &quot;DELIVERED&quot;
            },
            {
                &quot;time&quot;: &quot;2022-02-16T09:23:55.047Z&quot;,
                &quot;status&quot;: &quot;PENDING&quot;
            },
            {
                &quot;time&quot;: &quot;2022-02-16T09:23:55.077Z&quot;,
                &quot;status&quot;: &quot;SEND&quot;
            },
            {
                &quot;time&quot;: &quot;2022-02-16T09:23:55.114Z&quot;,
                &quot;status&quot;: &quot;DELIVERED&quot;
            },
            {
                &quot;time&quot;: &quot;2022-02-16T09:23:55.901Z&quot;,
                &quot;status&quot;: &quot;PENDING&quot;
            },
            {
                &quot;time&quot;: &quot;2022-02-16T09:23:55.930Z&quot;,
                &quot;status&quot;: &quot;SEND&quot;
            },
            {
                &quot;time&quot;: &quot;2022-02-16T09:23:55.967Z&quot;,
                &quot;status&quot;: &quot;DELIVERED&quot;
            },
            {
                &quot;time&quot;: &quot;2022-02-16T09:24:55.073Z&quot;,
                &quot;status&quot;: &quot;PENDING&quot;
            },
            {
                &quot;time&quot;: &quot;2022-02-16T09:24:55.106Z&quot;,
                &quot;status&quot;: &quot;SEND&quot;
            },
            {
                &quot;time&quot;: &quot;2022-02-16T09:24:55.144Z&quot;,
                &quot;status&quot;: &quot;DELIVERED&quot;
            },
            {
                &quot;time&quot;: &quot;2022-02-16T09:24:55.971Z&quot;,
                &quot;status&quot;: &quot;PENDING&quot;
            },
            {
                &quot;time&quot;: &quot;2022-02-16T09:24:56.008Z&quot;,
                &quot;status&quot;: &quot;SEND&quot;
            },
            {
                &quot;time&quot;: &quot;2022-02-16T09:24:56.044Z&quot;,
                &quot;status&quot;: &quot;DELIVERED&quot;
            },
            {
                &quot;time&quot;: &quot;2022-02-16T09:26:09.362Z&quot;,
                &quot;status&quot;: &quot;PENDING&quot;
            },
            {
                &quot;time&quot;: &quot;2022-02-16T09:26:09.392Z&quot;,
                &quot;status&quot;: &quot;SEND&quot;
            },
            {
                &quot;time&quot;: &quot;2022-02-16T09:26:09.428Z&quot;,
                &quot;status&quot;: &quot;DELIVERED&quot;
            },
            {
                &quot;time&quot;: &quot;2022-02-16T09:26:10.287Z&quot;,
                &quot;status&quot;: &quot;PENDING&quot;
            },
            {
                &quot;time&quot;: &quot;2022-02-16T09:26:10.317Z&quot;,
                &quot;status&quot;: &quot;SEND&quot;
            },
            {
                &quot;time&quot;: &quot;2022-02-16T09:26:10.353Z&quot;,
                &quot;status&quot;: &quot;DELIVERED&quot;
            },
            {
                &quot;time&quot;: &quot;2022-02-16T09:27:24.861Z&quot;,
                &quot;status&quot;: &quot;PENDING&quot;
            },
            {
                &quot;time&quot;: &quot;2022-02-16T09:27:24.898Z&quot;,
                &quot;status&quot;: &quot;SEND&quot;
            },
            {
                &quot;time&quot;: &quot;2022-02-16T09:27:24.935Z&quot;,
                &quot;status&quot;: &quot;DELIVERED&quot;
            },
            {
                &quot;time&quot;: &quot;2022-02-16T09:27:25.773Z&quot;,
                &quot;status&quot;: &quot;PENDING&quot;
            },
            {
                &quot;time&quot;: &quot;2022-02-16T09:27:25.812Z&quot;,
                &quot;status&quot;: &quot;SEND&quot;
            },
            {
                &quot;time&quot;: &quot;2022-02-16T09:27:25.849Z&quot;,
                &quot;status&quot;: &quot;DELIVERED&quot;
            },
            {
                &quot;time&quot;: &quot;2022-02-16T09:28:06.037Z&quot;,
                &quot;status&quot;: &quot;PENDING&quot;
            },
            {
                &quot;time&quot;: &quot;2022-02-16T09:28:06.069Z&quot;,
                &quot;status&quot;: &quot;SEND&quot;
            },
            {
                &quot;time&quot;: &quot;2022-02-16T09:28:06.107Z&quot;,
                &quot;status&quot;: &quot;DELIVERED&quot;
            },
            {
                &quot;time&quot;: &quot;2022-02-16T09:28:06.968Z&quot;,
                &quot;status&quot;: &quot;PENDING&quot;
            },
            {
                &quot;time&quot;: &quot;2022-02-16T09:28:07.002Z&quot;,
                &quot;status&quot;: &quot;SEND&quot;
            },
            {
                &quot;time&quot;: &quot;2022-02-16T09:28:07.039Z&quot;,
                &quot;status&quot;: &quot;DELIVERED&quot;
            },
            {
                &quot;time&quot;: &quot;2022-02-16T09:28:58.713Z&quot;,
                &quot;status&quot;: &quot;PENDING&quot;
            },
            {
                &quot;time&quot;: &quot;2022-02-16T09:28:58.744Z&quot;,
                &quot;status&quot;: &quot;SEND&quot;
            },
            {
                &quot;time&quot;: &quot;2022-02-16T09:28:58.782Z&quot;,
                &quot;status&quot;: &quot;DELIVERED&quot;
            },
            {
                &quot;time&quot;: &quot;2022-02-16T09:28:59.589Z&quot;,
                &quot;status&quot;: &quot;PENDING&quot;
            },
            {
                &quot;time&quot;: &quot;2022-02-16T09:28:59.620Z&quot;,
                &quot;status&quot;: &quot;SEND&quot;
            },
            {
                &quot;time&quot;: &quot;2022-02-16T09:28:59.658Z&quot;,
                &quot;status&quot;: &quot;DELIVERED&quot;
            },
            {
                &quot;time&quot;: &quot;2022-02-16T09:29:51.098Z&quot;,
                &quot;status&quot;: &quot;PENDING&quot;
            },
            {
                &quot;time&quot;: &quot;2022-02-16T09:29:51.134Z&quot;,
                &quot;status&quot;: &quot;SEND&quot;
            },
            {
                &quot;time&quot;: &quot;2022-02-16T09:29:51.171Z&quot;,
                &quot;status&quot;: &quot;DELIVERED&quot;
            },
            {
                &quot;time&quot;: &quot;2022-02-16T09:29:52.013Z&quot;,
                &quot;status&quot;: &quot;PENDING&quot;
            },
            {
                &quot;time&quot;: &quot;2022-02-16T09:29:52.047Z&quot;,
                &quot;status&quot;: &quot;SEND&quot;
            },
            {
                &quot;time&quot;: &quot;2022-02-16T09:29:52.089Z&quot;,
                &quot;status&quot;: &quot;DELIVERED&quot;
            },
            {
                &quot;time&quot;: &quot;2022-02-16T09:30:33.494Z&quot;,
                &quot;status&quot;: &quot;PENDING&quot;
            },
            {
                &quot;time&quot;: &quot;2022-02-16T09:30:33.534Z&quot;,
                &quot;status&quot;: &quot;SEND&quot;
            },
            {
                &quot;time&quot;: &quot;2022-02-16T09:30:33.571Z&quot;,
                &quot;status&quot;: &quot;DELIVERED&quot;
            },
            {
                &quot;time&quot;: &quot;2022-02-16T09:30:34.412Z&quot;,
                &quot;status&quot;: &quot;PENDING&quot;
            },
            {
                &quot;time&quot;: &quot;2022-02-16T09:30:34.453Z&quot;,
                &quot;status&quot;: &quot;SEND&quot;
            },
            {
                &quot;time&quot;: &quot;2022-02-16T09:30:34.488Z&quot;,
                &quot;status&quot;: &quot;DELIVERED&quot;
            },
            {
                &quot;time&quot;: &quot;2022-02-16T09:32:49.337Z&quot;,
                &quot;status&quot;: &quot;PENDING&quot;
            },
            {
                &quot;time&quot;: &quot;2022-02-16T09:32:49.371Z&quot;,
                &quot;status&quot;: &quot;SEND&quot;
            },
            {
                &quot;time&quot;: &quot;2022-02-16T09:32:49.408Z&quot;,
                &quot;status&quot;: &quot;DELIVERED&quot;
            },
            {
                &quot;time&quot;: &quot;2022-02-16T09:32:50.347Z&quot;,
                &quot;status&quot;: &quot;PENDING&quot;
            },
            {
                &quot;time&quot;: &quot;2022-02-16T09:32:50.382Z&quot;,
                &quot;status&quot;: &quot;SEND&quot;
            },
            {
                &quot;time&quot;: &quot;2022-02-16T09:32:50.423Z&quot;,
                &quot;status&quot;: &quot;DELIVERED&quot;
            },
            {
                &quot;time&quot;: &quot;2022-02-16T09:35:18.696Z&quot;,
                &quot;status&quot;: &quot;PENDING&quot;
            },
            {
                &quot;time&quot;: &quot;2022-02-16T09:35:18.734Z&quot;,
                &quot;status&quot;: &quot;SEND&quot;
            },
            {
                &quot;time&quot;: &quot;2022-02-16T09:35:18.769Z&quot;,
                &quot;status&quot;: &quot;DELIVERED&quot;
            },
            {
                &quot;time&quot;: &quot;2022-02-16T09:35:41.813Z&quot;,
                &quot;status&quot;: &quot;PENDING&quot;
            },
            {
                &quot;time&quot;: &quot;2022-02-16T09:35:41.852Z&quot;,
                &quot;status&quot;: &quot;SEND&quot;
            },
            {
                &quot;time&quot;: &quot;2022-02-16T09:35:41.891Z&quot;,
                &quot;status&quot;: &quot;DELIVERED&quot;
            },
            {
                &quot;time&quot;: &quot;2022-02-16T09:35:42.766Z&quot;,
                &quot;status&quot;: &quot;PENDING&quot;
            },
            {
                &quot;time&quot;: &quot;2022-02-16T09:35:42.811Z&quot;,
                &quot;status&quot;: &quot;SEND&quot;
            },
            {
                &quot;time&quot;: &quot;2022-02-16T09:35:42.849Z&quot;,
                &quot;status&quot;: &quot;DELIVERED&quot;
            },
            {
                &quot;time&quot;: &quot;2022-02-16T09:36:06.394Z&quot;,
                &quot;status&quot;: &quot;PENDING&quot;
            },
            {
                &quot;time&quot;: &quot;2022-02-16T09:36:06.432Z&quot;,
                &quot;status&quot;: &quot;SEND&quot;
            },
            {
                &quot;time&quot;: &quot;2022-02-16T09:36:06.488Z&quot;,
                &quot;status&quot;: &quot;DELIVERED&quot;
            },
            {
                &quot;time&quot;: &quot;2022-02-16T09:36:07.318Z&quot;,
                &quot;status&quot;: &quot;PENDING&quot;
            },
            {
                &quot;time&quot;: &quot;2022-02-16T09:36:07.358Z&quot;,
                &quot;status&quot;: &quot;SEND&quot;
            },
            {
                &quot;time&quot;: &quot;2022-02-16T09:36:07.393Z&quot;,
                &quot;status&quot;: &quot;DELIVERED&quot;
            },
            {
                &quot;time&quot;: &quot;2022-02-16T09:36:30.178Z&quot;,
                &quot;status&quot;: &quot;PENDING&quot;
            },
            {
                &quot;time&quot;: &quot;2022-02-16T09:36:30.210Z&quot;,
                &quot;status&quot;: &quot;SEND&quot;
            },
            {
                &quot;time&quot;: &quot;2022-02-16T09:36:30.248Z&quot;,
                &quot;status&quot;: &quot;DELIVERED&quot;
            },
            {
                &quot;time&quot;: &quot;2022-02-16T09:36:31.123Z&quot;,
                &quot;status&quot;: &quot;PENDING&quot;
            },
            {
                &quot;time&quot;: &quot;2022-02-16T09:36:31.156Z&quot;,
                &quot;status&quot;: &quot;SEND&quot;
            },
            {
                &quot;time&quot;: &quot;2022-02-16T09:36:31.207Z&quot;,
                &quot;status&quot;: &quot;DELIVERED&quot;
            },
            {
                &quot;time&quot;: &quot;2022-02-16T09:37:08.443Z&quot;,
                &quot;status&quot;: &quot;PENDING&quot;
            },
            {
                &quot;time&quot;: &quot;2022-02-16T09:37:08.481Z&quot;,
                &quot;status&quot;: &quot;SEND&quot;
            },
            {
                &quot;time&quot;: &quot;2022-02-16T09:37:08.522Z&quot;,
                &quot;status&quot;: &quot;DELIVERED&quot;
            },
            {
                &quot;time&quot;: &quot;2022-02-16T09:37:09.439Z&quot;,
                &quot;status&quot;: &quot;PENDING&quot;
            },
            {
                &quot;time&quot;: &quot;2022-02-16T09:37:09.478Z&quot;,
                &quot;status&quot;: &quot;SEND&quot;
            },
            {
                &quot;time&quot;: &quot;2022-02-16T09:37:09.516Z&quot;,
                &quot;status&quot;: &quot;DELIVERED&quot;
            },
            {
                &quot;time&quot;: &quot;2022-02-16T09:37:13.026Z&quot;,
                &quot;status&quot;: &quot;PENDING&quot;
            },
            {
                &quot;time&quot;: &quot;2022-02-16T09:37:13.068Z&quot;,
                &quot;status&quot;: &quot;SEND&quot;
            },
            {
                &quot;time&quot;: &quot;2022-02-16T09:37:13.106Z&quot;,
                &quot;status&quot;: &quot;DELIVERED&quot;
            },
            {
                &quot;time&quot;: &quot;2022-02-16T09:37:37.817Z&quot;,
                &quot;status&quot;: &quot;PENDING&quot;
            },
            {
                &quot;time&quot;: &quot;2022-02-16T09:37:37.857Z&quot;,
                &quot;status&quot;: &quot;SEND&quot;
            },
            {
                &quot;time&quot;: &quot;2022-02-16T09:37:37.893Z&quot;,
                &quot;status&quot;: &quot;DELIVERED&quot;
            },
            {
                &quot;time&quot;: &quot;2022-02-16T09:37:38.638Z&quot;,
                &quot;status&quot;: &quot;PENDING&quot;
            },
            {
                &quot;time&quot;: &quot;2022-02-16T09:37:38.675Z&quot;,
                &quot;status&quot;: &quot;SEND&quot;
            },
            {
                &quot;time&quot;: &quot;2022-02-16T09:37:38.712Z&quot;,
                &quot;status&quot;: &quot;DELIVERED&quot;
            },
            {
                &quot;time&quot;: &quot;2022-02-16T09:38:03.926Z&quot;,
                &quot;status&quot;: &quot;PENDING&quot;
            },
            {
                &quot;time&quot;: &quot;2022-02-16T09:38:03.965Z&quot;,
                &quot;status&quot;: &quot;SEND&quot;
            },
            {
                &quot;time&quot;: &quot;2022-02-16T09:38:04.001Z&quot;,
                &quot;status&quot;: &quot;DELIVERED&quot;
            },
            {
                &quot;time&quot;: &quot;2022-02-16T09:38:04.819Z&quot;,
                &quot;status&quot;: &quot;PENDING&quot;
            },
            {
                &quot;time&quot;: &quot;2022-02-16T09:38:04.864Z&quot;,
                &quot;status&quot;: &quot;SEND&quot;
            },
            {
                &quot;time&quot;: &quot;2022-02-16T09:38:04.911Z&quot;,
                &quot;status&quot;: &quot;DELIVERED&quot;
            },
            {
                &quot;time&quot;: &quot;2022-02-16T09:53:50.860Z&quot;,
                &quot;status&quot;: &quot;PENDING&quot;
            },
            {
                &quot;time&quot;: &quot;2022-02-16T09:53:50.900Z&quot;,
                &quot;status&quot;: &quot;SEND&quot;
            },
            {
                &quot;time&quot;: &quot;2022-02-16T09:53:50.939Z&quot;,
                &quot;status&quot;: &quot;DELIVERED&quot;
            },
            {
                &quot;time&quot;: &quot;2022-02-16T09:53:51.831Z&quot;,
                &quot;status&quot;: &quot;PENDING&quot;
            },
            {
                &quot;time&quot;: &quot;2022-02-16T09:53:51.869Z&quot;,
                &quot;status&quot;: &quot;SEND&quot;
            },
            {
                &quot;time&quot;: &quot;2022-02-16T09:53:51.917Z&quot;,
                &quot;status&quot;: &quot;DELIVERED&quot;
            },
            {
                &quot;time&quot;: &quot;2022-02-16T09:56:32.333Z&quot;,
                &quot;status&quot;: &quot;PENDING&quot;
            },
            {
                &quot;time&quot;: &quot;2022-02-16T09:56:32.376Z&quot;,
                &quot;status&quot;: &quot;SEND&quot;
            },
            {
                &quot;time&quot;: &quot;2022-02-16T09:56:32.413Z&quot;,
                &quot;status&quot;: &quot;DELIVERED&quot;
            },
            {
                &quot;time&quot;: &quot;2022-02-16T09:56:33.226Z&quot;,
                &quot;status&quot;: &quot;PENDING&quot;
            },
            {
                &quot;time&quot;: &quot;2022-02-16T09:56:33.279Z&quot;,
                &quot;status&quot;: &quot;SEND&quot;
            },
            {
                &quot;time&quot;: &quot;2022-02-16T09:56:33.321Z&quot;,
                &quot;status&quot;: &quot;DELIVERED&quot;
            },
            {
                &quot;time&quot;: &quot;2022-02-16T09:59:11.843Z&quot;,
                &quot;status&quot;: &quot;PENDING&quot;
            },
            {
                &quot;time&quot;: &quot;2022-02-16T09:59:11.885Z&quot;,
                &quot;status&quot;: &quot;SEND&quot;
            },
            {
                &quot;time&quot;: &quot;2022-02-16T09:59:11.929Z&quot;,
                &quot;status&quot;: &quot;DELIVERED&quot;
            },
            {
                &quot;time&quot;: &quot;2022-02-16T09:59:12.799Z&quot;,
                &quot;status&quot;: &quot;PENDING&quot;
            },
            {
                &quot;time&quot;: &quot;2022-02-16T09:59:12.857Z&quot;,
                &quot;status&quot;: &quot;SEND&quot;
            },
            {
                &quot;time&quot;: &quot;2022-02-16T09:59:12.913Z&quot;,
                &quot;status&quot;: &quot;DELIVERED&quot;
            },
            {
                &quot;time&quot;: &quot;2022-02-16T10:01:50.751Z&quot;,
                &quot;status&quot;: &quot;PENDING&quot;
            },
            {
                &quot;time&quot;: &quot;2022-02-16T10:01:50.791Z&quot;,
                &quot;status&quot;: &quot;SEND&quot;
            },
            {
                &quot;time&quot;: &quot;2022-02-16T10:01:50.828Z&quot;,
                &quot;status&quot;: &quot;DELIVERED&quot;
            },
            {
                &quot;time&quot;: &quot;2022-02-16T10:01:51.673Z&quot;,
                &quot;status&quot;: &quot;PENDING&quot;
            },
            {
                &quot;time&quot;: &quot;2022-02-16T10:01:51.713Z&quot;,
                &quot;status&quot;: &quot;SEND&quot;
            },
            {
                &quot;time&quot;: &quot;2022-02-16T10:01:51.755Z&quot;,
                &quot;status&quot;: &quot;DELIVERED&quot;
            },
            {
                &quot;time&quot;: &quot;2022-02-16T10:04:30.106Z&quot;,
                &quot;status&quot;: &quot;PENDING&quot;
            },
            {
                &quot;time&quot;: &quot;2022-02-16T10:04:30.153Z&quot;,
                &quot;status&quot;: &quot;SEND&quot;
            },
            {
                &quot;time&quot;: &quot;2022-02-16T10:04:30.200Z&quot;,
                &quot;status&quot;: &quot;DELIVERED&quot;
            },
            {
                &quot;time&quot;: &quot;2022-02-16T10:04:31.076Z&quot;,
                &quot;status&quot;: &quot;PENDING&quot;
            },
            {
                &quot;time&quot;: &quot;2022-02-16T10:04:31.122Z&quot;,
                &quot;status&quot;: &quot;SEND&quot;
            },
            {
                &quot;time&quot;: &quot;2022-02-16T10:04:31.164Z&quot;,
                &quot;status&quot;: &quot;DELIVERED&quot;
            },
            {
                &quot;time&quot;: &quot;2022-02-16T10:07:10.462Z&quot;,
                &quot;status&quot;: &quot;PENDING&quot;
            },
            {
                &quot;time&quot;: &quot;2022-02-16T10:07:10.499Z&quot;,
                &quot;status&quot;: &quot;SEND&quot;
            },
            {
                &quot;time&quot;: &quot;2022-02-16T10:07:10.537Z&quot;,
                &quot;status&quot;: &quot;DELIVERED&quot;
            },
            {
                &quot;time&quot;: &quot;2022-02-16T10:07:11.343Z&quot;,
                &quot;status&quot;: &quot;PENDING&quot;
            },
            {
                &quot;time&quot;: &quot;2022-02-16T10:07:11.380Z&quot;,
                &quot;status&quot;: &quot;SEND&quot;
            },
            {
                &quot;time&quot;: &quot;2022-02-16T10:07:11.418Z&quot;,
                &quot;status&quot;: &quot;DELIVERED&quot;
            },
            {
                &quot;time&quot;: &quot;2022-02-16T10:09:49.720Z&quot;,
                &quot;status&quot;: &quot;PENDING&quot;
            },
            {
                &quot;time&quot;: &quot;2022-02-16T10:09:49.762Z&quot;,
                &quot;status&quot;: &quot;SEND&quot;
            },
            {
                &quot;time&quot;: &quot;2022-02-16T10:09:49.803Z&quot;,
                &quot;status&quot;: &quot;DELIVERED&quot;
            },
            {
                &quot;time&quot;: &quot;2022-02-16T10:09:50.610Z&quot;,
                &quot;status&quot;: &quot;PENDING&quot;
            },
            {
                &quot;time&quot;: &quot;2022-02-16T10:09:50.651Z&quot;,
                &quot;status&quot;: &quot;SEND&quot;
            },
            {
                &quot;time&quot;: &quot;2022-02-16T10:09:50.691Z&quot;,
                &quot;status&quot;: &quot;DELIVERED&quot;
            },
            {
                &quot;time&quot;: &quot;2022-02-16T10:12:29.403Z&quot;,
                &quot;status&quot;: &quot;PENDING&quot;
            },
            {
                &quot;time&quot;: &quot;2022-02-16T10:12:29.449Z&quot;,
                &quot;status&quot;: &quot;SEND&quot;
            },
            {
                &quot;time&quot;: &quot;2022-02-16T10:12:29.494Z&quot;,
                &quot;status&quot;: &quot;DELIVERED&quot;
            },
            {
                &quot;time&quot;: &quot;2022-02-16T10:12:30.338Z&quot;,
                &quot;status&quot;: &quot;PENDING&quot;
            },
            {
                &quot;time&quot;: &quot;2022-02-16T10:12:30.379Z&quot;,
                &quot;status&quot;: &quot;SEND&quot;
            },
            {
                &quot;time&quot;: &quot;2022-02-16T10:12:30.423Z&quot;,
                &quot;status&quot;: &quot;DELIVERED&quot;
            },
            {
                &quot;time&quot;: &quot;2022-02-16T10:15:08.464Z&quot;,
                &quot;status&quot;: &quot;PENDING&quot;
            },
            {
                &quot;time&quot;: &quot;2022-02-16T10:15:08.507Z&quot;,
                &quot;status&quot;: &quot;SEND&quot;
            },
            {
                &quot;time&quot;: &quot;2022-02-16T10:15:08.549Z&quot;,
                &quot;status&quot;: &quot;DELIVERED&quot;
            },
            {
                &quot;time&quot;: &quot;2022-02-16T10:15:09.384Z&quot;,
                &quot;status&quot;: &quot;PENDING&quot;
            },
            {
                &quot;time&quot;: &quot;2022-02-16T10:15:09.428Z&quot;,
                &quot;status&quot;: &quot;SEND&quot;
            }
        ],
        &quot;status&quot;: &quot;DELIVERED&quot;
    },
    &quot;creationTime&quot;: &quot;2022-02-16T09:22:46.140Z&quot;,
    &quot;deviceId&quot;: &quot;14273295&quot;,
    &quot;deviceName&quot;: &quot;offsitec&quot;,
    &quot;self&quot;: &quot;https://t493319102.eu-latest.cumulocity.com/devicecontrol/operations/14275540&quot;,
    &quot;id&quot;: &quot;14275540&quot;,
    &quot;status&quot;: &quot;PENDING&quot;,
    &quot;c8y_LogfileRequest&quot;: {
        &quot;searchText&quot;: &quot;&quot;,
        &quot;logFile&quot;: &quot;software-management&quot;,
        &quot;dateTo&quot;: &quot;2021-11-21T18:55:49+0530&quot;,
        &quot;dateFrom&quot;: &quot;2021-11-15T18:55:49+0530&quot;,
        &quot;maximumLines&quot;: 300
    },
    &quot;description&quot;: &quot;Log file request&quot;
}
10:16:40 DEBUG Final URL of the request: https://thin-edge-io.eu-latest.cumulocity.com/devicecontrol/operations?deviceId=14273295&amp;pageSize=1&amp;revert=true&amp;dateFrom=1970-01-01T00%3A00%3A00.000Z
10:16:40 INFO  State of current operation: PENDING
10:16:40 DEBUG Final URL of the request: https://thin-edge-io.eu-latest.cumulocity.com/devicecontrol/operations?deviceId=14273295&amp;pageSize=1&amp;revert=true&amp;dateFrom=1970-01-01T00%3A00%3A00.000Z
10:16:40 DEBUG State of current operation: {
    &quot;delivery&quot;: {
        &quot;time&quot;: &quot;2022-02-16T10:15:09.472Z&quot;,
        &quot;log&quot;: [
            {
                &quot;time&quot;: &quot;2022-02-16T09:22:46.166Z&quot;,
                &quot;status&quot;: &quot;PENDING&quot;
            },
            {
                &quot;time&quot;: &quot;2022-02-16T09:22:46.185Z&quot;,
                &quot;status&quot;: &quot;SEND&quot;
            },
            {
                &quot;time&quot;: &quot;2022-02-16T09:22:46.219Z&quot;,
                &quot;status&quot;: &quot;DELIVERED&quot;
            },
            {
                &quot;time&quot;: &quot;2022-02-16T09:23:55.047Z&quot;,
                &quot;status&quot;: &quot;PENDING&quot;
            },
            {
                &quot;time&quot;: &quot;2022-02-16T09:23:55.077Z&quot;,
                &quot;status&quot;: &quot;SEND&quot;
            },
            {
                &quot;time&quot;: &quot;2022-02-16T09:23:55.114Z&quot;,
                &quot;status&quot;: &quot;DELIVERED&quot;
            },
            {
                &quot;time&quot;: &quot;2022-02-16T09:23:55.901Z&quot;,
                &quot;status&quot;: &quot;PENDING&quot;
            },
            {
                &quot;time&quot;: &quot;2022-02-16T09:23:55.930Z&quot;,
                &quot;status&quot;: &quot;SEND&quot;
            },
            {
                &quot;time&quot;: &quot;2022-02-16T09:23:55.967Z&quot;,
                &quot;status&quot;: &quot;DELIVERED&quot;
            },
            {
                &quot;time&quot;: &quot;2022-02-16T09:24:55.073Z&quot;,
                &quot;status&quot;: &quot;PENDING&quot;
            },
            {
                &quot;time&quot;: &quot;2022-02-16T09:24:55.106Z&quot;,
                &quot;status&quot;: &quot;SEND&quot;
            },
            {
                &quot;time&quot;: &quot;2022-02-16T09:24:55.144Z&quot;,
                &quot;status&quot;: &quot;DELIVERED&quot;
            },
            {
                &quot;time&quot;: &quot;2022-02-16T09:24:55.971Z&quot;,
                &quot;status&quot;: &quot;PENDING&quot;
            },
            {
                &quot;time&quot;: &quot;2022-02-16T09:24:56.008Z&quot;,
                &quot;status&quot;: &quot;SEND&quot;
            },
            {
                &quot;time&quot;: &quot;2022-02-16T09:24:56.044Z&quot;,
                &quot;status&quot;: &quot;DELIVERED&quot;
            },
            {
                &quot;time&quot;: &quot;2022-02-16T09:26:09.362Z&quot;,
                &quot;status&quot;: &quot;PENDING&quot;
            },
            {
                &quot;time&quot;: &quot;2022-02-16T09:26:09.392Z&quot;,
                &quot;status&quot;: &quot;SEND&quot;
            },
            {
                &quot;time&quot;: &quot;2022-02-16T09:26:09.428Z&quot;,
                &quot;status&quot;: &quot;DELIVERED&quot;
            },
            {
                &quot;time&quot;: &quot;2022-02-16T09:26:10.287Z&quot;,
                &quot;status&quot;: &quot;PENDING&quot;
            },
            {
                &quot;time&quot;: &quot;2022-02-16T09:26:10.317Z&quot;,
                &quot;status&quot;: &quot;SEND&quot;
            },
            {
                &quot;time&quot;: &quot;2022-02-16T09:26:10.353Z&quot;,
                &quot;status&quot;: &quot;DELIVERED&quot;
            },
            {
                &quot;time&quot;: &quot;2022-02-16T09:27:24.861Z&quot;,
                &quot;status&quot;: &quot;PENDING&quot;
            },
            {
                &quot;time&quot;: &quot;2022-02-16T09:27:24.898Z&quot;,
                &quot;status&quot;: &quot;SEND&quot;
            },
            {
                &quot;time&quot;: &quot;2022-02-16T09:27:24.935Z&quot;,
                &quot;status&quot;: &quot;DELIVERED&quot;
            },
            {
                &quot;time&quot;: &quot;2022-02-16T09:27:25.773Z&quot;,
                &quot;status&quot;: &quot;PENDING&quot;
            },
            {
                &quot;time&quot;: &quot;2022-02-16T09:27:25.812Z&quot;,
                &quot;status&quot;: &quot;SEND&quot;
            },
            {
                &quot;time&quot;: &quot;2022-02-16T09:27:25.849Z&quot;,
                &quot;status&quot;: &quot;DELIVERED&quot;
            },
            {
                &quot;time&quot;: &quot;2022-02-16T09:28:06.037Z&quot;,
                &quot;status&quot;: &quot;PENDING&quot;
            },
            {
                &quot;time&quot;: &quot;2022-02-16T09:28:06.069Z&quot;,
                &quot;status&quot;: &quot;SEND&quot;
            },
            {
                &quot;time&quot;: &quot;2022-02-16T09:28:06.107Z&quot;,
                &quot;status&quot;: &quot;DELIVERED&quot;
            },
            {
                &quot;time&quot;: &quot;2022-02-16T09:28:06.968Z&quot;,
                &quot;status&quot;: &quot;PENDING&quot;
            },
            {
                &quot;time&quot;: &quot;2022-02-16T09:28:07.002Z&quot;,
                &quot;status&quot;: &quot;SEND&quot;
            },
            {
                &quot;time&quot;: &quot;2022-02-16T09:28:07.039Z&quot;,
                &quot;status&quot;: &quot;DELIVERED&quot;
            },
            {
                &quot;time&quot;: &quot;2022-02-16T09:28:58.713Z&quot;,
                &quot;status&quot;: &quot;PENDING&quot;
            },
            {
                &quot;time&quot;: &quot;2022-02-16T09:28:58.744Z&quot;,
                &quot;status&quot;: &quot;SEND&quot;
            },
            {
                &quot;time&quot;: &quot;2022-02-16T09:28:58.782Z&quot;,
                &quot;status&quot;: &quot;DELIVERED&quot;
            },
            {
                &quot;time&quot;: &quot;2022-02-16T09:28:59.589Z&quot;,
                &quot;status&quot;: &quot;PENDING&quot;
            },
            {
                &quot;time&quot;: &quot;2022-02-16T09:28:59.620Z&quot;,
                &quot;status&quot;: &quot;SEND&quot;
            },
            {
                &quot;time&quot;: &quot;2022-02-16T09:28:59.658Z&quot;,
                &quot;status&quot;: &quot;DELIVERED&quot;
            },
            {
                &quot;time&quot;: &quot;2022-02-16T09:29:51.098Z&quot;,
                &quot;status&quot;: &quot;PENDING&quot;
            },
            {
                &quot;time&quot;: &quot;2022-02-16T09:29:51.134Z&quot;,
                &quot;status&quot;: &quot;SEND&quot;
            },
            {
                &quot;time&quot;: &quot;2022-02-16T09:29:51.171Z&quot;,
                &quot;status&quot;: &quot;DELIVERED&quot;
            },
            {
                &quot;time&quot;: &quot;2022-02-16T09:29:52.013Z&quot;,
                &quot;status&quot;: &quot;PENDING&quot;
            },
            {
                &quot;time&quot;: &quot;2022-02-16T09:29:52.047Z&quot;,
                &quot;status&quot;: &quot;SEND&quot;
            },
            {
                &quot;time&quot;: &quot;2022-02-16T09:29:52.089Z&quot;,
                &quot;status&quot;: &quot;DELIVERED&quot;
            },
            {
                &quot;time&quot;: &quot;2022-02-16T09:30:33.494Z&quot;,
                &quot;status&quot;: &quot;PENDING&quot;
            },
            {
                &quot;time&quot;: &quot;2022-02-16T09:30:33.534Z&quot;,
                &quot;status&quot;: &quot;SEND&quot;
            },
            {
                &quot;time&quot;: &quot;2022-02-16T09:30:33.571Z&quot;,
                &quot;status&quot;: &quot;DELIVERED&quot;
            },
            {
                &quot;time&quot;: &quot;2022-02-16T09:30:34.412Z&quot;,
                &quot;status&quot;: &quot;PENDING&quot;
            },
            {
                &quot;time&quot;: &quot;2022-02-16T09:30:34.453Z&quot;,
                &quot;status&quot;: &quot;SEND&quot;
            },
            {
                &quot;time&quot;: &quot;2022-02-16T09:30:34.488Z&quot;,
                &quot;status&quot;: &quot;DELIVERED&quot;
            },
            {
                &quot;time&quot;: &quot;2022-02-16T09:32:49.337Z&quot;,
                &quot;status&quot;: &quot;PENDING&quot;
            },
            {
                &quot;time&quot;: &quot;2022-02-16T09:32:49.371Z&quot;,
                &quot;status&quot;: &quot;SEND&quot;
            },
            {
                &quot;time&quot;: &quot;2022-02-16T09:32:49.408Z&quot;,
                &quot;status&quot;: &quot;DELIVERED&quot;
            },
            {
                &quot;time&quot;: &quot;2022-02-16T09:32:50.347Z&quot;,
                &quot;status&quot;: &quot;PENDING&quot;
            },
            {
                &quot;time&quot;: &quot;2022-02-16T09:32:50.382Z&quot;,
                &quot;status&quot;: &quot;SEND&quot;
            },
            {
                &quot;time&quot;: &quot;2022-02-16T09:32:50.423Z&quot;,
                &quot;status&quot;: &quot;DELIVERED&quot;
            },
            {
                &quot;time&quot;: &quot;2022-02-16T09:35:18.696Z&quot;,
                &quot;status&quot;: &quot;PENDING&quot;
            },
            {
                &quot;time&quot;: &quot;2022-02-16T09:35:18.734Z&quot;,
                &quot;status&quot;: &quot;SEND&quot;
            },
            {
                &quot;time&quot;: &quot;2022-02-16T09:35:18.769Z&quot;,
                &quot;status&quot;: &quot;DELIVERED&quot;
            },
            {
                &quot;time&quot;: &quot;2022-02-16T09:35:41.813Z&quot;,
                &quot;status&quot;: &quot;PENDING&quot;
            },
            {
                &quot;time&quot;: &quot;2022-02-16T09:35:41.852Z&quot;,
                &quot;status&quot;: &quot;SEND&quot;
            },
            {
                &quot;time&quot;: &quot;2022-02-16T09:35:41.891Z&quot;,
                &quot;status&quot;: &quot;DELIVERED&quot;
            },
            {
                &quot;time&quot;: &quot;2022-02-16T09:35:42.766Z&quot;,
                &quot;status&quot;: &quot;PENDING&quot;
            },
            {
                &quot;time&quot;: &quot;2022-02-16T09:35:42.811Z&quot;,
                &quot;status&quot;: &quot;SEND&quot;
            },
            {
                &quot;time&quot;: &quot;2022-02-16T09:35:42.849Z&quot;,
                &quot;status&quot;: &quot;DELIVERED&quot;
            },
            {
                &quot;time&quot;: &quot;2022-02-16T09:36:06.394Z&quot;,
                &quot;status&quot;: &quot;PENDING&quot;
            },
            {
                &quot;time&quot;: &quot;2022-02-16T09:36:06.432Z&quot;,
                &quot;status&quot;: &quot;SEND&quot;
            },
            {
                &quot;time&quot;: &quot;2022-02-16T09:36:06.488Z&quot;,
                &quot;status&quot;: &quot;DELIVERED&quot;
            },
            {
                &quot;time&quot;: &quot;2022-02-16T09:36:07.318Z&quot;,
                &quot;status&quot;: &quot;PENDING&quot;
            },
            {
                &quot;time&quot;: &quot;2022-02-16T09:36:07.358Z&quot;,
                &quot;status&quot;: &quot;SEND&quot;
            },
            {
                &quot;time&quot;: &quot;2022-02-16T09:36:07.393Z&quot;,
                &quot;status&quot;: &quot;DELIVERED&quot;
            },
            {
                &quot;time&quot;: &quot;2022-02-16T09:36:30.178Z&quot;,
                &quot;status&quot;: &quot;PENDING&quot;
            },
            {
                &quot;time&quot;: &quot;2022-02-16T09:36:30.210Z&quot;,
                &quot;status&quot;: &quot;SEND&quot;
            },
            {
                &quot;time&quot;: &quot;2022-02-16T09:36:30.248Z&quot;,
                &quot;status&quot;: &quot;DELIVERED&quot;
            },
            {
                &quot;time&quot;: &quot;2022-02-16T09:36:31.123Z&quot;,
                &quot;status&quot;: &quot;PENDING&quot;
            },
            {
                &quot;time&quot;: &quot;2022-02-16T09:36:31.156Z&quot;,
                &quot;status&quot;: &quot;SEND&quot;
            },
            {
                &quot;time&quot;: &quot;2022-02-16T09:36:31.207Z&quot;,
                &quot;status&quot;: &quot;DELIVERED&quot;
            },
            {
                &quot;time&quot;: &quot;2022-02-16T09:37:08.443Z&quot;,
                &quot;status&quot;: &quot;PENDING&quot;
            },
            {
                &quot;time&quot;: &quot;2022-02-16T09:37:08.481Z&quot;,
                &quot;status&quot;: &quot;SEND&quot;
            },
            {
                &quot;time&quot;: &quot;2022-02-16T09:37:08.522Z&quot;,
                &quot;status&quot;: &quot;DELIVERED&quot;
            },
            {
                &quot;time&quot;: &quot;2022-02-16T09:37:09.439Z&quot;,
                &quot;status&quot;: &quot;PENDING&quot;
            },
            {
                &quot;time&quot;: &quot;2022-02-16T09:37:09.478Z&quot;,
                &quot;status&quot;: &quot;SEND&quot;
            },
            {
                &quot;time&quot;: &quot;2022-02-16T09:37:09.516Z&quot;,
                &quot;status&quot;: &quot;DELIVERED&quot;
            },
            {
                &quot;time&quot;: &quot;2022-02-16T09:37:13.026Z&quot;,
                &quot;status&quot;: &quot;PENDING&quot;
            },
            {
                &quot;time&quot;: &quot;2022-02-16T09:37:13.068Z&quot;,
                &quot;status&quot;: &quot;SEND&quot;
            },
            {
                &quot;time&quot;: &quot;2022-02-16T09:37:13.106Z&quot;,
                &quot;status&quot;: &quot;DELIVERED&quot;
            },
            {
                &quot;time&quot;: &quot;2022-02-16T09:37:37.817Z&quot;,
                &quot;status&quot;: &quot;PENDING&quot;
            },
            {
                &quot;time&quot;: &quot;2022-02-16T09:37:37.857Z&quot;,
                &quot;status&quot;: &quot;SEND&quot;
            },
            {
                &quot;time&quot;: &quot;2022-02-16T09:37:37.893Z&quot;,
                &quot;status&quot;: &quot;DELIVERED&quot;
            },
            {
                &quot;time&quot;: &quot;2022-02-16T09:37:38.638Z&quot;,
                &quot;status&quot;: &quot;PENDING&quot;
            },
            {
                &quot;time&quot;: &quot;2022-02-16T09:37:38.675Z&quot;,
                &quot;status&quot;: &quot;SEND&quot;
            },
            {
                &quot;time&quot;: &quot;2022-02-16T09:37:38.712Z&quot;,
                &quot;status&quot;: &quot;DELIVERED&quot;
            },
            {
                &quot;time&quot;: &quot;2022-02-16T09:38:03.926Z&quot;,
                &quot;status&quot;: &quot;PENDING&quot;
            },
            {
                &quot;time&quot;: &quot;2022-02-16T09:38:03.965Z&quot;,
                &quot;status&quot;: &quot;SEND&quot;
            },
            {
                &quot;time&quot;: &quot;2022-02-16T09:38:04.001Z&quot;,
                &quot;status&quot;: &quot;DELIVERED&quot;
            },
            {
                &quot;time&quot;: &quot;2022-02-16T09:38:04.819Z&quot;,
                &quot;status&quot;: &quot;PENDING&quot;
            },
            {
                &quot;time&quot;: &quot;2022-02-16T09:38:04.864Z&quot;,
                &quot;status&quot;: &quot;SEND&quot;
            },
            {
                &quot;time&quot;: &quot;2022-02-16T09:38:04.911Z&quot;,
                &quot;status&quot;: &quot;DELIVERED&quot;
            },
            {
                &quot;time&quot;: &quot;2022-02-16T09:53:50.860Z&quot;,
                &quot;status&quot;: &quot;PENDING&quot;
            },
            {
                &quot;time&quot;: &quot;2022-02-16T09:53:50.900Z&quot;,
                &quot;status&quot;: &quot;SEND&quot;
            },
            {
                &quot;time&quot;: &quot;2022-02-16T09:53:50.939Z&quot;,
                &quot;status&quot;: &quot;DELIVERED&quot;
            },
            {
                &quot;time&quot;: &quot;2022-02-16T09:53:51.831Z&quot;,
                &quot;status&quot;: &quot;PENDING&quot;
            },
            {
                &quot;time&quot;: &quot;2022-02-16T09:53:51.869Z&quot;,
                &quot;status&quot;: &quot;SEND&quot;
            },
            {
                &quot;time&quot;: &quot;2022-02-16T09:53:51.917Z&quot;,
                &quot;status&quot;: &quot;DELIVERED&quot;
            },
            {
                &quot;time&quot;: &quot;2022-02-16T09:56:32.333Z&quot;,
                &quot;status&quot;: &quot;PENDING&quot;
            },
            {
                &quot;time&quot;: &quot;2022-02-16T09:56:32.376Z&quot;,
                &quot;status&quot;: &quot;SEND&quot;
            },
            {
                &quot;time&quot;: &quot;2022-02-16T09:56:32.413Z&quot;,
                &quot;status&quot;: &quot;DELIVERED&quot;
            },
            {
                &quot;time&quot;: &quot;2022-02-16T09:56:33.226Z&quot;,
                &quot;status&quot;: &quot;PENDING&quot;
            },
            {
                &quot;time&quot;: &quot;2022-02-16T09:56:33.279Z&quot;,
                &quot;status&quot;: &quot;SEND&quot;
            },
            {
                &quot;time&quot;: &quot;2022-02-16T09:56:33.321Z&quot;,
                &quot;status&quot;: &quot;DELIVERED&quot;
            },
            {
                &quot;time&quot;: &quot;2022-02-16T09:59:11.843Z&quot;,
                &quot;status&quot;: &quot;PENDING&quot;
            },
            {
                &quot;time&quot;: &quot;2022-02-16T09:59:11.885Z&quot;,
                &quot;status&quot;: &quot;SEND&quot;
            },
            {
                &quot;time&quot;: &quot;2022-02-16T09:59:11.929Z&quot;,
                &quot;status&quot;: &quot;DELIVERED&quot;
            },
            {
                &quot;time&quot;: &quot;2022-02-16T09:59:12.799Z&quot;,
                &quot;status&quot;: &quot;PENDING&quot;
            },
            {
                &quot;time&quot;: &quot;2022-02-16T09:59:12.857Z&quot;,
                &quot;status&quot;: &quot;SEND&quot;
            },
            {
                &quot;time&quot;: &quot;2022-02-16T09:59:12.913Z&quot;,
                &quot;status&quot;: &quot;DELIVERED&quot;
            },
            {
                &quot;time&quot;: &quot;2022-02-16T10:01:50.751Z&quot;,
                &quot;status&quot;: &quot;PENDING&quot;
            },
            {
                &quot;time&quot;: &quot;2022-02-16T10:01:50.791Z&quot;,
                &quot;status&quot;: &quot;SEND&quot;
            },
            {
                &quot;time&quot;: &quot;2022-02-16T10:01:50.828Z&quot;,
                &quot;status&quot;: &quot;DELIVERED&quot;
            },
            {
                &quot;time&quot;: &quot;2022-02-16T10:01:51.673Z&quot;,
                &quot;status&quot;: &quot;PENDING&quot;
            },
            {
                &quot;time&quot;: &quot;2022-02-16T10:01:51.713Z&quot;,
                &quot;status&quot;: &quot;SEND&quot;
            },
            {
                &quot;time&quot;: &quot;2022-02-16T10:01:51.755Z&quot;,
                &quot;status&quot;: &quot;DELIVERED&quot;
            },
            {
                &quot;time&quot;: &quot;2022-02-16T10:04:30.106Z&quot;,
                &quot;status&quot;: &quot;PENDING&quot;
            },
            {
                &quot;time&quot;: &quot;2022-02-16T10:04:30.153Z&quot;,
                &quot;status&quot;: &quot;SEND&quot;
            },
            {
                &quot;time&quot;: &quot;2022-02-16T10:04:30.200Z&quot;,
                &quot;status&quot;: &quot;DELIVERED&quot;
            },
            {
                &quot;time&quot;: &quot;2022-02-16T10:04:31.076Z&quot;,
                &quot;status&quot;: &quot;PENDING&quot;
            },
            {
                &quot;time&quot;: &quot;2022-02-16T10:04:31.122Z&quot;,
                &quot;status&quot;: &quot;SEND&quot;
            },
            {
                &quot;time&quot;: &quot;2022-02-16T10:04:31.164Z&quot;,
                &quot;status&quot;: &quot;DELIVERED&quot;
            },
            {
                &quot;time&quot;: &quot;2022-02-16T10:07:10.462Z&quot;,
                &quot;status&quot;: &quot;PENDING&quot;
            },
            {
                &quot;time&quot;: &quot;2022-02-16T10:07:10.499Z&quot;,
                &quot;status&quot;: &quot;SEND&quot;
            },
            {
                &quot;time&quot;: &quot;2022-02-16T10:07:10.537Z&quot;,
                &quot;status&quot;: &quot;DELIVERED&quot;
            },
            {
                &quot;time&quot;: &quot;2022-02-16T10:07:11.343Z&quot;,
                &quot;status&quot;: &quot;PENDING&quot;
            },
            {
                &quot;time&quot;: &quot;2022-02-16T10:07:11.380Z&quot;,
                &quot;status&quot;: &quot;SEND&quot;
            },
            {
                &quot;time&quot;: &quot;2022-02-16T10:07:11.418Z&quot;,
                &quot;status&quot;: &quot;DELIVERED&quot;
            },
            {
                &quot;time&quot;: &quot;2022-02-16T10:09:49.720Z&quot;,
                &quot;status&quot;: &quot;PENDING&quot;
            },
            {
                &quot;time&quot;: &quot;2022-02-16T10:09:49.762Z&quot;,
                &quot;status&quot;: &quot;SEND&quot;
            },
            {
                &quot;time&quot;: &quot;2022-02-16T10:09:49.803Z&quot;,
                &quot;status&quot;: &quot;DELIVERED&quot;
            },
            {
                &quot;time&quot;: &quot;2022-02-16T10:09:50.610Z&quot;,
                &quot;status&quot;: &quot;PENDING&quot;
            },
            {
                &quot;time&quot;: &quot;2022-02-16T10:09:50.651Z&quot;,
                &quot;status&quot;: &quot;SEND&quot;
            },
            {
                &quot;time&quot;: &quot;2022-02-16T10:09:50.691Z&quot;,
                &quot;status&quot;: &quot;DELIVERED&quot;
            },
            {
                &quot;time&quot;: &quot;2022-02-16T10:12:29.403Z&quot;,
                &quot;status&quot;: &quot;PENDING&quot;
            },
            {
                &quot;time&quot;: &quot;2022-02-16T10:12:29.449Z&quot;,
                &quot;status&quot;: &quot;SEND&quot;
            },
            {
                &quot;time&quot;: &quot;2022-02-16T10:12:29.494Z&quot;,
                &quot;status&quot;: &quot;DELIVERED&quot;
            },
            {
                &quot;time&quot;: &quot;2022-02-16T10:12:30.338Z&quot;,
                &quot;status&quot;: &quot;PENDING&quot;
            },
            {
                &quot;time&quot;: &quot;2022-02-16T10:12:30.379Z&quot;,
                &quot;status&quot;: &quot;SEND&quot;
            },
            {
                &quot;time&quot;: &quot;2022-02-16T10:12:30.423Z&quot;,
                &quot;status&quot;: &quot;DELIVERED&quot;
            },
            {
                &quot;time&quot;: &quot;2022-02-16T10:15:08.464Z&quot;,
                &quot;status&quot;: &quot;PENDING&quot;
            },
            {
                &quot;time&quot;: &quot;2022-02-16T10:15:08.507Z&quot;,
                &quot;status&quot;: &quot;SEND&quot;
            },
            {
                &quot;time&quot;: &quot;2022-02-16T10:15:08.549Z&quot;,
                &quot;status&quot;: &quot;DELIVERED&quot;
            },
            {
                &quot;time&quot;: &quot;2022-02-16T10:15:09.384Z&quot;,
                &quot;status&quot;: &quot;PENDING&quot;
            },
            {
                &quot;time&quot;: &quot;2022-02-16T10:15:09.428Z&quot;,
                &quot;status&quot;: &quot;SEND&quot;
            }
        ],
        &quot;status&quot;: &quot;DELIVERED&quot;
    },
    &quot;creationTime&quot;: &quot;2022-02-16T09:22:46.140Z&quot;,
    &quot;deviceId&quot;: &quot;14273295&quot;,
    &quot;deviceName&quot;: &quot;offsitec&quot;,
    &quot;self&quot;: &quot;https://t493319102.eu-latest.cumulocity.com/devicecontrol/operations/14275540&quot;,
    &quot;id&quot;: &quot;14275540&quot;,
    &quot;status&quot;: &quot;PENDING&quot;,
    &quot;c8y_LogfileRequest&quot;: {
        &quot;searchText&quot;: &quot;&quot;,
        &quot;logFile&quot;: &quot;software-management&quot;,
        &quot;dateTo&quot;: &quot;2021-11-21T18:55:49+0530&quot;,
        &quot;dateFrom&quot;: &quot;2021-11-15T18:55:49+0530&quot;,
        &quot;maximumLines&quot;: 300
    },
    &quot;description&quot;: &quot;Log file request&quot;
}
10:16:42 DEBUG Final URL of the request: https://thin-edge-io.eu-latest.cumulocity.com/devicecontrol/operations?deviceId=14273295&amp;pageSize=1&amp;revert=true&amp;dateFrom=1970-01-01T00%3A00%3A00.000Z
10:16:42 INFO  State of current operation: PENDING
10:16:42 DEBUG Final URL of the request: https://thin-edge-io.eu-latest.cumulocity.com/devicecontrol/operations?deviceId=14273295&amp;pageSize=1&amp;revert=true&amp;dateFrom=1970-01-01T00%3A00%3A00.000Z
10:16:43 DEBUG State of current operation: {
    &quot;delivery&quot;: {
        &quot;time&quot;: &quot;2022-02-16T10:15:09.472Z&quot;,
        &quot;log&quot;: [
            {
                &quot;time&quot;: &quot;2022-02-16T09:22:46.166Z&quot;,
                &quot;status&quot;: &quot;PENDING&quot;
            },
            {
                &quot;time&quot;: &quot;2022-02-16T09:22:46.185Z&quot;,
                &quot;status&quot;: &quot;SEND&quot;
            },
            {
                &quot;time&quot;: &quot;2022-02-16T09:22:46.219Z&quot;,
                &quot;status&quot;: &quot;DELIVERED&quot;
            },
            {
                &quot;time&quot;: &quot;2022-02-16T09:23:55.047Z&quot;,
                &quot;status&quot;: &quot;PENDING&quot;
            },
            {
                &quot;time&quot;: &quot;2022-02-16T09:23:55.077Z&quot;,
                &quot;status&quot;: &quot;SEND&quot;
            },
            {
                &quot;time&quot;: &quot;2022-02-16T09:23:55.114Z&quot;,
                &quot;status&quot;: &quot;DELIVERED&quot;
            },
            {
                &quot;time&quot;: &quot;2022-02-16T09:23:55.901Z&quot;,
                &quot;status&quot;: &quot;PENDING&quot;
            },
            {
                &quot;time&quot;: &quot;2022-02-16T09:23:55.930Z&quot;,
                &quot;status&quot;: &quot;SEND&quot;
            },
            {
                &quot;time&quot;: &quot;2022-02-16T09:23:55.967Z&quot;,
                &quot;status&quot;: &quot;DELIVERED&quot;
            },
            {
                &quot;time&quot;: &quot;2022-02-16T09:24:55.073Z&quot;,
                &quot;status&quot;: &quot;PENDING&quot;
            },
            {
                &quot;time&quot;: &quot;2022-02-16T09:24:55.106Z&quot;,
                &quot;status&quot;: &quot;SEND&quot;
            },
            {
                &quot;time&quot;: &quot;2022-02-16T09:24:55.144Z&quot;,
                &quot;status&quot;: &quot;DELIVERED&quot;
            },
            {
                &quot;time&quot;: &quot;2022-02-16T09:24:55.971Z&quot;,
                &quot;status&quot;: &quot;PENDING&quot;
            },
            {
                &quot;time&quot;: &quot;2022-02-16T09:24:56.008Z&quot;,
                &quot;status&quot;: &quot;SEND&quot;
            },
            {
                &quot;time&quot;: &quot;2022-02-16T09:24:56.044Z&quot;,
                &quot;status&quot;: &quot;DELIVERED&quot;
            },
            {
                &quot;time&quot;: &quot;2022-02-16T09:26:09.362Z&quot;,
                &quot;status&quot;: &quot;PENDING&quot;
            },
            {
                &quot;time&quot;: &quot;2022-02-16T09:26:09.392Z&quot;,
                &quot;status&quot;: &quot;SEND&quot;
            },
            {
                &quot;time&quot;: &quot;2022-02-16T09:26:09.428Z&quot;,
                &quot;status&quot;: &quot;DELIVERED&quot;
            },
            {
                &quot;time&quot;: &quot;2022-02-16T09:26:10.287Z&quot;,
                &quot;status&quot;: &quot;PENDING&quot;
            },
            {
                &quot;time&quot;: &quot;2022-02-16T09:26:10.317Z&quot;,
                &quot;status&quot;: &quot;SEND&quot;
            },
            {
                &quot;time&quot;: &quot;2022-02-16T09:26:10.353Z&quot;,
                &quot;status&quot;: &quot;DELIVERED&quot;
            },
            {
                &quot;time&quot;: &quot;2022-02-16T09:27:24.861Z&quot;,
                &quot;status&quot;: &quot;PENDING&quot;
            },
            {
                &quot;time&quot;: &quot;2022-02-16T09:27:24.898Z&quot;,
                &quot;status&quot;: &quot;SEND&quot;
            },
            {
                &quot;time&quot;: &quot;2022-02-16T09:27:24.935Z&quot;,
                &quot;status&quot;: &quot;DELIVERED&quot;
            },
            {
                &quot;time&quot;: &quot;2022-02-16T09:27:25.773Z&quot;,
                &quot;status&quot;: &quot;PENDING&quot;
            },
            {
                &quot;time&quot;: &quot;2022-02-16T09:27:25.812Z&quot;,
                &quot;status&quot;: &quot;SEND&quot;
            },
            {
                &quot;time&quot;: &quot;2022-02-16T09:27:25.849Z&quot;,
                &quot;status&quot;: &quot;DELIVERED&quot;
            },
            {
                &quot;time&quot;: &quot;2022-02-16T09:28:06.037Z&quot;,
                &quot;status&quot;: &quot;PENDING&quot;
            },
            {
                &quot;time&quot;: &quot;2022-02-16T09:28:06.069Z&quot;,
                &quot;status&quot;: &quot;SEND&quot;
            },
            {
                &quot;time&quot;: &quot;2022-02-16T09:28:06.107Z&quot;,
                &quot;status&quot;: &quot;DELIVERED&quot;
            },
            {
                &quot;time&quot;: &quot;2022-02-16T09:28:06.968Z&quot;,
                &quot;status&quot;: &quot;PENDING&quot;
            },
            {
                &quot;time&quot;: &quot;2022-02-16T09:28:07.002Z&quot;,
                &quot;status&quot;: &quot;SEND&quot;
            },
            {
                &quot;time&quot;: &quot;2022-02-16T09:28:07.039Z&quot;,
                &quot;status&quot;: &quot;DELIVERED&quot;
            },
            {
                &quot;time&quot;: &quot;2022-02-16T09:28:58.713Z&quot;,
                &quot;status&quot;: &quot;PENDING&quot;
            },
            {
                &quot;time&quot;: &quot;2022-02-16T09:28:58.744Z&quot;,
                &quot;status&quot;: &quot;SEND&quot;
            },
            {
                &quot;time&quot;: &quot;2022-02-16T09:28:58.782Z&quot;,
                &quot;status&quot;: &quot;DELIVERED&quot;
            },
            {
                &quot;time&quot;: &quot;2022-02-16T09:28:59.589Z&quot;,
                &quot;status&quot;: &quot;PENDING&quot;
            },
            {
                &quot;time&quot;: &quot;2022-02-16T09:28:59.620Z&quot;,
                &quot;status&quot;: &quot;SEND&quot;
            },
            {
                &quot;time&quot;: &quot;2022-02-16T09:28:59.658Z&quot;,
                &quot;status&quot;: &quot;DELIVERED&quot;
            },
            {
                &quot;time&quot;: &quot;2022-02-16T09:29:51.098Z&quot;,
                &quot;status&quot;: &quot;PENDING&quot;
            },
            {
                &quot;time&quot;: &quot;2022-02-16T09:29:51.134Z&quot;,
                &quot;status&quot;: &quot;SEND&quot;
            },
            {
                &quot;time&quot;: &quot;2022-02-16T09:29:51.171Z&quot;,
                &quot;status&quot;: &quot;DELIVERED&quot;
            },
            {
                &quot;time&quot;: &quot;2022-02-16T09:29:52.013Z&quot;,
                &quot;status&quot;: &quot;PENDING&quot;
            },
            {
                &quot;time&quot;: &quot;2022-02-16T09:29:52.047Z&quot;,
                &quot;status&quot;: &quot;SEND&quot;
            },
            {
                &quot;time&quot;: &quot;2022-02-16T09:29:52.089Z&quot;,
                &quot;status&quot;: &quot;DELIVERED&quot;
            },
            {
                &quot;time&quot;: &quot;2022-02-16T09:30:33.494Z&quot;,
                &quot;status&quot;: &quot;PENDING&quot;
            },
            {
                &quot;time&quot;: &quot;2022-02-16T09:30:33.534Z&quot;,
                &quot;status&quot;: &quot;SEND&quot;
            },
            {
                &quot;time&quot;: &quot;2022-02-16T09:30:33.571Z&quot;,
                &quot;status&quot;: &quot;DELIVERED&quot;
            },
            {
                &quot;time&quot;: &quot;2022-02-16T09:30:34.412Z&quot;,
                &quot;status&quot;: &quot;PENDING&quot;
            },
            {
                &quot;time&quot;: &quot;2022-02-16T09:30:34.453Z&quot;,
                &quot;status&quot;: &quot;SEND&quot;
            },
            {
                &quot;time&quot;: &quot;2022-02-16T09:30:34.488Z&quot;,
                &quot;status&quot;: &quot;DELIVERED&quot;
            },
            {
                &quot;time&quot;: &quot;2022-02-16T09:32:49.337Z&quot;,
                &quot;status&quot;: &quot;PENDING&quot;
            },
            {
                &quot;time&quot;: &quot;2022-02-16T09:32:49.371Z&quot;,
                &quot;status&quot;: &quot;SEND&quot;
            },
            {
                &quot;time&quot;: &quot;2022-02-16T09:32:49.408Z&quot;,
                &quot;status&quot;: &quot;DELIVERED&quot;
            },
            {
                &quot;time&quot;: &quot;2022-02-16T09:32:50.347Z&quot;,
                &quot;status&quot;: &quot;PENDING&quot;
            },
            {
                &quot;time&quot;: &quot;2022-02-16T09:32:50.382Z&quot;,
                &quot;status&quot;: &quot;SEND&quot;
            },
            {
                &quot;time&quot;: &quot;2022-02-16T09:32:50.423Z&quot;,
                &quot;status&quot;: &quot;DELIVERED&quot;
            },
            {
                &quot;time&quot;: &quot;2022-02-16T09:35:18.696Z&quot;,
                &quot;status&quot;: &quot;PENDING&quot;
            },
            {
                &quot;time&quot;: &quot;2022-02-16T09:35:18.734Z&quot;,
                &quot;status&quot;: &quot;SEND&quot;
            },
            {
                &quot;time&quot;: &quot;2022-02-16T09:35:18.769Z&quot;,
                &quot;status&quot;: &quot;DELIVERED&quot;
            },
            {
                &quot;time&quot;: &quot;2022-02-16T09:35:41.813Z&quot;,
                &quot;status&quot;: &quot;PENDING&quot;
            },
            {
                &quot;time&quot;: &quot;2022-02-16T09:35:41.852Z&quot;,
                &quot;status&quot;: &quot;SEND&quot;
            },
            {
                &quot;time&quot;: &quot;2022-02-16T09:35:41.891Z&quot;,
                &quot;status&quot;: &quot;DELIVERED&quot;
            },
            {
                &quot;time&quot;: &quot;2022-02-16T09:35:42.766Z&quot;,
                &quot;status&quot;: &quot;PENDING&quot;
            },
            {
                &quot;time&quot;: &quot;2022-02-16T09:35:42.811Z&quot;,
                &quot;status&quot;: &quot;SEND&quot;
            },
            {
                &quot;time&quot;: &quot;2022-02-16T09:35:42.849Z&quot;,
                &quot;status&quot;: &quot;DELIVERED&quot;
            },
            {
                &quot;time&quot;: &quot;2022-02-16T09:36:06.394Z&quot;,
                &quot;status&quot;: &quot;PENDING&quot;
            },
            {
                &quot;time&quot;: &quot;2022-02-16T09:36:06.432Z&quot;,
                &quot;status&quot;: &quot;SEND&quot;
            },
            {
                &quot;time&quot;: &quot;2022-02-16T09:36:06.488Z&quot;,
                &quot;status&quot;: &quot;DELIVERED&quot;
            },
            {
                &quot;time&quot;: &quot;2022-02-16T09:36:07.318Z&quot;,
                &quot;status&quot;: &quot;PENDING&quot;
            },
            {
                &quot;time&quot;: &quot;2022-02-16T09:36:07.358Z&quot;,
                &quot;status&quot;: &quot;SEND&quot;
            },
            {
                &quot;time&quot;: &quot;2022-02-16T09:36:07.393Z&quot;,
                &quot;status&quot;: &quot;DELIVERED&quot;
            },
            {
                &quot;time&quot;: &quot;2022-02-16T09:36:30.178Z&quot;,
                &quot;status&quot;: &quot;PENDING&quot;
            },
            {
                &quot;time&quot;: &quot;2022-02-16T09:36:30.210Z&quot;,
                &quot;status&quot;: &quot;SEND&quot;
            },
            {
                &quot;time&quot;: &quot;2022-02-16T09:36:30.248Z&quot;,
                &quot;status&quot;: &quot;DELIVERED&quot;
            },
            {
                &quot;time&quot;: &quot;2022-02-16T09:36:31.123Z&quot;,
                &quot;status&quot;: &quot;PENDING&quot;
            },
            {
                &quot;time&quot;: &quot;2022-02-16T09:36:31.156Z&quot;,
                &quot;status&quot;: &quot;SEND&quot;
            },
            {
                &quot;time&quot;: &quot;2022-02-16T09:36:31.207Z&quot;,
                &quot;status&quot;: &quot;DELIVERED&quot;
            },
            {
                &quot;time&quot;: &quot;2022-02-16T09:37:08.443Z&quot;,
                &quot;status&quot;: &quot;PENDING&quot;
            },
            {
                &quot;time&quot;: &quot;2022-02-16T09:37:08.481Z&quot;,
                &quot;status&quot;: &quot;SEND&quot;
            },
            {
                &quot;time&quot;: &quot;2022-02-16T09:37:08.522Z&quot;,
                &quot;status&quot;: &quot;DELIVERED&quot;
            },
            {
                &quot;time&quot;: &quot;2022-02-16T09:37:09.439Z&quot;,
                &quot;status&quot;: &quot;PENDING&quot;
            },
            {
                &quot;time&quot;: &quot;2022-02-16T09:37:09.478Z&quot;,
                &quot;status&quot;: &quot;SEND&quot;
            },
            {
                &quot;time&quot;: &quot;2022-02-16T09:37:09.516Z&quot;,
                &quot;status&quot;: &quot;DELIVERED&quot;
            },
            {
                &quot;time&quot;: &quot;2022-02-16T09:37:13.026Z&quot;,
                &quot;status&quot;: &quot;PENDING&quot;
            },
            {
                &quot;time&quot;: &quot;2022-02-16T09:37:13.068Z&quot;,
                &quot;status&quot;: &quot;SEND&quot;
            },
            {
                &quot;time&quot;: &quot;2022-02-16T09:37:13.106Z&quot;,
                &quot;status&quot;: &quot;DELIVERED&quot;
            },
            {
                &quot;time&quot;: &quot;2022-02-16T09:37:37.817Z&quot;,
                &quot;status&quot;: &quot;PENDING&quot;
            },
            {
                &quot;time&quot;: &quot;2022-02-16T09:37:37.857Z&quot;,
                &quot;status&quot;: &quot;SEND&quot;
            },
            {
                &quot;time&quot;: &quot;2022-02-16T09:37:37.893Z&quot;,
                &quot;status&quot;: &quot;DELIVERED&quot;
            },
            {
                &quot;time&quot;: &quot;2022-02-16T09:37:38.638Z&quot;,
                &quot;status&quot;: &quot;PENDING&quot;
            },
            {
                &quot;time&quot;: &quot;2022-02-16T09:37:38.675Z&quot;,
                &quot;status&quot;: &quot;SEND&quot;
            },
            {
                &quot;time&quot;: &quot;2022-02-16T09:37:38.712Z&quot;,
                &quot;status&quot;: &quot;DELIVERED&quot;
            },
            {
                &quot;time&quot;: &quot;2022-02-16T09:38:03.926Z&quot;,
                &quot;status&quot;: &quot;PENDING&quot;
            },
            {
                &quot;time&quot;: &quot;2022-02-16T09:38:03.965Z&quot;,
                &quot;status&quot;: &quot;SEND&quot;
            },
            {
                &quot;time&quot;: &quot;2022-02-16T09:38:04.001Z&quot;,
                &quot;status&quot;: &quot;DELIVERED&quot;
            },
            {
                &quot;time&quot;: &quot;2022-02-16T09:38:04.819Z&quot;,
                &quot;status&quot;: &quot;PENDING&quot;
            },
            {
                &quot;time&quot;: &quot;2022-02-16T09:38:04.864Z&quot;,
                &quot;status&quot;: &quot;SEND&quot;
            },
            {
                &quot;time&quot;: &quot;2022-02-16T09:38:04.911Z&quot;,
                &quot;status&quot;: &quot;DELIVERED&quot;
            },
            {
                &quot;time&quot;: &quot;2022-02-16T09:53:50.860Z&quot;,
                &quot;status&quot;: &quot;PENDING&quot;
            },
            {
                &quot;time&quot;: &quot;2022-02-16T09:53:50.900Z&quot;,
                &quot;status&quot;: &quot;SEND&quot;
            },
            {
                &quot;time&quot;: &quot;2022-02-16T09:53:50.939Z&quot;,
                &quot;status&quot;: &quot;DELIVERED&quot;
            },
            {
                &quot;time&quot;: &quot;2022-02-16T09:53:51.831Z&quot;,
                &quot;status&quot;: &quot;PENDING&quot;
            },
            {
                &quot;time&quot;: &quot;2022-02-16T09:53:51.869Z&quot;,
                &quot;status&quot;: &quot;SEND&quot;
            },
            {
                &quot;time&quot;: &quot;2022-02-16T09:53:51.917Z&quot;,
                &quot;status&quot;: &quot;DELIVERED&quot;
            },
            {
                &quot;time&quot;: &quot;2022-02-16T09:56:32.333Z&quot;,
                &quot;status&quot;: &quot;PENDING&quot;
            },
            {
                &quot;time&quot;: &quot;2022-02-16T09:56:32.376Z&quot;,
                &quot;status&quot;: &quot;SEND&quot;
            },
            {
                &quot;time&quot;: &quot;2022-02-16T09:56:32.413Z&quot;,
                &quot;status&quot;: &quot;DELIVERED&quot;
            },
            {
                &quot;time&quot;: &quot;2022-02-16T09:56:33.226Z&quot;,
                &quot;status&quot;: &quot;PENDING&quot;
            },
            {
                &quot;time&quot;: &quot;2022-02-16T09:56:33.279Z&quot;,
                &quot;status&quot;: &quot;SEND&quot;
            },
            {
                &quot;time&quot;: &quot;2022-02-16T09:56:33.321Z&quot;,
                &quot;status&quot;: &quot;DELIVERED&quot;
            },
            {
                &quot;time&quot;: &quot;2022-02-16T09:59:11.843Z&quot;,
                &quot;status&quot;: &quot;PENDING&quot;
            },
            {
                &quot;time&quot;: &quot;2022-02-16T09:59:11.885Z&quot;,
                &quot;status&quot;: &quot;SEND&quot;
            },
            {
                &quot;time&quot;: &quot;2022-02-16T09:59:11.929Z&quot;,
                &quot;status&quot;: &quot;DELIVERED&quot;
            },
            {
                &quot;time&quot;: &quot;2022-02-16T09:59:12.799Z&quot;,
                &quot;status&quot;: &quot;PENDING&quot;
            },
            {
                &quot;time&quot;: &quot;2022-02-16T09:59:12.857Z&quot;,
                &quot;status&quot;: &quot;SEND&quot;
            },
            {
                &quot;time&quot;: &quot;2022-02-16T09:59:12.913Z&quot;,
                &quot;status&quot;: &quot;DELIVERED&quot;
            },
            {
                &quot;time&quot;: &quot;2022-02-16T10:01:50.751Z&quot;,
                &quot;status&quot;: &quot;PENDING&quot;
            },
            {
                &quot;time&quot;: &quot;2022-02-16T10:01:50.791Z&quot;,
                &quot;status&quot;: &quot;SEND&quot;
            },
            {
                &quot;time&quot;: &quot;2022-02-16T10:01:50.828Z&quot;,
                &quot;status&quot;: &quot;DELIVERED&quot;
            },
            {
                &quot;time&quot;: &quot;2022-02-16T10:01:51.673Z&quot;,
                &quot;status&quot;: &quot;PENDING&quot;
            },
            {
                &quot;time&quot;: &quot;2022-02-16T10:01:51.713Z&quot;,
                &quot;status&quot;: &quot;SEND&quot;
            },
            {
                &quot;time&quot;: &quot;2022-02-16T10:01:51.755Z&quot;,
                &quot;status&quot;: &quot;DELIVERED&quot;
            },
            {
                &quot;time&quot;: &quot;2022-02-16T10:04:30.106Z&quot;,
                &quot;status&quot;: &quot;PENDING&quot;
            },
            {
                &quot;time&quot;: &quot;2022-02-16T10:04:30.153Z&quot;,
                &quot;status&quot;: &quot;SEND&quot;
            },
            {
                &quot;time&quot;: &quot;2022-02-16T10:04:30.200Z&quot;,
                &quot;status&quot;: &quot;DELIVERED&quot;
            },
            {
                &quot;time&quot;: &quot;2022-02-16T10:04:31.076Z&quot;,
                &quot;status&quot;: &quot;PENDING&quot;
            },
            {
                &quot;time&quot;: &quot;2022-02-16T10:04:31.122Z&quot;,
                &quot;status&quot;: &quot;SEND&quot;
            },
            {
                &quot;time&quot;: &quot;2022-02-16T10:04:31.164Z&quot;,
                &quot;status&quot;: &quot;DELIVERED&quot;
            },
            {
                &quot;time&quot;: &quot;2022-02-16T10:07:10.462Z&quot;,
                &quot;status&quot;: &quot;PENDING&quot;
            },
            {
                &quot;time&quot;: &quot;2022-02-16T10:07:10.499Z&quot;,
                &quot;status&quot;: &quot;SEND&quot;
            },
            {
                &quot;time&quot;: &quot;2022-02-16T10:07:10.537Z&quot;,
                &quot;status&quot;: &quot;DELIVERED&quot;
            },
            {
                &quot;time&quot;: &quot;2022-02-16T10:07:11.343Z&quot;,
                &quot;status&quot;: &quot;PENDING&quot;
            },
            {
                &quot;time&quot;: &quot;2022-02-16T10:07:11.380Z&quot;,
                &quot;status&quot;: &quot;SEND&quot;
            },
            {
                &quot;time&quot;: &quot;2022-02-16T10:07:11.418Z&quot;,
                &quot;status&quot;: &quot;DELIVERED&quot;
            },
            {
                &quot;time&quot;: &quot;2022-02-16T10:09:49.720Z&quot;,
                &quot;status&quot;: &quot;PENDING&quot;
            },
            {
                &quot;time&quot;: &quot;2022-02-16T10:09:49.762Z&quot;,
                &quot;status&quot;: &quot;SEND&quot;
            },
            {
                &quot;time&quot;: &quot;2022-02-16T10:09:49.803Z&quot;,
                &quot;status&quot;: &quot;DELIVERED&quot;
            },
            {
                &quot;time&quot;: &quot;2022-02-16T10:09:50.610Z&quot;,
                &quot;status&quot;: &quot;PENDING&quot;
            },
            {
                &quot;time&quot;: &quot;2022-02-16T10:09:50.651Z&quot;,
                &quot;status&quot;: &quot;SEND&quot;
            },
            {
                &quot;time&quot;: &quot;2022-02-16T10:09:50.691Z&quot;,
                &quot;status&quot;: &quot;DELIVERED&quot;
            },
            {
                &quot;time&quot;: &quot;2022-02-16T10:12:29.403Z&quot;,
                &quot;status&quot;: &quot;PENDING&quot;
            },
            {
                &quot;time&quot;: &quot;2022-02-16T10:12:29.449Z&quot;,
                &quot;status&quot;: &quot;SEND&quot;
            },
            {
                &quot;time&quot;: &quot;2022-02-16T10:12:29.494Z&quot;,
                &quot;status&quot;: &quot;DELIVERED&quot;
            },
            {
                &quot;time&quot;: &quot;2022-02-16T10:12:30.338Z&quot;,
                &quot;status&quot;: &quot;PENDING&quot;
            },
            {
                &quot;time&quot;: &quot;2022-02-16T10:12:30.379Z&quot;,
                &quot;status&quot;: &quot;SEND&quot;
            },
            {
                &quot;time&quot;: &quot;2022-02-16T10:12:30.423Z&quot;,
                &quot;status&quot;: &quot;DELIVERED&quot;
            },
            {
                &quot;time&quot;: &quot;2022-02-16T10:15:08.464Z&quot;,
                &quot;status&quot;: &quot;PENDING&quot;
            },
            {
                &quot;time&quot;: &quot;2022-02-16T10:15:08.507Z&quot;,
                &quot;status&quot;: &quot;SEND&quot;
            },
            {
                &quot;time&quot;: &quot;2022-02-16T10:15:08.549Z&quot;,
                &quot;status&quot;: &quot;DELIVERED&quot;
            },
            {
                &quot;time&quot;: &quot;2022-02-16T10:15:09.384Z&quot;,
                &quot;status&quot;: &quot;PENDING&quot;
            },
            {
                &quot;time&quot;: &quot;2022-02-16T10:15:09.428Z&quot;,
                &quot;status&quot;: &quot;SEND&quot;
            }
        ],
        &quot;status&quot;: &quot;DELIVERED&quot;
    },
    &quot;creationTime&quot;: &quot;2022-02-16T09:22:46.140Z&quot;,
    &quot;deviceId&quot;: &quot;14273295&quot;,
    &quot;deviceName&quot;: &quot;offsitec&quot;,
    &quot;self&quot;: &quot;https://t493319102.eu-latest.cumulocity.com/devicecontrol/operations/14275540&quot;,
    &quot;id&quot;: &quot;14275540&quot;,
    &quot;status&quot;: &quot;PENDING&quot;,
    &quot;c8y_LogfileRequest&quot;: {
        &quot;searchText&quot;: &quot;&quot;,
        &quot;logFile&quot;: &quot;software-management&quot;,
        &quot;dateTo&quot;: &quot;2021-11-21T18:55:49+0530&quot;,
        &quot;dateFrom&quot;: &quot;2021-11-15T18:55:49+0530&quot;,
        &quot;maximumLines&quot;: 300
    },
    &quot;description&quot;: &quot;Log file request&quot;
}
10:16:45 DEBUG Final URL of the request: https://thin-edge-io.eu-latest.cumulocity.com/devicecontrol/operations?deviceId=14273295&amp;pageSize=1&amp;revert=true&amp;dateFrom=1970-01-01T00%3A00%3A00.000Z
10:16:45 INFO  State of current operation: PENDING
10:16:45 DEBUG Final URL of the request: https://thin-edge-io.eu-latest.cumulocity.com/devicecontrol/operations?deviceId=14273295&amp;pageSize=1&amp;revert=true&amp;dateFrom=1970-01-01T00%3A00%3A00.000Z
10:16:45 DEBUG State of current operation: {
    &quot;delivery&quot;: {
        &quot;time&quot;: &quot;2022-02-16T10:15:09.472Z&quot;,
        &quot;log&quot;: [
            {
                &quot;time&quot;: &quot;2022-02-16T09:22:46.166Z&quot;,
                &quot;status&quot;: &quot;PENDING&quot;
            },
            {
                &quot;time&quot;: &quot;2022-02-16T09:22:46.185Z&quot;,
                &quot;status&quot;: &quot;SEND&quot;
            },
            {
                &quot;time&quot;: &quot;2022-02-16T09:22:46.219Z&quot;,
                &quot;status&quot;: &quot;DELIVERED&quot;
            },
            {
                &quot;time&quot;: &quot;2022-02-16T09:23:55.047Z&quot;,
                &quot;status&quot;: &quot;PENDING&quot;
            },
            {
                &quot;time&quot;: &quot;2022-02-16T09:23:55.077Z&quot;,
                &quot;status&quot;: &quot;SEND&quot;
            },
            {
                &quot;time&quot;: &quot;2022-02-16T09:23:55.114Z&quot;,
                &quot;status&quot;: &quot;DELIVERED&quot;
            },
            {
                &quot;time&quot;: &quot;2022-02-16T09:23:55.901Z&quot;,
                &quot;status&quot;: &quot;PENDING&quot;
            },
            {
                &quot;time&quot;: &quot;2022-02-16T09:23:55.930Z&quot;,
                &quot;status&quot;: &quot;SEND&quot;
            },
            {
                &quot;time&quot;: &quot;2022-02-16T09:23:55.967Z&quot;,
                &quot;status&quot;: &quot;DELIVERED&quot;
            },
            {
                &quot;time&quot;: &quot;2022-02-16T09:24:55.073Z&quot;,
                &quot;status&quot;: &quot;PENDING&quot;
            },
            {
                &quot;time&quot;: &quot;2022-02-16T09:24:55.106Z&quot;,
                &quot;status&quot;: &quot;SEND&quot;
            },
            {
                &quot;time&quot;: &quot;2022-02-16T09:24:55.144Z&quot;,
                &quot;status&quot;: &quot;DELIVERED&quot;
            },
            {
                &quot;time&quot;: &quot;2022-02-16T09:24:55.971Z&quot;,
                &quot;status&quot;: &quot;PENDING&quot;
            },
            {
                &quot;time&quot;: &quot;2022-02-16T09:24:56.008Z&quot;,
                &quot;status&quot;: &quot;SEND&quot;
            },
            {
                &quot;time&quot;: &quot;2022-02-16T09:24:56.044Z&quot;,
                &quot;status&quot;: &quot;DELIVERED&quot;
            },
            {
                &quot;time&quot;: &quot;2022-02-16T09:26:09.362Z&quot;,
                &quot;status&quot;: &quot;PENDING&quot;
            },
            {
                &quot;time&quot;: &quot;2022-02-16T09:26:09.392Z&quot;,
                &quot;status&quot;: &quot;SEND&quot;
            },
            {
                &quot;time&quot;: &quot;2022-02-16T09:26:09.428Z&quot;,
                &quot;status&quot;: &quot;DELIVERED&quot;
            },
            {
                &quot;time&quot;: &quot;2022-02-16T09:26:10.287Z&quot;,
                &quot;status&quot;: &quot;PENDING&quot;
            },
            {
                &quot;time&quot;: &quot;2022-02-16T09:26:10.317Z&quot;,
                &quot;status&quot;: &quot;SEND&quot;
            },
            {
                &quot;time&quot;: &quot;2022-02-16T09:26:10.353Z&quot;,
                &quot;status&quot;: &quot;DELIVERED&quot;
            },
            {
                &quot;time&quot;: &quot;2022-02-16T09:27:24.861Z&quot;,
                &quot;status&quot;: &quot;PENDING&quot;
            },
            {
                &quot;time&quot;: &quot;2022-02-16T09:27:24.898Z&quot;,
                &quot;status&quot;: &quot;SEND&quot;
            },
            {
                &quot;time&quot;: &quot;2022-02-16T09:27:24.935Z&quot;,
                &quot;status&quot;: &quot;DELIVERED&quot;
            },
            {
                &quot;time&quot;: &quot;2022-02-16T09:27:25.773Z&quot;,
                &quot;status&quot;: &quot;PENDING&quot;
            },
            {
                &quot;time&quot;: &quot;2022-02-16T09:27:25.812Z&quot;,
                &quot;status&quot;: &quot;SEND&quot;
            },
            {
                &quot;time&quot;: &quot;2022-02-16T09:27:25.849Z&quot;,
                &quot;status&quot;: &quot;DELIVERED&quot;
            },
            {
                &quot;time&quot;: &quot;2022-02-16T09:28:06.037Z&quot;,
                &quot;status&quot;: &quot;PENDING&quot;
            },
            {
                &quot;time&quot;: &quot;2022-02-16T09:28:06.069Z&quot;,
                &quot;status&quot;: &quot;SEND&quot;
            },
            {
                &quot;time&quot;: &quot;2022-02-16T09:28:06.107Z&quot;,
                &quot;status&quot;: &quot;DELIVERED&quot;
            },
            {
                &quot;time&quot;: &quot;2022-02-16T09:28:06.968Z&quot;,
                &quot;status&quot;: &quot;PENDING&quot;
            },
            {
                &quot;time&quot;: &quot;2022-02-16T09:28:07.002Z&quot;,
                &quot;status&quot;: &quot;SEND&quot;
            },
            {
                &quot;time&quot;: &quot;2022-02-16T09:28:07.039Z&quot;,
                &quot;status&quot;: &quot;DELIVERED&quot;
            },
            {
                &quot;time&quot;: &quot;2022-02-16T09:28:58.713Z&quot;,
                &quot;status&quot;: &quot;PENDING&quot;
            },
            {
                &quot;time&quot;: &quot;2022-02-16T09:28:58.744Z&quot;,
                &quot;status&quot;: &quot;SEND&quot;
            },
            {
                &quot;time&quot;: &quot;2022-02-16T09:28:58.782Z&quot;,
                &quot;status&quot;: &quot;DELIVERED&quot;
            },
            {
                &quot;time&quot;: &quot;2022-02-16T09:28:59.589Z&quot;,
                &quot;status&quot;: &quot;PENDING&quot;
            },
            {
                &quot;time&quot;: &quot;2022-02-16T09:28:59.620Z&quot;,
                &quot;status&quot;: &quot;SEND&quot;
            },
            {
                &quot;time&quot;: &quot;2022-02-16T09:28:59.658Z&quot;,
                &quot;status&quot;: &quot;DELIVERED&quot;
            },
            {
                &quot;time&quot;: &quot;2022-02-16T09:29:51.098Z&quot;,
                &quot;status&quot;: &quot;PENDING&quot;
            },
            {
                &quot;time&quot;: &quot;2022-02-16T09:29:51.134Z&quot;,
                &quot;status&quot;: &quot;SEND&quot;
            },
            {
                &quot;time&quot;: &quot;2022-02-16T09:29:51.171Z&quot;,
                &quot;status&quot;: &quot;DELIVERED&quot;
            },
            {
                &quot;time&quot;: &quot;2022-02-16T09:29:52.013Z&quot;,
                &quot;status&quot;: &quot;PENDING&quot;
            },
            {
                &quot;time&quot;: &quot;2022-02-16T09:29:52.047Z&quot;,
                &quot;status&quot;: &quot;SEND&quot;
            },
            {
                &quot;time&quot;: &quot;2022-02-16T09:29:52.089Z&quot;,
                &quot;status&quot;: &quot;DELIVERED&quot;
            },
            {
                &quot;time&quot;: &quot;2022-02-16T09:30:33.494Z&quot;,
                &quot;status&quot;: &quot;PENDING&quot;
            },
            {
                &quot;time&quot;: &quot;2022-02-16T09:30:33.534Z&quot;,
                &quot;status&quot;: &quot;SEND&quot;
            },
            {
                &quot;time&quot;: &quot;2022-02-16T09:30:33.571Z&quot;,
                &quot;status&quot;: &quot;DELIVERED&quot;
            },
            {
                &quot;time&quot;: &quot;2022-02-16T09:30:34.412Z&quot;,
                &quot;status&quot;: &quot;PENDING&quot;
            },
            {
                &quot;time&quot;: &quot;2022-02-16T09:30:34.453Z&quot;,
                &quot;status&quot;: &quot;SEND&quot;
            },
            {
                &quot;time&quot;: &quot;2022-02-16T09:30:34.488Z&quot;,
                &quot;status&quot;: &quot;DELIVERED&quot;
            },
            {
                &quot;time&quot;: &quot;2022-02-16T09:32:49.337Z&quot;,
                &quot;status&quot;: &quot;PENDING&quot;
            },
            {
                &quot;time&quot;: &quot;2022-02-16T09:32:49.371Z&quot;,
                &quot;status&quot;: &quot;SEND&quot;
            },
            {
                &quot;time&quot;: &quot;2022-02-16T09:32:49.408Z&quot;,
                &quot;status&quot;: &quot;DELIVERED&quot;
            },
            {
                &quot;time&quot;: &quot;2022-02-16T09:32:50.347Z&quot;,
                &quot;status&quot;: &quot;PENDING&quot;
            },
            {
                &quot;time&quot;: &quot;2022-02-16T09:32:50.382Z&quot;,
                &quot;status&quot;: &quot;SEND&quot;
            },
            {
                &quot;time&quot;: &quot;2022-02-16T09:32:50.423Z&quot;,
                &quot;status&quot;: &quot;DELIVERED&quot;
            },
            {
                &quot;time&quot;: &quot;2022-02-16T09:35:18.696Z&quot;,
                &quot;status&quot;: &quot;PENDING&quot;
            },
            {
                &quot;time&quot;: &quot;2022-02-16T09:35:18.734Z&quot;,
                &quot;status&quot;: &quot;SEND&quot;
            },
            {
                &quot;time&quot;: &quot;2022-02-16T09:35:18.769Z&quot;,
                &quot;status&quot;: &quot;DELIVERED&quot;
            },
            {
                &quot;time&quot;: &quot;2022-02-16T09:35:41.813Z&quot;,
                &quot;status&quot;: &quot;PENDING&quot;
            },
            {
                &quot;time&quot;: &quot;2022-02-16T09:35:41.852Z&quot;,
                &quot;status&quot;: &quot;SEND&quot;
            },
            {
                &quot;time&quot;: &quot;2022-02-16T09:35:41.891Z&quot;,
                &quot;status&quot;: &quot;DELIVERED&quot;
            },
            {
                &quot;time&quot;: &quot;2022-02-16T09:35:42.766Z&quot;,
                &quot;status&quot;: &quot;PENDING&quot;
            },
            {
                &quot;time&quot;: &quot;2022-02-16T09:35:42.811Z&quot;,
                &quot;status&quot;: &quot;SEND&quot;
            },
            {
                &quot;time&quot;: &quot;2022-02-16T09:35:42.849Z&quot;,
                &quot;status&quot;: &quot;DELIVERED&quot;
            },
            {
                &quot;time&quot;: &quot;2022-02-16T09:36:06.394Z&quot;,
                &quot;status&quot;: &quot;PENDING&quot;
            },
            {
                &quot;time&quot;: &quot;2022-02-16T09:36:06.432Z&quot;,
                &quot;status&quot;: &quot;SEND&quot;
            },
            {
                &quot;time&quot;: &quot;2022-02-16T09:36:06.488Z&quot;,
                &quot;status&quot;: &quot;DELIVERED&quot;
            },
            {
                &quot;time&quot;: &quot;2022-02-16T09:36:07.318Z&quot;,
                &quot;status&quot;: &quot;PENDING&quot;
            },
            {
                &quot;time&quot;: &quot;2022-02-16T09:36:07.358Z&quot;,
                &quot;status&quot;: &quot;SEND&quot;
            },
            {
                &quot;time&quot;: &quot;2022-02-16T09:36:07.393Z&quot;,
                &quot;status&quot;: &quot;DELIVERED&quot;
            },
            {
                &quot;time&quot;: &quot;2022-02-16T09:36:30.178Z&quot;,
                &quot;status&quot;: &quot;PENDING&quot;
            },
            {
                &quot;time&quot;: &quot;2022-02-16T09:36:30.210Z&quot;,
                &quot;status&quot;: &quot;SEND&quot;
            },
            {
                &quot;time&quot;: &quot;2022-02-16T09:36:30.248Z&quot;,
                &quot;status&quot;: &quot;DELIVERED&quot;
            },
            {
                &quot;time&quot;: &quot;2022-02-16T09:36:31.123Z&quot;,
                &quot;status&quot;: &quot;PENDING&quot;
            },
            {
                &quot;time&quot;: &quot;2022-02-16T09:36:31.156Z&quot;,
                &quot;status&quot;: &quot;SEND&quot;
            },
            {
                &quot;time&quot;: &quot;2022-02-16T09:36:31.207Z&quot;,
                &quot;status&quot;: &quot;DELIVERED&quot;
            },
            {
                &quot;time&quot;: &quot;2022-02-16T09:37:08.443Z&quot;,
                &quot;status&quot;: &quot;PENDING&quot;
            },
            {
                &quot;time&quot;: &quot;2022-02-16T09:37:08.481Z&quot;,
                &quot;status&quot;: &quot;SEND&quot;
            },
            {
                &quot;time&quot;: &quot;2022-02-16T09:37:08.522Z&quot;,
                &quot;status&quot;: &quot;DELIVERED&quot;
            },
            {
                &quot;time&quot;: &quot;2022-02-16T09:37:09.439Z&quot;,
                &quot;status&quot;: &quot;PENDING&quot;
            },
            {
                &quot;time&quot;: &quot;2022-02-16T09:37:09.478Z&quot;,
                &quot;status&quot;: &quot;SEND&quot;
            },
            {
                &quot;time&quot;: &quot;2022-02-16T09:37:09.516Z&quot;,
                &quot;status&quot;: &quot;DELIVERED&quot;
            },
            {
                &quot;time&quot;: &quot;2022-02-16T09:37:13.026Z&quot;,
                &quot;status&quot;: &quot;PENDING&quot;
            },
            {
                &quot;time&quot;: &quot;2022-02-16T09:37:13.068Z&quot;,
                &quot;status&quot;: &quot;SEND&quot;
            },
            {
                &quot;time&quot;: &quot;2022-02-16T09:37:13.106Z&quot;,
                &quot;status&quot;: &quot;DELIVERED&quot;
            },
            {
                &quot;time&quot;: &quot;2022-02-16T09:37:37.817Z&quot;,
                &quot;status&quot;: &quot;PENDING&quot;
            },
            {
                &quot;time&quot;: &quot;2022-02-16T09:37:37.857Z&quot;,
                &quot;status&quot;: &quot;SEND&quot;
            },
            {
                &quot;time&quot;: &quot;2022-02-16T09:37:37.893Z&quot;,
                &quot;status&quot;: &quot;DELIVERED&quot;
            },
            {
                &quot;time&quot;: &quot;2022-02-16T09:37:38.638Z&quot;,
                &quot;status&quot;: &quot;PENDING&quot;
            },
            {
                &quot;time&quot;: &quot;2022-02-16T09:37:38.675Z&quot;,
                &quot;status&quot;: &quot;SEND&quot;
            },
            {
                &quot;time&quot;: &quot;2022-02-16T09:37:38.712Z&quot;,
                &quot;status&quot;: &quot;DELIVERED&quot;
            },
            {
                &quot;time&quot;: &quot;2022-02-16T09:38:03.926Z&quot;,
                &quot;status&quot;: &quot;PENDING&quot;
            },
            {
                &quot;time&quot;: &quot;2022-02-16T09:38:03.965Z&quot;,
                &quot;status&quot;: &quot;SEND&quot;
            },
            {
                &quot;time&quot;: &quot;2022-02-16T09:38:04.001Z&quot;,
                &quot;status&quot;: &quot;DELIVERED&quot;
            },
            {
                &quot;time&quot;: &quot;2022-02-16T09:38:04.819Z&quot;,
                &quot;status&quot;: &quot;PENDING&quot;
            },
            {
                &quot;time&quot;: &quot;2022-02-16T09:38:04.864Z&quot;,
                &quot;status&quot;: &quot;SEND&quot;
            },
            {
                &quot;time&quot;: &quot;2022-02-16T09:38:04.911Z&quot;,
                &quot;status&quot;: &quot;DELIVERED&quot;
            },
            {
                &quot;time&quot;: &quot;2022-02-16T09:53:50.860Z&quot;,
                &quot;status&quot;: &quot;PENDING&quot;
            },
            {
                &quot;time&quot;: &quot;2022-02-16T09:53:50.900Z&quot;,
                &quot;status&quot;: &quot;SEND&quot;
            },
            {
                &quot;time&quot;: &quot;2022-02-16T09:53:50.939Z&quot;,
                &quot;status&quot;: &quot;DELIVERED&quot;
            },
            {
                &quot;time&quot;: &quot;2022-02-16T09:53:51.831Z&quot;,
                &quot;status&quot;: &quot;PENDING&quot;
            },
            {
                &quot;time&quot;: &quot;2022-02-16T09:53:51.869Z&quot;,
                &quot;status&quot;: &quot;SEND&quot;
            },
            {
                &quot;time&quot;: &quot;2022-02-16T09:53:51.917Z&quot;,
                &quot;status&quot;: &quot;DELIVERED&quot;
            },
            {
                &quot;time&quot;: &quot;2022-02-16T09:56:32.333Z&quot;,
                &quot;status&quot;: &quot;PENDING&quot;
            },
            {
                &quot;time&quot;: &quot;2022-02-16T09:56:32.376Z&quot;,
                &quot;status&quot;: &quot;SEND&quot;
            },
            {
                &quot;time&quot;: &quot;2022-02-16T09:56:32.413Z&quot;,
                &quot;status&quot;: &quot;DELIVERED&quot;
            },
            {
                &quot;time&quot;: &quot;2022-02-16T09:56:33.226Z&quot;,
                &quot;status&quot;: &quot;PENDING&quot;
            },
            {
                &quot;time&quot;: &quot;2022-02-16T09:56:33.279Z&quot;,
                &quot;status&quot;: &quot;SEND&quot;
            },
            {
                &quot;time&quot;: &quot;2022-02-16T09:56:33.321Z&quot;,
                &quot;status&quot;: &quot;DELIVERED&quot;
            },
            {
                &quot;time&quot;: &quot;2022-02-16T09:59:11.843Z&quot;,
                &quot;status&quot;: &quot;PENDING&quot;
            },
            {
                &quot;time&quot;: &quot;2022-02-16T09:59:11.885Z&quot;,
                &quot;status&quot;: &quot;SEND&quot;
            },
            {
                &quot;time&quot;: &quot;2022-02-16T09:59:11.929Z&quot;,
                &quot;status&quot;: &quot;DELIVERED&quot;
            },
            {
                &quot;time&quot;: &quot;2022-02-16T09:59:12.799Z&quot;,
                &quot;status&quot;: &quot;PENDING&quot;
            },
            {
                &quot;time&quot;: &quot;2022-02-16T09:59:12.857Z&quot;,
                &quot;status&quot;: &quot;SEND&quot;
            },
            {
                &quot;time&quot;: &quot;2022-02-16T09:59:12.913Z&quot;,
                &quot;status&quot;: &quot;DELIVERED&quot;
            },
            {
                &quot;time&quot;: &quot;2022-02-16T10:01:50.751Z&quot;,
                &quot;status&quot;: &quot;PENDING&quot;
            },
            {
                &quot;time&quot;: &quot;2022-02-16T10:01:50.791Z&quot;,
                &quot;status&quot;: &quot;SEND&quot;
            },
            {
                &quot;time&quot;: &quot;2022-02-16T10:01:50.828Z&quot;,
                &quot;status&quot;: &quot;DELIVERED&quot;
            },
            {
                &quot;time&quot;: &quot;2022-02-16T10:01:51.673Z&quot;,
                &quot;status&quot;: &quot;PENDING&quot;
            },
            {
                &quot;time&quot;: &quot;2022-02-16T10:01:51.713Z&quot;,
                &quot;status&quot;: &quot;SEND&quot;
            },
            {
                &quot;time&quot;: &quot;2022-02-16T10:01:51.755Z&quot;,
                &quot;status&quot;: &quot;DELIVERED&quot;
            },
            {
                &quot;time&quot;: &quot;2022-02-16T10:04:30.106Z&quot;,
                &quot;status&quot;: &quot;PENDING&quot;
            },
            {
                &quot;time&quot;: &quot;2022-02-16T10:04:30.153Z&quot;,
                &quot;status&quot;: &quot;SEND&quot;
            },
            {
                &quot;time&quot;: &quot;2022-02-16T10:04:30.200Z&quot;,
                &quot;status&quot;: &quot;DELIVERED&quot;
            },
            {
                &quot;time&quot;: &quot;2022-02-16T10:04:31.076Z&quot;,
                &quot;status&quot;: &quot;PENDING&quot;
            },
            {
                &quot;time&quot;: &quot;2022-02-16T10:04:31.122Z&quot;,
                &quot;status&quot;: &quot;SEND&quot;
            },
            {
                &quot;time&quot;: &quot;2022-02-16T10:04:31.164Z&quot;,
                &quot;status&quot;: &quot;DELIVERED&quot;
            },
            {
                &quot;time&quot;: &quot;2022-02-16T10:07:10.462Z&quot;,
                &quot;status&quot;: &quot;PENDING&quot;
            },
            {
                &quot;time&quot;: &quot;2022-02-16T10:07:10.499Z&quot;,
                &quot;status&quot;: &quot;SEND&quot;
            },
            {
                &quot;time&quot;: &quot;2022-02-16T10:07:10.537Z&quot;,
                &quot;status&quot;: &quot;DELIVERED&quot;
            },
            {
                &quot;time&quot;: &quot;2022-02-16T10:07:11.343Z&quot;,
                &quot;status&quot;: &quot;PENDING&quot;
            },
            {
                &quot;time&quot;: &quot;2022-02-16T10:07:11.380Z&quot;,
                &quot;status&quot;: &quot;SEND&quot;
            },
            {
                &quot;time&quot;: &quot;2022-02-16T10:07:11.418Z&quot;,
                &quot;status&quot;: &quot;DELIVERED&quot;
            },
            {
                &quot;time&quot;: &quot;2022-02-16T10:09:49.720Z&quot;,
                &quot;status&quot;: &quot;PENDING&quot;
            },
            {
                &quot;time&quot;: &quot;2022-02-16T10:09:49.762Z&quot;,
                &quot;status&quot;: &quot;SEND&quot;
            },
            {
                &quot;time&quot;: &quot;2022-02-16T10:09:49.803Z&quot;,
                &quot;status&quot;: &quot;DELIVERED&quot;
            },
            {
                &quot;time&quot;: &quot;2022-02-16T10:09:50.610Z&quot;,
                &quot;status&quot;: &quot;PENDING&quot;
            },
            {
                &quot;time&quot;: &quot;2022-02-16T10:09:50.651Z&quot;,
                &quot;status&quot;: &quot;SEND&quot;
            },
            {
                &quot;time&quot;: &quot;2022-02-16T10:09:50.691Z&quot;,
                &quot;status&quot;: &quot;DELIVERED&quot;
            },
            {
                &quot;time&quot;: &quot;2022-02-16T10:12:29.403Z&quot;,
                &quot;status&quot;: &quot;PENDING&quot;
            },
            {
                &quot;time&quot;: &quot;2022-02-16T10:12:29.449Z&quot;,
                &quot;status&quot;: &quot;SEND&quot;
            },
            {
                &quot;time&quot;: &quot;2022-02-16T10:12:29.494Z&quot;,
                &quot;status&quot;: &quot;DELIVERED&quot;
            },
            {
                &quot;time&quot;: &quot;2022-02-16T10:12:30.338Z&quot;,
                &quot;status&quot;: &quot;PENDING&quot;
            },
            {
                &quot;time&quot;: &quot;2022-02-16T10:12:30.379Z&quot;,
                &quot;status&quot;: &quot;SEND&quot;
            },
            {
                &quot;time&quot;: &quot;2022-02-16T10:12:30.423Z&quot;,
                &quot;status&quot;: &quot;DELIVERED&quot;
            },
            {
                &quot;time&quot;: &quot;2022-02-16T10:15:08.464Z&quot;,
                &quot;status&quot;: &quot;PENDING&quot;
            },
            {
                &quot;time&quot;: &quot;2022-02-16T10:15:08.507Z&quot;,
                &quot;status&quot;: &quot;SEND&quot;
            },
            {
                &quot;time&quot;: &quot;2022-02-16T10:15:08.549Z&quot;,
                &quot;status&quot;: &quot;DELIVERED&quot;
            },
            {
                &quot;time&quot;: &quot;2022-02-16T10:15:09.384Z&quot;,
                &quot;status&quot;: &quot;PENDING&quot;
            },
            {
                &quot;time&quot;: &quot;2022-02-16T10:15:09.428Z&quot;,
                &quot;status&quot;: &quot;SEND&quot;
            }
        ],
        &quot;status&quot;: &quot;DELIVERED&quot;
    },
    &quot;creationTime&quot;: &quot;2022-02-16T09:22:46.140Z&quot;,
    &quot;deviceId&quot;: &quot;14273295&quot;,
    &quot;deviceName&quot;: &quot;offsitec&quot;,
    &quot;self&quot;: &quot;https://t493319102.eu-latest.cumulocity.com/devicecontrol/operations/14275540&quot;,
    &quot;id&quot;: &quot;14275540&quot;,
    &quot;status&quot;: &quot;PENDING&quot;,
    &quot;c8y_LogfileRequest&quot;: {
        &quot;searchText&quot;: &quot;&quot;,
        &quot;logFile&quot;: &quot;software-management&quot;,
        &quot;dateTo&quot;: &quot;2021-11-21T18:55:49+0530&quot;,
        &quot;dateFrom&quot;: &quot;2021-11-15T18:55:49+0530&quot;,
        &quot;maximumLines&quot;: 300
    },
    &quot;description&quot;: &quot;Log file request&quot;
}
10:16:47 DEBUG Final URL of the request: https://thin-edge-io.eu-latest.cumulocity.com/devicecontrol/operations?deviceId=14273295&amp;pageSize=1&amp;revert=true&amp;dateFrom=1970-01-01T00%3A00%3A00.000Z
10:16:47 INFO  State of current operation: PENDING
10:16:47 DEBUG Final URL of the request: https://thin-edge-io.eu-latest.cumulocity.com/devicecontrol/operations?deviceId=14273295&amp;pageSize=1&amp;revert=true&amp;dateFrom=1970-01-01T00%3A00%3A00.000Z
10:16:47 DEBUG State of current operation: {
    &quot;delivery&quot;: {
        &quot;time&quot;: &quot;2022-02-16T10:15:09.472Z&quot;,
        &quot;log&quot;: [
            {
                &quot;time&quot;: &quot;2022-02-16T09:22:46.166Z&quot;,
                &quot;status&quot;: &quot;PENDING&quot;
            },
            {
                &quot;time&quot;: &quot;2022-02-16T09:22:46.185Z&quot;,
                &quot;status&quot;: &quot;SEND&quot;
            },
            {
                &quot;time&quot;: &quot;2022-02-16T09:22:46.219Z&quot;,
                &quot;status&quot;: &quot;DELIVERED&quot;
            },
            {
                &quot;time&quot;: &quot;2022-02-16T09:23:55.047Z&quot;,
                &quot;status&quot;: &quot;PENDING&quot;
            },
            {
                &quot;time&quot;: &quot;2022-02-16T09:23:55.077Z&quot;,
                &quot;status&quot;: &quot;SEND&quot;
            },
            {
                &quot;time&quot;: &quot;2022-02-16T09:23:55.114Z&quot;,
                &quot;status&quot;: &quot;DELIVERED&quot;
            },
            {
                &quot;time&quot;: &quot;2022-02-16T09:23:55.901Z&quot;,
                &quot;status&quot;: &quot;PENDING&quot;
            },
            {
                &quot;time&quot;: &quot;2022-02-16T09:23:55.930Z&quot;,
                &quot;status&quot;: &quot;SEND&quot;
            },
            {
                &quot;time&quot;: &quot;2022-02-16T09:23:55.967Z&quot;,
                &quot;status&quot;: &quot;DELIVERED&quot;
            },
            {
                &quot;time&quot;: &quot;2022-02-16T09:24:55.073Z&quot;,
                &quot;status&quot;: &quot;PENDING&quot;
            },
            {
                &quot;time&quot;: &quot;2022-02-16T09:24:55.106Z&quot;,
                &quot;status&quot;: &quot;SEND&quot;
            },
            {
                &quot;time&quot;: &quot;2022-02-16T09:24:55.144Z&quot;,
                &quot;status&quot;: &quot;DELIVERED&quot;
            },
            {
                &quot;time&quot;: &quot;2022-02-16T09:24:55.971Z&quot;,
                &quot;status&quot;: &quot;PENDING&quot;
            },
            {
                &quot;time&quot;: &quot;2022-02-16T09:24:56.008Z&quot;,
                &quot;status&quot;: &quot;SEND&quot;
            },
            {
                &quot;time&quot;: &quot;2022-02-16T09:24:56.044Z&quot;,
                &quot;status&quot;: &quot;DELIVERED&quot;
            },
            {
                &quot;time&quot;: &quot;2022-02-16T09:26:09.362Z&quot;,
                &quot;status&quot;: &quot;PENDING&quot;
            },
            {
                &quot;time&quot;: &quot;2022-02-16T09:26:09.392Z&quot;,
                &quot;status&quot;: &quot;SEND&quot;
            },
            {
                &quot;time&quot;: &quot;2022-02-16T09:26:09.428Z&quot;,
                &quot;status&quot;: &quot;DELIVERED&quot;
            },
            {
                &quot;time&quot;: &quot;2022-02-16T09:26:10.287Z&quot;,
                &quot;status&quot;: &quot;PENDING&quot;
            },
            {
                &quot;time&quot;: &quot;2022-02-16T09:26:10.317Z&quot;,
                &quot;status&quot;: &quot;SEND&quot;
            },
            {
                &quot;time&quot;: &quot;2022-02-16T09:26:10.353Z&quot;,
                &quot;status&quot;: &quot;DELIVERED&quot;
            },
            {
                &quot;time&quot;: &quot;2022-02-16T09:27:24.861Z&quot;,
                &quot;status&quot;: &quot;PENDING&quot;
            },
            {
                &quot;time&quot;: &quot;2022-02-16T09:27:24.898Z&quot;,
                &quot;status&quot;: &quot;SEND&quot;
            },
            {
                &quot;time&quot;: &quot;2022-02-16T09:27:24.935Z&quot;,
                &quot;status&quot;: &quot;DELIVERED&quot;
            },
            {
                &quot;time&quot;: &quot;2022-02-16T09:27:25.773Z&quot;,
                &quot;status&quot;: &quot;PENDING&quot;
            },
            {
                &quot;time&quot;: &quot;2022-02-16T09:27:25.812Z&quot;,
                &quot;status&quot;: &quot;SEND&quot;
            },
            {
                &quot;time&quot;: &quot;2022-02-16T09:27:25.849Z&quot;,
                &quot;status&quot;: &quot;DELIVERED&quot;
            },
            {
                &quot;time&quot;: &quot;2022-02-16T09:28:06.037Z&quot;,
                &quot;status&quot;: &quot;PENDING&quot;
            },
            {
                &quot;time&quot;: &quot;2022-02-16T09:28:06.069Z&quot;,
                &quot;status&quot;: &quot;SEND&quot;
            },
            {
                &quot;time&quot;: &quot;2022-02-16T09:28:06.107Z&quot;,
                &quot;status&quot;: &quot;DELIVERED&quot;
            },
            {
                &quot;time&quot;: &quot;2022-02-16T09:28:06.968Z&quot;,
                &quot;status&quot;: &quot;PENDING&quot;
            },
            {
                &quot;time&quot;: &quot;2022-02-16T09:28:07.002Z&quot;,
                &quot;status&quot;: &quot;SEND&quot;
            },
            {
                &quot;time&quot;: &quot;2022-02-16T09:28:07.039Z&quot;,
                &quot;status&quot;: &quot;DELIVERED&quot;
            },
            {
                &quot;time&quot;: &quot;2022-02-16T09:28:58.713Z&quot;,
                &quot;status&quot;: &quot;PENDING&quot;
            },
            {
                &quot;time&quot;: &quot;2022-02-16T09:28:58.744Z&quot;,
                &quot;status&quot;: &quot;SEND&quot;
            },
            {
                &quot;time&quot;: &quot;2022-02-16T09:28:58.782Z&quot;,
                &quot;status&quot;: &quot;DELIVERED&quot;
            },
            {
                &quot;time&quot;: &quot;2022-02-16T09:28:59.589Z&quot;,
                &quot;status&quot;: &quot;PENDING&quot;
            },
            {
                &quot;time&quot;: &quot;2022-02-16T09:28:59.620Z&quot;,
                &quot;status&quot;: &quot;SEND&quot;
            },
            {
                &quot;time&quot;: &quot;2022-02-16T09:28:59.658Z&quot;,
                &quot;status&quot;: &quot;DELIVERED&quot;
            },
            {
                &quot;time&quot;: &quot;2022-02-16T09:29:51.098Z&quot;,
                &quot;status&quot;: &quot;PENDING&quot;
            },
            {
                &quot;time&quot;: &quot;2022-02-16T09:29:51.134Z&quot;,
                &quot;status&quot;: &quot;SEND&quot;
            },
            {
                &quot;time&quot;: &quot;2022-02-16T09:29:51.171Z&quot;,
                &quot;status&quot;: &quot;DELIVERED&quot;
            },
            {
                &quot;time&quot;: &quot;2022-02-16T09:29:52.013Z&quot;,
                &quot;status&quot;: &quot;PENDING&quot;
            },
            {
                &quot;time&quot;: &quot;2022-02-16T09:29:52.047Z&quot;,
                &quot;status&quot;: &quot;SEND&quot;
            },
            {
                &quot;time&quot;: &quot;2022-02-16T09:29:52.089Z&quot;,
                &quot;status&quot;: &quot;DELIVERED&quot;
            },
            {
                &quot;time&quot;: &quot;2022-02-16T09:30:33.494Z&quot;,
                &quot;status&quot;: &quot;PENDING&quot;
            },
            {
                &quot;time&quot;: &quot;2022-02-16T09:30:33.534Z&quot;,
                &quot;status&quot;: &quot;SEND&quot;
            },
            {
                &quot;time&quot;: &quot;2022-02-16T09:30:33.571Z&quot;,
                &quot;status&quot;: &quot;DELIVERED&quot;
            },
            {
                &quot;time&quot;: &quot;2022-02-16T09:30:34.412Z&quot;,
                &quot;status&quot;: &quot;PENDING&quot;
            },
            {
                &quot;time&quot;: &quot;2022-02-16T09:30:34.453Z&quot;,
                &quot;status&quot;: &quot;SEND&quot;
            },
            {
                &quot;time&quot;: &quot;2022-02-16T09:30:34.488Z&quot;,
                &quot;status&quot;: &quot;DELIVERED&quot;
            },
            {
                &quot;time&quot;: &quot;2022-02-16T09:32:49.337Z&quot;,
                &quot;status&quot;: &quot;PENDING&quot;
            },
            {
                &quot;time&quot;: &quot;2022-02-16T09:32:49.371Z&quot;,
                &quot;status&quot;: &quot;SEND&quot;
            },
            {
                &quot;time&quot;: &quot;2022-02-16T09:32:49.408Z&quot;,
                &quot;status&quot;: &quot;DELIVERED&quot;
            },
            {
                &quot;time&quot;: &quot;2022-02-16T09:32:50.347Z&quot;,
                &quot;status&quot;: &quot;PENDING&quot;
            },
            {
                &quot;time&quot;: &quot;2022-02-16T09:32:50.382Z&quot;,
                &quot;status&quot;: &quot;SEND&quot;
            },
            {
                &quot;time&quot;: &quot;2022-02-16T09:32:50.423Z&quot;,
                &quot;status&quot;: &quot;DELIVERED&quot;
            },
            {
                &quot;time&quot;: &quot;2022-02-16T09:35:18.696Z&quot;,
                &quot;status&quot;: &quot;PENDING&quot;
            },
            {
                &quot;time&quot;: &quot;2022-02-16T09:35:18.734Z&quot;,
                &quot;status&quot;: &quot;SEND&quot;
            },
            {
                &quot;time&quot;: &quot;2022-02-16T09:35:18.769Z&quot;,
                &quot;status&quot;: &quot;DELIVERED&quot;
            },
            {
                &quot;time&quot;: &quot;2022-02-16T09:35:41.813Z&quot;,
                &quot;status&quot;: &quot;PENDING&quot;
            },
            {
                &quot;time&quot;: &quot;2022-02-16T09:35:41.852Z&quot;,
                &quot;status&quot;: &quot;SEND&quot;
            },
            {
                &quot;time&quot;: &quot;2022-02-16T09:35:41.891Z&quot;,
                &quot;status&quot;: &quot;DELIVERED&quot;
            },
            {
                &quot;time&quot;: &quot;2022-02-16T09:35:42.766Z&quot;,
                &quot;status&quot;: &quot;PENDING&quot;
            },
            {
                &quot;time&quot;: &quot;2022-02-16T09:35:42.811Z&quot;,
                &quot;status&quot;: &quot;SEND&quot;
            },
            {
                &quot;time&quot;: &quot;2022-02-16T09:35:42.849Z&quot;,
                &quot;status&quot;: &quot;DELIVERED&quot;
            },
            {
                &quot;time&quot;: &quot;2022-02-16T09:36:06.394Z&quot;,
                &quot;status&quot;: &quot;PENDING&quot;
            },
            {
                &quot;time&quot;: &quot;2022-02-16T09:36:06.432Z&quot;,
                &quot;status&quot;: &quot;SEND&quot;
            },
            {
                &quot;time&quot;: &quot;2022-02-16T09:36:06.488Z&quot;,
                &quot;status&quot;: &quot;DELIVERED&quot;
            },
            {
                &quot;time&quot;: &quot;2022-02-16T09:36:07.318Z&quot;,
                &quot;status&quot;: &quot;PENDING&quot;
            },
            {
                &quot;time&quot;: &quot;2022-02-16T09:36:07.358Z&quot;,
                &quot;status&quot;: &quot;SEND&quot;
            },
            {
                &quot;time&quot;: &quot;2022-02-16T09:36:07.393Z&quot;,
                &quot;status&quot;: &quot;DELIVERED&quot;
            },
            {
                &quot;time&quot;: &quot;2022-02-16T09:36:30.178Z&quot;,
                &quot;status&quot;: &quot;PENDING&quot;
            },
            {
                &quot;time&quot;: &quot;2022-02-16T09:36:30.210Z&quot;,
                &quot;status&quot;: &quot;SEND&quot;
            },
            {
                &quot;time&quot;: &quot;2022-02-16T09:36:30.248Z&quot;,
                &quot;status&quot;: &quot;DELIVERED&quot;
            },
            {
                &quot;time&quot;: &quot;2022-02-16T09:36:31.123Z&quot;,
                &quot;status&quot;: &quot;PENDING&quot;
            },
            {
                &quot;time&quot;: &quot;2022-02-16T09:36:31.156Z&quot;,
                &quot;status&quot;: &quot;SEND&quot;
            },
            {
                &quot;time&quot;: &quot;2022-02-16T09:36:31.207Z&quot;,
                &quot;status&quot;: &quot;DELIVERED&quot;
            },
            {
                &quot;time&quot;: &quot;2022-02-16T09:37:08.443Z&quot;,
                &quot;status&quot;: &quot;PENDING&quot;
            },
            {
                &quot;time&quot;: &quot;2022-02-16T09:37:08.481Z&quot;,
                &quot;status&quot;: &quot;SEND&quot;
            },
            {
                &quot;time&quot;: &quot;2022-02-16T09:37:08.522Z&quot;,
                &quot;status&quot;: &quot;DELIVERED&quot;
            },
            {
                &quot;time&quot;: &quot;2022-02-16T09:37:09.439Z&quot;,
                &quot;status&quot;: &quot;PENDING&quot;
            },
            {
                &quot;time&quot;: &quot;2022-02-16T09:37:09.478Z&quot;,
                &quot;status&quot;: &quot;SEND&quot;
            },
            {
                &quot;time&quot;: &quot;2022-02-16T09:37:09.516Z&quot;,
                &quot;status&quot;: &quot;DELIVERED&quot;
            },
            {
                &quot;time&quot;: &quot;2022-02-16T09:37:13.026Z&quot;,
                &quot;status&quot;: &quot;PENDING&quot;
            },
            {
                &quot;time&quot;: &quot;2022-02-16T09:37:13.068Z&quot;,
                &quot;status&quot;: &quot;SEND&quot;
            },
            {
                &quot;time&quot;: &quot;2022-02-16T09:37:13.106Z&quot;,
                &quot;status&quot;: &quot;DELIVERED&quot;
            },
            {
                &quot;time&quot;: &quot;2022-02-16T09:37:37.817Z&quot;,
                &quot;status&quot;: &quot;PENDING&quot;
            },
            {
                &quot;time&quot;: &quot;2022-02-16T09:37:37.857Z&quot;,
                &quot;status&quot;: &quot;SEND&quot;
            },
            {
                &quot;time&quot;: &quot;2022-02-16T09:37:37.893Z&quot;,
                &quot;status&quot;: &quot;DELIVERED&quot;
            },
            {
                &quot;time&quot;: &quot;2022-02-16T09:37:38.638Z&quot;,
                &quot;status&quot;: &quot;PENDING&quot;
            },
            {
                &quot;time&quot;: &quot;2022-02-16T09:37:38.675Z&quot;,
                &quot;status&quot;: &quot;SEND&quot;
            },
            {
                &quot;time&quot;: &quot;2022-02-16T09:37:38.712Z&quot;,
                &quot;status&quot;: &quot;DELIVERED&quot;
            },
            {
                &quot;time&quot;: &quot;2022-02-16T09:38:03.926Z&quot;,
                &quot;status&quot;: &quot;PENDING&quot;
            },
            {
                &quot;time&quot;: &quot;2022-02-16T09:38:03.965Z&quot;,
                &quot;status&quot;: &quot;SEND&quot;
            },
            {
                &quot;time&quot;: &quot;2022-02-16T09:38:04.001Z&quot;,
                &quot;status&quot;: &quot;DELIVERED&quot;
            },
            {
                &quot;time&quot;: &quot;2022-02-16T09:38:04.819Z&quot;,
                &quot;status&quot;: &quot;PENDING&quot;
            },
            {
                &quot;time&quot;: &quot;2022-02-16T09:38:04.864Z&quot;,
                &quot;status&quot;: &quot;SEND&quot;
            },
            {
                &quot;time&quot;: &quot;2022-02-16T09:38:04.911Z&quot;,
                &quot;status&quot;: &quot;DELIVERED&quot;
            },
            {
                &quot;time&quot;: &quot;2022-02-16T09:53:50.860Z&quot;,
                &quot;status&quot;: &quot;PENDING&quot;
            },
            {
                &quot;time&quot;: &quot;2022-02-16T09:53:50.900Z&quot;,
                &quot;status&quot;: &quot;SEND&quot;
            },
            {
                &quot;time&quot;: &quot;2022-02-16T09:53:50.939Z&quot;,
                &quot;status&quot;: &quot;DELIVERED&quot;
            },
            {
                &quot;time&quot;: &quot;2022-02-16T09:53:51.831Z&quot;,
                &quot;status&quot;: &quot;PENDING&quot;
            },
            {
                &quot;time&quot;: &quot;2022-02-16T09:53:51.869Z&quot;,
                &quot;status&quot;: &quot;SEND&quot;
            },
            {
                &quot;time&quot;: &quot;2022-02-16T09:53:51.917Z&quot;,
                &quot;status&quot;: &quot;DELIVERED&quot;
            },
            {
                &quot;time&quot;: &quot;2022-02-16T09:56:32.333Z&quot;,
                &quot;status&quot;: &quot;PENDING&quot;
            },
            {
                &quot;time&quot;: &quot;2022-02-16T09:56:32.376Z&quot;,
                &quot;status&quot;: &quot;SEND&quot;
            },
            {
                &quot;time&quot;: &quot;2022-02-16T09:56:32.413Z&quot;,
                &quot;status&quot;: &quot;DELIVERED&quot;
            },
            {
                &quot;time&quot;: &quot;2022-02-16T09:56:33.226Z&quot;,
                &quot;status&quot;: &quot;PENDING&quot;
            },
            {
                &quot;time&quot;: &quot;2022-02-16T09:56:33.279Z&quot;,
                &quot;status&quot;: &quot;SEND&quot;
            },
            {
                &quot;time&quot;: &quot;2022-02-16T09:56:33.321Z&quot;,
                &quot;status&quot;: &quot;DELIVERED&quot;
            },
            {
                &quot;time&quot;: &quot;2022-02-16T09:59:11.843Z&quot;,
                &quot;status&quot;: &quot;PENDING&quot;
            },
            {
                &quot;time&quot;: &quot;2022-02-16T09:59:11.885Z&quot;,
                &quot;status&quot;: &quot;SEND&quot;
            },
            {
                &quot;time&quot;: &quot;2022-02-16T09:59:11.929Z&quot;,
                &quot;status&quot;: &quot;DELIVERED&quot;
            },
            {
                &quot;time&quot;: &quot;2022-02-16T09:59:12.799Z&quot;,
                &quot;status&quot;: &quot;PENDING&quot;
            },
            {
                &quot;time&quot;: &quot;2022-02-16T09:59:12.857Z&quot;,
                &quot;status&quot;: &quot;SEND&quot;
            },
            {
                &quot;time&quot;: &quot;2022-02-16T09:59:12.913Z&quot;,
                &quot;status&quot;: &quot;DELIVERED&quot;
            },
            {
                &quot;time&quot;: &quot;2022-02-16T10:01:50.751Z&quot;,
                &quot;status&quot;: &quot;PENDING&quot;
            },
            {
                &quot;time&quot;: &quot;2022-02-16T10:01:50.791Z&quot;,
                &quot;status&quot;: &quot;SEND&quot;
            },
            {
                &quot;time&quot;: &quot;2022-02-16T10:01:50.828Z&quot;,
                &quot;status&quot;: &quot;DELIVERED&quot;
            },
            {
                &quot;time&quot;: &quot;2022-02-16T10:01:51.673Z&quot;,
                &quot;status&quot;: &quot;PENDING&quot;
            },
            {
                &quot;time&quot;: &quot;2022-02-16T10:01:51.713Z&quot;,
                &quot;status&quot;: &quot;SEND&quot;
            },
            {
                &quot;time&quot;: &quot;2022-02-16T10:01:51.755Z&quot;,
                &quot;status&quot;: &quot;DELIVERED&quot;
            },
            {
                &quot;time&quot;: &quot;2022-02-16T10:04:30.106Z&quot;,
                &quot;status&quot;: &quot;PENDING&quot;
            },
            {
                &quot;time&quot;: &quot;2022-02-16T10:04:30.153Z&quot;,
                &quot;status&quot;: &quot;SEND&quot;
            },
            {
                &quot;time&quot;: &quot;2022-02-16T10:04:30.200Z&quot;,
                &quot;status&quot;: &quot;DELIVERED&quot;
            },
            {
                &quot;time&quot;: &quot;2022-02-16T10:04:31.076Z&quot;,
                &quot;status&quot;: &quot;PENDING&quot;
            },
            {
                &quot;time&quot;: &quot;2022-02-16T10:04:31.122Z&quot;,
                &quot;status&quot;: &quot;SEND&quot;
            },
            {
                &quot;time&quot;: &quot;2022-02-16T10:04:31.164Z&quot;,
                &quot;status&quot;: &quot;DELIVERED&quot;
            },
            {
                &quot;time&quot;: &quot;2022-02-16T10:07:10.462Z&quot;,
                &quot;status&quot;: &quot;PENDING&quot;
            },
            {
                &quot;time&quot;: &quot;2022-02-16T10:07:10.499Z&quot;,
                &quot;status&quot;: &quot;SEND&quot;
            },
            {
                &quot;time&quot;: &quot;2022-02-16T10:07:10.537Z&quot;,
                &quot;status&quot;: &quot;DELIVERED&quot;
            },
            {
                &quot;time&quot;: &quot;2022-02-16T10:07:11.343Z&quot;,
                &quot;status&quot;: &quot;PENDING&quot;
            },
            {
                &quot;time&quot;: &quot;2022-02-16T10:07:11.380Z&quot;,
                &quot;status&quot;: &quot;SEND&quot;
            },
            {
                &quot;time&quot;: &quot;2022-02-16T10:07:11.418Z&quot;,
                &quot;status&quot;: &quot;DELIVERED&quot;
            },
            {
                &quot;time&quot;: &quot;2022-02-16T10:09:49.720Z&quot;,
                &quot;status&quot;: &quot;PENDING&quot;
            },
            {
                &quot;time&quot;: &quot;2022-02-16T10:09:49.762Z&quot;,
                &quot;status&quot;: &quot;SEND&quot;
            },
            {
                &quot;time&quot;: &quot;2022-02-16T10:09:49.803Z&quot;,
                &quot;status&quot;: &quot;DELIVERED&quot;
            },
            {
                &quot;time&quot;: &quot;2022-02-16T10:09:50.610Z&quot;,
                &quot;status&quot;: &quot;PENDING&quot;
            },
            {
                &quot;time&quot;: &quot;2022-02-16T10:09:50.651Z&quot;,
                &quot;status&quot;: &quot;SEND&quot;
            },
            {
                &quot;time&quot;: &quot;2022-02-16T10:09:50.691Z&quot;,
                &quot;status&quot;: &quot;DELIVERED&quot;
            },
            {
                &quot;time&quot;: &quot;2022-02-16T10:12:29.403Z&quot;,
                &quot;status&quot;: &quot;PENDING&quot;
            },
            {
                &quot;time&quot;: &quot;2022-02-16T10:12:29.449Z&quot;,
                &quot;status&quot;: &quot;SEND&quot;
            },
            {
                &quot;time&quot;: &quot;2022-02-16T10:12:29.494Z&quot;,
                &quot;status&quot;: &quot;DELIVERED&quot;
            },
            {
                &quot;time&quot;: &quot;2022-02-16T10:12:30.338Z&quot;,
                &quot;status&quot;: &quot;PENDING&quot;
            },
            {
                &quot;time&quot;: &quot;2022-02-16T10:12:30.379Z&quot;,
                &quot;status&quot;: &quot;SEND&quot;
            },
            {
                &quot;time&quot;: &quot;2022-02-16T10:12:30.423Z&quot;,
                &quot;status&quot;: &quot;DELIVERED&quot;
            },
            {
                &quot;time&quot;: &quot;2022-02-16T10:15:08.464Z&quot;,
                &quot;status&quot;: &quot;PENDING&quot;
            },
            {
                &quot;time&quot;: &quot;2022-02-16T10:15:08.507Z&quot;,
                &quot;status&quot;: &quot;SEND&quot;
            },
            {
                &quot;time&quot;: &quot;2022-02-16T10:15:08.549Z&quot;,
                &quot;status&quot;: &quot;DELIVERED&quot;
            },
            {
                &quot;time&quot;: &quot;2022-02-16T10:15:09.384Z&quot;,
                &quot;status&quot;: &quot;PENDING&quot;
            },
            {
                &quot;time&quot;: &quot;2022-02-16T10:15:09.428Z&quot;,
                &quot;status&quot;: &quot;SEND&quot;
            }
        ],
        &quot;status&quot;: &quot;DELIVERED&quot;
    },
    &quot;creationTime&quot;: &quot;2022-02-16T09:22:46.140Z&quot;,
    &quot;deviceId&quot;: &quot;14273295&quot;,
    &quot;deviceName&quot;: &quot;offsitec&quot;,
    &quot;self&quot;: &quot;https://t493319102.eu-latest.cumulocity.com/devicecontrol/operations/14275540&quot;,
    &quot;id&quot;: &quot;14275540&quot;,
    &quot;status&quot;: &quot;PENDING&quot;,
    &quot;c8y_LogfileRequest&quot;: {
        &quot;searchText&quot;: &quot;&quot;,
        &quot;logFile&quot;: &quot;software-management&quot;,
        &quot;dateTo&quot;: &quot;2021-11-21T18:55:49+0530&quot;,
        &quot;dateFrom&quot;: &quot;2021-11-15T18:55:49+0530&quot;,
        &quot;maximumLines&quot;: 300
    },
    &quot;description&quot;: &quot;Log file request&quot;
}
10:16:49 DEBUG Final URL of the request: https://thin-edge-io.eu-latest.cumulocity.com/devicecontrol/operations?deviceId=14273295&amp;pageSize=1&amp;revert=true&amp;dateFrom=1970-01-01T00%3A00%3A00.000Z
10:16:49 INFO  State of current operation: PENDING
10:16:49 DEBUG Final URL of the request: https://thin-edge-io.eu-latest.cumulocity.com/devicecontrol/operations?deviceId=14273295&amp;pageSize=1&amp;revert=true&amp;dateFrom=1970-01-01T00%3A00%3A00.000Z
10:16:49 DEBUG State of current operation: {
    &quot;delivery&quot;: {
        &quot;time&quot;: &quot;2022-02-16T10:15:09.472Z&quot;,
        &quot;log&quot;: [
            {
                &quot;time&quot;: &quot;2022-02-16T09:22:46.166Z&quot;,
                &quot;status&quot;: &quot;PENDING&quot;
            },
            {
                &quot;time&quot;: &quot;2022-02-16T09:22:46.185Z&quot;,
                &quot;status&quot;: &quot;SEND&quot;
            },
            {
                &quot;time&quot;: &quot;2022-02-16T09:22:46.219Z&quot;,
                &quot;status&quot;: &quot;DELIVERED&quot;
            },
            {
                &quot;time&quot;: &quot;2022-02-16T09:23:55.047Z&quot;,
                &quot;status&quot;: &quot;PENDING&quot;
            },
            {
                &quot;time&quot;: &quot;2022-02-16T09:23:55.077Z&quot;,
                &quot;status&quot;: &quot;SEND&quot;
            },
            {
                &quot;time&quot;: &quot;2022-02-16T09:23:55.114Z&quot;,
                &quot;status&quot;: &quot;DELIVERED&quot;
            },
            {
                &quot;time&quot;: &quot;2022-02-16T09:23:55.901Z&quot;,
                &quot;status&quot;: &quot;PENDING&quot;
            },
            {
                &quot;time&quot;: &quot;2022-02-16T09:23:55.930Z&quot;,
                &quot;status&quot;: &quot;SEND&quot;
            },
            {
                &quot;time&quot;: &quot;2022-02-16T09:23:55.967Z&quot;,
                &quot;status&quot;: &quot;DELIVERED&quot;
            },
            {
                &quot;time&quot;: &quot;2022-02-16T09:24:55.073Z&quot;,
                &quot;status&quot;: &quot;PENDING&quot;
            },
            {
                &quot;time&quot;: &quot;2022-02-16T09:24:55.106Z&quot;,
                &quot;status&quot;: &quot;SEND&quot;
            },
            {
                &quot;time&quot;: &quot;2022-02-16T09:24:55.144Z&quot;,
                &quot;status&quot;: &quot;DELIVERED&quot;
            },
            {
                &quot;time&quot;: &quot;2022-02-16T09:24:55.971Z&quot;,
                &quot;status&quot;: &quot;PENDING&quot;
            },
            {
                &quot;time&quot;: &quot;2022-02-16T09:24:56.008Z&quot;,
                &quot;status&quot;: &quot;SEND&quot;
            },
            {
                &quot;time&quot;: &quot;2022-02-16T09:24:56.044Z&quot;,
                &quot;status&quot;: &quot;DELIVERED&quot;
            },
            {
                &quot;time&quot;: &quot;2022-02-16T09:26:09.362Z&quot;,
                &quot;status&quot;: &quot;PENDING&quot;
            },
            {
                &quot;time&quot;: &quot;2022-02-16T09:26:09.392Z&quot;,
                &quot;status&quot;: &quot;SEND&quot;
            },
            {
                &quot;time&quot;: &quot;2022-02-16T09:26:09.428Z&quot;,
                &quot;status&quot;: &quot;DELIVERED&quot;
            },
            {
                &quot;time&quot;: &quot;2022-02-16T09:26:10.287Z&quot;,
                &quot;status&quot;: &quot;PENDING&quot;
            },
            {
                &quot;time&quot;: &quot;2022-02-16T09:26:10.317Z&quot;,
                &quot;status&quot;: &quot;SEND&quot;
            },
            {
                &quot;time&quot;: &quot;2022-02-16T09:26:10.353Z&quot;,
                &quot;status&quot;: &quot;DELIVERED&quot;
            },
            {
                &quot;time&quot;: &quot;2022-02-16T09:27:24.861Z&quot;,
                &quot;status&quot;: &quot;PENDING&quot;
            },
            {
                &quot;time&quot;: &quot;2022-02-16T09:27:24.898Z&quot;,
                &quot;status&quot;: &quot;SEND&quot;
            },
            {
                &quot;time&quot;: &quot;2022-02-16T09:27:24.935Z&quot;,
                &quot;status&quot;: &quot;DELIVERED&quot;
            },
            {
                &quot;time&quot;: &quot;2022-02-16T09:27:25.773Z&quot;,
                &quot;status&quot;: &quot;PENDING&quot;
            },
            {
                &quot;time&quot;: &quot;2022-02-16T09:27:25.812Z&quot;,
                &quot;status&quot;: &quot;SEND&quot;
            },
            {
                &quot;time&quot;: &quot;2022-02-16T09:27:25.849Z&quot;,
                &quot;status&quot;: &quot;DELIVERED&quot;
            },
            {
                &quot;time&quot;: &quot;2022-02-16T09:28:06.037Z&quot;,
                &quot;status&quot;: &quot;PENDING&quot;
            },
            {
                &quot;time&quot;: &quot;2022-02-16T09:28:06.069Z&quot;,
                &quot;status&quot;: &quot;SEND&quot;
            },
            {
                &quot;time&quot;: &quot;2022-02-16T09:28:06.107Z&quot;,
                &quot;status&quot;: &quot;DELIVERED&quot;
            },
            {
                &quot;time&quot;: &quot;2022-02-16T09:28:06.968Z&quot;,
                &quot;status&quot;: &quot;PENDING&quot;
            },
            {
                &quot;time&quot;: &quot;2022-02-16T09:28:07.002Z&quot;,
                &quot;status&quot;: &quot;SEND&quot;
            },
            {
                &quot;time&quot;: &quot;2022-02-16T09:28:07.039Z&quot;,
                &quot;status&quot;: &quot;DELIVERED&quot;
            },
            {
                &quot;time&quot;: &quot;2022-02-16T09:28:58.713Z&quot;,
                &quot;status&quot;: &quot;PENDING&quot;
            },
            {
                &quot;time&quot;: &quot;2022-02-16T09:28:58.744Z&quot;,
                &quot;status&quot;: &quot;SEND&quot;
            },
            {
                &quot;time&quot;: &quot;2022-02-16T09:28:58.782Z&quot;,
                &quot;status&quot;: &quot;DELIVERED&quot;
            },
            {
                &quot;time&quot;: &quot;2022-02-16T09:28:59.589Z&quot;,
                &quot;status&quot;: &quot;PENDING&quot;
            },
            {
                &quot;time&quot;: &quot;2022-02-16T09:28:59.620Z&quot;,
                &quot;status&quot;: &quot;SEND&quot;
            },
            {
                &quot;time&quot;: &quot;2022-02-16T09:28:59.658Z&quot;,
                &quot;status&quot;: &quot;DELIVERED&quot;
            },
            {
                &quot;time&quot;: &quot;2022-02-16T09:29:51.098Z&quot;,
                &quot;status&quot;: &quot;PENDING&quot;
            },
            {
                &quot;time&quot;: &quot;2022-02-16T09:29:51.134Z&quot;,
                &quot;status&quot;: &quot;SEND&quot;
            },
            {
                &quot;time&quot;: &quot;2022-02-16T09:29:51.171Z&quot;,
                &quot;status&quot;: &quot;DELIVERED&quot;
            },
            {
                &quot;time&quot;: &quot;2022-02-16T09:29:52.013Z&quot;,
                &quot;status&quot;: &quot;PENDING&quot;
            },
            {
                &quot;time&quot;: &quot;2022-02-16T09:29:52.047Z&quot;,
                &quot;status&quot;: &quot;SEND&quot;
            },
            {
                &quot;time&quot;: &quot;2022-02-16T09:29:52.089Z&quot;,
                &quot;status&quot;: &quot;DELIVERED&quot;
            },
            {
                &quot;time&quot;: &quot;2022-02-16T09:30:33.494Z&quot;,
                &quot;status&quot;: &quot;PENDING&quot;
            },
            {
                &quot;time&quot;: &quot;2022-02-16T09:30:33.534Z&quot;,
                &quot;status&quot;: &quot;SEND&quot;
            },
            {
                &quot;time&quot;: &quot;2022-02-16T09:30:33.571Z&quot;,
                &quot;status&quot;: &quot;DELIVERED&quot;
            },
            {
                &quot;time&quot;: &quot;2022-02-16T09:30:34.412Z&quot;,
                &quot;status&quot;: &quot;PENDING&quot;
            },
            {
                &quot;time&quot;: &quot;2022-02-16T09:30:34.453Z&quot;,
                &quot;status&quot;: &quot;SEND&quot;
            },
            {
                &quot;time&quot;: &quot;2022-02-16T09:30:34.488Z&quot;,
                &quot;status&quot;: &quot;DELIVERED&quot;
            },
            {
                &quot;time&quot;: &quot;2022-02-16T09:32:49.337Z&quot;,
                &quot;status&quot;: &quot;PENDING&quot;
            },
            {
                &quot;time&quot;: &quot;2022-02-16T09:32:49.371Z&quot;,
                &quot;status&quot;: &quot;SEND&quot;
            },
            {
                &quot;time&quot;: &quot;2022-02-16T09:32:49.408Z&quot;,
                &quot;status&quot;: &quot;DELIVERED&quot;
            },
            {
                &quot;time&quot;: &quot;2022-02-16T09:32:50.347Z&quot;,
                &quot;status&quot;: &quot;PENDING&quot;
            },
            {
                &quot;time&quot;: &quot;2022-02-16T09:32:50.382Z&quot;,
                &quot;status&quot;: &quot;SEND&quot;
            },
            {
                &quot;time&quot;: &quot;2022-02-16T09:32:50.423Z&quot;,
                &quot;status&quot;: &quot;DELIVERED&quot;
            },
            {
                &quot;time&quot;: &quot;2022-02-16T09:35:18.696Z&quot;,
                &quot;status&quot;: &quot;PENDING&quot;
            },
            {
                &quot;time&quot;: &quot;2022-02-16T09:35:18.734Z&quot;,
                &quot;status&quot;: &quot;SEND&quot;
            },
            {
                &quot;time&quot;: &quot;2022-02-16T09:35:18.769Z&quot;,
                &quot;status&quot;: &quot;DELIVERED&quot;
            },
            {
                &quot;time&quot;: &quot;2022-02-16T09:35:41.813Z&quot;,
                &quot;status&quot;: &quot;PENDING&quot;
            },
            {
                &quot;time&quot;: &quot;2022-02-16T09:35:41.852Z&quot;,
                &quot;status&quot;: &quot;SEND&quot;
            },
            {
                &quot;time&quot;: &quot;2022-02-16T09:35:41.891Z&quot;,
                &quot;status&quot;: &quot;DELIVERED&quot;
            },
            {
                &quot;time&quot;: &quot;2022-02-16T09:35:42.766Z&quot;,
                &quot;status&quot;: &quot;PENDING&quot;
            },
            {
                &quot;time&quot;: &quot;2022-02-16T09:35:42.811Z&quot;,
                &quot;status&quot;: &quot;SEND&quot;
            },
            {
                &quot;time&quot;: &quot;2022-02-16T09:35:42.849Z&quot;,
                &quot;status&quot;: &quot;DELIVERED&quot;
            },
            {
                &quot;time&quot;: &quot;2022-02-16T09:36:06.394Z&quot;,
                &quot;status&quot;: &quot;PENDING&quot;
            },
            {
                &quot;time&quot;: &quot;2022-02-16T09:36:06.432Z&quot;,
                &quot;status&quot;: &quot;SEND&quot;
            },
            {
                &quot;time&quot;: &quot;2022-02-16T09:36:06.488Z&quot;,
                &quot;status&quot;: &quot;DELIVERED&quot;
            },
            {
                &quot;time&quot;: &quot;2022-02-16T09:36:07.318Z&quot;,
                &quot;status&quot;: &quot;PENDING&quot;
            },
            {
                &quot;time&quot;: &quot;2022-02-16T09:36:07.358Z&quot;,
                &quot;status&quot;: &quot;SEND&quot;
            },
            {
                &quot;time&quot;: &quot;2022-02-16T09:36:07.393Z&quot;,
                &quot;status&quot;: &quot;DELIVERED&quot;
            },
            {
                &quot;time&quot;: &quot;2022-02-16T09:36:30.178Z&quot;,
                &quot;status&quot;: &quot;PENDING&quot;
            },
            {
                &quot;time&quot;: &quot;2022-02-16T09:36:30.210Z&quot;,
                &quot;status&quot;: &quot;SEND&quot;
            },
            {
                &quot;time&quot;: &quot;2022-02-16T09:36:30.248Z&quot;,
                &quot;status&quot;: &quot;DELIVERED&quot;
            },
            {
                &quot;time&quot;: &quot;2022-02-16T09:36:31.123Z&quot;,
                &quot;status&quot;: &quot;PENDING&quot;
            },
            {
                &quot;time&quot;: &quot;2022-02-16T09:36:31.156Z&quot;,
                &quot;status&quot;: &quot;SEND&quot;
            },
            {
                &quot;time&quot;: &quot;2022-02-16T09:36:31.207Z&quot;,
                &quot;status&quot;: &quot;DELIVERED&quot;
            },
            {
                &quot;time&quot;: &quot;2022-02-16T09:37:08.443Z&quot;,
                &quot;status&quot;: &quot;PENDING&quot;
            },
            {
                &quot;time&quot;: &quot;2022-02-16T09:37:08.481Z&quot;,
                &quot;status&quot;: &quot;SEND&quot;
            },
            {
                &quot;time&quot;: &quot;2022-02-16T09:37:08.522Z&quot;,
                &quot;status&quot;: &quot;DELIVERED&quot;
            },
            {
                &quot;time&quot;: &quot;2022-02-16T09:37:09.439Z&quot;,
                &quot;status&quot;: &quot;PENDING&quot;
            },
            {
                &quot;time&quot;: &quot;2022-02-16T09:37:09.478Z&quot;,
                &quot;status&quot;: &quot;SEND&quot;
            },
            {
                &quot;time&quot;: &quot;2022-02-16T09:37:09.516Z&quot;,
                &quot;status&quot;: &quot;DELIVERED&quot;
            },
            {
                &quot;time&quot;: &quot;2022-02-16T09:37:13.026Z&quot;,
                &quot;status&quot;: &quot;PENDING&quot;
            },
            {
                &quot;time&quot;: &quot;2022-02-16T09:37:13.068Z&quot;,
                &quot;status&quot;: &quot;SEND&quot;
            },
            {
                &quot;time&quot;: &quot;2022-02-16T09:37:13.106Z&quot;,
                &quot;status&quot;: &quot;DELIVERED&quot;
            },
            {
                &quot;time&quot;: &quot;2022-02-16T09:37:37.817Z&quot;,
                &quot;status&quot;: &quot;PENDING&quot;
            },
            {
                &quot;time&quot;: &quot;2022-02-16T09:37:37.857Z&quot;,
                &quot;status&quot;: &quot;SEND&quot;
            },
            {
                &quot;time&quot;: &quot;2022-02-16T09:37:37.893Z&quot;,
                &quot;status&quot;: &quot;DELIVERED&quot;
            },
            {
                &quot;time&quot;: &quot;2022-02-16T09:37:38.638Z&quot;,
                &quot;status&quot;: &quot;PENDING&quot;
            },
            {
                &quot;time&quot;: &quot;2022-02-16T09:37:38.675Z&quot;,
                &quot;status&quot;: &quot;SEND&quot;
            },
            {
                &quot;time&quot;: &quot;2022-02-16T09:37:38.712Z&quot;,
                &quot;status&quot;: &quot;DELIVERED&quot;
            },
            {
                &quot;time&quot;: &quot;2022-02-16T09:38:03.926Z&quot;,
                &quot;status&quot;: &quot;PENDING&quot;
            },
            {
                &quot;time&quot;: &quot;2022-02-16T09:38:03.965Z&quot;,
                &quot;status&quot;: &quot;SEND&quot;
            },
            {
                &quot;time&quot;: &quot;2022-02-16T09:38:04.001Z&quot;,
                &quot;status&quot;: &quot;DELIVERED&quot;
            },
            {
                &quot;time&quot;: &quot;2022-02-16T09:38:04.819Z&quot;,
                &quot;status&quot;: &quot;PENDING&quot;
            },
            {
                &quot;time&quot;: &quot;2022-02-16T09:38:04.864Z&quot;,
                &quot;status&quot;: &quot;SEND&quot;
            },
            {
                &quot;time&quot;: &quot;2022-02-16T09:38:04.911Z&quot;,
                &quot;status&quot;: &quot;DELIVERED&quot;
            },
            {
                &quot;time&quot;: &quot;2022-02-16T09:53:50.860Z&quot;,
                &quot;status&quot;: &quot;PENDING&quot;
            },
            {
                &quot;time&quot;: &quot;2022-02-16T09:53:50.900Z&quot;,
                &quot;status&quot;: &quot;SEND&quot;
            },
            {
                &quot;time&quot;: &quot;2022-02-16T09:53:50.939Z&quot;,
                &quot;status&quot;: &quot;DELIVERED&quot;
            },
            {
                &quot;time&quot;: &quot;2022-02-16T09:53:51.831Z&quot;,
                &quot;status&quot;: &quot;PENDING&quot;
            },
            {
                &quot;time&quot;: &quot;2022-02-16T09:53:51.869Z&quot;,
                &quot;status&quot;: &quot;SEND&quot;
            },
            {
                &quot;time&quot;: &quot;2022-02-16T09:53:51.917Z&quot;,
                &quot;status&quot;: &quot;DELIVERED&quot;
            },
            {
                &quot;time&quot;: &quot;2022-02-16T09:56:32.333Z&quot;,
                &quot;status&quot;: &quot;PENDING&quot;
            },
            {
                &quot;time&quot;: &quot;2022-02-16T09:56:32.376Z&quot;,
                &quot;status&quot;: &quot;SEND&quot;
            },
            {
                &quot;time&quot;: &quot;2022-02-16T09:56:32.413Z&quot;,
                &quot;status&quot;: &quot;DELIVERED&quot;
            },
            {
                &quot;time&quot;: &quot;2022-02-16T09:56:33.226Z&quot;,
                &quot;status&quot;: &quot;PENDING&quot;
            },
            {
                &quot;time&quot;: &quot;2022-02-16T09:56:33.279Z&quot;,
                &quot;status&quot;: &quot;SEND&quot;
            },
            {
                &quot;time&quot;: &quot;2022-02-16T09:56:33.321Z&quot;,
                &quot;status&quot;: &quot;DELIVERED&quot;
            },
            {
                &quot;time&quot;: &quot;2022-02-16T09:59:11.843Z&quot;,
                &quot;status&quot;: &quot;PENDING&quot;
            },
            {
                &quot;time&quot;: &quot;2022-02-16T09:59:11.885Z&quot;,
                &quot;status&quot;: &quot;SEND&quot;
            },
            {
                &quot;time&quot;: &quot;2022-02-16T09:59:11.929Z&quot;,
                &quot;status&quot;: &quot;DELIVERED&quot;
            },
            {
                &quot;time&quot;: &quot;2022-02-16T09:59:12.799Z&quot;,
                &quot;status&quot;: &quot;PENDING&quot;
            },
            {
                &quot;time&quot;: &quot;2022-02-16T09:59:12.857Z&quot;,
                &quot;status&quot;: &quot;SEND&quot;
            },
            {
                &quot;time&quot;: &quot;2022-02-16T09:59:12.913Z&quot;,
                &quot;status&quot;: &quot;DELIVERED&quot;
            },
            {
                &quot;time&quot;: &quot;2022-02-16T10:01:50.751Z&quot;,
                &quot;status&quot;: &quot;PENDING&quot;
            },
            {
                &quot;time&quot;: &quot;2022-02-16T10:01:50.791Z&quot;,
                &quot;status&quot;: &quot;SEND&quot;
            },
            {
                &quot;time&quot;: &quot;2022-02-16T10:01:50.828Z&quot;,
                &quot;status&quot;: &quot;DELIVERED&quot;
            },
            {
                &quot;time&quot;: &quot;2022-02-16T10:01:51.673Z&quot;,
                &quot;status&quot;: &quot;PENDING&quot;
            },
            {
                &quot;time&quot;: &quot;2022-02-16T10:01:51.713Z&quot;,
                &quot;status&quot;: &quot;SEND&quot;
            },
            {
                &quot;time&quot;: &quot;2022-02-16T10:01:51.755Z&quot;,
                &quot;status&quot;: &quot;DELIVERED&quot;
            },
            {
                &quot;time&quot;: &quot;2022-02-16T10:04:30.106Z&quot;,
                &quot;status&quot;: &quot;PENDING&quot;
            },
            {
                &quot;time&quot;: &quot;2022-02-16T10:04:30.153Z&quot;,
                &quot;status&quot;: &quot;SEND&quot;
            },
            {
                &quot;time&quot;: &quot;2022-02-16T10:04:30.200Z&quot;,
                &quot;status&quot;: &quot;DELIVERED&quot;
            },
            {
                &quot;time&quot;: &quot;2022-02-16T10:04:31.076Z&quot;,
                &quot;status&quot;: &quot;PENDING&quot;
            },
            {
                &quot;time&quot;: &quot;2022-02-16T10:04:31.122Z&quot;,
                &quot;status&quot;: &quot;SEND&quot;
            },
            {
                &quot;time&quot;: &quot;2022-02-16T10:04:31.164Z&quot;,
                &quot;status&quot;: &quot;DELIVERED&quot;
            },
            {
                &quot;time&quot;: &quot;2022-02-16T10:07:10.462Z&quot;,
                &quot;status&quot;: &quot;PENDING&quot;
            },
            {
                &quot;time&quot;: &quot;2022-02-16T10:07:10.499Z&quot;,
                &quot;status&quot;: &quot;SEND&quot;
            },
            {
                &quot;time&quot;: &quot;2022-02-16T10:07:10.537Z&quot;,
                &quot;status&quot;: &quot;DELIVERED&quot;
            },
            {
                &quot;time&quot;: &quot;2022-02-16T10:07:11.343Z&quot;,
                &quot;status&quot;: &quot;PENDING&quot;
            },
            {
                &quot;time&quot;: &quot;2022-02-16T10:07:11.380Z&quot;,
                &quot;status&quot;: &quot;SEND&quot;
            },
            {
                &quot;time&quot;: &quot;2022-02-16T10:07:11.418Z&quot;,
                &quot;status&quot;: &quot;DELIVERED&quot;
            },
            {
                &quot;time&quot;: &quot;2022-02-16T10:09:49.720Z&quot;,
                &quot;status&quot;: &quot;PENDING&quot;
            },
            {
                &quot;time&quot;: &quot;2022-02-16T10:09:49.762Z&quot;,
                &quot;status&quot;: &quot;SEND&quot;
            },
            {
                &quot;time&quot;: &quot;2022-02-16T10:09:49.803Z&quot;,
                &quot;status&quot;: &quot;DELIVERED&quot;
            },
            {
                &quot;time&quot;: &quot;2022-02-16T10:09:50.610Z&quot;,
                &quot;status&quot;: &quot;PENDING&quot;
            },
            {
                &quot;time&quot;: &quot;2022-02-16T10:09:50.651Z&quot;,
                &quot;status&quot;: &quot;SEND&quot;
            },
            {
                &quot;time&quot;: &quot;2022-02-16T10:09:50.691Z&quot;,
                &quot;status&quot;: &quot;DELIVERED&quot;
            },
            {
                &quot;time&quot;: &quot;2022-02-16T10:12:29.403Z&quot;,
                &quot;status&quot;: &quot;PENDING&quot;
            },
            {
                &quot;time&quot;: &quot;2022-02-16T10:12:29.449Z&quot;,
                &quot;status&quot;: &quot;SEND&quot;
            },
            {
                &quot;time&quot;: &quot;2022-02-16T10:12:29.494Z&quot;,
                &quot;status&quot;: &quot;DELIVERED&quot;
            },
            {
                &quot;time&quot;: &quot;2022-02-16T10:12:30.338Z&quot;,
                &quot;status&quot;: &quot;PENDING&quot;
            },
            {
                &quot;time&quot;: &quot;2022-02-16T10:12:30.379Z&quot;,
                &quot;status&quot;: &quot;SEND&quot;
            },
            {
                &quot;time&quot;: &quot;2022-02-16T10:12:30.423Z&quot;,
                &quot;status&quot;: &quot;DELIVERED&quot;
            },
            {
                &quot;time&quot;: &quot;2022-02-16T10:15:08.464Z&quot;,
                &quot;status&quot;: &quot;PENDING&quot;
            },
            {
                &quot;time&quot;: &quot;2022-02-16T10:15:08.507Z&quot;,
                &quot;status&quot;: &quot;SEND&quot;
            },
            {
                &quot;time&quot;: &quot;2022-02-16T10:15:08.549Z&quot;,
                &quot;status&quot;: &quot;DELIVERED&quot;
            },
            {
                &quot;time&quot;: &quot;2022-02-16T10:15:09.384Z&quot;,
                &quot;status&quot;: &quot;PENDING&quot;
            },
            {
                &quot;time&quot;: &quot;2022-02-16T10:15:09.428Z&quot;,
                &quot;status&quot;: &quot;SEND&quot;
            }
        ],
        &quot;status&quot;: &quot;DELIVERED&quot;
    },
    &quot;creationTime&quot;: &quot;2022-02-16T09:22:46.140Z&quot;,
    &quot;deviceId&quot;: &quot;14273295&quot;,
    &quot;deviceName&quot;: &quot;offsitec&quot;,
    &quot;self&quot;: &quot;https://t493319102.eu-latest.cumulocity.com/devicecontrol/operations/14275540&quot;,
    &quot;id&quot;: &quot;14275540&quot;,
    &quot;status&quot;: &quot;PENDING&quot;,
    &quot;c8y_LogfileRequest&quot;: {
        &quot;searchText&quot;: &quot;&quot;,
        &quot;logFile&quot;: &quot;software-management&quot;,
        &quot;dateTo&quot;: &quot;2021-11-21T18:55:49+0530&quot;,
        &quot;dateFrom&quot;: &quot;2021-11-15T18:55:49+0530&quot;,
        &quot;maximumLines&quot;: 300
    },
    &quot;description&quot;: &quot;Log file request&quot;
}
10:16:51 DEBUG Final URL of the request: https://thin-edge-io.eu-latest.cumulocity.com/devicecontrol/operations?deviceId=14273295&amp;pageSize=1&amp;revert=true&amp;dateFrom=1970-01-01T00%3A00%3A00.000Z
10:16:51 INFO  State of current operation: PENDING
10:16:51 DEBUG Final URL of the request: https://thin-edge-io.eu-latest.cumulocity.com/devicecontrol/operations?deviceId=14273295&amp;pageSize=1&amp;revert=true&amp;dateFrom=1970-01-01T00%3A00%3A00.000Z
10:16:51 DEBUG State of current operation: {
    &quot;delivery&quot;: {
        &quot;time&quot;: &quot;2022-02-16T10:15:09.472Z&quot;,
        &quot;log&quot;: [
            {
                &quot;time&quot;: &quot;2022-02-16T09:22:46.166Z&quot;,
                &quot;status&quot;: &quot;PENDING&quot;
            },
            {
                &quot;time&quot;: &quot;2022-02-16T09:22:46.185Z&quot;,
                &quot;status&quot;: &quot;SEND&quot;
            },
            {
                &quot;time&quot;: &quot;2022-02-16T09:22:46.219Z&quot;,
                &quot;status&quot;: &quot;DELIVERED&quot;
            },
            {
                &quot;time&quot;: &quot;2022-02-16T09:23:55.047Z&quot;,
                &quot;status&quot;: &quot;PENDING&quot;
            },
            {
                &quot;time&quot;: &quot;2022-02-16T09:23:55.077Z&quot;,
                &quot;status&quot;: &quot;SEND&quot;
            },
            {
                &quot;time&quot;: &quot;2022-02-16T09:23:55.114Z&quot;,
                &quot;status&quot;: &quot;DELIVERED&quot;
            },
            {
                &quot;time&quot;: &quot;2022-02-16T09:23:55.901Z&quot;,
                &quot;status&quot;: &quot;PENDING&quot;
            },
            {
                &quot;time&quot;: &quot;2022-02-16T09:23:55.930Z&quot;,
                &quot;status&quot;: &quot;SEND&quot;
            },
            {
                &quot;time&quot;: &quot;2022-02-16T09:23:55.967Z&quot;,
                &quot;status&quot;: &quot;DELIVERED&quot;
            },
            {
                &quot;time&quot;: &quot;2022-02-16T09:24:55.073Z&quot;,
                &quot;status&quot;: &quot;PENDING&quot;
            },
            {
                &quot;time&quot;: &quot;2022-02-16T09:24:55.106Z&quot;,
                &quot;status&quot;: &quot;SEND&quot;
            },
            {
                &quot;time&quot;: &quot;2022-02-16T09:24:55.144Z&quot;,
                &quot;status&quot;: &quot;DELIVERED&quot;
            },
            {
                &quot;time&quot;: &quot;2022-02-16T09:24:55.971Z&quot;,
                &quot;status&quot;: &quot;PENDING&quot;
            },
            {
                &quot;time&quot;: &quot;2022-02-16T09:24:56.008Z&quot;,
                &quot;status&quot;: &quot;SEND&quot;
            },
            {
                &quot;time&quot;: &quot;2022-02-16T09:24:56.044Z&quot;,
                &quot;status&quot;: &quot;DELIVERED&quot;
            },
            {
                &quot;time&quot;: &quot;2022-02-16T09:26:09.362Z&quot;,
                &quot;status&quot;: &quot;PENDING&quot;
            },
            {
                &quot;time&quot;: &quot;2022-02-16T09:26:09.392Z&quot;,
                &quot;status&quot;: &quot;SEND&quot;
            },
            {
                &quot;time&quot;: &quot;2022-02-16T09:26:09.428Z&quot;,
                &quot;status&quot;: &quot;DELIVERED&quot;
            },
            {
                &quot;time&quot;: &quot;2022-02-16T09:26:10.287Z&quot;,
                &quot;status&quot;: &quot;PENDING&quot;
            },
            {
                &quot;time&quot;: &quot;2022-02-16T09:26:10.317Z&quot;,
                &quot;status&quot;: &quot;SEND&quot;
            },
            {
                &quot;time&quot;: &quot;2022-02-16T09:26:10.353Z&quot;,
                &quot;status&quot;: &quot;DELIVERED&quot;
            },
            {
                &quot;time&quot;: &quot;2022-02-16T09:27:24.861Z&quot;,
                &quot;status&quot;: &quot;PENDING&quot;
            },
            {
                &quot;time&quot;: &quot;2022-02-16T09:27:24.898Z&quot;,
                &quot;status&quot;: &quot;SEND&quot;
            },
            {
                &quot;time&quot;: &quot;2022-02-16T09:27:24.935Z&quot;,
                &quot;status&quot;: &quot;DELIVERED&quot;
            },
            {
                &quot;time&quot;: &quot;2022-02-16T09:27:25.773Z&quot;,
                &quot;status&quot;: &quot;PENDING&quot;
            },
            {
                &quot;time&quot;: &quot;2022-02-16T09:27:25.812Z&quot;,
                &quot;status&quot;: &quot;SEND&quot;
            },
            {
                &quot;time&quot;: &quot;2022-02-16T09:27:25.849Z&quot;,
                &quot;status&quot;: &quot;DELIVERED&quot;
            },
            {
                &quot;time&quot;: &quot;2022-02-16T09:28:06.037Z&quot;,
                &quot;status&quot;: &quot;PENDING&quot;
            },
            {
                &quot;time&quot;: &quot;2022-02-16T09:28:06.069Z&quot;,
                &quot;status&quot;: &quot;SEND&quot;
            },
            {
                &quot;time&quot;: &quot;2022-02-16T09:28:06.107Z&quot;,
                &quot;status&quot;: &quot;DELIVERED&quot;
            },
            {
                &quot;time&quot;: &quot;2022-02-16T09:28:06.968Z&quot;,
                &quot;status&quot;: &quot;PENDING&quot;
            },
            {
                &quot;time&quot;: &quot;2022-02-16T09:28:07.002Z&quot;,
                &quot;status&quot;: &quot;SEND&quot;
            },
            {
                &quot;time&quot;: &quot;2022-02-16T09:28:07.039Z&quot;,
                &quot;status&quot;: &quot;DELIVERED&quot;
            },
            {
                &quot;time&quot;: &quot;2022-02-16T09:28:58.713Z&quot;,
                &quot;status&quot;: &quot;PENDING&quot;
            },
            {
                &quot;time&quot;: &quot;2022-02-16T09:28:58.744Z&quot;,
                &quot;status&quot;: &quot;SEND&quot;
            },
            {
                &quot;time&quot;: &quot;2022-02-16T09:28:58.782Z&quot;,
                &quot;status&quot;: &quot;DELIVERED&quot;
            },
            {
                &quot;time&quot;: &quot;2022-02-16T09:28:59.589Z&quot;,
                &quot;status&quot;: &quot;PENDING&quot;
            },
            {
                &quot;time&quot;: &quot;2022-02-16T09:28:59.620Z&quot;,
                &quot;status&quot;: &quot;SEND&quot;
            },
            {
                &quot;time&quot;: &quot;2022-02-16T09:28:59.658Z&quot;,
                &quot;status&quot;: &quot;DELIVERED&quot;
            },
            {
                &quot;time&quot;: &quot;2022-02-16T09:29:51.098Z&quot;,
                &quot;status&quot;: &quot;PENDING&quot;
            },
            {
                &quot;time&quot;: &quot;2022-02-16T09:29:51.134Z&quot;,
                &quot;status&quot;: &quot;SEND&quot;
            },
            {
                &quot;time&quot;: &quot;2022-02-16T09:29:51.171Z&quot;,
                &quot;status&quot;: &quot;DELIVERED&quot;
            },
            {
                &quot;time&quot;: &quot;2022-02-16T09:29:52.013Z&quot;,
                &quot;status&quot;: &quot;PENDING&quot;
            },
            {
                &quot;time&quot;: &quot;2022-02-16T09:29:52.047Z&quot;,
                &quot;status&quot;: &quot;SEND&quot;
            },
            {
                &quot;time&quot;: &quot;2022-02-16T09:29:52.089Z&quot;,
                &quot;status&quot;: &quot;DELIVERED&quot;
            },
            {
                &quot;time&quot;: &quot;2022-02-16T09:30:33.494Z&quot;,
                &quot;status&quot;: &quot;PENDING&quot;
            },
            {
                &quot;time&quot;: &quot;2022-02-16T09:30:33.534Z&quot;,
                &quot;status&quot;: &quot;SEND&quot;
            },
            {
                &quot;time&quot;: &quot;2022-02-16T09:30:33.571Z&quot;,
                &quot;status&quot;: &quot;DELIVERED&quot;
            },
            {
                &quot;time&quot;: &quot;2022-02-16T09:30:34.412Z&quot;,
                &quot;status&quot;: &quot;PENDING&quot;
            },
            {
                &quot;time&quot;: &quot;2022-02-16T09:30:34.453Z&quot;,
                &quot;status&quot;: &quot;SEND&quot;
            },
            {
                &quot;time&quot;: &quot;2022-02-16T09:30:34.488Z&quot;,
                &quot;status&quot;: &quot;DELIVERED&quot;
            },
            {
                &quot;time&quot;: &quot;2022-02-16T09:32:49.337Z&quot;,
                &quot;status&quot;: &quot;PENDING&quot;
            },
            {
                &quot;time&quot;: &quot;2022-02-16T09:32:49.371Z&quot;,
                &quot;status&quot;: &quot;SEND&quot;
            },
            {
                &quot;time&quot;: &quot;2022-02-16T09:32:49.408Z&quot;,
                &quot;status&quot;: &quot;DELIVERED&quot;
            },
            {
                &quot;time&quot;: &quot;2022-02-16T09:32:50.347Z&quot;,
                &quot;status&quot;: &quot;PENDING&quot;
            },
            {
                &quot;time&quot;: &quot;2022-02-16T09:32:50.382Z&quot;,
                &quot;status&quot;: &quot;SEND&quot;
            },
            {
                &quot;time&quot;: &quot;2022-02-16T09:32:50.423Z&quot;,
                &quot;status&quot;: &quot;DELIVERED&quot;
            },
            {
                &quot;time&quot;: &quot;2022-02-16T09:35:18.696Z&quot;,
                &quot;status&quot;: &quot;PENDING&quot;
            },
            {
                &quot;time&quot;: &quot;2022-02-16T09:35:18.734Z&quot;,
                &quot;status&quot;: &quot;SEND&quot;
            },
            {
                &quot;time&quot;: &quot;2022-02-16T09:35:18.769Z&quot;,
                &quot;status&quot;: &quot;DELIVERED&quot;
            },
            {
                &quot;time&quot;: &quot;2022-02-16T09:35:41.813Z&quot;,
                &quot;status&quot;: &quot;PENDING&quot;
            },
            {
                &quot;time&quot;: &quot;2022-02-16T09:35:41.852Z&quot;,
                &quot;status&quot;: &quot;SEND&quot;
            },
            {
                &quot;time&quot;: &quot;2022-02-16T09:35:41.891Z&quot;,
                &quot;status&quot;: &quot;DELIVERED&quot;
            },
            {
                &quot;time&quot;: &quot;2022-02-16T09:35:42.766Z&quot;,
                &quot;status&quot;: &quot;PENDING&quot;
            },
            {
                &quot;time&quot;: &quot;2022-02-16T09:35:42.811Z&quot;,
                &quot;status&quot;: &quot;SEND&quot;
            },
            {
                &quot;time&quot;: &quot;2022-02-16T09:35:42.849Z&quot;,
                &quot;status&quot;: &quot;DELIVERED&quot;
            },
            {
                &quot;time&quot;: &quot;2022-02-16T09:36:06.394Z&quot;,
                &quot;status&quot;: &quot;PENDING&quot;
            },
            {
                &quot;time&quot;: &quot;2022-02-16T09:36:06.432Z&quot;,
                &quot;status&quot;: &quot;SEND&quot;
            },
            {
                &quot;time&quot;: &quot;2022-02-16T09:36:06.488Z&quot;,
                &quot;status&quot;: &quot;DELIVERED&quot;
            },
            {
                &quot;time&quot;: &quot;2022-02-16T09:36:07.318Z&quot;,
                &quot;status&quot;: &quot;PENDING&quot;
            },
            {
                &quot;time&quot;: &quot;2022-02-16T09:36:07.358Z&quot;,
                &quot;status&quot;: &quot;SEND&quot;
            },
            {
                &quot;time&quot;: &quot;2022-02-16T09:36:07.393Z&quot;,
                &quot;status&quot;: &quot;DELIVERED&quot;
            },
            {
                &quot;time&quot;: &quot;2022-02-16T09:36:30.178Z&quot;,
                &quot;status&quot;: &quot;PENDING&quot;
            },
            {
                &quot;time&quot;: &quot;2022-02-16T09:36:30.210Z&quot;,
                &quot;status&quot;: &quot;SEND&quot;
            },
            {
                &quot;time&quot;: &quot;2022-02-16T09:36:30.248Z&quot;,
                &quot;status&quot;: &quot;DELIVERED&quot;
            },
            {
                &quot;time&quot;: &quot;2022-02-16T09:36:31.123Z&quot;,
                &quot;status&quot;: &quot;PENDING&quot;
            },
            {
                &quot;time&quot;: &quot;2022-02-16T09:36:31.156Z&quot;,
                &quot;status&quot;: &quot;SEND&quot;
            },
            {
                &quot;time&quot;: &quot;2022-02-16T09:36:31.207Z&quot;,
                &quot;status&quot;: &quot;DELIVERED&quot;
            },
            {
                &quot;time&quot;: &quot;2022-02-16T09:37:08.443Z&quot;,
                &quot;status&quot;: &quot;PENDING&quot;
            },
            {
                &quot;time&quot;: &quot;2022-02-16T09:37:08.481Z&quot;,
                &quot;status&quot;: &quot;SEND&quot;
            },
            {
                &quot;time&quot;: &quot;2022-02-16T09:37:08.522Z&quot;,
                &quot;status&quot;: &quot;DELIVERED&quot;
            },
            {
                &quot;time&quot;: &quot;2022-02-16T09:37:09.439Z&quot;,
                &quot;status&quot;: &quot;PENDING&quot;
            },
            {
                &quot;time&quot;: &quot;2022-02-16T09:37:09.478Z&quot;,
                &quot;status&quot;: &quot;SEND&quot;
            },
            {
                &quot;time&quot;: &quot;2022-02-16T09:37:09.516Z&quot;,
                &quot;status&quot;: &quot;DELIVERED&quot;
            },
            {
                &quot;time&quot;: &quot;2022-02-16T09:37:13.026Z&quot;,
                &quot;status&quot;: &quot;PENDING&quot;
            },
            {
                &quot;time&quot;: &quot;2022-02-16T09:37:13.068Z&quot;,
                &quot;status&quot;: &quot;SEND&quot;
            },
            {
                &quot;time&quot;: &quot;2022-02-16T09:37:13.106Z&quot;,
                &quot;status&quot;: &quot;DELIVERED&quot;
            },
            {
                &quot;time&quot;: &quot;2022-02-16T09:37:37.817Z&quot;,
                &quot;status&quot;: &quot;PENDING&quot;
            },
            {
                &quot;time&quot;: &quot;2022-02-16T09:37:37.857Z&quot;,
                &quot;status&quot;: &quot;SEND&quot;
            },
            {
                &quot;time&quot;: &quot;2022-02-16T09:37:37.893Z&quot;,
                &quot;status&quot;: &quot;DELIVERED&quot;
            },
            {
                &quot;time&quot;: &quot;2022-02-16T09:37:38.638Z&quot;,
                &quot;status&quot;: &quot;PENDING&quot;
            },
            {
                &quot;time&quot;: &quot;2022-02-16T09:37:38.675Z&quot;,
                &quot;status&quot;: &quot;SEND&quot;
            },
            {
                &quot;time&quot;: &quot;2022-02-16T09:37:38.712Z&quot;,
                &quot;status&quot;: &quot;DELIVERED&quot;
            },
            {
                &quot;time&quot;: &quot;2022-02-16T09:38:03.926Z&quot;,
                &quot;status&quot;: &quot;PENDING&quot;
            },
            {
                &quot;time&quot;: &quot;2022-02-16T09:38:03.965Z&quot;,
                &quot;status&quot;: &quot;SEND&quot;
            },
            {
                &quot;time&quot;: &quot;2022-02-16T09:38:04.001Z&quot;,
                &quot;status&quot;: &quot;DELIVERED&quot;
            },
            {
                &quot;time&quot;: &quot;2022-02-16T09:38:04.819Z&quot;,
                &quot;status&quot;: &quot;PENDING&quot;
            },
            {
                &quot;time&quot;: &quot;2022-02-16T09:38:04.864Z&quot;,
                &quot;status&quot;: &quot;SEND&quot;
            },
            {
                &quot;time&quot;: &quot;2022-02-16T09:38:04.911Z&quot;,
                &quot;status&quot;: &quot;DELIVERED&quot;
            },
            {
                &quot;time&quot;: &quot;2022-02-16T09:53:50.860Z&quot;,
                &quot;status&quot;: &quot;PENDING&quot;
            },
            {
                &quot;time&quot;: &quot;2022-02-16T09:53:50.900Z&quot;,
                &quot;status&quot;: &quot;SEND&quot;
            },
            {
                &quot;time&quot;: &quot;2022-02-16T09:53:50.939Z&quot;,
                &quot;status&quot;: &quot;DELIVERED&quot;
            },
            {
                &quot;time&quot;: &quot;2022-02-16T09:53:51.831Z&quot;,
                &quot;status&quot;: &quot;PENDING&quot;
            },
            {
                &quot;time&quot;: &quot;2022-02-16T09:53:51.869Z&quot;,
                &quot;status&quot;: &quot;SEND&quot;
            },
            {
                &quot;time&quot;: &quot;2022-02-16T09:53:51.917Z&quot;,
                &quot;status&quot;: &quot;DELIVERED&quot;
            },
            {
                &quot;time&quot;: &quot;2022-02-16T09:56:32.333Z&quot;,
                &quot;status&quot;: &quot;PENDING&quot;
            },
            {
                &quot;time&quot;: &quot;2022-02-16T09:56:32.376Z&quot;,
                &quot;status&quot;: &quot;SEND&quot;
            },
            {
                &quot;time&quot;: &quot;2022-02-16T09:56:32.413Z&quot;,
                &quot;status&quot;: &quot;DELIVERED&quot;
            },
            {
                &quot;time&quot;: &quot;2022-02-16T09:56:33.226Z&quot;,
                &quot;status&quot;: &quot;PENDING&quot;
            },
            {
                &quot;time&quot;: &quot;2022-02-16T09:56:33.279Z&quot;,
                &quot;status&quot;: &quot;SEND&quot;
            },
            {
                &quot;time&quot;: &quot;2022-02-16T09:56:33.321Z&quot;,
                &quot;status&quot;: &quot;DELIVERED&quot;
            },
            {
                &quot;time&quot;: &quot;2022-02-16T09:59:11.843Z&quot;,
                &quot;status&quot;: &quot;PENDING&quot;
            },
            {
                &quot;time&quot;: &quot;2022-02-16T09:59:11.885Z&quot;,
                &quot;status&quot;: &quot;SEND&quot;
            },
            {
                &quot;time&quot;: &quot;2022-02-16T09:59:11.929Z&quot;,
                &quot;status&quot;: &quot;DELIVERED&quot;
            },
            {
                &quot;time&quot;: &quot;2022-02-16T09:59:12.799Z&quot;,
                &quot;status&quot;: &quot;PENDING&quot;
            },
            {
                &quot;time&quot;: &quot;2022-02-16T09:59:12.857Z&quot;,
                &quot;status&quot;: &quot;SEND&quot;
            },
            {
                &quot;time&quot;: &quot;2022-02-16T09:59:12.913Z&quot;,
                &quot;status&quot;: &quot;DELIVERED&quot;
            },
            {
                &quot;time&quot;: &quot;2022-02-16T10:01:50.751Z&quot;,
                &quot;status&quot;: &quot;PENDING&quot;
            },
            {
                &quot;time&quot;: &quot;2022-02-16T10:01:50.791Z&quot;,
                &quot;status&quot;: &quot;SEND&quot;
            },
            {
                &quot;time&quot;: &quot;2022-02-16T10:01:50.828Z&quot;,
                &quot;status&quot;: &quot;DELIVERED&quot;
            },
            {
                &quot;time&quot;: &quot;2022-02-16T10:01:51.673Z&quot;,
                &quot;status&quot;: &quot;PENDING&quot;
            },
            {
                &quot;time&quot;: &quot;2022-02-16T10:01:51.713Z&quot;,
                &quot;status&quot;: &quot;SEND&quot;
            },
            {
                &quot;time&quot;: &quot;2022-02-16T10:01:51.755Z&quot;,
                &quot;status&quot;: &quot;DELIVERED&quot;
            },
            {
                &quot;time&quot;: &quot;2022-02-16T10:04:30.106Z&quot;,
                &quot;status&quot;: &quot;PENDING&quot;
            },
            {
                &quot;time&quot;: &quot;2022-02-16T10:04:30.153Z&quot;,
                &quot;status&quot;: &quot;SEND&quot;
            },
            {
                &quot;time&quot;: &quot;2022-02-16T10:04:30.200Z&quot;,
                &quot;status&quot;: &quot;DELIVERED&quot;
            },
            {
                &quot;time&quot;: &quot;2022-02-16T10:04:31.076Z&quot;,
                &quot;status&quot;: &quot;PENDING&quot;
            },
            {
                &quot;time&quot;: &quot;2022-02-16T10:04:31.122Z&quot;,
                &quot;status&quot;: &quot;SEND&quot;
            },
            {
                &quot;time&quot;: &quot;2022-02-16T10:04:31.164Z&quot;,
                &quot;status&quot;: &quot;DELIVERED&quot;
            },
            {
                &quot;time&quot;: &quot;2022-02-16T10:07:10.462Z&quot;,
                &quot;status&quot;: &quot;PENDING&quot;
            },
            {
                &quot;time&quot;: &quot;2022-02-16T10:07:10.499Z&quot;,
                &quot;status&quot;: &quot;SEND&quot;
            },
            {
                &quot;time&quot;: &quot;2022-02-16T10:07:10.537Z&quot;,
                &quot;status&quot;: &quot;DELIVERED&quot;
            },
            {
                &quot;time&quot;: &quot;2022-02-16T10:07:11.343Z&quot;,
                &quot;status&quot;: &quot;PENDING&quot;
            },
            {
                &quot;time&quot;: &quot;2022-02-16T10:07:11.380Z&quot;,
                &quot;status&quot;: &quot;SEND&quot;
            },
            {
                &quot;time&quot;: &quot;2022-02-16T10:07:11.418Z&quot;,
                &quot;status&quot;: &quot;DELIVERED&quot;
            },
            {
                &quot;time&quot;: &quot;2022-02-16T10:09:49.720Z&quot;,
                &quot;status&quot;: &quot;PENDING&quot;
            },
            {
                &quot;time&quot;: &quot;2022-02-16T10:09:49.762Z&quot;,
                &quot;status&quot;: &quot;SEND&quot;
            },
            {
                &quot;time&quot;: &quot;2022-02-16T10:09:49.803Z&quot;,
                &quot;status&quot;: &quot;DELIVERED&quot;
            },
            {
                &quot;time&quot;: &quot;2022-02-16T10:09:50.610Z&quot;,
                &quot;status&quot;: &quot;PENDING&quot;
            },
            {
                &quot;time&quot;: &quot;2022-02-16T10:09:50.651Z&quot;,
                &quot;status&quot;: &quot;SEND&quot;
            },
            {
                &quot;time&quot;: &quot;2022-02-16T10:09:50.691Z&quot;,
                &quot;status&quot;: &quot;DELIVERED&quot;
            },
            {
                &quot;time&quot;: &quot;2022-02-16T10:12:29.403Z&quot;,
                &quot;status&quot;: &quot;PENDING&quot;
            },
            {
                &quot;time&quot;: &quot;2022-02-16T10:12:29.449Z&quot;,
                &quot;status&quot;: &quot;SEND&quot;
            },
            {
                &quot;time&quot;: &quot;2022-02-16T10:12:29.494Z&quot;,
                &quot;status&quot;: &quot;DELIVERED&quot;
            },
            {
                &quot;time&quot;: &quot;2022-02-16T10:12:30.338Z&quot;,
                &quot;status&quot;: &quot;PENDING&quot;
            },
            {
                &quot;time&quot;: &quot;2022-02-16T10:12:30.379Z&quot;,
                &quot;status&quot;: &quot;SEND&quot;
            },
            {
                &quot;time&quot;: &quot;2022-02-16T10:12:30.423Z&quot;,
                &quot;status&quot;: &quot;DELIVERED&quot;
            },
            {
                &quot;time&quot;: &quot;2022-02-16T10:15:08.464Z&quot;,
                &quot;status&quot;: &quot;PENDING&quot;
            },
            {
                &quot;time&quot;: &quot;2022-02-16T10:15:08.507Z&quot;,
                &quot;status&quot;: &quot;SEND&quot;
            },
            {
                &quot;time&quot;: &quot;2022-02-16T10:15:08.549Z&quot;,
                &quot;status&quot;: &quot;DELIVERED&quot;
            },
            {
                &quot;time&quot;: &quot;2022-02-16T10:15:09.384Z&quot;,
                &quot;status&quot;: &quot;PENDING&quot;
            },
            {
                &quot;time&quot;: &quot;2022-02-16T10:15:09.428Z&quot;,
                &quot;status&quot;: &quot;SEND&quot;
            }
        ],
        &quot;status&quot;: &quot;DELIVERED&quot;
    },
    &quot;creationTime&quot;: &quot;2022-02-16T09:22:46.140Z&quot;,
    &quot;deviceId&quot;: &quot;14273295&quot;,
    &quot;deviceName&quot;: &quot;offsitec&quot;,
    &quot;self&quot;: &quot;https://t493319102.eu-latest.cumulocity.com/devicecontrol/operations/14275540&quot;,
    &quot;id&quot;: &quot;14275540&quot;,
    &quot;status&quot;: &quot;PENDING&quot;,
    &quot;c8y_LogfileRequest&quot;: {
        &quot;searchText&quot;: &quot;&quot;,
        &quot;logFile&quot;: &quot;software-management&quot;,
        &quot;dateTo&quot;: &quot;2021-11-21T18:55:49+0530&quot;,
        &quot;dateFrom&quot;: &quot;2021-11-15T18:55:49+0530&quot;,
        &quot;maximumLines&quot;: 300
    },
    &quot;description&quot;: &quot;Log file request&quot;
}
10:16:53 DEBUG Final URL of the request: https://thin-edge-io.eu-latest.cumulocity.com/devicecontrol/operations?deviceId=14273295&amp;pageSize=1&amp;revert=true&amp;dateFrom=1970-01-01T00%3A00%3A00.000Z
10:16:53 INFO  State of current operation: PENDING
10:16:53 DEBUG Final URL of the request: https://thin-edge-io.eu-latest.cumulocity.com/devicecontrol/operations?deviceId=14273295&amp;pageSize=1&amp;revert=true&amp;dateFrom=1970-01-01T00%3A00%3A00.000Z
10:16:53 DEBUG State of current operation: {
    &quot;delivery&quot;: {
        &quot;time&quot;: &quot;2022-02-16T10:15:09.472Z&quot;,
        &quot;log&quot;: [
            {
                &quot;time&quot;: &quot;2022-02-16T09:22:46.166Z&quot;,
                &quot;status&quot;: &quot;PENDING&quot;
            },
            {
                &quot;time&quot;: &quot;2022-02-16T09:22:46.185Z&quot;,
                &quot;status&quot;: &quot;SEND&quot;
            },
            {
                &quot;time&quot;: &quot;2022-02-16T09:22:46.219Z&quot;,
                &quot;status&quot;: &quot;DELIVERED&quot;
            },
            {
                &quot;time&quot;: &quot;2022-02-16T09:23:55.047Z&quot;,
                &quot;status&quot;: &quot;PENDING&quot;
            },
            {
                &quot;time&quot;: &quot;2022-02-16T09:23:55.077Z&quot;,
                &quot;status&quot;: &quot;SEND&quot;
            },
            {
                &quot;time&quot;: &quot;2022-02-16T09:23:55.114Z&quot;,
                &quot;status&quot;: &quot;DELIVERED&quot;
            },
            {
                &quot;time&quot;: &quot;2022-02-16T09:23:55.901Z&quot;,
                &quot;status&quot;: &quot;PENDING&quot;
            },
            {
                &quot;time&quot;: &quot;2022-02-16T09:23:55.930Z&quot;,
                &quot;status&quot;: &quot;SEND&quot;
            },
            {
                &quot;time&quot;: &quot;2022-02-16T09:23:55.967Z&quot;,
                &quot;status&quot;: &quot;DELIVERED&quot;
            },
            {
                &quot;time&quot;: &quot;2022-02-16T09:24:55.073Z&quot;,
                &quot;status&quot;: &quot;PENDING&quot;
            },
            {
                &quot;time&quot;: &quot;2022-02-16T09:24:55.106Z&quot;,
                &quot;status&quot;: &quot;SEND&quot;
            },
            {
                &quot;time&quot;: &quot;2022-02-16T09:24:55.144Z&quot;,
                &quot;status&quot;: &quot;DELIVERED&quot;
            },
            {
                &quot;time&quot;: &quot;2022-02-16T09:24:55.971Z&quot;,
                &quot;status&quot;: &quot;PENDING&quot;
            },
            {
                &quot;time&quot;: &quot;2022-02-16T09:24:56.008Z&quot;,
                &quot;status&quot;: &quot;SEND&quot;
            },
            {
                &quot;time&quot;: &quot;2022-02-16T09:24:56.044Z&quot;,
                &quot;status&quot;: &quot;DELIVERED&quot;
            },
            {
                &quot;time&quot;: &quot;2022-02-16T09:26:09.362Z&quot;,
                &quot;status&quot;: &quot;PENDING&quot;
            },
            {
                &quot;time&quot;: &quot;2022-02-16T09:26:09.392Z&quot;,
                &quot;status&quot;: &quot;SEND&quot;
            },
            {
                &quot;time&quot;: &quot;2022-02-16T09:26:09.428Z&quot;,
                &quot;status&quot;: &quot;DELIVERED&quot;
            },
            {
                &quot;time&quot;: &quot;2022-02-16T09:26:10.287Z&quot;,
                &quot;status&quot;: &quot;PENDING&quot;
            },
            {
                &quot;time&quot;: &quot;2022-02-16T09:26:10.317Z&quot;,
                &quot;status&quot;: &quot;SEND&quot;
            },
            {
                &quot;time&quot;: &quot;2022-02-16T09:26:10.353Z&quot;,
                &quot;status&quot;: &quot;DELIVERED&quot;
            },
            {
                &quot;time&quot;: &quot;2022-02-16T09:27:24.861Z&quot;,
                &quot;status&quot;: &quot;PENDING&quot;
            },
            {
                &quot;time&quot;: &quot;2022-02-16T09:27:24.898Z&quot;,
                &quot;status&quot;: &quot;SEND&quot;
            },
            {
                &quot;time&quot;: &quot;2022-02-16T09:27:24.935Z&quot;,
                &quot;status&quot;: &quot;DELIVERED&quot;
            },
            {
                &quot;time&quot;: &quot;2022-02-16T09:27:25.773Z&quot;,
                &quot;status&quot;: &quot;PENDING&quot;
            },
            {
                &quot;time&quot;: &quot;2022-02-16T09:27:25.812Z&quot;,
                &quot;status&quot;: &quot;SEND&quot;
            },
            {
                &quot;time&quot;: &quot;2022-02-16T09:27:25.849Z&quot;,
                &quot;status&quot;: &quot;DELIVERED&quot;
            },
            {
                &quot;time&quot;: &quot;2022-02-16T09:28:06.037Z&quot;,
                &quot;status&quot;: &quot;PENDING&quot;
            },
            {
                &quot;time&quot;: &quot;2022-02-16T09:28:06.069Z&quot;,
                &quot;status&quot;: &quot;SEND&quot;
            },
            {
                &quot;time&quot;: &quot;2022-02-16T09:28:06.107Z&quot;,
                &quot;status&quot;: &quot;DELIVERED&quot;
            },
            {
                &quot;time&quot;: &quot;2022-02-16T09:28:06.968Z&quot;,
                &quot;status&quot;: &quot;PENDING&quot;
            },
            {
                &quot;time&quot;: &quot;2022-02-16T09:28:07.002Z&quot;,
                &quot;status&quot;: &quot;SEND&quot;
            },
            {
                &quot;time&quot;: &quot;2022-02-16T09:28:07.039Z&quot;,
                &quot;status&quot;: &quot;DELIVERED&quot;
            },
            {
                &quot;time&quot;: &quot;2022-02-16T09:28:58.713Z&quot;,
                &quot;status&quot;: &quot;PENDING&quot;
            },
            {
                &quot;time&quot;: &quot;2022-02-16T09:28:58.744Z&quot;,
                &quot;status&quot;: &quot;SEND&quot;
            },
            {
                &quot;time&quot;: &quot;2022-02-16T09:28:58.782Z&quot;,
                &quot;status&quot;: &quot;DELIVERED&quot;
            },
            {
                &quot;time&quot;: &quot;2022-02-16T09:28:59.589Z&quot;,
                &quot;status&quot;: &quot;PENDING&quot;
            },
            {
                &quot;time&quot;: &quot;2022-02-16T09:28:59.620Z&quot;,
                &quot;status&quot;: &quot;SEND&quot;
            },
            {
                &quot;time&quot;: &quot;2022-02-16T09:28:59.658Z&quot;,
                &quot;status&quot;: &quot;DELIVERED&quot;
            },
            {
                &quot;time&quot;: &quot;2022-02-16T09:29:51.098Z&quot;,
                &quot;status&quot;: &quot;PENDING&quot;
            },
            {
                &quot;time&quot;: &quot;2022-02-16T09:29:51.134Z&quot;,
                &quot;status&quot;: &quot;SEND&quot;
            },
            {
                &quot;time&quot;: &quot;2022-02-16T09:29:51.171Z&quot;,
                &quot;status&quot;: &quot;DELIVERED&quot;
            },
            {
                &quot;time&quot;: &quot;2022-02-16T09:29:52.013Z&quot;,
                &quot;status&quot;: &quot;PENDING&quot;
            },
            {
                &quot;time&quot;: &quot;2022-02-16T09:29:52.047Z&quot;,
                &quot;status&quot;: &quot;SEND&quot;
            },
            {
                &quot;time&quot;: &quot;2022-02-16T09:29:52.089Z&quot;,
                &quot;status&quot;: &quot;DELIVERED&quot;
            },
            {
                &quot;time&quot;: &quot;2022-02-16T09:30:33.494Z&quot;,
                &quot;status&quot;: &quot;PENDING&quot;
            },
            {
                &quot;time&quot;: &quot;2022-02-16T09:30:33.534Z&quot;,
                &quot;status&quot;: &quot;SEND&quot;
            },
            {
                &quot;time&quot;: &quot;2022-02-16T09:30:33.571Z&quot;,
                &quot;status&quot;: &quot;DELIVERED&quot;
            },
            {
                &quot;time&quot;: &quot;2022-02-16T09:30:34.412Z&quot;,
                &quot;status&quot;: &quot;PENDING&quot;
            },
            {
                &quot;time&quot;: &quot;2022-02-16T09:30:34.453Z&quot;,
                &quot;status&quot;: &quot;SEND&quot;
            },
            {
                &quot;time&quot;: &quot;2022-02-16T09:30:34.488Z&quot;,
                &quot;status&quot;: &quot;DELIVERED&quot;
            },
            {
                &quot;time&quot;: &quot;2022-02-16T09:32:49.337Z&quot;,
                &quot;status&quot;: &quot;PENDING&quot;
            },
            {
                &quot;time&quot;: &quot;2022-02-16T09:32:49.371Z&quot;,
                &quot;status&quot;: &quot;SEND&quot;
            },
            {
                &quot;time&quot;: &quot;2022-02-16T09:32:49.408Z&quot;,
                &quot;status&quot;: &quot;DELIVERED&quot;
            },
            {
                &quot;time&quot;: &quot;2022-02-16T09:32:50.347Z&quot;,
                &quot;status&quot;: &quot;PENDING&quot;
            },
            {
                &quot;time&quot;: &quot;2022-02-16T09:32:50.382Z&quot;,
                &quot;status&quot;: &quot;SEND&quot;
            },
            {
                &quot;time&quot;: &quot;2022-02-16T09:32:50.423Z&quot;,
                &quot;status&quot;: &quot;DELIVERED&quot;
            },
            {
                &quot;time&quot;: &quot;2022-02-16T09:35:18.696Z&quot;,
                &quot;status&quot;: &quot;PENDING&quot;
            },
            {
                &quot;time&quot;: &quot;2022-02-16T09:35:18.734Z&quot;,
                &quot;status&quot;: &quot;SEND&quot;
            },
            {
                &quot;time&quot;: &quot;2022-02-16T09:35:18.769Z&quot;,
                &quot;status&quot;: &quot;DELIVERED&quot;
            },
            {
                &quot;time&quot;: &quot;2022-02-16T09:35:41.813Z&quot;,
                &quot;status&quot;: &quot;PENDING&quot;
            },
            {
                &quot;time&quot;: &quot;2022-02-16T09:35:41.852Z&quot;,
                &quot;status&quot;: &quot;SEND&quot;
            },
            {
                &quot;time&quot;: &quot;2022-02-16T09:35:41.891Z&quot;,
                &quot;status&quot;: &quot;DELIVERED&quot;
            },
            {
                &quot;time&quot;: &quot;2022-02-16T09:35:42.766Z&quot;,
                &quot;status&quot;: &quot;PENDING&quot;
            },
            {
                &quot;time&quot;: &quot;2022-02-16T09:35:42.811Z&quot;,
                &quot;status&quot;: &quot;SEND&quot;
            },
            {
                &quot;time&quot;: &quot;2022-02-16T09:35:42.849Z&quot;,
                &quot;status&quot;: &quot;DELIVERED&quot;
            },
            {
                &quot;time&quot;: &quot;2022-02-16T09:36:06.394Z&quot;,
                &quot;status&quot;: &quot;PENDING&quot;
            },
            {
                &quot;time&quot;: &quot;2022-02-16T09:36:06.432Z&quot;,
                &quot;status&quot;: &quot;SEND&quot;
            },
            {
                &quot;time&quot;: &quot;2022-02-16T09:36:06.488Z&quot;,
                &quot;status&quot;: &quot;DELIVERED&quot;
            },
            {
                &quot;time&quot;: &quot;2022-02-16T09:36:07.318Z&quot;,
                &quot;status&quot;: &quot;PENDING&quot;
            },
            {
                &quot;time&quot;: &quot;2022-02-16T09:36:07.358Z&quot;,
                &quot;status&quot;: &quot;SEND&quot;
            },
            {
                &quot;time&quot;: &quot;2022-02-16T09:36:07.393Z&quot;,
                &quot;status&quot;: &quot;DELIVERED&quot;
            },
            {
                &quot;time&quot;: &quot;2022-02-16T09:36:30.178Z&quot;,
                &quot;status&quot;: &quot;PENDING&quot;
            },
            {
                &quot;time&quot;: &quot;2022-02-16T09:36:30.210Z&quot;,
                &quot;status&quot;: &quot;SEND&quot;
            },
            {
                &quot;time&quot;: &quot;2022-02-16T09:36:30.248Z&quot;,
                &quot;status&quot;: &quot;DELIVERED&quot;
            },
            {
                &quot;time&quot;: &quot;2022-02-16T09:36:31.123Z&quot;,
                &quot;status&quot;: &quot;PENDING&quot;
            },
            {
                &quot;time&quot;: &quot;2022-02-16T09:36:31.156Z&quot;,
                &quot;status&quot;: &quot;SEND&quot;
            },
            {
                &quot;time&quot;: &quot;2022-02-16T09:36:31.207Z&quot;,
                &quot;status&quot;: &quot;DELIVERED&quot;
            },
            {
                &quot;time&quot;: &quot;2022-02-16T09:37:08.443Z&quot;,
                &quot;status&quot;: &quot;PENDING&quot;
            },
            {
                &quot;time&quot;: &quot;2022-02-16T09:37:08.481Z&quot;,
                &quot;status&quot;: &quot;SEND&quot;
            },
            {
                &quot;time&quot;: &quot;2022-02-16T09:37:08.522Z&quot;,
                &quot;status&quot;: &quot;DELIVERED&quot;
            },
            {
                &quot;time&quot;: &quot;2022-02-16T09:37:09.439Z&quot;,
                &quot;status&quot;: &quot;PENDING&quot;
            },
            {
                &quot;time&quot;: &quot;2022-02-16T09:37:09.478Z&quot;,
                &quot;status&quot;: &quot;SEND&quot;
            },
            {
                &quot;time&quot;: &quot;2022-02-16T09:37:09.516Z&quot;,
                &quot;status&quot;: &quot;DELIVERED&quot;
            },
            {
                &quot;time&quot;: &quot;2022-02-16T09:37:13.026Z&quot;,
                &quot;status&quot;: &quot;PENDING&quot;
            },
            {
                &quot;time&quot;: &quot;2022-02-16T09:37:13.068Z&quot;,
                &quot;status&quot;: &quot;SEND&quot;
            },
            {
                &quot;time&quot;: &quot;2022-02-16T09:37:13.106Z&quot;,
                &quot;status&quot;: &quot;DELIVERED&quot;
            },
            {
                &quot;time&quot;: &quot;2022-02-16T09:37:37.817Z&quot;,
                &quot;status&quot;: &quot;PENDING&quot;
            },
            {
                &quot;time&quot;: &quot;2022-02-16T09:37:37.857Z&quot;,
                &quot;status&quot;: &quot;SEND&quot;
            },
            {
                &quot;time&quot;: &quot;2022-02-16T09:37:37.893Z&quot;,
                &quot;status&quot;: &quot;DELIVERED&quot;
            },
            {
                &quot;time&quot;: &quot;2022-02-16T09:37:38.638Z&quot;,
                &quot;status&quot;: &quot;PENDING&quot;
            },
            {
                &quot;time&quot;: &quot;2022-02-16T09:37:38.675Z&quot;,
                &quot;status&quot;: &quot;SEND&quot;
            },
            {
                &quot;time&quot;: &quot;2022-02-16T09:37:38.712Z&quot;,
                &quot;status&quot;: &quot;DELIVERED&quot;
            },
            {
                &quot;time&quot;: &quot;2022-02-16T09:38:03.926Z&quot;,
                &quot;status&quot;: &quot;PENDING&quot;
            },
            {
                &quot;time&quot;: &quot;2022-02-16T09:38:03.965Z&quot;,
                &quot;status&quot;: &quot;SEND&quot;
            },
            {
                &quot;time&quot;: &quot;2022-02-16T09:38:04.001Z&quot;,
                &quot;status&quot;: &quot;DELIVERED&quot;
            },
            {
                &quot;time&quot;: &quot;2022-02-16T09:38:04.819Z&quot;,
                &quot;status&quot;: &quot;PENDING&quot;
            },
            {
                &quot;time&quot;: &quot;2022-02-16T09:38:04.864Z&quot;,
                &quot;status&quot;: &quot;SEND&quot;
            },
            {
                &quot;time&quot;: &quot;2022-02-16T09:38:04.911Z&quot;,
                &quot;status&quot;: &quot;DELIVERED&quot;
            },
            {
                &quot;time&quot;: &quot;2022-02-16T09:53:50.860Z&quot;,
                &quot;status&quot;: &quot;PENDING&quot;
            },
            {
                &quot;time&quot;: &quot;2022-02-16T09:53:50.900Z&quot;,
                &quot;status&quot;: &quot;SEND&quot;
            },
            {
                &quot;time&quot;: &quot;2022-02-16T09:53:50.939Z&quot;,
                &quot;status&quot;: &quot;DELIVERED&quot;
            },
            {
                &quot;time&quot;: &quot;2022-02-16T09:53:51.831Z&quot;,
                &quot;status&quot;: &quot;PENDING&quot;
            },
            {
                &quot;time&quot;: &quot;2022-02-16T09:53:51.869Z&quot;,
                &quot;status&quot;: &quot;SEND&quot;
            },
            {
                &quot;time&quot;: &quot;2022-02-16T09:53:51.917Z&quot;,
                &quot;status&quot;: &quot;DELIVERED&quot;
            },
            {
                &quot;time&quot;: &quot;2022-02-16T09:56:32.333Z&quot;,
                &quot;status&quot;: &quot;PENDING&quot;
            },
            {
                &quot;time&quot;: &quot;2022-02-16T09:56:32.376Z&quot;,
                &quot;status&quot;: &quot;SEND&quot;
            },
            {
                &quot;time&quot;: &quot;2022-02-16T09:56:32.413Z&quot;,
                &quot;status&quot;: &quot;DELIVERED&quot;
            },
            {
                &quot;time&quot;: &quot;2022-02-16T09:56:33.226Z&quot;,
                &quot;status&quot;: &quot;PENDING&quot;
            },
            {
                &quot;time&quot;: &quot;2022-02-16T09:56:33.279Z&quot;,
                &quot;status&quot;: &quot;SEND&quot;
            },
            {
                &quot;time&quot;: &quot;2022-02-16T09:56:33.321Z&quot;,
                &quot;status&quot;: &quot;DELIVERED&quot;
            },
            {
                &quot;time&quot;: &quot;2022-02-16T09:59:11.843Z&quot;,
                &quot;status&quot;: &quot;PENDING&quot;
            },
            {
                &quot;time&quot;: &quot;2022-02-16T09:59:11.885Z&quot;,
                &quot;status&quot;: &quot;SEND&quot;
            },
            {
                &quot;time&quot;: &quot;2022-02-16T09:59:11.929Z&quot;,
                &quot;status&quot;: &quot;DELIVERED&quot;
            },
            {
                &quot;time&quot;: &quot;2022-02-16T09:59:12.799Z&quot;,
                &quot;status&quot;: &quot;PENDING&quot;
            },
            {
                &quot;time&quot;: &quot;2022-02-16T09:59:12.857Z&quot;,
                &quot;status&quot;: &quot;SEND&quot;
            },
            {
                &quot;time&quot;: &quot;2022-02-16T09:59:12.913Z&quot;,
                &quot;status&quot;: &quot;DELIVERED&quot;
            },
            {
                &quot;time&quot;: &quot;2022-02-16T10:01:50.751Z&quot;,
                &quot;status&quot;: &quot;PENDING&quot;
            },
            {
                &quot;time&quot;: &quot;2022-02-16T10:01:50.791Z&quot;,
                &quot;status&quot;: &quot;SEND&quot;
            },
            {
                &quot;time&quot;: &quot;2022-02-16T10:01:50.828Z&quot;,
                &quot;status&quot;: &quot;DELIVERED&quot;
            },
            {
                &quot;time&quot;: &quot;2022-02-16T10:01:51.673Z&quot;,
                &quot;status&quot;: &quot;PENDING&quot;
            },
            {
                &quot;time&quot;: &quot;2022-02-16T10:01:51.713Z&quot;,
                &quot;status&quot;: &quot;SEND&quot;
            },
            {
                &quot;time&quot;: &quot;2022-02-16T10:01:51.755Z&quot;,
                &quot;status&quot;: &quot;DELIVERED&quot;
            },
            {
                &quot;time&quot;: &quot;2022-02-16T10:04:30.106Z&quot;,
                &quot;status&quot;: &quot;PENDING&quot;
            },
            {
                &quot;time&quot;: &quot;2022-02-16T10:04:30.153Z&quot;,
                &quot;status&quot;: &quot;SEND&quot;
            },
            {
                &quot;time&quot;: &quot;2022-02-16T10:04:30.200Z&quot;,
                &quot;status&quot;: &quot;DELIVERED&quot;
            },
            {
                &quot;time&quot;: &quot;2022-02-16T10:04:31.076Z&quot;,
                &quot;status&quot;: &quot;PENDING&quot;
            },
            {
                &quot;time&quot;: &quot;2022-02-16T10:04:31.122Z&quot;,
                &quot;status&quot;: &quot;SEND&quot;
            },
            {
                &quot;time&quot;: &quot;2022-02-16T10:04:31.164Z&quot;,
                &quot;status&quot;: &quot;DELIVERED&quot;
            },
            {
                &quot;time&quot;: &quot;2022-02-16T10:07:10.462Z&quot;,
                &quot;status&quot;: &quot;PENDING&quot;
            },
            {
                &quot;time&quot;: &quot;2022-02-16T10:07:10.499Z&quot;,
                &quot;status&quot;: &quot;SEND&quot;
            },
            {
                &quot;time&quot;: &quot;2022-02-16T10:07:10.537Z&quot;,
                &quot;status&quot;: &quot;DELIVERED&quot;
            },
            {
                &quot;time&quot;: &quot;2022-02-16T10:07:11.343Z&quot;,
                &quot;status&quot;: &quot;PENDING&quot;
            },
            {
                &quot;time&quot;: &quot;2022-02-16T10:07:11.380Z&quot;,
                &quot;status&quot;: &quot;SEND&quot;
            },
            {
                &quot;time&quot;: &quot;2022-02-16T10:07:11.418Z&quot;,
                &quot;status&quot;: &quot;DELIVERED&quot;
            },
            {
                &quot;time&quot;: &quot;2022-02-16T10:09:49.720Z&quot;,
                &quot;status&quot;: &quot;PENDING&quot;
            },
            {
                &quot;time&quot;: &quot;2022-02-16T10:09:49.762Z&quot;,
                &quot;status&quot;: &quot;SEND&quot;
            },
            {
                &quot;time&quot;: &quot;2022-02-16T10:09:49.803Z&quot;,
                &quot;status&quot;: &quot;DELIVERED&quot;
            },
            {
                &quot;time&quot;: &quot;2022-02-16T10:09:50.610Z&quot;,
                &quot;status&quot;: &quot;PENDING&quot;
            },
            {
                &quot;time&quot;: &quot;2022-02-16T10:09:50.651Z&quot;,
                &quot;status&quot;: &quot;SEND&quot;
            },
            {
                &quot;time&quot;: &quot;2022-02-16T10:09:50.691Z&quot;,
                &quot;status&quot;: &quot;DELIVERED&quot;
            },
            {
                &quot;time&quot;: &quot;2022-02-16T10:12:29.403Z&quot;,
                &quot;status&quot;: &quot;PENDING&quot;
            },
            {
                &quot;time&quot;: &quot;2022-02-16T10:12:29.449Z&quot;,
                &quot;status&quot;: &quot;SEND&quot;
            },
            {
                &quot;time&quot;: &quot;2022-02-16T10:12:29.494Z&quot;,
                &quot;status&quot;: &quot;DELIVERED&quot;
            },
            {
                &quot;time&quot;: &quot;2022-02-16T10:12:30.338Z&quot;,
                &quot;status&quot;: &quot;PENDING&quot;
            },
            {
                &quot;time&quot;: &quot;2022-02-16T10:12:30.379Z&quot;,
                &quot;status&quot;: &quot;SEND&quot;
            },
            {
                &quot;time&quot;: &quot;2022-02-16T10:12:30.423Z&quot;,
                &quot;status&quot;: &quot;DELIVERED&quot;
            },
            {
                &quot;time&quot;: &quot;2022-02-16T10:15:08.464Z&quot;,
                &quot;status&quot;: &quot;PENDING&quot;
            },
            {
                &quot;time&quot;: &quot;2022-02-16T10:15:08.507Z&quot;,
                &quot;status&quot;: &quot;SEND&quot;
            },
            {
                &quot;time&quot;: &quot;2022-02-16T10:15:08.549Z&quot;,
                &quot;status&quot;: &quot;DELIVERED&quot;
            },
            {
                &quot;time&quot;: &quot;2022-02-16T10:15:09.384Z&quot;,
                &quot;status&quot;: &quot;PENDING&quot;
            },
            {
                &quot;time&quot;: &quot;2022-02-16T10:15:09.428Z&quot;,
                &quot;status&quot;: &quot;SEND&quot;
            }
        ],
        &quot;status&quot;: &quot;DELIVERED&quot;
    },
    &quot;creationTime&quot;: &quot;2022-02-16T09:22:46.140Z&quot;,
    &quot;deviceId&quot;: &quot;14273295&quot;,
    &quot;deviceName&quot;: &quot;offsitec&quot;,
    &quot;self&quot;: &quot;https://t493319102.eu-latest.cumulocity.com/devicecontrol/operations/14275540&quot;,
    &quot;id&quot;: &quot;14275540&quot;,
    &quot;status&quot;: &quot;PENDING&quot;,
    &quot;c8y_LogfileRequest&quot;: {
        &quot;searchText&quot;: &quot;&quot;,
        &quot;logFile&quot;: &quot;software-management&quot;,
        &quot;dateTo&quot;: &quot;2021-11-21T18:55:49+0530&quot;,
        &quot;dateFrom&quot;: &quot;2021-11-15T18:55:49+0530&quot;,
        &quot;maximumLines&quot;: 300
    },
    &quot;description&quot;: &quot;Log file request&quot;
}
10:16:56 DEBUG Final URL of the request: https://thin-edge-io.eu-latest.cumulocity.com/devicecontrol/operations?deviceId=14273295&amp;pageSize=1&amp;revert=true&amp;dateFrom=1970-01-01T00%3A00%3A00.000Z
10:16:56 INFO  State of current operation: PENDING
10:16:56 DEBUG Final URL of the request: https://thin-edge-io.eu-latest.cumulocity.com/devicecontrol/operations?deviceId=14273295&amp;pageSize=1&amp;revert=true&amp;dateFrom=1970-01-01T00%3A00%3A00.000Z
10:16:56 DEBUG State of current operation: {
    &quot;delivery&quot;: {
        &quot;time&quot;: &quot;2022-02-16T10:15:09.472Z&quot;,
        &quot;log&quot;: [
            {
                &quot;time&quot;: &quot;2022-02-16T09:22:46.166Z&quot;,
                &quot;status&quot;: &quot;PENDING&quot;
            },
            {
                &quot;time&quot;: &quot;2022-02-16T09:22:46.185Z&quot;,
                &quot;status&quot;: &quot;SEND&quot;
            },
            {
                &quot;time&quot;: &quot;2022-02-16T09:22:46.219Z&quot;,
                &quot;status&quot;: &quot;DELIVERED&quot;
            },
            {
                &quot;time&quot;: &quot;2022-02-16T09:23:55.047Z&quot;,
                &quot;status&quot;: &quot;PENDING&quot;
            },
            {
                &quot;time&quot;: &quot;2022-02-16T09:23:55.077Z&quot;,
                &quot;status&quot;: &quot;SEND&quot;
            },
            {
                &quot;time&quot;: &quot;2022-02-16T09:23:55.114Z&quot;,
                &quot;status&quot;: &quot;DELIVERED&quot;
            },
            {
                &quot;time&quot;: &quot;2022-02-16T09:23:55.901Z&quot;,
                &quot;status&quot;: &quot;PENDING&quot;
            },
            {
                &quot;time&quot;: &quot;2022-02-16T09:23:55.930Z&quot;,
                &quot;status&quot;: &quot;SEND&quot;
            },
            {
                &quot;time&quot;: &quot;2022-02-16T09:23:55.967Z&quot;,
                &quot;status&quot;: &quot;DELIVERED&quot;
            },
            {
                &quot;time&quot;: &quot;2022-02-16T09:24:55.073Z&quot;,
                &quot;status&quot;: &quot;PENDING&quot;
            },
            {
                &quot;time&quot;: &quot;2022-02-16T09:24:55.106Z&quot;,
                &quot;status&quot;: &quot;SEND&quot;
            },
            {
                &quot;time&quot;: &quot;2022-02-16T09:24:55.144Z&quot;,
                &quot;status&quot;: &quot;DELIVERED&quot;
            },
            {
                &quot;time&quot;: &quot;2022-02-16T09:24:55.971Z&quot;,
                &quot;status&quot;: &quot;PENDING&quot;
            },
            {
                &quot;time&quot;: &quot;2022-02-16T09:24:56.008Z&quot;,
                &quot;status&quot;: &quot;SEND&quot;
            },
            {
                &quot;time&quot;: &quot;2022-02-16T09:24:56.044Z&quot;,
                &quot;status&quot;: &quot;DELIVERED&quot;
            },
            {
                &quot;time&quot;: &quot;2022-02-16T09:26:09.362Z&quot;,
                &quot;status&quot;: &quot;PENDING&quot;
            },
            {
                &quot;time&quot;: &quot;2022-02-16T09:26:09.392Z&quot;,
                &quot;status&quot;: &quot;SEND&quot;
            },
            {
                &quot;time&quot;: &quot;2022-02-16T09:26:09.428Z&quot;,
                &quot;status&quot;: &quot;DELIVERED&quot;
            },
            {
                &quot;time&quot;: &quot;2022-02-16T09:26:10.287Z&quot;,
                &quot;status&quot;: &quot;PENDING&quot;
            },
            {
                &quot;time&quot;: &quot;2022-02-16T09:26:10.317Z&quot;,
                &quot;status&quot;: &quot;SEND&quot;
            },
            {
                &quot;time&quot;: &quot;2022-02-16T09:26:10.353Z&quot;,
                &quot;status&quot;: &quot;DELIVERED&quot;
            },
            {
                &quot;time&quot;: &quot;2022-02-16T09:27:24.861Z&quot;,
                &quot;status&quot;: &quot;PENDING&quot;
            },
            {
                &quot;time&quot;: &quot;2022-02-16T09:27:24.898Z&quot;,
                &quot;status&quot;: &quot;SEND&quot;
            },
            {
                &quot;time&quot;: &quot;2022-02-16T09:27:24.935Z&quot;,
                &quot;status&quot;: &quot;DELIVERED&quot;
            },
            {
                &quot;time&quot;: &quot;2022-02-16T09:27:25.773Z&quot;,
                &quot;status&quot;: &quot;PENDING&quot;
            },
            {
                &quot;time&quot;: &quot;2022-02-16T09:27:25.812Z&quot;,
                &quot;status&quot;: &quot;SEND&quot;
            },
            {
                &quot;time&quot;: &quot;2022-02-16T09:27:25.849Z&quot;,
                &quot;status&quot;: &quot;DELIVERED&quot;
            },
            {
                &quot;time&quot;: &quot;2022-02-16T09:28:06.037Z&quot;,
                &quot;status&quot;: &quot;PENDING&quot;
            },
            {
                &quot;time&quot;: &quot;2022-02-16T09:28:06.069Z&quot;,
                &quot;status&quot;: &quot;SEND&quot;
            },
            {
                &quot;time&quot;: &quot;2022-02-16T09:28:06.107Z&quot;,
                &quot;status&quot;: &quot;DELIVERED&quot;
            },
            {
                &quot;time&quot;: &quot;2022-02-16T09:28:06.968Z&quot;,
                &quot;status&quot;: &quot;PENDING&quot;
            },
            {
                &quot;time&quot;: &quot;2022-02-16T09:28:07.002Z&quot;,
                &quot;status&quot;: &quot;SEND&quot;
            },
            {
                &quot;time&quot;: &quot;2022-02-16T09:28:07.039Z&quot;,
                &quot;status&quot;: &quot;DELIVERED&quot;
            },
            {
                &quot;time&quot;: &quot;2022-02-16T09:28:58.713Z&quot;,
                &quot;status&quot;: &quot;PENDING&quot;
            },
            {
                &quot;time&quot;: &quot;2022-02-16T09:28:58.744Z&quot;,
                &quot;status&quot;: &quot;SEND&quot;
            },
            {
                &quot;time&quot;: &quot;2022-02-16T09:28:58.782Z&quot;,
                &quot;status&quot;: &quot;DELIVERED&quot;
            },
            {
                &quot;time&quot;: &quot;2022-02-16T09:28:59.589Z&quot;,
                &quot;status&quot;: &quot;PENDING&quot;
            },
            {
                &quot;time&quot;: &quot;2022-02-16T09:28:59.620Z&quot;,
                &quot;status&quot;: &quot;SEND&quot;
            },
            {
                &quot;time&quot;: &quot;2022-02-16T09:28:59.658Z&quot;,
                &quot;status&quot;: &quot;DELIVERED&quot;
            },
            {
                &quot;time&quot;: &quot;2022-02-16T09:29:51.098Z&quot;,
                &quot;status&quot;: &quot;PENDING&quot;
            },
            {
                &quot;time&quot;: &quot;2022-02-16T09:29:51.134Z&quot;,
                &quot;status&quot;: &quot;SEND&quot;
            },
            {
                &quot;time&quot;: &quot;2022-02-16T09:29:51.171Z&quot;,
                &quot;status&quot;: &quot;DELIVERED&quot;
            },
            {
                &quot;time&quot;: &quot;2022-02-16T09:29:52.013Z&quot;,
                &quot;status&quot;: &quot;PENDING&quot;
            },
            {
                &quot;time&quot;: &quot;2022-02-16T09:29:52.047Z&quot;,
                &quot;status&quot;: &quot;SEND&quot;
            },
            {
                &quot;time&quot;: &quot;2022-02-16T09:29:52.089Z&quot;,
                &quot;status&quot;: &quot;DELIVERED&quot;
            },
            {
                &quot;time&quot;: &quot;2022-02-16T09:30:33.494Z&quot;,
                &quot;status&quot;: &quot;PENDING&quot;
            },
            {
                &quot;time&quot;: &quot;2022-02-16T09:30:33.534Z&quot;,
                &quot;status&quot;: &quot;SEND&quot;
            },
            {
                &quot;time&quot;: &quot;2022-02-16T09:30:33.571Z&quot;,
                &quot;status&quot;: &quot;DELIVERED&quot;
            },
            {
                &quot;time&quot;: &quot;2022-02-16T09:30:34.412Z&quot;,
                &quot;status&quot;: &quot;PENDING&quot;
            },
            {
                &quot;time&quot;: &quot;2022-02-16T09:30:34.453Z&quot;,
                &quot;status&quot;: &quot;SEND&quot;
            },
            {
                &quot;time&quot;: &quot;2022-02-16T09:30:34.488Z&quot;,
                &quot;status&quot;: &quot;DELIVERED&quot;
            },
            {
                &quot;time&quot;: &quot;2022-02-16T09:32:49.337Z&quot;,
                &quot;status&quot;: &quot;PENDING&quot;
            },
            {
                &quot;time&quot;: &quot;2022-02-16T09:32:49.371Z&quot;,
                &quot;status&quot;: &quot;SEND&quot;
            },
            {
                &quot;time&quot;: &quot;2022-02-16T09:32:49.408Z&quot;,
                &quot;status&quot;: &quot;DELIVERED&quot;
            },
            {
                &quot;time&quot;: &quot;2022-02-16T09:32:50.347Z&quot;,
                &quot;status&quot;: &quot;PENDING&quot;
            },
            {
                &quot;time&quot;: &quot;2022-02-16T09:32:50.382Z&quot;,
                &quot;status&quot;: &quot;SEND&quot;
            },
            {
                &quot;time&quot;: &quot;2022-02-16T09:32:50.423Z&quot;,
                &quot;status&quot;: &quot;DELIVERED&quot;
            },
            {
                &quot;time&quot;: &quot;2022-02-16T09:35:18.696Z&quot;,
                &quot;status&quot;: &quot;PENDING&quot;
            },
            {
                &quot;time&quot;: &quot;2022-02-16T09:35:18.734Z&quot;,
                &quot;status&quot;: &quot;SEND&quot;
            },
            {
                &quot;time&quot;: &quot;2022-02-16T09:35:18.769Z&quot;,
                &quot;status&quot;: &quot;DELIVERED&quot;
            },
            {
                &quot;time&quot;: &quot;2022-02-16T09:35:41.813Z&quot;,
                &quot;status&quot;: &quot;PENDING&quot;
            },
            {
                &quot;time&quot;: &quot;2022-02-16T09:35:41.852Z&quot;,
                &quot;status&quot;: &quot;SEND&quot;
            },
            {
                &quot;time&quot;: &quot;2022-02-16T09:35:41.891Z&quot;,
                &quot;status&quot;: &quot;DELIVERED&quot;
            },
            {
                &quot;time&quot;: &quot;2022-02-16T09:35:42.766Z&quot;,
                &quot;status&quot;: &quot;PENDING&quot;
            },
            {
                &quot;time&quot;: &quot;2022-02-16T09:35:42.811Z&quot;,
                &quot;status&quot;: &quot;SEND&quot;
            },
            {
                &quot;time&quot;: &quot;2022-02-16T09:35:42.849Z&quot;,
                &quot;status&quot;: &quot;DELIVERED&quot;
            },
            {
                &quot;time&quot;: &quot;2022-02-16T09:36:06.394Z&quot;,
                &quot;status&quot;: &quot;PENDING&quot;
            },
            {
                &quot;time&quot;: &quot;2022-02-16T09:36:06.432Z&quot;,
                &quot;status&quot;: &quot;SEND&quot;
            },
            {
                &quot;time&quot;: &quot;2022-02-16T09:36:06.488Z&quot;,
                &quot;status&quot;: &quot;DELIVERED&quot;
            },
            {
                &quot;time&quot;: &quot;2022-02-16T09:36:07.318Z&quot;,
                &quot;status&quot;: &quot;PENDING&quot;
            },
            {
                &quot;time&quot;: &quot;2022-02-16T09:36:07.358Z&quot;,
                &quot;status&quot;: &quot;SEND&quot;
            },
            {
                &quot;time&quot;: &quot;2022-02-16T09:36:07.393Z&quot;,
                &quot;status&quot;: &quot;DELIVERED&quot;
            },
            {
                &quot;time&quot;: &quot;2022-02-16T09:36:30.178Z&quot;,
                &quot;status&quot;: &quot;PENDING&quot;
            },
            {
                &quot;time&quot;: &quot;2022-02-16T09:36:30.210Z&quot;,
                &quot;status&quot;: &quot;SEND&quot;
            },
            {
                &quot;time&quot;: &quot;2022-02-16T09:36:30.248Z&quot;,
                &quot;status&quot;: &quot;DELIVERED&quot;
            },
            {
                &quot;time&quot;: &quot;2022-02-16T09:36:31.123Z&quot;,
                &quot;status&quot;: &quot;PENDING&quot;
            },
            {
                &quot;time&quot;: &quot;2022-02-16T09:36:31.156Z&quot;,
                &quot;status&quot;: &quot;SEND&quot;
            },
            {
                &quot;time&quot;: &quot;2022-02-16T09:36:31.207Z&quot;,
                &quot;status&quot;: &quot;DELIVERED&quot;
            },
            {
                &quot;time&quot;: &quot;2022-02-16T09:37:08.443Z&quot;,
                &quot;status&quot;: &quot;PENDING&quot;
            },
            {
                &quot;time&quot;: &quot;2022-02-16T09:37:08.481Z&quot;,
                &quot;status&quot;: &quot;SEND&quot;
            },
            {
                &quot;time&quot;: &quot;2022-02-16T09:37:08.522Z&quot;,
                &quot;status&quot;: &quot;DELIVERED&quot;
            },
            {
                &quot;time&quot;: &quot;2022-02-16T09:37:09.439Z&quot;,
                &quot;status&quot;: &quot;PENDING&quot;
            },
            {
                &quot;time&quot;: &quot;2022-02-16T09:37:09.478Z&quot;,
                &quot;status&quot;: &quot;SEND&quot;
            },
            {
                &quot;time&quot;: &quot;2022-02-16T09:37:09.516Z&quot;,
                &quot;status&quot;: &quot;DELIVERED&quot;
            },
            {
                &quot;time&quot;: &quot;2022-02-16T09:37:13.026Z&quot;,
                &quot;status&quot;: &quot;PENDING&quot;
            },
            {
                &quot;time&quot;: &quot;2022-02-16T09:37:13.068Z&quot;,
                &quot;status&quot;: &quot;SEND&quot;
            },
            {
                &quot;time&quot;: &quot;2022-02-16T09:37:13.106Z&quot;,
                &quot;status&quot;: &quot;DELIVERED&quot;
            },
            {
                &quot;time&quot;: &quot;2022-02-16T09:37:37.817Z&quot;,
                &quot;status&quot;: &quot;PENDING&quot;
            },
            {
                &quot;time&quot;: &quot;2022-02-16T09:37:37.857Z&quot;,
                &quot;status&quot;: &quot;SEND&quot;
            },
            {
                &quot;time&quot;: &quot;2022-02-16T09:37:37.893Z&quot;,
                &quot;status&quot;: &quot;DELIVERED&quot;
            },
            {
                &quot;time&quot;: &quot;2022-02-16T09:37:38.638Z&quot;,
                &quot;status&quot;: &quot;PENDING&quot;
            },
            {
                &quot;time&quot;: &quot;2022-02-16T09:37:38.675Z&quot;,
                &quot;status&quot;: &quot;SEND&quot;
            },
            {
                &quot;time&quot;: &quot;2022-02-16T09:37:38.712Z&quot;,
                &quot;status&quot;: &quot;DELIVERED&quot;
            },
            {
                &quot;time&quot;: &quot;2022-02-16T09:38:03.926Z&quot;,
                &quot;status&quot;: &quot;PENDING&quot;
            },
            {
                &quot;time&quot;: &quot;2022-02-16T09:38:03.965Z&quot;,
                &quot;status&quot;: &quot;SEND&quot;
            },
            {
                &quot;time&quot;: &quot;2022-02-16T09:38:04.001Z&quot;,
                &quot;status&quot;: &quot;DELIVERED&quot;
            },
            {
                &quot;time&quot;: &quot;2022-02-16T09:38:04.819Z&quot;,
                &quot;status&quot;: &quot;PENDING&quot;
            },
            {
                &quot;time&quot;: &quot;2022-02-16T09:38:04.864Z&quot;,
                &quot;status&quot;: &quot;SEND&quot;
            },
            {
                &quot;time&quot;: &quot;2022-02-16T09:38:04.911Z&quot;,
                &quot;status&quot;: &quot;DELIVERED&quot;
            },
            {
                &quot;time&quot;: &quot;2022-02-16T09:53:50.860Z&quot;,
                &quot;status&quot;: &quot;PENDING&quot;
            },
            {
                &quot;time&quot;: &quot;2022-02-16T09:53:50.900Z&quot;,
                &quot;status&quot;: &quot;SEND&quot;
            },
            {
                &quot;time&quot;: &quot;2022-02-16T09:53:50.939Z&quot;,
                &quot;status&quot;: &quot;DELIVERED&quot;
            },
            {
                &quot;time&quot;: &quot;2022-02-16T09:53:51.831Z&quot;,
                &quot;status&quot;: &quot;PENDING&quot;
            },
            {
                &quot;time&quot;: &quot;2022-02-16T09:53:51.869Z&quot;,
                &quot;status&quot;: &quot;SEND&quot;
            },
            {
                &quot;time&quot;: &quot;2022-02-16T09:53:51.917Z&quot;,
                &quot;status&quot;: &quot;DELIVERED&quot;
            },
            {
                &quot;time&quot;: &quot;2022-02-16T09:56:32.333Z&quot;,
                &quot;status&quot;: &quot;PENDING&quot;
            },
            {
                &quot;time&quot;: &quot;2022-02-16T09:56:32.376Z&quot;,
                &quot;status&quot;: &quot;SEND&quot;
            },
            {
                &quot;time&quot;: &quot;2022-02-16T09:56:32.413Z&quot;,
                &quot;status&quot;: &quot;DELIVERED&quot;
            },
            {
                &quot;time&quot;: &quot;2022-02-16T09:56:33.226Z&quot;,
                &quot;status&quot;: &quot;PENDING&quot;
            },
            {
                &quot;time&quot;: &quot;2022-02-16T09:56:33.279Z&quot;,
                &quot;status&quot;: &quot;SEND&quot;
            },
            {
                &quot;time&quot;: &quot;2022-02-16T09:56:33.321Z&quot;,
                &quot;status&quot;: &quot;DELIVERED&quot;
            },
            {
                &quot;time&quot;: &quot;2022-02-16T09:59:11.843Z&quot;,
                &quot;status&quot;: &quot;PENDING&quot;
            },
            {
                &quot;time&quot;: &quot;2022-02-16T09:59:11.885Z&quot;,
                &quot;status&quot;: &quot;SEND&quot;
            },
            {
                &quot;time&quot;: &quot;2022-02-16T09:59:11.929Z&quot;,
                &quot;status&quot;: &quot;DELIVERED&quot;
            },
            {
                &quot;time&quot;: &quot;2022-02-16T09:59:12.799Z&quot;,
                &quot;status&quot;: &quot;PENDING&quot;
            },
            {
                &quot;time&quot;: &quot;2022-02-16T09:59:12.857Z&quot;,
                &quot;status&quot;: &quot;SEND&quot;
            },
            {
                &quot;time&quot;: &quot;2022-02-16T09:59:12.913Z&quot;,
                &quot;status&quot;: &quot;DELIVERED&quot;
            },
            {
                &quot;time&quot;: &quot;2022-02-16T10:01:50.751Z&quot;,
                &quot;status&quot;: &quot;PENDING&quot;
            },
            {
                &quot;time&quot;: &quot;2022-02-16T10:01:50.791Z&quot;,
                &quot;status&quot;: &quot;SEND&quot;
            },
            {
                &quot;time&quot;: &quot;2022-02-16T10:01:50.828Z&quot;,
                &quot;status&quot;: &quot;DELIVERED&quot;
            },
            {
                &quot;time&quot;: &quot;2022-02-16T10:01:51.673Z&quot;,
                &quot;status&quot;: &quot;PENDING&quot;
            },
            {
                &quot;time&quot;: &quot;2022-02-16T10:01:51.713Z&quot;,
                &quot;status&quot;: &quot;SEND&quot;
            },
            {
                &quot;time&quot;: &quot;2022-02-16T10:01:51.755Z&quot;,
                &quot;status&quot;: &quot;DELIVERED&quot;
            },
            {
                &quot;time&quot;: &quot;2022-02-16T10:04:30.106Z&quot;,
                &quot;status&quot;: &quot;PENDING&quot;
            },
            {
                &quot;time&quot;: &quot;2022-02-16T10:04:30.153Z&quot;,
                &quot;status&quot;: &quot;SEND&quot;
            },
            {
                &quot;time&quot;: &quot;2022-02-16T10:04:30.200Z&quot;,
                &quot;status&quot;: &quot;DELIVERED&quot;
            },
            {
                &quot;time&quot;: &quot;2022-02-16T10:04:31.076Z&quot;,
                &quot;status&quot;: &quot;PENDING&quot;
            },
            {
                &quot;time&quot;: &quot;2022-02-16T10:04:31.122Z&quot;,
                &quot;status&quot;: &quot;SEND&quot;
            },
            {
                &quot;time&quot;: &quot;2022-02-16T10:04:31.164Z&quot;,
                &quot;status&quot;: &quot;DELIVERED&quot;
            },
            {
                &quot;time&quot;: &quot;2022-02-16T10:07:10.462Z&quot;,
                &quot;status&quot;: &quot;PENDING&quot;
            },
            {
                &quot;time&quot;: &quot;2022-02-16T10:07:10.499Z&quot;,
                &quot;status&quot;: &quot;SEND&quot;
            },
            {
                &quot;time&quot;: &quot;2022-02-16T10:07:10.537Z&quot;,
                &quot;status&quot;: &quot;DELIVERED&quot;
            },
            {
                &quot;time&quot;: &quot;2022-02-16T10:07:11.343Z&quot;,
                &quot;status&quot;: &quot;PENDING&quot;
            },
            {
                &quot;time&quot;: &quot;2022-02-16T10:07:11.380Z&quot;,
                &quot;status&quot;: &quot;SEND&quot;
            },
            {
                &quot;time&quot;: &quot;2022-02-16T10:07:11.418Z&quot;,
                &quot;status&quot;: &quot;DELIVERED&quot;
            },
            {
                &quot;time&quot;: &quot;2022-02-16T10:09:49.720Z&quot;,
                &quot;status&quot;: &quot;PENDING&quot;
            },
            {
                &quot;time&quot;: &quot;2022-02-16T10:09:49.762Z&quot;,
                &quot;status&quot;: &quot;SEND&quot;
            },
            {
                &quot;time&quot;: &quot;2022-02-16T10:09:49.803Z&quot;,
                &quot;status&quot;: &quot;DELIVERED&quot;
            },
            {
                &quot;time&quot;: &quot;2022-02-16T10:09:50.610Z&quot;,
                &quot;status&quot;: &quot;PENDING&quot;
            },
            {
                &quot;time&quot;: &quot;2022-02-16T10:09:50.651Z&quot;,
                &quot;status&quot;: &quot;SEND&quot;
            },
            {
                &quot;time&quot;: &quot;2022-02-16T10:09:50.691Z&quot;,
                &quot;status&quot;: &quot;DELIVERED&quot;
            },
            {
                &quot;time&quot;: &quot;2022-02-16T10:12:29.403Z&quot;,
                &quot;status&quot;: &quot;PENDING&quot;
            },
            {
                &quot;time&quot;: &quot;2022-02-16T10:12:29.449Z&quot;,
                &quot;status&quot;: &quot;SEND&quot;
            },
            {
                &quot;time&quot;: &quot;2022-02-16T10:12:29.494Z&quot;,
                &quot;status&quot;: &quot;DELIVERED&quot;
            },
            {
                &quot;time&quot;: &quot;2022-02-16T10:12:30.338Z&quot;,
                &quot;status&quot;: &quot;PENDING&quot;
            },
            {
                &quot;time&quot;: &quot;2022-02-16T10:12:30.379Z&quot;,
                &quot;status&quot;: &quot;SEND&quot;
            },
            {
                &quot;time&quot;: &quot;2022-02-16T10:12:30.423Z&quot;,
                &quot;status&quot;: &quot;DELIVERED&quot;
            },
            {
                &quot;time&quot;: &quot;2022-02-16T10:15:08.464Z&quot;,
                &quot;status&quot;: &quot;PENDING&quot;
            },
            {
                &quot;time&quot;: &quot;2022-02-16T10:15:08.507Z&quot;,
                &quot;status&quot;: &quot;SEND&quot;
            },
            {
                &quot;time&quot;: &quot;2022-02-16T10:15:08.549Z&quot;,
                &quot;status&quot;: &quot;DELIVERED&quot;
            },
            {
                &quot;time&quot;: &quot;2022-02-16T10:15:09.384Z&quot;,
                &quot;status&quot;: &quot;PENDING&quot;
            },
            {
                &quot;time&quot;: &quot;2022-02-16T10:15:09.428Z&quot;,
                &quot;status&quot;: &quot;SEND&quot;
            }
        ],
        &quot;status&quot;: &quot;DELIVERED&quot;
    },
    &quot;creationTime&quot;: &quot;2022-02-16T09:22:46.140Z&quot;,
    &quot;deviceId&quot;: &quot;14273295&quot;,
    &quot;deviceName&quot;: &quot;offsitec&quot;,
    &quot;self&quot;: &quot;https://t493319102.eu-latest.cumulocity.com/devicecontrol/operations/14275540&quot;,
    &quot;id&quot;: &quot;14275540&quot;,
    &quot;status&quot;: &quot;PENDING&quot;,
    &quot;c8y_LogfileRequest&quot;: {
        &quot;searchText&quot;: &quot;&quot;,
        &quot;logFile&quot;: &quot;software-management&quot;,
        &quot;dateTo&quot;: &quot;2021-11-21T18:55:49+0530&quot;,
        &quot;dateFrom&quot;: &quot;2021-11-15T18:55:49+0530&quot;,
        &quot;maximumLines&quot;: 300
    },
    &quot;description&quot;: &quot;Log file request&quot;
}
10:16:58 DEBUG Final URL of the request: https://thin-edge-io.eu-latest.cumulocity.com/devicecontrol/operations?deviceId=14273295&amp;pageSize=1&amp;revert=true&amp;dateFrom=1970-01-01T00%3A00%3A00.000Z
10:16:58 INFO  State of current operation: PENDING
10:16:58 DEBUG Final URL of the request: https://thin-edge-io.eu-latest.cumulocity.com/devicecontrol/operations?deviceId=14273295&amp;pageSize=1&amp;revert=true&amp;dateFrom=1970-01-01T00%3A00%3A00.000Z
10:16:58 DEBUG State of current operation: {
    &quot;delivery&quot;: {
        &quot;time&quot;: &quot;2022-02-16T10:15:09.472Z&quot;,
        &quot;log&quot;: [
            {
                &quot;time&quot;: &quot;2022-02-16T09:22:46.166Z&quot;,
                &quot;status&quot;: &quot;PENDING&quot;
            },
            {
                &quot;time&quot;: &quot;2022-02-16T09:22:46.185Z&quot;,
                &quot;status&quot;: &quot;SEND&quot;
            },
            {
                &quot;time&quot;: &quot;2022-02-16T09:22:46.219Z&quot;,
                &quot;status&quot;: &quot;DELIVERED&quot;
            },
            {
                &quot;time&quot;: &quot;2022-02-16T09:23:55.047Z&quot;,
                &quot;status&quot;: &quot;PENDING&quot;
            },
            {
                &quot;time&quot;: &quot;2022-02-16T09:23:55.077Z&quot;,
                &quot;status&quot;: &quot;SEND&quot;
            },
            {
                &quot;time&quot;: &quot;2022-02-16T09:23:55.114Z&quot;,
                &quot;status&quot;: &quot;DELIVERED&quot;
            },
            {
                &quot;time&quot;: &quot;2022-02-16T09:23:55.901Z&quot;,
                &quot;status&quot;: &quot;PENDING&quot;
            },
            {
                &quot;time&quot;: &quot;2022-02-16T09:23:55.930Z&quot;,
                &quot;status&quot;: &quot;SEND&quot;
            },
            {
                &quot;time&quot;: &quot;2022-02-16T09:23:55.967Z&quot;,
                &quot;status&quot;: &quot;DELIVERED&quot;
            },
            {
                &quot;time&quot;: &quot;2022-02-16T09:24:55.073Z&quot;,
                &quot;status&quot;: &quot;PENDING&quot;
            },
            {
                &quot;time&quot;: &quot;2022-02-16T09:24:55.106Z&quot;,
                &quot;status&quot;: &quot;SEND&quot;
            },
            {
                &quot;time&quot;: &quot;2022-02-16T09:24:55.144Z&quot;,
                &quot;status&quot;: &quot;DELIVERED&quot;
            },
            {
                &quot;time&quot;: &quot;2022-02-16T09:24:55.971Z&quot;,
                &quot;status&quot;: &quot;PENDING&quot;
            },
            {
                &quot;time&quot;: &quot;2022-02-16T09:24:56.008Z&quot;,
                &quot;status&quot;: &quot;SEND&quot;
            },
            {
                &quot;time&quot;: &quot;2022-02-16T09:24:56.044Z&quot;,
                &quot;status&quot;: &quot;DELIVERED&quot;
            },
            {
                &quot;time&quot;: &quot;2022-02-16T09:26:09.362Z&quot;,
                &quot;status&quot;: &quot;PENDING&quot;
            },
            {
                &quot;time&quot;: &quot;2022-02-16T09:26:09.392Z&quot;,
                &quot;status&quot;: &quot;SEND&quot;
            },
            {
                &quot;time&quot;: &quot;2022-02-16T09:26:09.428Z&quot;,
                &quot;status&quot;: &quot;DELIVERED&quot;
            },
            {
                &quot;time&quot;: &quot;2022-02-16T09:26:10.287Z&quot;,
                &quot;status&quot;: &quot;PENDING&quot;
            },
            {
                &quot;time&quot;: &quot;2022-02-16T09:26:10.317Z&quot;,
                &quot;status&quot;: &quot;SEND&quot;
            },
            {
                &quot;time&quot;: &quot;2022-02-16T09:26:10.353Z&quot;,
                &quot;status&quot;: &quot;DELIVERED&quot;
            },
            {
                &quot;time&quot;: &quot;2022-02-16T09:27:24.861Z&quot;,
                &quot;status&quot;: &quot;PENDING&quot;
            },
            {
                &quot;time&quot;: &quot;2022-02-16T09:27:24.898Z&quot;,
                &quot;status&quot;: &quot;SEND&quot;
            },
            {
                &quot;time&quot;: &quot;2022-02-16T09:27:24.935Z&quot;,
                &quot;status&quot;: &quot;DELIVERED&quot;
            },
            {
                &quot;time&quot;: &quot;2022-02-16T09:27:25.773Z&quot;,
                &quot;status&quot;: &quot;PENDING&quot;
            },
            {
                &quot;time&quot;: &quot;2022-02-16T09:27:25.812Z&quot;,
                &quot;status&quot;: &quot;SEND&quot;
            },
            {
                &quot;time&quot;: &quot;2022-02-16T09:27:25.849Z&quot;,
                &quot;status&quot;: &quot;DELIVERED&quot;
            },
            {
                &quot;time&quot;: &quot;2022-02-16T09:28:06.037Z&quot;,
                &quot;status&quot;: &quot;PENDING&quot;
            },
            {
                &quot;time&quot;: &quot;2022-02-16T09:28:06.069Z&quot;,
                &quot;status&quot;: &quot;SEND&quot;
            },
            {
                &quot;time&quot;: &quot;2022-02-16T09:28:06.107Z&quot;,
                &quot;status&quot;: &quot;DELIVERED&quot;
            },
            {
                &quot;time&quot;: &quot;2022-02-16T09:28:06.968Z&quot;,
                &quot;status&quot;: &quot;PENDING&quot;
            },
            {
                &quot;time&quot;: &quot;2022-02-16T09:28:07.002Z&quot;,
                &quot;status&quot;: &quot;SEND&quot;
            },
            {
                &quot;time&quot;: &quot;2022-02-16T09:28:07.039Z&quot;,
                &quot;status&quot;: &quot;DELIVERED&quot;
            },
            {
                &quot;time&quot;: &quot;2022-02-16T09:28:58.713Z&quot;,
                &quot;status&quot;: &quot;PENDING&quot;
            },
            {
                &quot;time&quot;: &quot;2022-02-16T09:28:58.744Z&quot;,
                &quot;status&quot;: &quot;SEND&quot;
            },
            {
                &quot;time&quot;: &quot;2022-02-16T09:28:58.782Z&quot;,
                &quot;status&quot;: &quot;DELIVERED&quot;
            },
            {
                &quot;time&quot;: &quot;2022-02-16T09:28:59.589Z&quot;,
                &quot;status&quot;: &quot;PENDING&quot;
            },
            {
                &quot;time&quot;: &quot;2022-02-16T09:28:59.620Z&quot;,
                &quot;status&quot;: &quot;SEND&quot;
            },
            {
                &quot;time&quot;: &quot;2022-02-16T09:28:59.658Z&quot;,
                &quot;status&quot;: &quot;DELIVERED&quot;
            },
            {
                &quot;time&quot;: &quot;2022-02-16T09:29:51.098Z&quot;,
                &quot;status&quot;: &quot;PENDING&quot;
            },
            {
                &quot;time&quot;: &quot;2022-02-16T09:29:51.134Z&quot;,
                &quot;status&quot;: &quot;SEND&quot;
            },
            {
                &quot;time&quot;: &quot;2022-02-16T09:29:51.171Z&quot;,
                &quot;status&quot;: &quot;DELIVERED&quot;
            },
            {
                &quot;time&quot;: &quot;2022-02-16T09:29:52.013Z&quot;,
                &quot;status&quot;: &quot;PENDING&quot;
            },
            {
                &quot;time&quot;: &quot;2022-02-16T09:29:52.047Z&quot;,
                &quot;status&quot;: &quot;SEND&quot;
            },
            {
                &quot;time&quot;: &quot;2022-02-16T09:29:52.089Z&quot;,
                &quot;status&quot;: &quot;DELIVERED&quot;
            },
            {
                &quot;time&quot;: &quot;2022-02-16T09:30:33.494Z&quot;,
                &quot;status&quot;: &quot;PENDING&quot;
            },
            {
                &quot;time&quot;: &quot;2022-02-16T09:30:33.534Z&quot;,
                &quot;status&quot;: &quot;SEND&quot;
            },
            {
                &quot;time&quot;: &quot;2022-02-16T09:30:33.571Z&quot;,
                &quot;status&quot;: &quot;DELIVERED&quot;
            },
            {
                &quot;time&quot;: &quot;2022-02-16T09:30:34.412Z&quot;,
                &quot;status&quot;: &quot;PENDING&quot;
            },
            {
                &quot;time&quot;: &quot;2022-02-16T09:30:34.453Z&quot;,
                &quot;status&quot;: &quot;SEND&quot;
            },
            {
                &quot;time&quot;: &quot;2022-02-16T09:30:34.488Z&quot;,
                &quot;status&quot;: &quot;DELIVERED&quot;
            },
            {
                &quot;time&quot;: &quot;2022-02-16T09:32:49.337Z&quot;,
                &quot;status&quot;: &quot;PENDING&quot;
            },
            {
                &quot;time&quot;: &quot;2022-02-16T09:32:49.371Z&quot;,
                &quot;status&quot;: &quot;SEND&quot;
            },
            {
                &quot;time&quot;: &quot;2022-02-16T09:32:49.408Z&quot;,
                &quot;status&quot;: &quot;DELIVERED&quot;
            },
            {
                &quot;time&quot;: &quot;2022-02-16T09:32:50.347Z&quot;,
                &quot;status&quot;: &quot;PENDING&quot;
            },
            {
                &quot;time&quot;: &quot;2022-02-16T09:32:50.382Z&quot;,
                &quot;status&quot;: &quot;SEND&quot;
            },
            {
                &quot;time&quot;: &quot;2022-02-16T09:32:50.423Z&quot;,
                &quot;status&quot;: &quot;DELIVERED&quot;
            },
            {
                &quot;time&quot;: &quot;2022-02-16T09:35:18.696Z&quot;,
                &quot;status&quot;: &quot;PENDING&quot;
            },
            {
                &quot;time&quot;: &quot;2022-02-16T09:35:18.734Z&quot;,
                &quot;status&quot;: &quot;SEND&quot;
            },
            {
                &quot;time&quot;: &quot;2022-02-16T09:35:18.769Z&quot;,
                &quot;status&quot;: &quot;DELIVERED&quot;
            },
            {
                &quot;time&quot;: &quot;2022-02-16T09:35:41.813Z&quot;,
                &quot;status&quot;: &quot;PENDING&quot;
            },
            {
                &quot;time&quot;: &quot;2022-02-16T09:35:41.852Z&quot;,
                &quot;status&quot;: &quot;SEND&quot;
            },
            {
                &quot;time&quot;: &quot;2022-02-16T09:35:41.891Z&quot;,
                &quot;status&quot;: &quot;DELIVERED&quot;
            },
            {
                &quot;time&quot;: &quot;2022-02-16T09:35:42.766Z&quot;,
                &quot;status&quot;: &quot;PENDING&quot;
            },
            {
                &quot;time&quot;: &quot;2022-02-16T09:35:42.811Z&quot;,
                &quot;status&quot;: &quot;SEND&quot;
            },
            {
                &quot;time&quot;: &quot;2022-02-16T09:35:42.849Z&quot;,
                &quot;status&quot;: &quot;DELIVERED&quot;
            },
            {
                &quot;time&quot;: &quot;2022-02-16T09:36:06.394Z&quot;,
                &quot;status&quot;: &quot;PENDING&quot;
            },
            {
                &quot;time&quot;: &quot;2022-02-16T09:36:06.432Z&quot;,
                &quot;status&quot;: &quot;SEND&quot;
            },
            {
                &quot;time&quot;: &quot;2022-02-16T09:36:06.488Z&quot;,
                &quot;status&quot;: &quot;DELIVERED&quot;
            },
            {
                &quot;time&quot;: &quot;2022-02-16T09:36:07.318Z&quot;,
                &quot;status&quot;: &quot;PENDING&quot;
            },
            {
                &quot;time&quot;: &quot;2022-02-16T09:36:07.358Z&quot;,
                &quot;status&quot;: &quot;SEND&quot;
            },
            {
                &quot;time&quot;: &quot;2022-02-16T09:36:07.393Z&quot;,
                &quot;status&quot;: &quot;DELIVERED&quot;
            },
            {
                &quot;time&quot;: &quot;2022-02-16T09:36:30.178Z&quot;,
                &quot;status&quot;: &quot;PENDING&quot;
            },
            {
                &quot;time&quot;: &quot;2022-02-16T09:36:30.210Z&quot;,
                &quot;status&quot;: &quot;SEND&quot;
            },
            {
                &quot;time&quot;: &quot;2022-02-16T09:36:30.248Z&quot;,
                &quot;status&quot;: &quot;DELIVERED&quot;
            },
            {
                &quot;time&quot;: &quot;2022-02-16T09:36:31.123Z&quot;,
                &quot;status&quot;: &quot;PENDING&quot;
            },
            {
                &quot;time&quot;: &quot;2022-02-16T09:36:31.156Z&quot;,
                &quot;status&quot;: &quot;SEND&quot;
            },
            {
                &quot;time&quot;: &quot;2022-02-16T09:36:31.207Z&quot;,
                &quot;status&quot;: &quot;DELIVERED&quot;
            },
            {
                &quot;time&quot;: &quot;2022-02-16T09:37:08.443Z&quot;,
                &quot;status&quot;: &quot;PENDING&quot;
            },
            {
                &quot;time&quot;: &quot;2022-02-16T09:37:08.481Z&quot;,
                &quot;status&quot;: &quot;SEND&quot;
            },
            {
                &quot;time&quot;: &quot;2022-02-16T09:37:08.522Z&quot;,
                &quot;status&quot;: &quot;DELIVERED&quot;
            },
            {
                &quot;time&quot;: &quot;2022-02-16T09:37:09.439Z&quot;,
                &quot;status&quot;: &quot;PENDING&quot;
            },
            {
                &quot;time&quot;: &quot;2022-02-16T09:37:09.478Z&quot;,
                &quot;status&quot;: &quot;SEND&quot;
            },
            {
                &quot;time&quot;: &quot;2022-02-16T09:37:09.516Z&quot;,
                &quot;status&quot;: &quot;DELIVERED&quot;
            },
            {
                &quot;time&quot;: &quot;2022-02-16T09:37:13.026Z&quot;,
                &quot;status&quot;: &quot;PENDING&quot;
            },
            {
                &quot;time&quot;: &quot;2022-02-16T09:37:13.068Z&quot;,
                &quot;status&quot;: &quot;SEND&quot;
            },
            {
                &quot;time&quot;: &quot;2022-02-16T09:37:13.106Z&quot;,
                &quot;status&quot;: &quot;DELIVERED&quot;
            },
            {
                &quot;time&quot;: &quot;2022-02-16T09:37:37.817Z&quot;,
                &quot;status&quot;: &quot;PENDING&quot;
            },
            {
                &quot;time&quot;: &quot;2022-02-16T09:37:37.857Z&quot;,
                &quot;status&quot;: &quot;SEND&quot;
            },
            {
                &quot;time&quot;: &quot;2022-02-16T09:37:37.893Z&quot;,
                &quot;status&quot;: &quot;DELIVERED&quot;
            },
            {
                &quot;time&quot;: &quot;2022-02-16T09:37:38.638Z&quot;,
                &quot;status&quot;: &quot;PENDING&quot;
            },
            {
                &quot;time&quot;: &quot;2022-02-16T09:37:38.675Z&quot;,
                &quot;status&quot;: &quot;SEND&quot;
            },
            {
                &quot;time&quot;: &quot;2022-02-16T09:37:38.712Z&quot;,
                &quot;status&quot;: &quot;DELIVERED&quot;
            },
            {
                &quot;time&quot;: &quot;2022-02-16T09:38:03.926Z&quot;,
                &quot;status&quot;: &quot;PENDING&quot;
            },
            {
                &quot;time&quot;: &quot;2022-02-16T09:38:03.965Z&quot;,
                &quot;status&quot;: &quot;SEND&quot;
            },
            {
                &quot;time&quot;: &quot;2022-02-16T09:38:04.001Z&quot;,
                &quot;status&quot;: &quot;DELIVERED&quot;
            },
            {
                &quot;time&quot;: &quot;2022-02-16T09:38:04.819Z&quot;,
                &quot;status&quot;: &quot;PENDING&quot;
            },
            {
                &quot;time&quot;: &quot;2022-02-16T09:38:04.864Z&quot;,
                &quot;status&quot;: &quot;SEND&quot;
            },
            {
                &quot;time&quot;: &quot;2022-02-16T09:38:04.911Z&quot;,
                &quot;status&quot;: &quot;DELIVERED&quot;
            },
            {
                &quot;time&quot;: &quot;2022-02-16T09:53:50.860Z&quot;,
                &quot;status&quot;: &quot;PENDING&quot;
            },
            {
                &quot;time&quot;: &quot;2022-02-16T09:53:50.900Z&quot;,
                &quot;status&quot;: &quot;SEND&quot;
            },
            {
                &quot;time&quot;: &quot;2022-02-16T09:53:50.939Z&quot;,
                &quot;status&quot;: &quot;DELIVERED&quot;
            },
            {
                &quot;time&quot;: &quot;2022-02-16T09:53:51.831Z&quot;,
                &quot;status&quot;: &quot;PENDING&quot;
            },
            {
                &quot;time&quot;: &quot;2022-02-16T09:53:51.869Z&quot;,
                &quot;status&quot;: &quot;SEND&quot;
            },
            {
                &quot;time&quot;: &quot;2022-02-16T09:53:51.917Z&quot;,
                &quot;status&quot;: &quot;DELIVERED&quot;
            },
            {
                &quot;time&quot;: &quot;2022-02-16T09:56:32.333Z&quot;,
                &quot;status&quot;: &quot;PENDING&quot;
            },
            {
                &quot;time&quot;: &quot;2022-02-16T09:56:32.376Z&quot;,
                &quot;status&quot;: &quot;SEND&quot;
            },
            {
                &quot;time&quot;: &quot;2022-02-16T09:56:32.413Z&quot;,
                &quot;status&quot;: &quot;DELIVERED&quot;
            },
            {
                &quot;time&quot;: &quot;2022-02-16T09:56:33.226Z&quot;,
                &quot;status&quot;: &quot;PENDING&quot;
            },
            {
                &quot;time&quot;: &quot;2022-02-16T09:56:33.279Z&quot;,
                &quot;status&quot;: &quot;SEND&quot;
            },
            {
                &quot;time&quot;: &quot;2022-02-16T09:56:33.321Z&quot;,
                &quot;status&quot;: &quot;DELIVERED&quot;
            },
            {
                &quot;time&quot;: &quot;2022-02-16T09:59:11.843Z&quot;,
                &quot;status&quot;: &quot;PENDING&quot;
            },
            {
                &quot;time&quot;: &quot;2022-02-16T09:59:11.885Z&quot;,
                &quot;status&quot;: &quot;SEND&quot;
            },
            {
                &quot;time&quot;: &quot;2022-02-16T09:59:11.929Z&quot;,
                &quot;status&quot;: &quot;DELIVERED&quot;
            },
            {
                &quot;time&quot;: &quot;2022-02-16T09:59:12.799Z&quot;,
                &quot;status&quot;: &quot;PENDING&quot;
            },
            {
                &quot;time&quot;: &quot;2022-02-16T09:59:12.857Z&quot;,
                &quot;status&quot;: &quot;SEND&quot;
            },
            {
                &quot;time&quot;: &quot;2022-02-16T09:59:12.913Z&quot;,
                &quot;status&quot;: &quot;DELIVERED&quot;
            },
            {
                &quot;time&quot;: &quot;2022-02-16T10:01:50.751Z&quot;,
                &quot;status&quot;: &quot;PENDING&quot;
            },
            {
                &quot;time&quot;: &quot;2022-02-16T10:01:50.791Z&quot;,
                &quot;status&quot;: &quot;SEND&quot;
            },
            {
                &quot;time&quot;: &quot;2022-02-16T10:01:50.828Z&quot;,
                &quot;status&quot;: &quot;DELIVERED&quot;
            },
            {
                &quot;time&quot;: &quot;2022-02-16T10:01:51.673Z&quot;,
                &quot;status&quot;: &quot;PENDING&quot;
            },
            {
                &quot;time&quot;: &quot;2022-02-16T10:01:51.713Z&quot;,
                &quot;status&quot;: &quot;SEND&quot;
            },
            {
                &quot;time&quot;: &quot;2022-02-16T10:01:51.755Z&quot;,
                &quot;status&quot;: &quot;DELIVERED&quot;
            },
            {
                &quot;time&quot;: &quot;2022-02-16T10:04:30.106Z&quot;,
                &quot;status&quot;: &quot;PENDING&quot;
            },
            {
                &quot;time&quot;: &quot;2022-02-16T10:04:30.153Z&quot;,
                &quot;status&quot;: &quot;SEND&quot;
            },
            {
                &quot;time&quot;: &quot;2022-02-16T10:04:30.200Z&quot;,
                &quot;status&quot;: &quot;DELIVERED&quot;
            },
            {
                &quot;time&quot;: &quot;2022-02-16T10:04:31.076Z&quot;,
                &quot;status&quot;: &quot;PENDING&quot;
            },
            {
                &quot;time&quot;: &quot;2022-02-16T10:04:31.122Z&quot;,
                &quot;status&quot;: &quot;SEND&quot;
            },
            {
                &quot;time&quot;: &quot;2022-02-16T10:04:31.164Z&quot;,
                &quot;status&quot;: &quot;DELIVERED&quot;
            },
            {
                &quot;time&quot;: &quot;2022-02-16T10:07:10.462Z&quot;,
                &quot;status&quot;: &quot;PENDING&quot;
            },
            {
                &quot;time&quot;: &quot;2022-02-16T10:07:10.499Z&quot;,
                &quot;status&quot;: &quot;SEND&quot;
            },
            {
                &quot;time&quot;: &quot;2022-02-16T10:07:10.537Z&quot;,
                &quot;status&quot;: &quot;DELIVERED&quot;
            },
            {
                &quot;time&quot;: &quot;2022-02-16T10:07:11.343Z&quot;,
                &quot;status&quot;: &quot;PENDING&quot;
            },
            {
                &quot;time&quot;: &quot;2022-02-16T10:07:11.380Z&quot;,
                &quot;status&quot;: &quot;SEND&quot;
            },
            {
                &quot;time&quot;: &quot;2022-02-16T10:07:11.418Z&quot;,
                &quot;status&quot;: &quot;DELIVERED&quot;
            },
            {
                &quot;time&quot;: &quot;2022-02-16T10:09:49.720Z&quot;,
                &quot;status&quot;: &quot;PENDING&quot;
            },
            {
                &quot;time&quot;: &quot;2022-02-16T10:09:49.762Z&quot;,
                &quot;status&quot;: &quot;SEND&quot;
            },
            {
                &quot;time&quot;: &quot;2022-02-16T10:09:49.803Z&quot;,
                &quot;status&quot;: &quot;DELIVERED&quot;
            },
            {
                &quot;time&quot;: &quot;2022-02-16T10:09:50.610Z&quot;,
                &quot;status&quot;: &quot;PENDING&quot;
            },
            {
                &quot;time&quot;: &quot;2022-02-16T10:09:50.651Z&quot;,
                &quot;status&quot;: &quot;SEND&quot;
            },
            {
                &quot;time&quot;: &quot;2022-02-16T10:09:50.691Z&quot;,
                &quot;status&quot;: &quot;DELIVERED&quot;
            },
            {
                &quot;time&quot;: &quot;2022-02-16T10:12:29.403Z&quot;,
                &quot;status&quot;: &quot;PENDING&quot;
            },
            {
                &quot;time&quot;: &quot;2022-02-16T10:12:29.449Z&quot;,
                &quot;status&quot;: &quot;SEND&quot;
            },
            {
                &quot;time&quot;: &quot;2022-02-16T10:12:29.494Z&quot;,
                &quot;status&quot;: &quot;DELIVERED&quot;
            },
            {
                &quot;time&quot;: &quot;2022-02-16T10:12:30.338Z&quot;,
                &quot;status&quot;: &quot;PENDING&quot;
            },
            {
                &quot;time&quot;: &quot;2022-02-16T10:12:30.379Z&quot;,
                &quot;status&quot;: &quot;SEND&quot;
            },
            {
                &quot;time&quot;: &quot;2022-02-16T10:12:30.423Z&quot;,
                &quot;status&quot;: &quot;DELIVERED&quot;
            },
            {
                &quot;time&quot;: &quot;2022-02-16T10:15:08.464Z&quot;,
                &quot;status&quot;: &quot;PENDING&quot;
            },
            {
                &quot;time&quot;: &quot;2022-02-16T10:15:08.507Z&quot;,
                &quot;status&quot;: &quot;SEND&quot;
            },
            {
                &quot;time&quot;: &quot;2022-02-16T10:15:08.549Z&quot;,
                &quot;status&quot;: &quot;DELIVERED&quot;
            },
            {
                &quot;time&quot;: &quot;2022-02-16T10:15:09.384Z&quot;,
                &quot;status&quot;: &quot;PENDING&quot;
            },
            {
                &quot;time&quot;: &quot;2022-02-16T10:15:09.428Z&quot;,
                &quot;status&quot;: &quot;SEND&quot;
            }
        ],
        &quot;status&quot;: &quot;DELIVERED&quot;
    },
    &quot;creationTime&quot;: &quot;2022-02-16T09:22:46.140Z&quot;,
    &quot;deviceId&quot;: &quot;14273295&quot;,
    &quot;deviceName&quot;: &quot;offsitec&quot;,
    &quot;self&quot;: &quot;https://t493319102.eu-latest.cumulocity.com/devicecontrol/operations/14275540&quot;,
    &quot;id&quot;: &quot;14275540&quot;,
    &quot;status&quot;: &quot;PENDING&quot;,
    &quot;c8y_LogfileRequest&quot;: {
        &quot;searchText&quot;: &quot;&quot;,
        &quot;logFile&quot;: &quot;software-management&quot;,
        &quot;dateTo&quot;: &quot;2021-11-21T18:55:49+0530&quot;,
        &quot;dateFrom&quot;: &quot;2021-11-15T18:55:49+0530&quot;,
        &quot;maximumLines&quot;: 300
    },
    &quot;description&quot;: &quot;Log file request&quot;
}
10:17:00 DEBUG Final URL of the request: https://thin-edge-io.eu-latest.cumulocity.com/devicecontrol/operations?deviceId=14273295&amp;pageSize=1&amp;revert=true&amp;dateFrom=1970-01-01T00%3A00%3A00.000Z
10:17:00 INFO  State of current operation: PENDING
10:17:00 DEBUG Final URL of the request: https://thin-edge-io.eu-latest.cumulocity.com/devicecontrol/operations?deviceId=14273295&amp;pageSize=1&amp;revert=true&amp;dateFrom=1970-01-01T00%3A00%3A00.000Z
10:17:00 DEBUG State of current operation: {
    &quot;delivery&quot;: {
        &quot;time&quot;: &quot;2022-02-16T10:15:09.472Z&quot;,
        &quot;log&quot;: [
            {
                &quot;time&quot;: &quot;2022-02-16T09:22:46.166Z&quot;,
                &quot;status&quot;: &quot;PENDING&quot;
            },
            {
                &quot;time&quot;: &quot;2022-02-16T09:22:46.185Z&quot;,
                &quot;status&quot;: &quot;SEND&quot;
            },
            {
                &quot;time&quot;: &quot;2022-02-16T09:22:46.219Z&quot;,
                &quot;status&quot;: &quot;DELIVERED&quot;
            },
            {
                &quot;time&quot;: &quot;2022-02-16T09:23:55.047Z&quot;,
                &quot;status&quot;: &quot;PENDING&quot;
            },
            {
                &quot;time&quot;: &quot;2022-02-16T09:23:55.077Z&quot;,
                &quot;status&quot;: &quot;SEND&quot;
            },
            {
                &quot;time&quot;: &quot;2022-02-16T09:23:55.114Z&quot;,
                &quot;status&quot;: &quot;DELIVERED&quot;
            },
            {
                &quot;time&quot;: &quot;2022-02-16T09:23:55.901Z&quot;,
                &quot;status&quot;: &quot;PENDING&quot;
            },
            {
                &quot;time&quot;: &quot;2022-02-16T09:23:55.930Z&quot;,
                &quot;status&quot;: &quot;SEND&quot;
            },
            {
                &quot;time&quot;: &quot;2022-02-16T09:23:55.967Z&quot;,
                &quot;status&quot;: &quot;DELIVERED&quot;
            },
            {
                &quot;time&quot;: &quot;2022-02-16T09:24:55.073Z&quot;,
                &quot;status&quot;: &quot;PENDING&quot;
            },
            {
                &quot;time&quot;: &quot;2022-02-16T09:24:55.106Z&quot;,
                &quot;status&quot;: &quot;SEND&quot;
            },
            {
                &quot;time&quot;: &quot;2022-02-16T09:24:55.144Z&quot;,
                &quot;status&quot;: &quot;DELIVERED&quot;
            },
            {
                &quot;time&quot;: &quot;2022-02-16T09:24:55.971Z&quot;,
                &quot;status&quot;: &quot;PENDING&quot;
            },
            {
                &quot;time&quot;: &quot;2022-02-16T09:24:56.008Z&quot;,
                &quot;status&quot;: &quot;SEND&quot;
            },
            {
                &quot;time&quot;: &quot;2022-02-16T09:24:56.044Z&quot;,
                &quot;status&quot;: &quot;DELIVERED&quot;
            },
            {
                &quot;time&quot;: &quot;2022-02-16T09:26:09.362Z&quot;,
                &quot;status&quot;: &quot;PENDING&quot;
            },
            {
                &quot;time&quot;: &quot;2022-02-16T09:26:09.392Z&quot;,
                &quot;status&quot;: &quot;SEND&quot;
            },
            {
                &quot;time&quot;: &quot;2022-02-16T09:26:09.428Z&quot;,
                &quot;status&quot;: &quot;DELIVERED&quot;
            },
            {
                &quot;time&quot;: &quot;2022-02-16T09:26:10.287Z&quot;,
                &quot;status&quot;: &quot;PENDING&quot;
            },
            {
                &quot;time&quot;: &quot;2022-02-16T09:26:10.317Z&quot;,
                &quot;status&quot;: &quot;SEND&quot;
            },
            {
                &quot;time&quot;: &quot;2022-02-16T09:26:10.353Z&quot;,
                &quot;status&quot;: &quot;DELIVERED&quot;
            },
            {
                &quot;time&quot;: &quot;2022-02-16T09:27:24.861Z&quot;,
                &quot;status&quot;: &quot;PENDING&quot;
            },
            {
                &quot;time&quot;: &quot;2022-02-16T09:27:24.898Z&quot;,
                &quot;status&quot;: &quot;SEND&quot;
            },
            {
                &quot;time&quot;: &quot;2022-02-16T09:27:24.935Z&quot;,
                &quot;status&quot;: &quot;DELIVERED&quot;
            },
            {
                &quot;time&quot;: &quot;2022-02-16T09:27:25.773Z&quot;,
                &quot;status&quot;: &quot;PENDING&quot;
            },
            {
                &quot;time&quot;: &quot;2022-02-16T09:27:25.812Z&quot;,
                &quot;status&quot;: &quot;SEND&quot;
            },
            {
                &quot;time&quot;: &quot;2022-02-16T09:27:25.849Z&quot;,
                &quot;status&quot;: &quot;DELIVERED&quot;
            },
            {
                &quot;time&quot;: &quot;2022-02-16T09:28:06.037Z&quot;,
                &quot;status&quot;: &quot;PENDING&quot;
            },
            {
                &quot;time&quot;: &quot;2022-02-16T09:28:06.069Z&quot;,
                &quot;status&quot;: &quot;SEND&quot;
            },
            {
                &quot;time&quot;: &quot;2022-02-16T09:28:06.107Z&quot;,
                &quot;status&quot;: &quot;DELIVERED&quot;
            },
            {
                &quot;time&quot;: &quot;2022-02-16T09:28:06.968Z&quot;,
                &quot;status&quot;: &quot;PENDING&quot;
            },
            {
                &quot;time&quot;: &quot;2022-02-16T09:28:07.002Z&quot;,
                &quot;status&quot;: &quot;SEND&quot;
            },
            {
                &quot;time&quot;: &quot;2022-02-16T09:28:07.039Z&quot;,
                &quot;status&quot;: &quot;DELIVERED&quot;
            },
            {
                &quot;time&quot;: &quot;2022-02-16T09:28:58.713Z&quot;,
                &quot;status&quot;: &quot;PENDING&quot;
            },
            {
                &quot;time&quot;: &quot;2022-02-16T09:28:58.744Z&quot;,
                &quot;status&quot;: &quot;SEND&quot;
            },
            {
                &quot;time&quot;: &quot;2022-02-16T09:28:58.782Z&quot;,
                &quot;status&quot;: &quot;DELIVERED&quot;
            },
            {
                &quot;time&quot;: &quot;2022-02-16T09:28:59.589Z&quot;,
                &quot;status&quot;: &quot;PENDING&quot;
            },
            {
                &quot;time&quot;: &quot;2022-02-16T09:28:59.620Z&quot;,
                &quot;status&quot;: &quot;SEND&quot;
            },
            {
                &quot;time&quot;: &quot;2022-02-16T09:28:59.658Z&quot;,
                &quot;status&quot;: &quot;DELIVERED&quot;
            },
            {
                &quot;time&quot;: &quot;2022-02-16T09:29:51.098Z&quot;,
                &quot;status&quot;: &quot;PENDING&quot;
            },
            {
                &quot;time&quot;: &quot;2022-02-16T09:29:51.134Z&quot;,
                &quot;status&quot;: &quot;SEND&quot;
            },
            {
                &quot;time&quot;: &quot;2022-02-16T09:29:51.171Z&quot;,
                &quot;status&quot;: &quot;DELIVERED&quot;
            },
            {
                &quot;time&quot;: &quot;2022-02-16T09:29:52.013Z&quot;,
                &quot;status&quot;: &quot;PENDING&quot;
            },
            {
                &quot;time&quot;: &quot;2022-02-16T09:29:52.047Z&quot;,
                &quot;status&quot;: &quot;SEND&quot;
            },
            {
                &quot;time&quot;: &quot;2022-02-16T09:29:52.089Z&quot;,
                &quot;status&quot;: &quot;DELIVERED&quot;
            },
            {
                &quot;time&quot;: &quot;2022-02-16T09:30:33.494Z&quot;,
                &quot;status&quot;: &quot;PENDING&quot;
            },
            {
                &quot;time&quot;: &quot;2022-02-16T09:30:33.534Z&quot;,
                &quot;status&quot;: &quot;SEND&quot;
            },
            {
                &quot;time&quot;: &quot;2022-02-16T09:30:33.571Z&quot;,
                &quot;status&quot;: &quot;DELIVERED&quot;
            },
            {
                &quot;time&quot;: &quot;2022-02-16T09:30:34.412Z&quot;,
                &quot;status&quot;: &quot;PENDING&quot;
            },
            {
                &quot;time&quot;: &quot;2022-02-16T09:30:34.453Z&quot;,
                &quot;status&quot;: &quot;SEND&quot;
            },
            {
                &quot;time&quot;: &quot;2022-02-16T09:30:34.488Z&quot;,
                &quot;status&quot;: &quot;DELIVERED&quot;
            },
            {
                &quot;time&quot;: &quot;2022-02-16T09:32:49.337Z&quot;,
                &quot;status&quot;: &quot;PENDING&quot;
            },
            {
                &quot;time&quot;: &quot;2022-02-16T09:32:49.371Z&quot;,
                &quot;status&quot;: &quot;SEND&quot;
            },
            {
                &quot;time&quot;: &quot;2022-02-16T09:32:49.408Z&quot;,
                &quot;status&quot;: &quot;DELIVERED&quot;
            },
            {
                &quot;time&quot;: &quot;2022-02-16T09:32:50.347Z&quot;,
                &quot;status&quot;: &quot;PENDING&quot;
            },
            {
                &quot;time&quot;: &quot;2022-02-16T09:32:50.382Z&quot;,
                &quot;status&quot;: &quot;SEND&quot;
            },
            {
                &quot;time&quot;: &quot;2022-02-16T09:32:50.423Z&quot;,
                &quot;status&quot;: &quot;DELIVERED&quot;
            },
            {
                &quot;time&quot;: &quot;2022-02-16T09:35:18.696Z&quot;,
                &quot;status&quot;: &quot;PENDING&quot;
            },
            {
                &quot;time&quot;: &quot;2022-02-16T09:35:18.734Z&quot;,
                &quot;status&quot;: &quot;SEND&quot;
            },
            {
                &quot;time&quot;: &quot;2022-02-16T09:35:18.769Z&quot;,
                &quot;status&quot;: &quot;DELIVERED&quot;
            },
            {
                &quot;time&quot;: &quot;2022-02-16T09:35:41.813Z&quot;,
                &quot;status&quot;: &quot;PENDING&quot;
            },
            {
                &quot;time&quot;: &quot;2022-02-16T09:35:41.852Z&quot;,
                &quot;status&quot;: &quot;SEND&quot;
            },
            {
                &quot;time&quot;: &quot;2022-02-16T09:35:41.891Z&quot;,
                &quot;status&quot;: &quot;DELIVERED&quot;
            },
            {
                &quot;time&quot;: &quot;2022-02-16T09:35:42.766Z&quot;,
                &quot;status&quot;: &quot;PENDING&quot;
            },
            {
                &quot;time&quot;: &quot;2022-02-16T09:35:42.811Z&quot;,
                &quot;status&quot;: &quot;SEND&quot;
            },
            {
                &quot;time&quot;: &quot;2022-02-16T09:35:42.849Z&quot;,
                &quot;status&quot;: &quot;DELIVERED&quot;
            },
            {
                &quot;time&quot;: &quot;2022-02-16T09:36:06.394Z&quot;,
                &quot;status&quot;: &quot;PENDING&quot;
            },
            {
                &quot;time&quot;: &quot;2022-02-16T09:36:06.432Z&quot;,
                &quot;status&quot;: &quot;SEND&quot;
            },
            {
                &quot;time&quot;: &quot;2022-02-16T09:36:06.488Z&quot;,
                &quot;status&quot;: &quot;DELIVERED&quot;
            },
            {
                &quot;time&quot;: &quot;2022-02-16T09:36:07.318Z&quot;,
                &quot;status&quot;: &quot;PENDING&quot;
            },
            {
                &quot;time&quot;: &quot;2022-02-16T09:36:07.358Z&quot;,
                &quot;status&quot;: &quot;SEND&quot;
            },
            {
                &quot;time&quot;: &quot;2022-02-16T09:36:07.393Z&quot;,
                &quot;status&quot;: &quot;DELIVERED&quot;
            },
            {
                &quot;time&quot;: &quot;2022-02-16T09:36:30.178Z&quot;,
                &quot;status&quot;: &quot;PENDING&quot;
            },
            {
                &quot;time&quot;: &quot;2022-02-16T09:36:30.210Z&quot;,
                &quot;status&quot;: &quot;SEND&quot;
            },
            {
                &quot;time&quot;: &quot;2022-02-16T09:36:30.248Z&quot;,
                &quot;status&quot;: &quot;DELIVERED&quot;
            },
            {
                &quot;time&quot;: &quot;2022-02-16T09:36:31.123Z&quot;,
                &quot;status&quot;: &quot;PENDING&quot;
            },
            {
                &quot;time&quot;: &quot;2022-02-16T09:36:31.156Z&quot;,
                &quot;status&quot;: &quot;SEND&quot;
            },
            {
                &quot;time&quot;: &quot;2022-02-16T09:36:31.207Z&quot;,
                &quot;status&quot;: &quot;DELIVERED&quot;
            },
            {
                &quot;time&quot;: &quot;2022-02-16T09:37:08.443Z&quot;,
                &quot;status&quot;: &quot;PENDING&quot;
            },
            {
                &quot;time&quot;: &quot;2022-02-16T09:37:08.481Z&quot;,
                &quot;status&quot;: &quot;SEND&quot;
            },
            {
                &quot;time&quot;: &quot;2022-02-16T09:37:08.522Z&quot;,
                &quot;status&quot;: &quot;DELIVERED&quot;
            },
            {
                &quot;time&quot;: &quot;2022-02-16T09:37:09.439Z&quot;,
                &quot;status&quot;: &quot;PENDING&quot;
            },
            {
                &quot;time&quot;: &quot;2022-02-16T09:37:09.478Z&quot;,
                &quot;status&quot;: &quot;SEND&quot;
            },
            {
                &quot;time&quot;: &quot;2022-02-16T09:37:09.516Z&quot;,
                &quot;status&quot;: &quot;DELIVERED&quot;
            },
            {
                &quot;time&quot;: &quot;2022-02-16T09:37:13.026Z&quot;,
                &quot;status&quot;: &quot;PENDING&quot;
            },
            {
                &quot;time&quot;: &quot;2022-02-16T09:37:13.068Z&quot;,
                &quot;status&quot;: &quot;SEND&quot;
            },
            {
                &quot;time&quot;: &quot;2022-02-16T09:37:13.106Z&quot;,
                &quot;status&quot;: &quot;DELIVERED&quot;
            },
            {
                &quot;time&quot;: &quot;2022-02-16T09:37:37.817Z&quot;,
                &quot;status&quot;: &quot;PENDING&quot;
            },
            {
                &quot;time&quot;: &quot;2022-02-16T09:37:37.857Z&quot;,
                &quot;status&quot;: &quot;SEND&quot;
            },
            {
                &quot;time&quot;: &quot;2022-02-16T09:37:37.893Z&quot;,
                &quot;status&quot;: &quot;DELIVERED&quot;
            },
            {
                &quot;time&quot;: &quot;2022-02-16T09:37:38.638Z&quot;,
                &quot;status&quot;: &quot;PENDING&quot;
            },
            {
                &quot;time&quot;: &quot;2022-02-16T09:37:38.675Z&quot;,
                &quot;status&quot;: &quot;SEND&quot;
            },
            {
                &quot;time&quot;: &quot;2022-02-16T09:37:38.712Z&quot;,
                &quot;status&quot;: &quot;DELIVERED&quot;
            },
            {
                &quot;time&quot;: &quot;2022-02-16T09:38:03.926Z&quot;,
                &quot;status&quot;: &quot;PENDING&quot;
            },
            {
                &quot;time&quot;: &quot;2022-02-16T09:38:03.965Z&quot;,
                &quot;status&quot;: &quot;SEND&quot;
            },
            {
                &quot;time&quot;: &quot;2022-02-16T09:38:04.001Z&quot;,
                &quot;status&quot;: &quot;DELIVERED&quot;
            },
            {
                &quot;time&quot;: &quot;2022-02-16T09:38:04.819Z&quot;,
                &quot;status&quot;: &quot;PENDING&quot;
            },
            {
                &quot;time&quot;: &quot;2022-02-16T09:38:04.864Z&quot;,
                &quot;status&quot;: &quot;SEND&quot;
            },
            {
                &quot;time&quot;: &quot;2022-02-16T09:38:04.911Z&quot;,
                &quot;status&quot;: &quot;DELIVERED&quot;
            },
            {
                &quot;time&quot;: &quot;2022-02-16T09:53:50.860Z&quot;,
                &quot;status&quot;: &quot;PENDING&quot;
            },
            {
                &quot;time&quot;: &quot;2022-02-16T09:53:50.900Z&quot;,
                &quot;status&quot;: &quot;SEND&quot;
            },
            {
                &quot;time&quot;: &quot;2022-02-16T09:53:50.939Z&quot;,
                &quot;status&quot;: &quot;DELIVERED&quot;
            },
            {
                &quot;time&quot;: &quot;2022-02-16T09:53:51.831Z&quot;,
                &quot;status&quot;: &quot;PENDING&quot;
            },
            {
                &quot;time&quot;: &quot;2022-02-16T09:53:51.869Z&quot;,
                &quot;status&quot;: &quot;SEND&quot;
            },
            {
                &quot;time&quot;: &quot;2022-02-16T09:53:51.917Z&quot;,
                &quot;status&quot;: &quot;DELIVERED&quot;
            },
            {
                &quot;time&quot;: &quot;2022-02-16T09:56:32.333Z&quot;,
                &quot;status&quot;: &quot;PENDING&quot;
            },
            {
                &quot;time&quot;: &quot;2022-02-16T09:56:32.376Z&quot;,
                &quot;status&quot;: &quot;SEND&quot;
            },
            {
                &quot;time&quot;: &quot;2022-02-16T09:56:32.413Z&quot;,
                &quot;status&quot;: &quot;DELIVERED&quot;
            },
            {
                &quot;time&quot;: &quot;2022-02-16T09:56:33.226Z&quot;,
                &quot;status&quot;: &quot;PENDING&quot;
            },
            {
                &quot;time&quot;: &quot;2022-02-16T09:56:33.279Z&quot;,
                &quot;status&quot;: &quot;SEND&quot;
            },
            {
                &quot;time&quot;: &quot;2022-02-16T09:56:33.321Z&quot;,
                &quot;status&quot;: &quot;DELIVERED&quot;
            },
            {
                &quot;time&quot;: &quot;2022-02-16T09:59:11.843Z&quot;,
                &quot;status&quot;: &quot;PENDING&quot;
            },
            {
                &quot;time&quot;: &quot;2022-02-16T09:59:11.885Z&quot;,
                &quot;status&quot;: &quot;SEND&quot;
            },
            {
                &quot;time&quot;: &quot;2022-02-16T09:59:11.929Z&quot;,
                &quot;status&quot;: &quot;DELIVERED&quot;
            },
            {
                &quot;time&quot;: &quot;2022-02-16T09:59:12.799Z&quot;,
                &quot;status&quot;: &quot;PENDING&quot;
            },
            {
                &quot;time&quot;: &quot;2022-02-16T09:59:12.857Z&quot;,
                &quot;status&quot;: &quot;SEND&quot;
            },
            {
                &quot;time&quot;: &quot;2022-02-16T09:59:12.913Z&quot;,
                &quot;status&quot;: &quot;DELIVERED&quot;
            },
            {
                &quot;time&quot;: &quot;2022-02-16T10:01:50.751Z&quot;,
                &quot;status&quot;: &quot;PENDING&quot;
            },
            {
                &quot;time&quot;: &quot;2022-02-16T10:01:50.791Z&quot;,
                &quot;status&quot;: &quot;SEND&quot;
            },
            {
                &quot;time&quot;: &quot;2022-02-16T10:01:50.828Z&quot;,
                &quot;status&quot;: &quot;DELIVERED&quot;
            },
            {
                &quot;time&quot;: &quot;2022-02-16T10:01:51.673Z&quot;,
                &quot;status&quot;: &quot;PENDING&quot;
            },
            {
                &quot;time&quot;: &quot;2022-02-16T10:01:51.713Z&quot;,
                &quot;status&quot;: &quot;SEND&quot;
            },
            {
                &quot;time&quot;: &quot;2022-02-16T10:01:51.755Z&quot;,
                &quot;status&quot;: &quot;DELIVERED&quot;
            },
            {
                &quot;time&quot;: &quot;2022-02-16T10:04:30.106Z&quot;,
                &quot;status&quot;: &quot;PENDING&quot;
            },
            {
                &quot;time&quot;: &quot;2022-02-16T10:04:30.153Z&quot;,
                &quot;status&quot;: &quot;SEND&quot;
            },
            {
                &quot;time&quot;: &quot;2022-02-16T10:04:30.200Z&quot;,
                &quot;status&quot;: &quot;DELIVERED&quot;
            },
            {
                &quot;time&quot;: &quot;2022-02-16T10:04:31.076Z&quot;,
                &quot;status&quot;: &quot;PENDING&quot;
            },
            {
                &quot;time&quot;: &quot;2022-02-16T10:04:31.122Z&quot;,
                &quot;status&quot;: &quot;SEND&quot;
            },
            {
                &quot;time&quot;: &quot;2022-02-16T10:04:31.164Z&quot;,
                &quot;status&quot;: &quot;DELIVERED&quot;
            },
            {
                &quot;time&quot;: &quot;2022-02-16T10:07:10.462Z&quot;,
                &quot;status&quot;: &quot;PENDING&quot;
            },
            {
                &quot;time&quot;: &quot;2022-02-16T10:07:10.499Z&quot;,
                &quot;status&quot;: &quot;SEND&quot;
            },
            {
                &quot;time&quot;: &quot;2022-02-16T10:07:10.537Z&quot;,
                &quot;status&quot;: &quot;DELIVERED&quot;
            },
            {
                &quot;time&quot;: &quot;2022-02-16T10:07:11.343Z&quot;,
                &quot;status&quot;: &quot;PENDING&quot;
            },
            {
                &quot;time&quot;: &quot;2022-02-16T10:07:11.380Z&quot;,
                &quot;status&quot;: &quot;SEND&quot;
            },
            {
                &quot;time&quot;: &quot;2022-02-16T10:07:11.418Z&quot;,
                &quot;status&quot;: &quot;DELIVERED&quot;
            },
            {
                &quot;time&quot;: &quot;2022-02-16T10:09:49.720Z&quot;,
                &quot;status&quot;: &quot;PENDING&quot;
            },
            {
                &quot;time&quot;: &quot;2022-02-16T10:09:49.762Z&quot;,
                &quot;status&quot;: &quot;SEND&quot;
            },
            {
                &quot;time&quot;: &quot;2022-02-16T10:09:49.803Z&quot;,
                &quot;status&quot;: &quot;DELIVERED&quot;
            },
            {
                &quot;time&quot;: &quot;2022-02-16T10:09:50.610Z&quot;,
                &quot;status&quot;: &quot;PENDING&quot;
            },
            {
                &quot;time&quot;: &quot;2022-02-16T10:09:50.651Z&quot;,
                &quot;status&quot;: &quot;SEND&quot;
            },
            {
                &quot;time&quot;: &quot;2022-02-16T10:09:50.691Z&quot;,
                &quot;status&quot;: &quot;DELIVERED&quot;
            },
            {
                &quot;time&quot;: &quot;2022-02-16T10:12:29.403Z&quot;,
                &quot;status&quot;: &quot;PENDING&quot;
            },
            {
                &quot;time&quot;: &quot;2022-02-16T10:12:29.449Z&quot;,
                &quot;status&quot;: &quot;SEND&quot;
            },
            {
                &quot;time&quot;: &quot;2022-02-16T10:12:29.494Z&quot;,
                &quot;status&quot;: &quot;DELIVERED&quot;
            },
            {
                &quot;time&quot;: &quot;2022-02-16T10:12:30.338Z&quot;,
                &quot;status&quot;: &quot;PENDING&quot;
            },
            {
                &quot;time&quot;: &quot;2022-02-16T10:12:30.379Z&quot;,
                &quot;status&quot;: &quot;SEND&quot;
            },
            {
                &quot;time&quot;: &quot;2022-02-16T10:12:30.423Z&quot;,
                &quot;status&quot;: &quot;DELIVERED&quot;
            },
            {
                &quot;time&quot;: &quot;2022-02-16T10:15:08.464Z&quot;,
                &quot;status&quot;: &quot;PENDING&quot;
            },
            {
                &quot;time&quot;: &quot;2022-02-16T10:15:08.507Z&quot;,
                &quot;status&quot;: &quot;SEND&quot;
            },
            {
                &quot;time&quot;: &quot;2022-02-16T10:15:08.549Z&quot;,
                &quot;status&quot;: &quot;DELIVERED&quot;
            },
            {
                &quot;time&quot;: &quot;2022-02-16T10:15:09.384Z&quot;,
                &quot;status&quot;: &quot;PENDING&quot;
            },
            {
                &quot;time&quot;: &quot;2022-02-16T10:15:09.428Z&quot;,
                &quot;status&quot;: &quot;SEND&quot;
            }
        ],
        &quot;status&quot;: &quot;DELIVERED&quot;
    },
    &quot;creationTime&quot;: &quot;2022-02-16T09:22:46.140Z&quot;,
    &quot;deviceId&quot;: &quot;14273295&quot;,
    &quot;deviceName&quot;: &quot;offsitec&quot;,
    &quot;self&quot;: &quot;https://t493319102.eu-latest.cumulocity.com/devicecontrol/operations/14275540&quot;,
    &quot;id&quot;: &quot;14275540&quot;,
    &quot;status&quot;: &quot;PENDING&quot;,
    &quot;c8y_LogfileRequest&quot;: {
        &quot;searchText&quot;: &quot;&quot;,
        &quot;logFile&quot;: &quot;software-management&quot;,
        &quot;dateTo&quot;: &quot;2021-11-21T18:55:49+0530&quot;,
        &quot;dateFrom&quot;: &quot;2021-11-15T18:55:49+0530&quot;,
        &quot;maximumLines&quot;: 300
    },
    &quot;description&quot;: &quot;Log file request&quot;
}
10:17:02 DEBUG Final URL of the request: https://thin-edge-io.eu-latest.cumulocity.com/devicecontrol/operations?deviceId=14273295&amp;pageSize=1&amp;revert=true&amp;dateFrom=1970-01-01T00%3A00%3A00.000Z
10:17:02 INFO  State of current operation: PENDING
10:17:02 DEBUG Final URL of the request: https://thin-edge-io.eu-latest.cumulocity.com/devicecontrol/operations?deviceId=14273295&amp;pageSize=1&amp;revert=true&amp;dateFrom=1970-01-01T00%3A00%3A00.000Z
10:17:02 DEBUG State of current operation: {
    &quot;delivery&quot;: {
        &quot;time&quot;: &quot;2022-02-16T10:15:09.472Z&quot;,
        &quot;log&quot;: [
            {
                &quot;time&quot;: &quot;2022-02-16T09:22:46.166Z&quot;,
                &quot;status&quot;: &quot;PENDING&quot;
            },
            {
                &quot;time&quot;: &quot;2022-02-16T09:22:46.185Z&quot;,
                &quot;status&quot;: &quot;SEND&quot;
            },
            {
                &quot;time&quot;: &quot;2022-02-16T09:22:46.219Z&quot;,
                &quot;status&quot;: &quot;DELIVERED&quot;
            },
            {
                &quot;time&quot;: &quot;2022-02-16T09:23:55.047Z&quot;,
                &quot;status&quot;: &quot;PENDING&quot;
            },
            {
                &quot;time&quot;: &quot;2022-02-16T09:23:55.077Z&quot;,
                &quot;status&quot;: &quot;SEND&quot;
            },
            {
                &quot;time&quot;: &quot;2022-02-16T09:23:55.114Z&quot;,
                &quot;status&quot;: &quot;DELIVERED&quot;
            },
            {
                &quot;time&quot;: &quot;2022-02-16T09:23:55.901Z&quot;,
                &quot;status&quot;: &quot;PENDING&quot;
            },
            {
                &quot;time&quot;: &quot;2022-02-16T09:23:55.930Z&quot;,
                &quot;status&quot;: &quot;SEND&quot;
            },
            {
                &quot;time&quot;: &quot;2022-02-16T09:23:55.967Z&quot;,
                &quot;status&quot;: &quot;DELIVERED&quot;
            },
            {
                &quot;time&quot;: &quot;2022-02-16T09:24:55.073Z&quot;,
                &quot;status&quot;: &quot;PENDING&quot;
            },
            {
                &quot;time&quot;: &quot;2022-02-16T09:24:55.106Z&quot;,
                &quot;status&quot;: &quot;SEND&quot;
            },
            {
                &quot;time&quot;: &quot;2022-02-16T09:24:55.144Z&quot;,
                &quot;status&quot;: &quot;DELIVERED&quot;
            },
            {
                &quot;time&quot;: &quot;2022-02-16T09:24:55.971Z&quot;,
                &quot;status&quot;: &quot;PENDING&quot;
            },
            {
                &quot;time&quot;: &quot;2022-02-16T09:24:56.008Z&quot;,
                &quot;status&quot;: &quot;SEND&quot;
            },
            {
                &quot;time&quot;: &quot;2022-02-16T09:24:56.044Z&quot;,
                &quot;status&quot;: &quot;DELIVERED&quot;
            },
            {
                &quot;time&quot;: &quot;2022-02-16T09:26:09.362Z&quot;,
                &quot;status&quot;: &quot;PENDING&quot;
            },
            {
                &quot;time&quot;: &quot;2022-02-16T09:26:09.392Z&quot;,
                &quot;status&quot;: &quot;SEND&quot;
            },
            {
                &quot;time&quot;: &quot;2022-02-16T09:26:09.428Z&quot;,
                &quot;status&quot;: &quot;DELIVERED&quot;
            },
            {
                &quot;time&quot;: &quot;2022-02-16T09:26:10.287Z&quot;,
                &quot;status&quot;: &quot;PENDING&quot;
            },
            {
                &quot;time&quot;: &quot;2022-02-16T09:26:10.317Z&quot;,
                &quot;status&quot;: &quot;SEND&quot;
            },
            {
                &quot;time&quot;: &quot;2022-02-16T09:26:10.353Z&quot;,
                &quot;status&quot;: &quot;DELIVERED&quot;
            },
            {
                &quot;time&quot;: &quot;2022-02-16T09:27:24.861Z&quot;,
                &quot;status&quot;: &quot;PENDING&quot;
            },
            {
                &quot;time&quot;: &quot;2022-02-16T09:27:24.898Z&quot;,
                &quot;status&quot;: &quot;SEND&quot;
            },
            {
                &quot;time&quot;: &quot;2022-02-16T09:27:24.935Z&quot;,
                &quot;status&quot;: &quot;DELIVERED&quot;
            },
            {
                &quot;time&quot;: &quot;2022-02-16T09:27:25.773Z&quot;,
                &quot;status&quot;: &quot;PENDING&quot;
            },
            {
                &quot;time&quot;: &quot;2022-02-16T09:27:25.812Z&quot;,
                &quot;status&quot;: &quot;SEND&quot;
            },
            {
                &quot;time&quot;: &quot;2022-02-16T09:27:25.849Z&quot;,
                &quot;status&quot;: &quot;DELIVERED&quot;
            },
            {
                &quot;time&quot;: &quot;2022-02-16T09:28:06.037Z&quot;,
                &quot;status&quot;: &quot;PENDING&quot;
            },
            {
                &quot;time&quot;: &quot;2022-02-16T09:28:06.069Z&quot;,
                &quot;status&quot;: &quot;SEND&quot;
            },
            {
                &quot;time&quot;: &quot;2022-02-16T09:28:06.107Z&quot;,
                &quot;status&quot;: &quot;DELIVERED&quot;
            },
            {
                &quot;time&quot;: &quot;2022-02-16T09:28:06.968Z&quot;,
                &quot;status&quot;: &quot;PENDING&quot;
            },
            {
                &quot;time&quot;: &quot;2022-02-16T09:28:07.002Z&quot;,
                &quot;status&quot;: &quot;SEND&quot;
            },
            {
                &quot;time&quot;: &quot;2022-02-16T09:28:07.039Z&quot;,
                &quot;status&quot;: &quot;DELIVERED&quot;
            },
            {
                &quot;time&quot;: &quot;2022-02-16T09:28:58.713Z&quot;,
                &quot;status&quot;: &quot;PENDING&quot;
            },
            {
                &quot;time&quot;: &quot;2022-02-16T09:28:58.744Z&quot;,
                &quot;status&quot;: &quot;SEND&quot;
            },
            {
                &quot;time&quot;: &quot;2022-02-16T09:28:58.782Z&quot;,
                &quot;status&quot;: &quot;DELIVERED&quot;
            },
            {
                &quot;time&quot;: &quot;2022-02-16T09:28:59.589Z&quot;,
                &quot;status&quot;: &quot;PENDING&quot;
            },
            {
                &quot;time&quot;: &quot;2022-02-16T09:28:59.620Z&quot;,
                &quot;status&quot;: &quot;SEND&quot;
            },
            {
                &quot;time&quot;: &quot;2022-02-16T09:28:59.658Z&quot;,
                &quot;status&quot;: &quot;DELIVERED&quot;
            },
            {
                &quot;time&quot;: &quot;2022-02-16T09:29:51.098Z&quot;,
                &quot;status&quot;: &quot;PENDING&quot;
            },
            {
                &quot;time&quot;: &quot;2022-02-16T09:29:51.134Z&quot;,
                &quot;status&quot;: &quot;SEND&quot;
            },
            {
                &quot;time&quot;: &quot;2022-02-16T09:29:51.171Z&quot;,
                &quot;status&quot;: &quot;DELIVERED&quot;
            },
            {
                &quot;time&quot;: &quot;2022-02-16T09:29:52.013Z&quot;,
                &quot;status&quot;: &quot;PENDING&quot;
            },
            {
                &quot;time&quot;: &quot;2022-02-16T09:29:52.047Z&quot;,
                &quot;status&quot;: &quot;SEND&quot;
            },
            {
                &quot;time&quot;: &quot;2022-02-16T09:29:52.089Z&quot;,
                &quot;status&quot;: &quot;DELIVERED&quot;
            },
            {
                &quot;time&quot;: &quot;2022-02-16T09:30:33.494Z&quot;,
                &quot;status&quot;: &quot;PENDING&quot;
            },
            {
                &quot;time&quot;: &quot;2022-02-16T09:30:33.534Z&quot;,
                &quot;status&quot;: &quot;SEND&quot;
            },
            {
                &quot;time&quot;: &quot;2022-02-16T09:30:33.571Z&quot;,
                &quot;status&quot;: &quot;DELIVERED&quot;
            },
            {
                &quot;time&quot;: &quot;2022-02-16T09:30:34.412Z&quot;,
                &quot;status&quot;: &quot;PENDING&quot;
            },
            {
                &quot;time&quot;: &quot;2022-02-16T09:30:34.453Z&quot;,
                &quot;status&quot;: &quot;SEND&quot;
            },
            {
                &quot;time&quot;: &quot;2022-02-16T09:30:34.488Z&quot;,
                &quot;status&quot;: &quot;DELIVERED&quot;
            },
            {
                &quot;time&quot;: &quot;2022-02-16T09:32:49.337Z&quot;,
                &quot;status&quot;: &quot;PENDING&quot;
            },
            {
                &quot;time&quot;: &quot;2022-02-16T09:32:49.371Z&quot;,
                &quot;status&quot;: &quot;SEND&quot;
            },
            {
                &quot;time&quot;: &quot;2022-02-16T09:32:49.408Z&quot;,
                &quot;status&quot;: &quot;DELIVERED&quot;
            },
            {
                &quot;time&quot;: &quot;2022-02-16T09:32:50.347Z&quot;,
                &quot;status&quot;: &quot;PENDING&quot;
            },
            {
                &quot;time&quot;: &quot;2022-02-16T09:32:50.382Z&quot;,
                &quot;status&quot;: &quot;SEND&quot;
            },
            {
                &quot;time&quot;: &quot;2022-02-16T09:32:50.423Z&quot;,
                &quot;status&quot;: &quot;DELIVERED&quot;
            },
            {
                &quot;time&quot;: &quot;2022-02-16T09:35:18.696Z&quot;,
                &quot;status&quot;: &quot;PENDING&quot;
            },
            {
                &quot;time&quot;: &quot;2022-02-16T09:35:18.734Z&quot;,
                &quot;status&quot;: &quot;SEND&quot;
            },
            {
                &quot;time&quot;: &quot;2022-02-16T09:35:18.769Z&quot;,
                &quot;status&quot;: &quot;DELIVERED&quot;
            },
            {
                &quot;time&quot;: &quot;2022-02-16T09:35:41.813Z&quot;,
                &quot;status&quot;: &quot;PENDING&quot;
            },
            {
                &quot;time&quot;: &quot;2022-02-16T09:35:41.852Z&quot;,
                &quot;status&quot;: &quot;SEND&quot;
            },
            {
                &quot;time&quot;: &quot;2022-02-16T09:35:41.891Z&quot;,
                &quot;status&quot;: &quot;DELIVERED&quot;
            },
            {
                &quot;time&quot;: &quot;2022-02-16T09:35:42.766Z&quot;,
                &quot;status&quot;: &quot;PENDING&quot;
            },
            {
                &quot;time&quot;: &quot;2022-02-16T09:35:42.811Z&quot;,
                &quot;status&quot;: &quot;SEND&quot;
            },
            {
                &quot;time&quot;: &quot;2022-02-16T09:35:42.849Z&quot;,
                &quot;status&quot;: &quot;DELIVERED&quot;
            },
            {
                &quot;time&quot;: &quot;2022-02-16T09:36:06.394Z&quot;,
                &quot;status&quot;: &quot;PENDING&quot;
            },
            {
                &quot;time&quot;: &quot;2022-02-16T09:36:06.432Z&quot;,
                &quot;status&quot;: &quot;SEND&quot;
            },
            {
                &quot;time&quot;: &quot;2022-02-16T09:36:06.488Z&quot;,
                &quot;status&quot;: &quot;DELIVERED&quot;
            },
            {
                &quot;time&quot;: &quot;2022-02-16T09:36:07.318Z&quot;,
                &quot;status&quot;: &quot;PENDING&quot;
            },
            {
                &quot;time&quot;: &quot;2022-02-16T09:36:07.358Z&quot;,
                &quot;status&quot;: &quot;SEND&quot;
            },
            {
                &quot;time&quot;: &quot;2022-02-16T09:36:07.393Z&quot;,
                &quot;status&quot;: &quot;DELIVERED&quot;
            },
            {
                &quot;time&quot;: &quot;2022-02-16T09:36:30.178Z&quot;,
                &quot;status&quot;: &quot;PENDING&quot;
            },
            {
                &quot;time&quot;: &quot;2022-02-16T09:36:30.210Z&quot;,
                &quot;status&quot;: &quot;SEND&quot;
            },
            {
                &quot;time&quot;: &quot;2022-02-16T09:36:30.248Z&quot;,
                &quot;status&quot;: &quot;DELIVERED&quot;
            },
            {
                &quot;time&quot;: &quot;2022-02-16T09:36:31.123Z&quot;,
                &quot;status&quot;: &quot;PENDING&quot;
            },
            {
                &quot;time&quot;: &quot;2022-02-16T09:36:31.156Z&quot;,
                &quot;status&quot;: &quot;SEND&quot;
            },
            {
                &quot;time&quot;: &quot;2022-02-16T09:36:31.207Z&quot;,
                &quot;status&quot;: &quot;DELIVERED&quot;
            },
            {
                &quot;time&quot;: &quot;2022-02-16T09:37:08.443Z&quot;,
                &quot;status&quot;: &quot;PENDING&quot;
            },
            {
                &quot;time&quot;: &quot;2022-02-16T09:37:08.481Z&quot;,
                &quot;status&quot;: &quot;SEND&quot;
            },
            {
                &quot;time&quot;: &quot;2022-02-16T09:37:08.522Z&quot;,
                &quot;status&quot;: &quot;DELIVERED&quot;
            },
            {
                &quot;time&quot;: &quot;2022-02-16T09:37:09.439Z&quot;,
                &quot;status&quot;: &quot;PENDING&quot;
            },
            {
                &quot;time&quot;: &quot;2022-02-16T09:37:09.478Z&quot;,
                &quot;status&quot;: &quot;SEND&quot;
            },
            {
                &quot;time&quot;: &quot;2022-02-16T09:37:09.516Z&quot;,
                &quot;status&quot;: &quot;DELIVERED&quot;
            },
            {
                &quot;time&quot;: &quot;2022-02-16T09:37:13.026Z&quot;,
                &quot;status&quot;: &quot;PENDING&quot;
            },
            {
                &quot;time&quot;: &quot;2022-02-16T09:37:13.068Z&quot;,
                &quot;status&quot;: &quot;SEND&quot;
            },
            {
                &quot;time&quot;: &quot;2022-02-16T09:37:13.106Z&quot;,
                &quot;status&quot;: &quot;DELIVERED&quot;
            },
            {
                &quot;time&quot;: &quot;2022-02-16T09:37:37.817Z&quot;,
                &quot;status&quot;: &quot;PENDING&quot;
            },
            {
                &quot;time&quot;: &quot;2022-02-16T09:37:37.857Z&quot;,
                &quot;status&quot;: &quot;SEND&quot;
            },
            {
                &quot;time&quot;: &quot;2022-02-16T09:37:37.893Z&quot;,
                &quot;status&quot;: &quot;DELIVERED&quot;
            },
            {
                &quot;time&quot;: &quot;2022-02-16T09:37:38.638Z&quot;,
                &quot;status&quot;: &quot;PENDING&quot;
            },
            {
                &quot;time&quot;: &quot;2022-02-16T09:37:38.675Z&quot;,
                &quot;status&quot;: &quot;SEND&quot;
            },
            {
                &quot;time&quot;: &quot;2022-02-16T09:37:38.712Z&quot;,
                &quot;status&quot;: &quot;DELIVERED&quot;
            },
            {
                &quot;time&quot;: &quot;2022-02-16T09:38:03.926Z&quot;,
                &quot;status&quot;: &quot;PENDING&quot;
            },
            {
                &quot;time&quot;: &quot;2022-02-16T09:38:03.965Z&quot;,
                &quot;status&quot;: &quot;SEND&quot;
            },
            {
                &quot;time&quot;: &quot;2022-02-16T09:38:04.001Z&quot;,
                &quot;status&quot;: &quot;DELIVERED&quot;
            },
            {
                &quot;time&quot;: &quot;2022-02-16T09:38:04.819Z&quot;,
                &quot;status&quot;: &quot;PENDING&quot;
            },
            {
                &quot;time&quot;: &quot;2022-02-16T09:38:04.864Z&quot;,
                &quot;status&quot;: &quot;SEND&quot;
            },
            {
                &quot;time&quot;: &quot;2022-02-16T09:38:04.911Z&quot;,
                &quot;status&quot;: &quot;DELIVERED&quot;
            },
            {
                &quot;time&quot;: &quot;2022-02-16T09:53:50.860Z&quot;,
                &quot;status&quot;: &quot;PENDING&quot;
            },
            {
                &quot;time&quot;: &quot;2022-02-16T09:53:50.900Z&quot;,
                &quot;status&quot;: &quot;SEND&quot;
            },
            {
                &quot;time&quot;: &quot;2022-02-16T09:53:50.939Z&quot;,
                &quot;status&quot;: &quot;DELIVERED&quot;
            },
            {
                &quot;time&quot;: &quot;2022-02-16T09:53:51.831Z&quot;,
                &quot;status&quot;: &quot;PENDING&quot;
            },
            {
                &quot;time&quot;: &quot;2022-02-16T09:53:51.869Z&quot;,
                &quot;status&quot;: &quot;SEND&quot;
            },
            {
                &quot;time&quot;: &quot;2022-02-16T09:53:51.917Z&quot;,
                &quot;status&quot;: &quot;DELIVERED&quot;
            },
            {
                &quot;time&quot;: &quot;2022-02-16T09:56:32.333Z&quot;,
                &quot;status&quot;: &quot;PENDING&quot;
            },
            {
                &quot;time&quot;: &quot;2022-02-16T09:56:32.376Z&quot;,
                &quot;status&quot;: &quot;SEND&quot;
            },
            {
                &quot;time&quot;: &quot;2022-02-16T09:56:32.413Z&quot;,
                &quot;status&quot;: &quot;DELIVERED&quot;
            },
            {
                &quot;time&quot;: &quot;2022-02-16T09:56:33.226Z&quot;,
                &quot;status&quot;: &quot;PENDING&quot;
            },
            {
                &quot;time&quot;: &quot;2022-02-16T09:56:33.279Z&quot;,
                &quot;status&quot;: &quot;SEND&quot;
            },
            {
                &quot;time&quot;: &quot;2022-02-16T09:56:33.321Z&quot;,
                &quot;status&quot;: &quot;DELIVERED&quot;
            },
            {
                &quot;time&quot;: &quot;2022-02-16T09:59:11.843Z&quot;,
                &quot;status&quot;: &quot;PENDING&quot;
            },
            {
                &quot;time&quot;: &quot;2022-02-16T09:59:11.885Z&quot;,
                &quot;status&quot;: &quot;SEND&quot;
            },
            {
                &quot;time&quot;: &quot;2022-02-16T09:59:11.929Z&quot;,
                &quot;status&quot;: &quot;DELIVERED&quot;
            },
            {
                &quot;time&quot;: &quot;2022-02-16T09:59:12.799Z&quot;,
                &quot;status&quot;: &quot;PENDING&quot;
            },
            {
                &quot;time&quot;: &quot;2022-02-16T09:59:12.857Z&quot;,
                &quot;status&quot;: &quot;SEND&quot;
            },
            {
                &quot;time&quot;: &quot;2022-02-16T09:59:12.913Z&quot;,
                &quot;status&quot;: &quot;DELIVERED&quot;
            },
            {
                &quot;time&quot;: &quot;2022-02-16T10:01:50.751Z&quot;,
                &quot;status&quot;: &quot;PENDING&quot;
            },
            {
                &quot;time&quot;: &quot;2022-02-16T10:01:50.791Z&quot;,
                &quot;status&quot;: &quot;SEND&quot;
            },
            {
                &quot;time&quot;: &quot;2022-02-16T10:01:50.828Z&quot;,
                &quot;status&quot;: &quot;DELIVERED&quot;
            },
            {
                &quot;time&quot;: &quot;2022-02-16T10:01:51.673Z&quot;,
                &quot;status&quot;: &quot;PENDING&quot;
            },
            {
                &quot;time&quot;: &quot;2022-02-16T10:01:51.713Z&quot;,
                &quot;status&quot;: &quot;SEND&quot;
            },
            {
                &quot;time&quot;: &quot;2022-02-16T10:01:51.755Z&quot;,
                &quot;status&quot;: &quot;DELIVERED&quot;
            },
            {
                &quot;time&quot;: &quot;2022-02-16T10:04:30.106Z&quot;,
                &quot;status&quot;: &quot;PENDING&quot;
            },
            {
                &quot;time&quot;: &quot;2022-02-16T10:04:30.153Z&quot;,
                &quot;status&quot;: &quot;SEND&quot;
            },
            {
                &quot;time&quot;: &quot;2022-02-16T10:04:30.200Z&quot;,
                &quot;status&quot;: &quot;DELIVERED&quot;
            },
            {
                &quot;time&quot;: &quot;2022-02-16T10:04:31.076Z&quot;,
                &quot;status&quot;: &quot;PENDING&quot;
            },
            {
                &quot;time&quot;: &quot;2022-02-16T10:04:31.122Z&quot;,
                &quot;status&quot;: &quot;SEND&quot;
            },
            {
                &quot;time&quot;: &quot;2022-02-16T10:04:31.164Z&quot;,
                &quot;status&quot;: &quot;DELIVERED&quot;
            },
            {
                &quot;time&quot;: &quot;2022-02-16T10:07:10.462Z&quot;,
                &quot;status&quot;: &quot;PENDING&quot;
            },
            {
                &quot;time&quot;: &quot;2022-02-16T10:07:10.499Z&quot;,
                &quot;status&quot;: &quot;SEND&quot;
            },
            {
                &quot;time&quot;: &quot;2022-02-16T10:07:10.537Z&quot;,
                &quot;status&quot;: &quot;DELIVERED&quot;
            },
            {
                &quot;time&quot;: &quot;2022-02-16T10:07:11.343Z&quot;,
                &quot;status&quot;: &quot;PENDING&quot;
            },
            {
                &quot;time&quot;: &quot;2022-02-16T10:07:11.380Z&quot;,
                &quot;status&quot;: &quot;SEND&quot;
            },
            {
                &quot;time&quot;: &quot;2022-02-16T10:07:11.418Z&quot;,
                &quot;status&quot;: &quot;DELIVERED&quot;
            },
            {
                &quot;time&quot;: &quot;2022-02-16T10:09:49.720Z&quot;,
                &quot;status&quot;: &quot;PENDING&quot;
            },
            {
                &quot;time&quot;: &quot;2022-02-16T10:09:49.762Z&quot;,
                &quot;status&quot;: &quot;SEND&quot;
            },
            {
                &quot;time&quot;: &quot;2022-02-16T10:09:49.803Z&quot;,
                &quot;status&quot;: &quot;DELIVERED&quot;
            },
            {
                &quot;time&quot;: &quot;2022-02-16T10:09:50.610Z&quot;,
                &quot;status&quot;: &quot;PENDING&quot;
            },
            {
                &quot;time&quot;: &quot;2022-02-16T10:09:50.651Z&quot;,
                &quot;status&quot;: &quot;SEND&quot;
            },
            {
                &quot;time&quot;: &quot;2022-02-16T10:09:50.691Z&quot;,
                &quot;status&quot;: &quot;DELIVERED&quot;
            },
            {
                &quot;time&quot;: &quot;2022-02-16T10:12:29.403Z&quot;,
                &quot;status&quot;: &quot;PENDING&quot;
            },
            {
                &quot;time&quot;: &quot;2022-02-16T10:12:29.449Z&quot;,
                &quot;status&quot;: &quot;SEND&quot;
            },
            {
                &quot;time&quot;: &quot;2022-02-16T10:12:29.494Z&quot;,
                &quot;status&quot;: &quot;DELIVERED&quot;
            },
            {
                &quot;time&quot;: &quot;2022-02-16T10:12:30.338Z&quot;,
                &quot;status&quot;: &quot;PENDING&quot;
            },
            {
                &quot;time&quot;: &quot;2022-02-16T10:12:30.379Z&quot;,
                &quot;status&quot;: &quot;SEND&quot;
            },
            {
                &quot;time&quot;: &quot;2022-02-16T10:12:30.423Z&quot;,
                &quot;status&quot;: &quot;DELIVERED&quot;
            },
            {
                &quot;time&quot;: &quot;2022-02-16T10:15:08.464Z&quot;,
                &quot;status&quot;: &quot;PENDING&quot;
            },
            {
                &quot;time&quot;: &quot;2022-02-16T10:15:08.507Z&quot;,
                &quot;status&quot;: &quot;SEND&quot;
            },
            {
                &quot;time&quot;: &quot;2022-02-16T10:15:08.549Z&quot;,
                &quot;status&quot;: &quot;DELIVERED&quot;
            },
            {
                &quot;time&quot;: &quot;2022-02-16T10:15:09.384Z&quot;,
                &quot;status&quot;: &quot;PENDING&quot;
            },
            {
                &quot;time&quot;: &quot;2022-02-16T10:15:09.428Z&quot;,
                &quot;status&quot;: &quot;SEND&quot;
            }
        ],
        &quot;status&quot;: &quot;DELIVERED&quot;
    },
    &quot;creationTime&quot;: &quot;2022-02-16T09:22:46.140Z&quot;,
    &quot;deviceId&quot;: &quot;14273295&quot;,
    &quot;deviceName&quot;: &quot;offsitec&quot;,
    &quot;self&quot;: &quot;https://t493319102.eu-latest.cumulocity.com/devicecontrol/operations/14275540&quot;,
    &quot;id&quot;: &quot;14275540&quot;,
    &quot;status&quot;: &quot;PENDING&quot;,
    &quot;c8y_LogfileRequest&quot;: {
        &quot;searchText&quot;: &quot;&quot;,
        &quot;logFile&quot;: &quot;software-management&quot;,
        &quot;dateTo&quot;: &quot;2021-11-21T18:55:49+0530&quot;,
        &quot;dateFrom&quot;: &quot;2021-11-15T18:55:49+0530&quot;,
        &quot;maximumLines&quot;: 300
    },
    &quot;description&quot;: &quot;Log file request&quot;
}
10:17:04 DEBUG Final URL of the request: https://thin-edge-io.eu-latest.cumulocity.com/devicecontrol/operations?deviceId=14273295&amp;pageSize=1&amp;revert=true&amp;dateFrom=1970-01-01T00%3A00%3A00.000Z
10:17:04 INFO  State of current operation: PENDING
10:17:04 DEBUG Final URL of the request: https://thin-edge-io.eu-latest.cumulocity.com/devicecontrol/operations?deviceId=14273295&amp;pageSize=1&amp;revert=true&amp;dateFrom=1970-01-01T00%3A00%3A00.000Z
10:17:04 DEBUG State of current operation: {
    &quot;delivery&quot;: {
        &quot;time&quot;: &quot;2022-02-16T10:15:09.472Z&quot;,
        &quot;log&quot;: [
            {
                &quot;time&quot;: &quot;2022-02-16T09:22:46.166Z&quot;,
                &quot;status&quot;: &quot;PENDING&quot;
            },
            {
                &quot;time&quot;: &quot;2022-02-16T09:22:46.185Z&quot;,
                &quot;status&quot;: &quot;SEND&quot;
            },
            {
                &quot;time&quot;: &quot;2022-02-16T09:22:46.219Z&quot;,
                &quot;status&quot;: &quot;DELIVERED&quot;
            },
            {
                &quot;time&quot;: &quot;2022-02-16T09:23:55.047Z&quot;,
                &quot;status&quot;: &quot;PENDING&quot;
            },
            {
                &quot;time&quot;: &quot;2022-02-16T09:23:55.077Z&quot;,
                &quot;status&quot;: &quot;SEND&quot;
            },
            {
                &quot;time&quot;: &quot;2022-02-16T09:23:55.114Z&quot;,
                &quot;status&quot;: &quot;DELIVERED&quot;
            },
            {
                &quot;time&quot;: &quot;2022-02-16T09:23:55.901Z&quot;,
                &quot;status&quot;: &quot;PENDING&quot;
            },
            {
                &quot;time&quot;: &quot;2022-02-16T09:23:55.930Z&quot;,
                &quot;status&quot;: &quot;SEND&quot;
            },
            {
                &quot;time&quot;: &quot;2022-02-16T09:23:55.967Z&quot;,
                &quot;status&quot;: &quot;DELIVERED&quot;
            },
            {
                &quot;time&quot;: &quot;2022-02-16T09:24:55.073Z&quot;,
                &quot;status&quot;: &quot;PENDING&quot;
            },
            {
                &quot;time&quot;: &quot;2022-02-16T09:24:55.106Z&quot;,
                &quot;status&quot;: &quot;SEND&quot;
            },
            {
                &quot;time&quot;: &quot;2022-02-16T09:24:55.144Z&quot;,
                &quot;status&quot;: &quot;DELIVERED&quot;
            },
            {
                &quot;time&quot;: &quot;2022-02-16T09:24:55.971Z&quot;,
                &quot;status&quot;: &quot;PENDING&quot;
            },
            {
                &quot;time&quot;: &quot;2022-02-16T09:24:56.008Z&quot;,
                &quot;status&quot;: &quot;SEND&quot;
            },
            {
                &quot;time&quot;: &quot;2022-02-16T09:24:56.044Z&quot;,
                &quot;status&quot;: &quot;DELIVERED&quot;
            },
            {
                &quot;time&quot;: &quot;2022-02-16T09:26:09.362Z&quot;,
                &quot;status&quot;: &quot;PENDING&quot;
            },
            {
                &quot;time&quot;: &quot;2022-02-16T09:26:09.392Z&quot;,
                &quot;status&quot;: &quot;SEND&quot;
            },
            {
                &quot;time&quot;: &quot;2022-02-16T09:26:09.428Z&quot;,
                &quot;status&quot;: &quot;DELIVERED&quot;
            },
            {
                &quot;time&quot;: &quot;2022-02-16T09:26:10.287Z&quot;,
                &quot;status&quot;: &quot;PENDING&quot;
            },
            {
                &quot;time&quot;: &quot;2022-02-16T09:26:10.317Z&quot;,
                &quot;status&quot;: &quot;SEND&quot;
            },
            {
                &quot;time&quot;: &quot;2022-02-16T09:26:10.353Z&quot;,
                &quot;status&quot;: &quot;DELIVERED&quot;
            },
            {
                &quot;time&quot;: &quot;2022-02-16T09:27:24.861Z&quot;,
                &quot;status&quot;: &quot;PENDING&quot;
            },
            {
                &quot;time&quot;: &quot;2022-02-16T09:27:24.898Z&quot;,
                &quot;status&quot;: &quot;SEND&quot;
            },
            {
                &quot;time&quot;: &quot;2022-02-16T09:27:24.935Z&quot;,
                &quot;status&quot;: &quot;DELIVERED&quot;
            },
            {
                &quot;time&quot;: &quot;2022-02-16T09:27:25.773Z&quot;,
                &quot;status&quot;: &quot;PENDING&quot;
            },
            {
                &quot;time&quot;: &quot;2022-02-16T09:27:25.812Z&quot;,
                &quot;status&quot;: &quot;SEND&quot;
            },
            {
                &quot;time&quot;: &quot;2022-02-16T09:27:25.849Z&quot;,
                &quot;status&quot;: &quot;DELIVERED&quot;
            },
            {
                &quot;time&quot;: &quot;2022-02-16T09:28:06.037Z&quot;,
                &quot;status&quot;: &quot;PENDING&quot;
            },
            {
                &quot;time&quot;: &quot;2022-02-16T09:28:06.069Z&quot;,
                &quot;status&quot;: &quot;SEND&quot;
            },
            {
                &quot;time&quot;: &quot;2022-02-16T09:28:06.107Z&quot;,
                &quot;status&quot;: &quot;DELIVERED&quot;
            },
            {
                &quot;time&quot;: &quot;2022-02-16T09:28:06.968Z&quot;,
                &quot;status&quot;: &quot;PENDING&quot;
            },
            {
                &quot;time&quot;: &quot;2022-02-16T09:28:07.002Z&quot;,
                &quot;status&quot;: &quot;SEND&quot;
            },
            {
                &quot;time&quot;: &quot;2022-02-16T09:28:07.039Z&quot;,
                &quot;status&quot;: &quot;DELIVERED&quot;
            },
            {
                &quot;time&quot;: &quot;2022-02-16T09:28:58.713Z&quot;,
                &quot;status&quot;: &quot;PENDING&quot;
            },
            {
                &quot;time&quot;: &quot;2022-02-16T09:28:58.744Z&quot;,
                &quot;status&quot;: &quot;SEND&quot;
            },
            {
                &quot;time&quot;: &quot;2022-02-16T09:28:58.782Z&quot;,
                &quot;status&quot;: &quot;DELIVERED&quot;
            },
            {
                &quot;time&quot;: &quot;2022-02-16T09:28:59.589Z&quot;,
                &quot;status&quot;: &quot;PENDING&quot;
            },
            {
                &quot;time&quot;: &quot;2022-02-16T09:28:59.620Z&quot;,
                &quot;status&quot;: &quot;SEND&quot;
            },
            {
                &quot;time&quot;: &quot;2022-02-16T09:28:59.658Z&quot;,
                &quot;status&quot;: &quot;DELIVERED&quot;
            },
            {
                &quot;time&quot;: &quot;2022-02-16T09:29:51.098Z&quot;,
                &quot;status&quot;: &quot;PENDING&quot;
            },
            {
                &quot;time&quot;: &quot;2022-02-16T09:29:51.134Z&quot;,
                &quot;status&quot;: &quot;SEND&quot;
            },
            {
                &quot;time&quot;: &quot;2022-02-16T09:29:51.171Z&quot;,
                &quot;status&quot;: &quot;DELIVERED&quot;
            },
            {
                &quot;time&quot;: &quot;2022-02-16T09:29:52.013Z&quot;,
                &quot;status&quot;: &quot;PENDING&quot;
            },
            {
                &quot;time&quot;: &quot;2022-02-16T09:29:52.047Z&quot;,
                &quot;status&quot;: &quot;SEND&quot;
            },
            {
                &quot;time&quot;: &quot;2022-02-16T09:29:52.089Z&quot;,
                &quot;status&quot;: &quot;DELIVERED&quot;
            },
            {
                &quot;time&quot;: &quot;2022-02-16T09:30:33.494Z&quot;,
                &quot;status&quot;: &quot;PENDING&quot;
            },
            {
                &quot;time&quot;: &quot;2022-02-16T09:30:33.534Z&quot;,
                &quot;status&quot;: &quot;SEND&quot;
            },
            {
                &quot;time&quot;: &quot;2022-02-16T09:30:33.571Z&quot;,
                &quot;status&quot;: &quot;DELIVERED&quot;
            },
            {
                &quot;time&quot;: &quot;2022-02-16T09:30:34.412Z&quot;,
                &quot;status&quot;: &quot;PENDING&quot;
            },
            {
                &quot;time&quot;: &quot;2022-02-16T09:30:34.453Z&quot;,
                &quot;status&quot;: &quot;SEND&quot;
            },
            {
                &quot;time&quot;: &quot;2022-02-16T09:30:34.488Z&quot;,
                &quot;status&quot;: &quot;DELIVERED&quot;
            },
            {
                &quot;time&quot;: &quot;2022-02-16T09:32:49.337Z&quot;,
                &quot;status&quot;: &quot;PENDING&quot;
            },
            {
                &quot;time&quot;: &quot;2022-02-16T09:32:49.371Z&quot;,
                &quot;status&quot;: &quot;SEND&quot;
            },
            {
                &quot;time&quot;: &quot;2022-02-16T09:32:49.408Z&quot;,
                &quot;status&quot;: &quot;DELIVERED&quot;
            },
            {
                &quot;time&quot;: &quot;2022-02-16T09:32:50.347Z&quot;,
                &quot;status&quot;: &quot;PENDING&quot;
            },
            {
                &quot;time&quot;: &quot;2022-02-16T09:32:50.382Z&quot;,
                &quot;status&quot;: &quot;SEND&quot;
            },
            {
                &quot;time&quot;: &quot;2022-02-16T09:32:50.423Z&quot;,
                &quot;status&quot;: &quot;DELIVERED&quot;
            },
            {
                &quot;time&quot;: &quot;2022-02-16T09:35:18.696Z&quot;,
                &quot;status&quot;: &quot;PENDING&quot;
            },
            {
                &quot;time&quot;: &quot;2022-02-16T09:35:18.734Z&quot;,
                &quot;status&quot;: &quot;SEND&quot;
            },
            {
                &quot;time&quot;: &quot;2022-02-16T09:35:18.769Z&quot;,
                &quot;status&quot;: &quot;DELIVERED&quot;
            },
            {
                &quot;time&quot;: &quot;2022-02-16T09:35:41.813Z&quot;,
                &quot;status&quot;: &quot;PENDING&quot;
            },
            {
                &quot;time&quot;: &quot;2022-02-16T09:35:41.852Z&quot;,
                &quot;status&quot;: &quot;SEND&quot;
            },
            {
                &quot;time&quot;: &quot;2022-02-16T09:35:41.891Z&quot;,
                &quot;status&quot;: &quot;DELIVERED&quot;
            },
            {
                &quot;time&quot;: &quot;2022-02-16T09:35:42.766Z&quot;,
                &quot;status&quot;: &quot;PENDING&quot;
            },
            {
                &quot;time&quot;: &quot;2022-02-16T09:35:42.811Z&quot;,
                &quot;status&quot;: &quot;SEND&quot;
            },
            {
                &quot;time&quot;: &quot;2022-02-16T09:35:42.849Z&quot;,
                &quot;status&quot;: &quot;DELIVERED&quot;
            },
            {
                &quot;time&quot;: &quot;2022-02-16T09:36:06.394Z&quot;,
                &quot;status&quot;: &quot;PENDING&quot;
            },
            {
                &quot;time&quot;: &quot;2022-02-16T09:36:06.432Z&quot;,
                &quot;status&quot;: &quot;SEND&quot;
            },
            {
                &quot;time&quot;: &quot;2022-02-16T09:36:06.488Z&quot;,
                &quot;status&quot;: &quot;DELIVERED&quot;
            },
            {
                &quot;time&quot;: &quot;2022-02-16T09:36:07.318Z&quot;,
                &quot;status&quot;: &quot;PENDING&quot;
            },
            {
                &quot;time&quot;: &quot;2022-02-16T09:36:07.358Z&quot;,
                &quot;status&quot;: &quot;SEND&quot;
            },
            {
                &quot;time&quot;: &quot;2022-02-16T09:36:07.393Z&quot;,
                &quot;status&quot;: &quot;DELIVERED&quot;
            },
            {
                &quot;time&quot;: &quot;2022-02-16T09:36:30.178Z&quot;,
                &quot;status&quot;: &quot;PENDING&quot;
            },
            {
                &quot;time&quot;: &quot;2022-02-16T09:36:30.210Z&quot;,
                &quot;status&quot;: &quot;SEND&quot;
            },
            {
                &quot;time&quot;: &quot;2022-02-16T09:36:30.248Z&quot;,
                &quot;status&quot;: &quot;DELIVERED&quot;
            },
            {
                &quot;time&quot;: &quot;2022-02-16T09:36:31.123Z&quot;,
                &quot;status&quot;: &quot;PENDING&quot;
            },
            {
                &quot;time&quot;: &quot;2022-02-16T09:36:31.156Z&quot;,
                &quot;status&quot;: &quot;SEND&quot;
            },
            {
                &quot;time&quot;: &quot;2022-02-16T09:36:31.207Z&quot;,
                &quot;status&quot;: &quot;DELIVERED&quot;
            },
            {
                &quot;time&quot;: &quot;2022-02-16T09:37:08.443Z&quot;,
                &quot;status&quot;: &quot;PENDING&quot;
            },
            {
                &quot;time&quot;: &quot;2022-02-16T09:37:08.481Z&quot;,
                &quot;status&quot;: &quot;SEND&quot;
            },
            {
                &quot;time&quot;: &quot;2022-02-16T09:37:08.522Z&quot;,
                &quot;status&quot;: &quot;DELIVERED&quot;
            },
            {
                &quot;time&quot;: &quot;2022-02-16T09:37:09.439Z&quot;,
                &quot;status&quot;: &quot;PENDING&quot;
            },
            {
                &quot;time&quot;: &quot;2022-02-16T09:37:09.478Z&quot;,
                &quot;status&quot;: &quot;SEND&quot;
            },
            {
                &quot;time&quot;: &quot;2022-02-16T09:37:09.516Z&quot;,
                &quot;status&quot;: &quot;DELIVERED&quot;
            },
            {
                &quot;time&quot;: &quot;2022-02-16T09:37:13.026Z&quot;,
                &quot;status&quot;: &quot;PENDING&quot;
            },
            {
                &quot;time&quot;: &quot;2022-02-16T09:37:13.068Z&quot;,
                &quot;status&quot;: &quot;SEND&quot;
            },
            {
                &quot;time&quot;: &quot;2022-02-16T09:37:13.106Z&quot;,
                &quot;status&quot;: &quot;DELIVERED&quot;
            },
            {
                &quot;time&quot;: &quot;2022-02-16T09:37:37.817Z&quot;,
                &quot;status&quot;: &quot;PENDING&quot;
            },
            {
                &quot;time&quot;: &quot;2022-02-16T09:37:37.857Z&quot;,
                &quot;status&quot;: &quot;SEND&quot;
            },
            {
                &quot;time&quot;: &quot;2022-02-16T09:37:37.893Z&quot;,
                &quot;status&quot;: &quot;DELIVERED&quot;
            },
            {
                &quot;time&quot;: &quot;2022-02-16T09:37:38.638Z&quot;,
                &quot;status&quot;: &quot;PENDING&quot;
            },
            {
                &quot;time&quot;: &quot;2022-02-16T09:37:38.675Z&quot;,
                &quot;status&quot;: &quot;SEND&quot;
            },
            {
                &quot;time&quot;: &quot;2022-02-16T09:37:38.712Z&quot;,
                &quot;status&quot;: &quot;DELIVERED&quot;
            },
            {
                &quot;time&quot;: &quot;2022-02-16T09:38:03.926Z&quot;,
                &quot;status&quot;: &quot;PENDING&quot;
            },
            {
                &quot;time&quot;: &quot;2022-02-16T09:38:03.965Z&quot;,
                &quot;status&quot;: &quot;SEND&quot;
            },
            {
                &quot;time&quot;: &quot;2022-02-16T09:38:04.001Z&quot;,
                &quot;status&quot;: &quot;DELIVERED&quot;
            },
            {
                &quot;time&quot;: &quot;2022-02-16T09:38:04.819Z&quot;,
                &quot;status&quot;: &quot;PENDING&quot;
            },
            {
                &quot;time&quot;: &quot;2022-02-16T09:38:04.864Z&quot;,
                &quot;status&quot;: &quot;SEND&quot;
            },
            {
                &quot;time&quot;: &quot;2022-02-16T09:38:04.911Z&quot;,
                &quot;status&quot;: &quot;DELIVERED&quot;
            },
            {
                &quot;time&quot;: &quot;2022-02-16T09:53:50.860Z&quot;,
                &quot;status&quot;: &quot;PENDING&quot;
            },
            {
                &quot;time&quot;: &quot;2022-02-16T09:53:50.900Z&quot;,
                &quot;status&quot;: &quot;SEND&quot;
            },
            {
                &quot;time&quot;: &quot;2022-02-16T09:53:50.939Z&quot;,
                &quot;status&quot;: &quot;DELIVERED&quot;
            },
            {
                &quot;time&quot;: &quot;2022-02-16T09:53:51.831Z&quot;,
                &quot;status&quot;: &quot;PENDING&quot;
            },
            {
                &quot;time&quot;: &quot;2022-02-16T09:53:51.869Z&quot;,
                &quot;status&quot;: &quot;SEND&quot;
            },
            {
                &quot;time&quot;: &quot;2022-02-16T09:53:51.917Z&quot;,
                &quot;status&quot;: &quot;DELIVERED&quot;
            },
            {
                &quot;time&quot;: &quot;2022-02-16T09:56:32.333Z&quot;,
                &quot;status&quot;: &quot;PENDING&quot;
            },
            {
                &quot;time&quot;: &quot;2022-02-16T09:56:32.376Z&quot;,
                &quot;status&quot;: &quot;SEND&quot;
            },
            {
                &quot;time&quot;: &quot;2022-02-16T09:56:32.413Z&quot;,
                &quot;status&quot;: &quot;DELIVERED&quot;
            },
            {
                &quot;time&quot;: &quot;2022-02-16T09:56:33.226Z&quot;,
                &quot;status&quot;: &quot;PENDING&quot;
            },
            {
                &quot;time&quot;: &quot;2022-02-16T09:56:33.279Z&quot;,
                &quot;status&quot;: &quot;SEND&quot;
            },
            {
                &quot;time&quot;: &quot;2022-02-16T09:56:33.321Z&quot;,
                &quot;status&quot;: &quot;DELIVERED&quot;
            },
            {
                &quot;time&quot;: &quot;2022-02-16T09:59:11.843Z&quot;,
                &quot;status&quot;: &quot;PENDING&quot;
            },
            {
                &quot;time&quot;: &quot;2022-02-16T09:59:11.885Z&quot;,
                &quot;status&quot;: &quot;SEND&quot;
            },
            {
                &quot;time&quot;: &quot;2022-02-16T09:59:11.929Z&quot;,
                &quot;status&quot;: &quot;DELIVERED&quot;
            },
            {
                &quot;time&quot;: &quot;2022-02-16T09:59:12.799Z&quot;,
                &quot;status&quot;: &quot;PENDING&quot;
            },
            {
                &quot;time&quot;: &quot;2022-02-16T09:59:12.857Z&quot;,
                &quot;status&quot;: &quot;SEND&quot;
            },
            {
                &quot;time&quot;: &quot;2022-02-16T09:59:12.913Z&quot;,
                &quot;status&quot;: &quot;DELIVERED&quot;
            },
            {
                &quot;time&quot;: &quot;2022-02-16T10:01:50.751Z&quot;,
                &quot;status&quot;: &quot;PENDING&quot;
            },
            {
                &quot;time&quot;: &quot;2022-02-16T10:01:50.791Z&quot;,
                &quot;status&quot;: &quot;SEND&quot;
            },
            {
                &quot;time&quot;: &quot;2022-02-16T10:01:50.828Z&quot;,
                &quot;status&quot;: &quot;DELIVERED&quot;
            },
            {
                &quot;time&quot;: &quot;2022-02-16T10:01:51.673Z&quot;,
                &quot;status&quot;: &quot;PENDING&quot;
            },
            {
                &quot;time&quot;: &quot;2022-02-16T10:01:51.713Z&quot;,
                &quot;status&quot;: &quot;SEND&quot;
            },
            {
                &quot;time&quot;: &quot;2022-02-16T10:01:51.755Z&quot;,
                &quot;status&quot;: &quot;DELIVERED&quot;
            },
            {
                &quot;time&quot;: &quot;2022-02-16T10:04:30.106Z&quot;,
                &quot;status&quot;: &quot;PENDING&quot;
            },
            {
                &quot;time&quot;: &quot;2022-02-16T10:04:30.153Z&quot;,
                &quot;status&quot;: &quot;SEND&quot;
            },
            {
                &quot;time&quot;: &quot;2022-02-16T10:04:30.200Z&quot;,
                &quot;status&quot;: &quot;DELIVERED&quot;
            },
            {
                &quot;time&quot;: &quot;2022-02-16T10:04:31.076Z&quot;,
                &quot;status&quot;: &quot;PENDING&quot;
            },
            {
                &quot;time&quot;: &quot;2022-02-16T10:04:31.122Z&quot;,
                &quot;status&quot;: &quot;SEND&quot;
            },
            {
                &quot;time&quot;: &quot;2022-02-16T10:04:31.164Z&quot;,
                &quot;status&quot;: &quot;DELIVERED&quot;
            },
            {
                &quot;time&quot;: &quot;2022-02-16T10:07:10.462Z&quot;,
                &quot;status&quot;: &quot;PENDING&quot;
            },
            {
                &quot;time&quot;: &quot;2022-02-16T10:07:10.499Z&quot;,
                &quot;status&quot;: &quot;SEND&quot;
            },
            {
                &quot;time&quot;: &quot;2022-02-16T10:07:10.537Z&quot;,
                &quot;status&quot;: &quot;DELIVERED&quot;
            },
            {
                &quot;time&quot;: &quot;2022-02-16T10:07:11.343Z&quot;,
                &quot;status&quot;: &quot;PENDING&quot;
            },
            {
                &quot;time&quot;: &quot;2022-02-16T10:07:11.380Z&quot;,
                &quot;status&quot;: &quot;SEND&quot;
            },
            {
                &quot;time&quot;: &quot;2022-02-16T10:07:11.418Z&quot;,
                &quot;status&quot;: &quot;DELIVERED&quot;
            },
            {
                &quot;time&quot;: &quot;2022-02-16T10:09:49.720Z&quot;,
                &quot;status&quot;: &quot;PENDING&quot;
            },
            {
                &quot;time&quot;: &quot;2022-02-16T10:09:49.762Z&quot;,
                &quot;status&quot;: &quot;SEND&quot;
            },
            {
                &quot;time&quot;: &quot;2022-02-16T10:09:49.803Z&quot;,
                &quot;status&quot;: &quot;DELIVERED&quot;
            },
            {
                &quot;time&quot;: &quot;2022-02-16T10:09:50.610Z&quot;,
                &quot;status&quot;: &quot;PENDING&quot;
            },
            {
                &quot;time&quot;: &quot;2022-02-16T10:09:50.651Z&quot;,
                &quot;status&quot;: &quot;SEND&quot;
            },
            {
                &quot;time&quot;: &quot;2022-02-16T10:09:50.691Z&quot;,
                &quot;status&quot;: &quot;DELIVERED&quot;
            },
            {
                &quot;time&quot;: &quot;2022-02-16T10:12:29.403Z&quot;,
                &quot;status&quot;: &quot;PENDING&quot;
            },
            {
                &quot;time&quot;: &quot;2022-02-16T10:12:29.449Z&quot;,
                &quot;status&quot;: &quot;SEND&quot;
            },
            {
                &quot;time&quot;: &quot;2022-02-16T10:12:29.494Z&quot;,
                &quot;status&quot;: &quot;DELIVERED&quot;
            },
            {
                &quot;time&quot;: &quot;2022-02-16T10:12:30.338Z&quot;,
                &quot;status&quot;: &quot;PENDING&quot;
            },
            {
                &quot;time&quot;: &quot;2022-02-16T10:12:30.379Z&quot;,
                &quot;status&quot;: &quot;SEND&quot;
            },
            {
                &quot;time&quot;: &quot;2022-02-16T10:12:30.423Z&quot;,
                &quot;status&quot;: &quot;DELIVERED&quot;
            },
            {
                &quot;time&quot;: &quot;2022-02-16T10:15:08.464Z&quot;,
                &quot;status&quot;: &quot;PENDING&quot;
            },
            {
                &quot;time&quot;: &quot;2022-02-16T10:15:08.507Z&quot;,
                &quot;status&quot;: &quot;SEND&quot;
            },
            {
                &quot;time&quot;: &quot;2022-02-16T10:15:08.549Z&quot;,
                &quot;status&quot;: &quot;DELIVERED&quot;
            },
            {
                &quot;time&quot;: &quot;2022-02-16T10:15:09.384Z&quot;,
                &quot;status&quot;: &quot;PENDING&quot;
            },
            {
                &quot;time&quot;: &quot;2022-02-16T10:15:09.428Z&quot;,
                &quot;status&quot;: &quot;SEND&quot;
            }
        ],
        &quot;status&quot;: &quot;DELIVERED&quot;
    },
    &quot;creationTime&quot;: &quot;2022-02-16T09:22:46.140Z&quot;,
    &quot;deviceId&quot;: &quot;14273295&quot;,
    &quot;deviceName&quot;: &quot;offsitec&quot;,
    &quot;self&quot;: &quot;https://t493319102.eu-latest.cumulocity.com/devicecontrol/operations/14275540&quot;,
    &quot;id&quot;: &quot;14275540&quot;,
    &quot;status&quot;: &quot;PENDING&quot;,
    &quot;c8y_LogfileRequest&quot;: {
        &quot;searchText&quot;: &quot;&quot;,
        &quot;logFile&quot;: &quot;software-management&quot;,
        &quot;dateTo&quot;: &quot;2021-11-21T18:55:49+0530&quot;,
        &quot;dateFrom&quot;: &quot;2021-11-15T18:55:49+0530&quot;,
        &quot;maximumLines&quot;: 300
    },
    &quot;description&quot;: &quot;Log file request&quot;
}
10:17:07 DEBUG Final URL of the request: https://thin-edge-io.eu-latest.cumulocity.com/devicecontrol/operations?deviceId=14273295&amp;pageSize=1&amp;revert=true&amp;dateFrom=1970-01-01T00%3A00%3A00.000Z
10:17:07 INFO  State of current operation: PENDING
10:17:07 DEBUG Final URL of the request: https://thin-edge-io.eu-latest.cumulocity.com/devicecontrol/operations?deviceId=14273295&amp;pageSize=1&amp;revert=true&amp;dateFrom=1970-01-01T00%3A00%3A00.000Z
10:17:07 DEBUG State of current operation: {
    &quot;delivery&quot;: {
        &quot;time&quot;: &quot;2022-02-16T10:15:09.472Z&quot;,
        &quot;log&quot;: [
            {
                &quot;time&quot;: &quot;2022-02-16T09:22:46.166Z&quot;,
                &quot;status&quot;: &quot;PENDING&quot;
            },
            {
                &quot;time&quot;: &quot;2022-02-16T09:22:46.185Z&quot;,
                &quot;status&quot;: &quot;SEND&quot;
            },
            {
                &quot;time&quot;: &quot;2022-02-16T09:22:46.219Z&quot;,
                &quot;status&quot;: &quot;DELIVERED&quot;
            },
            {
                &quot;time&quot;: &quot;2022-02-16T09:23:55.047Z&quot;,
                &quot;status&quot;: &quot;PENDING&quot;
            },
            {
                &quot;time&quot;: &quot;2022-02-16T09:23:55.077Z&quot;,
                &quot;status&quot;: &quot;SEND&quot;
            },
            {
                &quot;time&quot;: &quot;2022-02-16T09:23:55.114Z&quot;,
                &quot;status&quot;: &quot;DELIVERED&quot;
            },
            {
                &quot;time&quot;: &quot;2022-02-16T09:23:55.901Z&quot;,
                &quot;status&quot;: &quot;PENDING&quot;
            },
            {
                &quot;time&quot;: &quot;2022-02-16T09:23:55.930Z&quot;,
                &quot;status&quot;: &quot;SEND&quot;
            },
            {
                &quot;time&quot;: &quot;2022-02-16T09:23:55.967Z&quot;,
                &quot;status&quot;: &quot;DELIVERED&quot;
            },
            {
                &quot;time&quot;: &quot;2022-02-16T09:24:55.073Z&quot;,
                &quot;status&quot;: &quot;PENDING&quot;
            },
            {
                &quot;time&quot;: &quot;2022-02-16T09:24:55.106Z&quot;,
                &quot;status&quot;: &quot;SEND&quot;
            },
            {
                &quot;time&quot;: &quot;2022-02-16T09:24:55.144Z&quot;,
                &quot;status&quot;: &quot;DELIVERED&quot;
            },
            {
                &quot;time&quot;: &quot;2022-02-16T09:24:55.971Z&quot;,
                &quot;status&quot;: &quot;PENDING&quot;
            },
            {
                &quot;time&quot;: &quot;2022-02-16T09:24:56.008Z&quot;,
                &quot;status&quot;: &quot;SEND&quot;
            },
            {
                &quot;time&quot;: &quot;2022-02-16T09:24:56.044Z&quot;,
                &quot;status&quot;: &quot;DELIVERED&quot;
            },
            {
                &quot;time&quot;: &quot;2022-02-16T09:26:09.362Z&quot;,
                &quot;status&quot;: &quot;PENDING&quot;
            },
            {
                &quot;time&quot;: &quot;2022-02-16T09:26:09.392Z&quot;,
                &quot;status&quot;: &quot;SEND&quot;
            },
            {
                &quot;time&quot;: &quot;2022-02-16T09:26:09.428Z&quot;,
                &quot;status&quot;: &quot;DELIVERED&quot;
            },
            {
                &quot;time&quot;: &quot;2022-02-16T09:26:10.287Z&quot;,
                &quot;status&quot;: &quot;PENDING&quot;
            },
            {
                &quot;time&quot;: &quot;2022-02-16T09:26:10.317Z&quot;,
                &quot;status&quot;: &quot;SEND&quot;
            },
            {
                &quot;time&quot;: &quot;2022-02-16T09:26:10.353Z&quot;,
                &quot;status&quot;: &quot;DELIVERED&quot;
            },
            {
                &quot;time&quot;: &quot;2022-02-16T09:27:24.861Z&quot;,
                &quot;status&quot;: &quot;PENDING&quot;
            },
            {
                &quot;time&quot;: &quot;2022-02-16T09:27:24.898Z&quot;,
                &quot;status&quot;: &quot;SEND&quot;
            },
            {
                &quot;time&quot;: &quot;2022-02-16T09:27:24.935Z&quot;,
                &quot;status&quot;: &quot;DELIVERED&quot;
            },
            {
                &quot;time&quot;: &quot;2022-02-16T09:27:25.773Z&quot;,
                &quot;status&quot;: &quot;PENDING&quot;
            },
            {
                &quot;time&quot;: &quot;2022-02-16T09:27:25.812Z&quot;,
                &quot;status&quot;: &quot;SEND&quot;
            },
            {
                &quot;time&quot;: &quot;2022-02-16T09:27:25.849Z&quot;,
                &quot;status&quot;: &quot;DELIVERED&quot;
            },
            {
                &quot;time&quot;: &quot;2022-02-16T09:28:06.037Z&quot;,
                &quot;status&quot;: &quot;PENDING&quot;
            },
            {
                &quot;time&quot;: &quot;2022-02-16T09:28:06.069Z&quot;,
                &quot;status&quot;: &quot;SEND&quot;
            },
            {
                &quot;time&quot;: &quot;2022-02-16T09:28:06.107Z&quot;,
                &quot;status&quot;: &quot;DELIVERED&quot;
            },
            {
                &quot;time&quot;: &quot;2022-02-16T09:28:06.968Z&quot;,
                &quot;status&quot;: &quot;PENDING&quot;
            },
            {
                &quot;time&quot;: &quot;2022-02-16T09:28:07.002Z&quot;,
                &quot;status&quot;: &quot;SEND&quot;
            },
            {
                &quot;time&quot;: &quot;2022-02-16T09:28:07.039Z&quot;,
                &quot;status&quot;: &quot;DELIVERED&quot;
            },
            {
                &quot;time&quot;: &quot;2022-02-16T09:28:58.713Z&quot;,
                &quot;status&quot;: &quot;PENDING&quot;
            },
            {
                &quot;time&quot;: &quot;2022-02-16T09:28:58.744Z&quot;,
                &quot;status&quot;: &quot;SEND&quot;
            },
            {
                &quot;time&quot;: &quot;2022-02-16T09:28:58.782Z&quot;,
                &quot;status&quot;: &quot;DELIVERED&quot;
            },
            {
                &quot;time&quot;: &quot;2022-02-16T09:28:59.589Z&quot;,
                &quot;status&quot;: &quot;PENDING&quot;
            },
            {
                &quot;time&quot;: &quot;2022-02-16T09:28:59.620Z&quot;,
                &quot;status&quot;: &quot;SEND&quot;
            },
            {
                &quot;time&quot;: &quot;2022-02-16T09:28:59.658Z&quot;,
                &quot;status&quot;: &quot;DELIVERED&quot;
            },
            {
                &quot;time&quot;: &quot;2022-02-16T09:29:51.098Z&quot;,
                &quot;status&quot;: &quot;PENDING&quot;
            },
            {
                &quot;time&quot;: &quot;2022-02-16T09:29:51.134Z&quot;,
                &quot;status&quot;: &quot;SEND&quot;
            },
            {
                &quot;time&quot;: &quot;2022-02-16T09:29:51.171Z&quot;,
                &quot;status&quot;: &quot;DELIVERED&quot;
            },
            {
                &quot;time&quot;: &quot;2022-02-16T09:29:52.013Z&quot;,
                &quot;status&quot;: &quot;PENDING&quot;
            },
            {
                &quot;time&quot;: &quot;2022-02-16T09:29:52.047Z&quot;,
                &quot;status&quot;: &quot;SEND&quot;
            },
            {
                &quot;time&quot;: &quot;2022-02-16T09:29:52.089Z&quot;,
                &quot;status&quot;: &quot;DELIVERED&quot;
            },
            {
                &quot;time&quot;: &quot;2022-02-16T09:30:33.494Z&quot;,
                &quot;status&quot;: &quot;PENDING&quot;
            },
            {
                &quot;time&quot;: &quot;2022-02-16T09:30:33.534Z&quot;,
                &quot;status&quot;: &quot;SEND&quot;
            },
            {
                &quot;time&quot;: &quot;2022-02-16T09:30:33.571Z&quot;,
                &quot;status&quot;: &quot;DELIVERED&quot;
            },
            {
                &quot;time&quot;: &quot;2022-02-16T09:30:34.412Z&quot;,
                &quot;status&quot;: &quot;PENDING&quot;
            },
            {
                &quot;time&quot;: &quot;2022-02-16T09:30:34.453Z&quot;,
                &quot;status&quot;: &quot;SEND&quot;
            },
            {
                &quot;time&quot;: &quot;2022-02-16T09:30:34.488Z&quot;,
                &quot;status&quot;: &quot;DELIVERED&quot;
            },
            {
                &quot;time&quot;: &quot;2022-02-16T09:32:49.337Z&quot;,
                &quot;status&quot;: &quot;PENDING&quot;
            },
            {
                &quot;time&quot;: &quot;2022-02-16T09:32:49.371Z&quot;,
                &quot;status&quot;: &quot;SEND&quot;
            },
            {
                &quot;time&quot;: &quot;2022-02-16T09:32:49.408Z&quot;,
                &quot;status&quot;: &quot;DELIVERED&quot;
            },
            {
                &quot;time&quot;: &quot;2022-02-16T09:32:50.347Z&quot;,
                &quot;status&quot;: &quot;PENDING&quot;
            },
            {
                &quot;time&quot;: &quot;2022-02-16T09:32:50.382Z&quot;,
                &quot;status&quot;: &quot;SEND&quot;
            },
            {
                &quot;time&quot;: &quot;2022-02-16T09:32:50.423Z&quot;,
                &quot;status&quot;: &quot;DELIVERED&quot;
            },
            {
                &quot;time&quot;: &quot;2022-02-16T09:35:18.696Z&quot;,
                &quot;status&quot;: &quot;PENDING&quot;
            },
            {
                &quot;time&quot;: &quot;2022-02-16T09:35:18.734Z&quot;,
                &quot;status&quot;: &quot;SEND&quot;
            },
            {
                &quot;time&quot;: &quot;2022-02-16T09:35:18.769Z&quot;,
                &quot;status&quot;: &quot;DELIVERED&quot;
            },
            {
                &quot;time&quot;: &quot;2022-02-16T09:35:41.813Z&quot;,
                &quot;status&quot;: &quot;PENDING&quot;
            },
            {
                &quot;time&quot;: &quot;2022-02-16T09:35:41.852Z&quot;,
                &quot;status&quot;: &quot;SEND&quot;
            },
            {
                &quot;time&quot;: &quot;2022-02-16T09:35:41.891Z&quot;,
                &quot;status&quot;: &quot;DELIVERED&quot;
            },
            {
                &quot;time&quot;: &quot;2022-02-16T09:35:42.766Z&quot;,
                &quot;status&quot;: &quot;PENDING&quot;
            },
            {
                &quot;time&quot;: &quot;2022-02-16T09:35:42.811Z&quot;,
                &quot;status&quot;: &quot;SEND&quot;
            },
            {
                &quot;time&quot;: &quot;2022-02-16T09:35:42.849Z&quot;,
                &quot;status&quot;: &quot;DELIVERED&quot;
            },
            {
                &quot;time&quot;: &quot;2022-02-16T09:36:06.394Z&quot;,
                &quot;status&quot;: &quot;PENDING&quot;
            },
            {
                &quot;time&quot;: &quot;2022-02-16T09:36:06.432Z&quot;,
                &quot;status&quot;: &quot;SEND&quot;
            },
            {
                &quot;time&quot;: &quot;2022-02-16T09:36:06.488Z&quot;,
                &quot;status&quot;: &quot;DELIVERED&quot;
            },
            {
                &quot;time&quot;: &quot;2022-02-16T09:36:07.318Z&quot;,
                &quot;status&quot;: &quot;PENDING&quot;
            },
            {
                &quot;time&quot;: &quot;2022-02-16T09:36:07.358Z&quot;,
                &quot;status&quot;: &quot;SEND&quot;
            },
            {
                &quot;time&quot;: &quot;2022-02-16T09:36:07.393Z&quot;,
                &quot;status&quot;: &quot;DELIVERED&quot;
            },
            {
                &quot;time&quot;: &quot;2022-02-16T09:36:30.178Z&quot;,
                &quot;status&quot;: &quot;PENDING&quot;
            },
            {
                &quot;time&quot;: &quot;2022-02-16T09:36:30.210Z&quot;,
                &quot;status&quot;: &quot;SEND&quot;
            },
            {
                &quot;time&quot;: &quot;2022-02-16T09:36:30.248Z&quot;,
                &quot;status&quot;: &quot;DELIVERED&quot;
            },
            {
                &quot;time&quot;: &quot;2022-02-16T09:36:31.123Z&quot;,
                &quot;status&quot;: &quot;PENDING&quot;
            },
            {
                &quot;time&quot;: &quot;2022-02-16T09:36:31.156Z&quot;,
                &quot;status&quot;: &quot;SEND&quot;
            },
            {
                &quot;time&quot;: &quot;2022-02-16T09:36:31.207Z&quot;,
                &quot;status&quot;: &quot;DELIVERED&quot;
            },
            {
                &quot;time&quot;: &quot;2022-02-16T09:37:08.443Z&quot;,
                &quot;status&quot;: &quot;PENDING&quot;
            },
            {
                &quot;time&quot;: &quot;2022-02-16T09:37:08.481Z&quot;,
                &quot;status&quot;: &quot;SEND&quot;
            },
            {
                &quot;time&quot;: &quot;2022-02-16T09:37:08.522Z&quot;,
                &quot;status&quot;: &quot;DELIVERED&quot;
            },
            {
                &quot;time&quot;: &quot;2022-02-16T09:37:09.439Z&quot;,
                &quot;status&quot;: &quot;PENDING&quot;
            },
            {
                &quot;time&quot;: &quot;2022-02-16T09:37:09.478Z&quot;,
                &quot;status&quot;: &quot;SEND&quot;
            },
            {
                &quot;time&quot;: &quot;2022-02-16T09:37:09.516Z&quot;,
                &quot;status&quot;: &quot;DELIVERED&quot;
            },
            {
                &quot;time&quot;: &quot;2022-02-16T09:37:13.026Z&quot;,
                &quot;status&quot;: &quot;PENDING&quot;
            },
            {
                &quot;time&quot;: &quot;2022-02-16T09:37:13.068Z&quot;,
                &quot;status&quot;: &quot;SEND&quot;
            },
            {
                &quot;time&quot;: &quot;2022-02-16T09:37:13.106Z&quot;,
                &quot;status&quot;: &quot;DELIVERED&quot;
            },
            {
                &quot;time&quot;: &quot;2022-02-16T09:37:37.817Z&quot;,
                &quot;status&quot;: &quot;PENDING&quot;
            },
            {
                &quot;time&quot;: &quot;2022-02-16T09:37:37.857Z&quot;,
                &quot;status&quot;: &quot;SEND&quot;
            },
            {
                &quot;time&quot;: &quot;2022-02-16T09:37:37.893Z&quot;,
                &quot;status&quot;: &quot;DELIVERED&quot;
            },
            {
                &quot;time&quot;: &quot;2022-02-16T09:37:38.638Z&quot;,
                &quot;status&quot;: &quot;PENDING&quot;
            },
            {
                &quot;time&quot;: &quot;2022-02-16T09:37:38.675Z&quot;,
                &quot;status&quot;: &quot;SEND&quot;
            },
            {
                &quot;time&quot;: &quot;2022-02-16T09:37:38.712Z&quot;,
                &quot;status&quot;: &quot;DELIVERED&quot;
            },
            {
                &quot;time&quot;: &quot;2022-02-16T09:38:03.926Z&quot;,
                &quot;status&quot;: &quot;PENDING&quot;
            },
            {
                &quot;time&quot;: &quot;2022-02-16T09:38:03.965Z&quot;,
                &quot;status&quot;: &quot;SEND&quot;
            },
            {
                &quot;time&quot;: &quot;2022-02-16T09:38:04.001Z&quot;,
                &quot;status&quot;: &quot;DELIVERED&quot;
            },
            {
                &quot;time&quot;: &quot;2022-02-16T09:38:04.819Z&quot;,
                &quot;status&quot;: &quot;PENDING&quot;
            },
            {
                &quot;time&quot;: &quot;2022-02-16T09:38:04.864Z&quot;,
                &quot;status&quot;: &quot;SEND&quot;
            },
            {
                &quot;time&quot;: &quot;2022-02-16T09:38:04.911Z&quot;,
                &quot;status&quot;: &quot;DELIVERED&quot;
            },
            {
                &quot;time&quot;: &quot;2022-02-16T09:53:50.860Z&quot;,
                &quot;status&quot;: &quot;PENDING&quot;
            },
            {
                &quot;time&quot;: &quot;2022-02-16T09:53:50.900Z&quot;,
                &quot;status&quot;: &quot;SEND&quot;
            },
            {
                &quot;time&quot;: &quot;2022-02-16T09:53:50.939Z&quot;,
                &quot;status&quot;: &quot;DELIVERED&quot;
            },
            {
                &quot;time&quot;: &quot;2022-02-16T09:53:51.831Z&quot;,
                &quot;status&quot;: &quot;PENDING&quot;
            },
            {
                &quot;time&quot;: &quot;2022-02-16T09:53:51.869Z&quot;,
                &quot;status&quot;: &quot;SEND&quot;
            },
            {
                &quot;time&quot;: &quot;2022-02-16T09:53:51.917Z&quot;,
                &quot;status&quot;: &quot;DELIVERED&quot;
            },
            {
                &quot;time&quot;: &quot;2022-02-16T09:56:32.333Z&quot;,
                &quot;status&quot;: &quot;PENDING&quot;
            },
            {
                &quot;time&quot;: &quot;2022-02-16T09:56:32.376Z&quot;,
                &quot;status&quot;: &quot;SEND&quot;
            },
            {
                &quot;time&quot;: &quot;2022-02-16T09:56:32.413Z&quot;,
                &quot;status&quot;: &quot;DELIVERED&quot;
            },
            {
                &quot;time&quot;: &quot;2022-02-16T09:56:33.226Z&quot;,
                &quot;status&quot;: &quot;PENDING&quot;
            },
            {
                &quot;time&quot;: &quot;2022-02-16T09:56:33.279Z&quot;,
                &quot;status&quot;: &quot;SEND&quot;
            },
            {
                &quot;time&quot;: &quot;2022-02-16T09:56:33.321Z&quot;,
                &quot;status&quot;: &quot;DELIVERED&quot;
            },
            {
                &quot;time&quot;: &quot;2022-02-16T09:59:11.843Z&quot;,
                &quot;status&quot;: &quot;PENDING&quot;
            },
            {
                &quot;time&quot;: &quot;2022-02-16T09:59:11.885Z&quot;,
                &quot;status&quot;: &quot;SEND&quot;
            },
            {
                &quot;time&quot;: &quot;2022-02-16T09:59:11.929Z&quot;,
                &quot;status&quot;: &quot;DELIVERED&quot;
            },
            {
                &quot;time&quot;: &quot;2022-02-16T09:59:12.799Z&quot;,
                &quot;status&quot;: &quot;PENDING&quot;
            },
            {
                &quot;time&quot;: &quot;2022-02-16T09:59:12.857Z&quot;,
                &quot;status&quot;: &quot;SEND&quot;
            },
            {
                &quot;time&quot;: &quot;2022-02-16T09:59:12.913Z&quot;,
                &quot;status&quot;: &quot;DELIVERED&quot;
            },
            {
                &quot;time&quot;: &quot;2022-02-16T10:01:50.751Z&quot;,
                &quot;status&quot;: &quot;PENDING&quot;
            },
            {
                &quot;time&quot;: &quot;2022-02-16T10:01:50.791Z&quot;,
                &quot;status&quot;: &quot;SEND&quot;
            },
            {
                &quot;time&quot;: &quot;2022-02-16T10:01:50.828Z&quot;,
                &quot;status&quot;: &quot;DELIVERED&quot;
            },
            {
                &quot;time&quot;: &quot;2022-02-16T10:01:51.673Z&quot;,
                &quot;status&quot;: &quot;PENDING&quot;
            },
            {
                &quot;time&quot;: &quot;2022-02-16T10:01:51.713Z&quot;,
                &quot;status&quot;: &quot;SEND&quot;
            },
            {
                &quot;time&quot;: &quot;2022-02-16T10:01:51.755Z&quot;,
                &quot;status&quot;: &quot;DELIVERED&quot;
            },
            {
                &quot;time&quot;: &quot;2022-02-16T10:04:30.106Z&quot;,
                &quot;status&quot;: &quot;PENDING&quot;
            },
            {
                &quot;time&quot;: &quot;2022-02-16T10:04:30.153Z&quot;,
                &quot;status&quot;: &quot;SEND&quot;
            },
            {
                &quot;time&quot;: &quot;2022-02-16T10:04:30.200Z&quot;,
                &quot;status&quot;: &quot;DELIVERED&quot;
            },
            {
                &quot;time&quot;: &quot;2022-02-16T10:04:31.076Z&quot;,
                &quot;status&quot;: &quot;PENDING&quot;
            },
            {
                &quot;time&quot;: &quot;2022-02-16T10:04:31.122Z&quot;,
                &quot;status&quot;: &quot;SEND&quot;
            },
            {
                &quot;time&quot;: &quot;2022-02-16T10:04:31.164Z&quot;,
                &quot;status&quot;: &quot;DELIVERED&quot;
            },
            {
                &quot;time&quot;: &quot;2022-02-16T10:07:10.462Z&quot;,
                &quot;status&quot;: &quot;PENDING&quot;
            },
            {
                &quot;time&quot;: &quot;2022-02-16T10:07:10.499Z&quot;,
                &quot;status&quot;: &quot;SEND&quot;
            },
            {
                &quot;time&quot;: &quot;2022-02-16T10:07:10.537Z&quot;,
                &quot;status&quot;: &quot;DELIVERED&quot;
            },
            {
                &quot;time&quot;: &quot;2022-02-16T10:07:11.343Z&quot;,
                &quot;status&quot;: &quot;PENDING&quot;
            },
            {
                &quot;time&quot;: &quot;2022-02-16T10:07:11.380Z&quot;,
                &quot;status&quot;: &quot;SEND&quot;
            },
            {
                &quot;time&quot;: &quot;2022-02-16T10:07:11.418Z&quot;,
                &quot;status&quot;: &quot;DELIVERED&quot;
            },
            {
                &quot;time&quot;: &quot;2022-02-16T10:09:49.720Z&quot;,
                &quot;status&quot;: &quot;PENDING&quot;
            },
            {
                &quot;time&quot;: &quot;2022-02-16T10:09:49.762Z&quot;,
                &quot;status&quot;: &quot;SEND&quot;
            },
            {
                &quot;time&quot;: &quot;2022-02-16T10:09:49.803Z&quot;,
                &quot;status&quot;: &quot;DELIVERED&quot;
            },
            {
                &quot;time&quot;: &quot;2022-02-16T10:09:50.610Z&quot;,
                &quot;status&quot;: &quot;PENDING&quot;
            },
            {
                &quot;time&quot;: &quot;2022-02-16T10:09:50.651Z&quot;,
                &quot;status&quot;: &quot;SEND&quot;
            },
            {
                &quot;time&quot;: &quot;2022-02-16T10:09:50.691Z&quot;,
                &quot;status&quot;: &quot;DELIVERED&quot;
            },
            {
                &quot;time&quot;: &quot;2022-02-16T10:12:29.403Z&quot;,
                &quot;status&quot;: &quot;PENDING&quot;
            },
            {
                &quot;time&quot;: &quot;2022-02-16T10:12:29.449Z&quot;,
                &quot;status&quot;: &quot;SEND&quot;
            },
            {
                &quot;time&quot;: &quot;2022-02-16T10:12:29.494Z&quot;,
                &quot;status&quot;: &quot;DELIVERED&quot;
            },
            {
                &quot;time&quot;: &quot;2022-02-16T10:12:30.338Z&quot;,
                &quot;status&quot;: &quot;PENDING&quot;
            },
            {
                &quot;time&quot;: &quot;2022-02-16T10:12:30.379Z&quot;,
                &quot;status&quot;: &quot;SEND&quot;
            },
            {
                &quot;time&quot;: &quot;2022-02-16T10:12:30.423Z&quot;,
                &quot;status&quot;: &quot;DELIVERED&quot;
            },
            {
                &quot;time&quot;: &quot;2022-02-16T10:15:08.464Z&quot;,
                &quot;status&quot;: &quot;PENDING&quot;
            },
            {
                &quot;time&quot;: &quot;2022-02-16T10:15:08.507Z&quot;,
                &quot;status&quot;: &quot;SEND&quot;
            },
            {
                &quot;time&quot;: &quot;2022-02-16T10:15:08.549Z&quot;,
                &quot;status&quot;: &quot;DELIVERED&quot;
            },
            {
                &quot;time&quot;: &quot;2022-02-16T10:15:09.384Z&quot;,
                &quot;status&quot;: &quot;PENDING&quot;
            },
            {
                &quot;time&quot;: &quot;2022-02-16T10:15:09.428Z&quot;,
                &quot;status&quot;: &quot;SEND&quot;
            }
        ],
        &quot;status&quot;: &quot;DELIVERED&quot;
    },
    &quot;creationTime&quot;: &quot;2022-02-16T09:22:46.140Z&quot;,
    &quot;deviceId&quot;: &quot;14273295&quot;,
    &quot;deviceName&quot;: &quot;offsitec&quot;,
    &quot;self&quot;: &quot;https://t493319102.eu-latest.cumulocity.com/devicecontrol/operations/14275540&quot;,
    &quot;id&quot;: &quot;14275540&quot;,
    &quot;status&quot;: &quot;PENDING&quot;,
    &quot;c8y_LogfileRequest&quot;: {
        &quot;searchText&quot;: &quot;&quot;,
        &quot;logFile&quot;: &quot;software-management&quot;,
        &quot;dateTo&quot;: &quot;2021-11-21T18:55:49+0530&quot;,
        &quot;dateFrom&quot;: &quot;2021-11-15T18:55:49+0530&quot;,
        &quot;maximumLines&quot;: 300
    },
    &quot;description&quot;: &quot;Log file request&quot;
}
10:17:09 DEBUG Final URL of the request: https://thin-edge-io.eu-latest.cumulocity.com/devicecontrol/operations?deviceId=14273295&amp;pageSize=1&amp;revert=true&amp;dateFrom=1970-01-01T00%3A00%3A00.000Z
10:17:09 INFO  State of current operation: PENDING
10:17:09 DEBUG Final URL of the request: https://thin-edge-io.eu-latest.cumulocity.com/devicecontrol/operations?deviceId=14273295&amp;pageSize=1&amp;revert=true&amp;dateFrom=1970-01-01T00%3A00%3A00.000Z
10:17:09 DEBUG State of current operation: {
    &quot;delivery&quot;: {
        &quot;time&quot;: &quot;2022-02-16T10:15:09.472Z&quot;,
        &quot;log&quot;: [
            {
                &quot;time&quot;: &quot;2022-02-16T09:22:46.166Z&quot;,
                &quot;status&quot;: &quot;PENDING&quot;
            },
            {
                &quot;time&quot;: &quot;2022-02-16T09:22:46.185Z&quot;,
                &quot;status&quot;: &quot;SEND&quot;
            },
            {
                &quot;time&quot;: &quot;2022-02-16T09:22:46.219Z&quot;,
                &quot;status&quot;: &quot;DELIVERED&quot;
            },
            {
                &quot;time&quot;: &quot;2022-02-16T09:23:55.047Z&quot;,
                &quot;status&quot;: &quot;PENDING&quot;
            },
            {
                &quot;time&quot;: &quot;2022-02-16T09:23:55.077Z&quot;,
                &quot;status&quot;: &quot;SEND&quot;
            },
            {
                &quot;time&quot;: &quot;2022-02-16T09:23:55.114Z&quot;,
                &quot;status&quot;: &quot;DELIVERED&quot;
            },
            {
                &quot;time&quot;: &quot;2022-02-16T09:23:55.901Z&quot;,
                &quot;status&quot;: &quot;PENDING&quot;
            },
            {
                &quot;time&quot;: &quot;2022-02-16T09:23:55.930Z&quot;,
                &quot;status&quot;: &quot;SEND&quot;
            },
            {
                &quot;time&quot;: &quot;2022-02-16T09:23:55.967Z&quot;,
                &quot;status&quot;: &quot;DELIVERED&quot;
            },
            {
                &quot;time&quot;: &quot;2022-02-16T09:24:55.073Z&quot;,
                &quot;status&quot;: &quot;PENDING&quot;
            },
            {
                &quot;time&quot;: &quot;2022-02-16T09:24:55.106Z&quot;,
                &quot;status&quot;: &quot;SEND&quot;
            },
            {
                &quot;time&quot;: &quot;2022-02-16T09:24:55.144Z&quot;,
                &quot;status&quot;: &quot;DELIVERED&quot;
            },
            {
                &quot;time&quot;: &quot;2022-02-16T09:24:55.971Z&quot;,
                &quot;status&quot;: &quot;PENDING&quot;
            },
            {
                &quot;time&quot;: &quot;2022-02-16T09:24:56.008Z&quot;,
                &quot;status&quot;: &quot;SEND&quot;
            },
            {
                &quot;time&quot;: &quot;2022-02-16T09:24:56.044Z&quot;,
                &quot;status&quot;: &quot;DELIVERED&quot;
            },
            {
                &quot;time&quot;: &quot;2022-02-16T09:26:09.362Z&quot;,
                &quot;status&quot;: &quot;PENDING&quot;
            },
            {
                &quot;time&quot;: &quot;2022-02-16T09:26:09.392Z&quot;,
                &quot;status&quot;: &quot;SEND&quot;
            },
            {
                &quot;time&quot;: &quot;2022-02-16T09:26:09.428Z&quot;,
                &quot;status&quot;: &quot;DELIVERED&quot;
            },
            {
                &quot;time&quot;: &quot;2022-02-16T09:26:10.287Z&quot;,
                &quot;status&quot;: &quot;PENDING&quot;
            },
            {
                &quot;time&quot;: &quot;2022-02-16T09:26:10.317Z&quot;,
                &quot;status&quot;: &quot;SEND&quot;
            },
            {
                &quot;time&quot;: &quot;2022-02-16T09:26:10.353Z&quot;,
                &quot;status&quot;: &quot;DELIVERED&quot;
            },
            {
                &quot;time&quot;: &quot;2022-02-16T09:27:24.861Z&quot;,
                &quot;status&quot;: &quot;PENDING&quot;
            },
            {
                &quot;time&quot;: &quot;2022-02-16T09:27:24.898Z&quot;,
                &quot;status&quot;: &quot;SEND&quot;
            },
            {
                &quot;time&quot;: &quot;2022-02-16T09:27:24.935Z&quot;,
                &quot;status&quot;: &quot;DELIVERED&quot;
            },
            {
                &quot;time&quot;: &quot;2022-02-16T09:27:25.773Z&quot;,
                &quot;status&quot;: &quot;PENDING&quot;
            },
            {
                &quot;time&quot;: &quot;2022-02-16T09:27:25.812Z&quot;,
                &quot;status&quot;: &quot;SEND&quot;
            },
            {
                &quot;time&quot;: &quot;2022-02-16T09:27:25.849Z&quot;,
                &quot;status&quot;: &quot;DELIVERED&quot;
            },
            {
                &quot;time&quot;: &quot;2022-02-16T09:28:06.037Z&quot;,
                &quot;status&quot;: &quot;PENDING&quot;
            },
            {
                &quot;time&quot;: &quot;2022-02-16T09:28:06.069Z&quot;,
                &quot;status&quot;: &quot;SEND&quot;
            },
            {
                &quot;time&quot;: &quot;2022-02-16T09:28:06.107Z&quot;,
                &quot;status&quot;: &quot;DELIVERED&quot;
            },
            {
                &quot;time&quot;: &quot;2022-02-16T09:28:06.968Z&quot;,
                &quot;status&quot;: &quot;PENDING&quot;
            },
            {
                &quot;time&quot;: &quot;2022-02-16T09:28:07.002Z&quot;,
                &quot;status&quot;: &quot;SEND&quot;
            },
            {
                &quot;time&quot;: &quot;2022-02-16T09:28:07.039Z&quot;,
                &quot;status&quot;: &quot;DELIVERED&quot;
            },
            {
                &quot;time&quot;: &quot;2022-02-16T09:28:58.713Z&quot;,
                &quot;status&quot;: &quot;PENDING&quot;
            },
            {
                &quot;time&quot;: &quot;2022-02-16T09:28:58.744Z&quot;,
                &quot;status&quot;: &quot;SEND&quot;
            },
            {
                &quot;time&quot;: &quot;2022-02-16T09:28:58.782Z&quot;,
                &quot;status&quot;: &quot;DELIVERED&quot;
            },
            {
                &quot;time&quot;: &quot;2022-02-16T09:28:59.589Z&quot;,
                &quot;status&quot;: &quot;PENDING&quot;
            },
            {
                &quot;time&quot;: &quot;2022-02-16T09:28:59.620Z&quot;,
                &quot;status&quot;: &quot;SEND&quot;
            },
            {
                &quot;time&quot;: &quot;2022-02-16T09:28:59.658Z&quot;,
                &quot;status&quot;: &quot;DELIVERED&quot;
            },
            {
                &quot;time&quot;: &quot;2022-02-16T09:29:51.098Z&quot;,
                &quot;status&quot;: &quot;PENDING&quot;
            },
            {
                &quot;time&quot;: &quot;2022-02-16T09:29:51.134Z&quot;,
                &quot;status&quot;: &quot;SEND&quot;
            },
            {
                &quot;time&quot;: &quot;2022-02-16T09:29:51.171Z&quot;,
                &quot;status&quot;: &quot;DELIVERED&quot;
            },
            {
                &quot;time&quot;: &quot;2022-02-16T09:29:52.013Z&quot;,
                &quot;status&quot;: &quot;PENDING&quot;
            },
            {
                &quot;time&quot;: &quot;2022-02-16T09:29:52.047Z&quot;,
                &quot;status&quot;: &quot;SEND&quot;
            },
            {
                &quot;time&quot;: &quot;2022-02-16T09:29:52.089Z&quot;,
                &quot;status&quot;: &quot;DELIVERED&quot;
            },
            {
                &quot;time&quot;: &quot;2022-02-16T09:30:33.494Z&quot;,
                &quot;status&quot;: &quot;PENDING&quot;
            },
            {
                &quot;time&quot;: &quot;2022-02-16T09:30:33.534Z&quot;,
                &quot;status&quot;: &quot;SEND&quot;
            },
            {
                &quot;time&quot;: &quot;2022-02-16T09:30:33.571Z&quot;,
                &quot;status&quot;: &quot;DELIVERED&quot;
            },
            {
                &quot;time&quot;: &quot;2022-02-16T09:30:34.412Z&quot;,
                &quot;status&quot;: &quot;PENDING&quot;
            },
            {
                &quot;time&quot;: &quot;2022-02-16T09:30:34.453Z&quot;,
                &quot;status&quot;: &quot;SEND&quot;
            },
            {
                &quot;time&quot;: &quot;2022-02-16T09:30:34.488Z&quot;,
                &quot;status&quot;: &quot;DELIVERED&quot;
            },
            {
                &quot;time&quot;: &quot;2022-02-16T09:32:49.337Z&quot;,
                &quot;status&quot;: &quot;PENDING&quot;
            },
            {
                &quot;time&quot;: &quot;2022-02-16T09:32:49.371Z&quot;,
                &quot;status&quot;: &quot;SEND&quot;
            },
            {
                &quot;time&quot;: &quot;2022-02-16T09:32:49.408Z&quot;,
                &quot;status&quot;: &quot;DELIVERED&quot;
            },
            {
                &quot;time&quot;: &quot;2022-02-16T09:32:50.347Z&quot;,
                &quot;status&quot;: &quot;PENDING&quot;
            },
            {
                &quot;time&quot;: &quot;2022-02-16T09:32:50.382Z&quot;,
                &quot;status&quot;: &quot;SEND&quot;
            },
            {
                &quot;time&quot;: &quot;2022-02-16T09:32:50.423Z&quot;,
                &quot;status&quot;: &quot;DELIVERED&quot;
            },
            {
                &quot;time&quot;: &quot;2022-02-16T09:35:18.696Z&quot;,
                &quot;status&quot;: &quot;PENDING&quot;
            },
            {
                &quot;time&quot;: &quot;2022-02-16T09:35:18.734Z&quot;,
                &quot;status&quot;: &quot;SEND&quot;
            },
            {
                &quot;time&quot;: &quot;2022-02-16T09:35:18.769Z&quot;,
                &quot;status&quot;: &quot;DELIVERED&quot;
            },
            {
                &quot;time&quot;: &quot;2022-02-16T09:35:41.813Z&quot;,
                &quot;status&quot;: &quot;PENDING&quot;
            },
            {
                &quot;time&quot;: &quot;2022-02-16T09:35:41.852Z&quot;,
                &quot;status&quot;: &quot;SEND&quot;
            },
            {
                &quot;time&quot;: &quot;2022-02-16T09:35:41.891Z&quot;,
                &quot;status&quot;: &quot;DELIVERED&quot;
            },
            {
                &quot;time&quot;: &quot;2022-02-16T09:35:42.766Z&quot;,
                &quot;status&quot;: &quot;PENDING&quot;
            },
            {
                &quot;time&quot;: &quot;2022-02-16T09:35:42.811Z&quot;,
                &quot;status&quot;: &quot;SEND&quot;
            },
            {
                &quot;time&quot;: &quot;2022-02-16T09:35:42.849Z&quot;,
                &quot;status&quot;: &quot;DELIVERED&quot;
            },
            {
                &quot;time&quot;: &quot;2022-02-16T09:36:06.394Z&quot;,
                &quot;status&quot;: &quot;PENDING&quot;
            },
            {
                &quot;time&quot;: &quot;2022-02-16T09:36:06.432Z&quot;,
                &quot;status&quot;: &quot;SEND&quot;
            },
            {
                &quot;time&quot;: &quot;2022-02-16T09:36:06.488Z&quot;,
                &quot;status&quot;: &quot;DELIVERED&quot;
            },
            {
                &quot;time&quot;: &quot;2022-02-16T09:36:07.318Z&quot;,
                &quot;status&quot;: &quot;PENDING&quot;
            },
            {
                &quot;time&quot;: &quot;2022-02-16T09:36:07.358Z&quot;,
                &quot;status&quot;: &quot;SEND&quot;
            },
            {
                &quot;time&quot;: &quot;2022-02-16T09:36:07.393Z&quot;,
                &quot;status&quot;: &quot;DELIVERED&quot;
            },
            {
                &quot;time&quot;: &quot;2022-02-16T09:36:30.178Z&quot;,
                &quot;status&quot;: &quot;PENDING&quot;
            },
            {
                &quot;time&quot;: &quot;2022-02-16T09:36:30.210Z&quot;,
                &quot;status&quot;: &quot;SEND&quot;
            },
            {
                &quot;time&quot;: &quot;2022-02-16T09:36:30.248Z&quot;,
                &quot;status&quot;: &quot;DELIVERED&quot;
            },
            {
                &quot;time&quot;: &quot;2022-02-16T09:36:31.123Z&quot;,
                &quot;status&quot;: &quot;PENDING&quot;
            },
            {
                &quot;time&quot;: &quot;2022-02-16T09:36:31.156Z&quot;,
                &quot;status&quot;: &quot;SEND&quot;
            },
            {
                &quot;time&quot;: &quot;2022-02-16T09:36:31.207Z&quot;,
                &quot;status&quot;: &quot;DELIVERED&quot;
            },
            {
                &quot;time&quot;: &quot;2022-02-16T09:37:08.443Z&quot;,
                &quot;status&quot;: &quot;PENDING&quot;
            },
            {
                &quot;time&quot;: &quot;2022-02-16T09:37:08.481Z&quot;,
                &quot;status&quot;: &quot;SEND&quot;
            },
            {
                &quot;time&quot;: &quot;2022-02-16T09:37:08.522Z&quot;,
                &quot;status&quot;: &quot;DELIVERED&quot;
            },
            {
                &quot;time&quot;: &quot;2022-02-16T09:37:09.439Z&quot;,
                &quot;status&quot;: &quot;PENDING&quot;
            },
            {
                &quot;time&quot;: &quot;2022-02-16T09:37:09.478Z&quot;,
                &quot;status&quot;: &quot;SEND&quot;
            },
            {
                &quot;time&quot;: &quot;2022-02-16T09:37:09.516Z&quot;,
                &quot;status&quot;: &quot;DELIVERED&quot;
            },
            {
                &quot;time&quot;: &quot;2022-02-16T09:37:13.026Z&quot;,
                &quot;status&quot;: &quot;PENDING&quot;
            },
            {
                &quot;time&quot;: &quot;2022-02-16T09:37:13.068Z&quot;,
                &quot;status&quot;: &quot;SEND&quot;
            },
            {
                &quot;time&quot;: &quot;2022-02-16T09:37:13.106Z&quot;,
                &quot;status&quot;: &quot;DELIVERED&quot;
            },
            {
                &quot;time&quot;: &quot;2022-02-16T09:37:37.817Z&quot;,
                &quot;status&quot;: &quot;PENDING&quot;
            },
            {
                &quot;time&quot;: &quot;2022-02-16T09:37:37.857Z&quot;,
                &quot;status&quot;: &quot;SEND&quot;
            },
            {
                &quot;time&quot;: &quot;2022-02-16T09:37:37.893Z&quot;,
                &quot;status&quot;: &quot;DELIVERED&quot;
            },
            {
                &quot;time&quot;: &quot;2022-02-16T09:37:38.638Z&quot;,
                &quot;status&quot;: &quot;PENDING&quot;
            },
            {
                &quot;time&quot;: &quot;2022-02-16T09:37:38.675Z&quot;,
                &quot;status&quot;: &quot;SEND&quot;
            },
            {
                &quot;time&quot;: &quot;2022-02-16T09:37:38.712Z&quot;,
                &quot;status&quot;: &quot;DELIVERED&quot;
            },
            {
                &quot;time&quot;: &quot;2022-02-16T09:38:03.926Z&quot;,
                &quot;status&quot;: &quot;PENDING&quot;
            },
            {
                &quot;time&quot;: &quot;2022-02-16T09:38:03.965Z&quot;,
                &quot;status&quot;: &quot;SEND&quot;
            },
            {
                &quot;time&quot;: &quot;2022-02-16T09:38:04.001Z&quot;,
                &quot;status&quot;: &quot;DELIVERED&quot;
            },
            {
                &quot;time&quot;: &quot;2022-02-16T09:38:04.819Z&quot;,
                &quot;status&quot;: &quot;PENDING&quot;
            },
            {
                &quot;time&quot;: &quot;2022-02-16T09:38:04.864Z&quot;,
                &quot;status&quot;: &quot;SEND&quot;
            },
            {
                &quot;time&quot;: &quot;2022-02-16T09:38:04.911Z&quot;,
                &quot;status&quot;: &quot;DELIVERED&quot;
            },
            {
                &quot;time&quot;: &quot;2022-02-16T09:53:50.860Z&quot;,
                &quot;status&quot;: &quot;PENDING&quot;
            },
            {
                &quot;time&quot;: &quot;2022-02-16T09:53:50.900Z&quot;,
                &quot;status&quot;: &quot;SEND&quot;
            },
            {
                &quot;time&quot;: &quot;2022-02-16T09:53:50.939Z&quot;,
                &quot;status&quot;: &quot;DELIVERED&quot;
            },
            {
                &quot;time&quot;: &quot;2022-02-16T09:53:51.831Z&quot;,
                &quot;status&quot;: &quot;PENDING&quot;
            },
            {
                &quot;time&quot;: &quot;2022-02-16T09:53:51.869Z&quot;,
                &quot;status&quot;: &quot;SEND&quot;
            },
            {
                &quot;time&quot;: &quot;2022-02-16T09:53:51.917Z&quot;,
                &quot;status&quot;: &quot;DELIVERED&quot;
            },
            {
                &quot;time&quot;: &quot;2022-02-16T09:56:32.333Z&quot;,
                &quot;status&quot;: &quot;PENDING&quot;
            },
            {
                &quot;time&quot;: &quot;2022-02-16T09:56:32.376Z&quot;,
                &quot;status&quot;: &quot;SEND&quot;
            },
            {
                &quot;time&quot;: &quot;2022-02-16T09:56:32.413Z&quot;,
                &quot;status&quot;: &quot;DELIVERED&quot;
            },
            {
                &quot;time&quot;: &quot;2022-02-16T09:56:33.226Z&quot;,
                &quot;status&quot;: &quot;PENDING&quot;
            },
            {
                &quot;time&quot;: &quot;2022-02-16T09:56:33.279Z&quot;,
                &quot;status&quot;: &quot;SEND&quot;
            },
            {
                &quot;time&quot;: &quot;2022-02-16T09:56:33.321Z&quot;,
                &quot;status&quot;: &quot;DELIVERED&quot;
            },
            {
                &quot;time&quot;: &quot;2022-02-16T09:59:11.843Z&quot;,
                &quot;status&quot;: &quot;PENDING&quot;
            },
            {
                &quot;time&quot;: &quot;2022-02-16T09:59:11.885Z&quot;,
                &quot;status&quot;: &quot;SEND&quot;
            },
            {
                &quot;time&quot;: &quot;2022-02-16T09:59:11.929Z&quot;,
                &quot;status&quot;: &quot;DELIVERED&quot;
            },
            {
                &quot;time&quot;: &quot;2022-02-16T09:59:12.799Z&quot;,
                &quot;status&quot;: &quot;PENDING&quot;
            },
            {
                &quot;time&quot;: &quot;2022-02-16T09:59:12.857Z&quot;,
                &quot;status&quot;: &quot;SEND&quot;
            },
            {
                &quot;time&quot;: &quot;2022-02-16T09:59:12.913Z&quot;,
                &quot;status&quot;: &quot;DELIVERED&quot;
            },
            {
                &quot;time&quot;: &quot;2022-02-16T10:01:50.751Z&quot;,
                &quot;status&quot;: &quot;PENDING&quot;
            },
            {
                &quot;time&quot;: &quot;2022-02-16T10:01:50.791Z&quot;,
                &quot;status&quot;: &quot;SEND&quot;
            },
            {
                &quot;time&quot;: &quot;2022-02-16T10:01:50.828Z&quot;,
                &quot;status&quot;: &quot;DELIVERED&quot;
            },
            {
                &quot;time&quot;: &quot;2022-02-16T10:01:51.673Z&quot;,
                &quot;status&quot;: &quot;PENDING&quot;
            },
            {
                &quot;time&quot;: &quot;2022-02-16T10:01:51.713Z&quot;,
                &quot;status&quot;: &quot;SEND&quot;
            },
            {
                &quot;time&quot;: &quot;2022-02-16T10:01:51.755Z&quot;,
                &quot;status&quot;: &quot;DELIVERED&quot;
            },
            {
                &quot;time&quot;: &quot;2022-02-16T10:04:30.106Z&quot;,
                &quot;status&quot;: &quot;PENDING&quot;
            },
            {
                &quot;time&quot;: &quot;2022-02-16T10:04:30.153Z&quot;,
                &quot;status&quot;: &quot;SEND&quot;
            },
            {
                &quot;time&quot;: &quot;2022-02-16T10:04:30.200Z&quot;,
                &quot;status&quot;: &quot;DELIVERED&quot;
            },
            {
                &quot;time&quot;: &quot;2022-02-16T10:04:31.076Z&quot;,
                &quot;status&quot;: &quot;PENDING&quot;
            },
            {
                &quot;time&quot;: &quot;2022-02-16T10:04:31.122Z&quot;,
                &quot;status&quot;: &quot;SEND&quot;
            },
            {
                &quot;time&quot;: &quot;2022-02-16T10:04:31.164Z&quot;,
                &quot;status&quot;: &quot;DELIVERED&quot;
            },
            {
                &quot;time&quot;: &quot;2022-02-16T10:07:10.462Z&quot;,
                &quot;status&quot;: &quot;PENDING&quot;
            },
            {
                &quot;time&quot;: &quot;2022-02-16T10:07:10.499Z&quot;,
                &quot;status&quot;: &quot;SEND&quot;
            },
            {
                &quot;time&quot;: &quot;2022-02-16T10:07:10.537Z&quot;,
                &quot;status&quot;: &quot;DELIVERED&quot;
            },
            {
                &quot;time&quot;: &quot;2022-02-16T10:07:11.343Z&quot;,
                &quot;status&quot;: &quot;PENDING&quot;
            },
            {
                &quot;time&quot;: &quot;2022-02-16T10:07:11.380Z&quot;,
                &quot;status&quot;: &quot;SEND&quot;
            },
            {
                &quot;time&quot;: &quot;2022-02-16T10:07:11.418Z&quot;,
                &quot;status&quot;: &quot;DELIVERED&quot;
            },
            {
                &quot;time&quot;: &quot;2022-02-16T10:09:49.720Z&quot;,
                &quot;status&quot;: &quot;PENDING&quot;
            },
            {
                &quot;time&quot;: &quot;2022-02-16T10:09:49.762Z&quot;,
                &quot;status&quot;: &quot;SEND&quot;
            },
            {
                &quot;time&quot;: &quot;2022-02-16T10:09:49.803Z&quot;,
                &quot;status&quot;: &quot;DELIVERED&quot;
            },
            {
                &quot;time&quot;: &quot;2022-02-16T10:09:50.610Z&quot;,
                &quot;status&quot;: &quot;PENDING&quot;
            },
            {
                &quot;time&quot;: &quot;2022-02-16T10:09:50.651Z&quot;,
                &quot;status&quot;: &quot;SEND&quot;
            },
            {
                &quot;time&quot;: &quot;2022-02-16T10:09:50.691Z&quot;,
                &quot;status&quot;: &quot;DELIVERED&quot;
            },
            {
                &quot;time&quot;: &quot;2022-02-16T10:12:29.403Z&quot;,
                &quot;status&quot;: &quot;PENDING&quot;
            },
            {
                &quot;time&quot;: &quot;2022-02-16T10:12:29.449Z&quot;,
                &quot;status&quot;: &quot;SEND&quot;
            },
            {
                &quot;time&quot;: &quot;2022-02-16T10:12:29.494Z&quot;,
                &quot;status&quot;: &quot;DELIVERED&quot;
            },
            {
                &quot;time&quot;: &quot;2022-02-16T10:12:30.338Z&quot;,
                &quot;status&quot;: &quot;PENDING&quot;
            },
            {
                &quot;time&quot;: &quot;2022-02-16T10:12:30.379Z&quot;,
                &quot;status&quot;: &quot;SEND&quot;
            },
            {
                &quot;time&quot;: &quot;2022-02-16T10:12:30.423Z&quot;,
                &quot;status&quot;: &quot;DELIVERED&quot;
            },
            {
                &quot;time&quot;: &quot;2022-02-16T10:15:08.464Z&quot;,
                &quot;status&quot;: &quot;PENDING&quot;
            },
            {
                &quot;time&quot;: &quot;2022-02-16T10:15:08.507Z&quot;,
                &quot;status&quot;: &quot;SEND&quot;
            },
            {
                &quot;time&quot;: &quot;2022-02-16T10:15:08.549Z&quot;,
                &quot;status&quot;: &quot;DELIVERED&quot;
            },
            {
                &quot;time&quot;: &quot;2022-02-16T10:15:09.384Z&quot;,
                &quot;status&quot;: &quot;PENDING&quot;
            },
            {
                &quot;time&quot;: &quot;2022-02-16T10:15:09.428Z&quot;,
                &quot;status&quot;: &quot;SEND&quot;
            }
        ],
        &quot;status&quot;: &quot;DELIVERED&quot;
    },
    &quot;creationTime&quot;: &quot;2022-02-16T09:22:46.140Z&quot;,
    &quot;deviceId&quot;: &quot;14273295&quot;,
    &quot;deviceName&quot;: &quot;offsitec&quot;,
    &quot;self&quot;: &quot;https://t493319102.eu-latest.cumulocity.com/devicecontrol/operations/14275540&quot;,
    &quot;id&quot;: &quot;14275540&quot;,
    &quot;status&quot;: &quot;PENDING&quot;,
    &quot;c8y_LogfileRequest&quot;: {
        &quot;searchText&quot;: &quot;&quot;,
        &quot;logFile&quot;: &quot;software-management&quot;,
        &quot;dateTo&quot;: &quot;2021-11-21T18:55:49+0530&quot;,
        &quot;dateFrom&quot;: &quot;2021-11-15T18:55:49+0530&quot;,
        &quot;maximumLines&quot;: 300
    },
    &quot;description&quot;: &quot;Log file request&quot;
}
10:17:11 DEBUG Final URL of the request: https://thin-edge-io.eu-latest.cumulocity.com/devicecontrol/operations?deviceId=14273295&amp;pageSize=1&amp;revert=true&amp;dateFrom=1970-01-01T00%3A00%3A00.000Z
10:17:11 INFO  State of current operation: PENDING
10:17:11 DEBUG Final URL of the request: https://thin-edge-io.eu-latest.cumulocity.com/devicecontrol/operations?deviceId=14273295&amp;pageSize=1&amp;revert=true&amp;dateFrom=1970-01-01T00%3A00%3A00.000Z
10:17:11 DEBUG State of current operation: {
    &quot;delivery&quot;: {
        &quot;time&quot;: &quot;2022-02-16T10:15:09.472Z&quot;,
        &quot;log&quot;: [
            {
                &quot;time&quot;: &quot;2022-02-16T09:22:46.166Z&quot;,
                &quot;status&quot;: &quot;PENDING&quot;
            },
            {
                &quot;time&quot;: &quot;2022-02-16T09:22:46.185Z&quot;,
                &quot;status&quot;: &quot;SEND&quot;
            },
            {
                &quot;time&quot;: &quot;2022-02-16T09:22:46.219Z&quot;,
                &quot;status&quot;: &quot;DELIVERED&quot;
            },
            {
                &quot;time&quot;: &quot;2022-02-16T09:23:55.047Z&quot;,
                &quot;status&quot;: &quot;PENDING&quot;
            },
            {
                &quot;time&quot;: &quot;2022-02-16T09:23:55.077Z&quot;,
                &quot;status&quot;: &quot;SEND&quot;
            },
            {
                &quot;time&quot;: &quot;2022-02-16T09:23:55.114Z&quot;,
                &quot;status&quot;: &quot;DELIVERED&quot;
            },
            {
                &quot;time&quot;: &quot;2022-02-16T09:23:55.901Z&quot;,
                &quot;status&quot;: &quot;PENDING&quot;
            },
            {
                &quot;time&quot;: &quot;2022-02-16T09:23:55.930Z&quot;,
                &quot;status&quot;: &quot;SEND&quot;
            },
            {
                &quot;time&quot;: &quot;2022-02-16T09:23:55.967Z&quot;,
                &quot;status&quot;: &quot;DELIVERED&quot;
            },
            {
                &quot;time&quot;: &quot;2022-02-16T09:24:55.073Z&quot;,
                &quot;status&quot;: &quot;PENDING&quot;
            },
            {
                &quot;time&quot;: &quot;2022-02-16T09:24:55.106Z&quot;,
                &quot;status&quot;: &quot;SEND&quot;
            },
            {
                &quot;time&quot;: &quot;2022-02-16T09:24:55.144Z&quot;,
                &quot;status&quot;: &quot;DELIVERED&quot;
            },
            {
                &quot;time&quot;: &quot;2022-02-16T09:24:55.971Z&quot;,
                &quot;status&quot;: &quot;PENDING&quot;
            },
            {
                &quot;time&quot;: &quot;2022-02-16T09:24:56.008Z&quot;,
                &quot;status&quot;: &quot;SEND&quot;
            },
            {
                &quot;time&quot;: &quot;2022-02-16T09:24:56.044Z&quot;,
                &quot;status&quot;: &quot;DELIVERED&quot;
            },
            {
                &quot;time&quot;: &quot;2022-02-16T09:26:09.362Z&quot;,
                &quot;status&quot;: &quot;PENDING&quot;
            },
            {
                &quot;time&quot;: &quot;2022-02-16T09:26:09.392Z&quot;,
                &quot;status&quot;: &quot;SEND&quot;
            },
            {
                &quot;time&quot;: &quot;2022-02-16T09:26:09.428Z&quot;,
                &quot;status&quot;: &quot;DELIVERED&quot;
            },
            {
                &quot;time&quot;: &quot;2022-02-16T09:26:10.287Z&quot;,
                &quot;status&quot;: &quot;PENDING&quot;
            },
            {
                &quot;time&quot;: &quot;2022-02-16T09:26:10.317Z&quot;,
                &quot;status&quot;: &quot;SEND&quot;
            },
            {
                &quot;time&quot;: &quot;2022-02-16T09:26:10.353Z&quot;,
                &quot;status&quot;: &quot;DELIVERED&quot;
            },
            {
                &quot;time&quot;: &quot;2022-02-16T09:27:24.861Z&quot;,
                &quot;status&quot;: &quot;PENDING&quot;
            },
            {
                &quot;time&quot;: &quot;2022-02-16T09:27:24.898Z&quot;,
                &quot;status&quot;: &quot;SEND&quot;
            },
            {
                &quot;time&quot;: &quot;2022-02-16T09:27:24.935Z&quot;,
                &quot;status&quot;: &quot;DELIVERED&quot;
            },
            {
                &quot;time&quot;: &quot;2022-02-16T09:27:25.773Z&quot;,
                &quot;status&quot;: &quot;PENDING&quot;
            },
            {
                &quot;time&quot;: &quot;2022-02-16T09:27:25.812Z&quot;,
                &quot;status&quot;: &quot;SEND&quot;
            },
            {
                &quot;time&quot;: &quot;2022-02-16T09:27:25.849Z&quot;,
                &quot;status&quot;: &quot;DELIVERED&quot;
            },
            {
                &quot;time&quot;: &quot;2022-02-16T09:28:06.037Z&quot;,
                &quot;status&quot;: &quot;PENDING&quot;
            },
            {
                &quot;time&quot;: &quot;2022-02-16T09:28:06.069Z&quot;,
                &quot;status&quot;: &quot;SEND&quot;
            },
            {
                &quot;time&quot;: &quot;2022-02-16T09:28:06.107Z&quot;,
                &quot;status&quot;: &quot;DELIVERED&quot;
            },
            {
                &quot;time&quot;: &quot;2022-02-16T09:28:06.968Z&quot;,
                &quot;status&quot;: &quot;PENDING&quot;
            },
            {
                &quot;time&quot;: &quot;2022-02-16T09:28:07.002Z&quot;,
                &quot;status&quot;: &quot;SEND&quot;
            },
            {
                &quot;time&quot;: &quot;2022-02-16T09:28:07.039Z&quot;,
                &quot;status&quot;: &quot;DELIVERED&quot;
            },
            {
                &quot;time&quot;: &quot;2022-02-16T09:28:58.713Z&quot;,
                &quot;status&quot;: &quot;PENDING&quot;
            },
            {
                &quot;time&quot;: &quot;2022-02-16T09:28:58.744Z&quot;,
                &quot;status&quot;: &quot;SEND&quot;
            },
            {
                &quot;time&quot;: &quot;2022-02-16T09:28:58.782Z&quot;,
                &quot;status&quot;: &quot;DELIVERED&quot;
            },
            {
                &quot;time&quot;: &quot;2022-02-16T09:28:59.589Z&quot;,
                &quot;status&quot;: &quot;PENDING&quot;
            },
            {
                &quot;time&quot;: &quot;2022-02-16T09:28:59.620Z&quot;,
                &quot;status&quot;: &quot;SEND&quot;
            },
            {
                &quot;time&quot;: &quot;2022-02-16T09:28:59.658Z&quot;,
                &quot;status&quot;: &quot;DELIVERED&quot;
            },
            {
                &quot;time&quot;: &quot;2022-02-16T09:29:51.098Z&quot;,
                &quot;status&quot;: &quot;PENDING&quot;
            },
            {
                &quot;time&quot;: &quot;2022-02-16T09:29:51.134Z&quot;,
                &quot;status&quot;: &quot;SEND&quot;
            },
            {
                &quot;time&quot;: &quot;2022-02-16T09:29:51.171Z&quot;,
                &quot;status&quot;: &quot;DELIVERED&quot;
            },
            {
                &quot;time&quot;: &quot;2022-02-16T09:29:52.013Z&quot;,
                &quot;status&quot;: &quot;PENDING&quot;
            },
            {
                &quot;time&quot;: &quot;2022-02-16T09:29:52.047Z&quot;,
                &quot;status&quot;: &quot;SEND&quot;
            },
            {
                &quot;time&quot;: &quot;2022-02-16T09:29:52.089Z&quot;,
                &quot;status&quot;: &quot;DELIVERED&quot;
            },
            {
                &quot;time&quot;: &quot;2022-02-16T09:30:33.494Z&quot;,
                &quot;status&quot;: &quot;PENDING&quot;
            },
            {
                &quot;time&quot;: &quot;2022-02-16T09:30:33.534Z&quot;,
                &quot;status&quot;: &quot;SEND&quot;
            },
            {
                &quot;time&quot;: &quot;2022-02-16T09:30:33.571Z&quot;,
                &quot;status&quot;: &quot;DELIVERED&quot;
            },
            {
                &quot;time&quot;: &quot;2022-02-16T09:30:34.412Z&quot;,
                &quot;status&quot;: &quot;PENDING&quot;
            },
            {
                &quot;time&quot;: &quot;2022-02-16T09:30:34.453Z&quot;,
                &quot;status&quot;: &quot;SEND&quot;
            },
            {
                &quot;time&quot;: &quot;2022-02-16T09:30:34.488Z&quot;,
                &quot;status&quot;: &quot;DELIVERED&quot;
            },
            {
                &quot;time&quot;: &quot;2022-02-16T09:32:49.337Z&quot;,
                &quot;status&quot;: &quot;PENDING&quot;
            },
            {
                &quot;time&quot;: &quot;2022-02-16T09:32:49.371Z&quot;,
                &quot;status&quot;: &quot;SEND&quot;
            },
            {
                &quot;time&quot;: &quot;2022-02-16T09:32:49.408Z&quot;,
                &quot;status&quot;: &quot;DELIVERED&quot;
            },
            {
                &quot;time&quot;: &quot;2022-02-16T09:32:50.347Z&quot;,
                &quot;status&quot;: &quot;PENDING&quot;
            },
            {
                &quot;time&quot;: &quot;2022-02-16T09:32:50.382Z&quot;,
                &quot;status&quot;: &quot;SEND&quot;
            },
            {
                &quot;time&quot;: &quot;2022-02-16T09:32:50.423Z&quot;,
                &quot;status&quot;: &quot;DELIVERED&quot;
            },
            {
                &quot;time&quot;: &quot;2022-02-16T09:35:18.696Z&quot;,
                &quot;status&quot;: &quot;PENDING&quot;
            },
            {
                &quot;time&quot;: &quot;2022-02-16T09:35:18.734Z&quot;,
                &quot;status&quot;: &quot;SEND&quot;
            },
            {
                &quot;time&quot;: &quot;2022-02-16T09:35:18.769Z&quot;,
                &quot;status&quot;: &quot;DELIVERED&quot;
            },
            {
                &quot;time&quot;: &quot;2022-02-16T09:35:41.813Z&quot;,
                &quot;status&quot;: &quot;PENDING&quot;
            },
            {
                &quot;time&quot;: &quot;2022-02-16T09:35:41.852Z&quot;,
                &quot;status&quot;: &quot;SEND&quot;
            },
            {
                &quot;time&quot;: &quot;2022-02-16T09:35:41.891Z&quot;,
                &quot;status&quot;: &quot;DELIVERED&quot;
            },
            {
                &quot;time&quot;: &quot;2022-02-16T09:35:42.766Z&quot;,
                &quot;status&quot;: &quot;PENDING&quot;
            },
            {
                &quot;time&quot;: &quot;2022-02-16T09:35:42.811Z&quot;,
                &quot;status&quot;: &quot;SEND&quot;
            },
            {
                &quot;time&quot;: &quot;2022-02-16T09:35:42.849Z&quot;,
                &quot;status&quot;: &quot;DELIVERED&quot;
            },
            {
                &quot;time&quot;: &quot;2022-02-16T09:36:06.394Z&quot;,
                &quot;status&quot;: &quot;PENDING&quot;
            },
            {
                &quot;time&quot;: &quot;2022-02-16T09:36:06.432Z&quot;,
                &quot;status&quot;: &quot;SEND&quot;
            },
            {
                &quot;time&quot;: &quot;2022-02-16T09:36:06.488Z&quot;,
                &quot;status&quot;: &quot;DELIVERED&quot;
            },
            {
                &quot;time&quot;: &quot;2022-02-16T09:36:07.318Z&quot;,
                &quot;status&quot;: &quot;PENDING&quot;
            },
            {
                &quot;time&quot;: &quot;2022-02-16T09:36:07.358Z&quot;,
                &quot;status&quot;: &quot;SEND&quot;
            },
            {
                &quot;time&quot;: &quot;2022-02-16T09:36:07.393Z&quot;,
                &quot;status&quot;: &quot;DELIVERED&quot;
            },
            {
                &quot;time&quot;: &quot;2022-02-16T09:36:30.178Z&quot;,
                &quot;status&quot;: &quot;PENDING&quot;
            },
            {
                &quot;time&quot;: &quot;2022-02-16T09:36:30.210Z&quot;,
                &quot;status&quot;: &quot;SEND&quot;
            },
            {
                &quot;time&quot;: &quot;2022-02-16T09:36:30.248Z&quot;,
                &quot;status&quot;: &quot;DELIVERED&quot;
            },
            {
                &quot;time&quot;: &quot;2022-02-16T09:36:31.123Z&quot;,
                &quot;status&quot;: &quot;PENDING&quot;
            },
            {
                &quot;time&quot;: &quot;2022-02-16T09:36:31.156Z&quot;,
                &quot;status&quot;: &quot;SEND&quot;
            },
            {
                &quot;time&quot;: &quot;2022-02-16T09:36:31.207Z&quot;,
                &quot;status&quot;: &quot;DELIVERED&quot;
            },
            {
                &quot;time&quot;: &quot;2022-02-16T09:37:08.443Z&quot;,
                &quot;status&quot;: &quot;PENDING&quot;
            },
            {
                &quot;time&quot;: &quot;2022-02-16T09:37:08.481Z&quot;,
                &quot;status&quot;: &quot;SEND&quot;
            },
            {
                &quot;time&quot;: &quot;2022-02-16T09:37:08.522Z&quot;,
                &quot;status&quot;: &quot;DELIVERED&quot;
            },
            {
                &quot;time&quot;: &quot;2022-02-16T09:37:09.439Z&quot;,
                &quot;status&quot;: &quot;PENDING&quot;
            },
            {
                &quot;time&quot;: &quot;2022-02-16T09:37:09.478Z&quot;,
                &quot;status&quot;: &quot;SEND&quot;
            },
            {
                &quot;time&quot;: &quot;2022-02-16T09:37:09.516Z&quot;,
                &quot;status&quot;: &quot;DELIVERED&quot;
            },
            {
                &quot;time&quot;: &quot;2022-02-16T09:37:13.026Z&quot;,
                &quot;status&quot;: &quot;PENDING&quot;
            },
            {
                &quot;time&quot;: &quot;2022-02-16T09:37:13.068Z&quot;,
                &quot;status&quot;: &quot;SEND&quot;
            },
            {
                &quot;time&quot;: &quot;2022-02-16T09:37:13.106Z&quot;,
                &quot;status&quot;: &quot;DELIVERED&quot;
            },
            {
                &quot;time&quot;: &quot;2022-02-16T09:37:37.817Z&quot;,
                &quot;status&quot;: &quot;PENDING&quot;
            },
            {
                &quot;time&quot;: &quot;2022-02-16T09:37:37.857Z&quot;,
                &quot;status&quot;: &quot;SEND&quot;
            },
            {
                &quot;time&quot;: &quot;2022-02-16T09:37:37.893Z&quot;,
                &quot;status&quot;: &quot;DELIVERED&quot;
            },
            {
                &quot;time&quot;: &quot;2022-02-16T09:37:38.638Z&quot;,
                &quot;status&quot;: &quot;PENDING&quot;
            },
            {
                &quot;time&quot;: &quot;2022-02-16T09:37:38.675Z&quot;,
                &quot;status&quot;: &quot;SEND&quot;
            },
            {
                &quot;time&quot;: &quot;2022-02-16T09:37:38.712Z&quot;,
                &quot;status&quot;: &quot;DELIVERED&quot;
            },
            {
                &quot;time&quot;: &quot;2022-02-16T09:38:03.926Z&quot;,
                &quot;status&quot;: &quot;PENDING&quot;
            },
            {
                &quot;time&quot;: &quot;2022-02-16T09:38:03.965Z&quot;,
                &quot;status&quot;: &quot;SEND&quot;
            },
            {
                &quot;time&quot;: &quot;2022-02-16T09:38:04.001Z&quot;,
                &quot;status&quot;: &quot;DELIVERED&quot;
            },
            {
                &quot;time&quot;: &quot;2022-02-16T09:38:04.819Z&quot;,
                &quot;status&quot;: &quot;PENDING&quot;
            },
            {
                &quot;time&quot;: &quot;2022-02-16T09:38:04.864Z&quot;,
                &quot;status&quot;: &quot;SEND&quot;
            },
            {
                &quot;time&quot;: &quot;2022-02-16T09:38:04.911Z&quot;,
                &quot;status&quot;: &quot;DELIVERED&quot;
            },
            {
                &quot;time&quot;: &quot;2022-02-16T09:53:50.860Z&quot;,
                &quot;status&quot;: &quot;PENDING&quot;
            },
            {
                &quot;time&quot;: &quot;2022-02-16T09:53:50.900Z&quot;,
                &quot;status&quot;: &quot;SEND&quot;
            },
            {
                &quot;time&quot;: &quot;2022-02-16T09:53:50.939Z&quot;,
                &quot;status&quot;: &quot;DELIVERED&quot;
            },
            {
                &quot;time&quot;: &quot;2022-02-16T09:53:51.831Z&quot;,
                &quot;status&quot;: &quot;PENDING&quot;
            },
            {
                &quot;time&quot;: &quot;2022-02-16T09:53:51.869Z&quot;,
                &quot;status&quot;: &quot;SEND&quot;
            },
            {
                &quot;time&quot;: &quot;2022-02-16T09:53:51.917Z&quot;,
                &quot;status&quot;: &quot;DELIVERED&quot;
            },
            {
                &quot;time&quot;: &quot;2022-02-16T09:56:32.333Z&quot;,
                &quot;status&quot;: &quot;PENDING&quot;
            },
            {
                &quot;time&quot;: &quot;2022-02-16T09:56:32.376Z&quot;,
                &quot;status&quot;: &quot;SEND&quot;
            },
            {
                &quot;time&quot;: &quot;2022-02-16T09:56:32.413Z&quot;,
                &quot;status&quot;: &quot;DELIVERED&quot;
            },
            {
                &quot;time&quot;: &quot;2022-02-16T09:56:33.226Z&quot;,
                &quot;status&quot;: &quot;PENDING&quot;
            },
            {
                &quot;time&quot;: &quot;2022-02-16T09:56:33.279Z&quot;,
                &quot;status&quot;: &quot;SEND&quot;
            },
            {
                &quot;time&quot;: &quot;2022-02-16T09:56:33.321Z&quot;,
                &quot;status&quot;: &quot;DELIVERED&quot;
            },
            {
                &quot;time&quot;: &quot;2022-02-16T09:59:11.843Z&quot;,
                &quot;status&quot;: &quot;PENDING&quot;
            },
            {
                &quot;time&quot;: &quot;2022-02-16T09:59:11.885Z&quot;,
                &quot;status&quot;: &quot;SEND&quot;
            },
            {
                &quot;time&quot;: &quot;2022-02-16T09:59:11.929Z&quot;,
                &quot;status&quot;: &quot;DELIVERED&quot;
            },
            {
                &quot;time&quot;: &quot;2022-02-16T09:59:12.799Z&quot;,
                &quot;status&quot;: &quot;PENDING&quot;
            },
            {
                &quot;time&quot;: &quot;2022-02-16T09:59:12.857Z&quot;,
                &quot;status&quot;: &quot;SEND&quot;
            },
            {
                &quot;time&quot;: &quot;2022-02-16T09:59:12.913Z&quot;,
                &quot;status&quot;: &quot;DELIVERED&quot;
            },
            {
                &quot;time&quot;: &quot;2022-02-16T10:01:50.751Z&quot;,
                &quot;status&quot;: &quot;PENDING&quot;
            },
            {
                &quot;time&quot;: &quot;2022-02-16T10:01:50.791Z&quot;,
                &quot;status&quot;: &quot;SEND&quot;
            },
            {
                &quot;time&quot;: &quot;2022-02-16T10:01:50.828Z&quot;,
                &quot;status&quot;: &quot;DELIVERED&quot;
            },
            {
                &quot;time&quot;: &quot;2022-02-16T10:01:51.673Z&quot;,
                &quot;status&quot;: &quot;PENDING&quot;
            },
            {
                &quot;time&quot;: &quot;2022-02-16T10:01:51.713Z&quot;,
                &quot;status&quot;: &quot;SEND&quot;
            },
            {
                &quot;time&quot;: &quot;2022-02-16T10:01:51.755Z&quot;,
                &quot;status&quot;: &quot;DELIVERED&quot;
            },
            {
                &quot;time&quot;: &quot;2022-02-16T10:04:30.106Z&quot;,
                &quot;status&quot;: &quot;PENDING&quot;
            },
            {
                &quot;time&quot;: &quot;2022-02-16T10:04:30.153Z&quot;,
                &quot;status&quot;: &quot;SEND&quot;
            },
            {
                &quot;time&quot;: &quot;2022-02-16T10:04:30.200Z&quot;,
                &quot;status&quot;: &quot;DELIVERED&quot;
            },
            {
                &quot;time&quot;: &quot;2022-02-16T10:04:31.076Z&quot;,
                &quot;status&quot;: &quot;PENDING&quot;
            },
            {
                &quot;time&quot;: &quot;2022-02-16T10:04:31.122Z&quot;,
                &quot;status&quot;: &quot;SEND&quot;
            },
            {
                &quot;time&quot;: &quot;2022-02-16T10:04:31.164Z&quot;,
                &quot;status&quot;: &quot;DELIVERED&quot;
            },
            {
                &quot;time&quot;: &quot;2022-02-16T10:07:10.462Z&quot;,
                &quot;status&quot;: &quot;PENDING&quot;
            },
            {
                &quot;time&quot;: &quot;2022-02-16T10:07:10.499Z&quot;,
                &quot;status&quot;: &quot;SEND&quot;
            },
            {
                &quot;time&quot;: &quot;2022-02-16T10:07:10.537Z&quot;,
                &quot;status&quot;: &quot;DELIVERED&quot;
            },
            {
                &quot;time&quot;: &quot;2022-02-16T10:07:11.343Z&quot;,
                &quot;status&quot;: &quot;PENDING&quot;
            },
            {
                &quot;time&quot;: &quot;2022-02-16T10:07:11.380Z&quot;,
                &quot;status&quot;: &quot;SEND&quot;
            },
            {
                &quot;time&quot;: &quot;2022-02-16T10:07:11.418Z&quot;,
                &quot;status&quot;: &quot;DELIVERED&quot;
            },
            {
                &quot;time&quot;: &quot;2022-02-16T10:09:49.720Z&quot;,
                &quot;status&quot;: &quot;PENDING&quot;
            },
            {
                &quot;time&quot;: &quot;2022-02-16T10:09:49.762Z&quot;,
                &quot;status&quot;: &quot;SEND&quot;
            },
            {
                &quot;time&quot;: &quot;2022-02-16T10:09:49.803Z&quot;,
                &quot;status&quot;: &quot;DELIVERED&quot;
            },
            {
                &quot;time&quot;: &quot;2022-02-16T10:09:50.610Z&quot;,
                &quot;status&quot;: &quot;PENDING&quot;
            },
            {
                &quot;time&quot;: &quot;2022-02-16T10:09:50.651Z&quot;,
                &quot;status&quot;: &quot;SEND&quot;
            },
            {
                &quot;time&quot;: &quot;2022-02-16T10:09:50.691Z&quot;,
                &quot;status&quot;: &quot;DELIVERED&quot;
            },
            {
                &quot;time&quot;: &quot;2022-02-16T10:12:29.403Z&quot;,
                &quot;status&quot;: &quot;PENDING&quot;
            },
            {
                &quot;time&quot;: &quot;2022-02-16T10:12:29.449Z&quot;,
                &quot;status&quot;: &quot;SEND&quot;
            },
            {
                &quot;time&quot;: &quot;2022-02-16T10:12:29.494Z&quot;,
                &quot;status&quot;: &quot;DELIVERED&quot;
            },
            {
                &quot;time&quot;: &quot;2022-02-16T10:12:30.338Z&quot;,
                &quot;status&quot;: &quot;PENDING&quot;
            },
            {
                &quot;time&quot;: &quot;2022-02-16T10:12:30.379Z&quot;,
                &quot;status&quot;: &quot;SEND&quot;
            },
            {
                &quot;time&quot;: &quot;2022-02-16T10:12:30.423Z&quot;,
                &quot;status&quot;: &quot;DELIVERED&quot;
            },
            {
                &quot;time&quot;: &quot;2022-02-16T10:15:08.464Z&quot;,
                &quot;status&quot;: &quot;PENDING&quot;
            },
            {
                &quot;time&quot;: &quot;2022-02-16T10:15:08.507Z&quot;,
                &quot;status&quot;: &quot;SEND&quot;
            },
            {
                &quot;time&quot;: &quot;2022-02-16T10:15:08.549Z&quot;,
                &quot;status&quot;: &quot;DELIVERED&quot;
            },
            {
                &quot;time&quot;: &quot;2022-02-16T10:15:09.384Z&quot;,
                &quot;status&quot;: &quot;PENDING&quot;
            },
            {
                &quot;time&quot;: &quot;2022-02-16T10:15:09.428Z&quot;,
                &quot;status&quot;: &quot;SEND&quot;
            }
        ],
        &quot;status&quot;: &quot;DELIVERED&quot;
    },
    &quot;creationTime&quot;: &quot;2022-02-16T09:22:46.140Z&quot;,
    &quot;deviceId&quot;: &quot;14273295&quot;,
    &quot;deviceName&quot;: &quot;offsitec&quot;,
    &quot;self&quot;: &quot;https://t493319102.eu-latest.cumulocity.com/devicecontrol/operations/14275540&quot;,
    &quot;id&quot;: &quot;14275540&quot;,
    &quot;status&quot;: &quot;PENDING&quot;,
    &quot;c8y_LogfileRequest&quot;: {
        &quot;searchText&quot;: &quot;&quot;,
        &quot;logFile&quot;: &quot;software-management&quot;,
        &quot;dateTo&quot;: &quot;2021-11-21T18:55:49+0530&quot;,
        &quot;dateFrom&quot;: &quot;2021-11-15T18:55:49+0530&quot;,
        &quot;maximumLines&quot;: 300
    },
    &quot;description&quot;: &quot;Log file request&quot;
}
10:17:13 DEBUG Final URL of the request: https://thin-edge-io.eu-latest.cumulocity.com/devicecontrol/operations?deviceId=14273295&amp;pageSize=1&amp;revert=true&amp;dateFrom=1970-01-01T00%3A00%3A00.000Z
10:17:13 INFO  State of current operation: PENDING
10:17:13 DEBUG Final URL of the request: https://thin-edge-io.eu-latest.cumulocity.com/devicecontrol/operations?deviceId=14273295&amp;pageSize=1&amp;revert=true&amp;dateFrom=1970-01-01T00%3A00%3A00.000Z
10:17:13 DEBUG State of current operation: {
    &quot;delivery&quot;: {
        &quot;time&quot;: &quot;2022-02-16T10:15:09.472Z&quot;,
        &quot;log&quot;: [
            {
                &quot;time&quot;: &quot;2022-02-16T09:22:46.166Z&quot;,
                &quot;status&quot;: &quot;PENDING&quot;
            },
            {
                &quot;time&quot;: &quot;2022-02-16T09:22:46.185Z&quot;,
                &quot;status&quot;: &quot;SEND&quot;
            },
            {
                &quot;time&quot;: &quot;2022-02-16T09:22:46.219Z&quot;,
                &quot;status&quot;: &quot;DELIVERED&quot;
            },
            {
                &quot;time&quot;: &quot;2022-02-16T09:23:55.047Z&quot;,
                &quot;status&quot;: &quot;PENDING&quot;
            },
            {
                &quot;time&quot;: &quot;2022-02-16T09:23:55.077Z&quot;,
                &quot;status&quot;: &quot;SEND&quot;
            },
            {
                &quot;time&quot;: &quot;2022-02-16T09:23:55.114Z&quot;,
                &quot;status&quot;: &quot;DELIVERED&quot;
            },
            {
                &quot;time&quot;: &quot;2022-02-16T09:23:55.901Z&quot;,
                &quot;status&quot;: &quot;PENDING&quot;
            },
            {
                &quot;time&quot;: &quot;2022-02-16T09:23:55.930Z&quot;,
                &quot;status&quot;: &quot;SEND&quot;
            },
            {
                &quot;time&quot;: &quot;2022-02-16T09:23:55.967Z&quot;,
                &quot;status&quot;: &quot;DELIVERED&quot;
            },
            {
                &quot;time&quot;: &quot;2022-02-16T09:24:55.073Z&quot;,
                &quot;status&quot;: &quot;PENDING&quot;
            },
            {
                &quot;time&quot;: &quot;2022-02-16T09:24:55.106Z&quot;,
                &quot;status&quot;: &quot;SEND&quot;
            },
            {
                &quot;time&quot;: &quot;2022-02-16T09:24:55.144Z&quot;,
                &quot;status&quot;: &quot;DELIVERED&quot;
            },
            {
                &quot;time&quot;: &quot;2022-02-16T09:24:55.971Z&quot;,
                &quot;status&quot;: &quot;PENDING&quot;
            },
            {
                &quot;time&quot;: &quot;2022-02-16T09:24:56.008Z&quot;,
                &quot;status&quot;: &quot;SEND&quot;
            },
            {
                &quot;time&quot;: &quot;2022-02-16T09:24:56.044Z&quot;,
                &quot;status&quot;: &quot;DELIVERED&quot;
            },
            {
                &quot;time&quot;: &quot;2022-02-16T09:26:09.362Z&quot;,
                &quot;status&quot;: &quot;PENDING&quot;
            },
            {
                &quot;time&quot;: &quot;2022-02-16T09:26:09.392Z&quot;,
                &quot;status&quot;: &quot;SEND&quot;
            },
            {
                &quot;time&quot;: &quot;2022-02-16T09:26:09.428Z&quot;,
                &quot;status&quot;: &quot;DELIVERED&quot;
            },
            {
                &quot;time&quot;: &quot;2022-02-16T09:26:10.287Z&quot;,
                &quot;status&quot;: &quot;PENDING&quot;
            },
            {
                &quot;time&quot;: &quot;2022-02-16T09:26:10.317Z&quot;,
                &quot;status&quot;: &quot;SEND&quot;
            },
            {
                &quot;time&quot;: &quot;2022-02-16T09:26:10.353Z&quot;,
                &quot;status&quot;: &quot;DELIVERED&quot;
            },
            {
                &quot;time&quot;: &quot;2022-02-16T09:27:24.861Z&quot;,
                &quot;status&quot;: &quot;PENDING&quot;
            },
            {
                &quot;time&quot;: &quot;2022-02-16T09:27:24.898Z&quot;,
                &quot;status&quot;: &quot;SEND&quot;
            },
            {
                &quot;time&quot;: &quot;2022-02-16T09:27:24.935Z&quot;,
                &quot;status&quot;: &quot;DELIVERED&quot;
            },
            {
                &quot;time&quot;: &quot;2022-02-16T09:27:25.773Z&quot;,
                &quot;status&quot;: &quot;PENDING&quot;
            },
            {
                &quot;time&quot;: &quot;2022-02-16T09:27:25.812Z&quot;,
                &quot;status&quot;: &quot;SEND&quot;
            },
            {
                &quot;time&quot;: &quot;2022-02-16T09:27:25.849Z&quot;,
                &quot;status&quot;: &quot;DELIVERED&quot;
            },
            {
                &quot;time&quot;: &quot;2022-02-16T09:28:06.037Z&quot;,
                &quot;status&quot;: &quot;PENDING&quot;
            },
            {
                &quot;time&quot;: &quot;2022-02-16T09:28:06.069Z&quot;,
                &quot;status&quot;: &quot;SEND&quot;
            },
            {
                &quot;time&quot;: &quot;2022-02-16T09:28:06.107Z&quot;,
                &quot;status&quot;: &quot;DELIVERED&quot;
            },
            {
                &quot;time&quot;: &quot;2022-02-16T09:28:06.968Z&quot;,
                &quot;status&quot;: &quot;PENDING&quot;
            },
            {
                &quot;time&quot;: &quot;2022-02-16T09:28:07.002Z&quot;,
                &quot;status&quot;: &quot;SEND&quot;
            },
            {
                &quot;time&quot;: &quot;2022-02-16T09:28:07.039Z&quot;,
                &quot;status&quot;: &quot;DELIVERED&quot;
            },
            {
                &quot;time&quot;: &quot;2022-02-16T09:28:58.713Z&quot;,
                &quot;status&quot;: &quot;PENDING&quot;
            },
            {
                &quot;time&quot;: &quot;2022-02-16T09:28:58.744Z&quot;,
                &quot;status&quot;: &quot;SEND&quot;
            },
            {
                &quot;time&quot;: &quot;2022-02-16T09:28:58.782Z&quot;,
                &quot;status&quot;: &quot;DELIVERED&quot;
            },
            {
                &quot;time&quot;: &quot;2022-02-16T09:28:59.589Z&quot;,
                &quot;status&quot;: &quot;PENDING&quot;
            },
            {
                &quot;time&quot;: &quot;2022-02-16T09:28:59.620Z&quot;,
                &quot;status&quot;: &quot;SEND&quot;
            },
            {
                &quot;time&quot;: &quot;2022-02-16T09:28:59.658Z&quot;,
                &quot;status&quot;: &quot;DELIVERED&quot;
            },
            {
                &quot;time&quot;: &quot;2022-02-16T09:29:51.098Z&quot;,
                &quot;status&quot;: &quot;PENDING&quot;
            },
            {
                &quot;time&quot;: &quot;2022-02-16T09:29:51.134Z&quot;,
                &quot;status&quot;: &quot;SEND&quot;
            },
            {
                &quot;time&quot;: &quot;2022-02-16T09:29:51.171Z&quot;,
                &quot;status&quot;: &quot;DELIVERED&quot;
            },
            {
                &quot;time&quot;: &quot;2022-02-16T09:29:52.013Z&quot;,
                &quot;status&quot;: &quot;PENDING&quot;
            },
            {
                &quot;time&quot;: &quot;2022-02-16T09:29:52.047Z&quot;,
                &quot;status&quot;: &quot;SEND&quot;
            },
            {
                &quot;time&quot;: &quot;2022-02-16T09:29:52.089Z&quot;,
                &quot;status&quot;: &quot;DELIVERED&quot;
            },
            {
                &quot;time&quot;: &quot;2022-02-16T09:30:33.494Z&quot;,
                &quot;status&quot;: &quot;PENDING&quot;
            },
            {
                &quot;time&quot;: &quot;2022-02-16T09:30:33.534Z&quot;,
                &quot;status&quot;: &quot;SEND&quot;
            },
            {
                &quot;time&quot;: &quot;2022-02-16T09:30:33.571Z&quot;,
                &quot;status&quot;: &quot;DELIVERED&quot;
            },
            {
                &quot;time&quot;: &quot;2022-02-16T09:30:34.412Z&quot;,
                &quot;status&quot;: &quot;PENDING&quot;
            },
            {
                &quot;time&quot;: &quot;2022-02-16T09:30:34.453Z&quot;,
                &quot;status&quot;: &quot;SEND&quot;
            },
            {
                &quot;time&quot;: &quot;2022-02-16T09:30:34.488Z&quot;,
                &quot;status&quot;: &quot;DELIVERED&quot;
            },
            {
                &quot;time&quot;: &quot;2022-02-16T09:32:49.337Z&quot;,
                &quot;status&quot;: &quot;PENDING&quot;
            },
            {
                &quot;time&quot;: &quot;2022-02-16T09:32:49.371Z&quot;,
                &quot;status&quot;: &quot;SEND&quot;
            },
            {
                &quot;time&quot;: &quot;2022-02-16T09:32:49.408Z&quot;,
                &quot;status&quot;: &quot;DELIVERED&quot;
            },
            {
                &quot;time&quot;: &quot;2022-02-16T09:32:50.347Z&quot;,
                &quot;status&quot;: &quot;PENDING&quot;
            },
            {
                &quot;time&quot;: &quot;2022-02-16T09:32:50.382Z&quot;,
                &quot;status&quot;: &quot;SEND&quot;
            },
            {
                &quot;time&quot;: &quot;2022-02-16T09:32:50.423Z&quot;,
                &quot;status&quot;: &quot;DELIVERED&quot;
            },
            {
                &quot;time&quot;: &quot;2022-02-16T09:35:18.696Z&quot;,
                &quot;status&quot;: &quot;PENDING&quot;
            },
            {
                &quot;time&quot;: &quot;2022-02-16T09:35:18.734Z&quot;,
                &quot;status&quot;: &quot;SEND&quot;
            },
            {
                &quot;time&quot;: &quot;2022-02-16T09:35:18.769Z&quot;,
                &quot;status&quot;: &quot;DELIVERED&quot;
            },
            {
                &quot;time&quot;: &quot;2022-02-16T09:35:41.813Z&quot;,
                &quot;status&quot;: &quot;PENDING&quot;
            },
            {
                &quot;time&quot;: &quot;2022-02-16T09:35:41.852Z&quot;,
                &quot;status&quot;: &quot;SEND&quot;
            },
            {
                &quot;time&quot;: &quot;2022-02-16T09:35:41.891Z&quot;,
                &quot;status&quot;: &quot;DELIVERED&quot;
            },
            {
                &quot;time&quot;: &quot;2022-02-16T09:35:42.766Z&quot;,
                &quot;status&quot;: &quot;PENDING&quot;
            },
            {
                &quot;time&quot;: &quot;2022-02-16T09:35:42.811Z&quot;,
                &quot;status&quot;: &quot;SEND&quot;
            },
            {
                &quot;time&quot;: &quot;2022-02-16T09:35:42.849Z&quot;,
                &quot;status&quot;: &quot;DELIVERED&quot;
            },
            {
                &quot;time&quot;: &quot;2022-02-16T09:36:06.394Z&quot;,
                &quot;status&quot;: &quot;PENDING&quot;
            },
            {
                &quot;time&quot;: &quot;2022-02-16T09:36:06.432Z&quot;,
                &quot;status&quot;: &quot;SEND&quot;
            },
            {
                &quot;time&quot;: &quot;2022-02-16T09:36:06.488Z&quot;,
                &quot;status&quot;: &quot;DELIVERED&quot;
            },
            {
                &quot;time&quot;: &quot;2022-02-16T09:36:07.318Z&quot;,
                &quot;status&quot;: &quot;PENDING&quot;
            },
            {
                &quot;time&quot;: &quot;2022-02-16T09:36:07.358Z&quot;,
                &quot;status&quot;: &quot;SEND&quot;
            },
            {
                &quot;time&quot;: &quot;2022-02-16T09:36:07.393Z&quot;,
                &quot;status&quot;: &quot;DELIVERED&quot;
            },
            {
                &quot;time&quot;: &quot;2022-02-16T09:36:30.178Z&quot;,
                &quot;status&quot;: &quot;PENDING&quot;
            },
            {
                &quot;time&quot;: &quot;2022-02-16T09:36:30.210Z&quot;,
                &quot;status&quot;: &quot;SEND&quot;
            },
            {
                &quot;time&quot;: &quot;2022-02-16T09:36:30.248Z&quot;,
                &quot;status&quot;: &quot;DELIVERED&quot;
            },
            {
                &quot;time&quot;: &quot;2022-02-16T09:36:31.123Z&quot;,
                &quot;status&quot;: &quot;PENDING&quot;
            },
            {
                &quot;time&quot;: &quot;2022-02-16T09:36:31.156Z&quot;,
                &quot;status&quot;: &quot;SEND&quot;
            },
            {
                &quot;time&quot;: &quot;2022-02-16T09:36:31.207Z&quot;,
                &quot;status&quot;: &quot;DELIVERED&quot;
            },
            {
                &quot;time&quot;: &quot;2022-02-16T09:37:08.443Z&quot;,
                &quot;status&quot;: &quot;PENDING&quot;
            },
            {
                &quot;time&quot;: &quot;2022-02-16T09:37:08.481Z&quot;,
                &quot;status&quot;: &quot;SEND&quot;
            },
            {
                &quot;time&quot;: &quot;2022-02-16T09:37:08.522Z&quot;,
                &quot;status&quot;: &quot;DELIVERED&quot;
            },
            {
                &quot;time&quot;: &quot;2022-02-16T09:37:09.439Z&quot;,
                &quot;status&quot;: &quot;PENDING&quot;
            },
            {
                &quot;time&quot;: &quot;2022-02-16T09:37:09.478Z&quot;,
                &quot;status&quot;: &quot;SEND&quot;
            },
            {
                &quot;time&quot;: &quot;2022-02-16T09:37:09.516Z&quot;,
                &quot;status&quot;: &quot;DELIVERED&quot;
            },
            {
                &quot;time&quot;: &quot;2022-02-16T09:37:13.026Z&quot;,
                &quot;status&quot;: &quot;PENDING&quot;
            },
            {
                &quot;time&quot;: &quot;2022-02-16T09:37:13.068Z&quot;,
                &quot;status&quot;: &quot;SEND&quot;
            },
            {
                &quot;time&quot;: &quot;2022-02-16T09:37:13.106Z&quot;,
                &quot;status&quot;: &quot;DELIVERED&quot;
            },
            {
                &quot;time&quot;: &quot;2022-02-16T09:37:37.817Z&quot;,
                &quot;status&quot;: &quot;PENDING&quot;
            },
            {
                &quot;time&quot;: &quot;2022-02-16T09:37:37.857Z&quot;,
                &quot;status&quot;: &quot;SEND&quot;
            },
            {
                &quot;time&quot;: &quot;2022-02-16T09:37:37.893Z&quot;,
                &quot;status&quot;: &quot;DELIVERED&quot;
            },
            {
                &quot;time&quot;: &quot;2022-02-16T09:37:38.638Z&quot;,
                &quot;status&quot;: &quot;PENDING&quot;
            },
            {
                &quot;time&quot;: &quot;2022-02-16T09:37:38.675Z&quot;,
                &quot;status&quot;: &quot;SEND&quot;
            },
            {
                &quot;time&quot;: &quot;2022-02-16T09:37:38.712Z&quot;,
                &quot;status&quot;: &quot;DELIVERED&quot;
            },
            {
                &quot;time&quot;: &quot;2022-02-16T09:38:03.926Z&quot;,
                &quot;status&quot;: &quot;PENDING&quot;
            },
            {
                &quot;time&quot;: &quot;2022-02-16T09:38:03.965Z&quot;,
                &quot;status&quot;: &quot;SEND&quot;
            },
            {
                &quot;time&quot;: &quot;2022-02-16T09:38:04.001Z&quot;,
                &quot;status&quot;: &quot;DELIVERED&quot;
            },
            {
                &quot;time&quot;: &quot;2022-02-16T09:38:04.819Z&quot;,
                &quot;status&quot;: &quot;PENDING&quot;
            },
            {
                &quot;time&quot;: &quot;2022-02-16T09:38:04.864Z&quot;,
                &quot;status&quot;: &quot;SEND&quot;
            },
            {
                &quot;time&quot;: &quot;2022-02-16T09:38:04.911Z&quot;,
                &quot;status&quot;: &quot;DELIVERED&quot;
            },
            {
                &quot;time&quot;: &quot;2022-02-16T09:53:50.860Z&quot;,
                &quot;status&quot;: &quot;PENDING&quot;
            },
            {
                &quot;time&quot;: &quot;2022-02-16T09:53:50.900Z&quot;,
                &quot;status&quot;: &quot;SEND&quot;
            },
            {
                &quot;time&quot;: &quot;2022-02-16T09:53:50.939Z&quot;,
                &quot;status&quot;: &quot;DELIVERED&quot;
            },
            {
                &quot;time&quot;: &quot;2022-02-16T09:53:51.831Z&quot;,
                &quot;status&quot;: &quot;PENDING&quot;
            },
            {
                &quot;time&quot;: &quot;2022-02-16T09:53:51.869Z&quot;,
                &quot;status&quot;: &quot;SEND&quot;
            },
            {
                &quot;time&quot;: &quot;2022-02-16T09:53:51.917Z&quot;,
                &quot;status&quot;: &quot;DELIVERED&quot;
            },
            {
                &quot;time&quot;: &quot;2022-02-16T09:56:32.333Z&quot;,
                &quot;status&quot;: &quot;PENDING&quot;
            },
            {
                &quot;time&quot;: &quot;2022-02-16T09:56:32.376Z&quot;,
                &quot;status&quot;: &quot;SEND&quot;
            },
            {
                &quot;time&quot;: &quot;2022-02-16T09:56:32.413Z&quot;,
                &quot;status&quot;: &quot;DELIVERED&quot;
            },
            {
                &quot;time&quot;: &quot;2022-02-16T09:56:33.226Z&quot;,
                &quot;status&quot;: &quot;PENDING&quot;
            },
            {
                &quot;time&quot;: &quot;2022-02-16T09:56:33.279Z&quot;,
                &quot;status&quot;: &quot;SEND&quot;
            },
            {
                &quot;time&quot;: &quot;2022-02-16T09:56:33.321Z&quot;,
                &quot;status&quot;: &quot;DELIVERED&quot;
            },
            {
                &quot;time&quot;: &quot;2022-02-16T09:59:11.843Z&quot;,
                &quot;status&quot;: &quot;PENDING&quot;
            },
            {
                &quot;time&quot;: &quot;2022-02-16T09:59:11.885Z&quot;,
                &quot;status&quot;: &quot;SEND&quot;
            },
            {
                &quot;time&quot;: &quot;2022-02-16T09:59:11.929Z&quot;,
                &quot;status&quot;: &quot;DELIVERED&quot;
            },
            {
                &quot;time&quot;: &quot;2022-02-16T09:59:12.799Z&quot;,
                &quot;status&quot;: &quot;PENDING&quot;
            },
            {
                &quot;time&quot;: &quot;2022-02-16T09:59:12.857Z&quot;,
                &quot;status&quot;: &quot;SEND&quot;
            },
            {
                &quot;time&quot;: &quot;2022-02-16T09:59:12.913Z&quot;,
                &quot;status&quot;: &quot;DELIVERED&quot;
            },
            {
                &quot;time&quot;: &quot;2022-02-16T10:01:50.751Z&quot;,
                &quot;status&quot;: &quot;PENDING&quot;
            },
            {
                &quot;time&quot;: &quot;2022-02-16T10:01:50.791Z&quot;,
                &quot;status&quot;: &quot;SEND&quot;
            },
            {
                &quot;time&quot;: &quot;2022-02-16T10:01:50.828Z&quot;,
                &quot;status&quot;: &quot;DELIVERED&quot;
            },
            {
                &quot;time&quot;: &quot;2022-02-16T10:01:51.673Z&quot;,
                &quot;status&quot;: &quot;PENDING&quot;
            },
            {
                &quot;time&quot;: &quot;2022-02-16T10:01:51.713Z&quot;,
                &quot;status&quot;: &quot;SEND&quot;
            },
            {
                &quot;time&quot;: &quot;2022-02-16T10:01:51.755Z&quot;,
                &quot;status&quot;: &quot;DELIVERED&quot;
            },
            {
                &quot;time&quot;: &quot;2022-02-16T10:04:30.106Z&quot;,
                &quot;status&quot;: &quot;PENDING&quot;
            },
            {
                &quot;time&quot;: &quot;2022-02-16T10:04:30.153Z&quot;,
                &quot;status&quot;: &quot;SEND&quot;
            },
            {
                &quot;time&quot;: &quot;2022-02-16T10:04:30.200Z&quot;,
                &quot;status&quot;: &quot;DELIVERED&quot;
            },
            {
                &quot;time&quot;: &quot;2022-02-16T10:04:31.076Z&quot;,
                &quot;status&quot;: &quot;PENDING&quot;
            },
            {
                &quot;time&quot;: &quot;2022-02-16T10:04:31.122Z&quot;,
                &quot;status&quot;: &quot;SEND&quot;
            },
            {
                &quot;time&quot;: &quot;2022-02-16T10:04:31.164Z&quot;,
                &quot;status&quot;: &quot;DELIVERED&quot;
            },
            {
                &quot;time&quot;: &quot;2022-02-16T10:07:10.462Z&quot;,
                &quot;status&quot;: &quot;PENDING&quot;
            },
            {
                &quot;time&quot;: &quot;2022-02-16T10:07:10.499Z&quot;,
                &quot;status&quot;: &quot;SEND&quot;
            },
            {
                &quot;time&quot;: &quot;2022-02-16T10:07:10.537Z&quot;,
                &quot;status&quot;: &quot;DELIVERED&quot;
            },
            {
                &quot;time&quot;: &quot;2022-02-16T10:07:11.343Z&quot;,
                &quot;status&quot;: &quot;PENDING&quot;
            },
            {
                &quot;time&quot;: &quot;2022-02-16T10:07:11.380Z&quot;,
                &quot;status&quot;: &quot;SEND&quot;
            },
            {
                &quot;time&quot;: &quot;2022-02-16T10:07:11.418Z&quot;,
                &quot;status&quot;: &quot;DELIVERED&quot;
            },
            {
                &quot;time&quot;: &quot;2022-02-16T10:09:49.720Z&quot;,
                &quot;status&quot;: &quot;PENDING&quot;
            },
            {
                &quot;time&quot;: &quot;2022-02-16T10:09:49.762Z&quot;,
                &quot;status&quot;: &quot;SEND&quot;
            },
            {
                &quot;time&quot;: &quot;2022-02-16T10:09:49.803Z&quot;,
                &quot;status&quot;: &quot;DELIVERED&quot;
            },
            {
                &quot;time&quot;: &quot;2022-02-16T10:09:50.610Z&quot;,
                &quot;status&quot;: &quot;PENDING&quot;
            },
            {
                &quot;time&quot;: &quot;2022-02-16T10:09:50.651Z&quot;,
                &quot;status&quot;: &quot;SEND&quot;
            },
            {
                &quot;time&quot;: &quot;2022-02-16T10:09:50.691Z&quot;,
                &quot;status&quot;: &quot;DELIVERED&quot;
            },
            {
                &quot;time&quot;: &quot;2022-02-16T10:12:29.403Z&quot;,
                &quot;status&quot;: &quot;PENDING&quot;
            },
            {
                &quot;time&quot;: &quot;2022-02-16T10:12:29.449Z&quot;,
                &quot;status&quot;: &quot;SEND&quot;
            },
            {
                &quot;time&quot;: &quot;2022-02-16T10:12:29.494Z&quot;,
                &quot;status&quot;: &quot;DELIVERED&quot;
            },
            {
                &quot;time&quot;: &quot;2022-02-16T10:12:30.338Z&quot;,
                &quot;status&quot;: &quot;PENDING&quot;
            },
            {
                &quot;time&quot;: &quot;2022-02-16T10:12:30.379Z&quot;,
                &quot;status&quot;: &quot;SEND&quot;
            },
            {
                &quot;time&quot;: &quot;2022-02-16T10:12:30.423Z&quot;,
                &quot;status&quot;: &quot;DELIVERED&quot;
            },
            {
                &quot;time&quot;: &quot;2022-02-16T10:15:08.464Z&quot;,
                &quot;status&quot;: &quot;PENDING&quot;
            },
            {
                &quot;time&quot;: &quot;2022-02-16T10:15:08.507Z&quot;,
                &quot;status&quot;: &quot;SEND&quot;
            },
            {
                &quot;time&quot;: &quot;2022-02-16T10:15:08.549Z&quot;,
                &quot;status&quot;: &quot;DELIVERED&quot;
            },
            {
                &quot;time&quot;: &quot;2022-02-16T10:15:09.384Z&quot;,
                &quot;status&quot;: &quot;PENDING&quot;
            },
            {
                &quot;time&quot;: &quot;2022-02-16T10:15:09.428Z&quot;,
                &quot;status&quot;: &quot;SEND&quot;
            }
        ],
        &quot;status&quot;: &quot;DELIVERED&quot;
    },
    &quot;creationTime&quot;: &quot;2022-02-16T09:22:46.140Z&quot;,
    &quot;deviceId&quot;: &quot;14273295&quot;,
    &quot;deviceName&quot;: &quot;offsitec&quot;,
    &quot;self&quot;: &quot;https://t493319102.eu-latest.cumulocity.com/devicecontrol/operations/14275540&quot;,
    &quot;id&quot;: &quot;14275540&quot;,
    &quot;status&quot;: &quot;PENDING&quot;,
    &quot;c8y_LogfileRequest&quot;: {
        &quot;searchText&quot;: &quot;&quot;,
        &quot;logFile&quot;: &quot;software-management&quot;,
        &quot;dateTo&quot;: &quot;2021-11-21T18:55:49+0530&quot;,
        &quot;dateFrom&quot;: &quot;2021-11-15T18:55:49+0530&quot;,
        &quot;maximumLines&quot;: 300
    },
    &quot;description&quot;: &quot;Log file request&quot;
}
10:17:15 DEBUG Final URL of the request: https://thin-edge-io.eu-latest.cumulocity.com/devicecontrol/operations?deviceId=14273295&amp;pageSize=1&amp;revert=true&amp;dateFrom=1970-01-01T00%3A00%3A00.000Z
10:17:15 INFO  State of current operation: PENDING
10:17:15 DEBUG Final URL of the request: https://thin-edge-io.eu-latest.cumulocity.com/devicecontrol/operations?deviceId=14273295&amp;pageSize=1&amp;revert=true&amp;dateFrom=1970-01-01T00%3A00%3A00.000Z
10:17:15 DEBUG State of current operation: {
    &quot;delivery&quot;: {
        &quot;time&quot;: &quot;2022-02-16T10:15:09.472Z&quot;,
        &quot;log&quot;: [
            {
                &quot;time&quot;: &quot;2022-02-16T09:22:46.166Z&quot;,
                &quot;status&quot;: &quot;PENDING&quot;
            },
            {
                &quot;time&quot;: &quot;2022-02-16T09:22:46.185Z&quot;,
                &quot;status&quot;: &quot;SEND&quot;
            },
            {
                &quot;time&quot;: &quot;2022-02-16T09:22:46.219Z&quot;,
                &quot;status&quot;: &quot;DELIVERED&quot;
            },
            {
                &quot;time&quot;: &quot;2022-02-16T09:23:55.047Z&quot;,
                &quot;status&quot;: &quot;PENDING&quot;
            },
            {
                &quot;time&quot;: &quot;2022-02-16T09:23:55.077Z&quot;,
                &quot;status&quot;: &quot;SEND&quot;
            },
            {
                &quot;time&quot;: &quot;2022-02-16T09:23:55.114Z&quot;,
                &quot;status&quot;: &quot;DELIVERED&quot;
            },
            {
                &quot;time&quot;: &quot;2022-02-16T09:23:55.901Z&quot;,
                &quot;status&quot;: &quot;PENDING&quot;
            },
            {
                &quot;time&quot;: &quot;2022-02-16T09:23:55.930Z&quot;,
                &quot;status&quot;: &quot;SEND&quot;
            },
            {
                &quot;time&quot;: &quot;2022-02-16T09:23:55.967Z&quot;,
                &quot;status&quot;: &quot;DELIVERED&quot;
            },
            {
                &quot;time&quot;: &quot;2022-02-16T09:24:55.073Z&quot;,
                &quot;status&quot;: &quot;PENDING&quot;
            },
            {
                &quot;time&quot;: &quot;2022-02-16T09:24:55.106Z&quot;,
                &quot;status&quot;: &quot;SEND&quot;
            },
            {
                &quot;time&quot;: &quot;2022-02-16T09:24:55.144Z&quot;,
                &quot;status&quot;: &quot;DELIVERED&quot;
            },
            {
                &quot;time&quot;: &quot;2022-02-16T09:24:55.971Z&quot;,
                &quot;status&quot;: &quot;PENDING&quot;
            },
            {
                &quot;time&quot;: &quot;2022-02-16T09:24:56.008Z&quot;,
                &quot;status&quot;: &quot;SEND&quot;
            },
            {
                &quot;time&quot;: &quot;2022-02-16T09:24:56.044Z&quot;,
                &quot;status&quot;: &quot;DELIVERED&quot;
            },
            {
                &quot;time&quot;: &quot;2022-02-16T09:26:09.362Z&quot;,
                &quot;status&quot;: &quot;PENDING&quot;
            },
            {
                &quot;time&quot;: &quot;2022-02-16T09:26:09.392Z&quot;,
                &quot;status&quot;: &quot;SEND&quot;
            },
            {
                &quot;time&quot;: &quot;2022-02-16T09:26:09.428Z&quot;,
                &quot;status&quot;: &quot;DELIVERED&quot;
            },
            {
                &quot;time&quot;: &quot;2022-02-16T09:26:10.287Z&quot;,
                &quot;status&quot;: &quot;PENDING&quot;
            },
            {
                &quot;time&quot;: &quot;2022-02-16T09:26:10.317Z&quot;,
                &quot;status&quot;: &quot;SEND&quot;
            },
            {
                &quot;time&quot;: &quot;2022-02-16T09:26:10.353Z&quot;,
                &quot;status&quot;: &quot;DELIVERED&quot;
            },
            {
                &quot;time&quot;: &quot;2022-02-16T09:27:24.861Z&quot;,
                &quot;status&quot;: &quot;PENDING&quot;
            },
            {
                &quot;time&quot;: &quot;2022-02-16T09:27:24.898Z&quot;,
                &quot;status&quot;: &quot;SEND&quot;
            },
            {
                &quot;time&quot;: &quot;2022-02-16T09:27:24.935Z&quot;,
                &quot;status&quot;: &quot;DELIVERED&quot;
            },
            {
                &quot;time&quot;: &quot;2022-02-16T09:27:25.773Z&quot;,
                &quot;status&quot;: &quot;PENDING&quot;
            },
            {
                &quot;time&quot;: &quot;2022-02-16T09:27:25.812Z&quot;,
                &quot;status&quot;: &quot;SEND&quot;
            },
            {
                &quot;time&quot;: &quot;2022-02-16T09:27:25.849Z&quot;,
                &quot;status&quot;: &quot;DELIVERED&quot;
            },
            {
                &quot;time&quot;: &quot;2022-02-16T09:28:06.037Z&quot;,
                &quot;status&quot;: &quot;PENDING&quot;
            },
            {
                &quot;time&quot;: &quot;2022-02-16T09:28:06.069Z&quot;,
                &quot;status&quot;: &quot;SEND&quot;
            },
            {
                &quot;time&quot;: &quot;2022-02-16T09:28:06.107Z&quot;,
                &quot;status&quot;: &quot;DELIVERED&quot;
            },
            {
                &quot;time&quot;: &quot;2022-02-16T09:28:06.968Z&quot;,
                &quot;status&quot;: &quot;PENDING&quot;
            },
            {
                &quot;time&quot;: &quot;2022-02-16T09:28:07.002Z&quot;,
                &quot;status&quot;: &quot;SEND&quot;
            },
            {
                &quot;time&quot;: &quot;2022-02-16T09:28:07.039Z&quot;,
                &quot;status&quot;: &quot;DELIVERED&quot;
            },
            {
                &quot;time&quot;: &quot;2022-02-16T09:28:58.713Z&quot;,
                &quot;status&quot;: &quot;PENDING&quot;
            },
            {
                &quot;time&quot;: &quot;2022-02-16T09:28:58.744Z&quot;,
                &quot;status&quot;: &quot;SEND&quot;
            },
            {
                &quot;time&quot;: &quot;2022-02-16T09:28:58.782Z&quot;,
                &quot;status&quot;: &quot;DELIVERED&quot;
            },
            {
                &quot;time&quot;: &quot;2022-02-16T09:28:59.589Z&quot;,
                &quot;status&quot;: &quot;PENDING&quot;
            },
            {
                &quot;time&quot;: &quot;2022-02-16T09:28:59.620Z&quot;,
                &quot;status&quot;: &quot;SEND&quot;
            },
            {
                &quot;time&quot;: &quot;2022-02-16T09:28:59.658Z&quot;,
                &quot;status&quot;: &quot;DELIVERED&quot;
            },
            {
                &quot;time&quot;: &quot;2022-02-16T09:29:51.098Z&quot;,
                &quot;status&quot;: &quot;PENDING&quot;
            },
            {
                &quot;time&quot;: &quot;2022-02-16T09:29:51.134Z&quot;,
                &quot;status&quot;: &quot;SEND&quot;
            },
            {
                &quot;time&quot;: &quot;2022-02-16T09:29:51.171Z&quot;,
                &quot;status&quot;: &quot;DELIVERED&quot;
            },
            {
                &quot;time&quot;: &quot;2022-02-16T09:29:52.013Z&quot;,
                &quot;status&quot;: &quot;PENDING&quot;
            },
            {
                &quot;time&quot;: &quot;2022-02-16T09:29:52.047Z&quot;,
                &quot;status&quot;: &quot;SEND&quot;
            },
            {
                &quot;time&quot;: &quot;2022-02-16T09:29:52.089Z&quot;,
                &quot;status&quot;: &quot;DELIVERED&quot;
            },
            {
                &quot;time&quot;: &quot;2022-02-16T09:30:33.494Z&quot;,
                &quot;status&quot;: &quot;PENDING&quot;
            },
            {
                &quot;time&quot;: &quot;2022-02-16T09:30:33.534Z&quot;,
                &quot;status&quot;: &quot;SEND&quot;
            },
            {
                &quot;time&quot;: &quot;2022-02-16T09:30:33.571Z&quot;,
                &quot;status&quot;: &quot;DELIVERED&quot;
            },
            {
                &quot;time&quot;: &quot;2022-02-16T09:30:34.412Z&quot;,
                &quot;status&quot;: &quot;PENDING&quot;
            },
            {
                &quot;time&quot;: &quot;2022-02-16T09:30:34.453Z&quot;,
                &quot;status&quot;: &quot;SEND&quot;
            },
            {
                &quot;time&quot;: &quot;2022-02-16T09:30:34.488Z&quot;,
                &quot;status&quot;: &quot;DELIVERED&quot;
            },
            {
                &quot;time&quot;: &quot;2022-02-16T09:32:49.337Z&quot;,
                &quot;status&quot;: &quot;PENDING&quot;
            },
            {
                &quot;time&quot;: &quot;2022-02-16T09:32:49.371Z&quot;,
                &quot;status&quot;: &quot;SEND&quot;
            },
            {
                &quot;time&quot;: &quot;2022-02-16T09:32:49.408Z&quot;,
                &quot;status&quot;: &quot;DELIVERED&quot;
            },
            {
                &quot;time&quot;: &quot;2022-02-16T09:32:50.347Z&quot;,
                &quot;status&quot;: &quot;PENDING&quot;
            },
            {
                &quot;time&quot;: &quot;2022-02-16T09:32:50.382Z&quot;,
                &quot;status&quot;: &quot;SEND&quot;
            },
            {
                &quot;time&quot;: &quot;2022-02-16T09:32:50.423Z&quot;,
                &quot;status&quot;: &quot;DELIVERED&quot;
            },
            {
                &quot;time&quot;: &quot;2022-02-16T09:35:18.696Z&quot;,
                &quot;status&quot;: &quot;PENDING&quot;
            },
            {
                &quot;time&quot;: &quot;2022-02-16T09:35:18.734Z&quot;,
                &quot;status&quot;: &quot;SEND&quot;
            },
            {
                &quot;time&quot;: &quot;2022-02-16T09:35:18.769Z&quot;,
                &quot;status&quot;: &quot;DELIVERED&quot;
            },
            {
                &quot;time&quot;: &quot;2022-02-16T09:35:41.813Z&quot;,
                &quot;status&quot;: &quot;PENDING&quot;
            },
            {
                &quot;time&quot;: &quot;2022-02-16T09:35:41.852Z&quot;,
                &quot;status&quot;: &quot;SEND&quot;
            },
            {
                &quot;time&quot;: &quot;2022-02-16T09:35:41.891Z&quot;,
                &quot;status&quot;: &quot;DELIVERED&quot;
            },
            {
                &quot;time&quot;: &quot;2022-02-16T09:35:42.766Z&quot;,
                &quot;status&quot;: &quot;PENDING&quot;
            },
            {
                &quot;time&quot;: &quot;2022-02-16T09:35:42.811Z&quot;,
                &quot;status&quot;: &quot;SEND&quot;
            },
            {
                &quot;time&quot;: &quot;2022-02-16T09:35:42.849Z&quot;,
                &quot;status&quot;: &quot;DELIVERED&quot;
            },
            {
                &quot;time&quot;: &quot;2022-02-16T09:36:06.394Z&quot;,
                &quot;status&quot;: &quot;PENDING&quot;
            },
            {
                &quot;time&quot;: &quot;2022-02-16T09:36:06.432Z&quot;,
                &quot;status&quot;: &quot;SEND&quot;
            },
            {
                &quot;time&quot;: &quot;2022-02-16T09:36:06.488Z&quot;,
                &quot;status&quot;: &quot;DELIVERED&quot;
            },
            {
                &quot;time&quot;: &quot;2022-02-16T09:36:07.318Z&quot;,
                &quot;status&quot;: &quot;PENDING&quot;
            },
            {
                &quot;time&quot;: &quot;2022-02-16T09:36:07.358Z&quot;,
                &quot;status&quot;: &quot;SEND&quot;
            },
            {
                &quot;time&quot;: &quot;2022-02-16T09:36:07.393Z&quot;,
                &quot;status&quot;: &quot;DELIVERED&quot;
            },
            {
                &quot;time&quot;: &quot;2022-02-16T09:36:30.178Z&quot;,
                &quot;status&quot;: &quot;PENDING&quot;
            },
            {
                &quot;time&quot;: &quot;2022-02-16T09:36:30.210Z&quot;,
                &quot;status&quot;: &quot;SEND&quot;
            },
            {
                &quot;time&quot;: &quot;2022-02-16T09:36:30.248Z&quot;,
                &quot;status&quot;: &quot;DELIVERED&quot;
            },
            {
                &quot;time&quot;: &quot;2022-02-16T09:36:31.123Z&quot;,
                &quot;status&quot;: &quot;PENDING&quot;
            },
            {
                &quot;time&quot;: &quot;2022-02-16T09:36:31.156Z&quot;,
                &quot;status&quot;: &quot;SEND&quot;
            },
            {
                &quot;time&quot;: &quot;2022-02-16T09:36:31.207Z&quot;,
                &quot;status&quot;: &quot;DELIVERED&quot;
            },
            {
                &quot;time&quot;: &quot;2022-02-16T09:37:08.443Z&quot;,
                &quot;status&quot;: &quot;PENDING&quot;
            },
            {
                &quot;time&quot;: &quot;2022-02-16T09:37:08.481Z&quot;,
                &quot;status&quot;: &quot;SEND&quot;
            },
            {
                &quot;time&quot;: &quot;2022-02-16T09:37:08.522Z&quot;,
                &quot;status&quot;: &quot;DELIVERED&quot;
            },
            {
                &quot;time&quot;: &quot;2022-02-16T09:37:09.439Z&quot;,
                &quot;status&quot;: &quot;PENDING&quot;
            },
            {
                &quot;time&quot;: &quot;2022-02-16T09:37:09.478Z&quot;,
                &quot;status&quot;: &quot;SEND&quot;
            },
            {
                &quot;time&quot;: &quot;2022-02-16T09:37:09.516Z&quot;,
                &quot;status&quot;: &quot;DELIVERED&quot;
            },
            {
                &quot;time&quot;: &quot;2022-02-16T09:37:13.026Z&quot;,
                &quot;status&quot;: &quot;PENDING&quot;
            },
            {
                &quot;time&quot;: &quot;2022-02-16T09:37:13.068Z&quot;,
                &quot;status&quot;: &quot;SEND&quot;
            },
            {
                &quot;time&quot;: &quot;2022-02-16T09:37:13.106Z&quot;,
                &quot;status&quot;: &quot;DELIVERED&quot;
            },
            {
                &quot;time&quot;: &quot;2022-02-16T09:37:37.817Z&quot;,
                &quot;status&quot;: &quot;PENDING&quot;
            },
            {
                &quot;time&quot;: &quot;2022-02-16T09:37:37.857Z&quot;,
                &quot;status&quot;: &quot;SEND&quot;
            },
            {
                &quot;time&quot;: &quot;2022-02-16T09:37:37.893Z&quot;,
                &quot;status&quot;: &quot;DELIVERED&quot;
            },
            {
                &quot;time&quot;: &quot;2022-02-16T09:37:38.638Z&quot;,
                &quot;status&quot;: &quot;PENDING&quot;
            },
            {
                &quot;time&quot;: &quot;2022-02-16T09:37:38.675Z&quot;,
                &quot;status&quot;: &quot;SEND&quot;
            },
            {
                &quot;time&quot;: &quot;2022-02-16T09:37:38.712Z&quot;,
                &quot;status&quot;: &quot;DELIVERED&quot;
            },
            {
                &quot;time&quot;: &quot;2022-02-16T09:38:03.926Z&quot;,
                &quot;status&quot;: &quot;PENDING&quot;
            },
            {
                &quot;time&quot;: &quot;2022-02-16T09:38:03.965Z&quot;,
                &quot;status&quot;: &quot;SEND&quot;
            },
            {
                &quot;time&quot;: &quot;2022-02-16T09:38:04.001Z&quot;,
                &quot;status&quot;: &quot;DELIVERED&quot;
            },
            {
                &quot;time&quot;: &quot;2022-02-16T09:38:04.819Z&quot;,
                &quot;status&quot;: &quot;PENDING&quot;
            },
            {
                &quot;time&quot;: &quot;2022-02-16T09:38:04.864Z&quot;,
                &quot;status&quot;: &quot;SEND&quot;
            },
            {
                &quot;time&quot;: &quot;2022-02-16T09:38:04.911Z&quot;,
                &quot;status&quot;: &quot;DELIVERED&quot;
            },
            {
                &quot;time&quot;: &quot;2022-02-16T09:53:50.860Z&quot;,
                &quot;status&quot;: &quot;PENDING&quot;
            },
            {
                &quot;time&quot;: &quot;2022-02-16T09:53:50.900Z&quot;,
                &quot;status&quot;: &quot;SEND&quot;
            },
            {
                &quot;time&quot;: &quot;2022-02-16T09:53:50.939Z&quot;,
                &quot;status&quot;: &quot;DELIVERED&quot;
            },
            {
                &quot;time&quot;: &quot;2022-02-16T09:53:51.831Z&quot;,
                &quot;status&quot;: &quot;PENDING&quot;
            },
            {
                &quot;time&quot;: &quot;2022-02-16T09:53:51.869Z&quot;,
                &quot;status&quot;: &quot;SEND&quot;
            },
            {
                &quot;time&quot;: &quot;2022-02-16T09:53:51.917Z&quot;,
                &quot;status&quot;: &quot;DELIVERED&quot;
            },
            {
                &quot;time&quot;: &quot;2022-02-16T09:56:32.333Z&quot;,
                &quot;status&quot;: &quot;PENDING&quot;
            },
            {
                &quot;time&quot;: &quot;2022-02-16T09:56:32.376Z&quot;,
                &quot;status&quot;: &quot;SEND&quot;
            },
            {
                &quot;time&quot;: &quot;2022-02-16T09:56:32.413Z&quot;,
                &quot;status&quot;: &quot;DELIVERED&quot;
            },
            {
                &quot;time&quot;: &quot;2022-02-16T09:56:33.226Z&quot;,
                &quot;status&quot;: &quot;PENDING&quot;
            },
            {
                &quot;time&quot;: &quot;2022-02-16T09:56:33.279Z&quot;,
                &quot;status&quot;: &quot;SEND&quot;
            },
            {
                &quot;time&quot;: &quot;2022-02-16T09:56:33.321Z&quot;,
                &quot;status&quot;: &quot;DELIVERED&quot;
            },
            {
                &quot;time&quot;: &quot;2022-02-16T09:59:11.843Z&quot;,
                &quot;status&quot;: &quot;PENDING&quot;
            },
            {
                &quot;time&quot;: &quot;2022-02-16T09:59:11.885Z&quot;,
                &quot;status&quot;: &quot;SEND&quot;
            },
            {
                &quot;time&quot;: &quot;2022-02-16T09:59:11.929Z&quot;,
                &quot;status&quot;: &quot;DELIVERED&quot;
            },
            {
                &quot;time&quot;: &quot;2022-02-16T09:59:12.799Z&quot;,
                &quot;status&quot;: &quot;PENDING&quot;
            },
            {
                &quot;time&quot;: &quot;2022-02-16T09:59:12.857Z&quot;,
                &quot;status&quot;: &quot;SEND&quot;
            },
            {
                &quot;time&quot;: &quot;2022-02-16T09:59:12.913Z&quot;,
                &quot;status&quot;: &quot;DELIVERED&quot;
            },
            {
                &quot;time&quot;: &quot;2022-02-16T10:01:50.751Z&quot;,
                &quot;status&quot;: &quot;PENDING&quot;
            },
            {
                &quot;time&quot;: &quot;2022-02-16T10:01:50.791Z&quot;,
                &quot;status&quot;: &quot;SEND&quot;
            },
            {
                &quot;time&quot;: &quot;2022-02-16T10:01:50.828Z&quot;,
                &quot;status&quot;: &quot;DELIVERED&quot;
            },
            {
                &quot;time&quot;: &quot;2022-02-16T10:01:51.673Z&quot;,
                &quot;status&quot;: &quot;PENDING&quot;
            },
            {
                &quot;time&quot;: &quot;2022-02-16T10:01:51.713Z&quot;,
                &quot;status&quot;: &quot;SEND&quot;
            },
            {
                &quot;time&quot;: &quot;2022-02-16T10:01:51.755Z&quot;,
                &quot;status&quot;: &quot;DELIVERED&quot;
            },
            {
                &quot;time&quot;: &quot;2022-02-16T10:04:30.106Z&quot;,
                &quot;status&quot;: &quot;PENDING&quot;
            },
            {
                &quot;time&quot;: &quot;2022-02-16T10:04:30.153Z&quot;,
                &quot;status&quot;: &quot;SEND&quot;
            },
            {
                &quot;time&quot;: &quot;2022-02-16T10:04:30.200Z&quot;,
                &quot;status&quot;: &quot;DELIVERED&quot;
            },
            {
                &quot;time&quot;: &quot;2022-02-16T10:04:31.076Z&quot;,
                &quot;status&quot;: &quot;PENDING&quot;
            },
            {
                &quot;time&quot;: &quot;2022-02-16T10:04:31.122Z&quot;,
                &quot;status&quot;: &quot;SEND&quot;
            },
            {
                &quot;time&quot;: &quot;2022-02-16T10:04:31.164Z&quot;,
                &quot;status&quot;: &quot;DELIVERED&quot;
            },
            {
                &quot;time&quot;: &quot;2022-02-16T10:07:10.462Z&quot;,
                &quot;status&quot;: &quot;PENDING&quot;
            },
            {
                &quot;time&quot;: &quot;2022-02-16T10:07:10.499Z&quot;,
                &quot;status&quot;: &quot;SEND&quot;
            },
            {
                &quot;time&quot;: &quot;2022-02-16T10:07:10.537Z&quot;,
                &quot;status&quot;: &quot;DELIVERED&quot;
            },
            {
                &quot;time&quot;: &quot;2022-02-16T10:07:11.343Z&quot;,
                &quot;status&quot;: &quot;PENDING&quot;
            },
            {
                &quot;time&quot;: &quot;2022-02-16T10:07:11.380Z&quot;,
                &quot;status&quot;: &quot;SEND&quot;
            },
            {
                &quot;time&quot;: &quot;2022-02-16T10:07:11.418Z&quot;,
                &quot;status&quot;: &quot;DELIVERED&quot;
            },
            {
                &quot;time&quot;: &quot;2022-02-16T10:09:49.720Z&quot;,
                &quot;status&quot;: &quot;PENDING&quot;
            },
            {
                &quot;time&quot;: &quot;2022-02-16T10:09:49.762Z&quot;,
                &quot;status&quot;: &quot;SEND&quot;
            },
            {
                &quot;time&quot;: &quot;2022-02-16T10:09:49.803Z&quot;,
                &quot;status&quot;: &quot;DELIVERED&quot;
            },
            {
                &quot;time&quot;: &quot;2022-02-16T10:09:50.610Z&quot;,
                &quot;status&quot;: &quot;PENDING&quot;
            },
            {
                &quot;time&quot;: &quot;2022-02-16T10:09:50.651Z&quot;,
                &quot;status&quot;: &quot;SEND&quot;
            },
            {
                &quot;time&quot;: &quot;2022-02-16T10:09:50.691Z&quot;,
                &quot;status&quot;: &quot;DELIVERED&quot;
            },
            {
                &quot;time&quot;: &quot;2022-02-16T10:12:29.403Z&quot;,
                &quot;status&quot;: &quot;PENDING&quot;
            },
            {
                &quot;time&quot;: &quot;2022-02-16T10:12:29.449Z&quot;,
                &quot;status&quot;: &quot;SEND&quot;
            },
            {
                &quot;time&quot;: &quot;2022-02-16T10:12:29.494Z&quot;,
                &quot;status&quot;: &quot;DELIVERED&quot;
            },
            {
                &quot;time&quot;: &quot;2022-02-16T10:12:30.338Z&quot;,
                &quot;status&quot;: &quot;PENDING&quot;
            },
            {
                &quot;time&quot;: &quot;2022-02-16T10:12:30.379Z&quot;,
                &quot;status&quot;: &quot;SEND&quot;
            },
            {
                &quot;time&quot;: &quot;2022-02-16T10:12:30.423Z&quot;,
                &quot;status&quot;: &quot;DELIVERED&quot;
            },
            {
                &quot;time&quot;: &quot;2022-02-16T10:15:08.464Z&quot;,
                &quot;status&quot;: &quot;PENDING&quot;
            },
            {
                &quot;time&quot;: &quot;2022-02-16T10:15:08.507Z&quot;,
                &quot;status&quot;: &quot;SEND&quot;
            },
            {
                &quot;time&quot;: &quot;2022-02-16T10:15:08.549Z&quot;,
                &quot;status&quot;: &quot;DELIVERED&quot;
            },
            {
                &quot;time&quot;: &quot;2022-02-16T10:15:09.384Z&quot;,
                &quot;status&quot;: &quot;PENDING&quot;
            },
            {
                &quot;time&quot;: &quot;2022-02-16T10:15:09.428Z&quot;,
                &quot;status&quot;: &quot;SEND&quot;
            }
        ],
        &quot;status&quot;: &quot;DELIVERED&quot;
    },
    &quot;creationTime&quot;: &quot;2022-02-16T09:22:46.140Z&quot;,
    &quot;deviceId&quot;: &quot;14273295&quot;,
    &quot;deviceName&quot;: &quot;offsitec&quot;,
    &quot;self&quot;: &quot;https://t493319102.eu-latest.cumulocity.com/devicecontrol/operations/14275540&quot;,
    &quot;id&quot;: &quot;14275540&quot;,
    &quot;status&quot;: &quot;PENDING&quot;,
    &quot;c8y_LogfileRequest&quot;: {
        &quot;searchText&quot;: &quot;&quot;,
        &quot;logFile&quot;: &quot;software-management&quot;,
        &quot;dateTo&quot;: &quot;2021-11-21T18:55:49+0530&quot;,
        &quot;dateFrom&quot;: &quot;2021-11-15T18:55:49+0530&quot;,
        &quot;maximumLines&quot;: 300
    },
    &quot;description&quot;: &quot;Log file request&quot;
}
10:17:18 DEBUG Final URL of the request: https://thin-edge-io.eu-latest.cumulocity.com/devicecontrol/operations?deviceId=14273295&amp;pageSize=1&amp;revert=true&amp;dateFrom=1970-01-01T00%3A00%3A00.000Z
10:17:18 INFO  State of current operation: PENDING
10:17:18 DEBUG Final URL of the request: https://thin-edge-io.eu-latest.cumulocity.com/devicecontrol/operations?deviceId=14273295&amp;pageSize=1&amp;revert=true&amp;dateFrom=1970-01-01T00%3A00%3A00.000Z
10:17:18 DEBUG State of current operation: {
    &quot;delivery&quot;: {
        &quot;time&quot;: &quot;2022-02-16T10:15:09.472Z&quot;,
        &quot;log&quot;: [
            {
                &quot;time&quot;: &quot;2022-02-16T09:22:46.166Z&quot;,
                &quot;status&quot;: &quot;PENDING&quot;
            },
            {
                &quot;time&quot;: &quot;2022-02-16T09:22:46.185Z&quot;,
                &quot;status&quot;: &quot;SEND&quot;
            },
            {
                &quot;time&quot;: &quot;2022-02-16T09:22:46.219Z&quot;,
                &quot;status&quot;: &quot;DELIVERED&quot;
            },
            {
                &quot;time&quot;: &quot;2022-02-16T09:23:55.047Z&quot;,
                &quot;status&quot;: &quot;PENDING&quot;
            },
            {
                &quot;time&quot;: &quot;2022-02-16T09:23:55.077Z&quot;,
                &quot;status&quot;: &quot;SEND&quot;
            },
            {
                &quot;time&quot;: &quot;2022-02-16T09:23:55.114Z&quot;,
                &quot;status&quot;: &quot;DELIVERED&quot;
            },
            {
                &quot;time&quot;: &quot;2022-02-16T09:23:55.901Z&quot;,
                &quot;status&quot;: &quot;PENDING&quot;
            },
            {
                &quot;time&quot;: &quot;2022-02-16T09:23:55.930Z&quot;,
                &quot;status&quot;: &quot;SEND&quot;
            },
            {
                &quot;time&quot;: &quot;2022-02-16T09:23:55.967Z&quot;,
                &quot;status&quot;: &quot;DELIVERED&quot;
            },
            {
                &quot;time&quot;: &quot;2022-02-16T09:24:55.073Z&quot;,
                &quot;status&quot;: &quot;PENDING&quot;
            },
            {
                &quot;time&quot;: &quot;2022-02-16T09:24:55.106Z&quot;,
                &quot;status&quot;: &quot;SEND&quot;
            },
            {
                &quot;time&quot;: &quot;2022-02-16T09:24:55.144Z&quot;,
                &quot;status&quot;: &quot;DELIVERED&quot;
            },
            {
                &quot;time&quot;: &quot;2022-02-16T09:24:55.971Z&quot;,
                &quot;status&quot;: &quot;PENDING&quot;
            },
            {
                &quot;time&quot;: &quot;2022-02-16T09:24:56.008Z&quot;,
                &quot;status&quot;: &quot;SEND&quot;
            },
            {
                &quot;time&quot;: &quot;2022-02-16T09:24:56.044Z&quot;,
                &quot;status&quot;: &quot;DELIVERED&quot;
            },
            {
                &quot;time&quot;: &quot;2022-02-16T09:26:09.362Z&quot;,
                &quot;status&quot;: &quot;PENDING&quot;
            },
            {
                &quot;time&quot;: &quot;2022-02-16T09:26:09.392Z&quot;,
                &quot;status&quot;: &quot;SEND&quot;
            },
            {
                &quot;time&quot;: &quot;2022-02-16T09:26:09.428Z&quot;,
                &quot;status&quot;: &quot;DELIVERED&quot;
            },
            {
                &quot;time&quot;: &quot;2022-02-16T09:26:10.287Z&quot;,
                &quot;status&quot;: &quot;PENDING&quot;
            },
            {
                &quot;time&quot;: &quot;2022-02-16T09:26:10.317Z&quot;,
                &quot;status&quot;: &quot;SEND&quot;
            },
            {
                &quot;time&quot;: &quot;2022-02-16T09:26:10.353Z&quot;,
                &quot;status&quot;: &quot;DELIVERED&quot;
            },
            {
                &quot;time&quot;: &quot;2022-02-16T09:27:24.861Z&quot;,
                &quot;status&quot;: &quot;PENDING&quot;
            },
            {
                &quot;time&quot;: &quot;2022-02-16T09:27:24.898Z&quot;,
                &quot;status&quot;: &quot;SEND&quot;
            },
            {
                &quot;time&quot;: &quot;2022-02-16T09:27:24.935Z&quot;,
                &quot;status&quot;: &quot;DELIVERED&quot;
            },
            {
                &quot;time&quot;: &quot;2022-02-16T09:27:25.773Z&quot;,
                &quot;status&quot;: &quot;PENDING&quot;
            },
            {
                &quot;time&quot;: &quot;2022-02-16T09:27:25.812Z&quot;,
                &quot;status&quot;: &quot;SEND&quot;
            },
            {
                &quot;time&quot;: &quot;2022-02-16T09:27:25.849Z&quot;,
                &quot;status&quot;: &quot;DELIVERED&quot;
            },
            {
                &quot;time&quot;: &quot;2022-02-16T09:28:06.037Z&quot;,
                &quot;status&quot;: &quot;PENDING&quot;
            },
            {
                &quot;time&quot;: &quot;2022-02-16T09:28:06.069Z&quot;,
                &quot;status&quot;: &quot;SEND&quot;
            },
            {
                &quot;time&quot;: &quot;2022-02-16T09:28:06.107Z&quot;,
                &quot;status&quot;: &quot;DELIVERED&quot;
            },
            {
                &quot;time&quot;: &quot;2022-02-16T09:28:06.968Z&quot;,
                &quot;status&quot;: &quot;PENDING&quot;
            },
            {
                &quot;time&quot;: &quot;2022-02-16T09:28:07.002Z&quot;,
                &quot;status&quot;: &quot;SEND&quot;
            },
            {
                &quot;time&quot;: &quot;2022-02-16T09:28:07.039Z&quot;,
                &quot;status&quot;: &quot;DELIVERED&quot;
            },
            {
                &quot;time&quot;: &quot;2022-02-16T09:28:58.713Z&quot;,
                &quot;status&quot;: &quot;PENDING&quot;
            },
            {
                &quot;time&quot;: &quot;2022-02-16T09:28:58.744Z&quot;,
                &quot;status&quot;: &quot;SEND&quot;
            },
            {
                &quot;time&quot;: &quot;2022-02-16T09:28:58.782Z&quot;,
                &quot;status&quot;: &quot;DELIVERED&quot;
            },
            {
                &quot;time&quot;: &quot;2022-02-16T09:28:59.589Z&quot;,
                &quot;status&quot;: &quot;PENDING&quot;
            },
            {
                &quot;time&quot;: &quot;2022-02-16T09:28:59.620Z&quot;,
                &quot;status&quot;: &quot;SEND&quot;
            },
            {
                &quot;time&quot;: &quot;2022-02-16T09:28:59.658Z&quot;,
                &quot;status&quot;: &quot;DELIVERED&quot;
            },
            {
                &quot;time&quot;: &quot;2022-02-16T09:29:51.098Z&quot;,
                &quot;status&quot;: &quot;PENDING&quot;
            },
            {
                &quot;time&quot;: &quot;2022-02-16T09:29:51.134Z&quot;,
                &quot;status&quot;: &quot;SEND&quot;
            },
            {
                &quot;time&quot;: &quot;2022-02-16T09:29:51.171Z&quot;,
                &quot;status&quot;: &quot;DELIVERED&quot;
            },
            {
                &quot;time&quot;: &quot;2022-02-16T09:29:52.013Z&quot;,
                &quot;status&quot;: &quot;PENDING&quot;
            },
            {
                &quot;time&quot;: &quot;2022-02-16T09:29:52.047Z&quot;,
                &quot;status&quot;: &quot;SEND&quot;
            },
            {
                &quot;time&quot;: &quot;2022-02-16T09:29:52.089Z&quot;,
                &quot;status&quot;: &quot;DELIVERED&quot;
            },
            {
                &quot;time&quot;: &quot;2022-02-16T09:30:33.494Z&quot;,
                &quot;status&quot;: &quot;PENDING&quot;
            },
            {
                &quot;time&quot;: &quot;2022-02-16T09:30:33.534Z&quot;,
                &quot;status&quot;: &quot;SEND&quot;
            },
            {
                &quot;time&quot;: &quot;2022-02-16T09:30:33.571Z&quot;,
                &quot;status&quot;: &quot;DELIVERED&quot;
            },
            {
                &quot;time&quot;: &quot;2022-02-16T09:30:34.412Z&quot;,
                &quot;status&quot;: &quot;PENDING&quot;
            },
            {
                &quot;time&quot;: &quot;2022-02-16T09:30:34.453Z&quot;,
                &quot;status&quot;: &quot;SEND&quot;
            },
            {
                &quot;time&quot;: &quot;2022-02-16T09:30:34.488Z&quot;,
                &quot;status&quot;: &quot;DELIVERED&quot;
            },
            {
                &quot;time&quot;: &quot;2022-02-16T09:32:49.337Z&quot;,
                &quot;status&quot;: &quot;PENDING&quot;
            },
            {
                &quot;time&quot;: &quot;2022-02-16T09:32:49.371Z&quot;,
                &quot;status&quot;: &quot;SEND&quot;
            },
            {
                &quot;time&quot;: &quot;2022-02-16T09:32:49.408Z&quot;,
                &quot;status&quot;: &quot;DELIVERED&quot;
            },
            {
                &quot;time&quot;: &quot;2022-02-16T09:32:50.347Z&quot;,
                &quot;status&quot;: &quot;PENDING&quot;
            },
            {
                &quot;time&quot;: &quot;2022-02-16T09:32:50.382Z&quot;,
                &quot;status&quot;: &quot;SEND&quot;
            },
            {
                &quot;time&quot;: &quot;2022-02-16T09:32:50.423Z&quot;,
                &quot;status&quot;: &quot;DELIVERED&quot;
            },
            {
                &quot;time&quot;: &quot;2022-02-16T09:35:18.696Z&quot;,
                &quot;status&quot;: &quot;PENDING&quot;
            },
            {
                &quot;time&quot;: &quot;2022-02-16T09:35:18.734Z&quot;,
                &quot;status&quot;: &quot;SEND&quot;
            },
            {
                &quot;time&quot;: &quot;2022-02-16T09:35:18.769Z&quot;,
                &quot;status&quot;: &quot;DELIVERED&quot;
            },
            {
                &quot;time&quot;: &quot;2022-02-16T09:35:41.813Z&quot;,
                &quot;status&quot;: &quot;PENDING&quot;
            },
            {
                &quot;time&quot;: &quot;2022-02-16T09:35:41.852Z&quot;,
                &quot;status&quot;: &quot;SEND&quot;
            },
            {
                &quot;time&quot;: &quot;2022-02-16T09:35:41.891Z&quot;,
                &quot;status&quot;: &quot;DELIVERED&quot;
            },
            {
                &quot;time&quot;: &quot;2022-02-16T09:35:42.766Z&quot;,
                &quot;status&quot;: &quot;PENDING&quot;
            },
            {
                &quot;time&quot;: &quot;2022-02-16T09:35:42.811Z&quot;,
                &quot;status&quot;: &quot;SEND&quot;
            },
            {
                &quot;time&quot;: &quot;2022-02-16T09:35:42.849Z&quot;,
                &quot;status&quot;: &quot;DELIVERED&quot;
            },
            {
                &quot;time&quot;: &quot;2022-02-16T09:36:06.394Z&quot;,
                &quot;status&quot;: &quot;PENDING&quot;
            },
            {
                &quot;time&quot;: &quot;2022-02-16T09:36:06.432Z&quot;,
                &quot;status&quot;: &quot;SEND&quot;
            },
            {
                &quot;time&quot;: &quot;2022-02-16T09:36:06.488Z&quot;,
                &quot;status&quot;: &quot;DELIVERED&quot;
            },
            {
                &quot;time&quot;: &quot;2022-02-16T09:36:07.318Z&quot;,
                &quot;status&quot;: &quot;PENDING&quot;
            },
            {
                &quot;time&quot;: &quot;2022-02-16T09:36:07.358Z&quot;,
                &quot;status&quot;: &quot;SEND&quot;
            },
            {
                &quot;time&quot;: &quot;2022-02-16T09:36:07.393Z&quot;,
                &quot;status&quot;: &quot;DELIVERED&quot;
            },
            {
                &quot;time&quot;: &quot;2022-02-16T09:36:30.178Z&quot;,
                &quot;status&quot;: &quot;PENDING&quot;
            },
            {
                &quot;time&quot;: &quot;2022-02-16T09:36:30.210Z&quot;,
                &quot;status&quot;: &quot;SEND&quot;
            },
            {
                &quot;time&quot;: &quot;2022-02-16T09:36:30.248Z&quot;,
                &quot;status&quot;: &quot;DELIVERED&quot;
            },
            {
                &quot;time&quot;: &quot;2022-02-16T09:36:31.123Z&quot;,
                &quot;status&quot;: &quot;PENDING&quot;
            },
            {
                &quot;time&quot;: &quot;2022-02-16T09:36:31.156Z&quot;,
                &quot;status&quot;: &quot;SEND&quot;
            },
            {
                &quot;time&quot;: &quot;2022-02-16T09:36:31.207Z&quot;,
                &quot;status&quot;: &quot;DELIVERED&quot;
            },
            {
                &quot;time&quot;: &quot;2022-02-16T09:37:08.443Z&quot;,
                &quot;status&quot;: &quot;PENDING&quot;
            },
            {
                &quot;time&quot;: &quot;2022-02-16T09:37:08.481Z&quot;,
                &quot;status&quot;: &quot;SEND&quot;
            },
            {
                &quot;time&quot;: &quot;2022-02-16T09:37:08.522Z&quot;,
                &quot;status&quot;: &quot;DELIVERED&quot;
            },
            {
                &quot;time&quot;: &quot;2022-02-16T09:37:09.439Z&quot;,
                &quot;status&quot;: &quot;PENDING&quot;
            },
            {
                &quot;time&quot;: &quot;2022-02-16T09:37:09.478Z&quot;,
                &quot;status&quot;: &quot;SEND&quot;
            },
            {
                &quot;time&quot;: &quot;2022-02-16T09:37:09.516Z&quot;,
                &quot;status&quot;: &quot;DELIVERED&quot;
            },
            {
                &quot;time&quot;: &quot;2022-02-16T09:37:13.026Z&quot;,
                &quot;status&quot;: &quot;PENDING&quot;
            },
            {
                &quot;time&quot;: &quot;2022-02-16T09:37:13.068Z&quot;,
                &quot;status&quot;: &quot;SEND&quot;
            },
            {
                &quot;time&quot;: &quot;2022-02-16T09:37:13.106Z&quot;,
                &quot;status&quot;: &quot;DELIVERED&quot;
            },
            {
                &quot;time&quot;: &quot;2022-02-16T09:37:37.817Z&quot;,
                &quot;status&quot;: &quot;PENDING&quot;
            },
            {
                &quot;time&quot;: &quot;2022-02-16T09:37:37.857Z&quot;,
                &quot;status&quot;: &quot;SEND&quot;
            },
            {
                &quot;time&quot;: &quot;2022-02-16T09:37:37.893Z&quot;,
                &quot;status&quot;: &quot;DELIVERED&quot;
            },
            {
                &quot;time&quot;: &quot;2022-02-16T09:37:38.638Z&quot;,
                &quot;status&quot;: &quot;PENDING&quot;
            },
            {
                &quot;time&quot;: &quot;2022-02-16T09:37:38.675Z&quot;,
                &quot;status&quot;: &quot;SEND&quot;
            },
            {
                &quot;time&quot;: &quot;2022-02-16T09:37:38.712Z&quot;,
                &quot;status&quot;: &quot;DELIVERED&quot;
            },
            {
                &quot;time&quot;: &quot;2022-02-16T09:38:03.926Z&quot;,
                &quot;status&quot;: &quot;PENDING&quot;
            },
            {
                &quot;time&quot;: &quot;2022-02-16T09:38:03.965Z&quot;,
                &quot;status&quot;: &quot;SEND&quot;
            },
            {
                &quot;time&quot;: &quot;2022-02-16T09:38:04.001Z&quot;,
                &quot;status&quot;: &quot;DELIVERED&quot;
            },
            {
                &quot;time&quot;: &quot;2022-02-16T09:38:04.819Z&quot;,
                &quot;status&quot;: &quot;PENDING&quot;
            },
            {
                &quot;time&quot;: &quot;2022-02-16T09:38:04.864Z&quot;,
                &quot;status&quot;: &quot;SEND&quot;
            },
            {
                &quot;time&quot;: &quot;2022-02-16T09:38:04.911Z&quot;,
                &quot;status&quot;: &quot;DELIVERED&quot;
            },
            {
                &quot;time&quot;: &quot;2022-02-16T09:53:50.860Z&quot;,
                &quot;status&quot;: &quot;PENDING&quot;
            },
            {
                &quot;time&quot;: &quot;2022-02-16T09:53:50.900Z&quot;,
                &quot;status&quot;: &quot;SEND&quot;
            },
            {
                &quot;time&quot;: &quot;2022-02-16T09:53:50.939Z&quot;,
                &quot;status&quot;: &quot;DELIVERED&quot;
            },
            {
                &quot;time&quot;: &quot;2022-02-16T09:53:51.831Z&quot;,
                &quot;status&quot;: &quot;PENDING&quot;
            },
            {
                &quot;time&quot;: &quot;2022-02-16T09:53:51.869Z&quot;,
                &quot;status&quot;: &quot;SEND&quot;
            },
            {
                &quot;time&quot;: &quot;2022-02-16T09:53:51.917Z&quot;,
                &quot;status&quot;: &quot;DELIVERED&quot;
            },
            {
                &quot;time&quot;: &quot;2022-02-16T09:56:32.333Z&quot;,
                &quot;status&quot;: &quot;PENDING&quot;
            },
            {
                &quot;time&quot;: &quot;2022-02-16T09:56:32.376Z&quot;,
                &quot;status&quot;: &quot;SEND&quot;
            },
            {
                &quot;time&quot;: &quot;2022-02-16T09:56:32.413Z&quot;,
                &quot;status&quot;: &quot;DELIVERED&quot;
            },
            {
                &quot;time&quot;: &quot;2022-02-16T09:56:33.226Z&quot;,
                &quot;status&quot;: &quot;PENDING&quot;
            },
            {
                &quot;time&quot;: &quot;2022-02-16T09:56:33.279Z&quot;,
                &quot;status&quot;: &quot;SEND&quot;
            },
            {
                &quot;time&quot;: &quot;2022-02-16T09:56:33.321Z&quot;,
                &quot;status&quot;: &quot;DELIVERED&quot;
            },
            {
                &quot;time&quot;: &quot;2022-02-16T09:59:11.843Z&quot;,
                &quot;status&quot;: &quot;PENDING&quot;
            },
            {
                &quot;time&quot;: &quot;2022-02-16T09:59:11.885Z&quot;,
                &quot;status&quot;: &quot;SEND&quot;
            },
            {
                &quot;time&quot;: &quot;2022-02-16T09:59:11.929Z&quot;,
                &quot;status&quot;: &quot;DELIVERED&quot;
            },
            {
                &quot;time&quot;: &quot;2022-02-16T09:59:12.799Z&quot;,
                &quot;status&quot;: &quot;PENDING&quot;
            },
            {
                &quot;time&quot;: &quot;2022-02-16T09:59:12.857Z&quot;,
                &quot;status&quot;: &quot;SEND&quot;
            },
            {
                &quot;time&quot;: &quot;2022-02-16T09:59:12.913Z&quot;,
                &quot;status&quot;: &quot;DELIVERED&quot;
            },
            {
                &quot;time&quot;: &quot;2022-02-16T10:01:50.751Z&quot;,
                &quot;status&quot;: &quot;PENDING&quot;
            },
            {
                &quot;time&quot;: &quot;2022-02-16T10:01:50.791Z&quot;,
                &quot;status&quot;: &quot;SEND&quot;
            },
            {
                &quot;time&quot;: &quot;2022-02-16T10:01:50.828Z&quot;,
                &quot;status&quot;: &quot;DELIVERED&quot;
            },
            {
                &quot;time&quot;: &quot;2022-02-16T10:01:51.673Z&quot;,
                &quot;status&quot;: &quot;PENDING&quot;
            },
            {
                &quot;time&quot;: &quot;2022-02-16T10:01:51.713Z&quot;,
                &quot;status&quot;: &quot;SEND&quot;
            },
            {
                &quot;time&quot;: &quot;2022-02-16T10:01:51.755Z&quot;,
                &quot;status&quot;: &quot;DELIVERED&quot;
            },
            {
                &quot;time&quot;: &quot;2022-02-16T10:04:30.106Z&quot;,
                &quot;status&quot;: &quot;PENDING&quot;
            },
            {
                &quot;time&quot;: &quot;2022-02-16T10:04:30.153Z&quot;,
                &quot;status&quot;: &quot;SEND&quot;
            },
            {
                &quot;time&quot;: &quot;2022-02-16T10:04:30.200Z&quot;,
                &quot;status&quot;: &quot;DELIVERED&quot;
            },
            {
                &quot;time&quot;: &quot;2022-02-16T10:04:31.076Z&quot;,
                &quot;status&quot;: &quot;PENDING&quot;
            },
            {
                &quot;time&quot;: &quot;2022-02-16T10:04:31.122Z&quot;,
                &quot;status&quot;: &quot;SEND&quot;
            },
            {
                &quot;time&quot;: &quot;2022-02-16T10:04:31.164Z&quot;,
                &quot;status&quot;: &quot;DELIVERED&quot;
            },
            {
                &quot;time&quot;: &quot;2022-02-16T10:07:10.462Z&quot;,
                &quot;status&quot;: &quot;PENDING&quot;
            },
            {
                &quot;time&quot;: &quot;2022-02-16T10:07:10.499Z&quot;,
                &quot;status&quot;: &quot;SEND&quot;
            },
            {
                &quot;time&quot;: &quot;2022-02-16T10:07:10.537Z&quot;,
                &quot;status&quot;: &quot;DELIVERED&quot;
            },
            {
                &quot;time&quot;: &quot;2022-02-16T10:07:11.343Z&quot;,
                &quot;status&quot;: &quot;PENDING&quot;
            },
            {
                &quot;time&quot;: &quot;2022-02-16T10:07:11.380Z&quot;,
                &quot;status&quot;: &quot;SEND&quot;
            },
            {
                &quot;time&quot;: &quot;2022-02-16T10:07:11.418Z&quot;,
                &quot;status&quot;: &quot;DELIVERED&quot;
            },
            {
                &quot;time&quot;: &quot;2022-02-16T10:09:49.720Z&quot;,
                &quot;status&quot;: &quot;PENDING&quot;
            },
            {
                &quot;time&quot;: &quot;2022-02-16T10:09:49.762Z&quot;,
                &quot;status&quot;: &quot;SEND&quot;
            },
            {
                &quot;time&quot;: &quot;2022-02-16T10:09:49.803Z&quot;,
                &quot;status&quot;: &quot;DELIVERED&quot;
            },
            {
                &quot;time&quot;: &quot;2022-02-16T10:09:50.610Z&quot;,
                &quot;status&quot;: &quot;PENDING&quot;
            },
            {
                &quot;time&quot;: &quot;2022-02-16T10:09:50.651Z&quot;,
                &quot;status&quot;: &quot;SEND&quot;
            },
            {
                &quot;time&quot;: &quot;2022-02-16T10:09:50.691Z&quot;,
                &quot;status&quot;: &quot;DELIVERED&quot;
            },
            {
                &quot;time&quot;: &quot;2022-02-16T10:12:29.403Z&quot;,
                &quot;status&quot;: &quot;PENDING&quot;
            },
            {
                &quot;time&quot;: &quot;2022-02-16T10:12:29.449Z&quot;,
                &quot;status&quot;: &quot;SEND&quot;
            },
            {
                &quot;time&quot;: &quot;2022-02-16T10:12:29.494Z&quot;,
                &quot;status&quot;: &quot;DELIVERED&quot;
            },
            {
                &quot;time&quot;: &quot;2022-02-16T10:12:30.338Z&quot;,
                &quot;status&quot;: &quot;PENDING&quot;
            },
            {
                &quot;time&quot;: &quot;2022-02-16T10:12:30.379Z&quot;,
                &quot;status&quot;: &quot;SEND&quot;
            },
            {
                &quot;time&quot;: &quot;2022-02-16T10:12:30.423Z&quot;,
                &quot;status&quot;: &quot;DELIVERED&quot;
            },
            {
                &quot;time&quot;: &quot;2022-02-16T10:15:08.464Z&quot;,
                &quot;status&quot;: &quot;PENDING&quot;
            },
            {
                &quot;time&quot;: &quot;2022-02-16T10:15:08.507Z&quot;,
                &quot;status&quot;: &quot;SEND&quot;
            },
            {
                &quot;time&quot;: &quot;2022-02-16T10:15:08.549Z&quot;,
                &quot;status&quot;: &quot;DELIVERED&quot;
            },
            {
                &quot;time&quot;: &quot;2022-02-16T10:15:09.384Z&quot;,
                &quot;status&quot;: &quot;PENDING&quot;
            },
            {
                &quot;time&quot;: &quot;2022-02-16T10:15:09.428Z&quot;,
                &quot;status&quot;: &quot;SEND&quot;
            }
        ],
        &quot;status&quot;: &quot;DELIVERED&quot;
    },
    &quot;creationTime&quot;: &quot;2022-02-16T09:22:46.140Z&quot;,
    &quot;deviceId&quot;: &quot;14273295&quot;,
    &quot;deviceName&quot;: &quot;offsitec&quot;,
    &quot;self&quot;: &quot;https://t493319102.eu-latest.cumulocity.com/devicecontrol/operations/14275540&quot;,
    &quot;id&quot;: &quot;14275540&quot;,
    &quot;status&quot;: &quot;PENDING&quot;,
    &quot;c8y_LogfileRequest&quot;: {
        &quot;searchText&quot;: &quot;&quot;,
        &quot;logFile&quot;: &quot;software-management&quot;,
        &quot;dateTo&quot;: &quot;2021-11-21T18:55:49+0530&quot;,
        &quot;dateFrom&quot;: &quot;2021-11-15T18:55:49+0530&quot;,
        &quot;maximumLines&quot;: 300
    },
    &quot;description&quot;: &quot;Log file request&quot;
}
10:17:20 DEBUG Final URL of the request: https://thin-edge-io.eu-latest.cumulocity.com/devicecontrol/operations?deviceId=14273295&amp;pageSize=1&amp;revert=true&amp;dateFrom=1970-01-01T00%3A00%3A00.000Z
10:17:20 INFO  State of current operation: PENDING
10:17:20 DEBUG Final URL of the request: https://thin-edge-io.eu-latest.cumulocity.com/devicecontrol/operations?deviceId=14273295&amp;pageSize=1&amp;revert=true&amp;dateFrom=1970-01-01T00%3A00%3A00.000Z
10:17:20 DEBUG State of current operation: {
    &quot;delivery&quot;: {
        &quot;time&quot;: &quot;2022-02-16T10:15:09.472Z&quot;,
        &quot;log&quot;: [
            {
                &quot;time&quot;: &quot;2022-02-16T09:22:46.166Z&quot;,
                &quot;status&quot;: &quot;PENDING&quot;
            },
            {
                &quot;time&quot;: &quot;2022-02-16T09:22:46.185Z&quot;,
                &quot;status&quot;: &quot;SEND&quot;
            },
            {
                &quot;time&quot;: &quot;2022-02-16T09:22:46.219Z&quot;,
                &quot;status&quot;: &quot;DELIVERED&quot;
            },
            {
                &quot;time&quot;: &quot;2022-02-16T09:23:55.047Z&quot;,
                &quot;status&quot;: &quot;PENDING&quot;
            },
            {
                &quot;time&quot;: &quot;2022-02-16T09:23:55.077Z&quot;,
                &quot;status&quot;: &quot;SEND&quot;
            },
            {
                &quot;time&quot;: &quot;2022-02-16T09:23:55.114Z&quot;,
                &quot;status&quot;: &quot;DELIVERED&quot;
            },
            {
                &quot;time&quot;: &quot;2022-02-16T09:23:55.901Z&quot;,
                &quot;status&quot;: &quot;PENDING&quot;
            },
            {
                &quot;time&quot;: &quot;2022-02-16T09:23:55.930Z&quot;,
                &quot;status&quot;: &quot;SEND&quot;
            },
            {
                &quot;time&quot;: &quot;2022-02-16T09:23:55.967Z&quot;,
                &quot;status&quot;: &quot;DELIVERED&quot;
            },
            {
                &quot;time&quot;: &quot;2022-02-16T09:24:55.073Z&quot;,
                &quot;status&quot;: &quot;PENDING&quot;
            },
            {
                &quot;time&quot;: &quot;2022-02-16T09:24:55.106Z&quot;,
                &quot;status&quot;: &quot;SEND&quot;
            },
            {
                &quot;time&quot;: &quot;2022-02-16T09:24:55.144Z&quot;,
                &quot;status&quot;: &quot;DELIVERED&quot;
            },
            {
                &quot;time&quot;: &quot;2022-02-16T09:24:55.971Z&quot;,
                &quot;status&quot;: &quot;PENDING&quot;
            },
            {
                &quot;time&quot;: &quot;2022-02-16T09:24:56.008Z&quot;,
                &quot;status&quot;: &quot;SEND&quot;
            },
            {
                &quot;time&quot;: &quot;2022-02-16T09:24:56.044Z&quot;,
                &quot;status&quot;: &quot;DELIVERED&quot;
            },
            {
                &quot;time&quot;: &quot;2022-02-16T09:26:09.362Z&quot;,
                &quot;status&quot;: &quot;PENDING&quot;
            },
            {
                &quot;time&quot;: &quot;2022-02-16T09:26:09.392Z&quot;,
                &quot;status&quot;: &quot;SEND&quot;
            },
            {
                &quot;time&quot;: &quot;2022-02-16T09:26:09.428Z&quot;,
                &quot;status&quot;: &quot;DELIVERED&quot;
            },
            {
                &quot;time&quot;: &quot;2022-02-16T09:26:10.287Z&quot;,
                &quot;status&quot;: &quot;PENDING&quot;
            },
            {
                &quot;time&quot;: &quot;2022-02-16T09:26:10.317Z&quot;,
                &quot;status&quot;: &quot;SEND&quot;
            },
            {
                &quot;time&quot;: &quot;2022-02-16T09:26:10.353Z&quot;,
                &quot;status&quot;: &quot;DELIVERED&quot;
            },
            {
                &quot;time&quot;: &quot;2022-02-16T09:27:24.861Z&quot;,
                &quot;status&quot;: &quot;PENDING&quot;
            },
            {
                &quot;time&quot;: &quot;2022-02-16T09:27:24.898Z&quot;,
                &quot;status&quot;: &quot;SEND&quot;
            },
            {
                &quot;time&quot;: &quot;2022-02-16T09:27:24.935Z&quot;,
                &quot;status&quot;: &quot;DELIVERED&quot;
            },
            {
                &quot;time&quot;: &quot;2022-02-16T09:27:25.773Z&quot;,
                &quot;status&quot;: &quot;PENDING&quot;
            },
            {
                &quot;time&quot;: &quot;2022-02-16T09:27:25.812Z&quot;,
                &quot;status&quot;: &quot;SEND&quot;
            },
            {
                &quot;time&quot;: &quot;2022-02-16T09:27:25.849Z&quot;,
                &quot;status&quot;: &quot;DELIVERED&quot;
            },
            {
                &quot;time&quot;: &quot;2022-02-16T09:28:06.037Z&quot;,
                &quot;status&quot;: &quot;PENDING&quot;
            },
            {
                &quot;time&quot;: &quot;2022-02-16T09:28:06.069Z&quot;,
                &quot;status&quot;: &quot;SEND&quot;
            },
            {
                &quot;time&quot;: &quot;2022-02-16T09:28:06.107Z&quot;,
                &quot;status&quot;: &quot;DELIVERED&quot;
            },
            {
                &quot;time&quot;: &quot;2022-02-16T09:28:06.968Z&quot;,
                &quot;status&quot;: &quot;PENDING&quot;
            },
            {
                &quot;time&quot;: &quot;2022-02-16T09:28:07.002Z&quot;,
                &quot;status&quot;: &quot;SEND&quot;
            },
            {
                &quot;time&quot;: &quot;2022-02-16T09:28:07.039Z&quot;,
                &quot;status&quot;: &quot;DELIVERED&quot;
            },
            {
                &quot;time&quot;: &quot;2022-02-16T09:28:58.713Z&quot;,
                &quot;status&quot;: &quot;PENDING&quot;
            },
            {
                &quot;time&quot;: &quot;2022-02-16T09:28:58.744Z&quot;,
                &quot;status&quot;: &quot;SEND&quot;
            },
            {
                &quot;time&quot;: &quot;2022-02-16T09:28:58.782Z&quot;,
                &quot;status&quot;: &quot;DELIVERED&quot;
            },
            {
                &quot;time&quot;: &quot;2022-02-16T09:28:59.589Z&quot;,
                &quot;status&quot;: &quot;PENDING&quot;
            },
            {
                &quot;time&quot;: &quot;2022-02-16T09:28:59.620Z&quot;,
                &quot;status&quot;: &quot;SEND&quot;
            },
            {
                &quot;time&quot;: &quot;2022-02-16T09:28:59.658Z&quot;,
                &quot;status&quot;: &quot;DELIVERED&quot;
            },
            {
                &quot;time&quot;: &quot;2022-02-16T09:29:51.098Z&quot;,
                &quot;status&quot;: &quot;PENDING&quot;
            },
            {
                &quot;time&quot;: &quot;2022-02-16T09:29:51.134Z&quot;,
                &quot;status&quot;: &quot;SEND&quot;
            },
            {
                &quot;time&quot;: &quot;2022-02-16T09:29:51.171Z&quot;,
                &quot;status&quot;: &quot;DELIVERED&quot;
            },
            {
                &quot;time&quot;: &quot;2022-02-16T09:29:52.013Z&quot;,
                &quot;status&quot;: &quot;PENDING&quot;
            },
            {
                &quot;time&quot;: &quot;2022-02-16T09:29:52.047Z&quot;,
                &quot;status&quot;: &quot;SEND&quot;
            },
            {
                &quot;time&quot;: &quot;2022-02-16T09:29:52.089Z&quot;,
                &quot;status&quot;: &quot;DELIVERED&quot;
            },
            {
                &quot;time&quot;: &quot;2022-02-16T09:30:33.494Z&quot;,
                &quot;status&quot;: &quot;PENDING&quot;
            },
            {
                &quot;time&quot;: &quot;2022-02-16T09:30:33.534Z&quot;,
                &quot;status&quot;: &quot;SEND&quot;
            },
            {
                &quot;time&quot;: &quot;2022-02-16T09:30:33.571Z&quot;,
                &quot;status&quot;: &quot;DELIVERED&quot;
            },
            {
                &quot;time&quot;: &quot;2022-02-16T09:30:34.412Z&quot;,
                &quot;status&quot;: &quot;PENDING&quot;
            },
            {
                &quot;time&quot;: &quot;2022-02-16T09:30:34.453Z&quot;,
                &quot;status&quot;: &quot;SEND&quot;
            },
            {
                &quot;time&quot;: &quot;2022-02-16T09:30:34.488Z&quot;,
                &quot;status&quot;: &quot;DELIVERED&quot;
            },
            {
                &quot;time&quot;: &quot;2022-02-16T09:32:49.337Z&quot;,
                &quot;status&quot;: &quot;PENDING&quot;
            },
            {
                &quot;time&quot;: &quot;2022-02-16T09:32:49.371Z&quot;,
                &quot;status&quot;: &quot;SEND&quot;
            },
            {
                &quot;time&quot;: &quot;2022-02-16T09:32:49.408Z&quot;,
                &quot;status&quot;: &quot;DELIVERED&quot;
            },
            {
                &quot;time&quot;: &quot;2022-02-16T09:32:50.347Z&quot;,
                &quot;status&quot;: &quot;PENDING&quot;
            },
            {
                &quot;time&quot;: &quot;2022-02-16T09:32:50.382Z&quot;,
                &quot;status&quot;: &quot;SEND&quot;
            },
            {
                &quot;time&quot;: &quot;2022-02-16T09:32:50.423Z&quot;,
                &quot;status&quot;: &quot;DELIVERED&quot;
            },
            {
                &quot;time&quot;: &quot;2022-02-16T09:35:18.696Z&quot;,
                &quot;status&quot;: &quot;PENDING&quot;
            },
            {
                &quot;time&quot;: &quot;2022-02-16T09:35:18.734Z&quot;,
                &quot;status&quot;: &quot;SEND&quot;
            },
            {
                &quot;time&quot;: &quot;2022-02-16T09:35:18.769Z&quot;,
                &quot;status&quot;: &quot;DELIVERED&quot;
            },
            {
                &quot;time&quot;: &quot;2022-02-16T09:35:41.813Z&quot;,
                &quot;status&quot;: &quot;PENDING&quot;
            },
            {
                &quot;time&quot;: &quot;2022-02-16T09:35:41.852Z&quot;,
                &quot;status&quot;: &quot;SEND&quot;
            },
            {
                &quot;time&quot;: &quot;2022-02-16T09:35:41.891Z&quot;,
                &quot;status&quot;: &quot;DELIVERED&quot;
            },
            {
                &quot;time&quot;: &quot;2022-02-16T09:35:42.766Z&quot;,
                &quot;status&quot;: &quot;PENDING&quot;
            },
            {
                &quot;time&quot;: &quot;2022-02-16T09:35:42.811Z&quot;,
                &quot;status&quot;: &quot;SEND&quot;
            },
            {
                &quot;time&quot;: &quot;2022-02-16T09:35:42.849Z&quot;,
                &quot;status&quot;: &quot;DELIVERED&quot;
            },
            {
                &quot;time&quot;: &quot;2022-02-16T09:36:06.394Z&quot;,
                &quot;status&quot;: &quot;PENDING&quot;
            },
            {
                &quot;time&quot;: &quot;2022-02-16T09:36:06.432Z&quot;,
                &quot;status&quot;: &quot;SEND&quot;
            },
            {
                &quot;time&quot;: &quot;2022-02-16T09:36:06.488Z&quot;,
                &quot;status&quot;: &quot;DELIVERED&quot;
            },
            {
                &quot;time&quot;: &quot;2022-02-16T09:36:07.318Z&quot;,
                &quot;status&quot;: &quot;PENDING&quot;
            },
            {
                &quot;time&quot;: &quot;2022-02-16T09:36:07.358Z&quot;,
                &quot;status&quot;: &quot;SEND&quot;
            },
            {
                &quot;time&quot;: &quot;2022-02-16T09:36:07.393Z&quot;,
                &quot;status&quot;: &quot;DELIVERED&quot;
            },
            {
                &quot;time&quot;: &quot;2022-02-16T09:36:30.178Z&quot;,
                &quot;status&quot;: &quot;PENDING&quot;
            },
            {
                &quot;time&quot;: &quot;2022-02-16T09:36:30.210Z&quot;,
                &quot;status&quot;: &quot;SEND&quot;
            },
            {
                &quot;time&quot;: &quot;2022-02-16T09:36:30.248Z&quot;,
                &quot;status&quot;: &quot;DELIVERED&quot;
            },
            {
                &quot;time&quot;: &quot;2022-02-16T09:36:31.123Z&quot;,
                &quot;status&quot;: &quot;PENDING&quot;
            },
            {
                &quot;time&quot;: &quot;2022-02-16T09:36:31.156Z&quot;,
                &quot;status&quot;: &quot;SEND&quot;
            },
            {
                &quot;time&quot;: &quot;2022-02-16T09:36:31.207Z&quot;,
                &quot;status&quot;: &quot;DELIVERED&quot;
            },
            {
                &quot;time&quot;: &quot;2022-02-16T09:37:08.443Z&quot;,
                &quot;status&quot;: &quot;PENDING&quot;
            },
            {
                &quot;time&quot;: &quot;2022-02-16T09:37:08.481Z&quot;,
                &quot;status&quot;: &quot;SEND&quot;
            },
            {
                &quot;time&quot;: &quot;2022-02-16T09:37:08.522Z&quot;,
                &quot;status&quot;: &quot;DELIVERED&quot;
            },
            {
                &quot;time&quot;: &quot;2022-02-16T09:37:09.439Z&quot;,
                &quot;status&quot;: &quot;PENDING&quot;
            },
            {
                &quot;time&quot;: &quot;2022-02-16T09:37:09.478Z&quot;,
                &quot;status&quot;: &quot;SEND&quot;
            },
            {
                &quot;time&quot;: &quot;2022-02-16T09:37:09.516Z&quot;,
                &quot;status&quot;: &quot;DELIVERED&quot;
            },
            {
                &quot;time&quot;: &quot;2022-02-16T09:37:13.026Z&quot;,
                &quot;status&quot;: &quot;PENDING&quot;
            },
            {
                &quot;time&quot;: &quot;2022-02-16T09:37:13.068Z&quot;,
                &quot;status&quot;: &quot;SEND&quot;
            },
            {
                &quot;time&quot;: &quot;2022-02-16T09:37:13.106Z&quot;,
                &quot;status&quot;: &quot;DELIVERED&quot;
            },
            {
                &quot;time&quot;: &quot;2022-02-16T09:37:37.817Z&quot;,
                &quot;status&quot;: &quot;PENDING&quot;
            },
            {
                &quot;time&quot;: &quot;2022-02-16T09:37:37.857Z&quot;,
                &quot;status&quot;: &quot;SEND&quot;
            },
            {
                &quot;time&quot;: &quot;2022-02-16T09:37:37.893Z&quot;,
                &quot;status&quot;: &quot;DELIVERED&quot;
            },
            {
                &quot;time&quot;: &quot;2022-02-16T09:37:38.638Z&quot;,
                &quot;status&quot;: &quot;PENDING&quot;
            },
            {
                &quot;time&quot;: &quot;2022-02-16T09:37:38.675Z&quot;,
                &quot;status&quot;: &quot;SEND&quot;
            },
            {
                &quot;time&quot;: &quot;2022-02-16T09:37:38.712Z&quot;,
                &quot;status&quot;: &quot;DELIVERED&quot;
            },
            {
                &quot;time&quot;: &quot;2022-02-16T09:38:03.926Z&quot;,
                &quot;status&quot;: &quot;PENDING&quot;
            },
            {
                &quot;time&quot;: &quot;2022-02-16T09:38:03.965Z&quot;,
                &quot;status&quot;: &quot;SEND&quot;
            },
            {
                &quot;time&quot;: &quot;2022-02-16T09:38:04.001Z&quot;,
                &quot;status&quot;: &quot;DELIVERED&quot;
            },
            {
                &quot;time&quot;: &quot;2022-02-16T09:38:04.819Z&quot;,
                &quot;status&quot;: &quot;PENDING&quot;
            },
            {
                &quot;time&quot;: &quot;2022-02-16T09:38:04.864Z&quot;,
                &quot;status&quot;: &quot;SEND&quot;
            },
            {
                &quot;time&quot;: &quot;2022-02-16T09:38:04.911Z&quot;,
                &quot;status&quot;: &quot;DELIVERED&quot;
            },
            {
                &quot;time&quot;: &quot;2022-02-16T09:53:50.860Z&quot;,
                &quot;status&quot;: &quot;PENDING&quot;
            },
            {
                &quot;time&quot;: &quot;2022-02-16T09:53:50.900Z&quot;,
                &quot;status&quot;: &quot;SEND&quot;
            },
            {
                &quot;time&quot;: &quot;2022-02-16T09:53:50.939Z&quot;,
                &quot;status&quot;: &quot;DELIVERED&quot;
            },
            {
                &quot;time&quot;: &quot;2022-02-16T09:53:51.831Z&quot;,
                &quot;status&quot;: &quot;PENDING&quot;
            },
            {
                &quot;time&quot;: &quot;2022-02-16T09:53:51.869Z&quot;,
                &quot;status&quot;: &quot;SEND&quot;
            },
            {
                &quot;time&quot;: &quot;2022-02-16T09:53:51.917Z&quot;,
                &quot;status&quot;: &quot;DELIVERED&quot;
            },
            {
                &quot;time&quot;: &quot;2022-02-16T09:56:32.333Z&quot;,
                &quot;status&quot;: &quot;PENDING&quot;
            },
            {
                &quot;time&quot;: &quot;2022-02-16T09:56:32.376Z&quot;,
                &quot;status&quot;: &quot;SEND&quot;
            },
            {
                &quot;time&quot;: &quot;2022-02-16T09:56:32.413Z&quot;,
                &quot;status&quot;: &quot;DELIVERED&quot;
            },
            {
                &quot;time&quot;: &quot;2022-02-16T09:56:33.226Z&quot;,
                &quot;status&quot;: &quot;PENDING&quot;
            },
            {
                &quot;time&quot;: &quot;2022-02-16T09:56:33.279Z&quot;,
                &quot;status&quot;: &quot;SEND&quot;
            },
            {
                &quot;time&quot;: &quot;2022-02-16T09:56:33.321Z&quot;,
                &quot;status&quot;: &quot;DELIVERED&quot;
            },
            {
                &quot;time&quot;: &quot;2022-02-16T09:59:11.843Z&quot;,
                &quot;status&quot;: &quot;PENDING&quot;
            },
            {
                &quot;time&quot;: &quot;2022-02-16T09:59:11.885Z&quot;,
                &quot;status&quot;: &quot;SEND&quot;
            },
            {
                &quot;time&quot;: &quot;2022-02-16T09:59:11.929Z&quot;,
                &quot;status&quot;: &quot;DELIVERED&quot;
            },
            {
                &quot;time&quot;: &quot;2022-02-16T09:59:12.799Z&quot;,
                &quot;status&quot;: &quot;PENDING&quot;
            },
            {
                &quot;time&quot;: &quot;2022-02-16T09:59:12.857Z&quot;,
                &quot;status&quot;: &quot;SEND&quot;
            },
            {
                &quot;time&quot;: &quot;2022-02-16T09:59:12.913Z&quot;,
                &quot;status&quot;: &quot;DELIVERED&quot;
            },
            {
                &quot;time&quot;: &quot;2022-02-16T10:01:50.751Z&quot;,
                &quot;status&quot;: &quot;PENDING&quot;
            },
            {
                &quot;time&quot;: &quot;2022-02-16T10:01:50.791Z&quot;,
                &quot;status&quot;: &quot;SEND&quot;
            },
            {
                &quot;time&quot;: &quot;2022-02-16T10:01:50.828Z&quot;,
                &quot;status&quot;: &quot;DELIVERED&quot;
            },
            {
                &quot;time&quot;: &quot;2022-02-16T10:01:51.673Z&quot;,
                &quot;status&quot;: &quot;PENDING&quot;
            },
            {
                &quot;time&quot;: &quot;2022-02-16T10:01:51.713Z&quot;,
                &quot;status&quot;: &quot;SEND&quot;
            },
            {
                &quot;time&quot;: &quot;2022-02-16T10:01:51.755Z&quot;,
                &quot;status&quot;: &quot;DELIVERED&quot;
            },
            {
                &quot;time&quot;: &quot;2022-02-16T10:04:30.106Z&quot;,
                &quot;status&quot;: &quot;PENDING&quot;
            },
            {
                &quot;time&quot;: &quot;2022-02-16T10:04:30.153Z&quot;,
                &quot;status&quot;: &quot;SEND&quot;
            },
            {
                &quot;time&quot;: &quot;2022-02-16T10:04:30.200Z&quot;,
                &quot;status&quot;: &quot;DELIVERED&quot;
            },
            {
                &quot;time&quot;: &quot;2022-02-16T10:04:31.076Z&quot;,
                &quot;status&quot;: &quot;PENDING&quot;
            },
            {
                &quot;time&quot;: &quot;2022-02-16T10:04:31.122Z&quot;,
                &quot;status&quot;: &quot;SEND&quot;
            },
            {
                &quot;time&quot;: &quot;2022-02-16T10:04:31.164Z&quot;,
                &quot;status&quot;: &quot;DELIVERED&quot;
            },
            {
                &quot;time&quot;: &quot;2022-02-16T10:07:10.462Z&quot;,
                &quot;status&quot;: &quot;PENDING&quot;
            },
            {
                &quot;time&quot;: &quot;2022-02-16T10:07:10.499Z&quot;,
                &quot;status&quot;: &quot;SEND&quot;
            },
            {
                &quot;time&quot;: &quot;2022-02-16T10:07:10.537Z&quot;,
                &quot;status&quot;: &quot;DELIVERED&quot;
            },
            {
                &quot;time&quot;: &quot;2022-02-16T10:07:11.343Z&quot;,
                &quot;status&quot;: &quot;PENDING&quot;
            },
            {
                &quot;time&quot;: &quot;2022-02-16T10:07:11.380Z&quot;,
                &quot;status&quot;: &quot;SEND&quot;
            },
            {
                &quot;time&quot;: &quot;2022-02-16T10:07:11.418Z&quot;,
                &quot;status&quot;: &quot;DELIVERED&quot;
            },
            {
                &quot;time&quot;: &quot;2022-02-16T10:09:49.720Z&quot;,
                &quot;status&quot;: &quot;PENDING&quot;
            },
            {
                &quot;time&quot;: &quot;2022-02-16T10:09:49.762Z&quot;,
                &quot;status&quot;: &quot;SEND&quot;
            },
            {
                &quot;time&quot;: &quot;2022-02-16T10:09:49.803Z&quot;,
                &quot;status&quot;: &quot;DELIVERED&quot;
            },
            {
                &quot;time&quot;: &quot;2022-02-16T10:09:50.610Z&quot;,
                &quot;status&quot;: &quot;PENDING&quot;
            },
            {
                &quot;time&quot;: &quot;2022-02-16T10:09:50.651Z&quot;,
                &quot;status&quot;: &quot;SEND&quot;
            },
            {
                &quot;time&quot;: &quot;2022-02-16T10:09:50.691Z&quot;,
                &quot;status&quot;: &quot;DELIVERED&quot;
            },
            {
                &quot;time&quot;: &quot;2022-02-16T10:12:29.403Z&quot;,
                &quot;status&quot;: &quot;PENDING&quot;
            },
            {
                &quot;time&quot;: &quot;2022-02-16T10:12:29.449Z&quot;,
                &quot;status&quot;: &quot;SEND&quot;
            },
            {
                &quot;time&quot;: &quot;2022-02-16T10:12:29.494Z&quot;,
                &quot;status&quot;: &quot;DELIVERED&quot;
            },
            {
                &quot;time&quot;: &quot;2022-02-16T10:12:30.338Z&quot;,
                &quot;status&quot;: &quot;PENDING&quot;
            },
            {
                &quot;time&quot;: &quot;2022-02-16T10:12:30.379Z&quot;,
                &quot;status&quot;: &quot;SEND&quot;
            },
            {
                &quot;time&quot;: &quot;2022-02-16T10:12:30.423Z&quot;,
                &quot;status&quot;: &quot;DELIVERED&quot;
            },
            {
                &quot;time&quot;: &quot;2022-02-16T10:15:08.464Z&quot;,
                &quot;status&quot;: &quot;PENDING&quot;
            },
            {
                &quot;time&quot;: &quot;2022-02-16T10:15:08.507Z&quot;,
                &quot;status&quot;: &quot;SEND&quot;
            },
            {
                &quot;time&quot;: &quot;2022-02-16T10:15:08.549Z&quot;,
                &quot;status&quot;: &quot;DELIVERED&quot;
            },
            {
                &quot;time&quot;: &quot;2022-02-16T10:15:09.384Z&quot;,
                &quot;status&quot;: &quot;PENDING&quot;
            },
            {
                &quot;time&quot;: &quot;2022-02-16T10:15:09.428Z&quot;,
                &quot;status&quot;: &quot;SEND&quot;
            }
        ],
        &quot;status&quot;: &quot;DELIVERED&quot;
    },
    &quot;creationTime&quot;: &quot;2022-02-16T09:22:46.140Z&quot;,
    &quot;deviceId&quot;: &quot;14273295&quot;,
    &quot;deviceName&quot;: &quot;offsitec&quot;,
    &quot;self&quot;: &quot;https://t493319102.eu-latest.cumulocity.com/devicecontrol/operations/14275540&quot;,
    &quot;id&quot;: &quot;14275540&quot;,
    &quot;status&quot;: &quot;PENDING&quot;,
    &quot;c8y_LogfileRequest&quot;: {
        &quot;searchText&quot;: &quot;&quot;,
        &quot;logFile&quot;: &quot;software-management&quot;,
        &quot;dateTo&quot;: &quot;2021-11-21T18:55:49+0530&quot;,
        &quot;dateFrom&quot;: &quot;2021-11-15T18:55:49+0530&quot;,
        &quot;maximumLines&quot;: 300
    },
    &quot;description&quot;: &quot;Log file request&quot;
}
10:17:22 DEBUG Final URL of the request: https://thin-edge-io.eu-latest.cumulocity.com/devicecontrol/operations?deviceId=14273295&amp;pageSize=1&amp;revert=true&amp;dateFrom=1970-01-01T00%3A00%3A00.000Z
10:17:22 INFO  State of current operation: PENDING
10:17:22 DEBUG Final URL of the request: https://thin-edge-io.eu-latest.cumulocity.com/devicecontrol/operations?deviceId=14273295&amp;pageSize=1&amp;revert=true&amp;dateFrom=1970-01-01T00%3A00%3A00.000Z
10:17:22 DEBUG State of current operation: {
    &quot;delivery&quot;: {
        &quot;time&quot;: &quot;2022-02-16T10:15:09.472Z&quot;,
        &quot;log&quot;: [
            {
                &quot;time&quot;: &quot;2022-02-16T09:22:46.166Z&quot;,
                &quot;status&quot;: &quot;PENDING&quot;
            },
            {
                &quot;time&quot;: &quot;2022-02-16T09:22:46.185Z&quot;,
                &quot;status&quot;: &quot;SEND&quot;
            },
            {
                &quot;time&quot;: &quot;2022-02-16T09:22:46.219Z&quot;,
                &quot;status&quot;: &quot;DELIVERED&quot;
            },
            {
                &quot;time&quot;: &quot;2022-02-16T09:23:55.047Z&quot;,
                &quot;status&quot;: &quot;PENDING&quot;
            },
            {
                &quot;time&quot;: &quot;2022-02-16T09:23:55.077Z&quot;,
                &quot;status&quot;: &quot;SEND&quot;
            },
            {
                &quot;time&quot;: &quot;2022-02-16T09:23:55.114Z&quot;,
                &quot;status&quot;: &quot;DELIVERED&quot;
            },
            {
                &quot;time&quot;: &quot;2022-02-16T09:23:55.901Z&quot;,
                &quot;status&quot;: &quot;PENDING&quot;
            },
            {
                &quot;time&quot;: &quot;2022-02-16T09:23:55.930Z&quot;,
                &quot;status&quot;: &quot;SEND&quot;
            },
            {
                &quot;time&quot;: &quot;2022-02-16T09:23:55.967Z&quot;,
                &quot;status&quot;: &quot;DELIVERED&quot;
            },
            {
                &quot;time&quot;: &quot;2022-02-16T09:24:55.073Z&quot;,
                &quot;status&quot;: &quot;PENDING&quot;
            },
            {
                &quot;time&quot;: &quot;2022-02-16T09:24:55.106Z&quot;,
                &quot;status&quot;: &quot;SEND&quot;
            },
            {
                &quot;time&quot;: &quot;2022-02-16T09:24:55.144Z&quot;,
                &quot;status&quot;: &quot;DELIVERED&quot;
            },
            {
                &quot;time&quot;: &quot;2022-02-16T09:24:55.971Z&quot;,
                &quot;status&quot;: &quot;PENDING&quot;
            },
            {
                &quot;time&quot;: &quot;2022-02-16T09:24:56.008Z&quot;,
                &quot;status&quot;: &quot;SEND&quot;
            },
            {
                &quot;time&quot;: &quot;2022-02-16T09:24:56.044Z&quot;,
                &quot;status&quot;: &quot;DELIVERED&quot;
            },
            {
                &quot;time&quot;: &quot;2022-02-16T09:26:09.362Z&quot;,
                &quot;status&quot;: &quot;PENDING&quot;
            },
            {
                &quot;time&quot;: &quot;2022-02-16T09:26:09.392Z&quot;,
                &quot;status&quot;: &quot;SEND&quot;
            },
            {
                &quot;time&quot;: &quot;2022-02-16T09:26:09.428Z&quot;,
                &quot;status&quot;: &quot;DELIVERED&quot;
            },
            {
                &quot;time&quot;: &quot;2022-02-16T09:26:10.287Z&quot;,
                &quot;status&quot;: &quot;PENDING&quot;
            },
            {
                &quot;time&quot;: &quot;2022-02-16T09:26:10.317Z&quot;,
                &quot;status&quot;: &quot;SEND&quot;
            },
            {
                &quot;time&quot;: &quot;2022-02-16T09:26:10.353Z&quot;,
                &quot;status&quot;: &quot;DELIVERED&quot;
            },
            {
                &quot;time&quot;: &quot;2022-02-16T09:27:24.861Z&quot;,
                &quot;status&quot;: &quot;PENDING&quot;
            },
            {
                &quot;time&quot;: &quot;2022-02-16T09:27:24.898Z&quot;,
                &quot;status&quot;: &quot;SEND&quot;
            },
            {
                &quot;time&quot;: &quot;2022-02-16T09:27:24.935Z&quot;,
                &quot;status&quot;: &quot;DELIVERED&quot;
            },
            {
                &quot;time&quot;: &quot;2022-02-16T09:27:25.773Z&quot;,
                &quot;status&quot;: &quot;PENDING&quot;
            },
            {
                &quot;time&quot;: &quot;2022-02-16T09:27:25.812Z&quot;,
                &quot;status&quot;: &quot;SEND&quot;
            },
            {
                &quot;time&quot;: &quot;2022-02-16T09:27:25.849Z&quot;,
                &quot;status&quot;: &quot;DELIVERED&quot;
            },
            {
                &quot;time&quot;: &quot;2022-02-16T09:28:06.037Z&quot;,
                &quot;status&quot;: &quot;PENDING&quot;
            },
            {
                &quot;time&quot;: &quot;2022-02-16T09:28:06.069Z&quot;,
                &quot;status&quot;: &quot;SEND&quot;
            },
            {
                &quot;time&quot;: &quot;2022-02-16T09:28:06.107Z&quot;,
                &quot;status&quot;: &quot;DELIVERED&quot;
            },
            {
                &quot;time&quot;: &quot;2022-02-16T09:28:06.968Z&quot;,
                &quot;status&quot;: &quot;PENDING&quot;
            },
            {
                &quot;time&quot;: &quot;2022-02-16T09:28:07.002Z&quot;,
                &quot;status&quot;: &quot;SEND&quot;
            },
            {
                &quot;time&quot;: &quot;2022-02-16T09:28:07.039Z&quot;,
                &quot;status&quot;: &quot;DELIVERED&quot;
            },
            {
                &quot;time&quot;: &quot;2022-02-16T09:28:58.713Z&quot;,
                &quot;status&quot;: &quot;PENDING&quot;
            },
            {
                &quot;time&quot;: &quot;2022-02-16T09:28:58.744Z&quot;,
                &quot;status&quot;: &quot;SEND&quot;
            },
            {
                &quot;time&quot;: &quot;2022-02-16T09:28:58.782Z&quot;,
                &quot;status&quot;: &quot;DELIVERED&quot;
            },
            {
                &quot;time&quot;: &quot;2022-02-16T09:28:59.589Z&quot;,
                &quot;status&quot;: &quot;PENDING&quot;
            },
            {
                &quot;time&quot;: &quot;2022-02-16T09:28:59.620Z&quot;,
                &quot;status&quot;: &quot;SEND&quot;
            },
            {
                &quot;time&quot;: &quot;2022-02-16T09:28:59.658Z&quot;,
                &quot;status&quot;: &quot;DELIVERED&quot;
            },
            {
                &quot;time&quot;: &quot;2022-02-16T09:29:51.098Z&quot;,
                &quot;status&quot;: &quot;PENDING&quot;
            },
            {
                &quot;time&quot;: &quot;2022-02-16T09:29:51.134Z&quot;,
                &quot;status&quot;: &quot;SEND&quot;
            },
            {
                &quot;time&quot;: &quot;2022-02-16T09:29:51.171Z&quot;,
                &quot;status&quot;: &quot;DELIVERED&quot;
            },
            {
                &quot;time&quot;: &quot;2022-02-16T09:29:52.013Z&quot;,
                &quot;status&quot;: &quot;PENDING&quot;
            },
            {
                &quot;time&quot;: &quot;2022-02-16T09:29:52.047Z&quot;,
                &quot;status&quot;: &quot;SEND&quot;
            },
            {
                &quot;time&quot;: &quot;2022-02-16T09:29:52.089Z&quot;,
                &quot;status&quot;: &quot;DELIVERED&quot;
            },
            {
                &quot;time&quot;: &quot;2022-02-16T09:30:33.494Z&quot;,
                &quot;status&quot;: &quot;PENDING&quot;
            },
            {
                &quot;time&quot;: &quot;2022-02-16T09:30:33.534Z&quot;,
                &quot;status&quot;: &quot;SEND&quot;
            },
            {
                &quot;time&quot;: &quot;2022-02-16T09:30:33.571Z&quot;,
                &quot;status&quot;: &quot;DELIVERED&quot;
            },
            {
                &quot;time&quot;: &quot;2022-02-16T09:30:34.412Z&quot;,
                &quot;status&quot;: &quot;PENDING&quot;
            },
            {
                &quot;time&quot;: &quot;2022-02-16T09:30:34.453Z&quot;,
                &quot;status&quot;: &quot;SEND&quot;
            },
            {
                &quot;time&quot;: &quot;2022-02-16T09:30:34.488Z&quot;,
                &quot;status&quot;: &quot;DELIVERED&quot;
            },
            {
                &quot;time&quot;: &quot;2022-02-16T09:32:49.337Z&quot;,
                &quot;status&quot;: &quot;PENDING&quot;
            },
            {
                &quot;time&quot;: &quot;2022-02-16T09:32:49.371Z&quot;,
                &quot;status&quot;: &quot;SEND&quot;
            },
            {
                &quot;time&quot;: &quot;2022-02-16T09:32:49.408Z&quot;,
                &quot;status&quot;: &quot;DELIVERED&quot;
            },
            {
                &quot;time&quot;: &quot;2022-02-16T09:32:50.347Z&quot;,
                &quot;status&quot;: &quot;PENDING&quot;
            },
            {
                &quot;time&quot;: &quot;2022-02-16T09:32:50.382Z&quot;,
                &quot;status&quot;: &quot;SEND&quot;
            },
            {
                &quot;time&quot;: &quot;2022-02-16T09:32:50.423Z&quot;,
                &quot;status&quot;: &quot;DELIVERED&quot;
            },
            {
                &quot;time&quot;: &quot;2022-02-16T09:35:18.696Z&quot;,
                &quot;status&quot;: &quot;PENDING&quot;
            },
            {
                &quot;time&quot;: &quot;2022-02-16T09:35:18.734Z&quot;,
                &quot;status&quot;: &quot;SEND&quot;
            },
            {
                &quot;time&quot;: &quot;2022-02-16T09:35:18.769Z&quot;,
                &quot;status&quot;: &quot;DELIVERED&quot;
            },
            {
                &quot;time&quot;: &quot;2022-02-16T09:35:41.813Z&quot;,
                &quot;status&quot;: &quot;PENDING&quot;
            },
            {
                &quot;time&quot;: &quot;2022-02-16T09:35:41.852Z&quot;,
                &quot;status&quot;: &quot;SEND&quot;
            },
            {
                &quot;time&quot;: &quot;2022-02-16T09:35:41.891Z&quot;,
                &quot;status&quot;: &quot;DELIVERED&quot;
            },
            {
                &quot;time&quot;: &quot;2022-02-16T09:35:42.766Z&quot;,
                &quot;status&quot;: &quot;PENDING&quot;
            },
            {
                &quot;time&quot;: &quot;2022-02-16T09:35:42.811Z&quot;,
                &quot;status&quot;: &quot;SEND&quot;
            },
            {
                &quot;time&quot;: &quot;2022-02-16T09:35:42.849Z&quot;,
                &quot;status&quot;: &quot;DELIVERED&quot;
            },
            {
                &quot;time&quot;: &quot;2022-02-16T09:36:06.394Z&quot;,
                &quot;status&quot;: &quot;PENDING&quot;
            },
            {
                &quot;time&quot;: &quot;2022-02-16T09:36:06.432Z&quot;,
                &quot;status&quot;: &quot;SEND&quot;
            },
            {
                &quot;time&quot;: &quot;2022-02-16T09:36:06.488Z&quot;,
                &quot;status&quot;: &quot;DELIVERED&quot;
            },
            {
                &quot;time&quot;: &quot;2022-02-16T09:36:07.318Z&quot;,
                &quot;status&quot;: &quot;PENDING&quot;
            },
            {
                &quot;time&quot;: &quot;2022-02-16T09:36:07.358Z&quot;,
                &quot;status&quot;: &quot;SEND&quot;
            },
            {
                &quot;time&quot;: &quot;2022-02-16T09:36:07.393Z&quot;,
                &quot;status&quot;: &quot;DELIVERED&quot;
            },
            {
                &quot;time&quot;: &quot;2022-02-16T09:36:30.178Z&quot;,
                &quot;status&quot;: &quot;PENDING&quot;
            },
            {
                &quot;time&quot;: &quot;2022-02-16T09:36:30.210Z&quot;,
                &quot;status&quot;: &quot;SEND&quot;
            },
            {
                &quot;time&quot;: &quot;2022-02-16T09:36:30.248Z&quot;,
                &quot;status&quot;: &quot;DELIVERED&quot;
            },
            {
                &quot;time&quot;: &quot;2022-02-16T09:36:31.123Z&quot;,
                &quot;status&quot;: &quot;PENDING&quot;
            },
            {
                &quot;time&quot;: &quot;2022-02-16T09:36:31.156Z&quot;,
                &quot;status&quot;: &quot;SEND&quot;
            },
            {
                &quot;time&quot;: &quot;2022-02-16T09:36:31.207Z&quot;,
                &quot;status&quot;: &quot;DELIVERED&quot;
            },
            {
                &quot;time&quot;: &quot;2022-02-16T09:37:08.443Z&quot;,
                &quot;status&quot;: &quot;PENDING&quot;
            },
            {
                &quot;time&quot;: &quot;2022-02-16T09:37:08.481Z&quot;,
                &quot;status&quot;: &quot;SEND&quot;
            },
            {
                &quot;time&quot;: &quot;2022-02-16T09:37:08.522Z&quot;,
                &quot;status&quot;: &quot;DELIVERED&quot;
            },
            {
                &quot;time&quot;: &quot;2022-02-16T09:37:09.439Z&quot;,
                &quot;status&quot;: &quot;PENDING&quot;
            },
            {
                &quot;time&quot;: &quot;2022-02-16T09:37:09.478Z&quot;,
                &quot;status&quot;: &quot;SEND&quot;
            },
            {
                &quot;time&quot;: &quot;2022-02-16T09:37:09.516Z&quot;,
                &quot;status&quot;: &quot;DELIVERED&quot;
            },
            {
                &quot;time&quot;: &quot;2022-02-16T09:37:13.026Z&quot;,
                &quot;status&quot;: &quot;PENDING&quot;
            },
            {
                &quot;time&quot;: &quot;2022-02-16T09:37:13.068Z&quot;,
                &quot;status&quot;: &quot;SEND&quot;
            },
            {
                &quot;time&quot;: &quot;2022-02-16T09:37:13.106Z&quot;,
                &quot;status&quot;: &quot;DELIVERED&quot;
            },
            {
                &quot;time&quot;: &quot;2022-02-16T09:37:37.817Z&quot;,
                &quot;status&quot;: &quot;PENDING&quot;
            },
            {
                &quot;time&quot;: &quot;2022-02-16T09:37:37.857Z&quot;,
                &quot;status&quot;: &quot;SEND&quot;
            },
            {
                &quot;time&quot;: &quot;2022-02-16T09:37:37.893Z&quot;,
                &quot;status&quot;: &quot;DELIVERED&quot;
            },
            {
                &quot;time&quot;: &quot;2022-02-16T09:37:38.638Z&quot;,
                &quot;status&quot;: &quot;PENDING&quot;
            },
            {
                &quot;time&quot;: &quot;2022-02-16T09:37:38.675Z&quot;,
                &quot;status&quot;: &quot;SEND&quot;
            },
            {
                &quot;time&quot;: &quot;2022-02-16T09:37:38.712Z&quot;,
                &quot;status&quot;: &quot;DELIVERED&quot;
            },
            {
                &quot;time&quot;: &quot;2022-02-16T09:38:03.926Z&quot;,
                &quot;status&quot;: &quot;PENDING&quot;
            },
            {
                &quot;time&quot;: &quot;2022-02-16T09:38:03.965Z&quot;,
                &quot;status&quot;: &quot;SEND&quot;
            },
            {
                &quot;time&quot;: &quot;2022-02-16T09:38:04.001Z&quot;,
                &quot;status&quot;: &quot;DELIVERED&quot;
            },
            {
                &quot;time&quot;: &quot;2022-02-16T09:38:04.819Z&quot;,
                &quot;status&quot;: &quot;PENDING&quot;
            },
            {
                &quot;time&quot;: &quot;2022-02-16T09:38:04.864Z&quot;,
                &quot;status&quot;: &quot;SEND&quot;
            },
            {
                &quot;time&quot;: &quot;2022-02-16T09:38:04.911Z&quot;,
                &quot;status&quot;: &quot;DELIVERED&quot;
            },
            {
                &quot;time&quot;: &quot;2022-02-16T09:53:50.860Z&quot;,
                &quot;status&quot;: &quot;PENDING&quot;
            },
            {
                &quot;time&quot;: &quot;2022-02-16T09:53:50.900Z&quot;,
                &quot;status&quot;: &quot;SEND&quot;
            },
            {
                &quot;time&quot;: &quot;2022-02-16T09:53:50.939Z&quot;,
                &quot;status&quot;: &quot;DELIVERED&quot;
            },
            {
                &quot;time&quot;: &quot;2022-02-16T09:53:51.831Z&quot;,
                &quot;status&quot;: &quot;PENDING&quot;
            },
            {
                &quot;time&quot;: &quot;2022-02-16T09:53:51.869Z&quot;,
                &quot;status&quot;: &quot;SEND&quot;
            },
            {
                &quot;time&quot;: &quot;2022-02-16T09:53:51.917Z&quot;,
                &quot;status&quot;: &quot;DELIVERED&quot;
            },
            {
                &quot;time&quot;: &quot;2022-02-16T09:56:32.333Z&quot;,
                &quot;status&quot;: &quot;PENDING&quot;
            },
            {
                &quot;time&quot;: &quot;2022-02-16T09:56:32.376Z&quot;,
                &quot;status&quot;: &quot;SEND&quot;
            },
            {
                &quot;time&quot;: &quot;2022-02-16T09:56:32.413Z&quot;,
                &quot;status&quot;: &quot;DELIVERED&quot;
            },
            {
                &quot;time&quot;: &quot;2022-02-16T09:56:33.226Z&quot;,
                &quot;status&quot;: &quot;PENDING&quot;
            },
            {
                &quot;time&quot;: &quot;2022-02-16T09:56:33.279Z&quot;,
                &quot;status&quot;: &quot;SEND&quot;
            },
            {
                &quot;time&quot;: &quot;2022-02-16T09:56:33.321Z&quot;,
                &quot;status&quot;: &quot;DELIVERED&quot;
            },
            {
                &quot;time&quot;: &quot;2022-02-16T09:59:11.843Z&quot;,
                &quot;status&quot;: &quot;PENDING&quot;
            },
            {
                &quot;time&quot;: &quot;2022-02-16T09:59:11.885Z&quot;,
                &quot;status&quot;: &quot;SEND&quot;
            },
            {
                &quot;time&quot;: &quot;2022-02-16T09:59:11.929Z&quot;,
                &quot;status&quot;: &quot;DELIVERED&quot;
            },
            {
                &quot;time&quot;: &quot;2022-02-16T09:59:12.799Z&quot;,
                &quot;status&quot;: &quot;PENDING&quot;
            },
            {
                &quot;time&quot;: &quot;2022-02-16T09:59:12.857Z&quot;,
                &quot;status&quot;: &quot;SEND&quot;
            },
            {
                &quot;time&quot;: &quot;2022-02-16T09:59:12.913Z&quot;,
                &quot;status&quot;: &quot;DELIVERED&quot;
            },
            {
                &quot;time&quot;: &quot;2022-02-16T10:01:50.751Z&quot;,
                &quot;status&quot;: &quot;PENDING&quot;
            },
            {
                &quot;time&quot;: &quot;2022-02-16T10:01:50.791Z&quot;,
                &quot;status&quot;: &quot;SEND&quot;
            },
            {
                &quot;time&quot;: &quot;2022-02-16T10:01:50.828Z&quot;,
                &quot;status&quot;: &quot;DELIVERED&quot;
            },
            {
                &quot;time&quot;: &quot;2022-02-16T10:01:51.673Z&quot;,
                &quot;status&quot;: &quot;PENDING&quot;
            },
            {
                &quot;time&quot;: &quot;2022-02-16T10:01:51.713Z&quot;,
                &quot;status&quot;: &quot;SEND&quot;
            },
            {
                &quot;time&quot;: &quot;2022-02-16T10:01:51.755Z&quot;,
                &quot;status&quot;: &quot;DELIVERED&quot;
            },
            {
                &quot;time&quot;: &quot;2022-02-16T10:04:30.106Z&quot;,
                &quot;status&quot;: &quot;PENDING&quot;
            },
            {
                &quot;time&quot;: &quot;2022-02-16T10:04:30.153Z&quot;,
                &quot;status&quot;: &quot;SEND&quot;
            },
            {
                &quot;time&quot;: &quot;2022-02-16T10:04:30.200Z&quot;,
                &quot;status&quot;: &quot;DELIVERED&quot;
            },
            {
                &quot;time&quot;: &quot;2022-02-16T10:04:31.076Z&quot;,
                &quot;status&quot;: &quot;PENDING&quot;
            },
            {
                &quot;time&quot;: &quot;2022-02-16T10:04:31.122Z&quot;,
                &quot;status&quot;: &quot;SEND&quot;
            },
            {
                &quot;time&quot;: &quot;2022-02-16T10:04:31.164Z&quot;,
                &quot;status&quot;: &quot;DELIVERED&quot;
            },
            {
                &quot;time&quot;: &quot;2022-02-16T10:07:10.462Z&quot;,
                &quot;status&quot;: &quot;PENDING&quot;
            },
            {
                &quot;time&quot;: &quot;2022-02-16T10:07:10.499Z&quot;,
                &quot;status&quot;: &quot;SEND&quot;
            },
            {
                &quot;time&quot;: &quot;2022-02-16T10:07:10.537Z&quot;,
                &quot;status&quot;: &quot;DELIVERED&quot;
            },
            {
                &quot;time&quot;: &quot;2022-02-16T10:07:11.343Z&quot;,
                &quot;status&quot;: &quot;PENDING&quot;
            },
            {
                &quot;time&quot;: &quot;2022-02-16T10:07:11.380Z&quot;,
                &quot;status&quot;: &quot;SEND&quot;
            },
            {
                &quot;time&quot;: &quot;2022-02-16T10:07:11.418Z&quot;,
                &quot;status&quot;: &quot;DELIVERED&quot;
            },
            {
                &quot;time&quot;: &quot;2022-02-16T10:09:49.720Z&quot;,
                &quot;status&quot;: &quot;PENDING&quot;
            },
            {
                &quot;time&quot;: &quot;2022-02-16T10:09:49.762Z&quot;,
                &quot;status&quot;: &quot;SEND&quot;
            },
            {
                &quot;time&quot;: &quot;2022-02-16T10:09:49.803Z&quot;,
                &quot;status&quot;: &quot;DELIVERED&quot;
            },
            {
                &quot;time&quot;: &quot;2022-02-16T10:09:50.610Z&quot;,
                &quot;status&quot;: &quot;PENDING&quot;
            },
            {
                &quot;time&quot;: &quot;2022-02-16T10:09:50.651Z&quot;,
                &quot;status&quot;: &quot;SEND&quot;
            },
            {
                &quot;time&quot;: &quot;2022-02-16T10:09:50.691Z&quot;,
                &quot;status&quot;: &quot;DELIVERED&quot;
            },
            {
                &quot;time&quot;: &quot;2022-02-16T10:12:29.403Z&quot;,
                &quot;status&quot;: &quot;PENDING&quot;
            },
            {
                &quot;time&quot;: &quot;2022-02-16T10:12:29.449Z&quot;,
                &quot;status&quot;: &quot;SEND&quot;
            },
            {
                &quot;time&quot;: &quot;2022-02-16T10:12:29.494Z&quot;,
                &quot;status&quot;: &quot;DELIVERED&quot;
            },
            {
                &quot;time&quot;: &quot;2022-02-16T10:12:30.338Z&quot;,
                &quot;status&quot;: &quot;PENDING&quot;
            },
            {
                &quot;time&quot;: &quot;2022-02-16T10:12:30.379Z&quot;,
                &quot;status&quot;: &quot;SEND&quot;
            },
            {
                &quot;time&quot;: &quot;2022-02-16T10:12:30.423Z&quot;,
                &quot;status&quot;: &quot;DELIVERED&quot;
            },
            {
                &quot;time&quot;: &quot;2022-02-16T10:15:08.464Z&quot;,
                &quot;status&quot;: &quot;PENDING&quot;
            },
            {
                &quot;time&quot;: &quot;2022-02-16T10:15:08.507Z&quot;,
                &quot;status&quot;: &quot;SEND&quot;
            },
            {
                &quot;time&quot;: &quot;2022-02-16T10:15:08.549Z&quot;,
                &quot;status&quot;: &quot;DELIVERED&quot;
            },
            {
                &quot;time&quot;: &quot;2022-02-16T10:15:09.384Z&quot;,
                &quot;status&quot;: &quot;PENDING&quot;
            },
            {
                &quot;time&quot;: &quot;2022-02-16T10:15:09.428Z&quot;,
                &quot;status&quot;: &quot;SEND&quot;
            }
        ],
        &quot;status&quot;: &quot;DELIVERED&quot;
    },
    &quot;creationTime&quot;: &quot;2022-02-16T09:22:46.140Z&quot;,
    &quot;deviceId&quot;: &quot;14273295&quot;,
    &quot;deviceName&quot;: &quot;offsitec&quot;,
    &quot;self&quot;: &quot;https://t493319102.eu-latest.cumulocity.com/devicecontrol/operations/14275540&quot;,
    &quot;id&quot;: &quot;14275540&quot;,
    &quot;status&quot;: &quot;PENDING&quot;,
    &quot;c8y_LogfileRequest&quot;: {
        &quot;searchText&quot;: &quot;&quot;,
        &quot;logFile&quot;: &quot;software-management&quot;,
        &quot;dateTo&quot;: &quot;2021-11-21T18:55:49+0530&quot;,
        &quot;dateFrom&quot;: &quot;2021-11-15T18:55:49+0530&quot;,
        &quot;maximumLines&quot;: 300
    },
    &quot;description&quot;: &quot;Log file request&quot;
}
10:17:24 DEBUG Final URL of the request: https://thin-edge-io.eu-latest.cumulocity.com/devicecontrol/operations?deviceId=14273295&amp;pageSize=1&amp;revert=true&amp;dateFrom=1970-01-01T00%3A00%3A00.000Z
10:17:24 INFO  State of current operation: PENDING
10:17:24 DEBUG Final URL of the request: https://thin-edge-io.eu-latest.cumulocity.com/devicecontrol/operations?deviceId=14273295&amp;pageSize=1&amp;revert=true&amp;dateFrom=1970-01-01T00%3A00%3A00.000Z
10:17:24 DEBUG State of current operation: {
    &quot;delivery&quot;: {
        &quot;time&quot;: &quot;2022-02-16T10:15:09.472Z&quot;,
        &quot;log&quot;: [
            {
                &quot;time&quot;: &quot;2022-02-16T09:22:46.166Z&quot;,
                &quot;status&quot;: &quot;PENDING&quot;
            },
            {
                &quot;time&quot;: &quot;2022-02-16T09:22:46.185Z&quot;,
                &quot;status&quot;: &quot;SEND&quot;
            },
            {
                &quot;time&quot;: &quot;2022-02-16T09:22:46.219Z&quot;,
                &quot;status&quot;: &quot;DELIVERED&quot;
            },
            {
                &quot;time&quot;: &quot;2022-02-16T09:23:55.047Z&quot;,
                &quot;status&quot;: &quot;PENDING&quot;
            },
            {
                &quot;time&quot;: &quot;2022-02-16T09:23:55.077Z&quot;,
                &quot;status&quot;: &quot;SEND&quot;
            },
            {
                &quot;time&quot;: &quot;2022-02-16T09:23:55.114Z&quot;,
                &quot;status&quot;: &quot;DELIVERED&quot;
            },
            {
                &quot;time&quot;: &quot;2022-02-16T09:23:55.901Z&quot;,
                &quot;status&quot;: &quot;PENDING&quot;
            },
            {
                &quot;time&quot;: &quot;2022-02-16T09:23:55.930Z&quot;,
                &quot;status&quot;: &quot;SEND&quot;
            },
            {
                &quot;time&quot;: &quot;2022-02-16T09:23:55.967Z&quot;,
                &quot;status&quot;: &quot;DELIVERED&quot;
            },
            {
                &quot;time&quot;: &quot;2022-02-16T09:24:55.073Z&quot;,
                &quot;status&quot;: &quot;PENDING&quot;
            },
            {
                &quot;time&quot;: &quot;2022-02-16T09:24:55.106Z&quot;,
                &quot;status&quot;: &quot;SEND&quot;
            },
            {
                &quot;time&quot;: &quot;2022-02-16T09:24:55.144Z&quot;,
                &quot;status&quot;: &quot;DELIVERED&quot;
            },
            {
                &quot;time&quot;: &quot;2022-02-16T09:24:55.971Z&quot;,
                &quot;status&quot;: &quot;PENDING&quot;
            },
            {
                &quot;time&quot;: &quot;2022-02-16T09:24:56.008Z&quot;,
                &quot;status&quot;: &quot;SEND&quot;
            },
            {
                &quot;time&quot;: &quot;2022-02-16T09:24:56.044Z&quot;,
                &quot;status&quot;: &quot;DELIVERED&quot;
            },
            {
                &quot;time&quot;: &quot;2022-02-16T09:26:09.362Z&quot;,
                &quot;status&quot;: &quot;PENDING&quot;
            },
            {
                &quot;time&quot;: &quot;2022-02-16T09:26:09.392Z&quot;,
                &quot;status&quot;: &quot;SEND&quot;
            },
            {
                &quot;time&quot;: &quot;2022-02-16T09:26:09.428Z&quot;,
                &quot;status&quot;: &quot;DELIVERED&quot;
            },
            {
                &quot;time&quot;: &quot;2022-02-16T09:26:10.287Z&quot;,
                &quot;status&quot;: &quot;PENDING&quot;
            },
            {
                &quot;time&quot;: &quot;2022-02-16T09:26:10.317Z&quot;,
                &quot;status&quot;: &quot;SEND&quot;
            },
            {
                &quot;time&quot;: &quot;2022-02-16T09:26:10.353Z&quot;,
                &quot;status&quot;: &quot;DELIVERED&quot;
            },
            {
                &quot;time&quot;: &quot;2022-02-16T09:27:24.861Z&quot;,
                &quot;status&quot;: &quot;PENDING&quot;
            },
            {
                &quot;time&quot;: &quot;2022-02-16T09:27:24.898Z&quot;,
                &quot;status&quot;: &quot;SEND&quot;
            },
            {
                &quot;time&quot;: &quot;2022-02-16T09:27:24.935Z&quot;,
                &quot;status&quot;: &quot;DELIVERED&quot;
            },
            {
                &quot;time&quot;: &quot;2022-02-16T09:27:25.773Z&quot;,
                &quot;status&quot;: &quot;PENDING&quot;
            },
            {
                &quot;time&quot;: &quot;2022-02-16T09:27:25.812Z&quot;,
                &quot;status&quot;: &quot;SEND&quot;
            },
            {
                &quot;time&quot;: &quot;2022-02-16T09:27:25.849Z&quot;,
                &quot;status&quot;: &quot;DELIVERED&quot;
            },
            {
                &quot;time&quot;: &quot;2022-02-16T09:28:06.037Z&quot;,
                &quot;status&quot;: &quot;PENDING&quot;
            },
            {
                &quot;time&quot;: &quot;2022-02-16T09:28:06.069Z&quot;,
                &quot;status&quot;: &quot;SEND&quot;
            },
            {
                &quot;time&quot;: &quot;2022-02-16T09:28:06.107Z&quot;,
                &quot;status&quot;: &quot;DELIVERED&quot;
            },
            {
                &quot;time&quot;: &quot;2022-02-16T09:28:06.968Z&quot;,
                &quot;status&quot;: &quot;PENDING&quot;
            },
            {
                &quot;time&quot;: &quot;2022-02-16T09:28:07.002Z&quot;,
                &quot;status&quot;: &quot;SEND&quot;
            },
            {
                &quot;time&quot;: &quot;2022-02-16T09:28:07.039Z&quot;,
                &quot;status&quot;: &quot;DELIVERED&quot;
            },
            {
                &quot;time&quot;: &quot;2022-02-16T09:28:58.713Z&quot;,
                &quot;status&quot;: &quot;PENDING&quot;
            },
            {
                &quot;time&quot;: &quot;2022-02-16T09:28:58.744Z&quot;,
                &quot;status&quot;: &quot;SEND&quot;
            },
            {
                &quot;time&quot;: &quot;2022-02-16T09:28:58.782Z&quot;,
                &quot;status&quot;: &quot;DELIVERED&quot;
            },
            {
                &quot;time&quot;: &quot;2022-02-16T09:28:59.589Z&quot;,
                &quot;status&quot;: &quot;PENDING&quot;
            },
            {
                &quot;time&quot;: &quot;2022-02-16T09:28:59.620Z&quot;,
                &quot;status&quot;: &quot;SEND&quot;
            },
            {
                &quot;time&quot;: &quot;2022-02-16T09:28:59.658Z&quot;,
                &quot;status&quot;: &quot;DELIVERED&quot;
            },
            {
                &quot;time&quot;: &quot;2022-02-16T09:29:51.098Z&quot;,
                &quot;status&quot;: &quot;PENDING&quot;
            },
            {
                &quot;time&quot;: &quot;2022-02-16T09:29:51.134Z&quot;,
                &quot;status&quot;: &quot;SEND&quot;
            },
            {
                &quot;time&quot;: &quot;2022-02-16T09:29:51.171Z&quot;,
                &quot;status&quot;: &quot;DELIVERED&quot;
            },
            {
                &quot;time&quot;: &quot;2022-02-16T09:29:52.013Z&quot;,
                &quot;status&quot;: &quot;PENDING&quot;
            },
            {
                &quot;time&quot;: &quot;2022-02-16T09:29:52.047Z&quot;,
                &quot;status&quot;: &quot;SEND&quot;
            },
            {
                &quot;time&quot;: &quot;2022-02-16T09:29:52.089Z&quot;,
                &quot;status&quot;: &quot;DELIVERED&quot;
            },
            {
                &quot;time&quot;: &quot;2022-02-16T09:30:33.494Z&quot;,
                &quot;status&quot;: &quot;PENDING&quot;
            },
            {
                &quot;time&quot;: &quot;2022-02-16T09:30:33.534Z&quot;,
                &quot;status&quot;: &quot;SEND&quot;
            },
            {
                &quot;time&quot;: &quot;2022-02-16T09:30:33.571Z&quot;,
                &quot;status&quot;: &quot;DELIVERED&quot;
            },
            {
                &quot;time&quot;: &quot;2022-02-16T09:30:34.412Z&quot;,
                &quot;status&quot;: &quot;PENDING&quot;
            },
            {
                &quot;time&quot;: &quot;2022-02-16T09:30:34.453Z&quot;,
                &quot;status&quot;: &quot;SEND&quot;
            },
            {
                &quot;time&quot;: &quot;2022-02-16T09:30:34.488Z&quot;,
                &quot;status&quot;: &quot;DELIVERED&quot;
            },
            {
                &quot;time&quot;: &quot;2022-02-16T09:32:49.337Z&quot;,
                &quot;status&quot;: &quot;PENDING&quot;
            },
            {
                &quot;time&quot;: &quot;2022-02-16T09:32:49.371Z&quot;,
                &quot;status&quot;: &quot;SEND&quot;
            },
            {
                &quot;time&quot;: &quot;2022-02-16T09:32:49.408Z&quot;,
                &quot;status&quot;: &quot;DELIVERED&quot;
            },
            {
                &quot;time&quot;: &quot;2022-02-16T09:32:50.347Z&quot;,
                &quot;status&quot;: &quot;PENDING&quot;
            },
            {
                &quot;time&quot;: &quot;2022-02-16T09:32:50.382Z&quot;,
                &quot;status&quot;: &quot;SEND&quot;
            },
            {
                &quot;time&quot;: &quot;2022-02-16T09:32:50.423Z&quot;,
                &quot;status&quot;: &quot;DELIVERED&quot;
            },
            {
                &quot;time&quot;: &quot;2022-02-16T09:35:18.696Z&quot;,
                &quot;status&quot;: &quot;PENDING&quot;
            },
            {
                &quot;time&quot;: &quot;2022-02-16T09:35:18.734Z&quot;,
                &quot;status&quot;: &quot;SEND&quot;
            },
            {
                &quot;time&quot;: &quot;2022-02-16T09:35:18.769Z&quot;,
                &quot;status&quot;: &quot;DELIVERED&quot;
            },
            {
                &quot;time&quot;: &quot;2022-02-16T09:35:41.813Z&quot;,
                &quot;status&quot;: &quot;PENDING&quot;
            },
            {
                &quot;time&quot;: &quot;2022-02-16T09:35:41.852Z&quot;,
                &quot;status&quot;: &quot;SEND&quot;
            },
            {
                &quot;time&quot;: &quot;2022-02-16T09:35:41.891Z&quot;,
                &quot;status&quot;: &quot;DELIVERED&quot;
            },
            {
                &quot;time&quot;: &quot;2022-02-16T09:35:42.766Z&quot;,
                &quot;status&quot;: &quot;PENDING&quot;
            },
            {
                &quot;time&quot;: &quot;2022-02-16T09:35:42.811Z&quot;,
                &quot;status&quot;: &quot;SEND&quot;
            },
            {
                &quot;time&quot;: &quot;2022-02-16T09:35:42.849Z&quot;,
                &quot;status&quot;: &quot;DELIVERED&quot;
            },
            {
                &quot;time&quot;: &quot;2022-02-16T09:36:06.394Z&quot;,
                &quot;status&quot;: &quot;PENDING&quot;
            },
            {
                &quot;time&quot;: &quot;2022-02-16T09:36:06.432Z&quot;,
                &quot;status&quot;: &quot;SEND&quot;
            },
            {
                &quot;time&quot;: &quot;2022-02-16T09:36:06.488Z&quot;,
                &quot;status&quot;: &quot;DELIVERED&quot;
            },
            {
                &quot;time&quot;: &quot;2022-02-16T09:36:07.318Z&quot;,
                &quot;status&quot;: &quot;PENDING&quot;
            },
            {
                &quot;time&quot;: &quot;2022-02-16T09:36:07.358Z&quot;,
                &quot;status&quot;: &quot;SEND&quot;
            },
            {
                &quot;time&quot;: &quot;2022-02-16T09:36:07.393Z&quot;,
                &quot;status&quot;: &quot;DELIVERED&quot;
            },
            {
                &quot;time&quot;: &quot;2022-02-16T09:36:30.178Z&quot;,
                &quot;status&quot;: &quot;PENDING&quot;
            },
            {
                &quot;time&quot;: &quot;2022-02-16T09:36:30.210Z&quot;,
                &quot;status&quot;: &quot;SEND&quot;
            },
            {
                &quot;time&quot;: &quot;2022-02-16T09:36:30.248Z&quot;,
                &quot;status&quot;: &quot;DELIVERED&quot;
            },
            {
                &quot;time&quot;: &quot;2022-02-16T09:36:31.123Z&quot;,
                &quot;status&quot;: &quot;PENDING&quot;
            },
            {
                &quot;time&quot;: &quot;2022-02-16T09:36:31.156Z&quot;,
                &quot;status&quot;: &quot;SEND&quot;
            },
            {
                &quot;time&quot;: &quot;2022-02-16T09:36:31.207Z&quot;,
                &quot;status&quot;: &quot;DELIVERED&quot;
            },
            {
                &quot;time&quot;: &quot;2022-02-16T09:37:08.443Z&quot;,
                &quot;status&quot;: &quot;PENDING&quot;
            },
            {
                &quot;time&quot;: &quot;2022-02-16T09:37:08.481Z&quot;,
                &quot;status&quot;: &quot;SEND&quot;
            },
            {
                &quot;time&quot;: &quot;2022-02-16T09:37:08.522Z&quot;,
                &quot;status&quot;: &quot;DELIVERED&quot;
            },
            {
                &quot;time&quot;: &quot;2022-02-16T09:37:09.439Z&quot;,
                &quot;status&quot;: &quot;PENDING&quot;
            },
            {
                &quot;time&quot;: &quot;2022-02-16T09:37:09.478Z&quot;,
                &quot;status&quot;: &quot;SEND&quot;
            },
            {
                &quot;time&quot;: &quot;2022-02-16T09:37:09.516Z&quot;,
                &quot;status&quot;: &quot;DELIVERED&quot;
            },
            {
                &quot;time&quot;: &quot;2022-02-16T09:37:13.026Z&quot;,
                &quot;status&quot;: &quot;PENDING&quot;
            },
            {
                &quot;time&quot;: &quot;2022-02-16T09:37:13.068Z&quot;,
                &quot;status&quot;: &quot;SEND&quot;
            },
            {
                &quot;time&quot;: &quot;2022-02-16T09:37:13.106Z&quot;,
                &quot;status&quot;: &quot;DELIVERED&quot;
            },
            {
                &quot;time&quot;: &quot;2022-02-16T09:37:37.817Z&quot;,
                &quot;status&quot;: &quot;PENDING&quot;
            },
            {
                &quot;time&quot;: &quot;2022-02-16T09:37:37.857Z&quot;,
                &quot;status&quot;: &quot;SEND&quot;
            },
            {
                &quot;time&quot;: &quot;2022-02-16T09:37:37.893Z&quot;,
                &quot;status&quot;: &quot;DELIVERED&quot;
            },
            {
                &quot;time&quot;: &quot;2022-02-16T09:37:38.638Z&quot;,
                &quot;status&quot;: &quot;PENDING&quot;
            },
            {
                &quot;time&quot;: &quot;2022-02-16T09:37:38.675Z&quot;,
                &quot;status&quot;: &quot;SEND&quot;
            },
            {
                &quot;time&quot;: &quot;2022-02-16T09:37:38.712Z&quot;,
                &quot;status&quot;: &quot;DELIVERED&quot;
            },
            {
                &quot;time&quot;: &quot;2022-02-16T09:38:03.926Z&quot;,
                &quot;status&quot;: &quot;PENDING&quot;
            },
            {
                &quot;time&quot;: &quot;2022-02-16T09:38:03.965Z&quot;,
                &quot;status&quot;: &quot;SEND&quot;
            },
            {
                &quot;time&quot;: &quot;2022-02-16T09:38:04.001Z&quot;,
                &quot;status&quot;: &quot;DELIVERED&quot;
            },
            {
                &quot;time&quot;: &quot;2022-02-16T09:38:04.819Z&quot;,
                &quot;status&quot;: &quot;PENDING&quot;
            },
            {
                &quot;time&quot;: &quot;2022-02-16T09:38:04.864Z&quot;,
                &quot;status&quot;: &quot;SEND&quot;
            },
            {
                &quot;time&quot;: &quot;2022-02-16T09:38:04.911Z&quot;,
                &quot;status&quot;: &quot;DELIVERED&quot;
            },
            {
                &quot;time&quot;: &quot;2022-02-16T09:53:50.860Z&quot;,
                &quot;status&quot;: &quot;PENDING&quot;
            },
            {
                &quot;time&quot;: &quot;2022-02-16T09:53:50.900Z&quot;,
                &quot;status&quot;: &quot;SEND&quot;
            },
            {
                &quot;time&quot;: &quot;2022-02-16T09:53:50.939Z&quot;,
                &quot;status&quot;: &quot;DELIVERED&quot;
            },
            {
                &quot;time&quot;: &quot;2022-02-16T09:53:51.831Z&quot;,
                &quot;status&quot;: &quot;PENDING&quot;
            },
            {
                &quot;time&quot;: &quot;2022-02-16T09:53:51.869Z&quot;,
                &quot;status&quot;: &quot;SEND&quot;
            },
            {
                &quot;time&quot;: &quot;2022-02-16T09:53:51.917Z&quot;,
                &quot;status&quot;: &quot;DELIVERED&quot;
            },
            {
                &quot;time&quot;: &quot;2022-02-16T09:56:32.333Z&quot;,
                &quot;status&quot;: &quot;PENDING&quot;
            },
            {
                &quot;time&quot;: &quot;2022-02-16T09:56:32.376Z&quot;,
                &quot;status&quot;: &quot;SEND&quot;
            },
            {
                &quot;time&quot;: &quot;2022-02-16T09:56:32.413Z&quot;,
                &quot;status&quot;: &quot;DELIVERED&quot;
            },
            {
                &quot;time&quot;: &quot;2022-02-16T09:56:33.226Z&quot;,
                &quot;status&quot;: &quot;PENDING&quot;
            },
            {
                &quot;time&quot;: &quot;2022-02-16T09:56:33.279Z&quot;,
                &quot;status&quot;: &quot;SEND&quot;
            },
            {
                &quot;time&quot;: &quot;2022-02-16T09:56:33.321Z&quot;,
                &quot;status&quot;: &quot;DELIVERED&quot;
            },
            {
                &quot;time&quot;: &quot;2022-02-16T09:59:11.843Z&quot;,
                &quot;status&quot;: &quot;PENDING&quot;
            },
            {
                &quot;time&quot;: &quot;2022-02-16T09:59:11.885Z&quot;,
                &quot;status&quot;: &quot;SEND&quot;
            },
            {
                &quot;time&quot;: &quot;2022-02-16T09:59:11.929Z&quot;,
                &quot;status&quot;: &quot;DELIVERED&quot;
            },
            {
                &quot;time&quot;: &quot;2022-02-16T09:59:12.799Z&quot;,
                &quot;status&quot;: &quot;PENDING&quot;
            },
            {
                &quot;time&quot;: &quot;2022-02-16T09:59:12.857Z&quot;,
                &quot;status&quot;: &quot;SEND&quot;
            },
            {
                &quot;time&quot;: &quot;2022-02-16T09:59:12.913Z&quot;,
                &quot;status&quot;: &quot;DELIVERED&quot;
            },
            {
                &quot;time&quot;: &quot;2022-02-16T10:01:50.751Z&quot;,
                &quot;status&quot;: &quot;PENDING&quot;
            },
            {
                &quot;time&quot;: &quot;2022-02-16T10:01:50.791Z&quot;,
                &quot;status&quot;: &quot;SEND&quot;
            },
            {
                &quot;time&quot;: &quot;2022-02-16T10:01:50.828Z&quot;,
                &quot;status&quot;: &quot;DELIVERED&quot;
            },
            {
                &quot;time&quot;: &quot;2022-02-16T10:01:51.673Z&quot;,
                &quot;status&quot;: &quot;PENDING&quot;
            },
            {
                &quot;time&quot;: &quot;2022-02-16T10:01:51.713Z&quot;,
                &quot;status&quot;: &quot;SEND&quot;
            },
            {
                &quot;time&quot;: &quot;2022-02-16T10:01:51.755Z&quot;,
                &quot;status&quot;: &quot;DELIVERED&quot;
            },
            {
                &quot;time&quot;: &quot;2022-02-16T10:04:30.106Z&quot;,
                &quot;status&quot;: &quot;PENDING&quot;
            },
            {
                &quot;time&quot;: &quot;2022-02-16T10:04:30.153Z&quot;,
                &quot;status&quot;: &quot;SEND&quot;
            },
            {
                &quot;time&quot;: &quot;2022-02-16T10:04:30.200Z&quot;,
                &quot;status&quot;: &quot;DELIVERED&quot;
            },
            {
                &quot;time&quot;: &quot;2022-02-16T10:04:31.076Z&quot;,
                &quot;status&quot;: &quot;PENDING&quot;
            },
            {
                &quot;time&quot;: &quot;2022-02-16T10:04:31.122Z&quot;,
                &quot;status&quot;: &quot;SEND&quot;
            },
            {
                &quot;time&quot;: &quot;2022-02-16T10:04:31.164Z&quot;,
                &quot;status&quot;: &quot;DELIVERED&quot;
            },
            {
                &quot;time&quot;: &quot;2022-02-16T10:07:10.462Z&quot;,
                &quot;status&quot;: &quot;PENDING&quot;
            },
            {
                &quot;time&quot;: &quot;2022-02-16T10:07:10.499Z&quot;,
                &quot;status&quot;: &quot;SEND&quot;
            },
            {
                &quot;time&quot;: &quot;2022-02-16T10:07:10.537Z&quot;,
                &quot;status&quot;: &quot;DELIVERED&quot;
            },
            {
                &quot;time&quot;: &quot;2022-02-16T10:07:11.343Z&quot;,
                &quot;status&quot;: &quot;PENDING&quot;
            },
            {
                &quot;time&quot;: &quot;2022-02-16T10:07:11.380Z&quot;,
                &quot;status&quot;: &quot;SEND&quot;
            },
            {
                &quot;time&quot;: &quot;2022-02-16T10:07:11.418Z&quot;,
                &quot;status&quot;: &quot;DELIVERED&quot;
            },
            {
                &quot;time&quot;: &quot;2022-02-16T10:09:49.720Z&quot;,
                &quot;status&quot;: &quot;PENDING&quot;
            },
            {
                &quot;time&quot;: &quot;2022-02-16T10:09:49.762Z&quot;,
                &quot;status&quot;: &quot;SEND&quot;
            },
            {
                &quot;time&quot;: &quot;2022-02-16T10:09:49.803Z&quot;,
                &quot;status&quot;: &quot;DELIVERED&quot;
            },
            {
                &quot;time&quot;: &quot;2022-02-16T10:09:50.610Z&quot;,
                &quot;status&quot;: &quot;PENDING&quot;
            },
            {
                &quot;time&quot;: &quot;2022-02-16T10:09:50.651Z&quot;,
                &quot;status&quot;: &quot;SEND&quot;
            },
            {
                &quot;time&quot;: &quot;2022-02-16T10:09:50.691Z&quot;,
                &quot;status&quot;: &quot;DELIVERED&quot;
            },
            {
                &quot;time&quot;: &quot;2022-02-16T10:12:29.403Z&quot;,
                &quot;status&quot;: &quot;PENDING&quot;
            },
            {
                &quot;time&quot;: &quot;2022-02-16T10:12:29.449Z&quot;,
                &quot;status&quot;: &quot;SEND&quot;
            },
            {
                &quot;time&quot;: &quot;2022-02-16T10:12:29.494Z&quot;,
                &quot;status&quot;: &quot;DELIVERED&quot;
            },
            {
                &quot;time&quot;: &quot;2022-02-16T10:12:30.338Z&quot;,
                &quot;status&quot;: &quot;PENDING&quot;
            },
            {
                &quot;time&quot;: &quot;2022-02-16T10:12:30.379Z&quot;,
                &quot;status&quot;: &quot;SEND&quot;
            },
            {
                &quot;time&quot;: &quot;2022-02-16T10:12:30.423Z&quot;,
                &quot;status&quot;: &quot;DELIVERED&quot;
            },
            {
                &quot;time&quot;: &quot;2022-02-16T10:15:08.464Z&quot;,
                &quot;status&quot;: &quot;PENDING&quot;
            },
            {
                &quot;time&quot;: &quot;2022-02-16T10:15:08.507Z&quot;,
                &quot;status&quot;: &quot;SEND&quot;
            },
            {
                &quot;time&quot;: &quot;2022-02-16T10:15:08.549Z&quot;,
                &quot;status&quot;: &quot;DELIVERED&quot;
            },
            {
                &quot;time&quot;: &quot;2022-02-16T10:15:09.384Z&quot;,
                &quot;status&quot;: &quot;PENDING&quot;
            },
            {
                &quot;time&quot;: &quot;2022-02-16T10:15:09.428Z&quot;,
                &quot;status&quot;: &quot;SEND&quot;
            }
        ],
        &quot;status&quot;: &quot;DELIVERED&quot;
    },
    &quot;creationTime&quot;: &quot;2022-02-16T09:22:46.140Z&quot;,
    &quot;deviceId&quot;: &quot;14273295&quot;,
    &quot;deviceName&quot;: &quot;offsitec&quot;,
    &quot;self&quot;: &quot;https://t493319102.eu-latest.cumulocity.com/devicecontrol/operations/14275540&quot;,
    &quot;id&quot;: &quot;14275540&quot;,
    &quot;status&quot;: &quot;PENDING&quot;,
    &quot;c8y_LogfileRequest&quot;: {
        &quot;searchText&quot;: &quot;&quot;,
        &quot;logFile&quot;: &quot;software-management&quot;,
        &quot;dateTo&quot;: &quot;2021-11-21T18:55:49+0530&quot;,
        &quot;dateFrom&quot;: &quot;2021-11-15T18:55:49+0530&quot;,
        &quot;maximumLines&quot;: 300
    },
    &quot;description&quot;: &quot;Log file request&quot;
}
10:17:26 WARN  caught &lt;class 'SystemError'&gt; while running test: Timeout while waiting for status FAILED or SUCCESSFUL
Traceback (most recent call last):
  File &quot;/home/pi/env-pysys/lib/python3.7/site-packages/pysys/baserunner.py&quot;, line 1207, in __call__
    self.testObj.setup()
  File &quot;/home/pi/actions-runner/_work/thin-edge.io/thin-edge.io/tests/PySys/software_management_end_to_end/sm_fake_install_remove/run.py&quot;, line 36, in setup
    super().setup()
  File &quot;/home/pi/actions-runner/_work/thin-edge.io/thin-edge.io/tests/PySys/software_management_end_to_end/environment_sm_management.py&quot;, line 150, in setup
    self.wait_until_end()
  File &quot;/home/pi/actions-runner/_work/thin-edge.io/thin-edge.io/tests/PySys/software_management_end_to_end/environment_sm_management.py&quot;, line 332, in wait_until_end
    self.wait_until_status(&quot;FAILED&quot;, &quot;SUCCESSFUL&quot;)
  File &quot;/home/pi/actions-runner/_work/thin-edge.io/thin-edge.io/tests/PySys/software_management_end_to_end/environment_sm_management.py&quot;, line 378, in wait_until_status
    status, status2)
SystemError: Timeout while waiting for status FAILED or SUCCESSFUL
10:17:26 WARN  SystemError: Timeout while waiting for status FAILED or SUCCESSFUL ... blocked 
10:17:26 DEBUG --- test cleanup
10:17:26 INFO  
10:17:26 INFO  cleanup:
10:17:26 DEBUG Running registered cleanup function: &lt;bound method SoftwareManagement.mysmcleanup of &lt;PySysTest object at 0x75c80f70&gt;&gt;
10:17:26 DEBUG Running registered cleanup function: &lt;bound method EnvironmentC8y.myenvcleanup of &lt;PySysTest object at 0x75c80f70&gt;&gt;
10:17:26 DEBUG EnvironmentC8y Cleanup
10:17:26 DEBUG Process parameters for sudo&lt;tedge_disconnect_c8y&gt;
  command line : /usr/bin/sudo /usr/bin/tedge disconnect c8y
    arg #1     : /usr/bin/tedge
    arg #2     : disconnect
    arg #3     : c8y
  working dir  : /home/pi/actions-runner/_work/thin-edge.io/thin-edge.io/tests/PySys/software_management_end_to_end/sm_fake_install_remove/Output/linux
  stdout       : /home/pi/actions-runner/_work/thin-edge.io/thin-edge.io/tests/PySys/software_management_end_to_end/sm_fake_install_remove/Output/linux/tedge_disconnect_c8y.out
  stderr       : /home/pi/actions-runner/_work/thin-edge.io/thin-edge.io/tests/PySys/software_management_end_to_end/sm_fake_install_remove/Output/linux/tedge_disconnect_c8y.err
  environment  : LD_LIBRARY_PATH=/usr/lib
  environment  : PATH=/bin:/usr/bin:/usr/sbin:/usr/local/bin
                   #1  /bin
                   #2  /usr/bin
                   #3  /usr/sbin
                   #4  /usr/local/bin
10:17:26 DEBUG Waiting up to 600 secs for process sudo&lt;tedge_disconnect_c8y&gt; (pid 8491)
10:17:29 INFO  Executed sudo&lt;tedge_disconnect_c8y&gt;, exit status 0
10:17:29 DEBUG Process parameters for systemctl&lt;serv_mapper5&gt;
  command line : /usr/bin/systemctl status tedge-mapper-c8y
    arg #1     : status
    arg #2     : tedge-mapper-c8y
  working dir  : /home/pi/actions-runner/_work/thin-edge.io/thin-edge.io/tests/PySys/software_management_end_to_end/sm_fake_install_remove/Output/linux
  stdout       : /home/pi/actions-runner/_work/thin-edge.io/thin-edge.io/tests/PySys/software_management_end_to_end/sm_fake_install_remove/Output/linux/serv_mapper5.out
  stderr       : /home/pi/actions-runner/_work/thin-edge.io/thin-edge.io/tests/PySys/software_management_end_to_end/sm_fake_install_remove/Output/linux/serv_mapper5.err
  environment  : LD_LIBRARY_PATH=/usr/lib
  environment  : PATH=/bin:/usr/bin:/usr/sbin:/usr/local/bin
                   #1  /bin
                   #2  /usr/bin
                   #3  /usr/sbin
                   #4  /usr/local/bin
10:17:29 DEBUG Waiting up to 600 secs for process systemctl&lt;serv_mapper5&gt; (pid 8553)
10:17:30 INFO  Executed systemctl&lt;serv_mapper5&gt;, exit status 3
10:17:30 DEBUG ProcessUser cleanup function done.
10:17:30 INFO  
10:17:30 INFO  Test duration: 158.12 secs
10:17:30 INFO  Test final outcome:  BLOCKED
10:17:30 INFO  Test outcome reason: SystemError: Timeout while waiting for status FAILED or SUCCESSFUL
10:17:30 INFO  
</system-out>
	</testcase>
</testsuite>
