<?xml version="1.0" encoding="utf-8"?>
<testsuite failures="0" name="SoftwareManagement.sm_mapper_fail_and_reconnect" skipped="1" tests="1" time="0.03" timestamp="2022-04-04T09:26:55">
	<testcase classname="MapperC8yReceiveLastMessageOnRestart" name="SoftwareManagement.sm_mapper_fail_and_reconnect">
		<skipped message="SKIPPED: instable https://github.com/thin-edge/thin-edge.io/issues/752"/>
		<system-out>09:26:55 INFO  ==============================================================
09:26:55 INFO  Id:    SoftwareManagement.sm_mapper_fail_and_reconnect
09:26:55 INFO  Dir:   software_management_end_to_end/
09:26:55 INFO  Title: Validate the tedge-mapper-sm-c8y for receiving the last message on restart
09:26:55 DEBUG Execution order hint: 0.0
09:26:55 INFO  ==============================================================
09:26:55 INFO  instable https://github.com/thin-edge/thin-edge.io/issues/752 ... skipped
09:26:55 DEBUG --- test cleanup
09:26:55 DEBUG ProcessUser cleanup function done.
09:26:55 INFO  
09:26:55 INFO  Test duration: 0.03 secs
09:26:55 INFO  Test final outcome:  SKIPPED
09:26:55 INFO  Test outcome reason: instable https://github.com/thin-edge/thin-edge.io/issues/752
09:26:55 INFO  
</system-out>
	</testcase>
</testsuite>
