<?xml version="1.0" encoding="utf-8"?>
<testsuite failures="0" name="apt_prepare" skipped="0" tests="1" time="13.26" timestamp="2022-02-22T10:52:24">
	<testcase classname="AptPluginPrepare" name="apt_prepare"/>
</testsuite>
