<?xml version="1.0" encoding="utf-8"?>
<testsuite failures="0" name="apt_install" skipped="0" tests="1" time="48.09" timestamp="2022-02-24T13:50:37">
	<testcase classname="AptPluginInstallDense" name="apt_install"/>
</testsuite>
