<?xml version="1.0" encoding="utf-8"?>
<testsuite failures="0" name="apt_sequence_remove_with_version" skipped="0" tests="1" time="51.86" timestamp="2022-03-04T12:28:43">
	<testcase classname="AptPluginRemoveWithVersion" name="apt_sequence_remove_with_version"/>
</testsuite>
