<?xml version="1.0" encoding="utf-8"?>
<testsuite failures="0" name="apt_wrong_option" skipped="0" tests="1" time="0.33" timestamp="2022-02-16T09:50:53">
	<testcase classname="AptPluginWrongOption" name="apt_wrong_option"/>
</testsuite>
