<?xml version="1.0" encoding="utf-8"?>
<testsuite failures="0" name="apt_install" skipped="0" tests="1" time="43.61" timestamp="2022-03-15T18:01:25">
	<testcase classname="AptPluginInstallDense" name="apt_install"/>
</testsuite>
