<?xml version="1.0" encoding="utf-8"?>
<testsuite failures="0" name="apt_remove" skipped="0" tests="1" time="44.33" timestamp="2022-02-15T15:56:21">
	<testcase classname="AptPluginRemoveDense" name="apt_remove"/>
</testsuite>
