<?xml version="1.0" encoding="utf-8"?>
<testsuite failures="0" name="apt_prepare" skipped="0" tests="1" time="15.51" timestamp="2022-03-30T08:37:31">
	<testcase classname="AptPluginPrepare" name="apt_prepare"/>
</testsuite>
