<?xml version="1.0" encoding="utf-8"?>
<testsuite failures="1" name="SoftwareManagement.sm_apt_install_remove_default" skipped="0" tests="1" time="101.78" timestamp="2022-02-09T15:03:00">
	<testcase classname="PySysTest" name="SoftwareManagement.sm_apt_install_remove_default">
		<failure message="FAILED: Assert that (False == value) with value=True" type="FAILED"/>
		<system-out>15:01:18 INFO  ==============================================================
15:01:18 INFO  Id:    SoftwareManagement.sm_apt_install_remove_default
15:01:18 INFO  Dir:   software_management_end_to_end/
15:01:18 INFO  Title: Validate end to end behaviour for the default plugin for installation and removal of packages
15:01:18 DEBUG Execution order hint: 0.0
15:01:18 INFO  ==============================================================
15:01:18 INFO  Using sw id database: {'asciijump': '5475369', 'robotfindskitten': '5474869', 'squirrel3': '5475279', 'rolldice': '5152439', 'moon-buggy': '5439204', 'apple': '5495053', 'banana': '5494888', 'cherry': '5495382', 'watermelon': '5494510', 'registry': '8018911', 'hello-world': '8021526', 'docker/getting-started': '8021973', 'alpine': '7991792'}
15:01:18 DEBUG EnvironmentC8y Setup
15:01:18 INFO  EnvironmentC8y Setup
15:01:18 DEBUG Process parameters for systemctl&lt;serv_mapper1&gt;
  command line : /usr/bin/systemctl status tedge-mapper-c8y
    arg #1     : status
    arg #2     : tedge-mapper-c8y
  working dir  : /home/pi/actions-runner/_work/thin-edge.io/thin-edge.io/tests/PySys/software_management_end_to_end/sm_apt_install_remove_default/Output/linux
  stdout       : /home/pi/actions-runner/_work/thin-edge.io/thin-edge.io/tests/PySys/software_management_end_to_end/sm_apt_install_remove_default/Output/linux/serv_mapper1.out
  stderr       : /home/pi/actions-runner/_work/thin-edge.io/thin-edge.io/tests/PySys/software_management_end_to_end/sm_apt_install_remove_default/Output/linux/serv_mapper1.err
  environment  : LD_LIBRARY_PATH=/usr/lib
  environment  : PATH=/bin:/usr/bin:/usr/sbin:/usr/local/bin
                   #1  /bin
                   #2  /usr/bin
                   #3  /usr/sbin
                   #4  /usr/local/bin
15:01:18 DEBUG Waiting up to 600 secs for process systemctl&lt;serv_mapper1&gt; (pid 14835)
15:01:19 INFO  Executed systemctl&lt;serv_mapper1&gt;, exit status 3
15:01:19 INFO  Restarting mosquitto too frequently in the last 10 seconds. It was only up for 4 seconds
15:01:19 INFO  Delaying execution by 7 seconds
15:01:26 DEBUG Process parameters for sudo&lt;tedge_connect_c8y&gt;
  command line : /usr/bin/sudo /usr/bin/tedge connect c8y
    arg #1     : /usr/bin/tedge
    arg #2     : connect
    arg #3     : c8y
  working dir  : /home/pi/actions-runner/_work/thin-edge.io/thin-edge.io/tests/PySys/software_management_end_to_end/sm_apt_install_remove_default/Output/linux
  stdout       : /home/pi/actions-runner/_work/thin-edge.io/thin-edge.io/tests/PySys/software_management_end_to_end/sm_apt_install_remove_default/Output/linux/tedge_connect_c8y.out
  stderr       : /home/pi/actions-runner/_work/thin-edge.io/thin-edge.io/tests/PySys/software_management_end_to_end/sm_apt_install_remove_default/Output/linux/tedge_connect_c8y.err
  environment  : LD_LIBRARY_PATH=/usr/lib
  environment  : PATH=/bin:/usr/bin:/usr/sbin:/usr/local/bin
                   #1  /bin
                   #2  /usr/bin
                   #3  /usr/sbin
                   #4  /usr/local/bin
15:01:26 DEBUG Waiting up to 600 secs for process sudo&lt;tedge_connect_c8y&gt; (pid 14839)
15:01:37 INFO  Executed sudo&lt;tedge_connect_c8y&gt;, exit status 0, duration 11 secs
15:01:37 DEBUG Process parameters for sudo&lt;tedge_connect_c8y_test&gt;
  command line : /usr/bin/sudo /usr/bin/tedge connect c8y --test
    arg #1     : /usr/bin/tedge
    arg #2     : connect
    arg #3     : c8y
    arg #4     : --test
  working dir  : /home/pi/actions-runner/_work/thin-edge.io/thin-edge.io/tests/PySys/software_management_end_to_end/sm_apt_install_remove_default/Output/linux
  stdout       : /home/pi/actions-runner/_work/thin-edge.io/thin-edge.io/tests/PySys/software_management_end_to_end/sm_apt_install_remove_default/Output/linux/tedge_connect_c8y_test.out
  stderr       : /home/pi/actions-runner/_work/thin-edge.io/thin-edge.io/tests/PySys/software_management_end_to_end/sm_apt_install_remove_default/Output/linux/tedge_connect_c8y_test.err
  environment  : LD_LIBRARY_PATH=/usr/lib
  environment  : PATH=/bin:/usr/bin:/usr/sbin:/usr/local/bin
                   #1  /bin
                   #2  /usr/bin
                   #3  /usr/sbin
                   #4  /usr/local/bin
15:01:37 DEBUG Waiting up to 600 secs for process sudo&lt;tedge_connect_c8y_test&gt; (pid 14985)
15:01:37 INFO  Executed sudo&lt;tedge_connect_c8y_test&gt;, exit status 0
15:01:37 DEBUG Process parameters for systemctl&lt;serv_mosq2&gt;
  command line : /usr/bin/systemctl status mosquitto
    arg #1     : status
    arg #2     : mosquitto
  working dir  : /home/pi/actions-runner/_work/thin-edge.io/thin-edge.io/tests/PySys/software_management_end_to_end/sm_apt_install_remove_default/Output/linux
  stdout       : /home/pi/actions-runner/_work/thin-edge.io/thin-edge.io/tests/PySys/software_management_end_to_end/sm_apt_install_remove_default/Output/linux/serv_mosq2.out
  stderr       : /home/pi/actions-runner/_work/thin-edge.io/thin-edge.io/tests/PySys/software_management_end_to_end/sm_apt_install_remove_default/Output/linux/serv_mosq2.err
  environment  : LD_LIBRARY_PATH=/usr/lib
  environment  : PATH=/bin:/usr/bin:/usr/sbin:/usr/local/bin
                   #1  /bin
                   #2  /usr/bin
                   #3  /usr/sbin
                   #4  /usr/local/bin
15:01:37 DEBUG Waiting up to 600 secs for process systemctl&lt;serv_mosq2&gt; (pid 14995)
15:01:38 INFO  Executed systemctl&lt;serv_mosq2&gt;, exit status 0
15:01:38 DEBUG Process parameters for systemctl&lt;serv_mapper3&gt;
  command line : /usr/bin/systemctl status tedge-mapper-c8y
    arg #1     : status
    arg #2     : tedge-mapper-c8y
  working dir  : /home/pi/actions-runner/_work/thin-edge.io/thin-edge.io/tests/PySys/software_management_end_to_end/sm_apt_install_remove_default/Output/linux
  stdout       : /home/pi/actions-runner/_work/thin-edge.io/thin-edge.io/tests/PySys/software_management_end_to_end/sm_apt_install_remove_default/Output/linux/serv_mapper3.out
  stderr       : /home/pi/actions-runner/_work/thin-edge.io/thin-edge.io/tests/PySys/software_management_end_to_end/sm_apt_install_remove_default/Output/linux/serv_mapper3.err
  environment  : LD_LIBRARY_PATH=/usr/lib
  environment  : PATH=/bin:/usr/bin:/usr/sbin:/usr/local/bin
                   #1  /bin
                   #2  /usr/bin
                   #3  /usr/sbin
                   #4  /usr/local/bin
15:01:38 DEBUG Waiting up to 600 secs for process systemctl&lt;serv_mapper3&gt; (pid 14996)
15:01:38 INFO  Executed systemctl&lt;serv_mapper3&gt;, exit status 0
15:01:40 DEBUG Final URL of the request: https://thin-edge-io.eu-latest.cumulocity.com/devicecontrol/operations?deviceId=14004580&amp;pageSize=1&amp;revert=true&amp;dateFrom=1970-01-01T00%3A00%3A00.000Z
15:01:40 INFO  State of current operation: FAILED
15:01:40 DEBUG Final URL of the request: https://thin-edge-io.eu-latest.cumulocity.com/devicecontrol/operations?deviceId=14004580&amp;pageSize=1&amp;revert=true&amp;dateFrom=1970-01-01T00%3A00%3A00.000Z
15:01:40 DEBUG State of current operation: {
    &quot;delivery&quot;: {
        &quot;time&quot;: &quot;2022-02-09T15:00:20.746Z&quot;,
        &quot;log&quot;: [
            {
                &quot;time&quot;: &quot;2022-02-09T15:00:20.692Z&quot;,
                &quot;status&quot;: &quot;PENDING&quot;
            },
            {
                &quot;time&quot;: &quot;2022-02-09T15:00:20.708Z&quot;,
                &quot;status&quot;: &quot;SEND&quot;
            }
        ],
        &quot;status&quot;: &quot;DELIVERED&quot;
    },
    &quot;creationTime&quot;: &quot;2022-02-09T15:00:20.673Z&quot;,
    &quot;deviceId&quot;: &quot;14004580&quot;,
    &quot;deviceName&quot;: &quot;offsitea&quot;,
    &quot;failureReason&quot;: &quot;1 error, see device log file /var/log/tedge/agent/software-update-2022-02-09T15:00:22Z.log&quot;,
    &quot;self&quot;: &quot;https://t493319102.eu-latest.cumulocity.com/devicecontrol/operations/14019348&quot;,
    &quot;id&quot;: &quot;14019348&quot;,
    &quot;status&quot;: &quot;FAILED&quot;,
    &quot;description&quot;: &quot;Apply software changes, triggered from PySys: [{'name': 'does_not_exist', 'id': '5446165', 'version': '::apt', 'url': '', 'action': 'install'}]&quot;,
    &quot;c8y_SoftwareUpdate&quot;: [
        {
            &quot;name&quot;: &quot;does_not_exist&quot;,
            &quot;action&quot;: &quot;install&quot;,
            &quot;id&quot;: &quot;5446165&quot;,
            &quot;version&quot;: &quot;::apt&quot;,
            &quot;url&quot;: &quot;&quot;
        }
    ]
}
15:01:40 INFO  Package rolldice is installed
15:01:40 WARN  Assert that (False == value) with value=True ... failed 
15:01:40 DEBUG --- test execute
15:01:40 INFO  Response status: 201
15:01:40 INFO  Response to action: {
    &quot;creationTime&quot;: &quot;2022-02-09T15:01:40.829Z&quot;,
    &quot;deviceId&quot;: &quot;14004580&quot;,
    &quot;deviceName&quot;: &quot;offsitea&quot;,
    &quot;self&quot;: &quot;https://t493319102.eu-latest.cumulocity.com/devicecontrol/operations/14019360&quot;,
    &quot;id&quot;: &quot;14019360&quot;,
    &quot;status&quot;: &quot;PENDING&quot;,
    &quot;description&quot;: &quot;Apply software changes, triggered from PySys: [{'name': 'rolldice', 'id': '5152439', 'version': ' ', 'url': '', 'action': 'install'}]&quot;,
    &quot;c8y_SoftwareUpdate&quot;: [
        {
            &quot;name&quot;: &quot;rolldice&quot;,
            &quot;action&quot;: &quot;install&quot;,
            &quot;id&quot;: &quot;5152439&quot;,
            &quot;version&quot;: &quot; &quot;,
            &quot;url&quot;: &quot;&quot;
        }
    ]
}
15:01:40 INFO  Started operation: {'creationTime': '2022-02-09T15:01:40.829Z', 'deviceId': '14004580', 'deviceName': 'offsitea', 'self': 'https://t493319102.eu-latest.cumulocity.com/devicecontrol/operations/14019360', 'id': '14019360', 'status': 'PENDING', 'description': &quot;Apply software changes, triggered from PySys: [{'name': 'rolldice', 'id': '5152439', 'version': ' ', 'url': '', 'action': 'install'}]&quot;, 'c8y_SoftwareUpdate': [{'name': 'rolldice', 'action': 'install', 'id': '5152439', 'version': ' ', 'url': ''}]}
15:01:43 INFO  State of operation 14019360 : EXECUTING
15:01:45 INFO  State of operation 14019360 : EXECUTING
15:01:47 INFO  State of operation 14019360 : EXECUTING
15:01:49 INFO  State of operation 14019360 : EXECUTING
15:01:52 INFO  State of operation 14019360 : EXECUTING
15:01:55 INFO  State of operation 14019360 : EXECUTING
15:01:57 INFO  State of operation 14019360 : EXECUTING
15:01:59 INFO  State of operation 14019360 : EXECUTING
15:02:02 INFO  State of operation 14019360 : EXECUTING
15:02:04 INFO  State of operation 14019360 : EXECUTING
15:02:06 INFO  State of operation 14019360 : SUCCESSFUL
15:02:06 INFO  Package rolldice is installed
15:02:06 INFO  Assert that (True == value) with value=True ... passed
15:02:06 INFO  Response status: 201
15:02:06 INFO  Response to action: {
    &quot;creationTime&quot;: &quot;2022-02-09T15:02:06.631Z&quot;,
    &quot;deviceId&quot;: &quot;14004580&quot;,
    &quot;deviceName&quot;: &quot;offsitea&quot;,
    &quot;self&quot;: &quot;https://t493319102.eu-latest.cumulocity.com/devicecontrol/operations/14019368&quot;,
    &quot;id&quot;: &quot;14019368&quot;,
    &quot;status&quot;: &quot;PENDING&quot;,
    &quot;description&quot;: &quot;Apply software changes, triggered from PySys: [{'name': 'rolldice', 'id': '5152439', 'version': ' ', 'url': '', 'action': 'delete'}]&quot;,
    &quot;c8y_SoftwareUpdate&quot;: [
        {
            &quot;name&quot;: &quot;rolldice&quot;,
            &quot;action&quot;: &quot;delete&quot;,
            &quot;id&quot;: &quot;5152439&quot;,
            &quot;version&quot;: &quot; &quot;,
            &quot;url&quot;: &quot;&quot;
        }
    ]
}
15:02:06 INFO  Started operation: {'creationTime': '2022-02-09T15:02:06.631Z', 'deviceId': '14004580', 'deviceName': 'offsitea', 'self': 'https://t493319102.eu-latest.cumulocity.com/devicecontrol/operations/14019368', 'id': '14019368', 'status': 'PENDING', 'description': &quot;Apply software changes, triggered from PySys: [{'name': 'rolldice', 'id': '5152439', 'version': ' ', 'url': '', 'action': 'delete'}]&quot;, 'c8y_SoftwareUpdate': [{'name': 'rolldice', 'action': 'delete', 'id': '5152439', 'version': ' ', 'url': ''}]}
15:02:08 INFO  State of operation 14019368 : EXECUTING
15:02:10 INFO  State of operation 14019368 : EXECUTING
15:02:13 INFO  State of operation 14019368 : EXECUTING
15:02:15 INFO  State of operation 14019368 : EXECUTING
15:02:18 INFO  State of operation 14019368 : EXECUTING
15:02:20 INFO  State of operation 14019368 : EXECUTING
15:02:22 INFO  State of operation 14019368 : EXECUTING
15:02:25 INFO  State of operation 14019368 : EXECUTING
15:02:27 INFO  State of operation 14019368 : EXECUTING
15:02:29 INFO  State of operation 14019368 : EXECUTING
15:02:31 INFO  State of operation 14019368 : EXECUTING
15:02:34 INFO  State of operation 14019368 : EXECUTING
15:02:36 INFO  State of operation 14019368 : EXECUTING
15:02:38 INFO  State of operation 14019368 : EXECUTING
15:02:40 INFO  State of operation 14019368 : EXECUTING
15:02:43 INFO  State of operation 14019368 : EXECUTING
15:02:45 INFO  State of operation 14019368 : EXECUTING
15:02:48 INFO  State of operation 14019368 : EXECUTING
15:02:50 INFO  State of operation 14019368 : EXECUTING
15:02:52 INFO  State of operation 14019368 : EXECUTING
15:02:54 INFO  State of operation 14019368 : EXECUTING
15:02:56 INFO  State of operation 14019368 : SUCCESSFUL
15:02:56 DEBUG --- test validate
15:02:57 INFO  Assert that (False == value) with value=False ... passed
15:02:57 DEBUG --- test cleanup
15:02:57 INFO  
15:02:57 INFO  cleanup:
15:02:57 DEBUG Running registered cleanup function: &lt;bound method SoftwareManagement.mysmcleanup of &lt;PySysTest object at 0x75d9d2b0&gt;&gt;
15:02:57 DEBUG Running registered cleanup function: &lt;bound method EnvironmentC8y.myenvcleanup of &lt;PySysTest object at 0x75d9d2b0&gt;&gt;
15:02:57 DEBUG EnvironmentC8y Cleanup
15:02:57 DEBUG Process parameters for sudo&lt;tedge_disconnect_c8y&gt;
  command line : /usr/bin/sudo /usr/bin/tedge disconnect c8y
    arg #1     : /usr/bin/tedge
    arg #2     : disconnect
    arg #3     : c8y
  working dir  : /home/pi/actions-runner/_work/thin-edge.io/thin-edge.io/tests/PySys/software_management_end_to_end/sm_apt_install_remove_default/Output/linux
  stdout       : /home/pi/actions-runner/_work/thin-edge.io/thin-edge.io/tests/PySys/software_management_end_to_end/sm_apt_install_remove_default/Output/linux/tedge_disconnect_c8y.out
  stderr       : /home/pi/actions-runner/_work/thin-edge.io/thin-edge.io/tests/PySys/software_management_end_to_end/sm_apt_install_remove_default/Output/linux/tedge_disconnect_c8y.err
  environment  : LD_LIBRARY_PATH=/usr/lib
  environment  : PATH=/bin:/usr/bin:/usr/sbin:/usr/local/bin
                   #1  /bin
                   #2  /usr/bin
                   #3  /usr/sbin
                   #4  /usr/local/bin
15:02:57 DEBUG Waiting up to 600 secs for process sudo&lt;tedge_disconnect_c8y&gt; (pid 15366)
15:03:00 INFO  Executed sudo&lt;tedge_disconnect_c8y&gt;, exit status 0
15:03:00 DEBUG Process parameters for systemctl&lt;serv_mapper5&gt;
  command line : /usr/bin/systemctl status tedge-mapper-c8y
    arg #1     : status
    arg #2     : tedge-mapper-c8y
  working dir  : /home/pi/actions-runner/_work/thin-edge.io/thin-edge.io/tests/PySys/software_management_end_to_end/sm_apt_install_remove_default/Output/linux
  stdout       : /home/pi/actions-runner/_work/thin-edge.io/thin-edge.io/tests/PySys/software_management_end_to_end/sm_apt_install_remove_default/Output/linux/serv_mapper5.out
  stderr       : /home/pi/actions-runner/_work/thin-edge.io/thin-edge.io/tests/PySys/software_management_end_to_end/sm_apt_install_remove_default/Output/linux/serv_mapper5.err
  environment  : LD_LIBRARY_PATH=/usr/lib
  environment  : PATH=/bin:/usr/bin:/usr/sbin:/usr/local/bin
                   #1  /bin
                   #2  /usr/bin
                   #3  /usr/sbin
                   #4  /usr/local/bin
15:03:00 DEBUG Waiting up to 600 secs for process systemctl&lt;serv_mapper5&gt; (pid 15426)
15:03:00 INFO  Executed systemctl&lt;serv_mapper5&gt;, exit status 3
15:03:00 DEBUG ProcessUser cleanup function done.
15:03:00 INFO  
15:03:00 INFO  Test duration: 101.78 secs
15:03:00 INFO  Test final outcome:  FAILED
15:03:00 INFO  Test outcome reason: Assert that (False == value) with value=True
15:03:00 INFO  
</system-out>
	</testcase>
</testsuite>
