<?xml version="1.0" encoding="utf-8"?>
<testsuite failures="0" name="apt_finalize" skipped="0" tests="1" time="69.35" timestamp="2022-02-22T10:49:24">
	<testcase classname="AptPluginFinalize" name="apt_finalize"/>
</testsuite>
