<?xml version="1.0" encoding="utf-8"?>
<testsuite failures="0" name="apt_list_format" skipped="0" tests="1" time="1.71" timestamp="2022-02-15T15:54:09">
	<testcase classname="AptPluginListFormat" name="apt_list_format"/>
</testsuite>
