<?xml version="1.0" encoding="utf-8"?>
<testsuite failures="0" name="apt_finalize" skipped="0" tests="1" time="71.25" timestamp="2022-03-30T08:34:20">
	<testcase classname="AptPluginFinalize" name="apt_finalize"/>
</testsuite>
