<?xml version="1.0" encoding="utf-8"?>
<testsuite failures="0" name="apt_sequence_remove" skipped="0" tests="1" time="71.19" timestamp="2022-02-24T13:57:17">
	<testcase classname="AptPluginInstallPrepareRemoveFinalize" name="apt_sequence_remove"/>
</testsuite>
