<?xml version="1.0" encoding="utf-8"?>
<testsuite failures="0" name="apt_update_list" skipped="0" tests="1" time="104.39" timestamp="2022-02-24T14:00:32">
	<testcase classname="AptPluginUpdateList" name="apt_update_list"/>
</testsuite>
