<?xml version="1.0" encoding="utf-8"?>
<testsuite failures="0" name="apt_sequence_remove_with_version" skipped="0" tests="1" time="51.98" timestamp="2022-03-02T09:05:30">
	<testcase classname="AptPluginRemoveWithVersion" name="apt_sequence_remove_with_version"/>
</testsuite>
