<?xml version="1.0" encoding="utf-8"?>
<testsuite failures="0" name="apt_finalize" skipped="0" tests="1" time="66.7" timestamp="2022-03-02T08:57:25">
	<testcase classname="AptPluginFinalize" name="apt_finalize"/>
</testsuite>
