<?xml version="1.0" encoding="utf-8"?>
<testsuite failures="0" name="apt_sequence_remove_with_version" skipped="0" tests="1" time="47.4" timestamp="2022-02-16T09:48:22">
	<testcase classname="AptPluginRemoveWithVersion" name="apt_sequence_remove_with_version"/>
</testsuite>
