<?xml version="1.0" encoding="utf-8"?>
<testsuite failures="0" name="apt_fail_noarg" skipped="0" tests="1" time="3.72" timestamp="2022-03-30T08:33:09">
	<testcase classname="AptPluginFailNoArg" name="apt_fail_noarg"/>
</testsuite>
