<?xml version="1.0" encoding="utf-8"?>
<testsuite failures="0" name="apt_sequence_remove" skipped="0" tests="1" time="67.65" timestamp="2022-03-22T14:10:52">
	<testcase classname="AptPluginInstallPrepareRemoveFinalize" name="apt_sequence_remove"/>
</testsuite>
