<?xml version="1.0" encoding="utf-8"?>
<testsuite failures="0" name="apt_sequence_remove" skipped="0" tests="1" time="72.65" timestamp="2022-03-15T18:08:25">
	<testcase classname="AptPluginInstallPrepareRemoveFinalize" name="apt_sequence_remove"/>
</testsuite>
