<?xml version="1.0" encoding="utf-8"?>
<testsuite failures="1" name="SoftwareManagement.sm_apt_install_remove_default" skipped="0" tests="1" time="106.42" timestamp="2022-02-09T11:30:40">
	<testcase classname="PySysTest" name="SoftwareManagement.sm_apt_install_remove_default">
		<failure message="FAILED: Assert that (False == value) with value=True" type="FAILED"/>
		<system-out>11:28:54 INFO  ==============================================================
11:28:54 INFO  Id:    SoftwareManagement.sm_apt_install_remove_default
11:28:54 INFO  Dir:   software_management_end_to_end/
11:28:54 INFO  Title: Validate end to end behaviour for the default plugin for installation and removal of packages
11:28:54 DEBUG Execution order hint: 0.0
11:28:54 INFO  ==============================================================
11:28:54 INFO  Using sw id database: {'asciijump': '5475369', 'robotfindskitten': '5474869', 'squirrel3': '5475279', 'rolldice': '5152439', 'moon-buggy': '5439204', 'apple': '5495053', 'banana': '5494888', 'cherry': '5495382', 'watermelon': '5494510', 'registry': '8018911', 'hello-world': '8021526', 'docker/getting-started': '8021973', 'alpine': '7991792'}
11:28:54 DEBUG EnvironmentC8y Setup
11:28:54 INFO  EnvironmentC8y Setup
11:28:54 DEBUG Process parameters for systemctl&lt;serv_mapper1&gt;
  command line : /usr/bin/systemctl status tedge-mapper-c8y
    arg #1     : status
    arg #2     : tedge-mapper-c8y
  working dir  : /home/pi/actions-runner/_work/thin-edge.io/thin-edge.io/tests/PySys/software_management_end_to_end/sm_apt_install_remove_default/Output/linux
  stdout       : /home/pi/actions-runner/_work/thin-edge.io/thin-edge.io/tests/PySys/software_management_end_to_end/sm_apt_install_remove_default/Output/linux/serv_mapper1.out
  stderr       : /home/pi/actions-runner/_work/thin-edge.io/thin-edge.io/tests/PySys/software_management_end_to_end/sm_apt_install_remove_default/Output/linux/serv_mapper1.err
  environment  : LD_LIBRARY_PATH=/usr/lib
  environment  : PATH=/bin:/usr/bin:/usr/sbin:/usr/local/bin
                   #1  /bin
                   #2  /usr/bin
                   #3  /usr/sbin
                   #4  /usr/local/bin
11:28:54 DEBUG Waiting up to 600 secs for process systemctl&lt;serv_mapper1&gt; (pid 27367)
11:28:54 INFO  Executed systemctl&lt;serv_mapper1&gt;, exit status 3
11:28:54 INFO  Restarting mosquitto too frequently in the last 10 seconds. It was only up for 4 seconds
11:28:54 INFO  Delaying execution by 7 seconds
11:29:01 DEBUG Process parameters for sudo&lt;tedge_connect_c8y&gt;
  command line : /usr/bin/sudo /usr/bin/tedge connect c8y
    arg #1     : /usr/bin/tedge
    arg #2     : connect
    arg #3     : c8y
  working dir  : /home/pi/actions-runner/_work/thin-edge.io/thin-edge.io/tests/PySys/software_management_end_to_end/sm_apt_install_remove_default/Output/linux
  stdout       : /home/pi/actions-runner/_work/thin-edge.io/thin-edge.io/tests/PySys/software_management_end_to_end/sm_apt_install_remove_default/Output/linux/tedge_connect_c8y.out
  stderr       : /home/pi/actions-runner/_work/thin-edge.io/thin-edge.io/tests/PySys/software_management_end_to_end/sm_apt_install_remove_default/Output/linux/tedge_connect_c8y.err
  environment  : LD_LIBRARY_PATH=/usr/lib
  environment  : PATH=/bin:/usr/bin:/usr/sbin:/usr/local/bin
                   #1  /bin
                   #2  /usr/bin
                   #3  /usr/sbin
                   #4  /usr/local/bin
11:29:01 DEBUG Waiting up to 600 secs for process sudo&lt;tedge_connect_c8y&gt; (pid 27374)
11:29:12 INFO  Executed sudo&lt;tedge_connect_c8y&gt;, exit status 0, duration 11 secs
11:29:12 DEBUG Process parameters for sudo&lt;tedge_connect_c8y_test&gt;
  command line : /usr/bin/sudo /usr/bin/tedge connect c8y --test
    arg #1     : /usr/bin/tedge
    arg #2     : connect
    arg #3     : c8y
    arg #4     : --test
  working dir  : /home/pi/actions-runner/_work/thin-edge.io/thin-edge.io/tests/PySys/software_management_end_to_end/sm_apt_install_remove_default/Output/linux
  stdout       : /home/pi/actions-runner/_work/thin-edge.io/thin-edge.io/tests/PySys/software_management_end_to_end/sm_apt_install_remove_default/Output/linux/tedge_connect_c8y_test.out
  stderr       : /home/pi/actions-runner/_work/thin-edge.io/thin-edge.io/tests/PySys/software_management_end_to_end/sm_apt_install_remove_default/Output/linux/tedge_connect_c8y_test.err
  environment  : LD_LIBRARY_PATH=/usr/lib
  environment  : PATH=/bin:/usr/bin:/usr/sbin:/usr/local/bin
                   #1  /bin
                   #2  /usr/bin
                   #3  /usr/sbin
                   #4  /usr/local/bin
11:29:12 DEBUG Waiting up to 600 secs for process sudo&lt;tedge_connect_c8y_test&gt; (pid 27527)
11:29:13 INFO  Executed sudo&lt;tedge_connect_c8y_test&gt;, exit status 0
11:29:13 DEBUG Process parameters for systemctl&lt;serv_mosq2&gt;
  command line : /usr/bin/systemctl status mosquitto
    arg #1     : status
    arg #2     : mosquitto
  working dir  : /home/pi/actions-runner/_work/thin-edge.io/thin-edge.io/tests/PySys/software_management_end_to_end/sm_apt_install_remove_default/Output/linux
  stdout       : /home/pi/actions-runner/_work/thin-edge.io/thin-edge.io/tests/PySys/software_management_end_to_end/sm_apt_install_remove_default/Output/linux/serv_mosq2.out
  stderr       : /home/pi/actions-runner/_work/thin-edge.io/thin-edge.io/tests/PySys/software_management_end_to_end/sm_apt_install_remove_default/Output/linux/serv_mosq2.err
  environment  : LD_LIBRARY_PATH=/usr/lib
  environment  : PATH=/bin:/usr/bin:/usr/sbin:/usr/local/bin
                   #1  /bin
                   #2  /usr/bin
                   #3  /usr/sbin
                   #4  /usr/local/bin
11:29:13 DEBUG Waiting up to 600 secs for process systemctl&lt;serv_mosq2&gt; (pid 27535)
11:29:13 INFO  Executed systemctl&lt;serv_mosq2&gt;, exit status 0
11:29:13 DEBUG Process parameters for systemctl&lt;serv_mapper3&gt;
  command line : /usr/bin/systemctl status tedge-mapper-c8y
    arg #1     : status
    arg #2     : tedge-mapper-c8y
  working dir  : /home/pi/actions-runner/_work/thin-edge.io/thin-edge.io/tests/PySys/software_management_end_to_end/sm_apt_install_remove_default/Output/linux
  stdout       : /home/pi/actions-runner/_work/thin-edge.io/thin-edge.io/tests/PySys/software_management_end_to_end/sm_apt_install_remove_default/Output/linux/serv_mapper3.out
  stderr       : /home/pi/actions-runner/_work/thin-edge.io/thin-edge.io/tests/PySys/software_management_end_to_end/sm_apt_install_remove_default/Output/linux/serv_mapper3.err
  environment  : LD_LIBRARY_PATH=/usr/lib
  environment  : PATH=/bin:/usr/bin:/usr/sbin:/usr/local/bin
                   #1  /bin
                   #2  /usr/bin
                   #3  /usr/sbin
                   #4  /usr/local/bin
11:29:13 DEBUG Waiting up to 600 secs for process systemctl&lt;serv_mapper3&gt; (pid 27536)
11:29:13 INFO  Executed systemctl&lt;serv_mapper3&gt;, exit status 0
11:29:15 DEBUG Final URL of the request: https://thin-edge-io.eu-latest.cumulocity.com/devicecontrol/operations?deviceId=13983561&amp;pageSize=1&amp;revert=true&amp;dateFrom=1970-01-01T00%3A00%3A00.000Z
11:29:15 INFO  State of current operation: FAILED
11:29:15 DEBUG Final URL of the request: https://thin-edge-io.eu-latest.cumulocity.com/devicecontrol/operations?deviceId=13983561&amp;pageSize=1&amp;revert=true&amp;dateFrom=1970-01-01T00%3A00%3A00.000Z
11:29:15 DEBUG State of current operation: {
    &quot;delivery&quot;: {
        &quot;time&quot;: &quot;2022-02-09T11:27:58.656Z&quot;,
        &quot;log&quot;: [
            {
                &quot;time&quot;: &quot;2022-02-09T11:27:58.605Z&quot;,
                &quot;status&quot;: &quot;PENDING&quot;
            },
            {
                &quot;time&quot;: &quot;2022-02-09T11:27:58.620Z&quot;,
                &quot;status&quot;: &quot;SEND&quot;
            }
        ],
        &quot;status&quot;: &quot;DELIVERED&quot;
    },
    &quot;creationTime&quot;: &quot;2022-02-09T11:27:58.583Z&quot;,
    &quot;deviceId&quot;: &quot;13983561&quot;,
    &quot;deviceName&quot;: &quot;offsitea&quot;,
    &quot;failureReason&quot;: &quot;1 error, see device log file /var/log/tedge/agent/software-update-2022-02-09T11:28:00Z.log&quot;,
    &quot;self&quot;: &quot;https://t493319102.eu-latest.cumulocity.com/devicecontrol/operations/14005254&quot;,
    &quot;id&quot;: &quot;14005254&quot;,
    &quot;status&quot;: &quot;FAILED&quot;,
    &quot;description&quot;: &quot;Apply software changes, triggered from PySys: [{'name': 'does_not_exist', 'id': '5446165', 'version': '::apt', 'url': '', 'action': 'install'}]&quot;,
    &quot;c8y_SoftwareUpdate&quot;: [
        {
            &quot;name&quot;: &quot;does_not_exist&quot;,
            &quot;action&quot;: &quot;install&quot;,
            &quot;id&quot;: &quot;5446165&quot;,
            &quot;version&quot;: &quot;::apt&quot;,
            &quot;url&quot;: &quot;&quot;
        }
    ]
}
11:29:16 INFO  Package rolldice is installed
11:29:16 WARN  Assert that (False == value) with value=True ... failed 
11:29:16 DEBUG --- test execute
11:29:16 INFO  Response status: 201
11:29:16 INFO  Response to action: {
    &quot;creationTime&quot;: &quot;2022-02-09T11:29:16.227Z&quot;,
    &quot;deviceId&quot;: &quot;13983561&quot;,
    &quot;deviceName&quot;: &quot;offsitea&quot;,
    &quot;self&quot;: &quot;https://t493319102.eu-latest.cumulocity.com/devicecontrol/operations/14005272&quot;,
    &quot;id&quot;: &quot;14005272&quot;,
    &quot;status&quot;: &quot;PENDING&quot;,
    &quot;description&quot;: &quot;Apply software changes, triggered from PySys: [{'name': 'rolldice', 'id': '5152439', 'version': ' ', 'url': '', 'action': 'install'}]&quot;,
    &quot;c8y_SoftwareUpdate&quot;: [
        {
            &quot;name&quot;: &quot;rolldice&quot;,
            &quot;action&quot;: &quot;install&quot;,
            &quot;id&quot;: &quot;5152439&quot;,
            &quot;version&quot;: &quot; &quot;,
            &quot;url&quot;: &quot;&quot;
        }
    ]
}
11:29:16 INFO  Started operation: {'creationTime': '2022-02-09T11:29:16.227Z', 'deviceId': '13983561', 'deviceName': 'offsitea', 'self': 'https://t493319102.eu-latest.cumulocity.com/devicecontrol/operations/14005272', 'id': '14005272', 'status': 'PENDING', 'description': &quot;Apply software changes, triggered from PySys: [{'name': 'rolldice', 'id': '5152439', 'version': ' ', 'url': '', 'action': 'install'}]&quot;, 'c8y_SoftwareUpdate': [{'name': 'rolldice', 'action': 'install', 'id': '5152439', 'version': ' ', 'url': ''}]}
11:29:18 INFO  State of operation 14005272 : EXECUTING
11:29:20 INFO  State of operation 14005272 : EXECUTING
11:29:22 INFO  State of operation 14005272 : EXECUTING
11:29:25 INFO  State of operation 14005272 : EXECUTING
11:29:28 INFO  State of operation 14005272 : EXECUTING
11:29:30 INFO  State of operation 14005272 : EXECUTING
11:29:32 INFO  State of operation 14005272 : EXECUTING
11:29:34 INFO  State of operation 14005272 : EXECUTING
11:29:36 INFO  State of operation 14005272 : EXECUTING
11:29:39 INFO  State of operation 14005272 : EXECUTING
11:29:41 INFO  State of operation 14005272 : SUCCESSFUL
11:29:41 INFO  Package rolldice is installed
11:29:41 INFO  Assert that (True == value) with value=True ... passed
11:29:41 INFO  Response status: 201
11:29:41 INFO  Response to action: {
    &quot;creationTime&quot;: &quot;2022-02-09T11:29:41.553Z&quot;,
    &quot;deviceId&quot;: &quot;13983561&quot;,
    &quot;deviceName&quot;: &quot;offsitea&quot;,
    &quot;self&quot;: &quot;https://t493319102.eu-latest.cumulocity.com/devicecontrol/operations/14005278&quot;,
    &quot;id&quot;: &quot;14005278&quot;,
    &quot;status&quot;: &quot;PENDING&quot;,
    &quot;description&quot;: &quot;Apply software changes, triggered from PySys: [{'name': 'rolldice', 'id': '5152439', 'version': ' ', 'url': '', 'action': 'delete'}]&quot;,
    &quot;c8y_SoftwareUpdate&quot;: [
        {
            &quot;name&quot;: &quot;rolldice&quot;,
            &quot;action&quot;: &quot;delete&quot;,
            &quot;id&quot;: &quot;5152439&quot;,
            &quot;version&quot;: &quot; &quot;,
            &quot;url&quot;: &quot;&quot;
        }
    ]
}
11:29:41 INFO  Started operation: {'creationTime': '2022-02-09T11:29:41.553Z', 'deviceId': '13983561', 'deviceName': 'offsitea', 'self': 'https://t493319102.eu-latest.cumulocity.com/devicecontrol/operations/14005278', 'id': '14005278', 'status': 'PENDING', 'description': &quot;Apply software changes, triggered from PySys: [{'name': 'rolldice', 'id': '5152439', 'version': ' ', 'url': '', 'action': 'delete'}]&quot;, 'c8y_SoftwareUpdate': [{'name': 'rolldice', 'action': 'delete', 'id': '5152439', 'version': ' ', 'url': ''}]}
11:29:43 INFO  State of operation 14005278 : EXECUTING
11:29:45 INFO  State of operation 14005278 : EXECUTING
11:29:48 INFO  State of operation 14005278 : EXECUTING
11:29:50 INFO  State of operation 14005278 : EXECUTING
11:29:53 INFO  State of operation 14005278 : EXECUTING
11:29:55 INFO  State of operation 14005278 : EXECUTING
11:29:57 INFO  State of operation 14005278 : EXECUTING
11:30:00 INFO  State of operation 14005278 : EXECUTING
11:30:02 INFO  State of operation 14005278 : EXECUTING
11:30:04 INFO  State of operation 14005278 : EXECUTING
11:30:06 INFO  State of operation 14005278 : EXECUTING
11:30:09 INFO  State of operation 14005278 : EXECUTING
11:30:11 INFO  State of operation 14005278 : EXECUTING
11:30:13 INFO  State of operation 14005278 : EXECUTING
11:30:16 INFO  State of operation 14005278 : EXECUTING
11:30:18 INFO  State of operation 14005278 : EXECUTING
11:30:20 INFO  State of operation 14005278 : EXECUTING
11:30:23 INFO  State of operation 14005278 : EXECUTING
11:30:25 INFO  State of operation 14005278 : EXECUTING
11:30:27 INFO  State of operation 14005278 : EXECUTING
11:30:30 INFO  State of operation 14005278 : EXECUTING
11:30:32 INFO  State of operation 14005278 : EXECUTING
11:30:34 INFO  State of operation 14005278 : EXECUTING
11:30:36 INFO  State of operation 14005278 : SUCCESSFUL
11:30:36 DEBUG --- test validate
11:30:36 INFO  Assert that (False == value) with value=False ... passed
11:30:36 DEBUG --- test cleanup
11:30:36 INFO  
11:30:36 INFO  cleanup:
11:30:36 DEBUG Running registered cleanup function: &lt;bound method SoftwareManagement.mysmcleanup of &lt;PySysTest object at 0x75f061b0&gt;&gt;
11:30:36 DEBUG Running registered cleanup function: &lt;bound method EnvironmentC8y.myenvcleanup of &lt;PySysTest object at 0x75f061b0&gt;&gt;
11:30:36 DEBUG EnvironmentC8y Cleanup
11:30:36 DEBUG Process parameters for sudo&lt;tedge_disconnect_c8y&gt;
  command line : /usr/bin/sudo /usr/bin/tedge disconnect c8y
    arg #1     : /usr/bin/tedge
    arg #2     : disconnect
    arg #3     : c8y
  working dir  : /home/pi/actions-runner/_work/thin-edge.io/thin-edge.io/tests/PySys/software_management_end_to_end/sm_apt_install_remove_default/Output/linux
  stdout       : /home/pi/actions-runner/_work/thin-edge.io/thin-edge.io/tests/PySys/software_management_end_to_end/sm_apt_install_remove_default/Output/linux/tedge_disconnect_c8y.out
  stderr       : /home/pi/actions-runner/_work/thin-edge.io/thin-edge.io/tests/PySys/software_management_end_to_end/sm_apt_install_remove_default/Output/linux/tedge_disconnect_c8y.err
  environment  : LD_LIBRARY_PATH=/usr/lib
  environment  : PATH=/bin:/usr/bin:/usr/sbin:/usr/local/bin
                   #1  /bin
                   #2  /usr/bin
                   #3  /usr/sbin
                   #4  /usr/local/bin
11:30:36 DEBUG Waiting up to 600 secs for process sudo&lt;tedge_disconnect_c8y&gt; (pid 27905)
11:30:40 INFO  Executed sudo&lt;tedge_disconnect_c8y&gt;, exit status 0
11:30:40 DEBUG Process parameters for systemctl&lt;serv_mapper5&gt;
  command line : /usr/bin/systemctl status tedge-mapper-c8y
    arg #1     : status
    arg #2     : tedge-mapper-c8y
  working dir  : /home/pi/actions-runner/_work/thin-edge.io/thin-edge.io/tests/PySys/software_management_end_to_end/sm_apt_install_remove_default/Output/linux
  stdout       : /home/pi/actions-runner/_work/thin-edge.io/thin-edge.io/tests/PySys/software_management_end_to_end/sm_apt_install_remove_default/Output/linux/serv_mapper5.out
  stderr       : /home/pi/actions-runner/_work/thin-edge.io/thin-edge.io/tests/PySys/software_management_end_to_end/sm_apt_install_remove_default/Output/linux/serv_mapper5.err
  environment  : LD_LIBRARY_PATH=/usr/lib
  environment  : PATH=/bin:/usr/bin:/usr/sbin:/usr/local/bin
                   #1  /bin
                   #2  /usr/bin
                   #3  /usr/sbin
                   #4  /usr/local/bin
11:30:40 DEBUG Waiting up to 600 secs for process systemctl&lt;serv_mapper5&gt; (pid 27964)
11:30:40 INFO  Executed systemctl&lt;serv_mapper5&gt;, exit status 3
11:30:40 DEBUG ProcessUser cleanup function done.
11:30:40 INFO  
11:30:40 INFO  Test duration: 106.42 secs
11:30:40 INFO  Test final outcome:  FAILED
11:30:40 INFO  Test outcome reason: Assert that (False == value) with value=True
11:30:40 INFO  
</system-out>
	</testcase>
</testsuite>
