<?xml version="1.0" encoding="utf-8"?>
<testsuite failures="0" name="apt_finalize" skipped="0" tests="1" time="69.46" timestamp="2022-03-28T18:06:12">
	<testcase classname="AptPluginFinalize" name="apt_finalize"/>
</testsuite>
