<?xml version="1.0" encoding="utf-8"?>
<testsuite failures="1" name="apt_fail_noarg" skipped="0" tests="1" time="1.07" timestamp="2022-03-03T11:15:22">
	<testcase classname="AptPluginFailNoArg" name="apt_fail_noarg">
		<failure message="BLOCKED: sudo&lt;outp_install&gt; returned exit code 2 (expected ==1)" type="BLOCKED"/>
		<system-out>11:15:21 INFO  ==============================================================
11:15:21 INFO  Id:    apt_fail_noarg
11:15:21 INFO  Dir:   plugin_apt/
11:15:21 INFO  Title: Validate apt plugin fetures(prepare, list, install, remove finalize) without arguments
11:15:21 DEBUG Execution order hint: 0.0
11:15:21 INFO  ==============================================================
11:15:21 DEBUG --- test execute
11:15:21 DEBUG Process parameters for sudo&lt;outp_install&gt;
  command line : /usr/bin/sudo /etc/tedge/sm-plugins/apt install
    arg #1     : /etc/tedge/sm-plugins/apt
    arg #2     : install
  working dir  : /home/pi/actions-runner/_work/thin-edge.io/thin-edge.io/tests/PySys/plugin_apt/apt_fail_noarg/Output/linux
  stdout       : /home/pi/actions-runner/_work/thin-edge.io/thin-edge.io/tests/PySys/plugin_apt/apt_fail_noarg/Output/linux/outp_install.out
  stderr       : /home/pi/actions-runner/_work/thin-edge.io/thin-edge.io/tests/PySys/plugin_apt/apt_fail_noarg/Output/linux/outp_install.err
  environment  : LD_LIBRARY_PATH=/usr/lib
  environment  : PATH=/bin:/usr/bin:/usr/sbin:/usr/local/bin
                   #1  /bin
                   #2  /usr/bin
                   #3  /usr/sbin
                   #4  /usr/local/bin
11:15:21 DEBUG Waiting up to 600 secs for process sudo&lt;outp_install&gt; (pid 15912)
11:15:22 WARN  Executed sudo&lt;outp_install&gt;, exit status 2
11:15:22 DEBUG Opening file using encoding=UTF-8: /home/pi/actions-runner/_work/thin-edge.io/thin-edge.io/tests/PySys/plugin_apt/apt_fail_noarg/Output/linux/outp_install.err
11:15:22 INFO  Contents of outp_install.err: 
11:15:22 INFO    error: The following required arguments were not provided:
11:15:22 INFO        &lt;MODULE&gt;
11:15:22 INFO    USAGE:
11:15:22 INFO        apt install [OPTIONS] &lt;MODULE&gt;
11:15:22 INFO    For more information try --help
11:15:22 INFO    -----
11:15:22 INFO  
11:15:22 WARN  sudo&lt;outp_install&gt; returned exit code 2 (expected ==1) ... blocked [environment_apt_plugin.py:70,run.py:20]
11:15:22 WARN  Aborted test due to BLOCKED outcome
11:15:22 DEBUG --- test cleanup
11:15:22 DEBUG ProcessUser cleanup function done.
11:15:22 INFO  
11:15:22 INFO  Test duration: 1.07 secs
11:15:22 INFO  Test final outcome:  BLOCKED
11:15:22 INFO  Test outcome reason: sudo&lt;outp_install&gt; returned exit code 2 (expected ==1)
11:15:22 INFO  
</system-out>
	</testcase>
</testsuite>
