<?xml version="1.0" encoding="utf-8"?>
<testsuite failures="1" name="SoftwareManagement.sm_apt_install_remove_default" skipped="0" tests="1" time="106.75" timestamp="2022-02-07T14:21:49">
	<testcase classname="PySysTest" name="SoftwareManagement.sm_apt_install_remove_default">
		<failure message="FAILED: Assert that (False == value) with value=True" type="FAILED"/>
		<system-out>14:20:03 INFO  ==============================================================
14:20:03 INFO  Id:    SoftwareManagement.sm_apt_install_remove_default
14:20:03 INFO  Dir:   software_management_end_to_end/
14:20:03 INFO  Title: Validate end to end behaviour for the default plugin for installation and removal of packages
14:20:03 DEBUG Execution order hint: 0.0
14:20:03 INFO  ==============================================================
14:20:03 INFO  Using sw id database: {'asciijump': '5475369', 'robotfindskitten': '5474869', 'squirrel3': '5475279', 'rolldice': '5152439', 'moon-buggy': '5439204', 'apple': '5495053', 'banana': '5494888', 'cherry': '5495382', 'watermelon': '5494510', 'registry': '8018911', 'hello-world': '8021526', 'docker/getting-started': '8021973', 'alpine': '7991792'}
14:20:03 DEBUG EnvironmentC8y Setup
14:20:03 INFO  EnvironmentC8y Setup
14:20:03 DEBUG Process parameters for systemctl&lt;serv_mapper1&gt;
  command line : /usr/bin/systemctl status tedge-mapper-c8y
    arg #1     : status
    arg #2     : tedge-mapper-c8y
  working dir  : /home/pi/actions-runner/_work/thin-edge.io/thin-edge.io/tests/PySys/software_management_end_to_end/sm_apt_install_remove_default/Output/linux
  stdout       : /home/pi/actions-runner/_work/thin-edge.io/thin-edge.io/tests/PySys/software_management_end_to_end/sm_apt_install_remove_default/Output/linux/serv_mapper1.out
  stderr       : /home/pi/actions-runner/_work/thin-edge.io/thin-edge.io/tests/PySys/software_management_end_to_end/sm_apt_install_remove_default/Output/linux/serv_mapper1.err
  environment  : LD_LIBRARY_PATH=/usr/lib
  environment  : PATH=/bin:/usr/bin:/usr/sbin:/usr/local/bin
                   #1  /bin
                   #2  /usr/bin
                   #3  /usr/sbin
                   #4  /usr/local/bin
14:20:03 DEBUG Waiting up to 600 secs for process systemctl&lt;serv_mapper1&gt; (pid 22936)
14:20:03 INFO  Executed systemctl&lt;serv_mapper1&gt;, exit status 3
14:20:03 INFO  Restarting mosquitto too frequently in the last 10 seconds. It was only up for 3 seconds
14:20:03 INFO  Delaying execution by 8 seconds
14:20:11 DEBUG Process parameters for sudo&lt;tedge_connect_c8y&gt;
  command line : /usr/bin/sudo /usr/bin/tedge connect c8y
    arg #1     : /usr/bin/tedge
    arg #2     : connect
    arg #3     : c8y
  working dir  : /home/pi/actions-runner/_work/thin-edge.io/thin-edge.io/tests/PySys/software_management_end_to_end/sm_apt_install_remove_default/Output/linux
  stdout       : /home/pi/actions-runner/_work/thin-edge.io/thin-edge.io/tests/PySys/software_management_end_to_end/sm_apt_install_remove_default/Output/linux/tedge_connect_c8y.out
  stderr       : /home/pi/actions-runner/_work/thin-edge.io/thin-edge.io/tests/PySys/software_management_end_to_end/sm_apt_install_remove_default/Output/linux/tedge_connect_c8y.err
  environment  : LD_LIBRARY_PATH=/usr/lib
  environment  : PATH=/bin:/usr/bin:/usr/sbin:/usr/local/bin
                   #1  /bin
                   #2  /usr/bin
                   #3  /usr/sbin
                   #4  /usr/local/bin
14:20:11 DEBUG Waiting up to 600 secs for process sudo&lt;tedge_connect_c8y&gt; (pid 22942)
14:20:22 INFO  Executed sudo&lt;tedge_connect_c8y&gt;, exit status 0, duration 11 secs
14:20:22 DEBUG Process parameters for sudo&lt;tedge_connect_c8y_test&gt;
  command line : /usr/bin/sudo /usr/bin/tedge connect c8y --test
    arg #1     : /usr/bin/tedge
    arg #2     : connect
    arg #3     : c8y
    arg #4     : --test
  working dir  : /home/pi/actions-runner/_work/thin-edge.io/thin-edge.io/tests/PySys/software_management_end_to_end/sm_apt_install_remove_default/Output/linux
  stdout       : /home/pi/actions-runner/_work/thin-edge.io/thin-edge.io/tests/PySys/software_management_end_to_end/sm_apt_install_remove_default/Output/linux/tedge_connect_c8y_test.out
  stderr       : /home/pi/actions-runner/_work/thin-edge.io/thin-edge.io/tests/PySys/software_management_end_to_end/sm_apt_install_remove_default/Output/linux/tedge_connect_c8y_test.err
  environment  : LD_LIBRARY_PATH=/usr/lib
  environment  : PATH=/bin:/usr/bin:/usr/sbin:/usr/local/bin
                   #1  /bin
                   #2  /usr/bin
                   #3  /usr/sbin
                   #4  /usr/local/bin
14:20:22 DEBUG Waiting up to 600 secs for process sudo&lt;tedge_connect_c8y_test&gt; (pid 23090)
14:20:23 INFO  Executed sudo&lt;tedge_connect_c8y_test&gt;, exit status 0
14:20:23 DEBUG Process parameters for systemctl&lt;serv_mosq2&gt;
  command line : /usr/bin/systemctl status mosquitto
    arg #1     : status
    arg #2     : mosquitto
  working dir  : /home/pi/actions-runner/_work/thin-edge.io/thin-edge.io/tests/PySys/software_management_end_to_end/sm_apt_install_remove_default/Output/linux
  stdout       : /home/pi/actions-runner/_work/thin-edge.io/thin-edge.io/tests/PySys/software_management_end_to_end/sm_apt_install_remove_default/Output/linux/serv_mosq2.out
  stderr       : /home/pi/actions-runner/_work/thin-edge.io/thin-edge.io/tests/PySys/software_management_end_to_end/sm_apt_install_remove_default/Output/linux/serv_mosq2.err
  environment  : LD_LIBRARY_PATH=/usr/lib
  environment  : PATH=/bin:/usr/bin:/usr/sbin:/usr/local/bin
                   #1  /bin
                   #2  /usr/bin
                   #3  /usr/sbin
                   #4  /usr/local/bin
14:20:23 DEBUG Waiting up to 600 secs for process systemctl&lt;serv_mosq2&gt; (pid 23098)
14:20:23 INFO  Executed systemctl&lt;serv_mosq2&gt;, exit status 0
14:20:23 DEBUG Process parameters for systemctl&lt;serv_mapper3&gt;
  command line : /usr/bin/systemctl status tedge-mapper-c8y
    arg #1     : status
    arg #2     : tedge-mapper-c8y
  working dir  : /home/pi/actions-runner/_work/thin-edge.io/thin-edge.io/tests/PySys/software_management_end_to_end/sm_apt_install_remove_default/Output/linux
  stdout       : /home/pi/actions-runner/_work/thin-edge.io/thin-edge.io/tests/PySys/software_management_end_to_end/sm_apt_install_remove_default/Output/linux/serv_mapper3.out
  stderr       : /home/pi/actions-runner/_work/thin-edge.io/thin-edge.io/tests/PySys/software_management_end_to_end/sm_apt_install_remove_default/Output/linux/serv_mapper3.err
  environment  : LD_LIBRARY_PATH=/usr/lib
  environment  : PATH=/bin:/usr/bin:/usr/sbin:/usr/local/bin
                   #1  /bin
                   #2  /usr/bin
                   #3  /usr/sbin
                   #4  /usr/local/bin
14:20:23 DEBUG Waiting up to 600 secs for process systemctl&lt;serv_mapper3&gt; (pid 23099)
14:20:23 INFO  Executed systemctl&lt;serv_mapper3&gt;, exit status 0
14:20:25 DEBUG Final URL of the request: https://thin-edge-io.eu-latest.cumulocity.com/devicecontrol/operations?deviceId=13858745&amp;pageSize=1&amp;revert=true&amp;dateFrom=1970-01-01T00%3A00%3A00.000Z
14:20:25 INFO  State of current operation: FAILED
14:20:25 DEBUG Final URL of the request: https://thin-edge-io.eu-latest.cumulocity.com/devicecontrol/operations?deviceId=13858745&amp;pageSize=1&amp;revert=true&amp;dateFrom=1970-01-01T00%3A00%3A00.000Z
14:20:25 DEBUG State of current operation: {
    &quot;delivery&quot;: {
        &quot;time&quot;: &quot;2022-02-07T14:19:09.846Z&quot;,
        &quot;log&quot;: [
            {
                &quot;time&quot;: &quot;2022-02-07T14:19:09.790Z&quot;,
                &quot;status&quot;: &quot;PENDING&quot;
            },
            {
                &quot;time&quot;: &quot;2022-02-07T14:19:09.807Z&quot;,
                &quot;status&quot;: &quot;SEND&quot;
            }
        ],
        &quot;status&quot;: &quot;DELIVERED&quot;
    },
    &quot;creationTime&quot;: &quot;2022-02-07T14:19:09.748Z&quot;,
    &quot;deviceId&quot;: &quot;13858745&quot;,
    &quot;deviceName&quot;: &quot;offsitea&quot;,
    &quot;failureReason&quot;: &quot;1 error, see device log file /var/log/tedge/agent/software-update-2022-02-07T14:19:11Z.log&quot;,
    &quot;self&quot;: &quot;https://t493319102.eu-latest.cumulocity.com/devicecontrol/operations/13882410&quot;,
    &quot;id&quot;: &quot;13882410&quot;,
    &quot;status&quot;: &quot;FAILED&quot;,
    &quot;description&quot;: &quot;Apply software changes, triggered from PySys: [{'name': 'does_not_exist', 'id': '5446165', 'version': '::apt', 'url': '', 'action': 'install'}]&quot;,
    &quot;c8y_SoftwareUpdate&quot;: [
        {
            &quot;name&quot;: &quot;does_not_exist&quot;,
            &quot;action&quot;: &quot;install&quot;,
            &quot;id&quot;: &quot;5446165&quot;,
            &quot;version&quot;: &quot;::apt&quot;,
            &quot;url&quot;: &quot;&quot;
        }
    ]
}
14:20:26 INFO  Package rolldice is installed
14:20:26 WARN  Assert that (False == value) with value=True ... failed 
14:20:26 DEBUG --- test execute
14:20:26 INFO  Response status: 201
14:20:26 INFO  Response to action: {
    &quot;creationTime&quot;: &quot;2022-02-07T14:20:26.197Z&quot;,
    &quot;deviceId&quot;: &quot;13858745&quot;,
    &quot;deviceName&quot;: &quot;offsitea&quot;,
    &quot;self&quot;: &quot;https://t493319102.eu-latest.cumulocity.com/devicecontrol/operations/13882420&quot;,
    &quot;id&quot;: &quot;13882420&quot;,
    &quot;status&quot;: &quot;PENDING&quot;,
    &quot;description&quot;: &quot;Apply software changes, triggered from PySys: [{'name': 'rolldice', 'id': '5152439', 'version': ' ', 'url': '', 'action': 'install'}]&quot;,
    &quot;c8y_SoftwareUpdate&quot;: [
        {
            &quot;name&quot;: &quot;rolldice&quot;,
            &quot;action&quot;: &quot;install&quot;,
            &quot;id&quot;: &quot;5152439&quot;,
            &quot;version&quot;: &quot; &quot;,
            &quot;url&quot;: &quot;&quot;
        }
    ]
}
14:20:26 INFO  Started operation: {'creationTime': '2022-02-07T14:20:26.197Z', 'deviceId': '13858745', 'deviceName': 'offsitea', 'self': 'https://t493319102.eu-latest.cumulocity.com/devicecontrol/operations/13882420', 'id': '13882420', 'status': 'PENDING', 'description': &quot;Apply software changes, triggered from PySys: [{'name': 'rolldice', 'id': '5152439', 'version': ' ', 'url': '', 'action': 'install'}]&quot;, 'c8y_SoftwareUpdate': [{'name': 'rolldice', 'action': 'install', 'id': '5152439', 'version': ' ', 'url': ''}]}
14:20:28 INFO  State of operation 13882420 : EXECUTING
14:20:30 INFO  State of operation 13882420 : EXECUTING
14:20:32 INFO  State of operation 13882420 : EXECUTING
14:20:35 INFO  State of operation 13882420 : EXECUTING
14:20:38 INFO  State of operation 13882420 : EXECUTING
14:20:40 INFO  State of operation 13882420 : EXECUTING
14:20:42 INFO  State of operation 13882420 : EXECUTING
14:20:44 INFO  State of operation 13882420 : EXECUTING
14:20:46 INFO  State of operation 13882420 : EXECUTING
14:20:48 INFO  State of operation 13882420 : EXECUTING
14:20:51 INFO  State of operation 13882420 : SUCCESSFUL
14:20:51 INFO  Package rolldice is installed
14:20:51 INFO  Assert that (True == value) with value=True ... passed
14:20:51 INFO  Response status: 201
14:20:51 INFO  Response to action: {
    &quot;creationTime&quot;: &quot;2022-02-07T14:20:51.421Z&quot;,
    &quot;deviceId&quot;: &quot;13858745&quot;,
    &quot;deviceName&quot;: &quot;offsitea&quot;,
    &quot;self&quot;: &quot;https://t493319102.eu-latest.cumulocity.com/devicecontrol/operations/13882431&quot;,
    &quot;id&quot;: &quot;13882431&quot;,
    &quot;status&quot;: &quot;PENDING&quot;,
    &quot;description&quot;: &quot;Apply software changes, triggered from PySys: [{'name': 'rolldice', 'id': '5152439', 'version': ' ', 'url': '', 'action': 'delete'}]&quot;,
    &quot;c8y_SoftwareUpdate&quot;: [
        {
            &quot;name&quot;: &quot;rolldice&quot;,
            &quot;action&quot;: &quot;delete&quot;,
            &quot;id&quot;: &quot;5152439&quot;,
            &quot;version&quot;: &quot; &quot;,
            &quot;url&quot;: &quot;&quot;
        }
    ]
}
14:20:51 INFO  Started operation: {'creationTime': '2022-02-07T14:20:51.421Z', 'deviceId': '13858745', 'deviceName': 'offsitea', 'self': 'https://t493319102.eu-latest.cumulocity.com/devicecontrol/operations/13882431', 'id': '13882431', 'status': 'PENDING', 'description': &quot;Apply software changes, triggered from PySys: [{'name': 'rolldice', 'id': '5152439', 'version': ' ', 'url': '', 'action': 'delete'}]&quot;, 'c8y_SoftwareUpdate': [{'name': 'rolldice', 'action': 'delete', 'id': '5152439', 'version': ' ', 'url': ''}]}
14:20:53 INFO  State of operation 13882431 : EXECUTING
14:20:55 INFO  State of operation 13882431 : EXECUTING
14:20:57 INFO  State of operation 13882431 : EXECUTING
14:21:00 INFO  State of operation 13882431 : EXECUTING
14:21:03 INFO  State of operation 13882431 : EXECUTING
14:21:05 INFO  State of operation 13882431 : EXECUTING
14:21:07 INFO  State of operation 13882431 : EXECUTING
14:21:09 INFO  State of operation 13882431 : EXECUTING
14:21:12 INFO  State of operation 13882431 : EXECUTING
14:21:14 INFO  State of operation 13882431 : EXECUTING
14:21:16 INFO  State of operation 13882431 : EXECUTING
14:21:19 INFO  State of operation 13882431 : EXECUTING
14:21:21 INFO  State of operation 13882431 : EXECUTING
14:21:23 INFO  State of operation 13882431 : EXECUTING
14:21:25 INFO  State of operation 13882431 : EXECUTING
14:21:27 INFO  State of operation 13882431 : EXECUTING
14:21:30 INFO  State of operation 13882431 : EXECUTING
14:21:32 INFO  State of operation 13882431 : EXECUTING
14:21:34 INFO  State of operation 13882431 : EXECUTING
14:21:37 INFO  State of operation 13882431 : EXECUTING
14:21:39 INFO  State of operation 13882431 : EXECUTING
14:21:41 INFO  State of operation 13882431 : EXECUTING
14:21:44 INFO  State of operation 13882431 : EXECUTING
14:21:46 INFO  State of operation 13882431 : SUCCESSFUL
14:21:46 DEBUG --- test validate
14:21:46 INFO  Assert that (False == value) with value=False ... passed
14:21:46 DEBUG --- test cleanup
14:21:46 INFO  
14:21:46 INFO  cleanup:
14:21:46 DEBUG Running registered cleanup function: &lt;bound method SoftwareManagement.mysmcleanup of &lt;PySysTest object at 0x75bfb990&gt;&gt;
14:21:46 DEBUG Running registered cleanup function: &lt;bound method EnvironmentC8y.myenvcleanup of &lt;PySysTest object at 0x75bfb990&gt;&gt;
14:21:46 DEBUG EnvironmentC8y Cleanup
14:21:46 DEBUG Process parameters for sudo&lt;tedge_disconnect_c8y&gt;
  command line : /usr/bin/sudo /usr/bin/tedge disconnect c8y
    arg #1     : /usr/bin/tedge
    arg #2     : disconnect
    arg #3     : c8y
  working dir  : /home/pi/actions-runner/_work/thin-edge.io/thin-edge.io/tests/PySys/software_management_end_to_end/sm_apt_install_remove_default/Output/linux
  stdout       : /home/pi/actions-runner/_work/thin-edge.io/thin-edge.io/tests/PySys/software_management_end_to_end/sm_apt_install_remove_default/Output/linux/tedge_disconnect_c8y.out
  stderr       : /home/pi/actions-runner/_work/thin-edge.io/thin-edge.io/tests/PySys/software_management_end_to_end/sm_apt_install_remove_default/Output/linux/tedge_disconnect_c8y.err
  environment  : LD_LIBRARY_PATH=/usr/lib
  environment  : PATH=/bin:/usr/bin:/usr/sbin:/usr/local/bin
                   #1  /bin
                   #2  /usr/bin
                   #3  /usr/sbin
                   #4  /usr/local/bin
14:21:46 DEBUG Waiting up to 600 secs for process sudo&lt;tedge_disconnect_c8y&gt; (pid 23465)
14:21:49 INFO  Executed sudo&lt;tedge_disconnect_c8y&gt;, exit status 0
14:21:49 DEBUG Process parameters for systemctl&lt;serv_mapper5&gt;
  command line : /usr/bin/systemctl status tedge-mapper-c8y
    arg #1     : status
    arg #2     : tedge-mapper-c8y
  working dir  : /home/pi/actions-runner/_work/thin-edge.io/thin-edge.io/tests/PySys/software_management_end_to_end/sm_apt_install_remove_default/Output/linux
  stdout       : /home/pi/actions-runner/_work/thin-edge.io/thin-edge.io/tests/PySys/software_management_end_to_end/sm_apt_install_remove_default/Output/linux/serv_mapper5.out
  stderr       : /home/pi/actions-runner/_work/thin-edge.io/thin-edge.io/tests/PySys/software_management_end_to_end/sm_apt_install_remove_default/Output/linux/serv_mapper5.err
  environment  : LD_LIBRARY_PATH=/usr/lib
  environment  : PATH=/bin:/usr/bin:/usr/sbin:/usr/local/bin
                   #1  /bin
                   #2  /usr/bin
                   #3  /usr/sbin
                   #4  /usr/local/bin
14:21:49 DEBUG Waiting up to 600 secs for process systemctl&lt;serv_mapper5&gt; (pid 23525)
14:21:49 INFO  Executed systemctl&lt;serv_mapper5&gt;, exit status 3
14:21:49 DEBUG ProcessUser cleanup function done.
14:21:49 INFO  
14:21:49 INFO  Test duration: 106.75 secs
14:21:49 INFO  Test final outcome:  FAILED
14:21:49 INFO  Test outcome reason: Assert that (False == value) with value=True
14:21:49 INFO  
</system-out>
	</testcase>
</testsuite>
