<?xml version="1.0" encoding="utf-8"?>
<testsuite failures="0" name="apt_finalize" skipped="0" tests="1" time="69.14" timestamp="2022-03-15T18:00:42">
	<testcase classname="AptPluginFinalize" name="apt_finalize"/>
</testsuite>
