<?xml version="1.0" encoding="utf-8"?>
<testsuite failures="1" name="log_request_error_messages" skipped="0" tests="1" time="36.96" timestamp="2022-04-13T07:43:10">
	<testcase classname="LogRequestVerifySearchTextError" name="log_request_error_messages">
		<failure message="FAILED: Assert that (True == value) with value=False" type="FAILED"/>
		<system-out>07:42:34 INFO  ==============================================================
07:42:34 INFO  Id:    log_request_error_messages
07:42:34 INFO  Dir:   log_request_end_to_end/
07:42:34 INFO  Title: Validate end to end behaviour for the log request operation check for error messages
07:42:34 INFO  ==============================================================
07:42:35 INFO  EnvironmentC8y Setup
07:42:35 INFO  Executed systemctl&lt;serv_mapper1&gt;, exit status 3
07:42:35 INFO  Restarting mosquitto too frequently in the last 10 seconds. It was only up for 2 seconds
07:42:35 INFO  Delaying execution by 9 seconds
07:42:58 INFO  Executed sudo&lt;tedge_connect_c8y&gt;, exit status 0, duration 13 secs
07:42:59 INFO  Executed sudo&lt;tedge_connect_c8y_test&gt;, exit status 0
07:43:00 INFO  Executed systemctl&lt;serv_mosq2&gt;, exit status 0
07:43:00 INFO  Executed systemctl&lt;serv_mapper3&gt;, exit status 0
07:43:01 INFO  Executed sudo&lt;rm_logs&gt;, exit status 0
07:43:01 INFO  Executed sudo&lt;move_logs&gt;, exit status 0
07:43:02 INFO  log response None
07:43:02 WARN  retry, retrying in 1 seconds...
07:43:03 INFO  log response https://thin-edge-io.eu-latest.cumulocity.com/event/events/17268458/binaries
07:43:04 WARN  Assert that (True == value) with value=False ... failed [run.py:43]
07:43:04 INFO  
07:43:04 INFO  cleanup:
07:43:05 INFO  Executed sudo&lt;rm_logs&gt;, exit status 0
07:43:05 INFO  Executed sudo&lt;rm_tmp_logs&gt;, exit status 0
07:43:06 INFO  Executed sudo&lt;send_failed&gt;, exit status 0
07:43:10 INFO  Executed sudo&lt;tedge_disconnect_c8y&gt;, exit status 0
07:43:10 INFO  Executed systemctl&lt;serv_mapper5&gt;, exit status 3
07:43:10 INFO  
07:43:10 INFO  Test duration: 36.96 secs
07:43:10 INFO  Test final outcome:  FAILED
07:43:10 INFO  Test outcome reason: Assert that (True == value) with value=False
07:43:10 INFO  
</system-out>
	</testcase>
</testsuite>
