<?xml version="1.0" encoding="utf-8"?>
<testsuite failures="1" name="tedge_mapper_c8y_alarms" skipped="0" tests="1" time="30.32" timestamp="2022-04-12T08:52:57">
	<testcase classname="TedgeMapperC8yAlarm" name="tedge_mapper_c8y_alarms">
		<failure message="BLOCKED: IndexError: list index out of range" type="BLOCKED"/>
		<system-out>08:52:27 INFO  ==============================================================
08:52:27 INFO  Id:    tedge_mapper_c8y_alarms
08:52:27 INFO  Dir:   tedge_mapper_c8y/
08:52:27 INFO  Title: Validate that alarms sent to tedge/alarms topic \ gets mapped as alarms in Cumulocity
08:52:27 INFO  ==============================================================
08:52:27 INFO  EnvironmentC8y Setup
08:52:28 INFO  Executed systemctl&lt;serv_mapper1&gt;, exit status 3
08:52:41 INFO  Executed sudo&lt;tedge_connect_c8y&gt;, exit status 0, duration 13 secs
08:52:42 INFO  Executed sudo&lt;tedge_connect_c8y_test&gt;, exit status 0
08:52:43 INFO  Executed systemctl&lt;serv_mosq2&gt;, exit status 0
08:52:43 INFO  Executed systemctl&lt;serv_mapper3&gt;, exit status 0
08:52:48 INFO  Executed tedge, exit status 0
08:52:49 INFO  Executed tedge, exit status 0
08:52:49 INFO  Executed tedge, exit status 0
08:52:50 INFO  Executed tedge, exit status 0
08:52:50 INFO  Executed tedge, exit status 0
08:52:51 WARN  IndexError occurred while running test - list index out of range
Traceback (most recent call last):
  File &quot;/home/pi/env-pysys/lib/python3.7/site-packages/pysys/baserunner.py&quot;, line 1296, in __call__
    self.testObj.validate()
  File &quot;/home/pi/actions-runner/_work/thin-edge.io/thin-edge.io/tests/PySys/tedge_mapper_c8y/tedge_mapper_c8y_alarms/run.py&quot;, line 100, in validate
    alarms[0],
IndexError: list index out of range
08:52:51 WARN  IndexError: list index out of range ... blocked 
08:52:51 INFO  
08:52:51 INFO  cleanup:
08:52:52 INFO  Executed tedge, exit status 0
08:52:52 INFO  Executed tedge, exit status 0
08:52:53 INFO  Executed tedge, exit status 0
08:52:57 INFO  Executed sudo&lt;tedge_disconnect_c8y&gt;, exit status 0
08:52:57 INFO  Executed systemctl&lt;serv_mapper5&gt;, exit status 3
08:52:57 INFO  
08:52:57 INFO  Test duration: 30.32 secs
08:52:57 INFO  Test final outcome:  BLOCKED
08:52:57 INFO  Test outcome reason: IndexError: list index out of range
08:52:57 INFO  
</system-out>
	</testcase>
</testsuite>
