<?xml version="1.0" encoding="utf-8"?>
<testsuite failures="0" name="monitoring_with_collectd" skipped="1" tests="1" time="0.02" timestamp="2022-04-15T08:57:49">
	<testcase classname="MonitoringWithCollectd" name="monitoring_with_collectd">
		<skipped message="SKIPPED: Test execution disabled due to #792 (instable)"/>
		<system-out>08:57:49 INFO  ==============================================================
08:57:49 INFO  Id:    monitoring_with_collectd
08:57:49 INFO  Dir:   monitoring/
08:57:49 INFO  Title: Validate tedge dm agent messages that are produced by batching the collectd messages
08:57:49 INFO  ==============================================================
08:57:49 INFO  Test execution disabled due to #792 (instable) ... skipped
08:57:49 INFO  
08:57:49 INFO  Test duration: 0.02 secs
08:57:49 INFO  Test final outcome:  SKIPPED
08:57:49 INFO  Test outcome reason: Test execution disabled due to #792 (instable)
08:57:49 INFO  
</system-out>
	</testcase>
</testsuite>
