<?xml version="1.0" encoding="utf-8"?>
<testsuite failures="0" name="c8y_restart_bridge" skipped="0" tests="1" time="21.43" timestamp="2022-04-12T16:17:15">
	<testcase classname="RestartBridge" name="c8y_restart_bridge"/>
</testsuite>
