<?xml version="1.0" encoding="utf-8"?>
<testsuite failures="1" name="smoketest_json_400_samples_20ms" skipped="0" tests="1" time="56.1" timestamp="2022-04-12T08:42:16">
	<testcase classname="SmoketestJson400Samples20ms" name="smoketest_json_400_samples_20ms">
		<failure message="BLOCKED: python3&lt;stdout&gt; returned non-zero exit code 1" type="BLOCKED"/>
		<system-out>08:41:20 INFO  ==============================================================
08:41:20 INFO  Id:    smoketest_json_400_samples_20ms
08:41:20 INFO  Dir:   smoketests/
08:41:20 INFO  Title: Smoketest Json 400 Samples 20ms Delay
08:41:20 INFO  ==============================================================
08:41:20 INFO  EnvironmentC8y Setup
08:41:21 INFO  Executed systemctl&lt;serv_mapper1&gt;, exit status 3
08:41:21 INFO  Restarting mosquitto too frequently in the last 10 seconds. It was only up for 5 seconds
08:41:21 INFO  Delaying execution by 6 seconds
08:41:41 INFO  Executed sudo&lt;tedge_connect_c8y&gt;, exit status 0, duration 13 secs
08:41:41 INFO  Executed sudo&lt;tedge_connect_c8y_test&gt;, exit status 0
08:41:42 INFO  Executed systemctl&lt;serv_mosq2&gt;, exit status 0
08:41:42 INFO  Executed systemctl&lt;serv_mapper3&gt;, exit status 0
08:42:11 WARN  Executed python3&lt;stdout&gt;, exit status 1
08:42:11 INFO  Contents of stdout.out: 
  Publishing sawtooth with delay 10ms height 400 iterations 1 template flux will cause 400 publishs.
  Iteraton: 0
  Execution took 4 s 4091 ms
  Publish rate: 10.227 ms/pub
  Publish per second: 97.776 pub/s
  Act: Publishing values with temperature_publisher
  Waiting 3s for values to arrive in C8y
  Assert: Retrieving data via REST interface
  Gathering values from 2022-04-12 08:41:51+00:00 to 2022-04-12 08:42:11+00:00
  Found 0 recorded values:
  Retrieved values:
  Expected:  0.0  ...  399.0
  Data verification FAILED
  -----

08:42:12 WARN  python3&lt;stdout&gt; returned non-zero exit code 1 ... blocked 
08:42:12 WARN  Aborted test due to BLOCKED outcome
08:42:12 INFO  
08:42:12 INFO  cleanup:
08:42:16 INFO  Executed sudo&lt;tedge_disconnect_c8y&gt;, exit status 0
08:42:16 INFO  Executed systemctl&lt;serv_mapper5&gt;, exit status 3
08:42:16 INFO  
08:42:16 INFO  Test duration: 56.10 secs
08:42:16 INFO  Test final outcome:  BLOCKED
08:42:16 INFO  Test outcome reason: python3&lt;stdout&gt; returned non-zero exit code 1
08:42:16 INFO  
</system-out>
	</testcase>
</testsuite>
