<?xml version="1.0" encoding="utf-8"?>
<testsuite failures="0" name="SoftwareManagement.Plugin.apama_plugin_mon_support" skipped="1" tests="1" time="0.07" timestamp="2022-04-11T09:41:50">
	<testcase classname="ApamaPluginMonSupportTest" name="SoftwareManagement.Plugin.apama_plugin_mon_support">
		<skipped message="SKIPPED: Apama plugin tests are disabled by default. Execute `pysys run` with `-XmyPlatform=container` to run these tests"/>
		<system-out>09:41:50 DEBUG deletedir failed to update permissions and delete /home/pi/actions-runner/_work/thin-edge.io/thin-edge.io/tests/PySys/plugin_apama/apama_plugin_mon_support/Output/linux on this attempt: [Errno 2] No such file or directory: '/home/pi/actions-runner/_work/thin-edge.io/thin-edge.io/tests/PySys/plugin_apama/apama_plugin_mon_support/Output/linux'
09:41:50 INFO  ==============================================================
09:41:50 INFO  Id:    SoftwareManagement.Plugin.apama_plugin_mon_support
09:41:50 INFO  Dir:   plugin_apama/
09:41:50 INFO  Title: Validate mon file support of apama plugin
09:41:50 DEBUG Execution order hint: 0.0
09:41:50 INFO  ==============================================================
09:41:50 INFO  Apama plugin tests are disabled by default. Execute `pysys run` with `-XmyPlatform=container` to run these tests ... skipped
09:41:50 WARN  Aborted test due to SKIPPED outcome
09:41:50 DEBUG --- test cleanup
09:41:50 DEBUG ProcessUser cleanup function done.
09:41:50 INFO  
09:41:50 INFO  Test duration: 0.07 secs
09:41:50 INFO  Test final outcome:  SKIPPED
09:41:50 INFO  Test outcome reason: Apama plugin tests are disabled by default. Execute `pysys run` with `-XmyPlatform=container` to run these tests
09:41:50 INFO  
</system-out>
	</testcase>
</testsuite>
