<?xml version="1.0" encoding="utf-8"?>
<testsuite failures="1" name="smoketest_json" skipped="0" tests="1" time="44.4" timestamp="2022-04-15T09:01:10">
	<testcase classname="SmokeTestJson" name="smoketest_json">
		<failure message="BLOCKED: python3&lt;stdout&gt; returned non-zero exit code 1" type="BLOCKED"/>
		<system-out>09:00:26 INFO  ==============================================================
09:00:26 INFO  Id:    smoketest_json
09:00:26 INFO  Dir:   smoketests/
09:00:26 INFO  Title: Smoke Test Json
09:00:26 INFO  ==============================================================
09:00:26 INFO  EnvironmentC8y Setup
09:00:26 INFO  Executed systemctl&lt;serv_mapper1&gt;, exit status 3
09:00:26 INFO  Restarting mosquitto too frequently in the last 10 seconds. It was only up for 5 seconds
09:00:26 INFO  Delaying execution by 6 seconds
09:00:47 INFO  Executed sudo&lt;tedge_connect_c8y&gt;, exit status 0, duration 14 secs
09:00:47 INFO  Executed sudo&lt;tedge_connect_c8y_test&gt;, exit status 0
09:00:48 INFO  Executed systemctl&lt;serv_mosq2&gt;, exit status 0
09:00:48 INFO  Executed systemctl&lt;serv_mapper3&gt;, exit status 0
09:01:06 WARN  Executed python3&lt;stdout&gt;, exit status 1
09:01:06 INFO  Contents of stdout.out: 
  Publishing sawtooth with delay 100ms height 20 iterations 1 template flux will cause 20 publishs.
  Iteraton: 0
  Execution took 2 s 2022 ms
  Publish rate: 101.100 ms/pub
  Publish per second: 9.891 pub/s
  Act: Publishing values with temperature_publisher
  Waiting 3s for values to arrive in C8y
  Assert: Retrieving data via REST interface
  Gathering values from 2022-04-15 09:00:55+00:00 to 2022-04-15 09:01:05+00:00
  Found 0 recorded values:
  Retrieved values:
  Expected:  0.0  ...  19.0
  Data verification FAILED
  -----

09:01:06 WARN  python3&lt;stdout&gt; returned non-zero exit code 1 ... blocked 
09:01:06 WARN  Aborted test due to BLOCKED outcome
09:01:06 INFO  
09:01:06 INFO  cleanup:
09:01:10 INFO  Executed sudo&lt;tedge_disconnect_c8y&gt;, exit status 0
09:01:10 INFO  Executed systemctl&lt;serv_mapper5&gt;, exit status 3
09:01:10 INFO  
09:01:10 INFO  Test duration: 44.40 secs
09:01:10 INFO  Test final outcome:  BLOCKED
09:01:10 INFO  Test outcome reason: python3&lt;stdout&gt; returned non-zero exit code 1
09:01:10 INFO  
</system-out>
	</testcase>
</testsuite>
