<?xml version="1.0" encoding="utf-8"?>
<testsuite failures="1" name="log_request_error_messages" skipped="0" tests="1" time="35.95" timestamp="2022-04-12T08:34:43">
	<testcase classname="LogRequestVerifySearchTextError" name="log_request_error_messages">
		<failure message="FAILED: Assert that (True == value) with value=False" type="FAILED"/>
		<system-out>08:34:07 INFO  ==============================================================
08:34:07 INFO  Id:    log_request_error_messages
08:34:07 INFO  Dir:   log_request_end_to_end/
08:34:07 INFO  Title: Validate end to end behaviour for the log request operation check for error messages
08:34:07 INFO  ==============================================================
08:34:08 INFO  EnvironmentC8y Setup
08:34:09 INFO  Executed systemctl&lt;serv_mapper1&gt;, exit status 3
08:34:09 INFO  Restarting mosquitto too frequently in the last 10 seconds. It was only up for 2 seconds
08:34:09 INFO  Delaying execution by 9 seconds
08:34:31 INFO  Executed sudo&lt;tedge_connect_c8y&gt;, exit status 0, duration 13 secs
08:34:32 INFO  Executed sudo&lt;tedge_connect_c8y_test&gt;, exit status 0
08:34:33 INFO  Executed systemctl&lt;serv_mosq2&gt;, exit status 0
08:34:33 INFO  Executed systemctl&lt;serv_mapper3&gt;, exit status 0
08:34:34 INFO  Executed sudo&lt;rm_logs&gt;, exit status 0
08:34:34 INFO  Executed sudo&lt;move_logs&gt;, exit status 0
08:34:35 INFO  log response None
08:34:35 WARN  retry, retrying in 1 seconds...
08:34:36 INFO  log response https://thin-edge-io.eu-latest.cumulocity.com/event/events/17177127/binaries
08:34:36 WARN  Assert that (True == value) with value=False ... failed [run.py:43]
08:34:36 INFO  
08:34:36 INFO  cleanup:
08:34:37 INFO  Executed sudo&lt;rm_logs&gt;, exit status 0
08:34:37 INFO  Executed sudo&lt;rm_tmp_logs&gt;, exit status 0
08:34:38 INFO  Executed sudo&lt;send_failed&gt;, exit status 0
08:34:42 INFO  Executed sudo&lt;tedge_disconnect_c8y&gt;, exit status 0
08:34:43 INFO  Executed systemctl&lt;serv_mapper5&gt;, exit status 3
08:34:43 INFO  
08:34:43 INFO  Test duration: 35.95 secs
08:34:43 INFO  Test final outcome:  FAILED
08:34:43 INFO  Test outcome reason: Assert that (True == value) with value=False
08:34:43 INFO  
</system-out>
	</testcase>
</testsuite>
