<?xml version="1.0" encoding="utf-8"?>
<testsuite failures="0" name="valid_device_id" skipped="0" tests="1" time="31.91" timestamp="2022-04-08T09:43:31">
	<testcase classname="ValidateValidDeviceId" name="valid_device_id"/>
</testsuite>
