<?xml version="1.0" encoding="utf-8"?>
<testsuite failures="1" name="tedge_mapper_c8y_child_device_measurement" skipped="0" tests="1" time="32.1" timestamp="2022-04-08T10:00:17">
	<testcase classname="TedgeMapperC8yChildDevice" name="tedge_mapper_c8y_child_device_measurement">
		<failure message="BLOCKED: TypeError: 'NoneType' object is not subscriptable (+1 other failures)" type="BLOCKED"/>
		<system-out>09:59:45 DEBUG deletedir failed to update permissions and delete /home/pi/actions-runner/_work/thin-edge.io/thin-edge.io/tests/PySys/tedge_mapper_c8y/tedge_mapper_c8y_child_device_measurement/Output/linux on this attempt: [Errno 2] No such file or directory: '/home/pi/actions-runner/_work/thin-edge.io/thin-edge.io/tests/PySys/tedge_mapper_c8y/tedge_mapper_c8y_child_device_measurement/Output/linux'
09:59:45 INFO  ==============================================================
09:59:45 INFO  Id:    tedge_mapper_c8y_child_device_measurement
09:59:45 INFO  Dir:   tedge_mapper_c8y/
09:59:45 INFO  Title: Validate that measurements sent to tedge/measurements/child topic gets mapped as the child device's measurement in Cumulocity
09:59:45 DEBUG Execution order hint: 0.0
09:59:45 INFO  ==============================================================
09:59:45 DEBUG EnvironmentC8y Setup
09:59:45 INFO  EnvironmentC8y Setup
09:59:45 DEBUG Process parameters for systemctl&lt;serv_mapper1&gt;
  command line : /usr/bin/systemctl status tedge-mapper-c8y
    arg #1     : status
    arg #2     : tedge-mapper-c8y
  working dir  : /home/pi/actions-runner/_work/thin-edge.io/thin-edge.io/tests/PySys/tedge_mapper_c8y/tedge_mapper_c8y_child_device_measurement/Output/linux
  stdout       : /home/pi/actions-runner/_work/thin-edge.io/thin-edge.io/tests/PySys/tedge_mapper_c8y/tedge_mapper_c8y_child_device_measurement/Output/linux/serv_mapper1.out
  stderr       : /home/pi/actions-runner/_work/thin-edge.io/thin-edge.io/tests/PySys/tedge_mapper_c8y/tedge_mapper_c8y_child_device_measurement/Output/linux/serv_mapper1.err
  environment  : LD_LIBRARY_PATH=/usr/lib
  environment  : PATH=/bin:/usr/bin:/usr/sbin:/usr/local/bin
                   #1  /bin
                   #2  /usr/bin
                   #3  /usr/sbin
                   #4  /usr/local/bin
09:59:45 DEBUG Waiting up to 600 secs for process systemctl&lt;serv_mapper1&gt; (pid 29810)
09:59:46 INFO  Executed systemctl&lt;serv_mapper1&gt;, exit status 3
09:59:46 INFO  Restarting mosquitto too frequently in the last 10 seconds. It was only up for 5 seconds
09:59:46 INFO  Delaying execution by 6 seconds
09:59:52 DEBUG Process parameters for sudo&lt;tedge_connect_c8y&gt;
  command line : /usr/bin/sudo /usr/bin/tedge connect c8y
    arg #1     : /usr/bin/tedge
    arg #2     : connect
    arg #3     : c8y
  working dir  : /home/pi/actions-runner/_work/thin-edge.io/thin-edge.io/tests/PySys/tedge_mapper_c8y/tedge_mapper_c8y_child_device_measurement/Output/linux
  stdout       : /home/pi/actions-runner/_work/thin-edge.io/thin-edge.io/tests/PySys/tedge_mapper_c8y/tedge_mapper_c8y_child_device_measurement/Output/linux/tedge_connect_c8y.out
  stderr       : /home/pi/actions-runner/_work/thin-edge.io/thin-edge.io/tests/PySys/tedge_mapper_c8y/tedge_mapper_c8y_child_device_measurement/Output/linux/tedge_connect_c8y.err
  environment  : LD_LIBRARY_PATH=/usr/lib
  environment  : PATH=/bin:/usr/bin:/usr/sbin:/usr/local/bin
                   #1  /bin
                   #2  /usr/bin
                   #3  /usr/sbin
                   #4  /usr/local/bin
09:59:52 DEBUG Waiting up to 600 secs for process sudo&lt;tedge_connect_c8y&gt; (pid 29816)
10:00:06 INFO  Executed sudo&lt;tedge_connect_c8y&gt;, exit status 0, duration 13 secs
10:00:06 DEBUG Process parameters for sudo&lt;tedge_connect_c8y_test&gt;
  command line : /usr/bin/sudo /usr/bin/tedge connect c8y --test
    arg #1     : /usr/bin/tedge
    arg #2     : connect
    arg #3     : c8y
    arg #4     : --test
  working dir  : /home/pi/actions-runner/_work/thin-edge.io/thin-edge.io/tests/PySys/tedge_mapper_c8y/tedge_mapper_c8y_child_device_measurement/Output/linux
  stdout       : /home/pi/actions-runner/_work/thin-edge.io/thin-edge.io/tests/PySys/tedge_mapper_c8y/tedge_mapper_c8y_child_device_measurement/Output/linux/tedge_connect_c8y_test.out
  stderr       : /home/pi/actions-runner/_work/thin-edge.io/thin-edge.io/tests/PySys/tedge_mapper_c8y/tedge_mapper_c8y_child_device_measurement/Output/linux/tedge_connect_c8y_test.err
  environment  : LD_LIBRARY_PATH=/usr/lib
  environment  : PATH=/bin:/usr/bin:/usr/sbin:/usr/local/bin
                   #1  /bin
                   #2  /usr/bin
                   #3  /usr/sbin
                   #4  /usr/local/bin
10:00:06 DEBUG Waiting up to 600 secs for process sudo&lt;tedge_connect_c8y_test&gt; (pid 29923)
10:00:06 INFO  Executed sudo&lt;tedge_connect_c8y_test&gt;, exit status 0
10:00:06 DEBUG Process parameters for systemctl&lt;serv_mosq2&gt;
  command line : /usr/bin/systemctl status mosquitto
    arg #1     : status
    arg #2     : mosquitto
  working dir  : /home/pi/actions-runner/_work/thin-edge.io/thin-edge.io/tests/PySys/tedge_mapper_c8y/tedge_mapper_c8y_child_device_measurement/Output/linux
  stdout       : /home/pi/actions-runner/_work/thin-edge.io/thin-edge.io/tests/PySys/tedge_mapper_c8y/tedge_mapper_c8y_child_device_measurement/Output/linux/serv_mosq2.out
  stderr       : /home/pi/actions-runner/_work/thin-edge.io/thin-edge.io/tests/PySys/tedge_mapper_c8y/tedge_mapper_c8y_child_device_measurement/Output/linux/serv_mosq2.err
  environment  : LD_LIBRARY_PATH=/usr/lib
  environment  : PATH=/bin:/usr/bin:/usr/sbin:/usr/local/bin
                   #1  /bin
                   #2  /usr/bin
                   #3  /usr/sbin
                   #4  /usr/local/bin
10:00:06 DEBUG Waiting up to 600 secs for process systemctl&lt;serv_mosq2&gt; (pid 29929)
10:00:07 INFO  Executed systemctl&lt;serv_mosq2&gt;, exit status 0
10:00:07 DEBUG Process parameters for systemctl&lt;serv_mapper3&gt;
  command line : /usr/bin/systemctl status tedge-mapper-c8y
    arg #1     : status
    arg #2     : tedge-mapper-c8y
  working dir  : /home/pi/actions-runner/_work/thin-edge.io/thin-edge.io/tests/PySys/tedge_mapper_c8y/tedge_mapper_c8y_child_device_measurement/Output/linux
  stdout       : /home/pi/actions-runner/_work/thin-edge.io/thin-edge.io/tests/PySys/tedge_mapper_c8y/tedge_mapper_c8y_child_device_measurement/Output/linux/serv_mapper3.out
  stderr       : /home/pi/actions-runner/_work/thin-edge.io/thin-edge.io/tests/PySys/tedge_mapper_c8y/tedge_mapper_c8y_child_device_measurement/Output/linux/serv_mapper3.err
  environment  : LD_LIBRARY_PATH=/usr/lib
  environment  : PATH=/bin:/usr/bin:/usr/sbin:/usr/local/bin
                   #1  /bin
                   #2  /usr/bin
                   #3  /usr/sbin
                   #4  /usr/local/bin
10:00:07 DEBUG Waiting up to 600 secs for process systemctl&lt;serv_mapper3&gt; (pid 29930)
10:00:07 INFO  Executed systemctl&lt;serv_mapper3&gt;, exit status 0
10:00:07 DEBUG Starting new HTTPS connection (1): thin-edge-io.eu-latest.cumulocity.com:443
10:00:07 DEBUG https://thin-edge-io.eu-latest.cumulocity.com:443 &quot;GET /inventory/managedObjects?fragmentType=c8y_IsDevice&amp;type=thin-edge.io&amp;pageSize=100 HTTP/1.1&quot; 200 None
10:00:08 DEBUG Starting new HTTPS connection (1): thin-edge-io.eu-latest.cumulocity.com:443
10:00:08 DEBUG https://thin-edge-io.eu-latest.cumulocity.com:443 &quot;GET /inventory/managedObjects/17027068/childDevices HTTP/1.1&quot; 200 311
10:00:08 INFO  Assert that (actual == expected) with actual=None, expected=None ... passed
10:00:08 DEBUG --- test execute
10:00:08 DEBUG Process parameters for tedge_pub
  command line : /usr/bin/tedge mqtt pub tedge/measurements/te-child-0a7e0de3 '{&quot;temperature&quot;: 12, &quot;time&quot;: &quot;2021-01-01T10:10:10.100+02:00&quot;}'
    arg #1     : mqtt
    arg #2     : pub
    arg #3     : tedge/measurements/te-child-0a7e0de3
    arg #4     : {&quot;temperature&quot;: 12, &quot;time&quot;: &quot;2021-01-01T10:10:10.100+02:00&quot;}
  working dir  : /home/pi/actions-runner/_work/thin-edge.io/thin-edge.io/tests/PySys/tedge_mapper_c8y/tedge_mapper_c8y_child_device_measurement/Output/linux
  stdout       : /home/pi/actions-runner/_work/thin-edge.io/thin-edge.io/tests/PySys/tedge_mapper_c8y/tedge_mapper_c8y_child_device_measurement/Output/linux/tedge_pub.out
  stderr       : /home/pi/actions-runner/_work/thin-edge.io/thin-edge.io/tests/PySys/tedge_mapper_c8y/tedge_mapper_c8y_child_device_measurement/Output/linux/tedge_pub.err
  environment  : HOME=/home/pi
10:00:08 DEBUG Waiting up to 600 secs for process tedge_pub (pid 29933)
10:00:08 INFO  Executed tedge_pub, exit status 0
10:00:08 DEBUG Process parameters for tedge_pub
  command line : /usr/bin/tedge mqtt pub tedge/measurements/te-child-0a7e0de3 '{&quot;temperature&quot;: 11}'
    arg #1     : mqtt
    arg #2     : pub
    arg #3     : tedge/measurements/te-child-0a7e0de3
    arg #4     : {&quot;temperature&quot;: 11}
  working dir  : /home/pi/actions-runner/_work/thin-edge.io/thin-edge.io/tests/PySys/tedge_mapper_c8y/tedge_mapper_c8y_child_device_measurement/Output/linux
  stdout       : /home/pi/actions-runner/_work/thin-edge.io/thin-edge.io/tests/PySys/tedge_mapper_c8y/tedge_mapper_c8y_child_device_measurement/Output/linux/tedge_pub.out
  stderr       : /home/pi/actions-runner/_work/thin-edge.io/thin-edge.io/tests/PySys/tedge_mapper_c8y/tedge_mapper_c8y_child_device_measurement/Output/linux/tedge_pub.err
  environment  : HOME=/home/pi
10:00:08 DEBUG Waiting up to 600 secs for process tedge_pub (pid 29935)
10:00:09 INFO  Executed tedge_pub, exit status 0
10:00:09 DEBUG Process parameters for tedge_pub
  command line : /usr/bin/tedge mqtt pub tedge/measurements '{&quot;temperature&quot;: 5}'
    arg #1     : mqtt
    arg #2     : pub
    arg #3     : tedge/measurements
    arg #4     : {&quot;temperature&quot;: 5}
  working dir  : /home/pi/actions-runner/_work/thin-edge.io/thin-edge.io/tests/PySys/tedge_mapper_c8y/tedge_mapper_c8y_child_device_measurement/Output/linux
  stdout       : /home/pi/actions-runner/_work/thin-edge.io/thin-edge.io/tests/PySys/tedge_mapper_c8y/tedge_mapper_c8y_child_device_measurement/Output/linux/tedge_pub.out
  stderr       : /home/pi/actions-runner/_work/thin-edge.io/thin-edge.io/tests/PySys/tedge_mapper_c8y/tedge_mapper_c8y_child_device_measurement/Output/linux/tedge_pub.err
  environment  : HOME=/home/pi
10:00:09 DEBUG Waiting up to 600 secs for process tedge_pub (pid 29936)
10:00:09 INFO  Executed tedge_pub, exit status 0
10:00:09 DEBUG Process parameters for tedge_pub
  command line : /usr/bin/tedge mqtt pub tedge/measurements/other-te-child-56be744e '{&quot;temperature&quot;: 6}'
    arg #1     : mqtt
    arg #2     : pub
    arg #3     : tedge/measurements/other-te-child-56be744e
    arg #4     : {&quot;temperature&quot;: 6}
  working dir  : /home/pi/actions-runner/_work/thin-edge.io/thin-edge.io/tests/PySys/tedge_mapper_c8y/tedge_mapper_c8y_child_device_measurement/Output/linux
  stdout       : /home/pi/actions-runner/_work/thin-edge.io/thin-edge.io/tests/PySys/tedge_mapper_c8y/tedge_mapper_c8y_child_device_measurement/Output/linux/tedge_pub.out
  stderr       : /home/pi/actions-runner/_work/thin-edge.io/thin-edge.io/tests/PySys/tedge_mapper_c8y/tedge_mapper_c8y_child_device_measurement/Output/linux/tedge_pub.err
  environment  : HOME=/home/pi
10:00:09 DEBUG Waiting up to 600 secs for process tedge_pub (pid 29937)
10:00:10 INFO  Executed tedge_pub, exit status 0
10:00:10 DEBUG Process parameters for tedge_pub
  command line : /usr/bin/tedge mqtt pub tedge/measurements/te-child-0a7e0de3 '{&quot;temperature&quot;: 10}'
    arg #1     : mqtt
    arg #2     : pub
    arg #3     : tedge/measurements/te-child-0a7e0de3
    arg #4     : {&quot;temperature&quot;: 10}
  working dir  : /home/pi/actions-runner/_work/thin-edge.io/thin-edge.io/tests/PySys/tedge_mapper_c8y/tedge_mapper_c8y_child_device_measurement/Output/linux
  stdout       : /home/pi/actions-runner/_work/thin-edge.io/thin-edge.io/tests/PySys/tedge_mapper_c8y/tedge_mapper_c8y_child_device_measurement/Output/linux/tedge_pub.out
  stderr       : /home/pi/actions-runner/_work/thin-edge.io/thin-edge.io/tests/PySys/tedge_mapper_c8y/tedge_mapper_c8y_child_device_measurement/Output/linux/tedge_pub.err
  environment  : HOME=/home/pi
10:00:10 DEBUG Waiting up to 600 secs for process tedge_pub (pid 29938)
10:00:10 INFO  Executed tedge_pub, exit status 0
10:00:11 DEBUG Starting new HTTPS connection (1): thin-edge-io.eu-latest.cumulocity.com:443
10:00:12 DEBUG https://thin-edge-io.eu-latest.cumulocity.com:443 &quot;GET /inventory/managedObjects?fragmentType=c8y_IsDevice&amp;type=thin-edge.io&amp;pageSize=100 HTTP/1.1&quot; 200 None
10:00:12 DEBUG Starting new HTTPS connection (1): thin-edge-io.eu-latest.cumulocity.com:443
10:00:12 DEBUG https://thin-edge-io.eu-latest.cumulocity.com:443 &quot;GET /inventory/managedObjects/17027068/childDevices HTTP/1.1&quot; 200 311
10:00:12 DEBUG Starting new HTTPS connection (1): thin-edge-io.eu-latest.cumulocity.com:443
10:00:12 DEBUG https://thin-edge-io.eu-latest.cumulocity.com:443 &quot;GET /inventory/managedObjects?fragmentType=c8y_IsDevice&amp;type=thin-edge.io&amp;pageSize=100 HTTP/1.1&quot; 200 None
10:00:12 DEBUG Starting new HTTPS connection (1): thin-edge-io.eu-latest.cumulocity.com:443
10:00:13 DEBUG https://thin-edge-io.eu-latest.cumulocity.com:443 &quot;GET /inventory/managedObjects/17027068/childDevices HTTP/1.1&quot; 200 311
10:00:13 DEBUG --- test validate
10:00:13 WARN  TypeError occurred while running test - 'NoneType' object is not subscriptable
Traceback (most recent call last):
  File &quot;/home/pi/env-pysys/lib/python3.7/site-packages/pysys/baserunner.py&quot;, line 1296, in __call__
    self.testObj.validate()
  File &quot;/home/pi/actions-runner/_work/thin-edge.io/thin-edge.io/tests/PySys/tedge_mapper_c8y/tedge_mapper_c8y_child_device_measurement/run.py&quot;, line 115, in validate
    self.child_device_json[&quot;id&quot;], 3
TypeError: 'NoneType' object is not subscriptable
10:00:13 WARN  TypeError: 'NoneType' object is not subscriptable ... blocked 
10:00:13 DEBUG --- test cleanup
10:00:13 INFO  
10:00:13 INFO  cleanup:
10:00:13 DEBUG Running registered cleanup function: &lt;bound method TedgeMapperC8yChildDevice.test_cleanup of &lt;TedgeMapperC8yChildDevice object at 0x75d32750&gt;&gt;
10:00:13 ERROR Error while running cleanup function: 
Traceback (most recent call last):
  File &quot;/home/pi/env-pysys/lib/python3.7/site-packages/pysys/process/user.py&quot;, line 1305, in cleanup
    fn()
  File &quot;/home/pi/actions-runner/_work/thin-edge.io/thin-edge.io/tests/PySys/tedge_mapper_c8y/tedge_mapper_c8y_child_device_measurement/run.py&quot;, line 165, in test_cleanup
    self.child_device_json[&quot;id&quot;]
TypeError: 'NoneType' object is not subscriptable
10:00:13 DEBUG Running registered cleanup function: &lt;bound method EnvironmentC8y.myenvcleanup of &lt;TedgeMapperC8yChildDevice object at 0x75d32750&gt;&gt;
10:00:13 DEBUG EnvironmentC8y Cleanup
10:00:13 DEBUG Process parameters for sudo&lt;tedge_disconnect_c8y&gt;
  command line : /usr/bin/sudo /usr/bin/tedge disconnect c8y
    arg #1     : /usr/bin/tedge
    arg #2     : disconnect
    arg #3     : c8y
  working dir  : /home/pi/actions-runner/_work/thin-edge.io/thin-edge.io/tests/PySys/tedge_mapper_c8y/tedge_mapper_c8y_child_device_measurement/Output/linux
  stdout       : /home/pi/actions-runner/_work/thin-edge.io/thin-edge.io/tests/PySys/tedge_mapper_c8y/tedge_mapper_c8y_child_device_measurement/Output/linux/tedge_disconnect_c8y.out
  stderr       : /home/pi/actions-runner/_work/thin-edge.io/thin-edge.io/tests/PySys/tedge_mapper_c8y/tedge_mapper_c8y_child_device_measurement/Output/linux/tedge_disconnect_c8y.err
  environment  : LD_LIBRARY_PATH=/usr/lib
  environment  : PATH=/bin:/usr/bin:/usr/sbin:/usr/local/bin
                   #1  /bin
                   #2  /usr/bin
                   #3  /usr/sbin
                   #4  /usr/local/bin
10:00:13 DEBUG Waiting up to 600 secs for process sudo&lt;tedge_disconnect_c8y&gt; (pid 29942)
10:00:17 INFO  Executed sudo&lt;tedge_disconnect_c8y&gt;, exit status 0
10:00:17 DEBUG Process parameters for systemctl&lt;serv_mapper5&gt;
  command line : /usr/bin/systemctl status tedge-mapper-c8y
    arg #1     : status
    arg #2     : tedge-mapper-c8y
  working dir  : /home/pi/actions-runner/_work/thin-edge.io/thin-edge.io/tests/PySys/tedge_mapper_c8y/tedge_mapper_c8y_child_device_measurement/Output/linux
  stdout       : /home/pi/actions-runner/_work/thin-edge.io/thin-edge.io/tests/PySys/tedge_mapper_c8y/tedge_mapper_c8y_child_device_measurement/Output/linux/serv_mapper5.out
  stderr       : /home/pi/actions-runner/_work/thin-edge.io/thin-edge.io/tests/PySys/tedge_mapper_c8y/tedge_mapper_c8y_child_device_measurement/Output/linux/serv_mapper5.err
  environment  : LD_LIBRARY_PATH=/usr/lib
  environment  : PATH=/bin:/usr/bin:/usr/sbin:/usr/local/bin
                   #1  /bin
                   #2  /usr/bin
                   #3  /usr/sbin
                   #4  /usr/local/bin
10:00:17 DEBUG Waiting up to 600 secs for process systemctl&lt;serv_mapper5&gt; (pid 29983)
10:00:17 INFO  Executed systemctl&lt;serv_mapper5&gt;, exit status 3
10:00:17 DEBUG ProcessUser cleanup function done.
10:00:17 WARN  Cleanup failed with 1 errors: Cleanup function failed: 'NoneType' object is not subscriptable (TypeError) ... blocked 
10:00:17 INFO  
10:00:17 INFO  Test duration: 32.10 secs
10:00:17 INFO  Test final outcome:  BLOCKED
10:00:17 INFO  Test outcome reason: TypeError: 'NoneType' object is not subscriptable (+1 other failures)
10:00:17 INFO  
</system-out>
	</testcase>
</testsuite>
