<?xml version="1.0" encoding="utf-8"?>
<testsuite failures="1" name="smoketest_json" skipped="0" tests="1" time="44.1" timestamp="2022-04-12T08:40:23">
	<testcase classname="SmokeTestJson" name="smoketest_json">
		<failure message="BLOCKED: python3&lt;stdout&gt; returned non-zero exit code 1" type="BLOCKED"/>
		<system-out>08:39:39 INFO  ==============================================================
08:39:39 INFO  Id:    smoketest_json
08:39:39 INFO  Dir:   smoketests/
08:39:39 INFO  Title: Smoke Test Json
08:39:39 INFO  ==============================================================
08:39:39 INFO  EnvironmentC8y Setup
08:39:40 INFO  Executed systemctl&lt;serv_mapper1&gt;, exit status 3
08:39:40 INFO  Restarting mosquitto too frequently in the last 10 seconds. It was only up for 5 seconds
08:39:40 INFO  Delaying execution by 6 seconds
08:40:00 INFO  Executed sudo&lt;tedge_connect_c8y&gt;, exit status 0, duration 13 secs
08:40:00 INFO  Executed sudo&lt;tedge_connect_c8y_test&gt;, exit status 0
08:40:01 INFO  Executed systemctl&lt;serv_mosq2&gt;, exit status 0
08:40:01 INFO  Executed systemctl&lt;serv_mapper3&gt;, exit status 0
08:40:19 WARN  Executed python3&lt;stdout&gt;, exit status 1
08:40:19 INFO  Contents of stdout.out: 
  Publishing sawtooth with delay 100ms height 20 iterations 1 template flux will cause 20 publishs.
  Iteraton: 0
  Execution took 2 s 2022 ms
  Publish rate: 101.100 ms/pub
  Publish per second: 9.891 pub/s
  Act: Publishing values with temperature_publisher
  Waiting 3s for values to arrive in C8y
  Assert: Retrieving data via REST interface
  Gathering values from 2022-04-12 08:40:08+00:00 to 2022-04-12 08:40:18+00:00
  Found 0 recorded values:
  Retrieved values:
  Expected:  0.0  ...  19.0
  Data verification FAILED
  -----

08:40:19 WARN  python3&lt;stdout&gt; returned non-zero exit code 1 ... blocked 
08:40:19 WARN  Aborted test due to BLOCKED outcome
08:40:19 INFO  
08:40:19 INFO  cleanup:
08:40:23 INFO  Executed sudo&lt;tedge_disconnect_c8y&gt;, exit status 0
08:40:23 INFO  Executed systemctl&lt;serv_mapper5&gt;, exit status 3
08:40:23 INFO  
08:40:23 INFO  Test duration: 44.10 secs
08:40:23 INFO  Test final outcome:  BLOCKED
08:40:23 INFO  Test outcome reason: python3&lt;stdout&gt; returned non-zero exit code 1
08:40:23 INFO  
</system-out>
	</testcase>
</testsuite>
