<?xml version="1.0" encoding="utf-8"?>
<testsuite failures="0" name="call_tedge_config_help" skipped="0" tests="1" time="0.47" timestamp="2022-04-08T09:55:06">
	<testcase classname="PySysTest" name="call_tedge_config_help"/>
</testsuite>
