<?xml version="1.0" encoding="utf-8"?>
<testsuite failures="0" name="docker_plugin_remove_with_version" skipped="1" tests="1" time="0.02" timestamp="2022-04-13T07:45:17">
	<testcase classname="DockerPluginRemoveWithVersionTest" name="docker_plugin_remove_with_version">
		<skipped message="SKIPPED: Testing the docker plugin is not supported on this platform.To run it, all the test with -XmyPlatform='container'"/>
		<system-out>07:45:17 INFO  ==============================================================
07:45:17 INFO  Id:    docker_plugin_remove_with_version
07:45:17 INFO  Dir:   plugin_docker/
07:45:17 INFO  Title: Validate docker plugin remove with version
07:45:17 INFO  ==============================================================
07:45:17 INFO  Testing the docker plugin is not supported on this platform.To run it, all the test with -XmyPlatform='container' ... skipped
07:45:17 WARN  Aborted test due to SKIPPED outcome
07:45:17 INFO  
07:45:17 INFO  Test duration: 0.02 secs
07:45:17 INFO  Test final outcome:  SKIPPED
07:45:17 INFO  Test outcome reason: Testing the docker plugin is not supported on this platform.To run it, all the test with -XmyPlatform='container'
07:45:17 INFO  
</system-out>
	</testcase>
</testsuite>
