<?xml version="1.0" encoding="utf-8"?>
<testsuite failures="0" name="apt_sequence_install_with_version" skipped="1" tests="1" time="0.03" timestamp="2022-04-12T08:37:08">
	<testcase classname="AptPluginPrepInstallWithVersionFinalize" name="apt_sequence_install_with_version">
		<skipped message="SKIPPED: Testing the apt plugin is not supported on this platform.To run the tests call PySys with -XmyPlatform='container'"/>
		<system-out>08:37:08 INFO  ==============================================================
08:37:08 INFO  Id:    apt_sequence_install_with_version
08:37:08 INFO  Dir:   plugin_apt/
08:37:08 INFO  Title: Validate apt plugin install with version use case
08:37:08 INFO  ==============================================================
08:37:08 INFO  Testing the apt plugin is not supported on this platform.To run the tests call PySys with -XmyPlatform='container' ... skipped
08:37:08 WARN  Aborted test due to SKIPPED outcome
08:37:08 INFO  
08:37:08 INFO  Test duration: 0.03 secs
08:37:08 INFO  Test final outcome:  SKIPPED
08:37:08 INFO  Test outcome reason: Testing the apt plugin is not supported on this platform.To run the tests call PySys with -XmyPlatform='container'
08:37:08 INFO  
</system-out>
	</testcase>
</testsuite>
