<?xml version="1.0" encoding="utf-8"?>
<testsuite failures="0" name="agent_init_session" skipped="0" tests="1" time="5.9" timestamp="2022-04-13T07:55:56">
	<testcase classname="AgentInitSession" name="agent_init_session"/>
</testsuite>
