<?xml version="1.0" encoding="utf-8"?>
<testsuite failures="0" name="smoketest_json" skipped="0" tests="1" time="45.42" timestamp="2022-04-13T07:48:34">
	<testcase classname="SmokeTestJson" name="smoketest_json"/>
</testsuite>
