<?xml version="1.0" encoding="utf-8"?>
<testsuite failures="0" name="mqtt_port_unset" skipped="0" tests="1" time="1.6" timestamp="2022-04-15T08:57:17">
	<testcase classname="MqttPortUnSet" name="mqtt_port_unset"/>
</testsuite>
