<?xml version="1.0" encoding="utf-8"?>
<testsuite failures="0" name="apt_install_local_file_with_version_fail" skipped="1" tests="1" time="0.02" timestamp="2022-04-13T07:45:13">
	<testcase classname="AptPluginInstallFromLocalFileWithVersionFail" name="apt_install_local_file_with_version_fail">
		<skipped message="SKIPPED: Testing the apt plugin is not supported on this platform.To run the tests call PySys with -XmyPlatform='container'"/>
		<system-out>07:45:13 INFO  ==============================================================
07:45:13 INFO  Id:    apt_install_local_file_with_version_fail
07:45:13 INFO  Dir:   plugin_apt/
07:45:13 INFO  Title: Validate apt plugin install from local file AND with a version - FAIL case
07:45:13 INFO  ==============================================================
07:45:13 INFO  Testing the apt plugin is not supported on this platform.To run the tests call PySys with -XmyPlatform='container' ... skipped
07:45:13 WARN  Aborted test due to SKIPPED outcome
07:45:13 INFO  
07:45:13 INFO  Test duration: 0.02 secs
07:45:13 INFO  Test final outcome:  SKIPPED
07:45:13 INFO  Test outcome reason: Testing the apt plugin is not supported on this platform.To run the tests call PySys with -XmyPlatform='container'
07:45:13 INFO  
</system-out>
	</testcase>
</testsuite>
