<?xml version="1.0" encoding="utf-8"?>
<testsuite failures="0" name="local_mqtt_pub_fail_qos1" skipped="0" tests="1" time="1.88" timestamp="2022-04-15T08:54:12">
	<testcase classname="PySysTest" name="local_mqtt_pub_fail_qos1"/>
</testsuite>
