<?xml version="1.0" encoding="utf-8"?>
<testsuite failures="0" name="docker_plugin_finalize" skipped="1" tests="1" time="0.08" timestamp="2022-04-11T09:41:54">
	<testcase classname="DockerPluginFinalizeTest" name="docker_plugin_finalize">
		<skipped message="SKIPPED: Testing the docker plugin is not supported on this platform.To run it, all the test with -XmyPlatform='container'"/>
		<system-out>09:41:54 DEBUG deletedir failed to update permissions and delete /home/pi/actions-runner/_work/thin-edge.io/thin-edge.io/tests/PySys/plugin_docker/docker_plugin_finalize/Output/linux on this attempt: [Errno 2] No such file or directory: '/home/pi/actions-runner/_work/thin-edge.io/thin-edge.io/tests/PySys/plugin_docker/docker_plugin_finalize/Output/linux'
09:41:54 INFO  ==============================================================
09:41:54 INFO  Id:    docker_plugin_finalize
09:41:54 INFO  Dir:   plugin_docker/
09:41:54 INFO  Title: Validate docker plugin finalize command
09:41:54 DEBUG Execution order hint: 0.0
09:41:54 INFO  ==============================================================
09:41:54 INFO  Testing the docker plugin is not supported on this platform.To run it, all the test with -XmyPlatform='container' ... skipped
09:41:54 WARN  Aborted test due to SKIPPED outcome
09:41:54 DEBUG --- test cleanup
09:41:54 DEBUG ProcessUser cleanup function done.
09:41:54 INFO  
09:41:54 INFO  Test duration: 0.08 secs
09:41:54 INFO  Test final outcome:  SKIPPED
09:41:54 INFO  Test outcome reason: Testing the docker plugin is not supported on this platform.To run it, all the test with -XmyPlatform='container'
09:41:54 INFO  
</system-out>
	</testcase>
</testsuite>
