<?xml version="1.0" encoding="utf-8"?>
<testsuite failures="0" name="monitoring_with_collectd" skipped="1" tests="1" time="0.03" timestamp="2022-04-12T16:04:31">
	<testcase classname="MonitoringWithCollectd" name="monitoring_with_collectd">
		<skipped message="SKIPPED: Test execution disabled due to #792 (instable)"/>
		<system-out>16:04:31 INFO  ==============================================================
16:04:31 INFO  Id:    monitoring_with_collectd
16:04:31 INFO  Dir:   monitoring/
16:04:31 INFO  Title: Validate tedge dm agent messages that are produced by batching the collectd messages
16:04:31 INFO  ==============================================================
16:04:31 INFO  Test execution disabled due to #792 (instable) ... skipped
16:04:31 INFO  
16:04:31 INFO  Test duration: 0.03 secs
16:04:31 INFO  Test final outcome:  SKIPPED
16:04:31 INFO  Test outcome reason: Test execution disabled due to #792 (instable)
16:04:31 INFO  
</system-out>
	</testcase>
</testsuite>
