<?xml version="1.0" encoding="utf-8"?>
<testsuite failures="1" name="log_request_num_lines" skipped="0" tests="1" time="54.3" timestamp="2022-04-15T08:56:20">
	<testcase classname="LogRequestVerifyNumberOfLines" name="log_request_num_lines">
		<failure message="BLOCKED: Exception: retry" type="BLOCKED"/>
		<system-out>08:55:26 INFO  ==============================================================
08:55:26 INFO  Id:    log_request_num_lines
08:55:26 INFO  Dir:   log_request_end_to_end/
08:55:26 INFO  Title: Validate end to end behaviour for the log request operation check for number of lines
08:55:26 INFO  ==============================================================
08:55:26 INFO  EnvironmentC8y Setup
08:55:26 INFO  Executed systemctl&lt;serv_mapper1&gt;, exit status 3
08:55:26 INFO  Restarting mosquitto too frequently in the last 10 seconds. It was only up for 4 seconds
08:55:26 INFO  Delaying execution by 7 seconds
08:55:47 INFO  Executed sudo&lt;tedge_connect_c8y&gt;, exit status 0, duration 14 secs
08:55:48 INFO  Executed sudo&lt;tedge_connect_c8y_test&gt;, exit status 0
08:55:49 INFO  Executed systemctl&lt;serv_mosq2&gt;, exit status 0
08:55:49 INFO  Executed systemctl&lt;serv_mapper3&gt;, exit status 0
08:55:50 INFO  Executed sudo&lt;rm_logs&gt;, exit status 0
08:55:50 INFO  Executed sudo&lt;move_logs&gt;, exit status 0
08:55:51 INFO  log response None
08:55:51 WARN  retry, retrying in 1 seconds...
08:55:52 INFO  log response None
08:55:52 WARN  retry, retrying in 1 seconds...
08:55:53 INFO  log response None
08:55:53 WARN  retry, retrying in 1 seconds...
08:55:54 INFO  log response None
08:55:54 WARN  retry, retrying in 1 seconds...
08:55:56 INFO  log response None
08:55:56 WARN  retry, retrying in 1 seconds...
08:55:57 INFO  log response None
08:55:57 WARN  retry, retrying in 1 seconds...
08:55:58 INFO  log response None
08:55:58 WARN  retry, retrying in 1 seconds...
08:55:59 INFO  log response None
08:55:59 WARN  retry, retrying in 1 seconds...
08:56:00 INFO  log response None
08:56:00 WARN  retry, retrying in 1 seconds...
08:56:02 INFO  log response None
08:56:02 WARN  retry, retrying in 1 seconds...
08:56:03 INFO  log response None
08:56:03 WARN  retry, retrying in 1 seconds...
08:56:04 INFO  log response None
08:56:04 WARN  retry, retrying in 1 seconds...
08:56:05 INFO  log response None
08:56:05 WARN  retry, retrying in 1 seconds...
08:56:07 INFO  log response None
08:56:07 WARN  retry, retrying in 1 seconds...
08:56:08 INFO  log response None
08:56:08 WARN  retry, retrying in 1 seconds...
08:56:09 INFO  log response None
08:56:09 WARN  retry, retrying in 1 seconds...
08:56:10 INFO  log response None
08:56:10 WARN  retry, retrying in 1 seconds...
08:56:11 INFO  log response None
08:56:11 WARN  retry, retrying in 1 seconds...
08:56:13 INFO  log response None
08:56:13 WARN  retry, retrying in 1 seconds...
08:56:14 INFO  log response None
08:56:14 WARN  Exception occurred while running test - retry
Traceback (most recent call last):
  File &quot;/home/pi/env-pysys/lib/python3.7/site-packages/pysys/baserunner.py&quot;, line 1296, in __call__
    self.testObj.validate()
  File &quot;/home/pi/actions-runner/_work/thin-edge.io/thin-edge.io/tests/PySys/log_request_end_to_end/log_request_num_lines/run.py&quot;, line 44, in validate
    self.assertThat(&quot;True == value&quot;, value=self.wait_until_logs_retrieved())
  File &quot;/home/pi/env-pysys/lib/python3.7/site-packages/decorator.py&quot;, line 232, in fun
    return caller(func, *(extras + args), **kw)
  File &quot;/home/pi/env-pysys/lib/python3.7/site-packages/retry/api.py&quot;, line 74, in retry_decorator
    logger)
  File &quot;/home/pi/env-pysys/lib/python3.7/site-packages/retry/api.py&quot;, line 33, in __retry_internal
    return f()
  File &quot;/home/pi/actions-runner/_work/thin-edge.io/thin-edge.io/tests/PySys/log_request_end_to_end/log_request_num_lines/run.py&quot;, line 52, in wait_until_logs_retrieved
    raise Exception(&quot;retry&quot;)
Exception: retry
08:56:14 WARN  Exception: retry ... blocked 
08:56:14 INFO  
08:56:14 INFO  cleanup:
08:56:14 INFO  Executed sudo&lt;rm_logs&gt;, exit status 0
08:56:15 INFO  Executed sudo&lt;rm_tmp_logs&gt;, exit status 0
08:56:15 INFO  Executed sudo&lt;send_failed&gt;, exit status 0
08:56:19 INFO  Executed sudo&lt;tedge_disconnect_c8y&gt;, exit status 0
08:56:20 INFO  Executed systemctl&lt;serv_mapper5&gt;, exit status 3
08:56:20 INFO  
08:56:20 INFO  Test duration: 54.30 secs
08:56:20 INFO  Test final outcome:  BLOCKED
08:56:20 INFO  Test outcome reason: Exception: retry
08:56:20 INFO  
</system-out>
	</testcase>
</testsuite>
