<?xml version="1.0" encoding="utf-8"?>
<testsuite failures="1" name="smoketest_smartrest_400_samples_20ms" skipped="0" tests="1" time="153.89" timestamp="2022-04-12T08:48:13">
	<testcase classname="SmoketestSmartRest400Samples20ms" name="smoketest_smartrest_400_samples_20ms">
		<failure message="BLOCKED: python3&lt;stdout&gt; returned non-zero exit code 1" type="BLOCKED"/>
		<system-out>08:45:39 INFO  ==============================================================
08:45:39 INFO  Id:    smoketest_smartrest_400_samples_20ms
08:45:39 INFO  Dir:   smoketests/
08:45:39 INFO  Title: Smoketest SmartRest 400 Samples 20ms Delay
08:45:39 INFO  ==============================================================
08:45:39 INFO  EnvironmentC8y Setup
08:45:40 INFO  Executed systemctl&lt;serv_mapper1&gt;, exit status 3
08:45:40 INFO  Restarting mosquitto too frequently in the last 10 seconds. It was only up for 4 seconds
08:45:40 INFO  Delaying execution by 7 seconds
08:46:01 INFO  Executed sudo&lt;tedge_connect_c8y&gt;, exit status 0, duration 14 secs
08:46:02 INFO  Executed sudo&lt;tedge_connect_c8y_test&gt;, exit status 0
08:46:02 INFO  Executed systemctl&lt;serv_mosq2&gt;, exit status 0
08:46:03 INFO  Executed systemctl&lt;serv_mapper3&gt;, exit status 0
08:48:09 WARN  Executed python3&lt;stdout&gt;, exit status 1, duration 70 secs
08:48:09 INFO  Contents of stdout.out: 
  Waiting 3s for values to arrive in C8y
  Assert: Retrieving data via REST interface
  Gathering values from 2022-04-12 08:47:13+00:00 to 2022-04-12 08:48:08+00:00
  Found 243 recorded values:
  Retrieved values:
      0     1     2     3     4     5     6     7     8     9    10    11    12    13    14    15    16    17    18    19
     20    21    22    23    24    25    26    27    28    29    30    31    32    33    34    35    36    37    38    39
     40    41    42    43    44    45    46    47    48    49    50    51    52    53    54    55    56    57    58    59
     60    61    62    63    64    65    66    67    68    69    70    71    72    73    74    75    76    77    78    79
     80    81    82    83    84    85    86    87    88    89    90    91    92    93    94    95    96    97    98    99
    100   101   102   103   104   105   106   107   108   109   110   111   112   113   114   115   116   117   118   119
    120   121   122   123   124   125   126   127   128   129   130   131   132   133   134   135   136   137   138   139
    140   141   142   143   144   145   146   147   148   149   150   151   152   153   154   155   156   157   158   159
    160   161   162   163   164   165   166   167   168   169   170   171   172   173   174   175   176   177   178   179
    180   181   182   183   184   185   186   187   188   189   190   191   192   193   194   195   196   197   198   199
    200   201   202   203   204   205   206   207   208   209   210   211   212   213   214   215   216   217   218   219
    220   221   222   223   224   225   226   227   228   229   230   231   232   233   234   235   236   237   238   239
    240   241   242
  Expected:  0.0  ...  399.0
  Data verification FAILED
  -----

08:48:09 WARN  python3&lt;stdout&gt; returned non-zero exit code 1 ... blocked 
08:48:09 WARN  Aborted test due to BLOCKED outcome
08:48:09 INFO  
08:48:09 INFO  cleanup:
08:48:13 INFO  Executed sudo&lt;tedge_disconnect_c8y&gt;, exit status 0
08:48:13 INFO  Executed systemctl&lt;serv_mapper5&gt;, exit status 3
08:48:13 INFO  
08:48:13 INFO  Test duration: 153.89 secs
08:48:13 INFO  Test final outcome:  BLOCKED
08:48:13 INFO  Test outcome reason: python3&lt;stdout&gt; returned non-zero exit code 1
08:48:13 INFO  
</system-out>
	</testcase>
</testsuite>
