<?xml version="1.0" encoding="utf-8"?>
<testsuite failures="0" name="docker_plugin_update" skipped="1" tests="1" time="0.02" timestamp="2022-04-07T16:15:32">
	<testcase classname="DockerPluginUpdateTest" name="docker_plugin_update">
		<skipped message="SKIPPED: Testing the docker plugin is not supported on this platform.To run it, all the test with -XmyPlatform='container'"/>
		<system-out>16:15:32 DEBUG deletedir failed to update permissions and delete /home/pi/actions-runner/_work/thin-edge.io/thin-edge.io/tests/PySys/plugin_docker/docker_plugin_update/Output/linux on this attempt: [Errno 2] No such file or directory: '/home/pi/actions-runner/_work/thin-edge.io/thin-edge.io/tests/PySys/plugin_docker/docker_plugin_update/Output/linux'
16:15:32 INFO  ==============================================================
16:15:32 INFO  Id:    docker_plugin_update
16:15:32 INFO  Dir:   plugin_docker/
16:15:32 INFO  Title: Validate docker plugin install updates existing containers
16:15:32 DEBUG Execution order hint: 0.0
16:15:32 INFO  ==============================================================
16:15:32 INFO  Testing the docker plugin is not supported on this platform.To run it, all the test with -XmyPlatform='container' ... skipped
16:15:32 WARN  Aborted test due to SKIPPED outcome
16:15:32 DEBUG --- test cleanup
16:15:32 DEBUG ProcessUser cleanup function done.
16:15:32 INFO  
16:15:32 INFO  Test duration: 0.02 secs
16:15:32 INFO  Test final outcome:  SKIPPED
16:15:32 INFO  Test outcome reason: Testing the docker plugin is not supported on this platform.To run it, all the test with -XmyPlatform='container'
16:15:32 INFO  
</system-out>
	</testcase>
</testsuite>
