<?xml version="1.0" encoding="utf-8"?>
<testsuite failures="0" name="valid_device_id" skipped="0" tests="1" time="31.05" timestamp="2022-04-11T09:41:29">
	<testcase classname="ValidateValidDeviceId" name="valid_device_id"/>
</testsuite>
