<?xml version="1.0" encoding="utf-8"?>
<testsuite failures="0" name="mqtt_port_change_connection_works" skipped="1" tests="1" time="0.02" timestamp="2022-04-08T09:42:37">
	<testcase classname="MqttPortChangeConnectionWorks" name="mqtt_port_change_connection_works">
		<skipped message="SKIPPED: failing intermitently"/>
		<system-out>09:42:37 DEBUG deletedir failed to update permissions and delete /home/pi/actions-runner/_work/thin-edge.io/thin-edge.io/tests/PySys/misc_features/mqtt_port_change_connection_works/Output/linux on this attempt: [Errno 2] No such file or directory: '/home/pi/actions-runner/_work/thin-edge.io/thin-edge.io/tests/PySys/misc_features/mqtt_port_change_connection_works/Output/linux'
09:42:37 INFO  ==============================================================
09:42:37 INFO  Id:    mqtt_port_change_connection_works
09:42:37 INFO  Dir:   misc_features/
09:42:37 INFO  Title: mqtt port change connection works for all the thin-edge services that use the mosquitto broker
09:42:37 DEBUG Execution order hint: 0.0
09:42:37 INFO  ==============================================================
09:42:37 INFO  failing intermitently ... skipped
09:42:37 DEBUG --- test cleanup
09:42:37 DEBUG ProcessUser cleanup function done.
09:42:37 INFO  
09:42:37 INFO  Test duration: 0.02 secs
09:42:37 INFO  Test final outcome:  SKIPPED
09:42:37 INFO  Test outcome reason: failing intermitently
09:42:37 INFO  
</system-out>
	</testcase>
</testsuite>
