<?xml version="1.0" encoding="utf-8"?>
<testsuite failures="1" name="smoketest_smartrest_400_samples_20ms" skipped="0" tests="1" time="107.59" timestamp="2022-04-15T09:07:27">
	<testcase classname="SmoketestSmartRest400Samples20ms" name="smoketest_smartrest_400_samples_20ms">
		<failure message="BLOCKED: python3&lt;stdout&gt; returned non-zero exit code 1" type="BLOCKED"/>
		<system-out>09:05:39 INFO  ==============================================================
09:05:39 INFO  Id:    smoketest_smartrest_400_samples_20ms
09:05:39 INFO  Dir:   smoketests/
09:05:39 INFO  Title: Smoketest SmartRest 400 Samples 20ms Delay
09:05:39 INFO  ==============================================================
09:05:39 INFO  EnvironmentC8y Setup
09:05:40 INFO  Executed systemctl&lt;serv_mapper1&gt;, exit status 3
09:05:40 INFO  Restarting mosquitto too frequently in the last 10 seconds. It was only up for 4 seconds
09:05:40 INFO  Delaying execution by 7 seconds
09:06:01 INFO  Executed sudo&lt;tedge_connect_c8y&gt;, exit status 0, duration 14 secs
09:06:02 INFO  Executed sudo&lt;tedge_connect_c8y_test&gt;, exit status 0
09:06:02 INFO  Executed systemctl&lt;serv_mosq2&gt;, exit status 0
09:06:03 INFO  Executed systemctl&lt;serv_mapper3&gt;, exit status 0
09:07:22 WARN  Executed python3&lt;stdout&gt;, exit status 1, duration 39 secs
09:07:22 INFO  Contents of stdout.out: 
  Act: Publishing values with tedge pub
  Waiting 3s for values to arrive in C8y
  Assert: Retrieving data via REST interface
  Gathering values from 2022-04-15 09:06:42+00:00 to 2022-04-15 09:07:22+00:00
  Found 89 recorded values:
  Retrieved values:
    111   112   113   114   115   116   117   118   119
    120   121   122   123   124   125   126   127   128   129   130   131   132   133   134   135   136   137   138   139
    140   141   142   143   144   145   146   147   148   149   150   151   152   153   154   155   156   157   158   159
    160   161   162   163   164   165   166   167   168   169   170   171   172   173   174   175   176   177   178   179
    180   181   182   183   184   185   186   187   188   189   190   191   192   193   194   195   196   197   198   199
  Expected:  0.0  ...  199.0
  Data verification FAILED
  -----

09:07:22 WARN  python3&lt;stdout&gt; returned non-zero exit code 1 ... blocked 
09:07:22 WARN  Aborted test due to BLOCKED outcome
09:07:22 INFO  
09:07:22 INFO  cleanup:
09:07:26 INFO  Executed sudo&lt;tedge_disconnect_c8y&gt;, exit status 0
09:07:27 INFO  Executed systemctl&lt;serv_mapper5&gt;, exit status 3
09:07:27 INFO  
09:07:27 INFO  Test duration: 107.59 secs
09:07:27 INFO  Test final outcome:  BLOCKED
09:07:27 INFO  Test outcome reason: python3&lt;stdout&gt; returned non-zero exit code 1
09:07:27 INFO  
</system-out>
	</testcase>
</testsuite>
