<?xml version="1.0" encoding="utf-8"?>
<testsuite failures="1" name="smoketest_smartrest" skipped="0" tests="1" time="47.33" timestamp="2022-04-15T09:03:53">
	<testcase classname="SmoketestSmartRest" name="smoketest_smartrest">
		<failure message="BLOCKED: python3&lt;stdout&gt; returned non-zero exit code 1" type="BLOCKED"/>
		<system-out>09:03:05 INFO  ==============================================================
09:03:05 INFO  Id:    smoketest_smartrest
09:03:05 INFO  Dir:   smoketests/
09:03:05 INFO  Title: Smoketest SmartREST
09:03:05 INFO  ==============================================================
09:03:05 INFO  EnvironmentC8y Setup
09:03:06 INFO  Executed systemctl&lt;serv_mapper1&gt;, exit status 3
09:03:06 INFO  Restarting mosquitto too frequently in the last 10 seconds. It was only up for 5 seconds
09:03:06 INFO  Delaying execution by 6 seconds
09:03:26 INFO  Executed sudo&lt;tedge_connect_c8y&gt;, exit status 0, duration 14 secs
09:03:27 INFO  Executed sudo&lt;tedge_connect_c8y_test&gt;, exit status 0
09:03:27 INFO  Executed systemctl&lt;serv_mosq2&gt;, exit status 0
09:03:28 INFO  Executed systemctl&lt;serv_mapper3&gt;, exit status 0
09:03:48 WARN  Executed python3&lt;stdout&gt;, exit status 1
09:03:48 INFO  Contents of stdout.out: 
  Act: Publishing values with tedge pub
  Waiting 3s for values to arrive in C8y
  Assert: Retrieving data via REST interface
  Gathering values from 2022-04-15 09:03:37+00:00 to 2022-04-15 09:03:47+00:00
  Found 0 recorded values:
  Retrieved values:
  Expected:  0.0  ...  19.0
  Data verification FAILED
  -----

09:03:48 WARN  python3&lt;stdout&gt; returned non-zero exit code 1 ... blocked 
09:03:48 WARN  Aborted test due to BLOCKED outcome
09:03:48 INFO  
09:03:48 INFO  cleanup:
09:03:52 INFO  Executed sudo&lt;tedge_disconnect_c8y&gt;, exit status 0
09:03:53 INFO  Executed systemctl&lt;serv_mapper5&gt;, exit status 3
09:03:53 INFO  
09:03:53 INFO  Test duration: 47.33 secs
09:03:53 INFO  Test final outcome:  BLOCKED
09:03:53 INFO  Test outcome reason: python3&lt;stdout&gt; returned non-zero exit code 1
09:03:53 INFO  
</system-out>
	</testcase>
</testsuite>
