<?xml version="1.0" encoding="utf-8"?>
<testsuite failures="0" name="SoftwareManagement.sm_apt_install_remove_multiple_mixed" skipped="1" tests="1" time="0.03" timestamp="2022-04-07T16:26:36">
	<testcase classname="PySysTest" name="SoftwareManagement.sm_apt_install_remove_multiple_mixed">
		<skipped message="SKIPPED: Testing the apt plugin is not supported on this platform.Use parameter -XmyPlatform='container' to enable it"/>
		<system-out>16:26:36 DEBUG deletedir failed to update permissions and delete /home/pi/actions-runner/_work/thin-edge.io/thin-edge.io/tests/PySys/software_management_end_to_end/sm_apt_install_remove_multiple_mixed/Output/linux on this attempt: [Errno 2] No such file or directory: '/home/pi/actions-runner/_work/thin-edge.io/thin-edge.io/tests/PySys/software_management_end_to_end/sm_apt_install_remove_multiple_mixed/Output/linux'
16:26:36 INFO  ==============================================================
16:26:36 INFO  Id:    SoftwareManagement.sm_apt_install_remove_multiple_mixed
16:26:36 INFO  Dir:   software_management_end_to_end/
16:26:36 INFO  Title: Validate end to end behaviour for the apt plugin for multiple packages with mixed versions
16:26:36 DEBUG Execution order hint: 0.0
16:26:36 INFO  ==============================================================
16:26:36 INFO  Testing the apt plugin is not supported on this platform.Use parameter -XmyPlatform='container' to enable it ... skipped
16:26:36 WARN  Aborted test due to SKIPPED outcome
16:26:36 DEBUG --- test cleanup
16:26:36 DEBUG ProcessUser cleanup function done.
16:26:36 INFO  
16:26:36 INFO  Test duration: 0.03 secs
16:26:36 INFO  Test final outcome:  SKIPPED
16:26:36 INFO  Test outcome reason: Testing the apt plugin is not supported on this platform.Use parameter -XmyPlatform='container' to enable it
16:26:36 INFO  
</system-out>
	</testcase>
</testsuite>
