<?xml version="1.0" encoding="utf-8"?>
<testsuite failures="0" name="SoftwareManagement.sm_mapper_fail_and_reconnect" skipped="1" tests="1" time="0.03" timestamp="2022-04-07T16:26:36">
	<testcase classname="MapperC8yReceiveLastMessageOnRestart" name="SoftwareManagement.sm_mapper_fail_and_reconnect">
		<skipped message="SKIPPED: instable https://github.com/thin-edge/thin-edge.io/issues/752"/>
		<system-out>16:26:36 DEBUG deletedir failed to update permissions and delete /home/pi/actions-runner/_work/thin-edge.io/thin-edge.io/tests/PySys/software_management_end_to_end/sm_mapper_fail_and_reconnect/Output/linux on this attempt: [Errno 2] No such file or directory: '/home/pi/actions-runner/_work/thin-edge.io/thin-edge.io/tests/PySys/software_management_end_to_end/sm_mapper_fail_and_reconnect/Output/linux'
16:26:36 INFO  ==============================================================
16:26:36 INFO  Id:    SoftwareManagement.sm_mapper_fail_and_reconnect
16:26:36 INFO  Dir:   software_management_end_to_end/
16:26:36 INFO  Title: Validate the tedge-mapper-sm-c8y for receiving the last message on restart
16:26:36 DEBUG Execution order hint: 0.0
16:26:36 INFO  ==============================================================
16:26:36 INFO  instable https://github.com/thin-edge/thin-edge.io/issues/752 ... skipped
16:26:36 DEBUG --- test cleanup
16:26:36 DEBUG ProcessUser cleanup function done.
16:26:36 INFO  
16:26:36 INFO  Test duration: 0.03 secs
16:26:36 INFO  Test final outcome:  SKIPPED
16:26:36 INFO  Test outcome reason: instable https://github.com/thin-edge/thin-edge.io/issues/752
16:26:36 INFO  
</system-out>
	</testcase>
</testsuite>
