<?xml version="1.0" encoding="utf-8"?>
<testsuite failures="1" name="smoketest_json_400_samples_20ms" skipped="0" tests="1" time="57.74" timestamp="2022-04-15T09:03:05">
	<testcase classname="SmoketestJson400Samples20ms" name="smoketest_json_400_samples_20ms">
		<failure message="BLOCKED: python3&lt;stdout&gt; returned non-zero exit code 1" type="BLOCKED"/>
		<system-out>09:02:07 INFO  ==============================================================
09:02:07 INFO  Id:    smoketest_json_400_samples_20ms
09:02:07 INFO  Dir:   smoketests/
09:02:07 INFO  Title: Smoketest Json 400 Samples 20ms Delay
09:02:07 INFO  ==============================================================
09:02:07 INFO  EnvironmentC8y Setup
09:02:08 INFO  Executed systemctl&lt;serv_mapper1&gt;, exit status 3
09:02:08 INFO  Restarting mosquitto too frequently in the last 10 seconds. It was only up for 4 seconds
09:02:08 INFO  Delaying execution by 7 seconds
09:02:29 INFO  Executed sudo&lt;tedge_connect_c8y&gt;, exit status 0, duration 14 secs
09:02:30 INFO  Executed sudo&lt;tedge_connect_c8y_test&gt;, exit status 0
09:02:30 INFO  Executed systemctl&lt;serv_mosq2&gt;, exit status 0
09:02:31 INFO  Executed systemctl&lt;serv_mapper3&gt;, exit status 0
09:03:00 WARN  Executed python3&lt;stdout&gt;, exit status 1
09:03:00 INFO  Contents of stdout.out: 
  Publishing sawtooth with delay 10ms height 400 iterations 1 template flux will cause 400 publishs.
  Iteraton: 0
  Execution took 4 s 4153 ms
  Publish rate: 10.383 ms/pub
  Publish per second: 96.316 pub/s
  Act: Publishing values with temperature_publisher
  Waiting 3s for values to arrive in C8y
  Assert: Retrieving data via REST interface
  Gathering values from 2022-04-15 09:02:40+00:00 to 2022-04-15 09:03:00+00:00
  Found 0 recorded values:
  Retrieved values:
  Expected:  0.0  ...  399.0
  Data verification FAILED
  -----

09:03:00 WARN  python3&lt;stdout&gt; returned non-zero exit code 1 ... blocked 
09:03:00 WARN  Aborted test due to BLOCKED outcome
09:03:00 INFO  
09:03:00 INFO  cleanup:
09:03:05 INFO  Executed sudo&lt;tedge_disconnect_c8y&gt;, exit status 0
09:03:05 INFO  Executed systemctl&lt;serv_mapper5&gt;, exit status 3
09:03:05 INFO  
09:03:05 INFO  Test duration: 57.74 secs
09:03:05 INFO  Test final outcome:  BLOCKED
09:03:05 INFO  Test outcome reason: python3&lt;stdout&gt; returned non-zero exit code 1
09:03:05 INFO  
</system-out>
	</testcase>
</testsuite>
