<?xml version="1.0" encoding="utf-8"?>
<testsuite failures="0" name="apt_update_list" skipped="1" tests="1" time="0.03" timestamp="2022-04-11T09:41:54">
	<testcase classname="AptPluginUpdateList" name="apt_update_list">
		<skipped message="SKIPPED: Testing the apt plugin is not supported on this platform.To run the tests call PySys with -XmyPlatform='container'"/>
		<system-out>09:41:54 DEBUG deletedir failed to update permissions and delete /home/pi/actions-runner/_work/thin-edge.io/thin-edge.io/tests/PySys/plugin_apt/apt_update_list/Output/linux on this attempt: [Errno 2] No such file or directory: '/home/pi/actions-runner/_work/thin-edge.io/thin-edge.io/tests/PySys/plugin_apt/apt_update_list/Output/linux'
09:41:54 INFO  ==============================================================
09:41:54 INFO  Id:    apt_update_list
09:41:54 INFO  Dir:   plugin_apt/
09:41:54 INFO  Title: Validate apt plugin update-list command use case
09:41:54 DEBUG Execution order hint: 0.0
09:41:54 INFO  ==============================================================
09:41:54 INFO  Testing the apt plugin is not supported on this platform.To run the tests call PySys with -XmyPlatform='container' ... skipped
09:41:54 WARN  Aborted test due to SKIPPED outcome
09:41:54 DEBUG --- test cleanup
09:41:54 DEBUG ProcessUser cleanup function done.
09:41:54 INFO  
09:41:54 INFO  Test duration: 0.03 secs
09:41:54 INFO  Test final outcome:  SKIPPED
09:41:54 INFO  Test outcome reason: Testing the apt plugin is not supported on this platform.To run the tests call PySys with -XmyPlatform='container'
09:41:54 INFO  
</system-out>
	</testcase>
</testsuite>
