<?xml version="1.0" encoding="utf-8"?>
<testsuite failures="0" name="SoftwareManagement.Plugin.apama_plugin_mon_support" skipped="1" tests="1" time="0.03" timestamp="2022-04-13T07:45:12">
	<testcase classname="ApamaPluginMonSupportTest" name="SoftwareManagement.Plugin.apama_plugin_mon_support">
		<skipped message="SKIPPED: Apama plugin tests are disabled by default. Execute `pysys run` with `-XmyPlatform=container` to run these tests"/>
		<system-out>07:45:12 INFO  ==============================================================
07:45:12 INFO  Id:    SoftwareManagement.Plugin.apama_plugin_mon_support
07:45:12 INFO  Dir:   plugin_apama/
07:45:12 INFO  Title: Validate mon file support of apama plugin
07:45:12 INFO  ==============================================================
07:45:12 INFO  Apama plugin tests are disabled by default. Execute `pysys run` with `-XmyPlatform=container` to run these tests ... skipped
07:45:12 WARN  Aborted test due to SKIPPED outcome
07:45:12 INFO  
07:45:12 INFO  Test duration: 0.03 secs
07:45:12 INFO  Test final outcome:  SKIPPED
07:45:12 INFO  Test outcome reason: Apama plugin tests are disabled by default. Execute `pysys run` with `-XmyPlatform=container` to run these tests
07:45:12 INFO  
</system-out>
	</testcase>
</testsuite>
