<?xml version="1.0" encoding="utf-8"?>
<testsuite failures="1" name="log_request_num_lines" skipped="0" tests="1" time="32.75" timestamp="2022-04-08T09:42:01">
	<testcase classname="LogRequestVerifyNumberOfLines" name="log_request_num_lines">
		<failure message="FAILED: Assert that (True == value) with value=False" type="FAILED"/>
		<system-out>09:41:29 DEBUG deletedir failed to update permissions and delete /home/pi/actions-runner/_work/thin-edge.io/thin-edge.io/tests/PySys/log_request_end_to_end/log_request_num_lines/Output/linux on this attempt: [Errno 2] No such file or directory: '/home/pi/actions-runner/_work/thin-edge.io/thin-edge.io/tests/PySys/log_request_end_to_end/log_request_num_lines/Output/linux'
09:41:29 INFO  ==============================================================
09:41:29 INFO  Id:    log_request_num_lines
09:41:29 INFO  Dir:   log_request_end_to_end/
09:41:29 INFO  Title: Validate end to end behaviour for the log request operation check for number of lines
09:41:29 DEBUG Execution order hint: 0.0
09:41:29 INFO  ==============================================================
09:41:29 DEBUG EnvironmentC8y Setup
09:41:29 INFO  EnvironmentC8y Setup
09:41:29 DEBUG Process parameters for systemctl&lt;serv_mapper1&gt;
  command line : /usr/bin/systemctl status tedge-mapper-c8y
    arg #1     : status
    arg #2     : tedge-mapper-c8y
  working dir  : /home/pi/actions-runner/_work/thin-edge.io/thin-edge.io/tests/PySys/log_request_end_to_end/log_request_num_lines/Output/linux
  stdout       : /home/pi/actions-runner/_work/thin-edge.io/thin-edge.io/tests/PySys/log_request_end_to_end/log_request_num_lines/Output/linux/serv_mapper1.out
  stderr       : /home/pi/actions-runner/_work/thin-edge.io/thin-edge.io/tests/PySys/log_request_end_to_end/log_request_num_lines/Output/linux/serv_mapper1.err
  environment  : LD_LIBRARY_PATH=/usr/lib
  environment  : PATH=/bin:/usr/bin:/usr/sbin:/usr/local/bin
                   #1  /bin
                   #2  /usr/bin
                   #3  /usr/sbin
                   #4  /usr/local/bin
09:41:29 DEBUG Waiting up to 600 secs for process systemctl&lt;serv_mapper1&gt; (pid 23476)
09:41:29 INFO  Executed systemctl&lt;serv_mapper1&gt;, exit status 3
09:41:29 INFO  Restarting mosquitto too frequently in the last 10 seconds. It was only up for 4 seconds
09:41:29 INFO  Delaying execution by 7 seconds
09:41:36 DEBUG Process parameters for sudo&lt;tedge_connect_c8y&gt;
  command line : /usr/bin/sudo /usr/bin/tedge connect c8y
    arg #1     : /usr/bin/tedge
    arg #2     : connect
    arg #3     : c8y
  working dir  : /home/pi/actions-runner/_work/thin-edge.io/thin-edge.io/tests/PySys/log_request_end_to_end/log_request_num_lines/Output/linux
  stdout       : /home/pi/actions-runner/_work/thin-edge.io/thin-edge.io/tests/PySys/log_request_end_to_end/log_request_num_lines/Output/linux/tedge_connect_c8y.out
  stderr       : /home/pi/actions-runner/_work/thin-edge.io/thin-edge.io/tests/PySys/log_request_end_to_end/log_request_num_lines/Output/linux/tedge_connect_c8y.err
  environment  : LD_LIBRARY_PATH=/usr/lib
  environment  : PATH=/bin:/usr/bin:/usr/sbin:/usr/local/bin
                   #1  /bin
                   #2  /usr/bin
                   #3  /usr/sbin
                   #4  /usr/local/bin
09:41:36 DEBUG Waiting up to 600 secs for process sudo&lt;tedge_connect_c8y&gt; (pid 23480)
09:41:50 INFO  Executed sudo&lt;tedge_connect_c8y&gt;, exit status 0, duration 13 secs
09:41:50 DEBUG Process parameters for sudo&lt;tedge_connect_c8y_test&gt;
  command line : /usr/bin/sudo /usr/bin/tedge connect c8y --test
    arg #1     : /usr/bin/tedge
    arg #2     : connect
    arg #3     : c8y
    arg #4     : --test
  working dir  : /home/pi/actions-runner/_work/thin-edge.io/thin-edge.io/tests/PySys/log_request_end_to_end/log_request_num_lines/Output/linux
  stdout       : /home/pi/actions-runner/_work/thin-edge.io/thin-edge.io/tests/PySys/log_request_end_to_end/log_request_num_lines/Output/linux/tedge_connect_c8y_test.out
  stderr       : /home/pi/actions-runner/_work/thin-edge.io/thin-edge.io/tests/PySys/log_request_end_to_end/log_request_num_lines/Output/linux/tedge_connect_c8y_test.err
  environment  : LD_LIBRARY_PATH=/usr/lib
  environment  : PATH=/bin:/usr/bin:/usr/sbin:/usr/local/bin
                   #1  /bin
                   #2  /usr/bin
                   #3  /usr/sbin
                   #4  /usr/local/bin
09:41:50 DEBUG Waiting up to 600 secs for process sudo&lt;tedge_connect_c8y_test&gt; (pid 23588)
09:41:51 INFO  Executed sudo&lt;tedge_connect_c8y_test&gt;, exit status 0
09:41:51 DEBUG Process parameters for systemctl&lt;serv_mosq2&gt;
  command line : /usr/bin/systemctl status mosquitto
    arg #1     : status
    arg #2     : mosquitto
  working dir  : /home/pi/actions-runner/_work/thin-edge.io/thin-edge.io/tests/PySys/log_request_end_to_end/log_request_num_lines/Output/linux
  stdout       : /home/pi/actions-runner/_work/thin-edge.io/thin-edge.io/tests/PySys/log_request_end_to_end/log_request_num_lines/Output/linux/serv_mosq2.out
  stderr       : /home/pi/actions-runner/_work/thin-edge.io/thin-edge.io/tests/PySys/log_request_end_to_end/log_request_num_lines/Output/linux/serv_mosq2.err
  environment  : LD_LIBRARY_PATH=/usr/lib
  environment  : PATH=/bin:/usr/bin:/usr/sbin:/usr/local/bin
                   #1  /bin
                   #2  /usr/bin
                   #3  /usr/sbin
                   #4  /usr/local/bin
09:41:51 DEBUG Waiting up to 600 secs for process systemctl&lt;serv_mosq2&gt; (pid 23594)
09:41:51 INFO  Executed systemctl&lt;serv_mosq2&gt;, exit status 0
09:41:51 DEBUG Process parameters for systemctl&lt;serv_mapper3&gt;
  command line : /usr/bin/systemctl status tedge-mapper-c8y
    arg #1     : status
    arg #2     : tedge-mapper-c8y
  working dir  : /home/pi/actions-runner/_work/thin-edge.io/thin-edge.io/tests/PySys/log_request_end_to_end/log_request_num_lines/Output/linux
  stdout       : /home/pi/actions-runner/_work/thin-edge.io/thin-edge.io/tests/PySys/log_request_end_to_end/log_request_num_lines/Output/linux/serv_mapper3.out
  stderr       : /home/pi/actions-runner/_work/thin-edge.io/thin-edge.io/tests/PySys/log_request_end_to_end/log_request_num_lines/Output/linux/serv_mapper3.err
  environment  : LD_LIBRARY_PATH=/usr/lib
  environment  : PATH=/bin:/usr/bin:/usr/sbin:/usr/local/bin
                   #1  /bin
                   #2  /usr/bin
                   #3  /usr/sbin
                   #4  /usr/local/bin
09:41:51 DEBUG Waiting up to 600 secs for process systemctl&lt;serv_mapper3&gt; (pid 23595)
09:41:52 INFO  Executed systemctl&lt;serv_mapper3&gt;, exit status 0
09:41:52 DEBUG Process parameters for sudo&lt;rm_logs&gt;
  command line : /usr/bin/sudo rm -rf /tmp/sw_logs
    arg #1     : rm
    arg #2     : -rf
    arg #3     : /tmp/sw_logs
  working dir  : /home/pi/actions-runner/_work/thin-edge.io/thin-edge.io/tests/PySys/log_request_end_to_end/log_request_num_lines/Output/linux
  stdout       : /home/pi/actions-runner/_work/thin-edge.io/thin-edge.io/tests/PySys/log_request_end_to_end/log_request_num_lines/Output/linux/rm_logs.out
  stderr       : /home/pi/actions-runner/_work/thin-edge.io/thin-edge.io/tests/PySys/log_request_end_to_end/log_request_num_lines/Output/linux/rm_logs.err
  environment  : LD_LIBRARY_PATH=/usr/lib
  environment  : PATH=/bin:/usr/bin:/usr/sbin:/usr/local/bin
                   #1  /bin
                   #2  /usr/bin
                   #3  /usr/sbin
                   #4  /usr/local/bin
09:41:52 DEBUG Waiting up to 600 secs for process sudo&lt;rm_logs&gt; (pid 23596)
09:41:52 INFO  Executed sudo&lt;rm_logs&gt;, exit status 0
09:41:52 DEBUG Process parameters for sudo&lt;move_logs&gt;
  command line : /usr/bin/sudo sh -c 'mv /tmp/sw_logs/* /var/log/tedge/agent/'
    arg #1     : sh
    arg #2     : -c
    arg #3     : mv /tmp/sw_logs/* /var/log/tedge/agent/
  working dir  : /home/pi/actions-runner/_work/thin-edge.io/thin-edge.io/tests/PySys/log_request_end_to_end/log_request_num_lines/Output/linux
  stdout       : /home/pi/actions-runner/_work/thin-edge.io/thin-edge.io/tests/PySys/log_request_end_to_end/log_request_num_lines/Output/linux/move_logs.out
  stderr       : /home/pi/actions-runner/_work/thin-edge.io/thin-edge.io/tests/PySys/log_request_end_to_end/log_request_num_lines/Output/linux/move_logs.err
  environment  : LD_LIBRARY_PATH=/usr/lib
  environment  : PATH=/bin:/usr/bin:/usr/sbin:/usr/local/bin
                   #1  /bin
                   #2  /usr/bin
                   #3  /usr/sbin
                   #4  /usr/local/bin
09:41:52 DEBUG Waiting up to 600 secs for process sudo&lt;move_logs&gt; (pid 23598)
09:41:53 INFO  Executed sudo&lt;move_logs&gt;, exit status 0
09:41:53 DEBUG --- test execute
09:41:53 DEBUG Starting new HTTPS connection (1): thin-edge-io.eu-latest.cumulocity.com:443
09:41:53 DEBUG https://thin-edge-io.eu-latest.cumulocity.com:443 &quot;POST /devicecontrol/operations HTTP/1.1&quot; 201 415
09:41:53 DEBUG --- test validate
09:41:53 DEBUG Starting new HTTPS connection (1): thin-edge-io.eu-latest.cumulocity.com:443
09:41:54 DEBUG https://thin-edge-io.eu-latest.cumulocity.com:443 &quot;GET /devicecontrol/operations/17052459 HTTP/1.1&quot; 200 567
09:41:54 INFO  log response None
09:41:54 WARN  retry, retrying in 1 seconds...
09:41:55 DEBUG Starting new HTTPS connection (1): thin-edge-io.eu-latest.cumulocity.com:443
09:41:55 DEBUG https://thin-edge-io.eu-latest.cumulocity.com:443 &quot;GET /devicecontrol/operations/17052459 HTTP/1.1&quot; 200 656
09:41:55 INFO  log response https://thin-edge-io.eu-latest.cumulocity.com/event/events/17052461/binaries
09:41:55 DEBUG Starting new HTTPS connection (1): thin-edge-io.eu-latest.cumulocity.com:443
09:41:55 DEBUG https://thin-edge-io.eu-latest.cumulocity.com:443 &quot;GET /event/events/17052461/binaries HTTP/1.1&quot; 200 0
09:41:55 INFO  nlines 0
09:41:55 WARN  Assert that (True == value) with value=False ... failed [run.py:44]
09:41:55 DEBUG --- test cleanup
09:41:55 INFO  
09:41:55 INFO  cleanup:
09:41:55 DEBUG Running registered cleanup function: &lt;bound method LogRequestVerifyNumberOfLines.cleanup_logs of &lt;LogRequestVerifyNumberOfLines object at 0x75d32770&gt;&gt;
09:41:55 DEBUG Process parameters for sudo&lt;rm_logs&gt;
  command line : /usr/bin/sudo sh -c 'rm -rf /var/log/tedge/agent/example-*'
    arg #1     : sh
    arg #2     : -c
    arg #3     : rm -rf /var/log/tedge/agent/example-*
  working dir  : /home/pi/actions-runner/_work/thin-edge.io/thin-edge.io/tests/PySys/log_request_end_to_end/log_request_num_lines/Output/linux
  stdout       : /home/pi/actions-runner/_work/thin-edge.io/thin-edge.io/tests/PySys/log_request_end_to_end/log_request_num_lines/Output/linux/rm_logs.out
  stderr       : /home/pi/actions-runner/_work/thin-edge.io/thin-edge.io/tests/PySys/log_request_end_to_end/log_request_num_lines/Output/linux/rm_logs.err
  environment  : LD_LIBRARY_PATH=/usr/lib
  environment  : PATH=/bin:/usr/bin:/usr/sbin:/usr/local/bin
                   #1  /bin
                   #2  /usr/bin
                   #3  /usr/sbin
                   #4  /usr/local/bin
09:41:55 DEBUG Waiting up to 600 secs for process sudo&lt;rm_logs&gt; (pid 23604)
09:41:56 INFO  Executed sudo&lt;rm_logs&gt;, exit status 0
09:41:56 DEBUG Process parameters for sudo&lt;rm_tmp_logs&gt;
  command line : /usr/bin/sudo rm -rf /tmp/sw_logs
    arg #1     : rm
    arg #2     : -rf
    arg #3     : /tmp/sw_logs
  working dir  : /home/pi/actions-runner/_work/thin-edge.io/thin-edge.io/tests/PySys/log_request_end_to_end/log_request_num_lines/Output/linux
  stdout       : /home/pi/actions-runner/_work/thin-edge.io/thin-edge.io/tests/PySys/log_request_end_to_end/log_request_num_lines/Output/linux/rm_tmp_logs.out
  stderr       : /home/pi/actions-runner/_work/thin-edge.io/thin-edge.io/tests/PySys/log_request_end_to_end/log_request_num_lines/Output/linux/rm_tmp_logs.err
  environment  : LD_LIBRARY_PATH=/usr/lib
  environment  : PATH=/bin:/usr/bin:/usr/sbin:/usr/local/bin
                   #1  /bin
                   #2  /usr/bin
                   #3  /usr/sbin
                   #4  /usr/local/bin
09:41:56 DEBUG Waiting up to 600 secs for process sudo&lt;rm_tmp_logs&gt; (pid 23613)
09:41:56 INFO  Executed sudo&lt;rm_tmp_logs&gt;, exit status 0
09:41:56 DEBUG Process parameters for sudo&lt;send_failed&gt;
  command line : /usr/bin/sudo /usr/bin/tedge mqtt pub c8y/s/us 502,c8y_LogfileRequest
    arg #1     : /usr/bin/tedge
    arg #2     : mqtt
    arg #3     : pub
    arg #4     : c8y/s/us
    arg #5     : 502,c8y_LogfileRequest
  working dir  : /home/pi/actions-runner/_work/thin-edge.io/thin-edge.io/tests/PySys/log_request_end_to_end/log_request_num_lines/Output/linux
  stdout       : /home/pi/actions-runner/_work/thin-edge.io/thin-edge.io/tests/PySys/log_request_end_to_end/log_request_num_lines/Output/linux/send_failed.out
  stderr       : /home/pi/actions-runner/_work/thin-edge.io/thin-edge.io/tests/PySys/log_request_end_to_end/log_request_num_lines/Output/linux/send_failed.err
  environment  : LD_LIBRARY_PATH=/usr/lib
  environment  : PATH=/bin:/usr/bin:/usr/sbin:/usr/local/bin
                   #1  /bin
                   #2  /usr/bin
                   #3  /usr/sbin
                   #4  /usr/local/bin
09:41:56 DEBUG Waiting up to 600 secs for process sudo&lt;send_failed&gt; (pid 23615)
09:41:57 INFO  Executed sudo&lt;send_failed&gt;, exit status 0
09:41:57 DEBUG Running registered cleanup function: &lt;bound method EnvironmentC8y.myenvcleanup of &lt;LogRequestVerifyNumberOfLines object at 0x75d32770&gt;&gt;
09:41:57 DEBUG EnvironmentC8y Cleanup
09:41:57 DEBUG Process parameters for sudo&lt;tedge_disconnect_c8y&gt;
  command line : /usr/bin/sudo /usr/bin/tedge disconnect c8y
    arg #1     : /usr/bin/tedge
    arg #2     : disconnect
    arg #3     : c8y
  working dir  : /home/pi/actions-runner/_work/thin-edge.io/thin-edge.io/tests/PySys/log_request_end_to_end/log_request_num_lines/Output/linux
  stdout       : /home/pi/actions-runner/_work/thin-edge.io/thin-edge.io/tests/PySys/log_request_end_to_end/log_request_num_lines/Output/linux/tedge_disconnect_c8y.out
  stderr       : /home/pi/actions-runner/_work/thin-edge.io/thin-edge.io/tests/PySys/log_request_end_to_end/log_request_num_lines/Output/linux/tedge_disconnect_c8y.err
  environment  : LD_LIBRARY_PATH=/usr/lib
  environment  : PATH=/bin:/usr/bin:/usr/sbin:/usr/local/bin
                   #1  /bin
                   #2  /usr/bin
                   #3  /usr/sbin
                   #4  /usr/local/bin
09:41:57 DEBUG Waiting up to 600 secs for process sudo&lt;tedge_disconnect_c8y&gt; (pid 23620)
09:42:01 INFO  Executed sudo&lt;tedge_disconnect_c8y&gt;, exit status 0
09:42:01 DEBUG Process parameters for systemctl&lt;serv_mapper5&gt;
  command line : /usr/bin/systemctl status tedge-mapper-c8y
    arg #1     : status
    arg #2     : tedge-mapper-c8y
  working dir  : /home/pi/actions-runner/_work/thin-edge.io/thin-edge.io/tests/PySys/log_request_end_to_end/log_request_num_lines/Output/linux
  stdout       : /home/pi/actions-runner/_work/thin-edge.io/thin-edge.io/tests/PySys/log_request_end_to_end/log_request_num_lines/Output/linux/serv_mapper5.out
  stderr       : /home/pi/actions-runner/_work/thin-edge.io/thin-edge.io/tests/PySys/log_request_end_to_end/log_request_num_lines/Output/linux/serv_mapper5.err
  environment  : LD_LIBRARY_PATH=/usr/lib
  environment  : PATH=/bin:/usr/bin:/usr/sbin:/usr/local/bin
                   #1  /bin
                   #2  /usr/bin
                   #3  /usr/sbin
                   #4  /usr/local/bin
09:42:01 DEBUG Waiting up to 600 secs for process systemctl&lt;serv_mapper5&gt; (pid 23661)
09:42:01 INFO  Executed systemctl&lt;serv_mapper5&gt;, exit status 3
09:42:01 DEBUG ProcessUser cleanup function done.
09:42:01 INFO  
09:42:01 INFO  Test duration: 32.75 secs
09:42:01 INFO  Test final outcome:  FAILED
09:42:01 INFO  Test outcome reason: Assert that (True == value) with value=False
09:42:01 INFO  
</system-out>
	</testcase>
</testsuite>
