<?xml version="1.0" encoding="utf-8"?>
<testsuite failures="0" name="local_mqtt_sub_fail" skipped="0" tests="1" time="1.64" timestamp="2022-04-11T09:38:51">
	<testcase classname="PySysTest" name="local_mqtt_sub_fail"/>
</testsuite>
