<?xml version="1.0" encoding="utf-8"?>
<testsuite failures="0" name="apt_fail_noarg" skipped="1" tests="1" time="0.04" timestamp="2022-04-08T09:43:51">
	<testcase classname="AptPluginFailNoArg" name="apt_fail_noarg">
		<skipped message="SKIPPED: Testing the apt plugin is not supported on this platform.To run the tests call PySys with -XmyPlatform='container'"/>
		<system-out>09:43:51 DEBUG deletedir failed to update permissions and delete /home/pi/actions-runner/_work/thin-edge.io/thin-edge.io/tests/PySys/plugin_apt/apt_fail_noarg/Output/linux on this attempt: [Errno 2] No such file or directory: '/home/pi/actions-runner/_work/thin-edge.io/thin-edge.io/tests/PySys/plugin_apt/apt_fail_noarg/Output/linux'
09:43:51 INFO  ==============================================================
09:43:51 INFO  Id:    apt_fail_noarg
09:43:51 INFO  Dir:   plugin_apt/
09:43:51 INFO  Title: Validate apt plugin fetures(prepare, list, install, remove finalize) without arguments
09:43:51 DEBUG Execution order hint: 0.0
09:43:51 INFO  ==============================================================
09:43:51 INFO  Testing the apt plugin is not supported on this platform.To run the tests call PySys with -XmyPlatform='container' ... skipped
09:43:51 WARN  Aborted test due to SKIPPED outcome
09:43:51 DEBUG --- test cleanup
09:43:51 DEBUG ProcessUser cleanup function done.
09:43:51 INFO  
09:43:51 INFO  Test duration: 0.04 secs
09:43:51 INFO  Test final outcome:  SKIPPED
09:43:51 INFO  Test outcome reason: Testing the apt plugin is not supported on this platform.To run the tests call PySys with -XmyPlatform='container'
09:43:51 INFO  
</system-out>
	</testcase>
</testsuite>
