<?xml version="1.0" encoding="utf-8"?>
<testsuite name="SoftwareManagement.Plugin.apama_plugin_mon_support" tests="1" failures="1" skipped="0" time="20.06" timestamp="2022-05-09T07:57:57">
	<testcase classname="ApamaPluginMonSupportTest" name="SoftwareManagement.Plugin.apama_plugin_mon_support">
		<failure message="BLOCKED: sudo&lt;apama_correlator_wait&gt; returned non-zero exit code 126" type="BLOCKED"/>
		<system-out>07:57:37 INFO  ==============================================================
07:57:37 INFO  Id:    SoftwareManagement.Plugin.apama_plugin_mon_support
07:57:37 INFO  Dir:   plugin_apama/
07:57:37 INFO  Title: Validate mon file support of apama plugin
07:57:37 INFO  ==============================================================
07:57:37 INFO  Assertion that path exists=False for &quot;/etc/tedge/apama/project&quot; ... passed
07:57:38 INFO  Executed sudo&lt;create_project_dir&gt;, exit status 0
07:57:38 INFO  Executed sudo&lt;unzip_apama_project&gt;, exit status 0
07:57:39 INFO  Executed sudo&lt;move_apama_project&gt;, exit status 0
07:57:40 INFO  Executed sudo&lt;restart_apama_service&gt;, exit status 0
07:57:41 WARN  Executed sudo&lt;apama_correlator_wait&gt;, exit status 126
07:57:41 INFO  Contents of apama_correlator_wait.err: 
  /opt/softwareag/Apama/bin/apama_env: line 142: /opt/softwareag/Apama/bin/component_management: cannot execute binary file: Exec format error
  -----

07:57:41 WARN  sudo&lt;apama_correlator_wait&gt; returned non-zero exit code 126 ... blocked 
07:57:41 WARN  Aborted test due to BLOCKED outcome
07:57:41 INFO  
07:57:41 INFO  cleanup:
07:57:41 INFO  Removing apama project
07:57:56 INFO  Executed sudo&lt;stop_apama_service&gt;, exit status 0, duration 15 secs
07:57:57 INFO  Executed sudo&lt;remove_apama_project&gt;, exit status 0
07:57:57 INFO  Executed sudo&lt;remove_apama_tmp_dir&gt;, exit status 0
07:57:57 INFO  
07:57:57 INFO  Test duration: 20.06 secs
07:57:57 INFO  Test final outcome:  BLOCKED
07:57:57 INFO  Test outcome reason: sudo&lt;apama_correlator_wait&gt; returned non-zero exit code 126
07:57:57 INFO  
</system-out>
	</testcase>
</testsuite>
