<?xml version="1.0" encoding="utf-8"?>
<testsuite name="SoftwareManagement.Plugin.apama_plugin_mon_support" tests="1" failures="1" skipped="0" time="19.9" timestamp="2022-05-04T08:58:10">
	<testcase classname="ApamaPluginMonSupportTest" name="SoftwareManagement.Plugin.apama_plugin_mon_support">
		<failure message="BLOCKED: sudo&lt;apama_correlator_wait&gt; returned non-zero exit code 126" type="BLOCKED"/>
		<system-out>08:57:50 INFO  ==============================================================
08:57:50 INFO  Id:    SoftwareManagement.Plugin.apama_plugin_mon_support
08:57:50 INFO  Dir:   plugin_apama/
08:57:50 INFO  Title: Validate mon file support of apama plugin
08:57:50 INFO  ==============================================================
08:57:50 INFO  Assertion that path exists=False for &quot;/etc/tedge/apama/project&quot; ... passed
08:57:51 INFO  Executed sudo&lt;create_project_dir&gt;, exit status 0
08:57:52 INFO  Executed sudo&lt;unzip_apama_project&gt;, exit status 0
08:57:52 INFO  Executed sudo&lt;move_apama_project&gt;, exit status 0
08:57:53 INFO  Executed sudo&lt;restart_apama_service&gt;, exit status 0
08:57:54 WARN  Executed sudo&lt;apama_correlator_wait&gt;, exit status 126
08:57:54 INFO  Contents of apama_correlator_wait.err: 
  /opt/softwareag/Apama/bin/apama_env: line 142: /opt/softwareag/Apama/bin/component_management: cannot execute binary file: Exec format error
  -----

08:57:54 WARN  sudo&lt;apama_correlator_wait&gt; returned non-zero exit code 126 ... blocked 
08:57:54 WARN  Aborted test due to BLOCKED outcome
08:57:54 INFO  
08:57:54 INFO  cleanup:
08:57:54 INFO  Removing apama project
08:58:09 INFO  Executed sudo&lt;stop_apama_service&gt;, exit status 0, duration 15 secs
08:58:10 INFO  Executed sudo&lt;remove_apama_project&gt;, exit status 0
08:58:10 INFO  Executed sudo&lt;remove_apama_tmp_dir&gt;, exit status 0
08:58:10 INFO  
08:58:10 INFO  Test duration: 19.90 secs
08:58:10 INFO  Test final outcome:  BLOCKED
08:58:10 INFO  Test outcome reason: sudo&lt;apama_correlator_wait&gt; returned non-zero exit code 126
08:58:10 INFO  
</system-out>
	</testcase>
</testsuite>
