<?xml version="1.0" encoding="utf-8"?>
<testsuite name="SoftwareManagement.Plugin.apama_plugin_install" tests="1" failures="1" skipped="0" time="20.02" timestamp="2022-05-09T07:57:37">
	<testcase classname="ApamaPluginInstallTest" name="SoftwareManagement.Plugin.apama_plugin_install">
		<failure message="BLOCKED: sudo&lt;plugin_install&gt; returned non-zero exit code 2" type="BLOCKED"/>
		<system-out>07:57:17 INFO  ==============================================================
07:57:17 INFO  Id:    SoftwareManagement.Plugin.apama_plugin_install
07:57:17 INFO  Dir:   plugin_apama/
07:57:17 INFO  Title: Validate apama plugin install
07:57:17 INFO  ==============================================================
07:57:17 INFO  Assertion that path exists=False for &quot;/etc/tedge/apama/project&quot; ... passed
07:57:19 WARN  Executed sudo&lt;plugin_install&gt;, exit status 2
07:57:19 INFO  Contents of plugin_install.err: 
  /opt/softwareag/Apama/bin/apama_env: line 142: /opt/softwareag/Apama/bin/engine_management: cannot execute binary file: Exec format error
  ERROR: Execution of `/opt/softwareag/Apama/bin/apama_env` failed with exit status exit status: 126
  -----

07:57:20 WARN  sudo&lt;plugin_install&gt; returned non-zero exit code 2 ... blocked [run.py:20]
07:57:20 WARN  Aborted test due to BLOCKED outcome
07:57:20 INFO  
07:57:20 INFO  cleanup:
07:57:20 INFO  Removing apama project
07:57:36 INFO  Executed sudo&lt;stop_apama_service&gt;, exit status 0, duration 16 secs
07:57:37 INFO  Executed sudo&lt;remove_apama_project&gt;, exit status 0
07:57:37 INFO  Executed sudo&lt;remove_apama_tmp_dir&gt;, exit status 0
07:57:37 INFO  
07:57:37 INFO  Test duration: 20.02 secs
07:57:37 INFO  Test final outcome:  BLOCKED
07:57:37 INFO  Test outcome reason: sudo&lt;plugin_install&gt; returned non-zero exit code 2
07:57:37 INFO  
</system-out>
	</testcase>
</testsuite>
