<?xml version="1.0" encoding="utf-8"?>
<testsuite failures="0" name="SoftwareManagement.Plugin.apama_plugin_update" skipped="1" tests="1" time="0.02" timestamp="2022-05-10T20:21:29">
	<testcase classname="ApamaPluginUpdateTest" name="SoftwareManagement.Plugin.apama_plugin_update">
		<skipped message="SKIPPED: Test execution disabled due to #1052"/>
		<system-out>20:21:29 INFO  ==============================================================
20:21:29 INFO  Id:    SoftwareManagement.Plugin.apama_plugin_update
20:21:29 INFO  Dir:   plugin_apama/
20:21:29 INFO  Title: Validate apama plugin updating one project with another
20:21:29 INFO  ==============================================================
20:21:29 INFO  Test execution disabled due to #1052 ... skipped
20:21:29 INFO  
20:21:29 INFO  Test duration: 0.02 secs
20:21:29 INFO  Test final outcome:  SKIPPED
20:21:29 INFO  Test outcome reason: Test execution disabled due to #1052
20:21:29 INFO  
</system-out>
	</testcase>
</testsuite>
