<?xml version="1.0" encoding="utf-8"?>
<testsuite name="docker_plugin_install" tests="1" failures="0" skipped="0" time="35.15" timestamp="2022-05-30T10:08:16">
	<testcase classname="DockerPluginInstallTest" name="docker_plugin_install"/>
</testsuite>
