<?xml version="1.0" encoding="utf-8"?>
<testsuite name="docker_plugin_install_with_version" tests="1" failures="1" skipped="0" time="7.01" timestamp="2022-05-02T16:06:27">
	<testcase classname="DockerPluginInstallWithVersionTest" name="docker_plugin_install_with_version">
		<failure message="BLOCKED: sudo&lt;plugin_install&gt; returned non-zero exit code 2 (+1 other failures)" type="BLOCKED"/>
		<system-out>16:06:20 INFO  ==============================================================
16:06:20 INFO  Id:    docker_plugin_install_with_version
16:06:20 INFO  Dir:   plugin_docker/
16:06:20 INFO  Title: Validate docker plugin install
16:06:20 INFO  ==============================================================
16:06:21 INFO  Executed sudo&lt;docker_images&gt;, exit status 0
16:06:21 INFO  Grep on file /home/pi/actions-runner/_work/thin-edge.io/thin-edge.io/tests/PySys/plugin_docker/docker_plugin_install_with_version/Output/linux/docker_images.out ... passed
16:06:24 WARN  Executed sudo&lt;plugin_install&gt;, exit status 2
16:06:24 WARN  sudo&lt;plugin_install&gt; returned non-zero exit code 2 ... blocked [environment_docker_plugin.py:132,environment_docker_plugin.py:144,run.py:24]
16:06:25 INFO  Executed sudo&lt;docker_ps_latest&gt;, exit status 0
16:06:26 INFO  Executed sudo&lt;docker_ps&gt;, exit status 0
16:06:26 WARN  Grep on /home/pi/actions-runner/_work/thin-edge.io/thin-edge.io/tests/PySys/plugin_docker/docker_plugin_install_with_version/Output/linux/docker_ps.out contains &quot;registry:2.7.1&quot; ... failed [environment_docker_plugin.py:45,run.py:28]
16:06:26 INFO  
16:06:26 INFO  cleanup:
16:06:26 INFO  Removing containers scheduled to be cleaned up: ['', '']
16:06:26 WARN  Executed sudo&lt;containers_for_cleanup&gt;, exit status 1
16:06:26 INFO  Removing images scheduled to be cleaned up: ['registry', 'registry:2.7.1']
16:06:27 INFO  Executed sudo&lt;containers_for_cleanup&gt;, exit status 0
16:06:27 INFO  
16:06:27 INFO  Test duration: 7.01 secs
16:06:27 INFO  Test final outcome:  BLOCKED
16:06:27 INFO  Test outcome reason: sudo&lt;plugin_install&gt; returned non-zero exit code 2 (+1 other failures)
16:06:27 INFO  
</system-out>
	</testcase>
</testsuite>
