<?xml version="1.0" encoding="utf-8"?>
<testsuite name="docker_plugin_install" tests="1" failures="1" skipped="0" time="6.98" timestamp="2022-05-02T16:06:20">
	<testcase classname="DockerPluginInstallTest" name="docker_plugin_install">
		<failure message="BLOCKED: sudo&lt;plugin_install&gt; returned non-zero exit code 2 (+1 other failures)" type="BLOCKED"/>
		<system-out>16:06:13 INFO  ==============================================================
16:06:13 INFO  Id:    docker_plugin_install
16:06:13 INFO  Dir:   plugin_docker/
16:06:13 INFO  Title: Validate docker plugin install
16:06:13 INFO  ==============================================================
16:06:14 INFO  Executed sudo&lt;docker_images&gt;, exit status 0
16:06:14 INFO  Grep on file /home/pi/actions-runner/_work/thin-edge.io/thin-edge.io/tests/PySys/plugin_docker/docker_plugin_install/Output/linux/docker_images.out ... passed
16:06:17 WARN  Executed sudo&lt;plugin_install&gt;, exit status 2
16:06:17 WARN  sudo&lt;plugin_install&gt; returned non-zero exit code 2 ... blocked [environment_docker_plugin.py:132,environment_docker_plugin.py:144,run.py:23]
16:06:18 INFO  Executed sudo&lt;docker_ps_latest&gt;, exit status 0
16:06:18 INFO  Executed sudo&lt;docker_ps&gt;, exit status 0
16:06:18 WARN  Grep on /home/pi/actions-runner/_work/thin-edge.io/thin-edge.io/tests/PySys/plugin_docker/docker_plugin_install/Output/linux/docker_ps.out contains &quot;registry&quot; ... failed [environment_docker_plugin.py:45,run.py:26]
16:06:18 INFO  
16:06:18 INFO  cleanup:
16:06:18 INFO  Removing containers scheduled to be cleaned up: ['']
16:06:19 WARN  Executed sudo&lt;containers_for_cleanup&gt;, exit status 1
16:06:19 INFO  Removing images scheduled to be cleaned up: ['registry']
16:06:20 INFO  Executed sudo&lt;containers_for_cleanup&gt;, exit status 0
16:06:20 INFO  
16:06:20 INFO  Test duration: 6.98 secs
16:06:20 INFO  Test final outcome:  BLOCKED
16:06:20 INFO  Test outcome reason: sudo&lt;plugin_install&gt; returned non-zero exit code 2 (+1 other failures)
16:06:20 INFO  
</system-out>
	</testcase>
</testsuite>
