<?xml version="1.0" encoding="utf-8"?>
<testsuite name="docker_plugin_finalize" tests="1" failures="0" skipped="0" time="40.88" timestamp="2022-05-04T08:59:14">
	<testcase classname="DockerPluginFinalizeTest" name="docker_plugin_finalize"/>
</testsuite>
