<?xml version="1.0" encoding="utf-8"?>
<testsuite name="docker_plugin_finalize" tests="1" failures="0" skipped="0" time="35.97" timestamp="2022-05-10T14:09:48">
	<testcase classname="DockerPluginFinalizeTest" name="docker_plugin_finalize"/>
</testsuite>
