<?xml version="1.0" encoding="utf-8"?>
<testsuite name="docker_plugin_update" tests="1" failures="0" skipped="0" time="64.63" timestamp="2022-05-10T14:13:11">
	<testcase classname="DockerPluginUpdateTest" name="docker_plugin_update"/>
</testsuite>
