<?xml version="1.0" encoding="utf-8"?>
<testsuite name="docker_plugin_remove_with_version" tests="1" failures="1" skipped="0" time="5.17" timestamp="2022-05-02T16:06:38">
	<testcase classname="DockerPluginRemoveWithVersionTest" name="docker_plugin_remove_with_version">
		<failure message="BLOCKED: sudo&lt;docker_run&gt; returned non-zero exit code 125" type="BLOCKED"/>
		<system-out>16:06:32 INFO  ==============================================================
16:06:32 INFO  Id:    docker_plugin_remove_with_version
16:06:32 INFO  Dir:   plugin_docker/
16:06:32 INFO  Title: Validate docker plugin remove with version
16:06:32 INFO  ==============================================================
16:06:33 INFO  Executed sudo&lt;docker_images&gt;, exit status 0
16:06:33 INFO  Grep on file /home/pi/actions-runner/_work/thin-edge.io/thin-edge.io/tests/PySys/plugin_docker/docker_plugin_remove_with_version/Output/linux/docker_images.out ... passed
16:06:36 WARN  Executed sudo&lt;docker_run&gt;, exit status 125
16:06:36 INFO  Contents of docker_run.err: 
  Unable to find image 'registry:2.7.1' locally
  docker: Error response from daemon: toomanyrequests: You have reached your pull rate limit. You may increase the limit by authenticating and upgrading: https://www.docker.com/increase-rate-limit.
  See 'docker run --help'.
  -----

16:06:36 WARN  sudo&lt;docker_run&gt; returned non-zero exit code 125 ... blocked 
16:06:36 WARN  Aborted test due to BLOCKED outcome
16:06:36 INFO  
16:06:36 INFO  cleanup:
16:06:36 INFO  Removing containers scheduled to be cleaned up: ['', '']
16:06:37 WARN  Executed sudo&lt;containers_for_cleanup&gt;, exit status 1
16:06:37 INFO  Removing images scheduled to be cleaned up: ['registry', 'registry:2.7.1']
16:06:38 INFO  Executed sudo&lt;containers_for_cleanup&gt;, exit status 0
16:06:38 INFO  
16:06:38 INFO  Test duration: 5.17 secs
16:06:38 INFO  Test final outcome:  BLOCKED
16:06:38 INFO  Test outcome reason: sudo&lt;docker_run&gt; returned non-zero exit code 125
16:06:38 INFO  
</system-out>
	</testcase>
</testsuite>
