<?xml version="1.0" encoding="utf-8"?>
<testsuite name="docker_plugin_install" tests="1" failures="0" skipped="0" time="35.8" timestamp="2022-05-11T12:33:04">
	<testcase classname="DockerPluginInstallTest" name="docker_plugin_install"/>
</testsuite>
