<?xml version="1.0" encoding="utf-8"?>
<testsuite failures="0" name="log_request_num_lines" skipped="0" tests="1" time="32.2" timestamp="2022-04-11T09:39:57">
	<testcase classname="LogRequestVerifyNumberOfLines" name="log_request_num_lines"/>
</testsuite>
