<?xml version="1.0" encoding="utf-8"?>
<testsuite failures="1" name="monitoring_smaller_interval" skipped="0" tests="1" time="15.37" timestamp="2022-04-11T09:41:42">
	<testcase classname="MonitoringSmallInterval" name="monitoring_smaller_interval">
		<failure message="BLOCKED: TypeError: 'int' object is not subscriptable" type="BLOCKED"/>
		<system-out>09:41:27 DEBUG deletedir failed to update permissions and delete /home/pi/actions-runner/_work/thin-edge.io/thin-edge.io/tests/PySys/monitoring/monitoring_smaller_interval/Output/linux on this attempt: [Errno 2] No such file or directory: '/home/pi/actions-runner/_work/thin-edge.io/thin-edge.io/tests/PySys/monitoring/monitoring_smaller_interval/Output/linux'
09:41:27 INFO  ==============================================================
09:41:27 INFO  Id:    monitoring_smaller_interval
09:41:27 INFO  Dir:   monitoring/
09:41:27 INFO  Title: Validate the tedge dm agent messages that are produced with smaller sampling interval than the batching window. Here the simulated collectd messages are used
09:41:27 DEBUG Execution order hint: 0.0
09:41:27 INFO  ==============================================================
09:41:27 DEBUG Process parameters for sudo&lt;collectd&gt;
  command line : /usr/bin/sudo systemctl stop collectd
    arg #1     : systemctl
    arg #2     : stop
    arg #3     : collectd
  working dir  : /home/pi/actions-runner/_work/thin-edge.io/thin-edge.io/tests/PySys/monitoring/monitoring_smaller_interval/Output/linux
  stdout       : /home/pi/actions-runner/_work/thin-edge.io/thin-edge.io/tests/PySys/monitoring/monitoring_smaller_interval/Output/linux/collectd.out
  stderr       : /home/pi/actions-runner/_work/thin-edge.io/thin-edge.io/tests/PySys/monitoring/monitoring_smaller_interval/Output/linux/collectd.err
  environment  : LD_LIBRARY_PATH=/usr/lib
  environment  : PATH=/bin:/usr/bin:/usr/sbin:/usr/local/bin
                   #1  /bin
                   #2  /usr/bin
                   #3  /usr/sbin
                   #4  /usr/local/bin
09:41:27 DEBUG Waiting up to 600 secs for process sudo&lt;collectd&gt; (pid 18744)
09:41:27 INFO  Executed sudo&lt;collectd&gt;, exit status 0
09:41:27 DEBUG Process parameters for sudo&lt;collectd_mapper&gt;
  command line : /usr/bin/sudo systemctl start tedge-mapper-collectd
    arg #1     : systemctl
    arg #2     : start
    arg #3     : tedge-mapper-collectd
  working dir  : /home/pi/actions-runner/_work/thin-edge.io/thin-edge.io/tests/PySys/monitoring/monitoring_smaller_interval/Output/linux
  stdout       : /home/pi/actions-runner/_work/thin-edge.io/thin-edge.io/tests/PySys/monitoring/monitoring_smaller_interval/Output/linux/collectd_mapper.out
  stderr       : /home/pi/actions-runner/_work/thin-edge.io/thin-edge.io/tests/PySys/monitoring/monitoring_smaller_interval/Output/linux/collectd_mapper.err
  environment  : LD_LIBRARY_PATH=/usr/lib
  environment  : PATH=/bin:/usr/bin:/usr/sbin:/usr/local/bin
                   #1  /bin
                   #2  /usr/bin
                   #3  /usr/sbin
                   #4  /usr/local/bin
09:41:27 DEBUG Waiting up to 600 secs for process sudo&lt;collectd_mapper&gt; (pid 18746)
09:41:28 INFO  Executed sudo&lt;collectd_mapper&gt;, exit status 0
09:41:28 DEBUG --- test execute
09:41:28 DEBUG Process parameters for sudo&lt;tedge_sub&gt;
  command line : /usr/bin/sudo /usr/bin/tedge mqtt sub --no-topic 'tedge/#'
    arg #1     : /usr/bin/tedge
    arg #2     : mqtt
    arg #3     : sub
    arg #4     : --no-topic
    arg #5     : tedge/#
  working dir  : /home/pi/actions-runner/_work/thin-edge.io/thin-edge.io/tests/PySys/monitoring/monitoring_smaller_interval/Output/linux
  stdout       : /home/pi/actions-runner/_work/thin-edge.io/thin-edge.io/tests/PySys/monitoring/monitoring_smaller_interval/Output/linux/tedge_sub.out
  stderr       : /home/pi/actions-runner/_work/thin-edge.io/thin-edge.io/tests/PySys/monitoring/monitoring_smaller_interval/Output/linux/tedge_sub.err
  environment  : LD_LIBRARY_PATH=/usr/lib
  environment  : PATH=/bin:/usr/bin:/usr/sbin:/usr/local/bin
                   #1  /bin
                   #2  /usr/bin
                   #3  /usr/sbin
                   #4  /usr/local/bin
09:41:28 INFO  Started sudo&lt;tedge_sub&gt; with process id 18753
09:41:28 DEBUG Process parameters for sudo&lt;tedge_temp&gt;
  command line : /usr/bin/sudo /usr/bin/tedge mqtt pub collectd/host/temperature/temp 1649670088.5358436:25.5
    arg #1     : /usr/bin/tedge
    arg #2     : mqtt
    arg #3     : pub
    arg #4     : collectd/host/temperature/temp
    arg #5     : 1649670088.5358436:25.5
  working dir  : /home/pi/actions-runner/_work/thin-edge.io/thin-edge.io/tests/PySys/monitoring/monitoring_smaller_interval/Output/linux
  stdout       : /home/pi/actions-runner/_work/thin-edge.io/thin-edge.io/tests/PySys/monitoring/monitoring_smaller_interval/Output/linux/tedge_temp.out
  stderr       : /home/pi/actions-runner/_work/thin-edge.io/thin-edge.io/tests/PySys/monitoring/monitoring_smaller_interval/Output/linux/tedge_temp.err
  environment  : LD_LIBRARY_PATH=/usr/lib
  environment  : PATH=/bin:/usr/bin:/usr/sbin:/usr/local/bin
                   #1  /bin
                   #2  /usr/bin
                   #3  /usr/sbin
                   #4  /usr/local/bin
09:41:28 DEBUG Waiting up to 600 secs for process sudo&lt;tedge_temp&gt; (pid 18754)
09:41:29 INFO  Executed sudo&lt;tedge_temp&gt;, exit status 0
09:41:29 DEBUG Process parameters for sudo&lt;tedge_pres&gt;
  command line : /usr/bin/sudo /usr/bin/tedge mqtt pub collectd/host/pressure/pres 1649670089.0553482:500.5
    arg #1     : /usr/bin/tedge
    arg #2     : mqtt
    arg #3     : pub
    arg #4     : collectd/host/pressure/pres
    arg #5     : 1649670089.0553482:500.5
  working dir  : /home/pi/actions-runner/_work/thin-edge.io/thin-edge.io/tests/PySys/monitoring/monitoring_smaller_interval/Output/linux
  stdout       : /home/pi/actions-runner/_work/thin-edge.io/thin-edge.io/tests/PySys/monitoring/monitoring_smaller_interval/Output/linux/tedge_pres.out
  stderr       : /home/pi/actions-runner/_work/thin-edge.io/thin-edge.io/tests/PySys/monitoring/monitoring_smaller_interval/Output/linux/tedge_pres.err
  environment  : LD_LIBRARY_PATH=/usr/lib
  environment  : PATH=/bin:/usr/bin:/usr/sbin:/usr/local/bin
                   #1  /bin
                   #2  /usr/bin
                   #3  /usr/sbin
                   #4  /usr/local/bin
09:41:29 DEBUG Waiting up to 600 secs for process sudo&lt;tedge_pres&gt; (pid 18757)
09:41:29 INFO  Executed sudo&lt;tedge_pres&gt;, exit status 0
09:41:29 DEBUG Process parameters for sudo&lt;tedge_temp&gt;
  command line : /usr/bin/sudo /usr/bin/tedge mqtt pub collectd/host/temperature/temp 1649670089.6902812:25.5
    arg #1     : /usr/bin/tedge
    arg #2     : mqtt
    arg #3     : pub
    arg #4     : collectd/host/temperature/temp
    arg #5     : 1649670089.6902812:25.5
  working dir  : /home/pi/actions-runner/_work/thin-edge.io/thin-edge.io/tests/PySys/monitoring/monitoring_smaller_interval/Output/linux
  stdout       : /home/pi/actions-runner/_work/thin-edge.io/thin-edge.io/tests/PySys/monitoring/monitoring_smaller_interval/Output/linux/tedge_temp.out
  stderr       : /home/pi/actions-runner/_work/thin-edge.io/thin-edge.io/tests/PySys/monitoring/monitoring_smaller_interval/Output/linux/tedge_temp.err
  environment  : LD_LIBRARY_PATH=/usr/lib
  environment  : PATH=/bin:/usr/bin:/usr/sbin:/usr/local/bin
                   #1  /bin
                   #2  /usr/bin
                   #3  /usr/sbin
                   #4  /usr/local/bin
09:41:29 DEBUG Waiting up to 600 secs for process sudo&lt;tedge_temp&gt; (pid 18759)
09:41:30 INFO  Executed sudo&lt;tedge_temp&gt;, exit status 0
09:41:30 DEBUG Process parameters for sudo&lt;tedge_pres&gt;
  command line : /usr/bin/sudo /usr/bin/tedge mqtt pub collectd/host/pressure/pres 1649670090.207027:500.5
    arg #1     : /usr/bin/tedge
    arg #2     : mqtt
    arg #3     : pub
    arg #4     : collectd/host/pressure/pres
    arg #5     : 1649670090.207027:500.5
  working dir  : /home/pi/actions-runner/_work/thin-edge.io/thin-edge.io/tests/PySys/monitoring/monitoring_smaller_interval/Output/linux
  stdout       : /home/pi/actions-runner/_work/thin-edge.io/thin-edge.io/tests/PySys/monitoring/monitoring_smaller_interval/Output/linux/tedge_pres.out
  stderr       : /home/pi/actions-runner/_work/thin-edge.io/thin-edge.io/tests/PySys/monitoring/monitoring_smaller_interval/Output/linux/tedge_pres.err
  environment  : LD_LIBRARY_PATH=/usr/lib
  environment  : PATH=/bin:/usr/bin:/usr/sbin:/usr/local/bin
                   #1  /bin
                   #2  /usr/bin
                   #3  /usr/sbin
                   #4  /usr/local/bin
09:41:30 DEBUG Waiting up to 600 secs for process sudo&lt;tedge_pres&gt; (pid 18761)
09:41:30 INFO  Executed sudo&lt;tedge_pres&gt;, exit status 0
09:41:30 DEBUG Process parameters for sudo&lt;tedge_temp&gt;
  command line : /usr/bin/sudo /usr/bin/tedge mqtt pub collectd/host/temperature/temp 1649670090.832936:25.5
    arg #1     : /usr/bin/tedge
    arg #2     : mqtt
    arg #3     : pub
    arg #4     : collectd/host/temperature/temp
    arg #5     : 1649670090.832936:25.5
  working dir  : /home/pi/actions-runner/_work/thin-edge.io/thin-edge.io/tests/PySys/monitoring/monitoring_smaller_interval/Output/linux
  stdout       : /home/pi/actions-runner/_work/thin-edge.io/thin-edge.io/tests/PySys/monitoring/monitoring_smaller_interval/Output/linux/tedge_temp.out
  stderr       : /home/pi/actions-runner/_work/thin-edge.io/thin-edge.io/tests/PySys/monitoring/monitoring_smaller_interval/Output/linux/tedge_temp.err
  environment  : LD_LIBRARY_PATH=/usr/lib
  environment  : PATH=/bin:/usr/bin:/usr/sbin:/usr/local/bin
                   #1  /bin
                   #2  /usr/bin
                   #3  /usr/sbin
                   #4  /usr/local/bin
09:41:30 DEBUG Waiting up to 600 secs for process sudo&lt;tedge_temp&gt; (pid 18763)
09:41:31 INFO  Executed sudo&lt;tedge_temp&gt;, exit status 0
09:41:31 DEBUG Process parameters for sudo&lt;tedge_pres&gt;
  command line : /usr/bin/sudo /usr/bin/tedge mqtt pub collectd/host/pressure/pres 1649670091.3498235:500.5
    arg #1     : /usr/bin/tedge
    arg #2     : mqtt
    arg #3     : pub
    arg #4     : collectd/host/pressure/pres
    arg #5     : 1649670091.3498235:500.5
  working dir  : /home/pi/actions-runner/_work/thin-edge.io/thin-edge.io/tests/PySys/monitoring/monitoring_smaller_interval/Output/linux
  stdout       : /home/pi/actions-runner/_work/thin-edge.io/thin-edge.io/tests/PySys/monitoring/monitoring_smaller_interval/Output/linux/tedge_pres.out
  stderr       : /home/pi/actions-runner/_work/thin-edge.io/thin-edge.io/tests/PySys/monitoring/monitoring_smaller_interval/Output/linux/tedge_pres.err
  environment  : LD_LIBRARY_PATH=/usr/lib
  environment  : PATH=/bin:/usr/bin:/usr/sbin:/usr/local/bin
                   #1  /bin
                   #2  /usr/bin
                   #3  /usr/sbin
                   #4  /usr/local/bin
09:41:31 DEBUG Waiting up to 600 secs for process sudo&lt;tedge_pres&gt; (pid 18765)
09:41:31 INFO  Executed sudo&lt;tedge_pres&gt;, exit status 0
09:41:31 DEBUG Process parameters for sudo&lt;tedge_temp&gt;
  command line : /usr/bin/sudo /usr/bin/tedge mqtt pub collectd/host/temperature/temp 1649670091.9665926:25.5
    arg #1     : /usr/bin/tedge
    arg #2     : mqtt
    arg #3     : pub
    arg #4     : collectd/host/temperature/temp
    arg #5     : 1649670091.9665926:25.5
  working dir  : /home/pi/actions-runner/_work/thin-edge.io/thin-edge.io/tests/PySys/monitoring/monitoring_smaller_interval/Output/linux
  stdout       : /home/pi/actions-runner/_work/thin-edge.io/thin-edge.io/tests/PySys/monitoring/monitoring_smaller_interval/Output/linux/tedge_temp.out
  stderr       : /home/pi/actions-runner/_work/thin-edge.io/thin-edge.io/tests/PySys/monitoring/monitoring_smaller_interval/Output/linux/tedge_temp.err
  environment  : LD_LIBRARY_PATH=/usr/lib
  environment  : PATH=/bin:/usr/bin:/usr/sbin:/usr/local/bin
                   #1  /bin
                   #2  /usr/bin
                   #3  /usr/sbin
                   #4  /usr/local/bin
09:41:31 DEBUG Waiting up to 600 secs for process sudo&lt;tedge_temp&gt; (pid 18767)
09:41:32 INFO  Executed sudo&lt;tedge_temp&gt;, exit status 0
09:41:32 DEBUG Process parameters for sudo&lt;tedge_pres&gt;
  command line : /usr/bin/sudo /usr/bin/tedge mqtt pub collectd/host/pressure/pres 1649670092.48595:500.5
    arg #1     : /usr/bin/tedge
    arg #2     : mqtt
    arg #3     : pub
    arg #4     : collectd/host/pressure/pres
    arg #5     : 1649670092.48595:500.5
  working dir  : /home/pi/actions-runner/_work/thin-edge.io/thin-edge.io/tests/PySys/monitoring/monitoring_smaller_interval/Output/linux
  stdout       : /home/pi/actions-runner/_work/thin-edge.io/thin-edge.io/tests/PySys/monitoring/monitoring_smaller_interval/Output/linux/tedge_pres.out
  stderr       : /home/pi/actions-runner/_work/thin-edge.io/thin-edge.io/tests/PySys/monitoring/monitoring_smaller_interval/Output/linux/tedge_pres.err
  environment  : LD_LIBRARY_PATH=/usr/lib
  environment  : PATH=/bin:/usr/bin:/usr/sbin:/usr/local/bin
                   #1  /bin
                   #2  /usr/bin
                   #3  /usr/sbin
                   #4  /usr/local/bin
09:41:32 DEBUG Waiting up to 600 secs for process sudo&lt;tedge_pres&gt; (pid 18769)
09:41:33 INFO  Executed sudo&lt;tedge_pres&gt;, exit status 0
09:41:33 DEBUG Process parameters for sudo&lt;tedge_temp&gt;
  command line : /usr/bin/sudo /usr/bin/tedge mqtt pub collectd/host/temperature/temp 1649670093.1039948:25.5
    arg #1     : /usr/bin/tedge
    arg #2     : mqtt
    arg #3     : pub
    arg #4     : collectd/host/temperature/temp
    arg #5     : 1649670093.1039948:25.5
  working dir  : /home/pi/actions-runner/_work/thin-edge.io/thin-edge.io/tests/PySys/monitoring/monitoring_smaller_interval/Output/linux
  stdout       : /home/pi/actions-runner/_work/thin-edge.io/thin-edge.io/tests/PySys/monitoring/monitoring_smaller_interval/Output/linux/tedge_temp.out
  stderr       : /home/pi/actions-runner/_work/thin-edge.io/thin-edge.io/tests/PySys/monitoring/monitoring_smaller_interval/Output/linux/tedge_temp.err
  environment  : LD_LIBRARY_PATH=/usr/lib
  environment  : PATH=/bin:/usr/bin:/usr/sbin:/usr/local/bin
                   #1  /bin
                   #2  /usr/bin
                   #3  /usr/sbin
                   #4  /usr/local/bin
09:41:33 DEBUG Waiting up to 600 secs for process sudo&lt;tedge_temp&gt; (pid 18771)
09:41:33 INFO  Executed sudo&lt;tedge_temp&gt;, exit status 0
09:41:33 DEBUG Process parameters for sudo&lt;tedge_pres&gt;
  command line : /usr/bin/sudo /usr/bin/tedge mqtt pub collectd/host/pressure/pres 1649670093.6214037:500.5
    arg #1     : /usr/bin/tedge
    arg #2     : mqtt
    arg #3     : pub
    arg #4     : collectd/host/pressure/pres
    arg #5     : 1649670093.6214037:500.5
  working dir  : /home/pi/actions-runner/_work/thin-edge.io/thin-edge.io/tests/PySys/monitoring/monitoring_smaller_interval/Output/linux
  stdout       : /home/pi/actions-runner/_work/thin-edge.io/thin-edge.io/tests/PySys/monitoring/monitoring_smaller_interval/Output/linux/tedge_pres.out
  stderr       : /home/pi/actions-runner/_work/thin-edge.io/thin-edge.io/tests/PySys/monitoring/monitoring_smaller_interval/Output/linux/tedge_pres.err
  environment  : LD_LIBRARY_PATH=/usr/lib
  environment  : PATH=/bin:/usr/bin:/usr/sbin:/usr/local/bin
                   #1  /bin
                   #2  /usr/bin
                   #3  /usr/sbin
                   #4  /usr/local/bin
09:41:33 DEBUG Waiting up to 600 secs for process sudo&lt;tedge_pres&gt; (pid 18773)
09:41:34 INFO  Executed sudo&lt;tedge_pres&gt;, exit status 0
09:41:34 DEBUG Process parameters for sudo&lt;tedge_temp&gt;
  command line : /usr/bin/sudo /usr/bin/tedge mqtt pub collectd/host/temperature/temp 1649670094.2383559:25.5
    arg #1     : /usr/bin/tedge
    arg #2     : mqtt
    arg #3     : pub
    arg #4     : collectd/host/temperature/temp
    arg #5     : 1649670094.2383559:25.5
  working dir  : /home/pi/actions-runner/_work/thin-edge.io/thin-edge.io/tests/PySys/monitoring/monitoring_smaller_interval/Output/linux
  stdout       : /home/pi/actions-runner/_work/thin-edge.io/thin-edge.io/tests/PySys/monitoring/monitoring_smaller_interval/Output/linux/tedge_temp.out
  stderr       : /home/pi/actions-runner/_work/thin-edge.io/thin-edge.io/tests/PySys/monitoring/monitoring_smaller_interval/Output/linux/tedge_temp.err
  environment  : LD_LIBRARY_PATH=/usr/lib
  environment  : PATH=/bin:/usr/bin:/usr/sbin:/usr/local/bin
                   #1  /bin
                   #2  /usr/bin
                   #3  /usr/sbin
                   #4  /usr/local/bin
09:41:34 DEBUG Waiting up to 600 secs for process sudo&lt;tedge_temp&gt; (pid 18775)
09:41:34 INFO  Executed sudo&lt;tedge_temp&gt;, exit status 0
09:41:34 DEBUG Process parameters for sudo&lt;tedge_pres&gt;
  command line : /usr/bin/sudo /usr/bin/tedge mqtt pub collectd/host/pressure/pres 1649670094.7553139:500.5
    arg #1     : /usr/bin/tedge
    arg #2     : mqtt
    arg #3     : pub
    arg #4     : collectd/host/pressure/pres
    arg #5     : 1649670094.7553139:500.5
  working dir  : /home/pi/actions-runner/_work/thin-edge.io/thin-edge.io/tests/PySys/monitoring/monitoring_smaller_interval/Output/linux
  stdout       : /home/pi/actions-runner/_work/thin-edge.io/thin-edge.io/tests/PySys/monitoring/monitoring_smaller_interval/Output/linux/tedge_pres.out
  stderr       : /home/pi/actions-runner/_work/thin-edge.io/thin-edge.io/tests/PySys/monitoring/monitoring_smaller_interval/Output/linux/tedge_pres.err
  environment  : LD_LIBRARY_PATH=/usr/lib
  environment  : PATH=/bin:/usr/bin:/usr/sbin:/usr/local/bin
                   #1  /bin
                   #2  /usr/bin
                   #3  /usr/sbin
                   #4  /usr/local/bin
09:41:34 DEBUG Waiting up to 600 secs for process sudo&lt;tedge_pres&gt; (pid 18777)
09:41:35 INFO  Executed sudo&lt;tedge_pres&gt;, exit status 0
09:41:35 DEBUG Process parameters for sudo&lt;tedge_temp&gt;
  command line : /usr/bin/sudo /usr/bin/tedge mqtt pub collectd/host/temperature/temp 1649670095.372174:25.5
    arg #1     : /usr/bin/tedge
    arg #2     : mqtt
    arg #3     : pub
    arg #4     : collectd/host/temperature/temp
    arg #5     : 1649670095.372174:25.5
  working dir  : /home/pi/actions-runner/_work/thin-edge.io/thin-edge.io/tests/PySys/monitoring/monitoring_smaller_interval/Output/linux
  stdout       : /home/pi/actions-runner/_work/thin-edge.io/thin-edge.io/tests/PySys/monitoring/monitoring_smaller_interval/Output/linux/tedge_temp.out
  stderr       : /home/pi/actions-runner/_work/thin-edge.io/thin-edge.io/tests/PySys/monitoring/monitoring_smaller_interval/Output/linux/tedge_temp.err
  environment  : LD_LIBRARY_PATH=/usr/lib
  environment  : PATH=/bin:/usr/bin:/usr/sbin:/usr/local/bin
                   #1  /bin
                   #2  /usr/bin
                   #3  /usr/sbin
                   #4  /usr/local/bin
09:41:35 DEBUG Waiting up to 600 secs for process sudo&lt;tedge_temp&gt; (pid 18779)
09:41:35 INFO  Executed sudo&lt;tedge_temp&gt;, exit status 0
09:41:35 DEBUG Process parameters for sudo&lt;tedge_pres&gt;
  command line : /usr/bin/sudo /usr/bin/tedge mqtt pub collectd/host/pressure/pres 1649670095.8890436:500.5
    arg #1     : /usr/bin/tedge
    arg #2     : mqtt
    arg #3     : pub
    arg #4     : collectd/host/pressure/pres
    arg #5     : 1649670095.8890436:500.5
  working dir  : /home/pi/actions-runner/_work/thin-edge.io/thin-edge.io/tests/PySys/monitoring/monitoring_smaller_interval/Output/linux
  stdout       : /home/pi/actions-runner/_work/thin-edge.io/thin-edge.io/tests/PySys/monitoring/monitoring_smaller_interval/Output/linux/tedge_pres.out
  stderr       : /home/pi/actions-runner/_work/thin-edge.io/thin-edge.io/tests/PySys/monitoring/monitoring_smaller_interval/Output/linux/tedge_pres.err
  environment  : LD_LIBRARY_PATH=/usr/lib
  environment  : PATH=/bin:/usr/bin:/usr/sbin:/usr/local/bin
                   #1  /bin
                   #2  /usr/bin
                   #3  /usr/sbin
                   #4  /usr/local/bin
09:41:35 DEBUG Waiting up to 600 secs for process sudo&lt;tedge_pres&gt; (pid 18781)
09:41:36 INFO  Executed sudo&lt;tedge_pres&gt;, exit status 0
09:41:36 DEBUG Process parameters for sudo&lt;tedge_temp&gt;
  command line : /usr/bin/sudo /usr/bin/tedge mqtt pub collectd/host/temperature/temp 1649670096.5560627:25.5
    arg #1     : /usr/bin/tedge
    arg #2     : mqtt
    arg #3     : pub
    arg #4     : collectd/host/temperature/temp
    arg #5     : 1649670096.5560627:25.5
  working dir  : /home/pi/actions-runner/_work/thin-edge.io/thin-edge.io/tests/PySys/monitoring/monitoring_smaller_interval/Output/linux
  stdout       : /home/pi/actions-runner/_work/thin-edge.io/thin-edge.io/tests/PySys/monitoring/monitoring_smaller_interval/Output/linux/tedge_temp.out
  stderr       : /home/pi/actions-runner/_work/thin-edge.io/thin-edge.io/tests/PySys/monitoring/monitoring_smaller_interval/Output/linux/tedge_temp.err
  environment  : LD_LIBRARY_PATH=/usr/lib
  environment  : PATH=/bin:/usr/bin:/usr/sbin:/usr/local/bin
                   #1  /bin
                   #2  /usr/bin
                   #3  /usr/sbin
                   #4  /usr/local/bin
09:41:36 DEBUG Waiting up to 600 secs for process sudo&lt;tedge_temp&gt; (pid 18783)
09:41:37 INFO  Executed sudo&lt;tedge_temp&gt;, exit status 0
09:41:37 DEBUG Process parameters for sudo&lt;tedge_pres&gt;
  command line : /usr/bin/sudo /usr/bin/tedge mqtt pub collectd/host/pressure/pres 1649670097.0728705:500.5
    arg #1     : /usr/bin/tedge
    arg #2     : mqtt
    arg #3     : pub
    arg #4     : collectd/host/pressure/pres
    arg #5     : 1649670097.0728705:500.5
  working dir  : /home/pi/actions-runner/_work/thin-edge.io/thin-edge.io/tests/PySys/monitoring/monitoring_smaller_interval/Output/linux
  stdout       : /home/pi/actions-runner/_work/thin-edge.io/thin-edge.io/tests/PySys/monitoring/monitoring_smaller_interval/Output/linux/tedge_pres.out
  stderr       : /home/pi/actions-runner/_work/thin-edge.io/thin-edge.io/tests/PySys/monitoring/monitoring_smaller_interval/Output/linux/tedge_pres.err
  environment  : LD_LIBRARY_PATH=/usr/lib
  environment  : PATH=/bin:/usr/bin:/usr/sbin:/usr/local/bin
                   #1  /bin
                   #2  /usr/bin
                   #3  /usr/sbin
                   #4  /usr/local/bin
09:41:37 DEBUG Waiting up to 600 secs for process sudo&lt;tedge_pres&gt; (pid 18785)
09:41:37 INFO  Executed sudo&lt;tedge_pres&gt;, exit status 0
09:41:37 DEBUG Process parameters for sudo&lt;tedge_temp&gt;
  command line : /usr/bin/sudo /usr/bin/tedge mqtt pub collectd/host/temperature/temp 1649670097.6893165:25.5
    arg #1     : /usr/bin/tedge
    arg #2     : mqtt
    arg #3     : pub
    arg #4     : collectd/host/temperature/temp
    arg #5     : 1649670097.6893165:25.5
  working dir  : /home/pi/actions-runner/_work/thin-edge.io/thin-edge.io/tests/PySys/monitoring/monitoring_smaller_interval/Output/linux
  stdout       : /home/pi/actions-runner/_work/thin-edge.io/thin-edge.io/tests/PySys/monitoring/monitoring_smaller_interval/Output/linux/tedge_temp.out
  stderr       : /home/pi/actions-runner/_work/thin-edge.io/thin-edge.io/tests/PySys/monitoring/monitoring_smaller_interval/Output/linux/tedge_temp.err
  environment  : LD_LIBRARY_PATH=/usr/lib
  environment  : PATH=/bin:/usr/bin:/usr/sbin:/usr/local/bin
                   #1  /bin
                   #2  /usr/bin
                   #3  /usr/sbin
                   #4  /usr/local/bin
09:41:37 DEBUG Waiting up to 600 secs for process sudo&lt;tedge_temp&gt; (pid 18787)
09:41:38 INFO  Executed sudo&lt;tedge_temp&gt;, exit status 0
09:41:38 DEBUG Process parameters for sudo&lt;tedge_pres&gt;
  command line : /usr/bin/sudo /usr/bin/tedge mqtt pub collectd/host/pressure/pres 1649670098.2061627:500.5
    arg #1     : /usr/bin/tedge
    arg #2     : mqtt
    arg #3     : pub
    arg #4     : collectd/host/pressure/pres
    arg #5     : 1649670098.2061627:500.5
  working dir  : /home/pi/actions-runner/_work/thin-edge.io/thin-edge.io/tests/PySys/monitoring/monitoring_smaller_interval/Output/linux
  stdout       : /home/pi/actions-runner/_work/thin-edge.io/thin-edge.io/tests/PySys/monitoring/monitoring_smaller_interval/Output/linux/tedge_pres.out
  stderr       : /home/pi/actions-runner/_work/thin-edge.io/thin-edge.io/tests/PySys/monitoring/monitoring_smaller_interval/Output/linux/tedge_pres.err
  environment  : LD_LIBRARY_PATH=/usr/lib
  environment  : PATH=/bin:/usr/bin:/usr/sbin:/usr/local/bin
                   #1  /bin
                   #2  /usr/bin
                   #3  /usr/sbin
                   #4  /usr/local/bin
09:41:38 DEBUG Waiting up to 600 secs for process sudo&lt;tedge_pres&gt; (pid 18789)
09:41:38 INFO  Executed sudo&lt;tedge_pres&gt;, exit status 0
09:41:38 DEBUG Process parameters for sudo&lt;tedge_temp&gt;
  command line : /usr/bin/sudo /usr/bin/tedge mqtt pub collectd/host/temperature/temp 1649670098.8229158:25.5
    arg #1     : /usr/bin/tedge
    arg #2     : mqtt
    arg #3     : pub
    arg #4     : collectd/host/temperature/temp
    arg #5     : 1649670098.8229158:25.5
  working dir  : /home/pi/actions-runner/_work/thin-edge.io/thin-edge.io/tests/PySys/monitoring/monitoring_smaller_interval/Output/linux
  stdout       : /home/pi/actions-runner/_work/thin-edge.io/thin-edge.io/tests/PySys/monitoring/monitoring_smaller_interval/Output/linux/tedge_temp.out
  stderr       : /home/pi/actions-runner/_work/thin-edge.io/thin-edge.io/tests/PySys/monitoring/monitoring_smaller_interval/Output/linux/tedge_temp.err
  environment  : LD_LIBRARY_PATH=/usr/lib
  environment  : PATH=/bin:/usr/bin:/usr/sbin:/usr/local/bin
                   #1  /bin
                   #2  /usr/bin
                   #3  /usr/sbin
                   #4  /usr/local/bin
09:41:38 DEBUG Waiting up to 600 secs for process sudo&lt;tedge_temp&gt; (pid 18791)
09:41:39 INFO  Executed sudo&lt;tedge_temp&gt;, exit status 0
09:41:39 DEBUG Process parameters for sudo&lt;tedge_pres&gt;
  command line : /usr/bin/sudo /usr/bin/tedge mqtt pub collectd/host/pressure/pres 1649670099.3397045:500.5
    arg #1     : /usr/bin/tedge
    arg #2     : mqtt
    arg #3     : pub
    arg #4     : collectd/host/pressure/pres
    arg #5     : 1649670099.3397045:500.5
  working dir  : /home/pi/actions-runner/_work/thin-edge.io/thin-edge.io/tests/PySys/monitoring/monitoring_smaller_interval/Output/linux
  stdout       : /home/pi/actions-runner/_work/thin-edge.io/thin-edge.io/tests/PySys/monitoring/monitoring_smaller_interval/Output/linux/tedge_pres.out
  stderr       : /home/pi/actions-runner/_work/thin-edge.io/thin-edge.io/tests/PySys/monitoring/monitoring_smaller_interval/Output/linux/tedge_pres.err
  environment  : LD_LIBRARY_PATH=/usr/lib
  environment  : PATH=/bin:/usr/bin:/usr/sbin:/usr/local/bin
                   #1  /bin
                   #2  /usr/bin
                   #3  /usr/sbin
                   #4  /usr/local/bin
09:41:39 DEBUG Waiting up to 600 secs for process sudo&lt;tedge_pres&gt; (pid 18793)
09:41:39 INFO  Executed sudo&lt;tedge_pres&gt;, exit status 0
09:41:40 DEBUG Process parameters for sudo&lt;kill_out&gt;
  command line : /usr/bin/sudo killall tedge
    arg #1     : killall
    arg #2     : tedge
  working dir  : /home/pi/actions-runner/_work/thin-edge.io/thin-edge.io/tests/PySys/monitoring/monitoring_smaller_interval/Output/linux
  stdout       : /home/pi/actions-runner/_work/thin-edge.io/thin-edge.io/tests/PySys/monitoring/monitoring_smaller_interval/Output/linux/kill_out.out
  stderr       : /home/pi/actions-runner/_work/thin-edge.io/thin-edge.io/tests/PySys/monitoring/monitoring_smaller_interval/Output/linux/kill_out.err
  environment  : LD_LIBRARY_PATH=/usr/lib
  environment  : PATH=/bin:/usr/bin:/usr/sbin:/usr/local/bin
                   #1  /bin
                   #2  /usr/bin
                   #3  /usr/sbin
                   #4  /usr/local/bin
09:41:40 DEBUG Waiting up to 600 secs for process sudo&lt;kill_out&gt; (pid 18795)
09:41:41 INFO  Executed sudo&lt;kill_out&gt;, exit status 0
09:41:41 DEBUG --- test validate
09:41:41 INFO  0

09:41:41 WARN  TypeError occurred while running test - 'int' object is not subscriptable
Traceback (most recent call last):
  File &quot;/home/pi/env-pysys/lib/python3.7/site-packages/pysys/baserunner.py&quot;, line 1296, in __call__
    self.testObj.validate()
  File &quot;/home/pi/actions-runner/_work/thin-edge.io/thin-edge.io/tests/PySys/monitoring/monitoring_smaller_interval/run.py&quot;, line 104, in validate
    collectd_msg_validation_result=self.validate_json(),
  File &quot;/home/pi/actions-runner/_work/thin-edge.io/thin-edge.io/tests/PySys/monitoring/monitoring_smaller_interval/run.py&quot;, line 114, in validate_json
    if not self.validate_time():
  File &quot;/home/pi/actions-runner/_work/thin-edge.io/thin-edge.io/tests/PySys/monitoring/monitoring_smaller_interval/run.py&quot;, line 134, in validate_time
    if self.js_msg[&quot;time&quot;]:
TypeError: 'int' object is not subscriptable
09:41:42 WARN  TypeError: 'int' object is not subscriptable ... blocked 
09:41:42 DEBUG --- test cleanup
09:41:42 INFO  
09:41:42 INFO  cleanup:
09:41:42 DEBUG Running registered cleanup function: &lt;bound method MonitoringSmallInterval.monitoring_cleanup of &lt;MonitoringSmallInterval object at 0x75d6fab0&gt;&gt;
09:41:42 INFO  monitoring_cleanup
09:41:42 DEBUG Process parameters for sudo&lt;collectd_mapper&gt;
  command line : /usr/bin/sudo systemctl stop tedge-mapper-collectd
    arg #1     : systemctl
    arg #2     : stop
    arg #3     : tedge-mapper-collectd
  working dir  : /home/pi/actions-runner/_work/thin-edge.io/thin-edge.io/tests/PySys/monitoring/monitoring_smaller_interval/Output/linux
  stdout       : /home/pi/actions-runner/_work/thin-edge.io/thin-edge.io/tests/PySys/monitoring/monitoring_smaller_interval/Output/linux/collectd_mapper.out
  stderr       : /home/pi/actions-runner/_work/thin-edge.io/thin-edge.io/tests/PySys/monitoring/monitoring_smaller_interval/Output/linux/collectd_mapper.err
  environment  : LD_LIBRARY_PATH=/usr/lib
  environment  : PATH=/bin:/usr/bin:/usr/sbin:/usr/local/bin
                   #1  /bin
                   #2  /usr/bin
                   #3  /usr/sbin
                   #4  /usr/local/bin
09:41:42 DEBUG Waiting up to 600 secs for process sudo&lt;collectd_mapper&gt; (pid 18797)
09:41:42 INFO  Executed sudo&lt;collectd_mapper&gt;, exit status 0
09:41:42 DEBUG ProcessUser cleanup function done.
09:41:42 INFO  
09:41:42 INFO  Test duration: 15.37 secs
09:41:42 INFO  Test final outcome:  BLOCKED
09:41:42 INFO  Test outcome reason: TypeError: 'int' object is not subscriptable
09:41:42 INFO  
</system-out>
	</testcase>
</testsuite>
