<?xml version="1.0" encoding="utf-8"?>
<testsuite failures="0" name="docker_plugin_remove_with_version" skipped="1" tests="1" time="0.02" timestamp="2022-04-11T09:41:53">
	<testcase classname="DockerPluginRemoveWithVersionTest" name="docker_plugin_remove_with_version">
		<skipped message="SKIPPED: Testing the docker plugin is not supported on this platform.To run it, all the test with -XmyPlatform='container'"/>
		<system-out>09:41:52 DEBUG deletedir failed to update permissions and delete /home/pi/actions-runner/_work/thin-edge.io/thin-edge.io/tests/PySys/plugin_docker/docker_plugin_remove_with_version/Output/linux on this attempt: [Errno 2] No such file or directory: '/home/pi/actions-runner/_work/thin-edge.io/thin-edge.io/tests/PySys/plugin_docker/docker_plugin_remove_with_version/Output/linux'
09:41:52 INFO  ==============================================================
09:41:52 INFO  Id:    docker_plugin_remove_with_version
09:41:52 INFO  Dir:   plugin_docker/
09:41:52 INFO  Title: Validate docker plugin remove with version
09:41:52 DEBUG Execution order hint: 0.0
09:41:52 INFO  ==============================================================
09:41:52 INFO  Testing the docker plugin is not supported on this platform.To run it, all the test with -XmyPlatform='container' ... skipped
09:41:52 WARN  Aborted test due to SKIPPED outcome
09:41:53 DEBUG --- test cleanup
09:41:53 DEBUG ProcessUser cleanup function done.
09:41:53 INFO  
09:41:53 INFO  Test duration: 0.02 secs
09:41:53 INFO  Test final outcome:  SKIPPED
09:41:53 INFO  Test outcome reason: Testing the docker plugin is not supported on this platform.To run it, all the test with -XmyPlatform='container'
09:41:53 INFO  
</system-out>
	</testcase>
</testsuite>
