<?xml version="1.0" encoding="utf-8"?>
<testsuite failures="0" name="docker_plugin_update" skipped="1" tests="1" time="0.02" timestamp="2022-04-13T07:45:36">
	<testcase classname="DockerPluginUpdateTest" name="docker_plugin_update">
		<skipped message="SKIPPED: Testing the docker plugin is not supported on this platform.To run it, all the test with -XmyPlatform='container'"/>
		<system-out>07:45:35 INFO  ==============================================================
07:45:35 INFO  Id:    docker_plugin_update
07:45:35 INFO  Dir:   plugin_docker/
07:45:35 INFO  Title: Validate docker plugin install updates existing containers
07:45:35 INFO  ==============================================================
07:45:35 INFO  Testing the docker plugin is not supported on this platform.To run it, all the test with -XmyPlatform='container' ... skipped
07:45:35 WARN  Aborted test due to SKIPPED outcome
07:45:36 INFO  
07:45:36 INFO  Test duration: 0.02 secs
07:45:36 INFO  Test final outcome:  SKIPPED
07:45:36 INFO  Test outcome reason: Testing the docker plugin is not supported on this platform.To run it, all the test with -XmyPlatform='container'
07:45:36 INFO  
</system-out>
	</testcase>
</testsuite>
