<?xml version="1.0" encoding="utf-8"?>
<testsuite failures="0" name="SoftwareManagement.sm_apt_install_remove" skipped="1" tests="1" time="0.02" timestamp="2022-04-07T16:26:45">
	<testcase classname="PySysTest" name="SoftwareManagement.sm_apt_install_remove">
		<skipped message="SKIPPED: Testing the apt plugin is not supported on this platform.Use parameter -XmyPlatform='container' to enable it"/>
		<system-out>16:26:45 DEBUG deletedir failed to update permissions and delete /home/pi/actions-runner/_work/thin-edge.io/thin-edge.io/tests/PySys/software_management_end_to_end/sm_apt_install_remove/Output/linux on this attempt: [Errno 2] No such file or directory: '/home/pi/actions-runner/_work/thin-edge.io/thin-edge.io/tests/PySys/software_management_end_to_end/sm_apt_install_remove/Output/linux'
16:26:45 INFO  ==============================================================
16:26:45 INFO  Id:    SoftwareManagement.sm_apt_install_remove
16:26:45 INFO  Dir:   software_management_end_to_end/
16:26:45 INFO  Title: Validate end to end behaviour for the apt plugin for installation and removal of packages
16:26:45 DEBUG Execution order hint: 0.0
16:26:45 INFO  ==============================================================
16:26:45 INFO  Testing the apt plugin is not supported on this platform.Use parameter -XmyPlatform='container' to enable it ... skipped
16:26:45 WARN  Aborted test due to SKIPPED outcome
16:26:45 DEBUG --- test cleanup
16:26:45 DEBUG ProcessUser cleanup function done.
16:26:45 INFO  
16:26:45 INFO  Test duration: 0.02 secs
16:26:45 INFO  Test final outcome:  SKIPPED
16:26:45 INFO  Test outcome reason: Testing the apt plugin is not supported on this platform.Use parameter -XmyPlatform='container' to enable it
16:26:45 INFO  
</system-out>
	</testcase>
</testsuite>
