<?xml version="1.0" encoding="utf-8"?>
<testsuite failures="0" name="monitoring_with_simulated_messages" skipped="1" tests="1" time="0.04" timestamp="2022-04-15T08:57:05">
	<testcase classname="MonitoringWithSimulatedMessages" name="monitoring_with_simulated_messages">
		<skipped message="SKIPPED: Fails due to retained message"/>
		<system-out>08:57:05 INFO  ==============================================================
08:57:05 INFO  Id:    monitoring_with_simulated_messages
08:57:05 INFO  Dir:   monitoring/
08:57:05 INFO  Title: Validate the tedge dm agent messages that are produced from the simulated collectd messages
08:57:05 INFO  ==============================================================
08:57:05 INFO  Fails due to retained message ... skipped
08:57:05 INFO  
08:57:05 INFO  Test duration: 0.04 secs
08:57:05 INFO  Test final outcome:  SKIPPED
08:57:05 INFO  Test outcome reason: Fails due to retained message
08:57:05 INFO  
</system-out>
	</testcase>
</testsuite>
