<?xml version="1.0" encoding="utf-8"?>
<testsuite failures="1" name="c8y_jwt_token_retrieval" skipped="0" tests="1" time="23.36" timestamp="2022-04-07T16:12:11">
	<testcase classname="ValidateJWTTokenRetrieval" name="c8y_jwt_token_retrieval">
		<failure message="FAILED: Grep on resp_jwt.out contains &quot;\[c8y/s/dat\] 71,&quot;" type="FAILED"/>
		<system-out>16:11:48 DEBUG deletedir failed to update permissions and delete /home/pi/actions-runner/_work/thin-edge.io/thin-edge.io/tests/PySys/cloud_c8y/c8y_jwt_token_retrieval/Output/linux on this attempt: [Errno 2] No such file or directory: '/home/pi/actions-runner/_work/thin-edge.io/thin-edge.io/tests/PySys/cloud_c8y/c8y_jwt_token_retrieval/Output/linux'
16:11:48 INFO  ==============================================================
16:11:48 INFO  Id:    c8y_jwt_token_retrieval
16:11:48 INFO  Dir:   cloud_c8y/
16:11:48 INFO  Title: Validate the Cumulocity JWT Token Retrieval feature
16:11:48 DEBUG Execution order hint: 0.0
16:11:48 INFO  ==============================================================
16:11:48 DEBUG Process parameters for sudo&lt;tedge_disconnect_c8y&gt;
  command line : /usr/bin/sudo /usr/bin/tedge disconnect c8y
    arg #1     : /usr/bin/tedge
    arg #2     : disconnect
    arg #3     : c8y
  working dir  : /home/pi/actions-runner/_work/thin-edge.io/thin-edge.io/tests/PySys/cloud_c8y/c8y_jwt_token_retrieval/Output/linux
  stdout       : /home/pi/actions-runner/_work/thin-edge.io/thin-edge.io/tests/PySys/cloud_c8y/c8y_jwt_token_retrieval/Output/linux/tedge_disconnect_c8y.out
  stderr       : /home/pi/actions-runner/_work/thin-edge.io/thin-edge.io/tests/PySys/cloud_c8y/c8y_jwt_token_retrieval/Output/linux/tedge_disconnect_c8y.err
  environment  : LD_LIBRARY_PATH=/usr/lib
  environment  : PATH=/bin:/usr/bin:/usr/sbin:/usr/local/bin
                   #1  /bin
                   #2  /usr/bin
                   #3  /usr/sbin
                   #4  /usr/local/bin
16:11:48 DEBUG Waiting up to 600 secs for process sudo&lt;tedge_disconnect_c8y&gt; (pid 29350)
16:11:49 INFO  Executed sudo&lt;tedge_disconnect_c8y&gt;, exit status 0
16:11:49 DEBUG --- test execute
16:11:49 DEBUG Process parameters for sudo&lt;tedge_connect_c8y&gt;
  command line : /usr/bin/sudo /usr/bin/tedge connect c8y
    arg #1     : /usr/bin/tedge
    arg #2     : connect
    arg #3     : c8y
  working dir  : /home/pi/actions-runner/_work/thin-edge.io/thin-edge.io/tests/PySys/cloud_c8y/c8y_jwt_token_retrieval/Output/linux
  stdout       : /home/pi/actions-runner/_work/thin-edge.io/thin-edge.io/tests/PySys/cloud_c8y/c8y_jwt_token_retrieval/Output/linux/tedge_connect_c8y.out
  stderr       : /home/pi/actions-runner/_work/thin-edge.io/thin-edge.io/tests/PySys/cloud_c8y/c8y_jwt_token_retrieval/Output/linux/tedge_connect_c8y.err
  environment  : LD_LIBRARY_PATH=/usr/lib
  environment  : PATH=/bin:/usr/bin:/usr/sbin:/usr/local/bin
                   #1  /bin
                   #2  /usr/bin
                   #3  /usr/sbin
                   #4  /usr/local/bin
16:11:49 DEBUG Waiting up to 600 secs for process sudo&lt;tedge_connect_c8y&gt; (pid 29355)
16:12:03 INFO  Executed sudo&lt;tedge_connect_c8y&gt;, exit status 0, duration 14 secs
16:12:03 DEBUG Process parameters for sudo&lt;resp_jwt&gt;
  command line : /usr/bin/sudo /usr/bin/tedge mqtt sub c8y/s/dat
    arg #1     : /usr/bin/tedge
    arg #2     : mqtt
    arg #3     : sub
    arg #4     : c8y/s/dat
  working dir  : /home/pi/actions-runner/_work/thin-edge.io/thin-edge.io/tests/PySys/cloud_c8y/c8y_jwt_token_retrieval/Output/linux
  stdout       : /home/pi/actions-runner/_work/thin-edge.io/thin-edge.io/tests/PySys/cloud_c8y/c8y_jwt_token_retrieval/Output/linux/resp_jwt.out
  stderr       : /home/pi/actions-runner/_work/thin-edge.io/thin-edge.io/tests/PySys/cloud_c8y/c8y_jwt_token_retrieval/Output/linux/resp_jwt.err
  environment  : LD_LIBRARY_PATH=/usr/lib
  environment  : PATH=/bin:/usr/bin:/usr/sbin:/usr/local/bin
                   #1  /bin
                   #2  /usr/bin
                   #3  /usr/sbin
                   #4  /usr/local/bin
16:12:03 INFO  Started sudo&lt;resp_jwt&gt; with process id 29462
16:12:03 DEBUG Process parameters for sudo&lt;req_jwt&gt;
  command line : /usr/bin/sudo /usr/bin/tedge mqtt pub c8y/s/uat ''&quot;'&quot;''&quot;'&quot;''
    arg #1     : /usr/bin/tedge
    arg #2     : mqtt
    arg #3     : pub
    arg #4     : c8y/s/uat
    arg #5     : ''
  working dir  : /home/pi/actions-runner/_work/thin-edge.io/thin-edge.io/tests/PySys/cloud_c8y/c8y_jwt_token_retrieval/Output/linux
  stdout       : /home/pi/actions-runner/_work/thin-edge.io/thin-edge.io/tests/PySys/cloud_c8y/c8y_jwt_token_retrieval/Output/linux/req_jwt.out
  stderr       : /home/pi/actions-runner/_work/thin-edge.io/thin-edge.io/tests/PySys/cloud_c8y/c8y_jwt_token_retrieval/Output/linux/req_jwt.err
  environment  : LD_LIBRARY_PATH=/usr/lib
  environment  : PATH=/bin:/usr/bin:/usr/sbin:/usr/local/bin
                   #1  /bin
                   #2  /usr/bin
                   #3  /usr/sbin
                   #4  /usr/local/bin
16:12:03 DEBUG Waiting up to 600 secs for process sudo&lt;req_jwt&gt; (pid 29463)
16:12:05 INFO  Executed sudo&lt;req_jwt&gt;, exit status 0
16:12:06 DEBUG Process parameters for sudo&lt;kill_out&gt;
  command line : /usr/bin/sudo killall tedge
    arg #1     : killall
    arg #2     : tedge
  working dir  : /home/pi/actions-runner/_work/thin-edge.io/thin-edge.io/tests/PySys/cloud_c8y/c8y_jwt_token_retrieval/Output/linux
  stdout       : /home/pi/actions-runner/_work/thin-edge.io/thin-edge.io/tests/PySys/cloud_c8y/c8y_jwt_token_retrieval/Output/linux/kill_out.out
  stderr       : /home/pi/actions-runner/_work/thin-edge.io/thin-edge.io/tests/PySys/cloud_c8y/c8y_jwt_token_retrieval/Output/linux/kill_out.err
  environment  : LD_LIBRARY_PATH=/usr/lib
  environment  : PATH=/bin:/usr/bin:/usr/sbin:/usr/local/bin
                   #1  /bin
                   #2  /usr/bin
                   #3  /usr/sbin
                   #4  /usr/local/bin
16:12:06 DEBUG Waiting up to 600 secs for process sudo&lt;kill_out&gt; (pid 29471)
16:12:07 INFO  Executed sudo&lt;kill_out&gt;, exit status 0
16:12:07 DEBUG --- test validate
16:12:07 DEBUG Performing regex contains=True grep on file: /home/pi/actions-runner/_work/thin-edge.io/thin-edge.io/tests/PySys/cloud_c8y/c8y_jwt_token_retrieval/Output/linux/resp_jwt.out
16:12:07 WARN  Grep on resp_jwt.out contains &quot;\[c8y/s/dat\] 71,&quot; ... failed [run.py:60]
16:12:07 DEBUG --- test cleanup
16:12:07 INFO  
16:12:07 INFO  cleanup:
16:12:07 DEBUG Running registered cleanup function: &lt;bound method ValidateJWTTokenRetrieval.jwt_token_cleanup of &lt;ValidateJWTTokenRetrieval object at 0x7609fb10&gt;&gt;
16:12:07 DEBUG Process parameters for sudo&lt;tedge_disconnect_c8y&gt;
  command line : /usr/bin/sudo /usr/bin/tedge disconnect c8y
    arg #1     : /usr/bin/tedge
    arg #2     : disconnect
    arg #3     : c8y
  working dir  : /home/pi/actions-runner/_work/thin-edge.io/thin-edge.io/tests/PySys/cloud_c8y/c8y_jwt_token_retrieval/Output/linux
  stdout       : /home/pi/actions-runner/_work/thin-edge.io/thin-edge.io/tests/PySys/cloud_c8y/c8y_jwt_token_retrieval/Output/linux/tedge_disconnect_c8y.out
  stderr       : /home/pi/actions-runner/_work/thin-edge.io/thin-edge.io/tests/PySys/cloud_c8y/c8y_jwt_token_retrieval/Output/linux/tedge_disconnect_c8y.err
  environment  : LD_LIBRARY_PATH=/usr/lib
  environment  : PATH=/bin:/usr/bin:/usr/sbin:/usr/local/bin
                   #1  /bin
                   #2  /usr/bin
                   #3  /usr/sbin
                   #4  /usr/local/bin
16:12:07 DEBUG Waiting up to 600 secs for process sudo&lt;tedge_disconnect_c8y&gt; (pid 29477)
16:12:11 INFO  Executed sudo&lt;tedge_disconnect_c8y&gt;, exit status 0
16:12:11 DEBUG ProcessUser cleanup function done.
16:12:11 INFO  
16:12:11 INFO  Test duration: 23.36 secs
16:12:11 INFO  Test final outcome:  FAILED
16:12:11 INFO  Test outcome reason: Grep on resp_jwt.out contains &quot;\[c8y/s/dat\] 71,&quot;
16:12:11 INFO  
</system-out>
	</testcase>
</testsuite>
