<?xml version="1.0" encoding="utf-8"?>
<testsuite failures="0" name="apt_install_fail" skipped="1" tests="1" time="0.02" timestamp="2022-04-07T16:15:29">
	<testcase classname="AptPluginInstallFail" name="apt_install_fail">
		<skipped message="SKIPPED: Testing the apt plugin is not supported on this platform.To run the tests call PySys with -XmyPlatform='container'"/>
		<system-out>16:15:29 DEBUG deletedir failed to update permissions and delete /home/pi/actions-runner/_work/thin-edge.io/thin-edge.io/tests/PySys/plugin_apt/apt_install_fail/Output/linux on this attempt: [Errno 2] No such file or directory: '/home/pi/actions-runner/_work/thin-edge.io/thin-edge.io/tests/PySys/plugin_apt/apt_install_fail/Output/linux'
16:15:29 INFO  ==============================================================
16:15:29 INFO  Id:    apt_install_fail
16:15:29 INFO  Dir:   plugin_apt/
16:15:29 INFO  Title: Validate apt plugin prepare - failing
16:15:29 DEBUG Execution order hint: 0.0
16:15:29 INFO  ==============================================================
16:15:29 INFO  Testing the apt plugin is not supported on this platform.To run the tests call PySys with -XmyPlatform='container' ... skipped
16:15:29 WARN  Aborted test due to SKIPPED outcome
16:15:29 DEBUG --- test cleanup
16:15:29 DEBUG ProcessUser cleanup function done.
16:15:29 INFO  
16:15:29 INFO  Test duration: 0.02 secs
16:15:29 INFO  Test final outcome:  SKIPPED
16:15:29 INFO  Test outcome reason: Testing the apt plugin is not supported on this platform.To run the tests call PySys with -XmyPlatform='container'
16:15:29 INFO  
</system-out>
	</testcase>
</testsuite>
