<?xml version="1.0" encoding="utf-8"?>
<testsuite failures="1" name="agent_init_session" skipped="0" tests="1" time="6.65" timestamp="2022-04-15T09:07:56">
	<testcase classname="AgentInitSession" name="agent_init_session">
		<failure message="FAILED: Grep on sub_resp.out contains &quot;Ld3KgqpcLDlrYH6sfpG7w&quot;" type="FAILED"/>
		<system-out>09:07:49 INFO  ==============================================================
09:07:49 INFO  Id:    agent_init_session
09:07:49 INFO  Dir:   tedge_agent/
09:07:49 INFO  Title: Validate tedge agent init session feature
09:07:49 INFO  ==============================================================
09:07:50 INFO  Executed sudo&lt;remove_lock&gt;, exit status 0
09:07:50 INFO  Executed sudo&lt;agent_clear&gt;, exit status 0
09:07:51 INFO  Executed sudo&lt;agent_init&gt;, exit status 0
09:07:51 INFO  Executed sudo&lt;pub_req&gt;, exit status 0
09:07:51 INFO  Started sudo&lt;sub_resp&gt; with process id 23918
09:07:52 INFO  Executed sudo&lt;agent_start&gt;, exit status 0
09:07:52 INFO  Waiting for 2.0 seconds
09:07:55 INFO  Executed sudo&lt;agent_stop&gt;, exit status 0
09:07:55 INFO  Executed sudo&lt;sub_stop&gt;, exit status 0
09:07:56 WARN  Grep on sub_resp.out contains &quot;Ld3KgqpcLDlrYH6sfpG7w&quot; ... failed [run.py:87]
09:07:56 INFO  
09:07:56 INFO  Test duration: 6.65 secs
09:07:56 INFO  Test final outcome:  FAILED
09:07:56 INFO  Test outcome reason: Grep on sub_resp.out contains &quot;Ld3KgqpcLDlrYH6sfpG7w&quot;
09:07:56 INFO  
</system-out>
	</testcase>
</testsuite>
