<?xml version="1.0" encoding="utf-8"?>
<testsuite failures="0" name="publish_flux" skipped="0" tests="1" time="73.42" timestamp="2022-04-13T07:46:49">
	<testcase classname="PublishFlux" name="publish_flux"/>
</testsuite>
