<?xml version="1.0" encoding="utf-8"?>
<testsuite failures="0" name="publish_flux" skipped="0" tests="1" time="73.47" timestamp="2022-04-15T08:58:24">
	<testcase classname="PublishFlux" name="publish_flux"/>
</testsuite>
