<?xml version="1.0" encoding="utf-8"?>
<testsuite failures="0" name="tedge_agent_user_sudo_access" skipped="1" tests="1" time="0.04" timestamp="2022-04-11T09:53:36">
	<testcase classname="TedgeAgentUserSudoAccess" name="tedge_agent_user_sudo_access">
		<skipped message="SKIPPED: #955 Observation: Exit code of the apt plugin when called with no arguments"/>
		<system-out>09:53:36 DEBUG deletedir failed to update permissions and delete /home/pi/actions-runner/_work/thin-edge.io/thin-edge.io/tests/PySys/tedge/tedge_agent_user_sudo_access/Output/linux on this attempt: [Errno 2] No such file or directory: '/home/pi/actions-runner/_work/thin-edge.io/thin-edge.io/tests/PySys/tedge/tedge_agent_user_sudo_access/Output/linux'
09:53:36 INFO  ==============================================================
09:53:36 INFO  Id:    tedge_agent_user_sudo_access
09:53:36 INFO  Dir:   tedge/
09:53:36 INFO  Title: Validate tedge-agent user has a limited sudo right
09:53:36 DEBUG Execution order hint: 0.0
09:53:36 INFO  ==============================================================
09:53:36 INFO  #955 Observation: Exit code of the apt plugin when called with no arguments ... skipped
09:53:36 DEBUG --- test cleanup
09:53:36 DEBUG ProcessUser cleanup function done.
09:53:36 INFO  
09:53:36 INFO  Test duration: 0.04 secs
09:53:36 INFO  Test final outcome:  SKIPPED
09:53:36 INFO  Test outcome reason: #955 Observation: Exit code of the apt plugin when called with no arguments
09:53:36 INFO  
</system-out>
	</testcase>
</testsuite>
