<?xml version="1.0" encoding="utf-8"?>
<testsuite failures="0" name="valid_device_id" skipped="0" tests="1" time="52.14" timestamp="2022-04-13T07:45:30">
	<testcase classname="ValidateValidDeviceId" name="valid_device_id"/>
</testsuite>
