<?xml version="1.0" encoding="utf-8"?>
<testsuite failures="1" name="monitoring_smaller_interval" skipped="0" tests="1" time="15.05" timestamp="2022-04-08T09:43:42">
	<testcase classname="MonitoringSmallInterval" name="monitoring_smaller_interval">
		<failure message="BLOCKED: TypeError: 'int' object is not subscriptable" type="BLOCKED"/>
		<system-out>09:43:27 DEBUG deletedir failed to update permissions and delete /home/pi/actions-runner/_work/thin-edge.io/thin-edge.io/tests/PySys/monitoring/monitoring_smaller_interval/Output/linux on this attempt: [Errno 2] No such file or directory: '/home/pi/actions-runner/_work/thin-edge.io/thin-edge.io/tests/PySys/monitoring/monitoring_smaller_interval/Output/linux'
09:43:27 INFO  ==============================================================
09:43:27 INFO  Id:    monitoring_smaller_interval
09:43:27 INFO  Dir:   monitoring/
09:43:27 INFO  Title: Validate the tedge dm agent messages that are produced with smaller sampling interval than the batching window. Here the simulated collectd messages are used
09:43:27 DEBUG Execution order hint: 0.0
09:43:27 INFO  ==============================================================
09:43:27 DEBUG Process parameters for sudo&lt;collectd&gt;
  command line : /usr/bin/sudo systemctl stop collectd
    arg #1     : systemctl
    arg #2     : stop
    arg #3     : collectd
  working dir  : /home/pi/actions-runner/_work/thin-edge.io/thin-edge.io/tests/PySys/monitoring/monitoring_smaller_interval/Output/linux
  stdout       : /home/pi/actions-runner/_work/thin-edge.io/thin-edge.io/tests/PySys/monitoring/monitoring_smaller_interval/Output/linux/collectd.out
  stderr       : /home/pi/actions-runner/_work/thin-edge.io/thin-edge.io/tests/PySys/monitoring/monitoring_smaller_interval/Output/linux/collectd.err
  environment  : LD_LIBRARY_PATH=/usr/lib
  environment  : PATH=/bin:/usr/bin:/usr/sbin:/usr/local/bin
                   #1  /bin
                   #2  /usr/bin
                   #3  /usr/sbin
                   #4  /usr/local/bin
09:43:27 DEBUG Waiting up to 600 secs for process sudo&lt;collectd&gt; (pid 14232)
09:43:28 INFO  Executed sudo&lt;collectd&gt;, exit status 0
09:43:28 DEBUG Process parameters for sudo&lt;collectd_mapper&gt;
  command line : /usr/bin/sudo systemctl start tedge-mapper-collectd
    arg #1     : systemctl
    arg #2     : start
    arg #3     : tedge-mapper-collectd
  working dir  : /home/pi/actions-runner/_work/thin-edge.io/thin-edge.io/tests/PySys/monitoring/monitoring_smaller_interval/Output/linux
  stdout       : /home/pi/actions-runner/_work/thin-edge.io/thin-edge.io/tests/PySys/monitoring/monitoring_smaller_interval/Output/linux/collectd_mapper.out
  stderr       : /home/pi/actions-runner/_work/thin-edge.io/thin-edge.io/tests/PySys/monitoring/monitoring_smaller_interval/Output/linux/collectd_mapper.err
  environment  : LD_LIBRARY_PATH=/usr/lib
  environment  : PATH=/bin:/usr/bin:/usr/sbin:/usr/local/bin
                   #1  /bin
                   #2  /usr/bin
                   #3  /usr/sbin
                   #4  /usr/local/bin
09:43:28 DEBUG Waiting up to 600 secs for process sudo&lt;collectd_mapper&gt; (pid 14234)
09:43:29 INFO  Executed sudo&lt;collectd_mapper&gt;, exit status 0
09:43:29 DEBUG --- test execute
09:43:29 DEBUG Process parameters for sudo&lt;tedge_sub&gt;
  command line : /usr/bin/sudo /usr/bin/tedge mqtt sub --no-topic 'tedge/#'
    arg #1     : /usr/bin/tedge
    arg #2     : mqtt
    arg #3     : sub
    arg #4     : --no-topic
    arg #5     : tedge/#
  working dir  : /home/pi/actions-runner/_work/thin-edge.io/thin-edge.io/tests/PySys/monitoring/monitoring_smaller_interval/Output/linux
  stdout       : /home/pi/actions-runner/_work/thin-edge.io/thin-edge.io/tests/PySys/monitoring/monitoring_smaller_interval/Output/linux/tedge_sub.out
  stderr       : /home/pi/actions-runner/_work/thin-edge.io/thin-edge.io/tests/PySys/monitoring/monitoring_smaller_interval/Output/linux/tedge_sub.err
  environment  : LD_LIBRARY_PATH=/usr/lib
  environment  : PATH=/bin:/usr/bin:/usr/sbin:/usr/local/bin
                   #1  /bin
                   #2  /usr/bin
                   #3  /usr/sbin
                   #4  /usr/local/bin
09:43:29 INFO  Started sudo&lt;tedge_sub&gt; with process id 14241
09:43:29 DEBUG Process parameters for sudo&lt;tedge_temp&gt;
  command line : /usr/bin/sudo /usr/bin/tedge mqtt pub collectd/host/temperature/temp 1649411009.1383896:25.5
    arg #1     : /usr/bin/tedge
    arg #2     : mqtt
    arg #3     : pub
    arg #4     : collectd/host/temperature/temp
    arg #5     : 1649411009.1383896:25.5
  working dir  : /home/pi/actions-runner/_work/thin-edge.io/thin-edge.io/tests/PySys/monitoring/monitoring_smaller_interval/Output/linux
  stdout       : /home/pi/actions-runner/_work/thin-edge.io/thin-edge.io/tests/PySys/monitoring/monitoring_smaller_interval/Output/linux/tedge_temp.out
  stderr       : /home/pi/actions-runner/_work/thin-edge.io/thin-edge.io/tests/PySys/monitoring/monitoring_smaller_interval/Output/linux/tedge_temp.err
  environment  : LD_LIBRARY_PATH=/usr/lib
  environment  : PATH=/bin:/usr/bin:/usr/sbin:/usr/local/bin
                   #1  /bin
                   #2  /usr/bin
                   #3  /usr/sbin
                   #4  /usr/local/bin
09:43:29 DEBUG Waiting up to 600 secs for process sudo&lt;tedge_temp&gt; (pid 14242)
09:43:29 INFO  Executed sudo&lt;tedge_temp&gt;, exit status 0
09:43:29 DEBUG Process parameters for sudo&lt;tedge_pres&gt;
  command line : /usr/bin/sudo /usr/bin/tedge mqtt pub collectd/host/pressure/pres 1649411009.657626:500.5
    arg #1     : /usr/bin/tedge
    arg #2     : mqtt
    arg #3     : pub
    arg #4     : collectd/host/pressure/pres
    arg #5     : 1649411009.657626:500.5
  working dir  : /home/pi/actions-runner/_work/thin-edge.io/thin-edge.io/tests/PySys/monitoring/monitoring_smaller_interval/Output/linux
  stdout       : /home/pi/actions-runner/_work/thin-edge.io/thin-edge.io/tests/PySys/monitoring/monitoring_smaller_interval/Output/linux/tedge_pres.out
  stderr       : /home/pi/actions-runner/_work/thin-edge.io/thin-edge.io/tests/PySys/monitoring/monitoring_smaller_interval/Output/linux/tedge_pres.err
  environment  : LD_LIBRARY_PATH=/usr/lib
  environment  : PATH=/bin:/usr/bin:/usr/sbin:/usr/local/bin
                   #1  /bin
                   #2  /usr/bin
                   #3  /usr/sbin
                   #4  /usr/local/bin
09:43:29 DEBUG Waiting up to 600 secs for process sudo&lt;tedge_pres&gt; (pid 14245)
09:43:30 INFO  Executed sudo&lt;tedge_pres&gt;, exit status 0
09:43:30 DEBUG Process parameters for sudo&lt;tedge_temp&gt;
  command line : /usr/bin/sudo /usr/bin/tedge mqtt pub collectd/host/temperature/temp 1649411010.274805:25.5
    arg #1     : /usr/bin/tedge
    arg #2     : mqtt
    arg #3     : pub
    arg #4     : collectd/host/temperature/temp
    arg #5     : 1649411010.274805:25.5
  working dir  : /home/pi/actions-runner/_work/thin-edge.io/thin-edge.io/tests/PySys/monitoring/monitoring_smaller_interval/Output/linux
  stdout       : /home/pi/actions-runner/_work/thin-edge.io/thin-edge.io/tests/PySys/monitoring/monitoring_smaller_interval/Output/linux/tedge_temp.out
  stderr       : /home/pi/actions-runner/_work/thin-edge.io/thin-edge.io/tests/PySys/monitoring/monitoring_smaller_interval/Output/linux/tedge_temp.err
  environment  : LD_LIBRARY_PATH=/usr/lib
  environment  : PATH=/bin:/usr/bin:/usr/sbin:/usr/local/bin
                   #1  /bin
                   #2  /usr/bin
                   #3  /usr/sbin
                   #4  /usr/local/bin
09:43:30 DEBUG Waiting up to 600 secs for process sudo&lt;tedge_temp&gt; (pid 14247)
09:43:30 INFO  Executed sudo&lt;tedge_temp&gt;, exit status 0
09:43:30 DEBUG Process parameters for sudo&lt;tedge_pres&gt;
  command line : /usr/bin/sudo /usr/bin/tedge mqtt pub collectd/host/pressure/pres 1649411010.792636:500.5
    arg #1     : /usr/bin/tedge
    arg #2     : mqtt
    arg #3     : pub
    arg #4     : collectd/host/pressure/pres
    arg #5     : 1649411010.792636:500.5
  working dir  : /home/pi/actions-runner/_work/thin-edge.io/thin-edge.io/tests/PySys/monitoring/monitoring_smaller_interval/Output/linux
  stdout       : /home/pi/actions-runner/_work/thin-edge.io/thin-edge.io/tests/PySys/monitoring/monitoring_smaller_interval/Output/linux/tedge_pres.out
  stderr       : /home/pi/actions-runner/_work/thin-edge.io/thin-edge.io/tests/PySys/monitoring/monitoring_smaller_interval/Output/linux/tedge_pres.err
  environment  : LD_LIBRARY_PATH=/usr/lib
  environment  : PATH=/bin:/usr/bin:/usr/sbin:/usr/local/bin
                   #1  /bin
                   #2  /usr/bin
                   #3  /usr/sbin
                   #4  /usr/local/bin
09:43:30 DEBUG Waiting up to 600 secs for process sudo&lt;tedge_pres&gt; (pid 14249)
09:43:31 INFO  Executed sudo&lt;tedge_pres&gt;, exit status 0
09:43:31 DEBUG Process parameters for sudo&lt;tedge_temp&gt;
  command line : /usr/bin/sudo /usr/bin/tedge mqtt pub collectd/host/temperature/temp 1649411011.4597368:25.5
    arg #1     : /usr/bin/tedge
    arg #2     : mqtt
    arg #3     : pub
    arg #4     : collectd/host/temperature/temp
    arg #5     : 1649411011.4597368:25.5
  working dir  : /home/pi/actions-runner/_work/thin-edge.io/thin-edge.io/tests/PySys/monitoring/monitoring_smaller_interval/Output/linux
  stdout       : /home/pi/actions-runner/_work/thin-edge.io/thin-edge.io/tests/PySys/monitoring/monitoring_smaller_interval/Output/linux/tedge_temp.out
  stderr       : /home/pi/actions-runner/_work/thin-edge.io/thin-edge.io/tests/PySys/monitoring/monitoring_smaller_interval/Output/linux/tedge_temp.err
  environment  : LD_LIBRARY_PATH=/usr/lib
  environment  : PATH=/bin:/usr/bin:/usr/sbin:/usr/local/bin
                   #1  /bin
                   #2  /usr/bin
                   #3  /usr/sbin
                   #4  /usr/local/bin
09:43:31 DEBUG Waiting up to 600 secs for process sudo&lt;tedge_temp&gt; (pid 14251)
09:43:31 INFO  Executed sudo&lt;tedge_temp&gt;, exit status 0
09:43:31 DEBUG Process parameters for sudo&lt;tedge_pres&gt;
  command line : /usr/bin/sudo /usr/bin/tedge mqtt pub collectd/host/pressure/pres 1649411011.9770312:500.5
    arg #1     : /usr/bin/tedge
    arg #2     : mqtt
    arg #3     : pub
    arg #4     : collectd/host/pressure/pres
    arg #5     : 1649411011.9770312:500.5
  working dir  : /home/pi/actions-runner/_work/thin-edge.io/thin-edge.io/tests/PySys/monitoring/monitoring_smaller_interval/Output/linux
  stdout       : /home/pi/actions-runner/_work/thin-edge.io/thin-edge.io/tests/PySys/monitoring/monitoring_smaller_interval/Output/linux/tedge_pres.out
  stderr       : /home/pi/actions-runner/_work/thin-edge.io/thin-edge.io/tests/PySys/monitoring/monitoring_smaller_interval/Output/linux/tedge_pres.err
  environment  : LD_LIBRARY_PATH=/usr/lib
  environment  : PATH=/bin:/usr/bin:/usr/sbin:/usr/local/bin
                   #1  /bin
                   #2  /usr/bin
                   #3  /usr/sbin
                   #4  /usr/local/bin
09:43:31 DEBUG Waiting up to 600 secs for process sudo&lt;tedge_pres&gt; (pid 14253)
09:43:32 INFO  Executed sudo&lt;tedge_pres&gt;, exit status 0
09:43:32 DEBUG Process parameters for sudo&lt;tedge_temp&gt;
  command line : /usr/bin/sudo /usr/bin/tedge mqtt pub collectd/host/temperature/temp 1649411012.5939662:25.5
    arg #1     : /usr/bin/tedge
    arg #2     : mqtt
    arg #3     : pub
    arg #4     : collectd/host/temperature/temp
    arg #5     : 1649411012.5939662:25.5
  working dir  : /home/pi/actions-runner/_work/thin-edge.io/thin-edge.io/tests/PySys/monitoring/monitoring_smaller_interval/Output/linux
  stdout       : /home/pi/actions-runner/_work/thin-edge.io/thin-edge.io/tests/PySys/monitoring/monitoring_smaller_interval/Output/linux/tedge_temp.out
  stderr       : /home/pi/actions-runner/_work/thin-edge.io/thin-edge.io/tests/PySys/monitoring/monitoring_smaller_interval/Output/linux/tedge_temp.err
  environment  : LD_LIBRARY_PATH=/usr/lib
  environment  : PATH=/bin:/usr/bin:/usr/sbin:/usr/local/bin
                   #1  /bin
                   #2  /usr/bin
                   #3  /usr/sbin
                   #4  /usr/local/bin
09:43:32 DEBUG Waiting up to 600 secs for process sudo&lt;tedge_temp&gt; (pid 14255)
09:43:33 INFO  Executed sudo&lt;tedge_temp&gt;, exit status 0
09:43:33 DEBUG Process parameters for sudo&lt;tedge_pres&gt;
  command line : /usr/bin/sudo /usr/bin/tedge mqtt pub collectd/host/pressure/pres 1649411013.111264:500.5
    arg #1     : /usr/bin/tedge
    arg #2     : mqtt
    arg #3     : pub
    arg #4     : collectd/host/pressure/pres
    arg #5     : 1649411013.111264:500.5
  working dir  : /home/pi/actions-runner/_work/thin-edge.io/thin-edge.io/tests/PySys/monitoring/monitoring_smaller_interval/Output/linux
  stdout       : /home/pi/actions-runner/_work/thin-edge.io/thin-edge.io/tests/PySys/monitoring/monitoring_smaller_interval/Output/linux/tedge_pres.out
  stderr       : /home/pi/actions-runner/_work/thin-edge.io/thin-edge.io/tests/PySys/monitoring/monitoring_smaller_interval/Output/linux/tedge_pres.err
  environment  : LD_LIBRARY_PATH=/usr/lib
  environment  : PATH=/bin:/usr/bin:/usr/sbin:/usr/local/bin
                   #1  /bin
                   #2  /usr/bin
                   #3  /usr/sbin
                   #4  /usr/local/bin
09:43:33 DEBUG Waiting up to 600 secs for process sudo&lt;tedge_pres&gt; (pid 14257)
09:43:33 INFO  Executed sudo&lt;tedge_pres&gt;, exit status 0
09:43:33 DEBUG Process parameters for sudo&lt;tedge_temp&gt;
  command line : /usr/bin/sudo /usr/bin/tedge mqtt pub collectd/host/temperature/temp 1649411013.7295487:25.5
    arg #1     : /usr/bin/tedge
    arg #2     : mqtt
    arg #3     : pub
    arg #4     : collectd/host/temperature/temp
    arg #5     : 1649411013.7295487:25.5
  working dir  : /home/pi/actions-runner/_work/thin-edge.io/thin-edge.io/tests/PySys/monitoring/monitoring_smaller_interval/Output/linux
  stdout       : /home/pi/actions-runner/_work/thin-edge.io/thin-edge.io/tests/PySys/monitoring/monitoring_smaller_interval/Output/linux/tedge_temp.out
  stderr       : /home/pi/actions-runner/_work/thin-edge.io/thin-edge.io/tests/PySys/monitoring/monitoring_smaller_interval/Output/linux/tedge_temp.err
  environment  : LD_LIBRARY_PATH=/usr/lib
  environment  : PATH=/bin:/usr/bin:/usr/sbin:/usr/local/bin
                   #1  /bin
                   #2  /usr/bin
                   #3  /usr/sbin
                   #4  /usr/local/bin
09:43:33 DEBUG Waiting up to 600 secs for process sudo&lt;tedge_temp&gt; (pid 14259)
09:43:34 INFO  Executed sudo&lt;tedge_temp&gt;, exit status 0
09:43:34 DEBUG Process parameters for sudo&lt;tedge_pres&gt;
  command line : /usr/bin/sudo /usr/bin/tedge mqtt pub collectd/host/pressure/pres 1649411014.2467341:500.5
    arg #1     : /usr/bin/tedge
    arg #2     : mqtt
    arg #3     : pub
    arg #4     : collectd/host/pressure/pres
    arg #5     : 1649411014.2467341:500.5
  working dir  : /home/pi/actions-runner/_work/thin-edge.io/thin-edge.io/tests/PySys/monitoring/monitoring_smaller_interval/Output/linux
  stdout       : /home/pi/actions-runner/_work/thin-edge.io/thin-edge.io/tests/PySys/monitoring/monitoring_smaller_interval/Output/linux/tedge_pres.out
  stderr       : /home/pi/actions-runner/_work/thin-edge.io/thin-edge.io/tests/PySys/monitoring/monitoring_smaller_interval/Output/linux/tedge_pres.err
  environment  : LD_LIBRARY_PATH=/usr/lib
  environment  : PATH=/bin:/usr/bin:/usr/sbin:/usr/local/bin
                   #1  /bin
                   #2  /usr/bin
                   #3  /usr/sbin
                   #4  /usr/local/bin
09:43:34 DEBUG Waiting up to 600 secs for process sudo&lt;tedge_pres&gt; (pid 14261)
09:43:34 INFO  Executed sudo&lt;tedge_pres&gt;, exit status 0
09:43:34 DEBUG Process parameters for sudo&lt;tedge_temp&gt;
  command line : /usr/bin/sudo /usr/bin/tedge mqtt pub collectd/host/temperature/temp 1649411014.8636262:25.5
    arg #1     : /usr/bin/tedge
    arg #2     : mqtt
    arg #3     : pub
    arg #4     : collectd/host/temperature/temp
    arg #5     : 1649411014.8636262:25.5
  working dir  : /home/pi/actions-runner/_work/thin-edge.io/thin-edge.io/tests/PySys/monitoring/monitoring_smaller_interval/Output/linux
  stdout       : /home/pi/actions-runner/_work/thin-edge.io/thin-edge.io/tests/PySys/monitoring/monitoring_smaller_interval/Output/linux/tedge_temp.out
  stderr       : /home/pi/actions-runner/_work/thin-edge.io/thin-edge.io/tests/PySys/monitoring/monitoring_smaller_interval/Output/linux/tedge_temp.err
  environment  : LD_LIBRARY_PATH=/usr/lib
  environment  : PATH=/bin:/usr/bin:/usr/sbin:/usr/local/bin
                   #1  /bin
                   #2  /usr/bin
                   #3  /usr/sbin
                   #4  /usr/local/bin
09:43:34 DEBUG Waiting up to 600 secs for process sudo&lt;tedge_temp&gt; (pid 14263)
09:43:35 INFO  Executed sudo&lt;tedge_temp&gt;, exit status 0
09:43:35 DEBUG Process parameters for sudo&lt;tedge_pres&gt;
  command line : /usr/bin/sudo /usr/bin/tedge mqtt pub collectd/host/pressure/pres 1649411015.431381:500.5
    arg #1     : /usr/bin/tedge
    arg #2     : mqtt
    arg #3     : pub
    arg #4     : collectd/host/pressure/pres
    arg #5     : 1649411015.431381:500.5
  working dir  : /home/pi/actions-runner/_work/thin-edge.io/thin-edge.io/tests/PySys/monitoring/monitoring_smaller_interval/Output/linux
  stdout       : /home/pi/actions-runner/_work/thin-edge.io/thin-edge.io/tests/PySys/monitoring/monitoring_smaller_interval/Output/linux/tedge_pres.out
  stderr       : /home/pi/actions-runner/_work/thin-edge.io/thin-edge.io/tests/PySys/monitoring/monitoring_smaller_interval/Output/linux/tedge_pres.err
  environment  : LD_LIBRARY_PATH=/usr/lib
  environment  : PATH=/bin:/usr/bin:/usr/sbin:/usr/local/bin
                   #1  /bin
                   #2  /usr/bin
                   #3  /usr/sbin
                   #4  /usr/local/bin
09:43:35 DEBUG Waiting up to 600 secs for process sudo&lt;tedge_pres&gt; (pid 14265)
09:43:35 INFO  Executed sudo&lt;tedge_pres&gt;, exit status 0
09:43:36 DEBUG Process parameters for sudo&lt;tedge_temp&gt;
  command line : /usr/bin/sudo /usr/bin/tedge mqtt pub collectd/host/temperature/temp 1649411016.0506232:25.5
    arg #1     : /usr/bin/tedge
    arg #2     : mqtt
    arg #3     : pub
    arg #4     : collectd/host/temperature/temp
    arg #5     : 1649411016.0506232:25.5
  working dir  : /home/pi/actions-runner/_work/thin-edge.io/thin-edge.io/tests/PySys/monitoring/monitoring_smaller_interval/Output/linux
  stdout       : /home/pi/actions-runner/_work/thin-edge.io/thin-edge.io/tests/PySys/monitoring/monitoring_smaller_interval/Output/linux/tedge_temp.out
  stderr       : /home/pi/actions-runner/_work/thin-edge.io/thin-edge.io/tests/PySys/monitoring/monitoring_smaller_interval/Output/linux/tedge_temp.err
  environment  : LD_LIBRARY_PATH=/usr/lib
  environment  : PATH=/bin:/usr/bin:/usr/sbin:/usr/local/bin
                   #1  /bin
                   #2  /usr/bin
                   #3  /usr/sbin
                   #4  /usr/local/bin
09:43:36 DEBUG Waiting up to 600 secs for process sudo&lt;tedge_temp&gt; (pid 14267)
09:43:36 INFO  Executed sudo&lt;tedge_temp&gt;, exit status 0
09:43:36 DEBUG Process parameters for sudo&lt;tedge_pres&gt;
  command line : /usr/bin/sudo /usr/bin/tedge mqtt pub collectd/host/pressure/pres 1649411016.5677505:500.5
    arg #1     : /usr/bin/tedge
    arg #2     : mqtt
    arg #3     : pub
    arg #4     : collectd/host/pressure/pres
    arg #5     : 1649411016.5677505:500.5
  working dir  : /home/pi/actions-runner/_work/thin-edge.io/thin-edge.io/tests/PySys/monitoring/monitoring_smaller_interval/Output/linux
  stdout       : /home/pi/actions-runner/_work/thin-edge.io/thin-edge.io/tests/PySys/monitoring/monitoring_smaller_interval/Output/linux/tedge_pres.out
  stderr       : /home/pi/actions-runner/_work/thin-edge.io/thin-edge.io/tests/PySys/monitoring/monitoring_smaller_interval/Output/linux/tedge_pres.err
  environment  : LD_LIBRARY_PATH=/usr/lib
  environment  : PATH=/bin:/usr/bin:/usr/sbin:/usr/local/bin
                   #1  /bin
                   #2  /usr/bin
                   #3  /usr/sbin
                   #4  /usr/local/bin
09:43:36 DEBUG Waiting up to 600 secs for process sudo&lt;tedge_pres&gt; (pid 14269)
09:43:37 INFO  Executed sudo&lt;tedge_pres&gt;, exit status 0
09:43:37 DEBUG Process parameters for sudo&lt;tedge_temp&gt;
  command line : /usr/bin/sudo /usr/bin/tedge mqtt pub collectd/host/temperature/temp 1649411017.1854734:25.5
    arg #1     : /usr/bin/tedge
    arg #2     : mqtt
    arg #3     : pub
    arg #4     : collectd/host/temperature/temp
    arg #5     : 1649411017.1854734:25.5
  working dir  : /home/pi/actions-runner/_work/thin-edge.io/thin-edge.io/tests/PySys/monitoring/monitoring_smaller_interval/Output/linux
  stdout       : /home/pi/actions-runner/_work/thin-edge.io/thin-edge.io/tests/PySys/monitoring/monitoring_smaller_interval/Output/linux/tedge_temp.out
  stderr       : /home/pi/actions-runner/_work/thin-edge.io/thin-edge.io/tests/PySys/monitoring/monitoring_smaller_interval/Output/linux/tedge_temp.err
  environment  : LD_LIBRARY_PATH=/usr/lib
  environment  : PATH=/bin:/usr/bin:/usr/sbin:/usr/local/bin
                   #1  /bin
                   #2  /usr/bin
                   #3  /usr/sbin
                   #4  /usr/local/bin
09:43:37 DEBUG Waiting up to 600 secs for process sudo&lt;tedge_temp&gt; (pid 14271)
09:43:37 INFO  Executed sudo&lt;tedge_temp&gt;, exit status 0
09:43:37 DEBUG Process parameters for sudo&lt;tedge_pres&gt;
  command line : /usr/bin/sudo /usr/bin/tedge mqtt pub collectd/host/pressure/pres 1649411017.7027678:500.5
    arg #1     : /usr/bin/tedge
    arg #2     : mqtt
    arg #3     : pub
    arg #4     : collectd/host/pressure/pres
    arg #5     : 1649411017.7027678:500.5
  working dir  : /home/pi/actions-runner/_work/thin-edge.io/thin-edge.io/tests/PySys/monitoring/monitoring_smaller_interval/Output/linux
  stdout       : /home/pi/actions-runner/_work/thin-edge.io/thin-edge.io/tests/PySys/monitoring/monitoring_smaller_interval/Output/linux/tedge_pres.out
  stderr       : /home/pi/actions-runner/_work/thin-edge.io/thin-edge.io/tests/PySys/monitoring/monitoring_smaller_interval/Output/linux/tedge_pres.err
  environment  : LD_LIBRARY_PATH=/usr/lib
  environment  : PATH=/bin:/usr/bin:/usr/sbin:/usr/local/bin
                   #1  /bin
                   #2  /usr/bin
                   #3  /usr/sbin
                   #4  /usr/local/bin
09:43:37 DEBUG Waiting up to 600 secs for process sudo&lt;tedge_pres&gt; (pid 14273)
09:43:38 INFO  Executed sudo&lt;tedge_pres&gt;, exit status 0
09:43:38 DEBUG Process parameters for sudo&lt;tedge_temp&gt;
  command line : /usr/bin/sudo /usr/bin/tedge mqtt pub collectd/host/temperature/temp 1649411018.3699622:25.5
    arg #1     : /usr/bin/tedge
    arg #2     : mqtt
    arg #3     : pub
    arg #4     : collectd/host/temperature/temp
    arg #5     : 1649411018.3699622:25.5
  working dir  : /home/pi/actions-runner/_work/thin-edge.io/thin-edge.io/tests/PySys/monitoring/monitoring_smaller_interval/Output/linux
  stdout       : /home/pi/actions-runner/_work/thin-edge.io/thin-edge.io/tests/PySys/monitoring/monitoring_smaller_interval/Output/linux/tedge_temp.out
  stderr       : /home/pi/actions-runner/_work/thin-edge.io/thin-edge.io/tests/PySys/monitoring/monitoring_smaller_interval/Output/linux/tedge_temp.err
  environment  : LD_LIBRARY_PATH=/usr/lib
  environment  : PATH=/bin:/usr/bin:/usr/sbin:/usr/local/bin
                   #1  /bin
                   #2  /usr/bin
                   #3  /usr/sbin
                   #4  /usr/local/bin
09:43:38 DEBUG Waiting up to 600 secs for process sudo&lt;tedge_temp&gt; (pid 14275)
09:43:38 INFO  Executed sudo&lt;tedge_temp&gt;, exit status 0
09:43:38 DEBUG Process parameters for sudo&lt;tedge_pres&gt;
  command line : /usr/bin/sudo /usr/bin/tedge mqtt pub collectd/host/pressure/pres 1649411018.8873005:500.5
    arg #1     : /usr/bin/tedge
    arg #2     : mqtt
    arg #3     : pub
    arg #4     : collectd/host/pressure/pres
    arg #5     : 1649411018.8873005:500.5
  working dir  : /home/pi/actions-runner/_work/thin-edge.io/thin-edge.io/tests/PySys/monitoring/monitoring_smaller_interval/Output/linux
  stdout       : /home/pi/actions-runner/_work/thin-edge.io/thin-edge.io/tests/PySys/monitoring/monitoring_smaller_interval/Output/linux/tedge_pres.out
  stderr       : /home/pi/actions-runner/_work/thin-edge.io/thin-edge.io/tests/PySys/monitoring/monitoring_smaller_interval/Output/linux/tedge_pres.err
  environment  : LD_LIBRARY_PATH=/usr/lib
  environment  : PATH=/bin:/usr/bin:/usr/sbin:/usr/local/bin
                   #1  /bin
                   #2  /usr/bin
                   #3  /usr/sbin
                   #4  /usr/local/bin
09:43:38 DEBUG Waiting up to 600 secs for process sudo&lt;tedge_pres&gt; (pid 14277)
09:43:39 INFO  Executed sudo&lt;tedge_pres&gt;, exit status 0
09:43:39 DEBUG Process parameters for sudo&lt;tedge_temp&gt;
  command line : /usr/bin/sudo /usr/bin/tedge mqtt pub collectd/host/temperature/temp 1649411019.5043418:25.5
    arg #1     : /usr/bin/tedge
    arg #2     : mqtt
    arg #3     : pub
    arg #4     : collectd/host/temperature/temp
    arg #5     : 1649411019.5043418:25.5
  working dir  : /home/pi/actions-runner/_work/thin-edge.io/thin-edge.io/tests/PySys/monitoring/monitoring_smaller_interval/Output/linux
  stdout       : /home/pi/actions-runner/_work/thin-edge.io/thin-edge.io/tests/PySys/monitoring/monitoring_smaller_interval/Output/linux/tedge_temp.out
  stderr       : /home/pi/actions-runner/_work/thin-edge.io/thin-edge.io/tests/PySys/monitoring/monitoring_smaller_interval/Output/linux/tedge_temp.err
  environment  : LD_LIBRARY_PATH=/usr/lib
  environment  : PATH=/bin:/usr/bin:/usr/sbin:/usr/local/bin
                   #1  /bin
                   #2  /usr/bin
                   #3  /usr/sbin
                   #4  /usr/local/bin
09:43:39 DEBUG Waiting up to 600 secs for process sudo&lt;tedge_temp&gt; (pid 14279)
09:43:40 INFO  Executed sudo&lt;tedge_temp&gt;, exit status 0
09:43:40 DEBUG Process parameters for sudo&lt;tedge_pres&gt;
  command line : /usr/bin/sudo /usr/bin/tedge mqtt pub collectd/host/pressure/pres 1649411020.021739:500.5
    arg #1     : /usr/bin/tedge
    arg #2     : mqtt
    arg #3     : pub
    arg #4     : collectd/host/pressure/pres
    arg #5     : 1649411020.021739:500.5
  working dir  : /home/pi/actions-runner/_work/thin-edge.io/thin-edge.io/tests/PySys/monitoring/monitoring_smaller_interval/Output/linux
  stdout       : /home/pi/actions-runner/_work/thin-edge.io/thin-edge.io/tests/PySys/monitoring/monitoring_smaller_interval/Output/linux/tedge_pres.out
  stderr       : /home/pi/actions-runner/_work/thin-edge.io/thin-edge.io/tests/PySys/monitoring/monitoring_smaller_interval/Output/linux/tedge_pres.err
  environment  : LD_LIBRARY_PATH=/usr/lib
  environment  : PATH=/bin:/usr/bin:/usr/sbin:/usr/local/bin
                   #1  /bin
                   #2  /usr/bin
                   #3  /usr/sbin
                   #4  /usr/local/bin
09:43:40 DEBUG Waiting up to 600 secs for process sudo&lt;tedge_pres&gt; (pid 14281)
09:43:40 INFO  Executed sudo&lt;tedge_pres&gt;, exit status 0
09:43:41 DEBUG Process parameters for sudo&lt;kill_out&gt;
  command line : /usr/bin/sudo killall tedge
    arg #1     : killall
    arg #2     : tedge
  working dir  : /home/pi/actions-runner/_work/thin-edge.io/thin-edge.io/tests/PySys/monitoring/monitoring_smaller_interval/Output/linux
  stdout       : /home/pi/actions-runner/_work/thin-edge.io/thin-edge.io/tests/PySys/monitoring/monitoring_smaller_interval/Output/linux/kill_out.out
  stderr       : /home/pi/actions-runner/_work/thin-edge.io/thin-edge.io/tests/PySys/monitoring/monitoring_smaller_interval/Output/linux/kill_out.err
  environment  : LD_LIBRARY_PATH=/usr/lib
  environment  : PATH=/bin:/usr/bin:/usr/sbin:/usr/local/bin
                   #1  /bin
                   #2  /usr/bin
                   #3  /usr/sbin
                   #4  /usr/local/bin
09:43:41 DEBUG Waiting up to 600 secs for process sudo&lt;kill_out&gt; (pid 14283)
09:43:42 INFO  Executed sudo&lt;kill_out&gt;, exit status 0
09:43:42 DEBUG --- test validate
09:43:42 INFO  0

09:43:42 WARN  TypeError occurred while running test - 'int' object is not subscriptable
Traceback (most recent call last):
  File &quot;/home/pi/env-pysys/lib/python3.7/site-packages/pysys/baserunner.py&quot;, line 1296, in __call__
    self.testObj.validate()
  File &quot;/home/pi/actions-runner/_work/thin-edge.io/thin-edge.io/tests/PySys/monitoring/monitoring_smaller_interval/run.py&quot;, line 104, in validate
    collectd_msg_validation_result=self.validate_json(),
  File &quot;/home/pi/actions-runner/_work/thin-edge.io/thin-edge.io/tests/PySys/monitoring/monitoring_smaller_interval/run.py&quot;, line 114, in validate_json
    if not self.validate_time():
  File &quot;/home/pi/actions-runner/_work/thin-edge.io/thin-edge.io/tests/PySys/monitoring/monitoring_smaller_interval/run.py&quot;, line 134, in validate_time
    if self.js_msg[&quot;time&quot;]:
TypeError: 'int' object is not subscriptable
09:43:42 WARN  TypeError: 'int' object is not subscriptable ... blocked 
09:43:42 DEBUG --- test cleanup
09:43:42 INFO  
09:43:42 INFO  cleanup:
09:43:42 DEBUG Running registered cleanup function: &lt;bound method MonitoringSmallInterval.monitoring_cleanup of &lt;MonitoringSmallInterval object at 0x75d94170&gt;&gt;
09:43:42 INFO  monitoring_cleanup
09:43:42 DEBUG Process parameters for sudo&lt;collectd_mapper&gt;
  command line : /usr/bin/sudo systemctl stop tedge-mapper-collectd
    arg #1     : systemctl
    arg #2     : stop
    arg #3     : tedge-mapper-collectd
  working dir  : /home/pi/actions-runner/_work/thin-edge.io/thin-edge.io/tests/PySys/monitoring/monitoring_smaller_interval/Output/linux
  stdout       : /home/pi/actions-runner/_work/thin-edge.io/thin-edge.io/tests/PySys/monitoring/monitoring_smaller_interval/Output/linux/collectd_mapper.out
  stderr       : /home/pi/actions-runner/_work/thin-edge.io/thin-edge.io/tests/PySys/monitoring/monitoring_smaller_interval/Output/linux/collectd_mapper.err
  environment  : LD_LIBRARY_PATH=/usr/lib
  environment  : PATH=/bin:/usr/bin:/usr/sbin:/usr/local/bin
                   #1  /bin
                   #2  /usr/bin
                   #3  /usr/sbin
                   #4  /usr/local/bin
09:43:42 DEBUG Waiting up to 600 secs for process sudo&lt;collectd_mapper&gt; (pid 14285)
09:43:42 INFO  Executed sudo&lt;collectd_mapper&gt;, exit status 0
09:43:42 DEBUG ProcessUser cleanup function done.
09:43:42 INFO  
09:43:42 INFO  Test duration: 15.05 secs
09:43:42 INFO  Test final outcome:  BLOCKED
09:43:42 INFO  Test outcome reason: TypeError: 'int' object is not subscriptable
09:43:42 INFO  
</system-out>
	</testcase>
</testsuite>
