<?xml version="1.0" encoding="utf-8"?>
<testsuite failures="0" name="SoftwareManagement.Plugin.apama_plugin_install" skipped="1" tests="1" time="0.06" timestamp="2022-04-11T09:41:47">
	<testcase classname="ApamaPluginInstallTest" name="SoftwareManagement.Plugin.apama_plugin_install">
		<skipped message="SKIPPED: Apama plugin tests are disabled by default. Execute `pysys run` with `-XmyPlatform=container` to run these tests"/>
		<system-out>09:41:47 DEBUG deletedir failed to update permissions and delete /home/pi/actions-runner/_work/thin-edge.io/thin-edge.io/tests/PySys/plugin_apama/apama_plugin_install/Output/linux on this attempt: [Errno 2] No such file or directory: '/home/pi/actions-runner/_work/thin-edge.io/thin-edge.io/tests/PySys/plugin_apama/apama_plugin_install/Output/linux'
09:41:47 INFO  ==============================================================
09:41:47 INFO  Id:    SoftwareManagement.Plugin.apama_plugin_install
09:41:47 INFO  Dir:   plugin_apama/
09:41:47 INFO  Title: Validate apama plugin install
09:41:47 DEBUG Execution order hint: 0.0
09:41:47 INFO  ==============================================================
09:41:47 INFO  Apama plugin tests are disabled by default. Execute `pysys run` with `-XmyPlatform=container` to run these tests ... skipped
09:41:47 WARN  Aborted test due to SKIPPED outcome
09:41:47 DEBUG --- test cleanup
09:41:47 DEBUG ProcessUser cleanup function done.
09:41:47 INFO  
09:41:47 INFO  Test duration: 0.06 secs
09:41:47 INFO  Test final outcome:  SKIPPED
09:41:47 INFO  Test outcome reason: Apama plugin tests are disabled by default. Execute `pysys run` with `-XmyPlatform=container` to run these tests
09:41:47 INFO  
</system-out>
	</testcase>
</testsuite>
