<?xml version="1.0" encoding="utf-8"?>
<testsuite failures="0" name="SoftwareManagement.sm_mapper_fail_and_reconnect" skipped="1" tests="1" time="0.02" timestamp="2022-04-11T09:53:10">
	<testcase classname="MapperC8yReceiveLastMessageOnRestart" name="SoftwareManagement.sm_mapper_fail_and_reconnect">
		<skipped message="SKIPPED: instable https://github.com/thin-edge/thin-edge.io/issues/752"/>
		<system-out>09:53:09 DEBUG deletedir failed to update permissions and delete /home/pi/actions-runner/_work/thin-edge.io/thin-edge.io/tests/PySys/software_management_end_to_end/sm_mapper_fail_and_reconnect/Output/linux on this attempt: [Errno 2] No such file or directory: '/home/pi/actions-runner/_work/thin-edge.io/thin-edge.io/tests/PySys/software_management_end_to_end/sm_mapper_fail_and_reconnect/Output/linux'
09:53:09 INFO  ==============================================================
09:53:09 INFO  Id:    SoftwareManagement.sm_mapper_fail_and_reconnect
09:53:09 INFO  Dir:   software_management_end_to_end/
09:53:09 INFO  Title: Validate the tedge-mapper-sm-c8y for receiving the last message on restart
09:53:09 DEBUG Execution order hint: 0.0
09:53:09 INFO  ==============================================================
09:53:09 INFO  instable https://github.com/thin-edge/thin-edge.io/issues/752 ... skipped
09:53:09 DEBUG --- test cleanup
09:53:09 DEBUG ProcessUser cleanup function done.
09:53:10 INFO  
09:53:10 INFO  Test duration: 0.02 secs
09:53:10 INFO  Test final outcome:  SKIPPED
09:53:10 INFO  Test outcome reason: instable https://github.com/thin-edge/thin-edge.io/issues/752
09:53:10 INFO  
</system-out>
	</testcase>
</testsuite>
