<?xml version="1.0" encoding="utf-8"?>
<testsuite failures="0" name="c8y_restart_bridge" skipped="0" tests="1" time="22.51" timestamp="2022-04-13T07:56:38">
	<testcase classname="RestartBridge" name="c8y_restart_bridge"/>
</testsuite>
