<?xml version="1.0" encoding="utf-8"?>
<testsuite failures="0" name="smoketest_smartrest" skipped="0" tests="1" time="48.67" timestamp="2022-04-12T08:43:25">
	<testcase classname="SmoketestSmartRest" name="smoketest_smartrest"/>
</testsuite>
