<?xml version="1.0" encoding="utf-8"?>
<testsuite failures="0" name="apt_sequence_remove_with_version" skipped="1" tests="1" time="0.02" timestamp="2022-04-12T16:04:40">
	<testcase classname="AptPluginRemoveWithVersion" name="apt_sequence_remove_with_version">
		<skipped message="SKIPPED: Testing the apt plugin is not supported on this platform.To run the tests call PySys with -XmyPlatform='container'"/>
		<system-out>16:04:40 INFO  ==============================================================
16:04:40 INFO  Id:    apt_sequence_remove_with_version
16:04:40 INFO  Dir:   plugin_apt/
16:04:40 INFO  Title: Validate apt plugin remove with version use case
16:04:40 INFO  ==============================================================
16:04:40 INFO  Testing the apt plugin is not supported on this platform.To run the tests call PySys with -XmyPlatform='container' ... skipped
16:04:40 WARN  Aborted test due to SKIPPED outcome
16:04:40 INFO  
16:04:40 INFO  Test duration: 0.02 secs
16:04:40 INFO  Test final outcome:  SKIPPED
16:04:40 INFO  Test outcome reason: Testing the apt plugin is not supported on this platform.To run the tests call PySys with -XmyPlatform='container'
16:04:40 INFO  
</system-out>
	</testcase>
</testsuite>
