<?xml version="1.0" encoding="utf-8"?>
<testsuite failures="0" name="SoftwareManagement.Plugin.apama_plugin_update" skipped="1" tests="1" time="0.02" timestamp="2022-04-08T09:43:48">
	<testcase classname="ApamaPluginUpdateTest" name="SoftwareManagement.Plugin.apama_plugin_update">
		<skipped message="SKIPPED: Apama plugin tests are disabled by default. Execute `pysys run` with `-XmyPlatform=container` to run these tests"/>
		<system-out>09:43:48 DEBUG deletedir failed to update permissions and delete /home/pi/actions-runner/_work/thin-edge.io/thin-edge.io/tests/PySys/plugin_apama/apama_plugin_update/Output/linux on this attempt: [Errno 2] No such file or directory: '/home/pi/actions-runner/_work/thin-edge.io/thin-edge.io/tests/PySys/plugin_apama/apama_plugin_update/Output/linux'
09:43:48 INFO  ==============================================================
09:43:48 INFO  Id:    SoftwareManagement.Plugin.apama_plugin_update
09:43:48 INFO  Dir:   plugin_apama/
09:43:48 INFO  Title: Validate apama plugin updating one project with another
09:43:48 DEBUG Execution order hint: 0.0
09:43:48 INFO  ==============================================================
09:43:48 INFO  Apama plugin tests are disabled by default. Execute `pysys run` with `-XmyPlatform=container` to run these tests ... skipped
09:43:48 WARN  Aborted test due to SKIPPED outcome
09:43:48 DEBUG --- test cleanup
09:43:48 DEBUG ProcessUser cleanup function done.
09:43:48 INFO  
09:43:48 INFO  Test duration: 0.02 secs
09:43:48 INFO  Test final outcome:  SKIPPED
09:43:48 INFO  Test outcome reason: Apama plugin tests are disabled by default. Execute `pysys run` with `-XmyPlatform=container` to run these tests
09:43:48 INFO  
</system-out>
	</testcase>
</testsuite>
