<?xml version="1.0" encoding="utf-8"?>
<testsuite name="SoftwareManagement.Plugin.apama_plugin_update" tests="1" failures="0" skipped="1" time="0.0" timestamp="2022-05-04T08:18:30">
	<testcase classname="ApamaPluginUpdateTest" name="SoftwareManagement.Plugin.apama_plugin_update">
		<skipped message="SKIPPED: Test execution disabled due to #1052"/>
		<system-out>08:18:30 INFO  ==============================================================
08:18:30 INFO  Id:    SoftwareManagement.Plugin.apama_plugin_update
08:18:30 INFO  Dir:   plugin_apama/
08:18:30 INFO  Title: Validate apama plugin updating one project with another
08:18:30 INFO  ==============================================================
08:18:30 INFO  Test execution disabled due to #1052 ... skipped
08:18:30 INFO  
08:18:30 INFO  Test duration: 0.00 secs
08:18:30 INFO  Test final outcome:  SKIPPED
08:18:30 INFO  Test outcome reason: Test execution disabled due to #1052
08:18:30 INFO  
</system-out>
	</testcase>
</testsuite>
