<?xml version="1.0" encoding="utf-8"?>
<testsuite name="SoftwareManagement.sm_apt_install_remove_with_version" tests="1" failures="1" skipped="0" time="142.04" timestamp="2022-05-23T09:52:33">
	<testcase classname="PySysTest" name="SoftwareManagement.sm_apt_install_remove_with_version">
		<failure message="BLOCKED: SystemError: Timeout while waiting for status FAILED or SUCCESSFUL" type="BLOCKED"/>
		<system-out>09:50:11 INFO  ==============================================================
09:50:11 INFO  Id:    SoftwareManagement.sm_apt_install_remove_with_version
09:50:11 INFO  Dir:   software_management_end_to_end/
09:50:11 INFO  Title: Validate end to end behaviour for the apt plugin for packages with version
09:50:11 INFO  ==============================================================
09:50:11 INFO  Using sw id database: {'asciijump': '5475369', 'robotfindskitten': '5474869', 'squirrel3': '5475279', 'rolldice': '5152439', 'moon-buggy': '5439204', 'apple': '5495053', 'banana': '5494888', 'cherry': '5495382', 'watermelon': '5494510', 'registry': '8018911', 'hello-world': '8021526', 'docker/getting-started': '8021973', 'alpine': '7991792'}
09:50:11 INFO  EnvironmentC8y Setup
09:50:11 INFO  Executed systemctl&lt;serv_mapper1&gt;, exit status 3
09:50:11 INFO  Restarting mosquitto too frequently in the last 10 seconds. It was only up for 1 seconds
09:50:11 INFO  Delaying execution by 10 seconds
09:50:39 INFO  Executed sudo&lt;tedge_connect_c8y&gt;, exit status 0, duration 18 secs
09:50:39 INFO  Executed sudo&lt;tedge_connect_c8y_test&gt;, exit status 0
09:50:40 INFO  Executed systemctl&lt;serv_mosq2&gt;, exit status 0
09:50:40 INFO  Executed systemctl&lt;serv_mapper3&gt;, exit status 0
09:50:42 INFO  State of current operation: EXECUTING
09:50:44 INFO  State of current operation: EXECUTING
09:50:46 INFO  State of current operation: EXECUTING
09:50:48 INFO  State of current operation: EXECUTING
09:50:50 INFO  State of current operation: EXECUTING
09:50:53 INFO  State of current operation: EXECUTING
09:50:55 INFO  State of current operation: EXECUTING
09:50:57 INFO  State of current operation: EXECUTING
09:50:59 INFO  State of current operation: EXECUTING
09:51:01 INFO  State of current operation: EXECUTING
09:51:04 INFO  State of current operation: EXECUTING
09:51:06 INFO  State of current operation: EXECUTING
09:51:08 INFO  State of current operation: EXECUTING
09:51:10 INFO  State of current operation: EXECUTING
09:51:12 INFO  State of current operation: EXECUTING
09:51:14 INFO  State of current operation: EXECUTING
09:51:17 INFO  State of current operation: EXECUTING
09:51:19 INFO  State of current operation: EXECUTING
09:51:21 INFO  State of current operation: EXECUTING
09:51:23 INFO  State of current operation: EXECUTING
09:51:25 INFO  State of current operation: EXECUTING
09:51:27 INFO  State of current operation: EXECUTING
09:51:30 INFO  State of current operation: EXECUTING
09:51:32 INFO  State of current operation: EXECUTING
09:51:34 INFO  State of current operation: EXECUTING
09:51:36 INFO  State of current operation: EXECUTING
09:51:38 INFO  State of current operation: EXECUTING
09:51:40 INFO  State of current operation: EXECUTING
09:51:42 INFO  State of current operation: EXECUTING
09:51:45 INFO  State of current operation: EXECUTING
09:51:47 INFO  State of current operation: EXECUTING
09:51:49 INFO  State of current operation: EXECUTING
09:51:51 INFO  State of current operation: EXECUTING
09:51:53 INFO  State of current operation: EXECUTING
09:51:55 INFO  State of current operation: EXECUTING
09:51:58 INFO  State of current operation: EXECUTING
09:52:00 INFO  State of current operation: EXECUTING
09:52:02 INFO  State of current operation: EXECUTING
09:52:04 INFO  State of current operation: EXECUTING
09:52:06 INFO  State of current operation: EXECUTING
09:52:08 INFO  State of current operation: EXECUTING
09:52:10 INFO  State of current operation: EXECUTING
09:52:13 INFO  State of current operation: EXECUTING
09:52:15 INFO  State of current operation: EXECUTING
09:52:17 INFO  State of current operation: EXECUTING
09:52:19 INFO  State of current operation: EXECUTING
09:52:21 WARN  SystemError occurred while running test - Timeout while waiting for status FAILED or SUCCESSFUL
Traceback (most recent call last):
  File &quot;/home/pi/env-pysys/lib/python3.8/site-packages/pysys/baserunner.py&quot;, line 1292, in __call__
    self.testObj.setup()
  File &quot;/home/pi/actions-runner/_work/thin-edge.io/thin-edge.io/tests/PySys/software_management_end_to_end/sm_apt_install_remove_with_version/run.py&quot;, line 27, in setup
    super().setup()
  File &quot;/home/pi/actions-runner/_work/thin-edge.io/thin-edge.io/tests/PySys/software_management_end_to_end/environment_sm_management.py&quot;, line 151, in setup
    self.wait_until_end()
  File &quot;/home/pi/actions-runner/_work/thin-edge.io/thin-edge.io/tests/PySys/software_management_end_to_end/environment_sm_management.py&quot;, line 332, in wait_until_end
    self.wait_until_status(&quot;FAILED&quot;, &quot;SUCCESSFUL&quot;)
  File &quot;/home/pi/actions-runner/_work/thin-edge.io/thin-edge.io/tests/PySys/software_management_end_to_end/environment_sm_management.py&quot;, line 380, in wait_until_status
    raise SystemError(
SystemError: Timeout while waiting for status FAILED or SUCCESSFUL
09:52:21 WARN  SystemError: Timeout while waiting for status FAILED or SUCCESSFUL ... blocked 
09:52:21 INFO  
09:52:21 INFO  cleanup:
09:52:32 INFO  Executed sudo&lt;tedge_disconnect_c8y&gt;, exit status 0, duration 11 secs
09:52:33 INFO  Executed systemctl&lt;serv_mapper5&gt;, exit status 3
09:52:33 INFO  
09:52:33 INFO  Test duration: 142.04 secs
09:52:33 INFO  Test final outcome:  BLOCKED
09:52:33 INFO  Test outcome reason: SystemError: Timeout while waiting for status FAILED or SUCCESSFUL
09:52:33 INFO  
</system-out>
	</testcase>
</testsuite>
