<?xml version="1.0" encoding="utf-8"?>
<testsuite name="SoftwareManagement.sm_docker_install_remove_multiple" tests="1" failures="1" skipped="0" time="141.64" timestamp="2022-05-23T09:54:54">
	<testcase classname="SMDockerInstallRemove" name="SoftwareManagement.sm_docker_install_remove_multiple">
		<failure message="BLOCKED: SystemError: Timeout while waiting for status FAILED or SUCCESSFUL" type="BLOCKED"/>
		<system-out>09:52:33 INFO  ==============================================================
09:52:33 INFO  Id:    SoftwareManagement.sm_docker_install_remove_multiple
09:52:33 INFO  Dir:   software_management_end_to_end/
09:52:33 INFO  Title: Validate end to end behaviour for the docker plugin for multiple docker images with mixed versions
09:52:33 INFO  ==============================================================
09:52:33 INFO  Using sw id database: {'asciijump': '5475369', 'robotfindskitten': '5474869', 'squirrel3': '5475279', 'rolldice': '5152439', 'moon-buggy': '5439204', 'apple': '5495053', 'banana': '5494888', 'cherry': '5495382', 'watermelon': '5494510', 'registry': '8018911', 'hello-world': '8021526', 'docker/getting-started': '8021973', 'alpine': '7991792'}
09:52:33 INFO  EnvironmentC8y Setup
09:52:33 INFO  Executed systemctl&lt;serv_mapper1&gt;, exit status 3
09:52:33 INFO  Restarting mosquitto too frequently in the last 10 seconds. It was only up for 1 seconds
09:52:33 INFO  Delaying execution by 10 seconds
09:53:01 INFO  Executed sudo&lt;tedge_connect_c8y&gt;, exit status 0, duration 18 secs
09:53:01 INFO  Executed sudo&lt;tedge_connect_c8y_test&gt;, exit status 0
09:53:01 INFO  Executed systemctl&lt;serv_mosq2&gt;, exit status 0
09:53:02 INFO  Executed systemctl&lt;serv_mapper3&gt;, exit status 0
09:53:04 INFO  State of current operation: EXECUTING
09:53:06 INFO  State of current operation: EXECUTING
09:53:08 INFO  State of current operation: EXECUTING
09:53:10 INFO  State of current operation: EXECUTING
09:53:12 INFO  State of current operation: EXECUTING
09:53:14 INFO  State of current operation: EXECUTING
09:53:17 INFO  State of current operation: EXECUTING
09:53:19 INFO  State of current operation: EXECUTING
09:53:21 INFO  State of current operation: EXECUTING
09:53:23 INFO  State of current operation: EXECUTING
09:53:25 INFO  State of current operation: EXECUTING
09:53:27 INFO  State of current operation: EXECUTING
09:53:30 INFO  State of current operation: EXECUTING
09:53:32 INFO  State of current operation: EXECUTING
09:53:34 INFO  State of current operation: EXECUTING
09:53:36 INFO  State of current operation: EXECUTING
09:53:38 INFO  State of current operation: EXECUTING
09:53:40 INFO  State of current operation: EXECUTING
09:53:43 INFO  State of current operation: EXECUTING
09:53:45 INFO  State of current operation: EXECUTING
09:53:47 INFO  State of current operation: EXECUTING
09:53:49 INFO  State of current operation: EXECUTING
09:53:51 INFO  State of current operation: EXECUTING
09:53:53 INFO  State of current operation: EXECUTING
09:53:56 INFO  State of current operation: EXECUTING
09:53:58 INFO  State of current operation: EXECUTING
09:54:00 INFO  State of current operation: EXECUTING
09:54:02 INFO  State of current operation: EXECUTING
09:54:04 INFO  State of current operation: EXECUTING
09:54:06 INFO  State of current operation: EXECUTING
09:54:09 INFO  State of current operation: EXECUTING
09:54:11 INFO  State of current operation: EXECUTING
09:54:13 INFO  State of current operation: EXECUTING
09:54:15 INFO  State of current operation: EXECUTING
09:54:17 INFO  State of current operation: EXECUTING
09:54:19 INFO  State of current operation: EXECUTING
09:54:21 INFO  State of current operation: EXECUTING
09:54:24 INFO  State of current operation: EXECUTING
09:54:26 INFO  State of current operation: EXECUTING
09:54:28 INFO  State of current operation: EXECUTING
09:54:30 INFO  State of current operation: EXECUTING
09:54:32 INFO  State of current operation: EXECUTING
09:54:34 INFO  State of current operation: EXECUTING
09:54:37 INFO  State of current operation: EXECUTING
09:54:39 INFO  State of current operation: EXECUTING
09:54:41 INFO  State of current operation: EXECUTING
09:54:43 WARN  SystemError occurred while running test - Timeout while waiting for status FAILED or SUCCESSFUL
Traceback (most recent call last):
  File &quot;/home/pi/env-pysys/lib/python3.8/site-packages/pysys/baserunner.py&quot;, line 1292, in __call__
    self.testObj.setup()
  File &quot;/home/pi/actions-runner/_work/thin-edge.io/thin-edge.io/tests/PySys/software_management_end_to_end/sm_docker_install_remove_multiple/run.py&quot;, line 29, in setup
    super().setup()
  File &quot;/home/pi/actions-runner/_work/thin-edge.io/thin-edge.io/tests/PySys/software_management_end_to_end/environment_sm_management.py&quot;, line 151, in setup
    self.wait_until_end()
  File &quot;/home/pi/actions-runner/_work/thin-edge.io/thin-edge.io/tests/PySys/software_management_end_to_end/environment_sm_management.py&quot;, line 332, in wait_until_end
    self.wait_until_status(&quot;FAILED&quot;, &quot;SUCCESSFUL&quot;)
  File &quot;/home/pi/actions-runner/_work/thin-edge.io/thin-edge.io/tests/PySys/software_management_end_to_end/environment_sm_management.py&quot;, line 380, in wait_until_status
    raise SystemError(
SystemError: Timeout while waiting for status FAILED or SUCCESSFUL
09:54:43 WARN  SystemError: Timeout while waiting for status FAILED or SUCCESSFUL ... blocked 
09:54:43 INFO  
09:54:43 INFO  cleanup:
09:54:54 INFO  Executed sudo&lt;tedge_disconnect_c8y&gt;, exit status 0, duration 11 secs
09:54:54 INFO  Executed systemctl&lt;serv_mapper5&gt;, exit status 3
09:54:54 INFO  
09:54:54 INFO  Test duration: 141.64 secs
09:54:54 INFO  Test final outcome:  BLOCKED
09:54:54 INFO  Test outcome reason: SystemError: Timeout while waiting for status FAILED or SUCCESSFUL
09:54:54 INFO  
</system-out>
	</testcase>
</testsuite>
