<?xml version="1.0" encoding="utf-8"?>
<testsuite name="SoftwareManagement.Plugin.apama_plugin_remove" tests="1" failures="1" skipped="0" time="1.01" timestamp="2022-05-03T14:10:17">
	<testcase classname="ApamaPluginRemoveTest" name="SoftwareManagement.Plugin.apama_plugin_remove">
		<failure message="BLOCKED: sudo&lt;restart_apama_service&gt; returned non-zero exit code 1" type="BLOCKED"/>
		<system-out>14:10:16 INFO  ==============================================================
14:10:16 INFO  Id:    SoftwareManagement.Plugin.apama_plugin_remove
14:10:16 INFO  Dir:   plugin_apama/
14:10:16 INFO  Title: Validate apama plugin remove
14:10:16 INFO  ==============================================================
14:10:16 INFO  Assertion that path exists=False for &quot;/etc/tedge/apama/project&quot; ... passed
14:10:16 INFO  Executed sudo&lt;create_project_dir&gt;, exit status 0
14:10:16 INFO  Executed sudo&lt;unzip_apama_project&gt;, exit status 0
14:10:16 INFO  Executed sudo&lt;move_apama_project&gt;, exit status 0
14:10:16 WARN  Executed sudo&lt;restart_apama_service&gt;, exit status 1
14:10:16 INFO  Contents of restart_apama_service.err: 
  Job for apama.service failed because the control process exited with error code.
  See &quot;systemctl status apama.service&quot; and &quot;journalctl -xe&quot; for details.
  -----

14:10:16 WARN  sudo&lt;restart_apama_service&gt; returned non-zero exit code 1 ... blocked 
14:10:16 WARN  Aborted test due to BLOCKED outcome
14:10:16 INFO  
14:10:16 INFO  cleanup:
14:10:16 INFO  Removing apama project
14:10:17 INFO  Executed sudo&lt;stop_apama_service&gt;, exit status 0
14:10:17 INFO  Executed sudo&lt;remove_apama_project&gt;, exit status 0
14:10:17 INFO  Executed sudo&lt;remove_apama_tmp_dir&gt;, exit status 0
14:10:17 INFO  
14:10:17 INFO  Test duration: 1.01 secs
14:10:17 INFO  Test final outcome:  BLOCKED
14:10:17 INFO  Test outcome reason: sudo&lt;restart_apama_service&gt; returned non-zero exit code 1
14:10:17 INFO  
</system-out>
	</testcase>
</testsuite>
