<?xml version="1.0" encoding="utf-8"?>
<testsuite name="SoftwareManagement.sm_apt_install_remove_multiple" tests="1" failures="1" skipped="0" time="141.5" timestamp="2022-05-23T09:47:49">
	<testcase classname="PySysTest" name="SoftwareManagement.sm_apt_install_remove_multiple">
		<failure message="BLOCKED: SystemError: Timeout while waiting for status FAILED or SUCCESSFUL" type="BLOCKED"/>
		<system-out>09:45:27 INFO  ==============================================================
09:45:27 INFO  Id:    SoftwareManagement.sm_apt_install_remove_multiple
09:45:27 INFO  Dir:   software_management_end_to_end/
09:45:27 INFO  Title: Validate end to end behaviour for the apt plugin for multiple packages
09:45:27 INFO  ==============================================================
09:45:27 INFO  Using sw id database: {'asciijump': '5475369', 'robotfindskitten': '5474869', 'squirrel3': '5475279', 'rolldice': '5152439', 'moon-buggy': '5439204', 'apple': '5495053', 'banana': '5494888', 'cherry': '5495382', 'watermelon': '5494510', 'registry': '8018911', 'hello-world': '8021526', 'docker/getting-started': '8021973', 'alpine': '7991792'}
09:45:27 INFO  EnvironmentC8y Setup
09:45:27 INFO  Executed systemctl&lt;serv_mapper1&gt;, exit status 3
09:45:27 INFO  Restarting mosquitto too frequently in the last 10 seconds. It was only up for 2 seconds
09:45:27 INFO  Delaying execution by 9 seconds
09:45:55 INFO  Executed sudo&lt;tedge_connect_c8y&gt;, exit status 0, duration 19 secs
09:45:56 INFO  Executed sudo&lt;tedge_connect_c8y_test&gt;, exit status 0
09:45:56 INFO  Executed systemctl&lt;serv_mosq2&gt;, exit status 0
09:45:56 INFO  Executed systemctl&lt;serv_mapper3&gt;, exit status 0
09:45:58 INFO  State of current operation: EXECUTING
09:46:00 INFO  State of current operation: EXECUTING
09:46:02 INFO  State of current operation: EXECUTING
09:46:05 INFO  State of current operation: EXECUTING
09:46:07 INFO  State of current operation: EXECUTING
09:46:09 INFO  State of current operation: EXECUTING
09:46:11 INFO  State of current operation: EXECUTING
09:46:13 INFO  State of current operation: EXECUTING
09:46:15 INFO  State of current operation: EXECUTING
09:46:18 INFO  State of current operation: EXECUTING
09:46:20 INFO  State of current operation: EXECUTING
09:46:22 INFO  State of current operation: EXECUTING
09:46:24 INFO  State of current operation: EXECUTING
09:46:26 INFO  State of current operation: EXECUTING
09:46:28 INFO  State of current operation: EXECUTING
09:46:30 INFO  State of current operation: EXECUTING
09:46:33 INFO  State of current operation: EXECUTING
09:46:35 INFO  State of current operation: EXECUTING
09:46:37 INFO  State of current operation: EXECUTING
09:46:39 INFO  State of current operation: EXECUTING
09:46:41 INFO  State of current operation: EXECUTING
09:46:43 INFO  State of current operation: EXECUTING
09:46:46 INFO  State of current operation: EXECUTING
09:46:48 INFO  State of current operation: EXECUTING
09:46:50 INFO  State of current operation: EXECUTING
09:46:52 INFO  State of current operation: EXECUTING
09:46:54 INFO  State of current operation: EXECUTING
09:46:56 INFO  State of current operation: EXECUTING
09:46:59 INFO  State of current operation: EXECUTING
09:47:01 INFO  State of current operation: EXECUTING
09:47:03 INFO  State of current operation: EXECUTING
09:47:05 INFO  State of current operation: EXECUTING
09:47:07 INFO  State of current operation: EXECUTING
09:47:09 INFO  State of current operation: EXECUTING
09:47:12 INFO  State of current operation: EXECUTING
09:47:14 INFO  State of current operation: EXECUTING
09:47:16 INFO  State of current operation: EXECUTING
09:47:18 INFO  State of current operation: EXECUTING
09:47:20 INFO  State of current operation: EXECUTING
09:47:22 INFO  State of current operation: EXECUTING
09:47:25 INFO  State of current operation: EXECUTING
09:47:27 INFO  State of current operation: EXECUTING
09:47:29 INFO  State of current operation: EXECUTING
09:47:31 INFO  State of current operation: EXECUTING
09:47:33 INFO  State of current operation: EXECUTING
09:47:35 INFO  State of current operation: EXECUTING
09:47:37 WARN  SystemError occurred while running test - Timeout while waiting for status FAILED or SUCCESSFUL
Traceback (most recent call last):
  File &quot;/home/pi/env-pysys/lib/python3.8/site-packages/pysys/baserunner.py&quot;, line 1292, in __call__
    self.testObj.setup()
  File &quot;/home/pi/actions-runner/_work/thin-edge.io/thin-edge.io/tests/PySys/software_management_end_to_end/sm_apt_install_remove_multiple/run.py&quot;, line 52, in setup
    super().setup()
  File &quot;/home/pi/actions-runner/_work/thin-edge.io/thin-edge.io/tests/PySys/software_management_end_to_end/environment_sm_management.py&quot;, line 151, in setup
    self.wait_until_end()
  File &quot;/home/pi/actions-runner/_work/thin-edge.io/thin-edge.io/tests/PySys/software_management_end_to_end/environment_sm_management.py&quot;, line 332, in wait_until_end
    self.wait_until_status(&quot;FAILED&quot;, &quot;SUCCESSFUL&quot;)
  File &quot;/home/pi/actions-runner/_work/thin-edge.io/thin-edge.io/tests/PySys/software_management_end_to_end/environment_sm_management.py&quot;, line 380, in wait_until_status
    raise SystemError(
SystemError: Timeout while waiting for status FAILED or SUCCESSFUL
09:47:37 WARN  SystemError: Timeout while waiting for status FAILED or SUCCESSFUL ... blocked 
09:47:37 INFO  
09:47:37 INFO  cleanup:
09:47:49 INFO  Executed sudo&lt;tedge_disconnect_c8y&gt;, exit status 0, duration 11 secs
09:47:49 INFO  Executed systemctl&lt;serv_mapper5&gt;, exit status 3
09:47:49 INFO  
09:47:49 INFO  Test duration: 141.50 secs
09:47:49 INFO  Test final outcome:  BLOCKED
09:47:49 INFO  Test outcome reason: SystemError: Timeout while waiting for status FAILED or SUCCESSFUL
09:47:49 INFO  
</system-out>
	</testcase>
</testsuite>
