<?xml version="1.0" encoding="utf-8"?>
<testsuite name="SoftwareManagement.Plugin.apama_plugin_install" tests="1" failures="1" skipped="0" time="0.06" timestamp="2022-05-09T07:14:37">
	<testcase classname="ApamaPluginInstallTest" name="SoftwareManagement.Plugin.apama_plugin_install">
		<failure message="BLOCKED: sudo&lt;plugin_install&gt; returned non-zero exit code 2" type="BLOCKED"/>
		<system-out>07:14:37 INFO  ==============================================================
07:14:37 INFO  Id:    SoftwareManagement.Plugin.apama_plugin_install
07:14:37 INFO  Dir:   plugin_apama/
07:14:37 INFO  Title: Validate apama plugin install
07:14:37 INFO  ==============================================================
07:14:37 INFO  Assertion that path exists=False for &quot;/etc/tedge/apama/project&quot; ... passed
07:14:37 WARN  Executed sudo&lt;plugin_install&gt;, exit status 2
07:14:37 INFO  Contents of plugin_install.err: 
  ERROR: Apama not installed at /opt/softwareag/Apama
  -----

07:14:37 WARN  sudo&lt;plugin_install&gt; returned non-zero exit code 2 ... blocked [run.py:20]
07:14:37 WARN  Aborted test due to BLOCKED outcome
07:14:37 INFO  
07:14:37 INFO  cleanup:
07:14:37 INFO  
07:14:37 INFO  Test duration: 0.06 secs
07:14:37 INFO  Test final outcome:  BLOCKED
07:14:37 INFO  Test outcome reason: sudo&lt;plugin_install&gt; returned non-zero exit code 2
07:14:37 INFO  
</system-out>
	</testcase>
</testsuite>
