<?xml version="1.0" encoding="utf-8"?>
<testsuite name="SoftwareManagement.sm_apt_install_remove_default" tests="1" failures="1" skipped="0" time="170.9" timestamp="2022-05-23T09:45:27">
	<testcase classname="PySysTest" name="SoftwareManagement.sm_apt_install_remove_default">
		<failure message="BLOCKED: SystemError: Timeout while waiting for status SUCCESSFUL or False" type="BLOCKED"/>
		<system-out>09:42:36 INFO  ==============================================================
09:42:36 INFO  Id:    SoftwareManagement.sm_apt_install_remove_default
09:42:36 INFO  Dir:   software_management_end_to_end/
09:42:36 INFO  Title: Validate end to end behaviour for the default plugin for installation and removal of packages
09:42:36 INFO  ==============================================================
09:42:36 INFO  Using sw id database: {'asciijump': '5475369', 'robotfindskitten': '5474869', 'squirrel3': '5475279', 'rolldice': '5152439', 'moon-buggy': '5439204', 'apple': '5495053', 'banana': '5494888', 'cherry': '5495382', 'watermelon': '5494510', 'registry': '8018911', 'hello-world': '8021526', 'docker/getting-started': '8021973', 'alpine': '7991792'}
09:42:36 INFO  EnvironmentC8y Setup
09:42:36 INFO  Executed systemctl&lt;serv_mapper1&gt;, exit status 3
09:42:36 INFO  Restarting mosquitto too frequently in the last 10 seconds. It was only up for 2 seconds
09:42:36 INFO  Delaying execution by 9 seconds
09:43:06 INFO  Executed sudo&lt;tedge_connect_c8y&gt;, exit status 0, duration 20 secs
09:43:06 INFO  Executed sudo&lt;tedge_connect_c8y_test&gt;, exit status 0
09:43:06 INFO  Executed systemctl&lt;serv_mosq2&gt;, exit status 0
09:43:07 INFO  Executed systemctl&lt;serv_mapper3&gt;, exit status 0
09:43:09 INFO  State of current operation: SUCCESSFUL
09:43:10 INFO  Assert that (False == value) with value=False ... passed
09:43:10 INFO  Response status: 201
09:43:10 INFO  Response to action: {
    &quot;creationTime&quot;: &quot;2022-05-23T09:43:10.449Z&quot;,
    &quot;deviceId&quot;: &quot;19488623&quot;,
    &quot;deviceName&quot;: &quot;ubuntu-2gb-hel1-2-thin-edge-b&quot;,
    &quot;self&quot;: &quot;https://t493319102.eu-latest.cumulocity.com/devicecontrol/operations/19508228&quot;,
    &quot;id&quot;: &quot;19508228&quot;,
    &quot;status&quot;: &quot;PENDING&quot;,
    &quot;description&quot;: &quot;Apply software changes, triggered from PySys: [{'name': 'rolldice', 'id': '5152439', 'version': ' ', 'url': '', 'action': 'install'}]&quot;,
    &quot;c8y_SoftwareUpdate&quot;: [
        {
            &quot;name&quot;: &quot;rolldice&quot;,
            &quot;action&quot;: &quot;install&quot;,
            &quot;id&quot;: &quot;5152439&quot;,
            &quot;version&quot;: &quot; &quot;,
            &quot;url&quot;: &quot;&quot;
        }
    ]
}
09:43:10 INFO  Started operation: {'creationTime': '2022-05-23T09:43:10.449Z', 'deviceId': '19488623', 'deviceName': 'ubuntu-2gb-hel1-2-thin-edge-b', 'self': 'https://t493319102.eu-latest.cumulocity.com/devicecontrol/operations/19508228', 'id': '19508228', 'status': 'PENDING', 'description': &quot;Apply software changes, triggered from PySys: [{'name': 'rolldice', 'id': '5152439', 'version': ' ', 'url': '', 'action': 'install'}]&quot;, 'c8y_SoftwareUpdate': [{'name': 'rolldice', 'action': 'install', 'id': '5152439', 'version': ' ', 'url': ''}]}
09:43:13 INFO  State of operation 19508228 : EXECUTING
09:43:15 INFO  State of operation 19508228 : EXECUTING
09:43:17 INFO  State of operation 19508228 : EXECUTING
09:43:20 INFO  State of operation 19508228 : EXECUTING
09:43:23 INFO  State of operation 19508228 : SUCCESSFUL
09:43:24 INFO  Package rolldice is installed
09:43:24 INFO  Assert that (True == value) with value=True ... passed
09:43:24 INFO  Response status: 201
09:43:24 INFO  Response to action: {
    &quot;creationTime&quot;: &quot;2022-05-23T09:43:24.489Z&quot;,
    &quot;deviceId&quot;: &quot;19488623&quot;,
    &quot;deviceName&quot;: &quot;ubuntu-2gb-hel1-2-thin-edge-b&quot;,
    &quot;self&quot;: &quot;https://t493319102.eu-latest.cumulocity.com/devicecontrol/operations/19508234&quot;,
    &quot;id&quot;: &quot;19508234&quot;,
    &quot;status&quot;: &quot;PENDING&quot;,
    &quot;description&quot;: &quot;Apply software changes, triggered from PySys: [{'name': 'rolldice', 'id': '5152439', 'version': ' ', 'url': '', 'action': 'delete'}]&quot;,
    &quot;c8y_SoftwareUpdate&quot;: [
        {
            &quot;name&quot;: &quot;rolldice&quot;,
            &quot;action&quot;: &quot;delete&quot;,
            &quot;id&quot;: &quot;5152439&quot;,
            &quot;version&quot;: &quot; &quot;,
            &quot;url&quot;: &quot;&quot;
        }
    ]
}
09:43:24 INFO  Started operation: {'creationTime': '2022-05-23T09:43:24.489Z', 'deviceId': '19488623', 'deviceName': 'ubuntu-2gb-hel1-2-thin-edge-b', 'self': 'https://t493319102.eu-latest.cumulocity.com/devicecontrol/operations/19508234', 'id': '19508234', 'status': 'PENDING', 'description': &quot;Apply software changes, triggered from PySys: [{'name': 'rolldice', 'id': '5152439', 'version': ' ', 'url': '', 'action': 'delete'}]&quot;, 'c8y_SoftwareUpdate': [{'name': 'rolldice', 'action': 'delete', 'id': '5152439', 'version': ' ', 'url': ''}]}
09:43:27 INFO  State of operation 19508234 : EXECUTING
09:43:30 INFO  State of operation 19508234 : EXECUTING
09:43:32 INFO  State of operation 19508234 : EXECUTING
09:43:35 INFO  State of operation 19508234 : EXECUTING
09:43:37 INFO  State of operation 19508234 : EXECUTING
09:43:39 INFO  State of operation 19508234 : EXECUTING
09:43:41 INFO  State of operation 19508234 : EXECUTING
09:43:44 INFO  State of operation 19508234 : EXECUTING
09:43:46 INFO  State of operation 19508234 : EXECUTING
09:43:48 INFO  State of operation 19508234 : EXECUTING
09:43:51 INFO  State of operation 19508234 : EXECUTING
09:43:53 INFO  State of operation 19508234 : EXECUTING
09:43:55 INFO  State of operation 19508234 : EXECUTING
09:43:58 INFO  State of operation 19508234 : EXECUTING
09:44:00 INFO  State of operation 19508234 : EXECUTING
09:44:02 INFO  State of operation 19508234 : EXECUTING
09:44:05 INFO  State of operation 19508234 : EXECUTING
09:44:07 INFO  State of operation 19508234 : EXECUTING
09:44:10 INFO  State of operation 19508234 : EXECUTING
09:44:12 INFO  State of operation 19508234 : EXECUTING
09:44:15 INFO  State of operation 19508234 : EXECUTING
09:44:17 INFO  State of operation 19508234 : EXECUTING
09:44:19 INFO  State of operation 19508234 : EXECUTING
09:44:22 INFO  State of operation 19508234 : EXECUTING
09:44:24 INFO  State of operation 19508234 : EXECUTING
09:44:27 INFO  State of operation 19508234 : EXECUTING
09:44:29 INFO  State of operation 19508234 : EXECUTING
09:44:31 INFO  State of operation 19508234 : EXECUTING
09:44:34 INFO  State of operation 19508234 : EXECUTING
09:44:36 INFO  State of operation 19508234 : EXECUTING
09:44:38 INFO  State of operation 19508234 : EXECUTING
09:44:41 INFO  State of operation 19508234 : EXECUTING
09:44:43 INFO  State of operation 19508234 : EXECUTING
09:44:45 INFO  State of operation 19508234 : EXECUTING
09:44:48 INFO  State of operation 19508234 : EXECUTING
09:44:50 INFO  State of operation 19508234 : EXECUTING
09:44:53 INFO  State of operation 19508234 : EXECUTING
09:44:55 INFO  State of operation 19508234 : EXECUTING
09:44:57 INFO  State of operation 19508234 : EXECUTING
09:45:00 INFO  State of operation 19508234 : EXECUTING
09:45:02 INFO  State of operation 19508234 : EXECUTING
09:45:04 INFO  State of operation 19508234 : EXECUTING
09:45:07 INFO  State of operation 19508234 : EXECUTING
09:45:09 INFO  State of operation 19508234 : EXECUTING
09:45:11 INFO  State of operation 19508234 : EXECUTING
09:45:14 INFO  State of operation 19508234 : EXECUTING
09:45:16 WARN  SystemError occurred while running test - Timeout while waiting for status SUCCESSFUL or False
Traceback (most recent call last):
  File &quot;/home/pi/env-pysys/lib/python3.8/site-packages/pysys/baserunner.py&quot;, line 1294, in __call__
    self.testObj.execute()
  File &quot;/home/pi/actions-runner/_work/thin-edge.io/thin-edge.io/tests/PySys/software_management_end_to_end/sm_apt_install_remove_default/run.py&quot;, line 39, in execute
    self.wait_until_succcess()
  File &quot;/home/pi/actions-runner/_work/thin-edge.io/thin-edge.io/tests/PySys/software_management_end_to_end/environment_sm_management.py&quot;, line 324, in wait_until_succcess
    self.wait_until_status(&quot;SUCCESSFUL&quot;)
  File &quot;/home/pi/actions-runner/_work/thin-edge.io/thin-edge.io/tests/PySys/software_management_end_to_end/environment_sm_management.py&quot;, line 380, in wait_until_status
    raise SystemError(
SystemError: Timeout while waiting for status SUCCESSFUL or False
09:45:16 WARN  SystemError: Timeout while waiting for status SUCCESSFUL or False ... blocked 
09:45:16 INFO  
09:45:16 INFO  cleanup:
09:45:27 INFO  Executed sudo&lt;tedge_disconnect_c8y&gt;, exit status 0, duration 11 secs
09:45:27 INFO  Executed systemctl&lt;serv_mapper5&gt;, exit status 3
09:45:27 INFO  
09:45:27 INFO  Test duration: 170.90 secs
09:45:27 INFO  Test final outcome:  BLOCKED
09:45:27 INFO  Test outcome reason: SystemError: Timeout while waiting for status SUCCESSFUL or False
09:45:27 INFO  
</system-out>
	</testcase>
</testsuite>
