<?xml version="1.0" encoding="utf-8"?>
<testsuite name="SoftwareManagement.sm_fake_install_remove_multiple" tests="1" failures="1" skipped="0" time="142.15" timestamp="2022-05-23T09:59:38">
	<testcase classname="PySysTest" name="SoftwareManagement.sm_fake_install_remove_multiple">
		<failure message="BLOCKED: SystemError: Timeout while waiting for status FAILED or SUCCESSFUL" type="BLOCKED"/>
		<system-out>09:57:16 INFO  ==============================================================
09:57:16 INFO  Id:    SoftwareManagement.sm_fake_install_remove_multiple
09:57:16 INFO  Dir:   software_management_end_to_end/
09:57:16 INFO  Title: Validate end to end behaviour for the dummy-plugin for multiple packages
09:57:16 INFO  ==============================================================
09:57:16 INFO  Using sw id database: {'asciijump': '5475369', 'robotfindskitten': '5474869', 'squirrel3': '5475279', 'rolldice': '5152439', 'moon-buggy': '5439204', 'apple': '5495053', 'banana': '5494888', 'cherry': '5495382', 'watermelon': '5494510', 'registry': '8018911', 'hello-world': '8021526', 'docker/getting-started': '8021973', 'alpine': '7991792'}
09:57:16 INFO  EnvironmentC8y Setup
09:57:16 INFO  Executed systemctl&lt;serv_mapper1&gt;, exit status 3
09:57:16 INFO  Restarting mosquitto too frequently in the last 10 seconds. It was only up for 1 seconds
09:57:16 INFO  Delaying execution by 10 seconds
09:57:44 INFO  Executed sudo&lt;tedge_connect_c8y&gt;, exit status 0, duration 18 secs
09:57:44 INFO  Executed sudo&lt;tedge_connect_c8y_test&gt;, exit status 0
09:57:44 INFO  Executed systemctl&lt;serv_mosq2&gt;, exit status 0
09:57:44 INFO  Executed systemctl&lt;serv_mapper3&gt;, exit status 0
09:57:46 INFO  State of current operation: EXECUTING
09:57:49 INFO  State of current operation: EXECUTING
09:57:51 INFO  State of current operation: EXECUTING
09:57:53 INFO  State of current operation: EXECUTING
09:57:55 INFO  State of current operation: EXECUTING
09:57:57 INFO  State of current operation: EXECUTING
09:57:59 INFO  State of current operation: EXECUTING
09:58:02 INFO  State of current operation: EXECUTING
09:58:04 INFO  State of current operation: EXECUTING
09:58:06 INFO  State of current operation: EXECUTING
09:58:08 INFO  State of current operation: EXECUTING
09:58:10 INFO  State of current operation: EXECUTING
09:58:12 INFO  State of current operation: EXECUTING
09:58:15 INFO  State of current operation: EXECUTING
09:58:17 INFO  State of current operation: EXECUTING
09:58:19 INFO  State of current operation: EXECUTING
09:58:21 INFO  State of current operation: EXECUTING
09:58:24 INFO  State of current operation: EXECUTING
09:58:26 INFO  State of current operation: EXECUTING
09:58:28 INFO  State of current operation: EXECUTING
09:58:30 INFO  State of current operation: EXECUTING
09:58:32 INFO  State of current operation: EXECUTING
09:58:34 INFO  State of current operation: EXECUTING
09:58:37 INFO  State of current operation: EXECUTING
09:58:39 INFO  State of current operation: EXECUTING
09:58:41 INFO  State of current operation: EXECUTING
09:58:43 INFO  State of current operation: EXECUTING
09:58:45 INFO  State of current operation: EXECUTING
09:58:47 INFO  State of current operation: EXECUTING
09:58:50 INFO  State of current operation: EXECUTING
09:58:52 INFO  State of current operation: EXECUTING
09:58:54 INFO  State of current operation: EXECUTING
09:58:56 INFO  State of current operation: EXECUTING
09:58:58 INFO  State of current operation: EXECUTING
09:59:00 INFO  State of current operation: EXECUTING
09:59:03 INFO  State of current operation: EXECUTING
09:59:05 INFO  State of current operation: EXECUTING
09:59:07 INFO  State of current operation: EXECUTING
09:59:09 INFO  State of current operation: EXECUTING
09:59:11 INFO  State of current operation: EXECUTING
09:59:13 INFO  State of current operation: EXECUTING
09:59:16 INFO  State of current operation: EXECUTING
09:59:18 INFO  State of current operation: EXECUTING
09:59:20 INFO  State of current operation: EXECUTING
09:59:22 INFO  State of current operation: EXECUTING
09:59:24 INFO  State of current operation: EXECUTING
09:59:26 WARN  SystemError occurred while running test - Timeout while waiting for status FAILED or SUCCESSFUL
Traceback (most recent call last):
  File &quot;/home/pi/env-pysys/lib/python3.8/site-packages/pysys/baserunner.py&quot;, line 1292, in __call__
    self.testObj.setup()
  File &quot;/home/pi/actions-runner/_work/thin-edge.io/thin-edge.io/tests/PySys/software_management_end_to_end/sm_fake_install_remove_multiple/run.py&quot;, line 68, in setup
    super().setup()
  File &quot;/home/pi/actions-runner/_work/thin-edge.io/thin-edge.io/tests/PySys/software_management_end_to_end/environment_sm_management.py&quot;, line 151, in setup
    self.wait_until_end()
  File &quot;/home/pi/actions-runner/_work/thin-edge.io/thin-edge.io/tests/PySys/software_management_end_to_end/environment_sm_management.py&quot;, line 332, in wait_until_end
    self.wait_until_status(&quot;FAILED&quot;, &quot;SUCCESSFUL&quot;)
  File &quot;/home/pi/actions-runner/_work/thin-edge.io/thin-edge.io/tests/PySys/software_management_end_to_end/environment_sm_management.py&quot;, line 380, in wait_until_status
    raise SystemError(
SystemError: Timeout while waiting for status FAILED or SUCCESSFUL
09:59:26 WARN  SystemError: Timeout while waiting for status FAILED or SUCCESSFUL ... blocked 
09:59:26 INFO  
09:59:26 INFO  cleanup:
09:59:38 INFO  Executed sudo&lt;tedge_disconnect_c8y&gt;, exit status 0, duration 11 secs
09:59:38 INFO  Executed systemctl&lt;serv_mapper5&gt;, exit status 3
09:59:38 INFO  
09:59:38 INFO  Test duration: 142.15 secs
09:59:38 INFO  Test final outcome:  BLOCKED
09:59:38 INFO  Test outcome reason: SystemError: Timeout while waiting for status FAILED or SUCCESSFUL
09:59:38 INFO  
</system-out>
	</testcase>
</testsuite>
