<?xml version="1.0" encoding="utf-8"?>
<testsuite name="SoftwareManagement.sm_mixed_install_remove_multiple" tests="1" failures="0" skipped="0" time="62.06" timestamp="2022-05-09T07:26:38">
	<testcase classname="PySysTest" name="SoftwareManagement.sm_mixed_install_remove_multiple"/>
</testsuite>
