<?xml version="1.0" encoding="utf-8"?>
<testsuite name="SoftwareManagement.Plugin.apama_plugin_install" tests="1" failures="1" skipped="0" time="0.06" timestamp="2022-05-04T08:18:27">
	<testcase classname="ApamaPluginInstallTest" name="SoftwareManagement.Plugin.apama_plugin_install">
		<failure message="BLOCKED: sudo&lt;plugin_install&gt; returned non-zero exit code 2" type="BLOCKED"/>
		<system-out>08:18:27 INFO  ==============================================================
08:18:27 INFO  Id:    SoftwareManagement.Plugin.apama_plugin_install
08:18:27 INFO  Dir:   plugin_apama/
08:18:27 INFO  Title: Validate apama plugin install
08:18:27 INFO  ==============================================================
08:18:27 INFO  Assertion that path exists=False for &quot;/etc/tedge/apama/project&quot; ... passed
08:18:27 WARN  Executed sudo&lt;plugin_install&gt;, exit status 2
08:18:27 INFO  Contents of plugin_install.err: 
  ERROR: Apama not installed at /opt/softwareag/Apama
  -----

08:18:27 WARN  sudo&lt;plugin_install&gt; returned non-zero exit code 2 ... blocked [run.py:20]
08:18:27 WARN  Aborted test due to BLOCKED outcome
08:18:27 INFO  
08:18:27 INFO  cleanup:
08:18:27 INFO  
08:18:27 INFO  Test duration: 0.06 secs
08:18:27 INFO  Test final outcome:  BLOCKED
08:18:27 INFO  Test outcome reason: sudo&lt;plugin_install&gt; returned non-zero exit code 2
08:18:27 INFO  
</system-out>
	</testcase>
</testsuite>
