<?xml version="1.0" encoding="utf-8"?>
<testsuite name="SoftwareManagement.sm_docker_install_remove_multiple" tests="1" failures="0" skipped="0" time="80.43" timestamp="2022-05-10T13:38:30">
	<testcase classname="SMDockerInstallRemove" name="SoftwareManagement.sm_docker_install_remove_multiple"/>
</testsuite>
