<?xml version="1.0" encoding="utf-8"?>
<testsuite name="SoftwareManagement.sm_mapper_fail_and_reconnect" tests="1" failures="0" skipped="1" time="0.0" timestamp="2022-05-03T14:21:11">
	<testcase classname="MapperC8yReceiveLastMessageOnRestart" name="SoftwareManagement.sm_mapper_fail_and_reconnect">
		<skipped message="SKIPPED: instable https://github.com/thin-edge/thin-edge.io/issues/752"/>
		<system-out>14:21:11 INFO  ==============================================================
14:21:11 INFO  Id:    SoftwareManagement.sm_mapper_fail_and_reconnect
14:21:11 INFO  Dir:   software_management_end_to_end/
14:21:11 INFO  Title: Validate the tedge-mapper-sm-c8y for receiving the last message on restart
14:21:11 INFO  ==============================================================
14:21:11 INFO  instable https://github.com/thin-edge/thin-edge.io/issues/752 ... skipped
14:21:11 INFO  
14:21:11 INFO  Test duration: 0.00 secs
14:21:11 INFO  Test final outcome:  SKIPPED
14:21:11 INFO  Test outcome reason: instable https://github.com/thin-edge/thin-edge.io/issues/752
14:21:11 INFO  
</system-out>
	</testcase>
</testsuite>
