<?xml version="1.0" encoding="utf-8"?>
<testsuite name="SoftwareManagement.Plugin.apama_plugin_update" tests="1" failures="1" skipped="0" time="1.02" timestamp="2022-05-02T15:23:12">
	<testcase classname="ApamaPluginUpdateTest" name="SoftwareManagement.Plugin.apama_plugin_update">
		<failure message="BLOCKED: sudo&lt;restart_apama_service&gt; returned non-zero exit code 1" type="BLOCKED"/>
		<system-out>15:23:11 INFO  ==============================================================
15:23:11 INFO  Id:    SoftwareManagement.Plugin.apama_plugin_update
15:23:11 INFO  Dir:   plugin_apama/
15:23:11 INFO  Title: Validate apama plugin updating one project with another
15:23:11 INFO  ==============================================================
15:23:11 INFO  Assertion that path exists=False for &quot;/etc/tedge/apama/project&quot; ... passed
15:23:12 INFO  Executed sudo&lt;create_project_dir&gt;, exit status 0
15:23:12 INFO  Executed sudo&lt;unzip_apama_project&gt;, exit status 0
15:23:12 INFO  Executed sudo&lt;move_apama_project&gt;, exit status 0
15:23:12 WARN  Executed sudo&lt;restart_apama_service&gt;, exit status 1
15:23:12 INFO  Contents of restart_apama_service.err: 
  Job for apama.service failed because the control process exited with error code.
  See &quot;systemctl status apama.service&quot; and &quot;journalctl -xe&quot; for details.
  -----

15:23:12 WARN  sudo&lt;restart_apama_service&gt; returned non-zero exit code 1 ... blocked 
15:23:12 WARN  Aborted test due to BLOCKED outcome
15:23:12 INFO  
15:23:12 INFO  cleanup:
15:23:12 INFO  Removing apama project
15:23:12 INFO  Executed sudo&lt;stop_apama_service&gt;, exit status 0
15:23:12 INFO  Executed sudo&lt;remove_apama_project&gt;, exit status 0
15:23:12 INFO  Executed sudo&lt;remove_apama_tmp_dir&gt;, exit status 0
15:23:12 INFO  
15:23:12 INFO  Test duration: 1.02 secs
15:23:12 INFO  Test final outcome:  BLOCKED
15:23:12 INFO  Test outcome reason: sudo&lt;restart_apama_service&gt; returned non-zero exit code 1
15:23:12 INFO  
</system-out>
	</testcase>
</testsuite>
