<?xml version="1.0" encoding="utf-8"?>
<testsuite name="SoftwareManagement.sm_apt_install_remove_multiple_mixed" tests="1" failures="1" skipped="0" time="141.87" timestamp="2022-05-23T09:50:11">
	<testcase classname="PySysTest" name="SoftwareManagement.sm_apt_install_remove_multiple_mixed">
		<failure message="BLOCKED: SystemError: Timeout while waiting for status FAILED or SUCCESSFUL" type="BLOCKED"/>
		<system-out>09:47:49 INFO  ==============================================================
09:47:49 INFO  Id:    SoftwareManagement.sm_apt_install_remove_multiple_mixed
09:47:49 INFO  Dir:   software_management_end_to_end/
09:47:49 INFO  Title: Validate end to end behaviour for the apt plugin for multiple packages with mixed versions
09:47:49 INFO  ==============================================================
09:47:49 INFO  Using sw id database: {'asciijump': '5475369', 'robotfindskitten': '5474869', 'squirrel3': '5475279', 'rolldice': '5152439', 'moon-buggy': '5439204', 'apple': '5495053', 'banana': '5494888', 'cherry': '5495382', 'watermelon': '5494510', 'registry': '8018911', 'hello-world': '8021526', 'docker/getting-started': '8021973', 'alpine': '7991792'}
09:47:49 INFO  EnvironmentC8y Setup
09:47:49 INFO  Executed systemctl&lt;serv_mapper1&gt;, exit status 3
09:47:49 INFO  Restarting mosquitto too frequently in the last 10 seconds. It was only up for 1 seconds
09:47:49 INFO  Delaying execution by 10 seconds
09:48:17 INFO  Executed sudo&lt;tedge_connect_c8y&gt;, exit status 0, duration 18 secs
09:48:17 INFO  Executed sudo&lt;tedge_connect_c8y_test&gt;, exit status 0
09:48:18 INFO  Executed systemctl&lt;serv_mosq2&gt;, exit status 0
09:48:18 INFO  Executed systemctl&lt;serv_mapper3&gt;, exit status 0
09:48:20 INFO  State of current operation: EXECUTING
09:48:22 INFO  State of current operation: EXECUTING
09:48:24 INFO  State of current operation: EXECUTING
09:48:26 INFO  State of current operation: EXECUTING
09:48:28 INFO  State of current operation: EXECUTING
09:48:31 INFO  State of current operation: EXECUTING
09:48:33 INFO  State of current operation: EXECUTING
09:48:35 INFO  State of current operation: EXECUTING
09:48:37 INFO  State of current operation: EXECUTING
09:48:39 INFO  State of current operation: EXECUTING
09:48:41 INFO  State of current operation: EXECUTING
09:48:44 INFO  State of current operation: EXECUTING
09:48:46 INFO  State of current operation: EXECUTING
09:48:48 INFO  State of current operation: EXECUTING
09:48:50 INFO  State of current operation: EXECUTING
09:48:52 INFO  State of current operation: EXECUTING
09:48:54 INFO  State of current operation: EXECUTING
09:48:57 INFO  State of current operation: EXECUTING
09:48:59 INFO  State of current operation: EXECUTING
09:49:01 INFO  State of current operation: EXECUTING
09:49:03 INFO  State of current operation: EXECUTING
09:49:05 INFO  State of current operation: EXECUTING
09:49:07 INFO  State of current operation: EXECUTING
09:49:10 INFO  State of current operation: EXECUTING
09:49:12 INFO  State of current operation: EXECUTING
09:49:14 INFO  State of current operation: EXECUTING
09:49:16 INFO  State of current operation: EXECUTING
09:49:18 INFO  State of current operation: EXECUTING
09:49:20 INFO  State of current operation: EXECUTING
09:49:23 INFO  State of current operation: EXECUTING
09:49:25 INFO  State of current operation: EXECUTING
09:49:27 INFO  State of current operation: EXECUTING
09:49:29 INFO  State of current operation: EXECUTING
09:49:31 INFO  State of current operation: EXECUTING
09:49:33 INFO  State of current operation: EXECUTING
09:49:36 INFO  State of current operation: EXECUTING
09:49:38 INFO  State of current operation: EXECUTING
09:49:40 INFO  State of current operation: EXECUTING
09:49:42 INFO  State of current operation: EXECUTING
09:49:44 INFO  State of current operation: EXECUTING
09:49:46 INFO  State of current operation: EXECUTING
09:49:49 INFO  State of current operation: EXECUTING
09:49:51 INFO  State of current operation: EXECUTING
09:49:53 INFO  State of current operation: EXECUTING
09:49:55 INFO  State of current operation: EXECUTING
09:49:57 INFO  State of current operation: EXECUTING
09:49:59 WARN  SystemError occurred while running test - Timeout while waiting for status FAILED or SUCCESSFUL
Traceback (most recent call last):
  File &quot;/home/pi/env-pysys/lib/python3.8/site-packages/pysys/baserunner.py&quot;, line 1292, in __call__
    self.testObj.setup()
  File &quot;/home/pi/actions-runner/_work/thin-edge.io/thin-edge.io/tests/PySys/software_management_end_to_end/sm_apt_install_remove_multiple_mixed/run.py&quot;, line 73, in setup
    super().setup()
  File &quot;/home/pi/actions-runner/_work/thin-edge.io/thin-edge.io/tests/PySys/software_management_end_to_end/environment_sm_management.py&quot;, line 151, in setup
    self.wait_until_end()
  File &quot;/home/pi/actions-runner/_work/thin-edge.io/thin-edge.io/tests/PySys/software_management_end_to_end/environment_sm_management.py&quot;, line 332, in wait_until_end
    self.wait_until_status(&quot;FAILED&quot;, &quot;SUCCESSFUL&quot;)
  File &quot;/home/pi/actions-runner/_work/thin-edge.io/thin-edge.io/tests/PySys/software_management_end_to_end/environment_sm_management.py&quot;, line 380, in wait_until_status
    raise SystemError(
SystemError: Timeout while waiting for status FAILED or SUCCESSFUL
09:49:59 WARN  SystemError: Timeout while waiting for status FAILED or SUCCESSFUL ... blocked 
09:49:59 INFO  
09:49:59 INFO  cleanup:
09:50:10 INFO  Executed sudo&lt;tedge_disconnect_c8y&gt;, exit status 0, duration 11 secs
09:50:11 INFO  Executed systemctl&lt;serv_mapper5&gt;, exit status 3
09:50:11 INFO  
09:50:11 INFO  Test duration: 141.87 secs
09:50:11 INFO  Test final outcome:  BLOCKED
09:50:11 INFO  Test outcome reason: SystemError: Timeout while waiting for status FAILED or SUCCESSFUL
09:50:11 INFO  
</system-out>
	</testcase>
</testsuite>
