<?xml version="1.0" encoding="utf-8"?>
<testsuite name="SoftwareManagement.sm_mixed_install_remove_multiple" tests="1" failures="0" skipped="0" time="69.62" timestamp="2022-05-10T20:00:27">
	<testcase classname="PySysTest" name="SoftwareManagement.sm_mixed_install_remove_multiple"/>
</testsuite>
