<?xml version="1.0" encoding="utf-8"?>
<testsuite name="SoftwareManagement.sm_fake_install_remove" tests="1" failures="0" skipped="0" time="46.96" timestamp="2022-05-11T12:02:00">
	<testcase classname="PySysTest" name="SoftwareManagement.sm_fake_install_remove"/>
</testsuite>
