<?xml version="1.0" encoding="utf-8"?>
<testsuite name="docker_plugin_install" tests="1" failures="0" skipped="0" time="4.53" timestamp="2022-05-02T15:21:40">
	<testcase classname="DockerPluginInstallTest" name="docker_plugin_install"/>
</testsuite>
