<?xml version="1.0" encoding="utf-8"?>
<testsuite name="docker_plugin_update" tests="1" failures="0" skipped="0" time="10.4" timestamp="2022-05-30T09:27:17">
	<testcase classname="DockerPluginUpdateTest" name="docker_plugin_update"/>
</testsuite>
