<?xml version="1.0" encoding="utf-8"?>
<testsuite name="docker_plugin_update" tests="1" failures="0" skipped="0" time="8.69" timestamp="2022-05-02T15:22:03">
	<testcase classname="DockerPluginUpdateTest" name="docker_plugin_update"/>
</testsuite>
