<?xml version="1.0" encoding="utf-8"?>
<testsuite name="docker_plugin_install" tests="1" failures="0" skipped="0" time="4.47" timestamp="2022-05-04T08:16:58">
	<testcase classname="DockerPluginInstallTest" name="docker_plugin_install"/>
</testsuite>
