<?xml version="1.0" encoding="utf-8"?>
<testsuite failures="1" name="SoftwareManagement.sm_apt_install_remove_multiple" skipped="0" tests="1" time="184.25" timestamp="2022-04-21T09:10:10">
	<testcase classname="PySysTest" name="SoftwareManagement.sm_apt_install_remove_multiple">
		<failure message="FAILED: Assert that (False == value) with value=True" type="FAILED"/>
		<system-out>09:07:06 INFO  ==============================================================
09:07:06 INFO  Id:    SoftwareManagement.sm_apt_install_remove_multiple
09:07:06 INFO  Dir:   software_management_end_to_end/
09:07:06 INFO  Title: Validate end to end behaviour for the apt plugin for multiple packages
09:07:06 INFO  ==============================================================
09:07:06 INFO  Using sw id database: {'asciijump': '5475369', 'robotfindskitten': '5474869', 'squirrel3': '5475279', 'rolldice': '5152439', 'moon-buggy': '5439204', 'apple': '5495053', 'banana': '5494888', 'cherry': '5495382', 'watermelon': '5494510', 'registry': '8018911', 'hello-world': '8021526', 'docker/getting-started': '8021973', 'alpine': '7991792'}
09:07:06 INFO  EnvironmentC8y Setup
09:07:06 INFO  Executed systemctl&lt;serv_mapper1&gt;, exit status 3
09:07:06 INFO  Restarting mosquitto too frequently in the last 10 seconds. It was only up for 4 seconds
09:07:06 INFO  Delaying execution by 7 seconds
09:07:28 INFO  Executed sudo&lt;tedge_connect_c8y&gt;, exit status 0, duration 14 secs
09:07:28 INFO  Executed sudo&lt;tedge_connect_c8y_test&gt;, exit status 0
09:07:29 INFO  Executed systemctl&lt;serv_mosq2&gt;, exit status 0
09:07:29 INFO  Executed systemctl&lt;serv_mapper3&gt;, exit status 0
09:07:31 INFO  State of current operation: SUCCESSFUL
09:07:32 INFO  Assert that (False == value) with value=False ... passed
09:07:32 INFO  Assert that (False == value) with value=False ... passed
09:07:32 INFO  Assert that (False == value) with value=False ... passed
09:07:32 INFO  Package robotfindskitten is installed
09:07:32 WARN  Assert that (False == value) with value=True ... failed 
09:07:33 INFO  Response status: 201
09:07:33 INFO  Response to action: {
    &quot;delivery&quot;: {
        &quot;time&quot;: &quot;2022-04-21T09:07:33.134Z&quot;,
        &quot;log&quot;: [],
        &quot;status&quot;: &quot;PENDING&quot;
    },
    &quot;creationTime&quot;: &quot;2022-04-21T09:07:33.120Z&quot;,
    &quot;deviceName&quot;: &quot;mythicd&quot;,
    &quot;deviceId&quot;: &quot;17512238&quot;,
    &quot;self&quot;: &quot;https://t493319102.eu-latest.cumulocity.com/devicecontrol/operations/17537497&quot;,
    &quot;id&quot;: &quot;17537497&quot;,
    &quot;status&quot;: &quot;PENDING&quot;,
    &quot;description&quot;: &quot;Apply software changes, triggered from PySys: [{'action': 'install', 'id': '5475369', 'name': 'asciijump', 'url': ' ', 'version': '::apt'}, {'action': 'install', 'id': '5474869', 'name': 'robotfindskitten', 'url': ' ', 'version': '::apt'}, {'action': 'install', 'id': '5475279', 'name': 'squirrel3', 'url': ' ', 'version': '::apt'}]&quot;,
    &quot;c8y_SoftwareUpdate&quot;: [
        {
            &quot;name&quot;: &quot;asciijump&quot;,
            &quot;action&quot;: &quot;install&quot;,
            &quot;id&quot;: &quot;5475369&quot;,
            &quot;version&quot;: &quot;::apt&quot;,
            &quot;url&quot;: &quot; &quot;
        },
        {
            &quot;name&quot;: &quot;robotfindskitten&quot;,
            &quot;action&quot;: &quot;install&quot;,
            &quot;id&quot;: &quot;5474869&quot;,
            &quot;version&quot;: &quot;::apt&quot;,
            &quot;url&quot;: &quot; &quot;
        },
        {
            &quot;name&quot;: &quot;squirrel3&quot;,
            &quot;action&quot;: &quot;install&quot;,
            &quot;id&quot;: &quot;5475279&quot;,
            &quot;version&quot;: &quot;::apt&quot;,
            &quot;url&quot;: &quot; &quot;
        }
    ]
}
09:07:33 INFO  Started operation: {'delivery': {'time': '2022-04-21T09:07:33.134Z', 'log': [], 'status': 'PENDING'}, 'creationTime': '2022-04-21T09:07:33.120Z', 'deviceName': 'mythicd', 'deviceId': '17512238', 'self': 'https://t493319102.eu-latest.cumulocity.com/devicecontrol/operations/17537497', 'id': '17537497', 'status': 'PENDING', 'description': &quot;Apply software changes, triggered from PySys: [{'action': 'install', 'id': '5475369', 'name': 'asciijump', 'url': ' ', 'version': '::apt'}, {'action': 'install', 'id': '5474869', 'name': 'robotfindskitten', 'url': ' ', 'version': '::apt'}, {'action': 'install', 'id': '5475279', 'name': 'squirrel3', 'url': ' ', 'version': '::apt'}]&quot;, 'c8y_SoftwareUpdate': [{'name': 'asciijump', 'action': 'install', 'id': '5475369', 'version': '::apt', 'url': ' '}, {'name': 'robotfindskitten', 'action': 'install', 'id': '5474869', 'version': '::apt', 'url': ' '}, {'name': 'squirrel3', 'action': 'install', 'id': '5475279', 'version': '::apt', 'url': ' '}]}
09:07:35 INFO  State of operation 17537497 : PENDING
09:07:37 INFO  State of operation 17537497 : EXECUTING
09:07:39 INFO  State of operation 17537497 : EXECUTING
09:07:42 INFO  State of operation 17537497 : EXECUTING
09:07:44 INFO  State of operation 17537497 : EXECUTING
09:07:46 INFO  State of operation 17537497 : EXECUTING
09:07:49 INFO  State of operation 17537497 : EXECUTING
09:07:51 INFO  State of operation 17537497 : EXECUTING
09:07:54 INFO  State of operation 17537497 : EXECUTING
09:07:56 INFO  State of operation 17537497 : EXECUTING
09:07:59 INFO  State of operation 17537497 : EXECUTING
09:08:01 INFO  State of operation 17537497 : EXECUTING
09:08:03 INFO  State of operation 17537497 : EXECUTING
09:08:05 INFO  State of operation 17537497 : EXECUTING
09:08:08 INFO  State of operation 17537497 : EXECUTING
09:08:10 INFO  State of operation 17537497 : EXECUTING
09:08:12 INFO  State of operation 17537497 : EXECUTING
09:08:15 INFO  State of operation 17537497 : EXECUTING
09:08:17 INFO  State of operation 17537497 : EXECUTING
09:08:19 INFO  State of operation 17537497 : EXECUTING
09:08:22 INFO  State of operation 17537497 : EXECUTING
09:08:24 INFO  State of operation 17537497 : EXECUTING
09:08:27 INFO  State of operation 17537497 : EXECUTING
09:08:29 INFO  State of operation 17537497 : EXECUTING
09:08:32 INFO  State of operation 17537497 : EXECUTING
09:08:34 INFO  State of operation 17537497 : EXECUTING
09:08:37 INFO  State of operation 17537497 : EXECUTING
09:08:39 INFO  State of operation 17537497 : EXECUTING
09:08:42 INFO  State of operation 17537497 : EXECUTING
09:08:44 INFO  State of operation 17537497 : EXECUTING
09:08:47 INFO  State of operation 17537497 : EXECUTING
09:08:49 INFO  State of operation 17537497 : EXECUTING
09:08:51 INFO  State of operation 17537497 : EXECUTING
09:08:54 INFO  State of operation 17537497 : EXECUTING
09:08:56 INFO  State of operation 17537497 : SUCCESSFUL
09:08:56 INFO  Assert that (False == value) with value=False ... passed
09:08:56 INFO  Package asciijump is installed
09:08:56 INFO  Assert that (True == value) with value=True ... passed
09:08:57 INFO  Package squirrel3 is installed
09:08:57 INFO  Assert that (True == value) with value=True ... passed
09:08:57 INFO  Package robotfindskitten is installed
09:08:57 INFO  Assert that (True == value) with value=True ... passed
09:08:57 INFO  Response status: 201
09:08:57 INFO  Response to action: {
    &quot;delivery&quot;: {
        &quot;time&quot;: &quot;2022-04-21T09:08:57.503Z&quot;,
        &quot;log&quot;: [],
        &quot;status&quot;: &quot;PENDING&quot;
    },
    &quot;creationTime&quot;: &quot;2022-04-21T09:08:57.489Z&quot;,
    &quot;deviceName&quot;: &quot;mythicd&quot;,
    &quot;deviceId&quot;: &quot;17512238&quot;,
    &quot;self&quot;: &quot;https://t493319102.eu-latest.cumulocity.com/devicecontrol/operations/17537507&quot;,
    &quot;id&quot;: &quot;17537507&quot;,
    &quot;status&quot;: &quot;PENDING&quot;,
    &quot;description&quot;: &quot;Apply software changes, triggered from PySys: [{'action': 'delete', 'id': '5475369', 'name': 'asciijump', 'url': ' ', 'version': '::apt'}, {'action': 'delete', 'id': '5474869', 'name': 'robotfindskitten', 'url': ' ', 'version': '::apt'}, {'action': 'delete', 'id': '5475279', 'name': 'squirrel3', 'url': ' ', 'version': '::apt'}]&quot;,
    &quot;c8y_SoftwareUpdate&quot;: [
        {
            &quot;name&quot;: &quot;asciijump&quot;,
            &quot;action&quot;: &quot;delete&quot;,
            &quot;id&quot;: &quot;5475369&quot;,
            &quot;version&quot;: &quot;::apt&quot;,
            &quot;url&quot;: &quot; &quot;
        },
        {
            &quot;name&quot;: &quot;robotfindskitten&quot;,
            &quot;action&quot;: &quot;delete&quot;,
            &quot;id&quot;: &quot;5474869&quot;,
            &quot;version&quot;: &quot;::apt&quot;,
            &quot;url&quot;: &quot; &quot;
        },
        {
            &quot;name&quot;: &quot;squirrel3&quot;,
            &quot;action&quot;: &quot;delete&quot;,
            &quot;id&quot;: &quot;5475279&quot;,
            &quot;version&quot;: &quot;::apt&quot;,
            &quot;url&quot;: &quot; &quot;
        }
    ]
}
09:08:57 INFO  Started operation: {'delivery': {'time': '2022-04-21T09:08:57.503Z', 'log': [], 'status': 'PENDING'}, 'creationTime': '2022-04-21T09:08:57.489Z', 'deviceName': 'mythicd', 'deviceId': '17512238', 'self': 'https://t493319102.eu-latest.cumulocity.com/devicecontrol/operations/17537507', 'id': '17537507', 'status': 'PENDING', 'description': &quot;Apply software changes, triggered from PySys: [{'action': 'delete', 'id': '5475369', 'name': 'asciijump', 'url': ' ', 'version': '::apt'}, {'action': 'delete', 'id': '5474869', 'name': 'robotfindskitten', 'url': ' ', 'version': '::apt'}, {'action': 'delete', 'id': '5475279', 'name': 'squirrel3', 'url': ' ', 'version': '::apt'}]&quot;, 'c8y_SoftwareUpdate': [{'name': 'asciijump', 'action': 'delete', 'id': '5475369', 'version': '::apt', 'url': ' '}, {'name': 'robotfindskitten', 'action': 'delete', 'id': '5474869', 'version': '::apt', 'url': ' '}, {'name': 'squirrel3', 'action': 'delete', 'id': '5475279', 'version': '::apt', 'url': ' '}]}
09:08:59 INFO  State of operation 17537507 : PENDING
09:09:02 INFO  State of operation 17537507 : EXECUTING
09:09:04 INFO  State of operation 17537507 : EXECUTING
09:09:06 INFO  State of operation 17537507 : EXECUTING
09:09:08 INFO  State of operation 17537507 : EXECUTING
09:09:10 INFO  State of operation 17537507 : EXECUTING
09:09:13 INFO  State of operation 17537507 : EXECUTING
09:09:17 INFO  State of operation 17537507 : EXECUTING
09:09:19 INFO  State of operation 17537507 : EXECUTING
09:09:21 INFO  State of operation 17537507 : EXECUTING
09:09:23 INFO  State of operation 17537507 : EXECUTING
09:09:26 INFO  State of operation 17537507 : EXECUTING
09:09:28 INFO  State of operation 17537507 : EXECUTING
09:09:30 INFO  State of operation 17537507 : EXECUTING
09:09:32 INFO  State of operation 17537507 : EXECUTING
09:09:35 INFO  State of operation 17537507 : EXECUTING
09:09:37 INFO  State of operation 17537507 : EXECUTING
09:09:40 INFO  State of operation 17537507 : EXECUTING
09:09:42 INFO  State of operation 17537507 : EXECUTING
09:09:45 INFO  State of operation 17537507 : EXECUTING
09:09:47 INFO  State of operation 17537507 : EXECUTING
09:09:49 INFO  State of operation 17537507 : EXECUTING
09:09:51 INFO  State of operation 17537507 : EXECUTING
09:09:54 INFO  State of operation 17537507 : EXECUTING
09:09:57 INFO  State of operation 17537507 : EXECUTING
09:09:59 INFO  State of operation 17537507 : EXECUTING
09:10:02 INFO  State of operation 17537507 : EXECUTING
09:10:04 INFO  State of operation 17537507 : SUCCESSFUL
09:10:04 INFO  Assert that (False == value) with value=False ... passed
09:10:04 INFO  Assert that (False == value) with value=False ... passed
09:10:05 INFO  Assert that (False == value) with value=False ... passed
09:10:05 INFO  Assert that (False == value) with value=False ... passed
09:10:05 INFO  
09:10:05 INFO  cleanup:
09:10:09 INFO  Executed sudo&lt;tedge_disconnect_c8y&gt;, exit status 0
09:10:10 INFO  Executed systemctl&lt;serv_mapper5&gt;, exit status 3
09:10:10 INFO  
09:10:10 INFO  Test duration: 184.25 secs
09:10:10 INFO  Test final outcome:  FAILED
09:10:10 INFO  Test outcome reason: Assert that (False == value) with value=True
09:10:10 INFO  
</system-out>
	</testcase>
</testsuite>
