<?xml version="1.0" encoding="utf-8"?>
<testsuite failures="0" name="apt_prepare" skipped="0" tests="1" time="20.74" timestamp="2022-05-02T15:30:36">
	<testcase classname="AptPluginPrepare" name="apt_prepare"/>
</testsuite>
