<?xml version="1.0" encoding="utf-8"?>
<testsuite failures="0" name="apt_update_list" skipped="0" tests="1" time="129.69" timestamp="2022-05-09T16:26:42">
	<testcase classname="AptPluginUpdateList" name="apt_update_list"/>
</testsuite>
