<?xml version="1.0" encoding="utf-8"?>
<testsuite failures="0" name="apt_finalize" skipped="0" tests="1" time="152.06" timestamp="2022-04-28T15:45:32">
	<testcase classname="AptPluginFinalize" name="apt_finalize"/>
</testsuite>
