<?xml version="1.0" encoding="utf-8"?>
<testsuite failures="1" name="SoftwareManagement.sm_apt_install_remove_multiple_mixed" skipped="0" tests="1" time="177.96" timestamp="2022-05-30T09:57:41">
	<testcase classname="PySysTest" name="SoftwareManagement.sm_apt_install_remove_multiple_mixed">
		<failure message="BLOCKED: SystemError: Timeout while waiting for status SUCCESSFUL or False" type="BLOCKED"/>
		<system-out>09:54:43 INFO  ==============================================================
09:54:43 INFO  Id:    SoftwareManagement.sm_apt_install_remove_multiple_mixed
09:54:43 INFO  Dir:   software_management_end_to_end/
09:54:43 INFO  Title: Validate end to end behaviour for the apt plugin for multiple packages with mixed versions
09:54:43 INFO  ==============================================================
09:54:43 INFO  Using sw id database: {'asciijump': '5475369', 'robotfindskitten': '5474869', 'squirrel3': '5475279', 'rolldice': '5152439', 'moon-buggy': '5439204', 'apple': '5495053', 'banana': '5494888', 'cherry': '5495382', 'watermelon': '5494510', 'registry': '8018911', 'hello-world': '8021526', 'docker/getting-started': '8021973', 'alpine': '7991792'}
09:54:43 INFO  EnvironmentC8y Setup
09:54:43 INFO  Executed systemctl&lt;serv_mapper1&gt;, exit status 3
09:54:43 INFO  Restarting mosquitto too frequently in the last 10 seconds. It was only up for 5 seconds
09:54:43 INFO  Delaying execution by 6 seconds
09:55:03 INFO  Executed sudo&lt;tedge_connect_c8y&gt;, exit status 0, duration 14 secs
09:55:04 INFO  Executed sudo&lt;tedge_connect_c8y_test&gt;, exit status 0
09:55:05 INFO  Executed systemctl&lt;serv_mosq2&gt;, exit status 0
09:55:05 INFO  Executed systemctl&lt;serv_mapper3&gt;, exit status 0
09:55:07 INFO  State of current operation: SUCCESSFUL
09:55:08 INFO  Assert that (False == value) with value=False ... passed
09:55:08 INFO  Assert that (False == value) with value=False ... passed
09:55:08 INFO  Assert that (False == value) with value=False ... passed
09:55:08 INFO  Assert that (False == value) with value=False ... passed
09:55:08 INFO  Assert that (False == value) with value=False ... passed
09:55:10 INFO  Response status: 201
09:55:10 INFO  Response to action: {
    &quot;creationTime&quot;: &quot;2022-05-30T09:55:10.137Z&quot;,
    &quot;deviceId&quot;: &quot;19786603&quot;,
    &quot;deviceName&quot;: &quot;mythicd&quot;,
    &quot;self&quot;: &quot;https://t493319102.eu-latest.cumulocity.com/devicecontrol/operations/19797846&quot;,
    &quot;id&quot;: &quot;19797846&quot;,
    &quot;status&quot;: &quot;PENDING&quot;,
    &quot;description&quot;: &quot;Apply software changes, triggered from PySys: [{'action': 'install', 'id': '5475369', 'name': 'asciijump', 'url': ' ', 'version': '::apt'}, {'action': 'install', 'id': '5474869', 'name': 'robotfindskitten', 'url': ' ', 'version': ' '}, {'action': 'install', 'id': '5475279', 'name': 'squirrel3', 'url': ' ', 'version': '3.1-7::apt'}, {'action': 'install', 'id': '5152439', 'name': 'rolldice', 'url': ' ', 'version': '1.16-1+b1'}, {'action': 'install', 'id': '5439204', 'name': 'moon-buggy', 'url': ' ', 'version': '1:1.0.51-12'}, {'action': 'install', 'id': '5475369', 'name': 'asciijump', 'url': ' ', 'version': '::apt'}]&quot;,
    &quot;c8y_SoftwareUpdate&quot;: [
        {
            &quot;name&quot;: &quot;asciijump&quot;,
            &quot;action&quot;: &quot;install&quot;,
            &quot;id&quot;: &quot;5475369&quot;,
            &quot;version&quot;: &quot;::apt&quot;,
            &quot;url&quot;: &quot; &quot;
        },
        {
            &quot;name&quot;: &quot;robotfindskitten&quot;,
            &quot;action&quot;: &quot;install&quot;,
            &quot;id&quot;: &quot;5474869&quot;,
            &quot;version&quot;: &quot; &quot;,
            &quot;url&quot;: &quot; &quot;
        },
        {
            &quot;name&quot;: &quot;squirrel3&quot;,
            &quot;action&quot;: &quot;install&quot;,
            &quot;id&quot;: &quot;5475279&quot;,
            &quot;version&quot;: &quot;3.1-7::apt&quot;,
            &quot;url&quot;: &quot; &quot;
        },
        {
            &quot;name&quot;: &quot;rolldice&quot;,
            &quot;action&quot;: &quot;install&quot;,
            &quot;id&quot;: &quot;5152439&quot;,
            &quot;version&quot;: &quot;1.16-1+b1&quot;,
            &quot;url&quot;: &quot; &quot;
        },
        {
            &quot;name&quot;: &quot;moon-buggy&quot;,
            &quot;action&quot;: &quot;install&quot;,
            &quot;id&quot;: &quot;5439204&quot;,
            &quot;version&quot;: &quot;1:1.0.51-12&quot;,
            &quot;url&quot;: &quot; &quot;
        },
        {
            &quot;name&quot;: &quot;asciijump&quot;,
            &quot;action&quot;: &quot;install&quot;,
            &quot;id&quot;: &quot;5475369&quot;,
            &quot;version&quot;: &quot;::apt&quot;,
            &quot;url&quot;: &quot; &quot;
        }
    ]
}
09:55:10 INFO  Started operation: {'creationTime': '2022-05-30T09:55:10.137Z', 'deviceId': '19786603', 'deviceName': 'mythicd', 'self': 'https://t493319102.eu-latest.cumulocity.com/devicecontrol/operations/19797846', 'id': '19797846', 'status': 'PENDING', 'description': &quot;Apply software changes, triggered from PySys: [{'action': 'install', 'id': '5475369', 'name': 'asciijump', 'url': ' ', 'version': '::apt'}, {'action': 'install', 'id': '5474869', 'name': 'robotfindskitten', 'url': ' ', 'version': ' '}, {'action': 'install', 'id': '5475279', 'name': 'squirrel3', 'url': ' ', 'version': '3.1-7::apt'}, {'action': 'install', 'id': '5152439', 'name': 'rolldice', 'url': ' ', 'version': '1.16-1+b1'}, {'action': 'install', 'id': '5439204', 'name': 'moon-buggy', 'url': ' ', 'version': '1:1.0.51-12'}, {'action': 'install', 'id': '5475369', 'name': 'asciijump', 'url': ' ', 'version': '::apt'}]&quot;, 'c8y_SoftwareUpdate': [{'name': 'asciijump', 'action': 'install', 'id': '5475369', 'version': '::apt', 'url': ' '}, {'name': 'robotfindskitten', 'action': 'install', 'id': '5474869', 'version': ' ', 'url': ' '}, {'name': 'squirrel3', 'action': 'install', 'id': '5475279', 'version': '3.1-7::apt', 'url': ' '}, {'name': 'rolldice', 'action': 'install', 'id': '5152439', 'version': '1.16-1+b1', 'url': ' '}, {'name': 'moon-buggy', 'action': 'install', 'id': '5439204', 'version': '1:1.0.51-12', 'url': ' '}, {'name': 'asciijump', 'action': 'install', 'id': '5475369', 'version': '::apt', 'url': ' '}]}
09:55:12 INFO  State of operation 19797846 : PENDING
09:55:14 INFO  State of operation 19797846 : EXECUTING
09:55:16 INFO  State of operation 19797846 : EXECUTING
09:55:19 INFO  State of operation 19797846 : EXECUTING
09:55:21 INFO  State of operation 19797846 : EXECUTING
09:55:23 INFO  State of operation 19797846 : EXECUTING
09:55:26 INFO  State of operation 19797846 : EXECUTING
09:55:29 INFO  State of operation 19797846 : EXECUTING
09:55:31 INFO  State of operation 19797846 : EXECUTING
09:55:34 INFO  State of operation 19797846 : EXECUTING
09:55:36 INFO  State of operation 19797846 : EXECUTING
09:55:38 INFO  State of operation 19797846 : EXECUTING
09:55:41 INFO  State of operation 19797846 : EXECUTING
09:55:43 INFO  State of operation 19797846 : EXECUTING
09:55:45 INFO  State of operation 19797846 : EXECUTING
09:55:47 INFO  State of operation 19797846 : EXECUTING
09:55:50 INFO  State of operation 19797846 : EXECUTING
09:55:52 INFO  State of operation 19797846 : EXECUTING
09:55:55 INFO  State of operation 19797846 : EXECUTING
09:55:57 INFO  State of operation 19797846 : EXECUTING
09:55:59 INFO  State of operation 19797846 : EXECUTING
09:56:02 INFO  State of operation 19797846 : EXECUTING
09:56:04 INFO  State of operation 19797846 : EXECUTING
09:56:06 INFO  State of operation 19797846 : EXECUTING
09:56:09 INFO  State of operation 19797846 : EXECUTING
09:56:11 INFO  State of operation 19797846 : EXECUTING
09:56:14 INFO  State of operation 19797846 : EXECUTING
09:56:16 INFO  State of operation 19797846 : EXECUTING
09:56:19 INFO  State of operation 19797846 : EXECUTING
09:56:21 INFO  State of operation 19797846 : EXECUTING
09:56:23 INFO  State of operation 19797846 : EXECUTING
09:56:26 INFO  State of operation 19797846 : EXECUTING
09:56:28 INFO  State of operation 19797846 : EXECUTING
09:56:30 INFO  State of operation 19797846 : EXECUTING
09:56:32 INFO  State of operation 19797846 : EXECUTING
09:56:35 INFO  State of operation 19797846 : EXECUTING
09:56:37 INFO  State of operation 19797846 : EXECUTING
09:56:39 INFO  State of operation 19797846 : EXECUTING
09:56:42 INFO  State of operation 19797846 : EXECUTING
09:56:44 INFO  State of operation 19797846 : EXECUTING
09:56:47 INFO  State of operation 19797846 : EXECUTING
09:56:49 INFO  State of operation 19797846 : EXECUTING
09:56:51 INFO  State of operation 19797846 : EXECUTING
09:56:54 INFO  State of operation 19797846 : EXECUTING
09:56:56 INFO  State of operation 19797846 : EXECUTING
09:56:58 INFO  State of operation 19797846 : EXECUTING
09:57:00 INFO  State of operation 19797846 : EXECUTING
09:57:02 INFO  State of operation 19797846 : EXECUTING
09:57:05 INFO  State of operation 19797846 : EXECUTING
09:57:08 INFO  State of operation 19797846 : EXECUTING
09:57:10 INFO  State of operation 19797846 : EXECUTING
09:57:12 INFO  State of operation 19797846 : EXECUTING
09:57:15 INFO  State of operation 19797846 : EXECUTING
09:57:17 INFO  State of operation 19797846 : EXECUTING
09:57:20 INFO  State of operation 19797846 : EXECUTING
09:57:22 INFO  State of operation 19797846 : EXECUTING
09:57:24 INFO  State of operation 19797846 : EXECUTING
09:57:26 INFO  State of operation 19797846 : EXECUTING
09:57:29 INFO  State of operation 19797846 : EXECUTING
09:57:31 INFO  State of operation 19797846 : EXECUTING
09:57:33 INFO  State of operation 19797846 : EXECUTING
09:57:35 WARN  SystemError occurred while running test - Timeout while waiting for status SUCCESSFUL or False
Traceback (most recent call last):
  File &quot;/home/pi/env-pysys/lib/python3.7/site-packages/pysys/baserunner.py&quot;, line 1294, in __call__
    self.testObj.execute()
  File &quot;/home/pi/actions-runner/_work/thin-edge.io/thin-edge.io/tests/PySys/software_management_end_to_end/sm_apt_install_remove_multiple_mixed/run.py&quot;, line 89, in execute
    self.wait_until_succcess()
  File &quot;/home/pi/actions-runner/_work/thin-edge.io/thin-edge.io/tests/PySys/software_management_end_to_end/environment_sm_management.py&quot;, line 324, in wait_until_succcess
    self.wait_until_status(&quot;SUCCESSFUL&quot;)
  File &quot;/home/pi/actions-runner/_work/thin-edge.io/thin-edge.io/tests/PySys/software_management_end_to_end/environment_sm_management.py&quot;, line 381, in wait_until_status
    &quot;Timeout while waiting for status %s or %s&quot; % (status, status2)
SystemError: Timeout while waiting for status SUCCESSFUL or False
09:57:36 WARN  SystemError: Timeout while waiting for status SUCCESSFUL or False ... blocked 
09:57:36 INFO  
09:57:36 INFO  cleanup:
09:57:40 INFO  Executed sudo&lt;tedge_disconnect_c8y&gt;, exit status 0
09:57:41 INFO  Executed systemctl&lt;serv_mapper5&gt;, exit status 3
09:57:41 INFO  
09:57:41 INFO  Test duration: 177.96 secs
09:57:41 INFO  Test final outcome:  BLOCKED
09:57:41 INFO  Test outcome reason: SystemError: Timeout while waiting for status SUCCESSFUL or False
09:57:41 INFO  
</system-out>
	</testcase>
</testsuite>
