<?xml version="1.0" encoding="utf-8"?>
<testsuite failures="1" name="SoftwareManagement.sm_apt_install_remove_multiple" skipped="0" tests="1" time="184.13" timestamp="2022-05-11T12:18:24">
	<testcase classname="PySysTest" name="SoftwareManagement.sm_apt_install_remove_multiple">
		<failure message="FAILED: Assert that (False == value) with value=True" type="FAILED"/>
		<system-out>12:15:20 INFO  ==============================================================
12:15:20 INFO  Id:    SoftwareManagement.sm_apt_install_remove_multiple
12:15:20 INFO  Dir:   software_management_end_to_end/
12:15:20 INFO  Title: Validate end to end behaviour for the apt plugin for multiple packages
12:15:20 INFO  ==============================================================
12:15:20 INFO  Using sw id database: {'asciijump': '5475369', 'robotfindskitten': '5474869', 'squirrel3': '5475279', 'rolldice': '5152439', 'moon-buggy': '5439204', 'apple': '5495053', 'banana': '5494888', 'cherry': '5495382', 'watermelon': '5494510', 'registry': '8018911', 'hello-world': '8021526', 'docker/getting-started': '8021973', 'alpine': '7991792'}
12:15:20 INFO  EnvironmentC8y Setup
12:15:20 INFO  Executed systemctl&lt;serv_mapper1&gt;, exit status 3
12:15:20 INFO  Restarting mosquitto too frequently in the last 10 seconds. It was only up for 5 seconds
12:15:20 INFO  Delaying execution by 6 seconds
12:15:41 INFO  Executed sudo&lt;tedge_connect_c8y&gt;, exit status 0, duration 14 secs
12:15:41 INFO  Executed sudo&lt;tedge_connect_c8y_test&gt;, exit status 0
12:15:42 INFO  Executed systemctl&lt;serv_mosq2&gt;, exit status 0
12:15:42 INFO  Executed systemctl&lt;serv_mapper3&gt;, exit status 0
12:15:44 INFO  State of current operation: SUCCESSFUL
12:15:45 INFO  Assert that (False == value) with value=False ... passed
12:15:45 INFO  Assert that (False == value) with value=False ... passed
12:15:45 INFO  Assert that (False == value) with value=False ... passed
12:15:45 INFO  Package robotfindskitten is installed
12:15:45 WARN  Assert that (False == value) with value=True ... failed 
12:15:45 INFO  Response status: 201
12:15:45 INFO  Response to action: {
    &quot;delivery&quot;: {
        &quot;time&quot;: &quot;2022-05-11T12:15:45.902Z&quot;,
        &quot;log&quot;: [],
        &quot;status&quot;: &quot;PENDING&quot;
    },
    &quot;creationTime&quot;: &quot;2022-05-11T12:15:45.889Z&quot;,
    &quot;deviceName&quot;: &quot;mythicd&quot;,
    &quot;deviceId&quot;: &quot;18813522&quot;,
    &quot;self&quot;: &quot;https://t493319102.eu-latest.cumulocity.com/devicecontrol/operations/18840500&quot;,
    &quot;id&quot;: &quot;18840500&quot;,
    &quot;status&quot;: &quot;PENDING&quot;,
    &quot;description&quot;: &quot;Apply software changes, triggered from PySys: [{'action': 'install', 'id': '5475369', 'name': 'asciijump', 'url': ' ', 'version': '::apt'}, {'action': 'install', 'id': '5474869', 'name': 'robotfindskitten', 'url': ' ', 'version': '::apt'}, {'action': 'install', 'id': '5475279', 'name': 'squirrel3', 'url': ' ', 'version': '::apt'}]&quot;,
    &quot;c8y_SoftwareUpdate&quot;: [
        {
            &quot;name&quot;: &quot;asciijump&quot;,
            &quot;action&quot;: &quot;install&quot;,
            &quot;id&quot;: &quot;5475369&quot;,
            &quot;version&quot;: &quot;::apt&quot;,
            &quot;url&quot;: &quot; &quot;
        },
        {
            &quot;name&quot;: &quot;robotfindskitten&quot;,
            &quot;action&quot;: &quot;install&quot;,
            &quot;id&quot;: &quot;5474869&quot;,
            &quot;version&quot;: &quot;::apt&quot;,
            &quot;url&quot;: &quot; &quot;
        },
        {
            &quot;name&quot;: &quot;squirrel3&quot;,
            &quot;action&quot;: &quot;install&quot;,
            &quot;id&quot;: &quot;5475279&quot;,
            &quot;version&quot;: &quot;::apt&quot;,
            &quot;url&quot;: &quot; &quot;
        }
    ]
}
12:15:45 INFO  Started operation: {'delivery': {'time': '2022-05-11T12:15:45.902Z', 'log': [], 'status': 'PENDING'}, 'creationTime': '2022-05-11T12:15:45.889Z', 'deviceName': 'mythicd', 'deviceId': '18813522', 'self': 'https://t493319102.eu-latest.cumulocity.com/devicecontrol/operations/18840500', 'id': '18840500', 'status': 'PENDING', 'description': &quot;Apply software changes, triggered from PySys: [{'action': 'install', 'id': '5475369', 'name': 'asciijump', 'url': ' ', 'version': '::apt'}, {'action': 'install', 'id': '5474869', 'name': 'robotfindskitten', 'url': ' ', 'version': '::apt'}, {'action': 'install', 'id': '5475279', 'name': 'squirrel3', 'url': ' ', 'version': '::apt'}]&quot;, 'c8y_SoftwareUpdate': [{'name': 'asciijump', 'action': 'install', 'id': '5475369', 'version': '::apt', 'url': ' '}, {'name': 'robotfindskitten', 'action': 'install', 'id': '5474869', 'version': '::apt', 'url': ' '}, {'name': 'squirrel3', 'action': 'install', 'id': '5475279', 'version': '::apt', 'url': ' '}]}
12:15:48 INFO  State of operation 18840500 : PENDING
12:15:50 INFO  State of operation 18840500 : EXECUTING
12:15:52 INFO  State of operation 18840500 : EXECUTING
12:15:54 INFO  State of operation 18840500 : EXECUTING
12:15:57 INFO  State of operation 18840500 : EXECUTING
12:15:59 INFO  State of operation 18840500 : EXECUTING
12:16:02 INFO  State of operation 18840500 : EXECUTING
12:16:04 INFO  State of operation 18840500 : EXECUTING
12:16:07 INFO  State of operation 18840500 : EXECUTING
12:16:09 INFO  State of operation 18840500 : EXECUTING
12:16:12 INFO  State of operation 18840500 : EXECUTING
12:16:14 INFO  State of operation 18840500 : EXECUTING
12:16:16 INFO  State of operation 18840500 : EXECUTING
12:16:18 INFO  State of operation 18840500 : EXECUTING
12:16:21 INFO  State of operation 18840500 : EXECUTING
12:16:23 INFO  State of operation 18840500 : EXECUTING
12:16:25 INFO  State of operation 18840500 : EXECUTING
12:16:28 INFO  State of operation 18840500 : EXECUTING
12:16:30 INFO  State of operation 18840500 : EXECUTING
12:16:33 INFO  State of operation 18840500 : EXECUTING
12:16:35 INFO  State of operation 18840500 : EXECUTING
12:16:37 INFO  State of operation 18840500 : EXECUTING
12:16:40 INFO  State of operation 18840500 : EXECUTING
12:16:42 INFO  State of operation 18840500 : EXECUTING
12:16:44 INFO  State of operation 18840500 : EXECUTING
12:16:47 INFO  State of operation 18840500 : EXECUTING
12:16:50 INFO  State of operation 18840500 : EXECUTING
12:16:52 INFO  State of operation 18840500 : EXECUTING
12:16:55 INFO  State of operation 18840500 : EXECUTING
12:16:57 INFO  State of operation 18840500 : EXECUTING
12:16:59 INFO  State of operation 18840500 : EXECUTING
12:17:01 INFO  State of operation 18840500 : EXECUTING
12:17:04 INFO  State of operation 18840500 : EXECUTING
12:17:06 INFO  State of operation 18840500 : EXECUTING
12:17:08 INFO  State of operation 18840500 : SUCCESSFUL
12:17:08 INFO  Assert that (False == value) with value=False ... passed
12:17:09 INFO  Package asciijump is installed
12:17:09 INFO  Assert that (True == value) with value=True ... passed
12:17:09 INFO  Package squirrel3 is installed
12:17:09 INFO  Assert that (True == value) with value=True ... passed
12:17:09 INFO  Package robotfindskitten is installed
12:17:09 INFO  Assert that (True == value) with value=True ... passed
12:17:09 INFO  Response status: 201
12:17:09 INFO  Response to action: {
    &quot;delivery&quot;: {
        &quot;time&quot;: &quot;2022-05-11T12:17:09.649Z&quot;,
        &quot;log&quot;: [],
        &quot;status&quot;: &quot;PENDING&quot;
    },
    &quot;creationTime&quot;: &quot;2022-05-11T12:17:09.636Z&quot;,
    &quot;deviceName&quot;: &quot;mythicd&quot;,
    &quot;deviceId&quot;: &quot;18813522&quot;,
    &quot;self&quot;: &quot;https://t493319102.eu-latest.cumulocity.com/devicecontrol/operations/18840529&quot;,
    &quot;id&quot;: &quot;18840529&quot;,
    &quot;status&quot;: &quot;PENDING&quot;,
    &quot;description&quot;: &quot;Apply software changes, triggered from PySys: [{'action': 'delete', 'id': '5475369', 'name': 'asciijump', 'url': ' ', 'version': '::apt'}, {'action': 'delete', 'id': '5474869', 'name': 'robotfindskitten', 'url': ' ', 'version': '::apt'}, {'action': 'delete', 'id': '5475279', 'name': 'squirrel3', 'url': ' ', 'version': '::apt'}]&quot;,
    &quot;c8y_SoftwareUpdate&quot;: [
        {
            &quot;name&quot;: &quot;asciijump&quot;,
            &quot;action&quot;: &quot;delete&quot;,
            &quot;id&quot;: &quot;5475369&quot;,
            &quot;version&quot;: &quot;::apt&quot;,
            &quot;url&quot;: &quot; &quot;
        },
        {
            &quot;name&quot;: &quot;robotfindskitten&quot;,
            &quot;action&quot;: &quot;delete&quot;,
            &quot;id&quot;: &quot;5474869&quot;,
            &quot;version&quot;: &quot;::apt&quot;,
            &quot;url&quot;: &quot; &quot;
        },
        {
            &quot;name&quot;: &quot;squirrel3&quot;,
            &quot;action&quot;: &quot;delete&quot;,
            &quot;id&quot;: &quot;5475279&quot;,
            &quot;version&quot;: &quot;::apt&quot;,
            &quot;url&quot;: &quot; &quot;
        }
    ]
}
12:17:09 INFO  Started operation: {'delivery': {'time': '2022-05-11T12:17:09.649Z', 'log': [], 'status': 'PENDING'}, 'creationTime': '2022-05-11T12:17:09.636Z', 'deviceName': 'mythicd', 'deviceId': '18813522', 'self': 'https://t493319102.eu-latest.cumulocity.com/devicecontrol/operations/18840529', 'id': '18840529', 'status': 'PENDING', 'description': &quot;Apply software changes, triggered from PySys: [{'action': 'delete', 'id': '5475369', 'name': 'asciijump', 'url': ' ', 'version': '::apt'}, {'action': 'delete', 'id': '5474869', 'name': 'robotfindskitten', 'url': ' ', 'version': '::apt'}, {'action': 'delete', 'id': '5475279', 'name': 'squirrel3', 'url': ' ', 'version': '::apt'}]&quot;, 'c8y_SoftwareUpdate': [{'name': 'asciijump', 'action': 'delete', 'id': '5475369', 'version': '::apt', 'url': ' '}, {'name': 'robotfindskitten', 'action': 'delete', 'id': '5474869', 'version': '::apt', 'url': ' '}, {'name': 'squirrel3', 'action': 'delete', 'id': '5475279', 'version': '::apt', 'url': ' '}]}
12:17:11 INFO  State of operation 18840529 : PENDING
12:17:14 INFO  State of operation 18840529 : EXECUTING
12:17:16 INFO  State of operation 18840529 : EXECUTING
12:17:18 INFO  State of operation 18840529 : EXECUTING
12:17:20 INFO  State of operation 18840529 : EXECUTING
12:17:23 INFO  State of operation 18840529 : EXECUTING
12:17:26 INFO  State of operation 18840529 : EXECUTING
12:17:29 INFO  State of operation 18840529 : EXECUTING
12:17:31 INFO  State of operation 18840529 : EXECUTING
12:17:34 INFO  State of operation 18840529 : EXECUTING
12:17:36 INFO  State of operation 18840529 : EXECUTING
12:17:38 INFO  State of operation 18840529 : EXECUTING
12:17:40 INFO  State of operation 18840529 : EXECUTING
12:17:43 INFO  State of operation 18840529 : EXECUTING
12:17:45 INFO  State of operation 18840529 : EXECUTING
12:17:47 INFO  State of operation 18840529 : EXECUTING
12:17:50 INFO  State of operation 18840529 : EXECUTING
12:17:52 INFO  State of operation 18840529 : EXECUTING
12:17:55 INFO  State of operation 18840529 : EXECUTING
12:17:57 INFO  State of operation 18840529 : EXECUTING
12:17:59 INFO  State of operation 18840529 : EXECUTING
12:18:01 INFO  State of operation 18840529 : EXECUTING
12:18:04 INFO  State of operation 18840529 : EXECUTING
12:18:06 INFO  State of operation 18840529 : EXECUTING
12:18:09 INFO  State of operation 18840529 : EXECUTING
12:18:11 INFO  State of operation 18840529 : EXECUTING
12:18:14 INFO  State of operation 18840529 : EXECUTING
12:18:16 INFO  State of operation 18840529 : EXECUTING
12:18:18 INFO  State of operation 18840529 : SUCCESSFUL
12:18:18 INFO  Assert that (False == value) with value=False ... passed
12:18:18 INFO  Assert that (False == value) with value=False ... passed
12:18:19 INFO  Assert that (False == value) with value=False ... passed
12:18:19 INFO  Assert that (False == value) with value=False ... passed
12:18:19 INFO  
12:18:19 INFO  cleanup:
12:18:23 INFO  Executed sudo&lt;tedge_disconnect_c8y&gt;, exit status 0
12:18:24 INFO  Executed systemctl&lt;serv_mapper5&gt;, exit status 3
12:18:24 INFO  
12:18:24 INFO  Test duration: 184.13 secs
12:18:24 INFO  Test final outcome:  FAILED
12:18:24 INFO  Test outcome reason: Assert that (False == value) with value=True
12:18:24 INFO  
</system-out>
	</testcase>
</testsuite>
