<?xml version="1.0" encoding="utf-8"?>
<testsuite failures="1" name="SoftwareManagement.sm_apt_install_remove_multiple" skipped="0" tests="1" time="181.53" timestamp="2022-04-27T15:08:09">
	<testcase classname="PySysTest" name="SoftwareManagement.sm_apt_install_remove_multiple">
		<failure message="FAILED: Assert that (False == value) with value=True" type="FAILED"/>
		<system-out>15:05:08 INFO  ==============================================================
15:05:08 INFO  Id:    SoftwareManagement.sm_apt_install_remove_multiple
15:05:08 INFO  Dir:   software_management_end_to_end/
15:05:08 INFO  Title: Validate end to end behaviour for the apt plugin for multiple packages
15:05:08 INFO  ==============================================================
15:05:08 INFO  Using sw id database: {'asciijump': '5475369', 'robotfindskitten': '5474869', 'squirrel3': '5475279', 'rolldice': '5152439', 'moon-buggy': '5439204', 'apple': '5495053', 'banana': '5494888', 'cherry': '5495382', 'watermelon': '5494510', 'registry': '8018911', 'hello-world': '8021526', 'docker/getting-started': '8021973', 'alpine': '7991792'}
15:05:08 INFO  EnvironmentC8y Setup
15:05:09 INFO  Executed systemctl&lt;serv_mapper1&gt;, exit status 3
15:05:09 INFO  Restarting mosquitto too frequently in the last 10 seconds. It was only up for 5 seconds
15:05:09 INFO  Delaying execution by 6 seconds
15:05:29 INFO  Executed sudo&lt;tedge_connect_c8y&gt;, exit status 0, duration 14 secs
15:05:30 INFO  Executed sudo&lt;tedge_connect_c8y_test&gt;, exit status 0
15:05:30 INFO  Executed systemctl&lt;serv_mosq2&gt;, exit status 0
15:05:31 INFO  Executed systemctl&lt;serv_mapper3&gt;, exit status 0
15:05:33 INFO  State of current operation: SUCCESSFUL
15:05:33 INFO  Assert that (False == value) with value=False ... passed
15:05:33 INFO  Assert that (False == value) with value=False ... passed
15:05:33 INFO  Assert that (False == value) with value=False ... passed
15:05:34 INFO  Package robotfindskitten is installed
15:05:34 WARN  Assert that (False == value) with value=True ... failed 
15:05:34 INFO  Response status: 201
15:05:34 INFO  Response to action: {
    &quot;creationTime&quot;: &quot;2022-04-27T15:05:34.370Z&quot;,
    &quot;deviceName&quot;: &quot;mythicd&quot;,
    &quot;deviceId&quot;: &quot;17785279&quot;,
    &quot;self&quot;: &quot;https://t493319102.eu-latest.cumulocity.com/devicecontrol/operations/17795081&quot;,
    &quot;id&quot;: &quot;17795081&quot;,
    &quot;status&quot;: &quot;PENDING&quot;,
    &quot;description&quot;: &quot;Apply software changes, triggered from PySys: [{'action': 'install', 'id': '5475369', 'name': 'asciijump', 'url': ' ', 'version': '::apt'}, {'action': 'install', 'id': '5474869', 'name': 'robotfindskitten', 'url': ' ', 'version': '::apt'}, {'action': 'install', 'id': '5475279', 'name': 'squirrel3', 'url': ' ', 'version': '::apt'}]&quot;,
    &quot;c8y_SoftwareUpdate&quot;: [
        {
            &quot;name&quot;: &quot;asciijump&quot;,
            &quot;action&quot;: &quot;install&quot;,
            &quot;id&quot;: &quot;5475369&quot;,
            &quot;version&quot;: &quot;::apt&quot;,
            &quot;url&quot;: &quot; &quot;
        },
        {
            &quot;name&quot;: &quot;robotfindskitten&quot;,
            &quot;action&quot;: &quot;install&quot;,
            &quot;id&quot;: &quot;5474869&quot;,
            &quot;version&quot;: &quot;::apt&quot;,
            &quot;url&quot;: &quot; &quot;
        },
        {
            &quot;name&quot;: &quot;squirrel3&quot;,
            &quot;action&quot;: &quot;install&quot;,
            &quot;id&quot;: &quot;5475279&quot;,
            &quot;version&quot;: &quot;::apt&quot;,
            &quot;url&quot;: &quot; &quot;
        }
    ]
}
15:05:34 INFO  Started operation: {'creationTime': '2022-04-27T15:05:34.370Z', 'deviceName': 'mythicd', 'deviceId': '17785279', 'self': 'https://t493319102.eu-latest.cumulocity.com/devicecontrol/operations/17795081', 'id': '17795081', 'status': 'PENDING', 'description': &quot;Apply software changes, triggered from PySys: [{'action': 'install', 'id': '5475369', 'name': 'asciijump', 'url': ' ', 'version': '::apt'}, {'action': 'install', 'id': '5474869', 'name': 'robotfindskitten', 'url': ' ', 'version': '::apt'}, {'action': 'install', 'id': '5475279', 'name': 'squirrel3', 'url': ' ', 'version': '::apt'}]&quot;, 'c8y_SoftwareUpdate': [{'name': 'asciijump', 'action': 'install', 'id': '5475369', 'version': '::apt', 'url': ' '}, {'name': 'robotfindskitten', 'action': 'install', 'id': '5474869', 'version': '::apt', 'url': ' '}, {'name': 'squirrel3', 'action': 'install', 'id': '5475279', 'version': '::apt', 'url': ' '}]}
15:05:36 INFO  State of operation 17795081 : PENDING
15:05:38 INFO  State of operation 17795081 : EXECUTING
15:05:41 INFO  State of operation 17795081 : EXECUTING
15:05:43 INFO  State of operation 17795081 : EXECUTING
15:05:45 INFO  State of operation 17795081 : EXECUTING
15:05:47 INFO  State of operation 17795081 : EXECUTING
15:05:50 INFO  State of operation 17795081 : EXECUTING
15:05:53 INFO  State of operation 17795081 : EXECUTING
15:05:55 INFO  State of operation 17795081 : EXECUTING
15:05:58 INFO  State of operation 17795081 : EXECUTING
15:06:00 INFO  State of operation 17795081 : EXECUTING
15:06:02 INFO  State of operation 17795081 : EXECUTING
15:06:05 INFO  State of operation 17795081 : EXECUTING
15:06:07 INFO  State of operation 17795081 : EXECUTING
15:06:09 INFO  State of operation 17795081 : EXECUTING
15:06:12 INFO  State of operation 17795081 : EXECUTING
15:06:14 INFO  State of operation 17795081 : EXECUTING
15:06:16 INFO  State of operation 17795081 : EXECUTING
15:06:19 INFO  State of operation 17795081 : EXECUTING
15:06:21 INFO  State of operation 17795081 : EXECUTING
15:06:24 INFO  State of operation 17795081 : EXECUTING
15:06:26 INFO  State of operation 17795081 : EXECUTING
15:06:28 INFO  State of operation 17795081 : EXECUTING
15:06:31 INFO  State of operation 17795081 : EXECUTING
15:06:33 INFO  State of operation 17795081 : EXECUTING
15:06:35 INFO  State of operation 17795081 : EXECUTING
15:06:38 INFO  State of operation 17795081 : EXECUTING
15:06:40 INFO  State of operation 17795081 : EXECUTING
15:06:43 INFO  State of operation 17795081 : EXECUTING
15:06:45 INFO  State of operation 17795081 : EXECUTING
15:06:47 INFO  State of operation 17795081 : EXECUTING
15:06:50 INFO  State of operation 17795081 : EXECUTING
15:06:52 INFO  State of operation 17795081 : EXECUTING
15:06:54 INFO  State of operation 17795081 : EXECUTING
15:06:56 INFO  State of operation 17795081 : SUCCESSFUL
15:06:56 INFO  Assert that (False == value) with value=False ... passed
15:06:57 INFO  Package asciijump is installed
15:06:57 INFO  Assert that (True == value) with value=True ... passed
15:06:57 INFO  Package squirrel3 is installed
15:06:57 INFO  Assert that (True == value) with value=True ... passed
15:06:57 INFO  Package robotfindskitten is installed
15:06:57 INFO  Assert that (True == value) with value=True ... passed
15:06:57 INFO  Response status: 201
15:06:57 INFO  Response to action: {
    &quot;creationTime&quot;: &quot;2022-04-27T15:06:57.737Z&quot;,
    &quot;deviceName&quot;: &quot;mythicd&quot;,
    &quot;deviceId&quot;: &quot;17785279&quot;,
    &quot;self&quot;: &quot;https://t493319102.eu-latest.cumulocity.com/devicecontrol/operations/17795089&quot;,
    &quot;id&quot;: &quot;17795089&quot;,
    &quot;status&quot;: &quot;PENDING&quot;,
    &quot;description&quot;: &quot;Apply software changes, triggered from PySys: [{'action': 'delete', 'id': '5475369', 'name': 'asciijump', 'url': ' ', 'version': '::apt'}, {'action': 'delete', 'id': '5474869', 'name': 'robotfindskitten', 'url': ' ', 'version': '::apt'}, {'action': 'delete', 'id': '5475279', 'name': 'squirrel3', 'url': ' ', 'version': '::apt'}]&quot;,
    &quot;c8y_SoftwareUpdate&quot;: [
        {
            &quot;name&quot;: &quot;asciijump&quot;,
            &quot;action&quot;: &quot;delete&quot;,
            &quot;id&quot;: &quot;5475369&quot;,
            &quot;version&quot;: &quot;::apt&quot;,
            &quot;url&quot;: &quot; &quot;
        },
        {
            &quot;name&quot;: &quot;robotfindskitten&quot;,
            &quot;action&quot;: &quot;delete&quot;,
            &quot;id&quot;: &quot;5474869&quot;,
            &quot;version&quot;: &quot;::apt&quot;,
            &quot;url&quot;: &quot; &quot;
        },
        {
            &quot;name&quot;: &quot;squirrel3&quot;,
            &quot;action&quot;: &quot;delete&quot;,
            &quot;id&quot;: &quot;5475279&quot;,
            &quot;version&quot;: &quot;::apt&quot;,
            &quot;url&quot;: &quot; &quot;
        }
    ]
}
15:06:57 INFO  Started operation: {'creationTime': '2022-04-27T15:06:57.737Z', 'deviceName': 'mythicd', 'deviceId': '17785279', 'self': 'https://t493319102.eu-latest.cumulocity.com/devicecontrol/operations/17795089', 'id': '17795089', 'status': 'PENDING', 'description': &quot;Apply software changes, triggered from PySys: [{'action': 'delete', 'id': '5475369', 'name': 'asciijump', 'url': ' ', 'version': '::apt'}, {'action': 'delete', 'id': '5474869', 'name': 'robotfindskitten', 'url': ' ', 'version': '::apt'}, {'action': 'delete', 'id': '5475279', 'name': 'squirrel3', 'url': ' ', 'version': '::apt'}]&quot;, 'c8y_SoftwareUpdate': [{'name': 'asciijump', 'action': 'delete', 'id': '5475369', 'version': '::apt', 'url': ' '}, {'name': 'robotfindskitten', 'action': 'delete', 'id': '5474869', 'version': '::apt', 'url': ' '}, {'name': 'squirrel3', 'action': 'delete', 'id': '5475279', 'version': '::apt', 'url': ' '}]}
15:07:00 INFO  State of operation 17795089 : PENDING
15:07:02 INFO  State of operation 17795089 : EXECUTING
15:07:04 INFO  State of operation 17795089 : EXECUTING
15:07:06 INFO  State of operation 17795089 : EXECUTING
15:07:08 INFO  State of operation 17795089 : EXECUTING
15:07:11 INFO  State of operation 17795089 : EXECUTING
15:07:13 INFO  State of operation 17795089 : EXECUTING
15:07:16 INFO  State of operation 17795089 : EXECUTING
15:07:19 INFO  State of operation 17795089 : EXECUTING
15:07:22 INFO  State of operation 17795089 : EXECUTING
15:07:24 INFO  State of operation 17795089 : EXECUTING
15:07:26 INFO  State of operation 17795089 : EXECUTING
15:07:29 INFO  State of operation 17795089 : EXECUTING
15:07:31 INFO  State of operation 17795089 : EXECUTING
15:07:33 INFO  State of operation 17795089 : EXECUTING
15:07:35 INFO  State of operation 17795089 : EXECUTING
15:07:38 INFO  State of operation 17795089 : EXECUTING
15:07:41 INFO  State of operation 17795089 : EXECUTING
15:07:43 INFO  State of operation 17795089 : EXECUTING
15:07:45 INFO  State of operation 17795089 : EXECUTING
15:07:47 INFO  State of operation 17795089 : EXECUTING
15:07:50 INFO  State of operation 17795089 : EXECUTING
15:07:52 INFO  State of operation 17795089 : EXECUTING
15:07:54 INFO  State of operation 17795089 : EXECUTING
15:07:57 INFO  State of operation 17795089 : EXECUTING
15:07:59 INFO  State of operation 17795089 : EXECUTING
15:08:01 INFO  State of operation 17795089 : EXECUTING
15:08:04 INFO  State of operation 17795089 : SUCCESSFUL
15:08:04 INFO  Assert that (False == value) with value=False ... passed
15:08:04 INFO  Assert that (False == value) with value=False ... passed
15:08:04 INFO  Assert that (False == value) with value=False ... passed
15:08:05 INFO  Assert that (False == value) with value=False ... passed
15:08:05 INFO  
15:08:05 INFO  cleanup:
15:08:09 INFO  Executed sudo&lt;tedge_disconnect_c8y&gt;, exit status 0
15:08:09 INFO  Executed systemctl&lt;serv_mapper5&gt;, exit status 3
15:08:09 INFO  
15:08:09 INFO  Test duration: 181.53 secs
15:08:09 INFO  Test final outcome:  FAILED
15:08:09 INFO  Test outcome reason: Assert that (False == value) with value=True
15:08:09 INFO  
</system-out>
	</testcase>
</testsuite>
