<?xml version="1.0" encoding="utf-8"?>
<testsuite failures="0" name="apt_finalize" skipped="0" tests="1" time="153.93" timestamp="2022-05-30T09:27:40">
	<testcase classname="AptPluginFinalize" name="apt_finalize"/>
</testsuite>
