<?xml version="1.0" encoding="utf-8"?>
<testsuite failures="0" name="apt_install" skipped="0" tests="1" time="66.39" timestamp="2022-04-19T13:50:17">
	<testcase classname="AptPluginInstallDense" name="apt_install"/>
</testsuite>
