<?xml version="1.0" encoding="utf-8"?>
<testsuite failures="1" name="SoftwareManagement.sm_apt_install_remove_multiple" skipped="0" tests="1" time="182.68" timestamp="2022-05-30T09:54:43">
	<testcase classname="PySysTest" name="SoftwareManagement.sm_apt_install_remove_multiple">
		<failure message="FAILED: Assert that (False == value) with value=True" type="FAILED"/>
		<system-out>09:51:40 INFO  ==============================================================
09:51:40 INFO  Id:    SoftwareManagement.sm_apt_install_remove_multiple
09:51:40 INFO  Dir:   software_management_end_to_end/
09:51:40 INFO  Title: Validate end to end behaviour for the apt plugin for multiple packages
09:51:40 INFO  ==============================================================
09:51:40 INFO  Using sw id database: {'asciijump': '5475369', 'robotfindskitten': '5474869', 'squirrel3': '5475279', 'rolldice': '5152439', 'moon-buggy': '5439204', 'apple': '5495053', 'banana': '5494888', 'cherry': '5495382', 'watermelon': '5494510', 'registry': '8018911', 'hello-world': '8021526', 'docker/getting-started': '8021973', 'alpine': '7991792'}
09:51:40 INFO  EnvironmentC8y Setup
09:51:40 INFO  Executed systemctl&lt;serv_mapper1&gt;, exit status 3
09:51:41 INFO  Restarting mosquitto too frequently in the last 10 seconds. It was only up for 5 seconds
09:51:41 INFO  Delaying execution by 6 seconds
09:52:01 INFO  Executed sudo&lt;tedge_connect_c8y&gt;, exit status 0, duration 14 secs
09:52:02 INFO  Executed sudo&lt;tedge_connect_c8y_test&gt;, exit status 0
09:52:02 INFO  Executed systemctl&lt;serv_mosq2&gt;, exit status 0
09:52:03 INFO  Executed systemctl&lt;serv_mapper3&gt;, exit status 0
09:52:05 INFO  State of current operation: SUCCESSFUL
09:52:05 INFO  Assert that (False == value) with value=False ... passed
09:52:05 INFO  Assert that (False == value) with value=False ... passed
09:52:06 INFO  Assert that (False == value) with value=False ... passed
09:52:06 INFO  Package robotfindskitten is installed
09:52:06 WARN  Assert that (False == value) with value=True ... failed 
09:52:06 INFO  Response status: 201
09:52:06 INFO  Response to action: {
    &quot;creationTime&quot;: &quot;2022-05-30T09:52:06.532Z&quot;,
    &quot;deviceId&quot;: &quot;19786603&quot;,
    &quot;deviceName&quot;: &quot;mythicd&quot;,
    &quot;self&quot;: &quot;https://t493319102.eu-latest.cumulocity.com/devicecontrol/operations/19797817&quot;,
    &quot;id&quot;: &quot;19797817&quot;,
    &quot;status&quot;: &quot;PENDING&quot;,
    &quot;description&quot;: &quot;Apply software changes, triggered from PySys: [{'action': 'install', 'id': '5475369', 'name': 'asciijump', 'url': ' ', 'version': '::apt'}, {'action': 'install', 'id': '5474869', 'name': 'robotfindskitten', 'url': ' ', 'version': '::apt'}, {'action': 'install', 'id': '5475279', 'name': 'squirrel3', 'url': ' ', 'version': '::apt'}]&quot;,
    &quot;c8y_SoftwareUpdate&quot;: [
        {
            &quot;name&quot;: &quot;asciijump&quot;,
            &quot;action&quot;: &quot;install&quot;,
            &quot;id&quot;: &quot;5475369&quot;,
            &quot;version&quot;: &quot;::apt&quot;,
            &quot;url&quot;: &quot; &quot;
        },
        {
            &quot;name&quot;: &quot;robotfindskitten&quot;,
            &quot;action&quot;: &quot;install&quot;,
            &quot;id&quot;: &quot;5474869&quot;,
            &quot;version&quot;: &quot;::apt&quot;,
            &quot;url&quot;: &quot; &quot;
        },
        {
            &quot;name&quot;: &quot;squirrel3&quot;,
            &quot;action&quot;: &quot;install&quot;,
            &quot;id&quot;: &quot;5475279&quot;,
            &quot;version&quot;: &quot;::apt&quot;,
            &quot;url&quot;: &quot; &quot;
        }
    ]
}
09:52:06 INFO  Started operation: {'creationTime': '2022-05-30T09:52:06.532Z', 'deviceId': '19786603', 'deviceName': 'mythicd', 'self': 'https://t493319102.eu-latest.cumulocity.com/devicecontrol/operations/19797817', 'id': '19797817', 'status': 'PENDING', 'description': &quot;Apply software changes, triggered from PySys: [{'action': 'install', 'id': '5475369', 'name': 'asciijump', 'url': ' ', 'version': '::apt'}, {'action': 'install', 'id': '5474869', 'name': 'robotfindskitten', 'url': ' ', 'version': '::apt'}, {'action': 'install', 'id': '5475279', 'name': 'squirrel3', 'url': ' ', 'version': '::apt'}]&quot;, 'c8y_SoftwareUpdate': [{'name': 'asciijump', 'action': 'install', 'id': '5475369', 'version': '::apt', 'url': ' '}, {'name': 'robotfindskitten', 'action': 'install', 'id': '5474869', 'version': '::apt', 'url': ' '}, {'name': 'squirrel3', 'action': 'install', 'id': '5475279', 'version': '::apt', 'url': ' '}]}
09:52:08 INFO  State of operation 19797817 : PENDING
09:52:11 INFO  State of operation 19797817 : EXECUTING
09:52:13 INFO  State of operation 19797817 : EXECUTING
09:52:15 INFO  State of operation 19797817 : EXECUTING
09:52:17 INFO  State of operation 19797817 : EXECUTING
09:52:19 INFO  State of operation 19797817 : EXECUTING
09:52:22 INFO  State of operation 19797817 : EXECUTING
09:52:25 INFO  State of operation 19797817 : EXECUTING
09:52:28 INFO  State of operation 19797817 : EXECUTING
09:52:30 INFO  State of operation 19797817 : EXECUTING
09:52:32 INFO  State of operation 19797817 : EXECUTING
09:52:35 INFO  State of operation 19797817 : EXECUTING
09:52:37 INFO  State of operation 19797817 : EXECUTING
09:52:39 INFO  State of operation 19797817 : EXECUTING
09:52:41 INFO  State of operation 19797817 : EXECUTING
09:52:44 INFO  State of operation 19797817 : EXECUTING
09:52:46 INFO  State of operation 19797817 : EXECUTING
09:52:48 INFO  State of operation 19797817 : EXECUTING
09:52:51 INFO  State of operation 19797817 : EXECUTING
09:52:53 INFO  State of operation 19797817 : EXECUTING
09:52:55 INFO  State of operation 19797817 : EXECUTING
09:52:58 INFO  State of operation 19797817 : EXECUTING
09:53:00 INFO  State of operation 19797817 : EXECUTING
09:53:02 INFO  State of operation 19797817 : EXECUTING
09:53:05 INFO  State of operation 19797817 : EXECUTING
09:53:07 INFO  State of operation 19797817 : EXECUTING
09:53:10 INFO  State of operation 19797817 : EXECUTING
09:53:12 INFO  State of operation 19797817 : EXECUTING
09:53:15 INFO  State of operation 19797817 : EXECUTING
09:53:17 INFO  State of operation 19797817 : EXECUTING
09:53:20 INFO  State of operation 19797817 : EXECUTING
09:53:22 INFO  State of operation 19797817 : EXECUTING
09:53:24 INFO  State of operation 19797817 : EXECUTING
09:53:26 INFO  State of operation 19797817 : EXECUTING
09:53:28 INFO  State of operation 19797817 : SUCCESSFUL
09:53:29 INFO  Assert that (False == value) with value=False ... passed
09:53:29 INFO  Package asciijump is installed
09:53:29 INFO  Assert that (True == value) with value=True ... passed
09:53:29 INFO  Package squirrel3 is installed
09:53:29 INFO  Assert that (True == value) with value=True ... passed
09:53:29 INFO  Package robotfindskitten is installed
09:53:29 INFO  Assert that (True == value) with value=True ... passed
09:53:30 INFO  Response status: 201
09:53:30 INFO  Response to action: {
    &quot;creationTime&quot;: &quot;2022-05-30T09:53:30.069Z&quot;,
    &quot;deviceId&quot;: &quot;19786603&quot;,
    &quot;deviceName&quot;: &quot;mythicd&quot;,
    &quot;self&quot;: &quot;https://t493319102.eu-latest.cumulocity.com/devicecontrol/operations/19797831&quot;,
    &quot;id&quot;: &quot;19797831&quot;,
    &quot;status&quot;: &quot;PENDING&quot;,
    &quot;description&quot;: &quot;Apply software changes, triggered from PySys: [{'action': 'delete', 'id': '5475369', 'name': 'asciijump', 'url': ' ', 'version': '::apt'}, {'action': 'delete', 'id': '5474869', 'name': 'robotfindskitten', 'url': ' ', 'version': '::apt'}, {'action': 'delete', 'id': '5475279', 'name': 'squirrel3', 'url': ' ', 'version': '::apt'}]&quot;,
    &quot;c8y_SoftwareUpdate&quot;: [
        {
            &quot;name&quot;: &quot;asciijump&quot;,
            &quot;action&quot;: &quot;delete&quot;,
            &quot;id&quot;: &quot;5475369&quot;,
            &quot;version&quot;: &quot;::apt&quot;,
            &quot;url&quot;: &quot; &quot;
        },
        {
            &quot;name&quot;: &quot;robotfindskitten&quot;,
            &quot;action&quot;: &quot;delete&quot;,
            &quot;id&quot;: &quot;5474869&quot;,
            &quot;version&quot;: &quot;::apt&quot;,
            &quot;url&quot;: &quot; &quot;
        },
        {
            &quot;name&quot;: &quot;squirrel3&quot;,
            &quot;action&quot;: &quot;delete&quot;,
            &quot;id&quot;: &quot;5475279&quot;,
            &quot;version&quot;: &quot;::apt&quot;,
            &quot;url&quot;: &quot; &quot;
        }
    ]
}
09:53:30 INFO  Started operation: {'creationTime': '2022-05-30T09:53:30.069Z', 'deviceId': '19786603', 'deviceName': 'mythicd', 'self': 'https://t493319102.eu-latest.cumulocity.com/devicecontrol/operations/19797831', 'id': '19797831', 'status': 'PENDING', 'description': &quot;Apply software changes, triggered from PySys: [{'action': 'delete', 'id': '5475369', 'name': 'asciijump', 'url': ' ', 'version': '::apt'}, {'action': 'delete', 'id': '5474869', 'name': 'robotfindskitten', 'url': ' ', 'version': '::apt'}, {'action': 'delete', 'id': '5475279', 'name': 'squirrel3', 'url': ' ', 'version': '::apt'}]&quot;, 'c8y_SoftwareUpdate': [{'name': 'asciijump', 'action': 'delete', 'id': '5475369', 'version': '::apt', 'url': ' '}, {'name': 'robotfindskitten', 'action': 'delete', 'id': '5474869', 'version': '::apt', 'url': ' '}, {'name': 'squirrel3', 'action': 'delete', 'id': '5475279', 'version': '::apt', 'url': ' '}]}
09:53:32 INFO  State of operation 19797831 : PENDING
09:53:34 INFO  State of operation 19797831 : EXECUTING
09:53:36 INFO  State of operation 19797831 : EXECUTING
09:53:39 INFO  State of operation 19797831 : EXECUTING
09:53:41 INFO  State of operation 19797831 : EXECUTING
09:53:43 INFO  State of operation 19797831 : EXECUTING
09:53:46 INFO  State of operation 19797831 : EXECUTING
09:53:49 INFO  State of operation 19797831 : EXECUTING
09:53:51 INFO  State of operation 19797831 : EXECUTING
09:53:53 INFO  State of operation 19797831 : EXECUTING
09:53:55 INFO  State of operation 19797831 : EXECUTING
09:53:58 INFO  State of operation 19797831 : EXECUTING
09:54:00 INFO  State of operation 19797831 : EXECUTING
09:54:02 INFO  State of operation 19797831 : EXECUTING
09:54:04 INFO  State of operation 19797831 : EXECUTING
09:54:06 INFO  State of operation 19797831 : EXECUTING
09:54:09 INFO  State of operation 19797831 : EXECUTING
09:54:12 INFO  State of operation 19797831 : EXECUTING
09:54:14 INFO  State of operation 19797831 : EXECUTING
09:54:16 INFO  State of operation 19797831 : EXECUTING
09:54:18 INFO  State of operation 19797831 : EXECUTING
09:54:21 INFO  State of operation 19797831 : EXECUTING
09:54:23 INFO  State of operation 19797831 : EXECUTING
09:54:25 INFO  State of operation 19797831 : EXECUTING
09:54:28 INFO  State of operation 19797831 : EXECUTING
09:54:30 INFO  State of operation 19797831 : EXECUTING
09:54:33 INFO  State of operation 19797831 : EXECUTING
09:54:35 INFO  State of operation 19797831 : EXECUTING
09:54:37 INFO  State of operation 19797831 : SUCCESSFUL
09:54:37 INFO  Assert that (False == value) with value=False ... passed
09:54:37 INFO  Assert that (False == value) with value=False ... passed
09:54:38 INFO  Assert that (False == value) with value=False ... passed
09:54:38 INFO  Assert that (False == value) with value=False ... passed
09:54:38 INFO  
09:54:38 INFO  cleanup:
09:54:42 INFO  Executed sudo&lt;tedge_disconnect_c8y&gt;, exit status 0
09:54:43 INFO  Executed systemctl&lt;serv_mapper5&gt;, exit status 3
09:54:43 INFO  
09:54:43 INFO  Test duration: 182.68 secs
09:54:43 INFO  Test final outcome:  FAILED
09:54:43 INFO  Test outcome reason: Assert that (False == value) with value=True
09:54:43 INFO  
</system-out>
	</testcase>
</testsuite>
