<?xml version="1.0" encoding="utf-8"?>
<testsuite failures="1" name="SoftwareManagement.sm_apt_install_remove_multiple" skipped="0" tests="1" time="183.22" timestamp="2022-05-10T13:55:39">
	<testcase classname="PySysTest" name="SoftwareManagement.sm_apt_install_remove_multiple">
		<failure message="FAILED: Assert that (False == value) with value=True" type="FAILED"/>
		<system-out>13:52:36 INFO  ==============================================================
13:52:36 INFO  Id:    SoftwareManagement.sm_apt_install_remove_multiple
13:52:36 INFO  Dir:   software_management_end_to_end/
13:52:36 INFO  Title: Validate end to end behaviour for the apt plugin for multiple packages
13:52:36 INFO  ==============================================================
13:52:36 INFO  Using sw id database: {'asciijump': '5475369', 'robotfindskitten': '5474869', 'squirrel3': '5475279', 'rolldice': '5152439', 'moon-buggy': '5439204', 'apple': '5495053', 'banana': '5494888', 'cherry': '5495382', 'watermelon': '5494510', 'registry': '8018911', 'hello-world': '8021526', 'docker/getting-started': '8021973', 'alpine': '7991792'}
13:52:36 INFO  EnvironmentC8y Setup
13:52:36 INFO  Executed systemctl&lt;serv_mapper1&gt;, exit status 3
13:52:36 INFO  Restarting mosquitto too frequently in the last 10 seconds. It was only up for 5 seconds
13:52:36 INFO  Delaying execution by 6 seconds
13:52:57 INFO  Executed sudo&lt;tedge_connect_c8y&gt;, exit status 0, duration 14 secs
13:52:58 INFO  Executed sudo&lt;tedge_connect_c8y_test&gt;, exit status 0
13:52:58 INFO  Executed systemctl&lt;serv_mosq2&gt;, exit status 0
13:52:59 INFO  Executed systemctl&lt;serv_mapper3&gt;, exit status 0
13:53:01 INFO  State of current operation: SUCCESSFUL
13:53:01 INFO  Assert that (False == value) with value=False ... passed
13:53:01 INFO  Assert that (False == value) with value=False ... passed
13:53:02 INFO  Assert that (False == value) with value=False ... passed
13:53:02 INFO  Package robotfindskitten is installed
13:53:02 WARN  Assert that (False == value) with value=True ... failed 
13:53:02 INFO  Response status: 201
13:53:02 INFO  Response to action: {
    &quot;creationTime&quot;: &quot;2022-05-10T13:53:02.473Z&quot;,
    &quot;deviceName&quot;: &quot;mythicd&quot;,
    &quot;deviceId&quot;: &quot;18671274&quot;,
    &quot;self&quot;: &quot;https://t493319102.eu-latest.cumulocity.com/devicecontrol/operations/18685435&quot;,
    &quot;id&quot;: &quot;18685435&quot;,
    &quot;status&quot;: &quot;PENDING&quot;,
    &quot;description&quot;: &quot;Apply software changes, triggered from PySys: [{'action': 'install', 'id': '5475369', 'name': 'asciijump', 'url': ' ', 'version': '::apt'}, {'action': 'install', 'id': '5474869', 'name': 'robotfindskitten', 'url': ' ', 'version': '::apt'}, {'action': 'install', 'id': '5475279', 'name': 'squirrel3', 'url': ' ', 'version': '::apt'}]&quot;,
    &quot;c8y_SoftwareUpdate&quot;: [
        {
            &quot;name&quot;: &quot;asciijump&quot;,
            &quot;action&quot;: &quot;install&quot;,
            &quot;id&quot;: &quot;5475369&quot;,
            &quot;version&quot;: &quot;::apt&quot;,
            &quot;url&quot;: &quot; &quot;
        },
        {
            &quot;name&quot;: &quot;robotfindskitten&quot;,
            &quot;action&quot;: &quot;install&quot;,
            &quot;id&quot;: &quot;5474869&quot;,
            &quot;version&quot;: &quot;::apt&quot;,
            &quot;url&quot;: &quot; &quot;
        },
        {
            &quot;name&quot;: &quot;squirrel3&quot;,
            &quot;action&quot;: &quot;install&quot;,
            &quot;id&quot;: &quot;5475279&quot;,
            &quot;version&quot;: &quot;::apt&quot;,
            &quot;url&quot;: &quot; &quot;
        }
    ]
}
13:53:02 INFO  Started operation: {'creationTime': '2022-05-10T13:53:02.473Z', 'deviceName': 'mythicd', 'deviceId': '18671274', 'self': 'https://t493319102.eu-latest.cumulocity.com/devicecontrol/operations/18685435', 'id': '18685435', 'status': 'PENDING', 'description': &quot;Apply software changes, triggered from PySys: [{'action': 'install', 'id': '5475369', 'name': 'asciijump', 'url': ' ', 'version': '::apt'}, {'action': 'install', 'id': '5474869', 'name': 'robotfindskitten', 'url': ' ', 'version': '::apt'}, {'action': 'install', 'id': '5475279', 'name': 'squirrel3', 'url': ' ', 'version': '::apt'}]&quot;, 'c8y_SoftwareUpdate': [{'name': 'asciijump', 'action': 'install', 'id': '5475369', 'version': '::apt', 'url': ' '}, {'name': 'robotfindskitten', 'action': 'install', 'id': '5474869', 'version': '::apt', 'url': ' '}, {'name': 'squirrel3', 'action': 'install', 'id': '5475279', 'version': '::apt', 'url': ' '}]}
13:53:04 INFO  State of operation 18685435 : PENDING
13:53:06 INFO  State of operation 18685435 : EXECUTING
13:53:09 INFO  State of operation 18685435 : EXECUTING
13:53:11 INFO  State of operation 18685435 : EXECUTING
13:53:13 INFO  State of operation 18685435 : EXECUTING
13:53:15 INFO  State of operation 18685435 : EXECUTING
13:53:18 INFO  State of operation 18685435 : EXECUTING
13:53:21 INFO  State of operation 18685435 : EXECUTING
13:53:23 INFO  State of operation 18685435 : EXECUTING
13:53:26 INFO  State of operation 18685435 : EXECUTING
13:53:28 INFO  State of operation 18685435 : EXECUTING
13:53:30 INFO  State of operation 18685435 : EXECUTING
13:53:32 INFO  State of operation 18685435 : EXECUTING
13:53:35 INFO  State of operation 18685435 : EXECUTING
13:53:37 INFO  State of operation 18685435 : EXECUTING
13:53:39 INFO  State of operation 18685435 : EXECUTING
13:53:42 INFO  State of operation 18685435 : EXECUTING
13:53:44 INFO  State of operation 18685435 : EXECUTING
13:53:47 INFO  State of operation 18685435 : EXECUTING
13:53:49 INFO  State of operation 18685435 : EXECUTING
13:53:51 INFO  State of operation 18685435 : EXECUTING
13:53:55 INFO  State of operation 18685435 : EXECUTING
13:53:57 INFO  State of operation 18685435 : EXECUTING
13:53:59 INFO  State of operation 18685435 : EXECUTING
13:54:01 INFO  State of operation 18685435 : EXECUTING
13:54:04 INFO  State of operation 18685435 : EXECUTING
13:54:06 INFO  State of operation 18685435 : EXECUTING
13:54:08 INFO  State of operation 18685435 : EXECUTING
13:54:11 INFO  State of operation 18685435 : EXECUTING
13:54:13 INFO  State of operation 18685435 : EXECUTING
13:54:15 INFO  State of operation 18685435 : EXECUTING
13:54:17 INFO  State of operation 18685435 : EXECUTING
13:54:20 INFO  State of operation 18685435 : EXECUTING
13:54:22 INFO  State of operation 18685435 : EXECUTING
13:54:24 INFO  State of operation 18685435 : SUCCESSFUL
13:54:24 INFO  Assert that (False == value) with value=False ... passed
13:54:25 INFO  Package asciijump is installed
13:54:25 INFO  Assert that (True == value) with value=True ... passed
13:54:25 INFO  Package squirrel3 is installed
13:54:25 INFO  Assert that (True == value) with value=True ... passed
13:54:25 INFO  Package robotfindskitten is installed
13:54:25 INFO  Assert that (True == value) with value=True ... passed
13:54:25 INFO  Response status: 201
13:54:25 INFO  Response to action: {
    &quot;creationTime&quot;: &quot;2022-05-10T13:54:25.694Z&quot;,
    &quot;deviceName&quot;: &quot;mythicd&quot;,
    &quot;deviceId&quot;: &quot;18671274&quot;,
    &quot;self&quot;: &quot;https://t493319102.eu-latest.cumulocity.com/devicecontrol/operations/18685451&quot;,
    &quot;id&quot;: &quot;18685451&quot;,
    &quot;status&quot;: &quot;PENDING&quot;,
    &quot;description&quot;: &quot;Apply software changes, triggered from PySys: [{'action': 'delete', 'id': '5475369', 'name': 'asciijump', 'url': ' ', 'version': '::apt'}, {'action': 'delete', 'id': '5474869', 'name': 'robotfindskitten', 'url': ' ', 'version': '::apt'}, {'action': 'delete', 'id': '5475279', 'name': 'squirrel3', 'url': ' ', 'version': '::apt'}]&quot;,
    &quot;c8y_SoftwareUpdate&quot;: [
        {
            &quot;name&quot;: &quot;asciijump&quot;,
            &quot;action&quot;: &quot;delete&quot;,
            &quot;id&quot;: &quot;5475369&quot;,
            &quot;version&quot;: &quot;::apt&quot;,
            &quot;url&quot;: &quot; &quot;
        },
        {
            &quot;name&quot;: &quot;robotfindskitten&quot;,
            &quot;action&quot;: &quot;delete&quot;,
            &quot;id&quot;: &quot;5474869&quot;,
            &quot;version&quot;: &quot;::apt&quot;,
            &quot;url&quot;: &quot; &quot;
        },
        {
            &quot;name&quot;: &quot;squirrel3&quot;,
            &quot;action&quot;: &quot;delete&quot;,
            &quot;id&quot;: &quot;5475279&quot;,
            &quot;version&quot;: &quot;::apt&quot;,
            &quot;url&quot;: &quot; &quot;
        }
    ]
}
13:54:25 INFO  Started operation: {'creationTime': '2022-05-10T13:54:25.694Z', 'deviceName': 'mythicd', 'deviceId': '18671274', 'self': 'https://t493319102.eu-latest.cumulocity.com/devicecontrol/operations/18685451', 'id': '18685451', 'status': 'PENDING', 'description': &quot;Apply software changes, triggered from PySys: [{'action': 'delete', 'id': '5475369', 'name': 'asciijump', 'url': ' ', 'version': '::apt'}, {'action': 'delete', 'id': '5474869', 'name': 'robotfindskitten', 'url': ' ', 'version': '::apt'}, {'action': 'delete', 'id': '5475279', 'name': 'squirrel3', 'url': ' ', 'version': '::apt'}]&quot;, 'c8y_SoftwareUpdate': [{'name': 'asciijump', 'action': 'delete', 'id': '5475369', 'version': '::apt', 'url': ' '}, {'name': 'robotfindskitten', 'action': 'delete', 'id': '5474869', 'version': '::apt', 'url': ' '}, {'name': 'squirrel3', 'action': 'delete', 'id': '5475279', 'version': '::apt', 'url': ' '}]}
13:54:27 INFO  State of operation 18685451 : PENDING
13:54:30 INFO  State of operation 18685451 : EXECUTING
13:54:32 INFO  State of operation 18685451 : EXECUTING
13:54:34 INFO  State of operation 18685451 : EXECUTING
13:54:36 INFO  State of operation 18685451 : EXECUTING
13:54:39 INFO  State of operation 18685451 : EXECUTING
13:54:42 INFO  State of operation 18685451 : EXECUTING
13:54:45 INFO  State of operation 18685451 : EXECUTING
13:54:47 INFO  State of operation 18685451 : EXECUTING
13:54:49 INFO  State of operation 18685451 : EXECUTING
13:54:52 INFO  State of operation 18685451 : EXECUTING
13:54:54 INFO  State of operation 18685451 : EXECUTING
13:54:56 INFO  State of operation 18685451 : EXECUTING
13:54:58 INFO  State of operation 18685451 : EXECUTING
13:55:01 INFO  State of operation 18685451 : EXECUTING
13:55:03 INFO  State of operation 18685451 : EXECUTING
13:55:05 INFO  State of operation 18685451 : EXECUTING
13:55:08 INFO  State of operation 18685451 : EXECUTING
13:55:10 INFO  State of operation 18685451 : EXECUTING
13:55:12 INFO  State of operation 18685451 : EXECUTING
13:55:15 INFO  State of operation 18685451 : EXECUTING
13:55:17 INFO  State of operation 18685451 : EXECUTING
13:55:19 INFO  State of operation 18685451 : EXECUTING
13:55:22 INFO  State of operation 18685451 : EXECUTING
13:55:24 INFO  State of operation 18685451 : EXECUTING
13:55:26 INFO  State of operation 18685451 : EXECUTING
13:55:29 INFO  State of operation 18685451 : EXECUTING
13:55:31 INFO  State of operation 18685451 : EXECUTING
13:55:33 INFO  State of operation 18685451 : SUCCESSFUL
13:55:33 INFO  Assert that (False == value) with value=False ... passed
13:55:34 INFO  Assert that (False == value) with value=False ... passed
13:55:34 INFO  Assert that (False == value) with value=False ... passed
13:55:34 INFO  Assert that (False == value) with value=False ... passed
13:55:34 INFO  
13:55:34 INFO  cleanup:
13:55:38 INFO  Executed sudo&lt;tedge_disconnect_c8y&gt;, exit status 0
13:55:39 INFO  Executed systemctl&lt;serv_mapper5&gt;, exit status 3
13:55:39 INFO  
13:55:39 INFO  Test duration: 183.22 secs
13:55:39 INFO  Test final outcome:  FAILED
13:55:39 INFO  Test outcome reason: Assert that (False == value) with value=True
13:55:39 INFO  
</system-out>
	</testcase>
</testsuite>
