<?xml version="1.0" encoding="utf-8"?>
<testsuite failures="0" name="apt_prepare" skipped="0" tests="1" time="41.64" timestamp="2022-05-30T09:32:27">
	<testcase classname="AptPluginPrepare" name="apt_prepare"/>
</testsuite>
