<?xml version="1.0" encoding="utf-8"?>
<testsuite failures="1" name="SoftwareManagement.sm_apt_install_remove_multiple" skipped="0" tests="1" time="183.39" timestamp="2022-04-19T14:15:39">
	<testcase classname="PySysTest" name="SoftwareManagement.sm_apt_install_remove_multiple">
		<failure message="FAILED: Assert that (False == value) with value=True" type="FAILED"/>
		<system-out>14:12:35 INFO  ==============================================================
14:12:35 INFO  Id:    SoftwareManagement.sm_apt_install_remove_multiple
14:12:35 INFO  Dir:   software_management_end_to_end/
14:12:35 INFO  Title: Validate end to end behaviour for the apt plugin for multiple packages
14:12:35 INFO  ==============================================================
14:12:35 INFO  Using sw id database: {'asciijump': '5475369', 'robotfindskitten': '5474869', 'squirrel3': '5475279', 'rolldice': '5152439', 'moon-buggy': '5439204', 'apple': '5495053', 'banana': '5494888', 'cherry': '5495382', 'watermelon': '5494510', 'registry': '8018911', 'hello-world': '8021526', 'docker/getting-started': '8021973', 'alpine': '7991792'}
14:12:35 INFO  EnvironmentC8y Setup
14:12:36 INFO  Executed systemctl&lt;serv_mapper1&gt;, exit status 3
14:12:36 INFO  Restarting mosquitto too frequently in the last 10 seconds. It was only up for 5 seconds
14:12:36 INFO  Delaying execution by 6 seconds
14:12:56 INFO  Executed sudo&lt;tedge_connect_c8y&gt;, exit status 0, duration 14 secs
14:12:57 INFO  Executed sudo&lt;tedge_connect_c8y_test&gt;, exit status 0
14:12:57 INFO  Executed systemctl&lt;serv_mosq2&gt;, exit status 0
14:12:58 INFO  Executed systemctl&lt;serv_mapper3&gt;, exit status 0
14:13:00 INFO  State of current operation: SUCCESSFUL
14:13:00 INFO  Assert that (False == value) with value=False ... passed
14:13:01 INFO  Assert that (False == value) with value=False ... passed
14:13:01 INFO  Assert that (False == value) with value=False ... passed
14:13:01 INFO  Package robotfindskitten is installed
14:13:01 WARN  Assert that (False == value) with value=True ... failed 
14:13:01 INFO  Response status: 201
14:13:01 INFO  Response to action: {
    &quot;creationTime&quot;: &quot;2022-04-19T14:13:01.861Z&quot;,
    &quot;deviceName&quot;: &quot;mythicd&quot;,
    &quot;deviceId&quot;: &quot;17464287&quot;,
    &quot;self&quot;: &quot;https://t493319102.eu-latest.cumulocity.com/devicecontrol/operations/17475329&quot;,
    &quot;id&quot;: &quot;17475329&quot;,
    &quot;status&quot;: &quot;PENDING&quot;,
    &quot;description&quot;: &quot;Apply software changes, triggered from PySys: [{'action': 'install', 'id': '5475369', 'name': 'asciijump', 'url': ' ', 'version': '::apt'}, {'action': 'install', 'id': '5474869', 'name': 'robotfindskitten', 'url': ' ', 'version': '::apt'}, {'action': 'install', 'id': '5475279', 'name': 'squirrel3', 'url': ' ', 'version': '::apt'}]&quot;,
    &quot;c8y_SoftwareUpdate&quot;: [
        {
            &quot;name&quot;: &quot;asciijump&quot;,
            &quot;action&quot;: &quot;install&quot;,
            &quot;id&quot;: &quot;5475369&quot;,
            &quot;version&quot;: &quot;::apt&quot;,
            &quot;url&quot;: &quot; &quot;
        },
        {
            &quot;name&quot;: &quot;robotfindskitten&quot;,
            &quot;action&quot;: &quot;install&quot;,
            &quot;id&quot;: &quot;5474869&quot;,
            &quot;version&quot;: &quot;::apt&quot;,
            &quot;url&quot;: &quot; &quot;
        },
        {
            &quot;name&quot;: &quot;squirrel3&quot;,
            &quot;action&quot;: &quot;install&quot;,
            &quot;id&quot;: &quot;5475279&quot;,
            &quot;version&quot;: &quot;::apt&quot;,
            &quot;url&quot;: &quot; &quot;
        }
    ]
}
14:13:01 INFO  Started operation: {'creationTime': '2022-04-19T14:13:01.861Z', 'deviceName': 'mythicd', 'deviceId': '17464287', 'self': 'https://t493319102.eu-latest.cumulocity.com/devicecontrol/operations/17475329', 'id': '17475329', 'status': 'PENDING', 'description': &quot;Apply software changes, triggered from PySys: [{'action': 'install', 'id': '5475369', 'name': 'asciijump', 'url': ' ', 'version': '::apt'}, {'action': 'install', 'id': '5474869', 'name': 'robotfindskitten', 'url': ' ', 'version': '::apt'}, {'action': 'install', 'id': '5475279', 'name': 'squirrel3', 'url': ' ', 'version': '::apt'}]&quot;, 'c8y_SoftwareUpdate': [{'name': 'asciijump', 'action': 'install', 'id': '5475369', 'version': '::apt', 'url': ' '}, {'name': 'robotfindskitten', 'action': 'install', 'id': '5474869', 'version': '::apt', 'url': ' '}, {'name': 'squirrel3', 'action': 'install', 'id': '5475279', 'version': '::apt', 'url': ' '}]}
14:13:04 INFO  State of operation 17475329 : PENDING
14:13:06 INFO  State of operation 17475329 : EXECUTING
14:13:08 INFO  State of operation 17475329 : EXECUTING
14:13:10 INFO  State of operation 17475329 : EXECUTING
14:13:13 INFO  State of operation 17475329 : EXECUTING
14:13:15 INFO  State of operation 17475329 : EXECUTING
14:13:17 INFO  State of operation 17475329 : EXECUTING
14:13:19 INFO  State of operation 17475329 : EXECUTING
14:13:22 INFO  State of operation 17475329 : EXECUTING
14:13:25 INFO  State of operation 17475329 : EXECUTING
14:13:27 INFO  State of operation 17475329 : EXECUTING
14:13:29 INFO  State of operation 17475329 : EXECUTING
14:13:31 INFO  State of operation 17475329 : EXECUTING
14:13:34 INFO  State of operation 17475329 : EXECUTING
14:13:36 INFO  State of operation 17475329 : EXECUTING
14:13:38 INFO  State of operation 17475329 : EXECUTING
14:13:40 INFO  State of operation 17475329 : EXECUTING
14:13:43 INFO  State of operation 17475329 : EXECUTING
14:13:45 INFO  State of operation 17475329 : EXECUTING
14:13:48 INFO  State of operation 17475329 : EXECUTING
14:13:50 INFO  State of operation 17475329 : EXECUTING
14:13:52 INFO  State of operation 17475329 : EXECUTING
14:13:55 INFO  State of operation 17475329 : EXECUTING
14:13:57 INFO  State of operation 17475329 : EXECUTING
14:14:00 INFO  State of operation 17475329 : EXECUTING
14:14:02 INFO  State of operation 17475329 : EXECUTING
14:14:04 INFO  State of operation 17475329 : EXECUTING
14:14:06 INFO  State of operation 17475329 : EXECUTING
14:14:09 INFO  State of operation 17475329 : EXECUTING
14:14:11 INFO  State of operation 17475329 : EXECUTING
14:14:13 INFO  State of operation 17475329 : EXECUTING
14:14:16 INFO  State of operation 17475329 : EXECUTING
14:14:18 INFO  State of operation 17475329 : EXECUTING
14:14:20 INFO  State of operation 17475329 : EXECUTING
14:14:22 INFO  State of operation 17475329 : EXECUTING
14:14:25 INFO  State of operation 17475329 : SUCCESSFUL
14:14:25 INFO  Assert that (False == value) with value=False ... passed
14:14:25 INFO  Package asciijump is installed
14:14:25 INFO  Assert that (True == value) with value=True ... passed
14:14:25 INFO  Package squirrel3 is installed
14:14:25 INFO  Assert that (True == value) with value=True ... passed
14:14:25 INFO  Package robotfindskitten is installed
14:14:25 INFO  Assert that (True == value) with value=True ... passed
14:14:26 INFO  Response status: 201
14:14:26 INFO  Response to action: {
    &quot;creationTime&quot;: &quot;2022-04-19T14:14:26.122Z&quot;,
    &quot;deviceName&quot;: &quot;mythicd&quot;,
    &quot;deviceId&quot;: &quot;17464287&quot;,
    &quot;self&quot;: &quot;https://t493319102.eu-latest.cumulocity.com/devicecontrol/operations/17475343&quot;,
    &quot;id&quot;: &quot;17475343&quot;,
    &quot;status&quot;: &quot;PENDING&quot;,
    &quot;description&quot;: &quot;Apply software changes, triggered from PySys: [{'action': 'delete', 'id': '5475369', 'name': 'asciijump', 'url': ' ', 'version': '::apt'}, {'action': 'delete', 'id': '5474869', 'name': 'robotfindskitten', 'url': ' ', 'version': '::apt'}, {'action': 'delete', 'id': '5475279', 'name': 'squirrel3', 'url': ' ', 'version': '::apt'}]&quot;,
    &quot;c8y_SoftwareUpdate&quot;: [
        {
            &quot;name&quot;: &quot;asciijump&quot;,
            &quot;action&quot;: &quot;delete&quot;,
            &quot;id&quot;: &quot;5475369&quot;,
            &quot;version&quot;: &quot;::apt&quot;,
            &quot;url&quot;: &quot; &quot;
        },
        {
            &quot;name&quot;: &quot;robotfindskitten&quot;,
            &quot;action&quot;: &quot;delete&quot;,
            &quot;id&quot;: &quot;5474869&quot;,
            &quot;version&quot;: &quot;::apt&quot;,
            &quot;url&quot;: &quot; &quot;
        },
        {
            &quot;name&quot;: &quot;squirrel3&quot;,
            &quot;action&quot;: &quot;delete&quot;,
            &quot;id&quot;: &quot;5475279&quot;,
            &quot;version&quot;: &quot;::apt&quot;,
            &quot;url&quot;: &quot; &quot;
        }
    ]
}
14:14:26 INFO  Started operation: {'creationTime': '2022-04-19T14:14:26.122Z', 'deviceName': 'mythicd', 'deviceId': '17464287', 'self': 'https://t493319102.eu-latest.cumulocity.com/devicecontrol/operations/17475343', 'id': '17475343', 'status': 'PENDING', 'description': &quot;Apply software changes, triggered from PySys: [{'action': 'delete', 'id': '5475369', 'name': 'asciijump', 'url': ' ', 'version': '::apt'}, {'action': 'delete', 'id': '5474869', 'name': 'robotfindskitten', 'url': ' ', 'version': '::apt'}, {'action': 'delete', 'id': '5475279', 'name': 'squirrel3', 'url': ' ', 'version': '::apt'}]&quot;, 'c8y_SoftwareUpdate': [{'name': 'asciijump', 'action': 'delete', 'id': '5475369', 'version': '::apt', 'url': ' '}, {'name': 'robotfindskitten', 'action': 'delete', 'id': '5474869', 'version': '::apt', 'url': ' '}, {'name': 'squirrel3', 'action': 'delete', 'id': '5475279', 'version': '::apt', 'url': ' '}]}
14:14:28 INFO  State of operation 17475343 : PENDING
14:14:30 INFO  State of operation 17475343 : EXECUTING
14:14:32 INFO  State of operation 17475343 : EXECUTING
14:14:35 INFO  State of operation 17475343 : EXECUTING
14:14:37 INFO  State of operation 17475343 : EXECUTING
14:14:39 INFO  State of operation 17475343 : EXECUTING
14:14:42 INFO  State of operation 17475343 : EXECUTING
14:14:45 INFO  State of operation 17475343 : EXECUTING
14:14:47 INFO  State of operation 17475343 : EXECUTING
14:14:50 INFO  State of operation 17475343 : EXECUTING
14:14:52 INFO  State of operation 17475343 : EXECUTING
14:14:54 INFO  State of operation 17475343 : EXECUTING
14:14:56 INFO  State of operation 17475343 : EXECUTING
14:14:59 INFO  State of operation 17475343 : EXECUTING
14:15:01 INFO  State of operation 17475343 : EXECUTING
14:15:03 INFO  State of operation 17475343 : EXECUTING
14:15:06 INFO  State of operation 17475343 : EXECUTING
14:15:08 INFO  State of operation 17475343 : EXECUTING
14:15:11 INFO  State of operation 17475343 : EXECUTING
14:15:13 INFO  State of operation 17475343 : EXECUTING
14:15:16 INFO  State of operation 17475343 : EXECUTING
14:15:18 INFO  State of operation 17475343 : EXECUTING
14:15:20 INFO  State of operation 17475343 : EXECUTING
14:15:22 INFO  State of operation 17475343 : EXECUTING
14:15:25 INFO  State of operation 17475343 : EXECUTING
14:15:33 INFO  State of operation 17475343 : SUCCESSFUL
14:15:33 INFO  Assert that (False == value) with value=False ... passed
14:15:33 INFO  Assert that (False == value) with value=False ... passed
14:15:34 INFO  Assert that (False == value) with value=False ... passed
14:15:34 INFO  Assert that (False == value) with value=False ... passed
14:15:34 INFO  
14:15:34 INFO  cleanup:
14:15:38 INFO  Executed sudo&lt;tedge_disconnect_c8y&gt;, exit status 0
14:15:39 INFO  Executed systemctl&lt;serv_mapper5&gt;, exit status 3
14:15:39 INFO  
14:15:39 INFO  Test duration: 183.39 secs
14:15:39 INFO  Test final outcome:  FAILED
14:15:39 INFO  Test outcome reason: Assert that (False == value) with value=True
14:15:39 INFO  
</system-out>
	</testcase>
</testsuite>
