<?xml version="1.0" encoding="utf-8"?>
<testsuite failures="1" name="SoftwareManagement.sm_apt_install_remove_multiple_mixed" skipped="0" tests="1" time="179.9" timestamp="2022-04-28T16:15:57">
	<testcase classname="PySysTest" name="SoftwareManagement.sm_apt_install_remove_multiple_mixed">
		<failure message="BLOCKED: SystemError: Timeout while waiting for status SUCCESSFUL or False" type="BLOCKED"/>
		<system-out>16:12:57 INFO  ==============================================================
16:12:57 INFO  Id:    SoftwareManagement.sm_apt_install_remove_multiple_mixed
16:12:57 INFO  Dir:   software_management_end_to_end/
16:12:57 INFO  Title: Validate end to end behaviour for the apt plugin for multiple packages with mixed versions
16:12:57 INFO  ==============================================================
16:12:57 INFO  Using sw id database: {'asciijump': '5475369', 'robotfindskitten': '5474869', 'squirrel3': '5475279', 'rolldice': '5152439', 'moon-buggy': '5439204', 'apple': '5495053', 'banana': '5494888', 'cherry': '5495382', 'watermelon': '5494510', 'registry': '8018911', 'hello-world': '8021526', 'docker/getting-started': '8021973', 'alpine': '7991792'}
16:12:57 INFO  EnvironmentC8y Setup
16:12:58 INFO  Executed systemctl&lt;serv_mapper1&gt;, exit status 3
16:12:58 INFO  Restarting mosquitto too frequently in the last 10 seconds. It was only up for 5 seconds
16:12:58 INFO  Delaying execution by 6 seconds
16:13:18 INFO  Executed sudo&lt;tedge_connect_c8y&gt;, exit status 0, duration 14 secs
16:13:19 INFO  Executed sudo&lt;tedge_connect_c8y_test&gt;, exit status 0
16:13:19 INFO  Executed systemctl&lt;serv_mosq2&gt;, exit status 0
16:13:20 INFO  Executed systemctl&lt;serv_mapper3&gt;, exit status 0
16:13:22 INFO  State of current operation: SUCCESSFUL
16:13:22 INFO  Assert that (False == value) with value=False ... passed
16:13:22 INFO  Assert that (False == value) with value=False ... passed
16:13:23 INFO  Assert that (False == value) with value=False ... passed
16:13:23 INFO  Assert that (False == value) with value=False ... passed
16:13:23 INFO  Assert that (False == value) with value=False ... passed
16:13:24 INFO  Response status: 201
16:13:24 INFO  Response to action: {
    &quot;creationTime&quot;: &quot;2022-04-28T16:13:24.756Z&quot;,
    &quot;deviceName&quot;: &quot;mythicd&quot;,
    &quot;deviceId&quot;: &quot;17911759&quot;,
    &quot;self&quot;: &quot;https://t493319102.eu-latest.cumulocity.com/devicecontrol/operations/17923425&quot;,
    &quot;id&quot;: &quot;17923425&quot;,
    &quot;status&quot;: &quot;PENDING&quot;,
    &quot;description&quot;: &quot;Apply software changes, triggered from PySys: [{'action': 'install', 'id': '5475369', 'name': 'asciijump', 'url': ' ', 'version': '::apt'}, {'action': 'install', 'id': '5474869', 'name': 'robotfindskitten', 'url': ' ', 'version': ' '}, {'action': 'install', 'id': '5475279', 'name': 'squirrel3', 'url': ' ', 'version': '3.1-7::apt'}, {'action': 'install', 'id': '5152439', 'name': 'rolldice', 'url': ' ', 'version': '1.16-1+b1'}, {'action': 'install', 'id': '5439204', 'name': 'moon-buggy', 'url': ' ', 'version': '1:1.0.51-12'}, {'action': 'install', 'id': '5475369', 'name': 'asciijump', 'url': ' ', 'version': '::apt'}]&quot;,
    &quot;c8y_SoftwareUpdate&quot;: [
        {
            &quot;name&quot;: &quot;asciijump&quot;,
            &quot;action&quot;: &quot;install&quot;,
            &quot;id&quot;: &quot;5475369&quot;,
            &quot;version&quot;: &quot;::apt&quot;,
            &quot;url&quot;: &quot; &quot;
        },
        {
            &quot;name&quot;: &quot;robotfindskitten&quot;,
            &quot;action&quot;: &quot;install&quot;,
            &quot;id&quot;: &quot;5474869&quot;,
            &quot;version&quot;: &quot; &quot;,
            &quot;url&quot;: &quot; &quot;
        },
        {
            &quot;name&quot;: &quot;squirrel3&quot;,
            &quot;action&quot;: &quot;install&quot;,
            &quot;id&quot;: &quot;5475279&quot;,
            &quot;version&quot;: &quot;3.1-7::apt&quot;,
            &quot;url&quot;: &quot; &quot;
        },
        {
            &quot;name&quot;: &quot;rolldice&quot;,
            &quot;action&quot;: &quot;install&quot;,
            &quot;id&quot;: &quot;5152439&quot;,
            &quot;version&quot;: &quot;1.16-1+b1&quot;,
            &quot;url&quot;: &quot; &quot;
        },
        {
            &quot;name&quot;: &quot;moon-buggy&quot;,
            &quot;action&quot;: &quot;install&quot;,
            &quot;id&quot;: &quot;5439204&quot;,
            &quot;version&quot;: &quot;1:1.0.51-12&quot;,
            &quot;url&quot;: &quot; &quot;
        },
        {
            &quot;name&quot;: &quot;asciijump&quot;,
            &quot;action&quot;: &quot;install&quot;,
            &quot;id&quot;: &quot;5475369&quot;,
            &quot;version&quot;: &quot;::apt&quot;,
            &quot;url&quot;: &quot; &quot;
        }
    ]
}
16:13:24 INFO  Started operation: {'creationTime': '2022-04-28T16:13:24.756Z', 'deviceName': 'mythicd', 'deviceId': '17911759', 'self': 'https://t493319102.eu-latest.cumulocity.com/devicecontrol/operations/17923425', 'id': '17923425', 'status': 'PENDING', 'description': &quot;Apply software changes, triggered from PySys: [{'action': 'install', 'id': '5475369', 'name': 'asciijump', 'url': ' ', 'version': '::apt'}, {'action': 'install', 'id': '5474869', 'name': 'robotfindskitten', 'url': ' ', 'version': ' '}, {'action': 'install', 'id': '5475279', 'name': 'squirrel3', 'url': ' ', 'version': '3.1-7::apt'}, {'action': 'install', 'id': '5152439', 'name': 'rolldice', 'url': ' ', 'version': '1.16-1+b1'}, {'action': 'install', 'id': '5439204', 'name': 'moon-buggy', 'url': ' ', 'version': '1:1.0.51-12'}, {'action': 'install', 'id': '5475369', 'name': 'asciijump', 'url': ' ', 'version': '::apt'}]&quot;, 'c8y_SoftwareUpdate': [{'name': 'asciijump', 'action': 'install', 'id': '5475369', 'version': '::apt', 'url': ' '}, {'name': 'robotfindskitten', 'action': 'install', 'id': '5474869', 'version': ' ', 'url': ' '}, {'name': 'squirrel3', 'action': 'install', 'id': '5475279', 'version': '3.1-7::apt', 'url': ' '}, {'name': 'rolldice', 'action': 'install', 'id': '5152439', 'version': '1.16-1+b1', 'url': ' '}, {'name': 'moon-buggy', 'action': 'install', 'id': '5439204', 'version': '1:1.0.51-12', 'url': ' '}, {'name': 'asciijump', 'action': 'install', 'id': '5475369', 'version': '::apt', 'url': ' '}]}
16:13:27 INFO  State of operation 17923425 : PENDING
16:13:29 INFO  State of operation 17923425 : EXECUTING
16:13:31 INFO  State of operation 17923425 : EXECUTING
16:13:33 INFO  State of operation 17923425 : EXECUTING
16:13:35 INFO  State of operation 17923425 : EXECUTING
16:13:38 INFO  State of operation 17923425 : EXECUTING
16:13:40 INFO  State of operation 17923425 : EXECUTING
16:13:43 INFO  State of operation 17923425 : EXECUTING
16:13:46 INFO  State of operation 17923425 : EXECUTING
16:13:48 INFO  State of operation 17923425 : EXECUTING
16:13:50 INFO  State of operation 17923425 : EXECUTING
16:13:53 INFO  State of operation 17923425 : EXECUTING
16:13:55 INFO  State of operation 17923425 : EXECUTING
16:13:57 INFO  State of operation 17923425 : EXECUTING
16:13:59 INFO  State of operation 17923425 : EXECUTING
16:14:02 INFO  State of operation 17923425 : EXECUTING
16:14:04 INFO  State of operation 17923425 : EXECUTING
16:14:06 INFO  State of operation 17923425 : EXECUTING
16:14:09 INFO  State of operation 17923425 : EXECUTING
16:14:11 INFO  State of operation 17923425 : EXECUTING
16:14:14 INFO  State of operation 17923425 : EXECUTING
16:14:16 INFO  State of operation 17923425 : EXECUTING
16:14:18 INFO  State of operation 17923425 : EXECUTING
16:14:21 INFO  State of operation 17923425 : EXECUTING
16:14:24 INFO  State of operation 17923425 : EXECUTING
16:14:26 INFO  State of operation 17923425 : EXECUTING
16:14:29 INFO  State of operation 17923425 : EXECUTING
16:14:31 INFO  State of operation 17923425 : EXECUTING
16:14:33 INFO  State of operation 17923425 : EXECUTING
16:14:36 INFO  State of operation 17923425 : EXECUTING
16:14:38 INFO  State of operation 17923425 : EXECUTING
16:14:40 INFO  State of operation 17923425 : EXECUTING
16:14:43 INFO  State of operation 17923425 : EXECUTING
16:14:45 INFO  State of operation 17923425 : EXECUTING
16:14:47 INFO  State of operation 17923425 : EXECUTING
16:14:49 INFO  State of operation 17923425 : EXECUTING
16:14:51 INFO  State of operation 17923425 : EXECUTING
16:14:54 INFO  State of operation 17923425 : EXECUTING
16:14:56 INFO  State of operation 17923425 : EXECUTING
16:14:59 INFO  State of operation 17923425 : EXECUTING
16:15:01 INFO  State of operation 17923425 : EXECUTING
16:15:04 INFO  State of operation 17923425 : EXECUTING
16:15:06 INFO  State of operation 17923425 : EXECUTING
16:15:08 INFO  State of operation 17923425 : EXECUTING
16:15:11 INFO  State of operation 17923425 : EXECUTING
16:15:13 INFO  State of operation 17923425 : EXECUTING
16:15:15 INFO  State of operation 17923425 : EXECUTING
16:15:18 INFO  State of operation 17923425 : EXECUTING
16:15:20 INFO  State of operation 17923425 : EXECUTING
16:15:23 INFO  State of operation 17923425 : EXECUTING
16:15:25 INFO  State of operation 17923425 : EXECUTING
16:15:28 INFO  State of operation 17923425 : EXECUTING
16:15:30 INFO  State of operation 17923425 : EXECUTING
16:15:32 INFO  State of operation 17923425 : EXECUTING
16:15:34 INFO  State of operation 17923425 : EXECUTING
16:15:37 INFO  State of operation 17923425 : EXECUTING
16:15:39 INFO  State of operation 17923425 : EXECUTING
16:15:42 INFO  State of operation 17923425 : EXECUTING
16:15:44 INFO  State of operation 17923425 : EXECUTING
16:15:47 INFO  State of operation 17923425 : EXECUTING
16:15:49 INFO  State of operation 17923425 : EXECUTING
16:15:51 WARN  SystemError occurred while running test - Timeout while waiting for status SUCCESSFUL or False
Traceback (most recent call last):
  File &quot;/home/pi/env-pysys/lib/python3.7/site-packages/pysys/baserunner.py&quot;, line 1294, in __call__
    self.testObj.execute()
  File &quot;/home/pi/actions-runner/_work/thin-edge.io/thin-edge.io/tests/PySys/software_management_end_to_end/sm_apt_install_remove_multiple_mixed/run.py&quot;, line 89, in execute
    self.wait_until_succcess()
  File &quot;/home/pi/actions-runner/_work/thin-edge.io/thin-edge.io/tests/PySys/software_management_end_to_end/environment_sm_management.py&quot;, line 324, in wait_until_succcess
    self.wait_until_status(&quot;SUCCESSFUL&quot;)
  File &quot;/home/pi/actions-runner/_work/thin-edge.io/thin-edge.io/tests/PySys/software_management_end_to_end/environment_sm_management.py&quot;, line 381, in wait_until_status
    &quot;Timeout while waiting for status %s or %s&quot; % (status, status2)
SystemError: Timeout while waiting for status SUCCESSFUL or False
16:15:52 WARN  SystemError: Timeout while waiting for status SUCCESSFUL or False ... blocked 
16:15:52 INFO  
16:15:52 INFO  cleanup:
16:15:56 INFO  Executed sudo&lt;tedge_disconnect_c8y&gt;, exit status 0
16:15:57 INFO  Executed systemctl&lt;serv_mapper5&gt;, exit status 3
16:15:57 INFO  
16:15:57 INFO  Test duration: 179.90 secs
16:15:57 INFO  Test final outcome:  BLOCKED
16:15:57 INFO  Test outcome reason: SystemError: Timeout while waiting for status SUCCESSFUL or False
16:15:57 INFO  
</system-out>
	</testcase>
</testsuite>
