<?xml version="1.0" encoding="utf-8"?>
<testsuite failures="0" name="apt_install" skipped="0" tests="1" time="67.23" timestamp="2022-05-02T15:27:17">
	<testcase classname="AptPluginInstallDense" name="apt_install"/>
</testsuite>
