<?xml version="1.0" encoding="utf-8"?>
<testsuite failures="1" name="SoftwareManagement.sm_apt_install_remove_multiple_mixed" skipped="0" tests="1" time="178.79" timestamp="2022-04-21T09:13:09">
	<testcase classname="PySysTest" name="SoftwareManagement.sm_apt_install_remove_multiple_mixed">
		<failure message="BLOCKED: SystemError: Timeout while waiting for status SUCCESSFUL or False" type="BLOCKED"/>
		<system-out>09:10:10 INFO  ==============================================================
09:10:10 INFO  Id:    SoftwareManagement.sm_apt_install_remove_multiple_mixed
09:10:10 INFO  Dir:   software_management_end_to_end/
09:10:10 INFO  Title: Validate end to end behaviour for the apt plugin for multiple packages with mixed versions
09:10:10 INFO  ==============================================================
09:10:10 INFO  Using sw id database: {'asciijump': '5475369', 'robotfindskitten': '5474869', 'squirrel3': '5475279', 'rolldice': '5152439', 'moon-buggy': '5439204', 'apple': '5495053', 'banana': '5494888', 'cherry': '5495382', 'watermelon': '5494510', 'registry': '8018911', 'hello-world': '8021526', 'docker/getting-started': '8021973', 'alpine': '7991792'}
09:10:10 INFO  EnvironmentC8y Setup
09:10:10 INFO  Executed systemctl&lt;serv_mapper1&gt;, exit status 3
09:10:11 INFO  Restarting mosquitto too frequently in the last 10 seconds. It was only up for 5 seconds
09:10:11 INFO  Delaying execution by 6 seconds
09:10:31 INFO  Executed sudo&lt;tedge_connect_c8y&gt;, exit status 0, duration 13 secs
09:10:31 INFO  Executed sudo&lt;tedge_connect_c8y_test&gt;, exit status 0
09:10:32 INFO  Executed systemctl&lt;serv_mosq2&gt;, exit status 0
09:10:32 INFO  Executed systemctl&lt;serv_mapper3&gt;, exit status 0
09:10:35 INFO  State of current operation: SUCCESSFUL
09:10:35 INFO  Assert that (False == value) with value=False ... passed
09:10:35 INFO  Assert that (False == value) with value=False ... passed
09:10:35 INFO  Assert that (False == value) with value=False ... passed
09:10:36 INFO  Assert that (False == value) with value=False ... passed
09:10:36 INFO  Assert that (False == value) with value=False ... passed
09:10:37 INFO  Response status: 201
09:10:37 INFO  Response to action: {
    &quot;delivery&quot;: {
        &quot;time&quot;: &quot;2022-04-21T09:10:37.427Z&quot;,
        &quot;log&quot;: [],
        &quot;status&quot;: &quot;PENDING&quot;
    },
    &quot;creationTime&quot;: &quot;2022-04-21T09:10:37.411Z&quot;,
    &quot;deviceName&quot;: &quot;mythicd&quot;,
    &quot;deviceId&quot;: &quot;17512238&quot;,
    &quot;self&quot;: &quot;https://t493319102.eu-latest.cumulocity.com/devicecontrol/operations/17537522&quot;,
    &quot;id&quot;: &quot;17537522&quot;,
    &quot;status&quot;: &quot;PENDING&quot;,
    &quot;description&quot;: &quot;Apply software changes, triggered from PySys: [{'action': 'install', 'id': '5475369', 'name': 'asciijump', 'url': ' ', 'version': '::apt'}, {'action': 'install', 'id': '5474869', 'name': 'robotfindskitten', 'url': ' ', 'version': ' '}, {'action': 'install', 'id': '5475279', 'name': 'squirrel3', 'url': ' ', 'version': '3.1-7::apt'}, {'action': 'install', 'id': '5152439', 'name': 'rolldice', 'url': ' ', 'version': '1.16-1+b1'}, {'action': 'install', 'id': '5439204', 'name': 'moon-buggy', 'url': ' ', 'version': '1:1.0.51-12'}, {'action': 'install', 'id': '5475369', 'name': 'asciijump', 'url': ' ', 'version': '::apt'}]&quot;,
    &quot;c8y_SoftwareUpdate&quot;: [
        {
            &quot;name&quot;: &quot;asciijump&quot;,
            &quot;action&quot;: &quot;install&quot;,
            &quot;id&quot;: &quot;5475369&quot;,
            &quot;version&quot;: &quot;::apt&quot;,
            &quot;url&quot;: &quot; &quot;
        },
        {
            &quot;name&quot;: &quot;robotfindskitten&quot;,
            &quot;action&quot;: &quot;install&quot;,
            &quot;id&quot;: &quot;5474869&quot;,
            &quot;version&quot;: &quot; &quot;,
            &quot;url&quot;: &quot; &quot;
        },
        {
            &quot;name&quot;: &quot;squirrel3&quot;,
            &quot;action&quot;: &quot;install&quot;,
            &quot;id&quot;: &quot;5475279&quot;,
            &quot;version&quot;: &quot;3.1-7::apt&quot;,
            &quot;url&quot;: &quot; &quot;
        },
        {
            &quot;name&quot;: &quot;rolldice&quot;,
            &quot;action&quot;: &quot;install&quot;,
            &quot;id&quot;: &quot;5152439&quot;,
            &quot;version&quot;: &quot;1.16-1+b1&quot;,
            &quot;url&quot;: &quot; &quot;
        },
        {
            &quot;name&quot;: &quot;moon-buggy&quot;,
            &quot;action&quot;: &quot;install&quot;,
            &quot;id&quot;: &quot;5439204&quot;,
            &quot;version&quot;: &quot;1:1.0.51-12&quot;,
            &quot;url&quot;: &quot; &quot;
        },
        {
            &quot;name&quot;: &quot;asciijump&quot;,
            &quot;action&quot;: &quot;install&quot;,
            &quot;id&quot;: &quot;5475369&quot;,
            &quot;version&quot;: &quot;::apt&quot;,
            &quot;url&quot;: &quot; &quot;
        }
    ]
}
09:10:37 INFO  Started operation: {'delivery': {'time': '2022-04-21T09:10:37.427Z', 'log': [], 'status': 'PENDING'}, 'creationTime': '2022-04-21T09:10:37.411Z', 'deviceName': 'mythicd', 'deviceId': '17512238', 'self': 'https://t493319102.eu-latest.cumulocity.com/devicecontrol/operations/17537522', 'id': '17537522', 'status': 'PENDING', 'description': &quot;Apply software changes, triggered from PySys: [{'action': 'install', 'id': '5475369', 'name': 'asciijump', 'url': ' ', 'version': '::apt'}, {'action': 'install', 'id': '5474869', 'name': 'robotfindskitten', 'url': ' ', 'version': ' '}, {'action': 'install', 'id': '5475279', 'name': 'squirrel3', 'url': ' ', 'version': '3.1-7::apt'}, {'action': 'install', 'id': '5152439', 'name': 'rolldice', 'url': ' ', 'version': '1.16-1+b1'}, {'action': 'install', 'id': '5439204', 'name': 'moon-buggy', 'url': ' ', 'version': '1:1.0.51-12'}, {'action': 'install', 'id': '5475369', 'name': 'asciijump', 'url': ' ', 'version': '::apt'}]&quot;, 'c8y_SoftwareUpdate': [{'name': 'asciijump', 'action': 'install', 'id': '5475369', 'version': '::apt', 'url': ' '}, {'name': 'robotfindskitten', 'action': 'install', 'id': '5474869', 'version': ' ', 'url': ' '}, {'name': 'squirrel3', 'action': 'install', 'id': '5475279', 'version': '3.1-7::apt', 'url': ' '}, {'name': 'rolldice', 'action': 'install', 'id': '5152439', 'version': '1.16-1+b1', 'url': ' '}, {'name': 'moon-buggy', 'action': 'install', 'id': '5439204', 'version': '1:1.0.51-12', 'url': ' '}, {'name': 'asciijump', 'action': 'install', 'id': '5475369', 'version': '::apt', 'url': ' '}]}
09:10:39 INFO  State of operation 17537522 : PENDING
09:10:41 INFO  State of operation 17537522 : EXECUTING
09:10:44 INFO  State of operation 17537522 : EXECUTING
09:10:46 INFO  State of operation 17537522 : EXECUTING
09:10:48 INFO  State of operation 17537522 : EXECUTING
09:10:50 INFO  State of operation 17537522 : EXECUTING
09:10:53 INFO  State of operation 17537522 : EXECUTING
09:10:56 INFO  State of operation 17537522 : EXECUTING
09:10:59 INFO  State of operation 17537522 : EXECUTING
09:11:01 INFO  State of operation 17537522 : EXECUTING
09:11:03 INFO  State of operation 17537522 : EXECUTING
09:11:05 INFO  State of operation 17537522 : EXECUTING
09:11:08 INFO  State of operation 17537522 : EXECUTING
09:11:10 INFO  State of operation 17537522 : EXECUTING
09:11:12 INFO  State of operation 17537522 : EXECUTING
09:11:15 INFO  State of operation 17537522 : EXECUTING
09:11:17 INFO  State of operation 17537522 : EXECUTING
09:11:20 INFO  State of operation 17537522 : EXECUTING
09:11:22 INFO  State of operation 17537522 : EXECUTING
09:11:25 INFO  State of operation 17537522 : EXECUTING
09:11:27 INFO  State of operation 17537522 : EXECUTING
09:11:29 INFO  State of operation 17537522 : EXECUTING
09:11:31 INFO  State of operation 17537522 : EXECUTING
09:11:34 INFO  State of operation 17537522 : EXECUTING
09:11:36 INFO  State of operation 17537522 : EXECUTING
09:11:39 INFO  State of operation 17537522 : EXECUTING
09:11:41 INFO  State of operation 17537522 : EXECUTING
09:11:44 INFO  State of operation 17537522 : EXECUTING
09:11:46 INFO  State of operation 17537522 : EXECUTING
09:11:48 INFO  State of operation 17537522 : EXECUTING
09:11:51 INFO  State of operation 17537522 : EXECUTING
09:11:53 INFO  State of operation 17537522 : EXECUTING
09:11:55 INFO  State of operation 17537522 : EXECUTING
09:11:58 INFO  State of operation 17537522 : EXECUTING
09:12:00 INFO  State of operation 17537522 : EXECUTING
09:12:02 INFO  State of operation 17537522 : EXECUTING
09:12:04 INFO  State of operation 17537522 : EXECUTING
09:12:06 INFO  State of operation 17537522 : EXECUTING
09:12:09 INFO  State of operation 17537522 : EXECUTING
09:12:11 INFO  State of operation 17537522 : EXECUTING
09:12:14 INFO  State of operation 17537522 : EXECUTING
09:12:17 INFO  State of operation 17537522 : EXECUTING
09:12:19 INFO  State of operation 17537522 : EXECUTING
09:12:21 INFO  State of operation 17537522 : EXECUTING
09:12:24 INFO  State of operation 17537522 : EXECUTING
09:12:26 INFO  State of operation 17537522 : EXECUTING
09:12:28 INFO  State of operation 17537522 : EXECUTING
09:12:30 INFO  State of operation 17537522 : EXECUTING
09:12:33 INFO  State of operation 17537522 : EXECUTING
09:12:35 INFO  State of operation 17537522 : EXECUTING
09:12:38 INFO  State of operation 17537522 : EXECUTING
09:12:40 INFO  State of operation 17537522 : EXECUTING
09:12:42 INFO  State of operation 17537522 : EXECUTING
09:12:45 INFO  State of operation 17537522 : EXECUTING
09:12:47 INFO  State of operation 17537522 : EXECUTING
09:12:50 INFO  State of operation 17537522 : EXECUTING
09:12:52 INFO  State of operation 17537522 : EXECUTING
09:12:54 INFO  State of operation 17537522 : EXECUTING
09:12:56 INFO  State of operation 17537522 : EXECUTING
09:12:59 INFO  State of operation 17537522 : EXECUTING
09:13:01 INFO  State of operation 17537522 : EXECUTING
09:13:03 WARN  SystemError occurred while running test - Timeout while waiting for status SUCCESSFUL or False
Traceback (most recent call last):
  File &quot;/home/pi/env-pysys/lib/python3.7/site-packages/pysys/baserunner.py&quot;, line 1294, in __call__
    self.testObj.execute()
  File &quot;/home/pi/actions-runner/_work/thin-edge.io/thin-edge.io/tests/PySys/software_management_end_to_end/sm_apt_install_remove_multiple_mixed/run.py&quot;, line 89, in execute
    self.wait_until_succcess()
  File &quot;/home/pi/actions-runner/_work/thin-edge.io/thin-edge.io/tests/PySys/software_management_end_to_end/environment_sm_management.py&quot;, line 324, in wait_until_succcess
    self.wait_until_status(&quot;SUCCESSFUL&quot;)
  File &quot;/home/pi/actions-runner/_work/thin-edge.io/thin-edge.io/tests/PySys/software_management_end_to_end/environment_sm_management.py&quot;, line 381, in wait_until_status
    &quot;Timeout while waiting for status %s or %s&quot; % (status, status2)
SystemError: Timeout while waiting for status SUCCESSFUL or False
09:13:04 WARN  SystemError: Timeout while waiting for status SUCCESSFUL or False ... blocked 
09:13:04 INFO  
09:13:04 INFO  cleanup:
09:13:08 INFO  Executed sudo&lt;tedge_disconnect_c8y&gt;, exit status 0
09:13:09 INFO  Executed systemctl&lt;serv_mapper5&gt;, exit status 3
09:13:09 INFO  
09:13:09 INFO  Test duration: 178.79 secs
09:13:09 INFO  Test final outcome:  BLOCKED
09:13:09 INFO  Test outcome reason: SystemError: Timeout while waiting for status SUCCESSFUL or False
09:13:09 INFO  
</system-out>
	</testcase>
</testsuite>
