<?xml version="1.0" encoding="utf-8"?>
<testsuite failures="1" name="SoftwareManagement.sm_apt_install_remove_multiple" skipped="0" tests="1" time="183.19" timestamp="2022-05-10T20:14:34">
	<testcase classname="PySysTest" name="SoftwareManagement.sm_apt_install_remove_multiple">
		<failure message="FAILED: Assert that (False == value) with value=True" type="FAILED"/>
		<system-out>20:11:31 INFO  ==============================================================
20:11:31 INFO  Id:    SoftwareManagement.sm_apt_install_remove_multiple
20:11:31 INFO  Dir:   software_management_end_to_end/
20:11:31 INFO  Title: Validate end to end behaviour for the apt plugin for multiple packages
20:11:31 INFO  ==============================================================
20:11:31 INFO  Using sw id database: {'asciijump': '5475369', 'robotfindskitten': '5474869', 'squirrel3': '5475279', 'rolldice': '5152439', 'moon-buggy': '5439204', 'apple': '5495053', 'banana': '5494888', 'cherry': '5495382', 'watermelon': '5494510', 'registry': '8018911', 'hello-world': '8021526', 'docker/getting-started': '8021973', 'alpine': '7991792'}
20:11:31 INFO  EnvironmentC8y Setup
20:11:32 INFO  Executed systemctl&lt;serv_mapper1&gt;, exit status 3
20:11:32 INFO  Restarting mosquitto too frequently in the last 10 seconds. It was only up for 4 seconds
20:11:32 INFO  Delaying execution by 7 seconds
20:11:53 INFO  Executed sudo&lt;tedge_connect_c8y&gt;, exit status 0, duration 14 secs
20:11:54 INFO  Executed sudo&lt;tedge_connect_c8y_test&gt;, exit status 0
20:11:54 INFO  Executed systemctl&lt;serv_mosq2&gt;, exit status 0
20:11:55 INFO  Executed systemctl&lt;serv_mapper3&gt;, exit status 0
20:11:57 INFO  State of current operation: SUCCESSFUL
20:11:57 INFO  Assert that (False == value) with value=False ... passed
20:11:57 INFO  Assert that (False == value) with value=False ... passed
20:11:58 INFO  Assert that (False == value) with value=False ... passed
20:11:58 INFO  Package robotfindskitten is installed
20:11:58 WARN  Assert that (False == value) with value=True ... failed 
20:11:58 INFO  Response status: 201
20:11:58 INFO  Response to action: {
    &quot;creationTime&quot;: &quot;2022-05-10T20:11:58.602Z&quot;,
    &quot;deviceName&quot;: &quot;mythicd&quot;,
    &quot;deviceId&quot;: &quot;18730396&quot;,
    &quot;self&quot;: &quot;https://t493319102.eu-latest.cumulocity.com/devicecontrol/operations/18751629&quot;,
    &quot;id&quot;: &quot;18751629&quot;,
    &quot;status&quot;: &quot;PENDING&quot;,
    &quot;description&quot;: &quot;Apply software changes, triggered from PySys: [{'action': 'install', 'id': '5475369', 'name': 'asciijump', 'url': ' ', 'version': '::apt'}, {'action': 'install', 'id': '5474869', 'name': 'robotfindskitten', 'url': ' ', 'version': '::apt'}, {'action': 'install', 'id': '5475279', 'name': 'squirrel3', 'url': ' ', 'version': '::apt'}]&quot;,
    &quot;c8y_SoftwareUpdate&quot;: [
        {
            &quot;name&quot;: &quot;asciijump&quot;,
            &quot;action&quot;: &quot;install&quot;,
            &quot;id&quot;: &quot;5475369&quot;,
            &quot;version&quot;: &quot;::apt&quot;,
            &quot;url&quot;: &quot; &quot;
        },
        {
            &quot;name&quot;: &quot;robotfindskitten&quot;,
            &quot;action&quot;: &quot;install&quot;,
            &quot;id&quot;: &quot;5474869&quot;,
            &quot;version&quot;: &quot;::apt&quot;,
            &quot;url&quot;: &quot; &quot;
        },
        {
            &quot;name&quot;: &quot;squirrel3&quot;,
            &quot;action&quot;: &quot;install&quot;,
            &quot;id&quot;: &quot;5475279&quot;,
            &quot;version&quot;: &quot;::apt&quot;,
            &quot;url&quot;: &quot; &quot;
        }
    ]
}
20:11:58 INFO  Started operation: {'creationTime': '2022-05-10T20:11:58.602Z', 'deviceName': 'mythicd', 'deviceId': '18730396', 'self': 'https://t493319102.eu-latest.cumulocity.com/devicecontrol/operations/18751629', 'id': '18751629', 'status': 'PENDING', 'description': &quot;Apply software changes, triggered from PySys: [{'action': 'install', 'id': '5475369', 'name': 'asciijump', 'url': ' ', 'version': '::apt'}, {'action': 'install', 'id': '5474869', 'name': 'robotfindskitten', 'url': ' ', 'version': '::apt'}, {'action': 'install', 'id': '5475279', 'name': 'squirrel3', 'url': ' ', 'version': '::apt'}]&quot;, 'c8y_SoftwareUpdate': [{'name': 'asciijump', 'action': 'install', 'id': '5475369', 'version': '::apt', 'url': ' '}, {'name': 'robotfindskitten', 'action': 'install', 'id': '5474869', 'version': '::apt', 'url': ' '}, {'name': 'squirrel3', 'action': 'install', 'id': '5475279', 'version': '::apt', 'url': ' '}]}
20:12:00 INFO  State of operation 18751629 : PENDING
20:12:03 INFO  State of operation 18751629 : EXECUTING
20:12:05 INFO  State of operation 18751629 : EXECUTING
20:12:07 INFO  State of operation 18751629 : EXECUTING
20:12:09 INFO  State of operation 18751629 : EXECUTING
20:12:12 INFO  State of operation 18751629 : EXECUTING
20:12:14 INFO  State of operation 18751629 : EXECUTING
20:12:17 INFO  State of operation 18751629 : EXECUTING
20:12:20 INFO  State of operation 18751629 : EXECUTING
20:12:22 INFO  State of operation 18751629 : EXECUTING
20:12:24 INFO  State of operation 18751629 : EXECUTING
20:12:27 INFO  State of operation 18751629 : EXECUTING
20:12:29 INFO  State of operation 18751629 : EXECUTING
20:12:31 INFO  State of operation 18751629 : EXECUTING
20:12:33 INFO  State of operation 18751629 : EXECUTING
20:12:36 INFO  State of operation 18751629 : EXECUTING
20:12:38 INFO  State of operation 18751629 : EXECUTING
20:12:40 INFO  State of operation 18751629 : EXECUTING
20:12:43 INFO  State of operation 18751629 : EXECUTING
20:12:45 INFO  State of operation 18751629 : EXECUTING
20:12:47 INFO  State of operation 18751629 : EXECUTING
20:12:50 INFO  State of operation 18751629 : EXECUTING
20:12:52 INFO  State of operation 18751629 : EXECUTING
20:12:54 INFO  State of operation 18751629 : EXECUTING
20:12:57 INFO  State of operation 18751629 : EXECUTING
20:12:59 INFO  State of operation 18751629 : EXECUTING
20:13:02 INFO  State of operation 18751629 : EXECUTING
20:13:04 INFO  State of operation 18751629 : EXECUTING
20:13:07 INFO  State of operation 18751629 : EXECUTING
20:13:09 INFO  State of operation 18751629 : EXECUTING
20:13:12 INFO  State of operation 18751629 : EXECUTING
20:13:14 INFO  State of operation 18751629 : EXECUTING
20:13:16 INFO  State of operation 18751629 : EXECUTING
20:13:18 INFO  State of operation 18751629 : EXECUTING
20:13:21 INFO  State of operation 18751629 : SUCCESSFUL
20:13:21 INFO  Assert that (False == value) with value=False ... passed
20:13:21 INFO  Package asciijump is installed
20:13:21 INFO  Assert that (True == value) with value=True ... passed
20:13:21 INFO  Package squirrel3 is installed
20:13:21 INFO  Assert that (True == value) with value=True ... passed
20:13:22 INFO  Package robotfindskitten is installed
20:13:22 INFO  Assert that (True == value) with value=True ... passed
20:13:22 INFO  Response status: 201
20:13:22 INFO  Response to action: {
    &quot;creationTime&quot;: &quot;2022-05-10T20:13:22.200Z&quot;,
    &quot;deviceName&quot;: &quot;mythicd&quot;,
    &quot;deviceId&quot;: &quot;18730396&quot;,
    &quot;self&quot;: &quot;https://t493319102.eu-latest.cumulocity.com/devicecontrol/operations/18751639&quot;,
    &quot;id&quot;: &quot;18751639&quot;,
    &quot;status&quot;: &quot;PENDING&quot;,
    &quot;description&quot;: &quot;Apply software changes, triggered from PySys: [{'action': 'delete', 'id': '5475369', 'name': 'asciijump', 'url': ' ', 'version': '::apt'}, {'action': 'delete', 'id': '5474869', 'name': 'robotfindskitten', 'url': ' ', 'version': '::apt'}, {'action': 'delete', 'id': '5475279', 'name': 'squirrel3', 'url': ' ', 'version': '::apt'}]&quot;,
    &quot;c8y_SoftwareUpdate&quot;: [
        {
            &quot;name&quot;: &quot;asciijump&quot;,
            &quot;action&quot;: &quot;delete&quot;,
            &quot;id&quot;: &quot;5475369&quot;,
            &quot;version&quot;: &quot;::apt&quot;,
            &quot;url&quot;: &quot; &quot;
        },
        {
            &quot;name&quot;: &quot;robotfindskitten&quot;,
            &quot;action&quot;: &quot;delete&quot;,
            &quot;id&quot;: &quot;5474869&quot;,
            &quot;version&quot;: &quot;::apt&quot;,
            &quot;url&quot;: &quot; &quot;
        },
        {
            &quot;name&quot;: &quot;squirrel3&quot;,
            &quot;action&quot;: &quot;delete&quot;,
            &quot;id&quot;: &quot;5475279&quot;,
            &quot;version&quot;: &quot;::apt&quot;,
            &quot;url&quot;: &quot; &quot;
        }
    ]
}
20:13:22 INFO  Started operation: {'creationTime': '2022-05-10T20:13:22.200Z', 'deviceName': 'mythicd', 'deviceId': '18730396', 'self': 'https://t493319102.eu-latest.cumulocity.com/devicecontrol/operations/18751639', 'id': '18751639', 'status': 'PENDING', 'description': &quot;Apply software changes, triggered from PySys: [{'action': 'delete', 'id': '5475369', 'name': 'asciijump', 'url': ' ', 'version': '::apt'}, {'action': 'delete', 'id': '5474869', 'name': 'robotfindskitten', 'url': ' ', 'version': '::apt'}, {'action': 'delete', 'id': '5475279', 'name': 'squirrel3', 'url': ' ', 'version': '::apt'}]&quot;, 'c8y_SoftwareUpdate': [{'name': 'asciijump', 'action': 'delete', 'id': '5475369', 'version': '::apt', 'url': ' '}, {'name': 'robotfindskitten', 'action': 'delete', 'id': '5474869', 'version': '::apt', 'url': ' '}, {'name': 'squirrel3', 'action': 'delete', 'id': '5475279', 'version': '::apt', 'url': ' '}]}
20:13:24 INFO  State of operation 18751639 : PENDING
20:13:26 INFO  State of operation 18751639 : EXECUTING
20:13:28 INFO  State of operation 18751639 : EXECUTING
20:13:31 INFO  State of operation 18751639 : EXECUTING
20:13:33 INFO  State of operation 18751639 : EXECUTING
20:13:35 INFO  State of operation 18751639 : EXECUTING
20:13:38 INFO  State of operation 18751639 : EXECUTING
20:13:41 INFO  State of operation 18751639 : EXECUTING
20:13:44 INFO  State of operation 18751639 : EXECUTING
20:13:46 INFO  State of operation 18751639 : EXECUTING
20:13:48 INFO  State of operation 18751639 : EXECUTING
20:13:51 INFO  State of operation 18751639 : EXECUTING
20:13:53 INFO  State of operation 18751639 : EXECUTING
20:13:55 INFO  State of operation 18751639 : EXECUTING
20:13:58 INFO  State of operation 18751639 : EXECUTING
20:14:00 INFO  State of operation 18751639 : EXECUTING
20:14:02 INFO  State of operation 18751639 : EXECUTING
20:14:05 INFO  State of operation 18751639 : EXECUTING
20:14:07 INFO  State of operation 18751639 : EXECUTING
20:14:10 INFO  State of operation 18751639 : EXECUTING
20:14:12 INFO  State of operation 18751639 : EXECUTING
20:14:14 INFO  State of operation 18751639 : EXECUTING
20:14:16 INFO  State of operation 18751639 : EXECUTING
20:14:19 INFO  State of operation 18751639 : EXECUTING
20:14:22 INFO  State of operation 18751639 : EXECUTING
20:14:24 INFO  State of operation 18751639 : EXECUTING
20:14:27 INFO  State of operation 18751639 : EXECUTING
20:14:29 INFO  State of operation 18751639 : SUCCESSFUL
20:14:29 INFO  Assert that (False == value) with value=False ... passed
20:14:29 INFO  Assert that (False == value) with value=False ... passed
20:14:30 INFO  Assert that (False == value) with value=False ... passed
20:14:30 INFO  Assert that (False == value) with value=False ... passed
20:14:30 INFO  
20:14:30 INFO  cleanup:
20:14:34 INFO  Executed sudo&lt;tedge_disconnect_c8y&gt;, exit status 0
20:14:34 INFO  Executed systemctl&lt;serv_mapper5&gt;, exit status 3
20:14:34 INFO  
20:14:34 INFO  Test duration: 183.19 secs
20:14:34 INFO  Test final outcome:  FAILED
20:14:34 INFO  Test outcome reason: Assert that (False == value) with value=True
20:14:34 INFO  
</system-out>
	</testcase>
</testsuite>
