<?xml version="1.0" encoding="utf-8"?>
<testsuite failures="1" name="SoftwareManagement.sm_apt_install_remove_multiple" skipped="0" tests="1" time="183.77" timestamp="2022-05-09T16:38:10">
	<testcase classname="PySysTest" name="SoftwareManagement.sm_apt_install_remove_multiple">
		<failure message="FAILED: Assert that (False == value) with value=True" type="FAILED"/>
		<system-out>16:35:06 INFO  ==============================================================
16:35:06 INFO  Id:    SoftwareManagement.sm_apt_install_remove_multiple
16:35:06 INFO  Dir:   software_management_end_to_end/
16:35:06 INFO  Title: Validate end to end behaviour for the apt plugin for multiple packages
16:35:06 INFO  ==============================================================
16:35:06 INFO  Using sw id database: {'asciijump': '5475369', 'robotfindskitten': '5474869', 'squirrel3': '5475279', 'rolldice': '5152439', 'moon-buggy': '5439204', 'apple': '5495053', 'banana': '5494888', 'cherry': '5495382', 'watermelon': '5494510', 'registry': '8018911', 'hello-world': '8021526', 'docker/getting-started': '8021973', 'alpine': '7991792'}
16:35:06 INFO  EnvironmentC8y Setup
16:35:06 INFO  Executed systemctl&lt;serv_mapper1&gt;, exit status 3
16:35:07 INFO  Restarting mosquitto too frequently in the last 10 seconds. It was only up for 5 seconds
16:35:07 INFO  Delaying execution by 6 seconds
16:35:27 INFO  Executed sudo&lt;tedge_connect_c8y&gt;, exit status 0, duration 14 secs
16:35:27 INFO  Executed sudo&lt;tedge_connect_c8y_test&gt;, exit status 0
16:35:28 INFO  Executed systemctl&lt;serv_mosq2&gt;, exit status 0
16:35:28 INFO  Executed systemctl&lt;serv_mapper3&gt;, exit status 0
16:35:31 INFO  State of current operation: SUCCESSFUL
16:35:31 INFO  Assert that (False == value) with value=False ... passed
16:35:31 INFO  Assert that (False == value) with value=False ... passed
16:35:31 INFO  Assert that (False == value) with value=False ... passed
16:35:32 INFO  Package robotfindskitten is installed
16:35:32 WARN  Assert that (False == value) with value=True ... failed 
16:35:32 INFO  Response status: 201
16:35:32 INFO  Response to action: {
    &quot;delivery&quot;: {
        &quot;time&quot;: &quot;2022-05-09T16:35:32.322Z&quot;,
        &quot;log&quot;: [],
        &quot;status&quot;: &quot;PENDING&quot;
    },
    &quot;creationTime&quot;: &quot;2022-05-09T16:35:32.310Z&quot;,
    &quot;deviceName&quot;: &quot;mythicd&quot;,
    &quot;deviceId&quot;: &quot;18560094&quot;,
    &quot;self&quot;: &quot;https://t493319102.eu-latest.cumulocity.com/devicecontrol/operations/18564905&quot;,
    &quot;id&quot;: &quot;18564905&quot;,
    &quot;status&quot;: &quot;PENDING&quot;,
    &quot;description&quot;: &quot;Apply software changes, triggered from PySys: [{'action': 'install', 'id': '5475369', 'name': 'asciijump', 'url': ' ', 'version': '::apt'}, {'action': 'install', 'id': '5474869', 'name': 'robotfindskitten', 'url': ' ', 'version': '::apt'}, {'action': 'install', 'id': '5475279', 'name': 'squirrel3', 'url': ' ', 'version': '::apt'}]&quot;,
    &quot;c8y_SoftwareUpdate&quot;: [
        {
            &quot;name&quot;: &quot;asciijump&quot;,
            &quot;action&quot;: &quot;install&quot;,
            &quot;id&quot;: &quot;5475369&quot;,
            &quot;version&quot;: &quot;::apt&quot;,
            &quot;url&quot;: &quot; &quot;
        },
        {
            &quot;name&quot;: &quot;robotfindskitten&quot;,
            &quot;action&quot;: &quot;install&quot;,
            &quot;id&quot;: &quot;5474869&quot;,
            &quot;version&quot;: &quot;::apt&quot;,
            &quot;url&quot;: &quot; &quot;
        },
        {
            &quot;name&quot;: &quot;squirrel3&quot;,
            &quot;action&quot;: &quot;install&quot;,
            &quot;id&quot;: &quot;5475279&quot;,
            &quot;version&quot;: &quot;::apt&quot;,
            &quot;url&quot;: &quot; &quot;
        }
    ]
}
16:35:32 INFO  Started operation: {'delivery': {'time': '2022-05-09T16:35:32.322Z', 'log': [], 'status': 'PENDING'}, 'creationTime': '2022-05-09T16:35:32.310Z', 'deviceName': 'mythicd', 'deviceId': '18560094', 'self': 'https://t493319102.eu-latest.cumulocity.com/devicecontrol/operations/18564905', 'id': '18564905', 'status': 'PENDING', 'description': &quot;Apply software changes, triggered from PySys: [{'action': 'install', 'id': '5475369', 'name': 'asciijump', 'url': ' ', 'version': '::apt'}, {'action': 'install', 'id': '5474869', 'name': 'robotfindskitten', 'url': ' ', 'version': '::apt'}, {'action': 'install', 'id': '5475279', 'name': 'squirrel3', 'url': ' ', 'version': '::apt'}]&quot;, 'c8y_SoftwareUpdate': [{'name': 'asciijump', 'action': 'install', 'id': '5475369', 'version': '::apt', 'url': ' '}, {'name': 'robotfindskitten', 'action': 'install', 'id': '5474869', 'version': '::apt', 'url': ' '}, {'name': 'squirrel3', 'action': 'install', 'id': '5475279', 'version': '::apt', 'url': ' '}]}
16:35:34 INFO  State of operation 18564905 : PENDING
16:35:36 INFO  State of operation 18564905 : EXECUTING
16:35:39 INFO  State of operation 18564905 : EXECUTING
16:35:41 INFO  State of operation 18564905 : EXECUTING
16:35:43 INFO  State of operation 18564905 : EXECUTING
16:35:45 INFO  State of operation 18564905 : EXECUTING
16:35:48 INFO  State of operation 18564905 : EXECUTING
16:35:51 INFO  State of operation 18564905 : EXECUTING
16:35:53 INFO  State of operation 18564905 : EXECUTING
16:35:56 INFO  State of operation 18564905 : EXECUTING
16:35:58 INFO  State of operation 18564905 : EXECUTING
16:36:00 INFO  State of operation 18564905 : EXECUTING
16:36:02 INFO  State of operation 18564905 : EXECUTING
16:36:05 INFO  State of operation 18564905 : EXECUTING
16:36:07 INFO  State of operation 18564905 : EXECUTING
16:36:09 INFO  State of operation 18564905 : EXECUTING
16:36:12 INFO  State of operation 18564905 : EXECUTING
16:36:14 INFO  State of operation 18564905 : EXECUTING
16:36:17 INFO  State of operation 18564905 : EXECUTING
16:36:19 INFO  State of operation 18564905 : EXECUTING
16:36:21 INFO  State of operation 18564905 : EXECUTING
16:36:24 INFO  State of operation 18564905 : EXECUTING
16:36:26 INFO  State of operation 18564905 : EXECUTING
16:36:28 INFO  State of operation 18564905 : EXECUTING
16:36:31 INFO  State of operation 18564905 : EXECUTING
16:36:33 INFO  State of operation 18564905 : EXECUTING
16:36:36 INFO  State of operation 18564905 : EXECUTING
16:36:38 INFO  State of operation 18564905 : EXECUTING
16:36:41 INFO  State of operation 18564905 : EXECUTING
16:36:43 INFO  State of operation 18564905 : EXECUTING
16:36:45 INFO  State of operation 18564905 : EXECUTING
16:36:47 INFO  State of operation 18564905 : EXECUTING
16:36:50 INFO  State of operation 18564905 : EXECUTING
16:36:52 INFO  State of operation 18564905 : EXECUTING
16:36:54 INFO  State of operation 18564905 : SUCCESSFUL
16:36:54 INFO  Assert that (False == value) with value=False ... passed
16:36:55 INFO  Package asciijump is installed
16:36:55 INFO  Assert that (True == value) with value=True ... passed
16:36:55 INFO  Package squirrel3 is installed
16:36:55 INFO  Assert that (True == value) with value=True ... passed
16:36:55 INFO  Package robotfindskitten is installed
16:36:55 INFO  Assert that (True == value) with value=True ... passed
16:36:55 INFO  Response status: 201
16:36:55 INFO  Response to action: {
    &quot;delivery&quot;: {
        &quot;time&quot;: &quot;2022-05-09T16:36:55.710Z&quot;,
        &quot;log&quot;: [],
        &quot;status&quot;: &quot;PENDING&quot;
    },
    &quot;creationTime&quot;: &quot;2022-05-09T16:36:55.698Z&quot;,
    &quot;deviceName&quot;: &quot;mythicd&quot;,
    &quot;deviceId&quot;: &quot;18560094&quot;,
    &quot;self&quot;: &quot;https://t493319102.eu-latest.cumulocity.com/devicecontrol/operations/18564911&quot;,
    &quot;id&quot;: &quot;18564911&quot;,
    &quot;status&quot;: &quot;PENDING&quot;,
    &quot;description&quot;: &quot;Apply software changes, triggered from PySys: [{'action': 'delete', 'id': '5475369', 'name': 'asciijump', 'url': ' ', 'version': '::apt'}, {'action': 'delete', 'id': '5474869', 'name': 'robotfindskitten', 'url': ' ', 'version': '::apt'}, {'action': 'delete', 'id': '5475279', 'name': 'squirrel3', 'url': ' ', 'version': '::apt'}]&quot;,
    &quot;c8y_SoftwareUpdate&quot;: [
        {
            &quot;name&quot;: &quot;asciijump&quot;,
            &quot;action&quot;: &quot;delete&quot;,
            &quot;id&quot;: &quot;5475369&quot;,
            &quot;version&quot;: &quot;::apt&quot;,
            &quot;url&quot;: &quot; &quot;
        },
        {
            &quot;name&quot;: &quot;robotfindskitten&quot;,
            &quot;action&quot;: &quot;delete&quot;,
            &quot;id&quot;: &quot;5474869&quot;,
            &quot;version&quot;: &quot;::apt&quot;,
            &quot;url&quot;: &quot; &quot;
        },
        {
            &quot;name&quot;: &quot;squirrel3&quot;,
            &quot;action&quot;: &quot;delete&quot;,
            &quot;id&quot;: &quot;5475279&quot;,
            &quot;version&quot;: &quot;::apt&quot;,
            &quot;url&quot;: &quot; &quot;
        }
    ]
}
16:36:55 INFO  Started operation: {'delivery': {'time': '2022-05-09T16:36:55.710Z', 'log': [], 'status': 'PENDING'}, 'creationTime': '2022-05-09T16:36:55.698Z', 'deviceName': 'mythicd', 'deviceId': '18560094', 'self': 'https://t493319102.eu-latest.cumulocity.com/devicecontrol/operations/18564911', 'id': '18564911', 'status': 'PENDING', 'description': &quot;Apply software changes, triggered from PySys: [{'action': 'delete', 'id': '5475369', 'name': 'asciijump', 'url': ' ', 'version': '::apt'}, {'action': 'delete', 'id': '5474869', 'name': 'robotfindskitten', 'url': ' ', 'version': '::apt'}, {'action': 'delete', 'id': '5475279', 'name': 'squirrel3', 'url': ' ', 'version': '::apt'}]&quot;, 'c8y_SoftwareUpdate': [{'name': 'asciijump', 'action': 'delete', 'id': '5475369', 'version': '::apt', 'url': ' '}, {'name': 'robotfindskitten', 'action': 'delete', 'id': '5474869', 'version': '::apt', 'url': ' '}, {'name': 'squirrel3', 'action': 'delete', 'id': '5475279', 'version': '::apt', 'url': ' '}]}
16:36:57 INFO  State of operation 18564911 : PENDING
16:37:00 INFO  State of operation 18564911 : EXECUTING
16:37:02 INFO  State of operation 18564911 : EXECUTING
16:37:04 INFO  State of operation 18564911 : EXECUTING
16:37:06 INFO  State of operation 18564911 : EXECUTING
16:37:09 INFO  State of operation 18564911 : EXECUTING
16:37:12 INFO  State of operation 18564911 : EXECUTING
16:37:15 INFO  State of operation 18564911 : EXECUTING
16:37:17 INFO  State of operation 18564911 : EXECUTING
16:37:19 INFO  State of operation 18564911 : EXECUTING
16:37:22 INFO  State of operation 18564911 : EXECUTING
16:37:24 INFO  State of operation 18564911 : EXECUTING
16:37:26 INFO  State of operation 18564911 : EXECUTING
16:37:28 INFO  State of operation 18564911 : EXECUTING
16:37:31 INFO  State of operation 18564911 : EXECUTING
16:37:33 INFO  State of operation 18564911 : EXECUTING
16:37:35 INFO  State of operation 18564911 : EXECUTING
16:37:38 INFO  State of operation 18564911 : EXECUTING
16:37:41 INFO  State of operation 18564911 : EXECUTING
16:37:43 INFO  State of operation 18564911 : EXECUTING
16:37:45 INFO  State of operation 18564911 : EXECUTING
16:37:48 INFO  State of operation 18564911 : EXECUTING
16:37:50 INFO  State of operation 18564911 : EXECUTING
16:37:52 INFO  State of operation 18564911 : EXECUTING
16:37:55 INFO  State of operation 18564911 : EXECUTING
16:37:57 INFO  State of operation 18564911 : EXECUTING
16:38:00 INFO  State of operation 18564911 : EXECUTING
16:38:02 INFO  State of operation 18564911 : EXECUTING
16:38:04 INFO  State of operation 18564911 : SUCCESSFUL
16:38:04 INFO  Assert that (False == value) with value=False ... passed
16:38:04 INFO  Assert that (False == value) with value=False ... passed
16:38:05 INFO  Assert that (False == value) with value=False ... passed
16:38:05 INFO  Assert that (False == value) with value=False ... passed
16:38:05 INFO  
16:38:05 INFO  cleanup:
16:38:09 INFO  Executed sudo&lt;tedge_disconnect_c8y&gt;, exit status 0
16:38:10 INFO  Executed systemctl&lt;serv_mapper5&gt;, exit status 3
16:38:10 INFO  
16:38:10 INFO  Test duration: 183.77 secs
16:38:10 INFO  Test final outcome:  FAILED
16:38:10 INFO  Test outcome reason: Assert that (False == value) with value=True
16:38:10 INFO  
</system-out>
	</testcase>
</testsuite>
