<?xml version="1.0" encoding="utf-8"?>
<testsuite failures="0" name="apt_remove" skipped="0" tests="1" time="66.51" timestamp="2022-05-09T16:18:36">
	<testcase classname="AptPluginRemoveDense" name="apt_remove"/>
</testsuite>
