<?xml version="1.0" encoding="utf-8"?>
<testsuite failures="0" name="apt_remove" skipped="0" tests="1" time="66.5" timestamp="2022-04-29T09:33:31">
	<testcase classname="AptPluginRemoveDense" name="apt_remove"/>
</testsuite>
