<?xml version="1.0" encoding="utf-8"?>
<testsuite failures="1" name="SoftwareManagement.sm_apt_install_remove_multiple" skipped="0" tests="1" time="189.27" timestamp="2022-04-21T14:25:31">
	<testcase classname="PySysTest" name="SoftwareManagement.sm_apt_install_remove_multiple">
		<failure message="FAILED: Assert that (False == value) with value=True" type="FAILED"/>
		<system-out>14:22:21 INFO  ==============================================================
14:22:21 INFO  Id:    SoftwareManagement.sm_apt_install_remove_multiple
14:22:21 INFO  Dir:   software_management_end_to_end/
14:22:21 INFO  Title: Validate end to end behaviour for the apt plugin for multiple packages
14:22:21 INFO  ==============================================================
14:22:21 INFO  Using sw id database: {'asciijump': '5475369', 'robotfindskitten': '5474869', 'squirrel3': '5475279', 'rolldice': '5152439', 'moon-buggy': '5439204', 'apple': '5495053', 'banana': '5494888', 'cherry': '5495382', 'watermelon': '5494510', 'registry': '8018911', 'hello-world': '8021526', 'docker/getting-started': '8021973', 'alpine': '7991792'}
14:22:21 INFO  EnvironmentC8y Setup
14:22:22 INFO  Executed systemctl&lt;serv_mapper1&gt;, exit status 3
14:22:22 INFO  Restarting mosquitto too frequently in the last 10 seconds. It was only up for 4 seconds
14:22:22 INFO  Delaying execution by 7 seconds
14:22:43 INFO  Executed sudo&lt;tedge_connect_c8y&gt;, exit status 0, duration 14 secs
14:22:44 INFO  Executed sudo&lt;tedge_connect_c8y_test&gt;, exit status 0
14:22:44 INFO  Executed systemctl&lt;serv_mosq2&gt;, exit status 0
14:22:45 INFO  Executed systemctl&lt;serv_mapper3&gt;, exit status 0
14:22:47 INFO  State of current operation: SUCCESSFUL
14:22:47 INFO  Assert that (False == value) with value=False ... passed
14:22:48 INFO  Assert that (False == value) with value=False ... passed
14:22:48 INFO  Assert that (False == value) with value=False ... passed
14:22:48 INFO  Package robotfindskitten is installed
14:22:48 WARN  Assert that (False == value) with value=True ... failed 
14:22:48 INFO  Response status: 201
14:22:48 INFO  Response to action: {
    &quot;creationTime&quot;: &quot;2022-04-21T14:22:48.779Z&quot;,
    &quot;deviceName&quot;: &quot;mythicd&quot;,
    &quot;deviceId&quot;: &quot;17547554&quot;,
    &quot;self&quot;: &quot;https://t493319102.eu-latest.cumulocity.com/devicecontrol/operations/17588668&quot;,
    &quot;id&quot;: &quot;17588668&quot;,
    &quot;status&quot;: &quot;PENDING&quot;,
    &quot;description&quot;: &quot;Apply software changes, triggered from PySys: [{'action': 'install', 'id': '5475369', 'name': 'asciijump', 'url': ' ', 'version': '::apt'}, {'action': 'install', 'id': '5474869', 'name': 'robotfindskitten', 'url': ' ', 'version': '::apt'}, {'action': 'install', 'id': '5475279', 'name': 'squirrel3', 'url': ' ', 'version': '::apt'}]&quot;,
    &quot;c8y_SoftwareUpdate&quot;: [
        {
            &quot;name&quot;: &quot;asciijump&quot;,
            &quot;action&quot;: &quot;install&quot;,
            &quot;id&quot;: &quot;5475369&quot;,
            &quot;version&quot;: &quot;::apt&quot;,
            &quot;url&quot;: &quot; &quot;
        },
        {
            &quot;name&quot;: &quot;robotfindskitten&quot;,
            &quot;action&quot;: &quot;install&quot;,
            &quot;id&quot;: &quot;5474869&quot;,
            &quot;version&quot;: &quot;::apt&quot;,
            &quot;url&quot;: &quot; &quot;
        },
        {
            &quot;name&quot;: &quot;squirrel3&quot;,
            &quot;action&quot;: &quot;install&quot;,
            &quot;id&quot;: &quot;5475279&quot;,
            &quot;version&quot;: &quot;::apt&quot;,
            &quot;url&quot;: &quot; &quot;
        }
    ]
}
14:22:48 INFO  Started operation: {'creationTime': '2022-04-21T14:22:48.779Z', 'deviceName': 'mythicd', 'deviceId': '17547554', 'self': 'https://t493319102.eu-latest.cumulocity.com/devicecontrol/operations/17588668', 'id': '17588668', 'status': 'PENDING', 'description': &quot;Apply software changes, triggered from PySys: [{'action': 'install', 'id': '5475369', 'name': 'asciijump', 'url': ' ', 'version': '::apt'}, {'action': 'install', 'id': '5474869', 'name': 'robotfindskitten', 'url': ' ', 'version': '::apt'}, {'action': 'install', 'id': '5475279', 'name': 'squirrel3', 'url': ' ', 'version': '::apt'}]&quot;, 'c8y_SoftwareUpdate': [{'name': 'asciijump', 'action': 'install', 'id': '5475369', 'version': '::apt', 'url': ' '}, {'name': 'robotfindskitten', 'action': 'install', 'id': '5474869', 'version': '::apt', 'url': ' '}, {'name': 'squirrel3', 'action': 'install', 'id': '5475279', 'version': '::apt', 'url': ' '}]}
14:22:51 INFO  State of operation 17588668 : PENDING
14:22:53 INFO  State of operation 17588668 : EXECUTING
14:22:55 INFO  State of operation 17588668 : EXECUTING
14:22:57 INFO  State of operation 17588668 : EXECUTING
14:22:59 INFO  State of operation 17588668 : EXECUTING
14:23:02 INFO  State of operation 17588668 : EXECUTING
14:23:04 INFO  State of operation 17588668 : EXECUTING
14:23:07 INFO  State of operation 17588668 : EXECUTING
14:23:10 INFO  State of operation 17588668 : EXECUTING
14:23:12 INFO  State of operation 17588668 : EXECUTING
14:23:14 INFO  State of operation 17588668 : EXECUTING
14:23:17 INFO  State of operation 17588668 : EXECUTING
14:23:19 INFO  State of operation 17588668 : EXECUTING
14:23:21 INFO  State of operation 17588668 : EXECUTING
14:23:23 INFO  State of operation 17588668 : EXECUTING
14:23:26 INFO  State of operation 17588668 : EXECUTING
14:23:28 INFO  State of operation 17588668 : EXECUTING
14:23:30 INFO  State of operation 17588668 : EXECUTING
14:23:33 INFO  State of operation 17588668 : EXECUTING
14:23:35 INFO  State of operation 17588668 : EXECUTING
14:23:38 INFO  State of operation 17588668 : EXECUTING
14:23:40 INFO  State of operation 17588668 : EXECUTING
14:23:42 INFO  State of operation 17588668 : EXECUTING
14:23:45 INFO  State of operation 17588668 : EXECUTING
14:23:47 INFO  State of operation 17588668 : EXECUTING
14:23:49 INFO  State of operation 17588668 : EXECUTING
14:23:52 INFO  State of operation 17588668 : EXECUTING
14:23:54 INFO  State of operation 17588668 : EXECUTING
14:23:57 INFO  State of operation 17588668 : EXECUTING
14:23:59 INFO  State of operation 17588668 : EXECUTING
14:24:01 INFO  State of operation 17588668 : EXECUTING
14:24:04 INFO  State of operation 17588668 : EXECUTING
14:24:06 INFO  State of operation 17588668 : EXECUTING
14:24:08 INFO  State of operation 17588668 : EXECUTING
14:24:10 INFO  State of operation 17588668 : EXECUTING
14:24:12 INFO  State of operation 17588668 : EXECUTING
14:24:15 INFO  State of operation 17588668 : SUCCESSFUL
14:24:15 INFO  Assert that (False == value) with value=False ... passed
14:24:15 INFO  Package asciijump is installed
14:24:15 INFO  Assert that (True == value) with value=True ... passed
14:24:16 INFO  Package squirrel3 is installed
14:24:16 INFO  Assert that (True == value) with value=True ... passed
14:24:16 INFO  Package robotfindskitten is installed
14:24:16 INFO  Assert that (True == value) with value=True ... passed
14:24:16 INFO  Response status: 201
14:24:16 INFO  Response to action: {
    &quot;creationTime&quot;: &quot;2022-04-21T14:24:16.510Z&quot;,
    &quot;deviceName&quot;: &quot;mythicd&quot;,
    &quot;deviceId&quot;: &quot;17547554&quot;,
    &quot;self&quot;: &quot;https://t493319102.eu-latest.cumulocity.com/devicecontrol/operations/17588676&quot;,
    &quot;id&quot;: &quot;17588676&quot;,
    &quot;status&quot;: &quot;PENDING&quot;,
    &quot;description&quot;: &quot;Apply software changes, triggered from PySys: [{'action': 'delete', 'id': '5475369', 'name': 'asciijump', 'url': ' ', 'version': '::apt'}, {'action': 'delete', 'id': '5474869', 'name': 'robotfindskitten', 'url': ' ', 'version': '::apt'}, {'action': 'delete', 'id': '5475279', 'name': 'squirrel3', 'url': ' ', 'version': '::apt'}]&quot;,
    &quot;c8y_SoftwareUpdate&quot;: [
        {
            &quot;name&quot;: &quot;asciijump&quot;,
            &quot;action&quot;: &quot;delete&quot;,
            &quot;id&quot;: &quot;5475369&quot;,
            &quot;version&quot;: &quot;::apt&quot;,
            &quot;url&quot;: &quot; &quot;
        },
        {
            &quot;name&quot;: &quot;robotfindskitten&quot;,
            &quot;action&quot;: &quot;delete&quot;,
            &quot;id&quot;: &quot;5474869&quot;,
            &quot;version&quot;: &quot;::apt&quot;,
            &quot;url&quot;: &quot; &quot;
        },
        {
            &quot;name&quot;: &quot;squirrel3&quot;,
            &quot;action&quot;: &quot;delete&quot;,
            &quot;id&quot;: &quot;5475279&quot;,
            &quot;version&quot;: &quot;::apt&quot;,
            &quot;url&quot;: &quot; &quot;
        }
    ]
}
14:24:16 INFO  Started operation: {'creationTime': '2022-04-21T14:24:16.510Z', 'deviceName': 'mythicd', 'deviceId': '17547554', 'self': 'https://t493319102.eu-latest.cumulocity.com/devicecontrol/operations/17588676', 'id': '17588676', 'status': 'PENDING', 'description': &quot;Apply software changes, triggered from PySys: [{'action': 'delete', 'id': '5475369', 'name': 'asciijump', 'url': ' ', 'version': '::apt'}, {'action': 'delete', 'id': '5474869', 'name': 'robotfindskitten', 'url': ' ', 'version': '::apt'}, {'action': 'delete', 'id': '5475279', 'name': 'squirrel3', 'url': ' ', 'version': '::apt'}]&quot;, 'c8y_SoftwareUpdate': [{'name': 'asciijump', 'action': 'delete', 'id': '5475369', 'version': '::apt', 'url': ' '}, {'name': 'robotfindskitten', 'action': 'delete', 'id': '5474869', 'version': '::apt', 'url': ' '}, {'name': 'squirrel3', 'action': 'delete', 'id': '5475279', 'version': '::apt', 'url': ' '}]}
14:24:18 INFO  State of operation 17588676 : PENDING
14:24:20 INFO  State of operation 17588676 : EXECUTING
14:24:23 INFO  State of operation 17588676 : EXECUTING
14:24:25 INFO  State of operation 17588676 : EXECUTING
14:24:27 INFO  State of operation 17588676 : EXECUTING
14:24:29 INFO  State of operation 17588676 : EXECUTING
14:24:32 INFO  State of operation 17588676 : EXECUTING
14:24:35 INFO  State of operation 17588676 : EXECUTING
14:24:38 INFO  State of operation 17588676 : EXECUTING
14:24:40 INFO  State of operation 17588676 : EXECUTING
14:24:42 INFO  State of operation 17588676 : EXECUTING
14:24:44 INFO  State of operation 17588676 : EXECUTING
14:24:47 INFO  State of operation 17588676 : EXECUTING
14:24:49 INFO  State of operation 17588676 : EXECUTING
14:24:51 INFO  State of operation 17588676 : EXECUTING
14:24:53 INFO  State of operation 17588676 : EXECUTING
14:24:56 INFO  State of operation 17588676 : EXECUTING
14:24:58 INFO  State of operation 17588676 : EXECUTING
14:25:01 INFO  State of operation 17588676 : EXECUTING
14:25:03 INFO  State of operation 17588676 : EXECUTING
14:25:05 INFO  State of operation 17588676 : EXECUTING
14:25:08 INFO  State of operation 17588676 : EXECUTING
14:25:10 INFO  State of operation 17588676 : EXECUTING
14:25:12 INFO  State of operation 17588676 : EXECUTING
14:25:14 INFO  State of operation 17588676 : EXECUTING
14:25:17 INFO  State of operation 17588676 : EXECUTING
14:25:19 INFO  State of operation 17588676 : EXECUTING
14:25:22 INFO  State of operation 17588676 : EXECUTING
14:25:24 INFO  State of operation 17588676 : SUCCESSFUL
14:25:24 INFO  Assert that (False == value) with value=False ... passed
14:25:24 INFO  Assert that (False == value) with value=False ... passed
14:25:25 INFO  Assert that (False == value) with value=False ... passed
14:25:25 INFO  Assert that (False == value) with value=False ... passed
14:25:25 INFO  
14:25:25 INFO  cleanup:
14:25:30 INFO  Executed sudo&lt;tedge_disconnect_c8y&gt;, exit status 0
14:25:31 INFO  Executed systemctl&lt;serv_mapper5&gt;, exit status 3
14:25:31 INFO  
14:25:31 INFO  Test duration: 189.27 secs
14:25:31 INFO  Test final outcome:  FAILED
14:25:31 INFO  Test outcome reason: Assert that (False == value) with value=True
14:25:31 INFO  
</system-out>
	</testcase>
</testsuite>
