<?xml version="1.0" encoding="utf-8"?>
<testsuite failures="0" name="apt_install" skipped="0" tests="1" time="66.86" timestamp="2022-04-28T15:46:39">
	<testcase classname="AptPluginInstallDense" name="apt_install"/>
</testsuite>
