<?xml version="1.0" encoding="utf-8"?>
<testsuite failures="0" name="apt_install_local_file_with_version_fail" skipped="0" tests="1" time="27.34" timestamp="2022-04-28T07:45:57">
	<testcase classname="AptPluginInstallFromLocalFileWithVersionFail" name="apt_install_local_file_with_version_fail"/>
</testsuite>
