<?xml version="1.0" encoding="utf-8"?>
<testsuite failures="1" name="SoftwareManagement.sm_apt_install_remove_multiple" skipped="0" tests="1" time="183.62" timestamp="2022-05-04T08:45:42">
	<testcase classname="PySysTest" name="SoftwareManagement.sm_apt_install_remove_multiple">
		<failure message="FAILED: Assert that (False == value) with value=True" type="FAILED"/>
		<system-out>08:42:38 INFO  ==============================================================
08:42:38 INFO  Id:    SoftwareManagement.sm_apt_install_remove_multiple
08:42:38 INFO  Dir:   software_management_end_to_end/
08:42:38 INFO  Title: Validate end to end behaviour for the apt plugin for multiple packages
08:42:38 INFO  ==============================================================
08:42:38 INFO  Using sw id database: {'asciijump': '5475369', 'robotfindskitten': '5474869', 'squirrel3': '5475279', 'rolldice': '5152439', 'moon-buggy': '5439204', 'apple': '5495053', 'banana': '5494888', 'cherry': '5495382', 'watermelon': '5494510', 'registry': '8018911', 'hello-world': '8021526', 'docker/getting-started': '8021973', 'alpine': '7991792'}
08:42:38 INFO  EnvironmentC8y Setup
08:42:38 INFO  Executed systemctl&lt;serv_mapper1&gt;, exit status 3
08:42:39 INFO  Restarting mosquitto too frequently in the last 10 seconds. It was only up for 5 seconds
08:42:39 INFO  Delaying execution by 6 seconds
08:42:59 INFO  Executed sudo&lt;tedge_connect_c8y&gt;, exit status 0, duration 14 secs
08:43:00 INFO  Executed sudo&lt;tedge_connect_c8y_test&gt;, exit status 0
08:43:00 INFO  Executed systemctl&lt;serv_mosq2&gt;, exit status 0
08:43:01 INFO  Executed systemctl&lt;serv_mapper3&gt;, exit status 0
08:43:03 INFO  State of current operation: SUCCESSFUL
08:43:03 INFO  Assert that (False == value) with value=False ... passed
08:43:03 INFO  Assert that (False == value) with value=False ... passed
08:43:04 INFO  Assert that (False == value) with value=False ... passed
08:43:04 INFO  Package robotfindskitten is installed
08:43:04 WARN  Assert that (False == value) with value=True ... failed 
08:43:04 INFO  Response status: 201
08:43:04 INFO  Response to action: {
    &quot;creationTime&quot;: &quot;2022-05-04T08:43:04.507Z&quot;,
    &quot;deviceName&quot;: &quot;mythicd&quot;,
    &quot;deviceId&quot;: &quot;18334598&quot;,
    &quot;self&quot;: &quot;https://t493319102.eu-latest.cumulocity.com/devicecontrol/operations/18369984&quot;,
    &quot;id&quot;: &quot;18369984&quot;,
    &quot;status&quot;: &quot;PENDING&quot;,
    &quot;description&quot;: &quot;Apply software changes, triggered from PySys: [{'action': 'install', 'id': '5475369', 'name': 'asciijump', 'url': ' ', 'version': '::apt'}, {'action': 'install', 'id': '5474869', 'name': 'robotfindskitten', 'url': ' ', 'version': '::apt'}, {'action': 'install', 'id': '5475279', 'name': 'squirrel3', 'url': ' ', 'version': '::apt'}]&quot;,
    &quot;c8y_SoftwareUpdate&quot;: [
        {
            &quot;name&quot;: &quot;asciijump&quot;,
            &quot;action&quot;: &quot;install&quot;,
            &quot;id&quot;: &quot;5475369&quot;,
            &quot;version&quot;: &quot;::apt&quot;,
            &quot;url&quot;: &quot; &quot;
        },
        {
            &quot;name&quot;: &quot;robotfindskitten&quot;,
            &quot;action&quot;: &quot;install&quot;,
            &quot;id&quot;: &quot;5474869&quot;,
            &quot;version&quot;: &quot;::apt&quot;,
            &quot;url&quot;: &quot; &quot;
        },
        {
            &quot;name&quot;: &quot;squirrel3&quot;,
            &quot;action&quot;: &quot;install&quot;,
            &quot;id&quot;: &quot;5475279&quot;,
            &quot;version&quot;: &quot;::apt&quot;,
            &quot;url&quot;: &quot; &quot;
        }
    ]
}
08:43:04 INFO  Started operation: {'creationTime': '2022-05-04T08:43:04.507Z', 'deviceName': 'mythicd', 'deviceId': '18334598', 'self': 'https://t493319102.eu-latest.cumulocity.com/devicecontrol/operations/18369984', 'id': '18369984', 'status': 'PENDING', 'description': &quot;Apply software changes, triggered from PySys: [{'action': 'install', 'id': '5475369', 'name': 'asciijump', 'url': ' ', 'version': '::apt'}, {'action': 'install', 'id': '5474869', 'name': 'robotfindskitten', 'url': ' ', 'version': '::apt'}, {'action': 'install', 'id': '5475279', 'name': 'squirrel3', 'url': ' ', 'version': '::apt'}]&quot;, 'c8y_SoftwareUpdate': [{'name': 'asciijump', 'action': 'install', 'id': '5475369', 'version': '::apt', 'url': ' '}, {'name': 'robotfindskitten', 'action': 'install', 'id': '5474869', 'version': '::apt', 'url': ' '}, {'name': 'squirrel3', 'action': 'install', 'id': '5475279', 'version': '::apt', 'url': ' '}]}
08:43:06 INFO  State of operation 18369984 : PENDING
08:43:08 INFO  State of operation 18369984 : EXECUTING
08:43:11 INFO  State of operation 18369984 : EXECUTING
08:43:13 INFO  State of operation 18369984 : EXECUTING
08:43:15 INFO  State of operation 18369984 : EXECUTING
08:43:17 INFO  State of operation 18369984 : EXECUTING
08:43:20 INFO  State of operation 18369984 : EXECUTING
08:43:22 INFO  State of operation 18369984 : EXECUTING
08:43:25 INFO  State of operation 18369984 : EXECUTING
08:43:27 INFO  State of operation 18369984 : EXECUTING
08:43:30 INFO  State of operation 18369984 : EXECUTING
08:43:32 INFO  State of operation 18369984 : EXECUTING
08:43:34 INFO  State of operation 18369984 : EXECUTING
08:43:36 INFO  State of operation 18369984 : EXECUTING
08:43:38 INFO  State of operation 18369984 : EXECUTING
08:43:41 INFO  State of operation 18369984 : EXECUTING
08:43:43 INFO  State of operation 18369984 : EXECUTING
08:43:45 INFO  State of operation 18369984 : EXECUTING
08:43:48 INFO  State of operation 18369984 : EXECUTING
08:43:50 INFO  State of operation 18369984 : EXECUTING
08:43:53 INFO  State of operation 18369984 : EXECUTING
08:43:55 INFO  State of operation 18369984 : EXECUTING
08:43:58 INFO  State of operation 18369984 : EXECUTING
08:44:00 INFO  State of operation 18369984 : EXECUTING
08:44:03 INFO  State of operation 18369984 : EXECUTING
08:44:05 INFO  State of operation 18369984 : EXECUTING
08:44:07 INFO  State of operation 18369984 : EXECUTING
08:44:10 INFO  State of operation 18369984 : EXECUTING
08:44:13 INFO  State of operation 18369984 : EXECUTING
08:44:15 INFO  State of operation 18369984 : EXECUTING
08:44:17 INFO  State of operation 18369984 : EXECUTING
08:44:19 INFO  State of operation 18369984 : EXECUTING
08:44:22 INFO  State of operation 18369984 : EXECUTING
08:44:24 INFO  State of operation 18369984 : EXECUTING
08:44:26 INFO  State of operation 18369984 : SUCCESSFUL
08:44:26 INFO  Assert that (False == value) with value=False ... passed
08:44:27 INFO  Package asciijump is installed
08:44:27 INFO  Assert that (True == value) with value=True ... passed
08:44:27 INFO  Package squirrel3 is installed
08:44:27 INFO  Assert that (True == value) with value=True ... passed
08:44:27 INFO  Package robotfindskitten is installed
08:44:27 INFO  Assert that (True == value) with value=True ... passed
08:44:27 INFO  Response status: 201
08:44:27 INFO  Response to action: {
    &quot;creationTime&quot;: &quot;2022-05-04T08:44:27.824Z&quot;,
    &quot;deviceName&quot;: &quot;mythicd&quot;,
    &quot;deviceId&quot;: &quot;18334598&quot;,
    &quot;self&quot;: &quot;https://t493319102.eu-latest.cumulocity.com/devicecontrol/operations/18369994&quot;,
    &quot;id&quot;: &quot;18369994&quot;,
    &quot;status&quot;: &quot;PENDING&quot;,
    &quot;description&quot;: &quot;Apply software changes, triggered from PySys: [{'action': 'delete', 'id': '5475369', 'name': 'asciijump', 'url': ' ', 'version': '::apt'}, {'action': 'delete', 'id': '5474869', 'name': 'robotfindskitten', 'url': ' ', 'version': '::apt'}, {'action': 'delete', 'id': '5475279', 'name': 'squirrel3', 'url': ' ', 'version': '::apt'}]&quot;,
    &quot;c8y_SoftwareUpdate&quot;: [
        {
            &quot;name&quot;: &quot;asciijump&quot;,
            &quot;action&quot;: &quot;delete&quot;,
            &quot;id&quot;: &quot;5475369&quot;,
            &quot;version&quot;: &quot;::apt&quot;,
            &quot;url&quot;: &quot; &quot;
        },
        {
            &quot;name&quot;: &quot;robotfindskitten&quot;,
            &quot;action&quot;: &quot;delete&quot;,
            &quot;id&quot;: &quot;5474869&quot;,
            &quot;version&quot;: &quot;::apt&quot;,
            &quot;url&quot;: &quot; &quot;
        },
        {
            &quot;name&quot;: &quot;squirrel3&quot;,
            &quot;action&quot;: &quot;delete&quot;,
            &quot;id&quot;: &quot;5475279&quot;,
            &quot;version&quot;: &quot;::apt&quot;,
            &quot;url&quot;: &quot; &quot;
        }
    ]
}
08:44:27 INFO  Started operation: {'creationTime': '2022-05-04T08:44:27.824Z', 'deviceName': 'mythicd', 'deviceId': '18334598', 'self': 'https://t493319102.eu-latest.cumulocity.com/devicecontrol/operations/18369994', 'id': '18369994', 'status': 'PENDING', 'description': &quot;Apply software changes, triggered from PySys: [{'action': 'delete', 'id': '5475369', 'name': 'asciijump', 'url': ' ', 'version': '::apt'}, {'action': 'delete', 'id': '5474869', 'name': 'robotfindskitten', 'url': ' ', 'version': '::apt'}, {'action': 'delete', 'id': '5475279', 'name': 'squirrel3', 'url': ' ', 'version': '::apt'}]&quot;, 'c8y_SoftwareUpdate': [{'name': 'asciijump', 'action': 'delete', 'id': '5475369', 'version': '::apt', 'url': ' '}, {'name': 'robotfindskitten', 'action': 'delete', 'id': '5474869', 'version': '::apt', 'url': ' '}, {'name': 'squirrel3', 'action': 'delete', 'id': '5475279', 'version': '::apt', 'url': ' '}]}
08:44:30 INFO  State of operation 18369994 : PENDING
08:44:32 INFO  State of operation 18369994 : EXECUTING
08:44:34 INFO  State of operation 18369994 : EXECUTING
08:44:36 INFO  State of operation 18369994 : EXECUTING
08:44:39 INFO  State of operation 18369994 : EXECUTING
08:44:41 INFO  State of operation 18369994 : EXECUTING
08:44:44 INFO  State of operation 18369994 : EXECUTING
08:44:47 INFO  State of operation 18369994 : EXECUTING
08:44:49 INFO  State of operation 18369994 : EXECUTING
08:44:52 INFO  State of operation 18369994 : EXECUTING
08:44:54 INFO  State of operation 18369994 : EXECUTING
08:44:56 INFO  State of operation 18369994 : EXECUTING
08:44:58 INFO  State of operation 18369994 : EXECUTING
08:45:01 INFO  State of operation 18369994 : EXECUTING
08:45:03 INFO  State of operation 18369994 : EXECUTING
08:45:05 INFO  State of operation 18369994 : EXECUTING
08:45:07 INFO  State of operation 18369994 : EXECUTING
08:45:10 INFO  State of operation 18369994 : EXECUTING
08:45:12 INFO  State of operation 18369994 : EXECUTING
08:45:15 INFO  State of operation 18369994 : EXECUTING
08:45:17 INFO  State of operation 18369994 : EXECUTING
08:45:19 INFO  State of operation 18369994 : EXECUTING
08:45:22 INFO  State of operation 18369994 : EXECUTING
08:45:24 INFO  State of operation 18369994 : EXECUTING
08:45:27 INFO  State of operation 18369994 : EXECUTING
08:45:29 INFO  State of operation 18369994 : EXECUTING
08:45:31 INFO  State of operation 18369994 : EXECUTING
08:45:34 INFO  State of operation 18369994 : EXECUTING
08:45:36 INFO  State of operation 18369994 : SUCCESSFUL
08:45:36 INFO  Assert that (False == value) with value=False ... passed
08:45:36 INFO  Assert that (False == value) with value=False ... passed
08:45:36 INFO  Assert that (False == value) with value=False ... passed
08:45:37 INFO  Assert that (False == value) with value=False ... passed
08:45:37 INFO  
08:45:37 INFO  cleanup:
08:45:41 INFO  Executed sudo&lt;tedge_disconnect_c8y&gt;, exit status 0
08:45:42 INFO  Executed systemctl&lt;serv_mapper5&gt;, exit status 3
08:45:42 INFO  
08:45:42 INFO  Test duration: 183.62 secs
08:45:42 INFO  Test final outcome:  FAILED
08:45:42 INFO  Test outcome reason: Assert that (False == value) with value=True
08:45:42 INFO  
</system-out>
	</testcase>
</testsuite>
