<?xml version="1.0" encoding="utf-8"?>
<testsuite failures="0" name="apt_update_list" skipped="0" tests="1" time="168.93" timestamp="2022-04-28T16:01:30">
	<testcase classname="AptPluginUpdateList" name="apt_update_list"/>
</testsuite>
