<?xml version="1.0" encoding="utf-8"?>
<testsuite failures="1" name="SoftwareManagement.sm_apt_install_remove_multiple" skipped="0" tests="1" time="183.59" timestamp="2022-05-16T08:07:27">
	<testcase classname="PySysTest" name="SoftwareManagement.sm_apt_install_remove_multiple">
		<failure message="FAILED: Assert that (False == value) with value=True" type="FAILED"/>
		<system-out>08:04:24 INFO  ==============================================================
08:04:24 INFO  Id:    SoftwareManagement.sm_apt_install_remove_multiple
08:04:24 INFO  Dir:   software_management_end_to_end/
08:04:24 INFO  Title: Validate end to end behaviour for the apt plugin for multiple packages
08:04:24 INFO  ==============================================================
08:04:24 INFO  Using sw id database: {'asciijump': '5475369', 'robotfindskitten': '5474869', 'squirrel3': '5475279', 'rolldice': '5152439', 'moon-buggy': '5439204', 'apple': '5495053', 'banana': '5494888', 'cherry': '5495382', 'watermelon': '5494510', 'registry': '8018911', 'hello-world': '8021526', 'docker/getting-started': '8021973', 'alpine': '7991792'}
08:04:24 INFO  EnvironmentC8y Setup
08:04:24 INFO  Executed systemctl&lt;serv_mapper1&gt;, exit status 3
08:04:24 INFO  Restarting mosquitto too frequently in the last 10 seconds. It was only up for 5 seconds
08:04:24 INFO  Delaying execution by 6 seconds
08:04:45 INFO  Executed sudo&lt;tedge_connect_c8y&gt;, exit status 0, duration 14 secs
08:04:45 INFO  Executed sudo&lt;tedge_connect_c8y_test&gt;, exit status 0
08:04:46 INFO  Executed systemctl&lt;serv_mosq2&gt;, exit status 0
08:04:46 INFO  Executed systemctl&lt;serv_mapper3&gt;, exit status 0
08:04:49 INFO  State of current operation: SUCCESSFUL
08:04:49 INFO  Assert that (False == value) with value=False ... passed
08:04:49 INFO  Assert that (False == value) with value=False ... passed
08:04:49 INFO  Assert that (False == value) with value=False ... passed
08:04:50 INFO  Package robotfindskitten is installed
08:04:50 WARN  Assert that (False == value) with value=True ... failed 
08:04:50 INFO  Response status: 201
08:04:50 INFO  Response to action: {
    &quot;creationTime&quot;: &quot;2022-05-16T08:04:50.282Z&quot;,
    &quot;deviceId&quot;: &quot;19104451&quot;,
    &quot;deviceName&quot;: &quot;mythicd&quot;,
    &quot;self&quot;: &quot;https://t493319102.eu-latest.cumulocity.com/devicecontrol/operations/19118994&quot;,
    &quot;id&quot;: &quot;19118994&quot;,
    &quot;status&quot;: &quot;PENDING&quot;,
    &quot;description&quot;: &quot;Apply software changes, triggered from PySys: [{'action': 'install', 'id': '5475369', 'name': 'asciijump', 'url': ' ', 'version': '::apt'}, {'action': 'install', 'id': '5474869', 'name': 'robotfindskitten', 'url': ' ', 'version': '::apt'}, {'action': 'install', 'id': '5475279', 'name': 'squirrel3', 'url': ' ', 'version': '::apt'}]&quot;,
    &quot;c8y_SoftwareUpdate&quot;: [
        {
            &quot;name&quot;: &quot;asciijump&quot;,
            &quot;action&quot;: &quot;install&quot;,
            &quot;id&quot;: &quot;5475369&quot;,
            &quot;version&quot;: &quot;::apt&quot;,
            &quot;url&quot;: &quot; &quot;
        },
        {
            &quot;name&quot;: &quot;robotfindskitten&quot;,
            &quot;action&quot;: &quot;install&quot;,
            &quot;id&quot;: &quot;5474869&quot;,
            &quot;version&quot;: &quot;::apt&quot;,
            &quot;url&quot;: &quot; &quot;
        },
        {
            &quot;name&quot;: &quot;squirrel3&quot;,
            &quot;action&quot;: &quot;install&quot;,
            &quot;id&quot;: &quot;5475279&quot;,
            &quot;version&quot;: &quot;::apt&quot;,
            &quot;url&quot;: &quot; &quot;
        }
    ]
}
08:04:50 INFO  Started operation: {'creationTime': '2022-05-16T08:04:50.282Z', 'deviceId': '19104451', 'deviceName': 'mythicd', 'self': 'https://t493319102.eu-latest.cumulocity.com/devicecontrol/operations/19118994', 'id': '19118994', 'status': 'PENDING', 'description': &quot;Apply software changes, triggered from PySys: [{'action': 'install', 'id': '5475369', 'name': 'asciijump', 'url': ' ', 'version': '::apt'}, {'action': 'install', 'id': '5474869', 'name': 'robotfindskitten', 'url': ' ', 'version': '::apt'}, {'action': 'install', 'id': '5475279', 'name': 'squirrel3', 'url': ' ', 'version': '::apt'}]&quot;, 'c8y_SoftwareUpdate': [{'name': 'asciijump', 'action': 'install', 'id': '5475369', 'version': '::apt', 'url': ' '}, {'name': 'robotfindskitten', 'action': 'install', 'id': '5474869', 'version': '::apt', 'url': ' '}, {'name': 'squirrel3', 'action': 'install', 'id': '5475279', 'version': '::apt', 'url': ' '}]}
08:04:52 INFO  State of operation 19118994 : PENDING
08:04:54 INFO  State of operation 19118994 : EXECUTING
08:04:57 INFO  State of operation 19118994 : EXECUTING
08:04:59 INFO  State of operation 19118994 : EXECUTING
08:05:01 INFO  State of operation 19118994 : EXECUTING
08:05:03 INFO  State of operation 19118994 : EXECUTING
08:05:06 INFO  State of operation 19118994 : EXECUTING
08:05:09 INFO  State of operation 19118994 : EXECUTING
08:05:11 INFO  State of operation 19118994 : EXECUTING
08:05:14 INFO  State of operation 19118994 : EXECUTING
08:05:16 INFO  State of operation 19118994 : EXECUTING
08:05:18 INFO  State of operation 19118994 : EXECUTING
08:05:21 INFO  State of operation 19118994 : EXECUTING
08:05:23 INFO  State of operation 19118994 : EXECUTING
08:05:25 INFO  State of operation 19118994 : EXECUTING
08:05:27 INFO  State of operation 19118994 : EXECUTING
08:05:30 INFO  State of operation 19118994 : EXECUTING
08:05:32 INFO  State of operation 19118994 : EXECUTING
08:05:35 INFO  State of operation 19118994 : EXECUTING
08:05:37 INFO  State of operation 19118994 : EXECUTING
08:05:39 INFO  State of operation 19118994 : EXECUTING
08:05:41 INFO  State of operation 19118994 : EXECUTING
08:05:44 INFO  State of operation 19118994 : EXECUTING
08:05:46 INFO  State of operation 19118994 : EXECUTING
08:05:49 INFO  State of operation 19118994 : EXECUTING
08:05:51 INFO  State of operation 19118994 : EXECUTING
08:05:54 INFO  State of operation 19118994 : EXECUTING
08:05:56 INFO  State of operation 19118994 : EXECUTING
08:05:59 INFO  State of operation 19118994 : EXECUTING
08:06:01 INFO  State of operation 19118994 : EXECUTING
08:06:03 INFO  State of operation 19118994 : EXECUTING
08:06:05 INFO  State of operation 19118994 : EXECUTING
08:06:08 INFO  State of operation 19118994 : EXECUTING
08:06:10 INFO  State of operation 19118994 : EXECUTING
08:06:12 INFO  State of operation 19118994 : SUCCESSFUL
08:06:12 INFO  Assert that (False == value) with value=False ... passed
08:06:13 INFO  Package asciijump is installed
08:06:13 INFO  Assert that (True == value) with value=True ... passed
08:06:13 INFO  Package squirrel3 is installed
08:06:13 INFO  Assert that (True == value) with value=True ... passed
08:06:13 INFO  Package robotfindskitten is installed
08:06:13 INFO  Assert that (True == value) with value=True ... passed
08:06:13 INFO  Response status: 201
08:06:13 INFO  Response to action: {
    &quot;creationTime&quot;: &quot;2022-05-16T08:06:13.635Z&quot;,
    &quot;deviceId&quot;: &quot;19104451&quot;,
    &quot;deviceName&quot;: &quot;mythicd&quot;,
    &quot;self&quot;: &quot;https://t493319102.eu-latest.cumulocity.com/devicecontrol/operations/19119010&quot;,
    &quot;id&quot;: &quot;19119010&quot;,
    &quot;status&quot;: &quot;PENDING&quot;,
    &quot;description&quot;: &quot;Apply software changes, triggered from PySys: [{'action': 'delete', 'id': '5475369', 'name': 'asciijump', 'url': ' ', 'version': '::apt'}, {'action': 'delete', 'id': '5474869', 'name': 'robotfindskitten', 'url': ' ', 'version': '::apt'}, {'action': 'delete', 'id': '5475279', 'name': 'squirrel3', 'url': ' ', 'version': '::apt'}]&quot;,
    &quot;c8y_SoftwareUpdate&quot;: [
        {
            &quot;name&quot;: &quot;asciijump&quot;,
            &quot;action&quot;: &quot;delete&quot;,
            &quot;id&quot;: &quot;5475369&quot;,
            &quot;version&quot;: &quot;::apt&quot;,
            &quot;url&quot;: &quot; &quot;
        },
        {
            &quot;name&quot;: &quot;robotfindskitten&quot;,
            &quot;action&quot;: &quot;delete&quot;,
            &quot;id&quot;: &quot;5474869&quot;,
            &quot;version&quot;: &quot;::apt&quot;,
            &quot;url&quot;: &quot; &quot;
        },
        {
            &quot;name&quot;: &quot;squirrel3&quot;,
            &quot;action&quot;: &quot;delete&quot;,
            &quot;id&quot;: &quot;5475279&quot;,
            &quot;version&quot;: &quot;::apt&quot;,
            &quot;url&quot;: &quot; &quot;
        }
    ]
}
08:06:13 INFO  Started operation: {'creationTime': '2022-05-16T08:06:13.635Z', 'deviceId': '19104451', 'deviceName': 'mythicd', 'self': 'https://t493319102.eu-latest.cumulocity.com/devicecontrol/operations/19119010', 'id': '19119010', 'status': 'PENDING', 'description': &quot;Apply software changes, triggered from PySys: [{'action': 'delete', 'id': '5475369', 'name': 'asciijump', 'url': ' ', 'version': '::apt'}, {'action': 'delete', 'id': '5474869', 'name': 'robotfindskitten', 'url': ' ', 'version': '::apt'}, {'action': 'delete', 'id': '5475279', 'name': 'squirrel3', 'url': ' ', 'version': '::apt'}]&quot;, 'c8y_SoftwareUpdate': [{'name': 'asciijump', 'action': 'delete', 'id': '5475369', 'version': '::apt', 'url': ' '}, {'name': 'robotfindskitten', 'action': 'delete', 'id': '5474869', 'version': '::apt', 'url': ' '}, {'name': 'squirrel3', 'action': 'delete', 'id': '5475279', 'version': '::apt', 'url': ' '}]}
08:06:15 INFO  State of operation 19119010 : PENDING
08:06:18 INFO  State of operation 19119010 : EXECUTING
08:06:20 INFO  State of operation 19119010 : EXECUTING
08:06:22 INFO  State of operation 19119010 : EXECUTING
08:06:24 INFO  State of operation 19119010 : EXECUTING
08:06:26 INFO  State of operation 19119010 : EXECUTING
08:06:29 INFO  State of operation 19119010 : EXECUTING
08:06:33 INFO  State of operation 19119010 : EXECUTING
08:06:35 INFO  State of operation 19119010 : EXECUTING
08:06:37 INFO  State of operation 19119010 : EXECUTING
08:06:40 INFO  State of operation 19119010 : EXECUTING
08:06:42 INFO  State of operation 19119010 : EXECUTING
08:06:44 INFO  State of operation 19119010 : EXECUTING
08:06:46 INFO  State of operation 19119010 : EXECUTING
08:06:49 INFO  State of operation 19119010 : EXECUTING
08:06:51 INFO  State of operation 19119010 : EXECUTING
08:06:53 INFO  State of operation 19119010 : EXECUTING
08:06:56 INFO  State of operation 19119010 : EXECUTING
08:06:58 INFO  State of operation 19119010 : EXECUTING
08:07:01 INFO  State of operation 19119010 : EXECUTING
08:07:03 INFO  State of operation 19119010 : EXECUTING
08:07:05 INFO  State of operation 19119010 : EXECUTING
08:07:07 INFO  State of operation 19119010 : EXECUTING
08:07:10 INFO  State of operation 19119010 : EXECUTING
08:07:12 INFO  State of operation 19119010 : EXECUTING
08:07:15 INFO  State of operation 19119010 : EXECUTING
08:07:17 INFO  State of operation 19119010 : EXECUTING
08:07:19 INFO  State of operation 19119010 : EXECUTING
08:07:22 INFO  State of operation 19119010 : SUCCESSFUL
08:07:22 INFO  Assert that (False == value) with value=False ... passed
08:07:22 INFO  Assert that (False == value) with value=False ... passed
08:07:22 INFO  Assert that (False == value) with value=False ... passed
08:07:23 INFO  Assert that (False == value) with value=False ... passed
08:07:23 INFO  
08:07:23 INFO  cleanup:
08:07:27 INFO  Executed sudo&lt;tedge_disconnect_c8y&gt;, exit status 0
08:07:27 INFO  Executed systemctl&lt;serv_mapper5&gt;, exit status 3
08:07:27 INFO  
08:07:27 INFO  Test duration: 183.59 secs
08:07:27 INFO  Test final outcome:  FAILED
08:07:27 INFO  Test outcome reason: Assert that (False == value) with value=True
08:07:27 INFO  
</system-out>
	</testcase>
</testsuite>
