<?xml version="1.0" encoding="utf-8"?>
<testsuite failures="0" name="apt_prepare" skipped="0" tests="1" time="18.66" timestamp="2022-05-16T07:44:34">
	<testcase classname="AptPluginPrepare" name="apt_prepare"/>
</testsuite>
