<?xml version="1.0" encoding="utf-8"?>
<testsuite failures="1" name="publish_sawmill_record_statistics_long" skipped="0" tests="1" time="0.01">
	<testcase classname="PublishSawmillRecordStatisticsLong" name="publish_sawmill_record_statistics_long">
		<failure message="FAILED">Device ID is not set. Set with the env variable C8YDEVICEID</failure>
		<system-out>16:27:05 INFO  ==============================================================
16:27:05 INFO  Id:    publish_sawmill_record_statistics_long
16:27:05 INFO  Title: Publish sawmill and record process statistics long version
16:27:05 DEBUG Execution order hint: 0.0
16:27:05 INFO  ==============================================================
16:27:05 DEBUG EnvironmentC8y Setup
16:27:05 WARN  Device ID is not set. Set with the env variable C8YDEVICEID ... failed 
16:27:05 WARN  Aborted test due to FAILED outcome
16:27:05 DEBUG --- test cleanup
16:27:05 DEBUG ProcessUser cleanup function done.
16:27:05 INFO  
16:27:05 INFO  Test duration: 0.01 secs
16:27:05 INFO  Test final outcome:  FAILED
16:27:05 INFO  Test outcome reason: Device ID is not set. Set with the env variable C8YDEVICEID
16:27:05 INFO  
</system-out>
	</testcase>
</testsuite>
