<?xml version="1.0" encoding="utf-8"?>
<testsuite failures="1" name="publish_sawmill_record_statistics" skipped="0" tests="1" time="0.94">
	<testcase classname="PublishSawmillRecordStatistics" name="publish_sawmill_record_statistics">
		<failure message="FAILED">Device ID is not set. Set with the env variable C8YDEVICEID</failure>
		<system-out>10:17:39 INFO  ==============================================================
10:17:39 INFO  Id:    publish_sawmill_record_statistics
10:17:39 INFO  Title: Publish sawmill and record process statistics
10:17:39 DEBUG Execution order hint: 0.0
10:17:39 INFO  ==============================================================
10:17:40 DEBUG EnvironmentC8y Setup
10:17:40 WARN  Device ID is not set. Set with the env variable C8YDEVICEID ... failed 
10:17:40 WARN  Aborted test due to FAILED outcome
10:17:40 DEBUG --- test cleanup
10:17:40 DEBUG ProcessUser cleanup function done.
10:17:40 INFO  
10:17:40 INFO  Test duration: 0.94 secs
10:17:40 INFO  Test final outcome:  FAILED
10:17:40 INFO  Test outcome reason: Device ID is not set. Set with the env variable C8YDEVICEID
10:17:40 INFO  
</system-out>
	</testcase>
</testsuite>
