<?xml version="1.0" encoding="utf-8"?>
<testsuite failures="1" name="publish_sawmill_record_statistics" skipped="0" tests="1" time="0.88">
	<testcase classname="PublishSawmillRecordStatistics" name="publish_sawmill_record_statistics">
		<failure message="FAILED">Device ID is not set. Set with the env variable C8YDEVICEID</failure>
		<system-out>16:27:04 INFO  ==============================================================
16:27:04 INFO  Id:    publish_sawmill_record_statistics
16:27:04 INFO  Title: Publish sawmill and record process statistics
16:27:04 DEBUG Execution order hint: 0.0
16:27:04 INFO  ==============================================================
16:27:04 DEBUG EnvironmentC8y Setup
16:27:05 WARN  Device ID is not set. Set with the env variable C8YDEVICEID ... failed 
16:27:05 WARN  Aborted test due to FAILED outcome
16:27:05 DEBUG --- test cleanup
16:27:05 DEBUG ProcessUser cleanup function done.
16:27:05 INFO  
16:27:05 INFO  Test duration: 0.88 secs
16:27:05 INFO  Test final outcome:  FAILED
16:27:05 INFO  Test outcome reason: Device ID is not set. Set with the env variable C8YDEVICEID
16:27:05 INFO  
</system-out>
	</testcase>
</testsuite>
