<?xml version="1.0" encoding="utf-8"?>
<testsuite failures="1" name="publish_sawmill_record_statistics" skipped="0" tests="1" time="0.87">
	<testcase classname="PublishSawmillRecordStatistics" name="publish_sawmill_record_statistics">
		<failure message="FAILED">Device ID is not set. Set with the env variable C8YDEVICEID</failure>
		<system-out>17:15:33 INFO  ==============================================================
17:15:33 INFO  Id:    publish_sawmill_record_statistics
17:15:33 INFO  Title: Publish sawmill and record process statistics
17:15:33 DEBUG Execution order hint: 0.0
17:15:34 INFO  ==============================================================
17:15:34 DEBUG EnvironmentC8y Setup
17:15:34 WARN  Device ID is not set. Set with the env variable C8YDEVICEID ... failed 
17:15:34 WARN  Aborted test due to FAILED outcome
17:15:34 DEBUG --- test cleanup
17:15:34 DEBUG ProcessUser cleanup function done.
17:15:34 INFO  
17:15:34 INFO  Test duration: 0.87 secs
17:15:34 INFO  Test final outcome:  FAILED
17:15:34 INFO  Test outcome reason: Device ID is not set. Set with the env variable C8YDEVICEID
17:15:34 INFO  
</system-out>
	</testcase>
</testsuite>
