<?xml version="1.0" encoding="utf-8"?>
<testsuite failures="1" name="publish_sawmill_record_statistics_long" skipped="0" tests="1" time="0.02">
	<testcase classname="PublishSawmillRecordStatisticsLong" name="publish_sawmill_record_statistics_long">
		<failure message="FAILED">Device ID is not set. Set with the env variable C8YDEVICEID</failure>
		<system-out>12:25:04 INFO  ==============================================================
12:25:04 INFO  Id:    publish_sawmill_record_statistics_long
12:25:04 INFO  Title: Publish sawmill and record process statistics long version
12:25:04 DEBUG Execution order hint: 0.0
12:25:04 INFO  ==============================================================
12:25:04 DEBUG EnvironmentC8y Setup
12:25:04 WARN  Device ID is not set. Set with the env variable C8YDEVICEID ... failed 
12:25:04 WARN  Aborted test due to FAILED outcome
12:25:04 DEBUG --- test cleanup
12:25:04 DEBUG ProcessUser cleanup function done.
12:25:04 INFO  
12:25:04 INFO  Test duration: 0.02 secs
12:25:04 INFO  Test final outcome:  FAILED
12:25:04 INFO  Test outcome reason: Device ID is not set. Set with the env variable C8YDEVICEID
12:25:04 INFO  
</system-out>
	</testcase>
</testsuite>
