<?xml version="1.0" encoding="utf-8"?>
<testsuite failures="1" name="publish_sawmill_record_statistics_long" skipped="0" tests="1" time="0.02">
	<testcase classname="PublishSawmillRecordStatisticsLong" name="publish_sawmill_record_statistics_long">
		<failure message="FAILED">Device ID is not set. Set with the env variable C8YDEVICEID</failure>
		<system-out>11:16:06 INFO  ==============================================================
11:16:06 INFO  Id:    publish_sawmill_record_statistics_long
11:16:06 INFO  Title: Publish sawmill and record process statistics long version
11:16:06 DEBUG Execution order hint: 0.0
11:16:06 INFO  ==============================================================
11:16:06 DEBUG EnvironmentC8y Setup
11:16:06 WARN  Device ID is not set. Set with the env variable C8YDEVICEID ... failed 
11:16:06 WARN  Aborted test due to FAILED outcome
11:16:06 DEBUG --- test cleanup
11:16:06 DEBUG ProcessUser cleanup function done.
11:16:06 INFO  
11:16:06 INFO  Test duration: 0.02 secs
11:16:06 INFO  Test final outcome:  FAILED
11:16:06 INFO  Test outcome reason: Device ID is not set. Set with the env variable C8YDEVICEID
11:16:06 INFO  
</system-out>
	</testcase>
</testsuite>
