<?xml version="1.0" encoding="utf-8"?>
<testsuite failures="1" name="smoketest_smartrest_400_samples_20ms" skipped="0" tests="1" time="132.51" timestamp="2022-02-07T14:13:14">
	<testcase classname="SmoketestSmartRest400Samples20ms" name="smoketest_smartrest_400_samples_20ms">
		<failure message="BLOCKED: python3&lt;stdout&gt; returned non-zero exit code 1" type="BLOCKED"/>
		<system-out>14:11:02 INFO  ==============================================================
14:11:02 INFO  Id:    smoketest_smartrest_400_samples_20ms
14:11:02 INFO  Dir:   smoketests/
14:11:02 INFO  Title: Smoketest SmartRest 400 Samples 20ms Delay
14:11:02 DEBUG Execution order hint: 0.0
14:11:02 INFO  ==============================================================
14:11:02 DEBUG EnvironmentC8y Setup
14:11:02 INFO  EnvironmentC8y Setup
14:11:02 DEBUG Process parameters for systemctl&lt;serv_mapper1&gt;
  command line : /usr/bin/systemctl status tedge-mapper-c8y
    arg #1     : status
    arg #2     : tedge-mapper-c8y
  working dir  : /home/pi/actions-runner/_work/thin-edge.io/thin-edge.io/tests/PySys/smoketests/smoketest_smartrest_400_samples_20ms/Output/linux
  stdout       : /home/pi/actions-runner/_work/thin-edge.io/thin-edge.io/tests/PySys/smoketests/smoketest_smartrest_400_samples_20ms/Output/linux/serv_mapper1.out
  stderr       : /home/pi/actions-runner/_work/thin-edge.io/thin-edge.io/tests/PySys/smoketests/smoketest_smartrest_400_samples_20ms/Output/linux/serv_mapper1.err
  environment  : LD_LIBRARY_PATH=/usr/lib
  environment  : PATH=/bin:/usr/bin:/usr/sbin:/usr/local/bin
                   #1  /bin
                   #2  /usr/bin
                   #3  /usr/sbin
                   #4  /usr/local/bin
14:11:02 DEBUG Waiting up to 600 secs for process systemctl&lt;serv_mapper1&gt; (pid 17821)
14:11:02 INFO  Executed systemctl&lt;serv_mapper1&gt;, exit status 3
14:11:02 INFO  Restarting mosquitto too frequently in the last 10 seconds. It was only up for 3 seconds
14:11:02 INFO  Delaying execution by 8 seconds
14:11:10 DEBUG Process parameters for sudo&lt;tedge_connect_c8y&gt;
  command line : /usr/bin/sudo /usr/bin/tedge connect c8y
    arg #1     : /usr/bin/tedge
    arg #2     : connect
    arg #3     : c8y
  working dir  : /home/pi/actions-runner/_work/thin-edge.io/thin-edge.io/tests/PySys/smoketests/smoketest_smartrest_400_samples_20ms/Output/linux
  stdout       : /home/pi/actions-runner/_work/thin-edge.io/thin-edge.io/tests/PySys/smoketests/smoketest_smartrest_400_samples_20ms/Output/linux/tedge_connect_c8y.out
  stderr       : /home/pi/actions-runner/_work/thin-edge.io/thin-edge.io/tests/PySys/smoketests/smoketest_smartrest_400_samples_20ms/Output/linux/tedge_connect_c8y.err
  environment  : LD_LIBRARY_PATH=/usr/lib
  environment  : PATH=/bin:/usr/bin:/usr/sbin:/usr/local/bin
                   #1  /bin
                   #2  /usr/bin
                   #3  /usr/sbin
                   #4  /usr/local/bin
14:11:10 DEBUG Waiting up to 600 secs for process sudo&lt;tedge_connect_c8y&gt; (pid 17828)
14:11:22 INFO  Executed sudo&lt;tedge_connect_c8y&gt;, exit status 0, duration 11 secs
14:11:22 DEBUG Process parameters for sudo&lt;tedge_connect_c8y_test&gt;
  command line : /usr/bin/sudo /usr/bin/tedge connect c8y --test
    arg #1     : /usr/bin/tedge
    arg #2     : connect
    arg #3     : c8y
    arg #4     : --test
  working dir  : /home/pi/actions-runner/_work/thin-edge.io/thin-edge.io/tests/PySys/smoketests/smoketest_smartrest_400_samples_20ms/Output/linux
  stdout       : /home/pi/actions-runner/_work/thin-edge.io/thin-edge.io/tests/PySys/smoketests/smoketest_smartrest_400_samples_20ms/Output/linux/tedge_connect_c8y_test.out
  stderr       : /home/pi/actions-runner/_work/thin-edge.io/thin-edge.io/tests/PySys/smoketests/smoketest_smartrest_400_samples_20ms/Output/linux/tedge_connect_c8y_test.err
  environment  : LD_LIBRARY_PATH=/usr/lib
  environment  : PATH=/bin:/usr/bin:/usr/sbin:/usr/local/bin
                   #1  /bin
                   #2  /usr/bin
                   #3  /usr/sbin
                   #4  /usr/local/bin
14:11:22 DEBUG Waiting up to 600 secs for process sudo&lt;tedge_connect_c8y_test&gt; (pid 17974)
14:11:22 INFO  Executed sudo&lt;tedge_connect_c8y_test&gt;, exit status 0
14:11:22 DEBUG Process parameters for systemctl&lt;serv_mosq2&gt;
  command line : /usr/bin/systemctl status mosquitto
    arg #1     : status
    arg #2     : mosquitto
  working dir  : /home/pi/actions-runner/_work/thin-edge.io/thin-edge.io/tests/PySys/smoketests/smoketest_smartrest_400_samples_20ms/Output/linux
  stdout       : /home/pi/actions-runner/_work/thin-edge.io/thin-edge.io/tests/PySys/smoketests/smoketest_smartrest_400_samples_20ms/Output/linux/serv_mosq2.out
  stderr       : /home/pi/actions-runner/_work/thin-edge.io/thin-edge.io/tests/PySys/smoketests/smoketest_smartrest_400_samples_20ms/Output/linux/serv_mosq2.err
  environment  : LD_LIBRARY_PATH=/usr/lib
  environment  : PATH=/bin:/usr/bin:/usr/sbin:/usr/local/bin
                   #1  /bin
                   #2  /usr/bin
                   #3  /usr/sbin
                   #4  /usr/local/bin
14:11:22 DEBUG Waiting up to 600 secs for process systemctl&lt;serv_mosq2&gt; (pid 17984)
14:11:22 INFO  Executed systemctl&lt;serv_mosq2&gt;, exit status 0
14:11:22 DEBUG Process parameters for systemctl&lt;serv_mapper3&gt;
  command line : /usr/bin/systemctl status tedge-mapper-c8y
    arg #1     : status
    arg #2     : tedge-mapper-c8y
  working dir  : /home/pi/actions-runner/_work/thin-edge.io/thin-edge.io/tests/PySys/smoketests/smoketest_smartrest_400_samples_20ms/Output/linux
  stdout       : /home/pi/actions-runner/_work/thin-edge.io/thin-edge.io/tests/PySys/smoketests/smoketest_smartrest_400_samples_20ms/Output/linux/serv_mapper3.out
  stderr       : /home/pi/actions-runner/_work/thin-edge.io/thin-edge.io/tests/PySys/smoketests/smoketest_smartrest_400_samples_20ms/Output/linux/serv_mapper3.err
  environment  : LD_LIBRARY_PATH=/usr/lib
  environment  : PATH=/bin:/usr/bin:/usr/sbin:/usr/local/bin
                   #1  /bin
                   #2  /usr/bin
                   #3  /usr/sbin
                   #4  /usr/local/bin
14:11:22 DEBUG Waiting up to 600 secs for process systemctl&lt;serv_mapper3&gt; (pid 17985)
14:11:22 INFO  Executed systemctl&lt;serv_mapper3&gt;, exit status 0
14:11:22 DEBUG C8y Roundtrip Setup
14:11:22 DEBUG --- test execute
14:11:22 DEBUG EnvironmentC8y Execute
14:11:22 DEBUG C8y Roundtrip Execute
14:12:18 DEBUG Process parameters for python3&lt;stdout&gt;
  command line : /home/pi/env-pysys/bin/python3 /home/pi/actions-runner/_work/thin-edge.io/thin-edge.io/ci/roundtrip_local_to_c8y.py -m REST -pub /home/pi/examples -u octocat -t t493319102 -id 13855669 -o 55 -d 20 -s 400
    arg #1     : /home/pi/actions-runner/_work/thin-edge.io/thin-edge.io/ci/roundtrip_local_to_c8y.py
    arg #2     : -m
    arg #3     : REST
    arg #4     : -pub
    arg #5     : /home/pi/examples
    arg #6     : -u
    arg #7     : octocat
    arg #8     : -t
    arg #9     : t493319102
    arg #10    : -id
    arg #11    : 13855669
    arg #12    : -o
    arg #13    : 55
    arg #14    : -d
    arg #15    : 20
    arg #16    : -s
    arg #17    : 400
  working dir  : /home/pi/actions-runner/_work/thin-edge.io/thin-edge.io/tests/PySys/smoketests/smoketest_smartrest_400_samples_20ms/Output/linux
  stdout       : /home/pi/actions-runner/_work/thin-edge.io/thin-edge.io/tests/PySys/smoketests/smoketest_smartrest_400_samples_20ms/Output/linux/stdout.out
  stderr       : /home/pi/actions-runner/_work/thin-edge.io/thin-edge.io/tests/PySys/smoketests/smoketest_smartrest_400_samples_20ms/Output/linux/stdout.err
  environment  : C8YPASS=CsiqG9s25z//
14:12:18 DEBUG Waiting up to 600 secs for process python3&lt;stdout&gt; (pid 18003)
14:13:11 WARN  Executed python3&lt;stdout&gt;, exit status 1, duration 53 secs
14:13:11 DEBUG Opening file using encoding=UTF-8: /home/pi/actions-runner/_work/thin-edge.io/thin-edge.io/tests/PySys/smoketests/smoketest_smartrest_400_samples_20ms/Output/linux/stdout.err
14:13:11 DEBUG Opening file using encoding=UTF-8: /home/pi/actions-runner/_work/thin-edge.io/thin-edge.io/tests/PySys/smoketests/smoketest_smartrest_400_samples_20ms/Output/linux/stdout.out
14:13:11 INFO  Contents of stdout.out: 
14:13:11 INFO    Act: Publishing values with tedge pub
14:13:11 INFO    Waiting 3s for values to arrive in C8y
14:13:11 INFO    Assert: Retrieving data via REST interface
14:13:11 INFO    Gathering values from 2022-02-07 14:12:16+00:00 to 2022-02-07 14:13:11+00:00
14:13:11 INFO    Found 0 recorded values:
14:13:11 INFO    Retrieved values:
14:13:11 INFO    Expected:  0.0  ...  399.0
14:13:11 INFO    Data verification FAILED
14:13:11 INFO    -----
14:13:11 INFO  
14:13:11 WARN  python3&lt;stdout&gt; returned non-zero exit code 1 ... blocked 
14:13:11 WARN  Aborted test due to BLOCKED outcome
14:13:11 DEBUG --- test cleanup
14:13:11 INFO  
14:13:11 INFO  cleanup:
14:13:11 DEBUG Running registered cleanup function: &lt;bound method Environment_roundtrip_c8y.myenvroundtripcleanup of &lt;SmoketestSmartRest400Samples20ms object at 0x75cff6d0&gt;&gt;
14:13:11 DEBUG C8y Roundtrip MyCleanup
14:13:11 DEBUG Running registered cleanup function: &lt;bound method EnvironmentC8y.myenvcleanup of &lt;SmoketestSmartRest400Samples20ms object at 0x75cff6d0&gt;&gt;
14:13:11 DEBUG EnvironmentC8y Cleanup
14:13:11 DEBUG Process parameters for sudo&lt;tedge_disconnect_c8y&gt;
  command line : /usr/bin/sudo /usr/bin/tedge disconnect c8y
    arg #1     : /usr/bin/tedge
    arg #2     : disconnect
    arg #3     : c8y
  working dir  : /home/pi/actions-runner/_work/thin-edge.io/thin-edge.io/tests/PySys/smoketests/smoketest_smartrest_400_samples_20ms/Output/linux
  stdout       : /home/pi/actions-runner/_work/thin-edge.io/thin-edge.io/tests/PySys/smoketests/smoketest_smartrest_400_samples_20ms/Output/linux/tedge_disconnect_c8y.out
  stderr       : /home/pi/actions-runner/_work/thin-edge.io/thin-edge.io/tests/PySys/smoketests/smoketest_smartrest_400_samples_20ms/Output/linux/tedge_disconnect_c8y.err
  environment  : LD_LIBRARY_PATH=/usr/lib
  environment  : PATH=/bin:/usr/bin:/usr/sbin:/usr/local/bin
                   #1  /bin
                   #2  /usr/bin
                   #3  /usr/sbin
                   #4  /usr/local/bin
14:13:11 DEBUG Waiting up to 600 secs for process sudo&lt;tedge_disconnect_c8y&gt; (pid 19619)
14:13:14 INFO  Executed sudo&lt;tedge_disconnect_c8y&gt;, exit status 0
14:13:14 DEBUG Process parameters for systemctl&lt;serv_mapper5&gt;
  command line : /usr/bin/systemctl status tedge-mapper-c8y
    arg #1     : status
    arg #2     : tedge-mapper-c8y
  working dir  : /home/pi/actions-runner/_work/thin-edge.io/thin-edge.io/tests/PySys/smoketests/smoketest_smartrest_400_samples_20ms/Output/linux
  stdout       : /home/pi/actions-runner/_work/thin-edge.io/thin-edge.io/tests/PySys/smoketests/smoketest_smartrest_400_samples_20ms/Output/linux/serv_mapper5.out
  stderr       : /home/pi/actions-runner/_work/thin-edge.io/thin-edge.io/tests/PySys/smoketests/smoketest_smartrest_400_samples_20ms/Output/linux/serv_mapper5.err
  environment  : LD_LIBRARY_PATH=/usr/lib
  environment  : PATH=/bin:/usr/bin:/usr/sbin:/usr/local/bin
                   #1  /bin
                   #2  /usr/bin
                   #3  /usr/sbin
                   #4  /usr/local/bin
14:13:14 DEBUG Waiting up to 600 secs for process systemctl&lt;serv_mapper5&gt; (pid 19679)
14:13:14 INFO  Executed systemctl&lt;serv_mapper5&gt;, exit status 3
14:13:14 DEBUG ProcessUser cleanup function done.
14:13:14 INFO  
14:13:14 INFO  Test duration: 132.51 secs
14:13:14 INFO  Test final outcome:  BLOCKED
14:13:14 INFO  Test outcome reason: python3&lt;stdout&gt; returned non-zero exit code 1
14:13:14 INFO  
</system-out>
	</testcase>
</testsuite>
