<?xml version="1.0" encoding="utf-8"?>
<testsuite failures="0" name="apt_sequence_remove_with_version_fail" skipped="1" tests="1" time="0.02" timestamp="2022-03-30T08:17:30">
	<testcase classname="AptPluginRemoveWithVersionFails" name="apt_sequence_remove_with_version_fail">
		<skipped message="SKIPPED: Testing the apt plugin is not supported on this platform.To run the tests call PySys with -XmyPlatform='container'"/>
		<system-out>08:17:30 DEBUG deletedir failed to update permissions and delete /home/pi/actions-runner/_work/thin-edge.io/thin-edge.io/tests/PySys/plugin_apt/apt_sequence_remove_with_version_fail/Output/linux on this attempt: [Errno 2] No such file or directory: '/home/pi/actions-runner/_work/thin-edge.io/thin-edge.io/tests/PySys/plugin_apt/apt_sequence_remove_with_version_fail/Output/linux'
08:17:30 INFO  ==============================================================
08:17:30 INFO  Id:    apt_sequence_remove_with_version_fail
08:17:30 INFO  Dir:   plugin_apt/
08:17:30 INFO  Title: Validate apt plugin remove with version fails when the version not found
08:17:30 DEBUG Execution order hint: 0.0
08:17:30 INFO  ==============================================================
08:17:30 INFO  Testing the apt plugin is not supported on this platform.To run the tests call PySys with -XmyPlatform='container' ... skipped
08:17:30 WARN  Aborted test due to SKIPPED outcome
08:17:30 DEBUG --- test cleanup
08:17:30 DEBUG ProcessUser cleanup function done.
08:17:30 INFO  
08:17:30 INFO  Test duration: 0.02 secs
08:17:30 INFO  Test final outcome:  SKIPPED
08:17:30 INFO  Test outcome reason: Testing the apt plugin is not supported on this platform.To run the tests call PySys with -XmyPlatform='container'
08:17:30 INFO  
</system-out>
	</testcase>
</testsuite>
