<?xml version="1.0" encoding="utf-8"?>
<testsuite failures="0" name="mqtt_port_change_connection_fails" skipped="0" tests="1" time="1.01" timestamp="2022-03-30T08:16:30">
	<testcase classname="MqttPortChangeConnectionFails" name="mqtt_port_change_connection_fails"/>
</testsuite>
