<?xml version="1.0" encoding="utf-8"?>
<testsuite failures="1" name="smoketest_smartrest_400_samples_20ms" skipped="0" tests="1" time="130.92" timestamp="2022-03-02T08:53:09">
	<testcase classname="SmoketestSmartRest400Samples20ms" name="smoketest_smartrest_400_samples_20ms">
		<failure message="BLOCKED: python3&lt;stdout&gt; returned non-zero exit code 1" type="BLOCKED"/>
		<system-out>08:50:58 INFO  ==============================================================
08:50:58 INFO  Id:    smoketest_smartrest_400_samples_20ms
08:50:58 INFO  Dir:   smoketests/
08:50:58 INFO  Title: Smoketest SmartRest 400 Samples 20ms Delay
08:50:58 DEBUG Execution order hint: 0.0
08:50:58 INFO  ==============================================================
08:50:58 DEBUG EnvironmentC8y Setup
08:50:58 INFO  EnvironmentC8y Setup
08:50:58 DEBUG Process parameters for systemctl&lt;serv_mapper1&gt;
  command line : /usr/bin/systemctl status tedge-mapper-c8y
    arg #1     : status
    arg #2     : tedge-mapper-c8y
  working dir  : /home/pi/actions-runner/_work/thin-edge.io/thin-edge.io/tests/PySys/smoketests/smoketest_smartrest_400_samples_20ms/Output/linux
  stdout       : /home/pi/actions-runner/_work/thin-edge.io/thin-edge.io/tests/PySys/smoketests/smoketest_smartrest_400_samples_20ms/Output/linux/serv_mapper1.out
  stderr       : /home/pi/actions-runner/_work/thin-edge.io/thin-edge.io/tests/PySys/smoketests/smoketest_smartrest_400_samples_20ms/Output/linux/serv_mapper1.err
  environment  : LD_LIBRARY_PATH=/usr/lib
  environment  : PATH=/bin:/usr/bin:/usr/sbin:/usr/local/bin
                   #1  /bin
                   #2  /usr/bin
                   #3  /usr/sbin
                   #4  /usr/local/bin
08:50:58 DEBUG Waiting up to 600 secs for process systemctl&lt;serv_mapper1&gt; (pid 15115)
08:50:58 INFO  Executed systemctl&lt;serv_mapper1&gt;, exit status 3
08:50:58 INFO  Restarting mosquitto too frequently in the last 10 seconds. It was only up for 2 seconds
08:50:58 INFO  Delaying execution by 9 seconds
08:51:07 DEBUG Process parameters for sudo&lt;tedge_connect_c8y&gt;
  command line : /usr/bin/sudo /usr/bin/tedge connect c8y
    arg #1     : /usr/bin/tedge
    arg #2     : connect
    arg #3     : c8y
  working dir  : /home/pi/actions-runner/_work/thin-edge.io/thin-edge.io/tests/PySys/smoketests/smoketest_smartrest_400_samples_20ms/Output/linux
  stdout       : /home/pi/actions-runner/_work/thin-edge.io/thin-edge.io/tests/PySys/smoketests/smoketest_smartrest_400_samples_20ms/Output/linux/tedge_connect_c8y.out
  stderr       : /home/pi/actions-runner/_work/thin-edge.io/thin-edge.io/tests/PySys/smoketests/smoketest_smartrest_400_samples_20ms/Output/linux/tedge_connect_c8y.err
  environment  : LD_LIBRARY_PATH=/usr/lib
  environment  : PATH=/bin:/usr/bin:/usr/sbin:/usr/local/bin
                   #1  /bin
                   #2  /usr/bin
                   #3  /usr/sbin
                   #4  /usr/local/bin
08:51:07 DEBUG Waiting up to 600 secs for process sudo&lt;tedge_connect_c8y&gt; (pid 15123)
08:51:17 INFO  Executed sudo&lt;tedge_connect_c8y&gt;, exit status 0
08:51:17 DEBUG Process parameters for sudo&lt;tedge_connect_c8y_test&gt;
  command line : /usr/bin/sudo /usr/bin/tedge connect c8y --test
    arg #1     : /usr/bin/tedge
    arg #2     : connect
    arg #3     : c8y
    arg #4     : --test
  working dir  : /home/pi/actions-runner/_work/thin-edge.io/thin-edge.io/tests/PySys/smoketests/smoketest_smartrest_400_samples_20ms/Output/linux
  stdout       : /home/pi/actions-runner/_work/thin-edge.io/thin-edge.io/tests/PySys/smoketests/smoketest_smartrest_400_samples_20ms/Output/linux/tedge_connect_c8y_test.out
  stderr       : /home/pi/actions-runner/_work/thin-edge.io/thin-edge.io/tests/PySys/smoketests/smoketest_smartrest_400_samples_20ms/Output/linux/tedge_connect_c8y_test.err
  environment  : LD_LIBRARY_PATH=/usr/lib
  environment  : PATH=/bin:/usr/bin:/usr/sbin:/usr/local/bin
                   #1  /bin
                   #2  /usr/bin
                   #3  /usr/sbin
                   #4  /usr/local/bin
08:51:17 DEBUG Waiting up to 600 secs for process sudo&lt;tedge_connect_c8y_test&gt; (pid 15232)
08:51:18 INFO  Executed sudo&lt;tedge_connect_c8y_test&gt;, exit status 0
08:51:18 DEBUG Process parameters for systemctl&lt;serv_mosq2&gt;
  command line : /usr/bin/systemctl status mosquitto
    arg #1     : status
    arg #2     : mosquitto
  working dir  : /home/pi/actions-runner/_work/thin-edge.io/thin-edge.io/tests/PySys/smoketests/smoketest_smartrest_400_samples_20ms/Output/linux
  stdout       : /home/pi/actions-runner/_work/thin-edge.io/thin-edge.io/tests/PySys/smoketests/smoketest_smartrest_400_samples_20ms/Output/linux/serv_mosq2.out
  stderr       : /home/pi/actions-runner/_work/thin-edge.io/thin-edge.io/tests/PySys/smoketests/smoketest_smartrest_400_samples_20ms/Output/linux/serv_mosq2.err
  environment  : LD_LIBRARY_PATH=/usr/lib
  environment  : PATH=/bin:/usr/bin:/usr/sbin:/usr/local/bin
                   #1  /bin
                   #2  /usr/bin
                   #3  /usr/sbin
                   #4  /usr/local/bin
08:51:18 DEBUG Waiting up to 600 secs for process systemctl&lt;serv_mosq2&gt; (pid 15239)
08:51:18 INFO  Executed systemctl&lt;serv_mosq2&gt;, exit status 0
08:51:18 DEBUG Process parameters for systemctl&lt;serv_mapper3&gt;
  command line : /usr/bin/systemctl status tedge-mapper-c8y
    arg #1     : status
    arg #2     : tedge-mapper-c8y
  working dir  : /home/pi/actions-runner/_work/thin-edge.io/thin-edge.io/tests/PySys/smoketests/smoketest_smartrest_400_samples_20ms/Output/linux
  stdout       : /home/pi/actions-runner/_work/thin-edge.io/thin-edge.io/tests/PySys/smoketests/smoketest_smartrest_400_samples_20ms/Output/linux/serv_mapper3.out
  stderr       : /home/pi/actions-runner/_work/thin-edge.io/thin-edge.io/tests/PySys/smoketests/smoketest_smartrest_400_samples_20ms/Output/linux/serv_mapper3.err
  environment  : LD_LIBRARY_PATH=/usr/lib
  environment  : PATH=/bin:/usr/bin:/usr/sbin:/usr/local/bin
                   #1  /bin
                   #2  /usr/bin
                   #3  /usr/sbin
                   #4  /usr/local/bin
08:51:18 DEBUG Waiting up to 600 secs for process systemctl&lt;serv_mapper3&gt; (pid 15240)
08:51:18 INFO  Executed systemctl&lt;serv_mapper3&gt;, exit status 0
08:51:18 DEBUG C8y Roundtrip Setup
08:51:18 DEBUG --- test execute
08:51:18 DEBUG EnvironmentC8y Execute
08:51:18 DEBUG C8y Roundtrip Execute
08:52:13 DEBUG Process parameters for python3&lt;stdout&gt;
  command line : /home/pi/env-pysys/bin/python3 /home/pi/actions-runner/_work/thin-edge.io/thin-edge.io/ci/roundtrip_local_to_c8y.py -m REST -pub /home/pi/examples -u octocat -t t493319102 -id 14255019 -o 55 -d 20 -s 400
    arg #1     : /home/pi/actions-runner/_work/thin-edge.io/thin-edge.io/ci/roundtrip_local_to_c8y.py
    arg #2     : -m
    arg #3     : REST
    arg #4     : -pub
    arg #5     : /home/pi/examples
    arg #6     : -u
    arg #7     : octocat
    arg #8     : -t
    arg #9     : t493319102
    arg #10    : -id
    arg #11    : 14255019
    arg #12    : -o
    arg #13    : 55
    arg #14    : -d
    arg #15    : 20
    arg #16    : -s
    arg #17    : 400
  working dir  : /home/pi/actions-runner/_work/thin-edge.io/thin-edge.io/tests/PySys/smoketests/smoketest_smartrest_400_samples_20ms/Output/linux
  stdout       : /home/pi/actions-runner/_work/thin-edge.io/thin-edge.io/tests/PySys/smoketests/smoketest_smartrest_400_samples_20ms/Output/linux/stdout.out
  stderr       : /home/pi/actions-runner/_work/thin-edge.io/thin-edge.io/tests/PySys/smoketests/smoketest_smartrest_400_samples_20ms/Output/linux/stdout.err
  environment  : C8YPASS=CsiqG9s25z//
08:52:13 DEBUG Waiting up to 600 secs for process python3&lt;stdout&gt; (pid 15255)
08:53:06 WARN  Executed python3&lt;stdout&gt;, exit status 1, duration 52 secs
08:53:06 DEBUG Opening file using encoding=UTF-8: /home/pi/actions-runner/_work/thin-edge.io/thin-edge.io/tests/PySys/smoketests/smoketest_smartrest_400_samples_20ms/Output/linux/stdout.err
08:53:06 DEBUG Opening file using encoding=UTF-8: /home/pi/actions-runner/_work/thin-edge.io/thin-edge.io/tests/PySys/smoketests/smoketest_smartrest_400_samples_20ms/Output/linux/stdout.out
08:53:06 INFO  Contents of stdout.out: 
08:53:06 INFO    Act: Publishing values with tedge pub
08:53:06 INFO    Waiting 3s for values to arrive in C8y
08:53:06 INFO    Assert: Retrieving data via REST interface
08:53:06 INFO    Gathering values from 2022-03-02 08:52:10+00:00 to 2022-03-02 08:53:05+00:00
08:53:06 INFO    Found 0 recorded values:
08:53:06 INFO    Retrieved values:
08:53:06 INFO    Expected:  0.0  ...  399.0
08:53:06 INFO    Data verification FAILED
08:53:06 INFO    -----
08:53:06 INFO  
08:53:06 WARN  python3&lt;stdout&gt; returned non-zero exit code 1 ... blocked 
08:53:06 WARN  Aborted test due to BLOCKED outcome
08:53:06 DEBUG --- test cleanup
08:53:06 INFO  
08:53:06 INFO  cleanup:
08:53:06 DEBUG Running registered cleanup function: &lt;bound method Environment_roundtrip_c8y.myenvroundtripcleanup of &lt;SmoketestSmartRest400Samples20ms object at 0x75bfa1b0&gt;&gt;
08:53:06 DEBUG C8y Roundtrip MyCleanup
08:53:06 DEBUG Running registered cleanup function: &lt;bound method EnvironmentC8y.myenvcleanup of &lt;SmoketestSmartRest400Samples20ms object at 0x75bfa1b0&gt;&gt;
08:53:06 DEBUG EnvironmentC8y Cleanup
08:53:06 DEBUG Process parameters for sudo&lt;tedge_disconnect_c8y&gt;
  command line : /usr/bin/sudo /usr/bin/tedge disconnect c8y
    arg #1     : /usr/bin/tedge
    arg #2     : disconnect
    arg #3     : c8y
  working dir  : /home/pi/actions-runner/_work/thin-edge.io/thin-edge.io/tests/PySys/smoketests/smoketest_smartrest_400_samples_20ms/Output/linux
  stdout       : /home/pi/actions-runner/_work/thin-edge.io/thin-edge.io/tests/PySys/smoketests/smoketest_smartrest_400_samples_20ms/Output/linux/tedge_disconnect_c8y.out
  stderr       : /home/pi/actions-runner/_work/thin-edge.io/thin-edge.io/tests/PySys/smoketests/smoketest_smartrest_400_samples_20ms/Output/linux/tedge_disconnect_c8y.err
  environment  : LD_LIBRARY_PATH=/usr/lib
  environment  : PATH=/bin:/usr/bin:/usr/sbin:/usr/local/bin
                   #1  /bin
                   #2  /usr/bin
                   #3  /usr/sbin
                   #4  /usr/local/bin
08:53:06 DEBUG Waiting up to 600 secs for process sudo&lt;tedge_disconnect_c8y&gt; (pid 16465)
08:53:08 INFO  Executed sudo&lt;tedge_disconnect_c8y&gt;, exit status 0
08:53:08 DEBUG Process parameters for systemctl&lt;serv_mapper5&gt;
  command line : /usr/bin/systemctl status tedge-mapper-c8y
    arg #1     : status
    arg #2     : tedge-mapper-c8y
  working dir  : /home/pi/actions-runner/_work/thin-edge.io/thin-edge.io/tests/PySys/smoketests/smoketest_smartrest_400_samples_20ms/Output/linux
  stdout       : /home/pi/actions-runner/_work/thin-edge.io/thin-edge.io/tests/PySys/smoketests/smoketest_smartrest_400_samples_20ms/Output/linux/serv_mapper5.out
  stderr       : /home/pi/actions-runner/_work/thin-edge.io/thin-edge.io/tests/PySys/smoketests/smoketest_smartrest_400_samples_20ms/Output/linux/serv_mapper5.err
  environment  : LD_LIBRARY_PATH=/usr/lib
  environment  : PATH=/bin:/usr/bin:/usr/sbin:/usr/local/bin
                   #1  /bin
                   #2  /usr/bin
                   #3  /usr/sbin
                   #4  /usr/local/bin
08:53:08 DEBUG Waiting up to 600 secs for process systemctl&lt;serv_mapper5&gt; (pid 16505)
08:53:09 INFO  Executed systemctl&lt;serv_mapper5&gt;, exit status 3
08:53:09 DEBUG ProcessUser cleanup function done.
08:53:09 INFO  
08:53:09 INFO  Test duration: 130.92 secs
08:53:09 INFO  Test final outcome:  BLOCKED
08:53:09 INFO  Test outcome reason: python3&lt;stdout&gt; returned non-zero exit code 1
08:53:09 INFO  
</system-out>
	</testcase>
</testsuite>
