<?xml version="1.0" encoding="utf-8"?>
<testsuite failures="0" name="docker_plugin_install_with_version" skipped="1" tests="1" time="0.03" timestamp="2022-03-21T16:48:38">
	<testcase classname="DockerPluginInstallWithVersionTest" name="docker_plugin_install_with_version">
		<skipped message="SKIPPED: Testing the docker plugin is not supported on this platform.To run it, all the test with -XmyPlatform='container'"/>
		<system-out>16:48:38 DEBUG deletedir failed to update permissions and delete /home/pi/actions-runner/_work/thin-edge.io/thin-edge.io/tests/PySys/plugin_docker/docker_plugin_install_with_version/Output/linux on this attempt: [Errno 2] No such file or directory: '/home/pi/actions-runner/_work/thin-edge.io/thin-edge.io/tests/PySys/plugin_docker/docker_plugin_install_with_version/Output/linux'
16:48:38 INFO  ==============================================================
16:48:38 INFO  Id:    docker_plugin_install_with_version
16:48:38 INFO  Dir:   plugin_docker/
16:48:38 INFO  Title: Validate docker plugin install
16:48:38 DEBUG Execution order hint: 0.0
16:48:38 INFO  ==============================================================
16:48:38 INFO  Testing the docker plugin is not supported on this platform.To run it, all the test with -XmyPlatform='container' ... skipped
16:48:38 WARN  Aborted test due to SKIPPED outcome
16:48:38 DEBUG --- test cleanup
16:48:38 DEBUG ProcessUser cleanup function done.
16:48:38 INFO  
16:48:38 INFO  Test duration: 0.03 secs
16:48:38 INFO  Test final outcome:  SKIPPED
16:48:38 INFO  Test outcome reason: Testing the docker plugin is not supported on this platform.To run it, all the test with -XmyPlatform='container'
16:48:38 INFO  
</system-out>
	</testcase>
</testsuite>
