<?xml version="1.0" encoding="utf-8"?>
<testsuite failures="0" name="c8y_restart_bridge" skipped="0" tests="1" time="18.74" timestamp="2022-03-04T12:15:24">
	<testcase classname="RestartBridge" name="c8y_restart_bridge"/>
</testsuite>
