<?xml version="1.0" encoding="utf-8"?>
<testsuite failures="1" name="monitoring_smaller_interval" skipped="0" tests="1" time="10.03" timestamp="2022-02-07T14:03:11">
	<testcase classname="MonitoringSmallInterval" name="monitoring_smaller_interval">
		<failure message="FAILED: Assert that (collectd_msg_validation_result == expected_result) with collectd_msg_validation_result=False, expected_result=True" type="FAILED"/>
		<system-out>14:03:01 INFO  ==============================================================
14:03:01 INFO  Id:    monitoring_smaller_interval
14:03:01 INFO  Dir:   monitoring/
14:03:01 INFO  Title: Validate the tedge dm agent messages that are produced with smaller sampling interval than the batching window. Here the simulated collectd messages are used
14:03:01 DEBUG Execution order hint: 0.0
14:03:01 INFO  ==============================================================
14:03:01 DEBUG Process parameters for sudo&lt;collectd&gt;
  command line : /usr/bin/sudo systemctl stop collectd
    arg #1     : systemctl
    arg #2     : stop
    arg #3     : collectd
  working dir  : /home/pi/actions-runner/_work/thin-edge.io/thin-edge.io/tests/PySys/monitoring/monitoring_smaller_interval/Output/linux
  stdout       : /home/pi/actions-runner/_work/thin-edge.io/thin-edge.io/tests/PySys/monitoring/monitoring_smaller_interval/Output/linux/collectd.out
  stderr       : /home/pi/actions-runner/_work/thin-edge.io/thin-edge.io/tests/PySys/monitoring/monitoring_smaller_interval/Output/linux/collectd.err
  environment  : LD_LIBRARY_PATH=/usr/lib
  environment  : PATH=/bin:/usr/bin:/usr/sbin:/usr/local/bin
                   #1  /bin
                   #2  /usr/bin
                   #3  /usr/sbin
                   #4  /usr/local/bin
14:03:01 DEBUG Waiting up to 600 secs for process sudo&lt;collectd&gt; (pid 14258)
14:03:02 INFO  Executed sudo&lt;collectd&gt;, exit status 0
14:03:02 DEBUG Process parameters for sudo&lt;collectd_mapper&gt;
  command line : /usr/bin/sudo systemctl start tedge-mapper-collectd
    arg #1     : systemctl
    arg #2     : start
    arg #3     : tedge-mapper-collectd
  working dir  : /home/pi/actions-runner/_work/thin-edge.io/thin-edge.io/tests/PySys/monitoring/monitoring_smaller_interval/Output/linux
  stdout       : /home/pi/actions-runner/_work/thin-edge.io/thin-edge.io/tests/PySys/monitoring/monitoring_smaller_interval/Output/linux/collectd_mapper.out
  stderr       : /home/pi/actions-runner/_work/thin-edge.io/thin-edge.io/tests/PySys/monitoring/monitoring_smaller_interval/Output/linux/collectd_mapper.err
  environment  : LD_LIBRARY_PATH=/usr/lib
  environment  : PATH=/bin:/usr/bin:/usr/sbin:/usr/local/bin
                   #1  /bin
                   #2  /usr/bin
                   #3  /usr/sbin
                   #4  /usr/local/bin
14:03:02 DEBUG Waiting up to 600 secs for process sudo&lt;collectd_mapper&gt; (pid 14260)
14:03:02 INFO  Executed sudo&lt;collectd_mapper&gt;, exit status 0
14:03:02 DEBUG --- test execute
14:03:02 DEBUG Process parameters for sudo&lt;tedge_sub&gt;
  command line : /usr/bin/sudo /usr/bin/tedge mqtt sub --no-topic 'tedge/#'
    arg #1     : /usr/bin/tedge
    arg #2     : mqtt
    arg #3     : sub
    arg #4     : --no-topic
    arg #5     : tedge/#
  working dir  : /home/pi/actions-runner/_work/thin-edge.io/thin-edge.io/tests/PySys/monitoring/monitoring_smaller_interval/Output/linux
  stdout       : /home/pi/actions-runner/_work/thin-edge.io/thin-edge.io/tests/PySys/monitoring/monitoring_smaller_interval/Output/linux/tedge_sub.out
  stderr       : /home/pi/actions-runner/_work/thin-edge.io/thin-edge.io/tests/PySys/monitoring/monitoring_smaller_interval/Output/linux/tedge_sub.err
  environment  : LD_LIBRARY_PATH=/usr/lib
  environment  : PATH=/bin:/usr/bin:/usr/sbin:/usr/local/bin
                   #1  /bin
                   #2  /usr/bin
                   #3  /usr/sbin
                   #4  /usr/local/bin
14:03:02 INFO  Started sudo&lt;tedge_sub&gt; with process id 14268
14:03:02 DEBUG Process parameters for sudo&lt;tedge_temp&gt;
  command line : /usr/bin/sudo /usr/bin/tedge mqtt pub collectd/host/temperature/temp 1644242582.6555512:25.5
    arg #1     : /usr/bin/tedge
    arg #2     : mqtt
    arg #3     : pub
    arg #4     : collectd/host/temperature/temp
    arg #5     : 1644242582.6555512:25.5
  working dir  : /home/pi/actions-runner/_work/thin-edge.io/thin-edge.io/tests/PySys/monitoring/monitoring_smaller_interval/Output/linux
  stdout       : /home/pi/actions-runner/_work/thin-edge.io/thin-edge.io/tests/PySys/monitoring/monitoring_smaller_interval/Output/linux/tedge_temp.out
  stderr       : /home/pi/actions-runner/_work/thin-edge.io/thin-edge.io/tests/PySys/monitoring/monitoring_smaller_interval/Output/linux/tedge_temp.err
  environment  : LD_LIBRARY_PATH=/usr/lib
  environment  : PATH=/bin:/usr/bin:/usr/sbin:/usr/local/bin
                   #1  /bin
                   #2  /usr/bin
                   #3  /usr/sbin
                   #4  /usr/local/bin
14:03:02 DEBUG Waiting up to 600 secs for process sudo&lt;tedge_temp&gt; (pid 14269)
14:03:02 INFO  Executed sudo&lt;tedge_temp&gt;, exit status 0
14:03:02 DEBUG Process parameters for sudo&lt;tedge_pres&gt;
  command line : /usr/bin/sudo /usr/bin/tedge mqtt pub collectd/host/pressure/pres 1644242582.9669163:500.5
    arg #1     : /usr/bin/tedge
    arg #2     : mqtt
    arg #3     : pub
    arg #4     : collectd/host/pressure/pres
    arg #5     : 1644242582.9669163:500.5
  working dir  : /home/pi/actions-runner/_work/thin-edge.io/thin-edge.io/tests/PySys/monitoring/monitoring_smaller_interval/Output/linux
  stdout       : /home/pi/actions-runner/_work/thin-edge.io/thin-edge.io/tests/PySys/monitoring/monitoring_smaller_interval/Output/linux/tedge_pres.out
  stderr       : /home/pi/actions-runner/_work/thin-edge.io/thin-edge.io/tests/PySys/monitoring/monitoring_smaller_interval/Output/linux/tedge_pres.err
  environment  : LD_LIBRARY_PATH=/usr/lib
  environment  : PATH=/bin:/usr/bin:/usr/sbin:/usr/local/bin
                   #1  /bin
                   #2  /usr/bin
                   #3  /usr/sbin
                   #4  /usr/local/bin
14:03:02 DEBUG Waiting up to 600 secs for process sudo&lt;tedge_pres&gt; (pid 14274)
14:03:03 INFO  Executed sudo&lt;tedge_pres&gt;, exit status 0
14:03:03 DEBUG Process parameters for sudo&lt;tedge_temp&gt;
  command line : /usr/bin/sudo /usr/bin/tedge mqtt pub collectd/host/temperature/temp 1644242583.379505:25.5
    arg #1     : /usr/bin/tedge
    arg #2     : mqtt
    arg #3     : pub
    arg #4     : collectd/host/temperature/temp
    arg #5     : 1644242583.379505:25.5
  working dir  : /home/pi/actions-runner/_work/thin-edge.io/thin-edge.io/tests/PySys/monitoring/monitoring_smaller_interval/Output/linux
  stdout       : /home/pi/actions-runner/_work/thin-edge.io/thin-edge.io/tests/PySys/monitoring/monitoring_smaller_interval/Output/linux/tedge_temp.out
  stderr       : /home/pi/actions-runner/_work/thin-edge.io/thin-edge.io/tests/PySys/monitoring/monitoring_smaller_interval/Output/linux/tedge_temp.err
  environment  : LD_LIBRARY_PATH=/usr/lib
  environment  : PATH=/bin:/usr/bin:/usr/sbin:/usr/local/bin
                   #1  /bin
                   #2  /usr/bin
                   #3  /usr/sbin
                   #4  /usr/local/bin
14:03:03 DEBUG Waiting up to 600 secs for process sudo&lt;tedge_temp&gt; (pid 14279)
14:03:03 INFO  Executed sudo&lt;tedge_temp&gt;, exit status 0
14:03:03 DEBUG Process parameters for sudo&lt;tedge_pres&gt;
  command line : /usr/bin/sudo /usr/bin/tedge mqtt pub collectd/host/pressure/pres 1644242583.6944714:500.5
    arg #1     : /usr/bin/tedge
    arg #2     : mqtt
    arg #3     : pub
    arg #4     : collectd/host/pressure/pres
    arg #5     : 1644242583.6944714:500.5
  working dir  : /home/pi/actions-runner/_work/thin-edge.io/thin-edge.io/tests/PySys/monitoring/monitoring_smaller_interval/Output/linux
  stdout       : /home/pi/actions-runner/_work/thin-edge.io/thin-edge.io/tests/PySys/monitoring/monitoring_smaller_interval/Output/linux/tedge_pres.out
  stderr       : /home/pi/actions-runner/_work/thin-edge.io/thin-edge.io/tests/PySys/monitoring/monitoring_smaller_interval/Output/linux/tedge_pres.err
  environment  : LD_LIBRARY_PATH=/usr/lib
  environment  : PATH=/bin:/usr/bin:/usr/sbin:/usr/local/bin
                   #1  /bin
                   #2  /usr/bin
                   #3  /usr/sbin
                   #4  /usr/local/bin
14:03:03 DEBUG Waiting up to 600 secs for process sudo&lt;tedge_pres&gt; (pid 14282)
14:03:04 INFO  Executed sudo&lt;tedge_pres&gt;, exit status 0
14:03:04 DEBUG Process parameters for sudo&lt;tedge_temp&gt;
  command line : /usr/bin/sudo /usr/bin/tedge mqtt pub collectd/host/temperature/temp 1644242584.10598:25.5
    arg #1     : /usr/bin/tedge
    arg #2     : mqtt
    arg #3     : pub
    arg #4     : collectd/host/temperature/temp
    arg #5     : 1644242584.10598:25.5
  working dir  : /home/pi/actions-runner/_work/thin-edge.io/thin-edge.io/tests/PySys/monitoring/monitoring_smaller_interval/Output/linux
  stdout       : /home/pi/actions-runner/_work/thin-edge.io/thin-edge.io/tests/PySys/monitoring/monitoring_smaller_interval/Output/linux/tedge_temp.out
  stderr       : /home/pi/actions-runner/_work/thin-edge.io/thin-edge.io/tests/PySys/monitoring/monitoring_smaller_interval/Output/linux/tedge_temp.err
  environment  : LD_LIBRARY_PATH=/usr/lib
  environment  : PATH=/bin:/usr/bin:/usr/sbin:/usr/local/bin
                   #1  /bin
                   #2  /usr/bin
                   #3  /usr/sbin
                   #4  /usr/local/bin
14:03:04 DEBUG Waiting up to 600 secs for process sudo&lt;tedge_temp&gt; (pid 14285)
14:03:04 INFO  Executed sudo&lt;tedge_temp&gt;, exit status 0
14:03:04 DEBUG Process parameters for sudo&lt;tedge_pres&gt;
  command line : /usr/bin/sudo /usr/bin/tedge mqtt pub collectd/host/pressure/pres 1644242584.4212656:500.5
    arg #1     : /usr/bin/tedge
    arg #2     : mqtt
    arg #3     : pub
    arg #4     : collectd/host/pressure/pres
    arg #5     : 1644242584.4212656:500.5
  working dir  : /home/pi/actions-runner/_work/thin-edge.io/thin-edge.io/tests/PySys/monitoring/monitoring_smaller_interval/Output/linux
  stdout       : /home/pi/actions-runner/_work/thin-edge.io/thin-edge.io/tests/PySys/monitoring/monitoring_smaller_interval/Output/linux/tedge_pres.out
  stderr       : /home/pi/actions-runner/_work/thin-edge.io/thin-edge.io/tests/PySys/monitoring/monitoring_smaller_interval/Output/linux/tedge_pres.err
  environment  : LD_LIBRARY_PATH=/usr/lib
  environment  : PATH=/bin:/usr/bin:/usr/sbin:/usr/local/bin
                   #1  /bin
                   #2  /usr/bin
                   #3  /usr/sbin
                   #4  /usr/local/bin
14:03:04 DEBUG Waiting up to 600 secs for process sudo&lt;tedge_pres&gt; (pid 14288)
14:03:04 INFO  Executed sudo&lt;tedge_pres&gt;, exit status 0
14:03:04 DEBUG Process parameters for sudo&lt;tedge_temp&gt;
  command line : /usr/bin/sudo /usr/bin/tedge mqtt pub collectd/host/temperature/temp 1644242584.8356872:25.5
    arg #1     : /usr/bin/tedge
    arg #2     : mqtt
    arg #3     : pub
    arg #4     : collectd/host/temperature/temp
    arg #5     : 1644242584.8356872:25.5
  working dir  : /home/pi/actions-runner/_work/thin-edge.io/thin-edge.io/tests/PySys/monitoring/monitoring_smaller_interval/Output/linux
  stdout       : /home/pi/actions-runner/_work/thin-edge.io/thin-edge.io/tests/PySys/monitoring/monitoring_smaller_interval/Output/linux/tedge_temp.out
  stderr       : /home/pi/actions-runner/_work/thin-edge.io/thin-edge.io/tests/PySys/monitoring/monitoring_smaller_interval/Output/linux/tedge_temp.err
  environment  : LD_LIBRARY_PATH=/usr/lib
  environment  : PATH=/bin:/usr/bin:/usr/sbin:/usr/local/bin
                   #1  /bin
                   #2  /usr/bin
                   #3  /usr/sbin
                   #4  /usr/local/bin
14:03:04 DEBUG Waiting up to 600 secs for process sudo&lt;tedge_temp&gt; (pid 14291)
14:03:05 INFO  Executed sudo&lt;tedge_temp&gt;, exit status 0
14:03:05 DEBUG Process parameters for sudo&lt;tedge_pres&gt;
  command line : /usr/bin/sudo /usr/bin/tedge mqtt pub collectd/host/pressure/pres 1644242585.151035:500.5
    arg #1     : /usr/bin/tedge
    arg #2     : mqtt
    arg #3     : pub
    arg #4     : collectd/host/pressure/pres
    arg #5     : 1644242585.151035:500.5
  working dir  : /home/pi/actions-runner/_work/thin-edge.io/thin-edge.io/tests/PySys/monitoring/monitoring_smaller_interval/Output/linux
  stdout       : /home/pi/actions-runner/_work/thin-edge.io/thin-edge.io/tests/PySys/monitoring/monitoring_smaller_interval/Output/linux/tedge_pres.out
  stderr       : /home/pi/actions-runner/_work/thin-edge.io/thin-edge.io/tests/PySys/monitoring/monitoring_smaller_interval/Output/linux/tedge_pres.err
  environment  : LD_LIBRARY_PATH=/usr/lib
  environment  : PATH=/bin:/usr/bin:/usr/sbin:/usr/local/bin
                   #1  /bin
                   #2  /usr/bin
                   #3  /usr/sbin
                   #4  /usr/local/bin
14:03:05 DEBUG Waiting up to 600 secs for process sudo&lt;tedge_pres&gt; (pid 14294)
14:03:05 INFO  Executed sudo&lt;tedge_pres&gt;, exit status 0
14:03:05 DEBUG Process parameters for sudo&lt;tedge_temp&gt;
  command line : /usr/bin/sudo /usr/bin/tedge mqtt pub collectd/host/temperature/temp 1644242585.5642316:25.5
    arg #1     : /usr/bin/tedge
    arg #2     : mqtt
    arg #3     : pub
    arg #4     : collectd/host/temperature/temp
    arg #5     : 1644242585.5642316:25.5
  working dir  : /home/pi/actions-runner/_work/thin-edge.io/thin-edge.io/tests/PySys/monitoring/monitoring_smaller_interval/Output/linux
  stdout       : /home/pi/actions-runner/_work/thin-edge.io/thin-edge.io/tests/PySys/monitoring/monitoring_smaller_interval/Output/linux/tedge_temp.out
  stderr       : /home/pi/actions-runner/_work/thin-edge.io/thin-edge.io/tests/PySys/monitoring/monitoring_smaller_interval/Output/linux/tedge_temp.err
  environment  : LD_LIBRARY_PATH=/usr/lib
  environment  : PATH=/bin:/usr/bin:/usr/sbin:/usr/local/bin
                   #1  /bin
                   #2  /usr/bin
                   #3  /usr/sbin
                   #4  /usr/local/bin
14:03:05 DEBUG Waiting up to 600 secs for process sudo&lt;tedge_temp&gt; (pid 14297)
14:03:05 INFO  Executed sudo&lt;tedge_temp&gt;, exit status 0
14:03:05 DEBUG Process parameters for sudo&lt;tedge_pres&gt;
  command line : /usr/bin/sudo /usr/bin/tedge mqtt pub collectd/host/pressure/pres 1644242585.8801777:500.5
    arg #1     : /usr/bin/tedge
    arg #2     : mqtt
    arg #3     : pub
    arg #4     : collectd/host/pressure/pres
    arg #5     : 1644242585.8801777:500.5
  working dir  : /home/pi/actions-runner/_work/thin-edge.io/thin-edge.io/tests/PySys/monitoring/monitoring_smaller_interval/Output/linux
  stdout       : /home/pi/actions-runner/_work/thin-edge.io/thin-edge.io/tests/PySys/monitoring/monitoring_smaller_interval/Output/linux/tedge_pres.out
  stderr       : /home/pi/actions-runner/_work/thin-edge.io/thin-edge.io/tests/PySys/monitoring/monitoring_smaller_interval/Output/linux/tedge_pres.err
  environment  : LD_LIBRARY_PATH=/usr/lib
  environment  : PATH=/bin:/usr/bin:/usr/sbin:/usr/local/bin
                   #1  /bin
                   #2  /usr/bin
                   #3  /usr/sbin
                   #4  /usr/local/bin
14:03:05 DEBUG Waiting up to 600 secs for process sudo&lt;tedge_pres&gt; (pid 14300)
14:03:06 INFO  Executed sudo&lt;tedge_pres&gt;, exit status 0
14:03:06 DEBUG Process parameters for sudo&lt;tedge_temp&gt;
  command line : /usr/bin/sudo /usr/bin/tedge mqtt pub collectd/host/temperature/temp 1644242586.2943425:25.5
    arg #1     : /usr/bin/tedge
    arg #2     : mqtt
    arg #3     : pub
    arg #4     : collectd/host/temperature/temp
    arg #5     : 1644242586.2943425:25.5
  working dir  : /home/pi/actions-runner/_work/thin-edge.io/thin-edge.io/tests/PySys/monitoring/monitoring_smaller_interval/Output/linux
  stdout       : /home/pi/actions-runner/_work/thin-edge.io/thin-edge.io/tests/PySys/monitoring/monitoring_smaller_interval/Output/linux/tedge_temp.out
  stderr       : /home/pi/actions-runner/_work/thin-edge.io/thin-edge.io/tests/PySys/monitoring/monitoring_smaller_interval/Output/linux/tedge_temp.err
  environment  : LD_LIBRARY_PATH=/usr/lib
  environment  : PATH=/bin:/usr/bin:/usr/sbin:/usr/local/bin
                   #1  /bin
                   #2  /usr/bin
                   #3  /usr/sbin
                   #4  /usr/local/bin
14:03:06 DEBUG Waiting up to 600 secs for process sudo&lt;tedge_temp&gt; (pid 14303)
14:03:06 INFO  Executed sudo&lt;tedge_temp&gt;, exit status 0
14:03:06 DEBUG Process parameters for sudo&lt;tedge_pres&gt;
  command line : /usr/bin/sudo /usr/bin/tedge mqtt pub collectd/host/pressure/pres 1644242586.6117578:500.5
    arg #1     : /usr/bin/tedge
    arg #2     : mqtt
    arg #3     : pub
    arg #4     : collectd/host/pressure/pres
    arg #5     : 1644242586.6117578:500.5
  working dir  : /home/pi/actions-runner/_work/thin-edge.io/thin-edge.io/tests/PySys/monitoring/monitoring_smaller_interval/Output/linux
  stdout       : /home/pi/actions-runner/_work/thin-edge.io/thin-edge.io/tests/PySys/monitoring/monitoring_smaller_interval/Output/linux/tedge_pres.out
  stderr       : /home/pi/actions-runner/_work/thin-edge.io/thin-edge.io/tests/PySys/monitoring/monitoring_smaller_interval/Output/linux/tedge_pres.err
  environment  : LD_LIBRARY_PATH=/usr/lib
  environment  : PATH=/bin:/usr/bin:/usr/sbin:/usr/local/bin
                   #1  /bin
                   #2  /usr/bin
                   #3  /usr/sbin
                   #4  /usr/local/bin
14:03:06 DEBUG Waiting up to 600 secs for process sudo&lt;tedge_pres&gt; (pid 14306)
14:03:06 INFO  Executed sudo&lt;tedge_pres&gt;, exit status 0
14:03:07 DEBUG Process parameters for sudo&lt;tedge_temp&gt;
  command line : /usr/bin/sudo /usr/bin/tedge mqtt pub collectd/host/temperature/temp 1644242587.0245357:25.5
    arg #1     : /usr/bin/tedge
    arg #2     : mqtt
    arg #3     : pub
    arg #4     : collectd/host/temperature/temp
    arg #5     : 1644242587.0245357:25.5
  working dir  : /home/pi/actions-runner/_work/thin-edge.io/thin-edge.io/tests/PySys/monitoring/monitoring_smaller_interval/Output/linux
  stdout       : /home/pi/actions-runner/_work/thin-edge.io/thin-edge.io/tests/PySys/monitoring/monitoring_smaller_interval/Output/linux/tedge_temp.out
  stderr       : /home/pi/actions-runner/_work/thin-edge.io/thin-edge.io/tests/PySys/monitoring/monitoring_smaller_interval/Output/linux/tedge_temp.err
  environment  : LD_LIBRARY_PATH=/usr/lib
  environment  : PATH=/bin:/usr/bin:/usr/sbin:/usr/local/bin
                   #1  /bin
                   #2  /usr/bin
                   #3  /usr/sbin
                   #4  /usr/local/bin
14:03:07 DEBUG Waiting up to 600 secs for process sudo&lt;tedge_temp&gt; (pid 14309)
14:03:07 INFO  Executed sudo&lt;tedge_temp&gt;, exit status 0
14:03:07 DEBUG Process parameters for sudo&lt;tedge_pres&gt;
  command line : /usr/bin/sudo /usr/bin/tedge mqtt pub collectd/host/pressure/pres 1644242587.3394477:500.5
    arg #1     : /usr/bin/tedge
    arg #2     : mqtt
    arg #3     : pub
    arg #4     : collectd/host/pressure/pres
    arg #5     : 1644242587.3394477:500.5
  working dir  : /home/pi/actions-runner/_work/thin-edge.io/thin-edge.io/tests/PySys/monitoring/monitoring_smaller_interval/Output/linux
  stdout       : /home/pi/actions-runner/_work/thin-edge.io/thin-edge.io/tests/PySys/monitoring/monitoring_smaller_interval/Output/linux/tedge_pres.out
  stderr       : /home/pi/actions-runner/_work/thin-edge.io/thin-edge.io/tests/PySys/monitoring/monitoring_smaller_interval/Output/linux/tedge_pres.err
  environment  : LD_LIBRARY_PATH=/usr/lib
  environment  : PATH=/bin:/usr/bin:/usr/sbin:/usr/local/bin
                   #1  /bin
                   #2  /usr/bin
                   #3  /usr/sbin
                   #4  /usr/local/bin
14:03:07 DEBUG Waiting up to 600 secs for process sudo&lt;tedge_pres&gt; (pid 14312)
14:03:07 INFO  Executed sudo&lt;tedge_pres&gt;, exit status 0
14:03:07 DEBUG Process parameters for sudo&lt;tedge_temp&gt;
  command line : /usr/bin/sudo /usr/bin/tedge mqtt pub collectd/host/temperature/temp 1644242587.753751:25.5
    arg #1     : /usr/bin/tedge
    arg #2     : mqtt
    arg #3     : pub
    arg #4     : collectd/host/temperature/temp
    arg #5     : 1644242587.753751:25.5
  working dir  : /home/pi/actions-runner/_work/thin-edge.io/thin-edge.io/tests/PySys/monitoring/monitoring_smaller_interval/Output/linux
  stdout       : /home/pi/actions-runner/_work/thin-edge.io/thin-edge.io/tests/PySys/monitoring/monitoring_smaller_interval/Output/linux/tedge_temp.out
  stderr       : /home/pi/actions-runner/_work/thin-edge.io/thin-edge.io/tests/PySys/monitoring/monitoring_smaller_interval/Output/linux/tedge_temp.err
  environment  : LD_LIBRARY_PATH=/usr/lib
  environment  : PATH=/bin:/usr/bin:/usr/sbin:/usr/local/bin
                   #1  /bin
                   #2  /usr/bin
                   #3  /usr/sbin
                   #4  /usr/local/bin
14:03:07 DEBUG Waiting up to 600 secs for process sudo&lt;tedge_temp&gt; (pid 14315)
14:03:08 INFO  Executed sudo&lt;tedge_temp&gt;, exit status 0
14:03:08 DEBUG Process parameters for sudo&lt;tedge_pres&gt;
  command line : /usr/bin/sudo /usr/bin/tedge mqtt pub collectd/host/pressure/pres 1644242588.2766926:500.5
    arg #1     : /usr/bin/tedge
    arg #2     : mqtt
    arg #3     : pub
    arg #4     : collectd/host/pressure/pres
    arg #5     : 1644242588.2766926:500.5
  working dir  : /home/pi/actions-runner/_work/thin-edge.io/thin-edge.io/tests/PySys/monitoring/monitoring_smaller_interval/Output/linux
  stdout       : /home/pi/actions-runner/_work/thin-edge.io/thin-edge.io/tests/PySys/monitoring/monitoring_smaller_interval/Output/linux/tedge_pres.out
  stderr       : /home/pi/actions-runner/_work/thin-edge.io/thin-edge.io/tests/PySys/monitoring/monitoring_smaller_interval/Output/linux/tedge_pres.err
  environment  : LD_LIBRARY_PATH=/usr/lib
  environment  : PATH=/bin:/usr/bin:/usr/sbin:/usr/local/bin
                   #1  /bin
                   #2  /usr/bin
                   #3  /usr/sbin
                   #4  /usr/local/bin
14:03:08 DEBUG Waiting up to 600 secs for process sudo&lt;tedge_pres&gt; (pid 14318)
14:03:08 INFO  Executed sudo&lt;tedge_pres&gt;, exit status 0
14:03:08 DEBUG Process parameters for sudo&lt;tedge_temp&gt;
  command line : /usr/bin/sudo /usr/bin/tedge mqtt pub collectd/host/temperature/temp 1644242588.6896079:25.5
    arg #1     : /usr/bin/tedge
    arg #2     : mqtt
    arg #3     : pub
    arg #4     : collectd/host/temperature/temp
    arg #5     : 1644242588.6896079:25.5
  working dir  : /home/pi/actions-runner/_work/thin-edge.io/thin-edge.io/tests/PySys/monitoring/monitoring_smaller_interval/Output/linux
  stdout       : /home/pi/actions-runner/_work/thin-edge.io/thin-edge.io/tests/PySys/monitoring/monitoring_smaller_interval/Output/linux/tedge_temp.out
  stderr       : /home/pi/actions-runner/_work/thin-edge.io/thin-edge.io/tests/PySys/monitoring/monitoring_smaller_interval/Output/linux/tedge_temp.err
  environment  : LD_LIBRARY_PATH=/usr/lib
  environment  : PATH=/bin:/usr/bin:/usr/sbin:/usr/local/bin
                   #1  /bin
                   #2  /usr/bin
                   #3  /usr/sbin
                   #4  /usr/local/bin
14:03:08 DEBUG Waiting up to 600 secs for process sudo&lt;tedge_temp&gt; (pid 14321)
14:03:09 INFO  Executed sudo&lt;tedge_temp&gt;, exit status 0
14:03:09 DEBUG Process parameters for sudo&lt;tedge_pres&gt;
  command line : /usr/bin/sudo /usr/bin/tedge mqtt pub collectd/host/pressure/pres 1644242589.0049827:500.5
    arg #1     : /usr/bin/tedge
    arg #2     : mqtt
    arg #3     : pub
    arg #4     : collectd/host/pressure/pres
    arg #5     : 1644242589.0049827:500.5
  working dir  : /home/pi/actions-runner/_work/thin-edge.io/thin-edge.io/tests/PySys/monitoring/monitoring_smaller_interval/Output/linux
  stdout       : /home/pi/actions-runner/_work/thin-edge.io/thin-edge.io/tests/PySys/monitoring/monitoring_smaller_interval/Output/linux/tedge_pres.out
  stderr       : /home/pi/actions-runner/_work/thin-edge.io/thin-edge.io/tests/PySys/monitoring/monitoring_smaller_interval/Output/linux/tedge_pres.err
  environment  : LD_LIBRARY_PATH=/usr/lib
  environment  : PATH=/bin:/usr/bin:/usr/sbin:/usr/local/bin
                   #1  /bin
                   #2  /usr/bin
                   #3  /usr/sbin
                   #4  /usr/local/bin
14:03:09 DEBUG Waiting up to 600 secs for process sudo&lt;tedge_pres&gt; (pid 14324)
14:03:09 INFO  Executed sudo&lt;tedge_pres&gt;, exit status 0
14:03:09 DEBUG Process parameters for sudo&lt;tedge_temp&gt;
  command line : /usr/bin/sudo /usr/bin/tedge mqtt pub collectd/host/temperature/temp 1644242589.4331176:25.5
    arg #1     : /usr/bin/tedge
    arg #2     : mqtt
    arg #3     : pub
    arg #4     : collectd/host/temperature/temp
    arg #5     : 1644242589.4331176:25.5
  working dir  : /home/pi/actions-runner/_work/thin-edge.io/thin-edge.io/tests/PySys/monitoring/monitoring_smaller_interval/Output/linux
  stdout       : /home/pi/actions-runner/_work/thin-edge.io/thin-edge.io/tests/PySys/monitoring/monitoring_smaller_interval/Output/linux/tedge_temp.out
  stderr       : /home/pi/actions-runner/_work/thin-edge.io/thin-edge.io/tests/PySys/monitoring/monitoring_smaller_interval/Output/linux/tedge_temp.err
  environment  : LD_LIBRARY_PATH=/usr/lib
  environment  : PATH=/bin:/usr/bin:/usr/sbin:/usr/local/bin
                   #1  /bin
                   #2  /usr/bin
                   #3  /usr/sbin
                   #4  /usr/local/bin
14:03:09 DEBUG Waiting up to 600 secs for process sudo&lt;tedge_temp&gt; (pid 14327)
14:03:09 INFO  Executed sudo&lt;tedge_temp&gt;, exit status 0
14:03:09 DEBUG Process parameters for sudo&lt;tedge_pres&gt;
  command line : /usr/bin/sudo /usr/bin/tedge mqtt pub collectd/host/pressure/pres 1644242589.7494094:500.5
    arg #1     : /usr/bin/tedge
    arg #2     : mqtt
    arg #3     : pub
    arg #4     : collectd/host/pressure/pres
    arg #5     : 1644242589.7494094:500.5
  working dir  : /home/pi/actions-runner/_work/thin-edge.io/thin-edge.io/tests/PySys/monitoring/monitoring_smaller_interval/Output/linux
  stdout       : /home/pi/actions-runner/_work/thin-edge.io/thin-edge.io/tests/PySys/monitoring/monitoring_smaller_interval/Output/linux/tedge_pres.out
  stderr       : /home/pi/actions-runner/_work/thin-edge.io/thin-edge.io/tests/PySys/monitoring/monitoring_smaller_interval/Output/linux/tedge_pres.err
  environment  : LD_LIBRARY_PATH=/usr/lib
  environment  : PATH=/bin:/usr/bin:/usr/sbin:/usr/local/bin
                   #1  /bin
                   #2  /usr/bin
                   #3  /usr/sbin
                   #4  /usr/local/bin
14:03:09 DEBUG Waiting up to 600 secs for process sudo&lt;tedge_pres&gt; (pid 14330)
14:03:10 INFO  Executed sudo&lt;tedge_pres&gt;, exit status 0
14:03:11 DEBUG Process parameters for sudo&lt;kill_out&gt;
  command line : /usr/bin/sudo killall tedge
    arg #1     : killall
    arg #2     : tedge
  working dir  : /home/pi/actions-runner/_work/thin-edge.io/thin-edge.io/tests/PySys/monitoring/monitoring_smaller_interval/Output/linux
  stdout       : /home/pi/actions-runner/_work/thin-edge.io/thin-edge.io/tests/PySys/monitoring/monitoring_smaller_interval/Output/linux/kill_out.out
  stderr       : /home/pi/actions-runner/_work/thin-edge.io/thin-edge.io/tests/PySys/monitoring/monitoring_smaller_interval/Output/linux/kill_out.err
  environment  : LD_LIBRARY_PATH=/usr/lib
  environment  : PATH=/bin:/usr/bin:/usr/sbin:/usr/local/bin
                   #1  /bin
                   #2  /usr/bin
                   #3  /usr/sbin
                   #4  /usr/local/bin
14:03:11 DEBUG Waiting up to 600 secs for process sudo&lt;kill_out&gt; (pid 14333)
14:03:11 INFO  Executed sudo&lt;kill_out&gt;, exit status 0
14:03:11 DEBUG --- test validate
14:03:11 INFO  {&quot;time&quot;:&quot;2022-02-07T14:03:02.966916322+00:00&quot;,&quot;pressure&quot;:{&quot;pres&quot;:500.5},&quot;temperature&quot;:{&quot;temp&quot;:25.5}}

14:03:11 INFO  {&quot;time&quot;:&quot;2022-02-07T14:03:03.379504919+00:00&quot;,&quot;temperature&quot;:{&quot;temp&quot;:25.5},&quot;pressure&quot;:{&quot;pres&quot;:500.5}}

14:03:11 INFO  {&quot;time&quot;:&quot;2022-02-07T14:03:04.421265602+00:00&quot;,&quot;pressure&quot;:{&quot;pres&quot;:500.5},&quot;temperature&quot;:{&quot;temp&quot;:25.5}}

14:03:11 INFO  {&quot;time&quot;:&quot;2022-02-07T14:03:04.835687160+00:00&quot;,&quot;temperature&quot;:{&quot;temp&quot;:25.5},&quot;pressure&quot;:{&quot;pres&quot;:500.5}}

14:03:11 INFO  {&quot;time&quot;:&quot;2022-02-07T14:03:05.564231634+00:00&quot;,&quot;temperature&quot;:{&quot;temp&quot;:25.5},&quot;pressure&quot;:{&quot;pres&quot;:500.5}}

14:03:11 INFO  {&quot;time&quot;:&quot;2022-02-07T14:03:06.294342517+00:00&quot;,&quot;pressure&quot;:{&quot;pres&quot;:500.5},&quot;temperature&quot;:{&quot;temp&quot;:25.5}}

14:03:11 INFO  {&quot;time&quot;:&quot;2022-02-07T14:03:07.024535655+00:00&quot;,&quot;pressure&quot;:{&quot;pres&quot;:500.5},&quot;temperature&quot;:{&quot;temp&quot;:25.5}}

14:03:11 INFO  {&quot;time&quot;:&quot;2022-02-07T14:03:08.689607858+00:00&quot;,&quot;temperature&quot;:{&quot;temp&quot;:25.5},&quot;pressure&quot;:{&quot;pres&quot;:500.5}}

14:03:11 INFO  {&quot;time&quot;:&quot;2022-02-07T14:03:09.433117628+00:00&quot;,&quot;temperature&quot;:{&quot;temp&quot;:25.5},&quot;pressure&quot;:{&quot;pres&quot;:500.5}}

14:03:11 INFO  {&quot;time&quot;:&quot;2022-02-07T14:03:09.749409437+00:00&quot;,&quot;pressure&quot;:{&quot;pres&quot;:500.5}}

14:03:11 WARN  Assert that (collectd_msg_validation_result == expected_result) with collectd_msg_validation_result=False, expected_result=True ... failed [run.py:93]
14:03:11 INFO     collectd_msg_validation_result: False
14:03:11 INFO                    expected_result: True
14:03:11 DEBUG --- test cleanup
14:03:11 INFO  
14:03:11 INFO  cleanup:
14:03:11 DEBUG Running registered cleanup function: &lt;bound method MonitoringSmallInterval.monitoring_cleanup of &lt;MonitoringSmallInterval object at 0x75cffb10&gt;&gt;
14:03:11 INFO  monitoring_cleanup
14:03:11 DEBUG Process parameters for sudo&lt;collectd_mapper&gt;
  command line : /usr/bin/sudo systemctl stop tedge-mapper-collectd
    arg #1     : systemctl
    arg #2     : stop
    arg #3     : tedge-mapper-collectd
  working dir  : /home/pi/actions-runner/_work/thin-edge.io/thin-edge.io/tests/PySys/monitoring/monitoring_smaller_interval/Output/linux
  stdout       : /home/pi/actions-runner/_work/thin-edge.io/thin-edge.io/tests/PySys/monitoring/monitoring_smaller_interval/Output/linux/collectd_mapper.out
  stderr       : /home/pi/actions-runner/_work/thin-edge.io/thin-edge.io/tests/PySys/monitoring/monitoring_smaller_interval/Output/linux/collectd_mapper.err
  environment  : LD_LIBRARY_PATH=/usr/lib
  environment  : PATH=/bin:/usr/bin:/usr/sbin:/usr/local/bin
                   #1  /bin
                   #2  /usr/bin
                   #3  /usr/sbin
                   #4  /usr/local/bin
14:03:11 DEBUG Waiting up to 600 secs for process sudo&lt;collectd_mapper&gt; (pid 14335)
14:03:11 INFO  Executed sudo&lt;collectd_mapper&gt;, exit status 0
14:03:11 DEBUG ProcessUser cleanup function done.
14:03:11 INFO  
14:03:11 INFO  Test duration: 10.03 secs
14:03:11 INFO  Test final outcome:  FAILED
14:03:11 INFO  Test outcome reason: Assert that (collectd_msg_validation_result == expected_result) with collectd_msg_validation_result=False, expected_result=True
14:03:11 INFO  
</system-out>
	</testcase>
</testsuite>
