<?xml version="1.0" encoding="utf-8"?>
<testsuite failures="0" name="pysys_fail" skipped="1" tests="1" time="0.01" timestamp="2022-03-30T08:16:47">
	<testcase classname="Fail" name="pysys_fail">
		<skipped message="SKIPPED: Enable this to observe a failing test"/>
		<system-out>08:16:47 DEBUG deletedir failed to update permissions and delete /home/pi/actions-runner/_work/thin-edge.io/thin-edge.io/tests/PySys/misc_features/pysys_fail/Output/linux on this attempt: [Errno 2] No such file or directory: '/home/pi/actions-runner/_work/thin-edge.io/thin-edge.io/tests/PySys/misc_features/pysys_fail/Output/linux'
08:16:47 INFO  ==============================================================
08:16:47 INFO  Id:    pysys_fail
08:16:47 INFO  Dir:   misc_features/
08:16:47 INFO  Title: fail
08:16:47 DEBUG Execution order hint: 0.0
08:16:47 INFO  ==============================================================
08:16:47 INFO  Enable this to observe a failing test ... skipped
08:16:47 DEBUG --- test cleanup
08:16:47 DEBUG ProcessUser cleanup function done.
08:16:47 INFO  
08:16:47 INFO  Test duration: 0.01 secs
08:16:47 INFO  Test final outcome:  SKIPPED
08:16:47 INFO  Test outcome reason: Enable this to observe a failing test
08:16:47 INFO  
</system-out>
	</testcase>
</testsuite>
