<?xml version="1.0" encoding="utf-8"?>
<testsuite failures="0" name="apt_install_local_file_with_version_fail" skipped="1" tests="1" time="0.01" timestamp="2022-02-07T14:03:15">
	<testcase classname="AptPluginInstallFromLocalFileWithVersionFail" name="apt_install_local_file_with_version_fail"/>
</testsuite>
