<?xml version="1.0" encoding="utf-8"?>
<testsuite failures="0" name="SoftwareManagement.Plugin.apama_plugin_remove" skipped="1" tests="1" time="0.02" timestamp="2022-03-21T16:48:35">
	<testcase classname="ApamaPluginRemoveTest" name="SoftwareManagement.Plugin.apama_plugin_remove">
		<skipped message="SKIPPED: Apama plugin tests are disabled by default. Execute `pysys run` with `-XmyPlatform=container` to run these tests"/>
		<system-out>16:48:35 DEBUG deletedir failed to update permissions and delete /home/pi/actions-runner/_work/thin-edge.io/thin-edge.io/tests/PySys/plugin_apama/apama_plugin_remove/Output/linux on this attempt: [Errno 2] No such file or directory: '/home/pi/actions-runner/_work/thin-edge.io/thin-edge.io/tests/PySys/plugin_apama/apama_plugin_remove/Output/linux'
16:48:35 INFO  ==============================================================
16:48:35 INFO  Id:    SoftwareManagement.Plugin.apama_plugin_remove
16:48:35 INFO  Dir:   plugin_apama/
16:48:35 INFO  Title: Validate apama plugin remove
16:48:35 DEBUG Execution order hint: 0.0
16:48:35 INFO  ==============================================================
16:48:35 INFO  Apama plugin tests are disabled by default. Execute `pysys run` with `-XmyPlatform=container` to run these tests ... skipped
16:48:35 WARN  Aborted test due to SKIPPED outcome
16:48:35 DEBUG --- test cleanup
16:48:35 DEBUG ProcessUser cleanup function done.
16:48:35 INFO  
16:48:35 INFO  Test duration: 0.02 secs
16:48:35 INFO  Test final outcome:  SKIPPED
16:48:35 INFO  Test outcome reason: Apama plugin tests are disabled by default. Execute `pysys run` with `-XmyPlatform=container` to run these tests
16:48:35 INFO  
</system-out>
	</testcase>
</testsuite>
