<?xml version="1.0" encoding="utf-8"?>
<testsuite failures="0" name="apt_sequence_remove" skipped="1" tests="1" time="0.02" timestamp="2022-03-30T08:17:29">
	<testcase classname="AptPluginInstallPrepareRemoveFinalize" name="apt_sequence_remove">
		<skipped message="SKIPPED: Testing the apt plugin is not supported on this platform.To run the tests call PySys with -XmyPlatform='container'"/>
		<system-out>08:17:29 DEBUG deletedir failed to update permissions and delete /home/pi/actions-runner/_work/thin-edge.io/thin-edge.io/tests/PySys/plugin_apt/apt_sequence_remove/Output/linux on this attempt: [Errno 2] No such file or directory: '/home/pi/actions-runner/_work/thin-edge.io/thin-edge.io/tests/PySys/plugin_apt/apt_sequence_remove/Output/linux'
08:17:29 INFO  ==============================================================
08:17:29 INFO  Id:    apt_sequence_remove
08:17:29 INFO  Dir:   plugin_apt/
08:17:29 INFO  Title: Validate apt plugin prepare install remove finalize use case
08:17:29 DEBUG Execution order hint: 0.0
08:17:29 INFO  ==============================================================
08:17:29 INFO  Testing the apt plugin is not supported on this platform.To run the tests call PySys with -XmyPlatform='container' ... skipped
08:17:29 WARN  Aborted test due to SKIPPED outcome
08:17:29 DEBUG --- test cleanup
08:17:29 DEBUG ProcessUser cleanup function done.
08:17:29 INFO  
08:17:29 INFO  Test duration: 0.02 secs
08:17:29 INFO  Test final outcome:  SKIPPED
08:17:29 INFO  Test outcome reason: Testing the apt plugin is not supported on this platform.To run the tests call PySys with -XmyPlatform='container'
08:17:29 INFO  
</system-out>
	</testcase>
</testsuite>
