<?xml version="1.0" encoding="utf-8"?>
<testsuite failures="0" name="log_request_error_messages" skipped="0" tests="1" time="29.84" timestamp="2022-02-09T11:10:04">
	<testcase classname="LogRequestVerifySearchTextError" name="log_request_error_messages"/>
</testsuite>
