<?xml version="1.0" encoding="utf-8"?>
<testsuite failures="0" name="tedge_software_update" skipped="1" tests="1" time="0.01" timestamp="2022-02-16T09:35:15">
	<testcase classname="PySysTest" name="tedge_software_update"/>
</testsuite>
