<?xml version="1.0" encoding="utf-8"?>
<testsuite failures="1" name="smoketest_json" skipped="0" tests="1" time="39.05" timestamp="2022-02-24T13:38:06">
	<testcase classname="SmokeTestJson" name="smoketest_json">
		<failure message="BLOCKED: python3&lt;stdout&gt; returned non-zero exit code 1" type="BLOCKED"/>
		<system-out>13:37:27 INFO  ==============================================================
13:37:27 INFO  Id:    smoketest_json
13:37:27 INFO  Dir:   smoketests/
13:37:27 INFO  Title: Smoke Test Json
13:37:27 DEBUG Execution order hint: 0.0
13:37:27 INFO  ==============================================================
13:37:27 DEBUG EnvironmentC8y Setup
13:37:27 INFO  EnvironmentC8y Setup
13:37:27 DEBUG Process parameters for systemctl&lt;serv_mapper1&gt;
  command line : /usr/bin/systemctl status tedge-mapper-c8y
    arg #1     : status
    arg #2     : tedge-mapper-c8y
  working dir  : /home/pi/actions-runner/_work/thin-edge.io/thin-edge.io/tests/PySys/smoketests/smoketest_json/Output/linux
  stdout       : /home/pi/actions-runner/_work/thin-edge.io/thin-edge.io/tests/PySys/smoketests/smoketest_json/Output/linux/serv_mapper1.out
  stderr       : /home/pi/actions-runner/_work/thin-edge.io/thin-edge.io/tests/PySys/smoketests/smoketest_json/Output/linux/serv_mapper1.err
  environment  : LD_LIBRARY_PATH=/usr/lib
  environment  : PATH=/bin:/usr/bin:/usr/sbin:/usr/local/bin
                   #1  /bin
                   #2  /usr/bin
                   #3  /usr/sbin
                   #4  /usr/local/bin
13:37:27 DEBUG Waiting up to 600 secs for process systemctl&lt;serv_mapper1&gt; (pid 21062)
13:37:28 INFO  Executed systemctl&lt;serv_mapper1&gt;, exit status 3
13:37:28 INFO  Restarting mosquitto too frequently in the last 10 seconds. It was only up for 3 seconds
13:37:28 INFO  Delaying execution by 8 seconds
13:37:36 DEBUG Process parameters for sudo&lt;tedge_connect_c8y&gt;
  command line : /usr/bin/sudo /usr/bin/tedge connect c8y
    arg #1     : /usr/bin/tedge
    arg #2     : connect
    arg #3     : c8y
  working dir  : /home/pi/actions-runner/_work/thin-edge.io/thin-edge.io/tests/PySys/smoketests/smoketest_json/Output/linux
  stdout       : /home/pi/actions-runner/_work/thin-edge.io/thin-edge.io/tests/PySys/smoketests/smoketest_json/Output/linux/tedge_connect_c8y.out
  stderr       : /home/pi/actions-runner/_work/thin-edge.io/thin-edge.io/tests/PySys/smoketests/smoketest_json/Output/linux/tedge_connect_c8y.err
  environment  : LD_LIBRARY_PATH=/usr/lib
  environment  : PATH=/bin:/usr/bin:/usr/sbin:/usr/local/bin
                   #1  /bin
                   #2  /usr/bin
                   #3  /usr/sbin
                   #4  /usr/local/bin
13:37:36 DEBUG Waiting up to 600 secs for process sudo&lt;tedge_connect_c8y&gt; (pid 21067)
13:37:46 INFO  Executed sudo&lt;tedge_connect_c8y&gt;, exit status 0
13:37:46 DEBUG Process parameters for sudo&lt;tedge_connect_c8y_test&gt;
  command line : /usr/bin/sudo /usr/bin/tedge connect c8y --test
    arg #1     : /usr/bin/tedge
    arg #2     : connect
    arg #3     : c8y
    arg #4     : --test
  working dir  : /home/pi/actions-runner/_work/thin-edge.io/thin-edge.io/tests/PySys/smoketests/smoketest_json/Output/linux
  stdout       : /home/pi/actions-runner/_work/thin-edge.io/thin-edge.io/tests/PySys/smoketests/smoketest_json/Output/linux/tedge_connect_c8y_test.out
  stderr       : /home/pi/actions-runner/_work/thin-edge.io/thin-edge.io/tests/PySys/smoketests/smoketest_json/Output/linux/tedge_connect_c8y_test.err
  environment  : LD_LIBRARY_PATH=/usr/lib
  environment  : PATH=/bin:/usr/bin:/usr/sbin:/usr/local/bin
                   #1  /bin
                   #2  /usr/bin
                   #3  /usr/sbin
                   #4  /usr/local/bin
13:37:46 DEBUG Waiting up to 600 secs for process sudo&lt;tedge_connect_c8y_test&gt; (pid 21178)
13:37:47 INFO  Executed sudo&lt;tedge_connect_c8y_test&gt;, exit status 0
13:37:47 DEBUG Process parameters for systemctl&lt;serv_mosq2&gt;
  command line : /usr/bin/systemctl status mosquitto
    arg #1     : status
    arg #2     : mosquitto
  working dir  : /home/pi/actions-runner/_work/thin-edge.io/thin-edge.io/tests/PySys/smoketests/smoketest_json/Output/linux
  stdout       : /home/pi/actions-runner/_work/thin-edge.io/thin-edge.io/tests/PySys/smoketests/smoketest_json/Output/linux/serv_mosq2.out
  stderr       : /home/pi/actions-runner/_work/thin-edge.io/thin-edge.io/tests/PySys/smoketests/smoketest_json/Output/linux/serv_mosq2.err
  environment  : LD_LIBRARY_PATH=/usr/lib
  environment  : PATH=/bin:/usr/bin:/usr/sbin:/usr/local/bin
                   #1  /bin
                   #2  /usr/bin
                   #3  /usr/sbin
                   #4  /usr/local/bin
13:37:47 DEBUG Waiting up to 600 secs for process systemctl&lt;serv_mosq2&gt; (pid 21186)
13:37:47 INFO  Executed systemctl&lt;serv_mosq2&gt;, exit status 0
13:37:47 DEBUG Process parameters for systemctl&lt;serv_mapper3&gt;
  command line : /usr/bin/systemctl status tedge-mapper-c8y
    arg #1     : status
    arg #2     : tedge-mapper-c8y
  working dir  : /home/pi/actions-runner/_work/thin-edge.io/thin-edge.io/tests/PySys/smoketests/smoketest_json/Output/linux
  stdout       : /home/pi/actions-runner/_work/thin-edge.io/thin-edge.io/tests/PySys/smoketests/smoketest_json/Output/linux/serv_mapper3.out
  stderr       : /home/pi/actions-runner/_work/thin-edge.io/thin-edge.io/tests/PySys/smoketests/smoketest_json/Output/linux/serv_mapper3.err
  environment  : LD_LIBRARY_PATH=/usr/lib
  environment  : PATH=/bin:/usr/bin:/usr/sbin:/usr/local/bin
                   #1  /bin
                   #2  /usr/bin
                   #3  /usr/sbin
                   #4  /usr/local/bin
13:37:47 DEBUG Waiting up to 600 secs for process systemctl&lt;serv_mapper3&gt; (pid 21187)
13:37:47 INFO  Executed systemctl&lt;serv_mapper3&gt;, exit status 0
13:37:47 DEBUG C8y Roundtrip Setup
13:37:47 DEBUG --- test execute
13:37:47 DEBUG EnvironmentC8y Execute
13:37:47 DEBUG C8y Roundtrip Execute
13:37:57 DEBUG Process parameters for python3&lt;stdout&gt;
  command line : /home/pi/env-pysys/bin/python3 /home/pi/actions-runner/_work/thin-edge.io/thin-edge.io/ci/roundtrip_local_to_c8y.py -m JSON -pub /home/pi/examples -u octocat -t t493319102 -id 14255019 -o 10 -d 100 -s 20
    arg #1     : /home/pi/actions-runner/_work/thin-edge.io/thin-edge.io/ci/roundtrip_local_to_c8y.py
    arg #2     : -m
    arg #3     : JSON
    arg #4     : -pub
    arg #5     : /home/pi/examples
    arg #6     : -u
    arg #7     : octocat
    arg #8     : -t
    arg #9     : t493319102
    arg #10    : -id
    arg #11    : 14255019
    arg #12    : -o
    arg #13    : 10
    arg #14    : -d
    arg #15    : 100
    arg #16    : -s
    arg #17    : 20
  working dir  : /home/pi/actions-runner/_work/thin-edge.io/thin-edge.io/tests/PySys/smoketests/smoketest_json/Output/linux
  stdout       : /home/pi/actions-runner/_work/thin-edge.io/thin-edge.io/tests/PySys/smoketests/smoketest_json/Output/linux/stdout.out
  stderr       : /home/pi/actions-runner/_work/thin-edge.io/thin-edge.io/tests/PySys/smoketests/smoketest_json/Output/linux/stdout.err
  environment  : C8YPASS=CsiqG9s25z//
13:37:57 DEBUG Waiting up to 600 secs for process python3&lt;stdout&gt; (pid 21190)
13:38:04 WARN  Executed python3&lt;stdout&gt;, exit status 1
13:38:04 DEBUG Opening file using encoding=UTF-8: /home/pi/actions-runner/_work/thin-edge.io/thin-edge.io/tests/PySys/smoketests/smoketest_json/Output/linux/stdout.err
13:38:04 DEBUG Opening file using encoding=UTF-8: /home/pi/actions-runner/_work/thin-edge.io/thin-edge.io/tests/PySys/smoketests/smoketest_json/Output/linux/stdout.out
13:38:04 INFO  Contents of stdout.out: 
13:38:04 INFO    Publishing sawtooth with delay 100ms height 20 iterations 1 template flux will cause 20 publishs.
13:38:04 INFO    Iteraton: 0
13:38:04 INFO    Execution took 2 s 2005 ms
13:38:04 INFO    Publish rate: 100.250 ms/pub
13:38:04 INFO    Publish per second: 9.975 pub/s
13:38:04 INFO    Act: Publishing values with temperature_publisher
13:38:04 INFO    Waiting 3s for values to arrive in C8y
13:38:04 INFO    Assert: Retrieving data via REST interface
13:38:04 INFO    Gathering values from 2022-02-24 13:37:53+00:00 to 2022-02-24 13:38:03+00:00
13:38:04 INFO    Found 0 recorded values:
13:38:04 INFO    Retrieved values:
13:38:04 INFO    Expected:  0.0  ...  19.0
13:38:04 INFO    Data verification FAILED
13:38:04 INFO    -----
13:38:04 INFO  
13:38:04 WARN  python3&lt;stdout&gt; returned non-zero exit code 1 ... blocked 
13:38:04 WARN  Aborted test due to BLOCKED outcome
13:38:04 DEBUG --- test cleanup
13:38:04 INFO  
13:38:04 INFO  cleanup:
13:38:04 DEBUG Running registered cleanup function: &lt;bound method Environment_roundtrip_c8y.myenvroundtripcleanup of &lt;SmokeTestJson object at 0x75d813d0&gt;&gt;
13:38:04 DEBUG C8y Roundtrip MyCleanup
13:38:04 DEBUG Running registered cleanup function: &lt;bound method EnvironmentC8y.myenvcleanup of &lt;SmokeTestJson object at 0x75d813d0&gt;&gt;
13:38:04 DEBUG EnvironmentC8y Cleanup
13:38:04 DEBUG Process parameters for sudo&lt;tedge_disconnect_c8y&gt;
  command line : /usr/bin/sudo /usr/bin/tedge disconnect c8y
    arg #1     : /usr/bin/tedge
    arg #2     : disconnect
    arg #3     : c8y
  working dir  : /home/pi/actions-runner/_work/thin-edge.io/thin-edge.io/tests/PySys/smoketests/smoketest_json/Output/linux
  stdout       : /home/pi/actions-runner/_work/thin-edge.io/thin-edge.io/tests/PySys/smoketests/smoketest_json/Output/linux/tedge_disconnect_c8y.out
  stderr       : /home/pi/actions-runner/_work/thin-edge.io/thin-edge.io/tests/PySys/smoketests/smoketest_json/Output/linux/tedge_disconnect_c8y.err
  environment  : LD_LIBRARY_PATH=/usr/lib
  environment  : PATH=/bin:/usr/bin:/usr/sbin:/usr/local/bin
                   #1  /bin
                   #2  /usr/bin
                   #3  /usr/sbin
                   #4  /usr/local/bin
13:38:04 DEBUG Waiting up to 600 secs for process sudo&lt;tedge_disconnect_c8y&gt; (pid 21203)
13:38:06 INFO  Executed sudo&lt;tedge_disconnect_c8y&gt;, exit status 0
13:38:06 DEBUG Process parameters for systemctl&lt;serv_mapper5&gt;
  command line : /usr/bin/systemctl status tedge-mapper-c8y
    arg #1     : status
    arg #2     : tedge-mapper-c8y
  working dir  : /home/pi/actions-runner/_work/thin-edge.io/thin-edge.io/tests/PySys/smoketests/smoketest_json/Output/linux
  stdout       : /home/pi/actions-runner/_work/thin-edge.io/thin-edge.io/tests/PySys/smoketests/smoketest_json/Output/linux/serv_mapper5.out
  stderr       : /home/pi/actions-runner/_work/thin-edge.io/thin-edge.io/tests/PySys/smoketests/smoketest_json/Output/linux/serv_mapper5.err
  environment  : LD_LIBRARY_PATH=/usr/lib
  environment  : PATH=/bin:/usr/bin:/usr/sbin:/usr/local/bin
                   #1  /bin
                   #2  /usr/bin
                   #3  /usr/sbin
                   #4  /usr/local/bin
13:38:06 DEBUG Waiting up to 600 secs for process systemctl&lt;serv_mapper5&gt; (pid 21243)
13:38:06 INFO  Executed systemctl&lt;serv_mapper5&gt;, exit status 3
13:38:06 DEBUG ProcessUser cleanup function done.
13:38:06 INFO  
13:38:06 INFO  Test duration: 39.05 secs
13:38:06 INFO  Test final outcome:  BLOCKED
13:38:06 INFO  Test outcome reason: python3&lt;stdout&gt; returned non-zero exit code 1
13:38:06 INFO  
</system-out>
	</testcase>
</testsuite>
