<?xml version="1.0" encoding="utf-8"?>
<testsuite failures="0" name="apt_remove" skipped="1" tests="1" time="0.01" timestamp="2022-03-04T12:04:38">
	<testcase classname="AptPluginRemoveDense" name="apt_remove"/>
</testsuite>
