<?xml version="1.0" encoding="utf-8"?>
<testsuite failures="0" name="apt_sequence_install_with_version" skipped="1" tests="1" time="0.01" timestamp="2022-03-28T17:49:18">
	<testcase classname="AptPluginPrepInstallWithVersionFinalize" name="apt_sequence_install_with_version">
		<skipped message="SKIPPED: Testing the apt plugin is not supported on this platform.To run the tests call PySys with -XmyPlatform='container'"/>
		<system-out>17:49:18 DEBUG deletedir failed to update permissions and delete /home/pi/actions-runner/_work/thin-edge.io/thin-edge.io/tests/PySys/plugin_apt/apt_sequence_install_with_version/Output/linux on this attempt: [Errno 2] No such file or directory: '/home/pi/actions-runner/_work/thin-edge.io/thin-edge.io/tests/PySys/plugin_apt/apt_sequence_install_with_version/Output/linux'
17:49:18 INFO  ==============================================================
17:49:18 INFO  Id:    apt_sequence_install_with_version
17:49:18 INFO  Dir:   plugin_apt/
17:49:18 INFO  Title: Validate apt plugin install with version use case
17:49:18 DEBUG Execution order hint: 0.0
17:49:18 INFO  ==============================================================
17:49:18 INFO  Testing the apt plugin is not supported on this platform.To run the tests call PySys with -XmyPlatform='container' ... skipped
17:49:18 WARN  Aborted test due to SKIPPED outcome
17:49:18 DEBUG --- test cleanup
17:49:18 DEBUG ProcessUser cleanup function done.
17:49:18 INFO  
17:49:18 INFO  Test duration: 0.01 secs
17:49:18 INFO  Test final outcome:  SKIPPED
17:49:18 INFO  Test outcome reason: Testing the apt plugin is not supported on this platform.To run the tests call PySys with -XmyPlatform='container'
17:49:18 INFO  
</system-out>
	</testcase>
</testsuite>
