<?xml version="1.0" encoding="utf-8"?>
<testsuite failures="0" name="tedge_agent_user_sudo_access" skipped="1" tests="1" time="0.03" timestamp="2022-03-30T08:27:37">
	<testcase classname="TedgeAgentUserSudoAccess" name="tedge_agent_user_sudo_access">
		<skipped message="SKIPPED: #955 Observation: Exit code of the apt plugin when called with no arguments"/>
		<system-out>08:27:37 DEBUG deletedir failed to update permissions and delete /home/pi/actions-runner/_work/thin-edge.io/thin-edge.io/tests/PySys/tedge/tedge_agent_user_sudo_access/Output/linux on this attempt: [Errno 2] No such file or directory: '/home/pi/actions-runner/_work/thin-edge.io/thin-edge.io/tests/PySys/tedge/tedge_agent_user_sudo_access/Output/linux'
08:27:37 INFO  ==============================================================
08:27:37 INFO  Id:    tedge_agent_user_sudo_access
08:27:37 INFO  Dir:   tedge/
08:27:37 INFO  Title: Validate tedge-agent user has a limited sudo right
08:27:37 DEBUG Execution order hint: 0.0
08:27:37 INFO  ==============================================================
08:27:37 INFO  #955 Observation: Exit code of the apt plugin when called with no arguments ... skipped
08:27:37 DEBUG --- test cleanup
08:27:37 DEBUG ProcessUser cleanup function done.
08:27:37 INFO  
08:27:37 INFO  Test duration: 0.03 secs
08:27:37 INFO  Test final outcome:  SKIPPED
08:27:37 INFO  Test outcome reason: #955 Observation: Exit code of the apt plugin when called with no arguments
08:27:37 INFO  
</system-out>
	</testcase>
</testsuite>
