<?xml version="1.0" encoding="utf-8"?>
<testsuite failures="0" name="mqtt_port_unset" skipped="0" tests="1" time="0.99" timestamp="2022-03-04T12:03:56">
	<testcase classname="MqttPortUnSet" name="mqtt_port_unset"/>
</testsuite>
