<?xml version="1.0" encoding="utf-8"?>
<testsuite failures="0" name="SoftwareManagement.Plugin.apama_plugin_update" skipped="1" tests="1" time="0.01" timestamp="2022-03-21T12:46:14">
	<testcase classname="ApamaPluginUpdateTest" name="SoftwareManagement.Plugin.apama_plugin_update">
		<skipped message="SKIPPED: Apama plugin tests are disabled by default. Execute `pysys run` with `-XmyPlatform=container` to run these tests"/>
		<system-out>12:46:14 DEBUG deletedir failed to update permissions and delete /home/pi/actions-runner/_work/thin-edge.io/thin-edge.io/tests/PySys/plugin_apama/apama_plugin_update/Output/linux on this attempt: [Errno 2] No such file or directory: '/home/pi/actions-runner/_work/thin-edge.io/thin-edge.io/tests/PySys/plugin_apama/apama_plugin_update/Output/linux'
12:46:14 INFO  ==============================================================
12:46:14 INFO  Id:    SoftwareManagement.Plugin.apama_plugin_update
12:46:14 INFO  Dir:   plugin_apama/
12:46:14 INFO  Title: Validate apama plugin updating one project with another
12:46:14 DEBUG Execution order hint: 0.0
12:46:14 INFO  ==============================================================
12:46:14 INFO  Apama plugin tests are disabled by default. Execute `pysys run` with `-XmyPlatform=container` to run these tests ... skipped
12:46:14 WARN  Aborted test due to SKIPPED outcome
12:46:14 DEBUG --- test cleanup
12:46:14 DEBUG ProcessUser cleanup function done.
12:46:14 INFO  
12:46:14 INFO  Test duration: 0.01 secs
12:46:14 INFO  Test final outcome:  SKIPPED
12:46:14 INFO  Test outcome reason: Apama plugin tests are disabled by default. Execute `pysys run` with `-XmyPlatform=container` to run these tests
12:46:14 INFO  
</system-out>
	</testcase>
</testsuite>
