<?xml version="1.0" encoding="utf-8"?>
<testsuite failures="0" name="SoftwareManagement.sm_fake_install_remove" skipped="1" tests="1" time="0.01" timestamp="2022-03-22T13:56:16">
	<testcase classname="PySysTest" name="SoftwareManagement.sm_fake_install_remove">
		<skipped message="SKIPPED: Testing the fake plugin is not enabled.Use parameter -Xfakeplugin=fakeplugin to enable it"/>
		<system-out>13:56:16 DEBUG deletedir failed to update permissions and delete /home/pi/actions-runner/_work/thin-edge.io/thin-edge.io/tests/PySys/software_management_end_to_end/sm_fake_install_remove/Output/linux on this attempt: [Errno 2] No such file or directory: '/home/pi/actions-runner/_work/thin-edge.io/thin-edge.io/tests/PySys/software_management_end_to_end/sm_fake_install_remove/Output/linux'
13:56:16 INFO  ==============================================================
13:56:16 INFO  Id:    SoftwareManagement.sm_fake_install_remove
13:56:16 INFO  Dir:   software_management_end_to_end/
13:56:16 INFO  Title: Validate end to end behaviour for the dummy plugin for installation and removal of packages
13:56:16 DEBUG Execution order hint: 0.0
13:56:16 INFO  ==============================================================
13:56:16 INFO  Testing the fake plugin is not enabled.Use parameter -Xfakeplugin=fakeplugin to enable it ... skipped
13:56:16 WARN  Aborted test due to SKIPPED outcome
13:56:16 DEBUG --- test cleanup
13:56:16 DEBUG ProcessUser cleanup function done.
13:56:16 INFO  
13:56:16 INFO  Test duration: 0.01 secs
13:56:16 INFO  Test final outcome:  SKIPPED
13:56:16 INFO  Test outcome reason: Testing the fake plugin is not enabled.Use parameter -Xfakeplugin=fakeplugin to enable it
13:56:16 INFO  
</system-out>
	</testcase>
</testsuite>
