<?xml version="1.0" encoding="utf-8"?>
<testsuite failures="0" name="apt_install_fail" skipped="1" tests="1" time="0.04" timestamp="2022-03-21T16:48:36">
	<testcase classname="AptPluginInstallFail" name="apt_install_fail">
		<skipped message="SKIPPED: Testing the apt plugin is not supported on this platform.To run the tests call PySys with -XmyPlatform='container'"/>
		<system-out>16:48:36 DEBUG deletedir failed to update permissions and delete /home/pi/actions-runner/_work/thin-edge.io/thin-edge.io/tests/PySys/plugin_apt/apt_install_fail/Output/linux on this attempt: [Errno 2] No such file or directory: '/home/pi/actions-runner/_work/thin-edge.io/thin-edge.io/tests/PySys/plugin_apt/apt_install_fail/Output/linux'
16:48:36 INFO  ==============================================================
16:48:36 INFO  Id:    apt_install_fail
16:48:36 INFO  Dir:   plugin_apt/
16:48:36 INFO  Title: Validate apt plugin prepare - failing
16:48:36 DEBUG Execution order hint: 0.0
16:48:36 INFO  ==============================================================
16:48:36 INFO  Testing the apt plugin is not supported on this platform.To run the tests call PySys with -XmyPlatform='container' ... skipped
16:48:36 WARN  Aborted test due to SKIPPED outcome
16:48:36 DEBUG --- test cleanup
16:48:36 DEBUG ProcessUser cleanup function done.
16:48:36 INFO  
16:48:36 INFO  Test duration: 0.04 secs
16:48:36 INFO  Test final outcome:  SKIPPED
16:48:36 INFO  Test outcome reason: Testing the apt plugin is not supported on this platform.To run the tests call PySys with -XmyPlatform='container'
16:48:36 INFO  
</system-out>
	</testcase>
</testsuite>
