<?xml version="1.0" encoding="utf-8"?>
<testsuite failures="0" name="smoketest_smartrest" skipped="0" tests="1" time="42.47" timestamp="2022-03-28T17:54:43">
	<testcase classname="SmoketestSmartRest" name="smoketest_smartrest"/>
</testsuite>
