<?xml version="1.0" encoding="utf-8"?>
<testsuite failures="0" name="apt_fail_noarg" skipped="1" tests="1" time="0.03" timestamp="2022-03-21T12:46:14">
	<testcase classname="AptPluginFailNoArg" name="apt_fail_noarg">
		<skipped message="SKIPPED: Testing the apt plugin is not supported on this platform.To run the tests call PySys with -XmyPlatform='container'"/>
		<system-out>12:46:14 DEBUG deletedir failed to update permissions and delete /home/pi/actions-runner/_work/thin-edge.io/thin-edge.io/tests/PySys/plugin_apt/apt_fail_noarg/Output/linux on this attempt: [Errno 2] No such file or directory: '/home/pi/actions-runner/_work/thin-edge.io/thin-edge.io/tests/PySys/plugin_apt/apt_fail_noarg/Output/linux'
12:46:14 INFO  ==============================================================
12:46:14 INFO  Id:    apt_fail_noarg
12:46:14 INFO  Dir:   plugin_apt/
12:46:14 INFO  Title: Validate apt plugin fetures(prepare, list, install, remove finalize) without arguments
12:46:14 DEBUG Execution order hint: 0.0
12:46:14 INFO  ==============================================================
12:46:14 INFO  Testing the apt plugin is not supported on this platform.To run the tests call PySys with -XmyPlatform='container' ... skipped
12:46:14 WARN  Aborted test due to SKIPPED outcome
12:46:14 DEBUG --- test cleanup
12:46:14 DEBUG ProcessUser cleanup function done.
12:46:14 INFO  
12:46:14 INFO  Test duration: 0.03 secs
12:46:14 INFO  Test final outcome:  SKIPPED
12:46:14 INFO  Test outcome reason: Testing the apt plugin is not supported on this platform.To run the tests call PySys with -XmyPlatform='container'
12:46:14 INFO  
</system-out>
	</testcase>
</testsuite>
