<?xml version="1.0" encoding="utf-8"?>
<testsuite failures="0" name="custom_init_system" skipped="0" tests="1" time="27.47" timestamp="2022-03-28T17:48:14">
	<testcase classname="CustomInitSystem" name="custom_init_system"/>
</testsuite>
