<?xml version="1.0" encoding="utf-8"?>
<testsuite failures="0" name="valid_device_id" skipped="0" tests="1" time="26.96" timestamp="2022-03-03T10:59:59">
	<testcase classname="ValidateValidDeviceId" name="valid_device_id"/>
</testsuite>
