<?xml version="1.0" encoding="utf-8"?>
<testsuite failures="0" name="tedge_connect_test_positive" skipped="0" tests="1" time="23.69" timestamp="2022-03-29T16:50:50">
	<testcase classname="TedgeConnectTestPositive" name="tedge_connect_test_positive"/>
</testsuite>
