<?xml version="1.0" encoding="utf-8"?>
<testsuite failures="0" name="apt_install_fail" skipped="1" tests="1" time="0.02" timestamp="2022-03-02T08:43:22">
	<testcase classname="AptPluginInstallFail" name="apt_install_fail"/>
</testsuite>
