<?xml version="1.0" encoding="utf-8"?>
<testsuite failures="0" name="monitoring_smaller_interval" skipped="0" tests="1" time="9.75" timestamp="2022-02-24T13:35:02">
	<testcase classname="MonitoringSmallInterval" name="monitoring_smaller_interval"/>
</testsuite>
