<?xml version="1.0" encoding="utf-8"?>
<testsuite failures="0" name="agent_init_session" skipped="0" tests="1" time="4.29" timestamp="2022-02-24T13:45:16">
	<testcase classname="AgentInitSession" name="agent_init_session"/>
</testsuite>
