<?xml version="1.0" encoding="utf-8"?>
<testsuite failures="0" name="tedge_connect_test_positive" skipped="0" tests="1" time="23.63" timestamp="2022-03-02T08:54:08">
	<testcase classname="TedgeConnectTestPositive" name="tedge_connect_test_positive"/>
</testsuite>
