<?xml version="1.0" encoding="utf-8"?>
<testsuite failures="0" name="publish_sawmill" skipped="0" tests="1" time="75.49" timestamp="2022-02-09T11:14:25">
	<testcase classname="PublishSawmill" name="publish_sawmill"/>
</testsuite>
