<?xml version="1.0" encoding="utf-8"?>
<testsuite failures="0" name="mqtt_port_change_connection_works" skipped="1" tests="1" time="0.02" timestamp="2022-03-28T17:48:18">
	<testcase classname="MqttPortChangeConnectionWorks" name="mqtt_port_change_connection_works">
		<skipped message="SKIPPED: failing intermitently"/>
		<system-out>17:48:18 DEBUG deletedir failed to update permissions and delete /home/pi/actions-runner/_work/thin-edge.io/thin-edge.io/tests/PySys/misc_features/mqtt_port_change_connection_works/Output/linux on this attempt: [Errno 2] No such file or directory: '/home/pi/actions-runner/_work/thin-edge.io/thin-edge.io/tests/PySys/misc_features/mqtt_port_change_connection_works/Output/linux'
17:48:18 INFO  ==============================================================
17:48:18 INFO  Id:    mqtt_port_change_connection_works
17:48:18 INFO  Dir:   misc_features/
17:48:18 INFO  Title: mqtt port change connection works for all the thin-edge services that use the mosquitto broker
17:48:18 DEBUG Execution order hint: 0.0
17:48:18 INFO  ==============================================================
17:48:18 INFO  failing intermitently ... skipped
17:48:18 DEBUG --- test cleanup
17:48:18 DEBUG ProcessUser cleanup function done.
17:48:18 INFO  
17:48:18 INFO  Test duration: 0.02 secs
17:48:18 INFO  Test final outcome:  SKIPPED
17:48:18 INFO  Test outcome reason: failing intermitently
17:48:18 INFO  
</system-out>
	</testcase>
</testsuite>
