<?xml version="1.0" encoding="utf-8"?>
<testsuite failures="0" name="publish_flux" skipped="0" tests="1" time="65.52" timestamp="2022-02-24T13:36:14">
	<testcase classname="PublishFlux" name="publish_flux"/>
</testsuite>
