<?xml version="1.0" encoding="utf-8"?>
<testsuite failures="0" name="log_request_error_messages" skipped="0" tests="1" time="28.5" timestamp="2022-03-21T16:46:42">
	<testcase classname="LogRequestVerifySearchTextError" name="log_request_error_messages"/>
</testsuite>
