<?xml version="1.0" encoding="utf-8"?>
<testsuite failures="0" name="SoftwareManagement.sm_fake_install_remove" skipped="1" tests="1" time="0.02" timestamp="2022-03-29T16:49:29">
	<testcase classname="PySysTest" name="SoftwareManagement.sm_fake_install_remove">
		<skipped message="SKIPPED: Testing the fake plugin is not enabled.Use parameter -Xfakeplugin=fakeplugin to enable it"/>
		<system-out>16:49:29 DEBUG deletedir failed to update permissions and delete /home/pi/actions-runner/_work/thin-edge.io/thin-edge.io/tests/PySys/software_management_end_to_end/sm_fake_install_remove/Output/linux on this attempt: [Errno 2] No such file or directory: '/home/pi/actions-runner/_work/thin-edge.io/thin-edge.io/tests/PySys/software_management_end_to_end/sm_fake_install_remove/Output/linux'
16:49:29 INFO  ==============================================================
16:49:29 INFO  Id:    SoftwareManagement.sm_fake_install_remove
16:49:29 INFO  Dir:   software_management_end_to_end/
16:49:29 INFO  Title: Validate end to end behaviour for the dummy plugin for installation and removal of packages
16:49:29 DEBUG Execution order hint: 0.0
16:49:29 INFO  ==============================================================
16:49:29 INFO  Testing the fake plugin is not enabled.Use parameter -Xfakeplugin=fakeplugin to enable it ... skipped
16:49:29 WARN  Aborted test due to SKIPPED outcome
16:49:29 DEBUG --- test cleanup
16:49:29 DEBUG ProcessUser cleanup function done.
16:49:29 INFO  
16:49:29 INFO  Test duration: 0.02 secs
16:49:29 INFO  Test final outcome:  SKIPPED
16:49:29 INFO  Test outcome reason: Testing the fake plugin is not enabled.Use parameter -Xfakeplugin=fakeplugin to enable it
16:49:29 INFO  
</system-out>
	</testcase>
</testsuite>
