<?xml version="1.0" encoding="utf-8"?>
<testsuite failures="1" name="smoketest_smartrest" skipped="0" tests="1" time="41.64" timestamp="2022-02-22T10:40:05">
	<testcase classname="SmoketestSmartRest" name="smoketest_smartrest">
		<failure message="BLOCKED: python3&lt;stdout&gt; returned non-zero exit code 1" type="BLOCKED"/>
		<system-out>10:39:23 INFO  ==============================================================
10:39:23 INFO  Id:    smoketest_smartrest
10:39:23 INFO  Dir:   smoketests/
10:39:23 INFO  Title: Smoketest SmartREST
10:39:23 DEBUG Execution order hint: 0.0
10:39:23 INFO  ==============================================================
10:39:23 DEBUG EnvironmentC8y Setup
10:39:23 INFO  EnvironmentC8y Setup
10:39:23 DEBUG Process parameters for systemctl&lt;serv_mapper1&gt;
  command line : /usr/bin/systemctl status tedge-mapper-c8y
    arg #1     : status
    arg #2     : tedge-mapper-c8y
  working dir  : /home/pi/actions-runner/_work/thin-edge.io/thin-edge.io/tests/PySys/smoketests/smoketest_smartrest/Output/linux
  stdout       : /home/pi/actions-runner/_work/thin-edge.io/thin-edge.io/tests/PySys/smoketests/smoketest_smartrest/Output/linux/serv_mapper1.out
  stderr       : /home/pi/actions-runner/_work/thin-edge.io/thin-edge.io/tests/PySys/smoketests/smoketest_smartrest/Output/linux/serv_mapper1.err
  environment  : LD_LIBRARY_PATH=/usr/lib
  environment  : PATH=/bin:/usr/bin:/usr/sbin:/usr/local/bin
                   #1  /bin
                   #2  /usr/bin
                   #3  /usr/sbin
                   #4  /usr/local/bin
10:39:23 DEBUG Waiting up to 600 secs for process systemctl&lt;serv_mapper1&gt; (pid 27088)
10:39:23 INFO  Executed systemctl&lt;serv_mapper1&gt;, exit status 3
10:39:23 INFO  Restarting mosquitto too frequently in the last 10 seconds. It was only up for 2 seconds
10:39:23 INFO  Delaying execution by 9 seconds
10:39:32 DEBUG Process parameters for sudo&lt;tedge_connect_c8y&gt;
  command line : /usr/bin/sudo /usr/bin/tedge connect c8y
    arg #1     : /usr/bin/tedge
    arg #2     : connect
    arg #3     : c8y
  working dir  : /home/pi/actions-runner/_work/thin-edge.io/thin-edge.io/tests/PySys/smoketests/smoketest_smartrest/Output/linux
  stdout       : /home/pi/actions-runner/_work/thin-edge.io/thin-edge.io/tests/PySys/smoketests/smoketest_smartrest/Output/linux/tedge_connect_c8y.out
  stderr       : /home/pi/actions-runner/_work/thin-edge.io/thin-edge.io/tests/PySys/smoketests/smoketest_smartrest/Output/linux/tedge_connect_c8y.err
  environment  : LD_LIBRARY_PATH=/usr/lib
  environment  : PATH=/bin:/usr/bin:/usr/sbin:/usr/local/bin
                   #1  /bin
                   #2  /usr/bin
                   #3  /usr/sbin
                   #4  /usr/local/bin
10:39:32 DEBUG Waiting up to 600 secs for process sudo&lt;tedge_connect_c8y&gt; (pid 27094)
10:39:43 INFO  Executed sudo&lt;tedge_connect_c8y&gt;, exit status 0
10:39:43 DEBUG Process parameters for sudo&lt;tedge_connect_c8y_test&gt;
  command line : /usr/bin/sudo /usr/bin/tedge connect c8y --test
    arg #1     : /usr/bin/tedge
    arg #2     : connect
    arg #3     : c8y
    arg #4     : --test
  working dir  : /home/pi/actions-runner/_work/thin-edge.io/thin-edge.io/tests/PySys/smoketests/smoketest_smartrest/Output/linux
  stdout       : /home/pi/actions-runner/_work/thin-edge.io/thin-edge.io/tests/PySys/smoketests/smoketest_smartrest/Output/linux/tedge_connect_c8y_test.out
  stderr       : /home/pi/actions-runner/_work/thin-edge.io/thin-edge.io/tests/PySys/smoketests/smoketest_smartrest/Output/linux/tedge_connect_c8y_test.err
  environment  : LD_LIBRARY_PATH=/usr/lib
  environment  : PATH=/bin:/usr/bin:/usr/sbin:/usr/local/bin
                   #1  /bin
                   #2  /usr/bin
                   #3  /usr/sbin
                   #4  /usr/local/bin
10:39:43 DEBUG Waiting up to 600 secs for process sudo&lt;tedge_connect_c8y_test&gt; (pid 27203)
10:39:43 INFO  Executed sudo&lt;tedge_connect_c8y_test&gt;, exit status 0
10:39:43 DEBUG Process parameters for systemctl&lt;serv_mosq2&gt;
  command line : /usr/bin/systemctl status mosquitto
    arg #1     : status
    arg #2     : mosquitto
  working dir  : /home/pi/actions-runner/_work/thin-edge.io/thin-edge.io/tests/PySys/smoketests/smoketest_smartrest/Output/linux
  stdout       : /home/pi/actions-runner/_work/thin-edge.io/thin-edge.io/tests/PySys/smoketests/smoketest_smartrest/Output/linux/serv_mosq2.out
  stderr       : /home/pi/actions-runner/_work/thin-edge.io/thin-edge.io/tests/PySys/smoketests/smoketest_smartrest/Output/linux/serv_mosq2.err
  environment  : LD_LIBRARY_PATH=/usr/lib
  environment  : PATH=/bin:/usr/bin:/usr/sbin:/usr/local/bin
                   #1  /bin
                   #2  /usr/bin
                   #3  /usr/sbin
                   #4  /usr/local/bin
10:39:43 DEBUG Waiting up to 600 secs for process systemctl&lt;serv_mosq2&gt; (pid 27214)
10:39:43 INFO  Executed systemctl&lt;serv_mosq2&gt;, exit status 0
10:39:43 DEBUG Process parameters for systemctl&lt;serv_mapper3&gt;
  command line : /usr/bin/systemctl status tedge-mapper-c8y
    arg #1     : status
    arg #2     : tedge-mapper-c8y
  working dir  : /home/pi/actions-runner/_work/thin-edge.io/thin-edge.io/tests/PySys/smoketests/smoketest_smartrest/Output/linux
  stdout       : /home/pi/actions-runner/_work/thin-edge.io/thin-edge.io/tests/PySys/smoketests/smoketest_smartrest/Output/linux/serv_mapper3.out
  stderr       : /home/pi/actions-runner/_work/thin-edge.io/thin-edge.io/tests/PySys/smoketests/smoketest_smartrest/Output/linux/serv_mapper3.err
  environment  : LD_LIBRARY_PATH=/usr/lib
  environment  : PATH=/bin:/usr/bin:/usr/sbin:/usr/local/bin
                   #1  /bin
                   #2  /usr/bin
                   #3  /usr/sbin
                   #4  /usr/local/bin
10:39:43 DEBUG Waiting up to 600 secs for process systemctl&lt;serv_mapper3&gt; (pid 27215)
10:39:44 INFO  Executed systemctl&lt;serv_mapper3&gt;, exit status 0
10:39:44 DEBUG C8y Roundtrip Setup
10:39:44 DEBUG --- test execute
10:39:44 DEBUG EnvironmentC8y Execute
10:39:44 DEBUG C8y Roundtrip Execute
10:39:54 DEBUG Process parameters for python3&lt;stdout&gt;
  command line : /home/pi/env-pysys/bin/python3 /home/pi/actions-runner/_work/thin-edge.io/thin-edge.io/ci/roundtrip_local_to_c8y.py -m REST -pub /home/pi/examples -u octocat -t t493319102 -id 14255019 -o 10 -d 100 -s 20
    arg #1     : /home/pi/actions-runner/_work/thin-edge.io/thin-edge.io/ci/roundtrip_local_to_c8y.py
    arg #2     : -m
    arg #3     : REST
    arg #4     : -pub
    arg #5     : /home/pi/examples
    arg #6     : -u
    arg #7     : octocat
    arg #8     : -t
    arg #9     : t493319102
    arg #10    : -id
    arg #11    : 14255019
    arg #12    : -o
    arg #13    : 10
    arg #14    : -d
    arg #15    : 100
    arg #16    : -s
    arg #17    : 20
  working dir  : /home/pi/actions-runner/_work/thin-edge.io/thin-edge.io/tests/PySys/smoketests/smoketest_smartrest/Output/linux
  stdout       : /home/pi/actions-runner/_work/thin-edge.io/thin-edge.io/tests/PySys/smoketests/smoketest_smartrest/Output/linux/stdout.out
  stderr       : /home/pi/actions-runner/_work/thin-edge.io/thin-edge.io/tests/PySys/smoketests/smoketest_smartrest/Output/linux/stdout.err
  environment  : C8YPASS=CsiqG9s25z//
10:39:54 DEBUG Waiting up to 600 secs for process python3&lt;stdout&gt; (pid 27217)
10:40:02 WARN  Executed python3&lt;stdout&gt;, exit status 1
10:40:02 DEBUG Opening file using encoding=UTF-8: /home/pi/actions-runner/_work/thin-edge.io/thin-edge.io/tests/PySys/smoketests/smoketest_smartrest/Output/linux/stdout.err
10:40:02 DEBUG Opening file using encoding=UTF-8: /home/pi/actions-runner/_work/thin-edge.io/thin-edge.io/tests/PySys/smoketests/smoketest_smartrest/Output/linux/stdout.out
10:40:02 INFO  Contents of stdout.out: 
10:40:02 INFO    Act: Publishing values with tedge pub
10:40:02 INFO    Waiting 3s for values to arrive in C8y
10:40:02 INFO    Assert: Retrieving data via REST interface
10:40:02 INFO    Gathering values from 2022-02-22 10:39:52+00:00 to 2022-02-22 10:40:02+00:00
10:40:02 INFO    Found 0 recorded values:
10:40:02 INFO    Retrieved values:
10:40:02 INFO    Expected:  0.0  ...  19.0
10:40:02 INFO    Data verification FAILED
10:40:02 INFO    -----
10:40:02 INFO  
10:40:02 WARN  python3&lt;stdout&gt; returned non-zero exit code 1 ... blocked 
10:40:02 WARN  Aborted test due to BLOCKED outcome
10:40:02 DEBUG --- test cleanup
10:40:02 INFO  
10:40:02 INFO  cleanup:
10:40:02 DEBUG Running registered cleanup function: &lt;bound method Environment_roundtrip_c8y.myenvroundtripcleanup of &lt;SmoketestSmartRest object at 0x75c1f3f0&gt;&gt;
10:40:02 DEBUG C8y Roundtrip MyCleanup
10:40:02 DEBUG Running registered cleanup function: &lt;bound method EnvironmentC8y.myenvcleanup of &lt;SmoketestSmartRest object at 0x75c1f3f0&gt;&gt;
10:40:02 DEBUG EnvironmentC8y Cleanup
10:40:02 DEBUG Process parameters for sudo&lt;tedge_disconnect_c8y&gt;
  command line : /usr/bin/sudo /usr/bin/tedge disconnect c8y
    arg #1     : /usr/bin/tedge
    arg #2     : disconnect
    arg #3     : c8y
  working dir  : /home/pi/actions-runner/_work/thin-edge.io/thin-edge.io/tests/PySys/smoketests/smoketest_smartrest/Output/linux
  stdout       : /home/pi/actions-runner/_work/thin-edge.io/thin-edge.io/tests/PySys/smoketests/smoketest_smartrest/Output/linux/tedge_disconnect_c8y.out
  stderr       : /home/pi/actions-runner/_work/thin-edge.io/thin-edge.io/tests/PySys/smoketests/smoketest_smartrest/Output/linux/tedge_disconnect_c8y.err
  environment  : LD_LIBRARY_PATH=/usr/lib
  environment  : PATH=/bin:/usr/bin:/usr/sbin:/usr/local/bin
                   #1  /bin
                   #2  /usr/bin
                   #3  /usr/sbin
                   #4  /usr/local/bin
10:40:02 DEBUG Waiting up to 600 secs for process sudo&lt;tedge_disconnect_c8y&gt; (pid 27305)
10:40:04 INFO  Executed sudo&lt;tedge_disconnect_c8y&gt;, exit status 0
10:40:04 DEBUG Process parameters for systemctl&lt;serv_mapper5&gt;
  command line : /usr/bin/systemctl status tedge-mapper-c8y
    arg #1     : status
    arg #2     : tedge-mapper-c8y
  working dir  : /home/pi/actions-runner/_work/thin-edge.io/thin-edge.io/tests/PySys/smoketests/smoketest_smartrest/Output/linux
  stdout       : /home/pi/actions-runner/_work/thin-edge.io/thin-edge.io/tests/PySys/smoketests/smoketest_smartrest/Output/linux/serv_mapper5.out
  stderr       : /home/pi/actions-runner/_work/thin-edge.io/thin-edge.io/tests/PySys/smoketests/smoketest_smartrest/Output/linux/serv_mapper5.err
  environment  : LD_LIBRARY_PATH=/usr/lib
  environment  : PATH=/bin:/usr/bin:/usr/sbin:/usr/local/bin
                   #1  /bin
                   #2  /usr/bin
                   #3  /usr/sbin
                   #4  /usr/local/bin
10:40:04 DEBUG Waiting up to 600 secs for process systemctl&lt;serv_mapper5&gt; (pid 27345)
10:40:05 INFO  Executed systemctl&lt;serv_mapper5&gt;, exit status 3
10:40:05 DEBUG ProcessUser cleanup function done.
10:40:05 INFO  
10:40:05 INFO  Test duration: 41.64 secs
10:40:05 INFO  Test final outcome:  BLOCKED
10:40:05 INFO  Test outcome reason: python3&lt;stdout&gt; returned non-zero exit code 1
10:40:05 INFO  
</system-out>
	</testcase>
</testsuite>
