<?xml version="1.0" encoding="utf-8"?>
<testsuite failures="0" name="tedge_agent_user_sudo_access" skipped="1" tests="1" time="0.01" timestamp="2022-03-21T16:58:47">
	<testcase classname="TedgeAgentUserSudoAccess" name="tedge_agent_user_sudo_access">
		<skipped message="SKIPPED: #955 Observation: Exit code of the apt plugin when called with no arguments"/>
		<system-out>16:58:47 DEBUG deletedir failed to update permissions and delete /home/pi/actions-runner/_work/thin-edge.io/thin-edge.io/tests/PySys/tedge/tedge_agent_user_sudo_access/Output/linux on this attempt: [Errno 2] No such file or directory: '/home/pi/actions-runner/_work/thin-edge.io/thin-edge.io/tests/PySys/tedge/tedge_agent_user_sudo_access/Output/linux'
16:58:47 INFO  ==============================================================
16:58:47 INFO  Id:    tedge_agent_user_sudo_access
16:58:47 INFO  Dir:   tedge/
16:58:47 INFO  Title: Validate tedge-agent user has a limited sudo right
16:58:47 DEBUG Execution order hint: 0.0
16:58:47 INFO  ==============================================================
16:58:47 INFO  #955 Observation: Exit code of the apt plugin when called with no arguments ... skipped
16:58:47 DEBUG --- test cleanup
16:58:47 DEBUG ProcessUser cleanup function done.
16:58:47 INFO  
16:58:47 INFO  Test duration: 0.01 secs
16:58:47 INFO  Test final outcome:  SKIPPED
16:58:47 INFO  Test outcome reason: #955 Observation: Exit code of the apt plugin when called with no arguments
16:58:47 INFO  
</system-out>
	</testcase>
</testsuite>
