<?xml version="1.0" encoding="utf-8"?>
<testsuite failures="0" name="publish_sawmill" skipped="0" tests="1" time="73.52" timestamp="2022-02-24T13:37:27">
	<testcase classname="PublishSawmill" name="publish_sawmill"/>
</testsuite>
