<?xml version="1.0" encoding="utf-8"?>
<testsuite failures="0" name="log_request_error_messages" skipped="0" tests="1" time="30.45" timestamp="2022-02-14T08:33:42">
	<testcase classname="LogRequestVerifySearchTextError" name="log_request_error_messages"/>
</testsuite>
