<?xml version="1.0" encoding="utf-8"?>
<testsuite failures="0" name="mqtt_port_unset" skipped="0" tests="1" time="0.96" timestamp="2022-02-07T14:02:13">
	<testcase classname="MqttPortUnSet" name="mqtt_port_unset"/>
</testsuite>
