<?xml version="1.0" encoding="utf-8"?>
<testsuite failures="1" name="smoketest_json_400_samples_10ms" skipped="0" tests="1" time="53.56" timestamp="2022-02-15T15:40:12">
	<testcase classname="SmoketestJson400Samples10ms" name="smoketest_json_400_samples_10ms">
		<failure message="BLOCKED: python3&lt;stdout&gt; returned non-zero exit code 1" type="BLOCKED"/>
		<system-out>15:39:19 INFO  ==============================================================
15:39:19 INFO  Id:    smoketest_json_400_samples_10ms
15:39:19 INFO  Dir:   smoketests/
15:39:19 INFO  Title: Smoketest Json 400 Samples 10ms Delay
15:39:19 DEBUG Execution order hint: 0.0
15:39:19 INFO  ==============================================================
15:39:19 DEBUG EnvironmentC8y Setup
15:39:19 INFO  EnvironmentC8y Setup
15:39:19 DEBUG Process parameters for systemctl&lt;serv_mapper1&gt;
  command line : /usr/bin/systemctl status tedge-mapper-c8y
    arg #1     : status
    arg #2     : tedge-mapper-c8y
  working dir  : /home/pi/actions-runner/_work/thin-edge.io/thin-edge.io/tests/PySys/smoketests/smoketest_json_400_samples_10ms/Output/linux
  stdout       : /home/pi/actions-runner/_work/thin-edge.io/thin-edge.io/tests/PySys/smoketests/smoketest_json_400_samples_10ms/Output/linux/serv_mapper1.out
  stderr       : /home/pi/actions-runner/_work/thin-edge.io/thin-edge.io/tests/PySys/smoketests/smoketest_json_400_samples_10ms/Output/linux/serv_mapper1.err
  environment  : LD_LIBRARY_PATH=/usr/lib
  environment  : PATH=/bin:/usr/bin:/usr/sbin:/usr/local/bin
                   #1  /bin
                   #2  /usr/bin
                   #3  /usr/sbin
                   #4  /usr/local/bin
15:39:19 DEBUG Waiting up to 600 secs for process systemctl&lt;serv_mapper1&gt; (pid 29987)
15:39:19 INFO  Executed systemctl&lt;serv_mapper1&gt;, exit status 3
15:39:19 INFO  Restarting mosquitto too frequently in the last 10 seconds. It was only up for 3 seconds
15:39:19 INFO  Delaying execution by 8 seconds
15:39:27 DEBUG Process parameters for sudo&lt;tedge_connect_c8y&gt;
  command line : /usr/bin/sudo /usr/bin/tedge connect c8y
    arg #1     : /usr/bin/tedge
    arg #2     : connect
    arg #3     : c8y
  working dir  : /home/pi/actions-runner/_work/thin-edge.io/thin-edge.io/tests/PySys/smoketests/smoketest_json_400_samples_10ms/Output/linux
  stdout       : /home/pi/actions-runner/_work/thin-edge.io/thin-edge.io/tests/PySys/smoketests/smoketest_json_400_samples_10ms/Output/linux/tedge_connect_c8y.out
  stderr       : /home/pi/actions-runner/_work/thin-edge.io/thin-edge.io/tests/PySys/smoketests/smoketest_json_400_samples_10ms/Output/linux/tedge_connect_c8y.err
  environment  : LD_LIBRARY_PATH=/usr/lib
  environment  : PATH=/bin:/usr/bin:/usr/sbin:/usr/local/bin
                   #1  /bin
                   #2  /usr/bin
                   #3  /usr/sbin
                   #4  /usr/local/bin
15:39:27 DEBUG Waiting up to 600 secs for process sudo&lt;tedge_connect_c8y&gt; (pid 29991)
15:39:39 INFO  Executed sudo&lt;tedge_connect_c8y&gt;, exit status 0, duration 11 secs
15:39:39 DEBUG Process parameters for sudo&lt;tedge_connect_c8y_test&gt;
  command line : /usr/bin/sudo /usr/bin/tedge connect c8y --test
    arg #1     : /usr/bin/tedge
    arg #2     : connect
    arg #3     : c8y
    arg #4     : --test
  working dir  : /home/pi/actions-runner/_work/thin-edge.io/thin-edge.io/tests/PySys/smoketests/smoketest_json_400_samples_10ms/Output/linux
  stdout       : /home/pi/actions-runner/_work/thin-edge.io/thin-edge.io/tests/PySys/smoketests/smoketest_json_400_samples_10ms/Output/linux/tedge_connect_c8y_test.out
  stderr       : /home/pi/actions-runner/_work/thin-edge.io/thin-edge.io/tests/PySys/smoketests/smoketest_json_400_samples_10ms/Output/linux/tedge_connect_c8y_test.err
  environment  : LD_LIBRARY_PATH=/usr/lib
  environment  : PATH=/bin:/usr/bin:/usr/sbin:/usr/local/bin
                   #1  /bin
                   #2  /usr/bin
                   #3  /usr/sbin
                   #4  /usr/local/bin
15:39:39 DEBUG Waiting up to 600 secs for process sudo&lt;tedge_connect_c8y_test&gt; (pid 30139)
15:39:39 INFO  Executed sudo&lt;tedge_connect_c8y_test&gt;, exit status 0
15:39:39 DEBUG Process parameters for systemctl&lt;serv_mosq2&gt;
  command line : /usr/bin/systemctl status mosquitto
    arg #1     : status
    arg #2     : mosquitto
  working dir  : /home/pi/actions-runner/_work/thin-edge.io/thin-edge.io/tests/PySys/smoketests/smoketest_json_400_samples_10ms/Output/linux
  stdout       : /home/pi/actions-runner/_work/thin-edge.io/thin-edge.io/tests/PySys/smoketests/smoketest_json_400_samples_10ms/Output/linux/serv_mosq2.out
  stderr       : /home/pi/actions-runner/_work/thin-edge.io/thin-edge.io/tests/PySys/smoketests/smoketest_json_400_samples_10ms/Output/linux/serv_mosq2.err
  environment  : LD_LIBRARY_PATH=/usr/lib
  environment  : PATH=/bin:/usr/bin:/usr/sbin:/usr/local/bin
                   #1  /bin
                   #2  /usr/bin
                   #3  /usr/sbin
                   #4  /usr/local/bin
15:39:39 DEBUG Waiting up to 600 secs for process systemctl&lt;serv_mosq2&gt; (pid 30147)
15:39:40 INFO  Executed systemctl&lt;serv_mosq2&gt;, exit status 0
15:39:40 DEBUG Process parameters for systemctl&lt;serv_mapper3&gt;
  command line : /usr/bin/systemctl status tedge-mapper-c8y
    arg #1     : status
    arg #2     : tedge-mapper-c8y
  working dir  : /home/pi/actions-runner/_work/thin-edge.io/thin-edge.io/tests/PySys/smoketests/smoketest_json_400_samples_10ms/Output/linux
  stdout       : /home/pi/actions-runner/_work/thin-edge.io/thin-edge.io/tests/PySys/smoketests/smoketest_json_400_samples_10ms/Output/linux/serv_mapper3.out
  stderr       : /home/pi/actions-runner/_work/thin-edge.io/thin-edge.io/tests/PySys/smoketests/smoketest_json_400_samples_10ms/Output/linux/serv_mapper3.err
  environment  : LD_LIBRARY_PATH=/usr/lib
  environment  : PATH=/bin:/usr/bin:/usr/sbin:/usr/local/bin
                   #1  /bin
                   #2  /usr/bin
                   #3  /usr/sbin
                   #4  /usr/local/bin
15:39:40 DEBUG Waiting up to 600 secs for process systemctl&lt;serv_mapper3&gt; (pid 30148)
15:39:40 INFO  Executed systemctl&lt;serv_mapper3&gt;, exit status 0
15:39:40 DEBUG C8y Roundtrip Setup
15:39:40 DEBUG --- test execute
15:39:40 DEBUG EnvironmentC8y Execute
15:39:40 DEBUG C8y Roundtrip Execute
15:40:00 DEBUG Process parameters for python3&lt;stdout&gt;
  command line : /home/pi/env-pysys/bin/python3 /home/pi/actions-runner/_work/thin-edge.io/thin-edge.io/ci/roundtrip_local_to_c8y.py -m JSON -pub /home/pi/examples -u octocat -t t493319102 -id 14223775 -o 20 -d 10 -s 400
    arg #1     : /home/pi/actions-runner/_work/thin-edge.io/thin-edge.io/ci/roundtrip_local_to_c8y.py
    arg #2     : -m
    arg #3     : JSON
    arg #4     : -pub
    arg #5     : /home/pi/examples
    arg #6     : -u
    arg #7     : octocat
    arg #8     : -t
    arg #9     : t493319102
    arg #10    : -id
    arg #11    : 14223775
    arg #12    : -o
    arg #13    : 20
    arg #14    : -d
    arg #15    : 10
    arg #16    : -s
    arg #17    : 400
  working dir  : /home/pi/actions-runner/_work/thin-edge.io/thin-edge.io/tests/PySys/smoketests/smoketest_json_400_samples_10ms/Output/linux
  stdout       : /home/pi/actions-runner/_work/thin-edge.io/thin-edge.io/tests/PySys/smoketests/smoketest_json_400_samples_10ms/Output/linux/stdout.out
  stderr       : /home/pi/actions-runner/_work/thin-edge.io/thin-edge.io/tests/PySys/smoketests/smoketest_json_400_samples_10ms/Output/linux/stdout.err
  environment  : C8YPASS=CsiqG9s25z//
15:40:00 DEBUG Waiting up to 600 secs for process python3&lt;stdout&gt; (pid 30157)
15:40:09 WARN  Executed python3&lt;stdout&gt;, exit status 1
15:40:09 DEBUG Opening file using encoding=UTF-8: /home/pi/actions-runner/_work/thin-edge.io/thin-edge.io/tests/PySys/smoketests/smoketest_json_400_samples_10ms/Output/linux/stdout.err
15:40:09 DEBUG Opening file using encoding=UTF-8: /home/pi/actions-runner/_work/thin-edge.io/thin-edge.io/tests/PySys/smoketests/smoketest_json_400_samples_10ms/Output/linux/stdout.out
15:40:09 INFO  Contents of stdout.out: 
15:40:09 INFO    134.0 error:
15:40:09 INFO    137.0 error:
15:40:09 INFO    147.0 error:
15:40:09 INFO    155.0 error:
15:40:09 INFO    158.0 159.0
15:40:09 INFO    160.0 error:
15:40:09 INFO    164.0 165.0 166.0 167.0 168.0 169.0 170.0 171.0 172.0 173.0 174.0 175.0 176.0 177.0 178.0 179.0
15:40:09 INFO    180.0 181.0 182.0 183.0 184.0 185.0 186.0 187.0 188.0 189.0 190.0 191.0 192.0 193.0 194.0 195.0 196.0 197.0 198.0 199.0
15:40:09 INFO    200.0 201.0 202.0 203.0 204.0 205.0 206.0 207.0 208.0 209.0 210.0 211.0 212.0 213.0 214.0 215.0 216.0 217.0 218.0 219.0
15:40:09 INFO    220.0 221.0 222.0 223.0 224.0 225.0 226.0 227.0 228.0 229.0 230.0 231.0 232.0 233.0 234.0 235.0 236.0 237.0 238.0 239.0
15:40:09 INFO    240.0 241.0 242.0 243.0 244.0 245.0 246.0 247.0 248.0 249.0 250.0 251.0 252.0 253.0 254.0 255.0 256.0 257.0 258.0 259.0
15:40:09 INFO    260.0 261.0 262.0 263.0 264.0 265.0 266.0 267.0 268.0 269.0 270.0 271.0 272.0 273.0 274.0 275.0 276.0 277.0 278.0 279.0
15:40:09 INFO    280.0 281.0 282.0 283.0 284.0 285.0 286.0 287.0 288.0 289.0 290.0 291.0 292.0 293.0 294.0 295.0 296.0 297.0 298.0 299.0
15:40:09 INFO    300.0 301.0 302.0 303.0 304.0 305.0 306.0 307.0 308.0 309.0 310.0 311.0 312.0 313.0 314.0 315.0 316.0 317.0 318.0 319.0
15:40:09 INFO    320.0 321.0 322.0 323.0 324.0 325.0 326.0 327.0 328.0 329.0 330.0 331.0 332.0 333.0 334.0 335.0 336.0 337.0 338.0 339.0
15:40:09 INFO    340.0 341.0 342.0 343.0 344.0 345.0 346.0 347.0 348.0 349.0 350.0 351.0 352.0 353.0 354.0 355.0 356.0 357.0 358.0 359.0
15:40:09 INFO    360.0 361.0 362.0 363.0 364.0 365.0 366.0 367.0 368.0 369.0 370.0 371.0 372.0 373.0 374.0 375.0 376.0 377.0 378.0 379.0
15:40:09 INFO    380.0 381.0 382.0 383.0 384.0 385.0 386.0 387.0 388.0 389.0 390.0 391.0 392.0 393.0 394.0 395.0 396.0 397.0 398.0 399.0
15:40:09 INFO    Expected:  0.0  ...  399.0
15:40:09 INFO    Data verification FAILED
15:40:09 INFO    -----
15:40:09 INFO  
15:40:09 WARN  python3&lt;stdout&gt; returned non-zero exit code 1 ... blocked 
15:40:09 WARN  Aborted test due to BLOCKED outcome
15:40:09 DEBUG --- test cleanup
15:40:09 INFO  
15:40:09 INFO  cleanup:
15:40:09 DEBUG Running registered cleanup function: &lt;bound method Environment_roundtrip_c8y.myenvroundtripcleanup of &lt;SmoketestJson400Samples10ms object at 0x75d4fd70&gt;&gt;
15:40:09 DEBUG C8y Roundtrip MyCleanup
15:40:09 DEBUG Running registered cleanup function: &lt;bound method EnvironmentC8y.myenvcleanup of &lt;SmoketestJson400Samples10ms object at 0x75d4fd70&gt;&gt;
15:40:09 DEBUG EnvironmentC8y Cleanup
15:40:09 DEBUG Process parameters for sudo&lt;tedge_disconnect_c8y&gt;
  command line : /usr/bin/sudo /usr/bin/tedge disconnect c8y
    arg #1     : /usr/bin/tedge
    arg #2     : disconnect
    arg #3     : c8y
  working dir  : /home/pi/actions-runner/_work/thin-edge.io/thin-edge.io/tests/PySys/smoketests/smoketest_json_400_samples_10ms/Output/linux
  stdout       : /home/pi/actions-runner/_work/thin-edge.io/thin-edge.io/tests/PySys/smoketests/smoketest_json_400_samples_10ms/Output/linux/tedge_disconnect_c8y.out
  stderr       : /home/pi/actions-runner/_work/thin-edge.io/thin-edge.io/tests/PySys/smoketests/smoketest_json_400_samples_10ms/Output/linux/tedge_disconnect_c8y.err
  environment  : LD_LIBRARY_PATH=/usr/lib
  environment  : PATH=/bin:/usr/bin:/usr/sbin:/usr/local/bin
                   #1  /bin
                   #2  /usr/bin
                   #3  /usr/sbin
                   #4  /usr/local/bin
15:40:09 DEBUG Waiting up to 600 secs for process sudo&lt;tedge_disconnect_c8y&gt; (pid 30168)
15:40:12 INFO  Executed sudo&lt;tedge_disconnect_c8y&gt;, exit status 0
15:40:12 DEBUG Process parameters for systemctl&lt;serv_mapper5&gt;
  command line : /usr/bin/systemctl status tedge-mapper-c8y
    arg #1     : status
    arg #2     : tedge-mapper-c8y
  working dir  : /home/pi/actions-runner/_work/thin-edge.io/thin-edge.io/tests/PySys/smoketests/smoketest_json_400_samples_10ms/Output/linux
  stdout       : /home/pi/actions-runner/_work/thin-edge.io/thin-edge.io/tests/PySys/smoketests/smoketest_json_400_samples_10ms/Output/linux/serv_mapper5.out
  stderr       : /home/pi/actions-runner/_work/thin-edge.io/thin-edge.io/tests/PySys/smoketests/smoketest_json_400_samples_10ms/Output/linux/serv_mapper5.err
  environment  : LD_LIBRARY_PATH=/usr/lib
  environment  : PATH=/bin:/usr/bin:/usr/sbin:/usr/local/bin
                   #1  /bin
                   #2  /usr/bin
                   #3  /usr/sbin
                   #4  /usr/local/bin
15:40:12 DEBUG Waiting up to 600 secs for process systemctl&lt;serv_mapper5&gt; (pid 30225)
15:40:12 INFO  Executed systemctl&lt;serv_mapper5&gt;, exit status 3
15:40:12 DEBUG ProcessUser cleanup function done.
15:40:12 INFO  
15:40:12 INFO  Test duration: 53.56 secs
15:40:12 INFO  Test final outcome:  BLOCKED
15:40:12 INFO  Test outcome reason: python3&lt;stdout&gt; returned non-zero exit code 1
15:40:12 INFO  
</system-out>
	</testcase>
</testsuite>
