<?xml version="1.0" encoding="utf-8"?>
<testsuite failures="0" name="apt_prepare" skipped="1" tests="1" time="0.01" timestamp="2022-02-22T10:34:40">
	<testcase classname="AptPluginPrepare" name="apt_prepare"/>
</testsuite>
