<?xml version="1.0" encoding="utf-8"?>
<testsuite failures="1" name="smoketest_json_400_samples_10ms" skipped="0" tests="1" time="51.08" timestamp="2022-03-02T08:47:14">
	<testcase classname="SmoketestJson400Samples10ms" name="smoketest_json_400_samples_10ms">
		<failure message="BLOCKED: python3&lt;stdout&gt; returned non-zero exit code 1" type="BLOCKED"/>
		<system-out>08:46:23 INFO  ==============================================================
08:46:23 INFO  Id:    smoketest_json_400_samples_10ms
08:46:23 INFO  Dir:   smoketests/
08:46:23 INFO  Title: Smoketest Json 400 Samples 10ms Delay
08:46:23 DEBUG Execution order hint: 0.0
08:46:23 INFO  ==============================================================
08:46:23 DEBUG EnvironmentC8y Setup
08:46:23 INFO  EnvironmentC8y Setup
08:46:23 DEBUG Process parameters for systemctl&lt;serv_mapper1&gt;
  command line : /usr/bin/systemctl status tedge-mapper-c8y
    arg #1     : status
    arg #2     : tedge-mapper-c8y
  working dir  : /home/pi/actions-runner/_work/thin-edge.io/thin-edge.io/tests/PySys/smoketests/smoketest_json_400_samples_10ms/Output/linux
  stdout       : /home/pi/actions-runner/_work/thin-edge.io/thin-edge.io/tests/PySys/smoketests/smoketest_json_400_samples_10ms/Output/linux/serv_mapper1.out
  stderr       : /home/pi/actions-runner/_work/thin-edge.io/thin-edge.io/tests/PySys/smoketests/smoketest_json_400_samples_10ms/Output/linux/serv_mapper1.err
  environment  : LD_LIBRARY_PATH=/usr/lib
  environment  : PATH=/bin:/usr/bin:/usr/sbin:/usr/local/bin
                   #1  /bin
                   #2  /usr/bin
                   #3  /usr/sbin
                   #4  /usr/local/bin
08:46:23 DEBUG Waiting up to 600 secs for process systemctl&lt;serv_mapper1&gt; (pid 13098)
08:46:24 INFO  Executed systemctl&lt;serv_mapper1&gt;, exit status 3
08:46:24 INFO  Restarting mosquitto too frequently in the last 10 seconds. It was only up for 3 seconds
08:46:24 INFO  Delaying execution by 8 seconds
08:46:32 DEBUG Process parameters for sudo&lt;tedge_connect_c8y&gt;
  command line : /usr/bin/sudo /usr/bin/tedge connect c8y
    arg #1     : /usr/bin/tedge
    arg #2     : connect
    arg #3     : c8y
  working dir  : /home/pi/actions-runner/_work/thin-edge.io/thin-edge.io/tests/PySys/smoketests/smoketest_json_400_samples_10ms/Output/linux
  stdout       : /home/pi/actions-runner/_work/thin-edge.io/thin-edge.io/tests/PySys/smoketests/smoketest_json_400_samples_10ms/Output/linux/tedge_connect_c8y.out
  stderr       : /home/pi/actions-runner/_work/thin-edge.io/thin-edge.io/tests/PySys/smoketests/smoketest_json_400_samples_10ms/Output/linux/tedge_connect_c8y.err
  environment  : LD_LIBRARY_PATH=/usr/lib
  environment  : PATH=/bin:/usr/bin:/usr/sbin:/usr/local/bin
                   #1  /bin
                   #2  /usr/bin
                   #3  /usr/sbin
                   #4  /usr/local/bin
08:46:32 DEBUG Waiting up to 600 secs for process sudo&lt;tedge_connect_c8y&gt; (pid 13102)
08:46:42 INFO  Executed sudo&lt;tedge_connect_c8y&gt;, exit status 0
08:46:42 DEBUG Process parameters for sudo&lt;tedge_connect_c8y_test&gt;
  command line : /usr/bin/sudo /usr/bin/tedge connect c8y --test
    arg #1     : /usr/bin/tedge
    arg #2     : connect
    arg #3     : c8y
    arg #4     : --test
  working dir  : /home/pi/actions-runner/_work/thin-edge.io/thin-edge.io/tests/PySys/smoketests/smoketest_json_400_samples_10ms/Output/linux
  stdout       : /home/pi/actions-runner/_work/thin-edge.io/thin-edge.io/tests/PySys/smoketests/smoketest_json_400_samples_10ms/Output/linux/tedge_connect_c8y_test.out
  stderr       : /home/pi/actions-runner/_work/thin-edge.io/thin-edge.io/tests/PySys/smoketests/smoketest_json_400_samples_10ms/Output/linux/tedge_connect_c8y_test.err
  environment  : LD_LIBRARY_PATH=/usr/lib
  environment  : PATH=/bin:/usr/bin:/usr/sbin:/usr/local/bin
                   #1  /bin
                   #2  /usr/bin
                   #3  /usr/sbin
                   #4  /usr/local/bin
08:46:42 DEBUG Waiting up to 600 secs for process sudo&lt;tedge_connect_c8y_test&gt; (pid 13212)
08:46:42 INFO  Executed sudo&lt;tedge_connect_c8y_test&gt;, exit status 0
08:46:42 DEBUG Process parameters for systemctl&lt;serv_mosq2&gt;
  command line : /usr/bin/systemctl status mosquitto
    arg #1     : status
    arg #2     : mosquitto
  working dir  : /home/pi/actions-runner/_work/thin-edge.io/thin-edge.io/tests/PySys/smoketests/smoketest_json_400_samples_10ms/Output/linux
  stdout       : /home/pi/actions-runner/_work/thin-edge.io/thin-edge.io/tests/PySys/smoketests/smoketest_json_400_samples_10ms/Output/linux/serv_mosq2.out
  stderr       : /home/pi/actions-runner/_work/thin-edge.io/thin-edge.io/tests/PySys/smoketests/smoketest_json_400_samples_10ms/Output/linux/serv_mosq2.err
  environment  : LD_LIBRARY_PATH=/usr/lib
  environment  : PATH=/bin:/usr/bin:/usr/sbin:/usr/local/bin
                   #1  /bin
                   #2  /usr/bin
                   #3  /usr/sbin
                   #4  /usr/local/bin
08:46:42 DEBUG Waiting up to 600 secs for process systemctl&lt;serv_mosq2&gt; (pid 13220)
08:46:43 INFO  Executed systemctl&lt;serv_mosq2&gt;, exit status 0
08:46:43 DEBUG Process parameters for systemctl&lt;serv_mapper3&gt;
  command line : /usr/bin/systemctl status tedge-mapper-c8y
    arg #1     : status
    arg #2     : tedge-mapper-c8y
  working dir  : /home/pi/actions-runner/_work/thin-edge.io/thin-edge.io/tests/PySys/smoketests/smoketest_json_400_samples_10ms/Output/linux
  stdout       : /home/pi/actions-runner/_work/thin-edge.io/thin-edge.io/tests/PySys/smoketests/smoketest_json_400_samples_10ms/Output/linux/serv_mapper3.out
  stderr       : /home/pi/actions-runner/_work/thin-edge.io/thin-edge.io/tests/PySys/smoketests/smoketest_json_400_samples_10ms/Output/linux/serv_mapper3.err
  environment  : LD_LIBRARY_PATH=/usr/lib
  environment  : PATH=/bin:/usr/bin:/usr/sbin:/usr/local/bin
                   #1  /bin
                   #2  /usr/bin
                   #3  /usr/sbin
                   #4  /usr/local/bin
08:46:43 DEBUG Waiting up to 600 secs for process systemctl&lt;serv_mapper3&gt; (pid 13221)
08:46:43 INFO  Executed systemctl&lt;serv_mapper3&gt;, exit status 0
08:46:43 DEBUG C8y Roundtrip Setup
08:46:43 DEBUG --- test execute
08:46:43 DEBUG EnvironmentC8y Execute
08:46:43 DEBUG C8y Roundtrip Execute
08:47:03 DEBUG Process parameters for python3&lt;stdout&gt;
  command line : /home/pi/env-pysys/bin/python3 /home/pi/actions-runner/_work/thin-edge.io/thin-edge.io/ci/roundtrip_local_to_c8y.py -m JSON -pub /home/pi/examples -u octocat -t t493319102 -id 14255019 -o 20 -d 10 -s 400
    arg #1     : /home/pi/actions-runner/_work/thin-edge.io/thin-edge.io/ci/roundtrip_local_to_c8y.py
    arg #2     : -m
    arg #3     : JSON
    arg #4     : -pub
    arg #5     : /home/pi/examples
    arg #6     : -u
    arg #7     : octocat
    arg #8     : -t
    arg #9     : t493319102
    arg #10    : -id
    arg #11    : 14255019
    arg #12    : -o
    arg #13    : 20
    arg #14    : -d
    arg #15    : 10
    arg #16    : -s
    arg #17    : 400
  working dir  : /home/pi/actions-runner/_work/thin-edge.io/thin-edge.io/tests/PySys/smoketests/smoketest_json_400_samples_10ms/Output/linux
  stdout       : /home/pi/actions-runner/_work/thin-edge.io/thin-edge.io/tests/PySys/smoketests/smoketest_json_400_samples_10ms/Output/linux/stdout.out
  stderr       : /home/pi/actions-runner/_work/thin-edge.io/thin-edge.io/tests/PySys/smoketests/smoketest_json_400_samples_10ms/Output/linux/stdout.err
  environment  : C8YPASS=CsiqG9s25z//
08:47:03 DEBUG Waiting up to 600 secs for process python3&lt;stdout&gt; (pid 13227)
08:47:12 WARN  Executed python3&lt;stdout&gt;, exit status 1
08:47:12 DEBUG Opening file using encoding=UTF-8: /home/pi/actions-runner/_work/thin-edge.io/thin-edge.io/tests/PySys/smoketests/smoketest_json_400_samples_10ms/Output/linux/stdout.err
08:47:12 DEBUG Opening file using encoding=UTF-8: /home/pi/actions-runner/_work/thin-edge.io/thin-edge.io/tests/PySys/smoketests/smoketest_json_400_samples_10ms/Output/linux/stdout.out
08:47:12 INFO  Contents of stdout.out: 
08:47:12 INFO    Publishing sawtooth with delay 10ms height 400 iterations 1 template flux will cause 400 publishs.
08:47:12 INFO    Iteraton: 0
08:47:12 INFO    Execution took 4 s 4191 ms
08:47:12 INFO    Publish rate: 10.477 ms/pub
08:47:12 INFO    Publish per second: 95.443 pub/s
08:47:12 INFO    Act: Publishing values with temperature_publisher
08:47:12 INFO    Waiting 3s for values to arrive in C8y
08:47:12 INFO    Assert: Retrieving data via REST interface
08:47:12 INFO    Gathering values from 2022-03-02 08:46:51+00:00 to 2022-03-02 08:47:11+00:00
08:47:12 INFO    Found 0 recorded values:
08:47:12 INFO    Retrieved values:
08:47:12 INFO    Expected:  0.0  ...  399.0
08:47:12 INFO    Data verification FAILED
08:47:12 INFO    -----
08:47:12 INFO  
08:47:12 WARN  python3&lt;stdout&gt; returned non-zero exit code 1 ... blocked 
08:47:12 WARN  Aborted test due to BLOCKED outcome
08:47:12 DEBUG --- test cleanup
08:47:12 INFO  
08:47:12 INFO  cleanup:
08:47:12 DEBUG Running registered cleanup function: &lt;bound method Environment_roundtrip_c8y.myenvroundtripcleanup of &lt;SmoketestJson400Samples10ms object at 0x75d1e6b0&gt;&gt;
08:47:12 DEBUG C8y Roundtrip MyCleanup
08:47:12 DEBUG Running registered cleanup function: &lt;bound method EnvironmentC8y.myenvcleanup of &lt;SmoketestJson400Samples10ms object at 0x75d1e6b0&gt;&gt;
08:47:12 DEBUG EnvironmentC8y Cleanup
08:47:12 DEBUG Process parameters for sudo&lt;tedge_disconnect_c8y&gt;
  command line : /usr/bin/sudo /usr/bin/tedge disconnect c8y
    arg #1     : /usr/bin/tedge
    arg #2     : disconnect
    arg #3     : c8y
  working dir  : /home/pi/actions-runner/_work/thin-edge.io/thin-edge.io/tests/PySys/smoketests/smoketest_json_400_samples_10ms/Output/linux
  stdout       : /home/pi/actions-runner/_work/thin-edge.io/thin-edge.io/tests/PySys/smoketests/smoketest_json_400_samples_10ms/Output/linux/tedge_disconnect_c8y.out
  stderr       : /home/pi/actions-runner/_work/thin-edge.io/thin-edge.io/tests/PySys/smoketests/smoketest_json_400_samples_10ms/Output/linux/tedge_disconnect_c8y.err
  environment  : LD_LIBRARY_PATH=/usr/lib
  environment  : PATH=/bin:/usr/bin:/usr/sbin:/usr/local/bin
                   #1  /bin
                   #2  /usr/bin
                   #3  /usr/sbin
                   #4  /usr/local/bin
08:47:12 DEBUG Waiting up to 600 secs for process sudo&lt;tedge_disconnect_c8y&gt; (pid 13238)
08:47:14 INFO  Executed sudo&lt;tedge_disconnect_c8y&gt;, exit status 0
08:47:14 DEBUG Process parameters for systemctl&lt;serv_mapper5&gt;
  command line : /usr/bin/systemctl status tedge-mapper-c8y
    arg #1     : status
    arg #2     : tedge-mapper-c8y
  working dir  : /home/pi/actions-runner/_work/thin-edge.io/thin-edge.io/tests/PySys/smoketests/smoketest_json_400_samples_10ms/Output/linux
  stdout       : /home/pi/actions-runner/_work/thin-edge.io/thin-edge.io/tests/PySys/smoketests/smoketest_json_400_samples_10ms/Output/linux/serv_mapper5.out
  stderr       : /home/pi/actions-runner/_work/thin-edge.io/thin-edge.io/tests/PySys/smoketests/smoketest_json_400_samples_10ms/Output/linux/serv_mapper5.err
  environment  : LD_LIBRARY_PATH=/usr/lib
  environment  : PATH=/bin:/usr/bin:/usr/sbin:/usr/local/bin
                   #1  /bin
                   #2  /usr/bin
                   #3  /usr/sbin
                   #4  /usr/local/bin
08:47:14 DEBUG Waiting up to 600 secs for process systemctl&lt;serv_mapper5&gt; (pid 13278)
08:47:14 INFO  Executed systemctl&lt;serv_mapper5&gt;, exit status 3
08:47:14 DEBUG ProcessUser cleanup function done.
08:47:14 INFO  
08:47:14 INFO  Test duration: 51.08 secs
08:47:14 INFO  Test final outcome:  BLOCKED
08:47:14 INFO  Test outcome reason: python3&lt;stdout&gt; returned non-zero exit code 1
08:47:14 INFO  
</system-out>
	</testcase>
</testsuite>
