<?xml version="1.0" encoding="utf-8"?>
<testsuite failures="0" name="smoketest_smartrest" skipped="0" tests="1" time="43.1" timestamp="2022-02-14T08:41:14">
	<testcase classname="SmoketestSmartRest" name="smoketest_smartrest"/>
</testsuite>
