<?xml version="1.0" encoding="utf-8"?>
<testsuite failures="0" name="tedge_mapper_c8y_positive" skipped="0" tests="1" time="1.43" timestamp="2022-02-16T09:38:33">
	<testcase classname="TedgeMapperC8y" name="tedge_mapper_c8y_positive"/>
</testsuite>
