<?xml version="1.0" encoding="utf-8"?>
<testsuite failures="0" name="docker_plugin_finalize" skipped="1" tests="1" time="0.03" timestamp="2022-03-21T12:46:17">
	<testcase classname="DockerPluginFinalizeTest" name="docker_plugin_finalize">
		<skipped message="SKIPPED: Testing the docker plugin is not supported on this platform.To run it, all the test with -XmyPlatform='container'"/>
		<system-out>12:46:17 DEBUG deletedir failed to update permissions and delete /home/pi/actions-runner/_work/thin-edge.io/thin-edge.io/tests/PySys/plugin_docker/docker_plugin_finalize/Output/linux on this attempt: [Errno 2] No such file or directory: '/home/pi/actions-runner/_work/thin-edge.io/thin-edge.io/tests/PySys/plugin_docker/docker_plugin_finalize/Output/linux'
12:46:17 INFO  ==============================================================
12:46:17 INFO  Id:    docker_plugin_finalize
12:46:17 INFO  Dir:   plugin_docker/
12:46:17 INFO  Title: Validate docker plugin finalize command
12:46:17 DEBUG Execution order hint: 0.0
12:46:17 INFO  ==============================================================
12:46:17 INFO  Testing the docker plugin is not supported on this platform.To run it, all the test with -XmyPlatform='container' ... skipped
12:46:17 WARN  Aborted test due to SKIPPED outcome
12:46:17 DEBUG --- test cleanup
12:46:17 DEBUG ProcessUser cleanup function done.
12:46:17 INFO  
12:46:17 INFO  Test duration: 0.03 secs
12:46:17 INFO  Test final outcome:  SKIPPED
12:46:17 INFO  Test outcome reason: Testing the docker plugin is not supported on this platform.To run it, all the test with -XmyPlatform='container'
12:46:17 INFO  
</system-out>
	</testcase>
</testsuite>
