<?xml version="1.0" encoding="utf-8"?>
<testsuite failures="0" name="docker_plugin_update" skipped="1" tests="1" time="0.01" timestamp="2022-03-30T08:17:30">
	<testcase classname="DockerPluginUpdateTest" name="docker_plugin_update">
		<skipped message="SKIPPED: Testing the docker plugin is not supported on this platform.To run it, all the test with -XmyPlatform='container'"/>
		<system-out>08:17:30 DEBUG deletedir failed to update permissions and delete /home/pi/actions-runner/_work/thin-edge.io/thin-edge.io/tests/PySys/plugin_docker/docker_plugin_update/Output/linux on this attempt: [Errno 2] No such file or directory: '/home/pi/actions-runner/_work/thin-edge.io/thin-edge.io/tests/PySys/plugin_docker/docker_plugin_update/Output/linux'
08:17:30 INFO  ==============================================================
08:17:30 INFO  Id:    docker_plugin_update
08:17:30 INFO  Dir:   plugin_docker/
08:17:30 INFO  Title: Validate docker plugin install updates existing containers
08:17:30 DEBUG Execution order hint: 0.0
08:17:30 INFO  ==============================================================
08:17:30 INFO  Testing the docker plugin is not supported on this platform.To run it, all the test with -XmyPlatform='container' ... skipped
08:17:30 WARN  Aborted test due to SKIPPED outcome
08:17:30 DEBUG --- test cleanup
08:17:30 DEBUG ProcessUser cleanup function done.
08:17:30 INFO  
08:17:30 INFO  Test duration: 0.01 secs
08:17:30 INFO  Test final outcome:  SKIPPED
08:17:30 INFO  Test outcome reason: Testing the docker plugin is not supported on this platform.To run it, all the test with -XmyPlatform='container'
08:17:30 INFO  
</system-out>
	</testcase>
</testsuite>
