<?xml version="1.0" encoding="utf-8"?>
<testsuite failures="1" name="smoketest_json_400_samples_20ms" skipped="0" tests="1" time="51.21" timestamp="2022-02-24T13:39:49">
	<testcase classname="SmoketestJson400Samples20ms" name="smoketest_json_400_samples_20ms">
		<failure message="BLOCKED: python3&lt;stdout&gt; returned non-zero exit code 1" type="BLOCKED"/>
		<system-out>13:38:57 INFO  ==============================================================
13:38:57 INFO  Id:    smoketest_json_400_samples_20ms
13:38:57 INFO  Dir:   smoketests/
13:38:57 INFO  Title: Smoketest Json 400 Samples 20ms Delay
13:38:57 DEBUG Execution order hint: 0.0
13:38:57 INFO  ==============================================================
13:38:57 DEBUG EnvironmentC8y Setup
13:38:57 INFO  EnvironmentC8y Setup
13:38:57 DEBUG Process parameters for systemctl&lt;serv_mapper1&gt;
  command line : /usr/bin/systemctl status tedge-mapper-c8y
    arg #1     : status
    arg #2     : tedge-mapper-c8y
  working dir  : /home/pi/actions-runner/_work/thin-edge.io/thin-edge.io/tests/PySys/smoketests/smoketest_json_400_samples_20ms/Output/linux
  stdout       : /home/pi/actions-runner/_work/thin-edge.io/thin-edge.io/tests/PySys/smoketests/smoketest_json_400_samples_20ms/Output/linux/serv_mapper1.out
  stderr       : /home/pi/actions-runner/_work/thin-edge.io/thin-edge.io/tests/PySys/smoketests/smoketest_json_400_samples_20ms/Output/linux/serv_mapper1.err
  environment  : LD_LIBRARY_PATH=/usr/lib
  environment  : PATH=/bin:/usr/bin:/usr/sbin:/usr/local/bin
                   #1  /bin
                   #2  /usr/bin
                   #3  /usr/sbin
                   #4  /usr/local/bin
13:38:57 DEBUG Waiting up to 600 secs for process systemctl&lt;serv_mapper1&gt; (pid 21450)
13:38:58 INFO  Executed systemctl&lt;serv_mapper1&gt;, exit status 3
13:38:58 INFO  Restarting mosquitto too frequently in the last 10 seconds. It was only up for 3 seconds
13:38:58 INFO  Delaying execution by 8 seconds
13:39:06 DEBUG Process parameters for sudo&lt;tedge_connect_c8y&gt;
  command line : /usr/bin/sudo /usr/bin/tedge connect c8y
    arg #1     : /usr/bin/tedge
    arg #2     : connect
    arg #3     : c8y
  working dir  : /home/pi/actions-runner/_work/thin-edge.io/thin-edge.io/tests/PySys/smoketests/smoketest_json_400_samples_20ms/Output/linux
  stdout       : /home/pi/actions-runner/_work/thin-edge.io/thin-edge.io/tests/PySys/smoketests/smoketest_json_400_samples_20ms/Output/linux/tedge_connect_c8y.out
  stderr       : /home/pi/actions-runner/_work/thin-edge.io/thin-edge.io/tests/PySys/smoketests/smoketest_json_400_samples_20ms/Output/linux/tedge_connect_c8y.err
  environment  : LD_LIBRARY_PATH=/usr/lib
  environment  : PATH=/bin:/usr/bin:/usr/sbin:/usr/local/bin
                   #1  /bin
                   #2  /usr/bin
                   #3  /usr/sbin
                   #4  /usr/local/bin
13:39:06 DEBUG Waiting up to 600 secs for process sudo&lt;tedge_connect_c8y&gt; (pid 21458)
13:39:16 INFO  Executed sudo&lt;tedge_connect_c8y&gt;, exit status 0
13:39:16 DEBUG Process parameters for sudo&lt;tedge_connect_c8y_test&gt;
  command line : /usr/bin/sudo /usr/bin/tedge connect c8y --test
    arg #1     : /usr/bin/tedge
    arg #2     : connect
    arg #3     : c8y
    arg #4     : --test
  working dir  : /home/pi/actions-runner/_work/thin-edge.io/thin-edge.io/tests/PySys/smoketests/smoketest_json_400_samples_20ms/Output/linux
  stdout       : /home/pi/actions-runner/_work/thin-edge.io/thin-edge.io/tests/PySys/smoketests/smoketest_json_400_samples_20ms/Output/linux/tedge_connect_c8y_test.out
  stderr       : /home/pi/actions-runner/_work/thin-edge.io/thin-edge.io/tests/PySys/smoketests/smoketest_json_400_samples_20ms/Output/linux/tedge_connect_c8y_test.err
  environment  : LD_LIBRARY_PATH=/usr/lib
  environment  : PATH=/bin:/usr/bin:/usr/sbin:/usr/local/bin
                   #1  /bin
                   #2  /usr/bin
                   #3  /usr/sbin
                   #4  /usr/local/bin
13:39:16 DEBUG Waiting up to 600 secs for process sudo&lt;tedge_connect_c8y_test&gt; (pid 21570)
13:39:17 INFO  Executed sudo&lt;tedge_connect_c8y_test&gt;, exit status 0
13:39:17 DEBUG Process parameters for systemctl&lt;serv_mosq2&gt;
  command line : /usr/bin/systemctl status mosquitto
    arg #1     : status
    arg #2     : mosquitto
  working dir  : /home/pi/actions-runner/_work/thin-edge.io/thin-edge.io/tests/PySys/smoketests/smoketest_json_400_samples_20ms/Output/linux
  stdout       : /home/pi/actions-runner/_work/thin-edge.io/thin-edge.io/tests/PySys/smoketests/smoketest_json_400_samples_20ms/Output/linux/serv_mosq2.out
  stderr       : /home/pi/actions-runner/_work/thin-edge.io/thin-edge.io/tests/PySys/smoketests/smoketest_json_400_samples_20ms/Output/linux/serv_mosq2.err
  environment  : LD_LIBRARY_PATH=/usr/lib
  environment  : PATH=/bin:/usr/bin:/usr/sbin:/usr/local/bin
                   #1  /bin
                   #2  /usr/bin
                   #3  /usr/sbin
                   #4  /usr/local/bin
13:39:17 DEBUG Waiting up to 600 secs for process systemctl&lt;serv_mosq2&gt; (pid 21578)
13:39:17 INFO  Executed systemctl&lt;serv_mosq2&gt;, exit status 0
13:39:17 DEBUG Process parameters for systemctl&lt;serv_mapper3&gt;
  command line : /usr/bin/systemctl status tedge-mapper-c8y
    arg #1     : status
    arg #2     : tedge-mapper-c8y
  working dir  : /home/pi/actions-runner/_work/thin-edge.io/thin-edge.io/tests/PySys/smoketests/smoketest_json_400_samples_20ms/Output/linux
  stdout       : /home/pi/actions-runner/_work/thin-edge.io/thin-edge.io/tests/PySys/smoketests/smoketest_json_400_samples_20ms/Output/linux/serv_mapper3.out
  stderr       : /home/pi/actions-runner/_work/thin-edge.io/thin-edge.io/tests/PySys/smoketests/smoketest_json_400_samples_20ms/Output/linux/serv_mapper3.err
  environment  : LD_LIBRARY_PATH=/usr/lib
  environment  : PATH=/bin:/usr/bin:/usr/sbin:/usr/local/bin
                   #1  /bin
                   #2  /usr/bin
                   #3  /usr/sbin
                   #4  /usr/local/bin
13:39:17 DEBUG Waiting up to 600 secs for process systemctl&lt;serv_mapper3&gt; (pid 21579)
13:39:17 INFO  Executed systemctl&lt;serv_mapper3&gt;, exit status 0
13:39:17 DEBUG C8y Roundtrip Setup
13:39:17 DEBUG --- test execute
13:39:17 DEBUG EnvironmentC8y Execute
13:39:17 DEBUG C8y Roundtrip Execute
13:39:37 DEBUG Process parameters for python3&lt;stdout&gt;
  command line : /home/pi/env-pysys/bin/python3 /home/pi/actions-runner/_work/thin-edge.io/thin-edge.io/ci/roundtrip_local_to_c8y.py -m JSON -pub /home/pi/examples -u octocat -t t493319102 -id 14255019 -o 20 -d 10 -s 400
    arg #1     : /home/pi/actions-runner/_work/thin-edge.io/thin-edge.io/ci/roundtrip_local_to_c8y.py
    arg #2     : -m
    arg #3     : JSON
    arg #4     : -pub
    arg #5     : /home/pi/examples
    arg #6     : -u
    arg #7     : octocat
    arg #8     : -t
    arg #9     : t493319102
    arg #10    : -id
    arg #11    : 14255019
    arg #12    : -o
    arg #13    : 20
    arg #14    : -d
    arg #15    : 10
    arg #16    : -s
    arg #17    : 400
  working dir  : /home/pi/actions-runner/_work/thin-edge.io/thin-edge.io/tests/PySys/smoketests/smoketest_json_400_samples_20ms/Output/linux
  stdout       : /home/pi/actions-runner/_work/thin-edge.io/thin-edge.io/tests/PySys/smoketests/smoketest_json_400_samples_20ms/Output/linux/stdout.out
  stderr       : /home/pi/actions-runner/_work/thin-edge.io/thin-edge.io/tests/PySys/smoketests/smoketest_json_400_samples_20ms/Output/linux/stdout.err
  environment  : C8YPASS=CsiqG9s25z//
13:39:37 DEBUG Waiting up to 600 secs for process python3&lt;stdout&gt; (pid 21584)
13:39:46 WARN  Executed python3&lt;stdout&gt;, exit status 1
13:39:46 DEBUG Opening file using encoding=UTF-8: /home/pi/actions-runner/_work/thin-edge.io/thin-edge.io/tests/PySys/smoketests/smoketest_json_400_samples_20ms/Output/linux/stdout.err
13:39:46 DEBUG Opening file using encoding=UTF-8: /home/pi/actions-runner/_work/thin-edge.io/thin-edge.io/tests/PySys/smoketests/smoketest_json_400_samples_20ms/Output/linux/stdout.out
13:39:46 INFO  Contents of stdout.out: 
13:39:46 INFO    Publishing sawtooth with delay 10ms height 400 iterations 1 template flux will cause 400 publishs.
13:39:46 INFO    Iteraton: 0
13:39:46 INFO    Execution took 4 s 4102 ms
13:39:46 INFO    Publish rate: 10.255 ms/pub
13:39:46 INFO    Publish per second: 97.513 pub/s
13:39:46 INFO    Act: Publishing values with temperature_publisher
13:39:46 INFO    Waiting 3s for values to arrive in C8y
13:39:46 INFO    Assert: Retrieving data via REST interface
13:39:46 INFO    Gathering values from 2022-02-24 13:39:26+00:00 to 2022-02-24 13:39:46+00:00
13:39:46 INFO    Found 0 recorded values:
13:39:46 INFO    Retrieved values:
13:39:46 INFO    Expected:  0.0  ...  399.0
13:39:46 INFO    Data verification FAILED
13:39:46 INFO    -----
13:39:46 INFO  
13:39:46 WARN  python3&lt;stdout&gt; returned non-zero exit code 1 ... blocked 
13:39:46 WARN  Aborted test due to BLOCKED outcome
13:39:46 DEBUG --- test cleanup
13:39:46 INFO  
13:39:46 INFO  cleanup:
13:39:46 DEBUG Running registered cleanup function: &lt;bound method Environment_roundtrip_c8y.myenvroundtripcleanup of &lt;SmoketestJson400Samples20ms object at 0x75fa9830&gt;&gt;
13:39:46 DEBUG C8y Roundtrip MyCleanup
13:39:46 DEBUG Running registered cleanup function: &lt;bound method EnvironmentC8y.myenvcleanup of &lt;SmoketestJson400Samples20ms object at 0x75fa9830&gt;&gt;
13:39:46 DEBUG EnvironmentC8y Cleanup
13:39:46 DEBUG Process parameters for sudo&lt;tedge_disconnect_c8y&gt;
  command line : /usr/bin/sudo /usr/bin/tedge disconnect c8y
    arg #1     : /usr/bin/tedge
    arg #2     : disconnect
    arg #3     : c8y
  working dir  : /home/pi/actions-runner/_work/thin-edge.io/thin-edge.io/tests/PySys/smoketests/smoketest_json_400_samples_20ms/Output/linux
  stdout       : /home/pi/actions-runner/_work/thin-edge.io/thin-edge.io/tests/PySys/smoketests/smoketest_json_400_samples_20ms/Output/linux/tedge_disconnect_c8y.out
  stderr       : /home/pi/actions-runner/_work/thin-edge.io/thin-edge.io/tests/PySys/smoketests/smoketest_json_400_samples_20ms/Output/linux/tedge_disconnect_c8y.err
  environment  : LD_LIBRARY_PATH=/usr/lib
  environment  : PATH=/bin:/usr/bin:/usr/sbin:/usr/local/bin
                   #1  /bin
                   #2  /usr/bin
                   #3  /usr/sbin
                   #4  /usr/local/bin
13:39:46 DEBUG Waiting up to 600 secs for process sudo&lt;tedge_disconnect_c8y&gt; (pid 21592)
13:39:48 INFO  Executed sudo&lt;tedge_disconnect_c8y&gt;, exit status 0
13:39:48 DEBUG Process parameters for systemctl&lt;serv_mapper5&gt;
  command line : /usr/bin/systemctl status tedge-mapper-c8y
    arg #1     : status
    arg #2     : tedge-mapper-c8y
  working dir  : /home/pi/actions-runner/_work/thin-edge.io/thin-edge.io/tests/PySys/smoketests/smoketest_json_400_samples_20ms/Output/linux
  stdout       : /home/pi/actions-runner/_work/thin-edge.io/thin-edge.io/tests/PySys/smoketests/smoketest_json_400_samples_20ms/Output/linux/serv_mapper5.out
  stderr       : /home/pi/actions-runner/_work/thin-edge.io/thin-edge.io/tests/PySys/smoketests/smoketest_json_400_samples_20ms/Output/linux/serv_mapper5.err
  environment  : LD_LIBRARY_PATH=/usr/lib
  environment  : PATH=/bin:/usr/bin:/usr/sbin:/usr/local/bin
                   #1  /bin
                   #2  /usr/bin
                   #3  /usr/sbin
                   #4  /usr/local/bin
13:39:48 DEBUG Waiting up to 600 secs for process systemctl&lt;serv_mapper5&gt; (pid 21632)
13:39:49 INFO  Executed systemctl&lt;serv_mapper5&gt;, exit status 3
13:39:49 DEBUG ProcessUser cleanup function done.
13:39:49 INFO  
13:39:49 INFO  Test duration: 51.21 secs
13:39:49 INFO  Test final outcome:  BLOCKED
13:39:49 INFO  Test outcome reason: python3&lt;stdout&gt; returned non-zero exit code 1
13:39:49 INFO  
</system-out>
	</testcase>
</testsuite>
