<?xml version="1.0" encoding="utf-8"?>
<testsuite failures="0" name="smoketest_smartrest" skipped="0" tests="1" time="42.25" timestamp="2022-03-15T17:49:20">
	<testcase classname="SmoketestSmartRest" name="smoketest_smartrest"/>
</testsuite>
