<?xml version="1.0" encoding="utf-8"?>
<testsuite failures="0" name="SoftwareManagement.sm_apt_install_remove" skipped="1" tests="1" time="0.01" timestamp="2022-03-28T17:59:08">
	<testcase classname="PySysTest" name="SoftwareManagement.sm_apt_install_remove">
		<skipped message="SKIPPED: Testing the apt plugin is not supported on this platform.Use parameter -XmyPlatform='container' to enable it"/>
		<system-out>17:59:08 DEBUG deletedir failed to update permissions and delete /home/pi/actions-runner/_work/thin-edge.io/thin-edge.io/tests/PySys/software_management_end_to_end/sm_apt_install_remove/Output/linux on this attempt: [Errno 2] No such file or directory: '/home/pi/actions-runner/_work/thin-edge.io/thin-edge.io/tests/PySys/software_management_end_to_end/sm_apt_install_remove/Output/linux'
17:59:08 INFO  ==============================================================
17:59:08 INFO  Id:    SoftwareManagement.sm_apt_install_remove
17:59:08 INFO  Dir:   software_management_end_to_end/
17:59:08 INFO  Title: Validate end to end behaviour for the apt plugin for installation and removal of packages
17:59:08 DEBUG Execution order hint: 0.0
17:59:08 INFO  ==============================================================
17:59:08 INFO  Testing the apt plugin is not supported on this platform.Use parameter -XmyPlatform='container' to enable it ... skipped
17:59:08 WARN  Aborted test due to SKIPPED outcome
17:59:08 DEBUG --- test cleanup
17:59:08 DEBUG ProcessUser cleanup function done.
17:59:08 INFO  
17:59:08 INFO  Test duration: 0.01 secs
17:59:08 INFO  Test final outcome:  SKIPPED
17:59:08 INFO  Test outcome reason: Testing the apt plugin is not supported on this platform.Use parameter -XmyPlatform='container' to enable it
17:59:08 INFO  
</system-out>
	</testcase>
</testsuite>
