<?xml version="1.0" encoding="utf-8"?>
<testsuite failures="1" name="tedge_agent_user_sudo_access" skipped="0" tests="1" time="1.09" timestamp="2022-02-22T10:44:46">
	<testcase classname="TedgeAgentUserSudoAccess" name="tedge_agent_user_sudo_access">
		<failure message="BLOCKED: sudo&lt;apt&gt; returned exit code 2 (expected ==1)" type="BLOCKED"/>
		<system-out>10:44:45 INFO  ==============================================================
10:44:45 INFO  Id:    tedge_agent_user_sudo_access
10:44:45 INFO  Dir:   tedge/
10:44:45 INFO  Title: Validate tedge-agent user has a limited sudo right
10:44:45 DEBUG Execution order hint: 0.0
10:44:45 INFO  ==============================================================
10:44:45 INFO  Copy apt plugin 'deb'
10:44:45 DEBUG Process parameters for sudo&lt;copy_apt_plugin&gt;
  command line : /usr/bin/sudo cp /etc/tedge/sm-plugins/apt /etc/tedge/sm-plugins/deb
    arg #1     : cp
    arg #2     : /etc/tedge/sm-plugins/apt
    arg #3     : /etc/tedge/sm-plugins/deb
  working dir  : /home/pi/actions-runner/_work/thin-edge.io/thin-edge.io/tests/PySys/tedge/tedge_agent_user_sudo_access/Output/linux
  stdout       : /home/pi/actions-runner/_work/thin-edge.io/thin-edge.io/tests/PySys/tedge/tedge_agent_user_sudo_access/Output/linux/copy_apt_plugin.out
  stderr       : /home/pi/actions-runner/_work/thin-edge.io/thin-edge.io/tests/PySys/tedge/tedge_agent_user_sudo_access/Output/linux/copy_apt_plugin.err
  environment  : LD_LIBRARY_PATH=/usr/lib
  environment  : PATH=/bin:/usr/bin:/usr/sbin:/usr/local/bin
                   #1  /bin
                   #2  /usr/bin
                   #3  /usr/sbin
                   #4  /usr/local/bin
10:44:45 DEBUG Waiting up to 600 secs for process sudo&lt;copy_apt_plugin&gt; (pid 31055)
10:44:46 INFO  Executed sudo&lt;copy_apt_plugin&gt;, exit status 0
10:44:46 DEBUG --- test execute
10:44:46 DEBUG Process parameters for sudo&lt;apt&gt;
  command line : /usr/bin/sudo -u tedge-agent /usr/bin/sudo /etc/tedge/sm-plugins/apt
    arg #1     : -u
    arg #2     : tedge-agent
    arg #3     : /usr/bin/sudo
    arg #4     : /etc/tedge/sm-plugins/apt
  working dir  : /home/pi/actions-runner/_work/thin-edge.io/thin-edge.io/tests/PySys/tedge/tedge_agent_user_sudo_access/Output/linux
  stdout       : /home/pi/actions-runner/_work/thin-edge.io/thin-edge.io/tests/PySys/tedge/tedge_agent_user_sudo_access/Output/linux/apt.out
  stderr       : /home/pi/actions-runner/_work/thin-edge.io/thin-edge.io/tests/PySys/tedge/tedge_agent_user_sudo_access/Output/linux/apt.err
  environment  : LD_LIBRARY_PATH=/usr/lib
  environment  : PATH=/bin:/usr/bin:/usr/sbin:/usr/local/bin
                   #1  /bin
                   #2  /usr/bin
                   #3  /usr/sbin
                   #4  /usr/local/bin
10:44:46 DEBUG Waiting up to 600 secs for process sudo&lt;apt&gt; (pid 31057)
10:44:46 WARN  Executed sudo&lt;apt&gt;, exit status 2
10:44:46 DEBUG Opening file using encoding=UTF-8: /home/pi/actions-runner/_work/thin-edge.io/thin-edge.io/tests/PySys/tedge/tedge_agent_user_sudo_access/Output/linux/apt.err
10:44:46 INFO  Contents of apt.err: 
10:44:46 INFO    tedge_apt_plugin
10:44:46 INFO    USAGE:
10:44:46 INFO        apt &lt;SUBCOMMAND&gt;
10:44:46 INFO    OPTIONS:
10:44:46 INFO        -h, --help    Print help information
10:44:46 INFO    SUBCOMMANDS:
10:44:46 INFO        finalize       Finalize a sequences of install/remove commands
10:44:46 INFO        help           Print this message or the help of the given subcommand(s)
10:44:46 INFO        install        Install a module
10:44:46 INFO        list           List all the installed modules
10:44:46 INFO        prepare        Prepare a sequences of install/remove commands
10:44:46 INFO        remove         Uninstall a module
10:44:46 INFO        update-list    Install or remove multiple modules at once
10:44:46 INFO    -----
10:44:46 INFO  
10:44:46 WARN  sudo&lt;apt&gt; returned exit code 2 (expected ==1) ... blocked [run.py:35]
10:44:46 WARN  Aborted test due to BLOCKED outcome
10:44:46 DEBUG --- test cleanup
10:44:46 INFO  
10:44:46 INFO  cleanup:
10:44:46 DEBUG Running registered cleanup function: &lt;bound method TedgeAgentUserSudoAccess.mycleanup of &lt;TedgeAgentUserSudoAccess object at 0x75c1f730&gt;&gt;
10:44:46 INFO  Remove the copied apt 'deb' plugin
10:44:46 DEBUG Process parameters for sudo&lt;remove_copied_apt_plugin&gt;
  command line : /usr/bin/sudo rm /etc/tedge/sm-plugins/deb
    arg #1     : rm
    arg #2     : /etc/tedge/sm-plugins/deb
  working dir  : /home/pi/actions-runner/_work/thin-edge.io/thin-edge.io/tests/PySys/tedge/tedge_agent_user_sudo_access/Output/linux
  stdout       : /home/pi/actions-runner/_work/thin-edge.io/thin-edge.io/tests/PySys/tedge/tedge_agent_user_sudo_access/Output/linux/remove_copied_apt_plugin.out
  stderr       : /home/pi/actions-runner/_work/thin-edge.io/thin-edge.io/tests/PySys/tedge/tedge_agent_user_sudo_access/Output/linux/remove_copied_apt_plugin.err
  environment  : LD_LIBRARY_PATH=/usr/lib
  environment  : PATH=/bin:/usr/bin:/usr/sbin:/usr/local/bin
                   #1  /bin
                   #2  /usr/bin
                   #3  /usr/sbin
                   #4  /usr/local/bin
10:44:46 DEBUG Waiting up to 600 secs for process sudo&lt;remove_copied_apt_plugin&gt; (pid 31060)
10:44:46 INFO  Executed sudo&lt;remove_copied_apt_plugin&gt;, exit status 0
10:44:46 DEBUG ProcessUser cleanup function done.
10:44:46 INFO  
10:44:46 INFO  Test duration: 1.09 secs
10:44:46 INFO  Test final outcome:  BLOCKED
10:44:46 INFO  Test outcome reason: sudo&lt;apt&gt; returned exit code 2 (expected ==1)
10:44:46 INFO  
</system-out>
	</testcase>
</testsuite>
