<?xml version="1.0" encoding="utf-8"?>
<testsuite failures="1" name="smoketest_json" skipped="0" tests="1" time="38.92" timestamp="2022-03-02T08:46:23">
	<testcase classname="SmokeTestJson" name="smoketest_json">
		<failure message="BLOCKED: python3&lt;stdout&gt; returned non-zero exit code 1" type="BLOCKED"/>
		<system-out>08:45:44 INFO  ==============================================================
08:45:44 INFO  Id:    smoketest_json
08:45:44 INFO  Dir:   smoketests/
08:45:44 INFO  Title: Smoke Test Json
08:45:44 DEBUG Execution order hint: 0.0
08:45:44 INFO  ==============================================================
08:45:44 DEBUG EnvironmentC8y Setup
08:45:44 INFO  EnvironmentC8y Setup
08:45:44 DEBUG Process parameters for systemctl&lt;serv_mapper1&gt;
  command line : /usr/bin/systemctl status tedge-mapper-c8y
    arg #1     : status
    arg #2     : tedge-mapper-c8y
  working dir  : /home/pi/actions-runner/_work/thin-edge.io/thin-edge.io/tests/PySys/smoketests/smoketest_json/Output/linux
  stdout       : /home/pi/actions-runner/_work/thin-edge.io/thin-edge.io/tests/PySys/smoketests/smoketest_json/Output/linux/serv_mapper1.out
  stderr       : /home/pi/actions-runner/_work/thin-edge.io/thin-edge.io/tests/PySys/smoketests/smoketest_json/Output/linux/serv_mapper1.err
  environment  : LD_LIBRARY_PATH=/usr/lib
  environment  : PATH=/bin:/usr/bin:/usr/sbin:/usr/local/bin
                   #1  /bin
                   #2  /usr/bin
                   #3  /usr/sbin
                   #4  /usr/local/bin
08:45:44 DEBUG Waiting up to 600 secs for process systemctl&lt;serv_mapper1&gt; (pid 12906)
08:45:45 INFO  Executed systemctl&lt;serv_mapper1&gt;, exit status 3
08:45:45 INFO  Restarting mosquitto too frequently in the last 10 seconds. It was only up for 3 seconds
08:45:45 INFO  Delaying execution by 8 seconds
08:45:53 DEBUG Process parameters for sudo&lt;tedge_connect_c8y&gt;
  command line : /usr/bin/sudo /usr/bin/tedge connect c8y
    arg #1     : /usr/bin/tedge
    arg #2     : connect
    arg #3     : c8y
  working dir  : /home/pi/actions-runner/_work/thin-edge.io/thin-edge.io/tests/PySys/smoketests/smoketest_json/Output/linux
  stdout       : /home/pi/actions-runner/_work/thin-edge.io/thin-edge.io/tests/PySys/smoketests/smoketest_json/Output/linux/tedge_connect_c8y.out
  stderr       : /home/pi/actions-runner/_work/thin-edge.io/thin-edge.io/tests/PySys/smoketests/smoketest_json/Output/linux/tedge_connect_c8y.err
  environment  : LD_LIBRARY_PATH=/usr/lib
  environment  : PATH=/bin:/usr/bin:/usr/sbin:/usr/local/bin
                   #1  /bin
                   #2  /usr/bin
                   #3  /usr/sbin
                   #4  /usr/local/bin
08:45:53 DEBUG Waiting up to 600 secs for process sudo&lt;tedge_connect_c8y&gt; (pid 12910)
08:46:03 INFO  Executed sudo&lt;tedge_connect_c8y&gt;, exit status 0
08:46:03 DEBUG Process parameters for sudo&lt;tedge_connect_c8y_test&gt;
  command line : /usr/bin/sudo /usr/bin/tedge connect c8y --test
    arg #1     : /usr/bin/tedge
    arg #2     : connect
    arg #3     : c8y
    arg #4     : --test
  working dir  : /home/pi/actions-runner/_work/thin-edge.io/thin-edge.io/tests/PySys/smoketests/smoketest_json/Output/linux
  stdout       : /home/pi/actions-runner/_work/thin-edge.io/thin-edge.io/tests/PySys/smoketests/smoketest_json/Output/linux/tedge_connect_c8y_test.out
  stderr       : /home/pi/actions-runner/_work/thin-edge.io/thin-edge.io/tests/PySys/smoketests/smoketest_json/Output/linux/tedge_connect_c8y_test.err
  environment  : LD_LIBRARY_PATH=/usr/lib
  environment  : PATH=/bin:/usr/bin:/usr/sbin:/usr/local/bin
                   #1  /bin
                   #2  /usr/bin
                   #3  /usr/sbin
                   #4  /usr/local/bin
08:46:03 DEBUG Waiting up to 600 secs for process sudo&lt;tedge_connect_c8y_test&gt; (pid 13020)
08:46:03 INFO  Executed sudo&lt;tedge_connect_c8y_test&gt;, exit status 0
08:46:03 DEBUG Process parameters for systemctl&lt;serv_mosq2&gt;
  command line : /usr/bin/systemctl status mosquitto
    arg #1     : status
    arg #2     : mosquitto
  working dir  : /home/pi/actions-runner/_work/thin-edge.io/thin-edge.io/tests/PySys/smoketests/smoketest_json/Output/linux
  stdout       : /home/pi/actions-runner/_work/thin-edge.io/thin-edge.io/tests/PySys/smoketests/smoketest_json/Output/linux/serv_mosq2.out
  stderr       : /home/pi/actions-runner/_work/thin-edge.io/thin-edge.io/tests/PySys/smoketests/smoketest_json/Output/linux/serv_mosq2.err
  environment  : LD_LIBRARY_PATH=/usr/lib
  environment  : PATH=/bin:/usr/bin:/usr/sbin:/usr/local/bin
                   #1  /bin
                   #2  /usr/bin
                   #3  /usr/sbin
                   #4  /usr/local/bin
08:46:03 DEBUG Waiting up to 600 secs for process systemctl&lt;serv_mosq2&gt; (pid 13028)
08:46:04 INFO  Executed systemctl&lt;serv_mosq2&gt;, exit status 0
08:46:04 DEBUG Process parameters for systemctl&lt;serv_mapper3&gt;
  command line : /usr/bin/systemctl status tedge-mapper-c8y
    arg #1     : status
    arg #2     : tedge-mapper-c8y
  working dir  : /home/pi/actions-runner/_work/thin-edge.io/thin-edge.io/tests/PySys/smoketests/smoketest_json/Output/linux
  stdout       : /home/pi/actions-runner/_work/thin-edge.io/thin-edge.io/tests/PySys/smoketests/smoketest_json/Output/linux/serv_mapper3.out
  stderr       : /home/pi/actions-runner/_work/thin-edge.io/thin-edge.io/tests/PySys/smoketests/smoketest_json/Output/linux/serv_mapper3.err
  environment  : LD_LIBRARY_PATH=/usr/lib
  environment  : PATH=/bin:/usr/bin:/usr/sbin:/usr/local/bin
                   #1  /bin
                   #2  /usr/bin
                   #3  /usr/sbin
                   #4  /usr/local/bin
08:46:04 DEBUG Waiting up to 600 secs for process systemctl&lt;serv_mapper3&gt; (pid 13029)
08:46:04 INFO  Executed systemctl&lt;serv_mapper3&gt;, exit status 0
08:46:04 DEBUG C8y Roundtrip Setup
08:46:04 DEBUG --- test execute
08:46:04 DEBUG EnvironmentC8y Execute
08:46:04 DEBUG C8y Roundtrip Execute
08:46:14 DEBUG Process parameters for python3&lt;stdout&gt;
  command line : /home/pi/env-pysys/bin/python3 /home/pi/actions-runner/_work/thin-edge.io/thin-edge.io/ci/roundtrip_local_to_c8y.py -m JSON -pub /home/pi/examples -u octocat -t t493319102 -id 14255019 -o 10 -d 100 -s 20
    arg #1     : /home/pi/actions-runner/_work/thin-edge.io/thin-edge.io/ci/roundtrip_local_to_c8y.py
    arg #2     : -m
    arg #3     : JSON
    arg #4     : -pub
    arg #5     : /home/pi/examples
    arg #6     : -u
    arg #7     : octocat
    arg #8     : -t
    arg #9     : t493319102
    arg #10    : -id
    arg #11    : 14255019
    arg #12    : -o
    arg #13    : 10
    arg #14    : -d
    arg #15    : 100
    arg #16    : -s
    arg #17    : 20
  working dir  : /home/pi/actions-runner/_work/thin-edge.io/thin-edge.io/tests/PySys/smoketests/smoketest_json/Output/linux
  stdout       : /home/pi/actions-runner/_work/thin-edge.io/thin-edge.io/tests/PySys/smoketests/smoketest_json/Output/linux/stdout.out
  stderr       : /home/pi/actions-runner/_work/thin-edge.io/thin-edge.io/tests/PySys/smoketests/smoketest_json/Output/linux/stdout.err
  environment  : C8YPASS=CsiqG9s25z//
08:46:14 DEBUG Waiting up to 600 secs for process python3&lt;stdout&gt; (pid 13031)
08:46:20 WARN  Executed python3&lt;stdout&gt;, exit status 1
08:46:20 DEBUG Opening file using encoding=UTF-8: /home/pi/actions-runner/_work/thin-edge.io/thin-edge.io/tests/PySys/smoketests/smoketest_json/Output/linux/stdout.err
08:46:20 DEBUG Opening file using encoding=UTF-8: /home/pi/actions-runner/_work/thin-edge.io/thin-edge.io/tests/PySys/smoketests/smoketest_json/Output/linux/stdout.out
08:46:20 INFO  Contents of stdout.out: 
08:46:20 INFO    Publishing sawtooth with delay 100ms height 20 iterations 1 template flux will cause 20 publishs.
08:46:20 INFO    Iteraton: 0
08:46:20 INFO    Execution took 2 s 2005 ms
08:46:20 INFO    Publish rate: 100.250 ms/pub
08:46:20 INFO    Publish per second: 9.975 pub/s
08:46:20 INFO    Act: Publishing values with temperature_publisher
08:46:20 INFO    Waiting 3s for values to arrive in C8y
08:46:20 INFO    Assert: Retrieving data via REST interface
08:46:20 INFO    Gathering values from 2022-03-02 08:46:10+00:00 to 2022-03-02 08:46:20+00:00
08:46:20 INFO    Found 0 recorded values:
08:46:20 INFO    Retrieved values:
08:46:20 INFO    Expected:  0.0  ...  19.0
08:46:20 INFO    Data verification FAILED
08:46:20 INFO    -----
08:46:20 INFO  
08:46:20 WARN  python3&lt;stdout&gt; returned non-zero exit code 1 ... blocked 
08:46:20 WARN  Aborted test due to BLOCKED outcome
08:46:20 DEBUG --- test cleanup
08:46:20 INFO  
08:46:20 INFO  cleanup:
08:46:20 DEBUG Running registered cleanup function: &lt;bound method Environment_roundtrip_c8y.myenvroundtripcleanup of &lt;SmokeTestJson object at 0x75d41f30&gt;&gt;
08:46:20 DEBUG C8y Roundtrip MyCleanup
08:46:20 DEBUG Running registered cleanup function: &lt;bound method EnvironmentC8y.myenvcleanup of &lt;SmokeTestJson object at 0x75d41f30&gt;&gt;
08:46:20 DEBUG EnvironmentC8y Cleanup
08:46:21 DEBUG Process parameters for sudo&lt;tedge_disconnect_c8y&gt;
  command line : /usr/bin/sudo /usr/bin/tedge disconnect c8y
    arg #1     : /usr/bin/tedge
    arg #2     : disconnect
    arg #3     : c8y
  working dir  : /home/pi/actions-runner/_work/thin-edge.io/thin-edge.io/tests/PySys/smoketests/smoketest_json/Output/linux
  stdout       : /home/pi/actions-runner/_work/thin-edge.io/thin-edge.io/tests/PySys/smoketests/smoketest_json/Output/linux/tedge_disconnect_c8y.out
  stderr       : /home/pi/actions-runner/_work/thin-edge.io/thin-edge.io/tests/PySys/smoketests/smoketest_json/Output/linux/tedge_disconnect_c8y.err
  environment  : LD_LIBRARY_PATH=/usr/lib
  environment  : PATH=/bin:/usr/bin:/usr/sbin:/usr/local/bin
                   #1  /bin
                   #2  /usr/bin
                   #3  /usr/sbin
                   #4  /usr/local/bin
08:46:21 DEBUG Waiting up to 600 secs for process sudo&lt;tedge_disconnect_c8y&gt; (pid 13040)
08:46:23 INFO  Executed sudo&lt;tedge_disconnect_c8y&gt;, exit status 0
08:46:23 DEBUG Process parameters for systemctl&lt;serv_mapper5&gt;
  command line : /usr/bin/systemctl status tedge-mapper-c8y
    arg #1     : status
    arg #2     : tedge-mapper-c8y
  working dir  : /home/pi/actions-runner/_work/thin-edge.io/thin-edge.io/tests/PySys/smoketests/smoketest_json/Output/linux
  stdout       : /home/pi/actions-runner/_work/thin-edge.io/thin-edge.io/tests/PySys/smoketests/smoketest_json/Output/linux/serv_mapper5.out
  stderr       : /home/pi/actions-runner/_work/thin-edge.io/thin-edge.io/tests/PySys/smoketests/smoketest_json/Output/linux/serv_mapper5.err
  environment  : LD_LIBRARY_PATH=/usr/lib
  environment  : PATH=/bin:/usr/bin:/usr/sbin:/usr/local/bin
                   #1  /bin
                   #2  /usr/bin
                   #3  /usr/sbin
                   #4  /usr/local/bin
08:46:23 DEBUG Waiting up to 600 secs for process systemctl&lt;serv_mapper5&gt; (pid 13080)
08:46:23 INFO  Executed systemctl&lt;serv_mapper5&gt;, exit status 3
08:46:23 DEBUG ProcessUser cleanup function done.
08:46:23 INFO  
08:46:23 INFO  Test duration: 38.92 secs
08:46:23 INFO  Test final outcome:  BLOCKED
08:46:23 INFO  Test outcome reason: python3&lt;stdout&gt; returned non-zero exit code 1
08:46:23 INFO  
</system-out>
	</testcase>
</testsuite>
