<?xml version="1.0" encoding="utf-8"?>
<testsuite failures="0" name="pysys_block" skipped="1" tests="1" time="0.01" timestamp="2022-03-22T13:45:42">
	<testcase classname="Fail" name="pysys_block">
		<skipped message="SKIPPED: Enable this to observe a blocking test"/>
		<system-out>13:45:42 DEBUG deletedir failed to update permissions and delete /home/pi/actions-runner/_work/thin-edge.io/thin-edge.io/tests/PySys/misc_features/pysys_block/Output/linux on this attempt: [Errno 2] No such file or directory: '/home/pi/actions-runner/_work/thin-edge.io/thin-edge.io/tests/PySys/misc_features/pysys_block/Output/linux'
13:45:42 INFO  ==============================================================
13:45:42 INFO  Id:    pysys_block
13:45:42 INFO  Dir:   misc_features/
13:45:42 INFO  Title: fail
13:45:42 DEBUG Execution order hint: 0.0
13:45:42 INFO  ==============================================================
13:45:42 INFO  Enable this to observe a blocking test ... skipped
13:45:42 DEBUG --- test cleanup
13:45:42 DEBUG ProcessUser cleanup function done.
13:45:42 INFO  
13:45:42 INFO  Test duration: 0.01 secs
13:45:42 INFO  Test final outcome:  SKIPPED
13:45:42 INFO  Test outcome reason: Enable this to observe a blocking test
13:45:42 INFO  
</system-out>
	</testcase>
</testsuite>
