<?xml version="1.0" encoding="utf-8"?>
<testsuite failures="0" name="tedge_mapper_az_with_timestamp" skipped="0" tests="1" time="1.54" timestamp="2022-02-15T15:48:23">
	<testcase classname="TedgeMapperAzWithTimestamp" name="tedge_mapper_az_with_timestamp"/>
</testsuite>
