<?xml version="1.0" encoding="utf-8"?>
<testsuite failures="1" name="SoftwareManagement.sm_apt_install_fail" skipped="0" tests="1" time="165.95" timestamp="2022-04-14T07:08:33">
	<testcase classname="PySysTest" name="SoftwareManagement.sm_apt_install_fail">
		<failure message="BLOCKED: SystemError: Timeout while waiting for status FAILED or SUCCESSFUL" type="BLOCKED"/>
		<system-out>07:05:47 INFO  ==============================================================
07:05:47 INFO  Id:    SoftwareManagement.sm_apt_install_fail
07:05:47 INFO  Dir:   software_management_end_to_end/
07:05:47 INFO  Title: Validate end to end behaviour for a failing installation
07:05:47 INFO  ==============================================================
07:05:47 INFO  Using sw id database: {'asciijump': '5475369', 'robotfindskitten': '5474869', 'squirrel3': '5475279', 'rolldice': '5152439', 'moon-buggy': '5439204', 'apple': '5495053', 'banana': '5494888', 'cherry': '5495382', 'watermelon': '5494510', 'registry': '8018911', 'hello-world': '8021526', 'docker/getting-started': '8021973', 'alpine': '7991792'}
07:05:47 INFO  EnvironmentC8y Setup
07:05:48 INFO  Executed systemctl&lt;serv_mapper1&gt;, exit status 3
07:05:48 INFO  Restarting mosquitto too frequently in the last 10 seconds. It was only up for 5 seconds
07:05:48 INFO  Delaying execution by 6 seconds
07:06:09 INFO  Executed sudo&lt;tedge_connect_c8y&gt;, exit status 0, duration 14 secs
07:06:09 INFO  Executed sudo&lt;tedge_connect_c8y_test&gt;, exit status 0
07:06:10 INFO  Executed systemctl&lt;serv_mosq2&gt;, exit status 0
07:06:10 INFO  Executed systemctl&lt;serv_mapper3&gt;, exit status 0
07:06:13 INFO  State of current operation: PENDING
07:06:15 INFO  State of current operation: PENDING
07:06:17 INFO  State of current operation: PENDING
07:06:19 INFO  State of current operation: PENDING
07:06:22 INFO  State of current operation: PENDING
07:06:24 INFO  State of current operation: PENDING
07:06:26 INFO  State of current operation: PENDING
07:06:28 INFO  State of current operation: PENDING
07:06:30 INFO  State of current operation: PENDING
07:06:33 INFO  State of current operation: PENDING
07:06:35 INFO  State of current operation: PENDING
07:06:37 INFO  State of current operation: PENDING
07:06:40 INFO  State of current operation: PENDING
07:06:42 INFO  State of current operation: PENDING
07:06:44 INFO  State of current operation: PENDING
07:06:46 INFO  State of current operation: PENDING
07:06:48 INFO  State of current operation: PENDING
07:06:51 INFO  State of current operation: PENDING
07:06:53 INFO  State of current operation: PENDING
07:06:55 INFO  State of current operation: PENDING
07:06:57 INFO  State of current operation: PENDING
07:07:00 INFO  State of current operation: PENDING
07:07:02 INFO  State of current operation: PENDING
07:07:04 INFO  State of current operation: PENDING
07:07:06 INFO  State of current operation: PENDING
07:07:09 INFO  State of current operation: PENDING
07:07:11 INFO  State of current operation: PENDING
07:07:13 INFO  State of current operation: PENDING
07:07:15 INFO  State of current operation: PENDING
07:07:17 INFO  State of current operation: PENDING
07:07:20 INFO  State of current operation: PENDING
07:07:22 INFO  State of current operation: PENDING
07:07:24 INFO  State of current operation: PENDING
07:07:26 INFO  State of current operation: PENDING
07:07:29 INFO  State of current operation: PENDING
07:07:31 INFO  State of current operation: PENDING
07:07:33 INFO  State of current operation: PENDING
07:07:35 INFO  State of current operation: PENDING
07:07:37 INFO  State of current operation: PENDING
07:07:40 INFO  State of current operation: PENDING
07:07:42 INFO  State of current operation: PENDING
07:07:44 INFO  State of current operation: PENDING
07:07:46 INFO  State of current operation: PENDING
07:07:49 INFO  State of current operation: PENDING
07:07:51 INFO  State of current operation: PENDING
07:07:53 INFO  State of current operation: PENDING
07:07:55 INFO  State of current operation: PENDING
07:07:57 INFO  State of current operation: PENDING
07:08:00 INFO  State of current operation: PENDING
07:08:02 INFO  State of current operation: PENDING
07:08:04 INFO  State of current operation: PENDING
07:08:06 INFO  State of current operation: PENDING
07:08:09 INFO  State of current operation: PENDING
07:08:11 INFO  State of current operation: PENDING
07:08:13 INFO  State of current operation: PENDING
07:08:15 INFO  State of current operation: PENDING
07:08:18 INFO  State of current operation: PENDING
07:08:20 INFO  State of current operation: PENDING
07:08:22 INFO  State of current operation: PENDING
07:08:24 INFO  State of current operation: PENDING
07:08:26 INFO  State of current operation: PENDING
07:08:28 WARN  SystemError occurred while running test - Timeout while waiting for status FAILED or SUCCESSFUL
Traceback (most recent call last):
  File &quot;/home/pi/env-pysys/lib/python3.7/site-packages/pysys/baserunner.py&quot;, line 1292, in __call__
    self.testObj.setup()
  File &quot;/home/pi/actions-runner/_work/thin-edge.io/thin-edge.io/tests/PySys/software_management_end_to_end/sm_apt_install_fail/run.py&quot;, line 20, in setup
    super().setup()
  File &quot;/home/pi/actions-runner/_work/thin-edge.io/thin-edge.io/tests/PySys/software_management_end_to_end/environment_sm_management.py&quot;, line 151, in setup
    self.wait_until_end()
  File &quot;/home/pi/actions-runner/_work/thin-edge.io/thin-edge.io/tests/PySys/software_management_end_to_end/environment_sm_management.py&quot;, line 332, in wait_until_end
    self.wait_until_status(&quot;FAILED&quot;, &quot;SUCCESSFUL&quot;)
  File &quot;/home/pi/actions-runner/_work/thin-edge.io/thin-edge.io/tests/PySys/software_management_end_to_end/environment_sm_management.py&quot;, line 381, in wait_until_status
    &quot;Timeout while waiting for status %s or %s&quot; % (status, status2)
SystemError: Timeout while waiting for status FAILED or SUCCESSFUL
07:08:28 WARN  SystemError: Timeout while waiting for status FAILED or SUCCESSFUL ... blocked 
07:08:29 INFO  
07:08:29 INFO  cleanup:
07:08:33 INFO  Executed sudo&lt;tedge_disconnect_c8y&gt;, exit status 0
07:08:33 INFO  Executed systemctl&lt;serv_mapper5&gt;, exit status 3
07:08:33 INFO  
07:08:33 INFO  Test duration: 165.95 secs
07:08:33 INFO  Test final outcome:  BLOCKED
07:08:33 INFO  Test outcome reason: SystemError: Timeout while waiting for status FAILED or SUCCESSFUL
07:08:33 INFO  
</system-out>
	</testcase>
</testsuite>
