<?xml version="1.0" encoding="utf-8"?>
<testsuite failures="0" name="apt_install" skipped="0" tests="1" time="75.97" timestamp="2022-04-11T10:04:30">
	<testcase classname="AptPluginInstallDense" name="apt_install"/>
</testsuite>
