<?xml version="1.0" encoding="utf-8"?>
<testsuite failures="0" name="apt_prepare" skipped="0" tests="1" time="44.02" timestamp="2022-04-14T06:51:18">
	<testcase classname="AptPluginPrepare" name="apt_prepare"/>
</testsuite>
