<?xml version="1.0" encoding="utf-8"?>
<testsuite failures="1" name="SoftwareManagement.sm_apt_install_download_path" skipped="0" tests="1" time="189.92" timestamp="2022-04-14T07:05:47">
	<testcase classname="AptInstallWithDownloadPath" name="SoftwareManagement.sm_apt_install_download_path">
		<failure message="BLOCKED: SystemError: Timeout while waiting for status FAILED or SUCCESSFUL" type="BLOCKED"/>
		<system-out>07:02:37 INFO  ==============================================================
07:02:37 INFO  Id:    SoftwareManagement.sm_apt_install_download_path
07:02:37 INFO  Dir:   software_management_end_to_end/
07:02:37 INFO  Title: Install package to directory specified in tedge config set tmp.path
07:02:37 INFO  ==============================================================
07:02:38 INFO  Using sw id database: {'asciijump': '5475369', 'robotfindskitten': '5474869', 'squirrel3': '5475279', 'rolldice': '5152439', 'moon-buggy': '5439204', 'apple': '5495053', 'banana': '5494888', 'cherry': '5495382', 'watermelon': '5494510', 'registry': '8018911', 'hello-world': '8021526', 'docker/getting-started': '8021973', 'alpine': '7991792'}
07:02:38 INFO  EnvironmentC8y Setup
07:02:38 INFO  Executed systemctl&lt;serv_mapper1&gt;, exit status 3
07:02:53 INFO  Executed sudo&lt;tedge_connect_c8y&gt;, exit status 0, duration 14 secs
07:02:55 INFO  Executed sudo&lt;tedge_connect_c8y_test&gt;, exit status 0
07:02:56 INFO  Executed systemctl&lt;serv_mosq2&gt;, exit status 0
07:02:57 INFO  Executed systemctl&lt;serv_mapper3&gt;, exit status 0
07:02:59 INFO  State of current operation: PENDING
07:03:02 INFO  State of current operation: PENDING
07:03:04 INFO  State of current operation: PENDING
07:03:06 INFO  State of current operation: PENDING
07:03:08 INFO  State of current operation: PENDING
07:03:10 INFO  State of current operation: PENDING
07:03:13 INFO  State of current operation: PENDING
07:03:15 INFO  State of current operation: PENDING
07:03:17 INFO  State of current operation: PENDING
07:03:19 INFO  State of current operation: PENDING
07:03:22 INFO  State of current operation: PENDING
07:03:24 INFO  State of current operation: PENDING
07:03:26 INFO  State of current operation: PENDING
07:03:28 INFO  State of current operation: PENDING
07:03:30 INFO  State of current operation: PENDING
07:03:33 INFO  State of current operation: PENDING
07:03:35 INFO  State of current operation: PENDING
07:03:37 INFO  State of current operation: PENDING
07:03:39 INFO  State of current operation: PENDING
07:03:42 INFO  State of current operation: PENDING
07:03:44 INFO  State of current operation: PENDING
07:03:46 INFO  State of current operation: PENDING
07:03:48 INFO  State of current operation: PENDING
07:03:51 INFO  State of current operation: PENDING
07:03:53 INFO  State of current operation: PENDING
07:03:55 INFO  State of current operation: PENDING
07:03:57 INFO  State of current operation: PENDING
07:03:59 INFO  State of current operation: PENDING
07:04:02 INFO  State of current operation: PENDING
07:04:04 INFO  State of current operation: PENDING
07:04:06 INFO  State of current operation: PENDING
07:04:08 INFO  State of current operation: PENDING
07:04:10 INFO  State of current operation: PENDING
07:04:13 INFO  State of current operation: PENDING
07:04:15 INFO  State of current operation: PENDING
07:04:17 INFO  State of current operation: PENDING
07:04:19 INFO  State of current operation: PENDING
07:04:22 INFO  State of current operation: PENDING
07:04:24 INFO  State of current operation: PENDING
07:04:26 INFO  State of current operation: PENDING
07:04:28 INFO  State of current operation: PENDING
07:04:30 INFO  State of current operation: PENDING
07:04:33 INFO  State of current operation: PENDING
07:04:35 INFO  State of current operation: PENDING
07:04:37 INFO  State of current operation: PENDING
07:04:39 INFO  State of current operation: PENDING
07:04:42 INFO  State of current operation: PENDING
07:04:44 INFO  State of current operation: PENDING
07:04:46 INFO  State of current operation: PENDING
07:04:48 INFO  State of current operation: PENDING
07:04:50 INFO  State of current operation: PENDING
07:04:53 INFO  State of current operation: PENDING
07:04:55 INFO  State of current operation: PENDING
07:04:57 INFO  State of current operation: PENDING
07:04:59 INFO  State of current operation: PENDING
07:05:02 INFO  State of current operation: PENDING
07:05:04 INFO  State of current operation: PENDING
07:05:06 INFO  State of current operation: PENDING
07:05:08 INFO  State of current operation: PENDING
07:05:11 INFO  State of current operation: PENDING
07:05:13 INFO  State of current operation: PENDING
07:05:15 WARN  SystemError occurred while running test - Timeout while waiting for status FAILED or SUCCESSFUL
Traceback (most recent call last):
  File &quot;/home/pi/env-pysys/lib/python3.7/site-packages/pysys/baserunner.py&quot;, line 1292, in __call__
    self.testObj.setup()
  File &quot;/home/pi/actions-runner/_work/thin-edge.io/thin-edge.io/tests/PySys/software_management_end_to_end/sm_apt_install_download_path/run.py&quot;, line 48, in setup
    super().setup()
  File &quot;/home/pi/actions-runner/_work/thin-edge.io/thin-edge.io/tests/PySys/software_management_end_to_end/environment_sm_management.py&quot;, line 151, in setup
    self.wait_until_end()
  File &quot;/home/pi/actions-runner/_work/thin-edge.io/thin-edge.io/tests/PySys/software_management_end_to_end/environment_sm_management.py&quot;, line 332, in wait_until_end
    self.wait_until_status(&quot;FAILED&quot;, &quot;SUCCESSFUL&quot;)
  File &quot;/home/pi/actions-runner/_work/thin-edge.io/thin-edge.io/tests/PySys/software_management_end_to_end/environment_sm_management.py&quot;, line 381, in wait_until_status
    &quot;Timeout while waiting for status %s or %s&quot; % (status, status2)
SystemError: Timeout while waiting for status FAILED or SUCCESSFUL
07:05:16 WARN  SystemError: Timeout while waiting for status FAILED or SUCCESSFUL ... blocked 
07:05:16 INFO  
07:05:16 INFO  cleanup:
07:05:16 INFO  Executed sudo, exit status 0
07:05:17 INFO  Executed sudo, exit status 0
07:05:21 INFO  Executed sudo&lt;tedge_disconnect_c8y&gt;, exit status 0
07:05:21 INFO  Restarting mosquitto too frequently in the last 10 seconds. It was only up for 4 seconds
07:05:21 INFO  Delaying execution by 7 seconds
07:05:42 INFO  Executed sudo&lt;tedge_connect_c8y&gt;, exit status 0, duration 14 secs
07:05:47 INFO  Executed sudo&lt;tedge_disconnect_c8y&gt;, exit status 0
07:05:47 INFO  Executed systemctl&lt;serv_mapper5&gt;, exit status 3
07:05:47 INFO  
07:05:47 INFO  Test duration: 189.92 secs
07:05:47 INFO  Test final outcome:  BLOCKED
07:05:47 INFO  Test outcome reason: SystemError: Timeout while waiting for status FAILED or SUCCESSFUL
07:05:47 INFO  
</system-out>
	</testcase>
</testsuite>
