<?xml version="1.0" encoding="utf-8"?>
<testsuite failures="1" name="SoftwareManagement.sm_apt_install_remove_multiple_mixed" skipped="0" tests="1" time="165.71" timestamp="2022-04-14T07:19:35">
	<testcase classname="PySysTest" name="SoftwareManagement.sm_apt_install_remove_multiple_mixed">
		<failure message="BLOCKED: SystemError: Timeout while waiting for status FAILED or SUCCESSFUL" type="BLOCKED"/>
		<system-out>07:16:49 INFO  ==============================================================
07:16:49 INFO  Id:    SoftwareManagement.sm_apt_install_remove_multiple_mixed
07:16:49 INFO  Dir:   software_management_end_to_end/
07:16:49 INFO  Title: Validate end to end behaviour for the apt plugin for multiple packages with mixed versions
07:16:49 INFO  ==============================================================
07:16:49 INFO  Using sw id database: {'asciijump': '5475369', 'robotfindskitten': '5474869', 'squirrel3': '5475279', 'rolldice': '5152439', 'moon-buggy': '5439204', 'apple': '5495053', 'banana': '5494888', 'cherry': '5495382', 'watermelon': '5494510', 'registry': '8018911', 'hello-world': '8021526', 'docker/getting-started': '8021973', 'alpine': '7991792'}
07:16:49 INFO  EnvironmentC8y Setup
07:16:50 INFO  Executed systemctl&lt;serv_mapper1&gt;, exit status 3
07:16:50 INFO  Restarting mosquitto too frequently in the last 10 seconds. It was only up for 5 seconds
07:16:50 INFO  Delaying execution by 6 seconds
07:17:11 INFO  Executed sudo&lt;tedge_connect_c8y&gt;, exit status 0, duration 14 secs
07:17:11 INFO  Executed sudo&lt;tedge_connect_c8y_test&gt;, exit status 0
07:17:12 INFO  Executed systemctl&lt;serv_mosq2&gt;, exit status 0
07:17:12 INFO  Executed systemctl&lt;serv_mapper3&gt;, exit status 0
07:17:14 INFO  State of current operation: PENDING
07:17:17 INFO  State of current operation: PENDING
07:17:19 INFO  State of current operation: PENDING
07:17:21 INFO  State of current operation: PENDING
07:17:23 INFO  State of current operation: PENDING
07:17:26 INFO  State of current operation: PENDING
07:17:28 INFO  State of current operation: PENDING
07:17:30 INFO  State of current operation: PENDING
07:17:32 INFO  State of current operation: PENDING
07:17:34 INFO  State of current operation: PENDING
07:17:37 INFO  State of current operation: PENDING
07:17:39 INFO  State of current operation: PENDING
07:17:41 INFO  State of current operation: PENDING
07:17:43 INFO  State of current operation: PENDING
07:17:46 INFO  State of current operation: PENDING
07:17:48 INFO  State of current operation: PENDING
07:17:50 INFO  State of current operation: PENDING
07:17:52 INFO  State of current operation: PENDING
07:17:55 INFO  State of current operation: PENDING
07:17:57 INFO  State of current operation: PENDING
07:17:59 INFO  State of current operation: PENDING
07:18:01 INFO  State of current operation: PENDING
07:18:03 INFO  State of current operation: PENDING
07:18:06 INFO  State of current operation: PENDING
07:18:08 INFO  State of current operation: PENDING
07:18:10 INFO  State of current operation: PENDING
07:18:12 INFO  State of current operation: PENDING
07:18:15 INFO  State of current operation: PENDING
07:18:17 INFO  State of current operation: PENDING
07:18:19 INFO  State of current operation: PENDING
07:18:21 INFO  State of current operation: PENDING
07:18:24 INFO  State of current operation: PENDING
07:18:26 INFO  State of current operation: PENDING
07:18:28 INFO  State of current operation: PENDING
07:18:30 INFO  State of current operation: PENDING
07:18:32 INFO  State of current operation: PENDING
07:18:35 INFO  State of current operation: PENDING
07:18:37 INFO  State of current operation: PENDING
07:18:39 INFO  State of current operation: PENDING
07:18:41 INFO  State of current operation: PENDING
07:18:44 INFO  State of current operation: PENDING
07:18:46 INFO  State of current operation: PENDING
07:18:48 INFO  State of current operation: PENDING
07:18:50 INFO  State of current operation: PENDING
07:18:52 INFO  State of current operation: PENDING
07:18:55 INFO  State of current operation: PENDING
07:18:57 INFO  State of current operation: PENDING
07:18:59 INFO  State of current operation: PENDING
07:19:01 INFO  State of current operation: PENDING
07:19:04 INFO  State of current operation: PENDING
07:19:06 INFO  State of current operation: PENDING
07:19:08 INFO  State of current operation: PENDING
07:19:10 INFO  State of current operation: PENDING
07:19:13 INFO  State of current operation: PENDING
07:19:15 INFO  State of current operation: PENDING
07:19:17 INFO  State of current operation: PENDING
07:19:19 INFO  State of current operation: PENDING
07:19:21 INFO  State of current operation: PENDING
07:19:24 INFO  State of current operation: PENDING
07:19:26 INFO  State of current operation: PENDING
07:19:28 INFO  State of current operation: PENDING
07:19:30 WARN  SystemError occurred while running test - Timeout while waiting for status FAILED or SUCCESSFUL
Traceback (most recent call last):
  File &quot;/home/pi/env-pysys/lib/python3.7/site-packages/pysys/baserunner.py&quot;, line 1292, in __call__
    self.testObj.setup()
  File &quot;/home/pi/actions-runner/_work/thin-edge.io/thin-edge.io/tests/PySys/software_management_end_to_end/sm_apt_install_remove_multiple_mixed/run.py&quot;, line 73, in setup
    super().setup()
  File &quot;/home/pi/actions-runner/_work/thin-edge.io/thin-edge.io/tests/PySys/software_management_end_to_end/environment_sm_management.py&quot;, line 151, in setup
    self.wait_until_end()
  File &quot;/home/pi/actions-runner/_work/thin-edge.io/thin-edge.io/tests/PySys/software_management_end_to_end/environment_sm_management.py&quot;, line 332, in wait_until_end
    self.wait_until_status(&quot;FAILED&quot;, &quot;SUCCESSFUL&quot;)
  File &quot;/home/pi/actions-runner/_work/thin-edge.io/thin-edge.io/tests/PySys/software_management_end_to_end/environment_sm_management.py&quot;, line 381, in wait_until_status
    &quot;Timeout while waiting for status %s or %s&quot; % (status, status2)
SystemError: Timeout while waiting for status FAILED or SUCCESSFUL
07:19:30 WARN  SystemError: Timeout while waiting for status FAILED or SUCCESSFUL ... blocked 
07:19:30 INFO  
07:19:30 INFO  cleanup:
07:19:34 INFO  Executed sudo&lt;tedge_disconnect_c8y&gt;, exit status 0
07:19:35 INFO  Executed systemctl&lt;serv_mapper5&gt;, exit status 3
07:19:35 INFO  
07:19:35 INFO  Test duration: 165.71 secs
07:19:35 INFO  Test final outcome:  BLOCKED
07:19:35 INFO  Test outcome reason: SystemError: Timeout while waiting for status FAILED or SUCCESSFUL
07:19:35 INFO  
</system-out>
	</testcase>
</testsuite>
