<?xml version="1.0" encoding="utf-8"?>
<testsuite failures="1" name="SoftwareManagement.sm_apt_install_remove_multiple" skipped="0" tests="1" time="164.61" timestamp="2022-04-12T09:25:37">
	<testcase classname="PySysTest" name="SoftwareManagement.sm_apt_install_remove_multiple">
		<failure message="BLOCKED: SystemError: Timeout while waiting for status FAILED or SUCCESSFUL" type="BLOCKED"/>
		<system-out>09:22:52 INFO  ==============================================================
09:22:52 INFO  Id:    SoftwareManagement.sm_apt_install_remove_multiple
09:22:52 INFO  Dir:   software_management_end_to_end/
09:22:52 INFO  Title: Validate end to end behaviour for the apt plugin for multiple packages
09:22:52 INFO  ==============================================================
09:22:52 INFO  Using sw id database: {'asciijump': '5475369', 'robotfindskitten': '5474869', 'squirrel3': '5475279', 'rolldice': '5152439', 'moon-buggy': '5439204', 'apple': '5495053', 'banana': '5494888', 'cherry': '5495382', 'watermelon': '5494510', 'registry': '8018911', 'hello-world': '8021526', 'docker/getting-started': '8021973', 'alpine': '7991792'}
09:22:52 INFO  EnvironmentC8y Setup
09:22:53 INFO  Executed systemctl&lt;serv_mapper1&gt;, exit status 3
09:22:53 INFO  Restarting mosquitto too frequently in the last 10 seconds. It was only up for 5 seconds
09:22:53 INFO  Delaying execution by 6 seconds
09:23:13 INFO  Executed sudo&lt;tedge_connect_c8y&gt;, exit status 0, duration 13 secs
09:23:13 INFO  Executed sudo&lt;tedge_connect_c8y_test&gt;, exit status 0
09:23:14 INFO  Executed systemctl&lt;serv_mosq2&gt;, exit status 0
09:23:14 INFO  Executed systemctl&lt;serv_mapper3&gt;, exit status 0
09:23:17 INFO  State of current operation: PENDING
09:23:19 INFO  State of current operation: PENDING
09:23:21 INFO  State of current operation: PENDING
09:23:23 INFO  State of current operation: PENDING
09:23:25 INFO  State of current operation: PENDING
09:23:28 INFO  State of current operation: PENDING
09:23:30 INFO  State of current operation: PENDING
09:23:32 INFO  State of current operation: PENDING
09:23:34 INFO  State of current operation: PENDING
09:23:37 INFO  State of current operation: PENDING
09:23:39 INFO  State of current operation: PENDING
09:23:41 INFO  State of current operation: PENDING
09:23:43 INFO  State of current operation: PENDING
09:23:45 INFO  State of current operation: PENDING
09:23:48 INFO  State of current operation: PENDING
09:23:50 INFO  State of current operation: PENDING
09:23:52 INFO  State of current operation: PENDING
09:23:54 INFO  State of current operation: PENDING
09:23:57 INFO  State of current operation: PENDING
09:23:59 INFO  State of current operation: PENDING
09:24:01 INFO  State of current operation: PENDING
09:24:03 INFO  State of current operation: PENDING
09:24:05 INFO  State of current operation: PENDING
09:24:08 INFO  State of current operation: PENDING
09:24:10 INFO  State of current operation: PENDING
09:24:12 INFO  State of current operation: PENDING
09:24:14 INFO  State of current operation: PENDING
09:24:17 INFO  State of current operation: PENDING
09:24:19 INFO  State of current operation: PENDING
09:24:21 INFO  State of current operation: PENDING
09:24:23 INFO  State of current operation: PENDING
09:24:25 INFO  State of current operation: PENDING
09:24:28 INFO  State of current operation: PENDING
09:24:30 INFO  State of current operation: PENDING
09:24:32 INFO  State of current operation: PENDING
09:24:34 INFO  State of current operation: PENDING
09:24:37 INFO  State of current operation: PENDING
09:24:39 INFO  State of current operation: PENDING
09:24:41 INFO  State of current operation: PENDING
09:24:43 INFO  State of current operation: PENDING
09:24:45 INFO  State of current operation: PENDING
09:24:48 INFO  State of current operation: PENDING
09:24:50 INFO  State of current operation: PENDING
09:24:52 INFO  State of current operation: PENDING
09:24:54 INFO  State of current operation: PENDING
09:24:57 INFO  State of current operation: PENDING
09:24:59 INFO  State of current operation: PENDING
09:25:01 INFO  State of current operation: PENDING
09:25:03 INFO  State of current operation: PENDING
09:25:05 INFO  State of current operation: PENDING
09:25:08 INFO  State of current operation: PENDING
09:25:10 INFO  State of current operation: PENDING
09:25:12 INFO  State of current operation: PENDING
09:25:14 INFO  State of current operation: PENDING
09:25:17 INFO  State of current operation: PENDING
09:25:19 INFO  State of current operation: PENDING
09:25:21 INFO  State of current operation: PENDING
09:25:23 INFO  State of current operation: PENDING
09:25:25 INFO  State of current operation: PENDING
09:25:28 INFO  State of current operation: PENDING
09:25:30 INFO  State of current operation: PENDING
09:25:32 WARN  SystemError occurred while running test - Timeout while waiting for status FAILED or SUCCESSFUL
Traceback (most recent call last):
  File &quot;/home/pi/env-pysys/lib/python3.7/site-packages/pysys/baserunner.py&quot;, line 1292, in __call__
    self.testObj.setup()
  File &quot;/home/pi/actions-runner/_work/thin-edge.io/thin-edge.io/tests/PySys/software_management_end_to_end/sm_apt_install_remove_multiple/run.py&quot;, line 52, in setup
    super().setup()
  File &quot;/home/pi/actions-runner/_work/thin-edge.io/thin-edge.io/tests/PySys/software_management_end_to_end/environment_sm_management.py&quot;, line 151, in setup
    self.wait_until_end()
  File &quot;/home/pi/actions-runner/_work/thin-edge.io/thin-edge.io/tests/PySys/software_management_end_to_end/environment_sm_management.py&quot;, line 332, in wait_until_end
    self.wait_until_status(&quot;FAILED&quot;, &quot;SUCCESSFUL&quot;)
  File &quot;/home/pi/actions-runner/_work/thin-edge.io/thin-edge.io/tests/PySys/software_management_end_to_end/environment_sm_management.py&quot;, line 381, in wait_until_status
    &quot;Timeout while waiting for status %s or %s&quot; % (status, status2)
SystemError: Timeout while waiting for status FAILED or SUCCESSFUL
09:25:32 WARN  SystemError: Timeout while waiting for status FAILED or SUCCESSFUL ... blocked 
09:25:32 INFO  
09:25:32 INFO  cleanup:
09:25:36 INFO  Executed sudo&lt;tedge_disconnect_c8y&gt;, exit status 0
09:25:37 INFO  Executed systemctl&lt;serv_mapper5&gt;, exit status 3
09:25:37 INFO  
09:25:37 INFO  Test duration: 164.61 secs
09:25:37 INFO  Test final outcome:  BLOCKED
09:25:37 INFO  Test outcome reason: SystemError: Timeout while waiting for status FAILED or SUCCESSFUL
09:25:37 INFO  
</system-out>
	</testcase>
</testsuite>
