<?xml version="1.0" encoding="utf-8"?>
<testsuite failures="0" name="apt_install_fail" skipped="0" tests="1" time="12.09" timestamp="2022-04-15T09:16:47">
	<testcase classname="AptPluginInstallFail" name="apt_install_fail"/>
</testsuite>
