<?xml version="1.0" encoding="utf-8"?>
<testsuite failures="1" name="SoftwareManagement.sm_apt_install_remove_with_version" skipped="0" tests="1" time="164.46" timestamp="2022-04-12T09:31:07">
	<testcase classname="PySysTest" name="SoftwareManagement.sm_apt_install_remove_with_version">
		<failure message="BLOCKED: SystemError: Timeout while waiting for status FAILED or SUCCESSFUL" type="BLOCKED"/>
		<system-out>09:28:23 INFO  ==============================================================
09:28:23 INFO  Id:    SoftwareManagement.sm_apt_install_remove_with_version
09:28:23 INFO  Dir:   software_management_end_to_end/
09:28:23 INFO  Title: Validate end to end behaviour for the apt plugin for packages with version
09:28:23 INFO  ==============================================================
09:28:23 INFO  Using sw id database: {'asciijump': '5475369', 'robotfindskitten': '5474869', 'squirrel3': '5475279', 'rolldice': '5152439', 'moon-buggy': '5439204', 'apple': '5495053', 'banana': '5494888', 'cherry': '5495382', 'watermelon': '5494510', 'registry': '8018911', 'hello-world': '8021526', 'docker/getting-started': '8021973', 'alpine': '7991792'}
09:28:23 INFO  EnvironmentC8y Setup
09:28:24 INFO  Executed systemctl&lt;serv_mapper1&gt;, exit status 3
09:28:24 INFO  Restarting mosquitto too frequently in the last 10 seconds. It was only up for 5 seconds
09:28:24 INFO  Delaying execution by 6 seconds
09:28:44 INFO  Executed sudo&lt;tedge_connect_c8y&gt;, exit status 0, duration 13 secs
09:28:44 INFO  Executed sudo&lt;tedge_connect_c8y_test&gt;, exit status 0
09:28:45 INFO  Executed systemctl&lt;serv_mosq2&gt;, exit status 0
09:28:45 INFO  Executed systemctl&lt;serv_mapper3&gt;, exit status 0
09:28:48 INFO  State of current operation: PENDING
09:28:50 INFO  State of current operation: PENDING
09:28:52 INFO  State of current operation: PENDING
09:28:54 INFO  State of current operation: PENDING
09:28:56 INFO  State of current operation: PENDING
09:28:59 INFO  State of current operation: PENDING
09:29:01 INFO  State of current operation: PENDING
09:29:03 INFO  State of current operation: PENDING
09:29:05 INFO  State of current operation: PENDING
09:29:08 INFO  State of current operation: PENDING
09:29:10 INFO  State of current operation: PENDING
09:29:12 INFO  State of current operation: PENDING
09:29:14 INFO  State of current operation: PENDING
09:29:16 INFO  State of current operation: PENDING
09:29:19 INFO  State of current operation: PENDING
09:29:21 INFO  State of current operation: PENDING
09:29:23 INFO  State of current operation: PENDING
09:29:25 INFO  State of current operation: PENDING
09:29:28 INFO  State of current operation: PENDING
09:29:30 INFO  State of current operation: PENDING
09:29:32 INFO  State of current operation: PENDING
09:29:34 INFO  State of current operation: PENDING
09:29:36 INFO  State of current operation: PENDING
09:29:39 INFO  State of current operation: PENDING
09:29:41 INFO  State of current operation: PENDING
09:29:43 INFO  State of current operation: PENDING
09:29:45 INFO  State of current operation: PENDING
09:29:47 INFO  State of current operation: PENDING
09:29:50 INFO  State of current operation: PENDING
09:29:52 INFO  State of current operation: PENDING
09:29:54 INFO  State of current operation: PENDING
09:29:56 INFO  State of current operation: PENDING
09:29:59 INFO  State of current operation: PENDING
09:30:01 INFO  State of current operation: PENDING
09:30:03 INFO  State of current operation: PENDING
09:30:05 INFO  State of current operation: PENDING
09:30:08 INFO  State of current operation: PENDING
09:30:10 INFO  State of current operation: PENDING
09:30:12 INFO  State of current operation: PENDING
09:30:14 INFO  State of current operation: PENDING
09:30:16 INFO  State of current operation: PENDING
09:30:19 INFO  State of current operation: PENDING
09:30:21 INFO  State of current operation: PENDING
09:30:23 INFO  State of current operation: PENDING
09:30:25 INFO  State of current operation: PENDING
09:30:27 INFO  State of current operation: PENDING
09:30:30 INFO  State of current operation: PENDING
09:30:32 INFO  State of current operation: PENDING
09:30:34 INFO  State of current operation: PENDING
09:30:36 INFO  State of current operation: PENDING
09:30:39 INFO  State of current operation: PENDING
09:30:41 INFO  State of current operation: PENDING
09:30:43 INFO  State of current operation: PENDING
09:30:45 INFO  State of current operation: PENDING
09:30:47 INFO  State of current operation: PENDING
09:30:50 INFO  State of current operation: PENDING
09:30:52 INFO  State of current operation: PENDING
09:30:54 INFO  State of current operation: PENDING
09:30:56 INFO  State of current operation: PENDING
09:30:59 INFO  State of current operation: PENDING
09:31:01 INFO  State of current operation: PENDING
09:31:03 WARN  SystemError occurred while running test - Timeout while waiting for status FAILED or SUCCESSFUL
Traceback (most recent call last):
  File &quot;/home/pi/env-pysys/lib/python3.7/site-packages/pysys/baserunner.py&quot;, line 1292, in __call__
    self.testObj.setup()
  File &quot;/home/pi/actions-runner/_work/thin-edge.io/thin-edge.io/tests/PySys/software_management_end_to_end/sm_apt_install_remove_with_version/run.py&quot;, line 27, in setup
    super().setup()
  File &quot;/home/pi/actions-runner/_work/thin-edge.io/thin-edge.io/tests/PySys/software_management_end_to_end/environment_sm_management.py&quot;, line 151, in setup
    self.wait_until_end()
  File &quot;/home/pi/actions-runner/_work/thin-edge.io/thin-edge.io/tests/PySys/software_management_end_to_end/environment_sm_management.py&quot;, line 332, in wait_until_end
    self.wait_until_status(&quot;FAILED&quot;, &quot;SUCCESSFUL&quot;)
  File &quot;/home/pi/actions-runner/_work/thin-edge.io/thin-edge.io/tests/PySys/software_management_end_to_end/environment_sm_management.py&quot;, line 381, in wait_until_status
    &quot;Timeout while waiting for status %s or %s&quot; % (status, status2)
SystemError: Timeout while waiting for status FAILED or SUCCESSFUL
09:31:03 WARN  SystemError: Timeout while waiting for status FAILED or SUCCESSFUL ... blocked 
09:31:03 INFO  
09:31:03 INFO  cleanup:
09:31:07 INFO  Executed sudo&lt;tedge_disconnect_c8y&gt;, exit status 0
09:31:07 INFO  Executed systemctl&lt;serv_mapper5&gt;, exit status 3
09:31:07 INFO  
09:31:07 INFO  Test duration: 164.46 secs
09:31:07 INFO  Test final outcome:  BLOCKED
09:31:07 INFO  Test outcome reason: SystemError: Timeout while waiting for status FAILED or SUCCESSFUL
09:31:07 INFO  
</system-out>
	</testcase>
</testsuite>
