<?xml version="1.0" encoding="utf-8"?>
<testsuite failures="1" name="SoftwareManagement.sm_apt_install_remove_default" skipped="0" tests="1" time="166.22" timestamp="2022-04-15T09:40:56">
	<testcase classname="PySysTest" name="SoftwareManagement.sm_apt_install_remove_default">
		<failure message="BLOCKED: SystemError: Timeout while waiting for status FAILED or SUCCESSFUL" type="BLOCKED"/>
		<system-out>09:38:10 INFO  ==============================================================
09:38:10 INFO  Id:    SoftwareManagement.sm_apt_install_remove_default
09:38:10 INFO  Dir:   software_management_end_to_end/
09:38:10 INFO  Title: Validate end to end behaviour for the default plugin for installation and removal of packages
09:38:10 INFO  ==============================================================
09:38:10 INFO  Using sw id database: {'asciijump': '5475369', 'robotfindskitten': '5474869', 'squirrel3': '5475279', 'rolldice': '5152439', 'moon-buggy': '5439204', 'apple': '5495053', 'banana': '5494888', 'cherry': '5495382', 'watermelon': '5494510', 'registry': '8018911', 'hello-world': '8021526', 'docker/getting-started': '8021973', 'alpine': '7991792'}
09:38:10 INFO  EnvironmentC8y Setup
09:38:11 INFO  Executed systemctl&lt;serv_mapper1&gt;, exit status 3
09:38:11 INFO  Restarting mosquitto too frequently in the last 10 seconds. It was only up for 5 seconds
09:38:11 INFO  Delaying execution by 6 seconds
09:38:32 INFO  Executed sudo&lt;tedge_connect_c8y&gt;, exit status 0, duration 15 secs
09:38:32 INFO  Executed sudo&lt;tedge_connect_c8y_test&gt;, exit status 0
09:38:33 INFO  Executed systemctl&lt;serv_mosq2&gt;, exit status 0
09:38:33 INFO  Executed systemctl&lt;serv_mapper3&gt;, exit status 0
09:38:35 INFO  State of current operation: PENDING
09:38:38 INFO  State of current operation: PENDING
09:38:40 INFO  State of current operation: PENDING
09:38:42 INFO  State of current operation: PENDING
09:38:44 INFO  State of current operation: PENDING
09:38:47 INFO  State of current operation: PENDING
09:38:49 INFO  State of current operation: PENDING
09:38:51 INFO  State of current operation: PENDING
09:38:53 INFO  State of current operation: PENDING
09:38:55 INFO  State of current operation: PENDING
09:38:58 INFO  State of current operation: PENDING
09:39:00 INFO  State of current operation: PENDING
09:39:02 INFO  State of current operation: PENDING
09:39:04 INFO  State of current operation: PENDING
09:39:07 INFO  State of current operation: PENDING
09:39:09 INFO  State of current operation: PENDING
09:39:11 INFO  State of current operation: PENDING
09:39:13 INFO  State of current operation: PENDING
09:39:16 INFO  State of current operation: PENDING
09:39:18 INFO  State of current operation: PENDING
09:39:20 INFO  State of current operation: PENDING
09:39:22 INFO  State of current operation: PENDING
09:39:24 INFO  State of current operation: PENDING
09:39:27 INFO  State of current operation: PENDING
09:39:29 INFO  State of current operation: PENDING
09:39:31 INFO  State of current operation: PENDING
09:39:33 INFO  State of current operation: PENDING
09:39:36 INFO  State of current operation: PENDING
09:39:38 INFO  State of current operation: PENDING
09:39:40 INFO  State of current operation: PENDING
09:39:42 INFO  State of current operation: PENDING
09:39:44 INFO  State of current operation: PENDING
09:39:47 INFO  State of current operation: PENDING
09:39:49 INFO  State of current operation: PENDING
09:39:51 INFO  State of current operation: PENDING
09:39:54 INFO  State of current operation: PENDING
09:39:56 INFO  State of current operation: PENDING
09:39:58 INFO  State of current operation: PENDING
09:40:00 INFO  State of current operation: PENDING
09:40:02 INFO  State of current operation: PENDING
09:40:05 INFO  State of current operation: PENDING
09:40:07 INFO  State of current operation: PENDING
09:40:09 INFO  State of current operation: PENDING
09:40:11 INFO  State of current operation: PENDING
09:40:14 INFO  State of current operation: PENDING
09:40:16 INFO  State of current operation: PENDING
09:40:18 INFO  State of current operation: PENDING
09:40:20 INFO  State of current operation: PENDING
09:40:23 INFO  State of current operation: PENDING
09:40:25 INFO  State of current operation: PENDING
09:40:27 INFO  State of current operation: PENDING
09:40:29 INFO  State of current operation: PENDING
09:40:32 INFO  State of current operation: PENDING
09:40:34 INFO  State of current operation: PENDING
09:40:36 INFO  State of current operation: PENDING
09:40:38 INFO  State of current operation: PENDING
09:40:40 INFO  State of current operation: PENDING
09:40:43 INFO  State of current operation: PENDING
09:40:45 INFO  State of current operation: PENDING
09:40:47 INFO  State of current operation: PENDING
09:40:49 INFO  State of current operation: PENDING
09:40:51 WARN  SystemError occurred while running test - Timeout while waiting for status FAILED or SUCCESSFUL
Traceback (most recent call last):
  File &quot;/home/pi/env-pysys/lib/python3.7/site-packages/pysys/baserunner.py&quot;, line 1292, in __call__
    self.testObj.setup()
  File &quot;/home/pi/actions-runner/_work/thin-edge.io/thin-edge.io/tests/PySys/software_management_end_to_end/sm_apt_install_remove_default/run.py&quot;, line 26, in setup
    super().setup()
  File &quot;/home/pi/actions-runner/_work/thin-edge.io/thin-edge.io/tests/PySys/software_management_end_to_end/environment_sm_management.py&quot;, line 151, in setup
    self.wait_until_end()
  File &quot;/home/pi/actions-runner/_work/thin-edge.io/thin-edge.io/tests/PySys/software_management_end_to_end/environment_sm_management.py&quot;, line 332, in wait_until_end
    self.wait_until_status(&quot;FAILED&quot;, &quot;SUCCESSFUL&quot;)
  File &quot;/home/pi/actions-runner/_work/thin-edge.io/thin-edge.io/tests/PySys/software_management_end_to_end/environment_sm_management.py&quot;, line 381, in wait_until_status
    &quot;Timeout while waiting for status %s or %s&quot; % (status, status2)
SystemError: Timeout while waiting for status FAILED or SUCCESSFUL
09:40:51 WARN  SystemError: Timeout while waiting for status FAILED or SUCCESSFUL ... blocked 
09:40:51 INFO  
09:40:51 INFO  cleanup:
09:40:56 INFO  Executed sudo&lt;tedge_disconnect_c8y&gt;, exit status 0
09:40:56 INFO  Executed systemctl&lt;serv_mapper5&gt;, exit status 3
09:40:56 INFO  
09:40:56 INFO  Test duration: 166.22 secs
09:40:56 INFO  Test final outcome:  BLOCKED
09:40:56 INFO  Test outcome reason: SystemError: Timeout while waiting for status FAILED or SUCCESSFUL
09:40:56 INFO  
</system-out>
	</testcase>
</testsuite>
