<?xml version="1.0" encoding="utf-8"?>
<testsuite failures="0" name="apt_prepare" skipped="0" tests="1" time="41.67" timestamp="2022-04-08T10:09:03">
	<testcase classname="AptPluginPrepare" name="apt_prepare"/>
</testsuite>
