<?xml version="1.0" encoding="utf-8"?>
<testsuite failures="0" name="apt_finalize" skipped="0" tests="1" time="105.28" timestamp="2022-04-14T10:06:24">
	<testcase classname="AptPluginFinalize" name="apt_finalize"/>
</testsuite>
