<?xml version="1.0" encoding="utf-8"?>
<testsuite failures="1" name="SoftwareManagement.sm_apt_install_remove_multiple_mixed" skipped="0" tests="1" time="166.27" timestamp="2022-04-12T09:28:23">
	<testcase classname="PySysTest" name="SoftwareManagement.sm_apt_install_remove_multiple_mixed">
		<failure message="BLOCKED: SystemError: Timeout while waiting for status FAILED or SUCCESSFUL" type="BLOCKED"/>
		<system-out>09:25:37 INFO  ==============================================================
09:25:37 INFO  Id:    SoftwareManagement.sm_apt_install_remove_multiple_mixed
09:25:37 INFO  Dir:   software_management_end_to_end/
09:25:37 INFO  Title: Validate end to end behaviour for the apt plugin for multiple packages with mixed versions
09:25:37 INFO  ==============================================================
09:25:37 INFO  Using sw id database: {'asciijump': '5475369', 'robotfindskitten': '5474869', 'squirrel3': '5475279', 'rolldice': '5152439', 'moon-buggy': '5439204', 'apple': '5495053', 'banana': '5494888', 'cherry': '5495382', 'watermelon': '5494510', 'registry': '8018911', 'hello-world': '8021526', 'docker/getting-started': '8021973', 'alpine': '7991792'}
09:25:37 INFO  EnvironmentC8y Setup
09:25:37 INFO  Executed systemctl&lt;serv_mapper1&gt;, exit status 3
09:25:37 INFO  Restarting mosquitto too frequently in the last 10 seconds. It was only up for 4 seconds
09:25:37 INFO  Delaying execution by 7 seconds
09:25:59 INFO  Executed sudo&lt;tedge_connect_c8y&gt;, exit status 0, duration 14 secs
09:26:00 INFO  Executed sudo&lt;tedge_connect_c8y_test&gt;, exit status 0
09:26:00 INFO  Executed systemctl&lt;serv_mosq2&gt;, exit status 0
09:26:00 INFO  Executed systemctl&lt;serv_mapper3&gt;, exit status 0
09:26:03 INFO  State of current operation: PENDING
09:26:05 INFO  State of current operation: PENDING
09:26:07 INFO  State of current operation: PENDING
09:26:10 INFO  State of current operation: PENDING
09:26:12 INFO  State of current operation: PENDING
09:26:14 INFO  State of current operation: PENDING
09:26:16 INFO  State of current operation: PENDING
09:26:19 INFO  State of current operation: PENDING
09:26:21 INFO  State of current operation: PENDING
09:26:23 INFO  State of current operation: PENDING
09:26:25 INFO  State of current operation: PENDING
09:26:27 INFO  State of current operation: PENDING
09:26:30 INFO  State of current operation: PENDING
09:26:32 INFO  State of current operation: PENDING
09:26:34 INFO  State of current operation: PENDING
09:26:36 INFO  State of current operation: PENDING
09:26:39 INFO  State of current operation: PENDING
09:26:41 INFO  State of current operation: PENDING
09:26:43 INFO  State of current operation: PENDING
09:26:45 INFO  State of current operation: PENDING
09:26:47 INFO  State of current operation: PENDING
09:26:50 INFO  State of current operation: PENDING
09:26:52 INFO  State of current operation: PENDING
09:26:54 INFO  State of current operation: PENDING
09:26:56 INFO  State of current operation: PENDING
09:26:58 INFO  State of current operation: PENDING
09:27:01 INFO  State of current operation: PENDING
09:27:03 INFO  State of current operation: PENDING
09:27:05 INFO  State of current operation: PENDING
09:27:07 INFO  State of current operation: PENDING
09:27:10 INFO  State of current operation: PENDING
09:27:12 INFO  State of current operation: PENDING
09:27:14 INFO  State of current operation: PENDING
09:27:16 INFO  State of current operation: PENDING
09:27:18 INFO  State of current operation: PENDING
09:27:21 INFO  State of current operation: PENDING
09:27:23 INFO  State of current operation: PENDING
09:27:25 INFO  State of current operation: PENDING
09:27:27 INFO  State of current operation: PENDING
09:27:30 INFO  State of current operation: PENDING
09:27:32 INFO  State of current operation: PENDING
09:27:34 INFO  State of current operation: PENDING
09:27:36 INFO  State of current operation: PENDING
09:27:38 INFO  State of current operation: PENDING
09:27:41 INFO  State of current operation: PENDING
09:27:43 INFO  State of current operation: PENDING
09:27:45 INFO  State of current operation: PENDING
09:27:47 INFO  State of current operation: PENDING
09:27:50 INFO  State of current operation: PENDING
09:27:52 INFO  State of current operation: PENDING
09:27:54 INFO  State of current operation: PENDING
09:27:56 INFO  State of current operation: PENDING
09:27:58 INFO  State of current operation: PENDING
09:28:01 INFO  State of current operation: PENDING
09:28:03 INFO  State of current operation: PENDING
09:28:05 INFO  State of current operation: PENDING
09:28:07 INFO  State of current operation: PENDING
09:28:10 INFO  State of current operation: PENDING
09:28:12 INFO  State of current operation: PENDING
09:28:14 INFO  State of current operation: PENDING
09:28:16 INFO  State of current operation: PENDING
09:28:18 WARN  SystemError occurred while running test - Timeout while waiting for status FAILED or SUCCESSFUL
Traceback (most recent call last):
  File &quot;/home/pi/env-pysys/lib/python3.7/site-packages/pysys/baserunner.py&quot;, line 1292, in __call__
    self.testObj.setup()
  File &quot;/home/pi/actions-runner/_work/thin-edge.io/thin-edge.io/tests/PySys/software_management_end_to_end/sm_apt_install_remove_multiple_mixed/run.py&quot;, line 73, in setup
    super().setup()
  File &quot;/home/pi/actions-runner/_work/thin-edge.io/thin-edge.io/tests/PySys/software_management_end_to_end/environment_sm_management.py&quot;, line 151, in setup
    self.wait_until_end()
  File &quot;/home/pi/actions-runner/_work/thin-edge.io/thin-edge.io/tests/PySys/software_management_end_to_end/environment_sm_management.py&quot;, line 332, in wait_until_end
    self.wait_until_status(&quot;FAILED&quot;, &quot;SUCCESSFUL&quot;)
  File &quot;/home/pi/actions-runner/_work/thin-edge.io/thin-edge.io/tests/PySys/software_management_end_to_end/environment_sm_management.py&quot;, line 381, in wait_until_status
    &quot;Timeout while waiting for status %s or %s&quot; % (status, status2)
SystemError: Timeout while waiting for status FAILED or SUCCESSFUL
09:28:18 WARN  SystemError: Timeout while waiting for status FAILED or SUCCESSFUL ... blocked 
09:28:18 INFO  
09:28:18 INFO  cleanup:
09:28:22 INFO  Executed sudo&lt;tedge_disconnect_c8y&gt;, exit status 0
09:28:23 INFO  Executed systemctl&lt;serv_mapper5&gt;, exit status 3
09:28:23 INFO  
09:28:23 INFO  Test duration: 166.27 secs
09:28:23 INFO  Test final outcome:  BLOCKED
09:28:23 INFO  Test outcome reason: SystemError: Timeout while waiting for status FAILED or SUCCESSFUL
09:28:23 INFO  
</system-out>
	</testcase>
</testsuite>
