<?xml version="1.0" encoding="utf-8"?>
<testsuite failures="0" name="apt_prepare" skipped="0" tests="1" time="17.89" timestamp="2022-04-12T09:02:12">
	<testcase classname="AptPluginPrepare" name="apt_prepare"/>
</testsuite>
