<?xml version="1.0" encoding="utf-8"?>
<testsuite failures="1" name="SoftwareManagement.sm_apt_install_remove_multiple" skipped="0" tests="1" time="164.73" timestamp="2022-04-14T07:16:49">
	<testcase classname="PySysTest" name="SoftwareManagement.sm_apt_install_remove_multiple">
		<failure message="BLOCKED: SystemError: Timeout while waiting for status FAILED or SUCCESSFUL" type="BLOCKED"/>
		<system-out>07:14:05 INFO  ==============================================================
07:14:05 INFO  Id:    SoftwareManagement.sm_apt_install_remove_multiple
07:14:05 INFO  Dir:   software_management_end_to_end/
07:14:05 INFO  Title: Validate end to end behaviour for the apt plugin for multiple packages
07:14:05 INFO  ==============================================================
07:14:05 INFO  Using sw id database: {'asciijump': '5475369', 'robotfindskitten': '5474869', 'squirrel3': '5475279', 'rolldice': '5152439', 'moon-buggy': '5439204', 'apple': '5495053', 'banana': '5494888', 'cherry': '5495382', 'watermelon': '5494510', 'registry': '8018911', 'hello-world': '8021526', 'docker/getting-started': '8021973', 'alpine': '7991792'}
07:14:05 INFO  EnvironmentC8y Setup
07:14:05 INFO  Executed systemctl&lt;serv_mapper1&gt;, exit status 3
07:14:06 INFO  Restarting mosquitto too frequently in the last 10 seconds. It was only up for 6 seconds
07:14:06 INFO  Delaying execution by 5 seconds
07:14:25 INFO  Executed sudo&lt;tedge_connect_c8y&gt;, exit status 0, duration 13 secs
07:14:25 INFO  Executed sudo&lt;tedge_connect_c8y_test&gt;, exit status 0
07:14:26 INFO  Executed systemctl&lt;serv_mosq2&gt;, exit status 0
07:14:26 INFO  Executed systemctl&lt;serv_mapper3&gt;, exit status 0
07:14:29 INFO  State of current operation: PENDING
07:14:31 INFO  State of current operation: PENDING
07:14:33 INFO  State of current operation: PENDING
07:14:35 INFO  State of current operation: PENDING
07:14:37 INFO  State of current operation: PENDING
07:14:40 INFO  State of current operation: PENDING
07:14:42 INFO  State of current operation: PENDING
07:14:44 INFO  State of current operation: PENDING
07:14:46 INFO  State of current operation: PENDING
07:14:49 INFO  State of current operation: PENDING
07:14:51 INFO  State of current operation: PENDING
07:14:53 INFO  State of current operation: PENDING
07:14:55 INFO  State of current operation: PENDING
07:14:58 INFO  State of current operation: PENDING
07:15:00 INFO  State of current operation: PENDING
07:15:02 INFO  State of current operation: PENDING
07:15:04 INFO  State of current operation: PENDING
07:15:07 INFO  State of current operation: PENDING
07:15:09 INFO  State of current operation: PENDING
07:15:11 INFO  State of current operation: PENDING
07:15:13 INFO  State of current operation: PENDING
07:15:15 INFO  State of current operation: PENDING
07:15:18 INFO  State of current operation: PENDING
07:15:20 INFO  State of current operation: PENDING
07:15:22 INFO  State of current operation: PENDING
07:15:24 INFO  State of current operation: PENDING
07:15:27 INFO  State of current operation: PENDING
07:15:29 INFO  State of current operation: PENDING
07:15:31 INFO  State of current operation: PENDING
07:15:33 INFO  State of current operation: PENDING
07:15:35 INFO  State of current operation: PENDING
07:15:38 INFO  State of current operation: PENDING
07:15:40 INFO  State of current operation: PENDING
07:15:42 INFO  State of current operation: PENDING
07:15:44 INFO  State of current operation: PENDING
07:15:47 INFO  State of current operation: PENDING
07:15:49 INFO  State of current operation: PENDING
07:15:51 INFO  State of current operation: PENDING
07:15:53 INFO  State of current operation: PENDING
07:15:56 INFO  State of current operation: PENDING
07:15:58 INFO  State of current operation: PENDING
07:16:00 INFO  State of current operation: PENDING
07:16:02 INFO  State of current operation: PENDING
07:16:04 INFO  State of current operation: PENDING
07:16:07 INFO  State of current operation: PENDING
07:16:09 INFO  State of current operation: PENDING
07:16:11 INFO  State of current operation: PENDING
07:16:13 INFO  State of current operation: PENDING
07:16:16 INFO  State of current operation: PENDING
07:16:18 INFO  State of current operation: PENDING
07:16:20 INFO  State of current operation: PENDING
07:16:22 INFO  State of current operation: PENDING
07:16:25 INFO  State of current operation: PENDING
07:16:27 INFO  State of current operation: PENDING
07:16:29 INFO  State of current operation: PENDING
07:16:31 INFO  State of current operation: PENDING
07:16:33 INFO  State of current operation: PENDING
07:16:36 INFO  State of current operation: PENDING
07:16:38 INFO  State of current operation: PENDING
07:16:40 INFO  State of current operation: PENDING
07:16:42 INFO  State of current operation: PENDING
07:16:44 WARN  SystemError occurred while running test - Timeout while waiting for status FAILED or SUCCESSFUL
Traceback (most recent call last):
  File &quot;/home/pi/env-pysys/lib/python3.7/site-packages/pysys/baserunner.py&quot;, line 1292, in __call__
    self.testObj.setup()
  File &quot;/home/pi/actions-runner/_work/thin-edge.io/thin-edge.io/tests/PySys/software_management_end_to_end/sm_apt_install_remove_multiple/run.py&quot;, line 52, in setup
    super().setup()
  File &quot;/home/pi/actions-runner/_work/thin-edge.io/thin-edge.io/tests/PySys/software_management_end_to_end/environment_sm_management.py&quot;, line 151, in setup
    self.wait_until_end()
  File &quot;/home/pi/actions-runner/_work/thin-edge.io/thin-edge.io/tests/PySys/software_management_end_to_end/environment_sm_management.py&quot;, line 332, in wait_until_end
    self.wait_until_status(&quot;FAILED&quot;, &quot;SUCCESSFUL&quot;)
  File &quot;/home/pi/actions-runner/_work/thin-edge.io/thin-edge.io/tests/PySys/software_management_end_to_end/environment_sm_management.py&quot;, line 381, in wait_until_status
    &quot;Timeout while waiting for status %s or %s&quot; % (status, status2)
SystemError: Timeout while waiting for status FAILED or SUCCESSFUL
07:16:44 WARN  SystemError: Timeout while waiting for status FAILED or SUCCESSFUL ... blocked 
07:16:44 INFO  
07:16:44 INFO  cleanup:
07:16:49 INFO  Executed sudo&lt;tedge_disconnect_c8y&gt;, exit status 0
07:16:49 INFO  Executed systemctl&lt;serv_mapper5&gt;, exit status 3
07:16:49 INFO  
07:16:49 INFO  Test duration: 164.73 secs
07:16:49 INFO  Test final outcome:  BLOCKED
07:16:49 INFO  Test outcome reason: SystemError: Timeout while waiting for status FAILED or SUCCESSFUL
07:16:49 INFO  
</system-out>
	</testcase>
</testsuite>
