<?xml version="1.0" encoding="utf-8"?>
<testsuite failures="1" name="SoftwareManagement.sm_apt_install_download_path" skipped="0" tests="1" time="87.22" timestamp="2022-04-12T09:14:38">
	<testcase classname="AptInstallWithDownloadPath" name="SoftwareManagement.sm_apt_install_download_path">
		<failure message="BLOCKED: AssertionError:" type="BLOCKED"/>
		<system-out>09:13:10 INFO  ==============================================================
09:13:10 INFO  Id:    SoftwareManagement.sm_apt_install_download_path
09:13:10 INFO  Dir:   software_management_end_to_end/
09:13:10 INFO  Title: Install package to directory specified in tedge config set tmp.path
09:13:10 INFO  ==============================================================
09:13:11 INFO  Using sw id database: {'asciijump': '5475369', 'robotfindskitten': '5474869', 'squirrel3': '5475279', 'rolldice': '5152439', 'moon-buggy': '5439204', 'apple': '5495053', 'banana': '5494888', 'cherry': '5495382', 'watermelon': '5494510', 'registry': '8018911', 'hello-world': '8021526', 'docker/getting-started': '8021973', 'alpine': '7991792'}
09:13:11 INFO  EnvironmentC8y Setup
09:13:11 INFO  Executed systemctl&lt;serv_mapper1&gt;, exit status 3
09:13:26 INFO  Executed sudo&lt;tedge_connect_c8y&gt;, exit status 0, duration 15 secs
09:13:28 INFO  Executed sudo&lt;tedge_connect_c8y_test&gt;, exit status 0
09:13:29 INFO  Executed systemctl&lt;serv_mosq2&gt;, exit status 0
09:13:30 INFO  Executed systemctl&lt;serv_mapper3&gt;, exit status 0
09:13:32 INFO  State of current operation: FAILED
09:13:32 INFO  Assert that (False == value) with value=False ... passed
09:13:33 INFO  Executed sudo, exit status 0
09:13:33 INFO  Executed sudo, exit status 0
09:13:34 INFO  Executed sudo, exit status 0
09:13:39 INFO  Executed sudo&lt;tedge_disconnect_c8y&gt;, exit status 0
09:13:39 INFO  Restarting mosquitto too frequently in the last 10 seconds. It was only up for 4 seconds
09:13:39 INFO  Delaying execution by 7 seconds
09:14:00 INFO  Executed sudo&lt;tedge_connect_c8y&gt;, exit status 0, duration 14 secs
09:14:00 INFO  Response status: 201
09:14:00 INFO  Response to action: {
    &quot;creationTime&quot;: &quot;2022-04-12T09:14:00.432Z&quot;,
    &quot;deviceId&quot;: &quot;17177122&quot;,
    &quot;deviceName&quot;: &quot;mythicb&quot;,
    &quot;self&quot;: &quot;https://t493319102.eu-latest.cumulocity.com/devicecontrol/operations/17197445&quot;,
    &quot;id&quot;: &quot;17197445&quot;,
    &quot;status&quot;: &quot;PENDING&quot;,
    &quot;description&quot;: &quot;Apply software changes, triggered from PySys: [{'name': 'rolldice', 'id': '5152439', 'version': '::apt', 'url': 'https://thin-edge-io.eu-latest.cumulocity.com/inventory/binaries/12435463', 'action': 'install'}]&quot;,
    &quot;c8y_SoftwareUpdate&quot;: [
        {
            &quot;name&quot;: &quot;rolldice&quot;,
            &quot;action&quot;: &quot;install&quot;,
            &quot;id&quot;: &quot;5152439&quot;,
            &quot;version&quot;: &quot;::apt&quot;,
            &quot;url&quot;: &quot;https://thin-edge-io.eu-latest.cumulocity.com/inventory/binaries/12435463&quot;
        }
    ]
}
09:14:00 INFO  Started operation: {'creationTime': '2022-04-12T09:14:00.432Z', 'deviceId': '17177122', 'deviceName': 'mythicb', 'self': 'https://t493319102.eu-latest.cumulocity.com/devicecontrol/operations/17197445', 'id': '17197445', 'status': 'PENDING', 'description': &quot;Apply software changes, triggered from PySys: [{'name': 'rolldice', 'id': '5152439', 'version': '::apt', 'url': 'https://thin-edge-io.eu-latest.cumulocity.com/inventory/binaries/12435463', 'action': 'install'}]&quot;, 'c8y_SoftwareUpdate': [{'name': 'rolldice', 'action': 'install', 'id': '5152439', 'version': '::apt', 'url': 'https://thin-edge-io.eu-latest.cumulocity.com/inventory/binaries/12435463'}]}
09:14:00 WARN  , retrying in 0.5 seconds...
09:14:01 WARN  , retrying in 0.5 seconds...
09:14:01 WARN  , retrying in 0.5 seconds...
09:14:02 WARN  , retrying in 0.5 seconds...
09:14:02 WARN  , retrying in 0.5 seconds...
09:14:03 WARN  , retrying in 0.5 seconds...
09:14:03 WARN  , retrying in 0.5 seconds...
09:14:04 WARN  , retrying in 0.5 seconds...
09:14:04 WARN  , retrying in 0.5 seconds...
09:14:05 WARN  AssertionError occurred while running test - 
Traceback (most recent call last):
  File &quot;/home/pi/env-pysys/lib/python3.7/site-packages/pysys/baserunner.py&quot;, line 1294, in __call__
    self.testObj.execute()
  File &quot;/home/pi/actions-runner/_work/thin-edge.io/thin-edge.io/tests/PySys/software_management_end_to_end/sm_apt_install_download_path/run.py&quot;, line 83, in execute
    assert_install_in_download_path(install_directory=self.DOWNLOAD_DIR)
  File &quot;/home/pi/env-pysys/lib/python3.7/site-packages/decorator.py&quot;, line 232, in fun
    return caller(func, *(extras + args), **kw)
  File &quot;/home/pi/env-pysys/lib/python3.7/site-packages/retry/api.py&quot;, line 74, in retry_decorator
    logger)
  File &quot;/home/pi/env-pysys/lib/python3.7/site-packages/retry/api.py&quot;, line 33, in __retry_internal
    return f()
  File &quot;/home/pi/actions-runner/_work/thin-edge.io/thin-edge.io/tests/PySys/software_management_end_to_end/sm_apt_install_download_path/run.py&quot;, line 28, in assert_install_in_download_path
    assert &quot;rolldice&quot; in os.listdir(f&quot;{install_directory}&quot;)
AssertionError
09:14:05 WARN  AssertionError: ... blocked 
09:14:05 INFO  
09:14:05 INFO  cleanup:
09:14:06 INFO  Executed sudo, exit status 0
09:14:06 INFO  Executed sudo, exit status 0
09:14:10 INFO  Executed sudo&lt;tedge_disconnect_c8y&gt;, exit status 0
09:14:10 INFO  Restarting mosquitto too frequently in the last 10 seconds. It was only up for 3 seconds
09:14:10 INFO  Delaying execution by 8 seconds
09:14:33 INFO  Executed sudo&lt;tedge_connect_c8y&gt;, exit status 0, duration 14 secs
09:14:37 INFO  Executed sudo&lt;tedge_disconnect_c8y&gt;, exit status 0
09:14:38 INFO  Executed systemctl&lt;serv_mapper5&gt;, exit status 3
09:14:38 INFO  
09:14:38 INFO  Test duration: 87.22 secs
09:14:38 INFO  Test final outcome:  BLOCKED
09:14:38 INFO  Test outcome reason: AssertionError:
09:14:38 INFO  
</system-out>
	</testcase>
</testsuite>
