<?xml version="1.0" encoding="utf-8"?>
<testsuite failures="1" name="SoftwareManagement.sm_apt_install_fail" skipped="0" tests="1" time="164.68" timestamp="2022-04-12T09:17:22">
	<testcase classname="PySysTest" name="SoftwareManagement.sm_apt_install_fail">
		<failure message="BLOCKED: SystemError: Timeout while waiting for status FAILED or SUCCESSFUL" type="BLOCKED"/>
		<system-out>09:14:38 INFO  ==============================================================
09:14:38 INFO  Id:    SoftwareManagement.sm_apt_install_fail
09:14:38 INFO  Dir:   software_management_end_to_end/
09:14:38 INFO  Title: Validate end to end behaviour for a failing installation
09:14:38 INFO  ==============================================================
09:14:38 INFO  Using sw id database: {'asciijump': '5475369', 'robotfindskitten': '5474869', 'squirrel3': '5475279', 'rolldice': '5152439', 'moon-buggy': '5439204', 'apple': '5495053', 'banana': '5494888', 'cherry': '5495382', 'watermelon': '5494510', 'registry': '8018911', 'hello-world': '8021526', 'docker/getting-started': '8021973', 'alpine': '7991792'}
09:14:38 INFO  EnvironmentC8y Setup
09:14:38 INFO  Executed systemctl&lt;serv_mapper1&gt;, exit status 3
09:14:38 INFO  Restarting mosquitto too frequently in the last 10 seconds. It was only up for 5 seconds
09:14:38 INFO  Delaying execution by 6 seconds
09:14:58 INFO  Executed sudo&lt;tedge_connect_c8y&gt;, exit status 0, duration 14 secs
09:14:59 INFO  Executed sudo&lt;tedge_connect_c8y_test&gt;, exit status 0
09:14:59 INFO  Executed systemctl&lt;serv_mosq2&gt;, exit status 0
09:15:00 INFO  Executed systemctl&lt;serv_mapper3&gt;, exit status 0
09:15:02 INFO  State of current operation: PENDING
09:15:04 INFO  State of current operation: PENDING
09:15:07 INFO  State of current operation: PENDING
09:15:09 INFO  State of current operation: PENDING
09:15:11 INFO  State of current operation: PENDING
09:15:13 INFO  State of current operation: PENDING
09:15:15 INFO  State of current operation: PENDING
09:15:18 INFO  State of current operation: PENDING
09:15:20 INFO  State of current operation: PENDING
09:15:22 INFO  State of current operation: PENDING
09:15:24 INFO  State of current operation: PENDING
09:15:27 INFO  State of current operation: PENDING
09:15:29 INFO  State of current operation: PENDING
09:15:31 INFO  State of current operation: PENDING
09:15:33 INFO  State of current operation: PENDING
09:15:35 INFO  State of current operation: PENDING
09:15:38 INFO  State of current operation: PENDING
09:15:40 INFO  State of current operation: PENDING
09:15:42 INFO  State of current operation: PENDING
09:15:44 INFO  State of current operation: PENDING
09:15:47 INFO  State of current operation: PENDING
09:15:49 INFO  State of current operation: PENDING
09:15:51 INFO  State of current operation: PENDING
09:15:53 INFO  State of current operation: PENDING
09:15:56 INFO  State of current operation: PENDING
09:15:58 INFO  State of current operation: PENDING
09:16:00 INFO  State of current operation: PENDING
09:16:02 INFO  State of current operation: PENDING
09:16:04 INFO  State of current operation: PENDING
09:16:07 INFO  State of current operation: PENDING
09:16:09 INFO  State of current operation: PENDING
09:16:11 INFO  State of current operation: PENDING
09:16:13 INFO  State of current operation: PENDING
09:16:16 INFO  State of current operation: PENDING
09:16:18 INFO  State of current operation: PENDING
09:16:20 INFO  State of current operation: PENDING
09:16:22 INFO  State of current operation: PENDING
09:16:24 INFO  State of current operation: PENDING
09:16:27 INFO  State of current operation: PENDING
09:16:29 INFO  State of current operation: PENDING
09:16:31 INFO  State of current operation: PENDING
09:16:33 INFO  State of current operation: PENDING
09:16:35 INFO  State of current operation: PENDING
09:16:38 INFO  State of current operation: PENDING
09:16:40 INFO  State of current operation: PENDING
09:16:42 INFO  State of current operation: PENDING
09:16:44 INFO  State of current operation: PENDING
09:16:47 INFO  State of current operation: PENDING
09:16:49 INFO  State of current operation: PENDING
09:16:51 INFO  State of current operation: PENDING
09:16:53 INFO  State of current operation: PENDING
09:16:55 INFO  State of current operation: PENDING
09:16:58 INFO  State of current operation: PENDING
09:17:00 INFO  State of current operation: PENDING
09:17:02 INFO  State of current operation: PENDING
09:17:04 INFO  State of current operation: PENDING
09:17:07 INFO  State of current operation: PENDING
09:17:09 INFO  State of current operation: PENDING
09:17:11 INFO  State of current operation: PENDING
09:17:13 INFO  State of current operation: PENDING
09:17:15 INFO  State of current operation: PENDING
09:17:17 WARN  SystemError occurred while running test - Timeout while waiting for status FAILED or SUCCESSFUL
Traceback (most recent call last):
  File &quot;/home/pi/env-pysys/lib/python3.7/site-packages/pysys/baserunner.py&quot;, line 1292, in __call__
    self.testObj.setup()
  File &quot;/home/pi/actions-runner/_work/thin-edge.io/thin-edge.io/tests/PySys/software_management_end_to_end/sm_apt_install_fail/run.py&quot;, line 20, in setup
    super().setup()
  File &quot;/home/pi/actions-runner/_work/thin-edge.io/thin-edge.io/tests/PySys/software_management_end_to_end/environment_sm_management.py&quot;, line 151, in setup
    self.wait_until_end()
  File &quot;/home/pi/actions-runner/_work/thin-edge.io/thin-edge.io/tests/PySys/software_management_end_to_end/environment_sm_management.py&quot;, line 332, in wait_until_end
    self.wait_until_status(&quot;FAILED&quot;, &quot;SUCCESSFUL&quot;)
  File &quot;/home/pi/actions-runner/_work/thin-edge.io/thin-edge.io/tests/PySys/software_management_end_to_end/environment_sm_management.py&quot;, line 381, in wait_until_status
    &quot;Timeout while waiting for status %s or %s&quot; % (status, status2)
SystemError: Timeout while waiting for status FAILED or SUCCESSFUL
09:17:17 WARN  SystemError: Timeout while waiting for status FAILED or SUCCESSFUL ... blocked 
09:17:17 INFO  
09:17:17 INFO  cleanup:
09:17:22 INFO  Executed sudo&lt;tedge_disconnect_c8y&gt;, exit status 0
09:17:22 INFO  Executed systemctl&lt;serv_mapper5&gt;, exit status 3
09:17:22 INFO  
09:17:22 INFO  Test duration: 164.68 secs
09:17:22 INFO  Test final outcome:  BLOCKED
09:17:22 INFO  Test outcome reason: SystemError: Timeout while waiting for status FAILED or SUCCESSFUL
09:17:22 INFO  
</system-out>
	</testcase>
</testsuite>
