<?xml version="1.0" encoding="utf-8"?>
<testsuite failures="1" name="SoftwareManagement.sm_apt_install_fail" skipped="0" tests="1" time="165.76" timestamp="2022-04-15T09:35:24">
	<testcase classname="PySysTest" name="SoftwareManagement.sm_apt_install_fail">
		<failure message="BLOCKED: SystemError: Timeout while waiting for status FAILED or SUCCESSFUL" type="BLOCKED"/>
		<system-out>09:32:39 INFO  ==============================================================
09:32:39 INFO  Id:    SoftwareManagement.sm_apt_install_fail
09:32:39 INFO  Dir:   software_management_end_to_end/
09:32:39 INFO  Title: Validate end to end behaviour for a failing installation
09:32:39 INFO  ==============================================================
09:32:39 INFO  Using sw id database: {'asciijump': '5475369', 'robotfindskitten': '5474869', 'squirrel3': '5475279', 'rolldice': '5152439', 'moon-buggy': '5439204', 'apple': '5495053', 'banana': '5494888', 'cherry': '5495382', 'watermelon': '5494510', 'registry': '8018911', 'hello-world': '8021526', 'docker/getting-started': '8021973', 'alpine': '7991792'}
09:32:39 INFO  EnvironmentC8y Setup
09:32:39 INFO  Executed systemctl&lt;serv_mapper1&gt;, exit status 3
09:32:39 INFO  Restarting mosquitto too frequently in the last 10 seconds. It was only up for 5 seconds
09:32:39 INFO  Delaying execution by 6 seconds
09:33:00 INFO  Executed sudo&lt;tedge_connect_c8y&gt;, exit status 0, duration 14 secs
09:33:00 INFO  Executed sudo&lt;tedge_connect_c8y_test&gt;, exit status 0
09:33:01 INFO  Executed systemctl&lt;serv_mosq2&gt;, exit status 0
09:33:01 INFO  Executed systemctl&lt;serv_mapper3&gt;, exit status 0
09:33:04 INFO  State of current operation: PENDING
09:33:06 INFO  State of current operation: PENDING
09:33:08 INFO  State of current operation: PENDING
09:33:10 INFO  State of current operation: PENDING
09:33:12 INFO  State of current operation: PENDING
09:33:15 INFO  State of current operation: PENDING
09:33:17 INFO  State of current operation: PENDING
09:33:19 INFO  State of current operation: PENDING
09:33:21 INFO  State of current operation: PENDING
09:33:24 INFO  State of current operation: PENDING
09:33:26 INFO  State of current operation: PENDING
09:33:28 INFO  State of current operation: PENDING
09:33:30 INFO  State of current operation: PENDING
09:33:33 INFO  State of current operation: PENDING
09:33:35 INFO  State of current operation: PENDING
09:33:37 INFO  State of current operation: PENDING
09:33:39 INFO  State of current operation: PENDING
09:33:41 INFO  State of current operation: PENDING
09:33:44 INFO  State of current operation: PENDING
09:33:46 INFO  State of current operation: PENDING
09:33:48 INFO  State of current operation: PENDING
09:33:50 INFO  State of current operation: PENDING
09:33:53 INFO  State of current operation: PENDING
09:33:55 INFO  State of current operation: PENDING
09:33:57 INFO  State of current operation: PENDING
09:33:59 INFO  State of current operation: PENDING
09:34:01 INFO  State of current operation: PENDING
09:34:04 INFO  State of current operation: PENDING
09:34:06 INFO  State of current operation: PENDING
09:34:08 INFO  State of current operation: PENDING
09:34:10 INFO  State of current operation: PENDING
09:34:13 INFO  State of current operation: PENDING
09:34:15 INFO  State of current operation: PENDING
09:34:17 INFO  State of current operation: PENDING
09:34:20 INFO  State of current operation: PENDING
09:34:22 INFO  State of current operation: PENDING
09:34:24 INFO  State of current operation: PENDING
09:34:26 INFO  State of current operation: PENDING
09:34:28 INFO  State of current operation: PENDING
09:34:31 INFO  State of current operation: PENDING
09:34:33 INFO  State of current operation: PENDING
09:34:35 INFO  State of current operation: PENDING
09:34:37 INFO  State of current operation: PENDING
09:34:40 INFO  State of current operation: PENDING
09:34:42 INFO  State of current operation: PENDING
09:34:44 INFO  State of current operation: PENDING
09:34:46 INFO  State of current operation: PENDING
09:34:48 INFO  State of current operation: PENDING
09:34:51 INFO  State of current operation: PENDING
09:34:53 INFO  State of current operation: PENDING
09:34:55 INFO  State of current operation: PENDING
09:34:57 INFO  State of current operation: PENDING
09:35:00 INFO  State of current operation: PENDING
09:35:02 INFO  State of current operation: PENDING
09:35:04 INFO  State of current operation: PENDING
09:35:06 INFO  State of current operation: PENDING
09:35:09 INFO  State of current operation: PENDING
09:35:11 INFO  State of current operation: PENDING
09:35:13 INFO  State of current operation: PENDING
09:35:15 INFO  State of current operation: PENDING
09:35:18 INFO  State of current operation: PENDING
09:35:20 WARN  SystemError occurred while running test - Timeout while waiting for status FAILED or SUCCESSFUL
Traceback (most recent call last):
  File &quot;/home/pi/env-pysys/lib/python3.7/site-packages/pysys/baserunner.py&quot;, line 1292, in __call__
    self.testObj.setup()
  File &quot;/home/pi/actions-runner/_work/thin-edge.io/thin-edge.io/tests/PySys/software_management_end_to_end/sm_apt_install_fail/run.py&quot;, line 20, in setup
    super().setup()
  File &quot;/home/pi/actions-runner/_work/thin-edge.io/thin-edge.io/tests/PySys/software_management_end_to_end/environment_sm_management.py&quot;, line 151, in setup
    self.wait_until_end()
  File &quot;/home/pi/actions-runner/_work/thin-edge.io/thin-edge.io/tests/PySys/software_management_end_to_end/environment_sm_management.py&quot;, line 332, in wait_until_end
    self.wait_until_status(&quot;FAILED&quot;, &quot;SUCCESSFUL&quot;)
  File &quot;/home/pi/actions-runner/_work/thin-edge.io/thin-edge.io/tests/PySys/software_management_end_to_end/environment_sm_management.py&quot;, line 381, in wait_until_status
    &quot;Timeout while waiting for status %s or %s&quot; % (status, status2)
SystemError: Timeout while waiting for status FAILED or SUCCESSFUL
09:35:20 WARN  SystemError: Timeout while waiting for status FAILED or SUCCESSFUL ... blocked 
09:35:20 INFO  
09:35:20 INFO  cleanup:
09:35:24 INFO  Executed sudo&lt;tedge_disconnect_c8y&gt;, exit status 0
09:35:24 INFO  Executed systemctl&lt;serv_mapper5&gt;, exit status 3
09:35:24 INFO  
09:35:24 INFO  Test duration: 165.76 secs
09:35:24 INFO  Test final outcome:  BLOCKED
09:35:24 INFO  Test outcome reason: SystemError: Timeout while waiting for status FAILED or SUCCESSFUL
09:35:24 INFO  
</system-out>
	</testcase>
</testsuite>
