<?xml version="1.0" encoding="utf-8"?>
<testsuite failures="1" name="SoftwareManagement.sm_apt_install_download_path" skipped="0" tests="1" time="87.91" timestamp="2022-04-15T09:32:38">
	<testcase classname="AptInstallWithDownloadPath" name="SoftwareManagement.sm_apt_install_download_path">
		<failure message="BLOCKED: AssertionError:" type="BLOCKED"/>
		<system-out>09:31:11 INFO  ==============================================================
09:31:11 INFO  Id:    SoftwareManagement.sm_apt_install_download_path
09:31:11 INFO  Dir:   software_management_end_to_end/
09:31:11 INFO  Title: Install package to directory specified in tedge config set tmp.path
09:31:11 INFO  ==============================================================
09:31:11 INFO  Using sw id database: {'asciijump': '5475369', 'robotfindskitten': '5474869', 'squirrel3': '5475279', 'rolldice': '5152439', 'moon-buggy': '5439204', 'apple': '5495053', 'banana': '5494888', 'cherry': '5495382', 'watermelon': '5494510', 'registry': '8018911', 'hello-world': '8021526', 'docker/getting-started': '8021973', 'alpine': '7991792'}
09:31:11 INFO  EnvironmentC8y Setup
09:31:11 INFO  Executed systemctl&lt;serv_mapper1&gt;, exit status 3
09:31:26 INFO  Executed sudo&lt;tedge_connect_c8y&gt;, exit status 0, duration 14 secs
09:31:28 INFO  Executed sudo&lt;tedge_connect_c8y_test&gt;, exit status 0
09:31:29 INFO  Executed systemctl&lt;serv_mosq2&gt;, exit status 0
09:31:30 INFO  Executed systemctl&lt;serv_mapper3&gt;, exit status 0
09:31:32 INFO  State of current operation: SUCCESSFUL
09:31:32 INFO  Assert that (False == value) with value=False ... passed
09:31:33 INFO  Executed sudo, exit status 0
09:31:33 INFO  Executed sudo, exit status 0
09:31:34 INFO  Executed sudo, exit status 0
09:31:39 INFO  Executed sudo&lt;tedge_disconnect_c8y&gt;, exit status 0
09:31:39 INFO  Restarting mosquitto too frequently in the last 10 seconds. It was only up for 4 seconds
09:31:39 INFO  Delaying execution by 7 seconds
09:32:01 INFO  Executed sudo&lt;tedge_connect_c8y&gt;, exit status 0, duration 14 secs
09:32:01 INFO  Response status: 201
09:32:01 INFO  Response to action: {
    &quot;creationTime&quot;: &quot;2022-04-15T09:32:01.387Z&quot;,
    &quot;deviceName&quot;: &quot;mythicb&quot;,
    &quot;deviceId&quot;: &quot;17348285&quot;,
    &quot;self&quot;: &quot;https://t493319102.eu-latest.cumulocity.com/devicecontrol/operations/17367023&quot;,
    &quot;id&quot;: &quot;17367023&quot;,
    &quot;status&quot;: &quot;PENDING&quot;,
    &quot;description&quot;: &quot;Apply software changes, triggered from PySys: [{'name': 'rolldice', 'id': '5152439', 'version': '::apt', 'url': 'https://thin-edge-io.eu-latest.cumulocity.com/inventory/binaries/12435463', 'action': 'install'}]&quot;,
    &quot;c8y_SoftwareUpdate&quot;: [
        {
            &quot;name&quot;: &quot;rolldice&quot;,
            &quot;action&quot;: &quot;install&quot;,
            &quot;id&quot;: &quot;5152439&quot;,
            &quot;version&quot;: &quot;::apt&quot;,
            &quot;url&quot;: &quot;https://thin-edge-io.eu-latest.cumulocity.com/inventory/binaries/12435463&quot;
        }
    ]
}
09:32:01 INFO  Started operation: {'creationTime': '2022-04-15T09:32:01.387Z', 'deviceName': 'mythicb', 'deviceId': '17348285', 'self': 'https://t493319102.eu-latest.cumulocity.com/devicecontrol/operations/17367023', 'id': '17367023', 'status': 'PENDING', 'description': &quot;Apply software changes, triggered from PySys: [{'name': 'rolldice', 'id': '5152439', 'version': '::apt', 'url': 'https://thin-edge-io.eu-latest.cumulocity.com/inventory/binaries/12435463', 'action': 'install'}]&quot;, 'c8y_SoftwareUpdate': [{'name': 'rolldice', 'action': 'install', 'id': '5152439', 'version': '::apt', 'url': 'https://thin-edge-io.eu-latest.cumulocity.com/inventory/binaries/12435463'}]}
09:32:01 WARN  , retrying in 0.5 seconds...
09:32:01 WARN  , retrying in 0.5 seconds...
09:32:02 WARN  , retrying in 0.5 seconds...
09:32:02 WARN  , retrying in 0.5 seconds...
09:32:03 WARN  , retrying in 0.5 seconds...
09:32:03 WARN  , retrying in 0.5 seconds...
09:32:04 WARN  , retrying in 0.5 seconds...
09:32:04 WARN  , retrying in 0.5 seconds...
09:32:05 WARN  , retrying in 0.5 seconds...
09:32:05 WARN  AssertionError occurred while running test - 
Traceback (most recent call last):
  File &quot;/home/pi/env-pysys/lib/python3.7/site-packages/pysys/baserunner.py&quot;, line 1294, in __call__
    self.testObj.execute()
  File &quot;/home/pi/actions-runner/_work/thin-edge.io/thin-edge.io/tests/PySys/software_management_end_to_end/sm_apt_install_download_path/run.py&quot;, line 83, in execute
    assert_install_in_download_path(install_directory=self.DOWNLOAD_DIR)
  File &quot;/home/pi/env-pysys/lib/python3.7/site-packages/decorator.py&quot;, line 232, in fun
    return caller(func, *(extras + args), **kw)
  File &quot;/home/pi/env-pysys/lib/python3.7/site-packages/retry/api.py&quot;, line 74, in retry_decorator
    logger)
  File &quot;/home/pi/env-pysys/lib/python3.7/site-packages/retry/api.py&quot;, line 33, in __retry_internal
    return f()
  File &quot;/home/pi/actions-runner/_work/thin-edge.io/thin-edge.io/tests/PySys/software_management_end_to_end/sm_apt_install_download_path/run.py&quot;, line 28, in assert_install_in_download_path
    assert &quot;rolldice&quot; in os.listdir(f&quot;{install_directory}&quot;)
AssertionError
09:32:06 WARN  AssertionError: ... blocked 
09:32:06 INFO  
09:32:06 INFO  cleanup:
09:32:07 INFO  Executed sudo, exit status 0
09:32:07 INFO  Executed sudo, exit status 0
09:32:11 INFO  Executed sudo&lt;tedge_disconnect_c8y&gt;, exit status 0
09:32:12 INFO  Restarting mosquitto too frequently in the last 10 seconds. It was only up for 4 seconds
09:32:12 INFO  Delaying execution by 7 seconds
09:32:33 INFO  Executed sudo&lt;tedge_connect_c8y&gt;, exit status 0, duration 14 secs
09:32:38 INFO  Executed sudo&lt;tedge_disconnect_c8y&gt;, exit status 0
09:32:38 INFO  Executed systemctl&lt;serv_mapper5&gt;, exit status 3
09:32:38 INFO  
09:32:38 INFO  Test duration: 87.91 secs
09:32:38 INFO  Test final outcome:  BLOCKED
09:32:38 INFO  Test outcome reason: AssertionError:
09:32:38 INFO  
</system-out>
	</testcase>
</testsuite>
