<?xml version="1.0" encoding="utf-8"?>
<testsuite failures="1" name="SoftwareManagement.sm_mixed_install_remove_multiple" skipped="0" tests="1" time="171.54" timestamp="2022-05-09T17:17:01">
	<testcase classname="PySysTest" name="SoftwareManagement.sm_mixed_install_remove_multiple">
		<failure message="FAILED: Assert that (False == value) with value=True" type="FAILED"/>
		<system-out>17:14:10 INFO  ==============================================================
17:14:10 INFO  Id:    SoftwareManagement.sm_mixed_install_remove_multiple
17:14:10 INFO  Dir:   software_management_end_to_end/
17:14:10 INFO  Title: Validate end to end behaviour for the dummy-plugin for multiple packages with mixed versions
17:14:10 INFO  ==============================================================
17:14:10 INFO  Using sw id database: {'asciijump': '5475369', 'robotfindskitten': '5474869', 'squirrel3': '5475279', 'rolldice': '5152439', 'moon-buggy': '5439204', 'apple': '5495053', 'banana': '5494888', 'cherry': '5495382', 'watermelon': '5494510', 'registry': '8018911', 'hello-world': '8021526', 'docker/getting-started': '8021973', 'alpine': '7991792'}
17:14:10 INFO  EnvironmentC8y Setup
17:14:11 INFO  Executed systemctl&lt;serv_mapper1&gt;, exit status 3
17:14:11 INFO  Restarting mosquitto too frequently in the last 10 seconds. It was only up for 5 seconds
17:14:11 INFO  Delaying execution by 6 seconds
17:14:31 INFO  Executed sudo&lt;tedge_connect_c8y&gt;, exit status 0, duration 13 secs
17:14:32 INFO  Executed sudo&lt;tedge_connect_c8y_test&gt;, exit status 0
17:14:32 INFO  Executed systemctl&lt;serv_mosq2&gt;, exit status 0
17:14:33 INFO  Executed systemctl&lt;serv_mapper3&gt;, exit status 0
17:14:35 INFO  State of current operation: SUCCESSFUL
17:14:35 INFO  Package apple is installed
17:14:35 INFO  Assert that (True == value) with value=True ... passed
17:14:35 INFO  Package banana is installed
17:14:35 INFO  Assert that (True == value) with value=True ... passed
17:14:35 INFO  Package cherry is installed
17:14:35 INFO  Assert that (True == value) with value=True ... passed
17:14:36 INFO  Package asciijump is installed
17:14:36 WARN  Assert that (False == value) with value=True ... failed 
17:14:36 INFO  Assert that (False == value) with value=False ... passed
17:14:36 INFO  Response status: 201
17:14:36 INFO  Response to action: {
    &quot;creationTime&quot;: &quot;2022-05-09T17:14:36.631Z&quot;,
    &quot;deviceName&quot;: &quot;mythicd&quot;,
    &quot;deviceId&quot;: &quot;18560094&quot;,
    &quot;self&quot;: &quot;https://t493319102.eu-latest.cumulocity.com/devicecontrol/operations/18565034&quot;,
    &quot;id&quot;: &quot;18565034&quot;,
    &quot;status&quot;: &quot;PENDING&quot;,
    &quot;description&quot;: &quot;Apply software changes, triggered from PySys: [{'action': 'install', 'id': '5495053', 'name': 'apple', 'url': ' ', 'version': '::fruits'}, {'action': 'install', 'id': '5494888', 'name': 'banana', 'url': ' ', 'version': '::fruits'}, {'action': 'install', 'id': '5475369', 'name': 'asciijump', 'url': ' ', 'version': '::apt'}, {'action': 'install', 'id': '5495382', 'name': 'cherry', 'url': ' ', 'version': '::fruits'}, {'action': 'install', 'id': '8018911', 'name': 'registry', 'url': ' ', 'version': '::docker'}]&quot;,
    &quot;c8y_SoftwareUpdate&quot;: [
        {
            &quot;name&quot;: &quot;apple&quot;,
            &quot;action&quot;: &quot;install&quot;,
            &quot;id&quot;: &quot;5495053&quot;,
            &quot;version&quot;: &quot;::fruits&quot;,
            &quot;url&quot;: &quot; &quot;
        },
        {
            &quot;name&quot;: &quot;banana&quot;,
            &quot;action&quot;: &quot;install&quot;,
            &quot;id&quot;: &quot;5494888&quot;,
            &quot;version&quot;: &quot;::fruits&quot;,
            &quot;url&quot;: &quot; &quot;
        },
        {
            &quot;name&quot;: &quot;asciijump&quot;,
            &quot;action&quot;: &quot;install&quot;,
            &quot;id&quot;: &quot;5475369&quot;,
            &quot;version&quot;: &quot;::apt&quot;,
            &quot;url&quot;: &quot; &quot;
        },
        {
            &quot;name&quot;: &quot;cherry&quot;,
            &quot;action&quot;: &quot;install&quot;,
            &quot;id&quot;: &quot;5495382&quot;,
            &quot;version&quot;: &quot;::fruits&quot;,
            &quot;url&quot;: &quot; &quot;
        },
        {
            &quot;name&quot;: &quot;registry&quot;,
            &quot;action&quot;: &quot;install&quot;,
            &quot;id&quot;: &quot;8018911&quot;,
            &quot;version&quot;: &quot;::docker&quot;,
            &quot;url&quot;: &quot; &quot;
        }
    ]
}
17:14:36 INFO  Started operation: {'creationTime': '2022-05-09T17:14:36.631Z', 'deviceName': 'mythicd', 'deviceId': '18560094', 'self': 'https://t493319102.eu-latest.cumulocity.com/devicecontrol/operations/18565034', 'id': '18565034', 'status': 'PENDING', 'description': &quot;Apply software changes, triggered from PySys: [{'action': 'install', 'id': '5495053', 'name': 'apple', 'url': ' ', 'version': '::fruits'}, {'action': 'install', 'id': '5494888', 'name': 'banana', 'url': ' ', 'version': '::fruits'}, {'action': 'install', 'id': '5475369', 'name': 'asciijump', 'url': ' ', 'version': '::apt'}, {'action': 'install', 'id': '5495382', 'name': 'cherry', 'url': ' ', 'version': '::fruits'}, {'action': 'install', 'id': '8018911', 'name': 'registry', 'url': ' ', 'version': '::docker'}]&quot;, 'c8y_SoftwareUpdate': [{'name': 'apple', 'action': 'install', 'id': '5495053', 'version': '::fruits', 'url': ' '}, {'name': 'banana', 'action': 'install', 'id': '5494888', 'version': '::fruits', 'url': ' '}, {'name': 'asciijump', 'action': 'install', 'id': '5475369', 'version': '::apt', 'url': ' '}, {'name': 'cherry', 'action': 'install', 'id': '5495382', 'version': '::fruits', 'url': ' '}, {'name': 'registry', 'action': 'install', 'id': '8018911', 'version': '::docker', 'url': ' '}]}
17:14:38 INFO  State of operation 18565034 : PENDING
17:14:41 INFO  State of operation 18565034 : EXECUTING
17:14:43 INFO  State of operation 18565034 : EXECUTING
17:14:45 INFO  State of operation 18565034 : EXECUTING
17:14:47 INFO  State of operation 18565034 : EXECUTING
17:14:50 INFO  State of operation 18565034 : EXECUTING
17:14:52 INFO  State of operation 18565034 : EXECUTING
17:14:55 INFO  State of operation 18565034 : EXECUTING
17:14:57 INFO  State of operation 18565034 : EXECUTING
17:15:00 INFO  State of operation 18565034 : EXECUTING
17:15:02 INFO  State of operation 18565034 : EXECUTING
17:15:04 INFO  State of operation 18565034 : EXECUTING
17:15:07 INFO  State of operation 18565034 : EXECUTING
17:15:09 INFO  State of operation 18565034 : EXECUTING
17:15:11 INFO  State of operation 18565034 : EXECUTING
17:15:13 INFO  State of operation 18565034 : EXECUTING
17:15:16 INFO  State of operation 18565034 : EXECUTING
17:15:18 INFO  State of operation 18565034 : EXECUTING
17:15:20 INFO  State of operation 18565034 : EXECUTING
17:15:23 INFO  State of operation 18565034 : EXECUTING
17:15:25 INFO  State of operation 18565034 : EXECUTING
17:15:28 INFO  State of operation 18565034 : EXECUTING
17:15:30 INFO  State of operation 18565034 : EXECUTING
17:15:32 INFO  State of operation 18565034 : EXECUTING
17:15:34 INFO  State of operation 18565034 : EXECUTING
17:15:37 INFO  State of operation 18565034 : EXECUTING
17:15:39 INFO  State of operation 18565034 : SUCCESSFUL
17:15:39 INFO  Package apple is installed
17:15:39 INFO  Assert that (True == value) with value=True ... passed
17:15:39 INFO  Package banana is installed
17:15:39 INFO  Assert that (True == value) with value=True ... passed
17:15:40 INFO  Package cherry is installed
17:15:40 INFO  Assert that (True == value) with value=True ... passed
17:15:40 INFO  Package asciijump is installed
17:15:40 INFO  Assert that (True == value) with value=True ... passed
17:15:40 INFO  Package registry is installed
17:15:40 INFO  Assert that (True == value) with value=True ... passed
17:15:40 INFO  Response status: 201
17:15:40 INFO  Response to action: {
    &quot;creationTime&quot;: &quot;2022-05-09T17:15:40.739Z&quot;,
    &quot;deviceName&quot;: &quot;mythicd&quot;,
    &quot;deviceId&quot;: &quot;18560094&quot;,
    &quot;self&quot;: &quot;https://t493319102.eu-latest.cumulocity.com/devicecontrol/operations/18565036&quot;,
    &quot;id&quot;: &quot;18565036&quot;,
    &quot;status&quot;: &quot;PENDING&quot;,
    &quot;description&quot;: &quot;Apply software changes, triggered from PySys: [{'action': 'delete', 'id': '5495053', 'name': 'apple', 'url': ' ', 'version': '::fruits'}, {'action': 'delete', 'id': '5494888', 'name': 'banana', 'url': ' ', 'version': '::fruits'}, {'action': 'delete', 'id': '5475369', 'name': 'asciijump', 'url': ' ', 'version': '::apt'}, {'action': 'delete', 'id': '5495382', 'name': 'cherry', 'url': ' ', 'version': '::fruits'}, {'action': 'delete', 'id': '8018911', 'name': 'registry', 'url': ' ', 'version': '::docker'}]&quot;,
    &quot;c8y_SoftwareUpdate&quot;: [
        {
            &quot;name&quot;: &quot;apple&quot;,
            &quot;action&quot;: &quot;delete&quot;,
            &quot;id&quot;: &quot;5495053&quot;,
            &quot;version&quot;: &quot;::fruits&quot;,
            &quot;url&quot;: &quot; &quot;
        },
        {
            &quot;name&quot;: &quot;banana&quot;,
            &quot;action&quot;: &quot;delete&quot;,
            &quot;id&quot;: &quot;5494888&quot;,
            &quot;version&quot;: &quot;::fruits&quot;,
            &quot;url&quot;: &quot; &quot;
        },
        {
            &quot;name&quot;: &quot;asciijump&quot;,
            &quot;action&quot;: &quot;delete&quot;,
            &quot;id&quot;: &quot;5475369&quot;,
            &quot;version&quot;: &quot;::apt&quot;,
            &quot;url&quot;: &quot; &quot;
        },
        {
            &quot;name&quot;: &quot;cherry&quot;,
            &quot;action&quot;: &quot;delete&quot;,
            &quot;id&quot;: &quot;5495382&quot;,
            &quot;version&quot;: &quot;::fruits&quot;,
            &quot;url&quot;: &quot; &quot;
        },
        {
            &quot;name&quot;: &quot;registry&quot;,
            &quot;action&quot;: &quot;delete&quot;,
            &quot;id&quot;: &quot;8018911&quot;,
            &quot;version&quot;: &quot;::docker&quot;,
            &quot;url&quot;: &quot; &quot;
        }
    ]
}
17:15:40 INFO  Started operation: {'creationTime': '2022-05-09T17:15:40.739Z', 'deviceName': 'mythicd', 'deviceId': '18560094', 'self': 'https://t493319102.eu-latest.cumulocity.com/devicecontrol/operations/18565036', 'id': '18565036', 'status': 'PENDING', 'description': &quot;Apply software changes, triggered from PySys: [{'action': 'delete', 'id': '5495053', 'name': 'apple', 'url': ' ', 'version': '::fruits'}, {'action': 'delete', 'id': '5494888', 'name': 'banana', 'url': ' ', 'version': '::fruits'}, {'action': 'delete', 'id': '5475369', 'name': 'asciijump', 'url': ' ', 'version': '::apt'}, {'action': 'delete', 'id': '5495382', 'name': 'cherry', 'url': ' ', 'version': '::fruits'}, {'action': 'delete', 'id': '8018911', 'name': 'registry', 'url': ' ', 'version': '::docker'}]&quot;, 'c8y_SoftwareUpdate': [{'name': 'apple', 'action': 'delete', 'id': '5495053', 'version': '::fruits', 'url': ' '}, {'name': 'banana', 'action': 'delete', 'id': '5494888', 'version': '::fruits', 'url': ' '}, {'name': 'asciijump', 'action': 'delete', 'id': '5475369', 'version': '::apt', 'url': ' '}, {'name': 'cherry', 'action': 'delete', 'id': '5495382', 'version': '::fruits', 'url': ' '}, {'name': 'registry', 'action': 'delete', 'id': '8018911', 'version': '::docker', 'url': ' '}]}
17:15:43 INFO  State of operation 18565036 : PENDING
17:15:45 INFO  State of operation 18565036 : EXECUTING
17:15:47 INFO  State of operation 18565036 : EXECUTING
17:15:49 INFO  State of operation 18565036 : EXECUTING
17:15:51 INFO  State of operation 18565036 : EXECUTING
17:15:54 INFO  State of operation 18565036 : EXECUTING
17:15:56 INFO  State of operation 18565036 : EXECUTING
17:15:59 INFO  State of operation 18565036 : EXECUTING
17:16:02 INFO  State of operation 18565036 : EXECUTING
17:16:05 INFO  State of operation 18565036 : EXECUTING
17:16:07 INFO  State of operation 18565036 : EXECUTING
17:16:09 INFO  State of operation 18565036 : EXECUTING
17:16:11 INFO  State of operation 18565036 : EXECUTING
17:16:13 INFO  State of operation 18565036 : EXECUTING
17:16:16 INFO  State of operation 18565036 : EXECUTING
17:16:18 INFO  State of operation 18565036 : EXECUTING
17:16:21 INFO  State of operation 18565036 : EXECUTING
17:16:23 INFO  State of operation 18565036 : EXECUTING
17:16:25 INFO  State of operation 18565036 : EXECUTING
17:16:28 INFO  State of operation 18565036 : EXECUTING
17:16:30 INFO  State of operation 18565036 : EXECUTING
17:16:32 INFO  State of operation 18565036 : EXECUTING
17:16:34 INFO  State of operation 18565036 : EXECUTING
17:16:37 INFO  State of operation 18565036 : EXECUTING
17:16:39 INFO  State of operation 18565036 : EXECUTING
17:16:42 INFO  State of operation 18565036 : EXECUTING
17:16:44 INFO  State of operation 18565036 : EXECUTING
17:16:46 INFO  State of operation 18565036 : EXECUTING
17:16:48 INFO  State of operation 18565036 : EXECUTING
17:16:51 INFO  State of operation 18565036 : EXECUTING
17:16:53 INFO  State of operation 18565036 : EXECUTING
17:16:55 INFO  State of operation 18565036 : SUCCESSFUL
17:16:55 INFO  Package apple is installed
17:16:55 INFO  Assert that (True == value) with value=True ... passed
17:16:56 INFO  Package banana is installed
17:16:56 INFO  Assert that (True == value) with value=True ... passed
17:16:56 INFO  Package cherry is installed
17:16:56 INFO  Assert that (True == value) with value=True ... passed
17:16:56 INFO  Assert that (False == value) with value=False ... passed
17:16:56 INFO  Assert that (False == value) with value=False ... passed
17:16:56 INFO  
17:16:56 INFO  cleanup:
17:17:01 INFO  Executed sudo&lt;tedge_disconnect_c8y&gt;, exit status 0
17:17:01 INFO  Executed systemctl&lt;serv_mapper5&gt;, exit status 3
17:17:01 INFO  
17:17:01 INFO  Test duration: 171.54 secs
17:17:01 INFO  Test final outcome:  FAILED
17:17:01 INFO  Test outcome reason: Assert that (False == value) with value=True
17:17:01 INFO  
</system-out>
	</testcase>
</testsuite>
