<?xml version="1.0" encoding="utf-8"?>
<testsuite failures="1" name="SoftwareManagement.sm_apt_install_download_path" skipped="0" tests="1" time="86.6" timestamp="2022-05-23T10:17:18">
	<testcase classname="AptInstallWithDownloadPath" name="SoftwareManagement.sm_apt_install_download_path">
		<failure message="BLOCKED: AssertionError:" type="BLOCKED"/>
		<system-out>10:15:51 INFO  ==============================================================
10:15:51 INFO  Id:    SoftwareManagement.sm_apt_install_download_path
10:15:51 INFO  Dir:   software_management_end_to_end/
10:15:51 INFO  Title: Install package to directory specified in tedge config set tmp.path
10:15:51 INFO  ==============================================================
10:15:52 INFO  Using sw id database: {'asciijump': '5475369', 'robotfindskitten': '5474869', 'squirrel3': '5475279', 'rolldice': '5152439', 'moon-buggy': '5439204', 'apple': '5495053', 'banana': '5494888', 'cherry': '5495382', 'watermelon': '5494510', 'registry': '8018911', 'hello-world': '8021526', 'docker/getting-started': '8021973', 'alpine': '7991792'}
10:15:52 INFO  EnvironmentC8y Setup
10:15:53 INFO  Executed systemctl&lt;serv_mapper1&gt;, exit status 3
10:16:08 INFO  Executed sudo&lt;tedge_connect_c8y&gt;, exit status 0, duration 14 secs
10:16:08 INFO  Executed sudo&lt;tedge_connect_c8y_test&gt;, exit status 0
10:16:09 INFO  Executed systemctl&lt;serv_mosq2&gt;, exit status 0
10:16:09 INFO  Executed systemctl&lt;serv_mapper3&gt;, exit status 0
10:16:12 INFO  State of current operation: SUCCESSFUL
10:16:12 INFO  Assert that (False == value) with value=False ... passed
10:16:12 INFO  Executed sudo, exit status 0
10:16:13 INFO  Executed sudo, exit status 0
10:16:14 INFO  Executed sudo, exit status 0
10:16:17 INFO  Executed sudo&lt;tedge_disconnect_c8y&gt;, exit status 0
10:16:18 INFO  Restarting mosquitto too frequently in the last 10 seconds. It was only up for 3 seconds
10:16:18 INFO  Delaying execution by 8 seconds
10:16:40 INFO  Executed sudo&lt;tedge_connect_c8y&gt;, exit status 0, duration 14 secs
10:16:40 INFO  Response status: 201
10:16:40 INFO  Response to action: {
    &quot;creationTime&quot;: &quot;2022-05-23T10:16:40.456Z&quot;,
    &quot;deviceId&quot;: &quot;19492120&quot;,
    &quot;deviceName&quot;: &quot;mythicd&quot;,
    &quot;self&quot;: &quot;https://t493319102.eu-latest.cumulocity.com/devicecontrol/operations/19512696&quot;,
    &quot;id&quot;: &quot;19512696&quot;,
    &quot;status&quot;: &quot;PENDING&quot;,
    &quot;description&quot;: &quot;Apply software changes, triggered from PySys: [{'name': 'rolldice', 'id': '5152439', 'version': '::apt', 'url': 'https://thin-edge-io.eu-latest.cumulocity.com/inventory/binaries/12435463', 'action': 'install'}]&quot;,
    &quot;c8y_SoftwareUpdate&quot;: [
        {
            &quot;name&quot;: &quot;rolldice&quot;,
            &quot;action&quot;: &quot;install&quot;,
            &quot;id&quot;: &quot;5152439&quot;,
            &quot;version&quot;: &quot;::apt&quot;,
            &quot;url&quot;: &quot;https://thin-edge-io.eu-latest.cumulocity.com/inventory/binaries/12435463&quot;
        }
    ]
}
10:16:40 INFO  Started operation: {'creationTime': '2022-05-23T10:16:40.456Z', 'deviceId': '19492120', 'deviceName': 'mythicd', 'self': 'https://t493319102.eu-latest.cumulocity.com/devicecontrol/operations/19512696', 'id': '19512696', 'status': 'PENDING', 'description': &quot;Apply software changes, triggered from PySys: [{'name': 'rolldice', 'id': '5152439', 'version': '::apt', 'url': 'https://thin-edge-io.eu-latest.cumulocity.com/inventory/binaries/12435463', 'action': 'install'}]&quot;, 'c8y_SoftwareUpdate': [{'name': 'rolldice', 'action': 'install', 'id': '5152439', 'version': '::apt', 'url': 'https://thin-edge-io.eu-latest.cumulocity.com/inventory/binaries/12435463'}]}
10:16:40 WARN  , retrying in 0.5 seconds...
10:16:41 WARN  , retrying in 0.5 seconds...
10:16:41 WARN  , retrying in 0.5 seconds...
10:16:42 WARN  , retrying in 0.5 seconds...
10:16:42 WARN  , retrying in 0.5 seconds...
10:16:43 WARN  , retrying in 0.5 seconds...
10:16:43 WARN  , retrying in 0.5 seconds...
10:16:44 WARN  , retrying in 0.5 seconds...
10:16:44 WARN  , retrying in 0.5 seconds...
10:16:45 WARN  AssertionError occurred while running test - 
Traceback (most recent call last):
  File &quot;/home/pi/env-pysys/lib/python3.7/site-packages/pysys/baserunner.py&quot;, line 1294, in __call__
    self.testObj.execute()
  File &quot;/home/pi/actions-runner/_work/thin-edge.io/thin-edge.io/tests/PySys/software_management_end_to_end/sm_apt_install_download_path/run.py&quot;, line 83, in execute
    assert_install_in_download_path(install_directory=self.DOWNLOAD_DIR)
  File &quot;/home/pi/env-pysys/lib/python3.7/site-packages/decorator.py&quot;, line 232, in fun
    return caller(func, *(extras + args), **kw)
  File &quot;/home/pi/env-pysys/lib/python3.7/site-packages/retry/api.py&quot;, line 74, in retry_decorator
    logger)
  File &quot;/home/pi/env-pysys/lib/python3.7/site-packages/retry/api.py&quot;, line 33, in __retry_internal
    return f()
  File &quot;/home/pi/actions-runner/_work/thin-edge.io/thin-edge.io/tests/PySys/software_management_end_to_end/sm_apt_install_download_path/run.py&quot;, line 28, in assert_install_in_download_path
    assert &quot;rolldice&quot; in os.listdir(f&quot;{install_directory}&quot;)
AssertionError
10:16:45 WARN  AssertionError: ... blocked 
10:16:45 INFO  
10:16:45 INFO  cleanup:
10:16:46 INFO  Executed sudo, exit status 0
10:16:46 INFO  Executed sudo, exit status 0
10:16:52 INFO  Executed sudo&lt;tedge_disconnect_c8y&gt;, exit status 0
10:16:52 INFO  Restarting mosquitto too frequently in the last 10 seconds. It was only up for 5 seconds
10:16:52 INFO  Delaying execution by 6 seconds
10:17:13 INFO  Executed sudo&lt;tedge_connect_c8y&gt;, exit status 0, duration 14 secs
10:17:17 INFO  Executed sudo&lt;tedge_disconnect_c8y&gt;, exit status 0
10:17:18 INFO  Executed systemctl&lt;serv_mapper5&gt;, exit status 3
10:17:18 INFO  
10:17:18 INFO  Test duration: 86.60 secs
10:17:18 INFO  Test final outcome:  BLOCKED
10:17:18 INFO  Test outcome reason: AssertionError:
10:17:18 INFO  
</system-out>
	</testcase>
</testsuite>
