<?xml version="1.0" encoding="utf-8"?>
<testsuite failures="1" name="SoftwareManagement.sm_apt_install_remove_multiple_mixed" skipped="0" tests="1" time="181.48" timestamp="2022-05-03T09:09:38">
	<testcase classname="PySysTest" name="SoftwareManagement.sm_apt_install_remove_multiple_mixed">
		<failure message="BLOCKED: SystemError: Timeout while waiting for status SUCCESSFUL or False (+1 other failures)" type="BLOCKED"/>
		<system-out>09:06:36 INFO  ==============================================================
09:06:36 INFO  Id:    SoftwareManagement.sm_apt_install_remove_multiple_mixed
09:06:36 INFO  Dir:   software_management_end_to_end/
09:06:36 INFO  Title: Validate end to end behaviour for the apt plugin for multiple packages with mixed versions
09:06:36 INFO  ==============================================================
09:06:36 INFO  Using sw id database: {'asciijump': '5475369', 'robotfindskitten': '5474869', 'squirrel3': '5475279', 'rolldice': '5152439', 'moon-buggy': '5439204', 'apple': '5495053', 'banana': '5494888', 'cherry': '5495382', 'watermelon': '5494510', 'registry': '8018911', 'hello-world': '8021526', 'docker/getting-started': '8021973', 'alpine': '7991792'}
09:06:36 INFO  EnvironmentC8y Setup
09:06:37 INFO  Executed systemctl&lt;serv_mapper1&gt;, exit status 3
09:06:37 INFO  Restarting mosquitto too frequently in the last 10 seconds. It was only up for 4 seconds
09:06:37 INFO  Delaying execution by 7 seconds
09:06:58 INFO  Executed sudo&lt;tedge_connect_c8y&gt;, exit status 0, duration 14 secs
09:06:59 INFO  Executed sudo&lt;tedge_connect_c8y_test&gt;, exit status 0
09:06:59 INFO  Executed systemctl&lt;serv_mosq2&gt;, exit status 0
09:07:00 INFO  Executed systemctl&lt;serv_mapper3&gt;, exit status 0
09:07:02 INFO  State of current operation: SUCCESSFUL
09:07:02 INFO  Assert that (False == value) with value=False ... passed
09:07:02 INFO  Assert that (False == value) with value=False ... passed
09:07:03 INFO  Assert that (False == value) with value=False ... passed
09:07:03 INFO  Assert that (False == value) with value=False ... passed
09:07:03 INFO  Package moon-buggy is installed
09:07:03 WARN  Assert that (False == value) with value=True ... failed 
09:07:04 INFO  Response status: 201
09:07:04 INFO  Response to action: {
    &quot;creationTime&quot;: &quot;2022-05-03T09:07:04.947Z&quot;,
    &quot;deviceName&quot;: &quot;mythicd&quot;,
    &quot;deviceId&quot;: &quot;18233697&quot;,
    &quot;self&quot;: &quot;https://t493319102.eu-latest.cumulocity.com/devicecontrol/operations/18274034&quot;,
    &quot;id&quot;: &quot;18274034&quot;,
    &quot;status&quot;: &quot;PENDING&quot;,
    &quot;description&quot;: &quot;Apply software changes, triggered from PySys: [{'action': 'install', 'id': '5475369', 'name': 'asciijump', 'url': ' ', 'version': '::apt'}, {'action': 'install', 'id': '5474869', 'name': 'robotfindskitten', 'url': ' ', 'version': ' '}, {'action': 'install', 'id': '5475279', 'name': 'squirrel3', 'url': ' ', 'version': '3.1-7::apt'}, {'action': 'install', 'id': '5152439', 'name': 'rolldice', 'url': ' ', 'version': '1.16-1+b1'}, {'action': 'install', 'id': '5439204', 'name': 'moon-buggy', 'url': ' ', 'version': '1:1.0.51-12'}, {'action': 'install', 'id': '5475369', 'name': 'asciijump', 'url': ' ', 'version': '::apt'}]&quot;,
    &quot;c8y_SoftwareUpdate&quot;: [
        {
            &quot;name&quot;: &quot;asciijump&quot;,
            &quot;action&quot;: &quot;install&quot;,
            &quot;id&quot;: &quot;5475369&quot;,
            &quot;version&quot;: &quot;::apt&quot;,
            &quot;url&quot;: &quot; &quot;
        },
        {
            &quot;name&quot;: &quot;robotfindskitten&quot;,
            &quot;action&quot;: &quot;install&quot;,
            &quot;id&quot;: &quot;5474869&quot;,
            &quot;version&quot;: &quot; &quot;,
            &quot;url&quot;: &quot; &quot;
        },
        {
            &quot;name&quot;: &quot;squirrel3&quot;,
            &quot;action&quot;: &quot;install&quot;,
            &quot;id&quot;: &quot;5475279&quot;,
            &quot;version&quot;: &quot;3.1-7::apt&quot;,
            &quot;url&quot;: &quot; &quot;
        },
        {
            &quot;name&quot;: &quot;rolldice&quot;,
            &quot;action&quot;: &quot;install&quot;,
            &quot;id&quot;: &quot;5152439&quot;,
            &quot;version&quot;: &quot;1.16-1+b1&quot;,
            &quot;url&quot;: &quot; &quot;
        },
        {
            &quot;name&quot;: &quot;moon-buggy&quot;,
            &quot;action&quot;: &quot;install&quot;,
            &quot;id&quot;: &quot;5439204&quot;,
            &quot;version&quot;: &quot;1:1.0.51-12&quot;,
            &quot;url&quot;: &quot; &quot;
        },
        {
            &quot;name&quot;: &quot;asciijump&quot;,
            &quot;action&quot;: &quot;install&quot;,
            &quot;id&quot;: &quot;5475369&quot;,
            &quot;version&quot;: &quot;::apt&quot;,
            &quot;url&quot;: &quot; &quot;
        }
    ]
}
09:07:04 INFO  Started operation: {'creationTime': '2022-05-03T09:07:04.947Z', 'deviceName': 'mythicd', 'deviceId': '18233697', 'self': 'https://t493319102.eu-latest.cumulocity.com/devicecontrol/operations/18274034', 'id': '18274034', 'status': 'PENDING', 'description': &quot;Apply software changes, triggered from PySys: [{'action': 'install', 'id': '5475369', 'name': 'asciijump', 'url': ' ', 'version': '::apt'}, {'action': 'install', 'id': '5474869', 'name': 'robotfindskitten', 'url': ' ', 'version': ' '}, {'action': 'install', 'id': '5475279', 'name': 'squirrel3', 'url': ' ', 'version': '3.1-7::apt'}, {'action': 'install', 'id': '5152439', 'name': 'rolldice', 'url': ' ', 'version': '1.16-1+b1'}, {'action': 'install', 'id': '5439204', 'name': 'moon-buggy', 'url': ' ', 'version': '1:1.0.51-12'}, {'action': 'install', 'id': '5475369', 'name': 'asciijump', 'url': ' ', 'version': '::apt'}]&quot;, 'c8y_SoftwareUpdate': [{'name': 'asciijump', 'action': 'install', 'id': '5475369', 'version': '::apt', 'url': ' '}, {'name': 'robotfindskitten', 'action': 'install', 'id': '5474869', 'version': ' ', 'url': ' '}, {'name': 'squirrel3', 'action': 'install', 'id': '5475279', 'version': '3.1-7::apt', 'url': ' '}, {'name': 'rolldice', 'action': 'install', 'id': '5152439', 'version': '1.16-1+b1', 'url': ' '}, {'name': 'moon-buggy', 'action': 'install', 'id': '5439204', 'version': '1:1.0.51-12', 'url': ' '}, {'name': 'asciijump', 'action': 'install', 'id': '5475369', 'version': '::apt', 'url': ' '}]}
09:07:07 INFO  State of operation 18274034 : PENDING
09:07:09 INFO  State of operation 18274034 : EXECUTING
09:07:11 INFO  State of operation 18274034 : EXECUTING
09:07:13 INFO  State of operation 18274034 : EXECUTING
09:07:16 INFO  State of operation 18274034 : EXECUTING
09:07:18 INFO  State of operation 18274034 : EXECUTING
09:07:21 INFO  State of operation 18274034 : EXECUTING
09:07:24 INFO  State of operation 18274034 : EXECUTING
09:07:26 INFO  State of operation 18274034 : EXECUTING
09:07:29 INFO  State of operation 18274034 : EXECUTING
09:07:31 INFO  State of operation 18274034 : EXECUTING
09:07:33 INFO  State of operation 18274034 : EXECUTING
09:07:35 INFO  State of operation 18274034 : EXECUTING
09:07:38 INFO  State of operation 18274034 : EXECUTING
09:07:40 INFO  State of operation 18274034 : EXECUTING
09:07:42 INFO  State of operation 18274034 : EXECUTING
09:07:45 INFO  State of operation 18274034 : EXECUTING
09:07:47 INFO  State of operation 18274034 : EXECUTING
09:07:50 INFO  State of operation 18274034 : EXECUTING
09:07:52 INFO  State of operation 18274034 : EXECUTING
09:07:54 INFO  State of operation 18274034 : EXECUTING
09:07:56 INFO  State of operation 18274034 : EXECUTING
09:07:59 INFO  State of operation 18274034 : EXECUTING
09:08:01 INFO  State of operation 18274034 : EXECUTING
09:08:04 INFO  State of operation 18274034 : EXECUTING
09:08:07 INFO  State of operation 18274034 : EXECUTING
09:08:09 INFO  State of operation 18274034 : EXECUTING
09:08:11 INFO  State of operation 18274034 : EXECUTING
09:08:14 INFO  State of operation 18274034 : EXECUTING
09:08:16 INFO  State of operation 18274034 : EXECUTING
09:08:19 INFO  State of operation 18274034 : EXECUTING
09:08:21 INFO  State of operation 18274034 : EXECUTING
09:08:24 INFO  State of operation 18274034 : EXECUTING
09:08:26 INFO  State of operation 18274034 : EXECUTING
09:08:28 INFO  State of operation 18274034 : EXECUTING
09:08:30 INFO  State of operation 18274034 : EXECUTING
09:08:32 INFO  State of operation 18274034 : EXECUTING
09:08:35 INFO  State of operation 18274034 : EXECUTING
09:08:37 INFO  State of operation 18274034 : EXECUTING
09:08:40 INFO  State of operation 18274034 : EXECUTING
09:08:43 INFO  State of operation 18274034 : EXECUTING
09:08:45 INFO  State of operation 18274034 : EXECUTING
09:08:47 INFO  State of operation 18274034 : EXECUTING
09:08:49 INFO  State of operation 18274034 : EXECUTING
09:08:52 INFO  State of operation 18274034 : EXECUTING
09:08:54 INFO  State of operation 18274034 : EXECUTING
09:08:56 INFO  State of operation 18274034 : EXECUTING
09:08:59 INFO  State of operation 18274034 : EXECUTING
09:09:01 INFO  State of operation 18274034 : EXECUTING
09:09:04 INFO  State of operation 18274034 : EXECUTING
09:09:06 INFO  State of operation 18274034 : EXECUTING
09:09:08 INFO  State of operation 18274034 : EXECUTING
09:09:11 INFO  State of operation 18274034 : EXECUTING
09:09:14 INFO  State of operation 18274034 : EXECUTING
09:09:16 INFO  State of operation 18274034 : EXECUTING
09:09:18 INFO  State of operation 18274034 : EXECUTING
09:09:20 INFO  State of operation 18274034 : EXECUTING
09:09:23 INFO  State of operation 18274034 : EXECUTING
09:09:25 INFO  State of operation 18274034 : EXECUTING
09:09:28 INFO  State of operation 18274034 : EXECUTING
09:09:30 INFO  State of operation 18274034 : EXECUTING
09:09:32 WARN  SystemError occurred while running test - Timeout while waiting for status SUCCESSFUL or False
Traceback (most recent call last):
  File &quot;/home/pi/env-pysys/lib/python3.7/site-packages/pysys/baserunner.py&quot;, line 1294, in __call__
    self.testObj.execute()
  File &quot;/home/pi/actions-runner/_work/thin-edge.io/thin-edge.io/tests/PySys/software_management_end_to_end/sm_apt_install_remove_multiple_mixed/run.py&quot;, line 89, in execute
    self.wait_until_succcess()
  File &quot;/home/pi/actions-runner/_work/thin-edge.io/thin-edge.io/tests/PySys/software_management_end_to_end/environment_sm_management.py&quot;, line 324, in wait_until_succcess
    self.wait_until_status(&quot;SUCCESSFUL&quot;)
  File &quot;/home/pi/actions-runner/_work/thin-edge.io/thin-edge.io/tests/PySys/software_management_end_to_end/environment_sm_management.py&quot;, line 381, in wait_until_status
    &quot;Timeout while waiting for status %s or %s&quot; % (status, status2)
SystemError: Timeout while waiting for status SUCCESSFUL or False
09:09:32 WARN  SystemError: Timeout while waiting for status SUCCESSFUL or False ... blocked 
09:09:32 INFO  
09:09:32 INFO  cleanup:
09:09:37 INFO  Executed sudo&lt;tedge_disconnect_c8y&gt;, exit status 0
09:09:38 INFO  Executed systemctl&lt;serv_mapper5&gt;, exit status 3
09:09:38 INFO  
09:09:38 INFO  Test duration: 181.48 secs
09:09:38 INFO  Test final outcome:  BLOCKED
09:09:38 INFO  Test outcome reason: SystemError: Timeout while waiting for status SUCCESSFUL or False (+1 other failures)
09:09:38 INFO  
</system-out>
	</testcase>
</testsuite>
