<?xml version="1.0" encoding="utf-8"?>
<testsuite failures="1" name="SoftwareManagement.sm_apt_install_download_path" skipped="0" tests="1" time="85.86" timestamp="2022-05-02T16:05:35">
	<testcase classname="AptInstallWithDownloadPath" name="SoftwareManagement.sm_apt_install_download_path">
		<failure message="BLOCKED: AssertionError:" type="BLOCKED"/>
		<system-out>16:04:09 INFO  ==============================================================
16:04:09 INFO  Id:    SoftwareManagement.sm_apt_install_download_path
16:04:09 INFO  Dir:   software_management_end_to_end/
16:04:09 INFO  Title: Install package to directory specified in tedge config set tmp.path
16:04:09 INFO  ==============================================================
16:04:11 INFO  Using sw id database: {'asciijump': '5475369', 'robotfindskitten': '5474869', 'squirrel3': '5475279', 'rolldice': '5152439', 'moon-buggy': '5439204', 'apple': '5495053', 'banana': '5494888', 'cherry': '5495382', 'watermelon': '5494510', 'registry': '8018911', 'hello-world': '8021526', 'docker/getting-started': '8021973', 'alpine': '7991792'}
16:04:11 INFO  EnvironmentC8y Setup
16:04:11 INFO  Executed systemctl&lt;serv_mapper1&gt;, exit status 3
16:04:26 INFO  Executed sudo&lt;tedge_connect_c8y&gt;, exit status 0, duration 14 secs
16:04:26 INFO  Executed sudo&lt;tedge_connect_c8y_test&gt;, exit status 0
16:04:27 INFO  Executed systemctl&lt;serv_mosq2&gt;, exit status 0
16:04:27 INFO  Executed systemctl&lt;serv_mapper3&gt;, exit status 0
16:04:30 INFO  State of current operation: FAILED
16:04:30 INFO  Assert that (False == value) with value=False ... passed
16:04:30 INFO  Executed sudo, exit status 0
16:04:31 INFO  Executed sudo, exit status 0
16:04:32 INFO  Executed sudo, exit status 0
16:04:36 INFO  Executed sudo&lt;tedge_disconnect_c8y&gt;, exit status 0
16:04:36 INFO  Restarting mosquitto too frequently in the last 10 seconds. It was only up for 3 seconds
16:04:36 INFO  Delaying execution by 8 seconds
16:04:58 INFO  Executed sudo&lt;tedge_connect_c8y&gt;, exit status 0, duration 14 secs
16:04:58 INFO  Response status: 201
16:04:58 INFO  Response to action: {
    &quot;delivery&quot;: {
        &quot;time&quot;: &quot;2022-05-02T16:04:58.389Z&quot;,
        &quot;log&quot;: [],
        &quot;status&quot;: &quot;PENDING&quot;
    },
    &quot;creationTime&quot;: &quot;2022-05-02T16:04:58.372Z&quot;,
    &quot;deviceName&quot;: &quot;mythicd&quot;,
    &quot;deviceId&quot;: &quot;18170793&quot;,
    &quot;self&quot;: &quot;https://t493319102.eu-latest.cumulocity.com/devicecontrol/operations/18212044&quot;,
    &quot;id&quot;: &quot;18212044&quot;,
    &quot;status&quot;: &quot;PENDING&quot;,
    &quot;description&quot;: &quot;Apply software changes, triggered from PySys: [{'name': 'rolldice', 'id': '5152439', 'version': '::apt', 'url': 'https://thin-edge-io.eu-latest.cumulocity.com/inventory/binaries/12435463', 'action': 'install'}]&quot;,
    &quot;c8y_SoftwareUpdate&quot;: [
        {
            &quot;name&quot;: &quot;rolldice&quot;,
            &quot;action&quot;: &quot;install&quot;,
            &quot;id&quot;: &quot;5152439&quot;,
            &quot;version&quot;: &quot;::apt&quot;,
            &quot;url&quot;: &quot;https://thin-edge-io.eu-latest.cumulocity.com/inventory/binaries/12435463&quot;
        }
    ]
}
16:04:58 INFO  Started operation: {'delivery': {'time': '2022-05-02T16:04:58.389Z', 'log': [], 'status': 'PENDING'}, 'creationTime': '2022-05-02T16:04:58.372Z', 'deviceName': 'mythicd', 'deviceId': '18170793', 'self': 'https://t493319102.eu-latest.cumulocity.com/devicecontrol/operations/18212044', 'id': '18212044', 'status': 'PENDING', 'description': &quot;Apply software changes, triggered from PySys: [{'name': 'rolldice', 'id': '5152439', 'version': '::apt', 'url': 'https://thin-edge-io.eu-latest.cumulocity.com/inventory/binaries/12435463', 'action': 'install'}]&quot;, 'c8y_SoftwareUpdate': [{'name': 'rolldice', 'action': 'install', 'id': '5152439', 'version': '::apt', 'url': 'https://thin-edge-io.eu-latest.cumulocity.com/inventory/binaries/12435463'}]}
16:04:58 WARN  , retrying in 0.5 seconds...
16:04:58 WARN  , retrying in 0.5 seconds...
16:04:59 WARN  , retrying in 0.5 seconds...
16:04:59 WARN  , retrying in 0.5 seconds...
16:05:00 WARN  , retrying in 0.5 seconds...
16:05:00 WARN  , retrying in 0.5 seconds...
16:05:01 WARN  , retrying in 0.5 seconds...
16:05:01 WARN  , retrying in 0.5 seconds...
16:05:02 WARN  , retrying in 0.5 seconds...
16:05:02 WARN  AssertionError occurred while running test - 
Traceback (most recent call last):
  File &quot;/home/pi/env-pysys/lib/python3.7/site-packages/pysys/baserunner.py&quot;, line 1294, in __call__
    self.testObj.execute()
  File &quot;/home/pi/actions-runner/_work/thin-edge.io/thin-edge.io/tests/PySys/software_management_end_to_end/sm_apt_install_download_path/run.py&quot;, line 83, in execute
    assert_install_in_download_path(install_directory=self.DOWNLOAD_DIR)
  File &quot;/home/pi/env-pysys/lib/python3.7/site-packages/decorator.py&quot;, line 232, in fun
    return caller(func, *(extras + args), **kw)
  File &quot;/home/pi/env-pysys/lib/python3.7/site-packages/retry/api.py&quot;, line 74, in retry_decorator
    logger)
  File &quot;/home/pi/env-pysys/lib/python3.7/site-packages/retry/api.py&quot;, line 33, in __retry_internal
    return f()
  File &quot;/home/pi/actions-runner/_work/thin-edge.io/thin-edge.io/tests/PySys/software_management_end_to_end/sm_apt_install_download_path/run.py&quot;, line 28, in assert_install_in_download_path
    assert &quot;rolldice&quot; in os.listdir(f&quot;{install_directory}&quot;)
AssertionError
16:05:02 WARN  AssertionError: ... blocked 
16:05:02 INFO  
16:05:02 INFO  cleanup:
16:05:03 INFO  Executed sudo, exit status 0
16:05:04 INFO  Executed sudo, exit status 0
16:05:08 INFO  Executed sudo&lt;tedge_disconnect_c8y&gt;, exit status 0
16:05:08 INFO  Restarting mosquitto too frequently in the last 10 seconds. It was only up for 3 seconds
16:05:08 INFO  Delaying execution by 8 seconds
16:05:30 INFO  Executed sudo&lt;tedge_connect_c8y&gt;, exit status 0, duration 13 secs
16:05:35 INFO  Executed sudo&lt;tedge_disconnect_c8y&gt;, exit status 0
16:05:35 INFO  Executed systemctl&lt;serv_mapper5&gt;, exit status 3
16:05:35 INFO  
16:05:35 INFO  Test duration: 85.86 secs
16:05:35 INFO  Test final outcome:  BLOCKED
16:05:35 INFO  Test outcome reason: AssertionError:
16:05:35 INFO  
</system-out>
	</testcase>
</testsuite>
