<?xml version="1.0" encoding="utf-8"?>
<testsuite failures="1" name="SoftwareManagement.sm_mixed_install_remove_multiple" skipped="0" tests="1" time="172.04" timestamp="2022-05-16T08:46:16">
	<testcase classname="PySysTest" name="SoftwareManagement.sm_mixed_install_remove_multiple">
		<failure message="FAILED: Assert that (False == value) with value=True" type="FAILED"/>
		<system-out>08:43:24 INFO  ==============================================================
08:43:24 INFO  Id:    SoftwareManagement.sm_mixed_install_remove_multiple
08:43:24 INFO  Dir:   software_management_end_to_end/
08:43:24 INFO  Title: Validate end to end behaviour for the dummy-plugin for multiple packages with mixed versions
08:43:24 INFO  ==============================================================
08:43:24 INFO  Using sw id database: {'asciijump': '5475369', 'robotfindskitten': '5474869', 'squirrel3': '5475279', 'rolldice': '5152439', 'moon-buggy': '5439204', 'apple': '5495053', 'banana': '5494888', 'cherry': '5495382', 'watermelon': '5494510', 'registry': '8018911', 'hello-world': '8021526', 'docker/getting-started': '8021973', 'alpine': '7991792'}
08:43:24 INFO  EnvironmentC8y Setup
08:43:25 INFO  Executed systemctl&lt;serv_mapper1&gt;, exit status 3
08:43:25 INFO  Restarting mosquitto too frequently in the last 10 seconds. It was only up for 5 seconds
08:43:25 INFO  Delaying execution by 6 seconds
08:43:45 INFO  Executed sudo&lt;tedge_connect_c8y&gt;, exit status 0, duration 14 secs
08:43:46 INFO  Executed sudo&lt;tedge_connect_c8y_test&gt;, exit status 0
08:43:46 INFO  Executed systemctl&lt;serv_mosq2&gt;, exit status 0
08:43:47 INFO  Executed systemctl&lt;serv_mapper3&gt;, exit status 0
08:43:49 INFO  State of current operation: SUCCESSFUL
08:43:49 INFO  Package apple is installed
08:43:49 INFO  Assert that (True == value) with value=True ... passed
08:43:49 INFO  Package banana is installed
08:43:49 INFO  Assert that (True == value) with value=True ... passed
08:43:50 INFO  Package cherry is installed
08:43:50 INFO  Assert that (True == value) with value=True ... passed
08:43:50 INFO  Package asciijump is installed
08:43:50 WARN  Assert that (False == value) with value=True ... failed 
08:43:50 INFO  Assert that (False == value) with value=False ... passed
08:43:50 INFO  Response status: 201
08:43:50 INFO  Response to action: {
    &quot;delivery&quot;: {
        &quot;time&quot;: &quot;2022-05-16T08:43:50.778Z&quot;,
        &quot;log&quot;: [],
        &quot;status&quot;: &quot;PENDING&quot;
    },
    &quot;creationTime&quot;: &quot;2022-05-16T08:43:50.762Z&quot;,
    &quot;deviceId&quot;: &quot;19104451&quot;,
    &quot;deviceName&quot;: &quot;mythicd&quot;,
    &quot;self&quot;: &quot;https://t493319102.eu-latest.cumulocity.com/devicecontrol/operations/19133417&quot;,
    &quot;id&quot;: &quot;19133417&quot;,
    &quot;status&quot;: &quot;PENDING&quot;,
    &quot;description&quot;: &quot;Apply software changes, triggered from PySys: [{'action': 'install', 'id': '5495053', 'name': 'apple', 'url': ' ', 'version': '::fruits'}, {'action': 'install', 'id': '5494888', 'name': 'banana', 'url': ' ', 'version': '::fruits'}, {'action': 'install', 'id': '5475369', 'name': 'asciijump', 'url': ' ', 'version': '::apt'}, {'action': 'install', 'id': '5495382', 'name': 'cherry', 'url': ' ', 'version': '::fruits'}, {'action': 'install', 'id': '8018911', 'name': 'registry', 'url': ' ', 'version': '::docker'}]&quot;,
    &quot;c8y_SoftwareUpdate&quot;: [
        {
            &quot;name&quot;: &quot;apple&quot;,
            &quot;action&quot;: &quot;install&quot;,
            &quot;id&quot;: &quot;5495053&quot;,
            &quot;version&quot;: &quot;::fruits&quot;,
            &quot;url&quot;: &quot; &quot;
        },
        {
            &quot;name&quot;: &quot;banana&quot;,
            &quot;action&quot;: &quot;install&quot;,
            &quot;id&quot;: &quot;5494888&quot;,
            &quot;version&quot;: &quot;::fruits&quot;,
            &quot;url&quot;: &quot; &quot;
        },
        {
            &quot;name&quot;: &quot;asciijump&quot;,
            &quot;action&quot;: &quot;install&quot;,
            &quot;id&quot;: &quot;5475369&quot;,
            &quot;version&quot;: &quot;::apt&quot;,
            &quot;url&quot;: &quot; &quot;
        },
        {
            &quot;name&quot;: &quot;cherry&quot;,
            &quot;action&quot;: &quot;install&quot;,
            &quot;id&quot;: &quot;5495382&quot;,
            &quot;version&quot;: &quot;::fruits&quot;,
            &quot;url&quot;: &quot; &quot;
        },
        {
            &quot;name&quot;: &quot;registry&quot;,
            &quot;action&quot;: &quot;install&quot;,
            &quot;id&quot;: &quot;8018911&quot;,
            &quot;version&quot;: &quot;::docker&quot;,
            &quot;url&quot;: &quot; &quot;
        }
    ]
}
08:43:50 INFO  Started operation: {'delivery': {'time': '2022-05-16T08:43:50.778Z', 'log': [], 'status': 'PENDING'}, 'creationTime': '2022-05-16T08:43:50.762Z', 'deviceId': '19104451', 'deviceName': 'mythicd', 'self': 'https://t493319102.eu-latest.cumulocity.com/devicecontrol/operations/19133417', 'id': '19133417', 'status': 'PENDING', 'description': &quot;Apply software changes, triggered from PySys: [{'action': 'install', 'id': '5495053', 'name': 'apple', 'url': ' ', 'version': '::fruits'}, {'action': 'install', 'id': '5494888', 'name': 'banana', 'url': ' ', 'version': '::fruits'}, {'action': 'install', 'id': '5475369', 'name': 'asciijump', 'url': ' ', 'version': '::apt'}, {'action': 'install', 'id': '5495382', 'name': 'cherry', 'url': ' ', 'version': '::fruits'}, {'action': 'install', 'id': '8018911', 'name': 'registry', 'url': ' ', 'version': '::docker'}]&quot;, 'c8y_SoftwareUpdate': [{'name': 'apple', 'action': 'install', 'id': '5495053', 'version': '::fruits', 'url': ' '}, {'name': 'banana', 'action': 'install', 'id': '5494888', 'version': '::fruits', 'url': ' '}, {'name': 'asciijump', 'action': 'install', 'id': '5475369', 'version': '::apt', 'url': ' '}, {'name': 'cherry', 'action': 'install', 'id': '5495382', 'version': '::fruits', 'url': ' '}, {'name': 'registry', 'action': 'install', 'id': '8018911', 'version': '::docker', 'url': ' '}]}
08:43:53 INFO  State of operation 19133417 : PENDING
08:43:55 INFO  State of operation 19133417 : EXECUTING
08:43:57 INFO  State of operation 19133417 : EXECUTING
08:43:59 INFO  State of operation 19133417 : EXECUTING
08:44:01 INFO  State of operation 19133417 : EXECUTING
08:44:04 INFO  State of operation 19133417 : EXECUTING
08:44:07 INFO  State of operation 19133417 : EXECUTING
08:44:11 INFO  State of operation 19133417 : EXECUTING
08:44:13 INFO  State of operation 19133417 : EXECUTING
08:44:15 INFO  State of operation 19133417 : EXECUTING
08:44:18 INFO  State of operation 19133417 : EXECUTING
08:44:20 INFO  State of operation 19133417 : EXECUTING
08:44:22 INFO  State of operation 19133417 : EXECUTING
08:44:24 INFO  State of operation 19133417 : EXECUTING
08:44:27 INFO  State of operation 19133417 : EXECUTING
08:44:29 INFO  State of operation 19133417 : EXECUTING
08:44:31 INFO  State of operation 19133417 : EXECUTING
08:44:33 INFO  State of operation 19133417 : EXECUTING
08:44:36 INFO  State of operation 19133417 : EXECUTING
08:44:38 INFO  State of operation 19133417 : EXECUTING
08:44:40 INFO  State of operation 19133417 : EXECUTING
08:44:43 INFO  State of operation 19133417 : EXECUTING
08:44:45 INFO  State of operation 19133417 : EXECUTING
08:44:47 INFO  State of operation 19133417 : EXECUTING
08:44:50 INFO  State of operation 19133417 : EXECUTING
08:44:52 INFO  State of operation 19133417 : EXECUTING
08:44:54 INFO  State of operation 19133417 : SUCCESSFUL
08:44:54 INFO  Package apple is installed
08:44:54 INFO  Assert that (True == value) with value=True ... passed
08:44:55 INFO  Package banana is installed
08:44:55 INFO  Assert that (True == value) with value=True ... passed
08:44:55 INFO  Package cherry is installed
08:44:55 INFO  Assert that (True == value) with value=True ... passed
08:44:55 INFO  Package asciijump is installed
08:44:55 INFO  Assert that (True == value) with value=True ... passed
08:44:55 INFO  Package registry is installed
08:44:55 INFO  Assert that (True == value) with value=True ... passed
08:44:55 INFO  Response status: 201
08:44:55 INFO  Response to action: {
    &quot;delivery&quot;: {
        &quot;time&quot;: &quot;2022-05-16T08:44:55.947Z&quot;,
        &quot;log&quot;: [],
        &quot;status&quot;: &quot;PENDING&quot;
    },
    &quot;creationTime&quot;: &quot;2022-05-16T08:44:55.934Z&quot;,
    &quot;deviceId&quot;: &quot;19104451&quot;,
    &quot;deviceName&quot;: &quot;mythicd&quot;,
    &quot;self&quot;: &quot;https://t493319102.eu-latest.cumulocity.com/devicecontrol/operations/19133436&quot;,
    &quot;id&quot;: &quot;19133436&quot;,
    &quot;status&quot;: &quot;PENDING&quot;,
    &quot;description&quot;: &quot;Apply software changes, triggered from PySys: [{'action': 'delete', 'id': '5495053', 'name': 'apple', 'url': ' ', 'version': '::fruits'}, {'action': 'delete', 'id': '5494888', 'name': 'banana', 'url': ' ', 'version': '::fruits'}, {'action': 'delete', 'id': '5475369', 'name': 'asciijump', 'url': ' ', 'version': '::apt'}, {'action': 'delete', 'id': '5495382', 'name': 'cherry', 'url': ' ', 'version': '::fruits'}, {'action': 'delete', 'id': '8018911', 'name': 'registry', 'url': ' ', 'version': '::docker'}]&quot;,
    &quot;c8y_SoftwareUpdate&quot;: [
        {
            &quot;name&quot;: &quot;apple&quot;,
            &quot;action&quot;: &quot;delete&quot;,
            &quot;id&quot;: &quot;5495053&quot;,
            &quot;version&quot;: &quot;::fruits&quot;,
            &quot;url&quot;: &quot; &quot;
        },
        {
            &quot;name&quot;: &quot;banana&quot;,
            &quot;action&quot;: &quot;delete&quot;,
            &quot;id&quot;: &quot;5494888&quot;,
            &quot;version&quot;: &quot;::fruits&quot;,
            &quot;url&quot;: &quot; &quot;
        },
        {
            &quot;name&quot;: &quot;asciijump&quot;,
            &quot;action&quot;: &quot;delete&quot;,
            &quot;id&quot;: &quot;5475369&quot;,
            &quot;version&quot;: &quot;::apt&quot;,
            &quot;url&quot;: &quot; &quot;
        },
        {
            &quot;name&quot;: &quot;cherry&quot;,
            &quot;action&quot;: &quot;delete&quot;,
            &quot;id&quot;: &quot;5495382&quot;,
            &quot;version&quot;: &quot;::fruits&quot;,
            &quot;url&quot;: &quot; &quot;
        },
        {
            &quot;name&quot;: &quot;registry&quot;,
            &quot;action&quot;: &quot;delete&quot;,
            &quot;id&quot;: &quot;8018911&quot;,
            &quot;version&quot;: &quot;::docker&quot;,
            &quot;url&quot;: &quot; &quot;
        }
    ]
}
08:44:55 INFO  Started operation: {'delivery': {'time': '2022-05-16T08:44:55.947Z', 'log': [], 'status': 'PENDING'}, 'creationTime': '2022-05-16T08:44:55.934Z', 'deviceId': '19104451', 'deviceName': 'mythicd', 'self': 'https://t493319102.eu-latest.cumulocity.com/devicecontrol/operations/19133436', 'id': '19133436', 'status': 'PENDING', 'description': &quot;Apply software changes, triggered from PySys: [{'action': 'delete', 'id': '5495053', 'name': 'apple', 'url': ' ', 'version': '::fruits'}, {'action': 'delete', 'id': '5494888', 'name': 'banana', 'url': ' ', 'version': '::fruits'}, {'action': 'delete', 'id': '5475369', 'name': 'asciijump', 'url': ' ', 'version': '::apt'}, {'action': 'delete', 'id': '5495382', 'name': 'cherry', 'url': ' ', 'version': '::fruits'}, {'action': 'delete', 'id': '8018911', 'name': 'registry', 'url': ' ', 'version': '::docker'}]&quot;, 'c8y_SoftwareUpdate': [{'name': 'apple', 'action': 'delete', 'id': '5495053', 'version': '::fruits', 'url': ' '}, {'name': 'banana', 'action': 'delete', 'id': '5494888', 'version': '::fruits', 'url': ' '}, {'name': 'asciijump', 'action': 'delete', 'id': '5475369', 'version': '::apt', 'url': ' '}, {'name': 'cherry', 'action': 'delete', 'id': '5495382', 'version': '::fruits', 'url': ' '}, {'name': 'registry', 'action': 'delete', 'id': '8018911', 'version': '::docker', 'url': ' '}]}
08:44:58 INFO  State of operation 19133436 : PENDING
08:45:00 INFO  State of operation 19133436 : EXECUTING
08:45:02 INFO  State of operation 19133436 : EXECUTING
08:45:04 INFO  State of operation 19133436 : EXECUTING
08:45:07 INFO  State of operation 19133436 : EXECUTING
08:45:09 INFO  State of operation 19133436 : EXECUTING
08:45:11 INFO  State of operation 19133436 : EXECUTING
08:45:14 INFO  State of operation 19133436 : EXECUTING
08:45:16 INFO  State of operation 19133436 : EXECUTING
08:45:19 INFO  State of operation 19133436 : EXECUTING
08:45:21 INFO  State of operation 19133436 : EXECUTING
08:45:23 INFO  State of operation 19133436 : EXECUTING
08:45:25 INFO  State of operation 19133436 : EXECUTING
08:45:28 INFO  State of operation 19133436 : EXECUTING
08:45:30 INFO  State of operation 19133436 : EXECUTING
08:45:32 INFO  State of operation 19133436 : EXECUTING
08:45:35 INFO  State of operation 19133436 : EXECUTING
08:45:37 INFO  State of operation 19133436 : EXECUTING
08:45:39 INFO  State of operation 19133436 : EXECUTING
08:45:42 INFO  State of operation 19133436 : EXECUTING
08:45:44 INFO  State of operation 19133436 : EXECUTING
08:45:46 INFO  State of operation 19133436 : EXECUTING
08:45:48 INFO  State of operation 19133436 : EXECUTING
08:45:51 INFO  State of operation 19133436 : EXECUTING
08:45:54 INFO  State of operation 19133436 : EXECUTING
08:45:56 INFO  State of operation 19133436 : EXECUTING
08:45:58 INFO  State of operation 19133436 : EXECUTING
08:46:00 INFO  State of operation 19133436 : EXECUTING
08:46:03 INFO  State of operation 19133436 : EXECUTING
08:46:05 INFO  State of operation 19133436 : EXECUTING
08:46:07 INFO  State of operation 19133436 : EXECUTING
08:46:09 INFO  State of operation 19133436 : SUCCESSFUL
08:46:10 INFO  Package apple is installed
08:46:10 INFO  Assert that (True == value) with value=True ... passed
08:46:10 INFO  Package banana is installed
08:46:10 INFO  Assert that (True == value) with value=True ... passed
08:46:10 INFO  Package cherry is installed
08:46:10 INFO  Assert that (True == value) with value=True ... passed
08:46:10 INFO  Assert that (False == value) with value=False ... passed
08:46:11 INFO  Assert that (False == value) with value=False ... passed
08:46:11 INFO  
08:46:11 INFO  cleanup:
08:46:16 INFO  Executed sudo&lt;tedge_disconnect_c8y&gt;, exit status 0
08:46:16 INFO  Executed systemctl&lt;serv_mapper5&gt;, exit status 3
08:46:16 INFO  
08:46:16 INFO  Test duration: 172.04 secs
08:46:16 INFO  Test final outcome:  FAILED
08:46:16 INFO  Test outcome reason: Assert that (False == value) with value=True
08:46:16 INFO  
</system-out>
	</testcase>
</testsuite>
