<?xml version="1.0" encoding="utf-8"?>
<testsuite failures="1" name="SoftwareManagement.sm_apt_install_remove_multiple" skipped="0" tests="1" time="140.99" timestamp="2022-05-10T20:40:24">
	<testcase classname="PySysTest" name="SoftwareManagement.sm_apt_install_remove_multiple">
		<failure message="FAILED: Assert that (False == value) with value=True (+2 other failures)" type="FAILED"/>
		<system-out>20:38:03 INFO  ==============================================================
20:38:03 INFO  Id:    SoftwareManagement.sm_apt_install_remove_multiple
20:38:03 INFO  Dir:   software_management_end_to_end/
20:38:03 INFO  Title: Validate end to end behaviour for the apt plugin for multiple packages
20:38:03 INFO  ==============================================================
20:38:03 INFO  Using sw id database: {'asciijump': '5475369', 'robotfindskitten': '5474869', 'squirrel3': '5475279', 'rolldice': '5152439', 'moon-buggy': '5439204', 'apple': '5495053', 'banana': '5494888', 'cherry': '5495382', 'watermelon': '5494510', 'registry': '8018911', 'hello-world': '8021526', 'docker/getting-started': '8021973', 'alpine': '7991792'}
20:38:03 INFO  EnvironmentC8y Setup
20:38:03 INFO  Executed systemctl&lt;serv_mapper1&gt;, exit status 3
20:38:04 INFO  Restarting mosquitto too frequently in the last 10 seconds. It was only up for 5 seconds
20:38:04 INFO  Delaying execution by 6 seconds
20:38:24 INFO  Executed sudo&lt;tedge_connect_c8y&gt;, exit status 0, duration 14 secs
20:38:24 INFO  Executed sudo&lt;tedge_connect_c8y_test&gt;, exit status 0
20:38:25 INFO  Executed systemctl&lt;serv_mosq2&gt;, exit status 0
20:38:25 INFO  Executed systemctl&lt;serv_mapper3&gt;, exit status 0
20:38:28 INFO  State of current operation: SUCCESSFUL
20:38:28 INFO  Assert that (False == value) with value=False ... passed
20:38:28 INFO  Package asciijump is installed
20:38:28 WARN  Assert that (False == value) with value=True ... failed 
20:38:28 INFO  Package squirrel3 is installed
20:38:28 WARN  Assert that (False == value) with value=True ... failed 
20:38:29 INFO  Package robotfindskitten is installed
20:38:29 WARN  Assert that (False == value) with value=True ... failed 
20:38:29 INFO  Response status: 201
20:38:29 INFO  Response to action: {
    &quot;delivery&quot;: {
        &quot;time&quot;: &quot;2022-05-10T20:38:29.403Z&quot;,
        &quot;log&quot;: [],
        &quot;status&quot;: &quot;PENDING&quot;
    },
    &quot;creationTime&quot;: &quot;2022-05-10T20:38:29.389Z&quot;,
    &quot;deviceName&quot;: &quot;mythicd&quot;,
    &quot;deviceId&quot;: &quot;18730396&quot;,
    &quot;self&quot;: &quot;https://t493319102.eu-latest.cumulocity.com/devicecontrol/operations/18751847&quot;,
    &quot;id&quot;: &quot;18751847&quot;,
    &quot;status&quot;: &quot;PENDING&quot;,
    &quot;description&quot;: &quot;Apply software changes, triggered from PySys: [{'action': 'install', 'id': '5475369', 'name': 'asciijump', 'url': ' ', 'version': '::apt'}, {'action': 'install', 'id': '5474869', 'name': 'robotfindskitten', 'url': ' ', 'version': '::apt'}, {'action': 'install', 'id': '5475279', 'name': 'squirrel3', 'url': ' ', 'version': '::apt'}]&quot;,
    &quot;c8y_SoftwareUpdate&quot;: [
        {
            &quot;name&quot;: &quot;asciijump&quot;,
            &quot;action&quot;: &quot;install&quot;,
            &quot;id&quot;: &quot;5475369&quot;,
            &quot;version&quot;: &quot;::apt&quot;,
            &quot;url&quot;: &quot; &quot;
        },
        {
            &quot;name&quot;: &quot;robotfindskitten&quot;,
            &quot;action&quot;: &quot;install&quot;,
            &quot;id&quot;: &quot;5474869&quot;,
            &quot;version&quot;: &quot;::apt&quot;,
            &quot;url&quot;: &quot; &quot;
        },
        {
            &quot;name&quot;: &quot;squirrel3&quot;,
            &quot;action&quot;: &quot;install&quot;,
            &quot;id&quot;: &quot;5475279&quot;,
            &quot;version&quot;: &quot;::apt&quot;,
            &quot;url&quot;: &quot; &quot;
        }
    ]
}
20:38:29 INFO  Started operation: {'delivery': {'time': '2022-05-10T20:38:29.403Z', 'log': [], 'status': 'PENDING'}, 'creationTime': '2022-05-10T20:38:29.389Z', 'deviceName': 'mythicd', 'deviceId': '18730396', 'self': 'https://t493319102.eu-latest.cumulocity.com/devicecontrol/operations/18751847', 'id': '18751847', 'status': 'PENDING', 'description': &quot;Apply software changes, triggered from PySys: [{'action': 'install', 'id': '5475369', 'name': 'asciijump', 'url': ' ', 'version': '::apt'}, {'action': 'install', 'id': '5474869', 'name': 'robotfindskitten', 'url': ' ', 'version': '::apt'}, {'action': 'install', 'id': '5475279', 'name': 'squirrel3', 'url': ' ', 'version': '::apt'}]&quot;, 'c8y_SoftwareUpdate': [{'name': 'asciijump', 'action': 'install', 'id': '5475369', 'version': '::apt', 'url': ' '}, {'name': 'robotfindskitten', 'action': 'install', 'id': '5474869', 'version': '::apt', 'url': ' '}, {'name': 'squirrel3', 'action': 'install', 'id': '5475279', 'version': '::apt', 'url': ' '}]}
20:38:31 INFO  State of operation 18751847 : PENDING
20:38:33 INFO  State of operation 18751847 : EXECUTING
20:38:36 INFO  State of operation 18751847 : EXECUTING
20:38:38 INFO  State of operation 18751847 : EXECUTING
20:38:40 INFO  State of operation 18751847 : EXECUTING
20:38:42 INFO  State of operation 18751847 : EXECUTING
20:38:45 INFO  State of operation 18751847 : EXECUTING
20:38:49 INFO  State of operation 18751847 : EXECUTING
20:38:52 INFO  State of operation 18751847 : EXECUTING
20:38:54 INFO  State of operation 18751847 : EXECUTING
20:38:56 INFO  State of operation 18751847 : EXECUTING
20:38:58 INFO  State of operation 18751847 : EXECUTING
20:39:00 INFO  State of operation 18751847 : EXECUTING
20:39:03 INFO  State of operation 18751847 : EXECUTING
20:39:05 INFO  State of operation 18751847 : EXECUTING
20:39:07 INFO  State of operation 18751847 : SUCCESSFUL
20:39:07 INFO  Assert that (False == value) with value=False ... passed
20:39:08 INFO  Package asciijump is installed
20:39:08 INFO  Assert that (True == value) with value=True ... passed
20:39:08 INFO  Package squirrel3 is installed
20:39:08 INFO  Assert that (True == value) with value=True ... passed
20:39:08 INFO  Package robotfindskitten is installed
20:39:08 INFO  Assert that (True == value) with value=True ... passed
20:39:08 INFO  Response status: 201
20:39:08 INFO  Response to action: {
    &quot;delivery&quot;: {
        &quot;time&quot;: &quot;2022-05-10T20:39:08.857Z&quot;,
        &quot;log&quot;: [],
        &quot;status&quot;: &quot;PENDING&quot;
    },
    &quot;creationTime&quot;: &quot;2022-05-10T20:39:08.841Z&quot;,
    &quot;deviceName&quot;: &quot;mythicd&quot;,
    &quot;deviceId&quot;: &quot;18730396&quot;,
    &quot;self&quot;: &quot;https://t493319102.eu-latest.cumulocity.com/devicecontrol/operations/18751864&quot;,
    &quot;id&quot;: &quot;18751864&quot;,
    &quot;status&quot;: &quot;PENDING&quot;,
    &quot;description&quot;: &quot;Apply software changes, triggered from PySys: [{'action': 'delete', 'id': '5475369', 'name': 'asciijump', 'url': ' ', 'version': '::apt'}, {'action': 'delete', 'id': '5474869', 'name': 'robotfindskitten', 'url': ' ', 'version': '::apt'}, {'action': 'delete', 'id': '5475279', 'name': 'squirrel3', 'url': ' ', 'version': '::apt'}]&quot;,
    &quot;c8y_SoftwareUpdate&quot;: [
        {
            &quot;name&quot;: &quot;asciijump&quot;,
            &quot;action&quot;: &quot;delete&quot;,
            &quot;id&quot;: &quot;5475369&quot;,
            &quot;version&quot;: &quot;::apt&quot;,
            &quot;url&quot;: &quot; &quot;
        },
        {
            &quot;name&quot;: &quot;robotfindskitten&quot;,
            &quot;action&quot;: &quot;delete&quot;,
            &quot;id&quot;: &quot;5474869&quot;,
            &quot;version&quot;: &quot;::apt&quot;,
            &quot;url&quot;: &quot; &quot;
        },
        {
            &quot;name&quot;: &quot;squirrel3&quot;,
            &quot;action&quot;: &quot;delete&quot;,
            &quot;id&quot;: &quot;5475279&quot;,
            &quot;version&quot;: &quot;::apt&quot;,
            &quot;url&quot;: &quot; &quot;
        }
    ]
}
20:39:08 INFO  Started operation: {'delivery': {'time': '2022-05-10T20:39:08.857Z', 'log': [], 'status': 'PENDING'}, 'creationTime': '2022-05-10T20:39:08.841Z', 'deviceName': 'mythicd', 'deviceId': '18730396', 'self': 'https://t493319102.eu-latest.cumulocity.com/devicecontrol/operations/18751864', 'id': '18751864', 'status': 'PENDING', 'description': &quot;Apply software changes, triggered from PySys: [{'action': 'delete', 'id': '5475369', 'name': 'asciijump', 'url': ' ', 'version': '::apt'}, {'action': 'delete', 'id': '5474869', 'name': 'robotfindskitten', 'url': ' ', 'version': '::apt'}, {'action': 'delete', 'id': '5475279', 'name': 'squirrel3', 'url': ' ', 'version': '::apt'}]&quot;, 'c8y_SoftwareUpdate': [{'name': 'asciijump', 'action': 'delete', 'id': '5475369', 'version': '::apt', 'url': ' '}, {'name': 'robotfindskitten', 'action': 'delete', 'id': '5474869', 'version': '::apt', 'url': ' '}, {'name': 'squirrel3', 'action': 'delete', 'id': '5475279', 'version': '::apt', 'url': ' '}]}
20:39:11 INFO  State of operation 18751864 : PENDING
20:39:13 INFO  State of operation 18751864 : EXECUTING
20:39:15 INFO  State of operation 18751864 : EXECUTING
20:39:17 INFO  State of operation 18751864 : EXECUTING
20:39:20 INFO  State of operation 18751864 : EXECUTING
20:39:22 INFO  State of operation 18751864 : EXECUTING
20:39:25 INFO  State of operation 18751864 : EXECUTING
20:39:27 INFO  State of operation 18751864 : EXECUTING
20:39:30 INFO  State of operation 18751864 : EXECUTING
20:39:32 INFO  State of operation 18751864 : EXECUTING
20:39:34 INFO  State of operation 18751864 : EXECUTING
20:39:37 INFO  State of operation 18751864 : EXECUTING
20:39:39 INFO  State of operation 18751864 : EXECUTING
20:39:41 INFO  State of operation 18751864 : EXECUTING
20:39:43 INFO  State of operation 18751864 : EXECUTING
20:39:46 INFO  State of operation 18751864 : EXECUTING
20:39:48 INFO  State of operation 18751864 : EXECUTING
20:39:50 INFO  State of operation 18751864 : EXECUTING
20:39:53 INFO  State of operation 18751864 : EXECUTING
20:39:55 INFO  State of operation 18751864 : EXECUTING
20:39:58 INFO  State of operation 18751864 : EXECUTING
20:40:00 INFO  State of operation 18751864 : EXECUTING
20:40:02 INFO  State of operation 18751864 : EXECUTING
20:40:04 INFO  State of operation 18751864 : EXECUTING
20:40:06 INFO  State of operation 18751864 : EXECUTING
20:40:09 INFO  State of operation 18751864 : EXECUTING
20:40:11 INFO  State of operation 18751864 : EXECUTING
20:40:14 INFO  State of operation 18751864 : EXECUTING
20:40:16 INFO  State of operation 18751864 : EXECUTING
20:40:18 INFO  State of operation 18751864 : SUCCESSFUL
20:40:19 INFO  Assert that (False == value) with value=False ... passed
20:40:19 INFO  Assert that (False == value) with value=False ... passed
20:40:19 INFO  Assert that (False == value) with value=False ... passed
20:40:19 INFO  Assert that (False == value) with value=False ... passed
20:40:19 INFO  
20:40:19 INFO  cleanup:
20:40:23 INFO  Executed sudo&lt;tedge_disconnect_c8y&gt;, exit status 0
20:40:24 INFO  Executed systemctl&lt;serv_mapper5&gt;, exit status 3
20:40:24 INFO  
20:40:24 INFO  Test duration: 140.99 secs
20:40:24 INFO  Test final outcome:  FAILED
20:40:24 INFO  Test outcome reason: Assert that (False == value) with value=True (+2 other failures)
20:40:24 INFO  
</system-out>
	</testcase>
</testsuite>
