<?xml version="1.0" encoding="utf-8"?>
<testsuite failures="1" name="SoftwareManagement.sm_mixed_install_remove_multiple" skipped="0" tests="1" time="170.85" timestamp="2022-05-10T20:53:09">
	<testcase classname="PySysTest" name="SoftwareManagement.sm_mixed_install_remove_multiple">
		<failure message="FAILED: Assert that (False == value) with value=True" type="FAILED"/>
		<system-out>20:50:18 INFO  ==============================================================
20:50:18 INFO  Id:    SoftwareManagement.sm_mixed_install_remove_multiple
20:50:18 INFO  Dir:   software_management_end_to_end/
20:50:18 INFO  Title: Validate end to end behaviour for the dummy-plugin for multiple packages with mixed versions
20:50:18 INFO  ==============================================================
20:50:19 INFO  Using sw id database: {'asciijump': '5475369', 'robotfindskitten': '5474869', 'squirrel3': '5475279', 'rolldice': '5152439', 'moon-buggy': '5439204', 'apple': '5495053', 'banana': '5494888', 'cherry': '5495382', 'watermelon': '5494510', 'registry': '8018911', 'hello-world': '8021526', 'docker/getting-started': '8021973', 'alpine': '7991792'}
20:50:19 INFO  EnvironmentC8y Setup
20:50:19 INFO  Executed systemctl&lt;serv_mapper1&gt;, exit status 3
20:50:19 INFO  Restarting mosquitto too frequently in the last 10 seconds. It was only up for 5 seconds
20:50:19 INFO  Delaying execution by 6 seconds
20:50:40 INFO  Executed sudo&lt;tedge_connect_c8y&gt;, exit status 0, duration 14 secs
20:50:40 INFO  Executed sudo&lt;tedge_connect_c8y_test&gt;, exit status 0
20:50:41 INFO  Executed systemctl&lt;serv_mosq2&gt;, exit status 0
20:50:41 INFO  Executed systemctl&lt;serv_mapper3&gt;, exit status 0
20:50:43 INFO  State of current operation: SUCCESSFUL
20:50:44 INFO  Package apple is installed
20:50:44 INFO  Assert that (True == value) with value=True ... passed
20:50:44 INFO  Package banana is installed
20:50:44 INFO  Assert that (True == value) with value=True ... passed
20:50:44 INFO  Package cherry is installed
20:50:44 INFO  Assert that (True == value) with value=True ... passed
20:50:44 INFO  Package asciijump is installed
20:50:44 WARN  Assert that (False == value) with value=True ... failed 
20:50:45 INFO  Assert that (False == value) with value=False ... passed
20:50:45 INFO  Response status: 201
20:50:45 INFO  Response to action: {
    &quot;delivery&quot;: {
        &quot;time&quot;: &quot;2022-05-10T20:50:45.335Z&quot;,
        &quot;log&quot;: [],
        &quot;status&quot;: &quot;PENDING&quot;
    },
    &quot;creationTime&quot;: &quot;2022-05-10T20:50:45.320Z&quot;,
    &quot;deviceName&quot;: &quot;mythicd&quot;,
    &quot;deviceId&quot;: &quot;18730396&quot;,
    &quot;self&quot;: &quot;https://t493319102.eu-latest.cumulocity.com/devicecontrol/operations/18752032&quot;,
    &quot;id&quot;: &quot;18752032&quot;,
    &quot;status&quot;: &quot;PENDING&quot;,
    &quot;description&quot;: &quot;Apply software changes, triggered from PySys: [{'action': 'install', 'id': '5495053', 'name': 'apple', 'url': ' ', 'version': '::fruits'}, {'action': 'install', 'id': '5494888', 'name': 'banana', 'url': ' ', 'version': '::fruits'}, {'action': 'install', 'id': '5475369', 'name': 'asciijump', 'url': ' ', 'version': '::apt'}, {'action': 'install', 'id': '5495382', 'name': 'cherry', 'url': ' ', 'version': '::fruits'}, {'action': 'install', 'id': '8018911', 'name': 'registry', 'url': ' ', 'version': '::docker'}]&quot;,
    &quot;c8y_SoftwareUpdate&quot;: [
        {
            &quot;name&quot;: &quot;apple&quot;,
            &quot;action&quot;: &quot;install&quot;,
            &quot;id&quot;: &quot;5495053&quot;,
            &quot;version&quot;: &quot;::fruits&quot;,
            &quot;url&quot;: &quot; &quot;
        },
        {
            &quot;name&quot;: &quot;banana&quot;,
            &quot;action&quot;: &quot;install&quot;,
            &quot;id&quot;: &quot;5494888&quot;,
            &quot;version&quot;: &quot;::fruits&quot;,
            &quot;url&quot;: &quot; &quot;
        },
        {
            &quot;name&quot;: &quot;asciijump&quot;,
            &quot;action&quot;: &quot;install&quot;,
            &quot;id&quot;: &quot;5475369&quot;,
            &quot;version&quot;: &quot;::apt&quot;,
            &quot;url&quot;: &quot; &quot;
        },
        {
            &quot;name&quot;: &quot;cherry&quot;,
            &quot;action&quot;: &quot;install&quot;,
            &quot;id&quot;: &quot;5495382&quot;,
            &quot;version&quot;: &quot;::fruits&quot;,
            &quot;url&quot;: &quot; &quot;
        },
        {
            &quot;name&quot;: &quot;registry&quot;,
            &quot;action&quot;: &quot;install&quot;,
            &quot;id&quot;: &quot;8018911&quot;,
            &quot;version&quot;: &quot;::docker&quot;,
            &quot;url&quot;: &quot; &quot;
        }
    ]
}
20:50:45 INFO  Started operation: {'delivery': {'time': '2022-05-10T20:50:45.335Z', 'log': [], 'status': 'PENDING'}, 'creationTime': '2022-05-10T20:50:45.320Z', 'deviceName': 'mythicd', 'deviceId': '18730396', 'self': 'https://t493319102.eu-latest.cumulocity.com/devicecontrol/operations/18752032', 'id': '18752032', 'status': 'PENDING', 'description': &quot;Apply software changes, triggered from PySys: [{'action': 'install', 'id': '5495053', 'name': 'apple', 'url': ' ', 'version': '::fruits'}, {'action': 'install', 'id': '5494888', 'name': 'banana', 'url': ' ', 'version': '::fruits'}, {'action': 'install', 'id': '5475369', 'name': 'asciijump', 'url': ' ', 'version': '::apt'}, {'action': 'install', 'id': '5495382', 'name': 'cherry', 'url': ' ', 'version': '::fruits'}, {'action': 'install', 'id': '8018911', 'name': 'registry', 'url': ' ', 'version': '::docker'}]&quot;, 'c8y_SoftwareUpdate': [{'name': 'apple', 'action': 'install', 'id': '5495053', 'version': '::fruits', 'url': ' '}, {'name': 'banana', 'action': 'install', 'id': '5494888', 'version': '::fruits', 'url': ' '}, {'name': 'asciijump', 'action': 'install', 'id': '5475369', 'version': '::apt', 'url': ' '}, {'name': 'cherry', 'action': 'install', 'id': '5495382', 'version': '::fruits', 'url': ' '}, {'name': 'registry', 'action': 'install', 'id': '8018911', 'version': '::docker', 'url': ' '}]}
20:50:47 INFO  State of operation 18752032 : PENDING
20:50:49 INFO  State of operation 18752032 : EXECUTING
20:50:52 INFO  State of operation 18752032 : EXECUTING
20:50:54 INFO  State of operation 18752032 : EXECUTING
20:50:56 INFO  State of operation 18752032 : EXECUTING
20:50:58 INFO  State of operation 18752032 : EXECUTING
20:51:01 INFO  State of operation 18752032 : EXECUTING
20:51:05 INFO  State of operation 18752032 : EXECUTING
20:51:08 INFO  State of operation 18752032 : EXECUTING
20:51:10 INFO  State of operation 18752032 : EXECUTING
20:51:12 INFO  State of operation 18752032 : EXECUTING
20:51:14 INFO  State of operation 18752032 : EXECUTING
20:51:17 INFO  State of operation 18752032 : EXECUTING
20:51:19 INFO  State of operation 18752032 : EXECUTING
20:51:21 INFO  State of operation 18752032 : EXECUTING
20:51:23 INFO  State of operation 18752032 : EXECUTING
20:51:26 INFO  State of operation 18752032 : EXECUTING
20:51:28 INFO  State of operation 18752032 : EXECUTING
20:51:30 INFO  State of operation 18752032 : EXECUTING
20:51:32 INFO  State of operation 18752032 : EXECUTING
20:51:35 INFO  State of operation 18752032 : EXECUTING
20:51:37 INFO  State of operation 18752032 : EXECUTING
20:51:39 INFO  State of operation 18752032 : EXECUTING
20:51:41 INFO  State of operation 18752032 : EXECUTING
20:51:44 INFO  State of operation 18752032 : EXECUTING
20:51:46 INFO  State of operation 18752032 : SUCCESSFUL
20:51:46 INFO  Package apple is installed
20:51:46 INFO  Assert that (True == value) with value=True ... passed
20:51:46 INFO  Package banana is installed
20:51:46 INFO  Assert that (True == value) with value=True ... passed
20:51:47 INFO  Package cherry is installed
20:51:47 INFO  Assert that (True == value) with value=True ... passed
20:51:47 INFO  Package asciijump is installed
20:51:47 INFO  Assert that (True == value) with value=True ... passed
20:51:47 INFO  Package registry is installed
20:51:47 INFO  Assert that (True == value) with value=True ... passed
20:51:47 INFO  Response status: 201
20:51:47 INFO  Response to action: {
    &quot;delivery&quot;: {
        &quot;time&quot;: &quot;2022-05-10T20:51:47.755Z&quot;,
        &quot;log&quot;: [],
        &quot;status&quot;: &quot;PENDING&quot;
    },
    &quot;creationTime&quot;: &quot;2022-05-10T20:51:47.741Z&quot;,
    &quot;deviceName&quot;: &quot;mythicd&quot;,
    &quot;deviceId&quot;: &quot;18730396&quot;,
    &quot;self&quot;: &quot;https://t493319102.eu-latest.cumulocity.com/devicecontrol/operations/18752050&quot;,
    &quot;id&quot;: &quot;18752050&quot;,
    &quot;status&quot;: &quot;PENDING&quot;,
    &quot;description&quot;: &quot;Apply software changes, triggered from PySys: [{'action': 'delete', 'id': '5495053', 'name': 'apple', 'url': ' ', 'version': '::fruits'}, {'action': 'delete', 'id': '5494888', 'name': 'banana', 'url': ' ', 'version': '::fruits'}, {'action': 'delete', 'id': '5475369', 'name': 'asciijump', 'url': ' ', 'version': '::apt'}, {'action': 'delete', 'id': '5495382', 'name': 'cherry', 'url': ' ', 'version': '::fruits'}, {'action': 'delete', 'id': '8018911', 'name': 'registry', 'url': ' ', 'version': '::docker'}]&quot;,
    &quot;c8y_SoftwareUpdate&quot;: [
        {
            &quot;name&quot;: &quot;apple&quot;,
            &quot;action&quot;: &quot;delete&quot;,
            &quot;id&quot;: &quot;5495053&quot;,
            &quot;version&quot;: &quot;::fruits&quot;,
            &quot;url&quot;: &quot; &quot;
        },
        {
            &quot;name&quot;: &quot;banana&quot;,
            &quot;action&quot;: &quot;delete&quot;,
            &quot;id&quot;: &quot;5494888&quot;,
            &quot;version&quot;: &quot;::fruits&quot;,
            &quot;url&quot;: &quot; &quot;
        },
        {
            &quot;name&quot;: &quot;asciijump&quot;,
            &quot;action&quot;: &quot;delete&quot;,
            &quot;id&quot;: &quot;5475369&quot;,
            &quot;version&quot;: &quot;::apt&quot;,
            &quot;url&quot;: &quot; &quot;
        },
        {
            &quot;name&quot;: &quot;cherry&quot;,
            &quot;action&quot;: &quot;delete&quot;,
            &quot;id&quot;: &quot;5495382&quot;,
            &quot;version&quot;: &quot;::fruits&quot;,
            &quot;url&quot;: &quot; &quot;
        },
        {
            &quot;name&quot;: &quot;registry&quot;,
            &quot;action&quot;: &quot;delete&quot;,
            &quot;id&quot;: &quot;8018911&quot;,
            &quot;version&quot;: &quot;::docker&quot;,
            &quot;url&quot;: &quot; &quot;
        }
    ]
}
20:51:47 INFO  Started operation: {'delivery': {'time': '2022-05-10T20:51:47.755Z', 'log': [], 'status': 'PENDING'}, 'creationTime': '2022-05-10T20:51:47.741Z', 'deviceName': 'mythicd', 'deviceId': '18730396', 'self': 'https://t493319102.eu-latest.cumulocity.com/devicecontrol/operations/18752050', 'id': '18752050', 'status': 'PENDING', 'description': &quot;Apply software changes, triggered from PySys: [{'action': 'delete', 'id': '5495053', 'name': 'apple', 'url': ' ', 'version': '::fruits'}, {'action': 'delete', 'id': '5494888', 'name': 'banana', 'url': ' ', 'version': '::fruits'}, {'action': 'delete', 'id': '5475369', 'name': 'asciijump', 'url': ' ', 'version': '::apt'}, {'action': 'delete', 'id': '5495382', 'name': 'cherry', 'url': ' ', 'version': '::fruits'}, {'action': 'delete', 'id': '8018911', 'name': 'registry', 'url': ' ', 'version': '::docker'}]&quot;, 'c8y_SoftwareUpdate': [{'name': 'apple', 'action': 'delete', 'id': '5495053', 'version': '::fruits', 'url': ' '}, {'name': 'banana', 'action': 'delete', 'id': '5494888', 'version': '::fruits', 'url': ' '}, {'name': 'asciijump', 'action': 'delete', 'id': '5475369', 'version': '::apt', 'url': ' '}, {'name': 'cherry', 'action': 'delete', 'id': '5495382', 'version': '::fruits', 'url': ' '}, {'name': 'registry', 'action': 'delete', 'id': '8018911', 'version': '::docker', 'url': ' '}]}
20:51:49 INFO  State of operation 18752050 : PENDING
20:51:52 INFO  State of operation 18752050 : EXECUTING
20:51:54 INFO  State of operation 18752050 : EXECUTING
20:51:56 INFO  State of operation 18752050 : EXECUTING
20:51:58 INFO  State of operation 18752050 : EXECUTING
20:52:01 INFO  State of operation 18752050 : EXECUTING
20:52:04 INFO  State of operation 18752050 : EXECUTING
20:52:08 INFO  State of operation 18752050 : EXECUTING
20:52:10 INFO  State of operation 18752050 : EXECUTING
20:52:12 INFO  State of operation 18752050 : EXECUTING
20:52:15 INFO  State of operation 18752050 : EXECUTING
20:52:17 INFO  State of operation 18752050 : EXECUTING
20:52:19 INFO  State of operation 18752050 : EXECUTING
20:52:21 INFO  State of operation 18752050 : EXECUTING
20:52:24 INFO  State of operation 18752050 : EXECUTING
20:52:26 INFO  State of operation 18752050 : EXECUTING
20:52:29 INFO  State of operation 18752050 : EXECUTING
20:52:31 INFO  State of operation 18752050 : EXECUTING
20:52:33 INFO  State of operation 18752050 : EXECUTING
20:52:36 INFO  State of operation 18752050 : EXECUTING
20:52:38 INFO  State of operation 18752050 : EXECUTING
20:52:40 INFO  State of operation 18752050 : EXECUTING
20:52:42 INFO  State of operation 18752050 : EXECUTING
20:52:45 INFO  State of operation 18752050 : EXECUTING
20:52:47 INFO  State of operation 18752050 : EXECUTING
20:52:50 INFO  State of operation 18752050 : EXECUTING
20:52:52 INFO  State of operation 18752050 : EXECUTING
20:52:54 INFO  State of operation 18752050 : EXECUTING
20:52:56 INFO  State of operation 18752050 : EXECUTING
20:52:59 INFO  State of operation 18752050 : EXECUTING
20:53:01 INFO  State of operation 18752050 : EXECUTING
20:53:03 INFO  State of operation 18752050 : SUCCESSFUL
20:53:03 INFO  Package apple is installed
20:53:03 INFO  Assert that (True == value) with value=True ... passed
20:53:04 INFO  Package banana is installed
20:53:04 INFO  Assert that (True == value) with value=True ... passed
20:53:04 INFO  Package cherry is installed
20:53:04 INFO  Assert that (True == value) with value=True ... passed
20:53:04 INFO  Assert that (False == value) with value=False ... passed
20:53:04 INFO  Assert that (False == value) with value=False ... passed
20:53:04 INFO  
20:53:04 INFO  cleanup:
20:53:09 INFO  Executed sudo&lt;tedge_disconnect_c8y&gt;, exit status 0
20:53:09 INFO  Executed systemctl&lt;serv_mapper5&gt;, exit status 3
20:53:09 INFO  
20:53:09 INFO  Test duration: 170.85 secs
20:53:09 INFO  Test final outcome:  FAILED
20:53:09 INFO  Test outcome reason: Assert that (False == value) with value=True
20:53:09 INFO  
</system-out>
	</testcase>
</testsuite>
