<?xml version="1.0" encoding="utf-8"?>
<testsuite failures="0" name="SoftwareManagement.sm_mapper_fail_and_reconnect" skipped="1" tests="1" time="0.04" timestamp="2022-05-09T17:14:10">
	<testcase classname="MapperC8yReceiveLastMessageOnRestart" name="SoftwareManagement.sm_mapper_fail_and_reconnect">
		<skipped message="SKIPPED: instable https://github.com/thin-edge/thin-edge.io/issues/752"/>
		<system-out>17:14:10 INFO  ==============================================================
17:14:10 INFO  Id:    SoftwareManagement.sm_mapper_fail_and_reconnect
17:14:10 INFO  Dir:   software_management_end_to_end/
17:14:10 INFO  Title: Validate the tedge-mapper-sm-c8y for receiving the last message on restart
17:14:10 INFO  ==============================================================
17:14:10 INFO  instable https://github.com/thin-edge/thin-edge.io/issues/752 ... skipped
17:14:10 INFO  
17:14:10 INFO  Test duration: 0.04 secs
17:14:10 INFO  Test final outcome:  SKIPPED
17:14:10 INFO  Test outcome reason: instable https://github.com/thin-edge/thin-edge.io/issues/752
17:14:10 INFO  
</system-out>
	</testcase>
</testsuite>
