<?xml version="1.0" encoding="utf-8"?>
<testsuite failures="1" name="SoftwareManagement.sm_apt_install_remove_multiple" skipped="0" tests="1" time="143.66" timestamp="2022-05-16T08:33:29">
	<testcase classname="PySysTest" name="SoftwareManagement.sm_apt_install_remove_multiple">
		<failure message="FAILED: Assert that (False == value) with value=True (+2 other failures)" type="FAILED"/>
		<system-out>08:31:05 INFO  ==============================================================
08:31:05 INFO  Id:    SoftwareManagement.sm_apt_install_remove_multiple
08:31:05 INFO  Dir:   software_management_end_to_end/
08:31:05 INFO  Title: Validate end to end behaviour for the apt plugin for multiple packages
08:31:05 INFO  ==============================================================
08:31:05 INFO  Using sw id database: {'asciijump': '5475369', 'robotfindskitten': '5474869', 'squirrel3': '5475279', 'rolldice': '5152439', 'moon-buggy': '5439204', 'apple': '5495053', 'banana': '5494888', 'cherry': '5495382', 'watermelon': '5494510', 'registry': '8018911', 'hello-world': '8021526', 'docker/getting-started': '8021973', 'alpine': '7991792'}
08:31:05 INFO  EnvironmentC8y Setup
08:31:05 INFO  Executed systemctl&lt;serv_mapper1&gt;, exit status 3
08:31:06 INFO  Restarting mosquitto too frequently in the last 10 seconds. It was only up for 5 seconds
08:31:06 INFO  Delaying execution by 6 seconds
08:31:26 INFO  Executed sudo&lt;tedge_connect_c8y&gt;, exit status 0, duration 14 secs
08:31:26 INFO  Executed sudo&lt;tedge_connect_c8y_test&gt;, exit status 0
08:31:27 INFO  Executed systemctl&lt;serv_mosq2&gt;, exit status 0
08:31:27 INFO  Executed systemctl&lt;serv_mapper3&gt;, exit status 0
08:31:30 INFO  State of current operation: SUCCESSFUL
08:31:30 INFO  Assert that (False == value) with value=False ... passed
08:31:30 INFO  Package asciijump is installed
08:31:30 WARN  Assert that (False == value) with value=True ... failed 
08:31:30 INFO  Package squirrel3 is installed
08:31:30 WARN  Assert that (False == value) with value=True ... failed 
08:31:31 INFO  Package robotfindskitten is installed
08:31:31 WARN  Assert that (False == value) with value=True ... failed 
08:31:31 INFO  Response status: 201
08:31:31 INFO  Response to action: {
    &quot;creationTime&quot;: &quot;2022-05-16T08:31:31.392Z&quot;,
    &quot;deviceId&quot;: &quot;19104451&quot;,
    &quot;deviceName&quot;: &quot;mythicd&quot;,
    &quot;self&quot;: &quot;https://t493319102.eu-latest.cumulocity.com/devicecontrol/operations/19133195&quot;,
    &quot;id&quot;: &quot;19133195&quot;,
    &quot;status&quot;: &quot;PENDING&quot;,
    &quot;description&quot;: &quot;Apply software changes, triggered from PySys: [{'action': 'install', 'id': '5475369', 'name': 'asciijump', 'url': ' ', 'version': '::apt'}, {'action': 'install', 'id': '5474869', 'name': 'robotfindskitten', 'url': ' ', 'version': '::apt'}, {'action': 'install', 'id': '5475279', 'name': 'squirrel3', 'url': ' ', 'version': '::apt'}]&quot;,
    &quot;c8y_SoftwareUpdate&quot;: [
        {
            &quot;name&quot;: &quot;asciijump&quot;,
            &quot;action&quot;: &quot;install&quot;,
            &quot;id&quot;: &quot;5475369&quot;,
            &quot;version&quot;: &quot;::apt&quot;,
            &quot;url&quot;: &quot; &quot;
        },
        {
            &quot;name&quot;: &quot;robotfindskitten&quot;,
            &quot;action&quot;: &quot;install&quot;,
            &quot;id&quot;: &quot;5474869&quot;,
            &quot;version&quot;: &quot;::apt&quot;,
            &quot;url&quot;: &quot; &quot;
        },
        {
            &quot;name&quot;: &quot;squirrel3&quot;,
            &quot;action&quot;: &quot;install&quot;,
            &quot;id&quot;: &quot;5475279&quot;,
            &quot;version&quot;: &quot;::apt&quot;,
            &quot;url&quot;: &quot; &quot;
        }
    ]
}
08:31:31 INFO  Started operation: {'creationTime': '2022-05-16T08:31:31.392Z', 'deviceId': '19104451', 'deviceName': 'mythicd', 'self': 'https://t493319102.eu-latest.cumulocity.com/devicecontrol/operations/19133195', 'id': '19133195', 'status': 'PENDING', 'description': &quot;Apply software changes, triggered from PySys: [{'action': 'install', 'id': '5475369', 'name': 'asciijump', 'url': ' ', 'version': '::apt'}, {'action': 'install', 'id': '5474869', 'name': 'robotfindskitten', 'url': ' ', 'version': '::apt'}, {'action': 'install', 'id': '5475279', 'name': 'squirrel3', 'url': ' ', 'version': '::apt'}]&quot;, 'c8y_SoftwareUpdate': [{'name': 'asciijump', 'action': 'install', 'id': '5475369', 'version': '::apt', 'url': ' '}, {'name': 'robotfindskitten', 'action': 'install', 'id': '5474869', 'version': '::apt', 'url': ' '}, {'name': 'squirrel3', 'action': 'install', 'id': '5475279', 'version': '::apt', 'url': ' '}]}
08:31:33 INFO  State of operation 19133195 : PENDING
08:31:35 INFO  State of operation 19133195 : EXECUTING
08:31:38 INFO  State of operation 19133195 : EXECUTING
08:31:40 INFO  State of operation 19133195 : EXECUTING
08:31:42 INFO  State of operation 19133195 : EXECUTING
08:31:44 INFO  State of operation 19133195 : EXECUTING
08:31:47 INFO  State of operation 19133195 : EXECUTING
08:31:50 INFO  State of operation 19133195 : EXECUTING
08:31:52 INFO  State of operation 19133195 : EXECUTING
08:31:55 INFO  State of operation 19133195 : EXECUTING
08:31:57 INFO  State of operation 19133195 : EXECUTING
08:31:59 INFO  State of operation 19133195 : EXECUTING
08:32:01 INFO  State of operation 19133195 : EXECUTING
08:32:04 INFO  State of operation 19133195 : EXECUTING
08:32:06 INFO  State of operation 19133195 : EXECUTING
08:32:08 INFO  State of operation 19133195 : EXECUTING
08:32:10 INFO  State of operation 19133195 : SUCCESSFUL
08:32:11 INFO  Assert that (False == value) with value=False ... passed
08:32:11 INFO  Package asciijump is installed
08:32:11 INFO  Assert that (True == value) with value=True ... passed
08:32:11 INFO  Package squirrel3 is installed
08:32:11 INFO  Assert that (True == value) with value=True ... passed
08:32:11 INFO  Package robotfindskitten is installed
08:32:11 INFO  Assert that (True == value) with value=True ... passed
08:32:12 INFO  Response status: 201
08:32:12 INFO  Response to action: {
    &quot;creationTime&quot;: &quot;2022-05-16T08:32:11.968Z&quot;,
    &quot;deviceId&quot;: &quot;19104451&quot;,
    &quot;deviceName&quot;: &quot;mythicd&quot;,
    &quot;self&quot;: &quot;https://t493319102.eu-latest.cumulocity.com/devicecontrol/operations/19133206&quot;,
    &quot;id&quot;: &quot;19133206&quot;,
    &quot;status&quot;: &quot;PENDING&quot;,
    &quot;description&quot;: &quot;Apply software changes, triggered from PySys: [{'action': 'delete', 'id': '5475369', 'name': 'asciijump', 'url': ' ', 'version': '::apt'}, {'action': 'delete', 'id': '5474869', 'name': 'robotfindskitten', 'url': ' ', 'version': '::apt'}, {'action': 'delete', 'id': '5475279', 'name': 'squirrel3', 'url': ' ', 'version': '::apt'}]&quot;,
    &quot;c8y_SoftwareUpdate&quot;: [
        {
            &quot;name&quot;: &quot;asciijump&quot;,
            &quot;action&quot;: &quot;delete&quot;,
            &quot;id&quot;: &quot;5475369&quot;,
            &quot;version&quot;: &quot;::apt&quot;,
            &quot;url&quot;: &quot; &quot;
        },
        {
            &quot;name&quot;: &quot;robotfindskitten&quot;,
            &quot;action&quot;: &quot;delete&quot;,
            &quot;id&quot;: &quot;5474869&quot;,
            &quot;version&quot;: &quot;::apt&quot;,
            &quot;url&quot;: &quot; &quot;
        },
        {
            &quot;name&quot;: &quot;squirrel3&quot;,
            &quot;action&quot;: &quot;delete&quot;,
            &quot;id&quot;: &quot;5475279&quot;,
            &quot;version&quot;: &quot;::apt&quot;,
            &quot;url&quot;: &quot; &quot;
        }
    ]
}
08:32:12 INFO  Started operation: {'creationTime': '2022-05-16T08:32:11.968Z', 'deviceId': '19104451', 'deviceName': 'mythicd', 'self': 'https://t493319102.eu-latest.cumulocity.com/devicecontrol/operations/19133206', 'id': '19133206', 'status': 'PENDING', 'description': &quot;Apply software changes, triggered from PySys: [{'action': 'delete', 'id': '5475369', 'name': 'asciijump', 'url': ' ', 'version': '::apt'}, {'action': 'delete', 'id': '5474869', 'name': 'robotfindskitten', 'url': ' ', 'version': '::apt'}, {'action': 'delete', 'id': '5475279', 'name': 'squirrel3', 'url': ' ', 'version': '::apt'}]&quot;, 'c8y_SoftwareUpdate': [{'name': 'asciijump', 'action': 'delete', 'id': '5475369', 'version': '::apt', 'url': ' '}, {'name': 'robotfindskitten', 'action': 'delete', 'id': '5474869', 'version': '::apt', 'url': ' '}, {'name': 'squirrel3', 'action': 'delete', 'id': '5475279', 'version': '::apt', 'url': ' '}]}
08:32:14 INFO  State of operation 19133206 : PENDING
08:32:16 INFO  State of operation 19133206 : EXECUTING
08:32:18 INFO  State of operation 19133206 : EXECUTING
08:32:20 INFO  State of operation 19133206 : EXECUTING
08:32:23 INFO  State of operation 19133206 : EXECUTING
08:32:25 INFO  State of operation 19133206 : EXECUTING
08:32:28 INFO  State of operation 19133206 : EXECUTING
08:32:31 INFO  State of operation 19133206 : EXECUTING
08:32:33 INFO  State of operation 19133206 : EXECUTING
08:32:35 INFO  State of operation 19133206 : EXECUTING
08:32:38 INFO  State of operation 19133206 : EXECUTING
08:32:40 INFO  State of operation 19133206 : EXECUTING
08:32:42 INFO  State of operation 19133206 : EXECUTING
08:32:44 INFO  State of operation 19133206 : EXECUTING
08:32:46 INFO  State of operation 19133206 : EXECUTING
08:32:49 INFO  State of operation 19133206 : EXECUTING
08:32:51 INFO  State of operation 19133206 : EXECUTING
08:32:53 INFO  State of operation 19133206 : EXECUTING
08:32:57 INFO  State of operation 19133206 : EXECUTING
08:33:00 INFO  State of operation 19133206 : EXECUTING
08:33:02 INFO  State of operation 19133206 : EXECUTING
08:33:04 INFO  State of operation 19133206 : EXECUTING
08:33:06 INFO  State of operation 19133206 : EXECUTING
08:33:09 INFO  State of operation 19133206 : EXECUTING
08:33:11 INFO  State of operation 19133206 : EXECUTING
08:33:14 INFO  State of operation 19133206 : EXECUTING
08:33:16 INFO  State of operation 19133206 : EXECUTING
08:33:18 INFO  State of operation 19133206 : EXECUTING
08:33:21 INFO  State of operation 19133206 : EXECUTING
08:33:23 INFO  State of operation 19133206 : SUCCESSFUL
08:33:23 INFO  Assert that (False == value) with value=False ... passed
08:33:23 INFO  Assert that (False == value) with value=False ... passed
08:33:24 INFO  Assert that (False == value) with value=False ... passed
08:33:24 INFO  Assert that (False == value) with value=False ... passed
08:33:24 INFO  
08:33:24 INFO  cleanup:
08:33:28 INFO  Executed sudo&lt;tedge_disconnect_c8y&gt;, exit status 0
08:33:29 INFO  Executed systemctl&lt;serv_mapper5&gt;, exit status 3
08:33:29 INFO  
08:33:29 INFO  Test duration: 143.66 secs
08:33:29 INFO  Test final outcome:  FAILED
08:33:29 INFO  Test outcome reason: Assert that (False == value) with value=True (+2 other failures)
08:33:29 INFO  
</system-out>
	</testcase>
</testsuite>
