<?xml version="1.0" encoding="utf-8"?>
<testsuite failures="1" name="SoftwareManagement.sm_apt_install_remove_multiple" skipped="0" tests="1" time="141.75" timestamp="2022-05-09T17:04:15">
	<testcase classname="PySysTest" name="SoftwareManagement.sm_apt_install_remove_multiple">
		<failure message="FAILED: Assert that (False == value) with value=True (+2 other failures)" type="FAILED"/>
		<system-out>17:01:53 INFO  ==============================================================
17:01:53 INFO  Id:    SoftwareManagement.sm_apt_install_remove_multiple
17:01:53 INFO  Dir:   software_management_end_to_end/
17:01:53 INFO  Title: Validate end to end behaviour for the apt plugin for multiple packages
17:01:53 INFO  ==============================================================
17:01:53 INFO  Using sw id database: {'asciijump': '5475369', 'robotfindskitten': '5474869', 'squirrel3': '5475279', 'rolldice': '5152439', 'moon-buggy': '5439204', 'apple': '5495053', 'banana': '5494888', 'cherry': '5495382', 'watermelon': '5494510', 'registry': '8018911', 'hello-world': '8021526', 'docker/getting-started': '8021973', 'alpine': '7991792'}
17:01:53 INFO  EnvironmentC8y Setup
17:01:54 INFO  Executed systemctl&lt;serv_mapper1&gt;, exit status 3
17:01:54 INFO  Restarting mosquitto too frequently in the last 10 seconds. It was only up for 5 seconds
17:01:54 INFO  Delaying execution by 6 seconds
17:02:14 INFO  Executed sudo&lt;tedge_connect_c8y&gt;, exit status 0, duration 14 secs
17:02:15 INFO  Executed sudo&lt;tedge_connect_c8y_test&gt;, exit status 0
17:02:15 INFO  Executed systemctl&lt;serv_mosq2&gt;, exit status 0
17:02:16 INFO  Executed systemctl&lt;serv_mapper3&gt;, exit status 0
17:02:18 INFO  State of current operation: SUCCESSFUL
17:02:18 INFO  Assert that (False == value) with value=False ... passed
17:02:19 INFO  Package asciijump is installed
17:02:19 WARN  Assert that (False == value) with value=True ... failed 
17:02:19 INFO  Package squirrel3 is installed
17:02:19 WARN  Assert that (False == value) with value=True ... failed 
17:02:19 INFO  Package robotfindskitten is installed
17:02:19 WARN  Assert that (False == value) with value=True ... failed 
17:02:19 INFO  Response status: 201
17:02:19 INFO  Response to action: {
    &quot;delivery&quot;: {
        &quot;time&quot;: &quot;2022-05-09T17:02:19.761Z&quot;,
        &quot;log&quot;: [],
        &quot;status&quot;: &quot;PENDING&quot;
    },
    &quot;creationTime&quot;: &quot;2022-05-09T17:02:19.749Z&quot;,
    &quot;deviceName&quot;: &quot;mythicd&quot;,
    &quot;deviceId&quot;: &quot;18560094&quot;,
    &quot;self&quot;: &quot;https://t493319102.eu-latest.cumulocity.com/devicecontrol/operations/18564976&quot;,
    &quot;id&quot;: &quot;18564976&quot;,
    &quot;status&quot;: &quot;PENDING&quot;,
    &quot;description&quot;: &quot;Apply software changes, triggered from PySys: [{'action': 'install', 'id': '5475369', 'name': 'asciijump', 'url': ' ', 'version': '::apt'}, {'action': 'install', 'id': '5474869', 'name': 'robotfindskitten', 'url': ' ', 'version': '::apt'}, {'action': 'install', 'id': '5475279', 'name': 'squirrel3', 'url': ' ', 'version': '::apt'}]&quot;,
    &quot;c8y_SoftwareUpdate&quot;: [
        {
            &quot;name&quot;: &quot;asciijump&quot;,
            &quot;action&quot;: &quot;install&quot;,
            &quot;id&quot;: &quot;5475369&quot;,
            &quot;version&quot;: &quot;::apt&quot;,
            &quot;url&quot;: &quot; &quot;
        },
        {
            &quot;name&quot;: &quot;robotfindskitten&quot;,
            &quot;action&quot;: &quot;install&quot;,
            &quot;id&quot;: &quot;5474869&quot;,
            &quot;version&quot;: &quot;::apt&quot;,
            &quot;url&quot;: &quot; &quot;
        },
        {
            &quot;name&quot;: &quot;squirrel3&quot;,
            &quot;action&quot;: &quot;install&quot;,
            &quot;id&quot;: &quot;5475279&quot;,
            &quot;version&quot;: &quot;::apt&quot;,
            &quot;url&quot;: &quot; &quot;
        }
    ]
}
17:02:19 INFO  Started operation: {'delivery': {'time': '2022-05-09T17:02:19.761Z', 'log': [], 'status': 'PENDING'}, 'creationTime': '2022-05-09T17:02:19.749Z', 'deviceName': 'mythicd', 'deviceId': '18560094', 'self': 'https://t493319102.eu-latest.cumulocity.com/devicecontrol/operations/18564976', 'id': '18564976', 'status': 'PENDING', 'description': &quot;Apply software changes, triggered from PySys: [{'action': 'install', 'id': '5475369', 'name': 'asciijump', 'url': ' ', 'version': '::apt'}, {'action': 'install', 'id': '5474869', 'name': 'robotfindskitten', 'url': ' ', 'version': '::apt'}, {'action': 'install', 'id': '5475279', 'name': 'squirrel3', 'url': ' ', 'version': '::apt'}]&quot;, 'c8y_SoftwareUpdate': [{'name': 'asciijump', 'action': 'install', 'id': '5475369', 'version': '::apt', 'url': ' '}, {'name': 'robotfindskitten', 'action': 'install', 'id': '5474869', 'version': '::apt', 'url': ' '}, {'name': 'squirrel3', 'action': 'install', 'id': '5475279', 'version': '::apt', 'url': ' '}]}
17:02:22 INFO  State of operation 18564976 : PENDING
17:02:24 INFO  State of operation 18564976 : EXECUTING
17:02:26 INFO  State of operation 18564976 : EXECUTING
17:02:28 INFO  State of operation 18564976 : EXECUTING
17:02:30 INFO  State of operation 18564976 : EXECUTING
17:02:33 INFO  State of operation 18564976 : EXECUTING
17:02:35 INFO  State of operation 18564976 : EXECUTING
17:02:38 INFO  State of operation 18564976 : EXECUTING
17:02:41 INFO  State of operation 18564976 : EXECUTING
17:02:43 INFO  State of operation 18564976 : EXECUTING
17:02:46 INFO  State of operation 18564976 : EXECUTING
17:02:48 INFO  State of operation 18564976 : EXECUTING
17:02:50 INFO  State of operation 18564976 : EXECUTING
17:02:52 INFO  State of operation 18564976 : EXECUTING
17:02:55 INFO  State of operation 18564976 : EXECUTING
17:02:57 INFO  State of operation 18564976 : SUCCESSFUL
17:02:57 INFO  Assert that (False == value) with value=False ... passed
17:02:57 INFO  Package asciijump is installed
17:02:57 INFO  Assert that (True == value) with value=True ... passed
17:02:58 INFO  Package squirrel3 is installed
17:02:58 INFO  Assert that (True == value) with value=True ... passed
17:02:58 INFO  Package robotfindskitten is installed
17:02:58 INFO  Assert that (True == value) with value=True ... passed
17:02:58 INFO  Response status: 201
17:02:58 INFO  Response to action: {
    &quot;delivery&quot;: {
        &quot;time&quot;: &quot;2022-05-09T17:02:58.523Z&quot;,
        &quot;log&quot;: [],
        &quot;status&quot;: &quot;PENDING&quot;
    },
    &quot;creationTime&quot;: &quot;2022-05-09T17:02:58.509Z&quot;,
    &quot;deviceName&quot;: &quot;mythicd&quot;,
    &quot;deviceId&quot;: &quot;18560094&quot;,
    &quot;self&quot;: &quot;https://t493319102.eu-latest.cumulocity.com/devicecontrol/operations/18564982&quot;,
    &quot;id&quot;: &quot;18564982&quot;,
    &quot;status&quot;: &quot;PENDING&quot;,
    &quot;description&quot;: &quot;Apply software changes, triggered from PySys: [{'action': 'delete', 'id': '5475369', 'name': 'asciijump', 'url': ' ', 'version': '::apt'}, {'action': 'delete', 'id': '5474869', 'name': 'robotfindskitten', 'url': ' ', 'version': '::apt'}, {'action': 'delete', 'id': '5475279', 'name': 'squirrel3', 'url': ' ', 'version': '::apt'}]&quot;,
    &quot;c8y_SoftwareUpdate&quot;: [
        {
            &quot;name&quot;: &quot;asciijump&quot;,
            &quot;action&quot;: &quot;delete&quot;,
            &quot;id&quot;: &quot;5475369&quot;,
            &quot;version&quot;: &quot;::apt&quot;,
            &quot;url&quot;: &quot; &quot;
        },
        {
            &quot;name&quot;: &quot;robotfindskitten&quot;,
            &quot;action&quot;: &quot;delete&quot;,
            &quot;id&quot;: &quot;5474869&quot;,
            &quot;version&quot;: &quot;::apt&quot;,
            &quot;url&quot;: &quot; &quot;
        },
        {
            &quot;name&quot;: &quot;squirrel3&quot;,
            &quot;action&quot;: &quot;delete&quot;,
            &quot;id&quot;: &quot;5475279&quot;,
            &quot;version&quot;: &quot;::apt&quot;,
            &quot;url&quot;: &quot; &quot;
        }
    ]
}
17:02:58 INFO  Started operation: {'delivery': {'time': '2022-05-09T17:02:58.523Z', 'log': [], 'status': 'PENDING'}, 'creationTime': '2022-05-09T17:02:58.509Z', 'deviceName': 'mythicd', 'deviceId': '18560094', 'self': 'https://t493319102.eu-latest.cumulocity.com/devicecontrol/operations/18564982', 'id': '18564982', 'status': 'PENDING', 'description': &quot;Apply software changes, triggered from PySys: [{'action': 'delete', 'id': '5475369', 'name': 'asciijump', 'url': ' ', 'version': '::apt'}, {'action': 'delete', 'id': '5474869', 'name': 'robotfindskitten', 'url': ' ', 'version': '::apt'}, {'action': 'delete', 'id': '5475279', 'name': 'squirrel3', 'url': ' ', 'version': '::apt'}]&quot;, 'c8y_SoftwareUpdate': [{'name': 'asciijump', 'action': 'delete', 'id': '5475369', 'version': '::apt', 'url': ' '}, {'name': 'robotfindskitten', 'action': 'delete', 'id': '5474869', 'version': '::apt', 'url': ' '}, {'name': 'squirrel3', 'action': 'delete', 'id': '5475279', 'version': '::apt', 'url': ' '}]}
17:03:00 INFO  State of operation 18564982 : PENDING
17:03:02 INFO  State of operation 18564982 : EXECUTING
17:03:05 INFO  State of operation 18564982 : EXECUTING
17:03:07 INFO  State of operation 18564982 : EXECUTING
17:03:09 INFO  State of operation 18564982 : EXECUTING
17:03:11 INFO  State of operation 18564982 : EXECUTING
17:03:14 INFO  State of operation 18564982 : EXECUTING
17:03:16 INFO  State of operation 18564982 : EXECUTING
17:03:19 INFO  State of operation 18564982 : EXECUTING
17:03:22 INFO  State of operation 18564982 : EXECUTING
17:03:24 INFO  State of operation 18564982 : EXECUTING
17:03:26 INFO  State of operation 18564982 : EXECUTING
17:03:28 INFO  State of operation 18564982 : EXECUTING
17:03:31 INFO  State of operation 18564982 : EXECUTING
17:03:33 INFO  State of operation 18564982 : EXECUTING
17:03:35 INFO  State of operation 18564982 : EXECUTING
17:03:37 INFO  State of operation 18564982 : EXECUTING
17:03:40 INFO  State of operation 18564982 : EXECUTING
17:03:43 INFO  State of operation 18564982 : EXECUTING
17:03:46 INFO  State of operation 18564982 : EXECUTING
17:03:48 INFO  State of operation 18564982 : EXECUTING
17:03:50 INFO  State of operation 18564982 : EXECUTING
17:03:52 INFO  State of operation 18564982 : EXECUTING
17:03:55 INFO  State of operation 18564982 : EXECUTING
17:03:57 INFO  State of operation 18564982 : EXECUTING
17:04:00 INFO  State of operation 18564982 : EXECUTING
17:04:02 INFO  State of operation 18564982 : EXECUTING
17:04:04 INFO  State of operation 18564982 : EXECUTING
17:04:07 INFO  State of operation 18564982 : EXECUTING
17:04:09 INFO  State of operation 18564982 : SUCCESSFUL
17:04:09 INFO  Assert that (False == value) with value=False ... passed
17:04:09 INFO  Assert that (False == value) with value=False ... passed
17:04:10 INFO  Assert that (False == value) with value=False ... passed
17:04:10 INFO  Assert that (False == value) with value=False ... passed
17:04:10 INFO  
17:04:10 INFO  cleanup:
17:04:14 INFO  Executed sudo&lt;tedge_disconnect_c8y&gt;, exit status 0
17:04:15 INFO  Executed systemctl&lt;serv_mapper5&gt;, exit status 3
17:04:15 INFO  
17:04:15 INFO  Test duration: 141.75 secs
17:04:15 INFO  Test final outcome:  FAILED
17:04:15 INFO  Test outcome reason: Assert that (False == value) with value=True (+2 other failures)
17:04:15 INFO  
</system-out>
	</testcase>
</testsuite>
