<?xml version="1.0" encoding="utf-8"?>
<testsuite failures="1" name="SoftwareManagement.sm_docker_install_remove_multiple" skipped="0" tests="1" time="114.55" timestamp="2022-05-23T10:34:18">
	<testcase classname="SMDockerInstallRemove" name="SoftwareManagement.sm_docker_install_remove_multiple">
		<failure message="BLOCKED: SystemError: The operation has failed" type="BLOCKED"/>
		<system-out>10:32:24 INFO  ==============================================================
10:32:24 INFO  Id:    SoftwareManagement.sm_docker_install_remove_multiple
10:32:24 INFO  Dir:   software_management_end_to_end/
10:32:24 INFO  Title: Validate end to end behaviour for the docker plugin for multiple docker images with mixed versions
10:32:24 INFO  ==============================================================
10:32:24 INFO  Using sw id database: {'asciijump': '5475369', 'robotfindskitten': '5474869', 'squirrel3': '5475279', 'rolldice': '5152439', 'moon-buggy': '5439204', 'apple': '5495053', 'banana': '5494888', 'cherry': '5495382', 'watermelon': '5494510', 'registry': '8018911', 'hello-world': '8021526', 'docker/getting-started': '8021973', 'alpine': '7991792'}
10:32:24 INFO  EnvironmentC8y Setup
10:32:24 INFO  Executed systemctl&lt;serv_mapper1&gt;, exit status 3
10:32:24 INFO  Restarting mosquitto too frequently in the last 10 seconds. It was only up for 4 seconds
10:32:24 INFO  Delaying execution by 7 seconds
10:32:46 INFO  Executed sudo&lt;tedge_connect_c8y&gt;, exit status 0, duration 14 secs
10:32:46 INFO  Executed sudo&lt;tedge_connect_c8y_test&gt;, exit status 0
10:32:47 INFO  Executed systemctl&lt;serv_mosq2&gt;, exit status 0
10:32:47 INFO  Executed systemctl&lt;serv_mapper3&gt;, exit status 0
10:32:50 INFO  State of current operation: SUCCESSFUL
10:32:50 INFO  Response status: 201
10:32:50 INFO  Response to action: {
    &quot;creationTime&quot;: &quot;2022-05-23T10:32:50.252Z&quot;,
    &quot;deviceId&quot;: &quot;19492120&quot;,
    &quot;deviceName&quot;: &quot;mythicd&quot;,
    &quot;self&quot;: &quot;https://t493319102.eu-latest.cumulocity.com/devicecontrol/operations/19512898&quot;,
    &quot;id&quot;: &quot;19512898&quot;,
    &quot;status&quot;: &quot;PENDING&quot;,
    &quot;description&quot;: &quot;Apply software changes, triggered from PySys: [{'action': 'install', 'id': '8021526', 'name': 'hello-world', 'url': '', 'version': '::docker'}, {'action': 'install', 'id': '8018911', 'name': 'registry', 'url': '', 'version': '2.6.2::docker'}]&quot;,
    &quot;c8y_SoftwareUpdate&quot;: [
        {
            &quot;name&quot;: &quot;hello-world&quot;,
            &quot;action&quot;: &quot;install&quot;,
            &quot;id&quot;: &quot;8021526&quot;,
            &quot;version&quot;: &quot;::docker&quot;,
            &quot;url&quot;: &quot;&quot;
        },
        {
            &quot;name&quot;: &quot;registry&quot;,
            &quot;action&quot;: &quot;install&quot;,
            &quot;id&quot;: &quot;8018911&quot;,
            &quot;version&quot;: &quot;2.6.2::docker&quot;,
            &quot;url&quot;: &quot;&quot;
        }
    ]
}
10:32:50 INFO  Started operation: {'creationTime': '2022-05-23T10:32:50.252Z', 'deviceId': '19492120', 'deviceName': 'mythicd', 'self': 'https://t493319102.eu-latest.cumulocity.com/devicecontrol/operations/19512898', 'id': '19512898', 'status': 'PENDING', 'description': &quot;Apply software changes, triggered from PySys: [{'action': 'install', 'id': '8021526', 'name': 'hello-world', 'url': '', 'version': '::docker'}, {'action': 'install', 'id': '8018911', 'name': 'registry', 'url': '', 'version': '2.6.2::docker'}]&quot;, 'c8y_SoftwareUpdate': [{'name': 'hello-world', 'action': 'install', 'id': '8021526', 'version': '::docker', 'url': ''}, {'name': 'registry', 'action': 'install', 'id': '8018911', 'version': '2.6.2::docker', 'url': ''}]}
10:32:52 INFO  State of operation 19512898 : PENDING
10:32:54 INFO  State of operation 19512898 : EXECUTING
10:32:57 INFO  State of operation 19512898 : EXECUTING
10:32:59 INFO  State of operation 19512898 : EXECUTING
10:33:01 INFO  State of operation 19512898 : EXECUTING
10:33:04 INFO  State of operation 19512898 : EXECUTING
10:33:06 INFO  State of operation 19512898 : EXECUTING
10:33:09 INFO  State of operation 19512898 : EXECUTING
10:33:11 INFO  State of operation 19512898 : EXECUTING
10:33:13 INFO  State of operation 19512898 : EXECUTING
10:33:15 INFO  State of operation 19512898 : EXECUTING
10:33:19 INFO  State of operation 19512898 : EXECUTING
10:33:21 INFO  State of operation 19512898 : EXECUTING
10:33:23 INFO  State of operation 19512898 : EXECUTING
10:33:25 INFO  State of operation 19512898 : EXECUTING
10:33:28 INFO  State of operation 19512898 : EXECUTING
10:33:30 INFO  State of operation 19512898 : SUCCESSFUL
10:33:31 INFO  Package hello-world is installed
10:33:31 INFO  Package hello-world is installed
10:33:31 INFO  Assert that (True == value) with value=True ... passed
10:33:32 INFO  Package registry is installed
10:33:32 INFO  Assert that (True == value) with value=True ... passed
10:33:32 INFO  Assert that (False == value) with value=False ... passed
10:33:32 INFO  Response status: 201
10:33:32 INFO  Response to action: {
    &quot;creationTime&quot;: &quot;2022-05-23T10:33:32.436Z&quot;,
    &quot;deviceId&quot;: &quot;19492120&quot;,
    &quot;deviceName&quot;: &quot;mythicd&quot;,
    &quot;self&quot;: &quot;https://t493319102.eu-latest.cumulocity.com/devicecontrol/operations/19512910&quot;,
    &quot;id&quot;: &quot;19512910&quot;,
    &quot;status&quot;: &quot;PENDING&quot;,
    &quot;description&quot;: &quot;Apply software changes, triggered from PySys: [{'action': 'install', 'id': '8018911', 'name': 'registry', 'url': '', 'version': '2.7.1::docker'}, {'action': 'install', 'id': '7991792', 'name': 'alpine', 'url': '', 'version': '::docker'}]&quot;,
    &quot;c8y_SoftwareUpdate&quot;: [
        {
            &quot;name&quot;: &quot;registry&quot;,
            &quot;action&quot;: &quot;install&quot;,
            &quot;id&quot;: &quot;8018911&quot;,
            &quot;version&quot;: &quot;2.7.1::docker&quot;,
            &quot;url&quot;: &quot;&quot;
        },
        {
            &quot;name&quot;: &quot;alpine&quot;,
            &quot;action&quot;: &quot;install&quot;,
            &quot;id&quot;: &quot;7991792&quot;,
            &quot;version&quot;: &quot;::docker&quot;,
            &quot;url&quot;: &quot;&quot;
        }
    ]
}
10:33:32 INFO  Started operation: {'creationTime': '2022-05-23T10:33:32.436Z', 'deviceId': '19492120', 'deviceName': 'mythicd', 'self': 'https://t493319102.eu-latest.cumulocity.com/devicecontrol/operations/19512910', 'id': '19512910', 'status': 'PENDING', 'description': &quot;Apply software changes, triggered from PySys: [{'action': 'install', 'id': '8018911', 'name': 'registry', 'url': '', 'version': '2.7.1::docker'}, {'action': 'install', 'id': '7991792', 'name': 'alpine', 'url': '', 'version': '::docker'}]&quot;, 'c8y_SoftwareUpdate': [{'name': 'registry', 'action': 'install', 'id': '8018911', 'version': '2.7.1::docker', 'url': ''}, {'name': 'alpine', 'action': 'install', 'id': '7991792', 'version': '::docker', 'url': ''}]}
10:33:34 INFO  State of operation 19512910 : PENDING
10:33:36 INFO  State of operation 19512910 : EXECUTING
10:33:39 INFO  State of operation 19512910 : EXECUTING
10:33:41 INFO  State of operation 19512910 : EXECUTING
10:33:43 INFO  State of operation 19512910 : EXECUTING
10:33:45 INFO  State of operation 19512910 : EXECUTING
10:33:48 INFO  State of operation 19512910 : EXECUTING
10:33:50 INFO  State of operation 19512910 : FAILED
10:33:50 ERROR Stopping as the operation has failed
10:33:50 WARN  SystemError occurred while running test - The operation has failed
Traceback (most recent call last):
  File &quot;/home/pi/env-pysys/lib/python3.7/site-packages/pysys/baserunner.py&quot;, line 1294, in __call__
    self.testObj.execute()
  File &quot;/home/pi/actions-runner/_work/thin-edge.io/thin-edge.io/tests/PySys/software_management_end_to_end/sm_docker_install_remove_multiple/run.py&quot;, line 91, in execute
    self.wait_until_succcess()
  File &quot;/home/pi/actions-runner/_work/thin-edge.io/thin-edge.io/tests/PySys/software_management_end_to_end/environment_sm_management.py&quot;, line 324, in wait_until_succcess
    self.wait_until_status(&quot;SUCCESSFUL&quot;)
  File &quot;/home/pi/actions-runner/_work/thin-edge.io/thin-edge.io/tests/PySys/software_management_end_to_end/environment_sm_management.py&quot;, line 361, in wait_until_status
    raise SystemError(&quot;The operation has failed&quot;)
SystemError: The operation has failed
10:33:50 WARN  SystemError: The operation has failed ... blocked 
10:33:50 INFO  
10:33:50 INFO  cleanup:
10:33:50 INFO  Response status: 201
10:33:50 INFO  Response to action: {
    &quot;creationTime&quot;: &quot;2022-05-23T10:33:50.681Z&quot;,
    &quot;deviceId&quot;: &quot;19492120&quot;,
    &quot;deviceName&quot;: &quot;mythicd&quot;,
    &quot;self&quot;: &quot;https://t493319102.eu-latest.cumulocity.com/devicecontrol/operations/19512914&quot;,
    &quot;id&quot;: &quot;19512914&quot;,
    &quot;status&quot;: &quot;PENDING&quot;,
    &quot;description&quot;: &quot;Apply software changes, triggered from PySys: [{'action': 'delete', 'id': '8018911', 'name': 'registry', 'url': '', 'version': '2.7.1::docker'}, {'action': 'delete', 'id': '7991792', 'name': 'alpine', 'url': '', 'version': '::docker'}, {'action': 'delete', 'id': '8021526', 'name': 'hello-world', 'url': '', 'version': '::docker'}]&quot;,
    &quot;c8y_SoftwareUpdate&quot;: [
        {
            &quot;name&quot;: &quot;registry&quot;,
            &quot;action&quot;: &quot;delete&quot;,
            &quot;id&quot;: &quot;8018911&quot;,
            &quot;version&quot;: &quot;2.7.1::docker&quot;,
            &quot;url&quot;: &quot;&quot;
        },
        {
            &quot;name&quot;: &quot;alpine&quot;,
            &quot;action&quot;: &quot;delete&quot;,
            &quot;id&quot;: &quot;7991792&quot;,
            &quot;version&quot;: &quot;::docker&quot;,
            &quot;url&quot;: &quot;&quot;
        },
        {
            &quot;name&quot;: &quot;hello-world&quot;,
            &quot;action&quot;: &quot;delete&quot;,
            &quot;id&quot;: &quot;8021526&quot;,
            &quot;version&quot;: &quot;::docker&quot;,
            &quot;url&quot;: &quot;&quot;
        }
    ]
}
10:33:50 INFO  Started operation: {'creationTime': '2022-05-23T10:33:50.681Z', 'deviceId': '19492120', 'deviceName': 'mythicd', 'self': 'https://t493319102.eu-latest.cumulocity.com/devicecontrol/operations/19512914', 'id': '19512914', 'status': 'PENDING', 'description': &quot;Apply software changes, triggered from PySys: [{'action': 'delete', 'id': '8018911', 'name': 'registry', 'url': '', 'version': '2.7.1::docker'}, {'action': 'delete', 'id': '7991792', 'name': 'alpine', 'url': '', 'version': '::docker'}, {'action': 'delete', 'id': '8021526', 'name': 'hello-world', 'url': '', 'version': '::docker'}]&quot;, 'c8y_SoftwareUpdate': [{'name': 'registry', 'action': 'delete', 'id': '8018911', 'version': '2.7.1::docker', 'url': ''}, {'name': 'alpine', 'action': 'delete', 'id': '7991792', 'version': '::docker', 'url': ''}, {'name': 'hello-world', 'action': 'delete', 'id': '8021526', 'version': '::docker', 'url': ''}]}
10:33:52 INFO  State of operation 19512914 : PENDING
10:33:55 INFO  State of operation 19512914 : EXECUTING
10:33:57 INFO  State of operation 19512914 : EXECUTING
10:33:59 INFO  State of operation 19512914 : EXECUTING
10:34:01 INFO  State of operation 19512914 : SUCCESSFUL
10:34:13 INFO  Assert that (False == value) with value=False ... passed
10:34:13 INFO  Assert that (False == value) with value=False ... passed
10:34:13 INFO  Assert that (False == value) with value=False ... passed
10:34:17 INFO  Executed sudo&lt;tedge_disconnect_c8y&gt;, exit status 0
10:34:18 INFO  Executed systemctl&lt;serv_mapper5&gt;, exit status 3
10:34:18 INFO  
10:34:18 INFO  Test duration: 114.55 secs
10:34:18 INFO  Test final outcome:  BLOCKED
10:34:18 INFO  Test outcome reason: SystemError: The operation has failed
10:34:18 INFO  
</system-out>
	</testcase>
</testsuite>
