<?xml version="1.0" encoding="utf-8"?>
<testsuite failures="1" name="SoftwareManagement.sm_apt_install_remove_multiple_mixed" skipped="0" tests="1" time="180.7" timestamp="2022-05-09T17:07:16">
	<testcase classname="PySysTest" name="SoftwareManagement.sm_apt_install_remove_multiple_mixed">
		<failure message="BLOCKED: SystemError: Timeout while waiting for status SUCCESSFUL or False (+1 other failures)" type="BLOCKED"/>
		<system-out>17:04:15 INFO  ==============================================================
17:04:15 INFO  Id:    SoftwareManagement.sm_apt_install_remove_multiple_mixed
17:04:15 INFO  Dir:   software_management_end_to_end/
17:04:15 INFO  Title: Validate end to end behaviour for the apt plugin for multiple packages with mixed versions
17:04:15 INFO  ==============================================================
17:04:15 INFO  Using sw id database: {'asciijump': '5475369', 'robotfindskitten': '5474869', 'squirrel3': '5475279', 'rolldice': '5152439', 'moon-buggy': '5439204', 'apple': '5495053', 'banana': '5494888', 'cherry': '5495382', 'watermelon': '5494510', 'registry': '8018911', 'hello-world': '8021526', 'docker/getting-started': '8021973', 'alpine': '7991792'}
17:04:15 INFO  EnvironmentC8y Setup
17:04:16 INFO  Executed systemctl&lt;serv_mapper1&gt;, exit status 3
17:04:16 INFO  Restarting mosquitto too frequently in the last 10 seconds. It was only up for 5 seconds
17:04:16 INFO  Delaying execution by 6 seconds
17:04:36 INFO  Executed sudo&lt;tedge_connect_c8y&gt;, exit status 0, duration 13 secs
17:04:36 INFO  Executed sudo&lt;tedge_connect_c8y_test&gt;, exit status 0
17:04:37 INFO  Executed systemctl&lt;serv_mosq2&gt;, exit status 0
17:04:37 INFO  Executed systemctl&lt;serv_mapper3&gt;, exit status 0
17:04:40 INFO  State of current operation: SUCCESSFUL
17:04:40 INFO  Assert that (False == value) with value=False ... passed
17:04:40 INFO  Assert that (False == value) with value=False ... passed
17:04:40 INFO  Assert that (False == value) with value=False ... passed
17:04:41 INFO  Assert that (False == value) with value=False ... passed
17:04:41 INFO  Package moon-buggy is installed
17:04:41 WARN  Assert that (False == value) with value=True ... failed 
17:04:42 INFO  Response status: 201
17:04:42 INFO  Response to action: {
    &quot;delivery&quot;: {
        &quot;time&quot;: &quot;2022-05-09T17:04:42.782Z&quot;,
        &quot;log&quot;: [],
        &quot;status&quot;: &quot;PENDING&quot;
    },
    &quot;creationTime&quot;: &quot;2022-05-09T17:04:42.769Z&quot;,
    &quot;deviceName&quot;: &quot;mythicd&quot;,
    &quot;deviceId&quot;: &quot;18560094&quot;,
    &quot;self&quot;: &quot;https://t493319102.eu-latest.cumulocity.com/devicecontrol/operations/18564988&quot;,
    &quot;id&quot;: &quot;18564988&quot;,
    &quot;status&quot;: &quot;PENDING&quot;,
    &quot;description&quot;: &quot;Apply software changes, triggered from PySys: [{'action': 'install', 'id': '5475369', 'name': 'asciijump', 'url': ' ', 'version': '::apt'}, {'action': 'install', 'id': '5474869', 'name': 'robotfindskitten', 'url': ' ', 'version': ' '}, {'action': 'install', 'id': '5475279', 'name': 'squirrel3', 'url': ' ', 'version': '3.1-7::apt'}, {'action': 'install', 'id': '5152439', 'name': 'rolldice', 'url': ' ', 'version': '1.16-1+b1'}, {'action': 'install', 'id': '5439204', 'name': 'moon-buggy', 'url': ' ', 'version': '1:1.0.51-12'}, {'action': 'install', 'id': '5475369', 'name': 'asciijump', 'url': ' ', 'version': '::apt'}]&quot;,
    &quot;c8y_SoftwareUpdate&quot;: [
        {
            &quot;name&quot;: &quot;asciijump&quot;,
            &quot;action&quot;: &quot;install&quot;,
            &quot;id&quot;: &quot;5475369&quot;,
            &quot;version&quot;: &quot;::apt&quot;,
            &quot;url&quot;: &quot; &quot;
        },
        {
            &quot;name&quot;: &quot;robotfindskitten&quot;,
            &quot;action&quot;: &quot;install&quot;,
            &quot;id&quot;: &quot;5474869&quot;,
            &quot;version&quot;: &quot; &quot;,
            &quot;url&quot;: &quot; &quot;
        },
        {
            &quot;name&quot;: &quot;squirrel3&quot;,
            &quot;action&quot;: &quot;install&quot;,
            &quot;id&quot;: &quot;5475279&quot;,
            &quot;version&quot;: &quot;3.1-7::apt&quot;,
            &quot;url&quot;: &quot; &quot;
        },
        {
            &quot;name&quot;: &quot;rolldice&quot;,
            &quot;action&quot;: &quot;install&quot;,
            &quot;id&quot;: &quot;5152439&quot;,
            &quot;version&quot;: &quot;1.16-1+b1&quot;,
            &quot;url&quot;: &quot; &quot;
        },
        {
            &quot;name&quot;: &quot;moon-buggy&quot;,
            &quot;action&quot;: &quot;install&quot;,
            &quot;id&quot;: &quot;5439204&quot;,
            &quot;version&quot;: &quot;1:1.0.51-12&quot;,
            &quot;url&quot;: &quot; &quot;
        },
        {
            &quot;name&quot;: &quot;asciijump&quot;,
            &quot;action&quot;: &quot;install&quot;,
            &quot;id&quot;: &quot;5475369&quot;,
            &quot;version&quot;: &quot;::apt&quot;,
            &quot;url&quot;: &quot; &quot;
        }
    ]
}
17:04:42 INFO  Started operation: {'delivery': {'time': '2022-05-09T17:04:42.782Z', 'log': [], 'status': 'PENDING'}, 'creationTime': '2022-05-09T17:04:42.769Z', 'deviceName': 'mythicd', 'deviceId': '18560094', 'self': 'https://t493319102.eu-latest.cumulocity.com/devicecontrol/operations/18564988', 'id': '18564988', 'status': 'PENDING', 'description': &quot;Apply software changes, triggered from PySys: [{'action': 'install', 'id': '5475369', 'name': 'asciijump', 'url': ' ', 'version': '::apt'}, {'action': 'install', 'id': '5474869', 'name': 'robotfindskitten', 'url': ' ', 'version': ' '}, {'action': 'install', 'id': '5475279', 'name': 'squirrel3', 'url': ' ', 'version': '3.1-7::apt'}, {'action': 'install', 'id': '5152439', 'name': 'rolldice', 'url': ' ', 'version': '1.16-1+b1'}, {'action': 'install', 'id': '5439204', 'name': 'moon-buggy', 'url': ' ', 'version': '1:1.0.51-12'}, {'action': 'install', 'id': '5475369', 'name': 'asciijump', 'url': ' ', 'version': '::apt'}]&quot;, 'c8y_SoftwareUpdate': [{'name': 'asciijump', 'action': 'install', 'id': '5475369', 'version': '::apt', 'url': ' '}, {'name': 'robotfindskitten', 'action': 'install', 'id': '5474869', 'version': ' ', 'url': ' '}, {'name': 'squirrel3', 'action': 'install', 'id': '5475279', 'version': '3.1-7::apt', 'url': ' '}, {'name': 'rolldice', 'action': 'install', 'id': '5152439', 'version': '1.16-1+b1', 'url': ' '}, {'name': 'moon-buggy', 'action': 'install', 'id': '5439204', 'version': '1:1.0.51-12', 'url': ' '}, {'name': 'asciijump', 'action': 'install', 'id': '5475369', 'version': '::apt', 'url': ' '}]}
17:04:45 INFO  State of operation 18564988 : PENDING
17:04:47 INFO  State of operation 18564988 : EXECUTING
17:04:49 INFO  State of operation 18564988 : EXECUTING
17:04:51 INFO  State of operation 18564988 : EXECUTING
17:04:54 INFO  State of operation 18564988 : EXECUTING
17:04:56 INFO  State of operation 18564988 : EXECUTING
17:04:58 INFO  State of operation 18564988 : EXECUTING
17:05:01 INFO  State of operation 18564988 : EXECUTING
17:05:04 INFO  State of operation 18564988 : EXECUTING
17:05:06 INFO  State of operation 18564988 : EXECUTING
17:05:08 INFO  State of operation 18564988 : EXECUTING
17:05:11 INFO  State of operation 18564988 : EXECUTING
17:05:13 INFO  State of operation 18564988 : EXECUTING
17:05:15 INFO  State of operation 18564988 : EXECUTING
17:05:17 INFO  State of operation 18564988 : EXECUTING
17:05:20 INFO  State of operation 18564988 : EXECUTING
17:05:22 INFO  State of operation 18564988 : EXECUTING
17:05:24 INFO  State of operation 18564988 : EXECUTING
17:05:28 INFO  State of operation 18564988 : EXECUTING
17:05:30 INFO  State of operation 18564988 : EXECUTING
17:05:32 INFO  State of operation 18564988 : EXECUTING
17:05:34 INFO  State of operation 18564988 : EXECUTING
17:05:37 INFO  State of operation 18564988 : EXECUTING
17:05:39 INFO  State of operation 18564988 : EXECUTING
17:05:42 INFO  State of operation 18564988 : EXECUTING
17:05:44 INFO  State of operation 18564988 : EXECUTING
17:05:47 INFO  State of operation 18564988 : EXECUTING
17:05:49 INFO  State of operation 18564988 : EXECUTING
17:05:52 INFO  State of operation 18564988 : EXECUTING
17:05:54 INFO  State of operation 18564988 : EXECUTING
17:05:57 INFO  State of operation 18564988 : EXECUTING
17:05:59 INFO  State of operation 18564988 : EXECUTING
17:06:01 INFO  State of operation 18564988 : EXECUTING
17:06:03 INFO  State of operation 18564988 : EXECUTING
17:06:05 INFO  State of operation 18564988 : EXECUTING
17:06:08 INFO  State of operation 18564988 : EXECUTING
17:06:10 INFO  State of operation 18564988 : EXECUTING
17:06:12 INFO  State of operation 18564988 : EXECUTING
17:06:15 INFO  State of operation 18564988 : EXECUTING
17:06:18 INFO  State of operation 18564988 : EXECUTING
17:06:20 INFO  State of operation 18564988 : EXECUTING
17:06:22 INFO  State of operation 18564988 : EXECUTING
17:06:25 INFO  State of operation 18564988 : EXECUTING
17:06:27 INFO  State of operation 18564988 : EXECUTING
17:06:29 INFO  State of operation 18564988 : EXECUTING
17:06:31 INFO  State of operation 18564988 : EXECUTING
17:06:33 INFO  State of operation 18564988 : EXECUTING
17:06:36 INFO  State of operation 18564988 : EXECUTING
17:06:38 INFO  State of operation 18564988 : EXECUTING
17:06:41 INFO  State of operation 18564988 : EXECUTING
17:06:43 INFO  State of operation 18564988 : EXECUTING
17:06:45 INFO  State of operation 18564988 : EXECUTING
17:06:48 INFO  State of operation 18564988 : EXECUTING
17:06:50 INFO  State of operation 18564988 : EXECUTING
17:06:53 INFO  State of operation 18564988 : EXECUTING
17:06:55 INFO  State of operation 18564988 : EXECUTING
17:06:58 INFO  State of operation 18564988 : EXECUTING
17:07:00 INFO  State of operation 18564988 : EXECUTING
17:07:02 INFO  State of operation 18564988 : EXECUTING
17:07:04 INFO  State of operation 18564988 : EXECUTING
17:07:06 INFO  State of operation 18564988 : EXECUTING
17:07:08 WARN  SystemError occurred while running test - Timeout while waiting for status SUCCESSFUL or False
Traceback (most recent call last):
  File &quot;/home/pi/env-pysys/lib/python3.7/site-packages/pysys/baserunner.py&quot;, line 1294, in __call__
    self.testObj.execute()
  File &quot;/home/pi/actions-runner/_work/thin-edge.io/thin-edge.io/tests/PySys/software_management_end_to_end/sm_apt_install_remove_multiple_mixed/run.py&quot;, line 89, in execute
    self.wait_until_succcess()
  File &quot;/home/pi/actions-runner/_work/thin-edge.io/thin-edge.io/tests/PySys/software_management_end_to_end/environment_sm_management.py&quot;, line 324, in wait_until_succcess
    self.wait_until_status(&quot;SUCCESSFUL&quot;)
  File &quot;/home/pi/actions-runner/_work/thin-edge.io/thin-edge.io/tests/PySys/software_management_end_to_end/environment_sm_management.py&quot;, line 381, in wait_until_status
    &quot;Timeout while waiting for status %s or %s&quot; % (status, status2)
SystemError: Timeout while waiting for status SUCCESSFUL or False
17:07:09 WARN  SystemError: Timeout while waiting for status SUCCESSFUL or False ... blocked 
17:07:09 INFO  
17:07:09 INFO  cleanup:
17:07:15 INFO  Executed sudo&lt;tedge_disconnect_c8y&gt;, exit status 0
17:07:16 INFO  Executed systemctl&lt;serv_mapper5&gt;, exit status 3
17:07:16 INFO  
17:07:16 INFO  Test duration: 180.70 secs
17:07:16 INFO  Test final outcome:  BLOCKED
17:07:16 INFO  Test outcome reason: SystemError: Timeout while waiting for status SUCCESSFUL or False (+1 other failures)
17:07:16 INFO  
</system-out>
	</testcase>
</testsuite>
