<?xml version="1.0" encoding="utf-8"?>
<testsuite failures="0" name="SoftwareManagement.Plugin.apama_plugin_update" skipped="1" tests="1" time="0.02" timestamp="2022-05-09T16:53:46">
	<testcase classname="ApamaPluginUpdateTest" name="SoftwareManagement.Plugin.apama_plugin_update">
		<skipped message="SKIPPED: Test execution disabled due to #1052"/>
		<system-out>16:53:46 INFO  ==============================================================
16:53:46 INFO  Id:    SoftwareManagement.Plugin.apama_plugin_update
16:53:46 INFO  Dir:   plugin_apama/
16:53:46 INFO  Title: Validate apama plugin updating one project with another
16:53:46 INFO  ==============================================================
16:53:46 INFO  Test execution disabled due to #1052 ... skipped
16:53:46 INFO  
16:53:46 INFO  Test duration: 0.02 secs
16:53:46 INFO  Test final outcome:  SKIPPED
16:53:46 INFO  Test outcome reason: Test execution disabled due to #1052
16:53:46 INFO  
</system-out>
	</testcase>
</testsuite>
