<?xml version="1.0" encoding="utf-8"?>
<testsuite failures="1" name="SoftwareManagement.sm_apt_install_remove_multiple" skipped="0" tests="1" time="139.96" timestamp="2022-04-19T14:42:17">
	<testcase classname="PySysTest" name="SoftwareManagement.sm_apt_install_remove_multiple">
		<failure message="FAILED: Assert that (False == value) with value=True (+2 other failures)" type="FAILED"/>
		<system-out>14:39:57 INFO  ==============================================================
14:39:57 INFO  Id:    SoftwareManagement.sm_apt_install_remove_multiple
14:39:57 INFO  Dir:   software_management_end_to_end/
14:39:57 INFO  Title: Validate end to end behaviour for the apt plugin for multiple packages
14:39:57 INFO  ==============================================================
14:39:57 INFO  Using sw id database: {'asciijump': '5475369', 'robotfindskitten': '5474869', 'squirrel3': '5475279', 'rolldice': '5152439', 'moon-buggy': '5439204', 'apple': '5495053', 'banana': '5494888', 'cherry': '5495382', 'watermelon': '5494510', 'registry': '8018911', 'hello-world': '8021526', 'docker/getting-started': '8021973', 'alpine': '7991792'}
14:39:57 INFO  EnvironmentC8y Setup
14:39:57 INFO  Executed systemctl&lt;serv_mapper1&gt;, exit status 3
14:39:57 INFO  Restarting mosquitto too frequently in the last 10 seconds. It was only up for 5 seconds
14:39:58 INFO  Delaying execution by 6 seconds
14:40:18 INFO  Executed sudo&lt;tedge_connect_c8y&gt;, exit status 0, duration 14 secs
14:40:19 INFO  Executed sudo&lt;tedge_connect_c8y_test&gt;, exit status 0
14:40:19 INFO  Executed systemctl&lt;serv_mosq2&gt;, exit status 0
14:40:19 INFO  Executed systemctl&lt;serv_mapper3&gt;, exit status 0
14:40:22 INFO  State of current operation: SUCCESSFUL
14:40:22 INFO  Assert that (False == value) with value=False ... passed
14:40:22 INFO  Package asciijump is installed
14:40:22 WARN  Assert that (False == value) with value=True ... failed 
14:40:23 INFO  Package squirrel3 is installed
14:40:23 WARN  Assert that (False == value) with value=True ... failed 
14:40:23 INFO  Package robotfindskitten is installed
14:40:23 WARN  Assert that (False == value) with value=True ... failed 
14:40:23 INFO  Response status: 201
14:40:23 INFO  Response to action: {
    &quot;delivery&quot;: {
        &quot;time&quot;: &quot;2022-04-19T14:40:23.676Z&quot;,
        &quot;log&quot;: [],
        &quot;status&quot;: &quot;PENDING&quot;
    },
    &quot;creationTime&quot;: &quot;2022-04-19T14:40:23.662Z&quot;,
    &quot;deviceName&quot;: &quot;mythicd&quot;,
    &quot;deviceId&quot;: &quot;17464287&quot;,
    &quot;self&quot;: &quot;https://t493319102.eu-latest.cumulocity.com/devicecontrol/operations/17475440&quot;,
    &quot;id&quot;: &quot;17475440&quot;,
    &quot;status&quot;: &quot;PENDING&quot;,
    &quot;description&quot;: &quot;Apply software changes, triggered from PySys: [{'action': 'install', 'id': '5475369', 'name': 'asciijump', 'url': ' ', 'version': '::apt'}, {'action': 'install', 'id': '5474869', 'name': 'robotfindskitten', 'url': ' ', 'version': '::apt'}, {'action': 'install', 'id': '5475279', 'name': 'squirrel3', 'url': ' ', 'version': '::apt'}]&quot;,
    &quot;c8y_SoftwareUpdate&quot;: [
        {
            &quot;name&quot;: &quot;asciijump&quot;,
            &quot;action&quot;: &quot;install&quot;,
            &quot;id&quot;: &quot;5475369&quot;,
            &quot;version&quot;: &quot;::apt&quot;,
            &quot;url&quot;: &quot; &quot;
        },
        {
            &quot;name&quot;: &quot;robotfindskitten&quot;,
            &quot;action&quot;: &quot;install&quot;,
            &quot;id&quot;: &quot;5474869&quot;,
            &quot;version&quot;: &quot;::apt&quot;,
            &quot;url&quot;: &quot; &quot;
        },
        {
            &quot;name&quot;: &quot;squirrel3&quot;,
            &quot;action&quot;: &quot;install&quot;,
            &quot;id&quot;: &quot;5475279&quot;,
            &quot;version&quot;: &quot;::apt&quot;,
            &quot;url&quot;: &quot; &quot;
        }
    ]
}
14:40:23 INFO  Started operation: {'delivery': {'time': '2022-04-19T14:40:23.676Z', 'log': [], 'status': 'PENDING'}, 'creationTime': '2022-04-19T14:40:23.662Z', 'deviceName': 'mythicd', 'deviceId': '17464287', 'self': 'https://t493319102.eu-latest.cumulocity.com/devicecontrol/operations/17475440', 'id': '17475440', 'status': 'PENDING', 'description': &quot;Apply software changes, triggered from PySys: [{'action': 'install', 'id': '5475369', 'name': 'asciijump', 'url': ' ', 'version': '::apt'}, {'action': 'install', 'id': '5474869', 'name': 'robotfindskitten', 'url': ' ', 'version': '::apt'}, {'action': 'install', 'id': '5475279', 'name': 'squirrel3', 'url': ' ', 'version': '::apt'}]&quot;, 'c8y_SoftwareUpdate': [{'name': 'asciijump', 'action': 'install', 'id': '5475369', 'version': '::apt', 'url': ' '}, {'name': 'robotfindskitten', 'action': 'install', 'id': '5474869', 'version': '::apt', 'url': ' '}, {'name': 'squirrel3', 'action': 'install', 'id': '5475279', 'version': '::apt', 'url': ' '}]}
14:40:25 INFO  State of operation 17475440 : PENDING
14:40:28 INFO  State of operation 17475440 : EXECUTING
14:40:30 INFO  State of operation 17475440 : EXECUTING
14:40:32 INFO  State of operation 17475440 : EXECUTING
14:40:34 INFO  State of operation 17475440 : EXECUTING
14:40:37 INFO  State of operation 17475440 : EXECUTING
14:40:39 INFO  State of operation 17475440 : EXECUTING
14:40:42 INFO  State of operation 17475440 : EXECUTING
14:40:44 INFO  State of operation 17475440 : EXECUTING
14:40:47 INFO  State of operation 17475440 : EXECUTING
14:40:49 INFO  State of operation 17475440 : EXECUTING
14:40:51 INFO  State of operation 17475440 : EXECUTING
14:40:53 INFO  State of operation 17475440 : EXECUTING
14:40:56 INFO  State of operation 17475440 : EXECUTING
14:40:58 INFO  State of operation 17475440 : EXECUTING
14:41:00 INFO  State of operation 17475440 : SUCCESSFUL
14:41:00 INFO  Assert that (False == value) with value=False ... passed
14:41:01 INFO  Package asciijump is installed
14:41:01 INFO  Assert that (True == value) with value=True ... passed
14:41:01 INFO  Package squirrel3 is installed
14:41:01 INFO  Assert that (True == value) with value=True ... passed
14:41:01 INFO  Package robotfindskitten is installed
14:41:01 INFO  Assert that (True == value) with value=True ... passed
14:41:01 INFO  Response status: 201
14:41:01 INFO  Response to action: {
    &quot;delivery&quot;: {
        &quot;time&quot;: &quot;2022-04-19T14:41:01.767Z&quot;,
        &quot;log&quot;: [],
        &quot;status&quot;: &quot;PENDING&quot;
    },
    &quot;creationTime&quot;: &quot;2022-04-19T14:41:01.750Z&quot;,
    &quot;deviceName&quot;: &quot;mythicd&quot;,
    &quot;deviceId&quot;: &quot;17464287&quot;,
    &quot;self&quot;: &quot;https://t493319102.eu-latest.cumulocity.com/devicecontrol/operations/17475446&quot;,
    &quot;id&quot;: &quot;17475446&quot;,
    &quot;status&quot;: &quot;PENDING&quot;,
    &quot;description&quot;: &quot;Apply software changes, triggered from PySys: [{'action': 'delete', 'id': '5475369', 'name': 'asciijump', 'url': ' ', 'version': '::apt'}, {'action': 'delete', 'id': '5474869', 'name': 'robotfindskitten', 'url': ' ', 'version': '::apt'}, {'action': 'delete', 'id': '5475279', 'name': 'squirrel3', 'url': ' ', 'version': '::apt'}]&quot;,
    &quot;c8y_SoftwareUpdate&quot;: [
        {
            &quot;name&quot;: &quot;asciijump&quot;,
            &quot;action&quot;: &quot;delete&quot;,
            &quot;id&quot;: &quot;5475369&quot;,
            &quot;version&quot;: &quot;::apt&quot;,
            &quot;url&quot;: &quot; &quot;
        },
        {
            &quot;name&quot;: &quot;robotfindskitten&quot;,
            &quot;action&quot;: &quot;delete&quot;,
            &quot;id&quot;: &quot;5474869&quot;,
            &quot;version&quot;: &quot;::apt&quot;,
            &quot;url&quot;: &quot; &quot;
        },
        {
            &quot;name&quot;: &quot;squirrel3&quot;,
            &quot;action&quot;: &quot;delete&quot;,
            &quot;id&quot;: &quot;5475279&quot;,
            &quot;version&quot;: &quot;::apt&quot;,
            &quot;url&quot;: &quot; &quot;
        }
    ]
}
14:41:01 INFO  Started operation: {'delivery': {'time': '2022-04-19T14:41:01.767Z', 'log': [], 'status': 'PENDING'}, 'creationTime': '2022-04-19T14:41:01.750Z', 'deviceName': 'mythicd', 'deviceId': '17464287', 'self': 'https://t493319102.eu-latest.cumulocity.com/devicecontrol/operations/17475446', 'id': '17475446', 'status': 'PENDING', 'description': &quot;Apply software changes, triggered from PySys: [{'action': 'delete', 'id': '5475369', 'name': 'asciijump', 'url': ' ', 'version': '::apt'}, {'action': 'delete', 'id': '5474869', 'name': 'robotfindskitten', 'url': ' ', 'version': '::apt'}, {'action': 'delete', 'id': '5475279', 'name': 'squirrel3', 'url': ' ', 'version': '::apt'}]&quot;, 'c8y_SoftwareUpdate': [{'name': 'asciijump', 'action': 'delete', 'id': '5475369', 'version': '::apt', 'url': ' '}, {'name': 'robotfindskitten', 'action': 'delete', 'id': '5474869', 'version': '::apt', 'url': ' '}, {'name': 'squirrel3', 'action': 'delete', 'id': '5475279', 'version': '::apt', 'url': ' '}]}
14:41:04 INFO  State of operation 17475446 : PENDING
14:41:06 INFO  State of operation 17475446 : EXECUTING
14:41:08 INFO  State of operation 17475446 : EXECUTING
14:41:10 INFO  State of operation 17475446 : EXECUTING
14:41:12 INFO  State of operation 17475446 : EXECUTING
14:41:15 INFO  State of operation 17475446 : EXECUTING
14:41:17 INFO  State of operation 17475446 : EXECUTING
14:41:20 INFO  State of operation 17475446 : EXECUTING
14:41:22 INFO  State of operation 17475446 : EXECUTING
14:41:25 INFO  State of operation 17475446 : EXECUTING
14:41:27 INFO  State of operation 17475446 : EXECUTING
14:41:29 INFO  State of operation 17475446 : EXECUTING
14:41:32 INFO  State of operation 17475446 : EXECUTING
14:41:34 INFO  State of operation 17475446 : EXECUTING
14:41:36 INFO  State of operation 17475446 : EXECUTING
14:41:38 INFO  State of operation 17475446 : EXECUTING
14:41:41 INFO  State of operation 17475446 : EXECUTING
14:41:43 INFO  State of operation 17475446 : EXECUTING
14:41:46 INFO  State of operation 17475446 : EXECUTING
14:41:48 INFO  State of operation 17475446 : EXECUTING
14:41:50 INFO  State of operation 17475446 : EXECUTING
14:41:53 INFO  State of operation 17475446 : EXECUTING
14:41:55 INFO  State of operation 17475446 : EXECUTING
14:41:57 INFO  State of operation 17475446 : EXECUTING
14:41:59 INFO  State of operation 17475446 : EXECUTING
14:42:02 INFO  State of operation 17475446 : EXECUTING
14:42:04 INFO  State of operation 17475446 : EXECUTING
14:42:07 INFO  State of operation 17475446 : EXECUTING
14:42:09 INFO  State of operation 17475446 : EXECUTING
14:42:11 INFO  State of operation 17475446 : SUCCESSFUL
14:42:11 INFO  Assert that (False == value) with value=False ... passed
14:42:12 INFO  Assert that (False == value) with value=False ... passed
14:42:12 INFO  Assert that (False == value) with value=False ... passed
14:42:12 INFO  Assert that (False == value) with value=False ... passed
14:42:12 INFO  
14:42:12 INFO  cleanup:
14:42:16 INFO  Executed sudo&lt;tedge_disconnect_c8y&gt;, exit status 0
14:42:17 INFO  Executed systemctl&lt;serv_mapper5&gt;, exit status 3
14:42:17 INFO  
14:42:17 INFO  Test duration: 139.96 secs
14:42:17 INFO  Test final outcome:  FAILED
14:42:17 INFO  Test outcome reason: Assert that (False == value) with value=True (+2 other failures)
14:42:17 INFO  
</system-out>
	</testcase>
</testsuite>
