<?xml version="1.0" encoding="utf-8"?>
<testsuite failures="1" name="SoftwareManagement.sm_docker_install_remove_multiple" skipped="0" tests="1" time="142.74" timestamp="2022-05-11T12:52:37">
	<testcase classname="SMDockerInstallRemove" name="SoftwareManagement.sm_docker_install_remove_multiple">
		<failure message="BLOCKED: SystemError: The operation has failed" type="BLOCKED"/>
		<system-out>12:50:15 INFO  ==============================================================
12:50:15 INFO  Id:    SoftwareManagement.sm_docker_install_remove_multiple
12:50:15 INFO  Dir:   software_management_end_to_end/
12:50:15 INFO  Title: Validate end to end behaviour for the docker plugin for multiple docker images with mixed versions
12:50:15 INFO  ==============================================================
12:50:15 INFO  Using sw id database: {'asciijump': '5475369', 'robotfindskitten': '5474869', 'squirrel3': '5475279', 'rolldice': '5152439', 'moon-buggy': '5439204', 'apple': '5495053', 'banana': '5494888', 'cherry': '5495382', 'watermelon': '5494510', 'registry': '8018911', 'hello-world': '8021526', 'docker/getting-started': '8021973', 'alpine': '7991792'}
12:50:15 INFO  EnvironmentC8y Setup
12:50:15 INFO  Executed systemctl&lt;serv_mapper1&gt;, exit status 3
12:50:15 INFO  Restarting mosquitto too frequently in the last 10 seconds. It was only up for 5 seconds
12:50:15 INFO  Delaying execution by 6 seconds
12:50:35 INFO  Executed sudo&lt;tedge_connect_c8y&gt;, exit status 0, duration 14 secs
12:50:36 INFO  Executed sudo&lt;tedge_connect_c8y_test&gt;, exit status 0
12:50:37 INFO  Executed systemctl&lt;serv_mosq2&gt;, exit status 0
12:50:37 INFO  Executed systemctl&lt;serv_mapper3&gt;, exit status 0
12:50:39 INFO  State of current operation: SUCCESSFUL
12:50:40 INFO  Response status: 201
12:50:40 INFO  Response to action: {
    &quot;creationTime&quot;: &quot;2022-05-11T12:50:39.977Z&quot;,
    &quot;deviceName&quot;: &quot;mythicd&quot;,
    &quot;deviceId&quot;: &quot;18813522&quot;,
    &quot;self&quot;: &quot;https://t493319102.eu-latest.cumulocity.com/devicecontrol/operations/18857191&quot;,
    &quot;id&quot;: &quot;18857191&quot;,
    &quot;status&quot;: &quot;PENDING&quot;,
    &quot;description&quot;: &quot;Apply software changes, triggered from PySys: [{'action': 'install', 'id': '8021526', 'name': 'hello-world', 'url': '', 'version': '::docker'}, {'action': 'install', 'id': '8018911', 'name': 'registry', 'url': '', 'version': '2.6.2::docker'}]&quot;,
    &quot;c8y_SoftwareUpdate&quot;: [
        {
            &quot;name&quot;: &quot;hello-world&quot;,
            &quot;action&quot;: &quot;install&quot;,
            &quot;id&quot;: &quot;8021526&quot;,
            &quot;version&quot;: &quot;::docker&quot;,
            &quot;url&quot;: &quot;&quot;
        },
        {
            &quot;name&quot;: &quot;registry&quot;,
            &quot;action&quot;: &quot;install&quot;,
            &quot;id&quot;: &quot;8018911&quot;,
            &quot;version&quot;: &quot;2.6.2::docker&quot;,
            &quot;url&quot;: &quot;&quot;
        }
    ]
}
12:50:40 INFO  Started operation: {'creationTime': '2022-05-11T12:50:39.977Z', 'deviceName': 'mythicd', 'deviceId': '18813522', 'self': 'https://t493319102.eu-latest.cumulocity.com/devicecontrol/operations/18857191', 'id': '18857191', 'status': 'PENDING', 'description': &quot;Apply software changes, triggered from PySys: [{'action': 'install', 'id': '8021526', 'name': 'hello-world', 'url': '', 'version': '::docker'}, {'action': 'install', 'id': '8018911', 'name': 'registry', 'url': '', 'version': '2.6.2::docker'}]&quot;, 'c8y_SoftwareUpdate': [{'name': 'hello-world', 'action': 'install', 'id': '8021526', 'version': '::docker', 'url': ''}, {'name': 'registry', 'action': 'install', 'id': '8018911', 'version': '2.6.2::docker', 'url': ''}]}
12:50:42 INFO  State of operation 18857191 : PENDING
12:50:44 INFO  State of operation 18857191 : EXECUTING
12:50:46 INFO  State of operation 18857191 : EXECUTING
12:50:49 INFO  State of operation 18857191 : EXECUTING
12:50:51 INFO  State of operation 18857191 : EXECUTING
12:50:53 INFO  State of operation 18857191 : EXECUTING
12:50:55 INFO  State of operation 18857191 : EXECUTING
12:50:58 INFO  State of operation 18857191 : EXECUTING
12:51:00 INFO  State of operation 18857191 : EXECUTING
12:51:02 INFO  State of operation 18857191 : EXECUTING
12:51:04 INFO  State of operation 18857191 : EXECUTING
12:51:08 INFO  State of operation 18857191 : EXECUTING
12:51:10 INFO  State of operation 18857191 : EXECUTING
12:51:12 INFO  State of operation 18857191 : EXECUTING
12:51:15 INFO  State of operation 18857191 : EXECUTING
12:51:17 INFO  State of operation 18857191 : EXECUTING
12:51:19 INFO  State of operation 18857191 : SUCCESSFUL
12:51:20 INFO  Package hello-world is installed
12:51:20 INFO  Package hello-world is installed
12:51:20 INFO  Assert that (True == value) with value=True ... passed
12:51:21 INFO  Package registry is installed
12:51:21 INFO  Assert that (True == value) with value=True ... passed
12:51:21 INFO  Assert that (False == value) with value=False ... passed
12:51:21 INFO  Response status: 201
12:51:21 INFO  Response to action: {
    &quot;creationTime&quot;: &quot;2022-05-11T12:51:21.801Z&quot;,
    &quot;deviceName&quot;: &quot;mythicd&quot;,
    &quot;deviceId&quot;: &quot;18813522&quot;,
    &quot;self&quot;: &quot;https://t493319102.eu-latest.cumulocity.com/devicecontrol/operations/18857197&quot;,
    &quot;id&quot;: &quot;18857197&quot;,
    &quot;status&quot;: &quot;PENDING&quot;,
    &quot;description&quot;: &quot;Apply software changes, triggered from PySys: [{'action': 'install', 'id': '8018911', 'name': 'registry', 'url': '', 'version': '2.7.1::docker'}, {'action': 'install', 'id': '7991792', 'name': 'alpine', 'url': '', 'version': '::docker'}]&quot;,
    &quot;c8y_SoftwareUpdate&quot;: [
        {
            &quot;name&quot;: &quot;registry&quot;,
            &quot;action&quot;: &quot;install&quot;,
            &quot;id&quot;: &quot;8018911&quot;,
            &quot;version&quot;: &quot;2.7.1::docker&quot;,
            &quot;url&quot;: &quot;&quot;
        },
        {
            &quot;name&quot;: &quot;alpine&quot;,
            &quot;action&quot;: &quot;install&quot;,
            &quot;id&quot;: &quot;7991792&quot;,
            &quot;version&quot;: &quot;::docker&quot;,
            &quot;url&quot;: &quot;&quot;
        }
    ]
}
12:51:21 INFO  Started operation: {'creationTime': '2022-05-11T12:51:21.801Z', 'deviceName': 'mythicd', 'deviceId': '18813522', 'self': 'https://t493319102.eu-latest.cumulocity.com/devicecontrol/operations/18857197', 'id': '18857197', 'status': 'PENDING', 'description': &quot;Apply software changes, triggered from PySys: [{'action': 'install', 'id': '8018911', 'name': 'registry', 'url': '', 'version': '2.7.1::docker'}, {'action': 'install', 'id': '7991792', 'name': 'alpine', 'url': '', 'version': '::docker'}]&quot;, 'c8y_SoftwareUpdate': [{'name': 'registry', 'action': 'install', 'id': '8018911', 'version': '2.7.1::docker', 'url': ''}, {'name': 'alpine', 'action': 'install', 'id': '7991792', 'version': '::docker', 'url': ''}]}
12:51:24 INFO  State of operation 18857197 : PENDING
12:51:26 INFO  State of operation 18857197 : EXECUTING
12:51:28 INFO  State of operation 18857197 : EXECUTING
12:51:30 INFO  State of operation 18857197 : EXECUTING
12:51:33 INFO  State of operation 18857197 : EXECUTING
12:51:35 INFO  State of operation 18857197 : EXECUTING
12:51:37 INFO  State of operation 18857197 : EXECUTING
12:51:39 INFO  State of operation 18857197 : EXECUTING
12:51:42 INFO  State of operation 18857197 : EXECUTING
12:51:44 INFO  State of operation 18857197 : EXECUTING
12:51:46 INFO  State of operation 18857197 : EXECUTING
12:51:49 INFO  State of operation 18857197 : EXECUTING
12:51:51 INFO  State of operation 18857197 : EXECUTING
12:51:53 INFO  State of operation 18857197 : EXECUTING
12:51:55 INFO  State of operation 18857197 : EXECUTING
12:51:58 INFO  State of operation 18857197 : EXECUTING
12:52:00 INFO  State of operation 18857197 : EXECUTING
12:52:02 INFO  State of operation 18857197 : FAILED
12:52:02 ERROR Stopping as the operation has failed
12:52:02 WARN  SystemError occurred while running test - The operation has failed
Traceback (most recent call last):
  File &quot;/home/pi/env-pysys/lib/python3.7/site-packages/pysys/baserunner.py&quot;, line 1294, in __call__
    self.testObj.execute()
  File &quot;/home/pi/actions-runner/_work/thin-edge.io/thin-edge.io/tests/PySys/software_management_end_to_end/sm_docker_install_remove_multiple/run.py&quot;, line 91, in execute
    self.wait_until_succcess()
  File &quot;/home/pi/actions-runner/_work/thin-edge.io/thin-edge.io/tests/PySys/software_management_end_to_end/environment_sm_management.py&quot;, line 324, in wait_until_succcess
    self.wait_until_status(&quot;SUCCESSFUL&quot;)
  File &quot;/home/pi/actions-runner/_work/thin-edge.io/thin-edge.io/tests/PySys/software_management_end_to_end/environment_sm_management.py&quot;, line 361, in wait_until_status
    raise SystemError(&quot;The operation has failed&quot;)
SystemError: The operation has failed
12:52:02 WARN  SystemError: The operation has failed ... blocked 
12:52:02 INFO  
12:52:02 INFO  cleanup:
12:52:02 INFO  Response status: 201
12:52:02 INFO  Response to action: {
    &quot;creationTime&quot;: &quot;2022-05-11T12:52:02.799Z&quot;,
    &quot;deviceName&quot;: &quot;mythicd&quot;,
    &quot;deviceId&quot;: &quot;18813522&quot;,
    &quot;self&quot;: &quot;https://t493319102.eu-latest.cumulocity.com/devicecontrol/operations/18857213&quot;,
    &quot;id&quot;: &quot;18857213&quot;,
    &quot;status&quot;: &quot;PENDING&quot;,
    &quot;description&quot;: &quot;Apply software changes, triggered from PySys: [{'action': 'delete', 'id': '8018911', 'name': 'registry', 'url': '', 'version': '2.7.1::docker'}, {'action': 'delete', 'id': '7991792', 'name': 'alpine', 'url': '', 'version': '::docker'}, {'action': 'delete', 'id': '8021526', 'name': 'hello-world', 'url': '', 'version': '::docker'}]&quot;,
    &quot;c8y_SoftwareUpdate&quot;: [
        {
            &quot;name&quot;: &quot;registry&quot;,
            &quot;action&quot;: &quot;delete&quot;,
            &quot;id&quot;: &quot;8018911&quot;,
            &quot;version&quot;: &quot;2.7.1::docker&quot;,
            &quot;url&quot;: &quot;&quot;
        },
        {
            &quot;name&quot;: &quot;alpine&quot;,
            &quot;action&quot;: &quot;delete&quot;,
            &quot;id&quot;: &quot;7991792&quot;,
            &quot;version&quot;: &quot;::docker&quot;,
            &quot;url&quot;: &quot;&quot;
        },
        {
            &quot;name&quot;: &quot;hello-world&quot;,
            &quot;action&quot;: &quot;delete&quot;,
            &quot;id&quot;: &quot;8021526&quot;,
            &quot;version&quot;: &quot;::docker&quot;,
            &quot;url&quot;: &quot;&quot;
        }
    ]
}
12:52:02 INFO  Started operation: {'creationTime': '2022-05-11T12:52:02.799Z', 'deviceName': 'mythicd', 'deviceId': '18813522', 'self': 'https://t493319102.eu-latest.cumulocity.com/devicecontrol/operations/18857213', 'id': '18857213', 'status': 'PENDING', 'description': &quot;Apply software changes, triggered from PySys: [{'action': 'delete', 'id': '8018911', 'name': 'registry', 'url': '', 'version': '2.7.1::docker'}, {'action': 'delete', 'id': '7991792', 'name': 'alpine', 'url': '', 'version': '::docker'}, {'action': 'delete', 'id': '8021526', 'name': 'hello-world', 'url': '', 'version': '::docker'}]&quot;, 'c8y_SoftwareUpdate': [{'name': 'registry', 'action': 'delete', 'id': '8018911', 'version': '2.7.1::docker', 'url': ''}, {'name': 'alpine', 'action': 'delete', 'id': '7991792', 'version': '::docker', 'url': ''}, {'name': 'hello-world', 'action': 'delete', 'id': '8021526', 'version': '::docker', 'url': ''}]}
12:52:05 INFO  State of operation 18857213 : PENDING
12:52:07 INFO  State of operation 18857213 : EXECUTING
12:52:09 INFO  State of operation 18857213 : EXECUTING
12:52:11 INFO  State of operation 18857213 : EXECUTING
12:52:14 INFO  State of operation 18857213 : EXECUTING
12:52:16 INFO  State of operation 18857213 : EXECUTING
12:52:18 INFO  State of operation 18857213 : EXECUTING
12:52:20 INFO  State of operation 18857213 : SUCCESSFUL
12:52:32 INFO  Assert that (False == value) with value=False ... passed
12:52:32 INFO  Assert that (False == value) with value=False ... passed
12:52:32 INFO  Assert that (False == value) with value=False ... passed
12:52:37 INFO  Executed sudo&lt;tedge_disconnect_c8y&gt;, exit status 0
12:52:37 INFO  Executed systemctl&lt;serv_mapper5&gt;, exit status 3
12:52:37 INFO  
12:52:37 INFO  Test duration: 142.74 secs
12:52:37 INFO  Test final outcome:  BLOCKED
12:52:37 INFO  Test outcome reason: SystemError: The operation has failed
12:52:37 INFO  
</system-out>
	</testcase>
</testsuite>
