<?xml version="1.0" encoding="utf-8"?>
<testsuite failures="1" name="SoftwareManagement.sm_mixed_install_remove_multiple" skipped="0" tests="1" time="169.74" timestamp="2022-04-21T09:49:43">
	<testcase classname="PySysTest" name="SoftwareManagement.sm_mixed_install_remove_multiple">
		<failure message="FAILED: Assert that (False == value) with value=True" type="FAILED"/>
		<system-out>09:46:53 INFO  ==============================================================
09:46:53 INFO  Id:    SoftwareManagement.sm_mixed_install_remove_multiple
09:46:53 INFO  Dir:   software_management_end_to_end/
09:46:53 INFO  Title: Validate end to end behaviour for the dummy-plugin for multiple packages with mixed versions
09:46:53 INFO  ==============================================================
09:46:53 INFO  Using sw id database: {'asciijump': '5475369', 'robotfindskitten': '5474869', 'squirrel3': '5475279', 'rolldice': '5152439', 'moon-buggy': '5439204', 'apple': '5495053', 'banana': '5494888', 'cherry': '5495382', 'watermelon': '5494510', 'registry': '8018911', 'hello-world': '8021526', 'docker/getting-started': '8021973', 'alpine': '7991792'}
09:46:53 INFO  EnvironmentC8y Setup
09:46:54 INFO  Executed systemctl&lt;serv_mapper1&gt;, exit status 3
09:46:54 INFO  Restarting mosquitto too frequently in the last 10 seconds. It was only up for 5 seconds
09:46:54 INFO  Delaying execution by 6 seconds
09:47:14 INFO  Executed sudo&lt;tedge_connect_c8y&gt;, exit status 0, duration 14 secs
09:47:15 INFO  Executed sudo&lt;tedge_connect_c8y_test&gt;, exit status 0
09:47:15 INFO  Executed systemctl&lt;serv_mosq2&gt;, exit status 0
09:47:16 INFO  Executed systemctl&lt;serv_mapper3&gt;, exit status 0
09:47:18 INFO  State of current operation: SUCCESSFUL
09:47:18 INFO  Package apple is installed
09:47:18 INFO  Assert that (True == value) with value=True ... passed
09:47:19 INFO  Package banana is installed
09:47:19 INFO  Assert that (True == value) with value=True ... passed
09:47:19 INFO  Package cherry is installed
09:47:19 INFO  Assert that (True == value) with value=True ... passed
09:47:19 INFO  Package asciijump is installed
09:47:19 WARN  Assert that (False == value) with value=True ... failed 
09:47:19 INFO  Assert that (False == value) with value=False ... passed
09:47:20 INFO  Response status: 201
09:47:20 INFO  Response to action: {
    &quot;creationTime&quot;: &quot;2022-04-21T09:47:20.012Z&quot;,
    &quot;deviceName&quot;: &quot;mythicd&quot;,
    &quot;deviceId&quot;: &quot;17512238&quot;,
    &quot;self&quot;: &quot;https://t493319102.eu-latest.cumulocity.com/devicecontrol/operations/17541406&quot;,
    &quot;id&quot;: &quot;17541406&quot;,
    &quot;status&quot;: &quot;PENDING&quot;,
    &quot;description&quot;: &quot;Apply software changes, triggered from PySys: [{'action': 'install', 'id': '5495053', 'name': 'apple', 'url': ' ', 'version': '::fruits'}, {'action': 'install', 'id': '5494888', 'name': 'banana', 'url': ' ', 'version': '::fruits'}, {'action': 'install', 'id': '5475369', 'name': 'asciijump', 'url': ' ', 'version': '::apt'}, {'action': 'install', 'id': '5495382', 'name': 'cherry', 'url': ' ', 'version': '::fruits'}, {'action': 'install', 'id': '8018911', 'name': 'registry', 'url': ' ', 'version': '::docker'}]&quot;,
    &quot;c8y_SoftwareUpdate&quot;: [
        {
            &quot;name&quot;: &quot;apple&quot;,
            &quot;action&quot;: &quot;install&quot;,
            &quot;id&quot;: &quot;5495053&quot;,
            &quot;version&quot;: &quot;::fruits&quot;,
            &quot;url&quot;: &quot; &quot;
        },
        {
            &quot;name&quot;: &quot;banana&quot;,
            &quot;action&quot;: &quot;install&quot;,
            &quot;id&quot;: &quot;5494888&quot;,
            &quot;version&quot;: &quot;::fruits&quot;,
            &quot;url&quot;: &quot; &quot;
        },
        {
            &quot;name&quot;: &quot;asciijump&quot;,
            &quot;action&quot;: &quot;install&quot;,
            &quot;id&quot;: &quot;5475369&quot;,
            &quot;version&quot;: &quot;::apt&quot;,
            &quot;url&quot;: &quot; &quot;
        },
        {
            &quot;name&quot;: &quot;cherry&quot;,
            &quot;action&quot;: &quot;install&quot;,
            &quot;id&quot;: &quot;5495382&quot;,
            &quot;version&quot;: &quot;::fruits&quot;,
            &quot;url&quot;: &quot; &quot;
        },
        {
            &quot;name&quot;: &quot;registry&quot;,
            &quot;action&quot;: &quot;install&quot;,
            &quot;id&quot;: &quot;8018911&quot;,
            &quot;version&quot;: &quot;::docker&quot;,
            &quot;url&quot;: &quot; &quot;
        }
    ]
}
09:47:20 INFO  Started operation: {'creationTime': '2022-04-21T09:47:20.012Z', 'deviceName': 'mythicd', 'deviceId': '17512238', 'self': 'https://t493319102.eu-latest.cumulocity.com/devicecontrol/operations/17541406', 'id': '17541406', 'status': 'PENDING', 'description': &quot;Apply software changes, triggered from PySys: [{'action': 'install', 'id': '5495053', 'name': 'apple', 'url': ' ', 'version': '::fruits'}, {'action': 'install', 'id': '5494888', 'name': 'banana', 'url': ' ', 'version': '::fruits'}, {'action': 'install', 'id': '5475369', 'name': 'asciijump', 'url': ' ', 'version': '::apt'}, {'action': 'install', 'id': '5495382', 'name': 'cherry', 'url': ' ', 'version': '::fruits'}, {'action': 'install', 'id': '8018911', 'name': 'registry', 'url': ' ', 'version': '::docker'}]&quot;, 'c8y_SoftwareUpdate': [{'name': 'apple', 'action': 'install', 'id': '5495053', 'version': '::fruits', 'url': ' '}, {'name': 'banana', 'action': 'install', 'id': '5494888', 'version': '::fruits', 'url': ' '}, {'name': 'asciijump', 'action': 'install', 'id': '5475369', 'version': '::apt', 'url': ' '}, {'name': 'cherry', 'action': 'install', 'id': '5495382', 'version': '::fruits', 'url': ' '}, {'name': 'registry', 'action': 'install', 'id': '8018911', 'version': '::docker', 'url': ' '}]}
09:47:22 INFO  State of operation 17541406 : PENDING
09:47:24 INFO  State of operation 17541406 : EXECUTING
09:47:26 INFO  State of operation 17541406 : EXECUTING
09:47:28 INFO  State of operation 17541406 : EXECUTING
09:47:31 INFO  State of operation 17541406 : EXECUTING
09:47:33 INFO  State of operation 17541406 : EXECUTING
09:47:36 INFO  State of operation 17541406 : EXECUTING
09:47:38 INFO  State of operation 17541406 : EXECUTING
09:47:41 INFO  State of operation 17541406 : EXECUTING
09:47:43 INFO  State of operation 17541406 : EXECUTING
09:47:46 INFO  State of operation 17541406 : EXECUTING
09:47:48 INFO  State of operation 17541406 : EXECUTING
09:47:50 INFO  State of operation 17541406 : EXECUTING
09:47:52 INFO  State of operation 17541406 : EXECUTING
09:47:54 INFO  State of operation 17541406 : EXECUTING
09:47:57 INFO  State of operation 17541406 : EXECUTING
09:47:59 INFO  State of operation 17541406 : EXECUTING
09:48:02 INFO  State of operation 17541406 : EXECUTING
09:48:04 INFO  State of operation 17541406 : EXECUTING
09:48:06 INFO  State of operation 17541406 : EXECUTING
09:48:08 INFO  State of operation 17541406 : EXECUTING
09:48:11 INFO  State of operation 17541406 : EXECUTING
09:48:13 INFO  State of operation 17541406 : EXECUTING
09:48:15 INFO  State of operation 17541406 : EXECUTING
09:48:18 INFO  State of operation 17541406 : EXECUTING
09:48:20 INFO  State of operation 17541406 : EXECUTING
09:48:22 INFO  State of operation 17541406 : SUCCESSFUL
09:48:22 INFO  Package apple is installed
09:48:22 INFO  Assert that (True == value) with value=True ... passed
09:48:23 INFO  Package banana is installed
09:48:23 INFO  Assert that (True == value) with value=True ... passed
09:48:23 INFO  Package cherry is installed
09:48:23 INFO  Assert that (True == value) with value=True ... passed
09:48:23 INFO  Package asciijump is installed
09:48:23 INFO  Assert that (True == value) with value=True ... passed
09:48:23 INFO  Package registry is installed
09:48:23 INFO  Assert that (True == value) with value=True ... passed
09:48:24 INFO  Response status: 201
09:48:24 INFO  Response to action: {
    &quot;creationTime&quot;: &quot;2022-04-21T09:48:24.049Z&quot;,
    &quot;deviceName&quot;: &quot;mythicd&quot;,
    &quot;deviceId&quot;: &quot;17512238&quot;,
    &quot;self&quot;: &quot;https://t493319102.eu-latest.cumulocity.com/devicecontrol/operations/17541409&quot;,
    &quot;id&quot;: &quot;17541409&quot;,
    &quot;status&quot;: &quot;PENDING&quot;,
    &quot;description&quot;: &quot;Apply software changes, triggered from PySys: [{'action': 'delete', 'id': '5495053', 'name': 'apple', 'url': ' ', 'version': '::fruits'}, {'action': 'delete', 'id': '5494888', 'name': 'banana', 'url': ' ', 'version': '::fruits'}, {'action': 'delete', 'id': '5475369', 'name': 'asciijump', 'url': ' ', 'version': '::apt'}, {'action': 'delete', 'id': '5495382', 'name': 'cherry', 'url': ' ', 'version': '::fruits'}, {'action': 'delete', 'id': '8018911', 'name': 'registry', 'url': ' ', 'version': '::docker'}]&quot;,
    &quot;c8y_SoftwareUpdate&quot;: [
        {
            &quot;name&quot;: &quot;apple&quot;,
            &quot;action&quot;: &quot;delete&quot;,
            &quot;id&quot;: &quot;5495053&quot;,
            &quot;version&quot;: &quot;::fruits&quot;,
            &quot;url&quot;: &quot; &quot;
        },
        {
            &quot;name&quot;: &quot;banana&quot;,
            &quot;action&quot;: &quot;delete&quot;,
            &quot;id&quot;: &quot;5494888&quot;,
            &quot;version&quot;: &quot;::fruits&quot;,
            &quot;url&quot;: &quot; &quot;
        },
        {
            &quot;name&quot;: &quot;asciijump&quot;,
            &quot;action&quot;: &quot;delete&quot;,
            &quot;id&quot;: &quot;5475369&quot;,
            &quot;version&quot;: &quot;::apt&quot;,
            &quot;url&quot;: &quot; &quot;
        },
        {
            &quot;name&quot;: &quot;cherry&quot;,
            &quot;action&quot;: &quot;delete&quot;,
            &quot;id&quot;: &quot;5495382&quot;,
            &quot;version&quot;: &quot;::fruits&quot;,
            &quot;url&quot;: &quot; &quot;
        },
        {
            &quot;name&quot;: &quot;registry&quot;,
            &quot;action&quot;: &quot;delete&quot;,
            &quot;id&quot;: &quot;8018911&quot;,
            &quot;version&quot;: &quot;::docker&quot;,
            &quot;url&quot;: &quot; &quot;
        }
    ]
}
09:48:24 INFO  Started operation: {'creationTime': '2022-04-21T09:48:24.049Z', 'deviceName': 'mythicd', 'deviceId': '17512238', 'self': 'https://t493319102.eu-latest.cumulocity.com/devicecontrol/operations/17541409', 'id': '17541409', 'status': 'PENDING', 'description': &quot;Apply software changes, triggered from PySys: [{'action': 'delete', 'id': '5495053', 'name': 'apple', 'url': ' ', 'version': '::fruits'}, {'action': 'delete', 'id': '5494888', 'name': 'banana', 'url': ' ', 'version': '::fruits'}, {'action': 'delete', 'id': '5475369', 'name': 'asciijump', 'url': ' ', 'version': '::apt'}, {'action': 'delete', 'id': '5495382', 'name': 'cherry', 'url': ' ', 'version': '::fruits'}, {'action': 'delete', 'id': '8018911', 'name': 'registry', 'url': ' ', 'version': '::docker'}]&quot;, 'c8y_SoftwareUpdate': [{'name': 'apple', 'action': 'delete', 'id': '5495053', 'version': '::fruits', 'url': ' '}, {'name': 'banana', 'action': 'delete', 'id': '5494888', 'version': '::fruits', 'url': ' '}, {'name': 'asciijump', 'action': 'delete', 'id': '5475369', 'version': '::apt', 'url': ' '}, {'name': 'cherry', 'action': 'delete', 'id': '5495382', 'version': '::fruits', 'url': ' '}, {'name': 'registry', 'action': 'delete', 'id': '8018911', 'version': '::docker', 'url': ' '}]}
09:48:26 INFO  State of operation 17541409 : PENDING
09:48:28 INFO  State of operation 17541409 : EXECUTING
09:48:30 INFO  State of operation 17541409 : EXECUTING
09:48:33 INFO  State of operation 17541409 : EXECUTING
09:48:35 INFO  State of operation 17541409 : EXECUTING
09:48:37 INFO  State of operation 17541409 : EXECUTING
09:48:40 INFO  State of operation 17541409 : EXECUTING
09:48:42 INFO  State of operation 17541409 : EXECUTING
09:48:45 INFO  State of operation 17541409 : EXECUTING
09:48:47 INFO  State of operation 17541409 : EXECUTING
09:48:50 INFO  State of operation 17541409 : EXECUTING
09:48:52 INFO  State of operation 17541409 : EXECUTING
09:48:54 INFO  State of operation 17541409 : EXECUTING
09:48:56 INFO  State of operation 17541409 : EXECUTING
09:48:58 INFO  State of operation 17541409 : EXECUTING
09:49:01 INFO  State of operation 17541409 : EXECUTING
09:49:04 INFO  State of operation 17541409 : EXECUTING
09:49:06 INFO  State of operation 17541409 : EXECUTING
09:49:08 INFO  State of operation 17541409 : EXECUTING
09:49:11 INFO  State of operation 17541409 : EXECUTING
09:49:13 INFO  State of operation 17541409 : EXECUTING
09:49:15 INFO  State of operation 17541409 : EXECUTING
09:49:17 INFO  State of operation 17541409 : EXECUTING
09:49:20 INFO  State of operation 17541409 : EXECUTING
09:49:22 INFO  State of operation 17541409 : EXECUTING
09:49:24 INFO  State of operation 17541409 : EXECUTING
09:49:27 INFO  State of operation 17541409 : EXECUTING
09:49:29 INFO  State of operation 17541409 : EXECUTING
09:49:31 INFO  State of operation 17541409 : EXECUTING
09:49:34 INFO  State of operation 17541409 : EXECUTING
09:49:36 INFO  State of operation 17541409 : SUCCESSFUL
09:49:36 INFO  Package apple is installed
09:49:36 INFO  Assert that (True == value) with value=True ... passed
09:49:36 INFO  Package banana is installed
09:49:36 INFO  Assert that (True == value) with value=True ... passed
09:49:37 INFO  Package cherry is installed
09:49:37 INFO  Assert that (True == value) with value=True ... passed
09:49:37 INFO  Assert that (False == value) with value=False ... passed
09:49:37 INFO  Assert that (False == value) with value=False ... passed
09:49:37 INFO  
09:49:37 INFO  cleanup:
09:49:42 INFO  Executed sudo&lt;tedge_disconnect_c8y&gt;, exit status 0
09:49:43 INFO  Executed systemctl&lt;serv_mapper5&gt;, exit status 3
09:49:43 INFO  
09:49:43 INFO  Test duration: 169.74 secs
09:49:43 INFO  Test final outcome:  FAILED
09:49:43 INFO  Test outcome reason: Assert that (False == value) with value=True
09:49:43 INFO  
</system-out>
	</testcase>
</testsuite>
