<?xml version="1.0" encoding="utf-8"?>
<testsuite failures="1" name="SoftwareManagement.sm_apt_install_remove_multiple" skipped="0" tests="1" time="143.25" timestamp="2022-04-28T16:38:50">
	<testcase classname="PySysTest" name="SoftwareManagement.sm_apt_install_remove_multiple">
		<failure message="FAILED: Assert that (False == value) with value=True (+2 other failures)" type="FAILED"/>
		<system-out>16:36:27 INFO  ==============================================================
16:36:27 INFO  Id:    SoftwareManagement.sm_apt_install_remove_multiple
16:36:27 INFO  Dir:   software_management_end_to_end/
16:36:27 INFO  Title: Validate end to end behaviour for the apt plugin for multiple packages
16:36:27 INFO  ==============================================================
16:36:27 INFO  Using sw id database: {'asciijump': '5475369', 'robotfindskitten': '5474869', 'squirrel3': '5475279', 'rolldice': '5152439', 'moon-buggy': '5439204', 'apple': '5495053', 'banana': '5494888', 'cherry': '5495382', 'watermelon': '5494510', 'registry': '8018911', 'hello-world': '8021526', 'docker/getting-started': '8021973', 'alpine': '7991792'}
16:36:27 INFO  EnvironmentC8y Setup
16:36:28 INFO  Executed systemctl&lt;serv_mapper1&gt;, exit status 3
16:36:28 INFO  Restarting mosquitto too frequently in the last 10 seconds. It was only up for 5 seconds
16:36:28 INFO  Delaying execution by 6 seconds
16:36:48 INFO  Executed sudo&lt;tedge_connect_c8y&gt;, exit status 0, duration 14 secs
16:36:49 INFO  Executed sudo&lt;tedge_connect_c8y_test&gt;, exit status 0
16:36:50 INFO  Executed systemctl&lt;serv_mosq2&gt;, exit status 0
16:36:50 INFO  Executed systemctl&lt;serv_mapper3&gt;, exit status 0
16:36:52 INFO  State of current operation: SUCCESSFUL
16:36:53 INFO  Assert that (False == value) with value=False ... passed
16:36:53 INFO  Package asciijump is installed
16:36:53 WARN  Assert that (False == value) with value=True ... failed 
16:36:53 INFO  Package squirrel3 is installed
16:36:53 WARN  Assert that (False == value) with value=True ... failed 
16:36:54 INFO  Package robotfindskitten is installed
16:36:54 WARN  Assert that (False == value) with value=True ... failed 
16:36:54 INFO  Response status: 201
16:36:54 INFO  Response to action: {
    &quot;creationTime&quot;: &quot;2022-04-28T16:36:54.317Z&quot;,
    &quot;deviceName&quot;: &quot;mythicd&quot;,
    &quot;deviceId&quot;: &quot;17911759&quot;,
    &quot;self&quot;: &quot;https://t493319102.eu-latest.cumulocity.com/devicecontrol/operations/17923691&quot;,
    &quot;id&quot;: &quot;17923691&quot;,
    &quot;status&quot;: &quot;PENDING&quot;,
    &quot;description&quot;: &quot;Apply software changes, triggered from PySys: [{'action': 'install', 'id': '5475369', 'name': 'asciijump', 'url': ' ', 'version': '::apt'}, {'action': 'install', 'id': '5474869', 'name': 'robotfindskitten', 'url': ' ', 'version': '::apt'}, {'action': 'install', 'id': '5475279', 'name': 'squirrel3', 'url': ' ', 'version': '::apt'}]&quot;,
    &quot;c8y_SoftwareUpdate&quot;: [
        {
            &quot;name&quot;: &quot;asciijump&quot;,
            &quot;action&quot;: &quot;install&quot;,
            &quot;id&quot;: &quot;5475369&quot;,
            &quot;version&quot;: &quot;::apt&quot;,
            &quot;url&quot;: &quot; &quot;
        },
        {
            &quot;name&quot;: &quot;robotfindskitten&quot;,
            &quot;action&quot;: &quot;install&quot;,
            &quot;id&quot;: &quot;5474869&quot;,
            &quot;version&quot;: &quot;::apt&quot;,
            &quot;url&quot;: &quot; &quot;
        },
        {
            &quot;name&quot;: &quot;squirrel3&quot;,
            &quot;action&quot;: &quot;install&quot;,
            &quot;id&quot;: &quot;5475279&quot;,
            &quot;version&quot;: &quot;::apt&quot;,
            &quot;url&quot;: &quot; &quot;
        }
    ]
}
16:36:54 INFO  Started operation: {'creationTime': '2022-04-28T16:36:54.317Z', 'deviceName': 'mythicd', 'deviceId': '17911759', 'self': 'https://t493319102.eu-latest.cumulocity.com/devicecontrol/operations/17923691', 'id': '17923691', 'status': 'PENDING', 'description': &quot;Apply software changes, triggered from PySys: [{'action': 'install', 'id': '5475369', 'name': 'asciijump', 'url': ' ', 'version': '::apt'}, {'action': 'install', 'id': '5474869', 'name': 'robotfindskitten', 'url': ' ', 'version': '::apt'}, {'action': 'install', 'id': '5475279', 'name': 'squirrel3', 'url': ' ', 'version': '::apt'}]&quot;, 'c8y_SoftwareUpdate': [{'name': 'asciijump', 'action': 'install', 'id': '5475369', 'version': '::apt', 'url': ' '}, {'name': 'robotfindskitten', 'action': 'install', 'id': '5474869', 'version': '::apt', 'url': ' '}, {'name': 'squirrel3', 'action': 'install', 'id': '5475279', 'version': '::apt', 'url': ' '}]}
16:36:56 INFO  State of operation 17923691 : PENDING
16:36:58 INFO  State of operation 17923691 : EXECUTING
16:37:01 INFO  State of operation 17923691 : EXECUTING
16:37:03 INFO  State of operation 17923691 : EXECUTING
16:37:05 INFO  State of operation 17923691 : EXECUTING
16:37:07 INFO  State of operation 17923691 : EXECUTING
16:37:10 INFO  State of operation 17923691 : EXECUTING
16:37:12 INFO  State of operation 17923691 : EXECUTING
16:37:15 INFO  State of operation 17923691 : EXECUTING
16:37:17 INFO  State of operation 17923691 : EXECUTING
16:37:20 INFO  State of operation 17923691 : EXECUTING
16:37:22 INFO  State of operation 17923691 : EXECUTING
16:37:24 INFO  State of operation 17923691 : EXECUTING
16:37:26 INFO  State of operation 17923691 : EXECUTING
16:37:29 INFO  State of operation 17923691 : EXECUTING
16:37:31 INFO  State of operation 17923691 : EXECUTING
16:37:33 INFO  State of operation 17923691 : SUCCESSFUL
16:37:33 INFO  Assert that (False == value) with value=False ... passed
16:37:33 INFO  Package asciijump is installed
16:37:33 INFO  Assert that (True == value) with value=True ... passed
16:37:34 INFO  Package squirrel3 is installed
16:37:34 INFO  Assert that (True == value) with value=True ... passed
16:37:34 INFO  Package robotfindskitten is installed
16:37:34 INFO  Assert that (True == value) with value=True ... passed
16:37:34 INFO  Response status: 201
16:37:34 INFO  Response to action: {
    &quot;creationTime&quot;: &quot;2022-04-28T16:37:34.591Z&quot;,
    &quot;deviceName&quot;: &quot;mythicd&quot;,
    &quot;deviceId&quot;: &quot;17911759&quot;,
    &quot;self&quot;: &quot;https://t493319102.eu-latest.cumulocity.com/devicecontrol/operations/17923699&quot;,
    &quot;id&quot;: &quot;17923699&quot;,
    &quot;status&quot;: &quot;PENDING&quot;,
    &quot;description&quot;: &quot;Apply software changes, triggered from PySys: [{'action': 'delete', 'id': '5475369', 'name': 'asciijump', 'url': ' ', 'version': '::apt'}, {'action': 'delete', 'id': '5474869', 'name': 'robotfindskitten', 'url': ' ', 'version': '::apt'}, {'action': 'delete', 'id': '5475279', 'name': 'squirrel3', 'url': ' ', 'version': '::apt'}]&quot;,
    &quot;c8y_SoftwareUpdate&quot;: [
        {
            &quot;name&quot;: &quot;asciijump&quot;,
            &quot;action&quot;: &quot;delete&quot;,
            &quot;id&quot;: &quot;5475369&quot;,
            &quot;version&quot;: &quot;::apt&quot;,
            &quot;url&quot;: &quot; &quot;
        },
        {
            &quot;name&quot;: &quot;robotfindskitten&quot;,
            &quot;action&quot;: &quot;delete&quot;,
            &quot;id&quot;: &quot;5474869&quot;,
            &quot;version&quot;: &quot;::apt&quot;,
            &quot;url&quot;: &quot; &quot;
        },
        {
            &quot;name&quot;: &quot;squirrel3&quot;,
            &quot;action&quot;: &quot;delete&quot;,
            &quot;id&quot;: &quot;5475279&quot;,
            &quot;version&quot;: &quot;::apt&quot;,
            &quot;url&quot;: &quot; &quot;
        }
    ]
}
16:37:34 INFO  Started operation: {'creationTime': '2022-04-28T16:37:34.591Z', 'deviceName': 'mythicd', 'deviceId': '17911759', 'self': 'https://t493319102.eu-latest.cumulocity.com/devicecontrol/operations/17923699', 'id': '17923699', 'status': 'PENDING', 'description': &quot;Apply software changes, triggered from PySys: [{'action': 'delete', 'id': '5475369', 'name': 'asciijump', 'url': ' ', 'version': '::apt'}, {'action': 'delete', 'id': '5474869', 'name': 'robotfindskitten', 'url': ' ', 'version': '::apt'}, {'action': 'delete', 'id': '5475279', 'name': 'squirrel3', 'url': ' ', 'version': '::apt'}]&quot;, 'c8y_SoftwareUpdate': [{'name': 'asciijump', 'action': 'delete', 'id': '5475369', 'version': '::apt', 'url': ' '}, {'name': 'robotfindskitten', 'action': 'delete', 'id': '5474869', 'version': '::apt', 'url': ' '}, {'name': 'squirrel3', 'action': 'delete', 'id': '5475279', 'version': '::apt', 'url': ' '}]}
16:37:36 INFO  State of operation 17923699 : PENDING
16:37:39 INFO  State of operation 17923699 : EXECUTING
16:37:41 INFO  State of operation 17923699 : EXECUTING
16:37:43 INFO  State of operation 17923699 : EXECUTING
16:37:45 INFO  State of operation 17923699 : EXECUTING
16:37:47 INFO  State of operation 17923699 : EXECUTING
16:37:50 INFO  State of operation 17923699 : EXECUTING
16:37:53 INFO  State of operation 17923699 : EXECUTING
16:37:56 INFO  State of operation 17923699 : EXECUTING
16:37:58 INFO  State of operation 17923699 : EXECUTING
16:38:01 INFO  State of operation 17923699 : EXECUTING
16:38:03 INFO  State of operation 17923699 : EXECUTING
16:38:05 INFO  State of operation 17923699 : EXECUTING
16:38:07 INFO  State of operation 17923699 : EXECUTING
16:38:10 INFO  State of operation 17923699 : EXECUTING
16:38:12 INFO  State of operation 17923699 : EXECUTING
16:38:14 INFO  State of operation 17923699 : EXECUTING
16:38:17 INFO  State of operation 17923699 : EXECUTING
16:38:20 INFO  State of operation 17923699 : EXECUTING
16:38:22 INFO  State of operation 17923699 : EXECUTING
16:38:24 INFO  State of operation 17923699 : EXECUTING
16:38:26 INFO  State of operation 17923699 : EXECUTING
16:38:29 INFO  State of operation 17923699 : EXECUTING
16:38:31 INFO  State of operation 17923699 : EXECUTING
16:38:33 INFO  State of operation 17923699 : EXECUTING
16:38:36 INFO  State of operation 17923699 : EXECUTING
16:38:38 INFO  State of operation 17923699 : EXECUTING
16:38:40 INFO  State of operation 17923699 : EXECUTING
16:38:43 INFO  State of operation 17923699 : EXECUTING
16:38:45 INFO  State of operation 17923699 : SUCCESSFUL
16:38:45 INFO  Assert that (False == value) with value=False ... passed
16:38:45 INFO  Assert that (False == value) with value=False ... passed
16:38:46 INFO  Assert that (False == value) with value=False ... passed
16:38:46 INFO  Assert that (False == value) with value=False ... passed
16:38:46 INFO  
16:38:46 INFO  cleanup:
16:38:50 INFO  Executed sudo&lt;tedge_disconnect_c8y&gt;, exit status 0
16:38:50 INFO  Executed systemctl&lt;serv_mapper5&gt;, exit status 3
16:38:50 INFO  
16:38:50 INFO  Test duration: 143.25 secs
16:38:50 INFO  Test final outcome:  FAILED
16:38:50 INFO  Test outcome reason: Assert that (False == value) with value=True (+2 other failures)
16:38:50 INFO  
</system-out>
	</testcase>
</testsuite>
