<?xml version="1.0" encoding="utf-8"?>
<testsuite failures="1" name="SoftwareManagement.sm_apt_install_remove_multiple" skipped="0" tests="1" time="140.78" timestamp="2022-05-03T09:06:36">
	<testcase classname="PySysTest" name="SoftwareManagement.sm_apt_install_remove_multiple">
		<failure message="FAILED: Assert that (False == value) with value=True (+2 other failures)" type="FAILED"/>
		<system-out>09:04:16 INFO  ==============================================================
09:04:16 INFO  Id:    SoftwareManagement.sm_apt_install_remove_multiple
09:04:16 INFO  Dir:   software_management_end_to_end/
09:04:16 INFO  Title: Validate end to end behaviour for the apt plugin for multiple packages
09:04:16 INFO  ==============================================================
09:04:16 INFO  Using sw id database: {'asciijump': '5475369', 'robotfindskitten': '5474869', 'squirrel3': '5475279', 'rolldice': '5152439', 'moon-buggy': '5439204', 'apple': '5495053', 'banana': '5494888', 'cherry': '5495382', 'watermelon': '5494510', 'registry': '8018911', 'hello-world': '8021526', 'docker/getting-started': '8021973', 'alpine': '7991792'}
09:04:16 INFO  EnvironmentC8y Setup
09:04:16 INFO  Executed systemctl&lt;serv_mapper1&gt;, exit status 3
09:04:16 INFO  Restarting mosquitto too frequently in the last 10 seconds. It was only up for 4 seconds
09:04:16 INFO  Delaying execution by 7 seconds
09:04:38 INFO  Executed sudo&lt;tedge_connect_c8y&gt;, exit status 0, duration 14 secs
09:04:39 INFO  Executed sudo&lt;tedge_connect_c8y_test&gt;, exit status 0
09:04:39 INFO  Executed systemctl&lt;serv_mosq2&gt;, exit status 0
09:04:40 INFO  Executed systemctl&lt;serv_mapper3&gt;, exit status 0
09:04:42 INFO  State of current operation: SUCCESSFUL
09:04:42 INFO  Assert that (False == value) with value=False ... passed
09:04:42 INFO  Package asciijump is installed
09:04:43 WARN  Assert that (False == value) with value=True ... failed 
09:04:43 INFO  Package squirrel3 is installed
09:04:43 WARN  Assert that (False == value) with value=True ... failed 
09:04:43 INFO  Package robotfindskitten is installed
09:04:43 WARN  Assert that (False == value) with value=True ... failed 
09:04:44 INFO  Response status: 201
09:04:44 INFO  Response to action: {
    &quot;creationTime&quot;: &quot;2022-05-03T09:04:44.085Z&quot;,
    &quot;deviceName&quot;: &quot;mythicd&quot;,
    &quot;deviceId&quot;: &quot;18233697&quot;,
    &quot;self&quot;: &quot;https://t493319102.eu-latest.cumulocity.com/devicecontrol/operations/18274003&quot;,
    &quot;id&quot;: &quot;18274003&quot;,
    &quot;status&quot;: &quot;PENDING&quot;,
    &quot;description&quot;: &quot;Apply software changes, triggered from PySys: [{'action': 'install', 'id': '5475369', 'name': 'asciijump', 'url': ' ', 'version': '::apt'}, {'action': 'install', 'id': '5474869', 'name': 'robotfindskitten', 'url': ' ', 'version': '::apt'}, {'action': 'install', 'id': '5475279', 'name': 'squirrel3', 'url': ' ', 'version': '::apt'}]&quot;,
    &quot;c8y_SoftwareUpdate&quot;: [
        {
            &quot;name&quot;: &quot;asciijump&quot;,
            &quot;action&quot;: &quot;install&quot;,
            &quot;id&quot;: &quot;5475369&quot;,
            &quot;version&quot;: &quot;::apt&quot;,
            &quot;url&quot;: &quot; &quot;
        },
        {
            &quot;name&quot;: &quot;robotfindskitten&quot;,
            &quot;action&quot;: &quot;install&quot;,
            &quot;id&quot;: &quot;5474869&quot;,
            &quot;version&quot;: &quot;::apt&quot;,
            &quot;url&quot;: &quot; &quot;
        },
        {
            &quot;name&quot;: &quot;squirrel3&quot;,
            &quot;action&quot;: &quot;install&quot;,
            &quot;id&quot;: &quot;5475279&quot;,
            &quot;version&quot;: &quot;::apt&quot;,
            &quot;url&quot;: &quot; &quot;
        }
    ]
}
09:04:44 INFO  Started operation: {'creationTime': '2022-05-03T09:04:44.085Z', 'deviceName': 'mythicd', 'deviceId': '18233697', 'self': 'https://t493319102.eu-latest.cumulocity.com/devicecontrol/operations/18274003', 'id': '18274003', 'status': 'PENDING', 'description': &quot;Apply software changes, triggered from PySys: [{'action': 'install', 'id': '5475369', 'name': 'asciijump', 'url': ' ', 'version': '::apt'}, {'action': 'install', 'id': '5474869', 'name': 'robotfindskitten', 'url': ' ', 'version': '::apt'}, {'action': 'install', 'id': '5475279', 'name': 'squirrel3', 'url': ' ', 'version': '::apt'}]&quot;, 'c8y_SoftwareUpdate': [{'name': 'asciijump', 'action': 'install', 'id': '5475369', 'version': '::apt', 'url': ' '}, {'name': 'robotfindskitten', 'action': 'install', 'id': '5474869', 'version': '::apt', 'url': ' '}, {'name': 'squirrel3', 'action': 'install', 'id': '5475279', 'version': '::apt', 'url': ' '}]}
09:04:46 INFO  State of operation 18274003 : PENDING
09:04:48 INFO  State of operation 18274003 : EXECUTING
09:04:50 INFO  State of operation 18274003 : EXECUTING
09:04:53 INFO  State of operation 18274003 : EXECUTING
09:04:55 INFO  State of operation 18274003 : EXECUTING
09:04:57 INFO  State of operation 18274003 : EXECUTING
09:05:01 INFO  State of operation 18274003 : EXECUTING
09:05:04 INFO  State of operation 18274003 : EXECUTING
09:05:06 INFO  State of operation 18274003 : EXECUTING
09:05:08 INFO  State of operation 18274003 : EXECUTING
09:05:11 INFO  State of operation 18274003 : EXECUTING
09:05:13 INFO  State of operation 18274003 : EXECUTING
09:05:15 INFO  State of operation 18274003 : EXECUTING
09:05:17 INFO  State of operation 18274003 : EXECUTING
09:05:20 INFO  State of operation 18274003 : SUCCESSFUL
09:05:20 INFO  Assert that (False == value) with value=False ... passed
09:05:20 INFO  Package asciijump is installed
09:05:20 INFO  Assert that (True == value) with value=True ... passed
09:05:20 INFO  Package squirrel3 is installed
09:05:20 INFO  Assert that (True == value) with value=True ... passed
09:05:21 INFO  Package robotfindskitten is installed
09:05:21 INFO  Assert that (True == value) with value=True ... passed
09:05:21 INFO  Response status: 201
09:05:21 INFO  Response to action: {
    &quot;creationTime&quot;: &quot;2022-05-03T09:05:21.229Z&quot;,
    &quot;deviceName&quot;: &quot;mythicd&quot;,
    &quot;deviceId&quot;: &quot;18233697&quot;,
    &quot;self&quot;: &quot;https://t493319102.eu-latest.cumulocity.com/devicecontrol/operations/18274019&quot;,
    &quot;id&quot;: &quot;18274019&quot;,
    &quot;status&quot;: &quot;PENDING&quot;,
    &quot;description&quot;: &quot;Apply software changes, triggered from PySys: [{'action': 'delete', 'id': '5475369', 'name': 'asciijump', 'url': ' ', 'version': '::apt'}, {'action': 'delete', 'id': '5474869', 'name': 'robotfindskitten', 'url': ' ', 'version': '::apt'}, {'action': 'delete', 'id': '5475279', 'name': 'squirrel3', 'url': ' ', 'version': '::apt'}]&quot;,
    &quot;c8y_SoftwareUpdate&quot;: [
        {
            &quot;name&quot;: &quot;asciijump&quot;,
            &quot;action&quot;: &quot;delete&quot;,
            &quot;id&quot;: &quot;5475369&quot;,
            &quot;version&quot;: &quot;::apt&quot;,
            &quot;url&quot;: &quot; &quot;
        },
        {
            &quot;name&quot;: &quot;robotfindskitten&quot;,
            &quot;action&quot;: &quot;delete&quot;,
            &quot;id&quot;: &quot;5474869&quot;,
            &quot;version&quot;: &quot;::apt&quot;,
            &quot;url&quot;: &quot; &quot;
        },
        {
            &quot;name&quot;: &quot;squirrel3&quot;,
            &quot;action&quot;: &quot;delete&quot;,
            &quot;id&quot;: &quot;5475279&quot;,
            &quot;version&quot;: &quot;::apt&quot;,
            &quot;url&quot;: &quot; &quot;
        }
    ]
}
09:05:21 INFO  Started operation: {'creationTime': '2022-05-03T09:05:21.229Z', 'deviceName': 'mythicd', 'deviceId': '18233697', 'self': 'https://t493319102.eu-latest.cumulocity.com/devicecontrol/operations/18274019', 'id': '18274019', 'status': 'PENDING', 'description': &quot;Apply software changes, triggered from PySys: [{'action': 'delete', 'id': '5475369', 'name': 'asciijump', 'url': ' ', 'version': '::apt'}, {'action': 'delete', 'id': '5474869', 'name': 'robotfindskitten', 'url': ' ', 'version': '::apt'}, {'action': 'delete', 'id': '5475279', 'name': 'squirrel3', 'url': ' ', 'version': '::apt'}]&quot;, 'c8y_SoftwareUpdate': [{'name': 'asciijump', 'action': 'delete', 'id': '5475369', 'version': '::apt', 'url': ' '}, {'name': 'robotfindskitten', 'action': 'delete', 'id': '5474869', 'version': '::apt', 'url': ' '}, {'name': 'squirrel3', 'action': 'delete', 'id': '5475279', 'version': '::apt', 'url': ' '}]}
09:05:23 INFO  State of operation 18274019 : PENDING
09:05:25 INFO  State of operation 18274019 : EXECUTING
09:05:27 INFO  State of operation 18274019 : EXECUTING
09:05:30 INFO  State of operation 18274019 : EXECUTING
09:05:32 INFO  State of operation 18274019 : EXECUTING
09:05:34 INFO  State of operation 18274019 : EXECUTING
09:05:37 INFO  State of operation 18274019 : EXECUTING
09:05:40 INFO  State of operation 18274019 : EXECUTING
09:05:42 INFO  State of operation 18274019 : EXECUTING
09:05:44 INFO  State of operation 18274019 : EXECUTING
09:05:46 INFO  State of operation 18274019 : EXECUTING
09:05:48 INFO  State of operation 18274019 : EXECUTING
09:05:51 INFO  State of operation 18274019 : EXECUTING
09:05:53 INFO  State of operation 18274019 : EXECUTING
09:05:55 INFO  State of operation 18274019 : EXECUTING
09:05:58 INFO  State of operation 18274019 : EXECUTING
09:06:00 INFO  State of operation 18274019 : EXECUTING
09:06:02 INFO  State of operation 18274019 : EXECUTING
09:06:05 INFO  State of operation 18274019 : EXECUTING
09:06:07 INFO  State of operation 18274019 : EXECUTING
09:06:09 INFO  State of operation 18274019 : EXECUTING
09:06:12 INFO  State of operation 18274019 : EXECUTING
09:06:14 INFO  State of operation 18274019 : EXECUTING
09:06:16 INFO  State of operation 18274019 : EXECUTING
09:06:18 INFO  State of operation 18274019 : EXECUTING
09:06:21 INFO  State of operation 18274019 : EXECUTING
09:06:24 INFO  State of operation 18274019 : EXECUTING
09:06:26 INFO  State of operation 18274019 : EXECUTING
09:06:28 INFO  State of operation 18274019 : EXECUTING
09:06:30 INFO  State of operation 18274019 : SUCCESSFUL
09:06:31 INFO  Assert that (False == value) with value=False ... passed
09:06:31 INFO  Assert that (False == value) with value=False ... passed
09:06:31 INFO  Assert that (False == value) with value=False ... passed
09:06:31 INFO  Assert that (False == value) with value=False ... passed
09:06:31 INFO  
09:06:31 INFO  cleanup:
09:06:36 INFO  Executed sudo&lt;tedge_disconnect_c8y&gt;, exit status 0
09:06:36 INFO  Executed systemctl&lt;serv_mapper5&gt;, exit status 3
09:06:36 INFO  
09:06:36 INFO  Test duration: 140.78 secs
09:06:36 INFO  Test final outcome:  FAILED
09:06:36 INFO  Test outcome reason: Assert that (False == value) with value=True (+2 other failures)
09:06:36 INFO  
</system-out>
	</testcase>
</testsuite>
