<?xml version="1.0" encoding="utf-8"?>
<testsuite failures="1" name="SoftwareManagement.sm_mixed_install_remove_multiple" skipped="0" tests="1" time="170.85" timestamp="2022-04-29T10:32:48">
	<testcase classname="PySysTest" name="SoftwareManagement.sm_mixed_install_remove_multiple">
		<failure message="FAILED: Assert that (False == value) with value=True" type="FAILED"/>
		<system-out>10:29:57 INFO  ==============================================================
10:29:57 INFO  Id:    SoftwareManagement.sm_mixed_install_remove_multiple
10:29:57 INFO  Dir:   software_management_end_to_end/
10:29:57 INFO  Title: Validate end to end behaviour for the dummy-plugin for multiple packages with mixed versions
10:29:57 INFO  ==============================================================
10:29:57 INFO  Using sw id database: {'asciijump': '5475369', 'robotfindskitten': '5474869', 'squirrel3': '5475279', 'rolldice': '5152439', 'moon-buggy': '5439204', 'apple': '5495053', 'banana': '5494888', 'cherry': '5495382', 'watermelon': '5494510', 'registry': '8018911', 'hello-world': '8021526', 'docker/getting-started': '8021973', 'alpine': '7991792'}
10:29:57 INFO  EnvironmentC8y Setup
10:29:58 INFO  Executed systemctl&lt;serv_mapper1&gt;, exit status 3
10:29:58 INFO  Restarting mosquitto too frequently in the last 10 seconds. It was only up for 4 seconds
10:29:58 INFO  Delaying execution by 7 seconds
10:30:19 INFO  Executed sudo&lt;tedge_connect_c8y&gt;, exit status 0, duration 14 secs
10:30:20 INFO  Executed sudo&lt;tedge_connect_c8y_test&gt;, exit status 0
10:30:20 INFO  Executed systemctl&lt;serv_mosq2&gt;, exit status 0
10:30:21 INFO  Executed systemctl&lt;serv_mapper3&gt;, exit status 0
10:30:23 INFO  State of current operation: SUCCESSFUL
10:30:23 INFO  Package apple is installed
10:30:23 INFO  Assert that (True == value) with value=True ... passed
10:30:24 INFO  Package banana is installed
10:30:24 INFO  Assert that (True == value) with value=True ... passed
10:30:24 INFO  Package cherry is installed
10:30:24 INFO  Assert that (True == value) with value=True ... passed
10:30:24 INFO  Package asciijump is installed
10:30:24 WARN  Assert that (False == value) with value=True ... failed 
10:30:24 INFO  Assert that (False == value) with value=False ... passed
10:30:25 INFO  Response status: 201
10:30:25 INFO  Response to action: {
    &quot;creationTime&quot;: &quot;2022-04-29T10:30:25.088Z&quot;,
    &quot;deviceName&quot;: &quot;mythicd&quot;,
    &quot;deviceId&quot;: &quot;17920057&quot;,
    &quot;self&quot;: &quot;https://t493319102.eu-latest.cumulocity.com/devicecontrol/operations/17968139&quot;,
    &quot;id&quot;: &quot;17968139&quot;,
    &quot;status&quot;: &quot;PENDING&quot;,
    &quot;description&quot;: &quot;Apply software changes, triggered from PySys: [{'action': 'install', 'id': '5495053', 'name': 'apple', 'url': ' ', 'version': '::fruits'}, {'action': 'install', 'id': '5494888', 'name': 'banana', 'url': ' ', 'version': '::fruits'}, {'action': 'install', 'id': '5475369', 'name': 'asciijump', 'url': ' ', 'version': '::apt'}, {'action': 'install', 'id': '5495382', 'name': 'cherry', 'url': ' ', 'version': '::fruits'}, {'action': 'install', 'id': '8018911', 'name': 'registry', 'url': ' ', 'version': '::docker'}]&quot;,
    &quot;c8y_SoftwareUpdate&quot;: [
        {
            &quot;name&quot;: &quot;apple&quot;,
            &quot;action&quot;: &quot;install&quot;,
            &quot;id&quot;: &quot;5495053&quot;,
            &quot;version&quot;: &quot;::fruits&quot;,
            &quot;url&quot;: &quot; &quot;
        },
        {
            &quot;name&quot;: &quot;banana&quot;,
            &quot;action&quot;: &quot;install&quot;,
            &quot;id&quot;: &quot;5494888&quot;,
            &quot;version&quot;: &quot;::fruits&quot;,
            &quot;url&quot;: &quot; &quot;
        },
        {
            &quot;name&quot;: &quot;asciijump&quot;,
            &quot;action&quot;: &quot;install&quot;,
            &quot;id&quot;: &quot;5475369&quot;,
            &quot;version&quot;: &quot;::apt&quot;,
            &quot;url&quot;: &quot; &quot;
        },
        {
            &quot;name&quot;: &quot;cherry&quot;,
            &quot;action&quot;: &quot;install&quot;,
            &quot;id&quot;: &quot;5495382&quot;,
            &quot;version&quot;: &quot;::fruits&quot;,
            &quot;url&quot;: &quot; &quot;
        },
        {
            &quot;name&quot;: &quot;registry&quot;,
            &quot;action&quot;: &quot;install&quot;,
            &quot;id&quot;: &quot;8018911&quot;,
            &quot;version&quot;: &quot;::docker&quot;,
            &quot;url&quot;: &quot; &quot;
        }
    ]
}
10:30:25 INFO  Started operation: {'creationTime': '2022-04-29T10:30:25.088Z', 'deviceName': 'mythicd', 'deviceId': '17920057', 'self': 'https://t493319102.eu-latest.cumulocity.com/devicecontrol/operations/17968139', 'id': '17968139', 'status': 'PENDING', 'description': &quot;Apply software changes, triggered from PySys: [{'action': 'install', 'id': '5495053', 'name': 'apple', 'url': ' ', 'version': '::fruits'}, {'action': 'install', 'id': '5494888', 'name': 'banana', 'url': ' ', 'version': '::fruits'}, {'action': 'install', 'id': '5475369', 'name': 'asciijump', 'url': ' ', 'version': '::apt'}, {'action': 'install', 'id': '5495382', 'name': 'cherry', 'url': ' ', 'version': '::fruits'}, {'action': 'install', 'id': '8018911', 'name': 'registry', 'url': ' ', 'version': '::docker'}]&quot;, 'c8y_SoftwareUpdate': [{'name': 'apple', 'action': 'install', 'id': '5495053', 'version': '::fruits', 'url': ' '}, {'name': 'banana', 'action': 'install', 'id': '5494888', 'version': '::fruits', 'url': ' '}, {'name': 'asciijump', 'action': 'install', 'id': '5475369', 'version': '::apt', 'url': ' '}, {'name': 'cherry', 'action': 'install', 'id': '5495382', 'version': '::fruits', 'url': ' '}, {'name': 'registry', 'action': 'install', 'id': '8018911', 'version': '::docker', 'url': ' '}]}
10:30:27 INFO  State of operation 17968139 : PENDING
10:30:29 INFO  State of operation 17968139 : EXECUTING
10:30:31 INFO  State of operation 17968139 : EXECUTING
10:30:34 INFO  State of operation 17968139 : EXECUTING
10:30:36 INFO  State of operation 17968139 : EXECUTING
10:30:38 INFO  State of operation 17968139 : EXECUTING
10:30:40 INFO  State of operation 17968139 : EXECUTING
10:30:43 INFO  State of operation 17968139 : EXECUTING
10:30:46 INFO  State of operation 17968139 : EXECUTING
10:30:48 INFO  State of operation 17968139 : EXECUTING
10:30:50 INFO  State of operation 17968139 : EXECUTING
10:30:53 INFO  State of operation 17968139 : EXECUTING
10:30:55 INFO  State of operation 17968139 : EXECUTING
10:30:57 INFO  State of operation 17968139 : EXECUTING
10:30:59 INFO  State of operation 17968139 : EXECUTING
10:31:02 INFO  State of operation 17968139 : EXECUTING
10:31:04 INFO  State of operation 17968139 : EXECUTING
10:31:06 INFO  State of operation 17968139 : EXECUTING
10:31:08 INFO  State of operation 17968139 : EXECUTING
10:31:11 INFO  State of operation 17968139 : EXECUTING
10:31:13 INFO  State of operation 17968139 : EXECUTING
10:31:16 INFO  State of operation 17968139 : EXECUTING
10:31:18 INFO  State of operation 17968139 : EXECUTING
10:31:20 INFO  State of operation 17968139 : EXECUTING
10:31:22 INFO  State of operation 17968139 : EXECUTING
10:31:25 INFO  State of operation 17968139 : EXECUTING
10:31:27 INFO  State of operation 17968139 : SUCCESSFUL
10:31:27 INFO  Package apple is installed
10:31:27 INFO  Assert that (True == value) with value=True ... passed
10:31:27 INFO  Package banana is installed
10:31:27 INFO  Assert that (True == value) with value=True ... passed
10:31:27 INFO  Package cherry is installed
10:31:27 INFO  Assert that (True == value) with value=True ... passed
10:31:28 INFO  Package asciijump is installed
10:31:28 INFO  Assert that (True == value) with value=True ... passed
10:31:28 INFO  Package registry is installed
10:31:28 INFO  Assert that (True == value) with value=True ... passed
10:31:28 INFO  Response status: 201
10:31:28 INFO  Response to action: {
    &quot;creationTime&quot;: &quot;2022-04-29T10:31:28.617Z&quot;,
    &quot;deviceName&quot;: &quot;mythicd&quot;,
    &quot;deviceId&quot;: &quot;17920057&quot;,
    &quot;self&quot;: &quot;https://t493319102.eu-latest.cumulocity.com/devicecontrol/operations/17968149&quot;,
    &quot;id&quot;: &quot;17968149&quot;,
    &quot;status&quot;: &quot;PENDING&quot;,
    &quot;description&quot;: &quot;Apply software changes, triggered from PySys: [{'action': 'delete', 'id': '5495053', 'name': 'apple', 'url': ' ', 'version': '::fruits'}, {'action': 'delete', 'id': '5494888', 'name': 'banana', 'url': ' ', 'version': '::fruits'}, {'action': 'delete', 'id': '5475369', 'name': 'asciijump', 'url': ' ', 'version': '::apt'}, {'action': 'delete', 'id': '5495382', 'name': 'cherry', 'url': ' ', 'version': '::fruits'}, {'action': 'delete', 'id': '8018911', 'name': 'registry', 'url': ' ', 'version': '::docker'}]&quot;,
    &quot;c8y_SoftwareUpdate&quot;: [
        {
            &quot;name&quot;: &quot;apple&quot;,
            &quot;action&quot;: &quot;delete&quot;,
            &quot;id&quot;: &quot;5495053&quot;,
            &quot;version&quot;: &quot;::fruits&quot;,
            &quot;url&quot;: &quot; &quot;
        },
        {
            &quot;name&quot;: &quot;banana&quot;,
            &quot;action&quot;: &quot;delete&quot;,
            &quot;id&quot;: &quot;5494888&quot;,
            &quot;version&quot;: &quot;::fruits&quot;,
            &quot;url&quot;: &quot; &quot;
        },
        {
            &quot;name&quot;: &quot;asciijump&quot;,
            &quot;action&quot;: &quot;delete&quot;,
            &quot;id&quot;: &quot;5475369&quot;,
            &quot;version&quot;: &quot;::apt&quot;,
            &quot;url&quot;: &quot; &quot;
        },
        {
            &quot;name&quot;: &quot;cherry&quot;,
            &quot;action&quot;: &quot;delete&quot;,
            &quot;id&quot;: &quot;5495382&quot;,
            &quot;version&quot;: &quot;::fruits&quot;,
            &quot;url&quot;: &quot; &quot;
        },
        {
            &quot;name&quot;: &quot;registry&quot;,
            &quot;action&quot;: &quot;delete&quot;,
            &quot;id&quot;: &quot;8018911&quot;,
            &quot;version&quot;: &quot;::docker&quot;,
            &quot;url&quot;: &quot; &quot;
        }
    ]
}
10:31:28 INFO  Started operation: {'creationTime': '2022-04-29T10:31:28.617Z', 'deviceName': 'mythicd', 'deviceId': '17920057', 'self': 'https://t493319102.eu-latest.cumulocity.com/devicecontrol/operations/17968149', 'id': '17968149', 'status': 'PENDING', 'description': &quot;Apply software changes, triggered from PySys: [{'action': 'delete', 'id': '5495053', 'name': 'apple', 'url': ' ', 'version': '::fruits'}, {'action': 'delete', 'id': '5494888', 'name': 'banana', 'url': ' ', 'version': '::fruits'}, {'action': 'delete', 'id': '5475369', 'name': 'asciijump', 'url': ' ', 'version': '::apt'}, {'action': 'delete', 'id': '5495382', 'name': 'cherry', 'url': ' ', 'version': '::fruits'}, {'action': 'delete', 'id': '8018911', 'name': 'registry', 'url': ' ', 'version': '::docker'}]&quot;, 'c8y_SoftwareUpdate': [{'name': 'apple', 'action': 'delete', 'id': '5495053', 'version': '::fruits', 'url': ' '}, {'name': 'banana', 'action': 'delete', 'id': '5494888', 'version': '::fruits', 'url': ' '}, {'name': 'asciijump', 'action': 'delete', 'id': '5475369', 'version': '::apt', 'url': ' '}, {'name': 'cherry', 'action': 'delete', 'id': '5495382', 'version': '::fruits', 'url': ' '}, {'name': 'registry', 'action': 'delete', 'id': '8018911', 'version': '::docker', 'url': ' '}]}
10:31:30 INFO  State of operation 17968149 : PENDING
10:31:33 INFO  State of operation 17968149 : EXECUTING
10:31:35 INFO  State of operation 17968149 : EXECUTING
10:31:37 INFO  State of operation 17968149 : EXECUTING
10:31:39 INFO  State of operation 17968149 : EXECUTING
10:31:42 INFO  State of operation 17968149 : EXECUTING
10:31:45 INFO  State of operation 17968149 : EXECUTING
10:31:47 INFO  State of operation 17968149 : EXECUTING
10:31:49 INFO  State of operation 17968149 : EXECUTING
10:31:52 INFO  State of operation 17968149 : EXECUTING
10:31:54 INFO  State of operation 17968149 : EXECUTING
10:31:56 INFO  State of operation 17968149 : EXECUTING
10:31:59 INFO  State of operation 17968149 : EXECUTING
10:32:01 INFO  State of operation 17968149 : EXECUTING
10:32:03 INFO  State of operation 17968149 : EXECUTING
10:32:06 INFO  State of operation 17968149 : EXECUTING
10:32:10 INFO  State of operation 17968149 : EXECUTING
10:32:12 INFO  State of operation 17968149 : EXECUTING
10:32:14 INFO  State of operation 17968149 : EXECUTING
10:32:17 INFO  State of operation 17968149 : EXECUTING
10:32:19 INFO  State of operation 17968149 : EXECUTING
10:32:21 INFO  State of operation 17968149 : EXECUTING
10:32:24 INFO  State of operation 17968149 : EXECUTING
10:32:26 INFO  State of operation 17968149 : EXECUTING
10:32:28 INFO  State of operation 17968149 : EXECUTING
10:32:31 INFO  State of operation 17968149 : EXECUTING
10:32:33 INFO  State of operation 17968149 : EXECUTING
10:32:35 INFO  State of operation 17968149 : EXECUTING
10:32:37 INFO  State of operation 17968149 : EXECUTING
10:32:40 INFO  State of operation 17968149 : EXECUTING
10:32:42 INFO  State of operation 17968149 : SUCCESSFUL
10:32:42 INFO  Package apple is installed
10:32:42 INFO  Assert that (True == value) with value=True ... passed
10:32:42 INFO  Package banana is installed
10:32:42 INFO  Assert that (True == value) with value=True ... passed
10:32:43 INFO  Package cherry is installed
10:32:43 INFO  Assert that (True == value) with value=True ... passed
10:32:43 INFO  Assert that (False == value) with value=False ... passed
10:32:43 INFO  Assert that (False == value) with value=False ... passed
10:32:43 INFO  
10:32:43 INFO  cleanup:
10:32:48 INFO  Executed sudo&lt;tedge_disconnect_c8y&gt;, exit status 0
10:32:48 INFO  Executed systemctl&lt;serv_mapper5&gt;, exit status 3
10:32:48 INFO  
10:32:48 INFO  Test duration: 170.85 secs
10:32:48 INFO  Test final outcome:  FAILED
10:32:48 INFO  Test outcome reason: Assert that (False == value) with value=True
10:32:48 INFO  
</system-out>
	</testcase>
</testsuite>
