<?xml version="1.0" encoding="utf-8"?>
<testsuite failures="0" name="SoftwareManagement.sm_apt_install_remove_with_version" skipped="0" tests="1" time="161.1" timestamp="2022-04-28T08:41:41">
	<testcase classname="PySysTest" name="SoftwareManagement.sm_apt_install_remove_with_version"/>
</testsuite>
