<?xml version="1.0" encoding="utf-8"?>
<testsuite failures="1" name="SoftwareManagement.sm_apt_install_remove_multiple" skipped="0" tests="1" time="141.27" timestamp="2022-05-11T12:44:34">
	<testcase classname="PySysTest" name="SoftwareManagement.sm_apt_install_remove_multiple">
		<failure message="FAILED: Assert that (False == value) with value=True (+2 other failures)" type="FAILED"/>
		<system-out>12:42:12 INFO  ==============================================================
12:42:12 INFO  Id:    SoftwareManagement.sm_apt_install_remove_multiple
12:42:12 INFO  Dir:   software_management_end_to_end/
12:42:12 INFO  Title: Validate end to end behaviour for the apt plugin for multiple packages
12:42:12 INFO  ==============================================================
12:42:13 INFO  Using sw id database: {'asciijump': '5475369', 'robotfindskitten': '5474869', 'squirrel3': '5475279', 'rolldice': '5152439', 'moon-buggy': '5439204', 'apple': '5495053', 'banana': '5494888', 'cherry': '5495382', 'watermelon': '5494510', 'registry': '8018911', 'hello-world': '8021526', 'docker/getting-started': '8021973', 'alpine': '7991792'}
12:42:13 INFO  EnvironmentC8y Setup
12:42:13 INFO  Executed systemctl&lt;serv_mapper1&gt;, exit status 3
12:42:13 INFO  Restarting mosquitto too frequently in the last 10 seconds. It was only up for 5 seconds
12:42:13 INFO  Delaying execution by 6 seconds
12:42:33 INFO  Executed sudo&lt;tedge_connect_c8y&gt;, exit status 0, duration 13 secs
12:42:34 INFO  Executed sudo&lt;tedge_connect_c8y_test&gt;, exit status 0
12:42:35 INFO  Executed systemctl&lt;serv_mosq2&gt;, exit status 0
12:42:35 INFO  Executed systemctl&lt;serv_mapper3&gt;, exit status 0
12:42:37 INFO  State of current operation: SUCCESSFUL
12:42:37 INFO  Assert that (False == value) with value=False ... passed
12:42:38 INFO  Package asciijump is installed
12:42:38 WARN  Assert that (False == value) with value=True ... failed 
12:42:38 INFO  Package squirrel3 is installed
12:42:38 WARN  Assert that (False == value) with value=True ... failed 
12:42:38 INFO  Package robotfindskitten is installed
12:42:38 WARN  Assert that (False == value) with value=True ... failed 
12:42:38 INFO  Response status: 201
12:42:38 INFO  Response to action: {
    &quot;delivery&quot;: {
        &quot;time&quot;: &quot;2022-05-11T12:42:38.951Z&quot;,
        &quot;log&quot;: [],
        &quot;status&quot;: &quot;PENDING&quot;
    },
    &quot;creationTime&quot;: &quot;2022-05-11T12:42:38.940Z&quot;,
    &quot;deviceName&quot;: &quot;mythicd&quot;,
    &quot;deviceId&quot;: &quot;18813522&quot;,
    &quot;self&quot;: &quot;https://t493319102.eu-latest.cumulocity.com/devicecontrol/operations/18840991&quot;,
    &quot;id&quot;: &quot;18840991&quot;,
    &quot;status&quot;: &quot;PENDING&quot;,
    &quot;description&quot;: &quot;Apply software changes, triggered from PySys: [{'action': 'install', 'id': '5475369', 'name': 'asciijump', 'url': ' ', 'version': '::apt'}, {'action': 'install', 'id': '5474869', 'name': 'robotfindskitten', 'url': ' ', 'version': '::apt'}, {'action': 'install', 'id': '5475279', 'name': 'squirrel3', 'url': ' ', 'version': '::apt'}]&quot;,
    &quot;c8y_SoftwareUpdate&quot;: [
        {
            &quot;name&quot;: &quot;asciijump&quot;,
            &quot;action&quot;: &quot;install&quot;,
            &quot;id&quot;: &quot;5475369&quot;,
            &quot;version&quot;: &quot;::apt&quot;,
            &quot;url&quot;: &quot; &quot;
        },
        {
            &quot;name&quot;: &quot;robotfindskitten&quot;,
            &quot;action&quot;: &quot;install&quot;,
            &quot;id&quot;: &quot;5474869&quot;,
            &quot;version&quot;: &quot;::apt&quot;,
            &quot;url&quot;: &quot; &quot;
        },
        {
            &quot;name&quot;: &quot;squirrel3&quot;,
            &quot;action&quot;: &quot;install&quot;,
            &quot;id&quot;: &quot;5475279&quot;,
            &quot;version&quot;: &quot;::apt&quot;,
            &quot;url&quot;: &quot; &quot;
        }
    ]
}
12:42:38 INFO  Started operation: {'delivery': {'time': '2022-05-11T12:42:38.951Z', 'log': [], 'status': 'PENDING'}, 'creationTime': '2022-05-11T12:42:38.940Z', 'deviceName': 'mythicd', 'deviceId': '18813522', 'self': 'https://t493319102.eu-latest.cumulocity.com/devicecontrol/operations/18840991', 'id': '18840991', 'status': 'PENDING', 'description': &quot;Apply software changes, triggered from PySys: [{'action': 'install', 'id': '5475369', 'name': 'asciijump', 'url': ' ', 'version': '::apt'}, {'action': 'install', 'id': '5474869', 'name': 'robotfindskitten', 'url': ' ', 'version': '::apt'}, {'action': 'install', 'id': '5475279', 'name': 'squirrel3', 'url': ' ', 'version': '::apt'}]&quot;, 'c8y_SoftwareUpdate': [{'name': 'asciijump', 'action': 'install', 'id': '5475369', 'version': '::apt', 'url': ' '}, {'name': 'robotfindskitten', 'action': 'install', 'id': '5474869', 'version': '::apt', 'url': ' '}, {'name': 'squirrel3', 'action': 'install', 'id': '5475279', 'version': '::apt', 'url': ' '}]}
12:42:41 INFO  State of operation 18840991 : PENDING
12:42:43 INFO  State of operation 18840991 : EXECUTING
12:42:45 INFO  State of operation 18840991 : EXECUTING
12:42:47 INFO  State of operation 18840991 : EXECUTING
12:42:50 INFO  State of operation 18840991 : EXECUTING
12:42:52 INFO  State of operation 18840991 : EXECUTING
12:42:54 INFO  State of operation 18840991 : EXECUTING
12:42:56 INFO  State of operation 18840991 : EXECUTING
12:42:59 INFO  State of operation 18840991 : EXECUTING
12:43:01 INFO  State of operation 18840991 : EXECUTING
12:43:04 INFO  State of operation 18840991 : EXECUTING
12:43:06 INFO  State of operation 18840991 : EXECUTING
12:43:08 INFO  State of operation 18840991 : EXECUTING
12:43:10 INFO  State of operation 18840991 : EXECUTING
12:43:13 INFO  State of operation 18840991 : EXECUTING
12:43:15 INFO  State of operation 18840991 : SUCCESSFUL
12:43:15 INFO  Assert that (False == value) with value=False ... passed
12:43:15 INFO  Package asciijump is installed
12:43:15 INFO  Assert that (True == value) with value=True ... passed
12:43:16 INFO  Package squirrel3 is installed
12:43:16 INFO  Assert that (True == value) with value=True ... passed
12:43:16 INFO  Package robotfindskitten is installed
12:43:16 INFO  Assert that (True == value) with value=True ... passed
12:43:16 INFO  Response status: 201
12:43:16 INFO  Response to action: {
    &quot;delivery&quot;: {
        &quot;time&quot;: &quot;2022-05-11T12:43:16.472Z&quot;,
        &quot;log&quot;: [],
        &quot;status&quot;: &quot;PENDING&quot;
    },
    &quot;creationTime&quot;: &quot;2022-05-11T12:43:16.457Z&quot;,
    &quot;deviceName&quot;: &quot;mythicd&quot;,
    &quot;deviceId&quot;: &quot;18813522&quot;,
    &quot;self&quot;: &quot;https://t493319102.eu-latest.cumulocity.com/devicecontrol/operations/18841026&quot;,
    &quot;id&quot;: &quot;18841026&quot;,
    &quot;status&quot;: &quot;PENDING&quot;,
    &quot;description&quot;: &quot;Apply software changes, triggered from PySys: [{'action': 'delete', 'id': '5475369', 'name': 'asciijump', 'url': ' ', 'version': '::apt'}, {'action': 'delete', 'id': '5474869', 'name': 'robotfindskitten', 'url': ' ', 'version': '::apt'}, {'action': 'delete', 'id': '5475279', 'name': 'squirrel3', 'url': ' ', 'version': '::apt'}]&quot;,
    &quot;c8y_SoftwareUpdate&quot;: [
        {
            &quot;name&quot;: &quot;asciijump&quot;,
            &quot;action&quot;: &quot;delete&quot;,
            &quot;id&quot;: &quot;5475369&quot;,
            &quot;version&quot;: &quot;::apt&quot;,
            &quot;url&quot;: &quot; &quot;
        },
        {
            &quot;name&quot;: &quot;robotfindskitten&quot;,
            &quot;action&quot;: &quot;delete&quot;,
            &quot;id&quot;: &quot;5474869&quot;,
            &quot;version&quot;: &quot;::apt&quot;,
            &quot;url&quot;: &quot; &quot;
        },
        {
            &quot;name&quot;: &quot;squirrel3&quot;,
            &quot;action&quot;: &quot;delete&quot;,
            &quot;id&quot;: &quot;5475279&quot;,
            &quot;version&quot;: &quot;::apt&quot;,
            &quot;url&quot;: &quot; &quot;
        }
    ]
}
12:43:16 INFO  Started operation: {'delivery': {'time': '2022-05-11T12:43:16.472Z', 'log': [], 'status': 'PENDING'}, 'creationTime': '2022-05-11T12:43:16.457Z', 'deviceName': 'mythicd', 'deviceId': '18813522', 'self': 'https://t493319102.eu-latest.cumulocity.com/devicecontrol/operations/18841026', 'id': '18841026', 'status': 'PENDING', 'description': &quot;Apply software changes, triggered from PySys: [{'action': 'delete', 'id': '5475369', 'name': 'asciijump', 'url': ' ', 'version': '::apt'}, {'action': 'delete', 'id': '5474869', 'name': 'robotfindskitten', 'url': ' ', 'version': '::apt'}, {'action': 'delete', 'id': '5475279', 'name': 'squirrel3', 'url': ' ', 'version': '::apt'}]&quot;, 'c8y_SoftwareUpdate': [{'name': 'asciijump', 'action': 'delete', 'id': '5475369', 'version': '::apt', 'url': ' '}, {'name': 'robotfindskitten', 'action': 'delete', 'id': '5474869', 'version': '::apt', 'url': ' '}, {'name': 'squirrel3', 'action': 'delete', 'id': '5475279', 'version': '::apt', 'url': ' '}]}
12:43:18 INFO  State of operation 18841026 : PENDING
12:43:20 INFO  State of operation 18841026 : EXECUTING
12:43:23 INFO  State of operation 18841026 : EXECUTING
12:43:25 INFO  State of operation 18841026 : EXECUTING
12:43:27 INFO  State of operation 18841026 : EXECUTING
12:43:29 INFO  State of operation 18841026 : EXECUTING
12:43:32 INFO  State of operation 18841026 : EXECUTING
12:43:35 INFO  State of operation 18841026 : EXECUTING
12:43:38 INFO  State of operation 18841026 : EXECUTING
12:43:40 INFO  State of operation 18841026 : EXECUTING
12:43:42 INFO  State of operation 18841026 : EXECUTING
12:43:45 INFO  State of operation 18841026 : EXECUTING
12:43:47 INFO  State of operation 18841026 : EXECUTING
12:43:49 INFO  State of operation 18841026 : EXECUTING
12:43:51 INFO  State of operation 18841026 : EXECUTING
12:43:54 INFO  State of operation 18841026 : EXECUTING
12:43:56 INFO  State of operation 18841026 : EXECUTING
12:43:58 INFO  State of operation 18841026 : EXECUTING
12:44:01 INFO  State of operation 18841026 : EXECUTING
12:44:04 INFO  State of operation 18841026 : EXECUTING
12:44:06 INFO  State of operation 18841026 : EXECUTING
12:44:08 INFO  State of operation 18841026 : EXECUTING
12:44:10 INFO  State of operation 18841026 : EXECUTING
12:44:13 INFO  State of operation 18841026 : EXECUTING
12:44:15 INFO  State of operation 18841026 : EXECUTING
12:44:18 INFO  State of operation 18841026 : EXECUTING
12:44:20 INFO  State of operation 18841026 : EXECUTING
12:44:22 INFO  State of operation 18841026 : EXECUTING
12:44:25 INFO  State of operation 18841026 : EXECUTING
12:44:27 INFO  State of operation 18841026 : SUCCESSFUL
12:44:27 INFO  Assert that (False == value) with value=False ... passed
12:44:27 INFO  Assert that (False == value) with value=False ... passed
12:44:28 INFO  Assert that (False == value) with value=False ... passed
12:44:28 INFO  Assert that (False == value) with value=False ... passed
12:44:28 INFO  
12:44:28 INFO  cleanup:
12:44:33 INFO  Executed sudo&lt;tedge_disconnect_c8y&gt;, exit status 0
12:44:33 INFO  Executed systemctl&lt;serv_mapper5&gt;, exit status 3
12:44:33 INFO  
12:44:33 INFO  Test duration: 141.27 secs
12:44:33 INFO  Test final outcome:  FAILED
12:44:33 INFO  Test outcome reason: Assert that (False == value) with value=True (+2 other failures)
12:44:34 INFO  
</system-out>
	</testcase>
</testsuite>
