<?xml version="1.0" encoding="utf-8"?>
<testsuite failures="1" name="SoftwareManagement.sm_apt_install_remove_multiple_mixed" skipped="0" tests="1" time="180.1" timestamp="2022-05-10T20:43:24">
	<testcase classname="PySysTest" name="SoftwareManagement.sm_apt_install_remove_multiple_mixed">
		<failure message="BLOCKED: SystemError: Timeout while waiting for status SUCCESSFUL or False (+1 other failures)" type="BLOCKED"/>
		<system-out>20:40:24 INFO  ==============================================================
20:40:24 INFO  Id:    SoftwareManagement.sm_apt_install_remove_multiple_mixed
20:40:24 INFO  Dir:   software_management_end_to_end/
20:40:24 INFO  Title: Validate end to end behaviour for the apt plugin for multiple packages with mixed versions
20:40:24 INFO  ==============================================================
20:40:24 INFO  Using sw id database: {'asciijump': '5475369', 'robotfindskitten': '5474869', 'squirrel3': '5475279', 'rolldice': '5152439', 'moon-buggy': '5439204', 'apple': '5495053', 'banana': '5494888', 'cherry': '5495382', 'watermelon': '5494510', 'registry': '8018911', 'hello-world': '8021526', 'docker/getting-started': '8021973', 'alpine': '7991792'}
20:40:24 INFO  EnvironmentC8y Setup
20:40:25 INFO  Executed systemctl&lt;serv_mapper1&gt;, exit status 3
20:40:25 INFO  Restarting mosquitto too frequently in the last 10 seconds. It was only up for 5 seconds
20:40:25 INFO  Delaying execution by 6 seconds
20:40:45 INFO  Executed sudo&lt;tedge_connect_c8y&gt;, exit status 0, duration 13 secs
20:40:45 INFO  Executed sudo&lt;tedge_connect_c8y_test&gt;, exit status 0
20:40:46 INFO  Executed systemctl&lt;serv_mosq2&gt;, exit status 0
20:40:46 INFO  Executed systemctl&lt;serv_mapper3&gt;, exit status 0
20:40:49 INFO  State of current operation: SUCCESSFUL
20:40:49 INFO  Assert that (False == value) with value=False ... passed
20:40:49 INFO  Assert that (False == value) with value=False ... passed
20:40:49 INFO  Assert that (False == value) with value=False ... passed
20:40:50 INFO  Assert that (False == value) with value=False ... passed
20:40:50 INFO  Package moon-buggy is installed
20:40:50 WARN  Assert that (False == value) with value=True ... failed 
20:40:51 INFO  Response status: 201
20:40:51 INFO  Response to action: {
    &quot;creationTime&quot;: &quot;2022-05-10T20:40:51.510Z&quot;,
    &quot;deviceName&quot;: &quot;mythicd&quot;,
    &quot;deviceId&quot;: &quot;18730396&quot;,
    &quot;self&quot;: &quot;https://t493319102.eu-latest.cumulocity.com/devicecontrol/operations/18751888&quot;,
    &quot;id&quot;: &quot;18751888&quot;,
    &quot;status&quot;: &quot;PENDING&quot;,
    &quot;description&quot;: &quot;Apply software changes, triggered from PySys: [{'action': 'install', 'id': '5475369', 'name': 'asciijump', 'url': ' ', 'version': '::apt'}, {'action': 'install', 'id': '5474869', 'name': 'robotfindskitten', 'url': ' ', 'version': ' '}, {'action': 'install', 'id': '5475279', 'name': 'squirrel3', 'url': ' ', 'version': '3.1-7::apt'}, {'action': 'install', 'id': '5152439', 'name': 'rolldice', 'url': ' ', 'version': '1.16-1+b1'}, {'action': 'install', 'id': '5439204', 'name': 'moon-buggy', 'url': ' ', 'version': '1:1.0.51-12'}, {'action': 'install', 'id': '5475369', 'name': 'asciijump', 'url': ' ', 'version': '::apt'}]&quot;,
    &quot;c8y_SoftwareUpdate&quot;: [
        {
            &quot;name&quot;: &quot;asciijump&quot;,
            &quot;action&quot;: &quot;install&quot;,
            &quot;id&quot;: &quot;5475369&quot;,
            &quot;version&quot;: &quot;::apt&quot;,
            &quot;url&quot;: &quot; &quot;
        },
        {
            &quot;name&quot;: &quot;robotfindskitten&quot;,
            &quot;action&quot;: &quot;install&quot;,
            &quot;id&quot;: &quot;5474869&quot;,
            &quot;version&quot;: &quot; &quot;,
            &quot;url&quot;: &quot; &quot;
        },
        {
            &quot;name&quot;: &quot;squirrel3&quot;,
            &quot;action&quot;: &quot;install&quot;,
            &quot;id&quot;: &quot;5475279&quot;,
            &quot;version&quot;: &quot;3.1-7::apt&quot;,
            &quot;url&quot;: &quot; &quot;
        },
        {
            &quot;name&quot;: &quot;rolldice&quot;,
            &quot;action&quot;: &quot;install&quot;,
            &quot;id&quot;: &quot;5152439&quot;,
            &quot;version&quot;: &quot;1.16-1+b1&quot;,
            &quot;url&quot;: &quot; &quot;
        },
        {
            &quot;name&quot;: &quot;moon-buggy&quot;,
            &quot;action&quot;: &quot;install&quot;,
            &quot;id&quot;: &quot;5439204&quot;,
            &quot;version&quot;: &quot;1:1.0.51-12&quot;,
            &quot;url&quot;: &quot; &quot;
        },
        {
            &quot;name&quot;: &quot;asciijump&quot;,
            &quot;action&quot;: &quot;install&quot;,
            &quot;id&quot;: &quot;5475369&quot;,
            &quot;version&quot;: &quot;::apt&quot;,
            &quot;url&quot;: &quot; &quot;
        }
    ]
}
20:40:51 INFO  Started operation: {'creationTime': '2022-05-10T20:40:51.510Z', 'deviceName': 'mythicd', 'deviceId': '18730396', 'self': 'https://t493319102.eu-latest.cumulocity.com/devicecontrol/operations/18751888', 'id': '18751888', 'status': 'PENDING', 'description': &quot;Apply software changes, triggered from PySys: [{'action': 'install', 'id': '5475369', 'name': 'asciijump', 'url': ' ', 'version': '::apt'}, {'action': 'install', 'id': '5474869', 'name': 'robotfindskitten', 'url': ' ', 'version': ' '}, {'action': 'install', 'id': '5475279', 'name': 'squirrel3', 'url': ' ', 'version': '3.1-7::apt'}, {'action': 'install', 'id': '5152439', 'name': 'rolldice', 'url': ' ', 'version': '1.16-1+b1'}, {'action': 'install', 'id': '5439204', 'name': 'moon-buggy', 'url': ' ', 'version': '1:1.0.51-12'}, {'action': 'install', 'id': '5475369', 'name': 'asciijump', 'url': ' ', 'version': '::apt'}]&quot;, 'c8y_SoftwareUpdate': [{'name': 'asciijump', 'action': 'install', 'id': '5475369', 'version': '::apt', 'url': ' '}, {'name': 'robotfindskitten', 'action': 'install', 'id': '5474869', 'version': ' ', 'url': ' '}, {'name': 'squirrel3', 'action': 'install', 'id': '5475279', 'version': '3.1-7::apt', 'url': ' '}, {'name': 'rolldice', 'action': 'install', 'id': '5152439', 'version': '1.16-1+b1', 'url': ' '}, {'name': 'moon-buggy', 'action': 'install', 'id': '5439204', 'version': '1:1.0.51-12', 'url': ' '}, {'name': 'asciijump', 'action': 'install', 'id': '5475369', 'version': '::apt', 'url': ' '}]}
20:40:53 INFO  State of operation 18751888 : PENDING
20:40:56 INFO  State of operation 18751888 : EXECUTING
20:40:58 INFO  State of operation 18751888 : EXECUTING
20:41:00 INFO  State of operation 18751888 : EXECUTING
20:41:02 INFO  State of operation 18751888 : EXECUTING
20:41:04 INFO  State of operation 18751888 : EXECUTING
20:41:07 INFO  State of operation 18751888 : EXECUTING
20:41:09 INFO  State of operation 18751888 : EXECUTING
20:41:12 INFO  State of operation 18751888 : EXECUTING
20:41:14 INFO  State of operation 18751888 : EXECUTING
20:41:17 INFO  State of operation 18751888 : EXECUTING
20:41:19 INFO  State of operation 18751888 : EXECUTING
20:41:21 INFO  State of operation 18751888 : EXECUTING
20:41:23 INFO  State of operation 18751888 : EXECUTING
20:41:26 INFO  State of operation 18751888 : EXECUTING
20:41:28 INFO  State of operation 18751888 : EXECUTING
20:41:30 INFO  State of operation 18751888 : EXECUTING
20:41:32 INFO  State of operation 18751888 : EXECUTING
20:41:35 INFO  State of operation 18751888 : EXECUTING
20:41:38 INFO  State of operation 18751888 : EXECUTING
20:41:40 INFO  State of operation 18751888 : EXECUTING
20:41:42 INFO  State of operation 18751888 : EXECUTING
20:41:45 INFO  State of operation 18751888 : EXECUTING
20:41:47 INFO  State of operation 18751888 : EXECUTING
20:41:49 INFO  State of operation 18751888 : EXECUTING
20:41:51 INFO  State of operation 18751888 : EXECUTING
20:41:54 INFO  State of operation 18751888 : EXECUTING
20:41:56 INFO  State of operation 18751888 : EXECUTING
20:41:59 INFO  State of operation 18751888 : EXECUTING
20:42:01 INFO  State of operation 18751888 : EXECUTING
20:42:04 INFO  State of operation 18751888 : EXECUTING
20:42:06 INFO  State of operation 18751888 : EXECUTING
20:42:08 INFO  State of operation 18751888 : EXECUTING
20:42:10 INFO  State of operation 18751888 : EXECUTING
20:42:13 INFO  State of operation 18751888 : EXECUTING
20:42:15 INFO  State of operation 18751888 : EXECUTING
20:42:17 INFO  State of operation 18751888 : EXECUTING
20:42:19 INFO  State of operation 18751888 : EXECUTING
20:42:22 INFO  State of operation 18751888 : EXECUTING
20:42:24 INFO  State of operation 18751888 : EXECUTING
20:42:27 INFO  State of operation 18751888 : EXECUTING
20:42:29 INFO  State of operation 18751888 : EXECUTING
20:42:32 INFO  State of operation 18751888 : EXECUTING
20:42:34 INFO  State of operation 18751888 : EXECUTING
20:42:36 INFO  State of operation 18751888 : EXECUTING
20:42:38 INFO  State of operation 18751888 : EXECUTING
20:42:41 INFO  State of operation 18751888 : EXECUTING
20:42:43 INFO  State of operation 18751888 : EXECUTING
20:42:45 INFO  State of operation 18751888 : EXECUTING
20:42:48 INFO  State of operation 18751888 : EXECUTING
20:42:51 INFO  State of operation 18751888 : EXECUTING
20:42:54 INFO  State of operation 18751888 : EXECUTING
20:42:56 INFO  State of operation 18751888 : EXECUTING
20:42:58 INFO  State of operation 18751888 : EXECUTING
20:43:01 INFO  State of operation 18751888 : EXECUTING
20:43:03 INFO  State of operation 18751888 : EXECUTING
20:43:05 INFO  State of operation 18751888 : EXECUTING
20:43:08 INFO  State of operation 18751888 : EXECUTING
20:43:10 INFO  State of operation 18751888 : EXECUTING
20:43:12 INFO  State of operation 18751888 : EXECUTING
20:43:15 INFO  State of operation 18751888 : EXECUTING
20:43:17 WARN  SystemError occurred while running test - Timeout while waiting for status SUCCESSFUL or False
Traceback (most recent call last):
  File &quot;/home/pi/env-pysys/lib/python3.7/site-packages/pysys/baserunner.py&quot;, line 1294, in __call__
    self.testObj.execute()
  File &quot;/home/pi/actions-runner/_work/thin-edge.io/thin-edge.io/tests/PySys/software_management_end_to_end/sm_apt_install_remove_multiple_mixed/run.py&quot;, line 89, in execute
    self.wait_until_succcess()
  File &quot;/home/pi/actions-runner/_work/thin-edge.io/thin-edge.io/tests/PySys/software_management_end_to_end/environment_sm_management.py&quot;, line 324, in wait_until_succcess
    self.wait_until_status(&quot;SUCCESSFUL&quot;)
  File &quot;/home/pi/actions-runner/_work/thin-edge.io/thin-edge.io/tests/PySys/software_management_end_to_end/environment_sm_management.py&quot;, line 381, in wait_until_status
    &quot;Timeout while waiting for status %s or %s&quot; % (status, status2)
SystemError: Timeout while waiting for status SUCCESSFUL or False
20:43:17 WARN  SystemError: Timeout while waiting for status SUCCESSFUL or False ... blocked 
20:43:17 INFO  
20:43:17 INFO  cleanup:
20:43:23 INFO  Executed sudo&lt;tedge_disconnect_c8y&gt;, exit status 0
20:43:24 INFO  Executed systemctl&lt;serv_mapper5&gt;, exit status 3
20:43:24 INFO  
20:43:24 INFO  Test duration: 180.10 secs
20:43:24 INFO  Test final outcome:  BLOCKED
20:43:24 INFO  Test outcome reason: SystemError: Timeout while waiting for status SUCCESSFUL or False (+1 other failures)
20:43:24 INFO  
</system-out>
	</testcase>
</testsuite>
