<?xml version="1.0" encoding="utf-8"?>
<testsuite failures="0" name="SoftwareManagement.sm_mapper_fail_and_reconnect" skipped="1" tests="1" time="0.03" timestamp="2022-04-21T09:46:53">
	<testcase classname="MapperC8yReceiveLastMessageOnRestart" name="SoftwareManagement.sm_mapper_fail_and_reconnect">
		<skipped message="SKIPPED: instable https://github.com/thin-edge/thin-edge.io/issues/752"/>
		<system-out>09:46:53 INFO  ==============================================================
09:46:53 INFO  Id:    SoftwareManagement.sm_mapper_fail_and_reconnect
09:46:53 INFO  Dir:   software_management_end_to_end/
09:46:53 INFO  Title: Validate the tedge-mapper-sm-c8y for receiving the last message on restart
09:46:53 INFO  ==============================================================
09:46:53 INFO  instable https://github.com/thin-edge/thin-edge.io/issues/752 ... skipped
09:46:53 INFO  
09:46:53 INFO  Test duration: 0.03 secs
09:46:53 INFO  Test final outcome:  SKIPPED
09:46:53 INFO  Test outcome reason: instable https://github.com/thin-edge/thin-edge.io/issues/752
09:46:53 INFO  
</system-out>
	</testcase>
</testsuite>
