<?xml version="1.0" encoding="utf-8"?>
<testsuite failures="1" name="docker_plugin_update" skipped="0" tests="1" time="38.59" timestamp="2022-05-11T12:29:09">
	<testcase classname="DockerPluginUpdateTest" name="docker_plugin_update">
		<failure message="BLOCKED: sudo&lt;plugin_install&gt; returned non-zero exit code 2 (+1 other failures)" type="BLOCKED"/>
		<system-out>12:28:31 INFO  ==============================================================
12:28:31 INFO  Id:    docker_plugin_update
12:28:31 INFO  Dir:   plugin_docker/
12:28:31 INFO  Title: Validate docker plugin install updates existing containers
12:28:31 INFO  ==============================================================
12:28:31 INFO  Executed sudo&lt;docker_images&gt;, exit status 0
12:28:31 INFO  Grep on file /home/pi/actions-runner/_work/thin-edge.io/thin-edge.io/tests/PySys/plugin_docker/docker_plugin_update/Output/linux/docker_images.out ... passed
12:28:55 INFO  Executed sudo&lt;docker_run&gt;, exit status 0, duration 23 secs
12:28:56 INFO  Executed sudo&lt;docker_ps&gt;, exit status 0
12:28:56 INFO  Grep on file /home/pi/actions-runner/_work/thin-edge.io/thin-edge.io/tests/PySys/plugin_docker/docker_plugin_update/Output/linux/docker_ps.out ... passed
12:29:02 WARN  Executed sudo&lt;plugin_install&gt;, exit status 2
12:29:02 WARN  sudo&lt;plugin_install&gt; returned non-zero exit code 2 ... blocked [environment_docker_plugin.py:136,environment_docker_plugin.py:144,run.py:30]
12:29:03 INFO  Executed sudo&lt;docker_ps_latest&gt;, exit status 0
12:29:04 INFO  Executed sudo&lt;docker_ps&gt;, exit status 0
12:29:04 INFO  Grep on file /home/pi/actions-runner/_work/thin-edge.io/thin-edge.io/tests/PySys/plugin_docker/docker_plugin_update/Output/linux/docker_ps.out ... passed
12:29:05 INFO  Executed sudo&lt;docker_ps&gt;, exit status 0
12:29:05 WARN  Grep on /home/pi/actions-runner/_work/thin-edge.io/thin-edge.io/tests/PySys/plugin_docker/docker_plugin_update/Output/linux/docker_ps.out contains &quot;registry:2.7.1&quot; ... failed [environment_docker_plugin.py:49,run.py:39]
12:29:05 INFO  
12:29:05 INFO  cleanup:
12:29:05 INFO  Removing containers scheduled to be cleaned up: ['3816e7466a8a', 'd22e8c9c3363', '79c823c6cc2256793275d8b821dd3d157bdc6d9e934289d89f8a02569c4782c6\n', '2067ff7b02840c7b50517d789980e6a3f349f4c212dc64741f83a9953297035b\n', '0c86378a10c3d1aebc5d75828e89ca59f6e7048dc87a56a6537eb712eb3ba1b4\n', '']
12:29:05 WARN  Executed sudo&lt;containers_for_cleanup&gt;, exit status 1
12:29:05 INFO  Removing images scheduled to be cleaned up: ['registry', 'registry', 'registry:2.7.1', 'registry', 'registry:2.7.1', 'registry:2.6.2', 'registry:2.7.1']
12:29:09 INFO  Executed sudo&lt;containers_for_cleanup&gt;, exit status 0
12:29:09 INFO  
12:29:09 INFO  Test duration: 38.59 secs
12:29:09 INFO  Test final outcome:  BLOCKED
12:29:09 INFO  Test outcome reason: sudo&lt;plugin_install&gt; returned non-zero exit code 2 (+1 other failures)
12:29:09 INFO  
</system-out>
	</testcase>
</testsuite>
