<?xml version="1.0" encoding="utf-8"?>
<testsuite failures="1" name="SoftwareManagement.sm_docker_install_remove_multiple" skipped="0" tests="1" time="146.62" timestamp="2022-04-21T09:18:55">
	<testcase classname="SMDockerInstallRemove" name="SoftwareManagement.sm_docker_install_remove_multiple">
		<failure message="FAILED: Assert that (False == value) with value=True" type="FAILED"/>
		<system-out>09:16:28 INFO  ==============================================================
09:16:28 INFO  Id:    SoftwareManagement.sm_docker_install_remove_multiple
09:16:28 INFO  Dir:   software_management_end_to_end/
09:16:28 INFO  Title: Validate end to end behaviour for the docker plugin for multiple docker images with mixed versions
09:16:28 INFO  ==============================================================
09:16:29 INFO  Using sw id database: {'asciijump': '5475369', 'robotfindskitten': '5474869', 'squirrel3': '5475279', 'rolldice': '5152439', 'moon-buggy': '5439204', 'apple': '5495053', 'banana': '5494888', 'cherry': '5495382', 'watermelon': '5494510', 'registry': '8018911', 'hello-world': '8021526', 'docker/getting-started': '8021973', 'alpine': '7991792'}
09:16:29 INFO  EnvironmentC8y Setup
09:16:30 INFO  Executed systemctl&lt;serv_mapper1&gt;, exit status 3
09:16:45 INFO  Executed sudo&lt;tedge_connect_c8y&gt;, exit status 0, duration 15 secs
09:16:46 INFO  Executed sudo&lt;tedge_connect_c8y_test&gt;, exit status 0
09:16:46 INFO  Executed systemctl&lt;serv_mosq2&gt;, exit status 0
09:16:47 INFO  Executed systemctl&lt;serv_mapper3&gt;, exit status 0
09:16:49 INFO  State of current operation: SUCCESSFUL
09:16:49 INFO  Response status: 201
09:16:49 INFO  Response to action: {
    &quot;creationTime&quot;: &quot;2022-04-21T09:16:49.618Z&quot;,
    &quot;deviceName&quot;: &quot;mythicb&quot;,
    &quot;deviceId&quot;: &quot;17501602&quot;,
    &quot;self&quot;: &quot;https://t493319102.eu-latest.cumulocity.com/devicecontrol/operations/17537553&quot;,
    &quot;id&quot;: &quot;17537553&quot;,
    &quot;status&quot;: &quot;PENDING&quot;,
    &quot;description&quot;: &quot;Apply software changes, triggered from PySys: [{'action': 'install', 'id': '8021526', 'name': 'hello-world', 'url': '', 'version': '::docker'}, {'action': 'install', 'id': '8018911', 'name': 'registry', 'url': '', 'version': '2.6.2::docker'}]&quot;,
    &quot;c8y_SoftwareUpdate&quot;: [
        {
            &quot;name&quot;: &quot;hello-world&quot;,
            &quot;action&quot;: &quot;install&quot;,
            &quot;id&quot;: &quot;8021526&quot;,
            &quot;version&quot;: &quot;::docker&quot;,
            &quot;url&quot;: &quot;&quot;
        },
        {
            &quot;name&quot;: &quot;registry&quot;,
            &quot;action&quot;: &quot;install&quot;,
            &quot;id&quot;: &quot;8018911&quot;,
            &quot;version&quot;: &quot;2.6.2::docker&quot;,
            &quot;url&quot;: &quot;&quot;
        }
    ]
}
09:16:49 INFO  Started operation: {'creationTime': '2022-04-21T09:16:49.618Z', 'deviceName': 'mythicb', 'deviceId': '17501602', 'self': 'https://t493319102.eu-latest.cumulocity.com/devicecontrol/operations/17537553', 'id': '17537553', 'status': 'PENDING', 'description': &quot;Apply software changes, triggered from PySys: [{'action': 'install', 'id': '8021526', 'name': 'hello-world', 'url': '', 'version': '::docker'}, {'action': 'install', 'id': '8018911', 'name': 'registry', 'url': '', 'version': '2.6.2::docker'}]&quot;, 'c8y_SoftwareUpdate': [{'name': 'hello-world', 'action': 'install', 'id': '8021526', 'version': '::docker', 'url': ''}, {'name': 'registry', 'action': 'install', 'id': '8018911', 'version': '2.6.2::docker', 'url': ''}]}
09:16:52 INFO  State of operation 17537553 : PENDING
09:16:54 INFO  State of operation 17537553 : EXECUTING
09:16:56 INFO  State of operation 17537553 : EXECUTING
09:16:58 INFO  State of operation 17537553 : EXECUTING
09:17:01 INFO  State of operation 17537553 : EXECUTING
09:17:03 INFO  State of operation 17537553 : EXECUTING
09:17:05 INFO  State of operation 17537553 : EXECUTING
09:17:08 INFO  State of operation 17537553 : EXECUTING
09:17:10 INFO  State of operation 17537553 : EXECUTING
09:17:12 INFO  State of operation 17537553 : EXECUTING
09:17:15 INFO  State of operation 17537553 : EXECUTING
09:17:17 INFO  State of operation 17537553 : EXECUTING
09:17:19 INFO  State of operation 17537553 : EXECUTING
09:17:21 INFO  State of operation 17537553 : EXECUTING
09:17:24 INFO  State of operation 17537553 : SUCCESSFUL
09:17:25 INFO  Package hello-world is installed
09:17:25 INFO  Package hello-world is installed
09:17:25 INFO  Assert that (True == value) with value=True ... passed
09:17:25 INFO  Package registry is installed
09:17:25 INFO  Assert that (True == value) with value=True ... passed
09:17:26 INFO  Package alpine is installed
09:17:26 WARN  Assert that (False == value) with value=True ... failed 
09:17:26 INFO  Response status: 201
09:17:26 INFO  Response to action: {
    &quot;creationTime&quot;: &quot;2022-04-21T09:17:26.598Z&quot;,
    &quot;deviceName&quot;: &quot;mythicb&quot;,
    &quot;deviceId&quot;: &quot;17501602&quot;,
    &quot;self&quot;: &quot;https://t493319102.eu-latest.cumulocity.com/devicecontrol/operations/17537555&quot;,
    &quot;id&quot;: &quot;17537555&quot;,
    &quot;status&quot;: &quot;PENDING&quot;,
    &quot;description&quot;: &quot;Apply software changes, triggered from PySys: [{'action': 'install', 'id': '8018911', 'name': 'registry', 'url': '', 'version': '2.7.1::docker'}, {'action': 'install', 'id': '7991792', 'name': 'alpine', 'url': '', 'version': '::docker'}]&quot;,
    &quot;c8y_SoftwareUpdate&quot;: [
        {
            &quot;name&quot;: &quot;registry&quot;,
            &quot;action&quot;: &quot;install&quot;,
            &quot;id&quot;: &quot;8018911&quot;,
            &quot;version&quot;: &quot;2.7.1::docker&quot;,
            &quot;url&quot;: &quot;&quot;
        },
        {
            &quot;name&quot;: &quot;alpine&quot;,
            &quot;action&quot;: &quot;install&quot;,
            &quot;id&quot;: &quot;7991792&quot;,
            &quot;version&quot;: &quot;::docker&quot;,
            &quot;url&quot;: &quot;&quot;
        }
    ]
}
09:17:26 INFO  Started operation: {'creationTime': '2022-04-21T09:17:26.598Z', 'deviceName': 'mythicb', 'deviceId': '17501602', 'self': 'https://t493319102.eu-latest.cumulocity.com/devicecontrol/operations/17537555', 'id': '17537555', 'status': 'PENDING', 'description': &quot;Apply software changes, triggered from PySys: [{'action': 'install', 'id': '8018911', 'name': 'registry', 'url': '', 'version': '2.7.1::docker'}, {'action': 'install', 'id': '7991792', 'name': 'alpine', 'url': '', 'version': '::docker'}]&quot;, 'c8y_SoftwareUpdate': [{'name': 'registry', 'action': 'install', 'id': '8018911', 'version': '2.7.1::docker', 'url': ''}, {'name': 'alpine', 'action': 'install', 'id': '7991792', 'version': '::docker', 'url': ''}]}
09:17:28 INFO  State of operation 17537555 : PENDING
09:17:31 INFO  State of operation 17537555 : EXECUTING
09:17:33 INFO  State of operation 17537555 : EXECUTING
09:17:35 INFO  State of operation 17537555 : EXECUTING
09:17:37 INFO  State of operation 17537555 : EXECUTING
09:17:40 INFO  State of operation 17537555 : EXECUTING
09:17:42 INFO  State of operation 17537555 : EXECUTING
09:17:44 INFO  State of operation 17537555 : EXECUTING
09:17:47 INFO  State of operation 17537555 : EXECUTING
09:17:49 INFO  State of operation 17537555 : EXECUTING
09:17:52 INFO  State of operation 17537555 : EXECUTING
09:17:54 INFO  State of operation 17537555 : EXECUTING
09:17:56 INFO  State of operation 17537555 : EXECUTING
09:17:59 INFO  State of operation 17537555 : EXECUTING
09:18:01 INFO  State of operation 17537555 : EXECUTING
09:18:03 INFO  State of operation 17537555 : EXECUTING
09:18:05 INFO  State of operation 17537555 : EXECUTING
09:18:08 INFO  State of operation 17537555 : EXECUTING
09:18:10 INFO  State of operation 17537555 : EXECUTING
09:18:12 INFO  State of operation 17537555 : EXECUTING
09:18:14 INFO  State of operation 17537555 : SUCCESSFUL
09:18:16 INFO  Package hello-world is installed
09:18:16 INFO  Package hello-world is installed
09:18:16 INFO  Assert that (True == value) with value=True ... passed
09:18:16 INFO  Package registry is installed
09:18:16 INFO  Assert that (True == value) with value=True ... passed
09:18:16 INFO  Package alpine is installed
09:18:16 INFO  Assert that (True == value) with value=True ... passed
09:18:16 INFO  
09:18:16 INFO  cleanup:
09:18:17 INFO  Response status: 201
09:18:17 INFO  Response to action: {
    &quot;creationTime&quot;: &quot;2022-04-21T09:18:16.969Z&quot;,
    &quot;deviceName&quot;: &quot;mythicb&quot;,
    &quot;deviceId&quot;: &quot;17501602&quot;,
    &quot;self&quot;: &quot;https://t493319102.eu-latest.cumulocity.com/devicecontrol/operations/17537557&quot;,
    &quot;id&quot;: &quot;17537557&quot;,
    &quot;status&quot;: &quot;PENDING&quot;,
    &quot;description&quot;: &quot;Apply software changes, triggered from PySys: [{'action': 'delete', 'id': '8018911', 'name': 'registry', 'url': '', 'version': '2.7.1::docker'}, {'action': 'delete', 'id': '7991792', 'name': 'alpine', 'url': '', 'version': '::docker'}, {'action': 'delete', 'id': '8021526', 'name': 'hello-world', 'url': '', 'version': '::docker'}]&quot;,
    &quot;c8y_SoftwareUpdate&quot;: [
        {
            &quot;name&quot;: &quot;registry&quot;,
            &quot;action&quot;: &quot;delete&quot;,
            &quot;id&quot;: &quot;8018911&quot;,
            &quot;version&quot;: &quot;2.7.1::docker&quot;,
            &quot;url&quot;: &quot;&quot;
        },
        {
            &quot;name&quot;: &quot;alpine&quot;,
            &quot;action&quot;: &quot;delete&quot;,
            &quot;id&quot;: &quot;7991792&quot;,
            &quot;version&quot;: &quot;::docker&quot;,
            &quot;url&quot;: &quot;&quot;
        },
        {
            &quot;name&quot;: &quot;hello-world&quot;,
            &quot;action&quot;: &quot;delete&quot;,
            &quot;id&quot;: &quot;8021526&quot;,
            &quot;version&quot;: &quot;::docker&quot;,
            &quot;url&quot;: &quot;&quot;
        }
    ]
}
09:18:17 INFO  Started operation: {'creationTime': '2022-04-21T09:18:16.969Z', 'deviceName': 'mythicb', 'deviceId': '17501602', 'self': 'https://t493319102.eu-latest.cumulocity.com/devicecontrol/operations/17537557', 'id': '17537557', 'status': 'PENDING', 'description': &quot;Apply software changes, triggered from PySys: [{'action': 'delete', 'id': '8018911', 'name': 'registry', 'url': '', 'version': '2.7.1::docker'}, {'action': 'delete', 'id': '7991792', 'name': 'alpine', 'url': '', 'version': '::docker'}, {'action': 'delete', 'id': '8021526', 'name': 'hello-world', 'url': '', 'version': '::docker'}]&quot;, 'c8y_SoftwareUpdate': [{'name': 'registry', 'action': 'delete', 'id': '8018911', 'version': '2.7.1::docker', 'url': ''}, {'name': 'alpine', 'action': 'delete', 'id': '7991792', 'version': '::docker', 'url': ''}, {'name': 'hello-world', 'action': 'delete', 'id': '8021526', 'version': '::docker', 'url': ''}]}
09:18:19 INFO  State of operation 17537557 : PENDING
09:18:21 INFO  State of operation 17537557 : EXECUTING
09:18:23 INFO  State of operation 17537557 : EXECUTING
09:18:26 INFO  State of operation 17537557 : EXECUTING
09:18:28 INFO  State of operation 17537557 : EXECUTING
09:18:30 INFO  State of operation 17537557 : EXECUTING
09:18:32 INFO  State of operation 17537557 : EXECUTING
09:18:34 INFO  State of operation 17537557 : EXECUTING
09:18:37 INFO  State of operation 17537557 : SUCCESSFUL
09:18:48 INFO  Assert that (False == value) with value=False ... passed
09:18:48 INFO  Assert that (False == value) with value=False ... passed
09:18:49 INFO  Assert that (False == value) with value=False ... passed
09:18:54 INFO  Executed sudo&lt;tedge_disconnect_c8y&gt;, exit status 0
09:18:55 INFO  Executed systemctl&lt;serv_mapper5&gt;, exit status 3
09:18:55 INFO  
09:18:55 INFO  Test duration: 146.62 secs
09:18:55 INFO  Test final outcome:  FAILED
09:18:55 INFO  Test outcome reason: Assert that (False == value) with value=True
09:18:55 INFO  
</system-out>
	</testcase>
</testsuite>
