<?xml version="1.0" encoding="utf-8"?>
<testsuite failures="0" name="docker_plugin_update" skipped="0" tests="1" time="65.44" timestamp="2022-05-30T10:05:06">
	<testcase classname="DockerPluginUpdateTest" name="docker_plugin_update"/>
</testsuite>
