<?xml version="1.0" encoding="utf-8"?>
<testsuite failures="1" name="docker_plugin_finalize" skipped="0" tests="1" time="2.04" timestamp="2022-04-21T09:16:23">
	<testcase classname="DockerPluginFinalizeTest" name="docker_plugin_finalize">
		<failure message="FAILED: Grep on /home/pi/actions-runner/_work/thin-edge.io/thin-edge.io/tests/PySys/plugin_docker/docker_plugin_finalize/Output/linux/docker_images.out does not contain &quot;registry&quot; failed with 2 matches, first is: &quot;registry            2.7.1               e8a56425636e        5 months ago        22.2MB&quot;" type="FAILED"/>
		<system-out>09:16:21 INFO  ==============================================================
09:16:21 INFO  Id:    docker_plugin_finalize
09:16:21 INFO  Dir:   plugin_docker/
09:16:21 INFO  Title: Validate docker plugin finalize command
09:16:21 INFO  ==============================================================
09:16:23 INFO  Executed sudo&lt;docker_images&gt;, exit status 0
09:16:23 WARN  Grep on /home/pi/actions-runner/_work/thin-edge.io/thin-edge.io/tests/PySys/plugin_docker/docker_plugin_finalize/Output/linux/docker_images.out does not contain &quot;registry&quot; failed with 2 matches, first is: &quot;registry            2.7.1               e8a56425636e        5 months ago        22.2MB&quot; ... failed 
09:16:23 WARN  Aborted test due to FAILED outcome
09:16:23 INFO  
09:16:23 INFO  cleanup:
09:16:23 INFO  
09:16:23 INFO  Test duration: 2.04 secs
09:16:23 INFO  Test final outcome:  FAILED
09:16:23 INFO  Test outcome reason: Grep on /home/pi/actions-runner/_work/thin-edge.io/thin-edge.io/tests/PySys/plugin_docker/docker_plugin_finalize/Output/linux/docker_images.out does not contain &quot;registry&quot; failed with 2 matches, first is: &quot;registry            2.7.1               e8a56425636e        5 months ago        22.2MB&quot;
09:16:23 INFO  
</system-out>
	</testcase>
</testsuite>
