<?xml version="1.0" encoding="utf-8"?>
<testsuite failures="1" name="SoftwareManagement.sm_docker_install_remove_multiple" skipped="0" tests="1" time="161.23" timestamp="2022-04-19T14:22:57">
	<testcase classname="SMDockerInstallRemove" name="SoftwareManagement.sm_docker_install_remove_multiple">
		<failure message="BLOCKED: SystemError: Timeout while waiting for status FAILED or SUCCESSFUL" type="BLOCKED"/>
		<system-out>14:20:16 INFO  ==============================================================
14:20:16 INFO  Id:    SoftwareManagement.sm_docker_install_remove_multiple
14:20:16 INFO  Dir:   software_management_end_to_end/
14:20:16 INFO  Title: Validate end to end behaviour for the docker plugin for multiple docker images with mixed versions
14:20:16 INFO  ==============================================================
14:20:17 INFO  Using sw id database: {'asciijump': '5475369', 'robotfindskitten': '5474869', 'squirrel3': '5475279', 'rolldice': '5152439', 'moon-buggy': '5439204', 'apple': '5495053', 'banana': '5494888', 'cherry': '5495382', 'watermelon': '5494510', 'registry': '8018911', 'hello-world': '8021526', 'docker/getting-started': '8021973', 'alpine': '7991792'}
14:20:17 INFO  EnvironmentC8y Setup
14:20:18 INFO  Executed systemctl&lt;serv_mapper1&gt;, exit status 3
14:20:32 INFO  Executed sudo&lt;tedge_connect_c8y&gt;, exit status 0, duration 14 secs
14:20:33 INFO  Executed sudo&lt;tedge_connect_c8y_test&gt;, exit status 0
14:20:33 INFO  Executed systemctl&lt;serv_mosq2&gt;, exit status 0
14:20:34 INFO  Executed systemctl&lt;serv_mapper3&gt;, exit status 0
14:20:36 INFO  State of current operation: PENDING
14:20:38 INFO  State of current operation: PENDING
14:20:41 INFO  State of current operation: PENDING
14:20:43 INFO  State of current operation: PENDING
14:20:45 INFO  State of current operation: PENDING
14:20:47 INFO  State of current operation: PENDING
14:20:49 INFO  State of current operation: PENDING
14:20:52 INFO  State of current operation: PENDING
14:20:54 INFO  State of current operation: PENDING
14:20:56 INFO  State of current operation: PENDING
14:20:58 INFO  State of current operation: PENDING
14:21:01 INFO  State of current operation: PENDING
14:21:03 INFO  State of current operation: PENDING
14:21:05 INFO  State of current operation: PENDING
14:21:07 INFO  State of current operation: PENDING
14:21:09 INFO  State of current operation: PENDING
14:21:12 INFO  State of current operation: PENDING
14:21:14 INFO  State of current operation: PENDING
14:21:16 INFO  State of current operation: PENDING
14:21:18 INFO  State of current operation: PENDING
14:21:21 INFO  State of current operation: PENDING
14:21:23 INFO  State of current operation: PENDING
14:21:25 INFO  State of current operation: PENDING
14:21:27 INFO  State of current operation: PENDING
14:21:30 INFO  State of current operation: PENDING
14:21:32 INFO  State of current operation: PENDING
14:21:34 INFO  State of current operation: PENDING
14:21:36 INFO  State of current operation: PENDING
14:21:38 INFO  State of current operation: PENDING
14:21:41 INFO  State of current operation: PENDING
14:21:43 INFO  State of current operation: PENDING
14:21:45 INFO  State of current operation: PENDING
14:21:47 INFO  State of current operation: PENDING
14:21:50 INFO  State of current operation: PENDING
14:21:52 INFO  State of current operation: PENDING
14:21:54 INFO  State of current operation: PENDING
14:21:56 INFO  State of current operation: PENDING
14:21:59 INFO  State of current operation: PENDING
14:22:01 INFO  State of current operation: PENDING
14:22:03 INFO  State of current operation: PENDING
14:22:06 INFO  State of current operation: PENDING
14:22:08 INFO  State of current operation: PENDING
14:22:10 INFO  State of current operation: PENDING
14:22:12 INFO  State of current operation: PENDING
14:22:15 INFO  State of current operation: PENDING
14:22:17 INFO  State of current operation: PENDING
14:22:19 INFO  State of current operation: PENDING
14:22:21 INFO  State of current operation: PENDING
14:22:23 INFO  State of current operation: PENDING
14:22:26 INFO  State of current operation: PENDING
14:22:28 INFO  State of current operation: PENDING
14:22:30 INFO  State of current operation: PENDING
14:22:32 INFO  State of current operation: PENDING
14:22:35 INFO  State of current operation: PENDING
14:22:37 INFO  State of current operation: PENDING
14:22:39 INFO  State of current operation: PENDING
14:22:41 INFO  State of current operation: PENDING
14:22:44 INFO  State of current operation: PENDING
14:22:46 INFO  State of current operation: PENDING
14:22:48 INFO  State of current operation: PENDING
14:22:50 INFO  State of current operation: PENDING
14:22:52 WARN  SystemError occurred while running test - Timeout while waiting for status FAILED or SUCCESSFUL
Traceback (most recent call last):
  File &quot;/home/pi/env-pysys/lib/python3.7/site-packages/pysys/baserunner.py&quot;, line 1292, in __call__
    self.testObj.setup()
  File &quot;/home/pi/actions-runner/_work/thin-edge.io/thin-edge.io/tests/PySys/software_management_end_to_end/sm_docker_install_remove_multiple/run.py&quot;, line 29, in setup
    super().setup()
  File &quot;/home/pi/actions-runner/_work/thin-edge.io/thin-edge.io/tests/PySys/software_management_end_to_end/environment_sm_management.py&quot;, line 151, in setup
    self.wait_until_end()
  File &quot;/home/pi/actions-runner/_work/thin-edge.io/thin-edge.io/tests/PySys/software_management_end_to_end/environment_sm_management.py&quot;, line 332, in wait_until_end
    self.wait_until_status(&quot;FAILED&quot;, &quot;SUCCESSFUL&quot;)
  File &quot;/home/pi/actions-runner/_work/thin-edge.io/thin-edge.io/tests/PySys/software_management_end_to_end/environment_sm_management.py&quot;, line 381, in wait_until_status
    &quot;Timeout while waiting for status %s or %s&quot; % (status, status2)
SystemError: Timeout while waiting for status FAILED or SUCCESSFUL
14:22:52 WARN  SystemError: Timeout while waiting for status FAILED or SUCCESSFUL ... blocked 
14:22:52 INFO  
14:22:52 INFO  cleanup:
14:22:56 INFO  Executed sudo&lt;tedge_disconnect_c8y&gt;, exit status 0
14:22:57 INFO  Executed systemctl&lt;serv_mapper5&gt;, exit status 3
14:22:57 INFO  
14:22:57 INFO  Test duration: 161.23 secs
14:22:57 INFO  Test final outcome:  BLOCKED
14:22:57 INFO  Test outcome reason: SystemError: Timeout while waiting for status FAILED or SUCCESSFUL
14:22:57 INFO  
</system-out>
	</testcase>
</testsuite>
