<?xml version="1.0" encoding="utf-8"?>
<testsuite failures="0" name="docker_plugin_update" skipped="0" tests="1" time="64.43" timestamp="2022-05-10T20:25:34">
	<testcase classname="DockerPluginUpdateTest" name="docker_plugin_update"/>
</testsuite>
