<?xml version="1.0" encoding="utf-8"?>
<testsuite failures="1" name="SoftwareManagement.sm_docker_install_remove_multiple" skipped="0" tests="1" time="110.42" timestamp="2022-04-28T16:25:46">
	<testcase classname="SMDockerInstallRemove" name="SoftwareManagement.sm_docker_install_remove_multiple">
		<failure message="BLOCKED: SystemError: The operation has failed" type="BLOCKED"/>
		<system-out>16:23:55 INFO  ==============================================================
16:23:55 INFO  Id:    SoftwareManagement.sm_docker_install_remove_multiple
16:23:55 INFO  Dir:   software_management_end_to_end/
16:23:55 INFO  Title: Validate end to end behaviour for the docker plugin for multiple docker images with mixed versions
16:23:55 INFO  ==============================================================
16:23:57 INFO  Using sw id database: {'asciijump': '5475369', 'robotfindskitten': '5474869', 'squirrel3': '5475279', 'rolldice': '5152439', 'moon-buggy': '5439204', 'apple': '5495053', 'banana': '5494888', 'cherry': '5495382', 'watermelon': '5494510', 'registry': '8018911', 'hello-world': '8021526', 'docker/getting-started': '8021973', 'alpine': '7991792'}
16:23:57 INFO  EnvironmentC8y Setup
16:23:58 INFO  Executed systemctl&lt;serv_mapper1&gt;, exit status 3
16:24:14 INFO  Executed sudo&lt;tedge_connect_c8y&gt;, exit status 0, duration 15 secs
16:24:15 INFO  Executed sudo&lt;tedge_connect_c8y_test&gt;, exit status 0
16:24:16 INFO  Executed systemctl&lt;serv_mosq2&gt;, exit status 0
16:24:16 INFO  Executed systemctl&lt;serv_mapper3&gt;, exit status 0
16:24:18 INFO  State of current operation: SUCCESSFUL
16:24:18 INFO  Response status: 201
16:24:18 INFO  Response to action: {
    &quot;creationTime&quot;: &quot;2022-04-28T16:24:18.947Z&quot;,
    &quot;deviceName&quot;: &quot;mythicb&quot;,
    &quot;deviceId&quot;: &quot;17908757&quot;,
    &quot;self&quot;: &quot;https://t493319102.eu-latest.cumulocity.com/devicecontrol/operations/17923468&quot;,
    &quot;id&quot;: &quot;17923468&quot;,
    &quot;status&quot;: &quot;PENDING&quot;,
    &quot;description&quot;: &quot;Apply software changes, triggered from PySys: [{'action': 'install', 'id': '8021526', 'name': 'hello-world', 'url': '', 'version': '::docker'}, {'action': 'install', 'id': '8018911', 'name': 'registry', 'url': '', 'version': '2.6.2::docker'}]&quot;,
    &quot;c8y_SoftwareUpdate&quot;: [
        {
            &quot;name&quot;: &quot;hello-world&quot;,
            &quot;action&quot;: &quot;install&quot;,
            &quot;id&quot;: &quot;8021526&quot;,
            &quot;version&quot;: &quot;::docker&quot;,
            &quot;url&quot;: &quot;&quot;
        },
        {
            &quot;name&quot;: &quot;registry&quot;,
            &quot;action&quot;: &quot;install&quot;,
            &quot;id&quot;: &quot;8018911&quot;,
            &quot;version&quot;: &quot;2.6.2::docker&quot;,
            &quot;url&quot;: &quot;&quot;
        }
    ]
}
16:24:18 INFO  Started operation: {'creationTime': '2022-04-28T16:24:18.947Z', 'deviceName': 'mythicb', 'deviceId': '17908757', 'self': 'https://t493319102.eu-latest.cumulocity.com/devicecontrol/operations/17923468', 'id': '17923468', 'status': 'PENDING', 'description': &quot;Apply software changes, triggered from PySys: [{'action': 'install', 'id': '8021526', 'name': 'hello-world', 'url': '', 'version': '::docker'}, {'action': 'install', 'id': '8018911', 'name': 'registry', 'url': '', 'version': '2.6.2::docker'}]&quot;, 'c8y_SoftwareUpdate': [{'name': 'hello-world', 'action': 'install', 'id': '8021526', 'version': '::docker', 'url': ''}, {'name': 'registry', 'action': 'install', 'id': '8018911', 'version': '2.6.2::docker', 'url': ''}]}
16:24:21 INFO  State of operation 17923468 : PENDING
16:24:23 INFO  State of operation 17923468 : EXECUTING
16:24:25 INFO  State of operation 17923468 : EXECUTING
16:24:27 INFO  State of operation 17923468 : EXECUTING
16:24:30 INFO  State of operation 17923468 : EXECUTING
16:24:32 INFO  State of operation 17923468 : EXECUTING
16:24:34 INFO  State of operation 17923468 : EXECUTING
16:24:37 INFO  State of operation 17923468 : EXECUTING
16:24:39 INFO  State of operation 17923468 : EXECUTING
16:24:41 INFO  State of operation 17923468 : EXECUTING
16:24:43 INFO  State of operation 17923468 : EXECUTING
16:24:46 INFO  State of operation 17923468 : EXECUTING
16:24:48 INFO  State of operation 17923468 : EXECUTING
16:24:50 INFO  State of operation 17923468 : EXECUTING
16:24:53 INFO  State of operation 17923468 : EXECUTING
16:24:55 INFO  State of operation 17923468 : EXECUTING
16:24:57 INFO  State of operation 17923468 : SUCCESSFUL
16:24:58 INFO  Package hello-world is installed
16:24:59 INFO  Package hello-world is installed
16:24:59 INFO  Assert that (True == value) with value=True ... passed
16:24:59 INFO  Package registry is installed
16:24:59 INFO  Assert that (True == value) with value=True ... passed
16:24:59 INFO  Assert that (False == value) with value=False ... passed
16:24:59 INFO  Response status: 201
16:24:59 INFO  Response to action: {
    &quot;creationTime&quot;: &quot;2022-04-28T16:24:59.777Z&quot;,
    &quot;deviceName&quot;: &quot;mythicb&quot;,
    &quot;deviceId&quot;: &quot;17908757&quot;,
    &quot;self&quot;: &quot;https://t493319102.eu-latest.cumulocity.com/devicecontrol/operations/17923476&quot;,
    &quot;id&quot;: &quot;17923476&quot;,
    &quot;status&quot;: &quot;PENDING&quot;,
    &quot;description&quot;: &quot;Apply software changes, triggered from PySys: [{'action': 'install', 'id': '8018911', 'name': 'registry', 'url': '', 'version': '2.7.1::docker'}, {'action': 'install', 'id': '7991792', 'name': 'alpine', 'url': '', 'version': '::docker'}]&quot;,
    &quot;c8y_SoftwareUpdate&quot;: [
        {
            &quot;name&quot;: &quot;registry&quot;,
            &quot;action&quot;: &quot;install&quot;,
            &quot;id&quot;: &quot;8018911&quot;,
            &quot;version&quot;: &quot;2.7.1::docker&quot;,
            &quot;url&quot;: &quot;&quot;
        },
        {
            &quot;name&quot;: &quot;alpine&quot;,
            &quot;action&quot;: &quot;install&quot;,
            &quot;id&quot;: &quot;7991792&quot;,
            &quot;version&quot;: &quot;::docker&quot;,
            &quot;url&quot;: &quot;&quot;
        }
    ]
}
16:24:59 INFO  Started operation: {'creationTime': '2022-04-28T16:24:59.777Z', 'deviceName': 'mythicb', 'deviceId': '17908757', 'self': 'https://t493319102.eu-latest.cumulocity.com/devicecontrol/operations/17923476', 'id': '17923476', 'status': 'PENDING', 'description': &quot;Apply software changes, triggered from PySys: [{'action': 'install', 'id': '8018911', 'name': 'registry', 'url': '', 'version': '2.7.1::docker'}, {'action': 'install', 'id': '7991792', 'name': 'alpine', 'url': '', 'version': '::docker'}]&quot;, 'c8y_SoftwareUpdate': [{'name': 'registry', 'action': 'install', 'id': '8018911', 'version': '2.7.1::docker', 'url': ''}, {'name': 'alpine', 'action': 'install', 'id': '7991792', 'version': '::docker', 'url': ''}]}
16:25:02 INFO  State of operation 17923476 : PENDING
16:25:04 INFO  State of operation 17923476 : EXECUTING
16:25:06 INFO  State of operation 17923476 : EXECUTING
16:25:08 INFO  State of operation 17923476 : EXECUTING
16:25:10 INFO  State of operation 17923476 : EXECUTING
16:25:13 INFO  State of operation 17923476 : EXECUTING
16:25:15 INFO  State of operation 17923476 : EXECUTING
16:25:17 INFO  State of operation 17923476 : FAILED
16:25:17 ERROR Stopping as the operation has failed
16:25:17 WARN  SystemError occurred while running test - The operation has failed
Traceback (most recent call last):
  File &quot;/home/pi/env-pysys/lib/python3.7/site-packages/pysys/baserunner.py&quot;, line 1294, in __call__
    self.testObj.execute()
  File &quot;/home/pi/actions-runner/_work/thin-edge.io/thin-edge.io/tests/PySys/software_management_end_to_end/sm_docker_install_remove_multiple/run.py&quot;, line 91, in execute
    self.wait_until_succcess()
  File &quot;/home/pi/actions-runner/_work/thin-edge.io/thin-edge.io/tests/PySys/software_management_end_to_end/environment_sm_management.py&quot;, line 324, in wait_until_succcess
    self.wait_until_status(&quot;SUCCESSFUL&quot;)
  File &quot;/home/pi/actions-runner/_work/thin-edge.io/thin-edge.io/tests/PySys/software_management_end_to_end/environment_sm_management.py&quot;, line 361, in wait_until_status
    raise SystemError(&quot;The operation has failed&quot;)
SystemError: The operation has failed
16:25:18 WARN  SystemError: The operation has failed ... blocked 
16:25:18 INFO  
16:25:18 INFO  cleanup:
16:25:18 INFO  Response status: 201
16:25:18 INFO  Response to action: {
    &quot;creationTime&quot;: &quot;2022-04-28T16:25:18.452Z&quot;,
    &quot;deviceName&quot;: &quot;mythicb&quot;,
    &quot;deviceId&quot;: &quot;17908757&quot;,
    &quot;self&quot;: &quot;https://t493319102.eu-latest.cumulocity.com/devicecontrol/operations/17923478&quot;,
    &quot;id&quot;: &quot;17923478&quot;,
    &quot;status&quot;: &quot;PENDING&quot;,
    &quot;description&quot;: &quot;Apply software changes, triggered from PySys: [{'action': 'delete', 'id': '8018911', 'name': 'registry', 'url': '', 'version': '2.7.1::docker'}, {'action': 'delete', 'id': '7991792', 'name': 'alpine', 'url': '', 'version': '::docker'}, {'action': 'delete', 'id': '8021526', 'name': 'hello-world', 'url': '', 'version': '::docker'}]&quot;,
    &quot;c8y_SoftwareUpdate&quot;: [
        {
            &quot;name&quot;: &quot;registry&quot;,
            &quot;action&quot;: &quot;delete&quot;,
            &quot;id&quot;: &quot;8018911&quot;,
            &quot;version&quot;: &quot;2.7.1::docker&quot;,
            &quot;url&quot;: &quot;&quot;
        },
        {
            &quot;name&quot;: &quot;alpine&quot;,
            &quot;action&quot;: &quot;delete&quot;,
            &quot;id&quot;: &quot;7991792&quot;,
            &quot;version&quot;: &quot;::docker&quot;,
            &quot;url&quot;: &quot;&quot;
        },
        {
            &quot;name&quot;: &quot;hello-world&quot;,
            &quot;action&quot;: &quot;delete&quot;,
            &quot;id&quot;: &quot;8021526&quot;,
            &quot;version&quot;: &quot;::docker&quot;,
            &quot;url&quot;: &quot;&quot;
        }
    ]
}
16:25:18 INFO  Started operation: {'creationTime': '2022-04-28T16:25:18.452Z', 'deviceName': 'mythicb', 'deviceId': '17908757', 'self': 'https://t493319102.eu-latest.cumulocity.com/devicecontrol/operations/17923478', 'id': '17923478', 'status': 'PENDING', 'description': &quot;Apply software changes, triggered from PySys: [{'action': 'delete', 'id': '8018911', 'name': 'registry', 'url': '', 'version': '2.7.1::docker'}, {'action': 'delete', 'id': '7991792', 'name': 'alpine', 'url': '', 'version': '::docker'}, {'action': 'delete', 'id': '8021526', 'name': 'hello-world', 'url': '', 'version': '::docker'}]&quot;, 'c8y_SoftwareUpdate': [{'name': 'registry', 'action': 'delete', 'id': '8018911', 'version': '2.7.1::docker', 'url': ''}, {'name': 'alpine', 'action': 'delete', 'id': '7991792', 'version': '::docker', 'url': ''}, {'name': 'hello-world', 'action': 'delete', 'id': '8021526', 'version': '::docker', 'url': ''}]}
16:25:20 INFO  State of operation 17923478 : PENDING
16:25:22 INFO  State of operation 17923478 : EXECUTING
16:25:25 INFO  State of operation 17923478 : EXECUTING
16:25:27 INFO  State of operation 17923478 : EXECUTING
16:25:29 INFO  State of operation 17923478 : SUCCESSFUL
16:25:40 INFO  Assert that (False == value) with value=False ... passed
16:25:41 INFO  Assert that (False == value) with value=False ... passed
16:25:41 INFO  Assert that (False == value) with value=False ... passed
16:25:45 INFO  Executed sudo&lt;tedge_disconnect_c8y&gt;, exit status 0
16:25:46 INFO  Executed systemctl&lt;serv_mapper5&gt;, exit status 3
16:25:46 INFO  
16:25:46 INFO  Test duration: 110.42 secs
16:25:46 INFO  Test final outcome:  BLOCKED
16:25:46 INFO  Test outcome reason: SystemError: The operation has failed
16:25:46 INFO  
</system-out>
	</testcase>
</testsuite>
