<?xml version="1.0" encoding="utf-8"?>
<testsuite failures="0" name="SoftwareManagement.sm_apt_install_download_path" skipped="1" tests="1" time="0.05" timestamp="2022-03-28T17:59:47">
	<testcase classname="AptInstallWithDownloadPath" name="SoftwareManagement.sm_apt_install_download_path">
		<skipped message="SKIPPED: Testing the apt plugin is not supported on this platform.Use parameter -XmyPlatform='container' to enable it"/>
		<system-out>17:59:47 DEBUG deletedir failed to update permissions and delete /home/pi/actions-runner/_work/thin-edge.io/thin-edge.io/tests/PySys/software_management_end_to_end/sm_apt_install_download_path/Output/linux on this attempt: [Errno 2] No such file or directory: '/home/pi/actions-runner/_work/thin-edge.io/thin-edge.io/tests/PySys/software_management_end_to_end/sm_apt_install_download_path/Output/linux'
17:59:47 INFO  ==============================================================
17:59:47 INFO  Id:    SoftwareManagement.sm_apt_install_download_path
17:59:47 INFO  Dir:   software_management_end_to_end/
17:59:47 INFO  Title: Install package to directory specified in tedge config set tmp.path
17:59:47 DEBUG Execution order hint: 0.0
17:59:47 INFO  ==============================================================
17:59:47 INFO  Testing the apt plugin is not supported on this platform.Use parameter -XmyPlatform='container' to enable it ... skipped
17:59:47 WARN  Aborted test due to SKIPPED outcome
17:59:47 DEBUG --- test cleanup
17:59:47 DEBUG ProcessUser cleanup function done.
17:59:47 INFO  
17:59:47 INFO  Test duration: 0.05 secs
17:59:47 INFO  Test final outcome:  SKIPPED
17:59:47 INFO  Test outcome reason: Testing the apt plugin is not supported on this platform.Use parameter -XmyPlatform='container' to enable it
17:59:47 INFO  
</system-out>
	</testcase>
</testsuite>
