<?xml version="1.0" encoding="utf-8"?>
<testsuite failures="0" name="monitoring_with_simulated_messages" skipped="0" tests="1" time="3.19" timestamp="2022-03-03T11:00:22">
	<testcase classname="MonitoringWithSimulatedMessages" name="monitoring_with_simulated_messages"/>
</testsuite>
