<?xml version="1.0" encoding="utf-8"?>
<testsuite failures="0" name="tedge_agent_user_sudo_access" skipped="1" tests="1" time="0.01" timestamp="2022-03-22T13:56:50">
	<testcase classname="TedgeAgentUserSudoAccess" name="tedge_agent_user_sudo_access">
		<skipped message="SKIPPED: #955 Observation: Exit code of the apt plugin when called with no arguments"/>
		<system-out>13:56:50 DEBUG deletedir failed to update permissions and delete /home/pi/actions-runner/_work/thin-edge.io/thin-edge.io/tests/PySys/tedge/tedge_agent_user_sudo_access/Output/linux on this attempt: [Errno 2] No such file or directory: '/home/pi/actions-runner/_work/thin-edge.io/thin-edge.io/tests/PySys/tedge/tedge_agent_user_sudo_access/Output/linux'
13:56:50 INFO  ==============================================================
13:56:50 INFO  Id:    tedge_agent_user_sudo_access
13:56:50 INFO  Dir:   tedge/
13:56:50 INFO  Title: Validate tedge-agent user has a limited sudo right
13:56:50 DEBUG Execution order hint: 0.0
13:56:50 INFO  ==============================================================
13:56:50 INFO  #955 Observation: Exit code of the apt plugin when called with no arguments ... skipped
13:56:50 DEBUG --- test cleanup
13:56:50 DEBUG ProcessUser cleanup function done.
13:56:50 INFO  
13:56:50 INFO  Test duration: 0.01 secs
13:56:50 INFO  Test final outcome:  SKIPPED
13:56:50 INFO  Test outcome reason: #955 Observation: Exit code of the apt plugin when called with no arguments
13:56:50 INFO  
</system-out>
	</testcase>
</testsuite>
