<?xml version="1.0" encoding="utf-8"?>
<testsuite failures="0" name="pysys_fail" skipped="1" tests="1" time="0.01" timestamp="2022-03-22T13:45:55">
	<testcase classname="Fail" name="pysys_fail">
		<skipped message="SKIPPED: Enable this to observe a failing test"/>
		<system-out>13:45:55 DEBUG deletedir failed to update permissions and delete /home/pi/actions-runner/_work/thin-edge.io/thin-edge.io/tests/PySys/misc_features/pysys_fail/Output/linux on this attempt: [Errno 2] No such file or directory: '/home/pi/actions-runner/_work/thin-edge.io/thin-edge.io/tests/PySys/misc_features/pysys_fail/Output/linux'
13:45:55 INFO  ==============================================================
13:45:55 INFO  Id:    pysys_fail
13:45:55 INFO  Dir:   misc_features/
13:45:55 INFO  Title: fail
13:45:55 DEBUG Execution order hint: 0.0
13:45:55 INFO  ==============================================================
13:45:55 INFO  Enable this to observe a failing test ... skipped
13:45:55 DEBUG --- test cleanup
13:45:55 DEBUG ProcessUser cleanup function done.
13:45:55 INFO  
13:45:55 INFO  Test duration: 0.01 secs
13:45:55 INFO  Test final outcome:  SKIPPED
13:45:55 INFO  Test outcome reason: Enable this to observe a failing test
13:45:55 INFO  
</system-out>
	</testcase>
</testsuite>
