<?xml version="1.0" encoding="utf-8"?>
<testsuite failures="0" name="apt_install_fail" skipped="1" tests="1" time="0.02" timestamp="2022-03-28T17:49:54">
	<testcase classname="AptPluginInstallFail" name="apt_install_fail">
		<skipped message="SKIPPED: Testing the apt plugin is not supported on this platform.To run the tests call PySys with -XmyPlatform='container'"/>
		<system-out>17:49:54 DEBUG deletedir failed to update permissions and delete /home/pi/actions-runner/_work/thin-edge.io/thin-edge.io/tests/PySys/plugin_apt/apt_install_fail/Output/linux on this attempt: [Errno 2] No such file or directory: '/home/pi/actions-runner/_work/thin-edge.io/thin-edge.io/tests/PySys/plugin_apt/apt_install_fail/Output/linux'
17:49:54 INFO  ==============================================================
17:49:54 INFO  Id:    apt_install_fail
17:49:54 INFO  Dir:   plugin_apt/
17:49:54 INFO  Title: Validate apt plugin prepare - failing
17:49:54 DEBUG Execution order hint: 0.0
17:49:54 INFO  ==============================================================
17:49:54 INFO  Testing the apt plugin is not supported on this platform.To run the tests call PySys with -XmyPlatform='container' ... skipped
17:49:54 WARN  Aborted test due to SKIPPED outcome
17:49:54 DEBUG --- test cleanup
17:49:54 DEBUG ProcessUser cleanup function done.
17:49:54 INFO  
17:49:54 INFO  Test duration: 0.02 secs
17:49:54 INFO  Test final outcome:  SKIPPED
17:49:54 INFO  Test outcome reason: Testing the apt plugin is not supported on this platform.To run the tests call PySys with -XmyPlatform='container'
17:49:54 INFO  
</system-out>
	</testcase>
</testsuite>
