<?xml version="1.0" encoding="utf-8"?>
<testsuite failures="1" name="tedge_mapper_c8y_packet_threshold_size" skipped="0" tests="1" time="24.17" timestamp="2022-04-04T08:35:10">
	<testcase classname="TedgeMapperC8yThresholdPacketSize" name="tedge_mapper_c8y_packet_threshold_size">
		<failure message="FAILED: Grep on tedge_sub.out contains &quot;The size of the message received on tedge/measurements is 20489 which is greater than the threshold size of 16384&quot;" type="FAILED"/>
		<system-out>08:34:46 DEBUG deletedir failed to update permissions and delete /home/pi/actions-runner/_work/thin-edge.io/thin-edge.io/tests/PySys/tedge_mapper_c8y/tedge_mapper_c8y_packet_threshold_size/Output/linux on this attempt: [Errno 2] No such file or directory: '/home/pi/actions-runner/_work/thin-edge.io/thin-edge.io/tests/PySys/tedge_mapper_c8y/tedge_mapper_c8y_packet_threshold_size/Output/linux'
08:34:46 INFO  ==============================================================
08:34:46 INFO  Id:    tedge_mapper_c8y_packet_threshold_size
08:34:46 INFO  Dir:   tedge_mapper_c8y/
08:34:46 INFO  Title: Validate the Cumulocity Mapper accepted threshold packet size when it receives a message on tedge/measurements
08:34:46 DEBUG Execution order hint: 0.0
08:34:46 INFO  ==============================================================
08:34:46 DEBUG EnvironmentC8y Setup
08:34:46 INFO  EnvironmentC8y Setup
08:34:46 DEBUG Process parameters for systemctl&lt;serv_mapper1&gt;
  command line : /usr/bin/systemctl status tedge-mapper-c8y
    arg #1     : status
    arg #2     : tedge-mapper-c8y
  working dir  : /home/pi/actions-runner/_work/thin-edge.io/thin-edge.io/tests/PySys/tedge_mapper_c8y/tedge_mapper_c8y_packet_threshold_size/Output/linux
  stdout       : /home/pi/actions-runner/_work/thin-edge.io/thin-edge.io/tests/PySys/tedge_mapper_c8y/tedge_mapper_c8y_packet_threshold_size/Output/linux/serv_mapper1.out
  stderr       : /home/pi/actions-runner/_work/thin-edge.io/thin-edge.io/tests/PySys/tedge_mapper_c8y/tedge_mapper_c8y_packet_threshold_size/Output/linux/serv_mapper1.err
  environment  : LD_LIBRARY_PATH=/usr/lib
  environment  : PATH=/bin:/usr/bin:/usr/sbin:/usr/local/bin
                   #1  /bin
                   #2  /usr/bin
                   #3  /usr/sbin
                   #4  /usr/local/bin
08:34:46 DEBUG Waiting up to 600 secs for process systemctl&lt;serv_mapper1&gt; (pid 19929)
08:34:46 INFO  Executed systemctl&lt;serv_mapper1&gt;, exit status 3
08:34:46 INFO  Restarting mosquitto too frequently in the last 10 seconds. It was only up for 3 seconds
08:34:46 INFO  Delaying execution by 8 seconds
08:34:54 DEBUG Process parameters for sudo&lt;tedge_connect_c8y&gt;
  command line : /usr/bin/sudo /usr/bin/tedge connect c8y
    arg #1     : /usr/bin/tedge
    arg #2     : connect
    arg #3     : c8y
  working dir  : /home/pi/actions-runner/_work/thin-edge.io/thin-edge.io/tests/PySys/tedge_mapper_c8y/tedge_mapper_c8y_packet_threshold_size/Output/linux
  stdout       : /home/pi/actions-runner/_work/thin-edge.io/thin-edge.io/tests/PySys/tedge_mapper_c8y/tedge_mapper_c8y_packet_threshold_size/Output/linux/tedge_connect_c8y.out
  stderr       : /home/pi/actions-runner/_work/thin-edge.io/thin-edge.io/tests/PySys/tedge_mapper_c8y/tedge_mapper_c8y_packet_threshold_size/Output/linux/tedge_connect_c8y.err
  environment  : LD_LIBRARY_PATH=/usr/lib
  environment  : PATH=/bin:/usr/bin:/usr/sbin:/usr/local/bin
                   #1  /bin
                   #2  /usr/bin
                   #3  /usr/sbin
                   #4  /usr/local/bin
08:34:54 DEBUG Waiting up to 600 secs for process sudo&lt;tedge_connect_c8y&gt; (pid 19933)
08:35:05 INFO  Executed sudo&lt;tedge_connect_c8y&gt;, exit status 0
08:35:05 DEBUG Process parameters for sudo&lt;tedge_connect_c8y_test&gt;
  command line : /usr/bin/sudo /usr/bin/tedge connect c8y --test
    arg #1     : /usr/bin/tedge
    arg #2     : connect
    arg #3     : c8y
    arg #4     : --test
  working dir  : /home/pi/actions-runner/_work/thin-edge.io/thin-edge.io/tests/PySys/tedge_mapper_c8y/tedge_mapper_c8y_packet_threshold_size/Output/linux
  stdout       : /home/pi/actions-runner/_work/thin-edge.io/thin-edge.io/tests/PySys/tedge_mapper_c8y/tedge_mapper_c8y_packet_threshold_size/Output/linux/tedge_connect_c8y_test.out
  stderr       : /home/pi/actions-runner/_work/thin-edge.io/thin-edge.io/tests/PySys/tedge_mapper_c8y/tedge_mapper_c8y_packet_threshold_size/Output/linux/tedge_connect_c8y_test.err
  environment  : LD_LIBRARY_PATH=/usr/lib
  environment  : PATH=/bin:/usr/bin:/usr/sbin:/usr/local/bin
                   #1  /bin
                   #2  /usr/bin
                   #3  /usr/sbin
                   #4  /usr/local/bin
08:35:05 DEBUG Waiting up to 600 secs for process sudo&lt;tedge_connect_c8y_test&gt; (pid 20043)
08:35:05 INFO  Executed sudo&lt;tedge_connect_c8y_test&gt;, exit status 0
08:35:05 DEBUG Process parameters for systemctl&lt;serv_mosq2&gt;
  command line : /usr/bin/systemctl status mosquitto
    arg #1     : status
    arg #2     : mosquitto
  working dir  : /home/pi/actions-runner/_work/thin-edge.io/thin-edge.io/tests/PySys/tedge_mapper_c8y/tedge_mapper_c8y_packet_threshold_size/Output/linux
  stdout       : /home/pi/actions-runner/_work/thin-edge.io/thin-edge.io/tests/PySys/tedge_mapper_c8y/tedge_mapper_c8y_packet_threshold_size/Output/linux/serv_mosq2.out
  stderr       : /home/pi/actions-runner/_work/thin-edge.io/thin-edge.io/tests/PySys/tedge_mapper_c8y/tedge_mapper_c8y_packet_threshold_size/Output/linux/serv_mosq2.err
  environment  : LD_LIBRARY_PATH=/usr/lib
  environment  : PATH=/bin:/usr/bin:/usr/sbin:/usr/local/bin
                   #1  /bin
                   #2  /usr/bin
                   #3  /usr/sbin
                   #4  /usr/local/bin
08:35:05 DEBUG Waiting up to 600 secs for process systemctl&lt;serv_mosq2&gt; (pid 20049)
08:35:05 INFO  Executed systemctl&lt;serv_mosq2&gt;, exit status 0
08:35:05 DEBUG Process parameters for systemctl&lt;serv_mapper3&gt;
  command line : /usr/bin/systemctl status tedge-mapper-c8y
    arg #1     : status
    arg #2     : tedge-mapper-c8y
  working dir  : /home/pi/actions-runner/_work/thin-edge.io/thin-edge.io/tests/PySys/tedge_mapper_c8y/tedge_mapper_c8y_packet_threshold_size/Output/linux
  stdout       : /home/pi/actions-runner/_work/thin-edge.io/thin-edge.io/tests/PySys/tedge_mapper_c8y/tedge_mapper_c8y_packet_threshold_size/Output/linux/serv_mapper3.out
  stderr       : /home/pi/actions-runner/_work/thin-edge.io/thin-edge.io/tests/PySys/tedge_mapper_c8y/tedge_mapper_c8y_packet_threshold_size/Output/linux/serv_mapper3.err
  environment  : LD_LIBRARY_PATH=/usr/lib
  environment  : PATH=/bin:/usr/bin:/usr/sbin:/usr/local/bin
                   #1  /bin
                   #2  /usr/bin
                   #3  /usr/sbin
                   #4  /usr/local/bin
08:35:05 DEBUG Waiting up to 600 secs for process systemctl&lt;serv_mapper3&gt; (pid 20050)
08:35:05 INFO  Executed systemctl&lt;serv_mapper3&gt;, exit status 0
08:35:05 DEBUG Process parameters for sudo&lt;tedge_mapper_c8y&gt;
  command line : /usr/bin/sudo systemctl start tedge-mapper-c8y
    arg #1     : systemctl
    arg #2     : start
    arg #3     : tedge-mapper-c8y
  working dir  : /home/pi/actions-runner/_work/thin-edge.io/thin-edge.io/tests/PySys/tedge_mapper_c8y/tedge_mapper_c8y_packet_threshold_size/Output/linux
  stdout       : /home/pi/actions-runner/_work/thin-edge.io/thin-edge.io/tests/PySys/tedge_mapper_c8y/tedge_mapper_c8y_packet_threshold_size/Output/linux/tedge_mapper_c8y.out
  stderr       : /home/pi/actions-runner/_work/thin-edge.io/thin-edge.io/tests/PySys/tedge_mapper_c8y/tedge_mapper_c8y_packet_threshold_size/Output/linux/tedge_mapper_c8y.err
  environment  : LD_LIBRARY_PATH=/usr/lib
  environment  : PATH=/bin:/usr/bin:/usr/sbin:/usr/local/bin
                   #1  /bin
                   #2  /usr/bin
                   #3  /usr/sbin
                   #4  /usr/local/bin
08:35:05 DEBUG Waiting up to 600 secs for process sudo&lt;tedge_mapper_c8y&gt; (pid 20051)
08:35:06 INFO  Executed sudo&lt;tedge_mapper_c8y&gt;, exit status 0
08:35:06 DEBUG --- test execute
08:35:06 DEBUG Process parameters for sudo&lt;tedge_sub&gt;
  command line : /usr/bin/sudo /usr/bin/tedge mqtt sub --no-topic tedge/errors
    arg #1     : /usr/bin/tedge
    arg #2     : mqtt
    arg #3     : sub
    arg #4     : --no-topic
    arg #5     : tedge/errors
  working dir  : /home/pi/actions-runner/_work/thin-edge.io/thin-edge.io/tests/PySys/tedge_mapper_c8y/tedge_mapper_c8y_packet_threshold_size/Output/linux
  stdout       : /home/pi/actions-runner/_work/thin-edge.io/thin-edge.io/tests/PySys/tedge_mapper_c8y/tedge_mapper_c8y_packet_threshold_size/Output/linux/tedge_sub.out
  stderr       : /home/pi/actions-runner/_work/thin-edge.io/thin-edge.io/tests/PySys/tedge_mapper_c8y/tedge_mapper_c8y_packet_threshold_size/Output/linux/tedge_sub.err
  environment  : LD_LIBRARY_PATH=/usr/lib
  environment  : PATH=/bin:/usr/bin:/usr/sbin:/usr/local/bin
                   #1  /bin
                   #2  /usr/bin
                   #3  /usr/sbin
                   #4  /usr/local/bin
08:35:06 INFO  Started sudo&lt;tedge_sub&gt; with process id 20053
08:35:06 DEBUG Process parameters for sudo&lt;tedge_msg&gt;
  command line : /usr/bin/sudo dd if=/dev/zero of=/tmp/big_message.txt bs=10 count=1 seek=2048
    arg #1     : dd
    arg #2     : if=/dev/zero
    arg #3     : of=/tmp/big_message.txt
    arg #4     : bs=10
    arg #5     : count=1
    arg #6     : seek=2048
  working dir  : /home/pi/actions-runner/_work/thin-edge.io/thin-edge.io/tests/PySys/tedge_mapper_c8y/tedge_mapper_c8y_packet_threshold_size/Output/linux
  stdout       : /home/pi/actions-runner/_work/thin-edge.io/thin-edge.io/tests/PySys/tedge_mapper_c8y/tedge_mapper_c8y_packet_threshold_size/Output/linux/tedge_msg.out
  stderr       : /home/pi/actions-runner/_work/thin-edge.io/thin-edge.io/tests/PySys/tedge_mapper_c8y/tedge_mapper_c8y_packet_threshold_size/Output/linux/tedge_msg.err
  environment  : LD_LIBRARY_PATH=/usr/lib
  environment  : PATH=/bin:/usr/bin:/usr/sbin:/usr/local/bin
                   #1  /bin
                   #2  /usr/bin
                   #3  /usr/sbin
                   #4  /usr/local/bin
08:35:06 DEBUG Waiting up to 600 secs for process sudo&lt;tedge_msg&gt; (pid 20055)
08:35:06 INFO  Executed sudo&lt;tedge_msg&gt;, exit status 0
08:35:06 DEBUG Process parameters for sudo&lt;tedge_pub&gt;
  command line : /usr/bin/sudo /usr/bin/mosquitto_pub -t tedge/measurements -f /tmp/big_message.txt
    arg #1     : /usr/bin/mosquitto_pub
    arg #2     : -t
    arg #3     : tedge/measurements
    arg #4     : -f
    arg #5     : /tmp/big_message.txt
  working dir  : /home/pi/actions-runner/_work/thin-edge.io/thin-edge.io/tests/PySys/tedge_mapper_c8y/tedge_mapper_c8y_packet_threshold_size/Output/linux
  stdout       : /home/pi/actions-runner/_work/thin-edge.io/thin-edge.io/tests/PySys/tedge_mapper_c8y/tedge_mapper_c8y_packet_threshold_size/Output/linux/tedge_pub.out
  stderr       : /home/pi/actions-runner/_work/thin-edge.io/thin-edge.io/tests/PySys/tedge_mapper_c8y/tedge_mapper_c8y_packet_threshold_size/Output/linux/tedge_pub.err
  environment  : LD_LIBRARY_PATH=/usr/lib
  environment  : PATH=/bin:/usr/bin:/usr/sbin:/usr/local/bin
                   #1  /bin
                   #2  /usr/bin
                   #3  /usr/sbin
                   #4  /usr/local/bin
08:35:06 DEBUG Waiting up to 600 secs for process sudo&lt;tedge_pub&gt; (pid 20060)
08:35:07 INFO  Executed sudo&lt;tedge_pub&gt;, exit status 0
08:35:07 DEBUG Process parameters for sudo&lt;kill_out&gt;
  command line : /usr/bin/sudo killall tedge
    arg #1     : killall
    arg #2     : tedge
  working dir  : /home/pi/actions-runner/_work/thin-edge.io/thin-edge.io/tests/PySys/tedge_mapper_c8y/tedge_mapper_c8y_packet_threshold_size/Output/linux
  stdout       : /home/pi/actions-runner/_work/thin-edge.io/thin-edge.io/tests/PySys/tedge_mapper_c8y/tedge_mapper_c8y_packet_threshold_size/Output/linux/kill_out.out
  stderr       : /home/pi/actions-runner/_work/thin-edge.io/thin-edge.io/tests/PySys/tedge_mapper_c8y/tedge_mapper_c8y_packet_threshold_size/Output/linux/kill_out.err
  environment  : LD_LIBRARY_PATH=/usr/lib
  environment  : PATH=/bin:/usr/bin:/usr/sbin:/usr/local/bin
                   #1  /bin
                   #2  /usr/bin
                   #3  /usr/sbin
                   #4  /usr/local/bin
08:35:07 DEBUG Waiting up to 600 secs for process sudo&lt;kill_out&gt; (pid 20062)
08:35:07 INFO  Executed sudo&lt;kill_out&gt;, exit status 0
08:35:07 DEBUG --- test validate
08:35:07 DEBUG Performing regex contains=True grep on file: /home/pi/actions-runner/_work/thin-edge.io/thin-edge.io/tests/PySys/tedge_mapper_c8y/tedge_mapper_c8y_packet_threshold_size/Output/linux/tedge_sub.out
08:35:07 WARN  Grep on tedge_sub.out contains &quot;The size of the message received on tedge/measurements is 20489 which is greater than the threshold size of 16384&quot; ... failed [run.py:90]
08:35:07 DEBUG --- test cleanup
08:35:07 INFO  
08:35:07 INFO  cleanup:
08:35:07 DEBUG Running registered cleanup function: &lt;bound method TedgeMapperC8yThresholdPacketSize.mapper_cleanup of &lt;TedgeMapperC8yThresholdPacketSize object at 0x75b91630&gt;&gt;
08:35:07 INFO  mapper_cleanup
08:35:07 DEBUG Process parameters for sudo&lt;tedge_mapper_c8y&gt;
  command line : /usr/bin/sudo systemctl stop tedge-mapper-c8y
    arg #1     : systemctl
    arg #2     : stop
    arg #3     : tedge-mapper-c8y
  working dir  : /home/pi/actions-runner/_work/thin-edge.io/thin-edge.io/tests/PySys/tedge_mapper_c8y/tedge_mapper_c8y_packet_threshold_size/Output/linux
  stdout       : /home/pi/actions-runner/_work/thin-edge.io/thin-edge.io/tests/PySys/tedge_mapper_c8y/tedge_mapper_c8y_packet_threshold_size/Output/linux/tedge_mapper_c8y.out
  stderr       : /home/pi/actions-runner/_work/thin-edge.io/thin-edge.io/tests/PySys/tedge_mapper_c8y/tedge_mapper_c8y_packet_threshold_size/Output/linux/tedge_mapper_c8y.err
  environment  : LD_LIBRARY_PATH=/usr/lib
  environment  : PATH=/bin:/usr/bin:/usr/sbin:/usr/local/bin
                   #1  /bin
                   #2  /usr/bin
                   #3  /usr/sbin
                   #4  /usr/local/bin
08:35:07 DEBUG Waiting up to 600 secs for process sudo&lt;tedge_mapper_c8y&gt; (pid 20064)
08:35:07 INFO  Executed sudo&lt;tedge_mapper_c8y&gt;, exit status 0
08:35:07 DEBUG Running registered cleanup function: &lt;bound method EnvironmentC8y.myenvcleanup of &lt;TedgeMapperC8yThresholdPacketSize object at 0x75b91630&gt;&gt;
08:35:07 DEBUG EnvironmentC8y Cleanup
08:35:07 DEBUG Process parameters for sudo&lt;tedge_disconnect_c8y&gt;
  command line : /usr/bin/sudo /usr/bin/tedge disconnect c8y
    arg #1     : /usr/bin/tedge
    arg #2     : disconnect
    arg #3     : c8y
  working dir  : /home/pi/actions-runner/_work/thin-edge.io/thin-edge.io/tests/PySys/tedge_mapper_c8y/tedge_mapper_c8y_packet_threshold_size/Output/linux
  stdout       : /home/pi/actions-runner/_work/thin-edge.io/thin-edge.io/tests/PySys/tedge_mapper_c8y/tedge_mapper_c8y_packet_threshold_size/Output/linux/tedge_disconnect_c8y.out
  stderr       : /home/pi/actions-runner/_work/thin-edge.io/thin-edge.io/tests/PySys/tedge_mapper_c8y/tedge_mapper_c8y_packet_threshold_size/Output/linux/tedge_disconnect_c8y.err
  environment  : LD_LIBRARY_PATH=/usr/lib
  environment  : PATH=/bin:/usr/bin:/usr/sbin:/usr/local/bin
                   #1  /bin
                   #2  /usr/bin
                   #3  /usr/sbin
                   #4  /usr/local/bin
08:35:07 DEBUG Waiting up to 600 secs for process sudo&lt;tedge_disconnect_c8y&gt; (pid 20069)
08:35:10 INFO  Executed sudo&lt;tedge_disconnect_c8y&gt;, exit status 0
08:35:10 DEBUG Process parameters for systemctl&lt;serv_mapper5&gt;
  command line : /usr/bin/systemctl status tedge-mapper-c8y
    arg #1     : status
    arg #2     : tedge-mapper-c8y
  working dir  : /home/pi/actions-runner/_work/thin-edge.io/thin-edge.io/tests/PySys/tedge_mapper_c8y/tedge_mapper_c8y_packet_threshold_size/Output/linux
  stdout       : /home/pi/actions-runner/_work/thin-edge.io/thin-edge.io/tests/PySys/tedge_mapper_c8y/tedge_mapper_c8y_packet_threshold_size/Output/linux/serv_mapper5.out
  stderr       : /home/pi/actions-runner/_work/thin-edge.io/thin-edge.io/tests/PySys/tedge_mapper_c8y/tedge_mapper_c8y_packet_threshold_size/Output/linux/serv_mapper5.err
  environment  : LD_LIBRARY_PATH=/usr/lib
  environment  : PATH=/bin:/usr/bin:/usr/sbin:/usr/local/bin
                   #1  /bin
                   #2  /usr/bin
                   #3  /usr/sbin
                   #4  /usr/local/bin
08:35:10 DEBUG Waiting up to 600 secs for process systemctl&lt;serv_mapper5&gt; (pid 20109)
08:35:10 INFO  Executed systemctl&lt;serv_mapper5&gt;, exit status 3
08:35:10 DEBUG ProcessUser cleanup function done.
08:35:10 INFO  
08:35:10 INFO  Test duration: 24.17 secs
08:35:10 INFO  Test final outcome:  FAILED
08:35:10 INFO  Test outcome reason: Grep on tedge_sub.out contains &quot;The size of the message received on tedge/measurements is 20489 which is greater than the threshold size of 16384&quot;
08:35:10 INFO  
</system-out>
	</testcase>
</testsuite>
