<?xml version="1.0" encoding="utf-8"?>
<testsuite failures="0" name="c8y_restart_bridge" skipped="0" tests="1" time="16.63" timestamp="2022-02-16T09:35:45">
	<testcase classname="RestartBridge" name="c8y_restart_bridge"/>
</testsuite>
