<?xml version="1.0" encoding="utf-8"?>
<testsuite failures="0" name="valid_device_id" skipped="0" tests="1" time="27.5" timestamp="2022-03-22T13:46:22">
	<testcase classname="ValidateValidDeviceId" name="valid_device_id"/>
</testsuite>
