<?xml version="1.0" encoding="utf-8"?>
<testsuite failures="0" name="mqtt_port_unset" skipped="0" tests="1" time="0.93" timestamp="2022-02-14T08:34:52">
	<testcase classname="MqttPortUnSet" name="mqtt_port_unset"/>
</testsuite>
