<?xml version="1.0" encoding="utf-8"?>
<testsuite failures="0" name="smoketest_smartrest" skipped="0" tests="1" time="42.97" timestamp="2022-02-16T09:30:36">
	<testcase classname="SmoketestSmartRest" name="smoketest_smartrest"/>
</testsuite>
