<?xml version="1.0" encoding="utf-8"?>
<testsuite failures="0" name="apt_list_format" skipped="0" tests="1" time="1.79" timestamp="2022-02-15T15:36:12">
	<testcase classname="AptPluginListFormat" name="apt_list_format"/>
</testsuite>
