<?xml version="1.0" encoding="utf-8"?>
<testsuite failures="0" name="smoketest_smartrest" skipped="0" tests="1" time="42.03" timestamp="2022-02-09T11:17:36">
	<testcase classname="SmoketestSmartRest" name="smoketest_smartrest"/>
</testsuite>
