<?xml version="1.0" encoding="utf-8"?>
<testsuite failures="0" name="agent_init_session" skipped="0" tests="1" time="4.36" timestamp="2022-04-04T08:30:52">
	<testcase classname="AgentInitSession" name="agent_init_session"/>
</testsuite>
