<?xml version="1.0" encoding="utf-8"?>
<testsuite failures="0" name="smoketest_json_400_samples_10ms" skipped="0" tests="1" time="52.49" timestamp="2022-02-24T13:39:20">
	<testcase classname="SmoketestJson400Samples10ms" name="smoketest_json_400_samples_10ms"/>
</testsuite>
