<?xml version="1.0" encoding="utf-8"?>
<testsuite failures="0" name="pysys_block" skipped="1" tests="1" time="0.01" timestamp="2022-03-28T17:49:13">
	<testcase classname="Fail" name="pysys_block">
		<skipped message="SKIPPED: Enable this to observe a blocking test"/>
		<system-out>17:49:13 DEBUG deletedir failed to update permissions and delete /home/pi/actions-runner/_work/thin-edge.io/thin-edge.io/tests/PySys/misc_features/pysys_block/Output/linux on this attempt: [Errno 2] No such file or directory: '/home/pi/actions-runner/_work/thin-edge.io/thin-edge.io/tests/PySys/misc_features/pysys_block/Output/linux'
17:49:13 INFO  ==============================================================
17:49:13 INFO  Id:    pysys_block
17:49:13 INFO  Dir:   misc_features/
17:49:13 INFO  Title: fail
17:49:13 DEBUG Execution order hint: 0.0
17:49:13 INFO  ==============================================================
17:49:13 INFO  Enable this to observe a blocking test ... skipped
17:49:13 DEBUG --- test cleanup
17:49:13 DEBUG ProcessUser cleanup function done.
17:49:13 INFO  
17:49:13 INFO  Test duration: 0.01 secs
17:49:13 INFO  Test final outcome:  SKIPPED
17:49:13 INFO  Test outcome reason: Enable this to observe a blocking test
17:49:13 INFO  
</system-out>
	</testcase>
</testsuite>
