<?xml version="1.0" encoding="utf-8"?>
<testsuite failures="0" name="tedge_mapper_c8y_child_device_measurement" skipped="0" tests="1" time="19.3" timestamp="2022-03-04T12:18:28">
	<testcase classname="TedgeMapperC8yChildDevice" name="tedge_mapper_c8y_child_device_measurement"/>
</testsuite>
