<?xml version="1.0" encoding="utf-8"?>
<testsuite failures="0" name="apt_install_local_file" skipped="1" tests="1" time="0.01" timestamp="2022-03-29T16:39:25">
	<testcase classname="AptPluginInstallFromLocalFile" name="apt_install_local_file">
		<skipped message="SKIPPED: Testing the apt plugin is not supported on this platform.To run the tests call PySys with -XmyPlatform='container'"/>
		<system-out>16:39:25 DEBUG deletedir failed to update permissions and delete /home/pi/actions-runner/_work/thin-edge.io/thin-edge.io/tests/PySys/plugin_apt/apt_install_local_file/Output/linux on this attempt: [Errno 2] No such file or directory: '/home/pi/actions-runner/_work/thin-edge.io/thin-edge.io/tests/PySys/plugin_apt/apt_install_local_file/Output/linux'
16:39:25 INFO  ==============================================================
16:39:25 INFO  Id:    apt_install_local_file
16:39:25 INFO  Dir:   plugin_apt/
16:39:25 INFO  Title: Validate apt plugin install from local file - SUCCESS case
16:39:25 DEBUG Execution order hint: 0.0
16:39:25 INFO  ==============================================================
16:39:25 INFO  Testing the apt plugin is not supported on this platform.To run the tests call PySys with -XmyPlatform='container' ... skipped
16:39:25 WARN  Aborted test due to SKIPPED outcome
16:39:25 DEBUG --- test cleanup
16:39:25 DEBUG ProcessUser cleanup function done.
16:39:25 INFO  
16:39:25 INFO  Test duration: 0.01 secs
16:39:25 INFO  Test final outcome:  SKIPPED
16:39:25 INFO  Test outcome reason: Testing the apt plugin is not supported on this platform.To run the tests call PySys with -XmyPlatform='container'
16:39:25 INFO  
</system-out>
	</testcase>
</testsuite>
