<?xml version="1.0" encoding="utf-8"?>
<testsuite failures="0" name="apt_install" skipped="1" tests="1" time="0.01" timestamp="2022-03-21T12:46:32">
	<testcase classname="AptPluginInstallDense" name="apt_install">
		<skipped message="SKIPPED: Testing the apt plugin is not supported on this platform.To run the tests call PySys with -XmyPlatform='container'"/>
		<system-out>12:46:32 DEBUG deletedir failed to update permissions and delete /home/pi/actions-runner/_work/thin-edge.io/thin-edge.io/tests/PySys/plugin_apt/apt_install/Output/linux on this attempt: [Errno 2] No such file or directory: '/home/pi/actions-runner/_work/thin-edge.io/thin-edge.io/tests/PySys/plugin_apt/apt_install/Output/linux'
12:46:32 INFO  ==============================================================
12:46:32 INFO  Id:    apt_install
12:46:32 INFO  Dir:   plugin_apt/
12:46:32 INFO  Title: Validate apt plugin prepare - dense version
12:46:32 DEBUG Execution order hint: 0.0
12:46:32 INFO  ==============================================================
12:46:32 INFO  Testing the apt plugin is not supported on this platform.To run the tests call PySys with -XmyPlatform='container' ... skipped
12:46:32 WARN  Aborted test due to SKIPPED outcome
12:46:32 DEBUG --- test cleanup
12:46:32 DEBUG ProcessUser cleanup function done.
12:46:32 INFO  
12:46:32 INFO  Test duration: 0.01 secs
12:46:32 INFO  Test final outcome:  SKIPPED
12:46:32 INFO  Test outcome reason: Testing the apt plugin is not supported on this platform.To run the tests call PySys with -XmyPlatform='container'
12:46:32 INFO  
</system-out>
	</testcase>
</testsuite>
