<?xml version="1.0" encoding="utf-8"?>
<testsuite failures="0" name="smoketest_json" skipped="0" tests="1" time="40.24" timestamp="2022-02-15T15:39:15">
	<testcase classname="SmokeTestJson" name="smoketest_json"/>
</testsuite>
