<?xml version="1.0" encoding="utf-8"?>
<testsuite failures="0" name="smoketest_smartrest" skipped="0" tests="1" time="41.14" timestamp="2022-03-28T17:55:21">
	<testcase classname="SmoketestSmartRest" name="smoketest_smartrest"/>
</testsuite>
