<?xml version="1.0" encoding="utf-8"?>
<testsuite failures="0" name="SoftwareManagement.Plugin.apama_plugin_mon_support" skipped="1" tests="1" time="0.02" timestamp="2022-03-29T16:39:25">
	<testcase classname="ApamaPluginMonSupportTest" name="SoftwareManagement.Plugin.apama_plugin_mon_support">
		<skipped message="SKIPPED: Apama plugin tests are disabled by default. Execute `pysys run` with `-XmyPlatform=container` to run these tests"/>
		<system-out>16:39:25 DEBUG deletedir failed to update permissions and delete /home/pi/actions-runner/_work/thin-edge.io/thin-edge.io/tests/PySys/plugin_apama/apama_plugin_mon_support/Output/linux on this attempt: [Errno 2] No such file or directory: '/home/pi/actions-runner/_work/thin-edge.io/thin-edge.io/tests/PySys/plugin_apama/apama_plugin_mon_support/Output/linux'
16:39:25 INFO  ==============================================================
16:39:25 INFO  Id:    SoftwareManagement.Plugin.apama_plugin_mon_support
16:39:25 INFO  Dir:   plugin_apama/
16:39:25 INFO  Title: Validate mon file support of apama plugin
16:39:25 DEBUG Execution order hint: 0.0
16:39:25 INFO  ==============================================================
16:39:25 INFO  Apama plugin tests are disabled by default. Execute `pysys run` with `-XmyPlatform=container` to run these tests ... skipped
16:39:25 WARN  Aborted test due to SKIPPED outcome
16:39:25 DEBUG --- test cleanup
16:39:25 DEBUG ProcessUser cleanup function done.
16:39:25 INFO  
16:39:25 INFO  Test duration: 0.02 secs
16:39:25 INFO  Test final outcome:  SKIPPED
16:39:25 INFO  Test outcome reason: Apama plugin tests are disabled by default. Execute `pysys run` with `-XmyPlatform=container` to run these tests
16:39:25 INFO  
</system-out>
	</testcase>
</testsuite>
