<?xml version="1.0" encoding="utf-8"?>
<testsuite failures="0" name="apt_update_list" skipped="1" tests="1" time="0.02" timestamp="2022-03-28T17:49:56">
	<testcase classname="AptPluginUpdateList" name="apt_update_list">
		<skipped message="SKIPPED: Testing the apt plugin is not supported on this platform.To run the tests call PySys with -XmyPlatform='container'"/>
		<system-out>17:49:56 DEBUG deletedir failed to update permissions and delete /home/pi/actions-runner/_work/thin-edge.io/thin-edge.io/tests/PySys/plugin_apt/apt_update_list/Output/linux on this attempt: [Errno 2] No such file or directory: '/home/pi/actions-runner/_work/thin-edge.io/thin-edge.io/tests/PySys/plugin_apt/apt_update_list/Output/linux'
17:49:56 INFO  ==============================================================
17:49:56 INFO  Id:    apt_update_list
17:49:56 INFO  Dir:   plugin_apt/
17:49:56 INFO  Title: Validate apt plugin update-list command use case
17:49:56 DEBUG Execution order hint: 0.0
17:49:56 INFO  ==============================================================
17:49:56 INFO  Testing the apt plugin is not supported on this platform.To run the tests call PySys with -XmyPlatform='container' ... skipped
17:49:56 WARN  Aborted test due to SKIPPED outcome
17:49:56 DEBUG --- test cleanup
17:49:56 DEBUG ProcessUser cleanup function done.
17:49:56 INFO  
17:49:56 INFO  Test duration: 0.02 secs
17:49:56 INFO  Test final outcome:  SKIPPED
17:49:56 INFO  Test outcome reason: Testing the apt plugin is not supported on this platform.To run the tests call PySys with -XmyPlatform='container'
17:49:56 INFO  
</system-out>
	</testcase>
</testsuite>
