<?xml version="1.0" encoding="utf-8"?>
<testsuite failures="0" name="custom_init_system" skipped="0" tests="1" time="27.56" timestamp="2022-03-04T12:03:46">
	<testcase classname="CustomInitSystem" name="custom_init_system"/>
</testsuite>
