<?xml version="1.0" encoding="utf-8"?>
<testsuite failures="0" name="call_tedge_-V" skipped="0" tests="1" time="0.42" timestamp="2022-03-30T08:28:05">
	<testcase classname="PySysTest" name="call_tedge_-V"/>
</testsuite>
