<?xml version="1.0" encoding="utf-8"?>
<testsuite failures="0" name="SoftwareManagement.Plugin.apama_plugin_mon_support" skipped="1" tests="1" time="0.04" timestamp="2022-03-30T08:18:08">
	<testcase classname="ApamaPluginMonSupportTest" name="SoftwareManagement.Plugin.apama_plugin_mon_support">
		<skipped message="SKIPPED: Apama plugin tests are disabled by default. Execute `pysys run` with `-XmyPlatform=container` to run these tests"/>
		<system-out>08:18:08 DEBUG deletedir failed to update permissions and delete /home/pi/actions-runner/_work/thin-edge.io/thin-edge.io/tests/PySys/plugin_apama/apama_plugin_mon_support/Output/linux on this attempt: [Errno 2] No such file or directory: '/home/pi/actions-runner/_work/thin-edge.io/thin-edge.io/tests/PySys/plugin_apama/apama_plugin_mon_support/Output/linux'
08:18:08 INFO  ==============================================================
08:18:08 INFO  Id:    SoftwareManagement.Plugin.apama_plugin_mon_support
08:18:08 INFO  Dir:   plugin_apama/
08:18:08 INFO  Title: Validate mon file support of apama plugin
08:18:08 DEBUG Execution order hint: 0.0
08:18:08 INFO  ==============================================================
08:18:08 INFO  Apama plugin tests are disabled by default. Execute `pysys run` with `-XmyPlatform=container` to run these tests ... skipped
08:18:08 WARN  Aborted test due to SKIPPED outcome
08:18:08 DEBUG --- test cleanup
08:18:08 DEBUG ProcessUser cleanup function done.
08:18:08 INFO  
08:18:08 INFO  Test duration: 0.04 secs
08:18:08 INFO  Test final outcome:  SKIPPED
08:18:08 INFO  Test outcome reason: Apama plugin tests are disabled by default. Execute `pysys run` with `-XmyPlatform=container` to run these tests
08:18:08 INFO  
</system-out>
	</testcase>
</testsuite>
