<?xml version="1.0" encoding="utf-8"?>
<testsuite failures="0" name="apt_sequence_remove_with_version" skipped="1" tests="1" time="0.06" timestamp="2022-03-30T08:18:11">
	<testcase classname="AptPluginRemoveWithVersion" name="apt_sequence_remove_with_version">
		<skipped message="SKIPPED: Testing the apt plugin is not supported on this platform.To run the tests call PySys with -XmyPlatform='container'"/>
		<system-out>08:18:11 DEBUG deletedir failed to update permissions and delete /home/pi/actions-runner/_work/thin-edge.io/thin-edge.io/tests/PySys/plugin_apt/apt_sequence_remove_with_version/Output/linux on this attempt: [Errno 2] No such file or directory: '/home/pi/actions-runner/_work/thin-edge.io/thin-edge.io/tests/PySys/plugin_apt/apt_sequence_remove_with_version/Output/linux'
08:18:11 INFO  ==============================================================
08:18:11 INFO  Id:    apt_sequence_remove_with_version
08:18:11 INFO  Dir:   plugin_apt/
08:18:11 INFO  Title: Validate apt plugin remove with version use case
08:18:11 DEBUG Execution order hint: 0.0
08:18:11 INFO  ==============================================================
08:18:11 INFO  Testing the apt plugin is not supported on this platform.To run the tests call PySys with -XmyPlatform='container' ... skipped
08:18:11 WARN  Aborted test due to SKIPPED outcome
08:18:11 DEBUG --- test cleanup
08:18:11 DEBUG ProcessUser cleanup function done.
08:18:11 INFO  
08:18:11 INFO  Test duration: 0.06 secs
08:18:11 INFO  Test final outcome:  SKIPPED
08:18:11 INFO  Test outcome reason: Testing the apt plugin is not supported on this platform.To run the tests call PySys with -XmyPlatform='container'
08:18:11 INFO  
</system-out>
	</testcase>
</testsuite>
