<?xml version="1.0" encoding="utf-8"?>
<testsuite failures="0" name="SoftwareManagement.Plugin.apama_plugin_mon_support" skipped="1" tests="1" time="0.02" timestamp="2022-03-21T12:46:32">
	<testcase classname="ApamaPluginMonSupportTest" name="SoftwareManagement.Plugin.apama_plugin_mon_support">
		<skipped message="SKIPPED: Apama plugin tests are disabled by default. Execute `pysys run` with `-XmyPlatform=container` to run these tests"/>
		<system-out>12:46:32 DEBUG deletedir failed to update permissions and delete /home/pi/actions-runner/_work/thin-edge.io/thin-edge.io/tests/PySys/plugin_apama/apama_plugin_mon_support/Output/linux on this attempt: [Errno 2] No such file or directory: '/home/pi/actions-runner/_work/thin-edge.io/thin-edge.io/tests/PySys/plugin_apama/apama_plugin_mon_support/Output/linux'
12:46:32 INFO  ==============================================================
12:46:32 INFO  Id:    SoftwareManagement.Plugin.apama_plugin_mon_support
12:46:32 INFO  Dir:   plugin_apama/
12:46:32 INFO  Title: Validate mon file support of apama plugin
12:46:32 DEBUG Execution order hint: 0.0
12:46:32 INFO  ==============================================================
12:46:32 INFO  Apama plugin tests are disabled by default. Execute `pysys run` with `-XmyPlatform=container` to run these tests ... skipped
12:46:32 WARN  Aborted test due to SKIPPED outcome
12:46:32 DEBUG --- test cleanup
12:46:32 DEBUG ProcessUser cleanup function done.
12:46:32 INFO  
12:46:32 INFO  Test duration: 0.02 secs
12:46:32 INFO  Test final outcome:  SKIPPED
12:46:32 INFO  Test outcome reason: Apama plugin tests are disabled by default. Execute `pysys run` with `-XmyPlatform=container` to run these tests
12:46:32 INFO  
</system-out>
	</testcase>
</testsuite>
