<?xml version="1.0" encoding="utf-8"?>
<testsuite failures="0" name="call_tedge_-h_-V" skipped="1" tests="1" time="0.01" timestamp="2022-02-22T10:44:47">
	<testcase classname="PySysTest" name="call_tedge_-h_-V"/>
</testsuite>
