<?xml version="1.0" encoding="utf-8"?>
<testsuite failures="0" name="apt_prepare" skipped="1" tests="1" time="0.01" timestamp="2022-03-15T17:43:33">
	<testcase classname="AptPluginPrepare" name="apt_prepare"/>
</testsuite>
