<?xml version="1.0" encoding="utf-8"?>
<testsuite failures="0" name="SoftwareManagement.Plugin.apama_plugin_install" skipped="1" tests="1" time="0.04" timestamp="2022-03-28T17:49:54">
	<testcase classname="ApamaPluginInstallTest" name="SoftwareManagement.Plugin.apama_plugin_install">
		<skipped message="SKIPPED: Apama plugin tests are disabled by default. Execute `pysys run` with `-XmyPlatform=container` to run these tests"/>
		<system-out>17:49:54 DEBUG deletedir failed to update permissions and delete /home/pi/actions-runner/_work/thin-edge.io/thin-edge.io/tests/PySys/plugin_apama/apama_plugin_install/Output/linux on this attempt: [Errno 2] No such file or directory: '/home/pi/actions-runner/_work/thin-edge.io/thin-edge.io/tests/PySys/plugin_apama/apama_plugin_install/Output/linux'
17:49:54 INFO  ==============================================================
17:49:54 INFO  Id:    SoftwareManagement.Plugin.apama_plugin_install
17:49:54 INFO  Dir:   plugin_apama/
17:49:54 INFO  Title: Validate apama plugin install
17:49:54 DEBUG Execution order hint: 0.0
17:49:54 INFO  ==============================================================
17:49:54 INFO  Apama plugin tests are disabled by default. Execute `pysys run` with `-XmyPlatform=container` to run these tests ... skipped
17:49:54 WARN  Aborted test due to SKIPPED outcome
17:49:54 DEBUG --- test cleanup
17:49:54 DEBUG ProcessUser cleanup function done.
17:49:54 INFO  
17:49:54 INFO  Test duration: 0.04 secs
17:49:54 INFO  Test final outcome:  SKIPPED
17:49:54 INFO  Test outcome reason: Apama plugin tests are disabled by default. Execute `pysys run` with `-XmyPlatform=container` to run these tests
17:49:54 INFO  
</system-out>
	</testcase>
</testsuite>
