<?xml version="1.0" encoding="utf-8"?>
<testsuite failures="0" name="apt_fail_noarg" skipped="1" tests="1" time="0.04" timestamp="2022-02-14T08:35:43">
	<testcase classname="AptPluginFailNoArg" name="apt_fail_noarg"/>
</testsuite>
