<?xml version="1.0" encoding="utf-8"?>
<testsuite failures="0" name="apt_sequence_install_with_version_fail" skipped="1" tests="1" time="0.02" timestamp="2022-03-30T08:18:10">
	<testcase classname="AptPluginInstallWithVersionFails" name="apt_sequence_install_with_version_fail">
		<skipped message="SKIPPED: Testing the apt plugin is not supported on this platform.To run the tests call PySys with -XmyPlatform='container'"/>
		<system-out>08:18:10 DEBUG deletedir failed to update permissions and delete /home/pi/actions-runner/_work/thin-edge.io/thin-edge.io/tests/PySys/plugin_apt/apt_sequence_install_with_version_fail/Output/linux on this attempt: [Errno 2] No such file or directory: '/home/pi/actions-runner/_work/thin-edge.io/thin-edge.io/tests/PySys/plugin_apt/apt_sequence_install_with_version_fail/Output/linux'
08:18:10 INFO  ==============================================================
08:18:10 INFO  Id:    apt_sequence_install_with_version_fail
08:18:10 INFO  Dir:   plugin_apt/
08:18:10 INFO  Title: Validate apt plugin install with version fails use case
08:18:10 DEBUG Execution order hint: 0.0
08:18:10 INFO  ==============================================================
08:18:10 INFO  Testing the apt plugin is not supported on this platform.To run the tests call PySys with -XmyPlatform='container' ... skipped
08:18:10 WARN  Aborted test due to SKIPPED outcome
08:18:10 DEBUG --- test cleanup
08:18:10 DEBUG ProcessUser cleanup function done.
08:18:10 INFO  
08:18:10 INFO  Test duration: 0.02 secs
08:18:10 INFO  Test final outcome:  SKIPPED
08:18:10 INFO  Test outcome reason: Testing the apt plugin is not supported on this platform.To run the tests call PySys with -XmyPlatform='container'
08:18:10 INFO  
</system-out>
	</testcase>
</testsuite>
