<?xml version="1.0" encoding="utf-8"?>
<testsuite failures="0" name="apt_prepare_install_finalize" skipped="1" tests="1" time="0.01" timestamp="2022-03-22T13:46:38">
	<testcase classname="AptPluginPrepareInstallFinalize" name="apt_prepare_install_finalize">
		<skipped message="SKIPPED: Testing the apt plugin is not supported on this platform.To run the tests call PySys with -XmyPlatform='container'"/>
		<system-out>13:46:38 DEBUG deletedir failed to update permissions and delete /home/pi/actions-runner/_work/thin-edge.io/thin-edge.io/tests/PySys/plugin_apt/apt_prepare_install_finalize/Output/linux on this attempt: [Errno 2] No such file or directory: '/home/pi/actions-runner/_work/thin-edge.io/thin-edge.io/tests/PySys/plugin_apt/apt_prepare_install_finalize/Output/linux'
13:46:38 INFO  ==============================================================
13:46:38 INFO  Id:    apt_prepare_install_finalize
13:46:38 INFO  Dir:   plugin_apt/
13:46:38 INFO  Title: Validate apt plugin install use case
13:46:38 DEBUG Execution order hint: 0.0
13:46:38 INFO  ==============================================================
13:46:38 INFO  Testing the apt plugin is not supported on this platform.To run the tests call PySys with -XmyPlatform='container' ... skipped
13:46:38 WARN  Aborted test due to SKIPPED outcome
13:46:38 DEBUG --- test cleanup
13:46:38 DEBUG ProcessUser cleanup function done.
13:46:38 INFO  
13:46:38 INFO  Test duration: 0.01 secs
13:46:38 INFO  Test final outcome:  SKIPPED
13:46:38 INFO  Test outcome reason: Testing the apt plugin is not supported on this platform.To run the tests call PySys with -XmyPlatform='container'
13:46:38 INFO  
</system-out>
	</testcase>
</testsuite>
