<?xml version="1.0" encoding="utf-8"?>
<testsuite failures="0" name="mqtt_port_set" skipped="0" tests="1" time="15.93" timestamp="2022-03-30T08:17:26">
	<testcase classname="MqttPortSet" name="mqtt_port_set"/>
</testsuite>
