<?xml version="1.0" encoding="utf-8"?>
<testsuite failures="1" name="tedge_mapper_c8y_packet_threshold_size" skipped="0" tests="1" time="24.47" timestamp="2022-03-22T14:01:37">
	<testcase classname="TedgeMapperC8yThresholdPacketSize" name="tedge_mapper_c8y_packet_threshold_size">
		<failure message="FAILED: Grep on tedge_sub.out contains &quot;The size of the message received on tedge/measurements is 20489 which is greater than the threshold size of 16384&quot;" type="FAILED"/>
		<system-out>14:01:12 DEBUG deletedir failed to update permissions and delete /home/pi/actions-runner/_work/thin-edge.io/thin-edge.io/tests/PySys/tedge_mapper_c8y/tedge_mapper_c8y_packet_threshold_size/Output/linux on this attempt: [Errno 2] No such file or directory: '/home/pi/actions-runner/_work/thin-edge.io/thin-edge.io/tests/PySys/tedge_mapper_c8y/tedge_mapper_c8y_packet_threshold_size/Output/linux'
14:01:12 INFO  ==============================================================
14:01:12 INFO  Id:    tedge_mapper_c8y_packet_threshold_size
14:01:12 INFO  Dir:   tedge_mapper_c8y/
14:01:12 INFO  Title: Validate the Cumulocity Mapper accepted threshold packet size when it receives a message on tedge/measurements
14:01:12 DEBUG Execution order hint: 0.0
14:01:12 INFO  ==============================================================
14:01:12 DEBUG EnvironmentC8y Setup
14:01:12 INFO  EnvironmentC8y Setup
14:01:12 DEBUG Process parameters for systemctl&lt;serv_mapper1&gt;
  command line : /usr/bin/systemctl status tedge-mapper-c8y
    arg #1     : status
    arg #2     : tedge-mapper-c8y
  working dir  : /home/pi/actions-runner/_work/thin-edge.io/thin-edge.io/tests/PySys/tedge_mapper_c8y/tedge_mapper_c8y_packet_threshold_size/Output/linux
  stdout       : /home/pi/actions-runner/_work/thin-edge.io/thin-edge.io/tests/PySys/tedge_mapper_c8y/tedge_mapper_c8y_packet_threshold_size/Output/linux/serv_mapper1.out
  stderr       : /home/pi/actions-runner/_work/thin-edge.io/thin-edge.io/tests/PySys/tedge_mapper_c8y/tedge_mapper_c8y_packet_threshold_size/Output/linux/serv_mapper1.err
  environment  : LD_LIBRARY_PATH=/usr/lib
  environment  : PATH=/bin:/usr/bin:/usr/sbin:/usr/local/bin
                   #1  /bin
                   #2  /usr/bin
                   #3  /usr/sbin
                   #4  /usr/local/bin
14:01:12 DEBUG Waiting up to 600 secs for process systemctl&lt;serv_mapper1&gt; (pid 10463)
14:01:13 INFO  Executed systemctl&lt;serv_mapper1&gt;, exit status 3
14:01:13 INFO  Restarting mosquitto too frequently in the last 10 seconds. It was only up for 3 seconds
14:01:13 INFO  Delaying execution by 8 seconds
14:01:21 DEBUG Process parameters for sudo&lt;tedge_connect_c8y&gt;
  command line : /usr/bin/sudo /usr/bin/tedge connect c8y
    arg #1     : /usr/bin/tedge
    arg #2     : connect
    arg #3     : c8y
  working dir  : /home/pi/actions-runner/_work/thin-edge.io/thin-edge.io/tests/PySys/tedge_mapper_c8y/tedge_mapper_c8y_packet_threshold_size/Output/linux
  stdout       : /home/pi/actions-runner/_work/thin-edge.io/thin-edge.io/tests/PySys/tedge_mapper_c8y/tedge_mapper_c8y_packet_threshold_size/Output/linux/tedge_connect_c8y.out
  stderr       : /home/pi/actions-runner/_work/thin-edge.io/thin-edge.io/tests/PySys/tedge_mapper_c8y/tedge_mapper_c8y_packet_threshold_size/Output/linux/tedge_connect_c8y.err
  environment  : LD_LIBRARY_PATH=/usr/lib
  environment  : PATH=/bin:/usr/bin:/usr/sbin:/usr/local/bin
                   #1  /bin
                   #2  /usr/bin
                   #3  /usr/sbin
                   #4  /usr/local/bin
14:01:21 DEBUG Waiting up to 600 secs for process sudo&lt;tedge_connect_c8y&gt; (pid 10470)
14:01:31 INFO  Executed sudo&lt;tedge_connect_c8y&gt;, exit status 0
14:01:31 DEBUG Process parameters for sudo&lt;tedge_connect_c8y_test&gt;
  command line : /usr/bin/sudo /usr/bin/tedge connect c8y --test
    arg #1     : /usr/bin/tedge
    arg #2     : connect
    arg #3     : c8y
    arg #4     : --test
  working dir  : /home/pi/actions-runner/_work/thin-edge.io/thin-edge.io/tests/PySys/tedge_mapper_c8y/tedge_mapper_c8y_packet_threshold_size/Output/linux
  stdout       : /home/pi/actions-runner/_work/thin-edge.io/thin-edge.io/tests/PySys/tedge_mapper_c8y/tedge_mapper_c8y_packet_threshold_size/Output/linux/tedge_connect_c8y_test.out
  stderr       : /home/pi/actions-runner/_work/thin-edge.io/thin-edge.io/tests/PySys/tedge_mapper_c8y/tedge_mapper_c8y_packet_threshold_size/Output/linux/tedge_connect_c8y_test.err
  environment  : LD_LIBRARY_PATH=/usr/lib
  environment  : PATH=/bin:/usr/bin:/usr/sbin:/usr/local/bin
                   #1  /bin
                   #2  /usr/bin
                   #3  /usr/sbin
                   #4  /usr/local/bin
14:01:31 DEBUG Waiting up to 600 secs for process sudo&lt;tedge_connect_c8y_test&gt; (pid 10577)
14:01:32 INFO  Executed sudo&lt;tedge_connect_c8y_test&gt;, exit status 0
14:01:32 DEBUG Process parameters for systemctl&lt;serv_mosq2&gt;
  command line : /usr/bin/systemctl status mosquitto
    arg #1     : status
    arg #2     : mosquitto
  working dir  : /home/pi/actions-runner/_work/thin-edge.io/thin-edge.io/tests/PySys/tedge_mapper_c8y/tedge_mapper_c8y_packet_threshold_size/Output/linux
  stdout       : /home/pi/actions-runner/_work/thin-edge.io/thin-edge.io/tests/PySys/tedge_mapper_c8y/tedge_mapper_c8y_packet_threshold_size/Output/linux/serv_mosq2.out
  stderr       : /home/pi/actions-runner/_work/thin-edge.io/thin-edge.io/tests/PySys/tedge_mapper_c8y/tedge_mapper_c8y_packet_threshold_size/Output/linux/serv_mosq2.err
  environment  : LD_LIBRARY_PATH=/usr/lib
  environment  : PATH=/bin:/usr/bin:/usr/sbin:/usr/local/bin
                   #1  /bin
                   #2  /usr/bin
                   #3  /usr/sbin
                   #4  /usr/local/bin
14:01:32 DEBUG Waiting up to 600 secs for process systemctl&lt;serv_mosq2&gt; (pid 10584)
14:01:32 INFO  Executed systemctl&lt;serv_mosq2&gt;, exit status 0
14:01:32 DEBUG Process parameters for systemctl&lt;serv_mapper3&gt;
  command line : /usr/bin/systemctl status tedge-mapper-c8y
    arg #1     : status
    arg #2     : tedge-mapper-c8y
  working dir  : /home/pi/actions-runner/_work/thin-edge.io/thin-edge.io/tests/PySys/tedge_mapper_c8y/tedge_mapper_c8y_packet_threshold_size/Output/linux
  stdout       : /home/pi/actions-runner/_work/thin-edge.io/thin-edge.io/tests/PySys/tedge_mapper_c8y/tedge_mapper_c8y_packet_threshold_size/Output/linux/serv_mapper3.out
  stderr       : /home/pi/actions-runner/_work/thin-edge.io/thin-edge.io/tests/PySys/tedge_mapper_c8y/tedge_mapper_c8y_packet_threshold_size/Output/linux/serv_mapper3.err
  environment  : LD_LIBRARY_PATH=/usr/lib
  environment  : PATH=/bin:/usr/bin:/usr/sbin:/usr/local/bin
                   #1  /bin
                   #2  /usr/bin
                   #3  /usr/sbin
                   #4  /usr/local/bin
14:01:32 DEBUG Waiting up to 600 secs for process systemctl&lt;serv_mapper3&gt; (pid 10585)
14:01:32 INFO  Executed systemctl&lt;serv_mapper3&gt;, exit status 0
14:01:32 DEBUG Process parameters for sudo&lt;tedge_mapper_c8y&gt;
  command line : /usr/bin/sudo systemctl start tedge-mapper-c8y
    arg #1     : systemctl
    arg #2     : start
    arg #3     : tedge-mapper-c8y
  working dir  : /home/pi/actions-runner/_work/thin-edge.io/thin-edge.io/tests/PySys/tedge_mapper_c8y/tedge_mapper_c8y_packet_threshold_size/Output/linux
  stdout       : /home/pi/actions-runner/_work/thin-edge.io/thin-edge.io/tests/PySys/tedge_mapper_c8y/tedge_mapper_c8y_packet_threshold_size/Output/linux/tedge_mapper_c8y.out
  stderr       : /home/pi/actions-runner/_work/thin-edge.io/thin-edge.io/tests/PySys/tedge_mapper_c8y/tedge_mapper_c8y_packet_threshold_size/Output/linux/tedge_mapper_c8y.err
  environment  : LD_LIBRARY_PATH=/usr/lib
  environment  : PATH=/bin:/usr/bin:/usr/sbin:/usr/local/bin
                   #1  /bin
                   #2  /usr/bin
                   #3  /usr/sbin
                   #4  /usr/local/bin
14:01:32 DEBUG Waiting up to 600 secs for process sudo&lt;tedge_mapper_c8y&gt; (pid 10586)
14:01:32 INFO  Executed sudo&lt;tedge_mapper_c8y&gt;, exit status 0
14:01:32 DEBUG --- test execute
14:01:32 DEBUG Process parameters for sudo&lt;tedge_sub&gt;
  command line : /usr/bin/sudo /usr/bin/tedge mqtt sub --no-topic tedge/errors
    arg #1     : /usr/bin/tedge
    arg #2     : mqtt
    arg #3     : sub
    arg #4     : --no-topic
    arg #5     : tedge/errors
  working dir  : /home/pi/actions-runner/_work/thin-edge.io/thin-edge.io/tests/PySys/tedge_mapper_c8y/tedge_mapper_c8y_packet_threshold_size/Output/linux
  stdout       : /home/pi/actions-runner/_work/thin-edge.io/thin-edge.io/tests/PySys/tedge_mapper_c8y/tedge_mapper_c8y_packet_threshold_size/Output/linux/tedge_sub.out
  stderr       : /home/pi/actions-runner/_work/thin-edge.io/thin-edge.io/tests/PySys/tedge_mapper_c8y/tedge_mapper_c8y_packet_threshold_size/Output/linux/tedge_sub.err
  environment  : LD_LIBRARY_PATH=/usr/lib
  environment  : PATH=/bin:/usr/bin:/usr/sbin:/usr/local/bin
                   #1  /bin
                   #2  /usr/bin
                   #3  /usr/sbin
                   #4  /usr/local/bin
14:01:32 INFO  Started sudo&lt;tedge_sub&gt; with process id 10588
14:01:32 DEBUG Process parameters for sudo&lt;tedge_msg&gt;
  command line : /usr/bin/sudo dd if=/dev/zero of=/tmp/big_message.txt bs=10 count=1 seek=2048
    arg #1     : dd
    arg #2     : if=/dev/zero
    arg #3     : of=/tmp/big_message.txt
    arg #4     : bs=10
    arg #5     : count=1
    arg #6     : seek=2048
  working dir  : /home/pi/actions-runner/_work/thin-edge.io/thin-edge.io/tests/PySys/tedge_mapper_c8y/tedge_mapper_c8y_packet_threshold_size/Output/linux
  stdout       : /home/pi/actions-runner/_work/thin-edge.io/thin-edge.io/tests/PySys/tedge_mapper_c8y/tedge_mapper_c8y_packet_threshold_size/Output/linux/tedge_msg.out
  stderr       : /home/pi/actions-runner/_work/thin-edge.io/thin-edge.io/tests/PySys/tedge_mapper_c8y/tedge_mapper_c8y_packet_threshold_size/Output/linux/tedge_msg.err
  environment  : LD_LIBRARY_PATH=/usr/lib
  environment  : PATH=/bin:/usr/bin:/usr/sbin:/usr/local/bin
                   #1  /bin
                   #2  /usr/bin
                   #3  /usr/sbin
                   #4  /usr/local/bin
14:01:32 DEBUG Waiting up to 600 secs for process sudo&lt;tedge_msg&gt; (pid 10590)
14:01:33 INFO  Executed sudo&lt;tedge_msg&gt;, exit status 0
14:01:33 DEBUG Process parameters for sudo&lt;tedge_pub&gt;
  command line : /usr/bin/sudo /usr/bin/mosquitto_pub -t tedge/measurements -f /tmp/big_message.txt
    arg #1     : /usr/bin/mosquitto_pub
    arg #2     : -t
    arg #3     : tedge/measurements
    arg #4     : -f
    arg #5     : /tmp/big_message.txt
  working dir  : /home/pi/actions-runner/_work/thin-edge.io/thin-edge.io/tests/PySys/tedge_mapper_c8y/tedge_mapper_c8y_packet_threshold_size/Output/linux
  stdout       : /home/pi/actions-runner/_work/thin-edge.io/thin-edge.io/tests/PySys/tedge_mapper_c8y/tedge_mapper_c8y_packet_threshold_size/Output/linux/tedge_pub.out
  stderr       : /home/pi/actions-runner/_work/thin-edge.io/thin-edge.io/tests/PySys/tedge_mapper_c8y/tedge_mapper_c8y_packet_threshold_size/Output/linux/tedge_pub.err
  environment  : LD_LIBRARY_PATH=/usr/lib
  environment  : PATH=/bin:/usr/bin:/usr/sbin:/usr/local/bin
                   #1  /bin
                   #2  /usr/bin
                   #3  /usr/sbin
                   #4  /usr/local/bin
14:01:33 DEBUG Waiting up to 600 secs for process sudo&lt;tedge_pub&gt; (pid 10595)
14:01:33 INFO  Executed sudo&lt;tedge_pub&gt;, exit status 0
14:01:33 DEBUG Process parameters for sudo&lt;kill_out&gt;
  command line : /usr/bin/sudo killall tedge
    arg #1     : killall
    arg #2     : tedge
  working dir  : /home/pi/actions-runner/_work/thin-edge.io/thin-edge.io/tests/PySys/tedge_mapper_c8y/tedge_mapper_c8y_packet_threshold_size/Output/linux
  stdout       : /home/pi/actions-runner/_work/thin-edge.io/thin-edge.io/tests/PySys/tedge_mapper_c8y/tedge_mapper_c8y_packet_threshold_size/Output/linux/kill_out.out
  stderr       : /home/pi/actions-runner/_work/thin-edge.io/thin-edge.io/tests/PySys/tedge_mapper_c8y/tedge_mapper_c8y_packet_threshold_size/Output/linux/kill_out.err
  environment  : LD_LIBRARY_PATH=/usr/lib
  environment  : PATH=/bin:/usr/bin:/usr/sbin:/usr/local/bin
                   #1  /bin
                   #2  /usr/bin
                   #3  /usr/sbin
                   #4  /usr/local/bin
14:01:33 DEBUG Waiting up to 600 secs for process sudo&lt;kill_out&gt; (pid 10597)
14:01:33 INFO  Executed sudo&lt;kill_out&gt;, exit status 0
14:01:33 DEBUG --- test validate
14:01:33 DEBUG Performing regex contains=True grep on file: /home/pi/actions-runner/_work/thin-edge.io/thin-edge.io/tests/PySys/tedge_mapper_c8y/tedge_mapper_c8y_packet_threshold_size/Output/linux/tedge_sub.out
14:01:34 WARN  Grep on tedge_sub.out contains &quot;The size of the message received on tedge/measurements is 20489 which is greater than the threshold size of 16384&quot; ... failed [run.py:90]
14:01:34 DEBUG --- test cleanup
14:01:34 INFO  
14:01:34 INFO  cleanup:
14:01:34 DEBUG Running registered cleanup function: &lt;bound method TedgeMapperC8yThresholdPacketSize.mapper_cleanup of &lt;TedgeMapperC8yThresholdPacketSize object at 0x75b275b0&gt;&gt;
14:01:34 INFO  mapper_cleanup
14:01:34 DEBUG Process parameters for sudo&lt;tedge_mapper_c8y&gt;
  command line : /usr/bin/sudo systemctl stop tedge-mapper-c8y
    arg #1     : systemctl
    arg #2     : stop
    arg #3     : tedge-mapper-c8y
  working dir  : /home/pi/actions-runner/_work/thin-edge.io/thin-edge.io/tests/PySys/tedge_mapper_c8y/tedge_mapper_c8y_packet_threshold_size/Output/linux
  stdout       : /home/pi/actions-runner/_work/thin-edge.io/thin-edge.io/tests/PySys/tedge_mapper_c8y/tedge_mapper_c8y_packet_threshold_size/Output/linux/tedge_mapper_c8y.out
  stderr       : /home/pi/actions-runner/_work/thin-edge.io/thin-edge.io/tests/PySys/tedge_mapper_c8y/tedge_mapper_c8y_packet_threshold_size/Output/linux/tedge_mapper_c8y.err
  environment  : LD_LIBRARY_PATH=/usr/lib
  environment  : PATH=/bin:/usr/bin:/usr/sbin:/usr/local/bin
                   #1  /bin
                   #2  /usr/bin
                   #3  /usr/sbin
                   #4  /usr/local/bin
14:01:34 DEBUG Waiting up to 600 secs for process sudo&lt;tedge_mapper_c8y&gt; (pid 10599)
14:01:34 INFO  Executed sudo&lt;tedge_mapper_c8y&gt;, exit status 0
14:01:34 DEBUG Running registered cleanup function: &lt;bound method EnvironmentC8y.myenvcleanup of &lt;TedgeMapperC8yThresholdPacketSize object at 0x75b275b0&gt;&gt;
14:01:34 DEBUG EnvironmentC8y Cleanup
14:01:34 DEBUG Process parameters for sudo&lt;tedge_disconnect_c8y&gt;
  command line : /usr/bin/sudo /usr/bin/tedge disconnect c8y
    arg #1     : /usr/bin/tedge
    arg #2     : disconnect
    arg #3     : c8y
  working dir  : /home/pi/actions-runner/_work/thin-edge.io/thin-edge.io/tests/PySys/tedge_mapper_c8y/tedge_mapper_c8y_packet_threshold_size/Output/linux
  stdout       : /home/pi/actions-runner/_work/thin-edge.io/thin-edge.io/tests/PySys/tedge_mapper_c8y/tedge_mapper_c8y_packet_threshold_size/Output/linux/tedge_disconnect_c8y.out
  stderr       : /home/pi/actions-runner/_work/thin-edge.io/thin-edge.io/tests/PySys/tedge_mapper_c8y/tedge_mapper_c8y_packet_threshold_size/Output/linux/tedge_disconnect_c8y.err
  environment  : LD_LIBRARY_PATH=/usr/lib
  environment  : PATH=/bin:/usr/bin:/usr/sbin:/usr/local/bin
                   #1  /bin
                   #2  /usr/bin
                   #3  /usr/sbin
                   #4  /usr/local/bin
14:01:34 DEBUG Waiting up to 600 secs for process sudo&lt;tedge_disconnect_c8y&gt; (pid 10604)
14:01:36 INFO  Executed sudo&lt;tedge_disconnect_c8y&gt;, exit status 0
14:01:36 DEBUG Process parameters for systemctl&lt;serv_mapper5&gt;
  command line : /usr/bin/systemctl status tedge-mapper-c8y
    arg #1     : status
    arg #2     : tedge-mapper-c8y
  working dir  : /home/pi/actions-runner/_work/thin-edge.io/thin-edge.io/tests/PySys/tedge_mapper_c8y/tedge_mapper_c8y_packet_threshold_size/Output/linux
  stdout       : /home/pi/actions-runner/_work/thin-edge.io/thin-edge.io/tests/PySys/tedge_mapper_c8y/tedge_mapper_c8y_packet_threshold_size/Output/linux/serv_mapper5.out
  stderr       : /home/pi/actions-runner/_work/thin-edge.io/thin-edge.io/tests/PySys/tedge_mapper_c8y/tedge_mapper_c8y_packet_threshold_size/Output/linux/serv_mapper5.err
  environment  : LD_LIBRARY_PATH=/usr/lib
  environment  : PATH=/bin:/usr/bin:/usr/sbin:/usr/local/bin
                   #1  /bin
                   #2  /usr/bin
                   #3  /usr/sbin
                   #4  /usr/local/bin
14:01:36 DEBUG Waiting up to 600 secs for process systemctl&lt;serv_mapper5&gt; (pid 10644)
14:01:37 INFO  Executed systemctl&lt;serv_mapper5&gt;, exit status 3
14:01:37 DEBUG ProcessUser cleanup function done.
14:01:37 INFO  
14:01:37 INFO  Test duration: 24.47 secs
14:01:37 INFO  Test final outcome:  FAILED
14:01:37 INFO  Test outcome reason: Grep on tedge_sub.out contains &quot;The size of the message received on tedge/measurements is 20489 which is greater than the threshold size of 16384&quot;
14:01:37 INFO  
</system-out>
	</testcase>
</testsuite>
