<?xml version="1.0" encoding="utf-8"?>
<testsuite failures="0" name="apt_prepare" skipped="1" tests="1" time="0.02" timestamp="2022-04-04T08:20:24">
	<testcase classname="AptPluginPrepare" name="apt_prepare">
		<skipped message="SKIPPED: Testing the apt plugin is not supported on this platform.To run the tests call PySys with -XmyPlatform='container'"/>
		<system-out>08:20:24 DEBUG deletedir failed to update permissions and delete /home/pi/actions-runner/_work/thin-edge.io/thin-edge.io/tests/PySys/plugin_apt/apt_prepare/Output/linux on this attempt: [Errno 2] No such file or directory: '/home/pi/actions-runner/_work/thin-edge.io/thin-edge.io/tests/PySys/plugin_apt/apt_prepare/Output/linux'
08:20:24 INFO  ==============================================================
08:20:24 INFO  Id:    apt_prepare
08:20:24 INFO  Dir:   plugin_apt/
08:20:24 INFO  Title: Validate apt plugin install - dense version
08:20:24 DEBUG Execution order hint: 0.0
08:20:24 INFO  ==============================================================
08:20:24 INFO  Testing the apt plugin is not supported on this platform.To run the tests call PySys with -XmyPlatform='container' ... skipped
08:20:24 WARN  Aborted test due to SKIPPED outcome
08:20:24 DEBUG --- test cleanup
08:20:24 DEBUG ProcessUser cleanup function done.
08:20:24 INFO  
08:20:24 INFO  Test duration: 0.02 secs
08:20:24 INFO  Test final outcome:  SKIPPED
08:20:24 INFO  Test outcome reason: Testing the apt plugin is not supported on this platform.To run the tests call PySys with -XmyPlatform='container'
08:20:24 INFO  
</system-out>
	</testcase>
</testsuite>
