<?xml version="1.0" encoding="utf-8"?>
<testsuite failures="0" name="invalid_device_id" skipped="0" tests="1" time="2.49" timestamp="2022-03-04T12:03:49">
	<testcase classname="InvalidDeviceId" name="invalid_device_id"/>
</testsuite>
