<?xml version="1.0" encoding="utf-8"?>
<testsuite failures="0" name="publish_sawmill" skipped="0" tests="1" time="73.53" timestamp="2022-03-29T16:41:47">
	<testcase classname="PublishSawmill" name="publish_sawmill"/>
</testsuite>
