<?xml version="1.0" encoding="utf-8"?>
<testsuite failures="0" name="apt_remove_fail" skipped="1" tests="1" time="0.01" timestamp="2022-02-16T09:25:03">
	<testcase classname="AptPluginRemoveFails" name="apt_remove_fail"/>
</testsuite>
