<?xml version="1.0" encoding="utf-8"?>
<testsuite failures="0" name="c8y_restart_bridge" skipped="0" tests="1" time="18.02" timestamp="2022-02-15T15:46:53">
	<testcase classname="RestartBridge" name="c8y_restart_bridge"/>
</testsuite>
