<?xml version="1.0" encoding="utf-8"?>
<testsuite failures="0" name="smoketest_json" skipped="0" tests="1" time="40.36" timestamp="2022-02-14T08:38:49">
	<testcase classname="SmokeTestJson" name="smoketest_json"/>
</testsuite>
