<?xml version="1.0" encoding="utf-8"?>
<testsuite failures="0" name="tedge_agent_user_sudo_access" skipped="1" tests="1" time="0.01" timestamp="2022-03-21T12:56:45">
	<testcase classname="TedgeAgentUserSudoAccess" name="tedge_agent_user_sudo_access">
		<skipped message="SKIPPED: #955 Observation: Exit code of the apt plugin when called with no arguments"/>
		<system-out>12:56:45 DEBUG deletedir failed to update permissions and delete /home/pi/actions-runner/_work/thin-edge.io/thin-edge.io/tests/PySys/tedge/tedge_agent_user_sudo_access/Output/linux on this attempt: [Errno 2] No such file or directory: '/home/pi/actions-runner/_work/thin-edge.io/thin-edge.io/tests/PySys/tedge/tedge_agent_user_sudo_access/Output/linux'
12:56:45 INFO  ==============================================================
12:56:45 INFO  Id:    tedge_agent_user_sudo_access
12:56:45 INFO  Dir:   tedge/
12:56:45 INFO  Title: Validate tedge-agent user has a limited sudo right
12:56:45 DEBUG Execution order hint: 0.0
12:56:45 INFO  ==============================================================
12:56:45 INFO  #955 Observation: Exit code of the apt plugin when called with no arguments ... skipped
12:56:45 DEBUG --- test cleanup
12:56:45 DEBUG ProcessUser cleanup function done.
12:56:45 INFO  
12:56:45 INFO  Test duration: 0.01 secs
12:56:45 INFO  Test final outcome:  SKIPPED
12:56:45 INFO  Test outcome reason: #955 Observation: Exit code of the apt plugin when called with no arguments
12:56:45 INFO  
</system-out>
	</testcase>
</testsuite>
