<?xml version="1.0" encoding="utf-8"?>
<testsuite failures="0" name="tedge_mapper_az_without_timestamp" skipped="0" tests="1" time="2.17" timestamp="2022-03-22T13:58:59">
	<testcase classname="TedgeMapperAzWithoutTimestamp" name="tedge_mapper_az_without_timestamp"/>
</testsuite>
