<?xml version="1.0" encoding="utf-8"?>
<testsuite failures="0" name="docker_plugin_install" skipped="1" tests="1" time="0.02" timestamp="2022-04-04T08:20:24">
	<testcase classname="DockerPluginInstallTest" name="docker_plugin_install">
		<skipped message="SKIPPED: Testing the docker plugin is not supported on this platform.To run it, all the test with -XmyPlatform='container'"/>
		<system-out>08:20:24 DEBUG deletedir failed to update permissions and delete /home/pi/actions-runner/_work/thin-edge.io/thin-edge.io/tests/PySys/plugin_docker/docker_plugin_install/Output/linux on this attempt: [Errno 2] No such file or directory: '/home/pi/actions-runner/_work/thin-edge.io/thin-edge.io/tests/PySys/plugin_docker/docker_plugin_install/Output/linux'
08:20:24 INFO  ==============================================================
08:20:24 INFO  Id:    docker_plugin_install
08:20:24 INFO  Dir:   plugin_docker/
08:20:24 INFO  Title: Validate docker plugin install
08:20:24 DEBUG Execution order hint: 0.0
08:20:24 INFO  ==============================================================
08:20:24 INFO  Testing the docker plugin is not supported on this platform.To run it, all the test with -XmyPlatform='container' ... skipped
08:20:24 WARN  Aborted test due to SKIPPED outcome
08:20:24 DEBUG --- test cleanup
08:20:24 DEBUG ProcessUser cleanup function done.
08:20:24 INFO  
08:20:24 INFO  Test duration: 0.02 secs
08:20:24 INFO  Test final outcome:  SKIPPED
08:20:24 INFO  Test outcome reason: Testing the docker plugin is not supported on this platform.To run it, all the test with -XmyPlatform='container'
08:20:24 INFO  
</system-out>
	</testcase>
</testsuite>
