<?xml version="1.0" encoding="utf-8"?>
<testsuite failures="0" name="custom_init_system" skipped="0" tests="1" time="27.66" timestamp="2022-02-09T11:11:01">
	<testcase classname="CustomInitSystem" name="custom_init_system"/>
</testsuite>
