<?xml version="1.0" encoding="utf-8"?>
<testsuite failures="1" name="tedge_agent_user_sudo_access" skipped="0" tests="1" time="1.09" timestamp="2022-02-24T13:45:36">
	<testcase classname="TedgeAgentUserSudoAccess" name="tedge_agent_user_sudo_access">
		<failure message="BLOCKED: sudo&lt;apt&gt; returned exit code 2 (expected ==1)" type="BLOCKED"/>
		<system-out>13:45:35 INFO  ==============================================================
13:45:35 INFO  Id:    tedge_agent_user_sudo_access
13:45:35 INFO  Dir:   tedge/
13:45:35 INFO  Title: Validate tedge-agent user has a limited sudo right
13:45:35 DEBUG Execution order hint: 0.0
13:45:35 INFO  ==============================================================
13:45:35 INFO  Copy apt plugin 'deb'
13:45:35 DEBUG Process parameters for sudo&lt;copy_apt_plugin&gt;
  command line : /usr/bin/sudo cp /etc/tedge/sm-plugins/apt /etc/tedge/sm-plugins/deb
    arg #1     : cp
    arg #2     : /etc/tedge/sm-plugins/apt
    arg #3     : /etc/tedge/sm-plugins/deb
  working dir  : /home/pi/actions-runner/_work/thin-edge.io/thin-edge.io/tests/PySys/tedge/tedge_agent_user_sudo_access/Output/linux
  stdout       : /home/pi/actions-runner/_work/thin-edge.io/thin-edge.io/tests/PySys/tedge/tedge_agent_user_sudo_access/Output/linux/copy_apt_plugin.out
  stderr       : /home/pi/actions-runner/_work/thin-edge.io/thin-edge.io/tests/PySys/tedge/tedge_agent_user_sudo_access/Output/linux/copy_apt_plugin.err
  environment  : LD_LIBRARY_PATH=/usr/lib
  environment  : PATH=/bin:/usr/bin:/usr/sbin:/usr/local/bin
                   #1  /bin
                   #2  /usr/bin
                   #3  /usr/sbin
                   #4  /usr/local/bin
13:45:35 DEBUG Waiting up to 600 secs for process sudo&lt;copy_apt_plugin&gt; (pid 27878)
13:45:35 INFO  Executed sudo&lt;copy_apt_plugin&gt;, exit status 0
13:45:35 DEBUG --- test execute
13:45:35 DEBUG Process parameters for sudo&lt;apt&gt;
  command line : /usr/bin/sudo -u tedge-agent /usr/bin/sudo /etc/tedge/sm-plugins/apt
    arg #1     : -u
    arg #2     : tedge-agent
    arg #3     : /usr/bin/sudo
    arg #4     : /etc/tedge/sm-plugins/apt
  working dir  : /home/pi/actions-runner/_work/thin-edge.io/thin-edge.io/tests/PySys/tedge/tedge_agent_user_sudo_access/Output/linux
  stdout       : /home/pi/actions-runner/_work/thin-edge.io/thin-edge.io/tests/PySys/tedge/tedge_agent_user_sudo_access/Output/linux/apt.out
  stderr       : /home/pi/actions-runner/_work/thin-edge.io/thin-edge.io/tests/PySys/tedge/tedge_agent_user_sudo_access/Output/linux/apt.err
  environment  : LD_LIBRARY_PATH=/usr/lib
  environment  : PATH=/bin:/usr/bin:/usr/sbin:/usr/local/bin
                   #1  /bin
                   #2  /usr/bin
                   #3  /usr/sbin
                   #4  /usr/local/bin
13:45:35 DEBUG Waiting up to 600 secs for process sudo&lt;apt&gt; (pid 27881)
13:45:35 WARN  Executed sudo&lt;apt&gt;, exit status 2
13:45:35 DEBUG Opening file using encoding=UTF-8: /home/pi/actions-runner/_work/thin-edge.io/thin-edge.io/tests/PySys/tedge/tedge_agent_user_sudo_access/Output/linux/apt.err
13:45:35 INFO  Contents of apt.err: 
13:45:35 INFO    tedge_apt_plugin
13:45:35 INFO    USAGE:
13:45:35 INFO        apt &lt;SUBCOMMAND&gt;
13:45:35 INFO    OPTIONS:
13:45:35 INFO        -h, --help    Print help information
13:45:35 INFO    SUBCOMMANDS:
13:45:35 INFO        finalize       Finalize a sequences of install/remove commands
13:45:35 INFO        help           Print this message or the help of the given subcommand(s)
13:45:35 INFO        install        Install a module
13:45:35 INFO        list           List all the installed modules
13:45:35 INFO        prepare        Prepare a sequences of install/remove commands
13:45:35 INFO        remove         Uninstall a module
13:45:35 INFO        update-list    Install or remove multiple modules at once
13:45:35 INFO    -----
13:45:35 INFO  
13:45:35 WARN  sudo&lt;apt&gt; returned exit code 2 (expected ==1) ... blocked [run.py:35]
13:45:35 WARN  Aborted test due to BLOCKED outcome
13:45:35 DEBUG --- test cleanup
13:45:35 INFO  
13:45:35 INFO  cleanup:
13:45:35 DEBUG Running registered cleanup function: &lt;bound method TedgeAgentUserSudoAccess.mycleanup of &lt;TedgeAgentUserSudoAccess object at 0x75b69970&gt;&gt;
13:45:35 INFO  Remove the copied apt 'deb' plugin
13:45:35 DEBUG Process parameters for sudo&lt;remove_copied_apt_plugin&gt;
  command line : /usr/bin/sudo rm /etc/tedge/sm-plugins/deb
    arg #1     : rm
    arg #2     : /etc/tedge/sm-plugins/deb
  working dir  : /home/pi/actions-runner/_work/thin-edge.io/thin-edge.io/tests/PySys/tedge/tedge_agent_user_sudo_access/Output/linux
  stdout       : /home/pi/actions-runner/_work/thin-edge.io/thin-edge.io/tests/PySys/tedge/tedge_agent_user_sudo_access/Output/linux/remove_copied_apt_plugin.out
  stderr       : /home/pi/actions-runner/_work/thin-edge.io/thin-edge.io/tests/PySys/tedge/tedge_agent_user_sudo_access/Output/linux/remove_copied_apt_plugin.err
  environment  : LD_LIBRARY_PATH=/usr/lib
  environment  : PATH=/bin:/usr/bin:/usr/sbin:/usr/local/bin
                   #1  /bin
                   #2  /usr/bin
                   #3  /usr/sbin
                   #4  /usr/local/bin
13:45:35 DEBUG Waiting up to 600 secs for process sudo&lt;remove_copied_apt_plugin&gt; (pid 27884)
13:45:36 INFO  Executed sudo&lt;remove_copied_apt_plugin&gt;, exit status 0
13:45:36 DEBUG ProcessUser cleanup function done.
13:45:36 INFO  
13:45:36 INFO  Test duration: 1.09 secs
13:45:36 INFO  Test final outcome:  BLOCKED
13:45:36 INFO  Test outcome reason: sudo&lt;apt&gt; returned exit code 2 (expected ==1)
13:45:36 INFO  
</system-out>
	</testcase>
</testsuite>
