<?xml version="1.0" encoding="utf-8"?>
<testsuite failures="0" name="tedge_agent_user_sudo_access" skipped="1" tests="1" time="0.03" timestamp="2022-03-02T08:53:05">
	<testcase classname="TedgeAgentUserSudoAccess" name="tedge_agent_user_sudo_access"/>
</testsuite>
