<?xml version="1.0" encoding="utf-8"?>
<testsuite failures="0" name="SoftwareManagement.Plugin.apama_plugin_install" skipped="1" tests="1" time="0.03" timestamp="2022-03-22T13:46:36">
	<testcase classname="ApamaPluginInstallTest" name="SoftwareManagement.Plugin.apama_plugin_install">
		<skipped message="SKIPPED: Apama plugin tests are disabled by default. Execute `pysys run` with `-XmyPlatform=container` to run these tests"/>
		<system-out>13:46:36 DEBUG deletedir failed to update permissions and delete /home/pi/actions-runner/_work/thin-edge.io/thin-edge.io/tests/PySys/plugin_apama/apama_plugin_install/Output/linux on this attempt: [Errno 2] No such file or directory: '/home/pi/actions-runner/_work/thin-edge.io/thin-edge.io/tests/PySys/plugin_apama/apama_plugin_install/Output/linux'
13:46:36 INFO  ==============================================================
13:46:36 INFO  Id:    SoftwareManagement.Plugin.apama_plugin_install
13:46:36 INFO  Dir:   plugin_apama/
13:46:36 INFO  Title: Validate apama plugin install
13:46:36 DEBUG Execution order hint: 0.0
13:46:36 INFO  ==============================================================
13:46:36 INFO  Apama plugin tests are disabled by default. Execute `pysys run` with `-XmyPlatform=container` to run these tests ... skipped
13:46:36 WARN  Aborted test due to SKIPPED outcome
13:46:36 DEBUG --- test cleanup
13:46:36 DEBUG ProcessUser cleanup function done.
13:46:36 INFO  
13:46:36 INFO  Test duration: 0.03 secs
13:46:36 INFO  Test final outcome:  SKIPPED
13:46:36 INFO  Test outcome reason: Apama plugin tests are disabled by default. Execute `pysys run` with `-XmyPlatform=container` to run these tests
13:46:36 INFO  
</system-out>
	</testcase>
</testsuite>
