<?xml version="1.0" encoding="utf-8"?>
<testsuite failures="0" name="SoftwareManagement.sm_apt_install_remove" skipped="1" tests="1" time="0.03" timestamp="2022-03-30T08:28:03">
	<testcase classname="PySysTest" name="SoftwareManagement.sm_apt_install_remove">
		<skipped message="SKIPPED: Testing the apt plugin is not supported on this platform.Use parameter -XmyPlatform='container' to enable it"/>
		<system-out>08:28:03 DEBUG deletedir failed to update permissions and delete /home/pi/actions-runner/_work/thin-edge.io/thin-edge.io/tests/PySys/software_management_end_to_end/sm_apt_install_remove/Output/linux on this attempt: [Errno 2] No such file or directory: '/home/pi/actions-runner/_work/thin-edge.io/thin-edge.io/tests/PySys/software_management_end_to_end/sm_apt_install_remove/Output/linux'
08:28:03 INFO  ==============================================================
08:28:03 INFO  Id:    SoftwareManagement.sm_apt_install_remove
08:28:03 INFO  Dir:   software_management_end_to_end/
08:28:03 INFO  Title: Validate end to end behaviour for the apt plugin for installation and removal of packages
08:28:03 DEBUG Execution order hint: 0.0
08:28:03 INFO  ==============================================================
08:28:03 INFO  Testing the apt plugin is not supported on this platform.Use parameter -XmyPlatform='container' to enable it ... skipped
08:28:03 WARN  Aborted test due to SKIPPED outcome
08:28:03 DEBUG --- test cleanup
08:28:03 DEBUG ProcessUser cleanup function done.
08:28:03 INFO  
08:28:03 INFO  Test duration: 0.03 secs
08:28:03 INFO  Test final outcome:  SKIPPED
08:28:03 INFO  Test outcome reason: Testing the apt plugin is not supported on this platform.Use parameter -XmyPlatform='container' to enable it
08:28:03 INFO  
</system-out>
	</testcase>
</testsuite>
