<?xml version="1.0" encoding="utf-8"?>
<testsuite failures="0" name="smoketest_json" skipped="0" tests="1" time="39.52" timestamp="2022-03-21T12:49:33">
	<testcase classname="SmokeTestJson" name="smoketest_json"/>
</testsuite>
