<?xml version="1.0" encoding="utf-8"?>
<testsuite failures="0" name="SoftwareManagement.Plugin.apama_plugin_install" skipped="1" tests="1" time="0.04" timestamp="2022-03-21T12:46:31">
	<testcase classname="ApamaPluginInstallTest" name="SoftwareManagement.Plugin.apama_plugin_install">
		<skipped message="SKIPPED: Apama plugin tests are disabled by default. Execute `pysys run` with `-XmyPlatform=container` to run these tests"/>
		<system-out>12:46:31 DEBUG deletedir failed to update permissions and delete /home/pi/actions-runner/_work/thin-edge.io/thin-edge.io/tests/PySys/plugin_apama/apama_plugin_install/Output/linux on this attempt: [Errno 2] No such file or directory: '/home/pi/actions-runner/_work/thin-edge.io/thin-edge.io/tests/PySys/plugin_apama/apama_plugin_install/Output/linux'
12:46:31 INFO  ==============================================================
12:46:31 INFO  Id:    SoftwareManagement.Plugin.apama_plugin_install
12:46:31 INFO  Dir:   plugin_apama/
12:46:31 INFO  Title: Validate apama plugin install
12:46:31 DEBUG Execution order hint: 0.0
12:46:31 INFO  ==============================================================
12:46:31 INFO  Apama plugin tests are disabled by default. Execute `pysys run` with `-XmyPlatform=container` to run these tests ... skipped
12:46:31 WARN  Aborted test due to SKIPPED outcome
12:46:31 DEBUG --- test cleanup
12:46:31 DEBUG ProcessUser cleanup function done.
12:46:31 INFO  
12:46:31 INFO  Test duration: 0.04 secs
12:46:31 INFO  Test final outcome:  SKIPPED
12:46:31 INFO  Test outcome reason: Apama plugin tests are disabled by default. Execute `pysys run` with `-XmyPlatform=container` to run these tests
12:46:31 INFO  
</system-out>
	</testcase>
</testsuite>
