<?xml version="1.0" encoding="utf-8"?>
<testsuite failures="0" name="publish_flux" skipped="0" tests="1" time="65.47" timestamp="2022-03-30T08:19:17">
	<testcase classname="PublishFlux" name="publish_flux"/>
</testsuite>
