<?xml version="1.0" encoding="utf-8"?>
<testsuite failures="0" name="invalid_device_id" skipped="0" tests="1" time="2.58" timestamp="2022-04-04T08:19:23">
	<testcase classname="InvalidDeviceId" name="invalid_device_id"/>
</testsuite>
