<?xml version="1.0" encoding="utf-8"?>
<testsuite failures="0" name="publish_flux" skipped="0" tests="1" time="65.44" timestamp="2022-03-21T16:49:50">
	<testcase classname="PublishFlux" name="publish_flux"/>
</testsuite>
