<?xml version="1.0" encoding="utf-8"?>
<testsuite failures="0" name="SoftwareManagement.sm_docker_install_remove_multiple" skipped="1" tests="1" time="0.02" timestamp="2022-03-30T08:28:04">
	<testcase classname="SMDockerInstallRemove" name="SoftwareManagement.sm_docker_install_remove_multiple">
		<skipped message="SKIPPED: Testing the apt plugin is not supported on this platform.Use parameter -XmyPlatform='container' to enable it"/>
		<system-out>08:28:04 DEBUG deletedir failed to update permissions and delete /home/pi/actions-runner/_work/thin-edge.io/thin-edge.io/tests/PySys/software_management_end_to_end/sm_docker_install_remove_multiple/Output/linux on this attempt: [Errno 2] No such file or directory: '/home/pi/actions-runner/_work/thin-edge.io/thin-edge.io/tests/PySys/software_management_end_to_end/sm_docker_install_remove_multiple/Output/linux'
08:28:04 INFO  ==============================================================
08:28:04 INFO  Id:    SoftwareManagement.sm_docker_install_remove_multiple
08:28:04 INFO  Dir:   software_management_end_to_end/
08:28:04 INFO  Title: Validate end to end behaviour for the docker plugin for multiple docker images with mixed versions
08:28:04 DEBUG Execution order hint: 0.0
08:28:04 INFO  ==============================================================
08:28:04 INFO  Testing the apt plugin is not supported on this platform.Use parameter -XmyPlatform='container' to enable it ... skipped
08:28:04 WARN  Aborted test due to SKIPPED outcome
08:28:04 DEBUG --- test cleanup
08:28:04 DEBUG ProcessUser cleanup function done.
08:28:04 INFO  
08:28:04 INFO  Test duration: 0.02 secs
08:28:04 INFO  Test final outcome:  SKIPPED
08:28:04 INFO  Test outcome reason: Testing the apt plugin is not supported on this platform.Use parameter -XmyPlatform='container' to enable it
08:28:04 INFO  
</system-out>
	</testcase>
</testsuite>
