<?xml version="1.0" encoding="utf-8"?>
<testsuite failures="0" name="smoketest_json" skipped="0" tests="1" time="40.72" timestamp="2022-03-02T08:45:57">
	<testcase classname="SmokeTestJson" name="smoketest_json"/>
</testsuite>
