<?xml version="1.0" encoding="utf-8"?>
<testsuite failures="1" name="SoftwareManagement.Plugin.apama_plugin_update" skipped="0" tests="1" time="22.37" timestamp="2022-04-14T07:24:00">
	<testcase classname="ApamaPluginUpdateTest" name="SoftwareManagement.Plugin.apama_plugin_update">
		<failure message="BLOCKED: sudo&lt;plugin_install&gt; returned non-zero exit code 2" type="BLOCKED"/>
		<system-out>07:23:38 INFO  ==============================================================
07:23:38 INFO  Id:    SoftwareManagement.Plugin.apama_plugin_update
07:23:38 INFO  Dir:   plugin_apama/
07:23:38 INFO  Title: Validate apama plugin updating one project with another
07:23:38 INFO  ==============================================================
07:23:38 INFO  Assertion that path exists=False for &quot;/etc/tedge/apama/project&quot; ... passed
07:23:38 INFO  Executed sudo&lt;create_project_dir&gt;, exit status 0
07:23:39 INFO  Executed sudo&lt;unzip_apama_project&gt;, exit status 0
07:23:40 INFO  Executed sudo&lt;move_apama_project&gt;, exit status 0
07:23:40 INFO  Executed sudo&lt;restart_apama_service&gt;, exit status 0
07:23:41 INFO  Executed sudo&lt;apama_correlator_wait&gt;, exit status 0
07:23:41 INFO  Assertion that path exists=True for &quot;/etc/tedge/apama/project&quot; ... passed
07:23:42 INFO  Executed sudo&lt;apama_list_monitors&gt;, exit status 0
07:23:42 INFO  Grep on file /home/pi/actions-runner/_work/thin-edge.io/thin-edge.io/tests/PySys/plugin_apama/apama_plugin_update/Output/linux/apama_list_monitors.out ... passed
07:23:42 WARN  Executed sudo&lt;plugin_install&gt;, exit status 2
07:23:42 INFO  Contents of plugin_install.err: 
  ERROR: Directory not empty (os error 39)
  -----

07:23:43 WARN  sudo&lt;plugin_install&gt; returned non-zero exit code 2 ... blocked [run.py:35]
07:23:43 WARN  Aborted test due to BLOCKED outcome
07:23:43 INFO  
07:23:43 INFO  cleanup:
07:23:43 INFO  Removing apama project
07:23:59 INFO  Executed sudo&lt;stop_apama_service&gt;, exit status 0, duration 16 secs
07:24:00 INFO  Executed sudo&lt;remove_apama_project&gt;, exit status 0
07:24:00 INFO  Executed sudo&lt;remove_apama_tmp_dir&gt;, exit status 0
07:24:00 INFO  
07:24:00 INFO  Test duration: 22.37 secs
07:24:00 INFO  Test final outcome:  BLOCKED
07:24:00 INFO  Test outcome reason: sudo&lt;plugin_install&gt; returned non-zero exit code 2
07:24:00 INFO  
</system-out>
	</testcase>
</testsuite>
