<?xml version="1.0" encoding="utf-8"?>
<testsuite failures="0" name="apt_prepare" skipped="0" tests="1" time="12.84" timestamp="2022-02-24T13:53:06">
	<testcase classname="AptPluginPrepare" name="apt_prepare"/>
</testsuite>
