<?xml version="1.0" encoding="utf-8"?>
<testsuite failures="0" name="apt_list_format" skipped="0" tests="1" time="1.72" timestamp="2022-02-22T10:52:22">
	<testcase classname="AptPluginListFormat" name="apt_list_format"/>
</testsuite>
