<?xml version="1.0" encoding="utf-8"?>
<testsuite failures="0" name="apt_sequence_remove" skipped="0" tests="1" time="63.91" timestamp="2022-03-02T09:04:14">
	<testcase classname="AptPluginInstallPrepareRemoveFinalize" name="apt_sequence_remove"/>
</testsuite>
