<?xml version="1.0" encoding="utf-8"?>
<testsuite failures="1" name="SoftwareManagement.sm_apt_install_remove_multiple" skipped="0" tests="1" time="132.77" timestamp="2022-02-09T11:32:56">
	<testcase classname="PySysTest" name="SoftwareManagement.sm_apt_install_remove_multiple">
		<failure message="FAILED: Assert that (False == value) with value=True" type="FAILED"/>
		<system-out>11:30:43 INFO  ==============================================================
11:30:43 INFO  Id:    SoftwareManagement.sm_apt_install_remove_multiple
11:30:43 INFO  Dir:   software_management_end_to_end/
11:30:44 INFO  Title: Validate end to end behaviour for the apt plugin for multiple packages
11:30:44 DEBUG Execution order hint: 0.0
11:30:44 INFO  ==============================================================
11:30:44 INFO  Using sw id database: {'asciijump': '5475369', 'robotfindskitten': '5474869', 'squirrel3': '5475279', 'rolldice': '5152439', 'moon-buggy': '5439204', 'apple': '5495053', 'banana': '5494888', 'cherry': '5495382', 'watermelon': '5494510', 'registry': '8018911', 'hello-world': '8021526', 'docker/getting-started': '8021973', 'alpine': '7991792'}
11:30:44 DEBUG EnvironmentC8y Setup
11:30:44 INFO  EnvironmentC8y Setup
11:30:44 DEBUG Process parameters for systemctl&lt;serv_mapper1&gt;
  command line : /usr/bin/systemctl status tedge-mapper-c8y
    arg #1     : status
    arg #2     : tedge-mapper-c8y
  working dir  : /home/pi/actions-runner/_work/thin-edge.io/thin-edge.io/tests/PySys/software_management_end_to_end/sm_apt_install_remove_multiple/Output/linux
  stdout       : /home/pi/actions-runner/_work/thin-edge.io/thin-edge.io/tests/PySys/software_management_end_to_end/sm_apt_install_remove_multiple/Output/linux/serv_mapper1.out
  stderr       : /home/pi/actions-runner/_work/thin-edge.io/thin-edge.io/tests/PySys/software_management_end_to_end/sm_apt_install_remove_multiple/Output/linux/serv_mapper1.err
  environment  : LD_LIBRARY_PATH=/usr/lib
  environment  : PATH=/bin:/usr/bin:/usr/sbin:/usr/local/bin
                   #1  /bin
                   #2  /usr/bin
                   #3  /usr/sbin
                   #4  /usr/local/bin
11:30:44 DEBUG Waiting up to 600 secs for process systemctl&lt;serv_mapper1&gt; (pid 25182)
11:30:44 INFO  Executed systemctl&lt;serv_mapper1&gt;, exit status 3
11:30:44 INFO  Restarting mosquitto too frequently in the last 10 seconds. It was only up for 4 seconds
11:30:44 INFO  Delaying execution by 7 seconds
11:30:51 DEBUG Process parameters for sudo&lt;tedge_connect_c8y&gt;
  command line : /usr/bin/sudo /usr/bin/tedge connect c8y
    arg #1     : /usr/bin/tedge
    arg #2     : connect
    arg #3     : c8y
  working dir  : /home/pi/actions-runner/_work/thin-edge.io/thin-edge.io/tests/PySys/software_management_end_to_end/sm_apt_install_remove_multiple/Output/linux
  stdout       : /home/pi/actions-runner/_work/thin-edge.io/thin-edge.io/tests/PySys/software_management_end_to_end/sm_apt_install_remove_multiple/Output/linux/tedge_connect_c8y.out
  stderr       : /home/pi/actions-runner/_work/thin-edge.io/thin-edge.io/tests/PySys/software_management_end_to_end/sm_apt_install_remove_multiple/Output/linux/tedge_connect_c8y.err
  environment  : LD_LIBRARY_PATH=/usr/lib
  environment  : PATH=/bin:/usr/bin:/usr/sbin:/usr/local/bin
                   #1  /bin
                   #2  /usr/bin
                   #3  /usr/sbin
                   #4  /usr/local/bin
11:30:51 DEBUG Waiting up to 600 secs for process sudo&lt;tedge_connect_c8y&gt; (pid 25187)
11:31:02 INFO  Executed sudo&lt;tedge_connect_c8y&gt;, exit status 0, duration 11 secs
11:31:02 DEBUG Process parameters for sudo&lt;tedge_connect_c8y_test&gt;
  command line : /usr/bin/sudo /usr/bin/tedge connect c8y --test
    arg #1     : /usr/bin/tedge
    arg #2     : connect
    arg #3     : c8y
    arg #4     : --test
  working dir  : /home/pi/actions-runner/_work/thin-edge.io/thin-edge.io/tests/PySys/software_management_end_to_end/sm_apt_install_remove_multiple/Output/linux
  stdout       : /home/pi/actions-runner/_work/thin-edge.io/thin-edge.io/tests/PySys/software_management_end_to_end/sm_apt_install_remove_multiple/Output/linux/tedge_connect_c8y_test.out
  stderr       : /home/pi/actions-runner/_work/thin-edge.io/thin-edge.io/tests/PySys/software_management_end_to_end/sm_apt_install_remove_multiple/Output/linux/tedge_connect_c8y_test.err
  environment  : LD_LIBRARY_PATH=/usr/lib
  environment  : PATH=/bin:/usr/bin:/usr/sbin:/usr/local/bin
                   #1  /bin
                   #2  /usr/bin
                   #3  /usr/sbin
                   #4  /usr/local/bin
11:31:02 DEBUG Waiting up to 600 secs for process sudo&lt;tedge_connect_c8y_test&gt; (pid 25340)
11:31:03 INFO  Executed sudo&lt;tedge_connect_c8y_test&gt;, exit status 0
11:31:03 DEBUG Process parameters for systemctl&lt;serv_mosq2&gt;
  command line : /usr/bin/systemctl status mosquitto
    arg #1     : status
    arg #2     : mosquitto
  working dir  : /home/pi/actions-runner/_work/thin-edge.io/thin-edge.io/tests/PySys/software_management_end_to_end/sm_apt_install_remove_multiple/Output/linux
  stdout       : /home/pi/actions-runner/_work/thin-edge.io/thin-edge.io/tests/PySys/software_management_end_to_end/sm_apt_install_remove_multiple/Output/linux/serv_mosq2.out
  stderr       : /home/pi/actions-runner/_work/thin-edge.io/thin-edge.io/tests/PySys/software_management_end_to_end/sm_apt_install_remove_multiple/Output/linux/serv_mosq2.err
  environment  : LD_LIBRARY_PATH=/usr/lib
  environment  : PATH=/bin:/usr/bin:/usr/sbin:/usr/local/bin
                   #1  /bin
                   #2  /usr/bin
                   #3  /usr/sbin
                   #4  /usr/local/bin
11:31:03 DEBUG Waiting up to 600 secs for process systemctl&lt;serv_mosq2&gt; (pid 25348)
11:31:03 INFO  Executed systemctl&lt;serv_mosq2&gt;, exit status 0
11:31:03 DEBUG Process parameters for systemctl&lt;serv_mapper3&gt;
  command line : /usr/bin/systemctl status tedge-mapper-c8y
    arg #1     : status
    arg #2     : tedge-mapper-c8y
  working dir  : /home/pi/actions-runner/_work/thin-edge.io/thin-edge.io/tests/PySys/software_management_end_to_end/sm_apt_install_remove_multiple/Output/linux
  stdout       : /home/pi/actions-runner/_work/thin-edge.io/thin-edge.io/tests/PySys/software_management_end_to_end/sm_apt_install_remove_multiple/Output/linux/serv_mapper3.out
  stderr       : /home/pi/actions-runner/_work/thin-edge.io/thin-edge.io/tests/PySys/software_management_end_to_end/sm_apt_install_remove_multiple/Output/linux/serv_mapper3.err
  environment  : LD_LIBRARY_PATH=/usr/lib
  environment  : PATH=/bin:/usr/bin:/usr/sbin:/usr/local/bin
                   #1  /bin
                   #2  /usr/bin
                   #3  /usr/sbin
                   #4  /usr/local/bin
11:31:03 DEBUG Waiting up to 600 secs for process systemctl&lt;serv_mapper3&gt; (pid 25349)
11:31:03 INFO  Executed systemctl&lt;serv_mapper3&gt;, exit status 0
11:31:05 DEBUG Final URL of the request: https://thin-edge-io.eu-latest.cumulocity.com/devicecontrol/operations?deviceId=13990292&amp;pageSize=1&amp;revert=true&amp;dateFrom=1970-01-01T00%3A00%3A00.000Z
11:31:05 INFO  State of current operation: SUCCESSFUL
11:31:06 INFO  Assert that (False == value) with value=False ... passed
11:31:06 INFO  Package asciijump is installed
11:31:06 WARN  Assert that (False == value) with value=True ... failed 
11:31:06 INFO  Assert that (False == value) with value=False ... passed
11:31:06 INFO  Assert that (False == value) with value=False ... passed
11:31:06 DEBUG --- test execute
11:31:06 INFO  Response status: 201
11:31:06 INFO  Response to action: {
    &quot;creationTime&quot;: &quot;2022-02-09T11:31:06.763Z&quot;,
    &quot;deviceId&quot;: &quot;13990292&quot;,
    &quot;deviceName&quot;: &quot;offsiteb&quot;,
    &quot;self&quot;: &quot;https://t493319102.eu-latest.cumulocity.com/devicecontrol/operations/14005294&quot;,
    &quot;id&quot;: &quot;14005294&quot;,
    &quot;status&quot;: &quot;PENDING&quot;,
    &quot;description&quot;: &quot;Apply software changes, triggered from PySys: [{'action': 'install', 'id': '5475369', 'name': 'asciijump', 'url': ' ', 'version': '::apt'}, {'action': 'install', 'id': '5474869', 'name': 'robotfindskitten', 'url': ' ', 'version': '::apt'}, {'action': 'install', 'id': '5475279', 'name': 'squirrel3', 'url': ' ', 'version': '::apt'}]&quot;,
    &quot;c8y_SoftwareUpdate&quot;: [
        {
            &quot;name&quot;: &quot;asciijump&quot;,
            &quot;action&quot;: &quot;install&quot;,
            &quot;id&quot;: &quot;5475369&quot;,
            &quot;version&quot;: &quot;::apt&quot;,
            &quot;url&quot;: &quot; &quot;
        },
        {
            &quot;name&quot;: &quot;robotfindskitten&quot;,
            &quot;action&quot;: &quot;install&quot;,
            &quot;id&quot;: &quot;5474869&quot;,
            &quot;version&quot;: &quot;::apt&quot;,
            &quot;url&quot;: &quot; &quot;
        },
        {
            &quot;name&quot;: &quot;squirrel3&quot;,
            &quot;action&quot;: &quot;install&quot;,
            &quot;id&quot;: &quot;5475279&quot;,
            &quot;version&quot;: &quot;::apt&quot;,
            &quot;url&quot;: &quot; &quot;
        }
    ]
}
11:31:06 INFO  Started operation: {'creationTime': '2022-02-09T11:31:06.763Z', 'deviceId': '13990292', 'deviceName': 'offsiteb', 'self': 'https://t493319102.eu-latest.cumulocity.com/devicecontrol/operations/14005294', 'id': '14005294', 'status': 'PENDING', 'description': &quot;Apply software changes, triggered from PySys: [{'action': 'install', 'id': '5475369', 'name': 'asciijump', 'url': ' ', 'version': '::apt'}, {'action': 'install', 'id': '5474869', 'name': 'robotfindskitten', 'url': ' ', 'version': '::apt'}, {'action': 'install', 'id': '5475279', 'name': 'squirrel3', 'url': ' ', 'version': '::apt'}]&quot;, 'c8y_SoftwareUpdate': [{'name': 'asciijump', 'action': 'install', 'id': '5475369', 'version': '::apt', 'url': ' '}, {'name': 'robotfindskitten', 'action': 'install', 'id': '5474869', 'version': '::apt', 'url': ' '}, {'name': 'squirrel3', 'action': 'install', 'id': '5475279', 'version': '::apt', 'url': ' '}]}
11:31:08 INFO  State of operation 14005294 : EXECUTING
11:31:11 INFO  State of operation 14005294 : EXECUTING
11:31:13 INFO  State of operation 14005294 : EXECUTING
11:31:16 INFO  State of operation 14005294 : EXECUTING
11:31:19 INFO  State of operation 14005294 : EXECUTING
11:31:21 INFO  State of operation 14005294 : EXECUTING
11:31:23 INFO  State of operation 14005294 : EXECUTING
11:31:25 INFO  State of operation 14005294 : EXECUTING
11:31:28 INFO  State of operation 14005294 : EXECUTING
11:31:30 INFO  State of operation 14005294 : EXECUTING
11:31:32 INFO  State of operation 14005294 : EXECUTING
11:31:34 INFO  State of operation 14005294 : EXECUTING
11:31:36 INFO  State of operation 14005294 : EXECUTING
11:31:39 INFO  State of operation 14005294 : EXECUTING
11:31:41 INFO  State of operation 14005294 : EXECUTING
11:31:44 INFO  State of operation 14005294 : EXECUTING
11:31:46 INFO  State of operation 14005294 : EXECUTING
11:31:48 INFO  State of operation 14005294 : EXECUTING
11:31:50 INFO  State of operation 14005294 : EXECUTING
11:31:53 INFO  State of operation 14005294 : EXECUTING
11:31:55 INFO  State of operation 14005294 : EXECUTING
11:31:57 INFO  State of operation 14005294 : EXECUTING
11:31:59 INFO  State of operation 14005294 : EXECUTING
11:32:01 INFO  State of operation 14005294 : SUCCESSFUL
11:32:01 INFO  Assert that (False == value) with value=False ... passed
11:32:02 INFO  Package asciijump is installed
11:32:02 INFO  Assert that (True == value) with value=True ... passed
11:32:02 INFO  Package squirrel3 is installed
11:32:02 INFO  Assert that (True == value) with value=True ... passed
11:32:02 INFO  Package robotfindskitten is installed
11:32:02 INFO  Assert that (True == value) with value=True ... passed
11:32:02 INFO  Response status: 201
11:32:02 INFO  Response to action: {
    &quot;creationTime&quot;: &quot;2022-02-09T11:32:02.631Z&quot;,
    &quot;deviceId&quot;: &quot;13990292&quot;,
    &quot;deviceName&quot;: &quot;offsiteb&quot;,
    &quot;self&quot;: &quot;https://t493319102.eu-latest.cumulocity.com/devicecontrol/operations/14005306&quot;,
    &quot;id&quot;: &quot;14005306&quot;,
    &quot;status&quot;: &quot;PENDING&quot;,
    &quot;description&quot;: &quot;Apply software changes, triggered from PySys: [{'action': 'delete', 'id': '5475369', 'name': 'asciijump', 'url': ' ', 'version': '::apt'}, {'action': 'delete', 'id': '5474869', 'name': 'robotfindskitten', 'url': ' ', 'version': '::apt'}, {'action': 'delete', 'id': '5475279', 'name': 'squirrel3', 'url': ' ', 'version': '::apt'}]&quot;,
    &quot;c8y_SoftwareUpdate&quot;: [
        {
            &quot;name&quot;: &quot;asciijump&quot;,
            &quot;action&quot;: &quot;delete&quot;,
            &quot;id&quot;: &quot;5475369&quot;,
            &quot;version&quot;: &quot;::apt&quot;,
            &quot;url&quot;: &quot; &quot;
        },
        {
            &quot;name&quot;: &quot;robotfindskitten&quot;,
            &quot;action&quot;: &quot;delete&quot;,
            &quot;id&quot;: &quot;5474869&quot;,
            &quot;version&quot;: &quot;::apt&quot;,
            &quot;url&quot;: &quot; &quot;
        },
        {
            &quot;name&quot;: &quot;squirrel3&quot;,
            &quot;action&quot;: &quot;delete&quot;,
            &quot;id&quot;: &quot;5475279&quot;,
            &quot;version&quot;: &quot;::apt&quot;,
            &quot;url&quot;: &quot; &quot;
        }
    ]
}
11:32:02 INFO  Started operation: {'creationTime': '2022-02-09T11:32:02.631Z', 'deviceId': '13990292', 'deviceName': 'offsiteb', 'self': 'https://t493319102.eu-latest.cumulocity.com/devicecontrol/operations/14005306', 'id': '14005306', 'status': 'PENDING', 'description': &quot;Apply software changes, triggered from PySys: [{'action': 'delete', 'id': '5475369', 'name': 'asciijump', 'url': ' ', 'version': '::apt'}, {'action': 'delete', 'id': '5474869', 'name': 'robotfindskitten', 'url': ' ', 'version': '::apt'}, {'action': 'delete', 'id': '5475279', 'name': 'squirrel3', 'url': ' ', 'version': '::apt'}]&quot;, 'c8y_SoftwareUpdate': [{'name': 'asciijump', 'action': 'delete', 'id': '5475369', 'version': '::apt', 'url': ' '}, {'name': 'robotfindskitten', 'action': 'delete', 'id': '5474869', 'version': '::apt', 'url': ' '}, {'name': 'squirrel3', 'action': 'delete', 'id': '5475279', 'version': '::apt', 'url': ' '}]}
11:32:04 INFO  State of operation 14005306 : EXECUTING
11:32:06 INFO  State of operation 14005306 : EXECUTING
11:32:09 INFO  State of operation 14005306 : EXECUTING
11:32:11 INFO  State of operation 14005306 : EXECUTING
11:32:14 INFO  State of operation 14005306 : EXECUTING
11:32:16 INFO  State of operation 14005306 : EXECUTING
11:32:18 INFO  State of operation 14005306 : EXECUTING
11:32:20 INFO  State of operation 14005306 : EXECUTING
11:32:23 INFO  State of operation 14005306 : EXECUTING
11:32:25 INFO  State of operation 14005306 : EXECUTING
11:32:27 INFO  State of operation 14005306 : EXECUTING
11:32:29 INFO  State of operation 14005306 : EXECUTING
11:32:31 INFO  State of operation 14005306 : EXECUTING
11:32:34 INFO  State of operation 14005306 : EXECUTING
11:32:36 INFO  State of operation 14005306 : EXECUTING
11:32:38 INFO  State of operation 14005306 : EXECUTING
11:32:41 INFO  State of operation 14005306 : EXECUTING
11:32:43 INFO  State of operation 14005306 : EXECUTING
11:32:45 INFO  State of operation 14005306 : EXECUTING
11:32:48 INFO  State of operation 14005306 : EXECUTING
11:32:50 INFO  State of operation 14005306 : EXECUTING
11:32:52 INFO  State of operation 14005306 : SUCCESSFUL
11:32:52 DEBUG --- test validate
11:32:52 INFO  Assert that (False == value) with value=False ... passed
11:32:52 INFO  Assert that (False == value) with value=False ... passed
11:32:52 INFO  Assert that (False == value) with value=False ... passed
11:32:53 INFO  Assert that (False == value) with value=False ... passed
11:32:53 DEBUG --- test cleanup
11:32:53 INFO  
11:32:53 INFO  cleanup:
11:32:53 DEBUG Running registered cleanup function: &lt;bound method SoftwareManagement.mysmcleanup of &lt;PySysTest object at 0x75bcccf0&gt;&gt;
11:32:53 DEBUG Running registered cleanup function: &lt;bound method EnvironmentC8y.myenvcleanup of &lt;PySysTest object at 0x75bcccf0&gt;&gt;
11:32:53 DEBUG EnvironmentC8y Cleanup
11:32:53 DEBUG Process parameters for sudo&lt;tedge_disconnect_c8y&gt;
  command line : /usr/bin/sudo /usr/bin/tedge disconnect c8y
    arg #1     : /usr/bin/tedge
    arg #2     : disconnect
    arg #3     : c8y
  working dir  : /home/pi/actions-runner/_work/thin-edge.io/thin-edge.io/tests/PySys/software_management_end_to_end/sm_apt_install_remove_multiple/Output/linux
  stdout       : /home/pi/actions-runner/_work/thin-edge.io/thin-edge.io/tests/PySys/software_management_end_to_end/sm_apt_install_remove_multiple/Output/linux/tedge_disconnect_c8y.out
  stderr       : /home/pi/actions-runner/_work/thin-edge.io/thin-edge.io/tests/PySys/software_management_end_to_end/sm_apt_install_remove_multiple/Output/linux/tedge_disconnect_c8y.err
  environment  : LD_LIBRARY_PATH=/usr/lib
  environment  : PATH=/bin:/usr/bin:/usr/sbin:/usr/local/bin
                   #1  /bin
                   #2  /usr/bin
                   #3  /usr/sbin
                   #4  /usr/local/bin
11:32:53 DEBUG Waiting up to 600 secs for process sudo&lt;tedge_disconnect_c8y&gt; (pid 26043)
11:32:56 INFO  Executed sudo&lt;tedge_disconnect_c8y&gt;, exit status 0
11:32:56 DEBUG Process parameters for systemctl&lt;serv_mapper5&gt;
  command line : /usr/bin/systemctl status tedge-mapper-c8y
    arg #1     : status
    arg #2     : tedge-mapper-c8y
  working dir  : /home/pi/actions-runner/_work/thin-edge.io/thin-edge.io/tests/PySys/software_management_end_to_end/sm_apt_install_remove_multiple/Output/linux
  stdout       : /home/pi/actions-runner/_work/thin-edge.io/thin-edge.io/tests/PySys/software_management_end_to_end/sm_apt_install_remove_multiple/Output/linux/serv_mapper5.out
  stderr       : /home/pi/actions-runner/_work/thin-edge.io/thin-edge.io/tests/PySys/software_management_end_to_end/sm_apt_install_remove_multiple/Output/linux/serv_mapper5.err
  environment  : LD_LIBRARY_PATH=/usr/lib
  environment  : PATH=/bin:/usr/bin:/usr/sbin:/usr/local/bin
                   #1  /bin
                   #2  /usr/bin
                   #3  /usr/sbin
                   #4  /usr/local/bin
11:32:56 DEBUG Waiting up to 600 secs for process systemctl&lt;serv_mapper5&gt; (pid 26102)
11:32:56 INFO  Executed systemctl&lt;serv_mapper5&gt;, exit status 3
11:32:56 DEBUG ProcessUser cleanup function done.
11:32:56 INFO  
11:32:56 INFO  Test duration: 132.77 secs
11:32:56 INFO  Test final outcome:  FAILED
11:32:56 INFO  Test outcome reason: Assert that (False == value) with value=True
11:32:56 INFO  
</system-out>
	</testcase>
</testsuite>
