<?xml version="1.0" encoding="utf-8"?>
<testsuite failures="0" name="apt_install_fail" skipped="0" tests="1" time="7.67" timestamp="2022-02-15T21:37:21">
	<testcase classname="AptPluginInstallFail" name="apt_install_fail"/>
</testsuite>
