<?xml version="1.0" encoding="utf-8"?>
<testsuite failures="0" name="apt_update_list" skipped="0" tests="1" time="116.85" timestamp="2022-03-29T17:08:01">
	<testcase classname="AptPluginUpdateList" name="apt_update_list"/>
</testsuite>
