<?xml version="1.0" encoding="utf-8"?>
<testsuite failures="0" name="apt_prepare" skipped="0" tests="1" time="12.59" timestamp="2022-03-04T12:24:13">
	<testcase classname="AptPluginPrepare" name="apt_prepare"/>
</testsuite>
