<?xml version="1.0" encoding="utf-8"?>
<testsuite failures="0" name="apt_finalize" skipped="0" tests="1" time="76.35" timestamp="2022-03-29T16:56:45">
	<testcase classname="AptPluginFinalize" name="apt_finalize"/>
</testsuite>
