<?xml version="1.0" encoding="utf-8"?>
<testsuite failures="0" name="apt_install" skipped="0" tests="1" time="41.26" timestamp="2022-02-15T21:37:14">
	<testcase classname="AptPluginInstallDense" name="apt_install"/>
</testsuite>
