<?xml version="1.0" encoding="utf-8"?>
<testsuite failures="0" name="apt_finalize" skipped="0" tests="1" time="66.94" timestamp="2022-03-03T11:16:39">
	<testcase classname="AptPluginFinalize" name="apt_finalize"/>
</testsuite>
