<?xml version="1.0" encoding="utf-8"?>
<testsuite failures="0" name="apt_finalize" skipped="0" tests="1" time="68.81" timestamp="2022-02-24T13:50:12">
	<testcase classname="AptPluginFinalize" name="apt_finalize"/>
</testsuite>
