<?xml version="1.0" encoding="utf-8"?>
<testsuite failures="0" name="apt_install" skipped="0" tests="1" time="51.36" timestamp="2022-03-22T14:04:10">
	<testcase classname="AptPluginInstallDense" name="apt_install"/>
</testsuite>
