<?xml version="1.0" encoding="utf-8"?>
<testsuite failures="0" name="apt_sequence_remove" skipped="0" tests="1" time="67.28" timestamp="2022-04-04T08:44:47">
	<testcase classname="AptPluginInstallPrepareRemoveFinalize" name="apt_sequence_remove"/>
</testsuite>
