<?xml version="1.0" encoding="utf-8"?>
<testsuite failures="0" name="apt_prepare" skipped="0" tests="1" time="13.14" timestamp="2022-03-02T08:59:59">
	<testcase classname="AptPluginPrepare" name="apt_prepare"/>
</testsuite>
