<?xml version="1.0" encoding="utf-8"?>
<testsuite failures="0" name="apt_remove" skipped="0" tests="1" time="46.85" timestamp="2022-03-22T14:08:28">
	<testcase classname="AptPluginRemoveDense" name="apt_remove"/>
</testsuite>
