<?xml version="1.0" encoding="utf-8"?>
<testsuite failures="1" name="SoftwareManagement.sm_apt_install_remove_default" skipped="0" tests="1" time="109.02" timestamp="2022-02-07T14:21:33">
	<testcase classname="PySysTest" name="SoftwareManagement.sm_apt_install_remove_default">
		<failure message="FAILED: Assert that (False == value) with value=True" type="FAILED"/>
		<system-out>14:19:44 INFO  ==============================================================
14:19:44 INFO  Id:    SoftwareManagement.sm_apt_install_remove_default
14:19:44 INFO  Dir:   software_management_end_to_end/
14:19:44 INFO  Title: Validate end to end behaviour for the default plugin for installation and removal of packages
14:19:44 DEBUG Execution order hint: 0.0
14:19:44 INFO  ==============================================================
14:19:44 INFO  Using sw id database: {'asciijump': '5475369', 'robotfindskitten': '5474869', 'squirrel3': '5475279', 'rolldice': '5152439', 'moon-buggy': '5439204', 'apple': '5495053', 'banana': '5494888', 'cherry': '5495382', 'watermelon': '5494510', 'registry': '8018911', 'hello-world': '8021526', 'docker/getting-started': '8021973', 'alpine': '7991792'}
14:19:44 DEBUG EnvironmentC8y Setup
14:19:44 INFO  EnvironmentC8y Setup
14:19:44 DEBUG Process parameters for systemctl&lt;serv_mapper1&gt;
  command line : /usr/bin/systemctl status tedge-mapper-c8y
    arg #1     : status
    arg #2     : tedge-mapper-c8y
  working dir  : /home/pi/actions-runner/_work/thin-edge.io/thin-edge.io/tests/PySys/software_management_end_to_end/sm_apt_install_remove_default/Output/linux
  stdout       : /home/pi/actions-runner/_work/thin-edge.io/thin-edge.io/tests/PySys/software_management_end_to_end/sm_apt_install_remove_default/Output/linux/serv_mapper1.out
  stderr       : /home/pi/actions-runner/_work/thin-edge.io/thin-edge.io/tests/PySys/software_management_end_to_end/sm_apt_install_remove_default/Output/linux/serv_mapper1.err
  environment  : LD_LIBRARY_PATH=/usr/lib
  environment  : PATH=/bin:/usr/bin:/usr/sbin:/usr/local/bin
                   #1  /bin
                   #2  /usr/bin
                   #3  /usr/sbin
                   #4  /usr/local/bin
14:19:44 DEBUG Waiting up to 600 secs for process systemctl&lt;serv_mapper1&gt; (pid 19073)
14:19:44 INFO  Executed systemctl&lt;serv_mapper1&gt;, exit status 3
14:19:44 INFO  Restarting mosquitto too frequently in the last 10 seconds. It was only up for 3 seconds
14:19:44 INFO  Delaying execution by 8 seconds
14:19:52 DEBUG Process parameters for sudo&lt;tedge_connect_c8y&gt;
  command line : /usr/bin/sudo /usr/bin/tedge connect c8y
    arg #1     : /usr/bin/tedge
    arg #2     : connect
    arg #3     : c8y
  working dir  : /home/pi/actions-runner/_work/thin-edge.io/thin-edge.io/tests/PySys/software_management_end_to_end/sm_apt_install_remove_default/Output/linux
  stdout       : /home/pi/actions-runner/_work/thin-edge.io/thin-edge.io/tests/PySys/software_management_end_to_end/sm_apt_install_remove_default/Output/linux/tedge_connect_c8y.out
  stderr       : /home/pi/actions-runner/_work/thin-edge.io/thin-edge.io/tests/PySys/software_management_end_to_end/sm_apt_install_remove_default/Output/linux/tedge_connect_c8y.err
  environment  : LD_LIBRARY_PATH=/usr/lib
  environment  : PATH=/bin:/usr/bin:/usr/sbin:/usr/local/bin
                   #1  /bin
                   #2  /usr/bin
                   #3  /usr/sbin
                   #4  /usr/local/bin
14:19:52 DEBUG Waiting up to 600 secs for process sudo&lt;tedge_connect_c8y&gt; (pid 19078)
14:20:04 INFO  Executed sudo&lt;tedge_connect_c8y&gt;, exit status 0, duration 11 secs
14:20:04 DEBUG Process parameters for sudo&lt;tedge_connect_c8y_test&gt;
  command line : /usr/bin/sudo /usr/bin/tedge connect c8y --test
    arg #1     : /usr/bin/tedge
    arg #2     : connect
    arg #3     : c8y
    arg #4     : --test
  working dir  : /home/pi/actions-runner/_work/thin-edge.io/thin-edge.io/tests/PySys/software_management_end_to_end/sm_apt_install_remove_default/Output/linux
  stdout       : /home/pi/actions-runner/_work/thin-edge.io/thin-edge.io/tests/PySys/software_management_end_to_end/sm_apt_install_remove_default/Output/linux/tedge_connect_c8y_test.out
  stderr       : /home/pi/actions-runner/_work/thin-edge.io/thin-edge.io/tests/PySys/software_management_end_to_end/sm_apt_install_remove_default/Output/linux/tedge_connect_c8y_test.err
  environment  : LD_LIBRARY_PATH=/usr/lib
  environment  : PATH=/bin:/usr/bin:/usr/sbin:/usr/local/bin
                   #1  /bin
                   #2  /usr/bin
                   #3  /usr/sbin
                   #4  /usr/local/bin
14:20:04 DEBUG Waiting up to 600 secs for process sudo&lt;tedge_connect_c8y_test&gt; (pid 19229)
14:20:04 INFO  Executed sudo&lt;tedge_connect_c8y_test&gt;, exit status 0
14:20:04 DEBUG Process parameters for systemctl&lt;serv_mosq2&gt;
  command line : /usr/bin/systemctl status mosquitto
    arg #1     : status
    arg #2     : mosquitto
  working dir  : /home/pi/actions-runner/_work/thin-edge.io/thin-edge.io/tests/PySys/software_management_end_to_end/sm_apt_install_remove_default/Output/linux
  stdout       : /home/pi/actions-runner/_work/thin-edge.io/thin-edge.io/tests/PySys/software_management_end_to_end/sm_apt_install_remove_default/Output/linux/serv_mosq2.out
  stderr       : /home/pi/actions-runner/_work/thin-edge.io/thin-edge.io/tests/PySys/software_management_end_to_end/sm_apt_install_remove_default/Output/linux/serv_mosq2.err
  environment  : LD_LIBRARY_PATH=/usr/lib
  environment  : PATH=/bin:/usr/bin:/usr/sbin:/usr/local/bin
                   #1  /bin
                   #2  /usr/bin
                   #3  /usr/sbin
                   #4  /usr/local/bin
14:20:04 DEBUG Waiting up to 600 secs for process systemctl&lt;serv_mosq2&gt; (pid 19240)
14:20:04 INFO  Executed systemctl&lt;serv_mosq2&gt;, exit status 0
14:20:04 DEBUG Process parameters for systemctl&lt;serv_mapper3&gt;
  command line : /usr/bin/systemctl status tedge-mapper-c8y
    arg #1     : status
    arg #2     : tedge-mapper-c8y
  working dir  : /home/pi/actions-runner/_work/thin-edge.io/thin-edge.io/tests/PySys/software_management_end_to_end/sm_apt_install_remove_default/Output/linux
  stdout       : /home/pi/actions-runner/_work/thin-edge.io/thin-edge.io/tests/PySys/software_management_end_to_end/sm_apt_install_remove_default/Output/linux/serv_mapper3.out
  stderr       : /home/pi/actions-runner/_work/thin-edge.io/thin-edge.io/tests/PySys/software_management_end_to_end/sm_apt_install_remove_default/Output/linux/serv_mapper3.err
  environment  : LD_LIBRARY_PATH=/usr/lib
  environment  : PATH=/bin:/usr/bin:/usr/sbin:/usr/local/bin
                   #1  /bin
                   #2  /usr/bin
                   #3  /usr/sbin
                   #4  /usr/local/bin
14:20:04 DEBUG Waiting up to 600 secs for process systemctl&lt;serv_mapper3&gt; (pid 19241)
14:20:05 INFO  Executed systemctl&lt;serv_mapper3&gt;, exit status 0
14:20:07 DEBUG Final URL of the request: https://thin-edge-io.eu-latest.cumulocity.com/devicecontrol/operations?deviceId=13860744&amp;pageSize=1&amp;revert=true&amp;dateFrom=1970-01-01T00%3A00%3A00.000Z
14:20:07 INFO  State of current operation: FAILED
14:20:07 DEBUG Final URL of the request: https://thin-edge-io.eu-latest.cumulocity.com/devicecontrol/operations?deviceId=13860744&amp;pageSize=1&amp;revert=true&amp;dateFrom=1970-01-01T00%3A00%3A00.000Z
14:20:07 DEBUG State of current operation: {
    &quot;delivery&quot;: {
        &quot;time&quot;: &quot;2022-02-07T14:18:49.296Z&quot;,
        &quot;log&quot;: [
            {
                &quot;time&quot;: &quot;2022-02-07T14:18:49.242Z&quot;,
                &quot;status&quot;: &quot;PENDING&quot;
            },
            {
                &quot;time&quot;: &quot;2022-02-07T14:18:49.259Z&quot;,
                &quot;status&quot;: &quot;SEND&quot;
            }
        ],
        &quot;status&quot;: &quot;DELIVERED&quot;
    },
    &quot;creationTime&quot;: &quot;2022-02-07T14:18:49.223Z&quot;,
    &quot;deviceId&quot;: &quot;13860744&quot;,
    &quot;deviceName&quot;: &quot;offsiteb&quot;,
    &quot;failureReason&quot;: &quot;1 error, see device log file /var/log/tedge/agent/software-update-2022-02-07T14:18:50Z.log&quot;,
    &quot;self&quot;: &quot;https://t493319102.eu-latest.cumulocity.com/devicecontrol/operations/13882408&quot;,
    &quot;id&quot;: &quot;13882408&quot;,
    &quot;status&quot;: &quot;FAILED&quot;,
    &quot;description&quot;: &quot;Apply software changes, triggered from PySys: [{'name': 'does_not_exist', 'id': '5446165', 'version': '::apt', 'url': '', 'action': 'install'}]&quot;,
    &quot;c8y_SoftwareUpdate&quot;: [
        {
            &quot;name&quot;: &quot;does_not_exist&quot;,
            &quot;action&quot;: &quot;install&quot;,
            &quot;id&quot;: &quot;5446165&quot;,
            &quot;version&quot;: &quot;::apt&quot;,
            &quot;url&quot;: &quot;&quot;
        }
    ]
}
14:20:07 INFO  Package rolldice is installed
14:20:07 WARN  Assert that (False == value) with value=True ... failed 
14:20:07 DEBUG --- test execute
14:20:07 INFO  Response status: 201
14:20:07 INFO  Response to action: {
    &quot;creationTime&quot;: &quot;2022-02-07T14:20:07.762Z&quot;,
    &quot;deviceId&quot;: &quot;13860744&quot;,
    &quot;deviceName&quot;: &quot;offsiteb&quot;,
    &quot;self&quot;: &quot;https://t493319102.eu-latest.cumulocity.com/devicecontrol/operations/13882416&quot;,
    &quot;id&quot;: &quot;13882416&quot;,
    &quot;status&quot;: &quot;PENDING&quot;,
    &quot;description&quot;: &quot;Apply software changes, triggered from PySys: [{'name': 'rolldice', 'id': '5152439', 'version': ' ', 'url': '', 'action': 'install'}]&quot;,
    &quot;c8y_SoftwareUpdate&quot;: [
        {
            &quot;name&quot;: &quot;rolldice&quot;,
            &quot;action&quot;: &quot;install&quot;,
            &quot;id&quot;: &quot;5152439&quot;,
            &quot;version&quot;: &quot; &quot;,
            &quot;url&quot;: &quot;&quot;
        }
    ]
}
14:20:07 INFO  Started operation: {'creationTime': '2022-02-07T14:20:07.762Z', 'deviceId': '13860744', 'deviceName': 'offsiteb', 'self': 'https://t493319102.eu-latest.cumulocity.com/devicecontrol/operations/13882416', 'id': '13882416', 'status': 'PENDING', 'description': &quot;Apply software changes, triggered from PySys: [{'name': 'rolldice', 'id': '5152439', 'version': ' ', 'url': '', 'action': 'install'}]&quot;, 'c8y_SoftwareUpdate': [{'name': 'rolldice', 'action': 'install', 'id': '5152439', 'version': ' ', 'url': ''}]}
14:20:09 INFO  State of operation 13882416 : EXECUTING
14:20:12 INFO  State of operation 13882416 : EXECUTING
14:20:14 INFO  State of operation 13882416 : EXECUTING
14:20:16 INFO  State of operation 13882416 : EXECUTING
14:20:19 INFO  State of operation 13882416 : EXECUTING
14:20:22 INFO  State of operation 13882416 : EXECUTING
14:20:24 INFO  State of operation 13882416 : EXECUTING
14:20:26 INFO  State of operation 13882416 : EXECUTING
14:20:28 INFO  State of operation 13882416 : EXECUTING
14:20:30 INFO  State of operation 13882416 : EXECUTING
14:20:33 INFO  State of operation 13882416 : SUCCESSFUL
14:20:33 INFO  Package rolldice is installed
14:20:33 INFO  Assert that (True == value) with value=True ... passed
14:20:33 INFO  Response status: 201
14:20:33 INFO  Response to action: {
    &quot;creationTime&quot;: &quot;2022-02-07T14:20:33.430Z&quot;,
    &quot;deviceId&quot;: &quot;13860744&quot;,
    &quot;deviceName&quot;: &quot;offsiteb&quot;,
    &quot;self&quot;: &quot;https://t493319102.eu-latest.cumulocity.com/devicecontrol/operations/13882424&quot;,
    &quot;id&quot;: &quot;13882424&quot;,
    &quot;status&quot;: &quot;PENDING&quot;,
    &quot;description&quot;: &quot;Apply software changes, triggered from PySys: [{'name': 'rolldice', 'id': '5152439', 'version': ' ', 'url': '', 'action': 'delete'}]&quot;,
    &quot;c8y_SoftwareUpdate&quot;: [
        {
            &quot;name&quot;: &quot;rolldice&quot;,
            &quot;action&quot;: &quot;delete&quot;,
            &quot;id&quot;: &quot;5152439&quot;,
            &quot;version&quot;: &quot; &quot;,
            &quot;url&quot;: &quot;&quot;
        }
    ]
}
14:20:33 INFO  Started operation: {'creationTime': '2022-02-07T14:20:33.430Z', 'deviceId': '13860744', 'deviceName': 'offsiteb', 'self': 'https://t493319102.eu-latest.cumulocity.com/devicecontrol/operations/13882424', 'id': '13882424', 'status': 'PENDING', 'description': &quot;Apply software changes, triggered from PySys: [{'name': 'rolldice', 'id': '5152439', 'version': ' ', 'url': '', 'action': 'delete'}]&quot;, 'c8y_SoftwareUpdate': [{'name': 'rolldice', 'action': 'delete', 'id': '5152439', 'version': ' ', 'url': ''}]}
14:20:35 INFO  State of operation 13882424 : EXECUTING
14:20:37 INFO  State of operation 13882424 : EXECUTING
14:20:39 INFO  State of operation 13882424 : EXECUTING
14:20:42 INFO  State of operation 13882424 : EXECUTING
14:20:45 INFO  State of operation 13882424 : EXECUTING
14:20:47 INFO  State of operation 13882424 : EXECUTING
14:20:49 INFO  State of operation 13882424 : EXECUTING
14:20:51 INFO  State of operation 13882424 : EXECUTING
14:20:53 INFO  State of operation 13882424 : EXECUTING
14:20:56 INFO  State of operation 13882424 : EXECUTING
14:20:58 INFO  State of operation 13882424 : EXECUTING
14:21:00 INFO  State of operation 13882424 : EXECUTING
14:21:03 INFO  State of operation 13882424 : EXECUTING
14:21:05 INFO  State of operation 13882424 : EXECUTING
14:21:07 INFO  State of operation 13882424 : EXECUTING
14:21:09 INFO  State of operation 13882424 : EXECUTING
14:21:11 INFO  State of operation 13882424 : EXECUTING
14:21:13 INFO  State of operation 13882424 : EXECUTING
14:21:16 INFO  State of operation 13882424 : EXECUTING
14:21:18 INFO  State of operation 13882424 : EXECUTING
14:21:20 INFO  State of operation 13882424 : EXECUTING
14:21:23 INFO  State of operation 13882424 : EXECUTING
14:21:25 INFO  State of operation 13882424 : EXECUTING
14:21:27 INFO  State of operation 13882424 : EXECUTING
14:21:29 INFO  State of operation 13882424 : SUCCESSFUL
14:21:29 DEBUG --- test validate
14:21:29 INFO  Assert that (False == value) with value=False ... passed
14:21:29 DEBUG --- test cleanup
14:21:29 INFO  
14:21:29 INFO  cleanup:
14:21:29 DEBUG Running registered cleanup function: &lt;bound method SoftwareManagement.mysmcleanup of &lt;PySysTest object at 0x75d82e30&gt;&gt;
14:21:29 DEBUG Running registered cleanup function: &lt;bound method EnvironmentC8y.myenvcleanup of &lt;PySysTest object at 0x75d82e30&gt;&gt;
14:21:29 DEBUG EnvironmentC8y Cleanup
14:21:29 DEBUG Process parameters for sudo&lt;tedge_disconnect_c8y&gt;
  command line : /usr/bin/sudo /usr/bin/tedge disconnect c8y
    arg #1     : /usr/bin/tedge
    arg #2     : disconnect
    arg #3     : c8y
  working dir  : /home/pi/actions-runner/_work/thin-edge.io/thin-edge.io/tests/PySys/software_management_end_to_end/sm_apt_install_remove_default/Output/linux
  stdout       : /home/pi/actions-runner/_work/thin-edge.io/thin-edge.io/tests/PySys/software_management_end_to_end/sm_apt_install_remove_default/Output/linux/tedge_disconnect_c8y.out
  stderr       : /home/pi/actions-runner/_work/thin-edge.io/thin-edge.io/tests/PySys/software_management_end_to_end/sm_apt_install_remove_default/Output/linux/tedge_disconnect_c8y.err
  environment  : LD_LIBRARY_PATH=/usr/lib
  environment  : PATH=/bin:/usr/bin:/usr/sbin:/usr/local/bin
                   #1  /bin
                   #2  /usr/bin
                   #3  /usr/sbin
                   #4  /usr/local/bin
14:21:29 DEBUG Waiting up to 600 secs for process sudo&lt;tedge_disconnect_c8y&gt; (pid 19612)
14:21:33 INFO  Executed sudo&lt;tedge_disconnect_c8y&gt;, exit status 0
14:21:33 DEBUG Process parameters for systemctl&lt;serv_mapper5&gt;
  command line : /usr/bin/systemctl status tedge-mapper-c8y
    arg #1     : status
    arg #2     : tedge-mapper-c8y
  working dir  : /home/pi/actions-runner/_work/thin-edge.io/thin-edge.io/tests/PySys/software_management_end_to_end/sm_apt_install_remove_default/Output/linux
  stdout       : /home/pi/actions-runner/_work/thin-edge.io/thin-edge.io/tests/PySys/software_management_end_to_end/sm_apt_install_remove_default/Output/linux/serv_mapper5.out
  stderr       : /home/pi/actions-runner/_work/thin-edge.io/thin-edge.io/tests/PySys/software_management_end_to_end/sm_apt_install_remove_default/Output/linux/serv_mapper5.err
  environment  : LD_LIBRARY_PATH=/usr/lib
  environment  : PATH=/bin:/usr/bin:/usr/sbin:/usr/local/bin
                   #1  /bin
                   #2  /usr/bin
                   #3  /usr/sbin
                   #4  /usr/local/bin
14:21:33 DEBUG Waiting up to 600 secs for process systemctl&lt;serv_mapper5&gt; (pid 19671)
14:21:33 INFO  Executed systemctl&lt;serv_mapper5&gt;, exit status 3
14:21:33 DEBUG ProcessUser cleanup function done.
14:21:33 INFO  
14:21:33 INFO  Test duration: 109.02 secs
14:21:33 INFO  Test final outcome:  FAILED
14:21:33 INFO  Test outcome reason: Assert that (False == value) with value=True
14:21:33 INFO  
</system-out>
	</testcase>
</testsuite>
