<?xml version="1.0" encoding="utf-8"?>
<testsuite failures="0" name="apt_install_local_file" skipped="0" tests="1" time="42.69" timestamp="2022-03-28T18:07:57">
	<testcase classname="AptPluginInstallFromLocalFile" name="apt_install_local_file"/>
</testsuite>
