<?xml version="1.0" encoding="utf-8"?>
<testsuite failures="0" name="apt_finalize" skipped="0" tests="1" time="70.56" timestamp="2022-03-21T17:05:46">
	<testcase classname="AptPluginFinalize" name="apt_finalize"/>
</testsuite>
