<?xml version="1.0" encoding="utf-8"?>
<testsuite failures="0" name="apt_remove" skipped="0" tests="1" time="49.53" timestamp="2022-02-16T09:44:58">
	<testcase classname="AptPluginRemoveDense" name="apt_remove"/>
</testsuite>
