<?xml version="1.0" encoding="utf-8"?>
<testsuite failures="0" name="apt_finalize" skipped="0" tests="1" time="74.13" timestamp="2022-03-04T12:21:15">
	<testcase classname="AptPluginFinalize" name="apt_finalize"/>
</testsuite>
