<?xml version="1.0" encoding="utf-8"?>
<testsuite failures="0" name="apt_prepare" skipped="0" tests="1" time="12.7" timestamp="2022-03-29T16:59:46">
	<testcase classname="AptPluginPrepare" name="apt_prepare"/>
</testsuite>
