<?xml version="1.0" encoding="utf-8"?>
<testsuite failures="0" name="apt_install" skipped="0" tests="1" time="49.83" timestamp="2022-04-04T08:38:13">
	<testcase classname="AptPluginInstallDense" name="apt_install"/>
</testsuite>
