<?xml version="1.0" encoding="utf-8"?>
<testsuite failures="0" name="apt_prepare" skipped="0" tests="1" time="32.14" timestamp="2022-02-15T21:39:44">
	<testcase classname="AptPluginPrepare" name="apt_prepare"/>
</testsuite>
