<?xml version="1.0" encoding="utf-8"?>
<testsuite failures="0" name="apt_prepare" skipped="0" tests="1" time="12.92" timestamp="2022-02-22T10:52:35">
	<testcase classname="AptPluginPrepare" name="apt_prepare"/>
</testsuite>
