<?xml version="1.0" encoding="utf-8"?>
<testsuite failures="0" name="apt_update_list" skipped="0" tests="1" time="111.36" timestamp="2022-03-21T17:16:46">
	<testcase classname="AptPluginUpdateList" name="apt_update_list"/>
</testsuite>
