<?xml version="1.0" encoding="utf-8"?>
<testsuite failures="0" name="apt_remove" skipped="0" tests="1" time="49.08" timestamp="2022-02-15T21:41:44">
	<testcase classname="AptPluginRemoveDense" name="apt_remove"/>
</testsuite>
