<?xml version="1.0" encoding="utf-8"?>
<testsuite failures="0" name="apt_install" skipped="0" tests="1" time="49.52" timestamp="2022-03-30T08:35:53">
	<testcase classname="AptPluginInstallDense" name="apt_install"/>
</testsuite>
