<?xml version="1.0" encoding="utf-8"?>
<testsuite failures="0" name="monitoring_with_simulated_messages" skipped="0" tests="1" time="2.7" timestamp="2022-02-15T18:23:17">
	<testcase classname="MonitoringWithSimulatedMessages" name="monitoring_with_simulated_messages"/>
</testsuite>
