<?xml version="1.0" encoding="utf-8"?>
<testsuite failures="0" name="mqtt_port_unset" skipped="0" tests="1" time="0.8" timestamp="2022-02-04T16:27:51">
	<testcase classname="MqttPortUnSet" name="mqtt_port_unset"/>
</testsuite>
