<?xml version="1.0" encoding="utf-8"?>
<testsuite failures="0" name="publish_flux" skipped="0" tests="1" time="68.15" timestamp="2022-02-14T12:48:42">
	<testcase classname="PublishFlux" name="publish_flux"/>
</testsuite>
