<?xml version="1.0" encoding="utf-8"?>
<testsuite failures="1" name="tedge_software_update" skipped="0" tests="1" time="0.03" timestamp="2022-02-18T15:18:04">
	<testcase classname="PySysTest" name="tedge_software_update">
		<failure message="BLOCKED: Failed to set up test: No module named 'environments'" type="BLOCKED"/>
		<system-out>16:18:04 INFO  ==============================================================
16:18:04 INFO  Id:    tedge_software_update
16:18:04 INFO  Dir:   tedge/
16:18:04 INFO  Title: Software install from download path
16:18:04 DEBUG Execution order hint: 0.0
16:18:04 INFO  ==============================================================
16:18:04 WARN  Failed to set up test: No module named 'environments' ... blocked 
16:18:04 WARN  caught &lt;class 'ModuleNotFoundError'&gt; while setting up test tedge_software_update: No module named 'environments'
Traceback (most recent call last):
  File &quot;/home/pi/env-pysys/lib/python3.7/site-packages/pysys/baserunner.py&quot;, line 1143, in __call__
    exec(runpycode, runpy_namespace)
  File &quot;/home/pi/actions-runner/_work/thin-edge.io/thin-edge.io/tests/PySys/tedge/tedge_software_update/run.py&quot;, line 1, in &lt;module&gt;
    from environments.environment_c8y import EnvironmentC8y
ModuleNotFoundError: No module named 'environments'
16:18:04 DEBUG --- test cleanup
16:18:04 DEBUG ProcessUser cleanup function done.
16:18:04 INFO  
16:18:04 INFO  Test duration: 0.03 secs
16:18:04 INFO  Test final outcome:  BLOCKED
16:18:04 INFO  Test outcome reason: Failed to set up test: No module named 'environments'
16:18:04 INFO  
</system-out>
	</testcase>
</testsuite>
