<?xml version="1.0" encoding="utf-8"?>
<testsuite failures="0" name="mqtt_port_set" skipped="0" tests="1" time="13.83" timestamp="2022-03-16T12:59:47">
	<testcase classname="MqttPortSet" name="mqtt_port_set"/>
</testsuite>
