<?xml version="1.0" encoding="utf-8"?>
<testsuite failures="0" name="publish_sawmill" skipped="0" tests="1" time="73.16" timestamp="2022-03-31T07:58:40">
	<testcase classname="PublishSawmill" name="publish_sawmill"/>
</testsuite>
