<?xml version="1.0" encoding="utf-8"?>
<testsuite failures="0" name="mqtt_port_set" skipped="0" tests="1" time="14.43" timestamp="2022-02-22T10:02:09">
	<testcase classname="MqttPortSet" name="mqtt_port_set"/>
</testsuite>
