<?xml version="1.0" encoding="utf-8"?>
<testsuite failures="0" name="publish_sawmill" skipped="0" tests="1" time="72.46" timestamp="2022-02-22T10:05:20">
	<testcase classname="PublishSawmill" name="publish_sawmill"/>
</testsuite>
