<?xml version="1.0" encoding="utf-8"?>
<testsuite failures="0" name="smoketest_json" skipped="0" tests="1" time="39.36" timestamp="2022-02-25T15:48:01">
	<testcase classname="SmokeTestJson" name="smoketest_json"/>
</testsuite>
