<?xml version="1.0" encoding="utf-8"?>
<testsuite failures="0" name="smoketest_json" skipped="0" tests="1" time="34.28" timestamp="2022-02-04T16:31:27">
	<testcase classname="SmokeTestJson" name="smoketest_json"/>
</testsuite>
