<?xml version="1.0" encoding="utf-8"?>
<testsuite failures="0" name="smoketest_json" skipped="0" tests="1" time="44.13" timestamp="2022-02-14T12:50:41">
	<testcase classname="SmokeTestJson" name="smoketest_json"/>
</testsuite>
