<?xml version="1.0" encoding="utf-8"?>
<testsuite failures="0" name="smoketest_json" skipped="0" tests="1" time="41.77" timestamp="2022-02-09T06:57:48">
	<testcase classname="SmokeTestJson" name="smoketest_json"/>
</testsuite>
