<?xml version="1.0" encoding="utf-8"?>
<testsuite failures="0" name="smoketest_smartrest" skipped="0" tests="1" time="40.27" timestamp="2022-03-16T05:50:23">
	<testcase classname="SmoketestSmartRest" name="smoketest_smartrest"/>
</testsuite>
