<?xml version="1.0" encoding="utf-8"?>
<testsuite failures="0" name="log_request_num_lines" skipped="0" tests="1" time="19.38" timestamp="2022-02-04T16:27:04">
	<testcase classname="LogRequestVerifyNumberOfLines" name="log_request_num_lines"/>
</testsuite>
