<?xml version="1.0" encoding="utf-8"?>
<testsuite failures="0" name="SoftwareManagement.sm_docker_install_remove_multiple" skipped="1" tests="1" time="0.01" timestamp="2022-03-16T05:54:03">
	<testcase classname="SMDockerInstallRemove" name="SoftwareManagement.sm_docker_install_remove_multiple"/>
</testsuite>
