<?xml version="1.0" encoding="utf-8"?>
<testsuite failures="0" name="mqtt_port_set" skipped="0" tests="1" time="17.94" timestamp="2022-02-15T18:22:24">
	<testcase classname="MqttPortSet" name="mqtt_port_set"/>
</testsuite>
