<?xml version="1.0" encoding="utf-8"?>
<testsuite failures="0" name="smoketest_smartrest_400_samples_1Xms" skipped="0" tests="1" time="110.94" timestamp="2022-02-25T15:52:18">
	<testcase classname="SmoketestSmartRest400Samples1Xms" name="smoketest_smartrest_400_samples_1Xms"/>
</testsuite>
