<?xml version="1.0" encoding="utf-8"?>
<testsuite failures="0" name="smoketest_smartrest" skipped="0" tests="1" time="40.52" timestamp="2022-03-02T12:41:56">
	<testcase classname="SmoketestSmartRest" name="smoketest_smartrest"/>
</testsuite>
