<?xml version="1.0" encoding="utf-8"?>
<testsuite failures="0" name="custom_init_system" skipped="0" tests="1" time="27.25" timestamp="2022-02-15T18:22:04">
	<testcase classname="CustomInitSystem" name="custom_init_system"/>
</testsuite>
