<?xml version="1.0" encoding="utf-8"?>
<testsuite failures="0" name="mqtt_port_set" skipped="0" tests="1" time="14.8" timestamp="2022-02-25T15:44:08">
	<testcase classname="MqttPortSet" name="mqtt_port_set"/>
</testsuite>
