<?xml version="1.0" encoding="utf-8"?>
<testsuite failures="0" name="smoketest_smartrest" skipped="0" tests="1" time="43.94" timestamp="2022-02-14T12:53:16">
	<testcase classname="SmoketestSmartRest" name="smoketest_smartrest"/>
</testsuite>
