<?xml version="1.0" encoding="utf-8"?>
<testsuite failures="1" name="sm_tedge_mapper_init_session" skipped="0" tests="1" time="23.98" timestamp="2022-02-22T10:14:33">
	<testcase classname="TedgeSMMapperInitSession" name="sm_tedge_mapper_init_session">
		<failure message="BLOCKED: sudo&lt;stop_tedge_mapper&gt; returned non-zero exit code 5" type="BLOCKED"/>
		<system-out>11:14:09 INFO  ==============================================================
11:14:09 INFO  Id:    sm_tedge_mapper_init_session
11:14:09 INFO  Dir:   tedge_mapper_c8y/
11:14:09 INFO  Title: Validate tedge_mapper_sm_c8y init session feature
11:14:09 DEBUG Execution order hint: 0.0
11:14:09 INFO  ==============================================================
11:14:09 DEBUG EnvironmentC8y Setup
11:14:09 INFO  EnvironmentC8y Setup
11:14:09 DEBUG Process parameters for systemctl&lt;serv_mapper1&gt;
  command line : /usr/bin/systemctl status tedge-mapper-c8y
    arg #1     : status
    arg #2     : tedge-mapper-c8y
  working dir  : /home/pi/actions-runner/_work/thin-edge.io/thin-edge.io/tests/PySys/tedge_mapper_c8y/sm_tedge_mapper_init_session/Output/linux
  stdout       : /home/pi/actions-runner/_work/thin-edge.io/thin-edge.io/tests/PySys/tedge_mapper_c8y/sm_tedge_mapper_init_session/Output/linux/serv_mapper1.out
  stderr       : /home/pi/actions-runner/_work/thin-edge.io/thin-edge.io/tests/PySys/tedge_mapper_c8y/sm_tedge_mapper_init_session/Output/linux/serv_mapper1.err
  environment  : LD_LIBRARY_PATH=/usr/lib
  environment  : PATH=/bin:/usr/bin:/usr/sbin:/usr/local/bin
                   #1  /bin
                   #2  /usr/bin
                   #3  /usr/sbin
                   #4  /usr/local/bin
11:14:09 DEBUG Waiting up to 600 secs for process systemctl&lt;serv_mapper1&gt; (pid 7716)
11:14:09 INFO  Executed systemctl&lt;serv_mapper1&gt;, exit status 3
11:14:09 DEBUG Process parameters for sudo&lt;tedge_connect_c8y&gt;
  command line : /usr/bin/sudo /usr/bin/tedge connect c8y
    arg #1     : /usr/bin/tedge
    arg #2     : connect
    arg #3     : c8y
  working dir  : /home/pi/actions-runner/_work/thin-edge.io/thin-edge.io/tests/PySys/tedge_mapper_c8y/sm_tedge_mapper_init_session/Output/linux
  stdout       : /home/pi/actions-runner/_work/thin-edge.io/thin-edge.io/tests/PySys/tedge_mapper_c8y/sm_tedge_mapper_init_session/Output/linux/tedge_connect_c8y.out
  stderr       : /home/pi/actions-runner/_work/thin-edge.io/thin-edge.io/tests/PySys/tedge_mapper_c8y/sm_tedge_mapper_init_session/Output/linux/tedge_connect_c8y.err
  environment  : LD_LIBRARY_PATH=/usr/lib
  environment  : PATH=/bin:/usr/bin:/usr/sbin:/usr/local/bin
                   #1  /bin
                   #2  /usr/bin
                   #3  /usr/sbin
                   #4  /usr/local/bin
11:14:09 DEBUG Waiting up to 600 secs for process sudo&lt;tedge_connect_c8y&gt; (pid 7720)
11:14:19 INFO  Executed sudo&lt;tedge_connect_c8y&gt;, exit status 0
11:14:19 DEBUG Process parameters for sudo&lt;tedge_connect_c8y_test&gt;
  command line : /usr/bin/sudo /usr/bin/tedge connect c8y --test
    arg #1     : /usr/bin/tedge
    arg #2     : connect
    arg #3     : c8y
    arg #4     : --test
  working dir  : /home/pi/actions-runner/_work/thin-edge.io/thin-edge.io/tests/PySys/tedge_mapper_c8y/sm_tedge_mapper_init_session/Output/linux
  stdout       : /home/pi/actions-runner/_work/thin-edge.io/thin-edge.io/tests/PySys/tedge_mapper_c8y/sm_tedge_mapper_init_session/Output/linux/tedge_connect_c8y_test.out
  stderr       : /home/pi/actions-runner/_work/thin-edge.io/thin-edge.io/tests/PySys/tedge_mapper_c8y/sm_tedge_mapper_init_session/Output/linux/tedge_connect_c8y_test.err
  environment  : LD_LIBRARY_PATH=/usr/lib
  environment  : PATH=/bin:/usr/bin:/usr/sbin:/usr/local/bin
                   #1  /bin
                   #2  /usr/bin
                   #3  /usr/sbin
                   #4  /usr/local/bin
11:14:19 DEBUG Waiting up to 600 secs for process sudo&lt;tedge_connect_c8y_test&gt; (pid 7882)
11:14:19 INFO  Executed sudo&lt;tedge_connect_c8y_test&gt;, exit status 0
11:14:20 DEBUG Process parameters for systemctl&lt;serv_mosq2&gt;
  command line : /usr/bin/systemctl status mosquitto
    arg #1     : status
    arg #2     : mosquitto
  working dir  : /home/pi/actions-runner/_work/thin-edge.io/thin-edge.io/tests/PySys/tedge_mapper_c8y/sm_tedge_mapper_init_session/Output/linux
  stdout       : /home/pi/actions-runner/_work/thin-edge.io/thin-edge.io/tests/PySys/tedge_mapper_c8y/sm_tedge_mapper_init_session/Output/linux/serv_mosq2.out
  stderr       : /home/pi/actions-runner/_work/thin-edge.io/thin-edge.io/tests/PySys/tedge_mapper_c8y/sm_tedge_mapper_init_session/Output/linux/serv_mosq2.err
  environment  : LD_LIBRARY_PATH=/usr/lib
  environment  : PATH=/bin:/usr/bin:/usr/sbin:/usr/local/bin
                   #1  /bin
                   #2  /usr/bin
                   #3  /usr/sbin
                   #4  /usr/local/bin
11:14:20 DEBUG Waiting up to 600 secs for process systemctl&lt;serv_mosq2&gt; (pid 7885)
11:14:20 INFO  Executed systemctl&lt;serv_mosq2&gt;, exit status 0
11:14:20 DEBUG Process parameters for systemctl&lt;serv_mapper3&gt;
  command line : /usr/bin/systemctl status tedge-mapper-c8y
    arg #1     : status
    arg #2     : tedge-mapper-c8y
  working dir  : /home/pi/actions-runner/_work/thin-edge.io/thin-edge.io/tests/PySys/tedge_mapper_c8y/sm_tedge_mapper_init_session/Output/linux
  stdout       : /home/pi/actions-runner/_work/thin-edge.io/thin-edge.io/tests/PySys/tedge_mapper_c8y/sm_tedge_mapper_init_session/Output/linux/serv_mapper3.out
  stderr       : /home/pi/actions-runner/_work/thin-edge.io/thin-edge.io/tests/PySys/tedge_mapper_c8y/sm_tedge_mapper_init_session/Output/linux/serv_mapper3.err
  environment  : LD_LIBRARY_PATH=/usr/lib
  environment  : PATH=/bin:/usr/bin:/usr/sbin:/usr/local/bin
                   #1  /bin
                   #2  /usr/bin
                   #3  /usr/sbin
                   #4  /usr/local/bin
11:14:20 DEBUG Waiting up to 600 secs for process systemctl&lt;serv_mapper3&gt; (pid 7888)
11:14:20 INFO  Executed systemctl&lt;serv_mapper3&gt;, exit status 0
11:14:20 DEBUG --- test execute
11:14:20 DEBUG Process parameters for sudo&lt;stop_tedge_mapper&gt;
  command line : /usr/bin/sudo systemctl stop tedge-mapper-sm-c8y
    arg #1     : systemctl
    arg #2     : stop
    arg #3     : tedge-mapper-sm-c8y
  working dir  : /home/pi/actions-runner/_work/thin-edge.io/thin-edge.io/tests/PySys/tedge_mapper_c8y/sm_tedge_mapper_init_session/Output/linux
  stdout       : /home/pi/actions-runner/_work/thin-edge.io/thin-edge.io/tests/PySys/tedge_mapper_c8y/sm_tedge_mapper_init_session/Output/linux/stop_tedge_mapper.out
  stderr       : /home/pi/actions-runner/_work/thin-edge.io/thin-edge.io/tests/PySys/tedge_mapper_c8y/sm_tedge_mapper_init_session/Output/linux/stop_tedge_mapper.err
  environment  : LD_LIBRARY_PATH=/usr/lib
  environment  : PATH=/bin:/usr/bin:/usr/sbin:/usr/local/bin
                   #1  /bin
                   #2  /usr/bin
                   #3  /usr/sbin
                   #4  /usr/local/bin
11:14:20 DEBUG Waiting up to 600 secs for process sudo&lt;stop_tedge_mapper&gt; (pid 7889)
11:14:20 WARN  Executed sudo&lt;stop_tedge_mapper&gt;, exit status 5
11:14:20 DEBUG Opening file using encoding=UTF-8: /home/pi/actions-runner/_work/thin-edge.io/thin-edge.io/tests/PySys/tedge_mapper_c8y/sm_tedge_mapper_init_session/Output/linux/stop_tedge_mapper.err
11:14:20 INFO  Contents of stop_tedge_mapper.err: 
11:14:20 INFO    Failed to stop tedge-mapper-sm-c8y.service: Unit tedge-mapper-sm-c8y.service not loaded.
11:14:20 INFO    -----
11:14:20 INFO  
11:14:20 WARN  sudo&lt;stop_tedge_mapper&gt; returned non-zero exit code 5 ... blocked [run.py:39]
11:14:20 WARN  Aborted test due to BLOCKED outcome
11:14:20 DEBUG --- test cleanup
11:14:20 INFO  
11:14:20 INFO  cleanup:
11:14:20 DEBUG Running registered cleanup function: &lt;bound method TedgeSMMapperInitSession.init_cleanup of &lt;TedgeSMMapperInitSession object at 0x75195190&gt;&gt;
11:14:20 DEBUG EnvironmentC8y Cleanup
11:14:20 DEBUG Process parameters for sudo&lt;tedge_disconnect_c8y&gt;
  command line : /usr/bin/sudo /usr/bin/tedge disconnect c8y
    arg #1     : /usr/bin/tedge
    arg #2     : disconnect
    arg #3     : c8y
  working dir  : /home/pi/actions-runner/_work/thin-edge.io/thin-edge.io/tests/PySys/tedge_mapper_c8y/sm_tedge_mapper_init_session/Output/linux
  stdout       : /home/pi/actions-runner/_work/thin-edge.io/thin-edge.io/tests/PySys/tedge_mapper_c8y/sm_tedge_mapper_init_session/Output/linux/tedge_disconnect_c8y.out
  stderr       : /home/pi/actions-runner/_work/thin-edge.io/thin-edge.io/tests/PySys/tedge_mapper_c8y/sm_tedge_mapper_init_session/Output/linux/tedge_disconnect_c8y.err
  environment  : LD_LIBRARY_PATH=/usr/lib
  environment  : PATH=/bin:/usr/bin:/usr/sbin:/usr/local/bin
                   #1  /bin
                   #2  /usr/bin
                   #3  /usr/sbin
                   #4  /usr/local/bin
11:14:20 DEBUG Waiting up to 600 secs for process sudo&lt;tedge_disconnect_c8y&gt; (pid 7894)
11:14:23 INFO  Executed sudo&lt;tedge_disconnect_c8y&gt;, exit status 0
11:14:23 DEBUG Process parameters for systemctl&lt;serv_mapper5&gt;
  command line : /usr/bin/systemctl status tedge-mapper-c8y
    arg #1     : status
    arg #2     : tedge-mapper-c8y
  working dir  : /home/pi/actions-runner/_work/thin-edge.io/thin-edge.io/tests/PySys/tedge_mapper_c8y/sm_tedge_mapper_init_session/Output/linux
  stdout       : /home/pi/actions-runner/_work/thin-edge.io/thin-edge.io/tests/PySys/tedge_mapper_c8y/sm_tedge_mapper_init_session/Output/linux/serv_mapper5.out
  stderr       : /home/pi/actions-runner/_work/thin-edge.io/thin-edge.io/tests/PySys/tedge_mapper_c8y/sm_tedge_mapper_init_session/Output/linux/serv_mapper5.err
  environment  : LD_LIBRARY_PATH=/usr/lib
  environment  : PATH=/bin:/usr/bin:/usr/sbin:/usr/local/bin
                   #1  /bin
                   #2  /usr/bin
                   #3  /usr/sbin
                   #4  /usr/local/bin
11:14:23 DEBUG Waiting up to 600 secs for process systemctl&lt;serv_mapper5&gt; (pid 7946)
11:14:23 INFO  Executed systemctl&lt;serv_mapper5&gt;, exit status 3
11:14:23 DEBUG Running registered cleanup function: &lt;bound method EnvironmentC8y.myenvcleanup of &lt;TedgeSMMapperInitSession object at 0x75195190&gt;&gt;
11:14:23 DEBUG EnvironmentC8y Cleanup
11:14:23 INFO  Restarting mosquitto too frequently in the last 10 seconds. It was only up for 2 seconds
11:14:23 INFO  Delaying execution by 9 seconds
11:14:32 DEBUG Process parameters for sudo&lt;tedge_disconnect_c8y&gt;
  command line : /usr/bin/sudo /usr/bin/tedge disconnect c8y
    arg #1     : /usr/bin/tedge
    arg #2     : disconnect
    arg #3     : c8y
  working dir  : /home/pi/actions-runner/_work/thin-edge.io/thin-edge.io/tests/PySys/tedge_mapper_c8y/sm_tedge_mapper_init_session/Output/linux
  stdout       : /home/pi/actions-runner/_work/thin-edge.io/thin-edge.io/tests/PySys/tedge_mapper_c8y/sm_tedge_mapper_init_session/Output/linux/tedge_disconnect_c8y.out
  stderr       : /home/pi/actions-runner/_work/thin-edge.io/thin-edge.io/tests/PySys/tedge_mapper_c8y/sm_tedge_mapper_init_session/Output/linux/tedge_disconnect_c8y.err
  environment  : LD_LIBRARY_PATH=/usr/lib
  environment  : PATH=/bin:/usr/bin:/usr/sbin:/usr/local/bin
                   #1  /bin
                   #2  /usr/bin
                   #3  /usr/sbin
                   #4  /usr/local/bin
11:14:32 DEBUG Waiting up to 600 secs for process sudo&lt;tedge_disconnect_c8y&gt; (pid 7987)
11:14:32 INFO  Executed sudo&lt;tedge_disconnect_c8y&gt;, exit status 0
11:14:32 DEBUG Process parameters for systemctl&lt;serv_mapper5&gt;
  command line : /usr/bin/systemctl status tedge-mapper-c8y
    arg #1     : status
    arg #2     : tedge-mapper-c8y
  working dir  : /home/pi/actions-runner/_work/thin-edge.io/thin-edge.io/tests/PySys/tedge_mapper_c8y/sm_tedge_mapper_init_session/Output/linux
  stdout       : /home/pi/actions-runner/_work/thin-edge.io/thin-edge.io/tests/PySys/tedge_mapper_c8y/sm_tedge_mapper_init_session/Output/linux/serv_mapper5.out
  stderr       : /home/pi/actions-runner/_work/thin-edge.io/thin-edge.io/tests/PySys/tedge_mapper_c8y/sm_tedge_mapper_init_session/Output/linux/serv_mapper5.err
  environment  : LD_LIBRARY_PATH=/usr/lib
  environment  : PATH=/bin:/usr/bin:/usr/sbin:/usr/local/bin
                   #1  /bin
                   #2  /usr/bin
                   #3  /usr/sbin
                   #4  /usr/local/bin
11:14:32 DEBUG Waiting up to 600 secs for process systemctl&lt;serv_mapper5&gt; (pid 7989)
11:14:33 INFO  Executed systemctl&lt;serv_mapper5&gt;, exit status 3
11:14:33 DEBUG ProcessUser cleanup function done.
11:14:33 INFO  
11:14:33 INFO  Test duration: 23.98 secs
11:14:33 INFO  Test final outcome:  BLOCKED
11:14:33 INFO  Test outcome reason: sudo&lt;stop_tedge_mapper&gt; returned non-zero exit code 5
11:14:33 INFO  
</system-out>
	</testcase>
</testsuite>
