<?xml version="1.0" encoding="utf-8"?>
<testsuite failures="0" name="publish_flux" skipped="0" tests="1" time="69.99" timestamp="2022-02-15T18:24:32">
	<testcase classname="PublishFlux" name="publish_flux"/>
</testsuite>
