<?xml version="1.0" encoding="utf-8"?>
<testsuite failures="0" name="valid_device_id" skipped="0" tests="1" time="25.62" timestamp="2022-03-16T05:44:45">
	<testcase classname="ValidateValidDeviceId" name="valid_device_id"/>
</testsuite>
