<?xml version="1.0" encoding="utf-8"?>
<testsuite failures="1" name="tedge_software_update" skipped="0" tests="1" time="0.02" timestamp="2022-02-09T07:05:31">
	<testcase classname="PySysTest" name="tedge_software_update">
		<failure message="BLOCKED: Failed to set up test: &quot;'__name__' not in globals&quot;" type="BLOCKED"/>
		<system-out>08:05:31 INFO  ==============================================================
08:05:31 INFO  Id:    tedge_software_update
08:05:31 INFO  Dir:   tedge/
08:05:31 INFO  Title: Software install from download path
08:05:31 DEBUG Execution order hint: 0.0
08:05:31 INFO  ==============================================================
08:05:31 WARN  Failed to set up test: &quot;'__name__' not in globals&quot; ... blocked 
08:05:31 WARN  caught &lt;class 'KeyError'&gt; while setting up test tedge_software_update: &quot;'__name__' not in globals&quot;
Traceback (most recent call last):
  File &quot;/home/pi/env-pysys/lib/python3.7/site-packages/pysys/baserunner.py&quot;, line 1143, in __call__
    exec(runpycode, runpy_namespace)
  File &quot;/home/pi/actions-runner/_work/thin-edge.io/thin-edge.io/tests/PySys/tedge/tedge_software_update/run.py&quot;, line 1, in &lt;module&gt;
    from .environments.environment_c8y import EnvironmentC8y
KeyError: &quot;'__name__' not in globals&quot;
08:05:31 DEBUG --- test cleanup
08:05:31 DEBUG ProcessUser cleanup function done.
08:05:31 INFO  
08:05:31 INFO  Test duration: 0.02 secs
08:05:31 INFO  Test final outcome:  BLOCKED
08:05:31 INFO  Test outcome reason: Failed to set up test: &quot;'__name__' not in globals&quot;
08:05:31 INFO  
</system-out>
	</testcase>
</testsuite>
