<?xml version="1.0" encoding="utf-8"?>
<testsuite failures="1" name="call_tedge_-h_-V" skipped="0" tests="1" time="0.42" timestamp="2022-03-30T06:18:48">
	<testcase classname="PySysTest" name="call_tedge_-h_-V">
		<failure message="FAILED: Grep on tedge.out contains &quot;tedge 0.5&quot;" type="FAILED"/>
		<system-out>08:18:48 INFO  ==============================================================
08:18:48 INFO  Id:    call_tedge_-h_-V
08:18:48 INFO  Dir:   tedge/
08:18:48 INFO  Title: Validate command line option -h -V
08:18:48 DEBUG Execution order hint: 0.0
08:18:48 INFO  ==============================================================
08:18:48 DEBUG --- test execute
08:18:48 DEBUG Process parameters for tedge
  command line : /usr/bin/tedge -h -V
    arg #1     : -h
    arg #2     : -V
  working dir  : /home/pi/actions-runner/_work/thin-edge.io/thin-edge.io/tests/PySys/tedge/call_tedge_-h_-V/Output/linux
  stdout       : /home/pi/actions-runner/_work/thin-edge.io/thin-edge.io/tests/PySys/tedge/call_tedge_-h_-V/Output/linux/tedge.out
  stderr       : /home/pi/actions-runner/_work/thin-edge.io/thin-edge.io/tests/PySys/tedge/call_tedge_-h_-V/Output/linux/tedge.err
  environment  : LD_LIBRARY_PATH=/usr/lib
  environment  : PATH=/bin:/usr/bin:/usr/sbin:/usr/local/bin
                   #1  /bin
                   #2  /usr/bin
                   #3  /usr/sbin
                   #4  /usr/local/bin
08:18:48 DEBUG Waiting up to 600 secs for process tedge (pid 10398)
08:18:48 INFO  Executed tedge, exit status 0
08:18:48 DEBUG --- test validate
08:18:48 DEBUG Performing regex contains=True grep on file: /home/pi/actions-runner/_work/thin-edge.io/thin-edge.io/tests/PySys/tedge/call_tedge_-h_-V/Output/linux/tedge.out
08:18:48 WARN  Grep on tedge.out contains &quot;tedge 0.5&quot; ... failed [run.py:32]
08:18:48 DEBUG Performing regex contains=True grep on file: /home/pi/actions-runner/_work/thin-edge.io/thin-edge.io/tests/PySys/tedge/call_tedge_-h_-V/Output/linux/tedge.out
08:18:48 DEBUG Grep on input file tedge.out successfully matched expression &quot;USAGE:&quot; with line: 'USAGE:\n'
08:18:48 INFO  Grep on input file tedge.out ... passed
08:18:48 DEBUG --- test cleanup
08:18:48 DEBUG ProcessUser cleanup function done.
08:18:48 INFO  
08:18:48 INFO  Test duration: 0.42 secs
08:18:48 INFO  Test final outcome:  FAILED
08:18:48 INFO  Test outcome reason: Grep on tedge.out contains &quot;tedge 0.5&quot;
08:18:48 INFO  
</system-out>
	</testcase>
</testsuite>
