<?xml version="1.0" encoding="utf-8"?>
<testsuite failures="1" name="call_tedge_-h_-V" skipped="0" tests="1" time="0.41" timestamp="2022-03-31T08:05:26">
	<testcase classname="PySysTest" name="call_tedge_-h_-V">
		<failure message="FAILED: Grep on tedge.out contains &quot;tedge 0.5&quot;" type="FAILED"/>
		<system-out>10:05:26 INFO  ==============================================================
10:05:26 INFO  Id:    call_tedge_-h_-V
10:05:26 INFO  Dir:   tedge/
10:05:26 INFO  Title: Validate command line option -h -V
10:05:26 DEBUG Execution order hint: 0.0
10:05:26 INFO  ==============================================================
10:05:26 DEBUG --- test execute
10:05:26 DEBUG Process parameters for tedge
  command line : /usr/bin/tedge -h -V
    arg #1     : -h
    arg #2     : -V
  working dir  : /home/pi/actions-runner/_work/thin-edge.io/thin-edge.io/tests/PySys/tedge/call_tedge_-h_-V/Output/linux
  stdout       : /home/pi/actions-runner/_work/thin-edge.io/thin-edge.io/tests/PySys/tedge/call_tedge_-h_-V/Output/linux/tedge.out
  stderr       : /home/pi/actions-runner/_work/thin-edge.io/thin-edge.io/tests/PySys/tedge/call_tedge_-h_-V/Output/linux/tedge.err
  environment  : LD_LIBRARY_PATH=/usr/lib
  environment  : PATH=/bin:/usr/bin:/usr/sbin:/usr/local/bin
                   #1  /bin
                   #2  /usr/bin
                   #3  /usr/sbin
                   #4  /usr/local/bin
10:05:26 DEBUG Waiting up to 600 secs for process tedge (pid 28484)
10:05:26 INFO  Executed tedge, exit status 0
10:05:26 DEBUG --- test validate
10:05:26 DEBUG Performing regex contains=True grep on file: /home/pi/actions-runner/_work/thin-edge.io/thin-edge.io/tests/PySys/tedge/call_tedge_-h_-V/Output/linux/tedge.out
10:05:26 WARN  Grep on tedge.out contains &quot;tedge 0.5&quot; ... failed [run.py:32]
10:05:26 DEBUG Performing regex contains=True grep on file: /home/pi/actions-runner/_work/thin-edge.io/thin-edge.io/tests/PySys/tedge/call_tedge_-h_-V/Output/linux/tedge.out
10:05:26 DEBUG Grep on input file tedge.out successfully matched expression &quot;USAGE:&quot; with line: 'USAGE:\n'
10:05:26 INFO  Grep on input file tedge.out ... passed
10:05:26 DEBUG --- test cleanup
10:05:26 DEBUG ProcessUser cleanup function done.
10:05:26 INFO  
10:05:26 INFO  Test duration: 0.41 secs
10:05:26 INFO  Test final outcome:  FAILED
10:05:26 INFO  Test outcome reason: Grep on tedge.out contains &quot;tedge 0.5&quot;
10:05:26 INFO  
</system-out>
	</testcase>
</testsuite>
