<?xml version="1.0" encoding="utf-8"?>
<testsuite failures="0" name="publish_flux" skipped="0" tests="1" time="65.22" timestamp="2022-02-25T15:46:08">
	<testcase classname="PublishFlux" name="publish_flux"/>
</testsuite>
