<?xml version="1.0" encoding="utf-8"?>
<testsuite failures="0" name="smoketest_smartrest" skipped="0" tests="1" time="41.37" timestamp="2022-02-25T15:50:27">
	<testcase classname="SmoketestSmartRest" name="smoketest_smartrest"/>
</testsuite>
