<?xml version="1.0" encoding="utf-8"?>
<testsuite failures="1" name="tedge_connect_test_positive" skipped="0" tests="1" time="17.53" timestamp="2022-02-04T16:39:01">
	<testcase classname="TedgeConnectTestPositive" name="tedge_connect_test_positive">
		<failure message="BLOCKED: SystemError: Cannot find id in device_fragment" type="BLOCKED"/>
		<system-out>17:38:44 INFO  ==============================================================
17:38:44 INFO  Id:    tedge_connect_test_positive
17:38:44 INFO  Dir:   tedge_connect/
17:38:44 INFO  Title: Validate tedge connect c8y --test (positive case)
17:38:44 DEBUG Execution order hint: 0.0
17:38:44 INFO  ==============================================================
17:38:44 DEBUG EnvironmentC8y Setup
17:38:44 INFO  EnvironmentC8y Setup
17:38:44 DEBUG Process parameters for systemctl&lt;serv_mapper1&gt;
  command line : /usr/bin/systemctl status tedge-mapper-c8y
    arg #1     : status
    arg #2     : tedge-mapper-c8y
  working dir  : /home/pi/actions-runner/_work/thin-edge.io/thin-edge.io/tests/PySys/tedge_connect/tedge_connect_test_positive/Output/linux
  stdout       : /home/pi/actions-runner/_work/thin-edge.io/thin-edge.io/tests/PySys/tedge_connect/tedge_connect_test_positive/Output/linux/serv_mapper1.out
  stderr       : /home/pi/actions-runner/_work/thin-edge.io/thin-edge.io/tests/PySys/tedge_connect/tedge_connect_test_positive/Output/linux/serv_mapper1.err
  environment  : LD_LIBRARY_PATH=/usr/lib
  environment  : PATH=/bin:/usr/bin:/usr/sbin:/usr/local/bin
                   #1  /bin
                   #2  /usr/bin
                   #3  /usr/sbin
                   #4  /usr/local/bin
17:38:44 DEBUG Waiting up to 600 secs for process systemctl&lt;serv_mapper1&gt; (pid 31268)
17:38:44 INFO  Executed systemctl&lt;serv_mapper1&gt;, exit status 3
17:38:44 DEBUG Process parameters for sudo&lt;tedge_connect&gt;
  command line : /usr/bin/sudo /usr/bin/tedge connect c8y
    arg #1     : /usr/bin/tedge
    arg #2     : connect
    arg #3     : c8y
  working dir  : /home/pi/actions-runner/_work/thin-edge.io/thin-edge.io/tests/PySys/tedge_connect/tedge_connect_test_positive/Output/linux
  stdout       : /home/pi/actions-runner/_work/thin-edge.io/thin-edge.io/tests/PySys/tedge_connect/tedge_connect_test_positive/Output/linux/tedge_connect.out
  stderr       : /home/pi/actions-runner/_work/thin-edge.io/thin-edge.io/tests/PySys/tedge_connect/tedge_connect_test_positive/Output/linux/tedge_connect.err
  environment  : LD_LIBRARY_PATH=/usr/lib
  environment  : PATH=/bin:/usr/bin:/usr/sbin:/usr/local/bin
                   #1  /bin
                   #2  /usr/bin
                   #3  /usr/sbin
                   #4  /usr/local/bin
17:38:44 DEBUG Waiting up to 600 secs for process sudo&lt;tedge_connect&gt; (pid 31269)
17:38:56 INFO  Executed sudo&lt;tedge_connect&gt;, exit status 0, duration 11 secs
17:38:56 DEBUG Process parameters for sudo&lt;tedge_connect_test&gt;
  command line : /usr/bin/sudo /usr/bin/tedge connect c8y --test
    arg #1     : /usr/bin/tedge
    arg #2     : connect
    arg #3     : c8y
    arg #4     : --test
  working dir  : /home/pi/actions-runner/_work/thin-edge.io/thin-edge.io/tests/PySys/tedge_connect/tedge_connect_test_positive/Output/linux
  stdout       : /home/pi/actions-runner/_work/thin-edge.io/thin-edge.io/tests/PySys/tedge_connect/tedge_connect_test_positive/Output/linux/tedge_connect_test.out
  stderr       : /home/pi/actions-runner/_work/thin-edge.io/thin-edge.io/tests/PySys/tedge_connect/tedge_connect_test_positive/Output/linux/tedge_connect_test.err
  environment  : LD_LIBRARY_PATH=/usr/lib
  environment  : PATH=/bin:/usr/bin:/usr/sbin:/usr/local/bin
                   #1  /bin
                   #2  /usr/bin
                   #3  /usr/sbin
                   #4  /usr/local/bin
17:38:56 DEBUG Waiting up to 600 secs for process sudo&lt;tedge_connect_test&gt; (pid 31472)
17:38:56 INFO  Executed sudo&lt;tedge_connect_test&gt;, exit status 0
17:38:56 DEBUG Process parameters for systemctl&lt;serv_mosq2&gt;
  command line : /usr/bin/systemctl status mosquitto
    arg #1     : status
    arg #2     : mosquitto
  working dir  : /home/pi/actions-runner/_work/thin-edge.io/thin-edge.io/tests/PySys/tedge_connect/tedge_connect_test_positive/Output/linux
  stdout       : /home/pi/actions-runner/_work/thin-edge.io/thin-edge.io/tests/PySys/tedge_connect/tedge_connect_test_positive/Output/linux/serv_mosq2.out
  stderr       : /home/pi/actions-runner/_work/thin-edge.io/thin-edge.io/tests/PySys/tedge_connect/tedge_connect_test_positive/Output/linux/serv_mosq2.err
  environment  : LD_LIBRARY_PATH=/usr/lib
  environment  : PATH=/bin:/usr/bin:/usr/sbin:/usr/local/bin
                   #1  /bin
                   #2  /usr/bin
                   #3  /usr/sbin
                   #4  /usr/local/bin
17:38:56 DEBUG Waiting up to 600 secs for process systemctl&lt;serv_mosq2&gt; (pid 31475)
17:38:56 INFO  Executed systemctl&lt;serv_mosq2&gt;, exit status 0
17:38:56 DEBUG Process parameters for systemctl&lt;serv_mapper3&gt;
  command line : /usr/bin/systemctl status tedge-mapper-c8y
    arg #1     : status
    arg #2     : tedge-mapper-c8y
  working dir  : /home/pi/actions-runner/_work/thin-edge.io/thin-edge.io/tests/PySys/tedge_connect/tedge_connect_test_positive/Output/linux
  stdout       : /home/pi/actions-runner/_work/thin-edge.io/thin-edge.io/tests/PySys/tedge_connect/tedge_connect_test_positive/Output/linux/serv_mapper3.out
  stderr       : /home/pi/actions-runner/_work/thin-edge.io/thin-edge.io/tests/PySys/tedge_connect/tedge_connect_test_positive/Output/linux/serv_mapper3.err
  environment  : LD_LIBRARY_PATH=/usr/lib
  environment  : PATH=/bin:/usr/bin:/usr/sbin:/usr/local/bin
                   #1  /bin
                   #2  /usr/bin
                   #3  /usr/sbin
                   #4  /usr/local/bin
17:38:56 DEBUG Waiting up to 600 secs for process systemctl&lt;serv_mapper3&gt; (pid 31476)
17:38:56 INFO  Executed systemctl&lt;serv_mapper3&gt;, exit status 0
17:38:56 DEBUG --- test execute
17:38:56 DEBUG EnvironmentC8y Execute
17:38:56 INFO  Execute `tedge connect c8y --test`
17:38:56 DEBUG Process parameters for sudo&lt;tedge_connect_c8y_test_positive&gt;
  command line : /usr/bin/sudo /usr/bin/tedge connect c8y --test
    arg #1     : /usr/bin/tedge
    arg #2     : connect
    arg #3     : c8y
    arg #4     : --test
  working dir  : /home/pi/actions-runner/_work/thin-edge.io/thin-edge.io/tests/PySys/tedge_connect/tedge_connect_test_positive/Output/linux
  stdout       : /home/pi/actions-runner/_work/thin-edge.io/thin-edge.io/tests/PySys/tedge_connect/tedge_connect_test_positive/Output/linux/tedge_connect_c8y_test_positive.out
  stderr       : /home/pi/actions-runner/_work/thin-edge.io/thin-edge.io/tests/PySys/tedge_connect/tedge_connect_test_positive/Output/linux/tedge_connect_c8y_test_positive.err
  environment  : LD_LIBRARY_PATH=/usr/lib
  environment  : PATH=/bin:/usr/bin:/usr/sbin:/usr/local/bin
                   #1  /bin
                   #2  /usr/bin
                   #3  /usr/sbin
                   #4  /usr/local/bin
17:38:56 DEBUG Waiting up to 600 secs for process sudo&lt;tedge_connect_c8y_test_positive&gt; (pid 31486)
17:38:57 INFO  Executed sudo&lt;tedge_connect_c8y_test_positive&gt;, exit status 0
17:38:57 DEBUG --- test validate
17:38:57 DEBUG EnvironmentC8y Validate
17:38:57 DEBUG Process parameters for systemctl&lt;serv_mosq&gt;
  command line : /usr/bin/systemctl status mosquitto
    arg #1     : status
    arg #2     : mosquitto
  working dir  : /home/pi/actions-runner/_work/thin-edge.io/thin-edge.io/tests/PySys/tedge_connect/tedge_connect_test_positive/Output/linux
  stdout       : /home/pi/actions-runner/_work/thin-edge.io/thin-edge.io/tests/PySys/tedge_connect/tedge_connect_test_positive/Output/linux/serv_mosq.out
  stderr       : /home/pi/actions-runner/_work/thin-edge.io/thin-edge.io/tests/PySys/tedge_connect/tedge_connect_test_positive/Output/linux/serv_mosq.err
  environment  : LD_LIBRARY_PATH=/usr/lib
  environment  : PATH=/bin:/usr/bin:/usr/sbin:/usr/local/bin
                   #1  /bin
                   #2  /usr/bin
                   #3  /usr/sbin
                   #4  /usr/local/bin
17:38:57 DEBUG Waiting up to 600 secs for process systemctl&lt;serv_mosq&gt; (pid 31489)
17:38:57 INFO  Executed systemctl&lt;serv_mosq&gt;, exit status 0
17:38:57 DEBUG Process parameters for systemctl&lt;serv_mapper4&gt;
  command line : /usr/bin/systemctl status tedge-mapper-c8y
    arg #1     : status
    arg #2     : tedge-mapper-c8y
  working dir  : /home/pi/actions-runner/_work/thin-edge.io/thin-edge.io/tests/PySys/tedge_connect/tedge_connect_test_positive/Output/linux
  stdout       : /home/pi/actions-runner/_work/thin-edge.io/thin-edge.io/tests/PySys/tedge_connect/tedge_connect_test_positive/Output/linux/serv_mapper4.out
  stderr       : /home/pi/actions-runner/_work/thin-edge.io/thin-edge.io/tests/PySys/tedge_connect/tedge_connect_test_positive/Output/linux/serv_mapper4.err
  environment  : LD_LIBRARY_PATH=/usr/lib
  environment  : PATH=/bin:/usr/bin:/usr/sbin:/usr/local/bin
                   #1  /bin
                   #2  /usr/bin
                   #3  /usr/sbin
                   #4  /usr/local/bin
17:38:57 DEBUG Waiting up to 600 secs for process systemctl&lt;serv_mapper4&gt; (pid 31490)
17:38:58 INFO  Executed systemctl&lt;serv_mapper4&gt;, exit status 0
17:38:58 INFO  Validate
17:38:58 DEBUG Performing regex contains=True grep on file: /home/pi/actions-runner/_work/thin-edge.io/thin-edge.io/tests/PySys/tedge_connect/tedge_connect_test_positive/Output/linux/tedge_connect_c8y_test_positive.out
17:38:58 DEBUG Grep on input file tedge_connect_c8y_test_positive.out successfully matched expression &quot;Connection check to c8y cloud is successful.&quot; with line: 'Connection check to c8y cloud is successfull.\n'
17:38:58 INFO  Grep on input file tedge_connect_c8y_test_positive.out ... passed
17:38:58 ERROR Cannot find id in device_fragment
17:38:58 WARN  caught &lt;class 'SystemError'&gt; while running test: Cannot find id in device_fragment
Traceback (most recent call last):
  File &quot;/home/pi/actions-runner/_work/thin-edge.io/thin-edge.io/tests/PySys/tedge_connect/tedge_connect_test_positive/run.py&quot;, line 37, in validate
    id = self.device_fragment['id']
TypeError: 'NoneType' object is not subscriptable

During handling of the above exception, another exception occurred:

Traceback (most recent call last):
  File &quot;/home/pi/env-pysys/lib/python3.7/site-packages/pysys/baserunner.py&quot;, line 1211, in __call__
    self.testObj.validate()
  File &quot;/home/pi/actions-runner/_work/thin-edge.io/thin-edge.io/tests/PySys/tedge_connect/tedge_connect_test_positive/run.py&quot;, line 40, in validate
    raise SystemError(&quot;Cannot find id in device_fragment&quot;)
SystemError: Cannot find id in device_fragment
17:38:58 WARN  SystemError: Cannot find id in device_fragment ... blocked 
17:38:58 DEBUG --- test cleanup
17:38:58 INFO  
17:38:58 INFO  cleanup:
17:38:58 DEBUG Running registered cleanup function: &lt;bound method EnvironmentC8y.myenvcleanup of &lt;TedgeConnectTestPositive object at 0x75188910&gt;&gt;
17:38:58 DEBUG EnvironmentC8y Cleanup
17:38:58 DEBUG Process parameters for sudo&lt;tedge_disconnect&gt;
  command line : /usr/bin/sudo /usr/bin/tedge disconnect c8y
    arg #1     : /usr/bin/tedge
    arg #2     : disconnect
    arg #3     : c8y
  working dir  : /home/pi/actions-runner/_work/thin-edge.io/thin-edge.io/tests/PySys/tedge_connect/tedge_connect_test_positive/Output/linux
  stdout       : /home/pi/actions-runner/_work/thin-edge.io/thin-edge.io/tests/PySys/tedge_connect/tedge_connect_test_positive/Output/linux/tedge_disconnect.out
  stderr       : /home/pi/actions-runner/_work/thin-edge.io/thin-edge.io/tests/PySys/tedge_connect/tedge_connect_test_positive/Output/linux/tedge_disconnect.err
  environment  : LD_LIBRARY_PATH=/usr/lib
  environment  : PATH=/bin:/usr/bin:/usr/sbin:/usr/local/bin
                   #1  /bin
                   #2  /usr/bin
                   #3  /usr/sbin
                   #4  /usr/local/bin
17:38:58 DEBUG Waiting up to 600 secs for process sudo&lt;tedge_disconnect&gt; (pid 31491)
17:39:01 INFO  Executed sudo&lt;tedge_disconnect&gt;, exit status 0
17:39:01 DEBUG Process parameters for systemctl&lt;serv_mapper5&gt;
  command line : /usr/bin/systemctl status tedge-mapper-c8y
    arg #1     : status
    arg #2     : tedge-mapper-c8y
  working dir  : /home/pi/actions-runner/_work/thin-edge.io/thin-edge.io/tests/PySys/tedge_connect/tedge_connect_test_positive/Output/linux
  stdout       : /home/pi/actions-runner/_work/thin-edge.io/thin-edge.io/tests/PySys/tedge_connect/tedge_connect_test_positive/Output/linux/serv_mapper5.out
  stderr       : /home/pi/actions-runner/_work/thin-edge.io/thin-edge.io/tests/PySys/tedge_connect/tedge_connect_test_positive/Output/linux/serv_mapper5.err
  environment  : LD_LIBRARY_PATH=/usr/lib
  environment  : PATH=/bin:/usr/bin:/usr/sbin:/usr/local/bin
                   #1  /bin
                   #2  /usr/bin
                   #3  /usr/sbin
                   #4  /usr/local/bin
17:39:01 DEBUG Waiting up to 600 secs for process systemctl&lt;serv_mapper5&gt; (pid 31560)
17:39:01 INFO  Executed systemctl&lt;serv_mapper5&gt;, exit status 3
17:39:01 DEBUG ProcessUser cleanup function done.
17:39:01 INFO  
17:39:01 INFO  Test duration: 17.53 secs
17:39:01 INFO  Test final outcome:  BLOCKED
17:39:01 INFO  Test outcome reason: SystemError: Cannot find id in device_fragment
17:39:01 INFO  
</system-out>
	</testcase>
</testsuite>
