<?xml version="1.0" encoding="utf-8"?>
<testsuite failures="0" name="call_tedge_-h" skipped="0" tests="1" time="0.23" timestamp="2022-03-16T13:09:33">
	<testcase classname="PySysTest" name="call_tedge_-h"/>
</testsuite>
