<?xml version="1.0" encoding="utf-8"?>
<testsuite failures="0" name="local_mqtt_sub_fail" skipped="0" tests="1" time="0.84" timestamp="2022-03-16T05:42:41">
	<testcase classname="PySysTest" name="local_mqtt_sub_fail"/>
</testsuite>
