<?xml version="1.0" encoding="utf-8"?>
<testsuite failures="0" name="apt_list_format" skipped="0" tests="1" time="1.84" timestamp="2022-03-30T06:09:41">
	<testcase classname="AptPluginListFormat" name="apt_list_format"/>
</testsuite>
