<?xml version="1.0" encoding="utf-8"?>
<testsuite failures="0" name="mqtt_port_set" skipped="0" tests="1" time="15.96" timestamp="2022-02-04T16:27:50">
	<testcase classname="MqttPortSet" name="mqtt_port_set"/>
</testsuite>
