<?xml version="1.0" encoding="utf-8"?>
<testsuite failures="0" name="SoftwareManagement.sm_mixed_install_remove_multiple" skipped="1" tests="1" time="0.01" timestamp="2022-03-16T13:09:33">
	<testcase classname="PySysTest" name="SoftwareManagement.sm_mixed_install_remove_multiple"/>
</testsuite>
