<?xml version="1.0" encoding="utf-8"?>
<testsuite failures="0" name="monitoring_with_collectd" skipped="0" tests="1" time="13.5" timestamp="2022-03-02T12:36:27">
	<testcase classname="MonitoringWithCollectd" name="monitoring_with_collectd"/>
</testsuite>
