<?xml version="1.0" encoding="utf-8"?>
<testsuite failures="0" name="smoketest_json" skipped="0" tests="1" time="40.4" timestamp="2022-03-04T12:37:43">
	<testcase classname="SmokeTestJson" name="smoketest_json"/>
</testsuite>
