<?xml version="1.0" encoding="utf-8"?>
<testsuite failures="0" name="apt_prepare" skipped="1" tests="1" time="0.01" timestamp="2022-03-31T07:56:21">
	<testcase classname="AptPluginPrepare" name="apt_prepare"/>
</testsuite>
