<?xml version="1.0" encoding="utf-8"?>
<testsuite failures="0" name="agent_init_session" skipped="0" tests="1" time="3.92" timestamp="2022-03-30T06:19:21">
	<testcase classname="AgentInitSession" name="agent_init_session"/>
</testsuite>
