<?xml version="1.0" encoding="utf-8"?>
<testsuite failures="0" name="call_tedge_config_help" skipped="0" tests="1" time="0.23" timestamp="2022-02-09T07:05:18">
	<testcase classname="PySysTest" name="call_tedge_config_help"/>
</testsuite>
