<?xml version="1.0" encoding="utf-8"?>
<testsuite failures="1" name="tedge_mapper_c8y_negative" skipped="0" tests="1" time="1.24" timestamp="2022-03-23T19:01:26">
	<testcase classname="TedgeMapperC8y" name="tedge_mapper_c8y_negative">
		<failure message="FAILED: Grep on tedge_sub.out contains &quot;Invalid JSON&quot;" type="FAILED"/>
		<system-out>20:01:24 INFO  ==============================================================
20:01:24 INFO  Id:    tedge_mapper_c8y_negative
20:01:24 INFO  Dir:   tedge_mapper_c8y/
20:01:24 INFO  Title: Validate the Cumulocity Mapper that publishes an error message on tedge/errors when it receives an invalid JSON message on tedge/measurements
20:01:24 DEBUG Execution order hint: 0.0
20:01:24 INFO  ==============================================================
20:01:24 DEBUG Process parameters for sudo&lt;tedge_mapper_c8y&gt;
  command line : /usr/bin/sudo systemctl start tedge-mapper-c8y
    arg #1     : systemctl
    arg #2     : start
    arg #3     : tedge-mapper-c8y
  working dir  : /home/pi/actions-runner/_work/thin-edge.io/thin-edge.io/tests/PySys/tedge_mapper_c8y/tedge_mapper_c8y_negative/Output/linux
  stdout       : /home/pi/actions-runner/_work/thin-edge.io/thin-edge.io/tests/PySys/tedge_mapper_c8y/tedge_mapper_c8y_negative/Output/linux/tedge_mapper_c8y.out
  stderr       : /home/pi/actions-runner/_work/thin-edge.io/thin-edge.io/tests/PySys/tedge_mapper_c8y/tedge_mapper_c8y_negative/Output/linux/tedge_mapper_c8y.err
  environment  : LD_LIBRARY_PATH=/usr/lib
  environment  : PATH=/bin:/usr/bin:/usr/sbin:/usr/local/bin
                   #1  /bin
                   #2  /usr/bin
                   #3  /usr/sbin
                   #4  /usr/local/bin
20:01:24 DEBUG Waiting up to 600 secs for process sudo&lt;tedge_mapper_c8y&gt; (pid 18168)
20:01:25 INFO  Executed sudo&lt;tedge_mapper_c8y&gt;, exit status 0
20:01:25 DEBUG --- test execute
20:01:25 DEBUG Process parameters for sudo&lt;tedge_sub&gt;
  command line : /usr/bin/sudo /usr/bin/tedge mqtt sub --no-topic tedge/errors
    arg #1     : /usr/bin/tedge
    arg #2     : mqtt
    arg #3     : sub
    arg #4     : --no-topic
    arg #5     : tedge/errors
  working dir  : /home/pi/actions-runner/_work/thin-edge.io/thin-edge.io/tests/PySys/tedge_mapper_c8y/tedge_mapper_c8y_negative/Output/linux
  stdout       : /home/pi/actions-runner/_work/thin-edge.io/thin-edge.io/tests/PySys/tedge_mapper_c8y/tedge_mapper_c8y_negative/Output/linux/tedge_sub.out
  stderr       : /home/pi/actions-runner/_work/thin-edge.io/thin-edge.io/tests/PySys/tedge_mapper_c8y/tedge_mapper_c8y_negative/Output/linux/tedge_sub.err
  environment  : LD_LIBRARY_PATH=/usr/lib
  environment  : PATH=/bin:/usr/bin:/usr/sbin:/usr/local/bin
                   #1  /bin
                   #2  /usr/bin
                   #3  /usr/sbin
                   #4  /usr/local/bin
20:01:25 INFO  Started sudo&lt;tedge_sub&gt; with process id 18175
20:01:25 DEBUG Process parameters for sudo&lt;tedge_temp&gt;
  command line : /usr/bin/sudo /usr/bin/tedge mqtt pub tedge/measurements '{'
    arg #1     : /usr/bin/tedge
    arg #2     : mqtt
    arg #3     : pub
    arg #4     : tedge/measurements
    arg #5     : {
  working dir  : /home/pi/actions-runner/_work/thin-edge.io/thin-edge.io/tests/PySys/tedge_mapper_c8y/tedge_mapper_c8y_negative/Output/linux
  stdout       : /home/pi/actions-runner/_work/thin-edge.io/thin-edge.io/tests/PySys/tedge_mapper_c8y/tedge_mapper_c8y_negative/Output/linux/tedge_temp.out
  stderr       : /home/pi/actions-runner/_work/thin-edge.io/thin-edge.io/tests/PySys/tedge_mapper_c8y/tedge_mapper_c8y_negative/Output/linux/tedge_temp.err
  environment  : LD_LIBRARY_PATH=/usr/lib
  environment  : PATH=/bin:/usr/bin:/usr/sbin:/usr/local/bin
                   #1  /bin
                   #2  /usr/bin
                   #3  /usr/sbin
                   #4  /usr/local/bin
20:01:25 DEBUG Waiting up to 600 secs for process sudo&lt;tedge_temp&gt; (pid 18176)
20:01:25 INFO  Executed sudo&lt;tedge_temp&gt;, exit status 0
20:01:25 DEBUG Process parameters for sudo&lt;kill_out&gt;
  command line : /usr/bin/sudo killall tedge
    arg #1     : killall
    arg #2     : tedge
  working dir  : /home/pi/actions-runner/_work/thin-edge.io/thin-edge.io/tests/PySys/tedge_mapper_c8y/tedge_mapper_c8y_negative/Output/linux
  stdout       : /home/pi/actions-runner/_work/thin-edge.io/thin-edge.io/tests/PySys/tedge_mapper_c8y/tedge_mapper_c8y_negative/Output/linux/kill_out.out
  stderr       : /home/pi/actions-runner/_work/thin-edge.io/thin-edge.io/tests/PySys/tedge_mapper_c8y/tedge_mapper_c8y_negative/Output/linux/kill_out.err
  environment  : LD_LIBRARY_PATH=/usr/lib
  environment  : PATH=/bin:/usr/bin:/usr/sbin:/usr/local/bin
                   #1  /bin
                   #2  /usr/bin
                   #3  /usr/sbin
                   #4  /usr/local/bin
20:01:25 DEBUG Waiting up to 600 secs for process sudo&lt;kill_out&gt; (pid 18179)
20:01:25 INFO  Executed sudo&lt;kill_out&gt;, exit status 0
20:01:25 DEBUG --- test validate
20:01:25 DEBUG Performing regex contains=True grep on file: /home/pi/actions-runner/_work/thin-edge.io/thin-edge.io/tests/PySys/tedge_mapper_c8y/tedge_mapper_c8y_negative/Output/linux/tedge_sub.out
20:01:25 WARN  Grep on tedge_sub.out contains &quot;Invalid JSON&quot; ... failed [run.py:63]
20:01:25 DEBUG --- test cleanup
20:01:25 INFO  
20:01:25 INFO  cleanup:
20:01:25 DEBUG Running registered cleanup function: &lt;bound method TedgeMapperC8y.mapper_cleanup of &lt;TedgeMapperC8y object at 0x7534c870&gt;&gt;
20:01:25 INFO  mapper_cleanup
20:01:25 DEBUG Process parameters for sudo&lt;tedge_mapper_c8y&gt;
  command line : /usr/bin/sudo systemctl stop tedge-mapper-c8y
    arg #1     : systemctl
    arg #2     : stop
    arg #3     : tedge-mapper-c8y
  working dir  : /home/pi/actions-runner/_work/thin-edge.io/thin-edge.io/tests/PySys/tedge_mapper_c8y/tedge_mapper_c8y_negative/Output/linux
  stdout       : /home/pi/actions-runner/_work/thin-edge.io/thin-edge.io/tests/PySys/tedge_mapper_c8y/tedge_mapper_c8y_negative/Output/linux/tedge_mapper_c8y.out
  stderr       : /home/pi/actions-runner/_work/thin-edge.io/thin-edge.io/tests/PySys/tedge_mapper_c8y/tedge_mapper_c8y_negative/Output/linux/tedge_mapper_c8y.err
  environment  : LD_LIBRARY_PATH=/usr/lib
  environment  : PATH=/bin:/usr/bin:/usr/sbin:/usr/local/bin
                   #1  /bin
                   #2  /usr/bin
                   #3  /usr/sbin
                   #4  /usr/local/bin
20:01:25 DEBUG Waiting up to 600 secs for process sudo&lt;tedge_mapper_c8y&gt; (pid 18181)
20:01:26 INFO  Executed sudo&lt;tedge_mapper_c8y&gt;, exit status 0
20:01:26 DEBUG ProcessUser cleanup function done.
20:01:26 INFO  
20:01:26 INFO  Test duration: 1.24 secs
20:01:26 INFO  Test final outcome:  FAILED
20:01:26 INFO  Test outcome reason: Grep on tedge_sub.out contains &quot;Invalid JSON&quot;
20:01:26 INFO  
</system-out>
	</testcase>
</testsuite>
