<?xml version="1.0" encoding="utf-8"?>
<testsuite failures="0" name="log_request_num_lines" skipped="0" tests="1" time="25.32" timestamp="2022-03-31T07:54:56">
	<testcase classname="LogRequestVerifyNumberOfLines" name="log_request_num_lines"/>
</testsuite>
