<?xml version="1.0" encoding="utf-8"?>
<testsuite failures="0" name="call_tedge_config_list" skipped="0" tests="1" time="11.91" timestamp="2022-03-04T12:44:07">
	<testcase classname="PySysTest" name="call_tedge_config_list"/>
</testsuite>
