<?xml version="1.0" encoding="utf-8"?>
<testsuite failures="0" name="apt_list_format" skipped="0" tests="1" time="7.29" timestamp="2022-02-18T15:08:43">
	<testcase classname="AptPluginListFormat" name="apt_list_format"/>
</testsuite>
