<?xml version="1.0" encoding="utf-8"?>
<testsuite failures="1" name="tedge_agent_user_sudo_access" skipped="0" tests="1" time="0.81" timestamp="2022-02-25T15:54:20">
	<testcase classname="TedgeAgentUserSudoAccess" name="tedge_agent_user_sudo_access">
		<failure message="BLOCKED: sudo&lt;apt&gt; returned exit code 2 (expected ==1)" type="BLOCKED"/>
		<system-out>16:54:20 INFO  ==============================================================
16:54:20 INFO  Id:    tedge_agent_user_sudo_access
16:54:20 INFO  Dir:   tedge/
16:54:20 INFO  Title: Validate tedge-agent user has a limited sudo right
16:54:20 DEBUG Execution order hint: 0.0
16:54:20 INFO  ==============================================================
16:54:20 INFO  Copy apt plugin 'deb'
16:54:20 DEBUG Process parameters for sudo&lt;copy_apt_plugin&gt;
  command line : /usr/bin/sudo cp /etc/tedge/sm-plugins/apt /etc/tedge/sm-plugins/deb
    arg #1     : cp
    arg #2     : /etc/tedge/sm-plugins/apt
    arg #3     : /etc/tedge/sm-plugins/deb
  working dir  : /home/pi/actions-runner/_work/thin-edge.io/thin-edge.io/tests/PySys/tedge/tedge_agent_user_sudo_access/Output/linux
  stdout       : /home/pi/actions-runner/_work/thin-edge.io/thin-edge.io/tests/PySys/tedge/tedge_agent_user_sudo_access/Output/linux/copy_apt_plugin.out
  stderr       : /home/pi/actions-runner/_work/thin-edge.io/thin-edge.io/tests/PySys/tedge/tedge_agent_user_sudo_access/Output/linux/copy_apt_plugin.err
  environment  : LD_LIBRARY_PATH=/usr/lib
  environment  : PATH=/bin:/usr/bin:/usr/sbin:/usr/local/bin
                   #1  /bin
                   #2  /usr/bin
                   #3  /usr/sbin
                   #4  /usr/local/bin
16:54:20 DEBUG Waiting up to 600 secs for process sudo&lt;copy_apt_plugin&gt; (pid 2287)
16:54:20 INFO  Executed sudo&lt;copy_apt_plugin&gt;, exit status 0
16:54:20 DEBUG --- test execute
16:54:20 DEBUG Process parameters for sudo&lt;apt&gt;
  command line : /usr/bin/sudo -u tedge-agent /usr/bin/sudo /etc/tedge/sm-plugins/apt
    arg #1     : -u
    arg #2     : tedge-agent
    arg #3     : /usr/bin/sudo
    arg #4     : /etc/tedge/sm-plugins/apt
  working dir  : /home/pi/actions-runner/_work/thin-edge.io/thin-edge.io/tests/PySys/tedge/tedge_agent_user_sudo_access/Output/linux
  stdout       : /home/pi/actions-runner/_work/thin-edge.io/thin-edge.io/tests/PySys/tedge/tedge_agent_user_sudo_access/Output/linux/apt.out
  stderr       : /home/pi/actions-runner/_work/thin-edge.io/thin-edge.io/tests/PySys/tedge/tedge_agent_user_sudo_access/Output/linux/apt.err
  environment  : LD_LIBRARY_PATH=/usr/lib
  environment  : PATH=/bin:/usr/bin:/usr/sbin:/usr/local/bin
                   #1  /bin
                   #2  /usr/bin
                   #3  /usr/sbin
                   #4  /usr/local/bin
16:54:20 DEBUG Waiting up to 600 secs for process sudo&lt;apt&gt; (pid 2289)
16:54:20 WARN  Executed sudo&lt;apt&gt;, exit status 2
16:54:20 DEBUG Opening file using encoding=UTF-8: /home/pi/actions-runner/_work/thin-edge.io/thin-edge.io/tests/PySys/tedge/tedge_agent_user_sudo_access/Output/linux/apt.err
16:54:20 INFO  Contents of apt.err: 
16:54:20 INFO    tedge_apt_plugin
16:54:20 INFO    USAGE:
16:54:20 INFO        apt &lt;SUBCOMMAND&gt;
16:54:20 INFO    OPTIONS:
16:54:20 INFO        -h, --help    Print help information
16:54:20 INFO    SUBCOMMANDS:
16:54:20 INFO        finalize       Finalize a sequences of install/remove commands
16:54:20 INFO        help           Print this message or the help of the given subcommand(s)
16:54:20 INFO        install        Install a module
16:54:20 INFO        list           List all the installed modules
16:54:20 INFO        prepare        Prepare a sequences of install/remove commands
16:54:20 INFO        remove         Uninstall a module
16:54:20 INFO        update-list    Install or remove multiple modules at once
16:54:20 INFO    -----
16:54:20 INFO  
16:54:20 WARN  sudo&lt;apt&gt; returned exit code 2 (expected ==1) ... blocked [run.py:35]
16:54:20 WARN  Aborted test due to BLOCKED outcome
16:54:20 DEBUG --- test cleanup
16:54:20 INFO  
16:54:20 INFO  cleanup:
16:54:20 DEBUG Running registered cleanup function: &lt;bound method TedgeAgentUserSudoAccess.mycleanup of &lt;TedgeAgentUserSudoAccess object at 0x751e6f30&gt;&gt;
16:54:20 INFO  Remove the copied apt 'deb' plugin
16:54:20 DEBUG Process parameters for sudo&lt;remove_copied_apt_plugin&gt;
  command line : /usr/bin/sudo rm /etc/tedge/sm-plugins/deb
    arg #1     : rm
    arg #2     : /etc/tedge/sm-plugins/deb
  working dir  : /home/pi/actions-runner/_work/thin-edge.io/thin-edge.io/tests/PySys/tedge/tedge_agent_user_sudo_access/Output/linux
  stdout       : /home/pi/actions-runner/_work/thin-edge.io/thin-edge.io/tests/PySys/tedge/tedge_agent_user_sudo_access/Output/linux/remove_copied_apt_plugin.out
  stderr       : /home/pi/actions-runner/_work/thin-edge.io/thin-edge.io/tests/PySys/tedge/tedge_agent_user_sudo_access/Output/linux/remove_copied_apt_plugin.err
  environment  : LD_LIBRARY_PATH=/usr/lib
  environment  : PATH=/bin:/usr/bin:/usr/sbin:/usr/local/bin
                   #1  /bin
                   #2  /usr/bin
                   #3  /usr/sbin
                   #4  /usr/local/bin
16:54:20 DEBUG Waiting up to 600 secs for process sudo&lt;remove_copied_apt_plugin&gt; (pid 2292)
16:54:20 INFO  Executed sudo&lt;remove_copied_apt_plugin&gt;, exit status 0
16:54:20 DEBUG ProcessUser cleanup function done.
16:54:20 INFO  
16:54:20 INFO  Test duration: 0.81 secs
16:54:20 INFO  Test final outcome:  BLOCKED
16:54:20 INFO  Test outcome reason: sudo&lt;apt&gt; returned exit code 2 (expected ==1)
16:54:20 INFO  
</system-out>
	</testcase>
</testsuite>
