<?xml version="1.0" encoding="utf-8"?>
<testsuite failures="0" name="valid_device_id" skipped="0" tests="1" time="25.49" timestamp="2022-02-18T15:08:11">
	<testcase classname="ValidateValidDeviceId" name="valid_device_id"/>
</testsuite>
