<?xml version="1.0" encoding="utf-8"?>
<testsuite failures="0" name="publish_flux" skipped="0" tests="1" time="65.43" timestamp="2022-03-16T05:46:05">
	<testcase classname="PublishFlux" name="publish_flux"/>
</testsuite>
