<?xml version="1.0" encoding="utf-8"?>
<testsuite failures="0" name="mqtt_port_set" skipped="0" tests="1" time="14.91" timestamp="2022-03-02T12:35:37">
	<testcase classname="MqttPortSet" name="mqtt_port_set"/>
</testsuite>
