<?xml version="1.0" encoding="utf-8"?>
<testsuite failures="0" name="apt_remove_fail" skipped="1" tests="1" time="0.0" timestamp="2022-03-02T12:36:32">
	<testcase classname="AptPluginRemoveFails" name="apt_remove_fail"/>
</testsuite>
