<?xml version="1.0" encoding="utf-8"?>
<testsuite failures="1" name="tedge_connect_test_sm_services" skipped="0" tests="1" time="22.95" timestamp="2022-02-25T15:55:26">
	<testcase classname="TedgeConnectTestSMServices" name="tedge_connect_test_sm_services">
		<failure message="BLOCKED: Grep on tedge_connect.out contains &quot;tedge-mapper-c8y service successfully started and enabled!&quot; failed due to &lt;class 'pysys.exceptions.FileNotFoundException'&gt;: unable to find file &quot;/home/pi/actions-runner/_work/thin-edge.io/thin-edge.io/tests/PySys/tedge_connect/tedge_connect_test_sm_services/Output/linux/tedge_connect.out&quot;" type="BLOCKED"/>
		<system-out>16:55:03 INFO  ==============================================================
16:55:03 INFO  Id:    tedge_connect_test_sm_services
16:55:03 INFO  Dir:   tedge_connect/
16:55:03 INFO  Title: Validate Software Management Services started and enabled on tedge connect c8y
16:55:03 DEBUG Execution order hint: 0.0
16:55:03 INFO  ==============================================================
16:55:03 DEBUG EnvironmentC8y Setup
16:55:03 INFO  EnvironmentC8y Setup
16:55:03 DEBUG Process parameters for systemctl&lt;serv_mapper1&gt;
  command line : /usr/bin/systemctl status tedge-mapper-c8y
    arg #1     : status
    arg #2     : tedge-mapper-c8y
  working dir  : /home/pi/actions-runner/_work/thin-edge.io/thin-edge.io/tests/PySys/tedge_connect/tedge_connect_test_sm_services/Output/linux
  stdout       : /home/pi/actions-runner/_work/thin-edge.io/thin-edge.io/tests/PySys/tedge_connect/tedge_connect_test_sm_services/Output/linux/serv_mapper1.out
  stderr       : /home/pi/actions-runner/_work/thin-edge.io/thin-edge.io/tests/PySys/tedge_connect/tedge_connect_test_sm_services/Output/linux/serv_mapper1.err
  environment  : LD_LIBRARY_PATH=/usr/lib
  environment  : PATH=/bin:/usr/bin:/usr/sbin:/usr/local/bin
                   #1  /bin
                   #2  /usr/bin
                   #3  /usr/sbin
                   #4  /usr/local/bin
16:55:03 DEBUG Waiting up to 600 secs for process systemctl&lt;serv_mapper1&gt; (pid 2885)
16:55:03 INFO  Executed systemctl&lt;serv_mapper1&gt;, exit status 3
16:55:04 INFO  Restarting mosquitto too frequently in the last 10 seconds. It was only up for 3 seconds
16:55:04 INFO  Delaying execution by 8 seconds
16:55:12 DEBUG Process parameters for sudo&lt;tedge_connect_c8y&gt;
  command line : /usr/bin/sudo /usr/bin/tedge connect c8y
    arg #1     : /usr/bin/tedge
    arg #2     : connect
    arg #3     : c8y
  working dir  : /home/pi/actions-runner/_work/thin-edge.io/thin-edge.io/tests/PySys/tedge_connect/tedge_connect_test_sm_services/Output/linux
  stdout       : /home/pi/actions-runner/_work/thin-edge.io/thin-edge.io/tests/PySys/tedge_connect/tedge_connect_test_sm_services/Output/linux/tedge_connect_c8y.out
  stderr       : /home/pi/actions-runner/_work/thin-edge.io/thin-edge.io/tests/PySys/tedge_connect/tedge_connect_test_sm_services/Output/linux/tedge_connect_c8y.err
  environment  : LD_LIBRARY_PATH=/usr/lib
  environment  : PATH=/bin:/usr/bin:/usr/sbin:/usr/local/bin
                   #1  /bin
                   #2  /usr/bin
                   #3  /usr/sbin
                   #4  /usr/local/bin
16:55:12 DEBUG Waiting up to 600 secs for process sudo&lt;tedge_connect_c8y&gt; (pid 2914)
16:55:22 INFO  Executed sudo&lt;tedge_connect_c8y&gt;, exit status 0
16:55:22 DEBUG Process parameters for sudo&lt;tedge_connect_c8y_test&gt;
  command line : /usr/bin/sudo /usr/bin/tedge connect c8y --test
    arg #1     : /usr/bin/tedge
    arg #2     : connect
    arg #3     : c8y
    arg #4     : --test
  working dir  : /home/pi/actions-runner/_work/thin-edge.io/thin-edge.io/tests/PySys/tedge_connect/tedge_connect_test_sm_services/Output/linux
  stdout       : /home/pi/actions-runner/_work/thin-edge.io/thin-edge.io/tests/PySys/tedge_connect/tedge_connect_test_sm_services/Output/linux/tedge_connect_c8y_test.out
  stderr       : /home/pi/actions-runner/_work/thin-edge.io/thin-edge.io/tests/PySys/tedge_connect/tedge_connect_test_sm_services/Output/linux/tedge_connect_c8y_test.err
  environment  : LD_LIBRARY_PATH=/usr/lib
  environment  : PATH=/bin:/usr/bin:/usr/sbin:/usr/local/bin
                   #1  /bin
                   #2  /usr/bin
                   #3  /usr/sbin
                   #4  /usr/local/bin
16:55:22 DEBUG Waiting up to 600 secs for process sudo&lt;tedge_connect_c8y_test&gt; (pid 3078)
16:55:22 INFO  Executed sudo&lt;tedge_connect_c8y_test&gt;, exit status 0
16:55:22 DEBUG Process parameters for systemctl&lt;serv_mosq2&gt;
  command line : /usr/bin/systemctl status mosquitto
    arg #1     : status
    arg #2     : mosquitto
  working dir  : /home/pi/actions-runner/_work/thin-edge.io/thin-edge.io/tests/PySys/tedge_connect/tedge_connect_test_sm_services/Output/linux
  stdout       : /home/pi/actions-runner/_work/thin-edge.io/thin-edge.io/tests/PySys/tedge_connect/tedge_connect_test_sm_services/Output/linux/serv_mosq2.out
  stderr       : /home/pi/actions-runner/_work/thin-edge.io/thin-edge.io/tests/PySys/tedge_connect/tedge_connect_test_sm_services/Output/linux/serv_mosq2.err
  environment  : LD_LIBRARY_PATH=/usr/lib
  environment  : PATH=/bin:/usr/bin:/usr/sbin:/usr/local/bin
                   #1  /bin
                   #2  /usr/bin
                   #3  /usr/sbin
                   #4  /usr/local/bin
16:55:22 DEBUG Waiting up to 600 secs for process systemctl&lt;serv_mosq2&gt; (pid 3081)
16:55:23 INFO  Executed systemctl&lt;serv_mosq2&gt;, exit status 0
16:55:23 DEBUG Process parameters for systemctl&lt;serv_mapper3&gt;
  command line : /usr/bin/systemctl status tedge-mapper-c8y
    arg #1     : status
    arg #2     : tedge-mapper-c8y
  working dir  : /home/pi/actions-runner/_work/thin-edge.io/thin-edge.io/tests/PySys/tedge_connect/tedge_connect_test_sm_services/Output/linux
  stdout       : /home/pi/actions-runner/_work/thin-edge.io/thin-edge.io/tests/PySys/tedge_connect/tedge_connect_test_sm_services/Output/linux/serv_mapper3.out
  stderr       : /home/pi/actions-runner/_work/thin-edge.io/thin-edge.io/tests/PySys/tedge_connect/tedge_connect_test_sm_services/Output/linux/serv_mapper3.err
  environment  : LD_LIBRARY_PATH=/usr/lib
  environment  : PATH=/bin:/usr/bin:/usr/sbin:/usr/local/bin
                   #1  /bin
                   #2  /usr/bin
                   #3  /usr/sbin
                   #4  /usr/local/bin
16:55:23 DEBUG Waiting up to 600 secs for process systemctl&lt;serv_mapper3&gt; (pid 3083)
16:55:23 INFO  Executed systemctl&lt;serv_mapper3&gt;, exit status 0
16:55:23 DEBUG --- test execute
16:55:23 DEBUG EnvironmentC8y Execute
16:55:23 DEBUG --- test validate
16:55:23 DEBUG EnvironmentC8y Validate
16:55:23 DEBUG Process parameters for systemctl&lt;serv_mosq&gt;
  command line : /usr/bin/systemctl status mosquitto
    arg #1     : status
    arg #2     : mosquitto
  working dir  : /home/pi/actions-runner/_work/thin-edge.io/thin-edge.io/tests/PySys/tedge_connect/tedge_connect_test_sm_services/Output/linux
  stdout       : /home/pi/actions-runner/_work/thin-edge.io/thin-edge.io/tests/PySys/tedge_connect/tedge_connect_test_sm_services/Output/linux/serv_mosq.out
  stderr       : /home/pi/actions-runner/_work/thin-edge.io/thin-edge.io/tests/PySys/tedge_connect/tedge_connect_test_sm_services/Output/linux/serv_mosq.err
  environment  : LD_LIBRARY_PATH=/usr/lib
  environment  : PATH=/bin:/usr/bin:/usr/sbin:/usr/local/bin
                   #1  /bin
                   #2  /usr/bin
                   #3  /usr/sbin
                   #4  /usr/local/bin
16:55:23 DEBUG Waiting up to 600 secs for process systemctl&lt;serv_mosq&gt; (pid 3085)
16:55:23 INFO  Executed systemctl&lt;serv_mosq&gt;, exit status 0
16:55:23 DEBUG Process parameters for systemctl&lt;serv_mapper4&gt;
  command line : /usr/bin/systemctl status tedge-mapper-c8y
    arg #1     : status
    arg #2     : tedge-mapper-c8y
  working dir  : /home/pi/actions-runner/_work/thin-edge.io/thin-edge.io/tests/PySys/tedge_connect/tedge_connect_test_sm_services/Output/linux
  stdout       : /home/pi/actions-runner/_work/thin-edge.io/thin-edge.io/tests/PySys/tedge_connect/tedge_connect_test_sm_services/Output/linux/serv_mapper4.out
  stderr       : /home/pi/actions-runner/_work/thin-edge.io/thin-edge.io/tests/PySys/tedge_connect/tedge_connect_test_sm_services/Output/linux/serv_mapper4.err
  environment  : LD_LIBRARY_PATH=/usr/lib
  environment  : PATH=/bin:/usr/bin:/usr/sbin:/usr/local/bin
                   #1  /bin
                   #2  /usr/bin
                   #3  /usr/sbin
                   #4  /usr/local/bin
16:55:23 DEBUG Waiting up to 600 secs for process systemctl&lt;serv_mapper4&gt; (pid 3086)
16:55:23 INFO  Executed systemctl&lt;serv_mapper4&gt;, exit status 0
16:55:23 INFO  Validate
16:55:23 DEBUG Performing regex contains=True grep on file: /home/pi/actions-runner/_work/thin-edge.io/thin-edge.io/tests/PySys/tedge_connect/tedge_connect_test_sm_services/Output/linux/tedge_connect_c8y.out
16:55:23 DEBUG Grep on input file tedge_connect_c8y.out successfully matched expression &quot;tedge-agent service successfully started and enabled!&quot; with line: 'tedge-agent service successfully started and enabled!\n'
16:55:23 INFO  Grep on input file tedge_connect_c8y.out ... passed
16:55:23 DEBUG Performing regex contains=True grep on file: /home/pi/actions-runner/_work/thin-edge.io/thin-edge.io/tests/PySys/tedge_connect/tedge_connect_test_sm_services/Output/linux/tedge_connect.out
16:55:23 WARN  caught &lt;class 'pysys.exceptions.FileNotFoundException'&gt;: unable to find file &quot;/home/pi/actions-runner/_work/thin-edge.io/thin-edge.io/tests/PySys/tedge_connect/tedge_connect_test_sm_services/Output/linux/tedge_connect.out&quot;
Traceback (most recent call last):
  File &quot;/home/pi/env-pysys/lib/python3.7/site-packages/pysys/basetest.py&quot;, line 1203, in assertGrep
    result = getmatches(f, expr, ignores=ignores, returnFirstOnly=(contains==True), encoding=encoding or self.getDefaultFileEncoding(f), flags=reFlags, mappers=mappers)
  File &quot;/home/pi/env-pysys/lib/python3.7/site-packages/pysys/utils/filegrep.py&quot;, line 59, in getmatches
    raise FileNotFoundException(&quot;unable to find file \&quot;%s\&quot;&quot; % (file))
pysys.exceptions.FileNotFoundException: unable to find file &quot;/home/pi/actions-runner/_work/thin-edge.io/thin-edge.io/tests/PySys/tedge_connect/tedge_connect_test_sm_services/Output/linux/tedge_connect.out&quot;
16:55:23 WARN  Grep on tedge_connect.out contains &quot;tedge-mapper-c8y service successfully started and enabled!&quot; failed due to &lt;class 'pysys.exceptions.FileNotFoundException'&gt;: unable to find file &quot;/home/pi/actions-runner/_work/thin-edge.io/thin-edge.io/tests/PySys/tedge_connect/tedge_connect_test_sm_services/Output/linux/tedge_connect.out&quot; ... blocked [run.py:37]
16:55:23 DEBUG --- test cleanup
16:55:23 INFO  
16:55:23 INFO  cleanup:
16:55:23 DEBUG Running registered cleanup function: &lt;bound method EnvironmentC8y.myenvcleanup of &lt;TedgeConnectTestSMServices object at 0x751e6f70&gt;&gt;
16:55:23 DEBUG EnvironmentC8y Cleanup
16:55:23 DEBUG Process parameters for sudo&lt;tedge_disconnect_c8y&gt;
  command line : /usr/bin/sudo /usr/bin/tedge disconnect c8y
    arg #1     : /usr/bin/tedge
    arg #2     : disconnect
    arg #3     : c8y
  working dir  : /home/pi/actions-runner/_work/thin-edge.io/thin-edge.io/tests/PySys/tedge_connect/tedge_connect_test_sm_services/Output/linux
  stdout       : /home/pi/actions-runner/_work/thin-edge.io/thin-edge.io/tests/PySys/tedge_connect/tedge_connect_test_sm_services/Output/linux/tedge_disconnect_c8y.out
  stderr       : /home/pi/actions-runner/_work/thin-edge.io/thin-edge.io/tests/PySys/tedge_connect/tedge_connect_test_sm_services/Output/linux/tedge_disconnect_c8y.err
  environment  : LD_LIBRARY_PATH=/usr/lib
  environment  : PATH=/bin:/usr/bin:/usr/sbin:/usr/local/bin
                   #1  /bin
                   #2  /usr/bin
                   #3  /usr/sbin
                   #4  /usr/local/bin
16:55:23 DEBUG Waiting up to 600 secs for process sudo&lt;tedge_disconnect_c8y&gt; (pid 3090)
16:55:26 INFO  Executed sudo&lt;tedge_disconnect_c8y&gt;, exit status 0
16:55:26 DEBUG Process parameters for systemctl&lt;serv_mapper5&gt;
  command line : /usr/bin/systemctl status tedge-mapper-c8y
    arg #1     : status
    arg #2     : tedge-mapper-c8y
  working dir  : /home/pi/actions-runner/_work/thin-edge.io/thin-edge.io/tests/PySys/tedge_connect/tedge_connect_test_sm_services/Output/linux
  stdout       : /home/pi/actions-runner/_work/thin-edge.io/thin-edge.io/tests/PySys/tedge_connect/tedge_connect_test_sm_services/Output/linux/serv_mapper5.out
  stderr       : /home/pi/actions-runner/_work/thin-edge.io/thin-edge.io/tests/PySys/tedge_connect/tedge_connect_test_sm_services/Output/linux/serv_mapper5.err
  environment  : LD_LIBRARY_PATH=/usr/lib
  environment  : PATH=/bin:/usr/bin:/usr/sbin:/usr/local/bin
                   #1  /bin
                   #2  /usr/bin
                   #3  /usr/sbin
                   #4  /usr/local/bin
16:55:26 DEBUG Waiting up to 600 secs for process systemctl&lt;serv_mapper5&gt; (pid 3142)
16:55:26 INFO  Executed systemctl&lt;serv_mapper5&gt;, exit status 3
16:55:26 DEBUG ProcessUser cleanup function done.
16:55:26 INFO  
16:55:26 INFO  Test duration: 22.95 secs
16:55:26 INFO  Test final outcome:  BLOCKED
16:55:26 INFO  Test outcome reason: Grep on tedge_connect.out contains &quot;tedge-mapper-c8y service successfully started and enabled!&quot; failed due to &lt;class 'pysys.exceptions.FileNotFoundException'&gt;: unable to find file &quot;/home/pi/actions-runner/_work/thin-edge.io/thin-edge.io/tests/PySys/tedge_connect/tedge_connect_test_sm_services/Output/linux/tedge_connect.out&quot;
16:55:26 INFO  
</system-out>
	</testcase>
</testsuite>
