<?xml version="1.0" encoding="utf-8"?>
<testsuite failures="0" name="invalid_device_id" skipped="0" tests="1" time="2.1" timestamp="2022-03-16T12:59:33">
	<testcase classname="InvalidDeviceId" name="invalid_device_id"/>
</testsuite>
