<?xml version="1.0" encoding="utf-8"?>
<testsuite failures="0" name="smoketest_smartrest_400_samples_1Xms" skipped="0" tests="1" time="111.78" timestamp="2022-03-16T13:07:44">
	<testcase classname="SmoketestSmartRest400Samples1Xms" name="smoketest_smartrest_400_samples_1Xms"/>
</testsuite>
