<?xml version="1.0" encoding="utf-8"?>
<testsuite failures="0" name="call_tedge_-V" skipped="0" tests="1" time="0.34" timestamp="2022-02-18T15:17:51">
	<testcase classname="PySysTest" name="call_tedge_-V"/>
</testsuite>
