<?xml version="1.0" encoding="utf-8"?>
<testsuite failures="0" name="apt_fail_noarg" skipped="1" tests="1" time="0.02" timestamp="2022-03-30T06:09:38">
	<testcase classname="AptPluginFailNoArg" name="apt_fail_noarg"/>
</testsuite>
