<?xml version="1.0" encoding="utf-8"?>
<testsuite failures="0" name="custom_init_system" skipped="0" tests="1" time="26.89" timestamp="2022-03-31T07:55:23">
	<testcase classname="CustomInitSystem" name="custom_init_system"/>
</testsuite>
