<?xml version="1.0" encoding="utf-8"?>
<testsuite failures="1" name="call_tedge_-h_-V" skipped="0" tests="1" time="0.39" timestamp="2022-03-16T13:09:33">
	<testcase classname="PySysTest" name="call_tedge_-h_-V">
		<failure message="FAILED: Grep on tedge.out contains &quot;tedge 0.5&quot;" type="FAILED"/>
		<system-out>14:09:33 INFO  ==============================================================
14:09:33 INFO  Id:    call_tedge_-h_-V
14:09:33 INFO  Dir:   tedge/
14:09:33 INFO  Title: Validate command line option -h -V
14:09:33 DEBUG Execution order hint: 0.0
14:09:33 INFO  ==============================================================
14:09:33 DEBUG --- test execute
14:09:33 DEBUG Process parameters for tedge
  command line : /usr/bin/tedge -h -V
    arg #1     : -h
    arg #2     : -V
  working dir  : /home/pi/actions-runner/_work/thin-edge.io/thin-edge.io/tests/PySys/tedge/call_tedge_-h_-V/Output/linux
  stdout       : /home/pi/actions-runner/_work/thin-edge.io/thin-edge.io/tests/PySys/tedge/call_tedge_-h_-V/Output/linux/tedge.out
  stderr       : /home/pi/actions-runner/_work/thin-edge.io/thin-edge.io/tests/PySys/tedge/call_tedge_-h_-V/Output/linux/tedge.err
  environment  : LD_LIBRARY_PATH=/usr/lib
  environment  : PATH=/bin:/usr/bin:/usr/sbin:/usr/local/bin
                   #1  /bin
                   #2  /usr/bin
                   #3  /usr/sbin
                   #4  /usr/local/bin
14:09:33 DEBUG Waiting up to 600 secs for process tedge (pid 32385)
14:09:33 INFO  Executed tedge, exit status 0
14:09:33 DEBUG --- test validate
14:09:33 DEBUG Performing regex contains=True grep on file: /home/pi/actions-runner/_work/thin-edge.io/thin-edge.io/tests/PySys/tedge/call_tedge_-h_-V/Output/linux/tedge.out
14:09:33 WARN  Grep on tedge.out contains &quot;tedge 0.5&quot; ... failed [run.py:32]
14:09:33 DEBUG Performing regex contains=True grep on file: /home/pi/actions-runner/_work/thin-edge.io/thin-edge.io/tests/PySys/tedge/call_tedge_-h_-V/Output/linux/tedge.out
14:09:33 DEBUG Grep on input file tedge.out successfully matched expression &quot;USAGE:&quot; with line: 'USAGE:\n'
14:09:33 INFO  Grep on input file tedge.out ... passed
14:09:33 DEBUG --- test cleanup
14:09:33 DEBUG ProcessUser cleanup function done.
14:09:33 INFO  
14:09:33 INFO  Test duration: 0.39 secs
14:09:33 INFO  Test final outcome:  FAILED
14:09:33 INFO  Test outcome reason: Grep on tedge.out contains &quot;tedge 0.5&quot;
14:09:33 INFO  
</system-out>
	</testcase>
</testsuite>
