<?xml version="1.0" encoding="utf-8"?>
<testsuite failures="0" name="apt_prepare" skipped="1" tests="1" time="0.03" timestamp="2022-02-18T15:08:43">
	<testcase classname="AptPluginPrepare" name="apt_prepare"/>
</testsuite>
