<?xml version="1.0" encoding="utf-8"?>
<testsuite failures="1" name="tedge_software_update" skipped="0" tests="1" time="0.02" timestamp="2022-02-04T16:38:22">
	<testcase classname="PySysTest" name="tedge_software_update">
		<failure message="BLOCKED: Failed to set up test: &quot;'__name__' not in globals&quot;" type="BLOCKED"/>
		<system-out>17:38:22 INFO  ==============================================================
17:38:22 INFO  Id:    tedge_software_update
17:38:22 INFO  Dir:   tedge/
17:38:22 INFO  Title: Software install from download path
17:38:22 DEBUG Execution order hint: 0.0
17:38:22 INFO  ==============================================================
17:38:22 WARN  Failed to set up test: &quot;'__name__' not in globals&quot; ... blocked 
17:38:22 WARN  caught &lt;class 'KeyError'&gt; while setting up test tedge_software_update: &quot;'__name__' not in globals&quot;
Traceback (most recent call last):
  File &quot;/home/pi/env-pysys/lib/python3.7/site-packages/pysys/baserunner.py&quot;, line 1143, in __call__
    exec(runpycode, runpy_namespace)
  File &quot;/home/pi/actions-runner/_work/thin-edge.io/thin-edge.io/tests/PySys/tedge/tedge_software_update/run.py&quot;, line 1, in &lt;module&gt;
    from .environments.environment_c8y import EnvironmentC8y
KeyError: &quot;'__name__' not in globals&quot;
17:38:22 DEBUG --- test cleanup
17:38:22 DEBUG ProcessUser cleanup function done.
17:38:22 INFO  
17:38:22 INFO  Test duration: 0.02 secs
17:38:22 INFO  Test final outcome:  BLOCKED
17:38:22 INFO  Test outcome reason: Failed to set up test: &quot;'__name__' not in globals&quot;
17:38:22 INFO  
</system-out>
	</testcase>
</testsuite>
