<?xml version="1.0" encoding="utf-8"?>
<testsuite failures="1" name="smoketest_json" skipped="0" tests="1" time="40.69" timestamp="2022-02-18T15:11:45">
	<testcase classname="SmokeTestJson" name="smoketest_json">
		<failure message="BLOCKED: python3&lt;stdout&gt; returned non-zero exit code 1" type="BLOCKED"/>
		<system-out>16:11:04 INFO  ==============================================================
16:11:04 INFO  Id:    smoketest_json
16:11:04 INFO  Dir:   smoketests/
16:11:04 INFO  Title: Smoke Test Json
16:11:04 DEBUG Execution order hint: 0.0
16:11:04 INFO  ==============================================================
16:11:05 DEBUG EnvironmentC8y Setup
16:11:05 INFO  EnvironmentC8y Setup
16:11:05 DEBUG Process parameters for systemctl&lt;serv_mapper1&gt;
  command line : /usr/bin/systemctl status tedge-mapper-c8y
    arg #1     : status
    arg #2     : tedge-mapper-c8y
  working dir  : /home/pi/actions-runner/_work/thin-edge.io/thin-edge.io/tests/PySys/smoketests/smoketest_json/Output/linux
  stdout       : /home/pi/actions-runner/_work/thin-edge.io/thin-edge.io/tests/PySys/smoketests/smoketest_json/Output/linux/serv_mapper1.out
  stderr       : /home/pi/actions-runner/_work/thin-edge.io/thin-edge.io/tests/PySys/smoketests/smoketest_json/Output/linux/serv_mapper1.err
  environment  : LD_LIBRARY_PATH=/usr/lib
  environment  : PATH=/bin:/usr/bin:/usr/sbin:/usr/local/bin
                   #1  /bin
                   #2  /usr/bin
                   #3  /usr/sbin
                   #4  /usr/local/bin
16:11:05 DEBUG Waiting up to 600 secs for process systemctl&lt;serv_mapper1&gt; (pid 30000)
16:11:05 INFO  Executed systemctl&lt;serv_mapper1&gt;, exit status 3
16:11:05 INFO  Restarting mosquitto too frequently in the last 10 seconds. It was only up for 3 seconds
16:11:05 INFO  Delaying execution by 8 seconds
16:11:13 DEBUG Process parameters for sudo&lt;tedge_connect_c8y&gt;
  command line : /usr/bin/sudo /usr/bin/tedge connect c8y
    arg #1     : /usr/bin/tedge
    arg #2     : connect
    arg #3     : c8y
  working dir  : /home/pi/actions-runner/_work/thin-edge.io/thin-edge.io/tests/PySys/smoketests/smoketest_json/Output/linux
  stdout       : /home/pi/actions-runner/_work/thin-edge.io/thin-edge.io/tests/PySys/smoketests/smoketest_json/Output/linux/tedge_connect_c8y.out
  stderr       : /home/pi/actions-runner/_work/thin-edge.io/thin-edge.io/tests/PySys/smoketests/smoketest_json/Output/linux/tedge_connect_c8y.err
  environment  : LD_LIBRARY_PATH=/usr/lib
  environment  : PATH=/bin:/usr/bin:/usr/sbin:/usr/local/bin
                   #1  /bin
                   #2  /usr/bin
                   #3  /usr/sbin
                   #4  /usr/local/bin
16:11:13 DEBUG Waiting up to 600 secs for process sudo&lt;tedge_connect_c8y&gt; (pid 30040)
16:11:23 INFO  Executed sudo&lt;tedge_connect_c8y&gt;, exit status 0
16:11:23 DEBUG Process parameters for sudo&lt;tedge_connect_c8y_test&gt;
  command line : /usr/bin/sudo /usr/bin/tedge connect c8y --test
    arg #1     : /usr/bin/tedge
    arg #2     : connect
    arg #3     : c8y
    arg #4     : --test
  working dir  : /home/pi/actions-runner/_work/thin-edge.io/thin-edge.io/tests/PySys/smoketests/smoketest_json/Output/linux
  stdout       : /home/pi/actions-runner/_work/thin-edge.io/thin-edge.io/tests/PySys/smoketests/smoketest_json/Output/linux/tedge_connect_c8y_test.out
  stderr       : /home/pi/actions-runner/_work/thin-edge.io/thin-edge.io/tests/PySys/smoketests/smoketest_json/Output/linux/tedge_connect_c8y_test.err
  environment  : LD_LIBRARY_PATH=/usr/lib
  environment  : PATH=/bin:/usr/bin:/usr/sbin:/usr/local/bin
                   #1  /bin
                   #2  /usr/bin
                   #3  /usr/sbin
                   #4  /usr/local/bin
16:11:23 DEBUG Waiting up to 600 secs for process sudo&lt;tedge_connect_c8y_test&gt; (pid 30179)
16:11:24 INFO  Executed sudo&lt;tedge_connect_c8y_test&gt;, exit status 0
16:11:24 DEBUG Process parameters for systemctl&lt;serv_mosq2&gt;
  command line : /usr/bin/systemctl status mosquitto
    arg #1     : status
    arg #2     : mosquitto
  working dir  : /home/pi/actions-runner/_work/thin-edge.io/thin-edge.io/tests/PySys/smoketests/smoketest_json/Output/linux
  stdout       : /home/pi/actions-runner/_work/thin-edge.io/thin-edge.io/tests/PySys/smoketests/smoketest_json/Output/linux/serv_mosq2.out
  stderr       : /home/pi/actions-runner/_work/thin-edge.io/thin-edge.io/tests/PySys/smoketests/smoketest_json/Output/linux/serv_mosq2.err
  environment  : LD_LIBRARY_PATH=/usr/lib
  environment  : PATH=/bin:/usr/bin:/usr/sbin:/usr/local/bin
                   #1  /bin
                   #2  /usr/bin
                   #3  /usr/sbin
                   #4  /usr/local/bin
16:11:24 DEBUG Waiting up to 600 secs for process systemctl&lt;serv_mosq2&gt; (pid 30182)
16:11:24 INFO  Executed systemctl&lt;serv_mosq2&gt;, exit status 0
16:11:24 DEBUG Process parameters for systemctl&lt;serv_mapper3&gt;
  command line : /usr/bin/systemctl status tedge-mapper-c8y
    arg #1     : status
    arg #2     : tedge-mapper-c8y
  working dir  : /home/pi/actions-runner/_work/thin-edge.io/thin-edge.io/tests/PySys/smoketests/smoketest_json/Output/linux
  stdout       : /home/pi/actions-runner/_work/thin-edge.io/thin-edge.io/tests/PySys/smoketests/smoketest_json/Output/linux/serv_mapper3.out
  stderr       : /home/pi/actions-runner/_work/thin-edge.io/thin-edge.io/tests/PySys/smoketests/smoketest_json/Output/linux/serv_mapper3.err
  environment  : LD_LIBRARY_PATH=/usr/lib
  environment  : PATH=/bin:/usr/bin:/usr/sbin:/usr/local/bin
                   #1  /bin
                   #2  /usr/bin
                   #3  /usr/sbin
                   #4  /usr/local/bin
16:11:24 DEBUG Waiting up to 600 secs for process systemctl&lt;serv_mapper3&gt; (pid 30183)
16:11:24 INFO  Executed systemctl&lt;serv_mapper3&gt;, exit status 0
16:11:24 DEBUG C8y Roundtrip Setup
16:11:24 DEBUG --- test execute
16:11:24 DEBUG EnvironmentC8y Execute
16:11:24 DEBUG C8y Roundtrip Execute
16:11:34 DEBUG Process parameters for python3&lt;stdout&gt;
  command line : /home/pi/env-pysys/bin/python3 /home/pi/actions-runner/_work/thin-edge.io/thin-edge.io/ci/roundtrip_local_to_c8y.py -m JSON -pub /home/pi -u octocat -t t493319102 -id 14374054 -o 10 -d 100 -s 20
    arg #1     : /home/pi/actions-runner/_work/thin-edge.io/thin-edge.io/ci/roundtrip_local_to_c8y.py
    arg #2     : -m
    arg #3     : JSON
    arg #4     : -pub
    arg #5     : /home/pi
    arg #6     : -u
    arg #7     : octocat
    arg #8     : -t
    arg #9     : t493319102
    arg #10    : -id
    arg #11    : 14374054
    arg #12    : -o
    arg #13    : 10
    arg #14    : -d
    arg #15    : 100
    arg #16    : -s
    arg #17    : 20
  working dir  : /home/pi/actions-runner/_work/thin-edge.io/thin-edge.io/tests/PySys/smoketests/smoketest_json/Output/linux
  stdout       : /home/pi/actions-runner/_work/thin-edge.io/thin-edge.io/tests/PySys/smoketests/smoketest_json/Output/linux/stdout.out
  stderr       : /home/pi/actions-runner/_work/thin-edge.io/thin-edge.io/tests/PySys/smoketests/smoketest_json/Output/linux/stdout.err
  environment  : C8YPASS=CsiqG9s25z//
16:11:34 DEBUG Waiting up to 600 secs for process python3&lt;stdout&gt; (pid 30232)
16:11:42 WARN  Executed python3&lt;stdout&gt;, exit status 1
16:11:42 DEBUG Opening file using encoding=UTF-8: /home/pi/actions-runner/_work/thin-edge.io/thin-edge.io/tests/PySys/smoketests/smoketest_json/Output/linux/stdout.err
16:11:42 DEBUG Opening file using encoding=UTF-8: /home/pi/actions-runner/_work/thin-edge.io/thin-edge.io/tests/PySys/smoketests/smoketest_json/Output/linux/stdout.out
16:11:42 INFO  Contents of stdout.out: 
16:11:42 INFO    Publishing sawtooth with delay 100ms height 20 iterations 1 template flux will cause 20 publishs.
16:11:42 INFO    Iteraton: 0
16:11:42 INFO    Execution took 2 s 2007 ms
16:11:42 INFO    Publish rate: 100.350 ms/pub
16:11:42 INFO    Publish per second: 9.965 pub/s
16:11:42 INFO    Act: Publishing values with temperature_publisher
16:11:42 INFO    Waiting 3s for values to arrive in C8y
16:11:42 INFO    Assert: Retrieving data via REST interface
16:11:42 INFO    Gathering values from 2022-02-18 15:11:31+00:00 to 2022-02-18 15:11:41+00:00
16:11:42 INFO    Found 0 recorded values:
16:11:42 INFO    Retrieved values:
16:11:42 INFO    Expected:  0.0  ...  19.0
16:11:42 INFO    Data verification FAILED
16:11:42 INFO    -----
16:11:42 INFO  
16:11:42 WARN  python3&lt;stdout&gt; returned non-zero exit code 1 ... blocked 
16:11:42 WARN  Aborted test due to BLOCKED outcome
16:11:42 DEBUG --- test cleanup
16:11:42 INFO  
16:11:42 INFO  cleanup:
16:11:42 DEBUG Running registered cleanup function: &lt;bound method Environment_roundtrip_c8y.myenvroundtripcleanup of &lt;SmokeTestJson object at 0x7526d890&gt;&gt;
16:11:42 DEBUG C8y Roundtrip MyCleanup
16:11:42 DEBUG Running registered cleanup function: &lt;bound method EnvironmentC8y.myenvcleanup of &lt;SmokeTestJson object at 0x7526d890&gt;&gt;
16:11:42 DEBUG EnvironmentC8y Cleanup
16:11:42 DEBUG Process parameters for sudo&lt;tedge_disconnect_c8y&gt;
  command line : /usr/bin/sudo /usr/bin/tedge disconnect c8y
    arg #1     : /usr/bin/tedge
    arg #2     : disconnect
    arg #3     : c8y
  working dir  : /home/pi/actions-runner/_work/thin-edge.io/thin-edge.io/tests/PySys/smoketests/smoketest_json/Output/linux
  stdout       : /home/pi/actions-runner/_work/thin-edge.io/thin-edge.io/tests/PySys/smoketests/smoketest_json/Output/linux/tedge_disconnect_c8y.out
  stderr       : /home/pi/actions-runner/_work/thin-edge.io/thin-edge.io/tests/PySys/smoketests/smoketest_json/Output/linux/tedge_disconnect_c8y.err
  environment  : LD_LIBRARY_PATH=/usr/lib
  environment  : PATH=/bin:/usr/bin:/usr/sbin:/usr/local/bin
                   #1  /bin
                   #2  /usr/bin
                   #3  /usr/sbin
                   #4  /usr/local/bin
16:11:42 DEBUG Waiting up to 600 secs for process sudo&lt;tedge_disconnect_c8y&gt; (pid 30270)
16:11:45 INFO  Executed sudo&lt;tedge_disconnect_c8y&gt;, exit status 0
16:11:45 DEBUG Process parameters for systemctl&lt;serv_mapper5&gt;
  command line : /usr/bin/systemctl status tedge-mapper-c8y
    arg #1     : status
    arg #2     : tedge-mapper-c8y
  working dir  : /home/pi/actions-runner/_work/thin-edge.io/thin-edge.io/tests/PySys/smoketests/smoketest_json/Output/linux
  stdout       : /home/pi/actions-runner/_work/thin-edge.io/thin-edge.io/tests/PySys/smoketests/smoketest_json/Output/linux/serv_mapper5.out
  stderr       : /home/pi/actions-runner/_work/thin-edge.io/thin-edge.io/tests/PySys/smoketests/smoketest_json/Output/linux/serv_mapper5.err
  environment  : LD_LIBRARY_PATH=/usr/lib
  environment  : PATH=/bin:/usr/bin:/usr/sbin:/usr/local/bin
                   #1  /bin
                   #2  /usr/bin
                   #3  /usr/sbin
                   #4  /usr/local/bin
16:11:45 DEBUG Waiting up to 600 secs for process systemctl&lt;serv_mapper5&gt; (pid 30322)
16:11:45 INFO  Executed systemctl&lt;serv_mapper5&gt;, exit status 3
16:11:45 DEBUG ProcessUser cleanup function done.
16:11:45 INFO  
16:11:45 INFO  Test duration: 40.69 secs
16:11:45 INFO  Test final outcome:  BLOCKED
16:11:45 INFO  Test outcome reason: python3&lt;stdout&gt; returned non-zero exit code 1
16:11:45 INFO  
</system-out>
	</testcase>
</testsuite>
