<?xml version="1.0" encoding="utf-8"?>
<testsuite failures="0" name="c8y_restart_bridge" skipped="0" tests="1" time="17.27" timestamp="2022-02-09T07:05:53">
	<testcase classname="RestartBridge" name="c8y_restart_bridge"/>
</testsuite>
