<?xml version="1.0" encoding="utf-8"?>
<testsuite failures="0" name="apt_remove" skipped="0" tests="1" time="41.94" timestamp="2022-03-04T12:19:16">
	<testcase classname="AptPluginRemoveDense" name="apt_remove"/>
</testsuite>
