<?xml version="1.0" encoding="utf-8"?>
<testsuite failures="0" name="apt_remove" skipped="0" tests="1" time="42.57" timestamp="2022-03-21T17:03:48">
	<testcase classname="AptPluginRemoveDense" name="apt_remove"/>
</testsuite>
