<?xml version="1.0" encoding="utf-8"?>
<testsuite failures="0" name="apt_remove_fail" skipped="0" tests="1" time="4.91" timestamp="2022-03-28T17:53:16">
	<testcase classname="AptPluginRemoveFails" name="apt_remove_fail"/>
</testsuite>
