<?xml version="1.0" encoding="utf-8"?>
<testsuite failures="0" name="apt_remove" skipped="0" tests="1" time="41.11" timestamp="2022-02-24T13:48:56">
	<testcase classname="AptPluginRemoveDense" name="apt_remove"/>
</testsuite>
