<?xml version="1.0" encoding="utf-8"?>
<testsuite failures="0" name="apt_remove" skipped="0" tests="1" time="44.43" timestamp="2022-03-29T16:54:51">
	<testcase classname="AptPluginRemoveDense" name="apt_remove"/>
</testsuite>
