<?xml version="1.0" encoding="utf-8"?>
<testsuite failures="0" name="apt_install" skipped="0" tests="1" time="44.82" timestamp="2022-03-04T12:15:46">
	<testcase classname="AptPluginInstallDense" name="apt_install"/>
</testsuite>
