<?xml version="1.0" encoding="utf-8"?>
<testsuite failures="0" name="apt_prepare" skipped="0" tests="1" time="10.61" timestamp="2022-03-28T17:51:30">
	<testcase classname="AptPluginPrepare" name="apt_prepare"/>
</testsuite>
