<?xml version="1.0" encoding="utf-8"?>
<testsuite failures="0" name="apt_update_list" skipped="0" tests="1" time="98.66" timestamp="2022-03-22T14:06:32">
	<testcase classname="AptPluginUpdateList" name="apt_update_list"/>
</testsuite>
