<?xml version="1.0" encoding="utf-8"?>
<testsuite failures="0" name="apt_remove_fail" skipped="0" tests="1" time="4.96" timestamp="2022-03-15T17:58:38">
	<testcase classname="AptPluginRemoveFails" name="apt_remove_fail"/>
</testsuite>
