<?xml version="1.0" encoding="utf-8"?>
<testsuite failures="0" name="apt_remove_fail" skipped="0" tests="1" time="4.45" timestamp="2022-03-04T12:19:21">
	<testcase classname="AptPluginRemoveFails" name="apt_remove_fail"/>
</testsuite>
