<?xml version="1.0" encoding="utf-8"?>
<testsuite failures="0" name="apt_install_fail" skipped="0" tests="1" time="4.66" timestamp="2022-02-15T15:46:27">
	<testcase classname="AptPluginInstallFail" name="apt_install_fail"/>
</testsuite>
