<?xml version="1.0" encoding="utf-8"?>
<testsuite failures="0" name="apt_install" skipped="0" tests="1" time="41.68" timestamp="2022-02-22T10:44:38">
	<testcase classname="AptPluginInstallDense" name="apt_install"/>
</testsuite>
