<?xml version="1.0" encoding="utf-8"?>
<testsuite failures="0" name="apt_remove" skipped="0" tests="1" time="42.11" timestamp="2022-02-16T09:38:20">
	<testcase classname="AptPluginRemoveDense" name="apt_remove"/>
</testsuite>
