<?xml version="1.0" encoding="utf-8"?>
<testsuite failures="0" name="apt_install" skipped="0" tests="1" time="43.35" timestamp="2022-04-04T08:31:26">
	<testcase classname="AptPluginInstallDense" name="apt_install"/>
</testsuite>
