<?xml version="1.0" encoding="utf-8"?>
<testsuite failures="1" name="apt_fail_noarg" skipped="0" tests="1" time="0.73" timestamp="2022-03-02T08:50:11">
	<testcase classname="AptPluginFailNoArg" name="apt_fail_noarg">
		<failure message="BLOCKED: sudo&lt;outp_install&gt; returned exit code 2 (expected ==1)" type="BLOCKED"/>
		<system-out>09:50:11 INFO  ==============================================================
09:50:11 INFO  Id:    apt_fail_noarg
09:50:11 INFO  Dir:   plugin_apt/
09:50:11 INFO  Title: Validate apt plugin fetures(prepare, list, install, remove finalize) without arguments
09:50:11 DEBUG Execution order hint: 0.0
09:50:11 INFO  ==============================================================
09:50:11 DEBUG --- test execute
09:50:11 DEBUG Process parameters for sudo&lt;outp_install&gt;
  command line : /usr/bin/sudo /etc/tedge/sm-plugins/apt install
    arg #1     : /etc/tedge/sm-plugins/apt
    arg #2     : install
  working dir  : /home/pi/actions-runner/_work/thin-edge.io/thin-edge.io/tests/PySys/plugin_apt/apt_fail_noarg/Output/linux
  stdout       : /home/pi/actions-runner/_work/thin-edge.io/thin-edge.io/tests/PySys/plugin_apt/apt_fail_noarg/Output/linux/outp_install.out
  stderr       : /home/pi/actions-runner/_work/thin-edge.io/thin-edge.io/tests/PySys/plugin_apt/apt_fail_noarg/Output/linux/outp_install.err
  environment  : LD_LIBRARY_PATH=/usr/lib
  environment  : PATH=/bin:/usr/bin:/usr/sbin:/usr/local/bin
                   #1  /bin
                   #2  /usr/bin
                   #3  /usr/sbin
                   #4  /usr/local/bin
09:50:11 DEBUG Waiting up to 600 secs for process sudo&lt;outp_install&gt; (pid 6208)
09:50:11 WARN  Executed sudo&lt;outp_install&gt;, exit status 2
09:50:11 DEBUG Opening file using encoding=UTF-8: /home/pi/actions-runner/_work/thin-edge.io/thin-edge.io/tests/PySys/plugin_apt/apt_fail_noarg/Output/linux/outp_install.err
09:50:11 INFO  Contents of outp_install.err: 
09:50:11 INFO    error: The following required arguments were not provided:
09:50:11 INFO        &lt;MODULE&gt;
09:50:11 INFO    USAGE:
09:50:11 INFO        apt install [OPTIONS] &lt;MODULE&gt;
09:50:11 INFO    For more information try --help
09:50:11 INFO    -----
09:50:11 INFO  
09:50:11 WARN  sudo&lt;outp_install&gt; returned exit code 2 (expected ==1) ... blocked [environment_apt_plugin.py:70,run.py:20]
09:50:11 WARN  Aborted test due to BLOCKED outcome
09:50:11 DEBUG --- test cleanup
09:50:11 DEBUG ProcessUser cleanup function done.
09:50:11 INFO  
09:50:11 INFO  Test duration: 0.73 secs
09:50:11 INFO  Test final outcome:  BLOCKED
09:50:11 INFO  Test outcome reason: sudo&lt;outp_install&gt; returned exit code 2 (expected ==1)
09:50:11 INFO  
</system-out>
	</testcase>
</testsuite>
