<?xml version="1.0" encoding="utf-8"?>
<testsuite failures="1" name="SoftwareManagement.sm_apt_install_remove_default" skipped="0" tests="1" time="89.24" timestamp="2022-02-09T11:24:27">
	<testcase classname="PySysTest" name="SoftwareManagement.sm_apt_install_remove_default">
		<failure message="FAILED: Assert that (False == value) with value=True" type="FAILED"/>
		<system-out>12:22:57 INFO  ==============================================================
12:22:57 INFO  Id:    SoftwareManagement.sm_apt_install_remove_default
12:22:57 INFO  Dir:   software_management_end_to_end/
12:22:57 INFO  Title: Validate end to end behaviour for the default plugin for installation and removal of packages
12:22:57 DEBUG Execution order hint: 0.0
12:22:57 INFO  ==============================================================
12:22:57 INFO  Using sw id database: {'asciijump': '5475369', 'robotfindskitten': '5474869', 'squirrel3': '5475279', 'rolldice': '5152439', 'moon-buggy': '5439204', 'apple': '5495053', 'banana': '5494888', 'cherry': '5495382', 'watermelon': '5494510', 'registry': '8018911', 'hello-world': '8021526', 'docker/getting-started': '8021973', 'alpine': '7991792'}
12:22:57 DEBUG EnvironmentC8y Setup
12:22:57 INFO  EnvironmentC8y Setup
12:22:57 DEBUG Process parameters for systemctl&lt;serv_mapper1&gt;
  command line : /usr/bin/systemctl status tedge-mapper-c8y
    arg #1     : status
    arg #2     : tedge-mapper-c8y
  working dir  : /home/pi/actions-runner/_work/thin-edge.io/thin-edge.io/tests/PySys/software_management_end_to_end/sm_apt_install_remove_default/Output/linux
  stdout       : /home/pi/actions-runner/_work/thin-edge.io/thin-edge.io/tests/PySys/software_management_end_to_end/sm_apt_install_remove_default/Output/linux/serv_mapper1.out
  stderr       : /home/pi/actions-runner/_work/thin-edge.io/thin-edge.io/tests/PySys/software_management_end_to_end/sm_apt_install_remove_default/Output/linux/serv_mapper1.err
  environment  : LD_LIBRARY_PATH=/usr/lib
  environment  : PATH=/bin:/usr/bin:/usr/sbin:/usr/local/bin
                   #1  /bin
                   #2  /usr/bin
                   #3  /usr/sbin
                   #4  /usr/local/bin
12:22:58 DEBUG Waiting up to 600 secs for process systemctl&lt;serv_mapper1&gt; (pid 7845)
12:22:58 INFO  Executed systemctl&lt;serv_mapper1&gt;, exit status 3
12:22:58 INFO  Restarting mosquitto too frequently in the last 10 seconds. It was only up for 4 seconds
12:22:58 INFO  Delaying execution by 7 seconds
12:23:05 DEBUG Process parameters for sudo&lt;tedge_connect_c8y&gt;
  command line : /usr/bin/sudo /usr/bin/tedge connect c8y
    arg #1     : /usr/bin/tedge
    arg #2     : connect
    arg #3     : c8y
  working dir  : /home/pi/actions-runner/_work/thin-edge.io/thin-edge.io/tests/PySys/software_management_end_to_end/sm_apt_install_remove_default/Output/linux
  stdout       : /home/pi/actions-runner/_work/thin-edge.io/thin-edge.io/tests/PySys/software_management_end_to_end/sm_apt_install_remove_default/Output/linux/tedge_connect_c8y.out
  stderr       : /home/pi/actions-runner/_work/thin-edge.io/thin-edge.io/tests/PySys/software_management_end_to_end/sm_apt_install_remove_default/Output/linux/tedge_connect_c8y.err
  environment  : LD_LIBRARY_PATH=/usr/lib
  environment  : PATH=/bin:/usr/bin:/usr/sbin:/usr/local/bin
                   #1  /bin
                   #2  /usr/bin
                   #3  /usr/sbin
                   #4  /usr/local/bin
12:23:05 DEBUG Waiting up to 600 secs for process sudo&lt;tedge_connect_c8y&gt; (pid 7850)
12:23:16 INFO  Executed sudo&lt;tedge_connect_c8y&gt;, exit status 0, duration 11 secs
12:23:16 DEBUG Process parameters for sudo&lt;tedge_connect_c8y_test&gt;
  command line : /usr/bin/sudo /usr/bin/tedge connect c8y --test
    arg #1     : /usr/bin/tedge
    arg #2     : connect
    arg #3     : c8y
    arg #4     : --test
  working dir  : /home/pi/actions-runner/_work/thin-edge.io/thin-edge.io/tests/PySys/software_management_end_to_end/sm_apt_install_remove_default/Output/linux
  stdout       : /home/pi/actions-runner/_work/thin-edge.io/thin-edge.io/tests/PySys/software_management_end_to_end/sm_apt_install_remove_default/Output/linux/tedge_connect_c8y_test.out
  stderr       : /home/pi/actions-runner/_work/thin-edge.io/thin-edge.io/tests/PySys/software_management_end_to_end/sm_apt_install_remove_default/Output/linux/tedge_connect_c8y_test.err
  environment  : LD_LIBRARY_PATH=/usr/lib
  environment  : PATH=/bin:/usr/bin:/usr/sbin:/usr/local/bin
                   #1  /bin
                   #2  /usr/bin
                   #3  /usr/sbin
                   #4  /usr/local/bin
12:23:16 DEBUG Waiting up to 600 secs for process sudo&lt;tedge_connect_c8y_test&gt; (pid 8010)
12:23:17 INFO  Executed sudo&lt;tedge_connect_c8y_test&gt;, exit status 0
12:23:17 DEBUG Process parameters for systemctl&lt;serv_mosq2&gt;
  command line : /usr/bin/systemctl status mosquitto
    arg #1     : status
    arg #2     : mosquitto
  working dir  : /home/pi/actions-runner/_work/thin-edge.io/thin-edge.io/tests/PySys/software_management_end_to_end/sm_apt_install_remove_default/Output/linux
  stdout       : /home/pi/actions-runner/_work/thin-edge.io/thin-edge.io/tests/PySys/software_management_end_to_end/sm_apt_install_remove_default/Output/linux/serv_mosq2.out
  stderr       : /home/pi/actions-runner/_work/thin-edge.io/thin-edge.io/tests/PySys/software_management_end_to_end/sm_apt_install_remove_default/Output/linux/serv_mosq2.err
  environment  : LD_LIBRARY_PATH=/usr/lib
  environment  : PATH=/bin:/usr/bin:/usr/sbin:/usr/local/bin
                   #1  /bin
                   #2  /usr/bin
                   #3  /usr/sbin
                   #4  /usr/local/bin
12:23:17 DEBUG Waiting up to 600 secs for process systemctl&lt;serv_mosq2&gt; (pid 8013)
12:23:17 INFO  Executed systemctl&lt;serv_mosq2&gt;, exit status 0
12:23:17 DEBUG Process parameters for systemctl&lt;serv_mapper3&gt;
  command line : /usr/bin/systemctl status tedge-mapper-c8y
    arg #1     : status
    arg #2     : tedge-mapper-c8y
  working dir  : /home/pi/actions-runner/_work/thin-edge.io/thin-edge.io/tests/PySys/software_management_end_to_end/sm_apt_install_remove_default/Output/linux
  stdout       : /home/pi/actions-runner/_work/thin-edge.io/thin-edge.io/tests/PySys/software_management_end_to_end/sm_apt_install_remove_default/Output/linux/serv_mapper3.out
  stderr       : /home/pi/actions-runner/_work/thin-edge.io/thin-edge.io/tests/PySys/software_management_end_to_end/sm_apt_install_remove_default/Output/linux/serv_mapper3.err
  environment  : LD_LIBRARY_PATH=/usr/lib
  environment  : PATH=/bin:/usr/bin:/usr/sbin:/usr/local/bin
                   #1  /bin
                   #2  /usr/bin
                   #3  /usr/sbin
                   #4  /usr/local/bin
12:23:17 DEBUG Waiting up to 600 secs for process systemctl&lt;serv_mapper3&gt; (pid 8014)
12:23:17 INFO  Executed systemctl&lt;serv_mapper3&gt;, exit status 0
12:23:19 DEBUG Final URL of the request: https://thin-edge-io.eu-latest.cumulocity.com/devicecontrol/operations?deviceId=13990225&amp;pageSize=1&amp;revert=true&amp;dateFrom=1970-01-01T00%3A00%3A00.000Z
12:23:19 INFO  State of current operation: FAILED
12:23:19 DEBUG Final URL of the request: https://thin-edge-io.eu-latest.cumulocity.com/devicecontrol/operations?deviceId=13990225&amp;pageSize=1&amp;revert=true&amp;dateFrom=1970-01-01T00%3A00%3A00.000Z
12:23:19 DEBUG State of current operation: {
    &quot;delivery&quot;: {
        &quot;time&quot;: &quot;2022-02-09T11:22:05.055Z&quot;,
        &quot;log&quot;: [
            {
                &quot;time&quot;: &quot;2022-02-09T11:22:05.002Z&quot;,
                &quot;status&quot;: &quot;PENDING&quot;
            },
            {
                &quot;time&quot;: &quot;2022-02-09T11:22:05.023Z&quot;,
                &quot;status&quot;: &quot;SEND&quot;
            }
        ],
        &quot;status&quot;: &quot;DELIVERED&quot;
    },
    &quot;creationTime&quot;: &quot;2022-02-09T11:22:04.967Z&quot;,
    &quot;deviceId&quot;: &quot;13990225&quot;,
    &quot;deviceName&quot;: &quot;octocatrpi3&quot;,
    &quot;failureReason&quot;: &quot;1 error, see device log file /var/log/tedge/agent/software-update-2022-02-09T11:22:06Z.log&quot;,
    &quot;self&quot;: &quot;https://t493319102.eu-latest.cumulocity.com/devicecontrol/operations/14005222&quot;,
    &quot;id&quot;: &quot;14005222&quot;,
    &quot;status&quot;: &quot;FAILED&quot;,
    &quot;description&quot;: &quot;Apply software changes, triggered from PySys: [{'name': 'does_not_exist', 'id': '5446165', 'version': '::apt', 'url': '', 'action': 'install'}]&quot;,
    &quot;c8y_SoftwareUpdate&quot;: [
        {
            &quot;name&quot;: &quot;does_not_exist&quot;,
            &quot;action&quot;: &quot;install&quot;,
            &quot;id&quot;: &quot;5446165&quot;,
            &quot;version&quot;: &quot;::apt&quot;,
            &quot;url&quot;: &quot;&quot;
        }
    ]
}
12:23:19 INFO  Package rolldice is installed
12:23:19 WARN  Assert that (False == value) with value=True ... failed 
12:23:19 DEBUG --- test execute
12:23:20 INFO  Response status: 201
12:23:20 INFO  Response to action: {
    &quot;creationTime&quot;: &quot;2022-02-09T11:23:20.035Z&quot;,
    &quot;deviceId&quot;: &quot;13990225&quot;,
    &quot;deviceName&quot;: &quot;octocatrpi3&quot;,
    &quot;self&quot;: &quot;https://t493319102.eu-latest.cumulocity.com/devicecontrol/operations/14005224&quot;,
    &quot;id&quot;: &quot;14005224&quot;,
    &quot;status&quot;: &quot;PENDING&quot;,
    &quot;description&quot;: &quot;Apply software changes, triggered from PySys: [{'name': 'rolldice', 'id': '5152439', 'version': ' ', 'url': '', 'action': 'install'}]&quot;,
    &quot;c8y_SoftwareUpdate&quot;: [
        {
            &quot;name&quot;: &quot;rolldice&quot;,
            &quot;action&quot;: &quot;install&quot;,
            &quot;id&quot;: &quot;5152439&quot;,
            &quot;version&quot;: &quot; &quot;,
            &quot;url&quot;: &quot;&quot;
        }
    ]
}
12:23:20 INFO  Started operation: {'creationTime': '2022-02-09T11:23:20.035Z', 'deviceId': '13990225', 'deviceName': 'octocatrpi3', 'self': 'https://t493319102.eu-latest.cumulocity.com/devicecontrol/operations/14005224', 'id': '14005224', 'status': 'PENDING', 'description': &quot;Apply software changes, triggered from PySys: [{'name': 'rolldice', 'id': '5152439', 'version': ' ', 'url': '', 'action': 'install'}]&quot;, 'c8y_SoftwareUpdate': [{'name': 'rolldice', 'action': 'install', 'id': '5152439', 'version': ' ', 'url': ''}]}
12:23:22 INFO  State of operation 14005224 : EXECUTING
12:23:24 INFO  State of operation 14005224 : EXECUTING
12:23:26 INFO  State of operation 14005224 : EXECUTING
12:23:28 INFO  State of operation 14005224 : EXECUTING
12:23:30 INFO  State of operation 14005224 : EXECUTING
12:23:32 INFO  State of operation 14005224 : EXECUTING
12:23:35 INFO  State of operation 14005224 : EXECUTING
12:23:37 INFO  State of operation 14005224 : SUCCESSFUL
12:23:37 INFO  Package rolldice is installed
12:23:37 INFO  Assert that (True == value) with value=True ... passed
12:23:37 INFO  Response status: 201
12:23:37 INFO  Response to action: {
    &quot;creationTime&quot;: &quot;2022-02-09T11:23:37.539Z&quot;,
    &quot;deviceId&quot;: &quot;13990225&quot;,
    &quot;deviceName&quot;: &quot;octocatrpi3&quot;,
    &quot;self&quot;: &quot;https://t493319102.eu-latest.cumulocity.com/devicecontrol/operations/14005226&quot;,
    &quot;id&quot;: &quot;14005226&quot;,
    &quot;status&quot;: &quot;PENDING&quot;,
    &quot;description&quot;: &quot;Apply software changes, triggered from PySys: [{'name': 'rolldice', 'id': '5152439', 'version': ' ', 'url': '', 'action': 'delete'}]&quot;,
    &quot;c8y_SoftwareUpdate&quot;: [
        {
            &quot;name&quot;: &quot;rolldice&quot;,
            &quot;action&quot;: &quot;delete&quot;,
            &quot;id&quot;: &quot;5152439&quot;,
            &quot;version&quot;: &quot; &quot;,
            &quot;url&quot;: &quot;&quot;
        }
    ]
}
12:23:37 INFO  Started operation: {'creationTime': '2022-02-09T11:23:37.539Z', 'deviceId': '13990225', 'deviceName': 'octocatrpi3', 'self': 'https://t493319102.eu-latest.cumulocity.com/devicecontrol/operations/14005226', 'id': '14005226', 'status': 'PENDING', 'description': &quot;Apply software changes, triggered from PySys: [{'name': 'rolldice', 'id': '5152439', 'version': ' ', 'url': '', 'action': 'delete'}]&quot;, 'c8y_SoftwareUpdate': [{'name': 'rolldice', 'action': 'delete', 'id': '5152439', 'version': ' ', 'url': ''}]}
12:23:39 INFO  State of operation 14005226 : EXECUTING
12:23:41 INFO  State of operation 14005226 : EXECUTING
12:23:44 INFO  State of operation 14005226 : EXECUTING
12:23:46 INFO  State of operation 14005226 : EXECUTING
12:23:48 INFO  State of operation 14005226 : EXECUTING
12:23:50 INFO  State of operation 14005226 : EXECUTING
12:23:52 INFO  State of operation 14005226 : EXECUTING
12:23:54 INFO  State of operation 14005226 : EXECUTING
12:23:56 INFO  State of operation 14005226 : EXECUTING
12:23:59 INFO  State of operation 14005226 : EXECUTING
12:24:01 INFO  State of operation 14005226 : EXECUTING
12:24:03 INFO  State of operation 14005226 : EXECUTING
12:24:05 INFO  State of operation 14005226 : EXECUTING
12:24:07 INFO  State of operation 14005226 : EXECUTING
12:24:09 INFO  State of operation 14005226 : EXECUTING
12:24:12 INFO  State of operation 14005226 : EXECUTING
12:24:14 INFO  State of operation 14005226 : EXECUTING
12:24:16 INFO  State of operation 14005226 : EXECUTING
12:24:19 INFO  State of operation 14005226 : EXECUTING
12:24:21 INFO  State of operation 14005226 : EXECUTING
12:24:23 INFO  State of operation 14005226 : SUCCESSFUL
12:24:23 DEBUG --- test validate
12:24:23 INFO  Assert that (False == value) with value=False ... passed
12:24:23 DEBUG --- test cleanup
12:24:23 INFO  
12:24:23 INFO  cleanup:
12:24:23 DEBUG Running registered cleanup function: &lt;bound method SoftwareManagement.mysmcleanup of &lt;PySysTest object at 0x752b1550&gt;&gt;
12:24:23 DEBUG Running registered cleanup function: &lt;bound method EnvironmentC8y.myenvcleanup of &lt;PySysTest object at 0x752b1550&gt;&gt;
12:24:23 DEBUG EnvironmentC8y Cleanup
12:24:23 DEBUG Process parameters for sudo&lt;tedge_disconnect_c8y&gt;
  command line : /usr/bin/sudo /usr/bin/tedge disconnect c8y
    arg #1     : /usr/bin/tedge
    arg #2     : disconnect
    arg #3     : c8y
  working dir  : /home/pi/actions-runner/_work/thin-edge.io/thin-edge.io/tests/PySys/software_management_end_to_end/sm_apt_install_remove_default/Output/linux
  stdout       : /home/pi/actions-runner/_work/thin-edge.io/thin-edge.io/tests/PySys/software_management_end_to_end/sm_apt_install_remove_default/Output/linux/tedge_disconnect_c8y.out
  stderr       : /home/pi/actions-runner/_work/thin-edge.io/thin-edge.io/tests/PySys/software_management_end_to_end/sm_apt_install_remove_default/Output/linux/tedge_disconnect_c8y.err
  environment  : LD_LIBRARY_PATH=/usr/lib
  environment  : PATH=/bin:/usr/bin:/usr/sbin:/usr/local/bin
                   #1  /bin
                   #2  /usr/bin
                   #3  /usr/sbin
                   #4  /usr/local/bin
12:24:23 DEBUG Waiting up to 600 secs for process sudo&lt;tedge_disconnect_c8y&gt; (pid 8509)
12:24:26 INFO  Executed sudo&lt;tedge_disconnect_c8y&gt;, exit status 0
12:24:26 DEBUG Process parameters for systemctl&lt;serv_mapper5&gt;
  command line : /usr/bin/systemctl status tedge-mapper-c8y
    arg #1     : status
    arg #2     : tedge-mapper-c8y
  working dir  : /home/pi/actions-runner/_work/thin-edge.io/thin-edge.io/tests/PySys/software_management_end_to_end/sm_apt_install_remove_default/Output/linux
  stdout       : /home/pi/actions-runner/_work/thin-edge.io/thin-edge.io/tests/PySys/software_management_end_to_end/sm_apt_install_remove_default/Output/linux/serv_mapper5.out
  stderr       : /home/pi/actions-runner/_work/thin-edge.io/thin-edge.io/tests/PySys/software_management_end_to_end/sm_apt_install_remove_default/Output/linux/serv_mapper5.err
  environment  : LD_LIBRARY_PATH=/usr/lib
  environment  : PATH=/bin:/usr/bin:/usr/sbin:/usr/local/bin
                   #1  /bin
                   #2  /usr/bin
                   #3  /usr/sbin
                   #4  /usr/local/bin
12:24:26 DEBUG Waiting up to 600 secs for process systemctl&lt;serv_mapper5&gt; (pid 8568)
12:24:27 INFO  Executed systemctl&lt;serv_mapper5&gt;, exit status 3
12:24:27 DEBUG ProcessUser cleanup function done.
12:24:27 INFO  
12:24:27 INFO  Test duration: 89.24 secs
12:24:27 INFO  Test final outcome:  FAILED
12:24:27 INFO  Test outcome reason: Assert that (False == value) with value=True
12:24:27 INFO  
</system-out>
	</testcase>
</testsuite>
