<?xml version="1.0" encoding="utf-8"?>
<testsuite failures="0" name="apt_update_list" skipped="0" tests="1" time="98.63" timestamp="2022-02-16T09:43:36">
	<testcase classname="AptPluginUpdateList" name="apt_update_list"/>
</testsuite>
