<?xml version="1.0" encoding="utf-8"?>
<testsuite failures="0" name="apt_prepare" skipped="0" tests="1" time="7.71" timestamp="2022-03-29T16:52:55">
	<testcase classname="AptPluginPrepare" name="apt_prepare"/>
</testsuite>
