<?xml version="1.0" encoding="utf-8"?>
<testsuite failures="0" name="apt_finalize" skipped="0" tests="1" time="59.47" timestamp="2022-03-15T17:54:22">
	<testcase classname="AptPluginFinalize" name="apt_finalize"/>
</testsuite>
