<?xml version="1.0" encoding="utf-8"?>
<testsuite failures="0" name="apt_install" skipped="1" tests="1" time="0.0" timestamp="2022-02-07T14:12:54">
	<testcase classname="AptPluginInstallDense" name="apt_install"/>
</testsuite>
