<?xml version="1.0" encoding="utf-8"?>
<testsuite failures="0" name="apt_finalize" skipped="0" tests="1" time="73.47" timestamp="2022-03-30T08:22:00">
	<testcase classname="AptPluginFinalize" name="apt_finalize"/>
</testsuite>
