<?xml version="1.0" encoding="utf-8"?>
<testsuite failures="0" name="apt_update_list" skipped="0" tests="1" time="104.17" timestamp="2022-03-02T09:01:08">
	<testcase classname="AptPluginUpdateList" name="apt_update_list"/>
</testsuite>
