<?xml version="1.0" encoding="utf-8"?>
<testsuite failures="1" name="SoftwareManagement.sm_apt_install_remove_default" skipped="0" tests="1" time="82.94" timestamp="2022-02-14T08:48:05">
	<testcase classname="PySysTest" name="SoftwareManagement.sm_apt_install_remove_default">
		<failure message="FAILED: Assert that (False == value) with value=True" type="FAILED"/>
		<system-out>09:46:43 INFO  ==============================================================
09:46:43 INFO  Id:    SoftwareManagement.sm_apt_install_remove_default
09:46:43 INFO  Dir:   software_management_end_to_end/
09:46:43 INFO  Title: Validate end to end behaviour for the default plugin for installation and removal of packages
09:46:43 DEBUG Execution order hint: 0.0
09:46:43 INFO  ==============================================================
09:46:43 INFO  Using sw id database: {'asciijump': '5475369', 'robotfindskitten': '5474869', 'squirrel3': '5475279', 'rolldice': '5152439', 'moon-buggy': '5439204', 'apple': '5495053', 'banana': '5494888', 'cherry': '5495382', 'watermelon': '5494510', 'registry': '8018911', 'hello-world': '8021526', 'docker/getting-started': '8021973', 'alpine': '7991792'}
09:46:43 DEBUG EnvironmentC8y Setup
09:46:43 INFO  EnvironmentC8y Setup
09:46:43 DEBUG Process parameters for systemctl&lt;serv_mapper1&gt;
  command line : /usr/bin/systemctl status tedge-mapper-c8y
    arg #1     : status
    arg #2     : tedge-mapper-c8y
  working dir  : /home/pi/actions-runner/_work/thin-edge.io/thin-edge.io/tests/PySys/software_management_end_to_end/sm_apt_install_remove_default/Output/linux
  stdout       : /home/pi/actions-runner/_work/thin-edge.io/thin-edge.io/tests/PySys/software_management_end_to_end/sm_apt_install_remove_default/Output/linux/serv_mapper1.out
  stderr       : /home/pi/actions-runner/_work/thin-edge.io/thin-edge.io/tests/PySys/software_management_end_to_end/sm_apt_install_remove_default/Output/linux/serv_mapper1.err
  environment  : LD_LIBRARY_PATH=/usr/lib
  environment  : PATH=/bin:/usr/bin:/usr/sbin:/usr/local/bin
                   #1  /bin
                   #2  /usr/bin
                   #3  /usr/sbin
                   #4  /usr/local/bin
09:46:43 DEBUG Waiting up to 600 secs for process systemctl&lt;serv_mapper1&gt; (pid 11606)
09:46:43 INFO  Executed systemctl&lt;serv_mapper1&gt;, exit status 3
09:46:43 INFO  Restarting mosquitto too frequently in the last 10 seconds. It was only up for 3 seconds
09:46:43 INFO  Delaying execution by 8 seconds
09:46:51 DEBUG Process parameters for sudo&lt;tedge_connect_c8y&gt;
  command line : /usr/bin/sudo /usr/bin/tedge connect c8y
    arg #1     : /usr/bin/tedge
    arg #2     : connect
    arg #3     : c8y
  working dir  : /home/pi/actions-runner/_work/thin-edge.io/thin-edge.io/tests/PySys/software_management_end_to_end/sm_apt_install_remove_default/Output/linux
  stdout       : /home/pi/actions-runner/_work/thin-edge.io/thin-edge.io/tests/PySys/software_management_end_to_end/sm_apt_install_remove_default/Output/linux/tedge_connect_c8y.out
  stderr       : /home/pi/actions-runner/_work/thin-edge.io/thin-edge.io/tests/PySys/software_management_end_to_end/sm_apt_install_remove_default/Output/linux/tedge_connect_c8y.err
  environment  : LD_LIBRARY_PATH=/usr/lib
  environment  : PATH=/bin:/usr/bin:/usr/sbin:/usr/local/bin
                   #1  /bin
                   #2  /usr/bin
                   #3  /usr/sbin
                   #4  /usr/local/bin
09:46:51 DEBUG Waiting up to 600 secs for process sudo&lt;tedge_connect_c8y&gt; (pid 11615)
09:47:02 INFO  Executed sudo&lt;tedge_connect_c8y&gt;, exit status 0
09:47:02 DEBUG Process parameters for sudo&lt;tedge_connect_c8y_test&gt;
  command line : /usr/bin/sudo /usr/bin/tedge connect c8y --test
    arg #1     : /usr/bin/tedge
    arg #2     : connect
    arg #3     : c8y
    arg #4     : --test
  working dir  : /home/pi/actions-runner/_work/thin-edge.io/thin-edge.io/tests/PySys/software_management_end_to_end/sm_apt_install_remove_default/Output/linux
  stdout       : /home/pi/actions-runner/_work/thin-edge.io/thin-edge.io/tests/PySys/software_management_end_to_end/sm_apt_install_remove_default/Output/linux/tedge_connect_c8y_test.out
  stderr       : /home/pi/actions-runner/_work/thin-edge.io/thin-edge.io/tests/PySys/software_management_end_to_end/sm_apt_install_remove_default/Output/linux/tedge_connect_c8y_test.err
  environment  : LD_LIBRARY_PATH=/usr/lib
  environment  : PATH=/bin:/usr/bin:/usr/sbin:/usr/local/bin
                   #1  /bin
                   #2  /usr/bin
                   #3  /usr/sbin
                   #4  /usr/local/bin
09:47:02 DEBUG Waiting up to 600 secs for process sudo&lt;tedge_connect_c8y_test&gt; (pid 11775)
09:47:02 INFO  Executed sudo&lt;tedge_connect_c8y_test&gt;, exit status 0
09:47:02 DEBUG Process parameters for systemctl&lt;serv_mosq2&gt;
  command line : /usr/bin/systemctl status mosquitto
    arg #1     : status
    arg #2     : mosquitto
  working dir  : /home/pi/actions-runner/_work/thin-edge.io/thin-edge.io/tests/PySys/software_management_end_to_end/sm_apt_install_remove_default/Output/linux
  stdout       : /home/pi/actions-runner/_work/thin-edge.io/thin-edge.io/tests/PySys/software_management_end_to_end/sm_apt_install_remove_default/Output/linux/serv_mosq2.out
  stderr       : /home/pi/actions-runner/_work/thin-edge.io/thin-edge.io/tests/PySys/software_management_end_to_end/sm_apt_install_remove_default/Output/linux/serv_mosq2.err
  environment  : LD_LIBRARY_PATH=/usr/lib
  environment  : PATH=/bin:/usr/bin:/usr/sbin:/usr/local/bin
                   #1  /bin
                   #2  /usr/bin
                   #3  /usr/sbin
                   #4  /usr/local/bin
09:47:02 DEBUG Waiting up to 600 secs for process systemctl&lt;serv_mosq2&gt; (pid 11778)
09:47:02 INFO  Executed systemctl&lt;serv_mosq2&gt;, exit status 0
09:47:02 DEBUG Process parameters for systemctl&lt;serv_mapper3&gt;
  command line : /usr/bin/systemctl status tedge-mapper-c8y
    arg #1     : status
    arg #2     : tedge-mapper-c8y
  working dir  : /home/pi/actions-runner/_work/thin-edge.io/thin-edge.io/tests/PySys/software_management_end_to_end/sm_apt_install_remove_default/Output/linux
  stdout       : /home/pi/actions-runner/_work/thin-edge.io/thin-edge.io/tests/PySys/software_management_end_to_end/sm_apt_install_remove_default/Output/linux/serv_mapper3.out
  stderr       : /home/pi/actions-runner/_work/thin-edge.io/thin-edge.io/tests/PySys/software_management_end_to_end/sm_apt_install_remove_default/Output/linux/serv_mapper3.err
  environment  : LD_LIBRARY_PATH=/usr/lib
  environment  : PATH=/bin:/usr/bin:/usr/sbin:/usr/local/bin
                   #1  /bin
                   #2  /usr/bin
                   #3  /usr/sbin
                   #4  /usr/local/bin
09:47:02 DEBUG Waiting up to 600 secs for process systemctl&lt;serv_mapper3&gt; (pid 11779)
09:47:03 INFO  Executed systemctl&lt;serv_mapper3&gt;, exit status 0
09:47:05 DEBUG Final URL of the request: https://thin-edge-io.eu-latest.cumulocity.com/devicecontrol/operations?deviceId=14115101&amp;pageSize=1&amp;revert=true&amp;dateFrom=1970-01-01T00%3A00%3A00.000Z
09:47:05 INFO  State of current operation: FAILED
09:47:05 DEBUG Final URL of the request: https://thin-edge-io.eu-latest.cumulocity.com/devicecontrol/operations?deviceId=14115101&amp;pageSize=1&amp;revert=true&amp;dateFrom=1970-01-01T00%3A00%3A00.000Z
09:47:05 DEBUG State of current operation: {
    &quot;delivery&quot;: {
        &quot;time&quot;: &quot;2022-02-14T08:45:38.649Z&quot;,
        &quot;log&quot;: [
            {
                &quot;time&quot;: &quot;2022-02-14T08:45:38.586Z&quot;,
                &quot;status&quot;: &quot;PENDING&quot;
            },
            {
                &quot;time&quot;: &quot;2022-02-14T08:45:38.620Z&quot;,
                &quot;status&quot;: &quot;SEND&quot;
            }
        ],
        &quot;status&quot;: &quot;DELIVERED&quot;
    },
    &quot;creationTime&quot;: &quot;2022-02-14T08:45:38.545Z&quot;,
    &quot;deviceId&quot;: &quot;14115101&quot;,
    &quot;deviceName&quot;: &quot;octocatrpi3&quot;,
    &quot;failureReason&quot;: &quot;1 error, see device log file /var/log/tedge/agent/software-update-2022-02-14T08:45:39.844518497Z.log&quot;,
    &quot;self&quot;: &quot;https://t493319102.eu-latest.cumulocity.com/devicecontrol/operations/14126497&quot;,
    &quot;id&quot;: &quot;14126497&quot;,
    &quot;status&quot;: &quot;FAILED&quot;,
    &quot;description&quot;: &quot;Apply software changes, triggered from PySys: [{'name': 'does_not_exist', 'id': '5446165', 'version': '::apt', 'url': '', 'action': 'install'}]&quot;,
    &quot;c8y_SoftwareUpdate&quot;: [
        {
            &quot;name&quot;: &quot;does_not_exist&quot;,
            &quot;action&quot;: &quot;install&quot;,
            &quot;id&quot;: &quot;5446165&quot;,
            &quot;version&quot;: &quot;::apt&quot;,
            &quot;url&quot;: &quot;&quot;
        }
    ]
}
09:47:05 INFO  Package rolldice is installed
09:47:05 WARN  Assert that (False == value) with value=True ... failed 
09:47:05 DEBUG --- test execute
09:47:05 INFO  Response status: 201
09:47:05 INFO  Response to action: {
    &quot;creationTime&quot;: &quot;2022-02-14T08:47:05.462Z&quot;,
    &quot;deviceId&quot;: &quot;14115101&quot;,
    &quot;deviceName&quot;: &quot;octocatrpi3&quot;,
    &quot;self&quot;: &quot;https://t493319102.eu-latest.cumulocity.com/devicecontrol/operations/14126499&quot;,
    &quot;id&quot;: &quot;14126499&quot;,
    &quot;status&quot;: &quot;PENDING&quot;,
    &quot;description&quot;: &quot;Apply software changes, triggered from PySys: [{'name': 'rolldice', 'id': '5152439', 'version': ' ', 'url': '', 'action': 'install'}]&quot;,
    &quot;c8y_SoftwareUpdate&quot;: [
        {
            &quot;name&quot;: &quot;rolldice&quot;,
            &quot;action&quot;: &quot;install&quot;,
            &quot;id&quot;: &quot;5152439&quot;,
            &quot;version&quot;: &quot; &quot;,
            &quot;url&quot;: &quot;&quot;
        }
    ]
}
09:47:05 INFO  Started operation: {'creationTime': '2022-02-14T08:47:05.462Z', 'deviceId': '14115101', 'deviceName': 'octocatrpi3', 'self': 'https://t493319102.eu-latest.cumulocity.com/devicecontrol/operations/14126499', 'id': '14126499', 'status': 'PENDING', 'description': &quot;Apply software changes, triggered from PySys: [{'name': 'rolldice', 'id': '5152439', 'version': ' ', 'url': '', 'action': 'install'}]&quot;, 'c8y_SoftwareUpdate': [{'name': 'rolldice', 'action': 'install', 'id': '5152439', 'version': ' ', 'url': ''}]}
09:47:07 INFO  State of operation 14126499 : EXECUTING
09:47:09 INFO  State of operation 14126499 : EXECUTING
09:47:11 INFO  State of operation 14126499 : EXECUTING
09:47:14 INFO  State of operation 14126499 : EXECUTING
09:47:16 INFO  State of operation 14126499 : EXECUTING
09:47:18 INFO  State of operation 14126499 : EXECUTING
09:47:20 INFO  State of operation 14126499 : SUCCESSFUL
09:47:20 INFO  Package rolldice is installed
09:47:20 INFO  Assert that (True == value) with value=True ... passed
09:47:20 INFO  Response status: 201
09:47:20 INFO  Response to action: {
    &quot;creationTime&quot;: &quot;2022-02-14T08:47:20.753Z&quot;,
    &quot;deviceId&quot;: &quot;14115101&quot;,
    &quot;deviceName&quot;: &quot;octocatrpi3&quot;,
    &quot;self&quot;: &quot;https://t493319102.eu-latest.cumulocity.com/devicecontrol/operations/14126501&quot;,
    &quot;id&quot;: &quot;14126501&quot;,
    &quot;status&quot;: &quot;PENDING&quot;,
    &quot;description&quot;: &quot;Apply software changes, triggered from PySys: [{'name': 'rolldice', 'id': '5152439', 'version': ' ', 'url': '', 'action': 'delete'}]&quot;,
    &quot;c8y_SoftwareUpdate&quot;: [
        {
            &quot;name&quot;: &quot;rolldice&quot;,
            &quot;action&quot;: &quot;delete&quot;,
            &quot;id&quot;: &quot;5152439&quot;,
            &quot;version&quot;: &quot; &quot;,
            &quot;url&quot;: &quot;&quot;
        }
    ]
}
09:47:20 INFO  Started operation: {'creationTime': '2022-02-14T08:47:20.753Z', 'deviceId': '14115101', 'deviceName': 'octocatrpi3', 'self': 'https://t493319102.eu-latest.cumulocity.com/devicecontrol/operations/14126501', 'id': '14126501', 'status': 'PENDING', 'description': &quot;Apply software changes, triggered from PySys: [{'name': 'rolldice', 'id': '5152439', 'version': ' ', 'url': '', 'action': 'delete'}]&quot;, 'c8y_SoftwareUpdate': [{'name': 'rolldice', 'action': 'delete', 'id': '5152439', 'version': ' ', 'url': ''}]}
09:47:22 INFO  State of operation 14126501 : EXECUTING
09:47:25 INFO  State of operation 14126501 : EXECUTING
09:47:27 INFO  State of operation 14126501 : EXECUTING
09:47:29 INFO  State of operation 14126501 : EXECUTING
09:47:31 INFO  State of operation 14126501 : EXECUTING
09:47:33 INFO  State of operation 14126501 : EXECUTING
09:47:36 INFO  State of operation 14126501 : EXECUTING
09:47:38 INFO  State of operation 14126501 : EXECUTING
09:47:41 INFO  State of operation 14126501 : EXECUTING
09:47:43 INFO  State of operation 14126501 : EXECUTING
09:47:45 INFO  State of operation 14126501 : EXECUTING
09:47:47 INFO  State of operation 14126501 : EXECUTING
09:47:49 INFO  State of operation 14126501 : EXECUTING
09:47:51 INFO  State of operation 14126501 : EXECUTING
09:47:57 INFO  State of operation 14126501 : EXECUTING
09:48:00 INFO  State of operation 14126501 : EXECUTING
09:48:02 INFO  State of operation 14126501 : SUCCESSFUL
09:48:02 DEBUG --- test validate
09:48:02 INFO  Assert that (False == value) with value=False ... passed
09:48:02 DEBUG --- test cleanup
09:48:02 INFO  
09:48:02 INFO  cleanup:
09:48:02 DEBUG Running registered cleanup function: &lt;bound method SoftwareManagement.mysmcleanup of &lt;PySysTest object at 0x752dec30&gt;&gt;
09:48:02 DEBUG Running registered cleanup function: &lt;bound method EnvironmentC8y.myenvcleanup of &lt;PySysTest object at 0x752dec30&gt;&gt;
09:48:02 DEBUG EnvironmentC8y Cleanup
09:48:02 DEBUG Process parameters for sudo&lt;tedge_disconnect_c8y&gt;
  command line : /usr/bin/sudo /usr/bin/tedge disconnect c8y
    arg #1     : /usr/bin/tedge
    arg #2     : disconnect
    arg #3     : c8y
  working dir  : /home/pi/actions-runner/_work/thin-edge.io/thin-edge.io/tests/PySys/software_management_end_to_end/sm_apt_install_remove_default/Output/linux
  stdout       : /home/pi/actions-runner/_work/thin-edge.io/thin-edge.io/tests/PySys/software_management_end_to_end/sm_apt_install_remove_default/Output/linux/tedge_disconnect_c8y.out
  stderr       : /home/pi/actions-runner/_work/thin-edge.io/thin-edge.io/tests/PySys/software_management_end_to_end/sm_apt_install_remove_default/Output/linux/tedge_disconnect_c8y.err
  environment  : LD_LIBRARY_PATH=/usr/lib
  environment  : PATH=/bin:/usr/bin:/usr/sbin:/usr/local/bin
                   #1  /bin
                   #2  /usr/bin
                   #3  /usr/sbin
                   #4  /usr/local/bin
09:48:02 DEBUG Waiting up to 600 secs for process sudo&lt;tedge_disconnect_c8y&gt; (pid 12286)
09:48:05 INFO  Executed sudo&lt;tedge_disconnect_c8y&gt;, exit status 0
09:48:05 DEBUG Process parameters for systemctl&lt;serv_mapper5&gt;
  command line : /usr/bin/systemctl status tedge-mapper-c8y
    arg #1     : status
    arg #2     : tedge-mapper-c8y
  working dir  : /home/pi/actions-runner/_work/thin-edge.io/thin-edge.io/tests/PySys/software_management_end_to_end/sm_apt_install_remove_default/Output/linux
  stdout       : /home/pi/actions-runner/_work/thin-edge.io/thin-edge.io/tests/PySys/software_management_end_to_end/sm_apt_install_remove_default/Output/linux/serv_mapper5.out
  stderr       : /home/pi/actions-runner/_work/thin-edge.io/thin-edge.io/tests/PySys/software_management_end_to_end/sm_apt_install_remove_default/Output/linux/serv_mapper5.err
  environment  : LD_LIBRARY_PATH=/usr/lib
  environment  : PATH=/bin:/usr/bin:/usr/sbin:/usr/local/bin
                   #1  /bin
                   #2  /usr/bin
                   #3  /usr/sbin
                   #4  /usr/local/bin
09:48:05 DEBUG Waiting up to 600 secs for process systemctl&lt;serv_mapper5&gt; (pid 12344)
09:48:05 INFO  Executed systemctl&lt;serv_mapper5&gt;, exit status 3
09:48:05 DEBUG ProcessUser cleanup function done.
09:48:05 INFO  
09:48:05 INFO  Test duration: 82.94 secs
09:48:05 INFO  Test final outcome:  FAILED
09:48:05 INFO  Test outcome reason: Assert that (False == value) with value=True
09:48:05 INFO  
</system-out>
	</testcase>
</testsuite>
