<?xml version="1.0" encoding="utf-8"?>
<testsuite failures="0" name="apt_remove" skipped="0" tests="1" time="42.81" timestamp="2022-03-02T08:55:45">
	<testcase classname="AptPluginRemoveDense" name="apt_remove"/>
</testsuite>
