<?xml version="1.0" encoding="utf-8"?>
<testsuite failures="0" name="apt_remove" skipped="0" tests="1" time="41.3" timestamp="2022-04-04T08:35:27">
	<testcase classname="AptPluginRemoveDense" name="apt_remove"/>
</testsuite>
