<?xml version="1.0" encoding="utf-8"?>
<testsuite failures="0" name="apt_install_fail" skipped="0" tests="1" time="4.96" timestamp="2022-03-21T17:00:15">
	<testcase classname="AptPluginInstallFail" name="apt_install_fail"/>
</testsuite>
