<?xml version="1.0" encoding="utf-8"?>
<testsuite failures="0" name="apt_prepare" skipped="0" tests="1" time="8.05" timestamp="2022-02-15T15:48:14">
	<testcase classname="AptPluginPrepare" name="apt_prepare"/>
</testsuite>
