<?xml version="1.0" encoding="utf-8"?>
<testsuite failures="0" name="apt_list_format" skipped="0" tests="1" time="1.73" timestamp="2022-02-07T14:12:56">
	<testcase classname="AptPluginListFormat" name="apt_list_format"/>
</testsuite>
