<?xml version="1.0" encoding="utf-8"?>
<testsuite failures="0" name="apt_wrong_option" skipped="0" tests="1" time="0.26" timestamp="2022-03-15T18:03:49">
	<testcase classname="AptPluginWrongOption" name="apt_wrong_option"/>
</testsuite>
