<?xml version="1.0" encoding="utf-8"?>
<testsuite failures="0" name="apt_remove_fail" skipped="0" tests="1" time="5.01" timestamp="2022-04-04T08:35:32">
	<testcase classname="AptPluginRemoveFails" name="apt_remove_fail"/>
</testsuite>
