<?xml version="1.0" encoding="utf-8"?>
<testsuite failures="1" name="SoftwareManagement.sm_apt_install_remove_default" skipped="0" tests="1" time="93.39" timestamp="2022-02-09T14:57:14">
	<testcase classname="PySysTest" name="SoftwareManagement.sm_apt_install_remove_default">
		<failure message="FAILED: Assert that (False == value) with value=True" type="FAILED"/>
		<system-out>15:55:40 INFO  ==============================================================
15:55:40 INFO  Id:    SoftwareManagement.sm_apt_install_remove_default
15:55:40 INFO  Dir:   software_management_end_to_end/
15:55:40 INFO  Title: Validate end to end behaviour for the default plugin for installation and removal of packages
15:55:40 DEBUG Execution order hint: 0.0
15:55:40 INFO  ==============================================================
15:55:40 INFO  Using sw id database: {'asciijump': '5475369', 'robotfindskitten': '5474869', 'squirrel3': '5475279', 'rolldice': '5152439', 'moon-buggy': '5439204', 'apple': '5495053', 'banana': '5494888', 'cherry': '5495382', 'watermelon': '5494510', 'registry': '8018911', 'hello-world': '8021526', 'docker/getting-started': '8021973', 'alpine': '7991792'}
15:55:40 DEBUG EnvironmentC8y Setup
15:55:40 INFO  EnvironmentC8y Setup
15:55:40 DEBUG Process parameters for systemctl&lt;serv_mapper1&gt;
  command line : /usr/bin/systemctl status tedge-mapper-c8y
    arg #1     : status
    arg #2     : tedge-mapper-c8y
  working dir  : /home/pi/actions-runner/_work/thin-edge.io/thin-edge.io/tests/PySys/software_management_end_to_end/sm_apt_install_remove_default/Output/linux
  stdout       : /home/pi/actions-runner/_work/thin-edge.io/thin-edge.io/tests/PySys/software_management_end_to_end/sm_apt_install_remove_default/Output/linux/serv_mapper1.out
  stderr       : /home/pi/actions-runner/_work/thin-edge.io/thin-edge.io/tests/PySys/software_management_end_to_end/sm_apt_install_remove_default/Output/linux/serv_mapper1.err
  environment  : LD_LIBRARY_PATH=/usr/lib
  environment  : PATH=/bin:/usr/bin:/usr/sbin:/usr/local/bin
                   #1  /bin
                   #2  /usr/bin
                   #3  /usr/sbin
                   #4  /usr/local/bin
15:55:40 DEBUG Waiting up to 600 secs for process systemctl&lt;serv_mapper1&gt; (pid 30742)
15:55:40 INFO  Executed systemctl&lt;serv_mapper1&gt;, exit status 3
15:55:40 INFO  Restarting mosquitto too frequently in the last 10 seconds. It was only up for 4 seconds
15:55:40 INFO  Delaying execution by 7 seconds
15:55:47 DEBUG Process parameters for sudo&lt;tedge_connect_c8y&gt;
  command line : /usr/bin/sudo /usr/bin/tedge connect c8y
    arg #1     : /usr/bin/tedge
    arg #2     : connect
    arg #3     : c8y
  working dir  : /home/pi/actions-runner/_work/thin-edge.io/thin-edge.io/tests/PySys/software_management_end_to_end/sm_apt_install_remove_default/Output/linux
  stdout       : /home/pi/actions-runner/_work/thin-edge.io/thin-edge.io/tests/PySys/software_management_end_to_end/sm_apt_install_remove_default/Output/linux/tedge_connect_c8y.out
  stderr       : /home/pi/actions-runner/_work/thin-edge.io/thin-edge.io/tests/PySys/software_management_end_to_end/sm_apt_install_remove_default/Output/linux/tedge_connect_c8y.err
  environment  : LD_LIBRARY_PATH=/usr/lib
  environment  : PATH=/bin:/usr/bin:/usr/sbin:/usr/local/bin
                   #1  /bin
                   #2  /usr/bin
                   #3  /usr/sbin
                   #4  /usr/local/bin
15:55:47 DEBUG Waiting up to 600 secs for process sudo&lt;tedge_connect_c8y&gt; (pid 30746)
15:55:59 INFO  Executed sudo&lt;tedge_connect_c8y&gt;, exit status 0, duration 11 secs
15:55:59 DEBUG Process parameters for sudo&lt;tedge_connect_c8y_test&gt;
  command line : /usr/bin/sudo /usr/bin/tedge connect c8y --test
    arg #1     : /usr/bin/tedge
    arg #2     : connect
    arg #3     : c8y
    arg #4     : --test
  working dir  : /home/pi/actions-runner/_work/thin-edge.io/thin-edge.io/tests/PySys/software_management_end_to_end/sm_apt_install_remove_default/Output/linux
  stdout       : /home/pi/actions-runner/_work/thin-edge.io/thin-edge.io/tests/PySys/software_management_end_to_end/sm_apt_install_remove_default/Output/linux/tedge_connect_c8y_test.out
  stderr       : /home/pi/actions-runner/_work/thin-edge.io/thin-edge.io/tests/PySys/software_management_end_to_end/sm_apt_install_remove_default/Output/linux/tedge_connect_c8y_test.err
  environment  : LD_LIBRARY_PATH=/usr/lib
  environment  : PATH=/bin:/usr/bin:/usr/sbin:/usr/local/bin
                   #1  /bin
                   #2  /usr/bin
                   #3  /usr/sbin
                   #4  /usr/local/bin
15:55:59 DEBUG Waiting up to 600 secs for process sudo&lt;tedge_connect_c8y_test&gt; (pid 30905)
15:55:59 INFO  Executed sudo&lt;tedge_connect_c8y_test&gt;, exit status 0
15:55:59 DEBUG Process parameters for systemctl&lt;serv_mosq2&gt;
  command line : /usr/bin/systemctl status mosquitto
    arg #1     : status
    arg #2     : mosquitto
  working dir  : /home/pi/actions-runner/_work/thin-edge.io/thin-edge.io/tests/PySys/software_management_end_to_end/sm_apt_install_remove_default/Output/linux
  stdout       : /home/pi/actions-runner/_work/thin-edge.io/thin-edge.io/tests/PySys/software_management_end_to_end/sm_apt_install_remove_default/Output/linux/serv_mosq2.out
  stderr       : /home/pi/actions-runner/_work/thin-edge.io/thin-edge.io/tests/PySys/software_management_end_to_end/sm_apt_install_remove_default/Output/linux/serv_mosq2.err
  environment  : LD_LIBRARY_PATH=/usr/lib
  environment  : PATH=/bin:/usr/bin:/usr/sbin:/usr/local/bin
                   #1  /bin
                   #2  /usr/bin
                   #3  /usr/sbin
                   #4  /usr/local/bin
15:55:59 DEBUG Waiting up to 600 secs for process systemctl&lt;serv_mosq2&gt; (pid 30908)
15:55:59 INFO  Executed systemctl&lt;serv_mosq2&gt;, exit status 0
15:55:59 DEBUG Process parameters for systemctl&lt;serv_mapper3&gt;
  command line : /usr/bin/systemctl status tedge-mapper-c8y
    arg #1     : status
    arg #2     : tedge-mapper-c8y
  working dir  : /home/pi/actions-runner/_work/thin-edge.io/thin-edge.io/tests/PySys/software_management_end_to_end/sm_apt_install_remove_default/Output/linux
  stdout       : /home/pi/actions-runner/_work/thin-edge.io/thin-edge.io/tests/PySys/software_management_end_to_end/sm_apt_install_remove_default/Output/linux/serv_mapper3.out
  stderr       : /home/pi/actions-runner/_work/thin-edge.io/thin-edge.io/tests/PySys/software_management_end_to_end/sm_apt_install_remove_default/Output/linux/serv_mapper3.err
  environment  : LD_LIBRARY_PATH=/usr/lib
  environment  : PATH=/bin:/usr/bin:/usr/sbin:/usr/local/bin
                   #1  /bin
                   #2  /usr/bin
                   #3  /usr/sbin
                   #4  /usr/local/bin
15:55:59 DEBUG Waiting up to 600 secs for process systemctl&lt;serv_mapper3&gt; (pid 30915)
15:55:59 INFO  Executed systemctl&lt;serv_mapper3&gt;, exit status 0
15:56:02 DEBUG Final URL of the request: https://thin-edge-io.eu-latest.cumulocity.com/devicecontrol/operations?deviceId=14004576&amp;pageSize=1&amp;revert=true&amp;dateFrom=1970-01-01T00%3A00%3A00.000Z
15:56:02 INFO  State of current operation: FAILED
15:56:02 DEBUG Final URL of the request: https://thin-edge-io.eu-latest.cumulocity.com/devicecontrol/operations?deviceId=14004576&amp;pageSize=1&amp;revert=true&amp;dateFrom=1970-01-01T00%3A00%3A00.000Z
15:56:02 DEBUG State of current operation: {
    &quot;delivery&quot;: {
        &quot;time&quot;: &quot;2022-02-09T14:54:41.029Z&quot;,
        &quot;log&quot;: [
            {
                &quot;time&quot;: &quot;2022-02-09T14:54:40.978Z&quot;,
                &quot;status&quot;: &quot;PENDING&quot;
            },
            {
                &quot;time&quot;: &quot;2022-02-09T14:54:40.999Z&quot;,
                &quot;status&quot;: &quot;SEND&quot;
            }
        ],
        &quot;status&quot;: &quot;DELIVERED&quot;
    },
    &quot;creationTime&quot;: &quot;2022-02-09T14:54:40.951Z&quot;,
    &quot;deviceId&quot;: &quot;14004576&quot;,
    &quot;deviceName&quot;: &quot;octocatrpi3&quot;,
    &quot;failureReason&quot;: &quot;1 error, see device log file /var/log/tedge/agent/software-update-2022-02-09T14:54:42Z.log&quot;,
    &quot;self&quot;: &quot;https://t493319102.eu-latest.cumulocity.com/devicecontrol/operations/14019310&quot;,
    &quot;id&quot;: &quot;14019310&quot;,
    &quot;status&quot;: &quot;FAILED&quot;,
    &quot;description&quot;: &quot;Apply software changes, triggered from PySys: [{'name': 'does_not_exist', 'id': '5446165', 'version': '::apt', 'url': '', 'action': 'install'}]&quot;,
    &quot;c8y_SoftwareUpdate&quot;: [
        {
            &quot;name&quot;: &quot;does_not_exist&quot;,
            &quot;action&quot;: &quot;install&quot;,
            &quot;id&quot;: &quot;5446165&quot;,
            &quot;version&quot;: &quot;::apt&quot;,
            &quot;url&quot;: &quot;&quot;
        }
    ]
}
15:56:02 INFO  Package rolldice is installed
15:56:02 WARN  Assert that (False == value) with value=True ... failed 
15:56:02 DEBUG --- test execute
15:56:02 INFO  Response status: 201
15:56:02 INFO  Response to action: {
    &quot;creationTime&quot;: &quot;2022-02-09T14:56:02.479Z&quot;,
    &quot;deviceId&quot;: &quot;14004576&quot;,
    &quot;deviceName&quot;: &quot;octocatrpi3&quot;,
    &quot;self&quot;: &quot;https://t493319102.eu-latest.cumulocity.com/devicecontrol/operations/14019312&quot;,
    &quot;id&quot;: &quot;14019312&quot;,
    &quot;status&quot;: &quot;PENDING&quot;,
    &quot;description&quot;: &quot;Apply software changes, triggered from PySys: [{'name': 'rolldice', 'id': '5152439', 'version': ' ', 'url': '', 'action': 'install'}]&quot;,
    &quot;c8y_SoftwareUpdate&quot;: [
        {
            &quot;name&quot;: &quot;rolldice&quot;,
            &quot;action&quot;: &quot;install&quot;,
            &quot;id&quot;: &quot;5152439&quot;,
            &quot;version&quot;: &quot; &quot;,
            &quot;url&quot;: &quot;&quot;
        }
    ]
}
15:56:02 INFO  Started operation: {'creationTime': '2022-02-09T14:56:02.479Z', 'deviceId': '14004576', 'deviceName': 'octocatrpi3', 'self': 'https://t493319102.eu-latest.cumulocity.com/devicecontrol/operations/14019312', 'id': '14019312', 'status': 'PENDING', 'description': &quot;Apply software changes, triggered from PySys: [{'name': 'rolldice', 'id': '5152439', 'version': ' ', 'url': '', 'action': 'install'}]&quot;, 'c8y_SoftwareUpdate': [{'name': 'rolldice', 'action': 'install', 'id': '5152439', 'version': ' ', 'url': ''}]}
15:56:04 INFO  State of operation 14019312 : EXECUTING
15:56:06 INFO  State of operation 14019312 : EXECUTING
15:56:08 INFO  State of operation 14019312 : EXECUTING
15:56:11 INFO  State of operation 14019312 : EXECUTING
15:56:13 INFO  State of operation 14019312 : EXECUTING
15:56:15 INFO  State of operation 14019312 : EXECUTING
15:56:17 INFO  State of operation 14019312 : SUCCESSFUL
15:56:17 INFO  Package rolldice is installed
15:56:17 INFO  Assert that (True == value) with value=True ... passed
15:56:17 INFO  Response status: 201
15:56:17 INFO  Response to action: {
    &quot;creationTime&quot;: &quot;2022-02-09T14:56:17.816Z&quot;,
    &quot;deviceId&quot;: &quot;14004576&quot;,
    &quot;deviceName&quot;: &quot;octocatrpi3&quot;,
    &quot;self&quot;: &quot;https://t493319102.eu-latest.cumulocity.com/devicecontrol/operations/14019314&quot;,
    &quot;id&quot;: &quot;14019314&quot;,
    &quot;status&quot;: &quot;PENDING&quot;,
    &quot;description&quot;: &quot;Apply software changes, triggered from PySys: [{'name': 'rolldice', 'id': '5152439', 'version': ' ', 'url': '', 'action': 'delete'}]&quot;,
    &quot;c8y_SoftwareUpdate&quot;: [
        {
            &quot;name&quot;: &quot;rolldice&quot;,
            &quot;action&quot;: &quot;delete&quot;,
            &quot;id&quot;: &quot;5152439&quot;,
            &quot;version&quot;: &quot; &quot;,
            &quot;url&quot;: &quot;&quot;
        }
    ]
}
15:56:17 INFO  Started operation: {'creationTime': '2022-02-09T14:56:17.816Z', 'deviceId': '14004576', 'deviceName': 'octocatrpi3', 'self': 'https://t493319102.eu-latest.cumulocity.com/devicecontrol/operations/14019314', 'id': '14019314', 'status': 'PENDING', 'description': &quot;Apply software changes, triggered from PySys: [{'name': 'rolldice', 'id': '5152439', 'version': ' ', 'url': '', 'action': 'delete'}]&quot;, 'c8y_SoftwareUpdate': [{'name': 'rolldice', 'action': 'delete', 'id': '5152439', 'version': ' ', 'url': ''}]}
15:56:20 INFO  State of operation 14019314 : EXECUTING
15:56:22 INFO  State of operation 14019314 : EXECUTING
15:56:24 INFO  State of operation 14019314 : EXECUTING
15:56:26 INFO  State of operation 14019314 : EXECUTING
15:56:28 INFO  State of operation 14019314 : EXECUTING
15:56:30 INFO  State of operation 14019314 : EXECUTING
15:56:32 INFO  State of operation 14019314 : EXECUTING
15:56:35 INFO  State of operation 14019314 : EXECUTING
15:56:37 INFO  State of operation 14019314 : EXECUTING
15:56:39 INFO  State of operation 14019314 : EXECUTING
15:56:41 INFO  State of operation 14019314 : EXECUTING
15:56:43 INFO  State of operation 14019314 : EXECUTING
15:56:45 INFO  State of operation 14019314 : EXECUTING
15:56:47 INFO  State of operation 14019314 : EXECUTING
15:56:50 INFO  State of operation 14019314 : EXECUTING
15:56:52 INFO  State of operation 14019314 : EXECUTING
15:56:54 INFO  State of operation 14019314 : EXECUTING
15:56:56 INFO  State of operation 14019314 : EXECUTING
15:56:58 INFO  State of operation 14019314 : EXECUTING
15:57:00 INFO  State of operation 14019314 : EXECUTING
15:57:03 INFO  State of operation 14019314 : EXECUTING
15:57:06 INFO  State of operation 14019314 : EXECUTING
15:57:08 INFO  State of operation 14019314 : EXECUTING
15:57:10 INFO  State of operation 14019314 : SUCCESSFUL
15:57:10 DEBUG --- test validate
15:57:10 INFO  Assert that (False == value) with value=False ... passed
15:57:10 DEBUG --- test cleanup
15:57:10 INFO  
15:57:10 INFO  cleanup:
15:57:10 DEBUG Running registered cleanup function: &lt;bound method SoftwareManagement.mysmcleanup of &lt;PySysTest object at 0x752fb470&gt;&gt;
15:57:10 DEBUG Running registered cleanup function: &lt;bound method EnvironmentC8y.myenvcleanup of &lt;PySysTest object at 0x752fb470&gt;&gt;
15:57:10 DEBUG EnvironmentC8y Cleanup
15:57:10 DEBUG Process parameters for sudo&lt;tedge_disconnect_c8y&gt;
  command line : /usr/bin/sudo /usr/bin/tedge disconnect c8y
    arg #1     : /usr/bin/tedge
    arg #2     : disconnect
    arg #3     : c8y
  working dir  : /home/pi/actions-runner/_work/thin-edge.io/thin-edge.io/tests/PySys/software_management_end_to_end/sm_apt_install_remove_default/Output/linux
  stdout       : /home/pi/actions-runner/_work/thin-edge.io/thin-edge.io/tests/PySys/software_management_end_to_end/sm_apt_install_remove_default/Output/linux/tedge_disconnect_c8y.out
  stderr       : /home/pi/actions-runner/_work/thin-edge.io/thin-edge.io/tests/PySys/software_management_end_to_end/sm_apt_install_remove_default/Output/linux/tedge_disconnect_c8y.err
  environment  : LD_LIBRARY_PATH=/usr/lib
  environment  : PATH=/bin:/usr/bin:/usr/sbin:/usr/local/bin
                   #1  /bin
                   #2  /usr/bin
                   #3  /usr/sbin
                   #4  /usr/local/bin
15:57:10 DEBUG Waiting up to 600 secs for process sudo&lt;tedge_disconnect_c8y&gt; (pid 31400)
15:57:13 INFO  Executed sudo&lt;tedge_disconnect_c8y&gt;, exit status 0
15:57:13 DEBUG Process parameters for systemctl&lt;serv_mapper5&gt;
  command line : /usr/bin/systemctl status tedge-mapper-c8y
    arg #1     : status
    arg #2     : tedge-mapper-c8y
  working dir  : /home/pi/actions-runner/_work/thin-edge.io/thin-edge.io/tests/PySys/software_management_end_to_end/sm_apt_install_remove_default/Output/linux
  stdout       : /home/pi/actions-runner/_work/thin-edge.io/thin-edge.io/tests/PySys/software_management_end_to_end/sm_apt_install_remove_default/Output/linux/serv_mapper5.out
  stderr       : /home/pi/actions-runner/_work/thin-edge.io/thin-edge.io/tests/PySys/software_management_end_to_end/sm_apt_install_remove_default/Output/linux/serv_mapper5.err
  environment  : LD_LIBRARY_PATH=/usr/lib
  environment  : PATH=/bin:/usr/bin:/usr/sbin:/usr/local/bin
                   #1  /bin
                   #2  /usr/bin
                   #3  /usr/sbin
                   #4  /usr/local/bin
15:57:13 DEBUG Waiting up to 600 secs for process systemctl&lt;serv_mapper5&gt; (pid 31457)
15:57:14 INFO  Executed systemctl&lt;serv_mapper5&gt;, exit status 3
15:57:14 DEBUG ProcessUser cleanup function done.
15:57:14 INFO  
15:57:14 INFO  Test duration: 93.39 secs
15:57:14 INFO  Test final outcome:  FAILED
15:57:14 INFO  Test outcome reason: Assert that (False == value) with value=True
15:57:14 INFO  
</system-out>
	</testcase>
</testsuite>
