<?xml version="1.0" encoding="utf-8"?>
<testsuite failures="0" name="apt_remove_fail" skipped="0" tests="1" time="4.56" timestamp="2022-02-15T15:50:07">
	<testcase classname="AptPluginRemoveFails" name="apt_remove_fail"/>
</testsuite>
