<?xml version="1.0" encoding="utf-8"?>
<testsuite failures="1" name="apt_wrong_option" skipped="0" tests="1" time="0.41" timestamp="2022-03-03T11:20:30">
	<testcase classname="AptPluginWrongOption" name="apt_wrong_option">
		<failure message="BLOCKED: sudo&lt;outp&gt; returned exit code 2 (expected ==1)" type="BLOCKED"/>
		<system-out>12:20:29 INFO  ==============================================================
12:20:29 INFO  Id:    apt_wrong_option
12:20:29 INFO  Dir:   plugin_apt/
12:20:29 INFO  Title: Validate apt plugin install
12:20:29 DEBUG Execution order hint: 0.0
12:20:29 INFO  ==============================================================
12:20:29 DEBUG --- test execute
12:20:29 DEBUG Process parameters for sudo&lt;outp&gt;
  command line : /usr/bin/sudo /etc/tedge/sm-plugins/apt nonsense
    arg #1     : /etc/tedge/sm-plugins/apt
    arg #2     : nonsense
  working dir  : /home/pi/actions-runner/_work/thin-edge.io/thin-edge.io/tests/PySys/plugin_apt/apt_wrong_option/Output/linux
  stdout       : /home/pi/actions-runner/_work/thin-edge.io/thin-edge.io/tests/PySys/plugin_apt/apt_wrong_option/Output/linux/outp.out
  stderr       : /home/pi/actions-runner/_work/thin-edge.io/thin-edge.io/tests/PySys/plugin_apt/apt_wrong_option/Output/linux/outp.err
  environment  : LD_LIBRARY_PATH=/usr/lib
  environment  : PATH=/bin:/usr/bin:/usr/sbin:/usr/local/bin
                   #1  /bin
                   #2  /usr/bin
                   #3  /usr/sbin
                   #4  /usr/local/bin
12:20:29 DEBUG Waiting up to 600 secs for process sudo&lt;outp&gt; (pid 5809)
12:20:30 WARN  Executed sudo&lt;outp&gt;, exit status 2
12:20:30 DEBUG Opening file using encoding=UTF-8: /home/pi/actions-runner/_work/thin-edge.io/thin-edge.io/tests/PySys/plugin_apt/apt_wrong_option/Output/linux/outp.err
12:20:30 INFO  Contents of outp.err: 
12:20:30 INFO    error: Found argument 'nonsense' which wasn't expected, or isn't valid in this context
12:20:30 INFO    USAGE:
12:20:30 INFO        apt &lt;SUBCOMMAND&gt;
12:20:30 INFO    For more information try --help
12:20:30 INFO    -----
12:20:30 INFO  
12:20:30 WARN  sudo&lt;outp&gt; returned exit code 2 (expected ==1) ... blocked [environment_apt_plugin.py:70,run.py:17]
12:20:30 WARN  Aborted test due to BLOCKED outcome
12:20:30 DEBUG --- test cleanup
12:20:30 DEBUG ProcessUser cleanup function done.
12:20:30 INFO  
12:20:30 INFO  Test duration: 0.41 secs
12:20:30 INFO  Test final outcome:  BLOCKED
12:20:30 INFO  Test outcome reason: sudo&lt;outp&gt; returned exit code 2 (expected ==1)
12:20:30 INFO  
</system-out>
	</testcase>
</testsuite>
