<?xml version="1.0" encoding="utf-8"?>
<testsuite failures="0" name="apt_install" skipped="0" tests="1" time="44.48" timestamp="2022-03-21T17:00:10">
	<testcase classname="AptPluginInstallDense" name="apt_install"/>
</testsuite>
