<?xml version="1.0" encoding="utf-8"?>
<testsuite failures="0" name="publish_sawmill_record_statistics" skipped="0" tests="1" time="90.63">
	<testcase classname="PublishSawmillRecordStatistics" name="publish_sawmill_record_statistics"/>
</testsuite>
