<?xml version="1.0" encoding="utf-8"?>
<testsuite failures="0" name="apt_install" skipped="0" tests="1" time="66.29" timestamp="2022-05-09T07:20:21">
	<testcase classname="AptPluginInstallDense" name="apt_install"/>
</testsuite>
