<?xml version="1.0" encoding="utf-8"?>
<testsuite failures="1" name="SoftwareManagement.sm_apt_install_remove_multiple" skipped="0" tests="1" time="183.71" timestamp="2022-05-23T10:00:20">
	<testcase classname="PySysTest" name="SoftwareManagement.sm_apt_install_remove_multiple">
		<failure message="FAILED: Assert that (False == value) with value=True" type="FAILED"/>
		<system-out>09:57:16 INFO  ==============================================================
09:57:16 INFO  Id:    SoftwareManagement.sm_apt_install_remove_multiple
09:57:16 INFO  Dir:   software_management_end_to_end/
09:57:16 INFO  Title: Validate end to end behaviour for the apt plugin for multiple packages
09:57:16 INFO  ==============================================================
09:57:16 INFO  Using sw id database: {'asciijump': '5475369', 'robotfindskitten': '5474869', 'squirrel3': '5475279', 'rolldice': '5152439', 'moon-buggy': '5439204', 'apple': '5495053', 'banana': '5494888', 'cherry': '5495382', 'watermelon': '5494510', 'registry': '8018911', 'hello-world': '8021526', 'docker/getting-started': '8021973', 'alpine': '7991792'}
09:57:16 INFO  EnvironmentC8y Setup
09:57:17 INFO  Executed systemctl&lt;serv_mapper1&gt;, exit status 3
09:57:17 INFO  Restarting mosquitto too frequently in the last 10 seconds. It was only up for 5 seconds
09:57:17 INFO  Delaying execution by 6 seconds
09:57:38 INFO  Executed sudo&lt;tedge_connect_c8y&gt;, exit status 0, duration 14 secs
09:57:38 INFO  Executed sudo&lt;tedge_connect_c8y_test&gt;, exit status 0
09:57:39 INFO  Executed systemctl&lt;serv_mosq2&gt;, exit status 0
09:57:39 INFO  Executed systemctl&lt;serv_mapper3&gt;, exit status 0
09:57:42 INFO  State of current operation: SUCCESSFUL
09:57:42 INFO  Assert that (False == value) with value=False ... passed
09:57:42 INFO  Assert that (False == value) with value=False ... passed
09:57:42 INFO  Assert that (False == value) with value=False ... passed
09:57:43 INFO  Package robotfindskitten is installed
09:57:43 WARN  Assert that (False == value) with value=True ... failed 
09:57:43 INFO  Response status: 201
09:57:43 INFO  Response to action: {
    &quot;delivery&quot;: {
        &quot;log&quot;: [],
        &quot;time&quot;: &quot;2022-05-23T09:57:43.343Z&quot;,
        &quot;status&quot;: &quot;PENDING&quot;
    },
    &quot;creationTime&quot;: &quot;2022-05-23T09:57:43.302Z&quot;,
    &quot;deviceId&quot;: &quot;19484862&quot;,
    &quot;deviceName&quot;: &quot;mythicb&quot;,
    &quot;self&quot;: &quot;https://t493319102.eu-latest.cumulocity.com/devicecontrol/operations/19508362&quot;,
    &quot;id&quot;: &quot;19508362&quot;,
    &quot;status&quot;: &quot;PENDING&quot;,
    &quot;description&quot;: &quot;Apply software changes, triggered from PySys: [{'action': 'install', 'id': '5475369', 'name': 'asciijump', 'url': ' ', 'version': '::apt'}, {'action': 'install', 'id': '5474869', 'name': 'robotfindskitten', 'url': ' ', 'version': '::apt'}, {'action': 'install', 'id': '5475279', 'name': 'squirrel3', 'url': ' ', 'version': '::apt'}]&quot;,
    &quot;c8y_SoftwareUpdate&quot;: [
        {
            &quot;name&quot;: &quot;asciijump&quot;,
            &quot;action&quot;: &quot;install&quot;,
            &quot;id&quot;: &quot;5475369&quot;,
            &quot;version&quot;: &quot;::apt&quot;,
            &quot;url&quot;: &quot; &quot;
        },
        {
            &quot;name&quot;: &quot;robotfindskitten&quot;,
            &quot;action&quot;: &quot;install&quot;,
            &quot;id&quot;: &quot;5474869&quot;,
            &quot;version&quot;: &quot;::apt&quot;,
            &quot;url&quot;: &quot; &quot;
        },
        {
            &quot;name&quot;: &quot;squirrel3&quot;,
            &quot;action&quot;: &quot;install&quot;,
            &quot;id&quot;: &quot;5475279&quot;,
            &quot;version&quot;: &quot;::apt&quot;,
            &quot;url&quot;: &quot; &quot;
        }
    ]
}
09:57:43 INFO  Started operation: {'delivery': {'log': [], 'time': '2022-05-23T09:57:43.343Z', 'status': 'PENDING'}, 'creationTime': '2022-05-23T09:57:43.302Z', 'deviceId': '19484862', 'deviceName': 'mythicb', 'self': 'https://t493319102.eu-latest.cumulocity.com/devicecontrol/operations/19508362', 'id': '19508362', 'status': 'PENDING', 'description': &quot;Apply software changes, triggered from PySys: [{'action': 'install', 'id': '5475369', 'name': 'asciijump', 'url': ' ', 'version': '::apt'}, {'action': 'install', 'id': '5474869', 'name': 'robotfindskitten', 'url': ' ', 'version': '::apt'}, {'action': 'install', 'id': '5475279', 'name': 'squirrel3', 'url': ' ', 'version': '::apt'}]&quot;, 'c8y_SoftwareUpdate': [{'name': 'asciijump', 'action': 'install', 'id': '5475369', 'version': '::apt', 'url': ' '}, {'name': 'robotfindskitten', 'action': 'install', 'id': '5474869', 'version': '::apt', 'url': ' '}, {'name': 'squirrel3', 'action': 'install', 'id': '5475279', 'version': '::apt', 'url': ' '}]}
09:57:45 INFO  State of operation 19508362 : PENDING
09:57:47 INFO  State of operation 19508362 : EXECUTING
09:57:50 INFO  State of operation 19508362 : EXECUTING
09:57:52 INFO  State of operation 19508362 : EXECUTING
09:57:54 INFO  State of operation 19508362 : EXECUTING
09:57:56 INFO  State of operation 19508362 : EXECUTING
09:57:59 INFO  State of operation 19508362 : EXECUTING
09:58:02 INFO  State of operation 19508362 : EXECUTING
09:58:04 INFO  State of operation 19508362 : EXECUTING
09:58:07 INFO  State of operation 19508362 : EXECUTING
09:58:09 INFO  State of operation 19508362 : EXECUTING
09:58:11 INFO  State of operation 19508362 : EXECUTING
09:58:13 INFO  State of operation 19508362 : EXECUTING
09:58:16 INFO  State of operation 19508362 : EXECUTING
09:58:18 INFO  State of operation 19508362 : EXECUTING
09:58:20 INFO  State of operation 19508362 : EXECUTING
09:58:23 INFO  State of operation 19508362 : EXECUTING
09:58:25 INFO  State of operation 19508362 : EXECUTING
09:58:28 INFO  State of operation 19508362 : EXECUTING
09:58:30 INFO  State of operation 19508362 : EXECUTING
09:58:32 INFO  State of operation 19508362 : EXECUTING
09:58:35 INFO  State of operation 19508362 : EXECUTING
09:58:37 INFO  State of operation 19508362 : EXECUTING
09:58:39 INFO  State of operation 19508362 : EXECUTING
09:58:42 INFO  State of operation 19508362 : EXECUTING
09:58:45 INFO  State of operation 19508362 : EXECUTING
09:58:47 INFO  State of operation 19508362 : EXECUTING
09:58:50 INFO  State of operation 19508362 : EXECUTING
09:58:52 INFO  State of operation 19508362 : EXECUTING
09:58:55 INFO  State of operation 19508362 : EXECUTING
09:58:57 INFO  State of operation 19508362 : EXECUTING
09:58:59 INFO  State of operation 19508362 : EXECUTING
09:59:02 INFO  State of operation 19508362 : EXECUTING
09:59:04 INFO  State of operation 19508362 : EXECUTING
09:59:06 INFO  State of operation 19508362 : SUCCESSFUL
09:59:06 INFO  Assert that (False == value) with value=False ... passed
09:59:07 INFO  Package asciijump is installed
09:59:07 INFO  Assert that (True == value) with value=True ... passed
09:59:07 INFO  Package squirrel3 is installed
09:59:07 INFO  Assert that (True == value) with value=True ... passed
09:59:07 INFO  Package robotfindskitten is installed
09:59:07 INFO  Assert that (True == value) with value=True ... passed
09:59:07 INFO  Response status: 201
09:59:07 INFO  Response to action: {
    &quot;delivery&quot;: {
        &quot;log&quot;: [],
        &quot;time&quot;: &quot;2022-05-23T09:59:07.729Z&quot;,
        &quot;status&quot;: &quot;PENDING&quot;
    },
    &quot;creationTime&quot;: &quot;2022-05-23T09:59:07.709Z&quot;,
    &quot;deviceId&quot;: &quot;19484862&quot;,
    &quot;deviceName&quot;: &quot;mythicb&quot;,
    &quot;self&quot;: &quot;https://t493319102.eu-latest.cumulocity.com/devicecontrol/operations/19508378&quot;,
    &quot;id&quot;: &quot;19508378&quot;,
    &quot;status&quot;: &quot;PENDING&quot;,
    &quot;description&quot;: &quot;Apply software changes, triggered from PySys: [{'action': 'delete', 'id': '5475369', 'name': 'asciijump', 'url': ' ', 'version': '::apt'}, {'action': 'delete', 'id': '5474869', 'name': 'robotfindskitten', 'url': ' ', 'version': '::apt'}, {'action': 'delete', 'id': '5475279', 'name': 'squirrel3', 'url': ' ', 'version': '::apt'}]&quot;,
    &quot;c8y_SoftwareUpdate&quot;: [
        {
            &quot;name&quot;: &quot;asciijump&quot;,
            &quot;action&quot;: &quot;delete&quot;,
            &quot;id&quot;: &quot;5475369&quot;,
            &quot;version&quot;: &quot;::apt&quot;,
            &quot;url&quot;: &quot; &quot;
        },
        {
            &quot;name&quot;: &quot;robotfindskitten&quot;,
            &quot;action&quot;: &quot;delete&quot;,
            &quot;id&quot;: &quot;5474869&quot;,
            &quot;version&quot;: &quot;::apt&quot;,
            &quot;url&quot;: &quot; &quot;
        },
        {
            &quot;name&quot;: &quot;squirrel3&quot;,
            &quot;action&quot;: &quot;delete&quot;,
            &quot;id&quot;: &quot;5475279&quot;,
            &quot;version&quot;: &quot;::apt&quot;,
            &quot;url&quot;: &quot; &quot;
        }
    ]
}
09:59:07 INFO  Started operation: {'delivery': {'log': [], 'time': '2022-05-23T09:59:07.729Z', 'status': 'PENDING'}, 'creationTime': '2022-05-23T09:59:07.709Z', 'deviceId': '19484862', 'deviceName': 'mythicb', 'self': 'https://t493319102.eu-latest.cumulocity.com/devicecontrol/operations/19508378', 'id': '19508378', 'status': 'PENDING', 'description': &quot;Apply software changes, triggered from PySys: [{'action': 'delete', 'id': '5475369', 'name': 'asciijump', 'url': ' ', 'version': '::apt'}, {'action': 'delete', 'id': '5474869', 'name': 'robotfindskitten', 'url': ' ', 'version': '::apt'}, {'action': 'delete', 'id': '5475279', 'name': 'squirrel3', 'url': ' ', 'version': '::apt'}]&quot;, 'c8y_SoftwareUpdate': [{'name': 'asciijump', 'action': 'delete', 'id': '5475369', 'version': '::apt', 'url': ' '}, {'name': 'robotfindskitten', 'action': 'delete', 'id': '5474869', 'version': '::apt', 'url': ' '}, {'name': 'squirrel3', 'action': 'delete', 'id': '5475279', 'version': '::apt', 'url': ' '}]}
09:59:10 INFO  State of operation 19508378 : PENDING
09:59:12 INFO  State of operation 19508378 : EXECUTING
09:59:14 INFO  State of operation 19508378 : EXECUTING
09:59:16 INFO  State of operation 19508378 : EXECUTING
09:59:18 INFO  State of operation 19508378 : EXECUTING
09:59:21 INFO  State of operation 19508378 : EXECUTING
09:59:24 INFO  State of operation 19508378 : EXECUTING
09:59:27 INFO  State of operation 19508378 : EXECUTING
09:59:30 INFO  State of operation 19508378 : EXECUTING
09:59:32 INFO  State of operation 19508378 : EXECUTING
09:59:34 INFO  State of operation 19508378 : EXECUTING
09:59:37 INFO  State of operation 19508378 : EXECUTING
09:59:39 INFO  State of operation 19508378 : EXECUTING
09:59:41 INFO  State of operation 19508378 : EXECUTING
09:59:43 INFO  State of operation 19508378 : EXECUTING
09:59:46 INFO  State of operation 19508378 : EXECUTING
09:59:48 INFO  State of operation 19508378 : EXECUTING
09:59:51 INFO  State of operation 19508378 : EXECUTING
09:59:53 INFO  State of operation 19508378 : EXECUTING
09:59:56 INFO  State of operation 19508378 : EXECUTING
09:59:58 INFO  State of operation 19508378 : EXECUTING
10:00:00 INFO  State of operation 19508378 : EXECUTING
10:00:02 INFO  State of operation 19508378 : EXECUTING
10:00:05 INFO  State of operation 19508378 : EXECUTING
10:00:08 INFO  State of operation 19508378 : EXECUTING
10:00:10 INFO  State of operation 19508378 : EXECUTING
10:00:12 INFO  State of operation 19508378 : EXECUTING
10:00:15 INFO  State of operation 19508378 : SUCCESSFUL
10:00:15 INFO  Assert that (False == value) with value=False ... passed
10:00:15 INFO  Assert that (False == value) with value=False ... passed
10:00:15 INFO  Assert that (False == value) with value=False ... passed
10:00:15 INFO  Assert that (False == value) with value=False ... passed
10:00:15 INFO  
10:00:15 INFO  cleanup:
10:00:19 INFO  Executed sudo&lt;tedge_disconnect_c8y&gt;, exit status 0
10:00:20 INFO  Executed systemctl&lt;serv_mapper5&gt;, exit status 3
10:00:20 INFO  
10:00:20 INFO  Test duration: 183.71 secs
10:00:20 INFO  Test final outcome:  FAILED
10:00:20 INFO  Test outcome reason: Assert that (False == value) with value=True
10:00:20 INFO  
</system-out>
	</testcase>
</testsuite>
