<?xml version="1.0" encoding="utf-8"?>
<testsuite failures="0" name="apt_prepare" skipped="0" tests="1" time="18.22" timestamp="2022-05-09T07:23:38">
	<testcase classname="AptPluginPrepare" name="apt_prepare"/>
</testsuite>
