<?xml version="1.0" encoding="utf-8"?>
<testsuite failures="1" name="SoftwareManagement.sm_apt_install_remove_multiple" skipped="0" tests="1" time="182.19" timestamp="2022-05-09T07:45:52">
	<testcase classname="PySysTest" name="SoftwareManagement.sm_apt_install_remove_multiple">
		<failure message="FAILED: Assert that (False == value) with value=True" type="FAILED"/>
		<system-out>07:42:50 INFO  ==============================================================
07:42:50 INFO  Id:    SoftwareManagement.sm_apt_install_remove_multiple
07:42:50 INFO  Dir:   software_management_end_to_end/
07:42:50 INFO  Title: Validate end to end behaviour for the apt plugin for multiple packages
07:42:50 INFO  ==============================================================
07:42:50 INFO  Using sw id database: {'asciijump': '5475369', 'robotfindskitten': '5474869', 'squirrel3': '5475279', 'rolldice': '5152439', 'moon-buggy': '5439204', 'apple': '5495053', 'banana': '5494888', 'cherry': '5495382', 'watermelon': '5494510', 'registry': '8018911', 'hello-world': '8021526', 'docker/getting-started': '8021973', 'alpine': '7991792'}
07:42:50 INFO  EnvironmentC8y Setup
07:42:51 INFO  Executed systemctl&lt;serv_mapper1&gt;, exit status 3
07:42:51 INFO  Restarting mosquitto too frequently in the last 10 seconds. It was only up for 5 seconds
07:42:51 INFO  Delaying execution by 6 seconds
07:43:11 INFO  Executed sudo&lt;tedge_connect_c8y&gt;, exit status 0, duration 14 secs
07:43:12 INFO  Executed sudo&lt;tedge_connect_c8y_test&gt;, exit status 0
07:43:12 INFO  Executed systemctl&lt;serv_mosq2&gt;, exit status 0
07:43:13 INFO  Executed systemctl&lt;serv_mapper3&gt;, exit status 0
07:43:15 INFO  State of current operation: SUCCESSFUL
07:43:15 INFO  Assert that (False == value) with value=False ... passed
07:43:15 INFO  Assert that (False == value) with value=False ... passed
07:43:16 INFO  Assert that (False == value) with value=False ... passed
07:43:16 INFO  Package robotfindskitten is installed
07:43:16 WARN  Assert that (False == value) with value=True ... failed 
07:43:16 INFO  Response status: 201
07:43:16 INFO  Response to action: {
    &quot;creationTime&quot;: &quot;2022-05-09T07:43:16.728Z&quot;,
    &quot;deviceName&quot;: &quot;mythicb&quot;,
    &quot;deviceId&quot;: &quot;18508457&quot;,
    &quot;self&quot;: &quot;https://t493319102.eu-latest.cumulocity.com/devicecontrol/operations/18523395&quot;,
    &quot;id&quot;: &quot;18523395&quot;,
    &quot;status&quot;: &quot;PENDING&quot;,
    &quot;description&quot;: &quot;Apply software changes, triggered from PySys: [{'action': 'install', 'id': '5475369', 'name': 'asciijump', 'url': ' ', 'version': '::apt'}, {'action': 'install', 'id': '5474869', 'name': 'robotfindskitten', 'url': ' ', 'version': '::apt'}, {'action': 'install', 'id': '5475279', 'name': 'squirrel3', 'url': ' ', 'version': '::apt'}]&quot;,
    &quot;c8y_SoftwareUpdate&quot;: [
        {
            &quot;name&quot;: &quot;asciijump&quot;,
            &quot;action&quot;: &quot;install&quot;,
            &quot;id&quot;: &quot;5475369&quot;,
            &quot;version&quot;: &quot;::apt&quot;,
            &quot;url&quot;: &quot; &quot;
        },
        {
            &quot;name&quot;: &quot;robotfindskitten&quot;,
            &quot;action&quot;: &quot;install&quot;,
            &quot;id&quot;: &quot;5474869&quot;,
            &quot;version&quot;: &quot;::apt&quot;,
            &quot;url&quot;: &quot; &quot;
        },
        {
            &quot;name&quot;: &quot;squirrel3&quot;,
            &quot;action&quot;: &quot;install&quot;,
            &quot;id&quot;: &quot;5475279&quot;,
            &quot;version&quot;: &quot;::apt&quot;,
            &quot;url&quot;: &quot; &quot;
        }
    ]
}
07:43:16 INFO  Started operation: {'creationTime': '2022-05-09T07:43:16.728Z', 'deviceName': 'mythicb', 'deviceId': '18508457', 'self': 'https://t493319102.eu-latest.cumulocity.com/devicecontrol/operations/18523395', 'id': '18523395', 'status': 'PENDING', 'description': &quot;Apply software changes, triggered from PySys: [{'action': 'install', 'id': '5475369', 'name': 'asciijump', 'url': ' ', 'version': '::apt'}, {'action': 'install', 'id': '5474869', 'name': 'robotfindskitten', 'url': ' ', 'version': '::apt'}, {'action': 'install', 'id': '5475279', 'name': 'squirrel3', 'url': ' ', 'version': '::apt'}]&quot;, 'c8y_SoftwareUpdate': [{'name': 'asciijump', 'action': 'install', 'id': '5475369', 'version': '::apt', 'url': ' '}, {'name': 'robotfindskitten', 'action': 'install', 'id': '5474869', 'version': '::apt', 'url': ' '}, {'name': 'squirrel3', 'action': 'install', 'id': '5475279', 'version': '::apt', 'url': ' '}]}
07:43:18 INFO  State of operation 18523395 : PENDING
07:43:21 INFO  State of operation 18523395 : EXECUTING
07:43:23 INFO  State of operation 18523395 : EXECUTING
07:43:25 INFO  State of operation 18523395 : EXECUTING
07:43:27 INFO  State of operation 18523395 : EXECUTING
07:43:30 INFO  State of operation 18523395 : EXECUTING
07:43:33 INFO  State of operation 18523395 : EXECUTING
07:43:35 INFO  State of operation 18523395 : EXECUTING
07:43:38 INFO  State of operation 18523395 : EXECUTING
07:43:40 INFO  State of operation 18523395 : EXECUTING
07:43:42 INFO  State of operation 18523395 : EXECUTING
07:43:45 INFO  State of operation 18523395 : EXECUTING
07:43:47 INFO  State of operation 18523395 : EXECUTING
07:43:49 INFO  State of operation 18523395 : EXECUTING
07:43:51 INFO  State of operation 18523395 : EXECUTING
07:43:54 INFO  State of operation 18523395 : EXECUTING
07:43:56 INFO  State of operation 18523395 : EXECUTING
07:43:59 INFO  State of operation 18523395 : EXECUTING
07:44:02 INFO  State of operation 18523395 : EXECUTING
07:44:04 INFO  State of operation 18523395 : EXECUTING
07:44:06 INFO  State of operation 18523395 : EXECUTING
07:44:09 INFO  State of operation 18523395 : EXECUTING
07:44:11 INFO  State of operation 18523395 : EXECUTING
07:44:13 INFO  State of operation 18523395 : EXECUTING
07:44:16 INFO  State of operation 18523395 : EXECUTING
07:44:18 INFO  State of operation 18523395 : EXECUTING
07:44:20 INFO  State of operation 18523395 : EXECUTING
07:44:23 INFO  State of operation 18523395 : EXECUTING
07:44:25 INFO  State of operation 18523395 : EXECUTING
07:44:28 INFO  State of operation 18523395 : EXECUTING
07:44:30 INFO  State of operation 18523395 : EXECUTING
07:44:32 INFO  State of operation 18523395 : EXECUTING
07:44:34 INFO  State of operation 18523395 : EXECUTING
07:44:37 INFO  State of operation 18523395 : EXECUTING
07:44:39 INFO  State of operation 18523395 : SUCCESSFUL
07:44:39 INFO  Assert that (False == value) with value=False ... passed
07:44:39 INFO  Package asciijump is installed
07:44:39 INFO  Assert that (True == value) with value=True ... passed
07:44:40 INFO  Package squirrel3 is installed
07:44:40 INFO  Assert that (True == value) with value=True ... passed
07:44:40 INFO  Package robotfindskitten is installed
07:44:40 INFO  Assert that (True == value) with value=True ... passed
07:44:40 INFO  Response status: 201
07:44:40 INFO  Response to action: {
    &quot;creationTime&quot;: &quot;2022-05-09T07:44:40.428Z&quot;,
    &quot;deviceName&quot;: &quot;mythicb&quot;,
    &quot;deviceId&quot;: &quot;18508457&quot;,
    &quot;self&quot;: &quot;https://t493319102.eu-latest.cumulocity.com/devicecontrol/operations/18523405&quot;,
    &quot;id&quot;: &quot;18523405&quot;,
    &quot;status&quot;: &quot;PENDING&quot;,
    &quot;description&quot;: &quot;Apply software changes, triggered from PySys: [{'action': 'delete', 'id': '5475369', 'name': 'asciijump', 'url': ' ', 'version': '::apt'}, {'action': 'delete', 'id': '5474869', 'name': 'robotfindskitten', 'url': ' ', 'version': '::apt'}, {'action': 'delete', 'id': '5475279', 'name': 'squirrel3', 'url': ' ', 'version': '::apt'}]&quot;,
    &quot;c8y_SoftwareUpdate&quot;: [
        {
            &quot;name&quot;: &quot;asciijump&quot;,
            &quot;action&quot;: &quot;delete&quot;,
            &quot;id&quot;: &quot;5475369&quot;,
            &quot;version&quot;: &quot;::apt&quot;,
            &quot;url&quot;: &quot; &quot;
        },
        {
            &quot;name&quot;: &quot;robotfindskitten&quot;,
            &quot;action&quot;: &quot;delete&quot;,
            &quot;id&quot;: &quot;5474869&quot;,
            &quot;version&quot;: &quot;::apt&quot;,
            &quot;url&quot;: &quot; &quot;
        },
        {
            &quot;name&quot;: &quot;squirrel3&quot;,
            &quot;action&quot;: &quot;delete&quot;,
            &quot;id&quot;: &quot;5475279&quot;,
            &quot;version&quot;: &quot;::apt&quot;,
            &quot;url&quot;: &quot; &quot;
        }
    ]
}
07:44:40 INFO  Started operation: {'creationTime': '2022-05-09T07:44:40.428Z', 'deviceName': 'mythicb', 'deviceId': '18508457', 'self': 'https://t493319102.eu-latest.cumulocity.com/devicecontrol/operations/18523405', 'id': '18523405', 'status': 'PENDING', 'description': &quot;Apply software changes, triggered from PySys: [{'action': 'delete', 'id': '5475369', 'name': 'asciijump', 'url': ' ', 'version': '::apt'}, {'action': 'delete', 'id': '5474869', 'name': 'robotfindskitten', 'url': ' ', 'version': '::apt'}, {'action': 'delete', 'id': '5475279', 'name': 'squirrel3', 'url': ' ', 'version': '::apt'}]&quot;, 'c8y_SoftwareUpdate': [{'name': 'asciijump', 'action': 'delete', 'id': '5475369', 'version': '::apt', 'url': ' '}, {'name': 'robotfindskitten', 'action': 'delete', 'id': '5474869', 'version': '::apt', 'url': ' '}, {'name': 'squirrel3', 'action': 'delete', 'id': '5475279', 'version': '::apt', 'url': ' '}]}
07:44:42 INFO  State of operation 18523405 : PENDING
07:44:44 INFO  State of operation 18523405 : EXECUTING
07:44:47 INFO  State of operation 18523405 : EXECUTING
07:44:49 INFO  State of operation 18523405 : EXECUTING
07:44:51 INFO  State of operation 18523405 : EXECUTING
07:44:53 INFO  State of operation 18523405 : EXECUTING
07:44:56 INFO  State of operation 18523405 : EXECUTING
07:45:00 INFO  State of operation 18523405 : EXECUTING
07:45:02 INFO  State of operation 18523405 : EXECUTING
07:45:04 INFO  State of operation 18523405 : EXECUTING
07:45:07 INFO  State of operation 18523405 : EXECUTING
07:45:09 INFO  State of operation 18523405 : EXECUTING
07:45:11 INFO  State of operation 18523405 : EXECUTING
07:45:13 INFO  State of operation 18523405 : EXECUTING
07:45:16 INFO  State of operation 18523405 : EXECUTING
07:45:18 INFO  State of operation 18523405 : EXECUTING
07:45:21 INFO  State of operation 18523405 : EXECUTING
07:45:24 INFO  State of operation 18523405 : EXECUTING
07:45:26 INFO  State of operation 18523405 : EXECUTING
07:45:28 INFO  State of operation 18523405 : EXECUTING
07:45:31 INFO  State of operation 18523405 : EXECUTING
07:45:33 INFO  State of operation 18523405 : EXECUTING
07:45:35 INFO  State of operation 18523405 : EXECUTING
07:45:37 INFO  State of operation 18523405 : EXECUTING
07:45:40 INFO  State of operation 18523405 : EXECUTING
07:45:42 INFO  State of operation 18523405 : EXECUTING
07:45:45 INFO  State of operation 18523405 : EXECUTING
07:45:47 INFO  State of operation 18523405 : SUCCESSFUL
07:45:47 INFO  Assert that (False == value) with value=False ... passed
07:45:47 INFO  Assert that (False == value) with value=False ... passed
07:45:48 INFO  Assert that (False == value) with value=False ... passed
07:45:48 INFO  Assert that (False == value) with value=False ... passed
07:45:48 INFO  
07:45:48 INFO  cleanup:
07:45:52 INFO  Executed sudo&lt;tedge_disconnect_c8y&gt;, exit status 0
07:45:52 INFO  Executed systemctl&lt;serv_mapper5&gt;, exit status 3
07:45:52 INFO  
07:45:52 INFO  Test duration: 182.19 secs
07:45:52 INFO  Test final outcome:  FAILED
07:45:52 INFO  Test outcome reason: Assert that (False == value) with value=True
07:45:52 INFO  
</system-out>
	</testcase>
</testsuite>
