<?xml version="1.0" encoding="utf-8"?>
<testsuite failures="0" name="apt_finalize" skipped="0" tests="1" time="153.12" timestamp="2022-04-28T07:41:46">
	<testcase classname="AptPluginFinalize" name="apt_finalize"/>
</testsuite>
