<?xml version="1.0" encoding="utf-8"?>
<testsuite failures="0" name="apt_install" skipped="0" tests="1" time="66.12" timestamp="2022-04-21T13:59:08">
	<testcase classname="AptPluginInstallDense" name="apt_install"/>
</testsuite>
