<?xml version="1.0" encoding="utf-8"?>
<testsuite failures="0" name="apt_remove" skipped="0" tests="1" time="67.06" timestamp="2022-05-10T19:54:26">
	<testcase classname="AptPluginRemoveDense" name="apt_remove"/>
</testsuite>
