<?xml version="1.0" encoding="utf-8"?>
<testsuite failures="0" name="apt_install" skipped="0" tests="1" time="65.22" timestamp="2022-05-16T07:41:26">
	<testcase classname="AptPluginInstallDense" name="apt_install"/>
</testsuite>
