<?xml version="1.0" encoding="utf-8"?>
<testsuite failures="0" name="apt_fail_noarg" skipped="0" tests="1" time="6.29" timestamp="2022-04-21T13:55:27">
	<testcase classname="AptPluginFailNoArg" name="apt_fail_noarg"/>
</testsuite>
