<?xml version="1.0" encoding="utf-8"?>
<testsuite failures="0" name="apt_wrong_option" skipped="0" tests="1" time="0.64" timestamp="2022-04-21T08:57:22">
	<testcase classname="AptPluginWrongOption" name="apt_wrong_option"/>
</testsuite>
