<?xml version="1.0" encoding="utf-8"?>
<testsuite failures="1" name="SoftwareManagement.sm_apt_install_remove_multiple" skipped="0" tests="1" time="167.6" timestamp="2022-04-19T14:12:52">
	<testcase classname="PySysTest" name="SoftwareManagement.sm_apt_install_remove_multiple">
		<failure message="BLOCKED: SystemError: Timeout while waiting for status SUCCESSFUL or False (+1 other failures)" type="BLOCKED"/>
		<system-out>14:10:05 INFO  ==============================================================
14:10:05 INFO  Id:    SoftwareManagement.sm_apt_install_remove_multiple
14:10:05 INFO  Dir:   software_management_end_to_end/
14:10:05 INFO  Title: Validate end to end behaviour for the apt plugin for multiple packages
14:10:05 INFO  ==============================================================
14:10:05 INFO  Using sw id database: {'asciijump': '5475369', 'robotfindskitten': '5474869', 'squirrel3': '5475279', 'rolldice': '5152439', 'moon-buggy': '5439204', 'apple': '5495053', 'banana': '5494888', 'cherry': '5495382', 'watermelon': '5494510', 'registry': '8018911', 'hello-world': '8021526', 'docker/getting-started': '8021973', 'alpine': '7991792'}
14:10:05 INFO  EnvironmentC8y Setup
14:10:05 INFO  Executed systemctl&lt;serv_mapper1&gt;, exit status 3
14:10:06 INFO  Restarting mosquitto too frequently in the last 10 seconds. It was only up for 6 seconds
14:10:06 INFO  Delaying execution by 5 seconds
14:10:25 INFO  Executed sudo&lt;tedge_connect_c8y&gt;, exit status 0, duration 14 secs
14:10:26 INFO  Executed sudo&lt;tedge_connect_c8y_test&gt;, exit status 0
14:10:26 INFO  Executed systemctl&lt;serv_mosq2&gt;, exit status 0
14:10:27 INFO  Executed systemctl&lt;serv_mapper3&gt;, exit status 0
14:10:29 INFO  State of current operation: SUCCESSFUL
14:10:29 INFO  Assert that (False == value) with value=False ... passed
14:10:29 INFO  Assert that (False == value) with value=False ... passed
14:10:30 INFO  Assert that (False == value) with value=False ... passed
14:10:30 INFO  Package robotfindskitten is installed
14:10:30 WARN  Assert that (False == value) with value=True ... failed 
14:10:30 INFO  Response status: 201
14:10:30 INFO  Response to action: {
    &quot;creationTime&quot;: &quot;2022-04-19T14:10:30.449Z&quot;,
    &quot;deviceName&quot;: &quot;mythicb&quot;,
    &quot;deviceId&quot;: &quot;17465657&quot;,
    &quot;self&quot;: &quot;https://t493319102.eu-latest.cumulocity.com/devicecontrol/operations/17475320&quot;,
    &quot;id&quot;: &quot;17475320&quot;,
    &quot;status&quot;: &quot;PENDING&quot;,
    &quot;description&quot;: &quot;Apply software changes, triggered from PySys: [{'action': 'install', 'id': '5475369', 'name': 'asciijump', 'url': ' ', 'version': '::apt'}, {'action': 'install', 'id': '5474869', 'name': 'robotfindskitten', 'url': ' ', 'version': '::apt'}, {'action': 'install', 'id': '5475279', 'name': 'squirrel3', 'url': ' ', 'version': '::apt'}]&quot;,
    &quot;c8y_SoftwareUpdate&quot;: [
        {
            &quot;name&quot;: &quot;asciijump&quot;,
            &quot;action&quot;: &quot;install&quot;,
            &quot;id&quot;: &quot;5475369&quot;,
            &quot;version&quot;: &quot;::apt&quot;,
            &quot;url&quot;: &quot; &quot;
        },
        {
            &quot;name&quot;: &quot;robotfindskitten&quot;,
            &quot;action&quot;: &quot;install&quot;,
            &quot;id&quot;: &quot;5474869&quot;,
            &quot;version&quot;: &quot;::apt&quot;,
            &quot;url&quot;: &quot; &quot;
        },
        {
            &quot;name&quot;: &quot;squirrel3&quot;,
            &quot;action&quot;: &quot;install&quot;,
            &quot;id&quot;: &quot;5475279&quot;,
            &quot;version&quot;: &quot;::apt&quot;,
            &quot;url&quot;: &quot; &quot;
        }
    ]
}
14:10:30 INFO  Started operation: {'creationTime': '2022-04-19T14:10:30.449Z', 'deviceName': 'mythicb', 'deviceId': '17465657', 'self': 'https://t493319102.eu-latest.cumulocity.com/devicecontrol/operations/17475320', 'id': '17475320', 'status': 'PENDING', 'description': &quot;Apply software changes, triggered from PySys: [{'action': 'install', 'id': '5475369', 'name': 'asciijump', 'url': ' ', 'version': '::apt'}, {'action': 'install', 'id': '5474869', 'name': 'robotfindskitten', 'url': ' ', 'version': '::apt'}, {'action': 'install', 'id': '5475279', 'name': 'squirrel3', 'url': ' ', 'version': '::apt'}]&quot;, 'c8y_SoftwareUpdate': [{'name': 'asciijump', 'action': 'install', 'id': '5475369', 'version': '::apt', 'url': ' '}, {'name': 'robotfindskitten', 'action': 'install', 'id': '5474869', 'version': '::apt', 'url': ' '}, {'name': 'squirrel3', 'action': 'install', 'id': '5475279', 'version': '::apt', 'url': ' '}]}
14:10:32 INFO  State of operation 17475320 : PENDING
14:10:34 INFO  State of operation 17475320 : PENDING
14:10:37 INFO  State of operation 17475320 : PENDING
14:10:39 INFO  State of operation 17475320 : PENDING
14:10:41 INFO  State of operation 17475320 : PENDING
14:10:43 INFO  State of operation 17475320 : PENDING
14:10:45 INFO  State of operation 17475320 : PENDING
14:10:48 INFO  State of operation 17475320 : PENDING
14:10:50 INFO  State of operation 17475320 : PENDING
14:10:52 INFO  State of operation 17475320 : PENDING
14:10:54 INFO  State of operation 17475320 : PENDING
14:10:57 INFO  State of operation 17475320 : PENDING
14:10:59 INFO  State of operation 17475320 : PENDING
14:11:01 INFO  State of operation 17475320 : PENDING
14:11:03 INFO  State of operation 17475320 : PENDING
14:11:05 INFO  State of operation 17475320 : PENDING
14:11:08 INFO  State of operation 17475320 : PENDING
14:11:10 INFO  State of operation 17475320 : PENDING
14:11:12 INFO  State of operation 17475320 : PENDING
14:11:14 INFO  State of operation 17475320 : PENDING
14:11:17 INFO  State of operation 17475320 : PENDING
14:11:19 INFO  State of operation 17475320 : PENDING
14:11:21 INFO  State of operation 17475320 : PENDING
14:11:23 INFO  State of operation 17475320 : PENDING
14:11:25 INFO  State of operation 17475320 : PENDING
14:11:28 INFO  State of operation 17475320 : PENDING
14:11:30 INFO  State of operation 17475320 : PENDING
14:11:32 INFO  State of operation 17475320 : PENDING
14:11:34 INFO  State of operation 17475320 : PENDING
14:11:37 INFO  State of operation 17475320 : PENDING
14:11:39 INFO  State of operation 17475320 : PENDING
14:11:41 INFO  State of operation 17475320 : PENDING
14:11:43 INFO  State of operation 17475320 : PENDING
14:11:45 INFO  State of operation 17475320 : PENDING
14:11:48 INFO  State of operation 17475320 : PENDING
14:11:50 INFO  State of operation 17475320 : PENDING
14:11:52 INFO  State of operation 17475320 : PENDING
14:11:54 INFO  State of operation 17475320 : PENDING
14:11:57 INFO  State of operation 17475320 : PENDING
14:11:59 INFO  State of operation 17475320 : PENDING
14:12:01 INFO  State of operation 17475320 : PENDING
14:12:03 INFO  State of operation 17475320 : PENDING
14:12:05 INFO  State of operation 17475320 : PENDING
14:12:08 INFO  State of operation 17475320 : PENDING
14:12:10 INFO  State of operation 17475320 : PENDING
14:12:12 INFO  State of operation 17475320 : PENDING
14:12:14 INFO  State of operation 17475320 : PENDING
14:12:16 INFO  State of operation 17475320 : PENDING
14:12:19 INFO  State of operation 17475320 : PENDING
14:12:21 INFO  State of operation 17475320 : PENDING
14:12:23 INFO  State of operation 17475320 : PENDING
14:12:25 INFO  State of operation 17475320 : PENDING
14:12:28 INFO  State of operation 17475320 : PENDING
14:12:30 INFO  State of operation 17475320 : PENDING
14:12:32 INFO  State of operation 17475320 : PENDING
14:12:34 INFO  State of operation 17475320 : PENDING
14:12:37 INFO  State of operation 17475320 : PENDING
14:12:39 INFO  State of operation 17475320 : PENDING
14:12:41 INFO  State of operation 17475320 : PENDING
14:12:43 INFO  State of operation 17475320 : PENDING
14:12:46 INFO  State of operation 17475320 : PENDING
14:12:48 WARN  SystemError occurred while running test - Timeout while waiting for status SUCCESSFUL or False
Traceback (most recent call last):
  File &quot;/home/pi/env-pysys/lib/python3.7/site-packages/pysys/baserunner.py&quot;, line 1294, in __call__
    self.testObj.execute()
  File &quot;/home/pi/actions-runner/_work/thin-edge.io/thin-edge.io/tests/PySys/software_management_end_to_end/sm_apt_install_remove_multiple/run.py&quot;, line 66, in execute
    self.wait_until_succcess()
  File &quot;/home/pi/actions-runner/_work/thin-edge.io/thin-edge.io/tests/PySys/software_management_end_to_end/environment_sm_management.py&quot;, line 324, in wait_until_succcess
    self.wait_until_status(&quot;SUCCESSFUL&quot;)
  File &quot;/home/pi/actions-runner/_work/thin-edge.io/thin-edge.io/tests/PySys/software_management_end_to_end/environment_sm_management.py&quot;, line 381, in wait_until_status
    &quot;Timeout while waiting for status %s or %s&quot; % (status, status2)
SystemError: Timeout while waiting for status SUCCESSFUL or False
14:12:48 WARN  SystemError: Timeout while waiting for status SUCCESSFUL or False ... blocked 
14:12:48 INFO  
14:12:48 INFO  cleanup:
14:12:52 INFO  Executed sudo&lt;tedge_disconnect_c8y&gt;, exit status 0
14:12:52 INFO  Executed systemctl&lt;serv_mapper5&gt;, exit status 3
14:12:52 INFO  
14:12:52 INFO  Test duration: 167.60 secs
14:12:52 INFO  Test final outcome:  BLOCKED
14:12:52 INFO  Test outcome reason: SystemError: Timeout while waiting for status SUCCESSFUL or False (+1 other failures)
14:12:52 INFO  
</system-out>
	</testcase>
</testsuite>
