<?xml version="1.0" encoding="utf-8"?>
<testsuite failures="0" name="apt_remove" skipped="0" tests="1" time="68.59" timestamp="2022-05-02T15:33:02">
	<testcase classname="AptPluginRemoveDense" name="apt_remove"/>
</testsuite>
