<?xml version="1.0" encoding="utf-8"?>
<testsuite failures="1" name="SoftwareManagement.sm_apt_install_remove_multiple" skipped="0" tests="1" time="183.81" timestamp="2022-05-11T12:18:29">
	<testcase classname="PySysTest" name="SoftwareManagement.sm_apt_install_remove_multiple">
		<failure message="FAILED: Assert that (False == value) with value=True" type="FAILED"/>
		<system-out>12:15:25 INFO  ==============================================================
12:15:25 INFO  Id:    SoftwareManagement.sm_apt_install_remove_multiple
12:15:25 INFO  Dir:   software_management_end_to_end/
12:15:25 INFO  Title: Validate end to end behaviour for the apt plugin for multiple packages
12:15:25 INFO  ==============================================================
12:15:25 INFO  Using sw id database: {'asciijump': '5475369', 'robotfindskitten': '5474869', 'squirrel3': '5475279', 'rolldice': '5152439', 'moon-buggy': '5439204', 'apple': '5495053', 'banana': '5494888', 'cherry': '5495382', 'watermelon': '5494510', 'registry': '8018911', 'hello-world': '8021526', 'docker/getting-started': '8021973', 'alpine': '7991792'}
12:15:25 INFO  EnvironmentC8y Setup
12:15:25 INFO  Executed systemctl&lt;serv_mapper1&gt;, exit status 3
12:15:26 INFO  Restarting mosquitto too frequently in the last 10 seconds. It was only up for 5 seconds
12:15:26 INFO  Delaying execution by 6 seconds
12:15:47 INFO  Executed sudo&lt;tedge_connect_c8y&gt;, exit status 0, duration 14 secs
12:15:47 INFO  Executed sudo&lt;tedge_connect_c8y_test&gt;, exit status 0
12:15:48 INFO  Executed systemctl&lt;serv_mosq2&gt;, exit status 0
12:15:48 INFO  Executed systemctl&lt;serv_mapper3&gt;, exit status 0
12:15:50 INFO  State of current operation: SUCCESSFUL
12:15:51 INFO  Assert that (False == value) with value=False ... passed
12:15:51 INFO  Assert that (False == value) with value=False ... passed
12:15:51 INFO  Assert that (False == value) with value=False ... passed
12:15:51 INFO  Package robotfindskitten is installed
12:15:51 WARN  Assert that (False == value) with value=True ... failed 
12:15:51 INFO  Response status: 201
12:15:51 INFO  Response to action: {
    &quot;delivery&quot;: {
        &quot;time&quot;: &quot;2022-05-11T12:15:51.944Z&quot;,
        &quot;log&quot;: [],
        &quot;status&quot;: &quot;PENDING&quot;
    },
    &quot;creationTime&quot;: &quot;2022-05-11T12:15:51.930Z&quot;,
    &quot;deviceName&quot;: &quot;mythicb&quot;,
    &quot;deviceId&quot;: &quot;18811612&quot;,
    &quot;self&quot;: &quot;https://t493319102.eu-latest.cumulocity.com/devicecontrol/operations/18840507&quot;,
    &quot;id&quot;: &quot;18840507&quot;,
    &quot;status&quot;: &quot;PENDING&quot;,
    &quot;description&quot;: &quot;Apply software changes, triggered from PySys: [{'action': 'install', 'id': '5475369', 'name': 'asciijump', 'url': ' ', 'version': '::apt'}, {'action': 'install', 'id': '5474869', 'name': 'robotfindskitten', 'url': ' ', 'version': '::apt'}, {'action': 'install', 'id': '5475279', 'name': 'squirrel3', 'url': ' ', 'version': '::apt'}]&quot;,
    &quot;c8y_SoftwareUpdate&quot;: [
        {
            &quot;name&quot;: &quot;asciijump&quot;,
            &quot;action&quot;: &quot;install&quot;,
            &quot;id&quot;: &quot;5475369&quot;,
            &quot;version&quot;: &quot;::apt&quot;,
            &quot;url&quot;: &quot; &quot;
        },
        {
            &quot;name&quot;: &quot;robotfindskitten&quot;,
            &quot;action&quot;: &quot;install&quot;,
            &quot;id&quot;: &quot;5474869&quot;,
            &quot;version&quot;: &quot;::apt&quot;,
            &quot;url&quot;: &quot; &quot;
        },
        {
            &quot;name&quot;: &quot;squirrel3&quot;,
            &quot;action&quot;: &quot;install&quot;,
            &quot;id&quot;: &quot;5475279&quot;,
            &quot;version&quot;: &quot;::apt&quot;,
            &quot;url&quot;: &quot; &quot;
        }
    ]
}
12:15:51 INFO  Started operation: {'delivery': {'time': '2022-05-11T12:15:51.944Z', 'log': [], 'status': 'PENDING'}, 'creationTime': '2022-05-11T12:15:51.930Z', 'deviceName': 'mythicb', 'deviceId': '18811612', 'self': 'https://t493319102.eu-latest.cumulocity.com/devicecontrol/operations/18840507', 'id': '18840507', 'status': 'PENDING', 'description': &quot;Apply software changes, triggered from PySys: [{'action': 'install', 'id': '5475369', 'name': 'asciijump', 'url': ' ', 'version': '::apt'}, {'action': 'install', 'id': '5474869', 'name': 'robotfindskitten', 'url': ' ', 'version': '::apt'}, {'action': 'install', 'id': '5475279', 'name': 'squirrel3', 'url': ' ', 'version': '::apt'}]&quot;, 'c8y_SoftwareUpdate': [{'name': 'asciijump', 'action': 'install', 'id': '5475369', 'version': '::apt', 'url': ' '}, {'name': 'robotfindskitten', 'action': 'install', 'id': '5474869', 'version': '::apt', 'url': ' '}, {'name': 'squirrel3', 'action': 'install', 'id': '5475279', 'version': '::apt', 'url': ' '}]}
12:15:54 INFO  State of operation 18840507 : PENDING
12:15:56 INFO  State of operation 18840507 : EXECUTING
12:15:58 INFO  State of operation 18840507 : EXECUTING
12:16:00 INFO  State of operation 18840507 : EXECUTING
12:16:03 INFO  State of operation 18840507 : EXECUTING
12:16:05 INFO  State of operation 18840507 : EXECUTING
12:16:08 INFO  State of operation 18840507 : EXECUTING
12:16:11 INFO  State of operation 18840507 : EXECUTING
12:16:13 INFO  State of operation 18840507 : EXECUTING
12:16:15 INFO  State of operation 18840507 : EXECUTING
12:16:18 INFO  State of operation 18840507 : EXECUTING
12:16:20 INFO  State of operation 18840507 : EXECUTING
12:16:22 INFO  State of operation 18840507 : EXECUTING
12:16:25 INFO  State of operation 18840507 : EXECUTING
12:16:27 INFO  State of operation 18840507 : EXECUTING
12:16:29 INFO  State of operation 18840507 : EXECUTING
12:16:32 INFO  State of operation 18840507 : EXECUTING
12:16:34 INFO  State of operation 18840507 : EXECUTING
12:16:37 INFO  State of operation 18840507 : EXECUTING
12:16:39 INFO  State of operation 18840507 : EXECUTING
12:16:41 INFO  State of operation 18840507 : EXECUTING
12:16:44 INFO  State of operation 18840507 : EXECUTING
12:16:46 INFO  State of operation 18840507 : EXECUTING
12:16:48 INFO  State of operation 18840507 : EXECUTING
12:16:51 INFO  State of operation 18840507 : EXECUTING
12:16:53 INFO  State of operation 18840507 : EXECUTING
12:16:56 INFO  State of operation 18840507 : EXECUTING
12:16:58 INFO  State of operation 18840507 : EXECUTING
12:17:00 INFO  State of operation 18840507 : EXECUTING
12:17:02 INFO  State of operation 18840507 : EXECUTING
12:17:05 INFO  State of operation 18840507 : EXECUTING
12:17:07 INFO  State of operation 18840507 : EXECUTING
12:17:09 INFO  State of operation 18840507 : EXECUTING
12:17:11 INFO  State of operation 18840507 : EXECUTING
12:17:14 INFO  State of operation 18840507 : SUCCESSFUL
12:17:14 INFO  Assert that (False == value) with value=False ... passed
12:17:14 INFO  Package asciijump is installed
12:17:14 INFO  Assert that (True == value) with value=True ... passed
12:17:14 INFO  Package squirrel3 is installed
12:17:14 INFO  Assert that (True == value) with value=True ... passed
12:17:14 INFO  Package robotfindskitten is installed
12:17:14 INFO  Assert that (True == value) with value=True ... passed
12:17:15 INFO  Response status: 201
12:17:15 INFO  Response to action: {
    &quot;delivery&quot;: {
        &quot;time&quot;: &quot;2022-05-11T12:17:15.170Z&quot;,
        &quot;log&quot;: [],
        &quot;status&quot;: &quot;PENDING&quot;
    },
    &quot;creationTime&quot;: &quot;2022-05-11T12:17:15.157Z&quot;,
    &quot;deviceName&quot;: &quot;mythicb&quot;,
    &quot;deviceId&quot;: &quot;18811612&quot;,
    &quot;self&quot;: &quot;https://t493319102.eu-latest.cumulocity.com/devicecontrol/operations/18840537&quot;,
    &quot;id&quot;: &quot;18840537&quot;,
    &quot;status&quot;: &quot;PENDING&quot;,
    &quot;description&quot;: &quot;Apply software changes, triggered from PySys: [{'action': 'delete', 'id': '5475369', 'name': 'asciijump', 'url': ' ', 'version': '::apt'}, {'action': 'delete', 'id': '5474869', 'name': 'robotfindskitten', 'url': ' ', 'version': '::apt'}, {'action': 'delete', 'id': '5475279', 'name': 'squirrel3', 'url': ' ', 'version': '::apt'}]&quot;,
    &quot;c8y_SoftwareUpdate&quot;: [
        {
            &quot;name&quot;: &quot;asciijump&quot;,
            &quot;action&quot;: &quot;delete&quot;,
            &quot;id&quot;: &quot;5475369&quot;,
            &quot;version&quot;: &quot;::apt&quot;,
            &quot;url&quot;: &quot; &quot;
        },
        {
            &quot;name&quot;: &quot;robotfindskitten&quot;,
            &quot;action&quot;: &quot;delete&quot;,
            &quot;id&quot;: &quot;5474869&quot;,
            &quot;version&quot;: &quot;::apt&quot;,
            &quot;url&quot;: &quot; &quot;
        },
        {
            &quot;name&quot;: &quot;squirrel3&quot;,
            &quot;action&quot;: &quot;delete&quot;,
            &quot;id&quot;: &quot;5475279&quot;,
            &quot;version&quot;: &quot;::apt&quot;,
            &quot;url&quot;: &quot; &quot;
        }
    ]
}
12:17:15 INFO  Started operation: {'delivery': {'time': '2022-05-11T12:17:15.170Z', 'log': [], 'status': 'PENDING'}, 'creationTime': '2022-05-11T12:17:15.157Z', 'deviceName': 'mythicb', 'deviceId': '18811612', 'self': 'https://t493319102.eu-latest.cumulocity.com/devicecontrol/operations/18840537', 'id': '18840537', 'status': 'PENDING', 'description': &quot;Apply software changes, triggered from PySys: [{'action': 'delete', 'id': '5475369', 'name': 'asciijump', 'url': ' ', 'version': '::apt'}, {'action': 'delete', 'id': '5474869', 'name': 'robotfindskitten', 'url': ' ', 'version': '::apt'}, {'action': 'delete', 'id': '5475279', 'name': 'squirrel3', 'url': ' ', 'version': '::apt'}]&quot;, 'c8y_SoftwareUpdate': [{'name': 'asciijump', 'action': 'delete', 'id': '5475369', 'version': '::apt', 'url': ' '}, {'name': 'robotfindskitten', 'action': 'delete', 'id': '5474869', 'version': '::apt', 'url': ' '}, {'name': 'squirrel3', 'action': 'delete', 'id': '5475279', 'version': '::apt', 'url': ' '}]}
12:17:17 INFO  State of operation 18840537 : PENDING
12:17:19 INFO  State of operation 18840537 : EXECUTING
12:17:21 INFO  State of operation 18840537 : EXECUTING
12:17:24 INFO  State of operation 18840537 : EXECUTING
12:17:26 INFO  State of operation 18840537 : EXECUTING
12:17:28 INFO  State of operation 18840537 : EXECUTING
12:17:31 INFO  State of operation 18840537 : EXECUTING
12:17:34 INFO  State of operation 18840537 : EXECUTING
12:17:37 INFO  State of operation 18840537 : EXECUTING
12:17:39 INFO  State of operation 18840537 : EXECUTING
12:17:41 INFO  State of operation 18840537 : EXECUTING
12:17:43 INFO  State of operation 18840537 : EXECUTING
12:17:45 INFO  State of operation 18840537 : EXECUTING
12:17:48 INFO  State of operation 18840537 : EXECUTING
12:17:50 INFO  State of operation 18840537 : EXECUTING
12:17:52 INFO  State of operation 18840537 : EXECUTING
12:17:54 INFO  State of operation 18840537 : EXECUTING
12:17:57 INFO  State of operation 18840537 : EXECUTING
12:18:00 INFO  State of operation 18840537 : EXECUTING
12:18:02 INFO  State of operation 18840537 : EXECUTING
12:18:04 INFO  State of operation 18840537 : EXECUTING
12:18:07 INFO  State of operation 18840537 : EXECUTING
12:18:09 INFO  State of operation 18840537 : EXECUTING
12:18:11 INFO  State of operation 18840537 : EXECUTING
12:18:14 INFO  State of operation 18840537 : EXECUTING
12:18:16 INFO  State of operation 18840537 : EXECUTING
12:18:18 INFO  State of operation 18840537 : EXECUTING
12:18:21 INFO  State of operation 18840537 : EXECUTING
12:18:23 INFO  State of operation 18840537 : SUCCESSFUL
12:18:23 INFO  Assert that (False == value) with value=False ... passed
12:18:23 INFO  Assert that (False == value) with value=False ... passed
12:18:24 INFO  Assert that (False == value) with value=False ... passed
12:18:24 INFO  Assert that (False == value) with value=False ... passed
12:18:24 INFO  
12:18:24 INFO  cleanup:
12:18:28 INFO  Executed sudo&lt;tedge_disconnect_c8y&gt;, exit status 0
12:18:29 INFO  Executed systemctl&lt;serv_mapper5&gt;, exit status 3
12:18:29 INFO  
12:18:29 INFO  Test duration: 183.81 secs
12:18:29 INFO  Test final outcome:  FAILED
12:18:29 INFO  Test outcome reason: Assert that (False == value) with value=True
12:18:29 INFO  
</system-out>
	</testcase>
</testsuite>
