<?xml version="1.0" encoding="utf-8"?>
<testsuite failures="0" name="apt_remove" skipped="0" tests="1" time="67.49" timestamp="2022-04-27T14:48:40">
	<testcase classname="AptPluginRemoveDense" name="apt_remove"/>
</testsuite>
