<?xml version="1.0" encoding="utf-8"?>
<testsuite failures="1" name="SoftwareManagement.sm_apt_install_remove_multiple_mixed" skipped="0" tests="1" time="165.3" timestamp="2022-04-19T14:15:38">
	<testcase classname="PySysTest" name="SoftwareManagement.sm_apt_install_remove_multiple_mixed">
		<failure message="BLOCKED: SystemError: Timeout while waiting for status FAILED or SUCCESSFUL" type="BLOCKED"/>
		<system-out>14:12:53 INFO  ==============================================================
14:12:53 INFO  Id:    SoftwareManagement.sm_apt_install_remove_multiple_mixed
14:12:53 INFO  Dir:   software_management_end_to_end/
14:12:53 INFO  Title: Validate end to end behaviour for the apt plugin for multiple packages with mixed versions
14:12:53 INFO  ==============================================================
14:12:53 INFO  Using sw id database: {'asciijump': '5475369', 'robotfindskitten': '5474869', 'squirrel3': '5475279', 'rolldice': '5152439', 'moon-buggy': '5439204', 'apple': '5495053', 'banana': '5494888', 'cherry': '5495382', 'watermelon': '5494510', 'registry': '8018911', 'hello-world': '8021526', 'docker/getting-started': '8021973', 'alpine': '7991792'}
14:12:53 INFO  EnvironmentC8y Setup
14:12:53 INFO  Executed systemctl&lt;serv_mapper1&gt;, exit status 3
14:12:53 INFO  Restarting mosquitto too frequently in the last 10 seconds. It was only up for 5 seconds
14:12:53 INFO  Delaying execution by 6 seconds
14:13:14 INFO  Executed sudo&lt;tedge_connect_c8y&gt;, exit status 0, duration 14 secs
14:13:14 INFO  Executed sudo&lt;tedge_connect_c8y_test&gt;, exit status 0
14:13:15 INFO  Executed systemctl&lt;serv_mosq2&gt;, exit status 0
14:13:15 INFO  Executed systemctl&lt;serv_mapper3&gt;, exit status 0
14:13:18 INFO  State of current operation: PENDING
14:13:20 INFO  State of current operation: PENDING
14:13:22 INFO  State of current operation: PENDING
14:13:24 INFO  State of current operation: PENDING
14:13:26 INFO  State of current operation: PENDING
14:13:29 INFO  State of current operation: PENDING
14:13:31 INFO  State of current operation: PENDING
14:13:33 INFO  State of current operation: PENDING
14:13:35 INFO  State of current operation: PENDING
14:13:38 INFO  State of current operation: PENDING
14:13:40 INFO  State of current operation: PENDING
14:13:42 INFO  State of current operation: PENDING
14:13:44 INFO  State of current operation: PENDING
14:13:46 INFO  State of current operation: PENDING
14:13:49 INFO  State of current operation: PENDING
14:13:51 INFO  State of current operation: PENDING
14:13:53 INFO  State of current operation: PENDING
14:13:55 INFO  State of current operation: PENDING
14:13:58 INFO  State of current operation: PENDING
14:14:00 INFO  State of current operation: PENDING
14:14:02 INFO  State of current operation: PENDING
14:14:04 INFO  State of current operation: PENDING
14:14:06 INFO  State of current operation: PENDING
14:14:09 INFO  State of current operation: PENDING
14:14:11 INFO  State of current operation: PENDING
14:14:13 INFO  State of current operation: PENDING
14:14:15 INFO  State of current operation: PENDING
14:14:18 INFO  State of current operation: PENDING
14:14:20 INFO  State of current operation: PENDING
14:14:22 INFO  State of current operation: PENDING
14:14:24 INFO  State of current operation: PENDING
14:14:27 INFO  State of current operation: PENDING
14:14:29 INFO  State of current operation: PENDING
14:14:31 INFO  State of current operation: PENDING
14:14:33 INFO  State of current operation: PENDING
14:14:35 INFO  State of current operation: PENDING
14:14:38 INFO  State of current operation: PENDING
14:14:40 INFO  State of current operation: PENDING
14:14:42 INFO  State of current operation: PENDING
14:14:44 INFO  State of current operation: PENDING
14:14:47 INFO  State of current operation: PENDING
14:14:49 INFO  State of current operation: PENDING
14:14:51 INFO  State of current operation: PENDING
14:14:53 INFO  State of current operation: PENDING
14:14:55 INFO  State of current operation: PENDING
14:14:58 INFO  State of current operation: PENDING
14:15:00 INFO  State of current operation: PENDING
14:15:02 INFO  State of current operation: PENDING
14:15:04 INFO  State of current operation: PENDING
14:15:07 INFO  State of current operation: PENDING
14:15:09 INFO  State of current operation: PENDING
14:15:11 INFO  State of current operation: PENDING
14:15:13 INFO  State of current operation: PENDING
14:15:16 INFO  State of current operation: PENDING
14:15:18 INFO  State of current operation: PENDING
14:15:20 INFO  State of current operation: PENDING
14:15:22 INFO  State of current operation: PENDING
14:15:24 INFO  State of current operation: PENDING
14:15:27 INFO  State of current operation: PENDING
14:15:29 INFO  State of current operation: PENDING
14:15:31 INFO  State of current operation: PENDING
14:15:33 WARN  SystemError occurred while running test - Timeout while waiting for status FAILED or SUCCESSFUL
Traceback (most recent call last):
  File &quot;/home/pi/env-pysys/lib/python3.7/site-packages/pysys/baserunner.py&quot;, line 1292, in __call__
    self.testObj.setup()
  File &quot;/home/pi/actions-runner/_work/thin-edge.io/thin-edge.io/tests/PySys/software_management_end_to_end/sm_apt_install_remove_multiple_mixed/run.py&quot;, line 73, in setup
    super().setup()
  File &quot;/home/pi/actions-runner/_work/thin-edge.io/thin-edge.io/tests/PySys/software_management_end_to_end/environment_sm_management.py&quot;, line 151, in setup
    self.wait_until_end()
  File &quot;/home/pi/actions-runner/_work/thin-edge.io/thin-edge.io/tests/PySys/software_management_end_to_end/environment_sm_management.py&quot;, line 332, in wait_until_end
    self.wait_until_status(&quot;FAILED&quot;, &quot;SUCCESSFUL&quot;)
  File &quot;/home/pi/actions-runner/_work/thin-edge.io/thin-edge.io/tests/PySys/software_management_end_to_end/environment_sm_management.py&quot;, line 381, in wait_until_status
    &quot;Timeout while waiting for status %s or %s&quot; % (status, status2)
SystemError: Timeout while waiting for status FAILED or SUCCESSFUL
14:15:33 WARN  SystemError: Timeout while waiting for status FAILED or SUCCESSFUL ... blocked 
14:15:33 INFO  
14:15:33 INFO  cleanup:
14:15:37 INFO  Executed sudo&lt;tedge_disconnect_c8y&gt;, exit status 0
14:15:38 INFO  Executed systemctl&lt;serv_mapper5&gt;, exit status 3
14:15:38 INFO  
14:15:38 INFO  Test duration: 165.30 secs
14:15:38 INFO  Test final outcome:  BLOCKED
14:15:38 INFO  Test outcome reason: SystemError: Timeout while waiting for status FAILED or SUCCESSFUL
14:15:38 INFO  
</system-out>
	</testcase>
</testsuite>
