<?xml version="1.0" encoding="utf-8"?>
<testsuite failures="1" name="SoftwareManagement.sm_apt_install_remove_multiple" skipped="0" tests="1" time="182.8" timestamp="2022-05-30T09:54:07">
	<testcase classname="PySysTest" name="SoftwareManagement.sm_apt_install_remove_multiple">
		<failure message="FAILED: Assert that (False == value) with value=True" type="FAILED"/>
		<system-out>09:51:04 INFO  ==============================================================
09:51:04 INFO  Id:    SoftwareManagement.sm_apt_install_remove_multiple
09:51:04 INFO  Dir:   software_management_end_to_end/
09:51:04 INFO  Title: Validate end to end behaviour for the apt plugin for multiple packages
09:51:04 INFO  ==============================================================
09:51:04 INFO  Using sw id database: {'asciijump': '5475369', 'robotfindskitten': '5474869', 'squirrel3': '5475279', 'rolldice': '5152439', 'moon-buggy': '5439204', 'apple': '5495053', 'banana': '5494888', 'cherry': '5495382', 'watermelon': '5494510', 'registry': '8018911', 'hello-world': '8021526', 'docker/getting-started': '8021973', 'alpine': '7991792'}
09:51:04 INFO  EnvironmentC8y Setup
09:51:05 INFO  Executed systemctl&lt;serv_mapper1&gt;, exit status 3
09:51:05 INFO  Restarting mosquitto too frequently in the last 10 seconds. It was only up for 4 seconds
09:51:05 INFO  Delaying execution by 7 seconds
09:51:26 INFO  Executed sudo&lt;tedge_connect_c8y&gt;, exit status 0, duration 13 secs
09:51:27 INFO  Executed sudo&lt;tedge_connect_c8y_test&gt;, exit status 0
09:51:27 INFO  Executed systemctl&lt;serv_mosq2&gt;, exit status 0
09:51:28 INFO  Executed systemctl&lt;serv_mapper3&gt;, exit status 0
09:51:30 INFO  State of current operation: SUCCESSFUL
09:51:30 INFO  Assert that (False == value) with value=False ... passed
09:51:30 INFO  Assert that (False == value) with value=False ... passed
09:51:30 INFO  Assert that (False == value) with value=False ... passed
09:51:31 INFO  Package robotfindskitten is installed
09:51:31 WARN  Assert that (False == value) with value=True ... failed 
09:51:31 INFO  Response status: 201
09:51:31 INFO  Response to action: {
    &quot;creationTime&quot;: &quot;2022-05-30T09:51:31.368Z&quot;,
    &quot;deviceId&quot;: &quot;19787672&quot;,
    &quot;deviceName&quot;: &quot;mythicb&quot;,
    &quot;self&quot;: &quot;https://t493319102.eu-latest.cumulocity.com/devicecontrol/operations/19797803&quot;,
    &quot;id&quot;: &quot;19797803&quot;,
    &quot;status&quot;: &quot;PENDING&quot;,
    &quot;description&quot;: &quot;Apply software changes, triggered from PySys: [{'action': 'install', 'id': '5475369', 'name': 'asciijump', 'url': ' ', 'version': '::apt'}, {'action': 'install', 'id': '5474869', 'name': 'robotfindskitten', 'url': ' ', 'version': '::apt'}, {'action': 'install', 'id': '5475279', 'name': 'squirrel3', 'url': ' ', 'version': '::apt'}]&quot;,
    &quot;c8y_SoftwareUpdate&quot;: [
        {
            &quot;name&quot;: &quot;asciijump&quot;,
            &quot;action&quot;: &quot;install&quot;,
            &quot;id&quot;: &quot;5475369&quot;,
            &quot;version&quot;: &quot;::apt&quot;,
            &quot;url&quot;: &quot; &quot;
        },
        {
            &quot;name&quot;: &quot;robotfindskitten&quot;,
            &quot;action&quot;: &quot;install&quot;,
            &quot;id&quot;: &quot;5474869&quot;,
            &quot;version&quot;: &quot;::apt&quot;,
            &quot;url&quot;: &quot; &quot;
        },
        {
            &quot;name&quot;: &quot;squirrel3&quot;,
            &quot;action&quot;: &quot;install&quot;,
            &quot;id&quot;: &quot;5475279&quot;,
            &quot;version&quot;: &quot;::apt&quot;,
            &quot;url&quot;: &quot; &quot;
        }
    ]
}
09:51:31 INFO  Started operation: {'creationTime': '2022-05-30T09:51:31.368Z', 'deviceId': '19787672', 'deviceName': 'mythicb', 'self': 'https://t493319102.eu-latest.cumulocity.com/devicecontrol/operations/19797803', 'id': '19797803', 'status': 'PENDING', 'description': &quot;Apply software changes, triggered from PySys: [{'action': 'install', 'id': '5475369', 'name': 'asciijump', 'url': ' ', 'version': '::apt'}, {'action': 'install', 'id': '5474869', 'name': 'robotfindskitten', 'url': ' ', 'version': '::apt'}, {'action': 'install', 'id': '5475279', 'name': 'squirrel3', 'url': ' ', 'version': '::apt'}]&quot;, 'c8y_SoftwareUpdate': [{'name': 'asciijump', 'action': 'install', 'id': '5475369', 'version': '::apt', 'url': ' '}, {'name': 'robotfindskitten', 'action': 'install', 'id': '5474869', 'version': '::apt', 'url': ' '}, {'name': 'squirrel3', 'action': 'install', 'id': '5475279', 'version': '::apt', 'url': ' '}]}
09:51:34 INFO  State of operation 19797803 : EXECUTING
09:51:36 INFO  State of operation 19797803 : EXECUTING
09:51:39 INFO  State of operation 19797803 : EXECUTING
09:51:41 INFO  State of operation 19797803 : EXECUTING
09:51:43 INFO  State of operation 19797803 : EXECUTING
09:51:46 INFO  State of operation 19797803 : EXECUTING
09:51:49 INFO  State of operation 19797803 : EXECUTING
09:51:51 INFO  State of operation 19797803 : EXECUTING
09:51:54 INFO  State of operation 19797803 : EXECUTING
09:51:56 INFO  State of operation 19797803 : EXECUTING
09:51:58 INFO  State of operation 19797803 : EXECUTING
09:52:01 INFO  State of operation 19797803 : EXECUTING
09:52:03 INFO  State of operation 19797803 : EXECUTING
09:52:05 INFO  State of operation 19797803 : EXECUTING
09:52:07 INFO  State of operation 19797803 : EXECUTING
09:52:10 INFO  State of operation 19797803 : EXECUTING
09:52:12 INFO  State of operation 19797803 : EXECUTING
09:52:15 INFO  State of operation 19797803 : EXECUTING
09:52:17 INFO  State of operation 19797803 : EXECUTING
09:52:20 INFO  State of operation 19797803 : EXECUTING
09:52:22 INFO  State of operation 19797803 : EXECUTING
09:52:24 INFO  State of operation 19797803 : EXECUTING
09:52:26 INFO  State of operation 19797803 : EXECUTING
09:52:29 INFO  State of operation 19797803 : EXECUTING
09:52:32 INFO  State of operation 19797803 : EXECUTING
09:52:34 INFO  State of operation 19797803 : EXECUTING
09:52:37 INFO  State of operation 19797803 : EXECUTING
09:52:39 INFO  State of operation 19797803 : EXECUTING
09:52:42 INFO  State of operation 19797803 : EXECUTING
09:52:44 INFO  State of operation 19797803 : EXECUTING
09:52:46 INFO  State of operation 19797803 : EXECUTING
09:52:48 INFO  State of operation 19797803 : EXECUTING
09:52:51 INFO  State of operation 19797803 : EXECUTING
09:52:53 INFO  State of operation 19797803 : SUCCESSFUL
09:52:53 INFO  Assert that (False == value) with value=False ... passed
09:52:53 INFO  Package asciijump is installed
09:52:53 INFO  Assert that (True == value) with value=True ... passed
09:52:54 INFO  Package squirrel3 is installed
09:52:54 INFO  Assert that (True == value) with value=True ... passed
09:52:54 INFO  Package robotfindskitten is installed
09:52:54 INFO  Assert that (True == value) with value=True ... passed
09:52:54 INFO  Response status: 201
09:52:54 INFO  Response to action: {
    &quot;creationTime&quot;: &quot;2022-05-30T09:52:54.528Z&quot;,
    &quot;deviceId&quot;: &quot;19787672&quot;,
    &quot;deviceName&quot;: &quot;mythicb&quot;,
    &quot;self&quot;: &quot;https://t493319102.eu-latest.cumulocity.com/devicecontrol/operations/19797819&quot;,
    &quot;id&quot;: &quot;19797819&quot;,
    &quot;status&quot;: &quot;PENDING&quot;,
    &quot;description&quot;: &quot;Apply software changes, triggered from PySys: [{'action': 'delete', 'id': '5475369', 'name': 'asciijump', 'url': ' ', 'version': '::apt'}, {'action': 'delete', 'id': '5474869', 'name': 'robotfindskitten', 'url': ' ', 'version': '::apt'}, {'action': 'delete', 'id': '5475279', 'name': 'squirrel3', 'url': ' ', 'version': '::apt'}]&quot;,
    &quot;c8y_SoftwareUpdate&quot;: [
        {
            &quot;name&quot;: &quot;asciijump&quot;,
            &quot;action&quot;: &quot;delete&quot;,
            &quot;id&quot;: &quot;5475369&quot;,
            &quot;version&quot;: &quot;::apt&quot;,
            &quot;url&quot;: &quot; &quot;
        },
        {
            &quot;name&quot;: &quot;robotfindskitten&quot;,
            &quot;action&quot;: &quot;delete&quot;,
            &quot;id&quot;: &quot;5474869&quot;,
            &quot;version&quot;: &quot;::apt&quot;,
            &quot;url&quot;: &quot; &quot;
        },
        {
            &quot;name&quot;: &quot;squirrel3&quot;,
            &quot;action&quot;: &quot;delete&quot;,
            &quot;id&quot;: &quot;5475279&quot;,
            &quot;version&quot;: &quot;::apt&quot;,
            &quot;url&quot;: &quot; &quot;
        }
    ]
}
09:52:54 INFO  Started operation: {'creationTime': '2022-05-30T09:52:54.528Z', 'deviceId': '19787672', 'deviceName': 'mythicb', 'self': 'https://t493319102.eu-latest.cumulocity.com/devicecontrol/operations/19797819', 'id': '19797819', 'status': 'PENDING', 'description': &quot;Apply software changes, triggered from PySys: [{'action': 'delete', 'id': '5475369', 'name': 'asciijump', 'url': ' ', 'version': '::apt'}, {'action': 'delete', 'id': '5474869', 'name': 'robotfindskitten', 'url': ' ', 'version': '::apt'}, {'action': 'delete', 'id': '5475279', 'name': 'squirrel3', 'url': ' ', 'version': '::apt'}]&quot;, 'c8y_SoftwareUpdate': [{'name': 'asciijump', 'action': 'delete', 'id': '5475369', 'version': '::apt', 'url': ' '}, {'name': 'robotfindskitten', 'action': 'delete', 'id': '5474869', 'version': '::apt', 'url': ' '}, {'name': 'squirrel3', 'action': 'delete', 'id': '5475279', 'version': '::apt', 'url': ' '}]}
09:52:56 INFO  State of operation 19797819 : PENDING
09:52:59 INFO  State of operation 19797819 : EXECUTING
09:53:01 INFO  State of operation 19797819 : EXECUTING
09:53:03 INFO  State of operation 19797819 : EXECUTING
09:53:05 INFO  State of operation 19797819 : EXECUTING
09:53:07 INFO  State of operation 19797819 : EXECUTING
09:53:10 INFO  State of operation 19797819 : EXECUTING
09:53:13 INFO  State of operation 19797819 : EXECUTING
09:53:15 INFO  State of operation 19797819 : EXECUTING
09:53:18 INFO  State of operation 19797819 : EXECUTING
09:53:20 INFO  State of operation 19797819 : EXECUTING
09:53:22 INFO  State of operation 19797819 : EXECUTING
09:53:24 INFO  State of operation 19797819 : EXECUTING
09:53:26 INFO  State of operation 19797819 : EXECUTING
09:53:29 INFO  State of operation 19797819 : EXECUTING
09:53:31 INFO  State of operation 19797819 : EXECUTING
09:53:33 INFO  State of operation 19797819 : EXECUTING
09:53:36 INFO  State of operation 19797819 : EXECUTING
09:53:38 INFO  State of operation 19797819 : EXECUTING
09:53:41 INFO  State of operation 19797819 : EXECUTING
09:53:43 INFO  State of operation 19797819 : EXECUTING
09:53:45 INFO  State of operation 19797819 : EXECUTING
09:53:47 INFO  State of operation 19797819 : EXECUTING
09:53:49 INFO  State of operation 19797819 : EXECUTING
09:53:52 INFO  State of operation 19797819 : EXECUTING
09:53:55 INFO  State of operation 19797819 : EXECUTING
09:53:57 INFO  State of operation 19797819 : EXECUTING
09:53:59 INFO  State of operation 19797819 : EXECUTING
09:54:02 INFO  State of operation 19797819 : SUCCESSFUL
09:54:02 INFO  Assert that (False == value) with value=False ... passed
09:54:02 INFO  Assert that (False == value) with value=False ... passed
09:54:02 INFO  Assert that (False == value) with value=False ... passed
09:54:02 INFO  Assert that (False == value) with value=False ... passed
09:54:02 INFO  
09:54:02 INFO  cleanup:
09:54:07 INFO  Executed sudo&lt;tedge_disconnect_c8y&gt;, exit status 0
09:54:07 INFO  Executed systemctl&lt;serv_mapper5&gt;, exit status 3
09:54:07 INFO  
09:54:07 INFO  Test duration: 182.80 secs
09:54:07 INFO  Test final outcome:  FAILED
09:54:07 INFO  Test outcome reason: Assert that (False == value) with value=True
09:54:07 INFO  
</system-out>
	</testcase>
</testsuite>
