<?xml version="1.0" encoding="utf-8"?>
<testsuite failures="1" name="SoftwareManagement.sm_apt_install_remove_multiple" skipped="0" tests="1" time="182.43" timestamp="2022-05-10T20:14:35">
	<testcase classname="PySysTest" name="SoftwareManagement.sm_apt_install_remove_multiple">
		<failure message="FAILED: Assert that (False == value) with value=True" type="FAILED"/>
		<system-out>20:11:33 INFO  ==============================================================
20:11:33 INFO  Id:    SoftwareManagement.sm_apt_install_remove_multiple
20:11:33 INFO  Dir:   software_management_end_to_end/
20:11:33 INFO  Title: Validate end to end behaviour for the apt plugin for multiple packages
20:11:33 INFO  ==============================================================
20:11:33 INFO  Using sw id database: {'asciijump': '5475369', 'robotfindskitten': '5474869', 'squirrel3': '5475279', 'rolldice': '5152439', 'moon-buggy': '5439204', 'apple': '5495053', 'banana': '5494888', 'cherry': '5495382', 'watermelon': '5494510', 'registry': '8018911', 'hello-world': '8021526', 'docker/getting-started': '8021973', 'alpine': '7991792'}
20:11:33 INFO  EnvironmentC8y Setup
20:11:33 INFO  Executed systemctl&lt;serv_mapper1&gt;, exit status 3
20:11:33 INFO  Restarting mosquitto too frequently in the last 10 seconds. It was only up for 4 seconds
20:11:33 INFO  Delaying execution by 7 seconds
20:11:54 INFO  Executed sudo&lt;tedge_connect_c8y&gt;, exit status 0, duration 14 secs
20:11:55 INFO  Executed sudo&lt;tedge_connect_c8y_test&gt;, exit status 0
20:11:56 INFO  Executed systemctl&lt;serv_mosq2&gt;, exit status 0
20:11:56 INFO  Executed systemctl&lt;serv_mapper3&gt;, exit status 0
20:11:58 INFO  State of current operation: SUCCESSFUL
20:11:59 INFO  Assert that (False == value) with value=False ... passed
20:11:59 INFO  Assert that (False == value) with value=False ... passed
20:11:59 INFO  Assert that (False == value) with value=False ... passed
20:11:59 INFO  Package robotfindskitten is installed
20:11:59 WARN  Assert that (False == value) with value=True ... failed 
20:11:59 INFO  Response status: 201
20:11:59 INFO  Response to action: {
    &quot;creationTime&quot;: &quot;2022-05-10T20:11:59.919Z&quot;,
    &quot;deviceName&quot;: &quot;mythicb&quot;,
    &quot;deviceId&quot;: &quot;18730395&quot;,
    &quot;self&quot;: &quot;https://t493319102.eu-latest.cumulocity.com/devicecontrol/operations/18751632&quot;,
    &quot;id&quot;: &quot;18751632&quot;,
    &quot;status&quot;: &quot;PENDING&quot;,
    &quot;description&quot;: &quot;Apply software changes, triggered from PySys: [{'action': 'install', 'id': '5475369', 'name': 'asciijump', 'url': ' ', 'version': '::apt'}, {'action': 'install', 'id': '5474869', 'name': 'robotfindskitten', 'url': ' ', 'version': '::apt'}, {'action': 'install', 'id': '5475279', 'name': 'squirrel3', 'url': ' ', 'version': '::apt'}]&quot;,
    &quot;c8y_SoftwareUpdate&quot;: [
        {
            &quot;name&quot;: &quot;asciijump&quot;,
            &quot;action&quot;: &quot;install&quot;,
            &quot;id&quot;: &quot;5475369&quot;,
            &quot;version&quot;: &quot;::apt&quot;,
            &quot;url&quot;: &quot; &quot;
        },
        {
            &quot;name&quot;: &quot;robotfindskitten&quot;,
            &quot;action&quot;: &quot;install&quot;,
            &quot;id&quot;: &quot;5474869&quot;,
            &quot;version&quot;: &quot;::apt&quot;,
            &quot;url&quot;: &quot; &quot;
        },
        {
            &quot;name&quot;: &quot;squirrel3&quot;,
            &quot;action&quot;: &quot;install&quot;,
            &quot;id&quot;: &quot;5475279&quot;,
            &quot;version&quot;: &quot;::apt&quot;,
            &quot;url&quot;: &quot; &quot;
        }
    ]
}
20:11:59 INFO  Started operation: {'creationTime': '2022-05-10T20:11:59.919Z', 'deviceName': 'mythicb', 'deviceId': '18730395', 'self': 'https://t493319102.eu-latest.cumulocity.com/devicecontrol/operations/18751632', 'id': '18751632', 'status': 'PENDING', 'description': &quot;Apply software changes, triggered from PySys: [{'action': 'install', 'id': '5475369', 'name': 'asciijump', 'url': ' ', 'version': '::apt'}, {'action': 'install', 'id': '5474869', 'name': 'robotfindskitten', 'url': ' ', 'version': '::apt'}, {'action': 'install', 'id': '5475279', 'name': 'squirrel3', 'url': ' ', 'version': '::apt'}]&quot;, 'c8y_SoftwareUpdate': [{'name': 'asciijump', 'action': 'install', 'id': '5475369', 'version': '::apt', 'url': ' '}, {'name': 'robotfindskitten', 'action': 'install', 'id': '5474869', 'version': '::apt', 'url': ' '}, {'name': 'squirrel3', 'action': 'install', 'id': '5475279', 'version': '::apt', 'url': ' '}]}
20:12:02 INFO  State of operation 18751632 : PENDING
20:12:04 INFO  State of operation 18751632 : EXECUTING
20:12:06 INFO  State of operation 18751632 : EXECUTING
20:12:09 INFO  State of operation 18751632 : EXECUTING
20:12:11 INFO  State of operation 18751632 : EXECUTING
20:12:13 INFO  State of operation 18751632 : EXECUTING
20:12:16 INFO  State of operation 18751632 : EXECUTING
20:12:19 INFO  State of operation 18751632 : EXECUTING
20:12:21 INFO  State of operation 18751632 : EXECUTING
20:12:23 INFO  State of operation 18751632 : EXECUTING
20:12:26 INFO  State of operation 18751632 : EXECUTING
20:12:28 INFO  State of operation 18751632 : EXECUTING
20:12:30 INFO  State of operation 18751632 : EXECUTING
20:12:32 INFO  State of operation 18751632 : EXECUTING
20:12:35 INFO  State of operation 18751632 : EXECUTING
20:12:37 INFO  State of operation 18751632 : EXECUTING
20:12:39 INFO  State of operation 18751632 : EXECUTING
20:12:42 INFO  State of operation 18751632 : EXECUTING
20:12:44 INFO  State of operation 18751632 : EXECUTING
20:12:46 INFO  State of operation 18751632 : EXECUTING
20:12:49 INFO  State of operation 18751632 : EXECUTING
20:12:52 INFO  State of operation 18751632 : EXECUTING
20:12:54 INFO  State of operation 18751632 : EXECUTING
20:12:56 INFO  State of operation 18751632 : EXECUTING
20:12:59 INFO  State of operation 18751632 : EXECUTING
20:13:01 INFO  State of operation 18751632 : EXECUTING
20:13:04 INFO  State of operation 18751632 : EXECUTING
20:13:06 INFO  State of operation 18751632 : EXECUTING
20:13:08 INFO  State of operation 18751632 : EXECUTING
20:13:11 INFO  State of operation 18751632 : EXECUTING
20:13:13 INFO  State of operation 18751632 : EXECUTING
20:13:15 INFO  State of operation 18751632 : EXECUTING
20:13:17 INFO  State of operation 18751632 : EXECUTING
20:13:20 INFO  State of operation 18751632 : EXECUTING
20:13:22 INFO  State of operation 18751632 : SUCCESSFUL
20:13:22 INFO  Assert that (False == value) with value=False ... passed
20:13:22 INFO  Package asciijump is installed
20:13:22 INFO  Assert that (True == value) with value=True ... passed
20:13:22 INFO  Package squirrel3 is installed
20:13:22 INFO  Assert that (True == value) with value=True ... passed
20:13:23 INFO  Package robotfindskitten is installed
20:13:23 INFO  Assert that (True == value) with value=True ... passed
20:13:23 INFO  Response status: 201
20:13:23 INFO  Response to action: {
    &quot;creationTime&quot;: &quot;2022-05-10T20:13:23.301Z&quot;,
    &quot;deviceName&quot;: &quot;mythicb&quot;,
    &quot;deviceId&quot;: &quot;18730395&quot;,
    &quot;self&quot;: &quot;https://t493319102.eu-latest.cumulocity.com/devicecontrol/operations/18751641&quot;,
    &quot;id&quot;: &quot;18751641&quot;,
    &quot;status&quot;: &quot;PENDING&quot;,
    &quot;description&quot;: &quot;Apply software changes, triggered from PySys: [{'action': 'delete', 'id': '5475369', 'name': 'asciijump', 'url': ' ', 'version': '::apt'}, {'action': 'delete', 'id': '5474869', 'name': 'robotfindskitten', 'url': ' ', 'version': '::apt'}, {'action': 'delete', 'id': '5475279', 'name': 'squirrel3', 'url': ' ', 'version': '::apt'}]&quot;,
    &quot;c8y_SoftwareUpdate&quot;: [
        {
            &quot;name&quot;: &quot;asciijump&quot;,
            &quot;action&quot;: &quot;delete&quot;,
            &quot;id&quot;: &quot;5475369&quot;,
            &quot;version&quot;: &quot;::apt&quot;,
            &quot;url&quot;: &quot; &quot;
        },
        {
            &quot;name&quot;: &quot;robotfindskitten&quot;,
            &quot;action&quot;: &quot;delete&quot;,
            &quot;id&quot;: &quot;5474869&quot;,
            &quot;version&quot;: &quot;::apt&quot;,
            &quot;url&quot;: &quot; &quot;
        },
        {
            &quot;name&quot;: &quot;squirrel3&quot;,
            &quot;action&quot;: &quot;delete&quot;,
            &quot;id&quot;: &quot;5475279&quot;,
            &quot;version&quot;: &quot;::apt&quot;,
            &quot;url&quot;: &quot; &quot;
        }
    ]
}
20:13:23 INFO  Started operation: {'creationTime': '2022-05-10T20:13:23.301Z', 'deviceName': 'mythicb', 'deviceId': '18730395', 'self': 'https://t493319102.eu-latest.cumulocity.com/devicecontrol/operations/18751641', 'id': '18751641', 'status': 'PENDING', 'description': &quot;Apply software changes, triggered from PySys: [{'action': 'delete', 'id': '5475369', 'name': 'asciijump', 'url': ' ', 'version': '::apt'}, {'action': 'delete', 'id': '5474869', 'name': 'robotfindskitten', 'url': ' ', 'version': '::apt'}, {'action': 'delete', 'id': '5475279', 'name': 'squirrel3', 'url': ' ', 'version': '::apt'}]&quot;, 'c8y_SoftwareUpdate': [{'name': 'asciijump', 'action': 'delete', 'id': '5475369', 'version': '::apt', 'url': ' '}, {'name': 'robotfindskitten', 'action': 'delete', 'id': '5474869', 'version': '::apt', 'url': ' '}, {'name': 'squirrel3', 'action': 'delete', 'id': '5475279', 'version': '::apt', 'url': ' '}]}
20:13:25 INFO  State of operation 18751641 : PENDING
20:13:27 INFO  State of operation 18751641 : EXECUTING
20:13:30 INFO  State of operation 18751641 : EXECUTING
20:13:32 INFO  State of operation 18751641 : EXECUTING
20:13:34 INFO  State of operation 18751641 : EXECUTING
20:13:36 INFO  State of operation 18751641 : EXECUTING
20:13:40 INFO  State of operation 18751641 : EXECUTING
20:13:43 INFO  State of operation 18751641 : EXECUTING
20:13:45 INFO  State of operation 18751641 : EXECUTING
20:13:48 INFO  State of operation 18751641 : EXECUTING
20:13:50 INFO  State of operation 18751641 : EXECUTING
20:13:52 INFO  State of operation 18751641 : EXECUTING
20:13:54 INFO  State of operation 18751641 : EXECUTING
20:13:56 INFO  State of operation 18751641 : EXECUTING
20:13:59 INFO  State of operation 18751641 : EXECUTING
20:14:01 INFO  State of operation 18751641 : EXECUTING
20:14:03 INFO  State of operation 18751641 : EXECUTING
20:14:06 INFO  State of operation 18751641 : EXECUTING
20:14:09 INFO  State of operation 18751641 : EXECUTING
20:14:11 INFO  State of operation 18751641 : EXECUTING
20:14:13 INFO  State of operation 18751641 : EXECUTING
20:14:15 INFO  State of operation 18751641 : EXECUTING
20:14:18 INFO  State of operation 18751641 : EXECUTING
20:14:20 INFO  State of operation 18751641 : EXECUTING
20:14:23 INFO  State of operation 18751641 : EXECUTING
20:14:25 INFO  State of operation 18751641 : EXECUTING
20:14:27 INFO  State of operation 18751641 : EXECUTING
20:14:30 INFO  State of operation 18751641 : SUCCESSFUL
20:14:30 INFO  Assert that (False == value) with value=False ... passed
20:14:30 INFO  Assert that (False == value) with value=False ... passed
20:14:30 INFO  Assert that (False == value) with value=False ... passed
20:14:30 INFO  Assert that (False == value) with value=False ... passed
20:14:31 INFO  
20:14:31 INFO  cleanup:
20:14:35 INFO  Executed sudo&lt;tedge_disconnect_c8y&gt;, exit status 0
20:14:35 INFO  Executed systemctl&lt;serv_mapper5&gt;, exit status 3
20:14:35 INFO  
20:14:35 INFO  Test duration: 182.43 secs
20:14:35 INFO  Test final outcome:  FAILED
20:14:35 INFO  Test outcome reason: Assert that (False == value) with value=True
20:14:35 INFO  
</system-out>
	</testcase>
</testsuite>
