<?xml version="1.0" encoding="utf-8"?>
<testsuite failures="0" name="apt_prepare" skipped="0" tests="1" time="20.93" timestamp="2022-04-27T14:45:55">
	<testcase classname="AptPluginPrepare" name="apt_prepare"/>
</testsuite>
