<?xml version="1.0" encoding="utf-8"?>
<testsuite failures="0" name="apt_list_format" skipped="0" tests="1" time="2.95" timestamp="2022-04-21T14:02:08">
	<testcase classname="AptPluginListFormat" name="apt_list_format"/>
</testsuite>
