<?xml version="1.0" encoding="utf-8"?>
<testsuite failures="1" name="SoftwareManagement.sm_apt_install_remove_multiple" skipped="0" tests="1" time="181.66" timestamp="2022-05-03T08:39:17">
	<testcase classname="PySysTest" name="SoftwareManagement.sm_apt_install_remove_multiple">
		<failure message="FAILED: Assert that (False == value) with value=True" type="FAILED"/>
		<system-out>08:36:16 INFO  ==============================================================
08:36:16 INFO  Id:    SoftwareManagement.sm_apt_install_remove_multiple
08:36:16 INFO  Dir:   software_management_end_to_end/
08:36:16 INFO  Title: Validate end to end behaviour for the apt plugin for multiple packages
08:36:16 INFO  ==============================================================
08:36:16 INFO  Using sw id database: {'asciijump': '5475369', 'robotfindskitten': '5474869', 'squirrel3': '5475279', 'rolldice': '5152439', 'moon-buggy': '5439204', 'apple': '5495053', 'banana': '5494888', 'cherry': '5495382', 'watermelon': '5494510', 'registry': '8018911', 'hello-world': '8021526', 'docker/getting-started': '8021973', 'alpine': '7991792'}
08:36:16 INFO  EnvironmentC8y Setup
08:36:16 INFO  Executed systemctl&lt;serv_mapper1&gt;, exit status 3
08:36:17 INFO  Restarting mosquitto too frequently in the last 10 seconds. It was only up for 5 seconds
08:36:17 INFO  Delaying execution by 6 seconds
08:36:37 INFO  Executed sudo&lt;tedge_connect_c8y&gt;, exit status 0, duration 14 secs
08:36:37 INFO  Executed sudo&lt;tedge_connect_c8y_test&gt;, exit status 0
08:36:38 INFO  Executed systemctl&lt;serv_mosq2&gt;, exit status 0
08:36:38 INFO  Executed systemctl&lt;serv_mapper3&gt;, exit status 0
08:36:40 INFO  State of current operation: SUCCESSFUL
08:36:41 INFO  Assert that (False == value) with value=False ... passed
08:36:41 INFO  Assert that (False == value) with value=False ... passed
08:36:41 INFO  Assert that (False == value) with value=False ... passed
08:36:41 INFO  Package robotfindskitten is installed
08:36:41 WARN  Assert that (False == value) with value=True ... failed 
08:36:42 INFO  Response status: 201
08:36:42 INFO  Response to action: {
    &quot;creationTime&quot;: &quot;2022-05-03T08:36:41.951Z&quot;,
    &quot;deviceName&quot;: &quot;mythicb&quot;,
    &quot;deviceId&quot;: &quot;18233696&quot;,
    &quot;self&quot;: &quot;https://t493319102.eu-latest.cumulocity.com/devicecontrol/operations/18263587&quot;,
    &quot;id&quot;: &quot;18263587&quot;,
    &quot;status&quot;: &quot;PENDING&quot;,
    &quot;description&quot;: &quot;Apply software changes, triggered from PySys: [{'action': 'install', 'id': '5475369', 'name': 'asciijump', 'url': ' ', 'version': '::apt'}, {'action': 'install', 'id': '5474869', 'name': 'robotfindskitten', 'url': ' ', 'version': '::apt'}, {'action': 'install', 'id': '5475279', 'name': 'squirrel3', 'url': ' ', 'version': '::apt'}]&quot;,
    &quot;c8y_SoftwareUpdate&quot;: [
        {
            &quot;name&quot;: &quot;asciijump&quot;,
            &quot;action&quot;: &quot;install&quot;,
            &quot;id&quot;: &quot;5475369&quot;,
            &quot;version&quot;: &quot;::apt&quot;,
            &quot;url&quot;: &quot; &quot;
        },
        {
            &quot;name&quot;: &quot;robotfindskitten&quot;,
            &quot;action&quot;: &quot;install&quot;,
            &quot;id&quot;: &quot;5474869&quot;,
            &quot;version&quot;: &quot;::apt&quot;,
            &quot;url&quot;: &quot; &quot;
        },
        {
            &quot;name&quot;: &quot;squirrel3&quot;,
            &quot;action&quot;: &quot;install&quot;,
            &quot;id&quot;: &quot;5475279&quot;,
            &quot;version&quot;: &quot;::apt&quot;,
            &quot;url&quot;: &quot; &quot;
        }
    ]
}
08:36:42 INFO  Started operation: {'creationTime': '2022-05-03T08:36:41.951Z', 'deviceName': 'mythicb', 'deviceId': '18233696', 'self': 'https://t493319102.eu-latest.cumulocity.com/devicecontrol/operations/18263587', 'id': '18263587', 'status': 'PENDING', 'description': &quot;Apply software changes, triggered from PySys: [{'action': 'install', 'id': '5475369', 'name': 'asciijump', 'url': ' ', 'version': '::apt'}, {'action': 'install', 'id': '5474869', 'name': 'robotfindskitten', 'url': ' ', 'version': '::apt'}, {'action': 'install', 'id': '5475279', 'name': 'squirrel3', 'url': ' ', 'version': '::apt'}]&quot;, 'c8y_SoftwareUpdate': [{'name': 'asciijump', 'action': 'install', 'id': '5475369', 'version': '::apt', 'url': ' '}, {'name': 'robotfindskitten', 'action': 'install', 'id': '5474869', 'version': '::apt', 'url': ' '}, {'name': 'squirrel3', 'action': 'install', 'id': '5475279', 'version': '::apt', 'url': ' '}]}
08:36:44 INFO  State of operation 18263587 : PENDING
08:36:46 INFO  State of operation 18263587 : EXECUTING
08:36:48 INFO  State of operation 18263587 : EXECUTING
08:36:50 INFO  State of operation 18263587 : EXECUTING
08:36:53 INFO  State of operation 18263587 : EXECUTING
08:36:55 INFO  State of operation 18263587 : EXECUTING
08:36:58 INFO  State of operation 18263587 : EXECUTING
08:37:01 INFO  State of operation 18263587 : EXECUTING
08:37:03 INFO  State of operation 18263587 : EXECUTING
08:37:06 INFO  State of operation 18263587 : EXECUTING
08:37:08 INFO  State of operation 18263587 : EXECUTING
08:37:10 INFO  State of operation 18263587 : EXECUTING
08:37:12 INFO  State of operation 18263587 : EXECUTING
08:37:15 INFO  State of operation 18263587 : EXECUTING
08:37:17 INFO  State of operation 18263587 : EXECUTING
08:37:19 INFO  State of operation 18263587 : EXECUTING
08:37:21 INFO  State of operation 18263587 : EXECUTING
08:37:24 INFO  State of operation 18263587 : EXECUTING
08:37:26 INFO  State of operation 18263587 : EXECUTING
08:37:29 INFO  State of operation 18263587 : EXECUTING
08:37:31 INFO  State of operation 18263587 : EXECUTING
08:37:34 INFO  State of operation 18263587 : EXECUTING
08:37:36 INFO  State of operation 18263587 : EXECUTING
08:37:39 INFO  State of operation 18263587 : EXECUTING
08:37:41 INFO  State of operation 18263587 : EXECUTING
08:37:43 INFO  State of operation 18263587 : EXECUTING
08:37:45 INFO  State of operation 18263587 : EXECUTING
08:37:48 INFO  State of operation 18263587 : EXECUTING
08:37:50 INFO  State of operation 18263587 : EXECUTING
08:37:52 INFO  State of operation 18263587 : EXECUTING
08:37:55 INFO  State of operation 18263587 : EXECUTING
08:37:57 INFO  State of operation 18263587 : EXECUTING
08:37:59 INFO  State of operation 18263587 : EXECUTING
08:38:01 INFO  State of operation 18263587 : EXECUTING
08:38:04 INFO  State of operation 18263587 : SUCCESSFUL
08:38:04 INFO  Assert that (False == value) with value=False ... passed
08:38:04 INFO  Package asciijump is installed
08:38:04 INFO  Assert that (True == value) with value=True ... passed
08:38:04 INFO  Package squirrel3 is installed
08:38:04 INFO  Assert that (True == value) with value=True ... passed
08:38:05 INFO  Package robotfindskitten is installed
08:38:05 INFO  Assert that (True == value) with value=True ... passed
08:38:05 INFO  Response status: 201
08:38:05 INFO  Response to action: {
    &quot;creationTime&quot;: &quot;2022-05-03T08:38:05.309Z&quot;,
    &quot;deviceName&quot;: &quot;mythicb&quot;,
    &quot;deviceId&quot;: &quot;18233696&quot;,
    &quot;self&quot;: &quot;https://t493319102.eu-latest.cumulocity.com/devicecontrol/operations/18263604&quot;,
    &quot;id&quot;: &quot;18263604&quot;,
    &quot;status&quot;: &quot;PENDING&quot;,
    &quot;description&quot;: &quot;Apply software changes, triggered from PySys: [{'action': 'delete', 'id': '5475369', 'name': 'asciijump', 'url': ' ', 'version': '::apt'}, {'action': 'delete', 'id': '5474869', 'name': 'robotfindskitten', 'url': ' ', 'version': '::apt'}, {'action': 'delete', 'id': '5475279', 'name': 'squirrel3', 'url': ' ', 'version': '::apt'}]&quot;,
    &quot;c8y_SoftwareUpdate&quot;: [
        {
            &quot;name&quot;: &quot;asciijump&quot;,
            &quot;action&quot;: &quot;delete&quot;,
            &quot;id&quot;: &quot;5475369&quot;,
            &quot;version&quot;: &quot;::apt&quot;,
            &quot;url&quot;: &quot; &quot;
        },
        {
            &quot;name&quot;: &quot;robotfindskitten&quot;,
            &quot;action&quot;: &quot;delete&quot;,
            &quot;id&quot;: &quot;5474869&quot;,
            &quot;version&quot;: &quot;::apt&quot;,
            &quot;url&quot;: &quot; &quot;
        },
        {
            &quot;name&quot;: &quot;squirrel3&quot;,
            &quot;action&quot;: &quot;delete&quot;,
            &quot;id&quot;: &quot;5475279&quot;,
            &quot;version&quot;: &quot;::apt&quot;,
            &quot;url&quot;: &quot; &quot;
        }
    ]
}
08:38:05 INFO  Started operation: {'creationTime': '2022-05-03T08:38:05.309Z', 'deviceName': 'mythicb', 'deviceId': '18233696', 'self': 'https://t493319102.eu-latest.cumulocity.com/devicecontrol/operations/18263604', 'id': '18263604', 'status': 'PENDING', 'description': &quot;Apply software changes, triggered from PySys: [{'action': 'delete', 'id': '5475369', 'name': 'asciijump', 'url': ' ', 'version': '::apt'}, {'action': 'delete', 'id': '5474869', 'name': 'robotfindskitten', 'url': ' ', 'version': '::apt'}, {'action': 'delete', 'id': '5475279', 'name': 'squirrel3', 'url': ' ', 'version': '::apt'}]&quot;, 'c8y_SoftwareUpdate': [{'name': 'asciijump', 'action': 'delete', 'id': '5475369', 'version': '::apt', 'url': ' '}, {'name': 'robotfindskitten', 'action': 'delete', 'id': '5474869', 'version': '::apt', 'url': ' '}, {'name': 'squirrel3', 'action': 'delete', 'id': '5475279', 'version': '::apt', 'url': ' '}]}
08:38:07 INFO  State of operation 18263604 : PENDING
08:38:09 INFO  State of operation 18263604 : EXECUTING
08:38:12 INFO  State of operation 18263604 : EXECUTING
08:38:14 INFO  State of operation 18263604 : EXECUTING
08:38:16 INFO  State of operation 18263604 : EXECUTING
08:38:18 INFO  State of operation 18263604 : EXECUTING
08:38:22 INFO  State of operation 18263604 : EXECUTING
08:38:24 INFO  State of operation 18263604 : EXECUTING
08:38:27 INFO  State of operation 18263604 : EXECUTING
08:38:29 INFO  State of operation 18263604 : EXECUTING
08:38:32 INFO  State of operation 18263604 : EXECUTING
08:38:34 INFO  State of operation 18263604 : EXECUTING
08:38:36 INFO  State of operation 18263604 : EXECUTING
08:38:38 INFO  State of operation 18263604 : EXECUTING
08:38:41 INFO  State of operation 18263604 : EXECUTING
08:38:43 INFO  State of operation 18263604 : EXECUTING
08:38:46 INFO  State of operation 18263604 : EXECUTING
08:38:48 INFO  State of operation 18263604 : EXECUTING
08:38:51 INFO  State of operation 18263604 : EXECUTING
08:38:53 INFO  State of operation 18263604 : EXECUTING
08:38:55 INFO  State of operation 18263604 : EXECUTING
08:38:58 INFO  State of operation 18263604 : EXECUTING
08:39:00 INFO  State of operation 18263604 : EXECUTING
08:39:02 INFO  State of operation 18263604 : EXECUTING
08:39:05 INFO  State of operation 18263604 : EXECUTING
08:39:08 INFO  State of operation 18263604 : EXECUTING
08:39:10 INFO  State of operation 18263604 : EXECUTING
08:39:12 INFO  State of operation 18263604 : SUCCESSFUL
08:39:12 INFO  Assert that (False == value) with value=False ... passed
08:39:13 INFO  Assert that (False == value) with value=False ... passed
08:39:13 INFO  Assert that (False == value) with value=False ... passed
08:39:13 INFO  Assert that (False == value) with value=False ... passed
08:39:13 INFO  
08:39:13 INFO  cleanup:
08:39:17 INFO  Executed sudo&lt;tedge_disconnect_c8y&gt;, exit status 0
08:39:17 INFO  Executed systemctl&lt;serv_mapper5&gt;, exit status 3
08:39:17 INFO  
08:39:17 INFO  Test duration: 181.66 secs
08:39:17 INFO  Test final outcome:  FAILED
08:39:17 INFO  Test outcome reason: Assert that (False == value) with value=True
08:39:17 INFO  
</system-out>
	</testcase>
</testsuite>
