<?xml version="1.0" encoding="utf-8"?>
<testsuite failures="1" name="SoftwareManagement.sm_apt_install_remove_multiple" skipped="0" tests="1" time="182.39" timestamp="2022-04-28T16:12:39">
	<testcase classname="PySysTest" name="SoftwareManagement.sm_apt_install_remove_multiple">
		<failure message="FAILED: Assert that (False == value) with value=True" type="FAILED"/>
		<system-out>16:09:36 INFO  ==============================================================
16:09:36 INFO  Id:    SoftwareManagement.sm_apt_install_remove_multiple
16:09:36 INFO  Dir:   software_management_end_to_end/
16:09:36 INFO  Title: Validate end to end behaviour for the apt plugin for multiple packages
16:09:36 INFO  ==============================================================
16:09:36 INFO  Using sw id database: {'asciijump': '5475369', 'robotfindskitten': '5474869', 'squirrel3': '5475279', 'rolldice': '5152439', 'moon-buggy': '5439204', 'apple': '5495053', 'banana': '5494888', 'cherry': '5495382', 'watermelon': '5494510', 'registry': '8018911', 'hello-world': '8021526', 'docker/getting-started': '8021973', 'alpine': '7991792'}
16:09:36 INFO  EnvironmentC8y Setup
16:09:37 INFO  Executed systemctl&lt;serv_mapper1&gt;, exit status 3
16:09:37 INFO  Restarting mosquitto too frequently in the last 10 seconds. It was only up for 5 seconds
16:09:37 INFO  Delaying execution by 6 seconds
16:09:57 INFO  Executed sudo&lt;tedge_connect_c8y&gt;, exit status 0, duration 14 secs
16:09:58 INFO  Executed sudo&lt;tedge_connect_c8y_test&gt;, exit status 0
16:09:58 INFO  Executed systemctl&lt;serv_mosq2&gt;, exit status 0
16:09:59 INFO  Executed systemctl&lt;serv_mapper3&gt;, exit status 0
16:10:01 INFO  State of current operation: SUCCESSFUL
16:10:01 INFO  Assert that (False == value) with value=False ... passed
16:10:01 INFO  Assert that (False == value) with value=False ... passed
16:10:02 INFO  Assert that (False == value) with value=False ... passed
16:10:02 INFO  Package robotfindskitten is installed
16:10:02 WARN  Assert that (False == value) with value=True ... failed 
16:10:02 INFO  Response status: 201
16:10:02 INFO  Response to action: {
    &quot;creationTime&quot;: &quot;2022-04-28T16:10:02.594Z&quot;,
    &quot;deviceName&quot;: &quot;mythicb&quot;,
    &quot;deviceId&quot;: &quot;17908757&quot;,
    &quot;self&quot;: &quot;https://t493319102.eu-latest.cumulocity.com/devicecontrol/operations/17923407&quot;,
    &quot;id&quot;: &quot;17923407&quot;,
    &quot;status&quot;: &quot;PENDING&quot;,
    &quot;description&quot;: &quot;Apply software changes, triggered from PySys: [{'action': 'install', 'id': '5475369', 'name': 'asciijump', 'url': ' ', 'version': '::apt'}, {'action': 'install', 'id': '5474869', 'name': 'robotfindskitten', 'url': ' ', 'version': '::apt'}, {'action': 'install', 'id': '5475279', 'name': 'squirrel3', 'url': ' ', 'version': '::apt'}]&quot;,
    &quot;c8y_SoftwareUpdate&quot;: [
        {
            &quot;name&quot;: &quot;asciijump&quot;,
            &quot;action&quot;: &quot;install&quot;,
            &quot;id&quot;: &quot;5475369&quot;,
            &quot;version&quot;: &quot;::apt&quot;,
            &quot;url&quot;: &quot; &quot;
        },
        {
            &quot;name&quot;: &quot;robotfindskitten&quot;,
            &quot;action&quot;: &quot;install&quot;,
            &quot;id&quot;: &quot;5474869&quot;,
            &quot;version&quot;: &quot;::apt&quot;,
            &quot;url&quot;: &quot; &quot;
        },
        {
            &quot;name&quot;: &quot;squirrel3&quot;,
            &quot;action&quot;: &quot;install&quot;,
            &quot;id&quot;: &quot;5475279&quot;,
            &quot;version&quot;: &quot;::apt&quot;,
            &quot;url&quot;: &quot; &quot;
        }
    ]
}
16:10:02 INFO  Started operation: {'creationTime': '2022-04-28T16:10:02.594Z', 'deviceName': 'mythicb', 'deviceId': '17908757', 'self': 'https://t493319102.eu-latest.cumulocity.com/devicecontrol/operations/17923407', 'id': '17923407', 'status': 'PENDING', 'description': &quot;Apply software changes, triggered from PySys: [{'action': 'install', 'id': '5475369', 'name': 'asciijump', 'url': ' ', 'version': '::apt'}, {'action': 'install', 'id': '5474869', 'name': 'robotfindskitten', 'url': ' ', 'version': '::apt'}, {'action': 'install', 'id': '5475279', 'name': 'squirrel3', 'url': ' ', 'version': '::apt'}]&quot;, 'c8y_SoftwareUpdate': [{'name': 'asciijump', 'action': 'install', 'id': '5475369', 'version': '::apt', 'url': ' '}, {'name': 'robotfindskitten', 'action': 'install', 'id': '5474869', 'version': '::apt', 'url': ' '}, {'name': 'squirrel3', 'action': 'install', 'id': '5475279', 'version': '::apt', 'url': ' '}]}
16:10:05 INFO  State of operation 17923407 : PENDING
16:10:07 INFO  State of operation 17923407 : EXECUTING
16:10:09 INFO  State of operation 17923407 : EXECUTING
16:10:11 INFO  State of operation 17923407 : EXECUTING
16:10:13 INFO  State of operation 17923407 : EXECUTING
16:10:16 INFO  State of operation 17923407 : EXECUTING
16:10:19 INFO  State of operation 17923407 : EXECUTING
16:10:21 INFO  State of operation 17923407 : EXECUTING
16:10:24 INFO  State of operation 17923407 : EXECUTING
16:10:26 INFO  State of operation 17923407 : EXECUTING
16:10:28 INFO  State of operation 17923407 : EXECUTING
16:10:31 INFO  State of operation 17923407 : EXECUTING
16:10:33 INFO  State of operation 17923407 : EXECUTING
16:10:35 INFO  State of operation 17923407 : EXECUTING
16:10:37 INFO  State of operation 17923407 : EXECUTING
16:10:40 INFO  State of operation 17923407 : EXECUTING
16:10:42 INFO  State of operation 17923407 : EXECUTING
16:10:45 INFO  State of operation 17923407 : EXECUTING
16:10:47 INFO  State of operation 17923407 : EXECUTING
16:10:50 INFO  State of operation 17923407 : EXECUTING
16:10:52 INFO  State of operation 17923407 : EXECUTING
16:10:54 INFO  State of operation 17923407 : EXECUTING
16:10:56 INFO  State of operation 17923407 : EXECUTING
16:10:59 INFO  State of operation 17923407 : EXECUTING
16:11:02 INFO  State of operation 17923407 : EXECUTING
16:11:04 INFO  State of operation 17923407 : EXECUTING
16:11:07 INFO  State of operation 17923407 : EXECUTING
16:11:09 INFO  State of operation 17923407 : EXECUTING
16:11:12 INFO  State of operation 17923407 : EXECUTING
16:11:14 INFO  State of operation 17923407 : EXECUTING
16:11:16 INFO  State of operation 17923407 : EXECUTING
16:11:19 INFO  State of operation 17923407 : EXECUTING
16:11:21 INFO  State of operation 17923407 : EXECUTING
16:11:23 INFO  State of operation 17923407 : EXECUTING
16:11:25 INFO  State of operation 17923407 : SUCCESSFUL
16:11:26 INFO  Assert that (False == value) with value=False ... passed
16:11:26 INFO  Package asciijump is installed
16:11:26 INFO  Assert that (True == value) with value=True ... passed
16:11:26 INFO  Package squirrel3 is installed
16:11:26 INFO  Assert that (True == value) with value=True ... passed
16:11:26 INFO  Package robotfindskitten is installed
16:11:26 INFO  Assert that (True == value) with value=True ... passed
16:11:26 INFO  Response status: 201
16:11:27 INFO  Response to action: {
    &quot;creationTime&quot;: &quot;2022-04-28T16:11:26.952Z&quot;,
    &quot;deviceName&quot;: &quot;mythicb&quot;,
    &quot;deviceId&quot;: &quot;17908757&quot;,
    &quot;self&quot;: &quot;https://t493319102.eu-latest.cumulocity.com/devicecontrol/operations/17923415&quot;,
    &quot;id&quot;: &quot;17923415&quot;,
    &quot;status&quot;: &quot;PENDING&quot;,
    &quot;description&quot;: &quot;Apply software changes, triggered from PySys: [{'action': 'delete', 'id': '5475369', 'name': 'asciijump', 'url': ' ', 'version': '::apt'}, {'action': 'delete', 'id': '5474869', 'name': 'robotfindskitten', 'url': ' ', 'version': '::apt'}, {'action': 'delete', 'id': '5475279', 'name': 'squirrel3', 'url': ' ', 'version': '::apt'}]&quot;,
    &quot;c8y_SoftwareUpdate&quot;: [
        {
            &quot;name&quot;: &quot;asciijump&quot;,
            &quot;action&quot;: &quot;delete&quot;,
            &quot;id&quot;: &quot;5475369&quot;,
            &quot;version&quot;: &quot;::apt&quot;,
            &quot;url&quot;: &quot; &quot;
        },
        {
            &quot;name&quot;: &quot;robotfindskitten&quot;,
            &quot;action&quot;: &quot;delete&quot;,
            &quot;id&quot;: &quot;5474869&quot;,
            &quot;version&quot;: &quot;::apt&quot;,
            &quot;url&quot;: &quot; &quot;
        },
        {
            &quot;name&quot;: &quot;squirrel3&quot;,
            &quot;action&quot;: &quot;delete&quot;,
            &quot;id&quot;: &quot;5475279&quot;,
            &quot;version&quot;: &quot;::apt&quot;,
            &quot;url&quot;: &quot; &quot;
        }
    ]
}
16:11:27 INFO  Started operation: {'creationTime': '2022-04-28T16:11:26.952Z', 'deviceName': 'mythicb', 'deviceId': '17908757', 'self': 'https://t493319102.eu-latest.cumulocity.com/devicecontrol/operations/17923415', 'id': '17923415', 'status': 'PENDING', 'description': &quot;Apply software changes, triggered from PySys: [{'action': 'delete', 'id': '5475369', 'name': 'asciijump', 'url': ' ', 'version': '::apt'}, {'action': 'delete', 'id': '5474869', 'name': 'robotfindskitten', 'url': ' ', 'version': '::apt'}, {'action': 'delete', 'id': '5475279', 'name': 'squirrel3', 'url': ' ', 'version': '::apt'}]&quot;, 'c8y_SoftwareUpdate': [{'name': 'asciijump', 'action': 'delete', 'id': '5475369', 'version': '::apt', 'url': ' '}, {'name': 'robotfindskitten', 'action': 'delete', 'id': '5474869', 'version': '::apt', 'url': ' '}, {'name': 'squirrel3', 'action': 'delete', 'id': '5475279', 'version': '::apt', 'url': ' '}]}
16:11:29 INFO  State of operation 17923415 : PENDING
16:11:31 INFO  State of operation 17923415 : EXECUTING
16:11:33 INFO  State of operation 17923415 : EXECUTING
16:11:35 INFO  State of operation 17923415 : EXECUTING
16:11:38 INFO  State of operation 17923415 : EXECUTING
16:11:40 INFO  State of operation 17923415 : EXECUTING
16:11:43 INFO  State of operation 17923415 : EXECUTING
16:11:46 INFO  State of operation 17923415 : EXECUTING
16:11:48 INFO  State of operation 17923415 : EXECUTING
16:11:51 INFO  State of operation 17923415 : EXECUTING
16:11:53 INFO  State of operation 17923415 : EXECUTING
16:11:55 INFO  State of operation 17923415 : EXECUTING
16:11:57 INFO  State of operation 17923415 : EXECUTING
16:12:00 INFO  State of operation 17923415 : EXECUTING
16:12:02 INFO  State of operation 17923415 : EXECUTING
16:12:04 INFO  State of operation 17923415 : EXECUTING
16:12:07 INFO  State of operation 17923415 : EXECUTING
16:12:10 INFO  State of operation 17923415 : EXECUTING
16:12:12 INFO  State of operation 17923415 : EXECUTING
16:12:14 INFO  State of operation 17923415 : EXECUTING
16:12:17 INFO  State of operation 17923415 : EXECUTING
16:12:19 INFO  State of operation 17923415 : EXECUTING
16:12:21 INFO  State of operation 17923415 : EXECUTING
16:12:23 INFO  State of operation 17923415 : EXECUTING
16:12:26 INFO  State of operation 17923415 : EXECUTING
16:12:29 INFO  State of operation 17923415 : EXECUTING
16:12:31 INFO  State of operation 17923415 : EXECUTING
16:12:33 INFO  State of operation 17923415 : SUCCESSFUL
16:12:33 INFO  Assert that (False == value) with value=False ... passed
16:12:33 INFO  Assert that (False == value) with value=False ... passed
16:12:34 INFO  Assert that (False == value) with value=False ... passed
16:12:34 INFO  Assert that (False == value) with value=False ... passed
16:12:34 INFO  
16:12:34 INFO  cleanup:
16:12:38 INFO  Executed sudo&lt;tedge_disconnect_c8y&gt;, exit status 0
16:12:39 INFO  Executed systemctl&lt;serv_mapper5&gt;, exit status 3
16:12:39 INFO  
16:12:39 INFO  Test duration: 182.39 secs
16:12:39 INFO  Test final outcome:  FAILED
16:12:39 INFO  Test outcome reason: Assert that (False == value) with value=True
16:12:39 INFO  
</system-out>
	</testcase>
</testsuite>
