<?xml version="1.0" encoding="utf-8"?>
<testsuite failures="0" name="apt_remove" skipped="0" tests="1" time="67.4" timestamp="2022-05-09T07:26:23">
	<testcase classname="AptPluginRemoveDense" name="apt_remove"/>
</testsuite>
