<?xml version="1.0" encoding="utf-8"?>
<testsuite failures="0" name="apt_install" skipped="0" tests="1" time="66.55" timestamp="2022-04-21T08:42:39">
	<testcase classname="AptPluginInstallDense" name="apt_install"/>
</testsuite>
