<?xml version="1.0" encoding="utf-8"?>
<testsuite failures="0" name="apt_install" skipped="0" tests="1" time="66.38" timestamp="2022-05-11T11:52:09">
	<testcase classname="AptPluginInstallDense" name="apt_install"/>
</testsuite>
