<?xml version="1.0" encoding="utf-8"?>
<testsuite failures="1" name="SoftwareManagement.sm_apt_install_remove_multiple" skipped="0" tests="1" time="180.83" timestamp="2022-05-10T13:55:39">
	<testcase classname="PySysTest" name="SoftwareManagement.sm_apt_install_remove_multiple">
		<failure message="FAILED: Assert that (False == value) with value=True" type="FAILED"/>
		<system-out>13:52:38 INFO  ==============================================================
13:52:38 INFO  Id:    SoftwareManagement.sm_apt_install_remove_multiple
13:52:38 INFO  Dir:   software_management_end_to_end/
13:52:38 INFO  Title: Validate end to end behaviour for the apt plugin for multiple packages
13:52:38 INFO  ==============================================================
13:52:38 INFO  Using sw id database: {'asciijump': '5475369', 'robotfindskitten': '5474869', 'squirrel3': '5475279', 'rolldice': '5152439', 'moon-buggy': '5439204', 'apple': '5495053', 'banana': '5494888', 'cherry': '5495382', 'watermelon': '5494510', 'registry': '8018911', 'hello-world': '8021526', 'docker/getting-started': '8021973', 'alpine': '7991792'}
13:52:38 INFO  EnvironmentC8y Setup
13:52:39 INFO  Executed systemctl&lt;serv_mapper1&gt;, exit status 3
13:52:39 INFO  Restarting mosquitto too frequently in the last 10 seconds. It was only up for 5 seconds
13:52:39 INFO  Delaying execution by 6 seconds
13:52:59 INFO  Executed sudo&lt;tedge_connect_c8y&gt;, exit status 0, duration 13 secs
13:52:59 INFO  Executed sudo&lt;tedge_connect_c8y_test&gt;, exit status 0
13:53:00 INFO  Executed systemctl&lt;serv_mosq2&gt;, exit status 0
13:53:00 INFO  Executed systemctl&lt;serv_mapper3&gt;, exit status 0
13:53:02 INFO  State of current operation: SUCCESSFUL
13:53:03 INFO  Assert that (False == value) with value=False ... passed
13:53:03 INFO  Assert that (False == value) with value=False ... passed
13:53:03 INFO  Assert that (False == value) with value=False ... passed
13:53:03 INFO  Package robotfindskitten is installed
13:53:03 WARN  Assert that (False == value) with value=True ... failed 
13:53:03 INFO  Response status: 201
13:53:03 INFO  Response to action: {
    &quot;creationTime&quot;: &quot;2022-05-10T13:53:03.935Z&quot;,
    &quot;deviceName&quot;: &quot;mythicb&quot;,
    &quot;deviceId&quot;: &quot;18672401&quot;,
    &quot;self&quot;: &quot;https://t493319102.eu-latest.cumulocity.com/devicecontrol/operations/18685437&quot;,
    &quot;id&quot;: &quot;18685437&quot;,
    &quot;status&quot;: &quot;PENDING&quot;,
    &quot;description&quot;: &quot;Apply software changes, triggered from PySys: [{'action': 'install', 'id': '5475369', 'name': 'asciijump', 'url': ' ', 'version': '::apt'}, {'action': 'install', 'id': '5474869', 'name': 'robotfindskitten', 'url': ' ', 'version': '::apt'}, {'action': 'install', 'id': '5475279', 'name': 'squirrel3', 'url': ' ', 'version': '::apt'}]&quot;,
    &quot;c8y_SoftwareUpdate&quot;: [
        {
            &quot;name&quot;: &quot;asciijump&quot;,
            &quot;action&quot;: &quot;install&quot;,
            &quot;id&quot;: &quot;5475369&quot;,
            &quot;version&quot;: &quot;::apt&quot;,
            &quot;url&quot;: &quot; &quot;
        },
        {
            &quot;name&quot;: &quot;robotfindskitten&quot;,
            &quot;action&quot;: &quot;install&quot;,
            &quot;id&quot;: &quot;5474869&quot;,
            &quot;version&quot;: &quot;::apt&quot;,
            &quot;url&quot;: &quot; &quot;
        },
        {
            &quot;name&quot;: &quot;squirrel3&quot;,
            &quot;action&quot;: &quot;install&quot;,
            &quot;id&quot;: &quot;5475279&quot;,
            &quot;version&quot;: &quot;::apt&quot;,
            &quot;url&quot;: &quot; &quot;
        }
    ]
}
13:53:04 INFO  Started operation: {'creationTime': '2022-05-10T13:53:03.935Z', 'deviceName': 'mythicb', 'deviceId': '18672401', 'self': 'https://t493319102.eu-latest.cumulocity.com/devicecontrol/operations/18685437', 'id': '18685437', 'status': 'PENDING', 'description': &quot;Apply software changes, triggered from PySys: [{'action': 'install', 'id': '5475369', 'name': 'asciijump', 'url': ' ', 'version': '::apt'}, {'action': 'install', 'id': '5474869', 'name': 'robotfindskitten', 'url': ' ', 'version': '::apt'}, {'action': 'install', 'id': '5475279', 'name': 'squirrel3', 'url': ' ', 'version': '::apt'}]&quot;, 'c8y_SoftwareUpdate': [{'name': 'asciijump', 'action': 'install', 'id': '5475369', 'version': '::apt', 'url': ' '}, {'name': 'robotfindskitten', 'action': 'install', 'id': '5474869', 'version': '::apt', 'url': ' '}, {'name': 'squirrel3', 'action': 'install', 'id': '5475279', 'version': '::apt', 'url': ' '}]}
13:53:06 INFO  State of operation 18685437 : PENDING
13:53:08 INFO  State of operation 18685437 : EXECUTING
13:53:10 INFO  State of operation 18685437 : EXECUTING
13:53:12 INFO  State of operation 18685437 : EXECUTING
13:53:15 INFO  State of operation 18685437 : EXECUTING
13:53:17 INFO  State of operation 18685437 : EXECUTING
13:53:20 INFO  State of operation 18685437 : EXECUTING
13:53:23 INFO  State of operation 18685437 : EXECUTING
13:53:25 INFO  State of operation 18685437 : EXECUTING
13:53:28 INFO  State of operation 18685437 : EXECUTING
13:53:30 INFO  State of operation 18685437 : EXECUTING
13:53:32 INFO  State of operation 18685437 : EXECUTING
13:53:34 INFO  State of operation 18685437 : EXECUTING
13:53:37 INFO  State of operation 18685437 : EXECUTING
13:53:39 INFO  State of operation 18685437 : EXECUTING
13:53:41 INFO  State of operation 18685437 : EXECUTING
13:53:44 INFO  State of operation 18685437 : EXECUTING
13:53:46 INFO  State of operation 18685437 : EXECUTING
13:53:49 INFO  State of operation 18685437 : EXECUTING
13:53:51 INFO  State of operation 18685437 : EXECUTING
13:53:53 INFO  State of operation 18685437 : EXECUTING
13:53:56 INFO  State of operation 18685437 : EXECUTING
13:53:58 INFO  State of operation 18685437 : EXECUTING
13:54:02 INFO  State of operation 18685437 : EXECUTING
13:54:04 INFO  State of operation 18685437 : EXECUTING
13:54:07 INFO  State of operation 18685437 : EXECUTING
13:54:09 INFO  State of operation 18685437 : EXECUTING
13:54:12 INFO  State of operation 18685437 : EXECUTING
13:54:14 INFO  State of operation 18685437 : EXECUTING
13:54:17 INFO  State of operation 18685437 : EXECUTING
13:54:19 INFO  State of operation 18685437 : EXECUTING
13:54:21 INFO  State of operation 18685437 : EXECUTING
13:54:24 INFO  State of operation 18685437 : EXECUTING
13:54:26 INFO  State of operation 18685437 : SUCCESSFUL
13:54:26 INFO  Assert that (False == value) with value=False ... passed
13:54:26 INFO  Package asciijump is installed
13:54:26 INFO  Assert that (True == value) with value=True ... passed
13:54:26 INFO  Package squirrel3 is installed
13:54:26 INFO  Assert that (True == value) with value=True ... passed
13:54:27 INFO  Package robotfindskitten is installed
13:54:27 INFO  Assert that (True == value) with value=True ... passed
13:54:27 INFO  Response status: 201
13:54:27 INFO  Response to action: {
    &quot;creationTime&quot;: &quot;2022-05-10T13:54:27.359Z&quot;,
    &quot;deviceName&quot;: &quot;mythicb&quot;,
    &quot;deviceId&quot;: &quot;18672401&quot;,
    &quot;self&quot;: &quot;https://t493319102.eu-latest.cumulocity.com/devicecontrol/operations/18685453&quot;,
    &quot;id&quot;: &quot;18685453&quot;,
    &quot;status&quot;: &quot;PENDING&quot;,
    &quot;description&quot;: &quot;Apply software changes, triggered from PySys: [{'action': 'delete', 'id': '5475369', 'name': 'asciijump', 'url': ' ', 'version': '::apt'}, {'action': 'delete', 'id': '5474869', 'name': 'robotfindskitten', 'url': ' ', 'version': '::apt'}, {'action': 'delete', 'id': '5475279', 'name': 'squirrel3', 'url': ' ', 'version': '::apt'}]&quot;,
    &quot;c8y_SoftwareUpdate&quot;: [
        {
            &quot;name&quot;: &quot;asciijump&quot;,
            &quot;action&quot;: &quot;delete&quot;,
            &quot;id&quot;: &quot;5475369&quot;,
            &quot;version&quot;: &quot;::apt&quot;,
            &quot;url&quot;: &quot; &quot;
        },
        {
            &quot;name&quot;: &quot;robotfindskitten&quot;,
            &quot;action&quot;: &quot;delete&quot;,
            &quot;id&quot;: &quot;5474869&quot;,
            &quot;version&quot;: &quot;::apt&quot;,
            &quot;url&quot;: &quot; &quot;
        },
        {
            &quot;name&quot;: &quot;squirrel3&quot;,
            &quot;action&quot;: &quot;delete&quot;,
            &quot;id&quot;: &quot;5475279&quot;,
            &quot;version&quot;: &quot;::apt&quot;,
            &quot;url&quot;: &quot; &quot;
        }
    ]
}
13:54:27 INFO  Started operation: {'creationTime': '2022-05-10T13:54:27.359Z', 'deviceName': 'mythicb', 'deviceId': '18672401', 'self': 'https://t493319102.eu-latest.cumulocity.com/devicecontrol/operations/18685453', 'id': '18685453', 'status': 'PENDING', 'description': &quot;Apply software changes, triggered from PySys: [{'action': 'delete', 'id': '5475369', 'name': 'asciijump', 'url': ' ', 'version': '::apt'}, {'action': 'delete', 'id': '5474869', 'name': 'robotfindskitten', 'url': ' ', 'version': '::apt'}, {'action': 'delete', 'id': '5475279', 'name': 'squirrel3', 'url': ' ', 'version': '::apt'}]&quot;, 'c8y_SoftwareUpdate': [{'name': 'asciijump', 'action': 'delete', 'id': '5475369', 'version': '::apt', 'url': ' '}, {'name': 'robotfindskitten', 'action': 'delete', 'id': '5474869', 'version': '::apt', 'url': ' '}, {'name': 'squirrel3', 'action': 'delete', 'id': '5475279', 'version': '::apt', 'url': ' '}]}
13:54:29 INFO  State of operation 18685453 : PENDING
13:54:31 INFO  State of operation 18685453 : EXECUTING
13:54:34 INFO  State of operation 18685453 : EXECUTING
13:54:36 INFO  State of operation 18685453 : EXECUTING
13:54:38 INFO  State of operation 18685453 : EXECUTING
13:54:40 INFO  State of operation 18685453 : EXECUTING
13:54:44 INFO  State of operation 18685453 : EXECUTING
13:54:46 INFO  State of operation 18685453 : EXECUTING
13:54:49 INFO  State of operation 18685453 : EXECUTING
13:54:51 INFO  State of operation 18685453 : EXECUTING
13:54:53 INFO  State of operation 18685453 : EXECUTING
13:54:55 INFO  State of operation 18685453 : EXECUTING
13:54:58 INFO  State of operation 18685453 : EXECUTING
13:55:00 INFO  State of operation 18685453 : EXECUTING
13:55:02 INFO  State of operation 18685453 : EXECUTING
13:55:05 INFO  State of operation 18685453 : EXECUTING
13:55:07 INFO  State of operation 18685453 : EXECUTING
13:55:10 INFO  State of operation 18685453 : EXECUTING
13:55:12 INFO  State of operation 18685453 : EXECUTING
13:55:14 INFO  State of operation 18685453 : EXECUTING
13:55:17 INFO  State of operation 18685453 : EXECUTING
13:55:19 INFO  State of operation 18685453 : EXECUTING
13:55:21 INFO  State of operation 18685453 : EXECUTING
13:55:23 INFO  State of operation 18685453 : EXECUTING
13:55:26 INFO  State of operation 18685453 : EXECUTING
13:55:29 INFO  State of operation 18685453 : EXECUTING
13:55:31 INFO  State of operation 18685453 : EXECUTING
13:55:33 INFO  State of operation 18685453 : SUCCESSFUL
13:55:33 INFO  Assert that (False == value) with value=False ... passed
13:55:33 INFO  Assert that (False == value) with value=False ... passed
13:55:34 INFO  Assert that (False == value) with value=False ... passed
13:55:34 INFO  Assert that (False == value) with value=False ... passed
13:55:34 INFO  
13:55:34 INFO  cleanup:
13:55:38 INFO  Executed sudo&lt;tedge_disconnect_c8y&gt;, exit status 0
13:55:39 INFO  Executed systemctl&lt;serv_mapper5&gt;, exit status 3
13:55:39 INFO  
13:55:39 INFO  Test duration: 180.83 secs
13:55:39 INFO  Test final outcome:  FAILED
13:55:39 INFO  Test outcome reason: Assert that (False == value) with value=True
13:55:39 INFO  
</system-out>
	</testcase>
</testsuite>
