<?xml version="1.0" encoding="utf-8"?>
<testsuite failures="1" name="SoftwareManagement.sm_apt_install_remove_multiple_mixed" skipped="0" tests="1" time="182.92" timestamp="2022-05-09T07:48:55">
	<testcase classname="PySysTest" name="SoftwareManagement.sm_apt_install_remove_multiple_mixed">
		<failure message="BLOCKED: SystemError: Timeout while waiting for status SUCCESSFUL or False" type="BLOCKED"/>
		<system-out>07:45:53 INFO  ==============================================================
07:45:53 INFO  Id:    SoftwareManagement.sm_apt_install_remove_multiple_mixed
07:45:53 INFO  Dir:   software_management_end_to_end/
07:45:53 INFO  Title: Validate end to end behaviour for the apt plugin for multiple packages with mixed versions
07:45:53 INFO  ==============================================================
07:45:53 INFO  Using sw id database: {'asciijump': '5475369', 'robotfindskitten': '5474869', 'squirrel3': '5475279', 'rolldice': '5152439', 'moon-buggy': '5439204', 'apple': '5495053', 'banana': '5494888', 'cherry': '5495382', 'watermelon': '5494510', 'registry': '8018911', 'hello-world': '8021526', 'docker/getting-started': '8021973', 'alpine': '7991792'}
07:45:53 INFO  EnvironmentC8y Setup
07:45:53 INFO  Executed systemctl&lt;serv_mapper1&gt;, exit status 3
07:45:53 INFO  Restarting mosquitto too frequently in the last 10 seconds. It was only up for 4 seconds
07:45:53 INFO  Delaying execution by 7 seconds
07:46:14 INFO  Executed sudo&lt;tedge_connect_c8y&gt;, exit status 0, duration 13 secs
07:46:15 INFO  Executed sudo&lt;tedge_connect_c8y_test&gt;, exit status 0
07:46:15 INFO  Executed systemctl&lt;serv_mosq2&gt;, exit status 0
07:46:16 INFO  Executed systemctl&lt;serv_mapper3&gt;, exit status 0
07:46:18 INFO  State of current operation: SUCCESSFUL
07:46:18 INFO  Assert that (False == value) with value=False ... passed
07:46:18 INFO  Assert that (False == value) with value=False ... passed
07:46:19 INFO  Assert that (False == value) with value=False ... passed
07:46:19 INFO  Assert that (False == value) with value=False ... passed
07:46:19 INFO  Assert that (False == value) with value=False ... passed
07:46:20 INFO  Response status: 201
07:46:20 INFO  Response to action: {
    &quot;creationTime&quot;: &quot;2022-05-09T07:46:20.839Z&quot;,
    &quot;deviceName&quot;: &quot;mythicb&quot;,
    &quot;deviceId&quot;: &quot;18508457&quot;,
    &quot;self&quot;: &quot;https://t493319102.eu-latest.cumulocity.com/devicecontrol/operations/18523413&quot;,
    &quot;id&quot;: &quot;18523413&quot;,
    &quot;status&quot;: &quot;PENDING&quot;,
    &quot;description&quot;: &quot;Apply software changes, triggered from PySys: [{'action': 'install', 'id': '5475369', 'name': 'asciijump', 'url': ' ', 'version': '::apt'}, {'action': 'install', 'id': '5474869', 'name': 'robotfindskitten', 'url': ' ', 'version': ' '}, {'action': 'install', 'id': '5475279', 'name': 'squirrel3', 'url': ' ', 'version': '3.1-7::apt'}, {'action': 'install', 'id': '5152439', 'name': 'rolldice', 'url': ' ', 'version': '1.16-1+b1'}, {'action': 'install', 'id': '5439204', 'name': 'moon-buggy', 'url': ' ', 'version': '1:1.0.51-12'}, {'action': 'install', 'id': '5475369', 'name': 'asciijump', 'url': ' ', 'version': '::apt'}]&quot;,
    &quot;c8y_SoftwareUpdate&quot;: [
        {
            &quot;name&quot;: &quot;asciijump&quot;,
            &quot;action&quot;: &quot;install&quot;,
            &quot;id&quot;: &quot;5475369&quot;,
            &quot;version&quot;: &quot;::apt&quot;,
            &quot;url&quot;: &quot; &quot;
        },
        {
            &quot;name&quot;: &quot;robotfindskitten&quot;,
            &quot;action&quot;: &quot;install&quot;,
            &quot;id&quot;: &quot;5474869&quot;,
            &quot;version&quot;: &quot; &quot;,
            &quot;url&quot;: &quot; &quot;
        },
        {
            &quot;name&quot;: &quot;squirrel3&quot;,
            &quot;action&quot;: &quot;install&quot;,
            &quot;id&quot;: &quot;5475279&quot;,
            &quot;version&quot;: &quot;3.1-7::apt&quot;,
            &quot;url&quot;: &quot; &quot;
        },
        {
            &quot;name&quot;: &quot;rolldice&quot;,
            &quot;action&quot;: &quot;install&quot;,
            &quot;id&quot;: &quot;5152439&quot;,
            &quot;version&quot;: &quot;1.16-1+b1&quot;,
            &quot;url&quot;: &quot; &quot;
        },
        {
            &quot;name&quot;: &quot;moon-buggy&quot;,
            &quot;action&quot;: &quot;install&quot;,
            &quot;id&quot;: &quot;5439204&quot;,
            &quot;version&quot;: &quot;1:1.0.51-12&quot;,
            &quot;url&quot;: &quot; &quot;
        },
        {
            &quot;name&quot;: &quot;asciijump&quot;,
            &quot;action&quot;: &quot;install&quot;,
            &quot;id&quot;: &quot;5475369&quot;,
            &quot;version&quot;: &quot;::apt&quot;,
            &quot;url&quot;: &quot; &quot;
        }
    ]
}
07:46:20 INFO  Started operation: {'creationTime': '2022-05-09T07:46:20.839Z', 'deviceName': 'mythicb', 'deviceId': '18508457', 'self': 'https://t493319102.eu-latest.cumulocity.com/devicecontrol/operations/18523413', 'id': '18523413', 'status': 'PENDING', 'description': &quot;Apply software changes, triggered from PySys: [{'action': 'install', 'id': '5475369', 'name': 'asciijump', 'url': ' ', 'version': '::apt'}, {'action': 'install', 'id': '5474869', 'name': 'robotfindskitten', 'url': ' ', 'version': ' '}, {'action': 'install', 'id': '5475279', 'name': 'squirrel3', 'url': ' ', 'version': '3.1-7::apt'}, {'action': 'install', 'id': '5152439', 'name': 'rolldice', 'url': ' ', 'version': '1.16-1+b1'}, {'action': 'install', 'id': '5439204', 'name': 'moon-buggy', 'url': ' ', 'version': '1:1.0.51-12'}, {'action': 'install', 'id': '5475369', 'name': 'asciijump', 'url': ' ', 'version': '::apt'}]&quot;, 'c8y_SoftwareUpdate': [{'name': 'asciijump', 'action': 'install', 'id': '5475369', 'version': '::apt', 'url': ' '}, {'name': 'robotfindskitten', 'action': 'install', 'id': '5474869', 'version': ' ', 'url': ' '}, {'name': 'squirrel3', 'action': 'install', 'id': '5475279', 'version': '3.1-7::apt', 'url': ' '}, {'name': 'rolldice', 'action': 'install', 'id': '5152439', 'version': '1.16-1+b1', 'url': ' '}, {'name': 'moon-buggy', 'action': 'install', 'id': '5439204', 'version': '1:1.0.51-12', 'url': ' '}, {'name': 'asciijump', 'action': 'install', 'id': '5475369', 'version': '::apt', 'url': ' '}]}
07:46:23 INFO  State of operation 18523413 : PENDING
07:46:25 INFO  State of operation 18523413 : EXECUTING
07:46:27 INFO  State of operation 18523413 : EXECUTING
07:46:29 INFO  State of operation 18523413 : EXECUTING
07:46:32 INFO  State of operation 18523413 : EXECUTING
07:46:34 INFO  State of operation 18523413 : EXECUTING
07:46:37 INFO  State of operation 18523413 : EXECUTING
07:46:40 INFO  State of operation 18523413 : EXECUTING
07:46:42 INFO  State of operation 18523413 : EXECUTING
07:46:45 INFO  State of operation 18523413 : EXECUTING
07:46:47 INFO  State of operation 18523413 : EXECUTING
07:46:49 INFO  State of operation 18523413 : EXECUTING
07:46:51 INFO  State of operation 18523413 : EXECUTING
07:46:54 INFO  State of operation 18523413 : EXECUTING
07:46:56 INFO  State of operation 18523413 : EXECUTING
07:46:58 INFO  State of operation 18523413 : EXECUTING
07:47:01 INFO  State of operation 18523413 : EXECUTING
07:47:03 INFO  State of operation 18523413 : EXECUTING
07:47:06 INFO  State of operation 18523413 : EXECUTING
07:47:08 INFO  State of operation 18523413 : EXECUTING
07:47:10 INFO  State of operation 18523413 : EXECUTING
07:47:13 INFO  State of operation 18523413 : EXECUTING
07:47:15 INFO  State of operation 18523413 : EXECUTING
07:47:17 INFO  State of operation 18523413 : EXECUTING
07:47:20 INFO  State of operation 18523413 : EXECUTING
07:47:22 INFO  State of operation 18523413 : EXECUTING
07:47:25 INFO  State of operation 18523413 : EXECUTING
07:47:27 INFO  State of operation 18523413 : EXECUTING
07:47:30 INFO  State of operation 18523413 : EXECUTING
07:47:32 INFO  State of operation 18523413 : EXECUTING
07:47:35 INFO  State of operation 18523413 : EXECUTING
07:47:37 INFO  State of operation 18523413 : EXECUTING
07:47:39 INFO  State of operation 18523413 : EXECUTING
07:47:41 INFO  State of operation 18523413 : EXECUTING
07:47:43 INFO  State of operation 18523413 : EXECUTING
07:47:46 INFO  State of operation 18523413 : EXECUTING
07:47:48 INFO  State of operation 18523413 : EXECUTING
07:47:50 INFO  State of operation 18523413 : EXECUTING
07:47:53 INFO  State of operation 18523413 : EXECUTING
07:47:56 INFO  State of operation 18523413 : EXECUTING
07:47:58 INFO  State of operation 18523413 : EXECUTING
07:48:01 INFO  State of operation 18523413 : EXECUTING
07:48:03 INFO  State of operation 18523413 : EXECUTING
07:48:05 INFO  State of operation 18523413 : EXECUTING
07:48:07 INFO  State of operation 18523413 : EXECUTING
07:48:10 INFO  State of operation 18523413 : EXECUTING
07:48:12 INFO  State of operation 18523413 : EXECUTING
07:48:14 INFO  State of operation 18523413 : EXECUTING
07:48:16 INFO  State of operation 18523413 : EXECUTING
07:48:19 INFO  State of operation 18523413 : EXECUTING
07:48:22 INFO  State of operation 18523413 : EXECUTING
07:48:24 INFO  State of operation 18523413 : EXECUTING
07:48:26 INFO  State of operation 18523413 : EXECUTING
07:48:29 INFO  State of operation 18523413 : EXECUTING
07:48:31 INFO  State of operation 18523413 : EXECUTING
07:48:33 INFO  State of operation 18523413 : EXECUTING
07:48:36 INFO  State of operation 18523413 : EXECUTING
07:48:39 INFO  State of operation 18523413 : EXECUTING
07:48:41 INFO  State of operation 18523413 : EXECUTING
07:48:44 INFO  State of operation 18523413 : EXECUTING
07:48:46 INFO  State of operation 18523413 : EXECUTING
07:48:48 WARN  SystemError occurred while running test - Timeout while waiting for status SUCCESSFUL or False
Traceback (most recent call last):
  File &quot;/home/pi/env-pysys/lib/python3.7/site-packages/pysys/baserunner.py&quot;, line 1294, in __call__
    self.testObj.execute()
  File &quot;/home/pi/actions-runner/_work/thin-edge.io/thin-edge.io/tests/PySys/software_management_end_to_end/sm_apt_install_remove_multiple_mixed/run.py&quot;, line 89, in execute
    self.wait_until_succcess()
  File &quot;/home/pi/actions-runner/_work/thin-edge.io/thin-edge.io/tests/PySys/software_management_end_to_end/environment_sm_management.py&quot;, line 324, in wait_until_succcess
    self.wait_until_status(&quot;SUCCESSFUL&quot;)
  File &quot;/home/pi/actions-runner/_work/thin-edge.io/thin-edge.io/tests/PySys/software_management_end_to_end/environment_sm_management.py&quot;, line 381, in wait_until_status
    &quot;Timeout while waiting for status %s or %s&quot; % (status, status2)
SystemError: Timeout while waiting for status SUCCESSFUL or False
07:48:49 WARN  SystemError: Timeout while waiting for status SUCCESSFUL or False ... blocked 
07:48:49 INFO  
07:48:49 INFO  cleanup:
07:48:55 INFO  Executed sudo&lt;tedge_disconnect_c8y&gt;, exit status 0
07:48:55 INFO  Executed systemctl&lt;serv_mapper5&gt;, exit status 3
07:48:55 INFO  
07:48:55 INFO  Test duration: 182.92 secs
07:48:55 INFO  Test final outcome:  BLOCKED
07:48:55 INFO  Test outcome reason: SystemError: Timeout while waiting for status SUCCESSFUL or False
07:48:55 INFO  
</system-out>
	</testcase>
</testsuite>
