<?xml version="1.0" encoding="utf-8"?>
<testsuite name="SoftwareManagement.Plugin.apama_plugin_update" tests="1" failures="0" skipped="1" time="0.02" timestamp="2022-05-10T20:26:36">
	<testcase classname="ApamaPluginUpdateTest" name="SoftwareManagement.Plugin.apama_plugin_update">
		<skipped message="SKIPPED: Test execution disabled due to #1052"/>
		<system-out>20:26:36 INFO  ==============================================================
20:26:36 INFO  Id:    SoftwareManagement.Plugin.apama_plugin_update
20:26:36 INFO  Dir:   plugin_apama/
20:26:36 INFO  Title: Validate apama plugin updating one project with another
20:26:36 INFO  ==============================================================
20:26:36 INFO  Test execution disabled due to #1052 ... skipped
20:26:36 INFO  
20:26:36 INFO  Test duration: 0.02 secs
20:26:36 INFO  Test final outcome:  SKIPPED
20:26:36 INFO  Test outcome reason: Test execution disabled due to #1052
20:26:36 INFO  
</system-out>
	</testcase>
</testsuite>
