<?xml version="1.0" encoding="utf-8"?>
<testsuite name="SoftwareManagement.Plugin.apama_plugin_update" tests="1" failures="1" skipped="0" time="21.99" timestamp="2022-05-03T08:51:40">
	<testcase classname="ApamaPluginUpdateTest" name="SoftwareManagement.Plugin.apama_plugin_update">
		<failure message="BLOCKED: sudo&lt;plugin_install&gt; returned non-zero exit code 2" type="BLOCKED"/>
		<system-out>08:51:18 INFO  ==============================================================
08:51:18 INFO  Id:    SoftwareManagement.Plugin.apama_plugin_update
08:51:18 INFO  Dir:   plugin_apama/
08:51:18 INFO  Title: Validate apama plugin updating one project with another
08:51:18 INFO  ==============================================================
08:51:18 INFO  Assertion that path exists=False for &quot;/etc/tedge/apama/project&quot; ... passed
08:51:19 INFO  Executed sudo&lt;create_project_dir&gt;, exit status 0
08:51:19 INFO  Executed sudo&lt;unzip_apama_project&gt;, exit status 0
08:51:20 INFO  Executed sudo&lt;move_apama_project&gt;, exit status 0
08:51:21 INFO  Executed sudo&lt;restart_apama_service&gt;, exit status 0
08:51:22 INFO  Executed sudo&lt;apama_correlator_wait&gt;, exit status 0
08:51:22 INFO  Assertion that path exists=True for &quot;/etc/tedge/apama/project&quot; ... passed
08:51:22 INFO  Executed sudo&lt;apama_list_monitors&gt;, exit status 0
08:51:22 INFO  Grep on file /home/pi/actions-runner/_work/thin-edge.io/thin-edge.io/tests/PySys/plugin_apama/apama_plugin_update/Output/linux/apama_list_monitors.out ... passed
08:51:23 WARN  Executed sudo&lt;plugin_install&gt;, exit status 2
08:51:23 INFO  Contents of plugin_install.err: 
  ERROR: Directory not empty (os error 39)
  -----

08:51:23 WARN  sudo&lt;plugin_install&gt; returned non-zero exit code 2 ... blocked [run.py:26]
08:51:23 WARN  Aborted test due to BLOCKED outcome
08:51:23 INFO  
08:51:23 INFO  cleanup:
08:51:23 INFO  Removing apama project
08:51:39 INFO  Executed sudo&lt;stop_apama_service&gt;, exit status 0, duration 15 secs
08:51:40 INFO  Executed sudo&lt;remove_apama_project&gt;, exit status 0
08:51:40 INFO  Executed sudo&lt;remove_apama_tmp_dir&gt;, exit status 0
08:51:40 INFO  
08:51:40 INFO  Test duration: 21.99 secs
08:51:40 INFO  Test final outcome:  BLOCKED
08:51:40 INFO  Test outcome reason: sudo&lt;plugin_install&gt; returned non-zero exit code 2
08:51:40 INFO  
</system-out>
	</testcase>
</testsuite>
