<?xml version="1.0" encoding="utf-8"?>
<testsuite name="SoftwareManagement.Plugin.apama_plugin_mon_support" tests="1" failures="1" skipped="0" time="19.99" timestamp="2022-05-09T07:53:33">
	<testcase classname="ApamaPluginMonSupportTest" name="SoftwareManagement.Plugin.apama_plugin_mon_support">
		<failure message="BLOCKED: sudo&lt;apama_correlator_wait&gt; returned non-zero exit code 126" type="BLOCKED"/>
		<system-out>07:53:13 INFO  ==============================================================
07:53:13 INFO  Id:    SoftwareManagement.Plugin.apama_plugin_mon_support
07:53:13 INFO  Dir:   plugin_apama/
07:53:13 INFO  Title: Validate mon file support of apama plugin
07:53:13 INFO  ==============================================================
07:53:13 INFO  Assertion that path exists=False for &quot;/etc/tedge/apama/project&quot; ... passed
07:53:14 INFO  Executed sudo&lt;create_project_dir&gt;, exit status 0
07:53:14 INFO  Executed sudo&lt;unzip_apama_project&gt;, exit status 0
07:53:15 INFO  Executed sudo&lt;move_apama_project&gt;, exit status 0
07:53:16 INFO  Executed sudo&lt;restart_apama_service&gt;, exit status 0
07:53:17 WARN  Executed sudo&lt;apama_correlator_wait&gt;, exit status 126
07:53:17 INFO  Contents of apama_correlator_wait.err: 
  /opt/softwareag/Apama/bin/apama_env: line 142: /opt/softwareag/Apama/bin/component_management: cannot execute binary file: Exec format error
  -----

07:53:17 WARN  sudo&lt;apama_correlator_wait&gt; returned non-zero exit code 126 ... blocked 
07:53:17 WARN  Aborted test due to BLOCKED outcome
07:53:17 INFO  
07:53:17 INFO  cleanup:
07:53:17 INFO  Removing apama project
07:53:32 INFO  Executed sudo&lt;stop_apama_service&gt;, exit status 0, duration 15 secs
07:53:33 INFO  Executed sudo&lt;remove_apama_project&gt;, exit status 0
07:53:33 INFO  Executed sudo&lt;remove_apama_tmp_dir&gt;, exit status 0
07:53:33 INFO  
07:53:33 INFO  Test duration: 19.99 secs
07:53:33 INFO  Test final outcome:  BLOCKED
07:53:33 INFO  Test outcome reason: sudo&lt;apama_correlator_wait&gt; returned non-zero exit code 126
07:53:33 INFO  
</system-out>
	</testcase>
</testsuite>
