<?xml version="1.0" encoding="utf-8"?>
<testsuite name="SoftwareManagement.Plugin.apama_plugin_update" tests="1" failures="0" skipped="1" time="0.02" timestamp="2022-05-11T12:30:04">
	<testcase classname="ApamaPluginUpdateTest" name="SoftwareManagement.Plugin.apama_plugin_update">
		<skipped message="SKIPPED: Test execution disabled due to #1052"/>
		<system-out>12:30:04 INFO  ==============================================================
12:30:04 INFO  Id:    SoftwareManagement.Plugin.apama_plugin_update
12:30:04 INFO  Dir:   plugin_apama/
12:30:04 INFO  Title: Validate apama plugin updating one project with another
12:30:04 INFO  ==============================================================
12:30:04 INFO  Test execution disabled due to #1052 ... skipped
12:30:04 INFO  
12:30:04 INFO  Test duration: 0.02 secs
12:30:04 INFO  Test final outcome:  SKIPPED
12:30:04 INFO  Test outcome reason: Test execution disabled due to #1052
12:30:04 INFO  
</system-out>
	</testcase>
</testsuite>
